[I 2024-02-16 17:32:37,843] Trial 18 finished with value: 0.08435994386672974 and parameters: {'W_layers': 4, 'W_layer_units_exponent_0': 6, 'W_layer_units_exponent_1': 8, 'W_layer_units_exponent_2': 7, 'W_layer_units_exponent_3': 6, 'D_layers': 6, 'D_layer_units_exponent_0': 5, 'D_layer_units_exponent_1': 6, 'D_layer_units_exponent_2': 7, 'D_layer_units_exponent_3': 8, 'D_layer_units_exponent_4': 8, 'D_layer_units_exponent_5': 4, 'D_dagger_layers': 7, 'D_dagger_layer_units_exponent_0': 8, 'D_dagger_layer_units_exponent_1': 8, 'D_dagger_layer_units_exponent_2': 5, 'D_dagger_layer_units_exponent_3': 6, 'D_dagger_layer_units_exponent_4': 5, 'D_dagger_layer_units_exponent_5': 6, 'D_dagger_layer_units_exponent_6': 4, 'log_learning_rate': -3.5187908854689525, 'log_learning_rate_D': -4.962205514118569, 'log_learning_rate_D_dagger': -3.7202712590945404, 'training_batch_size': 6, 'training_p': 8}. Best is trial 10 with value: 0.07346499711275101.
Time for this trial:  898.1950769424438
Memory status after this trial: 
Memory allocated:  804.66943359375
Memory cached:  1026.0
--------------------  Trial  19   --------------------
Start timing: 
Parameters: 
{'W_layers': 7, 'W_layer_units_exponent_0': 8, 'W_layer_units_exponent_1': 5, 'W_layer_units_exponent_2': 7, 'W_layer_units_exponent_3': 6, 'W_layer_units_exponent_4': 4, 'W_layer_units_exponent_5': 6, 'W_layer_units_exponent_6': 10, 'D_layers': 4, 'D_layer_units_exponent_0': 7, 'D_layer_units_exponent_1': 7, 'D_layer_units_exponent_2': 8, 'D_layer_units_exponent_3': 5, 'D_dagger_layers': 4, 'D_dagger_layer_units_exponent_0': 6, 'D_dagger_layer_units_exponent_1': 7, 'D_dagger_layer_units_exponent_2': 9, 'D_dagger_layer_units_exponent_3': 8, 'log_learning_rate': -4.676520419853508, 'log_learning_rate_D': -1.9181536487867152, 'log_learning_rate_D_dagger': -2.4251184537306867, 'training_batch_size': 7, 'training_p': 3}
	 epoch  0 training error:  tensor(1.0782, device='cuda:0', grad_fn=<DivBackward0>)
Memory status after this epoch: 
Memory allocated:  388.3173828125
Memory cached:  1026.0
	 epoch  10 training error:  tensor(0.1319, device='cuda:0', grad_fn=<DivBackward0>)
Memory status after this epoch: 
Memory allocated:  388.3173828125
Memory cached:  1046.0
	 epoch  20 training error:  tensor(0.1250, device='cuda:0', grad_fn=<DivBackward0>)
Memory status after this epoch: 
Memory allocated:  388.3173828125
Memory cached:  1042.0
	 epoch  30 training error:  tensor(0.1074, device='cuda:0', grad_fn=<DivBackward0>)
Memory status after this epoch: 
Memory allocated:  388.3173828125
Memory cached:  1044.0
	 epoch  40 training error:  tensor(0.1035, device='cuda:0', grad_fn=<DivBackward0>)
Memory status after this epoch: 
Memory allocated:  388.3173828125
Memory cached:  1038.0
	 epoch  50 training error:  tensor(0.0997, device='cuda:0', grad_fn=<DivBackward0>)
Memory status after this epoch: 
Memory allocated:  388.3173828125
Memory cached:  1040.0
	 epoch  60 training error:  tensor(0.0958, device='cuda:0', grad_fn=<DivBackward0>)
Memory status after this epoch: 
Memory allocated:  388.3173828125
Memory cached:  1044.0
	 epoch  70 training error:  tensor(0.1024, device='cuda:0', grad_fn=<DivBackward0>)
Memory status after this epoch: 
Memory allocated:  388.3173828125
Memory cached:  1042.0
	 epoch  80 training error:  tensor(0.0999, device='cuda:0', grad_fn=<DivBackward0>)
Memory status after this epoch: 
Memory allocated:  388.3173828125
Memory cached:  1044.0
	 epoch  90 training error:  tensor(0.0967, device='cuda:0', grad_fn=<DivBackward0>)
Memory status after this epoch: 
Memory allocated:  388.3173828125
Memory cached:  1042.0
[I 2024-02-16 17:41:21,514] Trial 19 finished with value: 0.09814147651195526 and parameters: {'W_layers': 7, 'W_layer_units_exponent_0': 8, 'W_layer_units_exponent_1': 5, 'W_layer_units_exponent_2': 7, 'W_layer_units_exponent_3': 6, 'W_layer_units_exponent_4': 4, 'W_layer_units_exponent_5': 6, 'W_layer_units_exponent_6': 10, 'D_layers': 4, 'D_layer_units_exponent_0': 7, 'D_layer_units_exponent_1': 7, 'D_layer_units_exponent_2': 8, 'D_layer_units_exponent_3': 5, 'D_dagger_layers': 4, 'D_dagger_layer_units_exponent_0': 6, 'D_dagger_layer_units_exponent_1': 7, 'D_dagger_layer_units_exponent_2': 9, 'D_dagger_layer_units_exponent_3': 8, 'log_learning_rate': -4.676520419853508, 'log_learning_rate_D': -1.9181536487867152, 'log_learning_rate_D_dagger': -2.4251184537306867, 'training_batch_size': 7, 'training_p': 3}. Best is trial 10 with value: 0.07346499711275101.
Time for this trial:  523.1878938674927
Memory status after this trial: 
Memory allocated:  1004.51904296875
Memory cached:  1040.0
--------------------  Trial  20   --------------------
Start timing: 
Parameters: 
{'W_layers': 7, 'W_layer_units_exponent_0': 9, 'W_layer_units_exponent_1': 9, 'W_layer_units_exponent_2': 10, 'W_layer_units_exponent_3': 8, 'W_layer_units_exponent_4': 10, 'W_layer_units_exponent_5': 7, 'W_layer_units_exponent_6': 9, 'D_layers': 3, 'D_layer_units_exponent_0': 8, 'D_layer_units_exponent_1': 10, 'D_layer_units_exponent_2': 10, 'D_dagger_layers': 5, 'D_dagger_layer_units_exponent_0': 7, 'D_dagger_layer_units_exponent_1': 6, 'D_dagger_layer_units_exponent_2': 5, 'D_dagger_layer_units_exponent_3': 5, 'D_dagger_layer_units_exponent_4': 4, 'log_learning_rate': -4.0107702591637215, 'log_learning_rate_D': -3.427404742175802, 'log_learning_rate_D_dagger': -3.4211418321698908, 'training_batch_size': 9, 'training_p': 6}
	 epoch  0 training error:  tensor(0.9604, device='cuda:0', grad_fn=<DivBackward0>)
Memory status after this epoch: 
Memory allocated:  427.0634765625
Memory cached:  1082.0
	 epoch  10 training error:  tensor(0.5658, device='cuda:0', grad_fn=<DivBackward0>)
Memory status after this epoch: 
Memory allocated:  427.0634765625
Memory cached:  1088.0
	 epoch  20 training error:  tensor(0.3830, device='cuda:0', grad_fn=<DivBackward0>)
Memory status after this epoch: 
Memory allocated:  427.0634765625
Memory cached:  1088.0
	 epoch  30 training error:  tensor(0.2343, device='cuda:0', grad_fn=<DivBackward0>)
Memory status after this epoch: 
Memory allocated:  427.0634765625
Memory cached:  1090.0
	 epoch  40 training error:  tensor(0.2089, device='cuda:0', grad_fn=<DivBackward0>)
Memory status after this epoch: 
Memory allocated:  427.0634765625
Memory cached:  1086.0
	 epoch  50 training error:  tensor(0.1894, device='cuda:0', grad_fn=<DivBackward0>)
Memory status after this epoch: 
Memory allocated:  427.0634765625
Memory cached:  1086.0
	 epoch  60 training error:  tensor(0.1668, device='cuda:0', grad_fn=<DivBackward0>)
Memory status after this epoch: 
Memory allocated:  427.0634765625
Memory cached:  1088.0
	 epoch  70 training error:  tensor(0.1546, device='cuda:0', grad_fn=<DivBackward0>)
Memory status after this epoch: 
Memory allocated:  427.0634765625
Memory cached:  1090.0
	 epoch  80 training error:  tensor(0.1387, device='cuda:0', grad_fn=<DivBackward0>)
Memory status after this epoch: 
Memory allocated:  427.0634765625
Memory cached:  1088.0
	 epoch  90 training error:  tensor(0.1245, device='cuda:0', grad_fn=<DivBackward0>)
Memory status after this epoch: 
Memory allocated:  427.0634765625
Memory cached:  1090.0
[I 2024-02-16 17:45:46,848] Trial 20 finished with value: 0.09117309749126434 and parameters: {'W_layers': 7, 'W_layer_units_exponent_0': 9, 'W_layer_units_exponent_1': 9, 'W_layer_units_exponent_2': 10, 'W_layer_units_exponent_3': 8, 'W_layer_units_exponent_4': 10, 'W_layer_units_exponent_5': 7, 'W_layer_units_exponent_6': 9, 'D_layers': 3, 'D_layer_units_exponent_0': 8, 'D_layer_units_exponent_1': 10, 'D_layer_units_exponent_2': 10, 'D_dagger_layers': 5, 'D_dagger_layer_units_exponent_0': 7, 'D_dagger_layer_units_exponent_1': 6, 'D_dagger_layer_units_exponent_2': 5, 'D_dagger_layer_units_exponent_3': 5, 'D_dagger_layer_units_exponent_4': 4, 'log_learning_rate': -4.0107702591637215, 'log_learning_rate_D': -3.427404742175802, 'log_learning_rate_D_dagger': -3.4211418321698908, 'training_batch_size': 9, 'training_p': 6}. Best is trial 10 with value: 0.07346499711275101.
Time for this trial:  264.87520146369934
Memory status after this trial: 
Memory allocated:  1751.71826171875
Memory cached:  1792.0
--------------------  Trial  21   --------------------
Start timing: 
Parameters: 
{'W_layers': 4, 'W_layer_units_exponent_0': 7, 'W_layer_units_exponent_1': 8, 'W_layer_units_exponent_2': 5, 'W_layer_units_exponent_3': 4, 'D_layers': 6, 'D_layer_units_exponent_0': 5, 'D_layer_units_exponent_1': 8, 'D_layer_units_exponent_2': 6, 'D_layer_units_exponent_3': 7, 'D_layer_units_exponent_4': 7, 'D_layer_units_exponent_5': 7, 'D_dagger_layers': 6, 'D_dagger_layer_units_exponent_0': 5, 'D_dagger_layer_units_exponent_1': 9, 'D_dagger_layer_units_exponent_2': 9, 'D_dagger_layer_units_exponent_3': 7, 'D_dagger_layer_units_exponent_4': 6, 'D_dagger_layer_units_exponent_5': 5, 'log_learning_rate': -4.615307467216468, 'log_learning_rate_D': -2.6785591409171645, 'log_learning_rate_D_dagger': -3.8733332166318695, 'training_batch_size': 8, 'training_p': 4}
	 epoch  0 training error:  tensor(1.0901, device='cuda:0', grad_fn=<DivBackward0>)
Memory status after this epoch: 
Memory allocated:  389.9873046875
Memory cached:  1036.0
	 epoch  10 training error:  tensor(0.2090, device='cuda:0', grad_fn=<DivBackward0>)
Memory status after this epoch: 
Memory allocated:  389.9873046875
Memory cached:  1048.0
	 epoch  20 training error:  tensor(0.1758, device='cuda:0', grad_fn=<DivBackward0>)
Memory status after this epoch: 
Memory allocated:  389.9873046875
Memory cached:  1050.0
	 epoch  30 training error:  tensor(0.1659, device='cuda:0', grad_fn=<DivBackward0>)
Memory status after this epoch: 
Memory allocated:  389.9873046875
Memory cached:  1050.0
	 epoch  40 training error:  tensor(0.1547, device='cuda:0', grad_fn=<DivBackward0>)
Memory status after this epoch: 
Memory allocated:  389.9873046875
Memory cached:  1058.0
	 epoch  50 training error:  tensor(0.1447, device='cuda:0', grad_fn=<DivBackward0>)
Memory status after this epoch: 
Memory allocated:  389.9873046875
Memory cached:  1054.0
	 epoch  60 training error:  tensor(0.1334, device='cuda:0', grad_fn=<DivBackward0>)
Memory status after this epoch: 
Memory allocated:  389.9873046875
Memory cached:  1062.0
	 epoch  70 training error:  tensor(0.1186, device='cuda:0', grad_fn=<DivBackward0>)
Memory status after this epoch: 
Memory allocated:  389.9873046875
Memory cached:  1058.0
	 epoch  80 training error:  tensor(0.1042, device='cuda:0', grad_fn=<DivBackward0>)
Memory status after this epoch: 
Memory allocated:  389.9873046875
Memory cached:  1056.0
	 epoch  90 training error:  tensor(0.1025, device='cuda:0', grad_fn=<DivBackward0>)
Memory status after this epoch: 
Memory allocated:  389.9873046875
Memory cached:  1054.0
[I 2024-02-16 17:52:27,900] Trial 21 finished with value: 0.08652907609939575 and parameters: {'W_layers': 4, 'W_layer_units_exponent_0': 7, 'W_layer_units_exponent_1': 8, 'W_layer_units_exponent_2': 5, 'W_layer_units_exponent_3': 4, 'D_layers': 6, 'D_layer_units_exponent_0': 5, 'D_layer_units_exponent_1': 8, 'D_layer_units_exponent_2': 6, 'D_layer_units_exponent_3': 7, 'D_layer_units_exponent_4': 7, 'D_layer_units_exponent_5': 7, 'D_dagger_layers': 6, 'D_dagger_layer_units_exponent_0': 5, 'D_dagger_layer_units_exponent_1': 9, 'D_dagger_layer_units_exponent_2': 9, 'D_dagger_layer_units_exponent_3': 7, 'D_dagger_layer_units_exponent_4': 6, 'D_dagger_layer_units_exponent_5': 5, 'log_learning_rate': -4.615307467216468, 'log_learning_rate_D': -2.6785591409171645, 'log_learning_rate_D_dagger': -3.8733332166318695, 'training_batch_size': 8, 'training_p': 4}. Best is trial 10 with value: 0.07346499711275101.
Time for this trial:  400.5348024368286
Memory status after this trial: 
Memory allocated:  902.92236328125
Memory cached:  1044.0
--------------------  Trial  22   --------------------
Start timing: 
Parameters: 
{'W_layers': 5, 'W_layer_units_exponent_0': 8, 'W_layer_units_exponent_1': 10, 'W_layer_units_exponent_2': 6, 'W_layer_units_exponent_3': 6, 'W_layer_units_exponent_4': 10, 'D_layers': 4, 'D_layer_units_exponent_0': 9, 'D_layer_units_exponent_1': 9, 'D_layer_units_exponent_2': 4, 'D_layer_units_exponent_3': 4, 'D_dagger_layers': 6, 'D_dagger_layer_units_exponent_0': 6, 'D_dagger_layer_units_exponent_1': 10, 'D_dagger_layer_units_exponent_2': 8, 'D_dagger_layer_units_exponent_3': 7, 'D_dagger_layer_units_exponent_4': 4, 'D_dagger_layer_units_exponent_5': 8, 'log_learning_rate': -4.056819121221581, 'log_learning_rate_D': -4.584010911509146, 'log_learning_rate_D_dagger': -3.211841957270635, 'training_batch_size': 6, 'training_p': 2}
	 epoch  0 training error:  tensor(0.6297, device='cuda:0', grad_fn=<DivBackward0>)
Memory status after this epoch: 
Memory allocated:  398.8974609375
Memory cached:  1050.0
	 epoch  10 training error:  tensor(0.0866, device='cuda:0', grad_fn=<DivBackward0>)
Memory status after this epoch: 
Memory allocated:  398.8974609375
Memory cached:  1068.0
	 epoch  20 training error:  tensor(0.0808, device='cuda:0', grad_fn=<DivBackward0>)
Memory status after this epoch: 
Memory allocated:  398.8974609375
Memory cached:  1082.0
	 epoch  30 training error:  tensor(0.0809, device='cuda:0', grad_fn=<DivBackward0>)
Memory status after this epoch: 
Memory allocated:  398.8974609375
Memory cached:  1094.0
	 epoch  40 training error:  tensor(0.0807, device='cuda:0', grad_fn=<DivBackward0>)
Memory status after this epoch: 
Memory allocated:  398.8974609375
Memory cached:  1094.0
	 epoch  50 training error:  tensor(0.0833, device='cuda:0', grad_fn=<DivBackward0>)
Memory status after this epoch: 
Memory allocated:  398.8974609375
Memory cached:  1096.0
	 epoch  60 training error:  tensor(0.0805, device='cuda:0', grad_fn=<DivBackward0>)
Memory status after this epoch: 
Memory allocated:  398.8974609375
Memory cached:  1094.0
	 epoch  70 training error:  tensor(0.0793, device='cuda:0', grad_fn=<DivBackward0>)
Memory status after this epoch: 
Memory allocated:  398.8974609375
Memory cached:  1094.0
	 epoch  80 training error:  tensor(0.0931, device='cuda:0', grad_fn=<DivBackward0>)
Memory status after this epoch: 
Memory allocated:  398.8974609375
Memory cached:  1090.0
	 epoch  90 training error:  tensor(0.0794, device='cuda:0', grad_fn=<DivBackward0>)
Memory status after this epoch: 
Memory allocated:  398.8974609375
Memory cached:  1098.0
[I 2024-02-16 18:06:29,548] Trial 22 finished with value: 0.08458924293518066 and parameters: {'W_layers': 5, 'W_layer_units_exponent_0': 8, 'W_layer_units_exponent_1': 10, 'W_layer_units_exponent_2': 6, 'W_layer_units_exponent_3': 6, 'W_layer_units_exponent_4': 10, 'D_layers': 4, 'D_layer_units_exponent_0': 9, 'D_layer_units_exponent_1': 9, 'D_layer_units_exponent_2': 4, 'D_layer_units_exponent_3': 4, 'D_dagger_layers': 6, 'D_dagger_layer_units_exponent_0': 6, 'D_dagger_layer_units_exponent_1': 10, 'D_dagger_layer_units_exponent_2': 8, 'D_dagger_layer_units_exponent_3': 7, 'D_dagger_layer_units_exponent_4': 4, 'D_dagger_layer_units_exponent_5': 8, 'log_learning_rate': -4.056819121221581, 'log_learning_rate_D': -4.584010911509146, 'log_learning_rate_D_dagger': -3.211841957270635, 'training_batch_size': 6, 'training_p': 2}. Best is trial 10 with value: 0.07346499711275101.
Time for this trial:  841.1660122871399
Memory status after this trial: 
Memory allocated:  1467.25634765625
Memory cached:  1480.0
--------------------  Trial  23   --------------------
Start timing: 
Parameters: 
{'W_layers': 6, 'W_layer_units_exponent_0': 8, 'W_layer_units_exponent_1': 10, 'W_layer_units_exponent_2': 6, 'W_layer_units_exponent_3': 5, 'W_layer_units_exponent_4': 10, 'W_layer_units_exponent_5': 10, 'D_layers': 5, 'D_layer_units_exponent_0': 8, 'D_layer_units_exponent_1': 9, 'D_layer_units_exponent_2': 5, 'D_layer_units_exponent_3': 4, 'D_layer_units_exponent_4': 10, 'D_dagger_layers': 6, 'D_dagger_layer_units_exponent_0': 7, 'D_dagger_layer_units_exponent_1': 10, 'D_dagger_layer_units_exponent_2': 8, 'D_dagger_layer_units_exponent_3': 7, 'D_dagger_layer_units_exponent_4': 4, 'D_dagger_layer_units_exponent_5': 8, 'log_learning_rate': -3.7946644824555533, 'log_learning_rate_D': -4.478821293739045, 'log_learning_rate_D_dagger': -3.2255718827462743, 'training_batch_size': 6, 'training_p': 2}
	 epoch  0 training error:  tensor(0.5473, device='cuda:0', grad_fn=<DivBackward0>)
Memory status after this epoch: 
Memory allocated:  413.7841796875
Memory cached:  1094.0
	 epoch  10 training error:  tensor(0.0934, device='cuda:0', grad_fn=<DivBackward0>)
Memory status after this epoch: 
Memory allocated:  413.7841796875
Memory cached:  1150.0
	 epoch  20 training error:  tensor(0.0830, device='cuda:0', grad_fn=<DivBackward0>)
Memory status after this epoch: 
Memory allocated:  413.7841796875
Memory cached:  1162.0
	 epoch  30 training error:  tensor(0.0820, device='cuda:0', grad_fn=<DivBackward0>)
Memory status after this epoch: 
Memory allocated:  413.7841796875
Memory cached:  1154.0
	 epoch  40 training error:  tensor(0.0840, device='cuda:0', grad_fn=<DivBackward0>)
Memory status after this epoch: 
Memory allocated:  413.7841796875
Memory cached:  1158.0
	 epoch  50 training error:  tensor(0.0820, device='cuda:0', grad_fn=<DivBackward0>)
Memory status after this epoch: 
Memory allocated:  413.7841796875
Memory cached:  1162.0
	 epoch  60 training error:  tensor(0.0855, device='cuda:0', grad_fn=<DivBackward0>)
Memory status after this epoch: 
Memory allocated:  413.7841796875
Memory cached:  1146.0
	 epoch  70 training error:  tensor(0.0798, device='cuda:0', grad_fn=<DivBackward0>)
Memory status after this epoch: 
Memory allocated:  413.7841796875
Memory cached:  1164.0
	 epoch  80 training error:  tensor(0.0810, device='cuda:0', grad_fn=<DivBackward0>)
Memory status after this epoch: 
Memory allocated:  413.7841796875
Memory cached:  1162.0
	 epoch  90 training error:  tensor(0.0807, device='cuda:0', grad_fn=<DivBackward0>)
Memory status after this epoch: 
Memory allocated:  413.7841796875
Memory cached:  1158.0
[I 2024-02-16 18:22:01,174] Trial 23 finished with value: 0.08035736531019211 and parameters: {'W_layers': 6, 'W_layer_units_exponent_0': 8, 'W_layer_units_exponent_1': 10, 'W_layer_units_exponent_2': 6, 'W_layer_units_exponent_3': 5, 'W_layer_units_exponent_4': 10, 'W_layer_units_exponent_5': 10, 'D_layers': 5, 'D_layer_units_exponent_0': 8, 'D_layer_units_exponent_1': 9, 'D_layer_units_exponent_2': 5, 'D_layer_units_exponent_3': 4, 'D_layer_units_exponent_4': 10, 'D_dagger_layers': 6, 'D_dagger_layer_units_exponent_0': 7, 'D_dagger_layer_units_exponent_1': 10, 'D_dagger_layer_units_exponent_2': 8, 'D_dagger_layer_units_exponent_3': 7, 'D_dagger_layer_units_exponent_4': 4, 'D_dagger_layer_units_exponent_5': 8, 'log_learning_rate': -3.7946644824555533, 'log_learning_rate_D': -4.478821293739045, 'log_learning_rate_D_dagger': -3.2255718827462743, 'training_batch_size': 6, 'training_p': 2}. Best is trial 10 with value: 0.07346499711275101.
Time for this trial:  931.1258947849274
Memory status after this trial: 
Memory allocated:  1835.63720703125
Memory cached:  1860.0
--------------------  Trial  24   --------------------
Start timing: 
Parameters: 
{'W_layers': 6, 'W_layer_units_exponent_0': 9, 'W_layer_units_exponent_1': 9, 'W_layer_units_exponent_2': 6, 'W_layer_units_exponent_3': 5, 'W_layer_units_exponent_4': 8, 'W_layer_units_exponent_5': 10, 'D_layers': 5, 'D_layer_units_exponent_0': 8, 'D_layer_units_exponent_1': 10, 'D_layer_units_exponent_2': 5, 'D_layer_units_exponent_3': 5, 'D_layer_units_exponent_4': 10, 'D_dagger_layers': 7, 'D_dagger_layer_units_exponent_0': 7, 'D_dagger_layer_units_exponent_1': 9, 'D_dagger_layer_units_exponent_2': 7, 'D_dagger_layer_units_exponent_3': 6, 'D_dagger_layer_units_exponent_4': 5, 'D_dagger_layer_units_exponent_5': 8, 'D_dagger_layer_units_exponent_6': 10, 'log_learning_rate': -3.3763618895923573, 'log_learning_rate_D': -4.287924520355484, 'log_learning_rate_D_dagger': -3.7334868822447698, 'training_batch_size': 7, 'training_p': 3}
	 epoch  0 training error:  tensor(0.8543, device='cuda:0', grad_fn=<DivBackward0>)
Memory status after this epoch: 
Memory allocated:  403.0185546875
Memory cached:  1038.0
	 epoch  10 training error:  tensor(0.1585, device='cuda:0', grad_fn=<DivBackward0>)
Memory status after this epoch: 
Memory allocated:  403.0185546875
Memory cached:  1062.0
	 epoch  20 training error:  tensor(0.1163, device='cuda:0', grad_fn=<DivBackward0>)
Memory status after this epoch: 
Memory allocated:  403.0185546875
Memory cached:  1074.0
	 epoch  30 training error:  tensor(0.0977, device='cuda:0', grad_fn=<DivBackward0>)
Memory status after this epoch: 
Memory allocated:  403.0185546875
Memory cached:  1062.0
	 epoch  40 training error:  tensor(0.1010, device='cuda:0', grad_fn=<DivBackward0>)
Memory status after this epoch: 
Memory allocated:  403.0185546875
Memory cached:  1064.0
	 epoch  50 training error:  tensor(0.0936, device='cuda:0', grad_fn=<DivBackward0>)
Memory status after this epoch: 
Memory allocated:  403.0185546875
Memory cached:  1072.0
	 epoch  60 training error:  tensor(0.0960, device='cuda:0', grad_fn=<DivBackward0>)
Memory status after this epoch: 
Memory allocated:  403.0185546875
Memory cached:  1064.0
	 epoch  70 training error:  tensor(0.0943, device='cuda:0', grad_fn=<DivBackward0>)
Memory status after this epoch: 
Memory allocated:  403.0185546875
Memory cached:  1070.0
	 epoch  80 training error:  tensor(0.0935, device='cuda:0', grad_fn=<DivBackward0>)
Memory status after this epoch: 
Memory allocated:  403.0185546875
Memory cached:  1066.0
	 epoch  90 training error:  tensor(0.0947, device='cuda:0', grad_fn=<DivBackward0>)
Memory status after this epoch: 
Memory allocated:  403.0185546875
Memory cached:  1066.0
