[I 2024-01-11 09:51:13,426] Trial 185 finished with value: 0.09395956248044968 and parameters: {'W_layers': 2, 'W_layer_units_exponent_0': 8, 'W_layer_units_exponent_1': 5, 'D_layers': 4, 'D_layer_units_exponent_0': 6, 'D_layer_units_exponent_1': 6, 'D_layer_units_exponent_2': 8, 'D_layer_units_exponent_3': 4, 'D_dagger_layers': 4, 'D_dagger_layer_units_exponent_0': 10, 'D_dagger_layer_units_exponent_1': 6, 'D_dagger_layer_units_exponent_2': 5, 'D_dagger_layer_units_exponent_3': 7, 'log_learning_rate': -3.443314212029057, 'log_learning_rate_D': -2.302429731807811, 'log_learning_rate_D_dagger': -3.2192540174417172, 'training_batch_size': 6, 'training_p': 8}. Best is trial 145 with value: 0.0653865784406662.
Time for this trial:  390.8986887931824
Memory status after this trial: 
Memory allocated:  431.8291015625
Memory cached:  434.0
--------------------  Trial  186   --------------------
Start timing: 
Parameters: 
{'W_layers': 2, 'W_layer_units_exponent_0': 8, 'W_layer_units_exponent_1': 5, 'D_layers': 4, 'D_layer_units_exponent_0': 6, 'D_layer_units_exponent_1': 6, 'D_layer_units_exponent_2': 8, 'D_layer_units_exponent_3': 4, 'D_dagger_layers': 4, 'D_dagger_layer_units_exponent_0': 10, 'D_dagger_layer_units_exponent_1': 6, 'D_dagger_layer_units_exponent_2': 5, 'D_dagger_layer_units_exponent_3': 7, 'log_learning_rate': -3.3219814914538954, 'log_learning_rate_D': -2.593958274661443, 'log_learning_rate_D_dagger': -3.2107661775786496, 'training_batch_size': 6, 'training_p': 8}
	 epoch  0 training error:  tensor(0.9358, device='cuda:0', grad_fn=<DivBackward0>)
Memory status after this epoch: 
Memory allocated:  228.6474609375
Memory cached:  428.0
	 epoch  10 training error:  tensor(0.3823, device='cuda:0', grad_fn=<DivBackward0>)
Memory status after this epoch: 
Memory allocated:  228.6474609375
Memory cached:  428.0
	 epoch  20 training error:  tensor(0.3795, device='cuda:0', grad_fn=<DivBackward0>)
Memory status after this epoch: 
Memory allocated:  228.6474609375
Memory cached:  428.0
	 epoch  30 training error:  tensor(0.3664, device='cuda:0', grad_fn=<DivBackward0>)
Memory status after this epoch: 
Memory allocated:  228.6474609375
Memory cached:  428.0
	 epoch  40 training error:  tensor(0.3604, device='cuda:0', grad_fn=<DivBackward0>)
Memory status after this epoch: 
Memory allocated:  228.6474609375
Memory cached:  428.0
	 epoch  50 training error:  tensor(0.3811, device='cuda:0', grad_fn=<DivBackward0>)
Memory status after this epoch: 
Memory allocated:  228.6474609375
Memory cached:  428.0
	 epoch  60 training error:  tensor(0.2379, device='cuda:0', grad_fn=<DivBackward0>)
Memory status after this epoch: 
Memory allocated:  228.6474609375
Memory cached:  428.0
	 epoch  70 training error:  tensor(0.2147, device='cuda:0', grad_fn=<DivBackward0>)
Memory status after this epoch: 
Memory allocated:  228.6474609375
Memory cached:  428.0
	 epoch  80 training error:  tensor(0.2131, device='cuda:0', grad_fn=<DivBackward0>)
Memory status after this epoch: 
Memory allocated:  228.6474609375
Memory cached:  428.0
	 epoch  90 training error:  tensor(0.2144, device='cuda:0', grad_fn=<DivBackward0>)
Memory status after this epoch: 
Memory allocated:  228.6474609375
Memory cached:  428.0
[I 2024-01-11 09:57:44,754] Trial 186 finished with value: 0.17283345758914948 and parameters: {'W_layers': 2, 'W_layer_units_exponent_0': 8, 'W_layer_units_exponent_1': 5, 'D_layers': 4, 'D_layer_units_exponent_0': 6, 'D_layer_units_exponent_1': 6, 'D_layer_units_exponent_2': 8, 'D_layer_units_exponent_3': 4, 'D_dagger_layers': 4, 'D_dagger_layer_units_exponent_0': 10, 'D_dagger_layer_units_exponent_1': 6, 'D_dagger_layer_units_exponent_2': 5, 'D_dagger_layer_units_exponent_3': 7, 'log_learning_rate': -3.3219814914538954, 'log_learning_rate_D': -2.593958274661443, 'log_learning_rate_D_dagger': -3.2107661775786496, 'training_batch_size': 6, 'training_p': 8}. Best is trial 145 with value: 0.0653865784406662.
Time for this trial:  390.9108581542969
Memory status after this trial: 
Memory allocated:  431.8291015625
Memory cached:  434.0
--------------------  Trial  187   --------------------
Start timing: 
Parameters: 
{'W_layers': 2, 'W_layer_units_exponent_0': 8, 'W_layer_units_exponent_1': 5, 'D_layers': 4, 'D_layer_units_exponent_0': 6, 'D_layer_units_exponent_1': 6, 'D_layer_units_exponent_2': 8, 'D_layer_units_exponent_3': 4, 'D_dagger_layers': 4, 'D_dagger_layer_units_exponent_0': 10, 'D_dagger_layer_units_exponent_1': 6, 'D_dagger_layer_units_exponent_2': 4, 'D_dagger_layer_units_exponent_3': 7, 'log_learning_rate': -3.439045953974888, 'log_learning_rate_D': -2.4573341828034363, 'log_learning_rate_D_dagger': -2.7162803306197385, 'training_batch_size': 6, 'training_p': 7}
	 epoch  0 training error:  tensor(0.8893, device='cuda:0', grad_fn=<DivBackward0>)
Memory status after this epoch: 
Memory allocated:  228.6005859375
Memory cached:  428.0
	 epoch  10 training error:  tensor(0.3814, device='cuda:0', grad_fn=<DivBackward0>)
Memory status after this epoch: 
Memory allocated:  228.6005859375
Memory cached:  428.0
	 epoch  20 training error:  tensor(0.3688, device='cuda:0', grad_fn=<DivBackward0>)
Memory status after this epoch: 
Memory allocated:  228.6005859375
Memory cached:  428.0
	 epoch  30 training error:  tensor(0.3472, device='cuda:0', grad_fn=<DivBackward0>)
Memory status after this epoch: 
Memory allocated:  228.6005859375
Memory cached:  428.0
	 epoch  40 training error:  tensor(0.3561, device='cuda:0', grad_fn=<DivBackward0>)
Memory status after this epoch: 
Memory allocated:  228.6005859375
Memory cached:  428.0
	 epoch  50 training error:  tensor(0.2309, device='cuda:0', grad_fn=<DivBackward0>)
Memory status after this epoch: 
Memory allocated:  228.6005859375
Memory cached:  428.0
	 epoch  60 training error:  tensor(0.3415, device='cuda:0', grad_fn=<DivBackward0>)
Memory status after this epoch: 
Memory allocated:  228.6005859375
Memory cached:  428.0
	 epoch  70 training error:  tensor(0.1566, device='cuda:0', grad_fn=<DivBackward0>)
Memory status after this epoch: 
Memory allocated:  228.6005859375
Memory cached:  428.0
	 epoch  80 training error:  tensor(0.1456, device='cuda:0', grad_fn=<DivBackward0>)
Memory status after this epoch: 
Memory allocated:  228.6005859375
Memory cached:  428.0
	 epoch  90 training error:  tensor(0.1913, device='cuda:0', grad_fn=<DivBackward0>)
Memory status after this epoch: 
Memory allocated:  228.6005859375
Memory cached:  428.0
[I 2024-01-11 10:04:14,956] Trial 187 finished with value: 0.14334355294704437 and parameters: {'W_layers': 2, 'W_layer_units_exponent_0': 8, 'W_layer_units_exponent_1': 5, 'D_layers': 4, 'D_layer_units_exponent_0': 6, 'D_layer_units_exponent_1': 6, 'D_layer_units_exponent_2': 8, 'D_layer_units_exponent_3': 4, 'D_dagger_layers': 4, 'D_dagger_layer_units_exponent_0': 10, 'D_dagger_layer_units_exponent_1': 6, 'D_dagger_layer_units_exponent_2': 4, 'D_dagger_layer_units_exponent_3': 7, 'log_learning_rate': -3.439045953974888, 'log_learning_rate_D': -2.4573341828034363, 'log_learning_rate_D_dagger': -2.7162803306197385, 'training_batch_size': 6, 'training_p': 7}. Best is trial 145 with value: 0.0653865784406662.
Time for this trial:  389.81995272636414
Memory status after this trial: 
Memory allocated:  430.0966796875
Memory cached:  432.0
--------------------  Trial  188   --------------------
Start timing: 
Parameters: 
{'W_layers': 2, 'W_layer_units_exponent_0': 8, 'W_layer_units_exponent_1': 5, 'D_layers': 4, 'D_layer_units_exponent_0': 6, 'D_layer_units_exponent_1': 6, 'D_layer_units_exponent_2': 8, 'D_layer_units_exponent_3': 4, 'D_dagger_layers': 4, 'D_dagger_layer_units_exponent_0': 10, 'D_dagger_layer_units_exponent_1': 6, 'D_dagger_layer_units_exponent_2': 5, 'D_dagger_layer_units_exponent_3': 7, 'log_learning_rate': -3.3970790172897805, 'log_learning_rate_D': -2.712646223743644, 'log_learning_rate_D_dagger': -2.78835870333746, 'training_batch_size': 6, 'training_p': 8}
	 epoch  0 training error:  tensor(0.6733, device='cuda:0', grad_fn=<DivBackward0>)
Memory status after this epoch: 
Memory allocated:  228.6474609375
Memory cached:  428.0
	 epoch  10 training error:  tensor(0.4204, device='cuda:0', grad_fn=<DivBackward0>)
Memory status after this epoch: 
Memory allocated:  228.6474609375
Memory cached:  428.0
	 epoch  20 training error:  tensor(0.3899, device='cuda:0', grad_fn=<DivBackward0>)
Memory status after this epoch: 
Memory allocated:  228.6474609375
Memory cached:  428.0
	 epoch  30 training error:  tensor(0.3860, device='cuda:0', grad_fn=<DivBackward0>)
Memory status after this epoch: 
Memory allocated:  228.6474609375
Memory cached:  430.0
	 epoch  40 training error:  tensor(0.3890, device='cuda:0', grad_fn=<DivBackward0>)
Memory status after this epoch: 
Memory allocated:  228.6474609375
Memory cached:  430.0
	 epoch  50 training error:  tensor(0.2471, device='cuda:0', grad_fn=<DivBackward0>)
Memory status after this epoch: 
Memory allocated:  228.6474609375
Memory cached:  428.0
	 epoch  60 training error:  tensor(0.2517, device='cuda:0', grad_fn=<DivBackward0>)
Memory status after this epoch: 
Memory allocated:  228.6474609375
Memory cached:  428.0
	 epoch  70 training error:  tensor(0.2579, device='cuda:0', grad_fn=<DivBackward0>)
Memory status after this epoch: 
Memory allocated:  228.6474609375
Memory cached:  428.0
	 epoch  80 training error:  tensor(0.2297, device='cuda:0', grad_fn=<DivBackward0>)
Memory status after this epoch: 
Memory allocated:  228.6474609375
Memory cached:  428.0
	 epoch  90 training error:  tensor(0.1826, device='cuda:0', grad_fn=<DivBackward0>)
Memory status after this epoch: 
Memory allocated:  228.6474609375
Memory cached:  430.0
[I 2024-01-11 10:10:46,043] Trial 188 finished with value: 0.1351260244846344 and parameters: {'W_layers': 2, 'W_layer_units_exponent_0': 8, 'W_layer_units_exponent_1': 5, 'D_layers': 4, 'D_layer_units_exponent_0': 6, 'D_layer_units_exponent_1': 6, 'D_layer_units_exponent_2': 8, 'D_layer_units_exponent_3': 4, 'D_dagger_layers': 4, 'D_dagger_layer_units_exponent_0': 10, 'D_dagger_layer_units_exponent_1': 6, 'D_dagger_layer_units_exponent_2': 5, 'D_dagger_layer_units_exponent_3': 7, 'log_learning_rate': -3.3970790172897805, 'log_learning_rate_D': -2.712646223743644, 'log_learning_rate_D_dagger': -2.78835870333746, 'training_batch_size': 6, 'training_p': 8}. Best is trial 145 with value: 0.0653865784406662.
Time for this trial:  390.69965147972107
Memory status after this trial: 
Memory allocated:  431.8291015625
Memory cached:  434.0
--------------------  Trial  189   --------------------
Start timing: 
Parameters: 
{'W_layers': 2, 'W_layer_units_exponent_0': 8, 'W_layer_units_exponent_1': 6, 'D_layers': 4, 'D_layer_units_exponent_0': 6, 'D_layer_units_exponent_1': 6, 'D_layer_units_exponent_2': 8, 'D_layer_units_exponent_3': 4, 'D_dagger_layers': 4, 'D_dagger_layer_units_exponent_0': 10, 'D_dagger_layer_units_exponent_1': 6, 'D_dagger_layer_units_exponent_2': 5, 'D_dagger_layer_units_exponent_3': 6, 'log_learning_rate': -3.5219391119249916, 'log_learning_rate_D': -2.323574385649169, 'log_learning_rate_D_dagger': -2.9782056459525372, 'training_batch_size': 6, 'training_p': 8}
	 epoch  0 training error:  tensor(0.7927, device='cuda:0', grad_fn=<DivBackward0>)
Memory status after this epoch: 
Memory allocated:  228.7412109375
Memory cached:  428.0
	 epoch  10 training error:  tensor(0.3834, device='cuda:0', grad_fn=<DivBackward0>)
Memory status after this epoch: 
Memory allocated:  228.7412109375
Memory cached:  428.0
	 epoch  20 training error:  tensor(0.3896, device='cuda:0', grad_fn=<DivBackward0>)
Memory status after this epoch: 
Memory allocated:  228.7412109375
Memory cached:  428.0
	 epoch  30 training error:  tensor(0.3616, device='cuda:0', grad_fn=<DivBackward0>)
Memory status after this epoch: 
Memory allocated:  228.7412109375
Memory cached:  428.0
	 epoch  40 training error:  tensor(0.3294, device='cuda:0', grad_fn=<DivBackward0>)
Memory status after this epoch: 
Memory allocated:  228.7412109375
Memory cached:  428.0
	 epoch  50 training error:  tensor(0.2336, device='cuda:0', grad_fn=<DivBackward0>)
Memory status after this epoch: 
Memory allocated:  228.7412109375
Memory cached:  428.0
	 epoch  60 training error:  tensor(0.2118, device='cuda:0', grad_fn=<DivBackward0>)
Memory status after this epoch: 
Memory allocated:  228.7412109375
Memory cached:  428.0
	 epoch  70 training error:  tensor(0.1989, device='cuda:0', grad_fn=<DivBackward0>)
Memory status after this epoch: 
Memory allocated:  228.7412109375
Memory cached:  428.0
	 epoch  80 training error:  tensor(0.2203, device='cuda:0', grad_fn=<DivBackward0>)
Memory status after this epoch: 
Memory allocated:  228.7412109375
Memory cached:  428.0
	 epoch  90 training error:  tensor(0.2034, device='cuda:0', grad_fn=<DivBackward0>)
Memory status after this epoch: 
Memory allocated:  228.7412109375
Memory cached:  428.0
[I 2024-01-11 10:17:16,265] Trial 189 finished with value: 0.11861240118741989 and parameters: {'W_layers': 2, 'W_layer_units_exponent_0': 8, 'W_layer_units_exponent_1': 6, 'D_layers': 4, 'D_layer_units_exponent_0': 6, 'D_layer_units_exponent_1': 6, 'D_layer_units_exponent_2': 8, 'D_layer_units_exponent_3': 4, 'D_dagger_layers': 4, 'D_dagger_layer_units_exponent_0': 10, 'D_dagger_layer_units_exponent_1': 6, 'D_dagger_layer_units_exponent_2': 5, 'D_dagger_layer_units_exponent_3': 6, 'log_learning_rate': -3.5219391119249916, 'log_learning_rate_D': -2.323574385649169, 'log_learning_rate_D_dagger': -2.9782056459525372, 'training_batch_size': 6, 'training_p': 8}. Best is trial 145 with value: 0.0653865784406662.
Time for this trial:  389.81763887405396
Memory status after this trial: 
Memory allocated:  428.9462890625
Memory cached:  432.0
--------------------  Trial  190   --------------------
Start timing: 
Parameters: 
{'W_layers': 2, 'W_layer_units_exponent_0': 8, 'W_layer_units_exponent_1': 5, 'D_layers': 5, 'D_layer_units_exponent_0': 6, 'D_layer_units_exponent_1': 6, 'D_layer_units_exponent_2': 8, 'D_layer_units_exponent_3': 4, 'D_layer_units_exponent_4': 10, 'D_dagger_layers': 4, 'D_dagger_layer_units_exponent_0': 10, 'D_dagger_layer_units_exponent_1': 9, 'D_dagger_layer_units_exponent_2': 5, 'D_dagger_layer_units_exponent_3': 7, 'log_learning_rate': -3.304704410413528, 'log_learning_rate_D': -2.6627529826905096, 'log_learning_rate_D_dagger': -3.2851902486031404, 'training_batch_size': 6, 'training_p': 8}
	 epoch  0 training error:  tensor(0.7891, device='cuda:0', grad_fn=<DivBackward0>)
Memory status after this epoch: 
Memory allocated:  236.1513671875
Memory cached:  452.0
	 epoch  10 training error:  tensor(0.4084, device='cuda:0', grad_fn=<DivBackward0>)
Memory status after this epoch: 
Memory allocated:  236.1513671875
Memory cached:  460.0
	 epoch  20 training error:  tensor(0.3738, device='cuda:0', grad_fn=<DivBackward0>)
Memory status after this epoch: 
Memory allocated:  236.1513671875
Memory cached:  454.0
	 epoch  30 training error:  tensor(0.3737, device='cuda:0', grad_fn=<DivBackward0>)
Memory status after this epoch: 
Memory allocated:  236.1513671875
Memory cached:  458.0
	 epoch  40 training error:  tensor(0.2825, device='cuda:0', grad_fn=<DivBackward0>)
Memory status after this epoch: 
Memory allocated:  236.1513671875
Memory cached:  456.0
	 epoch  50 training error:  tensor(0.2241, device='cuda:0', grad_fn=<DivBackward0>)
Memory status after this epoch: 
Memory allocated:  236.1513671875
Memory cached:  458.0
	 epoch  60 training error:  tensor(0.1823, device='cuda:0', grad_fn=<DivBackward0>)
Memory status after this epoch: 
Memory allocated:  236.1513671875
Memory cached:  458.0
	 epoch  70 training error:  tensor(0.1621, device='cuda:0', grad_fn=<DivBackward0>)
Memory status after this epoch: 
Memory allocated:  236.1513671875
Memory cached:  458.0
	 epoch  80 training error:  tensor(0.1298, device='cuda:0', grad_fn=<DivBackward0>)
Memory status after this epoch: 
Memory allocated:  236.1513671875
Memory cached:  458.0
	 epoch  90 training error:  tensor(0.1338, device='cuda:0', grad_fn=<DivBackward0>)
Memory status after this epoch: 
Memory allocated:  236.1513671875
Memory cached:  456.0
[I 2024-01-11 10:24:20,911] Trial 190 finished with value: 0.11070064455270767 and parameters: {'W_layers': 2, 'W_layer_units_exponent_0': 8, 'W_layer_units_exponent_1': 5, 'D_layers': 5, 'D_layer_units_exponent_0': 6, 'D_layer_units_exponent_1': 6, 'D_layer_units_exponent_2': 8, 'D_layer_units_exponent_3': 4, 'D_layer_units_exponent_4': 10, 'D_dagger_layers': 4, 'D_dagger_layer_units_exponent_0': 10, 'D_dagger_layer_units_exponent_1': 9, 'D_dagger_layer_units_exponent_2': 5, 'D_dagger_layer_units_exponent_3': 7, 'log_learning_rate': -3.304704410413528, 'log_learning_rate_D': -2.6627529826905096, 'log_learning_rate_D_dagger': -3.2851902486031404, 'training_batch_size': 6, 'training_p': 8}. Best is trial 145 with value: 0.0653865784406662.
Time for this trial:  424.15337467193604
Memory status after this trial: 
Memory allocated:  576.48681640625
Memory cached:  594.0
--------------------  Trial  191   --------------------
Start timing: 
Parameters: 
{'W_layers': 2, 'W_layer_units_exponent_0': 8, 'W_layer_units_exponent_1': 9, 'D_layers': 4, 'D_layer_units_exponent_0': 6, 'D_layer_units_exponent_1': 6, 'D_layer_units_exponent_2': 8, 'D_layer_units_exponent_3': 4, 'D_dagger_layers': 4, 'D_dagger_layer_units_exponent_0': 10, 'D_dagger_layer_units_exponent_1': 6, 'D_dagger_layer_units_exponent_2': 5, 'D_dagger_layer_units_exponent_3': 7, 'log_learning_rate': -3.710968719327485, 'log_learning_rate_D': -2.276197872043679, 'log_learning_rate_D_dagger': -3.1359887158948365, 'training_batch_size': 6, 'training_p': 8}
	 epoch  0 training error:  tensor(0.9452, device='cuda:0', grad_fn=<DivBackward0>)
Memory status after this epoch: 
Memory allocated:  230.5341796875
Memory cached:  430.0
	 epoch  10 training error:  tensor(0.4044, device='cuda:0', grad_fn=<DivBackward0>)
Memory status after this epoch: 
Memory allocated:  230.5341796875
Memory cached:  430.0
	 epoch  20 training error:  tensor(0.3766, device='cuda:0', grad_fn=<DivBackward0>)
Memory status after this epoch: 
Memory allocated:  230.5341796875
Memory cached:  430.0
	 epoch  30 training error:  tensor(0.3640, device='cuda:0', grad_fn=<DivBackward0>)
Memory status after this epoch: 
Memory allocated:  230.5341796875
Memory cached:  430.0
	 epoch  40 training error:  tensor(0.3523, device='cuda:0', grad_fn=<DivBackward0>)
Memory status after this epoch: 
Memory allocated:  230.5341796875
Memory cached:  430.0
	 epoch  50 training error:  tensor(0.3018, device='cuda:0', grad_fn=<DivBackward0>)
Memory status after this epoch: 
Memory allocated:  230.5341796875
Memory cached:  430.0
	 epoch  60 training error:  tensor(0.2106, device='cuda:0', grad_fn=<DivBackward0>)
Memory status after this epoch: 
Memory allocated:  230.5341796875
Memory cached:  430.0
	 epoch  70 training error:  tensor(0.1950, device='cuda:0', grad_fn=<DivBackward0>)
Memory status after this epoch: 
Memory allocated:  230.5341796875
Memory cached:  430.0
	 epoch  80 training error:  tensor(0.2566, device='cuda:0', grad_fn=<DivBackward0>)
Memory status after this epoch: 
Memory allocated:  230.5341796875
Memory cached:  430.0
	 epoch  90 training error:  tensor(0.2843, device='cuda:0', grad_fn=<DivBackward0>)
Memory status after this epoch: 
Memory allocated:  230.5341796875
Memory cached:  430.0
