[I 2023-12-02 22:53:39,595] Trial 47 finished with value: 0.09229210764169693 and parameters: {'W_layers': 5, 'W_layer_units_exponent_0': 9, 'W_layer_units_exponent_1': 6, 'W_layer_units_exponent_2': 6, 'W_layer_units_exponent_3': 10, 'W_layer_units_exponent_4': 5, 'D_layers': 3, 'D_layer_units_exponent_0': 10, 'D_layer_units_exponent_1': 10, 'D_layer_units_exponent_2': 8, 'log_learning_rate': -2.4889756441235367, 'log_learning_rate_D': -4.571121908231817, 'training_batch_size': 6, 'training_p': 4}. Best is trial 42 with value: 0.06510788202285767.
Time for this trial:  14.183425903320312
Memory status after this trial: 
Memory allocated:  68.80712890625
Memory cached:  96.0
--------------------  Trial  48   --------------------
Start timing: 
Parameters: 
{'W_layers': 8, 'W_layer_units_exponent_0': 10, 'W_layer_units_exponent_1': 5, 'W_layer_units_exponent_2': 7, 'W_layer_units_exponent_3': 9, 'W_layer_units_exponent_4': 4, 'W_layer_units_exponent_5': 7, 'W_layer_units_exponent_6': 8, 'W_layer_units_exponent_7': 7, 'D_layers': 6, 'D_layer_units_exponent_0': 10, 'D_layer_units_exponent_1': 9, 'D_layer_units_exponent_2': 7, 'D_layer_units_exponent_3': 5, 'D_layer_units_exponent_4': 5, 'D_layer_units_exponent_5': 8, 'log_learning_rate': -2.092252438225017, 'log_learning_rate_D': -4.8329032255806785, 'training_batch_size': 8, 'training_p': 2}
	 epoch  0 training error:  tensor(1.0426, device='cuda:0', grad_fn=<DivBackward0>)
Memory status after this epoch: 
Memory allocated:  33.28125
Memory cached:  76.0
	 epoch  10 training error:  tensor(1.6205, device='cuda:0', grad_fn=<DivBackward0>)
Memory status after this epoch: 
Memory allocated:  33.28125
Memory cached:  76.0
	 epoch  20 training error:  tensor(0.7579, device='cuda:0', grad_fn=<DivBackward0>)
Memory status after this epoch: 
Memory allocated:  33.28125
Memory cached:  76.0
	 epoch  30 training error:  tensor(0.3200, device='cuda:0', grad_fn=<DivBackward0>)
Memory status after this epoch: 
Memory allocated:  33.28125
Memory cached:  76.0
	 epoch  40 training error:  tensor(0.4682, device='cuda:0', grad_fn=<DivBackward0>)
Memory status after this epoch: 
Memory allocated:  33.28125
Memory cached:  76.0
	 epoch  50 training error:  tensor(0.1258, device='cuda:0', grad_fn=<DivBackward0>)
Memory status after this epoch: 
Memory allocated:  33.28125
Memory cached:  76.0
	 epoch  60 training error:  tensor(0.1572, device='cuda:0', grad_fn=<DivBackward0>)
Memory status after this epoch: 
Memory allocated:  33.28125
Memory cached:  76.0
	 epoch  70 training error:  tensor(0.1260, device='cuda:0', grad_fn=<DivBackward0>)
Memory status after this epoch: 
Memory allocated:  33.28125
Memory cached:  76.0
	 epoch  80 training error:  tensor(0.1166, device='cuda:0', grad_fn=<DivBackward0>)
Memory status after this epoch: 
Memory allocated:  33.28125
Memory cached:  76.0
	 epoch  90 training error:  tensor(0.1136, device='cuda:0', grad_fn=<DivBackward0>)
Memory status after this epoch: 
Memory allocated:  33.28125
Memory cached:  76.0
[I 2023-12-02 22:53:53,817] Trial 48 finished with value: 0.12901847064495087 and parameters: {'W_layers': 8, 'W_layer_units_exponent_0': 10, 'W_layer_units_exponent_1': 5, 'W_layer_units_exponent_2': 7, 'W_layer_units_exponent_3': 9, 'W_layer_units_exponent_4': 4, 'W_layer_units_exponent_5': 7, 'W_layer_units_exponent_6': 8, 'W_layer_units_exponent_7': 7, 'D_layers': 6, 'D_layer_units_exponent_0': 10, 'D_layer_units_exponent_1': 9, 'D_layer_units_exponent_2': 7, 'D_layer_units_exponent_3': 5, 'D_layer_units_exponent_4': 5, 'D_layer_units_exponent_5': 8, 'log_learning_rate': -2.092252438225017, 'log_learning_rate_D': -4.8329032255806785, 'training_batch_size': 8, 'training_p': 2}. Best is trial 42 with value: 0.06510788202285767.
Time for this trial:  14.010005950927734
Memory status after this trial: 
Memory allocated:  81.41943359375
Memory cached:  102.0
--------------------  Trial  49   --------------------
Start timing: 
Parameters: 
{'W_layers': 7, 'W_layer_units_exponent_0': 8, 'W_layer_units_exponent_1': 8, 'W_layer_units_exponent_2': 6, 'W_layer_units_exponent_3': 7, 'W_layer_units_exponent_4': 5, 'W_layer_units_exponent_5': 6, 'W_layer_units_exponent_6': 6, 'D_layers': 8, 'D_layer_units_exponent_0': 10, 'D_layer_units_exponent_1': 9, 'D_layer_units_exponent_2': 8, 'D_layer_units_exponent_3': 9, 'D_layer_units_exponent_4': 8, 'D_layer_units_exponent_5': 9, 'D_layer_units_exponent_6': 7, 'D_layer_units_exponent_7': 4, 'log_learning_rate': -3.05808293881488, 'log_learning_rate_D': -4.280861258678858, 'training_batch_size': 7, 'training_p': 3}
	 epoch  0 training error:  tensor(1.7322, device='cuda:0', grad_fn=<DivBackward0>)
Memory status after this epoch: 
Memory allocated:  34.01220703125
Memory cached:  76.0
	 epoch  10 training error:  tensor(0.0935, device='cuda:0', grad_fn=<DivBackward0>)
Memory status after this epoch: 
Memory allocated:  34.01220703125
Memory cached:  76.0
	 epoch  20 training error:  tensor(0.1243, device='cuda:0', grad_fn=<DivBackward0>)
Memory status after this epoch: 
Memory allocated:  34.01220703125
Memory cached:  76.0
	 epoch  30 training error:  tensor(0.0879, device='cuda:0', grad_fn=<DivBackward0>)
Memory status after this epoch: 
Memory allocated:  34.01220703125
Memory cached:  76.0
	 epoch  40 training error:  tensor(0.0830, device='cuda:0', grad_fn=<DivBackward0>)
Memory status after this epoch: 
Memory allocated:  34.01220703125
Memory cached:  76.0
	 epoch  50 training error:  tensor(0.0757, device='cuda:0', grad_fn=<DivBackward0>)
Memory status after this epoch: 
Memory allocated:  34.01220703125
Memory cached:  76.0
	 epoch  60 training error:  tensor(0.0742, device='cuda:0', grad_fn=<DivBackward0>)
Memory status after this epoch: 
Memory allocated:  34.01220703125
Memory cached:  76.0
	 epoch  70 training error:  tensor(0.0730, device='cuda:0', grad_fn=<DivBackward0>)
Memory status after this epoch: 
Memory allocated:  34.01220703125
Memory cached:  76.0
	 epoch  80 training error:  tensor(0.0721, device='cuda:0', grad_fn=<DivBackward0>)
Memory status after this epoch: 
Memory allocated:  34.01220703125
Memory cached:  76.0
	 epoch  90 training error:  tensor(0.0712, device='cuda:0', grad_fn=<DivBackward0>)
Memory status after this epoch: 
Memory allocated:  34.01220703125
Memory cached:  76.0
[I 2023-12-02 22:54:06,427] Trial 49 finished with value: 0.06962890923023224 and parameters: {'W_layers': 7, 'W_layer_units_exponent_0': 8, 'W_layer_units_exponent_1': 8, 'W_layer_units_exponent_2': 6, 'W_layer_units_exponent_3': 7, 'W_layer_units_exponent_4': 5, 'W_layer_units_exponent_5': 6, 'W_layer_units_exponent_6': 6, 'D_layers': 8, 'D_layer_units_exponent_0': 10, 'D_layer_units_exponent_1': 9, 'D_layer_units_exponent_2': 8, 'D_layer_units_exponent_3': 9, 'D_layer_units_exponent_4': 8, 'D_layer_units_exponent_5': 9, 'D_layer_units_exponent_6': 7, 'D_layer_units_exponent_7': 4, 'log_learning_rate': -3.05808293881488, 'log_learning_rate_D': -4.280861258678858, 'training_batch_size': 7, 'training_p': 3}. Best is trial 42 with value: 0.06510788202285767.
[I 2023-12-02 22:54:06,428] A new study created in memory with name: no-name-e3133144-1181-48ff-b916-ad975abc3af3
Time for this trial:  12.40198802947998
Memory status after this trial: 
Memory allocated:  49.11376953125
Memory cached:  80.0
--------------------  Trial  0   --------------------
Start timing: 
Parameters: 
{'W_layers': 6, 'W_layer_units_exponent_0': 8, 'W_layer_units_exponent_1': 7, 'W_layer_units_exponent_2': 10, 'W_layer_units_exponent_3': 10, 'W_layer_units_exponent_4': 4, 'W_layer_units_exponent_5': 4, 'D_layers': 3, 'D_layer_units_exponent_0': 5, 'D_layer_units_exponent_1': 9, 'D_layer_units_exponent_2': 8, 'log_learning_rate': -1.4286238115650853, 'log_learning_rate_D': -3.9071345720499195, 'training_batch_size': 10, 'training_p': 4}
	 epoch  0 training error:  tensor(0.5047, device='cuda:0', grad_fn=<DivBackward0>)
Memory status after this epoch: 
Memory allocated:  21.11328125
Memory cached:  26.0
	 epoch  10 training error:  tensor(1.6437, device='cuda:0', grad_fn=<DivBackward0>)
Memory status after this epoch: 
Memory allocated:  21.11328125
Memory cached:  32.0
	 epoch  20 training error:  tensor(0.2844, device='cuda:0', grad_fn=<DivBackward0>)
Memory status after this epoch: 
Memory allocated:  21.11328125
Memory cached:  30.0
	 epoch  30 training error:  tensor(0.2454, device='cuda:0', grad_fn=<DivBackward0>)
Memory status after this epoch: 
Memory allocated:  21.11328125
Memory cached:  30.0
	 epoch  40 training error:  tensor(0.1641, device='cuda:0', grad_fn=<DivBackward0>)
Memory status after this epoch: 
Memory allocated:  21.11328125
Memory cached:  30.0
	 epoch  50 training error:  tensor(0.1540, device='cuda:0', grad_fn=<DivBackward0>)
Memory status after this epoch: 
Memory allocated:  21.11328125
Memory cached:  30.0
	 epoch  60 training error:  tensor(0.1396, device='cuda:0', grad_fn=<DivBackward0>)
Memory status after this epoch: 
Memory allocated:  21.11328125
Memory cached:  30.0
	 epoch  70 training error:  tensor(0.1335, device='cuda:0', grad_fn=<DivBackward0>)
Memory status after this epoch: 
Memory allocated:  21.11328125
Memory cached:  30.0
	 epoch  80 training error:  tensor(0.1317, device='cuda:0', grad_fn=<DivBackward0>)
Memory status after this epoch: 
Memory allocated:  21.11328125
Memory cached:  30.0
	 epoch  90 training error:  tensor(0.1313, device='cuda:0', grad_fn=<DivBackward0>)
Memory status after this epoch: 
Memory allocated:  21.11328125
Memory cached:  30.0
[I 2023-12-02 22:54:55,569] Trial 0 finished with value: 0.13130612671375275 and parameters: {'W_layers': 6, 'W_layer_units_exponent_0': 8, 'W_layer_units_exponent_1': 7, 'W_layer_units_exponent_2': 10, 'W_layer_units_exponent_3': 10, 'W_layer_units_exponent_4': 4, 'W_layer_units_exponent_5': 4, 'D_layers': 3, 'D_layer_units_exponent_0': 5, 'D_layer_units_exponent_1': 9, 'D_layer_units_exponent_2': 8, 'log_learning_rate': -1.4286238115650853, 'log_learning_rate_D': -3.9071345720499195, 'training_batch_size': 10, 'training_p': 4}. Best is trial 0 with value: 0.13130612671375275.
res:  tensor(0.1313, device='cuda:0', grad_fn=<DivBackward0>)
self.bestValue:  10000000.0
Save this model!
Time for this trial:  49.01761293411255
Memory status after this trial: 
Memory allocated:  85.333984375
Memory cached:  98.0
--------------------  Trial  1   --------------------
Start timing: 
Parameters: 
{'W_layers': 6, 'W_layer_units_exponent_0': 9, 'W_layer_units_exponent_1': 8, 'W_layer_units_exponent_2': 7, 'W_layer_units_exponent_3': 6, 'W_layer_units_exponent_4': 8, 'W_layer_units_exponent_5': 4, 'D_layers': 5, 'D_layer_units_exponent_0': 8, 'D_layer_units_exponent_1': 5, 'D_layer_units_exponent_2': 6, 'D_layer_units_exponent_3': 7, 'D_layer_units_exponent_4': 9, 'log_learning_rate': -3.437474430220725, 'log_learning_rate_D': -2.3662995598471968, 'training_batch_size': 9, 'training_p': 4}
	 epoch  0 training error:  tensor(2.0723, device='cuda:0', grad_fn=<DivBackward0>)
Memory status after this epoch: 
Memory allocated:  89.67138671875
Memory cached:  104.0
	 epoch  10 training error:  tensor(0.0768, device='cuda:0', grad_fn=<DivBackward0>)
Memory status after this epoch: 
Memory allocated:  89.67138671875
Memory cached:  106.0
	 epoch  20 training error:  tensor(0.0925, device='cuda:0', grad_fn=<DivBackward0>)
Memory status after this epoch: 
Memory allocated:  89.67138671875
Memory cached:  106.0
	 epoch  30 training error:  tensor(0.0681, device='cuda:0', grad_fn=<DivBackward0>)
Memory status after this epoch: 
Memory allocated:  89.67138671875
Memory cached:  106.0
	 epoch  40 training error:  tensor(0.0608, device='cuda:0', grad_fn=<DivBackward0>)
Memory status after this epoch: 
Memory allocated:  89.67138671875
Memory cached:  106.0
	 epoch  50 training error:  tensor(0.0493, device='cuda:0', grad_fn=<DivBackward0>)
Memory status after this epoch: 
Memory allocated:  89.67138671875
Memory cached:  106.0
	 epoch  60 training error:  tensor(0.0424, device='cuda:0', grad_fn=<DivBackward0>)
Memory status after this epoch: 
Memory allocated:  89.67138671875
Memory cached:  106.0
	 epoch  70 training error:  tensor(0.0447, device='cuda:0', grad_fn=<DivBackward0>)
Memory status after this epoch: 
Memory allocated:  89.67138671875
Memory cached:  106.0
	 epoch  80 training error:  tensor(0.0370, device='cuda:0', grad_fn=<DivBackward0>)
Memory status after this epoch: 
Memory allocated:  89.67138671875
Memory cached:  106.0
	 epoch  90 training error:  tensor(0.0344, device='cuda:0', grad_fn=<DivBackward0>)
Memory status after this epoch: 
Memory allocated:  89.67138671875
Memory cached:  106.0
[I 2023-12-02 22:55:45,681] Trial 1 finished with value: 0.039891041815280914 and parameters: {'W_layers': 6, 'W_layer_units_exponent_0': 9, 'W_layer_units_exponent_1': 8, 'W_layer_units_exponent_2': 7, 'W_layer_units_exponent_3': 6, 'W_layer_units_exponent_4': 8, 'W_layer_units_exponent_5': 4, 'D_layers': 5, 'D_layer_units_exponent_0': 8, 'D_layer_units_exponent_1': 5, 'D_layer_units_exponent_2': 6, 'D_layer_units_exponent_3': 7, 'D_layer_units_exponent_4': 9, 'log_learning_rate': -3.437474430220725, 'log_learning_rate_D': -2.3662995598471968, 'training_batch_size': 9, 'training_p': 4}. Best is trial 1 with value: 0.039891041815280914.
res:  tensor(0.0399, device='cuda:0', grad_fn=<DivBackward0>)
self.bestValue:  tensor(0.1313, device='cuda:0', grad_fn=<DivBackward0>)
Save this model!
Time for this trial:  49.9927077293396
Memory status after this trial: 
Memory allocated:  53.025390625
Memory cached:  130.0
--------------------  Trial  2   --------------------
Start timing: 
Parameters: 
{'W_layers': 5, 'W_layer_units_exponent_0': 5, 'W_layer_units_exponent_1': 10, 'W_layer_units_exponent_2': 9, 'W_layer_units_exponent_3': 9, 'W_layer_units_exponent_4': 5, 'D_layers': 5, 'D_layer_units_exponent_0': 10, 'D_layer_units_exponent_1': 7, 'D_layer_units_exponent_2': 9, 'D_layer_units_exponent_3': 5, 'D_layer_units_exponent_4': 7, 'log_learning_rate': -1.4812767560997546, 'log_learning_rate_D': -1.9885794397304912, 'training_batch_size': 8, 'training_p': 8}
	 epoch  0 training error:  tensor(0.9980, device='cuda:0', grad_fn=<DivBackward0>)
Memory status after this epoch: 
Memory allocated:  69.23974609375
Memory cached:  152.0
	 epoch  10 training error:  tensor(23.4743, device='cuda:0', grad_fn=<DivBackward0>)
Memory status after this epoch: 
Memory allocated:  69.23974609375
Memory cached:  154.0
	 epoch  20 training error:  tensor(14.8692, device='cuda:0', grad_fn=<DivBackward0>)
Memory status after this epoch: 
Memory allocated:  69.23974609375
Memory cached:  154.0
[W 2023-12-02 22:56:00,200] Trial 2 failed with parameters: {'W_layers': 5, 'W_layer_units_exponent_0': 5, 'W_layer_units_exponent_1': 10, 'W_layer_units_exponent_2': 9, 'W_layer_units_exponent_3': 9, 'W_layer_units_exponent_4': 5, 'D_layers': 5, 'D_layer_units_exponent_0': 10, 'D_layer_units_exponent_1': 7, 'D_layer_units_exponent_2': 9, 'D_layer_units_exponent_3': 5, 'D_layer_units_exponent_4': 7, 'log_learning_rate': -1.4812767560997546, 'log_learning_rate_D': -1.9885794397304912, 'training_batch_size': 8, 'training_p': 8} because of the following error: The value nan is not acceptable.
[W 2023-12-02 22:56:00,201] Trial 2 failed with value tensor(nan, device='cuda:0', grad_fn=<DivBackward0>).
Time for this trial:  14.398038387298584
Memory status after this trial: 
Memory allocated:  150.90966796875
Memory cached:  172.0
--------------------  Trial  3   --------------------
Start timing: 
Parameters: 
{'W_layers': 7, 'W_layer_units_exponent_0': 9, 'W_layer_units_exponent_1': 6, 'W_layer_units_exponent_2': 6, 'W_layer_units_exponent_3': 8, 'W_layer_units_exponent_4': 9, 'W_layer_units_exponent_5': 4, 'W_layer_units_exponent_6': 10, 'D_layers': 8, 'D_layer_units_exponent_0': 4, 'D_layer_units_exponent_1': 4, 'D_layer_units_exponent_2': 9, 'D_layer_units_exponent_3': 7, 'D_layer_units_exponent_4': 6, 'D_layer_units_exponent_5': 4, 'D_layer_units_exponent_6': 8, 'D_layer_units_exponent_7': 5, 'log_learning_rate': -4.317878177776137, 'log_learning_rate_D': -2.5165540431660736, 'training_batch_size': 8, 'training_p': 5}
	 epoch  0 training error:  tensor(1.1908, device='cuda:0', grad_fn=<DivBackward0>)
Memory status after this epoch: 
Memory allocated:  57.81201171875
Memory cached:  134.0
	 epoch  10 training error:  tensor(0.2425, device='cuda:0', grad_fn=<DivBackward0>)
Memory status after this epoch: 
Memory allocated:  57.81201171875
Memory cached:  136.0
	 epoch  20 training error:  tensor(0.0963, device='cuda:0', grad_fn=<DivBackward0>)
Memory status after this epoch: 
Memory allocated:  57.81201171875
Memory cached:  136.0
	 epoch  30 training error:  tensor(0.0790, device='cuda:0', grad_fn=<DivBackward0>)
Memory status after this epoch: 
Memory allocated:  57.81201171875
Memory cached:  136.0
	 epoch  40 training error:  tensor(0.0650, device='cuda:0', grad_fn=<DivBackward0>)
Memory status after this epoch: 
Memory allocated:  57.81201171875
Memory cached:  136.0
	 epoch  50 training error:  tensor(0.0634, device='cuda:0', grad_fn=<DivBackward0>)
Memory status after this epoch: 
Memory allocated:  57.81201171875
Memory cached:  136.0
	 epoch  60 training error:  tensor(0.0606, device='cuda:0', grad_fn=<DivBackward0>)
Memory status after this epoch: 
Memory allocated:  57.81201171875
Memory cached:  136.0
	 epoch  70 training error:  tensor(0.0597, device='cuda:0', grad_fn=<DivBackward0>)
Memory status after this epoch: 
Memory allocated:  57.81201171875
Memory cached:  136.0
	 epoch  80 training error:  tensor(0.0586, device='cuda:0', grad_fn=<DivBackward0>)
Memory status after this epoch: 
Memory allocated:  57.81201171875
Memory cached:  136.0
	 epoch  90 training error:  tensor(0.0570, device='cuda:0', grad_fn=<DivBackward0>)
Memory status after this epoch: 
Memory allocated:  57.81201171875
Memory cached:  136.0
[I 2023-12-02 22:57:01,890] Trial 3 finished with value: 0.05049261450767517 and parameters: {'W_layers': 7, 'W_layer_units_exponent_0': 9, 'W_layer_units_exponent_1': 6, 'W_layer_units_exponent_2': 6, 'W_layer_units_exponent_3': 8, 'W_layer_units_exponent_4': 9, 'W_layer_units_exponent_5': 4, 'W_layer_units_exponent_6': 10, 'D_layers': 8, 'D_layer_units_exponent_0': 4, 'D_layer_units_exponent_1': 4, 'D_layer_units_exponent_2': 9, 'D_layer_units_exponent_3': 7, 'D_layer_units_exponent_4': 6, 'D_layer_units_exponent_5': 4, 'D_layer_units_exponent_6': 8, 'D_layer_units_exponent_7': 5, 'log_learning_rate': -4.317878177776137, 'log_learning_rate_D': -2.5165540431660736, 'training_batch_size': 8, 'training_p': 5}. Best is trial 1 with value: 0.039891041815280914.
Time for this trial:  61.55611753463745
Memory status after this trial: 
Memory allocated:  135.412109375
Memory cached:  138.0
--------------------  Trial  4   --------------------
Start timing: 
Parameters: 
{'W_layers': 2, 'W_layer_units_exponent_0': 10, 'W_layer_units_exponent_1': 4, 'D_layers': 7, 'D_layer_units_exponent_0': 8, 'D_layer_units_exponent_1': 4, 'D_layer_units_exponent_2': 5, 'D_layer_units_exponent_3': 4, 'D_layer_units_exponent_4': 6, 'D_layer_units_exponent_5': 6, 'D_layer_units_exponent_6': 8, 'log_learning_rate': -2.249261910241137, 'log_learning_rate_D': -3.0805825864975533, 'training_batch_size': 11, 'training_p': 2}
	 epoch  0 training error:  tensor(0.5539, device='cuda:0', grad_fn=<DivBackward0>)
Memory status after this epoch: 
Memory allocated:  53.81591796875
Memory cached:  134.0
	 epoch  10 training error:  tensor(0.6223, device='cuda:0', grad_fn=<DivBackward0>)
Memory status after this epoch: 
Memory allocated:  53.81591796875
Memory cached:  136.0
	 epoch  20 training error:  tensor(0.4105, device='cuda:0', grad_fn=<DivBackward0>)
Memory status after this epoch: 
Memory allocated:  53.81591796875
Memory cached:  136.0
	 epoch  30 training error:  tensor(0.1515, device='cuda:0', grad_fn=<DivBackward0>)
Memory status after this epoch: 
Memory allocated:  53.81591796875
Memory cached:  136.0
	 epoch  40 training error:  tensor(0.1059, device='cuda:0', grad_fn=<DivBackward0>)
Memory status after this epoch: 
Memory allocated:  53.81591796875
Memory cached:  136.0
	 epoch  50 training error:  tensor(0.0698, device='cuda:0', grad_fn=<DivBackward0>)
Memory status after this epoch: 
Memory allocated:  53.81591796875
Memory cached:  136.0
	 epoch  60 training error:  tensor(0.0531, device='cuda:0', grad_fn=<DivBackward0>)
Memory status after this epoch: 
Memory allocated:  53.81591796875
Memory cached:  136.0
	 epoch  70 training error:  tensor(0.0559, device='cuda:0', grad_fn=<DivBackward0>)
Memory status after this epoch: 
Memory allocated:  53.81591796875
Memory cached:  136.0
	 epoch  80 training error:  tensor(0.0556, device='cuda:0', grad_fn=<DivBackward0>)
Memory status after this epoch: 
Memory allocated:  53.81591796875
Memory cached:  136.0
	 epoch  90 training error:  tensor(0.0472, device='cuda:0', grad_fn=<DivBackward0>)
Memory status after this epoch: 
Memory allocated:  53.81591796875
Memory cached:  136.0
