[I 2023-12-05 01:01:40,971] Trial 39 finished with value: 18.735107421875 and parameters: {'W_layers': 8, 'W_layer_units_exponent_0': 9, 'W_layer_units_exponent_1': 10, 'W_layer_units_exponent_2': 8, 'W_layer_units_exponent_3': 7, 'W_layer_units_exponent_4': 8, 'W_layer_units_exponent_5': 5, 'W_layer_units_exponent_6': 6, 'W_layer_units_exponent_7': 5, 'D_layers': 5, 'D_layer_units_exponent_0': 5, 'D_layer_units_exponent_1': 4, 'D_layer_units_exponent_2': 7, 'D_layer_units_exponent_3': 8, 'D_layer_units_exponent_4': 9, 'log_learning_rate': -2.775515022633741, 'log_learning_rate_D': -1.9124456399687144, 'training_batch_size': 6, 'training_p': 3}. Best is trial 28 with value: 0.04170798510313034.
Time for this trial:  91.57192277908325
Memory status after this trial: 
Memory allocated:  136.10888671875
Memory cached:  170.0
--------------------  Trial  40   --------------------
Start timing: 
Parameters: 
{'W_layers': 5, 'W_layer_units_exponent_0': 5, 'W_layer_units_exponent_1': 7, 'W_layer_units_exponent_2': 9, 'W_layer_units_exponent_3': 5, 'W_layer_units_exponent_4': 6, 'D_layers': 7, 'D_layer_units_exponent_0': 7, 'D_layer_units_exponent_1': 7, 'D_layer_units_exponent_2': 8, 'D_layer_units_exponent_3': 4, 'D_layer_units_exponent_4': 6, 'D_layer_units_exponent_5': 9, 'D_layer_units_exponent_6': 6, 'log_learning_rate': -3.933908203159628, 'log_learning_rate_D': -1.206901352081816, 'training_batch_size': 7, 'training_p': 5}
	 epoch  0 training error:  tensor(1.1579, device='cuda:0', grad_fn=<DivBackward0>)
Memory status after this epoch: 
Memory allocated:  57.1337890625
Memory cached:  150.0
[W 2023-12-05 01:01:43,044] Trial 40 failed with parameters: {'W_layers': 5, 'W_layer_units_exponent_0': 5, 'W_layer_units_exponent_1': 7, 'W_layer_units_exponent_2': 9, 'W_layer_units_exponent_3': 5, 'W_layer_units_exponent_4': 6, 'D_layers': 7, 'D_layer_units_exponent_0': 7, 'D_layer_units_exponent_1': 7, 'D_layer_units_exponent_2': 8, 'D_layer_units_exponent_3': 4, 'D_layer_units_exponent_4': 6, 'D_layer_units_exponent_5': 9, 'D_layer_units_exponent_6': 6, 'log_learning_rate': -3.933908203159628, 'log_learning_rate_D': -1.206901352081816, 'training_batch_size': 7, 'training_p': 5} because of the following error: The value nan is not acceptable.
[W 2023-12-05 01:01:43,045] Trial 40 failed with value tensor(nan, device='cuda:0', grad_fn=<DivBackward0>).
Time for this trial:  1.8683547973632812
Memory status after this trial: 
Memory allocated:  99.7294921875
Memory cached:  150.0
--------------------  Trial  41   --------------------
Start timing: 
Parameters: 
{'W_layers': 5, 'W_layer_units_exponent_0': 5, 'W_layer_units_exponent_1': 7, 'W_layer_units_exponent_2': 9, 'W_layer_units_exponent_3': 5, 'W_layer_units_exponent_4': 6, 'D_layers': 5, 'D_layer_units_exponent_0': 7, 'D_layer_units_exponent_1': 7, 'D_layer_units_exponent_2': 8, 'D_layer_units_exponent_3': 4, 'D_layer_units_exponent_4': 6, 'log_learning_rate': -4.040579586918258, 'log_learning_rate_D': -1.163877719664594, 'training_batch_size': 7, 'training_p': 5}
	 epoch  0 training error:  tensor(1.0345, device='cuda:0', grad_fn=<DivBackward0>)
Memory status after this epoch: 
Memory allocated:  56.1240234375
Memory cached:  150.0
[W 2023-12-05 01:01:46,842] Trial 41 failed with parameters: {'W_layers': 5, 'W_layer_units_exponent_0': 5, 'W_layer_units_exponent_1': 7, 'W_layer_units_exponent_2': 9, 'W_layer_units_exponent_3': 5, 'W_layer_units_exponent_4': 6, 'D_layers': 5, 'D_layer_units_exponent_0': 7, 'D_layer_units_exponent_1': 7, 'D_layer_units_exponent_2': 8, 'D_layer_units_exponent_3': 4, 'D_layer_units_exponent_4': 6, 'log_learning_rate': -4.040579586918258, 'log_learning_rate_D': -1.163877719664594, 'training_batch_size': 7, 'training_p': 5} because of the following error: The value nan is not acceptable.
[W 2023-12-05 01:01:46,843] Trial 41 failed with value tensor(nan, device='cuda:0', grad_fn=<DivBackward0>).
Time for this trial:  3.5908403396606445
Memory status after this trial: 
Memory allocated:  86.1728515625
Memory cached:  150.0
--------------------  Trial  42   --------------------
Start timing: 
Parameters: 
{'W_layers': 5, 'W_layer_units_exponent_0': 5, 'W_layer_units_exponent_1': 7, 'W_layer_units_exponent_2': 9, 'W_layer_units_exponent_3': 5, 'W_layer_units_exponent_4': 6, 'D_layers': 7, 'D_layer_units_exponent_0': 7, 'D_layer_units_exponent_1': 7, 'D_layer_units_exponent_2': 8, 'D_layer_units_exponent_3': 4, 'D_layer_units_exponent_4': 6, 'D_layer_units_exponent_5': 9, 'D_layer_units_exponent_6': 6, 'log_learning_rate': -3.8810480738928805, 'log_learning_rate_D': -1.107279456191557, 'training_batch_size': 7, 'training_p': 5}
	 epoch  0 training error:  tensor(1.2936, device='cuda:0', grad_fn=<DivBackward0>)
Memory status after this epoch: 
Memory allocated:  57.1337890625
Memory cached:  152.0
[W 2023-12-05 01:01:49,455] Trial 42 failed with parameters: {'W_layers': 5, 'W_layer_units_exponent_0': 5, 'W_layer_units_exponent_1': 7, 'W_layer_units_exponent_2': 9, 'W_layer_units_exponent_3': 5, 'W_layer_units_exponent_4': 6, 'D_layers': 7, 'D_layer_units_exponent_0': 7, 'D_layer_units_exponent_1': 7, 'D_layer_units_exponent_2': 8, 'D_layer_units_exponent_3': 4, 'D_layer_units_exponent_4': 6, 'D_layer_units_exponent_5': 9, 'D_layer_units_exponent_6': 6, 'log_learning_rate': -3.8810480738928805, 'log_learning_rate_D': -1.107279456191557, 'training_batch_size': 7, 'training_p': 5} because of the following error: The value nan is not acceptable.
[W 2023-12-05 01:01:49,456] Trial 42 failed with value tensor(nan, device='cuda:0', grad_fn=<DivBackward0>).
Time for this trial:  2.4285597801208496
Memory status after this trial: 
Memory allocated:  99.7294921875
Memory cached:  150.0
--------------------  Trial  43   --------------------
Start timing: 
Parameters: 
{'W_layers': 5, 'W_layer_units_exponent_0': 5, 'W_layer_units_exponent_1': 7, 'W_layer_units_exponent_2': 9, 'W_layer_units_exponent_3': 5, 'W_layer_units_exponent_4': 6, 'D_layers': 7, 'D_layer_units_exponent_0': 7, 'D_layer_units_exponent_1': 7, 'D_layer_units_exponent_2': 8, 'D_layer_units_exponent_3': 4, 'D_layer_units_exponent_4': 6, 'D_layer_units_exponent_5': 9, 'D_layer_units_exponent_6': 6, 'log_learning_rate': -3.802956885420488, 'log_learning_rate_D': -1.2428801403768204, 'training_batch_size': 7, 'training_p': 5}
	 epoch  0 training error:  tensor(0.8923, device='cuda:0', grad_fn=<DivBackward0>)
Memory status after this epoch: 
Memory allocated:  57.1337890625
Memory cached:  152.0
[W 2023-12-05 01:01:51,957] Trial 43 failed with parameters: {'W_layers': 5, 'W_layer_units_exponent_0': 5, 'W_layer_units_exponent_1': 7, 'W_layer_units_exponent_2': 9, 'W_layer_units_exponent_3': 5, 'W_layer_units_exponent_4': 6, 'D_layers': 7, 'D_layer_units_exponent_0': 7, 'D_layer_units_exponent_1': 7, 'D_layer_units_exponent_2': 8, 'D_layer_units_exponent_3': 4, 'D_layer_units_exponent_4': 6, 'D_layer_units_exponent_5': 9, 'D_layer_units_exponent_6': 6, 'log_learning_rate': -3.802956885420488, 'log_learning_rate_D': -1.2428801403768204, 'training_batch_size': 7, 'training_p': 5} because of the following error: The value nan is not acceptable.
[W 2023-12-05 01:01:51,958] Trial 43 failed with value tensor(nan, device='cuda:0', grad_fn=<DivBackward0>).
Time for this trial:  2.297443151473999
Memory status after this trial: 
Memory allocated:  99.7294921875
Memory cached:  150.0
--------------------  Trial  44   --------------------
Start timing: 
Parameters: 
{'W_layers': 5, 'W_layer_units_exponent_0': 5, 'W_layer_units_exponent_1': 7, 'W_layer_units_exponent_2': 9, 'W_layer_units_exponent_3': 5, 'W_layer_units_exponent_4': 6, 'D_layers': 7, 'D_layer_units_exponent_0': 7, 'D_layer_units_exponent_1': 7, 'D_layer_units_exponent_2': 8, 'D_layer_units_exponent_3': 4, 'D_layer_units_exponent_4': 6, 'D_layer_units_exponent_5': 9, 'D_layer_units_exponent_6': 6, 'log_learning_rate': -3.9985231835981887, 'log_learning_rate_D': -1.0165155897074714, 'training_batch_size': 7, 'training_p': 5}
	 epoch  0 training error:  tensor(1.0822, device='cuda:0', grad_fn=<DivBackward0>)
Memory status after this epoch: 
Memory allocated:  57.1337890625
Memory cached:  152.0
[W 2023-12-05 01:01:54,017] Trial 44 failed with parameters: {'W_layers': 5, 'W_layer_units_exponent_0': 5, 'W_layer_units_exponent_1': 7, 'W_layer_units_exponent_2': 9, 'W_layer_units_exponent_3': 5, 'W_layer_units_exponent_4': 6, 'D_layers': 7, 'D_layer_units_exponent_0': 7, 'D_layer_units_exponent_1': 7, 'D_layer_units_exponent_2': 8, 'D_layer_units_exponent_3': 4, 'D_layer_units_exponent_4': 6, 'D_layer_units_exponent_5': 9, 'D_layer_units_exponent_6': 6, 'log_learning_rate': -3.9985231835981887, 'log_learning_rate_D': -1.0165155897074714, 'training_batch_size': 7, 'training_p': 5} because of the following error: The value nan is not acceptable.
[W 2023-12-05 01:01:54,018] Trial 44 failed with value tensor(nan, device='cuda:0', grad_fn=<DivBackward0>).
Time for this trial:  1.8579514026641846
Memory status after this trial: 
Memory allocated:  99.7294921875
Memory cached:  150.0
--------------------  Trial  45   --------------------
Start timing: 
Parameters: 
{'W_layers': 5, 'W_layer_units_exponent_0': 5, 'W_layer_units_exponent_1': 7, 'W_layer_units_exponent_2': 9, 'W_layer_units_exponent_3': 5, 'W_layer_units_exponent_4': 6, 'D_layers': 5, 'D_layer_units_exponent_0': 7, 'D_layer_units_exponent_1': 7, 'D_layer_units_exponent_2': 8, 'D_layer_units_exponent_3': 4, 'D_layer_units_exponent_4': 6, 'log_learning_rate': -3.930876716465529, 'log_learning_rate_D': -1.0503481326231259, 'training_batch_size': 7, 'training_p': 5}
	 epoch  0 training error:  tensor(0.9815, device='cuda:0', grad_fn=<DivBackward0>)
Memory status after this epoch: 
Memory allocated:  56.1240234375
Memory cached:  150.0
[W 2023-12-05 01:01:56,338] Trial 45 failed with parameters: {'W_layers': 5, 'W_layer_units_exponent_0': 5, 'W_layer_units_exponent_1': 7, 'W_layer_units_exponent_2': 9, 'W_layer_units_exponent_3': 5, 'W_layer_units_exponent_4': 6, 'D_layers': 5, 'D_layer_units_exponent_0': 7, 'D_layer_units_exponent_1': 7, 'D_layer_units_exponent_2': 8, 'D_layer_units_exponent_3': 4, 'D_layer_units_exponent_4': 6, 'log_learning_rate': -3.930876716465529, 'log_learning_rate_D': -1.0503481326231259, 'training_batch_size': 7, 'training_p': 5} because of the following error: The value nan is not acceptable.
[W 2023-12-05 01:01:56,339] Trial 45 failed with value tensor(nan, device='cuda:0', grad_fn=<DivBackward0>).
Time for this trial:  2.1298961639404297
Memory status after this trial: 
Memory allocated:  86.1728515625
Memory cached:  150.0
--------------------  Trial  46   --------------------
Start timing: 
Parameters: 
{'W_layers': 5, 'W_layer_units_exponent_0': 5, 'W_layer_units_exponent_1': 7, 'W_layer_units_exponent_2': 9, 'W_layer_units_exponent_3': 5, 'W_layer_units_exponent_4': 6, 'D_layers': 7, 'D_layer_units_exponent_0': 7, 'D_layer_units_exponent_1': 7, 'D_layer_units_exponent_2': 8, 'D_layer_units_exponent_3': 4, 'D_layer_units_exponent_4': 6, 'D_layer_units_exponent_5': 9, 'D_layer_units_exponent_6': 6, 'log_learning_rate': -4.0189013412587595, 'log_learning_rate_D': -1.0743023678336425, 'training_batch_size': 7, 'training_p': 5}
	 epoch  0 training error:  tensor(0.9771, device='cuda:0', grad_fn=<DivBackward0>)
Memory status after this epoch: 
Memory allocated:  57.1337890625
Memory cached:  152.0
[W 2023-12-05 01:01:58,373] Trial 46 failed with parameters: {'W_layers': 5, 'W_layer_units_exponent_0': 5, 'W_layer_units_exponent_1': 7, 'W_layer_units_exponent_2': 9, 'W_layer_units_exponent_3': 5, 'W_layer_units_exponent_4': 6, 'D_layers': 7, 'D_layer_units_exponent_0': 7, 'D_layer_units_exponent_1': 7, 'D_layer_units_exponent_2': 8, 'D_layer_units_exponent_3': 4, 'D_layer_units_exponent_4': 6, 'D_layer_units_exponent_5': 9, 'D_layer_units_exponent_6': 6, 'log_learning_rate': -4.0189013412587595, 'log_learning_rate_D': -1.0743023678336425, 'training_batch_size': 7, 'training_p': 5} because of the following error: The value nan is not acceptable.
[W 2023-12-05 01:01:58,374] Trial 46 failed with value tensor(nan, device='cuda:0', grad_fn=<DivBackward0>).
Time for this trial:  1.841975450515747
Memory status after this trial: 
Memory allocated:  99.7294921875
Memory cached:  150.0
--------------------  Trial  47   --------------------
Start timing: 
Parameters: 
{'W_layers': 5, 'W_layer_units_exponent_0': 5, 'W_layer_units_exponent_1': 7, 'W_layer_units_exponent_2': 9, 'W_layer_units_exponent_3': 5, 'W_layer_units_exponent_4': 6, 'D_layers': 7, 'D_layer_units_exponent_0': 7, 'D_layer_units_exponent_1': 7, 'D_layer_units_exponent_2': 8, 'D_layer_units_exponent_3': 4, 'D_layer_units_exponent_4': 5, 'D_layer_units_exponent_5': 4, 'D_layer_units_exponent_6': 6, 'log_learning_rate': -3.9540163589535244, 'log_learning_rate_D': -1.0429261652712656, 'training_batch_size': 7, 'training_p': 5}
	 epoch  0 training error:  tensor(0.9475, device='cuda:0', grad_fn=<DivBackward0>)
Memory status after this epoch: 
Memory allocated:  56.1435546875
Memory cached:  152.0
[W 2023-12-05 01:02:00,835] Trial 47 failed with parameters: {'W_layers': 5, 'W_layer_units_exponent_0': 5, 'W_layer_units_exponent_1': 7, 'W_layer_units_exponent_2': 9, 'W_layer_units_exponent_3': 5, 'W_layer_units_exponent_4': 6, 'D_layers': 7, 'D_layer_units_exponent_0': 7, 'D_layer_units_exponent_1': 7, 'D_layer_units_exponent_2': 8, 'D_layer_units_exponent_3': 4, 'D_layer_units_exponent_4': 5, 'D_layer_units_exponent_5': 4, 'D_layer_units_exponent_6': 6, 'log_learning_rate': -3.9540163589535244, 'log_learning_rate_D': -1.0429261652712656, 'training_batch_size': 7, 'training_p': 5} because of the following error: The value nan is not acceptable.
[W 2023-12-05 01:02:00,836] Trial 47 failed with value tensor(nan, device='cuda:0', grad_fn=<DivBackward0>).
Time for this trial:  2.2676665782928467
Memory status after this trial: 
Memory allocated:  87.3427734375
Memory cached:  148.0
--------------------  Trial  48   --------------------
Start timing: 
Parameters: 
{'W_layers': 5, 'W_layer_units_exponent_0': 5, 'W_layer_units_exponent_1': 7, 'W_layer_units_exponent_2': 9, 'W_layer_units_exponent_3': 5, 'W_layer_units_exponent_4': 6, 'D_layers': 5, 'D_layer_units_exponent_0': 7, 'D_layer_units_exponent_1': 7, 'D_layer_units_exponent_2': 8, 'D_layer_units_exponent_3': 4, 'D_layer_units_exponent_4': 6, 'log_learning_rate': -3.908143811699386, 'log_learning_rate_D': -1.298833381501024, 'training_batch_size': 7, 'training_p': 5}
	 epoch  0 training error:  tensor(0.9041, device='cuda:0', grad_fn=<DivBackward0>)
Memory status after this epoch: 
Memory allocated:  56.1240234375
Memory cached:  150.0
[W 2023-12-05 01:02:04,208] Trial 48 failed with parameters: {'W_layers': 5, 'W_layer_units_exponent_0': 5, 'W_layer_units_exponent_1': 7, 'W_layer_units_exponent_2': 9, 'W_layer_units_exponent_3': 5, 'W_layer_units_exponent_4': 6, 'D_layers': 5, 'D_layer_units_exponent_0': 7, 'D_layer_units_exponent_1': 7, 'D_layer_units_exponent_2': 8, 'D_layer_units_exponent_3': 4, 'D_layer_units_exponent_4': 6, 'log_learning_rate': -3.908143811699386, 'log_learning_rate_D': -1.298833381501024, 'training_batch_size': 7, 'training_p': 5} because of the following error: The value nan is not acceptable.
[W 2023-12-05 01:02:04,208] Trial 48 failed with value tensor(nan, device='cuda:0', grad_fn=<DivBackward0>).
Time for this trial:  3.1657934188842773
Memory status after this trial: 
Memory allocated:  86.1728515625
Memory cached:  150.0
--------------------  Trial  49   --------------------
Start timing: 
Parameters: 
{'W_layers': 5, 'W_layer_units_exponent_0': 5, 'W_layer_units_exponent_1': 7, 'W_layer_units_exponent_2': 9, 'W_layer_units_exponent_3': 5, 'W_layer_units_exponent_4': 6, 'D_layers': 7, 'D_layer_units_exponent_0': 7, 'D_layer_units_exponent_1': 7, 'D_layer_units_exponent_2': 8, 'D_layer_units_exponent_3': 4, 'D_layer_units_exponent_4': 6, 'D_layer_units_exponent_5': 9, 'D_layer_units_exponent_6': 6, 'log_learning_rate': -3.7927590536007636, 'log_learning_rate_D': -2.911908263721674, 'training_batch_size': 7, 'training_p': 5}
	 epoch  0 training error:  tensor(0.9524, device='cuda:0', grad_fn=<DivBackward0>)
Memory status after this epoch: 
Memory allocated:  57.1337890625
Memory cached:  152.0
	 epoch  10 training error:  tensor(0.7519, device='cuda:0', grad_fn=<DivBackward0>)
Memory status after this epoch: 
Memory allocated:  57.1337890625
Memory cached:  152.0
	 epoch  20 training error:  tensor(0.7025, device='cuda:0', grad_fn=<DivBackward0>)
Memory status after this epoch: 
Memory allocated:  57.1337890625
Memory cached:  152.0
	 epoch  30 training error:  tensor(0.6658, device='cuda:0', grad_fn=<DivBackward0>)
Memory status after this epoch: 
Memory allocated:  57.1337890625
Memory cached:  152.0
	 epoch  40 training error:  tensor(0.6024, device='cuda:0', grad_fn=<DivBackward0>)
Memory status after this epoch: 
Memory allocated:  57.1337890625
Memory cached:  152.0
	 epoch  50 training error:  tensor(0.3857, device='cuda:0', grad_fn=<DivBackward0>)
Memory status after this epoch: 
Memory allocated:  57.1337890625
Memory cached:  152.0
	 epoch  60 training error:  tensor(0.2905, device='cuda:0', grad_fn=<DivBackward0>)
Memory status after this epoch: 
Memory allocated:  57.1337890625
Memory cached:  152.0
	 epoch  70 training error:  tensor(0.1935, device='cuda:0', grad_fn=<DivBackward0>)
Memory status after this epoch: 
Memory allocated:  57.1337890625
Memory cached:  152.0
	 epoch  80 training error:  tensor(0.1428, device='cuda:0', grad_fn=<DivBackward0>)
Memory status after this epoch: 
Memory allocated:  57.1337890625
Memory cached:  152.0
	 epoch  90 training error:  tensor(0.1299, device='cuda:0', grad_fn=<DivBackward0>)
Memory status after this epoch: 
Memory allocated:  57.1337890625
Memory cached:  152.0
[I 2023-12-05 01:02:56,323] Trial 49 finished with value: 0.15052585303783417 and parameters: {'W_layers': 5, 'W_layer_units_exponent_0': 5, 'W_layer_units_exponent_1': 7, 'W_layer_units_exponent_2': 9, 'W_layer_units_exponent_3': 5, 'W_layer_units_exponent_4': 6, 'D_layers': 7, 'D_layer_units_exponent_0': 7, 'D_layer_units_exponent_1': 7, 'D_layer_units_exponent_2': 8, 'D_layer_units_exponent_3': 4, 'D_layer_units_exponent_4': 6, 'D_layer_units_exponent_5': 9, 'D_layer_units_exponent_6': 6, 'log_learning_rate': -3.7927590536007636, 'log_learning_rate_D': -2.911908263721674, 'training_batch_size': 7, 'training_p': 5}. Best is trial 28 with value: 0.04170798510313034.
[I 2023-12-05 01:02:56,350] A new study created in memory with name: no-name-c2bae37b-feeb-4400-a1c6-5446d845ea28
Time for this trial:  51.93526220321655
Memory status after this trial: 
Memory allocated:  99.7294921875
Memory cached:  150.0
--------------------  Trial  0   --------------------
Start timing: 
Parameters: 
{'W_layers': 6, 'W_layer_units_exponent_0': 4, 'W_layer_units_exponent_1': 10, 'W_layer_units_exponent_2': 9, 'W_layer_units_exponent_3': 9, 'W_layer_units_exponent_4': 7, 'W_layer_units_exponent_5': 4, 'D_layers': 5, 'D_layer_units_exponent_0': 6, 'D_layer_units_exponent_1': 9, 'D_layer_units_exponent_2': 7, 'D_layer_units_exponent_3': 5, 'D_layer_units_exponent_4': 6, 'log_learning_rate': -1.8693418501342447, 'log_learning_rate_D': -1.0117917274381036, 'training_batch_size': 12, 'training_p': 8}
/home/shengduo/anaconda3/lib/python3.9/site-packages/torch/nn/init.py:405: UserWarning: Initializing zero-element tensors is a no-op
  warnings.warn("Initializing zero-element tensors is a no-op")
	 epoch  0 training error:  tensor(0.9558, device='cuda:0', grad_fn=<DivBackward0>)
Memory status after this epoch: 
Memory allocated:  13.75830078125
Memory cached:  44.0
	 epoch  10 training error:  tensor(0.8752, device='cuda:0', grad_fn=<DivBackward0>)
Memory status after this epoch: 
Memory allocated:  13.75830078125
Memory cached:  44.0
	 epoch  20 training error:  tensor(0.9711, device='cuda:0', grad_fn=<DivBackward0>)
Memory status after this epoch: 
Memory allocated:  13.75830078125
Memory cached:  44.0
	 epoch  30 training error:  tensor(0.8169, device='cuda:0', grad_fn=<DivBackward0>)
Memory status after this epoch: 
Memory allocated:  13.75830078125
Memory cached:  44.0
	 epoch  40 training error:  tensor(0.8017, device='cuda:0', grad_fn=<DivBackward0>)
Memory status after this epoch: 
Memory allocated:  13.75830078125
Memory cached:  44.0
	 epoch  50 training error:  tensor(0.7961, device='cuda:0', grad_fn=<DivBackward0>)
Memory status after this epoch: 
Memory allocated:  13.75830078125
Memory cached:  44.0
	 epoch  60 training error:  tensor(0.7957, device='cuda:0', grad_fn=<DivBackward0>)
Memory status after this epoch: 
Memory allocated:  13.75830078125
Memory cached:  44.0
	 epoch  70 training error:  tensor(0.7947, device='cuda:0', grad_fn=<DivBackward0>)
Memory status after this epoch: 
Memory allocated:  13.75830078125
Memory cached:  44.0
	 epoch  80 training error:  tensor(0.7944, device='cuda:0', grad_fn=<DivBackward0>)
Memory status after this epoch: 
Memory allocated:  13.75830078125
Memory cached:  44.0
	 epoch  90 training error:  tensor(0.7943, device='cuda:0', grad_fn=<DivBackward0>)
Memory status after this epoch: 
Memory allocated:  13.75830078125
Memory cached:  44.0
