[I 2024-01-03 18:59:46,331] Trial 85 finished with value: 0.08316008001565933 and parameters: {'W_layers': 6, 'W_layer_units_exponent_0': 7, 'W_layer_units_exponent_1': 9, 'W_layer_units_exponent_2': 5, 'W_layer_units_exponent_3': 6, 'W_layer_units_exponent_4': 4, 'W_layer_units_exponent_5': 7, 'D_layers': 2, 'D_layer_units_exponent_0': 10, 'D_layer_units_exponent_1': 5, 'D_dagger_layers': 7, 'D_dagger_layer_units_exponent_0': 5, 'D_dagger_layer_units_exponent_1': 10, 'D_dagger_layer_units_exponent_2': 7, 'D_dagger_layer_units_exponent_3': 9, 'D_dagger_layer_units_exponent_4': 8, 'D_dagger_layer_units_exponent_5': 6, 'D_dagger_layer_units_exponent_6': 10, 'log_learning_rate': -4.158277060131952, 'log_learning_rate_D': -3.2130860188136956, 'log_learning_rate_D_dagger': -3.408976839989523, 'training_batch_size': 10, 'training_p': 5}. Best is trial 79 with value: 0.08162214607000351.
Time for this trial:  206.5561225414276
Memory status after this trial: 
Memory allocated:  474.794921875
Memory cached:  504.0
--------------------  Trial  86   --------------------
Start timing: 
Parameters: 
{'W_layers': 6, 'W_layer_units_exponent_0': 6, 'W_layer_units_exponent_1': 8, 'W_layer_units_exponent_2': 4, 'W_layer_units_exponent_3': 6, 'W_layer_units_exponent_4': 4, 'W_layer_units_exponent_5': 8, 'D_layers': 2, 'D_layer_units_exponent_0': 9, 'D_layer_units_exponent_1': 4, 'D_dagger_layers': 7, 'D_dagger_layer_units_exponent_0': 5, 'D_dagger_layer_units_exponent_1': 10, 'D_dagger_layer_units_exponent_2': 7, 'D_dagger_layer_units_exponent_3': 10, 'D_dagger_layer_units_exponent_4': 9, 'D_dagger_layer_units_exponent_5': 6, 'D_dagger_layer_units_exponent_6': 9, 'log_learning_rate': -4.304916976455043, 'log_learning_rate_D': -3.2201482721655874, 'log_learning_rate_D_dagger': -2.9960447206850094, 'training_batch_size': 9, 'training_p': 4}
	 epoch  0 training error:  tensor(1.0277, device='cuda:0', grad_fn=<DivBackward0>)
Memory status after this epoch: 
Memory allocated:  227.96435546875
Memory cached:  512.0
	 epoch  10 training error:  tensor(0.1832, device='cuda:0', grad_fn=<DivBackward0>)
Memory status after this epoch: 
Memory allocated:  227.96435546875
Memory cached:  560.0
	 epoch  20 training error:  tensor(0.1459, device='cuda:0', grad_fn=<DivBackward0>)
Memory status after this epoch: 
Memory allocated:  227.96435546875
Memory cached:  554.0
	 epoch  30 training error:  tensor(0.1288, device='cuda:0', grad_fn=<DivBackward0>)
Memory status after this epoch: 
Memory allocated:  227.96435546875
Memory cached:  562.0
	 epoch  40 training error:  tensor(0.1828, device='cuda:0', grad_fn=<DivBackward0>)
Memory status after this epoch: 
Memory allocated:  227.96435546875
Memory cached:  558.0
	 epoch  50 training error:  tensor(0.1306, device='cuda:0', grad_fn=<DivBackward0>)
Memory status after this epoch: 
Memory allocated:  227.96435546875
Memory cached:  554.0
	 epoch  60 training error:  tensor(0.1320, device='cuda:0', grad_fn=<DivBackward0>)
Memory status after this epoch: 
Memory allocated:  227.96435546875
Memory cached:  560.0
	 epoch  70 training error:  tensor(0.1122, device='cuda:0', grad_fn=<DivBackward0>)
Memory status after this epoch: 
Memory allocated:  227.96435546875
Memory cached:  552.0
	 epoch  80 training error:  tensor(0.1014, device='cuda:0', grad_fn=<DivBackward0>)
Memory status after this epoch: 
Memory allocated:  227.96435546875
Memory cached:  558.0
	 epoch  90 training error:  tensor(0.1042, device='cuda:0', grad_fn=<DivBackward0>)
Memory status after this epoch: 
Memory allocated:  227.96435546875
Memory cached:  554.0
[I 2024-01-03 19:03:08,805] Trial 86 finished with value: 0.09058348834514618 and parameters: {'W_layers': 6, 'W_layer_units_exponent_0': 6, 'W_layer_units_exponent_1': 8, 'W_layer_units_exponent_2': 4, 'W_layer_units_exponent_3': 6, 'W_layer_units_exponent_4': 4, 'W_layer_units_exponent_5': 8, 'D_layers': 2, 'D_layer_units_exponent_0': 9, 'D_layer_units_exponent_1': 4, 'D_dagger_layers': 7, 'D_dagger_layer_units_exponent_0': 5, 'D_dagger_layer_units_exponent_1': 10, 'D_dagger_layer_units_exponent_2': 7, 'D_dagger_layer_units_exponent_3': 10, 'D_dagger_layer_units_exponent_4': 9, 'D_dagger_layer_units_exponent_5': 6, 'D_dagger_layer_units_exponent_6': 9, 'log_learning_rate': -4.304916976455043, 'log_learning_rate_D': -3.2201482721655874, 'log_learning_rate_D_dagger': -2.9960447206850094, 'training_batch_size': 9, 'training_p': 4}. Best is trial 79 with value: 0.08162214607000351.
Time for this trial:  202.03193163871765
Memory status after this trial: 
Memory allocated:  455.513671875
Memory cached:  532.0
--------------------  Trial  87   --------------------
Start timing: 
Parameters: 
{'W_layers': 4, 'W_layer_units_exponent_0': 7, 'W_layer_units_exponent_1': 8, 'W_layer_units_exponent_2': 5, 'W_layer_units_exponent_3': 6, 'D_layers': 2, 'D_layer_units_exponent_0': 10, 'D_layer_units_exponent_1': 5, 'D_dagger_layers': 8, 'D_dagger_layer_units_exponent_0': 4, 'D_dagger_layer_units_exponent_1': 10, 'D_dagger_layer_units_exponent_2': 7, 'D_dagger_layer_units_exponent_3': 9, 'D_dagger_layer_units_exponent_4': 8, 'D_dagger_layer_units_exponent_5': 6, 'D_dagger_layer_units_exponent_6': 10, 'D_dagger_layer_units_exponent_7': 4, 'log_learning_rate': -3.843322733726925, 'log_learning_rate_D': -3.3440454700089313, 'log_learning_rate_D_dagger': -3.576339394572688, 'training_batch_size': 10, 'training_p': 5}
	 epoch  0 training error:  tensor(0.9924, device='cuda:0', grad_fn=<DivBackward0>)
Memory status after this epoch: 
Memory allocated:  221.86083984375
Memory cached:  498.0
	 epoch  10 training error:  tensor(0.3834, device='cuda:0', grad_fn=<DivBackward0>)
Memory status after this epoch: 
Memory allocated:  221.86083984375
Memory cached:  534.0
	 epoch  20 training error:  tensor(0.2219, device='cuda:0', grad_fn=<DivBackward0>)
Memory status after this epoch: 
Memory allocated:  221.86083984375
Memory cached:  536.0
	 epoch  30 training error:  tensor(0.1707, device='cuda:0', grad_fn=<DivBackward0>)
Memory status after this epoch: 
Memory allocated:  221.86083984375
Memory cached:  524.0
	 epoch  40 training error:  tensor(0.1495, device='cuda:0', grad_fn=<DivBackward0>)
Memory status after this epoch: 
Memory allocated:  221.86083984375
Memory cached:  530.0
	 epoch  50 training error:  tensor(0.1358, device='cuda:0', grad_fn=<DivBackward0>)
Memory status after this epoch: 
Memory allocated:  221.86083984375
Memory cached:  526.0
	 epoch  60 training error:  tensor(0.1180, device='cuda:0', grad_fn=<DivBackward0>)
Memory status after this epoch: 
Memory allocated:  221.86083984375
Memory cached:  544.0
	 epoch  70 training error:  tensor(0.1056, device='cuda:0', grad_fn=<DivBackward0>)
Memory status after this epoch: 
Memory allocated:  221.86083984375
Memory cached:  538.0
	 epoch  80 training error:  tensor(0.0999, device='cuda:0', grad_fn=<DivBackward0>)
Memory status after this epoch: 
Memory allocated:  221.86083984375
Memory cached:  534.0
	 epoch  90 training error:  tensor(0.1032, device='cuda:0', grad_fn=<DivBackward0>)
Memory status after this epoch: 
Memory allocated:  221.86083984375
Memory cached:  532.0
[I 2024-01-03 19:06:25,230] Trial 87 finished with value: 0.07996588945388794 and parameters: {'W_layers': 4, 'W_layer_units_exponent_0': 7, 'W_layer_units_exponent_1': 8, 'W_layer_units_exponent_2': 5, 'W_layer_units_exponent_3': 6, 'D_layers': 2, 'D_layer_units_exponent_0': 10, 'D_layer_units_exponent_1': 5, 'D_dagger_layers': 8, 'D_dagger_layer_units_exponent_0': 4, 'D_dagger_layer_units_exponent_1': 10, 'D_dagger_layer_units_exponent_2': 7, 'D_dagger_layer_units_exponent_3': 9, 'D_dagger_layer_units_exponent_4': 8, 'D_dagger_layer_units_exponent_5': 6, 'D_dagger_layer_units_exponent_6': 10, 'D_dagger_layer_units_exponent_7': 4, 'log_learning_rate': -3.843322733726925, 'log_learning_rate_D': -3.3440454700089313, 'log_learning_rate_D_dagger': -3.576339394572688, 'training_batch_size': 10, 'training_p': 5}. Best is trial 87 with value: 0.07996588945388794.
res:  tensor(0.0800, device='cuda:0', grad_fn=<DivBackward0>)
self.bestValue:  tensor(0.0816, device='cuda:0', grad_fn=<DivBackward0>)
Save this model!
Time for this trial:  196.00178360939026
Memory status after this trial: 
Memory allocated:  247.72216796875
Memory cached:  488.0
--------------------  Trial  88   --------------------
Start timing: 
Parameters: 
{'W_layers': 4, 'W_layer_units_exponent_0': 6, 'W_layer_units_exponent_1': 9, 'W_layer_units_exponent_2': 6, 'W_layer_units_exponent_3': 5, 'D_layers': 2, 'D_layer_units_exponent_0': 10, 'D_layer_units_exponent_1': 5, 'D_dagger_layers': 8, 'D_dagger_layer_units_exponent_0': 4, 'D_dagger_layer_units_exponent_1': 9, 'D_dagger_layer_units_exponent_2': 7, 'D_dagger_layer_units_exponent_3': 9, 'D_dagger_layer_units_exponent_4': 8, 'D_dagger_layer_units_exponent_5': 6, 'D_dagger_layer_units_exponent_6': 10, 'D_dagger_layer_units_exponent_7': 4, 'log_learning_rate': -3.803324091809161, 'log_learning_rate_D': -3.0629205779814095, 'log_learning_rate_D_dagger': -3.4348492517917166, 'training_batch_size': 10, 'training_p': 5}
	 epoch  0 training error:  tensor(0.9438, device='cuda:0', grad_fn=<DivBackward0>)
Memory status after this epoch: 
Memory allocated:  255.05712890625
Memory cached:  482.0
	 epoch  10 training error:  tensor(0.4020, device='cuda:0', grad_fn=<DivBackward0>)
Memory status after this epoch: 
Memory allocated:  255.05712890625
Memory cached:  532.0
	 epoch  20 training error:  tensor(0.2196, device='cuda:0', grad_fn=<DivBackward0>)
Memory status after this epoch: 
Memory allocated:  255.05712890625
Memory cached:  520.0
	 epoch  30 training error:  tensor(0.1720, device='cuda:0', grad_fn=<DivBackward0>)
Memory status after this epoch: 
Memory allocated:  255.05712890625
Memory cached:  530.0
	 epoch  40 training error:  tensor(0.1579, device='cuda:0', grad_fn=<DivBackward0>)
Memory status after this epoch: 
Memory allocated:  255.05712890625
Memory cached:  526.0
	 epoch  50 training error:  tensor(0.1472, device='cuda:0', grad_fn=<DivBackward0>)
Memory status after this epoch: 
Memory allocated:  255.05712890625
Memory cached:  522.0
	 epoch  60 training error:  tensor(0.1387, device='cuda:0', grad_fn=<DivBackward0>)
Memory status after this epoch: 
Memory allocated:  255.05712890625
Memory cached:  522.0
	 epoch  70 training error:  tensor(0.1280, device='cuda:0', grad_fn=<DivBackward0>)
Memory status after this epoch: 
Memory allocated:  255.05712890625
Memory cached:  522.0
	 epoch  80 training error:  tensor(0.1108, device='cuda:0', grad_fn=<DivBackward0>)
Memory status after this epoch: 
Memory allocated:  255.05712890625
Memory cached:  532.0
	 epoch  90 training error:  tensor(0.1091, device='cuda:0', grad_fn=<DivBackward0>)
Memory status after this epoch: 
Memory allocated:  255.05712890625
Memory cached:  528.0
[I 2024-01-03 19:09:40,148] Trial 88 finished with value: 0.08407535403966904 and parameters: {'W_layers': 4, 'W_layer_units_exponent_0': 6, 'W_layer_units_exponent_1': 9, 'W_layer_units_exponent_2': 6, 'W_layer_units_exponent_3': 5, 'D_layers': 2, 'D_layer_units_exponent_0': 10, 'D_layer_units_exponent_1': 5, 'D_dagger_layers': 8, 'D_dagger_layer_units_exponent_0': 4, 'D_dagger_layer_units_exponent_1': 9, 'D_dagger_layer_units_exponent_2': 7, 'D_dagger_layer_units_exponent_3': 9, 'D_dagger_layer_units_exponent_4': 8, 'D_dagger_layer_units_exponent_5': 6, 'D_dagger_layer_units_exponent_6': 10, 'D_dagger_layer_units_exponent_7': 4, 'log_learning_rate': -3.803324091809161, 'log_learning_rate_D': -3.0629205779814095, 'log_learning_rate_D_dagger': -3.4348492517917166, 'training_batch_size': 10, 'training_p': 5}. Best is trial 87 with value: 0.07996588945388794.
Time for this trial:  194.55895519256592
Memory status after this trial: 
Memory allocated:  478.138671875
Memory cached:  494.0
--------------------  Trial  89   --------------------
Start timing: 
Parameters: 
{'W_layers': 4, 'W_layer_units_exponent_0': 6, 'W_layer_units_exponent_1': 9, 'W_layer_units_exponent_2': 6, 'W_layer_units_exponent_3': 5, 'D_layers': 3, 'D_layer_units_exponent_0': 9, 'D_layer_units_exponent_1': 4, 'D_layer_units_exponent_2': 10, 'D_dagger_layers': 8, 'D_dagger_layer_units_exponent_0': 4, 'D_dagger_layer_units_exponent_1': 10, 'D_dagger_layer_units_exponent_2': 7, 'D_dagger_layer_units_exponent_3': 9, 'D_dagger_layer_units_exponent_4': 8, 'D_dagger_layer_units_exponent_5': 6, 'D_dagger_layer_units_exponent_6': 10, 'D_dagger_layer_units_exponent_7': 4, 'log_learning_rate': -3.6565550617621416, 'log_learning_rate_D': -3.007173199676562, 'log_learning_rate_D_dagger': -3.4302183653738587, 'training_batch_size': 10, 'training_p': 5}
	 epoch  0 training error:  tensor(0.8058, device='cuda:0', grad_fn=<DivBackward0>)
Memory status after this epoch: 
Memory allocated:  256.05517578125
Memory cached:  484.0
	 epoch  10 training error:  tensor(0.2490, device='cuda:0', grad_fn=<DivBackward0>)
Memory status after this epoch: 
Memory allocated:  256.05517578125
Memory cached:  528.0
	 epoch  20 training error:  tensor(0.2142, device='cuda:0', grad_fn=<DivBackward0>)
Memory status after this epoch: 
Memory allocated:  256.05517578125
Memory cached:  520.0
	 epoch  30 training error:  tensor(0.1591, device='cuda:0', grad_fn=<DivBackward0>)
Memory status after this epoch: 
Memory allocated:  256.05517578125
Memory cached:  528.0
	 epoch  40 training error:  tensor(0.1405, device='cuda:0', grad_fn=<DivBackward0>)
Memory status after this epoch: 
Memory allocated:  256.05517578125
Memory cached:  530.0
	 epoch  50 training error:  tensor(0.1323, device='cuda:0', grad_fn=<DivBackward0>)
Memory status after this epoch: 
Memory allocated:  256.05517578125
Memory cached:  526.0
	 epoch  60 training error:  tensor(0.1198, device='cuda:0', grad_fn=<DivBackward0>)
Memory status after this epoch: 
Memory allocated:  256.05517578125
Memory cached:  530.0
	 epoch  70 training error:  tensor(0.1142, device='cuda:0', grad_fn=<DivBackward0>)
Memory status after this epoch: 
Memory allocated:  256.05517578125
Memory cached:  528.0
	 epoch  80 training error:  tensor(0.1104, device='cuda:0', grad_fn=<DivBackward0>)
Memory status after this epoch: 
Memory allocated:  256.05517578125
Memory cached:  522.0
	 epoch  90 training error:  tensor(0.1097, device='cuda:0', grad_fn=<DivBackward0>)
Memory status after this epoch: 
Memory allocated:  256.05517578125
Memory cached:  532.0
[I 2024-01-03 19:13:10,395] Trial 89 finished with value: 0.0842331275343895 and parameters: {'W_layers': 4, 'W_layer_units_exponent_0': 6, 'W_layer_units_exponent_1': 9, 'W_layer_units_exponent_2': 6, 'W_layer_units_exponent_3': 5, 'D_layers': 3, 'D_layer_units_exponent_0': 9, 'D_layer_units_exponent_1': 4, 'D_layer_units_exponent_2': 10, 'D_dagger_layers': 8, 'D_dagger_layer_units_exponent_0': 4, 'D_dagger_layer_units_exponent_1': 10, 'D_dagger_layer_units_exponent_2': 7, 'D_dagger_layer_units_exponent_3': 9, 'D_dagger_layer_units_exponent_4': 8, 'D_dagger_layer_units_exponent_5': 6, 'D_dagger_layer_units_exponent_6': 10, 'D_dagger_layer_units_exponent_7': 4, 'log_learning_rate': -3.6565550617621416, 'log_learning_rate_D': -3.007173199676562, 'log_learning_rate_D_dagger': -3.4302183653738587, 'training_batch_size': 10, 'training_p': 5}. Best is trial 87 with value: 0.07996588945388794.
Time for this trial:  209.80497121810913
Memory status after this trial: 
Memory allocated:  524.88232421875
Memory cached:  530.0
--------------------  Trial  90   --------------------
Start timing: 
Parameters: 
{'W_layers': 4, 'W_layer_units_exponent_0': 6, 'W_layer_units_exponent_1': 9, 'W_layer_units_exponent_2': 6, 'W_layer_units_exponent_3': 5, 'D_layers': 2, 'D_layer_units_exponent_0': 9, 'D_layer_units_exponent_1': 4, 'D_dagger_layers': 8, 'D_dagger_layer_units_exponent_0': 4, 'D_dagger_layer_units_exponent_1': 10, 'D_dagger_layer_units_exponent_2': 6, 'D_dagger_layer_units_exponent_3': 9, 'D_dagger_layer_units_exponent_4': 8, 'D_dagger_layer_units_exponent_5': 6, 'D_dagger_layer_units_exponent_6': 10, 'D_dagger_layer_units_exponent_7': 4, 'log_learning_rate': -3.6137303526985467, 'log_learning_rate_D': -2.894135699164838, 'log_learning_rate_D_dagger': -3.430088314142623, 'training_batch_size': 10, 'training_p': 6}
	 epoch  0 training error:  tensor(0.8856, device='cuda:0', grad_fn=<DivBackward0>)
Memory status after this epoch: 
Memory allocated:  254.27587890625
Memory cached:  484.0
	 epoch  10 training error:  tensor(0.3087, device='cuda:0', grad_fn=<DivBackward0>)
Memory status after this epoch: 
Memory allocated:  254.27587890625
Memory cached:  528.0
	 epoch  20 training error:  tensor(0.1906, device='cuda:0', grad_fn=<DivBackward0>)
Memory status after this epoch: 
Memory allocated:  254.27587890625
Memory cached:  524.0
	 epoch  30 training error:  tensor(0.1590, device='cuda:0', grad_fn=<DivBackward0>)
Memory status after this epoch: 
Memory allocated:  254.27587890625
Memory cached:  530.0
	 epoch  40 training error:  tensor(0.1525, device='cuda:0', grad_fn=<DivBackward0>)
Memory status after this epoch: 
Memory allocated:  254.27587890625
Memory cached:  526.0
	 epoch  50 training error:  tensor(0.1392, device='cuda:0', grad_fn=<DivBackward0>)
Memory status after this epoch: 
Memory allocated:  254.27587890625
Memory cached:  526.0
	 epoch  60 training error:  tensor(0.1293, device='cuda:0', grad_fn=<DivBackward0>)
Memory status after this epoch: 
Memory allocated:  254.27587890625
Memory cached:  524.0
	 epoch  70 training error:  tensor(0.1195, device='cuda:0', grad_fn=<DivBackward0>)
Memory status after this epoch: 
Memory allocated:  254.27587890625
Memory cached:  526.0
	 epoch  80 training error:  tensor(0.1167, device='cuda:0', grad_fn=<DivBackward0>)
Memory status after this epoch: 
Memory allocated:  254.27587890625
Memory cached:  516.0
	 epoch  90 training error:  tensor(0.1013, device='cuda:0', grad_fn=<DivBackward0>)
Memory status after this epoch: 
Memory allocated:  254.27587890625
Memory cached:  524.0
[I 2024-01-03 19:16:26,179] Trial 90 finished with value: 0.07920932024717331 and parameters: {'W_layers': 4, 'W_layer_units_exponent_0': 6, 'W_layer_units_exponent_1': 9, 'W_layer_units_exponent_2': 6, 'W_layer_units_exponent_3': 5, 'D_layers': 2, 'D_layer_units_exponent_0': 9, 'D_layer_units_exponent_1': 4, 'D_dagger_layers': 8, 'D_dagger_layer_units_exponent_0': 4, 'D_dagger_layer_units_exponent_1': 10, 'D_dagger_layer_units_exponent_2': 6, 'D_dagger_layer_units_exponent_3': 9, 'D_dagger_layer_units_exponent_4': 8, 'D_dagger_layer_units_exponent_5': 6, 'D_dagger_layer_units_exponent_6': 10, 'D_dagger_layer_units_exponent_7': 4, 'log_learning_rate': -3.6137303526985467, 'log_learning_rate_D': -2.894135699164838, 'log_learning_rate_D_dagger': -3.430088314142623, 'training_batch_size': 10, 'training_p': 6}. Best is trial 90 with value: 0.07920932024717331.
res:  tensor(0.0792, device='cuda:0', grad_fn=<DivBackward0>)
self.bestValue:  tensor(0.0800, device='cuda:0', grad_fn=<DivBackward0>)
Save this model!
Time for this trial:  195.3722279071808
Memory status after this trial: 
Memory allocated:  226.38427734375
Memory cached:  490.0
--------------------  Trial  91   --------------------
Start timing: 
Parameters: 
{'W_layers': 4, 'W_layer_units_exponent_0': 6, 'W_layer_units_exponent_1': 9, 'W_layer_units_exponent_2': 6, 'W_layer_units_exponent_3': 5, 'D_layers': 2, 'D_layer_units_exponent_0': 9, 'D_layer_units_exponent_1': 4, 'D_dagger_layers': 8, 'D_dagger_layer_units_exponent_0': 4, 'D_dagger_layer_units_exponent_1': 9, 'D_dagger_layer_units_exponent_2': 6, 'D_dagger_layer_units_exponent_3': 9, 'D_dagger_layer_units_exponent_4': 8, 'D_dagger_layer_units_exponent_5': 6, 'D_dagger_layer_units_exponent_6': 10, 'D_dagger_layer_units_exponent_7': 4, 'log_learning_rate': -3.434262937574795, 'log_learning_rate_D': -3.139433815852741, 'log_learning_rate_D_dagger': -3.694270439441535, 'training_batch_size': 10, 'training_p': 6}
	 epoch  0 training error:  tensor(0.9726, device='cuda:0', grad_fn=<DivBackward0>)
Memory status after this epoch: 
Memory allocated:  232.30517578125
Memory cached:  484.0
	 epoch  10 training error:  tensor(0.6247, device='cuda:0', grad_fn=<DivBackward0>)
Memory status after this epoch: 
Memory allocated:  232.30517578125
Memory cached:  546.0
	 epoch  20 training error:  tensor(0.1960, device='cuda:0', grad_fn=<DivBackward0>)
Memory status after this epoch: 
Memory allocated:  232.30517578125
Memory cached:  542.0
	 epoch  30 training error:  tensor(0.1648, device='cuda:0', grad_fn=<DivBackward0>)
Memory status after this epoch: 
Memory allocated:  232.30517578125
Memory cached:  544.0
	 epoch  40 training error:  tensor(0.1516, device='cuda:0', grad_fn=<DivBackward0>)
Memory status after this epoch: 
Memory allocated:  232.30517578125
Memory cached:  552.0
	 epoch  50 training error:  tensor(0.1422, device='cuda:0', grad_fn=<DivBackward0>)
Memory status after this epoch: 
Memory allocated:  232.30517578125
Memory cached:  548.0
	 epoch  60 training error:  tensor(0.1300, device='cuda:0', grad_fn=<DivBackward0>)
Memory status after this epoch: 
Memory allocated:  232.30517578125
Memory cached:  562.0
	 epoch  70 training error:  tensor(0.1172, device='cuda:0', grad_fn=<DivBackward0>)
Memory status after this epoch: 
Memory allocated:  232.30517578125
Memory cached:  540.0
	 epoch  80 training error:  tensor(0.1074, device='cuda:0', grad_fn=<DivBackward0>)
Memory status after this epoch: 
Memory allocated:  232.30517578125
Memory cached:  544.0
	 epoch  90 training error:  tensor(0.1069, device='cuda:0', grad_fn=<DivBackward0>)
Memory status after this epoch: 
Memory allocated:  232.30517578125
Memory cached:  544.0
