[I 2023-12-05 02:28:19,792] Trial 80 finished with value: 0.5114699602127075 and parameters: {'W_layers': 7, 'W_layer_units_exponent_0': 8, 'W_layer_units_exponent_1': 5, 'W_layer_units_exponent_2': 6, 'W_layer_units_exponent_3': 8, 'W_layer_units_exponent_4': 9, 'W_layer_units_exponent_5': 7, 'W_layer_units_exponent_6': 8, 'D_layers': 2, 'D_layer_units_exponent_0': 9, 'D_layer_units_exponent_1': 4, 'log_learning_rate': -3.321425104740886, 'log_learning_rate_D': -1.6967714326699792, 'training_batch_size': 6, 'training_p': 2}. Best is trial 36 with value: 0.5074478983879089.
Time for this trial:  16.02159333229065
Memory status after this trial: 
Memory allocated:  75.62255859375
Memory cached:  84.0
--------------------  Trial  81   --------------------
Start timing: 
Parameters: 
{'W_layers': 6, 'W_layer_units_exponent_0': 9, 'W_layer_units_exponent_1': 5, 'W_layer_units_exponent_2': 7, 'W_layer_units_exponent_3': 10, 'W_layer_units_exponent_4': 6, 'W_layer_units_exponent_5': 8, 'D_layers': 5, 'D_layer_units_exponent_0': 10, 'D_layer_units_exponent_1': 9, 'D_layer_units_exponent_2': 10, 'D_layer_units_exponent_3': 6, 'D_layer_units_exponent_4': 4, 'log_learning_rate': -2.486242358142994, 'log_learning_rate_D': -2.074883616563585, 'training_batch_size': 7, 'training_p': 2}
	 epoch  0 training error:  tensor(0.9707, device='cuda:0', grad_fn=<DivBackward0>)
Memory status after this epoch: 
Memory allocated:  46.54345703125
Memory cached:  84.0
	 epoch  10 training error:  tensor(0.7453, device='cuda:0', grad_fn=<DivBackward0>)
Memory status after this epoch: 
Memory allocated:  46.54345703125
Memory cached:  84.0
	 epoch  20 training error:  tensor(0.7072, device='cuda:0', grad_fn=<DivBackward0>)
Memory status after this epoch: 
Memory allocated:  46.54345703125
Memory cached:  84.0
	 epoch  30 training error:  tensor(0.5994, device='cuda:0', grad_fn=<DivBackward0>)
Memory status after this epoch: 
Memory allocated:  46.54345703125
Memory cached:  84.0
	 epoch  40 training error:  tensor(0.5862, device='cuda:0', grad_fn=<DivBackward0>)
Memory status after this epoch: 
Memory allocated:  46.54345703125
Memory cached:  84.0
	 epoch  50 training error:  tensor(0.5740, device='cuda:0', grad_fn=<DivBackward0>)
Memory status after this epoch: 
Memory allocated:  46.54345703125
Memory cached:  84.0
	 epoch  60 training error:  tensor(0.5710, device='cuda:0', grad_fn=<DivBackward0>)
Memory status after this epoch: 
Memory allocated:  46.54345703125
Memory cached:  84.0
	 epoch  70 training error:  tensor(0.5686, device='cuda:0', grad_fn=<DivBackward0>)
Memory status after this epoch: 
Memory allocated:  46.54345703125
Memory cached:  84.0
	 epoch  80 training error:  tensor(0.5683, device='cuda:0', grad_fn=<DivBackward0>)
Memory status after this epoch: 
Memory allocated:  46.54345703125
Memory cached:  84.0
	 epoch  90 training error:  tensor(0.5682, device='cuda:0', grad_fn=<DivBackward0>)
Memory status after this epoch: 
Memory allocated:  46.54345703125
Memory cached:  84.0
[I 2023-12-05 02:28:34,871] Trial 81 finished with value: 0.5108283758163452 and parameters: {'W_layers': 6, 'W_layer_units_exponent_0': 9, 'W_layer_units_exponent_1': 5, 'W_layer_units_exponent_2': 7, 'W_layer_units_exponent_3': 10, 'W_layer_units_exponent_4': 6, 'W_layer_units_exponent_5': 8, 'D_layers': 5, 'D_layer_units_exponent_0': 10, 'D_layer_units_exponent_1': 9, 'D_layer_units_exponent_2': 10, 'D_layer_units_exponent_3': 6, 'D_layer_units_exponent_4': 4, 'log_learning_rate': -2.486242358142994, 'log_learning_rate_D': -2.074883616563585, 'training_batch_size': 7, 'training_p': 2}. Best is trial 36 with value: 0.5074478983879089.
Time for this trial:  14.892461776733398
Memory status after this trial: 
Memory allocated:  87.13037109375
Memory cached:  104.0
--------------------  Trial  82   --------------------
Start timing: 
Parameters: 
{'W_layers': 6, 'W_layer_units_exponent_0': 9, 'W_layer_units_exponent_1': 5, 'W_layer_units_exponent_2': 7, 'W_layer_units_exponent_3': 10, 'W_layer_units_exponent_4': 7, 'W_layer_units_exponent_5': 8, 'D_layers': 5, 'D_layer_units_exponent_0': 10, 'D_layer_units_exponent_1': 9, 'D_layer_units_exponent_2': 10, 'D_layer_units_exponent_3': 6, 'D_layer_units_exponent_4': 4, 'log_learning_rate': -2.5726865897270974, 'log_learning_rate_D': -2.4150451557339165, 'training_batch_size': 7, 'training_p': 2}
	 epoch  0 training error:  tensor(0.9674, device='cuda:0', grad_fn=<DivBackward0>)
Memory status after this epoch: 
Memory allocated:  47.79345703125
Memory cached:  84.0
	 epoch  10 training error:  tensor(0.7177, device='cuda:0', grad_fn=<DivBackward0>)
Memory status after this epoch: 
Memory allocated:  47.79345703125
Memory cached:  84.0
	 epoch  20 training error:  tensor(0.6104, device='cuda:0', grad_fn=<DivBackward0>)
Memory status after this epoch: 
Memory allocated:  47.79345703125
Memory cached:  84.0
	 epoch  30 training error:  tensor(0.5754, device='cuda:0', grad_fn=<DivBackward0>)
Memory status after this epoch: 
Memory allocated:  47.79345703125
Memory cached:  84.0
	 epoch  40 training error:  tensor(0.5762, device='cuda:0', grad_fn=<DivBackward0>)
Memory status after this epoch: 
Memory allocated:  47.79345703125
Memory cached:  84.0
	 epoch  50 training error:  tensor(0.5697, device='cuda:0', grad_fn=<DivBackward0>)
Memory status after this epoch: 
Memory allocated:  47.79345703125
Memory cached:  84.0
	 epoch  60 training error:  tensor(0.5689, device='cuda:0', grad_fn=<DivBackward0>)
Memory status after this epoch: 
Memory allocated:  47.79345703125
Memory cached:  84.0
	 epoch  70 training error:  tensor(0.5683, device='cuda:0', grad_fn=<DivBackward0>)
Memory status after this epoch: 
Memory allocated:  47.79345703125
Memory cached:  84.0
	 epoch  80 training error:  tensor(0.5682, device='cuda:0', grad_fn=<DivBackward0>)
Memory status after this epoch: 
Memory allocated:  47.79345703125
Memory cached:  84.0
	 epoch  90 training error:  tensor(0.5682, device='cuda:0', grad_fn=<DivBackward0>)
Memory status after this epoch: 
Memory allocated:  47.79345703125
Memory cached:  84.0
[I 2023-12-05 02:28:50,007] Trial 82 finished with value: 0.5106990933418274 and parameters: {'W_layers': 6, 'W_layer_units_exponent_0': 9, 'W_layer_units_exponent_1': 5, 'W_layer_units_exponent_2': 7, 'W_layer_units_exponent_3': 10, 'W_layer_units_exponent_4': 7, 'W_layer_units_exponent_5': 8, 'D_layers': 5, 'D_layer_units_exponent_0': 10, 'D_layer_units_exponent_1': 9, 'D_layer_units_exponent_2': 10, 'D_layer_units_exponent_3': 6, 'D_layer_units_exponent_4': 4, 'log_learning_rate': -2.5726865897270974, 'log_learning_rate_D': -2.4150451557339165, 'training_batch_size': 7, 'training_p': 2}. Best is trial 36 with value: 0.5074478983879089.
Time for this trial:  14.9464750289917
Memory status after this trial: 
Memory allocated:  89.22021484375
Memory cached:  104.0
--------------------  Trial  83   --------------------
Start timing: 
Parameters: 
{'W_layers': 6, 'W_layer_units_exponent_0': 10, 'W_layer_units_exponent_1': 5, 'W_layer_units_exponent_2': 8, 'W_layer_units_exponent_3': 10, 'W_layer_units_exponent_4': 6, 'W_layer_units_exponent_5': 8, 'D_layers': 5, 'D_layer_units_exponent_0': 10, 'D_layer_units_exponent_1': 9, 'D_layer_units_exponent_2': 10, 'D_layer_units_exponent_3': 6, 'D_layer_units_exponent_4': 4, 'log_learning_rate': -2.6930631783940506, 'log_learning_rate_D': -2.548795134704401, 'training_batch_size': 7, 'training_p': 2}
	 epoch  0 training error:  tensor(1.0348, device='cuda:0', grad_fn=<DivBackward0>)
Memory status after this epoch: 
Memory allocated:  48.88134765625
Memory cached:  84.0
	 epoch  10 training error:  tensor(0.8439, device='cuda:0', grad_fn=<DivBackward0>)
Memory status after this epoch: 
Memory allocated:  48.88134765625
Memory cached:  84.0
	 epoch  20 training error:  tensor(0.6596, device='cuda:0', grad_fn=<DivBackward0>)
Memory status after this epoch: 
Memory allocated:  48.88134765625
Memory cached:  84.0
	 epoch  30 training error:  tensor(0.5758, device='cuda:0', grad_fn=<DivBackward0>)
Memory status after this epoch: 
Memory allocated:  48.88134765625
Memory cached:  84.0
	 epoch  40 training error:  tensor(0.5944, device='cuda:0', grad_fn=<DivBackward0>)
Memory status after this epoch: 
Memory allocated:  48.88134765625
Memory cached:  84.0
	 epoch  50 training error:  tensor(0.5736, device='cuda:0', grad_fn=<DivBackward0>)
Memory status after this epoch: 
Memory allocated:  48.88134765625
Memory cached:  84.0
	 epoch  60 training error:  tensor(0.5691, device='cuda:0', grad_fn=<DivBackward0>)
Memory status after this epoch: 
Memory allocated:  48.88134765625
Memory cached:  84.0
	 epoch  70 training error:  tensor(0.5690, device='cuda:0', grad_fn=<DivBackward0>)
Memory status after this epoch: 
Memory allocated:  48.88134765625
Memory cached:  84.0
	 epoch  80 training error:  tensor(0.5684, device='cuda:0', grad_fn=<DivBackward0>)
Memory status after this epoch: 
Memory allocated:  48.88134765625
Memory cached:  84.0
	 epoch  90 training error:  tensor(0.5682, device='cuda:0', grad_fn=<DivBackward0>)
Memory status after this epoch: 
Memory allocated:  48.88134765625
Memory cached:  84.0
[I 2023-12-05 02:29:05,336] Trial 83 finished with value: 0.5104088187217712 and parameters: {'W_layers': 6, 'W_layer_units_exponent_0': 10, 'W_layer_units_exponent_1': 5, 'W_layer_units_exponent_2': 8, 'W_layer_units_exponent_3': 10, 'W_layer_units_exponent_4': 6, 'W_layer_units_exponent_5': 8, 'D_layers': 5, 'D_layer_units_exponent_0': 10, 'D_layer_units_exponent_1': 9, 'D_layer_units_exponent_2': 10, 'D_layer_units_exponent_3': 6, 'D_layer_units_exponent_4': 4, 'log_learning_rate': -2.6930631783940506, 'log_learning_rate_D': -2.548795134704401, 'training_batch_size': 7, 'training_p': 2}. Best is trial 36 with value: 0.5074478983879089.
Time for this trial:  15.12891674041748
Memory status after this trial: 
Memory allocated:  103.41650390625
Memory cached:  124.0
--------------------  Trial  84   --------------------
Start timing: 
Parameters: 
{'W_layers': 7, 'W_layer_units_exponent_0': 9, 'W_layer_units_exponent_1': 4, 'W_layer_units_exponent_2': 6, 'W_layer_units_exponent_3': 10, 'W_layer_units_exponent_4': 6, 'W_layer_units_exponent_5': 8, 'W_layer_units_exponent_6': 6, 'D_layers': 4, 'D_layer_units_exponent_0': 10, 'D_layer_units_exponent_1': 8, 'D_layer_units_exponent_2': 10, 'D_layer_units_exponent_3': 9, 'log_learning_rate': -2.5436173936717585, 'log_learning_rate_D': -2.8197763647130363, 'training_batch_size': 8, 'training_p': 2}
	 epoch  0 training error:  tensor(0.9577, device='cuda:0', grad_fn=<DivBackward0>)
Memory status after this epoch: 
Memory allocated:  45.36767578125
Memory cached:  84.0
	 epoch  10 training error:  tensor(0.7216, device='cuda:0', grad_fn=<DivBackward0>)
Memory status after this epoch: 
Memory allocated:  45.36767578125
Memory cached:  84.0
	 epoch  20 training error:  tensor(0.6150, device='cuda:0', grad_fn=<DivBackward0>)
Memory status after this epoch: 
Memory allocated:  45.36767578125
Memory cached:  84.0
	 epoch  30 training error:  tensor(0.6095, device='cuda:0', grad_fn=<DivBackward0>)
Memory status after this epoch: 
Memory allocated:  45.36767578125
Memory cached:  84.0
	 epoch  40 training error:  tensor(0.5729, device='cuda:0', grad_fn=<DivBackward0>)
Memory status after this epoch: 
Memory allocated:  45.36767578125
Memory cached:  84.0
	 epoch  50 training error:  tensor(0.5703, device='cuda:0', grad_fn=<DivBackward0>)
Memory status after this epoch: 
Memory allocated:  45.36767578125
Memory cached:  84.0
	 epoch  60 training error:  tensor(0.5690, device='cuda:0', grad_fn=<DivBackward0>)
Memory status after this epoch: 
Memory allocated:  45.36767578125
Memory cached:  84.0
	 epoch  70 training error:  tensor(0.5683, device='cuda:0', grad_fn=<DivBackward0>)
Memory status after this epoch: 
Memory allocated:  45.36767578125
Memory cached:  84.0
	 epoch  80 training error:  tensor(0.5683, device='cuda:0', grad_fn=<DivBackward0>)
Memory status after this epoch: 
Memory allocated:  45.36767578125
Memory cached:  84.0
	 epoch  90 training error:  tensor(0.5682, device='cuda:0', grad_fn=<DivBackward0>)
Memory status after this epoch: 
Memory allocated:  45.36767578125
Memory cached:  84.0
[I 2023-12-05 02:29:20,609] Trial 84 finished with value: 0.5106945037841797 and parameters: {'W_layers': 7, 'W_layer_units_exponent_0': 9, 'W_layer_units_exponent_1': 4, 'W_layer_units_exponent_2': 6, 'W_layer_units_exponent_3': 10, 'W_layer_units_exponent_4': 6, 'W_layer_units_exponent_5': 8, 'W_layer_units_exponent_6': 6, 'D_layers': 4, 'D_layer_units_exponent_0': 10, 'D_layer_units_exponent_1': 8, 'D_layer_units_exponent_2': 10, 'D_layer_units_exponent_3': 9, 'log_learning_rate': -2.5436173936717585, 'log_learning_rate_D': -2.8197763647130363, 'training_batch_size': 8, 'training_p': 2}. Best is trial 36 with value: 0.5074478983879089.
Time for this trial:  15.07535719871521
Memory status after this trial: 
Memory allocated:  86.35009765625
Memory cached:  104.0
--------------------  Trial  85   --------------------
Start timing: 
Parameters: 
{'W_layers': 5, 'W_layer_units_exponent_0': 9, 'W_layer_units_exponent_1': 5, 'W_layer_units_exponent_2': 7, 'W_layer_units_exponent_3': 9, 'W_layer_units_exponent_4': 10, 'D_layers': 5, 'D_layer_units_exponent_0': 10, 'D_layer_units_exponent_1': 9, 'D_layer_units_exponent_2': 9, 'D_layer_units_exponent_3': 6, 'D_layer_units_exponent_4': 4, 'log_learning_rate': -2.853592923296385, 'log_learning_rate_D': -2.2985633603735236, 'training_batch_size': 7, 'training_p': 2}
	 epoch  0 training error:  tensor(0.9821, device='cuda:0', grad_fn=<DivBackward0>)
Memory status after this epoch: 
Memory allocated:  51.18017578125
Memory cached:  84.0
	 epoch  10 training error:  tensor(0.7564, device='cuda:0', grad_fn=<DivBackward0>)
Memory status after this epoch: 
Memory allocated:  51.18017578125
Memory cached:  84.0
	 epoch  20 training error:  tensor(0.7238, device='cuda:0', grad_fn=<DivBackward0>)
Memory status after this epoch: 
Memory allocated:  51.18017578125
Memory cached:  84.0
	 epoch  30 training error:  tensor(0.7143, device='cuda:0', grad_fn=<DivBackward0>)
Memory status after this epoch: 
Memory allocated:  51.18017578125
Memory cached:  84.0
	 epoch  40 training error:  tensor(0.6890, device='cuda:0', grad_fn=<DivBackward0>)
Memory status after this epoch: 
Memory allocated:  51.18017578125
Memory cached:  84.0
	 epoch  50 training error:  tensor(0.6191, device='cuda:0', grad_fn=<DivBackward0>)
Memory status after this epoch: 
Memory allocated:  51.18017578125
Memory cached:  84.0
	 epoch  60 training error:  tensor(0.6607, device='cuda:0', grad_fn=<DivBackward0>)
Memory status after this epoch: 
Memory allocated:  51.18017578125
Memory cached:  84.0
	 epoch  70 training error:  tensor(0.6403, device='cuda:0', grad_fn=<DivBackward0>)
Memory status after this epoch: 
Memory allocated:  51.18017578125
Memory cached:  84.0
	 epoch  80 training error:  tensor(0.6016, device='cuda:0', grad_fn=<DivBackward0>)
Memory status after this epoch: 
Memory allocated:  51.18017578125
Memory cached:  84.0
	 epoch  90 training error:  tensor(0.5740, device='cuda:0', grad_fn=<DivBackward0>)
Memory status after this epoch: 
Memory allocated:  51.18017578125
Memory cached:  84.0
[I 2023-12-05 02:29:35,731] Trial 85 finished with value: 0.5195521116256714 and parameters: {'W_layers': 5, 'W_layer_units_exponent_0': 9, 'W_layer_units_exponent_1': 5, 'W_layer_units_exponent_2': 7, 'W_layer_units_exponent_3': 9, 'W_layer_units_exponent_4': 10, 'D_layers': 5, 'D_layer_units_exponent_0': 10, 'D_layer_units_exponent_1': 9, 'D_layer_units_exponent_2': 9, 'D_layer_units_exponent_3': 6, 'D_layer_units_exponent_4': 4, 'log_learning_rate': -2.853592923296385, 'log_learning_rate_D': -2.2985633603735236, 'training_batch_size': 7, 'training_p': 2}. Best is trial 36 with value: 0.5074478983879089.
Time for this trial:  14.915595769882202
Memory status after this trial: 
Memory allocated:  94.35986328125
Memory cached:  124.0
--------------------  Trial  86   --------------------
Start timing: 
Parameters: 
{'W_layers': 6, 'W_layer_units_exponent_0': 7, 'W_layer_units_exponent_1': 6, 'W_layer_units_exponent_2': 8, 'W_layer_units_exponent_3': 9, 'W_layer_units_exponent_4': 8, 'W_layer_units_exponent_5': 9, 'D_layers': 6, 'D_layer_units_exponent_0': 9, 'D_layer_units_exponent_1': 10, 'D_layer_units_exponent_2': 10, 'D_layer_units_exponent_3': 5, 'D_layer_units_exponent_4': 5, 'D_layer_units_exponent_5': 10, 'log_learning_rate': -3.1851167599262173, 'log_learning_rate_D': -2.6184322735148924, 'training_batch_size': 6, 'training_p': 3}
	 epoch  0 training error:  tensor(0.9938, device='cuda:0', grad_fn=<DivBackward0>)
Memory status after this epoch: 
Memory allocated:  51.31787109375
Memory cached:  84.0
	 epoch  10 training error:  tensor(0.7931, device='cuda:0', grad_fn=<DivBackward0>)
Memory status after this epoch: 
Memory allocated:  51.31787109375
Memory cached:  84.0
	 epoch  20 training error:  tensor(0.7890, device='cuda:0', grad_fn=<DivBackward0>)
Memory status after this epoch: 
Memory allocated:  51.31787109375
Memory cached:  84.0
	 epoch  30 training error:  tensor(0.7809, device='cuda:0', grad_fn=<DivBackward0>)
Memory status after this epoch: 
Memory allocated:  51.31787109375
Memory cached:  84.0
	 epoch  40 training error:  tensor(0.7655, device='cuda:0', grad_fn=<DivBackward0>)
Memory status after this epoch: 
Memory allocated:  51.31787109375
Memory cached:  84.0
	 epoch  50 training error:  tensor(0.6987, device='cuda:0', grad_fn=<DivBackward0>)
Memory status after this epoch: 
Memory allocated:  51.31787109375
Memory cached:  84.0
	 epoch  60 training error:  tensor(0.6356, device='cuda:0', grad_fn=<DivBackward0>)
Memory status after this epoch: 
Memory allocated:  51.31787109375
Memory cached:  84.0
	 epoch  70 training error:  tensor(0.6426, device='cuda:0', grad_fn=<DivBackward0>)
Memory status after this epoch: 
Memory allocated:  51.31787109375
Memory cached:  84.0
	 epoch  80 training error:  tensor(0.6256, device='cuda:0', grad_fn=<DivBackward0>)
Memory status after this epoch: 
Memory allocated:  51.31787109375
Memory cached:  84.0
	 epoch  90 training error:  tensor(0.6248, device='cuda:0', grad_fn=<DivBackward0>)
Memory status after this epoch: 
Memory allocated:  51.31787109375
Memory cached:  84.0
[I 2023-12-05 02:29:52,101] Trial 86 finished with value: 0.5116590857505798 and parameters: {'W_layers': 6, 'W_layer_units_exponent_0': 7, 'W_layer_units_exponent_1': 6, 'W_layer_units_exponent_2': 8, 'W_layer_units_exponent_3': 9, 'W_layer_units_exponent_4': 8, 'W_layer_units_exponent_5': 9, 'D_layers': 6, 'D_layer_units_exponent_0': 9, 'D_layer_units_exponent_1': 10, 'D_layer_units_exponent_2': 10, 'D_layer_units_exponent_3': 5, 'D_layer_units_exponent_4': 5, 'D_layer_units_exponent_5': 10, 'log_learning_rate': -3.1851167599262173, 'log_learning_rate_D': -2.6184322735148924, 'training_batch_size': 6, 'training_p': 3}. Best is trial 36 with value: 0.5074478983879089.
Time for this trial:  16.168755531311035
Memory status after this trial: 
Memory allocated:  81.89111328125
Memory cached:  104.0
--------------------  Trial  87   --------------------
Start timing: 
Parameters: 
{'W_layers': 7, 'W_layer_units_exponent_0': 6, 'W_layer_units_exponent_1': 5, 'W_layer_units_exponent_2': 5, 'W_layer_units_exponent_3': 10, 'W_layer_units_exponent_4': 7, 'W_layer_units_exponent_5': 8, 'W_layer_units_exponent_6': 9, 'D_layers': 5, 'D_layer_units_exponent_0': 10, 'D_layer_units_exponent_1': 9, 'D_layer_units_exponent_2': 10, 'D_layer_units_exponent_3': 7, 'D_layer_units_exponent_4': 5, 'log_learning_rate': -2.7353346159263765, 'log_learning_rate_D': -1.2927245360209718, 'training_batch_size': 7, 'training_p': 2}
	 epoch  0 training error:  tensor(1.0005, device='cuda:0', grad_fn=<DivBackward0>)
Memory status after this epoch: 
Memory allocated:  48.28173828125
Memory cached:  84.0
	 epoch  10 training error:  tensor(0.7862, device='cuda:0', grad_fn=<DivBackward0>)
Memory status after this epoch: 
Memory allocated:  48.28173828125
Memory cached:  84.0
	 epoch  20 training error:  tensor(0.7352, device='cuda:0', grad_fn=<DivBackward0>)
Memory status after this epoch: 
Memory allocated:  48.28173828125
Memory cached:  84.0
	 epoch  30 training error:  tensor(0.7245, device='cuda:0', grad_fn=<DivBackward0>)
Memory status after this epoch: 
Memory allocated:  48.28173828125
Memory cached:  84.0
	 epoch  40 training error:  tensor(0.7148, device='cuda:0', grad_fn=<DivBackward0>)
Memory status after this epoch: 
Memory allocated:  48.28173828125
Memory cached:  84.0
	 epoch  50 training error:  tensor(0.6766, device='cuda:0', grad_fn=<DivBackward0>)
Memory status after this epoch: 
Memory allocated:  48.28173828125
Memory cached:  84.0
	 epoch  60 training error:  tensor(0.6222, device='cuda:0', grad_fn=<DivBackward0>)
Memory status after this epoch: 
Memory allocated:  48.28173828125
Memory cached:  84.0
	 epoch  70 training error:  tensor(0.5735, device='cuda:0', grad_fn=<DivBackward0>)
Memory status after this epoch: 
Memory allocated:  48.28173828125
Memory cached:  84.0
	 epoch  80 training error:  tensor(0.5763, device='cuda:0', grad_fn=<DivBackward0>)
Memory status after this epoch: 
Memory allocated:  48.28173828125
Memory cached:  84.0
	 epoch  90 training error:  tensor(0.5686, device='cuda:0', grad_fn=<DivBackward0>)
Memory status after this epoch: 
Memory allocated:  48.28173828125
Memory cached:  84.0
