[I 2024-02-18 06:05:31,613] Trial 58 finished with value: 0.30335384607315063 and parameters: {'W_layers': 6, 'W_layer_units_exponent_0': 7, 'W_layer_units_exponent_1': 8, 'W_layer_units_exponent_2': 4, 'W_layer_units_exponent_3': 8, 'W_layer_units_exponent_4': 7, 'W_layer_units_exponent_5': 7, 'D_layers': 5, 'D_layer_units_exponent_0': 10, 'D_layer_units_exponent_1': 8, 'D_layer_units_exponent_2': 7, 'D_layer_units_exponent_3': 6, 'D_layer_units_exponent_4': 10, 'D_dagger_layers': 2, 'D_dagger_layer_units_exponent_0': 10, 'D_dagger_layer_units_exponent_1': 4, 'log_learning_rate': -4.0229333379183, 'log_learning_rate_D': -3.790894802478501, 'log_learning_rate_D_dagger': -4.4179413381700305, 'training_batch_size': 7, 'training_p': 2}. Best is trial 56 with value: 0.30027732253074646.
Time for this trial:  24.79171872138977
Memory status after this trial: 
Memory allocated:  1086.03173828125
Memory cached:  1106.0
--------------------  Trial  59   --------------------
Start timing: 
Parameters: 
{'W_layers': 7, 'W_layer_units_exponent_0': 8, 'W_layer_units_exponent_1': 7, 'W_layer_units_exponent_2': 6, 'W_layer_units_exponent_3': 8, 'W_layer_units_exponent_4': 9, 'W_layer_units_exponent_5': 9, 'W_layer_units_exponent_6': 10, 'D_layers': 5, 'D_layer_units_exponent_0': 9, 'D_layer_units_exponent_1': 9, 'D_layer_units_exponent_2': 8, 'D_layer_units_exponent_3': 4, 'D_layer_units_exponent_4': 8, 'D_dagger_layers': 2, 'D_dagger_layer_units_exponent_0': 10, 'D_dagger_layer_units_exponent_1': 4, 'log_learning_rate': -3.891760536879996, 'log_learning_rate_D': -4.503199295691825, 'log_learning_rate_D_dagger': -4.237486816350343, 'training_batch_size': 9, 'training_p': 5}
	 epoch  0 training error:  tensor(1.1485, device='cuda:0', grad_fn=<DivBackward0>)
Memory status after this epoch: 
Memory allocated:  682.1044921875
Memory cached:  846.0
	 epoch  10 training error:  tensor(0.5634, device='cuda:0', grad_fn=<DivBackward0>)
Memory status after this epoch: 
Memory allocated:  682.1044921875
Memory cached:  846.0
	 epoch  20 training error:  tensor(0.4953, device='cuda:0', grad_fn=<DivBackward0>)
Memory status after this epoch: 
Memory allocated:  682.1044921875
Memory cached:  846.0
	 epoch  30 training error:  tensor(0.4851, device='cuda:0', grad_fn=<DivBackward0>)
Memory status after this epoch: 
Memory allocated:  682.1044921875
Memory cached:  846.0
	 epoch  40 training error:  tensor(0.4802, device='cuda:0', grad_fn=<DivBackward0>)
Memory status after this epoch: 
Memory allocated:  682.1044921875
Memory cached:  846.0
	 epoch  50 training error:  tensor(0.4732, device='cuda:0', grad_fn=<DivBackward0>)
Memory status after this epoch: 
Memory allocated:  682.1044921875
Memory cached:  846.0
	 epoch  60 training error:  tensor(0.4749, device='cuda:0', grad_fn=<DivBackward0>)
Memory status after this epoch: 
Memory allocated:  682.1044921875
Memory cached:  846.0
	 epoch  70 training error:  tensor(0.4763, device='cuda:0', grad_fn=<DivBackward0>)
Memory status after this epoch: 
Memory allocated:  682.1044921875
Memory cached:  846.0
	 epoch  80 training error:  tensor(0.4733, device='cuda:0', grad_fn=<DivBackward0>)
Memory status after this epoch: 
Memory allocated:  682.1044921875
Memory cached:  846.0
	 epoch  90 training error:  tensor(0.4714, device='cuda:0', grad_fn=<DivBackward0>)
Memory status after this epoch: 
Memory allocated:  682.1044921875
Memory cached:  846.0
[I 2024-02-18 06:05:59,146] Trial 59 finished with value: 0.35839590430259705 and parameters: {'W_layers': 7, 'W_layer_units_exponent_0': 8, 'W_layer_units_exponent_1': 7, 'W_layer_units_exponent_2': 6, 'W_layer_units_exponent_3': 8, 'W_layer_units_exponent_4': 9, 'W_layer_units_exponent_5': 9, 'W_layer_units_exponent_6': 10, 'D_layers': 5, 'D_layer_units_exponent_0': 9, 'D_layer_units_exponent_1': 9, 'D_layer_units_exponent_2': 8, 'D_layer_units_exponent_3': 4, 'D_layer_units_exponent_4': 8, 'D_dagger_layers': 2, 'D_dagger_layer_units_exponent_0': 10, 'D_dagger_layer_units_exponent_1': 4, 'log_learning_rate': -3.891760536879996, 'log_learning_rate_D': -4.503199295691825, 'log_learning_rate_D_dagger': -4.237486816350343, 'training_batch_size': 9, 'training_p': 5}. Best is trial 56 with value: 0.30027732253074646.
Time for this trial:  27.126319646835327
Memory status after this trial: 
Memory allocated:  1466.68212890625
Memory cached:  1502.0
--------------------  Trial  60   --------------------
Start timing: 
Parameters: 
{'W_layers': 6, 'W_layer_units_exponent_0': 7, 'W_layer_units_exponent_1': 9, 'W_layer_units_exponent_2': 9, 'W_layer_units_exponent_3': 8, 'W_layer_units_exponent_4': 7, 'W_layer_units_exponent_5': 8, 'D_layers': 4, 'D_layer_units_exponent_0': 10, 'D_layer_units_exponent_1': 8, 'D_layer_units_exponent_2': 7, 'D_layer_units_exponent_3': 5, 'D_dagger_layers': 8, 'D_dagger_layer_units_exponent_0': 9, 'D_dagger_layer_units_exponent_1': 5, 'D_dagger_layer_units_exponent_2': 10, 'D_dagger_layer_units_exponent_3': 7, 'D_dagger_layer_units_exponent_4': 10, 'D_dagger_layer_units_exponent_5': 4, 'D_dagger_layer_units_exponent_6': 8, 'D_dagger_layer_units_exponent_7': 4, 'log_learning_rate': -4.519130668213366, 'log_learning_rate_D': -4.981255498097541, 'log_learning_rate_D_dagger': -4.588524912765029, 'training_batch_size': 7, 'training_p': 2}
	 epoch  0 training error:  tensor(1.0212, device='cuda:0', grad_fn=<DivBackward0>)
Memory status after this epoch: 
Memory allocated:  678.861328125
Memory cached:  848.0
	 epoch  10 training error:  tensor(0.4347, device='cuda:0', grad_fn=<DivBackward0>)
Memory status after this epoch: 
Memory allocated:  678.861328125
Memory cached:  848.0
	 epoch  20 training error:  tensor(0.3165, device='cuda:0', grad_fn=<DivBackward0>)
Memory status after this epoch: 
Memory allocated:  678.861328125
Memory cached:  848.0
	 epoch  30 training error:  tensor(0.3101, device='cuda:0', grad_fn=<DivBackward0>)
Memory status after this epoch: 
Memory allocated:  678.861328125
Memory cached:  850.0
	 epoch  40 training error:  tensor(0.3070, device='cuda:0', grad_fn=<DivBackward0>)
Memory status after this epoch: 
Memory allocated:  678.861328125
Memory cached:  850.0
	 epoch  50 training error:  tensor(0.3040, device='cuda:0', grad_fn=<DivBackward0>)
Memory status after this epoch: 
Memory allocated:  678.861328125
Memory cached:  848.0
	 epoch  60 training error:  tensor(0.3011, device='cuda:0', grad_fn=<DivBackward0>)
Memory status after this epoch: 
Memory allocated:  678.861328125
Memory cached:  848.0
	 epoch  70 training error:  tensor(0.2975, device='cuda:0', grad_fn=<DivBackward0>)
Memory status after this epoch: 
Memory allocated:  678.861328125
Memory cached:  848.0
	 epoch  80 training error:  tensor(0.2945, device='cuda:0', grad_fn=<DivBackward0>)
Memory status after this epoch: 
Memory allocated:  678.861328125
Memory cached:  848.0
	 epoch  90 training error:  tensor(0.2922, device='cuda:0', grad_fn=<DivBackward0>)
Memory status after this epoch: 
Memory allocated:  678.861328125
Memory cached:  850.0
[I 2024-02-18 06:06:37,300] Trial 60 finished with value: 0.3047734797000885 and parameters: {'W_layers': 6, 'W_layer_units_exponent_0': 7, 'W_layer_units_exponent_1': 9, 'W_layer_units_exponent_2': 9, 'W_layer_units_exponent_3': 8, 'W_layer_units_exponent_4': 7, 'W_layer_units_exponent_5': 8, 'D_layers': 4, 'D_layer_units_exponent_0': 10, 'D_layer_units_exponent_1': 8, 'D_layer_units_exponent_2': 7, 'D_layer_units_exponent_3': 5, 'D_dagger_layers': 8, 'D_dagger_layer_units_exponent_0': 9, 'D_dagger_layer_units_exponent_1': 5, 'D_dagger_layer_units_exponent_2': 10, 'D_dagger_layer_units_exponent_3': 7, 'D_dagger_layer_units_exponent_4': 10, 'D_dagger_layer_units_exponent_5': 4, 'D_dagger_layer_units_exponent_6': 8, 'D_dagger_layer_units_exponent_7': 4, 'log_learning_rate': -4.519130668213366, 'log_learning_rate_D': -4.981255498097541, 'log_learning_rate_D_dagger': -4.588524912765029, 'training_batch_size': 7, 'training_p': 2}. Best is trial 56 with value: 0.30027732253074646.
Time for this trial:  37.76889419555664
Memory status after this trial: 
Memory allocated:  1710.16845703125
Memory cached:  1748.0
--------------------  Trial  61   --------------------
Start timing: 
Parameters: 
{'W_layers': 8, 'W_layer_units_exponent_0': 8, 'W_layer_units_exponent_1': 9, 'W_layer_units_exponent_2': 6, 'W_layer_units_exponent_3': 6, 'W_layer_units_exponent_4': 6, 'W_layer_units_exponent_5': 6, 'W_layer_units_exponent_6': 10, 'W_layer_units_exponent_7': 8, 'D_layers': 3, 'D_layer_units_exponent_0': 10, 'D_layer_units_exponent_1': 9, 'D_layer_units_exponent_2': 6, 'D_dagger_layers': 2, 'D_dagger_layer_units_exponent_0': 10, 'D_dagger_layer_units_exponent_1': 6, 'log_learning_rate': -3.763971658360683, 'log_learning_rate_D': -4.782296630915748, 'log_learning_rate_D_dagger': -3.8041226048927514, 'training_batch_size': 6, 'training_p': 2}
	 epoch  0 training error:  tensor(0.6927, device='cuda:0', grad_fn=<DivBackward0>)
Memory status after this epoch: 
Memory allocated:  675.39697265625
Memory cached:  846.0
	 epoch  10 training error:  tensor(0.2929, device='cuda:0', grad_fn=<DivBackward0>)
Memory status after this epoch: 
Memory allocated:  675.39697265625
Memory cached:  846.0
	 epoch  20 training error:  tensor(0.2870, device='cuda:0', grad_fn=<DivBackward0>)
Memory status after this epoch: 
Memory allocated:  675.39697265625
Memory cached:  846.0
	 epoch  30 training error:  tensor(0.2867, device='cuda:0', grad_fn=<DivBackward0>)
Memory status after this epoch: 
Memory allocated:  675.39697265625
Memory cached:  846.0
	 epoch  40 training error:  tensor(0.2874, device='cuda:0', grad_fn=<DivBackward0>)
Memory status after this epoch: 
Memory allocated:  675.39697265625
Memory cached:  846.0
	 epoch  50 training error:  tensor(0.2865, device='cuda:0', grad_fn=<DivBackward0>)
Memory status after this epoch: 
Memory allocated:  675.39697265625
Memory cached:  846.0
	 epoch  60 training error:  tensor(0.2854, device='cuda:0', grad_fn=<DivBackward0>)
Memory status after this epoch: 
Memory allocated:  675.39697265625
Memory cached:  846.0
	 epoch  70 training error:  tensor(0.2882, device='cuda:0', grad_fn=<DivBackward0>)
Memory status after this epoch: 
Memory allocated:  675.39697265625
Memory cached:  846.0
	 epoch  80 training error:  tensor(0.2846, device='cuda:0', grad_fn=<DivBackward0>)
Memory status after this epoch: 
Memory allocated:  675.39697265625
Memory cached:  846.0
	 epoch  90 training error:  tensor(0.2879, device='cuda:0', grad_fn=<DivBackward0>)
Memory status after this epoch: 
Memory allocated:  675.39697265625
Memory cached:  846.0
[I 2024-02-18 06:07:07,333] Trial 61 finished with value: 0.3026820123195648 and parameters: {'W_layers': 8, 'W_layer_units_exponent_0': 8, 'W_layer_units_exponent_1': 9, 'W_layer_units_exponent_2': 6, 'W_layer_units_exponent_3': 6, 'W_layer_units_exponent_4': 6, 'W_layer_units_exponent_5': 6, 'W_layer_units_exponent_6': 10, 'W_layer_units_exponent_7': 8, 'D_layers': 3, 'D_layer_units_exponent_0': 10, 'D_layer_units_exponent_1': 9, 'D_layer_units_exponent_2': 6, 'D_dagger_layers': 2, 'D_dagger_layer_units_exponent_0': 10, 'D_dagger_layer_units_exponent_1': 6, 'log_learning_rate': -3.763971658360683, 'log_learning_rate_D': -4.782296630915748, 'log_learning_rate_D_dagger': -3.8041226048927514, 'training_batch_size': 6, 'training_p': 2}. Best is trial 56 with value: 0.30027732253074646.
Time for this trial:  29.710381269454956
Memory status after this trial: 
Memory allocated:  1399.65087890625
Memory cached:  1442.0
--------------------  Trial  62   --------------------
Start timing: 
Parameters: 
{'W_layers': 7, 'W_layer_units_exponent_0': 6, 'W_layer_units_exponent_1': 8, 'W_layer_units_exponent_2': 7, 'W_layer_units_exponent_3': 7, 'W_layer_units_exponent_4': 7, 'W_layer_units_exponent_5': 5, 'W_layer_units_exponent_6': 9, 'D_layers': 3, 'D_layer_units_exponent_0': 10, 'D_layer_units_exponent_1': 7, 'D_layer_units_exponent_2': 9, 'D_dagger_layers': 3, 'D_dagger_layer_units_exponent_0': 10, 'D_dagger_layer_units_exponent_1': 6, 'D_dagger_layer_units_exponent_2': 4, 'log_learning_rate': -4.070123443706285, 'log_learning_rate_D': -4.082965706027573, 'log_learning_rate_D_dagger': -4.03917117762566, 'training_batch_size': 6, 'training_p': 2}
	 epoch  0 training error:  tensor(0.7026, device='cuda:0', grad_fn=<DivBackward0>)
Memory status after this epoch: 
Memory allocated:  667.900390625
Memory cached:  846.0
	 epoch  10 training error:  tensor(0.2935, device='cuda:0', grad_fn=<DivBackward0>)
Memory status after this epoch: 
Memory allocated:  667.900390625
Memory cached:  846.0
	 epoch  20 training error:  tensor(0.2883, device='cuda:0', grad_fn=<DivBackward0>)
Memory status after this epoch: 
Memory allocated:  667.900390625
Memory cached:  846.0
	 epoch  30 training error:  tensor(0.2865, device='cuda:0', grad_fn=<DivBackward0>)
Memory status after this epoch: 
Memory allocated:  667.900390625
Memory cached:  846.0
	 epoch  40 training error:  tensor(0.2856, device='cuda:0', grad_fn=<DivBackward0>)
Memory status after this epoch: 
Memory allocated:  667.900390625
Memory cached:  846.0
	 epoch  50 training error:  tensor(0.2859, device='cuda:0', grad_fn=<DivBackward0>)
Memory status after this epoch: 
Memory allocated:  667.900390625
Memory cached:  846.0
	 epoch  60 training error:  tensor(0.2837, device='cuda:0', grad_fn=<DivBackward0>)
Memory status after this epoch: 
Memory allocated:  667.900390625
Memory cached:  846.0
	 epoch  70 training error:  tensor(0.2832, device='cuda:0', grad_fn=<DivBackward0>)
Memory status after this epoch: 
Memory allocated:  667.900390625
Memory cached:  846.0
	 epoch  80 training error:  tensor(0.2834, device='cuda:0', grad_fn=<DivBackward0>)
Memory status after this epoch: 
Memory allocated:  667.900390625
Memory cached:  846.0
	 epoch  90 training error:  tensor(0.2851, device='cuda:0', grad_fn=<DivBackward0>)
Memory status after this epoch: 
Memory allocated:  667.900390625
Memory cached:  846.0
[I 2024-02-18 06:07:35,267] Trial 62 finished with value: 0.30008068680763245 and parameters: {'W_layers': 7, 'W_layer_units_exponent_0': 6, 'W_layer_units_exponent_1': 8, 'W_layer_units_exponent_2': 7, 'W_layer_units_exponent_3': 7, 'W_layer_units_exponent_4': 7, 'W_layer_units_exponent_5': 5, 'W_layer_units_exponent_6': 9, 'D_layers': 3, 'D_layer_units_exponent_0': 10, 'D_layer_units_exponent_1': 7, 'D_layer_units_exponent_2': 9, 'D_dagger_layers': 3, 'D_dagger_layer_units_exponent_0': 10, 'D_dagger_layer_units_exponent_1': 6, 'D_dagger_layer_units_exponent_2': 4, 'log_learning_rate': -4.070123443706285, 'log_learning_rate_D': -4.082965706027573, 'log_learning_rate_D_dagger': -4.03917117762566, 'training_batch_size': 6, 'training_p': 2}. Best is trial 62 with value: 0.30008068680763245.
res:  tensor(0.3001, device='cuda:0', grad_fn=<DivBackward0>)
self.bestValue:  tensor(0.3003, device='cuda:0', grad_fn=<DivBackward0>)
Save this model!
Time for this trial:  27.57785439491272
Memory status after this trial: 
Memory allocated:  498.4208984375
Memory cached:  680.0
--------------------  Trial  63   --------------------
Start timing: 
Parameters: 
{'W_layers': 7, 'W_layer_units_exponent_0': 6, 'W_layer_units_exponent_1': 8, 'W_layer_units_exponent_2': 8, 'W_layer_units_exponent_3': 7, 'W_layer_units_exponent_4': 7, 'W_layer_units_exponent_5': 5, 'W_layer_units_exponent_6': 9, 'D_layers': 4, 'D_layer_units_exponent_0': 9, 'D_layer_units_exponent_1': 7, 'D_layer_units_exponent_2': 9, 'D_layer_units_exponent_3': 7, 'D_dagger_layers': 2, 'D_dagger_layer_units_exponent_0': 10, 'D_dagger_layer_units_exponent_1': 5, 'log_learning_rate': -4.032080571122579, 'log_learning_rate_D': -4.097192694936741, 'log_learning_rate_D_dagger': -4.017108528181507, 'training_batch_size': 6, 'training_p': 2}
	 epoch  0 training error:  tensor(0.7863, device='cuda:0', grad_fn=<DivBackward0>)
Memory status after this epoch: 
Memory allocated:  502.0830078125
Memory cached:  678.0
	 epoch  10 training error:  tensor(0.2926, device='cuda:0', grad_fn=<DivBackward0>)
Memory status after this epoch: 
Memory allocated:  502.0830078125
Memory cached:  678.0
	 epoch  20 training error:  tensor(0.2879, device='cuda:0', grad_fn=<DivBackward0>)
Memory status after this epoch: 
Memory allocated:  502.0830078125
Memory cached:  678.0
	 epoch  30 training error:  tensor(0.2875, device='cuda:0', grad_fn=<DivBackward0>)
Memory status after this epoch: 
Memory allocated:  502.0830078125
Memory cached:  678.0
	 epoch  40 training error:  tensor(0.2891, device='cuda:0', grad_fn=<DivBackward0>)
Memory status after this epoch: 
Memory allocated:  502.0830078125
Memory cached:  678.0
	 epoch  50 training error:  tensor(0.2857, device='cuda:0', grad_fn=<DivBackward0>)
Memory status after this epoch: 
Memory allocated:  502.0830078125
Memory cached:  678.0
	 epoch  60 training error:  tensor(0.2851, device='cuda:0', grad_fn=<DivBackward0>)
Memory status after this epoch: 
Memory allocated:  502.0830078125
Memory cached:  678.0
	 epoch  70 training error:  tensor(0.2866, device='cuda:0', grad_fn=<DivBackward0>)
Memory status after this epoch: 
Memory allocated:  502.0830078125
Memory cached:  678.0
	 epoch  80 training error:  tensor(0.2852, device='cuda:0', grad_fn=<DivBackward0>)
Memory status after this epoch: 
Memory allocated:  502.0830078125
Memory cached:  678.0
	 epoch  90 training error:  tensor(0.2846, device='cuda:0', grad_fn=<DivBackward0>)
Memory status after this epoch: 
Memory allocated:  502.0830078125
Memory cached:  678.0
[I 2024-02-18 06:08:02,489] Trial 63 finished with value: 0.3007323443889618 and parameters: {'W_layers': 7, 'W_layer_units_exponent_0': 6, 'W_layer_units_exponent_1': 8, 'W_layer_units_exponent_2': 8, 'W_layer_units_exponent_3': 7, 'W_layer_units_exponent_4': 7, 'W_layer_units_exponent_5': 5, 'W_layer_units_exponent_6': 9, 'D_layers': 4, 'D_layer_units_exponent_0': 9, 'D_layer_units_exponent_1': 7, 'D_layer_units_exponent_2': 9, 'D_layer_units_exponent_3': 7, 'D_dagger_layers': 2, 'D_dagger_layer_units_exponent_0': 10, 'D_dagger_layer_units_exponent_1': 5, 'log_learning_rate': -4.032080571122579, 'log_learning_rate_D': -4.097192694936741, 'log_learning_rate_D_dagger': -4.017108528181507, 'training_batch_size': 6, 'training_p': 2}. Best is trial 62 with value: 0.30008068680763245.
Time for this trial:  26.878607749938965
Memory status after this trial: 
Memory allocated:  1014.75927734375
Memory cached:  1036.0
--------------------  Trial  64   --------------------
Start timing: 
Parameters: 
{'W_layers': 7, 'W_layer_units_exponent_0': 6, 'W_layer_units_exponent_1': 8, 'W_layer_units_exponent_2': 8, 'W_layer_units_exponent_3': 7, 'W_layer_units_exponent_4': 7, 'W_layer_units_exponent_5': 5, 'W_layer_units_exponent_6': 9, 'D_layers': 4, 'D_layer_units_exponent_0': 10, 'D_layer_units_exponent_1': 7, 'D_layer_units_exponent_2': 9, 'D_layer_units_exponent_3': 7, 'D_dagger_layers': 2, 'D_dagger_layer_units_exponent_0': 10, 'D_dagger_layer_units_exponent_1': 5, 'log_learning_rate': -4.095898156195958, 'log_learning_rate_D': -4.0781205102234095, 'log_learning_rate_D_dagger': -4.066354991521543, 'training_batch_size': 6, 'training_p': 2}
	 epoch  0 training error:  tensor(1.2701, device='cuda:0', grad_fn=<DivBackward0>)
Memory status after this epoch: 
Memory allocated:  502.3349609375
Memory cached:  678.0
	 epoch  10 training error:  tensor(0.2932, device='cuda:0', grad_fn=<DivBackward0>)
Memory status after this epoch: 
Memory allocated:  502.3349609375
Memory cached:  678.0
	 epoch  20 training error:  tensor(0.2870, device='cuda:0', grad_fn=<DivBackward0>)
Memory status after this epoch: 
Memory allocated:  502.3349609375
Memory cached:  678.0
	 epoch  30 training error:  tensor(0.2862, device='cuda:0', grad_fn=<DivBackward0>)
Memory status after this epoch: 
Memory allocated:  502.3349609375
Memory cached:  678.0
	 epoch  40 training error:  tensor(0.2870, device='cuda:0', grad_fn=<DivBackward0>)
Memory status after this epoch: 
Memory allocated:  502.3349609375
Memory cached:  678.0
	 epoch  50 training error:  tensor(0.2875, device='cuda:0', grad_fn=<DivBackward0>)
Memory status after this epoch: 
Memory allocated:  502.3349609375
Memory cached:  678.0
	 epoch  60 training error:  tensor(0.2878, device='cuda:0', grad_fn=<DivBackward0>)
Memory status after this epoch: 
Memory allocated:  502.3349609375
Memory cached:  678.0
	 epoch  70 training error:  tensor(0.2849, device='cuda:0', grad_fn=<DivBackward0>)
Memory status after this epoch: 
Memory allocated:  502.3349609375
Memory cached:  678.0
	 epoch  80 training error:  tensor(0.2863, device='cuda:0', grad_fn=<DivBackward0>)
Memory status after this epoch: 
Memory allocated:  502.3349609375
Memory cached:  678.0
	 epoch  90 training error:  tensor(0.2844, device='cuda:0', grad_fn=<DivBackward0>)
Memory status after this epoch: 
Memory allocated:  502.3349609375
Memory cached:  678.0
