[I 2023-12-05 02:02:14,344] Trial 91 finished with value: 0.12750396132469177 and parameters: {'W_layers': 3, 'W_layer_units_exponent_0': 10, 'W_layer_units_exponent_1': 4, 'W_layer_units_exponent_2': 4, 'D_layers': 4, 'D_layer_units_exponent_0': 8, 'D_layer_units_exponent_1': 7, 'D_layer_units_exponent_2': 8, 'D_layer_units_exponent_3': 7, 'log_learning_rate': -2.524463183072335, 'log_learning_rate_D': -2.739219137260657, 'training_batch_size': 9, 'training_p': 2}. Best is trial 33 with value: 0.05789090320467949.
Time for this trial:  38.81976890563965
Memory status after this trial: 
Memory allocated:  101.1259765625
Memory cached:  104.0
--------------------  Trial  92   --------------------
Start timing: 
Parameters: 
{'W_layers': 4, 'W_layer_units_exponent_0': 10, 'W_layer_units_exponent_1': 5, 'W_layer_units_exponent_2': 4, 'W_layer_units_exponent_3': 6, 'D_layers': 3, 'D_layer_units_exponent_0': 8, 'D_layer_units_exponent_1': 8, 'D_layer_units_exponent_2': 9, 'log_learning_rate': -2.58752127762604, 'log_learning_rate_D': -2.9704914012625547, 'training_batch_size': 10, 'training_p': 2}
	 epoch  0 training error:  tensor(0.9151, device='cuda:0', grad_fn=<DivBackward0>)
Memory status after this epoch: 
Memory allocated:  62.02294921875
Memory cached:  90.0
	 epoch  10 training error:  tensor(0.7154, device='cuda:0', grad_fn=<DivBackward0>)
Memory status after this epoch: 
Memory allocated:  62.02294921875
Memory cached:  90.0
	 epoch  20 training error:  tensor(0.4877, device='cuda:0', grad_fn=<DivBackward0>)
Memory status after this epoch: 
Memory allocated:  62.02294921875
Memory cached:  90.0
	 epoch  30 training error:  tensor(0.4556, device='cuda:0', grad_fn=<DivBackward0>)
Memory status after this epoch: 
Memory allocated:  62.02294921875
Memory cached:  90.0
	 epoch  40 training error:  tensor(0.3559, device='cuda:0', grad_fn=<DivBackward0>)
Memory status after this epoch: 
Memory allocated:  62.02294921875
Memory cached:  90.0
	 epoch  50 training error:  tensor(0.1029, device='cuda:0', grad_fn=<DivBackward0>)
Memory status after this epoch: 
Memory allocated:  62.02294921875
Memory cached:  90.0
	 epoch  60 training error:  tensor(0.1402, device='cuda:0', grad_fn=<DivBackward0>)
Memory status after this epoch: 
Memory allocated:  62.02294921875
Memory cached:  90.0
	 epoch  70 training error:  tensor(0.1874, device='cuda:0', grad_fn=<DivBackward0>)
Memory status after this epoch: 
Memory allocated:  62.02294921875
Memory cached:  90.0
	 epoch  80 training error:  tensor(0.2607, device='cuda:0', grad_fn=<DivBackward0>)
Memory status after this epoch: 
Memory allocated:  62.02294921875
Memory cached:  90.0
	 epoch  90 training error:  tensor(0.1421, device='cuda:0', grad_fn=<DivBackward0>)
Memory status after this epoch: 
Memory allocated:  62.02294921875
Memory cached:  90.0
[I 2023-12-05 02:02:54,174] Trial 92 finished with value: 0.06884714215993881 and parameters: {'W_layers': 4, 'W_layer_units_exponent_0': 10, 'W_layer_units_exponent_1': 5, 'W_layer_units_exponent_2': 4, 'W_layer_units_exponent_3': 6, 'D_layers': 3, 'D_layer_units_exponent_0': 8, 'D_layer_units_exponent_1': 8, 'D_layer_units_exponent_2': 9, 'log_learning_rate': -2.58752127762604, 'log_learning_rate_D': -2.9704914012625547, 'training_batch_size': 10, 'training_p': 2}. Best is trial 33 with value: 0.05789090320467949.
Time for this trial:  39.66263222694397
Memory status after this trial: 
Memory allocated:  109.5751953125
Memory cached:  112.0
--------------------  Trial  93   --------------------
Start timing: 
Parameters: 
{'W_layers': 4, 'W_layer_units_exponent_0': 10, 'W_layer_units_exponent_1': 5, 'W_layer_units_exponent_2': 4, 'W_layer_units_exponent_3': 6, 'D_layers': 3, 'D_layer_units_exponent_0': 8, 'D_layer_units_exponent_1': 8, 'D_layer_units_exponent_2': 9, 'log_learning_rate': -2.635904891603418, 'log_learning_rate_D': -3.0923476441630875, 'training_batch_size': 10, 'training_p': 2}
	 epoch  0 training error:  tensor(0.9983, device='cuda:0', grad_fn=<DivBackward0>)
Memory status after this epoch: 
Memory allocated:  62.02294921875
Memory cached:  90.0
	 epoch  10 training error:  tensor(0.7068, device='cuda:0', grad_fn=<DivBackward0>)
Memory status after this epoch: 
Memory allocated:  62.02294921875
Memory cached:  90.0
	 epoch  20 training error:  tensor(0.5132, device='cuda:0', grad_fn=<DivBackward0>)
Memory status after this epoch: 
Memory allocated:  62.02294921875
Memory cached:  90.0
	 epoch  30 training error:  tensor(0.4114, device='cuda:0', grad_fn=<DivBackward0>)
Memory status after this epoch: 
Memory allocated:  62.02294921875
Memory cached:  90.0
	 epoch  40 training error:  tensor(0.2793, device='cuda:0', grad_fn=<DivBackward0>)
Memory status after this epoch: 
Memory allocated:  62.02294921875
Memory cached:  90.0
	 epoch  50 training error:  tensor(0.2095, device='cuda:0', grad_fn=<DivBackward0>)
Memory status after this epoch: 
Memory allocated:  62.02294921875
Memory cached:  90.0
	 epoch  60 training error:  tensor(0.1008, device='cuda:0', grad_fn=<DivBackward0>)
Memory status after this epoch: 
Memory allocated:  62.02294921875
Memory cached:  90.0
	 epoch  70 training error:  tensor(0.0941, device='cuda:0', grad_fn=<DivBackward0>)
Memory status after this epoch: 
Memory allocated:  62.02294921875
Memory cached:  90.0
	 epoch  80 training error:  tensor(0.0901, device='cuda:0', grad_fn=<DivBackward0>)
Memory status after this epoch: 
Memory allocated:  62.02294921875
Memory cached:  90.0
	 epoch  90 training error:  tensor(0.0979, device='cuda:0', grad_fn=<DivBackward0>)
Memory status after this epoch: 
Memory allocated:  62.02294921875
Memory cached:  90.0
[I 2023-12-05 02:03:34,066] Trial 93 finished with value: 0.0895039513707161 and parameters: {'W_layers': 4, 'W_layer_units_exponent_0': 10, 'W_layer_units_exponent_1': 5, 'W_layer_units_exponent_2': 4, 'W_layer_units_exponent_3': 6, 'D_layers': 3, 'D_layer_units_exponent_0': 8, 'D_layer_units_exponent_1': 8, 'D_layer_units_exponent_2': 9, 'log_learning_rate': -2.635904891603418, 'log_learning_rate_D': -3.0923476441630875, 'training_batch_size': 10, 'training_p': 2}. Best is trial 33 with value: 0.05789090320467949.
Time for this trial:  39.70409798622131
Memory status after this trial: 
Memory allocated:  109.5751953125
Memory cached:  112.0
--------------------  Trial  94   --------------------
Start timing: 
Parameters: 
{'W_layers': 4, 'W_layer_units_exponent_0': 10, 'W_layer_units_exponent_1': 5, 'W_layer_units_exponent_2': 4, 'W_layer_units_exponent_3': 6, 'D_layers': 3, 'D_layer_units_exponent_0': 8, 'D_layer_units_exponent_1': 8, 'D_layer_units_exponent_2': 9, 'log_learning_rate': -2.4224378902661514, 'log_learning_rate_D': -3.300657240468008, 'training_batch_size': 10, 'training_p': 2}
	 epoch  0 training error:  tensor(1.0239, device='cuda:0', grad_fn=<DivBackward0>)
Memory status after this epoch: 
Memory allocated:  62.02294921875
Memory cached:  90.0
	 epoch  10 training error:  tensor(0.7112, device='cuda:0', grad_fn=<DivBackward0>)
Memory status after this epoch: 
Memory allocated:  62.02294921875
Memory cached:  90.0
	 epoch  20 training error:  tensor(0.5231, device='cuda:0', grad_fn=<DivBackward0>)
Memory status after this epoch: 
Memory allocated:  62.02294921875
Memory cached:  90.0
	 epoch  30 training error:  tensor(0.5173, device='cuda:0', grad_fn=<DivBackward0>)
Memory status after this epoch: 
Memory allocated:  62.02294921875
Memory cached:  90.0
	 epoch  40 training error:  tensor(0.4411, device='cuda:0', grad_fn=<DivBackward0>)
Memory status after this epoch: 
Memory allocated:  62.02294921875
Memory cached:  90.0
	 epoch  50 training error:  tensor(0.1977, device='cuda:0', grad_fn=<DivBackward0>)
Memory status after this epoch: 
Memory allocated:  62.02294921875
Memory cached:  90.0
	 epoch  60 training error:  tensor(0.1852, device='cuda:0', grad_fn=<DivBackward0>)
Memory status after this epoch: 
Memory allocated:  62.02294921875
Memory cached:  90.0
	 epoch  70 training error:  tensor(0.1967, device='cuda:0', grad_fn=<DivBackward0>)
Memory status after this epoch: 
Memory allocated:  62.02294921875
Memory cached:  90.0
	 epoch  80 training error:  tensor(0.0890, device='cuda:0', grad_fn=<DivBackward0>)
Memory status after this epoch: 
Memory allocated:  62.02294921875
Memory cached:  90.0
	 epoch  90 training error:  tensor(0.1046, device='cuda:0', grad_fn=<DivBackward0>)
Memory status after this epoch: 
Memory allocated:  62.02294921875
Memory cached:  90.0
[I 2023-12-05 02:04:13,923] Trial 94 finished with value: 0.06907416135072708 and parameters: {'W_layers': 4, 'W_layer_units_exponent_0': 10, 'W_layer_units_exponent_1': 5, 'W_layer_units_exponent_2': 4, 'W_layer_units_exponent_3': 6, 'D_layers': 3, 'D_layer_units_exponent_0': 8, 'D_layer_units_exponent_1': 8, 'D_layer_units_exponent_2': 9, 'log_learning_rate': -2.4224378902661514, 'log_learning_rate_D': -3.300657240468008, 'training_batch_size': 10, 'training_p': 2}. Best is trial 33 with value: 0.05789090320467949.
Time for this trial:  39.684755086898804
Memory status after this trial: 
Memory allocated:  109.5751953125
Memory cached:  112.0
--------------------  Trial  95   --------------------
Start timing: 
Parameters: 
{'W_layers': 4, 'W_layer_units_exponent_0': 10, 'W_layer_units_exponent_1': 6, 'W_layer_units_exponent_2': 4, 'W_layer_units_exponent_3': 6, 'D_layers': 3, 'D_layer_units_exponent_0': 8, 'D_layer_units_exponent_1': 8, 'D_layer_units_exponent_2': 9, 'log_learning_rate': -2.1802863628365716, 'log_learning_rate_D': -2.897484202478583, 'training_batch_size': 10, 'training_p': 2}
	 epoch  0 training error:  tensor(1.0405, device='cuda:0', grad_fn=<DivBackward0>)
Memory status after this epoch: 
Memory allocated:  62.53076171875
Memory cached:  90.0
	 epoch  10 training error:  tensor(0.7025, device='cuda:0', grad_fn=<DivBackward0>)
Memory status after this epoch: 
Memory allocated:  62.53076171875
Memory cached:  88.0
	 epoch  20 training error:  tensor(0.3587, device='cuda:0', grad_fn=<DivBackward0>)
Memory status after this epoch: 
Memory allocated:  62.53076171875
Memory cached:  88.0
	 epoch  30 training error:  tensor(0.3928, device='cuda:0', grad_fn=<DivBackward0>)
Memory status after this epoch: 
Memory allocated:  62.53076171875
Memory cached:  88.0
	 epoch  40 training error:  tensor(0.3385, device='cuda:0', grad_fn=<DivBackward0>)
Memory status after this epoch: 
Memory allocated:  62.53076171875
Memory cached:  88.0
	 epoch  50 training error:  tensor(0.3459, device='cuda:0', grad_fn=<DivBackward0>)
Memory status after this epoch: 
Memory allocated:  62.53076171875
Memory cached:  88.0
	 epoch  60 training error:  tensor(0.2929, device='cuda:0', grad_fn=<DivBackward0>)
Memory status after this epoch: 
Memory allocated:  62.53076171875
Memory cached:  88.0
	 epoch  70 training error:  tensor(0.2460, device='cuda:0', grad_fn=<DivBackward0>)
Memory status after this epoch: 
Memory allocated:  62.53076171875
Memory cached:  88.0
	 epoch  80 training error:  tensor(0.2845, device='cuda:0', grad_fn=<DivBackward0>)
Memory status after this epoch: 
Memory allocated:  62.53076171875
Memory cached:  88.0
	 epoch  90 training error:  tensor(0.2283, device='cuda:0', grad_fn=<DivBackward0>)
Memory status after this epoch: 
Memory allocated:  62.53076171875
Memory cached:  88.0
[I 2023-12-05 02:04:53,912] Trial 95 finished with value: 0.21748223900794983 and parameters: {'W_layers': 4, 'W_layer_units_exponent_0': 10, 'W_layer_units_exponent_1': 6, 'W_layer_units_exponent_2': 4, 'W_layer_units_exponent_3': 6, 'D_layers': 3, 'D_layer_units_exponent_0': 8, 'D_layer_units_exponent_1': 8, 'D_layer_units_exponent_2': 9, 'log_learning_rate': -2.1802863628365716, 'log_learning_rate_D': -2.897484202478583, 'training_batch_size': 10, 'training_p': 2}. Best is trial 33 with value: 0.05789090320467949.
Time for this trial:  39.79422855377197
Memory status after this trial: 
Memory allocated:  110.5615234375
Memory cached:  114.0
--------------------  Trial  96   --------------------
Start timing: 
Parameters: 
{'W_layers': 4, 'W_layer_units_exponent_0': 10, 'W_layer_units_exponent_1': 5, 'W_layer_units_exponent_2': 6, 'W_layer_units_exponent_3': 6, 'D_layers': 3, 'D_layer_units_exponent_0': 8, 'D_layer_units_exponent_1': 8, 'D_layer_units_exponent_2': 9, 'log_learning_rate': -2.444215798925268, 'log_learning_rate_D': -3.3078187059509148, 'training_batch_size': 10, 'training_p': 2}
	 epoch  0 training error:  tensor(0.9727, device='cuda:0', grad_fn=<DivBackward0>)
Memory status after this epoch: 
Memory allocated:  62.09326171875
Memory cached:  88.0
	 epoch  10 training error:  tensor(0.7240, device='cuda:0', grad_fn=<DivBackward0>)
Memory status after this epoch: 
Memory allocated:  62.09326171875
Memory cached:  88.0
	 epoch  20 training error:  tensor(0.4158, device='cuda:0', grad_fn=<DivBackward0>)
Memory status after this epoch: 
Memory allocated:  62.09326171875
Memory cached:  88.0
	 epoch  30 training error:  tensor(0.4421, device='cuda:0', grad_fn=<DivBackward0>)
Memory status after this epoch: 
Memory allocated:  62.09326171875
Memory cached:  88.0
	 epoch  40 training error:  tensor(0.3463, device='cuda:0', grad_fn=<DivBackward0>)
Memory status after this epoch: 
Memory allocated:  62.09326171875
Memory cached:  88.0
	 epoch  50 training error:  tensor(0.2892, device='cuda:0', grad_fn=<DivBackward0>)
Memory status after this epoch: 
Memory allocated:  62.09326171875
Memory cached:  88.0
	 epoch  60 training error:  tensor(0.2087, device='cuda:0', grad_fn=<DivBackward0>)
Memory status after this epoch: 
Memory allocated:  62.09326171875
Memory cached:  88.0
	 epoch  70 training error:  tensor(0.2316, device='cuda:0', grad_fn=<DivBackward0>)
Memory status after this epoch: 
Memory allocated:  62.09326171875
Memory cached:  88.0
	 epoch  80 training error:  tensor(0.1775, device='cuda:0', grad_fn=<DivBackward0>)
Memory status after this epoch: 
Memory allocated:  62.09326171875
Memory cached:  88.0
	 epoch  90 training error:  tensor(0.2167, device='cuda:0', grad_fn=<DivBackward0>)
Memory status after this epoch: 
Memory allocated:  62.09326171875
Memory cached:  88.0
[I 2023-12-05 02:05:34,228] Trial 96 finished with value: 0.16326633095741272 and parameters: {'W_layers': 4, 'W_layer_units_exponent_0': 10, 'W_layer_units_exponent_1': 5, 'W_layer_units_exponent_2': 6, 'W_layer_units_exponent_3': 6, 'D_layers': 3, 'D_layer_units_exponent_0': 8, 'D_layer_units_exponent_1': 8, 'D_layer_units_exponent_2': 9, 'log_learning_rate': -2.444215798925268, 'log_learning_rate_D': -3.3078187059509148, 'training_batch_size': 10, 'training_p': 2}. Best is trial 33 with value: 0.05789090320467949.
Time for this trial:  40.122597217559814
Memory status after this trial: 
Memory allocated:  110.6357421875
Memory cached:  114.0
--------------------  Trial  97   --------------------
Start timing: 
Parameters: 
{'W_layers': 5, 'W_layer_units_exponent_0': 5, 'W_layer_units_exponent_1': 5, 'W_layer_units_exponent_2': 4, 'W_layer_units_exponent_3': 6, 'W_layer_units_exponent_4': 5, 'D_layers': 3, 'D_layer_units_exponent_0': 8, 'D_layer_units_exponent_1': 8, 'D_layer_units_exponent_2': 10, 'log_learning_rate': -2.024964573398815, 'log_learning_rate_D': -2.4966768335200844, 'training_batch_size': 10, 'training_p': 2}
	 epoch  0 training error:  tensor(0.9339, device='cuda:0', grad_fn=<DivBackward0>)
Memory status after this epoch: 
Memory allocated:  63.52880859375
Memory cached:  90.0
	 epoch  10 training error:  tensor(0.7742, device='cuda:0', grad_fn=<DivBackward0>)
Memory status after this epoch: 
Memory allocated:  63.52880859375
Memory cached:  92.0
	 epoch  20 training error:  tensor(0.7190, device='cuda:0', grad_fn=<DivBackward0>)
Memory status after this epoch: 
Memory allocated:  63.52880859375
Memory cached:  92.0
	 epoch  30 training error:  tensor(0.7068, device='cuda:0', grad_fn=<DivBackward0>)
Memory status after this epoch: 
Memory allocated:  63.52880859375
Memory cached:  92.0
	 epoch  40 training error:  tensor(0.5970, device='cuda:0', grad_fn=<DivBackward0>)
Memory status after this epoch: 
Memory allocated:  63.52880859375
Memory cached:  92.0
	 epoch  50 training error:  tensor(0.7592, device='cuda:0', grad_fn=<DivBackward0>)
Memory status after this epoch: 
Memory allocated:  63.52880859375
Memory cached:  92.0
	 epoch  60 training error:  tensor(0.6586, device='cuda:0', grad_fn=<DivBackward0>)
Memory status after this epoch: 
Memory allocated:  63.52880859375
Memory cached:  92.0
	 epoch  70 training error:  tensor(0.5361, device='cuda:0', grad_fn=<DivBackward0>)
Memory status after this epoch: 
Memory allocated:  63.52880859375
Memory cached:  92.0
	 epoch  80 training error:  tensor(0.4021, device='cuda:0', grad_fn=<DivBackward0>)
Memory status after this epoch: 
Memory allocated:  63.52880859375
Memory cached:  92.0
	 epoch  90 training error:  tensor(0.5709, device='cuda:0', grad_fn=<DivBackward0>)
Memory status after this epoch: 
Memory allocated:  63.52880859375
Memory cached:  92.0
[I 2023-12-05 02:06:15,710] Trial 97 finished with value: 0.4709981381893158 and parameters: {'W_layers': 5, 'W_layer_units_exponent_0': 5, 'W_layer_units_exponent_1': 5, 'W_layer_units_exponent_2': 4, 'W_layer_units_exponent_3': 6, 'W_layer_units_exponent_4': 5, 'D_layers': 3, 'D_layer_units_exponent_0': 8, 'D_layer_units_exponent_1': 8, 'D_layer_units_exponent_2': 10, 'log_learning_rate': -2.024964573398815, 'log_learning_rate_D': -2.4966768335200844, 'training_batch_size': 10, 'training_p': 2}. Best is trial 33 with value: 0.05789090320467949.
Time for this trial:  41.29386925697327
Memory status after this trial: 
Memory allocated:  99.95703125
Memory cached:  104.0
--------------------  Trial  98   --------------------
Start timing: 
Parameters: 
{'W_layers': 4, 'W_layer_units_exponent_0': 10, 'W_layer_units_exponent_1': 5, 'W_layer_units_exponent_2': 4, 'W_layer_units_exponent_3': 7, 'D_layers': 4, 'D_layer_units_exponent_0': 7, 'D_layer_units_exponent_1': 8, 'D_layer_units_exponent_2': 9, 'D_layer_units_exponent_3': 8, 'log_learning_rate': -2.6435007392076666, 'log_learning_rate_D': -2.653050833706388, 'training_batch_size': 10, 'training_p': 2}
	 epoch  0 training error:  tensor(1.0336, device='cuda:0', grad_fn=<DivBackward0>)
Memory status after this epoch: 
Memory allocated:  63.53076171875
Memory cached:  90.0
	 epoch  10 training error:  tensor(0.7179, device='cuda:0', grad_fn=<DivBackward0>)
Memory status after this epoch: 
Memory allocated:  63.53076171875
Memory cached:  92.0
	 epoch  20 training error:  tensor(0.6030, device='cuda:0', grad_fn=<DivBackward0>)
Memory status after this epoch: 
Memory allocated:  63.53076171875
Memory cached:  92.0
	 epoch  30 training error:  tensor(0.4694, device='cuda:0', grad_fn=<DivBackward0>)
Memory status after this epoch: 
Memory allocated:  63.53076171875
Memory cached:  92.0
	 epoch  40 training error:  tensor(0.6662, device='cuda:0', grad_fn=<DivBackward0>)
Memory status after this epoch: 
Memory allocated:  63.53076171875
Memory cached:  92.0
	 epoch  50 training error:  tensor(0.4690, device='cuda:0', grad_fn=<DivBackward0>)
Memory status after this epoch: 
Memory allocated:  63.53076171875
Memory cached:  92.0
	 epoch  60 training error:  tensor(0.2639, device='cuda:0', grad_fn=<DivBackward0>)
Memory status after this epoch: 
Memory allocated:  63.53076171875
Memory cached:  92.0
	 epoch  70 training error:  tensor(0.2903, device='cuda:0', grad_fn=<DivBackward0>)
Memory status after this epoch: 
Memory allocated:  63.53076171875
Memory cached:  92.0
	 epoch  80 training error:  tensor(0.2566, device='cuda:0', grad_fn=<DivBackward0>)
Memory status after this epoch: 
Memory allocated:  63.53076171875
Memory cached:  92.0
	 epoch  90 training error:  tensor(0.2206, device='cuda:0', grad_fn=<DivBackward0>)
Memory status after this epoch: 
Memory allocated:  63.53076171875
Memory cached:  92.0
