[I 2024-01-12 22:31:21,942] Trial 48 finished with value: 0.09482600539922714 and parameters: {'W_layers': 7, 'W_layer_units_exponent_0': 10, 'W_layer_units_exponent_1': 10, 'W_layer_units_exponent_2': 8, 'W_layer_units_exponent_3': 4, 'W_layer_units_exponent_4': 9, 'W_layer_units_exponent_5': 9, 'W_layer_units_exponent_6': 8, 'D_layers': 4, 'D_layer_units_exponent_0': 6, 'D_layer_units_exponent_1': 7, 'D_layer_units_exponent_2': 6, 'D_layer_units_exponent_3': 10, 'D_dagger_layers': 8, 'D_dagger_layer_units_exponent_0': 5, 'D_dagger_layer_units_exponent_1': 10, 'D_dagger_layer_units_exponent_2': 10, 'D_dagger_layer_units_exponent_3': 4, 'D_dagger_layer_units_exponent_4': 9, 'D_dagger_layer_units_exponent_5': 10, 'D_dagger_layer_units_exponent_6': 9, 'D_dagger_layer_units_exponent_7': 6, 'log_learning_rate': -2.4393540655610573, 'log_learning_rate_D': -3.615964143046424, 'log_learning_rate_D_dagger': -4.788046017700153, 'training_batch_size': 6, 'training_p': 3}. Best is trial 42 with value: 0.07798828929662704.
Time for this trial:  639.0237646102905
Memory status after this trial: 
Memory allocated:  1746.001953125
Memory cached:  1782.0
--------------------  Trial  49   --------------------
Start timing: 
Parameters: 
{'W_layers': 6, 'W_layer_units_exponent_0': 4, 'W_layer_units_exponent_1': 4, 'W_layer_units_exponent_2': 9, 'W_layer_units_exponent_3': 4, 'W_layer_units_exponent_4': 9, 'W_layer_units_exponent_5': 8, 'D_layers': 5, 'D_layer_units_exponent_0': 10, 'D_layer_units_exponent_1': 6, 'D_layer_units_exponent_2': 8, 'D_layer_units_exponent_3': 7, 'D_layer_units_exponent_4': 10, 'D_dagger_layers': 8, 'D_dagger_layer_units_exponent_0': 6, 'D_dagger_layer_units_exponent_1': 9, 'D_dagger_layer_units_exponent_2': 9, 'D_dagger_layer_units_exponent_3': 6, 'D_dagger_layer_units_exponent_4': 10, 'D_dagger_layer_units_exponent_5': 10, 'D_dagger_layer_units_exponent_6': 8, 'D_dagger_layer_units_exponent_7': 4, 'log_learning_rate': -2.333195298871191, 'log_learning_rate_D': -4.34228476370538, 'log_learning_rate_D_dagger': -4.599148280442624, 'training_batch_size': 6, 'training_p': 2}
	 epoch  0 training error:  tensor(1.9310, device='cuda:0', grad_fn=<DivBackward0>)
Memory status after this epoch: 
Memory allocated:  798.529296875
Memory cached:  1146.0
	 epoch  10 training error:  tensor(0.4162, device='cuda:0', grad_fn=<DivBackward0>)
Memory status after this epoch: 
Memory allocated:  798.529296875
Memory cached:  1176.0
	 epoch  20 training error:  tensor(0.1768, device='cuda:0', grad_fn=<DivBackward0>)
Memory status after this epoch: 
Memory allocated:  798.529296875
Memory cached:  1178.0
	 epoch  30 training error:  tensor(0.1497, device='cuda:0', grad_fn=<DivBackward0>)
Memory status after this epoch: 
Memory allocated:  798.529296875
Memory cached:  1174.0
	 epoch  40 training error:  tensor(0.1279, device='cuda:0', grad_fn=<DivBackward0>)
Memory status after this epoch: 
Memory allocated:  798.529296875
Memory cached:  1182.0
	 epoch  50 training error:  tensor(0.1052, device='cuda:0', grad_fn=<DivBackward0>)
Memory status after this epoch: 
Memory allocated:  798.529296875
Memory cached:  1170.0
	 epoch  60 training error:  tensor(0.0877, device='cuda:0', grad_fn=<DivBackward0>)
Memory status after this epoch: 
Memory allocated:  798.529296875
Memory cached:  1176.0
	 epoch  70 training error:  tensor(0.0832, device='cuda:0', grad_fn=<DivBackward0>)
Memory status after this epoch: 
Memory allocated:  798.529296875
Memory cached:  1174.0
	 epoch  80 training error:  tensor(0.0748, device='cuda:0', grad_fn=<DivBackward0>)
Memory status after this epoch: 
Memory allocated:  798.529296875
Memory cached:  1168.0
	 epoch  90 training error:  tensor(0.0748, device='cuda:0', grad_fn=<DivBackward0>)
Memory status after this epoch: 
Memory allocated:  798.529296875
Memory cached:  1166.0
[I 2024-01-12 22:41:49,116] Trial 49 finished with value: 0.07665807753801346 and parameters: {'W_layers': 6, 'W_layer_units_exponent_0': 4, 'W_layer_units_exponent_1': 4, 'W_layer_units_exponent_2': 9, 'W_layer_units_exponent_3': 4, 'W_layer_units_exponent_4': 9, 'W_layer_units_exponent_5': 8, 'D_layers': 5, 'D_layer_units_exponent_0': 10, 'D_layer_units_exponent_1': 6, 'D_layer_units_exponent_2': 8, 'D_layer_units_exponent_3': 7, 'D_layer_units_exponent_4': 10, 'D_dagger_layers': 8, 'D_dagger_layer_units_exponent_0': 6, 'D_dagger_layer_units_exponent_1': 9, 'D_dagger_layer_units_exponent_2': 9, 'D_dagger_layer_units_exponent_3': 6, 'D_dagger_layer_units_exponent_4': 10, 'D_dagger_layer_units_exponent_5': 10, 'D_dagger_layer_units_exponent_6': 8, 'D_dagger_layer_units_exponent_7': 4, 'log_learning_rate': -2.333195298871191, 'log_learning_rate_D': -4.34228476370538, 'log_learning_rate_D_dagger': -4.599148280442624, 'training_batch_size': 6, 'training_p': 2}. Best is trial 49 with value: 0.07665807753801346.
res:  tensor(0.0767, device='cuda:0', grad_fn=<DivBackward0>)
self.bestValue:  tensor(0.0780, device='cuda:0', grad_fn=<DivBackward0>)
Save this model!
Time for this trial:  626.6098732948303
Memory status after this trial: 
Memory allocated:  773.7548828125
Memory cached:  1312.0
--------------------  Trial  50   --------------------
Start timing: 
Parameters: 
{'W_layers': 6, 'W_layer_units_exponent_0': 9, 'W_layer_units_exponent_1': 4, 'W_layer_units_exponent_2': 9, 'W_layer_units_exponent_3': 9, 'W_layer_units_exponent_4': 9, 'W_layer_units_exponent_5': 8, 'D_layers': 5, 'D_layer_units_exponent_0': 10, 'D_layer_units_exponent_1': 10, 'D_layer_units_exponent_2': 8, 'D_layer_units_exponent_3': 7, 'D_layer_units_exponent_4': 10, 'D_dagger_layers': 8, 'D_dagger_layer_units_exponent_0': 6, 'D_dagger_layer_units_exponent_1': 10, 'D_dagger_layer_units_exponent_2': 9, 'D_dagger_layer_units_exponent_3': 6, 'D_dagger_layer_units_exponent_4': 9, 'D_dagger_layer_units_exponent_5': 10, 'D_dagger_layer_units_exponent_6': 8, 'D_dagger_layer_units_exponent_7': 4, 'log_learning_rate': -2.3437807186683286, 'log_learning_rate_D': -4.3553379279408, 'log_learning_rate_D_dagger': -4.572109833915516, 'training_batch_size': 12, 'training_p': 3}
	 epoch  0 training error:  tensor(0.9832, device='cuda:0', grad_fn=<DivBackward0>)
Memory status after this epoch: 
Memory allocated:  828.7734375
Memory cached:  1304.0
	 epoch  10 training error:  tensor(0.6622, device='cuda:0', grad_fn=<DivBackward0>)
Memory status after this epoch: 
Memory allocated:  828.7734375
Memory cached:  1334.0
	 epoch  20 training error:  tensor(0.5748, device='cuda:0', grad_fn=<DivBackward0>)
Memory status after this epoch: 
Memory allocated:  828.7734375
Memory cached:  1332.0
	 epoch  30 training error:  tensor(0.3839, device='cuda:0', grad_fn=<DivBackward0>)
Memory status after this epoch: 
Memory allocated:  828.7734375
Memory cached:  1340.0
	 epoch  40 training error:  tensor(0.2218, device='cuda:0', grad_fn=<DivBackward0>)
Memory status after this epoch: 
Memory allocated:  828.7734375
Memory cached:  1334.0
	 epoch  50 training error:  tensor(0.1888, device='cuda:0', grad_fn=<DivBackward0>)
Memory status after this epoch: 
Memory allocated:  828.7734375
Memory cached:  1334.0
	 epoch  60 training error:  tensor(0.1686, device='cuda:0', grad_fn=<DivBackward0>)
Memory status after this epoch: 
Memory allocated:  828.7734375
Memory cached:  1340.0
	 epoch  70 training error:  tensor(0.1568, device='cuda:0', grad_fn=<DivBackward0>)
Memory status after this epoch: 
Memory allocated:  828.7734375
Memory cached:  1342.0
	 epoch  80 training error:  tensor(0.1456, device='cuda:0', grad_fn=<DivBackward0>)
Memory status after this epoch: 
Memory allocated:  828.7734375
Memory cached:  1334.0
	 epoch  90 training error:  tensor(0.1345, device='cuda:0', grad_fn=<DivBackward0>)
Memory status after this epoch: 
Memory allocated:  828.7734375
Memory cached:  1338.0
[I 2024-01-12 22:47:33,777] Trial 50 finished with value: 0.1084374412894249 and parameters: {'W_layers': 6, 'W_layer_units_exponent_0': 9, 'W_layer_units_exponent_1': 4, 'W_layer_units_exponent_2': 9, 'W_layer_units_exponent_3': 9, 'W_layer_units_exponent_4': 9, 'W_layer_units_exponent_5': 8, 'D_layers': 5, 'D_layer_units_exponent_0': 10, 'D_layer_units_exponent_1': 10, 'D_layer_units_exponent_2': 8, 'D_layer_units_exponent_3': 7, 'D_layer_units_exponent_4': 10, 'D_dagger_layers': 8, 'D_dagger_layer_units_exponent_0': 6, 'D_dagger_layer_units_exponent_1': 10, 'D_dagger_layer_units_exponent_2': 9, 'D_dagger_layer_units_exponent_3': 6, 'D_dagger_layer_units_exponent_4': 9, 'D_dagger_layer_units_exponent_5': 10, 'D_dagger_layer_units_exponent_6': 8, 'D_dagger_layer_units_exponent_7': 4, 'log_learning_rate': -2.3437807186683286, 'log_learning_rate_D': -4.3553379279408, 'log_learning_rate_D_dagger': -4.572109833915516, 'training_batch_size': 12, 'training_p': 3}. Best is trial 49 with value: 0.07665807753801346.
Time for this trial:  344.20138573646545
Memory status after this trial: 
Memory allocated:  1766.0458984375
Memory cached:  1796.0
--------------------  Trial  51   --------------------
Start timing: 
Parameters: 
{'W_layers': 6, 'W_layer_units_exponent_0': 4, 'W_layer_units_exponent_1': 4, 'W_layer_units_exponent_2': 9, 'W_layer_units_exponent_3': 4, 'W_layer_units_exponent_4': 10, 'W_layer_units_exponent_5': 8, 'D_layers': 5, 'D_layer_units_exponent_0': 10, 'D_layer_units_exponent_1': 6, 'D_layer_units_exponent_2': 8, 'D_layer_units_exponent_3': 9, 'D_layer_units_exponent_4': 9, 'D_dagger_layers': 8, 'D_dagger_layer_units_exponent_0': 6, 'D_dagger_layer_units_exponent_1': 9, 'D_dagger_layer_units_exponent_2': 9, 'D_dagger_layer_units_exponent_3': 5, 'D_dagger_layer_units_exponent_4': 10, 'D_dagger_layer_units_exponent_5': 10, 'D_dagger_layer_units_exponent_6': 9, 'D_dagger_layer_units_exponent_7': 4, 'log_learning_rate': -2.2839766689626364, 'log_learning_rate_D': -4.10576603760331, 'log_learning_rate_D_dagger': -4.62805612595481, 'training_batch_size': 6, 'training_p': 2}
	 epoch  0 training error:  tensor(3.8784, device='cuda:0', grad_fn=<DivBackward0>)
Memory status after this epoch: 
Memory allocated:  815.0615234375
Memory cached:  1354.0
	 epoch  10 training error:  tensor(0.4226, device='cuda:0', grad_fn=<DivBackward0>)
Memory status after this epoch: 
Memory allocated:  815.0615234375
Memory cached:  1440.0
	 epoch  20 training error:  tensor(0.1397, device='cuda:0', grad_fn=<DivBackward0>)
Memory status after this epoch: 
Memory allocated:  815.0615234375
Memory cached:  1412.0
	 epoch  30 training error:  tensor(0.1217, device='cuda:0', grad_fn=<DivBackward0>)
Memory status after this epoch: 
Memory allocated:  815.0615234375
Memory cached:  1416.0
	 epoch  40 training error:  tensor(0.1071, device='cuda:0', grad_fn=<DivBackward0>)
Memory status after this epoch: 
Memory allocated:  815.0615234375
Memory cached:  1418.0
	 epoch  50 training error:  tensor(0.0906, device='cuda:0', grad_fn=<DivBackward0>)
Memory status after this epoch: 
Memory allocated:  815.0615234375
Memory cached:  1416.0
	 epoch  60 training error:  tensor(0.0784, device='cuda:0', grad_fn=<DivBackward0>)
Memory status after this epoch: 
Memory allocated:  815.0615234375
Memory cached:  1412.0
	 epoch  70 training error:  tensor(0.0787, device='cuda:0', grad_fn=<DivBackward0>)
Memory status after this epoch: 
Memory allocated:  815.0615234375
Memory cached:  1402.0
	 epoch  80 training error:  tensor(0.0865, device='cuda:0', grad_fn=<DivBackward0>)
Memory status after this epoch: 
Memory allocated:  815.0615234375
Memory cached:  1420.0
	 epoch  90 training error:  tensor(0.0762, device='cuda:0', grad_fn=<DivBackward0>)
Memory status after this epoch: 
Memory allocated:  815.0615234375
Memory cached:  1410.0
[I 2024-01-12 22:57:59,710] Trial 51 finished with value: 0.07774125784635544 and parameters: {'W_layers': 6, 'W_layer_units_exponent_0': 4, 'W_layer_units_exponent_1': 4, 'W_layer_units_exponent_2': 9, 'W_layer_units_exponent_3': 4, 'W_layer_units_exponent_4': 10, 'W_layer_units_exponent_5': 8, 'D_layers': 5, 'D_layer_units_exponent_0': 10, 'D_layer_units_exponent_1': 6, 'D_layer_units_exponent_2': 8, 'D_layer_units_exponent_3': 9, 'D_layer_units_exponent_4': 9, 'D_dagger_layers': 8, 'D_dagger_layer_units_exponent_0': 6, 'D_dagger_layer_units_exponent_1': 9, 'D_dagger_layer_units_exponent_2': 9, 'D_dagger_layer_units_exponent_3': 5, 'D_dagger_layer_units_exponent_4': 10, 'D_dagger_layer_units_exponent_5': 10, 'D_dagger_layer_units_exponent_6': 9, 'D_dagger_layer_units_exponent_7': 4, 'log_learning_rate': -2.2839766689626364, 'log_learning_rate_D': -4.10576603760331, 'log_learning_rate_D_dagger': -4.62805612595481, 'training_batch_size': 6, 'training_p': 2}. Best is trial 49 with value: 0.07665807753801346.
Time for this trial:  625.4131739139557
Memory status after this trial: 
Memory allocated:  1624.5810546875
Memory cached:  1654.0
--------------------  Trial  52   --------------------
Start timing: 
Parameters: 
{'W_layers': 6, 'W_layer_units_exponent_0': 4, 'W_layer_units_exponent_1': 4, 'W_layer_units_exponent_2': 9, 'W_layer_units_exponent_3': 4, 'W_layer_units_exponent_4': 10, 'W_layer_units_exponent_5': 8, 'D_layers': 5, 'D_layer_units_exponent_0': 10, 'D_layer_units_exponent_1': 6, 'D_layer_units_exponent_2': 8, 'D_layer_units_exponent_3': 7, 'D_layer_units_exponent_4': 9, 'D_dagger_layers': 8, 'D_dagger_layer_units_exponent_0': 6, 'D_dagger_layer_units_exponent_1': 9, 'D_dagger_layer_units_exponent_2': 9, 'D_dagger_layer_units_exponent_3': 6, 'D_dagger_layer_units_exponent_4': 10, 'D_dagger_layer_units_exponent_5': 10, 'D_dagger_layer_units_exponent_6': 8, 'D_dagger_layer_units_exponent_7': 4, 'log_learning_rate': -2.035498640292603, 'log_learning_rate_D': -4.12859881127404, 'log_learning_rate_D_dagger': -4.611017146021326, 'training_batch_size': 6, 'training_p': 2}
	 epoch  0 training error:  tensor(8.2750, device='cuda:0', grad_fn=<DivBackward0>)
Memory status after this epoch: 
Memory allocated:  807.2392578125
Memory cached:  1348.0
	 epoch  10 training error:  tensor(0.5254, device='cuda:0', grad_fn=<DivBackward0>)
Memory status after this epoch: 
Memory allocated:  807.2392578125
Memory cached:  1406.0
	 epoch  20 training error:  tensor(0.1544, device='cuda:0', grad_fn=<DivBackward0>)
Memory status after this epoch: 
Memory allocated:  807.2392578125
Memory cached:  1406.0
	 epoch  30 training error:  tensor(0.1496, device='cuda:0', grad_fn=<DivBackward0>)
Memory status after this epoch: 
Memory allocated:  807.2392578125
Memory cached:  1414.0
	 epoch  40 training error:  tensor(0.1458, device='cuda:0', grad_fn=<DivBackward0>)
Memory status after this epoch: 
Memory allocated:  807.2392578125
Memory cached:  1408.0
	 epoch  50 training error:  tensor(0.1298, device='cuda:0', grad_fn=<DivBackward0>)
Memory status after this epoch: 
Memory allocated:  807.2392578125
Memory cached:  1416.0
	 epoch  60 training error:  tensor(0.1352, device='cuda:0', grad_fn=<DivBackward0>)
Memory status after this epoch: 
Memory allocated:  807.2392578125
Memory cached:  1412.0
	 epoch  70 training error:  tensor(0.1006, device='cuda:0', grad_fn=<DivBackward0>)
Memory status after this epoch: 
Memory allocated:  807.2392578125
Memory cached:  1420.0
	 epoch  80 training error:  tensor(0.0909, device='cuda:0', grad_fn=<DivBackward0>)
Memory status after this epoch: 
Memory allocated:  807.2392578125
Memory cached:  1414.0
	 epoch  90 training error:  tensor(0.0871, device='cuda:0', grad_fn=<DivBackward0>)
Memory status after this epoch: 
Memory allocated:  807.2392578125
Memory cached:  1416.0
[I 2024-01-12 23:08:20,562] Trial 52 finished with value: 0.09146887809038162 and parameters: {'W_layers': 6, 'W_layer_units_exponent_0': 4, 'W_layer_units_exponent_1': 4, 'W_layer_units_exponent_2': 9, 'W_layer_units_exponent_3': 4, 'W_layer_units_exponent_4': 10, 'W_layer_units_exponent_5': 8, 'D_layers': 5, 'D_layer_units_exponent_0': 10, 'D_layer_units_exponent_1': 6, 'D_layer_units_exponent_2': 8, 'D_layer_units_exponent_3': 7, 'D_layer_units_exponent_4': 9, 'D_dagger_layers': 8, 'D_dagger_layer_units_exponent_0': 6, 'D_dagger_layer_units_exponent_1': 9, 'D_dagger_layer_units_exponent_2': 9, 'D_dagger_layer_units_exponent_3': 6, 'D_dagger_layer_units_exponent_4': 10, 'D_dagger_layer_units_exponent_5': 10, 'D_dagger_layer_units_exponent_6': 8, 'D_dagger_layer_units_exponent_7': 4, 'log_learning_rate': -2.035498640292603, 'log_learning_rate_D': -4.12859881127404, 'log_learning_rate_D_dagger': -4.611017146021326, 'training_batch_size': 6, 'training_p': 2}. Best is trial 49 with value: 0.07665807753801346.
Time for this trial:  620.3108081817627
Memory status after this trial: 
Memory allocated:  1556.138671875
Memory cached:  1590.0
--------------------  Trial  53   --------------------
Start timing: 
Parameters: 
{'W_layers': 5, 'W_layer_units_exponent_0': 4, 'W_layer_units_exponent_1': 4, 'W_layer_units_exponent_2': 10, 'W_layer_units_exponent_3': 4, 'W_layer_units_exponent_4': 9, 'D_layers': 5, 'D_layer_units_exponent_0': 10, 'D_layer_units_exponent_1': 7, 'D_layer_units_exponent_2': 9, 'D_layer_units_exponent_3': 5, 'D_layer_units_exponent_4': 9, 'D_dagger_layers': 8, 'D_dagger_layer_units_exponent_0': 5, 'D_dagger_layer_units_exponent_1': 9, 'D_dagger_layer_units_exponent_2': 9, 'D_dagger_layer_units_exponent_3': 6, 'D_dagger_layer_units_exponent_4': 10, 'D_dagger_layer_units_exponent_5': 10, 'D_dagger_layer_units_exponent_6': 10, 'D_dagger_layer_units_exponent_7': 4, 'log_learning_rate': -2.2993891819063084, 'log_learning_rate_D': -4.289627050611671, 'log_learning_rate_D_dagger': -4.519470534309245, 'training_batch_size': 7, 'training_p': 2}
	 epoch  0 training error:  tensor(0.9837, device='cuda:0', grad_fn=<DivBackward0>)
Memory status after this epoch: 
Memory allocated:  816.017578125
Memory cached:  1326.0
	 epoch  10 training error:  tensor(0.6295, device='cuda:0', grad_fn=<DivBackward0>)
Memory status after this epoch: 
Memory allocated:  816.017578125
Memory cached:  1344.0
	 epoch  20 training error:  tensor(0.1647, device='cuda:0', grad_fn=<DivBackward0>)
Memory status after this epoch: 
Memory allocated:  816.017578125
Memory cached:  1338.0
	 epoch  30 training error:  tensor(0.1433, device='cuda:0', grad_fn=<DivBackward0>)
Memory status after this epoch: 
Memory allocated:  816.017578125
Memory cached:  1350.0
	 epoch  40 training error:  tensor(0.1337, device='cuda:0', grad_fn=<DivBackward0>)
Memory status after this epoch: 
Memory allocated:  816.017578125
Memory cached:  1342.0
	 epoch  50 training error:  tensor(0.1277, device='cuda:0', grad_fn=<DivBackward0>)
Memory status after this epoch: 
Memory allocated:  816.017578125
Memory cached:  1356.0
	 epoch  60 training error:  tensor(0.1217, device='cuda:0', grad_fn=<DivBackward0>)
Memory status after this epoch: 
Memory allocated:  816.017578125
Memory cached:  1346.0
	 epoch  70 training error:  tensor(0.1150, device='cuda:0', grad_fn=<DivBackward0>)
Memory status after this epoch: 
Memory allocated:  816.017578125
Memory cached:  1344.0
	 epoch  80 training error:  tensor(0.1082, device='cuda:0', grad_fn=<DivBackward0>)
Memory status after this epoch: 
Memory allocated:  816.017578125
Memory cached:  1340.0
	 epoch  90 training error:  tensor(0.0976, device='cuda:0', grad_fn=<DivBackward0>)
Memory status after this epoch: 
Memory allocated:  816.017578125
Memory cached:  1348.0
