[I 2024-02-17 11:54:57,837] Trial 125 finished with value: 0.09274395555257797 and parameters: {'W_layers': 4, 'W_layer_units_exponent_0': 4, 'W_layer_units_exponent_1': 8, 'W_layer_units_exponent_2': 6, 'W_layer_units_exponent_3': 10, 'D_layers': 3, 'D_layer_units_exponent_0': 8, 'D_layer_units_exponent_1': 7, 'D_layer_units_exponent_2': 7, 'D_dagger_layers': 2, 'D_dagger_layer_units_exponent_0': 9, 'D_dagger_layer_units_exponent_1': 4, 'log_learning_rate': -3.7817223056568388, 'log_learning_rate_D': -3.1184473113487927, 'log_learning_rate_D_dagger': -2.6178540692045615, 'training_batch_size': 6, 'training_p': 6}. Best is trial 45 with value: 0.03961218520998955.
Time for this trial:  607.1843590736389
Memory status after this trial: 
Memory allocated:  1231.55517578125
Memory cached:  1330.0
--------------------  Trial  126   --------------------
Start timing: 
Parameters: 
{'W_layers': 3, 'W_layer_units_exponent_0': 8, 'W_layer_units_exponent_1': 10, 'W_layer_units_exponent_2': 4, 'D_layers': 2, 'D_layer_units_exponent_0': 6, 'D_layer_units_exponent_1': 6, 'D_dagger_layers': 3, 'D_dagger_layer_units_exponent_0': 8, 'D_dagger_layer_units_exponent_1': 9, 'D_dagger_layer_units_exponent_2': 8, 'log_learning_rate': -4.553267546082115, 'log_learning_rate_D': -2.8625011066735304, 'log_learning_rate_D_dagger': -2.3039123674671487, 'training_batch_size': 6, 'training_p': 7}
	 epoch  0 training error:  tensor(3.0594, device='cuda:0', grad_fn=<DivBackward0>)
Memory status after this epoch: 
Memory allocated:  762.3603515625
Memory cached:  1330.0
	 epoch  10 training error:  tensor(0.5282, device='cuda:0', grad_fn=<DivBackward0>)
Memory status after this epoch: 
Memory allocated:  762.3603515625
Memory cached:  1330.0
	 epoch  20 training error:  tensor(0.5177, device='cuda:0', grad_fn=<DivBackward0>)
Memory status after this epoch: 
Memory allocated:  762.3603515625
Memory cached:  1330.0
	 epoch  30 training error:  tensor(0.5053, device='cuda:0', grad_fn=<DivBackward0>)
Memory status after this epoch: 
Memory allocated:  762.3603515625
Memory cached:  1330.0
	 epoch  40 training error:  tensor(0.3987, device='cuda:0', grad_fn=<DivBackward0>)
Memory status after this epoch: 
Memory allocated:  762.3603515625
Memory cached:  1330.0
	 epoch  50 training error:  tensor(0.2682, device='cuda:0', grad_fn=<DivBackward0>)
Memory status after this epoch: 
Memory allocated:  762.3603515625
Memory cached:  1330.0
	 epoch  60 training error:  tensor(0.2455, device='cuda:0', grad_fn=<DivBackward0>)
Memory status after this epoch: 
Memory allocated:  762.3603515625
Memory cached:  1330.0
	 epoch  70 training error:  tensor(0.1842, device='cuda:0', grad_fn=<DivBackward0>)
Memory status after this epoch: 
Memory allocated:  762.3603515625
Memory cached:  1330.0
	 epoch  80 training error:  tensor(0.1564, device='cuda:0', grad_fn=<DivBackward0>)
Memory status after this epoch: 
Memory allocated:  762.3603515625
Memory cached:  1330.0
	 epoch  90 training error:  tensor(0.1600, device='cuda:0', grad_fn=<DivBackward0>)
Memory status after this epoch: 
Memory allocated:  762.3603515625
Memory cached:  1330.0
[I 2024-02-17 12:04:27,698] Trial 126 finished with value: 0.11098170280456543 and parameters: {'W_layers': 3, 'W_layer_units_exponent_0': 8, 'W_layer_units_exponent_1': 10, 'W_layer_units_exponent_2': 4, 'D_layers': 2, 'D_layer_units_exponent_0': 6, 'D_layer_units_exponent_1': 6, 'D_dagger_layers': 3, 'D_dagger_layer_units_exponent_0': 8, 'D_dagger_layer_units_exponent_1': 9, 'D_dagger_layer_units_exponent_2': 8, 'log_learning_rate': -4.553267546082115, 'log_learning_rate_D': -2.8625011066735304, 'log_learning_rate_D_dagger': -2.3039123674671487, 'training_batch_size': 6, 'training_p': 7}. Best is trial 45 with value: 0.03961218520998955.
Time for this trial:  569.4552607536316
Memory status after this trial: 
Memory allocated:  1271.05322265625
Memory cached:  1330.0
--------------------  Trial  127   --------------------
Start timing: 
Parameters: 
{'W_layers': 5, 'W_layer_units_exponent_0': 7, 'W_layer_units_exponent_1': 10, 'W_layer_units_exponent_2': 4, 'W_layer_units_exponent_3': 10, 'W_layer_units_exponent_4': 7, 'D_layers': 3, 'D_layer_units_exponent_0': 7, 'D_layer_units_exponent_1': 9, 'D_layer_units_exponent_2': 9, 'D_dagger_layers': 4, 'D_dagger_layer_units_exponent_0': 10, 'D_dagger_layer_units_exponent_1': 6, 'D_dagger_layer_units_exponent_2': 7, 'D_dagger_layer_units_exponent_3': 5, 'log_learning_rate': -4.681465212841148, 'log_learning_rate_D': -3.4761068106034205, 'log_learning_rate_D_dagger': -2.7268369960020875, 'training_batch_size': 6, 'training_p': 8}
	 epoch  0 training error:  tensor(0.7206, device='cuda:0', grad_fn=<DivBackward0>)
Memory status after this epoch: 
Memory allocated:  764.7958984375
Memory cached:  1342.0
	 epoch  10 training error:  tensor(0.5274, device='cuda:0', grad_fn=<DivBackward0>)
Memory status after this epoch: 
Memory allocated:  764.7958984375
Memory cached:  1354.0
	 epoch  20 training error:  tensor(0.3073, device='cuda:0', grad_fn=<DivBackward0>)
Memory status after this epoch: 
Memory allocated:  764.7958984375
Memory cached:  1352.0
	 epoch  30 training error:  tensor(0.1447, device='cuda:0', grad_fn=<DivBackward0>)
Memory status after this epoch: 
Memory allocated:  764.7958984375
Memory cached:  1358.0
	 epoch  40 training error:  tensor(0.1139, device='cuda:0', grad_fn=<DivBackward0>)
Memory status after this epoch: 
Memory allocated:  764.7958984375
Memory cached:  1354.0
	 epoch  50 training error:  tensor(0.1150, device='cuda:0', grad_fn=<DivBackward0>)
Memory status after this epoch: 
Memory allocated:  764.7958984375
Memory cached:  1360.0
	 epoch  60 training error:  tensor(0.0979, device='cuda:0', grad_fn=<DivBackward0>)
Memory status after this epoch: 
Memory allocated:  764.7958984375
Memory cached:  1360.0
	 epoch  70 training error:  tensor(0.0985, device='cuda:0', grad_fn=<DivBackward0>)
Memory status after this epoch: 
Memory allocated:  764.7958984375
Memory cached:  1358.0
	 epoch  80 training error:  tensor(0.0951, device='cuda:0', grad_fn=<DivBackward0>)
Memory status after this epoch: 
Memory allocated:  764.7958984375
Memory cached:  1356.0
	 epoch  90 training error:  tensor(0.0736, device='cuda:0', grad_fn=<DivBackward0>)
Memory status after this epoch: 
Memory allocated:  764.7958984375
Memory cached:  1352.0
[I 2024-02-17 12:16:36,680] Trial 127 finished with value: 0.08162321150302887 and parameters: {'W_layers': 5, 'W_layer_units_exponent_0': 7, 'W_layer_units_exponent_1': 10, 'W_layer_units_exponent_2': 4, 'W_layer_units_exponent_3': 10, 'W_layer_units_exponent_4': 7, 'D_layers': 3, 'D_layer_units_exponent_0': 7, 'D_layer_units_exponent_1': 9, 'D_layer_units_exponent_2': 9, 'D_dagger_layers': 4, 'D_dagger_layer_units_exponent_0': 10, 'D_dagger_layer_units_exponent_1': 6, 'D_dagger_layer_units_exponent_2': 7, 'D_dagger_layer_units_exponent_3': 5, 'log_learning_rate': -4.681465212841148, 'log_learning_rate_D': -3.4761068106034205, 'log_learning_rate_D_dagger': -2.7268369960020875, 'training_batch_size': 6, 'training_p': 8}. Best is trial 45 with value: 0.03961218520998955.
Time for this trial:  728.4947428703308
Memory status after this trial: 
Memory allocated:  1745.31787109375
Memory cached:  1754.0
--------------------  Trial  128   --------------------
Start timing: 
Parameters: 
{'W_layers': 6, 'W_layer_units_exponent_0': 8, 'W_layer_units_exponent_1': 7, 'W_layer_units_exponent_2': 9, 'W_layer_units_exponent_3': 9, 'W_layer_units_exponent_4': 6, 'W_layer_units_exponent_5': 5, 'D_layers': 3, 'D_layer_units_exponent_0': 8, 'D_layer_units_exponent_1': 5, 'D_layer_units_exponent_2': 7, 'D_dagger_layers': 4, 'D_dagger_layer_units_exponent_0': 10, 'D_dagger_layer_units_exponent_1': 4, 'D_dagger_layer_units_exponent_2': 9, 'D_dagger_layer_units_exponent_3': 4, 'log_learning_rate': -4.279599411409686, 'log_learning_rate_D': -3.2485537857987548, 'log_learning_rate_D_dagger': -2.2179726347703217, 'training_batch_size': 7, 'training_p': 8}
	 epoch  0 training error:  tensor(1.7295, device='cuda:0', grad_fn=<DivBackward0>)
Memory status after this epoch: 
Memory allocated:  760.7099609375
Memory cached:  1336.0
	 epoch  10 training error:  tensor(0.5414, device='cuda:0', grad_fn=<DivBackward0>)
Memory status after this epoch: 
Memory allocated:  760.7099609375
Memory cached:  1342.0
	 epoch  20 training error:  tensor(0.5353, device='cuda:0', grad_fn=<DivBackward0>)
Memory status after this epoch: 
Memory allocated:  760.7099609375
Memory cached:  1340.0
	 epoch  30 training error:  tensor(0.5340, device='cuda:0', grad_fn=<DivBackward0>)
Memory status after this epoch: 
Memory allocated:  760.7099609375
Memory cached:  1338.0
	 epoch  40 training error:  tensor(0.5288, device='cuda:0', grad_fn=<DivBackward0>)
Memory status after this epoch: 
Memory allocated:  760.7099609375
Memory cached:  1340.0
	 epoch  50 training error:  tensor(0.5243, device='cuda:0', grad_fn=<DivBackward0>)
Memory status after this epoch: 
Memory allocated:  760.7099609375
Memory cached:  1346.0
	 epoch  60 training error:  tensor(0.4273, device='cuda:0', grad_fn=<DivBackward0>)
Memory status after this epoch: 
Memory allocated:  760.7099609375
Memory cached:  1338.0
	 epoch  70 training error:  tensor(0.3506, device='cuda:0', grad_fn=<DivBackward0>)
Memory status after this epoch: 
Memory allocated:  760.7099609375
Memory cached:  1340.0
	 epoch  80 training error:  tensor(0.2936, device='cuda:0', grad_fn=<DivBackward0>)
Memory status after this epoch: 
Memory allocated:  760.7099609375
Memory cached:  1342.0
	 epoch  90 training error:  tensor(0.2394, device='cuda:0', grad_fn=<DivBackward0>)
Memory status after this epoch: 
Memory allocated:  760.7099609375
Memory cached:  1338.0
[I 2024-02-17 12:24:49,247] Trial 128 finished with value: 0.14790835976600647 and parameters: {'W_layers': 6, 'W_layer_units_exponent_0': 8, 'W_layer_units_exponent_1': 7, 'W_layer_units_exponent_2': 9, 'W_layer_units_exponent_3': 9, 'W_layer_units_exponent_4': 6, 'W_layer_units_exponent_5': 5, 'D_layers': 3, 'D_layer_units_exponent_0': 8, 'D_layer_units_exponent_1': 5, 'D_layer_units_exponent_2': 7, 'D_dagger_layers': 4, 'D_dagger_layer_units_exponent_0': 10, 'D_dagger_layer_units_exponent_1': 4, 'D_dagger_layer_units_exponent_2': 9, 'D_dagger_layer_units_exponent_3': 4, 'log_learning_rate': -4.279599411409686, 'log_learning_rate_D': -3.2485537857987548, 'log_learning_rate_D_dagger': -2.2179726347703217, 'training_batch_size': 7, 'training_p': 8}. Best is trial 45 with value: 0.03961218520998955.
Time for this trial:  492.08261227607727
Memory status after this trial: 
Memory allocated:  1496.63330078125
Memory cached:  1504.0
--------------------  Trial  129   --------------------
Start timing: 
Parameters: 
{'W_layers': 3, 'W_layer_units_exponent_0': 7, 'W_layer_units_exponent_1': 8, 'W_layer_units_exponent_2': 7, 'D_layers': 3, 'D_layer_units_exponent_0': 8, 'D_layer_units_exponent_1': 4, 'D_layer_units_exponent_2': 8, 'D_dagger_layers': 3, 'D_dagger_layer_units_exponent_0': 9, 'D_dagger_layer_units_exponent_1': 8, 'D_dagger_layer_units_exponent_2': 6, 'log_learning_rate': -3.8606363751072577, 'log_learning_rate_D': -3.6128811936235317, 'log_learning_rate_D_dagger': -2.954844591013368, 'training_batch_size': 6, 'training_p': 6}
	 epoch  0 training error:  tensor(0.7053, device='cuda:0', grad_fn=<DivBackward0>)
Memory status after this epoch: 
Memory allocated:  757.4208984375
Memory cached:  1330.0
	 epoch  10 training error:  tensor(0.4931, device='cuda:0', grad_fn=<DivBackward0>)
Memory status after this epoch: 
Memory allocated:  757.4208984375
Memory cached:  1330.0
	 epoch  20 training error:  tensor(0.4317, device='cuda:0', grad_fn=<DivBackward0>)
Memory status after this epoch: 
Memory allocated:  757.4208984375
Memory cached:  1330.0
	 epoch  30 training error:  tensor(0.2701, device='cuda:0', grad_fn=<DivBackward0>)
Memory status after this epoch: 
Memory allocated:  757.4208984375
Memory cached:  1330.0
	 epoch  40 training error:  tensor(0.2601, device='cuda:0', grad_fn=<DivBackward0>)
Memory status after this epoch: 
Memory allocated:  757.4208984375
Memory cached:  1330.0
	 epoch  50 training error:  tensor(0.2456, device='cuda:0', grad_fn=<DivBackward0>)
Memory status after this epoch: 
Memory allocated:  757.4208984375
Memory cached:  1330.0
	 epoch  60 training error:  tensor(0.2256, device='cuda:0', grad_fn=<DivBackward0>)
Memory status after this epoch: 
Memory allocated:  757.4208984375
Memory cached:  1330.0
	 epoch  70 training error:  tensor(0.2001, device='cuda:0', grad_fn=<DivBackward0>)
Memory status after this epoch: 
Memory allocated:  757.4208984375
Memory cached:  1330.0
	 epoch  80 training error:  tensor(0.1887, device='cuda:0', grad_fn=<DivBackward0>)
Memory status after this epoch: 
Memory allocated:  757.4208984375
Memory cached:  1330.0
	 epoch  90 training error:  tensor(0.1591, device='cuda:0', grad_fn=<DivBackward0>)
Memory status after this epoch: 
Memory allocated:  757.4208984375
Memory cached:  1330.0
[I 2024-02-17 12:34:53,182] Trial 129 finished with value: 0.0870848223567009 and parameters: {'W_layers': 3, 'W_layer_units_exponent_0': 7, 'W_layer_units_exponent_1': 8, 'W_layer_units_exponent_2': 7, 'D_layers': 3, 'D_layer_units_exponent_0': 8, 'D_layer_units_exponent_1': 4, 'D_layer_units_exponent_2': 8, 'D_dagger_layers': 3, 'D_dagger_layer_units_exponent_0': 9, 'D_dagger_layer_units_exponent_1': 8, 'D_dagger_layer_units_exponent_2': 6, 'log_learning_rate': -3.8606363751072577, 'log_learning_rate_D': -3.6128811936235317, 'log_learning_rate_D_dagger': -2.954844591013368, 'training_batch_size': 6, 'training_p': 6}. Best is trial 45 with value: 0.03961218520998955.
Time for this trial:  603.3640670776367
Memory status after this trial: 
Memory allocated:  1141.32275390625
Memory cached:  1330.0
--------------------  Trial  130   --------------------
Start timing: 
Parameters: 
{'W_layers': 4, 'W_layer_units_exponent_0': 8, 'W_layer_units_exponent_1': 9, 'W_layer_units_exponent_2': 4, 'W_layer_units_exponent_3': 8, 'D_layers': 4, 'D_layer_units_exponent_0': 7, 'D_layer_units_exponent_1': 8, 'D_layer_units_exponent_2': 10, 'D_layer_units_exponent_3': 6, 'D_dagger_layers': 2, 'D_dagger_layer_units_exponent_0': 10, 'D_dagger_layer_units_exponent_1': 7, 'log_learning_rate': -4.184669089319944, 'log_learning_rate_D': -3.062727329773014, 'log_learning_rate_D_dagger': -2.5519845459264605, 'training_batch_size': 6, 'training_p': 7}
	 epoch  0 training error:  tensor(1.8755, device='cuda:0', grad_fn=<DivBackward0>)
Memory status after this epoch: 
Memory allocated:  763.7763671875
Memory cached:  1332.0
	 epoch  10 training error:  tensor(0.5415, device='cuda:0', grad_fn=<DivBackward0>)
Memory status after this epoch: 
Memory allocated:  763.7763671875
Memory cached:  1332.0
	 epoch  20 training error:  tensor(0.5311, device='cuda:0', grad_fn=<DivBackward0>)
Memory status after this epoch: 
Memory allocated:  763.7763671875
Memory cached:  1332.0
	 epoch  30 training error:  tensor(0.5322, device='cuda:0', grad_fn=<DivBackward0>)
Memory status after this epoch: 
Memory allocated:  763.7763671875
Memory cached:  1334.0
	 epoch  40 training error:  tensor(0.5013, device='cuda:0', grad_fn=<DivBackward0>)
Memory status after this epoch: 
Memory allocated:  763.7763671875
Memory cached:  1332.0
	 epoch  50 training error:  tensor(0.5071, device='cuda:0', grad_fn=<DivBackward0>)
Memory status after this epoch: 
Memory allocated:  763.7763671875
Memory cached:  1336.0
	 epoch  60 training error:  tensor(0.5990, device='cuda:0', grad_fn=<DivBackward0>)
Memory status after this epoch: 
Memory allocated:  763.7763671875
Memory cached:  1334.0
	 epoch  70 training error:  tensor(0.5157, device='cuda:0', grad_fn=<DivBackward0>)
Memory status after this epoch: 
Memory allocated:  763.7763671875
Memory cached:  1334.0
	 epoch  80 training error:  tensor(0.5127, device='cuda:0', grad_fn=<DivBackward0>)
Memory status after this epoch: 
Memory allocated:  763.7763671875
Memory cached:  1336.0
	 epoch  90 training error:  tensor(0.5043, device='cuda:0', grad_fn=<DivBackward0>)
Memory status after this epoch: 
Memory allocated:  763.7763671875
Memory cached:  1338.0
[I 2024-02-17 12:45:45,875] Trial 130 finished with value: 0.2555999457836151 and parameters: {'W_layers': 4, 'W_layer_units_exponent_0': 8, 'W_layer_units_exponent_1': 9, 'W_layer_units_exponent_2': 4, 'W_layer_units_exponent_3': 8, 'D_layers': 4, 'D_layer_units_exponent_0': 7, 'D_layer_units_exponent_1': 8, 'D_layer_units_exponent_2': 10, 'D_layer_units_exponent_3': 6, 'D_dagger_layers': 2, 'D_dagger_layer_units_exponent_0': 10, 'D_dagger_layer_units_exponent_1': 7, 'log_learning_rate': -4.184669089319944, 'log_learning_rate_D': -3.062727329773014, 'log_learning_rate_D_dagger': -2.5519845459264605, 'training_batch_size': 6, 'training_p': 7}. Best is trial 45 with value: 0.03961218520998955.
Time for this trial:  652.2194163799286
Memory status after this trial: 
Memory allocated:  1525.23779296875
Memory cached:  1534.0
--------------------  Trial  131   --------------------
Start timing: 
Parameters: 
{'W_layers': 3, 'W_layer_units_exponent_0': 9, 'W_layer_units_exponent_1': 5, 'W_layer_units_exponent_2': 4, 'D_layers': 4, 'D_layer_units_exponent_0': 7, 'D_layer_units_exponent_1': 8, 'D_layer_units_exponent_2': 9, 'D_layer_units_exponent_3': 7, 'D_dagger_layers': 5, 'D_dagger_layer_units_exponent_0': 10, 'D_dagger_layer_units_exponent_1': 9, 'D_dagger_layer_units_exponent_2': 8, 'D_dagger_layer_units_exponent_3': 7, 'D_dagger_layer_units_exponent_4': 6, 'log_learning_rate': -4.472777423703274, 'log_learning_rate_D': -3.746275603250998, 'log_learning_rate_D_dagger': -2.6759922445524857, 'training_batch_size': 6, 'training_p': 5}
	 epoch  0 training error:  tensor(1.0086, device='cuda:0', grad_fn=<DivBackward0>)
Memory status after this epoch: 
Memory allocated:  768.4736328125
Memory cached:  1352.0
	 epoch  10 training error:  tensor(0.4581, device='cuda:0', grad_fn=<DivBackward0>)
Memory status after this epoch: 
Memory allocated:  768.4736328125
Memory cached:  1354.0
	 epoch  20 training error:  tensor(0.3056, device='cuda:0', grad_fn=<DivBackward0>)
Memory status after this epoch: 
Memory allocated:  768.4736328125
Memory cached:  1358.0
	 epoch  30 training error:  tensor(0.2153, device='cuda:0', grad_fn=<DivBackward0>)
Memory status after this epoch: 
Memory allocated:  768.4736328125
Memory cached:  1360.0
	 epoch  40 training error:  tensor(0.1857, device='cuda:0', grad_fn=<DivBackward0>)
Memory status after this epoch: 
Memory allocated:  768.4736328125
Memory cached:  1356.0
	 epoch  50 training error:  tensor(0.1616, device='cuda:0', grad_fn=<DivBackward0>)
Memory status after this epoch: 
Memory allocated:  768.4736328125
Memory cached:  1352.0
	 epoch  60 training error:  tensor(0.1132, device='cuda:0', grad_fn=<DivBackward0>)
Memory status after this epoch: 
Memory allocated:  768.4736328125
Memory cached:  1364.0
	 epoch  70 training error:  tensor(0.1001, device='cuda:0', grad_fn=<DivBackward0>)
Memory status after this epoch: 
Memory allocated:  768.4736328125
Memory cached:  1358.0
	 epoch  80 training error:  tensor(0.1031, device='cuda:0', grad_fn=<DivBackward0>)
Memory status after this epoch: 
Memory allocated:  768.4736328125
Memory cached:  1358.0
	 epoch  90 training error:  tensor(0.0785, device='cuda:0', grad_fn=<DivBackward0>)
Memory status after this epoch: 
Memory allocated:  768.4736328125
Memory cached:  1358.0
