[I 2024-01-11 05:57:09,558] Trial 149 finished with value: 0.12634050846099854 and parameters: {'W_layers': 2, 'W_layer_units_exponent_0': 8, 'W_layer_units_exponent_1': 5, 'D_layers': 4, 'D_layer_units_exponent_0': 8, 'D_layer_units_exponent_1': 6, 'D_layer_units_exponent_2': 8, 'D_layer_units_exponent_3': 5, 'D_dagger_layers': 4, 'D_dagger_layer_units_exponent_0': 10, 'D_dagger_layer_units_exponent_1': 6, 'D_dagger_layer_units_exponent_2': 5, 'D_dagger_layer_units_exponent_3': 7, 'log_learning_rate': -3.7758520038172185, 'log_learning_rate_D': -2.331819576573489, 'log_learning_rate_D_dagger': -2.956562458281535, 'training_batch_size': 6, 'training_p': 8}. Best is trial 145 with value: 0.0653865784406662.
Time for this trial:  394.4027099609375
Memory status after this trial: 
Memory allocated:  453.708984375
Memory cached:  456.0
--------------------  Trial  150   --------------------
Start timing: 
Parameters: 
{'W_layers': 2, 'W_layer_units_exponent_0': 8, 'W_layer_units_exponent_1': 5, 'D_layers': 4, 'D_layer_units_exponent_0': 8, 'D_layer_units_exponent_1': 6, 'D_layer_units_exponent_2': 8, 'D_layer_units_exponent_3': 6, 'D_dagger_layers': 4, 'D_dagger_layer_units_exponent_0': 10, 'D_dagger_layer_units_exponent_1': 6, 'D_dagger_layer_units_exponent_2': 5, 'D_dagger_layer_units_exponent_3': 7, 'log_learning_rate': -3.589348844671508, 'log_learning_rate_D': -2.3799829965812336, 'log_learning_rate_D_dagger': -2.8913321438554633, 'training_batch_size': 6, 'training_p': 8}
	 epoch  0 training error:  tensor(0.7667, device='cuda:0', grad_fn=<DivBackward0>)
Memory status after this epoch: 
Memory allocated:  229.0263671875
Memory cached:  428.0
	 epoch  10 training error:  tensor(0.3649, device='cuda:0', grad_fn=<DivBackward0>)
Memory status after this epoch: 
Memory allocated:  229.0263671875
Memory cached:  430.0
	 epoch  20 training error:  tensor(0.2931, device='cuda:0', grad_fn=<DivBackward0>)
Memory status after this epoch: 
Memory allocated:  229.0263671875
Memory cached:  434.0
	 epoch  30 training error:  tensor(0.2051, device='cuda:0', grad_fn=<DivBackward0>)
Memory status after this epoch: 
Memory allocated:  229.0263671875
Memory cached:  434.0
	 epoch  40 training error:  tensor(0.2012, device='cuda:0', grad_fn=<DivBackward0>)
Memory status after this epoch: 
Memory allocated:  229.0263671875
Memory cached:  430.0
	 epoch  50 training error:  tensor(0.2233, device='cuda:0', grad_fn=<DivBackward0>)
Memory status after this epoch: 
Memory allocated:  229.0263671875
Memory cached:  432.0
	 epoch  60 training error:  tensor(0.1694, device='cuda:0', grad_fn=<DivBackward0>)
Memory status after this epoch: 
Memory allocated:  229.0263671875
Memory cached:  430.0
	 epoch  70 training error:  tensor(0.2086, device='cuda:0', grad_fn=<DivBackward0>)
Memory status after this epoch: 
Memory allocated:  229.0263671875
Memory cached:  430.0
	 epoch  80 training error:  tensor(0.1816, device='cuda:0', grad_fn=<DivBackward0>)
Memory status after this epoch: 
Memory allocated:  229.0263671875
Memory cached:  432.0
	 epoch  90 training error:  tensor(0.1717, device='cuda:0', grad_fn=<DivBackward0>)
Memory status after this epoch: 
Memory allocated:  229.0263671875
Memory cached:  434.0
[I 2024-01-11 06:03:43,365] Trial 150 finished with value: 0.07614167779684067 and parameters: {'W_layers': 2, 'W_layer_units_exponent_0': 8, 'W_layer_units_exponent_1': 5, 'D_layers': 4, 'D_layer_units_exponent_0': 8, 'D_layer_units_exponent_1': 6, 'D_layer_units_exponent_2': 8, 'D_layer_units_exponent_3': 6, 'D_dagger_layers': 4, 'D_dagger_layer_units_exponent_0': 10, 'D_dagger_layer_units_exponent_1': 6, 'D_dagger_layer_units_exponent_2': 5, 'D_dagger_layer_units_exponent_3': 7, 'log_learning_rate': -3.589348844671508, 'log_learning_rate_D': -2.3799829965812336, 'log_learning_rate_D_dagger': -2.8913321438554633, 'training_batch_size': 6, 'training_p': 8}. Best is trial 145 with value: 0.0653865784406662.
Time for this trial:  393.41299772262573
Memory status after this trial: 
Memory allocated:  456.671875
Memory cached:  460.0
--------------------  Trial  151   --------------------
Start timing: 
Parameters: 
{'W_layers': 2, 'W_layer_units_exponent_0': 8, 'W_layer_units_exponent_1': 5, 'D_layers': 4, 'D_layer_units_exponent_0': 8, 'D_layer_units_exponent_1': 6, 'D_layer_units_exponent_2': 8, 'D_layer_units_exponent_3': 6, 'D_dagger_layers': 4, 'D_dagger_layer_units_exponent_0': 10, 'D_dagger_layer_units_exponent_1': 6, 'D_dagger_layer_units_exponent_2': 5, 'D_dagger_layer_units_exponent_3': 7, 'log_learning_rate': -3.596440787513124, 'log_learning_rate_D': -2.2669901384872992, 'log_learning_rate_D_dagger': -3.115289200232489, 'training_batch_size': 6, 'training_p': 8}
	 epoch  0 training error:  tensor(0.7261, device='cuda:0', grad_fn=<DivBackward0>)
Memory status after this epoch: 
Memory allocated:  229.0263671875
Memory cached:  428.0
	 epoch  10 training error:  tensor(0.3976, device='cuda:0', grad_fn=<DivBackward0>)
Memory status after this epoch: 
Memory allocated:  229.0263671875
Memory cached:  428.0
	 epoch  20 training error:  tensor(0.3766, device='cuda:0', grad_fn=<DivBackward0>)
Memory status after this epoch: 
Memory allocated:  229.0263671875
Memory cached:  428.0
	 epoch  30 training error:  tensor(0.3995, device='cuda:0', grad_fn=<DivBackward0>)
Memory status after this epoch: 
Memory allocated:  229.0263671875
Memory cached:  434.0
	 epoch  40 training error:  tensor(0.3509, device='cuda:0', grad_fn=<DivBackward0>)
Memory status after this epoch: 
Memory allocated:  229.0263671875
Memory cached:  430.0
	 epoch  50 training error:  tensor(0.3298, device='cuda:0', grad_fn=<DivBackward0>)
Memory status after this epoch: 
Memory allocated:  229.0263671875
Memory cached:  432.0
	 epoch  60 training error:  tensor(0.4061, device='cuda:0', grad_fn=<DivBackward0>)
Memory status after this epoch: 
Memory allocated:  229.0263671875
Memory cached:  430.0
	 epoch  70 training error:  tensor(0.3740, device='cuda:0', grad_fn=<DivBackward0>)
Memory status after this epoch: 
Memory allocated:  229.0263671875
Memory cached:  430.0
	 epoch  80 training error:  tensor(0.3557, device='cuda:0', grad_fn=<DivBackward0>)
Memory status after this epoch: 
Memory allocated:  229.0263671875
Memory cached:  432.0
	 epoch  90 training error:  tensor(0.3478, device='cuda:0', grad_fn=<DivBackward0>)
Memory status after this epoch: 
Memory allocated:  229.0263671875
Memory cached:  432.0
[I 2024-01-11 06:10:08,949] Trial 151 finished with value: 0.18339823186397552 and parameters: {'W_layers': 2, 'W_layer_units_exponent_0': 8, 'W_layer_units_exponent_1': 5, 'D_layers': 4, 'D_layer_units_exponent_0': 8, 'D_layer_units_exponent_1': 6, 'D_layer_units_exponent_2': 8, 'D_layer_units_exponent_3': 6, 'D_dagger_layers': 4, 'D_dagger_layer_units_exponent_0': 10, 'D_dagger_layer_units_exponent_1': 6, 'D_dagger_layer_units_exponent_2': 5, 'D_dagger_layer_units_exponent_3': 7, 'log_learning_rate': -3.596440787513124, 'log_learning_rate_D': -2.2669901384872992, 'log_learning_rate_D_dagger': -3.115289200232489, 'training_batch_size': 6, 'training_p': 8}. Best is trial 145 with value: 0.0653865784406662.
Time for this trial:  385.1930730342865
Memory status after this trial: 
Memory allocated:  456.671875
Memory cached:  460.0
--------------------  Trial  152   --------------------
Start timing: 
Parameters: 
{'W_layers': 2, 'W_layer_units_exponent_0': 8, 'W_layer_units_exponent_1': 5, 'D_layers': 4, 'D_layer_units_exponent_0': 8, 'D_layer_units_exponent_1': 6, 'D_layer_units_exponent_2': 8, 'D_layer_units_exponent_3': 5, 'D_dagger_layers': 4, 'D_dagger_layer_units_exponent_0': 10, 'D_dagger_layer_units_exponent_1': 6, 'D_dagger_layer_units_exponent_2': 5, 'D_dagger_layer_units_exponent_3': 7, 'log_learning_rate': -3.519858034338748, 'log_learning_rate_D': -2.394078519522256, 'log_learning_rate_D_dagger': -2.866231949600228, 'training_batch_size': 6, 'training_p': 8}
	 epoch  0 training error:  tensor(0.6691, device='cuda:0', grad_fn=<DivBackward0>)
Memory status after this epoch: 
Memory allocated:  228.9013671875
Memory cached:  432.0
	 epoch  10 training error:  tensor(0.3984, device='cuda:0', grad_fn=<DivBackward0>)
Memory status after this epoch: 
Memory allocated:  228.9013671875
Memory cached:  442.0
	 epoch  20 training error:  tensor(0.4070, device='cuda:0', grad_fn=<DivBackward0>)
Memory status after this epoch: 
Memory allocated:  228.9013671875
Memory cached:  440.0
	 epoch  30 training error:  tensor(0.3604, device='cuda:0', grad_fn=<DivBackward0>)
Memory status after this epoch: 
Memory allocated:  228.9013671875
Memory cached:  440.0
	 epoch  40 training error:  tensor(0.3044, device='cuda:0', grad_fn=<DivBackward0>)
Memory status after this epoch: 
Memory allocated:  228.9013671875
Memory cached:  440.0
	 epoch  50 training error:  tensor(0.2707, device='cuda:0', grad_fn=<DivBackward0>)
Memory status after this epoch: 
Memory allocated:  228.9013671875
Memory cached:  438.0
	 epoch  60 training error:  tensor(0.1756, device='cuda:0', grad_fn=<DivBackward0>)
Memory status after this epoch: 
Memory allocated:  228.9013671875
Memory cached:  438.0
	 epoch  70 training error:  tensor(0.1915, device='cuda:0', grad_fn=<DivBackward0>)
Memory status after this epoch: 
Memory allocated:  228.9013671875
Memory cached:  436.0
	 epoch  80 training error:  tensor(0.2437, device='cuda:0', grad_fn=<DivBackward0>)
Memory status after this epoch: 
Memory allocated:  228.9013671875
Memory cached:  438.0
	 epoch  90 training error:  tensor(0.1539, device='cuda:0', grad_fn=<DivBackward0>)
Memory status after this epoch: 
Memory allocated:  228.9013671875
Memory cached:  436.0
[I 2024-01-11 06:16:43,564] Trial 152 finished with value: 0.07374134659767151 and parameters: {'W_layers': 2, 'W_layer_units_exponent_0': 8, 'W_layer_units_exponent_1': 5, 'D_layers': 4, 'D_layer_units_exponent_0': 8, 'D_layer_units_exponent_1': 6, 'D_layer_units_exponent_2': 8, 'D_layer_units_exponent_3': 5, 'D_dagger_layers': 4, 'D_dagger_layer_units_exponent_0': 10, 'D_dagger_layer_units_exponent_1': 6, 'D_dagger_layer_units_exponent_2': 5, 'D_dagger_layer_units_exponent_3': 7, 'log_learning_rate': -3.519858034338748, 'log_learning_rate_D': -2.394078519522256, 'log_learning_rate_D_dagger': -2.866231949600228, 'training_batch_size': 6, 'training_p': 8}. Best is trial 145 with value: 0.0653865784406662.
Time for this trial:  394.21864008903503
Memory status after this trial: 
Memory allocated:  453.708984375
Memory cached:  456.0
--------------------  Trial  153   --------------------
Start timing: 
Parameters: 
{'W_layers': 2, 'W_layer_units_exponent_0': 8, 'W_layer_units_exponent_1': 5, 'D_layers': 4, 'D_layer_units_exponent_0': 8, 'D_layer_units_exponent_1': 6, 'D_layer_units_exponent_2': 8, 'D_layer_units_exponent_3': 6, 'D_dagger_layers': 4, 'D_dagger_layer_units_exponent_0': 10, 'D_dagger_layer_units_exponent_1': 6, 'D_dagger_layer_units_exponent_2': 5, 'D_dagger_layer_units_exponent_3': 7, 'log_learning_rate': -3.4181282429394404, 'log_learning_rate_D': -2.3812256929429574, 'log_learning_rate_D_dagger': -2.873727912141826, 'training_batch_size': 6, 'training_p': 8}
	 epoch  0 training error:  tensor(0.7930, device='cuda:0', grad_fn=<DivBackward0>)
Memory status after this epoch: 
Memory allocated:  229.0263671875
Memory cached:  428.0
	 epoch  10 training error:  tensor(0.3993, device='cuda:0', grad_fn=<DivBackward0>)
Memory status after this epoch: 
Memory allocated:  229.0263671875
Memory cached:  430.0
	 epoch  20 training error:  tensor(0.3735, device='cuda:0', grad_fn=<DivBackward0>)
Memory status after this epoch: 
Memory allocated:  229.0263671875
Memory cached:  430.0
	 epoch  30 training error:  tensor(0.3157, device='cuda:0', grad_fn=<DivBackward0>)
Memory status after this epoch: 
Memory allocated:  229.0263671875
Memory cached:  430.0
	 epoch  40 training error:  tensor(0.1927, device='cuda:0', grad_fn=<DivBackward0>)
Memory status after this epoch: 
Memory allocated:  229.0263671875
Memory cached:  430.0
	 epoch  50 training error:  tensor(0.1649, device='cuda:0', grad_fn=<DivBackward0>)
Memory status after this epoch: 
Memory allocated:  229.0263671875
Memory cached:  428.0
	 epoch  60 training error:  tensor(0.1391, device='cuda:0', grad_fn=<DivBackward0>)
Memory status after this epoch: 
Memory allocated:  229.0263671875
Memory cached:  430.0
	 epoch  70 training error:  tensor(0.1185, device='cuda:0', grad_fn=<DivBackward0>)
Memory status after this epoch: 
Memory allocated:  229.0263671875
Memory cached:  430.0
	 epoch  80 training error:  tensor(0.1582, device='cuda:0', grad_fn=<DivBackward0>)
Memory status after this epoch: 
Memory allocated:  229.0263671875
Memory cached:  432.0
	 epoch  90 training error:  tensor(0.1223, device='cuda:0', grad_fn=<DivBackward0>)
Memory status after this epoch: 
Memory allocated:  229.0263671875
Memory cached:  428.0
[I 2024-01-11 06:23:18,133] Trial 153 finished with value: 0.09675335139036179 and parameters: {'W_layers': 2, 'W_layer_units_exponent_0': 8, 'W_layer_units_exponent_1': 5, 'D_layers': 4, 'D_layer_units_exponent_0': 8, 'D_layer_units_exponent_1': 6, 'D_layer_units_exponent_2': 8, 'D_layer_units_exponent_3': 6, 'D_dagger_layers': 4, 'D_dagger_layer_units_exponent_0': 10, 'D_dagger_layer_units_exponent_1': 6, 'D_dagger_layer_units_exponent_2': 5, 'D_dagger_layer_units_exponent_3': 7, 'log_learning_rate': -3.4181282429394404, 'log_learning_rate_D': -2.3812256929429574, 'log_learning_rate_D_dagger': -2.873727912141826, 'training_batch_size': 6, 'training_p': 8}. Best is trial 145 with value: 0.0653865784406662.
Time for this trial:  394.1619803905487
Memory status after this trial: 
Memory allocated:  456.671875
Memory cached:  460.0
--------------------  Trial  154   --------------------
Start timing: 
Parameters: 
{'W_layers': 2, 'W_layer_units_exponent_0': 8, 'W_layer_units_exponent_1': 5, 'D_layers': 4, 'D_layer_units_exponent_0': 8, 'D_layer_units_exponent_1': 6, 'D_layer_units_exponent_2': 8, 'D_layer_units_exponent_3': 6, 'D_dagger_layers': 4, 'D_dagger_layer_units_exponent_0': 10, 'D_dagger_layer_units_exponent_1': 6, 'D_dagger_layer_units_exponent_2': 5, 'D_dagger_layer_units_exponent_3': 7, 'log_learning_rate': -3.380670569723479, 'log_learning_rate_D': -2.382778555283832, 'log_learning_rate_D_dagger': -2.875118982246586, 'training_batch_size': 6, 'training_p': 8}
	 epoch  0 training error:  tensor(0.7751, device='cuda:0', grad_fn=<DivBackward0>)
Memory status after this epoch: 
Memory allocated:  229.0263671875
Memory cached:  428.0
	 epoch  10 training error:  tensor(0.4140, device='cuda:0', grad_fn=<DivBackward0>)
Memory status after this epoch: 
Memory allocated:  229.0263671875
Memory cached:  430.0
	 epoch  20 training error:  tensor(0.3992, device='cuda:0', grad_fn=<DivBackward0>)
Memory status after this epoch: 
Memory allocated:  229.0263671875
Memory cached:  430.0
	 epoch  30 training error:  tensor(0.3635, device='cuda:0', grad_fn=<DivBackward0>)
Memory status after this epoch: 
Memory allocated:  229.0263671875
Memory cached:  430.0
	 epoch  40 training error:  tensor(0.2352, device='cuda:0', grad_fn=<DivBackward0>)
Memory status after this epoch: 
Memory allocated:  229.0263671875
Memory cached:  430.0
	 epoch  50 training error:  tensor(0.2028, device='cuda:0', grad_fn=<DivBackward0>)
Memory status after this epoch: 
Memory allocated:  229.0263671875
Memory cached:  428.0
	 epoch  60 training error:  tensor(0.1672, device='cuda:0', grad_fn=<DivBackward0>)
Memory status after this epoch: 
Memory allocated:  229.0263671875
Memory cached:  430.0
	 epoch  70 training error:  tensor(0.1690, device='cuda:0', grad_fn=<DivBackward0>)
Memory status after this epoch: 
Memory allocated:  229.0263671875
Memory cached:  430.0
	 epoch  80 training error:  tensor(0.2053, device='cuda:0', grad_fn=<DivBackward0>)
Memory status after this epoch: 
Memory allocated:  229.0263671875
Memory cached:  432.0
	 epoch  90 training error:  tensor(0.1557, device='cuda:0', grad_fn=<DivBackward0>)
Memory status after this epoch: 
Memory allocated:  229.0263671875
Memory cached:  428.0
[I 2024-01-11 06:29:49,914] Trial 154 finished with value: 0.1106623038649559 and parameters: {'W_layers': 2, 'W_layer_units_exponent_0': 8, 'W_layer_units_exponent_1': 5, 'D_layers': 4, 'D_layer_units_exponent_0': 8, 'D_layer_units_exponent_1': 6, 'D_layer_units_exponent_2': 8, 'D_layer_units_exponent_3': 6, 'D_dagger_layers': 4, 'D_dagger_layer_units_exponent_0': 10, 'D_dagger_layer_units_exponent_1': 6, 'D_dagger_layer_units_exponent_2': 5, 'D_dagger_layer_units_exponent_3': 7, 'log_learning_rate': -3.380670569723479, 'log_learning_rate_D': -2.382778555283832, 'log_learning_rate_D_dagger': -2.875118982246586, 'training_batch_size': 6, 'training_p': 8}. Best is trial 145 with value: 0.0653865784406662.
Time for this trial:  391.4041621685028
Memory status after this trial: 
Memory allocated:  456.671875
Memory cached:  460.0
--------------------  Trial  155   --------------------
Start timing: 
Parameters: 
{'W_layers': 2, 'W_layer_units_exponent_0': 8, 'W_layer_units_exponent_1': 5, 'D_layers': 4, 'D_layer_units_exponent_0': 8, 'D_layer_units_exponent_1': 6, 'D_layer_units_exponent_2': 8, 'D_layer_units_exponent_3': 6, 'D_dagger_layers': 4, 'D_dagger_layer_units_exponent_0': 10, 'D_dagger_layer_units_exponent_1': 6, 'D_dagger_layer_units_exponent_2': 5, 'D_dagger_layer_units_exponent_3': 7, 'log_learning_rate': -3.649949125244386, 'log_learning_rate_D': -2.0986371828245893, 'log_learning_rate_D_dagger': -3.022579656055379, 'training_batch_size': 6, 'training_p': 8}
	 epoch  0 training error:  tensor(1.3522, device='cuda:0', grad_fn=<DivBackward0>)
Memory status after this epoch: 
Memory allocated:  229.0263671875
Memory cached:  428.0
	 epoch  10 training error:  tensor(0.3834, device='cuda:0', grad_fn=<DivBackward0>)
Memory status after this epoch: 
Memory allocated:  229.0263671875
Memory cached:  430.0
	 epoch  20 training error:  tensor(0.3613, device='cuda:0', grad_fn=<DivBackward0>)
Memory status after this epoch: 
Memory allocated:  229.0263671875
Memory cached:  430.0
	 epoch  30 training error:  tensor(0.3460, device='cuda:0', grad_fn=<DivBackward0>)
Memory status after this epoch: 
Memory allocated:  229.0263671875
Memory cached:  430.0
	 epoch  40 training error:  tensor(0.2288, device='cuda:0', grad_fn=<DivBackward0>)
Memory status after this epoch: 
Memory allocated:  229.0263671875
Memory cached:  430.0
	 epoch  50 training error:  tensor(0.1586, device='cuda:0', grad_fn=<DivBackward0>)
Memory status after this epoch: 
Memory allocated:  229.0263671875
Memory cached:  428.0
	 epoch  60 training error:  tensor(0.1371, device='cuda:0', grad_fn=<DivBackward0>)
Memory status after this epoch: 
Memory allocated:  229.0263671875
Memory cached:  430.0
	 epoch  70 training error:  tensor(0.1164, device='cuda:0', grad_fn=<DivBackward0>)
Memory status after this epoch: 
Memory allocated:  229.0263671875
Memory cached:  430.0
	 epoch  80 training error:  tensor(0.1440, device='cuda:0', grad_fn=<DivBackward0>)
Memory status after this epoch: 
Memory allocated:  229.0263671875
Memory cached:  432.0
	 epoch  90 training error:  tensor(0.1526, device='cuda:0', grad_fn=<DivBackward0>)
Memory status after this epoch: 
Memory allocated:  229.0263671875
Memory cached:  428.0
