[I 2024-01-13 10:22:37,034] Trial 167 finished with value: 0.09047657251358032 and parameters: {'W_layers': 2, 'W_layer_units_exponent_0': 7, 'W_layer_units_exponent_1': 4, 'D_layers': 5, 'D_layer_units_exponent_0': 5, 'D_layer_units_exponent_1': 6, 'D_layer_units_exponent_2': 8, 'D_layer_units_exponent_3': 10, 'D_layer_units_exponent_4': 8, 'D_dagger_layers': 5, 'D_dagger_layer_units_exponent_0': 9, 'D_dagger_layer_units_exponent_1': 9, 'D_dagger_layer_units_exponent_2': 7, 'D_dagger_layer_units_exponent_3': 5, 'D_dagger_layer_units_exponent_4': 5, 'log_learning_rate': -4.7486194529258805, 'log_learning_rate_D': -3.4459706766860396, 'log_learning_rate_D_dagger': -2.6529627717196047, 'training_batch_size': 6, 'training_p': 8}. Best is trial 166 with value: 0.057614028453826904.
Time for this trial:  438.20244693756104
Memory status after this trial: 
Memory allocated:  582.80859375
Memory cached:  592.0
--------------------  Trial  168   --------------------
Start timing: 
Parameters: 
{'W_layers': 2, 'W_layer_units_exponent_0': 6, 'W_layer_units_exponent_1': 4, 'D_layers': 5, 'D_layer_units_exponent_0': 4, 'D_layer_units_exponent_1': 6, 'D_layer_units_exponent_2': 8, 'D_layer_units_exponent_3': 10, 'D_layer_units_exponent_4': 8, 'D_dagger_layers': 5, 'D_dagger_layer_units_exponent_0': 9, 'D_dagger_layer_units_exponent_1': 9, 'D_dagger_layer_units_exponent_2': 7, 'D_dagger_layer_units_exponent_3': 7, 'D_dagger_layer_units_exponent_4': 5, 'log_learning_rate': -4.891425258728177, 'log_learning_rate_D': -3.434120719758784, 'log_learning_rate_D_dagger': -2.511348959970556, 'training_batch_size': 6, 'training_p': 6}
	 epoch  0 training error:  tensor(1.0258, device='cuda:0', grad_fn=<DivBackward0>)
Memory status after this epoch: 
Memory allocated:  276.16796875
Memory cached:  512.0
	 epoch  10 training error:  tensor(0.5087, device='cuda:0', grad_fn=<DivBackward0>)
Memory status after this epoch: 
Memory allocated:  276.16796875
Memory cached:  520.0
	 epoch  20 training error:  tensor(0.5037, device='cuda:0', grad_fn=<DivBackward0>)
Memory status after this epoch: 
Memory allocated:  276.16796875
Memory cached:  518.0
	 epoch  30 training error:  tensor(0.4056, device='cuda:0', grad_fn=<DivBackward0>)
Memory status after this epoch: 
Memory allocated:  276.16796875
Memory cached:  516.0
	 epoch  40 training error:  tensor(0.2344, device='cuda:0', grad_fn=<DivBackward0>)
Memory status after this epoch: 
Memory allocated:  276.16796875
Memory cached:  520.0
	 epoch  50 training error:  tensor(0.1333, device='cuda:0', grad_fn=<DivBackward0>)
Memory status after this epoch: 
Memory allocated:  276.16796875
Memory cached:  514.0
	 epoch  60 training error:  tensor(0.2659, device='cuda:0', grad_fn=<DivBackward0>)
Memory status after this epoch: 
Memory allocated:  276.16796875
Memory cached:  520.0
	 epoch  70 training error:  tensor(0.1607, device='cuda:0', grad_fn=<DivBackward0>)
Memory status after this epoch: 
Memory allocated:  276.16796875
Memory cached:  524.0
	 epoch  80 training error:  tensor(0.1403, device='cuda:0', grad_fn=<DivBackward0>)
Memory status after this epoch: 
Memory allocated:  276.16796875
Memory cached:  518.0
	 epoch  90 training error:  tensor(0.1433, device='cuda:0', grad_fn=<DivBackward0>)
Memory status after this epoch: 
Memory allocated:  276.16796875
Memory cached:  518.0
[I 2024-01-13 10:29:53,631] Trial 168 finished with value: 0.13212993741035461 and parameters: {'W_layers': 2, 'W_layer_units_exponent_0': 6, 'W_layer_units_exponent_1': 4, 'D_layers': 5, 'D_layer_units_exponent_0': 4, 'D_layer_units_exponent_1': 6, 'D_layer_units_exponent_2': 8, 'D_layer_units_exponent_3': 10, 'D_layer_units_exponent_4': 8, 'D_dagger_layers': 5, 'D_dagger_layer_units_exponent_0': 9, 'D_dagger_layer_units_exponent_1': 9, 'D_dagger_layer_units_exponent_2': 7, 'D_dagger_layer_units_exponent_3': 7, 'D_dagger_layer_units_exponent_4': 5, 'log_learning_rate': -4.891425258728177, 'log_learning_rate_D': -3.434120719758784, 'log_learning_rate_D_dagger': -2.511348959970556, 'training_batch_size': 6, 'training_p': 6}. Best is trial 166 with value: 0.057614028453826904.
Time for this trial:  436.18841433525085
Memory status after this trial: 
Memory allocated:  584.63623046875
Memory cached:  592.0
--------------------  Trial  169   --------------------
Start timing: 
Parameters: 
{'W_layers': 2, 'W_layer_units_exponent_0': 8, 'W_layer_units_exponent_1': 5, 'D_layers': 5, 'D_layer_units_exponent_0': 5, 'D_layer_units_exponent_1': 6, 'D_layer_units_exponent_2': 8, 'D_layer_units_exponent_3': 10, 'D_layer_units_exponent_4': 6, 'D_dagger_layers': 5, 'D_dagger_layer_units_exponent_0': 9, 'D_dagger_layer_units_exponent_1': 9, 'D_dagger_layer_units_exponent_2': 7, 'D_dagger_layer_units_exponent_3': 6, 'D_dagger_layer_units_exponent_4': 5, 'log_learning_rate': -4.741953872024577, 'log_learning_rate_D': -3.5942697338674705, 'log_learning_rate_D_dagger': -2.686099920904881, 'training_batch_size': 6, 'training_p': 8}
	 epoch  0 training error:  tensor(1.0382, device='cuda:0', grad_fn=<DivBackward0>)
Memory status after this epoch: 
Memory allocated:  273.13671875
Memory cached:  510.0
	 epoch  10 training error:  tensor(0.5697, device='cuda:0', grad_fn=<DivBackward0>)
Memory status after this epoch: 
Memory allocated:  273.13671875
Memory cached:  522.0
	 epoch  20 training error:  tensor(0.5310, device='cuda:0', grad_fn=<DivBackward0>)
Memory status after this epoch: 
Memory allocated:  273.13671875
Memory cached:  518.0
	 epoch  30 training error:  tensor(0.4926, device='cuda:0', grad_fn=<DivBackward0>)
Memory status after this epoch: 
Memory allocated:  273.13671875
Memory cached:  520.0
	 epoch  40 training error:  tensor(0.3340, device='cuda:0', grad_fn=<DivBackward0>)
Memory status after this epoch: 
Memory allocated:  273.13671875
Memory cached:  520.0
	 epoch  50 training error:  tensor(0.2916, device='cuda:0', grad_fn=<DivBackward0>)
Memory status after this epoch: 
Memory allocated:  273.13671875
Memory cached:  520.0
	 epoch  60 training error:  tensor(0.2026, device='cuda:0', grad_fn=<DivBackward0>)
Memory status after this epoch: 
Memory allocated:  273.13671875
Memory cached:  516.0
	 epoch  70 training error:  tensor(0.1894, device='cuda:0', grad_fn=<DivBackward0>)
Memory status after this epoch: 
Memory allocated:  273.13671875
Memory cached:  520.0
	 epoch  80 training error:  tensor(0.2049, device='cuda:0', grad_fn=<DivBackward0>)
Memory status after this epoch: 
Memory allocated:  273.13671875
Memory cached:  524.0
	 epoch  90 training error:  tensor(0.1931, device='cuda:0', grad_fn=<DivBackward0>)
Memory status after this epoch: 
Memory allocated:  273.13671875
Memory cached:  518.0
[I 2024-01-13 10:37:12,319] Trial 169 finished with value: 0.18428289890289307 and parameters: {'W_layers': 2, 'W_layer_units_exponent_0': 8, 'W_layer_units_exponent_1': 5, 'D_layers': 5, 'D_layer_units_exponent_0': 5, 'D_layer_units_exponent_1': 6, 'D_layer_units_exponent_2': 8, 'D_layer_units_exponent_3': 10, 'D_layer_units_exponent_4': 6, 'D_dagger_layers': 5, 'D_dagger_layer_units_exponent_0': 9, 'D_dagger_layer_units_exponent_1': 9, 'D_dagger_layer_units_exponent_2': 7, 'D_dagger_layer_units_exponent_3': 6, 'D_dagger_layer_units_exponent_4': 5, 'log_learning_rate': -4.741953872024577, 'log_learning_rate_D': -3.5942697338674705, 'log_learning_rate_D_dagger': -2.686099920904881, 'training_batch_size': 6, 'training_p': 8}. Best is trial 166 with value: 0.057614028453826904.
Time for this trial:  438.1938202381134
Memory status after this trial: 
Memory allocated:  582.546875
Memory cached:  590.0
--------------------  Trial  170   --------------------
Start timing: 
Parameters: 
{'W_layers': 2, 'W_layer_units_exponent_0': 6, 'W_layer_units_exponent_1': 4, 'D_layers': 5, 'D_layer_units_exponent_0': 5, 'D_layer_units_exponent_1': 6, 'D_layer_units_exponent_2': 8, 'D_layer_units_exponent_3': 9, 'D_layer_units_exponent_4': 8, 'D_dagger_layers': 5, 'D_dagger_layer_units_exponent_0': 9, 'D_dagger_layer_units_exponent_1': 9, 'D_dagger_layer_units_exponent_2': 7, 'D_dagger_layer_units_exponent_3': 5, 'D_dagger_layer_units_exponent_4': 5, 'log_learning_rate': -4.98739568943718, 'log_learning_rate_D': -3.5273712902114376, 'log_learning_rate_D_dagger': -2.3834367337001896, 'training_batch_size': 6, 'training_p': 8}
	 epoch  0 training error:  tensor(1.0873, device='cuda:0', grad_fn=<DivBackward0>)
Memory status after this epoch: 
Memory allocated:  271.94140625
Memory cached:  512.0
	 epoch  10 training error:  tensor(0.5392, device='cuda:0', grad_fn=<DivBackward0>)
Memory status after this epoch: 
Memory allocated:  271.94140625
Memory cached:  512.0
	 epoch  20 training error:  tensor(0.5134, device='cuda:0', grad_fn=<DivBackward0>)
Memory status after this epoch: 
Memory allocated:  271.94140625
Memory cached:  514.0
	 epoch  30 training error:  tensor(0.4129, device='cuda:0', grad_fn=<DivBackward0>)
Memory status after this epoch: 
Memory allocated:  271.94140625
Memory cached:  514.0
	 epoch  40 training error:  tensor(0.2941, device='cuda:0', grad_fn=<DivBackward0>)
Memory status after this epoch: 
Memory allocated:  271.94140625
Memory cached:  512.0
	 epoch  50 training error:  tensor(0.2016, device='cuda:0', grad_fn=<DivBackward0>)
Memory status after this epoch: 
Memory allocated:  271.94140625
Memory cached:  516.0
	 epoch  60 training error:  tensor(0.1418, device='cuda:0', grad_fn=<DivBackward0>)
Memory status after this epoch: 
Memory allocated:  271.94140625
Memory cached:  512.0
	 epoch  70 training error:  tensor(0.1801, device='cuda:0', grad_fn=<DivBackward0>)
Memory status after this epoch: 
Memory allocated:  271.94140625
Memory cached:  510.0
	 epoch  80 training error:  tensor(0.2215, device='cuda:0', grad_fn=<DivBackward0>)
Memory status after this epoch: 
Memory allocated:  271.94140625
Memory cached:  512.0
	 epoch  90 training error:  tensor(0.1348, device='cuda:0', grad_fn=<DivBackward0>)
Memory status after this epoch: 
Memory allocated:  271.94140625
Memory cached:  512.0
[I 2024-01-13 10:44:27,542] Trial 170 finished with value: 0.1479211449623108 and parameters: {'W_layers': 2, 'W_layer_units_exponent_0': 6, 'W_layer_units_exponent_1': 4, 'D_layers': 5, 'D_layer_units_exponent_0': 5, 'D_layer_units_exponent_1': 6, 'D_layer_units_exponent_2': 8, 'D_layer_units_exponent_3': 9, 'D_layer_units_exponent_4': 8, 'D_dagger_layers': 5, 'D_dagger_layer_units_exponent_0': 9, 'D_dagger_layer_units_exponent_1': 9, 'D_dagger_layer_units_exponent_2': 7, 'D_dagger_layer_units_exponent_3': 5, 'D_dagger_layer_units_exponent_4': 5, 'log_learning_rate': -4.98739568943718, 'log_learning_rate_D': -3.5273712902114376, 'log_learning_rate_D_dagger': -2.3834367337001896, 'training_batch_size': 6, 'training_p': 8}. Best is trial 166 with value: 0.057614028453826904.
Time for this trial:  434.7698669433594
Memory status after this trial: 
Memory allocated:  519.8203125
Memory cached:  526.0
--------------------  Trial  171   --------------------
Start timing: 
Parameters: 
{'W_layers': 2, 'W_layer_units_exponent_0': 7, 'W_layer_units_exponent_1': 4, 'D_layers': 5, 'D_layer_units_exponent_0': 5, 'D_layer_units_exponent_1': 6, 'D_layer_units_exponent_2': 8, 'D_layer_units_exponent_3': 10, 'D_layer_units_exponent_4': 8, 'D_dagger_layers': 5, 'D_dagger_layer_units_exponent_0': 9, 'D_dagger_layer_units_exponent_1': 9, 'D_dagger_layer_units_exponent_2': 7, 'D_dagger_layer_units_exponent_3': 5, 'D_dagger_layer_units_exponent_4': 5, 'log_learning_rate': -4.656603715191425, 'log_learning_rate_D': -3.390983466071688, 'log_learning_rate_D_dagger': -2.7625196865176234, 'training_batch_size': 6, 'training_p': 8}
	 epoch  0 training error:  tensor(0.8306, device='cuda:0', grad_fn=<DivBackward0>)
Memory status after this epoch: 
Memory allocated:  275.96484375
Memory cached:  516.0
	 epoch  10 training error:  tensor(0.5621, device='cuda:0', grad_fn=<DivBackward0>)
Memory status after this epoch: 
Memory allocated:  275.96484375
Memory cached:  518.0
	 epoch  20 training error:  tensor(0.5393, device='cuda:0', grad_fn=<DivBackward0>)
Memory status after this epoch: 
Memory allocated:  275.96484375
Memory cached:  522.0
	 epoch  30 training error:  tensor(0.5230, device='cuda:0', grad_fn=<DivBackward0>)
Memory status after this epoch: 
Memory allocated:  275.96484375
Memory cached:  520.0
	 epoch  40 training error:  tensor(0.4205, device='cuda:0', grad_fn=<DivBackward0>)
Memory status after this epoch: 
Memory allocated:  275.96484375
Memory cached:  516.0
	 epoch  50 training error:  tensor(0.1995, device='cuda:0', grad_fn=<DivBackward0>)
Memory status after this epoch: 
Memory allocated:  275.96484375
Memory cached:  516.0
	 epoch  60 training error:  tensor(0.2113, device='cuda:0', grad_fn=<DivBackward0>)
Memory status after this epoch: 
Memory allocated:  275.96484375
Memory cached:  518.0
	 epoch  70 training error:  tensor(0.1286, device='cuda:0', grad_fn=<DivBackward0>)
Memory status after this epoch: 
Memory allocated:  275.96484375
Memory cached:  522.0
	 epoch  80 training error:  tensor(0.1472, device='cuda:0', grad_fn=<DivBackward0>)
Memory status after this epoch: 
Memory allocated:  275.96484375
Memory cached:  516.0
	 epoch  90 training error:  tensor(0.1195, device='cuda:0', grad_fn=<DivBackward0>)
Memory status after this epoch: 
Memory allocated:  275.96484375
Memory cached:  516.0
[I 2024-01-13 10:51:44,649] Trial 171 finished with value: 0.1470497101545334 and parameters: {'W_layers': 2, 'W_layer_units_exponent_0': 7, 'W_layer_units_exponent_1': 4, 'D_layers': 5, 'D_layer_units_exponent_0': 5, 'D_layer_units_exponent_1': 6, 'D_layer_units_exponent_2': 8, 'D_layer_units_exponent_3': 10, 'D_layer_units_exponent_4': 8, 'D_dagger_layers': 5, 'D_dagger_layer_units_exponent_0': 9, 'D_dagger_layer_units_exponent_1': 9, 'D_dagger_layer_units_exponent_2': 7, 'D_dagger_layer_units_exponent_3': 5, 'D_dagger_layer_units_exponent_4': 5, 'log_learning_rate': -4.656603715191425, 'log_learning_rate_D': -3.390983466071688, 'log_learning_rate_D_dagger': -2.7625196865176234, 'training_batch_size': 6, 'training_p': 8}. Best is trial 166 with value: 0.057614028453826904.
Time for this trial:  436.69611978530884
Memory status after this trial: 
Memory allocated:  582.80859375
Memory cached:  592.0
--------------------  Trial  172   --------------------
Start timing: 
Parameters: 
{'W_layers': 2, 'W_layer_units_exponent_0': 7, 'W_layer_units_exponent_1': 4, 'D_layers': 5, 'D_layer_units_exponent_0': 5, 'D_layer_units_exponent_1': 7, 'D_layer_units_exponent_2': 8, 'D_layer_units_exponent_3': 10, 'D_layer_units_exponent_4': 5, 'D_dagger_layers': 7, 'D_dagger_layer_units_exponent_0': 9, 'D_dagger_layer_units_exponent_1': 9, 'D_dagger_layer_units_exponent_2': 7, 'D_dagger_layer_units_exponent_3': 5, 'D_dagger_layer_units_exponent_4': 5, 'D_dagger_layer_units_exponent_5': 6, 'D_dagger_layer_units_exponent_6': 9, 'log_learning_rate': -4.777638420702606, 'log_learning_rate_D': -3.1820796239419216, 'log_learning_rate_D_dagger': -2.6159575293448643, 'training_batch_size': 6, 'training_p': 8}
	 epoch  0 training error:  tensor(0.9553, device='cuda:0', grad_fn=<DivBackward0>)
Memory status after this epoch: 
Memory allocated:  273.2890625
Memory cached:  516.0
	 epoch  10 training error:  tensor(0.5442, device='cuda:0', grad_fn=<DivBackward0>)
Memory status after this epoch: 
Memory allocated:  273.2890625
Memory cached:  522.0
	 epoch  20 training error:  tensor(0.5538, device='cuda:0', grad_fn=<DivBackward0>)
Memory status after this epoch: 
Memory allocated:  273.2890625
Memory cached:  518.0
	 epoch  30 training error:  tensor(0.5332, device='cuda:0', grad_fn=<DivBackward0>)
Memory status after this epoch: 
Memory allocated:  273.2890625
Memory cached:  520.0
	 epoch  40 training error:  tensor(0.4702, device='cuda:0', grad_fn=<DivBackward0>)
Memory status after this epoch: 
Memory allocated:  273.2890625
Memory cached:  518.0
	 epoch  50 training error:  tensor(0.3333, device='cuda:0', grad_fn=<DivBackward0>)
Memory status after this epoch: 
Memory allocated:  273.2890625
Memory cached:  520.0
	 epoch  60 training error:  tensor(0.3176, device='cuda:0', grad_fn=<DivBackward0>)
Memory status after this epoch: 
Memory allocated:  273.2890625
Memory cached:  522.0
	 epoch  70 training error:  tensor(0.2632, device='cuda:0', grad_fn=<DivBackward0>)
Memory status after this epoch: 
Memory allocated:  273.2890625
Memory cached:  522.0
	 epoch  80 training error:  tensor(0.2062, device='cuda:0', grad_fn=<DivBackward0>)
Memory status after this epoch: 
Memory allocated:  273.2890625
Memory cached:  522.0
	 epoch  90 training error:  tensor(0.1853, device='cuda:0', grad_fn=<DivBackward0>)
Memory status after this epoch: 
Memory allocated:  273.2890625
Memory cached:  518.0
[I 2024-01-13 10:59:45,446] Trial 172 finished with value: 0.1492559164762497 and parameters: {'W_layers': 2, 'W_layer_units_exponent_0': 7, 'W_layer_units_exponent_1': 4, 'D_layers': 5, 'D_layer_units_exponent_0': 5, 'D_layer_units_exponent_1': 7, 'D_layer_units_exponent_2': 8, 'D_layer_units_exponent_3': 10, 'D_layer_units_exponent_4': 5, 'D_dagger_layers': 7, 'D_dagger_layer_units_exponent_0': 9, 'D_dagger_layer_units_exponent_1': 9, 'D_dagger_layer_units_exponent_2': 7, 'D_dagger_layer_units_exponent_3': 5, 'D_dagger_layer_units_exponent_4': 5, 'D_dagger_layer_units_exponent_5': 6, 'D_dagger_layer_units_exponent_6': 9, 'log_learning_rate': -4.777638420702606, 'log_learning_rate_D': -3.1820796239419216, 'log_learning_rate_D_dagger': -2.6159575293448643, 'training_batch_size': 6, 'training_p': 8}. Best is trial 166 with value: 0.057614028453826904.
Time for this trial:  480.33471632003784
Memory status after this trial: 
Memory allocated:  622.134765625
Memory cached:  630.0
--------------------  Trial  173   --------------------
Start timing: 
Parameters: 
{'W_layers': 2, 'W_layer_units_exponent_0': 7, 'W_layer_units_exponent_1': 4, 'D_layers': 5, 'D_layer_units_exponent_0': 5, 'D_layer_units_exponent_1': 5, 'D_layer_units_exponent_2': 8, 'D_layer_units_exponent_3': 10, 'D_layer_units_exponent_4': 6, 'D_dagger_layers': 5, 'D_dagger_layer_units_exponent_0': 9, 'D_dagger_layer_units_exponent_1': 9, 'D_dagger_layer_units_exponent_2': 7, 'D_dagger_layer_units_exponent_3': 4, 'D_dagger_layer_units_exponent_4': 6, 'log_learning_rate': -4.671023685674842, 'log_learning_rate_D': -3.0999502576882274, 'log_learning_rate_D_dagger': -2.9248047779614086, 'training_batch_size': 6, 'training_p': 8}
	 epoch  0 training error:  tensor(0.8483, device='cuda:0', grad_fn=<DivBackward0>)
Memory status after this epoch: 
Memory allocated:  272.7890625
Memory cached:  510.0
	 epoch  10 training error:  tensor(0.5421, device='cuda:0', grad_fn=<DivBackward0>)
Memory status after this epoch: 
Memory allocated:  272.7890625
Memory cached:  510.0
	 epoch  20 training error:  tensor(0.5311, device='cuda:0', grad_fn=<DivBackward0>)
Memory status after this epoch: 
Memory allocated:  272.7890625
Memory cached:  510.0
	 epoch  30 training error:  tensor(0.5259, device='cuda:0', grad_fn=<DivBackward0>)
Memory status after this epoch: 
Memory allocated:  272.7890625
Memory cached:  510.0
	 epoch  40 training error:  tensor(0.4901, device='cuda:0', grad_fn=<DivBackward0>)
Memory status after this epoch: 
Memory allocated:  272.7890625
Memory cached:  510.0
	 epoch  50 training error:  tensor(0.3153, device='cuda:0', grad_fn=<DivBackward0>)
Memory status after this epoch: 
Memory allocated:  272.7890625
Memory cached:  510.0
	 epoch  60 training error:  tensor(0.2131, device='cuda:0', grad_fn=<DivBackward0>)
Memory status after this epoch: 
Memory allocated:  272.7890625
Memory cached:  510.0
	 epoch  70 training error:  tensor(0.1653, device='cuda:0', grad_fn=<DivBackward0>)
Memory status after this epoch: 
Memory allocated:  272.7890625
Memory cached:  510.0
	 epoch  80 training error:  tensor(0.1391, device='cuda:0', grad_fn=<DivBackward0>)
Memory status after this epoch: 
Memory allocated:  272.7890625
Memory cached:  510.0
	 epoch  90 training error:  tensor(0.1543, device='cuda:0', grad_fn=<DivBackward0>)
Memory status after this epoch: 
Memory allocated:  272.7890625
Memory cached:  510.0
