[I 2024-01-14 00:31:42,973] Trial 126 finished with value: 0.09038326144218445 and parameters: {'W_layers': 2, 'W_layer_units_exponent_0': 4, 'W_layer_units_exponent_1': 4, 'D_layers': 2, 'D_layer_units_exponent_0': 8, 'D_layer_units_exponent_1': 6, 'D_dagger_layers': 7, 'D_dagger_layer_units_exponent_0': 10, 'D_dagger_layer_units_exponent_1': 7, 'D_dagger_layer_units_exponent_2': 6, 'D_dagger_layer_units_exponent_3': 4, 'D_dagger_layer_units_exponent_4': 5, 'D_dagger_layer_units_exponent_5': 7, 'D_dagger_layer_units_exponent_6': 9, 'log_learning_rate': -1.0070618013419912, 'log_learning_rate_D': -3.9178222991493237, 'log_learning_rate_D_dagger': -2.923741333764079, 'training_batch_size': 9, 'training_p': 2}. Best is trial 33 with value: 0.08818560093641281.
Time for this trial:  21.01752233505249
Memory status after this trial: 
Memory allocated:  463.81982421875
Memory cached:  498.0
--------------------  Trial  127   --------------------
Start timing: 
Parameters: 
{'W_layers': 3, 'W_layer_units_exponent_0': 4, 'W_layer_units_exponent_1': 4, 'W_layer_units_exponent_2': 9, 'D_layers': 2, 'D_layer_units_exponent_0': 8, 'D_layer_units_exponent_1': 5, 'D_dagger_layers': 3, 'D_dagger_layer_units_exponent_0': 10, 'D_dagger_layer_units_exponent_1': 7, 'D_dagger_layer_units_exponent_2': 5, 'log_learning_rate': -1.2355282745259228, 'log_learning_rate_D': -3.9779503616209633, 'log_learning_rate_D_dagger': -2.822359399994747, 'training_batch_size': 10, 'training_p': 3}
	 epoch  0 training error:  tensor(1.0107, device='cuda:0', grad_fn=<DivBackward0>)
Memory status after this epoch: 
Memory allocated:  260.27783203125
Memory cached:  382.0
	 epoch  10 training error:  tensor(0.3431, device='cuda:0', grad_fn=<DivBackward0>)
Memory status after this epoch: 
Memory allocated:  260.27783203125
Memory cached:  382.0
	 epoch  20 training error:  tensor(0.4301, device='cuda:0', grad_fn=<DivBackward0>)
Memory status after this epoch: 
Memory allocated:  260.27783203125
Memory cached:  382.0
	 epoch  30 training error:  tensor(0.1282, device='cuda:0', grad_fn=<DivBackward0>)
Memory status after this epoch: 
Memory allocated:  260.27783203125
Memory cached:  382.0
	 epoch  40 training error:  tensor(0.1495, device='cuda:0', grad_fn=<DivBackward0>)
Memory status after this epoch: 
Memory allocated:  260.27783203125
Memory cached:  382.0
	 epoch  50 training error:  tensor(0.1119, device='cuda:0', grad_fn=<DivBackward0>)
Memory status after this epoch: 
Memory allocated:  260.27783203125
Memory cached:  382.0
	 epoch  60 training error:  tensor(0.0988, device='cuda:0', grad_fn=<DivBackward0>)
Memory status after this epoch: 
Memory allocated:  260.27783203125
Memory cached:  382.0
	 epoch  70 training error:  tensor(0.0971, device='cuda:0', grad_fn=<DivBackward0>)
Memory status after this epoch: 
Memory allocated:  260.27783203125
Memory cached:  382.0
	 epoch  80 training error:  tensor(0.0972, device='cuda:0', grad_fn=<DivBackward0>)
Memory status after this epoch: 
Memory allocated:  260.27783203125
Memory cached:  382.0
	 epoch  90 training error:  tensor(0.0959, device='cuda:0', grad_fn=<DivBackward0>)
Memory status after this epoch: 
Memory allocated:  260.27783203125
Memory cached:  382.0
[I 2024-01-14 00:32:03,138] Trial 127 finished with value: 0.0891759917140007 and parameters: {'W_layers': 3, 'W_layer_units_exponent_0': 4, 'W_layer_units_exponent_1': 4, 'W_layer_units_exponent_2': 9, 'D_layers': 2, 'D_layer_units_exponent_0': 8, 'D_layer_units_exponent_1': 5, 'D_dagger_layers': 3, 'D_dagger_layer_units_exponent_0': 10, 'D_dagger_layer_units_exponent_1': 7, 'D_dagger_layer_units_exponent_2': 5, 'log_learning_rate': -1.2355282745259228, 'log_learning_rate_D': -3.9779503616209633, 'log_learning_rate_D_dagger': -2.822359399994747, 'training_batch_size': 10, 'training_p': 3}. Best is trial 33 with value: 0.08818560093641281.
Time for this trial:  19.85986828804016
Memory status after this trial: 
Memory allocated:  438.96923828125
Memory cached:  498.0
--------------------  Trial  128   --------------------
Start timing: 
Parameters: 
{'W_layers': 4, 'W_layer_units_exponent_0': 4, 'W_layer_units_exponent_1': 4, 'W_layer_units_exponent_2': 9, 'W_layer_units_exponent_3': 9, 'D_layers': 8, 'D_layer_units_exponent_0': 6, 'D_layer_units_exponent_1': 4, 'D_layer_units_exponent_2': 8, 'D_layer_units_exponent_3': 8, 'D_layer_units_exponent_4': 9, 'D_layer_units_exponent_5': 7, 'D_layer_units_exponent_6': 8, 'D_layer_units_exponent_7': 7, 'D_dagger_layers': 4, 'D_dagger_layer_units_exponent_0': 10, 'D_dagger_layer_units_exponent_1': 7, 'D_dagger_layer_units_exponent_2': 6, 'D_dagger_layer_units_exponent_3': 7, 'log_learning_rate': -1.2105760198409354, 'log_learning_rate_D': -4.172223514429351, 'log_learning_rate_D_dagger': -3.0348347117766687, 'training_batch_size': 9, 'training_p': 2}
	 epoch  0 training error:  tensor(0.9543, device='cuda:0', grad_fn=<DivBackward0>)
Memory status after this epoch: 
Memory allocated:  265.71875
Memory cached:  382.0
	 epoch  10 training error:  tensor(19.9712, device='cuda:0', grad_fn=<DivBackward0>)
Memory status after this epoch: 
Memory allocated:  265.71875
Memory cached:  382.0
	 epoch  20 training error:  tensor(0.9590, device='cuda:0', grad_fn=<DivBackward0>)
Memory status after this epoch: 
Memory allocated:  265.71875
Memory cached:  382.0
	 epoch  30 training error:  tensor(0.2572, device='cuda:0', grad_fn=<DivBackward0>)
Memory status after this epoch: 
Memory allocated:  265.71875
Memory cached:  382.0
	 epoch  40 training error:  tensor(0.1930, device='cuda:0', grad_fn=<DivBackward0>)
Memory status after this epoch: 
Memory allocated:  265.71875
Memory cached:  382.0
	 epoch  50 training error:  tensor(0.1531, device='cuda:0', grad_fn=<DivBackward0>)
Memory status after this epoch: 
Memory allocated:  265.71875
Memory cached:  382.0
	 epoch  60 training error:  tensor(0.0978, device='cuda:0', grad_fn=<DivBackward0>)
Memory status after this epoch: 
Memory allocated:  265.71875
Memory cached:  382.0
	 epoch  70 training error:  tensor(0.1000, device='cuda:0', grad_fn=<DivBackward0>)
Memory status after this epoch: 
Memory allocated:  265.71875
Memory cached:  382.0
	 epoch  80 training error:  tensor(0.0901, device='cuda:0', grad_fn=<DivBackward0>)
Memory status after this epoch: 
Memory allocated:  265.71875
Memory cached:  382.0
	 epoch  90 training error:  tensor(0.0955, device='cuda:0', grad_fn=<DivBackward0>)
Memory status after this epoch: 
Memory allocated:  265.71875
Memory cached:  382.0
[I 2024-01-14 00:32:25,155] Trial 128 finished with value: 0.09100830554962158 and parameters: {'W_layers': 4, 'W_layer_units_exponent_0': 4, 'W_layer_units_exponent_1': 4, 'W_layer_units_exponent_2': 9, 'W_layer_units_exponent_3': 9, 'D_layers': 8, 'D_layer_units_exponent_0': 6, 'D_layer_units_exponent_1': 4, 'D_layer_units_exponent_2': 8, 'D_layer_units_exponent_3': 8, 'D_layer_units_exponent_4': 9, 'D_layer_units_exponent_5': 7, 'D_layer_units_exponent_6': 8, 'D_layer_units_exponent_7': 7, 'D_dagger_layers': 4, 'D_dagger_layer_units_exponent_0': 10, 'D_dagger_layer_units_exponent_1': 7, 'D_dagger_layer_units_exponent_2': 6, 'D_dagger_layer_units_exponent_3': 7, 'log_learning_rate': -1.2105760198409354, 'log_learning_rate_D': -4.172223514429351, 'log_learning_rate_D_dagger': -3.0348347117766687, 'training_batch_size': 9, 'training_p': 2}. Best is trial 33 with value: 0.08818560093641281.
Time for this trial:  21.571563720703125
Memory status after this trial: 
Memory allocated:  513.63037109375
Memory cached:  554.0
--------------------  Trial  129   --------------------
Start timing: 
Parameters: 
{'W_layers': 3, 'W_layer_units_exponent_0': 4, 'W_layer_units_exponent_1': 4, 'W_layer_units_exponent_2': 9, 'D_layers': 2, 'D_layer_units_exponent_0': 8, 'D_layer_units_exponent_1': 4, 'D_dagger_layers': 5, 'D_dagger_layer_units_exponent_0': 10, 'D_dagger_layer_units_exponent_1': 6, 'D_dagger_layer_units_exponent_2': 7, 'D_dagger_layer_units_exponent_3': 4, 'D_dagger_layer_units_exponent_4': 6, 'log_learning_rate': -1.3108423814011436, 'log_learning_rate_D': -3.7074748502719905, 'log_learning_rate_D_dagger': -2.9550181428403084, 'training_batch_size': 9, 'training_p': 2}
	 epoch  0 training error:  tensor(0.9522, device='cuda:0', grad_fn=<DivBackward0>)
Memory status after this epoch: 
Memory allocated:  259.37548828125
Memory cached:  386.0
	 epoch  10 training error:  tensor(0.4288, device='cuda:0', grad_fn=<DivBackward0>)
Memory status after this epoch: 
Memory allocated:  259.37548828125
Memory cached:  386.0
	 epoch  20 training error:  tensor(0.3294, device='cuda:0', grad_fn=<DivBackward0>)
Memory status after this epoch: 
Memory allocated:  259.37548828125
Memory cached:  386.0
	 epoch  30 training error:  tensor(0.1388, device='cuda:0', grad_fn=<DivBackward0>)
Memory status after this epoch: 
Memory allocated:  259.37548828125
Memory cached:  386.0
	 epoch  40 training error:  tensor(0.1050, device='cuda:0', grad_fn=<DivBackward0>)
Memory status after this epoch: 
Memory allocated:  259.37548828125
Memory cached:  386.0
	 epoch  50 training error:  tensor(0.0882, device='cuda:0', grad_fn=<DivBackward0>)
Memory status after this epoch: 
Memory allocated:  259.37548828125
Memory cached:  386.0
	 epoch  60 training error:  tensor(0.0853, device='cuda:0', grad_fn=<DivBackward0>)
Memory status after this epoch: 
Memory allocated:  259.37548828125
Memory cached:  386.0
	 epoch  70 training error:  tensor(0.0869, device='cuda:0', grad_fn=<DivBackward0>)
Memory status after this epoch: 
Memory allocated:  259.37548828125
Memory cached:  386.0
	 epoch  80 training error:  tensor(0.0845, device='cuda:0', grad_fn=<DivBackward0>)
Memory status after this epoch: 
Memory allocated:  259.37548828125
Memory cached:  386.0
	 epoch  90 training error:  tensor(0.0835, device='cuda:0', grad_fn=<DivBackward0>)
Memory status after this epoch: 
Memory allocated:  259.37548828125
Memory cached:  386.0
[I 2024-01-14 00:32:46,397] Trial 129 finished with value: 0.08842793852090836 and parameters: {'W_layers': 3, 'W_layer_units_exponent_0': 4, 'W_layer_units_exponent_1': 4, 'W_layer_units_exponent_2': 9, 'D_layers': 2, 'D_layer_units_exponent_0': 8, 'D_layer_units_exponent_1': 4, 'D_dagger_layers': 5, 'D_dagger_layer_units_exponent_0': 10, 'D_dagger_layer_units_exponent_1': 6, 'D_dagger_layer_units_exponent_2': 7, 'D_dagger_layer_units_exponent_3': 4, 'D_dagger_layer_units_exponent_4': 6, 'log_learning_rate': -1.3108423814011436, 'log_learning_rate_D': -3.7074748502719905, 'log_learning_rate_D_dagger': -2.9550181428403084, 'training_batch_size': 9, 'training_p': 2}. Best is trial 33 with value: 0.08818560093641281.
Time for this trial:  20.907837867736816
Memory status after this trial: 
Memory allocated:  450.00048828125
Memory cached:  502.0
--------------------  Trial  130   --------------------
Start timing: 
Parameters: 
{'W_layers': 3, 'W_layer_units_exponent_0': 4, 'W_layer_units_exponent_1': 4, 'W_layer_units_exponent_2': 8, 'D_layers': 2, 'D_layer_units_exponent_0': 9, 'D_layer_units_exponent_1': 9, 'D_dagger_layers': 4, 'D_dagger_layer_units_exponent_0': 10, 'D_dagger_layer_units_exponent_1': 7, 'D_dagger_layer_units_exponent_2': 6, 'D_dagger_layer_units_exponent_3': 5, 'log_learning_rate': -1.8380495344810777, 'log_learning_rate_D': -3.877245325792314, 'log_learning_rate_D_dagger': -3.164339099595976, 'training_batch_size': 11, 'training_p': 2}
	 epoch  0 training error:  tensor(0.8676, device='cuda:0', grad_fn=<DivBackward0>)
Memory status after this epoch: 
Memory allocated:  261.27587890625
Memory cached:  382.0
	 epoch  10 training error:  tensor(0.3388, device='cuda:0', grad_fn=<DivBackward0>)
Memory status after this epoch: 
Memory allocated:  261.27587890625
Memory cached:  382.0
	 epoch  20 training error:  tensor(0.1222, device='cuda:0', grad_fn=<DivBackward0>)
Memory status after this epoch: 
Memory allocated:  261.27587890625
Memory cached:  382.0
	 epoch  30 training error:  tensor(0.1132, device='cuda:0', grad_fn=<DivBackward0>)
Memory status after this epoch: 
Memory allocated:  261.27587890625
Memory cached:  382.0
	 epoch  40 training error:  tensor(0.0887, device='cuda:0', grad_fn=<DivBackward0>)
Memory status after this epoch: 
Memory allocated:  261.27587890625
Memory cached:  382.0
	 epoch  50 training error:  tensor(0.0857, device='cuda:0', grad_fn=<DivBackward0>)
Memory status after this epoch: 
Memory allocated:  261.27587890625
Memory cached:  382.0
	 epoch  60 training error:  tensor(0.0849, device='cuda:0', grad_fn=<DivBackward0>)
Memory status after this epoch: 
Memory allocated:  261.27587890625
Memory cached:  382.0
	 epoch  70 training error:  tensor(0.0836, device='cuda:0', grad_fn=<DivBackward0>)
Memory status after this epoch: 
Memory allocated:  261.27587890625
Memory cached:  382.0
	 epoch  80 training error:  tensor(0.0833, device='cuda:0', grad_fn=<DivBackward0>)
Memory status after this epoch: 
Memory allocated:  261.27587890625
Memory cached:  382.0
	 epoch  90 training error:  tensor(0.0832, device='cuda:0', grad_fn=<DivBackward0>)
Memory status after this epoch: 
Memory allocated:  261.27587890625
Memory cached:  382.0
[I 2024-01-14 00:33:06,871] Trial 130 finished with value: 0.08836765587329865 and parameters: {'W_layers': 3, 'W_layer_units_exponent_0': 4, 'W_layer_units_exponent_1': 4, 'W_layer_units_exponent_2': 8, 'D_layers': 2, 'D_layer_units_exponent_0': 9, 'D_layer_units_exponent_1': 9, 'D_dagger_layers': 4, 'D_dagger_layer_units_exponent_0': 10, 'D_dagger_layer_units_exponent_1': 7, 'D_dagger_layer_units_exponent_2': 6, 'D_dagger_layer_units_exponent_3': 5, 'log_learning_rate': -1.8380495344810777, 'log_learning_rate_D': -3.877245325792314, 'log_learning_rate_D_dagger': -3.164339099595976, 'training_batch_size': 11, 'training_p': 2}. Best is trial 33 with value: 0.08818560093641281.
Time for this trial:  20.164886713027954
Memory status after this trial: 
Memory allocated:  423.31787109375
Memory cached:  478.0
--------------------  Trial  131   --------------------
Start timing: 
Parameters: 
{'W_layers': 3, 'W_layer_units_exponent_0': 4, 'W_layer_units_exponent_1': 4, 'W_layer_units_exponent_2': 6, 'D_layers': 2, 'D_layer_units_exponent_0': 9, 'D_layer_units_exponent_1': 8, 'D_dagger_layers': 4, 'D_dagger_layer_units_exponent_0': 10, 'D_dagger_layer_units_exponent_1': 7, 'D_dagger_layer_units_exponent_2': 6, 'D_dagger_layer_units_exponent_3': 5, 'log_learning_rate': -1.8919818755985984, 'log_learning_rate_D': -3.830722786324547, 'log_learning_rate_D_dagger': -3.1588087096628357, 'training_batch_size': 11, 'training_p': 2}
	 epoch  0 training error:  tensor(0.9240, device='cuda:0', grad_fn=<DivBackward0>)
Memory status after this epoch: 
Memory allocated:  260.72314453125
Memory cached:  382.0
	 epoch  10 training error:  tensor(0.2283, device='cuda:0', grad_fn=<DivBackward0>)
Memory status after this epoch: 
Memory allocated:  260.72314453125
Memory cached:  382.0
	 epoch  20 training error:  tensor(0.1272, device='cuda:0', grad_fn=<DivBackward0>)
Memory status after this epoch: 
Memory allocated:  260.72314453125
Memory cached:  382.0
	 epoch  30 training error:  tensor(0.0973, device='cuda:0', grad_fn=<DivBackward0>)
Memory status after this epoch: 
Memory allocated:  260.72314453125
Memory cached:  382.0
	 epoch  40 training error:  tensor(0.0850, device='cuda:0', grad_fn=<DivBackward0>)
Memory status after this epoch: 
Memory allocated:  260.72314453125
Memory cached:  382.0
	 epoch  50 training error:  tensor(0.0861, device='cuda:0', grad_fn=<DivBackward0>)
Memory status after this epoch: 
Memory allocated:  260.72314453125
Memory cached:  382.0
	 epoch  60 training error:  tensor(0.0855, device='cuda:0', grad_fn=<DivBackward0>)
Memory status after this epoch: 
Memory allocated:  260.72314453125
Memory cached:  382.0
	 epoch  70 training error:  tensor(0.0835, device='cuda:0', grad_fn=<DivBackward0>)
Memory status after this epoch: 
Memory allocated:  260.72314453125
Memory cached:  382.0
	 epoch  80 training error:  tensor(0.0836, device='cuda:0', grad_fn=<DivBackward0>)
Memory status after this epoch: 
Memory allocated:  260.72314453125
Memory cached:  382.0
	 epoch  90 training error:  tensor(0.0831, device='cuda:0', grad_fn=<DivBackward0>)
Memory status after this epoch: 
Memory allocated:  260.72314453125
Memory cached:  382.0
[I 2024-01-14 00:33:27,054] Trial 131 finished with value: 0.08864104002714157 and parameters: {'W_layers': 3, 'W_layer_units_exponent_0': 4, 'W_layer_units_exponent_1': 4, 'W_layer_units_exponent_2': 6, 'D_layers': 2, 'D_layer_units_exponent_0': 9, 'D_layer_units_exponent_1': 8, 'D_dagger_layers': 4, 'D_dagger_layer_units_exponent_0': 10, 'D_dagger_layer_units_exponent_1': 7, 'D_dagger_layer_units_exponent_2': 6, 'D_dagger_layer_units_exponent_3': 5, 'log_learning_rate': -1.8919818755985984, 'log_learning_rate_D': -3.830722786324547, 'log_learning_rate_D_dagger': -3.1588087096628357, 'training_batch_size': 11, 'training_p': 2}. Best is trial 33 with value: 0.08818560093641281.
Time for this trial:  19.85825777053833
Memory status after this trial: 
Memory allocated:  404.77685546875
Memory cached:  482.0
--------------------  Trial  132   --------------------
Start timing: 
Parameters: 
{'W_layers': 3, 'W_layer_units_exponent_0': 4, 'W_layer_units_exponent_1': 4, 'W_layer_units_exponent_2': 8, 'D_layers': 2, 'D_layer_units_exponent_0': 9, 'D_layer_units_exponent_1': 10, 'D_dagger_layers': 4, 'D_dagger_layer_units_exponent_0': 10, 'D_dagger_layer_units_exponent_1': 7, 'D_dagger_layer_units_exponent_2': 6, 'D_dagger_layer_units_exponent_3': 5, 'log_learning_rate': -1.784785230593366, 'log_learning_rate_D': -4.067675838969512, 'log_learning_rate_D_dagger': -3.0853450420390502, 'training_batch_size': 11, 'training_p': 2}
	 epoch  0 training error:  tensor(1.1588, device='cuda:0', grad_fn=<DivBackward0>)
Memory status after this epoch: 
Memory allocated:  262.27978515625
Memory cached:  382.0
	 epoch  10 training error:  tensor(0.3281, device='cuda:0', grad_fn=<DivBackward0>)
Memory status after this epoch: 
Memory allocated:  262.27978515625
Memory cached:  382.0
	 epoch  20 training error:  tensor(0.1216, device='cuda:0', grad_fn=<DivBackward0>)
Memory status after this epoch: 
Memory allocated:  262.27978515625
Memory cached:  382.0
	 epoch  30 training error:  tensor(0.1119, device='cuda:0', grad_fn=<DivBackward0>)
Memory status after this epoch: 
Memory allocated:  262.27978515625
Memory cached:  382.0
	 epoch  40 training error:  tensor(0.0931, device='cuda:0', grad_fn=<DivBackward0>)
Memory status after this epoch: 
Memory allocated:  262.27978515625
Memory cached:  382.0
	 epoch  50 training error:  tensor(0.0863, device='cuda:0', grad_fn=<DivBackward0>)
Memory status after this epoch: 
Memory allocated:  262.27978515625
Memory cached:  382.0
	 epoch  60 training error:  tensor(0.0836, device='cuda:0', grad_fn=<DivBackward0>)
Memory status after this epoch: 
Memory allocated:  262.27978515625
Memory cached:  382.0
	 epoch  70 training error:  tensor(0.0837, device='cuda:0', grad_fn=<DivBackward0>)
Memory status after this epoch: 
Memory allocated:  262.27978515625
Memory cached:  382.0
	 epoch  80 training error:  tensor(0.0832, device='cuda:0', grad_fn=<DivBackward0>)
Memory status after this epoch: 
Memory allocated:  262.27978515625
Memory cached:  382.0
	 epoch  90 training error:  tensor(0.0834, device='cuda:0', grad_fn=<DivBackward0>)
Memory status after this epoch: 
Memory allocated:  262.27978515625
Memory cached:  382.0
