[I 2023-12-06 12:05:55,597] Trial 80 finished with value: 0.35060569643974304 and parameters: {'W_layers': 2, 'W_layer_units_exponent_0': 4, 'W_layer_units_exponent_1': 7, 'D_layers': 5, 'D_layer_units_exponent_0': 8, 'D_layer_units_exponent_1': 6, 'D_layer_units_exponent_2': 10, 'D_layer_units_exponent_3': 9, 'D_layer_units_exponent_4': 8, 'log_learning_rate': -1.5742360395207375, 'log_learning_rate_D': -2.084644775583509, 'training_batch_size': 11, 'training_p': 4}. Best is trial 68 with value: 0.3323483467102051.
Time for this trial:  14.97760796546936
Memory status after this trial: 
Memory allocated:  29.55419921875
Memory cached:  50.0
--------------------  Trial  81   --------------------
Start timing: 
Parameters: 
{'W_layers': 5, 'W_layer_units_exponent_0': 6, 'W_layer_units_exponent_1': 9, 'W_layer_units_exponent_2': 4, 'W_layer_units_exponent_3': 4, 'W_layer_units_exponent_4': 7, 'D_layers': 4, 'D_layer_units_exponent_0': 7, 'D_layer_units_exponent_1': 4, 'D_layer_units_exponent_2': 10, 'D_layer_units_exponent_3': 10, 'log_learning_rate': -1.8898626604268562, 'log_learning_rate_D': -2.165313967890351, 'training_batch_size': 10, 'training_p': 4}
	 epoch  0 training error:  tensor(0.6959, device='cuda:0', grad_fn=<DivBackward0>)
Memory status after this epoch: 
Memory allocated:  31.36474609375
Memory cached:  48.0
	 epoch  10 training error:  tensor(0.5094, device='cuda:0', grad_fn=<DivBackward0>)
Memory status after this epoch: 
Memory allocated:  31.36474609375
Memory cached:  48.0
	 epoch  20 training error:  tensor(0.4980, device='cuda:0', grad_fn=<DivBackward0>)
Memory status after this epoch: 
Memory allocated:  31.36474609375
Memory cached:  48.0
	 epoch  30 training error:  tensor(0.3940, device='cuda:0', grad_fn=<DivBackward0>)
Memory status after this epoch: 
Memory allocated:  31.36474609375
Memory cached:  48.0
	 epoch  40 training error:  tensor(0.3827, device='cuda:0', grad_fn=<DivBackward0>)
Memory status after this epoch: 
Memory allocated:  31.36474609375
Memory cached:  48.0
	 epoch  50 training error:  tensor(0.3694, device='cuda:0', grad_fn=<DivBackward0>)
Memory status after this epoch: 
Memory allocated:  31.36474609375
Memory cached:  48.0
	 epoch  60 training error:  tensor(0.3651, device='cuda:0', grad_fn=<DivBackward0>)
Memory status after this epoch: 
Memory allocated:  31.36474609375
Memory cached:  48.0
	 epoch  70 training error:  tensor(0.3626, device='cuda:0', grad_fn=<DivBackward0>)
Memory status after this epoch: 
Memory allocated:  31.36474609375
Memory cached:  48.0
	 epoch  80 training error:  tensor(0.3602, device='cuda:0', grad_fn=<DivBackward0>)
Memory status after this epoch: 
Memory allocated:  31.36474609375
Memory cached:  48.0
	 epoch  90 training error:  tensor(0.3602, device='cuda:0', grad_fn=<DivBackward0>)
Memory status after this epoch: 
Memory allocated:  31.36474609375
Memory cached:  48.0
[I 2023-12-06 12:06:11,488] Trial 81 finished with value: 0.36139175295829773 and parameters: {'W_layers': 5, 'W_layer_units_exponent_0': 6, 'W_layer_units_exponent_1': 9, 'W_layer_units_exponent_2': 4, 'W_layer_units_exponent_3': 4, 'W_layer_units_exponent_4': 7, 'D_layers': 4, 'D_layer_units_exponent_0': 7, 'D_layer_units_exponent_1': 4, 'D_layer_units_exponent_2': 10, 'D_layer_units_exponent_3': 10, 'log_learning_rate': -1.8898626604268562, 'log_learning_rate_D': -2.165313967890351, 'training_batch_size': 10, 'training_p': 4}. Best is trial 68 with value: 0.3323483467102051.
Time for this trial:  15.698124885559082
Memory status after this trial: 
Memory allocated:  43.42431640625
Memory cached:  70.0
--------------------  Trial  82   --------------------
Start timing: 
Parameters: 
{'W_layers': 4, 'W_layer_units_exponent_0': 6, 'W_layer_units_exponent_1': 9, 'W_layer_units_exponent_2': 4, 'W_layer_units_exponent_3': 7, 'D_layers': 3, 'D_layer_units_exponent_0': 7, 'D_layer_units_exponent_1': 4, 'D_layer_units_exponent_2': 10, 'log_learning_rate': -2.033232081529807, 'log_learning_rate_D': -1.8863029824807829, 'training_batch_size': 11, 'training_p': 4}
	 epoch  0 training error:  tensor(0.9725, device='cuda:0', grad_fn=<DivBackward0>)
Memory status after this epoch: 
Memory allocated:  26.97998046875
Memory cached:  48.0
	 epoch  10 training error:  tensor(0.4229, device='cuda:0', grad_fn=<DivBackward0>)
Memory status after this epoch: 
Memory allocated:  26.97998046875
Memory cached:  48.0
	 epoch  20 training error:  tensor(0.4132, device='cuda:0', grad_fn=<DivBackward0>)
Memory status after this epoch: 
Memory allocated:  26.97998046875
Memory cached:  48.0
	 epoch  30 training error:  tensor(0.4845, device='cuda:0', grad_fn=<DivBackward0>)
Memory status after this epoch: 
Memory allocated:  26.97998046875
Memory cached:  48.0
	 epoch  40 training error:  tensor(0.4383, device='cuda:0', grad_fn=<DivBackward0>)
Memory status after this epoch: 
Memory allocated:  26.97998046875
Memory cached:  48.0
	 epoch  50 training error:  tensor(0.3754, device='cuda:0', grad_fn=<DivBackward0>)
Memory status after this epoch: 
Memory allocated:  26.97998046875
Memory cached:  48.0
	 epoch  60 training error:  tensor(0.3817, device='cuda:0', grad_fn=<DivBackward0>)
Memory status after this epoch: 
Memory allocated:  26.97998046875
Memory cached:  48.0
	 epoch  70 training error:  tensor(0.3735, device='cuda:0', grad_fn=<DivBackward0>)
Memory status after this epoch: 
Memory allocated:  26.97998046875
Memory cached:  48.0
	 epoch  80 training error:  tensor(0.3635, device='cuda:0', grad_fn=<DivBackward0>)
Memory status after this epoch: 
Memory allocated:  26.97998046875
Memory cached:  48.0
	 epoch  90 training error:  tensor(0.3640, device='cuda:0', grad_fn=<DivBackward0>)
Memory status after this epoch: 
Memory allocated:  26.97998046875
Memory cached:  48.0
[I 2023-12-06 12:06:27,226] Trial 82 finished with value: 0.3350197970867157 and parameters: {'W_layers': 4, 'W_layer_units_exponent_0': 6, 'W_layer_units_exponent_1': 9, 'W_layer_units_exponent_2': 4, 'W_layer_units_exponent_3': 7, 'D_layers': 3, 'D_layer_units_exponent_0': 7, 'D_layer_units_exponent_1': 4, 'D_layer_units_exponent_2': 10, 'log_learning_rate': -2.033232081529807, 'log_learning_rate_D': -1.8863029824807829, 'training_batch_size': 11, 'training_p': 4}. Best is trial 68 with value: 0.3323483467102051.
Time for this trial:  15.571772813796997
Memory status after this trial: 
Memory allocated:  43.52392578125
Memory cached:  50.0
--------------------  Trial  83   --------------------
Start timing: 
Parameters: 
{'W_layers': 4, 'W_layer_units_exponent_0': 7, 'W_layer_units_exponent_1': 8, 'W_layer_units_exponent_2': 4, 'W_layer_units_exponent_3': 7, 'D_layers': 3, 'D_layer_units_exponent_0': 9, 'D_layer_units_exponent_1': 4, 'D_layer_units_exponent_2': 10, 'log_learning_rate': -2.0503629480053434, 'log_learning_rate_D': -1.886097731093899, 'training_batch_size': 11, 'training_p': 4}
	 epoch  0 training error:  tensor(1.0744, device='cuda:0', grad_fn=<DivBackward0>)
Memory status after this epoch: 
Memory allocated:  26.943359375
Memory cached:  48.0
	 epoch  10 training error:  tensor(0.4889, device='cuda:0', grad_fn=<DivBackward0>)
Memory status after this epoch: 
Memory allocated:  26.943359375
Memory cached:  48.0
	 epoch  20 training error:  tensor(0.4619, device='cuda:0', grad_fn=<DivBackward0>)
Memory status after this epoch: 
Memory allocated:  26.943359375
Memory cached:  48.0
	 epoch  30 training error:  tensor(0.4501, device='cuda:0', grad_fn=<DivBackward0>)
Memory status after this epoch: 
Memory allocated:  26.943359375
Memory cached:  48.0
	 epoch  40 training error:  tensor(0.4642, device='cuda:0', grad_fn=<DivBackward0>)
Memory status after this epoch: 
Memory allocated:  26.943359375
Memory cached:  48.0
	 epoch  50 training error:  tensor(0.3814, device='cuda:0', grad_fn=<DivBackward0>)
Memory status after this epoch: 
Memory allocated:  26.943359375
Memory cached:  48.0
	 epoch  60 training error:  tensor(0.3703, device='cuda:0', grad_fn=<DivBackward0>)
Memory status after this epoch: 
Memory allocated:  26.943359375
Memory cached:  48.0
	 epoch  70 training error:  tensor(0.3634, device='cuda:0', grad_fn=<DivBackward0>)
Memory status after this epoch: 
Memory allocated:  26.943359375
Memory cached:  48.0
	 epoch  80 training error:  tensor(0.3638, device='cuda:0', grad_fn=<DivBackward0>)
Memory status after this epoch: 
Memory allocated:  26.943359375
Memory cached:  48.0
	 epoch  90 training error:  tensor(0.3844, device='cuda:0', grad_fn=<DivBackward0>)
Memory status after this epoch: 
Memory allocated:  26.943359375
Memory cached:  48.0
[I 2023-12-06 12:06:42,560] Trial 83 finished with value: 0.3357658088207245 and parameters: {'W_layers': 4, 'W_layer_units_exponent_0': 7, 'W_layer_units_exponent_1': 8, 'W_layer_units_exponent_2': 4, 'W_layer_units_exponent_3': 7, 'D_layers': 3, 'D_layer_units_exponent_0': 9, 'D_layer_units_exponent_1': 4, 'D_layer_units_exponent_2': 10, 'log_learning_rate': -2.0503629480053434, 'log_learning_rate_D': -1.886097731093899, 'training_batch_size': 11, 'training_p': 4}. Best is trial 68 with value: 0.3323483467102051.
Time for this trial:  15.160812377929688
Memory status after this trial: 
Memory allocated:  39.14404296875
Memory cached:  54.0
--------------------  Trial  84   --------------------
Start timing: 
Parameters: 
{'W_layers': 4, 'W_layer_units_exponent_0': 7, 'W_layer_units_exponent_1': 8, 'W_layer_units_exponent_2': 8, 'W_layer_units_exponent_3': 7, 'D_layers': 2, 'D_layer_units_exponent_0': 9, 'D_layer_units_exponent_1': 5, 'log_learning_rate': -2.0183014193779387, 'log_learning_rate_D': -1.8566219121538436, 'training_batch_size': 11, 'training_p': 4}
	 epoch  0 training error:  tensor(1.0885, device='cuda:0', grad_fn=<DivBackward0>)
Memory status after this epoch: 
Memory allocated:  28.31640625
Memory cached:  48.0
	 epoch  10 training error:  tensor(0.6366, device='cuda:0', grad_fn=<DivBackward0>)
Memory status after this epoch: 
Memory allocated:  28.31640625
Memory cached:  48.0
	 epoch  20 training error:  tensor(0.5702, device='cuda:0', grad_fn=<DivBackward0>)
Memory status after this epoch: 
Memory allocated:  28.31640625
Memory cached:  48.0
	 epoch  30 training error:  tensor(0.4545, device='cuda:0', grad_fn=<DivBackward0>)
Memory status after this epoch: 
Memory allocated:  28.31640625
Memory cached:  48.0
	 epoch  40 training error:  tensor(0.4115, device='cuda:0', grad_fn=<DivBackward0>)
Memory status after this epoch: 
Memory allocated:  28.31640625
Memory cached:  48.0
	 epoch  50 training error:  tensor(0.3783, device='cuda:0', grad_fn=<DivBackward0>)
Memory status after this epoch: 
Memory allocated:  28.31640625
Memory cached:  48.0
	 epoch  60 training error:  tensor(0.3801, device='cuda:0', grad_fn=<DivBackward0>)
Memory status after this epoch: 
Memory allocated:  28.31640625
Memory cached:  48.0
	 epoch  70 training error:  tensor(0.4057, device='cuda:0', grad_fn=<DivBackward0>)
Memory status after this epoch: 
Memory allocated:  28.31640625
Memory cached:  48.0
	 epoch  80 training error:  tensor(0.3678, device='cuda:0', grad_fn=<DivBackward0>)
Memory status after this epoch: 
Memory allocated:  28.31640625
Memory cached:  48.0
	 epoch  90 training error:  tensor(0.4165, device='cuda:0', grad_fn=<DivBackward0>)
Memory status after this epoch: 
Memory allocated:  28.31640625
Memory cached:  48.0
[I 2023-12-06 12:06:58,170] Trial 84 finished with value: 0.35527902841567993 and parameters: {'W_layers': 4, 'W_layer_units_exponent_0': 7, 'W_layer_units_exponent_1': 8, 'W_layer_units_exponent_2': 8, 'W_layer_units_exponent_3': 7, 'D_layers': 2, 'D_layer_units_exponent_0': 9, 'D_layer_units_exponent_1': 5, 'log_learning_rate': -2.0183014193779387, 'log_learning_rate_D': -1.8566219121538436, 'training_batch_size': 11, 'training_p': 4}. Best is trial 68 with value: 0.3323483467102051.
Time for this trial:  15.451947927474976
Memory status after this trial: 
Memory allocated:  45.34130859375
Memory cached:  54.0
--------------------  Trial  85   --------------------
Start timing: 
Parameters: 
{'W_layers': 3, 'W_layer_units_exponent_0': 7, 'W_layer_units_exponent_1': 8, 'W_layer_units_exponent_2': 4, 'D_layers': 3, 'D_layer_units_exponent_0': 10, 'D_layer_units_exponent_1': 4, 'D_layer_units_exponent_2': 10, 'log_learning_rate': -2.2655995344773294, 'log_learning_rate_D': -1.5555170762832016, 'training_batch_size': 12, 'training_p': 5}
	 epoch  0 training error:  tensor(1.0909, device='cuda:0', grad_fn=<DivBackward0>)
Memory status after this epoch: 
Memory allocated:  26.947265625
Memory cached:  48.0
	 epoch  10 training error:  tensor(0.5758, device='cuda:0', grad_fn=<DivBackward0>)
Memory status after this epoch: 
Memory allocated:  26.947265625
Memory cached:  48.0
	 epoch  20 training error:  tensor(0.4532, device='cuda:0', grad_fn=<DivBackward0>)
Memory status after this epoch: 
Memory allocated:  26.947265625
Memory cached:  48.0
	 epoch  30 training error:  tensor(0.3773, device='cuda:0', grad_fn=<DivBackward0>)
Memory status after this epoch: 
Memory allocated:  26.947265625
Memory cached:  48.0
	 epoch  40 training error:  tensor(0.3798, device='cuda:0', grad_fn=<DivBackward0>)
Memory status after this epoch: 
Memory allocated:  26.947265625
Memory cached:  48.0
	 epoch  50 training error:  tensor(0.3738, device='cuda:0', grad_fn=<DivBackward0>)
Memory status after this epoch: 
Memory allocated:  26.947265625
Memory cached:  48.0
	 epoch  60 training error:  tensor(0.3734, device='cuda:0', grad_fn=<DivBackward0>)
Memory status after this epoch: 
Memory allocated:  26.947265625
Memory cached:  48.0
	 epoch  70 training error:  tensor(0.3722, device='cuda:0', grad_fn=<DivBackward0>)
Memory status after this epoch: 
Memory allocated:  26.947265625
Memory cached:  48.0
	 epoch  80 training error:  tensor(0.3712, device='cuda:0', grad_fn=<DivBackward0>)
Memory status after this epoch: 
Memory allocated:  26.947265625
Memory cached:  48.0
	 epoch  90 training error:  tensor(0.3705, device='cuda:0', grad_fn=<DivBackward0>)
Memory status after this epoch: 
Memory allocated:  26.947265625
Memory cached:  48.0
[I 2023-12-06 12:07:13,436] Trial 85 finished with value: 0.34594210982322693 and parameters: {'W_layers': 3, 'W_layer_units_exponent_0': 7, 'W_layer_units_exponent_1': 8, 'W_layer_units_exponent_2': 4, 'D_layers': 3, 'D_layer_units_exponent_0': 10, 'D_layer_units_exponent_1': 4, 'D_layer_units_exponent_2': 10, 'log_learning_rate': -2.2655995344773294, 'log_learning_rate_D': -1.5555170762832016, 'training_batch_size': 12, 'training_p': 5}. Best is trial 68 with value: 0.3323483467102051.
Time for this trial:  15.098707914352417
Memory status after this trial: 
Memory allocated:  36.19775390625
Memory cached:  50.0
--------------------  Trial  86   --------------------
Start timing: 
Parameters: 
{'W_layers': 4, 'W_layer_units_exponent_0': 7, 'W_layer_units_exponent_1': 8, 'W_layer_units_exponent_2': 5, 'W_layer_units_exponent_3': 7, 'D_layers': 3, 'D_layer_units_exponent_0': 9, 'D_layer_units_exponent_1': 4, 'D_layer_units_exponent_2': 10, 'log_learning_rate': -2.063269599996105, 'log_learning_rate_D': -1.4165261123549766, 'training_batch_size': 11, 'training_p': 4}
	 epoch  0 training error:  tensor(0.9681, device='cuda:0', grad_fn=<DivBackward0>)
Memory status after this epoch: 
Memory allocated:  27.037109375
Memory cached:  52.0
	 epoch  10 training error:  tensor(0.7251, device='cuda:0', grad_fn=<DivBackward0>)
Memory status after this epoch: 
Memory allocated:  27.037109375
Memory cached:  52.0
	 epoch  20 training error:  tensor(0.4232, device='cuda:0', grad_fn=<DivBackward0>)
Memory status after this epoch: 
Memory allocated:  27.037109375
Memory cached:  52.0
	 epoch  30 training error:  tensor(0.3949, device='cuda:0', grad_fn=<DivBackward0>)
Memory status after this epoch: 
Memory allocated:  27.037109375
Memory cached:  52.0
	 epoch  40 training error:  tensor(0.3770, device='cuda:0', grad_fn=<DivBackward0>)
Memory status after this epoch: 
Memory allocated:  27.037109375
Memory cached:  52.0
	 epoch  50 training error:  tensor(0.3690, device='cuda:0', grad_fn=<DivBackward0>)
Memory status after this epoch: 
Memory allocated:  27.037109375
Memory cached:  52.0
	 epoch  60 training error:  tensor(0.3644, device='cuda:0', grad_fn=<DivBackward0>)
Memory status after this epoch: 
Memory allocated:  27.037109375
Memory cached:  52.0
	 epoch  70 training error:  tensor(0.3624, device='cuda:0', grad_fn=<DivBackward0>)
Memory status after this epoch: 
Memory allocated:  27.037109375
Memory cached:  52.0
	 epoch  80 training error:  tensor(0.3614, device='cuda:0', grad_fn=<DivBackward0>)
Memory status after this epoch: 
Memory allocated:  27.037109375
Memory cached:  52.0
	 epoch  90 training error:  tensor(0.3608, device='cuda:0', grad_fn=<DivBackward0>)
Memory status after this epoch: 
Memory allocated:  27.037109375
Memory cached:  52.0
[I 2023-12-06 12:07:29,093] Trial 86 finished with value: 0.3367815613746643 and parameters: {'W_layers': 4, 'W_layer_units_exponent_0': 7, 'W_layer_units_exponent_1': 8, 'W_layer_units_exponent_2': 5, 'W_layer_units_exponent_3': 7, 'D_layers': 3, 'D_layer_units_exponent_0': 9, 'D_layer_units_exponent_1': 4, 'D_layer_units_exponent_2': 10, 'log_learning_rate': -2.063269599996105, 'log_learning_rate_D': -1.4165261123549766, 'training_batch_size': 11, 'training_p': 4}. Best is trial 68 with value: 0.3323483467102051.
Time for this trial:  15.481543064117432
Memory status after this trial: 
Memory allocated:  39.55712890625
Memory cached:  54.0
--------------------  Trial  87   --------------------
Start timing: 
Parameters: 
{'W_layers': 4, 'W_layer_units_exponent_0': 6, 'W_layer_units_exponent_1': 10, 'W_layer_units_exponent_2': 4, 'W_layer_units_exponent_3': 4, 'D_layers': 3, 'D_layer_units_exponent_0': 9, 'D_layer_units_exponent_1': 5, 'D_layer_units_exponent_2': 9, 'log_learning_rate': -1.676597503223628, 'log_learning_rate_D': -1.6806734972454744, 'training_batch_size': 11, 'training_p': 4}
	 epoch  0 training error:  tensor(1.0323, device='cuda:0', grad_fn=<DivBackward0>)
Memory status after this epoch: 
Memory allocated:  27.642578125
Memory cached:  48.0
	 epoch  10 training error:  tensor(1.1097, device='cuda:0', grad_fn=<DivBackward0>)
Memory status after this epoch: 
Memory allocated:  27.642578125
Memory cached:  48.0
	 epoch  20 training error:  tensor(0.6840, device='cuda:0', grad_fn=<DivBackward0>)
Memory status after this epoch: 
Memory allocated:  27.642578125
Memory cached:  48.0
	 epoch  30 training error:  tensor(0.5421, device='cuda:0', grad_fn=<DivBackward0>)
Memory status after this epoch: 
Memory allocated:  27.642578125
Memory cached:  48.0
	 epoch  40 training error:  tensor(0.4420, device='cuda:0', grad_fn=<DivBackward0>)
Memory status after this epoch: 
Memory allocated:  27.642578125
Memory cached:  48.0
	 epoch  50 training error:  tensor(0.4419, device='cuda:0', grad_fn=<DivBackward0>)
Memory status after this epoch: 
Memory allocated:  27.642578125
Memory cached:  48.0
	 epoch  60 training error:  tensor(0.4336, device='cuda:0', grad_fn=<DivBackward0>)
Memory status after this epoch: 
Memory allocated:  27.642578125
Memory cached:  48.0
	 epoch  70 training error:  tensor(0.4223, device='cuda:0', grad_fn=<DivBackward0>)
Memory status after this epoch: 
Memory allocated:  27.642578125
Memory cached:  48.0
	 epoch  80 training error:  tensor(0.4120, device='cuda:0', grad_fn=<DivBackward0>)
Memory status after this epoch: 
Memory allocated:  27.642578125
Memory cached:  48.0
	 epoch  90 training error:  tensor(0.4048, device='cuda:0', grad_fn=<DivBackward0>)
Memory status after this epoch: 
Memory allocated:  27.642578125
Memory cached:  48.0
