[I 2023-12-07 02:39:28,503] Trial 75 finished with value: 0.19625620543956757 and parameters: {'W_layers': 4, 'W_layer_units_exponent_0': 10, 'W_layer_units_exponent_1': 8, 'W_layer_units_exponent_2': 6, 'W_layer_units_exponent_3': 7, 'D_layers': 5, 'D_layer_units_exponent_0': 7, 'D_layer_units_exponent_1': 9, 'D_layer_units_exponent_2': 7, 'D_layer_units_exponent_3': 6, 'D_layer_units_exponent_4': 5, 'D_dagger_layers': 4, 'D_dagger_layer_units_exponent_0': 10, 'D_dagger_layer_units_exponent_1': 6, 'D_dagger_layer_units_exponent_2': 6, 'D_dagger_layer_units_exponent_3': 9, 'log_learning_rate': -4.298244186854266, 'log_learning_rate_D': -3.2523068475278234, 'log_learning_rate_D_dagger': -2.81116546739532, 'training_batch_size': 12, 'training_p': 4}. Best is trial 57 with value: 0.056275874376297.
Time for this trial:  188.85948252677917
Memory status after this trial: 
Memory allocated:  335.75634765625
Memory cached:  342.0
--------------------  Trial  76   --------------------
Start timing: 
Parameters: 
{'W_layers': 4, 'W_layer_units_exponent_0': 9, 'W_layer_units_exponent_1': 6, 'W_layer_units_exponent_2': 5, 'W_layer_units_exponent_3': 8, 'D_layers': 3, 'D_layer_units_exponent_0': 7, 'D_layer_units_exponent_1': 10, 'D_layer_units_exponent_2': 6, 'D_dagger_layers': 3, 'D_dagger_layer_units_exponent_0': 9, 'D_dagger_layer_units_exponent_1': 8, 'D_dagger_layer_units_exponent_2': 5, 'log_learning_rate': -4.714671932479311, 'log_learning_rate_D': -3.3975383902448604, 'log_learning_rate_D_dagger': -3.0164402143742617, 'training_batch_size': 10, 'training_p': 5}
	 epoch  0 training error:  tensor(1.0677, device='cuda:0', grad_fn=<DivBackward0>)
Memory status after this epoch: 
Memory allocated:  129.1796875
Memory cached:  290.0
	 epoch  10 training error:  tensor(0.9219, device='cuda:0', grad_fn=<DivBackward0>)
Memory status after this epoch: 
Memory allocated:  129.1796875
Memory cached:  306.0
	 epoch  20 training error:  tensor(0.7958, device='cuda:0', grad_fn=<DivBackward0>)
Memory status after this epoch: 
Memory allocated:  129.1796875
Memory cached:  316.0
	 epoch  30 training error:  tensor(0.6743, device='cuda:0', grad_fn=<DivBackward0>)
Memory status after this epoch: 
Memory allocated:  129.1796875
Memory cached:  304.0
	 epoch  40 training error:  tensor(0.5144, device='cuda:0', grad_fn=<DivBackward0>)
Memory status after this epoch: 
Memory allocated:  129.1796875
Memory cached:  306.0
	 epoch  50 training error:  tensor(0.5201, device='cuda:0', grad_fn=<DivBackward0>)
Memory status after this epoch: 
Memory allocated:  129.1796875
Memory cached:  310.0
	 epoch  60 training error:  tensor(0.3574, device='cuda:0', grad_fn=<DivBackward0>)
Memory status after this epoch: 
Memory allocated:  129.1796875
Memory cached:  308.0
	 epoch  70 training error:  tensor(0.3206, device='cuda:0', grad_fn=<DivBackward0>)
Memory status after this epoch: 
Memory allocated:  129.1796875
Memory cached:  306.0
	 epoch  80 training error:  tensor(0.3604, device='cuda:0', grad_fn=<DivBackward0>)
Memory status after this epoch: 
Memory allocated:  129.1796875
Memory cached:  310.0
	 epoch  90 training error:  tensor(0.2878, device='cuda:0', grad_fn=<DivBackward0>)
Memory status after this epoch: 
Memory allocated:  129.1796875
Memory cached:  308.0
[I 2023-12-07 02:42:06,764] Trial 76 finished with value: 0.10416586697101593 and parameters: {'W_layers': 4, 'W_layer_units_exponent_0': 9, 'W_layer_units_exponent_1': 6, 'W_layer_units_exponent_2': 5, 'W_layer_units_exponent_3': 8, 'D_layers': 3, 'D_layer_units_exponent_0': 7, 'D_layer_units_exponent_1': 10, 'D_layer_units_exponent_2': 6, 'D_dagger_layers': 3, 'D_dagger_layer_units_exponent_0': 9, 'D_dagger_layer_units_exponent_1': 8, 'D_dagger_layer_units_exponent_2': 5, 'log_learning_rate': -4.714671932479311, 'log_learning_rate_D': -3.3975383902448604, 'log_learning_rate_D_dagger': -3.0164402143742617, 'training_batch_size': 10, 'training_p': 5}. Best is trial 57 with value: 0.056275874376297.
Time for this trial:  158.04305911064148
Memory status after this trial: 
Memory allocated:  277.01904296875
Memory cached:  300.0
--------------------  Trial  77   --------------------
Start timing: 
Parameters: 
{'W_layers': 5, 'W_layer_units_exponent_0': 9, 'W_layer_units_exponent_1': 6, 'W_layer_units_exponent_2': 5, 'W_layer_units_exponent_3': 8, 'W_layer_units_exponent_4': 4, 'D_layers': 3, 'D_layer_units_exponent_0': 7, 'D_layer_units_exponent_1': 10, 'D_layer_units_exponent_2': 6, 'D_dagger_layers': 3, 'D_dagger_layer_units_exponent_0': 9, 'D_dagger_layer_units_exponent_1': 8, 'D_dagger_layer_units_exponent_2': 5, 'log_learning_rate': -4.735858402297587, 'log_learning_rate_D': -3.3783109242848486, 'log_learning_rate_D_dagger': -3.003187269157708, 'training_batch_size': 11, 'training_p': 5}
	 epoch  0 training error:  tensor(1.0263, device='cuda:0', grad_fn=<DivBackward0>)
Memory status after this epoch: 
Memory allocated:  129.2421875
Memory cached:  298.0
	 epoch  10 training error:  tensor(0.9085, device='cuda:0', grad_fn=<DivBackward0>)
Memory status after this epoch: 
Memory allocated:  129.2421875
Memory cached:  352.0
	 epoch  20 training error:  tensor(0.8194, device='cuda:0', grad_fn=<DivBackward0>)
Memory status after this epoch: 
Memory allocated:  129.2421875
Memory cached:  340.0
	 epoch  30 training error:  tensor(0.7091, device='cuda:0', grad_fn=<DivBackward0>)
Memory status after this epoch: 
Memory allocated:  129.2421875
Memory cached:  346.0
	 epoch  40 training error:  tensor(0.5861, device='cuda:0', grad_fn=<DivBackward0>)
Memory status after this epoch: 
Memory allocated:  129.2421875
Memory cached:  340.0
	 epoch  50 training error:  tensor(0.5084, device='cuda:0', grad_fn=<DivBackward0>)
Memory status after this epoch: 
Memory allocated:  129.2421875
Memory cached:  336.0
	 epoch  60 training error:  tensor(0.4177, device='cuda:0', grad_fn=<DivBackward0>)
Memory status after this epoch: 
Memory allocated:  129.2421875
Memory cached:  348.0
	 epoch  70 training error:  tensor(0.2379, device='cuda:0', grad_fn=<DivBackward0>)
Memory status after this epoch: 
Memory allocated:  129.2421875
Memory cached:  342.0
	 epoch  80 training error:  tensor(0.3155, device='cuda:0', grad_fn=<DivBackward0>)
Memory status after this epoch: 
Memory allocated:  129.2421875
Memory cached:  334.0
	 epoch  90 training error:  tensor(0.2029, device='cuda:0', grad_fn=<DivBackward0>)
Memory status after this epoch: 
Memory allocated:  129.2421875
Memory cached:  342.0
[I 2023-12-07 02:44:51,847] Trial 77 finished with value: 0.18477725982666016 and parameters: {'W_layers': 5, 'W_layer_units_exponent_0': 9, 'W_layer_units_exponent_1': 6, 'W_layer_units_exponent_2': 5, 'W_layer_units_exponent_3': 8, 'W_layer_units_exponent_4': 4, 'D_layers': 3, 'D_layer_units_exponent_0': 7, 'D_layer_units_exponent_1': 10, 'D_layer_units_exponent_2': 6, 'D_dagger_layers': 3, 'D_dagger_layer_units_exponent_0': 9, 'D_dagger_layer_units_exponent_1': 8, 'D_dagger_layer_units_exponent_2': 5, 'log_learning_rate': -4.735858402297587, 'log_learning_rate_D': -3.3783109242848486, 'log_learning_rate_D_dagger': -3.003187269157708, 'training_batch_size': 11, 'training_p': 5}. Best is trial 57 with value: 0.056275874376297.
Time for this trial:  164.86144399642944
Memory status after this trial: 
Memory allocated:  279.88232421875
Memory cached:  322.0
--------------------  Trial  78   --------------------
Start timing: 
Parameters: 
{'W_layers': 3, 'W_layer_units_exponent_0': 10, 'W_layer_units_exponent_1': 6, 'W_layer_units_exponent_2': 6, 'D_layers': 4, 'D_layer_units_exponent_0': 8, 'D_layer_units_exponent_1': 10, 'D_layer_units_exponent_2': 6, 'D_layer_units_exponent_3': 6, 'D_dagger_layers': 2, 'D_dagger_layer_units_exponent_0': 9, 'D_dagger_layer_units_exponent_1': 8, 'log_learning_rate': -4.470442392045878, 'log_learning_rate_D': -3.155935416565825, 'log_learning_rate_D_dagger': -2.7117678662641653, 'training_batch_size': 10, 'training_p': 5}
	 epoch  0 training error:  tensor(0.9979, device='cuda:0', grad_fn=<DivBackward0>)
Memory status after this epoch: 
Memory allocated:  131.5390625
Memory cached:  288.0
	 epoch  10 training error:  tensor(1.0376, device='cuda:0', grad_fn=<DivBackward0>)
Memory status after this epoch: 
Memory allocated:  131.5390625
Memory cached:  288.0
	 epoch  20 training error:  tensor(0.8984, device='cuda:0', grad_fn=<DivBackward0>)
Memory status after this epoch: 
Memory allocated:  131.5390625
Memory cached:  288.0
	 epoch  30 training error:  tensor(0.7686, device='cuda:0', grad_fn=<DivBackward0>)
Memory status after this epoch: 
Memory allocated:  131.5390625
Memory cached:  288.0
	 epoch  40 training error:  tensor(0.6265, device='cuda:0', grad_fn=<DivBackward0>)
Memory status after this epoch: 
Memory allocated:  131.5390625
Memory cached:  288.0
	 epoch  50 training error:  tensor(0.5236, device='cuda:0', grad_fn=<DivBackward0>)
Memory status after this epoch: 
Memory allocated:  131.5390625
Memory cached:  288.0
	 epoch  60 training error:  tensor(0.4345, device='cuda:0', grad_fn=<DivBackward0>)
Memory status after this epoch: 
Memory allocated:  131.5390625
Memory cached:  288.0
	 epoch  70 training error:  tensor(0.2581, device='cuda:0', grad_fn=<DivBackward0>)
Memory status after this epoch: 
Memory allocated:  131.5390625
Memory cached:  292.0
	 epoch  80 training error:  tensor(0.4036, device='cuda:0', grad_fn=<DivBackward0>)
Memory status after this epoch: 
Memory allocated:  131.5390625
Memory cached:  288.0
	 epoch  90 training error:  tensor(0.5466, device='cuda:0', grad_fn=<DivBackward0>)
Memory status after this epoch: 
Memory allocated:  131.5390625
Memory cached:  290.0
[I 2023-12-07 02:47:27,087] Trial 78 finished with value: 0.12106335163116455 and parameters: {'W_layers': 3, 'W_layer_units_exponent_0': 10, 'W_layer_units_exponent_1': 6, 'W_layer_units_exponent_2': 6, 'D_layers': 4, 'D_layer_units_exponent_0': 8, 'D_layer_units_exponent_1': 10, 'D_layer_units_exponent_2': 6, 'D_layer_units_exponent_3': 6, 'D_dagger_layers': 2, 'D_dagger_layer_units_exponent_0': 9, 'D_dagger_layer_units_exponent_1': 8, 'log_learning_rate': -4.470442392045878, 'log_learning_rate_D': -3.155935416565825, 'log_learning_rate_D_dagger': -2.7117678662641653, 'training_batch_size': 10, 'training_p': 5}. Best is trial 57 with value: 0.056275874376297.
Time for this trial:  155.00203394889832
Memory status after this trial: 
Memory allocated:  301.77783203125
Memory cached:  308.0
--------------------  Trial  79   --------------------
Start timing: 
Parameters: 
{'W_layers': 6, 'W_layer_units_exponent_0': 9, 'W_layer_units_exponent_1': 6, 'W_layer_units_exponent_2': 6, 'W_layer_units_exponent_3': 9, 'W_layer_units_exponent_4': 6, 'W_layer_units_exponent_5': 9, 'D_layers': 5, 'D_layer_units_exponent_0': 9, 'D_layer_units_exponent_1': 10, 'D_layer_units_exponent_2': 6, 'D_layer_units_exponent_3': 6, 'D_layer_units_exponent_4': 7, 'D_dagger_layers': 2, 'D_dagger_layer_units_exponent_0': 10, 'D_dagger_layer_units_exponent_1': 9, 'log_learning_rate': -4.903389292426821, 'log_learning_rate_D': -3.165949323479363, 'log_learning_rate_D_dagger': -2.658228723615527, 'training_batch_size': 10, 'training_p': 5}
	 epoch  0 training error:  tensor(0.9980, device='cuda:0', grad_fn=<DivBackward0>)
Memory status after this epoch: 
Memory allocated:  142.712890625
Memory cached:  308.0
	 epoch  10 training error:  tensor(1.0440, device='cuda:0', grad_fn=<DivBackward0>)
Memory status after this epoch: 
Memory allocated:  142.712890625
Memory cached:  308.0
	 epoch  20 training error:  tensor(0.8873, device='cuda:0', grad_fn=<DivBackward0>)
Memory status after this epoch: 
Memory allocated:  142.712890625
Memory cached:  308.0
	 epoch  30 training error:  tensor(0.7764, device='cuda:0', grad_fn=<DivBackward0>)
Memory status after this epoch: 
Memory allocated:  142.712890625
Memory cached:  308.0
	 epoch  40 training error:  tensor(0.6244, device='cuda:0', grad_fn=<DivBackward0>)
Memory status after this epoch: 
Memory allocated:  142.712890625
Memory cached:  308.0
	 epoch  50 training error:  tensor(0.4711, device='cuda:0', grad_fn=<DivBackward0>)
Memory status after this epoch: 
Memory allocated:  142.712890625
Memory cached:  308.0
	 epoch  60 training error:  tensor(0.6587, device='cuda:0', grad_fn=<DivBackward0>)
Memory status after this epoch: 
Memory allocated:  142.712890625
Memory cached:  308.0
	 epoch  70 training error:  tensor(0.5899, device='cuda:0', grad_fn=<DivBackward0>)
Memory status after this epoch: 
Memory allocated:  142.712890625
Memory cached:  308.0
	 epoch  80 training error:  tensor(0.5525, device='cuda:0', grad_fn=<DivBackward0>)
Memory status after this epoch: 
Memory allocated:  142.712890625
Memory cached:  308.0
	 epoch  90 training error:  tensor(0.5379, device='cuda:0', grad_fn=<DivBackward0>)
Memory status after this epoch: 
Memory allocated:  142.712890625
Memory cached:  308.0
[I 2023-12-07 02:50:41,454] Trial 79 finished with value: 0.4905903935432434 and parameters: {'W_layers': 6, 'W_layer_units_exponent_0': 9, 'W_layer_units_exponent_1': 6, 'W_layer_units_exponent_2': 6, 'W_layer_units_exponent_3': 9, 'W_layer_units_exponent_4': 6, 'W_layer_units_exponent_5': 9, 'D_layers': 5, 'D_layer_units_exponent_0': 9, 'D_layer_units_exponent_1': 10, 'D_layer_units_exponent_2': 6, 'D_layer_units_exponent_3': 6, 'D_layer_units_exponent_4': 7, 'D_dagger_layers': 2, 'D_dagger_layer_units_exponent_0': 10, 'D_dagger_layer_units_exponent_1': 9, 'log_learning_rate': -4.903389292426821, 'log_learning_rate_D': -3.165949323479363, 'log_learning_rate_D_dagger': -2.658228723615527, 'training_batch_size': 10, 'training_p': 5}. Best is trial 57 with value: 0.056275874376297.
Time for this trial:  194.0925750732422
Memory status after this trial: 
Memory allocated:  393.59033203125
Memory cached:  408.0
--------------------  Trial  80   --------------------
Start timing: 
Parameters: 
{'W_layers': 3, 'W_layer_units_exponent_0': 8, 'W_layer_units_exponent_1': 7, 'W_layer_units_exponent_2': 6, 'D_layers': 4, 'D_layer_units_exponent_0': 8, 'D_layer_units_exponent_1': 10, 'D_layer_units_exponent_2': 5, 'D_layer_units_exponent_3': 7, 'D_dagger_layers': 2, 'D_dagger_layer_units_exponent_0': 9, 'D_dagger_layer_units_exponent_1': 8, 'log_learning_rate': -4.453841450594235, 'log_learning_rate_D': -3.632912379202477, 'log_learning_rate_D_dagger': -2.8601397194194473, 'training_batch_size': 10, 'training_p': 5}
	 epoch  0 training error:  tensor(1.1003, device='cuda:0', grad_fn=<DivBackward0>)
Memory status after this epoch: 
Memory allocated:  130.578125
Memory cached:  292.0
	 epoch  10 training error:  tensor(1.0121, device='cuda:0', grad_fn=<DivBackward0>)
Memory status after this epoch: 
Memory allocated:  130.578125
Memory cached:  324.0
	 epoch  20 training error:  tensor(0.8554, device='cuda:0', grad_fn=<DivBackward0>)
Memory status after this epoch: 
Memory allocated:  130.578125
Memory cached:  328.0
	 epoch  30 training error:  tensor(0.7990, device='cuda:0', grad_fn=<DivBackward0>)
Memory status after this epoch: 
Memory allocated:  130.578125
Memory cached:  320.0
	 epoch  40 training error:  tensor(0.7352, device='cuda:0', grad_fn=<DivBackward0>)
Memory status after this epoch: 
Memory allocated:  130.578125
Memory cached:  322.0
	 epoch  50 training error:  tensor(0.6373, device='cuda:0', grad_fn=<DivBackward0>)
Memory status after this epoch: 
Memory allocated:  130.578125
Memory cached:  324.0
	 epoch  60 training error:  tensor(0.5676, device='cuda:0', grad_fn=<DivBackward0>)
Memory status after this epoch: 
Memory allocated:  130.578125
Memory cached:  328.0
	 epoch  70 training error:  tensor(0.5137, device='cuda:0', grad_fn=<DivBackward0>)
Memory status after this epoch: 
Memory allocated:  130.578125
Memory cached:  320.0
	 epoch  80 training error:  tensor(0.4417, device='cuda:0', grad_fn=<DivBackward0>)
Memory status after this epoch: 
Memory allocated:  130.578125
Memory cached:  328.0
	 epoch  90 training error:  tensor(0.3134, device='cuda:0', grad_fn=<DivBackward0>)
Memory status after this epoch: 
Memory allocated:  130.578125
Memory cached:  328.0
[I 2023-12-07 02:53:09,483] Trial 80 finished with value: 0.14194150269031525 and parameters: {'W_layers': 3, 'W_layer_units_exponent_0': 8, 'W_layer_units_exponent_1': 7, 'W_layer_units_exponent_2': 6, 'D_layers': 4, 'D_layer_units_exponent_0': 8, 'D_layer_units_exponent_1': 10, 'D_layer_units_exponent_2': 5, 'D_layer_units_exponent_3': 7, 'D_dagger_layers': 2, 'D_dagger_layer_units_exponent_0': 9, 'D_dagger_layer_units_exponent_1': 8, 'log_learning_rate': -4.453841450594235, 'log_learning_rate_D': -3.632912379202477, 'log_learning_rate_D_dagger': -2.8601397194194473, 'training_batch_size': 10, 'training_p': 5}. Best is trial 57 with value: 0.056275874376297.
Time for this trial:  147.79862213134766
Memory status after this trial: 
Memory allocated:  264.908203125
Memory cached:  314.0
--------------------  Trial  81   --------------------
Start timing: 
Parameters: 
{'W_layers': 3, 'W_layer_units_exponent_0': 8, 'W_layer_units_exponent_1': 7, 'W_layer_units_exponent_2': 6, 'D_layers': 4, 'D_layer_units_exponent_0': 8, 'D_layer_units_exponent_1': 10, 'D_layer_units_exponent_2': 4, 'D_layer_units_exponent_3': 7, 'D_dagger_layers': 2, 'D_dagger_layer_units_exponent_0': 9, 'D_dagger_layer_units_exponent_1': 8, 'log_learning_rate': -4.447759944753259, 'log_learning_rate_D': -3.5717129444983184, 'log_learning_rate_D_dagger': -2.89460294982197, 'training_batch_size': 10, 'training_p': 5}
	 epoch  0 training error:  tensor(1.0671, device='cuda:0', grad_fn=<DivBackward0>)
Memory status after this epoch: 
Memory allocated:  130.296875
Memory cached:  290.0
	 epoch  10 training error:  tensor(1.0289, device='cuda:0', grad_fn=<DivBackward0>)
Memory status after this epoch: 
Memory allocated:  130.296875
Memory cached:  314.0
	 epoch  20 training error:  tensor(0.8622, device='cuda:0', grad_fn=<DivBackward0>)
Memory status after this epoch: 
Memory allocated:  130.296875
Memory cached:  314.0
	 epoch  30 training error:  tensor(0.8068, device='cuda:0', grad_fn=<DivBackward0>)
Memory status after this epoch: 
Memory allocated:  130.296875
Memory cached:  318.0
	 epoch  40 training error:  tensor(0.7162, device='cuda:0', grad_fn=<DivBackward0>)
Memory status after this epoch: 
Memory allocated:  130.296875
Memory cached:  314.0
	 epoch  50 training error:  tensor(0.6073, device='cuda:0', grad_fn=<DivBackward0>)
Memory status after this epoch: 
Memory allocated:  130.296875
Memory cached:  318.0
	 epoch  60 training error:  tensor(0.5615, device='cuda:0', grad_fn=<DivBackward0>)
Memory status after this epoch: 
Memory allocated:  130.296875
Memory cached:  318.0
	 epoch  70 training error:  tensor(0.4997, device='cuda:0', grad_fn=<DivBackward0>)
Memory status after this epoch: 
Memory allocated:  130.296875
Memory cached:  322.0
	 epoch  80 training error:  tensor(0.4078, device='cuda:0', grad_fn=<DivBackward0>)
Memory status after this epoch: 
Memory allocated:  130.296875
Memory cached:  314.0
	 epoch  90 training error:  tensor(0.4237, device='cuda:0', grad_fn=<DivBackward0>)
Memory status after this epoch: 
Memory allocated:  130.296875
Memory cached:  318.0
