[I 2024-01-11 04:04:08,836] Trial 131 finished with value: 0.20820383727550507 and parameters: {'W_layers': 2, 'W_layer_units_exponent_0': 8, 'W_layer_units_exponent_1': 5, 'D_layers': 4, 'D_layer_units_exponent_0': 8, 'D_layer_units_exponent_1': 6, 'D_layer_units_exponent_2': 10, 'D_layer_units_exponent_3': 5, 'D_dagger_layers': 4, 'D_dagger_layer_units_exponent_0': 10, 'D_dagger_layer_units_exponent_1': 6, 'D_dagger_layer_units_exponent_2': 7, 'D_dagger_layer_units_exponent_3': 6, 'log_learning_rate': -3.546605942570726, 'log_learning_rate_D': -2.4211180921599764, 'log_learning_rate_D_dagger': -2.3364820761232745, 'training_batch_size': 6, 'training_p': 8}. Best is trial 129 with value: 0.06846926361322403.
Time for this trial:  396.5107021331787
Memory status after this trial: 
Memory allocated:  626.212890625
Memory cached:  630.0
--------------------  Trial  132   --------------------
Start timing: 
Parameters: 
{'W_layers': 2, 'W_layer_units_exponent_0': 8, 'W_layer_units_exponent_1': 5, 'D_layers': 4, 'D_layer_units_exponent_0': 7, 'D_layer_units_exponent_1': 6, 'D_layer_units_exponent_2': 9, 'D_layer_units_exponent_3': 5, 'D_dagger_layers': 4, 'D_dagger_layer_units_exponent_0': 10, 'D_dagger_layer_units_exponent_1': 6, 'D_dagger_layer_units_exponent_2': 7, 'D_dagger_layer_units_exponent_3': 6, 'log_learning_rate': -3.728505476354766, 'log_learning_rate_D': -2.510350852575602, 'log_learning_rate_D_dagger': -2.92589899854263, 'training_batch_size': 6, 'training_p': 7}
	 epoch  0 training error:  tensor(0.8350, device='cuda:0', grad_fn=<DivBackward0>)
Memory status after this epoch: 
Memory allocated:  315.5595703125
Memory cached:  560.0
	 epoch  10 training error:  tensor(0.4049, device='cuda:0', grad_fn=<DivBackward0>)
Memory status after this epoch: 
Memory allocated:  315.5595703125
Memory cached:  572.0
	 epoch  20 training error:  tensor(0.3737, device='cuda:0', grad_fn=<DivBackward0>)
Memory status after this epoch: 
Memory allocated:  315.5595703125
Memory cached:  566.0
	 epoch  30 training error:  tensor(0.3808, device='cuda:0', grad_fn=<DivBackward0>)
Memory status after this epoch: 
Memory allocated:  315.5595703125
Memory cached:  560.0
	 epoch  40 training error:  tensor(0.3827, device='cuda:0', grad_fn=<DivBackward0>)
Memory status after this epoch: 
Memory allocated:  315.5595703125
Memory cached:  562.0
	 epoch  50 training error:  tensor(0.3700, device='cuda:0', grad_fn=<DivBackward0>)
Memory status after this epoch: 
Memory allocated:  315.5595703125
Memory cached:  566.0
	 epoch  60 training error:  tensor(0.3402, device='cuda:0', grad_fn=<DivBackward0>)
Memory status after this epoch: 
Memory allocated:  315.5595703125
Memory cached:  564.0
	 epoch  70 training error:  tensor(0.3837, device='cuda:0', grad_fn=<DivBackward0>)
Memory status after this epoch: 
Memory allocated:  315.5595703125
Memory cached:  564.0
	 epoch  80 training error:  tensor(0.3703, device='cuda:0', grad_fn=<DivBackward0>)
Memory status after this epoch: 
Memory allocated:  315.5595703125
Memory cached:  564.0
	 epoch  90 training error:  tensor(0.3633, device='cuda:0', grad_fn=<DivBackward0>)
Memory status after this epoch: 
Memory allocated:  315.5595703125
Memory cached:  560.0
[I 2024-01-11 04:10:38,900] Trial 132 finished with value: 0.20615635812282562 and parameters: {'W_layers': 2, 'W_layer_units_exponent_0': 8, 'W_layer_units_exponent_1': 5, 'D_layers': 4, 'D_layer_units_exponent_0': 7, 'D_layer_units_exponent_1': 6, 'D_layer_units_exponent_2': 9, 'D_layer_units_exponent_3': 5, 'D_dagger_layers': 4, 'D_dagger_layer_units_exponent_0': 10, 'D_dagger_layer_units_exponent_1': 6, 'D_dagger_layer_units_exponent_2': 7, 'D_dagger_layer_units_exponent_3': 6, 'log_learning_rate': -3.728505476354766, 'log_learning_rate_D': -2.510350852575602, 'log_learning_rate_D_dagger': -2.92589899854263, 'training_batch_size': 6, 'training_p': 7}. Best is trial 129 with value: 0.06846926361322403.
Time for this trial:  389.6599187850952
Memory status after this trial: 
Memory allocated:  558.09375
Memory cached:  562.0
--------------------  Trial  133   --------------------
Start timing: 
Parameters: 
{'W_layers': 2, 'W_layer_units_exponent_0': 8, 'W_layer_units_exponent_1': 4, 'D_layers': 4, 'D_layer_units_exponent_0': 8, 'D_layer_units_exponent_1': 6, 'D_layer_units_exponent_2': 10, 'D_layer_units_exponent_3': 5, 'D_dagger_layers': 4, 'D_dagger_layer_units_exponent_0': 10, 'D_dagger_layer_units_exponent_1': 6, 'D_dagger_layer_units_exponent_2': 7, 'D_dagger_layer_units_exponent_3': 6, 'log_learning_rate': -3.5843475361609887, 'log_learning_rate_D': -2.358008275838932, 'log_learning_rate_D_dagger': -2.1514026723020456, 'training_batch_size': 6, 'training_p': 8}
	 epoch  0 training error:  tensor(1.6288, device='cuda:0', grad_fn=<DivBackward0>)
Memory status after this epoch: 
Memory allocated:  316.3837890625
Memory cached:  562.0
	 epoch  10 training error:  tensor(0.7333, device='cuda:0', grad_fn=<DivBackward0>)
Memory status after this epoch: 
Memory allocated:  316.3837890625
Memory cached:  562.0
	 epoch  20 training error:  tensor(0.7270, device='cuda:0', grad_fn=<DivBackward0>)
Memory status after this epoch: 
Memory allocated:  316.3837890625
Memory cached:  562.0
	 epoch  30 training error:  tensor(0.7266, device='cuda:0', grad_fn=<DivBackward0>)
Memory status after this epoch: 
Memory allocated:  316.3837890625
Memory cached:  562.0
	 epoch  40 training error:  tensor(0.7263, device='cuda:0', grad_fn=<DivBackward0>)
Memory status after this epoch: 
Memory allocated:  316.3837890625
Memory cached:  562.0
	 epoch  50 training error:  tensor(0.7290, device='cuda:0', grad_fn=<DivBackward0>)
Memory status after this epoch: 
Memory allocated:  316.3837890625
Memory cached:  562.0
	 epoch  60 training error:  tensor(0.7282, device='cuda:0', grad_fn=<DivBackward0>)
Memory status after this epoch: 
Memory allocated:  316.3837890625
Memory cached:  562.0
	 epoch  70 training error:  tensor(0.7276, device='cuda:0', grad_fn=<DivBackward0>)
Memory status after this epoch: 
Memory allocated:  316.3837890625
Memory cached:  562.0
	 epoch  80 training error:  tensor(0.7275, device='cuda:0', grad_fn=<DivBackward0>)
Memory status after this epoch: 
Memory allocated:  316.3837890625
Memory cached:  562.0
	 epoch  90 training error:  tensor(0.7272, device='cuda:0', grad_fn=<DivBackward0>)
Memory status after this epoch: 
Memory allocated:  316.3837890625
Memory cached:  562.0
[I 2024-01-11 04:17:16,869] Trial 133 finished with value: 0.58037930727005 and parameters: {'W_layers': 2, 'W_layer_units_exponent_0': 8, 'W_layer_units_exponent_1': 4, 'D_layers': 4, 'D_layer_units_exponent_0': 8, 'D_layer_units_exponent_1': 6, 'D_layer_units_exponent_2': 10, 'D_layer_units_exponent_3': 5, 'D_dagger_layers': 4, 'D_dagger_layer_units_exponent_0': 10, 'D_dagger_layer_units_exponent_1': 6, 'D_dagger_layer_units_exponent_2': 7, 'D_dagger_layer_units_exponent_3': 6, 'log_learning_rate': -3.5843475361609887, 'log_learning_rate_D': -2.358008275838932, 'log_learning_rate_D_dagger': -2.1514026723020456, 'training_batch_size': 6, 'training_p': 8}. Best is trial 129 with value: 0.06846926361322403.
Time for this trial:  397.5816237926483
Memory status after this trial: 
Memory allocated:  624.716796875
Memory cached:  628.0
--------------------  Trial  134   --------------------
Start timing: 
Parameters: 
{'W_layers': 2, 'W_layer_units_exponent_0': 8, 'W_layer_units_exponent_1': 4, 'D_layers': 4, 'D_layer_units_exponent_0': 8, 'D_layer_units_exponent_1': 6, 'D_layer_units_exponent_2': 9, 'D_layer_units_exponent_3': 5, 'D_dagger_layers': 4, 'D_dagger_layer_units_exponent_0': 10, 'D_dagger_layer_units_exponent_1': 6, 'D_dagger_layer_units_exponent_2': 7, 'D_dagger_layer_units_exponent_3': 6, 'log_learning_rate': -3.478527460803042, 'log_learning_rate_D': -2.280183483545268, 'log_learning_rate_D_dagger': -2.2754121419687143, 'training_batch_size': 6, 'training_p': 8}
	 epoch  0 training error:  tensor(1.2428, device='cuda:0', grad_fn=<DivBackward0>)
Memory status after this epoch: 
Memory allocated:  315.6259765625
Memory cached:  560.0
	 epoch  10 training error:  tensor(0.5975, device='cuda:0', grad_fn=<DivBackward0>)
Memory status after this epoch: 
Memory allocated:  315.6259765625
Memory cached:  560.0
	 epoch  20 training error:  tensor(0.4230, device='cuda:0', grad_fn=<DivBackward0>)
Memory status after this epoch: 
Memory allocated:  315.6259765625
Memory cached:  560.0
	 epoch  30 training error:  tensor(0.4077, device='cuda:0', grad_fn=<DivBackward0>)
Memory status after this epoch: 
Memory allocated:  315.6259765625
Memory cached:  560.0
	 epoch  40 training error:  tensor(0.3996, device='cuda:0', grad_fn=<DivBackward0>)
Memory status after this epoch: 
Memory allocated:  315.6259765625
Memory cached:  560.0
	 epoch  50 training error:  tensor(0.4228, device='cuda:0', grad_fn=<DivBackward0>)
Memory status after this epoch: 
Memory allocated:  315.6259765625
Memory cached:  560.0
	 epoch  60 training error:  tensor(0.4141, device='cuda:0', grad_fn=<DivBackward0>)
Memory status after this epoch: 
Memory allocated:  315.6259765625
Memory cached:  560.0
	 epoch  70 training error:  tensor(0.3901, device='cuda:0', grad_fn=<DivBackward0>)
Memory status after this epoch: 
Memory allocated:  315.6259765625
Memory cached:  560.0
	 epoch  80 training error:  tensor(0.4017, device='cuda:0', grad_fn=<DivBackward0>)
Memory status after this epoch: 
Memory allocated:  315.6259765625
Memory cached:  560.0
	 epoch  90 training error:  tensor(0.3946, device='cuda:0', grad_fn=<DivBackward0>)
Memory status after this epoch: 
Memory allocated:  315.6259765625
Memory cached:  560.0
[I 2024-01-11 04:23:51,278] Trial 134 finished with value: 0.21801571547985077 and parameters: {'W_layers': 2, 'W_layer_units_exponent_0': 8, 'W_layer_units_exponent_1': 4, 'D_layers': 4, 'D_layer_units_exponent_0': 8, 'D_layer_units_exponent_1': 6, 'D_layer_units_exponent_2': 9, 'D_layer_units_exponent_3': 5, 'D_dagger_layers': 4, 'D_dagger_layer_units_exponent_0': 10, 'D_dagger_layer_units_exponent_1': 6, 'D_dagger_layer_units_exponent_2': 7, 'D_dagger_layer_units_exponent_3': 6, 'log_learning_rate': -3.478527460803042, 'log_learning_rate_D': -2.280183483545268, 'log_learning_rate_D_dagger': -2.2754121419687143, 'training_batch_size': 6, 'training_p': 8}. Best is trial 129 with value: 0.06846926361322403.
Time for this trial:  393.9960079193115
Memory status after this trial: 
Memory allocated:  570.197265625
Memory cached:  572.0
--------------------  Trial  135   --------------------
Start timing: 
Parameters: 
{'W_layers': 2, 'W_layer_units_exponent_0': 8, 'W_layer_units_exponent_1': 5, 'D_layers': 4, 'D_layer_units_exponent_0': 8, 'D_layer_units_exponent_1': 6, 'D_layer_units_exponent_2': 9, 'D_layer_units_exponent_3': 5, 'D_dagger_layers': 5, 'D_dagger_layer_units_exponent_0': 10, 'D_dagger_layer_units_exponent_1': 6, 'D_dagger_layer_units_exponent_2': 5, 'D_dagger_layer_units_exponent_3': 6, 'D_dagger_layer_units_exponent_4': 10, 'log_learning_rate': -3.722393520480427, 'log_learning_rate_D': -2.498773650185754, 'log_learning_rate_D_dagger': -2.739127650234129, 'training_batch_size': 6, 'training_p': 6}
	 epoch  0 training error:  tensor(0.9623, device='cuda:0', grad_fn=<DivBackward0>)
Memory status after this epoch: 
Memory allocated:  316.5302734375
Memory cached:  564.0
	 epoch  10 training error:  tensor(0.3539, device='cuda:0', grad_fn=<DivBackward0>)
Memory status after this epoch: 
Memory allocated:  316.5302734375
Memory cached:  570.0
	 epoch  20 training error:  tensor(0.3722, device='cuda:0', grad_fn=<DivBackward0>)
Memory status after this epoch: 
Memory allocated:  316.5302734375
Memory cached:  582.0
	 epoch  30 training error:  tensor(0.3254, device='cuda:0', grad_fn=<DivBackward0>)
Memory status after this epoch: 
Memory allocated:  316.5302734375
Memory cached:  564.0
	 epoch  40 training error:  tensor(0.2331, device='cuda:0', grad_fn=<DivBackward0>)
Memory status after this epoch: 
Memory allocated:  316.5302734375
Memory cached:  572.0
	 epoch  50 training error:  tensor(0.2727, device='cuda:0', grad_fn=<DivBackward0>)
Memory status after this epoch: 
Memory allocated:  316.5302734375
Memory cached:  574.0
	 epoch  60 training error:  tensor(0.2273, device='cuda:0', grad_fn=<DivBackward0>)
Memory status after this epoch: 
Memory allocated:  316.5302734375
Memory cached:  570.0
	 epoch  70 training error:  tensor(0.2259, device='cuda:0', grad_fn=<DivBackward0>)
Memory status after this epoch: 
Memory allocated:  316.5302734375
Memory cached:  576.0
	 epoch  80 training error:  tensor(0.1825, device='cuda:0', grad_fn=<DivBackward0>)
Memory status after this epoch: 
Memory allocated:  316.5302734375
Memory cached:  570.0
	 epoch  90 training error:  tensor(0.1727, device='cuda:0', grad_fn=<DivBackward0>)
Memory status after this epoch: 
Memory allocated:  316.5302734375
Memory cached:  586.0
[I 2024-01-11 04:30:54,596] Trial 135 finished with value: 0.10080591589212418 and parameters: {'W_layers': 2, 'W_layer_units_exponent_0': 8, 'W_layer_units_exponent_1': 5, 'D_layers': 4, 'D_layer_units_exponent_0': 8, 'D_layer_units_exponent_1': 6, 'D_layer_units_exponent_2': 9, 'D_layer_units_exponent_3': 5, 'D_dagger_layers': 5, 'D_dagger_layer_units_exponent_0': 10, 'D_dagger_layer_units_exponent_1': 6, 'D_dagger_layer_units_exponent_2': 5, 'D_dagger_layer_units_exponent_3': 6, 'D_dagger_layer_units_exponent_4': 10, 'log_learning_rate': -3.722393520480427, 'log_learning_rate_D': -2.498773650185754, 'log_learning_rate_D_dagger': -2.739127650234129, 'training_batch_size': 6, 'training_p': 6}. Best is trial 129 with value: 0.06846926361322403.
Time for this trial:  422.9253816604614
Memory status after this trial: 
Memory allocated:  656.5869140625
Memory cached:  660.0
--------------------  Trial  136   --------------------
Start timing: 
Parameters: 
{'W_layers': 2, 'W_layer_units_exponent_0': 8, 'W_layer_units_exponent_1': 5, 'D_layers': 4, 'D_layer_units_exponent_0': 8, 'D_layer_units_exponent_1': 6, 'D_layer_units_exponent_2': 9, 'D_layer_units_exponent_3': 5, 'D_dagger_layers': 6, 'D_dagger_layer_units_exponent_0': 10, 'D_dagger_layer_units_exponent_1': 6, 'D_dagger_layer_units_exponent_2': 5, 'D_dagger_layer_units_exponent_3': 6, 'D_dagger_layer_units_exponent_4': 10, 'D_dagger_layer_units_exponent_5': 5, 'log_learning_rate': -3.703421512028665, 'log_learning_rate_D': -2.184576211684682, 'log_learning_rate_D_dagger': -2.5890519086977704, 'training_batch_size': 6, 'training_p': 6}
	 epoch  0 training error:  tensor(1.0462, device='cuda:0', grad_fn=<DivBackward0>)
Memory status after this epoch: 
Memory allocated:  317.0185546875
Memory cached:  564.0
	 epoch  10 training error:  tensor(0.3811, device='cuda:0', grad_fn=<DivBackward0>)
Memory status after this epoch: 
Memory allocated:  317.0185546875
Memory cached:  584.0
	 epoch  20 training error:  tensor(0.3675, device='cuda:0', grad_fn=<DivBackward0>)
Memory status after this epoch: 
Memory allocated:  317.0185546875
Memory cached:  586.0
	 epoch  30 training error:  tensor(0.3271, device='cuda:0', grad_fn=<DivBackward0>)
Memory status after this epoch: 
Memory allocated:  317.0185546875
Memory cached:  580.0
	 epoch  40 training error:  tensor(0.3993, device='cuda:0', grad_fn=<DivBackward0>)
Memory status after this epoch: 
Memory allocated:  317.0185546875
Memory cached:  582.0
	 epoch  50 training error:  tensor(0.3691, device='cuda:0', grad_fn=<DivBackward0>)
Memory status after this epoch: 
Memory allocated:  317.0185546875
Memory cached:  584.0
	 epoch  60 training error:  tensor(0.3862, device='cuda:0', grad_fn=<DivBackward0>)
Memory status after this epoch: 
Memory allocated:  317.0185546875
Memory cached:  582.0
	 epoch  70 training error:  tensor(0.3396, device='cuda:0', grad_fn=<DivBackward0>)
Memory status after this epoch: 
Memory allocated:  317.0185546875
Memory cached:  590.0
	 epoch  80 training error:  tensor(0.3182, device='cuda:0', grad_fn=<DivBackward0>)
Memory status after this epoch: 
Memory allocated:  317.0185546875
Memory cached:  584.0
	 epoch  90 training error:  tensor(0.4050, device='cuda:0', grad_fn=<DivBackward0>)
Memory status after this epoch: 
Memory allocated:  317.0185546875
Memory cached:  582.0
[I 2024-01-11 04:38:19,906] Trial 136 finished with value: 0.19290459156036377 and parameters: {'W_layers': 2, 'W_layer_units_exponent_0': 8, 'W_layer_units_exponent_1': 5, 'D_layers': 4, 'D_layer_units_exponent_0': 8, 'D_layer_units_exponent_1': 6, 'D_layer_units_exponent_2': 9, 'D_layer_units_exponent_3': 5, 'D_dagger_layers': 6, 'D_dagger_layer_units_exponent_0': 10, 'D_dagger_layer_units_exponent_1': 6, 'D_dagger_layer_units_exponent_2': 5, 'D_dagger_layer_units_exponent_3': 6, 'D_dagger_layer_units_exponent_4': 10, 'D_dagger_layer_units_exponent_5': 5, 'log_learning_rate': -3.703421512028665, 'log_learning_rate_D': -2.184576211684682, 'log_learning_rate_D_dagger': -2.5890519086977704, 'training_batch_size': 6, 'training_p': 6}. Best is trial 129 with value: 0.06846926361322403.
Time for this trial:  444.88140392303467
Memory status after this trial: 
Memory allocated:  675.3857421875
Memory cached:  680.0
--------------------  Trial  137   --------------------
Start timing: 
Parameters: 
{'W_layers': 2, 'W_layer_units_exponent_0': 8, 'W_layer_units_exponent_1': 5, 'D_layers': 4, 'D_layer_units_exponent_0': 8, 'D_layer_units_exponent_1': 6, 'D_layer_units_exponent_2': 10, 'D_layer_units_exponent_3': 5, 'D_dagger_layers': 5, 'D_dagger_layer_units_exponent_0': 10, 'D_dagger_layer_units_exponent_1': 7, 'D_dagger_layer_units_exponent_2': 6, 'D_dagger_layer_units_exponent_3': 6, 'D_dagger_layer_units_exponent_4': 9, 'log_learning_rate': -3.5789691586583143, 'log_learning_rate_D': -2.5009192843755415, 'log_learning_rate_D_dagger': -2.4924697949728443, 'training_batch_size': 6, 'training_p': 6}
	 epoch  0 training error:  tensor(0.6826, device='cuda:0', grad_fn=<DivBackward0>)
Memory status after this epoch: 
Memory allocated:  317.8974609375
Memory cached:  562.0
	 epoch  10 training error:  tensor(0.4400, device='cuda:0', grad_fn=<DivBackward0>)
Memory status after this epoch: 
Memory allocated:  317.8974609375
Memory cached:  580.0
	 epoch  20 training error:  tensor(0.3702, device='cuda:0', grad_fn=<DivBackward0>)
Memory status after this epoch: 
Memory allocated:  317.8974609375
Memory cached:  576.0
	 epoch  30 training error:  tensor(0.3419, device='cuda:0', grad_fn=<DivBackward0>)
Memory status after this epoch: 
Memory allocated:  317.8974609375
Memory cached:  574.0
	 epoch  40 training error:  tensor(0.3532, device='cuda:0', grad_fn=<DivBackward0>)
Memory status after this epoch: 
Memory allocated:  317.8974609375
Memory cached:  578.0
	 epoch  50 training error:  tensor(0.3129, device='cuda:0', grad_fn=<DivBackward0>)
Memory status after this epoch: 
Memory allocated:  317.8974609375
Memory cached:  582.0
	 epoch  60 training error:  tensor(0.2545, device='cuda:0', grad_fn=<DivBackward0>)
Memory status after this epoch: 
Memory allocated:  317.8974609375
Memory cached:  574.0
	 epoch  70 training error:  tensor(0.2315, device='cuda:0', grad_fn=<DivBackward0>)
Memory status after this epoch: 
Memory allocated:  317.8974609375
Memory cached:  578.0
	 epoch  80 training error:  tensor(0.1986, device='cuda:0', grad_fn=<DivBackward0>)
Memory status after this epoch: 
Memory allocated:  317.8974609375
Memory cached:  578.0
	 epoch  90 training error:  tensor(0.1782, device='cuda:0', grad_fn=<DivBackward0>)
Memory status after this epoch: 
Memory allocated:  317.8974609375
Memory cached:  564.0
