[I 2023-12-20 08:30:01,134] Trial 92 finished with value: 0.23794488608837128 and parameters: {'W_layers': 5, 'W_layer_units_exponent_0': 7, 'W_layer_units_exponent_1': 9, 'W_layer_units_exponent_2': 5, 'W_layer_units_exponent_3': 4, 'W_layer_units_exponent_4': 8, 'D_layers': 5, 'D_layer_units_exponent_0': 4, 'D_layer_units_exponent_1': 10, 'D_layer_units_exponent_2': 7, 'D_layer_units_exponent_3': 8, 'D_layer_units_exponent_4': 4, 'D_dagger_layers': 6, 'D_dagger_layer_units_exponent_0': 10, 'D_dagger_layer_units_exponent_1': 4, 'D_dagger_layer_units_exponent_2': 4, 'D_dagger_layer_units_exponent_3': 4, 'D_dagger_layer_units_exponent_4': 6, 'D_dagger_layer_units_exponent_5': 10, 'log_learning_rate': -2.613855983733566, 'log_learning_rate_D': -4.421058514992545, 'log_learning_rate_D_dagger': -2.5945073810125976, 'training_batch_size': 6, 'training_p': 6}. Best is trial 77 with value: 0.13922981917858124.
Time for this trial:  372.2826225757599
Memory status after this trial: 
Memory allocated:  428.38818359375
Memory cached:  448.0
--------------------  Trial  93   --------------------
Start timing: 
Parameters: 
{'W_layers': 5, 'W_layer_units_exponent_0': 7, 'W_layer_units_exponent_1': 9, 'W_layer_units_exponent_2': 9, 'W_layer_units_exponent_3': 6, 'W_layer_units_exponent_4': 6, 'D_layers': 5, 'D_layer_units_exponent_0': 8, 'D_layer_units_exponent_1': 9, 'D_layer_units_exponent_2': 5, 'D_layer_units_exponent_3': 4, 'D_layer_units_exponent_4': 4, 'D_dagger_layers': 5, 'D_dagger_layer_units_exponent_0': 10, 'D_dagger_layer_units_exponent_1': 7, 'D_dagger_layer_units_exponent_2': 4, 'D_dagger_layer_units_exponent_3': 4, 'D_dagger_layer_units_exponent_4': 7, 'log_learning_rate': -2.4506855724171257, 'log_learning_rate_D': -3.98565838447915, 'log_learning_rate_D_dagger': -2.7996726125724742, 'training_batch_size': 6, 'training_p': 4}
	 epoch  0 training error:  tensor(1.1566, device='cuda:0', grad_fn=<DivBackward0>)
Memory status after this epoch: 
Memory allocated:  202.27685546875
Memory cached:  412.0
	 epoch  10 training error:  tensor(0.4538, device='cuda:0', grad_fn=<DivBackward0>)
Memory status after this epoch: 
Memory allocated:  202.27685546875
Memory cached:  438.0
	 epoch  20 training error:  tensor(0.4399, device='cuda:0', grad_fn=<DivBackward0>)
Memory status after this epoch: 
Memory allocated:  202.27685546875
Memory cached:  440.0
	 epoch  30 training error:  tensor(0.4324, device='cuda:0', grad_fn=<DivBackward0>)
Memory status after this epoch: 
Memory allocated:  202.27685546875
Memory cached:  440.0
	 epoch  40 training error:  tensor(0.4217, device='cuda:0', grad_fn=<DivBackward0>)
Memory status after this epoch: 
Memory allocated:  202.27685546875
Memory cached:  440.0
	 epoch  50 training error:  tensor(0.3971, device='cuda:0', grad_fn=<DivBackward0>)
Memory status after this epoch: 
Memory allocated:  202.27685546875
Memory cached:  436.0
	 epoch  60 training error:  tensor(0.4261, device='cuda:0', grad_fn=<DivBackward0>)
Memory status after this epoch: 
Memory allocated:  202.27685546875
Memory cached:  434.0
	 epoch  70 training error:  tensor(0.3305, device='cuda:0', grad_fn=<DivBackward0>)
Memory status after this epoch: 
Memory allocated:  202.27685546875
Memory cached:  446.0
	 epoch  80 training error:  tensor(0.2537, device='cuda:0', grad_fn=<DivBackward0>)
Memory status after this epoch: 
Memory allocated:  202.27685546875
Memory cached:  440.0
	 epoch  90 training error:  tensor(0.2581, device='cuda:0', grad_fn=<DivBackward0>)
Memory status after this epoch: 
Memory allocated:  202.27685546875
Memory cached:  436.0
[I 2023-12-20 08:35:51,262] Trial 93 finished with value: 0.14848844707012177 and parameters: {'W_layers': 5, 'W_layer_units_exponent_0': 7, 'W_layer_units_exponent_1': 9, 'W_layer_units_exponent_2': 9, 'W_layer_units_exponent_3': 6, 'W_layer_units_exponent_4': 6, 'D_layers': 5, 'D_layer_units_exponent_0': 8, 'D_layer_units_exponent_1': 9, 'D_layer_units_exponent_2': 5, 'D_layer_units_exponent_3': 4, 'D_layer_units_exponent_4': 4, 'D_dagger_layers': 5, 'D_dagger_layer_units_exponent_0': 10, 'D_dagger_layer_units_exponent_1': 7, 'D_dagger_layer_units_exponent_2': 4, 'D_dagger_layer_units_exponent_3': 4, 'D_dagger_layer_units_exponent_4': 7, 'log_learning_rate': -2.4506855724171257, 'log_learning_rate_D': -3.98565838447915, 'log_learning_rate_D_dagger': -2.7996726125724742, 'training_batch_size': 6, 'training_p': 4}. Best is trial 77 with value: 0.13922981917858124.
Time for this trial:  349.7031018733978
Memory status after this trial: 
Memory allocated:  379.0830078125
Memory cached:  424.0
--------------------  Trial  94   --------------------
Start timing: 
Parameters: 
{'W_layers': 3, 'W_layer_units_exponent_0': 7, 'W_layer_units_exponent_1': 9, 'W_layer_units_exponent_2': 9, 'D_layers': 5, 'D_layer_units_exponent_0': 8, 'D_layer_units_exponent_1': 9, 'D_layer_units_exponent_2': 5, 'D_layer_units_exponent_3': 4, 'D_layer_units_exponent_4': 4, 'D_dagger_layers': 5, 'D_dagger_layer_units_exponent_0': 9, 'D_dagger_layer_units_exponent_1': 7, 'D_dagger_layer_units_exponent_2': 4, 'D_dagger_layer_units_exponent_3': 4, 'D_dagger_layer_units_exponent_4': 7, 'log_learning_rate': -2.0124516473935423, 'log_learning_rate_D': -3.9800427723300014, 'log_learning_rate_D_dagger': -2.675784938755081, 'training_batch_size': 6, 'training_p': 4}
	 epoch  0 training error:  tensor(4.6422, device='cuda:0', grad_fn=<DivBackward0>)
Memory status after this epoch: 
Memory allocated:  200.69287109375
Memory cached:  416.0
	 epoch  10 training error:  tensor(0.6012, device='cuda:0', grad_fn=<DivBackward0>)
Memory status after this epoch: 
Memory allocated:  200.69287109375
Memory cached:  456.0
	 epoch  20 training error:  tensor(0.5036, device='cuda:0', grad_fn=<DivBackward0>)
Memory status after this epoch: 
Memory allocated:  200.69287109375
Memory cached:  444.0
	 epoch  30 training error:  tensor(0.4503, device='cuda:0', grad_fn=<DivBackward0>)
Memory status after this epoch: 
Memory allocated:  200.69287109375
Memory cached:  442.0
	 epoch  40 training error:  tensor(0.4464, device='cuda:0', grad_fn=<DivBackward0>)
Memory status after this epoch: 
Memory allocated:  200.69287109375
Memory cached:  448.0
	 epoch  50 training error:  tensor(0.4324, device='cuda:0', grad_fn=<DivBackward0>)
Memory status after this epoch: 
Memory allocated:  200.69287109375
Memory cached:  438.0
	 epoch  60 training error:  tensor(0.4215, device='cuda:0', grad_fn=<DivBackward0>)
Memory status after this epoch: 
Memory allocated:  200.69287109375
Memory cached:  442.0
	 epoch  70 training error:  tensor(0.3831, device='cuda:0', grad_fn=<DivBackward0>)
Memory status after this epoch: 
Memory allocated:  200.69287109375
Memory cached:  454.0
	 epoch  80 training error:  tensor(0.2455, device='cuda:0', grad_fn=<DivBackward0>)
Memory status after this epoch: 
Memory allocated:  200.69287109375
Memory cached:  444.0
	 epoch  90 training error:  tensor(0.2690, device='cuda:0', grad_fn=<DivBackward0>)
Memory status after this epoch: 
Memory allocated:  200.69287109375
Memory cached:  440.0
[I 2023-12-20 08:41:07,647] Trial 94 finished with value: 0.17672815918922424 and parameters: {'W_layers': 3, 'W_layer_units_exponent_0': 7, 'W_layer_units_exponent_1': 9, 'W_layer_units_exponent_2': 9, 'D_layers': 5, 'D_layer_units_exponent_0': 8, 'D_layer_units_exponent_1': 9, 'D_layer_units_exponent_2': 5, 'D_layer_units_exponent_3': 4, 'D_layer_units_exponent_4': 4, 'D_dagger_layers': 5, 'D_dagger_layer_units_exponent_0': 9, 'D_dagger_layer_units_exponent_1': 7, 'D_dagger_layer_units_exponent_2': 4, 'D_dagger_layer_units_exponent_3': 4, 'D_dagger_layer_units_exponent_4': 7, 'log_learning_rate': -2.0124516473935423, 'log_learning_rate_D': -3.9800427723300014, 'log_learning_rate_D_dagger': -2.675784938755081, 'training_batch_size': 6, 'training_p': 4}. Best is trial 77 with value: 0.13922981917858124.
Time for this trial:  315.99828124046326
Memory status after this trial: 
Memory allocated:  340.693359375
Memory cached:  422.0
--------------------  Trial  95   --------------------
Start timing: 
Parameters: 
{'W_layers': 3, 'W_layer_units_exponent_0': 7, 'W_layer_units_exponent_1': 5, 'W_layer_units_exponent_2': 9, 'D_layers': 5, 'D_layer_units_exponent_0': 9, 'D_layer_units_exponent_1': 9, 'D_layer_units_exponent_2': 5, 'D_layer_units_exponent_3': 4, 'D_layer_units_exponent_4': 5, 'D_dagger_layers': 5, 'D_dagger_layer_units_exponent_0': 10, 'D_dagger_layer_units_exponent_1': 7, 'D_dagger_layer_units_exponent_2': 4, 'D_dagger_layer_units_exponent_3': 4, 'D_dagger_layer_units_exponent_4': 7, 'log_learning_rate': -2.447350281735777, 'log_learning_rate_D': -4.165757674878184, 'log_learning_rate_D_dagger': -2.7788924248303237, 'training_batch_size': 6, 'training_p': 4}
	 epoch  0 training error:  tensor(1.0369, device='cuda:0', grad_fn=<DivBackward0>)
Memory status after this epoch: 
Memory allocated:  199.03466796875
Memory cached:  422.0
	 epoch  10 training error:  tensor(0.5531, device='cuda:0', grad_fn=<DivBackward0>)
Memory status after this epoch: 
Memory allocated:  199.03466796875
Memory cached:  450.0
	 epoch  20 training error:  tensor(0.4621, device='cuda:0', grad_fn=<DivBackward0>)
Memory status after this epoch: 
Memory allocated:  199.03466796875
Memory cached:  452.0
	 epoch  30 training error:  tensor(0.4324, device='cuda:0', grad_fn=<DivBackward0>)
Memory status after this epoch: 
Memory allocated:  199.03466796875
Memory cached:  448.0
	 epoch  40 training error:  tensor(0.4323, device='cuda:0', grad_fn=<DivBackward0>)
Memory status after this epoch: 
Memory allocated:  199.03466796875
Memory cached:  444.0
	 epoch  50 training error:  tensor(0.4018, device='cuda:0', grad_fn=<DivBackward0>)
Memory status after this epoch: 
Memory allocated:  199.03466796875
Memory cached:  452.0
	 epoch  60 training error:  tensor(0.3375, device='cuda:0', grad_fn=<DivBackward0>)
Memory status after this epoch: 
Memory allocated:  199.03466796875
Memory cached:  452.0
	 epoch  70 training error:  tensor(0.4454, device='cuda:0', grad_fn=<DivBackward0>)
Memory status after this epoch: 
Memory allocated:  199.03466796875
Memory cached:  446.0
	 epoch  80 training error:  tensor(0.3737, device='cuda:0', grad_fn=<DivBackward0>)
Memory status after this epoch: 
Memory allocated:  199.03466796875
Memory cached:  456.0
	 epoch  90 training error:  tensor(0.3201, device='cuda:0', grad_fn=<DivBackward0>)
Memory status after this epoch: 
Memory allocated:  199.03466796875
Memory cached:  450.0
[I 2023-12-20 08:46:26,940] Trial 95 finished with value: 0.2983343303203583 and parameters: {'W_layers': 3, 'W_layer_units_exponent_0': 7, 'W_layer_units_exponent_1': 5, 'W_layer_units_exponent_2': 9, 'D_layers': 5, 'D_layer_units_exponent_0': 9, 'D_layer_units_exponent_1': 9, 'D_layer_units_exponent_2': 5, 'D_layer_units_exponent_3': 4, 'D_layer_units_exponent_4': 5, 'D_dagger_layers': 5, 'D_dagger_layer_units_exponent_0': 10, 'D_dagger_layer_units_exponent_1': 7, 'D_dagger_layer_units_exponent_2': 4, 'D_dagger_layer_units_exponent_3': 4, 'D_dagger_layer_units_exponent_4': 7, 'log_learning_rate': -2.447350281735777, 'log_learning_rate_D': -4.165757674878184, 'log_learning_rate_D_dagger': -2.7788924248303237, 'training_batch_size': 6, 'training_p': 4}. Best is trial 77 with value: 0.13922981917858124.
Time for this trial:  318.8925516605377
Memory status after this trial: 
Memory allocated:  355.6884765625
Memory cached:  438.0
--------------------  Trial  96   --------------------
Start timing: 
Parameters: 
{'W_layers': 3, 'W_layer_units_exponent_0': 8, 'W_layer_units_exponent_1': 9, 'W_layer_units_exponent_2': 9, 'D_layers': 5, 'D_layer_units_exponent_0': 8, 'D_layer_units_exponent_1': 9, 'D_layer_units_exponent_2': 5, 'D_layer_units_exponent_3': 4, 'D_layer_units_exponent_4': 4, 'D_dagger_layers': 5, 'D_dagger_layer_units_exponent_0': 5, 'D_dagger_layer_units_exponent_1': 7, 'D_dagger_layer_units_exponent_2': 4, 'D_dagger_layer_units_exponent_3': 4, 'D_dagger_layer_units_exponent_4': 7, 'log_learning_rate': -2.26151720382798, 'log_learning_rate_D': -3.985027510155933, 'log_learning_rate_D_dagger': -2.642143901451307, 'training_batch_size': 6, 'training_p': 4}
	 epoch  0 training error:  tensor(3.3061, device='cuda:0', grad_fn=<DivBackward0>)
Memory status after this epoch: 
Memory allocated:  200.73974609375
Memory cached:  408.0
	 epoch  10 training error:  tensor(0.4913, device='cuda:0', grad_fn=<DivBackward0>)
Memory status after this epoch: 
Memory allocated:  200.73974609375
Memory cached:  414.0
	 epoch  20 training error:  tensor(0.4571, device='cuda:0', grad_fn=<DivBackward0>)
Memory status after this epoch: 
Memory allocated:  200.73974609375
Memory cached:  414.0
	 epoch  30 training error:  tensor(0.4373, device='cuda:0', grad_fn=<DivBackward0>)
Memory status after this epoch: 
Memory allocated:  200.73974609375
Memory cached:  402.0
	 epoch  40 training error:  tensor(0.4428, device='cuda:0', grad_fn=<DivBackward0>)
Memory status after this epoch: 
Memory allocated:  200.73974609375
Memory cached:  416.0
	 epoch  50 training error:  tensor(0.4429, device='cuda:0', grad_fn=<DivBackward0>)
Memory status after this epoch: 
Memory allocated:  200.73974609375
Memory cached:  404.0
	 epoch  60 training error:  tensor(0.4407, device='cuda:0', grad_fn=<DivBackward0>)
Memory status after this epoch: 
Memory allocated:  200.73974609375
Memory cached:  408.0
	 epoch  70 training error:  tensor(0.4372, device='cuda:0', grad_fn=<DivBackward0>)
Memory status after this epoch: 
Memory allocated:  200.73974609375
Memory cached:  406.0
	 epoch  80 training error:  tensor(0.4395, device='cuda:0', grad_fn=<DivBackward0>)
Memory status after this epoch: 
Memory allocated:  200.73974609375
Memory cached:  408.0
	 epoch  90 training error:  tensor(0.4402, device='cuda:0', grad_fn=<DivBackward0>)
Memory status after this epoch: 
Memory allocated:  200.73974609375
Memory cached:  410.0
[I 2023-12-20 08:51:42,522] Trial 96 finished with value: 0.39778932929039 and parameters: {'W_layers': 3, 'W_layer_units_exponent_0': 8, 'W_layer_units_exponent_1': 9, 'W_layer_units_exponent_2': 9, 'D_layers': 5, 'D_layer_units_exponent_0': 8, 'D_layer_units_exponent_1': 9, 'D_layer_units_exponent_2': 5, 'D_layer_units_exponent_3': 4, 'D_layer_units_exponent_4': 4, 'D_dagger_layers': 5, 'D_dagger_layer_units_exponent_0': 5, 'D_dagger_layer_units_exponent_1': 7, 'D_dagger_layer_units_exponent_2': 4, 'D_dagger_layer_units_exponent_3': 4, 'D_dagger_layer_units_exponent_4': 7, 'log_learning_rate': -2.26151720382798, 'log_learning_rate_D': -3.985027510155933, 'log_learning_rate_D_dagger': -2.642143901451307, 'training_batch_size': 6, 'training_p': 4}. Best is trial 77 with value: 0.13922981917858124.
Time for this trial:  315.15191531181335
Memory status after this trial: 
Memory allocated:  321.91796875
Memory cached:  410.0
--------------------  Trial  97   --------------------
Start timing: 
Parameters: 
{'W_layers': 3, 'W_layer_units_exponent_0': 6, 'W_layer_units_exponent_1': 8, 'W_layer_units_exponent_2': 10, 'D_layers': 5, 'D_layer_units_exponent_0': 8, 'D_layer_units_exponent_1': 9, 'D_layer_units_exponent_2': 5, 'D_layer_units_exponent_3': 4, 'D_layer_units_exponent_4': 4, 'D_dagger_layers': 5, 'D_dagger_layer_units_exponent_0': 9, 'D_dagger_layer_units_exponent_1': 7, 'D_dagger_layer_units_exponent_2': 5, 'D_dagger_layer_units_exponent_3': 5, 'D_dagger_layer_units_exponent_4': 7, 'log_learning_rate': -1.660470908037932, 'log_learning_rate_D': -3.8096613495890357, 'log_learning_rate_D_dagger': -2.8455988795561837, 'training_batch_size': 6, 'training_p': 4}
	 epoch  0 training error:  tensor(6.5533, device='cuda:0', grad_fn=<DivBackward0>)
Memory status after this epoch: 
Memory allocated:  200.02880859375
Memory cached:  408.0
	 epoch  10 training error:  tensor(2.2756, device='cuda:0', grad_fn=<DivBackward0>)
Memory status after this epoch: 
Memory allocated:  200.02880859375
Memory cached:  418.0
	 epoch  20 training error:  tensor(0.4793, device='cuda:0', grad_fn=<DivBackward0>)
Memory status after this epoch: 
Memory allocated:  200.02880859375
Memory cached:  416.0
	 epoch  30 training error:  tensor(0.4436, device='cuda:0', grad_fn=<DivBackward0>)
Memory status after this epoch: 
Memory allocated:  200.02880859375
Memory cached:  420.0
	 epoch  40 training error:  tensor(0.4604, device='cuda:0', grad_fn=<DivBackward0>)
Memory status after this epoch: 
Memory allocated:  200.02880859375
Memory cached:  416.0
	 epoch  50 training error:  tensor(0.4322, device='cuda:0', grad_fn=<DivBackward0>)
Memory status after this epoch: 
Memory allocated:  200.02880859375
Memory cached:  414.0
	 epoch  60 training error:  tensor(0.4319, device='cuda:0', grad_fn=<DivBackward0>)
Memory status after this epoch: 
Memory allocated:  200.02880859375
Memory cached:  420.0
	 epoch  70 training error:  tensor(0.3723, device='cuda:0', grad_fn=<DivBackward0>)
Memory status after this epoch: 
Memory allocated:  200.02880859375
Memory cached:  422.0
	 epoch  80 training error:  tensor(0.3742, device='cuda:0', grad_fn=<DivBackward0>)
Memory status after this epoch: 
Memory allocated:  200.02880859375
Memory cached:  420.0
	 epoch  90 training error:  tensor(0.2525, device='cuda:0', grad_fn=<DivBackward0>)
Memory status after this epoch: 
Memory allocated:  200.02880859375
Memory cached:  414.0
[I 2023-12-20 08:57:01,438] Trial 97 finished with value: 0.21338391304016113 and parameters: {'W_layers': 3, 'W_layer_units_exponent_0': 6, 'W_layer_units_exponent_1': 8, 'W_layer_units_exponent_2': 10, 'D_layers': 5, 'D_layer_units_exponent_0': 8, 'D_layer_units_exponent_1': 9, 'D_layer_units_exponent_2': 5, 'D_layer_units_exponent_3': 4, 'D_layer_units_exponent_4': 4, 'D_dagger_layers': 5, 'D_dagger_layer_units_exponent_0': 9, 'D_dagger_layer_units_exponent_1': 7, 'D_dagger_layer_units_exponent_2': 5, 'D_dagger_layer_units_exponent_3': 5, 'D_dagger_layer_units_exponent_4': 7, 'log_learning_rate': -1.660470908037932, 'log_learning_rate_D': -3.8096613495890357, 'log_learning_rate_D_dagger': -2.8455988795561837, 'training_batch_size': 6, 'training_p': 4}. Best is trial 77 with value: 0.13922981917858124.
Time for this trial:  318.50832533836365
Memory status after this trial: 
Memory allocated:  348.076171875
Memory cached:  414.0
--------------------  Trial  98   --------------------
Start timing: 
Parameters: 
{'W_layers': 4, 'W_layer_units_exponent_0': 7, 'W_layer_units_exponent_1': 10, 'W_layer_units_exponent_2': 9, 'W_layer_units_exponent_3': 5, 'D_layers': 4, 'D_layer_units_exponent_0': 8, 'D_layer_units_exponent_1': 8, 'D_layer_units_exponent_2': 5, 'D_layer_units_exponent_3': 4, 'D_dagger_layers': 5, 'D_dagger_layer_units_exponent_0': 8, 'D_dagger_layer_units_exponent_1': 6, 'D_dagger_layer_units_exponent_2': 4, 'D_dagger_layer_units_exponent_3': 4, 'D_dagger_layer_units_exponent_4': 7, 'log_learning_rate': -2.0343608148620542, 'log_learning_rate_D': -3.9915063578342704, 'log_learning_rate_D_dagger': -3.1148623634207073, 'training_batch_size': 6, 'training_p': 3}
	 epoch  0 training error:  tensor(3.5751, device='cuda:0', grad_fn=<DivBackward0>)
Memory status after this epoch: 
Memory allocated:  204.03466796875
Memory cached:  404.0
	 epoch  10 training error:  tensor(0.5161, device='cuda:0', grad_fn=<DivBackward0>)
Memory status after this epoch: 
Memory allocated:  204.03466796875
Memory cached:  408.0
	 epoch  20 training error:  tensor(0.4015, device='cuda:0', grad_fn=<DivBackward0>)
Memory status after this epoch: 
Memory allocated:  204.03466796875
Memory cached:  402.0
	 epoch  30 training error:  tensor(0.4011, device='cuda:0', grad_fn=<DivBackward0>)
Memory status after this epoch: 
Memory allocated:  204.03466796875
Memory cached:  410.0
	 epoch  40 training error:  tensor(0.3878, device='cuda:0', grad_fn=<DivBackward0>)
Memory status after this epoch: 
Memory allocated:  204.03466796875
Memory cached:  410.0
	 epoch  50 training error:  tensor(0.3737, device='cuda:0', grad_fn=<DivBackward0>)
Memory status after this epoch: 
Memory allocated:  204.03466796875
Memory cached:  406.0
	 epoch  60 training error:  tensor(0.3700, device='cuda:0', grad_fn=<DivBackward0>)
Memory status after this epoch: 
Memory allocated:  204.03466796875
Memory cached:  412.0
	 epoch  70 training error:  tensor(0.3705, device='cuda:0', grad_fn=<DivBackward0>)
Memory status after this epoch: 
Memory allocated:  204.03466796875
Memory cached:  406.0
	 epoch  80 training error:  tensor(0.3632, device='cuda:0', grad_fn=<DivBackward0>)
Memory status after this epoch: 
Memory allocated:  204.03466796875
Memory cached:  408.0
	 epoch  90 training error:  tensor(0.3572, device='cuda:0', grad_fn=<DivBackward0>)
Memory status after this epoch: 
Memory allocated:  204.03466796875
Memory cached:  414.0
