[I 2024-01-11 11:28:49,917] Trial 9 finished with value: 0.2539876103401184 and parameters: {'W_layers': 6, 'W_layer_units_exponent_0': 5, 'W_layer_units_exponent_1': 6, 'W_layer_units_exponent_2': 5, 'W_layer_units_exponent_3': 4, 'W_layer_units_exponent_4': 8, 'W_layer_units_exponent_5': 6, 'D_layers': 7, 'D_layer_units_exponent_0': 6, 'D_layer_units_exponent_1': 6, 'D_layer_units_exponent_2': 5, 'D_layer_units_exponent_3': 9, 'D_layer_units_exponent_4': 5, 'D_layer_units_exponent_5': 10, 'D_layer_units_exponent_6': 4, 'D_dagger_layers': 4, 'D_dagger_layer_units_exponent_0': 6, 'D_dagger_layer_units_exponent_1': 4, 'D_dagger_layer_units_exponent_2': 5, 'D_dagger_layer_units_exponent_3': 5, 'log_learning_rate': -3.0402460475610664, 'log_learning_rate_D': -3.22761806174532, 'log_learning_rate_D_dagger': -3.3800106158135046, 'training_batch_size': 12, 'training_p': 8}. Best is trial 5 with value: 0.20849008858203888.
Time for this trial:  35.65512990951538
Memory status after this trial: 
Memory allocated:  335.27490234375
Memory cached:  348.0
--------------------  Trial  10   --------------------
Start timing: 
Parameters: 
{'W_layers': 5, 'W_layer_units_exponent_0': 10, 'W_layer_units_exponent_1': 10, 'W_layer_units_exponent_2': 7, 'W_layer_units_exponent_3': 6, 'W_layer_units_exponent_4': 10, 'D_layers': 2, 'D_layer_units_exponent_0': 9, 'D_layer_units_exponent_1': 9, 'D_dagger_layers': 4, 'D_dagger_layer_units_exponent_0': 8, 'D_dagger_layer_units_exponent_1': 5, 'D_dagger_layer_units_exponent_2': 7, 'D_dagger_layer_units_exponent_3': 4, 'log_learning_rate': -2.1000926548560965, 'log_learning_rate_D': -1.1433922237794636, 'log_learning_rate_D_dagger': -1.8811496922605002, 'training_batch_size': 7, 'training_p': 3}
	 epoch  0 training error:  tensor(7.9343, device='cuda:0', grad_fn=<DivBackward0>)
Memory status after this epoch: 
Memory allocated:  291.20361328125
Memory cached:  330.0
	 epoch  10 training error:  tensor(1.1240, device='cuda:0', grad_fn=<DivBackward0>)
Memory status after this epoch: 
Memory allocated:  291.20361328125
Memory cached:  330.0
	 epoch  20 training error:  tensor(0.8391, device='cuda:0', grad_fn=<DivBackward0>)
Memory status after this epoch: 
Memory allocated:  291.20361328125
Memory cached:  330.0
	 epoch  30 training error:  tensor(0.2917, device='cuda:0', grad_fn=<DivBackward0>)
Memory status after this epoch: 
Memory allocated:  291.20361328125
Memory cached:  330.0
	 epoch  40 training error:  tensor(0.2695, device='cuda:0', grad_fn=<DivBackward0>)
Memory status after this epoch: 
Memory allocated:  291.20361328125
Memory cached:  330.0
	 epoch  50 training error:  tensor(0.2636, device='cuda:0', grad_fn=<DivBackward0>)
Memory status after this epoch: 
Memory allocated:  291.20361328125
Memory cached:  330.0
	 epoch  60 training error:  tensor(0.2525, device='cuda:0', grad_fn=<DivBackward0>)
Memory status after this epoch: 
Memory allocated:  291.20361328125
Memory cached:  330.0
	 epoch  70 training error:  tensor(0.2510, device='cuda:0', grad_fn=<DivBackward0>)
Memory status after this epoch: 
Memory allocated:  291.20361328125
Memory cached:  330.0
	 epoch  80 training error:  tensor(0.2486, device='cuda:0', grad_fn=<DivBackward0>)
Memory status after this epoch: 
Memory allocated:  291.20361328125
Memory cached:  330.0
	 epoch  90 training error:  tensor(0.2608, device='cuda:0', grad_fn=<DivBackward0>)
Memory status after this epoch: 
Memory allocated:  291.20361328125
Memory cached:  330.0
[I 2024-01-11 11:29:33,694] Trial 10 finished with value: 0.2119274139404297 and parameters: {'W_layers': 5, 'W_layer_units_exponent_0': 10, 'W_layer_units_exponent_1': 10, 'W_layer_units_exponent_2': 7, 'W_layer_units_exponent_3': 6, 'W_layer_units_exponent_4': 10, 'D_layers': 2, 'D_layer_units_exponent_0': 9, 'D_layer_units_exponent_1': 9, 'D_dagger_layers': 4, 'D_dagger_layer_units_exponent_0': 8, 'D_dagger_layer_units_exponent_1': 5, 'D_dagger_layer_units_exponent_2': 7, 'D_dagger_layer_units_exponent_3': 4, 'log_learning_rate': -2.1000926548560965, 'log_learning_rate_D': -1.1433922237794636, 'log_learning_rate_D_dagger': -1.8811496922605002, 'training_batch_size': 7, 'training_p': 3}. Best is trial 5 with value: 0.20849008858203888.
Time for this trial:  43.471230268478394
Memory status after this trial: 
Memory allocated:  667.88720703125
Memory cached:  710.0
--------------------  Trial  11   --------------------
Start timing: 
Parameters: 
{'W_layers': 5, 'W_layer_units_exponent_0': 10, 'W_layer_units_exponent_1': 10, 'W_layer_units_exponent_2': 7, 'W_layer_units_exponent_3': 6, 'W_layer_units_exponent_4': 10, 'D_layers': 2, 'D_layer_units_exponent_0': 9, 'D_layer_units_exponent_1': 9, 'D_dagger_layers': 4, 'D_dagger_layer_units_exponent_0': 8, 'D_dagger_layer_units_exponent_1': 5, 'D_dagger_layer_units_exponent_2': 7, 'D_dagger_layer_units_exponent_3': 4, 'log_learning_rate': -2.0197517388295507, 'log_learning_rate_D': -1.023778043510706, 'log_learning_rate_D_dagger': -1.8380227387905375, 'training_batch_size': 7, 'training_p': 3}
	 epoch  0 training error:  tensor(4.8671, device='cuda:0', grad_fn=<DivBackward0>)
Memory status after this epoch: 
Memory allocated:  291.20361328125
Memory cached:  330.0
	 epoch  10 training error:  tensor(1.8153, device='cuda:0', grad_fn=<DivBackward0>)
Memory status after this epoch: 
Memory allocated:  291.20361328125
Memory cached:  330.0
	 epoch  20 training error:  tensor(0.5538, device='cuda:0', grad_fn=<DivBackward0>)
Memory status after this epoch: 
Memory allocated:  291.20361328125
Memory cached:  330.0
	 epoch  30 training error:  tensor(3.9684, device='cuda:0', grad_fn=<DivBackward0>)
Memory status after this epoch: 
Memory allocated:  291.20361328125
Memory cached:  330.0
	 epoch  40 training error:  tensor(0.9718, device='cuda:0', grad_fn=<DivBackward0>)
Memory status after this epoch: 
Memory allocated:  291.20361328125
Memory cached:  330.0
	 epoch  50 training error:  tensor(0.6530, device='cuda:0', grad_fn=<DivBackward0>)
Memory status after this epoch: 
Memory allocated:  291.20361328125
Memory cached:  330.0
	 epoch  60 training error:  tensor(0.6375, device='cuda:0', grad_fn=<DivBackward0>)
Memory status after this epoch: 
Memory allocated:  291.20361328125
Memory cached:  330.0
	 epoch  70 training error:  tensor(0.6382, device='cuda:0', grad_fn=<DivBackward0>)
Memory status after this epoch: 
Memory allocated:  291.20361328125
Memory cached:  330.0
	 epoch  80 training error:  tensor(0.6376, device='cuda:0', grad_fn=<DivBackward0>)
Memory status after this epoch: 
Memory allocated:  291.20361328125
Memory cached:  330.0
	 epoch  90 training error:  tensor(0.6376, device='cuda:0', grad_fn=<DivBackward0>)
Memory status after this epoch: 
Memory allocated:  291.20361328125
Memory cached:  330.0
[I 2024-01-11 11:30:19,247] Trial 11 finished with value: 0.5769705176353455 and parameters: {'W_layers': 5, 'W_layer_units_exponent_0': 10, 'W_layer_units_exponent_1': 10, 'W_layer_units_exponent_2': 7, 'W_layer_units_exponent_3': 6, 'W_layer_units_exponent_4': 10, 'D_layers': 2, 'D_layer_units_exponent_0': 9, 'D_layer_units_exponent_1': 9, 'D_dagger_layers': 4, 'D_dagger_layer_units_exponent_0': 8, 'D_dagger_layer_units_exponent_1': 5, 'D_dagger_layer_units_exponent_2': 7, 'D_dagger_layer_units_exponent_3': 4, 'log_learning_rate': -2.0197517388295507, 'log_learning_rate_D': -1.023778043510706, 'log_learning_rate_D_dagger': -1.8380227387905375, 'training_batch_size': 7, 'training_p': 3}. Best is trial 5 with value: 0.20849008858203888.
Time for this trial:  45.258628845214844
Memory status after this trial: 
Memory allocated:  667.98095703125
Memory cached:  698.0
--------------------  Trial  12   --------------------
Start timing: 
Parameters: 
{'W_layers': 5, 'W_layer_units_exponent_0': 9, 'W_layer_units_exponent_1': 10, 'W_layer_units_exponent_2': 7, 'W_layer_units_exponent_3': 6, 'W_layer_units_exponent_4': 9, 'D_layers': 2, 'D_layer_units_exponent_0': 8, 'D_layer_units_exponent_1': 9, 'D_dagger_layers': 4, 'D_dagger_layer_units_exponent_0': 8, 'D_dagger_layer_units_exponent_1': 6, 'D_dagger_layer_units_exponent_2': 8, 'D_dagger_layer_units_exponent_3': 4, 'log_learning_rate': -2.156563830960552, 'log_learning_rate_D': -1.0029709955374926, 'log_learning_rate_D_dagger': -2.041785234035476, 'training_batch_size': 6, 'training_p': 3}
	 epoch  0 training error:  tensor(8.5483, device='cuda:0', grad_fn=<DivBackward0>)
Memory status after this epoch: 
Memory allocated:  282.18896484375
Memory cached:  346.0
	 epoch  10 training error:  tensor(0.4685, device='cuda:0', grad_fn=<DivBackward0>)
Memory status after this epoch: 
Memory allocated:  282.18896484375
Memory cached:  346.0
	 epoch  20 training error:  tensor(0.3527, device='cuda:0', grad_fn=<DivBackward0>)
Memory status after this epoch: 
Memory allocated:  282.18896484375
Memory cached:  346.0
	 epoch  30 training error:  tensor(0.3123, device='cuda:0', grad_fn=<DivBackward0>)
Memory status after this epoch: 
Memory allocated:  282.18896484375
Memory cached:  346.0
	 epoch  40 training error:  tensor(0.2704, device='cuda:0', grad_fn=<DivBackward0>)
Memory status after this epoch: 
Memory allocated:  282.18896484375
Memory cached:  346.0
	 epoch  50 training error:  tensor(0.2500, device='cuda:0', grad_fn=<DivBackward0>)
Memory status after this epoch: 
Memory allocated:  282.18896484375
Memory cached:  346.0
	 epoch  60 training error:  tensor(0.2492, device='cuda:0', grad_fn=<DivBackward0>)
Memory status after this epoch: 
Memory allocated:  282.18896484375
Memory cached:  346.0
	 epoch  70 training error:  tensor(0.2492, device='cuda:0', grad_fn=<DivBackward0>)
Memory status after this epoch: 
Memory allocated:  282.18896484375
Memory cached:  346.0
	 epoch  80 training error:  tensor(0.2946, device='cuda:0', grad_fn=<DivBackward0>)
Memory status after this epoch: 
Memory allocated:  282.18896484375
Memory cached:  346.0
	 epoch  90 training error:  tensor(0.2817, device='cuda:0', grad_fn=<DivBackward0>)
Memory status after this epoch: 
Memory allocated:  282.18896484375
Memory cached:  346.0
[I 2024-01-11 11:30:46,132] Trial 12 finished with value: 0.2258913367986679 and parameters: {'W_layers': 5, 'W_layer_units_exponent_0': 9, 'W_layer_units_exponent_1': 10, 'W_layer_units_exponent_2': 7, 'W_layer_units_exponent_3': 6, 'W_layer_units_exponent_4': 9, 'D_layers': 2, 'D_layer_units_exponent_0': 8, 'D_layer_units_exponent_1': 9, 'D_dagger_layers': 4, 'D_dagger_layer_units_exponent_0': 8, 'D_dagger_layer_units_exponent_1': 6, 'D_dagger_layer_units_exponent_2': 8, 'D_dagger_layer_units_exponent_3': 4, 'log_learning_rate': -2.156563830960552, 'log_learning_rate_D': -1.0029709955374926, 'log_learning_rate_D_dagger': -2.041785234035476, 'training_batch_size': 6, 'training_p': 3}. Best is trial 5 with value: 0.20849008858203888.
Time for this trial:  26.57484459877014
Memory status after this trial: 
Memory allocated:  578.32177734375
Memory cached:  602.0
--------------------  Trial  13   --------------------
Start timing: 
Parameters: 
{'W_layers': 4, 'W_layer_units_exponent_0': 9, 'W_layer_units_exponent_1': 9, 'W_layer_units_exponent_2': 6, 'W_layer_units_exponent_3': 8, 'D_layers': 3, 'D_layer_units_exponent_0': 10, 'D_layer_units_exponent_1': 10, 'D_layer_units_exponent_2': 10, 'D_dagger_layers': 5, 'D_dagger_layer_units_exponent_0': 8, 'D_dagger_layer_units_exponent_1': 5, 'D_dagger_layer_units_exponent_2': 6, 'D_dagger_layer_units_exponent_3': 6, 'D_dagger_layer_units_exponent_4': 4, 'log_learning_rate': -2.7634173372272097, 'log_learning_rate_D': -1.5187840621974211, 'log_learning_rate_D_dagger': -2.075740687044042, 'training_batch_size': 7, 'training_p': 2}
	 epoch  0 training error:  tensor(1.1647, device='cuda:0', grad_fn=<DivBackward0>)
Memory status after this epoch: 
Memory allocated:  283.80712890625
Memory cached:  330.0
	 epoch  10 training error:  tensor(0.2903, device='cuda:0', grad_fn=<DivBackward0>)
Memory status after this epoch: 
Memory allocated:  283.80712890625
Memory cached:  330.0
	 epoch  20 training error:  tensor(0.2237, device='cuda:0', grad_fn=<DivBackward0>)
Memory status after this epoch: 
Memory allocated:  283.80712890625
Memory cached:  330.0
	 epoch  30 training error:  tensor(0.2028, device='cuda:0', grad_fn=<DivBackward0>)
Memory status after this epoch: 
Memory allocated:  283.80712890625
Memory cached:  330.0
	 epoch  40 training error:  tensor(0.2110, device='cuda:0', grad_fn=<DivBackward0>)
Memory status after this epoch: 
Memory allocated:  283.80712890625
Memory cached:  330.0
	 epoch  50 training error:  tensor(0.1986, device='cuda:0', grad_fn=<DivBackward0>)
Memory status after this epoch: 
Memory allocated:  283.80712890625
Memory cached:  330.0
	 epoch  60 training error:  tensor(0.2088, device='cuda:0', grad_fn=<DivBackward0>)
Memory status after this epoch: 
Memory allocated:  283.80712890625
Memory cached:  330.0
	 epoch  70 training error:  tensor(0.2018, device='cuda:0', grad_fn=<DivBackward0>)
Memory status after this epoch: 
Memory allocated:  283.80712890625
Memory cached:  330.0
	 epoch  80 training error:  tensor(0.1990, device='cuda:0', grad_fn=<DivBackward0>)
Memory status after this epoch: 
Memory allocated:  283.80712890625
Memory cached:  330.0
	 epoch  90 training error:  tensor(0.2032, device='cuda:0', grad_fn=<DivBackward0>)
Memory status after this epoch: 
Memory allocated:  283.80712890625
Memory cached:  330.0
[I 2024-01-11 11:31:29,804] Trial 13 finished with value: 0.22646589577198029 and parameters: {'W_layers': 4, 'W_layer_units_exponent_0': 9, 'W_layer_units_exponent_1': 9, 'W_layer_units_exponent_2': 6, 'W_layer_units_exponent_3': 8, 'D_layers': 3, 'D_layer_units_exponent_0': 10, 'D_layer_units_exponent_1': 10, 'D_layer_units_exponent_2': 10, 'D_dagger_layers': 5, 'D_dagger_layer_units_exponent_0': 8, 'D_dagger_layer_units_exponent_1': 5, 'D_dagger_layer_units_exponent_2': 6, 'D_dagger_layer_units_exponent_3': 6, 'D_dagger_layer_units_exponent_4': 4, 'log_learning_rate': -2.7634173372272097, 'log_learning_rate_D': -1.5187840621974211, 'log_learning_rate_D_dagger': -2.075740687044042, 'training_batch_size': 7, 'training_p': 2}. Best is trial 5 with value: 0.20849008858203888.
Time for this trial:  43.35556721687317
Memory status after this trial: 
Memory allocated:  461.41845703125
Memory cached:  494.0
--------------------  Trial  14   --------------------
Start timing: 
Parameters: 
{'W_layers': 8, 'W_layer_units_exponent_0': 6, 'W_layer_units_exponent_1': 10, 'W_layer_units_exponent_2': 8, 'W_layer_units_exponent_3': 5, 'W_layer_units_exponent_4': 9, 'W_layer_units_exponent_5': 4, 'W_layer_units_exponent_6': 8, 'W_layer_units_exponent_7': 4, 'D_layers': 3, 'D_layer_units_exponent_0': 8, 'D_layer_units_exponent_1': 8, 'D_layer_units_exponent_2': 8, 'D_dagger_layers': 6, 'D_dagger_layer_units_exponent_0': 7, 'D_dagger_layer_units_exponent_1': 6, 'D_dagger_layer_units_exponent_2': 4, 'D_dagger_layer_units_exponent_3': 5, 'D_dagger_layer_units_exponent_4': 4, 'D_dagger_layer_units_exponent_5': 4, 'log_learning_rate': -1.8184559896513424, 'log_learning_rate_D': -2.6745560305684113, 'log_learning_rate_D_dagger': -1.4168045173438069, 'training_batch_size': 8, 'training_p': 4}
	 epoch  0 training error:  tensor(1.0109, device='cuda:0', grad_fn=<DivBackward0>)
Memory status after this epoch: 
Memory allocated:  276.40283203125
Memory cached:  332.0
	 epoch  10 training error:  tensor(0.4484, device='cuda:0', grad_fn=<DivBackward0>)
Memory status after this epoch: 
Memory allocated:  276.40283203125
Memory cached:  332.0
	 epoch  20 training error:  tensor(0.3758, device='cuda:0', grad_fn=<DivBackward0>)
Memory status after this epoch: 
Memory allocated:  276.40283203125
Memory cached:  332.0
	 epoch  30 training error:  tensor(0.3469, device='cuda:0', grad_fn=<DivBackward0>)
Memory status after this epoch: 
Memory allocated:  276.40283203125
Memory cached:  332.0
	 epoch  40 training error:  tensor(0.2982, device='cuda:0', grad_fn=<DivBackward0>)
Memory status after this epoch: 
Memory allocated:  276.40283203125
Memory cached:  332.0
	 epoch  50 training error:  tensor(0.3241, device='cuda:0', grad_fn=<DivBackward0>)
Memory status after this epoch: 
Memory allocated:  276.40283203125
Memory cached:  332.0
	 epoch  60 training error:  tensor(0.2979, device='cuda:0', grad_fn=<DivBackward0>)
Memory status after this epoch: 
Memory allocated:  276.40283203125
Memory cached:  332.0
	 epoch  70 training error:  tensor(0.3197, device='cuda:0', grad_fn=<DivBackward0>)
Memory status after this epoch: 
Memory allocated:  276.40283203125
Memory cached:  332.0
	 epoch  80 training error:  tensor(0.3020, device='cuda:0', grad_fn=<DivBackward0>)
Memory status after this epoch: 
Memory allocated:  276.40283203125
Memory cached:  332.0
	 epoch  90 training error:  tensor(0.3222, device='cuda:0', grad_fn=<DivBackward0>)
Memory status after this epoch: 
Memory allocated:  276.40283203125
Memory cached:  332.0
[I 2024-01-11 11:32:12,798] Trial 14 finished with value: 0.22131256759166718 and parameters: {'W_layers': 8, 'W_layer_units_exponent_0': 6, 'W_layer_units_exponent_1': 10, 'W_layer_units_exponent_2': 8, 'W_layer_units_exponent_3': 5, 'W_layer_units_exponent_4': 9, 'W_layer_units_exponent_5': 4, 'W_layer_units_exponent_6': 8, 'W_layer_units_exponent_7': 4, 'D_layers': 3, 'D_layer_units_exponent_0': 8, 'D_layer_units_exponent_1': 8, 'D_layer_units_exponent_2': 8, 'D_dagger_layers': 6, 'D_dagger_layer_units_exponent_0': 7, 'D_dagger_layer_units_exponent_1': 6, 'D_dagger_layer_units_exponent_2': 4, 'D_dagger_layer_units_exponent_3': 5, 'D_dagger_layer_units_exponent_4': 4, 'D_dagger_layer_units_exponent_5': 4, 'log_learning_rate': -1.8184559896513424, 'log_learning_rate_D': -2.6745560305684113, 'log_learning_rate_D_dagger': -1.4168045173438069, 'training_batch_size': 8, 'training_p': 4}. Best is trial 5 with value: 0.20849008858203888.
Time for this trial:  42.63239884376526
Memory status after this trial: 
Memory allocated:  540.44970703125
Memory cached:  554.0
--------------------  Trial  15   --------------------
Start timing: 
Parameters: 
{'W_layers': 4, 'W_layer_units_exponent_0': 9, 'W_layer_units_exponent_1': 8, 'W_layer_units_exponent_2': 6, 'W_layer_units_exponent_3': 7, 'D_layers': 2, 'D_layer_units_exponent_0': 9, 'D_layer_units_exponent_1': 7, 'D_dagger_layers': 3, 'D_dagger_layer_units_exponent_0': 7, 'D_dagger_layer_units_exponent_1': 4, 'D_dagger_layer_units_exponent_2': 8, 'log_learning_rate': -1.5749075734129276, 'log_learning_rate_D': -1.3851525463801917, 'log_learning_rate_D_dagger': -2.4017639091485488, 'training_batch_size': 6, 'training_p': 4}
	 epoch  0 training error:  tensor(28.8195, device='cuda:0', grad_fn=<DivBackward0>)
Memory status after this epoch: 
Memory allocated:  272.76708984375
Memory cached:  330.0
	 epoch  10 training error:  tensor(1.6440, device='cuda:0', grad_fn=<DivBackward0>)
Memory status after this epoch: 
Memory allocated:  272.76708984375
Memory cached:  330.0
	 epoch  20 training error:  tensor(0.3638, device='cuda:0', grad_fn=<DivBackward0>)
Memory status after this epoch: 
Memory allocated:  272.76708984375
Memory cached:  330.0
	 epoch  30 training error:  tensor(0.3177, device='cuda:0', grad_fn=<DivBackward0>)
Memory status after this epoch: 
Memory allocated:  272.76708984375
Memory cached:  330.0
	 epoch  40 training error:  tensor(0.2969, device='cuda:0', grad_fn=<DivBackward0>)
Memory status after this epoch: 
Memory allocated:  272.76708984375
Memory cached:  330.0
	 epoch  50 training error:  tensor(0.2998, device='cuda:0', grad_fn=<DivBackward0>)
Memory status after this epoch: 
Memory allocated:  272.76708984375
Memory cached:  330.0
	 epoch  60 training error:  tensor(0.2972, device='cuda:0', grad_fn=<DivBackward0>)
Memory status after this epoch: 
Memory allocated:  272.76708984375
Memory cached:  330.0
	 epoch  70 training error:  tensor(0.3058, device='cuda:0', grad_fn=<DivBackward0>)
Memory status after this epoch: 
Memory allocated:  272.76708984375
Memory cached:  330.0
	 epoch  80 training error:  tensor(0.2868, device='cuda:0', grad_fn=<DivBackward0>)
Memory status after this epoch: 
Memory allocated:  272.76708984375
Memory cached:  330.0
	 epoch  90 training error:  tensor(0.2857, device='cuda:0', grad_fn=<DivBackward0>)
Memory status after this epoch: 
Memory allocated:  272.76708984375
Memory cached:  330.0
