[I 2024-03-12 13:22:58,120] Trial 43 finished with value: 0.36884307861328125 and parameters: {'log_learning_rate': -1.939942857631245, 'log_learning_rate_D': -2.9763247911366237, 'log_learning_rate_D_dagger': -1.2612656433368021, 'training_batch_size': 11, 'training_p': 5, 'p_order_W': 3, 'p_order_D': 3, 'p_order_D_dagger': 3}. Best is trial 43 with value: 0.36884307861328125.
res:  tensor(0.3688, grad_fn=<ToCopyBackward0>)
self.bestValue:  tensor(0.3791, grad_fn=<ToCopyBackward0>)
Save this model!
Time for this trial:  105.40497422218323
Memory status after this trial: 
Memory allocated:  1.81201171875
Memory cached:  6.0
--------------------  Trial  44   --------------------
Start timing: 
Parameters: 
{'log_learning_rate': -2.1996229816391475, 'log_learning_rate_D': -3.4644734243967905, 'log_learning_rate_D_dagger': -1.7969607814378707, 'training_batch_size': 11, 'training_p': 7, 'p_order_W': 4, 'p_order_D': 4, 'p_order_D_dagger': 4}

	 epoch  0 training error:  tensor(inf, grad_fn=<ToCopyBackward0>)
Memory status after this epoch: 
Memory allocated:  1.93994140625
Memory cached:  8.0
[W 2024-03-12 13:23:01,572] Trial 44 failed with parameters: {'log_learning_rate': -2.1996229816391475, 'log_learning_rate_D': -3.4644734243967905, 'log_learning_rate_D_dagger': -1.7969607814378707, 'training_batch_size': 11, 'training_p': 7, 'p_order_W': 4, 'p_order_D': 4, 'p_order_D_dagger': 4} because of the following error: The value nan is not acceptable.
[W 2024-03-12 13:23:01,572] Trial 44 failed with value tensor(nan, grad_fn=<ToCopyBackward0>).
Time for this trial:  3.2295331954956055
Memory status after this trial: 
Memory allocated:  3.9375
Memory cached:  8.0
--------------------  Trial  45   --------------------
Start timing: 
Parameters: 
{'log_learning_rate': -2.1482798179713414, 'log_learning_rate_D': -3.436697646534506, 'log_learning_rate_D_dagger': -1.8006081451932088, 'training_batch_size': 11, 'training_p': 7, 'p_order_W': 4, 'p_order_D': 4, 'p_order_D_dagger': 4}

	 epoch  0 training error:  tensor(inf, grad_fn=<ToCopyBackward0>)
Memory status after this epoch: 
Memory allocated:  1.93994140625
Memory cached:  8.0
[W 2024-03-12 13:23:05,026] Trial 45 failed with parameters: {'log_learning_rate': -2.1482798179713414, 'log_learning_rate_D': -3.436697646534506, 'log_learning_rate_D_dagger': -1.8006081451932088, 'training_batch_size': 11, 'training_p': 7, 'p_order_W': 4, 'p_order_D': 4, 'p_order_D_dagger': 4} because of the following error: The value nan is not acceptable.
[W 2024-03-12 13:23:05,027] Trial 45 failed with value tensor(nan, grad_fn=<ToCopyBackward0>).
Time for this trial:  3.229825258255005
Memory status after this trial: 
Memory allocated:  3.9375
Memory cached:  8.0
--------------------  Trial  46   --------------------
Start timing: 
Parameters: 
{'log_learning_rate': -2.0622973499616446, 'log_learning_rate_D': -3.5665777013569975, 'log_learning_rate_D_dagger': -1.7826375377783816, 'training_batch_size': 11, 'training_p': 7, 'p_order_W': 4, 'p_order_D': 4, 'p_order_D_dagger': 4}

	 epoch  0 training error:  tensor(inf, grad_fn=<ToCopyBackward0>)
Memory status after this epoch: 
Memory allocated:  1.93994140625
Memory cached:  8.0
[W 2024-03-12 13:23:08,479] Trial 46 failed with parameters: {'log_learning_rate': -2.0622973499616446, 'log_learning_rate_D': -3.5665777013569975, 'log_learning_rate_D_dagger': -1.7826375377783816, 'training_batch_size': 11, 'training_p': 7, 'p_order_W': 4, 'p_order_D': 4, 'p_order_D_dagger': 4} because of the following error: The value nan is not acceptable.
[W 2024-03-12 13:23:08,480] Trial 46 failed with value tensor(nan, grad_fn=<ToCopyBackward0>).
Time for this trial:  3.2330191135406494
Memory status after this trial: 
Memory allocated:  3.9375
Memory cached:  8.0
--------------------  Trial  47   --------------------
Start timing: 
Parameters: 
{'log_learning_rate': -2.0467602288692683, 'log_learning_rate_D': -3.090312598657671, 'log_learning_rate_D_dagger': -1.8411688617248414, 'training_batch_size': 11, 'training_p': 7, 'p_order_W': 4, 'p_order_D': 4, 'p_order_D_dagger': 4}

	 epoch  0 training error:  tensor(inf, grad_fn=<ToCopyBackward0>)
Memory status after this epoch: 
Memory allocated:  1.93994140625
Memory cached:  8.0
	 epoch  10 training error:  tensor(inf, grad_fn=<ToCopyBackward0>)
Memory status after this epoch: 
Memory allocated:  1.93994140625
Memory cached:  10.0
	 epoch  20 training error:  tensor(17469.8906, grad_fn=<ToCopyBackward0>)
Memory status after this epoch: 
Memory allocated:  1.93994140625
Memory cached:  8.0
	 epoch  30 training error:  tensor(7388.9956, grad_fn=<ToCopyBackward0>)
Memory status after this epoch: 
Memory allocated:  1.93994140625
Memory cached:  8.0
	 epoch  40 training error:  tensor(1556.1547, grad_fn=<ToCopyBackward0>)
Memory status after this epoch: 
Memory allocated:  1.93994140625
Memory cached:  10.0
	 epoch  50 training error:  tensor(977.3465, grad_fn=<ToCopyBackward0>)
Memory status after this epoch: 
Memory allocated:  1.93994140625
Memory cached:  10.0
	 epoch  60 training error:  tensor(450.4673, grad_fn=<ToCopyBackward0>)
Memory status after this epoch: 
Memory allocated:  1.93994140625
Memory cached:  10.0
	 epoch  70 training error:  tensor(326.8869, grad_fn=<ToCopyBackward0>)
Memory status after this epoch: 
Memory allocated:  1.93994140625
Memory cached:  10.0
	 epoch  80 training error:  tensor(151.8280, grad_fn=<ToCopyBackward0>)
Memory status after this epoch: 
Memory allocated:  1.93994140625
Memory cached:  10.0
	 epoch  90 training error:  tensor(104.3768, grad_fn=<ToCopyBackward0>)
Memory status after this epoch: 
Memory allocated:  1.93994140625
Memory cached:  10.0
[I 2024-03-12 13:25:07,293] Trial 47 finished with value: 40.47876739501953 and parameters: {'log_learning_rate': -2.0467602288692683, 'log_learning_rate_D': -3.090312598657671, 'log_learning_rate_D_dagger': -1.8411688617248414, 'training_batch_size': 11, 'training_p': 7, 'p_order_W': 4, 'p_order_D': 4, 'p_order_D_dagger': 4}. Best is trial 43 with value: 0.36884307861328125.
Time for this trial:  118.55159878730774
Memory status after this trial: 
Memory allocated:  3.9375
Memory cached:  6.0
--------------------  Trial  48   --------------------
Start timing: 
Parameters: 
{'log_learning_rate': -2.4445081702253355, 'log_learning_rate_D': -2.5658435749847137, 'log_learning_rate_D_dagger': -1.3031825947339792, 'training_batch_size': 11, 'training_p': 4, 'p_order_W': 3, 'p_order_D': 3, 'p_order_D_dagger': 3}

	 epoch  0 training error:  tensor(65.3643, grad_fn=<ToCopyBackward0>)
Memory status after this epoch: 
Memory allocated:  1.93994140625
Memory cached:  8.0
	 epoch  10 training error:  tensor(3.6251, grad_fn=<ToCopyBackward0>)
Memory status after this epoch: 
Memory allocated:  1.93994140625
Memory cached:  8.0
	 epoch  20 training error:  tensor(2.4374, grad_fn=<ToCopyBackward0>)
Memory status after this epoch: 
Memory allocated:  1.93994140625
Memory cached:  8.0
	 epoch  30 training error:  tensor(0.6694, grad_fn=<ToCopyBackward0>)
Memory status after this epoch: 
Memory allocated:  1.93994140625
Memory cached:  8.0
	 epoch  40 training error:  tensor(0.8031, grad_fn=<ToCopyBackward0>)
Memory status after this epoch: 
Memory allocated:  1.93994140625
Memory cached:  8.0
	 epoch  50 training error:  tensor(0.5760, grad_fn=<ToCopyBackward0>)
Memory status after this epoch: 
Memory allocated:  1.93994140625
Memory cached:  8.0
	 epoch  60 training error:  tensor(0.5059, grad_fn=<ToCopyBackward0>)
Memory status after this epoch: 
Memory allocated:  1.93994140625
Memory cached:  8.0
	 epoch  70 training error:  tensor(0.4916, grad_fn=<ToCopyBackward0>)
Memory status after this epoch: 
Memory allocated:  1.93994140625
Memory cached:  6.0
	 epoch  80 training error:  tensor(0.4844, grad_fn=<ToCopyBackward0>)
Memory status after this epoch: 
Memory allocated:  1.93994140625
Memory cached:  8.0
	 epoch  90 training error:  tensor(0.4765, grad_fn=<ToCopyBackward0>)
Memory status after this epoch: 
Memory allocated:  1.93994140625
Memory cached:  6.0
[I 2024-03-12 13:26:50,958] Trial 48 finished with value: 0.4183550477027893 and parameters: {'log_learning_rate': -2.4445081702253355, 'log_learning_rate_D': -2.5658435749847137, 'log_learning_rate_D_dagger': -1.3031825947339792, 'training_batch_size': 11, 'training_p': 4, 'p_order_W': 3, 'p_order_D': 3, 'p_order_D_dagger': 3}. Best is trial 43 with value: 0.36884307861328125.
Time for this trial:  103.41262984275818
Memory status after this trial: 
Memory allocated:  3.3525390625
Memory cached:  6.0
--------------------  Trial  49   --------------------
Start timing: 
Parameters: 
{'log_learning_rate': -2.173226059910786, 'log_learning_rate_D': -3.570676244357394, 'log_learning_rate_D_dagger': -1.367724049353198, 'training_batch_size': 7, 'training_p': 6, 'p_order_W': 2, 'p_order_D': 2, 'p_order_D_dagger': 2}

	 epoch  0 training error:  tensor(3.2878, grad_fn=<ToCopyBackward0>)
Memory status after this epoch: 
Memory allocated:  1.57373046875
Memory cached:  6.0
	 epoch  10 training error:  tensor(0.8685, grad_fn=<ToCopyBackward0>)
Memory status after this epoch: 
Memory allocated:  1.57373046875
Memory cached:  6.0
	 epoch  20 training error:  tensor(0.6078, grad_fn=<ToCopyBackward0>)
Memory status after this epoch: 
Memory allocated:  1.57373046875
Memory cached:  6.0
	 epoch  30 training error:  tensor(0.5668, grad_fn=<ToCopyBackward0>)
Memory status after this epoch: 
Memory allocated:  1.57373046875
Memory cached:  6.0
	 epoch  40 training error:  tensor(0.5597, grad_fn=<ToCopyBackward0>)
Memory status after this epoch: 
Memory allocated:  1.57373046875
Memory cached:  6.0
	 epoch  50 training error:  tensor(0.5547, grad_fn=<ToCopyBackward0>)
Memory status after this epoch: 
Memory allocated:  1.57373046875
Memory cached:  6.0
	 epoch  60 training error:  tensor(0.5529, grad_fn=<ToCopyBackward0>)
Memory status after this epoch: 
Memory allocated:  1.57373046875
Memory cached:  6.0
	 epoch  70 training error:  tensor(0.5468, grad_fn=<ToCopyBackward0>)
Memory status after this epoch: 
Memory allocated:  1.57373046875
Memory cached:  6.0
	 epoch  80 training error:  tensor(0.5095, grad_fn=<ToCopyBackward0>)
Memory status after this epoch: 
Memory allocated:  1.57373046875
Memory cached:  6.0
	 epoch  90 training error:  tensor(0.5085, grad_fn=<ToCopyBackward0>)
Memory status after this epoch: 
Memory allocated:  1.57373046875
Memory cached:  6.0
[I 2024-03-12 13:30:36,436] Trial 49 finished with value: 0.40792274475097656 and parameters: {'log_learning_rate': -2.173226059910786, 'log_learning_rate_D': -3.570676244357394, 'log_learning_rate_D_dagger': -1.367724049353198, 'training_batch_size': 7, 'training_p': 6, 'p_order_W': 2, 'p_order_D': 2, 'p_order_D_dagger': 2}. Best is trial 43 with value: 0.36884307861328125.
Time for this trial:  225.25202536582947
Memory status after this trial: 
Memory allocated:  2.419921875
Memory cached:  6.0
--------------------  Trial  50   --------------------
Start timing: 
Parameters: 
{'log_learning_rate': -2.5251034089033397, 'log_learning_rate_D': -3.290534865461124, 'log_learning_rate_D_dagger': -1.719950742959783, 'training_batch_size': 6, 'training_p': 3, 'p_order_W': 3, 'p_order_D': 4, 'p_order_D_dagger': 4}

	 epoch  0 training error:  tensor(31817.8008, grad_fn=<ToCopyBackward0>)
Memory status after this epoch: 
Memory allocated:  1.94189453125
Memory cached:  6.0
	 epoch  10 training error:  tensor(179.2042, grad_fn=<ToCopyBackward0>)
Memory status after this epoch: 
Memory allocated:  1.94189453125
Memory cached:  6.0
	 epoch  20 training error:  tensor(2.4937, grad_fn=<ToCopyBackward0>)
Memory status after this epoch: 
Memory allocated:  1.94189453125
Memory cached:  6.0
	 epoch  30 training error:  tensor(0.4351, grad_fn=<ToCopyBackward0>)
Memory status after this epoch: 
Memory allocated:  1.94189453125
Memory cached:  6.0
	 epoch  40 training error:  tensor(0.4227, grad_fn=<ToCopyBackward0>)
Memory status after this epoch: 
Memory allocated:  1.94189453125
Memory cached:  6.0
	 epoch  50 training error:  tensor(0.4208, grad_fn=<ToCopyBackward0>)
Memory status after this epoch: 
Memory allocated:  1.94189453125
Memory cached:  6.0
	 epoch  60 training error:  tensor(0.4190, grad_fn=<ToCopyBackward0>)
Memory status after this epoch: 
Memory allocated:  1.94189453125
Memory cached:  6.0
	 epoch  70 training error:  tensor(0.4172, grad_fn=<ToCopyBackward0>)
Memory status after this epoch: 
Memory allocated:  1.94189453125
Memory cached:  6.0
	 epoch  80 training error:  tensor(0.4153, grad_fn=<ToCopyBackward0>)
Memory status after this epoch: 
Memory allocated:  1.94189453125
Memory cached:  6.0
	 epoch  90 training error:  tensor(0.4133, grad_fn=<ToCopyBackward0>)
Memory status after this epoch: 
Memory allocated:  1.94189453125
Memory cached:  6.0
[I 2024-03-12 13:38:41,377] Trial 50 finished with value: 0.3794870972633362 and parameters: {'log_learning_rate': -2.5251034089033397, 'log_learning_rate_D': -3.290534865461124, 'log_learning_rate_D_dagger': -1.719950742959783, 'training_batch_size': 6, 'training_p': 3, 'p_order_W': 3, 'p_order_D': 4, 'p_order_D_dagger': 4}. Best is trial 43 with value: 0.36884307861328125.
Time for this trial:  484.65930819511414
Memory status after this trial: 
Memory allocated:  3.8427734375
Memory cached:  6.0
--------------------  Trial  51   --------------------
Start timing: 
Parameters: 
{'log_learning_rate': -1.9476812240156187, 'log_learning_rate_D': -3.4491890658819124, 'log_learning_rate_D_dagger': -2.3857975010096766, 'training_batch_size': 6, 'training_p': 3, 'p_order_W': 4, 'p_order_D': 5, 'p_order_D_dagger': 5}

[W 2024-03-12 13:38:48,050] Trial 51 failed with parameters: {'log_learning_rate': -1.9476812240156187, 'log_learning_rate_D': -3.4491890658819124, 'log_learning_rate_D_dagger': -2.3857975010096766, 'training_batch_size': 6, 'training_p': 3, 'p_order_W': 4, 'p_order_D': 5, 'p_order_D_dagger': 5} because of the following error: The value nan is not acceptable.
[W 2024-03-12 13:38:48,051] Trial 51 failed with value tensor(nan, grad_fn=<ToCopyBackward0>).
Time for this trial:  6.398228406906128
Memory status after this trial: 
Memory allocated:  4.427734375
Memory cached:  6.0
--------------------  Trial  52   --------------------
Start timing: 
Parameters: 
{'log_learning_rate': -1.8939595115446073, 'log_learning_rate_D': -3.4560042036703824, 'log_learning_rate_D_dagger': -2.3327261854386627, 'training_batch_size': 6, 'training_p': 2, 'p_order_W': 4, 'p_order_D': 5, 'p_order_D_dagger': 5}

[W 2024-03-12 13:38:54,625] Trial 52 failed with parameters: {'log_learning_rate': -1.8939595115446073, 'log_learning_rate_D': -3.4560042036703824, 'log_learning_rate_D_dagger': -2.3327261854386627, 'training_batch_size': 6, 'training_p': 2, 'p_order_W': 4, 'p_order_D': 5, 'p_order_D_dagger': 5} because of the following error: The value nan is not acceptable.
[W 2024-03-12 13:38:54,625] Trial 52 failed with value tensor(nan, grad_fn=<ToCopyBackward0>).
Time for this trial:  6.2956507205963135
Memory status after this trial: 
Memory allocated:  4.427734375
Memory cached:  6.0
--------------------  Trial  53   --------------------
Start timing: 
Parameters: 
{'log_learning_rate': -1.8715292233512302, 'log_learning_rate_D': -3.4569562406665155, 'log_learning_rate_D_dagger': -2.3959822685245005, 'training_batch_size': 6, 'training_p': 2, 'p_order_W': 4, 'p_order_D': 5, 'p_order_D_dagger': 5}

	 epoch  0 training error:  tensor(412031.3438, grad_fn=<ToCopyBackward0>)
Memory status after this epoch: 
Memory allocated:  1.94189453125
Memory cached:  6.0
	 epoch  10 training error:  tensor(14883.7832, grad_fn=<ToCopyBackward0>)
Memory status after this epoch: 
Memory allocated:  1.94189453125
Memory cached:  6.0
	 epoch  20 training error:  tensor(2299.7441, grad_fn=<ToCopyBackward0>)
Memory status after this epoch: 
Memory allocated:  1.94189453125
Memory cached:  6.0
	 epoch  30 training error:  tensor(915.8564, grad_fn=<ToCopyBackward0>)
Memory status after this epoch: 
Memory allocated:  1.94189453125
Memory cached:  6.0
	 epoch  40 training error:  tensor(1079.0032, grad_fn=<ToCopyBackward0>)
Memory status after this epoch: 
Memory allocated:  1.94189453125
Memory cached:  6.0
	 epoch  50 training error:  tensor(738.4949, grad_fn=<ToCopyBackward0>)
Memory status after this epoch: 
Memory allocated:  1.94189453125
Memory cached:  6.0
	 epoch  60 training error:  tensor(868.2111, grad_fn=<ToCopyBackward0>)
Memory status after this epoch: 
Memory allocated:  1.94189453125
Memory cached:  6.0
	 epoch  70 training error:  tensor(903.9911, grad_fn=<ToCopyBackward0>)
Memory status after this epoch: 
Memory allocated:  1.94189453125
Memory cached:  6.0
	 epoch  80 training error:  tensor(1779.2391, grad_fn=<ToCopyBackward0>)
Memory status after this epoch: 
Memory allocated:  1.94189453125
Memory cached:  6.0
	 epoch  90 training error:  tensor(1543.2444, grad_fn=<ToCopyBackward0>)
Memory status after this epoch: 
Memory allocated:  1.94189453125
Memory cached:  6.0
[I 2024-03-12 13:48:09,468] Trial 53 finished with value: 967.4352416992188 and parameters: {'log_learning_rate': -1.8715292233512302, 'log_learning_rate_D': -3.4569562406665155, 'log_learning_rate_D_dagger': -2.3959822685245005, 'training_batch_size': 6, 'training_p': 2, 'p_order_W': 4, 'p_order_D': 5, 'p_order_D_dagger': 5}. Best is trial 43 with value: 0.36884307861328125.
Time for this trial:  554.5579655170441
Memory status after this trial: 
Memory allocated:  4.427734375
Memory cached:  6.0
--------------------  Trial  54   --------------------
Start timing: 
Parameters: 
{'log_learning_rate': -3.0476521436664843, 'log_learning_rate_D': -3.72989889676992, 'log_learning_rate_D_dagger': -1.7510898444206746, 'training_batch_size': 9, 'training_p': 3, 'p_order_W': 3, 'p_order_D': 4, 'p_order_D_dagger': 2}

	 epoch  0 training error:  tensor(3.0716, grad_fn=<ToCopyBackward0>)
Memory status after this epoch: 
Memory allocated:  1.93994140625
Memory cached:  6.0
	 epoch  10 training error:  tensor(1.7363, grad_fn=<ToCopyBackward0>)
Memory status after this epoch: 
Memory allocated:  1.93994140625
Memory cached:  6.0
	 epoch  20 training error:  tensor(0.9499, grad_fn=<ToCopyBackward0>)
Memory status after this epoch: 
Memory allocated:  1.93994140625
Memory cached:  6.0
	 epoch  30 training error:  tensor(0.6211, grad_fn=<ToCopyBackward0>)
Memory status after this epoch: 
Memory allocated:  1.93994140625
Memory cached:  6.0
	 epoch  40 training error:  tensor(0.5263, grad_fn=<ToCopyBackward0>)
Memory status after this epoch: 
Memory allocated:  1.93994140625
Memory cached:  6.0
	 epoch  50 training error:  tensor(0.5035, grad_fn=<ToCopyBackward0>)
Memory status after this epoch: 
Memory allocated:  1.93994140625
Memory cached:  6.0
	 epoch  60 training error:  tensor(0.4984, grad_fn=<ToCopyBackward0>)
Memory status after this epoch: 
Memory allocated:  1.93994140625
Memory cached:  6.0
	 epoch  70 training error:  tensor(0.4974, grad_fn=<ToCopyBackward0>)
Memory status after this epoch: 
Memory allocated:  1.93994140625
Memory cached:  6.0
	 epoch  80 training error:  tensor(0.4973, grad_fn=<ToCopyBackward0>)
Memory status after this epoch: 
Memory allocated:  1.93994140625
Memory cached:  6.0
	 epoch  90 training error:  tensor(0.4973, grad_fn=<ToCopyBackward0>)
Memory status after this epoch: 
Memory allocated:  1.93994140625
Memory cached:  6.0
[I 2024-03-12 13:49:49,986] Trial 54 finished with value: 0.4914141595363617 and parameters: {'log_learning_rate': -3.0476521436664843, 'log_learning_rate_D': -3.72989889676992, 'log_learning_rate_D_dagger': -1.7510898444206746, 'training_batch_size': 9, 'training_p': 3, 'p_order_W': 3, 'p_order_D': 4, 'p_order_D_dagger': 2}. Best is trial 43 with value: 0.36884307861328125.
Time for this trial:  100.22703409194946
Memory status after this trial: 
Memory allocated:  2.9619140625
Memory cached:  6.0
--------------------  Trial  55   --------------------
Start timing: 
Parameters: 
{'log_learning_rate': -2.2583934392284646, 'log_learning_rate_D': -3.229301221321557, 'log_learning_rate_D_dagger': -2.0387166005506105, 'training_batch_size': 10, 'training_p': 3, 'p_order_W': 3, 'p_order_D': 4, 'p_order_D_dagger': 3}

	 epoch  0 training error:  tensor(206.2236, grad_fn=<ToCopyBackward0>)
Memory status after this epoch: 
Memory allocated:  1.93994140625
Memory cached:  8.0
	 epoch  10 training error:  tensor(147.4176, grad_fn=<ToCopyBackward0>)
Memory status after this epoch: 
Memory allocated:  1.93994140625
Memory cached:  8.0
	 epoch  20 training error:  tensor(99.7259, grad_fn=<ToCopyBackward0>)
Memory status after this epoch: 
Memory allocated:  1.93994140625
Memory cached:  8.0
	 epoch  30 training error:  tensor(63.3391, grad_fn=<ToCopyBackward0>)
Memory status after this epoch: 
Memory allocated:  1.93994140625
Memory cached:  8.0
	 epoch  40 training error:  tensor(37.2948, grad_fn=<ToCopyBackward0>)
Memory status after this epoch: 
Memory allocated:  1.93994140625
Memory cached:  8.0
	 epoch  50 training error:  tensor(19.7839, grad_fn=<ToCopyBackward0>)
Memory status after this epoch: 
Memory allocated:  1.93994140625
Memory cached:  8.0
	 epoch  60 training error:  tensor(8.2795, grad_fn=<ToCopyBackward0>)
Memory status after this epoch: 
Memory allocated:  1.93994140625
Memory cached:  8.0
	 epoch  70 training error:  tensor(1.7387, grad_fn=<ToCopyBackward0>)
Memory status after this epoch: 
Memory allocated:  1.93994140625
Memory cached:  6.0
	 epoch  80 training error:  tensor(2.7228, grad_fn=<ToCopyBackward0>)
Memory status after this epoch: 
Memory allocated:  1.93994140625
Memory cached:  8.0
	 epoch  90 training error:  tensor(1.6538, grad_fn=<ToCopyBackward0>)
Memory status after this epoch: 
Memory allocated:  1.93994140625
Memory cached:  6.0
