[I 2024-01-26 08:02:53,355] Trial 319 finished with value: 0.16721847653388977 and parameters: {'W_layers': 7, 'W_layer_units_exponent_0': 8, 'W_layer_units_exponent_1': 7, 'W_layer_units_exponent_2': 5, 'W_layer_units_exponent_3': 5, 'W_layer_units_exponent_4': 10, 'W_layer_units_exponent_5': 10, 'W_layer_units_exponent_6': 10, 'D_layers': 5, 'D_layer_units_exponent_0': 4, 'D_layer_units_exponent_1': 6, 'D_layer_units_exponent_2': 4, 'D_layer_units_exponent_3': 4, 'D_layer_units_exponent_4': 6, 'D_dagger_layers': 5, 'D_dagger_layer_units_exponent_0': 9, 'D_dagger_layer_units_exponent_1': 7, 'D_dagger_layer_units_exponent_2': 9, 'D_dagger_layer_units_exponent_3': 6, 'D_dagger_layer_units_exponent_4': 4, 'log_learning_rate': -3.667575714760235, 'log_learning_rate_D': -4.6183512670457345, 'log_learning_rate_D_dagger': -3.4279669261263876, 'training_batch_size': 9, 'training_p': 2}. Best is trial 308 with value: 0.16571281850337982.
Time for this trial:  24.199968576431274
Memory status after this trial: 
Memory allocated:  1132.05029296875
Memory cached:  1182.0
--------------------  Trial  320   --------------------
Start timing: 
Parameters: 
{'W_layers': 7, 'W_layer_units_exponent_0': 8, 'W_layer_units_exponent_1': 7, 'W_layer_units_exponent_2': 5, 'W_layer_units_exponent_3': 5, 'W_layer_units_exponent_4': 10, 'W_layer_units_exponent_5': 10, 'W_layer_units_exponent_6': 10, 'D_layers': 5, 'D_layer_units_exponent_0': 4, 'D_layer_units_exponent_1': 6, 'D_layer_units_exponent_2': 4, 'D_layer_units_exponent_3': 4, 'D_layer_units_exponent_4': 6, 'D_dagger_layers': 5, 'D_dagger_layer_units_exponent_0': 9, 'D_dagger_layer_units_exponent_1': 7, 'D_dagger_layer_units_exponent_2': 9, 'D_dagger_layer_units_exponent_3': 6, 'D_dagger_layer_units_exponent_4': 4, 'log_learning_rate': -3.6601670918087548, 'log_learning_rate_D': -4.607642492597009, 'log_learning_rate_D_dagger': -3.4373335498058255, 'training_batch_size': 9, 'training_p': 2}
	 epoch  0 training error:  tensor(1.0189, device='cuda:0', grad_fn=<DivBackward0>)
Memory status after this epoch: 
Memory allocated:  647.79345703125
Memory cached:  820.0
	 epoch  10 training error:  tensor(0.3315, device='cuda:0', grad_fn=<DivBackward0>)
Memory status after this epoch: 
Memory allocated:  647.79345703125
Memory cached:  820.0
	 epoch  20 training error:  tensor(0.2524, device='cuda:0', grad_fn=<DivBackward0>)
Memory status after this epoch: 
Memory allocated:  647.79345703125
Memory cached:  820.0
	 epoch  30 training error:  tensor(0.2207, device='cuda:0', grad_fn=<DivBackward0>)
Memory status after this epoch: 
Memory allocated:  647.79345703125
Memory cached:  820.0
	 epoch  40 training error:  tensor(0.2098, device='cuda:0', grad_fn=<DivBackward0>)
Memory status after this epoch: 
Memory allocated:  647.79345703125
Memory cached:  820.0
	 epoch  50 training error:  tensor(0.1941, device='cuda:0', grad_fn=<DivBackward0>)
Memory status after this epoch: 
Memory allocated:  647.79345703125
Memory cached:  820.0
	 epoch  60 training error:  tensor(0.1886, device='cuda:0', grad_fn=<DivBackward0>)
Memory status after this epoch: 
Memory allocated:  647.79345703125
Memory cached:  820.0
	 epoch  70 training error:  tensor(0.1879, device='cuda:0', grad_fn=<DivBackward0>)
Memory status after this epoch: 
Memory allocated:  647.79345703125
Memory cached:  820.0
	 epoch  80 training error:  tensor(0.1867, device='cuda:0', grad_fn=<DivBackward0>)
Memory status after this epoch: 
Memory allocated:  647.79345703125
Memory cached:  820.0
	 epoch  90 training error:  tensor(0.1890, device='cuda:0', grad_fn=<DivBackward0>)
Memory status after this epoch: 
Memory allocated:  647.79345703125
Memory cached:  820.0
[I 2024-01-26 08:03:17,418] Trial 320 finished with value: 0.16627663373947144 and parameters: {'W_layers': 7, 'W_layer_units_exponent_0': 8, 'W_layer_units_exponent_1': 7, 'W_layer_units_exponent_2': 5, 'W_layer_units_exponent_3': 5, 'W_layer_units_exponent_4': 10, 'W_layer_units_exponent_5': 10, 'W_layer_units_exponent_6': 10, 'D_layers': 5, 'D_layer_units_exponent_0': 4, 'D_layer_units_exponent_1': 6, 'D_layer_units_exponent_2': 4, 'D_layer_units_exponent_3': 4, 'D_layer_units_exponent_4': 6, 'D_dagger_layers': 5, 'D_dagger_layer_units_exponent_0': 9, 'D_dagger_layer_units_exponent_1': 7, 'D_dagger_layer_units_exponent_2': 9, 'D_dagger_layer_units_exponent_3': 6, 'D_dagger_layer_units_exponent_4': 4, 'log_learning_rate': -3.6601670918087548, 'log_learning_rate_D': -4.607642492597009, 'log_learning_rate_D_dagger': -3.4373335498058255, 'training_batch_size': 9, 'training_p': 2}. Best is trial 308 with value: 0.16571281850337982.
Time for this trial:  23.602938652038574
Memory status after this trial: 
Memory allocated:  1131.76904296875
Memory cached:  1166.0
--------------------  Trial  321   --------------------
Start timing: 
Parameters: 
{'W_layers': 7, 'W_layer_units_exponent_0': 8, 'W_layer_units_exponent_1': 7, 'W_layer_units_exponent_2': 5, 'W_layer_units_exponent_3': 5, 'W_layer_units_exponent_4': 10, 'W_layer_units_exponent_5': 10, 'W_layer_units_exponent_6': 10, 'D_layers': 5, 'D_layer_units_exponent_0': 4, 'D_layer_units_exponent_1': 6, 'D_layer_units_exponent_2': 4, 'D_layer_units_exponent_3': 4, 'D_layer_units_exponent_4': 6, 'D_dagger_layers': 5, 'D_dagger_layer_units_exponent_0': 9, 'D_dagger_layer_units_exponent_1': 7, 'D_dagger_layer_units_exponent_2': 9, 'D_dagger_layer_units_exponent_3': 6, 'D_dagger_layer_units_exponent_4': 4, 'log_learning_rate': -3.7257077427674106, 'log_learning_rate_D': -4.66093615019843, 'log_learning_rate_D_dagger': -3.4208272580740293, 'training_batch_size': 9, 'training_p': 2}
	 epoch  0 training error:  tensor(1.0089, device='cuda:0', grad_fn=<DivBackward0>)
Memory status after this epoch: 
Memory allocated:  648.07470703125
Memory cached:  820.0
	 epoch  10 training error:  tensor(0.3132, device='cuda:0', grad_fn=<DivBackward0>)
Memory status after this epoch: 
Memory allocated:  648.07470703125
Memory cached:  820.0
	 epoch  20 training error:  tensor(0.2484, device='cuda:0', grad_fn=<DivBackward0>)
Memory status after this epoch: 
Memory allocated:  648.07470703125
Memory cached:  820.0
	 epoch  30 training error:  tensor(0.2211, device='cuda:0', grad_fn=<DivBackward0>)
Memory status after this epoch: 
Memory allocated:  648.07470703125
Memory cached:  820.0
	 epoch  40 training error:  tensor(0.2070, device='cuda:0', grad_fn=<DivBackward0>)
Memory status after this epoch: 
Memory allocated:  648.07470703125
Memory cached:  820.0
	 epoch  50 training error:  tensor(0.1947, device='cuda:0', grad_fn=<DivBackward0>)
Memory status after this epoch: 
Memory allocated:  648.07470703125
Memory cached:  820.0
	 epoch  60 training error:  tensor(0.1894, device='cuda:0', grad_fn=<DivBackward0>)
Memory status after this epoch: 
Memory allocated:  648.07470703125
Memory cached:  820.0
	 epoch  70 training error:  tensor(0.1894, device='cuda:0', grad_fn=<DivBackward0>)
Memory status after this epoch: 
Memory allocated:  648.07470703125
Memory cached:  820.0
	 epoch  80 training error:  tensor(0.1896, device='cuda:0', grad_fn=<DivBackward0>)
Memory status after this epoch: 
Memory allocated:  648.07470703125
Memory cached:  820.0
	 epoch  90 training error:  tensor(0.1881, device='cuda:0', grad_fn=<DivBackward0>)
Memory status after this epoch: 
Memory allocated:  648.07470703125
Memory cached:  820.0
[I 2024-01-26 08:03:41,873] Trial 321 finished with value: 0.168767049908638 and parameters: {'W_layers': 7, 'W_layer_units_exponent_0': 8, 'W_layer_units_exponent_1': 7, 'W_layer_units_exponent_2': 5, 'W_layer_units_exponent_3': 5, 'W_layer_units_exponent_4': 10, 'W_layer_units_exponent_5': 10, 'W_layer_units_exponent_6': 10, 'D_layers': 5, 'D_layer_units_exponent_0': 4, 'D_layer_units_exponent_1': 6, 'D_layer_units_exponent_2': 4, 'D_layer_units_exponent_3': 4, 'D_layer_units_exponent_4': 6, 'D_dagger_layers': 5, 'D_dagger_layer_units_exponent_0': 9, 'D_dagger_layer_units_exponent_1': 7, 'D_dagger_layer_units_exponent_2': 9, 'D_dagger_layer_units_exponent_3': 6, 'D_dagger_layer_units_exponent_4': 4, 'log_learning_rate': -3.7257077427674106, 'log_learning_rate_D': -4.66093615019843, 'log_learning_rate_D_dagger': -3.4208272580740293, 'training_batch_size': 9, 'training_p': 2}. Best is trial 308 with value: 0.16571281850337982.
Time for this trial:  23.985482931137085
Memory status after this trial: 
Memory allocated:  1132.05029296875
Memory cached:  1182.0
--------------------  Trial  322   --------------------
Start timing: 
Parameters: 
{'W_layers': 7, 'W_layer_units_exponent_0': 8, 'W_layer_units_exponent_1': 7, 'W_layer_units_exponent_2': 5, 'W_layer_units_exponent_3': 5, 'W_layer_units_exponent_4': 10, 'W_layer_units_exponent_5': 10, 'W_layer_units_exponent_6': 10, 'D_layers': 5, 'D_layer_units_exponent_0': 4, 'D_layer_units_exponent_1': 6, 'D_layer_units_exponent_2': 4, 'D_layer_units_exponent_3': 4, 'D_layer_units_exponent_4': 6, 'D_dagger_layers': 5, 'D_dagger_layer_units_exponent_0': 9, 'D_dagger_layer_units_exponent_1': 7, 'D_dagger_layer_units_exponent_2': 9, 'D_dagger_layer_units_exponent_3': 6, 'D_dagger_layer_units_exponent_4': 4, 'log_learning_rate': -3.6962849288461768, 'log_learning_rate_D': -4.556709703703097, 'log_learning_rate_D_dagger': -3.4191414563927207, 'training_batch_size': 9, 'training_p': 2}
	 epoch  0 training error:  tensor(0.9358, device='cuda:0', grad_fn=<DivBackward0>)
Memory status after this epoch: 
Memory allocated:  647.79345703125
Memory cached:  820.0
	 epoch  10 training error:  tensor(0.3089, device='cuda:0', grad_fn=<DivBackward0>)
Memory status after this epoch: 
Memory allocated:  647.79345703125
Memory cached:  820.0
	 epoch  20 training error:  tensor(0.2345, device='cuda:0', grad_fn=<DivBackward0>)
Memory status after this epoch: 
Memory allocated:  647.79345703125
Memory cached:  820.0
	 epoch  30 training error:  tensor(0.2100, device='cuda:0', grad_fn=<DivBackward0>)
Memory status after this epoch: 
Memory allocated:  647.79345703125
Memory cached:  820.0
	 epoch  40 training error:  tensor(0.2023, device='cuda:0', grad_fn=<DivBackward0>)
Memory status after this epoch: 
Memory allocated:  647.79345703125
Memory cached:  820.0
	 epoch  50 training error:  tensor(0.1899, device='cuda:0', grad_fn=<DivBackward0>)
Memory status after this epoch: 
Memory allocated:  647.79345703125
Memory cached:  820.0
	 epoch  60 training error:  tensor(0.1891, device='cuda:0', grad_fn=<DivBackward0>)
Memory status after this epoch: 
Memory allocated:  647.79345703125
Memory cached:  820.0
	 epoch  70 training error:  tensor(0.1952, device='cuda:0', grad_fn=<DivBackward0>)
Memory status after this epoch: 
Memory allocated:  647.79345703125
Memory cached:  820.0
	 epoch  80 training error:  tensor(0.1876, device='cuda:0', grad_fn=<DivBackward0>)
Memory status after this epoch: 
Memory allocated:  647.79345703125
Memory cached:  820.0
	 epoch  90 training error:  tensor(0.1886, device='cuda:0', grad_fn=<DivBackward0>)
Memory status after this epoch: 
Memory allocated:  647.79345703125
Memory cached:  820.0
[I 2024-01-26 08:04:06,368] Trial 322 finished with value: 0.1674180030822754 and parameters: {'W_layers': 7, 'W_layer_units_exponent_0': 8, 'W_layer_units_exponent_1': 7, 'W_layer_units_exponent_2': 5, 'W_layer_units_exponent_3': 5, 'W_layer_units_exponent_4': 10, 'W_layer_units_exponent_5': 10, 'W_layer_units_exponent_6': 10, 'D_layers': 5, 'D_layer_units_exponent_0': 4, 'D_layer_units_exponent_1': 6, 'D_layer_units_exponent_2': 4, 'D_layer_units_exponent_3': 4, 'D_layer_units_exponent_4': 6, 'D_dagger_layers': 5, 'D_dagger_layer_units_exponent_0': 9, 'D_dagger_layer_units_exponent_1': 7, 'D_dagger_layer_units_exponent_2': 9, 'D_dagger_layer_units_exponent_3': 6, 'D_dagger_layer_units_exponent_4': 4, 'log_learning_rate': -3.6962849288461768, 'log_learning_rate_D': -4.556709703703097, 'log_learning_rate_D_dagger': -3.4191414563927207, 'training_batch_size': 9, 'training_p': 2}. Best is trial 308 with value: 0.16571281850337982.
Time for this trial:  24.037428855895996
Memory status after this trial: 
Memory allocated:  1131.76904296875
Memory cached:  1166.0
--------------------  Trial  323   --------------------
Start timing: 
Parameters: 
{'W_layers': 7, 'W_layer_units_exponent_0': 8, 'W_layer_units_exponent_1': 7, 'W_layer_units_exponent_2': 5, 'W_layer_units_exponent_3': 5, 'W_layer_units_exponent_4': 10, 'W_layer_units_exponent_5': 10, 'W_layer_units_exponent_6': 10, 'D_layers': 5, 'D_layer_units_exponent_0': 4, 'D_layer_units_exponent_1': 6, 'D_layer_units_exponent_2': 4, 'D_layer_units_exponent_3': 4, 'D_layer_units_exponent_4': 6, 'D_dagger_layers': 5, 'D_dagger_layer_units_exponent_0': 9, 'D_dagger_layer_units_exponent_1': 7, 'D_dagger_layer_units_exponent_2': 9, 'D_dagger_layer_units_exponent_3': 6, 'D_dagger_layer_units_exponent_4': 4, 'log_learning_rate': -3.6036943761574456, 'log_learning_rate_D': -4.753742233096414, 'log_learning_rate_D_dagger': -3.3733417772088954, 'training_batch_size': 9, 'training_p': 3}
	 epoch  0 training error:  tensor(1.0342, device='cuda:0', grad_fn=<DivBackward0>)
Memory status after this epoch: 
Memory allocated:  648.07470703125
Memory cached:  820.0
	 epoch  10 training error:  tensor(0.3665, device='cuda:0', grad_fn=<DivBackward0>)
Memory status after this epoch: 
Memory allocated:  648.07470703125
Memory cached:  820.0
	 epoch  20 training error:  tensor(0.2799, device='cuda:0', grad_fn=<DivBackward0>)
Memory status after this epoch: 
Memory allocated:  648.07470703125
Memory cached:  820.0
	 epoch  30 training error:  tensor(0.2661, device='cuda:0', grad_fn=<DivBackward0>)
Memory status after this epoch: 
Memory allocated:  648.07470703125
Memory cached:  820.0
	 epoch  40 training error:  tensor(0.2487, device='cuda:0', grad_fn=<DivBackward0>)
Memory status after this epoch: 
Memory allocated:  648.07470703125
Memory cached:  820.0
	 epoch  50 training error:  tensor(0.2477, device='cuda:0', grad_fn=<DivBackward0>)
Memory status after this epoch: 
Memory allocated:  648.07470703125
Memory cached:  820.0
	 epoch  60 training error:  tensor(0.2443, device='cuda:0', grad_fn=<DivBackward0>)
Memory status after this epoch: 
Memory allocated:  648.07470703125
Memory cached:  820.0
	 epoch  70 training error:  tensor(0.2434, device='cuda:0', grad_fn=<DivBackward0>)
Memory status after this epoch: 
Memory allocated:  648.07470703125
Memory cached:  820.0
	 epoch  80 training error:  tensor(0.2452, device='cuda:0', grad_fn=<DivBackward0>)
Memory status after this epoch: 
Memory allocated:  648.07470703125
Memory cached:  820.0
	 epoch  90 training error:  tensor(0.2430, device='cuda:0', grad_fn=<DivBackward0>)
Memory status after this epoch: 
Memory allocated:  648.07470703125
Memory cached:  820.0
[I 2024-01-26 08:04:30,690] Trial 323 finished with value: 0.16835801303386688 and parameters: {'W_layers': 7, 'W_layer_units_exponent_0': 8, 'W_layer_units_exponent_1': 7, 'W_layer_units_exponent_2': 5, 'W_layer_units_exponent_3': 5, 'W_layer_units_exponent_4': 10, 'W_layer_units_exponent_5': 10, 'W_layer_units_exponent_6': 10, 'D_layers': 5, 'D_layer_units_exponent_0': 4, 'D_layer_units_exponent_1': 6, 'D_layer_units_exponent_2': 4, 'D_layer_units_exponent_3': 4, 'D_layer_units_exponent_4': 6, 'D_dagger_layers': 5, 'D_dagger_layer_units_exponent_0': 9, 'D_dagger_layer_units_exponent_1': 7, 'D_dagger_layer_units_exponent_2': 9, 'D_dagger_layer_units_exponent_3': 6, 'D_dagger_layer_units_exponent_4': 4, 'log_learning_rate': -3.6036943761574456, 'log_learning_rate_D': -4.753742233096414, 'log_learning_rate_D_dagger': -3.3733417772088954, 'training_batch_size': 9, 'training_p': 3}. Best is trial 308 with value: 0.16571281850337982.
Time for this trial:  23.890587091445923
Memory status after this trial: 
Memory allocated:  1132.05029296875
Memory cached:  1182.0
--------------------  Trial  324   --------------------
Start timing: 
Parameters: 
{'W_layers': 7, 'W_layer_units_exponent_0': 8, 'W_layer_units_exponent_1': 7, 'W_layer_units_exponent_2': 5, 'W_layer_units_exponent_3': 5, 'W_layer_units_exponent_4': 10, 'W_layer_units_exponent_5': 10, 'W_layer_units_exponent_6': 7, 'D_layers': 5, 'D_layer_units_exponent_0': 4, 'D_layer_units_exponent_1': 6, 'D_layer_units_exponent_2': 4, 'D_layer_units_exponent_3': 4, 'D_layer_units_exponent_4': 6, 'D_dagger_layers': 5, 'D_dagger_layer_units_exponent_0': 9, 'D_dagger_layer_units_exponent_1': 7, 'D_dagger_layer_units_exponent_2': 9, 'D_dagger_layer_units_exponent_3': 6, 'D_dagger_layer_units_exponent_4': 4, 'log_learning_rate': -3.720709676716601, 'log_learning_rate_D': -4.51588537472763, 'log_learning_rate_D_dagger': -3.4050977617078226, 'training_batch_size': 9, 'training_p': 2}
	 epoch  0 training error:  tensor(0.9742, device='cuda:0', grad_fn=<DivBackward0>)
Memory status after this epoch: 
Memory allocated:  633.76611328125
Memory cached:  804.0
	 epoch  10 training error:  tensor(0.2921, device='cuda:0', grad_fn=<DivBackward0>)
Memory status after this epoch: 
Memory allocated:  633.76611328125
Memory cached:  804.0
	 epoch  20 training error:  tensor(0.2533, device='cuda:0', grad_fn=<DivBackward0>)
Memory status after this epoch: 
Memory allocated:  633.76611328125
Memory cached:  804.0
	 epoch  30 training error:  tensor(0.2261, device='cuda:0', grad_fn=<DivBackward0>)
Memory status after this epoch: 
Memory allocated:  633.76611328125
Memory cached:  804.0
	 epoch  40 training error:  tensor(0.2082, device='cuda:0', grad_fn=<DivBackward0>)
Memory status after this epoch: 
Memory allocated:  633.76611328125
Memory cached:  804.0
	 epoch  50 training error:  tensor(0.1926, device='cuda:0', grad_fn=<DivBackward0>)
Memory status after this epoch: 
Memory allocated:  633.76611328125
Memory cached:  804.0
	 epoch  60 training error:  tensor(0.1900, device='cuda:0', grad_fn=<DivBackward0>)
Memory status after this epoch: 
Memory allocated:  633.76611328125
Memory cached:  804.0
	 epoch  70 training error:  tensor(0.1871, device='cuda:0', grad_fn=<DivBackward0>)
Memory status after this epoch: 
Memory allocated:  633.76611328125
Memory cached:  804.0
	 epoch  80 training error:  tensor(0.1868, device='cuda:0', grad_fn=<DivBackward0>)
Memory status after this epoch: 
Memory allocated:  633.76611328125
Memory cached:  804.0
	 epoch  90 training error:  tensor(0.1862, device='cuda:0', grad_fn=<DivBackward0>)
Memory status after this epoch: 
Memory allocated:  633.76611328125
Memory cached:  804.0
