[I 2024-01-13 13:00:56,933] Trial 140 finished with value: 0.08845784515142441 and parameters: {'W_layers': 6, 'W_layer_units_exponent_0': 4, 'W_layer_units_exponent_1': 10, 'W_layer_units_exponent_2': 7, 'W_layer_units_exponent_3': 5, 'W_layer_units_exponent_4': 6, 'W_layer_units_exponent_5': 5, 'D_layers': 6, 'D_layer_units_exponent_0': 9, 'D_layer_units_exponent_1': 8, 'D_layer_units_exponent_2': 9, 'D_layer_units_exponent_3': 6, 'D_layer_units_exponent_4': 10, 'D_layer_units_exponent_5': 4, 'D_dagger_layers': 8, 'D_dagger_layer_units_exponent_0': 6, 'D_dagger_layer_units_exponent_1': 9, 'D_dagger_layer_units_exponent_2': 9, 'D_dagger_layer_units_exponent_3': 10, 'D_dagger_layer_units_exponent_4': 6, 'D_dagger_layer_units_exponent_5': 8, 'D_dagger_layer_units_exponent_6': 8, 'D_dagger_layer_units_exponent_7': 10, 'log_learning_rate': -1.7409223873817994, 'log_learning_rate_D': -3.103562802408319, 'log_learning_rate_D_dagger': -4.598316420672514, 'training_batch_size': 6, 'training_p': 5}. Best is trial 49 with value: 0.07665807753801346.
Time for this trial:  643.4845945835114
Memory status after this trial: 
Memory allocated:  1558.2744140625
Memory cached:  1598.0
--------------------  Trial  141   --------------------
Start timing: 
Parameters: 
{'W_layers': 7, 'W_layer_units_exponent_0': 4, 'W_layer_units_exponent_1': 10, 'W_layer_units_exponent_2': 7, 'W_layer_units_exponent_3': 5, 'W_layer_units_exponent_4': 5, 'W_layer_units_exponent_5': 6, 'W_layer_units_exponent_6': 4, 'D_layers': 5, 'D_layer_units_exponent_0': 9, 'D_layer_units_exponent_1': 10, 'D_layer_units_exponent_2': 9, 'D_layer_units_exponent_3': 6, 'D_layer_units_exponent_4': 10, 'D_dagger_layers': 8, 'D_dagger_layer_units_exponent_0': 6, 'D_dagger_layer_units_exponent_1': 9, 'D_dagger_layer_units_exponent_2': 9, 'D_dagger_layer_units_exponent_3': 9, 'D_dagger_layer_units_exponent_4': 7, 'D_dagger_layer_units_exponent_5': 9, 'D_dagger_layer_units_exponent_6': 8, 'D_dagger_layer_units_exponent_7': 7, 'log_learning_rate': -2.178382825313682, 'log_learning_rate_D': -4.615435029728685, 'log_learning_rate_D_dagger': -4.623603136692415, 'training_batch_size': 6, 'training_p': 5}
	 epoch  0 training error:  tensor(1.0870, device='cuda:0', grad_fn=<DivBackward0>)
Memory status after this epoch: 
Memory allocated:  806.7919921875
Memory cached:  1310.0
	 epoch  10 training error:  tensor(0.5834, device='cuda:0', grad_fn=<DivBackward0>)
Memory status after this epoch: 
Memory allocated:  806.7919921875
Memory cached:  1356.0
	 epoch  20 training error:  tensor(0.2224, device='cuda:0', grad_fn=<DivBackward0>)
Memory status after this epoch: 
Memory allocated:  806.7919921875
Memory cached:  1356.0
	 epoch  30 training error:  tensor(0.1721, device='cuda:0', grad_fn=<DivBackward0>)
Memory status after this epoch: 
Memory allocated:  806.7919921875
Memory cached:  1354.0
	 epoch  40 training error:  tensor(0.1599, device='cuda:0', grad_fn=<DivBackward0>)
Memory status after this epoch: 
Memory allocated:  806.7919921875
Memory cached:  1358.0
	 epoch  50 training error:  tensor(0.1479, device='cuda:0', grad_fn=<DivBackward0>)
Memory status after this epoch: 
Memory allocated:  806.7919921875
Memory cached:  1358.0
	 epoch  60 training error:  tensor(0.1373, device='cuda:0', grad_fn=<DivBackward0>)
Memory status after this epoch: 
Memory allocated:  806.7919921875
Memory cached:  1366.0
	 epoch  70 training error:  tensor(0.1349, device='cuda:0', grad_fn=<DivBackward0>)
Memory status after this epoch: 
Memory allocated:  806.7919921875
Memory cached:  1356.0
	 epoch  80 training error:  tensor(0.1269, device='cuda:0', grad_fn=<DivBackward0>)
Memory status after this epoch: 
Memory allocated:  806.7919921875
Memory cached:  1362.0
	 epoch  90 training error:  tensor(0.1220, device='cuda:0', grad_fn=<DivBackward0>)
Memory status after this epoch: 
Memory allocated:  806.7919921875
Memory cached:  1348.0
[I 2024-01-13 13:11:36,983] Trial 141 finished with value: 0.10139898210763931 and parameters: {'W_layers': 7, 'W_layer_units_exponent_0': 4, 'W_layer_units_exponent_1': 10, 'W_layer_units_exponent_2': 7, 'W_layer_units_exponent_3': 5, 'W_layer_units_exponent_4': 5, 'W_layer_units_exponent_5': 6, 'W_layer_units_exponent_6': 4, 'D_layers': 5, 'D_layer_units_exponent_0': 9, 'D_layer_units_exponent_1': 10, 'D_layer_units_exponent_2': 9, 'D_layer_units_exponent_3': 6, 'D_layer_units_exponent_4': 10, 'D_dagger_layers': 8, 'D_dagger_layer_units_exponent_0': 6, 'D_dagger_layer_units_exponent_1': 9, 'D_dagger_layer_units_exponent_2': 9, 'D_dagger_layer_units_exponent_3': 9, 'D_dagger_layer_units_exponent_4': 7, 'D_dagger_layer_units_exponent_5': 9, 'D_dagger_layer_units_exponent_6': 8, 'D_dagger_layer_units_exponent_7': 7, 'log_learning_rate': -2.178382825313682, 'log_learning_rate_D': -4.615435029728685, 'log_learning_rate_D_dagger': -4.623603136692415, 'training_batch_size': 6, 'training_p': 5}. Best is trial 49 with value: 0.07665807753801346.
Time for this trial:  639.4216330051422
Memory status after this trial: 
Memory allocated:  1524.9775390625
Memory cached:  1560.0
--------------------  Trial  142   --------------------
Start timing: 
Parameters: 
{'W_layers': 7, 'W_layer_units_exponent_0': 4, 'W_layer_units_exponent_1': 10, 'W_layer_units_exponent_2': 7, 'W_layer_units_exponent_3': 5, 'W_layer_units_exponent_4': 5, 'W_layer_units_exponent_5': 5, 'W_layer_units_exponent_6': 4, 'D_layers': 5, 'D_layer_units_exponent_0': 9, 'D_layer_units_exponent_1': 8, 'D_layer_units_exponent_2': 9, 'D_layer_units_exponent_3': 6, 'D_layer_units_exponent_4': 9, 'D_dagger_layers': 8, 'D_dagger_layer_units_exponent_0': 6, 'D_dagger_layer_units_exponent_1': 9, 'D_dagger_layer_units_exponent_2': 9, 'D_dagger_layer_units_exponent_3': 9, 'D_dagger_layer_units_exponent_4': 7, 'D_dagger_layer_units_exponent_5': 9, 'D_dagger_layer_units_exponent_6': 8, 'D_dagger_layer_units_exponent_7': 9, 'log_learning_rate': -2.254271886414904, 'log_learning_rate_D': -3.681887197354303, 'log_learning_rate_D_dagger': -4.549431460797256, 'training_batch_size': 6, 'training_p': 5}
	 epoch  0 training error:  tensor(0.9278, device='cuda:0', grad_fn=<DivBackward0>)
Memory status after this epoch: 
Memory allocated:  795.7529296875
Memory cached:  1324.0
	 epoch  10 training error:  tensor(0.4569, device='cuda:0', grad_fn=<DivBackward0>)
Memory status after this epoch: 
Memory allocated:  795.7529296875
Memory cached:  1350.0
	 epoch  20 training error:  tensor(0.1796, device='cuda:0', grad_fn=<DivBackward0>)
Memory status after this epoch: 
Memory allocated:  795.7529296875
Memory cached:  1370.0
	 epoch  30 training error:  tensor(0.1642, device='cuda:0', grad_fn=<DivBackward0>)
Memory status after this epoch: 
Memory allocated:  795.7529296875
Memory cached:  1362.0
	 epoch  40 training error:  tensor(0.1526, device='cuda:0', grad_fn=<DivBackward0>)
Memory status after this epoch: 
Memory allocated:  795.7529296875
Memory cached:  1354.0
	 epoch  50 training error:  tensor(0.1397, device='cuda:0', grad_fn=<DivBackward0>)
Memory status after this epoch: 
Memory allocated:  795.7529296875
Memory cached:  1366.0
	 epoch  60 training error:  tensor(0.1212, device='cuda:0', grad_fn=<DivBackward0>)
Memory status after this epoch: 
Memory allocated:  795.7529296875
Memory cached:  1362.0
	 epoch  70 training error:  tensor(0.1153, device='cuda:0', grad_fn=<DivBackward0>)
Memory status after this epoch: 
Memory allocated:  795.7529296875
Memory cached:  1374.0
	 epoch  80 training error:  tensor(0.1137, device='cuda:0', grad_fn=<DivBackward0>)
Memory status after this epoch: 
Memory allocated:  795.7529296875
Memory cached:  1364.0
	 epoch  90 training error:  tensor(0.1121, device='cuda:0', grad_fn=<DivBackward0>)
Memory status after this epoch: 
Memory allocated:  795.7529296875
Memory cached:  1348.0
[I 2024-01-13 13:22:11,581] Trial 142 finished with value: 0.09152018278837204 and parameters: {'W_layers': 7, 'W_layer_units_exponent_0': 4, 'W_layer_units_exponent_1': 10, 'W_layer_units_exponent_2': 7, 'W_layer_units_exponent_3': 5, 'W_layer_units_exponent_4': 5, 'W_layer_units_exponent_5': 5, 'W_layer_units_exponent_6': 4, 'D_layers': 5, 'D_layer_units_exponent_0': 9, 'D_layer_units_exponent_1': 8, 'D_layer_units_exponent_2': 9, 'D_layer_units_exponent_3': 6, 'D_layer_units_exponent_4': 9, 'D_dagger_layers': 8, 'D_dagger_layer_units_exponent_0': 6, 'D_dagger_layer_units_exponent_1': 9, 'D_dagger_layer_units_exponent_2': 9, 'D_dagger_layer_units_exponent_3': 9, 'D_dagger_layer_units_exponent_4': 7, 'D_dagger_layer_units_exponent_5': 9, 'D_dagger_layer_units_exponent_6': 8, 'D_dagger_layer_units_exponent_7': 9, 'log_learning_rate': -2.254271886414904, 'log_learning_rate_D': -3.681887197354303, 'log_learning_rate_D_dagger': -4.549431460797256, 'training_batch_size': 6, 'training_p': 5}. Best is trial 49 with value: 0.07665807753801346.
Time for this trial:  634.0043926239014
Memory status after this trial: 
Memory allocated:  1423.5791015625
Memory cached:  1468.0
--------------------  Trial  143   --------------------
Start timing: 
Parameters: 
{'W_layers': 7, 'W_layer_units_exponent_0': 4, 'W_layer_units_exponent_1': 10, 'W_layer_units_exponent_2': 7, 'W_layer_units_exponent_3': 5, 'W_layer_units_exponent_4': 5, 'W_layer_units_exponent_5': 6, 'W_layer_units_exponent_6': 5, 'D_layers': 5, 'D_layer_units_exponent_0': 9, 'D_layer_units_exponent_1': 8, 'D_layer_units_exponent_2': 9, 'D_layer_units_exponent_3': 6, 'D_layer_units_exponent_4': 10, 'D_dagger_layers': 8, 'D_dagger_layer_units_exponent_0': 6, 'D_dagger_layer_units_exponent_1': 9, 'D_dagger_layer_units_exponent_2': 9, 'D_dagger_layer_units_exponent_3': 9, 'D_dagger_layer_units_exponent_4': 7, 'D_dagger_layer_units_exponent_5': 9, 'D_dagger_layer_units_exponent_6': 8, 'D_dagger_layer_units_exponent_7': 8, 'log_learning_rate': -2.3968163565242127, 'log_learning_rate_D': -4.46040565185069, 'log_learning_rate_D_dagger': -4.375171670926912, 'training_batch_size': 6, 'training_p': 5}
	 epoch  0 training error:  tensor(0.9014, device='cuda:0', grad_fn=<DivBackward0>)
Memory status after this epoch: 
Memory allocated:  795.2998046875
Memory cached:  1310.0
	 epoch  10 training error:  tensor(0.2243, device='cuda:0', grad_fn=<DivBackward0>)
Memory status after this epoch: 
Memory allocated:  795.2998046875
Memory cached:  1344.0
	 epoch  20 training error:  tensor(0.1692, device='cuda:0', grad_fn=<DivBackward0>)
Memory status after this epoch: 
Memory allocated:  795.2998046875
Memory cached:  1342.0
	 epoch  30 training error:  tensor(0.1534, device='cuda:0', grad_fn=<DivBackward0>)
Memory status after this epoch: 
Memory allocated:  795.2998046875
Memory cached:  1342.0
	 epoch  40 training error:  tensor(0.1376, device='cuda:0', grad_fn=<DivBackward0>)
Memory status after this epoch: 
Memory allocated:  795.2998046875
Memory cached:  1352.0
	 epoch  50 training error:  tensor(0.1215, device='cuda:0', grad_fn=<DivBackward0>)
Memory status after this epoch: 
Memory allocated:  795.2998046875
Memory cached:  1342.0
	 epoch  60 training error:  tensor(0.1133, device='cuda:0', grad_fn=<DivBackward0>)
Memory status after this epoch: 
Memory allocated:  795.2998046875
Memory cached:  1336.0
	 epoch  70 training error:  tensor(0.1145, device='cuda:0', grad_fn=<DivBackward0>)
Memory status after this epoch: 
Memory allocated:  795.2998046875
Memory cached:  1344.0
	 epoch  80 training error:  tensor(0.1143, device='cuda:0', grad_fn=<DivBackward0>)
Memory status after this epoch: 
Memory allocated:  795.2998046875
Memory cached:  1348.0
	 epoch  90 training error:  tensor(0.1095, device='cuda:0', grad_fn=<DivBackward0>)
Memory status after this epoch: 
Memory allocated:  795.2998046875
Memory cached:  1338.0
[I 2024-01-13 13:32:50,186] Trial 143 finished with value: 0.08838112652301788 and parameters: {'W_layers': 7, 'W_layer_units_exponent_0': 4, 'W_layer_units_exponent_1': 10, 'W_layer_units_exponent_2': 7, 'W_layer_units_exponent_3': 5, 'W_layer_units_exponent_4': 5, 'W_layer_units_exponent_5': 6, 'W_layer_units_exponent_6': 5, 'D_layers': 5, 'D_layer_units_exponent_0': 9, 'D_layer_units_exponent_1': 8, 'D_layer_units_exponent_2': 9, 'D_layer_units_exponent_3': 6, 'D_layer_units_exponent_4': 10, 'D_dagger_layers': 8, 'D_dagger_layer_units_exponent_0': 6, 'D_dagger_layer_units_exponent_1': 9, 'D_dagger_layer_units_exponent_2': 9, 'D_dagger_layer_units_exponent_3': 9, 'D_dagger_layer_units_exponent_4': 7, 'D_dagger_layer_units_exponent_5': 9, 'D_dagger_layer_units_exponent_6': 8, 'D_dagger_layer_units_exponent_7': 8, 'log_learning_rate': -2.3968163565242127, 'log_learning_rate_D': -4.46040565185069, 'log_learning_rate_D_dagger': -4.375171670926912, 'training_batch_size': 6, 'training_p': 5}. Best is trial 49 with value: 0.07665807753801346.
Time for this trial:  637.9207153320312
Memory status after this trial: 
Memory allocated:  1451.2041015625
Memory cached:  1496.0
--------------------  Trial  144   --------------------
Start timing: 
Parameters: 
{'W_layers': 7, 'W_layer_units_exponent_0': 4, 'W_layer_units_exponent_1': 10, 'W_layer_units_exponent_2': 7, 'W_layer_units_exponent_3': 5, 'W_layer_units_exponent_4': 5, 'W_layer_units_exponent_5': 7, 'W_layer_units_exponent_6': 5, 'D_layers': 6, 'D_layer_units_exponent_0': 8, 'D_layer_units_exponent_1': 9, 'D_layer_units_exponent_2': 9, 'D_layer_units_exponent_3': 6, 'D_layer_units_exponent_4': 10, 'D_layer_units_exponent_5': 5, 'D_dagger_layers': 8, 'D_dagger_layer_units_exponent_0': 6, 'D_dagger_layer_units_exponent_1': 9, 'D_dagger_layer_units_exponent_2': 9, 'D_dagger_layer_units_exponent_3': 9, 'D_dagger_layer_units_exponent_4': 7, 'D_dagger_layer_units_exponent_5': 9, 'D_dagger_layer_units_exponent_6': 7, 'D_dagger_layer_units_exponent_7': 10, 'log_learning_rate': -2.151480390355464, 'log_learning_rate_D': -3.451796331119378, 'log_learning_rate_D_dagger': -4.728933519959535, 'training_batch_size': 6, 'training_p': 5}
	 epoch  0 training error:  tensor(1.2959, device='cuda:0', grad_fn=<DivBackward0>)
Memory status after this epoch: 
Memory allocated:  797.8681640625
Memory cached:  1318.0
	 epoch  10 training error:  tensor(0.5812, device='cuda:0', grad_fn=<DivBackward0>)
Memory status after this epoch: 
Memory allocated:  797.8681640625
Memory cached:  1336.0
	 epoch  20 training error:  tensor(0.2051, device='cuda:0', grad_fn=<DivBackward0>)
Memory status after this epoch: 
Memory allocated:  797.8681640625
Memory cached:  1358.0
	 epoch  30 training error:  tensor(0.1740, device='cuda:0', grad_fn=<DivBackward0>)
Memory status after this epoch: 
Memory allocated:  797.8681640625
Memory cached:  1346.0
	 epoch  40 training error:  tensor(0.1634, device='cuda:0', grad_fn=<DivBackward0>)
Memory status after this epoch: 
Memory allocated:  797.8681640625
Memory cached:  1346.0
	 epoch  50 training error:  tensor(0.1524, device='cuda:0', grad_fn=<DivBackward0>)
Memory status after this epoch: 
Memory allocated:  797.8681640625
Memory cached:  1346.0
	 epoch  60 training error:  tensor(0.1409, device='cuda:0', grad_fn=<DivBackward0>)
Memory status after this epoch: 
Memory allocated:  797.8681640625
Memory cached:  1350.0
	 epoch  70 training error:  tensor(0.1276, device='cuda:0', grad_fn=<DivBackward0>)
Memory status after this epoch: 
Memory allocated:  797.8681640625
Memory cached:  1334.0
	 epoch  80 training error:  tensor(0.1172, device='cuda:0', grad_fn=<DivBackward0>)
Memory status after this epoch: 
Memory allocated:  797.8681640625
Memory cached:  1346.0
	 epoch  90 training error:  tensor(0.1161, device='cuda:0', grad_fn=<DivBackward0>)
Memory status after this epoch: 
Memory allocated:  797.8681640625
Memory cached:  1356.0
[I 2024-01-13 13:43:54,064] Trial 144 finished with value: 0.09186352044343948 and parameters: {'W_layers': 7, 'W_layer_units_exponent_0': 4, 'W_layer_units_exponent_1': 10, 'W_layer_units_exponent_2': 7, 'W_layer_units_exponent_3': 5, 'W_layer_units_exponent_4': 5, 'W_layer_units_exponent_5': 7, 'W_layer_units_exponent_6': 5, 'D_layers': 6, 'D_layer_units_exponent_0': 8, 'D_layer_units_exponent_1': 9, 'D_layer_units_exponent_2': 9, 'D_layer_units_exponent_3': 6, 'D_layer_units_exponent_4': 10, 'D_layer_units_exponent_5': 5, 'D_dagger_layers': 8, 'D_dagger_layer_units_exponent_0': 6, 'D_dagger_layer_units_exponent_1': 9, 'D_dagger_layer_units_exponent_2': 9, 'D_dagger_layer_units_exponent_3': 9, 'D_dagger_layer_units_exponent_4': 7, 'D_dagger_layer_units_exponent_5': 9, 'D_dagger_layer_units_exponent_6': 7, 'D_dagger_layer_units_exponent_7': 10, 'log_learning_rate': -2.151480390355464, 'log_learning_rate_D': -3.451796331119378, 'log_learning_rate_D_dagger': -4.728933519959535, 'training_batch_size': 6, 'training_p': 5}. Best is trial 49 with value: 0.07665807753801346.
Time for this trial:  663.2435827255249
Memory status after this trial: 
Memory allocated:  1534.333984375
Memory cached:  1580.0
--------------------  Trial  145   --------------------
Start timing: 
Parameters: 
{'W_layers': 7, 'W_layer_units_exponent_0': 7, 'W_layer_units_exponent_1': 10, 'W_layer_units_exponent_2': 7, 'W_layer_units_exponent_3': 5, 'W_layer_units_exponent_4': 5, 'W_layer_units_exponent_5': 4, 'W_layer_units_exponent_6': 6, 'D_layers': 5, 'D_layer_units_exponent_0': 9, 'D_layer_units_exponent_1': 9, 'D_layer_units_exponent_2': 8, 'D_layer_units_exponent_3': 5, 'D_layer_units_exponent_4': 9, 'D_dagger_layers': 8, 'D_dagger_layer_units_exponent_0': 6, 'D_dagger_layer_units_exponent_1': 9, 'D_dagger_layer_units_exponent_2': 9, 'D_dagger_layer_units_exponent_3': 9, 'D_dagger_layer_units_exponent_4': 7, 'D_dagger_layer_units_exponent_5': 9, 'D_dagger_layer_units_exponent_6': 8, 'D_dagger_layer_units_exponent_7': 9, 'log_learning_rate': -2.0606247513951716, 'log_learning_rate_D': -4.230384757848214, 'log_learning_rate_D_dagger': -4.654294529480659, 'training_batch_size': 6, 'training_p': 5}
	 epoch  0 training error:  tensor(1.2671, device='cuda:0', grad_fn=<DivBackward0>)
Memory status after this epoch: 
Memory allocated:  798.8779296875
Memory cached:  1292.0
	 epoch  10 training error:  tensor(0.6429, device='cuda:0', grad_fn=<DivBackward0>)
Memory status after this epoch: 
Memory allocated:  798.8779296875
Memory cached:  1302.0
	 epoch  20 training error:  tensor(0.2266, device='cuda:0', grad_fn=<DivBackward0>)
Memory status after this epoch: 
Memory allocated:  798.8779296875
Memory cached:  1306.0
	 epoch  30 training error:  tensor(0.1687, device='cuda:0', grad_fn=<DivBackward0>)
Memory status after this epoch: 
Memory allocated:  798.8779296875
Memory cached:  1302.0
	 epoch  40 training error:  tensor(0.1582, device='cuda:0', grad_fn=<DivBackward0>)
Memory status after this epoch: 
Memory allocated:  798.8779296875
Memory cached:  1304.0
	 epoch  50 training error:  tensor(0.1484, device='cuda:0', grad_fn=<DivBackward0>)
Memory status after this epoch: 
Memory allocated:  798.8779296875
Memory cached:  1300.0
	 epoch  60 training error:  tensor(0.1387, device='cuda:0', grad_fn=<DivBackward0>)
Memory status after this epoch: 
Memory allocated:  798.8779296875
Memory cached:  1304.0
	 epoch  70 training error:  tensor(0.1277, device='cuda:0', grad_fn=<DivBackward0>)
Memory status after this epoch: 
Memory allocated:  798.8779296875
Memory cached:  1306.0
	 epoch  80 training error:  tensor(0.1259, device='cuda:0', grad_fn=<DivBackward0>)
Memory status after this epoch: 
Memory allocated:  798.8779296875
Memory cached:  1302.0
	 epoch  90 training error:  tensor(0.1229, device='cuda:0', grad_fn=<DivBackward0>)
Memory status after this epoch: 
Memory allocated:  798.8779296875
Memory cached:  1306.0
