[I 2023-12-05 02:24:38,964] Trial 66 finished with value: 0.5112661719322205 and parameters: {'W_layers': 5, 'W_layer_units_exponent_0': 8, 'W_layer_units_exponent_1': 5, 'W_layer_units_exponent_2': 8, 'W_layer_units_exponent_3': 9, 'W_layer_units_exponent_4': 5, 'D_layers': 3, 'D_layer_units_exponent_0': 10, 'D_layer_units_exponent_1': 10, 'D_layer_units_exponent_2': 9, 'log_learning_rate': -2.9500747531199822, 'log_learning_rate_D': -1.4451590811580912, 'training_batch_size': 9, 'training_p': 2}. Best is trial 36 with value: 0.5074478983879089.
Time for this trial:  14.250662088394165
Memory status after this trial: 
Memory allocated:  64.83154296875
Memory cached:  104.0
--------------------  Trial  67   --------------------
Start timing: 
Parameters: 
{'W_layers': 4, 'W_layer_units_exponent_0': 10, 'W_layer_units_exponent_1': 4, 'W_layer_units_exponent_2': 7, 'W_layer_units_exponent_3': 8, 'D_layers': 6, 'D_layer_units_exponent_0': 4, 'D_layer_units_exponent_1': 9, 'D_layer_units_exponent_2': 10, 'D_layer_units_exponent_3': 5, 'D_layer_units_exponent_4': 5, 'D_layer_units_exponent_5': 6, 'log_learning_rate': -3.2710184993471696, 'log_learning_rate_D': -1.1005050462198667, 'training_batch_size': 7, 'training_p': 6}
	 epoch  0 training error:  tensor(1.0958, device='cuda:0', grad_fn=<DivBackward0>)
Memory status after this epoch: 
Memory allocated:  41.671875
Memory cached:  84.0
	 epoch  10 training error:  tensor(0.8354, device='cuda:0', grad_fn=<DivBackward0>)
Memory status after this epoch: 
Memory allocated:  41.671875
Memory cached:  84.0
	 epoch  20 training error:  tensor(0.8333, device='cuda:0', grad_fn=<DivBackward0>)
Memory status after this epoch: 
Memory allocated:  41.671875
Memory cached:  84.0
	 epoch  30 training error:  tensor(0.8101, device='cuda:0', grad_fn=<DivBackward0>)
Memory status after this epoch: 
Memory allocated:  41.671875
Memory cached:  84.0
	 epoch  40 training error:  tensor(0.7898, device='cuda:0', grad_fn=<DivBackward0>)
Memory status after this epoch: 
Memory allocated:  41.671875
Memory cached:  84.0
	 epoch  50 training error:  tensor(0.7570, device='cuda:0', grad_fn=<DivBackward0>)
Memory status after this epoch: 
Memory allocated:  41.671875
Memory cached:  84.0
	 epoch  60 training error:  tensor(0.7042, device='cuda:0', grad_fn=<DivBackward0>)
Memory status after this epoch: 
Memory allocated:  41.671875
Memory cached:  84.0
	 epoch  70 training error:  tensor(0.6735, device='cuda:0', grad_fn=<DivBackward0>)
Memory status after this epoch: 
Memory allocated:  41.671875
Memory cached:  84.0
	 epoch  80 training error:  tensor(0.6700, device='cuda:0', grad_fn=<DivBackward0>)
Memory status after this epoch: 
Memory allocated:  41.671875
Memory cached:  84.0
	 epoch  90 training error:  tensor(0.6672, device='cuda:0', grad_fn=<DivBackward0>)
Memory status after this epoch: 
Memory allocated:  41.671875
Memory cached:  84.0
[I 2023-12-05 02:24:53,461] Trial 67 finished with value: 0.6774205565452576 and parameters: {'W_layers': 4, 'W_layer_units_exponent_0': 10, 'W_layer_units_exponent_1': 4, 'W_layer_units_exponent_2': 7, 'W_layer_units_exponent_3': 8, 'D_layers': 6, 'D_layer_units_exponent_0': 4, 'D_layer_units_exponent_1': 9, 'D_layer_units_exponent_2': 10, 'D_layer_units_exponent_3': 5, 'D_layer_units_exponent_4': 5, 'D_layer_units_exponent_5': 6, 'log_learning_rate': -3.2710184993471696, 'log_learning_rate_D': -1.1005050462198667, 'training_batch_size': 7, 'training_p': 6}. Best is trial 36 with value: 0.5074478983879089.
Time for this trial:  14.322933197021484
Memory status after this trial: 
Memory allocated:  71.77099609375
Memory cached:  104.0
--------------------  Trial  68   --------------------
Start timing: 
Parameters: 
{'W_layers': 3, 'W_layer_units_exponent_0': 7, 'W_layer_units_exponent_1': 6, 'W_layer_units_exponent_2': 9, 'D_layers': 5, 'D_layer_units_exponent_0': 9, 'D_layer_units_exponent_1': 9, 'D_layer_units_exponent_2': 9, 'D_layer_units_exponent_3': 6, 'D_layer_units_exponent_4': 4, 'log_learning_rate': -2.8087970733014505, 'log_learning_rate_D': -1.2569187394260568, 'training_batch_size': 8, 'training_p': 3}
	 epoch  0 training error:  tensor(1.0317, device='cuda:0', grad_fn=<DivBackward0>)
Memory status after this epoch: 
Memory allocated:  41.44384765625
Memory cached:  84.0
	 epoch  10 training error:  tensor(0.7950, device='cuda:0', grad_fn=<DivBackward0>)
Memory status after this epoch: 
Memory allocated:  41.44384765625
Memory cached:  84.0
	 epoch  20 training error:  tensor(0.7945, device='cuda:0', grad_fn=<DivBackward0>)
Memory status after this epoch: 
Memory allocated:  41.44384765625
Memory cached:  84.0
	 epoch  30 training error:  tensor(0.7864, device='cuda:0', grad_fn=<DivBackward0>)
Memory status after this epoch: 
Memory allocated:  41.44384765625
Memory cached:  84.0
	 epoch  40 training error:  tensor(0.7818, device='cuda:0', grad_fn=<DivBackward0>)
Memory status after this epoch: 
Memory allocated:  41.44384765625
Memory cached:  84.0
	 epoch  50 training error:  tensor(0.7778, device='cuda:0', grad_fn=<DivBackward0>)
Memory status after this epoch: 
Memory allocated:  41.44384765625
Memory cached:  84.0
	 epoch  60 training error:  tensor(0.7704, device='cuda:0', grad_fn=<DivBackward0>)
Memory status after this epoch: 
Memory allocated:  41.44384765625
Memory cached:  84.0
	 epoch  70 training error:  tensor(0.7555, device='cuda:0', grad_fn=<DivBackward0>)
Memory status after this epoch: 
Memory allocated:  41.44384765625
Memory cached:  84.0
	 epoch  80 training error:  tensor(0.7205, device='cuda:0', grad_fn=<DivBackward0>)
Memory status after this epoch: 
Memory allocated:  41.44384765625
Memory cached:  84.0
	 epoch  90 training error:  tensor(0.6847, device='cuda:0', grad_fn=<DivBackward0>)
Memory status after this epoch: 
Memory allocated:  41.44384765625
Memory cached:  84.0
[I 2023-12-05 02:25:07,603] Trial 68 finished with value: 0.5336064696311951 and parameters: {'W_layers': 3, 'W_layer_units_exponent_0': 7, 'W_layer_units_exponent_1': 6, 'W_layer_units_exponent_2': 9, 'D_layers': 5, 'D_layer_units_exponent_0': 9, 'D_layer_units_exponent_1': 9, 'D_layer_units_exponent_2': 9, 'D_layer_units_exponent_3': 6, 'D_layer_units_exponent_4': 4, 'log_learning_rate': -2.8087970733014505, 'log_learning_rate_D': -1.2569187394260568, 'training_batch_size': 8, 'training_p': 3}. Best is trial 36 with value: 0.5074478983879089.
Time for this trial:  13.967675685882568
Memory status after this trial: 
Memory allocated:  55.10205078125
Memory cached:  84.0
--------------------  Trial  69   --------------------
Start timing: 
Parameters: 
{'W_layers': 7, 'W_layer_units_exponent_0': 8, 'W_layer_units_exponent_1': 10, 'W_layer_units_exponent_2': 8, 'W_layer_units_exponent_3': 7, 'W_layer_units_exponent_4': 5, 'W_layer_units_exponent_5': 8, 'W_layer_units_exponent_6': 10, 'D_layers': 7, 'D_layer_units_exponent_0': 8, 'D_layer_units_exponent_1': 10, 'D_layer_units_exponent_2': 10, 'D_layer_units_exponent_3': 7, 'D_layer_units_exponent_4': 5, 'D_layer_units_exponent_5': 4, 'D_layer_units_exponent_6': 7, 'log_learning_rate': -2.6515323706339706, 'log_learning_rate_D': -1.5492405811405028, 'training_batch_size': 6, 'training_p': 2}
	 epoch  0 training error:  tensor(1.0683, device='cuda:0', grad_fn=<DivBackward0>)
Memory status after this epoch: 
Memory allocated:  56.92724609375
Memory cached:  88.0
	 epoch  10 training error:  tensor(0.8174, device='cuda:0', grad_fn=<DivBackward0>)
Memory status after this epoch: 
Memory allocated:  56.92724609375
Memory cached:  88.0
	 epoch  20 training error:  tensor(0.7005, device='cuda:0', grad_fn=<DivBackward0>)
Memory status after this epoch: 
Memory allocated:  56.92724609375
Memory cached:  88.0
	 epoch  30 training error:  tensor(0.6047, device='cuda:0', grad_fn=<DivBackward0>)
Memory status after this epoch: 
Memory allocated:  56.92724609375
Memory cached:  88.0
	 epoch  40 training error:  tensor(0.6063, device='cuda:0', grad_fn=<DivBackward0>)
Memory status after this epoch: 
Memory allocated:  56.92724609375
Memory cached:  88.0
	 epoch  50 training error:  tensor(0.5757, device='cuda:0', grad_fn=<DivBackward0>)
Memory status after this epoch: 
Memory allocated:  56.92724609375
Memory cached:  88.0
	 epoch  60 training error:  tensor(0.5719, device='cuda:0', grad_fn=<DivBackward0>)
Memory status after this epoch: 
Memory allocated:  56.92724609375
Memory cached:  88.0
	 epoch  70 training error:  tensor(0.5693, device='cuda:0', grad_fn=<DivBackward0>)
Memory status after this epoch: 
Memory allocated:  56.92724609375
Memory cached:  88.0
	 epoch  80 training error:  tensor(0.5689, device='cuda:0', grad_fn=<DivBackward0>)
Memory status after this epoch: 
Memory allocated:  56.92724609375
Memory cached:  88.0
	 epoch  90 training error:  tensor(0.5709, device='cuda:0', grad_fn=<DivBackward0>)
Memory status after this epoch: 
Memory allocated:  56.92724609375
Memory cached:  88.0
[I 2023-12-05 02:25:24,614] Trial 69 finished with value: 0.5092865824699402 and parameters: {'W_layers': 7, 'W_layer_units_exponent_0': 8, 'W_layer_units_exponent_1': 10, 'W_layer_units_exponent_2': 8, 'W_layer_units_exponent_3': 7, 'W_layer_units_exponent_4': 5, 'W_layer_units_exponent_5': 8, 'W_layer_units_exponent_6': 10, 'D_layers': 7, 'D_layer_units_exponent_0': 8, 'D_layer_units_exponent_1': 10, 'D_layer_units_exponent_2': 10, 'D_layer_units_exponent_3': 7, 'D_layer_units_exponent_4': 5, 'D_layer_units_exponent_5': 4, 'D_layer_units_exponent_6': 7, 'log_learning_rate': -2.6515323706339706, 'log_learning_rate_D': -1.5492405811405028, 'training_batch_size': 6, 'training_p': 2}. Best is trial 36 with value: 0.5074478983879089.
Time for this trial:  16.79588031768799
Memory status after this trial: 
Memory allocated:  113.62744140625
Memory cached:  146.0
--------------------  Trial  70   --------------------
Start timing: 
Parameters: 
{'W_layers': 7, 'W_layer_units_exponent_0': 8, 'W_layer_units_exponent_1': 10, 'W_layer_units_exponent_2': 8, 'W_layer_units_exponent_3': 7, 'W_layer_units_exponent_4': 4, 'W_layer_units_exponent_5': 10, 'W_layer_units_exponent_6': 10, 'D_layers': 8, 'D_layer_units_exponent_0': 8, 'D_layer_units_exponent_1': 10, 'D_layer_units_exponent_2': 7, 'D_layer_units_exponent_3': 7, 'D_layer_units_exponent_4': 6, 'D_layer_units_exponent_5': 4, 'D_layer_units_exponent_6': 7, 'D_layer_units_exponent_7': 10, 'log_learning_rate': -3.158006600705978, 'log_learning_rate_D': -1.57679959061869, 'training_batch_size': 6, 'training_p': 5}
	 epoch  0 training error:  tensor(1.1773, device='cuda:0', grad_fn=<DivBackward0>)
Memory status after this epoch: 
Memory allocated:  65.61328125
Memory cached:  104.0
	 epoch  10 training error:  tensor(0.8335, device='cuda:0', grad_fn=<DivBackward0>)
Memory status after this epoch: 
Memory allocated:  65.61328125
Memory cached:  104.0
	 epoch  20 training error:  tensor(0.7734, device='cuda:0', grad_fn=<DivBackward0>)
Memory status after this epoch: 
Memory allocated:  65.61328125
Memory cached:  104.0
	 epoch  30 training error:  tensor(0.7441, device='cuda:0', grad_fn=<DivBackward0>)
Memory status after this epoch: 
Memory allocated:  65.61328125
Memory cached:  104.0
	 epoch  40 training error:  tensor(0.7115, device='cuda:0', grad_fn=<DivBackward0>)
Memory status after this epoch: 
Memory allocated:  65.61328125
Memory cached:  104.0
	 epoch  50 training error:  tensor(0.6629, device='cuda:0', grad_fn=<DivBackward0>)
Memory status after this epoch: 
Memory allocated:  65.61328125
Memory cached:  104.0
	 epoch  60 training error:  tensor(0.6674, device='cuda:0', grad_fn=<DivBackward0>)
Memory status after this epoch: 
Memory allocated:  65.61328125
Memory cached:  104.0
	 epoch  70 training error:  tensor(0.6693, device='cuda:0', grad_fn=<DivBackward0>)
Memory status after this epoch: 
Memory allocated:  65.61328125
Memory cached:  104.0
	 epoch  80 training error:  tensor(0.6614, device='cuda:0', grad_fn=<DivBackward0>)
Memory status after this epoch: 
Memory allocated:  65.61328125
Memory cached:  104.0
	 epoch  90 training error:  tensor(0.6740, device='cuda:0', grad_fn=<DivBackward0>)
Memory status after this epoch: 
Memory allocated:  65.61328125
Memory cached:  104.0
[I 2023-12-05 02:25:41,820] Trial 70 finished with value: 0.6252231001853943 and parameters: {'W_layers': 7, 'W_layer_units_exponent_0': 8, 'W_layer_units_exponent_1': 10, 'W_layer_units_exponent_2': 8, 'W_layer_units_exponent_3': 7, 'W_layer_units_exponent_4': 4, 'W_layer_units_exponent_5': 10, 'W_layer_units_exponent_6': 10, 'D_layers': 8, 'D_layer_units_exponent_0': 8, 'D_layer_units_exponent_1': 10, 'D_layer_units_exponent_2': 7, 'D_layer_units_exponent_3': 7, 'D_layer_units_exponent_4': 6, 'D_layer_units_exponent_5': 4, 'D_layer_units_exponent_6': 7, 'D_layer_units_exponent_7': 10, 'log_learning_rate': -3.158006600705978, 'log_learning_rate_D': -1.57679959061869, 'training_batch_size': 6, 'training_p': 5}. Best is trial 36 with value: 0.5074478983879089.
Time for this trial:  17.00160241127014
Memory status after this trial: 
Memory allocated:  136.72021484375
Memory cached:  186.0
--------------------  Trial  71   --------------------
Start timing: 
Parameters: 
{'W_layers': 7, 'W_layer_units_exponent_0': 9, 'W_layer_units_exponent_1': 10, 'W_layer_units_exponent_2': 8, 'W_layer_units_exponent_3': 6, 'W_layer_units_exponent_4': 7, 'W_layer_units_exponent_5': 8, 'W_layer_units_exponent_6': 9, 'D_layers': 7, 'D_layer_units_exponent_0': 8, 'D_layer_units_exponent_1': 10, 'D_layer_units_exponent_2': 10, 'D_layer_units_exponent_3': 6, 'D_layer_units_exponent_4': 5, 'D_layer_units_exponent_5': 5, 'D_layer_units_exponent_6': 8, 'log_learning_rate': -2.4343691603556934, 'log_learning_rate_D': -1.1383598896872353, 'training_batch_size': 6, 'training_p': 2}
	 epoch  0 training error:  tensor(1.1757, device='cuda:0', grad_fn=<DivBackward0>)
Memory status after this epoch: 
Memory allocated:  58.87890625
Memory cached:  104.0
	 epoch  10 training error:  tensor(1.0186, device='cuda:0', grad_fn=<DivBackward0>)
Memory status after this epoch: 
Memory allocated:  58.87890625
Memory cached:  104.0
	 epoch  20 training error:  tensor(0.7206, device='cuda:0', grad_fn=<DivBackward0>)
Memory status after this epoch: 
Memory allocated:  58.87890625
Memory cached:  104.0
	 epoch  30 training error:  tensor(0.7632, device='cuda:0', grad_fn=<DivBackward0>)
Memory status after this epoch: 
Memory allocated:  58.87890625
Memory cached:  104.0
	 epoch  40 training error:  tensor(0.6919, device='cuda:0', grad_fn=<DivBackward0>)
Memory status after this epoch: 
Memory allocated:  58.87890625
Memory cached:  104.0
	 epoch  50 training error:  tensor(0.6055, device='cuda:0', grad_fn=<DivBackward0>)
Memory status after this epoch: 
Memory allocated:  58.87890625
Memory cached:  104.0
	 epoch  60 training error:  tensor(0.5767, device='cuda:0', grad_fn=<DivBackward0>)
Memory status after this epoch: 
Memory allocated:  58.87890625
Memory cached:  104.0
	 epoch  70 training error:  tensor(0.5734, device='cuda:0', grad_fn=<DivBackward0>)
Memory status after this epoch: 
Memory allocated:  58.87890625
Memory cached:  104.0
	 epoch  80 training error:  tensor(0.5699, device='cuda:0', grad_fn=<DivBackward0>)
Memory status after this epoch: 
Memory allocated:  58.87890625
Memory cached:  104.0
	 epoch  90 training error:  tensor(0.5686, device='cuda:0', grad_fn=<DivBackward0>)
Memory status after this epoch: 
Memory allocated:  58.87890625
Memory cached:  104.0
[I 2023-12-05 02:25:59,116] Trial 71 finished with value: 0.5107947587966919 and parameters: {'W_layers': 7, 'W_layer_units_exponent_0': 9, 'W_layer_units_exponent_1': 10, 'W_layer_units_exponent_2': 8, 'W_layer_units_exponent_3': 6, 'W_layer_units_exponent_4': 7, 'W_layer_units_exponent_5': 8, 'W_layer_units_exponent_6': 9, 'D_layers': 7, 'D_layer_units_exponent_0': 8, 'D_layer_units_exponent_1': 10, 'D_layer_units_exponent_2': 10, 'D_layer_units_exponent_3': 6, 'D_layer_units_exponent_4': 5, 'D_layer_units_exponent_5': 5, 'D_layer_units_exponent_6': 8, 'log_learning_rate': -2.4343691603556934, 'log_learning_rate_D': -1.1383598896872353, 'training_batch_size': 6, 'training_p': 2}. Best is trial 36 with value: 0.5074478983879089.
Time for this trial:  17.08391785621643
Memory status after this trial: 
Memory allocated:  110.37353515625
Memory cached:  144.0
--------------------  Trial  72   --------------------
Start timing: 
Parameters: 
{'W_layers': 6, 'W_layer_units_exponent_0': 7, 'W_layer_units_exponent_1': 5, 'W_layer_units_exponent_2': 8, 'W_layer_units_exponent_3': 7, 'W_layer_units_exponent_4': 5, 'W_layer_units_exponent_5': 7, 'D_layers': 4, 'D_layer_units_exponent_0': 5, 'D_layer_units_exponent_1': 10, 'D_layer_units_exponent_2': 10, 'D_layer_units_exponent_3': 7, 'log_learning_rate': -2.651386084586627, 'log_learning_rate_D': -1.3467479413828887, 'training_batch_size': 6, 'training_p': 2}
	 epoch  0 training error:  tensor(0.9836, device='cuda:0', grad_fn=<DivBackward0>)
Memory status after this epoch: 
Memory allocated:  44.09765625
Memory cached:  84.0
	 epoch  10 training error:  tensor(0.7461, device='cuda:0', grad_fn=<DivBackward0>)
Memory status after this epoch: 
Memory allocated:  44.09765625
Memory cached:  84.0
	 epoch  20 training error:  tensor(0.6855, device='cuda:0', grad_fn=<DivBackward0>)
Memory status after this epoch: 
Memory allocated:  44.09765625
Memory cached:  84.0
	 epoch  30 training error:  tensor(0.6323, device='cuda:0', grad_fn=<DivBackward0>)
Memory status after this epoch: 
Memory allocated:  44.09765625
Memory cached:  84.0
	 epoch  40 training error:  tensor(0.5719, device='cuda:0', grad_fn=<DivBackward0>)
Memory status after this epoch: 
Memory allocated:  44.09765625
Memory cached:  84.0
	 epoch  50 training error:  tensor(0.5696, device='cuda:0', grad_fn=<DivBackward0>)
Memory status after this epoch: 
Memory allocated:  44.09765625
Memory cached:  84.0
	 epoch  60 training error:  tensor(0.5686, device='cuda:0', grad_fn=<DivBackward0>)
Memory status after this epoch: 
Memory allocated:  44.09765625
Memory cached:  84.0
	 epoch  70 training error:  tensor(0.5690, device='cuda:0', grad_fn=<DivBackward0>)
Memory status after this epoch: 
Memory allocated:  44.09765625
Memory cached:  84.0
	 epoch  80 training error:  tensor(0.5684, device='cuda:0', grad_fn=<DivBackward0>)
Memory status after this epoch: 
Memory allocated:  44.09765625
Memory cached:  84.0
	 epoch  90 training error:  tensor(0.5697, device='cuda:0', grad_fn=<DivBackward0>)
Memory status after this epoch: 
Memory allocated:  44.09765625
Memory cached:  84.0
[I 2023-12-05 02:26:14,712] Trial 72 finished with value: 0.5107506513595581 and parameters: {'W_layers': 6, 'W_layer_units_exponent_0': 7, 'W_layer_units_exponent_1': 5, 'W_layer_units_exponent_2': 8, 'W_layer_units_exponent_3': 7, 'W_layer_units_exponent_4': 5, 'W_layer_units_exponent_5': 7, 'D_layers': 4, 'D_layer_units_exponent_0': 5, 'D_layer_units_exponent_1': 10, 'D_layer_units_exponent_2': 10, 'D_layer_units_exponent_3': 7, 'log_learning_rate': -2.651386084586627, 'log_learning_rate_D': -1.3467479413828887, 'training_batch_size': 6, 'training_p': 2}. Best is trial 36 with value: 0.5074478983879089.
Time for this trial:  15.403971433639526
Memory status after this trial: 
Memory allocated:  55.19384765625
Memory cached:  84.0
--------------------  Trial  73   --------------------
Start timing: 
Parameters: 
{'W_layers': 7, 'W_layer_units_exponent_0': 4, 'W_layer_units_exponent_1': 6, 'W_layer_units_exponent_2': 7, 'W_layer_units_exponent_3': 6, 'W_layer_units_exponent_4': 8, 'W_layer_units_exponent_5': 8, 'W_layer_units_exponent_6': 9, 'D_layers': 7, 'D_layer_units_exponent_0': 8, 'D_layer_units_exponent_1': 9, 'D_layer_units_exponent_2': 10, 'D_layer_units_exponent_3': 7, 'D_layer_units_exponent_4': 4, 'D_layer_units_exponent_5': 4, 'D_layer_units_exponent_6': 6, 'log_learning_rate': -2.9250354059752954, 'log_learning_rate_D': -1.698501438029396, 'training_batch_size': 7, 'training_p': 2}
	 epoch  0 training error:  tensor(1.0071, device='cuda:0', grad_fn=<DivBackward0>)
Memory status after this epoch: 
Memory allocated:  45.22802734375
Memory cached:  84.0
	 epoch  10 training error:  tensor(0.7415, device='cuda:0', grad_fn=<DivBackward0>)
Memory status after this epoch: 
Memory allocated:  45.22802734375
Memory cached:  84.0
	 epoch  20 training error:  tensor(0.7363, device='cuda:0', grad_fn=<DivBackward0>)
Memory status after this epoch: 
Memory allocated:  45.22802734375
Memory cached:  84.0
	 epoch  30 training error:  tensor(0.7306, device='cuda:0', grad_fn=<DivBackward0>)
Memory status after this epoch: 
Memory allocated:  45.22802734375
Memory cached:  84.0
	 epoch  40 training error:  tensor(0.7281, device='cuda:0', grad_fn=<DivBackward0>)
Memory status after this epoch: 
Memory allocated:  45.22802734375
Memory cached:  84.0
	 epoch  50 training error:  tensor(0.7264, device='cuda:0', grad_fn=<DivBackward0>)
Memory status after this epoch: 
Memory allocated:  45.22802734375
Memory cached:  84.0
	 epoch  60 training error:  tensor(0.7237, device='cuda:0', grad_fn=<DivBackward0>)
Memory status after this epoch: 
Memory allocated:  45.22802734375
Memory cached:  84.0
	 epoch  70 training error:  tensor(0.7198, device='cuda:0', grad_fn=<DivBackward0>)
Memory status after this epoch: 
Memory allocated:  45.22802734375
Memory cached:  84.0
	 epoch  80 training error:  tensor(0.7116, device='cuda:0', grad_fn=<DivBackward0>)
Memory status after this epoch: 
Memory allocated:  45.22802734375
Memory cached:  84.0
	 epoch  90 training error:  tensor(0.7197, device='cuda:0', grad_fn=<DivBackward0>)
Memory status after this epoch: 
Memory allocated:  45.22802734375
Memory cached:  84.0
