[I 2023-12-04 00:13:30,526] Trial 41 finished with value: 0.09674717485904694 and parameters: {'W_layers': 7, 'W_layer_units_exponent_0': 7, 'W_layer_units_exponent_1': 6, 'W_layer_units_exponent_2': 7, 'W_layer_units_exponent_3': 5, 'W_layer_units_exponent_4': 7, 'W_layer_units_exponent_5': 9, 'W_layer_units_exponent_6': 8, 'D_layers': 6, 'D_layer_units_exponent_0': 8, 'D_layer_units_exponent_1': 5, 'D_layer_units_exponent_2': 9, 'D_layer_units_exponent_3': 8, 'D_layer_units_exponent_4': 5, 'D_layer_units_exponent_5': 9, 'log_learning_rate': -2.922562903201256, 'log_learning_rate_D': -2.3495287959037388, 'training_batch_size': 10, 'training_p': 2}. Best is trial 20 with value: 0.09674614667892456.
Time for this trial:  13.697653532028198
Memory status after this trial: 
Memory allocated:  67.51416015625
Memory cached:  104.0
--------------------  Trial  42   --------------------
Start timing: 
Parameters: 
{'W_layers': 7, 'W_layer_units_exponent_0': 7, 'W_layer_units_exponent_1': 6, 'W_layer_units_exponent_2': 6, 'W_layer_units_exponent_3': 5, 'W_layer_units_exponent_4': 7, 'W_layer_units_exponent_5': 9, 'W_layer_units_exponent_6': 8, 'D_layers': 7, 'D_layer_units_exponent_0': 8, 'D_layer_units_exponent_1': 5, 'D_layer_units_exponent_2': 9, 'D_layer_units_exponent_3': 8, 'D_layer_units_exponent_4': 6, 'D_layer_units_exponent_5': 10, 'D_layer_units_exponent_6': 9, 'log_learning_rate': -2.763291348987199, 'log_learning_rate_D': -2.3472378824518754, 'training_batch_size': 10, 'training_p': 2}
	 epoch  0 training error:  tensor(1.0134, device='cuda:0', grad_fn=<DivBackward0>)
Memory status after this epoch: 
Memory allocated:  42.99951171875
Memory cached:  94.0
	 epoch  10 training error:  tensor(0.1805, device='cuda:0', grad_fn=<DivBackward0>)
Memory status after this epoch: 
Memory allocated:  42.99951171875
Memory cached:  94.0
	 epoch  20 training error:  tensor(0.1334, device='cuda:0', grad_fn=<DivBackward0>)
Memory status after this epoch: 
Memory allocated:  42.99951171875
Memory cached:  94.0
	 epoch  30 training error:  tensor(0.0971, device='cuda:0', grad_fn=<DivBackward0>)
Memory status after this epoch: 
Memory allocated:  42.99951171875
Memory cached:  94.0
	 epoch  40 training error:  tensor(0.0956, device='cuda:0', grad_fn=<DivBackward0>)
Memory status after this epoch: 
Memory allocated:  42.99951171875
Memory cached:  94.0
	 epoch  50 training error:  tensor(0.0941, device='cuda:0', grad_fn=<DivBackward0>)
Memory status after this epoch: 
Memory allocated:  42.99951171875
Memory cached:  94.0
	 epoch  60 training error:  tensor(0.0941, device='cuda:0', grad_fn=<DivBackward0>)
Memory status after this epoch: 
Memory allocated:  42.99951171875
Memory cached:  94.0
	 epoch  70 training error:  tensor(0.0940, device='cuda:0', grad_fn=<DivBackward0>)
Memory status after this epoch: 
Memory allocated:  42.99951171875
Memory cached:  94.0
	 epoch  80 training error:  tensor(0.0940, device='cuda:0', grad_fn=<DivBackward0>)
Memory status after this epoch: 
Memory allocated:  42.99951171875
Memory cached:  94.0
	 epoch  90 training error:  tensor(0.0940, device='cuda:0', grad_fn=<DivBackward0>)
Memory status after this epoch: 
Memory allocated:  42.99951171875
Memory cached:  94.0
[I 2023-12-04 00:13:44,604] Trial 42 finished with value: 0.09674957394599915 and parameters: {'W_layers': 7, 'W_layer_units_exponent_0': 7, 'W_layer_units_exponent_1': 6, 'W_layer_units_exponent_2': 6, 'W_layer_units_exponent_3': 5, 'W_layer_units_exponent_4': 7, 'W_layer_units_exponent_5': 9, 'W_layer_units_exponent_6': 8, 'D_layers': 7, 'D_layer_units_exponent_0': 8, 'D_layer_units_exponent_1': 5, 'D_layer_units_exponent_2': 9, 'D_layer_units_exponent_3': 8, 'D_layer_units_exponent_4': 6, 'D_layer_units_exponent_5': 10, 'D_layer_units_exponent_6': 9, 'log_learning_rate': -2.763291348987199, 'log_learning_rate_D': -2.3472378824518754, 'training_batch_size': 10, 'training_p': 2}. Best is trial 20 with value: 0.09674614667892456.
Time for this trial:  13.88584017753601
Memory status after this trial: 
Memory allocated:  65.95556640625
Memory cached:  102.0
--------------------  Trial  43   --------------------
Start timing: 
Parameters: 
{'W_layers': 7, 'W_layer_units_exponent_0': 8, 'W_layer_units_exponent_1': 6, 'W_layer_units_exponent_2': 6, 'W_layer_units_exponent_3': 6, 'W_layer_units_exponent_4': 7, 'W_layer_units_exponent_5': 9, 'W_layer_units_exponent_6': 8, 'D_layers': 6, 'D_layer_units_exponent_0': 9, 'D_layer_units_exponent_1': 4, 'D_layer_units_exponent_2': 10, 'D_layer_units_exponent_3': 8, 'D_layer_units_exponent_4': 6, 'D_layer_units_exponent_5': 9, 'log_learning_rate': -2.765270501325738, 'log_learning_rate_D': -2.1711714183094832, 'training_batch_size': 10, 'training_p': 2}
	 epoch  0 training error:  tensor(0.9835, device='cuda:0', grad_fn=<DivBackward0>)
Memory status after this epoch: 
Memory allocated:  41.60009765625
Memory cached:  92.0
	 epoch  10 training error:  tensor(0.1065, device='cuda:0', grad_fn=<DivBackward0>)
Memory status after this epoch: 
Memory allocated:  41.60009765625
Memory cached:  92.0
	 epoch  20 training error:  tensor(0.0950, device='cuda:0', grad_fn=<DivBackward0>)
Memory status after this epoch: 
Memory allocated:  41.60009765625
Memory cached:  92.0
	 epoch  30 training error:  tensor(0.0980, device='cuda:0', grad_fn=<DivBackward0>)
Memory status after this epoch: 
Memory allocated:  41.60009765625
Memory cached:  92.0
	 epoch  40 training error:  tensor(0.0959, device='cuda:0', grad_fn=<DivBackward0>)
Memory status after this epoch: 
Memory allocated:  41.60009765625
Memory cached:  92.0
	 epoch  50 training error:  tensor(0.0945, device='cuda:0', grad_fn=<DivBackward0>)
Memory status after this epoch: 
Memory allocated:  41.60009765625
Memory cached:  92.0
	 epoch  60 training error:  tensor(0.0941, device='cuda:0', grad_fn=<DivBackward0>)
Memory status after this epoch: 
Memory allocated:  41.60009765625
Memory cached:  92.0
	 epoch  70 training error:  tensor(0.0940, device='cuda:0', grad_fn=<DivBackward0>)
Memory status after this epoch: 
Memory allocated:  41.60009765625
Memory cached:  92.0
	 epoch  80 training error:  tensor(0.0940, device='cuda:0', grad_fn=<DivBackward0>)
Memory status after this epoch: 
Memory allocated:  41.60009765625
Memory cached:  92.0
	 epoch  90 training error:  tensor(0.0940, device='cuda:0', grad_fn=<DivBackward0>)
Memory status after this epoch: 
Memory allocated:  41.60009765625
Memory cached:  92.0
[I 2023-12-04 00:13:58,569] Trial 43 finished with value: 0.09676157683134079 and parameters: {'W_layers': 7, 'W_layer_units_exponent_0': 8, 'W_layer_units_exponent_1': 6, 'W_layer_units_exponent_2': 6, 'W_layer_units_exponent_3': 6, 'W_layer_units_exponent_4': 7, 'W_layer_units_exponent_5': 9, 'W_layer_units_exponent_6': 8, 'D_layers': 6, 'D_layer_units_exponent_0': 9, 'D_layer_units_exponent_1': 4, 'D_layer_units_exponent_2': 10, 'D_layer_units_exponent_3': 8, 'D_layer_units_exponent_4': 6, 'D_layer_units_exponent_5': 9, 'log_learning_rate': -2.765270501325738, 'log_learning_rate_D': -2.1711714183094832, 'training_batch_size': 10, 'training_p': 2}. Best is trial 20 with value: 0.09674614667892456.
Time for this trial:  13.778712272644043
Memory status after this trial: 
Memory allocated:  69.77685546875
Memory cached:  100.0
--------------------  Trial  44   --------------------
Start timing: 
Parameters: 
{'W_layers': 8, 'W_layer_units_exponent_0': 6, 'W_layer_units_exponent_1': 6, 'W_layer_units_exponent_2': 5, 'W_layer_units_exponent_3': 4, 'W_layer_units_exponent_4': 7, 'W_layer_units_exponent_5': 9, 'W_layer_units_exponent_6': 8, 'W_layer_units_exponent_7': 4, 'D_layers': 6, 'D_layer_units_exponent_0': 8, 'D_layer_units_exponent_1': 5, 'D_layer_units_exponent_2': 8, 'D_layer_units_exponent_3': 9, 'D_layer_units_exponent_4': 6, 'D_layer_units_exponent_5': 8, 'log_learning_rate': -2.4958844437630483, 'log_learning_rate_D': -2.3906811665273295, 'training_batch_size': 9, 'training_p': 3}
	 epoch  0 training error:  tensor(0.9027, device='cuda:0', grad_fn=<DivBackward0>)
Memory status after this epoch: 
Memory allocated:  40.75048828125
Memory cached:  94.0
	 epoch  10 training error:  tensor(0.1371, device='cuda:0', grad_fn=<DivBackward0>)
Memory status after this epoch: 
Memory allocated:  40.75048828125
Memory cached:  96.0
	 epoch  20 training error:  tensor(0.1285, device='cuda:0', grad_fn=<DivBackward0>)
Memory status after this epoch: 
Memory allocated:  40.75048828125
Memory cached:  96.0
	 epoch  30 training error:  tensor(0.1216, device='cuda:0', grad_fn=<DivBackward0>)
Memory status after this epoch: 
Memory allocated:  40.75048828125
Memory cached:  96.0
	 epoch  40 training error:  tensor(0.1182, device='cuda:0', grad_fn=<DivBackward0>)
Memory status after this epoch: 
Memory allocated:  40.75048828125
Memory cached:  96.0
	 epoch  50 training error:  tensor(0.1159, device='cuda:0', grad_fn=<DivBackward0>)
Memory status after this epoch: 
Memory allocated:  40.75048828125
Memory cached:  96.0
	 epoch  60 training error:  tensor(0.1156, device='cuda:0', grad_fn=<DivBackward0>)
Memory status after this epoch: 
Memory allocated:  40.75048828125
Memory cached:  96.0
	 epoch  70 training error:  tensor(0.1155, device='cuda:0', grad_fn=<DivBackward0>)
Memory status after this epoch: 
Memory allocated:  40.75048828125
Memory cached:  96.0
	 epoch  80 training error:  tensor(0.1155, device='cuda:0', grad_fn=<DivBackward0>)
Memory status after this epoch: 
Memory allocated:  40.75048828125
Memory cached:  96.0
	 epoch  90 training error:  tensor(0.1154, device='cuda:0', grad_fn=<DivBackward0>)
Memory status after this epoch: 
Memory allocated:  40.75048828125
Memory cached:  96.0
[I 2023-12-04 00:14:12,593] Trial 44 finished with value: 0.09985039383172989 and parameters: {'W_layers': 8, 'W_layer_units_exponent_0': 6, 'W_layer_units_exponent_1': 6, 'W_layer_units_exponent_2': 5, 'W_layer_units_exponent_3': 4, 'W_layer_units_exponent_4': 7, 'W_layer_units_exponent_5': 9, 'W_layer_units_exponent_6': 8, 'W_layer_units_exponent_7': 4, 'D_layers': 6, 'D_layer_units_exponent_0': 8, 'D_layer_units_exponent_1': 5, 'D_layer_units_exponent_2': 8, 'D_layer_units_exponent_3': 9, 'D_layer_units_exponent_4': 6, 'D_layer_units_exponent_5': 8, 'log_learning_rate': -2.4958844437630483, 'log_learning_rate_D': -2.3906811665273295, 'training_batch_size': 9, 'training_p': 3}. Best is trial 20 with value: 0.09674614667892456.
Time for this trial:  13.832789182662964
Memory status after this trial: 
Memory allocated:  63.76123046875
Memory cached:  100.0
--------------------  Trial  45   --------------------
Start timing: 
Parameters: 
{'W_layers': 7, 'W_layer_units_exponent_0': 7, 'W_layer_units_exponent_1': 6, 'W_layer_units_exponent_2': 6, 'W_layer_units_exponent_3': 8, 'W_layer_units_exponent_4': 6, 'W_layer_units_exponent_5': 10, 'W_layer_units_exponent_6': 9, 'D_layers': 6, 'D_layer_units_exponent_0': 9, 'D_layer_units_exponent_1': 4, 'D_layer_units_exponent_2': 9, 'D_layer_units_exponent_3': 9, 'D_layer_units_exponent_4': 6, 'D_layer_units_exponent_5': 10, 'log_learning_rate': -3.12972413269145, 'log_learning_rate_D': -2.7043526896434384, 'training_batch_size': 11, 'training_p': 2}
	 epoch  0 training error:  tensor(1.0221, device='cuda:0', grad_fn=<DivBackward0>)
Memory status after this epoch: 
Memory allocated:  47.95654296875
Memory cached:  112.0
	 epoch  10 training error:  tensor(0.1224, device='cuda:0', grad_fn=<DivBackward0>)
Memory status after this epoch: 
Memory allocated:  47.95654296875
Memory cached:  112.0
	 epoch  20 training error:  tensor(0.0947, device='cuda:0', grad_fn=<DivBackward0>)
Memory status after this epoch: 
Memory allocated:  47.95654296875
Memory cached:  112.0
	 epoch  30 training error:  tensor(0.1054, device='cuda:0', grad_fn=<DivBackward0>)
Memory status after this epoch: 
Memory allocated:  47.95654296875
Memory cached:  112.0
	 epoch  40 training error:  tensor(0.0944, device='cuda:0', grad_fn=<DivBackward0>)
Memory status after this epoch: 
Memory allocated:  47.95654296875
Memory cached:  112.0
	 epoch  50 training error:  tensor(0.0945, device='cuda:0', grad_fn=<DivBackward0>)
Memory status after this epoch: 
Memory allocated:  47.95654296875
Memory cached:  112.0
	 epoch  60 training error:  tensor(0.0944, device='cuda:0', grad_fn=<DivBackward0>)
Memory status after this epoch: 
Memory allocated:  47.95654296875
Memory cached:  112.0
	 epoch  70 training error:  tensor(0.0940, device='cuda:0', grad_fn=<DivBackward0>)
Memory status after this epoch: 
Memory allocated:  47.95654296875
Memory cached:  112.0
	 epoch  80 training error:  tensor(0.0940, device='cuda:0', grad_fn=<DivBackward0>)
Memory status after this epoch: 
Memory allocated:  47.95654296875
Memory cached:  112.0
	 epoch  90 training error:  tensor(0.0940, device='cuda:0', grad_fn=<DivBackward0>)
Memory status after this epoch: 
Memory allocated:  47.95654296875
Memory cached:  112.0
[I 2023-12-04 00:14:26,969] Trial 45 finished with value: 0.09675966948270798 and parameters: {'W_layers': 7, 'W_layer_units_exponent_0': 7, 'W_layer_units_exponent_1': 6, 'W_layer_units_exponent_2': 6, 'W_layer_units_exponent_3': 8, 'W_layer_units_exponent_4': 6, 'W_layer_units_exponent_5': 10, 'W_layer_units_exponent_6': 9, 'D_layers': 6, 'D_layer_units_exponent_0': 9, 'D_layer_units_exponent_1': 4, 'D_layer_units_exponent_2': 9, 'D_layer_units_exponent_3': 9, 'D_layer_units_exponent_4': 6, 'D_layer_units_exponent_5': 10, 'log_learning_rate': -3.12972413269145, 'log_learning_rate_D': -2.7043526896434384, 'training_batch_size': 11, 'training_p': 2}. Best is trial 20 with value: 0.09674614667892456.
Time for this trial:  14.186423301696777
Memory status after this trial: 
Memory allocated:  90.40771484375
Memory cached:  118.0
--------------------  Trial  46   --------------------
Start timing: 
Parameters: 
{'W_layers': 8, 'W_layer_units_exponent_0': 8, 'W_layer_units_exponent_1': 7, 'W_layer_units_exponent_2': 9, 'W_layer_units_exponent_3': 5, 'W_layer_units_exponent_4': 8, 'W_layer_units_exponent_5': 8, 'W_layer_units_exponent_6': 7, 'W_layer_units_exponent_7': 10, 'D_layers': 5, 'D_layer_units_exponent_0': 8, 'D_layer_units_exponent_1': 4, 'D_layer_units_exponent_2': 10, 'D_layer_units_exponent_3': 10, 'D_layer_units_exponent_4': 7, 'log_learning_rate': -2.106673573827224, 'log_learning_rate_D': -2.2947959174385435, 'training_batch_size': 10, 'training_p': 3}
	 epoch  0 training error:  tensor(0.9903, device='cuda:0', grad_fn=<DivBackward0>)
Memory status after this epoch: 
Memory allocated:  46.79931640625
Memory cached:  94.0
	 epoch  10 training error:  tensor(1.0384, device='cuda:0', grad_fn=<DivBackward0>)
Memory status after this epoch: 
Memory allocated:  46.79931640625
Memory cached:  96.0
	 epoch  20 training error:  tensor(0.3054, device='cuda:0', grad_fn=<DivBackward0>)
Memory status after this epoch: 
Memory allocated:  46.79931640625
Memory cached:  96.0
	 epoch  30 training error:  tensor(0.6992, device='cuda:0', grad_fn=<DivBackward0>)
Memory status after this epoch: 
Memory allocated:  46.79931640625
Memory cached:  96.0
	 epoch  40 training error:  tensor(0.2903, device='cuda:0', grad_fn=<DivBackward0>)
Memory status after this epoch: 
Memory allocated:  46.79931640625
Memory cached:  96.0
	 epoch  50 training error:  tensor(0.1513, device='cuda:0', grad_fn=<DivBackward0>)
Memory status after this epoch: 
Memory allocated:  46.79931640625
Memory cached:  96.0
	 epoch  60 training error:  tensor(0.1487, device='cuda:0', grad_fn=<DivBackward0>)
Memory status after this epoch: 
Memory allocated:  46.79931640625
Memory cached:  96.0
	 epoch  70 training error:  tensor(0.1247, device='cuda:0', grad_fn=<DivBackward0>)
Memory status after this epoch: 
Memory allocated:  46.79931640625
Memory cached:  96.0
	 epoch  80 training error:  tensor(0.2182, device='cuda:0', grad_fn=<DivBackward0>)
Memory status after this epoch: 
Memory allocated:  46.79931640625
Memory cached:  96.0
	 epoch  90 training error:  tensor(0.1408, device='cuda:0', grad_fn=<DivBackward0>)
Memory status after this epoch: 
Memory allocated:  46.79931640625
Memory cached:  96.0
[I 2023-12-04 00:14:41,851] Trial 46 finished with value: 0.12269244343042374 and parameters: {'W_layers': 8, 'W_layer_units_exponent_0': 8, 'W_layer_units_exponent_1': 7, 'W_layer_units_exponent_2': 9, 'W_layer_units_exponent_3': 5, 'W_layer_units_exponent_4': 8, 'W_layer_units_exponent_5': 8, 'W_layer_units_exponent_6': 7, 'W_layer_units_exponent_7': 10, 'D_layers': 5, 'D_layer_units_exponent_0': 8, 'D_layer_units_exponent_1': 4, 'D_layer_units_exponent_2': 10, 'D_layer_units_exponent_3': 10, 'D_layer_units_exponent_4': 7, 'log_learning_rate': -2.106673573827224, 'log_learning_rate_D': -2.2947959174385435, 'training_batch_size': 10, 'training_p': 3}. Best is trial 20 with value: 0.09674614667892456.
Time for this trial:  14.69414234161377
Memory status after this trial: 
Memory allocated:  99.66845703125
Memory cached:  120.0
--------------------  Trial  47   --------------------
Start timing: 
Parameters: 
{'W_layers': 7, 'W_layer_units_exponent_0': 7, 'W_layer_units_exponent_1': 8, 'W_layer_units_exponent_2': 8, 'W_layer_units_exponent_3': 6, 'W_layer_units_exponent_4': 7, 'W_layer_units_exponent_5': 9, 'W_layer_units_exponent_6': 9, 'D_layers': 7, 'D_layer_units_exponent_0': 9, 'D_layer_units_exponent_1': 6, 'D_layer_units_exponent_2': 8, 'D_layer_units_exponent_3': 8, 'D_layer_units_exponent_4': 4, 'D_layer_units_exponent_5': 9, 'D_layer_units_exponent_6': 9, 'log_learning_rate': -2.718095247029378, 'log_learning_rate_D': -1.4810743998592917, 'training_batch_size': 7, 'training_p': 5}
	 epoch  0 training error:  tensor(1.0042, device='cuda:0', grad_fn=<DivBackward0>)
Memory status after this epoch: 
Memory allocated:  45.18310546875
Memory cached:  96.0
	 epoch  10 training error:  tensor(0.1567, device='cuda:0', grad_fn=<DivBackward0>)
Memory status after this epoch: 
Memory allocated:  45.18310546875
Memory cached:  96.0
	 epoch  20 training error:  tensor(0.1646, device='cuda:0', grad_fn=<DivBackward0>)
Memory status after this epoch: 
Memory allocated:  45.18310546875
Memory cached:  96.0
	 epoch  30 training error:  tensor(0.1445, device='cuda:0', grad_fn=<DivBackward0>)
Memory status after this epoch: 
Memory allocated:  45.18310546875
Memory cached:  96.0
	 epoch  40 training error:  tensor(0.1388, device='cuda:0', grad_fn=<DivBackward0>)
Memory status after this epoch: 
Memory allocated:  45.18310546875
Memory cached:  96.0
	 epoch  50 training error:  tensor(0.1393, device='cuda:0', grad_fn=<DivBackward0>)
Memory status after this epoch: 
Memory allocated:  45.18310546875
Memory cached:  96.0
	 epoch  60 training error:  tensor(0.1389, device='cuda:0', grad_fn=<DivBackward0>)
Memory status after this epoch: 
Memory allocated:  45.18310546875
Memory cached:  96.0
	 epoch  70 training error:  tensor(0.1387, device='cuda:0', grad_fn=<DivBackward0>)
Memory status after this epoch: 
Memory allocated:  45.18310546875
Memory cached:  96.0
	 epoch  80 training error:  tensor(0.1386, device='cuda:0', grad_fn=<DivBackward0>)
Memory status after this epoch: 
Memory allocated:  45.18310546875
Memory cached:  96.0
	 epoch  90 training error:  tensor(0.1386, device='cuda:0', grad_fn=<DivBackward0>)
Memory status after this epoch: 
Memory allocated:  45.18310546875
Memory cached:  96.0
