[I 2023-12-04 00:27:39,813] Trial 19 finished with value: 0.09271369874477386 and parameters: {'W_layers': 3, 'W_layer_units_exponent_0': 7, 'W_layer_units_exponent_1': 5, 'W_layer_units_exponent_2': 8, 'D_layers': 4, 'D_layer_units_exponent_0': 8, 'D_layer_units_exponent_1': 8, 'D_layer_units_exponent_2': 4, 'D_layer_units_exponent_3': 7, 'log_learning_rate': -3.0475067398038775, 'log_learning_rate_D': -3.1728033110228298, 'training_batch_size': 8, 'training_p': 6}. Best is trial 15 with value: 0.017919111996889114.
Time for this trial:  37.577056884765625
Memory status after this trial: 
Memory allocated:  112.3759765625
Memory cached:  146.0
--------------------  Trial  20   --------------------
Start timing: 
Parameters: 
{'W_layers': 4, 'W_layer_units_exponent_0': 6, 'W_layer_units_exponent_1': 8, 'W_layer_units_exponent_2': 6, 'W_layer_units_exponent_3': 4, 'D_layers': 4, 'D_layer_units_exponent_0': 6, 'D_layer_units_exponent_1': 7, 'D_layer_units_exponent_2': 8, 'D_layer_units_exponent_3': 10, 'log_learning_rate': -3.495424919224134, 'log_learning_rate_D': -3.943504674219182, 'training_batch_size': 7, 'training_p': 6}
	 epoch  0 training error:  tensor(0.9257, device='cuda:0', grad_fn=<DivBackward0>)
Memory status after this epoch: 
Memory allocated:  92.365234375
Memory cached:  146.0
	 epoch  10 training error:  tensor(0.7507, device='cuda:0', grad_fn=<DivBackward0>)
Memory status after this epoch: 
Memory allocated:  92.365234375
Memory cached:  148.0
	 epoch  20 training error:  tensor(0.5091, device='cuda:0', grad_fn=<DivBackward0>)
Memory status after this epoch: 
Memory allocated:  92.365234375
Memory cached:  148.0
	 epoch  30 training error:  tensor(0.2372, device='cuda:0', grad_fn=<DivBackward0>)
Memory status after this epoch: 
Memory allocated:  92.365234375
Memory cached:  148.0
	 epoch  40 training error:  tensor(0.2144, device='cuda:0', grad_fn=<DivBackward0>)
Memory status after this epoch: 
Memory allocated:  92.365234375
Memory cached:  148.0
	 epoch  50 training error:  tensor(0.2101, device='cuda:0', grad_fn=<DivBackward0>)
Memory status after this epoch: 
Memory allocated:  92.365234375
Memory cached:  148.0
	 epoch  60 training error:  tensor(0.2011, device='cuda:0', grad_fn=<DivBackward0>)
Memory status after this epoch: 
Memory allocated:  92.365234375
Memory cached:  148.0
	 epoch  70 training error:  tensor(0.1921, device='cuda:0', grad_fn=<DivBackward0>)
Memory status after this epoch: 
Memory allocated:  92.365234375
Memory cached:  148.0
	 epoch  80 training error:  tensor(0.1834, device='cuda:0', grad_fn=<DivBackward0>)
Memory status after this epoch: 
Memory allocated:  92.365234375
Memory cached:  148.0
	 epoch  90 training error:  tensor(0.1746, device='cuda:0', grad_fn=<DivBackward0>)
Memory status after this epoch: 
Memory allocated:  92.365234375
Memory cached:  148.0
[I 2023-12-04 00:28:20,672] Trial 20 finished with value: 0.1058756485581398 and parameters: {'W_layers': 4, 'W_layer_units_exponent_0': 6, 'W_layer_units_exponent_1': 8, 'W_layer_units_exponent_2': 6, 'W_layer_units_exponent_3': 4, 'D_layers': 4, 'D_layer_units_exponent_0': 6, 'D_layer_units_exponent_1': 7, 'D_layer_units_exponent_2': 8, 'D_layer_units_exponent_3': 10, 'log_learning_rate': -3.495424919224134, 'log_learning_rate_D': -3.943504674219182, 'training_batch_size': 7, 'training_p': 6}. Best is trial 15 with value: 0.017919111996889114.
Time for this trial:  40.69349408149719
Memory status after this trial: 
Memory allocated:  132.43798828125
Memory cached:  152.0
--------------------  Trial  21   --------------------
Start timing: 
Parameters: 
{'W_layers': 3, 'W_layer_units_exponent_0': 5, 'W_layer_units_exponent_1': 9, 'W_layer_units_exponent_2': 9, 'D_layers': 2, 'D_layer_units_exponent_0': 9, 'D_layer_units_exponent_1': 10, 'log_learning_rate': -4.1360195985009875, 'log_learning_rate_D': -2.740025097474872, 'training_batch_size': 10, 'training_p': 8}
	 epoch  0 training error:  tensor(1.0197, device='cuda:0', grad_fn=<DivBackward0>)
Memory status after this epoch: 
Memory allocated:  99.505859375
Memory cached:  146.0
	 epoch  10 training error:  tensor(0.6047, device='cuda:0', grad_fn=<DivBackward0>)
Memory status after this epoch: 
Memory allocated:  99.505859375
Memory cached:  146.0
	 epoch  20 training error:  tensor(0.4049, device='cuda:0', grad_fn=<DivBackward0>)
Memory status after this epoch: 
Memory allocated:  99.505859375
Memory cached:  146.0
	 epoch  30 training error:  tensor(0.2937, device='cuda:0', grad_fn=<DivBackward0>)
Memory status after this epoch: 
Memory allocated:  99.505859375
Memory cached:  146.0
	 epoch  40 training error:  tensor(0.2443, device='cuda:0', grad_fn=<DivBackward0>)
Memory status after this epoch: 
Memory allocated:  99.505859375
Memory cached:  146.0
	 epoch  50 training error:  tensor(0.2332, device='cuda:0', grad_fn=<DivBackward0>)
Memory status after this epoch: 
Memory allocated:  99.505859375
Memory cached:  146.0
	 epoch  60 training error:  tensor(0.2177, device='cuda:0', grad_fn=<DivBackward0>)
Memory status after this epoch: 
Memory allocated:  99.505859375
Memory cached:  146.0
	 epoch  70 training error:  tensor(0.1980, device='cuda:0', grad_fn=<DivBackward0>)
Memory status after this epoch: 
Memory allocated:  99.505859375
Memory cached:  146.0
	 epoch  80 training error:  tensor(0.1780, device='cuda:0', grad_fn=<DivBackward0>)
Memory status after this epoch: 
Memory allocated:  99.505859375
Memory cached:  146.0
	 epoch  90 training error:  tensor(0.1562, device='cuda:0', grad_fn=<DivBackward0>)
Memory status after this epoch: 
Memory allocated:  99.505859375
Memory cached:  146.0
[I 2023-12-04 00:28:57,448] Trial 21 finished with value: 0.1210174486041069 and parameters: {'W_layers': 3, 'W_layer_units_exponent_0': 5, 'W_layer_units_exponent_1': 9, 'W_layer_units_exponent_2': 9, 'D_layers': 2, 'D_layer_units_exponent_0': 9, 'D_layer_units_exponent_1': 10, 'log_learning_rate': -4.1360195985009875, 'log_learning_rate_D': -2.740025097474872, 'training_batch_size': 10, 'training_p': 8}. Best is trial 15 with value: 0.017919111996889114.
Time for this trial:  36.62549185752869
Memory status after this trial: 
Memory allocated:  152.39990234375
Memory cached:  168.0
--------------------  Trial  22   --------------------
Start timing: 
Parameters: 
{'W_layers': 5, 'W_layer_units_exponent_0': 8, 'W_layer_units_exponent_1': 6, 'W_layer_units_exponent_2': 6, 'W_layer_units_exponent_3': 8, 'W_layer_units_exponent_4': 8, 'D_layers': 3, 'D_layer_units_exponent_0': 6, 'D_layer_units_exponent_1': 9, 'D_layer_units_exponent_2': 9, 'log_learning_rate': -2.909464906030265, 'log_learning_rate_D': -3.5734720238583315, 'training_batch_size': 6, 'training_p': 7}
	 epoch  0 training error:  tensor(0.9574, device='cuda:0', grad_fn=<DivBackward0>)
Memory status after this epoch: 
Memory allocated:  93.2646484375
Memory cached:  146.0
	 epoch  10 training error:  tensor(0.1765, device='cuda:0', grad_fn=<DivBackward0>)
Memory status after this epoch: 
Memory allocated:  93.2646484375
Memory cached:  146.0
	 epoch  20 training error:  tensor(0.1132, device='cuda:0', grad_fn=<DivBackward0>)
Memory status after this epoch: 
Memory allocated:  93.2646484375
Memory cached:  146.0
	 epoch  30 training error:  tensor(0.0559, device='cuda:0', grad_fn=<DivBackward0>)
Memory status after this epoch: 
Memory allocated:  93.2646484375
Memory cached:  146.0
	 epoch  40 training error:  tensor(0.0568, device='cuda:0', grad_fn=<DivBackward0>)
Memory status after this epoch: 
Memory allocated:  93.2646484375
Memory cached:  146.0
	 epoch  50 training error:  tensor(0.0323, device='cuda:0', grad_fn=<DivBackward0>)
Memory status after this epoch: 
Memory allocated:  93.2646484375
Memory cached:  146.0
	 epoch  60 training error:  tensor(0.0379, device='cuda:0', grad_fn=<DivBackward0>)
Memory status after this epoch: 
Memory allocated:  93.2646484375
Memory cached:  146.0
	 epoch  70 training error:  tensor(0.0289, device='cuda:0', grad_fn=<DivBackward0>)
Memory status after this epoch: 
Memory allocated:  93.2646484375
Memory cached:  146.0
	 epoch  80 training error:  tensor(0.0591, device='cuda:0', grad_fn=<DivBackward0>)
Memory status after this epoch: 
Memory allocated:  93.2646484375
Memory cached:  146.0
	 epoch  90 training error:  tensor(0.0271, device='cuda:0', grad_fn=<DivBackward0>)
Memory status after this epoch: 
Memory allocated:  93.2646484375
Memory cached:  146.0
[I 2023-12-04 00:30:01,820] Trial 22 finished with value: 0.025635382160544395 and parameters: {'W_layers': 5, 'W_layer_units_exponent_0': 8, 'W_layer_units_exponent_1': 6, 'W_layer_units_exponent_2': 6, 'W_layer_units_exponent_3': 8, 'W_layer_units_exponent_4': 8, 'D_layers': 3, 'D_layer_units_exponent_0': 6, 'D_layer_units_exponent_1': 9, 'D_layer_units_exponent_2': 9, 'log_learning_rate': -2.909464906030265, 'log_learning_rate_D': -3.5734720238583315, 'training_batch_size': 6, 'training_p': 7}. Best is trial 15 with value: 0.017919111996889114.
Time for this trial:  64.17791628837585
Memory status after this trial: 
Memory allocated:  135.47802734375
Memory cached:  156.0
--------------------  Trial  23   --------------------
Start timing: 
Parameters: 
{'W_layers': 5, 'W_layer_units_exponent_0': 9, 'W_layer_units_exponent_1': 5, 'W_layer_units_exponent_2': 8, 'W_layer_units_exponent_3': 8, 'W_layer_units_exponent_4': 8, 'D_layers': 3, 'D_layer_units_exponent_0': 9, 'D_layer_units_exponent_1': 9, 'D_layer_units_exponent_2': 9, 'log_learning_rate': -2.7927131329098707, 'log_learning_rate_D': -3.6716461862044167, 'training_batch_size': 6, 'training_p': 6}
	 epoch  0 training error:  tensor(0.9361, device='cuda:0', grad_fn=<DivBackward0>)
Memory status after this epoch: 
Memory allocated:  97.6201171875
Memory cached:  150.0
	 epoch  10 training error:  tensor(0.1680, device='cuda:0', grad_fn=<DivBackward0>)
Memory status after this epoch: 
Memory allocated:  97.6201171875
Memory cached:  150.0
	 epoch  20 training error:  tensor(0.1015, device='cuda:0', grad_fn=<DivBackward0>)
Memory status after this epoch: 
Memory allocated:  97.6201171875
Memory cached:  150.0
	 epoch  30 training error:  tensor(0.0461, device='cuda:0', grad_fn=<DivBackward0>)
Memory status after this epoch: 
Memory allocated:  97.6201171875
Memory cached:  150.0
	 epoch  40 training error:  tensor(0.0448, device='cuda:0', grad_fn=<DivBackward0>)
Memory status after this epoch: 
Memory allocated:  97.6201171875
Memory cached:  150.0
	 epoch  50 training error:  tensor(0.0537, device='cuda:0', grad_fn=<DivBackward0>)
Memory status after this epoch: 
Memory allocated:  97.6201171875
Memory cached:  150.0
	 epoch  60 training error:  tensor(0.0407, device='cuda:0', grad_fn=<DivBackward0>)
Memory status after this epoch: 
Memory allocated:  97.6201171875
Memory cached:  150.0
	 epoch  70 training error:  tensor(0.0370, device='cuda:0', grad_fn=<DivBackward0>)
Memory status after this epoch: 
Memory allocated:  97.6201171875
Memory cached:  150.0
	 epoch  80 training error:  tensor(0.0458, device='cuda:0', grad_fn=<DivBackward0>)
Memory status after this epoch: 
Memory allocated:  97.6201171875
Memory cached:  150.0
	 epoch  90 training error:  tensor(0.0423, device='cuda:0', grad_fn=<DivBackward0>)
Memory status after this epoch: 
Memory allocated:  97.6201171875
Memory cached:  150.0
[I 2023-12-04 00:31:07,811] Trial 23 finished with value: 0.07266470044851303 and parameters: {'W_layers': 5, 'W_layer_units_exponent_0': 9, 'W_layer_units_exponent_1': 5, 'W_layer_units_exponent_2': 8, 'W_layer_units_exponent_3': 8, 'W_layer_units_exponent_4': 8, 'D_layers': 3, 'D_layer_units_exponent_0': 9, 'D_layer_units_exponent_1': 9, 'D_layer_units_exponent_2': 9, 'log_learning_rate': -2.7927131329098707, 'log_learning_rate_D': -3.6716461862044167, 'training_batch_size': 6, 'training_p': 6}. Best is trial 15 with value: 0.017919111996889114.
Time for this trial:  65.82522225379944
Memory status after this trial: 
Memory allocated:  157.32861328125
Memory cached:  178.0
--------------------  Trial  24   --------------------
Start timing: 
Parameters: 
{'W_layers': 7, 'W_layer_units_exponent_0': 8, 'W_layer_units_exponent_1': 6, 'W_layer_units_exponent_2': 6, 'W_layer_units_exponent_3': 7, 'W_layer_units_exponent_4': 7, 'W_layer_units_exponent_5': 4, 'W_layer_units_exponent_6': 10, 'D_layers': 5, 'D_layer_units_exponent_0': 7, 'D_layer_units_exponent_1': 6, 'D_layer_units_exponent_2': 9, 'D_layer_units_exponent_3': 6, 'D_layer_units_exponent_4': 10, 'log_learning_rate': -2.5803814007250794, 'log_learning_rate_D': -4.275122066073298, 'training_batch_size': 6, 'training_p': 7}
	 epoch  0 training error:  tensor(1.0252, device='cuda:0', grad_fn=<DivBackward0>)
Memory status after this epoch: 
Memory allocated:  90.3427734375
Memory cached:  146.0
	 epoch  10 training error:  tensor(0.1995, device='cuda:0', grad_fn=<DivBackward0>)
Memory status after this epoch: 
Memory allocated:  90.3427734375
Memory cached:  146.0
	 epoch  20 training error:  tensor(0.1660, device='cuda:0', grad_fn=<DivBackward0>)
Memory status after this epoch: 
Memory allocated:  90.3427734375
Memory cached:  146.0
	 epoch  30 training error:  tensor(0.1422, device='cuda:0', grad_fn=<DivBackward0>)
Memory status after this epoch: 
Memory allocated:  90.3427734375
Memory cached:  146.0
	 epoch  40 training error:  tensor(0.1263, device='cuda:0', grad_fn=<DivBackward0>)
Memory status after this epoch: 
Memory allocated:  90.3427734375
Memory cached:  146.0
	 epoch  50 training error:  tensor(0.1152, device='cuda:0', grad_fn=<DivBackward0>)
Memory status after this epoch: 
Memory allocated:  90.3427734375
Memory cached:  146.0
	 epoch  60 training error:  tensor(0.1179, device='cuda:0', grad_fn=<DivBackward0>)
Memory status after this epoch: 
Memory allocated:  90.3427734375
Memory cached:  146.0
	 epoch  70 training error:  tensor(0.1094, device='cuda:0', grad_fn=<DivBackward0>)
Memory status after this epoch: 
Memory allocated:  90.3427734375
Memory cached:  146.0
	 epoch  80 training error:  tensor(0.1088, device='cuda:0', grad_fn=<DivBackward0>)
Memory status after this epoch: 
Memory allocated:  90.3427734375
Memory cached:  146.0
	 epoch  90 training error:  tensor(0.1109, device='cuda:0', grad_fn=<DivBackward0>)
Memory status after this epoch: 
Memory allocated:  90.3427734375
Memory cached:  146.0
[I 2023-12-04 00:32:28,803] Trial 24 finished with value: 0.07807036489248276 and parameters: {'W_layers': 7, 'W_layer_units_exponent_0': 8, 'W_layer_units_exponent_1': 6, 'W_layer_units_exponent_2': 6, 'W_layer_units_exponent_3': 7, 'W_layer_units_exponent_4': 7, 'W_layer_units_exponent_5': 4, 'W_layer_units_exponent_6': 10, 'D_layers': 5, 'D_layer_units_exponent_0': 7, 'D_layer_units_exponent_1': 6, 'D_layer_units_exponent_2': 9, 'D_layer_units_exponent_3': 6, 'D_layer_units_exponent_4': 10, 'log_learning_rate': -2.5803814007250794, 'log_learning_rate_D': -4.275122066073298, 'training_batch_size': 6, 'training_p': 7}. Best is trial 15 with value: 0.017919111996889114.
Time for this trial:  80.794358253479
Memory status after this trial: 
Memory allocated:  167.98681640625
Memory cached:  186.0
--------------------  Trial  25   --------------------
Start timing: 
Parameters: 
{'W_layers': 4, 'W_layer_units_exponent_0': 10, 'W_layer_units_exponent_1': 7, 'W_layer_units_exponent_2': 5, 'W_layer_units_exponent_3': 8, 'D_layers': 2, 'D_layer_units_exponent_0': 6, 'D_layer_units_exponent_1': 10, 'log_learning_rate': -3.2777916774313347, 'log_learning_rate_D': -3.404038538366709, 'training_batch_size': 8, 'training_p': 8}
	 epoch  0 training error:  tensor(0.9615, device='cuda:0', grad_fn=<DivBackward0>)
Memory status after this epoch: 
Memory allocated:  90.46484375
Memory cached:  146.0
	 epoch  10 training error:  tensor(0.3342, device='cuda:0', grad_fn=<DivBackward0>)
Memory status after this epoch: 
Memory allocated:  90.46484375
Memory cached:  146.0
	 epoch  20 training error:  tensor(0.1722, device='cuda:0', grad_fn=<DivBackward0>)
Memory status after this epoch: 
Memory allocated:  90.46484375
Memory cached:  146.0
	 epoch  30 training error:  tensor(0.1582, device='cuda:0', grad_fn=<DivBackward0>)
Memory status after this epoch: 
Memory allocated:  90.46484375
Memory cached:  146.0
	 epoch  40 training error:  tensor(0.1551, device='cuda:0', grad_fn=<DivBackward0>)
Memory status after this epoch: 
Memory allocated:  90.46484375
Memory cached:  146.0
	 epoch  50 training error:  tensor(0.1546, device='cuda:0', grad_fn=<DivBackward0>)
Memory status after this epoch: 
Memory allocated:  90.46484375
Memory cached:  146.0
	 epoch  60 training error:  tensor(0.1492, device='cuda:0', grad_fn=<DivBackward0>)
Memory status after this epoch: 
Memory allocated:  90.46484375
Memory cached:  146.0
	 epoch  70 training error:  tensor(0.1204, device='cuda:0', grad_fn=<DivBackward0>)
Memory status after this epoch: 
Memory allocated:  90.46484375
Memory cached:  146.0
	 epoch  80 training error:  tensor(0.0741, device='cuda:0', grad_fn=<DivBackward0>)
Memory status after this epoch: 
Memory allocated:  90.46484375
Memory cached:  146.0
	 epoch  90 training error:  tensor(0.0370, device='cuda:0', grad_fn=<DivBackward0>)
Memory status after this epoch: 
Memory allocated:  90.46484375
Memory cached:  146.0
[I 2023-12-04 00:33:06,408] Trial 25 finished with value: 0.022832900285720825 and parameters: {'W_layers': 4, 'W_layer_units_exponent_0': 10, 'W_layer_units_exponent_1': 7, 'W_layer_units_exponent_2': 5, 'W_layer_units_exponent_3': 8, 'D_layers': 2, 'D_layer_units_exponent_0': 6, 'D_layer_units_exponent_1': 10, 'log_learning_rate': -3.2777916774313347, 'log_learning_rate_D': -3.404038538366709, 'training_batch_size': 8, 'training_p': 8}. Best is trial 15 with value: 0.017919111996889114.
Time for this trial:  37.43906331062317
Memory status after this trial: 
Memory allocated:  146.51708984375
Memory cached:  166.0
--------------------  Trial  26   --------------------
Start timing: 
Parameters: 
{'W_layers': 4, 'W_layer_units_exponent_0': 10, 'W_layer_units_exponent_1': 6, 'W_layer_units_exponent_2': 6, 'W_layer_units_exponent_3': 8, 'D_layers': 3, 'D_layer_units_exponent_0': 5, 'D_layer_units_exponent_1': 9, 'D_layer_units_exponent_2': 8, 'log_learning_rate': -3.1905519813042416, 'log_learning_rate_D': -3.8028635384270335, 'training_batch_size': 8, 'training_p': 7}
	 epoch  0 training error:  tensor(0.9838, device='cuda:0', grad_fn=<DivBackward0>)
Memory status after this epoch: 
Memory allocated:  90.822265625
Memory cached:  146.0
	 epoch  10 training error:  tensor(0.3522, device='cuda:0', grad_fn=<DivBackward0>)
Memory status after this epoch: 
Memory allocated:  90.822265625
Memory cached:  146.0
	 epoch  20 training error:  tensor(0.1727, device='cuda:0', grad_fn=<DivBackward0>)
Memory status after this epoch: 
Memory allocated:  90.822265625
Memory cached:  146.0
	 epoch  30 training error:  tensor(0.1534, device='cuda:0', grad_fn=<DivBackward0>)
Memory status after this epoch: 
Memory allocated:  90.822265625
Memory cached:  146.0
	 epoch  40 training error:  tensor(0.1523, device='cuda:0', grad_fn=<DivBackward0>)
Memory status after this epoch: 
Memory allocated:  90.822265625
Memory cached:  146.0
	 epoch  50 training error:  tensor(0.1434, device='cuda:0', grad_fn=<DivBackward0>)
Memory status after this epoch: 
Memory allocated:  90.822265625
Memory cached:  146.0
	 epoch  60 training error:  tensor(0.1180, device='cuda:0', grad_fn=<DivBackward0>)
Memory status after this epoch: 
Memory allocated:  90.822265625
Memory cached:  146.0
	 epoch  70 training error:  tensor(0.0951, device='cuda:0', grad_fn=<DivBackward0>)
Memory status after this epoch: 
Memory allocated:  90.822265625
Memory cached:  146.0
	 epoch  80 training error:  tensor(0.0653, device='cuda:0', grad_fn=<DivBackward0>)
Memory status after this epoch: 
Memory allocated:  90.822265625
Memory cached:  146.0
	 epoch  90 training error:  tensor(0.0401, device='cuda:0', grad_fn=<DivBackward0>)
Memory status after this epoch: 
Memory allocated:  90.822265625
Memory cached:  146.0
