[I 2024-02-18 10:31:46,186] Trial 116 finished with value: 0.08301758021116257 and parameters: {'W_layers': 4, 'W_layer_units_exponent_0': 4, 'W_layer_units_exponent_1': 10, 'W_layer_units_exponent_2': 6, 'W_layer_units_exponent_3': 8, 'D_layers': 6, 'D_layer_units_exponent_0': 10, 'D_layer_units_exponent_1': 10, 'D_layer_units_exponent_2': 10, 'D_layer_units_exponent_3': 5, 'D_layer_units_exponent_4': 8, 'D_layer_units_exponent_5': 8, 'D_dagger_layers': 5, 'D_dagger_layer_units_exponent_0': 7, 'D_dagger_layer_units_exponent_1': 4, 'D_dagger_layer_units_exponent_2': 4, 'D_dagger_layer_units_exponent_3': 10, 'D_dagger_layer_units_exponent_4': 4, 'log_learning_rate': -2.6752262946505616, 'log_learning_rate_D': -1.8200870385449701, 'log_learning_rate_D_dagger': -2.8012265118023962, 'training_batch_size': 6, 'training_p': 2}. Best is trial 116 with value: 0.08301758021116257.
res:  tensor(0.0830, device='cuda:0', grad_fn=<DivBackward0>)
self.bestValue:  tensor(0.0830, device='cuda:0', grad_fn=<DivBackward0>)
Save this model!
Time for this trial:  27.093807697296143
Memory status after this trial: 
Memory allocated:  553.5771484375
Memory cached:  712.0
--------------------  Trial  117   --------------------
Start timing: 
Parameters: 
{'W_layers': 4, 'W_layer_units_exponent_0': 4, 'W_layer_units_exponent_1': 10, 'W_layer_units_exponent_2': 6, 'W_layer_units_exponent_3': 7, 'D_layers': 6, 'D_layer_units_exponent_0': 10, 'D_layer_units_exponent_1': 10, 'D_layer_units_exponent_2': 10, 'D_layer_units_exponent_3': 5, 'D_layer_units_exponent_4': 7, 'D_layer_units_exponent_5': 8, 'D_dagger_layers': 4, 'D_dagger_layer_units_exponent_0': 7, 'D_dagger_layer_units_exponent_1': 4, 'D_dagger_layer_units_exponent_2': 4, 'D_dagger_layer_units_exponent_3': 10, 'log_learning_rate': -2.652574821783654, 'log_learning_rate_D': -2.0192673769865377, 'log_learning_rate_D_dagger': -2.8152537478754875, 'training_batch_size': 7, 'training_p': 2}
	 epoch  0 training error:  tensor(1.2651, device='cuda:0', grad_fn=<DivBackward0>)
Memory status after this epoch: 
Memory allocated:  563.60791015625
Memory cached:  710.0
	 epoch  10 training error:  tensor(0.1153, device='cuda:0', grad_fn=<DivBackward0>)
Memory status after this epoch: 
Memory allocated:  563.60791015625
Memory cached:  710.0
	 epoch  20 training error:  tensor(0.1228, device='cuda:0', grad_fn=<DivBackward0>)
Memory status after this epoch: 
Memory allocated:  563.60791015625
Memory cached:  710.0
	 epoch  30 training error:  tensor(0.0911, device='cuda:0', grad_fn=<DivBackward0>)
Memory status after this epoch: 
Memory allocated:  563.60791015625
Memory cached:  710.0
	 epoch  40 training error:  tensor(0.0897, device='cuda:0', grad_fn=<DivBackward0>)
Memory status after this epoch: 
Memory allocated:  563.60791015625
Memory cached:  710.0
	 epoch  50 training error:  tensor(0.0863, device='cuda:0', grad_fn=<DivBackward0>)
Memory status after this epoch: 
Memory allocated:  563.60791015625
Memory cached:  710.0
	 epoch  60 training error:  tensor(0.0924, device='cuda:0', grad_fn=<DivBackward0>)
Memory status after this epoch: 
Memory allocated:  563.60791015625
Memory cached:  710.0
	 epoch  70 training error:  tensor(0.0888, device='cuda:0', grad_fn=<DivBackward0>)
Memory status after this epoch: 
Memory allocated:  563.60791015625
Memory cached:  710.0
	 epoch  80 training error:  tensor(0.0875, device='cuda:0', grad_fn=<DivBackward0>)
Memory status after this epoch: 
Memory allocated:  563.60791015625
Memory cached:  710.0
	 epoch  90 training error:  tensor(0.0863, device='cuda:0', grad_fn=<DivBackward0>)
Memory status after this epoch: 
Memory allocated:  563.60791015625
Memory cached:  710.0
[I 2024-02-18 10:32:11,140] Trial 117 finished with value: 0.08987920731306076 and parameters: {'W_layers': 4, 'W_layer_units_exponent_0': 4, 'W_layer_units_exponent_1': 10, 'W_layer_units_exponent_2': 6, 'W_layer_units_exponent_3': 7, 'D_layers': 6, 'D_layer_units_exponent_0': 10, 'D_layer_units_exponent_1': 10, 'D_layer_units_exponent_2': 10, 'D_layer_units_exponent_3': 5, 'D_layer_units_exponent_4': 7, 'D_layer_units_exponent_5': 8, 'D_dagger_layers': 4, 'D_dagger_layer_units_exponent_0': 7, 'D_dagger_layer_units_exponent_1': 4, 'D_dagger_layer_units_exponent_2': 4, 'D_dagger_layer_units_exponent_3': 10, 'log_learning_rate': -2.652574821783654, 'log_learning_rate_D': -2.0192673769865377, 'log_learning_rate_D_dagger': -2.8152537478754875, 'training_batch_size': 7, 'training_p': 2}. Best is trial 116 with value: 0.08301758021116257.
Time for this trial:  24.580416202545166
Memory status after this trial: 
Memory allocated:  1047.73974609375
Memory cached:  1126.0
--------------------  Trial  118   --------------------
Start timing: 
Parameters: 
{'W_layers': 4, 'W_layer_units_exponent_0': 4, 'W_layer_units_exponent_1': 10, 'W_layer_units_exponent_2': 6, 'W_layer_units_exponent_3': 8, 'D_layers': 6, 'D_layer_units_exponent_0': 8, 'D_layer_units_exponent_1': 10, 'D_layer_units_exponent_2': 10, 'D_layer_units_exponent_3': 5, 'D_layer_units_exponent_4': 8, 'D_layer_units_exponent_5': 8, 'D_dagger_layers': 5, 'D_dagger_layer_units_exponent_0': 7, 'D_dagger_layer_units_exponent_1': 4, 'D_dagger_layer_units_exponent_2': 4, 'D_dagger_layer_units_exponent_3': 10, 'D_dagger_layer_units_exponent_4': 5, 'log_learning_rate': -2.580196307039038, 'log_learning_rate_D': -1.935394494376849, 'log_learning_rate_D_dagger': -2.9067870930263293, 'training_batch_size': 6, 'training_p': 2}
	 epoch  0 training error:  tensor(0.6619, device='cuda:0', grad_fn=<DivBackward0>)
Memory status after this epoch: 
Memory allocated:  561.36328125
Memory cached:  712.0
	 epoch  10 training error:  tensor(0.0959, device='cuda:0', grad_fn=<DivBackward0>)
Memory status after this epoch: 
Memory allocated:  561.36328125
Memory cached:  714.0
	 epoch  20 training error:  tensor(0.0872, device='cuda:0', grad_fn=<DivBackward0>)
Memory status after this epoch: 
Memory allocated:  561.36328125
Memory cached:  712.0
	 epoch  30 training error:  tensor(0.0822, device='cuda:0', grad_fn=<DivBackward0>)
Memory status after this epoch: 
Memory allocated:  561.36328125
Memory cached:  712.0
	 epoch  40 training error:  tensor(0.0828, device='cuda:0', grad_fn=<DivBackward0>)
Memory status after this epoch: 
Memory allocated:  561.36328125
Memory cached:  714.0
	 epoch  50 training error:  tensor(0.0838, device='cuda:0', grad_fn=<DivBackward0>)
Memory status after this epoch: 
Memory allocated:  561.36328125
Memory cached:  710.0
	 epoch  60 training error:  tensor(0.0825, device='cuda:0', grad_fn=<DivBackward0>)
Memory status after this epoch: 
Memory allocated:  561.36328125
Memory cached:  710.0
	 epoch  70 training error:  tensor(0.0862, device='cuda:0', grad_fn=<DivBackward0>)
Memory status after this epoch: 
Memory allocated:  561.36328125
Memory cached:  710.0
	 epoch  80 training error:  tensor(0.0844, device='cuda:0', grad_fn=<DivBackward0>)
Memory status after this epoch: 
Memory allocated:  561.36328125
Memory cached:  710.0
	 epoch  90 training error:  tensor(0.0839, device='cuda:0', grad_fn=<DivBackward0>)
Memory status after this epoch: 
Memory allocated:  561.36328125
Memory cached:  710.0
[I 2024-02-18 10:32:38,674] Trial 118 finished with value: 0.08579555153846741 and parameters: {'W_layers': 4, 'W_layer_units_exponent_0': 4, 'W_layer_units_exponent_1': 10, 'W_layer_units_exponent_2': 6, 'W_layer_units_exponent_3': 8, 'D_layers': 6, 'D_layer_units_exponent_0': 8, 'D_layer_units_exponent_1': 10, 'D_layer_units_exponent_2': 10, 'D_layer_units_exponent_3': 5, 'D_layer_units_exponent_4': 8, 'D_layer_units_exponent_5': 8, 'D_dagger_layers': 5, 'D_dagger_layer_units_exponent_0': 7, 'D_dagger_layer_units_exponent_1': 4, 'D_dagger_layer_units_exponent_2': 4, 'D_dagger_layer_units_exponent_3': 10, 'D_dagger_layer_units_exponent_4': 5, 'log_learning_rate': -2.580196307039038, 'log_learning_rate_D': -1.935394494376849, 'log_learning_rate_D_dagger': -2.9067870930263293, 'training_batch_size': 6, 'training_p': 2}. Best is trial 116 with value: 0.08301758021116257.
Time for this trial:  27.152658700942993
Memory status after this trial: 
Memory allocated:  1109.34521484375
Memory cached:  1168.0
--------------------  Trial  119   --------------------
Start timing: 
Parameters: 
{'W_layers': 5, 'W_layer_units_exponent_0': 4, 'W_layer_units_exponent_1': 10, 'W_layer_units_exponent_2': 6, 'W_layer_units_exponent_3': 8, 'W_layer_units_exponent_4': 4, 'D_layers': 6, 'D_layer_units_exponent_0': 9, 'D_layer_units_exponent_1': 10, 'D_layer_units_exponent_2': 10, 'D_layer_units_exponent_3': 5, 'D_layer_units_exponent_4': 7, 'D_layer_units_exponent_5': 9, 'D_dagger_layers': 4, 'D_dagger_layer_units_exponent_0': 8, 'D_dagger_layer_units_exponent_1': 4, 'D_dagger_layer_units_exponent_2': 4, 'D_dagger_layer_units_exponent_3': 10, 'log_learning_rate': -2.70316254929934, 'log_learning_rate_D': -1.810994360119413, 'log_learning_rate_D_dagger': -3.0463698600012474, 'training_batch_size': 6, 'training_p': 2}
	 epoch  0 training error:  tensor(0.6550, device='cuda:0', grad_fn=<DivBackward0>)
Memory status after this epoch: 
Memory allocated:  562.38134765625
Memory cached:  710.0
	 epoch  10 training error:  tensor(0.1200, device='cuda:0', grad_fn=<DivBackward0>)
Memory status after this epoch: 
Memory allocated:  562.38134765625
Memory cached:  710.0
	 epoch  20 training error:  tensor(0.0830, device='cuda:0', grad_fn=<DivBackward0>)
Memory status after this epoch: 
Memory allocated:  562.38134765625
Memory cached:  710.0
	 epoch  30 training error:  tensor(0.0830, device='cuda:0', grad_fn=<DivBackward0>)
Memory status after this epoch: 
Memory allocated:  562.38134765625
Memory cached:  710.0
	 epoch  40 training error:  tensor(0.0862, device='cuda:0', grad_fn=<DivBackward0>)
Memory status after this epoch: 
Memory allocated:  562.38134765625
Memory cached:  710.0
	 epoch  50 training error:  tensor(0.0827, device='cuda:0', grad_fn=<DivBackward0>)
Memory status after this epoch: 
Memory allocated:  562.38134765625
Memory cached:  710.0
	 epoch  60 training error:  tensor(0.0827, device='cuda:0', grad_fn=<DivBackward0>)
Memory status after this epoch: 
Memory allocated:  562.38134765625
Memory cached:  710.0
	 epoch  70 training error:  tensor(0.0839, device='cuda:0', grad_fn=<DivBackward0>)
Memory status after this epoch: 
Memory allocated:  562.38134765625
Memory cached:  710.0
	 epoch  80 training error:  tensor(0.0865, device='cuda:0', grad_fn=<DivBackward0>)
Memory status after this epoch: 
Memory allocated:  562.38134765625
Memory cached:  710.0
	 epoch  90 training error:  tensor(0.0830, device='cuda:0', grad_fn=<DivBackward0>)
Memory status after this epoch: 
Memory allocated:  562.38134765625
Memory cached:  710.0
[I 2024-02-18 10:33:06,131] Trial 119 finished with value: 0.08484631776809692 and parameters: {'W_layers': 5, 'W_layer_units_exponent_0': 4, 'W_layer_units_exponent_1': 10, 'W_layer_units_exponent_2': 6, 'W_layer_units_exponent_3': 8, 'W_layer_units_exponent_4': 4, 'D_layers': 6, 'D_layer_units_exponent_0': 9, 'D_layer_units_exponent_1': 10, 'D_layer_units_exponent_2': 10, 'D_layer_units_exponent_3': 5, 'D_layer_units_exponent_4': 7, 'D_layer_units_exponent_5': 9, 'D_dagger_layers': 4, 'D_dagger_layer_units_exponent_0': 8, 'D_dagger_layer_units_exponent_1': 4, 'D_dagger_layer_units_exponent_2': 4, 'D_dagger_layer_units_exponent_3': 10, 'log_learning_rate': -2.70316254929934, 'log_learning_rate_D': -1.810994360119413, 'log_learning_rate_D_dagger': -3.0463698600012474, 'training_batch_size': 6, 'training_p': 2}. Best is trial 116 with value: 0.08301758021116257.
Time for this trial:  27.04643726348877
Memory status after this trial: 
Memory allocated:  1108.81396484375
Memory cached:  1130.0
--------------------  Trial  120   --------------------
Start timing: 
Parameters: 
{'W_layers': 5, 'W_layer_units_exponent_0': 4, 'W_layer_units_exponent_1': 10, 'W_layer_units_exponent_2': 6, 'W_layer_units_exponent_3': 8, 'W_layer_units_exponent_4': 7, 'D_layers': 6, 'D_layer_units_exponent_0': 10, 'D_layer_units_exponent_1': 10, 'D_layer_units_exponent_2': 10, 'D_layer_units_exponent_3': 5, 'D_layer_units_exponent_4': 6, 'D_layer_units_exponent_5': 8, 'D_dagger_layers': 5, 'D_dagger_layer_units_exponent_0': 7, 'D_dagger_layer_units_exponent_1': 4, 'D_dagger_layer_units_exponent_2': 4, 'D_dagger_layer_units_exponent_3': 7, 'D_dagger_layer_units_exponent_4': 4, 'log_learning_rate': -2.9521211961164036, 'log_learning_rate_D': -2.1121544976189837, 'log_learning_rate_D_dagger': -2.6611022366032224, 'training_batch_size': 12, 'training_p': 5}
	 epoch  0 training error:  tensor(0.9497, device='cuda:0', grad_fn=<DivBackward0>)
Memory status after this epoch: 
Memory allocated:  564.05126953125
Memory cached:  710.0
	 epoch  10 training error:  tensor(0.2215, device='cuda:0', grad_fn=<DivBackward0>)
Memory status after this epoch: 
Memory allocated:  564.05126953125
Memory cached:  710.0
	 epoch  20 training error:  tensor(0.1701, device='cuda:0', grad_fn=<DivBackward0>)
Memory status after this epoch: 
Memory allocated:  564.05126953125
Memory cached:  710.0
	 epoch  30 training error:  tensor(0.1202, device='cuda:0', grad_fn=<DivBackward0>)
Memory status after this epoch: 
Memory allocated:  564.05126953125
Memory cached:  710.0
	 epoch  40 training error:  tensor(0.1176, device='cuda:0', grad_fn=<DivBackward0>)
Memory status after this epoch: 
Memory allocated:  564.05126953125
Memory cached:  710.0
	 epoch  50 training error:  tensor(0.1125, device='cuda:0', grad_fn=<DivBackward0>)
Memory status after this epoch: 
Memory allocated:  564.05126953125
Memory cached:  710.0
	 epoch  60 training error:  tensor(0.1093, device='cuda:0', grad_fn=<DivBackward0>)
Memory status after this epoch: 
Memory allocated:  564.05126953125
Memory cached:  710.0
	 epoch  70 training error:  tensor(0.1083, device='cuda:0', grad_fn=<DivBackward0>)
Memory status after this epoch: 
Memory allocated:  564.05126953125
Memory cached:  710.0
	 epoch  80 training error:  tensor(0.1080, device='cuda:0', grad_fn=<DivBackward0>)
Memory status after this epoch: 
Memory allocated:  564.05126953125
Memory cached:  710.0
	 epoch  90 training error:  tensor(0.1079, device='cuda:0', grad_fn=<DivBackward0>)
Memory status after this epoch: 
Memory allocated:  564.05126953125
Memory cached:  710.0
[I 2024-02-18 10:33:28,270] Trial 120 finished with value: 0.08719125390052795 and parameters: {'W_layers': 5, 'W_layer_units_exponent_0': 4, 'W_layer_units_exponent_1': 10, 'W_layer_units_exponent_2': 6, 'W_layer_units_exponent_3': 8, 'W_layer_units_exponent_4': 7, 'D_layers': 6, 'D_layer_units_exponent_0': 10, 'D_layer_units_exponent_1': 10, 'D_layer_units_exponent_2': 10, 'D_layer_units_exponent_3': 5, 'D_layer_units_exponent_4': 6, 'D_layer_units_exponent_5': 8, 'D_dagger_layers': 5, 'D_dagger_layer_units_exponent_0': 7, 'D_dagger_layer_units_exponent_1': 4, 'D_dagger_layer_units_exponent_2': 4, 'D_dagger_layer_units_exponent_3': 7, 'D_dagger_layer_units_exponent_4': 4, 'log_learning_rate': -2.9521211961164036, 'log_learning_rate_D': -2.1121544976189837, 'log_learning_rate_D_dagger': -2.6611022366032224, 'training_batch_size': 12, 'training_p': 5}. Best is trial 116 with value: 0.08301758021116257.
Time for this trial:  21.716932773590088
Memory status after this trial: 
Memory allocated:  940.81494140625
Memory cached:  980.0
--------------------  Trial  121   --------------------
Start timing: 
Parameters: 
{'W_layers': 3, 'W_layer_units_exponent_0': 7, 'W_layer_units_exponent_1': 10, 'W_layer_units_exponent_2': 6, 'D_layers': 6, 'D_layer_units_exponent_0': 10, 'D_layer_units_exponent_1': 10, 'D_layer_units_exponent_2': 10, 'D_layer_units_exponent_3': 5, 'D_layer_units_exponent_4': 8, 'D_layer_units_exponent_5': 7, 'D_dagger_layers': 5, 'D_dagger_layer_units_exponent_0': 7, 'D_dagger_layer_units_exponent_1': 4, 'D_dagger_layer_units_exponent_2': 4, 'D_dagger_layer_units_exponent_3': 8, 'D_dagger_layer_units_exponent_4': 4, 'log_learning_rate': -2.3997717320759837, 'log_learning_rate_D': -1.7814512541889214, 'log_learning_rate_D_dagger': -2.4240924986483146, 'training_batch_size': 6, 'training_p': 2}
	 epoch  0 training error:  tensor(4.2324, device='cuda:0', grad_fn=<DivBackward0>)
Memory status after this epoch: 
Memory allocated:  565.09765625
Memory cached:  710.0
	 epoch  10 training error:  tensor(0.0962, device='cuda:0', grad_fn=<DivBackward0>)
Memory status after this epoch: 
Memory allocated:  565.09765625
Memory cached:  710.0
	 epoch  20 training error:  tensor(0.0849, device='cuda:0', grad_fn=<DivBackward0>)
Memory status after this epoch: 
Memory allocated:  565.09765625
Memory cached:  710.0
	 epoch  30 training error:  tensor(0.0839, device='cuda:0', grad_fn=<DivBackward0>)
Memory status after this epoch: 
Memory allocated:  565.09765625
Memory cached:  710.0
	 epoch  40 training error:  tensor(0.0836, device='cuda:0', grad_fn=<DivBackward0>)
Memory status after this epoch: 
Memory allocated:  565.09765625
Memory cached:  710.0
	 epoch  50 training error:  tensor(0.0839, device='cuda:0', grad_fn=<DivBackward0>)
Memory status after this epoch: 
Memory allocated:  565.09765625
Memory cached:  710.0
	 epoch  60 training error:  tensor(0.0837, device='cuda:0', grad_fn=<DivBackward0>)
Memory status after this epoch: 
Memory allocated:  565.09765625
Memory cached:  710.0
	 epoch  70 training error:  tensor(0.0879, device='cuda:0', grad_fn=<DivBackward0>)
Memory status after this epoch: 
Memory allocated:  565.09765625
Memory cached:  710.0
	 epoch  80 training error:  tensor(0.0922, device='cuda:0', grad_fn=<DivBackward0>)
Memory status after this epoch: 
Memory allocated:  565.09765625
Memory cached:  710.0
	 epoch  90 training error:  tensor(0.0843, device='cuda:0', grad_fn=<DivBackward0>)
Memory status after this epoch: 
Memory allocated:  565.09765625
Memory cached:  710.0
[I 2024-02-18 10:33:54,116] Trial 121 finished with value: 0.08513231575489044 and parameters: {'W_layers': 3, 'W_layer_units_exponent_0': 7, 'W_layer_units_exponent_1': 10, 'W_layer_units_exponent_2': 6, 'D_layers': 6, 'D_layer_units_exponent_0': 10, 'D_layer_units_exponent_1': 10, 'D_layer_units_exponent_2': 10, 'D_layer_units_exponent_3': 5, 'D_layer_units_exponent_4': 8, 'D_layer_units_exponent_5': 7, 'D_dagger_layers': 5, 'D_dagger_layer_units_exponent_0': 7, 'D_dagger_layer_units_exponent_1': 4, 'D_dagger_layer_units_exponent_2': 4, 'D_dagger_layer_units_exponent_3': 8, 'D_dagger_layer_units_exponent_4': 4, 'log_learning_rate': -2.3997717320759837, 'log_learning_rate_D': -1.7814512541889214, 'log_learning_rate_D_dagger': -2.4240924986483146, 'training_batch_size': 6, 'training_p': 2}. Best is trial 116 with value: 0.08301758021116257.
Time for this trial:  25.482434272766113
Memory status after this trial: 
Memory allocated:  912.16064453125
Memory cached:  936.0
--------------------  Trial  122   --------------------
Start timing: 
Parameters: 
{'W_layers': 4, 'W_layer_units_exponent_0': 5, 'W_layer_units_exponent_1': 10, 'W_layer_units_exponent_2': 6, 'W_layer_units_exponent_3': 8, 'D_layers': 6, 'D_layer_units_exponent_0': 10, 'D_layer_units_exponent_1': 10, 'D_layer_units_exponent_2': 10, 'D_layer_units_exponent_3': 4, 'D_layer_units_exponent_4': 9, 'D_layer_units_exponent_5': 8, 'D_dagger_layers': 5, 'D_dagger_layer_units_exponent_0': 7, 'D_dagger_layer_units_exponent_1': 4, 'D_dagger_layer_units_exponent_2': 4, 'D_dagger_layer_units_exponent_3': 8, 'D_dagger_layer_units_exponent_4': 4, 'log_learning_rate': -2.3204121833617712, 'log_learning_rate_D': -2.023163578290169, 'log_learning_rate_D_dagger': -2.7635165756072717, 'training_batch_size': 6, 'training_p': 2}
	 epoch  0 training error:  tensor(2.8658, device='cuda:0', grad_fn=<DivBackward0>)
Memory status after this epoch: 
Memory allocated:  564.16796875
Memory cached:  712.0
	 epoch  10 training error:  tensor(0.0993, device='cuda:0', grad_fn=<DivBackward0>)
Memory status after this epoch: 
Memory allocated:  564.16796875
Memory cached:  712.0
	 epoch  20 training error:  tensor(0.0902, device='cuda:0', grad_fn=<DivBackward0>)
Memory status after this epoch: 
Memory allocated:  564.16796875
Memory cached:  712.0
	 epoch  30 training error:  tensor(0.0851, device='cuda:0', grad_fn=<DivBackward0>)
Memory status after this epoch: 
Memory allocated:  564.16796875
Memory cached:  712.0
	 epoch  40 training error:  tensor(0.0831, device='cuda:0', grad_fn=<DivBackward0>)
Memory status after this epoch: 
Memory allocated:  564.16796875
Memory cached:  712.0
	 epoch  50 training error:  tensor(0.0845, device='cuda:0', grad_fn=<DivBackward0>)
Memory status after this epoch: 
Memory allocated:  564.16796875
Memory cached:  712.0
	 epoch  60 training error:  tensor(0.0828, device='cuda:0', grad_fn=<DivBackward0>)
Memory status after this epoch: 
Memory allocated:  564.16796875
Memory cached:  712.0
	 epoch  70 training error:  tensor(0.0830, device='cuda:0', grad_fn=<DivBackward0>)
Memory status after this epoch: 
Memory allocated:  564.16796875
Memory cached:  712.0
	 epoch  80 training error:  tensor(0.0831, device='cuda:0', grad_fn=<DivBackward0>)
Memory status after this epoch: 
Memory allocated:  564.16796875
Memory cached:  712.0
	 epoch  90 training error:  tensor(0.0838, device='cuda:0', grad_fn=<DivBackward0>)
Memory status after this epoch: 
Memory allocated:  564.16796875
Memory cached:  712.0
