[I 2023-12-07 03:30:27,804] Trial 94 finished with value: 0.37200137972831726 and parameters: {'W_layers': 2, 'W_layer_units_exponent_0': 8, 'W_layer_units_exponent_1': 7, 'D_layers': 5, 'D_layer_units_exponent_0': 8, 'D_layer_units_exponent_1': 10, 'D_layer_units_exponent_2': 5, 'D_layer_units_exponent_3': 5, 'D_layer_units_exponent_4': 4, 'D_dagger_layers': 8, 'D_dagger_layer_units_exponent_0': 9, 'D_dagger_layer_units_exponent_1': 9, 'D_dagger_layer_units_exponent_2': 9, 'D_dagger_layer_units_exponent_3': 7, 'D_dagger_layer_units_exponent_4': 5, 'D_dagger_layer_units_exponent_5': 8, 'D_dagger_layer_units_exponent_6': 10, 'D_dagger_layer_units_exponent_7': 10, 'log_learning_rate': -4.577348758589663, 'log_learning_rate_D': -3.703692752779358, 'log_learning_rate_D_dagger': -2.204729284750949, 'training_batch_size': 10, 'training_p': 5}. Best is trial 57 with value: 0.056275874376297.
Time for this trial:  214.48741936683655
Memory status after this trial: 
Memory allocated:  438.05419921875
Memory cached:  460.0
--------------------  Trial  95   --------------------
Start timing: 
Parameters: 
{'W_layers': 3, 'W_layer_units_exponent_0': 8, 'W_layer_units_exponent_1': 7, 'W_layer_units_exponent_2': 8, 'D_layers': 5, 'D_layer_units_exponent_0': 9, 'D_layer_units_exponent_1': 10, 'D_layer_units_exponent_2': 5, 'D_layer_units_exponent_3': 4, 'D_layer_units_exponent_4': 5, 'D_dagger_layers': 3, 'D_dagger_layer_units_exponent_0': 9, 'D_dagger_layer_units_exponent_1': 9, 'D_dagger_layer_units_exponent_2': 5, 'log_learning_rate': -4.68152237362086, 'log_learning_rate_D': -3.419480782198969, 'log_learning_rate_D_dagger': -2.045566678887219, 'training_batch_size': 9, 'training_p': 7}
	 epoch  0 training error:  tensor(1.0301, device='cuda:0', grad_fn=<DivBackward0>)
Memory status after this epoch: 
Memory allocated:  137.173828125
Memory cached:  326.0
	 epoch  10 training error:  tensor(1.1069, device='cuda:0', grad_fn=<DivBackward0>)
Memory status after this epoch: 
Memory allocated:  137.173828125
Memory cached:  364.0
	 epoch  20 training error:  tensor(0.9364, device='cuda:0', grad_fn=<DivBackward0>)
Memory status after this epoch: 
Memory allocated:  137.173828125
Memory cached:  368.0
	 epoch  30 training error:  tensor(0.6763, device='cuda:0', grad_fn=<DivBackward0>)
Memory status after this epoch: 
Memory allocated:  137.173828125
Memory cached:  380.0
	 epoch  40 training error:  tensor(0.5493, device='cuda:0', grad_fn=<DivBackward0>)
Memory status after this epoch: 
Memory allocated:  137.173828125
Memory cached:  374.0
	 epoch  50 training error:  tensor(0.4500, device='cuda:0', grad_fn=<DivBackward0>)
Memory status after this epoch: 
Memory allocated:  137.173828125
Memory cached:  370.0
	 epoch  60 training error:  tensor(0.5723, device='cuda:0', grad_fn=<DivBackward0>)
Memory status after this epoch: 
Memory allocated:  137.173828125
Memory cached:  368.0
	 epoch  70 training error:  tensor(0.3625, device='cuda:0', grad_fn=<DivBackward0>)
Memory status after this epoch: 
Memory allocated:  137.173828125
Memory cached:  364.0
	 epoch  80 training error:  tensor(0.2209, device='cuda:0', grad_fn=<DivBackward0>)
Memory status after this epoch: 
Memory allocated:  137.173828125
Memory cached:  362.0
	 epoch  90 training error:  tensor(0.1501, device='cuda:0', grad_fn=<DivBackward0>)
Memory status after this epoch: 
Memory allocated:  137.173828125
Memory cached:  374.0
[I 2023-12-07 03:33:15,691] Trial 95 finished with value: 0.13849739730358124 and parameters: {'W_layers': 3, 'W_layer_units_exponent_0': 8, 'W_layer_units_exponent_1': 7, 'W_layer_units_exponent_2': 8, 'D_layers': 5, 'D_layer_units_exponent_0': 9, 'D_layer_units_exponent_1': 10, 'D_layer_units_exponent_2': 5, 'D_layer_units_exponent_3': 4, 'D_layer_units_exponent_4': 5, 'D_dagger_layers': 3, 'D_dagger_layer_units_exponent_0': 9, 'D_dagger_layer_units_exponent_1': 9, 'D_dagger_layer_units_exponent_2': 5, 'log_learning_rate': -4.68152237362086, 'log_learning_rate_D': -3.419480782198969, 'log_learning_rate_D_dagger': -2.045566678887219, 'training_batch_size': 9, 'training_p': 7}. Best is trial 57 with value: 0.056275874376297.
Time for this trial:  167.63893294334412
Memory status after this trial: 
Memory allocated:  304.28466796875
Memory cached:  336.0
--------------------  Trial  96   --------------------
Start timing: 
Parameters: 
{'W_layers': 2, 'W_layer_units_exponent_0': 8, 'W_layer_units_exponent_1': 7, 'D_layers': 5, 'D_layer_units_exponent_0': 7, 'D_layer_units_exponent_1': 9, 'D_layer_units_exponent_2': 4, 'D_layer_units_exponent_3': 5, 'D_layer_units_exponent_4': 4, 'D_dagger_layers': 2, 'D_dagger_layer_units_exponent_0': 9, 'D_dagger_layer_units_exponent_1': 9, 'log_learning_rate': -4.905227550017596, 'log_learning_rate_D': -3.286454412785728, 'log_learning_rate_D_dagger': -2.2972990846185914, 'training_batch_size': 10, 'training_p': 6}
	 epoch  0 training error:  tensor(0.9792, device='cuda:0', grad_fn=<DivBackward0>)
Memory status after this epoch: 
Memory allocated:  129.02734375
Memory cached:  304.0
	 epoch  10 training error:  tensor(0.8883, device='cuda:0', grad_fn=<DivBackward0>)
Memory status after this epoch: 
Memory allocated:  129.02734375
Memory cached:  320.0
	 epoch  20 training error:  tensor(0.9289, device='cuda:0', grad_fn=<DivBackward0>)
Memory status after this epoch: 
Memory allocated:  129.02734375
Memory cached:  332.0
	 epoch  30 training error:  tensor(0.8451, device='cuda:0', grad_fn=<DivBackward0>)
Memory status after this epoch: 
Memory allocated:  129.02734375
Memory cached:  330.0
	 epoch  40 training error:  tensor(0.7977, device='cuda:0', grad_fn=<DivBackward0>)
Memory status after this epoch: 
Memory allocated:  129.02734375
Memory cached:  328.0
	 epoch  50 training error:  tensor(0.6275, device='cuda:0', grad_fn=<DivBackward0>)
Memory status after this epoch: 
Memory allocated:  129.02734375
Memory cached:  328.0
	 epoch  60 training error:  tensor(0.5198, device='cuda:0', grad_fn=<DivBackward0>)
Memory status after this epoch: 
Memory allocated:  129.02734375
Memory cached:  326.0
	 epoch  70 training error:  tensor(0.4961, device='cuda:0', grad_fn=<DivBackward0>)
Memory status after this epoch: 
Memory allocated:  129.02734375
Memory cached:  322.0
	 epoch  80 training error:  tensor(0.4130, device='cuda:0', grad_fn=<DivBackward0>)
Memory status after this epoch: 
Memory allocated:  129.02734375
Memory cached:  324.0
	 epoch  90 training error:  tensor(0.3681, device='cuda:0', grad_fn=<DivBackward0>)
Memory status after this epoch: 
Memory allocated:  129.02734375
Memory cached:  324.0
[I 2023-12-07 03:35:39,892] Trial 96 finished with value: 0.4783580005168915 and parameters: {'W_layers': 2, 'W_layer_units_exponent_0': 8, 'W_layer_units_exponent_1': 7, 'D_layers': 5, 'D_layer_units_exponent_0': 7, 'D_layer_units_exponent_1': 9, 'D_layer_units_exponent_2': 4, 'D_layer_units_exponent_3': 5, 'D_layer_units_exponent_4': 4, 'D_dagger_layers': 2, 'D_dagger_layer_units_exponent_0': 9, 'D_dagger_layer_units_exponent_1': 9, 'log_learning_rate': -4.905227550017596, 'log_learning_rate_D': -3.286454412785728, 'log_learning_rate_D_dagger': -2.2972990846185914, 'training_batch_size': 10, 'training_p': 6}. Best is trial 57 with value: 0.056275874376297.
Time for this trial:  143.94501900672913
Memory status after this trial: 
Memory allocated:  234.19189453125
Memory cached:  308.0
--------------------  Trial  97   --------------------
Start timing: 
Parameters: 
{'W_layers': 3, 'W_layer_units_exponent_0': 7, 'W_layer_units_exponent_1': 5, 'W_layer_units_exponent_2': 8, 'D_layers': 5, 'D_layer_units_exponent_0': 8, 'D_layer_units_exponent_1': 10, 'D_layer_units_exponent_2': 5, 'D_layer_units_exponent_3': 6, 'D_layer_units_exponent_4': 5, 'D_dagger_layers': 3, 'D_dagger_layer_units_exponent_0': 10, 'D_dagger_layer_units_exponent_1': 9, 'D_dagger_layer_units_exponent_2': 5, 'log_learning_rate': -4.362578058001413, 'log_learning_rate_D': -3.4205753737149487, 'log_learning_rate_D_dagger': -1.9483820061046875, 'training_batch_size': 11, 'training_p': 5}
	 epoch  0 training error:  tensor(1.0453, device='cuda:0', grad_fn=<DivBackward0>)
Memory status after this epoch: 
Memory allocated:  136.419921875
Memory cached:  326.0
	 epoch  10 training error:  tensor(1.4825, device='cuda:0', grad_fn=<DivBackward0>)
Memory status after this epoch: 
Memory allocated:  136.419921875
Memory cached:  358.0
	 epoch  20 training error:  tensor(0.9530, device='cuda:0', grad_fn=<DivBackward0>)
Memory status after this epoch: 
Memory allocated:  136.419921875
Memory cached:  358.0
	 epoch  30 training error:  tensor(0.8606, device='cuda:0', grad_fn=<DivBackward0>)
Memory status after this epoch: 
Memory allocated:  136.419921875
Memory cached:  356.0
	 epoch  40 training error:  tensor(0.8388, device='cuda:0', grad_fn=<DivBackward0>)
Memory status after this epoch: 
Memory allocated:  136.419921875
Memory cached:  358.0
	 epoch  50 training error:  tensor(0.7799, device='cuda:0', grad_fn=<DivBackward0>)
Memory status after this epoch: 
Memory allocated:  136.419921875
Memory cached:  356.0
	 epoch  60 training error:  tensor(0.9758, device='cuda:0', grad_fn=<DivBackward0>)
Memory status after this epoch: 
Memory allocated:  136.419921875
Memory cached:  358.0
	 epoch  70 training error:  tensor(0.8355, device='cuda:0', grad_fn=<DivBackward0>)
Memory status after this epoch: 
Memory allocated:  136.419921875
Memory cached:  360.0
	 epoch  80 training error:  tensor(0.7903, device='cuda:0', grad_fn=<DivBackward0>)
Memory status after this epoch: 
Memory allocated:  136.419921875
Memory cached:  358.0
	 epoch  90 training error:  tensor(0.6322, device='cuda:0', grad_fn=<DivBackward0>)
Memory status after this epoch: 
Memory allocated:  136.419921875
Memory cached:  354.0
[I 2023-12-07 03:38:27,332] Trial 97 finished with value: 0.6207497715950012 and parameters: {'W_layers': 3, 'W_layer_units_exponent_0': 7, 'W_layer_units_exponent_1': 5, 'W_layer_units_exponent_2': 8, 'D_layers': 5, 'D_layer_units_exponent_0': 8, 'D_layer_units_exponent_1': 10, 'D_layer_units_exponent_2': 5, 'D_layer_units_exponent_3': 6, 'D_layer_units_exponent_4': 5, 'D_dagger_layers': 3, 'D_dagger_layer_units_exponent_0': 10, 'D_dagger_layer_units_exponent_1': 9, 'D_dagger_layer_units_exponent_2': 5, 'log_learning_rate': -4.362578058001413, 'log_learning_rate_D': -3.4205753737149487, 'log_learning_rate_D_dagger': -1.9483820061046875, 'training_batch_size': 11, 'training_p': 5}. Best is trial 57 with value: 0.056275874376297.
Time for this trial:  167.21077489852905
Memory status after this trial: 
Memory allocated:  308.1220703125
Memory cached:  328.0
--------------------  Trial  98   --------------------
Start timing: 
Parameters: 
{'W_layers': 5, 'W_layer_units_exponent_0': 8, 'W_layer_units_exponent_1': 7, 'W_layer_units_exponent_2': 9, 'W_layer_units_exponent_3': 8, 'W_layer_units_exponent_4': 5, 'D_layers': 4, 'D_layer_units_exponent_0': 4, 'D_layer_units_exponent_1': 9, 'D_layer_units_exponent_2': 5, 'D_layer_units_exponent_3': 4, 'D_dagger_layers': 2, 'D_dagger_layer_units_exponent_0': 9, 'D_dagger_layer_units_exponent_1': 4, 'log_learning_rate': -4.800589512457406, 'log_learning_rate_D': -3.5655860626617506, 'log_learning_rate_D_dagger': -2.364583181938665, 'training_batch_size': 10, 'training_p': 4}
	 epoch  0 training error:  tensor(1.0014, device='cuda:0', grad_fn=<DivBackward0>)
Memory status after this epoch: 
Memory allocated:  127.51953125
Memory cached:  308.0
	 epoch  10 training error:  tensor(0.9358, device='cuda:0', grad_fn=<DivBackward0>)
Memory status after this epoch: 
Memory allocated:  127.51953125
Memory cached:  334.0
	 epoch  20 training error:  tensor(0.8064, device='cuda:0', grad_fn=<DivBackward0>)
Memory status after this epoch: 
Memory allocated:  127.51953125
Memory cached:  336.0
	 epoch  30 training error:  tensor(0.7789, device='cuda:0', grad_fn=<DivBackward0>)
Memory status after this epoch: 
Memory allocated:  127.51953125
Memory cached:  332.0
	 epoch  40 training error:  tensor(0.5903, device='cuda:0', grad_fn=<DivBackward0>)
Memory status after this epoch: 
Memory allocated:  127.51953125
Memory cached:  340.0
	 epoch  50 training error:  tensor(0.5087, device='cuda:0', grad_fn=<DivBackward0>)
Memory status after this epoch: 
Memory allocated:  127.51953125
Memory cached:  332.0
	 epoch  60 training error:  tensor(0.4297, device='cuda:0', grad_fn=<DivBackward0>)
Memory status after this epoch: 
Memory allocated:  127.51953125
Memory cached:  332.0
	 epoch  70 training error:  tensor(0.3779, device='cuda:0', grad_fn=<DivBackward0>)
Memory status after this epoch: 
Memory allocated:  127.51953125
Memory cached:  334.0
	 epoch  80 training error:  tensor(0.3310, device='cuda:0', grad_fn=<DivBackward0>)
Memory status after this epoch: 
Memory allocated:  127.51953125
Memory cached:  338.0
	 epoch  90 training error:  tensor(0.2604, device='cuda:0', grad_fn=<DivBackward0>)
Memory status after this epoch: 
Memory allocated:  127.51953125
Memory cached:  338.0
[I 2023-12-07 03:41:08,565] Trial 98 finished with value: 0.14608614146709442 and parameters: {'W_layers': 5, 'W_layer_units_exponent_0': 8, 'W_layer_units_exponent_1': 7, 'W_layer_units_exponent_2': 9, 'W_layer_units_exponent_3': 8, 'W_layer_units_exponent_4': 5, 'D_layers': 4, 'D_layer_units_exponent_0': 4, 'D_layer_units_exponent_1': 9, 'D_layer_units_exponent_2': 5, 'D_layer_units_exponent_3': 4, 'D_dagger_layers': 2, 'D_dagger_layer_units_exponent_0': 9, 'D_dagger_layer_units_exponent_1': 4, 'log_learning_rate': -4.800589512457406, 'log_learning_rate_D': -3.5655860626617506, 'log_learning_rate_D_dagger': -2.364583181938665, 'training_batch_size': 10, 'training_p': 4}. Best is trial 57 with value: 0.056275874376297.
Time for this trial:  160.99017357826233
Memory status after this trial: 
Memory allocated:  247.56884765625
Memory cached:  332.0
--------------------  Trial  99   --------------------
Start timing: 
Parameters: 
{'W_layers': 3, 'W_layer_units_exponent_0': 9, 'W_layer_units_exponent_1': 7, 'W_layer_units_exponent_2': 10, 'D_layers': 3, 'D_layer_units_exponent_0': 10, 'D_layer_units_exponent_1': 10, 'D_layer_units_exponent_2': 6, 'D_dagger_layers': 3, 'D_dagger_layer_units_exponent_0': 8, 'D_dagger_layer_units_exponent_1': 10, 'D_dagger_layer_units_exponent_2': 6, 'log_learning_rate': -4.600818755749558, 'log_learning_rate_D': -3.0588979457983005, 'log_learning_rate_D_dagger': -2.5014962143636708, 'training_batch_size': 9, 'training_p': 6}
	 epoch  0 training error:  tensor(1.0045, device='cuda:0', grad_fn=<DivBackward0>)
Memory status after this epoch: 
Memory allocated:  148.447265625
Memory cached:  308.0
	 epoch  10 training error:  tensor(0.9939, device='cuda:0', grad_fn=<DivBackward0>)
Memory status after this epoch: 
Memory allocated:  148.447265625
Memory cached:  308.0
	 epoch  20 training error:  tensor(0.9812, device='cuda:0', grad_fn=<DivBackward0>)
Memory status after this epoch: 
Memory allocated:  148.447265625
Memory cached:  308.0
	 epoch  30 training error:  tensor(0.9560, device='cuda:0', grad_fn=<DivBackward0>)
Memory status after this epoch: 
Memory allocated:  148.447265625
Memory cached:  308.0
	 epoch  40 training error:  tensor(0.8132, device='cuda:0', grad_fn=<DivBackward0>)
Memory status after this epoch: 
Memory allocated:  148.447265625
Memory cached:  308.0
	 epoch  50 training error:  tensor(0.8118, device='cuda:0', grad_fn=<DivBackward0>)
Memory status after this epoch: 
Memory allocated:  148.447265625
Memory cached:  308.0
	 epoch  60 training error:  tensor(0.7536, device='cuda:0', grad_fn=<DivBackward0>)
Memory status after this epoch: 
Memory allocated:  148.447265625
Memory cached:  308.0
	 epoch  70 training error:  tensor(0.7136, device='cuda:0', grad_fn=<DivBackward0>)
Memory status after this epoch: 
Memory allocated:  148.447265625
Memory cached:  308.0
	 epoch  80 training error:  tensor(0.7021, device='cuda:0', grad_fn=<DivBackward0>)
Memory status after this epoch: 
Memory allocated:  148.447265625
Memory cached:  308.0
	 epoch  90 training error:  tensor(0.6834, device='cuda:0', grad_fn=<DivBackward0>)
Memory status after this epoch: 
Memory allocated:  148.447265625
Memory cached:  308.0
[I 2023-12-07 03:43:57,005] Trial 99 finished with value: 0.6568895578384399 and parameters: {'W_layers': 3, 'W_layer_units_exponent_0': 9, 'W_layer_units_exponent_1': 7, 'W_layer_units_exponent_2': 10, 'D_layers': 3, 'D_layer_units_exponent_0': 10, 'D_layer_units_exponent_1': 10, 'D_layer_units_exponent_2': 6, 'D_dagger_layers': 3, 'D_dagger_layer_units_exponent_0': 8, 'D_dagger_layer_units_exponent_1': 10, 'D_dagger_layer_units_exponent_2': 6, 'log_learning_rate': -4.600818755749558, 'log_learning_rate_D': -3.0588979457983005, 'log_learning_rate_D_dagger': -2.5014962143636708, 'training_batch_size': 9, 'training_p': 6}. Best is trial 57 with value: 0.056275874376297.
[I 2023-12-07 03:43:57,064] A new study created in memory with name: no-name-5ef0abdf-77bd-419f-b445-900d7bc56ca9
Time for this trial:  168.19025087356567
Memory status after this trial: 
Memory allocated:  399.69970703125
Memory cached:  418.0
--------------------  Trial  0   --------------------
Start timing: 
Parameters: 
{'W_layers': 6, 'W_layer_units_exponent_0': 6, 'W_layer_units_exponent_1': 6, 'W_layer_units_exponent_2': 7, 'W_layer_units_exponent_3': 5, 'W_layer_units_exponent_4': 5, 'W_layer_units_exponent_5': 5, 'D_layers': 7, 'D_layer_units_exponent_0': 9, 'D_layer_units_exponent_1': 4, 'D_layer_units_exponent_2': 8, 'D_layer_units_exponent_3': 4, 'D_layer_units_exponent_4': 10, 'D_layer_units_exponent_5': 6, 'D_layer_units_exponent_6': 4, 'D_dagger_layers': 3, 'D_dagger_layer_units_exponent_0': 7, 'D_dagger_layer_units_exponent_1': 7, 'D_dagger_layer_units_exponent_2': 6, 'log_learning_rate': -2.605359645647267, 'log_learning_rate_D': -3.6269716403838586, 'log_learning_rate_D_dagger': -2.150694476120431, 'training_batch_size': 8, 'training_p': 5}
/home/shengduo/anaconda3/lib/python3.9/site-packages/torch/nn/init.py:405: UserWarning: Initializing zero-element tensors is a no-op
  warnings.warn("Initializing zero-element tensors is a no-op")
	 epoch  0 training error:  tensor(0.9811, device='cuda:0', grad_fn=<DivBackward0>)
Memory status after this epoch: 
Memory allocated:  1.2255859375
Memory cached:  8.0
	 epoch  10 training error:  tensor(0.8720, device='cuda:0', grad_fn=<DivBackward0>)
Memory status after this epoch: 
Memory allocated:  1.2255859375
Memory cached:  10.0
	 epoch  20 training error:  tensor(0.8235, device='cuda:0', grad_fn=<DivBackward0>)
Memory status after this epoch: 
Memory allocated:  1.2255859375
Memory cached:  12.0
	 epoch  30 training error:  tensor(0.7809, device='cuda:0', grad_fn=<DivBackward0>)
Memory status after this epoch: 
Memory allocated:  1.2255859375
Memory cached:  10.0
	 epoch  40 training error:  tensor(0.7002, device='cuda:0', grad_fn=<DivBackward0>)
Memory status after this epoch: 
Memory allocated:  1.2255859375
Memory cached:  10.0
	 epoch  50 training error:  tensor(0.7196, device='cuda:0', grad_fn=<DivBackward0>)
Memory status after this epoch: 
Memory allocated:  1.2255859375
Memory cached:  12.0
	 epoch  60 training error:  tensor(0.6727, device='cuda:0', grad_fn=<DivBackward0>)
Memory status after this epoch: 
Memory allocated:  1.2255859375
Memory cached:  10.0
	 epoch  70 training error:  tensor(0.6617, device='cuda:0', grad_fn=<DivBackward0>)
Memory status after this epoch: 
Memory allocated:  1.2255859375
Memory cached:  10.0
	 epoch  80 training error:  tensor(0.6622, device='cuda:0', grad_fn=<DivBackward0>)
Memory status after this epoch: 
Memory allocated:  1.2255859375
Memory cached:  12.0
	 epoch  90 training error:  tensor(0.6607, device='cuda:0', grad_fn=<DivBackward0>)
Memory status after this epoch: 
Memory allocated:  1.2255859375
Memory cached:  10.0
