[I 2024-03-12 17:50:05,321] Trial 123 finished with value: 0.34334173798561096 and parameters: {'log_learning_rate': -1.9587661168526656, 'log_learning_rate_D': -3.5315649905647053, 'log_learning_rate_D_dagger': -1.7039863404256823, 'training_batch_size': 8, 'training_p': 2, 'p_order_W': 5, 'p_order_D': 4, 'p_order_D_dagger': 3}. Best is trial 109 with value: 0.3218425512313843.
Time for this trial:  216.9026596546173
Memory status after this trial: 
Memory allocated:  3.935546875
Memory cached:  6.0
--------------------  Trial  124   --------------------
Start timing: 
Parameters: 
{'log_learning_rate': -1.9228129943155334, 'log_learning_rate_D': -3.7938963433827237, 'log_learning_rate_D_dagger': -1.695133862163071, 'training_batch_size': 7, 'training_p': 2, 'p_order_W': 5, 'p_order_D': 4, 'p_order_D_dagger': 3}

	 epoch  0 training error:  tensor(286.9130, grad_fn=<ToCopyBackward0>)
Memory status after this epoch: 
Memory allocated:  2.03662109375
Memory cached:  4.0
	 epoch  10 training error:  tensor(32.0135, grad_fn=<ToCopyBackward0>)
Memory status after this epoch: 
Memory allocated:  2.03662109375
Memory cached:  6.0
[W 2024-03-12 17:51:03,286] Trial 124 failed with parameters: {'log_learning_rate': -1.9228129943155334, 'log_learning_rate_D': -3.7938963433827237, 'log_learning_rate_D_dagger': -1.695133862163071, 'training_batch_size': 7, 'training_p': 2, 'p_order_W': 5, 'p_order_D': 4, 'p_order_D_dagger': 3} because of the following error: The value nan is not acceptable.
[W 2024-03-12 17:51:03,287] Trial 124 failed with value tensor(nan, grad_fn=<ToCopyBackward0>).
Time for this trial:  57.70282483100891
Memory status after this trial: 
Memory allocated:  3.935546875
Memory cached:  6.0
--------------------  Trial  125   --------------------
Start timing: 
Parameters: 
{'log_learning_rate': -1.934536930751909, 'log_learning_rate_D': -3.8002601948975885, 'log_learning_rate_D_dagger': -1.6901123388959516, 'training_batch_size': 7, 'training_p': 2, 'p_order_W': 5, 'p_order_D': 4, 'p_order_D_dagger': 3}

	 epoch  0 training error:  tensor(29.8505, grad_fn=<ToCopyBackward0>)
Memory status after this epoch: 
Memory allocated:  2.03662109375
Memory cached:  4.0
	 epoch  10 training error:  tensor(1.0662, grad_fn=<ToCopyBackward0>)
Memory status after this epoch: 
Memory allocated:  2.03662109375
Memory cached:  6.0
	 epoch  20 training error:  tensor(0.4471, grad_fn=<ToCopyBackward0>)
Memory status after this epoch: 
Memory allocated:  2.03662109375
Memory cached:  6.0
	 epoch  30 training error:  tensor(0.4299, grad_fn=<ToCopyBackward0>)
Memory status after this epoch: 
Memory allocated:  2.03662109375
Memory cached:  6.0
	 epoch  40 training error:  tensor(0.4219, grad_fn=<ToCopyBackward0>)
Memory status after this epoch: 
Memory allocated:  2.03662109375
Memory cached:  6.0
	 epoch  50 training error:  tensor(0.4129, grad_fn=<ToCopyBackward0>)
Memory status after this epoch: 
Memory allocated:  2.03662109375
Memory cached:  6.0
	 epoch  60 training error:  tensor(0.3970, grad_fn=<ToCopyBackward0>)
Memory status after this epoch: 
Memory allocated:  2.03662109375
Memory cached:  6.0
	 epoch  70 training error:  tensor(0.3770, grad_fn=<ToCopyBackward0>)
Memory status after this epoch: 
Memory allocated:  2.03662109375
Memory cached:  6.0
	 epoch  80 training error:  tensor(0.3655, grad_fn=<ToCopyBackward0>)
Memory status after this epoch: 
Memory allocated:  2.03662109375
Memory cached:  6.0
	 epoch  90 training error:  tensor(0.3593, grad_fn=<ToCopyBackward0>)
Memory status after this epoch: 
Memory allocated:  2.03662109375
Memory cached:  6.0
[I 2024-03-12 17:56:21,759] Trial 125 finished with value: 0.3623882830142975 and parameters: {'log_learning_rate': -1.934536930751909, 'log_learning_rate_D': -3.8002601948975885, 'log_learning_rate_D_dagger': -1.6901123388959516, 'training_batch_size': 7, 'training_p': 2, 'p_order_W': 5, 'p_order_D': 4, 'p_order_D_dagger': 3}. Best is trial 109 with value: 0.3218425512313843.
Time for this trial:  318.1824321746826
Memory status after this trial: 
Memory allocated:  3.935546875
Memory cached:  6.0
--------------------  Trial  126   --------------------
Start timing: 
Parameters: 
{'log_learning_rate': -1.8154301278679787, 'log_learning_rate_D': -3.619523391066708, 'log_learning_rate_D_dagger': -1.2679530883758, 'training_batch_size': 8, 'training_p': 3, 'p_order_W': 5, 'p_order_D': 4, 'p_order_D_dagger': 3}

	 epoch  0 training error:  tensor(252.9869, grad_fn=<ToCopyBackward0>)
Memory status after this epoch: 
Memory allocated:  2.03662109375
Memory cached:  6.0
	 epoch  10 training error:  tensor(11.1632, grad_fn=<ToCopyBackward0>)
Memory status after this epoch: 
Memory allocated:  2.03662109375
Memory cached:  6.0
	 epoch  20 training error:  tensor(1.7500, grad_fn=<ToCopyBackward0>)
Memory status after this epoch: 
Memory allocated:  2.03662109375
Memory cached:  6.0
	 epoch  30 training error:  tensor(0.6644, grad_fn=<ToCopyBackward0>)
Memory status after this epoch: 
Memory allocated:  2.03662109375
Memory cached:  6.0
	 epoch  40 training error:  tensor(0.4396, grad_fn=<ToCopyBackward0>)
Memory status after this epoch: 
Memory allocated:  2.03662109375
Memory cached:  6.0
	 epoch  50 training error:  tensor(0.4229, grad_fn=<ToCopyBackward0>)
Memory status after this epoch: 
Memory allocated:  2.03662109375
Memory cached:  6.0
	 epoch  60 training error:  tensor(0.4160, grad_fn=<ToCopyBackward0>)
Memory status after this epoch: 
Memory allocated:  2.03662109375
Memory cached:  6.0
	 epoch  70 training error:  tensor(0.4119, grad_fn=<ToCopyBackward0>)
Memory status after this epoch: 
Memory allocated:  2.03662109375
Memory cached:  8.0
	 epoch  80 training error:  tensor(0.4093, grad_fn=<ToCopyBackward0>)
Memory status after this epoch: 
Memory allocated:  2.03662109375
Memory cached:  6.0
	 epoch  90 training error:  tensor(0.4070, grad_fn=<ToCopyBackward0>)
Memory status after this epoch: 
Memory allocated:  2.03662109375
Memory cached:  6.0
[I 2024-03-12 18:00:00,298] Trial 126 finished with value: 0.3720444142818451 and parameters: {'log_learning_rate': -1.8154301278679787, 'log_learning_rate_D': -3.619523391066708, 'log_learning_rate_D_dagger': -1.2679530883758, 'training_batch_size': 8, 'training_p': 3, 'p_order_W': 5, 'p_order_D': 4, 'p_order_D_dagger': 3}. Best is trial 109 with value: 0.3218425512313843.
Time for this trial:  218.2296712398529
Memory status after this trial: 
Memory allocated:  3.935546875
Memory cached:  6.0
--------------------  Trial  127   --------------------
Start timing: 
Parameters: 
{'log_learning_rate': -2.116773061085954, 'log_learning_rate_D': -3.5508353783746287, 'log_learning_rate_D_dagger': -1.82173198938058, 'training_batch_size': 9, 'training_p': 2, 'p_order_W': 5, 'p_order_D': 4, 'p_order_D_dagger': 3}

	 epoch  0 training error:  tensor(163.7029, grad_fn=<ToCopyBackward0>)
Memory status after this epoch: 
Memory allocated:  2.13427734375
Memory cached:  8.0
	 epoch  10 training error:  tensor(86.2811, grad_fn=<ToCopyBackward0>)
Memory status after this epoch: 
Memory allocated:  2.13427734375
Memory cached:  8.0
	 epoch  20 training error:  tensor(31.9655, grad_fn=<ToCopyBackward0>)
Memory status after this epoch: 
Memory allocated:  2.13427734375
Memory cached:  8.0
	 epoch  30 training error:  tensor(4.8760, grad_fn=<ToCopyBackward0>)
Memory status after this epoch: 
Memory allocated:  2.13427734375
Memory cached:  8.0
	 epoch  40 training error:  tensor(8.3292, grad_fn=<ToCopyBackward0>)
Memory status after this epoch: 
Memory allocated:  2.13427734375
Memory cached:  8.0
	 epoch  50 training error:  tensor(2.8716, grad_fn=<ToCopyBackward0>)
Memory status after this epoch: 
Memory allocated:  2.13427734375
Memory cached:  8.0
	 epoch  60 training error:  tensor(2.0359, grad_fn=<ToCopyBackward0>)
Memory status after this epoch: 
Memory allocated:  2.13427734375
Memory cached:  8.0
	 epoch  70 training error:  tensor(1.7993, grad_fn=<ToCopyBackward0>)
Memory status after this epoch: 
Memory allocated:  2.13427734375
Memory cached:  8.0
	 epoch  80 training error:  tensor(1.6599, grad_fn=<ToCopyBackward0>)
Memory status after this epoch: 
Memory allocated:  2.13427734375
Memory cached:  8.0
	 epoch  90 training error:  tensor(1.5258, grad_fn=<ToCopyBackward0>)
Memory status after this epoch: 
Memory allocated:  2.13427734375
Memory cached:  8.0
[I 2024-03-12 18:01:58,528] Trial 127 finished with value: 1.4920578002929688 and parameters: {'log_learning_rate': -2.116773061085954, 'log_learning_rate_D': -3.5508353783746287, 'log_learning_rate_D_dagger': -1.82173198938058, 'training_batch_size': 9, 'training_p': 2, 'p_order_W': 5, 'p_order_D': 4, 'p_order_D_dagger': 3}. Best is trial 109 with value: 0.3218425512313843.
Time for this trial:  117.9782440662384
Memory status after this trial: 
Memory allocated:  3.935546875
Memory cached:  6.0
--------------------  Trial  128   --------------------
Start timing: 
Parameters: 
{'log_learning_rate': -2.4540715748735726, 'log_learning_rate_D': -3.7304118840834586, 'log_learning_rate_D_dagger': -1.5982572042797856, 'training_batch_size': 7, 'training_p': 2, 'p_order_W': 5, 'p_order_D': 4, 'p_order_D_dagger': 3}

	 epoch  0 training error:  tensor(128.0542, grad_fn=<ToCopyBackward0>)
Memory status after this epoch: 
Memory allocated:  2.03662109375
Memory cached:  4.0
[W 2024-03-12 18:02:24,821] Trial 128 failed with parameters: {'log_learning_rate': -2.4540715748735726, 'log_learning_rate_D': -3.7304118840834586, 'log_learning_rate_D_dagger': -1.5982572042797856, 'training_batch_size': 7, 'training_p': 2, 'p_order_W': 5, 'p_order_D': 4, 'p_order_D_dagger': 3} because of the following error: The value nan is not acceptable.
[W 2024-03-12 18:02:24,822] Trial 128 failed with value tensor(nan, grad_fn=<ToCopyBackward0>).
Time for this trial:  26.022417068481445
Memory status after this trial: 
Memory allocated:  3.935546875
Memory cached:  6.0
--------------------  Trial  129   --------------------
Start timing: 
Parameters: 
{'log_learning_rate': -1.9821113718580452, 'log_learning_rate_D': -3.357196886622028, 'log_learning_rate_D_dagger': -1.6300677378818311, 'training_batch_size': 7, 'training_p': 2, 'p_order_W': 5, 'p_order_D': 4, 'p_order_D_dagger': 3}

	 epoch  0 training error:  tensor(181.0537, grad_fn=<ToCopyBackward0>)
Memory status after this epoch: 
Memory allocated:  2.03662109375
Memory cached:  4.0
	 epoch  10 training error:  tensor(2.5609, grad_fn=<ToCopyBackward0>)
Memory status after this epoch: 
Memory allocated:  2.03662109375
Memory cached:  6.0
	 epoch  20 training error:  tensor(0.4967, grad_fn=<ToCopyBackward0>)
Memory status after this epoch: 
Memory allocated:  2.03662109375
Memory cached:  6.0
	 epoch  30 training error:  tensor(0.4431, grad_fn=<ToCopyBackward0>)
Memory status after this epoch: 
Memory allocated:  2.03662109375
Memory cached:  6.0
	 epoch  40 training error:  tensor(0.4305, grad_fn=<ToCopyBackward0>)
Memory status after this epoch: 
Memory allocated:  2.03662109375
Memory cached:  6.0
	 epoch  50 training error:  tensor(0.4157, grad_fn=<ToCopyBackward0>)
Memory status after this epoch: 
Memory allocated:  2.03662109375
Memory cached:  6.0
	 epoch  60 training error:  tensor(0.4042, grad_fn=<ToCopyBackward0>)
Memory status after this epoch: 
Memory allocated:  2.03662109375
Memory cached:  6.0
	 epoch  70 training error:  tensor(0.3950, grad_fn=<ToCopyBackward0>)
Memory status after this epoch: 
Memory allocated:  2.03662109375
Memory cached:  6.0
	 epoch  80 training error:  tensor(0.3873, grad_fn=<ToCopyBackward0>)
Memory status after this epoch: 
Memory allocated:  2.03662109375
Memory cached:  6.0
	 epoch  90 training error:  tensor(0.3804, grad_fn=<ToCopyBackward0>)
Memory status after this epoch: 
Memory allocated:  2.03662109375
Memory cached:  6.0
[I 2024-03-12 18:07:43,128] Trial 129 finished with value: 0.3854953944683075 and parameters: {'log_learning_rate': -1.9821113718580452, 'log_learning_rate_D': -3.357196886622028, 'log_learning_rate_D_dagger': -1.6300677378818311, 'training_batch_size': 7, 'training_p': 2, 'p_order_W': 5, 'p_order_D': 4, 'p_order_D_dagger': 3}. Best is trial 109 with value: 0.3218425512313843.
Time for this trial:  318.04216027259827
Memory status after this trial: 
Memory allocated:  3.935546875
Memory cached:  6.0
--------------------  Trial  130   --------------------
Start timing: 
Parameters: 
{'log_learning_rate': -2.4765126004579963, 'log_learning_rate_D': -3.691731770142145, 'log_learning_rate_D_dagger': -1.2170233571873725, 'training_batch_size': 7, 'training_p': 3, 'p_order_W': 5, 'p_order_D': 5, 'p_order_D_dagger': 3}

	 epoch  0 training error:  tensor(171.3760, grad_fn=<ToCopyBackward0>)
Memory status after this epoch: 
Memory allocated:  2.03662109375
Memory cached:  4.0
	 epoch  10 training error:  tensor(2.1993, grad_fn=<ToCopyBackward0>)
Memory status after this epoch: 
Memory allocated:  2.03662109375
Memory cached:  6.0
	 epoch  20 training error:  tensor(1.2297, grad_fn=<ToCopyBackward0>)
Memory status after this epoch: 
Memory allocated:  2.03662109375
Memory cached:  6.0
	 epoch  30 training error:  tensor(0.6922, grad_fn=<ToCopyBackward0>)
Memory status after this epoch: 
Memory allocated:  2.03662109375
Memory cached:  6.0
	 epoch  40 training error:  tensor(0.5680, grad_fn=<ToCopyBackward0>)
Memory status after this epoch: 
Memory allocated:  2.03662109375
Memory cached:  6.0
	 epoch  50 training error:  tensor(1.0151, grad_fn=<ToCopyBackward0>)
Memory status after this epoch: 
Memory allocated:  2.03662109375
Memory cached:  6.0
	 epoch  60 training error:  tensor(0.4758, grad_fn=<ToCopyBackward0>)
Memory status after this epoch: 
Memory allocated:  2.03662109375
Memory cached:  6.0
	 epoch  70 training error:  tensor(0.5762, grad_fn=<ToCopyBackward0>)
Memory status after this epoch: 
Memory allocated:  2.03662109375
Memory cached:  6.0
	 epoch  80 training error:  tensor(0.4604, grad_fn=<ToCopyBackward0>)
Memory status after this epoch: 
Memory allocated:  2.03662109375
Memory cached:  6.0
	 epoch  90 training error:  tensor(0.4456, grad_fn=<ToCopyBackward0>)
Memory status after this epoch: 
Memory allocated:  2.03662109375
Memory cached:  6.0
[I 2024-03-12 18:13:01,422] Trial 130 finished with value: 0.41704875230789185 and parameters: {'log_learning_rate': -2.4765126004579963, 'log_learning_rate_D': -3.691731770142145, 'log_learning_rate_D_dagger': -1.2170233571873725, 'training_batch_size': 7, 'training_p': 3, 'p_order_W': 5, 'p_order_D': 5, 'p_order_D_dagger': 3}. Best is trial 109 with value: 0.3218425512313843.
Time for this trial:  318.01020646095276
Memory status after this trial: 
Memory allocated:  3.935546875
Memory cached:  6.0
--------------------  Trial  131   --------------------
Start timing: 
Parameters: 
{'log_learning_rate': -1.6893865997851294, 'log_learning_rate_D': -3.0713724280612995, 'log_learning_rate_D_dagger': -1.0932110914291706, 'training_batch_size': 8, 'training_p': 3, 'p_order_W': 5, 'p_order_D': 4, 'p_order_D_dagger': 3}

	 epoch  0 training error:  tensor(103.7653, grad_fn=<ToCopyBackward0>)
Memory status after this epoch: 
Memory allocated:  2.03662109375
Memory cached:  6.0
[W 2024-03-12 18:13:26,406] Trial 131 failed with parameters: {'log_learning_rate': -1.6893865997851294, 'log_learning_rate_D': -3.0713724280612995, 'log_learning_rate_D_dagger': -1.0932110914291706, 'training_batch_size': 8, 'training_p': 3, 'p_order_W': 5, 'p_order_D': 4, 'p_order_D_dagger': 3} because of the following error: The value nan is not acceptable.
[W 2024-03-12 18:13:26,407] Trial 131 failed with value tensor(nan, grad_fn=<ToCopyBackward0>).
Time for this trial:  24.72488498687744
Memory status after this trial: 
Memory allocated:  3.935546875
Memory cached:  6.0
--------------------  Trial  132   --------------------
Start timing: 
Parameters: 
{'log_learning_rate': -1.6403132480647657, 'log_learning_rate_D': -3.0672567496585703, 'log_learning_rate_D_dagger': -1.3803685143911968, 'training_batch_size': 8, 'training_p': 3, 'p_order_W': 5, 'p_order_D': 4, 'p_order_D_dagger': 3}

	 epoch  0 training error:  tensor(31.2599, grad_fn=<ToCopyBackward0>)
Memory status after this epoch: 
Memory allocated:  2.03662109375
Memory cached:  6.0
	 epoch  10 training error:  tensor(1.8165, grad_fn=<ToCopyBackward0>)
Memory status after this epoch: 
Memory allocated:  2.03662109375
Memory cached:  6.0
	 epoch  20 training error:  tensor(0.8492, grad_fn=<ToCopyBackward0>)
Memory status after this epoch: 
Memory allocated:  2.03662109375
Memory cached:  6.0
	 epoch  30 training error:  tensor(0.5628, grad_fn=<ToCopyBackward0>)
Memory status after this epoch: 
Memory allocated:  2.03662109375
Memory cached:  6.0
	 epoch  40 training error:  tensor(0.5037, grad_fn=<ToCopyBackward0>)
Memory status after this epoch: 
Memory allocated:  2.03662109375
Memory cached:  6.0
	 epoch  50 training error:  tensor(0.4630, grad_fn=<ToCopyBackward0>)
Memory status after this epoch: 
Memory allocated:  2.03662109375
Memory cached:  6.0
	 epoch  60 training error:  tensor(0.4333, grad_fn=<ToCopyBackward0>)
Memory status after this epoch: 
Memory allocated:  2.03662109375
Memory cached:  6.0
	 epoch  70 training error:  tensor(0.4100, grad_fn=<ToCopyBackward0>)
Memory status after this epoch: 
Memory allocated:  2.03662109375
Memory cached:  8.0
	 epoch  80 training error:  tensor(0.3907, grad_fn=<ToCopyBackward0>)
Memory status after this epoch: 
Memory allocated:  2.03662109375
Memory cached:  6.0
	 epoch  90 training error:  tensor(0.4123, grad_fn=<ToCopyBackward0>)
Memory status after this epoch: 
Memory allocated:  2.03662109375
Memory cached:  6.0
[I 2024-03-12 18:17:04,360] Trial 132 finished with value: 0.3367488980293274 and parameters: {'log_learning_rate': -1.6403132480647657, 'log_learning_rate_D': -3.0672567496585703, 'log_learning_rate_D_dagger': -1.3803685143911968, 'training_batch_size': 8, 'training_p': 3, 'p_order_W': 5, 'p_order_D': 4, 'p_order_D_dagger': 3}. Best is trial 109 with value: 0.3218425512313843.
Time for this trial:  217.69077968597412
Memory status after this trial: 
Memory allocated:  3.935546875
Memory cached:  6.0
--------------------  Trial  133   --------------------
Start timing: 
Parameters: 
{'log_learning_rate': -1.6715043210363691, 'log_learning_rate_D': -3.081550335288208, 'log_learning_rate_D_dagger': -1.3554320114676437, 'training_batch_size': 8, 'training_p': 2, 'p_order_W': 5, 'p_order_D': 4, 'p_order_D_dagger': 3}

	 epoch  0 training error:  tensor(77.8244, grad_fn=<ToCopyBackward0>)
Memory status after this epoch: 
Memory allocated:  2.03662109375
Memory cached:  6.0
	 epoch  10 training error:  tensor(4.8690, grad_fn=<ToCopyBackward0>)
Memory status after this epoch: 
Memory allocated:  2.03662109375
Memory cached:  6.0
	 epoch  20 training error:  tensor(1.2022, grad_fn=<ToCopyBackward0>)
Memory status after this epoch: 
Memory allocated:  2.03662109375
Memory cached:  6.0
	 epoch  30 training error:  tensor(0.4797, grad_fn=<ToCopyBackward0>)
Memory status after this epoch: 
Memory allocated:  2.03662109375
Memory cached:  6.0
	 epoch  40 training error:  tensor(0.4134, grad_fn=<ToCopyBackward0>)
Memory status after this epoch: 
Memory allocated:  2.03662109375
Memory cached:  6.0
	 epoch  50 training error:  tensor(0.3865, grad_fn=<ToCopyBackward0>)
Memory status after this epoch: 
Memory allocated:  2.03662109375
Memory cached:  6.0
	 epoch  60 training error:  tensor(0.3648, grad_fn=<ToCopyBackward0>)
Memory status after this epoch: 
Memory allocated:  2.03662109375
Memory cached:  6.0
	 epoch  70 training error:  tensor(0.3464, grad_fn=<ToCopyBackward0>)
Memory status after this epoch: 
Memory allocated:  2.03662109375
Memory cached:  8.0
	 epoch  80 training error:  tensor(0.3328, grad_fn=<ToCopyBackward0>)
Memory status after this epoch: 
Memory allocated:  2.03662109375
Memory cached:  6.0
	 epoch  90 training error:  tensor(0.3399, grad_fn=<ToCopyBackward0>)
Memory status after this epoch: 
Memory allocated:  2.03662109375
Memory cached:  6.0
