[I 2024-03-11 16:06:08,915] Trial 13 finished with value: 0.5509872436523438 and parameters: {'log_learning_rate': -1.2634421050497067, 'log_learning_rate_D': -4.23728207811169, 'log_learning_rate_D_dagger': -2.0481981157665965, 'training_batch_size': 10, 'training_p': 5}. Best is trial 11 with value: 0.46003055572509766.
Time for this trial:  103.89694261550903
Memory status after this trial: 
Memory allocated:  3.3525390625
Memory cached:  6.0
--------------------  Trial  14   --------------------
Start timing: 
Parameters: 
{'log_learning_rate': -2.585491401571747, 'log_learning_rate_D': -3.3280838605364127, 'log_learning_rate_D_dagger': -3.656976963065609, 'training_batch_size': 6, 'training_p': 6}
	 epoch  0 training error:  tensor(51.1892, grad_fn=<ToCopyBackward0>)
Memory status after this epoch: 
Memory allocated:  1.94189453125
Memory cached:  4.0
	 epoch  10 training error:  tensor(45.8832, grad_fn=<ToCopyBackward0>)
Memory status after this epoch: 
Memory allocated:  1.94189453125
Memory cached:  4.0
	 epoch  20 training error:  tensor(40.8133, grad_fn=<ToCopyBackward0>)
Memory status after this epoch: 
Memory allocated:  1.94189453125
Memory cached:  4.0
	 epoch  30 training error:  tensor(36.0025, grad_fn=<ToCopyBackward0>)
Memory status after this epoch: 
Memory allocated:  1.94189453125
Memory cached:  4.0
	 epoch  40 training error:  tensor(31.3906, grad_fn=<ToCopyBackward0>)
Memory status after this epoch: 
Memory allocated:  1.94189453125
Memory cached:  4.0
	 epoch  50 training error:  tensor(26.9966, grad_fn=<ToCopyBackward0>)
Memory status after this epoch: 
Memory allocated:  1.94189453125
Memory cached:  4.0
	 epoch  60 training error:  tensor(22.7087, grad_fn=<ToCopyBackward0>)
Memory status after this epoch: 
Memory allocated:  1.94189453125
Memory cached:  4.0
	 epoch  70 training error:  tensor(18.6500, grad_fn=<ToCopyBackward0>)
Memory status after this epoch: 
Memory allocated:  1.94189453125
Memory cached:  4.0
	 epoch  80 training error:  tensor(14.7505, grad_fn=<ToCopyBackward0>)
Memory status after this epoch: 
Memory allocated:  1.94189453125
Memory cached:  4.0
	 epoch  90 training error:  tensor(11.0146, grad_fn=<ToCopyBackward0>)
Memory status after this epoch: 
Memory allocated:  1.94189453125
Memory cached:  4.0
[I 2024-03-11 16:13:41,326] Trial 14 finished with value: 5.708029270172119 and parameters: {'log_learning_rate': -2.585491401571747, 'log_learning_rate_D': -3.3280838605364127, 'log_learning_rate_D_dagger': -3.656976963065609, 'training_batch_size': 6, 'training_p': 6}. Best is trial 11 with value: 0.46003055572509766.
Time for this trial:  452.1668984889984
Memory status after this trial: 
Memory allocated:  3.4521484375
Memory cached:  4.0
--------------------  Trial  15   --------------------
Start timing: 
Parameters: 
{'log_learning_rate': -2.187068991856652, 'log_learning_rate_D': -1.1827893295810785, 'log_learning_rate_D_dagger': -2.492255019973957, 'training_batch_size': 8, 'training_p': 3}
	 epoch  0 training error:  tensor(215.7519, grad_fn=<ToCopyBackward0>)
Memory status after this epoch: 
Memory allocated:  1.84228515625
Memory cached:  4.0
	 epoch  10 training error:  tensor(177.3168, grad_fn=<ToCopyBackward0>)
Memory status after this epoch: 
Memory allocated:  1.84228515625
Memory cached:  4.0
	 epoch  20 training error:  tensor(143.9854, grad_fn=<ToCopyBackward0>)
Memory status after this epoch: 
Memory allocated:  1.84228515625
Memory cached:  4.0
	 epoch  30 training error:  tensor(115.8465, grad_fn=<ToCopyBackward0>)
Memory status after this epoch: 
Memory allocated:  1.84228515625
Memory cached:  4.0
	 epoch  40 training error:  tensor(92.0301, grad_fn=<ToCopyBackward0>)
Memory status after this epoch: 
Memory allocated:  1.84228515625
Memory cached:  4.0
	 epoch  50 training error:  tensor(72.2623, grad_fn=<ToCopyBackward0>)
Memory status after this epoch: 
Memory allocated:  1.84228515625
Memory cached:  4.0
	 epoch  60 training error:  tensor(55.9258, grad_fn=<ToCopyBackward0>)
Memory status after this epoch: 
Memory allocated:  1.84228515625
Memory cached:  4.0
	 epoch  70 training error:  tensor(42.7190, grad_fn=<ToCopyBackward0>)
Memory status after this epoch: 
Memory allocated:  1.84228515625
Memory cached:  4.0
	 epoch  80 training error:  tensor(32.0398, grad_fn=<ToCopyBackward0>)
Memory status after this epoch: 
Memory allocated:  1.84228515625
Memory cached:  4.0
	 epoch  90 training error:  tensor(23.5984, grad_fn=<ToCopyBackward0>)
Memory status after this epoch: 
Memory allocated:  1.84228515625
Memory cached:  4.0
[I 2024-03-11 16:16:51,608] Trial 15 finished with value: 12.247414588928223 and parameters: {'log_learning_rate': -2.187068991856652, 'log_learning_rate_D': -1.1827893295810785, 'log_learning_rate_D_dagger': -2.492255019973957, 'training_batch_size': 8, 'training_p': 3}. Best is trial 11 with value: 0.46003055572509766.
Time for this trial:  190.046236038208
Memory status after this trial: 
Memory allocated:  3.3525390625
Memory cached:  4.0
--------------------  Trial  16   --------------------
Start timing: 
Parameters: 
{'log_learning_rate': -1.019999029945883, 'log_learning_rate_D': -4.180606695278626, 'log_learning_rate_D_dagger': -2.246635749034576, 'training_batch_size': 9, 'training_p': 4}
	 epoch  0 training error:  tensor(70.4365, grad_fn=<ToCopyBackward0>)
Memory status after this epoch: 
Memory allocated:  1.93994140625
Memory cached:  8.0
	 epoch  10 training error:  tensor(43.7750, grad_fn=<ToCopyBackward0>)
Memory status after this epoch: 
Memory allocated:  1.93994140625
Memory cached:  8.0
	 epoch  20 training error:  tensor(22.0853, grad_fn=<ToCopyBackward0>)
Memory status after this epoch: 
Memory allocated:  1.93994140625
Memory cached:  8.0
	 epoch  30 training error:  tensor(5.6417, grad_fn=<ToCopyBackward0>)
Memory status after this epoch: 
Memory allocated:  1.93994140625
Memory cached:  8.0
	 epoch  40 training error:  tensor(5.9000, grad_fn=<ToCopyBackward0>)
Memory status after this epoch: 
Memory allocated:  1.93994140625
Memory cached:  8.0
	 epoch  50 training error:  tensor(3.4572, grad_fn=<ToCopyBackward0>)
Memory status after this epoch: 
Memory allocated:  1.93994140625
Memory cached:  8.0
	 epoch  60 training error:  tensor(3.3882, grad_fn=<ToCopyBackward0>)
Memory status after this epoch: 
Memory allocated:  1.93994140625
Memory cached:  8.0
	 epoch  70 training error:  tensor(2.9167, grad_fn=<ToCopyBackward0>)
Memory status after this epoch: 
Memory allocated:  1.93994140625
Memory cached:  8.0
	 epoch  80 training error:  tensor(2.6420, grad_fn=<ToCopyBackward0>)
Memory status after this epoch: 
Memory allocated:  1.93994140625
Memory cached:  6.0
	 epoch  90 training error:  tensor(2.5261, grad_fn=<ToCopyBackward0>)
Memory status after this epoch: 
Memory allocated:  1.93994140625
Memory cached:  6.0
[I 2024-03-11 16:18:35,549] Trial 16 finished with value: 2.182781219482422 and parameters: {'log_learning_rate': -1.019999029945883, 'log_learning_rate_D': -4.180606695278626, 'log_learning_rate_D_dagger': -2.246635749034576, 'training_batch_size': 9, 'training_p': 4}. Best is trial 11 with value: 0.46003055572509766.
Time for this trial:  103.72771549224854
Memory status after this trial: 
Memory allocated:  3.3525390625
Memory cached:  6.0
--------------------  Trial  17   --------------------
Start timing: 
Parameters: 
{'log_learning_rate': -1.104821924376985, 'log_learning_rate_D': -4.9675909815726715, 'log_learning_rate_D_dagger': -1.7610139227068804, 'training_batch_size': 8, 'training_p': 7}
	 epoch  0 training error:  tensor(20.2550, grad_fn=<ToCopyBackward0>)
Memory status after this epoch: 
Memory allocated:  1.84228515625
Memory cached:  4.0
	 epoch  10 training error:  tensor(1.5775, grad_fn=<ToCopyBackward0>)
Memory status after this epoch: 
Memory allocated:  1.84228515625
Memory cached:  4.0
	 epoch  20 training error:  tensor(0.5763, grad_fn=<ToCopyBackward0>)
Memory status after this epoch: 
Memory allocated:  1.84228515625
Memory cached:  4.0
	 epoch  30 training error:  tensor(0.5531, grad_fn=<ToCopyBackward0>)
Memory status after this epoch: 
Memory allocated:  1.84228515625
Memory cached:  4.0
	 epoch  40 training error:  tensor(0.5500, grad_fn=<ToCopyBackward0>)
Memory status after this epoch: 
Memory allocated:  1.84228515625
Memory cached:  4.0
	 epoch  50 training error:  tensor(0.5454, grad_fn=<ToCopyBackward0>)
Memory status after this epoch: 
Memory allocated:  1.84228515625
Memory cached:  4.0
	 epoch  60 training error:  tensor(0.5404, grad_fn=<ToCopyBackward0>)
Memory status after this epoch: 
Memory allocated:  1.84228515625
Memory cached:  4.0
	 epoch  70 training error:  tensor(0.5349, grad_fn=<ToCopyBackward0>)
Memory status after this epoch: 
Memory allocated:  1.84228515625
Memory cached:  4.0
	 epoch  80 training error:  tensor(0.5309, grad_fn=<ToCopyBackward0>)
Memory status after this epoch: 
Memory allocated:  1.84228515625
Memory cached:  4.0
	 epoch  90 training error:  tensor(0.5291, grad_fn=<ToCopyBackward0>)
Memory status after this epoch: 
Memory allocated:  1.84228515625
Memory cached:  4.0
[I 2024-03-11 16:21:46,237] Trial 17 finished with value: 0.4166421592235565 and parameters: {'log_learning_rate': -1.104821924376985, 'log_learning_rate_D': -4.9675909815726715, 'log_learning_rate_D_dagger': -1.7610139227068804, 'training_batch_size': 8, 'training_p': 7}. Best is trial 17 with value: 0.4166421592235565.
res:  tensor(0.4166, grad_fn=<ToCopyBackward0>)
self.bestValue:  tensor(0.4600, grad_fn=<ToCopyBackward0>)
Save this model!
Time for this trial:  190.48303389549255
Memory status after this trial: 
Memory allocated:  1.81201171875
Memory cached:  4.0
--------------------  Trial  18   --------------------
Start timing: 
Parameters: 
{'log_learning_rate': -1.9425318202890725, 'log_learning_rate_D': -4.991529360816454, 'log_learning_rate_D_dagger': -1.0127001114880727, 'training_batch_size': 8, 'training_p': 8}
	 epoch  0 training error:  tensor(259.6285, grad_fn=<ToCopyBackward0>)
Memory status after this epoch: 
Memory allocated:  1.84228515625
Memory cached:  4.0
	 epoch  10 training error:  tensor(4.8684, grad_fn=<ToCopyBackward0>)
Memory status after this epoch: 
Memory allocated:  1.84228515625
Memory cached:  4.0
	 epoch  20 training error:  tensor(6.4769, grad_fn=<ToCopyBackward0>)
Memory status after this epoch: 
Memory allocated:  1.84228515625
Memory cached:  4.0
	 epoch  30 training error:  tensor(0.6508, grad_fn=<ToCopyBackward0>)
Memory status after this epoch: 
Memory allocated:  1.84228515625
Memory cached:  4.0
	 epoch  40 training error:  tensor(0.5866, grad_fn=<ToCopyBackward0>)
Memory status after this epoch: 
Memory allocated:  1.84228515625
Memory cached:  4.0
	 epoch  50 training error:  tensor(0.5773, grad_fn=<ToCopyBackward0>)
Memory status after this epoch: 
Memory allocated:  1.84228515625
Memory cached:  4.0
	 epoch  60 training error:  tensor(0.5686, grad_fn=<ToCopyBackward0>)
Memory status after this epoch: 
Memory allocated:  1.84228515625
Memory cached:  4.0
	 epoch  70 training error:  tensor(0.5620, grad_fn=<ToCopyBackward0>)
Memory status after this epoch: 
Memory allocated:  1.84228515625
Memory cached:  4.0
	 epoch  80 training error:  tensor(0.5570, grad_fn=<ToCopyBackward0>)
Memory status after this epoch: 
Memory allocated:  1.84228515625
Memory cached:  4.0
	 epoch  90 training error:  tensor(0.5530, grad_fn=<ToCopyBackward0>)
Memory status after this epoch: 
Memory allocated:  1.84228515625
Memory cached:  4.0
[W 2024-03-11 16:24:41,849] Trial 18 failed with parameters: {'log_learning_rate': -1.9425318202890725, 'log_learning_rate_D': -4.991529360816454, 'log_learning_rate_D_dagger': -1.0127001114880727, 'training_batch_size': 8, 'training_p': 8} because of the following error: The value nan is not acceptable.
[W 2024-03-11 16:24:41,849] Trial 18 failed with value tensor(nan, grad_fn=<ToCopyBackward0>).
Time for this trial:  175.4095482826233
Memory status after this trial: 
Memory allocated:  3.3525390625
Memory cached:  4.0
--------------------  Trial  19   --------------------
Start timing: 
Parameters: 
{'log_learning_rate': -2.060921724965495, 'log_learning_rate_D': -4.885827620423704, 'log_learning_rate_D_dagger': -1.2697534964648471, 'training_batch_size': 8, 'training_p': 8}
	 epoch  0 training error:  tensor(52.8822, grad_fn=<ToCopyBackward0>)
Memory status after this epoch: 
Memory allocated:  1.84228515625
Memory cached:  4.0
	 epoch  10 training error:  tensor(2.7300, grad_fn=<ToCopyBackward0>)
Memory status after this epoch: 
Memory allocated:  1.84228515625
Memory cached:  4.0
	 epoch  20 training error:  tensor(0.7955, grad_fn=<ToCopyBackward0>)
Memory status after this epoch: 
Memory allocated:  1.84228515625
Memory cached:  4.0
	 epoch  30 training error:  tensor(0.6730, grad_fn=<ToCopyBackward0>)
Memory status after this epoch: 
Memory allocated:  1.84228515625
Memory cached:  4.0
	 epoch  40 training error:  tensor(0.6143, grad_fn=<ToCopyBackward0>)
Memory status after this epoch: 
Memory allocated:  1.84228515625
Memory cached:  4.0
	 epoch  50 training error:  tensor(0.5892, grad_fn=<ToCopyBackward0>)
Memory status after this epoch: 
Memory allocated:  1.84228515625
Memory cached:  4.0
	 epoch  60 training error:  tensor(0.5742, grad_fn=<ToCopyBackward0>)
Memory status after this epoch: 
Memory allocated:  1.84228515625
Memory cached:  4.0
	 epoch  70 training error:  tensor(0.5672, grad_fn=<ToCopyBackward0>)
Memory status after this epoch: 
Memory allocated:  1.84228515625
Memory cached:  4.0
	 epoch  80 training error:  tensor(0.5635, grad_fn=<ToCopyBackward0>)
Memory status after this epoch: 
Memory allocated:  1.84228515625
Memory cached:  4.0
	 epoch  90 training error:  tensor(0.5600, grad_fn=<ToCopyBackward0>)
Memory status after this epoch: 
Memory allocated:  1.84228515625
Memory cached:  4.0
[I 2024-03-11 16:27:52,423] Trial 19 finished with value: 0.45212194323539734 and parameters: {'log_learning_rate': -2.060921724965495, 'log_learning_rate_D': -4.885827620423704, 'log_learning_rate_D_dagger': -1.2697534964648471, 'training_batch_size': 8, 'training_p': 8}. Best is trial 17 with value: 0.4166421592235565.
Time for this trial:  190.36562156677246
Memory status after this trial: 
Memory allocated:  3.3525390625
Memory cached:  6.0
--------------------  Trial  20   --------------------
Start timing: 
Parameters: 
{'log_learning_rate': -1.0546616981877268, 'log_learning_rate_D': -4.939090024507162, 'log_learning_rate_D_dagger': -1.1483671452802544, 'training_batch_size': 8, 'training_p': 8}
	 epoch  0 training error:  tensor(2.1735, grad_fn=<ToCopyBackward0>)
Memory status after this epoch: 
Memory allocated:  1.84228515625
Memory cached:  4.0
	 epoch  10 training error:  tensor(0.5894, grad_fn=<ToCopyBackward0>)
Memory status after this epoch: 
Memory allocated:  1.84228515625
Memory cached:  4.0
	 epoch  20 training error:  tensor(0.5524, grad_fn=<ToCopyBackward0>)
Memory status after this epoch: 
Memory allocated:  1.84228515625
Memory cached:  4.0
	 epoch  30 training error:  tensor(0.5517, grad_fn=<ToCopyBackward0>)
Memory status after this epoch: 
Memory allocated:  1.84228515625
Memory cached:  4.0
	 epoch  40 training error:  tensor(0.5505, grad_fn=<ToCopyBackward0>)
Memory status after this epoch: 
Memory allocated:  1.84228515625
Memory cached:  4.0
	 epoch  50 training error:  tensor(0.5485, grad_fn=<ToCopyBackward0>)
Memory status after this epoch: 
Memory allocated:  1.84228515625
Memory cached:  4.0
	 epoch  60 training error:  tensor(0.5442, grad_fn=<ToCopyBackward0>)
Memory status after this epoch: 
Memory allocated:  1.84228515625
Memory cached:  4.0
	 epoch  70 training error:  tensor(0.5451, grad_fn=<ToCopyBackward0>)
Memory status after this epoch: 
Memory allocated:  1.84228515625
Memory cached:  4.0
	 epoch  80 training error:  tensor(0.5437, grad_fn=<ToCopyBackward0>)
Memory status after this epoch: 
Memory allocated:  1.84228515625
Memory cached:  4.0
	 epoch  90 training error:  tensor(0.5460, grad_fn=<ToCopyBackward0>)
Memory status after this epoch: 
Memory allocated:  1.84228515625
Memory cached:  4.0
[I 2024-03-11 16:31:02,334] Trial 20 finished with value: 0.4040220379829407 and parameters: {'log_learning_rate': -1.0546616981877268, 'log_learning_rate_D': -4.939090024507162, 'log_learning_rate_D_dagger': -1.1483671452802544, 'training_batch_size': 8, 'training_p': 8}. Best is trial 20 with value: 0.4040220379829407.
res:  tensor(0.4040, grad_fn=<ToCopyBackward0>)
self.bestValue:  tensor(0.4166, grad_fn=<ToCopyBackward0>)
Save this model!
Time for this trial:  189.68829822540283
Memory status after this trial: 
Memory allocated:  1.81201171875
Memory cached:  6.0
--------------------  Trial  21   --------------------
Start timing: 
Parameters: 
{'log_learning_rate': -1.0766670469125703, 'log_learning_rate_D': -4.931396874276357, 'log_learning_rate_D_dagger': -1.023028670208166, 'training_batch_size': 7, 'training_p': 7}
	 epoch  0 training error:  tensor(128.1887, grad_fn=<ToCopyBackward0>)
Memory status after this epoch: 
Memory allocated:  1.84228515625
Memory cached:  6.0
	 epoch  10 training error:  tensor(3.6959, grad_fn=<ToCopyBackward0>)
Memory status after this epoch: 
Memory allocated:  1.84228515625
Memory cached:  6.0
	 epoch  20 training error:  tensor(0.6376, grad_fn=<ToCopyBackward0>)
Memory status after this epoch: 
Memory allocated:  1.84228515625
Memory cached:  6.0
	 epoch  30 training error:  tensor(0.5429, grad_fn=<ToCopyBackward0>)
Memory status after this epoch: 
Memory allocated:  1.84228515625
Memory cached:  6.0
	 epoch  40 training error:  tensor(0.5245, grad_fn=<ToCopyBackward0>)
Memory status after this epoch: 
Memory allocated:  1.84228515625
Memory cached:  6.0
	 epoch  50 training error:  tensor(0.5370, grad_fn=<ToCopyBackward0>)
Memory status after this epoch: 
Memory allocated:  1.84228515625
Memory cached:  6.0
	 epoch  60 training error:  tensor(0.5262, grad_fn=<ToCopyBackward0>)
Memory status after this epoch: 
Memory allocated:  1.84228515625
Memory cached:  6.0
	 epoch  70 training error:  tensor(0.5381, grad_fn=<ToCopyBackward0>)
Memory status after this epoch: 
Memory allocated:  1.84228515625
Memory cached:  6.0
	 epoch  80 training error:  tensor(0.5260, grad_fn=<ToCopyBackward0>)
Memory status after this epoch: 
Memory allocated:  1.84228515625
Memory cached:  6.0
	 epoch  90 training error:  tensor(0.5221, grad_fn=<ToCopyBackward0>)
Memory status after this epoch: 
Memory allocated:  1.84228515625
Memory cached:  6.0
[I 2024-03-11 16:35:39,297] Trial 21 finished with value: 0.39170145988464355 and parameters: {'log_learning_rate': -1.0766670469125703, 'log_learning_rate_D': -4.931396874276357, 'log_learning_rate_D_dagger': -1.023028670208166, 'training_batch_size': 7, 'training_p': 7}. Best is trial 21 with value: 0.39170145988464355.
res:  tensor(0.3917, grad_fn=<ToCopyBackward0>)
self.bestValue:  tensor(0.4040, grad_fn=<ToCopyBackward0>)
Save this model!
Time for this trial:  276.7614321708679
Memory status after this trial: 
Memory allocated:  1.81201171875
Memory cached:  4.0
--------------------  Trial  22   --------------------
Start timing: 
Parameters: 
{'log_learning_rate': -1.5200687381469944, 'log_learning_rate_D': -4.592463410215662, 'log_learning_rate_D_dagger': -1.1809624224158002, 'training_batch_size': 7, 'training_p': 7}
	 epoch  0 training error:  tensor(360.8520, grad_fn=<ToCopyBackward0>)
Memory status after this epoch: 
Memory allocated:  1.84228515625
Memory cached:  4.0
	 epoch  10 training error:  tensor(3.5134, grad_fn=<ToCopyBackward0>)
Memory status after this epoch: 
Memory allocated:  1.84228515625
Memory cached:  4.0
	 epoch  20 training error:  tensor(0.7546, grad_fn=<ToCopyBackward0>)
Memory status after this epoch: 
Memory allocated:  1.84228515625
Memory cached:  4.0
	 epoch  30 training error:  tensor(0.6653, grad_fn=<ToCopyBackward0>)
Memory status after this epoch: 
Memory allocated:  1.84228515625
Memory cached:  4.0
	 epoch  40 training error:  tensor(0.5916, grad_fn=<ToCopyBackward0>)
Memory status after this epoch: 
Memory allocated:  1.84228515625
Memory cached:  4.0
	 epoch  50 training error:  tensor(0.5740, grad_fn=<ToCopyBackward0>)
Memory status after this epoch: 
Memory allocated:  1.84228515625
Memory cached:  4.0
	 epoch  60 training error:  tensor(0.5622, grad_fn=<ToCopyBackward0>)
Memory status after this epoch: 
Memory allocated:  1.84228515625
Memory cached:  4.0
	 epoch  70 training error:  tensor(0.5521, grad_fn=<ToCopyBackward0>)
Memory status after this epoch: 
Memory allocated:  1.84228515625
Memory cached:  4.0
	 epoch  80 training error:  tensor(0.5429, grad_fn=<ToCopyBackward0>)
Memory status after this epoch: 
Memory allocated:  1.84228515625
Memory cached:  4.0
	 epoch  90 training error:  tensor(0.5347, grad_fn=<ToCopyBackward0>)
Memory status after this epoch: 
Memory allocated:  1.84228515625
Memory cached:  4.0
