[I 2024-02-16 22:23:36,350] Trial 53 finished with value: 0.08999524265527725 and parameters: {'W_layers': 4, 'W_layer_units_exponent_0': 8, 'W_layer_units_exponent_1': 9, 'W_layer_units_exponent_2': 4, 'W_layer_units_exponent_3': 10, 'D_layers': 2, 'D_layer_units_exponent_0': 9, 'D_layer_units_exponent_1': 4, 'D_dagger_layers': 2, 'D_dagger_layer_units_exponent_0': 9, 'D_dagger_layer_units_exponent_1': 6, 'log_learning_rate': -4.076530961546662, 'log_learning_rate_D': -3.1935805834232234, 'log_learning_rate_D_dagger': -2.7586585954689173, 'training_batch_size': 6, 'training_p': 6}. Best is trial 45 with value: 0.03961218520998955.
Time for this trial:  575.8084535598755
Memory status after this trial: 
Memory allocated:  1343.22802734375
Memory cached:  1348.0
--------------------  Trial  54   --------------------
Start timing: 
Parameters: 
{'W_layers': 3, 'W_layer_units_exponent_0': 8, 'W_layer_units_exponent_1': 10, 'W_layer_units_exponent_2': 4, 'D_layers': 4, 'D_layer_units_exponent_0': 8, 'D_layer_units_exponent_1': 6, 'D_layer_units_exponent_2': 8, 'D_layer_units_exponent_3': 7, 'D_dagger_layers': 4, 'D_dagger_layer_units_exponent_0': 8, 'D_dagger_layer_units_exponent_1': 4, 'D_dagger_layer_units_exponent_2': 7, 'D_dagger_layer_units_exponent_3': 10, 'log_learning_rate': -3.8670783219362805, 'log_learning_rate_D': -2.9144491624747855, 'log_learning_rate_D_dagger': -2.6488490991796567, 'training_batch_size': 6, 'training_p': 8}
	 epoch  0 training error:  tensor(0.7105, device='cuda:0', grad_fn=<DivBackward0>)
Memory status after this epoch: 
Memory allocated:  761.4208984375
Memory cached:  1330.0
	 epoch  10 training error:  tensor(0.5485, device='cuda:0', grad_fn=<DivBackward0>)
Memory status after this epoch: 
Memory allocated:  761.4208984375
Memory cached:  1330.0
	 epoch  20 training error:  tensor(0.5280, device='cuda:0', grad_fn=<DivBackward0>)
Memory status after this epoch: 
Memory allocated:  761.4208984375
Memory cached:  1330.0
	 epoch  30 training error:  tensor(0.4992, device='cuda:0', grad_fn=<DivBackward0>)
Memory status after this epoch: 
Memory allocated:  761.4208984375
Memory cached:  1330.0
	 epoch  40 training error:  tensor(0.3431, device='cuda:0', grad_fn=<DivBackward0>)
Memory status after this epoch: 
Memory allocated:  761.4208984375
Memory cached:  1330.0
	 epoch  50 training error:  tensor(0.2211, device='cuda:0', grad_fn=<DivBackward0>)
Memory status after this epoch: 
Memory allocated:  761.4208984375
Memory cached:  1330.0
	 epoch  60 training error:  tensor(0.1715, device='cuda:0', grad_fn=<DivBackward0>)
Memory status after this epoch: 
Memory allocated:  761.4208984375
Memory cached:  1330.0
	 epoch  70 training error:  tensor(0.1612, device='cuda:0', grad_fn=<DivBackward0>)
Memory status after this epoch: 
Memory allocated:  761.4208984375
Memory cached:  1330.0
	 epoch  80 training error:  tensor(0.1780, device='cuda:0', grad_fn=<DivBackward0>)
Memory status after this epoch: 
Memory allocated:  761.4208984375
Memory cached:  1330.0
	 epoch  90 training error:  tensor(0.1489, device='cuda:0', grad_fn=<DivBackward0>)
Memory status after this epoch: 
Memory allocated:  761.4208984375
Memory cached:  1330.0
[I 2024-02-16 22:35:05,157] Trial 54 finished with value: 0.086281917989254 and parameters: {'W_layers': 3, 'W_layer_units_exponent_0': 8, 'W_layer_units_exponent_1': 10, 'W_layer_units_exponent_2': 4, 'D_layers': 4, 'D_layer_units_exponent_0': 8, 'D_layer_units_exponent_1': 6, 'D_layer_units_exponent_2': 8, 'D_layer_units_exponent_3': 7, 'D_dagger_layers': 4, 'D_dagger_layer_units_exponent_0': 8, 'D_dagger_layer_units_exponent_1': 4, 'D_dagger_layer_units_exponent_2': 7, 'D_dagger_layer_units_exponent_3': 10, 'log_learning_rate': -3.8670783219362805, 'log_learning_rate_D': -2.9144491624747855, 'log_learning_rate_D_dagger': -2.6488490991796567, 'training_batch_size': 6, 'training_p': 8}. Best is trial 45 with value: 0.03961218520998955.
Time for this trial:  688.3444917201996
Memory status after this trial: 
Memory allocated:  1452.47802734375
Memory cached:  1460.0
--------------------  Trial  55   --------------------
Start timing: 
Parameters: 
{'W_layers': 4, 'W_layer_units_exponent_0': 8, 'W_layer_units_exponent_1': 9, 'W_layer_units_exponent_2': 5, 'W_layer_units_exponent_3': 9, 'D_layers': 3, 'D_layer_units_exponent_0': 7, 'D_layer_units_exponent_1': 4, 'D_layer_units_exponent_2': 9, 'D_dagger_layers': 3, 'D_dagger_layer_units_exponent_0': 10, 'D_dagger_layer_units_exponent_1': 6, 'D_dagger_layer_units_exponent_2': 9, 'log_learning_rate': -4.174809748913732, 'log_learning_rate_D': -2.740128452214131, 'log_learning_rate_D_dagger': -2.4110117563984073, 'training_batch_size': 7, 'training_p': 4}
	 epoch  0 training error:  tensor(1.9085, device='cuda:0', grad_fn=<DivBackward0>)
Memory status after this epoch: 
Memory allocated:  758.1611328125
Memory cached:  1336.0
	 epoch  10 training error:  tensor(0.4625, device='cuda:0', grad_fn=<DivBackward0>)
Memory status after this epoch: 
Memory allocated:  758.1611328125
Memory cached:  1344.0
	 epoch  20 training error:  tensor(0.4866, device='cuda:0', grad_fn=<DivBackward0>)
Memory status after this epoch: 
Memory allocated:  758.1611328125
Memory cached:  1344.0
	 epoch  30 training error:  tensor(0.4164, device='cuda:0', grad_fn=<DivBackward0>)
Memory status after this epoch: 
Memory allocated:  758.1611328125
Memory cached:  1340.0
	 epoch  40 training error:  tensor(0.4193, device='cuda:0', grad_fn=<DivBackward0>)
Memory status after this epoch: 
Memory allocated:  758.1611328125
Memory cached:  1342.0
	 epoch  50 training error:  tensor(0.2780, device='cuda:0', grad_fn=<DivBackward0>)
Memory status after this epoch: 
Memory allocated:  758.1611328125
Memory cached:  1342.0
	 epoch  60 training error:  tensor(0.2650, device='cuda:0', grad_fn=<DivBackward0>)
Memory status after this epoch: 
Memory allocated:  758.1611328125
Memory cached:  1340.0
	 epoch  70 training error:  tensor(0.2304, device='cuda:0', grad_fn=<DivBackward0>)
Memory status after this epoch: 
Memory allocated:  758.1611328125
Memory cached:  1342.0
	 epoch  80 training error:  tensor(0.2093, device='cuda:0', grad_fn=<DivBackward0>)
Memory status after this epoch: 
Memory allocated:  758.1611328125
Memory cached:  1344.0
	 epoch  90 training error:  tensor(0.2272, device='cuda:0', grad_fn=<DivBackward0>)
Memory status after this epoch: 
Memory allocated:  758.1611328125
Memory cached:  1340.0
[I 2024-02-16 22:42:10,275] Trial 55 finished with value: 0.16732417047023773 and parameters: {'W_layers': 4, 'W_layer_units_exponent_0': 8, 'W_layer_units_exponent_1': 9, 'W_layer_units_exponent_2': 5, 'W_layer_units_exponent_3': 9, 'D_layers': 3, 'D_layer_units_exponent_0': 7, 'D_layer_units_exponent_1': 4, 'D_layer_units_exponent_2': 9, 'D_dagger_layers': 3, 'D_dagger_layer_units_exponent_0': 10, 'D_dagger_layer_units_exponent_1': 6, 'D_dagger_layer_units_exponent_2': 9, 'log_learning_rate': -4.174809748913732, 'log_learning_rate_D': -2.740128452214131, 'log_learning_rate_D_dagger': -2.4110117563984073, 'training_batch_size': 7, 'training_p': 4}. Best is trial 45 with value: 0.03961218520998955.
Time for this trial:  424.70583295822144
Memory status after this trial: 
Memory allocated:  1470.54931640625
Memory cached:  1476.0
--------------------  Trial  56   --------------------
Start timing: 
Parameters: 
{'W_layers': 3, 'W_layer_units_exponent_0': 9, 'W_layer_units_exponent_1': 5, 'W_layer_units_exponent_2': 4, 'D_layers': 2, 'D_layer_units_exponent_0': 4, 'D_layer_units_exponent_1': 5, 'D_dagger_layers': 4, 'D_dagger_layer_units_exponent_0': 9, 'D_dagger_layer_units_exponent_1': 10, 'D_dagger_layer_units_exponent_2': 7, 'D_dagger_layer_units_exponent_3': 4, 'log_learning_rate': -4.308753931888707, 'log_learning_rate_D': -3.2313556542132735, 'log_learning_rate_D_dagger': -3.0860634804521467, 'training_batch_size': 6, 'training_p': 5}
	 epoch  0 training error:  tensor(0.7241, device='cuda:0', grad_fn=<DivBackward0>)
Memory status after this epoch: 
Memory allocated:  764.3564453125
Memory cached:  1350.0
	 epoch  10 training error:  tensor(0.4733, device='cuda:0', grad_fn=<DivBackward0>)
Memory status after this epoch: 
Memory allocated:  764.3564453125
Memory cached:  1350.0
	 epoch  20 training error:  tensor(0.4527, device='cuda:0', grad_fn=<DivBackward0>)
Memory status after this epoch: 
Memory allocated:  764.3564453125
Memory cached:  1350.0
	 epoch  30 training error:  tensor(0.4420, device='cuda:0', grad_fn=<DivBackward0>)
Memory status after this epoch: 
Memory allocated:  764.3564453125
Memory cached:  1350.0
	 epoch  40 training error:  tensor(0.4457, device='cuda:0', grad_fn=<DivBackward0>)
Memory status after this epoch: 
Memory allocated:  764.3564453125
Memory cached:  1350.0
	 epoch  50 training error:  tensor(0.4848, device='cuda:0', grad_fn=<DivBackward0>)
Memory status after this epoch: 
Memory allocated:  764.3564453125
Memory cached:  1350.0
	 epoch  60 training error:  tensor(0.4010, device='cuda:0', grad_fn=<DivBackward0>)
Memory status after this epoch: 
Memory allocated:  764.3564453125
Memory cached:  1350.0
	 epoch  70 training error:  tensor(0.2584, device='cuda:0', grad_fn=<DivBackward0>)
Memory status after this epoch: 
Memory allocated:  764.3564453125
Memory cached:  1350.0
	 epoch  80 training error:  tensor(0.2393, device='cuda:0', grad_fn=<DivBackward0>)
Memory status after this epoch: 
Memory allocated:  764.3564453125
Memory cached:  1350.0
	 epoch  90 training error:  tensor(0.2431, device='cuda:0', grad_fn=<DivBackward0>)
Memory status after this epoch: 
Memory allocated:  764.3564453125
Memory cached:  1350.0
[I 2024-02-16 22:52:12,882] Trial 56 finished with value: 0.13624413311481476 and parameters: {'W_layers': 3, 'W_layer_units_exponent_0': 9, 'W_layer_units_exponent_1': 5, 'W_layer_units_exponent_2': 4, 'D_layers': 2, 'D_layer_units_exponent_0': 4, 'D_layer_units_exponent_1': 5, 'D_dagger_layers': 4, 'D_dagger_layer_units_exponent_0': 9, 'D_dagger_layer_units_exponent_1': 10, 'D_dagger_layer_units_exponent_2': 7, 'D_dagger_layer_units_exponent_3': 4, 'log_learning_rate': -4.308753931888707, 'log_learning_rate_D': -3.2313556542132735, 'log_learning_rate_D_dagger': -3.0860634804521467, 'training_batch_size': 6, 'training_p': 5}. Best is trial 45 with value: 0.03961218520998955.
Time for this trial:  602.1754696369171
Memory status after this trial: 
Memory allocated:  1246.33349609375
Memory cached:  1350.0
--------------------  Trial  57   --------------------
Start timing: 
Parameters: 
{'W_layers': 5, 'W_layer_units_exponent_0': 6, 'W_layer_units_exponent_1': 10, 'W_layer_units_exponent_2': 5, 'W_layer_units_exponent_3': 9, 'W_layer_units_exponent_4': 8, 'D_layers': 4, 'D_layer_units_exponent_0': 9, 'D_layer_units_exponent_1': 7, 'D_layer_units_exponent_2': 10, 'D_layer_units_exponent_3': 9, 'D_dagger_layers': 3, 'D_dagger_layer_units_exponent_0': 8, 'D_dagger_layer_units_exponent_1': 4, 'D_dagger_layer_units_exponent_2': 10, 'log_learning_rate': -4.573661085373128, 'log_learning_rate_D': -2.356586387367523, 'log_learning_rate_D_dagger': -2.347674650308729, 'training_batch_size': 7, 'training_p': 5}
	 epoch  0 training error:  tensor(0.7694, device='cuda:0', grad_fn=<DivBackward0>)
Memory status after this epoch: 
Memory allocated:  769.0791015625
Memory cached:  1354.0
	 epoch  10 training error:  tensor(0.5551, device='cuda:0', grad_fn=<DivBackward0>)
Memory status after this epoch: 
Memory allocated:  769.0791015625
Memory cached:  1356.0
	 epoch  20 training error:  tensor(0.5234, device='cuda:0', grad_fn=<DivBackward0>)
Memory status after this epoch: 
Memory allocated:  769.0791015625
Memory cached:  1356.0
	 epoch  30 training error:  tensor(0.5878, device='cuda:0', grad_fn=<DivBackward0>)
Memory status after this epoch: 
Memory allocated:  769.0791015625
Memory cached:  1358.0
	 epoch  40 training error:  tensor(0.9484, device='cuda:0', grad_fn=<DivBackward0>)
Memory status after this epoch: 
Memory allocated:  769.0791015625
Memory cached:  1360.0
	 epoch  50 training error:  tensor(0.5943, device='cuda:0', grad_fn=<DivBackward0>)
Memory status after this epoch: 
Memory allocated:  769.0791015625
Memory cached:  1356.0
	 epoch  60 training error:  tensor(0.5787, device='cuda:0', grad_fn=<DivBackward0>)
Memory status after this epoch: 
Memory allocated:  769.0791015625
Memory cached:  1360.0
	 epoch  70 training error:  tensor(0.5778, device='cuda:0', grad_fn=<DivBackward0>)
Memory status after this epoch: 
Memory allocated:  769.0791015625
Memory cached:  1358.0
	 epoch  80 training error:  tensor(0.5773, device='cuda:0', grad_fn=<DivBackward0>)
Memory status after this epoch: 
Memory allocated:  769.0791015625
Memory cached:  1354.0
	 epoch  90 training error:  tensor(0.5770, device='cuda:0', grad_fn=<DivBackward0>)
Memory status after this epoch: 
Memory allocated:  769.0791015625
Memory cached:  1356.0
[I 2024-02-16 23:00:23,647] Trial 57 finished with value: 0.5034253597259521 and parameters: {'W_layers': 5, 'W_layer_units_exponent_0': 6, 'W_layer_units_exponent_1': 10, 'W_layer_units_exponent_2': 5, 'W_layer_units_exponent_3': 9, 'W_layer_units_exponent_4': 8, 'D_layers': 4, 'D_layer_units_exponent_0': 9, 'D_layer_units_exponent_1': 7, 'D_layer_units_exponent_2': 10, 'D_layer_units_exponent_3': 9, 'D_dagger_layers': 3, 'D_dagger_layer_units_exponent_0': 8, 'D_dagger_layer_units_exponent_1': 4, 'D_dagger_layer_units_exponent_2': 10, 'log_learning_rate': -4.573661085373128, 'log_learning_rate_D': -2.356586387367523, 'log_learning_rate_D_dagger': -2.347674650308729, 'training_batch_size': 7, 'training_p': 5}. Best is trial 45 with value: 0.03961218520998955.
Time for this trial:  490.36850333213806
Memory status after this trial: 
Memory allocated:  1847.76123046875
Memory cached:  1872.0
--------------------  Trial  58   --------------------
Start timing: 
Parameters: 
{'W_layers': 4, 'W_layer_units_exponent_0': 8, 'W_layer_units_exponent_1': 7, 'W_layer_units_exponent_2': 4, 'W_layer_units_exponent_3': 8, 'D_layers': 6, 'D_layer_units_exponent_0': 8, 'D_layer_units_exponent_1': 5, 'D_layer_units_exponent_2': 9, 'D_layer_units_exponent_3': 8, 'D_layer_units_exponent_4': 9, 'D_layer_units_exponent_5': 10, 'D_dagger_layers': 2, 'D_dagger_layer_units_exponent_0': 10, 'D_dagger_layer_units_exponent_1': 5, 'log_learning_rate': -3.9997506012669914, 'log_learning_rate_D': -2.562979109301024, 'log_learning_rate_D_dagger': -2.897535504980615, 'training_batch_size': 6, 'training_p': 7}
	 epoch  0 training error:  tensor(0.7328, device='cuda:0', grad_fn=<DivBackward0>)
Memory status after this epoch: 
Memory allocated:  767.5849609375
Memory cached:  1360.0
	 epoch  10 training error:  tensor(0.5286, device='cuda:0', grad_fn=<DivBackward0>)
Memory status after this epoch: 
Memory allocated:  767.5849609375
Memory cached:  1376.0
	 epoch  20 training error:  tensor(0.5188, device='cuda:0', grad_fn=<DivBackward0>)
Memory status after this epoch: 
Memory allocated:  767.5849609375
Memory cached:  1378.0
	 epoch  30 training error:  tensor(0.5198, device='cuda:0', grad_fn=<DivBackward0>)
Memory status after this epoch: 
Memory allocated:  767.5849609375
Memory cached:  1372.0
	 epoch  40 training error:  tensor(0.5090, device='cuda:0', grad_fn=<DivBackward0>)
Memory status after this epoch: 
Memory allocated:  767.5849609375
Memory cached:  1376.0
	 epoch  50 training error:  tensor(0.5059, device='cuda:0', grad_fn=<DivBackward0>)
Memory status after this epoch: 
Memory allocated:  767.5849609375
Memory cached:  1380.0
	 epoch  60 training error:  tensor(0.9246, device='cuda:0', grad_fn=<DivBackward0>)
Memory status after this epoch: 
Memory allocated:  767.5849609375
Memory cached:  1380.0
	 epoch  70 training error:  tensor(0.7350, device='cuda:0', grad_fn=<DivBackward0>)
Memory status after this epoch: 
Memory allocated:  767.5849609375
Memory cached:  1384.0
	 epoch  80 training error:  tensor(0.7139, device='cuda:0', grad_fn=<DivBackward0>)
Memory status after this epoch: 
Memory allocated:  767.5849609375
Memory cached:  1378.0
	 epoch  90 training error:  tensor(0.7136, device='cuda:0', grad_fn=<DivBackward0>)
Memory status after this epoch: 
Memory allocated:  767.5849609375
Memory cached:  1380.0
[I 2024-02-16 23:12:39,854] Trial 58 finished with value: 0.6824825406074524 and parameters: {'W_layers': 4, 'W_layer_units_exponent_0': 8, 'W_layer_units_exponent_1': 7, 'W_layer_units_exponent_2': 4, 'W_layer_units_exponent_3': 8, 'D_layers': 6, 'D_layer_units_exponent_0': 8, 'D_layer_units_exponent_1': 5, 'D_layer_units_exponent_2': 9, 'D_layer_units_exponent_3': 8, 'D_layer_units_exponent_4': 9, 'D_layer_units_exponent_5': 10, 'D_dagger_layers': 2, 'D_dagger_layer_units_exponent_0': 10, 'D_dagger_layer_units_exponent_1': 5, 'log_learning_rate': -3.9997506012669914, 'log_learning_rate_D': -2.562979109301024, 'log_learning_rate_D_dagger': -2.897535504980615, 'training_batch_size': 6, 'training_p': 7}. Best is trial 45 with value: 0.03961218520998955.
Time for this trial:  735.7882466316223
Memory status after this trial: 
Memory allocated:  1635.39404296875
Memory cached:  1658.0
--------------------  Trial  59   --------------------
Start timing: 
Parameters: 
{'W_layers': 2, 'W_layer_units_exponent_0': 7, 'W_layer_units_exponent_1': 8, 'D_layers': 3, 'D_layer_units_exponent_0': 9, 'D_layer_units_exponent_1': 6, 'D_layer_units_exponent_2': 10, 'D_dagger_layers': 8, 'D_dagger_layer_units_exponent_0': 8, 'D_dagger_layer_units_exponent_1': 4, 'D_dagger_layer_units_exponent_2': 6, 'D_dagger_layer_units_exponent_3': 5, 'D_dagger_layer_units_exponent_4': 9, 'D_dagger_layer_units_exponent_5': 6, 'D_dagger_layer_units_exponent_6': 7, 'D_dagger_layer_units_exponent_7': 4, 'log_learning_rate': -4.503155315134086, 'log_learning_rate_D': -3.474720551454635, 'log_learning_rate_D_dagger': -2.6304918161922597, 'training_batch_size': 7, 'training_p': 6}
	 epoch  0 training error:  tensor(0.9308, device='cuda:0', grad_fn=<DivBackward0>)
Memory status after this epoch: 
Memory allocated:  756.9951171875
Memory cached:  1338.0
	 epoch  10 training error:  tensor(0.5117, device='cuda:0', grad_fn=<DivBackward0>)
Memory status after this epoch: 
Memory allocated:  756.9951171875
Memory cached:  1346.0
	 epoch  20 training error:  tensor(0.4899, device='cuda:0', grad_fn=<DivBackward0>)
Memory status after this epoch: 
Memory allocated:  756.9951171875
Memory cached:  1342.0
	 epoch  30 training error:  tensor(0.5020, device='cuda:0', grad_fn=<DivBackward0>)
Memory status after this epoch: 
Memory allocated:  756.9951171875
Memory cached:  1342.0
	 epoch  40 training error:  tensor(0.3753, device='cuda:0', grad_fn=<DivBackward0>)
Memory status after this epoch: 
Memory allocated:  756.9951171875
Memory cached:  1342.0
	 epoch  50 training error:  tensor(0.3052, device='cuda:0', grad_fn=<DivBackward0>)
Memory status after this epoch: 
Memory allocated:  756.9951171875
Memory cached:  1344.0
	 epoch  60 training error:  tensor(0.2722, device='cuda:0', grad_fn=<DivBackward0>)
Memory status after this epoch: 
Memory allocated:  756.9951171875
Memory cached:  1338.0
	 epoch  70 training error:  tensor(0.2559, device='cuda:0', grad_fn=<DivBackward0>)
Memory status after this epoch: 
Memory allocated:  756.9951171875
Memory cached:  1344.0
	 epoch  80 training error:  tensor(0.2636, device='cuda:0', grad_fn=<DivBackward0>)
Memory status after this epoch: 
Memory allocated:  756.9951171875
Memory cached:  1342.0
	 epoch  90 training error:  tensor(0.2266, device='cuda:0', grad_fn=<DivBackward0>)
Memory status after this epoch: 
Memory allocated:  756.9951171875
Memory cached:  1346.0
