[I 2023-12-07 04:51:37,944] Trial 29 finished with value: 0.3622127175331116 and parameters: {'W_layers': 6, 'W_layer_units_exponent_0': 7, 'W_layer_units_exponent_1': 10, 'W_layer_units_exponent_2': 6, 'W_layer_units_exponent_3': 8, 'W_layer_units_exponent_4': 9, 'W_layer_units_exponent_5': 7, 'D_layers': 6, 'D_layer_units_exponent_0': 10, 'D_layer_units_exponent_1': 5, 'D_layer_units_exponent_2': 5, 'D_layer_units_exponent_3': 8, 'D_layer_units_exponent_4': 9, 'D_layer_units_exponent_5': 6, 'D_dagger_layers': 2, 'D_dagger_layer_units_exponent_0': 10, 'D_dagger_layer_units_exponent_1': 9, 'log_learning_rate': -3.8933871733434833, 'log_learning_rate_D': -2.8803580162744358, 'log_learning_rate_D_dagger': -1.8509637287710177, 'training_batch_size': 9, 'training_p': 3}. Best is trial 25 with value: 0.33126506209373474.
Time for this trial:  18.796786546707153
Memory status after this trial: 
Memory allocated:  361.93212890625
Memory cached:  394.0
--------------------  Trial  30   --------------------
Start timing: 
Parameters: 
{'W_layers': 8, 'W_layer_units_exponent_0': 9, 'W_layer_units_exponent_1': 9, 'W_layer_units_exponent_2': 4, 'W_layer_units_exponent_3': 7, 'W_layer_units_exponent_4': 7, 'W_layer_units_exponent_5': 9, 'W_layer_units_exponent_6': 6, 'W_layer_units_exponent_7': 6, 'D_layers': 7, 'D_layer_units_exponent_0': 8, 'D_layer_units_exponent_1': 5, 'D_layer_units_exponent_2': 6, 'D_layer_units_exponent_3': 8, 'D_layer_units_exponent_4': 8, 'D_layer_units_exponent_5': 5, 'D_layer_units_exponent_6': 6, 'D_dagger_layers': 5, 'D_dagger_layer_units_exponent_0': 7, 'D_dagger_layer_units_exponent_1': 7, 'D_dagger_layer_units_exponent_2': 7, 'D_dagger_layer_units_exponent_3': 5, 'D_dagger_layer_units_exponent_4': 4, 'log_learning_rate': -3.6464808305593532, 'log_learning_rate_D': -2.5212366656789467, 'log_learning_rate_D_dagger': -1.1275080907126114, 'training_batch_size': 9, 'training_p': 4}
	 epoch  0 training error:  tensor(1.0191, device='cuda:0', grad_fn=<DivBackward0>)
Memory status after this epoch: 
Memory allocated:  167.77490234375
Memory cached:  296.0
	 epoch  10 training error:  tensor(1.4093, device='cuda:0', grad_fn=<DivBackward0>)
Memory status after this epoch: 
Memory allocated:  167.77490234375
Memory cached:  294.0
	 epoch  20 training error:  tensor(1.1231, device='cuda:0', grad_fn=<DivBackward0>)
Memory status after this epoch: 
Memory allocated:  167.77490234375
Memory cached:  294.0
	 epoch  30 training error:  tensor(0.6438, device='cuda:0', grad_fn=<DivBackward0>)
Memory status after this epoch: 
Memory allocated:  167.77490234375
Memory cached:  294.0
	 epoch  40 training error:  tensor(0.6453, device='cuda:0', grad_fn=<DivBackward0>)
Memory status after this epoch: 
Memory allocated:  167.77490234375
Memory cached:  294.0
	 epoch  50 training error:  tensor(0.5688, device='cuda:0', grad_fn=<DivBackward0>)
Memory status after this epoch: 
Memory allocated:  167.77490234375
Memory cached:  294.0
	 epoch  60 training error:  tensor(0.4792, device='cuda:0', grad_fn=<DivBackward0>)
Memory status after this epoch: 
Memory allocated:  167.77490234375
Memory cached:  294.0
	 epoch  70 training error:  tensor(0.4297, device='cuda:0', grad_fn=<DivBackward0>)
Memory status after this epoch: 
Memory allocated:  167.77490234375
Memory cached:  294.0
	 epoch  80 training error:  tensor(0.4498, device='cuda:0', grad_fn=<DivBackward0>)
Memory status after this epoch: 
Memory allocated:  167.77490234375
Memory cached:  294.0
	 epoch  90 training error:  tensor(0.4414, device='cuda:0', grad_fn=<DivBackward0>)
Memory status after this epoch: 
Memory allocated:  167.77490234375
Memory cached:  294.0
[I 2023-12-07 04:51:56,819] Trial 30 finished with value: 0.36479997634887695 and parameters: {'W_layers': 8, 'W_layer_units_exponent_0': 9, 'W_layer_units_exponent_1': 9, 'W_layer_units_exponent_2': 4, 'W_layer_units_exponent_3': 7, 'W_layer_units_exponent_4': 7, 'W_layer_units_exponent_5': 9, 'W_layer_units_exponent_6': 6, 'W_layer_units_exponent_7': 6, 'D_layers': 7, 'D_layer_units_exponent_0': 8, 'D_layer_units_exponent_1': 5, 'D_layer_units_exponent_2': 6, 'D_layer_units_exponent_3': 8, 'D_layer_units_exponent_4': 8, 'D_layer_units_exponent_5': 5, 'D_layer_units_exponent_6': 6, 'D_dagger_layers': 5, 'D_dagger_layer_units_exponent_0': 7, 'D_dagger_layer_units_exponent_1': 7, 'D_dagger_layer_units_exponent_2': 7, 'D_dagger_layer_units_exponent_3': 5, 'D_dagger_layer_units_exponent_4': 4, 'log_learning_rate': -3.6464808305593532, 'log_learning_rate_D': -2.5212366656789467, 'log_learning_rate_D_dagger': -1.1275080907126114, 'training_batch_size': 9, 'training_p': 4}. Best is trial 25 with value: 0.33126506209373474.
Time for this trial:  18.64952778816223
Memory status after this trial: 
Memory allocated:  291.53857421875
Memory cached:  326.0
--------------------  Trial  31   --------------------
Start timing: 
Parameters: 
{'W_layers': 8, 'W_layer_units_exponent_0': 7, 'W_layer_units_exponent_1': 9, 'W_layer_units_exponent_2': 6, 'W_layer_units_exponent_3': 5, 'W_layer_units_exponent_4': 8, 'W_layer_units_exponent_5': 8, 'W_layer_units_exponent_6': 6, 'W_layer_units_exponent_7': 8, 'D_layers': 5, 'D_layer_units_exponent_0': 6, 'D_layer_units_exponent_1': 4, 'D_layer_units_exponent_2': 5, 'D_layer_units_exponent_3': 7, 'D_layer_units_exponent_4': 9, 'D_dagger_layers': 6, 'D_dagger_layer_units_exponent_0': 9, 'D_dagger_layer_units_exponent_1': 7, 'D_dagger_layer_units_exponent_2': 5, 'D_dagger_layer_units_exponent_3': 6, 'D_dagger_layer_units_exponent_4': 4, 'D_dagger_layer_units_exponent_5': 6, 'log_learning_rate': -4.238107911487168, 'log_learning_rate_D': -3.0411853212981503, 'log_learning_rate_D_dagger': -2.279173004307362, 'training_batch_size': 7, 'training_p': 2}
	 epoch  0 training error:  tensor(1.0064, device='cuda:0', grad_fn=<DivBackward0>)
Memory status after this epoch: 
Memory allocated:  165.40234375
Memory cached:  294.0
	 epoch  10 training error:  tensor(0.4588, device='cuda:0', grad_fn=<DivBackward0>)
Memory status after this epoch: 
Memory allocated:  165.40234375
Memory cached:  298.0
	 epoch  20 training error:  tensor(0.3726, device='cuda:0', grad_fn=<DivBackward0>)
Memory status after this epoch: 
Memory allocated:  165.40234375
Memory cached:  298.0
	 epoch  30 training error:  tensor(0.3700, device='cuda:0', grad_fn=<DivBackward0>)
Memory status after this epoch: 
Memory allocated:  165.40234375
Memory cached:  298.0
	 epoch  40 training error:  tensor(0.3509, device='cuda:0', grad_fn=<DivBackward0>)
Memory status after this epoch: 
Memory allocated:  165.40234375
Memory cached:  298.0
	 epoch  50 training error:  tensor(0.3561, device='cuda:0', grad_fn=<DivBackward0>)
Memory status after this epoch: 
Memory allocated:  165.40234375
Memory cached:  298.0
	 epoch  60 training error:  tensor(0.3408, device='cuda:0', grad_fn=<DivBackward0>)
Memory status after this epoch: 
Memory allocated:  165.40234375
Memory cached:  298.0
	 epoch  70 training error:  tensor(0.3427, device='cuda:0', grad_fn=<DivBackward0>)
Memory status after this epoch: 
Memory allocated:  165.40234375
Memory cached:  298.0
	 epoch  80 training error:  tensor(0.3402, device='cuda:0', grad_fn=<DivBackward0>)
Memory status after this epoch: 
Memory allocated:  165.40234375
Memory cached:  298.0
	 epoch  90 training error:  tensor(0.3421, device='cuda:0', grad_fn=<DivBackward0>)
Memory status after this epoch: 
Memory allocated:  165.40234375
Memory cached:  298.0
[I 2023-12-07 04:52:15,811] Trial 31 finished with value: 0.33194002509117126 and parameters: {'W_layers': 8, 'W_layer_units_exponent_0': 7, 'W_layer_units_exponent_1': 9, 'W_layer_units_exponent_2': 6, 'W_layer_units_exponent_3': 5, 'W_layer_units_exponent_4': 8, 'W_layer_units_exponent_5': 8, 'W_layer_units_exponent_6': 6, 'W_layer_units_exponent_7': 8, 'D_layers': 5, 'D_layer_units_exponent_0': 6, 'D_layer_units_exponent_1': 4, 'D_layer_units_exponent_2': 5, 'D_layer_units_exponent_3': 7, 'D_layer_units_exponent_4': 9, 'D_dagger_layers': 6, 'D_dagger_layer_units_exponent_0': 9, 'D_dagger_layer_units_exponent_1': 7, 'D_dagger_layer_units_exponent_2': 5, 'D_dagger_layer_units_exponent_3': 6, 'D_dagger_layer_units_exponent_4': 4, 'D_dagger_layer_units_exponent_5': 6, 'log_learning_rate': -4.238107911487168, 'log_learning_rate_D': -3.0411853212981503, 'log_learning_rate_D_dagger': -2.279173004307362, 'training_batch_size': 7, 'training_p': 2}. Best is trial 25 with value: 0.33126506209373474.
Time for this trial:  18.732324361801147
Memory status after this trial: 
Memory allocated:  290.70068359375
Memory cached:  310.0
--------------------  Trial  32   --------------------
Start timing: 
Parameters: 
{'W_layers': 8, 'W_layer_units_exponent_0': 7, 'W_layer_units_exponent_1': 9, 'W_layer_units_exponent_2': 6, 'W_layer_units_exponent_3': 5, 'W_layer_units_exponent_4': 8, 'W_layer_units_exponent_5': 7, 'W_layer_units_exponent_6': 7, 'W_layer_units_exponent_7': 9, 'D_layers': 5, 'D_layer_units_exponent_0': 7, 'D_layer_units_exponent_1': 4, 'D_layer_units_exponent_2': 5, 'D_layer_units_exponent_3': 7, 'D_layer_units_exponent_4': 9, 'D_dagger_layers': 6, 'D_dagger_layer_units_exponent_0': 9, 'D_dagger_layer_units_exponent_1': 7, 'D_dagger_layer_units_exponent_2': 5, 'D_dagger_layer_units_exponent_3': 6, 'D_dagger_layer_units_exponent_4': 5, 'D_dagger_layer_units_exponent_5': 6, 'log_learning_rate': -4.2947048617101355, 'log_learning_rate_D': -3.1183633665797936, 'log_learning_rate_D_dagger': -2.3582774036430303, 'training_batch_size': 8, 'training_p': 2}
	 epoch  0 training error:  tensor(0.9878, device='cuda:0', grad_fn=<DivBackward0>)
Memory status after this epoch: 
Memory allocated:  165.693359375
Memory cached:  298.0
	 epoch  10 training error:  tensor(0.4028, device='cuda:0', grad_fn=<DivBackward0>)
Memory status after this epoch: 
Memory allocated:  165.693359375
Memory cached:  298.0
	 epoch  20 training error:  tensor(0.3658, device='cuda:0', grad_fn=<DivBackward0>)
Memory status after this epoch: 
Memory allocated:  165.693359375
Memory cached:  298.0
	 epoch  30 training error:  tensor(0.3515, device='cuda:0', grad_fn=<DivBackward0>)
Memory status after this epoch: 
Memory allocated:  165.693359375
Memory cached:  298.0
	 epoch  40 training error:  tensor(0.3710, device='cuda:0', grad_fn=<DivBackward0>)
Memory status after this epoch: 
Memory allocated:  165.693359375
Memory cached:  298.0
	 epoch  50 training error:  tensor(0.3443, device='cuda:0', grad_fn=<DivBackward0>)
Memory status after this epoch: 
Memory allocated:  165.693359375
Memory cached:  298.0
	 epoch  60 training error:  tensor(0.3403, device='cuda:0', grad_fn=<DivBackward0>)
Memory status after this epoch: 
Memory allocated:  165.693359375
Memory cached:  298.0
	 epoch  70 training error:  tensor(0.3441, device='cuda:0', grad_fn=<DivBackward0>)
Memory status after this epoch: 
Memory allocated:  165.693359375
Memory cached:  298.0
	 epoch  80 training error:  tensor(0.3405, device='cuda:0', grad_fn=<DivBackward0>)
Memory status after this epoch: 
Memory allocated:  165.693359375
Memory cached:  298.0
	 epoch  90 training error:  tensor(0.3395, device='cuda:0', grad_fn=<DivBackward0>)
Memory status after this epoch: 
Memory allocated:  165.693359375
Memory cached:  298.0
[I 2023-12-07 04:52:34,879] Trial 32 finished with value: 0.3317853510379791 and parameters: {'W_layers': 8, 'W_layer_units_exponent_0': 7, 'W_layer_units_exponent_1': 9, 'W_layer_units_exponent_2': 6, 'W_layer_units_exponent_3': 5, 'W_layer_units_exponent_4': 8, 'W_layer_units_exponent_5': 7, 'W_layer_units_exponent_6': 7, 'W_layer_units_exponent_7': 9, 'D_layers': 5, 'D_layer_units_exponent_0': 7, 'D_layer_units_exponent_1': 4, 'D_layer_units_exponent_2': 5, 'D_layer_units_exponent_3': 7, 'D_layer_units_exponent_4': 9, 'D_dagger_layers': 6, 'D_dagger_layer_units_exponent_0': 9, 'D_dagger_layer_units_exponent_1': 7, 'D_dagger_layer_units_exponent_2': 5, 'D_dagger_layer_units_exponent_3': 6, 'D_dagger_layer_units_exponent_4': 5, 'D_dagger_layer_units_exponent_5': 6, 'log_learning_rate': -4.2947048617101355, 'log_learning_rate_D': -3.1183633665797936, 'log_learning_rate_D_dagger': -2.3582774036430303, 'training_batch_size': 8, 'training_p': 2}. Best is trial 25 with value: 0.33126506209373474.
Time for this trial:  18.848092555999756
Memory status after this trial: 
Memory allocated:  300.04638671875
Memory cached:  322.0
--------------------  Trial  33   --------------------
Start timing: 
Parameters: 
{'W_layers': 7, 'W_layer_units_exponent_0': 7, 'W_layer_units_exponent_1': 9, 'W_layer_units_exponent_2': 5, 'W_layer_units_exponent_3': 4, 'W_layer_units_exponent_4': 9, 'W_layer_units_exponent_5': 7, 'W_layer_units_exponent_6': 8, 'D_layers': 5, 'D_layer_units_exponent_0': 7, 'D_layer_units_exponent_1': 4, 'D_layer_units_exponent_2': 4, 'D_layer_units_exponent_3': 7, 'D_layer_units_exponent_4': 9, 'D_dagger_layers': 6, 'D_dagger_layer_units_exponent_0': 8, 'D_dagger_layer_units_exponent_1': 8, 'D_dagger_layer_units_exponent_2': 4, 'D_dagger_layer_units_exponent_3': 6, 'D_dagger_layer_units_exponent_4': 5, 'D_dagger_layer_units_exponent_5': 6, 'log_learning_rate': -4.49293959937385, 'log_learning_rate_D': -3.2592161584425643, 'log_learning_rate_D_dagger': -2.197108131324572, 'training_batch_size': 8, 'training_p': 2}
	 epoch  0 training error:  tensor(1.0118, device='cuda:0', grad_fn=<DivBackward0>)
Memory status after this epoch: 
Memory allocated:  165.1337890625
Memory cached:  296.0
	 epoch  10 training error:  tensor(0.4253, device='cuda:0', grad_fn=<DivBackward0>)
Memory status after this epoch: 
Memory allocated:  165.1337890625
Memory cached:  296.0
	 epoch  20 training error:  tensor(0.3762, device='cuda:0', grad_fn=<DivBackward0>)
Memory status after this epoch: 
Memory allocated:  165.1337890625
Memory cached:  296.0
	 epoch  30 training error:  tensor(0.3577, device='cuda:0', grad_fn=<DivBackward0>)
Memory status after this epoch: 
Memory allocated:  165.1337890625
Memory cached:  296.0
	 epoch  40 training error:  tensor(0.3552, device='cuda:0', grad_fn=<DivBackward0>)
Memory status after this epoch: 
Memory allocated:  165.1337890625
Memory cached:  296.0
	 epoch  50 training error:  tensor(0.3511, device='cuda:0', grad_fn=<DivBackward0>)
Memory status after this epoch: 
Memory allocated:  165.1337890625
Memory cached:  296.0
	 epoch  60 training error:  tensor(0.3469, device='cuda:0', grad_fn=<DivBackward0>)
Memory status after this epoch: 
Memory allocated:  165.1337890625
Memory cached:  296.0
	 epoch  70 training error:  tensor(0.3516, device='cuda:0', grad_fn=<DivBackward0>)
Memory status after this epoch: 
Memory allocated:  165.1337890625
Memory cached:  296.0
	 epoch  80 training error:  tensor(0.3512, device='cuda:0', grad_fn=<DivBackward0>)
Memory status after this epoch: 
Memory allocated:  165.1337890625
Memory cached:  296.0
	 epoch  90 training error:  tensor(0.3446, device='cuda:0', grad_fn=<DivBackward0>)
Memory status after this epoch: 
Memory allocated:  165.1337890625
Memory cached:  296.0
[I 2023-12-07 04:52:53,577] Trial 33 finished with value: 0.33572521805763245 and parameters: {'W_layers': 7, 'W_layer_units_exponent_0': 7, 'W_layer_units_exponent_1': 9, 'W_layer_units_exponent_2': 5, 'W_layer_units_exponent_3': 4, 'W_layer_units_exponent_4': 9, 'W_layer_units_exponent_5': 7, 'W_layer_units_exponent_6': 8, 'D_layers': 5, 'D_layer_units_exponent_0': 7, 'D_layer_units_exponent_1': 4, 'D_layer_units_exponent_2': 4, 'D_layer_units_exponent_3': 7, 'D_layer_units_exponent_4': 9, 'D_dagger_layers': 6, 'D_dagger_layer_units_exponent_0': 8, 'D_dagger_layer_units_exponent_1': 8, 'D_dagger_layer_units_exponent_2': 4, 'D_dagger_layer_units_exponent_3': 6, 'D_dagger_layer_units_exponent_4': 5, 'D_dagger_layer_units_exponent_5': 6, 'log_learning_rate': -4.49293959937385, 'log_learning_rate_D': -3.2592161584425643, 'log_learning_rate_D_dagger': -2.197108131324572, 'training_batch_size': 8, 'training_p': 2}. Best is trial 25 with value: 0.33126506209373474.
Time for this trial:  18.49381160736084
Memory status after this trial: 
Memory allocated:  284.21240234375
Memory cached:  304.0
--------------------  Trial  34   --------------------
Start timing: 
Parameters: 
{'W_layers': 8, 'W_layer_units_exponent_0': 6, 'W_layer_units_exponent_1': 10, 'W_layer_units_exponent_2': 7, 'W_layer_units_exponent_3': 5, 'W_layer_units_exponent_4': 8, 'W_layer_units_exponent_5': 6, 'W_layer_units_exponent_6': 7, 'W_layer_units_exponent_7': 9, 'D_layers': 6, 'D_layer_units_exponent_0': 6, 'D_layer_units_exponent_1': 4, 'D_layer_units_exponent_2': 5, 'D_layer_units_exponent_3': 8, 'D_layer_units_exponent_4': 10, 'D_layer_units_exponent_5': 5, 'D_dagger_layers': 6, 'D_dagger_layer_units_exponent_0': 9, 'D_dagger_layer_units_exponent_1': 7, 'D_dagger_layer_units_exponent_2': 5, 'D_dagger_layer_units_exponent_3': 7, 'D_dagger_layer_units_exponent_4': 4, 'D_dagger_layer_units_exponent_5': 6, 'log_learning_rate': -4.215736138243193, 'log_learning_rate_D': -3.5710723019125195, 'log_learning_rate_D_dagger': -2.4402696258121366, 'training_batch_size': 7, 'training_p': 3}
	 epoch  0 training error:  tensor(1.0524, device='cuda:0', grad_fn=<DivBackward0>)
Memory status after this epoch: 
Memory allocated:  167.76123046875
Memory cached:  296.0
	 epoch  10 training error:  tensor(0.4342, device='cuda:0', grad_fn=<DivBackward0>)
Memory status after this epoch: 
Memory allocated:  167.76123046875
Memory cached:  296.0
	 epoch  20 training error:  tensor(0.3758, device='cuda:0', grad_fn=<DivBackward0>)
Memory status after this epoch: 
Memory allocated:  167.76123046875
Memory cached:  296.0
	 epoch  30 training error:  tensor(0.3594, device='cuda:0', grad_fn=<DivBackward0>)
Memory status after this epoch: 
Memory allocated:  167.76123046875
Memory cached:  296.0
	 epoch  40 training error:  tensor(0.3760, device='cuda:0', grad_fn=<DivBackward0>)
Memory status after this epoch: 
Memory allocated:  167.76123046875
Memory cached:  296.0
	 epoch  50 training error:  tensor(0.3586, device='cuda:0', grad_fn=<DivBackward0>)
Memory status after this epoch: 
Memory allocated:  167.76123046875
Memory cached:  296.0
	 epoch  60 training error:  tensor(0.3539, device='cuda:0', grad_fn=<DivBackward0>)
Memory status after this epoch: 
Memory allocated:  167.76123046875
Memory cached:  296.0
	 epoch  70 training error:  tensor(0.3577, device='cuda:0', grad_fn=<DivBackward0>)
Memory status after this epoch: 
Memory allocated:  167.76123046875
Memory cached:  296.0
	 epoch  80 training error:  tensor(0.3545, device='cuda:0', grad_fn=<DivBackward0>)
Memory status after this epoch: 
Memory allocated:  167.76123046875
Memory cached:  296.0
	 epoch  90 training error:  tensor(0.3656, device='cuda:0', grad_fn=<DivBackward0>)
Memory status after this epoch: 
Memory allocated:  167.76123046875
Memory cached:  296.0
