[I 2023-12-07 05:02:03,369] Trial 62 finished with value: 0.33606621623039246 and parameters: {'W_layers': 7, 'W_layer_units_exponent_0': 7, 'W_layer_units_exponent_1': 8, 'W_layer_units_exponent_2': 6, 'W_layer_units_exponent_3': 5, 'W_layer_units_exponent_4': 8, 'W_layer_units_exponent_5': 7, 'W_layer_units_exponent_6': 9, 'D_layers': 2, 'D_layer_units_exponent_0': 8, 'D_layer_units_exponent_1': 6, 'D_dagger_layers': 7, 'D_dagger_layer_units_exponent_0': 10, 'D_dagger_layer_units_exponent_1': 7, 'D_dagger_layer_units_exponent_2': 5, 'D_dagger_layer_units_exponent_3': 5, 'D_dagger_layer_units_exponent_4': 4, 'D_dagger_layer_units_exponent_5': 5, 'D_dagger_layer_units_exponent_6': 8, 'log_learning_rate': -4.015403376747417, 'log_learning_rate_D': -3.122531690129836, 'log_learning_rate_D_dagger': -2.1035928510461743, 'training_batch_size': 8, 'training_p': 2}. Best is trial 25 with value: 0.33126506209373474.
Time for this trial:  19.583115100860596
Memory status after this trial: 
Memory allocated:  314.38720703125
Memory cached:  330.0
--------------------  Trial  63   --------------------
Start timing: 
Parameters: 
{'W_layers': 8, 'W_layer_units_exponent_0': 4, 'W_layer_units_exponent_1': 7, 'W_layer_units_exponent_2': 6, 'W_layer_units_exponent_3': 5, 'W_layer_units_exponent_4': 7, 'W_layer_units_exponent_5': 8, 'W_layer_units_exponent_6': 8, 'W_layer_units_exponent_7': 8, 'D_layers': 4, 'D_layer_units_exponent_0': 5, 'D_layer_units_exponent_1': 6, 'D_layer_units_exponent_2': 5, 'D_layer_units_exponent_3': 7, 'D_dagger_layers': 4, 'D_dagger_layer_units_exponent_0': 10, 'D_dagger_layer_units_exponent_1': 8, 'D_dagger_layer_units_exponent_2': 6, 'D_dagger_layer_units_exponent_3': 5, 'log_learning_rate': -4.562665520338102, 'log_learning_rate_D': -3.3925674015148144, 'log_learning_rate_D_dagger': -2.342463186920352, 'training_batch_size': 8, 'training_p': 2}
	 epoch  0 training error:  tensor(1.1296, device='cuda:0', grad_fn=<DivBackward0>)
Memory status after this epoch: 
Memory allocated:  167.91650390625
Memory cached:  296.0
	 epoch  10 training error:  tensor(0.4233, device='cuda:0', grad_fn=<DivBackward0>)
Memory status after this epoch: 
Memory allocated:  167.91650390625
Memory cached:  296.0
	 epoch  20 training error:  tensor(0.3789, device='cuda:0', grad_fn=<DivBackward0>)
Memory status after this epoch: 
Memory allocated:  167.91650390625
Memory cached:  296.0
	 epoch  30 training error:  tensor(0.3582, device='cuda:0', grad_fn=<DivBackward0>)
Memory status after this epoch: 
Memory allocated:  167.91650390625
Memory cached:  296.0
	 epoch  40 training error:  tensor(0.3427, device='cuda:0', grad_fn=<DivBackward0>)
Memory status after this epoch: 
Memory allocated:  167.91650390625
Memory cached:  296.0
	 epoch  50 training error:  tensor(0.3429, device='cuda:0', grad_fn=<DivBackward0>)
Memory status after this epoch: 
Memory allocated:  167.91650390625
Memory cached:  296.0
	 epoch  60 training error:  tensor(0.3430, device='cuda:0', grad_fn=<DivBackward0>)
Memory status after this epoch: 
Memory allocated:  167.91650390625
Memory cached:  296.0
	 epoch  70 training error:  tensor(0.3442, device='cuda:0', grad_fn=<DivBackward0>)
Memory status after this epoch: 
Memory allocated:  167.91650390625
Memory cached:  296.0
	 epoch  80 training error:  tensor(0.3399, device='cuda:0', grad_fn=<DivBackward0>)
Memory status after this epoch: 
Memory allocated:  167.91650390625
Memory cached:  296.0
	 epoch  90 training error:  tensor(0.3432, device='cuda:0', grad_fn=<DivBackward0>)
Memory status after this epoch: 
Memory allocated:  167.91650390625
Memory cached:  296.0
[I 2023-12-07 05:02:22,729] Trial 63 finished with value: 0.33436256647109985 and parameters: {'W_layers': 8, 'W_layer_units_exponent_0': 4, 'W_layer_units_exponent_1': 7, 'W_layer_units_exponent_2': 6, 'W_layer_units_exponent_3': 5, 'W_layer_units_exponent_4': 7, 'W_layer_units_exponent_5': 8, 'W_layer_units_exponent_6': 8, 'W_layer_units_exponent_7': 8, 'D_layers': 4, 'D_layer_units_exponent_0': 5, 'D_layer_units_exponent_1': 6, 'D_layer_units_exponent_2': 5, 'D_layer_units_exponent_3': 7, 'D_dagger_layers': 4, 'D_dagger_layer_units_exponent_0': 10, 'D_dagger_layer_units_exponent_1': 8, 'D_dagger_layer_units_exponent_2': 6, 'D_dagger_layer_units_exponent_3': 5, 'log_learning_rate': -4.562665520338102, 'log_learning_rate_D': -3.3925674015148144, 'log_learning_rate_D_dagger': -2.342463186920352, 'training_batch_size': 8, 'training_p': 2}. Best is trial 25 with value: 0.33126506209373474.
Time for this trial:  19.15420651435852
Memory status after this trial: 
Memory allocated:  299.20654296875
Memory cached:  326.0
--------------------  Trial  64   --------------------
Start timing: 
Parameters: 
{'W_layers': 3, 'W_layer_units_exponent_0': 9, 'W_layer_units_exponent_1': 9, 'W_layer_units_exponent_2': 5, 'D_layers': 5, 'D_layer_units_exponent_0': 6, 'D_layer_units_exponent_1': 4, 'D_layer_units_exponent_2': 5, 'D_layer_units_exponent_3': 7, 'D_layer_units_exponent_4': 8, 'D_dagger_layers': 6, 'D_dagger_layer_units_exponent_0': 10, 'D_dagger_layer_units_exponent_1': 7, 'D_dagger_layer_units_exponent_2': 9, 'D_dagger_layer_units_exponent_3': 6, 'D_dagger_layer_units_exponent_4': 4, 'D_dagger_layer_units_exponent_5': 6, 'log_learning_rate': -4.371320238990569, 'log_learning_rate_D': -2.9503049465937927, 'log_learning_rate_D_dagger': -2.256430111658744, 'training_batch_size': 7, 'training_p': 2}
	 epoch  0 training error:  tensor(0.9087, device='cuda:0', grad_fn=<DivBackward0>)
Memory status after this epoch: 
Memory allocated:  168.791015625
Memory cached:  294.0
	 epoch  10 training error:  tensor(0.5244, device='cuda:0', grad_fn=<DivBackward0>)
Memory status after this epoch: 
Memory allocated:  168.791015625
Memory cached:  298.0
	 epoch  20 training error:  tensor(0.4958, device='cuda:0', grad_fn=<DivBackward0>)
Memory status after this epoch: 
Memory allocated:  168.791015625
Memory cached:  298.0
	 epoch  30 training error:  tensor(0.3837, device='cuda:0', grad_fn=<DivBackward0>)
Memory status after this epoch: 
Memory allocated:  168.791015625
Memory cached:  298.0
	 epoch  40 training error:  tensor(0.3500, device='cuda:0', grad_fn=<DivBackward0>)
Memory status after this epoch: 
Memory allocated:  168.791015625
Memory cached:  298.0
	 epoch  50 training error:  tensor(0.3427, device='cuda:0', grad_fn=<DivBackward0>)
Memory status after this epoch: 
Memory allocated:  168.791015625
Memory cached:  298.0
	 epoch  60 training error:  tensor(0.3491, device='cuda:0', grad_fn=<DivBackward0>)
Memory status after this epoch: 
Memory allocated:  168.791015625
Memory cached:  298.0
	 epoch  70 training error:  tensor(0.3434, device='cuda:0', grad_fn=<DivBackward0>)
Memory status after this epoch: 
Memory allocated:  168.791015625
Memory cached:  298.0
	 epoch  80 training error:  tensor(0.3609, device='cuda:0', grad_fn=<DivBackward0>)
Memory status after this epoch: 
Memory allocated:  168.791015625
Memory cached:  298.0
	 epoch  90 training error:  tensor(0.3466, device='cuda:0', grad_fn=<DivBackward0>)
Memory status after this epoch: 
Memory allocated:  168.791015625
Memory cached:  298.0
[I 2023-12-07 05:02:41,559] Trial 64 finished with value: 0.3377132713794708 and parameters: {'W_layers': 3, 'W_layer_units_exponent_0': 9, 'W_layer_units_exponent_1': 9, 'W_layer_units_exponent_2': 5, 'D_layers': 5, 'D_layer_units_exponent_0': 6, 'D_layer_units_exponent_1': 4, 'D_layer_units_exponent_2': 5, 'D_layer_units_exponent_3': 7, 'D_layer_units_exponent_4': 8, 'D_dagger_layers': 6, 'D_dagger_layer_units_exponent_0': 10, 'D_dagger_layer_units_exponent_1': 7, 'D_dagger_layer_units_exponent_2': 9, 'D_dagger_layer_units_exponent_3': 6, 'D_dagger_layer_units_exponent_4': 4, 'D_dagger_layer_units_exponent_5': 6, 'log_learning_rate': -4.371320238990569, 'log_learning_rate_D': -2.9503049465937927, 'log_learning_rate_D_dagger': -2.256430111658744, 'training_batch_size': 7, 'training_p': 2}. Best is trial 25 with value: 0.33126506209373474.
Time for this trial:  18.61530613899231
Memory status after this trial: 
Memory allocated:  318.53662109375
Memory cached:  358.0
--------------------  Trial  65   --------------------
Start timing: 
Parameters: 
{'W_layers': 7, 'W_layer_units_exponent_0': 8, 'W_layer_units_exponent_1': 9, 'W_layer_units_exponent_2': 8, 'W_layer_units_exponent_3': 6, 'W_layer_units_exponent_4': 8, 'W_layer_units_exponent_5': 9, 'W_layer_units_exponent_6': 6, 'D_layers': 4, 'D_layer_units_exponent_0': 7, 'D_layer_units_exponent_1': 5, 'D_layer_units_exponent_2': 6, 'D_layer_units_exponent_3': 7, 'D_dagger_layers': 7, 'D_dagger_layer_units_exponent_0': 9, 'D_dagger_layer_units_exponent_1': 7, 'D_dagger_layer_units_exponent_2': 8, 'D_dagger_layer_units_exponent_3': 4, 'D_dagger_layer_units_exponent_4': 5, 'D_dagger_layer_units_exponent_5': 4, 'D_dagger_layer_units_exponent_6': 10, 'log_learning_rate': -3.889894991251872, 'log_learning_rate_D': -2.8185208476421595, 'log_learning_rate_D_dagger': -2.5071726207410663, 'training_batch_size': 9, 'training_p': 3}
	 epoch  0 training error:  tensor(0.9886, device='cuda:0', grad_fn=<DivBackward0>)
Memory status after this epoch: 
Memory allocated:  169.76416015625
Memory cached:  294.0
	 epoch  10 training error:  tensor(0.5309, device='cuda:0', grad_fn=<DivBackward0>)
Memory status after this epoch: 
Memory allocated:  169.76416015625
Memory cached:  294.0
	 epoch  20 training error:  tensor(0.4531, device='cuda:0', grad_fn=<DivBackward0>)
Memory status after this epoch: 
Memory allocated:  169.76416015625
Memory cached:  294.0
	 epoch  30 training error:  tensor(0.4027, device='cuda:0', grad_fn=<DivBackward0>)
Memory status after this epoch: 
Memory allocated:  169.76416015625
Memory cached:  294.0
	 epoch  40 training error:  tensor(0.3732, device='cuda:0', grad_fn=<DivBackward0>)
Memory status after this epoch: 
Memory allocated:  169.76416015625
Memory cached:  294.0
	 epoch  50 training error:  tensor(0.3643, device='cuda:0', grad_fn=<DivBackward0>)
Memory status after this epoch: 
Memory allocated:  169.76416015625
Memory cached:  294.0
	 epoch  60 training error:  tensor(0.3601, device='cuda:0', grad_fn=<DivBackward0>)
Memory status after this epoch: 
Memory allocated:  169.76416015625
Memory cached:  294.0
	 epoch  70 training error:  tensor(0.3561, device='cuda:0', grad_fn=<DivBackward0>)
Memory status after this epoch: 
Memory allocated:  169.76416015625
Memory cached:  294.0
	 epoch  80 training error:  tensor(0.3575, device='cuda:0', grad_fn=<DivBackward0>)
Memory status after this epoch: 
Memory allocated:  169.76416015625
Memory cached:  294.0
	 epoch  90 training error:  tensor(0.3549, device='cuda:0', grad_fn=<DivBackward0>)
Memory status after this epoch: 
Memory allocated:  169.76416015625
Memory cached:  294.0
[I 2023-12-07 05:03:02,229] Trial 65 finished with value: 0.34062525629997253 and parameters: {'W_layers': 7, 'W_layer_units_exponent_0': 8, 'W_layer_units_exponent_1': 9, 'W_layer_units_exponent_2': 8, 'W_layer_units_exponent_3': 6, 'W_layer_units_exponent_4': 8, 'W_layer_units_exponent_5': 9, 'W_layer_units_exponent_6': 6, 'D_layers': 4, 'D_layer_units_exponent_0': 7, 'D_layer_units_exponent_1': 5, 'D_layer_units_exponent_2': 6, 'D_layer_units_exponent_3': 7, 'D_dagger_layers': 7, 'D_dagger_layer_units_exponent_0': 9, 'D_dagger_layer_units_exponent_1': 7, 'D_dagger_layer_units_exponent_2': 8, 'D_dagger_layer_units_exponent_3': 4, 'D_dagger_layer_units_exponent_4': 5, 'D_dagger_layer_units_exponent_5': 4, 'D_dagger_layer_units_exponent_6': 10, 'log_learning_rate': -3.889894991251872, 'log_learning_rate_D': -2.8185208476421595, 'log_learning_rate_D_dagger': -2.5071726207410663, 'training_batch_size': 9, 'training_p': 3}. Best is trial 25 with value: 0.33126506209373474.
Time for this trial:  20.429575443267822
Memory status after this trial: 
Memory allocated:  369.76220703125
Memory cached:  396.0
--------------------  Trial  66   --------------------
Start timing: 
Parameters: 
{'W_layers': 5, 'W_layer_units_exponent_0': 8, 'W_layer_units_exponent_1': 8, 'W_layer_units_exponent_2': 4, 'W_layer_units_exponent_3': 4, 'W_layer_units_exponent_4': 9, 'D_layers': 5, 'D_layer_units_exponent_0': 4, 'D_layer_units_exponent_1': 9, 'D_layer_units_exponent_2': 4, 'D_layer_units_exponent_3': 7, 'D_layer_units_exponent_4': 7, 'D_dagger_layers': 5, 'D_dagger_layer_units_exponent_0': 4, 'D_dagger_layer_units_exponent_1': 6, 'D_dagger_layer_units_exponent_2': 4, 'D_dagger_layer_units_exponent_3': 6, 'D_dagger_layer_units_exponent_4': 4, 'log_learning_rate': -4.232941717769551, 'log_learning_rate_D': -3.207828979759054, 'log_learning_rate_D_dagger': -1.8649612343981938, 'training_batch_size': 10, 'training_p': 2}
	 epoch  0 training error:  tensor(0.9768, device='cuda:0', grad_fn=<DivBackward0>)
Memory status after this epoch: 
Memory allocated:  162.21923828125
Memory cached:  294.0
	 epoch  10 training error:  tensor(0.4304, device='cuda:0', grad_fn=<DivBackward0>)
Memory status after this epoch: 
Memory allocated:  162.21923828125
Memory cached:  294.0
	 epoch  20 training error:  tensor(0.3890, device='cuda:0', grad_fn=<DivBackward0>)
Memory status after this epoch: 
Memory allocated:  162.21923828125
Memory cached:  294.0
	 epoch  30 training error:  tensor(0.3832, device='cuda:0', grad_fn=<DivBackward0>)
Memory status after this epoch: 
Memory allocated:  162.21923828125
Memory cached:  294.0
	 epoch  40 training error:  tensor(0.3769, device='cuda:0', grad_fn=<DivBackward0>)
Memory status after this epoch: 
Memory allocated:  162.21923828125
Memory cached:  294.0
	 epoch  50 training error:  tensor(0.3696, device='cuda:0', grad_fn=<DivBackward0>)
Memory status after this epoch: 
Memory allocated:  162.21923828125
Memory cached:  294.0
	 epoch  60 training error:  tensor(0.3579, device='cuda:0', grad_fn=<DivBackward0>)
Memory status after this epoch: 
Memory allocated:  162.21923828125
Memory cached:  294.0
	 epoch  70 training error:  tensor(0.4258, device='cuda:0', grad_fn=<DivBackward0>)
Memory status after this epoch: 
Memory allocated:  162.21923828125
Memory cached:  294.0
	 epoch  80 training error:  tensor(0.3716, device='cuda:0', grad_fn=<DivBackward0>)
Memory status after this epoch: 
Memory allocated:  162.21923828125
Memory cached:  294.0
	 epoch  90 training error:  tensor(0.3689, device='cuda:0', grad_fn=<DivBackward0>)
Memory status after this epoch: 
Memory allocated:  162.21923828125
Memory cached:  294.0
[I 2023-12-07 05:03:19,398] Trial 66 finished with value: 0.3468320667743683 and parameters: {'W_layers': 5, 'W_layer_units_exponent_0': 8, 'W_layer_units_exponent_1': 8, 'W_layer_units_exponent_2': 4, 'W_layer_units_exponent_3': 4, 'W_layer_units_exponent_4': 9, 'D_layers': 5, 'D_layer_units_exponent_0': 4, 'D_layer_units_exponent_1': 9, 'D_layer_units_exponent_2': 4, 'D_layer_units_exponent_3': 7, 'D_layer_units_exponent_4': 7, 'D_dagger_layers': 5, 'D_dagger_layer_units_exponent_0': 4, 'D_dagger_layer_units_exponent_1': 6, 'D_dagger_layer_units_exponent_2': 4, 'D_dagger_layer_units_exponent_3': 6, 'D_dagger_layer_units_exponent_4': 4, 'log_learning_rate': -4.232941717769551, 'log_learning_rate_D': -3.207828979759054, 'log_learning_rate_D_dagger': -1.8649612343981938, 'training_batch_size': 10, 'training_p': 2}. Best is trial 25 with value: 0.33126506209373474.
Time for this trial:  16.95141339302063
Memory status after this trial: 
Memory allocated:  225.27197265625
Memory cached:  294.0
--------------------  Trial  67   --------------------
Start timing: 
Parameters: 
{'W_layers': 8, 'W_layer_units_exponent_0': 7, 'W_layer_units_exponent_1': 6, 'W_layer_units_exponent_2': 6, 'W_layer_units_exponent_3': 6, 'W_layer_units_exponent_4': 8, 'W_layer_units_exponent_5': 10, 'W_layer_units_exponent_6': 5, 'W_layer_units_exponent_7': 6, 'D_layers': 7, 'D_layer_units_exponent_0': 8, 'D_layer_units_exponent_1': 7, 'D_layer_units_exponent_2': 10, 'D_layer_units_exponent_3': 8, 'D_layer_units_exponent_4': 10, 'D_layer_units_exponent_5': 7, 'D_layer_units_exponent_6': 6, 'D_dagger_layers': 5, 'D_dagger_layer_units_exponent_0': 6, 'D_dagger_layer_units_exponent_1': 8, 'D_dagger_layer_units_exponent_2': 5, 'D_dagger_layer_units_exponent_3': 5, 'D_dagger_layer_units_exponent_4': 4, 'log_learning_rate': -4.666704812710752, 'log_learning_rate_D': -3.8710208032662083, 'log_learning_rate_D_dagger': -2.705457494634143, 'training_batch_size': 8, 'training_p': 3}
	 epoch  0 training error:  tensor(0.9983, device='cuda:0', grad_fn=<DivBackward0>)
Memory status after this epoch: 
Memory allocated:  169.431640625
Memory cached:  296.0
	 epoch  10 training error:  tensor(0.4628, device='cuda:0', grad_fn=<DivBackward0>)
Memory status after this epoch: 
Memory allocated:  169.431640625
Memory cached:  298.0
	 epoch  20 training error:  tensor(0.4093, device='cuda:0', grad_fn=<DivBackward0>)
Memory status after this epoch: 
Memory allocated:  169.431640625
Memory cached:  298.0
	 epoch  30 training error:  tensor(0.3957, device='cuda:0', grad_fn=<DivBackward0>)
Memory status after this epoch: 
Memory allocated:  169.431640625
Memory cached:  298.0
	 epoch  40 training error:  tensor(0.3815, device='cuda:0', grad_fn=<DivBackward0>)
Memory status after this epoch: 
Memory allocated:  169.431640625
Memory cached:  298.0
	 epoch  50 training error:  tensor(0.3700, device='cuda:0', grad_fn=<DivBackward0>)
Memory status after this epoch: 
Memory allocated:  169.431640625
Memory cached:  298.0
	 epoch  60 training error:  tensor(0.3599, device='cuda:0', grad_fn=<DivBackward0>)
Memory status after this epoch: 
Memory allocated:  169.431640625
Memory cached:  298.0
	 epoch  70 training error:  tensor(0.3553, device='cuda:0', grad_fn=<DivBackward0>)
Memory status after this epoch: 
Memory allocated:  169.431640625
Memory cached:  298.0
	 epoch  80 training error:  tensor(0.3645, device='cuda:0', grad_fn=<DivBackward0>)
Memory status after this epoch: 
Memory allocated:  169.431640625
Memory cached:  298.0
	 epoch  90 training error:  tensor(0.3557, device='cuda:0', grad_fn=<DivBackward0>)
Memory status after this epoch: 
Memory allocated:  169.431640625
Memory cached:  298.0
