[I 2024-02-17 04:48:40,821] Trial 89 finished with value: 0.0796370878815651 and parameters: {'W_layers': 5, 'W_layer_units_exponent_0': 7, 'W_layer_units_exponent_1': 7, 'W_layer_units_exponent_2': 10, 'W_layer_units_exponent_3': 8, 'W_layer_units_exponent_4': 4, 'D_layers': 3, 'D_layer_units_exponent_0': 6, 'D_layer_units_exponent_1': 7, 'D_layer_units_exponent_2': 9, 'D_dagger_layers': 6, 'D_dagger_layer_units_exponent_0': 10, 'D_dagger_layer_units_exponent_1': 9, 'D_dagger_layer_units_exponent_2': 9, 'D_dagger_layer_units_exponent_3': 5, 'D_dagger_layer_units_exponent_4': 5, 'D_dagger_layer_units_exponent_5': 4, 'log_learning_rate': -3.956801778218862, 'log_learning_rate_D': -3.584111907935306, 'log_learning_rate_D_dagger': -2.558707940645308, 'training_batch_size': 6, 'training_p': 8}. Best is trial 45 with value: 0.03961218520998955.
Time for this trial:  807.2879619598389
Memory status after this trial: 
Memory allocated:  1682.91455078125
Memory cached:  1708.0
--------------------  Trial  90   --------------------
Start timing: 
Parameters: 
{'W_layers': 4, 'W_layer_units_exponent_0': 8, 'W_layer_units_exponent_1': 7, 'W_layer_units_exponent_2': 7, 'W_layer_units_exponent_3': 8, 'D_layers': 4, 'D_layer_units_exponent_0': 7, 'D_layer_units_exponent_1': 7, 'D_layer_units_exponent_2': 9, 'D_layer_units_exponent_3': 6, 'D_dagger_layers': 5, 'D_dagger_layer_units_exponent_0': 10, 'D_dagger_layer_units_exponent_1': 8, 'D_dagger_layer_units_exponent_2': 9, 'D_dagger_layer_units_exponent_3': 4, 'D_dagger_layer_units_exponent_4': 5, 'log_learning_rate': -4.368548161547952, 'log_learning_rate_D': -3.731983882255207, 'log_learning_rate_D_dagger': -2.809924835976403, 'training_batch_size': 11, 'training_p': 8}
	 epoch  0 training error:  tensor(0.9799, device='cuda:0', grad_fn=<DivBackward0>)
Memory status after this epoch: 
Memory allocated:  763.2177734375
Memory cached:  1332.0
	 epoch  10 training error:  tensor(0.5894, device='cuda:0', grad_fn=<DivBackward0>)
Memory status after this epoch: 
Memory allocated:  763.2177734375
Memory cached:  1332.0
	 epoch  20 training error:  tensor(0.5516, device='cuda:0', grad_fn=<DivBackward0>)
Memory status after this epoch: 
Memory allocated:  763.2177734375
Memory cached:  1332.0
	 epoch  30 training error:  tensor(0.5371, device='cuda:0', grad_fn=<DivBackward0>)
Memory status after this epoch: 
Memory allocated:  763.2177734375
Memory cached:  1332.0
	 epoch  40 training error:  tensor(0.5331, device='cuda:0', grad_fn=<DivBackward0>)
Memory status after this epoch: 
Memory allocated:  763.2177734375
Memory cached:  1332.0
	 epoch  50 training error:  tensor(0.5208, device='cuda:0', grad_fn=<DivBackward0>)
Memory status after this epoch: 
Memory allocated:  763.2177734375
Memory cached:  1332.0
	 epoch  60 training error:  tensor(0.5123, device='cuda:0', grad_fn=<DivBackward0>)
Memory status after this epoch: 
Memory allocated:  763.2177734375
Memory cached:  1332.0
	 epoch  70 training error:  tensor(0.5004, device='cuda:0', grad_fn=<DivBackward0>)
Memory status after this epoch: 
Memory allocated:  763.2177734375
Memory cached:  1332.0
	 epoch  80 training error:  tensor(0.4754, device='cuda:0', grad_fn=<DivBackward0>)
Memory status after this epoch: 
Memory allocated:  763.2177734375
Memory cached:  1332.0
	 epoch  90 training error:  tensor(0.5180, device='cuda:0', grad_fn=<DivBackward0>)
Memory status after this epoch: 
Memory allocated:  763.2177734375
Memory cached:  1332.0
[I 2024-02-17 04:52:38,294] Trial 90 finished with value: 0.24738557636737823 and parameters: {'W_layers': 4, 'W_layer_units_exponent_0': 8, 'W_layer_units_exponent_1': 7, 'W_layer_units_exponent_2': 7, 'W_layer_units_exponent_3': 8, 'D_layers': 4, 'D_layer_units_exponent_0': 7, 'D_layer_units_exponent_1': 7, 'D_layer_units_exponent_2': 9, 'D_layer_units_exponent_3': 6, 'D_dagger_layers': 5, 'D_dagger_layer_units_exponent_0': 10, 'D_dagger_layer_units_exponent_1': 8, 'D_dagger_layer_units_exponent_2': 9, 'D_dagger_layer_units_exponent_3': 4, 'D_dagger_layer_units_exponent_4': 5, 'log_learning_rate': -4.368548161547952, 'log_learning_rate_D': -3.731983882255207, 'log_learning_rate_D_dagger': -2.809924835976403, 'training_batch_size': 11, 'training_p': 8}. Best is trial 45 with value: 0.03961218520998955.
Time for this trial:  237.06922817230225
Memory status after this trial: 
Memory allocated:  1481.30517578125
Memory cached:  1490.0
--------------------  Trial  91   --------------------
Start timing: 
Parameters: 
{'W_layers': 8, 'W_layer_units_exponent_0': 8, 'W_layer_units_exponent_1': 6, 'W_layer_units_exponent_2': 8, 'W_layer_units_exponent_3': 7, 'W_layer_units_exponent_4': 4, 'W_layer_units_exponent_5': 6, 'W_layer_units_exponent_6': 9, 'W_layer_units_exponent_7': 4, 'D_layers': 3, 'D_layer_units_exponent_0': 7, 'D_layer_units_exponent_1': 8, 'D_layer_units_exponent_2': 8, 'D_dagger_layers': 5, 'D_dagger_layer_units_exponent_0': 10, 'D_dagger_layer_units_exponent_1': 8, 'D_dagger_layer_units_exponent_2': 10, 'D_dagger_layer_units_exponent_3': 6, 'D_dagger_layer_units_exponent_4': 4, 'log_learning_rate': -4.038327060821008, 'log_learning_rate_D': -3.8524763119047054, 'log_learning_rate_D_dagger': -2.481808534438246, 'training_batch_size': 6, 'training_p': 8}
	 epoch  0 training error:  tensor(1.3001, device='cuda:0', grad_fn=<DivBackward0>)
Memory status after this epoch: 
Memory allocated:  766.2919921875
Memory cached:  1332.0
	 epoch  10 training error:  tensor(0.5416, device='cuda:0', grad_fn=<DivBackward0>)
Memory status after this epoch: 
Memory allocated:  766.2919921875
Memory cached:  1332.0
	 epoch  20 training error:  tensor(0.4166, device='cuda:0', grad_fn=<DivBackward0>)
Memory status after this epoch: 
Memory allocated:  766.2919921875
Memory cached:  1332.0
	 epoch  30 training error:  tensor(0.3370, device='cuda:0', grad_fn=<DivBackward0>)
Memory status after this epoch: 
Memory allocated:  766.2919921875
Memory cached:  1334.0
	 epoch  40 training error:  tensor(0.2615, device='cuda:0', grad_fn=<DivBackward0>)
Memory status after this epoch: 
Memory allocated:  766.2919921875
Memory cached:  1332.0
	 epoch  50 training error:  tensor(0.2624, device='cuda:0', grad_fn=<DivBackward0>)
Memory status after this epoch: 
Memory allocated:  766.2919921875
Memory cached:  1336.0
	 epoch  60 training error:  tensor(0.2537, device='cuda:0', grad_fn=<DivBackward0>)
Memory status after this epoch: 
Memory allocated:  766.2919921875
Memory cached:  1334.0
	 epoch  70 training error:  tensor(0.1934, device='cuda:0', grad_fn=<DivBackward0>)
Memory status after this epoch: 
Memory allocated:  766.2919921875
Memory cached:  1332.0
	 epoch  80 training error:  tensor(0.2159, device='cuda:0', grad_fn=<DivBackward0>)
Memory status after this epoch: 
Memory allocated:  766.2919921875
Memory cached:  1334.0
	 epoch  90 training error:  tensor(0.1779, device='cuda:0', grad_fn=<DivBackward0>)
Memory status after this epoch: 
Memory allocated:  766.2919921875
Memory cached:  1332.0
[I 2024-02-17 05:07:20,417] Trial 91 finished with value: 0.1354498565196991 and parameters: {'W_layers': 8, 'W_layer_units_exponent_0': 8, 'W_layer_units_exponent_1': 6, 'W_layer_units_exponent_2': 8, 'W_layer_units_exponent_3': 7, 'W_layer_units_exponent_4': 4, 'W_layer_units_exponent_5': 6, 'W_layer_units_exponent_6': 9, 'W_layer_units_exponent_7': 4, 'D_layers': 3, 'D_layer_units_exponent_0': 7, 'D_layer_units_exponent_1': 8, 'D_layer_units_exponent_2': 8, 'D_dagger_layers': 5, 'D_dagger_layer_units_exponent_0': 10, 'D_dagger_layer_units_exponent_1': 8, 'D_dagger_layer_units_exponent_2': 10, 'D_dagger_layer_units_exponent_3': 6, 'D_dagger_layer_units_exponent_4': 4, 'log_learning_rate': -4.038327060821008, 'log_learning_rate_D': -3.8524763119047054, 'log_learning_rate_D_dagger': -2.481808534438246, 'training_batch_size': 6, 'training_p': 8}. Best is trial 45 with value: 0.03961218520998955.
Time for this trial:  881.6177825927734
Memory status after this trial: 
Memory allocated:  1676.76904296875
Memory cached:  1686.0
--------------------  Trial  92   --------------------
Start timing: 
Parameters: 
{'W_layers': 8, 'W_layer_units_exponent_0': 8, 'W_layer_units_exponent_1': 7, 'W_layer_units_exponent_2': 4, 'W_layer_units_exponent_3': 9, 'W_layer_units_exponent_4': 5, 'W_layer_units_exponent_5': 5, 'W_layer_units_exponent_6': 9, 'W_layer_units_exponent_7': 5, 'D_layers': 3, 'D_layer_units_exponent_0': 8, 'D_layer_units_exponent_1': 7, 'D_layer_units_exponent_2': 8, 'D_dagger_layers': 4, 'D_dagger_layer_units_exponent_0': 10, 'D_dagger_layer_units_exponent_1': 7, 'D_dagger_layer_units_exponent_2': 5, 'D_dagger_layer_units_exponent_3': 7, 'log_learning_rate': -3.906223496735527, 'log_learning_rate_D': -3.9806737291256002, 'log_learning_rate_D_dagger': -2.676341018989033, 'training_batch_size': 6, 'training_p': 8}
	 epoch  0 training error:  tensor(0.7060, device='cuda:0', grad_fn=<DivBackward0>)
Memory status after this epoch: 
Memory allocated:  758.6396484375
Memory cached:  1332.0
	 epoch  10 training error:  tensor(0.5159, device='cuda:0', grad_fn=<DivBackward0>)
Memory status after this epoch: 
Memory allocated:  758.6396484375
Memory cached:  1332.0
	 epoch  20 training error:  tensor(0.3892, device='cuda:0', grad_fn=<DivBackward0>)
Memory status after this epoch: 
Memory allocated:  758.6396484375
Memory cached:  1332.0
	 epoch  30 training error:  tensor(0.3060, device='cuda:0', grad_fn=<DivBackward0>)
Memory status after this epoch: 
Memory allocated:  758.6396484375
Memory cached:  1332.0
	 epoch  40 training error:  tensor(0.2359, device='cuda:0', grad_fn=<DivBackward0>)
Memory status after this epoch: 
Memory allocated:  758.6396484375
Memory cached:  1332.0
	 epoch  50 training error:  tensor(0.2243, device='cuda:0', grad_fn=<DivBackward0>)
Memory status after this epoch: 
Memory allocated:  758.6396484375
Memory cached:  1332.0
	 epoch  60 training error:  tensor(0.1738, device='cuda:0', grad_fn=<DivBackward0>)
Memory status after this epoch: 
Memory allocated:  758.6396484375
Memory cached:  1332.0
	 epoch  70 training error:  tensor(0.1475, device='cuda:0', grad_fn=<DivBackward0>)
Memory status after this epoch: 
Memory allocated:  758.6396484375
Memory cached:  1332.0
	 epoch  80 training error:  tensor(0.1222, device='cuda:0', grad_fn=<DivBackward0>)
Memory status after this epoch: 
Memory allocated:  758.6396484375
Memory cached:  1332.0
	 epoch  90 training error:  tensor(0.1190, device='cuda:0', grad_fn=<DivBackward0>)
Memory status after this epoch: 
Memory allocated:  758.6396484375
Memory cached:  1332.0
[I 2024-02-17 05:21:18,999] Trial 92 finished with value: 0.06977790594100952 and parameters: {'W_layers': 8, 'W_layer_units_exponent_0': 8, 'W_layer_units_exponent_1': 7, 'W_layer_units_exponent_2': 4, 'W_layer_units_exponent_3': 9, 'W_layer_units_exponent_4': 5, 'W_layer_units_exponent_5': 5, 'W_layer_units_exponent_6': 9, 'W_layer_units_exponent_7': 5, 'D_layers': 3, 'D_layer_units_exponent_0': 8, 'D_layer_units_exponent_1': 7, 'D_layer_units_exponent_2': 8, 'D_dagger_layers': 4, 'D_dagger_layer_units_exponent_0': 10, 'D_dagger_layer_units_exponent_1': 7, 'D_dagger_layer_units_exponent_2': 5, 'D_dagger_layer_units_exponent_3': 7, 'log_learning_rate': -3.906223496735527, 'log_learning_rate_D': -3.9806737291256002, 'log_learning_rate_D_dagger': -2.676341018989033, 'training_batch_size': 6, 'training_p': 8}. Best is trial 45 with value: 0.03961218520998955.
Time for this trial:  838.0487871170044
Memory status after this trial: 
Memory allocated:  1484.46630859375
Memory cached:  1490.0
--------------------  Trial  93   --------------------
Start timing: 
Parameters: 
{'W_layers': 8, 'W_layer_units_exponent_0': 8, 'W_layer_units_exponent_1': 7, 'W_layer_units_exponent_2': 4, 'W_layer_units_exponent_3': 9, 'W_layer_units_exponent_4': 5, 'W_layer_units_exponent_5': 6, 'W_layer_units_exponent_6': 9, 'W_layer_units_exponent_7': 6, 'D_layers': 3, 'D_layer_units_exponent_0': 8, 'D_layer_units_exponent_1': 7, 'D_layer_units_exponent_2': 9, 'D_dagger_layers': 6, 'D_dagger_layer_units_exponent_0': 10, 'D_dagger_layer_units_exponent_1': 7, 'D_dagger_layer_units_exponent_2': 9, 'D_dagger_layer_units_exponent_3': 7, 'D_dagger_layer_units_exponent_4': 5, 'D_dagger_layer_units_exponent_5': 6, 'log_learning_rate': -3.8579920924895275, 'log_learning_rate_D': -4.130919871015021, 'log_learning_rate_D_dagger': -2.6960387322997343, 'training_batch_size': 6, 'training_p': 8}
	 epoch  0 training error:  tensor(0.9595, device='cuda:0', grad_fn=<DivBackward0>)
Memory status after this epoch: 
Memory allocated:  761.6416015625
Memory cached:  1332.0
	 epoch  10 training error:  tensor(0.5517, device='cuda:0', grad_fn=<DivBackward0>)
Memory status after this epoch: 
Memory allocated:  761.6416015625
Memory cached:  1332.0
	 epoch  20 training error:  tensor(0.5357, device='cuda:0', grad_fn=<DivBackward0>)
Memory status after this epoch: 
Memory allocated:  761.6416015625
Memory cached:  1332.0
	 epoch  30 training error:  tensor(0.5072, device='cuda:0', grad_fn=<DivBackward0>)
Memory status after this epoch: 
Memory allocated:  761.6416015625
Memory cached:  1334.0
	 epoch  40 training error:  tensor(0.3450, device='cuda:0', grad_fn=<DivBackward0>)
Memory status after this epoch: 
Memory allocated:  761.6416015625
Memory cached:  1332.0
	 epoch  50 training error:  tensor(0.2729, device='cuda:0', grad_fn=<DivBackward0>)
Memory status after this epoch: 
Memory allocated:  761.6416015625
Memory cached:  1336.0
	 epoch  60 training error:  tensor(0.2392, device='cuda:0', grad_fn=<DivBackward0>)
Memory status after this epoch: 
Memory allocated:  761.6416015625
Memory cached:  1338.0
	 epoch  70 training error:  tensor(0.2329, device='cuda:0', grad_fn=<DivBackward0>)
Memory status after this epoch: 
Memory allocated:  761.6416015625
Memory cached:  1336.0
	 epoch  80 training error:  tensor(0.2071, device='cuda:0', grad_fn=<DivBackward0>)
Memory status after this epoch: 
Memory allocated:  761.6416015625
Memory cached:  1334.0
	 epoch  90 training error:  tensor(0.1681, device='cuda:0', grad_fn=<DivBackward0>)
Memory status after this epoch: 
Memory allocated:  761.6416015625
Memory cached:  1332.0
[I 2024-02-17 05:36:38,011] Trial 93 finished with value: 0.08966576308012009 and parameters: {'W_layers': 8, 'W_layer_units_exponent_0': 8, 'W_layer_units_exponent_1': 7, 'W_layer_units_exponent_2': 4, 'W_layer_units_exponent_3': 9, 'W_layer_units_exponent_4': 5, 'W_layer_units_exponent_5': 6, 'W_layer_units_exponent_6': 9, 'W_layer_units_exponent_7': 6, 'D_layers': 3, 'D_layer_units_exponent_0': 8, 'D_layer_units_exponent_1': 7, 'D_layer_units_exponent_2': 9, 'D_dagger_layers': 6, 'D_dagger_layer_units_exponent_0': 10, 'D_dagger_layer_units_exponent_1': 7, 'D_dagger_layer_units_exponent_2': 9, 'D_dagger_layer_units_exponent_3': 7, 'D_dagger_layer_units_exponent_4': 5, 'D_dagger_layer_units_exponent_5': 6, 'log_learning_rate': -3.8579920924895275, 'log_learning_rate_D': -4.130919871015021, 'log_learning_rate_D_dagger': -2.6960387322997343, 'training_batch_size': 6, 'training_p': 8}. Best is trial 45 with value: 0.03961218520998955.
Time for this trial:  918.4594700336456
Memory status after this trial: 
Memory allocated:  1670.06884765625
Memory cached:  1678.0
--------------------  Trial  94   --------------------
Start timing: 
Parameters: 
{'W_layers': 8, 'W_layer_units_exponent_0': 9, 'W_layer_units_exponent_1': 7, 'W_layer_units_exponent_2': 7, 'W_layer_units_exponent_3': 10, 'W_layer_units_exponent_4': 4, 'W_layer_units_exponent_5': 4, 'W_layer_units_exponent_6': 9, 'W_layer_units_exponent_7': 5, 'D_layers': 2, 'D_layer_units_exponent_0': 7, 'D_layer_units_exponent_1': 7, 'D_dagger_layers': 4, 'D_dagger_layer_units_exponent_0': 10, 'D_dagger_layer_units_exponent_1': 7, 'D_dagger_layer_units_exponent_2': 8, 'D_dagger_layer_units_exponent_3': 7, 'log_learning_rate': -4.1329735101740415, 'log_learning_rate_D': -3.9364543973024264, 'log_learning_rate_D_dagger': -2.883176070269844, 'training_batch_size': 6, 'training_p': 8}
	 epoch  0 training error:  tensor(0.7451, device='cuda:0', grad_fn=<DivBackward0>)
Memory status after this epoch: 
Memory allocated:  761.2294921875
Memory cached:  1334.0
	 epoch  10 training error:  tensor(0.5279, device='cuda:0', grad_fn=<DivBackward0>)
Memory status after this epoch: 
Memory allocated:  761.2294921875
Memory cached:  1354.0
	 epoch  20 training error:  tensor(0.5243, device='cuda:0', grad_fn=<DivBackward0>)
Memory status after this epoch: 
Memory allocated:  761.2294921875
Memory cached:  1356.0
	 epoch  30 training error:  tensor(0.5160, device='cuda:0', grad_fn=<DivBackward0>)
Memory status after this epoch: 
Memory allocated:  761.2294921875
Memory cached:  1354.0
	 epoch  40 training error:  tensor(0.5058, device='cuda:0', grad_fn=<DivBackward0>)
Memory status after this epoch: 
Memory allocated:  761.2294921875
Memory cached:  1356.0
	 epoch  50 training error:  tensor(0.3815, device='cuda:0', grad_fn=<DivBackward0>)
Memory status after this epoch: 
Memory allocated:  761.2294921875
Memory cached:  1354.0
	 epoch  60 training error:  tensor(0.3160, device='cuda:0', grad_fn=<DivBackward0>)
Memory status after this epoch: 
Memory allocated:  761.2294921875
Memory cached:  1354.0
	 epoch  70 training error:  tensor(0.2966, device='cuda:0', grad_fn=<DivBackward0>)
Memory status after this epoch: 
Memory allocated:  761.2294921875
Memory cached:  1354.0
	 epoch  80 training error:  tensor(0.2876, device='cuda:0', grad_fn=<DivBackward0>)
Memory status after this epoch: 
Memory allocated:  761.2294921875
Memory cached:  1358.0
	 epoch  90 training error:  tensor(0.2809, device='cuda:0', grad_fn=<DivBackward0>)
Memory status after this epoch: 
Memory allocated:  761.2294921875
Memory cached:  1356.0
[I 2024-02-17 05:49:57,799] Trial 94 finished with value: 0.15960213541984558 and parameters: {'W_layers': 8, 'W_layer_units_exponent_0': 9, 'W_layer_units_exponent_1': 7, 'W_layer_units_exponent_2': 7, 'W_layer_units_exponent_3': 10, 'W_layer_units_exponent_4': 4, 'W_layer_units_exponent_5': 4, 'W_layer_units_exponent_6': 9, 'W_layer_units_exponent_7': 5, 'D_layers': 2, 'D_layer_units_exponent_0': 7, 'D_layer_units_exponent_1': 7, 'D_dagger_layers': 4, 'D_dagger_layer_units_exponent_0': 10, 'D_dagger_layer_units_exponent_1': 7, 'D_dagger_layer_units_exponent_2': 8, 'D_dagger_layer_units_exponent_3': 7, 'log_learning_rate': -4.1329735101740415, 'log_learning_rate_D': -3.9364543973024264, 'log_learning_rate_D_dagger': -2.883176070269844, 'training_batch_size': 6, 'training_p': 8}. Best is trial 45 with value: 0.03961218520998955.
Time for this trial:  799.1530363559723
Memory status after this trial: 
Memory allocated:  1637.42138671875
Memory cached:  1644.0
--------------------  Trial  95   --------------------
Start timing: 
Parameters: 
{'W_layers': 7, 'W_layer_units_exponent_0': 9, 'W_layer_units_exponent_1': 6, 'W_layer_units_exponent_2': 4, 'W_layer_units_exponent_3': 10, 'W_layer_units_exponent_4': 8, 'W_layer_units_exponent_5': 4, 'W_layer_units_exponent_6': 10, 'D_layers': 3, 'D_layer_units_exponent_0': 5, 'D_layer_units_exponent_1': 7, 'D_layer_units_exponent_2': 8, 'D_dagger_layers': 5, 'D_dagger_layer_units_exponent_0': 10, 'D_dagger_layer_units_exponent_1': 8, 'D_dagger_layer_units_exponent_2': 6, 'D_dagger_layer_units_exponent_3': 5, 'D_dagger_layer_units_exponent_4': 8, 'log_learning_rate': -4.264940327637165, 'log_learning_rate_D': -4.30608266704739, 'log_learning_rate_D_dagger': -2.640756203405412, 'training_batch_size': 6, 'training_p': 8}
	 epoch  0 training error:  tensor(0.7652, device='cuda:0', grad_fn=<DivBackward0>)
Memory status after this epoch: 
Memory allocated:  764.1806640625
Memory cached:  1346.0
	 epoch  10 training error:  tensor(0.5524, device='cuda:0', grad_fn=<DivBackward0>)
Memory status after this epoch: 
Memory allocated:  764.1806640625
Memory cached:  1362.0
	 epoch  20 training error:  tensor(0.5386, device='cuda:0', grad_fn=<DivBackward0>)
Memory status after this epoch: 
Memory allocated:  764.1806640625
Memory cached:  1362.0
	 epoch  30 training error:  tensor(0.5339, device='cuda:0', grad_fn=<DivBackward0>)
Memory status after this epoch: 
Memory allocated:  764.1806640625
Memory cached:  1362.0
	 epoch  40 training error:  tensor(0.4648, device='cuda:0', grad_fn=<DivBackward0>)
Memory status after this epoch: 
Memory allocated:  764.1806640625
Memory cached:  1358.0
	 epoch  50 training error:  tensor(0.3093, device='cuda:0', grad_fn=<DivBackward0>)
Memory status after this epoch: 
Memory allocated:  764.1806640625
Memory cached:  1356.0
	 epoch  60 training error:  tensor(0.2921, device='cuda:0', grad_fn=<DivBackward0>)
Memory status after this epoch: 
Memory allocated:  764.1806640625
Memory cached:  1364.0
	 epoch  70 training error:  tensor(0.2659, device='cuda:0', grad_fn=<DivBackward0>)
Memory status after this epoch: 
Memory allocated:  764.1806640625
Memory cached:  1358.0
	 epoch  80 training error:  tensor(0.2285, device='cuda:0', grad_fn=<DivBackward0>)
Memory status after this epoch: 
Memory allocated:  764.1806640625
Memory cached:  1356.0
	 epoch  90 training error:  tensor(0.1762, device='cuda:0', grad_fn=<DivBackward0>)
Memory status after this epoch: 
Memory allocated:  764.1806640625
Memory cached:  1364.0
