[I 2023-12-03 09:55:08,682] Trial 34 finished with value: 0.10808322578668594 and parameters: {'W_layers': 2, 'W_layer_units_exponent_0': 5, 'W_layer_units_exponent_1': 9, 'D_layers': 6, 'D_layer_units_exponent_0': 7, 'D_layer_units_exponent_1': 10, 'D_layer_units_exponent_2': 7, 'D_layer_units_exponent_3': 9, 'D_layer_units_exponent_4': 6, 'D_layer_units_exponent_5': 4, 'D_dagger_layers': 4, 'D_dagger_layer_units_exponent_0': 7, 'D_dagger_layer_units_exponent_1': 4, 'D_dagger_layer_units_exponent_2': 4, 'D_dagger_layer_units_exponent_3': 5, 'log_learning_rate': -3.3384609155662925, 'log_learning_rate_D': -3.8930002715822147, 'log_learning_rate_D_dagger': -1.7481039528553721, 'training_batch_size': 11, 'training_p': 5}. Best is trial 27 with value: 0.01944413036108017.
Time for this trial:  168.6974744796753
Memory status after this trial: 
Memory allocated:  226.9072265625
Memory cached:  266.0
--------------------  Trial  35   --------------------
Start timing: 
Parameters: 
{'W_layers': 3, 'W_layer_units_exponent_0': 6, 'W_layer_units_exponent_1': 8, 'W_layer_units_exponent_2': 9, 'D_layers': 5, 'D_layer_units_exponent_0': 6, 'D_layer_units_exponent_1': 10, 'D_layer_units_exponent_2': 7, 'D_layer_units_exponent_3': 6, 'D_layer_units_exponent_4': 4, 'D_dagger_layers': 2, 'D_dagger_layer_units_exponent_0': 6, 'D_dagger_layer_units_exponent_1': 5, 'log_learning_rate': -2.891609771259336, 'log_learning_rate_D': -3.2963464634058166, 'log_learning_rate_D_dagger': -2.051048784224928, 'training_batch_size': 9, 'training_p': 6}
	 epoch  0 training error:  tensor(1.0062, device='cuda:0', grad_fn=<DivBackward0>)
Memory status after this epoch: 
Memory allocated:  94.56103515625
Memory cached:  250.0
	 epoch  10 training error:  tensor(0.1716, device='cuda:0', grad_fn=<DivBackward0>)
Memory status after this epoch: 
Memory allocated:  94.56103515625
Memory cached:  254.0
	 epoch  20 training error:  tensor(0.1721, device='cuda:0', grad_fn=<DivBackward0>)
Memory status after this epoch: 
Memory allocated:  94.56103515625
Memory cached:  272.0
	 epoch  30 training error:  tensor(0.1523, device='cuda:0', grad_fn=<DivBackward0>)
Memory status after this epoch: 
Memory allocated:  94.56103515625
Memory cached:  272.0
	 epoch  40 training error:  tensor(0.1421, device='cuda:0', grad_fn=<DivBackward0>)
Memory status after this epoch: 
Memory allocated:  94.56103515625
Memory cached:  262.0
	 epoch  50 training error:  tensor(0.1402, device='cuda:0', grad_fn=<DivBackward0>)
Memory status after this epoch: 
Memory allocated:  94.56103515625
Memory cached:  270.0
	 epoch  60 training error:  tensor(0.1374, device='cuda:0', grad_fn=<DivBackward0>)
Memory status after this epoch: 
Memory allocated:  94.56103515625
Memory cached:  258.0
	 epoch  70 training error:  tensor(0.1299, device='cuda:0', grad_fn=<DivBackward0>)
Memory status after this epoch: 
Memory allocated:  94.56103515625
Memory cached:  266.0
	 epoch  80 training error:  tensor(0.0966, device='cuda:0', grad_fn=<DivBackward0>)
Memory status after this epoch: 
Memory allocated:  94.56103515625
Memory cached:  270.0
	 epoch  90 training error:  tensor(0.0736, device='cuda:0', grad_fn=<DivBackward0>)
Memory status after this epoch: 
Memory allocated:  94.56103515625
Memory cached:  262.0
[I 2023-12-03 09:57:40,893] Trial 35 finished with value: 0.03184300661087036 and parameters: {'W_layers': 3, 'W_layer_units_exponent_0': 6, 'W_layer_units_exponent_1': 8, 'W_layer_units_exponent_2': 9, 'D_layers': 5, 'D_layer_units_exponent_0': 6, 'D_layer_units_exponent_1': 10, 'D_layer_units_exponent_2': 7, 'D_layer_units_exponent_3': 6, 'D_layer_units_exponent_4': 4, 'D_dagger_layers': 2, 'D_dagger_layer_units_exponent_0': 6, 'D_dagger_layer_units_exponent_1': 5, 'log_learning_rate': -2.891609771259336, 'log_learning_rate_D': -3.2963464634058166, 'log_learning_rate_D_dagger': -2.051048784224928, 'training_batch_size': 9, 'training_p': 6}. Best is trial 27 with value: 0.01944413036108017.
Time for this trial:  151.97822880744934
Memory status after this trial: 
Memory allocated:  206.16015625
Memory cached:  254.0
--------------------  Trial  36   --------------------
Start timing: 
Parameters: 
{'W_layers': 4, 'W_layer_units_exponent_0': 6, 'W_layer_units_exponent_1': 8, 'W_layer_units_exponent_2': 9, 'W_layer_units_exponent_3': 9, 'D_layers': 4, 'D_layer_units_exponent_0': 5, 'D_layer_units_exponent_1': 9, 'D_layer_units_exponent_2': 8, 'D_layer_units_exponent_3': 6, 'D_dagger_layers': 2, 'D_dagger_layer_units_exponent_0': 5, 'D_dagger_layer_units_exponent_1': 7, 'log_learning_rate': -2.7995172177879852, 'log_learning_rate_D': -3.219284540425278, 'log_learning_rate_D_dagger': -2.0532880357133756, 'training_batch_size': 9, 'training_p': 6}
	 epoch  0 training error:  tensor(1.0275, device='cuda:0', grad_fn=<DivBackward0>)
Memory status after this epoch: 
Memory allocated:  97.94384765625
Memory cached:  246.0
	 epoch  10 training error:  tensor(0.2609, device='cuda:0', grad_fn=<DivBackward0>)
Memory status after this epoch: 
Memory allocated:  97.94384765625
Memory cached:  268.0
	 epoch  20 training error:  tensor(0.1992, device='cuda:0', grad_fn=<DivBackward0>)
Memory status after this epoch: 
Memory allocated:  97.94384765625
Memory cached:  268.0
	 epoch  30 training error:  tensor(0.1506, device='cuda:0', grad_fn=<DivBackward0>)
Memory status after this epoch: 
Memory allocated:  97.94384765625
Memory cached:  260.0
	 epoch  40 training error:  tensor(0.1498, device='cuda:0', grad_fn=<DivBackward0>)
Memory status after this epoch: 
Memory allocated:  97.94384765625
Memory cached:  264.0
	 epoch  50 training error:  tensor(0.1428, device='cuda:0', grad_fn=<DivBackward0>)
Memory status after this epoch: 
Memory allocated:  97.94384765625
Memory cached:  264.0
	 epoch  60 training error:  tensor(0.1408, device='cuda:0', grad_fn=<DivBackward0>)
Memory status after this epoch: 
Memory allocated:  97.94384765625
Memory cached:  272.0
	 epoch  70 training error:  tensor(0.1398, device='cuda:0', grad_fn=<DivBackward0>)
Memory status after this epoch: 
Memory allocated:  97.94384765625
Memory cached:  270.0
	 epoch  80 training error:  tensor(0.1380, device='cuda:0', grad_fn=<DivBackward0>)
Memory status after this epoch: 
Memory allocated:  97.94384765625
Memory cached:  268.0
	 epoch  90 training error:  tensor(0.1337, device='cuda:0', grad_fn=<DivBackward0>)
Memory status after this epoch: 
Memory allocated:  97.94384765625
Memory cached:  262.0
[I 2023-12-03 10:00:13,393] Trial 36 finished with value: 0.10194527357816696 and parameters: {'W_layers': 4, 'W_layer_units_exponent_0': 6, 'W_layer_units_exponent_1': 8, 'W_layer_units_exponent_2': 9, 'W_layer_units_exponent_3': 9, 'D_layers': 4, 'D_layer_units_exponent_0': 5, 'D_layer_units_exponent_1': 9, 'D_layer_units_exponent_2': 8, 'D_layer_units_exponent_3': 6, 'D_dagger_layers': 2, 'D_dagger_layer_units_exponent_0': 5, 'D_dagger_layer_units_exponent_1': 7, 'log_learning_rate': -2.7995172177879852, 'log_learning_rate_D': -3.219284540425278, 'log_learning_rate_D_dagger': -2.0532880357133756, 'training_batch_size': 9, 'training_p': 6}. Best is trial 27 with value: 0.01944413036108017.
Time for this trial:  152.26395177841187
Memory status after this trial: 
Memory allocated:  214.53271484375
Memory cached:  258.0
--------------------  Trial  37   --------------------
Start timing: 
Parameters: 
{'W_layers': 3, 'W_layer_units_exponent_0': 6, 'W_layer_units_exponent_1': 7, 'W_layer_units_exponent_2': 10, 'D_layers': 6, 'D_layer_units_exponent_0': 5, 'D_layer_units_exponent_1': 8, 'D_layer_units_exponent_2': 6, 'D_layer_units_exponent_3': 7, 'D_layer_units_exponent_4': 4, 'D_layer_units_exponent_5': 6, 'D_dagger_layers': 2, 'D_dagger_layer_units_exponent_0': 7, 'D_dagger_layer_units_exponent_1': 5, 'log_learning_rate': -2.415990299622674, 'log_learning_rate_D': -3.504560460783848, 'log_learning_rate_D_dagger': -2.0835824199560093, 'training_batch_size': 9, 'training_p': 8}
	 epoch  0 training error:  tensor(0.9710, device='cuda:0', grad_fn=<DivBackward0>)
Memory status after this epoch: 
Memory allocated:  91.88134765625
Memory cached:  250.0
	 epoch  10 training error:  tensor(0.2387, device='cuda:0', grad_fn=<DivBackward0>)
Memory status after this epoch: 
Memory allocated:  91.88134765625
Memory cached:  254.0
	 epoch  20 training error:  tensor(0.1613, device='cuda:0', grad_fn=<DivBackward0>)
Memory status after this epoch: 
Memory allocated:  91.88134765625
Memory cached:  260.0
	 epoch  30 training error:  tensor(0.1579, device='cuda:0', grad_fn=<DivBackward0>)
Memory status after this epoch: 
Memory allocated:  91.88134765625
Memory cached:  256.0
	 epoch  40 training error:  tensor(0.1651, device='cuda:0', grad_fn=<DivBackward0>)
Memory status after this epoch: 
Memory allocated:  91.88134765625
Memory cached:  250.0
	 epoch  50 training error:  tensor(0.1531, device='cuda:0', grad_fn=<DivBackward0>)
Memory status after this epoch: 
Memory allocated:  91.88134765625
Memory cached:  254.0
	 epoch  60 training error:  tensor(0.1508, device='cuda:0', grad_fn=<DivBackward0>)
Memory status after this epoch: 
Memory allocated:  91.88134765625
Memory cached:  254.0
	 epoch  70 training error:  tensor(0.1500, device='cuda:0', grad_fn=<DivBackward0>)
Memory status after this epoch: 
Memory allocated:  91.88134765625
Memory cached:  256.0
	 epoch  80 training error:  tensor(0.1468, device='cuda:0', grad_fn=<DivBackward0>)
Memory status after this epoch: 
Memory allocated:  91.88134765625
Memory cached:  252.0
	 epoch  90 training error:  tensor(0.1388, device='cuda:0', grad_fn=<DivBackward0>)
Memory status after this epoch: 
Memory allocated:  91.88134765625
Memory cached:  260.0
[I 2023-12-03 10:02:50,918] Trial 37 finished with value: 0.08839426934719086 and parameters: {'W_layers': 3, 'W_layer_units_exponent_0': 6, 'W_layer_units_exponent_1': 7, 'W_layer_units_exponent_2': 10, 'D_layers': 6, 'D_layer_units_exponent_0': 5, 'D_layer_units_exponent_1': 8, 'D_layer_units_exponent_2': 6, 'D_layer_units_exponent_3': 7, 'D_layer_units_exponent_4': 4, 'D_layer_units_exponent_5': 6, 'D_dagger_layers': 2, 'D_dagger_layer_units_exponent_0': 7, 'D_dagger_layer_units_exponent_1': 5, 'log_learning_rate': -2.415990299622674, 'log_learning_rate_D': -3.504560460783848, 'log_learning_rate_D_dagger': -2.0835824199560093, 'training_batch_size': 9, 'training_p': 8}. Best is trial 27 with value: 0.01944413036108017.
Time for this trial:  157.27928972244263
Memory status after this trial: 
Memory allocated:  185.587890625
Memory cached:  248.0
--------------------  Trial  38   --------------------
Start timing: 
Parameters: 
{'W_layers': 3, 'W_layer_units_exponent_0': 5, 'W_layer_units_exponent_1': 5, 'W_layer_units_exponent_2': 9, 'D_layers': 4, 'D_layer_units_exponent_0': 6, 'D_layer_units_exponent_1': 10, 'D_layer_units_exponent_2': 5, 'D_layer_units_exponent_3': 6, 'D_dagger_layers': 2, 'D_dagger_layer_units_exponent_0': 6, 'D_dagger_layer_units_exponent_1': 6, 'log_learning_rate': -2.9185668022108078, 'log_learning_rate_D': -2.683736910278957, 'log_learning_rate_D_dagger': -1.8767932325370693, 'training_batch_size': 9, 'training_p': 7}
	 epoch  0 training error:  tensor(0.9319, device='cuda:0', grad_fn=<DivBackward0>)
Memory status after this epoch: 
Memory allocated:  90.99462890625
Memory cached:  242.0
	 epoch  10 training error:  tensor(0.2031, device='cuda:0', grad_fn=<DivBackward0>)
Memory status after this epoch: 
Memory allocated:  90.99462890625
Memory cached:  246.0
	 epoch  20 training error:  tensor(0.1688, device='cuda:0', grad_fn=<DivBackward0>)
Memory status after this epoch: 
Memory allocated:  90.99462890625
Memory cached:  246.0
	 epoch  30 training error:  tensor(0.1498, device='cuda:0', grad_fn=<DivBackward0>)
Memory status after this epoch: 
Memory allocated:  90.99462890625
Memory cached:  250.0
	 epoch  40 training error:  tensor(0.1460, device='cuda:0', grad_fn=<DivBackward0>)
Memory status after this epoch: 
Memory allocated:  90.99462890625
Memory cached:  248.0
	 epoch  50 training error:  tensor(0.1460, device='cuda:0', grad_fn=<DivBackward0>)
Memory status after this epoch: 
Memory allocated:  90.99462890625
Memory cached:  246.0
	 epoch  60 training error:  tensor(0.1425, device='cuda:0', grad_fn=<DivBackward0>)
Memory status after this epoch: 
Memory allocated:  90.99462890625
Memory cached:  246.0
	 epoch  70 training error:  tensor(0.1293, device='cuda:0', grad_fn=<DivBackward0>)
Memory status after this epoch: 
Memory allocated:  90.99462890625
Memory cached:  250.0
	 epoch  80 training error:  tensor(0.0745, device='cuda:0', grad_fn=<DivBackward0>)
Memory status after this epoch: 
Memory allocated:  90.99462890625
Memory cached:  250.0
	 epoch  90 training error:  tensor(0.0967, device='cuda:0', grad_fn=<DivBackward0>)
Memory status after this epoch: 
Memory allocated:  90.99462890625
Memory cached:  248.0
[I 2023-12-03 10:05:13,300] Trial 38 finished with value: 0.05060727149248123 and parameters: {'W_layers': 3, 'W_layer_units_exponent_0': 5, 'W_layer_units_exponent_1': 5, 'W_layer_units_exponent_2': 9, 'D_layers': 4, 'D_layer_units_exponent_0': 6, 'D_layer_units_exponent_1': 10, 'D_layer_units_exponent_2': 5, 'D_layer_units_exponent_3': 6, 'D_dagger_layers': 2, 'D_dagger_layer_units_exponent_0': 6, 'D_dagger_layer_units_exponent_1': 6, 'log_learning_rate': -2.9185668022108078, 'log_learning_rate_D': -2.683736910278957, 'log_learning_rate_D_dagger': -1.8767932325370693, 'training_batch_size': 9, 'training_p': 7}. Best is trial 27 with value: 0.01944413036108017.
Time for this trial:  142.13887548446655
Memory status after this trial: 
Memory allocated:  185.74072265625
Memory cached:  240.0
--------------------  Trial  39   --------------------
Start timing: 
Parameters: 
{'W_layers': 3, 'W_layer_units_exponent_0': 6, 'W_layer_units_exponent_1': 7, 'W_layer_units_exponent_2': 7, 'D_layers': 5, 'D_layer_units_exponent_0': 7, 'D_layer_units_exponent_1': 9, 'D_layer_units_exponent_2': 7, 'D_layer_units_exponent_3': 6, 'D_layer_units_exponent_4': 4, 'D_dagger_layers': 5, 'D_dagger_layer_units_exponent_0': 9, 'D_dagger_layer_units_exponent_1': 5, 'D_dagger_layer_units_exponent_2': 8, 'D_dagger_layer_units_exponent_3': 10, 'D_dagger_layer_units_exponent_4': 4, 'log_learning_rate': -3.4269535368259785, 'log_learning_rate_D': -3.3906178619287966, 'log_learning_rate_D_dagger': -2.7542216471383427, 'training_batch_size': 11, 'training_p': 6}
	 epoch  0 training error:  tensor(0.9781, device='cuda:0', grad_fn=<DivBackward0>)
Memory status after this epoch: 
Memory allocated:  96.35400390625
Memory cached:  254.0
	 epoch  10 training error:  tensor(0.2367, device='cuda:0', grad_fn=<DivBackward0>)
Memory status after this epoch: 
Memory allocated:  96.35400390625
Memory cached:  272.0
	 epoch  20 training error:  tensor(0.1664, device='cuda:0', grad_fn=<DivBackward0>)
Memory status after this epoch: 
Memory allocated:  96.35400390625
Memory cached:  282.0
	 epoch  30 training error:  tensor(0.1476, device='cuda:0', grad_fn=<DivBackward0>)
Memory status after this epoch: 
Memory allocated:  96.35400390625
Memory cached:  274.0
	 epoch  40 training error:  tensor(0.1436, device='cuda:0', grad_fn=<DivBackward0>)
Memory status after this epoch: 
Memory allocated:  96.35400390625
Memory cached:  276.0
	 epoch  50 training error:  tensor(0.1396, device='cuda:0', grad_fn=<DivBackward0>)
Memory status after this epoch: 
Memory allocated:  96.35400390625
Memory cached:  284.0
	 epoch  60 training error:  tensor(0.1380, device='cuda:0', grad_fn=<DivBackward0>)
Memory status after this epoch: 
Memory allocated:  96.35400390625
Memory cached:  270.0
	 epoch  70 training error:  tensor(0.1334, device='cuda:0', grad_fn=<DivBackward0>)
Memory status after this epoch: 
Memory allocated:  96.35400390625
Memory cached:  278.0
	 epoch  80 training error:  tensor(0.1149, device='cuda:0', grad_fn=<DivBackward0>)
Memory status after this epoch: 
Memory allocated:  96.35400390625
Memory cached:  284.0
	 epoch  90 training error:  tensor(0.0837, device='cuda:0', grad_fn=<DivBackward0>)
Memory status after this epoch: 
Memory allocated:  96.35400390625
Memory cached:  282.0
[I 2023-12-03 10:08:14,599] Trial 39 finished with value: 0.033553820103406906 and parameters: {'W_layers': 3, 'W_layer_units_exponent_0': 6, 'W_layer_units_exponent_1': 7, 'W_layer_units_exponent_2': 7, 'D_layers': 5, 'D_layer_units_exponent_0': 7, 'D_layer_units_exponent_1': 9, 'D_layer_units_exponent_2': 7, 'D_layer_units_exponent_3': 6, 'D_layer_units_exponent_4': 4, 'D_dagger_layers': 5, 'D_dagger_layer_units_exponent_0': 9, 'D_dagger_layer_units_exponent_1': 5, 'D_dagger_layer_units_exponent_2': 8, 'D_dagger_layer_units_exponent_3': 10, 'D_dagger_layer_units_exponent_4': 4, 'log_learning_rate': -3.4269535368259785, 'log_learning_rate_D': -3.3906178619287966, 'log_learning_rate_D_dagger': -2.7542216471383427, 'training_batch_size': 11, 'training_p': 6}. Best is trial 27 with value: 0.01944413036108017.
Time for this trial:  181.0475559234619
Memory status after this trial: 
Memory allocated:  252.3642578125
Memory cached:  258.0
--------------------  Trial  40   --------------------
Start timing: 
Parameters: 
{'W_layers': 4, 'W_layer_units_exponent_0': 4, 'W_layer_units_exponent_1': 8, 'W_layer_units_exponent_2': 6, 'W_layer_units_exponent_3': 9, 'D_layers': 3, 'D_layer_units_exponent_0': 7, 'D_layer_units_exponent_1': 7, 'D_layer_units_exponent_2': 6, 'D_dagger_layers': 3, 'D_dagger_layer_units_exponent_0': 5, 'D_dagger_layer_units_exponent_1': 6, 'D_dagger_layer_units_exponent_2': 5, 'log_learning_rate': -2.97203117025562, 'log_learning_rate_D': -4.4268686729415325, 'log_learning_rate_D_dagger': -1.684838977237459, 'training_batch_size': 8, 'training_p': 2}
	 epoch  0 training error:  tensor(1.0099, device='cuda:0', grad_fn=<DivBackward0>)
Memory status after this epoch: 
Memory allocated:  90.37939453125
Memory cached:  240.0
	 epoch  10 training error:  tensor(0.1131, device='cuda:0', grad_fn=<DivBackward0>)
Memory status after this epoch: 
Memory allocated:  90.37939453125
Memory cached:  242.0
	 epoch  20 training error:  tensor(0.1083, device='cuda:0', grad_fn=<DivBackward0>)
Memory status after this epoch: 
Memory allocated:  90.37939453125
Memory cached:  244.0
	 epoch  30 training error:  tensor(0.0993, device='cuda:0', grad_fn=<DivBackward0>)
Memory status after this epoch: 
Memory allocated:  90.37939453125
Memory cached:  246.0
	 epoch  40 training error:  tensor(0.0942, device='cuda:0', grad_fn=<DivBackward0>)
Memory status after this epoch: 
Memory allocated:  90.37939453125
Memory cached:  244.0
	 epoch  50 training error:  tensor(0.0931, device='cuda:0', grad_fn=<DivBackward0>)
Memory status after this epoch: 
Memory allocated:  90.37939453125
Memory cached:  246.0
	 epoch  60 training error:  tensor(0.0922, device='cuda:0', grad_fn=<DivBackward0>)
Memory status after this epoch: 
Memory allocated:  90.37939453125
Memory cached:  242.0
	 epoch  70 training error:  tensor(0.0906, device='cuda:0', grad_fn=<DivBackward0>)
Memory status after this epoch: 
Memory allocated:  90.37939453125
Memory cached:  244.0
	 epoch  80 training error:  tensor(0.0878, device='cuda:0', grad_fn=<DivBackward0>)
Memory status after this epoch: 
Memory allocated:  90.37939453125
Memory cached:  244.0
	 epoch  90 training error:  tensor(0.0793, device='cuda:0', grad_fn=<DivBackward0>)
Memory status after this epoch: 
Memory allocated:  90.37939453125
Memory cached:  244.0
