[I 2023-12-07 04:07:54,556] Trial 70 finished with value: 0.5390068888664246 and parameters: {'W_layers': 2, 'W_layer_units_exponent_0': 8, 'W_layer_units_exponent_1': 4, 'D_layers': 7, 'D_layer_units_exponent_0': 7, 'D_layer_units_exponent_1': 9, 'D_layer_units_exponent_2': 4, 'D_layer_units_exponent_3': 6, 'D_layer_units_exponent_4': 9, 'D_layer_units_exponent_5': 8, 'D_layer_units_exponent_6': 6, 'D_dagger_layers': 7, 'D_dagger_layer_units_exponent_0': 5, 'D_dagger_layer_units_exponent_1': 4, 'D_dagger_layer_units_exponent_2': 4, 'D_dagger_layer_units_exponent_3': 6, 'D_dagger_layer_units_exponent_4': 4, 'D_dagger_layer_units_exponent_5': 6, 'D_dagger_layer_units_exponent_6': 5, 'log_learning_rate': -2.8590559562770466, 'log_learning_rate_D': -3.974430793483301, 'log_learning_rate_D_dagger': -2.700277708583531, 'training_batch_size': 6, 'training_p': 3}. Best is trial 66 with value: 0.5094535946846008.
Time for this trial:  18.992918491363525
Memory status after this trial: 
Memory allocated:  104.80517578125
Memory cached:  218.0
--------------------  Trial  71   --------------------
Start timing: 
Parameters: 
{'W_layers': 3, 'W_layer_units_exponent_0': 8, 'W_layer_units_exponent_1': 5, 'W_layer_units_exponent_2': 6, 'D_layers': 8, 'D_layer_units_exponent_0': 7, 'D_layer_units_exponent_1': 10, 'D_layer_units_exponent_2': 4, 'D_layer_units_exponent_3': 5, 'D_layer_units_exponent_4': 8, 'D_layer_units_exponent_5': 8, 'D_layer_units_exponent_6': 8, 'D_layer_units_exponent_7': 10, 'D_dagger_layers': 7, 'D_dagger_layer_units_exponent_0': 5, 'D_dagger_layer_units_exponent_1': 4, 'D_dagger_layer_units_exponent_2': 4, 'D_dagger_layer_units_exponent_3': 6, 'D_dagger_layer_units_exponent_4': 4, 'D_dagger_layer_units_exponent_5': 6, 'D_dagger_layer_units_exponent_6': 5, 'log_learning_rate': -2.774292716123612, 'log_learning_rate_D': -4.226369513675319, 'log_learning_rate_D_dagger': -2.3945251327765678, 'training_batch_size': 6, 'training_p': 2}
	 epoch  0 training error:  tensor(0.9793, device='cuda:0', grad_fn=<DivBackward0>)
Memory status after this epoch: 
Memory allocated:  79.57666015625
Memory cached:  218.0
	 epoch  10 training error:  tensor(0.7447, device='cuda:0', grad_fn=<DivBackward0>)
Memory status after this epoch: 
Memory allocated:  79.57666015625
Memory cached:  218.0
	 epoch  20 training error:  tensor(0.6984, device='cuda:0', grad_fn=<DivBackward0>)
Memory status after this epoch: 
Memory allocated:  79.57666015625
Memory cached:  218.0
	 epoch  30 training error:  tensor(0.6805, device='cuda:0', grad_fn=<DivBackward0>)
Memory status after this epoch: 
Memory allocated:  79.57666015625
Memory cached:  218.0
	 epoch  40 training error:  tensor(0.6658, device='cuda:0', grad_fn=<DivBackward0>)
Memory status after this epoch: 
Memory allocated:  79.57666015625
Memory cached:  218.0
	 epoch  50 training error:  tensor(0.7250, device='cuda:0', grad_fn=<DivBackward0>)
Memory status after this epoch: 
Memory allocated:  79.57666015625
Memory cached:  218.0
	 epoch  60 training error:  tensor(0.6188, device='cuda:0', grad_fn=<DivBackward0>)
Memory status after this epoch: 
Memory allocated:  79.57666015625
Memory cached:  218.0
	 epoch  70 training error:  tensor(0.5710, device='cuda:0', grad_fn=<DivBackward0>)
Memory status after this epoch: 
Memory allocated:  79.57666015625
Memory cached:  218.0
	 epoch  80 training error:  tensor(0.9170, device='cuda:0', grad_fn=<DivBackward0>)
Memory status after this epoch: 
Memory allocated:  79.57666015625
Memory cached:  218.0
	 epoch  90 training error:  tensor(0.7104, device='cuda:0', grad_fn=<DivBackward0>)
Memory status after this epoch: 
Memory allocated:  79.57666015625
Memory cached:  218.0
[I 2023-12-07 04:08:14,143] Trial 71 finished with value: 0.6192664504051208 and parameters: {'W_layers': 3, 'W_layer_units_exponent_0': 8, 'W_layer_units_exponent_1': 5, 'W_layer_units_exponent_2': 6, 'D_layers': 8, 'D_layer_units_exponent_0': 7, 'D_layer_units_exponent_1': 10, 'D_layer_units_exponent_2': 4, 'D_layer_units_exponent_3': 5, 'D_layer_units_exponent_4': 8, 'D_layer_units_exponent_5': 8, 'D_layer_units_exponent_6': 8, 'D_layer_units_exponent_7': 10, 'D_dagger_layers': 7, 'D_dagger_layer_units_exponent_0': 5, 'D_dagger_layer_units_exponent_1': 4, 'D_dagger_layer_units_exponent_2': 4, 'D_dagger_layer_units_exponent_3': 6, 'D_dagger_layer_units_exponent_4': 4, 'D_dagger_layer_units_exponent_5': 6, 'D_dagger_layer_units_exponent_6': 5, 'log_learning_rate': -2.774292716123612, 'log_learning_rate_D': -4.226369513675319, 'log_learning_rate_D_dagger': -2.3945251327765678, 'training_batch_size': 6, 'training_p': 2}. Best is trial 66 with value: 0.5094535946846008.
Time for this trial:  19.351062059402466
Memory status after this trial: 
Memory allocated:  108.75927734375
Memory cached:  218.0
--------------------  Trial  72   --------------------
Start timing: 
Parameters: 
{'W_layers': 3, 'W_layer_units_exponent_0': 8, 'W_layer_units_exponent_1': 5, 'W_layer_units_exponent_2': 6, 'D_layers': 8, 'D_layer_units_exponent_0': 7, 'D_layer_units_exponent_1': 10, 'D_layer_units_exponent_2': 4, 'D_layer_units_exponent_3': 4, 'D_layer_units_exponent_4': 8, 'D_layer_units_exponent_5': 9, 'D_layer_units_exponent_6': 7, 'D_layer_units_exponent_7': 10, 'D_dagger_layers': 7, 'D_dagger_layer_units_exponent_0': 5, 'D_dagger_layer_units_exponent_1': 5, 'D_dagger_layer_units_exponent_2': 4, 'D_dagger_layer_units_exponent_3': 6, 'D_dagger_layer_units_exponent_4': 4, 'D_dagger_layer_units_exponent_5': 5, 'D_dagger_layer_units_exponent_6': 5, 'log_learning_rate': -2.6389994083850814, 'log_learning_rate_D': -4.147066929306917, 'log_learning_rate_D_dagger': -2.2315006389031162, 'training_batch_size': 6, 'training_p': 2}
	 epoch  0 training error:  tensor(0.9601, device='cuda:0', grad_fn=<DivBackward0>)
Memory status after this epoch: 
Memory allocated:  79.298828125
Memory cached:  218.0
	 epoch  10 training error:  tensor(0.7731, device='cuda:0', grad_fn=<DivBackward0>)
Memory status after this epoch: 
Memory allocated:  79.298828125
Memory cached:  218.0
	 epoch  20 training error:  tensor(0.7010, device='cuda:0', grad_fn=<DivBackward0>)
Memory status after this epoch: 
Memory allocated:  79.298828125
Memory cached:  218.0
	 epoch  30 training error:  tensor(0.6733, device='cuda:0', grad_fn=<DivBackward0>)
Memory status after this epoch: 
Memory allocated:  79.298828125
Memory cached:  218.0
	 epoch  40 training error:  tensor(0.6909, device='cuda:0', grad_fn=<DivBackward0>)
Memory status after this epoch: 
Memory allocated:  79.298828125
Memory cached:  218.0
	 epoch  50 training error:  tensor(0.6161, device='cuda:0', grad_fn=<DivBackward0>)
Memory status after this epoch: 
Memory allocated:  79.298828125
Memory cached:  218.0
	 epoch  60 training error:  tensor(0.6942, device='cuda:0', grad_fn=<DivBackward0>)
Memory status after this epoch: 
Memory allocated:  79.298828125
Memory cached:  218.0
	 epoch  70 training error:  tensor(0.6020, device='cuda:0', grad_fn=<DivBackward0>)
Memory status after this epoch: 
Memory allocated:  79.298828125
Memory cached:  218.0
	 epoch  80 training error:  tensor(0.5858, device='cuda:0', grad_fn=<DivBackward0>)
Memory status after this epoch: 
Memory allocated:  79.298828125
Memory cached:  218.0
	 epoch  90 training error:  tensor(0.5862, device='cuda:0', grad_fn=<DivBackward0>)
Memory status after this epoch: 
Memory allocated:  79.298828125
Memory cached:  218.0
[I 2023-12-07 04:08:33,852] Trial 72 finished with value: 0.55970299243927 and parameters: {'W_layers': 3, 'W_layer_units_exponent_0': 8, 'W_layer_units_exponent_1': 5, 'W_layer_units_exponent_2': 6, 'D_layers': 8, 'D_layer_units_exponent_0': 7, 'D_layer_units_exponent_1': 10, 'D_layer_units_exponent_2': 4, 'D_layer_units_exponent_3': 4, 'D_layer_units_exponent_4': 8, 'D_layer_units_exponent_5': 9, 'D_layer_units_exponent_6': 7, 'D_layer_units_exponent_7': 10, 'D_dagger_layers': 7, 'D_dagger_layer_units_exponent_0': 5, 'D_dagger_layer_units_exponent_1': 5, 'D_dagger_layer_units_exponent_2': 4, 'D_dagger_layer_units_exponent_3': 6, 'D_dagger_layer_units_exponent_4': 4, 'D_dagger_layer_units_exponent_5': 5, 'D_dagger_layer_units_exponent_6': 5, 'log_learning_rate': -2.6389994083850814, 'log_learning_rate_D': -4.147066929306917, 'log_learning_rate_D_dagger': -2.2315006389031162, 'training_batch_size': 6, 'training_p': 2}. Best is trial 66 with value: 0.5094535946846008.
Time for this trial:  19.474060773849487
Memory status after this trial: 
Memory allocated:  107.89892578125
Memory cached:  218.0
--------------------  Trial  73   --------------------
Start timing: 
Parameters: 
{'W_layers': 3, 'W_layer_units_exponent_0': 8, 'W_layer_units_exponent_1': 5, 'W_layer_units_exponent_2': 6, 'D_layers': 7, 'D_layer_units_exponent_0': 8, 'D_layer_units_exponent_1': 10, 'D_layer_units_exponent_2': 5, 'D_layer_units_exponent_3': 5, 'D_layer_units_exponent_4': 8, 'D_layer_units_exponent_5': 7, 'D_layer_units_exponent_6': 7, 'D_dagger_layers': 7, 'D_dagger_layer_units_exponent_0': 5, 'D_dagger_layer_units_exponent_1': 6, 'D_dagger_layer_units_exponent_2': 4, 'D_dagger_layer_units_exponent_3': 5, 'D_dagger_layer_units_exponent_4': 4, 'D_dagger_layer_units_exponent_5': 5, 'D_dagger_layer_units_exponent_6': 4, 'log_learning_rate': -2.424666387609998, 'log_learning_rate_D': -4.316718540993224, 'log_learning_rate_D_dagger': -2.4675522521213837, 'training_batch_size': 6, 'training_p': 2}
	 epoch  0 training error:  tensor(1.0173, device='cuda:0', grad_fn=<DivBackward0>)
Memory status after this epoch: 
Memory allocated:  78.80908203125
Memory cached:  218.0
	 epoch  10 training error:  tensor(0.7323, device='cuda:0', grad_fn=<DivBackward0>)
Memory status after this epoch: 
Memory allocated:  78.80908203125
Memory cached:  218.0
	 epoch  20 training error:  tensor(0.6204, device='cuda:0', grad_fn=<DivBackward0>)
Memory status after this epoch: 
Memory allocated:  78.80908203125
Memory cached:  218.0
	 epoch  30 training error:  tensor(0.6867, device='cuda:0', grad_fn=<DivBackward0>)
Memory status after this epoch: 
Memory allocated:  78.80908203125
Memory cached:  218.0
	 epoch  40 training error:  tensor(0.5801, device='cuda:0', grad_fn=<DivBackward0>)
Memory status after this epoch: 
Memory allocated:  78.80908203125
Memory cached:  218.0
	 epoch  50 training error:  tensor(0.5719, device='cuda:0', grad_fn=<DivBackward0>)
Memory status after this epoch: 
Memory allocated:  78.80908203125
Memory cached:  218.0
	 epoch  60 training error:  tensor(0.5706, device='cuda:0', grad_fn=<DivBackward0>)
Memory status after this epoch: 
Memory allocated:  78.80908203125
Memory cached:  218.0
	 epoch  70 training error:  tensor(0.5689, device='cuda:0', grad_fn=<DivBackward0>)
Memory status after this epoch: 
Memory allocated:  78.80908203125
Memory cached:  218.0
	 epoch  80 training error:  tensor(0.5775, device='cuda:0', grad_fn=<DivBackward0>)
Memory status after this epoch: 
Memory allocated:  78.80908203125
Memory cached:  218.0
	 epoch  90 training error:  tensor(0.5689, device='cuda:0', grad_fn=<DivBackward0>)
Memory status after this epoch: 
Memory allocated:  78.80908203125
Memory cached:  218.0
[I 2023-12-07 04:08:53,714] Trial 73 finished with value: 0.513023853302002 and parameters: {'W_layers': 3, 'W_layer_units_exponent_0': 8, 'W_layer_units_exponent_1': 5, 'W_layer_units_exponent_2': 6, 'D_layers': 7, 'D_layer_units_exponent_0': 8, 'D_layer_units_exponent_1': 10, 'D_layer_units_exponent_2': 5, 'D_layer_units_exponent_3': 5, 'D_layer_units_exponent_4': 8, 'D_layer_units_exponent_5': 7, 'D_layer_units_exponent_6': 7, 'D_dagger_layers': 7, 'D_dagger_layer_units_exponent_0': 5, 'D_dagger_layer_units_exponent_1': 6, 'D_dagger_layer_units_exponent_2': 4, 'D_dagger_layer_units_exponent_3': 5, 'D_dagger_layer_units_exponent_4': 4, 'D_dagger_layer_units_exponent_5': 5, 'D_dagger_layer_units_exponent_6': 4, 'log_learning_rate': -2.424666387609998, 'log_learning_rate_D': -4.316718540993224, 'log_learning_rate_D_dagger': -2.4675522521213837, 'training_batch_size': 6, 'training_p': 2}. Best is trial 66 with value: 0.5094535946846008.
Time for this trial:  19.633822441101074
Memory status after this trial: 
Memory allocated:  107.16650390625
Memory cached:  218.0
--------------------  Trial  74   --------------------
Start timing: 
Parameters: 
{'W_layers': 3, 'W_layer_units_exponent_0': 7, 'W_layer_units_exponent_1': 5, 'W_layer_units_exponent_2': 5, 'D_layers': 7, 'D_layer_units_exponent_0': 8, 'D_layer_units_exponent_1': 9, 'D_layer_units_exponent_2': 5, 'D_layer_units_exponent_3': 6, 'D_layer_units_exponent_4': 9, 'D_layer_units_exponent_5': 7, 'D_layer_units_exponent_6': 7, 'D_dagger_layers': 7, 'D_dagger_layer_units_exponent_0': 6, 'D_dagger_layer_units_exponent_1': 6, 'D_dagger_layer_units_exponent_2': 5, 'D_dagger_layer_units_exponent_3': 5, 'D_dagger_layer_units_exponent_4': 4, 'D_dagger_layer_units_exponent_5': 5, 'D_dagger_layer_units_exponent_6': 5, 'log_learning_rate': -2.428794338405753, 'log_learning_rate_D': -4.337386400808944, 'log_learning_rate_D_dagger': -2.034561161222699, 'training_batch_size': 6, 'training_p': 2}
	 epoch  0 training error:  tensor(0.9995, device='cuda:0', grad_fn=<DivBackward0>)
Memory status after this epoch: 
Memory allocated:  78.44873046875
Memory cached:  218.0
	 epoch  10 training error:  tensor(0.9697, device='cuda:0', grad_fn=<DivBackward0>)
Memory status after this epoch: 
Memory allocated:  78.44873046875
Memory cached:  218.0
	 epoch  20 training error:  tensor(0.8101, device='cuda:0', grad_fn=<DivBackward0>)
Memory status after this epoch: 
Memory allocated:  78.44873046875
Memory cached:  218.0
	 epoch  30 training error:  tensor(0.7514, device='cuda:0', grad_fn=<DivBackward0>)
Memory status after this epoch: 
Memory allocated:  78.44873046875
Memory cached:  218.0
	 epoch  40 training error:  tensor(0.7318, device='cuda:0', grad_fn=<DivBackward0>)
Memory status after this epoch: 
Memory allocated:  78.44873046875
Memory cached:  218.0
	 epoch  50 training error:  tensor(0.6809, device='cuda:0', grad_fn=<DivBackward0>)
Memory status after this epoch: 
Memory allocated:  78.44873046875
Memory cached:  218.0
	 epoch  60 training error:  tensor(0.6248, device='cuda:0', grad_fn=<DivBackward0>)
Memory status after this epoch: 
Memory allocated:  78.44873046875
Memory cached:  218.0
	 epoch  70 training error:  tensor(0.5847, device='cuda:0', grad_fn=<DivBackward0>)
Memory status after this epoch: 
Memory allocated:  78.44873046875
Memory cached:  218.0
	 epoch  80 training error:  tensor(0.5897, device='cuda:0', grad_fn=<DivBackward0>)
Memory status after this epoch: 
Memory allocated:  78.44873046875
Memory cached:  218.0
	 epoch  90 training error:  tensor(0.5707, device='cuda:0', grad_fn=<DivBackward0>)
Memory status after this epoch: 
Memory allocated:  78.44873046875
Memory cached:  218.0
[I 2023-12-07 04:09:12,710] Trial 74 finished with value: 0.5148059725761414 and parameters: {'W_layers': 3, 'W_layer_units_exponent_0': 7, 'W_layer_units_exponent_1': 5, 'W_layer_units_exponent_2': 5, 'D_layers': 7, 'D_layer_units_exponent_0': 8, 'D_layer_units_exponent_1': 9, 'D_layer_units_exponent_2': 5, 'D_layer_units_exponent_3': 6, 'D_layer_units_exponent_4': 9, 'D_layer_units_exponent_5': 7, 'D_layer_units_exponent_6': 7, 'D_dagger_layers': 7, 'D_dagger_layer_units_exponent_0': 6, 'D_dagger_layer_units_exponent_1': 6, 'D_dagger_layer_units_exponent_2': 5, 'D_dagger_layer_units_exponent_3': 5, 'D_dagger_layer_units_exponent_4': 4, 'D_dagger_layer_units_exponent_5': 5, 'D_dagger_layer_units_exponent_6': 5, 'log_learning_rate': -2.428794338405753, 'log_learning_rate_D': -4.337386400808944, 'log_learning_rate_D_dagger': -2.034561161222699, 'training_batch_size': 6, 'training_p': 2}. Best is trial 66 with value: 0.5094535946846008.
Time for this trial:  18.732342004776
Memory status after this trial: 
Memory allocated:  101.63623046875
Memory cached:  220.0
--------------------  Trial  75   --------------------
Start timing: 
Parameters: 
{'W_layers': 2, 'W_layer_units_exponent_0': 8, 'W_layer_units_exponent_1': 5, 'D_layers': 8, 'D_layer_units_exponent_0': 8, 'D_layer_units_exponent_1': 9, 'D_layer_units_exponent_2': 5, 'D_layer_units_exponent_3': 4, 'D_layer_units_exponent_4': 7, 'D_layer_units_exponent_5': 6, 'D_layer_units_exponent_6': 6, 'D_layer_units_exponent_7': 8, 'D_dagger_layers': 6, 'D_dagger_layer_units_exponent_0': 5, 'D_dagger_layer_units_exponent_1': 6, 'D_dagger_layer_units_exponent_2': 5, 'D_dagger_layer_units_exponent_3': 5, 'D_dagger_layer_units_exponent_4': 4, 'D_dagger_layer_units_exponent_5': 6, 'log_learning_rate': -2.279974128144297, 'log_learning_rate_D': -3.8102923737433745, 'log_learning_rate_D_dagger': -2.5174045783123074, 'training_batch_size': 6, 'training_p': 6}
	 epoch  0 training error:  tensor(1.1765, device='cuda:0', grad_fn=<DivBackward0>)
Memory status after this epoch: 
Memory allocated:  78.13037109375
Memory cached:  218.0
	 epoch  10 training error:  tensor(0.9803, device='cuda:0', grad_fn=<DivBackward0>)
Memory status after this epoch: 
Memory allocated:  78.13037109375
Memory cached:  218.0
	 epoch  20 training error:  tensor(0.7859, device='cuda:0', grad_fn=<DivBackward0>)
Memory status after this epoch: 
Memory allocated:  78.13037109375
Memory cached:  218.0
	 epoch  30 training error:  tensor(0.9045, device='cuda:0', grad_fn=<DivBackward0>)
Memory status after this epoch: 
Memory allocated:  78.13037109375
Memory cached:  218.0
	 epoch  40 training error:  tensor(0.7210, device='cuda:0', grad_fn=<DivBackward0>)
Memory status after this epoch: 
Memory allocated:  78.13037109375
Memory cached:  218.0
	 epoch  50 training error:  tensor(0.6941, device='cuda:0', grad_fn=<DivBackward0>)
Memory status after this epoch: 
Memory allocated:  78.13037109375
Memory cached:  218.0
	 epoch  60 training error:  tensor(0.6676, device='cuda:0', grad_fn=<DivBackward0>)
Memory status after this epoch: 
Memory allocated:  78.13037109375
Memory cached:  218.0
	 epoch  70 training error:  tensor(0.6912, device='cuda:0', grad_fn=<DivBackward0>)
Memory status after this epoch: 
Memory allocated:  78.13037109375
Memory cached:  218.0
	 epoch  80 training error:  tensor(0.6752, device='cuda:0', grad_fn=<DivBackward0>)
Memory status after this epoch: 
Memory allocated:  78.13037109375
Memory cached:  218.0
	 epoch  90 training error:  tensor(0.6780, device='cuda:0', grad_fn=<DivBackward0>)
Memory status after this epoch: 
Memory allocated:  78.13037109375
Memory cached:  218.0
