[I 2023-12-07 00:44:52,422] Trial 36 finished with value: 0.2965555787086487 and parameters: {'W_layers': 7, 'W_layer_units_exponent_0': 4, 'W_layer_units_exponent_1': 7, 'W_layer_units_exponent_2': 5, 'W_layer_units_exponent_3': 8, 'W_layer_units_exponent_4': 6, 'W_layer_units_exponent_5': 4, 'W_layer_units_exponent_6': 9, 'D_layers': 5, 'D_layer_units_exponent_0': 9, 'D_layer_units_exponent_1': 4, 'D_layer_units_exponent_2': 6, 'D_layer_units_exponent_3': 8, 'D_layer_units_exponent_4': 7, 'D_dagger_layers': 8, 'D_dagger_layer_units_exponent_0': 9, 'D_dagger_layer_units_exponent_1': 5, 'D_dagger_layer_units_exponent_2': 9, 'D_dagger_layer_units_exponent_3': 8, 'D_dagger_layer_units_exponent_4': 6, 'D_dagger_layer_units_exponent_5': 8, 'D_dagger_layer_units_exponent_6': 8, 'D_dagger_layer_units_exponent_7': 6, 'log_learning_rate': -2.6705824133214247, 'log_learning_rate_D': -3.2725855551550924, 'log_learning_rate_D_dagger': -3.2568647843222944, 'training_batch_size': 11, 'training_p': 4}. Best is trial 21 with value: 0.2199297398328781.
Time for this trial:  233.0515377521515
Memory status after this trial: 
Memory allocated:  581.14794921875
Memory cached:  698.0
--------------------  Trial  37   --------------------
Start timing: 
Parameters: 
{'W_layers': 6, 'W_layer_units_exponent_0': 8, 'W_layer_units_exponent_1': 7, 'W_layer_units_exponent_2': 4, 'W_layer_units_exponent_3': 9, 'W_layer_units_exponent_4': 8, 'W_layer_units_exponent_5': 5, 'D_layers': 6, 'D_layer_units_exponent_0': 8, 'D_layer_units_exponent_1': 6, 'D_layer_units_exponent_2': 6, 'D_layer_units_exponent_3': 6, 'D_layer_units_exponent_4': 10, 'D_layer_units_exponent_5': 9, 'D_dagger_layers': 7, 'D_dagger_layer_units_exponent_0': 7, 'D_dagger_layer_units_exponent_1': 4, 'D_dagger_layer_units_exponent_2': 8, 'D_dagger_layer_units_exponent_3': 7, 'D_dagger_layer_units_exponent_4': 9, 'D_dagger_layer_units_exponent_5': 9, 'D_dagger_layer_units_exponent_6': 7, 'log_learning_rate': -3.1714902902649786, 'log_learning_rate_D': -2.8685440708670296, 'log_learning_rate_D_dagger': -3.5630389082340157, 'training_batch_size': 10, 'training_p': 6}
	 epoch  0 training error:  tensor(1.0321, device='cuda:0', grad_fn=<DivBackward0>)
Memory status after this epoch: 
Memory allocated:  391.09326171875
Memory cached:  684.0
	 epoch  10 training error:  tensor(0.5076, device='cuda:0', grad_fn=<DivBackward0>)
Memory status after this epoch: 
Memory allocated:  391.09326171875
Memory cached:  732.0
	 epoch  20 training error:  tensor(0.4426, device='cuda:0', grad_fn=<DivBackward0>)
Memory status after this epoch: 
Memory allocated:  391.09326171875
Memory cached:  726.0
	 epoch  30 training error:  tensor(0.4209, device='cuda:0', grad_fn=<DivBackward0>)
Memory status after this epoch: 
Memory allocated:  391.09326171875
Memory cached:  732.0
	 epoch  40 training error:  tensor(0.4112, device='cuda:0', grad_fn=<DivBackward0>)
Memory status after this epoch: 
Memory allocated:  391.09326171875
Memory cached:  728.0
	 epoch  50 training error:  tensor(0.4012, device='cuda:0', grad_fn=<DivBackward0>)
Memory status after this epoch: 
Memory allocated:  391.09326171875
Memory cached:  726.0
	 epoch  60 training error:  tensor(0.3930, device='cuda:0', grad_fn=<DivBackward0>)
Memory status after this epoch: 
Memory allocated:  391.09326171875
Memory cached:  732.0
	 epoch  70 training error:  tensor(0.3856, device='cuda:0', grad_fn=<DivBackward0>)
Memory status after this epoch: 
Memory allocated:  391.09326171875
Memory cached:  734.0
	 epoch  80 training error:  tensor(0.3786, device='cuda:0', grad_fn=<DivBackward0>)
Memory status after this epoch: 
Memory allocated:  391.09326171875
Memory cached:  728.0
	 epoch  90 training error:  tensor(0.3752, device='cuda:0', grad_fn=<DivBackward0>)
Memory status after this epoch: 
Memory allocated:  391.09326171875
Memory cached:  732.0
[I 2023-12-07 00:48:45,995] Trial 37 finished with value: 0.3223629295825958 and parameters: {'W_layers': 6, 'W_layer_units_exponent_0': 8, 'W_layer_units_exponent_1': 7, 'W_layer_units_exponent_2': 4, 'W_layer_units_exponent_3': 9, 'W_layer_units_exponent_4': 8, 'W_layer_units_exponent_5': 5, 'D_layers': 6, 'D_layer_units_exponent_0': 8, 'D_layer_units_exponent_1': 6, 'D_layer_units_exponent_2': 6, 'D_layer_units_exponent_3': 6, 'D_layer_units_exponent_4': 10, 'D_layer_units_exponent_5': 9, 'D_dagger_layers': 7, 'D_dagger_layer_units_exponent_0': 7, 'D_dagger_layer_units_exponent_1': 4, 'D_dagger_layer_units_exponent_2': 8, 'D_dagger_layer_units_exponent_3': 7, 'D_dagger_layer_units_exponent_4': 9, 'D_dagger_layer_units_exponent_5': 9, 'D_dagger_layer_units_exponent_6': 7, 'log_learning_rate': -3.1714902902649786, 'log_learning_rate_D': -2.8685440708670296, 'log_learning_rate_D_dagger': -3.5630389082340157, 'training_batch_size': 10, 'training_p': 6}. Best is trial 21 with value: 0.2199297398328781.
Time for this trial:  233.24111652374268
Memory status after this trial: 
Memory allocated:  635.91796875
Memory cached:  712.0
--------------------  Trial  38   --------------------
Start timing: 
Parameters: 
{'W_layers': 5, 'W_layer_units_exponent_0': 6, 'W_layer_units_exponent_1': 6, 'W_layer_units_exponent_2': 6, 'W_layer_units_exponent_3': 10, 'W_layer_units_exponent_4': 7, 'D_layers': 7, 'D_layer_units_exponent_0': 6, 'D_layer_units_exponent_1': 5, 'D_layer_units_exponent_2': 7, 'D_layer_units_exponent_3': 9, 'D_layer_units_exponent_4': 8, 'D_layer_units_exponent_5': 10, 'D_layer_units_exponent_6': 6, 'D_dagger_layers': 5, 'D_dagger_layer_units_exponent_0': 10, 'D_dagger_layer_units_exponent_1': 6, 'D_dagger_layer_units_exponent_2': 7, 'D_dagger_layer_units_exponent_3': 6, 'D_dagger_layer_units_exponent_4': 7, 'log_learning_rate': -2.9871780424036882, 'log_learning_rate_D': -4.31060321952671, 'log_learning_rate_D_dagger': -2.9413557037979556, 'training_batch_size': 12, 'training_p': 5}
	 epoch  0 training error:  tensor(1.0087, device='cuda:0', grad_fn=<DivBackward0>)
Memory status after this epoch: 
Memory allocated:  384.95458984375
Memory cached:  670.0
	 epoch  10 training error:  tensor(0.4853, device='cuda:0', grad_fn=<DivBackward0>)
Memory status after this epoch: 
Memory allocated:  384.95458984375
Memory cached:  684.0
	 epoch  20 training error:  tensor(0.3988, device='cuda:0', grad_fn=<DivBackward0>)
Memory status after this epoch: 
Memory allocated:  384.95458984375
Memory cached:  676.0
	 epoch  30 training error:  tensor(0.3761, device='cuda:0', grad_fn=<DivBackward0>)
Memory status after this epoch: 
Memory allocated:  384.95458984375
Memory cached:  678.0
	 epoch  40 training error:  tensor(0.3649, device='cuda:0', grad_fn=<DivBackward0>)
Memory status after this epoch: 
Memory allocated:  384.95458984375
Memory cached:  680.0
	 epoch  50 training error:  tensor(0.3657, device='cuda:0', grad_fn=<DivBackward0>)
Memory status after this epoch: 
Memory allocated:  384.95458984375
Memory cached:  678.0
	 epoch  60 training error:  tensor(0.3815, device='cuda:0', grad_fn=<DivBackward0>)
Memory status after this epoch: 
Memory allocated:  384.95458984375
Memory cached:  680.0
	 epoch  70 training error:  tensor(0.3461, device='cuda:0', grad_fn=<DivBackward0>)
Memory status after this epoch: 
Memory allocated:  384.95458984375
Memory cached:  684.0
	 epoch  80 training error:  tensor(0.3328, device='cuda:0', grad_fn=<DivBackward0>)
Memory status after this epoch: 
Memory allocated:  384.95458984375
Memory cached:  674.0
	 epoch  90 training error:  tensor(0.3163, device='cuda:0', grad_fn=<DivBackward0>)
Memory status after this epoch: 
Memory allocated:  384.95458984375
Memory cached:  680.0
[I 2023-12-07 00:52:24,490] Trial 38 finished with value: 0.29885101318359375 and parameters: {'W_layers': 5, 'W_layer_units_exponent_0': 6, 'W_layer_units_exponent_1': 6, 'W_layer_units_exponent_2': 6, 'W_layer_units_exponent_3': 10, 'W_layer_units_exponent_4': 7, 'D_layers': 7, 'D_layer_units_exponent_0': 6, 'D_layer_units_exponent_1': 5, 'D_layer_units_exponent_2': 7, 'D_layer_units_exponent_3': 9, 'D_layer_units_exponent_4': 8, 'D_layer_units_exponent_5': 10, 'D_layer_units_exponent_6': 6, 'D_dagger_layers': 5, 'D_dagger_layer_units_exponent_0': 10, 'D_dagger_layer_units_exponent_1': 6, 'D_dagger_layer_units_exponent_2': 7, 'D_dagger_layer_units_exponent_3': 6, 'D_dagger_layer_units_exponent_4': 7, 'log_learning_rate': -2.9871780424036882, 'log_learning_rate_D': -4.31060321952671, 'log_learning_rate_D_dagger': -2.9413557037979556, 'training_batch_size': 12, 'training_p': 5}. Best is trial 21 with value: 0.2199297398328781.
Time for this trial:  218.20536088943481
Memory status after this trial: 
Memory allocated:  633.39794921875
Memory cached:  676.0
--------------------  Trial  39   --------------------
Start timing: 
Parameters: 
{'W_layers': 8, 'W_layer_units_exponent_0': 5, 'W_layer_units_exponent_1': 6, 'W_layer_units_exponent_2': 5, 'W_layer_units_exponent_3': 6, 'W_layer_units_exponent_4': 8, 'W_layer_units_exponent_5': 7, 'W_layer_units_exponent_6': 6, 'W_layer_units_exponent_7': 10, 'D_layers': 5, 'D_layer_units_exponent_0': 4, 'D_layer_units_exponent_1': 6, 'D_layer_units_exponent_2': 5, 'D_layer_units_exponent_3': 5, 'D_layer_units_exponent_4': 9, 'D_dagger_layers': 2, 'D_dagger_layer_units_exponent_0': 8, 'D_dagger_layer_units_exponent_1': 7, 'log_learning_rate': -3.8541197132818663, 'log_learning_rate_D': -3.8785636661746308, 'log_learning_rate_D_dagger': -2.2409981186218424, 'training_batch_size': 11, 'training_p': 4}
	 epoch  0 training error:  tensor(0.6804, device='cuda:0', grad_fn=<DivBackward0>)
Memory status after this epoch: 
Memory allocated:  375.10888671875
Memory cached:  688.0
	 epoch  10 training error:  tensor(0.7006, device='cuda:0', grad_fn=<DivBackward0>)
Memory status after this epoch: 
Memory allocated:  375.10888671875
Memory cached:  708.0
	 epoch  20 training error:  tensor(0.4992, device='cuda:0', grad_fn=<DivBackward0>)
Memory status after this epoch: 
Memory allocated:  375.10888671875
Memory cached:  704.0
	 epoch  30 training error:  tensor(0.4607, device='cuda:0', grad_fn=<DivBackward0>)
Memory status after this epoch: 
Memory allocated:  375.10888671875
Memory cached:  720.0
	 epoch  40 training error:  tensor(0.4193, device='cuda:0', grad_fn=<DivBackward0>)
Memory status after this epoch: 
Memory allocated:  375.10888671875
Memory cached:  712.0
	 epoch  50 training error:  tensor(0.3835, device='cuda:0', grad_fn=<DivBackward0>)
Memory status after this epoch: 
Memory allocated:  375.10888671875
Memory cached:  710.0
	 epoch  60 training error:  tensor(0.3550, device='cuda:0', grad_fn=<DivBackward0>)
Memory status after this epoch: 
Memory allocated:  375.10888671875
Memory cached:  716.0
	 epoch  70 training error:  tensor(0.3339, device='cuda:0', grad_fn=<DivBackward0>)
Memory status after this epoch: 
Memory allocated:  375.10888671875
Memory cached:  714.0
	 epoch  80 training error:  tensor(0.3212, device='cuda:0', grad_fn=<DivBackward0>)
Memory status after this epoch: 
Memory allocated:  375.10888671875
Memory cached:  722.0
	 epoch  90 training error:  tensor(0.3167, device='cuda:0', grad_fn=<DivBackward0>)
Memory status after this epoch: 
Memory allocated:  375.10888671875
Memory cached:  712.0
[I 2023-12-07 00:55:32,171] Trial 39 finished with value: 0.2889252305030823 and parameters: {'W_layers': 8, 'W_layer_units_exponent_0': 5, 'W_layer_units_exponent_1': 6, 'W_layer_units_exponent_2': 5, 'W_layer_units_exponent_3': 6, 'W_layer_units_exponent_4': 8, 'W_layer_units_exponent_5': 7, 'W_layer_units_exponent_6': 6, 'W_layer_units_exponent_7': 10, 'D_layers': 5, 'D_layer_units_exponent_0': 4, 'D_layer_units_exponent_1': 6, 'D_layer_units_exponent_2': 5, 'D_layer_units_exponent_3': 5, 'D_layer_units_exponent_4': 9, 'D_dagger_layers': 2, 'D_dagger_layer_units_exponent_0': 8, 'D_dagger_layer_units_exponent_1': 7, 'log_learning_rate': -3.8541197132818663, 'log_learning_rate_D': -3.8785636661746308, 'log_learning_rate_D_dagger': -2.2409981186218424, 'training_batch_size': 11, 'training_p': 4}. Best is trial 21 with value: 0.2199297398328781.
Time for this trial:  187.42284870147705
Memory status after this trial: 
Memory allocated:  505.53759765625
Memory cached:  692.0
--------------------  Trial  40   --------------------
Start timing: 
Parameters: 
{'W_layers': 6, 'W_layer_units_exponent_0': 9, 'W_layer_units_exponent_1': 5, 'W_layer_units_exponent_2': 6, 'W_layer_units_exponent_3': 7, 'W_layer_units_exponent_4': 7, 'W_layer_units_exponent_5': 10, 'D_layers': 8, 'D_layer_units_exponent_0': 10, 'D_layer_units_exponent_1': 7, 'D_layer_units_exponent_2': 7, 'D_layer_units_exponent_3': 7, 'D_layer_units_exponent_4': 10, 'D_layer_units_exponent_5': 7, 'D_layer_units_exponent_6': 10, 'D_layer_units_exponent_7': 10, 'D_dagger_layers': 6, 'D_dagger_layer_units_exponent_0': 10, 'D_dagger_layer_units_exponent_1': 5, 'D_dagger_layer_units_exponent_2': 10, 'D_dagger_layer_units_exponent_3': 5, 'D_dagger_layer_units_exponent_4': 10, 'D_dagger_layer_units_exponent_5': 6, 'log_learning_rate': -2.4173975305611552, 'log_learning_rate_D': -3.5349758732698264, 'log_learning_rate_D_dagger': -2.6938427186516485, 'training_batch_size': 11, 'training_p': 5}
	 epoch  0 training error:  tensor(1.0165, device='cuda:0', grad_fn=<DivBackward0>)
Memory status after this epoch: 
Memory allocated:  402.63623046875
Memory cached:  694.0
	 epoch  10 training error:  tensor(0.8784, device='cuda:0', grad_fn=<DivBackward0>)
Memory status after this epoch: 
Memory allocated:  402.63623046875
Memory cached:  686.0
	 epoch  20 training error:  tensor(0.5736, device='cuda:0', grad_fn=<DivBackward0>)
Memory status after this epoch: 
Memory allocated:  402.63623046875
Memory cached:  688.0
	 epoch  30 training error:  tensor(0.4450, device='cuda:0', grad_fn=<DivBackward0>)
Memory status after this epoch: 
Memory allocated:  402.63623046875
Memory cached:  686.0
	 epoch  40 training error:  tensor(0.3915, device='cuda:0', grad_fn=<DivBackward0>)
Memory status after this epoch: 
Memory allocated:  402.63623046875
Memory cached:  692.0
	 epoch  50 training error:  tensor(0.3612, device='cuda:0', grad_fn=<DivBackward0>)
Memory status after this epoch: 
Memory allocated:  402.63623046875
Memory cached:  684.0
	 epoch  60 training error:  tensor(0.3332, device='cuda:0', grad_fn=<DivBackward0>)
Memory status after this epoch: 
Memory allocated:  402.63623046875
Memory cached:  692.0
	 epoch  70 training error:  tensor(0.3171, device='cuda:0', grad_fn=<DivBackward0>)
Memory status after this epoch: 
Memory allocated:  402.63623046875
Memory cached:  690.0
	 epoch  80 training error:  tensor(0.2862, device='cuda:0', grad_fn=<DivBackward0>)
Memory status after this epoch: 
Memory allocated:  402.63623046875
Memory cached:  684.0
	 epoch  90 training error:  tensor(0.3239, device='cuda:0', grad_fn=<DivBackward0>)
Memory status after this epoch: 
Memory allocated:  402.63623046875
Memory cached:  690.0
[I 2023-12-07 01:00:07,318] Trial 40 finished with value: 0.3205617070198059 and parameters: {'W_layers': 6, 'W_layer_units_exponent_0': 9, 'W_layer_units_exponent_1': 5, 'W_layer_units_exponent_2': 6, 'W_layer_units_exponent_3': 7, 'W_layer_units_exponent_4': 7, 'W_layer_units_exponent_5': 10, 'D_layers': 8, 'D_layer_units_exponent_0': 10, 'D_layer_units_exponent_1': 7, 'D_layer_units_exponent_2': 7, 'D_layer_units_exponent_3': 7, 'D_layer_units_exponent_4': 10, 'D_layer_units_exponent_5': 7, 'D_layer_units_exponent_6': 10, 'D_layer_units_exponent_7': 10, 'D_dagger_layers': 6, 'D_dagger_layer_units_exponent_0': 10, 'D_dagger_layer_units_exponent_1': 5, 'D_dagger_layer_units_exponent_2': 10, 'D_dagger_layer_units_exponent_3': 5, 'D_dagger_layer_units_exponent_4': 10, 'D_dagger_layer_units_exponent_5': 6, 'log_learning_rate': -2.4173975305611552, 'log_learning_rate_D': -3.5349758732698264, 'log_learning_rate_D_dagger': -2.6938427186516485, 'training_batch_size': 11, 'training_p': 5}. Best is trial 21 with value: 0.2199297398328781.
Time for this trial:  274.8406927585602
Memory status after this trial: 
Memory allocated:  887.0556640625
Memory cached:  916.0
--------------------  Trial  41   --------------------
Start timing: 
Parameters: 
{'W_layers': 6, 'W_layer_units_exponent_0': 5, 'W_layer_units_exponent_1': 6, 'W_layer_units_exponent_2': 5, 'W_layer_units_exponent_3': 9, 'W_layer_units_exponent_4': 7, 'W_layer_units_exponent_5': 4, 'D_layers': 6, 'D_layer_units_exponent_0': 9, 'D_layer_units_exponent_1': 5, 'D_layer_units_exponent_2': 6, 'D_layer_units_exponent_3': 7, 'D_layer_units_exponent_4': 10, 'D_layer_units_exponent_5': 10, 'D_dagger_layers': 8, 'D_dagger_layer_units_exponent_0': 10, 'D_dagger_layer_units_exponent_1': 6, 'D_dagger_layer_units_exponent_2': 9, 'D_dagger_layer_units_exponent_3': 5, 'D_dagger_layer_units_exponent_4': 9, 'D_dagger_layer_units_exponent_5': 6, 'D_dagger_layer_units_exponent_6': 6, 'D_dagger_layer_units_exponent_7': 4, 'log_learning_rate': -3.2144554095638327, 'log_learning_rate_D': -3.1170819245406522, 'log_learning_rate_D_dagger': -3.700261404653387, 'training_batch_size': 12, 'training_p': 5}
	 epoch  0 training error:  tensor(0.9924, device='cuda:0', grad_fn=<DivBackward0>)
Memory status after this epoch: 
Memory allocated:  394.72998046875
Memory cached:  694.0
	 epoch  10 training error:  tensor(0.5765, device='cuda:0', grad_fn=<DivBackward0>)
Memory status after this epoch: 
Memory allocated:  394.72998046875
Memory cached:  728.0
	 epoch  20 training error:  tensor(0.4587, device='cuda:0', grad_fn=<DivBackward0>)
Memory status after this epoch: 
Memory allocated:  394.72998046875
Memory cached:  728.0
	 epoch  30 training error:  tensor(0.4163, device='cuda:0', grad_fn=<DivBackward0>)
Memory status after this epoch: 
Memory allocated:  394.72998046875
Memory cached:  724.0
	 epoch  40 training error:  tensor(0.3854, device='cuda:0', grad_fn=<DivBackward0>)
Memory status after this epoch: 
Memory allocated:  394.72998046875
Memory cached:  716.0
	 epoch  50 training error:  tensor(0.3589, device='cuda:0', grad_fn=<DivBackward0>)
Memory status after this epoch: 
Memory allocated:  394.72998046875
Memory cached:  716.0
	 epoch  60 training error:  tensor(0.3449, device='cuda:0', grad_fn=<DivBackward0>)
Memory status after this epoch: 
Memory allocated:  394.72998046875
Memory cached:  716.0
	 epoch  70 training error:  tensor(0.3201, device='cuda:0', grad_fn=<DivBackward0>)
Memory status after this epoch: 
Memory allocated:  394.72998046875
Memory cached:  720.0
	 epoch  80 training error:  tensor(0.3374, device='cuda:0', grad_fn=<DivBackward0>)
Memory status after this epoch: 
Memory allocated:  394.72998046875
Memory cached:  724.0
	 epoch  90 training error:  tensor(0.3014, device='cuda:0', grad_fn=<DivBackward0>)
Memory status after this epoch: 
Memory allocated:  394.72998046875
Memory cached:  720.0
