[I 2023-12-05 01:29:19,705] Trial 40 finished with value: 0.11396725475788116 and parameters: {'W_layers': 2, 'W_layer_units_exponent_0': 10, 'W_layer_units_exponent_1': 4, 'D_layers': 2, 'D_layer_units_exponent_0': 10, 'D_layer_units_exponent_1': 7, 'log_learning_rate': -2.4626135015436184, 'log_learning_rate_D': -3.0613073126498533, 'training_batch_size': 11, 'training_p': 4}. Best is trial 33 with value: 0.05789090320467949.
Time for this trial:  33.847907304763794
Memory status after this trial: 
Memory allocated:  109.6552734375
Memory cached:  112.0
--------------------  Trial  41   --------------------
Start timing: 
Parameters: 
{'W_layers': 2, 'W_layer_units_exponent_0': 10, 'W_layer_units_exponent_1': 10, 'D_layers': 2, 'D_layer_units_exponent_0': 10, 'D_layer_units_exponent_1': 7, 'log_learning_rate': -1.8995572085624148, 'log_learning_rate_D': -3.2326870511842114, 'training_batch_size': 12, 'training_p': 5}
	 epoch  0 training error:  tensor(1.0019, device='cuda:0', grad_fn=<DivBackward0>)
Memory status after this epoch: 
Memory allocated:  76.55419921875
Memory cached:  106.0
	 epoch  10 training error:  tensor(1.7323, device='cuda:0', grad_fn=<DivBackward0>)
Memory status after this epoch: 
Memory allocated:  76.55419921875
Memory cached:  108.0
	 epoch  20 training error:  tensor(2.3224, device='cuda:0', grad_fn=<DivBackward0>)
Memory status after this epoch: 
Memory allocated:  76.55419921875
Memory cached:  108.0
	 epoch  30 training error:  tensor(0.9852, device='cuda:0', grad_fn=<DivBackward0>)
Memory status after this epoch: 
Memory allocated:  76.55419921875
Memory cached:  108.0
	 epoch  40 training error:  tensor(1.6176, device='cuda:0', grad_fn=<DivBackward0>)
Memory status after this epoch: 
Memory allocated:  76.55419921875
Memory cached:  108.0
	 epoch  50 training error:  tensor(2.3887, device='cuda:0', grad_fn=<DivBackward0>)
Memory status after this epoch: 
Memory allocated:  76.55419921875
Memory cached:  108.0
	 epoch  60 training error:  tensor(1.2661, device='cuda:0', grad_fn=<DivBackward0>)
Memory status after this epoch: 
Memory allocated:  76.55419921875
Memory cached:  108.0
	 epoch  70 training error:  tensor(1.6598, device='cuda:0', grad_fn=<DivBackward0>)
Memory status after this epoch: 
Memory allocated:  76.55419921875
Memory cached:  108.0
	 epoch  80 training error:  tensor(2.0126, device='cuda:0', grad_fn=<DivBackward0>)
Memory status after this epoch: 
Memory allocated:  76.55419921875
Memory cached:  108.0
	 epoch  90 training error:  tensor(1.3044, device='cuda:0', grad_fn=<DivBackward0>)
Memory status after this epoch: 
Memory allocated:  76.55419921875
Memory cached:  108.0
[I 2023-12-05 01:29:56,054] Trial 41 finished with value: 1.461524486541748 and parameters: {'W_layers': 2, 'W_layer_units_exponent_0': 10, 'W_layer_units_exponent_1': 10, 'D_layers': 2, 'D_layer_units_exponent_0': 10, 'D_layer_units_exponent_1': 7, 'log_learning_rate': -1.8995572085624148, 'log_learning_rate_D': -3.2326870511842114, 'training_batch_size': 12, 'training_p': 5}. Best is trial 33 with value: 0.05789090320467949.
Time for this trial:  36.18890333175659
Memory status after this trial: 
Memory allocated:  140.5419921875
Memory cached:  156.0
--------------------  Trial  42   --------------------
Start timing: 
Parameters: 
{'W_layers': 2, 'W_layer_units_exponent_0': 10, 'W_layer_units_exponent_1': 4, 'D_layers': 3, 'D_layer_units_exponent_0': 10, 'D_layer_units_exponent_1': 6, 'D_layer_units_exponent_2': 6, 'log_learning_rate': -2.441360022962012, 'log_learning_rate_D': -3.0652393739671693, 'training_batch_size': 11, 'training_p': 4}
	 epoch  0 training error:  tensor(1.0962, device='cuda:0', grad_fn=<DivBackward0>)
Memory status after this epoch: 
Memory allocated:  59.84130859375
Memory cached:  90.0
	 epoch  10 training error:  tensor(0.8805, device='cuda:0', grad_fn=<DivBackward0>)
Memory status after this epoch: 
Memory allocated:  59.84130859375
Memory cached:  88.0
	 epoch  20 training error:  tensor(0.8319, device='cuda:0', grad_fn=<DivBackward0>)
Memory status after this epoch: 
Memory allocated:  59.84130859375
Memory cached:  88.0
	 epoch  30 training error:  tensor(0.8191, device='cuda:0', grad_fn=<DivBackward0>)
Memory status after this epoch: 
Memory allocated:  59.84130859375
Memory cached:  88.0
	 epoch  40 training error:  tensor(0.7820, device='cuda:0', grad_fn=<DivBackward0>)
Memory status after this epoch: 
Memory allocated:  59.84130859375
Memory cached:  88.0
	 epoch  50 training error:  tensor(0.6164, device='cuda:0', grad_fn=<DivBackward0>)
Memory status after this epoch: 
Memory allocated:  59.84130859375
Memory cached:  88.0
	 epoch  60 training error:  tensor(0.4729, device='cuda:0', grad_fn=<DivBackward0>)
Memory status after this epoch: 
Memory allocated:  59.84130859375
Memory cached:  88.0
	 epoch  70 training error:  tensor(0.3451, device='cuda:0', grad_fn=<DivBackward0>)
Memory status after this epoch: 
Memory allocated:  59.84130859375
Memory cached:  88.0
	 epoch  80 training error:  tensor(0.1941, device='cuda:0', grad_fn=<DivBackward0>)
Memory status after this epoch: 
Memory allocated:  59.84130859375
Memory cached:  88.0
	 epoch  90 training error:  tensor(0.2545, device='cuda:0', grad_fn=<DivBackward0>)
Memory status after this epoch: 
Memory allocated:  59.84130859375
Memory cached:  88.0
[I 2023-12-05 01:30:32,376] Trial 42 finished with value: 0.29351547360420227 and parameters: {'W_layers': 2, 'W_layer_units_exponent_0': 10, 'W_layer_units_exponent_1': 4, 'D_layers': 3, 'D_layer_units_exponent_0': 10, 'D_layer_units_exponent_1': 6, 'D_layer_units_exponent_2': 6, 'log_learning_rate': -2.441360022962012, 'log_learning_rate_D': -3.0652393739671693, 'training_batch_size': 11, 'training_p': 4}. Best is trial 33 with value: 0.05789090320467949.
Time for this trial:  36.130450963974
Memory status after this trial: 
Memory allocated:  109.1875
Memory cached:  112.0
--------------------  Trial  43   --------------------
Start timing: 
Parameters: 
{'W_layers': 3, 'W_layer_units_exponent_0': 10, 'W_layer_units_exponent_1': 4, 'W_layer_units_exponent_2': 4, 'D_layers': 2, 'D_layer_units_exponent_0': 10, 'D_layer_units_exponent_1': 5, 'log_learning_rate': -2.657192051516717, 'log_learning_rate_D': -3.232752870440435, 'training_batch_size': 9, 'training_p': 4}
	 epoch  0 training error:  tensor(1.0828, device='cuda:0', grad_fn=<DivBackward0>)
Memory status after this epoch: 
Memory allocated:  59.28271484375
Memory cached:  90.0
	 epoch  10 training error:  tensor(0.7759, device='cuda:0', grad_fn=<DivBackward0>)
Memory status after this epoch: 
Memory allocated:  59.28271484375
Memory cached:  90.0
	 epoch  20 training error:  tensor(0.6218, device='cuda:0', grad_fn=<DivBackward0>)
Memory status after this epoch: 
Memory allocated:  59.28271484375
Memory cached:  90.0
	 epoch  30 training error:  tensor(0.5061, device='cuda:0', grad_fn=<DivBackward0>)
Memory status after this epoch: 
Memory allocated:  59.28271484375
Memory cached:  90.0
	 epoch  40 training error:  tensor(0.3400, device='cuda:0', grad_fn=<DivBackward0>)
Memory status after this epoch: 
Memory allocated:  59.28271484375
Memory cached:  90.0
	 epoch  50 training error:  tensor(0.1908, device='cuda:0', grad_fn=<DivBackward0>)
Memory status after this epoch: 
Memory allocated:  59.28271484375
Memory cached:  90.0
	 epoch  60 training error:  tensor(0.1448, device='cuda:0', grad_fn=<DivBackward0>)
Memory status after this epoch: 
Memory allocated:  59.28271484375
Memory cached:  90.0
	 epoch  70 training error:  tensor(0.1666, device='cuda:0', grad_fn=<DivBackward0>)
Memory status after this epoch: 
Memory allocated:  59.28271484375
Memory cached:  90.0
	 epoch  80 training error:  tensor(0.2326, device='cuda:0', grad_fn=<DivBackward0>)
Memory status after this epoch: 
Memory allocated:  59.28271484375
Memory cached:  90.0
	 epoch  90 training error:  tensor(0.1298, device='cuda:0', grad_fn=<DivBackward0>)
Memory status after this epoch: 
Memory allocated:  59.28271484375
Memory cached:  90.0
[I 2023-12-05 01:31:08,629] Trial 43 finished with value: 0.10621215403079987 and parameters: {'W_layers': 3, 'W_layer_units_exponent_0': 10, 'W_layer_units_exponent_1': 4, 'W_layer_units_exponent_2': 4, 'D_layers': 2, 'D_layer_units_exponent_0': 10, 'D_layer_units_exponent_1': 5, 'log_learning_rate': -2.657192051516717, 'log_learning_rate_D': -3.232752870440435, 'training_batch_size': 9, 'training_p': 4}. Best is trial 33 with value: 0.05789090320467949.
Time for this trial:  36.102882862091064
Memory status after this trial: 
Memory allocated:  107.17236328125
Memory cached:  112.0
--------------------  Trial  44   --------------------
Start timing: 
Parameters: 
{'W_layers': 2, 'W_layer_units_exponent_0': 10, 'W_layer_units_exponent_1': 5, 'D_layers': 2, 'D_layer_units_exponent_0': 10, 'D_layer_units_exponent_1': 5, 'log_learning_rate': -2.6597839594685246, 'log_learning_rate_D': -3.267619259276982, 'training_batch_size': 9, 'training_p': 5}
	 epoch  0 training error:  tensor(0.9735, device='cuda:0', grad_fn=<DivBackward0>)
Memory status after this epoch: 
Memory allocated:  59.52685546875
Memory cached:  88.0
	 epoch  10 training error:  tensor(0.8457, device='cuda:0', grad_fn=<DivBackward0>)
Memory status after this epoch: 
Memory allocated:  59.52685546875
Memory cached:  88.0
	 epoch  20 training error:  tensor(0.7630, device='cuda:0', grad_fn=<DivBackward0>)
Memory status after this epoch: 
Memory allocated:  59.52685546875
Memory cached:  88.0
	 epoch  30 training error:  tensor(0.6312, device='cuda:0', grad_fn=<DivBackward0>)
Memory status after this epoch: 
Memory allocated:  59.52685546875
Memory cached:  88.0
	 epoch  40 training error:  tensor(0.5841, device='cuda:0', grad_fn=<DivBackward0>)
Memory status after this epoch: 
Memory allocated:  59.52685546875
Memory cached:  88.0
	 epoch  50 training error:  tensor(0.5399, device='cuda:0', grad_fn=<DivBackward0>)
Memory status after this epoch: 
Memory allocated:  59.52685546875
Memory cached:  88.0
	 epoch  60 training error:  tensor(0.4917, device='cuda:0', grad_fn=<DivBackward0>)
Memory status after this epoch: 
Memory allocated:  59.52685546875
Memory cached:  88.0
	 epoch  70 training error:  tensor(0.4248, device='cuda:0', grad_fn=<DivBackward0>)
Memory status after this epoch: 
Memory allocated:  59.52685546875
Memory cached:  88.0
	 epoch  80 training error:  tensor(0.3225, device='cuda:0', grad_fn=<DivBackward0>)
Memory status after this epoch: 
Memory allocated:  59.52685546875
Memory cached:  88.0
	 epoch  90 training error:  tensor(0.2246, device='cuda:0', grad_fn=<DivBackward0>)
Memory status after this epoch: 
Memory allocated:  59.52685546875
Memory cached:  88.0
[I 2023-12-05 01:31:43,293] Trial 44 finished with value: 0.13646598160266876 and parameters: {'W_layers': 2, 'W_layer_units_exponent_0': 10, 'W_layer_units_exponent_1': 5, 'D_layers': 2, 'D_layer_units_exponent_0': 10, 'D_layer_units_exponent_1': 5, 'log_learning_rate': -2.6597839594685246, 'log_learning_rate_D': -3.267619259276982, 'training_batch_size': 9, 'training_p': 5}. Best is trial 33 with value: 0.05789090320467949.
Time for this trial:  34.51227426528931
Memory status after this trial: 
Memory allocated:  107.14794921875
Memory cached:  112.0
--------------------  Trial  45   --------------------
Start timing: 
Parameters: 
{'W_layers': 3, 'W_layer_units_exponent_0': 10, 'W_layer_units_exponent_1': 4, 'W_layer_units_exponent_2': 4, 'D_layers': 2, 'D_layer_units_exponent_0': 9, 'D_layer_units_exponent_1': 5, 'log_learning_rate': -1.9891178401317087, 'log_learning_rate_D': -2.970759698331284, 'training_batch_size': 9, 'training_p': 4}
	 epoch  0 training error:  tensor(1.0096, device='cuda:0', grad_fn=<DivBackward0>)
Memory status after this epoch: 
Memory allocated:  59.00146484375
Memory cached:  92.0
	 epoch  10 training error:  tensor(0.8694, device='cuda:0', grad_fn=<DivBackward0>)
Memory status after this epoch: 
Memory allocated:  59.00146484375
Memory cached:  92.0
	 epoch  20 training error:  tensor(0.7535, device='cuda:0', grad_fn=<DivBackward0>)
Memory status after this epoch: 
Memory allocated:  59.00146484375
Memory cached:  92.0
	 epoch  30 training error:  tensor(0.6037, device='cuda:0', grad_fn=<DivBackward0>)
Memory status after this epoch: 
Memory allocated:  59.00146484375
Memory cached:  92.0
	 epoch  40 training error:  tensor(0.4706, device='cuda:0', grad_fn=<DivBackward0>)
Memory status after this epoch: 
Memory allocated:  59.00146484375
Memory cached:  92.0
	 epoch  50 training error:  tensor(0.1983, device='cuda:0', grad_fn=<DivBackward0>)
Memory status after this epoch: 
Memory allocated:  59.00146484375
Memory cached:  92.0
	 epoch  60 training error:  tensor(0.2317, device='cuda:0', grad_fn=<DivBackward0>)
Memory status after this epoch: 
Memory allocated:  59.00146484375
Memory cached:  92.0
	 epoch  70 training error:  tensor(0.2361, device='cuda:0', grad_fn=<DivBackward0>)
Memory status after this epoch: 
Memory allocated:  59.00146484375
Memory cached:  92.0
	 epoch  80 training error:  tensor(0.4028, device='cuda:0', grad_fn=<DivBackward0>)
Memory status after this epoch: 
Memory allocated:  59.00146484375
Memory cached:  92.0
	 epoch  90 training error:  tensor(0.1619, device='cuda:0', grad_fn=<DivBackward0>)
Memory status after this epoch: 
Memory allocated:  59.00146484375
Memory cached:  92.0
[I 2023-12-05 01:32:18,968] Trial 45 finished with value: 0.1509629338979721 and parameters: {'W_layers': 3, 'W_layer_units_exponent_0': 10, 'W_layer_units_exponent_1': 4, 'W_layer_units_exponent_2': 4, 'D_layers': 2, 'D_layer_units_exponent_0': 9, 'D_layer_units_exponent_1': 5, 'log_learning_rate': -1.9891178401317087, 'log_learning_rate_D': -2.970759698331284, 'training_batch_size': 9, 'training_p': 4}. Best is trial 33 with value: 0.05789090320467949.
Time for this trial:  35.51874494552612
Memory status after this trial: 
Memory allocated:  95.43017578125
Memory cached:  98.0
--------------------  Trial  46   --------------------
Start timing: 
Parameters: 
{'W_layers': 2, 'W_layer_units_exponent_0': 10, 'W_layer_units_exponent_1': 5, 'D_layers': 2, 'D_layer_units_exponent_0': 9, 'D_layer_units_exponent_1': 4, 'log_learning_rate': -2.2615970543089494, 'log_learning_rate_D': -3.00126747401779, 'training_batch_size': 10, 'training_p': 4}
	 epoch  0 training error:  tensor(0.9740, device='cuda:0', grad_fn=<DivBackward0>)
Memory status after this epoch: 
Memory allocated:  59.12060546875
Memory cached:  86.0
	 epoch  10 training error:  tensor(0.9592, device='cuda:0', grad_fn=<DivBackward0>)
Memory status after this epoch: 
Memory allocated:  59.12060546875
Memory cached:  86.0
	 epoch  20 training error:  tensor(0.8054, device='cuda:0', grad_fn=<DivBackward0>)
Memory status after this epoch: 
Memory allocated:  59.12060546875
Memory cached:  86.0
	 epoch  30 training error:  tensor(0.6184, device='cuda:0', grad_fn=<DivBackward0>)
Memory status after this epoch: 
Memory allocated:  59.12060546875
Memory cached:  86.0
	 epoch  40 training error:  tensor(0.5560, device='cuda:0', grad_fn=<DivBackward0>)
Memory status after this epoch: 
Memory allocated:  59.12060546875
Memory cached:  86.0
	 epoch  50 training error:  tensor(0.4811, device='cuda:0', grad_fn=<DivBackward0>)
Memory status after this epoch: 
Memory allocated:  59.12060546875
Memory cached:  86.0
	 epoch  60 training error:  tensor(0.4178, device='cuda:0', grad_fn=<DivBackward0>)
Memory status after this epoch: 
Memory allocated:  59.12060546875
Memory cached:  86.0
	 epoch  70 training error:  tensor(0.3888, device='cuda:0', grad_fn=<DivBackward0>)
Memory status after this epoch: 
Memory allocated:  59.12060546875
Memory cached:  86.0
	 epoch  80 training error:  tensor(0.3820, device='cuda:0', grad_fn=<DivBackward0>)
Memory status after this epoch: 
Memory allocated:  59.12060546875
Memory cached:  86.0
	 epoch  90 training error:  tensor(0.3724, device='cuda:0', grad_fn=<DivBackward0>)
Memory status after this epoch: 
Memory allocated:  59.12060546875
Memory cached:  86.0
[I 2023-12-05 01:32:52,720] Trial 46 finished with value: 0.2869022786617279 and parameters: {'W_layers': 2, 'W_layer_units_exponent_0': 10, 'W_layer_units_exponent_1': 5, 'D_layers': 2, 'D_layer_units_exponent_0': 9, 'D_layer_units_exponent_1': 4, 'log_learning_rate': -2.2615970543089494, 'log_learning_rate_D': -3.00126747401779, 'training_batch_size': 10, 'training_p': 4}. Best is trial 33 with value: 0.05789090320467949.
Time for this trial:  33.55458402633667
Memory status after this trial: 
Memory allocated:  95.05322265625
Memory cached:  98.0
--------------------  Trial  47   --------------------
Start timing: 
Parameters: 
{'W_layers': 3, 'W_layer_units_exponent_0': 9, 'W_layer_units_exponent_1': 6, 'W_layer_units_exponent_2': 4, 'D_layers': 3, 'D_layer_units_exponent_0': 10, 'D_layer_units_exponent_1': 4, 'D_layer_units_exponent_2': 8, 'log_learning_rate': -3.0672754834053997, 'log_learning_rate_D': -3.262389807989236, 'training_batch_size': 11, 'training_p': 5}
	 epoch  0 training error:  tensor(1.0386, device='cuda:0', grad_fn=<DivBackward0>)
Memory status after this epoch: 
Memory allocated:  59.33154296875
Memory cached:  90.0
	 epoch  10 training error:  tensor(0.8412, device='cuda:0', grad_fn=<DivBackward0>)
Memory status after this epoch: 
Memory allocated:  59.33154296875
Memory cached:  90.0
	 epoch  20 training error:  tensor(0.7809, device='cuda:0', grad_fn=<DivBackward0>)
Memory status after this epoch: 
Memory allocated:  59.33154296875
Memory cached:  90.0
	 epoch  30 training error:  tensor(0.6510, device='cuda:0', grad_fn=<DivBackward0>)
Memory status after this epoch: 
Memory allocated:  59.33154296875
Memory cached:  90.0
	 epoch  40 training error:  tensor(0.5733, device='cuda:0', grad_fn=<DivBackward0>)
Memory status after this epoch: 
Memory allocated:  59.33154296875
Memory cached:  90.0
	 epoch  50 training error:  tensor(0.5508, device='cuda:0', grad_fn=<DivBackward0>)
Memory status after this epoch: 
Memory allocated:  59.33154296875
Memory cached:  90.0
	 epoch  60 training error:  tensor(0.5285, device='cuda:0', grad_fn=<DivBackward0>)
Memory status after this epoch: 
Memory allocated:  59.33154296875
Memory cached:  90.0
	 epoch  70 training error:  tensor(0.5098, device='cuda:0', grad_fn=<DivBackward0>)
Memory status after this epoch: 
Memory allocated:  59.33154296875
Memory cached:  90.0
	 epoch  80 training error:  tensor(0.4630, device='cuda:0', grad_fn=<DivBackward0>)
Memory status after this epoch: 
Memory allocated:  59.33154296875
Memory cached:  90.0
	 epoch  90 training error:  tensor(0.3869, device='cuda:0', grad_fn=<DivBackward0>)
Memory status after this epoch: 
Memory allocated:  59.33154296875
Memory cached:  90.0
[I 2023-12-05 01:33:30,806] Trial 47 finished with value: 0.2549012303352356 and parameters: {'W_layers': 3, 'W_layer_units_exponent_0': 9, 'W_layer_units_exponent_1': 6, 'W_layer_units_exponent_2': 4, 'D_layers': 3, 'D_layer_units_exponent_0': 10, 'D_layer_units_exponent_1': 4, 'D_layer_units_exponent_2': 8, 'log_learning_rate': -3.0672754834053997, 'log_learning_rate_D': -3.262389807989236, 'training_batch_size': 11, 'training_p': 5}. Best is trial 33 with value: 0.05789090320467949.
Time for this trial:  37.93974184989929
Memory status after this trial: 
Memory allocated:  102.01416015625
Memory cached:  104.0
--------------------  Trial  48   --------------------
Start timing: 
Parameters: 
{'W_layers': 3, 'W_layer_units_exponent_0': 10, 'W_layer_units_exponent_1': 4, 'W_layer_units_exponent_2': 4, 'D_layers': 2, 'D_layer_units_exponent_0': 10, 'D_layer_units_exponent_1': 6, 'log_learning_rate': -2.720968866338411, 'log_learning_rate_D': -3.626849777464974, 'training_batch_size': 9, 'training_p': 4}
	 epoch  0 training error:  tensor(1.0223, device='cuda:0', grad_fn=<DivBackward0>)
Memory status after this epoch: 
Memory allocated:  59.78271484375
Memory cached:  90.0
	 epoch  10 training error:  tensor(0.8116, device='cuda:0', grad_fn=<DivBackward0>)
Memory status after this epoch: 
Memory allocated:  59.78271484375
Memory cached:  90.0
	 epoch  20 training error:  tensor(0.6520, device='cuda:0', grad_fn=<DivBackward0>)
Memory status after this epoch: 
Memory allocated:  59.78271484375
Memory cached:  90.0
	 epoch  30 training error:  tensor(0.4993, device='cuda:0', grad_fn=<DivBackward0>)
Memory status after this epoch: 
Memory allocated:  59.78271484375
Memory cached:  90.0
	 epoch  40 training error:  tensor(0.3216, device='cuda:0', grad_fn=<DivBackward0>)
Memory status after this epoch: 
Memory allocated:  59.78271484375
Memory cached:  90.0
	 epoch  50 training error:  tensor(0.1615, device='cuda:0', grad_fn=<DivBackward0>)
Memory status after this epoch: 
Memory allocated:  59.78271484375
Memory cached:  90.0
	 epoch  60 training error:  tensor(0.2028, device='cuda:0', grad_fn=<DivBackward0>)
Memory status after this epoch: 
Memory allocated:  59.78271484375
Memory cached:  90.0
	 epoch  70 training error:  tensor(0.1424, device='cuda:0', grad_fn=<DivBackward0>)
Memory status after this epoch: 
Memory allocated:  59.78271484375
Memory cached:  90.0
	 epoch  80 training error:  tensor(0.1212, device='cuda:0', grad_fn=<DivBackward0>)
Memory status after this epoch: 
Memory allocated:  59.78271484375
Memory cached:  90.0
	 epoch  90 training error:  tensor(0.1152, device='cuda:0', grad_fn=<DivBackward0>)
Memory status after this epoch: 
Memory allocated:  59.78271484375
Memory cached:  90.0
