/home/shengduo/anaconda3/lib/python3.9/site-packages/scipy/__init__.py:146: UserWarning: A NumPy version >=1.16.5 and <1.23.0 is required for this version of SciPy (detected version 1.24.1
  warnings.warn(f"A NumPy version >={np_minversion} and <{np_maxversion}"
[I 2023-12-02 22:42:04,058] A new study created in memory with name: no-name-9f3e3ce9-b0f0-4059-8675-e0c1dcc3bbf1
Cuda is available:  True
Device is:  cuda:0
Memory allocated:  0.0
Memory cached:  0.0
Data file:  ./data/Trial1108_bigDRS_Burigede.pt
Vs.shape:  torch.Size([100, 100])
thetas.shape:  torch.Size([100, 100])
fs.shape:  torch.Size([100, 100])
ts.shape:  torch.Size([100, 100])
Xs.shape:  torch.Size([100, 100])
--------------------  Trial  0   --------------------
Start timing: 
Parameters: 
{'W_layers': 5, 'W_layer_units_exponent_0': 10, 'W_layer_units_exponent_1': 9, 'W_layer_units_exponent_2': 9, 'W_layer_units_exponent_3': 10, 'W_layer_units_exponent_4': 4, 'D_layers': 4, 'D_layer_units_exponent_0': 6, 'D_layer_units_exponent_1': 7, 'D_layer_units_exponent_2': 6, 'D_layer_units_exponent_3': 8, 'D_dagger_layers': 6, 'D_dagger_layer_units_exponent_0': 4, 'D_dagger_layer_units_exponent_1': 7, 'D_dagger_layer_units_exponent_2': 7, 'D_dagger_layer_units_exponent_3': 10, 'D_dagger_layer_units_exponent_4': 8, 'D_dagger_layer_units_exponent_5': 8, 'log_learning_rate': -2.270576161349951, 'log_learning_rate_D': -1.0904490606704078, 'log_learning_rate_D_dagger': -4.978164179503836, 'training_batch_size': 9, 'training_p': 4}
/home/shengduo/anaconda3/lib/python3.9/site-packages/torch/nn/init.py:405: UserWarning: Initializing zero-element tensors is a no-op
  warnings.warn("Initializing zero-element tensors is a no-op")
	 epoch  0 training error:  tensor(1.0829, device='cuda:0', grad_fn=<DivBackward0>)
Memory status after this epoch: 
Memory allocated:  28.1982421875
Memory cached:  54.0
	 epoch  10 training error:  tensor(0.5269, device='cuda:0', grad_fn=<DivBackward0>)
Memory status after this epoch: 
Memory allocated:  28.1982421875
Memory cached:  58.0
	 epoch  20 training error:  tensor(0.1955, device='cuda:0', grad_fn=<DivBackward0>)
Memory status after this epoch: 
Memory allocated:  28.1982421875
Memory cached:  56.0
	 epoch  30 training error:  tensor(0.1858, device='cuda:0', grad_fn=<DivBackward0>)
Memory status after this epoch: 
Memory allocated:  28.1982421875
Memory cached:  56.0
	 epoch  40 training error:  tensor(0.1034, device='cuda:0', grad_fn=<DivBackward0>)
Memory status after this epoch: 
Memory allocated:  28.1982421875
Memory cached:  54.0
	 epoch  50 training error:  tensor(0.1691, device='cuda:0', grad_fn=<DivBackward0>)
Memory status after this epoch: 
Memory allocated:  28.1982421875
Memory cached:  58.0
	 epoch  60 training error:  tensor(0.1459, device='cuda:0', grad_fn=<DivBackward0>)
Memory status after this epoch: 
Memory allocated:  28.1982421875
Memory cached:  56.0
	 epoch  70 training error:  tensor(0.1333, device='cuda:0', grad_fn=<DivBackward0>)
Memory status after this epoch: 
Memory allocated:  28.1982421875
Memory cached:  56.0
	 epoch  80 training error:  tensor(0.1276, device='cuda:0', grad_fn=<DivBackward0>)
Memory status after this epoch: 
Memory allocated:  28.1982421875
Memory cached:  54.0
	 epoch  90 training error:  tensor(0.1240, device='cuda:0', grad_fn=<DivBackward0>)
Memory status after this epoch: 
Memory allocated:  28.1982421875
Memory cached:  58.0
[I 2023-12-02 22:42:25,494] Trial 0 finished with value: 0.1084551140666008 and parameters: {'W_layers': 5, 'W_layer_units_exponent_0': 10, 'W_layer_units_exponent_1': 9, 'W_layer_units_exponent_2': 9, 'W_layer_units_exponent_3': 10, 'W_layer_units_exponent_4': 4, 'D_layers': 4, 'D_layer_units_exponent_0': 6, 'D_layer_units_exponent_1': 7, 'D_layer_units_exponent_2': 6, 'D_layer_units_exponent_3': 8, 'D_dagger_layers': 6, 'D_dagger_layer_units_exponent_0': 4, 'D_dagger_layer_units_exponent_1': 7, 'D_dagger_layer_units_exponent_2': 7, 'D_dagger_layer_units_exponent_3': 10, 'D_dagger_layer_units_exponent_4': 8, 'D_dagger_layer_units_exponent_5': 8, 'log_learning_rate': -2.270576161349951, 'log_learning_rate_D': -1.0904490606704078, 'log_learning_rate_D_dagger': -4.978164179503836, 'training_batch_size': 9, 'training_p': 4}. Best is trial 0 with value: 0.1084551140666008.
res:  tensor(0.1085, device='cuda:0', grad_fn=<DivBackward0>)
self.bestValue:  10000000.0
Save this model!
Time for this trial:  21.33836078643799
Memory status after this trial: 
Memory allocated:  278.630859375
Memory cached:  318.0
--------------------  Trial  1   --------------------
Start timing: 
Parameters: 
{'W_layers': 5, 'W_layer_units_exponent_0': 10, 'W_layer_units_exponent_1': 6, 'W_layer_units_exponent_2': 7, 'W_layer_units_exponent_3': 6, 'W_layer_units_exponent_4': 10, 'D_layers': 8, 'D_layer_units_exponent_0': 6, 'D_layer_units_exponent_1': 6, 'D_layer_units_exponent_2': 7, 'D_layer_units_exponent_3': 8, 'D_layer_units_exponent_4': 6, 'D_layer_units_exponent_5': 5, 'D_layer_units_exponent_6': 9, 'D_layer_units_exponent_7': 7, 'D_dagger_layers': 8, 'D_dagger_layer_units_exponent_0': 6, 'D_dagger_layer_units_exponent_1': 9, 'D_dagger_layer_units_exponent_2': 7, 'D_dagger_layer_units_exponent_3': 4, 'D_dagger_layer_units_exponent_4': 9, 'D_dagger_layer_units_exponent_5': 5, 'D_dagger_layer_units_exponent_6': 8, 'D_dagger_layer_units_exponent_7': 8, 'log_learning_rate': -4.304530517362828, 'log_learning_rate_D': -1.013231744913476, 'log_learning_rate_D_dagger': -1.3386786677404028, 'training_batch_size': 7, 'training_p': 4}
	 epoch  0 training error:  tensor(0.8123, device='cuda:0', grad_fn=<DivBackward0>)
Memory status after this epoch: 
Memory allocated:  284.61083984375
Memory cached:  326.0
	 epoch  10 training error:  tensor(329.2895, device='cuda:0', grad_fn=<DivBackward0>)
Memory status after this epoch: 
Memory allocated:  284.61083984375
Memory cached:  326.0
	 epoch  20 training error:  tensor(41.1436, device='cuda:0', grad_fn=<DivBackward0>)
Memory status after this epoch: 
Memory allocated:  284.61083984375
Memory cached:  326.0
	 epoch  30 training error:  tensor(1081.0643, device='cuda:0', grad_fn=<DivBackward0>)
Memory status after this epoch: 
Memory allocated:  284.61083984375
Memory cached:  326.0
	 epoch  40 training error:  tensor(31.1143, device='cuda:0', grad_fn=<DivBackward0>)
Memory status after this epoch: 
Memory allocated:  284.61083984375
Memory cached:  326.0
	 epoch  50 training error:  tensor(5.7762, device='cuda:0', grad_fn=<DivBackward0>)
Memory status after this epoch: 
Memory allocated:  284.61083984375
Memory cached:  326.0
	 epoch  60 training error:  tensor(0.5117, device='cuda:0', grad_fn=<DivBackward0>)
Memory status after this epoch: 
Memory allocated:  284.61083984375
Memory cached:  326.0
	 epoch  70 training error:  tensor(0.9306, device='cuda:0', grad_fn=<DivBackward0>)
Memory status after this epoch: 
Memory allocated:  284.61083984375
Memory cached:  326.0
	 epoch  80 training error:  tensor(0.4345, device='cuda:0', grad_fn=<DivBackward0>)
Memory status after this epoch: 
Memory allocated:  284.61083984375
Memory cached:  326.0
	 epoch  90 training error:  tensor(0.5459, device='cuda:0', grad_fn=<DivBackward0>)
Memory status after this epoch: 
Memory allocated:  284.61083984375
Memory cached:  326.0
[I 2023-12-02 22:42:45,026] Trial 1 finished with value: 0.2769660949707031 and parameters: {'W_layers': 5, 'W_layer_units_exponent_0': 10, 'W_layer_units_exponent_1': 6, 'W_layer_units_exponent_2': 7, 'W_layer_units_exponent_3': 6, 'W_layer_units_exponent_4': 10, 'D_layers': 8, 'D_layer_units_exponent_0': 6, 'D_layer_units_exponent_1': 6, 'D_layer_units_exponent_2': 7, 'D_layer_units_exponent_3': 8, 'D_layer_units_exponent_4': 6, 'D_layer_units_exponent_5': 5, 'D_layer_units_exponent_6': 9, 'D_layer_units_exponent_7': 7, 'D_dagger_layers': 8, 'D_dagger_layer_units_exponent_0': 6, 'D_dagger_layer_units_exponent_1': 9, 'D_dagger_layer_units_exponent_2': 7, 'D_dagger_layer_units_exponent_3': 4, 'D_dagger_layer_units_exponent_4': 9, 'D_dagger_layer_units_exponent_5': 5, 'D_dagger_layer_units_exponent_6': 8, 'D_dagger_layer_units_exponent_7': 8, 'log_learning_rate': -4.304530517362828, 'log_learning_rate_D': -1.013231744913476, 'log_learning_rate_D_dagger': -1.3386786677404028, 'training_batch_size': 7, 'training_p': 4}. Best is trial 0 with value: 0.1084551140666008.
Time for this trial:  19.436399936676025
Memory status after this trial: 
Memory allocated:  494.55810546875
Memory cached:  520.0
--------------------  Trial  2   --------------------
Start timing: 
Parameters: 
{'W_layers': 4, 'W_layer_units_exponent_0': 9, 'W_layer_units_exponent_1': 8, 'W_layer_units_exponent_2': 7, 'W_layer_units_exponent_3': 9, 'D_layers': 3, 'D_layer_units_exponent_0': 10, 'D_layer_units_exponent_1': 8, 'D_layer_units_exponent_2': 8, 'D_dagger_layers': 5, 'D_dagger_layer_units_exponent_0': 4, 'D_dagger_layer_units_exponent_1': 6, 'D_dagger_layer_units_exponent_2': 4, 'D_dagger_layer_units_exponent_3': 9, 'D_dagger_layer_units_exponent_4': 4, 'log_learning_rate': -2.4529026776729204, 'log_learning_rate_D': -4.87918078719019, 'log_learning_rate_D_dagger': -2.7272222159695185, 'training_batch_size': 12, 'training_p': 3}
	 epoch  0 training error:  tensor(1.2189, device='cuda:0', grad_fn=<DivBackward0>)
Memory status after this epoch: 
Memory allocated:  283.7578125
Memory cached:  324.0
	 epoch  10 training error:  tensor(1.0354, device='cuda:0', grad_fn=<DivBackward0>)
Memory status after this epoch: 
Memory allocated:  283.7578125
Memory cached:  326.0
	 epoch  20 training error:  tensor(0.4046, device='cuda:0', grad_fn=<DivBackward0>)
Memory status after this epoch: 
Memory allocated:  283.7578125
Memory cached:  330.0
	 epoch  30 training error:  tensor(0.1077, device='cuda:0', grad_fn=<DivBackward0>)
Memory status after this epoch: 
Memory allocated:  283.7578125
Memory cached:  328.0
	 epoch  40 training error:  tensor(0.0817, device='cuda:0', grad_fn=<DivBackward0>)
Memory status after this epoch: 
Memory allocated:  283.7578125
Memory cached:  326.0
	 epoch  50 training error:  tensor(0.0949, device='cuda:0', grad_fn=<DivBackward0>)
Memory status after this epoch: 
Memory allocated:  283.7578125
Memory cached:  326.0
	 epoch  60 training error:  tensor(0.0777, device='cuda:0', grad_fn=<DivBackward0>)
Memory status after this epoch: 
Memory allocated:  283.7578125
Memory cached:  326.0
	 epoch  70 training error:  tensor(0.0772, device='cuda:0', grad_fn=<DivBackward0>)
Memory status after this epoch: 
Memory allocated:  283.7578125
Memory cached:  328.0
	 epoch  80 training error:  tensor(0.0722, device='cuda:0', grad_fn=<DivBackward0>)
Memory status after this epoch: 
Memory allocated:  283.7578125
Memory cached:  324.0
	 epoch  90 training error:  tensor(0.0713, device='cuda:0', grad_fn=<DivBackward0>)
Memory status after this epoch: 
Memory allocated:  283.7578125
Memory cached:  330.0
[I 2023-12-02 22:43:01,839] Trial 2 finished with value: 0.07184018194675446 and parameters: {'W_layers': 4, 'W_layer_units_exponent_0': 9, 'W_layer_units_exponent_1': 8, 'W_layer_units_exponent_2': 7, 'W_layer_units_exponent_3': 9, 'D_layers': 3, 'D_layer_units_exponent_0': 10, 'D_layer_units_exponent_1': 8, 'D_layer_units_exponent_2': 8, 'D_dagger_layers': 5, 'D_dagger_layer_units_exponent_0': 4, 'D_dagger_layer_units_exponent_1': 6, 'D_dagger_layer_units_exponent_2': 4, 'D_dagger_layer_units_exponent_3': 9, 'D_dagger_layer_units_exponent_4': 4, 'log_learning_rate': -2.4529026776729204, 'log_learning_rate_D': -4.87918078719019, 'log_learning_rate_D_dagger': -2.7272222159695185, 'training_batch_size': 12, 'training_p': 3}. Best is trial 2 with value: 0.07184018194675446.
res:  tensor(0.0718, device='cuda:0', grad_fn=<DivBackward0>)
self.bestValue:  tensor(0.1085, device='cuda:0', grad_fn=<DivBackward0>)
Save this model!
Time for this trial:  16.688812971115112
Memory status after this trial: 
Memory allocated:  108.544921875
Memory cached:  210.0
--------------------  Trial  3   --------------------
Start timing: 
Parameters: 
{'W_layers': 7, 'W_layer_units_exponent_0': 4, 'W_layer_units_exponent_1': 6, 'W_layer_units_exponent_2': 5, 'W_layer_units_exponent_3': 4, 'W_layer_units_exponent_4': 7, 'W_layer_units_exponent_5': 9, 'W_layer_units_exponent_6': 5, 'D_layers': 3, 'D_layer_units_exponent_0': 5, 'D_layer_units_exponent_1': 9, 'D_layer_units_exponent_2': 6, 'D_dagger_layers': 8, 'D_dagger_layer_units_exponent_0': 6, 'D_dagger_layer_units_exponent_1': 8, 'D_dagger_layer_units_exponent_2': 8, 'D_dagger_layer_units_exponent_3': 10, 'D_dagger_layer_units_exponent_4': 10, 'D_dagger_layer_units_exponent_5': 10, 'D_dagger_layer_units_exponent_6': 6, 'D_dagger_layer_units_exponent_7': 7, 'log_learning_rate': -1.6121735165248827, 'log_learning_rate_D': -2.4026146587474138, 'log_learning_rate_D_dagger': -3.2500761828514055, 'training_batch_size': 10, 'training_p': 7}
	 epoch  0 training error:  tensor(1.0334, device='cuda:0', grad_fn=<DivBackward0>)
Memory status after this epoch: 
Memory allocated:  149.31689453125
Memory cached:  234.0
	 epoch  10 training error:  tensor(1.2302, device='cuda:0', grad_fn=<DivBackward0>)
Memory status after this epoch: 
Memory allocated:  149.31689453125
Memory cached:  236.0
	 epoch  20 training error:  tensor(1.6295, device='cuda:0', grad_fn=<DivBackward0>)
Memory status after this epoch: 
Memory allocated:  149.31689453125
Memory cached:  238.0
	 epoch  30 training error:  tensor(2.3117, device='cuda:0', grad_fn=<DivBackward0>)
Memory status after this epoch: 
Memory allocated:  149.31689453125
Memory cached:  238.0
	 epoch  40 training error:  tensor(0.3205, device='cuda:0', grad_fn=<DivBackward0>)
Memory status after this epoch: 
Memory allocated:  149.31689453125
Memory cached:  236.0
	 epoch  50 training error:  tensor(0.3328, device='cuda:0', grad_fn=<DivBackward0>)
Memory status after this epoch: 
Memory allocated:  149.31689453125
Memory cached:  238.0
	 epoch  60 training error:  tensor(0.1083, device='cuda:0', grad_fn=<DivBackward0>)
Memory status after this epoch: 
Memory allocated:  149.31689453125
Memory cached:  238.0
	 epoch  70 training error:  tensor(0.1607, device='cuda:0', grad_fn=<DivBackward0>)
Memory status after this epoch: 
Memory allocated:  149.31689453125
Memory cached:  236.0
	 epoch  80 training error:  tensor(0.1032, device='cuda:0', grad_fn=<DivBackward0>)
Memory status after this epoch: 
Memory allocated:  149.31689453125
Memory cached:  238.0
	 epoch  90 training error:  tensor(0.0965, device='cuda:0', grad_fn=<DivBackward0>)
Memory status after this epoch: 
Memory allocated:  149.31689453125
Memory cached:  238.0
[I 2023-12-02 22:43:22,233] Trial 3 finished with value: 0.07739335298538208 and parameters: {'W_layers': 7, 'W_layer_units_exponent_0': 4, 'W_layer_units_exponent_1': 6, 'W_layer_units_exponent_2': 5, 'W_layer_units_exponent_3': 4, 'W_layer_units_exponent_4': 7, 'W_layer_units_exponent_5': 9, 'W_layer_units_exponent_6': 5, 'D_layers': 3, 'D_layer_units_exponent_0': 5, 'D_layer_units_exponent_1': 9, 'D_layer_units_exponent_2': 6, 'D_dagger_layers': 8, 'D_dagger_layer_units_exponent_0': 6, 'D_dagger_layer_units_exponent_1': 8, 'D_dagger_layer_units_exponent_2': 8, 'D_dagger_layer_units_exponent_3': 10, 'D_dagger_layer_units_exponent_4': 10, 'D_dagger_layer_units_exponent_5': 10, 'D_dagger_layer_units_exponent_6': 6, 'D_dagger_layer_units_exponent_7': 7, 'log_learning_rate': -1.6121735165248827, 'log_learning_rate_D': -2.4026146587474138, 'log_learning_rate_D_dagger': -3.2500761828514055, 'training_batch_size': 10, 'training_p': 7}. Best is trial 2 with value: 0.07184018194675446.
Time for this trial:  20.285829305648804
Memory status after this trial: 
Memory allocated:  381.02099609375
Memory cached:  422.0
--------------------  Trial  4   --------------------
Start timing: 
Parameters: 
{'W_layers': 7, 'W_layer_units_exponent_0': 7, 'W_layer_units_exponent_1': 10, 'W_layer_units_exponent_2': 6, 'W_layer_units_exponent_3': 6, 'W_layer_units_exponent_4': 8, 'W_layer_units_exponent_5': 7, 'W_layer_units_exponent_6': 8, 'D_layers': 6, 'D_layer_units_exponent_0': 8, 'D_layer_units_exponent_1': 9, 'D_layer_units_exponent_2': 4, 'D_layer_units_exponent_3': 4, 'D_layer_units_exponent_4': 4, 'D_layer_units_exponent_5': 10, 'D_dagger_layers': 6, 'D_dagger_layer_units_exponent_0': 8, 'D_dagger_layer_units_exponent_1': 4, 'D_dagger_layer_units_exponent_2': 7, 'D_dagger_layer_units_exponent_3': 5, 'D_dagger_layer_units_exponent_4': 4, 'D_dagger_layer_units_exponent_5': 8, 'log_learning_rate': -3.561436153529872, 'log_learning_rate_D': -4.538826698396575, 'log_learning_rate_D_dagger': -2.990540279075866, 'training_batch_size': 10, 'training_p': 4}
	 epoch  0 training error:  tensor(0.9445, device='cuda:0', grad_fn=<DivBackward0>)
Memory status after this epoch: 
Memory allocated:  113.78466796875
Memory cached:  210.0
	 epoch  10 training error:  tensor(0.2410, device='cuda:0', grad_fn=<DivBackward0>)
Memory status after this epoch: 
Memory allocated:  113.78466796875
Memory cached:  210.0
	 epoch  20 training error:  tensor(0.1245, device='cuda:0', grad_fn=<DivBackward0>)
Memory status after this epoch: 
Memory allocated:  113.78466796875
Memory cached:  210.0
	 epoch  30 training error:  tensor(0.1103, device='cuda:0', grad_fn=<DivBackward0>)
Memory status after this epoch: 
Memory allocated:  113.78466796875
Memory cached:  210.0
	 epoch  40 training error:  tensor(0.0941, device='cuda:0', grad_fn=<DivBackward0>)
Memory status after this epoch: 
Memory allocated:  113.78466796875
Memory cached:  210.0
	 epoch  50 training error:  tensor(0.0864, device='cuda:0', grad_fn=<DivBackward0>)
Memory status after this epoch: 
Memory allocated:  113.78466796875
Memory cached:  210.0
	 epoch  60 training error:  tensor(0.0808, device='cuda:0', grad_fn=<DivBackward0>)
Memory status after this epoch: 
Memory allocated:  113.78466796875
Memory cached:  210.0
	 epoch  70 training error:  tensor(0.0805, device='cuda:0', grad_fn=<DivBackward0>)
Memory status after this epoch: 
Memory allocated:  113.78466796875
Memory cached:  210.0
	 epoch  80 training error:  tensor(0.0789, device='cuda:0', grad_fn=<DivBackward0>)
Memory status after this epoch: 
Memory allocated:  113.78466796875
Memory cached:  210.0
	 epoch  90 training error:  tensor(0.0816, device='cuda:0', grad_fn=<DivBackward0>)
Memory status after this epoch: 
Memory allocated:  113.78466796875
Memory cached:  210.0
