[I 2024-03-11 16:40:15,679] Trial 22 finished with value: 0.4210711419582367 and parameters: {'log_learning_rate': -1.5200687381469944, 'log_learning_rate_D': -4.592463410215662, 'log_learning_rate_D_dagger': -1.1809624224158002, 'training_batch_size': 7, 'training_p': 7}. Best is trial 21 with value: 0.39170145988464355.
Time for this trial:  276.14809131622314
Memory status after this trial: 
Memory allocated:  3.3525390625
Memory cached:  4.0
--------------------  Trial  23   --------------------
Start timing: 
Parameters: 
{'log_learning_rate': -2.5743029430049105, 'log_learning_rate_D': -4.950185924233199, 'log_learning_rate_D_dagger': -1.0444694325066908, 'training_batch_size': 7, 'training_p': 7}
	 epoch  0 training error:  tensor(43.9612, grad_fn=<ToCopyBackward0>)
Memory status after this epoch: 
Memory allocated:  1.84228515625
Memory cached:  4.0
	 epoch  10 training error:  tensor(1.2951, grad_fn=<ToCopyBackward0>)
Memory status after this epoch: 
Memory allocated:  1.84228515625
Memory cached:  4.0
	 epoch  20 training error:  tensor(0.5644, grad_fn=<ToCopyBackward0>)
Memory status after this epoch: 
Memory allocated:  1.84228515625
Memory cached:  4.0
	 epoch  30 training error:  tensor(0.5559, grad_fn=<ToCopyBackward0>)
Memory status after this epoch: 
Memory allocated:  1.84228515625
Memory cached:  4.0
	 epoch  40 training error:  tensor(0.5502, grad_fn=<ToCopyBackward0>)
Memory status after this epoch: 
Memory allocated:  1.84228515625
Memory cached:  4.0
	 epoch  50 training error:  tensor(0.5452, grad_fn=<ToCopyBackward0>)
Memory status after this epoch: 
Memory allocated:  1.84228515625
Memory cached:  4.0
	 epoch  60 training error:  tensor(0.5400, grad_fn=<ToCopyBackward0>)
Memory status after this epoch: 
Memory allocated:  1.84228515625
Memory cached:  4.0
	 epoch  70 training error:  tensor(0.5345, grad_fn=<ToCopyBackward0>)
Memory status after this epoch: 
Memory allocated:  1.84228515625
Memory cached:  4.0
	 epoch  80 training error:  tensor(0.5305, grad_fn=<ToCopyBackward0>)
Memory status after this epoch: 
Memory allocated:  1.84228515625
Memory cached:  4.0
	 epoch  90 training error:  tensor(0.5269, grad_fn=<ToCopyBackward0>)
Memory status after this epoch: 
Memory allocated:  1.84228515625
Memory cached:  4.0
[I 2024-03-11 16:44:51,271] Trial 23 finished with value: 0.3983392119407654 and parameters: {'log_learning_rate': -2.5743029430049105, 'log_learning_rate_D': -4.950185924233199, 'log_learning_rate_D_dagger': -1.0444694325066908, 'training_batch_size': 7, 'training_p': 7}. Best is trial 21 with value: 0.39170145988464355.
Time for this trial:  275.3506259918213
Memory status after this trial: 
Memory allocated:  3.3525390625
Memory cached:  4.0
--------------------  Trial  24   --------------------
Start timing: 
Parameters: 
{'log_learning_rate': -2.566380361924838, 'log_learning_rate_D': -4.502369721014388, 'log_learning_rate_D_dagger': -1.7517206682409863, 'training_batch_size': 7, 'training_p': 7}
	 epoch  0 training error:  tensor(174.1091, grad_fn=<ToCopyBackward0>)
Memory status after this epoch: 
Memory allocated:  1.84228515625
Memory cached:  4.0
	 epoch  10 training error:  tensor(4.3651, grad_fn=<ToCopyBackward0>)
Memory status after this epoch: 
Memory allocated:  1.84228515625
Memory cached:  4.0
	 epoch  20 training error:  tensor(1.0573, grad_fn=<ToCopyBackward0>)
Memory status after this epoch: 
Memory allocated:  1.84228515625
Memory cached:  4.0
	 epoch  30 training error:  tensor(0.5852, grad_fn=<ToCopyBackward0>)
Memory status after this epoch: 
Memory allocated:  1.84228515625
Memory cached:  4.0
	 epoch  40 training error:  tensor(0.5467, grad_fn=<ToCopyBackward0>)
Memory status after this epoch: 
Memory allocated:  1.84228515625
Memory cached:  4.0
	 epoch  50 training error:  tensor(0.5449, grad_fn=<ToCopyBackward0>)
Memory status after this epoch: 
Memory allocated:  1.84228515625
Memory cached:  4.0
	 epoch  60 training error:  tensor(0.5430, grad_fn=<ToCopyBackward0>)
Memory status after this epoch: 
Memory allocated:  1.84228515625
Memory cached:  4.0
	 epoch  70 training error:  tensor(0.5411, grad_fn=<ToCopyBackward0>)
Memory status after this epoch: 
Memory allocated:  1.84228515625
Memory cached:  4.0
	 epoch  80 training error:  tensor(0.5396, grad_fn=<ToCopyBackward0>)
Memory status after this epoch: 
Memory allocated:  1.84228515625
Memory cached:  4.0
	 epoch  90 training error:  tensor(0.5378, grad_fn=<ToCopyBackward0>)
Memory status after this epoch: 
Memory allocated:  1.84228515625
Memory cached:  4.0
[I 2024-03-11 16:49:28,169] Trial 24 finished with value: 0.45206767320632935 and parameters: {'log_learning_rate': -2.566380361924838, 'log_learning_rate_D': -4.502369721014388, 'log_learning_rate_D_dagger': -1.7517206682409863, 'training_batch_size': 7, 'training_p': 7}. Best is trial 21 with value: 0.39170145988464355.
Time for this trial:  276.6644802093506
Memory status after this trial: 
Memory allocated:  3.3525390625
Memory cached:  4.0
--------------------  Trial  25   --------------------
Start timing: 
Parameters: 
{'log_learning_rate': -4.971624430130946, 'log_learning_rate_D': -3.752219784370463, 'log_learning_rate_D_dagger': -2.71538951916071, 'training_batch_size': 6, 'training_p': 6}
	 epoch  0 training error:  tensor(131.6061, grad_fn=<ToCopyBackward0>)
Memory status after this epoch: 
Memory allocated:  1.94189453125
Memory cached:  4.0
	 epoch  10 training error:  tensor(74.9270, grad_fn=<ToCopyBackward0>)
Memory status after this epoch: 
Memory allocated:  1.94189453125
Memory cached:  4.0
	 epoch  20 training error:  tensor(33.1014, grad_fn=<ToCopyBackward0>)
Memory status after this epoch: 
Memory allocated:  1.94189453125
Memory cached:  4.0
	 epoch  30 training error:  tensor(1.8806, grad_fn=<ToCopyBackward0>)
Memory status after this epoch: 
Memory allocated:  1.94189453125
Memory cached:  4.0
	 epoch  40 training error:  tensor(0.9697, grad_fn=<ToCopyBackward0>)
Memory status after this epoch: 
Memory allocated:  1.94189453125
Memory cached:  4.0
	 epoch  50 training error:  tensor(0.9236, grad_fn=<ToCopyBackward0>)
Memory status after this epoch: 
Memory allocated:  1.94189453125
Memory cached:  4.0
	 epoch  60 training error:  tensor(0.9088, grad_fn=<ToCopyBackward0>)
Memory status after this epoch: 
Memory allocated:  1.94189453125
Memory cached:  4.0
	 epoch  70 training error:  tensor(0.9018, grad_fn=<ToCopyBackward0>)
Memory status after this epoch: 
Memory allocated:  1.94189453125
Memory cached:  4.0
	 epoch  80 training error:  tensor(0.8980, grad_fn=<ToCopyBackward0>)
Memory status after this epoch: 
Memory allocated:  1.94189453125
Memory cached:  4.0
	 epoch  90 training error:  tensor(0.8886, grad_fn=<ToCopyBackward0>)
Memory status after this epoch: 
Memory allocated:  1.94189453125
Memory cached:  4.0
[I 2024-03-11 16:56:59,691] Trial 25 finished with value: 0.8780091404914856 and parameters: {'log_learning_rate': -4.971624430130946, 'log_learning_rate_D': -3.752219784370463, 'log_learning_rate_D_dagger': -2.71538951916071, 'training_batch_size': 6, 'training_p': 6}. Best is trial 21 with value: 0.39170145988464355.
Time for this trial:  451.25148916244507
Memory status after this trial: 
Memory allocated:  3.4521484375
Memory cached:  4.0
--------------------  Trial  26   --------------------
Start timing: 
Parameters: 
{'log_learning_rate': -2.9715777556435814, 'log_learning_rate_D': -4.616083203062128, 'log_learning_rate_D_dagger': -1.631422792630099, 'training_batch_size': 7, 'training_p': 7}
	 epoch  0 training error:  tensor(87.0444, grad_fn=<ToCopyBackward0>)
Memory status after this epoch: 
Memory allocated:  1.84228515625
Memory cached:  4.0
	 epoch  10 training error:  tensor(4.6666, grad_fn=<ToCopyBackward0>)
Memory status after this epoch: 
Memory allocated:  1.84228515625
Memory cached:  4.0
	 epoch  20 training error:  tensor(0.6093, grad_fn=<ToCopyBackward0>)
Memory status after this epoch: 
Memory allocated:  1.84228515625
Memory cached:  4.0
	 epoch  30 training error:  tensor(0.5472, grad_fn=<ToCopyBackward0>)
Memory status after this epoch: 
Memory allocated:  1.84228515625
Memory cached:  4.0
	 epoch  40 training error:  tensor(0.5299, grad_fn=<ToCopyBackward0>)
Memory status after this epoch: 
Memory allocated:  1.84228515625
Memory cached:  4.0
	 epoch  50 training error:  tensor(0.5267, grad_fn=<ToCopyBackward0>)
Memory status after this epoch: 
Memory allocated:  1.84228515625
Memory cached:  4.0
	 epoch  60 training error:  tensor(0.5241, grad_fn=<ToCopyBackward0>)
Memory status after this epoch: 
Memory allocated:  1.84228515625
Memory cached:  4.0
	 epoch  70 training error:  tensor(0.5232, grad_fn=<ToCopyBackward0>)
Memory status after this epoch: 
Memory allocated:  1.84228515625
Memory cached:  4.0
	 epoch  80 training error:  tensor(0.5223, grad_fn=<ToCopyBackward0>)
Memory status after this epoch: 
Memory allocated:  1.84228515625
Memory cached:  4.0
	 epoch  90 training error:  tensor(0.5219, grad_fn=<ToCopyBackward0>)
Memory status after this epoch: 
Memory allocated:  1.84228515625
Memory cached:  4.0
[I 2024-03-11 17:01:37,985] Trial 26 finished with value: 0.3941173255443573 and parameters: {'log_learning_rate': -2.9715777556435814, 'log_learning_rate_D': -4.616083203062128, 'log_learning_rate_D_dagger': -1.631422792630099, 'training_batch_size': 7, 'training_p': 7}. Best is trial 21 with value: 0.39170145988464355.
Time for this trial:  278.07730865478516
Memory status after this trial: 
Memory allocated:  3.3525390625
Memory cached:  4.0
--------------------  Trial  27   --------------------
Start timing: 
Parameters: 
{'log_learning_rate': -3.1152760650496187, 'log_learning_rate_D': -4.597185840684282, 'log_learning_rate_D_dagger': -1.0221511621240882, 'training_batch_size': 7, 'training_p': 7}
	 epoch  0 training error:  tensor(5.9354, grad_fn=<ToCopyBackward0>)
Memory status after this epoch: 
Memory allocated:  1.84228515625
Memory cached:  4.0
	 epoch  10 training error:  tensor(0.6502, grad_fn=<ToCopyBackward0>)
Memory status after this epoch: 
Memory allocated:  1.84228515625
Memory cached:  4.0
	 epoch  20 training error:  tensor(0.5457, grad_fn=<ToCopyBackward0>)
Memory status after this epoch: 
Memory allocated:  1.84228515625
Memory cached:  4.0
	 epoch  30 training error:  tensor(0.5356, grad_fn=<ToCopyBackward0>)
Memory status after this epoch: 
Memory allocated:  1.84228515625
Memory cached:  4.0
	 epoch  40 training error:  tensor(0.5293, grad_fn=<ToCopyBackward0>)
Memory status after this epoch: 
Memory allocated:  1.84228515625
Memory cached:  4.0
	 epoch  50 training error:  tensor(0.5608, grad_fn=<ToCopyBackward0>)
Memory status after this epoch: 
Memory allocated:  1.84228515625
Memory cached:  4.0
	 epoch  60 training error:  tensor(0.5297, grad_fn=<ToCopyBackward0>)
Memory status after this epoch: 
Memory allocated:  1.84228515625
Memory cached:  4.0
	 epoch  70 training error:  tensor(0.5238, grad_fn=<ToCopyBackward0>)
Memory status after this epoch: 
Memory allocated:  1.84228515625
Memory cached:  4.0
	 epoch  80 training error:  tensor(0.5234, grad_fn=<ToCopyBackward0>)
Memory status after this epoch: 
Memory allocated:  1.84228515625
Memory cached:  4.0
	 epoch  90 training error:  tensor(0.5225, grad_fn=<ToCopyBackward0>)
Memory status after this epoch: 
Memory allocated:  1.84228515625
Memory cached:  4.0
[I 2024-03-11 17:06:14,871] Trial 27 finished with value: 0.3914168179035187 and parameters: {'log_learning_rate': -3.1152760650496187, 'log_learning_rate_D': -4.597185840684282, 'log_learning_rate_D_dagger': -1.0221511621240882, 'training_batch_size': 7, 'training_p': 7}. Best is trial 27 with value: 0.3914168179035187.
res:  tensor(0.3914, grad_fn=<ToCopyBackward0>)
self.bestValue:  tensor(0.3917, grad_fn=<ToCopyBackward0>)
Save this model!
Time for this trial:  276.6456391811371
Memory status after this trial: 
Memory allocated:  1.81201171875
Memory cached:  4.0
--------------------  Trial  28   --------------------
Start timing: 
Parameters: 
{'log_learning_rate': -3.4261353931224403, 'log_learning_rate_D': -4.523034419805349, 'log_learning_rate_D_dagger': -1.546785259751029, 'training_batch_size': 7, 'training_p': 6}
	 epoch  0 training error:  tensor(27.6745, grad_fn=<ToCopyBackward0>)
Memory status after this epoch: 
Memory allocated:  1.84228515625
Memory cached:  4.0
	 epoch  10 training error:  tensor(0.9139, grad_fn=<ToCopyBackward0>)
Memory status after this epoch: 
Memory allocated:  1.84228515625
Memory cached:  4.0
	 epoch  20 training error:  tensor(0.6658, grad_fn=<ToCopyBackward0>)
Memory status after this epoch: 
Memory allocated:  1.84228515625
Memory cached:  4.0
	 epoch  30 training error:  tensor(0.6081, grad_fn=<ToCopyBackward0>)
Memory status after this epoch: 
Memory allocated:  1.84228515625
Memory cached:  4.0
	 epoch  40 training error:  tensor(0.5366, grad_fn=<ToCopyBackward0>)
Memory status after this epoch: 
Memory allocated:  1.84228515625
Memory cached:  4.0
	 epoch  50 training error:  tensor(0.5383, grad_fn=<ToCopyBackward0>)
Memory status after this epoch: 
Memory allocated:  1.84228515625
Memory cached:  4.0
	 epoch  60 training error:  tensor(0.5069, grad_fn=<ToCopyBackward0>)
Memory status after this epoch: 
Memory allocated:  1.84228515625
Memory cached:  4.0
	 epoch  70 training error:  tensor(0.5045, grad_fn=<ToCopyBackward0>)
Memory status after this epoch: 
Memory allocated:  1.84228515625
Memory cached:  4.0
	 epoch  80 training error:  tensor(0.5047, grad_fn=<ToCopyBackward0>)
Memory status after this epoch: 
Memory allocated:  1.84228515625
Memory cached:  4.0
	 epoch  90 training error:  tensor(0.5046, grad_fn=<ToCopyBackward0>)
Memory status after this epoch: 
Memory allocated:  1.84228515625
Memory cached:  4.0
[I 2024-03-11 17:10:51,682] Trial 28 finished with value: 0.40433913469314575 and parameters: {'log_learning_rate': -3.4261353931224403, 'log_learning_rate_D': -4.523034419805349, 'log_learning_rate_D_dagger': -1.546785259751029, 'training_batch_size': 7, 'training_p': 6}. Best is trial 27 with value: 0.3914168179035187.
Time for this trial:  276.57550835609436
Memory status after this trial: 
Memory allocated:  3.3525390625
Memory cached:  4.0
--------------------  Trial  29   --------------------
Start timing: 
Parameters: 
{'log_learning_rate': -3.1225530877518373, 'log_learning_rate_D': -4.54307075810165, 'log_learning_rate_D_dagger': -1.7983343390820847, 'training_batch_size': 6, 'training_p': 7}
	 epoch  0 training error:  tensor(67.7753, grad_fn=<ToCopyBackward0>)
Memory status after this epoch: 
Memory allocated:  1.94189453125
Memory cached:  4.0
	 epoch  10 training error:  tensor(1.7013, grad_fn=<ToCopyBackward0>)
Memory status after this epoch: 
Memory allocated:  1.94189453125
Memory cached:  4.0
	 epoch  20 training error:  tensor(0.6526, grad_fn=<ToCopyBackward0>)
Memory status after this epoch: 
Memory allocated:  1.94189453125
Memory cached:  4.0
	 epoch  30 training error:  tensor(0.6014, grad_fn=<ToCopyBackward0>)
Memory status after this epoch: 
Memory allocated:  1.94189453125
Memory cached:  4.0
	 epoch  40 training error:  tensor(0.5915, grad_fn=<ToCopyBackward0>)
Memory status after this epoch: 
Memory allocated:  1.94189453125
Memory cached:  4.0
	 epoch  50 training error:  tensor(0.5844, grad_fn=<ToCopyBackward0>)
Memory status after this epoch: 
Memory allocated:  1.94189453125
Memory cached:  4.0
	 epoch  60 training error:  tensor(0.5770, grad_fn=<ToCopyBackward0>)
Memory status after this epoch: 
Memory allocated:  1.94189453125
Memory cached:  4.0
	 epoch  70 training error:  tensor(0.5702, grad_fn=<ToCopyBackward0>)
Memory status after this epoch: 
Memory allocated:  1.94189453125
Memory cached:  4.0
	 epoch  80 training error:  tensor(0.5658, grad_fn=<ToCopyBackward0>)
Memory status after this epoch: 
Memory allocated:  1.94189453125
Memory cached:  4.0
	 epoch  90 training error:  tensor(0.5625, grad_fn=<ToCopyBackward0>)
Memory status after this epoch: 
Memory allocated:  1.94189453125
Memory cached:  4.0
[I 2024-03-11 17:18:24,137] Trial 29 finished with value: 0.4696151316165924 and parameters: {'log_learning_rate': -3.1225530877518373, 'log_learning_rate_D': -4.54307075810165, 'log_learning_rate_D_dagger': -1.7983343390820847, 'training_batch_size': 6, 'training_p': 7}. Best is trial 27 with value: 0.3914168179035187.
Time for this trial:  452.1917905807495
Memory status after this trial: 
Memory allocated:  3.4521484375
Memory cached:  4.0
--------------------  Trial  30   --------------------
Start timing: 
Parameters: 
{'log_learning_rate': -3.0394354077446866, 'log_learning_rate_D': -4.0804333043869745, 'log_learning_rate_D_dagger': -1.4522954149496303, 'training_batch_size': 7, 'training_p': 8}
	 epoch  0 training error:  tensor(149.6924, grad_fn=<ToCopyBackward0>)
Memory status after this epoch: 
Memory allocated:  1.84228515625
Memory cached:  4.0
	 epoch  10 training error:  tensor(1.6494, grad_fn=<ToCopyBackward0>)
Memory status after this epoch: 
Memory allocated:  1.84228515625
Memory cached:  4.0
	 epoch  20 training error:  tensor(1.0507, grad_fn=<ToCopyBackward0>)
Memory status after this epoch: 
Memory allocated:  1.84228515625
Memory cached:  4.0
	 epoch  30 training error:  tensor(0.6650, grad_fn=<ToCopyBackward0>)
Memory status after this epoch: 
Memory allocated:  1.84228515625
Memory cached:  4.0
	 epoch  40 training error:  tensor(0.5850, grad_fn=<ToCopyBackward0>)
Memory status after this epoch: 
Memory allocated:  1.84228515625
Memory cached:  4.0
	 epoch  50 training error:  tensor(0.5706, grad_fn=<ToCopyBackward0>)
Memory status after this epoch: 
Memory allocated:  1.84228515625
Memory cached:  4.0
	 epoch  60 training error:  tensor(0.5628, grad_fn=<ToCopyBackward0>)
Memory status after this epoch: 
Memory allocated:  1.84228515625
Memory cached:  4.0
	 epoch  70 training error:  tensor(0.5580, grad_fn=<ToCopyBackward0>)
Memory status after this epoch: 
Memory allocated:  1.84228515625
Memory cached:  4.0
	 epoch  80 training error:  tensor(0.5555, grad_fn=<ToCopyBackward0>)
Memory status after this epoch: 
Memory allocated:  1.84228515625
Memory cached:  4.0
	 epoch  90 training error:  tensor(0.5538, grad_fn=<ToCopyBackward0>)
Memory status after this epoch: 
Memory allocated:  1.84228515625
Memory cached:  4.0
[I 2024-03-11 17:23:02,694] Trial 30 finished with value: 0.4485325813293457 and parameters: {'log_learning_rate': -3.0394354077446866, 'log_learning_rate_D': -4.0804333043869745, 'log_learning_rate_D_dagger': -1.4522954149496303, 'training_batch_size': 7, 'training_p': 8}. Best is trial 27 with value: 0.3914168179035187.
Time for this trial:  278.3249752521515
Memory status after this trial: 
Memory allocated:  3.3525390625
Memory cached:  4.0
--------------------  Trial  31   --------------------
Start timing: 
Parameters: 
{'log_learning_rate': -2.3190666413514984, 'log_learning_rate_D': -4.650343313089484, 'log_learning_rate_D_dagger': -1.019573187576182, 'training_batch_size': 9, 'training_p': 6}
	 epoch  0 training error:  tensor(96.8635, grad_fn=<ToCopyBackward0>)
Memory status after this epoch: 
Memory allocated:  1.93994140625
Memory cached:  8.0
	 epoch  10 training error:  tensor(7.9122, grad_fn=<ToCopyBackward0>)
Memory status after this epoch: 
Memory allocated:  1.93994140625
Memory cached:  8.0
	 epoch  20 training error:  tensor(2.5144, grad_fn=<ToCopyBackward0>)
Memory status after this epoch: 
Memory allocated:  1.93994140625
Memory cached:  8.0
	 epoch  30 training error:  tensor(1.1537, grad_fn=<ToCopyBackward0>)
Memory status after this epoch: 
Memory allocated:  1.93994140625
Memory cached:  8.0
	 epoch  40 training error:  tensor(3.8911, grad_fn=<ToCopyBackward0>)
Memory status after this epoch: 
Memory allocated:  1.93994140625
Memory cached:  8.0
	 epoch  50 training error:  tensor(0.9129, grad_fn=<ToCopyBackward0>)
Memory status after this epoch: 
Memory allocated:  1.93994140625
Memory cached:  8.0
	 epoch  60 training error:  tensor(0.6115, grad_fn=<ToCopyBackward0>)
Memory status after this epoch: 
Memory allocated:  1.93994140625
Memory cached:  8.0
	 epoch  70 training error:  tensor(0.5339, grad_fn=<ToCopyBackward0>)
Memory status after this epoch: 
Memory allocated:  1.93994140625
Memory cached:  8.0
	 epoch  80 training error:  tensor(0.5243, grad_fn=<ToCopyBackward0>)
Memory status after this epoch: 
Memory allocated:  1.93994140625
Memory cached:  8.0
	 epoch  90 training error:  tensor(0.5123, grad_fn=<ToCopyBackward0>)
Memory status after this epoch: 
Memory allocated:  1.93994140625
Memory cached:  8.0
