[I 2024-01-03 15:21:55,899] Trial 21 finished with value: 0.3236410319805145 and parameters: {'W_layers': 3, 'W_layer_units_exponent_0': 7, 'W_layer_units_exponent_1': 5, 'W_layer_units_exponent_2': 6, 'D_layers': 6, 'D_layer_units_exponent_0': 10, 'D_layer_units_exponent_1': 8, 'D_layer_units_exponent_2': 10, 'D_layer_units_exponent_3': 4, 'D_layer_units_exponent_4': 10, 'D_layer_units_exponent_5': 9, 'D_dagger_layers': 4, 'D_dagger_layer_units_exponent_0': 8, 'D_dagger_layer_units_exponent_1': 5, 'D_dagger_layer_units_exponent_2': 5, 'D_dagger_layer_units_exponent_3': 5, 'log_learning_rate': -4.46325254373077, 'log_learning_rate_D': -3.7532343818886833, 'log_learning_rate_D_dagger': -1.4544157119938137, 'training_batch_size': 8, 'training_p': 3}. Best is trial 15 with value: 0.2614690661430359.
Time for this trial:  189.1100513935089
Memory status after this trial: 
Memory allocated:  548.71826171875
Memory cached:  562.0
--------------------  Trial  22   --------------------
Start timing: 
Parameters: 
{'W_layers': 4, 'W_layer_units_exponent_0': 7, 'W_layer_units_exponent_1': 4, 'W_layer_units_exponent_2': 5, 'W_layer_units_exponent_3': 7, 'D_layers': 7, 'D_layer_units_exponent_0': 8, 'D_layer_units_exponent_1': 9, 'D_layer_units_exponent_2': 7, 'D_layer_units_exponent_3': 6, 'D_layer_units_exponent_4': 6, 'D_layer_units_exponent_5': 5, 'D_layer_units_exponent_6': 4, 'D_dagger_layers': 3, 'D_dagger_layer_units_exponent_0': 9, 'D_dagger_layer_units_exponent_1': 5, 'D_dagger_layer_units_exponent_2': 6, 'log_learning_rate': -4.46230382805785, 'log_learning_rate_D': -4.989434815558395, 'log_learning_rate_D_dagger': -1.450385934023077, 'training_batch_size': 7, 'training_p': 2}
	 epoch  0 training error:  tensor(0.9790, device='cuda:0', grad_fn=<DivBackward0>)
Memory status after this epoch: 
Memory allocated:  313.47314453125
Memory cached:  530.0
	 epoch  10 training error:  tensor(0.8676, device='cuda:0', grad_fn=<DivBackward0>)
Memory status after this epoch: 
Memory allocated:  313.47314453125
Memory cached:  576.0
	 epoch  20 training error:  tensor(0.5633, device='cuda:0', grad_fn=<DivBackward0>)
Memory status after this epoch: 
Memory allocated:  313.47314453125
Memory cached:  578.0
	 epoch  30 training error:  tensor(0.4160, device='cuda:0', grad_fn=<DivBackward0>)
Memory status after this epoch: 
Memory allocated:  313.47314453125
Memory cached:  574.0
	 epoch  40 training error:  tensor(0.3332, device='cuda:0', grad_fn=<DivBackward0>)
Memory status after this epoch: 
Memory allocated:  313.47314453125
Memory cached:  586.0
	 epoch  50 training error:  tensor(0.3090, device='cuda:0', grad_fn=<DivBackward0>)
Memory status after this epoch: 
Memory allocated:  313.47314453125
Memory cached:  576.0
	 epoch  60 training error:  tensor(0.2907, device='cuda:0', grad_fn=<DivBackward0>)
Memory status after this epoch: 
Memory allocated:  313.47314453125
Memory cached:  574.0
	 epoch  70 training error:  tensor(0.3132, device='cuda:0', grad_fn=<DivBackward0>)
Memory status after this epoch: 
Memory allocated:  313.47314453125
Memory cached:  578.0
	 epoch  80 training error:  tensor(0.3512, device='cuda:0', grad_fn=<DivBackward0>)
Memory status after this epoch: 
Memory allocated:  313.47314453125
Memory cached:  570.0
	 epoch  90 training error:  tensor(0.3373, device='cuda:0', grad_fn=<DivBackward0>)
Memory status after this epoch: 
Memory allocated:  313.47314453125
Memory cached:  578.0
[I 2024-01-03 15:24:57,267] Trial 22 finished with value: 0.34328293800354004 and parameters: {'W_layers': 4, 'W_layer_units_exponent_0': 7, 'W_layer_units_exponent_1': 4, 'W_layer_units_exponent_2': 5, 'W_layer_units_exponent_3': 7, 'D_layers': 7, 'D_layer_units_exponent_0': 8, 'D_layer_units_exponent_1': 9, 'D_layer_units_exponent_2': 7, 'D_layer_units_exponent_3': 6, 'D_layer_units_exponent_4': 6, 'D_layer_units_exponent_5': 5, 'D_layer_units_exponent_6': 4, 'D_dagger_layers': 3, 'D_dagger_layer_units_exponent_0': 9, 'D_dagger_layer_units_exponent_1': 5, 'D_dagger_layer_units_exponent_2': 6, 'log_learning_rate': -4.46230382805785, 'log_learning_rate_D': -4.989434815558395, 'log_learning_rate_D_dagger': -1.450385934023077, 'training_batch_size': 7, 'training_p': 2}. Best is trial 15 with value: 0.2614690661430359.
Time for this trial:  180.98637914657593
Memory status after this trial: 
Memory allocated:  416.02392578125
Memory cached:  536.0
--------------------  Trial  23   --------------------
Start timing: 
Parameters: 
{'W_layers': 3, 'W_layer_units_exponent_0': 6, 'W_layer_units_exponent_1': 5, 'W_layer_units_exponent_2': 8, 'D_layers': 4, 'D_layer_units_exponent_0': 9, 'D_layer_units_exponent_1': 8, 'D_layer_units_exponent_2': 4, 'D_layer_units_exponent_3': 6, 'D_dagger_layers': 5, 'D_dagger_layer_units_exponent_0': 8, 'D_dagger_layer_units_exponent_1': 8, 'D_dagger_layer_units_exponent_2': 4, 'D_dagger_layer_units_exponent_3': 7, 'D_dagger_layer_units_exponent_4': 5, 'log_learning_rate': -4.063622775083285, 'log_learning_rate_D': -4.0674177448711, 'log_learning_rate_D_dagger': -1.6041826289563481, 'training_batch_size': 8, 'training_p': 3}
	 epoch  0 training error:  tensor(1.0354, device='cuda:0', grad_fn=<DivBackward0>)
Memory status after this epoch: 
Memory allocated:  313.24853515625
Memory cached:  538.0
	 epoch  10 training error:  tensor(0.7325, device='cuda:0', grad_fn=<DivBackward0>)
Memory status after this epoch: 
Memory allocated:  313.24853515625
Memory cached:  566.0
	 epoch  20 training error:  tensor(0.4322, device='cuda:0', grad_fn=<DivBackward0>)
Memory status after this epoch: 
Memory allocated:  313.24853515625
Memory cached:  570.0
	 epoch  30 training error:  tensor(0.5032, device='cuda:0', grad_fn=<DivBackward0>)
Memory status after this epoch: 
Memory allocated:  313.24853515625
Memory cached:  568.0
	 epoch  40 training error:  tensor(0.3994, device='cuda:0', grad_fn=<DivBackward0>)
Memory status after this epoch: 
Memory allocated:  313.24853515625
Memory cached:  578.0
	 epoch  50 training error:  tensor(0.4058, device='cuda:0', grad_fn=<DivBackward0>)
Memory status after this epoch: 
Memory allocated:  313.24853515625
Memory cached:  570.0
	 epoch  60 training error:  tensor(0.3956, device='cuda:0', grad_fn=<DivBackward0>)
Memory status after this epoch: 
Memory allocated:  313.24853515625
Memory cached:  574.0
	 epoch  70 training error:  tensor(0.3780, device='cuda:0', grad_fn=<DivBackward0>)
Memory status after this epoch: 
Memory allocated:  313.24853515625
Memory cached:  574.0
	 epoch  80 training error:  tensor(0.3762, device='cuda:0', grad_fn=<DivBackward0>)
Memory status after this epoch: 
Memory allocated:  313.24853515625
Memory cached:  582.0
	 epoch  90 training error:  tensor(0.3859, device='cuda:0', grad_fn=<DivBackward0>)
Memory status after this epoch: 
Memory allocated:  313.24853515625
Memory cached:  566.0
[I 2024-01-03 15:27:42,939] Trial 23 finished with value: 0.3355836868286133 and parameters: {'W_layers': 3, 'W_layer_units_exponent_0': 6, 'W_layer_units_exponent_1': 5, 'W_layer_units_exponent_2': 8, 'D_layers': 4, 'D_layer_units_exponent_0': 9, 'D_layer_units_exponent_1': 8, 'D_layer_units_exponent_2': 4, 'D_layer_units_exponent_3': 6, 'D_dagger_layers': 5, 'D_dagger_layer_units_exponent_0': 8, 'D_dagger_layer_units_exponent_1': 8, 'D_dagger_layer_units_exponent_2': 4, 'D_dagger_layer_units_exponent_3': 7, 'D_dagger_layer_units_exponent_4': 5, 'log_learning_rate': -4.063622775083285, 'log_learning_rate_D': -4.0674177448711, 'log_learning_rate_D_dagger': -1.6041826289563481, 'training_batch_size': 8, 'training_p': 3}. Best is trial 15 with value: 0.2614690661430359.
Time for this trial:  165.3361210823059
Memory status after this trial: 
Memory allocated:  409.83349609375
Memory cached:  532.0
--------------------  Trial  24   --------------------
Start timing: 
Parameters: 
{'W_layers': 5, 'W_layer_units_exponent_0': 9, 'W_layer_units_exponent_1': 6, 'W_layer_units_exponent_2': 7, 'W_layer_units_exponent_3': 4, 'W_layer_units_exponent_4': 7, 'D_layers': 8, 'D_layer_units_exponent_0': 10, 'D_layer_units_exponent_1': 7, 'D_layer_units_exponent_2': 9, 'D_layer_units_exponent_3': 4, 'D_layer_units_exponent_4': 6, 'D_layer_units_exponent_5': 9, 'D_layer_units_exponent_6': 10, 'D_layer_units_exponent_7': 8, 'D_dagger_layers': 3, 'D_dagger_layer_units_exponent_0': 7, 'D_dagger_layer_units_exponent_1': 6, 'D_dagger_layer_units_exponent_2': 8, 'log_learning_rate': -4.609533812593746, 'log_learning_rate_D': -4.455090964837892, 'log_learning_rate_D_dagger': -2.145329368248088, 'training_batch_size': 9, 'training_p': 4}
	 epoch  0 training error:  tensor(0.9604, device='cuda:0', grad_fn=<DivBackward0>)
Memory status after this epoch: 
Memory allocated:  326.63330078125
Memory cached:  532.0
	 epoch  10 training error:  tensor(0.4773, device='cuda:0', grad_fn=<DivBackward0>)
Memory status after this epoch: 
Memory allocated:  326.63330078125
Memory cached:  588.0
	 epoch  20 training error:  tensor(0.4712, device='cuda:0', grad_fn=<DivBackward0>)
Memory status after this epoch: 
Memory allocated:  326.63330078125
Memory cached:  596.0
	 epoch  30 training error:  tensor(0.4497, device='cuda:0', grad_fn=<DivBackward0>)
Memory status after this epoch: 
Memory allocated:  326.63330078125
Memory cached:  592.0
	 epoch  40 training error:  tensor(0.4425, device='cuda:0', grad_fn=<DivBackward0>)
Memory status after this epoch: 
Memory allocated:  326.63330078125
Memory cached:  590.0
	 epoch  50 training error:  tensor(0.4375, device='cuda:0', grad_fn=<DivBackward0>)
Memory status after this epoch: 
Memory allocated:  326.63330078125
Memory cached:  590.0
	 epoch  60 training error:  tensor(0.4574, device='cuda:0', grad_fn=<DivBackward0>)
Memory status after this epoch: 
Memory allocated:  326.63330078125
Memory cached:  584.0
	 epoch  70 training error:  tensor(0.4515, device='cuda:0', grad_fn=<DivBackward0>)
Memory status after this epoch: 
Memory allocated:  326.63330078125
Memory cached:  580.0
	 epoch  80 training error:  tensor(0.4413, device='cuda:0', grad_fn=<DivBackward0>)
Memory status after this epoch: 
Memory allocated:  326.63330078125
Memory cached:  586.0
	 epoch  90 training error:  tensor(0.4375, device='cuda:0', grad_fn=<DivBackward0>)
Memory status after this epoch: 
Memory allocated:  326.63330078125
Memory cached:  588.0
[I 2024-01-03 15:31:17,650] Trial 24 finished with value: 0.3446347415447235 and parameters: {'W_layers': 5, 'W_layer_units_exponent_0': 9, 'W_layer_units_exponent_1': 6, 'W_layer_units_exponent_2': 7, 'W_layer_units_exponent_3': 4, 'W_layer_units_exponent_4': 7, 'D_layers': 8, 'D_layer_units_exponent_0': 10, 'D_layer_units_exponent_1': 7, 'D_layer_units_exponent_2': 9, 'D_layer_units_exponent_3': 4, 'D_layer_units_exponent_4': 6, 'D_layer_units_exponent_5': 9, 'D_layer_units_exponent_6': 10, 'D_layer_units_exponent_7': 8, 'D_dagger_layers': 3, 'D_dagger_layer_units_exponent_0': 7, 'D_dagger_layer_units_exponent_1': 6, 'D_dagger_layer_units_exponent_2': 8, 'log_learning_rate': -4.609533812593746, 'log_learning_rate_D': -4.455090964837892, 'log_learning_rate_D_dagger': -2.145329368248088, 'training_batch_size': 9, 'training_p': 4}. Best is trial 15 with value: 0.2614690661430359.
Time for this trial:  214.25467038154602
Memory status after this trial: 
Memory allocated:  570.13427734375
Memory cached:  584.0
--------------------  Trial  25   --------------------
Start timing: 
Parameters: 
{'W_layers': 2, 'W_layer_units_exponent_0': 6, 'W_layer_units_exponent_1': 4, 'D_layers': 4, 'D_layer_units_exponent_0': 9, 'D_layer_units_exponent_1': 9, 'D_layer_units_exponent_2': 8, 'D_layer_units_exponent_3': 5, 'D_dagger_layers': 6, 'D_dagger_layer_units_exponent_0': 9, 'D_dagger_layer_units_exponent_1': 4, 'D_dagger_layer_units_exponent_2': 7, 'D_dagger_layer_units_exponent_3': 9, 'D_dagger_layer_units_exponent_4': 7, 'D_dagger_layer_units_exponent_5': 6, 'log_learning_rate': -4.669819594224825, 'log_learning_rate_D': -3.465621523237777, 'log_learning_rate_D_dagger': -1.2552579852047148, 'training_batch_size': 8, 'training_p': 2}
	 epoch  0 training error:  tensor(0.7396, device='cuda:0', grad_fn=<DivBackward0>)
Memory status after this epoch: 
Memory allocated:  318.30908203125
Memory cached:  536.0
	 epoch  10 training error:  tensor(110.7926, device='cuda:0', grad_fn=<DivBackward0>)
Memory status after this epoch: 
Memory allocated:  318.30908203125
Memory cached:  582.0
	 epoch  20 training error:  tensor(7.9437, device='cuda:0', grad_fn=<DivBackward0>)
Memory status after this epoch: 
Memory allocated:  318.30908203125
Memory cached:  576.0
	 epoch  30 training error:  tensor(1.0314, device='cuda:0', grad_fn=<DivBackward0>)
Memory status after this epoch: 
Memory allocated:  318.30908203125
Memory cached:  586.0
	 epoch  40 training error:  tensor(0.7823, device='cuda:0', grad_fn=<DivBackward0>)
Memory status after this epoch: 
Memory allocated:  318.30908203125
Memory cached:  590.0
	 epoch  50 training error:  tensor(0.7281, device='cuda:0', grad_fn=<DivBackward0>)
Memory status after this epoch: 
Memory allocated:  318.30908203125
Memory cached:  582.0
	 epoch  60 training error:  tensor(0.7151, device='cuda:0', grad_fn=<DivBackward0>)
Memory status after this epoch: 
Memory allocated:  318.30908203125
Memory cached:  568.0
	 epoch  70 training error:  tensor(0.6998, device='cuda:0', grad_fn=<DivBackward0>)
Memory status after this epoch: 
Memory allocated:  318.30908203125
Memory cached:  578.0
	 epoch  80 training error:  tensor(0.6838, device='cuda:0', grad_fn=<DivBackward0>)
Memory status after this epoch: 
Memory allocated:  318.30908203125
Memory cached:  572.0
	 epoch  90 training error:  tensor(0.6679, device='cuda:0', grad_fn=<DivBackward0>)
Memory status after this epoch: 
Memory allocated:  318.30908203125
Memory cached:  582.0
[I 2024-01-03 15:34:09,770] Trial 25 finished with value: 0.7015511989593506 and parameters: {'W_layers': 2, 'W_layer_units_exponent_0': 6, 'W_layer_units_exponent_1': 4, 'D_layers': 4, 'D_layer_units_exponent_0': 9, 'D_layer_units_exponent_1': 9, 'D_layer_units_exponent_2': 8, 'D_layer_units_exponent_3': 5, 'D_dagger_layers': 6, 'D_dagger_layer_units_exponent_0': 9, 'D_dagger_layer_units_exponent_1': 4, 'D_dagger_layer_units_exponent_2': 7, 'D_dagger_layer_units_exponent_3': 9, 'D_dagger_layer_units_exponent_4': 7, 'D_dagger_layer_units_exponent_5': 6, 'log_learning_rate': -4.669819594224825, 'log_learning_rate_D': -3.465621523237777, 'log_learning_rate_D_dagger': -1.2552579852047148, 'training_batch_size': 8, 'training_p': 2}. Best is trial 15 with value: 0.2614690661430359.
Time for this trial:  171.69208979606628
Memory status after this trial: 
Memory allocated:  460.064453125
Memory cached:  542.0
--------------------  Trial  26   --------------------
Start timing: 
Parameters: 
{'W_layers': 4, 'W_layer_units_exponent_0': 8, 'W_layer_units_exponent_1': 5, 'W_layer_units_exponent_2': 6, 'W_layer_units_exponent_3': 7, 'D_layers': 6, 'D_layer_units_exponent_0': 8, 'D_layer_units_exponent_1': 7, 'D_layer_units_exponent_2': 10, 'D_layer_units_exponent_3': 7, 'D_layer_units_exponent_4': 5, 'D_layer_units_exponent_5': 7, 'D_dagger_layers': 8, 'D_dagger_layer_units_exponent_0': 8, 'D_dagger_layer_units_exponent_1': 10, 'D_dagger_layer_units_exponent_2': 5, 'D_dagger_layer_units_exponent_3': 6, 'D_dagger_layer_units_exponent_4': 4, 'D_dagger_layer_units_exponent_5': 8, 'D_dagger_layer_units_exponent_6': 8, 'D_dagger_layer_units_exponent_7': 4, 'log_learning_rate': -4.368521784297279, 'log_learning_rate_D': -2.8813117959468277, 'log_learning_rate_D_dagger': -1.7211953007354213, 'training_batch_size': 10, 'training_p': 3}
	 epoch  0 training error:  tensor(1.1077, device='cuda:0', grad_fn=<DivBackward0>)
Memory status after this epoch: 
Memory allocated:  320.45556640625
Memory cached:  530.0
	 epoch  10 training error:  tensor(1.0626, device='cuda:0', grad_fn=<DivBackward0>)
Memory status after this epoch: 
Memory allocated:  320.45556640625
Memory cached:  580.0
	 epoch  20 training error:  tensor(0.9151, device='cuda:0', grad_fn=<DivBackward0>)
Memory status after this epoch: 
Memory allocated:  320.45556640625
Memory cached:  584.0
	 epoch  30 training error:  tensor(0.9135, device='cuda:0', grad_fn=<DivBackward0>)
Memory status after this epoch: 
Memory allocated:  320.45556640625
Memory cached:  584.0
	 epoch  40 training error:  tensor(0.8245, device='cuda:0', grad_fn=<DivBackward0>)
Memory status after this epoch: 
Memory allocated:  320.45556640625
Memory cached:  586.0
	 epoch  50 training error:  tensor(0.7206, device='cuda:0', grad_fn=<DivBackward0>)
Memory status after this epoch: 
Memory allocated:  320.45556640625
Memory cached:  582.0
	 epoch  60 training error:  tensor(0.6144, device='cuda:0', grad_fn=<DivBackward0>)
Memory status after this epoch: 
Memory allocated:  320.45556640625
Memory cached:  588.0
	 epoch  70 training error:  tensor(0.5155, device='cuda:0', grad_fn=<DivBackward0>)
Memory status after this epoch: 
Memory allocated:  320.45556640625
Memory cached:  582.0
	 epoch  80 training error:  tensor(0.4900, device='cuda:0', grad_fn=<DivBackward0>)
Memory status after this epoch: 
Memory allocated:  320.45556640625
Memory cached:  580.0
	 epoch  90 training error:  tensor(0.4939, device='cuda:0', grad_fn=<DivBackward0>)
Memory status after this epoch: 
Memory allocated:  320.45556640625
Memory cached:  592.0
[I 2024-01-03 15:37:55,082] Trial 26 finished with value: 0.5107752680778503 and parameters: {'W_layers': 4, 'W_layer_units_exponent_0': 8, 'W_layer_units_exponent_1': 5, 'W_layer_units_exponent_2': 6, 'W_layer_units_exponent_3': 7, 'D_layers': 6, 'D_layer_units_exponent_0': 8, 'D_layer_units_exponent_1': 7, 'D_layer_units_exponent_2': 10, 'D_layer_units_exponent_3': 7, 'D_layer_units_exponent_4': 5, 'D_layer_units_exponent_5': 7, 'D_dagger_layers': 8, 'D_dagger_layer_units_exponent_0': 8, 'D_dagger_layer_units_exponent_1': 10, 'D_dagger_layer_units_exponent_2': 5, 'D_dagger_layer_units_exponent_3': 6, 'D_dagger_layer_units_exponent_4': 4, 'D_dagger_layer_units_exponent_5': 8, 'D_dagger_layer_units_exponent_6': 8, 'D_dagger_layer_units_exponent_7': 4, 'log_learning_rate': -4.368521784297279, 'log_learning_rate_D': -2.8813117959468277, 'log_learning_rate_D_dagger': -1.7211953007354213, 'training_batch_size': 10, 'training_p': 3}. Best is trial 15 with value: 0.2614690661430359.
Time for this trial:  224.85950303077698
Memory status after this trial: 
Memory allocated:  531.49658203125
Memory cached:  550.0
--------------------  Trial  27   --------------------
Start timing: 
Parameters: 
{'W_layers': 3, 'W_layer_units_exponent_0': 7, 'W_layer_units_exponent_1': 7, 'W_layer_units_exponent_2': 5, 'D_layers': 7, 'D_layer_units_exponent_0': 9, 'D_layer_units_exponent_1': 8, 'D_layer_units_exponent_2': 7, 'D_layer_units_exponent_3': 6, 'D_layer_units_exponent_4': 4, 'D_layer_units_exponent_5': 9, 'D_layer_units_exponent_6': 6, 'D_dagger_layers': 4, 'D_dagger_layer_units_exponent_0': 7, 'D_dagger_layer_units_exponent_1': 7, 'D_dagger_layer_units_exponent_2': 6, 'D_dagger_layer_units_exponent_3': 9, 'log_learning_rate': -4.994596017043534, 'log_learning_rate_D': -3.9079064485740322, 'log_learning_rate_D_dagger': -2.040294222882956, 'training_batch_size': 7, 'training_p': 5}
	 epoch  0 training error:  tensor(1.0959, device='cuda:0', grad_fn=<DivBackward0>)
Memory status after this epoch: 
Memory allocated:  314.31494140625
Memory cached:  526.0
	 epoch  10 training error:  tensor(0.6410, device='cuda:0', grad_fn=<DivBackward0>)
Memory status after this epoch: 
Memory allocated:  314.31494140625
Memory cached:  580.0
	 epoch  20 training error:  tensor(0.6549, device='cuda:0', grad_fn=<DivBackward0>)
Memory status after this epoch: 
Memory allocated:  314.31494140625
Memory cached:  590.0
	 epoch  30 training error:  tensor(0.4847, device='cuda:0', grad_fn=<DivBackward0>)
Memory status after this epoch: 
Memory allocated:  314.31494140625
Memory cached:  578.0
	 epoch  40 training error:  tensor(0.5456, device='cuda:0', grad_fn=<DivBackward0>)
Memory status after this epoch: 
Memory allocated:  314.31494140625
Memory cached:  582.0
	 epoch  50 training error:  tensor(0.5356, device='cuda:0', grad_fn=<DivBackward0>)
Memory status after this epoch: 
Memory allocated:  314.31494140625
Memory cached:  576.0
	 epoch  60 training error:  tensor(0.4935, device='cuda:0', grad_fn=<DivBackward0>)
Memory status after this epoch: 
Memory allocated:  314.31494140625
Memory cached:  576.0
	 epoch  70 training error:  tensor(0.4799, device='cuda:0', grad_fn=<DivBackward0>)
Memory status after this epoch: 
Memory allocated:  314.31494140625
Memory cached:  590.0
	 epoch  80 training error:  tensor(0.4970, device='cuda:0', grad_fn=<DivBackward0>)
Memory status after this epoch: 
Memory allocated:  314.31494140625
Memory cached:  582.0
	 epoch  90 training error:  tensor(0.4804, device='cuda:0', grad_fn=<DivBackward0>)
Memory status after this epoch: 
Memory allocated:  314.31494140625
Memory cached:  586.0
