[I 2024-02-17 06:04:04,380] Trial 95 finished with value: 0.11470714956521988 and parameters: {'W_layers': 7, 'W_layer_units_exponent_0': 9, 'W_layer_units_exponent_1': 6, 'W_layer_units_exponent_2': 4, 'W_layer_units_exponent_3': 10, 'W_layer_units_exponent_4': 8, 'W_layer_units_exponent_5': 4, 'W_layer_units_exponent_6': 10, 'D_layers': 3, 'D_layer_units_exponent_0': 5, 'D_layer_units_exponent_1': 7, 'D_layer_units_exponent_2': 8, 'D_dagger_layers': 5, 'D_dagger_layer_units_exponent_0': 10, 'D_dagger_layer_units_exponent_1': 8, 'D_dagger_layer_units_exponent_2': 6, 'D_dagger_layer_units_exponent_3': 5, 'D_dagger_layer_units_exponent_4': 8, 'log_learning_rate': -4.264940327637165, 'log_learning_rate_D': -4.30608266704739, 'log_learning_rate_D_dagger': -2.640756203405412, 'training_batch_size': 6, 'training_p': 8}. Best is trial 45 with value: 0.03961218520998955.
Time for this trial:  846.0385036468506
Memory status after this trial: 
Memory allocated:  1771.40673828125
Memory cached:  1782.0
--------------------  Trial  96   --------------------
Start timing: 
Parameters: 
{'W_layers': 8, 'W_layer_units_exponent_0': 8, 'W_layer_units_exponent_1': 7, 'W_layer_units_exponent_2': 4, 'W_layer_units_exponent_3': 9, 'W_layer_units_exponent_4': 6, 'W_layer_units_exponent_5': 5, 'W_layer_units_exponent_6': 9, 'W_layer_units_exponent_7': 5, 'D_layers': 3, 'D_layer_units_exponent_0': 7, 'D_layer_units_exponent_1': 4, 'D_layer_units_exponent_2': 7, 'D_dagger_layers': 4, 'D_dagger_layer_units_exponent_0': 9, 'D_dagger_layer_units_exponent_1': 9, 'D_dagger_layer_units_exponent_2': 7, 'D_dagger_layer_units_exponent_3': 7, 'log_learning_rate': -4.020386100478284, 'log_learning_rate_D': -3.1954115326132766, 'log_learning_rate_D_dagger': -2.783387232200777, 'training_batch_size': 6, 'training_p': 7}
	 epoch  0 training error:  tensor(0.7290, device='cuda:0', grad_fn=<DivBackward0>)
Memory status after this epoch: 
Memory allocated:  761.0673828125
Memory cached:  1330.0
	 epoch  10 training error:  tensor(0.5409, device='cuda:0', grad_fn=<DivBackward0>)
Memory status after this epoch: 
Memory allocated:  761.0673828125
Memory cached:  1330.0
	 epoch  20 training error:  tensor(0.5046, device='cuda:0', grad_fn=<DivBackward0>)
Memory status after this epoch: 
Memory allocated:  761.0673828125
Memory cached:  1330.0
	 epoch  30 training error:  tensor(0.3128, device='cuda:0', grad_fn=<DivBackward0>)
Memory status after this epoch: 
Memory allocated:  761.0673828125
Memory cached:  1330.0
	 epoch  40 training error:  tensor(0.2144, device='cuda:0', grad_fn=<DivBackward0>)
Memory status after this epoch: 
Memory allocated:  761.0673828125
Memory cached:  1330.0
	 epoch  50 training error:  tensor(0.1691, device='cuda:0', grad_fn=<DivBackward0>)
Memory status after this epoch: 
Memory allocated:  761.0673828125
Memory cached:  1330.0
	 epoch  60 training error:  tensor(0.1332, device='cuda:0', grad_fn=<DivBackward0>)
Memory status after this epoch: 
Memory allocated:  761.0673828125
Memory cached:  1330.0
	 epoch  70 training error:  tensor(0.1388, device='cuda:0', grad_fn=<DivBackward0>)
Memory status after this epoch: 
Memory allocated:  761.0673828125
Memory cached:  1330.0
	 epoch  80 training error:  tensor(0.0973, device='cuda:0', grad_fn=<DivBackward0>)
Memory status after this epoch: 
Memory allocated:  761.0673828125
Memory cached:  1330.0
	 epoch  90 training error:  tensor(0.1082, device='cuda:0', grad_fn=<DivBackward0>)
Memory status after this epoch: 
Memory allocated:  761.0673828125
Memory cached:  1330.0
[I 2024-02-17 06:18:00,234] Trial 96 finished with value: 0.061847984790802 and parameters: {'W_layers': 8, 'W_layer_units_exponent_0': 8, 'W_layer_units_exponent_1': 7, 'W_layer_units_exponent_2': 4, 'W_layer_units_exponent_3': 9, 'W_layer_units_exponent_4': 6, 'W_layer_units_exponent_5': 5, 'W_layer_units_exponent_6': 9, 'W_layer_units_exponent_7': 5, 'D_layers': 3, 'D_layer_units_exponent_0': 7, 'D_layer_units_exponent_1': 4, 'D_layer_units_exponent_2': 7, 'D_dagger_layers': 4, 'D_dagger_layer_units_exponent_0': 9, 'D_dagger_layer_units_exponent_1': 9, 'D_dagger_layer_units_exponent_2': 7, 'D_dagger_layer_units_exponent_3': 7, 'log_learning_rate': -4.020386100478284, 'log_learning_rate_D': -3.1954115326132766, 'log_learning_rate_D_dagger': -2.783387232200777, 'training_batch_size': 6, 'training_p': 7}. Best is trial 45 with value: 0.03961218520998955.
Time for this trial:  835.3482995033264
Memory status after this trial: 
Memory allocated:  1411.72021484375
Memory cached:  1420.0
--------------------  Trial  97   --------------------
Start timing: 
Parameters: 
{'W_layers': 4, 'W_layer_units_exponent_0': 8, 'W_layer_units_exponent_1': 7, 'W_layer_units_exponent_2': 8, 'W_layer_units_exponent_3': 8, 'D_layers': 4, 'D_layer_units_exponent_0': 7, 'D_layer_units_exponent_1': 4, 'D_layer_units_exponent_2': 7, 'D_layer_units_exponent_3': 5, 'D_dagger_layers': 5, 'D_dagger_layer_units_exponent_0': 9, 'D_dagger_layer_units_exponent_1': 9, 'D_dagger_layer_units_exponent_2': 7, 'D_dagger_layer_units_exponent_3': 4, 'D_dagger_layer_units_exponent_4': 4, 'log_learning_rate': -4.021054808947151, 'log_learning_rate_D': -3.302621821206375, 'log_learning_rate_D_dagger': -3.0652942721803065, 'training_batch_size': 6, 'training_p': 7}
	 epoch  0 training error:  tensor(0.7332, device='cuda:0', grad_fn=<DivBackward0>)
Memory status after this epoch: 
Memory allocated:  761.2177734375
Memory cached:  1330.0
	 epoch  10 training error:  tensor(0.5276, device='cuda:0', grad_fn=<DivBackward0>)
Memory status after this epoch: 
Memory allocated:  761.2177734375
Memory cached:  1330.0
	 epoch  20 training error:  tensor(0.5197, device='cuda:0', grad_fn=<DivBackward0>)
Memory status after this epoch: 
Memory allocated:  761.2177734375
Memory cached:  1330.0
	 epoch  30 training error:  tensor(0.4931, device='cuda:0', grad_fn=<DivBackward0>)
Memory status after this epoch: 
Memory allocated:  761.2177734375
Memory cached:  1330.0
	 epoch  40 training error:  tensor(0.2668, device='cuda:0', grad_fn=<DivBackward0>)
Memory status after this epoch: 
Memory allocated:  761.2177734375
Memory cached:  1330.0
	 epoch  50 training error:  tensor(0.2186, device='cuda:0', grad_fn=<DivBackward0>)
Memory status after this epoch: 
Memory allocated:  761.2177734375
Memory cached:  1330.0
	 epoch  60 training error:  tensor(0.1759, device='cuda:0', grad_fn=<DivBackward0>)
Memory status after this epoch: 
Memory allocated:  761.2177734375
Memory cached:  1330.0
	 epoch  70 training error:  tensor(0.1420, device='cuda:0', grad_fn=<DivBackward0>)
Memory status after this epoch: 
Memory allocated:  761.2177734375
Memory cached:  1330.0
	 epoch  80 training error:  tensor(0.1090, device='cuda:0', grad_fn=<DivBackward0>)
Memory status after this epoch: 
Memory allocated:  761.2177734375
Memory cached:  1330.0
	 epoch  90 training error:  tensor(0.0898, device='cuda:0', grad_fn=<DivBackward0>)
Memory status after this epoch: 
Memory allocated:  761.2177734375
Memory cached:  1330.0
[I 2024-02-17 06:30:41,599] Trial 97 finished with value: 0.07529894262552261 and parameters: {'W_layers': 4, 'W_layer_units_exponent_0': 8, 'W_layer_units_exponent_1': 7, 'W_layer_units_exponent_2': 8, 'W_layer_units_exponent_3': 8, 'D_layers': 4, 'D_layer_units_exponent_0': 7, 'D_layer_units_exponent_1': 4, 'D_layer_units_exponent_2': 7, 'D_layer_units_exponent_3': 5, 'D_dagger_layers': 5, 'D_dagger_layer_units_exponent_0': 9, 'D_dagger_layer_units_exponent_1': 9, 'D_dagger_layer_units_exponent_2': 7, 'D_dagger_layer_units_exponent_3': 4, 'D_dagger_layer_units_exponent_4': 4, 'log_learning_rate': -4.021054808947151, 'log_learning_rate_D': -3.302621821206375, 'log_learning_rate_D_dagger': -3.0652942721803065, 'training_batch_size': 6, 'training_p': 7}. Best is trial 45 with value: 0.03961218520998955.
Time for this trial:  760.828850030899
Memory status after this trial: 
Memory allocated:  1257.40087890625
Memory cached:  1330.0
--------------------  Trial  98   --------------------
Start timing: 
Parameters: 
{'W_layers': 4, 'W_layer_units_exponent_0': 7, 'W_layer_units_exponent_1': 6, 'W_layer_units_exponent_2': 9, 'W_layer_units_exponent_3': 10, 'D_layers': 3, 'D_layer_units_exponent_0': 6, 'D_layer_units_exponent_1': 4, 'D_layer_units_exponent_2': 7, 'D_dagger_layers': 4, 'D_dagger_layer_units_exponent_0': 9, 'D_dagger_layer_units_exponent_1': 9, 'D_dagger_layer_units_exponent_2': 8, 'D_dagger_layer_units_exponent_3': 5, 'log_learning_rate': -4.390391415223654, 'log_learning_rate_D': -3.169856379579557, 'log_learning_rate_D_dagger': -2.962393094968347, 'training_batch_size': 6, 'training_p': 7}
	 epoch  0 training error:  tensor(0.6690, device='cuda:0', grad_fn=<DivBackward0>)
Memory status after this epoch: 
Memory allocated:  768.8759765625
Memory cached:  1350.0
	 epoch  10 training error:  tensor(0.5070, device='cuda:0', grad_fn=<DivBackward0>)
Memory status after this epoch: 
Memory allocated:  768.8759765625
Memory cached:  1350.0
	 epoch  20 training error:  tensor(0.3908, device='cuda:0', grad_fn=<DivBackward0>)
Memory status after this epoch: 
Memory allocated:  768.8759765625
Memory cached:  1350.0
	 epoch  30 training error:  tensor(0.2772, device='cuda:0', grad_fn=<DivBackward0>)
Memory status after this epoch: 
Memory allocated:  768.8759765625
Memory cached:  1350.0
	 epoch  40 training error:  tensor(0.2157, device='cuda:0', grad_fn=<DivBackward0>)
Memory status after this epoch: 
Memory allocated:  768.8759765625
Memory cached:  1350.0
	 epoch  50 training error:  tensor(0.2275, device='cuda:0', grad_fn=<DivBackward0>)
Memory status after this epoch: 
Memory allocated:  768.8759765625
Memory cached:  1350.0
	 epoch  60 training error:  tensor(0.1426, device='cuda:0', grad_fn=<DivBackward0>)
Memory status after this epoch: 
Memory allocated:  768.8759765625
Memory cached:  1350.0
	 epoch  70 training error:  tensor(0.1495, device='cuda:0', grad_fn=<DivBackward0>)
Memory status after this epoch: 
Memory allocated:  768.8759765625
Memory cached:  1350.0
	 epoch  80 training error:  tensor(0.1402, device='cuda:0', grad_fn=<DivBackward0>)
Memory status after this epoch: 
Memory allocated:  768.8759765625
Memory cached:  1350.0
	 epoch  90 training error:  tensor(0.1264, device='cuda:0', grad_fn=<DivBackward0>)
Memory status after this epoch: 
Memory allocated:  768.8759765625
Memory cached:  1350.0
[I 2024-02-17 06:42:11,537] Trial 98 finished with value: 0.0550210177898407 and parameters: {'W_layers': 4, 'W_layer_units_exponent_0': 7, 'W_layer_units_exponent_1': 6, 'W_layer_units_exponent_2': 9, 'W_layer_units_exponent_3': 10, 'D_layers': 3, 'D_layer_units_exponent_0': 6, 'D_layer_units_exponent_1': 4, 'D_layer_units_exponent_2': 7, 'D_dagger_layers': 4, 'D_dagger_layer_units_exponent_0': 9, 'D_dagger_layer_units_exponent_1': 9, 'D_dagger_layer_units_exponent_2': 8, 'D_dagger_layer_units_exponent_3': 5, 'log_learning_rate': -4.390391415223654, 'log_learning_rate_D': -3.169856379579557, 'log_learning_rate_D_dagger': -2.962393094968347, 'training_batch_size': 6, 'training_p': 7}. Best is trial 45 with value: 0.03961218520998955.
Time for this trial:  689.4110107421875
Memory status after this trial: 
Memory allocated:  1419.17919921875
Memory cached:  1442.0
--------------------  Trial  99   --------------------
Start timing: 
Parameters: 
{'W_layers': 6, 'W_layer_units_exponent_0': 7, 'W_layer_units_exponent_1': 6, 'W_layer_units_exponent_2': 9, 'W_layer_units_exponent_3': 9, 'W_layer_units_exponent_4': 6, 'W_layer_units_exponent_5': 6, 'D_layers': 3, 'D_layer_units_exponent_0': 5, 'D_layer_units_exponent_1': 4, 'D_layer_units_exponent_2': 7, 'D_dagger_layers': 4, 'D_dagger_layer_units_exponent_0': 9, 'D_dagger_layer_units_exponent_1': 9, 'D_dagger_layer_units_exponent_2': 7, 'D_dagger_layer_units_exponent_3': 5, 'log_learning_rate': -4.558498299642418, 'log_learning_rate_D': -3.2049201447673292, 'log_learning_rate_D_dagger': -3.1768086905906103, 'training_batch_size': 6, 'training_p': 7}
	 epoch  0 training error:  tensor(0.7076, device='cuda:0', grad_fn=<DivBackward0>)
Memory status after this epoch: 
Memory allocated:  764.3486328125
Memory cached:  1330.0
	 epoch  10 training error:  tensor(0.5161, device='cuda:0', grad_fn=<DivBackward0>)
Memory status after this epoch: 
Memory allocated:  764.3486328125
Memory cached:  1330.0
	 epoch  20 training error:  tensor(0.5073, device='cuda:0', grad_fn=<DivBackward0>)
Memory status after this epoch: 
Memory allocated:  764.3486328125
Memory cached:  1330.0
	 epoch  30 training error:  tensor(0.3813, device='cuda:0', grad_fn=<DivBackward0>)
Memory status after this epoch: 
Memory allocated:  764.3486328125
Memory cached:  1330.0
	 epoch  40 training error:  tensor(0.3005, device='cuda:0', grad_fn=<DivBackward0>)
Memory status after this epoch: 
Memory allocated:  764.3486328125
Memory cached:  1330.0
	 epoch  50 training error:  tensor(0.2568, device='cuda:0', grad_fn=<DivBackward0>)
Memory status after this epoch: 
Memory allocated:  764.3486328125
Memory cached:  1330.0
	 epoch  60 training error:  tensor(0.2029, device='cuda:0', grad_fn=<DivBackward0>)
Memory status after this epoch: 
Memory allocated:  764.3486328125
Memory cached:  1330.0
	 epoch  70 training error:  tensor(0.1656, device='cuda:0', grad_fn=<DivBackward0>)
Memory status after this epoch: 
Memory allocated:  764.3486328125
Memory cached:  1330.0
	 epoch  80 training error:  tensor(0.1345, device='cuda:0', grad_fn=<DivBackward0>)
Memory status after this epoch: 
Memory allocated:  764.3486328125
Memory cached:  1330.0
	 epoch  90 training error:  tensor(0.1224, device='cuda:0', grad_fn=<DivBackward0>)
Memory status after this epoch: 
Memory allocated:  764.3486328125
Memory cached:  1330.0
[I 2024-02-17 06:54:47,844] Trial 99 finished with value: 0.06677106022834778 and parameters: {'W_layers': 6, 'W_layer_units_exponent_0': 7, 'W_layer_units_exponent_1': 6, 'W_layer_units_exponent_2': 9, 'W_layer_units_exponent_3': 9, 'W_layer_units_exponent_4': 6, 'W_layer_units_exponent_5': 6, 'D_layers': 3, 'D_layer_units_exponent_0': 5, 'D_layer_units_exponent_1': 4, 'D_layer_units_exponent_2': 7, 'D_dagger_layers': 4, 'D_dagger_layer_units_exponent_0': 9, 'D_dagger_layer_units_exponent_1': 9, 'D_dagger_layer_units_exponent_2': 7, 'D_dagger_layer_units_exponent_3': 5, 'log_learning_rate': -4.558498299642418, 'log_learning_rate_D': -3.2049201447673292, 'log_learning_rate_D_dagger': -3.1768086905906103, 'training_batch_size': 6, 'training_p': 7}. Best is trial 45 with value: 0.03961218520998955.
Time for this trial:  755.8635594844818
Memory status after this trial: 
Memory allocated:  1330.06982421875
Memory cached:  1338.0
--------------------  Trial  100   --------------------
Start timing: 
Parameters: 
{'W_layers': 8, 'W_layer_units_exponent_0': 7, 'W_layer_units_exponent_1': 5, 'W_layer_units_exponent_2': 10, 'W_layer_units_exponent_3': 10, 'W_layer_units_exponent_4': 7, 'W_layer_units_exponent_5': 7, 'W_layer_units_exponent_6': 5, 'W_layer_units_exponent_7': 5, 'D_layers': 2, 'D_layer_units_exponent_0': 6, 'D_layer_units_exponent_1': 4, 'D_dagger_layers': 4, 'D_dagger_layer_units_exponent_0': 9, 'D_dagger_layer_units_exponent_1': 10, 'D_dagger_layer_units_exponent_2': 7, 'D_dagger_layer_units_exponent_3': 5, 'log_learning_rate': -4.268420362755004, 'log_learning_rate_D': -3.464559604668914, 'log_learning_rate_D_dagger': -2.954729925382751, 'training_batch_size': 6, 'training_p': 7}
	 epoch  0 training error:  tensor(0.7609, device='cuda:0', grad_fn=<DivBackward0>)
Memory status after this epoch: 
Memory allocated:  783.0537109375
Memory cached:  1372.0
	 epoch  10 training error:  tensor(0.5280, device='cuda:0', grad_fn=<DivBackward0>)
Memory status after this epoch: 
Memory allocated:  783.0537109375
Memory cached:  1382.0
	 epoch  20 training error:  tensor(0.5076, device='cuda:0', grad_fn=<DivBackward0>)
Memory status after this epoch: 
Memory allocated:  783.0537109375
Memory cached:  1380.0
	 epoch  30 training error:  tensor(0.5007, device='cuda:0', grad_fn=<DivBackward0>)
Memory status after this epoch: 
Memory allocated:  783.0537109375
Memory cached:  1380.0
	 epoch  40 training error:  tensor(0.4855, device='cuda:0', grad_fn=<DivBackward0>)
Memory status after this epoch: 
Memory allocated:  783.0537109375
Memory cached:  1378.0
	 epoch  50 training error:  tensor(0.2858, device='cuda:0', grad_fn=<DivBackward0>)
Memory status after this epoch: 
Memory allocated:  783.0537109375
Memory cached:  1378.0
	 epoch  60 training error:  tensor(0.2608, device='cuda:0', grad_fn=<DivBackward0>)
Memory status after this epoch: 
Memory allocated:  783.0537109375
Memory cached:  1380.0
	 epoch  70 training error:  tensor(0.2417, device='cuda:0', grad_fn=<DivBackward0>)
Memory status after this epoch: 
Memory allocated:  783.0537109375
Memory cached:  1376.0
	 epoch  80 training error:  tensor(0.2140, device='cuda:0', grad_fn=<DivBackward0>)
Memory status after this epoch: 
Memory allocated:  783.0537109375
Memory cached:  1380.0
	 epoch  90 training error:  tensor(0.1882, device='cuda:0', grad_fn=<DivBackward0>)
Memory status after this epoch: 
Memory allocated:  783.0537109375
Memory cached:  1380.0
[I 2024-02-17 07:08:09,763] Trial 100 finished with value: 0.09971092641353607 and parameters: {'W_layers': 8, 'W_layer_units_exponent_0': 7, 'W_layer_units_exponent_1': 5, 'W_layer_units_exponent_2': 10, 'W_layer_units_exponent_3': 10, 'W_layer_units_exponent_4': 7, 'W_layer_units_exponent_5': 7, 'W_layer_units_exponent_6': 5, 'W_layer_units_exponent_7': 5, 'D_layers': 2, 'D_layer_units_exponent_0': 6, 'D_layer_units_exponent_1': 4, 'D_dagger_layers': 4, 'D_dagger_layer_units_exponent_0': 9, 'D_dagger_layer_units_exponent_1': 10, 'D_dagger_layer_units_exponent_2': 7, 'D_dagger_layer_units_exponent_3': 5, 'log_learning_rate': -4.268420362755004, 'log_learning_rate_D': -3.464559604668914, 'log_learning_rate_D_dagger': -2.954729925382751, 'training_batch_size': 6, 'training_p': 7}. Best is trial 45 with value: 0.03961218520998955.
Time for this trial:  801.3550844192505
Memory status after this trial: 
Memory allocated:  1685.78466796875
Memory cached:  1700.0
--------------------  Trial  101   --------------------
Start timing: 
Parameters: 
{'W_layers': 6, 'W_layer_units_exponent_0': 7, 'W_layer_units_exponent_1': 6, 'W_layer_units_exponent_2': 9, 'W_layer_units_exponent_3': 9, 'W_layer_units_exponent_4': 6, 'W_layer_units_exponent_5': 6, 'D_layers': 3, 'D_layer_units_exponent_0': 5, 'D_layer_units_exponent_1': 4, 'D_layer_units_exponent_2': 7, 'D_dagger_layers': 4, 'D_dagger_layer_units_exponent_0': 9, 'D_dagger_layer_units_exponent_1': 9, 'D_dagger_layer_units_exponent_2': 7, 'D_dagger_layer_units_exponent_3': 5, 'log_learning_rate': -4.575750694483439, 'log_learning_rate_D': -3.2040043911667033, 'log_learning_rate_D_dagger': -3.181685949941035, 'training_batch_size': 6, 'training_p': 7}
	 epoch  0 training error:  tensor(0.7178, device='cuda:0', grad_fn=<DivBackward0>)
Memory status after this epoch: 
Memory allocated:  764.3486328125
Memory cached:  1330.0
	 epoch  10 training error:  tensor(0.5283, device='cuda:0', grad_fn=<DivBackward0>)
Memory status after this epoch: 
Memory allocated:  764.3486328125
Memory cached:  1330.0
	 epoch  20 training error:  tensor(0.5084, device='cuda:0', grad_fn=<DivBackward0>)
Memory status after this epoch: 
Memory allocated:  764.3486328125
Memory cached:  1330.0
	 epoch  30 training error:  tensor(0.4972, device='cuda:0', grad_fn=<DivBackward0>)
Memory status after this epoch: 
Memory allocated:  764.3486328125
Memory cached:  1330.0
	 epoch  40 training error:  tensor(0.2762, device='cuda:0', grad_fn=<DivBackward0>)
Memory status after this epoch: 
Memory allocated:  764.3486328125
Memory cached:  1330.0
	 epoch  50 training error:  tensor(0.2428, device='cuda:0', grad_fn=<DivBackward0>)
Memory status after this epoch: 
Memory allocated:  764.3486328125
Memory cached:  1330.0
	 epoch  60 training error:  tensor(0.1921, device='cuda:0', grad_fn=<DivBackward0>)
Memory status after this epoch: 
Memory allocated:  764.3486328125
Memory cached:  1330.0
	 epoch  70 training error:  tensor(0.1767, device='cuda:0', grad_fn=<DivBackward0>)
Memory status after this epoch: 
Memory allocated:  764.3486328125
Memory cached:  1330.0
	 epoch  80 training error:  tensor(0.1505, device='cuda:0', grad_fn=<DivBackward0>)
Memory status after this epoch: 
Memory allocated:  764.3486328125
Memory cached:  1330.0
	 epoch  90 training error:  tensor(0.1330, device='cuda:0', grad_fn=<DivBackward0>)
Memory status after this epoch: 
Memory allocated:  764.3486328125
Memory cached:  1330.0
