/home/shengduo/anaconda3/lib/python3.9/site-packages/scipy/__init__.py:146: UserWarning: A NumPy version >=1.16.5 and <1.23.0 is required for this version of SciPy (detected version 1.24.1
  warnings.warn(f"A NumPy version >={np_minversion} and <{np_maxversion}"
[I 2024-03-03 23:26:12,810] Using an existing study with name 'my_study1' instead of creating a new one.
Cuda is available:  True
Device is:  cuda
Memory allocated:  0.0
Memory cached:  0.0
Data file:  ./data/Trial0216_combined_800.pt
Vs.shape:  torch.Size([800, 100])
thetas.shape:  torch.Size([800, 100])
fs.shape:  torch.Size([800, 100])
ts.shape:  torch.Size([800, 100])
Xs.shape:  torch.Size([800, 100])
Pruned database has best value 0.019390789791941643.
--------------------  Trial  74   --------------------
Start timing: 
Parameters: 
{'W_layers': 6, 'W_layer_units_exponent_0': 4, 'W_layer_units_exponent_1': 7, 'W_layer_units_exponent_2': 8, 'W_layer_units_exponent_3': 9, 'W_layer_units_exponent_4': 10, 'W_layer_units_exponent_5': 7, 'D_layers': 6, 'D_layer_units_exponent_0': 9, 'D_layer_units_exponent_1': 10, 'D_layer_units_exponent_2': 9, 'D_layer_units_exponent_3': 10, 'D_layer_units_exponent_4': 10, 'D_layer_units_exponent_5': 8, 'D_dagger_layers': 6, 'D_dagger_layer_units_exponent_0': 9, 'D_dagger_layer_units_exponent_1': 10, 'D_dagger_layer_units_exponent_2': 7, 'D_dagger_layer_units_exponent_3': 9, 'D_dagger_layer_units_exponent_4': 4, 'D_dagger_layer_units_exponent_5': 9, 'log_learning_rate': -2.059732841443438, 'log_learning_rate_D': -3.8555300849086387, 'log_learning_rate_D_dagger': -3.298557404908125, 'training_batch_size': 6, 'training_p': 8}
	 epoch  0 training error:  tensor(9.5177, grad_fn=<ToCopyBackward0>)
Memory status after this epoch: 
Memory allocated:  68.73095703125
Memory cached:  352.0
	 epoch  10 training error:  tensor(0.3425, grad_fn=<ToCopyBackward0>)
Memory status after this epoch: 
Memory allocated:  68.73095703125
Memory cached:  402.0
	 epoch  20 training error:  tensor(0.2544, grad_fn=<ToCopyBackward0>)
Memory status after this epoch: 
Memory allocated:  68.73095703125
Memory cached:  384.0
	 epoch  30 training error:  tensor(0.1065, grad_fn=<ToCopyBackward0>)
Memory status after this epoch: 
Memory allocated:  68.73095703125
Memory cached:  384.0
	 epoch  40 training error:  tensor(0.0666, grad_fn=<ToCopyBackward0>)
Memory status after this epoch: 
Memory allocated:  68.73095703125
Memory cached:  386.0
	 epoch  50 training error:  tensor(0.0758, grad_fn=<ToCopyBackward0>)
Memory status after this epoch: 
Memory allocated:  68.73095703125
Memory cached:  376.0
	 epoch  60 training error:  tensor(0.0518, grad_fn=<ToCopyBackward0>)
Memory status after this epoch: 
Memory allocated:  68.73095703125
Memory cached:  376.0
	 epoch  70 training error:  tensor(0.0671, grad_fn=<ToCopyBackward0>)
Memory status after this epoch: 
Memory allocated:  68.73095703125
Memory cached:  376.0
	 epoch  80 training error:  tensor(0.0571, grad_fn=<ToCopyBackward0>)
Memory status after this epoch: 
Memory allocated:  68.73095703125
Memory cached:  376.0
	 epoch  90 training error:  tensor(0.0455, grad_fn=<ToCopyBackward0>)
Memory status after this epoch: 
Memory allocated:  68.73095703125
Memory cached:  378.0
[I 2024-03-04 00:03:26,181] Trial 74 finished with value: 0.030145559459924698 and parameters: {'W_layers': 6, 'W_layer_units_exponent_0': 4, 'W_layer_units_exponent_1': 7, 'W_layer_units_exponent_2': 8, 'W_layer_units_exponent_3': 9, 'W_layer_units_exponent_4': 10, 'W_layer_units_exponent_5': 7, 'D_layers': 6, 'D_layer_units_exponent_0': 9, 'D_layer_units_exponent_1': 10, 'D_layer_units_exponent_2': 9, 'D_layer_units_exponent_3': 10, 'D_layer_units_exponent_4': 10, 'D_layer_units_exponent_5': 8, 'D_dagger_layers': 6, 'D_dagger_layer_units_exponent_0': 9, 'D_dagger_layer_units_exponent_1': 10, 'D_dagger_layer_units_exponent_2': 7, 'D_dagger_layer_units_exponent_3': 9, 'D_dagger_layer_units_exponent_4': 4, 'D_dagger_layer_units_exponent_5': 9, 'log_learning_rate': -2.059732841443438, 'log_learning_rate_D': -3.8555300849086387, 'log_learning_rate_D_dagger': -3.298557404908125, 'training_batch_size': 6, 'training_p': 8}. Best is trial 27 with value: 0.019390789791941643.
Time for this trial:  2232.4331517219543
Memory status after this trial: 
Memory allocated:  3858.8154296875
Memory cached:  3956.0
--------------------  Trial  75   --------------------
Start timing: 
Parameters: 
{'W_layers': 5, 'W_layer_units_exponent_0': 5, 'W_layer_units_exponent_1': 7, 'W_layer_units_exponent_2': 10, 'W_layer_units_exponent_3': 10, 'W_layer_units_exponent_4': 10, 'D_layers': 6, 'D_layer_units_exponent_0': 10, 'D_layer_units_exponent_1': 10, 'D_layer_units_exponent_2': 9, 'D_layer_units_exponent_3': 10, 'D_layer_units_exponent_4': 10, 'D_layer_units_exponent_5': 8, 'D_dagger_layers': 6, 'D_dagger_layer_units_exponent_0': 10, 'D_dagger_layer_units_exponent_1': 10, 'D_dagger_layer_units_exponent_2': 7, 'D_dagger_layer_units_exponent_3': 9, 'D_dagger_layer_units_exponent_4': 4, 'D_dagger_layer_units_exponent_5': 10, 'log_learning_rate': -2.1158974364316654, 'log_learning_rate_D': -3.8294817464596664, 'log_learning_rate_D_dagger': -3.089434868453086, 'training_batch_size': 6, 'training_p': 8}
	 epoch  0 training error:  tensor(12.4228, grad_fn=<ToCopyBackward0>)
Memory status after this epoch: 
Memory allocated:  106.47314453125
Memory cached:  416.0
	 epoch  10 training error:  tensor(0.3764, grad_fn=<ToCopyBackward0>)
Memory status after this epoch: 
Memory allocated:  106.47314453125
Memory cached:  464.0
	 epoch  20 training error:  tensor(0.2450, grad_fn=<ToCopyBackward0>)
Memory status after this epoch: 
Memory allocated:  106.47314453125
Memory cached:  464.0
	 epoch  30 training error:  tensor(0.1019, grad_fn=<ToCopyBackward0>)
Memory status after this epoch: 
Memory allocated:  106.47314453125
Memory cached:  466.0
	 epoch  40 training error:  tensor(0.1078, grad_fn=<ToCopyBackward0>)
Memory status after this epoch: 
Memory allocated:  106.47314453125
Memory cached:  454.0
	 epoch  50 training error:  tensor(0.0744, grad_fn=<ToCopyBackward0>)
Memory status after this epoch: 
Memory allocated:  106.47314453125
Memory cached:  458.0
	 epoch  60 training error:  tensor(0.0890, grad_fn=<ToCopyBackward0>)
Memory status after this epoch: 
Memory allocated:  106.47314453125
Memory cached:  450.0
	 epoch  70 training error:  tensor(0.0469, grad_fn=<ToCopyBackward0>)
Memory status after this epoch: 
Memory allocated:  106.47314453125
Memory cached:  446.0
	 epoch  80 training error:  tensor(0.0586, grad_fn=<ToCopyBackward0>)
Memory status after this epoch: 
Memory allocated:  106.47314453125
Memory cached:  454.0
	 epoch  90 training error:  tensor(0.0422, grad_fn=<ToCopyBackward0>)
Memory status after this epoch: 
Memory allocated:  106.47314453125
Memory cached:  446.0
[I 2024-03-04 00:39:53,305] Trial 75 finished with value: 0.04400638863444328 and parameters: {'W_layers': 5, 'W_layer_units_exponent_0': 5, 'W_layer_units_exponent_1': 7, 'W_layer_units_exponent_2': 10, 'W_layer_units_exponent_3': 10, 'W_layer_units_exponent_4': 10, 'D_layers': 6, 'D_layer_units_exponent_0': 10, 'D_layer_units_exponent_1': 10, 'D_layer_units_exponent_2': 9, 'D_layer_units_exponent_3': 10, 'D_layer_units_exponent_4': 10, 'D_layer_units_exponent_5': 8, 'D_dagger_layers': 6, 'D_dagger_layer_units_exponent_0': 10, 'D_dagger_layer_units_exponent_1': 10, 'D_dagger_layer_units_exponent_2': 7, 'D_dagger_layer_units_exponent_3': 9, 'D_dagger_layer_units_exponent_4': 4, 'D_dagger_layer_units_exponent_5': 10, 'log_learning_rate': -2.1158974364316654, 'log_learning_rate_D': -3.8294817464596664, 'log_learning_rate_D_dagger': -3.089434868453086, 'training_batch_size': 6, 'training_p': 8}. Best is trial 27 with value: 0.019390789791941643.
Time for this trial:  2186.371900320053
Memory status after this trial: 
Memory allocated:  4944.8349609375
Memory cached:  5172.0
--------------------  Trial  76   --------------------
Start timing: 
Parameters: 
{'W_layers': 6, 'W_layer_units_exponent_0': 4, 'W_layer_units_exponent_1': 7, 'W_layer_units_exponent_2': 8, 'W_layer_units_exponent_3': 7, 'W_layer_units_exponent_4': 9, 'W_layer_units_exponent_5': 7, 'D_layers': 7, 'D_layer_units_exponent_0': 9, 'D_layer_units_exponent_1': 10, 'D_layer_units_exponent_2': 10, 'D_layer_units_exponent_3': 10, 'D_layer_units_exponent_4': 10, 'D_layer_units_exponent_5': 7, 'D_layer_units_exponent_6': 10, 'D_dagger_layers': 6, 'D_dagger_layer_units_exponent_0': 9, 'D_dagger_layer_units_exponent_1': 9, 'D_dagger_layer_units_exponent_2': 7, 'D_dagger_layer_units_exponent_3': 8, 'D_dagger_layer_units_exponent_4': 4, 'D_dagger_layer_units_exponent_5': 9, 'log_learning_rate': -1.8270784899833996, 'log_learning_rate_D': -3.8936833267935014, 'log_learning_rate_D_dagger': -3.324072539269004, 'training_batch_size': 6, 'training_p': 8}
	 epoch  0 training error:  tensor(8.3227, grad_fn=<ToCopyBackward0>)
Memory status after this epoch: 
Memory allocated:  69.67626953125
Memory cached:  314.0
	 epoch  10 training error:  tensor(0.3684, grad_fn=<ToCopyBackward0>)
Memory status after this epoch: 
Memory allocated:  69.67626953125
Memory cached:  372.0
	 epoch  20 training error:  tensor(0.1949, grad_fn=<ToCopyBackward0>)
Memory status after this epoch: 
Memory allocated:  69.67626953125
Memory cached:  362.0
	 epoch  30 training error:  tensor(0.1102, grad_fn=<ToCopyBackward0>)
Memory status after this epoch: 
Memory allocated:  69.67626953125
Memory cached:  368.0
	 epoch  40 training error:  tensor(0.1299, grad_fn=<ToCopyBackward0>)
Memory status after this epoch: 
Memory allocated:  69.67626953125
Memory cached:  352.0
	 epoch  50 training error:  tensor(0.0565, grad_fn=<ToCopyBackward0>)
Memory status after this epoch: 
Memory allocated:  69.67626953125
Memory cached:  346.0
	 epoch  60 training error:  tensor(0.0710, grad_fn=<ToCopyBackward0>)
Memory status after this epoch: 
Memory allocated:  69.67626953125
Memory cached:  344.0
	 epoch  70 training error:  tensor(0.0541, grad_fn=<ToCopyBackward0>)
Memory status after this epoch: 
Memory allocated:  69.67626953125
Memory cached:  342.0
	 epoch  80 training error:  tensor(0.0580, grad_fn=<ToCopyBackward0>)
Memory status after this epoch: 
Memory allocated:  69.67626953125
Memory cached:  338.0
	 epoch  90 training error:  tensor(0.0446, grad_fn=<ToCopyBackward0>)
Memory status after this epoch: 
Memory allocated:  69.67626953125
Memory cached:  340.0
[I 2024-03-04 01:18:00,071] Trial 76 finished with value: 0.038659512996673584 and parameters: {'W_layers': 6, 'W_layer_units_exponent_0': 4, 'W_layer_units_exponent_1': 7, 'W_layer_units_exponent_2': 8, 'W_layer_units_exponent_3': 7, 'W_layer_units_exponent_4': 9, 'W_layer_units_exponent_5': 7, 'D_layers': 7, 'D_layer_units_exponent_0': 9, 'D_layer_units_exponent_1': 10, 'D_layer_units_exponent_2': 10, 'D_layer_units_exponent_3': 10, 'D_layer_units_exponent_4': 10, 'D_layer_units_exponent_5': 7, 'D_layer_units_exponent_6': 10, 'D_dagger_layers': 6, 'D_dagger_layer_units_exponent_0': 9, 'D_dagger_layer_units_exponent_1': 9, 'D_dagger_layer_units_exponent_2': 7, 'D_dagger_layer_units_exponent_3': 8, 'D_dagger_layer_units_exponent_4': 4, 'D_dagger_layer_units_exponent_5': 9, 'log_learning_rate': -1.8270784899833996, 'log_learning_rate_D': -3.8936833267935014, 'log_learning_rate_D_dagger': -3.324072539269004, 'training_batch_size': 6, 'training_p': 8}. Best is trial 27 with value: 0.019390789791941643.
Time for this trial:  2285.9364805221558
Memory status after this trial: 
Memory allocated:  3697.4912109375
Memory cached:  3790.0
--------------------  Trial  77   --------------------
Start timing: 
Parameters: 
{'W_layers': 5, 'W_layer_units_exponent_0': 5, 'W_layer_units_exponent_1': 6, 'W_layer_units_exponent_2': 8, 'W_layer_units_exponent_3': 8, 'W_layer_units_exponent_4': 10, 'D_layers': 5, 'D_layer_units_exponent_0': 10, 'D_layer_units_exponent_1': 4, 'D_layer_units_exponent_2': 8, 'D_layer_units_exponent_3': 10, 'D_layer_units_exponent_4': 10, 'D_dagger_layers': 6, 'D_dagger_layer_units_exponent_0': 8, 'D_dagger_layer_units_exponent_1': 10, 'D_dagger_layer_units_exponent_2': 8, 'D_dagger_layer_units_exponent_3': 10, 'D_dagger_layer_units_exponent_4': 4, 'D_dagger_layer_units_exponent_5': 9, 'log_learning_rate': -2.02650306356859, 'log_learning_rate_D': -4.121513935299916, 'log_learning_rate_D_dagger': -3.195815863287921, 'training_batch_size': 6, 'training_p': 6}
	 epoch  0 training error:  tensor(3.0077, grad_fn=<ToCopyBackward0>)
Memory status after this epoch: 
Memory allocated:  38.93017578125
Memory cached:  346.0
	 epoch  10 training error:  tensor(0.3409, grad_fn=<ToCopyBackward0>)
Memory status after this epoch: 
Memory allocated:  38.93017578125
Memory cached:  458.0
	 epoch  20 training error:  tensor(0.1982, grad_fn=<ToCopyBackward0>)
Memory status after this epoch: 
Memory allocated:  38.93017578125
Memory cached:  440.0
	 epoch  30 training error:  tensor(0.1515, grad_fn=<ToCopyBackward0>)
Memory status after this epoch: 
Memory allocated:  38.93017578125
Memory cached:  422.0
	 epoch  40 training error:  tensor(0.1339, grad_fn=<ToCopyBackward0>)
Memory status after this epoch: 
Memory allocated:  38.93017578125
Memory cached:  420.0
	 epoch  50 training error:  tensor(0.0863, grad_fn=<ToCopyBackward0>)
Memory status after this epoch: 
Memory allocated:  38.93017578125
Memory cached:  418.0
	 epoch  60 training error:  tensor(0.0643, grad_fn=<ToCopyBackward0>)
Memory status after this epoch: 
Memory allocated:  38.93017578125
Memory cached:  414.0
	 epoch  70 training error:  tensor(0.0626, grad_fn=<ToCopyBackward0>)
Memory status after this epoch: 
Memory allocated:  38.93017578125
Memory cached:  408.0
	 epoch  80 training error:  tensor(0.0700, grad_fn=<ToCopyBackward0>)
Memory status after this epoch: 
Memory allocated:  38.93017578125
Memory cached:  410.0
	 epoch  90 training error:  tensor(0.0517, grad_fn=<ToCopyBackward0>)
Memory status after this epoch: 
Memory allocated:  38.93017578125
Memory cached:  402.0
[I 2024-03-04 01:52:06,210] Trial 77 finished with value: 0.05605907365679741 and parameters: {'W_layers': 5, 'W_layer_units_exponent_0': 5, 'W_layer_units_exponent_1': 6, 'W_layer_units_exponent_2': 8, 'W_layer_units_exponent_3': 8, 'W_layer_units_exponent_4': 10, 'D_layers': 5, 'D_layer_units_exponent_0': 10, 'D_layer_units_exponent_1': 4, 'D_layer_units_exponent_2': 8, 'D_layer_units_exponent_3': 10, 'D_layer_units_exponent_4': 10, 'D_dagger_layers': 6, 'D_dagger_layer_units_exponent_0': 8, 'D_dagger_layer_units_exponent_1': 10, 'D_dagger_layer_units_exponent_2': 8, 'D_dagger_layer_units_exponent_3': 10, 'D_dagger_layer_units_exponent_4': 4, 'D_dagger_layer_units_exponent_5': 9, 'log_learning_rate': -2.02650306356859, 'log_learning_rate_D': -4.121513935299916, 'log_learning_rate_D_dagger': -3.195815863287921, 'training_batch_size': 6, 'training_p': 6}. Best is trial 27 with value: 0.019390789791941643.
Time for this trial:  2045.4011154174805
Memory status after this trial: 
Memory allocated:  3295.9560546875
Memory cached:  3482.0
--------------------  Trial  78   --------------------
Start timing: 
Parameters: 
{'W_layers': 3, 'W_layer_units_exponent_0': 4, 'W_layer_units_exponent_1': 7, 'W_layer_units_exponent_2': 7, 'D_layers': 6, 'D_layer_units_exponent_0': 8, 'D_layer_units_exponent_1': 10, 'D_layer_units_exponent_2': 10, 'D_layer_units_exponent_3': 10, 'D_layer_units_exponent_4': 9, 'D_layer_units_exponent_5': 5, 'D_dagger_layers': 5, 'D_dagger_layer_units_exponent_0': 7, 'D_dagger_layer_units_exponent_1': 9, 'D_dagger_layer_units_exponent_2': 7, 'D_dagger_layer_units_exponent_3': 7, 'D_dagger_layer_units_exponent_4': 6, 'log_learning_rate': -1.8569285304630325, 'log_learning_rate_D': -3.7381448793884386, 'log_learning_rate_D_dagger': -3.0176979476030574, 'training_batch_size': 7, 'training_p': 8}
	 epoch  0 training error:  tensor(1.2294, grad_fn=<ToCopyBackward0>)
Memory status after this epoch: 
Memory allocated:  47.54736328125
Memory cached:  156.0
	 epoch  10 training error:  tensor(0.3820, grad_fn=<ToCopyBackward0>)
Memory status after this epoch: 
Memory allocated:  47.54736328125
Memory cached:  204.0
	 epoch  20 training error:  tensor(0.3349, grad_fn=<ToCopyBackward0>)
Memory status after this epoch: 
Memory allocated:  47.54736328125
Memory cached:  194.0
	 epoch  30 training error:  tensor(0.2022, grad_fn=<ToCopyBackward0>)
Memory status after this epoch: 
Memory allocated:  47.54736328125
Memory cached:  192.0
	 epoch  40 training error:  tensor(0.1544, grad_fn=<ToCopyBackward0>)
Memory status after this epoch: 
Memory allocated:  47.54736328125
Memory cached:  206.0
	 epoch  50 training error:  tensor(0.1089, grad_fn=<ToCopyBackward0>)
Memory status after this epoch: 
Memory allocated:  47.54736328125
Memory cached:  206.0
	 epoch  60 training error:  tensor(0.1352, grad_fn=<ToCopyBackward0>)
Memory status after this epoch: 
Memory allocated:  47.54736328125
Memory cached:  204.0
	 epoch  70 training error:  tensor(0.1234, grad_fn=<ToCopyBackward0>)
Memory status after this epoch: 
Memory allocated:  47.54736328125
Memory cached:  208.0
	 epoch  80 training error:  tensor(0.1314, grad_fn=<ToCopyBackward0>)
Memory status after this epoch: 
Memory allocated:  47.54736328125
Memory cached:  206.0
	 epoch  90 training error:  tensor(0.0765, grad_fn=<ToCopyBackward0>)
Memory status after this epoch: 
Memory allocated:  47.54736328125
Memory cached:  212.0
[I 2024-03-04 02:08:12,307] Trial 78 finished with value: 0.03875351697206497 and parameters: {'W_layers': 3, 'W_layer_units_exponent_0': 4, 'W_layer_units_exponent_1': 7, 'W_layer_units_exponent_2': 7, 'D_layers': 6, 'D_layer_units_exponent_0': 8, 'D_layer_units_exponent_1': 10, 'D_layer_units_exponent_2': 10, 'D_layer_units_exponent_3': 10, 'D_layer_units_exponent_4': 9, 'D_layer_units_exponent_5': 5, 'D_dagger_layers': 5, 'D_dagger_layer_units_exponent_0': 7, 'D_dagger_layer_units_exponent_1': 9, 'D_dagger_layer_units_exponent_2': 7, 'D_dagger_layer_units_exponent_3': 7, 'D_dagger_layer_units_exponent_4': 6, 'log_learning_rate': -1.8569285304630325, 'log_learning_rate_D': -3.7381448793884386, 'log_learning_rate_D_dagger': -3.0176979476030574, 'training_batch_size': 7, 'training_p': 8}. Best is trial 27 with value: 0.019390789791941643.
Time for this trial:  965.5685064792633
Memory status after this trial: 
Memory allocated:  2175.1962890625
Memory cached:  2208.0
--------------------  Trial  79   --------------------
Start timing: 
Parameters: 
{'W_layers': 5, 'W_layer_units_exponent_0': 6, 'W_layer_units_exponent_1': 10, 'W_layer_units_exponent_2': 9, 'W_layer_units_exponent_3': 9, 'W_layer_units_exponent_4': 8, 'D_layers': 5, 'D_layer_units_exponent_0': 9, 'D_layer_units_exponent_1': 9, 'D_layer_units_exponent_2': 9, 'D_layer_units_exponent_3': 10, 'D_layer_units_exponent_4': 10, 'D_dagger_layers': 7, 'D_dagger_layer_units_exponent_0': 9, 'D_dagger_layer_units_exponent_1': 10, 'D_dagger_layer_units_exponent_2': 6, 'D_dagger_layer_units_exponent_3': 8, 'D_dagger_layer_units_exponent_4': 4, 'D_dagger_layer_units_exponent_5': 10, 'D_dagger_layer_units_exponent_6': 8, 'log_learning_rate': -2.2890634863411736, 'log_learning_rate_D': -3.981680989288913, 'log_learning_rate_D_dagger': -3.1588122353249637, 'training_batch_size': 6, 'training_p': 5}
	 epoch  0 training error:  tensor(4.2574, grad_fn=<ToCopyBackward0>)
Memory status after this epoch: 
Memory allocated:  61.52197265625
Memory cached:  342.0
	 epoch  10 training error:  tensor(0.3312, grad_fn=<ToCopyBackward0>)
Memory status after this epoch: 
Memory allocated:  61.52197265625
Memory cached:  402.0
	 epoch  20 training error:  tensor(0.1749, grad_fn=<ToCopyBackward0>)
Memory status after this epoch: 
Memory allocated:  61.52197265625
Memory cached:  392.0
	 epoch  30 training error:  tensor(0.0985, grad_fn=<ToCopyBackward0>)
Memory status after this epoch: 
Memory allocated:  61.52197265625
Memory cached:  378.0
	 epoch  40 training error:  tensor(0.0745, grad_fn=<ToCopyBackward0>)
Memory status after this epoch: 
Memory allocated:  61.52197265625
Memory cached:  376.0
	 epoch  50 training error:  tensor(0.0748, grad_fn=<ToCopyBackward0>)
Memory status after this epoch: 
Memory allocated:  61.52197265625
Memory cached:  366.0
	 epoch  60 training error:  tensor(0.0548, grad_fn=<ToCopyBackward0>)
Memory status after this epoch: 
Memory allocated:  61.52197265625
Memory cached:  368.0
	 epoch  70 training error:  tensor(0.0546, grad_fn=<ToCopyBackward0>)
Memory status after this epoch: 
Memory allocated:  61.52197265625
Memory cached:  366.0
	 epoch  80 training error:  tensor(0.0515, grad_fn=<ToCopyBackward0>)
Memory status after this epoch: 
Memory allocated:  61.52197265625
Memory cached:  352.0
	 epoch  90 training error:  tensor(0.0486, grad_fn=<ToCopyBackward0>)
Memory status after this epoch: 
Memory allocated:  61.52197265625
Memory cached:  342.0
