[I 2023-12-06 11:51:35,211] Trial 26 finished with value: 0.3643242418766022 and parameters: {'W_layers': 5, 'W_layer_units_exponent_0': 10, 'W_layer_units_exponent_1': 6, 'W_layer_units_exponent_2': 4, 'W_layer_units_exponent_3': 7, 'W_layer_units_exponent_4': 6, 'D_layers': 7, 'D_layer_units_exponent_0': 6, 'D_layer_units_exponent_1': 5, 'D_layer_units_exponent_2': 8, 'D_layer_units_exponent_3': 4, 'D_layer_units_exponent_4': 5, 'D_layer_units_exponent_5': 8, 'D_layer_units_exponent_6': 9, 'log_learning_rate': -2.1761610329824834, 'log_learning_rate_D': -2.9495052504076114, 'training_batch_size': 6, 'training_p': 8}. Best is trial 20 with value: 0.33899202942848206.
Time for this trial:  17.09351396560669
Memory status after this trial: 
Memory allocated:  71.72314453125
Memory cached:  74.0
--------------------  Trial  27   --------------------
Start timing: 
Parameters: 
{'W_layers': 7, 'W_layer_units_exponent_0': 5, 'W_layer_units_exponent_1': 5, 'W_layer_units_exponent_2': 5, 'W_layer_units_exponent_3': 7, 'W_layer_units_exponent_4': 5, 'W_layer_units_exponent_5': 6, 'W_layer_units_exponent_6': 9, 'D_layers': 8, 'D_layer_units_exponent_0': 4, 'D_layer_units_exponent_1': 6, 'D_layer_units_exponent_2': 7, 'D_layer_units_exponent_3': 7, 'D_layer_units_exponent_4': 8, 'D_layer_units_exponent_5': 8, 'D_layer_units_exponent_6': 9, 'D_layer_units_exponent_7': 4, 'log_learning_rate': -2.4864046039553105, 'log_learning_rate_D': -1.8519649898929123, 'training_batch_size': 7, 'training_p': 7}
	 epoch  0 training error:  tensor(1.0407, device='cuda:0', grad_fn=<DivBackward0>)
Memory status after this epoch: 
Memory allocated:  42.83642578125
Memory cached:  72.0
	 epoch  10 training error:  tensor(0.5671, device='cuda:0', grad_fn=<DivBackward0>)
Memory status after this epoch: 
Memory allocated:  42.83642578125
Memory cached:  72.0
	 epoch  20 training error:  tensor(0.5053, device='cuda:0', grad_fn=<DivBackward0>)
Memory status after this epoch: 
Memory allocated:  42.83642578125
Memory cached:  74.0
	 epoch  30 training error:  tensor(0.4845, device='cuda:0', grad_fn=<DivBackward0>)
Memory status after this epoch: 
Memory allocated:  42.83642578125
Memory cached:  72.0
	 epoch  40 training error:  tensor(0.4698, device='cuda:0', grad_fn=<DivBackward0>)
Memory status after this epoch: 
Memory allocated:  42.83642578125
Memory cached:  72.0
	 epoch  50 training error:  tensor(0.4527, device='cuda:0', grad_fn=<DivBackward0>)
Memory status after this epoch: 
Memory allocated:  42.83642578125
Memory cached:  74.0
	 epoch  60 training error:  tensor(0.4371, device='cuda:0', grad_fn=<DivBackward0>)
Memory status after this epoch: 
Memory allocated:  42.83642578125
Memory cached:  72.0
	 epoch  70 training error:  tensor(0.4438, device='cuda:0', grad_fn=<DivBackward0>)
Memory status after this epoch: 
Memory allocated:  42.83642578125
Memory cached:  72.0
	 epoch  80 training error:  tensor(0.4505, device='cuda:0', grad_fn=<DivBackward0>)
Memory status after this epoch: 
Memory allocated:  42.83642578125
Memory cached:  74.0
	 epoch  90 training error:  tensor(0.4603, device='cuda:0', grad_fn=<DivBackward0>)
Memory status after this epoch: 
Memory allocated:  42.83642578125
Memory cached:  72.0
[I 2023-12-06 11:51:52,101] Trial 27 finished with value: 0.3567732870578766 and parameters: {'W_layers': 7, 'W_layer_units_exponent_0': 5, 'W_layer_units_exponent_1': 5, 'W_layer_units_exponent_2': 5, 'W_layer_units_exponent_3': 7, 'W_layer_units_exponent_4': 5, 'W_layer_units_exponent_5': 6, 'W_layer_units_exponent_6': 9, 'D_layers': 8, 'D_layer_units_exponent_0': 4, 'D_layer_units_exponent_1': 6, 'D_layer_units_exponent_2': 7, 'D_layer_units_exponent_3': 7, 'D_layer_units_exponent_4': 8, 'D_layer_units_exponent_5': 8, 'D_layer_units_exponent_6': 9, 'D_layer_units_exponent_7': 4, 'log_learning_rate': -2.4864046039553105, 'log_learning_rate_D': -1.8519649898929123, 'training_batch_size': 7, 'training_p': 7}. Best is trial 20 with value: 0.33899202942848206.
Time for this trial:  16.692954778671265
Memory status after this trial: 
Memory allocated:  60.51904296875
Memory cached:  76.0
--------------------  Trial  28   --------------------
Start timing: 
Parameters: 
{'W_layers': 6, 'W_layer_units_exponent_0': 9, 'W_layer_units_exponent_1': 4, 'W_layer_units_exponent_2': 6, 'W_layer_units_exponent_3': 8, 'W_layer_units_exponent_4': 4, 'W_layer_units_exponent_5': 5, 'D_layers': 6, 'D_layer_units_exponent_0': 5, 'D_layer_units_exponent_1': 7, 'D_layer_units_exponent_2': 9, 'D_layer_units_exponent_3': 5, 'D_layer_units_exponent_4': 6, 'D_layer_units_exponent_5': 5, 'log_learning_rate': -2.8169525248345497, 'log_learning_rate_D': -2.50375998736658, 'training_batch_size': 11, 'training_p': 6}
	 epoch  0 training error:  tensor(1.3338, device='cuda:0', grad_fn=<DivBackward0>)
Memory status after this epoch: 
Memory allocated:  41.95556640625
Memory cached:  72.0
	 epoch  10 training error:  tensor(0.5741, device='cuda:0', grad_fn=<DivBackward0>)
Memory status after this epoch: 
Memory allocated:  41.95556640625
Memory cached:  72.0
	 epoch  20 training error:  tensor(0.4748, device='cuda:0', grad_fn=<DivBackward0>)
Memory status after this epoch: 
Memory allocated:  41.95556640625
Memory cached:  72.0
	 epoch  30 training error:  tensor(0.4469, device='cuda:0', grad_fn=<DivBackward0>)
Memory status after this epoch: 
Memory allocated:  41.95556640625
Memory cached:  72.0
	 epoch  40 training error:  tensor(0.4278, device='cuda:0', grad_fn=<DivBackward0>)
Memory status after this epoch: 
Memory allocated:  41.95556640625
Memory cached:  72.0
	 epoch  50 training error:  tensor(0.4024, device='cuda:0', grad_fn=<DivBackward0>)
Memory status after this epoch: 
Memory allocated:  41.95556640625
Memory cached:  72.0
	 epoch  60 training error:  tensor(0.3856, device='cuda:0', grad_fn=<DivBackward0>)
Memory status after this epoch: 
Memory allocated:  41.95556640625
Memory cached:  72.0
	 epoch  70 training error:  tensor(0.3763, device='cuda:0', grad_fn=<DivBackward0>)
Memory status after this epoch: 
Memory allocated:  41.95556640625
Memory cached:  72.0
	 epoch  80 training error:  tensor(0.3717, device='cuda:0', grad_fn=<DivBackward0>)
Memory status after this epoch: 
Memory allocated:  41.95556640625
Memory cached:  72.0
	 epoch  90 training error:  tensor(0.3699, device='cuda:0', grad_fn=<DivBackward0>)
Memory status after this epoch: 
Memory allocated:  41.95556640625
Memory cached:  72.0
[I 2023-12-06 11:52:08,363] Trial 28 finished with value: 0.3426206707954407 and parameters: {'W_layers': 6, 'W_layer_units_exponent_0': 9, 'W_layer_units_exponent_1': 4, 'W_layer_units_exponent_2': 6, 'W_layer_units_exponent_3': 8, 'W_layer_units_exponent_4': 4, 'W_layer_units_exponent_5': 5, 'D_layers': 6, 'D_layer_units_exponent_0': 5, 'D_layer_units_exponent_1': 7, 'D_layer_units_exponent_2': 9, 'D_layer_units_exponent_3': 5, 'D_layer_units_exponent_4': 6, 'D_layer_units_exponent_5': 5, 'log_learning_rate': -2.8169525248345497, 'log_learning_rate_D': -2.50375998736658, 'training_batch_size': 11, 'training_p': 6}. Best is trial 20 with value: 0.33899202942848206.
Time for this trial:  16.06438183784485
Memory status after this trial: 
Memory allocated:  61.87451171875
Memory cached:  72.0
--------------------  Trial  29   --------------------
Start timing: 
Parameters: 
{'W_layers': 6, 'W_layer_units_exponent_0': 9, 'W_layer_units_exponent_1': 4, 'W_layer_units_exponent_2': 6, 'W_layer_units_exponent_3': 8, 'W_layer_units_exponent_4': 10, 'W_layer_units_exponent_5': 6, 'D_layers': 6, 'D_layer_units_exponent_0': 5, 'D_layer_units_exponent_1': 8, 'D_layer_units_exponent_2': 10, 'D_layer_units_exponent_3': 5, 'D_layer_units_exponent_4': 6, 'D_layer_units_exponent_5': 5, 'log_learning_rate': -1.3422855858691833, 'log_learning_rate_D': -3.3741161421183095, 'training_batch_size': 12, 'training_p': 6}
	 epoch  0 training error:  tensor(0.9311, device='cuda:0', grad_fn=<DivBackward0>)
Memory status after this epoch: 
Memory allocated:  47.7294921875
Memory cached:  74.0
	 epoch  10 training error:  tensor(8.6314, device='cuda:0', grad_fn=<DivBackward0>)
Memory status after this epoch: 
Memory allocated:  47.7294921875
Memory cached:  74.0
	 epoch  20 training error:  tensor(2.0736, device='cuda:0', grad_fn=<DivBackward0>)
Memory status after this epoch: 
Memory allocated:  47.7294921875
Memory cached:  74.0
	 epoch  30 training error:  tensor(3.1596, device='cuda:0', grad_fn=<DivBackward0>)
Memory status after this epoch: 
Memory allocated:  47.7294921875
Memory cached:  74.0
	 epoch  40 training error:  tensor(4.2825, device='cuda:0', grad_fn=<DivBackward0>)
Memory status after this epoch: 
Memory allocated:  47.7294921875
Memory cached:  74.0
	 epoch  50 training error:  tensor(3.9550, device='cuda:0', grad_fn=<DivBackward0>)
Memory status after this epoch: 
Memory allocated:  47.7294921875
Memory cached:  74.0
	 epoch  60 training error:  tensor(3.0717, device='cuda:0', grad_fn=<DivBackward0>)
Memory status after this epoch: 
Memory allocated:  47.7294921875
Memory cached:  74.0
	 epoch  70 training error:  tensor(2.0085, device='cuda:0', grad_fn=<DivBackward0>)
Memory status after this epoch: 
Memory allocated:  47.7294921875
Memory cached:  74.0
	 epoch  80 training error:  tensor(0.9802, device='cuda:0', grad_fn=<DivBackward0>)
Memory status after this epoch: 
Memory allocated:  47.7294921875
Memory cached:  74.0
	 epoch  90 training error:  tensor(0.7616, device='cuda:0', grad_fn=<DivBackward0>)
Memory status after this epoch: 
Memory allocated:  47.7294921875
Memory cached:  74.0
[I 2023-12-06 11:52:25,138] Trial 29 finished with value: 0.7045730948448181 and parameters: {'W_layers': 6, 'W_layer_units_exponent_0': 9, 'W_layer_units_exponent_1': 4, 'W_layer_units_exponent_2': 6, 'W_layer_units_exponent_3': 8, 'W_layer_units_exponent_4': 10, 'W_layer_units_exponent_5': 6, 'D_layers': 6, 'D_layer_units_exponent_0': 5, 'D_layer_units_exponent_1': 8, 'D_layer_units_exponent_2': 10, 'D_layer_units_exponent_3': 5, 'D_layer_units_exponent_4': 6, 'D_layer_units_exponent_5': 5, 'log_learning_rate': -1.3422855858691833, 'log_learning_rate_D': -3.3741161421183095, 'training_batch_size': 12, 'training_p': 6}. Best is trial 20 with value: 0.33899202942848206.
Time for this trial:  16.581483602523804
Memory status after this trial: 
Memory allocated:  88.14990234375
Memory cached:  114.0
--------------------  Trial  30   --------------------
Start timing: 
Parameters: 
{'W_layers': 6, 'W_layer_units_exponent_0': 8, 'W_layer_units_exponent_1': 4, 'W_layer_units_exponent_2': 7, 'W_layer_units_exponent_3': 5, 'W_layer_units_exponent_4': 7, 'W_layer_units_exponent_5': 4, 'D_layers': 8, 'D_layer_units_exponent_0': 4, 'D_layer_units_exponent_1': 7, 'D_layer_units_exponent_2': 9, 'D_layer_units_exponent_3': 7, 'D_layer_units_exponent_4': 5, 'D_layer_units_exponent_5': 5, 'D_layer_units_exponent_6': 6, 'D_layer_units_exponent_7': 10, 'log_learning_rate': -2.0011374859774813, 'log_learning_rate_D': -2.4842200884560173, 'training_batch_size': 11, 'training_p': 6}
	 epoch  0 training error:  tensor(1.2509, device='cuda:0', grad_fn=<DivBackward0>)
Memory status after this epoch: 
Memory allocated:  42.1767578125
Memory cached:  72.0
	 epoch  10 training error:  tensor(0.5962, device='cuda:0', grad_fn=<DivBackward0>)
Memory status after this epoch: 
Memory allocated:  42.1767578125
Memory cached:  72.0
	 epoch  20 training error:  tensor(0.4339, device='cuda:0', grad_fn=<DivBackward0>)
Memory status after this epoch: 
Memory allocated:  42.1767578125
Memory cached:  72.0
	 epoch  30 training error:  tensor(0.4044, device='cuda:0', grad_fn=<DivBackward0>)
Memory status after this epoch: 
Memory allocated:  42.1767578125
Memory cached:  72.0
	 epoch  40 training error:  tensor(0.3722, device='cuda:0', grad_fn=<DivBackward0>)
Memory status after this epoch: 
Memory allocated:  42.1767578125
Memory cached:  72.0
	 epoch  50 training error:  tensor(0.3713, device='cuda:0', grad_fn=<DivBackward0>)
Memory status after this epoch: 
Memory allocated:  42.1767578125
Memory cached:  72.0
	 epoch  60 training error:  tensor(0.3665, device='cuda:0', grad_fn=<DivBackward0>)
Memory status after this epoch: 
Memory allocated:  42.1767578125
Memory cached:  72.0
	 epoch  70 training error:  tensor(0.3657, device='cuda:0', grad_fn=<DivBackward0>)
Memory status after this epoch: 
Memory allocated:  42.1767578125
Memory cached:  72.0
	 epoch  80 training error:  tensor(0.3668, device='cuda:0', grad_fn=<DivBackward0>)
Memory status after this epoch: 
Memory allocated:  42.1767578125
Memory cached:  72.0
	 epoch  90 training error:  tensor(0.3744, device='cuda:0', grad_fn=<DivBackward0>)
Memory status after this epoch: 
Memory allocated:  42.1767578125
Memory cached:  72.0
[I 2023-12-06 11:52:40,867] Trial 30 finished with value: 0.3473241329193115 and parameters: {'W_layers': 6, 'W_layer_units_exponent_0': 8, 'W_layer_units_exponent_1': 4, 'W_layer_units_exponent_2': 7, 'W_layer_units_exponent_3': 5, 'W_layer_units_exponent_4': 7, 'W_layer_units_exponent_5': 4, 'D_layers': 8, 'D_layer_units_exponent_0': 4, 'D_layer_units_exponent_1': 7, 'D_layer_units_exponent_2': 9, 'D_layer_units_exponent_3': 7, 'D_layer_units_exponent_4': 5, 'D_layer_units_exponent_5': 5, 'D_layer_units_exponent_6': 6, 'D_layer_units_exponent_7': 10, 'log_learning_rate': -2.0011374859774813, 'log_learning_rate_D': -2.4842200884560173, 'training_batch_size': 11, 'training_p': 6}. Best is trial 20 with value: 0.33899202942848206.
Time for this trial:  15.547977447509766
Memory status after this trial: 
Memory allocated:  54.43798828125
Memory cached:  74.0
--------------------  Trial  31   --------------------
Start timing: 
Parameters: 
{'W_layers': 7, 'W_layer_units_exponent_0': 10, 'W_layer_units_exponent_1': 5, 'W_layer_units_exponent_2': 6, 'W_layer_units_exponent_3': 7, 'W_layer_units_exponent_4': 4, 'W_layer_units_exponent_5': 5, 'W_layer_units_exponent_6': 9, 'D_layers': 7, 'D_layer_units_exponent_0': 5, 'D_layer_units_exponent_1': 6, 'D_layer_units_exponent_2': 8, 'D_layer_units_exponent_3': 4, 'D_layer_units_exponent_4': 7, 'D_layer_units_exponent_5': 6, 'D_layer_units_exponent_6': 9, 'log_learning_rate': -2.814194928999181, 'log_learning_rate_D': -2.9878821638325332, 'training_batch_size': 10, 'training_p': 7}
	 epoch  0 training error:  tensor(1.1122, device='cuda:0', grad_fn=<DivBackward0>)
Memory status after this epoch: 
Memory allocated:  42.38232421875
Memory cached:  74.0
	 epoch  10 training error:  tensor(0.5186, device='cuda:0', grad_fn=<DivBackward0>)
Memory status after this epoch: 
Memory allocated:  42.38232421875
Memory cached:  74.0
	 epoch  20 training error:  tensor(0.4503, device='cuda:0', grad_fn=<DivBackward0>)
Memory status after this epoch: 
Memory allocated:  42.38232421875
Memory cached:  74.0
	 epoch  30 training error:  tensor(0.4059, device='cuda:0', grad_fn=<DivBackward0>)
Memory status after this epoch: 
Memory allocated:  42.38232421875
Memory cached:  74.0
	 epoch  40 training error:  tensor(0.3858, device='cuda:0', grad_fn=<DivBackward0>)
Memory status after this epoch: 
Memory allocated:  42.38232421875
Memory cached:  74.0
	 epoch  50 training error:  tensor(0.3738, device='cuda:0', grad_fn=<DivBackward0>)
Memory status after this epoch: 
Memory allocated:  42.38232421875
Memory cached:  74.0
	 epoch  60 training error:  tensor(0.3702, device='cuda:0', grad_fn=<DivBackward0>)
Memory status after this epoch: 
Memory allocated:  42.38232421875
Memory cached:  74.0
	 epoch  70 training error:  tensor(0.3679, device='cuda:0', grad_fn=<DivBackward0>)
Memory status after this epoch: 
Memory allocated:  42.38232421875
Memory cached:  74.0
	 epoch  80 training error:  tensor(0.3682, device='cuda:0', grad_fn=<DivBackward0>)
Memory status after this epoch: 
Memory allocated:  42.38232421875
Memory cached:  74.0
	 epoch  90 training error:  tensor(0.3667, device='cuda:0', grad_fn=<DivBackward0>)
Memory status after this epoch: 
Memory allocated:  42.38232421875
Memory cached:  74.0
[I 2023-12-06 11:52:57,934] Trial 31 finished with value: 0.3555174767971039 and parameters: {'W_layers': 7, 'W_layer_units_exponent_0': 10, 'W_layer_units_exponent_1': 5, 'W_layer_units_exponent_2': 6, 'W_layer_units_exponent_3': 7, 'W_layer_units_exponent_4': 4, 'W_layer_units_exponent_5': 5, 'W_layer_units_exponent_6': 9, 'D_layers': 7, 'D_layer_units_exponent_0': 5, 'D_layer_units_exponent_1': 6, 'D_layer_units_exponent_2': 8, 'D_layer_units_exponent_3': 4, 'D_layer_units_exponent_4': 7, 'D_layer_units_exponent_5': 6, 'D_layer_units_exponent_6': 9, 'log_learning_rate': -2.814194928999181, 'log_learning_rate_D': -2.9878821638325332, 'training_batch_size': 10, 'training_p': 7}. Best is trial 20 with value: 0.33899202942848206.
Time for this trial:  16.88687229156494
Memory status after this trial: 
Memory allocated:  83.33642578125
Memory cached:  94.0
--------------------  Trial  32   --------------------
Start timing: 
Parameters: 
{'W_layers': 8, 'W_layer_units_exponent_0': 10, 'W_layer_units_exponent_1': 5, 'W_layer_units_exponent_2': 5, 'W_layer_units_exponent_3': 8, 'W_layer_units_exponent_4': 4, 'W_layer_units_exponent_5': 5, 'W_layer_units_exponent_6': 7, 'W_layer_units_exponent_7': 4, 'D_layers': 6, 'D_layer_units_exponent_0': 6, 'D_layer_units_exponent_1': 8, 'D_layer_units_exponent_2': 7, 'D_layer_units_exponent_3': 5, 'D_layer_units_exponent_4': 7, 'D_layer_units_exponent_5': 8, 'log_learning_rate': -2.5051390611502096, 'log_learning_rate_D': -2.3515966276580915, 'training_batch_size': 8, 'training_p': 8}
	 epoch  0 training error:  tensor(0.8288, device='cuda:0', grad_fn=<DivBackward0>)
Memory status after this epoch: 
Memory allocated:  42.326171875
Memory cached:  74.0
	 epoch  10 training error:  tensor(0.4870, device='cuda:0', grad_fn=<DivBackward0>)
Memory status after this epoch: 
Memory allocated:  42.326171875
Memory cached:  74.0
	 epoch  20 training error:  tensor(0.4296, device='cuda:0', grad_fn=<DivBackward0>)
Memory status after this epoch: 
Memory allocated:  42.326171875
Memory cached:  74.0
	 epoch  30 training error:  tensor(0.3828, device='cuda:0', grad_fn=<DivBackward0>)
Memory status after this epoch: 
Memory allocated:  42.326171875
Memory cached:  74.0
	 epoch  40 training error:  tensor(0.3733, device='cuda:0', grad_fn=<DivBackward0>)
Memory status after this epoch: 
Memory allocated:  42.326171875
Memory cached:  74.0
	 epoch  50 training error:  tensor(0.3718, device='cuda:0', grad_fn=<DivBackward0>)
Memory status after this epoch: 
Memory allocated:  42.326171875
Memory cached:  74.0
	 epoch  60 training error:  tensor(0.3728, device='cuda:0', grad_fn=<DivBackward0>)
Memory status after this epoch: 
Memory allocated:  42.326171875
Memory cached:  74.0
	 epoch  70 training error:  tensor(0.3691, device='cuda:0', grad_fn=<DivBackward0>)
Memory status after this epoch: 
Memory allocated:  42.326171875
Memory cached:  74.0
	 epoch  80 training error:  tensor(0.3680, device='cuda:0', grad_fn=<DivBackward0>)
Memory status after this epoch: 
Memory allocated:  42.326171875
Memory cached:  74.0
	 epoch  90 training error:  tensor(0.3710, device='cuda:0', grad_fn=<DivBackward0>)
Memory status after this epoch: 
Memory allocated:  42.326171875
Memory cached:  74.0
