[I 2024-02-17 20:19:05,496] Trial 149 finished with value: 0.07705803960561752 and parameters: {'W_layers': 6, 'W_layer_units_exponent_0': 4, 'W_layer_units_exponent_1': 4, 'W_layer_units_exponent_2': 10, 'W_layer_units_exponent_3': 7, 'W_layer_units_exponent_4': 9, 'W_layer_units_exponent_5': 5, 'D_layers': 7, 'D_layer_units_exponent_0': 6, 'D_layer_units_exponent_1': 10, 'D_layer_units_exponent_2': 9, 'D_layer_units_exponent_3': 4, 'D_layer_units_exponent_4': 9, 'D_layer_units_exponent_5': 9, 'D_layer_units_exponent_6': 4, 'D_dagger_layers': 6, 'D_dagger_layer_units_exponent_0': 7, 'D_dagger_layer_units_exponent_1': 7, 'D_dagger_layer_units_exponent_2': 7, 'D_dagger_layer_units_exponent_3': 9, 'D_dagger_layer_units_exponent_4': 7, 'D_dagger_layer_units_exponent_5': 6, 'log_learning_rate': -4.058323103574821, 'log_learning_rate_D': -4.800470237806759, 'log_learning_rate_D_dagger': -3.6364257053855686, 'training_batch_size': 6, 'training_p': 4}. Best is trial 105 with value: 0.07091378420591354.
Time for this trial:  993.2824227809906
Memory status after this trial: 
Memory allocated:  2434.03857421875
Memory cached:  2456.0
--------------------  Trial  150   --------------------
Start timing: 
Parameters: 
{'W_layers': 6, 'W_layer_units_exponent_0': 5, 'W_layer_units_exponent_1': 4, 'W_layer_units_exponent_2': 9, 'W_layer_units_exponent_3': 7, 'W_layer_units_exponent_4': 10, 'W_layer_units_exponent_5': 4, 'D_layers': 8, 'D_layer_units_exponent_0': 8, 'D_layer_units_exponent_1': 10, 'D_layer_units_exponent_2': 10, 'D_layer_units_exponent_3': 4, 'D_layer_units_exponent_4': 10, 'D_layer_units_exponent_5': 10, 'D_layer_units_exponent_6': 4, 'D_layer_units_exponent_7': 4, 'D_dagger_layers': 6, 'D_dagger_layer_units_exponent_0': 7, 'D_dagger_layer_units_exponent_1': 6, 'D_dagger_layer_units_exponent_2': 6, 'D_dagger_layer_units_exponent_3': 10, 'D_dagger_layer_units_exponent_4': 10, 'D_dagger_layer_units_exponent_5': 7, 'log_learning_rate': -4.371261057509397, 'log_learning_rate_D': -4.417170367496173, 'log_learning_rate_D_dagger': -4.1294121870651415, 'training_batch_size': 6, 'training_p': 4}
	 epoch  0 training error:  tensor(0.9008, device='cuda:0', grad_fn=<DivBackward0>)
Memory status after this epoch: 
Memory allocated:  1323.41796875
Memory cached:  1960.0
	 epoch  10 training error:  tensor(0.1624, device='cuda:0', grad_fn=<DivBackward0>)
Memory status after this epoch: 
Memory allocated:  1323.41796875
Memory cached:  2056.0
	 epoch  20 training error:  tensor(0.1215, device='cuda:0', grad_fn=<DivBackward0>)
Memory status after this epoch: 
Memory allocated:  1323.41796875
Memory cached:  2054.0
	 epoch  30 training error:  tensor(0.1064, device='cuda:0', grad_fn=<DivBackward0>)
Memory status after this epoch: 
Memory allocated:  1323.41796875
Memory cached:  2068.0
	 epoch  40 training error:  tensor(0.1058, device='cuda:0', grad_fn=<DivBackward0>)
Memory status after this epoch: 
Memory allocated:  1323.41796875
Memory cached:  2054.0
	 epoch  50 training error:  tensor(0.1046, device='cuda:0', grad_fn=<DivBackward0>)
Memory status after this epoch: 
Memory allocated:  1323.41796875
Memory cached:  2060.0
	 epoch  60 training error:  tensor(0.1026, device='cuda:0', grad_fn=<DivBackward0>)
Memory status after this epoch: 
Memory allocated:  1323.41796875
Memory cached:  2054.0
	 epoch  70 training error:  tensor(0.1031, device='cuda:0', grad_fn=<DivBackward0>)
Memory status after this epoch: 
Memory allocated:  1323.41796875
Memory cached:  2046.0
	 epoch  80 training error:  tensor(0.1014, device='cuda:0', grad_fn=<DivBackward0>)
Memory status after this epoch: 
Memory allocated:  1323.41796875
Memory cached:  2066.0
	 epoch  90 training error:  tensor(0.1022, device='cuda:0', grad_fn=<DivBackward0>)
Memory status after this epoch: 
Memory allocated:  1323.41796875
Memory cached:  2052.0
[I 2024-02-17 20:36:39,294] Trial 150 finished with value: 0.08496277779340744 and parameters: {'W_layers': 6, 'W_layer_units_exponent_0': 5, 'W_layer_units_exponent_1': 4, 'W_layer_units_exponent_2': 9, 'W_layer_units_exponent_3': 7, 'W_layer_units_exponent_4': 10, 'W_layer_units_exponent_5': 4, 'D_layers': 8, 'D_layer_units_exponent_0': 8, 'D_layer_units_exponent_1': 10, 'D_layer_units_exponent_2': 10, 'D_layer_units_exponent_3': 4, 'D_layer_units_exponent_4': 10, 'D_layer_units_exponent_5': 10, 'D_layer_units_exponent_6': 4, 'D_layer_units_exponent_7': 4, 'D_dagger_layers': 6, 'D_dagger_layer_units_exponent_0': 7, 'D_dagger_layer_units_exponent_1': 6, 'D_dagger_layer_units_exponent_2': 6, 'D_dagger_layer_units_exponent_3': 10, 'D_dagger_layer_units_exponent_4': 10, 'D_dagger_layer_units_exponent_5': 7, 'log_learning_rate': -4.371261057509397, 'log_learning_rate_D': -4.417170367496173, 'log_learning_rate_D_dagger': -4.1294121870651415, 'training_batch_size': 6, 'training_p': 4}. Best is trial 105 with value: 0.07091378420591354.
Time for this trial:  1053.079737663269
Memory status after this trial: 
Memory allocated:  3108.45166015625
Memory cached:  3132.0
--------------------  Trial  151   --------------------
Start timing: 
Parameters: 
{'W_layers': 6, 'W_layer_units_exponent_0': 5, 'W_layer_units_exponent_1': 4, 'W_layer_units_exponent_2': 10, 'W_layer_units_exponent_3': 7, 'W_layer_units_exponent_4': 9, 'W_layer_units_exponent_5': 5, 'D_layers': 7, 'D_layer_units_exponent_0': 8, 'D_layer_units_exponent_1': 10, 'D_layer_units_exponent_2': 9, 'D_layer_units_exponent_3': 4, 'D_layer_units_exponent_4': 8, 'D_layer_units_exponent_5': 9, 'D_layer_units_exponent_6': 6, 'D_dagger_layers': 7, 'D_dagger_layer_units_exponent_0': 7, 'D_dagger_layer_units_exponent_1': 7, 'D_dagger_layer_units_exponent_2': 6, 'D_dagger_layer_units_exponent_3': 9, 'D_dagger_layer_units_exponent_4': 9, 'D_dagger_layer_units_exponent_5': 6, 'D_dagger_layer_units_exponent_6': 8, 'log_learning_rate': -4.428547720063958, 'log_learning_rate_D': -4.718991889158273, 'log_learning_rate_D_dagger': -3.4921178832145463, 'training_batch_size': 6, 'training_p': 5}
	 epoch  0 training error:  tensor(0.8184, device='cuda:0', grad_fn=<DivBackward0>)
Memory status after this epoch: 
Memory allocated:  1287.875
Memory cached:  1914.0
	 epoch  10 training error:  tensor(0.1532, device='cuda:0', grad_fn=<DivBackward0>)
Memory status after this epoch: 
Memory allocated:  1287.875
Memory cached:  2008.0
	 epoch  20 training error:  tensor(0.1148, device='cuda:0', grad_fn=<DivBackward0>)
Memory status after this epoch: 
Memory allocated:  1287.875
Memory cached:  2016.0
	 epoch  30 training error:  tensor(0.1104, device='cuda:0', grad_fn=<DivBackward0>)
Memory status after this epoch: 
Memory allocated:  1287.875
Memory cached:  2010.0
	 epoch  40 training error:  tensor(0.1091, device='cuda:0', grad_fn=<DivBackward0>)
Memory status after this epoch: 
Memory allocated:  1287.875
Memory cached:  2016.0
	 epoch  50 training error:  tensor(0.0994, device='cuda:0', grad_fn=<DivBackward0>)
Memory status after this epoch: 
Memory allocated:  1287.875
Memory cached:  2016.0
	 epoch  60 training error:  tensor(0.1001, device='cuda:0', grad_fn=<DivBackward0>)
Memory status after this epoch: 
Memory allocated:  1287.875
Memory cached:  2016.0
	 epoch  70 training error:  tensor(0.1003, device='cuda:0', grad_fn=<DivBackward0>)
Memory status after this epoch: 
Memory allocated:  1287.875
Memory cached:  2010.0
	 epoch  80 training error:  tensor(0.0975, device='cuda:0', grad_fn=<DivBackward0>)
Memory status after this epoch: 
Memory allocated:  1287.875
Memory cached:  2016.0
	 epoch  90 training error:  tensor(0.0978, device='cuda:0', grad_fn=<DivBackward0>)
Memory status after this epoch: 
Memory allocated:  1287.875
Memory cached:  2014.0
[I 2024-02-17 20:53:59,681] Trial 151 finished with value: 0.07656419277191162 and parameters: {'W_layers': 6, 'W_layer_units_exponent_0': 5, 'W_layer_units_exponent_1': 4, 'W_layer_units_exponent_2': 10, 'W_layer_units_exponent_3': 7, 'W_layer_units_exponent_4': 9, 'W_layer_units_exponent_5': 5, 'D_layers': 7, 'D_layer_units_exponent_0': 8, 'D_layer_units_exponent_1': 10, 'D_layer_units_exponent_2': 9, 'D_layer_units_exponent_3': 4, 'D_layer_units_exponent_4': 8, 'D_layer_units_exponent_5': 9, 'D_layer_units_exponent_6': 6, 'D_dagger_layers': 7, 'D_dagger_layer_units_exponent_0': 7, 'D_dagger_layer_units_exponent_1': 7, 'D_dagger_layer_units_exponent_2': 6, 'D_dagger_layer_units_exponent_3': 9, 'D_dagger_layer_units_exponent_4': 9, 'D_dagger_layer_units_exponent_5': 6, 'D_dagger_layer_units_exponent_6': 8, 'log_learning_rate': -4.428547720063958, 'log_learning_rate_D': -4.718991889158273, 'log_learning_rate_D_dagger': -3.4921178832145463, 'training_batch_size': 6, 'training_p': 5}. Best is trial 105 with value: 0.07091378420591354.
Time for this trial:  1039.6878345012665
Memory status after this trial: 
Memory allocated:  2551.97412109375
Memory cached:  2578.0
--------------------  Trial  152   --------------------
Start timing: 
Parameters: 
{'W_layers': 6, 'W_layer_units_exponent_0': 4, 'W_layer_units_exponent_1': 5, 'W_layer_units_exponent_2': 10, 'W_layer_units_exponent_3': 8, 'W_layer_units_exponent_4': 9, 'W_layer_units_exponent_5': 4, 'D_layers': 7, 'D_layer_units_exponent_0': 5, 'D_layer_units_exponent_1': 10, 'D_layer_units_exponent_2': 10, 'D_layer_units_exponent_3': 4, 'D_layer_units_exponent_4': 4, 'D_layer_units_exponent_5': 8, 'D_layer_units_exponent_6': 5, 'D_dagger_layers': 6, 'D_dagger_layer_units_exponent_0': 5, 'D_dagger_layer_units_exponent_1': 8, 'D_dagger_layer_units_exponent_2': 6, 'D_dagger_layer_units_exponent_3': 10, 'D_dagger_layer_units_exponent_4': 9, 'D_dagger_layer_units_exponent_5': 4, 'log_learning_rate': -4.296897567767416, 'log_learning_rate_D': -1.8857569369769847, 'log_learning_rate_D_dagger': -3.9129403903494997, 'training_batch_size': 6, 'training_p': 3}
	 epoch  0 training error:  tensor(0.8233, device='cuda:0', grad_fn=<DivBackward0>)
Memory status after this epoch: 
Memory allocated:  1297.130859375
Memory cached:  1928.0
	 epoch  10 training error:  tensor(0.1470, device='cuda:0', grad_fn=<DivBackward0>)
Memory status after this epoch: 
Memory allocated:  1297.130859375
Memory cached:  1946.0
	 epoch  20 training error:  tensor(0.0989, device='cuda:0', grad_fn=<DivBackward0>)
Memory status after this epoch: 
Memory allocated:  1297.130859375
Memory cached:  1940.0
	 epoch  30 training error:  tensor(0.0963, device='cuda:0', grad_fn=<DivBackward0>)
Memory status after this epoch: 
Memory allocated:  1297.130859375
Memory cached:  1934.0
	 epoch  40 training error:  tensor(0.0953, device='cuda:0', grad_fn=<DivBackward0>)
Memory status after this epoch: 
Memory allocated:  1297.130859375
Memory cached:  1942.0
	 epoch  50 training error:  tensor(0.0952, device='cuda:0', grad_fn=<DivBackward0>)
Memory status after this epoch: 
Memory allocated:  1297.130859375
Memory cached:  1936.0
	 epoch  60 training error:  tensor(0.0951, device='cuda:0', grad_fn=<DivBackward0>)
Memory status after this epoch: 
Memory allocated:  1297.130859375
Memory cached:  1944.0
	 epoch  70 training error:  tensor(0.0957, device='cuda:0', grad_fn=<DivBackward0>)
Memory status after this epoch: 
Memory allocated:  1297.130859375
Memory cached:  1936.0
	 epoch  80 training error:  tensor(0.0947, device='cuda:0', grad_fn=<DivBackward0>)
Memory status after this epoch: 
Memory allocated:  1297.130859375
Memory cached:  1932.0
	 epoch  90 training error:  tensor(0.0958, device='cuda:0', grad_fn=<DivBackward0>)
Memory status after this epoch: 
Memory allocated:  1297.130859375
Memory cached:  1936.0
[I 2024-02-17 21:10:45,334] Trial 152 finished with value: 0.0851791575551033 and parameters: {'W_layers': 6, 'W_layer_units_exponent_0': 4, 'W_layer_units_exponent_1': 5, 'W_layer_units_exponent_2': 10, 'W_layer_units_exponent_3': 8, 'W_layer_units_exponent_4': 9, 'W_layer_units_exponent_5': 4, 'D_layers': 7, 'D_layer_units_exponent_0': 5, 'D_layer_units_exponent_1': 10, 'D_layer_units_exponent_2': 10, 'D_layer_units_exponent_3': 4, 'D_layer_units_exponent_4': 4, 'D_layer_units_exponent_5': 8, 'D_layer_units_exponent_6': 5, 'D_dagger_layers': 6, 'D_dagger_layer_units_exponent_0': 5, 'D_dagger_layer_units_exponent_1': 8, 'D_dagger_layer_units_exponent_2': 6, 'D_dagger_layer_units_exponent_3': 10, 'D_dagger_layer_units_exponent_4': 9, 'D_dagger_layer_units_exponent_5': 4, 'log_learning_rate': -4.296897567767416, 'log_learning_rate_D': -1.8857569369769847, 'log_learning_rate_D_dagger': -3.9129403903494997, 'training_batch_size': 6, 'training_p': 3}. Best is trial 105 with value: 0.07091378420591354.
Time for this trial:  1004.9179980754852
Memory status after this trial: 
Memory allocated:  2589.81982421875
Memory cached:  2624.0
--------------------  Trial  153   --------------------
Start timing: 
Parameters: 
{'W_layers': 6, 'W_layer_units_exponent_0': 4, 'W_layer_units_exponent_1': 4, 'W_layer_units_exponent_2': 10, 'W_layer_units_exponent_3': 7, 'W_layer_units_exponent_4': 9, 'W_layer_units_exponent_5': 5, 'D_layers': 7, 'D_layer_units_exponent_0': 8, 'D_layer_units_exponent_1': 10, 'D_layer_units_exponent_2': 10, 'D_layer_units_exponent_3': 4, 'D_layer_units_exponent_4': 7, 'D_layer_units_exponent_5': 10, 'D_layer_units_exponent_6': 8, 'D_dagger_layers': 6, 'D_dagger_layer_units_exponent_0': 7, 'D_dagger_layer_units_exponent_1': 7, 'D_dagger_layer_units_exponent_2': 6, 'D_dagger_layer_units_exponent_3': 10, 'D_dagger_layer_units_exponent_4': 6, 'D_dagger_layer_units_exponent_5': 4, 'log_learning_rate': -4.164278801752414, 'log_learning_rate_D': -4.548046581995592, 'log_learning_rate_D_dagger': -3.7867811603207815, 'training_batch_size': 6, 'training_p': 4}
	 epoch  0 training error:  tensor(0.8717, device='cuda:0', grad_fn=<DivBackward0>)
Memory status after this epoch: 
Memory allocated:  1296.244140625
Memory cached:  1892.0
	 epoch  10 training error:  tensor(0.1618, device='cuda:0', grad_fn=<DivBackward0>)
Memory status after this epoch: 
Memory allocated:  1296.244140625
Memory cached:  1962.0
	 epoch  20 training error:  tensor(0.1218, device='cuda:0', grad_fn=<DivBackward0>)
Memory status after this epoch: 
Memory allocated:  1296.244140625
Memory cached:  1966.0
	 epoch  30 training error:  tensor(0.1029, device='cuda:0', grad_fn=<DivBackward0>)
Memory status after this epoch: 
Memory allocated:  1296.244140625
Memory cached:  1968.0
	 epoch  40 training error:  tensor(0.1021, device='cuda:0', grad_fn=<DivBackward0>)
Memory status after this epoch: 
Memory allocated:  1296.244140625
Memory cached:  1966.0
	 epoch  50 training error:  tensor(0.1017, device='cuda:0', grad_fn=<DivBackward0>)
Memory status after this epoch: 
Memory allocated:  1296.244140625
Memory cached:  1970.0
	 epoch  60 training error:  tensor(0.1022, device='cuda:0', grad_fn=<DivBackward0>)
Memory status after this epoch: 
Memory allocated:  1296.244140625
Memory cached:  1970.0
	 epoch  70 training error:  tensor(0.1058, device='cuda:0', grad_fn=<DivBackward0>)
Memory status after this epoch: 
Memory allocated:  1296.244140625
Memory cached:  1970.0
	 epoch  80 training error:  tensor(0.1016, device='cuda:0', grad_fn=<DivBackward0>)
Memory status after this epoch: 
Memory allocated:  1296.244140625
Memory cached:  1966.0
	 epoch  90 training error:  tensor(0.1035, device='cuda:0', grad_fn=<DivBackward0>)
Memory status after this epoch: 
Memory allocated:  1296.244140625
Memory cached:  1966.0
[I 2024-02-17 21:27:26,287] Trial 153 finished with value: 0.08371598273515701 and parameters: {'W_layers': 6, 'W_layer_units_exponent_0': 4, 'W_layer_units_exponent_1': 4, 'W_layer_units_exponent_2': 10, 'W_layer_units_exponent_3': 7, 'W_layer_units_exponent_4': 9, 'W_layer_units_exponent_5': 5, 'D_layers': 7, 'D_layer_units_exponent_0': 8, 'D_layer_units_exponent_1': 10, 'D_layer_units_exponent_2': 10, 'D_layer_units_exponent_3': 4, 'D_layer_units_exponent_4': 7, 'D_layer_units_exponent_5': 10, 'D_layer_units_exponent_6': 8, 'D_dagger_layers': 6, 'D_dagger_layer_units_exponent_0': 7, 'D_dagger_layer_units_exponent_1': 7, 'D_dagger_layer_units_exponent_2': 6, 'D_dagger_layer_units_exponent_3': 10, 'D_dagger_layer_units_exponent_4': 6, 'D_dagger_layer_units_exponent_5': 4, 'log_learning_rate': -4.164278801752414, 'log_learning_rate_D': -4.548046581995592, 'log_learning_rate_D_dagger': -3.7867811603207815, 'training_batch_size': 6, 'training_p': 4}. Best is trial 105 with value: 0.07091378420591354.
Time for this trial:  1000.3082401752472
Memory status after this trial: 
Memory allocated:  2733.09228515625
Memory cached:  2754.0
--------------------  Trial  154   --------------------
Start timing: 
Parameters: 
{'W_layers': 6, 'W_layer_units_exponent_0': 4, 'W_layer_units_exponent_1': 4, 'W_layer_units_exponent_2': 10, 'W_layer_units_exponent_3': 4, 'W_layer_units_exponent_4': 9, 'W_layer_units_exponent_5': 5, 'D_layers': 7, 'D_layer_units_exponent_0': 8, 'D_layer_units_exponent_1': 10, 'D_layer_units_exponent_2': 9, 'D_layer_units_exponent_3': 4, 'D_layer_units_exponent_4': 9, 'D_layer_units_exponent_5': 9, 'D_layer_units_exponent_6': 4, 'D_dagger_layers': 6, 'D_dagger_layer_units_exponent_0': 7, 'D_dagger_layer_units_exponent_1': 6, 'D_dagger_layer_units_exponent_2': 7, 'D_dagger_layer_units_exponent_3': 9, 'D_dagger_layer_units_exponent_4': 8, 'D_dagger_layer_units_exponent_5': 6, 'log_learning_rate': -4.243832429930973, 'log_learning_rate_D': -2.397455442642679, 'log_learning_rate_D_dagger': -4.27986863851555, 'training_batch_size': 6, 'training_p': 6}
	 epoch  0 training error:  tensor(0.9627, device='cuda:0', grad_fn=<DivBackward0>)
Memory status after this epoch: 
Memory allocated:  1284.802734375
Memory cached:  1878.0
	 epoch  10 training error:  tensor(0.2532, device='cuda:0', grad_fn=<DivBackward0>)
Memory status after this epoch: 
Memory allocated:  1284.802734375
Memory cached:  1930.0
	 epoch  20 training error:  tensor(0.1662, device='cuda:0', grad_fn=<DivBackward0>)
Memory status after this epoch: 
Memory allocated:  1284.802734375
Memory cached:  1930.0
	 epoch  30 training error:  tensor(0.1559, device='cuda:0', grad_fn=<DivBackward0>)
Memory status after this epoch: 
Memory allocated:  1284.802734375
Memory cached:  1922.0
	 epoch  40 training error:  tensor(0.1443, device='cuda:0', grad_fn=<DivBackward0>)
Memory status after this epoch: 
Memory allocated:  1284.802734375
Memory cached:  1918.0
	 epoch  50 training error:  tensor(0.1347, device='cuda:0', grad_fn=<DivBackward0>)
Memory status after this epoch: 
Memory allocated:  1284.802734375
Memory cached:  1930.0
	 epoch  60 training error:  tensor(0.1213, device='cuda:0', grad_fn=<DivBackward0>)
Memory status after this epoch: 
Memory allocated:  1284.802734375
Memory cached:  1926.0
	 epoch  70 training error:  tensor(0.1175, device='cuda:0', grad_fn=<DivBackward0>)
Memory status after this epoch: 
Memory allocated:  1284.802734375
Memory cached:  1918.0
	 epoch  80 training error:  tensor(0.1159, device='cuda:0', grad_fn=<DivBackward0>)
Memory status after this epoch: 
Memory allocated:  1284.802734375
Memory cached:  1932.0
	 epoch  90 training error:  tensor(0.1154, device='cuda:0', grad_fn=<DivBackward0>)
Memory status after this epoch: 
Memory allocated:  1284.802734375
Memory cached:  1916.0
