[I 2024-01-13 02:18:43,813] Trial 74 finished with value: 0.09151023626327515 and parameters: {'W_layers': 5, 'W_layer_units_exponent_0': 5, 'W_layer_units_exponent_1': 4, 'W_layer_units_exponent_2': 6, 'W_layer_units_exponent_3': 4, 'W_layer_units_exponent_4': 9, 'D_layers': 2, 'D_layer_units_exponent_0': 9, 'D_layer_units_exponent_1': 6, 'D_dagger_layers': 4, 'D_dagger_layer_units_exponent_0': 5, 'D_dagger_layer_units_exponent_1': 8, 'D_dagger_layer_units_exponent_2': 10, 'D_dagger_layer_units_exponent_3': 8, 'log_learning_rate': -2.1699072309732843, 'log_learning_rate_D': -3.7417924846079953, 'log_learning_rate_D_dagger': -4.510652038102468, 'training_batch_size': 6, 'training_p': 3}. Best is trial 49 with value: 0.07665807753801346.
Time for this trial:  412.1145009994507
Memory status after this trial: 
Memory allocated:  1062.60546875
Memory cached:  1284.0
--------------------  Trial  75   --------------------
Start timing: 
Parameters: 
{'W_layers': 6, 'W_layer_units_exponent_0': 4, 'W_layer_units_exponent_1': 7, 'W_layer_units_exponent_2': 7, 'W_layer_units_exponent_3': 5, 'W_layer_units_exponent_4': 10, 'W_layer_units_exponent_5': 9, 'D_layers': 8, 'D_layer_units_exponent_0': 10, 'D_layer_units_exponent_1': 5, 'D_layer_units_exponent_2': 8, 'D_layer_units_exponent_3': 8, 'D_layer_units_exponent_4': 7, 'D_layer_units_exponent_5': 10, 'D_layer_units_exponent_6': 9, 'D_layer_units_exponent_7': 8, 'D_dagger_layers': 6, 'D_dagger_layer_units_exponent_0': 7, 'D_dagger_layer_units_exponent_1': 9, 'D_dagger_layer_units_exponent_2': 9, 'D_dagger_layer_units_exponent_3': 6, 'D_dagger_layer_units_exponent_4': 6, 'D_dagger_layer_units_exponent_5': 9, 'log_learning_rate': -2.2561515871946964, 'log_learning_rate_D': -4.142666837285816, 'log_learning_rate_D_dagger': -4.262152069521147, 'training_batch_size': 6, 'training_p': 4}
	 epoch  0 training error:  tensor(4.4363, device='cuda:0', grad_fn=<DivBackward0>)
Memory status after this epoch: 
Memory allocated:  802.9560546875
Memory cached:  1294.0
	 epoch  10 training error:  tensor(0.4186, device='cuda:0', grad_fn=<DivBackward0>)
Memory status after this epoch: 
Memory allocated:  802.9560546875
Memory cached:  1318.0
	 epoch  20 training error:  tensor(0.1921, device='cuda:0', grad_fn=<DivBackward0>)
Memory status after this epoch: 
Memory allocated:  802.9560546875
Memory cached:  1322.0
	 epoch  30 training error:  tensor(0.1570, device='cuda:0', grad_fn=<DivBackward0>)
Memory status after this epoch: 
Memory allocated:  802.9560546875
Memory cached:  1316.0
	 epoch  40 training error:  tensor(0.1332, device='cuda:0', grad_fn=<DivBackward0>)
Memory status after this epoch: 
Memory allocated:  802.9560546875
Memory cached:  1314.0
	 epoch  50 training error:  tensor(0.1122, device='cuda:0', grad_fn=<DivBackward0>)
Memory status after this epoch: 
Memory allocated:  802.9560546875
Memory cached:  1312.0
	 epoch  60 training error:  tensor(0.1038, device='cuda:0', grad_fn=<DivBackward0>)
Memory status after this epoch: 
Memory allocated:  802.9560546875
Memory cached:  1312.0
	 epoch  70 training error:  tensor(0.1054, device='cuda:0', grad_fn=<DivBackward0>)
Memory status after this epoch: 
Memory allocated:  802.9560546875
Memory cached:  1314.0
	 epoch  80 training error:  tensor(0.0959, device='cuda:0', grad_fn=<DivBackward0>)
Memory status after this epoch: 
Memory allocated:  802.9560546875
Memory cached:  1314.0
	 epoch  90 training error:  tensor(0.0937, device='cuda:0', grad_fn=<DivBackward0>)
Memory status after this epoch: 
Memory allocated:  802.9560546875
Memory cached:  1320.0
[I 2024-01-13 02:29:24,103] Trial 75 finished with value: 0.07884466648101807 and parameters: {'W_layers': 6, 'W_layer_units_exponent_0': 4, 'W_layer_units_exponent_1': 7, 'W_layer_units_exponent_2': 7, 'W_layer_units_exponent_3': 5, 'W_layer_units_exponent_4': 10, 'W_layer_units_exponent_5': 9, 'D_layers': 8, 'D_layer_units_exponent_0': 10, 'D_layer_units_exponent_1': 5, 'D_layer_units_exponent_2': 8, 'D_layer_units_exponent_3': 8, 'D_layer_units_exponent_4': 7, 'D_layer_units_exponent_5': 10, 'D_layer_units_exponent_6': 9, 'D_layer_units_exponent_7': 8, 'D_dagger_layers': 6, 'D_dagger_layer_units_exponent_0': 7, 'D_dagger_layer_units_exponent_1': 9, 'D_dagger_layer_units_exponent_2': 9, 'D_dagger_layer_units_exponent_3': 6, 'D_dagger_layer_units_exponent_4': 6, 'D_dagger_layer_units_exponent_5': 9, 'log_learning_rate': -2.2561515871946964, 'log_learning_rate_D': -4.142666837285816, 'log_learning_rate_D_dagger': -4.262152069521147, 'training_batch_size': 6, 'training_p': 4}. Best is trial 49 with value: 0.07665807753801346.
Time for this trial:  639.7734789848328
Memory status after this trial: 
Memory allocated:  1525.984375
Memory cached:  1558.0
--------------------  Trial  76   --------------------
Start timing: 
Parameters: 
{'W_layers': 8, 'W_layer_units_exponent_0': 5, 'W_layer_units_exponent_1': 6, 'W_layer_units_exponent_2': 7, 'W_layer_units_exponent_3': 6, 'W_layer_units_exponent_4': 7, 'W_layer_units_exponent_5': 9, 'W_layer_units_exponent_6': 9, 'W_layer_units_exponent_7': 6, 'D_layers': 8, 'D_layer_units_exponent_0': 10, 'D_layer_units_exponent_1': 5, 'D_layer_units_exponent_2': 8, 'D_layer_units_exponent_3': 8, 'D_layer_units_exponent_4': 7, 'D_layer_units_exponent_5': 10, 'D_layer_units_exponent_6': 9, 'D_layer_units_exponent_7': 8, 'D_dagger_layers': 6, 'D_dagger_layer_units_exponent_0': 7, 'D_dagger_layer_units_exponent_1': 8, 'D_dagger_layer_units_exponent_2': 8, 'D_dagger_layer_units_exponent_3': 6, 'D_dagger_layer_units_exponent_4': 6, 'D_dagger_layer_units_exponent_5': 9, 'log_learning_rate': -2.0115927759798162, 'log_learning_rate_D': -3.403560518549396, 'log_learning_rate_D_dagger': -4.223736945585246, 'training_batch_size': 7, 'training_p': 4}
	 epoch  0 training error:  tensor(0.9688, device='cuda:0', grad_fn=<DivBackward0>)
Memory status after this epoch: 
Memory allocated:  796.201171875
Memory cached:  1294.0
	 epoch  10 training error:  tensor(0.8873, device='cuda:0', grad_fn=<DivBackward0>)
Memory status after this epoch: 
Memory allocated:  796.201171875
Memory cached:  1302.0
	 epoch  20 training error:  tensor(0.4865, device='cuda:0', grad_fn=<DivBackward0>)
Memory status after this epoch: 
Memory allocated:  796.201171875
Memory cached:  1302.0
	 epoch  30 training error:  tensor(0.1910, device='cuda:0', grad_fn=<DivBackward0>)
Memory status after this epoch: 
Memory allocated:  796.201171875
Memory cached:  1312.0
	 epoch  40 training error:  tensor(0.1712, device='cuda:0', grad_fn=<DivBackward0>)
Memory status after this epoch: 
Memory allocated:  796.201171875
Memory cached:  1308.0
	 epoch  50 training error:  tensor(0.1634, device='cuda:0', grad_fn=<DivBackward0>)
Memory status after this epoch: 
Memory allocated:  796.201171875
Memory cached:  1300.0
	 epoch  60 training error:  tensor(0.1573, device='cuda:0', grad_fn=<DivBackward0>)
Memory status after this epoch: 
Memory allocated:  796.201171875
Memory cached:  1304.0
	 epoch  70 training error:  tensor(0.1514, device='cuda:0', grad_fn=<DivBackward0>)
Memory status after this epoch: 
Memory allocated:  796.201171875
Memory cached:  1302.0
	 epoch  80 training error:  tensor(0.1449, device='cuda:0', grad_fn=<DivBackward0>)
Memory status after this epoch: 
Memory allocated:  796.201171875
Memory cached:  1304.0
	 epoch  90 training error:  tensor(0.1403, device='cuda:0', grad_fn=<DivBackward0>)
Memory status after this epoch: 
Memory allocated:  796.201171875
Memory cached:  1306.0
[I 2024-01-13 02:37:49,757] Trial 76 finished with value: 0.10366251319646835 and parameters: {'W_layers': 8, 'W_layer_units_exponent_0': 5, 'W_layer_units_exponent_1': 6, 'W_layer_units_exponent_2': 7, 'W_layer_units_exponent_3': 6, 'W_layer_units_exponent_4': 7, 'W_layer_units_exponent_5': 9, 'W_layer_units_exponent_6': 9, 'W_layer_units_exponent_7': 6, 'D_layers': 8, 'D_layer_units_exponent_0': 10, 'D_layer_units_exponent_1': 5, 'D_layer_units_exponent_2': 8, 'D_layer_units_exponent_3': 8, 'D_layer_units_exponent_4': 7, 'D_layer_units_exponent_5': 10, 'D_layer_units_exponent_6': 9, 'D_layer_units_exponent_7': 8, 'D_dagger_layers': 6, 'D_dagger_layer_units_exponent_0': 7, 'D_dagger_layer_units_exponent_1': 8, 'D_dagger_layer_units_exponent_2': 8, 'D_dagger_layer_units_exponent_3': 6, 'D_dagger_layer_units_exponent_4': 6, 'D_dagger_layer_units_exponent_5': 9, 'log_learning_rate': -2.0115927759798162, 'log_learning_rate_D': -3.403560518549396, 'log_learning_rate_D_dagger': -4.223736945585246, 'training_batch_size': 7, 'training_p': 4}. Best is trial 49 with value: 0.07665807753801346.
Time for this trial:  505.0540747642517
Memory status after this trial: 
Memory allocated:  1438.841796875
Memory cached:  1476.0
--------------------  Trial  77   --------------------
Start timing: 
Parameters: 
{'W_layers': 6, 'W_layer_units_exponent_0': 4, 'W_layer_units_exponent_1': 10, 'W_layer_units_exponent_2': 8, 'W_layer_units_exponent_3': 5, 'W_layer_units_exponent_4': 10, 'W_layer_units_exponent_5': 10, 'D_layers': 8, 'D_layer_units_exponent_0': 9, 'D_layer_units_exponent_1': 5, 'D_layer_units_exponent_2': 8, 'D_layer_units_exponent_3': 7, 'D_layer_units_exponent_4': 7, 'D_layer_units_exponent_5': 10, 'D_layer_units_exponent_6': 9, 'D_layer_units_exponent_7': 10, 'D_dagger_layers': 6, 'D_dagger_layer_units_exponent_0': 8, 'D_dagger_layer_units_exponent_1': 10, 'D_dagger_layer_units_exponent_2': 9, 'D_dagger_layer_units_exponent_3': 6, 'D_dagger_layer_units_exponent_4': 5, 'D_dagger_layer_units_exponent_5': 9, 'log_learning_rate': -2.3513354166798335, 'log_learning_rate_D': -3.939108307332341, 'log_learning_rate_D_dagger': -4.0994574183305135, 'training_batch_size': 6, 'training_p': 4}
	 epoch  0 training error:  tensor(19.6871, device='cuda:0', grad_fn=<DivBackward0>)
Memory status after this epoch: 
Memory allocated:  826.7568359375
Memory cached:  1350.0
	 epoch  10 training error:  tensor(0.2618, device='cuda:0', grad_fn=<DivBackward0>)
Memory status after this epoch: 
Memory allocated:  826.7568359375
Memory cached:  1406.0
	 epoch  20 training error:  tensor(0.1757, device='cuda:0', grad_fn=<DivBackward0>)
Memory status after this epoch: 
Memory allocated:  826.7568359375
Memory cached:  1408.0
	 epoch  30 training error:  tensor(0.1119, device='cuda:0', grad_fn=<DivBackward0>)
Memory status after this epoch: 
Memory allocated:  826.7568359375
Memory cached:  1398.0
	 epoch  40 training error:  tensor(0.1064, device='cuda:0', grad_fn=<DivBackward0>)
Memory status after this epoch: 
Memory allocated:  826.7568359375
Memory cached:  1384.0
	 epoch  50 training error:  tensor(0.1045, device='cuda:0', grad_fn=<DivBackward0>)
Memory status after this epoch: 
Memory allocated:  826.7568359375
Memory cached:  1388.0
	 epoch  60 training error:  tensor(0.1034, device='cuda:0', grad_fn=<DivBackward0>)
Memory status after this epoch: 
Memory allocated:  826.7568359375
Memory cached:  1384.0
	 epoch  70 training error:  tensor(0.1026, device='cuda:0', grad_fn=<DivBackward0>)
Memory status after this epoch: 
Memory allocated:  826.7568359375
Memory cached:  1390.0
	 epoch  80 training error:  tensor(0.1027, device='cuda:0', grad_fn=<DivBackward0>)
Memory status after this epoch: 
Memory allocated:  826.7568359375
Memory cached:  1394.0
	 epoch  90 training error:  tensor(0.1024, device='cuda:0', grad_fn=<DivBackward0>)
Memory status after this epoch: 
Memory allocated:  826.7568359375
Memory cached:  1396.0
[I 2024-01-13 02:48:45,670] Trial 77 finished with value: 0.08783242851495743 and parameters: {'W_layers': 6, 'W_layer_units_exponent_0': 4, 'W_layer_units_exponent_1': 10, 'W_layer_units_exponent_2': 8, 'W_layer_units_exponent_3': 5, 'W_layer_units_exponent_4': 10, 'W_layer_units_exponent_5': 10, 'D_layers': 8, 'D_layer_units_exponent_0': 9, 'D_layer_units_exponent_1': 5, 'D_layer_units_exponent_2': 8, 'D_layer_units_exponent_3': 7, 'D_layer_units_exponent_4': 7, 'D_layer_units_exponent_5': 10, 'D_layer_units_exponent_6': 9, 'D_layer_units_exponent_7': 10, 'D_dagger_layers': 6, 'D_dagger_layer_units_exponent_0': 8, 'D_dagger_layer_units_exponent_1': 10, 'D_dagger_layer_units_exponent_2': 9, 'D_dagger_layer_units_exponent_3': 6, 'D_dagger_layer_units_exponent_4': 5, 'D_dagger_layer_units_exponent_5': 9, 'log_learning_rate': -2.3513354166798335, 'log_learning_rate_D': -3.939108307332341, 'log_learning_rate_D_dagger': -4.0994574183305135, 'training_batch_size': 6, 'training_p': 4}. Best is trial 49 with value: 0.07665807753801346.
Time for this trial:  655.3058960437775
Memory status after this trial: 
Memory allocated:  1761.009765625
Memory cached:  1782.0
--------------------  Trial  78   --------------------
Start timing: 
Parameters: 
{'W_layers': 2, 'W_layer_units_exponent_0': 4, 'W_layer_units_exponent_1': 7, 'D_layers': 8, 'D_layer_units_exponent_0': 10, 'D_layer_units_exponent_1': 5, 'D_layer_units_exponent_2': 7, 'D_layer_units_exponent_3': 8, 'D_layer_units_exponent_4': 9, 'D_layer_units_exponent_5': 9, 'D_layer_units_exponent_6': 10, 'D_layer_units_exponent_7': 7, 'D_dagger_layers': 5, 'D_dagger_layer_units_exponent_0': 7, 'D_dagger_layer_units_exponent_1': 8, 'D_dagger_layer_units_exponent_2': 9, 'D_dagger_layer_units_exponent_3': 6, 'D_dagger_layer_units_exponent_4': 6, 'log_learning_rate': -2.2614236112302444, 'log_learning_rate_D': -4.292027266652617, 'log_learning_rate_D_dagger': -4.356504556995119, 'training_batch_size': 6, 'training_p': 4}
	 epoch  0 training error:  tensor(0.8408, device='cuda:0', grad_fn=<DivBackward0>)
Memory status after this epoch: 
Memory allocated:  794.0302734375
Memory cached:  1298.0
	 epoch  10 training error:  tensor(0.4733, device='cuda:0', grad_fn=<DivBackward0>)
Memory status after this epoch: 
Memory allocated:  794.0302734375
Memory cached:  1290.0
	 epoch  20 training error:  tensor(0.1849, device='cuda:0', grad_fn=<DivBackward0>)
Memory status after this epoch: 
Memory allocated:  794.0302734375
Memory cached:  1286.0
	 epoch  30 training error:  tensor(0.1607, device='cuda:0', grad_fn=<DivBackward0>)
Memory status after this epoch: 
Memory allocated:  794.0302734375
Memory cached:  1290.0
	 epoch  40 training error:  tensor(0.1508, device='cuda:0', grad_fn=<DivBackward0>)
Memory status after this epoch: 
Memory allocated:  794.0302734375
Memory cached:  1294.0
	 epoch  50 training error:  tensor(0.1444, device='cuda:0', grad_fn=<DivBackward0>)
Memory status after this epoch: 
Memory allocated:  794.0302734375
Memory cached:  1290.0
	 epoch  60 training error:  tensor(0.1445, device='cuda:0', grad_fn=<DivBackward0>)
Memory status after this epoch: 
Memory allocated:  794.0302734375
Memory cached:  1286.0
	 epoch  70 training error:  tensor(0.1300, device='cuda:0', grad_fn=<DivBackward0>)
Memory status after this epoch: 
Memory allocated:  794.0302734375
Memory cached:  1288.0
	 epoch  80 training error:  tensor(0.1212, device='cuda:0', grad_fn=<DivBackward0>)
Memory status after this epoch: 
Memory allocated:  794.0302734375
Memory cached:  1292.0
	 epoch  90 training error:  tensor(0.1152, device='cuda:0', grad_fn=<DivBackward0>)
Memory status after this epoch: 
Memory allocated:  794.0302734375
Memory cached:  1294.0
[I 2024-01-13 02:57:21,749] Trial 78 finished with value: 0.09783080965280533 and parameters: {'W_layers': 2, 'W_layer_units_exponent_0': 4, 'W_layer_units_exponent_1': 7, 'D_layers': 8, 'D_layer_units_exponent_0': 10, 'D_layer_units_exponent_1': 5, 'D_layer_units_exponent_2': 7, 'D_layer_units_exponent_3': 8, 'D_layer_units_exponent_4': 9, 'D_layer_units_exponent_5': 9, 'D_layer_units_exponent_6': 10, 'D_layer_units_exponent_7': 7, 'D_dagger_layers': 5, 'D_dagger_layer_units_exponent_0': 7, 'D_dagger_layer_units_exponent_1': 8, 'D_dagger_layer_units_exponent_2': 9, 'D_dagger_layer_units_exponent_3': 6, 'D_dagger_layer_units_exponent_4': 6, 'log_learning_rate': -2.2614236112302444, 'log_learning_rate_D': -4.292027266652617, 'log_learning_rate_D_dagger': -4.356504556995119, 'training_batch_size': 6, 'training_p': 4}. Best is trial 49 with value: 0.07665807753801346.
Time for this trial:  515.5592241287231
Memory status after this trial: 
Memory allocated:  1286.501953125
Memory cached:  1322.0
--------------------  Trial  79   --------------------
Start timing: 
Parameters: 
{'W_layers': 7, 'W_layer_units_exponent_0': 4, 'W_layer_units_exponent_1': 8, 'W_layer_units_exponent_2': 6, 'W_layer_units_exponent_3': 6, 'W_layer_units_exponent_4': 5, 'W_layer_units_exponent_5': 9, 'W_layer_units_exponent_6': 7, 'D_layers': 7, 'D_layer_units_exponent_0': 10, 'D_layer_units_exponent_1': 4, 'D_layer_units_exponent_2': 9, 'D_layer_units_exponent_3': 9, 'D_layer_units_exponent_4': 8, 'D_layer_units_exponent_5': 8, 'D_layer_units_exponent_6': 8, 'D_dagger_layers': 8, 'D_dagger_layer_units_exponent_0': 7, 'D_dagger_layer_units_exponent_1': 9, 'D_dagger_layer_units_exponent_2': 8, 'D_dagger_layer_units_exponent_3': 5, 'D_dagger_layer_units_exponent_4': 5, 'D_dagger_layer_units_exponent_5': 8, 'D_dagger_layer_units_exponent_6': 10, 'D_dagger_layer_units_exponent_7': 5, 'log_learning_rate': -2.512047002385333, 'log_learning_rate_D': -4.512817166856826, 'log_learning_rate_D_dagger': -4.275302274766379, 'training_batch_size': 10, 'training_p': 2}
	 epoch  0 training error:  tensor(0.9861, device='cuda:0', grad_fn=<DivBackward0>)
Memory status after this epoch: 
Memory allocated:  791.69921875
Memory cached:  1304.0
	 epoch  10 training error:  tensor(0.7076, device='cuda:0', grad_fn=<DivBackward0>)
Memory status after this epoch: 
Memory allocated:  791.69921875
Memory cached:  1326.0
	 epoch  20 training error:  tensor(0.5274, device='cuda:0', grad_fn=<DivBackward0>)
Memory status after this epoch: 
Memory allocated:  791.69921875
Memory cached:  1328.0
	 epoch  30 training error:  tensor(0.2370, device='cuda:0', grad_fn=<DivBackward0>)
Memory status after this epoch: 
Memory allocated:  791.69921875
Memory cached:  1316.0
	 epoch  40 training error:  tensor(0.2141, device='cuda:0', grad_fn=<DivBackward0>)
Memory status after this epoch: 
Memory allocated:  791.69921875
Memory cached:  1320.0
	 epoch  50 training error:  tensor(0.1643, device='cuda:0', grad_fn=<DivBackward0>)
Memory status after this epoch: 
Memory allocated:  791.69921875
Memory cached:  1324.0
	 epoch  60 training error:  tensor(0.1478, device='cuda:0', grad_fn=<DivBackward0>)
Memory status after this epoch: 
Memory allocated:  791.69921875
Memory cached:  1316.0
	 epoch  70 training error:  tensor(0.1371, device='cuda:0', grad_fn=<DivBackward0>)
Memory status after this epoch: 
Memory allocated:  791.69921875
Memory cached:  1320.0
	 epoch  80 training error:  tensor(0.1262, device='cuda:0', grad_fn=<DivBackward0>)
Memory status after this epoch: 
Memory allocated:  791.69921875
Memory cached:  1326.0
	 epoch  90 training error:  tensor(0.1142, device='cuda:0', grad_fn=<DivBackward0>)
Memory status after this epoch: 
Memory allocated:  791.69921875
Memory cached:  1320.0
