[I 2024-01-13 01:03:44,526] Trial 89 finished with value: 0.11683155596256256 and parameters: {'W_layers': 2, 'W_layer_units_exponent_0': 6, 'W_layer_units_exponent_1': 4, 'D_layers': 4, 'D_layer_units_exponent_0': 5, 'D_layer_units_exponent_1': 5, 'D_layer_units_exponent_2': 6, 'D_layer_units_exponent_3': 10, 'D_dagger_layers': 3, 'D_dagger_layer_units_exponent_0': 8, 'D_dagger_layer_units_exponent_1': 8, 'D_dagger_layer_units_exponent_2': 7, 'log_learning_rate': -4.634065684198878, 'log_learning_rate_D': -3.1411058792974735, 'log_learning_rate_D_dagger': -3.3194004556557624, 'training_batch_size': 6, 'training_p': 6}. Best is trial 52 with value: 0.08323463052511215.
Time for this trial:  362.53056740760803
Memory status after this trial: 
Memory allocated:  500.689453125
Memory cached:  612.0
--------------------  Trial  90   --------------------
Start timing: 
Parameters: 
{'W_layers': 2, 'W_layer_units_exponent_0': 6, 'W_layer_units_exponent_1': 4, 'D_layers': 4, 'D_layer_units_exponent_0': 4, 'D_layer_units_exponent_1': 5, 'D_layer_units_exponent_2': 7, 'D_layer_units_exponent_3': 10, 'D_dagger_layers': 3, 'D_dagger_layer_units_exponent_0': 8, 'D_dagger_layer_units_exponent_1': 7, 'D_dagger_layer_units_exponent_2': 8, 'log_learning_rate': -4.636016522675012, 'log_learning_rate_D': -2.7622607950793405, 'log_learning_rate_D_dagger': -3.3317681473499254, 'training_batch_size': 6, 'training_p': 6}
	 epoch  0 training error:  tensor(0.8257, device='cuda:0', grad_fn=<DivBackward0>)
Memory status after this epoch: 
Memory allocated:  321.1328125
Memory cached:  612.0
	 epoch  10 training error:  tensor(0.5014, device='cuda:0', grad_fn=<DivBackward0>)
Memory status after this epoch: 
Memory allocated:  321.1328125
Memory cached:  612.0
	 epoch  20 training error:  tensor(0.4983, device='cuda:0', grad_fn=<DivBackward0>)
Memory status after this epoch: 
Memory allocated:  321.1328125
Memory cached:  612.0
	 epoch  30 training error:  tensor(0.4977, device='cuda:0', grad_fn=<DivBackward0>)
Memory status after this epoch: 
Memory allocated:  321.1328125
Memory cached:  612.0
	 epoch  40 training error:  tensor(0.4929, device='cuda:0', grad_fn=<DivBackward0>)
Memory status after this epoch: 
Memory allocated:  321.1328125
Memory cached:  612.0
	 epoch  50 training error:  tensor(0.4941, device='cuda:0', grad_fn=<DivBackward0>)
Memory status after this epoch: 
Memory allocated:  321.1328125
Memory cached:  612.0
	 epoch  60 training error:  tensor(0.4855, device='cuda:0', grad_fn=<DivBackward0>)
Memory status after this epoch: 
Memory allocated:  321.1328125
Memory cached:  612.0
	 epoch  70 training error:  tensor(0.4566, device='cuda:0', grad_fn=<DivBackward0>)
Memory status after this epoch: 
Memory allocated:  321.1328125
Memory cached:  612.0
	 epoch  80 training error:  tensor(0.3294, device='cuda:0', grad_fn=<DivBackward0>)
Memory status after this epoch: 
Memory allocated:  321.1328125
Memory cached:  612.0
	 epoch  90 training error:  tensor(0.2877, device='cuda:0', grad_fn=<DivBackward0>)
Memory status after this epoch: 
Memory allocated:  321.1328125
Memory cached:  612.0
[I 2024-01-13 01:09:46,536] Trial 90 finished with value: 0.23243196308612823 and parameters: {'W_layers': 2, 'W_layer_units_exponent_0': 6, 'W_layer_units_exponent_1': 4, 'D_layers': 4, 'D_layer_units_exponent_0': 4, 'D_layer_units_exponent_1': 5, 'D_layer_units_exponent_2': 7, 'D_layer_units_exponent_3': 10, 'D_dagger_layers': 3, 'D_dagger_layer_units_exponent_0': 8, 'D_dagger_layer_units_exponent_1': 7, 'D_dagger_layer_units_exponent_2': 8, 'log_learning_rate': -4.636016522675012, 'log_learning_rate_D': -2.7622607950793405, 'log_learning_rate_D_dagger': -3.3317681473499254, 'training_batch_size': 6, 'training_p': 6}. Best is trial 52 with value: 0.08323463052511215.
Time for this trial:  361.6607885360718
Memory status after this trial: 
Memory allocated:  504.07470703125
Memory cached:  612.0
--------------------  Trial  91   --------------------
Start timing: 
Parameters: 
{'W_layers': 2, 'W_layer_units_exponent_0': 6, 'W_layer_units_exponent_1': 4, 'D_layers': 4, 'D_layer_units_exponent_0': 5, 'D_layer_units_exponent_1': 5, 'D_layer_units_exponent_2': 6, 'D_layer_units_exponent_3': 10, 'D_dagger_layers': 3, 'D_dagger_layer_units_exponent_0': 9, 'D_dagger_layer_units_exponent_1': 8, 'D_dagger_layer_units_exponent_2': 7, 'log_learning_rate': -4.542123448938795, 'log_learning_rate_D': -3.1495364181170244, 'log_learning_rate_D_dagger': -3.2441514851598896, 'training_batch_size': 6, 'training_p': 6}
	 epoch  0 training error:  tensor(0.7866, device='cuda:0', grad_fn=<DivBackward0>)
Memory status after this epoch: 
Memory allocated:  321.619140625
Memory cached:  612.0
	 epoch  10 training error:  tensor(0.5051, device='cuda:0', grad_fn=<DivBackward0>)
Memory status after this epoch: 
Memory allocated:  321.619140625
Memory cached:  612.0
	 epoch  20 training error:  tensor(0.4973, device='cuda:0', grad_fn=<DivBackward0>)
Memory status after this epoch: 
Memory allocated:  321.619140625
Memory cached:  612.0
	 epoch  30 training error:  tensor(0.4957, device='cuda:0', grad_fn=<DivBackward0>)
Memory status after this epoch: 
Memory allocated:  321.619140625
Memory cached:  612.0
	 epoch  40 training error:  tensor(0.4902, device='cuda:0', grad_fn=<DivBackward0>)
Memory status after this epoch: 
Memory allocated:  321.619140625
Memory cached:  612.0
	 epoch  50 training error:  tensor(0.4756, device='cuda:0', grad_fn=<DivBackward0>)
Memory status after this epoch: 
Memory allocated:  321.619140625
Memory cached:  612.0
	 epoch  60 training error:  tensor(0.3690, device='cuda:0', grad_fn=<DivBackward0>)
Memory status after this epoch: 
Memory allocated:  321.619140625
Memory cached:  612.0
	 epoch  70 training error:  tensor(0.3036, device='cuda:0', grad_fn=<DivBackward0>)
Memory status after this epoch: 
Memory allocated:  321.619140625
Memory cached:  612.0
	 epoch  80 training error:  tensor(0.1860, device='cuda:0', grad_fn=<DivBackward0>)
Memory status after this epoch: 
Memory allocated:  321.619140625
Memory cached:  612.0
	 epoch  90 training error:  tensor(0.1628, device='cuda:0', grad_fn=<DivBackward0>)
Memory status after this epoch: 
Memory allocated:  321.619140625
Memory cached:  612.0
[I 2024-01-13 01:15:50,641] Trial 91 finished with value: 0.10318627208471298 and parameters: {'W_layers': 2, 'W_layer_units_exponent_0': 6, 'W_layer_units_exponent_1': 4, 'D_layers': 4, 'D_layer_units_exponent_0': 5, 'D_layer_units_exponent_1': 5, 'D_layer_units_exponent_2': 6, 'D_layer_units_exponent_3': 10, 'D_dagger_layers': 3, 'D_dagger_layer_units_exponent_0': 9, 'D_dagger_layer_units_exponent_1': 8, 'D_dagger_layer_units_exponent_2': 7, 'log_learning_rate': -4.542123448938795, 'log_learning_rate_D': -3.1495364181170244, 'log_learning_rate_D_dagger': -3.2441514851598896, 'training_batch_size': 6, 'training_p': 6}. Best is trial 52 with value: 0.08323463052511215.
Time for this trial:  363.74847888946533
Memory status after this trial: 
Memory allocated:  528.5390625
Memory cached:  612.0
--------------------  Trial  92   --------------------
Start timing: 
Parameters: 
{'W_layers': 2, 'W_layer_units_exponent_0': 6, 'W_layer_units_exponent_1': 4, 'D_layers': 3, 'D_layer_units_exponent_0': 5, 'D_layer_units_exponent_1': 5, 'D_layer_units_exponent_2': 6, 'D_dagger_layers': 3, 'D_dagger_layer_units_exponent_0': 9, 'D_dagger_layer_units_exponent_1': 8, 'D_dagger_layer_units_exponent_2': 7, 'log_learning_rate': -4.552510047196476, 'log_learning_rate_D': -3.1499439882073004, 'log_learning_rate_D_dagger': -3.5103974220525584, 'training_batch_size': 6, 'training_p': 6}
	 epoch  0 training error:  tensor(0.7746, device='cuda:0', grad_fn=<DivBackward0>)
Memory status after this epoch: 
Memory allocated:  320.58984375
Memory cached:  612.0
	 epoch  10 training error:  tensor(0.4992, device='cuda:0', grad_fn=<DivBackward0>)
Memory status after this epoch: 
Memory allocated:  320.58984375
Memory cached:  612.0
	 epoch  20 training error:  tensor(0.5081, device='cuda:0', grad_fn=<DivBackward0>)
Memory status after this epoch: 
Memory allocated:  320.58984375
Memory cached:  612.0
	 epoch  30 training error:  tensor(0.4956, device='cuda:0', grad_fn=<DivBackward0>)
Memory status after this epoch: 
Memory allocated:  320.58984375
Memory cached:  612.0
	 epoch  40 training error:  tensor(0.4980, device='cuda:0', grad_fn=<DivBackward0>)
Memory status after this epoch: 
Memory allocated:  320.58984375
Memory cached:  612.0
	 epoch  50 training error:  tensor(0.4896, device='cuda:0', grad_fn=<DivBackward0>)
Memory status after this epoch: 
Memory allocated:  320.58984375
Memory cached:  612.0
	 epoch  60 training error:  tensor(0.4747, device='cuda:0', grad_fn=<DivBackward0>)
Memory status after this epoch: 
Memory allocated:  320.58984375
Memory cached:  612.0
	 epoch  70 training error:  tensor(0.4324, device='cuda:0', grad_fn=<DivBackward0>)
Memory status after this epoch: 
Memory allocated:  320.58984375
Memory cached:  612.0
	 epoch  80 training error:  tensor(0.3383, device='cuda:0', grad_fn=<DivBackward0>)
Memory status after this epoch: 
Memory allocated:  320.58984375
Memory cached:  612.0
	 epoch  90 training error:  tensor(0.3018, device='cuda:0', grad_fn=<DivBackward0>)
Memory status after this epoch: 
Memory allocated:  320.58984375
Memory cached:  612.0
[I 2024-01-13 01:21:26,458] Trial 92 finished with value: 0.16778786480426788 and parameters: {'W_layers': 2, 'W_layer_units_exponent_0': 6, 'W_layer_units_exponent_1': 4, 'D_layers': 3, 'D_layer_units_exponent_0': 5, 'D_layer_units_exponent_1': 5, 'D_layer_units_exponent_2': 6, 'D_dagger_layers': 3, 'D_dagger_layer_units_exponent_0': 9, 'D_dagger_layer_units_exponent_1': 8, 'D_dagger_layer_units_exponent_2': 7, 'log_learning_rate': -4.552510047196476, 'log_learning_rate_D': -3.1499439882073004, 'log_learning_rate_D_dagger': -3.5103974220525584, 'training_batch_size': 6, 'training_p': 6}. Best is trial 52 with value: 0.08323463052511215.
Time for this trial:  335.4849760532379
Memory status after this trial: 
Memory allocated:  434.2451171875
Memory cached:  612.0
--------------------  Trial  93   --------------------
Start timing: 
Parameters: 
{'W_layers': 2, 'W_layer_units_exponent_0': 6, 'W_layer_units_exponent_1': 4, 'D_layers': 4, 'D_layer_units_exponent_0': 5, 'D_layer_units_exponent_1': 5, 'D_layer_units_exponent_2': 6, 'D_layer_units_exponent_3': 10, 'D_dagger_layers': 3, 'D_dagger_layer_units_exponent_0': 8, 'D_dagger_layer_units_exponent_1': 8, 'D_dagger_layer_units_exponent_2': 7, 'log_learning_rate': -4.7479036758338875, 'log_learning_rate_D': -2.9344468508933543, 'log_learning_rate_D_dagger': -3.361659193265151, 'training_batch_size': 6, 'training_p': 6}
	 epoch  0 training error:  tensor(0.8724, device='cuda:0', grad_fn=<DivBackward0>)
Memory status after this epoch: 
Memory allocated:  320.607421875
Memory cached:  612.0
	 epoch  10 training error:  tensor(0.5030, device='cuda:0', grad_fn=<DivBackward0>)
Memory status after this epoch: 
Memory allocated:  320.607421875
Memory cached:  612.0
	 epoch  20 training error:  tensor(0.4920, device='cuda:0', grad_fn=<DivBackward0>)
Memory status after this epoch: 
Memory allocated:  320.607421875
Memory cached:  612.0
	 epoch  30 training error:  tensor(0.4894, device='cuda:0', grad_fn=<DivBackward0>)
Memory status after this epoch: 
Memory allocated:  320.607421875
Memory cached:  612.0
	 epoch  40 training error:  tensor(0.4777, device='cuda:0', grad_fn=<DivBackward0>)
Memory status after this epoch: 
Memory allocated:  320.607421875
Memory cached:  612.0
	 epoch  50 training error:  tensor(0.4212, device='cuda:0', grad_fn=<DivBackward0>)
Memory status after this epoch: 
Memory allocated:  320.607421875
Memory cached:  612.0
	 epoch  60 training error:  tensor(0.3244, device='cuda:0', grad_fn=<DivBackward0>)
Memory status after this epoch: 
Memory allocated:  320.607421875
Memory cached:  612.0
	 epoch  70 training error:  tensor(0.2583, device='cuda:0', grad_fn=<DivBackward0>)
Memory status after this epoch: 
Memory allocated:  320.607421875
Memory cached:  612.0
	 epoch  80 training error:  tensor(0.2415, device='cuda:0', grad_fn=<DivBackward0>)
Memory status after this epoch: 
Memory allocated:  320.607421875
Memory cached:  612.0
	 epoch  90 training error:  tensor(0.2029, device='cuda:0', grad_fn=<DivBackward0>)
Memory status after this epoch: 
Memory allocated:  320.607421875
Memory cached:  612.0
[I 2024-01-13 01:27:29,430] Trial 93 finished with value: 0.12627463042736053 and parameters: {'W_layers': 2, 'W_layer_units_exponent_0': 6, 'W_layer_units_exponent_1': 4, 'D_layers': 4, 'D_layer_units_exponent_0': 5, 'D_layer_units_exponent_1': 5, 'D_layer_units_exponent_2': 6, 'D_layer_units_exponent_3': 10, 'D_dagger_layers': 3, 'D_dagger_layer_units_exponent_0': 8, 'D_dagger_layer_units_exponent_1': 8, 'D_dagger_layer_units_exponent_2': 7, 'log_learning_rate': -4.7479036758338875, 'log_learning_rate_D': -2.9344468508933543, 'log_learning_rate_D_dagger': -3.361659193265151, 'training_batch_size': 6, 'training_p': 6}. Best is trial 52 with value: 0.08323463052511215.
Time for this trial:  362.5940797328949
Memory status after this trial: 
Memory allocated:  500.689453125
Memory cached:  612.0
--------------------  Trial  94   --------------------
Start timing: 
Parameters: 
{'W_layers': 2, 'W_layer_units_exponent_0': 6, 'W_layer_units_exponent_1': 4, 'D_layers': 4, 'D_layer_units_exponent_0': 5, 'D_layer_units_exponent_1': 5, 'D_layer_units_exponent_2': 6, 'D_layer_units_exponent_3': 10, 'D_dagger_layers': 6, 'D_dagger_layer_units_exponent_0': 9, 'D_dagger_layer_units_exponent_1': 7, 'D_dagger_layer_units_exponent_2': 7, 'D_dagger_layer_units_exponent_3': 5, 'D_dagger_layer_units_exponent_4': 7, 'D_dagger_layer_units_exponent_5': 5, 'log_learning_rate': -4.896154733153451, 'log_learning_rate_D': -3.069841315531653, 'log_learning_rate_D_dagger': -3.1735270794551806, 'training_batch_size': 6, 'training_p': 7}
	 epoch  0 training error:  tensor(1.0460, device='cuda:0', grad_fn=<DivBackward0>)
Memory status after this epoch: 
Memory allocated:  320.560546875
Memory cached:  612.0
	 epoch  10 training error:  tensor(0.5303, device='cuda:0', grad_fn=<DivBackward0>)
Memory status after this epoch: 
Memory allocated:  320.560546875
Memory cached:  614.0
	 epoch  20 training error:  tensor(0.5234, device='cuda:0', grad_fn=<DivBackward0>)
Memory status after this epoch: 
Memory allocated:  320.560546875
Memory cached:  612.0
	 epoch  30 training error:  tensor(0.5103, device='cuda:0', grad_fn=<DivBackward0>)
Memory status after this epoch: 
Memory allocated:  320.560546875
Memory cached:  612.0
	 epoch  40 training error:  tensor(0.5058, device='cuda:0', grad_fn=<DivBackward0>)
Memory status after this epoch: 
Memory allocated:  320.560546875
Memory cached:  612.0
	 epoch  50 training error:  tensor(0.5021, device='cuda:0', grad_fn=<DivBackward0>)
Memory status after this epoch: 
Memory allocated:  320.560546875
Memory cached:  612.0
	 epoch  60 training error:  tensor(0.5034, device='cuda:0', grad_fn=<DivBackward0>)
Memory status after this epoch: 
Memory allocated:  320.560546875
Memory cached:  612.0
	 epoch  70 training error:  tensor(0.4584, device='cuda:0', grad_fn=<DivBackward0>)
Memory status after this epoch: 
Memory allocated:  320.560546875
Memory cached:  612.0
	 epoch  80 training error:  tensor(0.3271, device='cuda:0', grad_fn=<DivBackward0>)
Memory status after this epoch: 
Memory allocated:  320.560546875
Memory cached:  612.0
	 epoch  90 training error:  tensor(0.2648, device='cuda:0', grad_fn=<DivBackward0>)
Memory status after this epoch: 
Memory allocated:  320.560546875
Memory cached:  612.0
[I 2024-01-13 01:34:35,778] Trial 94 finished with value: 0.11717130988836288 and parameters: {'W_layers': 2, 'W_layer_units_exponent_0': 6, 'W_layer_units_exponent_1': 4, 'D_layers': 4, 'D_layer_units_exponent_0': 5, 'D_layer_units_exponent_1': 5, 'D_layer_units_exponent_2': 6, 'D_layer_units_exponent_3': 10, 'D_dagger_layers': 6, 'D_dagger_layer_units_exponent_0': 9, 'D_dagger_layer_units_exponent_1': 7, 'D_dagger_layer_units_exponent_2': 7, 'D_dagger_layer_units_exponent_3': 5, 'D_dagger_layer_units_exponent_4': 7, 'D_dagger_layer_units_exponent_5': 5, 'log_learning_rate': -4.896154733153451, 'log_learning_rate_D': -3.069841315531653, 'log_learning_rate_D_dagger': -3.1735270794551806, 'training_batch_size': 6, 'training_p': 7}. Best is trial 52 with value: 0.08323463052511215.
Time for this trial:  425.93318462371826
Memory status after this trial: 
Memory allocated:  536.310546875
Memory cached:  612.0
--------------------  Trial  95   --------------------
Start timing: 
Parameters: 
{'W_layers': 2, 'W_layer_units_exponent_0': 6, 'W_layer_units_exponent_1': 4, 'D_layers': 4, 'D_layer_units_exponent_0': 5, 'D_layer_units_exponent_1': 5, 'D_layer_units_exponent_2': 6, 'D_layer_units_exponent_3': 10, 'D_dagger_layers': 4, 'D_dagger_layer_units_exponent_0': 9, 'D_dagger_layer_units_exponent_1': 7, 'D_dagger_layer_units_exponent_2': 7, 'D_dagger_layer_units_exponent_3': 5, 'log_learning_rate': -4.907656824862867, 'log_learning_rate_D': -3.0348004908961297, 'log_learning_rate_D_dagger': -3.163091320466099, 'training_batch_size': 6, 'training_p': 7}
	 epoch  0 training error:  tensor(0.8346, device='cuda:0', grad_fn=<DivBackward0>)
Memory status after this epoch: 
Memory allocated:  320.431640625
Memory cached:  614.0
	 epoch  10 training error:  tensor(0.5262, device='cuda:0', grad_fn=<DivBackward0>)
Memory status after this epoch: 
Memory allocated:  320.431640625
Memory cached:  612.0
	 epoch  20 training error:  tensor(0.5219, device='cuda:0', grad_fn=<DivBackward0>)
Memory status after this epoch: 
Memory allocated:  320.431640625
Memory cached:  614.0
	 epoch  30 training error:  tensor(0.5170, device='cuda:0', grad_fn=<DivBackward0>)
Memory status after this epoch: 
Memory allocated:  320.431640625
Memory cached:  612.0
	 epoch  40 training error:  tensor(0.4964, device='cuda:0', grad_fn=<DivBackward0>)
Memory status after this epoch: 
Memory allocated:  320.431640625
Memory cached:  612.0
	 epoch  50 training error:  tensor(0.3567, device='cuda:0', grad_fn=<DivBackward0>)
Memory status after this epoch: 
Memory allocated:  320.431640625
Memory cached:  614.0
	 epoch  60 training error:  tensor(0.2468, device='cuda:0', grad_fn=<DivBackward0>)
Memory status after this epoch: 
Memory allocated:  320.431640625
Memory cached:  612.0
	 epoch  70 training error:  tensor(0.1959, device='cuda:0', grad_fn=<DivBackward0>)
Memory status after this epoch: 
Memory allocated:  320.431640625
Memory cached:  612.0
	 epoch  80 training error:  tensor(0.2185, device='cuda:0', grad_fn=<DivBackward0>)
Memory status after this epoch: 
Memory allocated:  320.431640625
Memory cached:  612.0
	 epoch  90 training error:  tensor(0.1550, device='cuda:0', grad_fn=<DivBackward0>)
Memory status after this epoch: 
Memory allocated:  320.431640625
Memory cached:  612.0
