[I 2023-12-20 08:02:24,235] Trial 86 finished with value: 0.23638954758644104 and parameters: {'W_layers': 4, 'W_layer_units_exponent_0': 8, 'W_layer_units_exponent_1': 4, 'W_layer_units_exponent_2': 5, 'W_layer_units_exponent_3': 5, 'D_layers': 6, 'D_layer_units_exponent_0': 10, 'D_layer_units_exponent_1': 9, 'D_layer_units_exponent_2': 5, 'D_layer_units_exponent_3': 4, 'D_layer_units_exponent_4': 5, 'D_layer_units_exponent_5': 9, 'D_dagger_layers': 6, 'D_dagger_layer_units_exponent_0': 9, 'D_dagger_layer_units_exponent_1': 6, 'D_dagger_layer_units_exponent_2': 4, 'D_dagger_layer_units_exponent_3': 5, 'D_dagger_layer_units_exponent_4': 8, 'D_dagger_layer_units_exponent_5': 9, 'log_learning_rate': -1.7148422654189954, 'log_learning_rate_D': -4.256756936321057, 'log_learning_rate_D_dagger': -2.8491398425983916, 'training_batch_size': 6, 'training_p': 4}. Best is trial 77 with value: 0.13922981917858124.
Time for this trial:  366.25791692733765
Memory status after this trial: 
Memory allocated:  395.57470703125
Memory cached:  410.0
--------------------  Trial  87   --------------------
Start timing: 
Parameters: 
{'W_layers': 2, 'W_layer_units_exponent_0': 6, 'W_layer_units_exponent_1': 8, 'D_layers': 5, 'D_layer_units_exponent_0': 10, 'D_layer_units_exponent_1': 10, 'D_layer_units_exponent_2': 6, 'D_layer_units_exponent_3': 4, 'D_layer_units_exponent_4': 4, 'D_dagger_layers': 6, 'D_dagger_layer_units_exponent_0': 9, 'D_dagger_layer_units_exponent_1': 6, 'D_dagger_layer_units_exponent_2': 7, 'D_dagger_layer_units_exponent_3': 4, 'D_dagger_layer_units_exponent_4': 7, 'D_dagger_layer_units_exponent_5': 6, 'log_learning_rate': -1.9291402638604231, 'log_learning_rate_D': -4.0713694698886105, 'log_learning_rate_D_dagger': -3.535635262298441, 'training_batch_size': 11, 'training_p': 3}
	 epoch  0 training error:  tensor(0.9606, device='cuda:0', grad_fn=<DivBackward0>)
Memory status after this epoch: 
Memory allocated:  210.43896484375
Memory cached:  420.0
	 epoch  10 training error:  tensor(0.5350, device='cuda:0', grad_fn=<DivBackward0>)
Memory status after this epoch: 
Memory allocated:  210.43896484375
Memory cached:  432.0
	 epoch  20 training error:  tensor(0.4858, device='cuda:0', grad_fn=<DivBackward0>)
Memory status after this epoch: 
Memory allocated:  210.43896484375
Memory cached:  430.0
	 epoch  30 training error:  tensor(0.3954, device='cuda:0', grad_fn=<DivBackward0>)
Memory status after this epoch: 
Memory allocated:  210.43896484375
Memory cached:  434.0
	 epoch  40 training error:  tensor(0.3797, device='cuda:0', grad_fn=<DivBackward0>)
Memory status after this epoch: 
Memory allocated:  210.43896484375
Memory cached:  428.0
	 epoch  50 training error:  tensor(0.3800, device='cuda:0', grad_fn=<DivBackward0>)
Memory status after this epoch: 
Memory allocated:  210.43896484375
Memory cached:  432.0
	 epoch  60 training error:  tensor(0.3805, device='cuda:0', grad_fn=<DivBackward0>)
Memory status after this epoch: 
Memory allocated:  210.43896484375
Memory cached:  430.0
	 epoch  70 training error:  tensor(0.3750, device='cuda:0', grad_fn=<DivBackward0>)
Memory status after this epoch: 
Memory allocated:  210.43896484375
Memory cached:  430.0
	 epoch  80 training error:  tensor(0.3843, device='cuda:0', grad_fn=<DivBackward0>)
Memory status after this epoch: 
Memory allocated:  210.43896484375
Memory cached:  428.0
	 epoch  90 training error:  tensor(0.3755, device='cuda:0', grad_fn=<DivBackward0>)
Memory status after this epoch: 
Memory allocated:  210.43896484375
Memory cached:  428.0
[I 2023-12-20 08:05:29,741] Trial 87 finished with value: 0.33508187532424927 and parameters: {'W_layers': 2, 'W_layer_units_exponent_0': 6, 'W_layer_units_exponent_1': 8, 'D_layers': 5, 'D_layer_units_exponent_0': 10, 'D_layer_units_exponent_1': 10, 'D_layer_units_exponent_2': 6, 'D_layer_units_exponent_3': 4, 'D_layer_units_exponent_4': 4, 'D_dagger_layers': 6, 'D_dagger_layer_units_exponent_0': 9, 'D_dagger_layer_units_exponent_1': 6, 'D_dagger_layer_units_exponent_2': 7, 'D_dagger_layer_units_exponent_3': 4, 'D_dagger_layer_units_exponent_4': 7, 'D_dagger_layer_units_exponent_5': 6, 'log_learning_rate': -1.9291402638604231, 'log_learning_rate_D': -4.0713694698886105, 'log_learning_rate_D_dagger': -3.535635262298441, 'training_batch_size': 11, 'training_p': 3}. Best is trial 77 with value: 0.13922981917858124.
Time for this trial:  185.07914328575134
Memory status after this trial: 
Memory allocated:  378.71533203125
Memory cached:  424.0
--------------------  Trial  88   --------------------
Start timing: 
Parameters: 
{'W_layers': 5, 'W_layer_units_exponent_0': 7, 'W_layer_units_exponent_1': 9, 'W_layer_units_exponent_2': 5, 'W_layer_units_exponent_3': 4, 'W_layer_units_exponent_4': 7, 'D_layers': 4, 'D_layer_units_exponent_0': 9, 'D_layer_units_exponent_1': 10, 'D_layer_units_exponent_2': 9, 'D_layer_units_exponent_3': 4, 'D_dagger_layers': 5, 'D_dagger_layer_units_exponent_0': 9, 'D_dagger_layer_units_exponent_1': 9, 'D_dagger_layer_units_exponent_2': 4, 'D_dagger_layer_units_exponent_3': 4, 'D_dagger_layer_units_exponent_4': 8, 'log_learning_rate': -2.2137917983765854, 'log_learning_rate_D': -4.855158686615607, 'log_learning_rate_D_dagger': -3.0908436741299807, 'training_batch_size': 6, 'training_p': 2}
	 epoch  0 training error:  tensor(0.9283, device='cuda:0', grad_fn=<DivBackward0>)
Memory status after this epoch: 
Memory allocated:  213.99169921875
Memory cached:  402.0
	 epoch  10 training error:  tensor(0.3095, device='cuda:0', grad_fn=<DivBackward0>)
Memory status after this epoch: 
Memory allocated:  213.99169921875
Memory cached:  406.0
	 epoch  20 training error:  tensor(0.2895, device='cuda:0', grad_fn=<DivBackward0>)
Memory status after this epoch: 
Memory allocated:  213.99169921875
Memory cached:  412.0
	 epoch  30 training error:  tensor(0.2871, device='cuda:0', grad_fn=<DivBackward0>)
Memory status after this epoch: 
Memory allocated:  213.99169921875
Memory cached:  410.0
	 epoch  40 training error:  tensor(0.2816, device='cuda:0', grad_fn=<DivBackward0>)
Memory status after this epoch: 
Memory allocated:  213.99169921875
Memory cached:  412.0
	 epoch  50 training error:  tensor(0.2969, device='cuda:0', grad_fn=<DivBackward0>)
Memory status after this epoch: 
Memory allocated:  213.99169921875
Memory cached:  410.0
	 epoch  60 training error:  tensor(0.2768, device='cuda:0', grad_fn=<DivBackward0>)
Memory status after this epoch: 
Memory allocated:  213.99169921875
Memory cached:  408.0
	 epoch  70 training error:  tensor(0.3060, device='cuda:0', grad_fn=<DivBackward0>)
Memory status after this epoch: 
Memory allocated:  213.99169921875
Memory cached:  412.0
	 epoch  80 training error:  tensor(0.2809, device='cuda:0', grad_fn=<DivBackward0>)
Memory status after this epoch: 
Memory allocated:  213.99169921875
Memory cached:  408.0
	 epoch  90 training error:  tensor(0.2762, device='cuda:0', grad_fn=<DivBackward0>)
Memory status after this epoch: 
Memory allocated:  213.99169921875
Memory cached:  408.0
[I 2023-12-20 08:11:09,041] Trial 88 finished with value: 0.2875564992427826 and parameters: {'W_layers': 5, 'W_layer_units_exponent_0': 7, 'W_layer_units_exponent_1': 9, 'W_layer_units_exponent_2': 5, 'W_layer_units_exponent_3': 4, 'W_layer_units_exponent_4': 7, 'D_layers': 4, 'D_layer_units_exponent_0': 9, 'D_layer_units_exponent_1': 10, 'D_layer_units_exponent_2': 9, 'D_layer_units_exponent_3': 4, 'D_dagger_layers': 5, 'D_dagger_layer_units_exponent_0': 9, 'D_dagger_layer_units_exponent_1': 9, 'D_dagger_layer_units_exponent_2': 4, 'D_dagger_layer_units_exponent_3': 4, 'D_dagger_layer_units_exponent_4': 8, 'log_learning_rate': -2.2137917983765854, 'log_learning_rate_D': -4.855158686615607, 'log_learning_rate_D_dagger': -3.0908436741299807, 'training_batch_size': 6, 'training_p': 2}. Best is trial 77 with value: 0.13922981917858124.
Time for this trial:  338.91220569610596
Memory status after this trial: 
Memory allocated:  423.8349609375
Memory cached:  436.0
--------------------  Trial  89   --------------------
Start timing: 
Parameters: 
{'W_layers': 5, 'W_layer_units_exponent_0': 8, 'W_layer_units_exponent_1': 10, 'W_layer_units_exponent_2': 5, 'W_layer_units_exponent_3': 5, 'W_layer_units_exponent_4': 7, 'D_layers': 5, 'D_layer_units_exponent_0': 10, 'D_layer_units_exponent_1': 9, 'D_layer_units_exponent_2': 7, 'D_layer_units_exponent_3': 4, 'D_layer_units_exponent_4': 4, 'D_dagger_layers': 5, 'D_dagger_layer_units_exponent_0': 9, 'D_dagger_layer_units_exponent_1': 6, 'D_dagger_layer_units_exponent_2': 8, 'D_dagger_layer_units_exponent_3': 5, 'D_dagger_layer_units_exponent_4': 7, 'log_learning_rate': -2.1031685164984273, 'log_learning_rate_D': -4.498927898165881, 'log_learning_rate_D_dagger': -3.2050879553752307, 'training_batch_size': 10, 'training_p': 4}
	 epoch  0 training error:  tensor(0.9871, device='cuda:0', grad_fn=<DivBackward0>)
Memory status after this epoch: 
Memory allocated:  206.91943359375
Memory cached:  402.0
	 epoch  10 training error:  tensor(0.5786, device='cuda:0', grad_fn=<DivBackward0>)
Memory status after this epoch: 
Memory allocated:  206.91943359375
Memory cached:  420.0
	 epoch  20 training error:  tensor(0.4486, device='cuda:0', grad_fn=<DivBackward0>)
Memory status after this epoch: 
Memory allocated:  206.91943359375
Memory cached:  422.0
	 epoch  30 training error:  tensor(0.4433, device='cuda:0', grad_fn=<DivBackward0>)
Memory status after this epoch: 
Memory allocated:  206.91943359375
Memory cached:  420.0
	 epoch  40 training error:  tensor(0.4370, device='cuda:0', grad_fn=<DivBackward0>)
Memory status after this epoch: 
Memory allocated:  206.91943359375
Memory cached:  420.0
	 epoch  50 training error:  tensor(0.4364, device='cuda:0', grad_fn=<DivBackward0>)
Memory status after this epoch: 
Memory allocated:  206.91943359375
Memory cached:  422.0
	 epoch  60 training error:  tensor(0.4423, device='cuda:0', grad_fn=<DivBackward0>)
Memory status after this epoch: 
Memory allocated:  206.91943359375
Memory cached:  422.0
	 epoch  70 training error:  tensor(0.4391, device='cuda:0', grad_fn=<DivBackward0>)
Memory status after this epoch: 
Memory allocated:  206.91943359375
Memory cached:  424.0
	 epoch  80 training error:  tensor(0.4395, device='cuda:0', grad_fn=<DivBackward0>)
Memory status after this epoch: 
Memory allocated:  206.91943359375
Memory cached:  424.0
	 epoch  90 training error:  tensor(0.4292, device='cuda:0', grad_fn=<DivBackward0>)
Memory status after this epoch: 
Memory allocated:  206.91943359375
Memory cached:  418.0
[I 2023-12-20 08:14:36,468] Trial 89 finished with value: 0.34413453936576843 and parameters: {'W_layers': 5, 'W_layer_units_exponent_0': 8, 'W_layer_units_exponent_1': 10, 'W_layer_units_exponent_2': 5, 'W_layer_units_exponent_3': 5, 'W_layer_units_exponent_4': 7, 'D_layers': 5, 'D_layer_units_exponent_0': 10, 'D_layer_units_exponent_1': 9, 'D_layer_units_exponent_2': 7, 'D_layer_units_exponent_3': 4, 'D_layer_units_exponent_4': 4, 'D_dagger_layers': 5, 'D_dagger_layer_units_exponent_0': 9, 'D_dagger_layer_units_exponent_1': 6, 'D_dagger_layer_units_exponent_2': 8, 'D_dagger_layer_units_exponent_3': 5, 'D_dagger_layer_units_exponent_4': 7, 'log_learning_rate': -2.1031685164984273, 'log_learning_rate_D': -4.498927898165881, 'log_learning_rate_D_dagger': -3.2050879553752307, 'training_batch_size': 10, 'training_p': 4}. Best is trial 77 with value: 0.13922981917858124.
Time for this trial:  207.03513073921204
Memory status after this trial: 
Memory allocated:  419.38232421875
Memory cached:  436.0
--------------------  Trial  90   --------------------
Start timing: 
Parameters: 
{'W_layers': 4, 'W_layer_units_exponent_0': 9, 'W_layer_units_exponent_1': 9, 'W_layer_units_exponent_2': 6, 'W_layer_units_exponent_3': 4, 'D_layers': 6, 'D_layer_units_exponent_0': 9, 'D_layer_units_exponent_1': 10, 'D_layer_units_exponent_2': 5, 'D_layer_units_exponent_3': 4, 'D_layer_units_exponent_4': 4, 'D_layer_units_exponent_5': 4, 'D_dagger_layers': 8, 'D_dagger_layer_units_exponent_0': 8, 'D_dagger_layer_units_exponent_1': 6, 'D_dagger_layer_units_exponent_2': 4, 'D_dagger_layer_units_exponent_3': 4, 'D_dagger_layer_units_exponent_4': 4, 'D_dagger_layer_units_exponent_5': 7, 'D_dagger_layer_units_exponent_6': 10, 'D_dagger_layer_units_exponent_7': 10, 'log_learning_rate': -1.850878135748388, 'log_learning_rate_D': -4.647047602729931, 'log_learning_rate_D_dagger': -3.3325568715532254, 'training_batch_size': 7, 'training_p': 3}
	 epoch  0 training error:  tensor(1.0337, device='cuda:0', grad_fn=<DivBackward0>)
Memory status after this epoch: 
Memory allocated:  223.72998046875
Memory cached:  424.0
	 epoch  10 training error:  tensor(0.6814, device='cuda:0', grad_fn=<DivBackward0>)
Memory status after this epoch: 
Memory allocated:  223.72998046875
Memory cached:  466.0
	 epoch  20 training error:  tensor(0.5080, device='cuda:0', grad_fn=<DivBackward0>)
Memory status after this epoch: 
Memory allocated:  223.72998046875
Memory cached:  462.0
	 epoch  30 training error:  tensor(0.3886, device='cuda:0', grad_fn=<DivBackward0>)
Memory status after this epoch: 
Memory allocated:  223.72998046875
Memory cached:  464.0
	 epoch  40 training error:  tensor(0.3859, device='cuda:0', grad_fn=<DivBackward0>)
Memory status after this epoch: 
Memory allocated:  223.72998046875
Memory cached:  466.0
	 epoch  50 training error:  tensor(0.4273, device='cuda:0', grad_fn=<DivBackward0>)
Memory status after this epoch: 
Memory allocated:  223.72998046875
Memory cached:  462.0
	 epoch  60 training error:  tensor(0.3785, device='cuda:0', grad_fn=<DivBackward0>)
Memory status after this epoch: 
Memory allocated:  223.72998046875
Memory cached:  452.0
	 epoch  70 training error:  tensor(0.3891, device='cuda:0', grad_fn=<DivBackward0>)
Memory status after this epoch: 
Memory allocated:  223.72998046875
Memory cached:  466.0
	 epoch  80 training error:  tensor(0.3720, device='cuda:0', grad_fn=<DivBackward0>)
Memory status after this epoch: 
Memory allocated:  223.72998046875
Memory cached:  452.0
	 epoch  90 training error:  tensor(0.3764, device='cuda:0', grad_fn=<DivBackward0>)
Memory status after this epoch: 
Memory allocated:  223.72998046875
Memory cached:  460.0
[I 2023-12-20 08:18:32,393] Trial 90 finished with value: 0.3582676649093628 and parameters: {'W_layers': 4, 'W_layer_units_exponent_0': 9, 'W_layer_units_exponent_1': 9, 'W_layer_units_exponent_2': 6, 'W_layer_units_exponent_3': 4, 'D_layers': 6, 'D_layer_units_exponent_0': 9, 'D_layer_units_exponent_1': 10, 'D_layer_units_exponent_2': 5, 'D_layer_units_exponent_3': 4, 'D_layer_units_exponent_4': 4, 'D_layer_units_exponent_5': 4, 'D_dagger_layers': 8, 'D_dagger_layer_units_exponent_0': 8, 'D_dagger_layer_units_exponent_1': 6, 'D_dagger_layer_units_exponent_2': 4, 'D_dagger_layer_units_exponent_3': 4, 'D_dagger_layer_units_exponent_4': 4, 'D_dagger_layer_units_exponent_5': 7, 'D_dagger_layer_units_exponent_6': 10, 'D_dagger_layer_units_exponent_7': 10, 'log_learning_rate': -1.850878135748388, 'log_learning_rate_D': -4.647047602729931, 'log_learning_rate_D_dagger': -3.3325568715532254, 'training_batch_size': 7, 'training_p': 3}. Best is trial 77 with value: 0.13922981917858124.
Time for this trial:  235.51838874816895
Memory status after this trial: 
Memory allocated:  481.63720703125
Memory cached:  490.0
--------------------  Trial  91   --------------------
Start timing: 
Parameters: 
{'W_layers': 5, 'W_layer_units_exponent_0': 7, 'W_layer_units_exponent_1': 9, 'W_layer_units_exponent_2': 6, 'W_layer_units_exponent_3': 6, 'W_layer_units_exponent_4': 7, 'D_layers': 5, 'D_layer_units_exponent_0': 7, 'D_layer_units_exponent_1': 8, 'D_layer_units_exponent_2': 6, 'D_layer_units_exponent_3': 5, 'D_layer_units_exponent_4': 5, 'D_dagger_layers': 3, 'D_dagger_layer_units_exponent_0': 10, 'D_dagger_layer_units_exponent_1': 5, 'D_dagger_layer_units_exponent_2': 4, 'log_learning_rate': -3.021144398927497, 'log_learning_rate_D': -4.338028285117601, 'log_learning_rate_D_dagger': -3.011792334517378, 'training_batch_size': 6, 'training_p': 5}
	 epoch  0 training error:  tensor(0.9973, device='cuda:0', grad_fn=<DivBackward0>)
Memory status after this epoch: 
Memory allocated:  195.36083984375
Memory cached:  412.0
	 epoch  10 training error:  tensor(0.5129, device='cuda:0', grad_fn=<DivBackward0>)
Memory status after this epoch: 
Memory allocated:  195.36083984375
Memory cached:  444.0
	 epoch  20 training error:  tensor(0.5043, device='cuda:0', grad_fn=<DivBackward0>)
Memory status after this epoch: 
Memory allocated:  195.36083984375
Memory cached:  450.0
	 epoch  30 training error:  tensor(0.4874, device='cuda:0', grad_fn=<DivBackward0>)
Memory status after this epoch: 
Memory allocated:  195.36083984375
Memory cached:  448.0
	 epoch  40 training error:  tensor(0.4797, device='cuda:0', grad_fn=<DivBackward0>)
Memory status after this epoch: 
Memory allocated:  195.36083984375
Memory cached:  434.0
	 epoch  50 training error:  tensor(0.4710, device='cuda:0', grad_fn=<DivBackward0>)
Memory status after this epoch: 
Memory allocated:  195.36083984375
Memory cached:  450.0
	 epoch  60 training error:  tensor(0.4653, device='cuda:0', grad_fn=<DivBackward0>)
Memory status after this epoch: 
Memory allocated:  195.36083984375
Memory cached:  442.0
	 epoch  70 training error:  tensor(0.4628, device='cuda:0', grad_fn=<DivBackward0>)
Memory status after this epoch: 
Memory allocated:  195.36083984375
Memory cached:  438.0
	 epoch  80 training error:  tensor(0.4471, device='cuda:0', grad_fn=<DivBackward0>)
Memory status after this epoch: 
Memory allocated:  195.36083984375
Memory cached:  446.0
	 epoch  90 training error:  tensor(0.4019, device='cuda:0', grad_fn=<DivBackward0>)
Memory status after this epoch: 
Memory allocated:  195.36083984375
Memory cached:  432.0
[I 2023-12-20 08:23:48,380] Trial 91 finished with value: 0.19378605484962463 and parameters: {'W_layers': 5, 'W_layer_units_exponent_0': 7, 'W_layer_units_exponent_1': 9, 'W_layer_units_exponent_2': 6, 'W_layer_units_exponent_3': 6, 'W_layer_units_exponent_4': 7, 'D_layers': 5, 'D_layer_units_exponent_0': 7, 'D_layer_units_exponent_1': 8, 'D_layer_units_exponent_2': 6, 'D_layer_units_exponent_3': 5, 'D_layer_units_exponent_4': 5, 'D_dagger_layers': 3, 'D_dagger_layer_units_exponent_0': 10, 'D_dagger_layer_units_exponent_1': 5, 'D_dagger_layer_units_exponent_2': 4, 'log_learning_rate': -3.021144398927497, 'log_learning_rate_D': -4.338028285117601, 'log_learning_rate_D_dagger': -3.011792334517378, 'training_batch_size': 6, 'training_p': 5}. Best is trial 77 with value: 0.13922981917858124.
Time for this trial:  315.54247641563416
Memory status after this trial: 
Memory allocated:  325.11669921875
Memory cached:  428.0
--------------------  Trial  92   --------------------
Start timing: 
Parameters: 
{'W_layers': 5, 'W_layer_units_exponent_0': 7, 'W_layer_units_exponent_1': 9, 'W_layer_units_exponent_2': 5, 'W_layer_units_exponent_3': 4, 'W_layer_units_exponent_4': 8, 'D_layers': 5, 'D_layer_units_exponent_0': 4, 'D_layer_units_exponent_1': 10, 'D_layer_units_exponent_2': 7, 'D_layer_units_exponent_3': 8, 'D_layer_units_exponent_4': 4, 'D_dagger_layers': 6, 'D_dagger_layer_units_exponent_0': 10, 'D_dagger_layer_units_exponent_1': 4, 'D_dagger_layer_units_exponent_2': 4, 'D_dagger_layer_units_exponent_3': 4, 'D_dagger_layer_units_exponent_4': 6, 'D_dagger_layer_units_exponent_5': 10, 'log_learning_rate': -2.613855983733566, 'log_learning_rate_D': -4.421058514992545, 'log_learning_rate_D_dagger': -2.5945073810125976, 'training_batch_size': 6, 'training_p': 6}
	 epoch  0 training error:  tensor(0.9157, device='cuda:0', grad_fn=<DivBackward0>)
Memory status after this epoch: 
Memory allocated:  197.82568359375
Memory cached:  412.0
	 epoch  10 training error:  tensor(0.5440, device='cuda:0', grad_fn=<DivBackward0>)
Memory status after this epoch: 
Memory allocated:  197.82568359375
Memory cached:  432.0
	 epoch  20 training error:  tensor(0.5228, device='cuda:0', grad_fn=<DivBackward0>)
Memory status after this epoch: 
Memory allocated:  197.82568359375
Memory cached:  430.0
	 epoch  30 training error:  tensor(0.5059, device='cuda:0', grad_fn=<DivBackward0>)
Memory status after this epoch: 
Memory allocated:  197.82568359375
Memory cached:  434.0
	 epoch  40 training error:  tensor(0.5285, device='cuda:0', grad_fn=<DivBackward0>)
Memory status after this epoch: 
Memory allocated:  197.82568359375
Memory cached:  436.0
	 epoch  50 training error:  tensor(0.5087, device='cuda:0', grad_fn=<DivBackward0>)
Memory status after this epoch: 
Memory allocated:  197.82568359375
Memory cached:  442.0
	 epoch  60 training error:  tensor(0.5211, device='cuda:0', grad_fn=<DivBackward0>)
Memory status after this epoch: 
Memory allocated:  197.82568359375
Memory cached:  438.0
	 epoch  70 training error:  tensor(0.4728, device='cuda:0', grad_fn=<DivBackward0>)
Memory status after this epoch: 
Memory allocated:  197.82568359375
Memory cached:  428.0
	 epoch  80 training error:  tensor(0.4681, device='cuda:0', grad_fn=<DivBackward0>)
Memory status after this epoch: 
Memory allocated:  197.82568359375
Memory cached:  436.0
	 epoch  90 training error:  tensor(0.3390, device='cuda:0', grad_fn=<DivBackward0>)
Memory status after this epoch: 
Memory allocated:  197.82568359375
Memory cached:  438.0
