[I 2023-12-02 23:20:24,058] Trial 3 finished with value: 0.11983116716146469 and parameters: {'W_layers': 4, 'W_layer_units_exponent_0': 5, 'W_layer_units_exponent_1': 9, 'W_layer_units_exponent_2': 10, 'W_layer_units_exponent_3': 6, 'D_layers': 4, 'D_layer_units_exponent_0': 8, 'D_layer_units_exponent_1': 4, 'D_layer_units_exponent_2': 4, 'D_layer_units_exponent_3': 4, 'D_dagger_layers': 2, 'D_dagger_layer_units_exponent_0': 6, 'D_dagger_layer_units_exponent_1': 4, 'log_learning_rate': -3.27988473789303, 'log_learning_rate_D': -4.784314488440315, 'log_learning_rate_D_dagger': -2.456313230150491, 'training_batch_size': 10, 'training_p': 7}. Best is trial 0 with value: 0.1054830327630043.
Time for this trial:  143.1564860343933
Memory status after this trial: 
Memory allocated:  370.72900390625
Memory cached:  380.0
--------------------  Trial  4   --------------------
Start timing: 
Parameters: 
{'W_layers': 4, 'W_layer_units_exponent_0': 6, 'W_layer_units_exponent_1': 8, 'W_layer_units_exponent_2': 4, 'W_layer_units_exponent_3': 4, 'D_layers': 6, 'D_layer_units_exponent_0': 6, 'D_layer_units_exponent_1': 6, 'D_layer_units_exponent_2': 4, 'D_layer_units_exponent_3': 8, 'D_layer_units_exponent_4': 8, 'D_layer_units_exponent_5': 6, 'D_dagger_layers': 5, 'D_dagger_layer_units_exponent_0': 6, 'D_dagger_layer_units_exponent_1': 6, 'D_dagger_layer_units_exponent_2': 8, 'D_dagger_layer_units_exponent_3': 4, 'D_dagger_layer_units_exponent_4': 7, 'log_learning_rate': -4.286195194432067, 'log_learning_rate_D': -2.5853528767482623, 'log_learning_rate_D_dagger': -4.229164426924115, 'training_batch_size': 9, 'training_p': 7}
	 epoch  0 training error:  tensor(0.9641, device='cuda:0', grad_fn=<DivBackward0>)
Memory status after this epoch: 
Memory allocated:  260.5009765625
Memory cached:  294.0
	 epoch  10 training error:  tensor(0.9264, device='cuda:0', grad_fn=<DivBackward0>)
Memory status after this epoch: 
Memory allocated:  260.5009765625
Memory cached:  348.0
	 epoch  20 training error:  tensor(0.8862, device='cuda:0', grad_fn=<DivBackward0>)
Memory status after this epoch: 
Memory allocated:  260.5009765625
Memory cached:  348.0
	 epoch  30 training error:  tensor(0.8417, device='cuda:0', grad_fn=<DivBackward0>)
Memory status after this epoch: 
Memory allocated:  260.5009765625
Memory cached:  348.0
	 epoch  40 training error:  tensor(0.7906, device='cuda:0', grad_fn=<DivBackward0>)
Memory status after this epoch: 
Memory allocated:  260.5009765625
Memory cached:  348.0
	 epoch  50 training error:  tensor(0.7305, device='cuda:0', grad_fn=<DivBackward0>)
Memory status after this epoch: 
Memory allocated:  260.5009765625
Memory cached:  354.0
	 epoch  60 training error:  tensor(0.6597, device='cuda:0', grad_fn=<DivBackward0>)
Memory status after this epoch: 
Memory allocated:  260.5009765625
Memory cached:  358.0
	 epoch  70 training error:  tensor(0.5759, device='cuda:0', grad_fn=<DivBackward0>)
Memory status after this epoch: 
Memory allocated:  260.5009765625
Memory cached:  352.0
	 epoch  80 training error:  tensor(0.4791, device='cuda:0', grad_fn=<DivBackward0>)
Memory status after this epoch: 
Memory allocated:  260.5009765625
Memory cached:  352.0
	 epoch  90 training error:  tensor(0.3676, device='cuda:0', grad_fn=<DivBackward0>)
Memory status after this epoch: 
Memory allocated:  260.5009765625
Memory cached:  352.0
[I 2023-12-02 23:23:22,118] Trial 4 finished with value: 0.20480573177337646 and parameters: {'W_layers': 4, 'W_layer_units_exponent_0': 6, 'W_layer_units_exponent_1': 8, 'W_layer_units_exponent_2': 4, 'W_layer_units_exponent_3': 4, 'D_layers': 6, 'D_layer_units_exponent_0': 6, 'D_layer_units_exponent_1': 6, 'D_layer_units_exponent_2': 4, 'D_layer_units_exponent_3': 8, 'D_layer_units_exponent_4': 8, 'D_layer_units_exponent_5': 6, 'D_dagger_layers': 5, 'D_dagger_layer_units_exponent_0': 6, 'D_dagger_layer_units_exponent_1': 6, 'D_dagger_layer_units_exponent_2': 8, 'D_dagger_layer_units_exponent_3': 4, 'D_dagger_layer_units_exponent_4': 7, 'log_learning_rate': -4.286195194432067, 'log_learning_rate_D': -2.5853528767482623, 'log_learning_rate_D_dagger': -4.229164426924115, 'training_batch_size': 9, 'training_p': 7}. Best is trial 0 with value: 0.1054830327630043.
Time for this trial:  177.8984591960907
Memory status after this trial: 
Memory allocated:  343.8525390625
Memory cached:  358.0
--------------------  Trial  5   --------------------
Start timing: 
Parameters: 
{'W_layers': 7, 'W_layer_units_exponent_0': 9, 'W_layer_units_exponent_1': 5, 'W_layer_units_exponent_2': 7, 'W_layer_units_exponent_3': 5, 'W_layer_units_exponent_4': 8, 'W_layer_units_exponent_5': 5, 'W_layer_units_exponent_6': 4, 'D_layers': 4, 'D_layer_units_exponent_0': 10, 'D_layer_units_exponent_1': 9, 'D_layer_units_exponent_2': 10, 'D_layer_units_exponent_3': 6, 'D_dagger_layers': 2, 'D_dagger_layer_units_exponent_0': 4, 'D_dagger_layer_units_exponent_1': 8, 'log_learning_rate': -4.025594259327976, 'log_learning_rate_D': -3.9886423483064366, 'log_learning_rate_D_dagger': -1.3878323853138692, 'training_batch_size': 8, 'training_p': 6}
	 epoch  0 training error:  tensor(0.9940, device='cuda:0', grad_fn=<DivBackward0>)
Memory status after this epoch: 
Memory allocated:  276.1357421875
Memory cached:  314.0
	 epoch  10 training error:  tensor(0.1743, device='cuda:0', grad_fn=<DivBackward0>)
Memory status after this epoch: 
Memory allocated:  276.1357421875
Memory cached:  382.0
	 epoch  20 training error:  tensor(0.1519, device='cuda:0', grad_fn=<DivBackward0>)
Memory status after this epoch: 
Memory allocated:  276.1357421875
Memory cached:  372.0
	 epoch  30 training error:  tensor(0.1414, device='cuda:0', grad_fn=<DivBackward0>)
Memory status after this epoch: 
Memory allocated:  276.1357421875
Memory cached:  382.0
	 epoch  40 training error:  tensor(0.1418, device='cuda:0', grad_fn=<DivBackward0>)
Memory status after this epoch: 
Memory allocated:  276.1357421875
Memory cached:  376.0
	 epoch  50 training error:  tensor(0.1280, device='cuda:0', grad_fn=<DivBackward0>)
Memory status after this epoch: 
Memory allocated:  276.1357421875
Memory cached:  380.0
	 epoch  60 training error:  tensor(0.1136, device='cuda:0', grad_fn=<DivBackward0>)
Memory status after this epoch: 
Memory allocated:  276.1357421875
Memory cached:  378.0
	 epoch  70 training error:  tensor(0.0892, device='cuda:0', grad_fn=<DivBackward0>)
Memory status after this epoch: 
Memory allocated:  276.1357421875
Memory cached:  378.0
	 epoch  80 training error:  tensor(0.1285, device='cuda:0', grad_fn=<DivBackward0>)
Memory status after this epoch: 
Memory allocated:  276.1357421875
Memory cached:  374.0
	 epoch  90 training error:  tensor(0.1841, device='cuda:0', grad_fn=<DivBackward0>)
Memory status after this epoch: 
Memory allocated:  276.1357421875
Memory cached:  380.0
[I 2023-12-02 23:26:27,015] Trial 5 finished with value: 0.10942798107862473 and parameters: {'W_layers': 7, 'W_layer_units_exponent_0': 9, 'W_layer_units_exponent_1': 5, 'W_layer_units_exponent_2': 7, 'W_layer_units_exponent_3': 5, 'W_layer_units_exponent_4': 8, 'W_layer_units_exponent_5': 5, 'W_layer_units_exponent_6': 4, 'D_layers': 4, 'D_layer_units_exponent_0': 10, 'D_layer_units_exponent_1': 9, 'D_layer_units_exponent_2': 10, 'D_layer_units_exponent_3': 6, 'D_dagger_layers': 2, 'D_dagger_layer_units_exponent_0': 4, 'D_dagger_layer_units_exponent_1': 8, 'log_learning_rate': -4.025594259327976, 'log_learning_rate_D': -3.9886423483064366, 'log_learning_rate_D_dagger': -1.3878323853138692, 'training_batch_size': 8, 'training_p': 6}. Best is trial 0 with value: 0.1054830327630043.
Time for this trial:  184.735985994339
Memory status after this trial: 
Memory allocated:  472.38330078125
Memory cached:  478.0
--------------------  Trial  6   --------------------
Start timing: 
Parameters: 
{'W_layers': 6, 'W_layer_units_exponent_0': 9, 'W_layer_units_exponent_1': 7, 'W_layer_units_exponent_2': 4, 'W_layer_units_exponent_3': 5, 'W_layer_units_exponent_4': 10, 'W_layer_units_exponent_5': 9, 'D_layers': 2, 'D_layer_units_exponent_0': 8, 'D_layer_units_exponent_1': 8, 'D_dagger_layers': 4, 'D_dagger_layer_units_exponent_0': 6, 'D_dagger_layer_units_exponent_1': 5, 'D_dagger_layer_units_exponent_2': 7, 'D_dagger_layer_units_exponent_3': 5, 'log_learning_rate': -1.9888201513418906, 'log_learning_rate_D': -1.6577640907004763, 'log_learning_rate_D_dagger': -1.0956421442497462, 'training_batch_size': 7, 'training_p': 8}
	 epoch  0 training error:  tensor(0.9664, device='cuda:0', grad_fn=<DivBackward0>)
Memory status after this epoch: 
Memory allocated:  269.1142578125
Memory cached:  302.0
	 epoch  10 training error:  tensor(1.0525, device='cuda:0', grad_fn=<DivBackward0>)
Memory status after this epoch: 
Memory allocated:  269.1142578125
Memory cached:  356.0
	 epoch  20 training error:  tensor(0.2913, device='cuda:0', grad_fn=<DivBackward0>)
Memory status after this epoch: 
Memory allocated:  269.1142578125
Memory cached:  358.0
	 epoch  30 training error:  tensor(0.2216, device='cuda:0', grad_fn=<DivBackward0>)
Memory status after this epoch: 
Memory allocated:  269.1142578125
Memory cached:  360.0
	 epoch  40 training error:  tensor(0.2410, device='cuda:0', grad_fn=<DivBackward0>)
Memory status after this epoch: 
Memory allocated:  269.1142578125
Memory cached:  358.0
	 epoch  50 training error:  tensor(0.2181, device='cuda:0', grad_fn=<DivBackward0>)
Memory status after this epoch: 
Memory allocated:  269.1142578125
Memory cached:  356.0
	 epoch  60 training error:  tensor(0.2186, device='cuda:0', grad_fn=<DivBackward0>)
Memory status after this epoch: 
Memory allocated:  269.1142578125
Memory cached:  362.0
	 epoch  70 training error:  tensor(0.2230, device='cuda:0', grad_fn=<DivBackward0>)
Memory status after this epoch: 
Memory allocated:  269.1142578125
Memory cached:  354.0
	 epoch  80 training error:  tensor(0.2324, device='cuda:0', grad_fn=<DivBackward0>)
Memory status after this epoch: 
Memory allocated:  269.1142578125
Memory cached:  358.0
	 epoch  90 training error:  tensor(0.2342, device='cuda:0', grad_fn=<DivBackward0>)
Memory status after this epoch: 
Memory allocated:  269.1142578125
Memory cached:  360.0
[I 2023-12-02 23:29:14,922] Trial 6 finished with value: 0.12823215126991272 and parameters: {'W_layers': 6, 'W_layer_units_exponent_0': 9, 'W_layer_units_exponent_1': 7, 'W_layer_units_exponent_2': 4, 'W_layer_units_exponent_3': 5, 'W_layer_units_exponent_4': 10, 'W_layer_units_exponent_5': 9, 'D_layers': 2, 'D_layer_units_exponent_0': 8, 'D_layer_units_exponent_1': 8, 'D_dagger_layers': 4, 'D_dagger_layer_units_exponent_0': 6, 'D_dagger_layer_units_exponent_1': 5, 'D_dagger_layer_units_exponent_2': 7, 'D_dagger_layer_units_exponent_3': 5, 'log_learning_rate': -1.9888201513418906, 'log_learning_rate_D': -1.6577640907004763, 'log_learning_rate_D_dagger': -1.0956421442497462, 'training_batch_size': 7, 'training_p': 8}. Best is trial 0 with value: 0.1054830327630043.
Time for this trial:  167.74115800857544
Memory status after this trial: 
Memory allocated:  417.62255859375
Memory cached:  428.0
--------------------  Trial  7   --------------------
Start timing: 
Parameters: 
{'W_layers': 4, 'W_layer_units_exponent_0': 4, 'W_layer_units_exponent_1': 8, 'W_layer_units_exponent_2': 4, 'W_layer_units_exponent_3': 8, 'D_layers': 3, 'D_layer_units_exponent_0': 10, 'D_layer_units_exponent_1': 10, 'D_layer_units_exponent_2': 5, 'D_dagger_layers': 6, 'D_dagger_layer_units_exponent_0': 7, 'D_dagger_layer_units_exponent_1': 6, 'D_dagger_layer_units_exponent_2': 7, 'D_dagger_layer_units_exponent_3': 5, 'D_dagger_layer_units_exponent_4': 5, 'D_dagger_layer_units_exponent_5': 9, 'log_learning_rate': -4.793549540291357, 'log_learning_rate_D': -2.0002914232192417, 'log_learning_rate_D_dagger': -1.4721759738528903, 'training_batch_size': 8, 'training_p': 4}
	 epoch  0 training error:  tensor(0.9869, device='cuda:0', grad_fn=<DivBackward0>)
Memory status after this epoch: 
Memory allocated:  275.7021484375
Memory cached:  324.0
	 epoch  10 training error:  tensor(23.9583, device='cuda:0', grad_fn=<DivBackward0>)
Memory status after this epoch: 
Memory allocated:  275.7021484375
Memory cached:  384.0
	 epoch  20 training error:  tensor(10.1657, device='cuda:0', grad_fn=<DivBackward0>)
Memory status after this epoch: 
Memory allocated:  275.7021484375
Memory cached:  388.0
	 epoch  30 training error:  tensor(3.3459, device='cuda:0', grad_fn=<DivBackward0>)
Memory status after this epoch: 
Memory allocated:  275.7021484375
Memory cached:  390.0
	 epoch  40 training error:  tensor(1.3875, device='cuda:0', grad_fn=<DivBackward0>)
Memory status after this epoch: 
Memory allocated:  275.7021484375
Memory cached:  388.0
	 epoch  50 training error:  tensor(7.9653, device='cuda:0', grad_fn=<DivBackward0>)
Memory status after this epoch: 
Memory allocated:  275.7021484375
Memory cached:  388.0
	 epoch  60 training error:  tensor(2.6825, device='cuda:0', grad_fn=<DivBackward0>)
Memory status after this epoch: 
Memory allocated:  275.7021484375
Memory cached:  382.0
	 epoch  70 training error:  tensor(1.0734, device='cuda:0', grad_fn=<DivBackward0>)
Memory status after this epoch: 
Memory allocated:  275.7021484375
Memory cached:  382.0
	 epoch  80 training error:  tensor(1.8203, device='cuda:0', grad_fn=<DivBackward0>)
Memory status after this epoch: 
Memory allocated:  275.7021484375
Memory cached:  384.0
	 epoch  90 training error:  tensor(1.0592, device='cuda:0', grad_fn=<DivBackward0>)
Memory status after this epoch: 
Memory allocated:  275.7021484375
Memory cached:  384.0
[I 2023-12-02 23:32:12,980] Trial 7 finished with value: 0.8062737584114075 and parameters: {'W_layers': 4, 'W_layer_units_exponent_0': 4, 'W_layer_units_exponent_1': 8, 'W_layer_units_exponent_2': 4, 'W_layer_units_exponent_3': 8, 'D_layers': 3, 'D_layer_units_exponent_0': 10, 'D_layer_units_exponent_1': 10, 'D_layer_units_exponent_2': 5, 'D_dagger_layers': 6, 'D_dagger_layer_units_exponent_0': 7, 'D_dagger_layer_units_exponent_1': 6, 'D_dagger_layer_units_exponent_2': 7, 'D_dagger_layer_units_exponent_3': 5, 'D_dagger_layer_units_exponent_4': 5, 'D_dagger_layer_units_exponent_5': 9, 'log_learning_rate': -4.793549540291357, 'log_learning_rate_D': -2.0002914232192417, 'log_learning_rate_D_dagger': -1.4721759738528903, 'training_batch_size': 8, 'training_p': 4}. Best is trial 0 with value: 0.1054830327630043.
Time for this trial:  177.8927071094513
Memory status after this trial: 
Memory allocated:  448.43115234375
Memory cached:  454.0
--------------------  Trial  8   --------------------
Start timing: 
Parameters: 
{'W_layers': 3, 'W_layer_units_exponent_0': 9, 'W_layer_units_exponent_1': 5, 'W_layer_units_exponent_2': 6, 'D_layers': 5, 'D_layer_units_exponent_0': 8, 'D_layer_units_exponent_1': 9, 'D_layer_units_exponent_2': 5, 'D_layer_units_exponent_3': 5, 'D_layer_units_exponent_4': 7, 'D_dagger_layers': 8, 'D_dagger_layer_units_exponent_0': 5, 'D_dagger_layer_units_exponent_1': 8, 'D_dagger_layer_units_exponent_2': 4, 'D_dagger_layer_units_exponent_3': 9, 'D_dagger_layer_units_exponent_4': 5, 'D_dagger_layer_units_exponent_5': 7, 'D_dagger_layer_units_exponent_6': 5, 'D_dagger_layer_units_exponent_7': 6, 'log_learning_rate': -2.5127782313357403, 'log_learning_rate_D': -1.0739843283555515, 'log_learning_rate_D_dagger': -2.8642964028263074, 'training_batch_size': 12, 'training_p': 8}
	 epoch  0 training error:  tensor(1.0326, device='cuda:0', grad_fn=<DivBackward0>)
Memory status after this epoch: 
Memory allocated:  261.7392578125
Memory cached:  300.0
	 epoch  10 training error:  tensor(0.2597, device='cuda:0', grad_fn=<DivBackward0>)
Memory status after this epoch: 
Memory allocated:  261.7392578125
Memory cached:  380.0
	 epoch  20 training error:  tensor(0.2411, device='cuda:0', grad_fn=<DivBackward0>)
Memory status after this epoch: 
Memory allocated:  261.7392578125
Memory cached:  370.0
	 epoch  30 training error:  tensor(0.2235, device='cuda:0', grad_fn=<DivBackward0>)
Memory status after this epoch: 
Memory allocated:  261.7392578125
Memory cached:  372.0
	 epoch  40 training error:  tensor(0.2202, device='cuda:0', grad_fn=<DivBackward0>)
Memory status after this epoch: 
Memory allocated:  261.7392578125
Memory cached:  370.0
	 epoch  50 training error:  tensor(0.2161, device='cuda:0', grad_fn=<DivBackward0>)
Memory status after this epoch: 
Memory allocated:  261.7392578125
Memory cached:  378.0
	 epoch  60 training error:  tensor(0.2152, device='cuda:0', grad_fn=<DivBackward0>)
Memory status after this epoch: 
Memory allocated:  261.7392578125
Memory cached:  370.0
	 epoch  70 training error:  tensor(0.2149, device='cuda:0', grad_fn=<DivBackward0>)
Memory status after this epoch: 
Memory allocated:  261.7392578125
Memory cached:  374.0
	 epoch  80 training error:  tensor(0.2149, device='cuda:0', grad_fn=<DivBackward0>)
Memory status after this epoch: 
Memory allocated:  261.7392578125
Memory cached:  376.0
	 epoch  90 training error:  tensor(0.2148, device='cuda:0', grad_fn=<DivBackward0>)
Memory status after this epoch: 
Memory allocated:  261.7392578125
Memory cached:  372.0
[I 2023-12-02 23:35:27,492] Trial 8 finished with value: 0.11486788094043732 and parameters: {'W_layers': 3, 'W_layer_units_exponent_0': 9, 'W_layer_units_exponent_1': 5, 'W_layer_units_exponent_2': 6, 'D_layers': 5, 'D_layer_units_exponent_0': 8, 'D_layer_units_exponent_1': 9, 'D_layer_units_exponent_2': 5, 'D_layer_units_exponent_3': 5, 'D_layer_units_exponent_4': 7, 'D_dagger_layers': 8, 'D_dagger_layer_units_exponent_0': 5, 'D_dagger_layer_units_exponent_1': 8, 'D_dagger_layer_units_exponent_2': 4, 'D_dagger_layer_units_exponent_3': 9, 'D_dagger_layer_units_exponent_4': 5, 'D_dagger_layer_units_exponent_5': 7, 'D_dagger_layer_units_exponent_6': 5, 'D_dagger_layer_units_exponent_7': 6, 'log_learning_rate': -2.5127782313357403, 'log_learning_rate_D': -1.0739843283555515, 'log_learning_rate_D_dagger': -2.8642964028263074, 'training_batch_size': 12, 'training_p': 8}. Best is trial 0 with value: 0.1054830327630043.
Time for this trial:  194.34819412231445
Memory status after this trial: 
Memory allocated:  399.03759765625
Memory cached:  414.0
--------------------  Trial  9   --------------------
Start timing: 
Parameters: 
{'W_layers': 2, 'W_layer_units_exponent_0': 10, 'W_layer_units_exponent_1': 6, 'D_layers': 6, 'D_layer_units_exponent_0': 7, 'D_layer_units_exponent_1': 10, 'D_layer_units_exponent_2': 9, 'D_layer_units_exponent_3': 10, 'D_layer_units_exponent_4': 6, 'D_layer_units_exponent_5': 9, 'D_dagger_layers': 8, 'D_dagger_layer_units_exponent_0': 6, 'D_dagger_layer_units_exponent_1': 5, 'D_dagger_layer_units_exponent_2': 4, 'D_dagger_layer_units_exponent_3': 10, 'D_dagger_layer_units_exponent_4': 8, 'D_dagger_layer_units_exponent_5': 10, 'D_dagger_layer_units_exponent_6': 7, 'D_dagger_layer_units_exponent_7': 9, 'log_learning_rate': -4.586051669084167, 'log_learning_rate_D': -1.2250152192722679, 'log_learning_rate_D_dagger': -2.9467850935443014, 'training_batch_size': 9, 'training_p': 4}
	 epoch  0 training error:  tensor(1.0662, device='cuda:0', grad_fn=<DivBackward0>)
Memory status after this epoch: 
Memory allocated:  290.2841796875
Memory cached:  324.0
	 epoch  10 training error:  tensor(0.8942, device='cuda:0', grad_fn=<DivBackward0>)
Memory status after this epoch: 
Memory allocated:  290.2841796875
Memory cached:  416.0
	 epoch  20 training error:  tensor(0.7226, device='cuda:0', grad_fn=<DivBackward0>)
Memory status after this epoch: 
Memory allocated:  290.2841796875
Memory cached:  420.0
	 epoch  30 training error:  tensor(0.5531, device='cuda:0', grad_fn=<DivBackward0>)
Memory status after this epoch: 
Memory allocated:  290.2841796875
Memory cached:  418.0
	 epoch  40 training error:  tensor(0.3845, device='cuda:0', grad_fn=<DivBackward0>)
Memory status after this epoch: 
Memory allocated:  290.2841796875
Memory cached:  420.0
	 epoch  50 training error:  tensor(0.2315, device='cuda:0', grad_fn=<DivBackward0>)
Memory status after this epoch: 
Memory allocated:  290.2841796875
Memory cached:  418.0
	 epoch  60 training error:  tensor(0.1640, device='cuda:0', grad_fn=<DivBackward0>)
Memory status after this epoch: 
Memory allocated:  290.2841796875
Memory cached:  420.0
	 epoch  70 training error:  tensor(0.1714, device='cuda:0', grad_fn=<DivBackward0>)
Memory status after this epoch: 
Memory allocated:  290.2841796875
Memory cached:  424.0
	 epoch  80 training error:  tensor(0.1642, device='cuda:0', grad_fn=<DivBackward0>)
Memory status after this epoch: 
Memory allocated:  290.2841796875
Memory cached:  410.0
	 epoch  90 training error:  tensor(0.1642, device='cuda:0', grad_fn=<DivBackward0>)
Memory status after this epoch: 
Memory allocated:  290.2841796875
Memory cached:  418.0
