[I 2024-03-12 20:33:28,920] Trial 194 finished with value: 0.3131937086582184 and parameters: {'log_learning_rate': -1.4070004390436182, 'log_learning_rate_D': -2.8268660952710785, 'log_learning_rate_D_dagger': -1.1826036918062992, 'training_batch_size': 8, 'training_p': 2, 'p_order_W': 4, 'p_order_D': 4, 'p_order_D_dagger': 3}. Best is trial 181 with value: 0.3123883605003357.
Time for this trial:  204.4515724182129
Memory status after this trial: 
Memory allocated:  3.7412109375
Memory cached:  6.0
--------------------  Trial  195   --------------------
Start timing: 
Parameters: 
{'log_learning_rate': -1.2260446822709061, 'log_learning_rate_D': -2.8480738232908918, 'log_learning_rate_D_dagger': -1.2021706915880517, 'training_batch_size': 8, 'training_p': 2, 'p_order_W': 4, 'p_order_D': 4, 'p_order_D_dagger': 3}

[W 2024-03-12 20:33:32,041] Trial 195 failed with parameters: {'log_learning_rate': -1.2260446822709061, 'log_learning_rate_D': -2.8480738232908918, 'log_learning_rate_D_dagger': -1.2021706915880517, 'training_batch_size': 8, 'training_p': 2, 'p_order_W': 4, 'p_order_D': 4, 'p_order_D_dagger': 3} because of the following error: The value nan is not acceptable.
[W 2024-03-12 20:33:32,041] Trial 195 failed with value tensor(nan, grad_fn=<ToCopyBackward0>).
Time for this trial:  2.852928638458252
Memory status after this trial: 
Memory allocated:  3.7412109375
Memory cached:  6.0
--------------------  Trial  196   --------------------
Start timing: 
Parameters: 
{'log_learning_rate': -1.2177453983897666, 'log_learning_rate_D': -2.782497877221909, 'log_learning_rate_D_dagger': -1.1864932564802486, 'training_batch_size': 8, 'training_p': 2, 'p_order_W': 4, 'p_order_D': 4, 'p_order_D_dagger': 3}

	 epoch  0 training error:  tensor(35.1425, grad_fn=<ToCopyBackward0>)
Memory status after this epoch: 
Memory allocated:  2.03662109375
Memory cached:  6.0
	 epoch  10 training error:  tensor(1.7958, grad_fn=<ToCopyBackward0>)
Memory status after this epoch: 
Memory allocated:  2.03662109375
Memory cached:  6.0
	 epoch  20 training error:  tensor(0.4514, grad_fn=<ToCopyBackward0>)
Memory status after this epoch: 
Memory allocated:  2.03662109375
Memory cached:  6.0
	 epoch  30 training error:  tensor(0.4404, grad_fn=<ToCopyBackward0>)
Memory status after this epoch: 
Memory allocated:  2.03662109375
Memory cached:  6.0
	 epoch  40 training error:  tensor(0.4049, grad_fn=<ToCopyBackward0>)
Memory status after this epoch: 
Memory allocated:  2.03662109375
Memory cached:  6.0
	 epoch  50 training error:  tensor(0.3881, grad_fn=<ToCopyBackward0>)
Memory status after this epoch: 
Memory allocated:  2.03662109375
Memory cached:  6.0
	 epoch  60 training error:  tensor(0.3785, grad_fn=<ToCopyBackward0>)
Memory status after this epoch: 
Memory allocated:  2.03662109375
Memory cached:  6.0
	 epoch  70 training error:  tensor(0.3690, grad_fn=<ToCopyBackward0>)
Memory status after this epoch: 
Memory allocated:  2.03662109375
Memory cached:  6.0
	 epoch  80 training error:  tensor(0.3630, grad_fn=<ToCopyBackward0>)
Memory status after this epoch: 
Memory allocated:  2.03662109375
Memory cached:  6.0
	 epoch  90 training error:  tensor(0.3586, grad_fn=<ToCopyBackward0>)
Memory status after this epoch: 
Memory allocated:  2.03662109375
Memory cached:  6.0
[I 2024-03-12 20:36:57,496] Trial 196 finished with value: 0.360525906085968 and parameters: {'log_learning_rate': -1.2177453983897666, 'log_learning_rate_D': -2.782497877221909, 'log_learning_rate_D_dagger': -1.1864932564802486, 'training_batch_size': 8, 'training_p': 2, 'p_order_W': 4, 'p_order_D': 4, 'p_order_D_dagger': 3}. Best is trial 181 with value: 0.3123883605003357.
Time for this trial:  205.2033064365387
Memory status after this trial: 
Memory allocated:  3.7412109375
Memory cached:  6.0
--------------------  Trial  197   --------------------
Start timing: 
Parameters: 
{'log_learning_rate': -1.392635213341677, 'log_learning_rate_D': -2.8640531967983356, 'log_learning_rate_D_dagger': -1.1997883759665602, 'training_batch_size': 8, 'training_p': 2, 'p_order_W': 4, 'p_order_D': 4, 'p_order_D_dagger': 3}

[W 2024-03-12 20:37:00,596] Trial 197 failed with parameters: {'log_learning_rate': -1.392635213341677, 'log_learning_rate_D': -2.8640531967983356, 'log_learning_rate_D_dagger': -1.1997883759665602, 'training_batch_size': 8, 'training_p': 2, 'p_order_W': 4, 'p_order_D': 4, 'p_order_D_dagger': 3} because of the following error: The value nan is not acceptable.
[W 2024-03-12 20:37:00,597] Trial 197 failed with value tensor(nan, grad_fn=<ToCopyBackward0>).
Time for this trial:  2.8557631969451904
Memory status after this trial: 
Memory allocated:  3.7412109375
Memory cached:  6.0
--------------------  Trial  198   --------------------
Start timing: 
Parameters: 
{'log_learning_rate': -1.3867748122121764, 'log_learning_rate_D': -2.8428525300966063, 'log_learning_rate_D_dagger': -1.1835299721528034, 'training_batch_size': 8, 'training_p': 2, 'p_order_W': 4, 'p_order_D': 4, 'p_order_D_dagger': 3}

[W 2024-03-12 20:37:03,761] Trial 198 failed with parameters: {'log_learning_rate': -1.3867748122121764, 'log_learning_rate_D': -2.8428525300966063, 'log_learning_rate_D_dagger': -1.1835299721528034, 'training_batch_size': 8, 'training_p': 2, 'p_order_W': 4, 'p_order_D': 4, 'p_order_D_dagger': 3} because of the following error: The value nan is not acceptable.
[W 2024-03-12 20:37:03,762] Trial 198 failed with value tensor(nan, grad_fn=<ToCopyBackward0>).
Time for this trial:  2.8871397972106934
Memory status after this trial: 
Memory allocated:  3.7412109375
Memory cached:  6.0
--------------------  Trial  199   --------------------
Start timing: 
Parameters: 
{'log_learning_rate': -1.378311143432198, 'log_learning_rate_D': -2.8443420772372052, 'log_learning_rate_D_dagger': -1.2454570546561072, 'training_batch_size': 8, 'training_p': 2, 'p_order_W': 4, 'p_order_D': 4, 'p_order_D_dagger': 3}

[W 2024-03-12 20:37:06,870] Trial 199 failed with parameters: {'log_learning_rate': -1.378311143432198, 'log_learning_rate_D': -2.8443420772372052, 'log_learning_rate_D_dagger': -1.2454570546561072, 'training_batch_size': 8, 'training_p': 2, 'p_order_W': 4, 'p_order_D': 4, 'p_order_D_dagger': 3} because of the following error: The value nan is not acceptable.
[W 2024-03-12 20:37:06,871] Trial 199 failed with value tensor(nan, grad_fn=<ToCopyBackward0>).
Time for this trial:  2.8654232025146484
Memory status after this trial: 
Memory allocated:  3.7412109375
Memory cached:  6.0
--------------------  Trial  200   --------------------
Start timing: 
Parameters: 
{'log_learning_rate': -1.3517288188273702, 'log_learning_rate_D': -2.588033717965602, 'log_learning_rate_D_dagger': -1.1925649550223656, 'training_batch_size': 8, 'training_p': 2, 'p_order_W': 4, 'p_order_D': 4, 'p_order_D_dagger': 3}

	 epoch  0 training error:  tensor(190.5947, grad_fn=<ToCopyBackward0>)
Memory status after this epoch: 
Memory allocated:  2.03662109375
Memory cached:  6.0
	 epoch  10 training error:  tensor(3.9290, grad_fn=<ToCopyBackward0>)
Memory status after this epoch: 
Memory allocated:  2.03662109375
Memory cached:  6.0
	 epoch  20 training error:  tensor(1.9598, grad_fn=<ToCopyBackward0>)
Memory status after this epoch: 
Memory allocated:  2.03662109375
Memory cached:  6.0
	 epoch  30 training error:  tensor(1.0780, grad_fn=<ToCopyBackward0>)
Memory status after this epoch: 
Memory allocated:  2.03662109375
Memory cached:  6.0
	 epoch  40 training error:  tensor(0.7142, grad_fn=<ToCopyBackward0>)
Memory status after this epoch: 
Memory allocated:  2.03662109375
Memory cached:  6.0
	 epoch  50 training error:  tensor(0.4357, grad_fn=<ToCopyBackward0>)
Memory status after this epoch: 
Memory allocated:  2.03662109375
Memory cached:  6.0
	 epoch  60 training error:  tensor(0.3845, grad_fn=<ToCopyBackward0>)
Memory status after this epoch: 
Memory allocated:  2.03662109375
Memory cached:  6.0
	 epoch  70 training error:  tensor(0.3595, grad_fn=<ToCopyBackward0>)
Memory status after this epoch: 
Memory allocated:  2.03662109375
Memory cached:  6.0
	 epoch  80 training error:  tensor(0.3541, grad_fn=<ToCopyBackward0>)
Memory status after this epoch: 
Memory allocated:  2.03662109375
Memory cached:  6.0
	 epoch  90 training error:  tensor(0.3424, grad_fn=<ToCopyBackward0>)
Memory status after this epoch: 
Memory allocated:  2.03662109375
Memory cached:  6.0
[I 2024-03-12 20:40:31,836] Trial 200 finished with value: 0.3518691658973694 and parameters: {'log_learning_rate': -1.3517288188273702, 'log_learning_rate_D': -2.588033717965602, 'log_learning_rate_D_dagger': -1.1925649550223656, 'training_batch_size': 8, 'training_p': 2, 'p_order_W': 4, 'p_order_D': 4, 'p_order_D_dagger': 3}. Best is trial 181 with value: 0.3123883605003357.
Time for this trial:  204.69808530807495
Memory status after this trial: 
Memory allocated:  3.7412109375
Memory cached:  6.0
