[I 2024-01-13 23:53:51,974] Trial 48 finished with value: 0.08973655104637146 and parameters: {'W_layers': 6, 'W_layer_units_exponent_0': 5, 'W_layer_units_exponent_1': 5, 'W_layer_units_exponent_2': 9, 'W_layer_units_exponent_3': 8, 'W_layer_units_exponent_4': 7, 'W_layer_units_exponent_5': 6, 'D_layers': 3, 'D_layer_units_exponent_0': 9, 'D_layer_units_exponent_1': 6, 'D_layer_units_exponent_2': 8, 'D_dagger_layers': 4, 'D_dagger_layer_units_exponent_0': 10, 'D_dagger_layer_units_exponent_1': 7, 'D_dagger_layer_units_exponent_2': 7, 'D_dagger_layer_units_exponent_3': 6, 'log_learning_rate': -1.7898779076501343, 'log_learning_rate_D': -4.098590636920401, 'log_learning_rate_D_dagger': -3.08054990360636, 'training_batch_size': 8, 'training_p': 3}. Best is trial 33 with value: 0.08818560093641281.
Time for this trial:  55.162155866622925
Memory status after this trial: 
Memory allocated:  519.52783203125
Memory cached:  542.0
--------------------  Trial  49   --------------------
Start timing: 
Parameters: 
{'W_layers': 4, 'W_layer_units_exponent_0': 4, 'W_layer_units_exponent_1': 5, 'W_layer_units_exponent_2': 8, 'W_layer_units_exponent_3': 7, 'D_layers': 2, 'D_layer_units_exponent_0': 10, 'D_layer_units_exponent_1': 4, 'D_dagger_layers': 6, 'D_dagger_layer_units_exponent_0': 7, 'D_dagger_layer_units_exponent_1': 8, 'D_dagger_layer_units_exponent_2': 6, 'D_dagger_layer_units_exponent_3': 4, 'D_dagger_layer_units_exponent_4': 5, 'D_dagger_layer_units_exponent_5': 6, 'log_learning_rate': -1.5352951900406246, 'log_learning_rate_D': -3.2086140982989404, 'log_learning_rate_D_dagger': -3.5541062788018523, 'training_batch_size': 11, 'training_p': 2}
	 epoch  0 training error:  tensor(1.0289, device='cuda:0', grad_fn=<DivBackward0>)
Memory status after this epoch: 
Memory allocated:  259.53076171875
Memory cached:  382.0
	 epoch  10 training error:  tensor(0.7549, device='cuda:0', grad_fn=<DivBackward0>)
Memory status after this epoch: 
Memory allocated:  259.53076171875
Memory cached:  382.0
	 epoch  20 training error:  tensor(0.3765, device='cuda:0', grad_fn=<DivBackward0>)
Memory status after this epoch: 
Memory allocated:  259.53076171875
Memory cached:  382.0
	 epoch  30 training error:  tensor(0.2818, device='cuda:0', grad_fn=<DivBackward0>)
Memory status after this epoch: 
Memory allocated:  259.53076171875
Memory cached:  382.0
	 epoch  40 training error:  tensor(0.2016, device='cuda:0', grad_fn=<DivBackward0>)
Memory status after this epoch: 
Memory allocated:  259.53076171875
Memory cached:  382.0
	 epoch  50 training error:  tensor(0.1630, device='cuda:0', grad_fn=<DivBackward0>)
Memory status after this epoch: 
Memory allocated:  259.53076171875
Memory cached:  382.0
	 epoch  60 training error:  tensor(0.1383, device='cuda:0', grad_fn=<DivBackward0>)
Memory status after this epoch: 
Memory allocated:  259.53076171875
Memory cached:  382.0
	 epoch  70 training error:  tensor(0.1145, device='cuda:0', grad_fn=<DivBackward0>)
Memory status after this epoch: 
Memory allocated:  259.53076171875
Memory cached:  382.0
	 epoch  80 training error:  tensor(0.0944, device='cuda:0', grad_fn=<DivBackward0>)
Memory status after this epoch: 
Memory allocated:  259.53076171875
Memory cached:  382.0
	 epoch  90 training error:  tensor(0.0870, device='cuda:0', grad_fn=<DivBackward0>)
Memory status after this epoch: 
Memory allocated:  259.53076171875
Memory cached:  382.0
[I 2024-01-13 23:54:43,786] Trial 49 finished with value: 0.08892601728439331 and parameters: {'W_layers': 4, 'W_layer_units_exponent_0': 4, 'W_layer_units_exponent_1': 5, 'W_layer_units_exponent_2': 8, 'W_layer_units_exponent_3': 7, 'D_layers': 2, 'D_layer_units_exponent_0': 10, 'D_layer_units_exponent_1': 4, 'D_dagger_layers': 6, 'D_dagger_layer_units_exponent_0': 7, 'D_dagger_layer_units_exponent_1': 8, 'D_dagger_layer_units_exponent_2': 6, 'D_dagger_layer_units_exponent_3': 4, 'D_dagger_layer_units_exponent_4': 5, 'D_dagger_layer_units_exponent_5': 6, 'log_learning_rate': -1.5352951900406246, 'log_learning_rate_D': -3.2086140982989404, 'log_learning_rate_D_dagger': -3.5541062788018523, 'training_batch_size': 11, 'training_p': 2}. Best is trial 33 with value: 0.08818560093641281.
Time for this trial:  51.47302961349487
Memory status after this trial: 
Memory allocated:  366.08642578125
Memory cached:  388.0
--------------------  Trial  50   --------------------
Start timing: 
Parameters: 
{'W_layers': 3, 'W_layer_units_exponent_0': 4, 'W_layer_units_exponent_1': 9, 'W_layer_units_exponent_2': 9, 'D_layers': 3, 'D_layer_units_exponent_0': 5, 'D_layer_units_exponent_1': 5, 'D_layer_units_exponent_2': 9, 'D_dagger_layers': 5, 'D_dagger_layer_units_exponent_0': 9, 'D_dagger_layer_units_exponent_1': 9, 'D_dagger_layer_units_exponent_2': 4, 'D_dagger_layer_units_exponent_3': 5, 'D_dagger_layer_units_exponent_4': 6, 'log_learning_rate': -1.4005656565220799, 'log_learning_rate_D': -3.5059945086938913, 'log_learning_rate_D_dagger': -2.669825914567171, 'training_batch_size': 10, 'training_p': 3}
	 epoch  0 training error:  tensor(1.2050, device='cuda:0', grad_fn=<DivBackward0>)
Memory status after this epoch: 
Memory allocated:  266.41357421875
Memory cached:  386.0
	 epoch  10 training error:  tensor(2.0088, device='cuda:0', grad_fn=<DivBackward0>)
Memory status after this epoch: 
Memory allocated:  266.41357421875
Memory cached:  386.0
	 epoch  20 training error:  tensor(2.5108, device='cuda:0', grad_fn=<DivBackward0>)
Memory status after this epoch: 
Memory allocated:  266.41357421875
Memory cached:  386.0
	 epoch  30 training error:  tensor(0.2786, device='cuda:0', grad_fn=<DivBackward0>)
Memory status after this epoch: 
Memory allocated:  266.41357421875
Memory cached:  386.0
	 epoch  40 training error:  tensor(0.6711, device='cuda:0', grad_fn=<DivBackward0>)
Memory status after this epoch: 
Memory allocated:  266.41357421875
Memory cached:  386.0
	 epoch  50 training error:  tensor(0.3393, device='cuda:0', grad_fn=<DivBackward0>)
Memory status after this epoch: 
Memory allocated:  266.41357421875
Memory cached:  386.0
	 epoch  60 training error:  tensor(0.1468, device='cuda:0', grad_fn=<DivBackward0>)
Memory status after this epoch: 
Memory allocated:  266.41357421875
Memory cached:  386.0
	 epoch  70 training error:  tensor(0.1363, device='cuda:0', grad_fn=<DivBackward0>)
Memory status after this epoch: 
Memory allocated:  266.41357421875
Memory cached:  386.0
	 epoch  80 training error:  tensor(0.1110, device='cuda:0', grad_fn=<DivBackward0>)
Memory status after this epoch: 
Memory allocated:  266.41357421875
Memory cached:  386.0
	 epoch  90 training error:  tensor(0.1100, device='cuda:0', grad_fn=<DivBackward0>)
Memory status after this epoch: 
Memory allocated:  266.41357421875
Memory cached:  386.0
[I 2024-01-13 23:55:37,203] Trial 50 finished with value: 0.0967324748635292 and parameters: {'W_layers': 3, 'W_layer_units_exponent_0': 4, 'W_layer_units_exponent_1': 9, 'W_layer_units_exponent_2': 9, 'D_layers': 3, 'D_layer_units_exponent_0': 5, 'D_layer_units_exponent_1': 5, 'D_layer_units_exponent_2': 9, 'D_dagger_layers': 5, 'D_dagger_layer_units_exponent_0': 9, 'D_dagger_layer_units_exponent_1': 9, 'D_dagger_layer_units_exponent_2': 4, 'D_dagger_layer_units_exponent_3': 5, 'D_dagger_layer_units_exponent_4': 6, 'log_learning_rate': -1.4005656565220799, 'log_learning_rate_D': -3.5059945086938913, 'log_learning_rate_D_dagger': -2.669825914567171, 'training_batch_size': 10, 'training_p': 3}. Best is trial 33 with value: 0.08818560093641281.
Time for this trial:  53.09202527999878
Memory status after this trial: 
Memory allocated:  487.78759765625
Memory cached:  574.0
--------------------  Trial  51   --------------------
Start timing: 
Parameters: 
{'W_layers': 7, 'W_layer_units_exponent_0': 4, 'W_layer_units_exponent_1': 4, 'W_layer_units_exponent_2': 9, 'W_layer_units_exponent_3': 7, 'W_layer_units_exponent_4': 8, 'W_layer_units_exponent_5': 10, 'W_layer_units_exponent_6': 4, 'D_layers': 2, 'D_layer_units_exponent_0': 10, 'D_layer_units_exponent_1': 4, 'D_dagger_layers': 5, 'D_dagger_layer_units_exponent_0': 10, 'D_dagger_layer_units_exponent_1': 9, 'D_dagger_layer_units_exponent_2': 6, 'D_dagger_layer_units_exponent_3': 5, 'D_dagger_layer_units_exponent_4': 7, 'log_learning_rate': -1.1248433155106723, 'log_learning_rate_D': -3.929900009524723, 'log_learning_rate_D_dagger': -3.0302933936827303, 'training_batch_size': 11, 'training_p': 2}
	 epoch  0 training error:  tensor(1.0386, device='cuda:0', grad_fn=<DivBackward0>)
Memory status after this epoch: 
Memory allocated:  272.99560546875
Memory cached:  384.0
	 epoch  10 training error:  tensor(244.8689, device='cuda:0', grad_fn=<DivBackward0>)
Memory status after this epoch: 
Memory allocated:  272.99560546875
Memory cached:  384.0
	 epoch  20 training error:  tensor(3775.6074, device='cuda:0', grad_fn=<DivBackward0>)
Memory status after this epoch: 
Memory allocated:  272.99560546875
Memory cached:  384.0
	 epoch  30 training error:  tensor(1060.6742, device='cuda:0', grad_fn=<DivBackward0>)
Memory status after this epoch: 
Memory allocated:  272.99560546875
Memory cached:  384.0
	 epoch  40 training error:  tensor(0.1849, device='cuda:0', grad_fn=<DivBackward0>)
Memory status after this epoch: 
Memory allocated:  272.99560546875
Memory cached:  384.0
	 epoch  50 training error:  tensor(0.1350, device='cuda:0', grad_fn=<DivBackward0>)
Memory status after this epoch: 
Memory allocated:  272.99560546875
Memory cached:  384.0
	 epoch  60 training error:  tensor(0.1043, device='cuda:0', grad_fn=<DivBackward0>)
Memory status after this epoch: 
Memory allocated:  272.99560546875
Memory cached:  384.0
	 epoch  70 training error:  tensor(0.0944, device='cuda:0', grad_fn=<DivBackward0>)
Memory status after this epoch: 
Memory allocated:  272.99560546875
Memory cached:  384.0
	 epoch  80 training error:  tensor(0.0859, device='cuda:0', grad_fn=<DivBackward0>)
Memory status after this epoch: 
Memory allocated:  272.99560546875
Memory cached:  384.0
	 epoch  90 training error:  tensor(0.0840, device='cuda:0', grad_fn=<DivBackward0>)
Memory status after this epoch: 
Memory allocated:  272.99560546875
Memory cached:  384.0
[I 2024-01-13 23:56:03,533] Trial 51 finished with value: 0.0883541852235794 and parameters: {'W_layers': 7, 'W_layer_units_exponent_0': 4, 'W_layer_units_exponent_1': 4, 'W_layer_units_exponent_2': 9, 'W_layer_units_exponent_3': 7, 'W_layer_units_exponent_4': 8, 'W_layer_units_exponent_5': 10, 'W_layer_units_exponent_6': 4, 'D_layers': 2, 'D_layer_units_exponent_0': 10, 'D_layer_units_exponent_1': 4, 'D_dagger_layers': 5, 'D_dagger_layer_units_exponent_0': 10, 'D_dagger_layer_units_exponent_1': 9, 'D_dagger_layer_units_exponent_2': 6, 'D_dagger_layer_units_exponent_3': 5, 'D_dagger_layer_units_exponent_4': 7, 'log_learning_rate': -1.1248433155106723, 'log_learning_rate_D': -3.929900009524723, 'log_learning_rate_D_dagger': -3.0302933936827303, 'training_batch_size': 11, 'training_p': 2}. Best is trial 33 with value: 0.08818560093641281.
Time for this trial:  25.964187145233154
Memory status after this trial: 
Memory allocated:  672.02197265625
Memory cached:  692.0
--------------------  Trial  52   --------------------
Start timing: 
Parameters: 
{'W_layers': 7, 'W_layer_units_exponent_0': 5, 'W_layer_units_exponent_1': 4, 'W_layer_units_exponent_2': 9, 'W_layer_units_exponent_3': 7, 'W_layer_units_exponent_4': 8, 'W_layer_units_exponent_5': 10, 'W_layer_units_exponent_6': 4, 'D_layers': 2, 'D_layer_units_exponent_0': 10, 'D_layer_units_exponent_1': 4, 'D_dagger_layers': 4, 'D_dagger_layer_units_exponent_0': 10, 'D_dagger_layer_units_exponent_1': 10, 'D_dagger_layer_units_exponent_2': 6, 'D_dagger_layer_units_exponent_3': 6, 'log_learning_rate': -1.1289399694538877, 'log_learning_rate_D': -3.9103208459071945, 'log_learning_rate_D_dagger': -3.1805094263480345, 'training_batch_size': 12, 'training_p': 2}
	 epoch  0 training error:  tensor(0.9415, device='cuda:0', grad_fn=<DivBackward0>)
Memory status after this epoch: 
Memory allocated:  282.59912109375
Memory cached:  402.0
	 epoch  10 training error:  tensor(1960.7795, device='cuda:0', grad_fn=<DivBackward0>)
Memory status after this epoch: 
Memory allocated:  282.59912109375
Memory cached:  402.0
	 epoch  20 training error:  tensor(31.1723, device='cuda:0', grad_fn=<DivBackward0>)
Memory status after this epoch: 
Memory allocated:  282.59912109375
Memory cached:  402.0
	 epoch  30 training error:  tensor(1.1176, device='cuda:0', grad_fn=<DivBackward0>)
Memory status after this epoch: 
Memory allocated:  282.59912109375
Memory cached:  402.0
	 epoch  40 training error:  tensor(0.5382, device='cuda:0', grad_fn=<DivBackward0>)
Memory status after this epoch: 
Memory allocated:  282.59912109375
Memory cached:  402.0
	 epoch  50 training error:  tensor(0.3412, device='cuda:0', grad_fn=<DivBackward0>)
Memory status after this epoch: 
Memory allocated:  282.59912109375
Memory cached:  402.0
	 epoch  60 training error:  tensor(0.2520, device='cuda:0', grad_fn=<DivBackward0>)
Memory status after this epoch: 
Memory allocated:  282.59912109375
Memory cached:  402.0
	 epoch  70 training error:  tensor(0.1547, device='cuda:0', grad_fn=<DivBackward0>)
Memory status after this epoch: 
Memory allocated:  282.59912109375
Memory cached:  402.0
	 epoch  80 training error:  tensor(0.1091, device='cuda:0', grad_fn=<DivBackward0>)
Memory status after this epoch: 
Memory allocated:  282.59912109375
Memory cached:  402.0
	 epoch  90 training error:  tensor(0.0895, device='cuda:0', grad_fn=<DivBackward0>)
Memory status after this epoch: 
Memory allocated:  282.59912109375
Memory cached:  402.0
[I 2024-01-13 23:56:43,788] Trial 52 finished with value: 0.08975308388471603 and parameters: {'W_layers': 7, 'W_layer_units_exponent_0': 5, 'W_layer_units_exponent_1': 4, 'W_layer_units_exponent_2': 9, 'W_layer_units_exponent_3': 7, 'W_layer_units_exponent_4': 8, 'W_layer_units_exponent_5': 10, 'W_layer_units_exponent_6': 4, 'D_layers': 2, 'D_layer_units_exponent_0': 10, 'D_layer_units_exponent_1': 4, 'D_dagger_layers': 4, 'D_dagger_layer_units_exponent_0': 10, 'D_dagger_layer_units_exponent_1': 10, 'D_dagger_layer_units_exponent_2': 6, 'D_dagger_layer_units_exponent_3': 6, 'log_learning_rate': -1.1289399694538877, 'log_learning_rate_D': -3.9103208459071945, 'log_learning_rate_D_dagger': -3.1805094263480345, 'training_batch_size': 12, 'training_p': 2}. Best is trial 33 with value: 0.08818560093641281.
Time for this trial:  39.92604160308838
Memory status after this trial: 
Memory allocated:  723.42724609375
Memory cached:  766.0
--------------------  Trial  53   --------------------
Start timing: 
Parameters: 
{'W_layers': 8, 'W_layer_units_exponent_0': 4, 'W_layer_units_exponent_1': 4, 'W_layer_units_exponent_2': 9, 'W_layer_units_exponent_3': 8, 'W_layer_units_exponent_4': 9, 'W_layer_units_exponent_5': 9, 'W_layer_units_exponent_6': 5, 'W_layer_units_exponent_7': 10, 'D_layers': 2, 'D_layer_units_exponent_0': 9, 'D_layer_units_exponent_1': 4, 'D_dagger_layers': 4, 'D_dagger_layer_units_exponent_0': 10, 'D_dagger_layer_units_exponent_1': 9, 'D_dagger_layer_units_exponent_2': 7, 'D_dagger_layer_units_exponent_3': 4, 'log_learning_rate': -1.7034335131184704, 'log_learning_rate_D': -3.7087529363269756, 'log_learning_rate_D_dagger': -2.899319025419664, 'training_batch_size': 11, 'training_p': 2}
	 epoch  0 training error:  tensor(1.0155, device='cuda:0', grad_fn=<DivBackward0>)
Memory status after this epoch: 
Memory allocated:  276.42529296875
Memory cached:  382.0
	 epoch  10 training error:  tensor(2.5930, device='cuda:0', grad_fn=<DivBackward0>)
Memory status after this epoch: 
Memory allocated:  276.42529296875
Memory cached:  382.0
	 epoch  20 training error:  tensor(6.3955, device='cuda:0', grad_fn=<DivBackward0>)
Memory status after this epoch: 
Memory allocated:  276.42529296875
Memory cached:  382.0
	 epoch  30 training error:  tensor(1.3841, device='cuda:0', grad_fn=<DivBackward0>)
Memory status after this epoch: 
Memory allocated:  276.42529296875
Memory cached:  382.0
	 epoch  40 training error:  tensor(1.1631, device='cuda:0', grad_fn=<DivBackward0>)
Memory status after this epoch: 
Memory allocated:  276.42529296875
Memory cached:  382.0
	 epoch  50 training error:  tensor(0.1654, device='cuda:0', grad_fn=<DivBackward0>)
Memory status after this epoch: 
Memory allocated:  276.42529296875
Memory cached:  382.0
	 epoch  60 training error:  tensor(0.2648, device='cuda:0', grad_fn=<DivBackward0>)
Memory status after this epoch: 
Memory allocated:  276.42529296875
Memory cached:  382.0
	 epoch  70 training error:  tensor(0.1361, device='cuda:0', grad_fn=<DivBackward0>)
Memory status after this epoch: 
Memory allocated:  276.42529296875
Memory cached:  382.0
	 epoch  80 training error:  tensor(0.0990, device='cuda:0', grad_fn=<DivBackward0>)
Memory status after this epoch: 
Memory allocated:  276.42529296875
Memory cached:  382.0
	 epoch  90 training error:  tensor(0.0963, device='cuda:0', grad_fn=<DivBackward0>)
Memory status after this epoch: 
Memory allocated:  276.42529296875
Memory cached:  382.0
[I 2024-01-13 23:57:10,582] Trial 53 finished with value: 0.09019171446561813 and parameters: {'W_layers': 8, 'W_layer_units_exponent_0': 4, 'W_layer_units_exponent_1': 4, 'W_layer_units_exponent_2': 9, 'W_layer_units_exponent_3': 8, 'W_layer_units_exponent_4': 9, 'W_layer_units_exponent_5': 9, 'W_layer_units_exponent_6': 5, 'W_layer_units_exponent_7': 10, 'D_layers': 2, 'D_layer_units_exponent_0': 9, 'D_layer_units_exponent_1': 4, 'D_dagger_layers': 4, 'D_dagger_layer_units_exponent_0': 10, 'D_dagger_layer_units_exponent_1': 9, 'D_dagger_layer_units_exponent_2': 7, 'D_dagger_layer_units_exponent_3': 4, 'log_learning_rate': -1.7034335131184704, 'log_learning_rate_D': -3.7087529363269756, 'log_learning_rate_D_dagger': -2.899319025419664, 'training_batch_size': 11, 'training_p': 2}. Best is trial 33 with value: 0.08818560093641281.
Time for this trial:  26.450133562088013
Memory status after this trial: 
Memory allocated:  750.82373046875
Memory cached:  782.0
--------------------  Trial  54   --------------------
Start timing: 
Parameters: 
{'W_layers': 7, 'W_layer_units_exponent_0': 4, 'W_layer_units_exponent_1': 4, 'W_layer_units_exponent_2': 8, 'W_layer_units_exponent_3': 6, 'W_layer_units_exponent_4': 8, 'W_layer_units_exponent_5': 8, 'W_layer_units_exponent_6': 6, 'D_layers': 2, 'D_layer_units_exponent_0': 10, 'D_layer_units_exponent_1': 4, 'D_dagger_layers': 5, 'D_dagger_layer_units_exponent_0': 10, 'D_dagger_layer_units_exponent_1': 7, 'D_dagger_layer_units_exponent_2': 6, 'D_dagger_layer_units_exponent_3': 5, 'D_dagger_layer_units_exponent_4': 7, 'log_learning_rate': -1.1598930778401986, 'log_learning_rate_D': -4.108410212179998, 'log_learning_rate_D_dagger': -3.346974900286198, 'training_batch_size': 10, 'training_p': 2}
	 epoch  0 training error:  tensor(0.9707, device='cuda:0', grad_fn=<DivBackward0>)
Memory status after this epoch: 
Memory allocated:  262.16162109375
Memory cached:  382.0
	 epoch  10 training error:  tensor(128.5992, device='cuda:0', grad_fn=<DivBackward0>)
Memory status after this epoch: 
Memory allocated:  262.16162109375
Memory cached:  382.0
	 epoch  20 training error:  tensor(27.9116, device='cuda:0', grad_fn=<DivBackward0>)
Memory status after this epoch: 
Memory allocated:  262.16162109375
Memory cached:  382.0
	 epoch  30 training error:  tensor(23.0077, device='cuda:0', grad_fn=<DivBackward0>)
Memory status after this epoch: 
Memory allocated:  262.16162109375
Memory cached:  382.0
	 epoch  40 training error:  tensor(2.3972, device='cuda:0', grad_fn=<DivBackward0>)
Memory status after this epoch: 
Memory allocated:  262.16162109375
Memory cached:  382.0
	 epoch  50 training error:  tensor(12.3312, device='cuda:0', grad_fn=<DivBackward0>)
Memory status after this epoch: 
Memory allocated:  262.16162109375
Memory cached:  382.0
	 epoch  60 training error:  tensor(7.1253, device='cuda:0', grad_fn=<DivBackward0>)
Memory status after this epoch: 
Memory allocated:  262.16162109375
Memory cached:  382.0
	 epoch  70 training error:  tensor(1.6904, device='cuda:0', grad_fn=<DivBackward0>)
Memory status after this epoch: 
Memory allocated:  262.16162109375
Memory cached:  382.0
	 epoch  80 training error:  tensor(0.2778, device='cuda:0', grad_fn=<DivBackward0>)
Memory status after this epoch: 
Memory allocated:  262.16162109375
Memory cached:  382.0
	 epoch  90 training error:  tensor(0.2718, device='cuda:0', grad_fn=<DivBackward0>)
Memory status after this epoch: 
Memory allocated:  262.16162109375
Memory cached:  382.0
