[I 2023-12-03 10:29:38,643] Trial 46 finished with value: 0.11896850168704987 and parameters: {'W_layers': 2, 'W_layer_units_exponent_0': 5, 'W_layer_units_exponent_1': 9, 'D_layers': 6, 'D_layer_units_exponent_0': 5, 'D_layer_units_exponent_1': 10, 'D_layer_units_exponent_2': 10, 'D_layer_units_exponent_3': 7, 'D_layer_units_exponent_4': 5, 'D_layer_units_exponent_5': 4, 'D_dagger_layers': 2, 'D_dagger_layer_units_exponent_0': 8, 'D_dagger_layer_units_exponent_1': 6, 'log_learning_rate': -3.4753680182844433, 'log_learning_rate_D': -2.3629888862694166, 'log_learning_rate_D_dagger': -3.2245416284956914, 'training_batch_size': 10, 'training_p': 6}. Best is trial 27 with value: 0.01944413036108017.
Time for this trial:  157.88257575035095
Memory status after this trial: 
Memory allocated:  260.0966796875
Memory cached:  288.0
--------------------  Trial  47   --------------------
Start timing: 
Parameters: 
{'W_layers': 5, 'W_layer_units_exponent_0': 7, 'W_layer_units_exponent_1': 8, 'W_layer_units_exponent_2': 8, 'W_layer_units_exponent_3': 5, 'W_layer_units_exponent_4': 6, 'D_layers': 4, 'D_layer_units_exponent_0': 7, 'D_layer_units_exponent_1': 7, 'D_layer_units_exponent_2': 6, 'D_layer_units_exponent_3': 8, 'D_dagger_layers': 5, 'D_dagger_layer_units_exponent_0': 8, 'D_dagger_layer_units_exponent_1': 5, 'D_dagger_layer_units_exponent_2': 7, 'D_dagger_layer_units_exponent_3': 8, 'D_dagger_layer_units_exponent_4': 5, 'log_learning_rate': -2.1684097776344227, 'log_learning_rate_D': -3.325895009334122, 'log_learning_rate_D_dagger': -2.438706488349382, 'training_batch_size': 8, 'training_p': 5}
	 epoch  0 training error:  tensor(0.9973, device='cuda:0', grad_fn=<DivBackward0>)
Memory status after this epoch: 
Memory allocated:  92.25830078125
Memory cached:  240.0
	 epoch  10 training error:  tensor(0.2165, device='cuda:0', grad_fn=<DivBackward0>)
Memory status after this epoch: 
Memory allocated:  92.25830078125
Memory cached:  258.0
	 epoch  20 training error:  tensor(0.3082, device='cuda:0', grad_fn=<DivBackward0>)
Memory status after this epoch: 
Memory allocated:  92.25830078125
Memory cached:  256.0
	 epoch  30 training error:  tensor(0.2113, device='cuda:0', grad_fn=<DivBackward0>)
Memory status after this epoch: 
Memory allocated:  92.25830078125
Memory cached:  256.0
	 epoch  40 training error:  tensor(0.1519, device='cuda:0', grad_fn=<DivBackward0>)
Memory status after this epoch: 
Memory allocated:  92.25830078125
Memory cached:  258.0
	 epoch  50 training error:  tensor(0.1537, device='cuda:0', grad_fn=<DivBackward0>)
Memory status after this epoch: 
Memory allocated:  92.25830078125
Memory cached:  254.0
	 epoch  60 training error:  tensor(0.1383, device='cuda:0', grad_fn=<DivBackward0>)
Memory status after this epoch: 
Memory allocated:  92.25830078125
Memory cached:  256.0
	 epoch  70 training error:  tensor(0.1360, device='cuda:0', grad_fn=<DivBackward0>)
Memory status after this epoch: 
Memory allocated:  92.25830078125
Memory cached:  256.0
	 epoch  80 training error:  tensor(0.1324, device='cuda:0', grad_fn=<DivBackward0>)
Memory status after this epoch: 
Memory allocated:  92.25830078125
Memory cached:  250.0
	 epoch  90 training error:  tensor(0.1322, device='cuda:0', grad_fn=<DivBackward0>)
Memory status after this epoch: 
Memory allocated:  92.25830078125
Memory cached:  264.0
[I 2023-12-03 10:32:40,840] Trial 47 finished with value: 0.10627260059118271 and parameters: {'W_layers': 5, 'W_layer_units_exponent_0': 7, 'W_layer_units_exponent_1': 8, 'W_layer_units_exponent_2': 8, 'W_layer_units_exponent_3': 5, 'W_layer_units_exponent_4': 6, 'D_layers': 4, 'D_layer_units_exponent_0': 7, 'D_layer_units_exponent_1': 7, 'D_layer_units_exponent_2': 6, 'D_layer_units_exponent_3': 8, 'D_dagger_layers': 5, 'D_dagger_layer_units_exponent_0': 8, 'D_dagger_layer_units_exponent_1': 5, 'D_dagger_layer_units_exponent_2': 7, 'D_dagger_layer_units_exponent_3': 8, 'D_dagger_layer_units_exponent_4': 5, 'log_learning_rate': -2.1684097776344227, 'log_learning_rate_D': -3.325895009334122, 'log_learning_rate_D_dagger': -2.438706488349382, 'training_batch_size': 8, 'training_p': 5}. Best is trial 27 with value: 0.01944413036108017.
Time for this trial:  181.9324769973755
Memory status after this trial: 
Memory allocated:  195.7451171875
Memory cached:  250.0
--------------------  Trial  48   --------------------
Start timing: 
Parameters: 
{'W_layers': 8, 'W_layer_units_exponent_0': 5, 'W_layer_units_exponent_1': 6, 'W_layer_units_exponent_2': 6, 'W_layer_units_exponent_3': 10, 'W_layer_units_exponent_4': 8, 'W_layer_units_exponent_5': 10, 'W_layer_units_exponent_6': 7, 'W_layer_units_exponent_7': 10, 'D_layers': 7, 'D_layer_units_exponent_0': 6, 'D_layer_units_exponent_1': 10, 'D_layer_units_exponent_2': 7, 'D_layer_units_exponent_3': 6, 'D_layer_units_exponent_4': 5, 'D_layer_units_exponent_5': 8, 'D_layer_units_exponent_6': 9, 'D_dagger_layers': 3, 'D_dagger_layer_units_exponent_0': 10, 'D_dagger_layer_units_exponent_1': 4, 'D_dagger_layer_units_exponent_2': 10, 'log_learning_rate': -2.299039958763394, 'log_learning_rate_D': -2.876774812145381, 'log_learning_rate_D_dagger': -2.7400254776480955, 'training_batch_size': 6, 'training_p': 8}
	 epoch  0 training error:  tensor(0.8380, device='cuda:0', grad_fn=<DivBackward0>)
Memory status after this epoch: 
Memory allocated:  108.28271484375
Memory cached:  290.0
	 epoch  10 training error:  tensor(0.8335, device='cuda:0', grad_fn=<DivBackward0>)
Memory status after this epoch: 
Memory allocated:  108.28271484375
Memory cached:  326.0
	 epoch  20 training error:  tensor(0.1895, device='cuda:0', grad_fn=<DivBackward0>)
Memory status after this epoch: 
Memory allocated:  108.28271484375
Memory cached:  328.0
	 epoch  30 training error:  tensor(0.1879, device='cuda:0', grad_fn=<DivBackward0>)
Memory status after this epoch: 
Memory allocated:  108.28271484375
Memory cached:  326.0
	 epoch  40 training error:  tensor(0.1693, device='cuda:0', grad_fn=<DivBackward0>)
Memory status after this epoch: 
Memory allocated:  108.28271484375
Memory cached:  320.0
	 epoch  50 training error:  tensor(0.1577, device='cuda:0', grad_fn=<DivBackward0>)
Memory status after this epoch: 
Memory allocated:  108.28271484375
Memory cached:  330.0
	 epoch  60 training error:  tensor(0.1514, device='cuda:0', grad_fn=<DivBackward0>)
Memory status after this epoch: 
Memory allocated:  108.28271484375
Memory cached:  330.0
	 epoch  70 training error:  tensor(0.1578, device='cuda:0', grad_fn=<DivBackward0>)
Memory status after this epoch: 
Memory allocated:  108.28271484375
Memory cached:  334.0
	 epoch  80 training error:  tensor(0.1503, device='cuda:0', grad_fn=<DivBackward0>)
Memory status after this epoch: 
Memory allocated:  108.28271484375
Memory cached:  326.0
	 epoch  90 training error:  tensor(0.1505, device='cuda:0', grad_fn=<DivBackward0>)
Memory status after this epoch: 
Memory allocated:  108.28271484375
Memory cached:  328.0
[I 2023-12-03 10:39:38,784] Trial 48 finished with value: 0.11904946714639664 and parameters: {'W_layers': 8, 'W_layer_units_exponent_0': 5, 'W_layer_units_exponent_1': 6, 'W_layer_units_exponent_2': 6, 'W_layer_units_exponent_3': 10, 'W_layer_units_exponent_4': 8, 'W_layer_units_exponent_5': 10, 'W_layer_units_exponent_6': 7, 'W_layer_units_exponent_7': 10, 'D_layers': 7, 'D_layer_units_exponent_0': 6, 'D_layer_units_exponent_1': 10, 'D_layer_units_exponent_2': 7, 'D_layer_units_exponent_3': 6, 'D_layer_units_exponent_4': 5, 'D_layer_units_exponent_5': 8, 'D_layer_units_exponent_6': 9, 'D_dagger_layers': 3, 'D_dagger_layer_units_exponent_0': 10, 'D_dagger_layer_units_exponent_1': 4, 'D_dagger_layer_units_exponent_2': 10, 'log_learning_rate': -2.299039958763394, 'log_learning_rate_D': -2.876774812145381, 'log_learning_rate_D_dagger': -2.7400254776480955, 'training_batch_size': 6, 'training_p': 8}. Best is trial 27 with value: 0.01944413036108017.
Time for this trial:  417.62689089775085
Memory status after this trial: 
Memory allocated:  493.09814453125
Memory cached:  504.0
--------------------  Trial  49   --------------------
Start timing: 
Parameters: 
{'W_layers': 4, 'W_layer_units_exponent_0': 4, 'W_layer_units_exponent_1': 9, 'W_layer_units_exponent_2': 7, 'W_layer_units_exponent_3': 8, 'D_layers': 5, 'D_layer_units_exponent_0': 5, 'D_layer_units_exponent_1': 9, 'D_layer_units_exponent_2': 8, 'D_layer_units_exponent_3': 5, 'D_layer_units_exponent_4': 6, 'D_dagger_layers': 2, 'D_dagger_layer_units_exponent_0': 9, 'D_dagger_layer_units_exponent_1': 5, 'log_learning_rate': -4.121458630685527, 'log_learning_rate_D': -3.1248333582342687, 'log_learning_rate_D_dagger': -2.1522699607952935, 'training_batch_size': 7, 'training_p': 6}
	 epoch  0 training error:  tensor(0.9997, device='cuda:0', grad_fn=<DivBackward0>)
Memory status after this epoch: 
Memory allocated:  93.47509765625
Memory cached:  252.0
	 epoch  10 training error:  tensor(0.2029, device='cuda:0', grad_fn=<DivBackward0>)
Memory status after this epoch: 
Memory allocated:  93.47509765625
Memory cached:  290.0
	 epoch  20 training error:  tensor(0.1601, device='cuda:0', grad_fn=<DivBackward0>)
Memory status after this epoch: 
Memory allocated:  93.47509765625
Memory cached:  282.0
	 epoch  30 training error:  tensor(0.1440, device='cuda:0', grad_fn=<DivBackward0>)
Memory status after this epoch: 
Memory allocated:  93.47509765625
Memory cached:  286.0
	 epoch  40 training error:  tensor(0.1422, device='cuda:0', grad_fn=<DivBackward0>)
Memory status after this epoch: 
Memory allocated:  93.47509765625
Memory cached:  278.0
	 epoch  50 training error:  tensor(0.1396, device='cuda:0', grad_fn=<DivBackward0>)
Memory status after this epoch: 
Memory allocated:  93.47509765625
Memory cached:  274.0
	 epoch  60 training error:  tensor(0.1362, device='cuda:0', grad_fn=<DivBackward0>)
Memory status after this epoch: 
Memory allocated:  93.47509765625
Memory cached:  288.0
	 epoch  70 training error:  tensor(0.1259, device='cuda:0', grad_fn=<DivBackward0>)
Memory status after this epoch: 
Memory allocated:  93.47509765625
Memory cached:  282.0
	 epoch  80 training error:  tensor(0.0902, device='cuda:0', grad_fn=<DivBackward0>)
Memory status after this epoch: 
Memory allocated:  93.47509765625
Memory cached:  282.0
	 epoch  90 training error:  tensor(0.0437, device='cuda:0', grad_fn=<DivBackward0>)
Memory status after this epoch: 
Memory allocated:  93.47509765625
Memory cached:  286.0
[I 2023-12-03 10:42:20,724] Trial 49 finished with value: 0.025316519662737846 and parameters: {'W_layers': 4, 'W_layer_units_exponent_0': 4, 'W_layer_units_exponent_1': 9, 'W_layer_units_exponent_2': 7, 'W_layer_units_exponent_3': 8, 'D_layers': 5, 'D_layer_units_exponent_0': 5, 'D_layer_units_exponent_1': 9, 'D_layer_units_exponent_2': 8, 'D_layer_units_exponent_3': 5, 'D_layer_units_exponent_4': 6, 'D_dagger_layers': 2, 'D_dagger_layer_units_exponent_0': 9, 'D_dagger_layer_units_exponent_1': 5, 'log_learning_rate': -4.121458630685527, 'log_learning_rate_D': -3.1248333582342687, 'log_learning_rate_D_dagger': -2.1522699607952935, 'training_batch_size': 7, 'training_p': 6}. Best is trial 27 with value: 0.01944413036108017.
Time for this trial:  161.67176127433777
Memory status after this trial: 
Memory allocated:  214.283203125
Memory cached:  262.0
