[I 2023-12-02 23:05:37,262] Trial 2 finished with value: 0.16639839112758636 and parameters: {'W_layers': 2, 'W_layer_units_exponent_0': 5, 'W_layer_units_exponent_1': 10, 'D_layers': 7, 'D_layer_units_exponent_0': 8, 'D_layer_units_exponent_1': 9, 'D_layer_units_exponent_2': 6, 'D_layer_units_exponent_3': 8, 'D_layer_units_exponent_4': 6, 'D_layer_units_exponent_5': 10, 'D_layer_units_exponent_6': 8, 'D_dagger_layers': 2, 'D_dagger_layer_units_exponent_0': 4, 'D_dagger_layer_units_exponent_1': 5, 'log_learning_rate': -2.751415323089909, 'log_learning_rate_D': -2.453322334154339, 'log_learning_rate_D_dagger': -3.025064138372712, 'training_batch_size': 7, 'training_p': 2}. Best is trial 2 with value: 0.16639839112758636.
res:  tensor(0.1664, device='cuda:0', grad_fn=<DivBackward0>)
self.bestValue:  tensor(0.8956, device='cuda:0', grad_fn=<DivBackward0>)
Save this model!
Time for this trial:  163.05670881271362
Memory status after this trial: 
Memory allocated:  182.42919921875
Memory cached:  360.0
--------------------  Trial  3   --------------------
Start timing: 
Parameters: 
{'W_layers': 4, 'W_layer_units_exponent_0': 7, 'W_layer_units_exponent_1': 4, 'W_layer_units_exponent_2': 5, 'W_layer_units_exponent_3': 8, 'D_layers': 3, 'D_layer_units_exponent_0': 10, 'D_layer_units_exponent_1': 6, 'D_layer_units_exponent_2': 9, 'D_dagger_layers': 8, 'D_dagger_layer_units_exponent_0': 6, 'D_dagger_layer_units_exponent_1': 8, 'D_dagger_layer_units_exponent_2': 8, 'D_dagger_layer_units_exponent_3': 10, 'D_dagger_layer_units_exponent_4': 10, 'D_dagger_layer_units_exponent_5': 9, 'D_dagger_layer_units_exponent_6': 10, 'D_dagger_layer_units_exponent_7': 10, 'log_learning_rate': -4.854981461545103, 'log_learning_rate_D': -2.4268148678507386, 'log_learning_rate_D_dagger': -4.264264614900948, 'training_batch_size': 10, 'training_p': 3}
	 epoch  0 training error:  tensor(1.2106, device='cuda:0', grad_fn=<DivBackward0>)
Memory status after this epoch: 
Memory allocated:  237.53759765625
Memory cached:  450.0
	 epoch  10 training error:  tensor(0.4237, device='cuda:0', grad_fn=<DivBackward0>)
Memory status after this epoch: 
Memory allocated:  237.53759765625
Memory cached:  520.0
	 epoch  20 training error:  tensor(0.1913, device='cuda:0', grad_fn=<DivBackward0>)
Memory status after this epoch: 
Memory allocated:  237.53759765625
Memory cached:  514.0
	 epoch  30 training error:  tensor(0.1316, device='cuda:0', grad_fn=<DivBackward0>)
Memory status after this epoch: 
Memory allocated:  237.53759765625
Memory cached:  514.0
	 epoch  40 training error:  tensor(0.0822, device='cuda:0', grad_fn=<DivBackward0>)
Memory status after this epoch: 
Memory allocated:  237.53759765625
Memory cached:  510.0
	 epoch  50 training error:  tensor(0.0681, device='cuda:0', grad_fn=<DivBackward0>)
Memory status after this epoch: 
Memory allocated:  237.53759765625
Memory cached:  520.0
	 epoch  60 training error:  tensor(0.0567, device='cuda:0', grad_fn=<DivBackward0>)
Memory status after this epoch: 
Memory allocated:  237.53759765625
Memory cached:  524.0
	 epoch  70 training error:  tensor(0.0526, device='cuda:0', grad_fn=<DivBackward0>)
Memory status after this epoch: 
Memory allocated:  237.53759765625
Memory cached:  510.0
	 epoch  80 training error:  tensor(0.0463, device='cuda:0', grad_fn=<DivBackward0>)
Memory status after this epoch: 
Memory allocated:  237.53759765625
Memory cached:  514.0
	 epoch  90 training error:  tensor(0.0425, device='cuda:0', grad_fn=<DivBackward0>)
Memory status after this epoch: 
Memory allocated:  237.53759765625
Memory cached:  516.0
[I 2023-12-02 23:09:16,377] Trial 3 finished with value: 0.048846784979104996 and parameters: {'W_layers': 4, 'W_layer_units_exponent_0': 7, 'W_layer_units_exponent_1': 4, 'W_layer_units_exponent_2': 5, 'W_layer_units_exponent_3': 8, 'D_layers': 3, 'D_layer_units_exponent_0': 10, 'D_layer_units_exponent_1': 6, 'D_layer_units_exponent_2': 9, 'D_dagger_layers': 8, 'D_dagger_layer_units_exponent_0': 6, 'D_dagger_layer_units_exponent_1': 8, 'D_dagger_layer_units_exponent_2': 8, 'D_dagger_layer_units_exponent_3': 10, 'D_dagger_layer_units_exponent_4': 10, 'D_dagger_layer_units_exponent_5': 9, 'D_dagger_layer_units_exponent_6': 10, 'D_dagger_layer_units_exponent_7': 10, 'log_learning_rate': -4.854981461545103, 'log_learning_rate_D': -2.4268148678507386, 'log_learning_rate_D_dagger': -4.264264614900948, 'training_batch_size': 10, 'training_p': 3}. Best is trial 3 with value: 0.048846784979104996.
res:  tensor(0.0488, device='cuda:0', grad_fn=<DivBackward0>)
self.bestValue:  tensor(0.1664, device='cuda:0', grad_fn=<DivBackward0>)
Save this model!
Time for this trial:  218.98059272766113
Memory status after this trial: 
Memory allocated:  399.00341796875
Memory cached:  578.0
--------------------  Trial  4   --------------------
Start timing: 
Parameters: 
{'W_layers': 6, 'W_layer_units_exponent_0': 6, 'W_layer_units_exponent_1': 5, 'W_layer_units_exponent_2': 8, 'W_layer_units_exponent_3': 9, 'W_layer_units_exponent_4': 7, 'W_layer_units_exponent_5': 4, 'D_layers': 2, 'D_layer_units_exponent_0': 8, 'D_layer_units_exponent_1': 4, 'D_dagger_layers': 6, 'D_dagger_layer_units_exponent_0': 5, 'D_dagger_layer_units_exponent_1': 7, 'D_dagger_layer_units_exponent_2': 10, 'D_dagger_layer_units_exponent_3': 8, 'D_dagger_layer_units_exponent_4': 7, 'D_dagger_layer_units_exponent_5': 7, 'log_learning_rate': -4.892352443435321, 'log_learning_rate_D': -1.0927232961286504, 'log_learning_rate_D_dagger': -4.8271905088028575, 'training_batch_size': 11, 'training_p': 5}
	 epoch  0 training error:  tensor(1.0628, device='cuda:0', grad_fn=<DivBackward0>)
Memory status after this epoch: 
Memory allocated:  409.16455078125
Memory cached:  588.0
	 epoch  10 training error:  tensor(0.8418, device='cuda:0', grad_fn=<DivBackward0>)
Memory status after this epoch: 
Memory allocated:  409.16455078125
Memory cached:  620.0
	 epoch  20 training error:  tensor(0.6145, device='cuda:0', grad_fn=<DivBackward0>)
Memory status after this epoch: 
Memory allocated:  409.16455078125
Memory cached:  632.0
	 epoch  30 training error:  tensor(0.3689, device='cuda:0', grad_fn=<DivBackward0>)
Memory status after this epoch: 
Memory allocated:  409.16455078125
Memory cached:  630.0
	 epoch  40 training error:  tensor(0.2295, device='cuda:0', grad_fn=<DivBackward0>)
Memory status after this epoch: 
Memory allocated:  409.16455078125
Memory cached:  624.0
	 epoch  50 training error:  tensor(0.2002, device='cuda:0', grad_fn=<DivBackward0>)
Memory status after this epoch: 
Memory allocated:  409.16455078125
Memory cached:  632.0
	 epoch  60 training error:  tensor(0.1597, device='cuda:0', grad_fn=<DivBackward0>)
Memory status after this epoch: 
Memory allocated:  409.16455078125
Memory cached:  636.0
	 epoch  70 training error:  tensor(0.1341, device='cuda:0', grad_fn=<DivBackward0>)
Memory status after this epoch: 
Memory allocated:  409.16455078125
Memory cached:  628.0
	 epoch  80 training error:  tensor(0.1237, device='cuda:0', grad_fn=<DivBackward0>)
Memory status after this epoch: 
Memory allocated:  409.16455078125
Memory cached:  638.0
	 epoch  90 training error:  tensor(0.1164, device='cuda:0', grad_fn=<DivBackward0>)
Memory status after this epoch: 
Memory allocated:  409.16455078125
Memory cached:  634.0
[I 2023-12-02 23:12:14,759] Trial 4 finished with value: 0.10975195467472076 and parameters: {'W_layers': 6, 'W_layer_units_exponent_0': 6, 'W_layer_units_exponent_1': 5, 'W_layer_units_exponent_2': 8, 'W_layer_units_exponent_3': 9, 'W_layer_units_exponent_4': 7, 'W_layer_units_exponent_5': 4, 'D_layers': 2, 'D_layer_units_exponent_0': 8, 'D_layer_units_exponent_1': 4, 'D_dagger_layers': 6, 'D_dagger_layer_units_exponent_0': 5, 'D_dagger_layer_units_exponent_1': 7, 'D_dagger_layer_units_exponent_2': 10, 'D_dagger_layer_units_exponent_3': 8, 'D_dagger_layer_units_exponent_4': 7, 'D_dagger_layer_units_exponent_5': 7, 'log_learning_rate': -4.892352443435321, 'log_learning_rate_D': -1.0927232961286504, 'log_learning_rate_D_dagger': -4.8271905088028575, 'training_batch_size': 11, 'training_p': 5}. Best is trial 3 with value: 0.048846784979104996.
Time for this trial:  178.2531132698059
Memory status after this trial: 
Memory allocated:  562.2548828125
Memory cached:  610.0
--------------------  Trial  5   --------------------
Start timing: 
Parameters: 
{'W_layers': 8, 'W_layer_units_exponent_0': 8, 'W_layer_units_exponent_1': 10, 'W_layer_units_exponent_2': 10, 'W_layer_units_exponent_3': 5, 'W_layer_units_exponent_4': 10, 'W_layer_units_exponent_5': 6, 'W_layer_units_exponent_6': 10, 'W_layer_units_exponent_7': 8, 'D_layers': 7, 'D_layer_units_exponent_0': 9, 'D_layer_units_exponent_1': 10, 'D_layer_units_exponent_2': 10, 'D_layer_units_exponent_3': 5, 'D_layer_units_exponent_4': 5, 'D_layer_units_exponent_5': 4, 'D_layer_units_exponent_6': 6, 'D_dagger_layers': 3, 'D_dagger_layer_units_exponent_0': 6, 'D_dagger_layer_units_exponent_1': 4, 'D_dagger_layer_units_exponent_2': 7, 'log_learning_rate': -4.569417198352099, 'log_learning_rate_D': -2.4792344679762763, 'log_learning_rate_D_dagger': -1.7609725505288432, 'training_batch_size': 8, 'training_p': 4}
	 epoch  0 training error:  tensor(1.1221, device='cuda:0', grad_fn=<DivBackward0>)
Memory status after this epoch: 
Memory allocated:  450.77001953125
Memory cached:  628.0
	 epoch  10 training error:  tensor(0.2449, device='cuda:0', grad_fn=<DivBackward0>)
Memory status after this epoch: 
Memory allocated:  450.77001953125
Memory cached:  690.0
	 epoch  20 training error:  tensor(0.0764, device='cuda:0', grad_fn=<DivBackward0>)
Memory status after this epoch: 
Memory allocated:  450.77001953125
Memory cached:  690.0
	 epoch  30 training error:  tensor(0.0930, device='cuda:0', grad_fn=<DivBackward0>)
Memory status after this epoch: 
Memory allocated:  450.77001953125
Memory cached:  696.0
	 epoch  40 training error:  tensor(0.0940, device='cuda:0', grad_fn=<DivBackward0>)
Memory status after this epoch: 
Memory allocated:  450.77001953125
Memory cached:  700.0
	 epoch  50 training error:  tensor(0.1042, device='cuda:0', grad_fn=<DivBackward0>)
Memory status after this epoch: 
Memory allocated:  450.77001953125
Memory cached:  690.0
	 epoch  60 training error:  tensor(0.0787, device='cuda:0', grad_fn=<DivBackward0>)
Memory status after this epoch: 
Memory allocated:  450.77001953125
Memory cached:  692.0
	 epoch  70 training error:  tensor(0.0780, device='cuda:0', grad_fn=<DivBackward0>)
Memory status after this epoch: 
Memory allocated:  450.77001953125
Memory cached:  694.0
	 epoch  80 training error:  tensor(0.0545, device='cuda:0', grad_fn=<DivBackward0>)
Memory status after this epoch: 
Memory allocated:  450.77001953125
Memory cached:  680.0
	 epoch  90 training error:  tensor(0.1045, device='cuda:0', grad_fn=<DivBackward0>)
Memory status after this epoch: 
Memory allocated:  450.77001953125
Memory cached:  694.0
[I 2023-12-02 23:16:24,780] Trial 5 finished with value: 0.049715857952833176 and parameters: {'W_layers': 8, 'W_layer_units_exponent_0': 8, 'W_layer_units_exponent_1': 10, 'W_layer_units_exponent_2': 10, 'W_layer_units_exponent_3': 5, 'W_layer_units_exponent_4': 10, 'W_layer_units_exponent_5': 6, 'W_layer_units_exponent_6': 10, 'W_layer_units_exponent_7': 8, 'D_layers': 7, 'D_layer_units_exponent_0': 9, 'D_layer_units_exponent_1': 10, 'D_layer_units_exponent_2': 10, 'D_layer_units_exponent_3': 5, 'D_layer_units_exponent_4': 5, 'D_layer_units_exponent_5': 4, 'D_layer_units_exponent_6': 6, 'D_dagger_layers': 3, 'D_dagger_layer_units_exponent_0': 6, 'D_dagger_layer_units_exponent_1': 4, 'D_dagger_layer_units_exponent_2': 7, 'log_learning_rate': -4.569417198352099, 'log_learning_rate_D': -2.4792344679762763, 'log_learning_rate_D_dagger': -1.7609725505288432, 'training_batch_size': 8, 'training_p': 4}. Best is trial 3 with value: 0.048846784979104996.
Time for this trial:  249.85767006874084
Memory status after this trial: 
Memory allocated:  827.41650390625
Memory cached:  850.0
--------------------  Trial  6   --------------------
Start timing: 
Parameters: 
{'W_layers': 8, 'W_layer_units_exponent_0': 9, 'W_layer_units_exponent_1': 6, 'W_layer_units_exponent_2': 6, 'W_layer_units_exponent_3': 6, 'W_layer_units_exponent_4': 9, 'W_layer_units_exponent_5': 8, 'W_layer_units_exponent_6': 4, 'W_layer_units_exponent_7': 8, 'D_layers': 5, 'D_layer_units_exponent_0': 9, 'D_layer_units_exponent_1': 6, 'D_layer_units_exponent_2': 9, 'D_layer_units_exponent_3': 4, 'D_layer_units_exponent_4': 7, 'D_dagger_layers': 3, 'D_dagger_layer_units_exponent_0': 5, 'D_dagger_layer_units_exponent_1': 7, 'D_dagger_layer_units_exponent_2': 10, 'log_learning_rate': -4.190445536989097, 'log_learning_rate_D': -3.868918264855515, 'log_learning_rate_D_dagger': -1.0294277155370914, 'training_batch_size': 6, 'training_p': 2}
	 epoch  0 training error:  tensor(79.3895, device='cuda:0', grad_fn=<DivBackward0>)
Memory status after this epoch: 
Memory allocated:  405.64111328125
Memory cached:  606.0
	 epoch  10 training error:  tensor(2.4100, device='cuda:0', grad_fn=<DivBackward0>)
Memory status after this epoch: 
Memory allocated:  405.64111328125
Memory cached:  664.0
	 epoch  20 training error:  tensor(1.8577, device='cuda:0', grad_fn=<DivBackward0>)
Memory status after this epoch: 
Memory allocated:  405.64111328125
Memory cached:  652.0
	 epoch  30 training error:  tensor(1.8751, device='cuda:0', grad_fn=<DivBackward0>)
Memory status after this epoch: 
Memory allocated:  405.64111328125
Memory cached:  658.0
	 epoch  40 training error:  tensor(0.7179, device='cuda:0', grad_fn=<DivBackward0>)
Memory status after this epoch: 
Memory allocated:  405.64111328125
Memory cached:  658.0
	 epoch  50 training error:  tensor(0.4312, device='cuda:0', grad_fn=<DivBackward0>)
Memory status after this epoch: 
Memory allocated:  405.64111328125
Memory cached:  652.0
	 epoch  60 training error:  tensor(0.7188, device='cuda:0', grad_fn=<DivBackward0>)
Memory status after this epoch: 
Memory allocated:  405.64111328125
Memory cached:  666.0
	 epoch  70 training error:  tensor(0.2001, device='cuda:0', grad_fn=<DivBackward0>)
Memory status after this epoch: 
Memory allocated:  405.64111328125
Memory cached:  660.0
	 epoch  80 training error:  tensor(0.0964, device='cuda:0', grad_fn=<DivBackward0>)
Memory status after this epoch: 
Memory allocated:  405.64111328125
Memory cached:  648.0
	 epoch  90 training error:  tensor(0.0663, device='cuda:0', grad_fn=<DivBackward0>)
Memory status after this epoch: 
Memory allocated:  405.64111328125
Memory cached:  650.0
[I 2023-12-02 23:22:20,713] Trial 6 finished with value: 0.06272581219673157 and parameters: {'W_layers': 8, 'W_layer_units_exponent_0': 9, 'W_layer_units_exponent_1': 6, 'W_layer_units_exponent_2': 6, 'W_layer_units_exponent_3': 6, 'W_layer_units_exponent_4': 9, 'W_layer_units_exponent_5': 8, 'W_layer_units_exponent_6': 4, 'W_layer_units_exponent_7': 8, 'D_layers': 5, 'D_layer_units_exponent_0': 9, 'D_layer_units_exponent_1': 6, 'D_layer_units_exponent_2': 9, 'D_layer_units_exponent_3': 4, 'D_layer_units_exponent_4': 7, 'D_dagger_layers': 3, 'D_dagger_layer_units_exponent_0': 5, 'D_dagger_layer_units_exponent_1': 7, 'D_dagger_layer_units_exponent_2': 10, 'log_learning_rate': -4.190445536989097, 'log_learning_rate_D': -3.868918264855515, 'log_learning_rate_D_dagger': -1.0294277155370914, 'training_batch_size': 6, 'training_p': 2}. Best is trial 3 with value: 0.048846784979104996.
Time for this trial:  355.7164740562439
Memory status after this trial: 
Memory allocated:  613.78564453125
Memory cached:  646.0
--------------------  Trial  7   --------------------
Start timing: 
Parameters: 
{'W_layers': 4, 'W_layer_units_exponent_0': 5, 'W_layer_units_exponent_1': 9, 'W_layer_units_exponent_2': 8, 'W_layer_units_exponent_3': 4, 'D_layers': 5, 'D_layer_units_exponent_0': 10, 'D_layer_units_exponent_1': 8, 'D_layer_units_exponent_2': 8, 'D_layer_units_exponent_3': 10, 'D_layer_units_exponent_4': 7, 'D_dagger_layers': 7, 'D_dagger_layer_units_exponent_0': 6, 'D_dagger_layer_units_exponent_1': 10, 'D_dagger_layer_units_exponent_2': 4, 'D_dagger_layer_units_exponent_3': 7, 'D_dagger_layer_units_exponent_4': 5, 'D_dagger_layer_units_exponent_5': 4, 'D_dagger_layer_units_exponent_6': 5, 'log_learning_rate': -3.910051332434436, 'log_learning_rate_D': -1.8894596153243866, 'log_learning_rate_D_dagger': -4.367701143918165, 'training_batch_size': 8, 'training_p': 5}
	 epoch  0 training error:  tensor(1.1502, device='cuda:0', grad_fn=<DivBackward0>)
Memory status after this epoch: 
Memory allocated:  413.81689453125
Memory cached:  586.0
	 epoch  10 training error:  tensor(0.1525, device='cuda:0', grad_fn=<DivBackward0>)
Memory status after this epoch: 
Memory allocated:  413.81689453125
Memory cached:  632.0
	 epoch  20 training error:  tensor(0.2283, device='cuda:0', grad_fn=<DivBackward0>)
Memory status after this epoch: 
Memory allocated:  413.81689453125
Memory cached:  620.0
	 epoch  30 training error:  tensor(0.1347, device='cuda:0', grad_fn=<DivBackward0>)
Memory status after this epoch: 
Memory allocated:  413.81689453125
Memory cached:  630.0
	 epoch  40 training error:  tensor(0.1438, device='cuda:0', grad_fn=<DivBackward0>)
Memory status after this epoch: 
Memory allocated:  413.81689453125
Memory cached:  626.0
	 epoch  50 training error:  tensor(0.1417, device='cuda:0', grad_fn=<DivBackward0>)
Memory status after this epoch: 
Memory allocated:  413.81689453125
Memory cached:  630.0
	 epoch  60 training error:  tensor(0.1364, device='cuda:0', grad_fn=<DivBackward0>)
Memory status after this epoch: 
Memory allocated:  413.81689453125
Memory cached:  622.0
	 epoch  70 training error:  tensor(0.1363, device='cuda:0', grad_fn=<DivBackward0>)
Memory status after this epoch: 
Memory allocated:  413.81689453125
Memory cached:  628.0
	 epoch  80 training error:  tensor(0.1361, device='cuda:0', grad_fn=<DivBackward0>)
Memory status after this epoch: 
Memory allocated:  413.81689453125
Memory cached:  624.0
	 epoch  90 training error:  tensor(0.1359, device='cuda:0', grad_fn=<DivBackward0>)
Memory status after this epoch: 
Memory allocated:  413.81689453125
Memory cached:  624.0
[I 2023-12-02 23:25:51,583] Trial 7 finished with value: 0.13017943501472473 and parameters: {'W_layers': 4, 'W_layer_units_exponent_0': 5, 'W_layer_units_exponent_1': 9, 'W_layer_units_exponent_2': 8, 'W_layer_units_exponent_3': 4, 'D_layers': 5, 'D_layer_units_exponent_0': 10, 'D_layer_units_exponent_1': 8, 'D_layer_units_exponent_2': 8, 'D_layer_units_exponent_3': 10, 'D_layer_units_exponent_4': 7, 'D_dagger_layers': 7, 'D_dagger_layer_units_exponent_0': 6, 'D_dagger_layer_units_exponent_1': 10, 'D_dagger_layer_units_exponent_2': 4, 'D_dagger_layer_units_exponent_3': 7, 'D_dagger_layer_units_exponent_4': 5, 'D_dagger_layer_units_exponent_5': 4, 'D_dagger_layer_units_exponent_6': 5, 'log_learning_rate': -3.910051332434436, 'log_learning_rate_D': -1.8894596153243866, 'log_learning_rate_D_dagger': -4.367701143918165, 'training_batch_size': 8, 'training_p': 5}. Best is trial 3 with value: 0.048846784979104996.
Time for this trial:  210.68426060676575
Memory status after this trial: 
Memory allocated:  661.640625
Memory cached:  686.0
--------------------  Trial  8   --------------------
Start timing: 
Parameters: 
{'W_layers': 6, 'W_layer_units_exponent_0': 6, 'W_layer_units_exponent_1': 7, 'W_layer_units_exponent_2': 5, 'W_layer_units_exponent_3': 5, 'W_layer_units_exponent_4': 5, 'W_layer_units_exponent_5': 10, 'D_layers': 8, 'D_layer_units_exponent_0': 9, 'D_layer_units_exponent_1': 5, 'D_layer_units_exponent_2': 9, 'D_layer_units_exponent_3': 9, 'D_layer_units_exponent_4': 6, 'D_layer_units_exponent_5': 4, 'D_layer_units_exponent_6': 8, 'D_layer_units_exponent_7': 8, 'D_dagger_layers': 2, 'D_dagger_layer_units_exponent_0': 8, 'D_dagger_layer_units_exponent_1': 6, 'log_learning_rate': -2.6454279423331677, 'log_learning_rate_D': -4.954378079305073, 'log_learning_rate_D_dagger': -1.7889664886125796, 'training_batch_size': 10, 'training_p': 2}
	 epoch  0 training error:  tensor(1.7068, device='cuda:0', grad_fn=<DivBackward0>)
Memory status after this epoch: 
Memory allocated:  406.18994140625
Memory cached:  586.0
	 epoch  10 training error:  tensor(0.8618, device='cuda:0', grad_fn=<DivBackward0>)
Memory status after this epoch: 
Memory allocated:  406.18994140625
Memory cached:  644.0
	 epoch  20 training error:  tensor(0.5087, device='cuda:0', grad_fn=<DivBackward0>)
Memory status after this epoch: 
Memory allocated:  406.18994140625
Memory cached:  648.0
	 epoch  30 training error:  tensor(0.1768, device='cuda:0', grad_fn=<DivBackward0>)
Memory status after this epoch: 
Memory allocated:  406.18994140625
Memory cached:  642.0
	 epoch  40 training error:  tensor(0.0761, device='cuda:0', grad_fn=<DivBackward0>)
Memory status after this epoch: 
Memory allocated:  406.18994140625
Memory cached:  644.0
	 epoch  50 training error:  tensor(0.0695, device='cuda:0', grad_fn=<DivBackward0>)
Memory status after this epoch: 
Memory allocated:  406.18994140625
Memory cached:  648.0
	 epoch  60 training error:  tensor(0.0770, device='cuda:0', grad_fn=<DivBackward0>)
Memory status after this epoch: 
Memory allocated:  406.18994140625
Memory cached:  648.0
	 epoch  70 training error:  tensor(0.0687, device='cuda:0', grad_fn=<DivBackward0>)
Memory status after this epoch: 
Memory allocated:  406.18994140625
Memory cached:  638.0
	 epoch  80 training error:  tensor(0.0632, device='cuda:0', grad_fn=<DivBackward0>)
Memory status after this epoch: 
Memory allocated:  406.18994140625
Memory cached:  654.0
	 epoch  90 training error:  tensor(0.0504, device='cuda:0', grad_fn=<DivBackward0>)
Memory status after this epoch: 
Memory allocated:  406.18994140625
Memory cached:  646.0
