[I 2024-01-11 12:54:35,230] Trial 198 finished with value: 0.20749251544475555 and parameters: {'W_layers': 8, 'W_layer_units_exponent_0': 4, 'W_layer_units_exponent_1': 4, 'W_layer_units_exponent_2': 10, 'W_layer_units_exponent_3': 7, 'W_layer_units_exponent_4': 5, 'W_layer_units_exponent_5': 10, 'W_layer_units_exponent_6': 4, 'W_layer_units_exponent_7': 5, 'D_layers': 4, 'D_layer_units_exponent_0': 7, 'D_layer_units_exponent_1': 10, 'D_layer_units_exponent_2': 5, 'D_layer_units_exponent_3': 7, 'D_dagger_layers': 4, 'D_dagger_layer_units_exponent_0': 7, 'D_dagger_layer_units_exponent_1': 10, 'D_dagger_layer_units_exponent_2': 4, 'D_dagger_layer_units_exponent_3': 9, 'log_learning_rate': -3.151364565347085, 'log_learning_rate_D': -2.2556255536519614, 'log_learning_rate_D_dagger': -4.1758110555580155, 'training_batch_size': 7, 'training_p': 2}. Best is trial 147 with value: 0.20693741738796234.
Time for this trial:  28.339767456054688
Memory status after this trial: 
Memory allocated:  748.70947265625
Memory cached:  776.0
--------------------  Trial  199   --------------------
Start timing: 
Parameters: 
{'W_layers': 8, 'W_layer_units_exponent_0': 4, 'W_layer_units_exponent_1': 4, 'W_layer_units_exponent_2': 10, 'W_layer_units_exponent_3': 8, 'W_layer_units_exponent_4': 5, 'W_layer_units_exponent_5': 10, 'W_layer_units_exponent_6': 4, 'W_layer_units_exponent_7': 5, 'D_layers': 4, 'D_layer_units_exponent_0': 7, 'D_layer_units_exponent_1': 10, 'D_layer_units_exponent_2': 5, 'D_layer_units_exponent_3': 7, 'D_dagger_layers': 4, 'D_dagger_layer_units_exponent_0': 7, 'D_dagger_layer_units_exponent_1': 10, 'D_dagger_layer_units_exponent_2': 4, 'D_dagger_layer_units_exponent_3': 9, 'log_learning_rate': -3.056516942418498, 'log_learning_rate_D': -2.211332832638131, 'log_learning_rate_D_dagger': -4.498273843400226, 'training_batch_size': 7, 'training_p': 2}
	 epoch  0 training error:  tensor(0.9460, device='cuda:0', grad_fn=<DivBackward0>)
Memory status after this epoch: 
Memory allocated:  328.65576171875
Memory cached:  414.0
	 epoch  10 training error:  tensor(0.5087, device='cuda:0', grad_fn=<DivBackward0>)
Memory status after this epoch: 
Memory allocated:  328.65576171875
Memory cached:  414.0
	 epoch  20 training error:  tensor(0.3760, device='cuda:0', grad_fn=<DivBackward0>)
Memory status after this epoch: 
Memory allocated:  328.65576171875
Memory cached:  414.0
	 epoch  30 training error:  tensor(0.2472, device='cuda:0', grad_fn=<DivBackward0>)
Memory status after this epoch: 
Memory allocated:  328.65576171875
Memory cached:  414.0
	 epoch  40 training error:  tensor(0.2273, device='cuda:0', grad_fn=<DivBackward0>)
Memory status after this epoch: 
Memory allocated:  328.65576171875
Memory cached:  414.0
	 epoch  50 training error:  tensor(0.2184, device='cuda:0', grad_fn=<DivBackward0>)
Memory status after this epoch: 
Memory allocated:  328.65576171875
Memory cached:  414.0
	 epoch  60 training error:  tensor(0.2125, device='cuda:0', grad_fn=<DivBackward0>)
Memory status after this epoch: 
Memory allocated:  328.65576171875
Memory cached:  414.0
	 epoch  70 training error:  tensor(0.2067, device='cuda:0', grad_fn=<DivBackward0>)
Memory status after this epoch: 
Memory allocated:  328.65576171875
Memory cached:  414.0
	 epoch  80 training error:  tensor(0.2022, device='cuda:0', grad_fn=<DivBackward0>)
Memory status after this epoch: 
Memory allocated:  328.65576171875
Memory cached:  414.0
	 epoch  90 training error:  tensor(0.1974, device='cuda:0', grad_fn=<DivBackward0>)
Memory status after this epoch: 
Memory allocated:  328.65576171875
Memory cached:  414.0
[I 2024-01-11 12:55:03,895] Trial 199 finished with value: 0.2132992297410965 and parameters: {'W_layers': 8, 'W_layer_units_exponent_0': 4, 'W_layer_units_exponent_1': 4, 'W_layer_units_exponent_2': 10, 'W_layer_units_exponent_3': 8, 'W_layer_units_exponent_4': 5, 'W_layer_units_exponent_5': 10, 'W_layer_units_exponent_6': 4, 'W_layer_units_exponent_7': 5, 'D_layers': 4, 'D_layer_units_exponent_0': 7, 'D_layer_units_exponent_1': 10, 'D_layer_units_exponent_2': 5, 'D_layer_units_exponent_3': 7, 'D_dagger_layers': 4, 'D_dagger_layer_units_exponent_0': 7, 'D_dagger_layer_units_exponent_1': 10, 'D_dagger_layer_units_exponent_2': 4, 'D_dagger_layer_units_exponent_3': 9, 'log_learning_rate': -3.056516942418498, 'log_learning_rate_D': -2.211332832638131, 'log_learning_rate_D_dagger': -4.498273843400226, 'training_batch_size': 7, 'training_p': 2}. Best is trial 147 with value: 0.20693741738796234.
Time for this trial:  28.257771253585815
Memory status after this trial: 
Memory allocated:  763.88232421875
Memory cached:  802.0
