[I 2024-02-17 20:16:42,444] Trial 165 finished with value: 0.055048178881406784 and parameters: {'W_layers': 8, 'W_layer_units_exponent_0': 10, 'W_layer_units_exponent_1': 8, 'W_layer_units_exponent_2': 7, 'W_layer_units_exponent_3': 5, 'W_layer_units_exponent_4': 9, 'W_layer_units_exponent_5': 4, 'W_layer_units_exponent_6': 10, 'W_layer_units_exponent_7': 4, 'D_layers': 7, 'D_layer_units_exponent_0': 9, 'D_layer_units_exponent_1': 10, 'D_layer_units_exponent_2': 4, 'D_layer_units_exponent_3': 9, 'D_layer_units_exponent_4': 7, 'D_layer_units_exponent_5': 6, 'D_layer_units_exponent_6': 9, 'D_dagger_layers': 4, 'D_dagger_layer_units_exponent_0': 8, 'D_dagger_layer_units_exponent_1': 9, 'D_dagger_layer_units_exponent_2': 4, 'D_dagger_layer_units_exponent_3': 6, 'log_learning_rate': -4.2162035689588455, 'log_learning_rate_D': -3.169621222916265, 'log_learning_rate_D_dagger': -3.012164021601409, 'training_batch_size': 6, 'training_p': 5}. Best is trial 45 with value: 0.03961218520998955.
Time for this trial:  1020.2615127563477
Memory status after this trial: 
Memory allocated:  2154.50634765625
Memory cached:  2180.0
--------------------  Trial  166   --------------------
Start timing: 
Parameters: 
{'W_layers': 8, 'W_layer_units_exponent_0': 10, 'W_layer_units_exponent_1': 8, 'W_layer_units_exponent_2': 7, 'W_layer_units_exponent_3': 4, 'W_layer_units_exponent_4': 9, 'W_layer_units_exponent_5': 4, 'W_layer_units_exponent_6': 10, 'W_layer_units_exponent_7': 4, 'D_layers': 7, 'D_layer_units_exponent_0': 9, 'D_layer_units_exponent_1': 9, 'D_layer_units_exponent_2': 4, 'D_layer_units_exponent_3': 9, 'D_layer_units_exponent_4': 7, 'D_layer_units_exponent_5': 6, 'D_layer_units_exponent_6': 9, 'D_dagger_layers': 4, 'D_dagger_layer_units_exponent_0': 8, 'D_dagger_layer_units_exponent_1': 9, 'D_dagger_layer_units_exponent_2': 4, 'D_dagger_layer_units_exponent_3': 6, 'log_learning_rate': -3.315944984086495, 'log_learning_rate_D': -3.3346018619528053, 'log_learning_rate_D_dagger': -3.0430259056709055, 'training_batch_size': 6, 'training_p': 5}
	 epoch  0 training error:  tensor(0.6481, device='cuda:0', grad_fn=<DivBackward0>)
Memory status after this epoch: 
Memory allocated:  767.4287109375
Memory cached:  1334.0
	 epoch  10 training error:  tensor(0.4761, device='cuda:0', grad_fn=<DivBackward0>)
Memory status after this epoch: 
Memory allocated:  767.4287109375
Memory cached:  1342.0
	 epoch  20 training error:  tensor(0.4595, device='cuda:0', grad_fn=<DivBackward0>)
Memory status after this epoch: 
Memory allocated:  767.4287109375
Memory cached:  1342.0
	 epoch  30 training error:  tensor(0.2638, device='cuda:0', grad_fn=<DivBackward0>)
Memory status after this epoch: 
Memory allocated:  767.4287109375
Memory cached:  1344.0
	 epoch  40 training error:  tensor(0.2076, device='cuda:0', grad_fn=<DivBackward0>)
Memory status after this epoch: 
Memory allocated:  767.4287109375
Memory cached:  1350.0
	 epoch  50 training error:  tensor(0.1938, device='cuda:0', grad_fn=<DivBackward0>)
Memory status after this epoch: 
Memory allocated:  767.4287109375
Memory cached:  1348.0
	 epoch  60 training error:  tensor(0.1163, device='cuda:0', grad_fn=<DivBackward0>)
Memory status after this epoch: 
Memory allocated:  767.4287109375
Memory cached:  1346.0
	 epoch  70 training error:  tensor(0.1042, device='cuda:0', grad_fn=<DivBackward0>)
Memory status after this epoch: 
Memory allocated:  767.4287109375
Memory cached:  1346.0
	 epoch  80 training error:  tensor(0.1198, device='cuda:0', grad_fn=<DivBackward0>)
Memory status after this epoch: 
Memory allocated:  767.4287109375
Memory cached:  1346.0
	 epoch  90 training error:  tensor(0.0759, device='cuda:0', grad_fn=<DivBackward0>)
Memory status after this epoch: 
Memory allocated:  767.4287109375
Memory cached:  1348.0
[I 2024-02-17 20:33:39,900] Trial 166 finished with value: 0.0784800574183464 and parameters: {'W_layers': 8, 'W_layer_units_exponent_0': 10, 'W_layer_units_exponent_1': 8, 'W_layer_units_exponent_2': 7, 'W_layer_units_exponent_3': 4, 'W_layer_units_exponent_4': 9, 'W_layer_units_exponent_5': 4, 'W_layer_units_exponent_6': 10, 'W_layer_units_exponent_7': 4, 'D_layers': 7, 'D_layer_units_exponent_0': 9, 'D_layer_units_exponent_1': 9, 'D_layer_units_exponent_2': 4, 'D_layer_units_exponent_3': 9, 'D_layer_units_exponent_4': 7, 'D_layer_units_exponent_5': 6, 'D_layer_units_exponent_6': 9, 'D_dagger_layers': 4, 'D_dagger_layer_units_exponent_0': 8, 'D_dagger_layer_units_exponent_1': 9, 'D_dagger_layer_units_exponent_2': 4, 'D_dagger_layer_units_exponent_3': 6, 'log_learning_rate': -3.315944984086495, 'log_learning_rate_D': -3.3346018619528053, 'log_learning_rate_D_dagger': -3.0430259056709055, 'training_batch_size': 6, 'training_p': 5}. Best is trial 45 with value: 0.03961218520998955.
Time for this trial:  1016.8137600421906
Memory status after this trial: 
Memory allocated:  2040.66259765625
Memory cached:  2052.0
--------------------  Trial  167   --------------------
Start timing: 
Parameters: 
{'W_layers': 8, 'W_layer_units_exponent_0': 10, 'W_layer_units_exponent_1': 8, 'W_layer_units_exponent_2': 7, 'W_layer_units_exponent_3': 5, 'W_layer_units_exponent_4': 9, 'W_layer_units_exponent_5': 4, 'W_layer_units_exponent_6': 10, 'W_layer_units_exponent_7': 4, 'D_layers': 7, 'D_layer_units_exponent_0': 9, 'D_layer_units_exponent_1': 7, 'D_layer_units_exponent_2': 4, 'D_layer_units_exponent_3': 9, 'D_layer_units_exponent_4': 7, 'D_layer_units_exponent_5': 6, 'D_layer_units_exponent_6': 9, 'D_dagger_layers': 4, 'D_dagger_layer_units_exponent_0': 8, 'D_dagger_layer_units_exponent_1': 9, 'D_dagger_layer_units_exponent_2': 4, 'D_dagger_layer_units_exponent_3': 6, 'log_learning_rate': -4.27524058958321, 'log_learning_rate_D': -3.1362774501432646, 'log_learning_rate_D_dagger': -2.9204694450073196, 'training_batch_size': 6, 'training_p': 5}
	 epoch  0 training error:  tensor(0.6812, device='cuda:0', grad_fn=<DivBackward0>)
Memory status after this epoch: 
Memory allocated:  764.4853515625
Memory cached:  1336.0
	 epoch  10 training error:  tensor(0.4707, device='cuda:0', grad_fn=<DivBackward0>)
Memory status after this epoch: 
Memory allocated:  764.4853515625
Memory cached:  1336.0
	 epoch  20 training error:  tensor(0.4210, device='cuda:0', grad_fn=<DivBackward0>)
Memory status after this epoch: 
Memory allocated:  764.4853515625
Memory cached:  1336.0
	 epoch  30 training error:  tensor(0.2379, device='cuda:0', grad_fn=<DivBackward0>)
Memory status after this epoch: 
Memory allocated:  764.4853515625
Memory cached:  1336.0
	 epoch  40 training error:  tensor(0.2008, device='cuda:0', grad_fn=<DivBackward0>)
Memory status after this epoch: 
Memory allocated:  764.4853515625
Memory cached:  1336.0
	 epoch  50 training error:  tensor(0.1370, device='cuda:0', grad_fn=<DivBackward0>)
Memory status after this epoch: 
Memory allocated:  764.4853515625
Memory cached:  1336.0
	 epoch  60 training error:  tensor(0.1143, device='cuda:0', grad_fn=<DivBackward0>)
Memory status after this epoch: 
Memory allocated:  764.4853515625
Memory cached:  1336.0
	 epoch  70 training error:  tensor(0.1014, device='cuda:0', grad_fn=<DivBackward0>)
Memory status after this epoch: 
Memory allocated:  764.4853515625
Memory cached:  1336.0
	 epoch  80 training error:  tensor(0.0854, device='cuda:0', grad_fn=<DivBackward0>)
Memory status after this epoch: 
Memory allocated:  764.4853515625
Memory cached:  1336.0
	 epoch  90 training error:  tensor(0.1220, device='cuda:0', grad_fn=<DivBackward0>)
Memory status after this epoch: 
Memory allocated:  764.4853515625
Memory cached:  1336.0
[I 2024-02-17 20:50:31,111] Trial 167 finished with value: 0.06398383527994156 and parameters: {'W_layers': 8, 'W_layer_units_exponent_0': 10, 'W_layer_units_exponent_1': 8, 'W_layer_units_exponent_2': 7, 'W_layer_units_exponent_3': 5, 'W_layer_units_exponent_4': 9, 'W_layer_units_exponent_5': 4, 'W_layer_units_exponent_6': 10, 'W_layer_units_exponent_7': 4, 'D_layers': 7, 'D_layer_units_exponent_0': 9, 'D_layer_units_exponent_1': 7, 'D_layer_units_exponent_2': 4, 'D_layer_units_exponent_3': 9, 'D_layer_units_exponent_4': 7, 'D_layer_units_exponent_5': 6, 'D_layer_units_exponent_6': 9, 'D_dagger_layers': 4, 'D_dagger_layer_units_exponent_0': 8, 'D_dagger_layer_units_exponent_1': 9, 'D_dagger_layer_units_exponent_2': 4, 'D_dagger_layer_units_exponent_3': 6, 'log_learning_rate': -4.27524058958321, 'log_learning_rate_D': -3.1362774501432646, 'log_learning_rate_D_dagger': -2.9204694450073196, 'training_batch_size': 6, 'training_p': 5}. Best is trial 45 with value: 0.03961218520998955.
Time for this trial:  1010.439067363739
Memory status after this trial: 
Memory allocated:  1961.39794921875
Memory cached:  1972.0
--------------------  Trial  168   --------------------
Start timing: 
Parameters: 
{'W_layers': 8, 'W_layer_units_exponent_0': 10, 'W_layer_units_exponent_1': 8, 'W_layer_units_exponent_2': 7, 'W_layer_units_exponent_3': 5, 'W_layer_units_exponent_4': 9, 'W_layer_units_exponent_5': 4, 'W_layer_units_exponent_6': 10, 'W_layer_units_exponent_7': 4, 'D_layers': 7, 'D_layer_units_exponent_0': 9, 'D_layer_units_exponent_1': 10, 'D_layer_units_exponent_2': 4, 'D_layer_units_exponent_3': 9, 'D_layer_units_exponent_4': 7, 'D_layer_units_exponent_5': 6, 'D_layer_units_exponent_6': 9, 'D_dagger_layers': 4, 'D_dagger_layer_units_exponent_0': 8, 'D_dagger_layer_units_exponent_1': 9, 'D_dagger_layer_units_exponent_2': 4, 'D_dagger_layer_units_exponent_3': 6, 'log_learning_rate': -4.394386642112705, 'log_learning_rate_D': -3.0290756603153115, 'log_learning_rate_D_dagger': -2.9372012553022833, 'training_batch_size': 6, 'training_p': 5}
	 epoch  0 training error:  tensor(0.6732, device='cuda:0', grad_fn=<DivBackward0>)
Memory status after this epoch: 
Memory allocated:  771.7177734375
Memory cached:  1352.0
	 epoch  10 training error:  tensor(0.4596, device='cuda:0', grad_fn=<DivBackward0>)
Memory status after this epoch: 
Memory allocated:  771.7177734375
Memory cached:  1354.0
	 epoch  20 training error:  tensor(0.2519, device='cuda:0', grad_fn=<DivBackward0>)
Memory status after this epoch: 
Memory allocated:  771.7177734375
Memory cached:  1352.0
	 epoch  30 training error:  tensor(0.1852, device='cuda:0', grad_fn=<DivBackward0>)
Memory status after this epoch: 
Memory allocated:  771.7177734375
Memory cached:  1352.0
	 epoch  40 training error:  tensor(0.1509, device='cuda:0', grad_fn=<DivBackward0>)
Memory status after this epoch: 
Memory allocated:  771.7177734375
Memory cached:  1354.0
	 epoch  50 training error:  tensor(0.1086, device='cuda:0', grad_fn=<DivBackward0>)
Memory status after this epoch: 
Memory allocated:  771.7177734375
Memory cached:  1352.0
	 epoch  60 training error:  tensor(0.0978, device='cuda:0', grad_fn=<DivBackward0>)
Memory status after this epoch: 
Memory allocated:  771.7177734375
Memory cached:  1352.0
	 epoch  70 training error:  tensor(0.0948, device='cuda:0', grad_fn=<DivBackward0>)
Memory status after this epoch: 
Memory allocated:  771.7177734375
Memory cached:  1352.0
	 epoch  80 training error:  tensor(0.0921, device='cuda:0', grad_fn=<DivBackward0>)
Memory status after this epoch: 
Memory allocated:  771.7177734375
Memory cached:  1352.0
	 epoch  90 training error:  tensor(0.0636, device='cuda:0', grad_fn=<DivBackward0>)
Memory status after this epoch: 
Memory allocated:  771.7177734375
Memory cached:  1354.0
[I 2024-02-17 21:07:29,376] Trial 168 finished with value: 0.07922821491956711 and parameters: {'W_layers': 8, 'W_layer_units_exponent_0': 10, 'W_layer_units_exponent_1': 8, 'W_layer_units_exponent_2': 7, 'W_layer_units_exponent_3': 5, 'W_layer_units_exponent_4': 9, 'W_layer_units_exponent_5': 4, 'W_layer_units_exponent_6': 10, 'W_layer_units_exponent_7': 4, 'D_layers': 7, 'D_layer_units_exponent_0': 9, 'D_layer_units_exponent_1': 10, 'D_layer_units_exponent_2': 4, 'D_layer_units_exponent_3': 9, 'D_layer_units_exponent_4': 7, 'D_layer_units_exponent_5': 6, 'D_layer_units_exponent_6': 9, 'D_dagger_layers': 4, 'D_dagger_layer_units_exponent_0': 8, 'D_dagger_layer_units_exponent_1': 9, 'D_dagger_layer_units_exponent_2': 4, 'D_dagger_layer_units_exponent_3': 6, 'log_learning_rate': -4.394386642112705, 'log_learning_rate_D': -3.0290756603153115, 'log_learning_rate_D_dagger': -2.9372012553022833, 'training_batch_size': 6, 'training_p': 5}. Best is trial 45 with value: 0.03961218520998955.
Time for this trial:  1017.5768473148346
Memory status after this trial: 
Memory allocated:  2154.50634765625
Memory cached:  2180.0
--------------------  Trial  169   --------------------
Start timing: 
Parameters: 
{'W_layers': 8, 'W_layer_units_exponent_0': 10, 'W_layer_units_exponent_1': 8, 'W_layer_units_exponent_2': 7, 'W_layer_units_exponent_3': 6, 'W_layer_units_exponent_4': 10, 'W_layer_units_exponent_5': 4, 'W_layer_units_exponent_6': 10, 'W_layer_units_exponent_7': 4, 'D_layers': 8, 'D_layer_units_exponent_0': 9, 'D_layer_units_exponent_1': 10, 'D_layer_units_exponent_2': 4, 'D_layer_units_exponent_3': 9, 'D_layer_units_exponent_4': 7, 'D_layer_units_exponent_5': 6, 'D_layer_units_exponent_6': 8, 'D_layer_units_exponent_7': 4, 'D_dagger_layers': 4, 'D_dagger_layer_units_exponent_0': 8, 'D_dagger_layer_units_exponent_1': 9, 'D_dagger_layer_units_exponent_2': 4, 'D_dagger_layer_units_exponent_3': 6, 'log_learning_rate': -4.287000551810597, 'log_learning_rate_D': -3.1328755248163533, 'log_learning_rate_D_dagger': -3.086769961593988, 'training_batch_size': 6, 'training_p': 5}
	 epoch  0 training error:  tensor(0.6581, device='cuda:0', grad_fn=<DivBackward0>)
Memory status after this epoch: 
Memory allocated:  772.4677734375
Memory cached:  1352.0
	 epoch  10 training error:  tensor(0.4739, device='cuda:0', grad_fn=<DivBackward0>)
Memory status after this epoch: 
Memory allocated:  772.4677734375
Memory cached:  1354.0
	 epoch  20 training error:  tensor(0.4027, device='cuda:0', grad_fn=<DivBackward0>)
Memory status after this epoch: 
Memory allocated:  772.4677734375
Memory cached:  1352.0
	 epoch  30 training error:  tensor(0.2345, device='cuda:0', grad_fn=<DivBackward0>)
Memory status after this epoch: 
Memory allocated:  772.4677734375
Memory cached:  1352.0
	 epoch  40 training error:  tensor(0.2271, device='cuda:0', grad_fn=<DivBackward0>)
Memory status after this epoch: 
Memory allocated:  772.4677734375
Memory cached:  1352.0
	 epoch  50 training error:  tensor(0.2005, device='cuda:0', grad_fn=<DivBackward0>)
Memory status after this epoch: 
Memory allocated:  772.4677734375
Memory cached:  1352.0
	 epoch  60 training error:  tensor(0.1953, device='cuda:0', grad_fn=<DivBackward0>)
Memory status after this epoch: 
Memory allocated:  772.4677734375
Memory cached:  1352.0
	 epoch  70 training error:  tensor(0.1263, device='cuda:0', grad_fn=<DivBackward0>)
Memory status after this epoch: 
Memory allocated:  772.4677734375
Memory cached:  1352.0
	 epoch  80 training error:  tensor(0.1265, device='cuda:0', grad_fn=<DivBackward0>)
Memory status after this epoch: 
Memory allocated:  772.4677734375
Memory cached:  1352.0
	 epoch  90 training error:  tensor(0.0946, device='cuda:0', grad_fn=<DivBackward0>)
Memory status after this epoch: 
Memory allocated:  772.4677734375
Memory cached:  1352.0
[I 2024-02-17 21:25:09,677] Trial 169 finished with value: 0.07308883965015411 and parameters: {'W_layers': 8, 'W_layer_units_exponent_0': 10, 'W_layer_units_exponent_1': 8, 'W_layer_units_exponent_2': 7, 'W_layer_units_exponent_3': 6, 'W_layer_units_exponent_4': 10, 'W_layer_units_exponent_5': 4, 'W_layer_units_exponent_6': 10, 'W_layer_units_exponent_7': 4, 'D_layers': 8, 'D_layer_units_exponent_0': 9, 'D_layer_units_exponent_1': 10, 'D_layer_units_exponent_2': 4, 'D_layer_units_exponent_3': 9, 'D_layer_units_exponent_4': 7, 'D_layer_units_exponent_5': 6, 'D_layer_units_exponent_6': 8, 'D_layer_units_exponent_7': 4, 'D_dagger_layers': 4, 'D_dagger_layer_units_exponent_0': 8, 'D_dagger_layer_units_exponent_1': 9, 'D_dagger_layer_units_exponent_2': 4, 'D_dagger_layer_units_exponent_3': 6, 'log_learning_rate': -4.287000551810597, 'log_learning_rate_D': -3.1328755248163533, 'log_learning_rate_D_dagger': -3.086769961593988, 'training_batch_size': 6, 'training_p': 5}. Best is trial 45 with value: 0.03961218520998955.
Time for this trial:  1059.6981723308563
Memory status after this trial: 
Memory allocated:  2235.32080078125
Memory cached:  2262.0
--------------------  Trial  170   --------------------
Start timing: 
Parameters: 
{'W_layers': 8, 'W_layer_units_exponent_0': 10, 'W_layer_units_exponent_1': 8, 'W_layer_units_exponent_2': 7, 'W_layer_units_exponent_3': 5, 'W_layer_units_exponent_4': 9, 'W_layer_units_exponent_5': 4, 'W_layer_units_exponent_6': 10, 'W_layer_units_exponent_7': 5, 'D_layers': 7, 'D_layer_units_exponent_0': 9, 'D_layer_units_exponent_1': 7, 'D_layer_units_exponent_2': 5, 'D_layer_units_exponent_3': 9, 'D_layer_units_exponent_4': 7, 'D_layer_units_exponent_5': 6, 'D_layer_units_exponent_6': 9, 'D_dagger_layers': 4, 'D_dagger_layer_units_exponent_0': 8, 'D_dagger_layer_units_exponent_1': 9, 'D_dagger_layer_units_exponent_2': 4, 'D_dagger_layer_units_exponent_3': 6, 'log_learning_rate': -4.614597286220775, 'log_learning_rate_D': -3.233183311748906, 'log_learning_rate_D_dagger': -2.8790387724331725, 'training_batch_size': 6, 'training_p': 5}
	 epoch  0 training error:  tensor(0.6674, device='cuda:0', grad_fn=<DivBackward0>)
Memory status after this epoch: 
Memory allocated:  764.8916015625
Memory cached:  1332.0
	 epoch  10 training error:  tensor(0.3536, device='cuda:0', grad_fn=<DivBackward0>)
Memory status after this epoch: 
Memory allocated:  764.8916015625
Memory cached:  1332.0
	 epoch  20 training error:  tensor(0.2244, device='cuda:0', grad_fn=<DivBackward0>)
Memory status after this epoch: 
Memory allocated:  764.8916015625
Memory cached:  1332.0
	 epoch  30 training error:  tensor(0.1944, device='cuda:0', grad_fn=<DivBackward0>)
Memory status after this epoch: 
Memory allocated:  764.8916015625
Memory cached:  1332.0
	 epoch  40 training error:  tensor(0.1092, device='cuda:0', grad_fn=<DivBackward0>)
Memory status after this epoch: 
Memory allocated:  764.8916015625
Memory cached:  1332.0
	 epoch  50 training error:  tensor(0.0884, device='cuda:0', grad_fn=<DivBackward0>)
Memory status after this epoch: 
Memory allocated:  764.8916015625
Memory cached:  1332.0
	 epoch  60 training error:  tensor(0.0923, device='cuda:0', grad_fn=<DivBackward0>)
Memory status after this epoch: 
Memory allocated:  764.8916015625
Memory cached:  1332.0
	 epoch  70 training error:  tensor(0.0998, device='cuda:0', grad_fn=<DivBackward0>)
Memory status after this epoch: 
Memory allocated:  764.8916015625
Memory cached:  1332.0
	 epoch  80 training error:  tensor(0.0863, device='cuda:0', grad_fn=<DivBackward0>)
Memory status after this epoch: 
Memory allocated:  764.8916015625
Memory cached:  1332.0
	 epoch  90 training error:  tensor(0.0728, device='cuda:0', grad_fn=<DivBackward0>)
Memory status after this epoch: 
Memory allocated:  764.8916015625
Memory cached:  1332.0
