[I 2024-01-04 02:04:26,757] Trial 198 finished with value: 0.2921173572540283 and parameters: {'W_layers': 8, 'W_layer_units_exponent_0': 10, 'W_layer_units_exponent_1': 4, 'W_layer_units_exponent_2': 7, 'W_layer_units_exponent_3': 5, 'W_layer_units_exponent_4': 8, 'W_layer_units_exponent_5': 8, 'W_layer_units_exponent_6': 5, 'W_layer_units_exponent_7': 4, 'D_layers': 3, 'D_layer_units_exponent_0': 10, 'D_layer_units_exponent_1': 7, 'D_layer_units_exponent_2': 9, 'D_dagger_layers': 4, 'D_dagger_layer_units_exponent_0': 10, 'D_dagger_layer_units_exponent_1': 10, 'D_dagger_layer_units_exponent_2': 4, 'D_dagger_layer_units_exponent_3': 5, 'log_learning_rate': -4.4259468735422995, 'log_learning_rate_D': -3.1800827754946956, 'log_learning_rate_D_dagger': -3.138812495637375, 'training_batch_size': 9, 'training_p': 7}. Best is trial 163 with value: 0.10096652805805206.
Time for this trial:  214.4947943687439
Memory status after this trial: 
Memory allocated:  597.5771484375
Memory cached:  608.0
--------------------  Trial  199   --------------------
Start timing: 
Parameters: 
{'W_layers': 8, 'W_layer_units_exponent_0': 10, 'W_layer_units_exponent_1': 4, 'W_layer_units_exponent_2': 7, 'W_layer_units_exponent_3': 5, 'W_layer_units_exponent_4': 8, 'W_layer_units_exponent_5': 8, 'W_layer_units_exponent_6': 4, 'W_layer_units_exponent_7': 5, 'D_layers': 3, 'D_layer_units_exponent_0': 10, 'D_layer_units_exponent_1': 7, 'D_layer_units_exponent_2': 9, 'D_dagger_layers': 4, 'D_dagger_layer_units_exponent_0': 10, 'D_dagger_layer_units_exponent_1': 10, 'D_dagger_layer_units_exponent_2': 4, 'D_dagger_layer_units_exponent_3': 5, 'log_learning_rate': -4.304034046249637, 'log_learning_rate_D': -3.096516221535251, 'log_learning_rate_D_dagger': -3.3009982710800863, 'training_batch_size': 9, 'training_p': 7}
	 epoch  0 training error:  tensor(1.0274, device='cuda:0', grad_fn=<DivBackward0>)
Memory status after this epoch: 
Memory allocated:  317.61669921875
Memory cached:  618.0
	 epoch  10 training error:  tensor(0.5574, device='cuda:0', grad_fn=<DivBackward0>)
Memory status after this epoch: 
Memory allocated:  317.61669921875
Memory cached:  664.0
	 epoch  20 training error:  tensor(0.5422, device='cuda:0', grad_fn=<DivBackward0>)
Memory status after this epoch: 
Memory allocated:  317.61669921875
Memory cached:  662.0
	 epoch  30 training error:  tensor(0.5351, device='cuda:0', grad_fn=<DivBackward0>)
Memory status after this epoch: 
Memory allocated:  317.61669921875
Memory cached:  662.0
	 epoch  40 training error:  tensor(0.5276, device='cuda:0', grad_fn=<DivBackward0>)
Memory status after this epoch: 
Memory allocated:  317.61669921875
Memory cached:  662.0
	 epoch  50 training error:  tensor(0.5302, device='cuda:0', grad_fn=<DivBackward0>)
Memory status after this epoch: 
Memory allocated:  317.61669921875
Memory cached:  670.0
	 epoch  60 training error:  tensor(0.5221, device='cuda:0', grad_fn=<DivBackward0>)
Memory status after this epoch: 
Memory allocated:  317.61669921875
Memory cached:  656.0
	 epoch  70 training error:  tensor(0.4734, device='cuda:0', grad_fn=<DivBackward0>)
Memory status after this epoch: 
Memory allocated:  317.61669921875
Memory cached:  662.0
	 epoch  80 training error:  tensor(0.3959, device='cuda:0', grad_fn=<DivBackward0>)
Memory status after this epoch: 
Memory allocated:  317.61669921875
Memory cached:  664.0
	 epoch  90 training error:  tensor(0.2783, device='cuda:0', grad_fn=<DivBackward0>)
Memory status after this epoch: 
Memory allocated:  317.61669921875
Memory cached:  660.0
[I 2024-01-04 02:08:00,756] Trial 199 finished with value: 0.14067861437797546 and parameters: {'W_layers': 8, 'W_layer_units_exponent_0': 10, 'W_layer_units_exponent_1': 4, 'W_layer_units_exponent_2': 7, 'W_layer_units_exponent_3': 5, 'W_layer_units_exponent_4': 8, 'W_layer_units_exponent_5': 8, 'W_layer_units_exponent_6': 4, 'W_layer_units_exponent_7': 5, 'D_layers': 3, 'D_layer_units_exponent_0': 10, 'D_layer_units_exponent_1': 7, 'D_layer_units_exponent_2': 9, 'D_dagger_layers': 4, 'D_dagger_layer_units_exponent_0': 10, 'D_dagger_layer_units_exponent_1': 10, 'D_dagger_layer_units_exponent_2': 4, 'D_dagger_layer_units_exponent_3': 5, 'log_learning_rate': -4.304034046249637, 'log_learning_rate_D': -3.096516221535251, 'log_learning_rate_D_dagger': -3.3009982710800863, 'training_batch_size': 9, 'training_p': 7}. Best is trial 163 with value: 0.10096652805805206.
Time for this trial:  213.48783016204834
Memory status after this trial: 
Memory allocated:  597.4482421875
Memory cached:  610.0
