[I 2023-12-04 00:07:00,932] Trial 13 finished with value: 0.12225528061389923 and parameters: {'W_layers': 8, 'W_layer_units_exponent_0': 6, 'W_layer_units_exponent_1': 5, 'W_layer_units_exponent_2': 9, 'W_layer_units_exponent_3': 6, 'W_layer_units_exponent_4': 7, 'W_layer_units_exponent_5': 7, 'W_layer_units_exponent_6': 10, 'W_layer_units_exponent_7': 6, 'D_layers': 2, 'D_layer_units_exponent_0': 8, 'D_layer_units_exponent_1': 4, 'log_learning_rate': -2.584761351394823, 'log_learning_rate_D': -1.7639776779174936, 'training_batch_size': 10, 'training_p': 7}. Best is trial 3 with value: 0.09675099700689316.
Time for this trial:  14.582144975662231
Memory status after this trial: 
Memory allocated:  127.18212890625
Memory cached:  144.0
--------------------  Trial  14   --------------------
Start timing: 
Parameters: 
{'W_layers': 4, 'W_layer_units_exponent_0': 9, 'W_layer_units_exponent_1': 10, 'W_layer_units_exponent_2': 9, 'W_layer_units_exponent_3': 10, 'D_layers': 4, 'D_layer_units_exponent_0': 6, 'D_layer_units_exponent_1': 6, 'D_layer_units_exponent_2': 9, 'D_layer_units_exponent_3': 4, 'log_learning_rate': -1.9318754128048885, 'log_learning_rate_D': -2.78579132348397, 'training_batch_size': 10, 'training_p': 2}
	 epoch  0 training error:  tensor(0.9946, device='cuda:0', grad_fn=<DivBackward0>)
Memory status after this epoch: 
Memory allocated:  104.35888671875
Memory cached:  132.0
	 epoch  10 training error:  tensor(0.9985, device='cuda:0', grad_fn=<DivBackward0>)
Memory status after this epoch: 
Memory allocated:  104.35888671875
Memory cached:  132.0
	 epoch  20 training error:  tensor(2.1791, device='cuda:0', grad_fn=<DivBackward0>)
Memory status after this epoch: 
Memory allocated:  104.35888671875
Memory cached:  132.0
	 epoch  30 training error:  tensor(0.7171, device='cuda:0', grad_fn=<DivBackward0>)
Memory status after this epoch: 
Memory allocated:  104.35888671875
Memory cached:  132.0
	 epoch  40 training error:  tensor(0.1628, device='cuda:0', grad_fn=<DivBackward0>)
Memory status after this epoch: 
Memory allocated:  104.35888671875
Memory cached:  132.0
	 epoch  50 training error:  tensor(0.3299, device='cuda:0', grad_fn=<DivBackward0>)
Memory status after this epoch: 
Memory allocated:  104.35888671875
Memory cached:  132.0
	 epoch  60 training error:  tensor(1.3025, device='cuda:0', grad_fn=<DivBackward0>)
Memory status after this epoch: 
Memory allocated:  104.35888671875
Memory cached:  132.0
	 epoch  70 training error:  tensor(0.2417, device='cuda:0', grad_fn=<DivBackward0>)
Memory status after this epoch: 
Memory allocated:  104.35888671875
Memory cached:  132.0
	 epoch  80 training error:  tensor(0.1514, device='cuda:0', grad_fn=<DivBackward0>)
Memory status after this epoch: 
Memory allocated:  104.35888671875
Memory cached:  132.0
	 epoch  90 training error:  tensor(0.3397, device='cuda:0', grad_fn=<DivBackward0>)
Memory status after this epoch: 
Memory allocated:  104.35888671875
Memory cached:  132.0
[I 2023-12-04 00:07:15,298] Trial 14 finished with value: 0.2994596064090729 and parameters: {'W_layers': 4, 'W_layer_units_exponent_0': 9, 'W_layer_units_exponent_1': 10, 'W_layer_units_exponent_2': 9, 'W_layer_units_exponent_3': 10, 'D_layers': 4, 'D_layer_units_exponent_0': 6, 'D_layer_units_exponent_1': 6, 'D_layer_units_exponent_2': 9, 'D_layer_units_exponent_3': 4, 'log_learning_rate': -1.9318754128048885, 'log_learning_rate_D': -2.78579132348397, 'training_batch_size': 10, 'training_p': 2}. Best is trial 3 with value: 0.09675099700689316.
Time for this trial:  14.212034702301025
Memory status after this trial: 
Memory allocated:  162.55908203125
Memory cached:  192.0
--------------------  Trial  15   --------------------
Start timing: 
Parameters: 
{'W_layers': 6, 'W_layer_units_exponent_0': 6, 'W_layer_units_exponent_1': 8, 'W_layer_units_exponent_2': 8, 'W_layer_units_exponent_3': 7, 'W_layer_units_exponent_4': 8, 'W_layer_units_exponent_5': 8, 'D_layers': 8, 'D_layer_units_exponent_0': 8, 'D_layer_units_exponent_1': 6, 'D_layer_units_exponent_2': 9, 'D_layer_units_exponent_3': 6, 'D_layer_units_exponent_4': 10, 'D_layer_units_exponent_5': 4, 'D_layer_units_exponent_6': 10, 'D_layer_units_exponent_7': 5, 'log_learning_rate': -3.4272569895574314, 'log_learning_rate_D': -1.8967222066421645, 'training_batch_size': 6, 'training_p': 5}
	 epoch  0 training error:  tensor(1.0045, device='cuda:0', grad_fn=<DivBackward0>)
Memory status after this epoch: 
Memory allocated:  83.01123046875
Memory cached:  92.0
	 epoch  10 training error:  tensor(0.2491, device='cuda:0', grad_fn=<DivBackward0>)
Memory status after this epoch: 
Memory allocated:  83.01123046875
Memory cached:  92.0
	 epoch  20 training error:  tensor(0.1570, device='cuda:0', grad_fn=<DivBackward0>)
Memory status after this epoch: 
Memory allocated:  83.01123046875
Memory cached:  92.0
	 epoch  30 training error:  tensor(0.1402, device='cuda:0', grad_fn=<DivBackward0>)
Memory status after this epoch: 
Memory allocated:  83.01123046875
Memory cached:  92.0
	 epoch  40 training error:  tensor(0.1389, device='cuda:0', grad_fn=<DivBackward0>)
Memory status after this epoch: 
Memory allocated:  83.01123046875
Memory cached:  92.0
	 epoch  50 training error:  tensor(0.1386, device='cuda:0', grad_fn=<DivBackward0>)
Memory status after this epoch: 
Memory allocated:  83.01123046875
Memory cached:  92.0
	 epoch  60 training error:  tensor(0.1386, device='cuda:0', grad_fn=<DivBackward0>)
Memory status after this epoch: 
Memory allocated:  83.01123046875
Memory cached:  92.0
	 epoch  70 training error:  tensor(0.1387, device='cuda:0', grad_fn=<DivBackward0>)
Memory status after this epoch: 
Memory allocated:  83.01123046875
Memory cached:  92.0
	 epoch  80 training error:  tensor(0.1386, device='cuda:0', grad_fn=<DivBackward0>)
Memory status after this epoch: 
Memory allocated:  83.01123046875
Memory cached:  92.0
	 epoch  90 training error:  tensor(0.1388, device='cuda:0', grad_fn=<DivBackward0>)
Memory status after this epoch: 
Memory allocated:  83.01123046875
Memory cached:  92.0
[I 2023-12-04 00:07:30,194] Trial 15 finished with value: 0.11098743975162506 and parameters: {'W_layers': 6, 'W_layer_units_exponent_0': 6, 'W_layer_units_exponent_1': 8, 'W_layer_units_exponent_2': 8, 'W_layer_units_exponent_3': 7, 'W_layer_units_exponent_4': 8, 'W_layer_units_exponent_5': 8, 'D_layers': 8, 'D_layer_units_exponent_0': 8, 'D_layer_units_exponent_1': 6, 'D_layer_units_exponent_2': 9, 'D_layer_units_exponent_3': 6, 'D_layer_units_exponent_4': 10, 'D_layer_units_exponent_5': 4, 'D_layer_units_exponent_6': 10, 'D_layer_units_exponent_7': 5, 'log_learning_rate': -3.4272569895574314, 'log_learning_rate_D': -1.8967222066421645, 'training_batch_size': 6, 'training_p': 5}. Best is trial 3 with value: 0.09675099700689316.
Time for this trial:  14.727131128311157
Memory status after this trial: 
Memory allocated:  108.88037109375
Memory cached:  118.0
--------------------  Trial  16   --------------------
Start timing: 
Parameters: 
{'W_layers': 4, 'W_layer_units_exponent_0': 7, 'W_layer_units_exponent_1': 7, 'W_layer_units_exponent_2': 10, 'W_layer_units_exponent_3': 5, 'D_layers': 4, 'D_layer_units_exponent_0': 6, 'D_layer_units_exponent_1': 10, 'D_layer_units_exponent_2': 6, 'D_layer_units_exponent_3': 7, 'log_learning_rate': -2.6694227586595782, 'log_learning_rate_D': -1.0035053681786468, 'training_batch_size': 9, 'training_p': 4}
	 epoch  0 training error:  tensor(1.0863, device='cuda:0', grad_fn=<DivBackward0>)
Memory status after this epoch: 
Memory allocated:  82.24755859375
Memory cached:  92.0
	 epoch  10 training error:  tensor(0.1405, device='cuda:0', grad_fn=<DivBackward0>)
Memory status after this epoch: 
Memory allocated:  82.24755859375
Memory cached:  94.0
	 epoch  20 training error:  tensor(0.1426, device='cuda:0', grad_fn=<DivBackward0>)
Memory status after this epoch: 
Memory allocated:  82.24755859375
Memory cached:  94.0
	 epoch  30 training error:  tensor(0.1319, device='cuda:0', grad_fn=<DivBackward0>)
Memory status after this epoch: 
Memory allocated:  82.24755859375
Memory cached:  94.0
	 epoch  40 training error:  tensor(0.1304, device='cuda:0', grad_fn=<DivBackward0>)
Memory status after this epoch: 
Memory allocated:  82.24755859375
Memory cached:  94.0
	 epoch  50 training error:  tensor(0.1298, device='cuda:0', grad_fn=<DivBackward0>)
Memory status after this epoch: 
Memory allocated:  82.24755859375
Memory cached:  94.0
	 epoch  60 training error:  tensor(0.1293, device='cuda:0', grad_fn=<DivBackward0>)
Memory status after this epoch: 
Memory allocated:  82.24755859375
Memory cached:  94.0
	 epoch  70 training error:  tensor(0.1292, device='cuda:0', grad_fn=<DivBackward0>)
Memory status after this epoch: 
Memory allocated:  82.24755859375
Memory cached:  94.0
	 epoch  80 training error:  tensor(0.1292, device='cuda:0', grad_fn=<DivBackward0>)
Memory status after this epoch: 
Memory allocated:  82.24755859375
Memory cached:  94.0
	 epoch  90 training error:  tensor(0.1291, device='cuda:0', grad_fn=<DivBackward0>)
Memory status after this epoch: 
Memory allocated:  82.24755859375
Memory cached:  94.0
[I 2023-12-04 00:07:44,136] Trial 16 finished with value: 0.10628767311573029 and parameters: {'W_layers': 4, 'W_layer_units_exponent_0': 7, 'W_layer_units_exponent_1': 7, 'W_layer_units_exponent_2': 10, 'W_layer_units_exponent_3': 5, 'D_layers': 4, 'D_layer_units_exponent_0': 6, 'D_layer_units_exponent_1': 10, 'D_layer_units_exponent_2': 6, 'D_layer_units_exponent_3': 7, 'log_learning_rate': -2.6694227586595782, 'log_learning_rate_D': -1.0035053681786468, 'training_batch_size': 9, 'training_p': 4}. Best is trial 3 with value: 0.09675099700689316.
Time for this trial:  13.784279823303223
Memory status after this trial: 
Memory allocated:  110.35986328125
Memory cached:  138.0
--------------------  Trial  17   --------------------
Start timing: 
Parameters: 
{'W_layers': 8, 'W_layer_units_exponent_0': 9, 'W_layer_units_exponent_1': 5, 'W_layer_units_exponent_2': 8, 'W_layer_units_exponent_3': 8, 'W_layer_units_exponent_4': 4, 'W_layer_units_exponent_5': 5, 'W_layer_units_exponent_6': 10, 'W_layer_units_exponent_7': 10, 'D_layers': 2, 'D_layer_units_exponent_0': 8, 'D_layer_units_exponent_1': 5, 'log_learning_rate': -1.7313278723470438, 'log_learning_rate_D': -2.9453901749154143, 'training_batch_size': 11, 'training_p': 2}
	 epoch  0 training error:  tensor(1.0019, device='cuda:0', grad_fn=<DivBackward0>)
Memory status after this epoch: 
Memory allocated:  97.3720703125
Memory cached:  114.0
	 epoch  10 training error:  tensor(35.5358, device='cuda:0', grad_fn=<DivBackward0>)
Memory status after this epoch: 
Memory allocated:  97.3720703125
Memory cached:  114.0
	 epoch  20 training error:  tensor(4.4170, device='cuda:0', grad_fn=<DivBackward0>)
Memory status after this epoch: 
Memory allocated:  97.3720703125
Memory cached:  114.0
	 epoch  30 training error:  tensor(2.1241, device='cuda:0', grad_fn=<DivBackward0>)
Memory status after this epoch: 
Memory allocated:  97.3720703125
Memory cached:  114.0
	 epoch  40 training error:  tensor(1.1322, device='cuda:0', grad_fn=<DivBackward0>)
Memory status after this epoch: 
Memory allocated:  97.3720703125
Memory cached:  114.0
	 epoch  50 training error:  tensor(0.4911, device='cuda:0', grad_fn=<DivBackward0>)
Memory status after this epoch: 
Memory allocated:  97.3720703125
Memory cached:  114.0
	 epoch  60 training error:  tensor(0.2827, device='cuda:0', grad_fn=<DivBackward0>)
Memory status after this epoch: 
Memory allocated:  97.3720703125
Memory cached:  114.0
	 epoch  70 training error:  tensor(0.1817, device='cuda:0', grad_fn=<DivBackward0>)
Memory status after this epoch: 
Memory allocated:  97.3720703125
Memory cached:  114.0
	 epoch  80 training error:  tensor(0.1619, device='cuda:0', grad_fn=<DivBackward0>)
Memory status after this epoch: 
Memory allocated:  97.3720703125
Memory cached:  114.0
	 epoch  90 training error:  tensor(0.1797, device='cuda:0', grad_fn=<DivBackward0>)
Memory status after this epoch: 
Memory allocated:  97.3720703125
Memory cached:  114.0
[I 2023-12-04 00:07:59,305] Trial 17 finished with value: 0.18207846581935883 and parameters: {'W_layers': 8, 'W_layer_units_exponent_0': 9, 'W_layer_units_exponent_1': 5, 'W_layer_units_exponent_2': 8, 'W_layer_units_exponent_3': 8, 'W_layer_units_exponent_4': 4, 'W_layer_units_exponent_5': 5, 'W_layer_units_exponent_6': 10, 'W_layer_units_exponent_7': 10, 'D_layers': 2, 'D_layer_units_exponent_0': 8, 'D_layer_units_exponent_1': 5, 'log_learning_rate': -1.7313278723470438, 'log_learning_rate_D': -2.9453901749154143, 'training_batch_size': 11, 'training_p': 2}. Best is trial 3 with value: 0.09675099700689316.
Time for this trial:  14.997403144836426
Memory status after this trial: 
Memory allocated:  160.94384765625
Memory cached:  194.0
--------------------  Trial  18   --------------------
Start timing: 
Parameters: 
{'W_layers': 5, 'W_layer_units_exponent_0': 5, 'W_layer_units_exponent_1': 8, 'W_layer_units_exponent_2': 4, 'W_layer_units_exponent_3': 7, 'W_layer_units_exponent_4': 7, 'D_layers': 4, 'D_layer_units_exponent_0': 7, 'D_layer_units_exponent_1': 7, 'D_layer_units_exponent_2': 9, 'D_layer_units_exponent_3': 7, 'log_learning_rate': -1.0982448903725506, 'log_learning_rate_D': -2.6867836828403386, 'training_batch_size': 9, 'training_p': 6}
	 epoch  0 training error:  tensor(1.0253, device='cuda:0', grad_fn=<DivBackward0>)
Memory status after this epoch: 
Memory allocated:  79.984375
Memory cached:  92.0
	 epoch  10 training error:  tensor(4.8132, device='cuda:0', grad_fn=<DivBackward0>)
Memory status after this epoch: 
Memory allocated:  79.984375
Memory cached:  92.0
	 epoch  20 training error:  tensor(1.1680, device='cuda:0', grad_fn=<DivBackward0>)
Memory status after this epoch: 
Memory allocated:  79.984375
Memory cached:  92.0
	 epoch  30 training error:  tensor(1.1609, device='cuda:0', grad_fn=<DivBackward0>)
Memory status after this epoch: 
Memory allocated:  79.984375
Memory cached:  92.0
	 epoch  40 training error:  tensor(0.8086, device='cuda:0', grad_fn=<DivBackward0>)
Memory status after this epoch: 
Memory allocated:  79.984375
Memory cached:  92.0
	 epoch  50 training error:  tensor(1.1247, device='cuda:0', grad_fn=<DivBackward0>)
Memory status after this epoch: 
Memory allocated:  79.984375
Memory cached:  92.0
	 epoch  60 training error:  tensor(1.0242, device='cuda:0', grad_fn=<DivBackward0>)
Memory status after this epoch: 
Memory allocated:  79.984375
Memory cached:  92.0
	 epoch  70 training error:  tensor(0.3764, device='cuda:0', grad_fn=<DivBackward0>)
Memory status after this epoch: 
Memory allocated:  79.984375
Memory cached:  92.0
	 epoch  80 training error:  tensor(0.6176, device='cuda:0', grad_fn=<DivBackward0>)
Memory status after this epoch: 
Memory allocated:  79.984375
Memory cached:  92.0
	 epoch  90 training error:  tensor(0.2328, device='cuda:0', grad_fn=<DivBackward0>)
Memory status after this epoch: 
Memory allocated:  79.984375
Memory cached:  92.0
[I 2023-12-04 00:08:12,861] Trial 18 finished with value: 0.11526785045862198 and parameters: {'W_layers': 5, 'W_layer_units_exponent_0': 5, 'W_layer_units_exponent_1': 8, 'W_layer_units_exponent_2': 4, 'W_layer_units_exponent_3': 7, 'W_layer_units_exponent_4': 7, 'D_layers': 4, 'D_layer_units_exponent_0': 7, 'D_layer_units_exponent_1': 7, 'D_layer_units_exponent_2': 9, 'D_layer_units_exponent_3': 7, 'log_learning_rate': -1.0982448903725506, 'log_learning_rate_D': -2.6867836828403386, 'training_batch_size': 9, 'training_p': 6}. Best is trial 3 with value: 0.09675099700689316.
Time for this trial:  13.383211135864258
Memory status after this trial: 
Memory allocated:  92.47021484375
Memory cached:  96.0
--------------------  Trial  19   --------------------
Start timing: 
Parameters: 
{'W_layers': 5, 'W_layer_units_exponent_0': 7, 'W_layer_units_exponent_1': 5, 'W_layer_units_exponent_2': 6, 'W_layer_units_exponent_3': 9, 'W_layer_units_exponent_4': 6, 'D_layers': 3, 'D_layer_units_exponent_0': 5, 'D_layer_units_exponent_1': 4, 'D_layer_units_exponent_2': 10, 'log_learning_rate': -2.373536538603373, 'log_learning_rate_D': -2.111722268164314, 'training_batch_size': 7, 'training_p': 4}
	 epoch  0 training error:  tensor(1.0114, device='cuda:0', grad_fn=<DivBackward0>)
Memory status after this epoch: 
Memory allocated:  80.1181640625
Memory cached:  92.0
	 epoch  10 training error:  tensor(0.1956, device='cuda:0', grad_fn=<DivBackward0>)
Memory status after this epoch: 
Memory allocated:  80.1181640625
Memory cached:  92.0
	 epoch  20 training error:  tensor(0.1478, device='cuda:0', grad_fn=<DivBackward0>)
Memory status after this epoch: 
Memory allocated:  80.1181640625
Memory cached:  92.0
	 epoch  30 training error:  tensor(0.1298, device='cuda:0', grad_fn=<DivBackward0>)
Memory status after this epoch: 
Memory allocated:  80.1181640625
Memory cached:  92.0
	 epoch  40 training error:  tensor(0.1320, device='cuda:0', grad_fn=<DivBackward0>)
Memory status after this epoch: 
Memory allocated:  80.1181640625
Memory cached:  92.0
	 epoch  50 training error:  tensor(0.1298, device='cuda:0', grad_fn=<DivBackward0>)
Memory status after this epoch: 
Memory allocated:  80.1181640625
Memory cached:  92.0
	 epoch  60 training error:  tensor(0.1293, device='cuda:0', grad_fn=<DivBackward0>)
Memory status after this epoch: 
Memory allocated:  80.1181640625
Memory cached:  92.0
	 epoch  70 training error:  tensor(0.1293, device='cuda:0', grad_fn=<DivBackward0>)
Memory status after this epoch: 
Memory allocated:  80.1181640625
Memory cached:  92.0
	 epoch  80 training error:  tensor(0.1292, device='cuda:0', grad_fn=<DivBackward0>)
Memory status after this epoch: 
Memory allocated:  80.1181640625
Memory cached:  92.0
	 epoch  90 training error:  tensor(0.1292, device='cuda:0', grad_fn=<DivBackward0>)
Memory status after this epoch: 
Memory allocated:  80.1181640625
Memory cached:  92.0
[I 2023-12-04 00:08:26,655] Trial 19 finished with value: 0.10578546673059464 and parameters: {'W_layers': 5, 'W_layer_units_exponent_0': 7, 'W_layer_units_exponent_1': 5, 'W_layer_units_exponent_2': 6, 'W_layer_units_exponent_3': 9, 'W_layer_units_exponent_4': 6, 'D_layers': 3, 'D_layer_units_exponent_0': 5, 'D_layer_units_exponent_1': 4, 'D_layer_units_exponent_2': 10, 'log_learning_rate': -2.373536538603373, 'log_learning_rate_D': -2.111722268164314, 'training_batch_size': 7, 'training_p': 4}. Best is trial 3 with value: 0.09675099700689316.
Time for this trial:  13.607324838638306
Memory status after this trial: 
Memory allocated:  97.81005859375
Memory cached:  116.0
--------------------  Trial  20   --------------------
Start timing: 
Parameters: 
{'W_layers': 6, 'W_layer_units_exponent_0': 9, 'W_layer_units_exponent_1': 7, 'W_layer_units_exponent_2': 9, 'W_layer_units_exponent_3': 5, 'W_layer_units_exponent_4': 8, 'W_layer_units_exponent_5': 6, 'D_layers': 6, 'D_layer_units_exponent_0': 7, 'D_layer_units_exponent_1': 8, 'D_layer_units_exponent_2': 9, 'D_layer_units_exponent_3': 4, 'D_layer_units_exponent_4': 4, 'D_layer_units_exponent_5': 10, 'log_learning_rate': -2.9134536786839504, 'log_learning_rate_D': -1.632309950594732, 'training_batch_size': 11, 'training_p': 2}
	 epoch  0 training error:  tensor(1.0055, device='cuda:0', grad_fn=<DivBackward0>)
Memory status after this epoch: 
Memory allocated:  82.330078125
Memory cached:  94.0
	 epoch  10 training error:  tensor(0.1105, device='cuda:0', grad_fn=<DivBackward0>)
Memory status after this epoch: 
Memory allocated:  82.330078125
Memory cached:  94.0
	 epoch  20 training error:  tensor(0.1064, device='cuda:0', grad_fn=<DivBackward0>)
Memory status after this epoch: 
Memory allocated:  82.330078125
Memory cached:  94.0
	 epoch  30 training error:  tensor(0.1014, device='cuda:0', grad_fn=<DivBackward0>)
Memory status after this epoch: 
Memory allocated:  82.330078125
Memory cached:  94.0
	 epoch  40 training error:  tensor(0.0946, device='cuda:0', grad_fn=<DivBackward0>)
Memory status after this epoch: 
Memory allocated:  82.330078125
Memory cached:  94.0
	 epoch  50 training error:  tensor(0.0940, device='cuda:0', grad_fn=<DivBackward0>)
Memory status after this epoch: 
Memory allocated:  82.330078125
Memory cached:  94.0
	 epoch  60 training error:  tensor(0.0942, device='cuda:0', grad_fn=<DivBackward0>)
Memory status after this epoch: 
Memory allocated:  82.330078125
Memory cached:  94.0
	 epoch  70 training error:  tensor(0.0941, device='cuda:0', grad_fn=<DivBackward0>)
Memory status after this epoch: 
Memory allocated:  82.330078125
Memory cached:  94.0
	 epoch  80 training error:  tensor(0.0940, device='cuda:0', grad_fn=<DivBackward0>)
Memory status after this epoch: 
Memory allocated:  82.330078125
Memory cached:  94.0
	 epoch  90 training error:  tensor(0.0940, device='cuda:0', grad_fn=<DivBackward0>)
Memory status after this epoch: 
Memory allocated:  82.330078125
Memory cached:  94.0
