[I 2024-02-18 09:58:45,165] Trial 42 finished with value: 0.08407855778932571 and parameters: {'W_layers': 5, 'W_layer_units_exponent_0': 5, 'W_layer_units_exponent_1': 10, 'W_layer_units_exponent_2': 7, 'W_layer_units_exponent_3': 8, 'W_layer_units_exponent_4': 5, 'D_layers': 2, 'D_layer_units_exponent_0': 8, 'D_layer_units_exponent_1': 10, 'D_dagger_layers': 2, 'D_dagger_layer_units_exponent_0': 4, 'D_dagger_layer_units_exponent_1': 4, 'log_learning_rate': -2.164309655525928, 'log_learning_rate_D': -1.9515585085991973, 'log_learning_rate_D_dagger': -2.7218448443073076, 'training_batch_size': 6, 'training_p': 2}. Best is trial 26 with value: 0.0832114964723587.
Time for this trial:  24.5466468334198
Memory status after this trial: 
Memory allocated:  804.85205078125
Memory cached:  824.0
--------------------  Trial  43   --------------------
Start timing: 
Parameters: 
{'W_layers': 6, 'W_layer_units_exponent_0': 6, 'W_layer_units_exponent_1': 9, 'W_layer_units_exponent_2': 8, 'W_layer_units_exponent_3': 7, 'W_layer_units_exponent_4': 5, 'W_layer_units_exponent_5': 9, 'D_layers': 3, 'D_layer_units_exponent_0': 9, 'D_layer_units_exponent_1': 10, 'D_layer_units_exponent_2': 10, 'D_dagger_layers': 5, 'D_dagger_layer_units_exponent_0': 6, 'D_dagger_layer_units_exponent_1': 5, 'D_dagger_layer_units_exponent_2': 8, 'D_dagger_layer_units_exponent_3': 8, 'D_dagger_layer_units_exponent_4': 8, 'log_learning_rate': -1.9635291254327003, 'log_learning_rate_D': -1.3821400065337976, 'log_learning_rate_D_dagger': -3.270169398564022, 'training_batch_size': 7, 'training_p': 2}
	 epoch  0 training error:  tensor(2.4709, device='cuda:0', grad_fn=<DivBackward0>)
Memory status after this epoch: 
Memory allocated:  488.80712890625
Memory cached:  588.0
	 epoch  10 training error:  tensor(0.1549, device='cuda:0', grad_fn=<DivBackward0>)
Memory status after this epoch: 
Memory allocated:  488.80712890625
Memory cached:  588.0
	 epoch  20 training error:  tensor(0.1185, device='cuda:0', grad_fn=<DivBackward0>)
Memory status after this epoch: 
Memory allocated:  488.80712890625
Memory cached:  588.0
	 epoch  30 training error:  tensor(0.0899, device='cuda:0', grad_fn=<DivBackward0>)
Memory status after this epoch: 
Memory allocated:  488.80712890625
Memory cached:  588.0
	 epoch  40 training error:  tensor(0.0851, device='cuda:0', grad_fn=<DivBackward0>)
Memory status after this epoch: 
Memory allocated:  488.80712890625
Memory cached:  588.0
	 epoch  50 training error:  tensor(0.0832, device='cuda:0', grad_fn=<DivBackward0>)
Memory status after this epoch: 
Memory allocated:  488.80712890625
Memory cached:  588.0
	 epoch  60 training error:  tensor(0.0833, device='cuda:0', grad_fn=<DivBackward0>)
Memory status after this epoch: 
Memory allocated:  488.80712890625
Memory cached:  588.0
	 epoch  70 training error:  tensor(0.0834, device='cuda:0', grad_fn=<DivBackward0>)
Memory status after this epoch: 
Memory allocated:  488.80712890625
Memory cached:  588.0
	 epoch  80 training error:  tensor(0.0826, device='cuda:0', grad_fn=<DivBackward0>)
Memory status after this epoch: 
Memory allocated:  488.80712890625
Memory cached:  588.0
	 epoch  90 training error:  tensor(0.0823, device='cuda:0', grad_fn=<DivBackward0>)
Memory status after this epoch: 
Memory allocated:  488.80712890625
Memory cached:  588.0
[I 2024-02-18 09:59:12,200] Trial 43 finished with value: 0.08542586863040924 and parameters: {'W_layers': 6, 'W_layer_units_exponent_0': 6, 'W_layer_units_exponent_1': 9, 'W_layer_units_exponent_2': 8, 'W_layer_units_exponent_3': 7, 'W_layer_units_exponent_4': 5, 'W_layer_units_exponent_5': 9, 'D_layers': 3, 'D_layer_units_exponent_0': 9, 'D_layer_units_exponent_1': 10, 'D_layer_units_exponent_2': 10, 'D_dagger_layers': 5, 'D_dagger_layer_units_exponent_0': 6, 'D_dagger_layer_units_exponent_1': 5, 'D_dagger_layer_units_exponent_2': 8, 'D_dagger_layer_units_exponent_3': 8, 'D_dagger_layer_units_exponent_4': 8, 'log_learning_rate': -1.9635291254327003, 'log_learning_rate_D': -1.3821400065337976, 'log_learning_rate_D_dagger': -3.270169398564022, 'training_batch_size': 7, 'training_p': 2}. Best is trial 26 with value: 0.0832114964723587.
Time for this trial:  26.664611101150513
Memory status after this trial: 
Memory allocated:  971.91064453125
Memory cached:  1002.0
--------------------  Trial  44   --------------------
Start timing: 
Parameters: 
{'W_layers': 4, 'W_layer_units_exponent_0': 5, 'W_layer_units_exponent_1': 10, 'W_layer_units_exponent_2': 7, 'W_layer_units_exponent_3': 7, 'D_layers': 4, 'D_layer_units_exponent_0': 10, 'D_layer_units_exponent_1': 10, 'D_layer_units_exponent_2': 9, 'D_layer_units_exponent_3': 5, 'D_dagger_layers': 4, 'D_dagger_layer_units_exponent_0': 7, 'D_dagger_layer_units_exponent_1': 4, 'D_dagger_layer_units_exponent_2': 9, 'D_dagger_layer_units_exponent_3': 7, 'log_learning_rate': -1.7654503474577308, 'log_learning_rate_D': -1.227932428672768, 'log_learning_rate_D_dagger': -3.026478040360628, 'training_batch_size': 9, 'training_p': 2}
	 epoch  0 training error:  tensor(1.0050, device='cuda:0', grad_fn=<DivBackward0>)
Memory status after this epoch: 
Memory allocated:  487.38818359375
Memory cached:  588.0
	 epoch  10 training error:  tensor(0.6014, device='cuda:0', grad_fn=<DivBackward0>)
Memory status after this epoch: 
Memory allocated:  487.38818359375
Memory cached:  588.0
	 epoch  20 training error:  tensor(0.2981, device='cuda:0', grad_fn=<DivBackward0>)
Memory status after this epoch: 
Memory allocated:  487.38818359375
Memory cached:  588.0
	 epoch  30 training error:  tensor(1.5955, device='cuda:0', grad_fn=<DivBackward0>)
Memory status after this epoch: 
Memory allocated:  487.38818359375
Memory cached:  588.0
	 epoch  40 training error:  tensor(0.9974, device='cuda:0', grad_fn=<DivBackward0>)
Memory status after this epoch: 
Memory allocated:  487.38818359375
Memory cached:  588.0
	 epoch  50 training error:  tensor(0.2974, device='cuda:0', grad_fn=<DivBackward0>)
Memory status after this epoch: 
Memory allocated:  487.38818359375
Memory cached:  588.0
	 epoch  60 training error:  tensor(0.1888, device='cuda:0', grad_fn=<DivBackward0>)
Memory status after this epoch: 
Memory allocated:  487.38818359375
Memory cached:  588.0
	 epoch  70 training error:  tensor(0.1427, device='cuda:0', grad_fn=<DivBackward0>)
Memory status after this epoch: 
Memory allocated:  487.38818359375
Memory cached:  588.0
	 epoch  80 training error:  tensor(0.1119, device='cuda:0', grad_fn=<DivBackward0>)
Memory status after this epoch: 
Memory allocated:  487.38818359375
Memory cached:  588.0
	 epoch  90 training error:  tensor(0.0977, device='cuda:0', grad_fn=<DivBackward0>)
Memory status after this epoch: 
Memory allocated:  487.38818359375
Memory cached:  588.0
[I 2024-02-18 09:59:34,793] Trial 44 finished with value: 0.0893796905875206 and parameters: {'W_layers': 4, 'W_layer_units_exponent_0': 5, 'W_layer_units_exponent_1': 10, 'W_layer_units_exponent_2': 7, 'W_layer_units_exponent_3': 7, 'D_layers': 4, 'D_layer_units_exponent_0': 10, 'D_layer_units_exponent_1': 10, 'D_layer_units_exponent_2': 9, 'D_layer_units_exponent_3': 5, 'D_dagger_layers': 4, 'D_dagger_layer_units_exponent_0': 7, 'D_dagger_layer_units_exponent_1': 4, 'D_dagger_layer_units_exponent_2': 9, 'D_dagger_layer_units_exponent_3': 7, 'log_learning_rate': -1.7654503474577308, 'log_learning_rate_D': -1.227932428672768, 'log_learning_rate_D_dagger': -3.026478040360628, 'training_batch_size': 9, 'training_p': 2}. Best is trial 26 with value: 0.0832114964723587.
Time for this trial:  22.21664786338806
Memory status after this trial: 
Memory allocated:  928.17333984375
Memory cached:  952.0
--------------------  Trial  45   --------------------
Start timing: 
Parameters: 
{'W_layers': 6, 'W_layer_units_exponent_0': 7, 'W_layer_units_exponent_1': 10, 'W_layer_units_exponent_2': 8, 'W_layer_units_exponent_3': 8, 'W_layer_units_exponent_4': 6, 'W_layer_units_exponent_5': 9, 'D_layers': 3, 'D_layer_units_exponent_0': 9, 'D_layer_units_exponent_1': 10, 'D_layer_units_exponent_2': 10, 'D_dagger_layers': 3, 'D_dagger_layer_units_exponent_0': 5, 'D_dagger_layer_units_exponent_1': 4, 'D_dagger_layer_units_exponent_2': 6, 'log_learning_rate': -1.0522973184537818, 'log_learning_rate_D': -1.6085031529589155, 'log_learning_rate_D_dagger': -2.3476572219032827, 'training_batch_size': 7, 'training_p': 3}
	 epoch  0 training error:  tensor(221225.5469, device='cuda:0', grad_fn=<DivBackward0>)
Memory status after this epoch: 
Memory allocated:  491.10986328125
Memory cached:  588.0
	 epoch  10 training error:  tensor(32527.3750, device='cuda:0', grad_fn=<DivBackward0>)
Memory status after this epoch: 
Memory allocated:  491.10986328125
Memory cached:  590.0
	 epoch  20 training error:  tensor(27.9791, device='cuda:0', grad_fn=<DivBackward0>)
Memory status after this epoch: 
Memory allocated:  491.10986328125
Memory cached:  588.0
	 epoch  30 training error:  tensor(181.1451, device='cuda:0', grad_fn=<DivBackward0>)
Memory status after this epoch: 
Memory allocated:  491.10986328125
Memory cached:  588.0
	 epoch  40 training error:  tensor(28.9091, device='cuda:0', grad_fn=<DivBackward0>)
Memory status after this epoch: 
Memory allocated:  491.10986328125
Memory cached:  588.0
	 epoch  50 training error:  tensor(4.4358, device='cuda:0', grad_fn=<DivBackward0>)
Memory status after this epoch: 
Memory allocated:  491.10986328125
Memory cached:  588.0
	 epoch  60 training error:  tensor(1.0254, device='cuda:0', grad_fn=<DivBackward0>)
Memory status after this epoch: 
Memory allocated:  491.10986328125
Memory cached:  588.0
	 epoch  70 training error:  tensor(0.5021, device='cuda:0', grad_fn=<DivBackward0>)
Memory status after this epoch: 
Memory allocated:  491.10986328125
Memory cached:  588.0
	 epoch  80 training error:  tensor(0.1332, device='cuda:0', grad_fn=<DivBackward0>)
Memory status after this epoch: 
Memory allocated:  491.10986328125
Memory cached:  588.0
	 epoch  90 training error:  tensor(0.1477, device='cuda:0', grad_fn=<DivBackward0>)
Memory status after this epoch: 
Memory allocated:  491.10986328125
Memory cached:  588.0
[I 2024-02-18 10:00:01,048] Trial 45 finished with value: 0.15596267580986023 and parameters: {'W_layers': 6, 'W_layer_units_exponent_0': 7, 'W_layer_units_exponent_1': 10, 'W_layer_units_exponent_2': 8, 'W_layer_units_exponent_3': 8, 'W_layer_units_exponent_4': 6, 'W_layer_units_exponent_5': 9, 'D_layers': 3, 'D_layer_units_exponent_0': 9, 'D_layer_units_exponent_1': 10, 'D_layer_units_exponent_2': 10, 'D_dagger_layers': 3, 'D_dagger_layer_units_exponent_0': 5, 'D_dagger_layer_units_exponent_1': 4, 'D_dagger_layer_units_exponent_2': 6, 'log_learning_rate': -1.0522973184537818, 'log_learning_rate_D': -1.6085031529589155, 'log_learning_rate_D_dagger': -2.3476572219032827, 'training_batch_size': 7, 'training_p': 3}. Best is trial 26 with value: 0.0832114964723587.
Time for this trial:  25.90900683403015
Memory status after this trial: 
Memory allocated:  976.25341796875
Memory cached:  1012.0
--------------------  Trial  46   --------------------
Start timing: 
Parameters: 
{'W_layers': 5, 'W_layer_units_exponent_0': 6, 'W_layer_units_exponent_1': 10, 'W_layer_units_exponent_2': 6, 'W_layer_units_exponent_3': 7, 'W_layer_units_exponent_4': 10, 'D_layers': 4, 'D_layer_units_exponent_0': 8, 'D_layer_units_exponent_1': 9, 'D_layer_units_exponent_2': 6, 'D_layer_units_exponent_3': 6, 'D_dagger_layers': 4, 'D_dagger_layer_units_exponent_0': 4, 'D_dagger_layer_units_exponent_1': 5, 'D_dagger_layer_units_exponent_2': 5, 'D_dagger_layer_units_exponent_3': 9, 'log_learning_rate': -1.4745613399291504, 'log_learning_rate_D': -1.871745204680237, 'log_learning_rate_D_dagger': -2.6837697425815463, 'training_batch_size': 8, 'training_p': 2}
	 epoch  0 training error:  tensor(4.4726, device='cuda:0', grad_fn=<DivBackward0>)
Memory status after this epoch: 
Memory allocated:  481.5927734375
Memory cached:  590.0
	 epoch  10 training error:  tensor(81.6525, device='cuda:0', grad_fn=<DivBackward0>)
Memory status after this epoch: 
Memory allocated:  481.5927734375
Memory cached:  590.0
	 epoch  20 training error:  tensor(66.3056, device='cuda:0', grad_fn=<DivBackward0>)
Memory status after this epoch: 
Memory allocated:  481.5927734375
Memory cached:  590.0
	 epoch  30 training error:  tensor(3.7252, device='cuda:0', grad_fn=<DivBackward0>)
Memory status after this epoch: 
Memory allocated:  481.5927734375
Memory cached:  590.0
	 epoch  40 training error:  tensor(0.8686, device='cuda:0', grad_fn=<DivBackward0>)
Memory status after this epoch: 
Memory allocated:  481.5927734375
Memory cached:  590.0
	 epoch  50 training error:  tensor(0.1998, device='cuda:0', grad_fn=<DivBackward0>)
Memory status after this epoch: 
Memory allocated:  481.5927734375
Memory cached:  590.0
	 epoch  60 training error:  tensor(0.1337, device='cuda:0', grad_fn=<DivBackward0>)
Memory status after this epoch: 
Memory allocated:  481.5927734375
Memory cached:  590.0
	 epoch  70 training error:  tensor(0.1025, device='cuda:0', grad_fn=<DivBackward0>)
Memory status after this epoch: 
Memory allocated:  481.5927734375
Memory cached:  590.0
	 epoch  80 training error:  tensor(0.0929, device='cuda:0', grad_fn=<DivBackward0>)
Memory status after this epoch: 
Memory allocated:  481.5927734375
Memory cached:  590.0
	 epoch  90 training error:  tensor(0.0955, device='cuda:0', grad_fn=<DivBackward0>)
Memory status after this epoch: 
Memory allocated:  481.5927734375
Memory cached:  590.0
[I 2024-02-18 10:00:28,180] Trial 46 finished with value: 0.08867152780294418 and parameters: {'W_layers': 5, 'W_layer_units_exponent_0': 6, 'W_layer_units_exponent_1': 10, 'W_layer_units_exponent_2': 6, 'W_layer_units_exponent_3': 7, 'W_layer_units_exponent_4': 10, 'D_layers': 4, 'D_layer_units_exponent_0': 8, 'D_layer_units_exponent_1': 9, 'D_layer_units_exponent_2': 6, 'D_layer_units_exponent_3': 6, 'D_dagger_layers': 4, 'D_dagger_layer_units_exponent_0': 4, 'D_dagger_layer_units_exponent_1': 5, 'D_dagger_layer_units_exponent_2': 5, 'D_dagger_layer_units_exponent_3': 9, 'log_learning_rate': -1.4745613399291504, 'log_learning_rate_D': -1.871745204680237, 'log_learning_rate_D_dagger': -2.6837697425815463, 'training_batch_size': 8, 'training_p': 2}. Best is trial 26 with value: 0.0832114964723587.
Time for this trial:  26.795319080352783
Memory status after this trial: 
Memory allocated:  1063.64794921875
Memory cached:  1116.0
--------------------  Trial  47   --------------------
Start timing: 
Parameters: 
{'W_layers': 6, 'W_layer_units_exponent_0': 7, 'W_layer_units_exponent_1': 9, 'W_layer_units_exponent_2': 9, 'W_layer_units_exponent_3': 9, 'W_layer_units_exponent_4': 5, 'W_layer_units_exponent_5': 5, 'D_layers': 2, 'D_layer_units_exponent_0': 7, 'D_layer_units_exponent_1': 10, 'D_dagger_layers': 2, 'D_dagger_layer_units_exponent_0': 6, 'D_dagger_layer_units_exponent_1': 10, 'log_learning_rate': -1.7940097949140295, 'log_learning_rate_D': -2.277156872615799, 'log_learning_rate_D_dagger': -3.421436237542598, 'training_batch_size': 6, 'training_p': 3}
	 epoch  0 training error:  tensor(12.3351, device='cuda:0', grad_fn=<DivBackward0>)
Memory status after this epoch: 
Memory allocated:  487.3134765625
Memory cached:  588.0
	 epoch  10 training error:  tensor(0.1746, device='cuda:0', grad_fn=<DivBackward0>)
Memory status after this epoch: 
Memory allocated:  487.3134765625
Memory cached:  588.0
	 epoch  20 training error:  tensor(0.1044, device='cuda:0', grad_fn=<DivBackward0>)
Memory status after this epoch: 
Memory allocated:  487.3134765625
Memory cached:  588.0
	 epoch  30 training error:  tensor(0.1012, device='cuda:0', grad_fn=<DivBackward0>)
Memory status after this epoch: 
Memory allocated:  487.3134765625
Memory cached:  588.0
	 epoch  40 training error:  tensor(0.1000, device='cuda:0', grad_fn=<DivBackward0>)
Memory status after this epoch: 
Memory allocated:  487.3134765625
Memory cached:  588.0
	 epoch  50 training error:  tensor(0.0994, device='cuda:0', grad_fn=<DivBackward0>)
Memory status after this epoch: 
Memory allocated:  487.3134765625
Memory cached:  588.0
	 epoch  60 training error:  tensor(0.0949, device='cuda:0', grad_fn=<DivBackward0>)
Memory status after this epoch: 
Memory allocated:  487.3134765625
Memory cached:  588.0
	 epoch  70 training error:  tensor(0.1048, device='cuda:0', grad_fn=<DivBackward0>)
Memory status after this epoch: 
Memory allocated:  487.3134765625
Memory cached:  588.0
	 epoch  80 training error:  tensor(0.1012, device='cuda:0', grad_fn=<DivBackward0>)
Memory status after this epoch: 
Memory allocated:  487.3134765625
Memory cached:  588.0
	 epoch  90 training error:  tensor(0.0943, device='cuda:0', grad_fn=<DivBackward0>)
Memory status after this epoch: 
Memory allocated:  487.3134765625
Memory cached:  588.0
[I 2024-02-18 10:00:55,714] Trial 47 finished with value: 0.08538868278265 and parameters: {'W_layers': 6, 'W_layer_units_exponent_0': 7, 'W_layer_units_exponent_1': 9, 'W_layer_units_exponent_2': 9, 'W_layer_units_exponent_3': 9, 'W_layer_units_exponent_4': 5, 'W_layer_units_exponent_5': 5, 'D_layers': 2, 'D_layer_units_exponent_0': 7, 'D_layer_units_exponent_1': 10, 'D_dagger_layers': 2, 'D_dagger_layer_units_exponent_0': 6, 'D_dagger_layer_units_exponent_1': 10, 'log_learning_rate': -1.7940097949140295, 'log_learning_rate_D': -2.277156872615799, 'log_learning_rate_D_dagger': -3.421436237542598, 'training_batch_size': 6, 'training_p': 3}. Best is trial 26 with value: 0.0832114964723587.
Time for this trial:  27.22699522972107
Memory status after this trial: 
Memory allocated:  1064.13525390625
Memory cached:  1146.0
--------------------  Trial  48   --------------------
Start timing: 
Parameters: 
{'W_layers': 4, 'W_layer_units_exponent_0': 4, 'W_layer_units_exponent_1': 10, 'W_layer_units_exponent_2': 7, 'W_layer_units_exponent_3': 8, 'D_layers': 3, 'D_layer_units_exponent_0': 10, 'D_layer_units_exponent_1': 5, 'D_layer_units_exponent_2': 9, 'D_dagger_layers': 5, 'D_dagger_layer_units_exponent_0': 8, 'D_dagger_layer_units_exponent_1': 4, 'D_dagger_layer_units_exponent_2': 6, 'D_dagger_layer_units_exponent_3': 10, 'D_dagger_layer_units_exponent_4': 4, 'log_learning_rate': -1.239211877439604, 'log_learning_rate_D': -1.186611363403677, 'log_learning_rate_D_dagger': -3.222858750041698, 'training_batch_size': 7, 'training_p': 2}
	 epoch  0 training error:  tensor(71.6590, device='cuda:0', grad_fn=<DivBackward0>)
Memory status after this epoch: 
Memory allocated:  480.8056640625
Memory cached:  590.0
	 epoch  10 training error:  tensor(8.9547, device='cuda:0', grad_fn=<DivBackward0>)
Memory status after this epoch: 
Memory allocated:  480.8056640625
Memory cached:  590.0
	 epoch  20 training error:  tensor(1.7395, device='cuda:0', grad_fn=<DivBackward0>)
Memory status after this epoch: 
Memory allocated:  480.8056640625
Memory cached:  590.0
	 epoch  30 training error:  tensor(2.3496, device='cuda:0', grad_fn=<DivBackward0>)
Memory status after this epoch: 
Memory allocated:  480.8056640625
Memory cached:  590.0
	 epoch  40 training error:  tensor(0.4159, device='cuda:0', grad_fn=<DivBackward0>)
Memory status after this epoch: 
Memory allocated:  480.8056640625
Memory cached:  590.0
	 epoch  50 training error:  tensor(0.1283, device='cuda:0', grad_fn=<DivBackward0>)
Memory status after this epoch: 
Memory allocated:  480.8056640625
Memory cached:  590.0
	 epoch  60 training error:  tensor(0.1271, device='cuda:0', grad_fn=<DivBackward0>)
Memory status after this epoch: 
Memory allocated:  480.8056640625
Memory cached:  590.0
	 epoch  70 training error:  tensor(0.0887, device='cuda:0', grad_fn=<DivBackward0>)
Memory status after this epoch: 
Memory allocated:  480.8056640625
Memory cached:  590.0
	 epoch  80 training error:  tensor(0.0857, device='cuda:0', grad_fn=<DivBackward0>)
Memory status after this epoch: 
Memory allocated:  480.8056640625
Memory cached:  590.0
	 epoch  90 training error:  tensor(0.0851, device='cuda:0', grad_fn=<DivBackward0>)
Memory status after this epoch: 
Memory allocated:  480.8056640625
Memory cached:  590.0
