[I 2023-12-03 07:49:11,993] Trial 12 finished with value: 0.04295838996767998 and parameters: {'W_layers': 7, 'W_layer_units_exponent_0': 7, 'W_layer_units_exponent_1': 8, 'W_layer_units_exponent_2': 6, 'W_layer_units_exponent_3': 6, 'W_layer_units_exponent_4': 5, 'W_layer_units_exponent_5': 9, 'W_layer_units_exponent_6': 6, 'D_layers': 5, 'D_layer_units_exponent_0': 8, 'D_layer_units_exponent_1': 7, 'D_layer_units_exponent_2': 4, 'D_layer_units_exponent_3': 10, 'D_layer_units_exponent_4': 4, 'D_dagger_layers': 3, 'D_dagger_layer_units_exponent_0': 6, 'D_dagger_layer_units_exponent_1': 5, 'D_dagger_layer_units_exponent_2': 6, 'log_learning_rate': -2.9363825583574523, 'log_learning_rate_D': -3.6980656023879894, 'log_learning_rate_D_dagger': -2.879965757109099, 'training_batch_size': 8, 'training_p': 7}. Best is trial 12 with value: 0.04295838996767998.
res:  tensor(0.0430, device='cuda:0', grad_fn=<DivBackward0>)
self.bestValue:  tensor(0.0453, device='cuda:0', grad_fn=<DivBackward0>)
Save this model!
Time for this trial:  188.96006608009338
Memory status after this trial: 
Memory allocated:  145.61328125
Memory cached:  340.0
--------------------  Trial  13   --------------------
Start timing: 
Parameters: 
{'W_layers': 6, 'W_layer_units_exponent_0': 7, 'W_layer_units_exponent_1': 9, 'W_layer_units_exponent_2': 6, 'W_layer_units_exponent_3': 5, 'W_layer_units_exponent_4': 6, 'W_layer_units_exponent_5': 9, 'D_layers': 6, 'D_layer_units_exponent_0': 9, 'D_layer_units_exponent_1': 7, 'D_layer_units_exponent_2': 4, 'D_layer_units_exponent_3': 10, 'D_layer_units_exponent_4': 4, 'D_layer_units_exponent_5': 4, 'D_dagger_layers': 3, 'D_dagger_layer_units_exponent_0': 4, 'D_dagger_layer_units_exponent_1': 6, 'D_dagger_layer_units_exponent_2': 6, 'log_learning_rate': -3.456651984471575, 'log_learning_rate_D': -3.4939358189208356, 'log_learning_rate_D_dagger': -3.4000154662703945, 'training_batch_size': 7, 'training_p': 7}
	 epoch  0 training error:  tensor(1.1725, device='cuda:0', grad_fn=<DivBackward0>)
Memory status after this epoch: 
Memory allocated:  149.4619140625
Memory cached:  304.0
	 epoch  10 training error:  tensor(0.1650, device='cuda:0', grad_fn=<DivBackward0>)
Memory status after this epoch: 
Memory allocated:  149.4619140625
Memory cached:  356.0
	 epoch  20 training error:  tensor(0.1419, device='cuda:0', grad_fn=<DivBackward0>)
Memory status after this epoch: 
Memory allocated:  149.4619140625
Memory cached:  358.0
	 epoch  30 training error:  tensor(0.0916, device='cuda:0', grad_fn=<DivBackward0>)
Memory status after this epoch: 
Memory allocated:  149.4619140625
Memory cached:  346.0
	 epoch  40 training error:  tensor(0.0729, device='cuda:0', grad_fn=<DivBackward0>)
Memory status after this epoch: 
Memory allocated:  149.4619140625
Memory cached:  366.0
	 epoch  50 training error:  tensor(0.0689, device='cuda:0', grad_fn=<DivBackward0>)
Memory status after this epoch: 
Memory allocated:  149.4619140625
Memory cached:  364.0
	 epoch  60 training error:  tensor(0.0669, device='cuda:0', grad_fn=<DivBackward0>)
Memory status after this epoch: 
Memory allocated:  149.4619140625
Memory cached:  354.0
	 epoch  70 training error:  tensor(0.0644, device='cuda:0', grad_fn=<DivBackward0>)
Memory status after this epoch: 
Memory allocated:  149.4619140625
Memory cached:  360.0
	 epoch  80 training error:  tensor(0.0621, device='cuda:0', grad_fn=<DivBackward0>)
Memory status after this epoch: 
Memory allocated:  149.4619140625
Memory cached:  360.0
	 epoch  90 training error:  tensor(0.0595, device='cuda:0', grad_fn=<DivBackward0>)
Memory status after this epoch: 
Memory allocated:  149.4619140625
Memory cached:  356.0
[I 2023-12-03 07:52:24,550] Trial 13 finished with value: 0.051828522235155106 and parameters: {'W_layers': 6, 'W_layer_units_exponent_0': 7, 'W_layer_units_exponent_1': 9, 'W_layer_units_exponent_2': 6, 'W_layer_units_exponent_3': 5, 'W_layer_units_exponent_4': 6, 'W_layer_units_exponent_5': 9, 'D_layers': 6, 'D_layer_units_exponent_0': 9, 'D_layer_units_exponent_1': 7, 'D_layer_units_exponent_2': 4, 'D_layer_units_exponent_3': 10, 'D_layer_units_exponent_4': 4, 'D_layer_units_exponent_5': 4, 'D_dagger_layers': 3, 'D_dagger_layer_units_exponent_0': 4, 'D_dagger_layer_units_exponent_1': 6, 'D_dagger_layer_units_exponent_2': 6, 'log_learning_rate': -3.456651984471575, 'log_learning_rate_D': -3.4939358189208356, 'log_learning_rate_D_dagger': -3.4000154662703945, 'training_batch_size': 7, 'training_p': 7}. Best is trial 12 with value: 0.04295838996767998.
Time for this trial:  192.33778500556946
Memory status after this trial: 
Memory allocated:  312.35791015625
Memory cached:  324.0
--------------------  Trial  14   --------------------
Start timing: 
Parameters: 
{'W_layers': 6, 'W_layer_units_exponent_0': 10, 'W_layer_units_exponent_1': 8, 'W_layer_units_exponent_2': 6, 'W_layer_units_exponent_3': 6, 'W_layer_units_exponent_4': 8, 'W_layer_units_exponent_5': 7, 'D_layers': 2, 'D_layer_units_exponent_0': 9, 'D_layer_units_exponent_1': 8, 'D_dagger_layers': 3, 'D_dagger_layer_units_exponent_0': 6, 'D_dagger_layer_units_exponent_1': 5, 'D_dagger_layer_units_exponent_2': 6, 'log_learning_rate': -2.4241591902509363, 'log_learning_rate_D': -2.8652522246152206, 'log_learning_rate_D_dagger': -2.804859512135973, 'training_batch_size': 8, 'training_p': 4}
	 epoch  0 training error:  tensor(0.9375, device='cuda:0', grad_fn=<DivBackward0>)
Memory status after this epoch: 
Memory allocated:  152.9130859375
Memory cached:  300.0
	 epoch  10 training error:  tensor(0.5424, device='cuda:0', grad_fn=<DivBackward0>)
Memory status after this epoch: 
Memory allocated:  152.9130859375
Memory cached:  338.0
	 epoch  20 training error:  tensor(0.1802, device='cuda:0', grad_fn=<DivBackward0>)
Memory status after this epoch: 
Memory allocated:  152.9130859375
Memory cached:  316.0
	 epoch  30 training error:  tensor(0.0831, device='cuda:0', grad_fn=<DivBackward0>)
Memory status after this epoch: 
Memory allocated:  152.9130859375
Memory cached:  328.0
	 epoch  40 training error:  tensor(0.0615, device='cuda:0', grad_fn=<DivBackward0>)
Memory status after this epoch: 
Memory allocated:  152.9130859375
Memory cached:  328.0
	 epoch  50 training error:  tensor(0.0568, device='cuda:0', grad_fn=<DivBackward0>)
Memory status after this epoch: 
Memory allocated:  152.9130859375
Memory cached:  318.0
	 epoch  60 training error:  tensor(0.0535, device='cuda:0', grad_fn=<DivBackward0>)
Memory status after this epoch: 
Memory allocated:  152.9130859375
Memory cached:  326.0
	 epoch  70 training error:  tensor(0.0492, device='cuda:0', grad_fn=<DivBackward0>)
Memory status after this epoch: 
Memory allocated:  152.9130859375
Memory cached:  338.0
	 epoch  80 training error:  tensor(0.0471, device='cuda:0', grad_fn=<DivBackward0>)
Memory status after this epoch: 
Memory allocated:  152.9130859375
Memory cached:  322.0
	 epoch  90 training error:  tensor(0.0470, device='cuda:0', grad_fn=<DivBackward0>)
Memory status after this epoch: 
Memory allocated:  152.9130859375
Memory cached:  326.0
[I 2023-12-03 07:55:07,195] Trial 14 finished with value: 0.05046650394797325 and parameters: {'W_layers': 6, 'W_layer_units_exponent_0': 10, 'W_layer_units_exponent_1': 8, 'W_layer_units_exponent_2': 6, 'W_layer_units_exponent_3': 6, 'W_layer_units_exponent_4': 8, 'W_layer_units_exponent_5': 7, 'D_layers': 2, 'D_layer_units_exponent_0': 9, 'D_layer_units_exponent_1': 8, 'D_dagger_layers': 3, 'D_dagger_layer_units_exponent_0': 6, 'D_dagger_layer_units_exponent_1': 5, 'D_dagger_layer_units_exponent_2': 6, 'log_learning_rate': -2.4241591902509363, 'log_learning_rate_D': -2.8652522246152206, 'log_learning_rate_D_dagger': -2.804859512135973, 'training_batch_size': 8, 'training_p': 4}. Best is trial 12 with value: 0.04295838996767998.
Time for this trial:  162.39528274536133
Memory status after this trial: 
Memory allocated:  291.12451171875
Memory cached:  320.0
--------------------  Trial  15   --------------------
Start timing: 
Parameters: 
{'W_layers': 7, 'W_layer_units_exponent_0': 6, 'W_layer_units_exponent_1': 6, 'W_layer_units_exponent_2': 4, 'W_layer_units_exponent_3': 5, 'W_layer_units_exponent_4': 6, 'W_layer_units_exponent_5': 9, 'W_layer_units_exponent_6': 6, 'D_layers': 5, 'D_layer_units_exponent_0': 7, 'D_layer_units_exponent_1': 8, 'D_layer_units_exponent_2': 6, 'D_layer_units_exponent_3': 6, 'D_layer_units_exponent_4': 6, 'D_dagger_layers': 5, 'D_dagger_layer_units_exponent_0': 8, 'D_dagger_layer_units_exponent_1': 5, 'D_dagger_layer_units_exponent_2': 6, 'D_dagger_layer_units_exponent_3': 10, 'D_dagger_layer_units_exponent_4': 10, 'log_learning_rate': -1.737863409044758, 'log_learning_rate_D': -3.7042478151390483, 'log_learning_rate_D_dagger': -3.7757536826373377, 'training_batch_size': 12, 'training_p': 3}
	 epoch  0 training error:  tensor(1.0528, device='cuda:0', grad_fn=<DivBackward0>)
Memory status after this epoch: 
Memory allocated:  164.9365234375
Memory cached:  322.0
	 epoch  10 training error:  tensor(0.5659, device='cuda:0', grad_fn=<DivBackward0>)
Memory status after this epoch: 
Memory allocated:  164.9365234375
Memory cached:  352.0
	 epoch  20 training error:  tensor(0.2625, device='cuda:0', grad_fn=<DivBackward0>)
Memory status after this epoch: 
Memory allocated:  164.9365234375
Memory cached:  340.0
	 epoch  30 training error:  tensor(0.1187, device='cuda:0', grad_fn=<DivBackward0>)
Memory status after this epoch: 
Memory allocated:  164.9365234375
Memory cached:  336.0
	 epoch  40 training error:  tensor(0.0907, device='cuda:0', grad_fn=<DivBackward0>)
Memory status after this epoch: 
Memory allocated:  164.9365234375
Memory cached:  348.0
	 epoch  50 training error:  tensor(0.0841, device='cuda:0', grad_fn=<DivBackward0>)
Memory status after this epoch: 
Memory allocated:  164.9365234375
Memory cached:  348.0
	 epoch  60 training error:  tensor(0.0647, device='cuda:0', grad_fn=<DivBackward0>)
Memory status after this epoch: 
Memory allocated:  164.9365234375
Memory cached:  334.0
	 epoch  70 training error:  tensor(0.0576, device='cuda:0', grad_fn=<DivBackward0>)
Memory status after this epoch: 
Memory allocated:  164.9365234375
Memory cached:  340.0
	 epoch  80 training error:  tensor(0.0512, device='cuda:0', grad_fn=<DivBackward0>)
Memory status after this epoch: 
Memory allocated:  164.9365234375
Memory cached:  350.0
	 epoch  90 training error:  tensor(0.0473, device='cuda:0', grad_fn=<DivBackward0>)
Memory status after this epoch: 
Memory allocated:  164.9365234375
Memory cached:  344.0
[I 2023-12-03 07:58:39,408] Trial 15 finished with value: 0.045617442578077316 and parameters: {'W_layers': 7, 'W_layer_units_exponent_0': 6, 'W_layer_units_exponent_1': 6, 'W_layer_units_exponent_2': 4, 'W_layer_units_exponent_3': 5, 'W_layer_units_exponent_4': 6, 'W_layer_units_exponent_5': 9, 'W_layer_units_exponent_6': 6, 'D_layers': 5, 'D_layer_units_exponent_0': 7, 'D_layer_units_exponent_1': 8, 'D_layer_units_exponent_2': 6, 'D_layer_units_exponent_3': 6, 'D_layer_units_exponent_4': 6, 'D_dagger_layers': 5, 'D_dagger_layer_units_exponent_0': 8, 'D_dagger_layer_units_exponent_1': 5, 'D_dagger_layer_units_exponent_2': 6, 'D_dagger_layer_units_exponent_3': 10, 'D_dagger_layer_units_exponent_4': 10, 'log_learning_rate': -1.737863409044758, 'log_learning_rate_D': -3.7042478151390483, 'log_learning_rate_D_dagger': -3.7757536826373377, 'training_batch_size': 12, 'training_p': 3}. Best is trial 12 with value: 0.04295838996767998.
Time for this trial:  211.9143660068512
Memory status after this trial: 
Memory allocated:  349.27490234375
Memory cached:  364.0
--------------------  Trial  16   --------------------
Start timing: 
Parameters: 
{'W_layers': 2, 'W_layer_units_exponent_0': 8, 'W_layer_units_exponent_1': 9, 'D_layers': 6, 'D_layer_units_exponent_0': 10, 'D_layer_units_exponent_1': 6, 'D_layer_units_exponent_2': 4, 'D_layer_units_exponent_3': 9, 'D_layer_units_exponent_4': 6, 'D_layer_units_exponent_5': 10, 'D_dagger_layers': 3, 'D_dagger_layer_units_exponent_0': 6, 'D_dagger_layer_units_exponent_1': 7, 'D_dagger_layer_units_exponent_2': 7, 'log_learning_rate': -2.8198101885516484, 'log_learning_rate_D': -1.012939400409305, 'log_learning_rate_D_dagger': -2.5910783661526215, 'training_batch_size': 8, 'training_p': 7}
	 epoch  0 training error:  tensor(1.0534, device='cuda:0', grad_fn=<DivBackward0>)
Memory status after this epoch: 
Memory allocated:  150.8876953125
Memory cached:  298.0
	 epoch  10 training error:  tensor(1.8149, device='cuda:0', grad_fn=<DivBackward0>)
Memory status after this epoch: 
Memory allocated:  150.8876953125
Memory cached:  322.0
	 epoch  20 training error:  tensor(0.8926, device='cuda:0', grad_fn=<DivBackward0>)
Memory status after this epoch: 
Memory allocated:  150.8876953125
Memory cached:  332.0
	 epoch  30 training error:  tensor(0.3617, device='cuda:0', grad_fn=<DivBackward0>)
Memory status after this epoch: 
Memory allocated:  150.8876953125
Memory cached:  328.0
	 epoch  40 training error:  tensor(0.5784, device='cuda:0', grad_fn=<DivBackward0>)
Memory status after this epoch: 
Memory allocated:  150.8876953125
Memory cached:  326.0
	 epoch  50 training error:  tensor(0.1631, device='cuda:0', grad_fn=<DivBackward0>)
Memory status after this epoch: 
Memory allocated:  150.8876953125
Memory cached:  322.0
	 epoch  60 training error:  tensor(0.1945, device='cuda:0', grad_fn=<DivBackward0>)
Memory status after this epoch: 
Memory allocated:  150.8876953125
Memory cached:  328.0
	 epoch  70 training error:  tensor(0.1498, device='cuda:0', grad_fn=<DivBackward0>)
Memory status after this epoch: 
Memory allocated:  150.8876953125
Memory cached:  326.0
	 epoch  80 training error:  tensor(0.1636, device='cuda:0', grad_fn=<DivBackward0>)
Memory status after this epoch: 
Memory allocated:  150.8876953125
Memory cached:  326.0
	 epoch  90 training error:  tensor(0.2240, device='cuda:0', grad_fn=<DivBackward0>)
Memory status after this epoch: 
Memory allocated:  150.8876953125
Memory cached:  324.0
[I 2023-12-03 08:01:29,306] Trial 16 finished with value: 0.239369735121727 and parameters: {'W_layers': 2, 'W_layer_units_exponent_0': 8, 'W_layer_units_exponent_1': 9, 'D_layers': 6, 'D_layer_units_exponent_0': 10, 'D_layer_units_exponent_1': 6, 'D_layer_units_exponent_2': 4, 'D_layer_units_exponent_3': 9, 'D_layer_units_exponent_4': 6, 'D_layer_units_exponent_5': 10, 'D_dagger_layers': 3, 'D_dagger_layer_units_exponent_0': 6, 'D_dagger_layer_units_exponent_1': 7, 'D_dagger_layer_units_exponent_2': 7, 'log_learning_rate': -2.8198101885516484, 'log_learning_rate_D': -1.012939400409305, 'log_learning_rate_D_dagger': -2.5910783661526215, 'training_batch_size': 8, 'training_p': 7}. Best is trial 12 with value: 0.04295838996767998.
Time for this trial:  169.63756656646729
Memory status after this trial: 
Memory allocated:  337.279296875
Memory cached:  342.0
--------------------  Trial  17   --------------------
Start timing: 
Parameters: 
{'W_layers': 7, 'W_layer_units_exponent_0': 7, 'W_layer_units_exponent_1': 6, 'W_layer_units_exponent_2': 5, 'W_layer_units_exponent_3': 5, 'W_layer_units_exponent_4': 10, 'W_layer_units_exponent_5': 8, 'W_layer_units_exponent_6': 7, 'D_layers': 8, 'D_layer_units_exponent_0': 7, 'D_layer_units_exponent_1': 10, 'D_layer_units_exponent_2': 6, 'D_layer_units_exponent_3': 7, 'D_layer_units_exponent_4': 5, 'D_layer_units_exponent_5': 7, 'D_layer_units_exponent_6': 9, 'D_layer_units_exponent_7': 10, 'D_dagger_layers': 6, 'D_dagger_layer_units_exponent_0': 8, 'D_dagger_layer_units_exponent_1': 5, 'D_dagger_layer_units_exponent_2': 7, 'D_dagger_layer_units_exponent_3': 8, 'D_dagger_layer_units_exponent_4': 8, 'D_dagger_layer_units_exponent_5': 10, 'log_learning_rate': -3.25480254804922, 'log_learning_rate_D': -4.958096728329933, 'log_learning_rate_D_dagger': -3.114527355653678, 'training_batch_size': 11, 'training_p': 4}
	 epoch  0 training error:  tensor(1.0714, device='cuda:0', grad_fn=<DivBackward0>)
Memory status after this epoch: 
Memory allocated:  168.9501953125
Memory cached:  320.0
	 epoch  10 training error:  tensor(0.2137, device='cuda:0', grad_fn=<DivBackward0>)
Memory status after this epoch: 
Memory allocated:  168.9501953125
Memory cached:  342.0
	 epoch  20 training error:  tensor(0.0991, device='cuda:0', grad_fn=<DivBackward0>)
Memory status after this epoch: 
Memory allocated:  168.9501953125
Memory cached:  350.0
	 epoch  30 training error:  tensor(0.1054, device='cuda:0', grad_fn=<DivBackward0>)
Memory status after this epoch: 
Memory allocated:  168.9501953125
Memory cached:  340.0
	 epoch  40 training error:  tensor(0.0867, device='cuda:0', grad_fn=<DivBackward0>)
Memory status after this epoch: 
Memory allocated:  168.9501953125
Memory cached:  346.0
	 epoch  50 training error:  tensor(0.0847, device='cuda:0', grad_fn=<DivBackward0>)
Memory status after this epoch: 
Memory allocated:  168.9501953125
Memory cached:  354.0
	 epoch  60 training error:  tensor(0.0791, device='cuda:0', grad_fn=<DivBackward0>)
Memory status after this epoch: 
Memory allocated:  168.9501953125
Memory cached:  340.0
	 epoch  70 training error:  tensor(0.0800, device='cuda:0', grad_fn=<DivBackward0>)
Memory status after this epoch: 
Memory allocated:  168.9501953125
Memory cached:  346.0
	 epoch  80 training error:  tensor(0.0655, device='cuda:0', grad_fn=<DivBackward0>)
Memory status after this epoch: 
Memory allocated:  168.9501953125
Memory cached:  342.0
	 epoch  90 training error:  tensor(0.0665, device='cuda:0', grad_fn=<DivBackward0>)
Memory status after this epoch: 
Memory allocated:  168.9501953125
Memory cached:  348.0
[I 2023-12-03 08:05:54,785] Trial 17 finished with value: 0.05076724290847778 and parameters: {'W_layers': 7, 'W_layer_units_exponent_0': 7, 'W_layer_units_exponent_1': 6, 'W_layer_units_exponent_2': 5, 'W_layer_units_exponent_3': 5, 'W_layer_units_exponent_4': 10, 'W_layer_units_exponent_5': 8, 'W_layer_units_exponent_6': 7, 'D_layers': 8, 'D_layer_units_exponent_0': 7, 'D_layer_units_exponent_1': 10, 'D_layer_units_exponent_2': 6, 'D_layer_units_exponent_3': 7, 'D_layer_units_exponent_4': 5, 'D_layer_units_exponent_5': 7, 'D_layer_units_exponent_6': 9, 'D_layer_units_exponent_7': 10, 'D_dagger_layers': 6, 'D_dagger_layer_units_exponent_0': 8, 'D_dagger_layer_units_exponent_1': 5, 'D_dagger_layer_units_exponent_2': 7, 'D_dagger_layer_units_exponent_3': 8, 'D_dagger_layer_units_exponent_4': 8, 'D_dagger_layer_units_exponent_5': 10, 'log_learning_rate': -3.25480254804922, 'log_learning_rate_D': -4.958096728329933, 'log_learning_rate_D_dagger': -3.114527355653678, 'training_batch_size': 11, 'training_p': 4}. Best is trial 12 with value: 0.04295838996767998.
Time for this trial:  265.14495515823364
Memory status after this trial: 
Memory allocated:  495.009765625
Memory cached:  520.0
--------------------  Trial  18   --------------------
Start timing: 
Parameters: 
{'W_layers': 5, 'W_layer_units_exponent_0': 10, 'W_layer_units_exponent_1': 7, 'W_layer_units_exponent_2': 9, 'W_layer_units_exponent_3': 10, 'W_layer_units_exponent_4': 5, 'D_layers': 4, 'D_layer_units_exponent_0': 9, 'D_layer_units_exponent_1': 9, 'D_layer_units_exponent_2': 10, 'D_layer_units_exponent_3': 9, 'D_dagger_layers': 5, 'D_dagger_layer_units_exponent_0': 6, 'D_dagger_layer_units_exponent_1': 7, 'D_dagger_layer_units_exponent_2': 5, 'D_dagger_layer_units_exponent_3': 4, 'D_dagger_layer_units_exponent_4': 10, 'log_learning_rate': -2.4870443512612925, 'log_learning_rate_D': -3.4208819084198083, 'log_learning_rate_D_dagger': -3.9302270205543355, 'training_batch_size': 6, 'training_p': 7}
	 epoch  0 training error:  tensor(6.5299, device='cuda:0', grad_fn=<DivBackward0>)
Memory status after this epoch: 
Memory allocated:  177.833984375
Memory cached:  376.0
	 epoch  10 training error:  tensor(0.2544, device='cuda:0', grad_fn=<DivBackward0>)
Memory status after this epoch: 
Memory allocated:  177.833984375
Memory cached:  404.0
	 epoch  20 training error:  tensor(0.2708, device='cuda:0', grad_fn=<DivBackward0>)
Memory status after this epoch: 
Memory allocated:  177.833984375
Memory cached:  402.0
	 epoch  30 training error:  tensor(0.1505, device='cuda:0', grad_fn=<DivBackward0>)
Memory status after this epoch: 
Memory allocated:  177.833984375
Memory cached:  398.0
	 epoch  40 training error:  tensor(0.1360, device='cuda:0', grad_fn=<DivBackward0>)
Memory status after this epoch: 
Memory allocated:  177.833984375
Memory cached:  396.0
	 epoch  50 training error:  tensor(0.0828, device='cuda:0', grad_fn=<DivBackward0>)
Memory status after this epoch: 
Memory allocated:  177.833984375
Memory cached:  396.0
	 epoch  60 training error:  tensor(0.1099, device='cuda:0', grad_fn=<DivBackward0>)
Memory status after this epoch: 
Memory allocated:  177.833984375
Memory cached:  398.0
	 epoch  70 training error:  tensor(0.1002, device='cuda:0', grad_fn=<DivBackward0>)
Memory status after this epoch: 
Memory allocated:  177.833984375
Memory cached:  402.0
	 epoch  80 training error:  tensor(0.0698, device='cuda:0', grad_fn=<DivBackward0>)
Memory status after this epoch: 
Memory allocated:  177.833984375
Memory cached:  400.0
	 epoch  90 training error:  tensor(0.0920, device='cuda:0', grad_fn=<DivBackward0>)
Memory status after this epoch: 
Memory allocated:  177.833984375
Memory cached:  406.0
