[I 2024-01-26 08:08:56,698] Trial 334 finished with value: 0.1692706197500229 and parameters: {'W_layers': 7, 'W_layer_units_exponent_0': 8, 'W_layer_units_exponent_1': 7, 'W_layer_units_exponent_2': 5, 'W_layer_units_exponent_3': 6, 'W_layer_units_exponent_4': 10, 'W_layer_units_exponent_5': 10, 'W_layer_units_exponent_6': 7, 'D_layers': 5, 'D_layer_units_exponent_0': 4, 'D_layer_units_exponent_1': 6, 'D_layer_units_exponent_2': 4, 'D_layer_units_exponent_3': 4, 'D_layer_units_exponent_4': 6, 'D_dagger_layers': 5, 'D_dagger_layer_units_exponent_0': 10, 'D_dagger_layer_units_exponent_1': 7, 'D_dagger_layer_units_exponent_2': 9, 'D_dagger_layer_units_exponent_3': 6, 'D_dagger_layer_units_exponent_4': 4, 'log_learning_rate': -3.7283993957365373, 'log_learning_rate_D': -4.491658919901783, 'log_learning_rate_D_dagger': -3.497231887421111, 'training_batch_size': 9, 'training_p': 2}. Best is trial 324 with value: 0.16570082306861877.
Time for this trial:  23.603353261947632
Memory status after this trial: 
Memory allocated:  920.58251953125
Memory cached:  944.0
--------------------  Trial  335   --------------------
Start timing: 
Parameters: 
{'W_layers': 7, 'W_layer_units_exponent_0': 8, 'W_layer_units_exponent_1': 7, 'W_layer_units_exponent_2': 5, 'W_layer_units_exponent_3': 6, 'W_layer_units_exponent_4': 10, 'W_layer_units_exponent_5': 10, 'W_layer_units_exponent_6': 6, 'D_layers': 4, 'D_layer_units_exponent_0': 4, 'D_layer_units_exponent_1': 7, 'D_layer_units_exponent_2': 4, 'D_layer_units_exponent_3': 4, 'D_dagger_layers': 5, 'D_dagger_layer_units_exponent_0': 10, 'D_dagger_layer_units_exponent_1': 7, 'D_dagger_layer_units_exponent_2': 9, 'D_dagger_layer_units_exponent_3': 6, 'D_dagger_layer_units_exponent_4': 4, 'log_learning_rate': -3.80922459388112, 'log_learning_rate_D': -4.845212010385862, 'log_learning_rate_D_dagger': -3.4189597107436094, 'training_batch_size': 9, 'training_p': 2}
	 epoch  0 training error:  tensor(0.9937, device='cuda:0', grad_fn=<DivBackward0>)
Memory status after this epoch: 
Memory allocated:  452.0693359375
Memory cached:  610.0
	 epoch  10 training error:  tensor(0.2886, device='cuda:0', grad_fn=<DivBackward0>)
Memory status after this epoch: 
Memory allocated:  452.0693359375
Memory cached:  610.0
	 epoch  20 training error:  tensor(0.2344, device='cuda:0', grad_fn=<DivBackward0>)
Memory status after this epoch: 
Memory allocated:  452.0693359375
Memory cached:  610.0
	 epoch  30 training error:  tensor(0.1945, device='cuda:0', grad_fn=<DivBackward0>)
Memory status after this epoch: 
Memory allocated:  452.0693359375
Memory cached:  610.0
	 epoch  40 training error:  tensor(0.1920, device='cuda:0', grad_fn=<DivBackward0>)
Memory status after this epoch: 
Memory allocated:  452.0693359375
Memory cached:  610.0
	 epoch  50 training error:  tensor(0.1884, device='cuda:0', grad_fn=<DivBackward0>)
Memory status after this epoch: 
Memory allocated:  452.0693359375
Memory cached:  610.0
	 epoch  60 training error:  tensor(0.1874, device='cuda:0', grad_fn=<DivBackward0>)
Memory status after this epoch: 
Memory allocated:  452.0693359375
Memory cached:  610.0
	 epoch  70 training error:  tensor(0.1875, device='cuda:0', grad_fn=<DivBackward0>)
Memory status after this epoch: 
Memory allocated:  452.0693359375
Memory cached:  610.0
	 epoch  80 training error:  tensor(0.1875, device='cuda:0', grad_fn=<DivBackward0>)
Memory status after this epoch: 
Memory allocated:  452.0693359375
Memory cached:  610.0
	 epoch  90 training error:  tensor(0.1874, device='cuda:0', grad_fn=<DivBackward0>)
Memory status after this epoch: 
Memory allocated:  452.0693359375
Memory cached:  610.0
[I 2024-01-26 08:09:21,597] Trial 335 finished with value: 0.1657368689775467 and parameters: {'W_layers': 7, 'W_layer_units_exponent_0': 8, 'W_layer_units_exponent_1': 7, 'W_layer_units_exponent_2': 5, 'W_layer_units_exponent_3': 6, 'W_layer_units_exponent_4': 10, 'W_layer_units_exponent_5': 10, 'W_layer_units_exponent_6': 6, 'D_layers': 4, 'D_layer_units_exponent_0': 4, 'D_layer_units_exponent_1': 7, 'D_layer_units_exponent_2': 4, 'D_layer_units_exponent_3': 4, 'D_dagger_layers': 5, 'D_dagger_layer_units_exponent_0': 10, 'D_dagger_layer_units_exponent_1': 7, 'D_dagger_layer_units_exponent_2': 9, 'D_dagger_layer_units_exponent_3': 6, 'D_dagger_layer_units_exponent_4': 4, 'log_learning_rate': -3.80922459388112, 'log_learning_rate_D': -4.845212010385862, 'log_learning_rate_D_dagger': -3.4189597107436094, 'training_batch_size': 9, 'training_p': 2}. Best is trial 324 with value: 0.16570082306861877.
Time for this trial:  24.392236948013306
Memory status after this trial: 
Memory allocated:  912.53564453125
Memory cached:  950.0
--------------------  Trial  336   --------------------
Start timing: 
Parameters: 
{'W_layers': 7, 'W_layer_units_exponent_0': 8, 'W_layer_units_exponent_1': 7, 'W_layer_units_exponent_2': 5, 'W_layer_units_exponent_3': 6, 'W_layer_units_exponent_4': 10, 'W_layer_units_exponent_5': 10, 'W_layer_units_exponent_6': 7, 'D_layers': 4, 'D_layer_units_exponent_0': 4, 'D_layer_units_exponent_1': 7, 'D_layer_units_exponent_2': 4, 'D_layer_units_exponent_3': 4, 'D_dagger_layers': 5, 'D_dagger_layer_units_exponent_0': 10, 'D_dagger_layer_units_exponent_1': 7, 'D_dagger_layer_units_exponent_2': 9, 'D_dagger_layer_units_exponent_3': 6, 'D_dagger_layer_units_exponent_4': 4, 'log_learning_rate': -3.832937003676959, 'log_learning_rate_D': -4.861971975518706, 'log_learning_rate_D_dagger': -3.4422734370084864, 'training_batch_size': 9, 'training_p': 2}
	 epoch  0 training error:  tensor(0.9797, device='cuda:0', grad_fn=<DivBackward0>)
Memory status after this epoch: 
Memory allocated:  452.6943359375
Memory cached:  626.0
	 epoch  10 training error:  tensor(0.3074, device='cuda:0', grad_fn=<DivBackward0>)
Memory status after this epoch: 
Memory allocated:  452.6943359375
Memory cached:  626.0
	 epoch  20 training error:  tensor(0.2471, device='cuda:0', grad_fn=<DivBackward0>)
Memory status after this epoch: 
Memory allocated:  452.6943359375
Memory cached:  626.0
	 epoch  30 training error:  tensor(0.2137, device='cuda:0', grad_fn=<DivBackward0>)
Memory status after this epoch: 
Memory allocated:  452.6943359375
Memory cached:  626.0
	 epoch  40 training error:  tensor(0.1950, device='cuda:0', grad_fn=<DivBackward0>)
Memory status after this epoch: 
Memory allocated:  452.6943359375
Memory cached:  626.0
	 epoch  50 training error:  tensor(0.1918, device='cuda:0', grad_fn=<DivBackward0>)
Memory status after this epoch: 
Memory allocated:  452.6943359375
Memory cached:  626.0
	 epoch  60 training error:  tensor(0.1892, device='cuda:0', grad_fn=<DivBackward0>)
Memory status after this epoch: 
Memory allocated:  452.6943359375
Memory cached:  626.0
	 epoch  70 training error:  tensor(0.1870, device='cuda:0', grad_fn=<DivBackward0>)
Memory status after this epoch: 
Memory allocated:  452.6943359375
Memory cached:  626.0
	 epoch  80 training error:  tensor(0.1861, device='cuda:0', grad_fn=<DivBackward0>)
Memory status after this epoch: 
Memory allocated:  452.6943359375
Memory cached:  626.0
	 epoch  90 training error:  tensor(0.1879, device='cuda:0', grad_fn=<DivBackward0>)
Memory status after this epoch: 
Memory allocated:  452.6943359375
Memory cached:  626.0
[I 2024-01-26 08:09:47,968] Trial 336 finished with value: 0.1660703420639038 and parameters: {'W_layers': 7, 'W_layer_units_exponent_0': 8, 'W_layer_units_exponent_1': 7, 'W_layer_units_exponent_2': 5, 'W_layer_units_exponent_3': 6, 'W_layer_units_exponent_4': 10, 'W_layer_units_exponent_5': 10, 'W_layer_units_exponent_6': 7, 'D_layers': 4, 'D_layer_units_exponent_0': 4, 'D_layer_units_exponent_1': 7, 'D_layer_units_exponent_2': 4, 'D_layer_units_exponent_3': 4, 'D_dagger_layers': 5, 'D_dagger_layer_units_exponent_0': 10, 'D_dagger_layer_units_exponent_1': 7, 'D_dagger_layer_units_exponent_2': 9, 'D_dagger_layer_units_exponent_3': 6, 'D_dagger_layer_units_exponent_4': 4, 'log_learning_rate': -3.832937003676959, 'log_learning_rate_D': -4.861971975518706, 'log_learning_rate_D_dagger': -3.4422734370084864, 'training_batch_size': 9, 'training_p': 2}. Best is trial 324 with value: 0.16570082306861877.
Time for this trial:  25.641118049621582
Memory status after this trial: 
Memory allocated:  919.17626953125
Memory cached:  960.0
--------------------  Trial  337   --------------------
Start timing: 
Parameters: 
{'W_layers': 7, 'W_layer_units_exponent_0': 8, 'W_layer_units_exponent_1': 7, 'W_layer_units_exponent_2': 5, 'W_layer_units_exponent_3': 6, 'W_layer_units_exponent_4': 10, 'W_layer_units_exponent_5': 10, 'W_layer_units_exponent_6': 7, 'D_layers': 4, 'D_layer_units_exponent_0': 4, 'D_layer_units_exponent_1': 7, 'D_layer_units_exponent_2': 4, 'D_layer_units_exponent_3': 4, 'D_dagger_layers': 5, 'D_dagger_layer_units_exponent_0': 10, 'D_dagger_layer_units_exponent_1': 7, 'D_dagger_layer_units_exponent_2': 9, 'D_dagger_layer_units_exponent_3': 6, 'D_dagger_layer_units_exponent_4': 4, 'log_learning_rate': -3.8646427132612535, 'log_learning_rate_D': -4.869552264616734, 'log_learning_rate_D_dagger': -3.45966562107697, 'training_batch_size': 9, 'training_p': 5}
	 epoch  0 training error:  tensor(1.0333, device='cuda:0', grad_fn=<DivBackward0>)
Memory status after this epoch: 
Memory allocated:  453.0693359375
Memory cached:  610.0
	 epoch  10 training error:  tensor(0.4421, device='cuda:0', grad_fn=<DivBackward0>)
Memory status after this epoch: 
Memory allocated:  453.0693359375
Memory cached:  610.0
	 epoch  20 training error:  tensor(0.3760, device='cuda:0', grad_fn=<DivBackward0>)
Memory status after this epoch: 
Memory allocated:  453.0693359375
Memory cached:  610.0
	 epoch  30 training error:  tensor(0.3384, device='cuda:0', grad_fn=<DivBackward0>)
Memory status after this epoch: 
Memory allocated:  453.0693359375
Memory cached:  610.0
	 epoch  40 training error:  tensor(0.3296, device='cuda:0', grad_fn=<DivBackward0>)
Memory status after this epoch: 
Memory allocated:  453.0693359375
Memory cached:  610.0
	 epoch  50 training error:  tensor(0.3225, device='cuda:0', grad_fn=<DivBackward0>)
Memory status after this epoch: 
Memory allocated:  453.0693359375
Memory cached:  610.0
	 epoch  60 training error:  tensor(0.3201, device='cuda:0', grad_fn=<DivBackward0>)
Memory status after this epoch: 
Memory allocated:  453.0693359375
Memory cached:  610.0
	 epoch  70 training error:  tensor(0.3198, device='cuda:0', grad_fn=<DivBackward0>)
Memory status after this epoch: 
Memory allocated:  453.0693359375
Memory cached:  610.0
	 epoch  80 training error:  tensor(0.3193, device='cuda:0', grad_fn=<DivBackward0>)
Memory status after this epoch: 
Memory allocated:  453.0693359375
Memory cached:  610.0
	 epoch  90 training error:  tensor(0.3200, device='cuda:0', grad_fn=<DivBackward0>)
Memory status after this epoch: 
Memory allocated:  453.0693359375
Memory cached:  610.0
[I 2024-01-26 08:10:14,045] Trial 337 finished with value: 0.18332700431346893 and parameters: {'W_layers': 7, 'W_layer_units_exponent_0': 8, 'W_layer_units_exponent_1': 7, 'W_layer_units_exponent_2': 5, 'W_layer_units_exponent_3': 6, 'W_layer_units_exponent_4': 10, 'W_layer_units_exponent_5': 10, 'W_layer_units_exponent_6': 7, 'D_layers': 4, 'D_layer_units_exponent_0': 4, 'D_layer_units_exponent_1': 7, 'D_layer_units_exponent_2': 4, 'D_layer_units_exponent_3': 4, 'D_dagger_layers': 5, 'D_dagger_layer_units_exponent_0': 10, 'D_dagger_layer_units_exponent_1': 7, 'D_dagger_layer_units_exponent_2': 9, 'D_dagger_layer_units_exponent_3': 6, 'D_dagger_layer_units_exponent_4': 4, 'log_learning_rate': -3.8646427132612535, 'log_learning_rate_D': -4.869552264616734, 'log_learning_rate_D_dagger': -3.45966562107697, 'training_batch_size': 9, 'training_p': 5}. Best is trial 324 with value: 0.16570082306861877.
Time for this trial:  25.61742329597473
Memory status after this trial: 
Memory allocated:  920.58251953125
Memory cached:  944.0
--------------------  Trial  338   --------------------
Start timing: 
Parameters: 
{'W_layers': 7, 'W_layer_units_exponent_0': 8, 'W_layer_units_exponent_1': 7, 'W_layer_units_exponent_2': 5, 'W_layer_units_exponent_3': 6, 'W_layer_units_exponent_4': 10, 'W_layer_units_exponent_5': 10, 'W_layer_units_exponent_6': 7, 'D_layers': 4, 'D_layer_units_exponent_0': 4, 'D_layer_units_exponent_1': 7, 'D_layer_units_exponent_2': 4, 'D_layer_units_exponent_3': 4, 'D_dagger_layers': 5, 'D_dagger_layer_units_exponent_0': 10, 'D_dagger_layer_units_exponent_1': 7, 'D_dagger_layer_units_exponent_2': 9, 'D_dagger_layer_units_exponent_3': 6, 'D_dagger_layer_units_exponent_4': 4, 'log_learning_rate': -3.8052507012035974, 'log_learning_rate_D': -4.939647793626336, 'log_learning_rate_D_dagger': -3.5300427980790476, 'training_batch_size': 9, 'training_p': 2}
	 epoch  0 training error:  tensor(0.9757, device='cuda:0', grad_fn=<DivBackward0>)
Memory status after this epoch: 
Memory allocated:  452.6943359375
Memory cached:  626.0
	 epoch  10 training error:  tensor(0.3088, device='cuda:0', grad_fn=<DivBackward0>)
Memory status after this epoch: 
Memory allocated:  452.6943359375
Memory cached:  626.0
	 epoch  20 training error:  tensor(0.2520, device='cuda:0', grad_fn=<DivBackward0>)
Memory status after this epoch: 
Memory allocated:  452.6943359375
Memory cached:  626.0
	 epoch  30 training error:  tensor(0.2149, device='cuda:0', grad_fn=<DivBackward0>)
Memory status after this epoch: 
Memory allocated:  452.6943359375
Memory cached:  626.0
	 epoch  40 training error:  tensor(0.2034, device='cuda:0', grad_fn=<DivBackward0>)
Memory status after this epoch: 
Memory allocated:  452.6943359375
Memory cached:  626.0
	 epoch  50 training error:  tensor(0.1887, device='cuda:0', grad_fn=<DivBackward0>)
Memory status after this epoch: 
Memory allocated:  452.6943359375
Memory cached:  626.0
	 epoch  60 training error:  tensor(0.1873, device='cuda:0', grad_fn=<DivBackward0>)
Memory status after this epoch: 
Memory allocated:  452.6943359375
Memory cached:  626.0
	 epoch  70 training error:  tensor(0.1863, device='cuda:0', grad_fn=<DivBackward0>)
Memory status after this epoch: 
Memory allocated:  452.6943359375
Memory cached:  626.0
	 epoch  80 training error:  tensor(0.1859, device='cuda:0', grad_fn=<DivBackward0>)
Memory status after this epoch: 
Memory allocated:  452.6943359375
Memory cached:  626.0
	 epoch  90 training error:  tensor(0.1860, device='cuda:0', grad_fn=<DivBackward0>)
Memory status after this epoch: 
Memory allocated:  452.6943359375
Memory cached:  626.0
[I 2024-01-26 08:10:39,855] Trial 338 finished with value: 0.16543452441692352 and parameters: {'W_layers': 7, 'W_layer_units_exponent_0': 8, 'W_layer_units_exponent_1': 7, 'W_layer_units_exponent_2': 5, 'W_layer_units_exponent_3': 6, 'W_layer_units_exponent_4': 10, 'W_layer_units_exponent_5': 10, 'W_layer_units_exponent_6': 7, 'D_layers': 4, 'D_layer_units_exponent_0': 4, 'D_layer_units_exponent_1': 7, 'D_layer_units_exponent_2': 4, 'D_layer_units_exponent_3': 4, 'D_dagger_layers': 5, 'D_dagger_layer_units_exponent_0': 10, 'D_dagger_layer_units_exponent_1': 7, 'D_dagger_layer_units_exponent_2': 9, 'D_dagger_layer_units_exponent_3': 6, 'D_dagger_layer_units_exponent_4': 4, 'log_learning_rate': -3.8052507012035974, 'log_learning_rate_D': -4.939647793626336, 'log_learning_rate_D_dagger': -3.5300427980790476, 'training_batch_size': 9, 'training_p': 2}. Best is trial 338 with value: 0.16543452441692352.
res:  tensor(0.1654, device='cuda:0', grad_fn=<DivBackward0>)
self.bestValue:  tensor(0.1657, device='cuda:0', grad_fn=<DivBackward0>)
Save this model!
Time for this trial:  25.34584927558899
Memory status after this trial: 
Memory allocated:  490.01318359375
Memory cached:  696.0
--------------------  Trial  339   --------------------
Start timing: 
Parameters: 
{'W_layers': 7, 'W_layer_units_exponent_0': 8, 'W_layer_units_exponent_1': 7, 'W_layer_units_exponent_2': 5, 'W_layer_units_exponent_3': 6, 'W_layer_units_exponent_4': 10, 'W_layer_units_exponent_5': 10, 'W_layer_units_exponent_6': 7, 'D_layers': 4, 'D_layer_units_exponent_0': 4, 'D_layer_units_exponent_1': 7, 'D_layer_units_exponent_2': 4, 'D_layer_units_exponent_3': 4, 'D_dagger_layers': 5, 'D_dagger_layer_units_exponent_0': 10, 'D_dagger_layer_units_exponent_1': 7, 'D_dagger_layer_units_exponent_2': 9, 'D_dagger_layer_units_exponent_3': 6, 'D_dagger_layer_units_exponent_4': 4, 'log_learning_rate': -3.759726091481556, 'log_learning_rate_D': -4.958806682514542, 'log_learning_rate_D_dagger': -3.529546177072271, 'training_batch_size': 9, 'training_p': 2}
	 epoch  0 training error:  tensor(0.9684, device='cuda:0', grad_fn=<DivBackward0>)
Memory status after this epoch: 
Memory allocated:  513.9560546875
Memory cached:  712.0
	 epoch  10 training error:  tensor(0.3248, device='cuda:0', grad_fn=<DivBackward0>)
Memory status after this epoch: 
Memory allocated:  513.9560546875
Memory cached:  712.0
	 epoch  20 training error:  tensor(0.2590, device='cuda:0', grad_fn=<DivBackward0>)
Memory status after this epoch: 
Memory allocated:  513.9560546875
Memory cached:  712.0
	 epoch  30 training error:  tensor(0.2127, device='cuda:0', grad_fn=<DivBackward0>)
Memory status after this epoch: 
Memory allocated:  513.9560546875
Memory cached:  712.0
	 epoch  40 training error:  tensor(0.1929, device='cuda:0', grad_fn=<DivBackward0>)
Memory status after this epoch: 
Memory allocated:  513.9560546875
Memory cached:  712.0
	 epoch  50 training error:  tensor(0.1878, device='cuda:0', grad_fn=<DivBackward0>)
Memory status after this epoch: 
Memory allocated:  513.9560546875
Memory cached:  712.0
	 epoch  60 training error:  tensor(0.1901, device='cuda:0', grad_fn=<DivBackward0>)
Memory status after this epoch: 
Memory allocated:  513.9560546875
Memory cached:  712.0
	 epoch  70 training error:  tensor(0.1868, device='cuda:0', grad_fn=<DivBackward0>)
Memory status after this epoch: 
Memory allocated:  513.9560546875
Memory cached:  712.0
	 epoch  80 training error:  tensor(0.1888, device='cuda:0', grad_fn=<DivBackward0>)
Memory status after this epoch: 
Memory allocated:  513.9560546875
Memory cached:  712.0
	 epoch  90 training error:  tensor(0.1876, device='cuda:0', grad_fn=<DivBackward0>)
Memory status after this epoch: 
Memory allocated:  513.9560546875
Memory cached:  712.0
[I 2024-01-26 08:11:05,682] Trial 339 finished with value: 0.16885875165462494 and parameters: {'W_layers': 7, 'W_layer_units_exponent_0': 8, 'W_layer_units_exponent_1': 7, 'W_layer_units_exponent_2': 5, 'W_layer_units_exponent_3': 6, 'W_layer_units_exponent_4': 10, 'W_layer_units_exponent_5': 10, 'W_layer_units_exponent_6': 7, 'D_layers': 4, 'D_layer_units_exponent_0': 4, 'D_layer_units_exponent_1': 7, 'D_layer_units_exponent_2': 4, 'D_layer_units_exponent_3': 4, 'D_dagger_layers': 5, 'D_dagger_layer_units_exponent_0': 10, 'D_dagger_layer_units_exponent_1': 7, 'D_dagger_layer_units_exponent_2': 9, 'D_dagger_layer_units_exponent_3': 6, 'D_dagger_layer_units_exponent_4': 4, 'log_learning_rate': -3.759726091481556, 'log_learning_rate_D': -4.958806682514542, 'log_learning_rate_D_dagger': -3.529546177072271, 'training_batch_size': 9, 'training_p': 2}. Best is trial 338 with value: 0.16543452441692352.
Time for this trial:  25.332263946533203
Memory status after this trial: 
Memory allocated:  979.31298828125
Memory cached:  1012.0
--------------------  Trial  340   --------------------
Start timing: 
Parameters: 
{'W_layers': 7, 'W_layer_units_exponent_0': 8, 'W_layer_units_exponent_1': 7, 'W_layer_units_exponent_2': 5, 'W_layer_units_exponent_3': 6, 'W_layer_units_exponent_4': 10, 'W_layer_units_exponent_5': 10, 'W_layer_units_exponent_6': 7, 'D_layers': 3, 'D_layer_units_exponent_0': 4, 'D_layer_units_exponent_1': 7, 'D_layer_units_exponent_2': 4, 'D_dagger_layers': 5, 'D_dagger_layer_units_exponent_0': 10, 'D_dagger_layer_units_exponent_1': 7, 'D_dagger_layer_units_exponent_2': 9, 'D_dagger_layer_units_exponent_3': 6, 'D_dagger_layer_units_exponent_4': 4, 'log_learning_rate': -3.8862769106123425, 'log_learning_rate_D': -4.808033175053683, 'log_learning_rate_D_dagger': -3.448670032009967, 'training_batch_size': 9, 'training_p': 2}
	 epoch  0 training error:  tensor(0.9583, device='cuda:0', grad_fn=<DivBackward0>)
Memory status after this epoch: 
Memory allocated:  513.67333984375
Memory cached:  712.0
	 epoch  10 training error:  tensor(0.2822, device='cuda:0', grad_fn=<DivBackward0>)
Memory status after this epoch: 
Memory allocated:  513.67333984375
Memory cached:  712.0
	 epoch  20 training error:  tensor(0.2237, device='cuda:0', grad_fn=<DivBackward0>)
Memory status after this epoch: 
Memory allocated:  513.67333984375
Memory cached:  712.0
	 epoch  30 training error:  tensor(0.2161, device='cuda:0', grad_fn=<DivBackward0>)
Memory status after this epoch: 
Memory allocated:  513.67333984375
Memory cached:  712.0
	 epoch  40 training error:  tensor(0.1904, device='cuda:0', grad_fn=<DivBackward0>)
Memory status after this epoch: 
Memory allocated:  513.67333984375
Memory cached:  712.0
	 epoch  50 training error:  tensor(0.1899, device='cuda:0', grad_fn=<DivBackward0>)
Memory status after this epoch: 
Memory allocated:  513.67333984375
Memory cached:  712.0
	 epoch  60 training error:  tensor(0.1882, device='cuda:0', grad_fn=<DivBackward0>)
Memory status after this epoch: 
Memory allocated:  513.67333984375
Memory cached:  712.0
	 epoch  70 training error:  tensor(0.1858, device='cuda:0', grad_fn=<DivBackward0>)
Memory status after this epoch: 
Memory allocated:  513.67333984375
Memory cached:  712.0
	 epoch  80 training error:  tensor(0.1859, device='cuda:0', grad_fn=<DivBackward0>)
Memory status after this epoch: 
Memory allocated:  513.67333984375
Memory cached:  712.0
	 epoch  90 training error:  tensor(0.1864, device='cuda:0', grad_fn=<DivBackward0>)
Memory status after this epoch: 
Memory allocated:  513.67333984375
Memory cached:  712.0
