[I 2024-03-01 14:58:55,965] Trial 17 finished with value: 1.8042891025543213 and parameters: {'W_layers': 7, 'W_layer_units_exponent_0': 6, 'W_layer_units_exponent_1': 6, 'W_layer_units_exponent_2': 9, 'W_layer_units_exponent_3': 6, 'W_layer_units_exponent_4': 8, 'W_layer_units_exponent_5': 8, 'W_layer_units_exponent_6': 4, 'D_layers': 6, 'D_layer_units_exponent_0': 5, 'D_layer_units_exponent_1': 10, 'D_layer_units_exponent_2': 8, 'D_layer_units_exponent_3': 9, 'D_layer_units_exponent_4': 6, 'D_layer_units_exponent_5': 7, 'D_dagger_layers': 4, 'D_dagger_layer_units_exponent_0': 5, 'D_dagger_layer_units_exponent_1': 10, 'D_dagger_layer_units_exponent_2': 5, 'D_dagger_layer_units_exponent_3': 4, 'log_learning_rate': -3.7117061351477894, 'log_learning_rate_D': -3.812663079946188, 'log_learning_rate_D_dagger': -2.0626238288164003, 'training_batch_size': 7, 'training_p': 8}. Best is trial 15 with value: 0.07262938469648361.
Time for this trial:  1892.7325704097748
Memory status after this trial: 
Memory allocated:  1874.64501953125
Memory cached:  1906.0
--------------------  Trial  18   --------------------
Start timing: 
Parameters: 
{'W_layers': 7, 'W_layer_units_exponent_0': 6, 'W_layer_units_exponent_1': 5, 'W_layer_units_exponent_2': 9, 'W_layer_units_exponent_3': 8, 'W_layer_units_exponent_4': 8, 'W_layer_units_exponent_5': 7, 'W_layer_units_exponent_6': 6, 'D_layers': 6, 'D_layer_units_exponent_0': 6, 'D_layer_units_exponent_1': 9, 'D_layer_units_exponent_2': 8, 'D_layer_units_exponent_3': 10, 'D_layer_units_exponent_4': 7, 'D_layer_units_exponent_5': 8, 'D_dagger_layers': 3, 'D_dagger_layer_units_exponent_0': 8, 'D_dagger_layer_units_exponent_1': 10, 'D_dagger_layer_units_exponent_2': 5, 'log_learning_rate': -2.260877498776759, 'log_learning_rate_D': -3.684418703455768, 'log_learning_rate_D_dagger': -1.2451771653895825, 'training_batch_size': 7, 'training_p': 7}
	 epoch  0 training error:  tensor(63.8288, grad_fn=<ToCopyBackward0>)
Memory status after this epoch: 
Memory allocated:  972.65869140625
Memory cached:  1532.0
	 epoch  10 training error:  tensor(0.4571, grad_fn=<ToCopyBackward0>)
Memory status after this epoch: 
Memory allocated:  972.65869140625
Memory cached:  1532.0
	 epoch  20 training error:  tensor(0.4508, grad_fn=<ToCopyBackward0>)
Memory status after this epoch: 
Memory allocated:  972.65869140625
Memory cached:  1532.0
	 epoch  30 training error:  tensor(0.3616, grad_fn=<ToCopyBackward0>)
Memory status after this epoch: 
Memory allocated:  972.65869140625
Memory cached:  1528.0
	 epoch  40 training error:  tensor(0.4051, grad_fn=<ToCopyBackward0>)
Memory status after this epoch: 
Memory allocated:  972.65869140625
Memory cached:  1532.0
	 epoch  50 training error:  tensor(0.4281, grad_fn=<ToCopyBackward0>)
Memory status after this epoch: 
Memory allocated:  972.65869140625
Memory cached:  1534.0
	 epoch  60 training error:  tensor(0.3775, grad_fn=<ToCopyBackward0>)
Memory status after this epoch: 
Memory allocated:  972.65869140625
Memory cached:  1530.0
	 epoch  70 training error:  tensor(0.3660, grad_fn=<ToCopyBackward0>)
Memory status after this epoch: 
Memory allocated:  972.65869140625
Memory cached:  1530.0
	 epoch  80 training error:  tensor(0.3650, grad_fn=<ToCopyBackward0>)
Memory status after this epoch: 
Memory allocated:  972.65869140625
Memory cached:  1534.0
	 epoch  90 training error:  tensor(0.7461, grad_fn=<ToCopyBackward0>)
Memory status after this epoch: 
Memory allocated:  972.65869140625
Memory cached:  1530.0
[I 2024-03-01 15:28:40,809] Trial 18 finished with value: 0.21994610130786896 and parameters: {'W_layers': 7, 'W_layer_units_exponent_0': 6, 'W_layer_units_exponent_1': 5, 'W_layer_units_exponent_2': 9, 'W_layer_units_exponent_3': 8, 'W_layer_units_exponent_4': 8, 'W_layer_units_exponent_5': 7, 'W_layer_units_exponent_6': 6, 'D_layers': 6, 'D_layer_units_exponent_0': 6, 'D_layer_units_exponent_1': 9, 'D_layer_units_exponent_2': 8, 'D_layer_units_exponent_3': 10, 'D_layer_units_exponent_4': 7, 'D_layer_units_exponent_5': 8, 'D_dagger_layers': 3, 'D_dagger_layer_units_exponent_0': 8, 'D_dagger_layer_units_exponent_1': 10, 'D_dagger_layer_units_exponent_2': 5, 'log_learning_rate': -2.260877498776759, 'log_learning_rate_D': -3.684418703455768, 'log_learning_rate_D_dagger': -1.2451771653895825, 'training_batch_size': 7, 'training_p': 7}. Best is trial 15 with value: 0.07262938469648361.
Time for this trial:  1784.1232013702393
Memory status after this trial: 
Memory allocated:  1979.4482421875
Memory cached:  2016.0
--------------------  Trial  19   --------------------
Start timing: 
Parameters: 
{'W_layers': 8, 'W_layer_units_exponent_0': 6, 'W_layer_units_exponent_1': 6, 'W_layer_units_exponent_2': 7, 'W_layer_units_exponent_3': 6, 'W_layer_units_exponent_4': 7, 'W_layer_units_exponent_5': 8, 'W_layer_units_exponent_6': 4, 'W_layer_units_exponent_7': 10, 'D_layers': 4, 'D_layer_units_exponent_0': 5, 'D_layer_units_exponent_1': 6, 'D_layer_units_exponent_2': 8, 'D_layer_units_exponent_3': 9, 'D_dagger_layers': 3, 'D_dagger_layer_units_exponent_0': 5, 'D_dagger_layer_units_exponent_1': 9, 'D_dagger_layer_units_exponent_2': 4, 'log_learning_rate': -3.821110579074639, 'log_learning_rate_D': -2.182451918165141, 'log_learning_rate_D_dagger': -1.4883318167901207, 'training_batch_size': 9, 'training_p': 6}
	 epoch  0 training error:  tensor(1.4223, grad_fn=<ToCopyBackward0>)
Memory status after this epoch: 
Memory allocated:  955.7705078125
Memory cached:  1522.0
	 epoch  10 training error:  tensor(0.7235, grad_fn=<ToCopyBackward0>)
Memory status after this epoch: 
Memory allocated:  955.7705078125
Memory cached:  1522.0
	 epoch  20 training error:  tensor(0.6513, grad_fn=<ToCopyBackward0>)
Memory status after this epoch: 
Memory allocated:  955.7705078125
Memory cached:  1522.0
	 epoch  30 training error:  tensor(0.6512, grad_fn=<ToCopyBackward0>)
Memory status after this epoch: 
Memory allocated:  955.7705078125
Memory cached:  1522.0
	 epoch  40 training error:  tensor(0.6502, grad_fn=<ToCopyBackward0>)
Memory status after this epoch: 
Memory allocated:  955.7705078125
Memory cached:  1522.0
	 epoch  50 training error:  tensor(0.6507, grad_fn=<ToCopyBackward0>)
Memory status after this epoch: 
Memory allocated:  955.7705078125
Memory cached:  1522.0
	 epoch  60 training error:  tensor(0.6510, grad_fn=<ToCopyBackward0>)
Memory status after this epoch: 
Memory allocated:  955.7705078125
Memory cached:  1522.0
	 epoch  70 training error:  tensor(0.6513, grad_fn=<ToCopyBackward0>)
Memory status after this epoch: 
Memory allocated:  955.7705078125
Memory cached:  1522.0
	 epoch  80 training error:  tensor(0.6527, grad_fn=<ToCopyBackward0>)
Memory status after this epoch: 
Memory allocated:  955.7705078125
Memory cached:  1522.0
	 epoch  90 training error:  tensor(0.6525, grad_fn=<ToCopyBackward0>)
Memory status after this epoch: 
Memory allocated:  955.7705078125
Memory cached:  1522.0
[I 2024-03-01 15:40:45,826] Trial 19 finished with value: 0.6093716025352478 and parameters: {'W_layers': 8, 'W_layer_units_exponent_0': 6, 'W_layer_units_exponent_1': 6, 'W_layer_units_exponent_2': 7, 'W_layer_units_exponent_3': 6, 'W_layer_units_exponent_4': 7, 'W_layer_units_exponent_5': 8, 'W_layer_units_exponent_6': 4, 'W_layer_units_exponent_7': 10, 'D_layers': 4, 'D_layer_units_exponent_0': 5, 'D_layer_units_exponent_1': 6, 'D_layer_units_exponent_2': 8, 'D_layer_units_exponent_3': 9, 'D_dagger_layers': 3, 'D_dagger_layer_units_exponent_0': 5, 'D_dagger_layer_units_exponent_1': 9, 'D_dagger_layer_units_exponent_2': 4, 'log_learning_rate': -3.821110579074639, 'log_learning_rate_D': -2.182451918165141, 'log_learning_rate_D_dagger': -1.4883318167901207, 'training_batch_size': 9, 'training_p': 6}. Best is trial 15 with value: 0.07262938469648361.
Time for this trial:  724.2828440666199
Memory status after this trial: 
Memory allocated:  1580.16259765625
Memory cached:  1606.0
--------------------  Trial  20   --------------------
Start timing: 
Parameters: 
{'W_layers': 2, 'W_layer_units_exponent_0': 8, 'W_layer_units_exponent_1': 5, 'D_layers': 4, 'D_layer_units_exponent_0': 8, 'D_layer_units_exponent_1': 8, 'D_layer_units_exponent_2': 7, 'D_layer_units_exponent_3': 8, 'D_dagger_layers': 4, 'D_dagger_layer_units_exponent_0': 5, 'D_dagger_layer_units_exponent_1': 9, 'D_dagger_layer_units_exponent_2': 6, 'D_dagger_layer_units_exponent_3': 7, 'log_learning_rate': -2.1388374442824607, 'log_learning_rate_D': -3.399690413777546, 'log_learning_rate_D_dagger': -2.3199062595229947, 'training_batch_size': 9, 'training_p': 5}
	 epoch  0 training error:  tensor(1.5900, grad_fn=<ToCopyBackward0>)
Memory status after this epoch: 
Memory allocated:  954.5908203125
Memory cached:  1520.0
	 epoch  10 training error:  tensor(0.4431, grad_fn=<ToCopyBackward0>)
Memory status after this epoch: 
Memory allocated:  954.5908203125
Memory cached:  1520.0
	 epoch  20 training error:  tensor(0.3773, grad_fn=<ToCopyBackward0>)
Memory status after this epoch: 
Memory allocated:  954.5908203125
Memory cached:  1520.0
	 epoch  30 training error:  tensor(0.3274, grad_fn=<ToCopyBackward0>)
Memory status after this epoch: 
Memory allocated:  954.5908203125
Memory cached:  1520.0
	 epoch  40 training error:  tensor(0.3153, grad_fn=<ToCopyBackward0>)
Memory status after this epoch: 
Memory allocated:  954.5908203125
Memory cached:  1520.0
	 epoch  50 training error:  tensor(0.3166, grad_fn=<ToCopyBackward0>)
Memory status after this epoch: 
Memory allocated:  954.5908203125
Memory cached:  1520.0
	 epoch  60 training error:  tensor(0.3251, grad_fn=<ToCopyBackward0>)
Memory status after this epoch: 
Memory allocated:  954.5908203125
Memory cached:  1520.0
	 epoch  70 training error:  tensor(0.3187, grad_fn=<ToCopyBackward0>)
Memory status after this epoch: 
Memory allocated:  954.5908203125
Memory cached:  1520.0
	 epoch  80 training error:  tensor(0.2998, grad_fn=<ToCopyBackward0>)
Memory status after this epoch: 
Memory allocated:  954.5908203125
Memory cached:  1520.0
	 epoch  90 training error:  tensor(0.3421, grad_fn=<ToCopyBackward0>)
Memory status after this epoch: 
Memory allocated:  954.5908203125
Memory cached:  1520.0
[I 2024-03-01 15:50:20,604] Trial 20 finished with value: 0.2502809166908264 and parameters: {'W_layers': 2, 'W_layer_units_exponent_0': 8, 'W_layer_units_exponent_1': 5, 'D_layers': 4, 'D_layer_units_exponent_0': 8, 'D_layer_units_exponent_1': 8, 'D_layer_units_exponent_2': 7, 'D_layer_units_exponent_3': 8, 'D_dagger_layers': 4, 'D_dagger_layer_units_exponent_0': 5, 'D_dagger_layer_units_exponent_1': 9, 'D_dagger_layer_units_exponent_2': 6, 'D_dagger_layer_units_exponent_3': 7, 'log_learning_rate': -2.1388374442824607, 'log_learning_rate_D': -3.399690413777546, 'log_learning_rate_D_dagger': -2.3199062595229947, 'training_batch_size': 9, 'training_p': 5}. Best is trial 15 with value: 0.07262938469648361.
Time for this trial:  574.257973909378
Memory status after this trial: 
Memory allocated:  1347.84619140625
Memory cached:  1520.0
--------------------  Trial  21   --------------------
Start timing: 
Parameters: 
{'W_layers': 5, 'W_layer_units_exponent_0': 7, 'W_layer_units_exponent_1': 4, 'W_layer_units_exponent_2': 9, 'W_layer_units_exponent_3': 5, 'W_layer_units_exponent_4': 9, 'D_layers': 7, 'D_layer_units_exponent_0': 4, 'D_layer_units_exponent_1': 9, 'D_layer_units_exponent_2': 10, 'D_layer_units_exponent_3': 8, 'D_layer_units_exponent_4': 5, 'D_layer_units_exponent_5': 6, 'D_layer_units_exponent_6': 9, 'D_dagger_layers': 2, 'D_dagger_layer_units_exponent_0': 5, 'D_dagger_layer_units_exponent_1': 9, 'log_learning_rate': -3.7503270152755324, 'log_learning_rate_D': -3.147309233702836, 'log_learning_rate_D_dagger': -3.412392186805879, 'training_batch_size': 7, 'training_p': 7}
	 epoch  0 training error:  tensor(0.8158, grad_fn=<ToCopyBackward0>)
Memory status after this epoch: 
Memory allocated:  968.01220703125
Memory cached:  1582.0
	 epoch  10 training error:  tensor(0.3807, grad_fn=<ToCopyBackward0>)
Memory status after this epoch: 
Memory allocated:  968.01220703125
Memory cached:  1584.0
	 epoch  20 training error:  tensor(0.3691, grad_fn=<ToCopyBackward0>)
Memory status after this epoch: 
Memory allocated:  968.01220703125
Memory cached:  1584.0
	 epoch  30 training error:  tensor(0.3628, grad_fn=<ToCopyBackward0>)
Memory status after this epoch: 
Memory allocated:  968.01220703125
Memory cached:  1584.0
	 epoch  40 training error:  tensor(0.3589, grad_fn=<ToCopyBackward0>)
Memory status after this epoch: 
Memory allocated:  968.01220703125
Memory cached:  1584.0
	 epoch  50 training error:  tensor(0.3568, grad_fn=<ToCopyBackward0>)
Memory status after this epoch: 
Memory allocated:  968.01220703125
Memory cached:  1582.0
	 epoch  60 training error:  tensor(0.3576, grad_fn=<ToCopyBackward0>)
Memory status after this epoch: 
Memory allocated:  968.01220703125
Memory cached:  1582.0
	 epoch  70 training error:  tensor(0.3846, grad_fn=<ToCopyBackward0>)
Memory status after this epoch: 
Memory allocated:  968.01220703125
Memory cached:  1582.0
	 epoch  80 training error:  tensor(0.3290, grad_fn=<ToCopyBackward0>)
Memory status after this epoch: 
Memory allocated:  968.01220703125
Memory cached:  1582.0
	 epoch  90 training error:  tensor(0.2872, grad_fn=<ToCopyBackward0>)
Memory status after this epoch: 
Memory allocated:  968.01220703125
Memory cached:  1582.0
[I 2024-03-01 16:17:52,164] Trial 21 finished with value: 0.1673801690340042 and parameters: {'W_layers': 5, 'W_layer_units_exponent_0': 7, 'W_layer_units_exponent_1': 4, 'W_layer_units_exponent_2': 9, 'W_layer_units_exponent_3': 5, 'W_layer_units_exponent_4': 9, 'D_layers': 7, 'D_layer_units_exponent_0': 4, 'D_layer_units_exponent_1': 9, 'D_layer_units_exponent_2': 10, 'D_layer_units_exponent_3': 8, 'D_layer_units_exponent_4': 5, 'D_layer_units_exponent_5': 6, 'D_layer_units_exponent_6': 9, 'D_dagger_layers': 2, 'D_dagger_layer_units_exponent_0': 5, 'D_dagger_layer_units_exponent_1': 9, 'log_learning_rate': -3.7503270152755324, 'log_learning_rate_D': -3.147309233702836, 'log_learning_rate_D_dagger': -3.412392186805879, 'training_batch_size': 7, 'training_p': 7}. Best is trial 15 with value: 0.07262938469648361.
Time for this trial:  1650.7943630218506
Memory status after this trial: 
Memory allocated:  1791.69775390625
Memory cached:  1818.0
--------------------  Trial  22   --------------------
Start timing: 
Parameters: 
{'W_layers': 7, 'W_layer_units_exponent_0': 5, 'W_layer_units_exponent_1': 5, 'W_layer_units_exponent_2': 9, 'W_layer_units_exponent_3': 5, 'W_layer_units_exponent_4': 7, 'W_layer_units_exponent_5': 8, 'W_layer_units_exponent_6': 8, 'D_layers': 6, 'D_layer_units_exponent_0': 5, 'D_layer_units_exponent_1': 9, 'D_layer_units_exponent_2': 10, 'D_layer_units_exponent_3': 8, 'D_layer_units_exponent_4': 7, 'D_layer_units_exponent_5': 6, 'D_dagger_layers': 3, 'D_dagger_layer_units_exponent_0': 6, 'D_dagger_layer_units_exponent_1': 10, 'D_dagger_layer_units_exponent_2': 6, 'log_learning_rate': -3.4039401912870453, 'log_learning_rate_D': -3.779396953521222, 'log_learning_rate_D_dagger': -3.144408468685878, 'training_batch_size': 6, 'training_p': 7}
	 epoch  0 training error:  tensor(0.5703, grad_fn=<ToCopyBackward0>)
Memory status after this epoch: 
Memory allocated:  972.3037109375
Memory cached:  1580.0
	 epoch  10 training error:  tensor(0.3619, grad_fn=<ToCopyBackward0>)
Memory status after this epoch: 
Memory allocated:  972.3037109375
Memory cached:  1580.0
	 epoch  20 training error:  tensor(0.2800, grad_fn=<ToCopyBackward0>)
Memory status after this epoch: 
Memory allocated:  972.3037109375
Memory cached:  1580.0
	 epoch  30 training error:  tensor(0.1884, grad_fn=<ToCopyBackward0>)
Memory status after this epoch: 
Memory allocated:  972.3037109375
Memory cached:  1580.0
	 epoch  40 training error:  tensor(0.1666, grad_fn=<ToCopyBackward0>)
Memory status after this epoch: 
Memory allocated:  972.3037109375
Memory cached:  1580.0
	 epoch  50 training error:  tensor(0.1066, grad_fn=<ToCopyBackward0>)
Memory status after this epoch: 
Memory allocated:  972.3037109375
Memory cached:  1580.0
	 epoch  60 training error:  tensor(0.0904, grad_fn=<ToCopyBackward0>)
Memory status after this epoch: 
Memory allocated:  972.3037109375
Memory cached:  1580.0
	 epoch  70 training error:  tensor(0.0754, grad_fn=<ToCopyBackward0>)
Memory status after this epoch: 
Memory allocated:  972.3037109375
Memory cached:  1580.0
	 epoch  80 training error:  tensor(0.0740, grad_fn=<ToCopyBackward0>)
Memory status after this epoch: 
Memory allocated:  972.3037109375
Memory cached:  1580.0
	 epoch  90 training error:  tensor(0.0749, grad_fn=<ToCopyBackward0>)
Memory status after this epoch: 
Memory allocated:  972.3037109375
Memory cached:  1580.0
[I 2024-03-01 17:16:19,807] Trial 22 finished with value: 0.047714147716760635 and parameters: {'W_layers': 7, 'W_layer_units_exponent_0': 5, 'W_layer_units_exponent_1': 5, 'W_layer_units_exponent_2': 9, 'W_layer_units_exponent_3': 5, 'W_layer_units_exponent_4': 7, 'W_layer_units_exponent_5': 8, 'W_layer_units_exponent_6': 8, 'D_layers': 6, 'D_layer_units_exponent_0': 5, 'D_layer_units_exponent_1': 9, 'D_layer_units_exponent_2': 10, 'D_layer_units_exponent_3': 8, 'D_layer_units_exponent_4': 7, 'D_layer_units_exponent_5': 6, 'D_dagger_layers': 3, 'D_dagger_layer_units_exponent_0': 6, 'D_dagger_layer_units_exponent_1': 10, 'D_dagger_layer_units_exponent_2': 6, 'log_learning_rate': -3.4039401912870453, 'log_learning_rate_D': -3.779396953521222, 'log_learning_rate_D_dagger': -3.144408468685878, 'training_batch_size': 6, 'training_p': 7}. Best is trial 22 with value: 0.047714147716760635.
res:  tensor(0.0477, grad_fn=<ToCopyBackward0>)
self.bestValue:  tensor(0.0726, grad_fn=<ToCopyBackward0>)
Save this model!
Time for this trial:  3506.6546652317047
Memory status after this trial: 
Memory allocated:  949.34033203125
Memory cached:  1604.0
--------------------  Trial  23   --------------------
Start timing: 
Parameters: 
{'W_layers': 7, 'W_layer_units_exponent_0': 4, 'W_layer_units_exponent_1': 6, 'W_layer_units_exponent_2': 9, 'W_layer_units_exponent_3': 6, 'W_layer_units_exponent_4': 7, 'W_layer_units_exponent_5': 8, 'W_layer_units_exponent_6': 8, 'D_layers': 6, 'D_layer_units_exponent_0': 6, 'D_layer_units_exponent_1': 10, 'D_layer_units_exponent_2': 9, 'D_layer_units_exponent_3': 8, 'D_layer_units_exponent_4': 7, 'D_layer_units_exponent_5': 7, 'D_dagger_layers': 3, 'D_dagger_layer_units_exponent_0': 6, 'D_dagger_layer_units_exponent_1': 10, 'D_dagger_layer_units_exponent_2': 6, 'log_learning_rate': -3.4744499380824365, 'log_learning_rate_D': -4.497474780995899, 'log_learning_rate_D_dagger': -4.875804607579463, 'training_batch_size': 7, 'training_p': 8}
	 epoch  0 training error:  tensor(0.9131, grad_fn=<ToCopyBackward0>)
Memory status after this epoch: 
Memory allocated:  969.74365234375
Memory cached:  1498.0
	 epoch  10 training error:  tensor(0.5423, grad_fn=<ToCopyBackward0>)
Memory status after this epoch: 
Memory allocated:  969.74365234375
Memory cached:  1498.0
	 epoch  20 training error:  tensor(0.4335, grad_fn=<ToCopyBackward0>)
Memory status after this epoch: 
Memory allocated:  969.74365234375
Memory cached:  1500.0
	 epoch  30 training error:  tensor(0.3980, grad_fn=<ToCopyBackward0>)
Memory status after this epoch: 
Memory allocated:  969.74365234375
Memory cached:  1498.0
	 epoch  40 training error:  tensor(0.3931, grad_fn=<ToCopyBackward0>)
Memory status after this epoch: 
Memory allocated:  969.74365234375
Memory cached:  1498.0
	 epoch  50 training error:  tensor(0.3827, grad_fn=<ToCopyBackward0>)
Memory status after this epoch: 
Memory allocated:  969.74365234375
Memory cached:  1498.0
	 epoch  60 training error:  tensor(0.3763, grad_fn=<ToCopyBackward0>)
Memory status after this epoch: 
Memory allocated:  969.74365234375
Memory cached:  1498.0
	 epoch  70 training error:  tensor(0.3703, grad_fn=<ToCopyBackward0>)
Memory status after this epoch: 
Memory allocated:  969.74365234375
Memory cached:  1498.0
	 epoch  80 training error:  tensor(0.3645, grad_fn=<ToCopyBackward0>)
Memory status after this epoch: 
Memory allocated:  969.74365234375
Memory cached:  1498.0
	 epoch  90 training error:  tensor(0.3580, grad_fn=<ToCopyBackward0>)
Memory status after this epoch: 
Memory allocated:  969.74365234375
Memory cached:  1498.0
