[I 2024-01-02 04:14:51,887] Trial 382 finished with value: 0.32888063788414 and parameters: {'W_layers': 6, 'W_layer_units_exponent_0': 7, 'W_layer_units_exponent_1': 9, 'W_layer_units_exponent_2': 6, 'W_layer_units_exponent_3': 5, 'W_layer_units_exponent_4': 7, 'W_layer_units_exponent_5': 10, 'D_layers': 6, 'D_layer_units_exponent_0': 4, 'D_layer_units_exponent_1': 8, 'D_layer_units_exponent_2': 7, 'D_layer_units_exponent_3': 8, 'D_layer_units_exponent_4': 5, 'D_layer_units_exponent_5': 10, 'D_dagger_layers': 4, 'D_dagger_layer_units_exponent_0': 9, 'D_dagger_layer_units_exponent_1': 10, 'D_dagger_layer_units_exponent_2': 9, 'D_dagger_layer_units_exponent_3': 4, 'log_learning_rate': -2.0918683963232105, 'log_learning_rate_D': -2.841761962209332, 'log_learning_rate_D_dagger': -3.7539581679094796, 'training_batch_size': 6, 'training_p': 2}. Best is trial 143 with value: 0.325590580701828.
Time for this trial:  25.06835961341858
Memory status after this trial: 
Memory allocated:  383.96728515625
Memory cached:  420.0
--------------------  Trial  383   --------------------
Start timing: 
Parameters: 
{'W_layers': 6, 'W_layer_units_exponent_0': 7, 'W_layer_units_exponent_1': 10, 'W_layer_units_exponent_2': 4, 'W_layer_units_exponent_3': 7, 'W_layer_units_exponent_4': 7, 'W_layer_units_exponent_5': 5, 'D_layers': 7, 'D_layer_units_exponent_0': 5, 'D_layer_units_exponent_1': 9, 'D_layer_units_exponent_2': 8, 'D_layer_units_exponent_3': 9, 'D_layer_units_exponent_4': 5, 'D_layer_units_exponent_5': 5, 'D_layer_units_exponent_6': 7, 'D_dagger_layers': 4, 'D_dagger_layer_units_exponent_0': 8, 'D_dagger_layer_units_exponent_1': 10, 'D_dagger_layer_units_exponent_2': 10, 'D_dagger_layer_units_exponent_3': 4, 'log_learning_rate': -3.8223164569199284, 'log_learning_rate_D': -4.545106508162268, 'log_learning_rate_D_dagger': -2.5490021227608963, 'training_batch_size': 11, 'training_p': 2}
	 epoch  0 training error:  tensor(0.9353, device='cuda:0', grad_fn=<DivBackward0>)
Memory status after this epoch: 
Memory allocated:  190.40185546875
Memory cached:  266.0
	 epoch  10 training error:  tensor(0.6288, device='cuda:0', grad_fn=<DivBackward0>)
Memory status after this epoch: 
Memory allocated:  190.40185546875
Memory cached:  266.0
	 epoch  20 training error:  tensor(0.3049, device='cuda:0', grad_fn=<DivBackward0>)
Memory status after this epoch: 
Memory allocated:  190.40185546875
Memory cached:  266.0
	 epoch  30 training error:  tensor(0.2926, device='cuda:0', grad_fn=<DivBackward0>)
Memory status after this epoch: 
Memory allocated:  190.40185546875
Memory cached:  266.0
	 epoch  40 training error:  tensor(0.2861, device='cuda:0', grad_fn=<DivBackward0>)
Memory status after this epoch: 
Memory allocated:  190.40185546875
Memory cached:  266.0
	 epoch  50 training error:  tensor(0.2929, device='cuda:0', grad_fn=<DivBackward0>)
Memory status after this epoch: 
Memory allocated:  190.40185546875
Memory cached:  266.0
	 epoch  60 training error:  tensor(0.2943, device='cuda:0', grad_fn=<DivBackward0>)
Memory status after this epoch: 
Memory allocated:  190.40185546875
Memory cached:  266.0
	 epoch  70 training error:  tensor(0.2860, device='cuda:0', grad_fn=<DivBackward0>)
Memory status after this epoch: 
Memory allocated:  190.40185546875
Memory cached:  266.0
	 epoch  80 training error:  tensor(0.2878, device='cuda:0', grad_fn=<DivBackward0>)
Memory status after this epoch: 
Memory allocated:  190.40185546875
Memory cached:  266.0
	 epoch  90 training error:  tensor(0.2889, device='cuda:0', grad_fn=<DivBackward0>)
Memory status after this epoch: 
Memory allocated:  190.40185546875
Memory cached:  266.0
[I 2024-01-02 04:15:14,745] Trial 383 finished with value: 0.33239275217056274 and parameters: {'W_layers': 6, 'W_layer_units_exponent_0': 7, 'W_layer_units_exponent_1': 10, 'W_layer_units_exponent_2': 4, 'W_layer_units_exponent_3': 7, 'W_layer_units_exponent_4': 7, 'W_layer_units_exponent_5': 5, 'D_layers': 7, 'D_layer_units_exponent_0': 5, 'D_layer_units_exponent_1': 9, 'D_layer_units_exponent_2': 8, 'D_layer_units_exponent_3': 9, 'D_layer_units_exponent_4': 5, 'D_layer_units_exponent_5': 5, 'D_layer_units_exponent_6': 7, 'D_dagger_layers': 4, 'D_dagger_layer_units_exponent_0': 8, 'D_dagger_layer_units_exponent_1': 10, 'D_dagger_layer_units_exponent_2': 10, 'D_dagger_layer_units_exponent_3': 4, 'log_learning_rate': -3.8223164569199284, 'log_learning_rate_D': -4.545106508162268, 'log_learning_rate_D_dagger': -2.5490021227608963, 'training_batch_size': 11, 'training_p': 2}. Best is trial 143 with value: 0.325590580701828.
Time for this trial:  22.332523107528687
Memory status after this trial: 
Memory allocated:  380.22021484375
Memory cached:  450.0
--------------------  Trial  384   --------------------
Start timing: 
Parameters: 
{'W_layers': 6, 'W_layer_units_exponent_0': 8, 'W_layer_units_exponent_1': 9, 'W_layer_units_exponent_2': 6, 'W_layer_units_exponent_3': 8, 'W_layer_units_exponent_4': 7, 'W_layer_units_exponent_5': 5, 'D_layers': 7, 'D_layer_units_exponent_0': 4, 'D_layer_units_exponent_1': 8, 'D_layer_units_exponent_2': 7, 'D_layer_units_exponent_3': 8, 'D_layer_units_exponent_4': 5, 'D_layer_units_exponent_5': 5, 'D_layer_units_exponent_6': 7, 'D_dagger_layers': 4, 'D_dagger_layer_units_exponent_0': 8, 'D_dagger_layer_units_exponent_1': 9, 'D_dagger_layer_units_exponent_2': 8, 'D_dagger_layer_units_exponent_3': 6, 'log_learning_rate': -3.5598287808767086, 'log_learning_rate_D': -2.79773474706251, 'log_learning_rate_D_dagger': -4.16609502294314, 'training_batch_size': 6, 'training_p': 3}
	 epoch  0 training error:  tensor(0.8909, device='cuda:0', grad_fn=<DivBackward0>)
Memory status after this epoch: 
Memory allocated:  174.244140625
Memory cached:  244.0
	 epoch  10 training error:  tensor(0.3905, device='cuda:0', grad_fn=<DivBackward0>)
Memory status after this epoch: 
Memory allocated:  174.244140625
Memory cached:  244.0
	 epoch  20 training error:  tensor(0.3825, device='cuda:0', grad_fn=<DivBackward0>)
Memory status after this epoch: 
Memory allocated:  174.244140625
Memory cached:  244.0
	 epoch  30 training error:  tensor(0.3730, device='cuda:0', grad_fn=<DivBackward0>)
Memory status after this epoch: 
Memory allocated:  174.244140625
Memory cached:  244.0
	 epoch  40 training error:  tensor(0.3756, device='cuda:0', grad_fn=<DivBackward0>)
Memory status after this epoch: 
Memory allocated:  174.244140625
Memory cached:  244.0
	 epoch  50 training error:  tensor(0.3741, device='cuda:0', grad_fn=<DivBackward0>)
Memory status after this epoch: 
Memory allocated:  174.244140625
Memory cached:  244.0
	 epoch  60 training error:  tensor(0.3746, device='cuda:0', grad_fn=<DivBackward0>)
Memory status after this epoch: 
Memory allocated:  174.244140625
Memory cached:  244.0
	 epoch  70 training error:  tensor(0.3799, device='cuda:0', grad_fn=<DivBackward0>)
Memory status after this epoch: 
Memory allocated:  174.244140625
Memory cached:  244.0
	 epoch  80 training error:  tensor(0.3732, device='cuda:0', grad_fn=<DivBackward0>)
Memory status after this epoch: 
Memory allocated:  174.244140625
Memory cached:  244.0
	 epoch  90 training error:  tensor(0.3773, device='cuda:0', grad_fn=<DivBackward0>)
Memory status after this epoch: 
Memory allocated:  174.244140625
Memory cached:  244.0
[I 2024-01-02 04:15:38,517] Trial 384 finished with value: 0.3514530062675476 and parameters: {'W_layers': 6, 'W_layer_units_exponent_0': 8, 'W_layer_units_exponent_1': 9, 'W_layer_units_exponent_2': 6, 'W_layer_units_exponent_3': 8, 'W_layer_units_exponent_4': 7, 'W_layer_units_exponent_5': 5, 'D_layers': 7, 'D_layer_units_exponent_0': 4, 'D_layer_units_exponent_1': 8, 'D_layer_units_exponent_2': 7, 'D_layer_units_exponent_3': 8, 'D_layer_units_exponent_4': 5, 'D_layer_units_exponent_5': 5, 'D_layer_units_exponent_6': 7, 'D_dagger_layers': 4, 'D_dagger_layer_units_exponent_0': 8, 'D_dagger_layer_units_exponent_1': 9, 'D_dagger_layer_units_exponent_2': 8, 'D_dagger_layer_units_exponent_3': 6, 'log_learning_rate': -3.5598287808767086, 'log_learning_rate_D': -2.79773474706251, 'log_learning_rate_D_dagger': -4.16609502294314, 'training_batch_size': 6, 'training_p': 3}. Best is trial 143 with value: 0.325590580701828.
Time for this trial:  23.22147226333618
Memory status after this trial: 
Memory allocated:  296.51708984375
Memory cached:  308.0
--------------------  Trial  385   --------------------
Start timing: 
Parameters: 
{'W_layers': 6, 'W_layer_units_exponent_0': 4, 'W_layer_units_exponent_1': 9, 'W_layer_units_exponent_2': 6, 'W_layer_units_exponent_3': 7, 'W_layer_units_exponent_4': 7, 'W_layer_units_exponent_5': 5, 'D_layers': 7, 'D_layer_units_exponent_0': 4, 'D_layer_units_exponent_1': 10, 'D_layer_units_exponent_2': 8, 'D_layer_units_exponent_3': 7, 'D_layer_units_exponent_4': 5, 'D_layer_units_exponent_5': 5, 'D_layer_units_exponent_6': 10, 'D_dagger_layers': 5, 'D_dagger_layer_units_exponent_0': 8, 'D_dagger_layer_units_exponent_1': 10, 'D_dagger_layer_units_exponent_2': 9, 'D_dagger_layer_units_exponent_3': 5, 'D_dagger_layer_units_exponent_4': 4, 'log_learning_rate': -3.2893650712802582, 'log_learning_rate_D': -1.5926657707454384, 'log_learning_rate_D_dagger': -4.069836215532692, 'training_batch_size': 6, 'training_p': 2}
	 epoch  0 training error:  tensor(0.9876, device='cuda:0', grad_fn=<DivBackward0>)
Memory status after this epoch: 
Memory allocated:  181.41015625
Memory cached:  268.0
	 epoch  10 training error:  tensor(0.2983, device='cuda:0', grad_fn=<DivBackward0>)
Memory status after this epoch: 
Memory allocated:  181.41015625
Memory cached:  272.0
	 epoch  20 training error:  tensor(0.3001, device='cuda:0', grad_fn=<DivBackward0>)
Memory status after this epoch: 
Memory allocated:  181.41015625
Memory cached:  272.0
	 epoch  30 training error:  tensor(0.2886, device='cuda:0', grad_fn=<DivBackward0>)
Memory status after this epoch: 
Memory allocated:  181.41015625
Memory cached:  272.0
	 epoch  40 training error:  tensor(0.2874, device='cuda:0', grad_fn=<DivBackward0>)
Memory status after this epoch: 
Memory allocated:  181.41015625
Memory cached:  272.0
	 epoch  50 training error:  tensor(0.2853, device='cuda:0', grad_fn=<DivBackward0>)
Memory status after this epoch: 
Memory allocated:  181.41015625
Memory cached:  272.0
	 epoch  60 training error:  tensor(0.2864, device='cuda:0', grad_fn=<DivBackward0>)
Memory status after this epoch: 
Memory allocated:  181.41015625
Memory cached:  272.0
	 epoch  70 training error:  tensor(0.2855, device='cuda:0', grad_fn=<DivBackward0>)
Memory status after this epoch: 
Memory allocated:  181.41015625
Memory cached:  272.0
	 epoch  80 training error:  tensor(0.2908, device='cuda:0', grad_fn=<DivBackward0>)
Memory status after this epoch: 
Memory allocated:  181.41015625
Memory cached:  270.0
	 epoch  90 training error:  tensor(0.2877, device='cuda:0', grad_fn=<DivBackward0>)
Memory status after this epoch: 
Memory allocated:  181.41015625
Memory cached:  272.0
[I 2024-01-02 04:16:02,638] Trial 385 finished with value: 0.32976698875427246 and parameters: {'W_layers': 6, 'W_layer_units_exponent_0': 4, 'W_layer_units_exponent_1': 9, 'W_layer_units_exponent_2': 6, 'W_layer_units_exponent_3': 7, 'W_layer_units_exponent_4': 7, 'W_layer_units_exponent_5': 5, 'D_layers': 7, 'D_layer_units_exponent_0': 4, 'D_layer_units_exponent_1': 10, 'D_layer_units_exponent_2': 8, 'D_layer_units_exponent_3': 7, 'D_layer_units_exponent_4': 5, 'D_layer_units_exponent_5': 5, 'D_layer_units_exponent_6': 10, 'D_dagger_layers': 5, 'D_dagger_layer_units_exponent_0': 8, 'D_dagger_layer_units_exponent_1': 10, 'D_dagger_layer_units_exponent_2': 9, 'D_dagger_layer_units_exponent_3': 5, 'D_dagger_layer_units_exponent_4': 4, 'log_learning_rate': -3.2893650712802582, 'log_learning_rate_D': -1.5926657707454384, 'log_learning_rate_D_dagger': -4.069836215532692, 'training_batch_size': 6, 'training_p': 2}. Best is trial 143 with value: 0.325590580701828.
Time for this trial:  23.615459442138672
Memory status after this trial: 
Memory allocated:  321.16455078125
Memory cached:  334.0
--------------------  Trial  386   --------------------
Start timing: 
Parameters: 
{'W_layers': 6, 'W_layer_units_exponent_0': 5, 'W_layer_units_exponent_1': 10, 'W_layer_units_exponent_2': 4, 'W_layer_units_exponent_3': 10, 'W_layer_units_exponent_4': 7, 'W_layer_units_exponent_5': 10, 'D_layers': 6, 'D_layer_units_exponent_0': 4, 'D_layer_units_exponent_1': 9, 'D_layer_units_exponent_2': 8, 'D_layer_units_exponent_3': 8, 'D_layer_units_exponent_4': 9, 'D_layer_units_exponent_5': 5, 'D_dagger_layers': 6, 'D_dagger_layer_units_exponent_0': 8, 'D_dagger_layer_units_exponent_1': 10, 'D_dagger_layer_units_exponent_2': 8, 'D_dagger_layer_units_exponent_3': 4, 'D_dagger_layer_units_exponent_4': 5, 'D_dagger_layer_units_exponent_5': 8, 'log_learning_rate': -3.656736662291648, 'log_learning_rate_D': -2.6497388689751835, 'log_learning_rate_D_dagger': -3.8949646722697384, 'training_batch_size': 12, 'training_p': 2}
	 epoch  0 training error:  tensor(0.9945, device='cuda:0', grad_fn=<DivBackward0>)
Memory status after this epoch: 
Memory allocated:  180.98974609375
Memory cached:  248.0
	 epoch  10 training error:  tensor(0.4423, device='cuda:0', grad_fn=<DivBackward0>)
Memory status after this epoch: 
Memory allocated:  180.98974609375
Memory cached:  252.0
	 epoch  20 training error:  tensor(0.3189, device='cuda:0', grad_fn=<DivBackward0>)
Memory status after this epoch: 
Memory allocated:  180.98974609375
Memory cached:  252.0
	 epoch  30 training error:  tensor(0.3171, device='cuda:0', grad_fn=<DivBackward0>)
Memory status after this epoch: 
Memory allocated:  180.98974609375
Memory cached:  252.0
	 epoch  40 training error:  tensor(0.3055, device='cuda:0', grad_fn=<DivBackward0>)
Memory status after this epoch: 
Memory allocated:  180.98974609375
Memory cached:  252.0
	 epoch  50 training error:  tensor(0.3051, device='cuda:0', grad_fn=<DivBackward0>)
Memory status after this epoch: 
Memory allocated:  180.98974609375
Memory cached:  252.0
	 epoch  60 training error:  tensor(0.2945, device='cuda:0', grad_fn=<DivBackward0>)
Memory status after this epoch: 
Memory allocated:  180.98974609375
Memory cached:  252.0
	 epoch  70 training error:  tensor(0.2910, device='cuda:0', grad_fn=<DivBackward0>)
Memory status after this epoch: 
Memory allocated:  180.98974609375
Memory cached:  252.0
	 epoch  80 training error:  tensor(0.2931, device='cuda:0', grad_fn=<DivBackward0>)
Memory status after this epoch: 
Memory allocated:  180.98974609375
Memory cached:  252.0
	 epoch  90 training error:  tensor(0.2882, device='cuda:0', grad_fn=<DivBackward0>)
Memory status after this epoch: 
Memory allocated:  180.98974609375
Memory cached:  252.0
[I 2024-01-02 04:16:26,630] Trial 386 finished with value: 0.3290189802646637 and parameters: {'W_layers': 6, 'W_layer_units_exponent_0': 5, 'W_layer_units_exponent_1': 10, 'W_layer_units_exponent_2': 4, 'W_layer_units_exponent_3': 10, 'W_layer_units_exponent_4': 7, 'W_layer_units_exponent_5': 10, 'D_layers': 6, 'D_layer_units_exponent_0': 4, 'D_layer_units_exponent_1': 9, 'D_layer_units_exponent_2': 8, 'D_layer_units_exponent_3': 8, 'D_layer_units_exponent_4': 9, 'D_layer_units_exponent_5': 5, 'D_dagger_layers': 6, 'D_dagger_layer_units_exponent_0': 8, 'D_dagger_layer_units_exponent_1': 10, 'D_dagger_layer_units_exponent_2': 8, 'D_dagger_layer_units_exponent_3': 4, 'D_dagger_layer_units_exponent_4': 5, 'D_dagger_layer_units_exponent_5': 8, 'log_learning_rate': -3.656736662291648, 'log_learning_rate_D': -2.6497388689751835, 'log_learning_rate_D_dagger': -3.8949646722697384, 'training_batch_size': 12, 'training_p': 2}. Best is trial 143 with value: 0.325590580701828.
Time for this trial:  23.52537775039673
Memory status after this trial: 
Memory allocated:  440.30224609375
Memory cached:  480.0
--------------------  Trial  387   --------------------
Start timing: 
Parameters: 
{'W_layers': 6, 'W_layer_units_exponent_0': 8, 'W_layer_units_exponent_1': 9, 'W_layer_units_exponent_2': 6, 'W_layer_units_exponent_3': 7, 'W_layer_units_exponent_4': 7, 'W_layer_units_exponent_5': 5, 'D_layers': 7, 'D_layer_units_exponent_0': 4, 'D_layer_units_exponent_1': 8, 'D_layer_units_exponent_2': 7, 'D_layer_units_exponent_3': 8, 'D_layer_units_exponent_4': 6, 'D_layer_units_exponent_5': 8, 'D_layer_units_exponent_6': 6, 'D_dagger_layers': 4, 'D_dagger_layer_units_exponent_0': 8, 'D_dagger_layer_units_exponent_1': 10, 'D_dagger_layer_units_exponent_2': 10, 'D_dagger_layer_units_exponent_3': 6, 'log_learning_rate': -3.872243344275661, 'log_learning_rate_D': -1.9000070402412197, 'log_learning_rate_D_dagger': -3.0199909639014213, 'training_batch_size': 6, 'training_p': 2}
	 epoch  0 training error:  tensor(1.0995, device='cuda:0', grad_fn=<DivBackward0>)
Memory status after this epoch: 
Memory allocated:  190.77392578125
Memory cached:  264.0
	 epoch  10 training error:  tensor(0.3305, device='cuda:0', grad_fn=<DivBackward0>)
Memory status after this epoch: 
Memory allocated:  190.77392578125
Memory cached:  264.0
	 epoch  20 training error:  tensor(0.3154, device='cuda:0', grad_fn=<DivBackward0>)
Memory status after this epoch: 
Memory allocated:  190.77392578125
Memory cached:  264.0
	 epoch  30 training error:  tensor(0.3029, device='cuda:0', grad_fn=<DivBackward0>)
Memory status after this epoch: 
Memory allocated:  190.77392578125
Memory cached:  264.0
	 epoch  40 training error:  tensor(0.3123, device='cuda:0', grad_fn=<DivBackward0>)
Memory status after this epoch: 
Memory allocated:  190.77392578125
Memory cached:  264.0
	 epoch  50 training error:  tensor(0.3103, device='cuda:0', grad_fn=<DivBackward0>)
Memory status after this epoch: 
Memory allocated:  190.77392578125
Memory cached:  264.0
	 epoch  60 training error:  tensor(0.3087, device='cuda:0', grad_fn=<DivBackward0>)
Memory status after this epoch: 
Memory allocated:  190.77392578125
Memory cached:  264.0
	 epoch  70 training error:  tensor(0.3154, device='cuda:0', grad_fn=<DivBackward0>)
Memory status after this epoch: 
Memory allocated:  190.77392578125
Memory cached:  264.0
	 epoch  80 training error:  tensor(0.3103, device='cuda:0', grad_fn=<DivBackward0>)
Memory status after this epoch: 
Memory allocated:  190.77392578125
Memory cached:  264.0
	 epoch  90 training error:  tensor(0.3010, device='cuda:0', grad_fn=<DivBackward0>)
Memory status after this epoch: 
Memory allocated:  190.77392578125
Memory cached:  264.0
