[I 2024-01-01 20:35:59,169] Trial 321 finished with value: 0.15031121671199799 and parameters: {'W_layers': 5, 'W_layer_units_exponent_0': 7, 'W_layer_units_exponent_1': 7, 'W_layer_units_exponent_2': 6, 'W_layer_units_exponent_3': 4, 'W_layer_units_exponent_4': 5, 'D_layers': 5, 'D_layer_units_exponent_0': 10, 'D_layer_units_exponent_1': 9, 'D_layer_units_exponent_2': 10, 'D_layer_units_exponent_3': 8, 'D_layer_units_exponent_4': 5, 'D_dagger_layers': 4, 'D_dagger_layer_units_exponent_0': 10, 'D_dagger_layer_units_exponent_1': 5, 'D_dagger_layer_units_exponent_2': 5, 'D_dagger_layer_units_exponent_3': 7, 'log_learning_rate': -1.8202589912219878, 'log_learning_rate_D': -3.862213434442852, 'log_learning_rate_D_dagger': -2.755843669852608, 'training_batch_size': 11, 'training_p': 5}. Best is trial 220 with value: 0.11745021492242813.
Time for this trial:  196.47575688362122
Memory status after this trial: 
Memory allocated:  447.029296875
Memory cached:  462.0
--------------------  Trial  322   --------------------
Start timing: 
Parameters: 
{'W_layers': 5, 'W_layer_units_exponent_0': 7, 'W_layer_units_exponent_1': 7, 'W_layer_units_exponent_2': 6, 'W_layer_units_exponent_3': 4, 'W_layer_units_exponent_4': 5, 'D_layers': 5, 'D_layer_units_exponent_0': 10, 'D_layer_units_exponent_1': 9, 'D_layer_units_exponent_2': 10, 'D_layer_units_exponent_3': 9, 'D_layer_units_exponent_4': 5, 'D_dagger_layers': 4, 'D_dagger_layer_units_exponent_0': 10, 'D_dagger_layer_units_exponent_1': 5, 'D_dagger_layer_units_exponent_2': 4, 'D_dagger_layer_units_exponent_3': 7, 'log_learning_rate': -1.9571893957632185, 'log_learning_rate_D': -3.9140895111235747, 'log_learning_rate_D_dagger': -2.8034386336614427, 'training_batch_size': 12, 'training_p': 5}
	 epoch  0 training error:  tensor(0.9286, device='cuda:0', grad_fn=<DivBackward0>)
Memory status after this epoch: 
Memory allocated:  227.56103515625
Memory cached:  438.0
	 epoch  10 training error:  tensor(0.5222, device='cuda:0', grad_fn=<DivBackward0>)
Memory status after this epoch: 
Memory allocated:  227.56103515625
Memory cached:  468.0
	 epoch  20 training error:  tensor(0.4815, device='cuda:0', grad_fn=<DivBackward0>)
Memory status after this epoch: 
Memory allocated:  227.56103515625
Memory cached:  480.0
	 epoch  30 training error:  tensor(0.4714, device='cuda:0', grad_fn=<DivBackward0>)
Memory status after this epoch: 
Memory allocated:  227.56103515625
Memory cached:  458.0
	 epoch  40 training error:  tensor(0.4712, device='cuda:0', grad_fn=<DivBackward0>)
Memory status after this epoch: 
Memory allocated:  227.56103515625
Memory cached:  460.0
	 epoch  50 training error:  tensor(0.4201, device='cuda:0', grad_fn=<DivBackward0>)
Memory status after this epoch: 
Memory allocated:  227.56103515625
Memory cached:  466.0
	 epoch  60 training error:  tensor(0.3156, device='cuda:0', grad_fn=<DivBackward0>)
Memory status after this epoch: 
Memory allocated:  227.56103515625
Memory cached:  468.0
	 epoch  70 training error:  tensor(0.2757, device='cuda:0', grad_fn=<DivBackward0>)
Memory status after this epoch: 
Memory allocated:  227.56103515625
Memory cached:  470.0
	 epoch  80 training error:  tensor(0.2333, device='cuda:0', grad_fn=<DivBackward0>)
Memory status after this epoch: 
Memory allocated:  227.56103515625
Memory cached:  458.0
	 epoch  90 training error:  tensor(0.2159, device='cuda:0', grad_fn=<DivBackward0>)
Memory status after this epoch: 
Memory allocated:  227.56103515625
Memory cached:  466.0
[I 2024-01-01 20:39:13,917] Trial 322 finished with value: 0.13575303554534912 and parameters: {'W_layers': 5, 'W_layer_units_exponent_0': 7, 'W_layer_units_exponent_1': 7, 'W_layer_units_exponent_2': 6, 'W_layer_units_exponent_3': 4, 'W_layer_units_exponent_4': 5, 'D_layers': 5, 'D_layer_units_exponent_0': 10, 'D_layer_units_exponent_1': 9, 'D_layer_units_exponent_2': 10, 'D_layer_units_exponent_3': 9, 'D_layer_units_exponent_4': 5, 'D_dagger_layers': 4, 'D_dagger_layer_units_exponent_0': 10, 'D_dagger_layer_units_exponent_1': 5, 'D_dagger_layer_units_exponent_2': 4, 'D_dagger_layer_units_exponent_3': 7, 'log_learning_rate': -1.9571893957632185, 'log_learning_rate_D': -3.9140895111235747, 'log_learning_rate_D_dagger': -2.8034386336614427, 'training_batch_size': 12, 'training_p': 5}. Best is trial 220 with value: 0.11745021492242813.
Time for this trial:  194.19971346855164
Memory status after this trial: 
Memory allocated:  461.92578125
Memory cached:  472.0
--------------------  Trial  323   --------------------
Start timing: 
Parameters: 
{'W_layers': 5, 'W_layer_units_exponent_0': 7, 'W_layer_units_exponent_1': 7, 'W_layer_units_exponent_2': 6, 'W_layer_units_exponent_3': 4, 'W_layer_units_exponent_4': 5, 'D_layers': 6, 'D_layer_units_exponent_0': 10, 'D_layer_units_exponent_1': 9, 'D_layer_units_exponent_2': 10, 'D_layer_units_exponent_3': 9, 'D_layer_units_exponent_4': 5, 'D_layer_units_exponent_5': 4, 'D_dagger_layers': 4, 'D_dagger_layer_units_exponent_0': 10, 'D_dagger_layer_units_exponent_1': 5, 'D_dagger_layer_units_exponent_2': 4, 'D_dagger_layer_units_exponent_3': 7, 'log_learning_rate': -1.9742514348308458, 'log_learning_rate_D': -3.864113195928518, 'log_learning_rate_D_dagger': -2.8129737282382052, 'training_batch_size': 10, 'training_p': 5}
	 epoch  0 training error:  tensor(1.0095, device='cuda:0', grad_fn=<DivBackward0>)
Memory status after this epoch: 
Memory allocated:  227.57080078125
Memory cached:  432.0
	 epoch  10 training error:  tensor(0.4955, device='cuda:0', grad_fn=<DivBackward0>)
Memory status after this epoch: 
Memory allocated:  227.57080078125
Memory cached:  454.0
	 epoch  20 training error:  tensor(0.4837, device='cuda:0', grad_fn=<DivBackward0>)
Memory status after this epoch: 
Memory allocated:  227.57080078125
Memory cached:  448.0
	 epoch  30 training error:  tensor(0.4862, device='cuda:0', grad_fn=<DivBackward0>)
Memory status after this epoch: 
Memory allocated:  227.57080078125
Memory cached:  454.0
	 epoch  40 training error:  tensor(0.4991, device='cuda:0', grad_fn=<DivBackward0>)
Memory status after this epoch: 
Memory allocated:  227.57080078125
Memory cached:  462.0
	 epoch  50 training error:  tensor(0.4857, device='cuda:0', grad_fn=<DivBackward0>)
Memory status after this epoch: 
Memory allocated:  227.57080078125
Memory cached:  450.0
	 epoch  60 training error:  tensor(0.4810, device='cuda:0', grad_fn=<DivBackward0>)
Memory status after this epoch: 
Memory allocated:  227.57080078125
Memory cached:  454.0
	 epoch  70 training error:  tensor(0.4825, device='cuda:0', grad_fn=<DivBackward0>)
Memory status after this epoch: 
Memory allocated:  227.57080078125
Memory cached:  454.0
	 epoch  80 training error:  tensor(0.4757, device='cuda:0', grad_fn=<DivBackward0>)
Memory status after this epoch: 
Memory allocated:  227.57080078125
Memory cached:  460.0
	 epoch  90 training error:  tensor(0.4650, device='cuda:0', grad_fn=<DivBackward0>)
Memory status after this epoch: 
Memory allocated:  227.57080078125
Memory cached:  458.0
[I 2024-01-01 20:42:39,460] Trial 323 finished with value: 0.27392804622650146 and parameters: {'W_layers': 5, 'W_layer_units_exponent_0': 7, 'W_layer_units_exponent_1': 7, 'W_layer_units_exponent_2': 6, 'W_layer_units_exponent_3': 4, 'W_layer_units_exponent_4': 5, 'D_layers': 6, 'D_layer_units_exponent_0': 10, 'D_layer_units_exponent_1': 9, 'D_layer_units_exponent_2': 10, 'D_layer_units_exponent_3': 9, 'D_layer_units_exponent_4': 5, 'D_layer_units_exponent_5': 4, 'D_dagger_layers': 4, 'D_dagger_layer_units_exponent_0': 10, 'D_dagger_layer_units_exponent_1': 5, 'D_dagger_layer_units_exponent_2': 4, 'D_dagger_layer_units_exponent_3': 7, 'log_learning_rate': -1.9742514348308458, 'log_learning_rate_D': -3.864113195928518, 'log_learning_rate_D_dagger': -2.8129737282382052, 'training_batch_size': 10, 'training_p': 5}. Best is trial 220 with value: 0.11745021492242813.
Time for this trial:  205.06053233146667
Memory status after this trial: 
Memory allocated:  463.04248046875
Memory cached:  472.0
--------------------  Trial  324   --------------------
Start timing: 
Parameters: 
{'W_layers': 5, 'W_layer_units_exponent_0': 7, 'W_layer_units_exponent_1': 7, 'W_layer_units_exponent_2': 6, 'W_layer_units_exponent_3': 4, 'W_layer_units_exponent_4': 8, 'D_layers': 5, 'D_layer_units_exponent_0': 10, 'D_layer_units_exponent_1': 9, 'D_layer_units_exponent_2': 10, 'D_layer_units_exponent_3': 4, 'D_layer_units_exponent_4': 5, 'D_dagger_layers': 4, 'D_dagger_layer_units_exponent_0': 10, 'D_dagger_layer_units_exponent_1': 5, 'D_dagger_layer_units_exponent_2': 4, 'D_dagger_layer_units_exponent_3': 8, 'log_learning_rate': -1.8824270168658188, 'log_learning_rate_D': -3.9458546279383886, 'log_learning_rate_D_dagger': -2.8816660783346557, 'training_batch_size': 9, 'training_p': 5}
	 epoch  0 training error:  tensor(1.0495, device='cuda:0', grad_fn=<DivBackward0>)
Memory status after this epoch: 
Memory allocated:  219.65673828125
Memory cached:  406.0
	 epoch  10 training error:  tensor(0.5210, device='cuda:0', grad_fn=<DivBackward0>)
Memory status after this epoch: 
Memory allocated:  219.65673828125
Memory cached:  444.0
	 epoch  20 training error:  tensor(0.5076, device='cuda:0', grad_fn=<DivBackward0>)
Memory status after this epoch: 
Memory allocated:  219.65673828125
Memory cached:  468.0
	 epoch  30 training error:  tensor(0.4815, device='cuda:0', grad_fn=<DivBackward0>)
Memory status after this epoch: 
Memory allocated:  219.65673828125
Memory cached:  450.0
	 epoch  40 training error:  tensor(0.4839, device='cuda:0', grad_fn=<DivBackward0>)
Memory status after this epoch: 
Memory allocated:  219.65673828125
Memory cached:  428.0
	 epoch  50 training error:  tensor(0.4820, device='cuda:0', grad_fn=<DivBackward0>)
Memory status after this epoch: 
Memory allocated:  219.65673828125
Memory cached:  450.0
	 epoch  60 training error:  tensor(0.4364, device='cuda:0', grad_fn=<DivBackward0>)
Memory status after this epoch: 
Memory allocated:  219.65673828125
Memory cached:  460.0
	 epoch  70 training error:  tensor(0.4247, device='cuda:0', grad_fn=<DivBackward0>)
Memory status after this epoch: 
Memory allocated:  219.65673828125
Memory cached:  448.0
	 epoch  80 training error:  tensor(0.3436, device='cuda:0', grad_fn=<DivBackward0>)
Memory status after this epoch: 
Memory allocated:  219.65673828125
Memory cached:  464.0
	 epoch  90 training error:  tensor(0.2954, device='cuda:0', grad_fn=<DivBackward0>)
Memory status after this epoch: 
Memory allocated:  219.65673828125
Memory cached:  462.0
[I 2024-01-01 20:45:56,883] Trial 324 finished with value: 0.14830176532268524 and parameters: {'W_layers': 5, 'W_layer_units_exponent_0': 7, 'W_layer_units_exponent_1': 7, 'W_layer_units_exponent_2': 6, 'W_layer_units_exponent_3': 4, 'W_layer_units_exponent_4': 8, 'D_layers': 5, 'D_layer_units_exponent_0': 10, 'D_layer_units_exponent_1': 9, 'D_layer_units_exponent_2': 10, 'D_layer_units_exponent_3': 4, 'D_layer_units_exponent_4': 5, 'D_dagger_layers': 4, 'D_dagger_layer_units_exponent_0': 10, 'D_dagger_layer_units_exponent_1': 5, 'D_dagger_layer_units_exponent_2': 4, 'D_dagger_layer_units_exponent_3': 8, 'log_learning_rate': -1.8824270168658188, 'log_learning_rate_D': -3.9458546279383886, 'log_learning_rate_D_dagger': -2.8816660783346557, 'training_batch_size': 9, 'training_p': 5}. Best is trial 220 with value: 0.11745021492242813.
Time for this trial:  196.74717354774475
Memory status after this trial: 
Memory allocated:  448.03173828125
Memory cached:  462.0
--------------------  Trial  325   --------------------
Start timing: 
Parameters: 
{'W_layers': 5, 'W_layer_units_exponent_0': 7, 'W_layer_units_exponent_1': 7, 'W_layer_units_exponent_2': 6, 'W_layer_units_exponent_3': 4, 'W_layer_units_exponent_4': 5, 'D_layers': 5, 'D_layer_units_exponent_0': 10, 'D_layer_units_exponent_1': 9, 'D_layer_units_exponent_2': 10, 'D_layer_units_exponent_3': 10, 'D_layer_units_exponent_4': 5, 'D_dagger_layers': 4, 'D_dagger_layer_units_exponent_0': 10, 'D_dagger_layer_units_exponent_1': 5, 'D_dagger_layer_units_exponent_2': 4, 'D_dagger_layer_units_exponent_3': 7, 'log_learning_rate': -1.7119503782114907, 'log_learning_rate_D': -3.813787023329259, 'log_learning_rate_D_dagger': -2.7625166463443924, 'training_batch_size': 6, 'training_p': 5}
	 epoch  0 training error:  tensor(1.6529, device='cuda:0', grad_fn=<DivBackward0>)
Memory status after this epoch: 
Memory allocated:  235.84423828125
Memory cached:  450.0
	 epoch  10 training error:  tensor(0.5048, device='cuda:0', grad_fn=<DivBackward0>)
Memory status after this epoch: 
Memory allocated:  235.84423828125
Memory cached:  494.0
	 epoch  20 training error:  tensor(0.4841, device='cuda:0', grad_fn=<DivBackward0>)
Memory status after this epoch: 
Memory allocated:  235.84423828125
Memory cached:  482.0
	 epoch  30 training error:  tensor(0.4773, device='cuda:0', grad_fn=<DivBackward0>)
Memory status after this epoch: 
Memory allocated:  235.84423828125
Memory cached:  484.0
	 epoch  40 training error:  tensor(0.4811, device='cuda:0', grad_fn=<DivBackward0>)
Memory status after this epoch: 
Memory allocated:  235.84423828125
Memory cached:  476.0
	 epoch  50 training error:  tensor(0.4751, device='cuda:0', grad_fn=<DivBackward0>)
Memory status after this epoch: 
Memory allocated:  235.84423828125
Memory cached:  472.0
	 epoch  60 training error:  tensor(0.4770, device='cuda:0', grad_fn=<DivBackward0>)
Memory status after this epoch: 
Memory allocated:  235.84423828125
Memory cached:  488.0
	 epoch  70 training error:  tensor(0.4202, device='cuda:0', grad_fn=<DivBackward0>)
Memory status after this epoch: 
Memory allocated:  235.84423828125
Memory cached:  482.0
	 epoch  80 training error:  tensor(0.2642, device='cuda:0', grad_fn=<DivBackward0>)
Memory status after this epoch: 
Memory allocated:  235.84423828125
Memory cached:  478.0
	 epoch  90 training error:  tensor(0.3457, device='cuda:0', grad_fn=<DivBackward0>)
Memory status after this epoch: 
Memory allocated:  235.84423828125
Memory cached:  488.0
[I 2024-01-01 20:51:38,011] Trial 325 finished with value: 0.18104079365730286 and parameters: {'W_layers': 5, 'W_layer_units_exponent_0': 7, 'W_layer_units_exponent_1': 7, 'W_layer_units_exponent_2': 6, 'W_layer_units_exponent_3': 4, 'W_layer_units_exponent_4': 5, 'D_layers': 5, 'D_layer_units_exponent_0': 10, 'D_layer_units_exponent_1': 9, 'D_layer_units_exponent_2': 10, 'D_layer_units_exponent_3': 10, 'D_layer_units_exponent_4': 5, 'D_dagger_layers': 4, 'D_dagger_layer_units_exponent_0': 10, 'D_dagger_layer_units_exponent_1': 5, 'D_dagger_layer_units_exponent_2': 4, 'D_dagger_layer_units_exponent_3': 7, 'log_learning_rate': -1.7119503782114907, 'log_learning_rate_D': -3.813787023329259, 'log_learning_rate_D_dagger': -2.7625166463443924, 'training_batch_size': 6, 'training_p': 5}. Best is trial 220 with value: 0.11745021492242813.
Time for this trial:  340.63688230514526
Memory status after this trial: 
Memory allocated:  493.1748046875
Memory cached:  520.0
--------------------  Trial  326   --------------------
Start timing: 
Parameters: 
{'W_layers': 5, 'W_layer_units_exponent_0': 7, 'W_layer_units_exponent_1': 7, 'W_layer_units_exponent_2': 6, 'W_layer_units_exponent_3': 4, 'W_layer_units_exponent_4': 5, 'D_layers': 5, 'D_layer_units_exponent_0': 10, 'D_layer_units_exponent_1': 9, 'D_layer_units_exponent_2': 10, 'D_layer_units_exponent_3': 9, 'D_layer_units_exponent_4': 5, 'D_dagger_layers': 4, 'D_dagger_layer_units_exponent_0': 10, 'D_dagger_layer_units_exponent_1': 5, 'D_dagger_layer_units_exponent_2': 4, 'D_dagger_layer_units_exponent_3': 7, 'log_learning_rate': -1.9819415883805804, 'log_learning_rate_D': -3.936094500943987, 'log_learning_rate_D_dagger': -2.815595692729363, 'training_batch_size': 12, 'training_p': 5}
	 epoch  0 training error:  tensor(1.0152, device='cuda:0', grad_fn=<DivBackward0>)
Memory status after this epoch: 
Memory allocated:  227.56103515625
Memory cached:  432.0
	 epoch  10 training error:  tensor(0.5329, device='cuda:0', grad_fn=<DivBackward0>)
Memory status after this epoch: 
Memory allocated:  227.56103515625
Memory cached:  452.0
	 epoch  20 training error:  tensor(0.4923, device='cuda:0', grad_fn=<DivBackward0>)
Memory status after this epoch: 
Memory allocated:  227.56103515625
Memory cached:  470.0
	 epoch  30 training error:  tensor(0.4800, device='cuda:0', grad_fn=<DivBackward0>)
Memory status after this epoch: 
Memory allocated:  227.56103515625
Memory cached:  474.0
	 epoch  40 training error:  tensor(0.4787, device='cuda:0', grad_fn=<DivBackward0>)
Memory status after this epoch: 
Memory allocated:  227.56103515625
Memory cached:  458.0
	 epoch  50 training error:  tensor(0.4874, device='cuda:0', grad_fn=<DivBackward0>)
Memory status after this epoch: 
Memory allocated:  227.56103515625
Memory cached:  464.0
	 epoch  60 training error:  tensor(0.4841, device='cuda:0', grad_fn=<DivBackward0>)
Memory status after this epoch: 
Memory allocated:  227.56103515625
Memory cached:  460.0
	 epoch  70 training error:  tensor(0.4735, device='cuda:0', grad_fn=<DivBackward0>)
Memory status after this epoch: 
Memory allocated:  227.56103515625
Memory cached:  470.0
	 epoch  80 training error:  tensor(0.4666, device='cuda:0', grad_fn=<DivBackward0>)
Memory status after this epoch: 
Memory allocated:  227.56103515625
Memory cached:  464.0
	 epoch  90 training error:  tensor(0.4403, device='cuda:0', grad_fn=<DivBackward0>)
Memory status after this epoch: 
Memory allocated:  227.56103515625
Memory cached:  458.0
[I 2024-01-01 20:54:58,108] Trial 326 finished with value: 0.28185972571372986 and parameters: {'W_layers': 5, 'W_layer_units_exponent_0': 7, 'W_layer_units_exponent_1': 7, 'W_layer_units_exponent_2': 6, 'W_layer_units_exponent_3': 4, 'W_layer_units_exponent_4': 5, 'D_layers': 5, 'D_layer_units_exponent_0': 10, 'D_layer_units_exponent_1': 9, 'D_layer_units_exponent_2': 10, 'D_layer_units_exponent_3': 9, 'D_layer_units_exponent_4': 5, 'D_dagger_layers': 4, 'D_dagger_layer_units_exponent_0': 10, 'D_dagger_layer_units_exponent_1': 5, 'D_dagger_layer_units_exponent_2': 4, 'D_dagger_layer_units_exponent_3': 7, 'log_learning_rate': -1.9819415883805804, 'log_learning_rate_D': -3.936094500943987, 'log_learning_rate_D_dagger': -2.815595692729363, 'training_batch_size': 12, 'training_p': 5}. Best is trial 220 with value: 0.11745021492242813.
Time for this trial:  199.66080617904663
Memory status after this trial: 
Memory allocated:  461.92578125
Memory cached:  472.0
--------------------  Trial  327   --------------------
Start timing: 
Parameters: 
{'W_layers': 5, 'W_layer_units_exponent_0': 7, 'W_layer_units_exponent_1': 7, 'W_layer_units_exponent_2': 6, 'W_layer_units_exponent_3': 4, 'W_layer_units_exponent_4': 5, 'D_layers': 5, 'D_layer_units_exponent_0': 10, 'D_layer_units_exponent_1': 9, 'D_layer_units_exponent_2': 10, 'D_layer_units_exponent_3': 9, 'D_layer_units_exponent_4': 5, 'D_dagger_layers': 4, 'D_dagger_layer_units_exponent_0': 10, 'D_dagger_layer_units_exponent_1': 5, 'D_dagger_layer_units_exponent_2': 9, 'D_dagger_layer_units_exponent_3': 8, 'log_learning_rate': -2.0813640708151238, 'log_learning_rate_D': -3.7532123780418756, 'log_learning_rate_D_dagger': -2.6963946270909718, 'training_batch_size': 7, 'training_p': 5}
	 epoch  0 training error:  tensor(1.0557, device='cuda:0', grad_fn=<DivBackward0>)
Memory status after this epoch: 
Memory allocated:  229.78173828125
Memory cached:  438.0
	 epoch  10 training error:  tensor(0.5920, device='cuda:0', grad_fn=<DivBackward0>)
Memory status after this epoch: 
Memory allocated:  229.78173828125
Memory cached:  492.0
	 epoch  20 training error:  tensor(0.4865, device='cuda:0', grad_fn=<DivBackward0>)
Memory status after this epoch: 
Memory allocated:  229.78173828125
Memory cached:  476.0
	 epoch  30 training error:  tensor(0.4918, device='cuda:0', grad_fn=<DivBackward0>)
Memory status after this epoch: 
Memory allocated:  229.78173828125
Memory cached:  466.0
	 epoch  40 training error:  tensor(0.4820, device='cuda:0', grad_fn=<DivBackward0>)
Memory status after this epoch: 
Memory allocated:  229.78173828125
Memory cached:  488.0
	 epoch  50 training error:  tensor(0.4694, device='cuda:0', grad_fn=<DivBackward0>)
Memory status after this epoch: 
Memory allocated:  229.78173828125
Memory cached:  488.0
	 epoch  60 training error:  tensor(0.4588, device='cuda:0', grad_fn=<DivBackward0>)
Memory status after this epoch: 
Memory allocated:  229.78173828125
Memory cached:  498.0
	 epoch  70 training error:  tensor(0.3694, device='cuda:0', grad_fn=<DivBackward0>)
Memory status after this epoch: 
Memory allocated:  229.78173828125
Memory cached:  490.0
	 epoch  80 training error:  tensor(0.3185, device='cuda:0', grad_fn=<DivBackward0>)
Memory status after this epoch: 
Memory allocated:  229.78173828125
Memory cached:  488.0
	 epoch  90 training error:  tensor(0.3023, device='cuda:0', grad_fn=<DivBackward0>)
Memory status after this epoch: 
Memory allocated:  229.78173828125
Memory cached:  488.0
