[I 2024-01-25 00:12:47,500] Trial 298 finished with value: 0.13007676601409912 and parameters: {'W_layers': 7, 'W_layer_units_exponent_0': 5, 'W_layer_units_exponent_1': 4, 'W_layer_units_exponent_2': 8, 'W_layer_units_exponent_3': 5, 'W_layer_units_exponent_4': 7, 'W_layer_units_exponent_5': 4, 'W_layer_units_exponent_6': 10, 'D_layers': 7, 'D_layer_units_exponent_0': 8, 'D_layer_units_exponent_1': 6, 'D_layer_units_exponent_2': 4, 'D_layer_units_exponent_3': 10, 'D_layer_units_exponent_4': 5, 'D_layer_units_exponent_5': 5, 'D_layer_units_exponent_6': 9, 'D_dagger_layers': 8, 'D_dagger_layer_units_exponent_0': 9, 'D_dagger_layer_units_exponent_1': 10, 'D_dagger_layer_units_exponent_2': 5, 'D_dagger_layer_units_exponent_3': 9, 'D_dagger_layer_units_exponent_4': 8, 'D_dagger_layer_units_exponent_5': 9, 'D_dagger_layer_units_exponent_6': 4, 'D_dagger_layer_units_exponent_7': 5, 'log_learning_rate': -2.9655530062117377, 'log_learning_rate_D': -4.0514168995991415, 'log_learning_rate_D_dagger': -3.5741212178778197, 'training_batch_size': 6, 'training_p': 7}. Best is trial 293 with value: 0.07296773046255112.
Time for this trial:  685.8284559249878
Memory status after this trial: 
Memory allocated:  1417.8857421875
Memory cached:  1434.0
--------------------  Trial  299   --------------------
Start timing: 
Parameters: 
{'W_layers': 7, 'W_layer_units_exponent_0': 4, 'W_layer_units_exponent_1': 4, 'W_layer_units_exponent_2': 7, 'W_layer_units_exponent_3': 10, 'W_layer_units_exponent_4': 7, 'W_layer_units_exponent_5': 4, 'W_layer_units_exponent_6': 10, 'D_layers': 7, 'D_layer_units_exponent_0': 8, 'D_layer_units_exponent_1': 6, 'D_layer_units_exponent_2': 4, 'D_layer_units_exponent_3': 10, 'D_layer_units_exponent_4': 5, 'D_layer_units_exponent_5': 5, 'D_layer_units_exponent_6': 7, 'D_dagger_layers': 8, 'D_dagger_layer_units_exponent_0': 9, 'D_dagger_layer_units_exponent_1': 10, 'D_dagger_layer_units_exponent_2': 5, 'D_dagger_layer_units_exponent_3': 9, 'D_dagger_layer_units_exponent_4': 8, 'D_dagger_layer_units_exponent_5': 9, 'D_dagger_layer_units_exponent_6': 4, 'D_dagger_layer_units_exponent_7': 5, 'log_learning_rate': -2.9905939952074463, 'log_learning_rate_D': -4.00592425196419, 'log_learning_rate_D_dagger': -3.7331011501824514, 'training_batch_size': 6, 'training_p': 8}
	 epoch  0 training error:  tensor(0.8807, device='cuda:0', grad_fn=<DivBackward0>)
Memory status after this epoch: 
Memory allocated:  777.72314453125
Memory cached:  1208.0
	 epoch  10 training error:  tensor(0.4230, device='cuda:0', grad_fn=<DivBackward0>)
Memory status after this epoch: 
Memory allocated:  777.72314453125
Memory cached:  1220.0
	 epoch  20 training error:  tensor(0.4089, device='cuda:0', grad_fn=<DivBackward0>)
Memory status after this epoch: 
Memory allocated:  777.72314453125
Memory cached:  1218.0
	 epoch  30 training error:  tensor(0.3632, device='cuda:0', grad_fn=<DivBackward0>)
Memory status after this epoch: 
Memory allocated:  777.72314453125
Memory cached:  1226.0
	 epoch  40 training error:  tensor(0.3595, device='cuda:0', grad_fn=<DivBackward0>)
Memory status after this epoch: 
Memory allocated:  777.72314453125
Memory cached:  1220.0
	 epoch  50 training error:  tensor(0.3559, device='cuda:0', grad_fn=<DivBackward0>)
Memory status after this epoch: 
Memory allocated:  777.72314453125
Memory cached:  1224.0
	 epoch  60 training error:  tensor(0.3418, device='cuda:0', grad_fn=<DivBackward0>)
Memory status after this epoch: 
Memory allocated:  777.72314453125
Memory cached:  1224.0
	 epoch  70 training error:  tensor(0.3395, device='cuda:0', grad_fn=<DivBackward0>)
Memory status after this epoch: 
Memory allocated:  777.72314453125
Memory cached:  1218.0
	 epoch  80 training error:  tensor(0.2666, device='cuda:0', grad_fn=<DivBackward0>)
Memory status after this epoch: 
Memory allocated:  777.72314453125
Memory cached:  1218.0
	 epoch  90 training error:  tensor(0.2186, device='cuda:0', grad_fn=<DivBackward0>)
Memory status after this epoch: 
Memory allocated:  777.72314453125
Memory cached:  1228.0
[I 2024-01-25 00:24:11,063] Trial 299 finished with value: 0.1307845562696457 and parameters: {'W_layers': 7, 'W_layer_units_exponent_0': 4, 'W_layer_units_exponent_1': 4, 'W_layer_units_exponent_2': 7, 'W_layer_units_exponent_3': 10, 'W_layer_units_exponent_4': 7, 'W_layer_units_exponent_5': 4, 'W_layer_units_exponent_6': 10, 'D_layers': 7, 'D_layer_units_exponent_0': 8, 'D_layer_units_exponent_1': 6, 'D_layer_units_exponent_2': 4, 'D_layer_units_exponent_3': 10, 'D_layer_units_exponent_4': 5, 'D_layer_units_exponent_5': 5, 'D_layer_units_exponent_6': 7, 'D_dagger_layers': 8, 'D_dagger_layer_units_exponent_0': 9, 'D_dagger_layer_units_exponent_1': 10, 'D_dagger_layer_units_exponent_2': 5, 'D_dagger_layer_units_exponent_3': 9, 'D_dagger_layer_units_exponent_4': 8, 'D_dagger_layer_units_exponent_5': 9, 'D_dagger_layer_units_exponent_6': 4, 'D_dagger_layer_units_exponent_7': 5, 'log_learning_rate': -2.9905939952074463, 'log_learning_rate_D': -4.00592425196419, 'log_learning_rate_D_dagger': -3.7331011501824514, 'training_batch_size': 6, 'training_p': 8}. Best is trial 293 with value: 0.07296773046255112.
Time for this trial:  682.9367918968201
Memory status after this trial: 
Memory allocated:  1475.4521484375
Memory cached:  1494.0
--------------------  Trial  300   --------------------
Start timing: 
Parameters: 
{'W_layers': 7, 'W_layer_units_exponent_0': 5, 'W_layer_units_exponent_1': 4, 'W_layer_units_exponent_2': 7, 'W_layer_units_exponent_3': 6, 'W_layer_units_exponent_4': 7, 'W_layer_units_exponent_5': 4, 'W_layer_units_exponent_6': 10, 'D_layers': 7, 'D_layer_units_exponent_0': 8, 'D_layer_units_exponent_1': 6, 'D_layer_units_exponent_2': 4, 'D_layer_units_exponent_3': 10, 'D_layer_units_exponent_4': 5, 'D_layer_units_exponent_5': 5, 'D_layer_units_exponent_6': 8, 'D_dagger_layers': 8, 'D_dagger_layer_units_exponent_0': 9, 'D_dagger_layer_units_exponent_1': 10, 'D_dagger_layer_units_exponent_2': 5, 'D_dagger_layer_units_exponent_3': 9, 'D_dagger_layer_units_exponent_4': 8, 'D_dagger_layer_units_exponent_5': 10, 'D_dagger_layer_units_exponent_6': 4, 'D_dagger_layer_units_exponent_7': 5, 'log_learning_rate': -3.240972322851749, 'log_learning_rate_D': -4.114334333124726, 'log_learning_rate_D_dagger': -3.5907726427294175, 'training_batch_size': 6, 'training_p': 7}
	 epoch  0 training error:  tensor(0.9557, device='cuda:0', grad_fn=<DivBackward0>)
Memory status after this epoch: 
Memory allocated:  776.16259765625
Memory cached:  1208.0
	 epoch  10 training error:  tensor(0.4031, device='cuda:0', grad_fn=<DivBackward0>)
Memory status after this epoch: 
Memory allocated:  776.16259765625
Memory cached:  1224.0
	 epoch  20 training error:  tensor(0.3544, device='cuda:0', grad_fn=<DivBackward0>)
Memory status after this epoch: 
Memory allocated:  776.16259765625
Memory cached:  1222.0
	 epoch  30 training error:  tensor(0.3511, device='cuda:0', grad_fn=<DivBackward0>)
Memory status after this epoch: 
Memory allocated:  776.16259765625
Memory cached:  1230.0
	 epoch  40 training error:  tensor(0.3371, device='cuda:0', grad_fn=<DivBackward0>)
Memory status after this epoch: 
Memory allocated:  776.16259765625
Memory cached:  1224.0
	 epoch  50 training error:  tensor(0.3284, device='cuda:0', grad_fn=<DivBackward0>)
Memory status after this epoch: 
Memory allocated:  776.16259765625
Memory cached:  1230.0
	 epoch  60 training error:  tensor(0.3168, device='cuda:0', grad_fn=<DivBackward0>)
Memory status after this epoch: 
Memory allocated:  776.16259765625
Memory cached:  1224.0
	 epoch  70 training error:  tensor(0.2636, device='cuda:0', grad_fn=<DivBackward0>)
Memory status after this epoch: 
Memory allocated:  776.16259765625
Memory cached:  1230.0
	 epoch  80 training error:  tensor(0.2286, device='cuda:0', grad_fn=<DivBackward0>)
Memory status after this epoch: 
Memory allocated:  776.16259765625
Memory cached:  1232.0
	 epoch  90 training error:  tensor(0.1878, device='cuda:0', grad_fn=<DivBackward0>)
Memory status after this epoch: 
Memory allocated:  776.16259765625
Memory cached:  1232.0
[I 2024-01-25 00:35:39,316] Trial 300 finished with value: 0.0847688838839531 and parameters: {'W_layers': 7, 'W_layer_units_exponent_0': 5, 'W_layer_units_exponent_1': 4, 'W_layer_units_exponent_2': 7, 'W_layer_units_exponent_3': 6, 'W_layer_units_exponent_4': 7, 'W_layer_units_exponent_5': 4, 'W_layer_units_exponent_6': 10, 'D_layers': 7, 'D_layer_units_exponent_0': 8, 'D_layer_units_exponent_1': 6, 'D_layer_units_exponent_2': 4, 'D_layer_units_exponent_3': 10, 'D_layer_units_exponent_4': 5, 'D_layer_units_exponent_5': 5, 'D_layer_units_exponent_6': 8, 'D_dagger_layers': 8, 'D_dagger_layer_units_exponent_0': 9, 'D_dagger_layer_units_exponent_1': 10, 'D_dagger_layer_units_exponent_2': 5, 'D_dagger_layer_units_exponent_3': 9, 'D_dagger_layer_units_exponent_4': 8, 'D_dagger_layer_units_exponent_5': 10, 'D_dagger_layer_units_exponent_6': 4, 'D_dagger_layer_units_exponent_7': 5, 'log_learning_rate': -3.240972322851749, 'log_learning_rate_D': -4.114334333124726, 'log_learning_rate_D_dagger': -3.5907726427294175, 'training_batch_size': 6, 'training_p': 7}. Best is trial 293 with value: 0.07296773046255112.
Time for this trial:  687.5730497837067
Memory status after this trial: 
Memory allocated:  1440.130859375
Memory cached:  1458.0
--------------------  Trial  301   --------------------
Start timing: 
Parameters: 
{'W_layers': 7, 'W_layer_units_exponent_0': 5, 'W_layer_units_exponent_1': 4, 'W_layer_units_exponent_2': 7, 'W_layer_units_exponent_3': 6, 'W_layer_units_exponent_4': 7, 'W_layer_units_exponent_5': 4, 'W_layer_units_exponent_6': 10, 'D_layers': 7, 'D_layer_units_exponent_0': 8, 'D_layer_units_exponent_1': 6, 'D_layer_units_exponent_2': 4, 'D_layer_units_exponent_3': 10, 'D_layer_units_exponent_4': 5, 'D_layer_units_exponent_5': 5, 'D_layer_units_exponent_6': 8, 'D_dagger_layers': 8, 'D_dagger_layer_units_exponent_0': 9, 'D_dagger_layer_units_exponent_1': 10, 'D_dagger_layer_units_exponent_2': 5, 'D_dagger_layer_units_exponent_3': 9, 'D_dagger_layer_units_exponent_4': 8, 'D_dagger_layer_units_exponent_5': 10, 'D_dagger_layer_units_exponent_6': 4, 'D_dagger_layer_units_exponent_7': 5, 'log_learning_rate': -3.234473355795162, 'log_learning_rate_D': -4.1793051840457025, 'log_learning_rate_D_dagger': -3.5991967641509732, 'training_batch_size': 6, 'training_p': 7}
	 epoch  0 training error:  tensor(0.9527, device='cuda:0', grad_fn=<DivBackward0>)
Memory status after this epoch: 
Memory allocated:  776.16259765625
Memory cached:  1206.0
	 epoch  10 training error:  tensor(0.4005, device='cuda:0', grad_fn=<DivBackward0>)
Memory status after this epoch: 
Memory allocated:  776.16259765625
Memory cached:  1216.0
	 epoch  20 training error:  tensor(0.3670, device='cuda:0', grad_fn=<DivBackward0>)
Memory status after this epoch: 
Memory allocated:  776.16259765625
Memory cached:  1228.0
	 epoch  30 training error:  tensor(0.3659, device='cuda:0', grad_fn=<DivBackward0>)
Memory status after this epoch: 
Memory allocated:  776.16259765625
Memory cached:  1226.0
	 epoch  40 training error:  tensor(0.3463, device='cuda:0', grad_fn=<DivBackward0>)
Memory status after this epoch: 
Memory allocated:  776.16259765625
Memory cached:  1222.0
	 epoch  50 training error:  tensor(0.3398, device='cuda:0', grad_fn=<DivBackward0>)
Memory status after this epoch: 
Memory allocated:  776.16259765625
Memory cached:  1230.0
	 epoch  60 training error:  tensor(0.3426, device='cuda:0', grad_fn=<DivBackward0>)
Memory status after this epoch: 
Memory allocated:  776.16259765625
Memory cached:  1234.0
	 epoch  70 training error:  tensor(0.3295, device='cuda:0', grad_fn=<DivBackward0>)
Memory status after this epoch: 
Memory allocated:  776.16259765625
Memory cached:  1224.0
	 epoch  80 training error:  tensor(0.2548, device='cuda:0', grad_fn=<DivBackward0>)
Memory status after this epoch: 
Memory allocated:  776.16259765625
Memory cached:  1226.0
	 epoch  90 training error:  tensor(0.2797, device='cuda:0', grad_fn=<DivBackward0>)
Memory status after this epoch: 
Memory allocated:  776.16259765625
Memory cached:  1234.0
[I 2024-01-25 00:47:09,268] Trial 301 finished with value: 0.14918352663516998 and parameters: {'W_layers': 7, 'W_layer_units_exponent_0': 5, 'W_layer_units_exponent_1': 4, 'W_layer_units_exponent_2': 7, 'W_layer_units_exponent_3': 6, 'W_layer_units_exponent_4': 7, 'W_layer_units_exponent_5': 4, 'W_layer_units_exponent_6': 10, 'D_layers': 7, 'D_layer_units_exponent_0': 8, 'D_layer_units_exponent_1': 6, 'D_layer_units_exponent_2': 4, 'D_layer_units_exponent_3': 10, 'D_layer_units_exponent_4': 5, 'D_layer_units_exponent_5': 5, 'D_layer_units_exponent_6': 8, 'D_dagger_layers': 8, 'D_dagger_layer_units_exponent_0': 9, 'D_dagger_layer_units_exponent_1': 10, 'D_dagger_layer_units_exponent_2': 5, 'D_dagger_layer_units_exponent_3': 9, 'D_dagger_layer_units_exponent_4': 8, 'D_dagger_layer_units_exponent_5': 10, 'D_dagger_layer_units_exponent_6': 4, 'D_dagger_layer_units_exponent_7': 5, 'log_learning_rate': -3.234473355795162, 'log_learning_rate_D': -4.1793051840457025, 'log_learning_rate_D_dagger': -3.5991967641509732, 'training_batch_size': 6, 'training_p': 7}. Best is trial 293 with value: 0.07296773046255112.
Time for this trial:  689.263973236084
Memory status after this trial: 
Memory allocated:  1440.130859375
Memory cached:  1458.0
--------------------  Trial  302   --------------------
Start timing: 
Parameters: 
{'W_layers': 7, 'W_layer_units_exponent_0': 5, 'W_layer_units_exponent_1': 4, 'W_layer_units_exponent_2': 7, 'W_layer_units_exponent_3': 5, 'W_layer_units_exponent_4': 7, 'W_layer_units_exponent_5': 4, 'W_layer_units_exponent_6': 10, 'D_layers': 7, 'D_layer_units_exponent_0': 8, 'D_layer_units_exponent_1': 6, 'D_layer_units_exponent_2': 4, 'D_layer_units_exponent_3': 10, 'D_layer_units_exponent_4': 6, 'D_layer_units_exponent_5': 5, 'D_layer_units_exponent_6': 8, 'D_dagger_layers': 8, 'D_dagger_layer_units_exponent_0': 9, 'D_dagger_layer_units_exponent_1': 8, 'D_dagger_layer_units_exponent_2': 5, 'D_dagger_layer_units_exponent_3': 9, 'D_dagger_layer_units_exponent_4': 9, 'D_dagger_layer_units_exponent_5': 9, 'D_dagger_layer_units_exponent_6': 4, 'D_dagger_layer_units_exponent_7': 4, 'log_learning_rate': -3.052278783960886, 'log_learning_rate_D': -4.092847070438887, 'log_learning_rate_D_dagger': -3.505467115782537, 'training_batch_size': 6, 'training_p': 5}
	 epoch  0 training error:  tensor(0.9263, device='cuda:0', grad_fn=<DivBackward0>)
Memory status after this epoch: 
Memory allocated:  772.03369140625
Memory cached:  1200.0
	 epoch  10 training error:  tensor(0.3604, device='cuda:0', grad_fn=<DivBackward0>)
Memory status after this epoch: 
Memory allocated:  772.03369140625
Memory cached:  1206.0
	 epoch  20 training error:  tensor(0.3278, device='cuda:0', grad_fn=<DivBackward0>)
Memory status after this epoch: 
Memory allocated:  772.03369140625
Memory cached:  1214.0
	 epoch  30 training error:  tensor(0.3198, device='cuda:0', grad_fn=<DivBackward0>)
Memory status after this epoch: 
Memory allocated:  772.03369140625
Memory cached:  1204.0
	 epoch  40 training error:  tensor(0.3011, device='cuda:0', grad_fn=<DivBackward0>)
Memory status after this epoch: 
Memory allocated:  772.03369140625
Memory cached:  1204.0
	 epoch  50 training error:  tensor(0.2989, device='cuda:0', grad_fn=<DivBackward0>)
Memory status after this epoch: 
Memory allocated:  772.03369140625
Memory cached:  1206.0
	 epoch  60 training error:  tensor(0.3027, device='cuda:0', grad_fn=<DivBackward0>)
Memory status after this epoch: 
Memory allocated:  772.03369140625
Memory cached:  1200.0
	 epoch  70 training error:  tensor(0.2485, device='cuda:0', grad_fn=<DivBackward0>)
Memory status after this epoch: 
Memory allocated:  772.03369140625
Memory cached:  1206.0
	 epoch  80 training error:  tensor(0.1938, device='cuda:0', grad_fn=<DivBackward0>)
Memory status after this epoch: 
Memory allocated:  772.03369140625
Memory cached:  1202.0
	 epoch  90 training error:  tensor(0.1927, device='cuda:0', grad_fn=<DivBackward0>)
Memory status after this epoch: 
Memory allocated:  772.03369140625
Memory cached:  1206.0
[I 2024-01-25 00:58:31,494] Trial 302 finished with value: 0.11274480819702148 and parameters: {'W_layers': 7, 'W_layer_units_exponent_0': 5, 'W_layer_units_exponent_1': 4, 'W_layer_units_exponent_2': 7, 'W_layer_units_exponent_3': 5, 'W_layer_units_exponent_4': 7, 'W_layer_units_exponent_5': 4, 'W_layer_units_exponent_6': 10, 'D_layers': 7, 'D_layer_units_exponent_0': 8, 'D_layer_units_exponent_1': 6, 'D_layer_units_exponent_2': 4, 'D_layer_units_exponent_3': 10, 'D_layer_units_exponent_4': 6, 'D_layer_units_exponent_5': 5, 'D_layer_units_exponent_6': 8, 'D_dagger_layers': 8, 'D_dagger_layer_units_exponent_0': 9, 'D_dagger_layer_units_exponent_1': 8, 'D_dagger_layer_units_exponent_2': 5, 'D_dagger_layer_units_exponent_3': 9, 'D_dagger_layer_units_exponent_4': 9, 'D_dagger_layer_units_exponent_5': 9, 'D_dagger_layer_units_exponent_6': 4, 'D_dagger_layer_units_exponent_7': 4, 'log_learning_rate': -3.052278783960886, 'log_learning_rate_D': -4.092847070438887, 'log_learning_rate_D_dagger': -3.505467115782537, 'training_batch_size': 6, 'training_p': 5}. Best is trial 293 with value: 0.07296773046255112.
Time for this trial:  681.5758731365204
Memory status after this trial: 
Memory allocated:  1327.1923828125
Memory cached:  1352.0
--------------------  Trial  303   --------------------
Start timing: 
Parameters: 
{'W_layers': 7, 'W_layer_units_exponent_0': 5, 'W_layer_units_exponent_1': 4, 'W_layer_units_exponent_2': 7, 'W_layer_units_exponent_3': 6, 'W_layer_units_exponent_4': 7, 'W_layer_units_exponent_5': 4, 'W_layer_units_exponent_6': 10, 'D_layers': 7, 'D_layer_units_exponent_0': 8, 'D_layer_units_exponent_1': 6, 'D_layer_units_exponent_2': 4, 'D_layer_units_exponent_3': 9, 'D_layer_units_exponent_4': 5, 'D_layer_units_exponent_5': 5, 'D_layer_units_exponent_6': 9, 'D_dagger_layers': 8, 'D_dagger_layer_units_exponent_0': 9, 'D_dagger_layer_units_exponent_1': 10, 'D_dagger_layer_units_exponent_2': 5, 'D_dagger_layer_units_exponent_3': 9, 'D_dagger_layer_units_exponent_4': 8, 'D_dagger_layer_units_exponent_5': 10, 'D_dagger_layer_units_exponent_6': 5, 'D_dagger_layer_units_exponent_7': 5, 'log_learning_rate': -3.195500278961646, 'log_learning_rate_D': -4.12014881750134, 'log_learning_rate_D_dagger': -3.658668409247841, 'training_batch_size': 6, 'training_p': 7}
	 epoch  0 training error:  tensor(0.9594, device='cuda:0', grad_fn=<DivBackward0>)
Memory status after this epoch: 
Memory allocated:  776.17041015625
Memory cached:  1206.0
	 epoch  10 training error:  tensor(0.4184, device='cuda:0', grad_fn=<DivBackward0>)
Memory status after this epoch: 
Memory allocated:  776.17041015625
Memory cached:  1220.0
	 epoch  20 training error:  tensor(0.3874, device='cuda:0', grad_fn=<DivBackward0>)
Memory status after this epoch: 
Memory allocated:  776.17041015625
Memory cached:  1226.0
	 epoch  30 training error:  tensor(0.3497, device='cuda:0', grad_fn=<DivBackward0>)
Memory status after this epoch: 
Memory allocated:  776.17041015625
Memory cached:  1220.0
	 epoch  40 training error:  tensor(0.3405, device='cuda:0', grad_fn=<DivBackward0>)
Memory status after this epoch: 
Memory allocated:  776.17041015625
Memory cached:  1224.0
	 epoch  50 training error:  tensor(0.3442, device='cuda:0', grad_fn=<DivBackward0>)
Memory status after this epoch: 
Memory allocated:  776.17041015625
Memory cached:  1222.0
	 epoch  60 training error:  tensor(0.3312, device='cuda:0', grad_fn=<DivBackward0>)
Memory status after this epoch: 
Memory allocated:  776.17041015625
Memory cached:  1214.0
	 epoch  70 training error:  tensor(0.3463, device='cuda:0', grad_fn=<DivBackward0>)
Memory status after this epoch: 
Memory allocated:  776.17041015625
Memory cached:  1228.0
	 epoch  80 training error:  tensor(0.3280, device='cuda:0', grad_fn=<DivBackward0>)
Memory status after this epoch: 
Memory allocated:  776.17041015625
Memory cached:  1224.0
	 epoch  90 training error:  tensor(0.3106, device='cuda:0', grad_fn=<DivBackward0>)
Memory status after this epoch: 
Memory allocated:  776.17041015625
Memory cached:  1216.0
