[I 2024-01-12 20:41:36,627] Trial 47 finished with value: 0.3571842908859253 and parameters: {'W_layers': 7, 'W_layer_units_exponent_0': 4, 'W_layer_units_exponent_1': 6, 'W_layer_units_exponent_2': 4, 'W_layer_units_exponent_3': 6, 'W_layer_units_exponent_4': 6, 'W_layer_units_exponent_5': 6, 'W_layer_units_exponent_6': 4, 'D_layers': 6, 'D_layer_units_exponent_0': 10, 'D_layer_units_exponent_1': 6, 'D_layer_units_exponent_2': 5, 'D_layer_units_exponent_3': 6, 'D_layer_units_exponent_4': 10, 'D_layer_units_exponent_5': 7, 'D_dagger_layers': 4, 'D_dagger_layer_units_exponent_0': 9, 'D_dagger_layer_units_exponent_1': 6, 'D_dagger_layer_units_exponent_2': 8, 'D_dagger_layer_units_exponent_3': 10, 'log_learning_rate': -4.202215372544785, 'log_learning_rate_D': -3.128238853553888, 'log_learning_rate_D_dagger': -2.262495395363175, 'training_batch_size': 10, 'training_p': 6}. Best is trial 41 with value: 0.11861330270767212.
Time for this trial:  253.54917359352112
Memory status after this trial: 
Memory allocated:  832.859375
Memory cached:  854.0
--------------------  Trial  48   --------------------
Start timing: 
Parameters: 
{'W_layers': 5, 'W_layer_units_exponent_0': 5, 'W_layer_units_exponent_1': 5, 'W_layer_units_exponent_2': 5, 'W_layer_units_exponent_3': 9, 'W_layer_units_exponent_4': 4, 'D_layers': 7, 'D_layer_units_exponent_0': 5, 'D_layer_units_exponent_1': 4, 'D_layer_units_exponent_2': 7, 'D_layer_units_exponent_3': 7, 'D_layer_units_exponent_4': 9, 'D_layer_units_exponent_5': 4, 'D_layer_units_exponent_6': 7, 'D_dagger_layers': 2, 'D_dagger_layer_units_exponent_0': 10, 'D_dagger_layer_units_exponent_1': 5, 'log_learning_rate': -4.606652086541047, 'log_learning_rate_D': -3.32804291227615, 'log_learning_rate_D_dagger': -2.702933566934553, 'training_batch_size': 11, 'training_p': 7}
	 epoch  0 training error:  tensor(0.7987, device='cuda:0', grad_fn=<DivBackward0>)
Memory status after this epoch: 
Memory allocated:  370.517578125
Memory cached:  712.0
	 epoch  10 training error:  tensor(0.5702, device='cuda:0', grad_fn=<DivBackward0>)
Memory status after this epoch: 
Memory allocated:  370.517578125
Memory cached:  736.0
	 epoch  20 training error:  tensor(0.5463, device='cuda:0', grad_fn=<DivBackward0>)
Memory status after this epoch: 
Memory allocated:  370.517578125
Memory cached:  736.0
	 epoch  30 training error:  tensor(0.5419, device='cuda:0', grad_fn=<DivBackward0>)
Memory status after this epoch: 
Memory allocated:  370.517578125
Memory cached:  734.0
	 epoch  40 training error:  tensor(0.5324, device='cuda:0', grad_fn=<DivBackward0>)
Memory status after this epoch: 
Memory allocated:  370.517578125
Memory cached:  734.0
	 epoch  50 training error:  tensor(0.5243, device='cuda:0', grad_fn=<DivBackward0>)
Memory status after this epoch: 
Memory allocated:  370.517578125
Memory cached:  736.0
	 epoch  60 training error:  tensor(0.5232, device='cuda:0', grad_fn=<DivBackward0>)
Memory status after this epoch: 
Memory allocated:  370.517578125
Memory cached:  736.0
	 epoch  70 training error:  tensor(0.5221, device='cuda:0', grad_fn=<DivBackward0>)
Memory status after this epoch: 
Memory allocated:  370.517578125
Memory cached:  736.0
	 epoch  80 training error:  tensor(0.5185, device='cuda:0', grad_fn=<DivBackward0>)
Memory status after this epoch: 
Memory allocated:  370.517578125
Memory cached:  730.0
	 epoch  90 training error:  tensor(0.5210, device='cuda:0', grad_fn=<DivBackward0>)
Memory status after this epoch: 
Memory allocated:  370.517578125
Memory cached:  728.0
[I 2024-01-12 20:44:57,011] Trial 48 finished with value: 0.3658810555934906 and parameters: {'W_layers': 5, 'W_layer_units_exponent_0': 5, 'W_layer_units_exponent_1': 5, 'W_layer_units_exponent_2': 5, 'W_layer_units_exponent_3': 9, 'W_layer_units_exponent_4': 4, 'D_layers': 7, 'D_layer_units_exponent_0': 5, 'D_layer_units_exponent_1': 4, 'D_layer_units_exponent_2': 7, 'D_layer_units_exponent_3': 7, 'D_layer_units_exponent_4': 9, 'D_layer_units_exponent_5': 4, 'D_layer_units_exponent_6': 7, 'D_dagger_layers': 2, 'D_dagger_layer_units_exponent_0': 10, 'D_dagger_layer_units_exponent_1': 5, 'log_learning_rate': -4.606652086541047, 'log_learning_rate_D': -3.32804291227615, 'log_learning_rate_D_dagger': -2.702933566934553, 'training_batch_size': 11, 'training_p': 7}. Best is trial 41 with value: 0.11861330270767212.
Time for this trial:  199.97838401794434
Memory status after this trial: 
Memory allocated:  647.87890625
Memory cached:  718.0
--------------------  Trial  49   --------------------
Start timing: 
Parameters: 
{'W_layers': 7, 'W_layer_units_exponent_0': 6, 'W_layer_units_exponent_1': 6, 'W_layer_units_exponent_2': 4, 'W_layer_units_exponent_3': 8, 'W_layer_units_exponent_4': 5, 'W_layer_units_exponent_5': 9, 'W_layer_units_exponent_6': 8, 'D_layers': 5, 'D_layer_units_exponent_0': 6, 'D_layer_units_exponent_1': 6, 'D_layer_units_exponent_2': 6, 'D_layer_units_exponent_3': 6, 'D_layer_units_exponent_4': 10, 'D_dagger_layers': 4, 'D_dagger_layer_units_exponent_0': 9, 'D_dagger_layer_units_exponent_1': 4, 'D_dagger_layer_units_exponent_2': 9, 'D_dagger_layer_units_exponent_3': 8, 'log_learning_rate': -4.090812044128636, 'log_learning_rate_D': -3.009182503733181, 'log_learning_rate_D_dagger': -2.1253358088453895, 'training_batch_size': 6, 'training_p': 5}
	 epoch  0 training error:  tensor(4.4788, device='cuda:0', grad_fn=<DivBackward0>)
Memory status after this epoch: 
Memory allocated:  374.1376953125
Memory cached:  714.0
	 epoch  10 training error:  tensor(0.4965, device='cuda:0', grad_fn=<DivBackward0>)
Memory status after this epoch: 
Memory allocated:  374.1376953125
Memory cached:  744.0
	 epoch  20 training error:  tensor(0.4877, device='cuda:0', grad_fn=<DivBackward0>)
Memory status after this epoch: 
Memory allocated:  374.1376953125
Memory cached:  740.0
	 epoch  30 training error:  tensor(0.4837, device='cuda:0', grad_fn=<DivBackward0>)
Memory status after this epoch: 
Memory allocated:  374.1376953125
Memory cached:  746.0
	 epoch  40 training error:  tensor(0.4826, device='cuda:0', grad_fn=<DivBackward0>)
Memory status after this epoch: 
Memory allocated:  374.1376953125
Memory cached:  738.0
	 epoch  50 training error:  tensor(0.4675, device='cuda:0', grad_fn=<DivBackward0>)
Memory status after this epoch: 
Memory allocated:  374.1376953125
Memory cached:  738.0
	 epoch  60 training error:  tensor(0.4622, device='cuda:0', grad_fn=<DivBackward0>)
Memory status after this epoch: 
Memory allocated:  374.1376953125
Memory cached:  734.0
	 epoch  70 training error:  tensor(0.4807, device='cuda:0', grad_fn=<DivBackward0>)
Memory status after this epoch: 
Memory allocated:  374.1376953125
Memory cached:  742.0
	 epoch  80 training error:  tensor(0.4618, device='cuda:0', grad_fn=<DivBackward0>)
Memory status after this epoch: 
Memory allocated:  374.1376953125
Memory cached:  742.0
	 epoch  90 training error:  tensor(0.4919, device='cuda:0', grad_fn=<DivBackward0>)
Memory status after this epoch: 
Memory allocated:  374.1376953125
Memory cached:  738.0
[I 2024-01-12 20:53:45,170] Trial 49 finished with value: 0.23366104066371918 and parameters: {'W_layers': 7, 'W_layer_units_exponent_0': 6, 'W_layer_units_exponent_1': 6, 'W_layer_units_exponent_2': 4, 'W_layer_units_exponent_3': 8, 'W_layer_units_exponent_4': 5, 'W_layer_units_exponent_5': 9, 'W_layer_units_exponent_6': 8, 'D_layers': 5, 'D_layer_units_exponent_0': 6, 'D_layer_units_exponent_1': 6, 'D_layer_units_exponent_2': 6, 'D_layer_units_exponent_3': 6, 'D_layer_units_exponent_4': 10, 'D_dagger_layers': 4, 'D_dagger_layer_units_exponent_0': 9, 'D_dagger_layer_units_exponent_1': 4, 'D_dagger_layer_units_exponent_2': 9, 'D_dagger_layer_units_exponent_3': 8, 'log_learning_rate': -4.090812044128636, 'log_learning_rate_D': -3.009182503733181, 'log_learning_rate_D_dagger': -2.1253358088453895, 'training_batch_size': 6, 'training_p': 5}. Best is trial 41 with value: 0.11861330270767212.
Time for this trial:  527.6853349208832
Memory status after this trial: 
Memory allocated:  750.119140625
Memory cached:  770.0
--------------------  Trial  50   --------------------
Start timing: 
Parameters: 
{'W_layers': 5, 'W_layer_units_exponent_0': 5, 'W_layer_units_exponent_1': 5, 'W_layer_units_exponent_2': 5, 'W_layer_units_exponent_3': 9, 'W_layer_units_exponent_4': 6, 'D_layers': 6, 'D_layer_units_exponent_0': 9, 'D_layer_units_exponent_1': 5, 'D_layer_units_exponent_2': 5, 'D_layer_units_exponent_3': 8, 'D_layer_units_exponent_4': 10, 'D_layer_units_exponent_5': 10, 'D_dagger_layers': 3, 'D_dagger_layer_units_exponent_0': 10, 'D_dagger_layer_units_exponent_1': 10, 'D_dagger_layer_units_exponent_2': 6, 'log_learning_rate': -4.837006324715351, 'log_learning_rate_D': -2.652665565715201, 'log_learning_rate_D_dagger': -2.417084956876523, 'training_batch_size': 6, 'training_p': 5}
	 epoch  0 training error:  tensor(3.1636, device='cuda:0', grad_fn=<DivBackward0>)
Memory status after this epoch: 
Memory allocated:  406.4013671875
Memory cached:  744.0
	 epoch  10 training error:  tensor(0.5926, device='cuda:0', grad_fn=<DivBackward0>)
Memory status after this epoch: 
Memory allocated:  406.4013671875
Memory cached:  756.0
	 epoch  20 training error:  tensor(0.5401, device='cuda:0', grad_fn=<DivBackward0>)
Memory status after this epoch: 
Memory allocated:  406.4013671875
Memory cached:  766.0
	 epoch  30 training error:  tensor(0.5363, device='cuda:0', grad_fn=<DivBackward0>)
Memory status after this epoch: 
Memory allocated:  406.4013671875
Memory cached:  762.0
	 epoch  40 training error:  tensor(0.5401, device='cuda:0', grad_fn=<DivBackward0>)
Memory status after this epoch: 
Memory allocated:  406.4013671875
Memory cached:  760.0
	 epoch  50 training error:  tensor(0.5379, device='cuda:0', grad_fn=<DivBackward0>)
Memory status after this epoch: 
Memory allocated:  406.4013671875
Memory cached:  766.0
	 epoch  60 training error:  tensor(0.5381, device='cuda:0', grad_fn=<DivBackward0>)
Memory status after this epoch: 
Memory allocated:  406.4013671875
Memory cached:  754.0
	 epoch  70 training error:  tensor(0.5370, device='cuda:0', grad_fn=<DivBackward0>)
Memory status after this epoch: 
Memory allocated:  406.4013671875
Memory cached:  760.0
	 epoch  80 training error:  tensor(0.5434, device='cuda:0', grad_fn=<DivBackward0>)
Memory status after this epoch: 
Memory allocated:  406.4013671875
Memory cached:  756.0
	 epoch  90 training error:  tensor(0.5390, device='cuda:0', grad_fn=<DivBackward0>)
Memory status after this epoch: 
Memory allocated:  406.4013671875
Memory cached:  758.0
[I 2024-01-12 21:02:02,685] Trial 50 finished with value: 0.48886606097221375 and parameters: {'W_layers': 5, 'W_layer_units_exponent_0': 5, 'W_layer_units_exponent_1': 5, 'W_layer_units_exponent_2': 5, 'W_layer_units_exponent_3': 9, 'W_layer_units_exponent_4': 6, 'D_layers': 6, 'D_layer_units_exponent_0': 9, 'D_layer_units_exponent_1': 5, 'D_layer_units_exponent_2': 5, 'D_layer_units_exponent_3': 8, 'D_layer_units_exponent_4': 10, 'D_layer_units_exponent_5': 10, 'D_dagger_layers': 3, 'D_dagger_layer_units_exponent_0': 10, 'D_dagger_layer_units_exponent_1': 10, 'D_dagger_layer_units_exponent_2': 6, 'log_learning_rate': -4.837006324715351, 'log_learning_rate_D': -2.652665565715201, 'log_learning_rate_D_dagger': -2.417084956876523, 'training_batch_size': 6, 'training_p': 5}. Best is trial 41 with value: 0.11861330270767212.
Time for this trial:  497.016482591629
Memory status after this trial: 
Memory allocated:  972.0615234375
Memory cached:  978.0
--------------------  Trial  51   --------------------
Start timing: 
Parameters: 
{'W_layers': 5, 'W_layer_units_exponent_0': 7, 'W_layer_units_exponent_1': 7, 'W_layer_units_exponent_2': 5, 'W_layer_units_exponent_3': 7, 'W_layer_units_exponent_4': 4, 'D_layers': 5, 'D_layer_units_exponent_0': 7, 'D_layer_units_exponent_1': 6, 'D_layer_units_exponent_2': 6, 'D_layer_units_exponent_3': 5, 'D_layer_units_exponent_4': 9, 'D_dagger_layers': 4, 'D_dagger_layer_units_exponent_0': 9, 'D_dagger_layer_units_exponent_1': 10, 'D_dagger_layer_units_exponent_2': 7, 'D_dagger_layer_units_exponent_3': 7, 'log_learning_rate': -4.545402375278131, 'log_learning_rate_D': -3.3402962725889522, 'log_learning_rate_D_dagger': -2.6019205689845832, 'training_batch_size': 7, 'training_p': 3}
	 epoch  0 training error:  tensor(1.1386, device='cuda:0', grad_fn=<DivBackward0>)
Memory status after this epoch: 
Memory allocated:  379.232421875
Memory cached:  712.0
	 epoch  10 training error:  tensor(0.4376, device='cuda:0', grad_fn=<DivBackward0>)
Memory status after this epoch: 
Memory allocated:  379.232421875
Memory cached:  714.0
	 epoch  20 training error:  tensor(0.3688, device='cuda:0', grad_fn=<DivBackward0>)
Memory status after this epoch: 
Memory allocated:  379.232421875
Memory cached:  716.0
	 epoch  30 training error:  tensor(0.3751, device='cuda:0', grad_fn=<DivBackward0>)
Memory status after this epoch: 
Memory allocated:  379.232421875
Memory cached:  714.0
	 epoch  40 training error:  tensor(0.3705, device='cuda:0', grad_fn=<DivBackward0>)
Memory status after this epoch: 
Memory allocated:  379.232421875
Memory cached:  714.0
	 epoch  50 training error:  tensor(0.3836, device='cuda:0', grad_fn=<DivBackward0>)
Memory status after this epoch: 
Memory allocated:  379.232421875
Memory cached:  714.0
	 epoch  60 training error:  tensor(0.3671, device='cuda:0', grad_fn=<DivBackward0>)
Memory status after this epoch: 
Memory allocated:  379.232421875
Memory cached:  716.0
	 epoch  70 training error:  tensor(0.3619, device='cuda:0', grad_fn=<DivBackward0>)
Memory status after this epoch: 
Memory allocated:  379.232421875
Memory cached:  712.0
	 epoch  80 training error:  tensor(0.3506, device='cuda:0', grad_fn=<DivBackward0>)
Memory status after this epoch: 
Memory allocated:  379.232421875
Memory cached:  712.0
	 epoch  90 training error:  tensor(0.3911, device='cuda:0', grad_fn=<DivBackward0>)
Memory status after this epoch: 
Memory allocated:  379.232421875
Memory cached:  710.0
[I 2024-01-12 21:07:49,028] Trial 51 finished with value: 0.3237241804599762 and parameters: {'W_layers': 5, 'W_layer_units_exponent_0': 7, 'W_layer_units_exponent_1': 7, 'W_layer_units_exponent_2': 5, 'W_layer_units_exponent_3': 7, 'W_layer_units_exponent_4': 4, 'D_layers': 5, 'D_layer_units_exponent_0': 7, 'D_layer_units_exponent_1': 6, 'D_layer_units_exponent_2': 6, 'D_layer_units_exponent_3': 5, 'D_layer_units_exponent_4': 9, 'D_dagger_layers': 4, 'D_dagger_layer_units_exponent_0': 9, 'D_dagger_layer_units_exponent_1': 10, 'D_dagger_layer_units_exponent_2': 7, 'D_dagger_layer_units_exponent_3': 7, 'log_learning_rate': -4.545402375278131, 'log_learning_rate_D': -3.3402962725889522, 'log_learning_rate_D_dagger': -2.6019205689845832, 'training_batch_size': 7, 'training_p': 3}. Best is trial 41 with value: 0.11861330270767212.
Time for this trial:  345.93550872802734
Memory status after this trial: 
Memory allocated:  686.181640625
Memory cached:  710.0
--------------------  Trial  52   --------------------
Start timing: 
Parameters: 
{'W_layers': 2, 'W_layer_units_exponent_0': 6, 'W_layer_units_exponent_1': 6, 'D_layers': 5, 'D_layer_units_exponent_0': 7, 'D_layer_units_exponent_1': 5, 'D_layer_units_exponent_2': 6, 'D_layer_units_exponent_3': 6, 'D_layer_units_exponent_4': 10, 'D_dagger_layers': 3, 'D_dagger_layer_units_exponent_0': 9, 'D_dagger_layer_units_exponent_1': 10, 'D_dagger_layer_units_exponent_2': 7, 'log_learning_rate': -4.640350762006563, 'log_learning_rate_D': -3.038996774851597, 'log_learning_rate_D_dagger': -2.8731229877652686, 'training_batch_size': 6, 'training_p': 6}
	 epoch  0 training error:  tensor(1.6300, device='cuda:0', grad_fn=<DivBackward0>)
Memory status after this epoch: 
Memory allocated:  379.3837890625
Memory cached:  706.0
	 epoch  10 training error:  tensor(0.5041, device='cuda:0', grad_fn=<DivBackward0>)
Memory status after this epoch: 
Memory allocated:  379.3837890625
Memory cached:  728.0
	 epoch  20 training error:  tensor(0.4925, device='cuda:0', grad_fn=<DivBackward0>)
Memory status after this epoch: 
Memory allocated:  379.3837890625
Memory cached:  732.0
	 epoch  30 training error:  tensor(0.4834, device='cuda:0', grad_fn=<DivBackward0>)
Memory status after this epoch: 
Memory allocated:  379.3837890625
Memory cached:  734.0
	 epoch  40 training error:  tensor(0.4270, device='cuda:0', grad_fn=<DivBackward0>)
Memory status after this epoch: 
Memory allocated:  379.3837890625
Memory cached:  730.0
	 epoch  50 training error:  tensor(0.2834, device='cuda:0', grad_fn=<DivBackward0>)
Memory status after this epoch: 
Memory allocated:  379.3837890625
Memory cached:  722.0
	 epoch  60 training error:  tensor(0.2399, device='cuda:0', grad_fn=<DivBackward0>)
Memory status after this epoch: 
Memory allocated:  379.3837890625
Memory cached:  726.0
	 epoch  70 training error:  tensor(0.2074, device='cuda:0', grad_fn=<DivBackward0>)
Memory status after this epoch: 
Memory allocated:  379.3837890625
Memory cached:  728.0
	 epoch  80 training error:  tensor(0.1542, device='cuda:0', grad_fn=<DivBackward0>)
Memory status after this epoch: 
Memory allocated:  379.3837890625
Memory cached:  724.0
	 epoch  90 training error:  tensor(0.1584, device='cuda:0', grad_fn=<DivBackward0>)
Memory status after this epoch: 
Memory allocated:  379.3837890625
Memory cached:  730.0
[I 2024-01-12 21:14:18,650] Trial 52 finished with value: 0.08323463052511215 and parameters: {'W_layers': 2, 'W_layer_units_exponent_0': 6, 'W_layer_units_exponent_1': 6, 'D_layers': 5, 'D_layer_units_exponent_0': 7, 'D_layer_units_exponent_1': 5, 'D_layer_units_exponent_2': 6, 'D_layer_units_exponent_3': 6, 'D_layer_units_exponent_4': 10, 'D_dagger_layers': 3, 'D_dagger_layer_units_exponent_0': 9, 'D_dagger_layer_units_exponent_1': 10, 'D_dagger_layer_units_exponent_2': 7, 'log_learning_rate': -4.640350762006563, 'log_learning_rate_D': -3.038996774851597, 'log_learning_rate_D_dagger': -2.8731229877652686, 'training_batch_size': 6, 'training_p': 6}. Best is trial 52 with value: 0.08323463052511215.
res:  tensor(0.0832, device='cuda:0', grad_fn=<DivBackward0>)
self.bestValue:  tensor(0.1186, device='cuda:0', grad_fn=<DivBackward0>)
Save this model!
Time for this trial:  389.2373697757721
Memory status after this trial: 
Memory allocated:  317.96484375
Memory cached:  646.0
--------------------  Trial  53   --------------------
Start timing: 
Parameters: 
{'W_layers': 2, 'W_layer_units_exponent_0': 6, 'W_layer_units_exponent_1': 6, 'D_layers': 5, 'D_layer_units_exponent_0': 6, 'D_layer_units_exponent_1': 5, 'D_layer_units_exponent_2': 5, 'D_layer_units_exponent_3': 6, 'D_layer_units_exponent_4': 10, 'D_dagger_layers': 3, 'D_dagger_layer_units_exponent_0': 9, 'D_dagger_layer_units_exponent_1': 10, 'D_dagger_layer_units_exponent_2': 7, 'log_learning_rate': -4.356042128732652, 'log_learning_rate_D': -3.0288021548800175, 'log_learning_rate_D_dagger': -3.0618965135744407, 'training_batch_size': 6, 'training_p': 6}
	 epoch  0 training error:  tensor(1.0819, device='cuda:0', grad_fn=<DivBackward0>)
Memory status after this epoch: 
Memory allocated:  329.2109375
Memory cached:  612.0
	 epoch  10 training error:  tensor(0.5188, device='cuda:0', grad_fn=<DivBackward0>)
Memory status after this epoch: 
Memory allocated:  329.2109375
Memory cached:  624.0
	 epoch  20 training error:  tensor(0.5188, device='cuda:0', grad_fn=<DivBackward0>)
Memory status after this epoch: 
Memory allocated:  329.2109375
Memory cached:  618.0
	 epoch  30 training error:  tensor(0.4786, device='cuda:0', grad_fn=<DivBackward0>)
Memory status after this epoch: 
Memory allocated:  329.2109375
Memory cached:  624.0
	 epoch  40 training error:  tensor(0.3687, device='cuda:0', grad_fn=<DivBackward0>)
Memory status after this epoch: 
Memory allocated:  329.2109375
Memory cached:  620.0
	 epoch  50 training error:  tensor(0.2604, device='cuda:0', grad_fn=<DivBackward0>)
Memory status after this epoch: 
Memory allocated:  329.2109375
Memory cached:  624.0
	 epoch  60 training error:  tensor(0.2337, device='cuda:0', grad_fn=<DivBackward0>)
Memory status after this epoch: 
Memory allocated:  329.2109375
Memory cached:  626.0
	 epoch  70 training error:  tensor(0.1805, device='cuda:0', grad_fn=<DivBackward0>)
Memory status after this epoch: 
Memory allocated:  329.2109375
Memory cached:  616.0
	 epoch  80 training error:  tensor(0.1540, device='cuda:0', grad_fn=<DivBackward0>)
Memory status after this epoch: 
Memory allocated:  329.2109375
Memory cached:  622.0
	 epoch  90 training error:  tensor(0.2094, device='cuda:0', grad_fn=<DivBackward0>)
Memory status after this epoch: 
Memory allocated:  329.2109375
Memory cached:  622.0
