[I 2024-03-12 12:41:17,360] Trial 21 finished with value: 0.3790839612483978 and parameters: {'log_learning_rate': -2.3895521013448318, 'log_learning_rate_D': -2.867334841547763, 'log_learning_rate_D_dagger': -1.6326106494245993, 'training_batch_size': 6, 'training_p': 6, 'p_order_W': 3, 'p_order_D': 5, 'p_order_D_dagger': 3}. Best is trial 21 with value: 0.3790839612483978.
res:  tensor(0.3791, grad_fn=<ToCopyBackward0>)
self.bestValue:  tensor(0.3833, grad_fn=<ToCopyBackward0>)
Save this model!
Time for this trial:  450.557404756546
Memory status after this trial: 
Memory allocated:  1.91162109375
Memory cached:  4.0
--------------------  Trial  22   --------------------
Start timing: 
Parameters: 
{'log_learning_rate': -2.1757093289765796, 'log_learning_rate_D': -2.791207155158271, 'log_learning_rate_D_dagger': -1.8308816342492282, 'training_batch_size': 7, 'training_p': 6, 'p_order_W': 4, 'p_order_D': 4, 'p_order_D_dagger': 4}

[W 2024-03-12 12:41:21,559] Trial 22 failed with parameters: {'log_learning_rate': -2.1757093289765796, 'log_learning_rate_D': -2.791207155158271, 'log_learning_rate_D_dagger': -1.8308816342492282, 'training_batch_size': 7, 'training_p': 6, 'p_order_W': 4, 'p_order_D': 4, 'p_order_D_dagger': 4} because of the following error: The value nan is not acceptable.
[W 2024-03-12 12:41:21,559] Trial 22 failed with value tensor(nan, grad_fn=<ToCopyBackward0>).
Time for this trial:  3.9641103744506836
Memory status after this trial: 
Memory allocated:  3.9375
Memory cached:  6.0
--------------------  Trial  23   --------------------
Start timing: 
Parameters: 
{'log_learning_rate': -2.200219847453791, 'log_learning_rate_D': -2.907660660219667, 'log_learning_rate_D_dagger': -1.940947558254062, 'training_batch_size': 7, 'training_p': 6, 'p_order_W': 4, 'p_order_D': 4, 'p_order_D_dagger': 4}

	 epoch  0 training error:  tensor(24111.9180, grad_fn=<ToCopyBackward0>)
Memory status after this epoch: 
Memory allocated:  1.84228515625
Memory cached:  4.0
	 epoch  10 training error:  tensor(1176.8573, grad_fn=<ToCopyBackward0>)
Memory status after this epoch: 
Memory allocated:  1.84228515625
Memory cached:  6.0
	 epoch  20 training error:  tensor(316.9455, grad_fn=<ToCopyBackward0>)
Memory status after this epoch: 
Memory allocated:  1.84228515625
Memory cached:  6.0
	 epoch  30 training error:  tensor(125.5311, grad_fn=<ToCopyBackward0>)
Memory status after this epoch: 
Memory allocated:  1.84228515625
Memory cached:  6.0
	 epoch  40 training error:  tensor(121.7501, grad_fn=<ToCopyBackward0>)
Memory status after this epoch: 
Memory allocated:  1.84228515625
Memory cached:  6.0
	 epoch  50 training error:  tensor(86.8448, grad_fn=<ToCopyBackward0>)
Memory status after this epoch: 
Memory allocated:  1.84228515625
Memory cached:  6.0
	 epoch  60 training error:  tensor(66.5637, grad_fn=<ToCopyBackward0>)
Memory status after this epoch: 
Memory allocated:  1.84228515625
Memory cached:  6.0
	 epoch  70 training error:  tensor(57.6743, grad_fn=<ToCopyBackward0>)
Memory status after this epoch: 
Memory allocated:  1.84228515625
Memory cached:  6.0
	 epoch  80 training error:  tensor(35.1118, grad_fn=<ToCopyBackward0>)
Memory status after this epoch: 
Memory allocated:  1.84228515625
Memory cached:  6.0
[W 2024-03-12 12:46:12,140] Trial 23 failed with parameters: {'log_learning_rate': -2.200219847453791, 'log_learning_rate_D': -2.907660660219667, 'log_learning_rate_D_dagger': -1.940947558254062, 'training_batch_size': 7, 'training_p': 6, 'p_order_W': 4, 'p_order_D': 4, 'p_order_D_dagger': 4} because of the following error: The value nan is not acceptable.
[W 2024-03-12 12:46:12,140] Trial 23 failed with value tensor(nan, grad_fn=<ToCopyBackward0>).
Time for this trial:  290.32528424263
Memory status after this trial: 
Memory allocated:  3.9375
Memory cached:  6.0
--------------------  Trial  24   --------------------
Start timing: 
Parameters: 
{'log_learning_rate': -2.1068524063650744, 'log_learning_rate_D': -2.6938904438350333, 'log_learning_rate_D_dagger': -1.810548759257356, 'training_batch_size': 7, 'training_p': 6, 'p_order_W': 4, 'p_order_D': 4, 'p_order_D_dagger': 4}

	 epoch  0 training error:  tensor(27953.4434, grad_fn=<ToCopyBackward0>)
Memory status after this epoch: 
Memory allocated:  1.84228515625
Memory cached:  4.0
	 epoch  10 training error:  tensor(838.0822, grad_fn=<ToCopyBackward0>)
Memory status after this epoch: 
Memory allocated:  1.84228515625
Memory cached:  6.0
	 epoch  20 training error:  tensor(230.5240, grad_fn=<ToCopyBackward0>)
Memory status after this epoch: 
Memory allocated:  1.84228515625
Memory cached:  6.0
	 epoch  30 training error:  tensor(107.8814, grad_fn=<ToCopyBackward0>)
Memory status after this epoch: 
Memory allocated:  1.84228515625
Memory cached:  6.0
	 epoch  40 training error:  tensor(62.1201, grad_fn=<ToCopyBackward0>)
Memory status after this epoch: 
Memory allocated:  1.84228515625
Memory cached:  6.0
	 epoch  50 training error:  tensor(22.9324, grad_fn=<ToCopyBackward0>)
Memory status after this epoch: 
Memory allocated:  1.84228515625
Memory cached:  6.0
	 epoch  60 training error:  tensor(34.3043, grad_fn=<ToCopyBackward0>)
Memory status after this epoch: 
Memory allocated:  1.84228515625
Memory cached:  6.0
	 epoch  70 training error:  tensor(35.9345, grad_fn=<ToCopyBackward0>)
Memory status after this epoch: 
Memory allocated:  1.84228515625
Memory cached:  6.0
	 epoch  80 training error:  tensor(51.1742, grad_fn=<ToCopyBackward0>)
Memory status after this epoch: 
Memory allocated:  1.84228515625
Memory cached:  6.0
	 epoch  90 training error:  tensor(19.3769, grad_fn=<ToCopyBackward0>)
Memory status after this epoch: 
Memory allocated:  1.84228515625
Memory cached:  6.0
[I 2024-03-12 12:51:22,236] Trial 24 finished with value: 4.506443023681641 and parameters: {'log_learning_rate': -2.1068524063650744, 'log_learning_rate_D': -2.6938904438350333, 'log_learning_rate_D_dagger': -1.810548759257356, 'training_batch_size': 7, 'training_p': 6, 'p_order_W': 4, 'p_order_D': 4, 'p_order_D_dagger': 4}. Best is trial 21 with value: 0.3790839612483978.
Time for this trial:  309.80715918540955
Memory status after this trial: 
Memory allocated:  3.9375
Memory cached:  6.0
--------------------  Trial  25   --------------------
Start timing: 
Parameters: 
{'log_learning_rate': -2.703991395250501, 'log_learning_rate_D': -2.9779081215149317, 'log_learning_rate_D_dagger': -2.1514409990475096, 'training_batch_size': 7, 'training_p': 2, 'p_order_W': 2, 'p_order_D': 2, 'p_order_D_dagger': 3}

	 epoch  0 training error:  tensor(236.9177, grad_fn=<ToCopyBackward0>)
Memory status after this epoch: 
Memory allocated:  1.57373046875
Memory cached:  4.0
	 epoch  10 training error:  tensor(124.5272, grad_fn=<ToCopyBackward0>)
Memory status after this epoch: 
Memory allocated:  1.57373046875
Memory cached:  4.0
	 epoch  20 training error:  tensor(56.6959, grad_fn=<ToCopyBackward0>)
Memory status after this epoch: 
Memory allocated:  1.57373046875
Memory cached:  4.0
	 epoch  30 training error:  tensor(21.4334, grad_fn=<ToCopyBackward0>)
Memory status after this epoch: 
Memory allocated:  1.57373046875
Memory cached:  4.0
	 epoch  40 training error:  tensor(5.3770, grad_fn=<ToCopyBackward0>)
Memory status after this epoch: 
Memory allocated:  1.57373046875
Memory cached:  4.0
	 epoch  50 training error:  tensor(0.8808, grad_fn=<ToCopyBackward0>)
Memory status after this epoch: 
Memory allocated:  1.57373046875
Memory cached:  4.0
	 epoch  60 training error:  tensor(0.6969, grad_fn=<ToCopyBackward0>)
Memory status after this epoch: 
Memory allocated:  1.57373046875
Memory cached:  4.0
	 epoch  70 training error:  tensor(0.5648, grad_fn=<ToCopyBackward0>)
Memory status after this epoch: 
Memory allocated:  1.57373046875
Memory cached:  4.0
	 epoch  80 training error:  tensor(0.5265, grad_fn=<ToCopyBackward0>)
Memory status after this epoch: 
Memory allocated:  1.57373046875
Memory cached:  4.0
	 epoch  90 training error:  tensor(0.5087, grad_fn=<ToCopyBackward0>)
Memory status after this epoch: 
Memory allocated:  1.57373046875
Memory cached:  4.0
[I 2024-03-12 12:55:32,907] Trial 25 finished with value: 0.5091535449028015 and parameters: {'log_learning_rate': -2.703991395250501, 'log_learning_rate_D': -2.9779081215149317, 'log_learning_rate_D_dagger': -2.1514409990475096, 'training_batch_size': 7, 'training_p': 2, 'p_order_W': 2, 'p_order_D': 2, 'p_order_D_dagger': 3}. Best is trial 21 with value: 0.3790839612483978.
Time for this trial:  250.4321632385254
Memory status after this trial: 
Memory allocated:  2.810546875
Memory cached:  4.0
--------------------  Trial  26   --------------------
Start timing: 
Parameters: 
{'log_learning_rate': -1.97363213494444, 'log_learning_rate_D': -3.238954301174083, 'log_learning_rate_D_dagger': -1.4213100313351505, 'training_batch_size': 7, 'training_p': 7, 'p_order_W': 3, 'p_order_D': 5, 'p_order_D_dagger': 5}

[W 2024-03-12 12:55:37,196] Trial 26 failed with parameters: {'log_learning_rate': -1.97363213494444, 'log_learning_rate_D': -3.238954301174083, 'log_learning_rate_D_dagger': -1.4213100313351505, 'training_batch_size': 7, 'training_p': 7, 'p_order_W': 3, 'p_order_D': 5, 'p_order_D_dagger': 5} because of the following error: The value nan is not acceptable.
[W 2024-03-12 12:55:37,197] Trial 26 failed with value tensor(nan, grad_fn=<ToCopyBackward0>).
Time for this trial:  4.045319080352783
Memory status after this trial: 
Memory allocated:  4.1337890625
Memory cached:  6.0
--------------------  Trial  27   --------------------
Start timing: 
Parameters: 
{'log_learning_rate': -1.9935938007368534, 'log_learning_rate_D': -2.3784306264558106, 'log_learning_rate_D_dagger': -1.520916526535556, 'training_batch_size': 7, 'training_p': 7, 'p_order_W': 3, 'p_order_D': 5, 'p_order_D_dagger': 5}

[W 2024-03-12 12:55:41,478] Trial 27 failed with parameters: {'log_learning_rate': -1.9935938007368534, 'log_learning_rate_D': -2.3784306264558106, 'log_learning_rate_D_dagger': -1.520916526535556, 'training_batch_size': 7, 'training_p': 7, 'p_order_W': 3, 'p_order_D': 5, 'p_order_D_dagger': 5} because of the following error: The value nan is not acceptable.
[W 2024-03-12 12:55:41,478] Trial 27 failed with value tensor(nan, grad_fn=<ToCopyBackward0>).
Time for this trial:  4.037700653076172
Memory status after this trial: 
Memory allocated:  4.1337890625
Memory cached:  6.0
--------------------  Trial  28   --------------------
Start timing: 
Parameters: 
{'log_learning_rate': -2.0771181567836665, 'log_learning_rate_D': -3.164455618658523, 'log_learning_rate_D_dagger': -1.466458852321527, 'training_batch_size': 7, 'training_p': 7, 'p_order_W': 3, 'p_order_D': 5, 'p_order_D_dagger': 5}

[W 2024-03-12 12:55:45,806] Trial 28 failed with parameters: {'log_learning_rate': -2.0771181567836665, 'log_learning_rate_D': -3.164455618658523, 'log_learning_rate_D_dagger': -1.466458852321527, 'training_batch_size': 7, 'training_p': 7, 'p_order_W': 3, 'p_order_D': 5, 'p_order_D_dagger': 5} because of the following error: The value nan is not acceptable.
[W 2024-03-12 12:55:45,806] Trial 28 failed with value tensor(nan, grad_fn=<ToCopyBackward0>).
Time for this trial:  4.054617881774902
Memory status after this trial: 
Memory allocated:  4.1337890625
Memory cached:  6.0
--------------------  Trial  29   --------------------
Start timing: 
Parameters: 
{'log_learning_rate': -1.8292115184033766, 'log_learning_rate_D': -3.320153221520101, 'log_learning_rate_D_dagger': -1.468645284306517, 'training_batch_size': 7, 'training_p': 7, 'p_order_W': 3, 'p_order_D': 5, 'p_order_D_dagger': 5}

[W 2024-03-12 12:55:50,095] Trial 29 failed with parameters: {'log_learning_rate': -1.8292115184033766, 'log_learning_rate_D': -3.320153221520101, 'log_learning_rate_D_dagger': -1.468645284306517, 'training_batch_size': 7, 'training_p': 7, 'p_order_W': 3, 'p_order_D': 5, 'p_order_D_dagger': 5} because of the following error: The value nan is not acceptable.
[W 2024-03-12 12:55:50,096] Trial 29 failed with value tensor(nan, grad_fn=<ToCopyBackward0>).
Time for this trial:  4.018587589263916
Memory status after this trial: 
Memory allocated:  4.1337890625
Memory cached:  6.0
--------------------  Trial  30   --------------------
Start timing: 
Parameters: 
{'log_learning_rate': -1.804981212477719, 'log_learning_rate_D': -3.193151508555439, 'log_learning_rate_D_dagger': -1.5864230900497107, 'training_batch_size': 7, 'training_p': 7, 'p_order_W': 3, 'p_order_D': 5, 'p_order_D_dagger': 5}

[W 2024-03-12 12:55:54,349] Trial 30 failed with parameters: {'log_learning_rate': -1.804981212477719, 'log_learning_rate_D': -3.193151508555439, 'log_learning_rate_D_dagger': -1.5864230900497107, 'training_batch_size': 7, 'training_p': 7, 'p_order_W': 3, 'p_order_D': 5, 'p_order_D_dagger': 5} because of the following error: The value nan is not acceptable.
[W 2024-03-12 12:55:54,349] Trial 30 failed with value tensor(nan, grad_fn=<ToCopyBackward0>).
Time for this trial:  3.9935081005096436
Memory status after this trial: 
Memory allocated:  4.1337890625
Memory cached:  6.0
--------------------  Trial  31   --------------------
Start timing: 
Parameters: 
{'log_learning_rate': -1.918647069253828, 'log_learning_rate_D': -3.2085640722534823, 'log_learning_rate_D_dagger': -1.517788614064389, 'training_batch_size': 7, 'training_p': 7, 'p_order_W': 3, 'p_order_D': 5, 'p_order_D_dagger': 5}

[W 2024-03-12 12:55:58,667] Trial 31 failed with parameters: {'log_learning_rate': -1.918647069253828, 'log_learning_rate_D': -3.2085640722534823, 'log_learning_rate_D_dagger': -1.517788614064389, 'training_batch_size': 7, 'training_p': 7, 'p_order_W': 3, 'p_order_D': 5, 'p_order_D_dagger': 5} because of the following error: The value nan is not acceptable.
[W 2024-03-12 12:55:58,667] Trial 31 failed with value tensor(nan, grad_fn=<ToCopyBackward0>).
Time for this trial:  4.070694923400879
Memory status after this trial: 
Memory allocated:  4.1337890625
Memory cached:  6.0
--------------------  Trial  32   --------------------
Start timing: 
Parameters: 
{'log_learning_rate': -1.8682328157628605, 'log_learning_rate_D': -3.246003002460337, 'log_learning_rate_D_dagger': -1.486630317752128, 'training_batch_size': 7, 'training_p': 7, 'p_order_W': 3, 'p_order_D': 5, 'p_order_D_dagger': 5}

[W 2024-03-12 12:56:02,981] Trial 32 failed with parameters: {'log_learning_rate': -1.8682328157628605, 'log_learning_rate_D': -3.246003002460337, 'log_learning_rate_D_dagger': -1.486630317752128, 'training_batch_size': 7, 'training_p': 7, 'p_order_W': 3, 'p_order_D': 5, 'p_order_D_dagger': 5} because of the following error: The value nan is not acceptable.
[W 2024-03-12 12:56:02,981] Trial 32 failed with value tensor(nan, grad_fn=<ToCopyBackward0>).
Time for this trial:  4.056346416473389
Memory status after this trial: 
Memory allocated:  4.1337890625
Memory cached:  6.0
--------------------  Trial  33   --------------------
Start timing: 
Parameters: 
{'log_learning_rate': -2.0221696608906754, 'log_learning_rate_D': -3.3274300511364663, 'log_learning_rate_D_dagger': -1.515386410134244, 'training_batch_size': 7, 'training_p': 7, 'p_order_W': 3, 'p_order_D': 5, 'p_order_D_dagger': 5}

[W 2024-03-12 12:56:07,363] Trial 33 failed with parameters: {'log_learning_rate': -2.0221696608906754, 'log_learning_rate_D': -3.3274300511364663, 'log_learning_rate_D_dagger': -1.515386410134244, 'training_batch_size': 7, 'training_p': 7, 'p_order_W': 3, 'p_order_D': 5, 'p_order_D_dagger': 5} because of the following error: The value nan is not acceptable.
[W 2024-03-12 12:56:07,363] Trial 33 failed with value tensor(nan, grad_fn=<ToCopyBackward0>).
Time for this trial:  4.11839747428894
Memory status after this trial: 
Memory allocated:  4.1337890625
Memory cached:  6.0
--------------------  Trial  34   --------------------
Start timing: 
Parameters: 
{'log_learning_rate': -1.9593685540179921, 'log_learning_rate_D': -3.2396426532582674, 'log_learning_rate_D_dagger': -1.459257103852265, 'training_batch_size': 7, 'training_p': 7, 'p_order_W': 3, 'p_order_D': 5, 'p_order_D_dagger': 5}

	 epoch  0 training error:  tensor(inf, grad_fn=<ToCopyBackward0>)
Memory status after this epoch: 
Memory allocated:  1.84228515625
Memory cached:  4.0
	 epoch  10 training error:  tensor(536.2047, grad_fn=<ToCopyBackward0>)
Memory status after this epoch: 
Memory allocated:  1.84228515625
Memory cached:  4.0
	 epoch  20 training error:  tensor(41.7878, grad_fn=<ToCopyBackward0>)
Memory status after this epoch: 
Memory allocated:  1.84228515625
Memory cached:  4.0
	 epoch  30 training error:  tensor(32.9798, grad_fn=<ToCopyBackward0>)
Memory status after this epoch: 
Memory allocated:  1.84228515625
Memory cached:  4.0
	 epoch  40 training error:  tensor(20.6776, grad_fn=<ToCopyBackward0>)
Memory status after this epoch: 
Memory allocated:  1.84228515625
Memory cached:  4.0
	 epoch  50 training error:  tensor(55.6839, grad_fn=<ToCopyBackward0>)
Memory status after this epoch: 
Memory allocated:  1.84228515625
Memory cached:  4.0
	 epoch  60 training error:  tensor(33.6665, grad_fn=<ToCopyBackward0>)
Memory status after this epoch: 
Memory allocated:  1.84228515625
Memory cached:  4.0
	 epoch  70 training error:  tensor(23.8874, grad_fn=<ToCopyBackward0>)
Memory status after this epoch: 
Memory allocated:  1.84228515625
Memory cached:  4.0
	 epoch  80 training error:  tensor(47.2782, grad_fn=<ToCopyBackward0>)
Memory status after this epoch: 
Memory allocated:  1.84228515625
Memory cached:  4.0
	 epoch  90 training error:  tensor(148.5760, grad_fn=<ToCopyBackward0>)
Memory status after this epoch: 
Memory allocated:  1.84228515625
Memory cached:  4.0
[I 2024-03-12 13:01:24,535] Trial 34 finished with value: 22.473731994628906 and parameters: {'log_learning_rate': -1.9593685540179921, 'log_learning_rate_D': -3.2396426532582674, 'log_learning_rate_D_dagger': -1.459257103852265, 'training_batch_size': 7, 'training_p': 7, 'p_order_W': 3, 'p_order_D': 5, 'p_order_D_dagger': 5}. Best is trial 21 with value: 0.3790839612483978.
Time for this trial:  316.8870687484741
Memory status after this trial: 
Memory allocated:  4.1337890625
Memory cached:  6.0
--------------------  Trial  35   --------------------
Start timing: 
Parameters: 
{'log_learning_rate': -2.8030275954172925, 'log_learning_rate_D': -2.418454494004095, 'log_learning_rate_D_dagger': -2.709596670252173, 'training_batch_size': 6, 'training_p': 4, 'p_order_W': 2, 'p_order_D': 4, 'p_order_D_dagger': 4}

	 epoch  0 training error:  tensor(19516.9766, grad_fn=<ToCopyBackward0>)
Memory status after this epoch: 
Memory allocated:  1.57568359375
Memory cached:  4.0
	 epoch  10 training error:  tensor(11812.0801, grad_fn=<ToCopyBackward0>)
Memory status after this epoch: 
Memory allocated:  1.57568359375
Memory cached:  4.0
	 epoch  20 training error:  tensor(5663.9243, grad_fn=<ToCopyBackward0>)
Memory status after this epoch: 
Memory allocated:  1.57568359375
Memory cached:  4.0
	 epoch  30 training error:  tensor(658.8345, grad_fn=<ToCopyBackward0>)
Memory status after this epoch: 
Memory allocated:  1.57568359375
Memory cached:  4.0
	 epoch  40 training error:  tensor(241.1647, grad_fn=<ToCopyBackward0>)
Memory status after this epoch: 
Memory allocated:  1.57568359375
Memory cached:  4.0
	 epoch  50 training error:  tensor(228.2831, grad_fn=<ToCopyBackward0>)
Memory status after this epoch: 
Memory allocated:  1.57568359375
Memory cached:  4.0
	 epoch  60 training error:  tensor(217.8694, grad_fn=<ToCopyBackward0>)
Memory status after this epoch: 
Memory allocated:  1.57568359375
Memory cached:  4.0
	 epoch  70 training error:  tensor(207.1805, grad_fn=<ToCopyBackward0>)
Memory status after this epoch: 
Memory allocated:  1.57568359375
Memory cached:  4.0
	 epoch  80 training error:  tensor(197.2664, grad_fn=<ToCopyBackward0>)
Memory status after this epoch: 
Memory allocated:  1.57568359375
Memory cached:  4.0
	 epoch  90 training error:  tensor(184.5354, grad_fn=<ToCopyBackward0>)
Memory status after this epoch: 
Memory allocated:  1.57568359375
Memory cached:  4.0
