[I 2023-12-06 22:43:27,035] Trial 5 finished with value: 0.4739939272403717 and parameters: {'W_layers': 2, 'W_layer_units_exponent_0': 8, 'W_layer_units_exponent_1': 8, 'D_layers': 2, 'D_layer_units_exponent_0': 4, 'D_layer_units_exponent_1': 6, 'D_dagger_layers': 3, 'D_dagger_layer_units_exponent_0': 6, 'D_dagger_layer_units_exponent_1': 9, 'D_dagger_layer_units_exponent_2': 8, 'log_learning_rate': -1.014862709683558, 'log_learning_rate_D': -4.165986021683864, 'log_learning_rate_D_dagger': -1.684023796014718, 'training_batch_size': 9, 'training_p': 4}. Best is trial 2 with value: 0.2935338020324707.
Time for this trial:  121.83313751220703
Memory status after this trial: 
Memory allocated:  350.48388671875
Memory cached:  484.0
--------------------  Trial  6   --------------------
Start timing: 
Parameters: 
{'W_layers': 6, 'W_layer_units_exponent_0': 9, 'W_layer_units_exponent_1': 9, 'W_layer_units_exponent_2': 6, 'W_layer_units_exponent_3': 5, 'W_layer_units_exponent_4': 6, 'W_layer_units_exponent_5': 8, 'D_layers': 3, 'D_layer_units_exponent_0': 10, 'D_layer_units_exponent_1': 6, 'D_layer_units_exponent_2': 7, 'D_dagger_layers': 4, 'D_dagger_layer_units_exponent_0': 8, 'D_dagger_layer_units_exponent_1': 4, 'D_dagger_layer_units_exponent_2': 8, 'D_dagger_layer_units_exponent_3': 4, 'log_learning_rate': -1.762684053669346, 'log_learning_rate_D': -2.2137147732465965, 'log_learning_rate_D_dagger': -1.3932885272248088, 'training_batch_size': 11, 'training_p': 5}
	 epoch  0 training error:  tensor(1.0411, device='cuda:0', grad_fn=<DivBackward0>)
Memory status after this epoch: 
Memory allocated:  282.84619140625
Memory cached:  476.0
	 epoch  10 training error:  tensor(1.4377, device='cuda:0', grad_fn=<DivBackward0>)
Memory status after this epoch: 
Memory allocated:  282.84619140625
Memory cached:  512.0
	 epoch  20 training error:  tensor(1.1253, device='cuda:0', grad_fn=<DivBackward0>)
Memory status after this epoch: 
Memory allocated:  282.84619140625
Memory cached:  516.0
	 epoch  30 training error:  tensor(0.6042, device='cuda:0', grad_fn=<DivBackward0>)
Memory status after this epoch: 
Memory allocated:  282.84619140625
Memory cached:  514.0
	 epoch  40 training error:  tensor(0.6377, device='cuda:0', grad_fn=<DivBackward0>)
Memory status after this epoch: 
Memory allocated:  282.84619140625
Memory cached:  506.0
	 epoch  50 training error:  tensor(0.4264, device='cuda:0', grad_fn=<DivBackward0>)
Memory status after this epoch: 
Memory allocated:  282.84619140625
Memory cached:  514.0
	 epoch  60 training error:  tensor(0.4428, device='cuda:0', grad_fn=<DivBackward0>)
Memory status after this epoch: 
Memory allocated:  282.84619140625
Memory cached:  522.0
	 epoch  70 training error:  tensor(1.7002, device='cuda:0', grad_fn=<DivBackward0>)
Memory status after this epoch: 
Memory allocated:  282.84619140625
Memory cached:  520.0
	 epoch  80 training error:  tensor(0.6395, device='cuda:0', grad_fn=<DivBackward0>)
Memory status after this epoch: 
Memory allocated:  282.84619140625
Memory cached:  514.0
	 epoch  90 training error:  tensor(0.6423, device='cuda:0', grad_fn=<DivBackward0>)
Memory status after this epoch: 
Memory allocated:  282.84619140625
Memory cached:  518.0
[I 2023-12-06 22:46:27,385] Trial 6 finished with value: 0.611430287361145 and parameters: {'W_layers': 6, 'W_layer_units_exponent_0': 9, 'W_layer_units_exponent_1': 9, 'W_layer_units_exponent_2': 6, 'W_layer_units_exponent_3': 5, 'W_layer_units_exponent_4': 6, 'W_layer_units_exponent_5': 8, 'D_layers': 3, 'D_layer_units_exponent_0': 10, 'D_layer_units_exponent_1': 6, 'D_layer_units_exponent_2': 7, 'D_dagger_layers': 4, 'D_dagger_layer_units_exponent_0': 8, 'D_dagger_layer_units_exponent_1': 4, 'D_dagger_layer_units_exponent_2': 8, 'D_dagger_layer_units_exponent_3': 4, 'log_learning_rate': -1.762684053669346, 'log_learning_rate_D': -2.2137147732465965, 'log_learning_rate_D_dagger': -1.3932885272248088, 'training_batch_size': 11, 'training_p': 5}. Best is trial 2 with value: 0.2935338020324707.
Time for this trial:  180.2254467010498
Memory status after this trial: 
Memory allocated:  447.552734375
Memory cached:  504.0
--------------------  Trial  7   --------------------
Start timing: 
Parameters: 
{'W_layers': 5, 'W_layer_units_exponent_0': 6, 'W_layer_units_exponent_1': 5, 'W_layer_units_exponent_2': 9, 'W_layer_units_exponent_3': 8, 'W_layer_units_exponent_4': 5, 'D_layers': 2, 'D_layer_units_exponent_0': 6, 'D_layer_units_exponent_1': 10, 'D_dagger_layers': 3, 'D_dagger_layer_units_exponent_0': 6, 'D_dagger_layer_units_exponent_1': 6, 'D_dagger_layer_units_exponent_2': 7, 'log_learning_rate': -4.454160642047808, 'log_learning_rate_D': -4.575113488498679, 'log_learning_rate_D_dagger': -4.145764764908566, 'training_batch_size': 10, 'training_p': 6}
	 epoch  0 training error:  tensor(0.8944, device='cuda:0', grad_fn=<DivBackward0>)
Memory status after this epoch: 
Memory allocated:  280.28564453125
Memory cached:  472.0
	 epoch  10 training error:  tensor(0.6588, device='cuda:0', grad_fn=<DivBackward0>)
Memory status after this epoch: 
Memory allocated:  280.28564453125
Memory cached:  500.0
	 epoch  20 training error:  tensor(0.6082, device='cuda:0', grad_fn=<DivBackward0>)
Memory status after this epoch: 
Memory allocated:  280.28564453125
Memory cached:  500.0
	 epoch  30 training error:  tensor(0.5926, device='cuda:0', grad_fn=<DivBackward0>)
Memory status after this epoch: 
Memory allocated:  280.28564453125
Memory cached:  500.0
	 epoch  40 training error:  tensor(0.5723, device='cuda:0', grad_fn=<DivBackward0>)
Memory status after this epoch: 
Memory allocated:  280.28564453125
Memory cached:  498.0
	 epoch  50 training error:  tensor(0.5589, device='cuda:0', grad_fn=<DivBackward0>)
Memory status after this epoch: 
Memory allocated:  280.28564453125
Memory cached:  500.0
	 epoch  60 training error:  tensor(0.5457, device='cuda:0', grad_fn=<DivBackward0>)
Memory status after this epoch: 
Memory allocated:  280.28564453125
Memory cached:  502.0
	 epoch  70 training error:  tensor(0.5320, device='cuda:0', grad_fn=<DivBackward0>)
Memory status after this epoch: 
Memory allocated:  280.28564453125
Memory cached:  500.0
	 epoch  80 training error:  tensor(0.5185, device='cuda:0', grad_fn=<DivBackward0>)
Memory status after this epoch: 
Memory allocated:  280.28564453125
Memory cached:  496.0
	 epoch  90 training error:  tensor(0.5050, device='cuda:0', grad_fn=<DivBackward0>)
Memory status after this epoch: 
Memory allocated:  280.28564453125
Memory cached:  498.0
[I 2023-12-06 22:48:57,256] Trial 7 finished with value: 0.4303233325481415 and parameters: {'W_layers': 5, 'W_layer_units_exponent_0': 6, 'W_layer_units_exponent_1': 5, 'W_layer_units_exponent_2': 9, 'W_layer_units_exponent_3': 8, 'W_layer_units_exponent_4': 5, 'D_layers': 2, 'D_layer_units_exponent_0': 6, 'D_layer_units_exponent_1': 10, 'D_dagger_layers': 3, 'D_dagger_layer_units_exponent_0': 6, 'D_dagger_layer_units_exponent_1': 6, 'D_dagger_layer_units_exponent_2': 7, 'log_learning_rate': -4.454160642047808, 'log_learning_rate_D': -4.575113488498679, 'log_learning_rate_D_dagger': -4.145764764908566, 'training_batch_size': 10, 'training_p': 6}. Best is trial 2 with value: 0.2935338020324707.
Time for this trial:  149.72787714004517
Memory status after this trial: 
Memory allocated:  388.8408203125
Memory cached:  482.0
--------------------  Trial  8   --------------------
Start timing: 
Parameters: 
{'W_layers': 6, 'W_layer_units_exponent_0': 9, 'W_layer_units_exponent_1': 4, 'W_layer_units_exponent_2': 9, 'W_layer_units_exponent_3': 9, 'W_layer_units_exponent_4': 9, 'W_layer_units_exponent_5': 9, 'D_layers': 7, 'D_layer_units_exponent_0': 9, 'D_layer_units_exponent_1': 8, 'D_layer_units_exponent_2': 5, 'D_layer_units_exponent_3': 5, 'D_layer_units_exponent_4': 6, 'D_layer_units_exponent_5': 7, 'D_layer_units_exponent_6': 10, 'D_dagger_layers': 4, 'D_dagger_layer_units_exponent_0': 4, 'D_dagger_layer_units_exponent_1': 10, 'D_dagger_layer_units_exponent_2': 5, 'D_dagger_layer_units_exponent_3': 10, 'log_learning_rate': -2.152044295468816, 'log_learning_rate_D': -1.6573354756970406, 'log_learning_rate_D_dagger': -2.883982641500723, 'training_batch_size': 10, 'training_p': 2}
	 epoch  0 training error:  tensor(1.0290, device='cuda:0', grad_fn=<DivBackward0>)
Memory status after this epoch: 
Memory allocated:  294.59033203125
Memory cached:  484.0
	 epoch  10 training error:  tensor(3.1579, device='cuda:0', grad_fn=<DivBackward0>)
Memory status after this epoch: 
Memory allocated:  294.59033203125
Memory cached:  532.0
	 epoch  20 training error:  tensor(0.8798, device='cuda:0', grad_fn=<DivBackward0>)
Memory status after this epoch: 
Memory allocated:  294.59033203125
Memory cached:  538.0
	 epoch  30 training error:  tensor(0.7113, device='cuda:0', grad_fn=<DivBackward0>)
Memory status after this epoch: 
Memory allocated:  294.59033203125
Memory cached:  536.0
	 epoch  40 training error:  tensor(0.6230, device='cuda:0', grad_fn=<DivBackward0>)
Memory status after this epoch: 
Memory allocated:  294.59033203125
Memory cached:  534.0
	 epoch  50 training error:  tensor(0.6266, device='cuda:0', grad_fn=<DivBackward0>)
Memory status after this epoch: 
Memory allocated:  294.59033203125
Memory cached:  538.0
	 epoch  60 training error:  tensor(0.6232, device='cuda:0', grad_fn=<DivBackward0>)
Memory status after this epoch: 
Memory allocated:  294.59033203125
Memory cached:  540.0
	 epoch  70 training error:  tensor(0.6054, device='cuda:0', grad_fn=<DivBackward0>)
Memory status after this epoch: 
Memory allocated:  294.59033203125
Memory cached:  542.0
	 epoch  80 training error:  tensor(0.6834, device='cuda:0', grad_fn=<DivBackward0>)
Memory status after this epoch: 
Memory allocated:  294.59033203125
Memory cached:  544.0
	 epoch  90 training error:  tensor(0.6953, device='cuda:0', grad_fn=<DivBackward0>)
Memory status after this epoch: 
Memory allocated:  294.59033203125
Memory cached:  538.0
[I 2023-12-06 22:52:49,984] Trial 8 finished with value: 0.6223085522651672 and parameters: {'W_layers': 6, 'W_layer_units_exponent_0': 9, 'W_layer_units_exponent_1': 4, 'W_layer_units_exponent_2': 9, 'W_layer_units_exponent_3': 9, 'W_layer_units_exponent_4': 9, 'W_layer_units_exponent_5': 9, 'D_layers': 7, 'D_layer_units_exponent_0': 9, 'D_layer_units_exponent_1': 8, 'D_layer_units_exponent_2': 5, 'D_layer_units_exponent_3': 5, 'D_layer_units_exponent_4': 6, 'D_layer_units_exponent_5': 7, 'D_layer_units_exponent_6': 10, 'D_dagger_layers': 4, 'D_dagger_layer_units_exponent_0': 4, 'D_dagger_layer_units_exponent_1': 10, 'D_dagger_layer_units_exponent_2': 5, 'D_dagger_layer_units_exponent_3': 10, 'log_learning_rate': -2.152044295468816, 'log_learning_rate_D': -1.6573354756970406, 'log_learning_rate_D_dagger': -2.883982641500723, 'training_batch_size': 10, 'training_p': 2}. Best is trial 2 with value: 0.2935338020324707.
Time for this trial:  232.5780804157257
Memory status after this trial: 
Memory allocated:  624.58203125
Memory cached:  634.0
--------------------  Trial  9   --------------------
Start timing: 
Parameters: 
{'W_layers': 8, 'W_layer_units_exponent_0': 8, 'W_layer_units_exponent_1': 9, 'W_layer_units_exponent_2': 4, 'W_layer_units_exponent_3': 8, 'W_layer_units_exponent_4': 5, 'W_layer_units_exponent_5': 8, 'W_layer_units_exponent_6': 5, 'W_layer_units_exponent_7': 8, 'D_layers': 7, 'D_layer_units_exponent_0': 5, 'D_layer_units_exponent_1': 7, 'D_layer_units_exponent_2': 6, 'D_layer_units_exponent_3': 7, 'D_layer_units_exponent_4': 4, 'D_layer_units_exponent_5': 10, 'D_layer_units_exponent_6': 9, 'D_dagger_layers': 3, 'D_dagger_layer_units_exponent_0': 4, 'D_dagger_layer_units_exponent_1': 6, 'D_dagger_layer_units_exponent_2': 6, 'log_learning_rate': -2.4966286854248887, 'log_learning_rate_D': -1.8005863954722114, 'log_learning_rate_D_dagger': -3.0429366753429705, 'training_batch_size': 9, 'training_p': 5}
	 epoch  0 training error:  tensor(1.0181, device='cuda:0', grad_fn=<DivBackward0>)
Memory status after this epoch: 
Memory allocated:  288.07470703125
Memory cached:  522.0
	 epoch  10 training error:  tensor(0.6082, device='cuda:0', grad_fn=<DivBackward0>)
Memory status after this epoch: 
Memory allocated:  288.07470703125
Memory cached:  556.0
	 epoch  20 training error:  tensor(0.6804, device='cuda:0', grad_fn=<DivBackward0>)
Memory status after this epoch: 
Memory allocated:  288.07470703125
Memory cached:  546.0
	 epoch  30 training error:  tensor(0.6330, device='cuda:0', grad_fn=<DivBackward0>)
Memory status after this epoch: 
Memory allocated:  288.07470703125
Memory cached:  548.0
	 epoch  40 training error:  tensor(0.5956, device='cuda:0', grad_fn=<DivBackward0>)
Memory status after this epoch: 
Memory allocated:  288.07470703125
Memory cached:  546.0
	 epoch  50 training error:  tensor(0.5809, device='cuda:0', grad_fn=<DivBackward0>)
Memory status after this epoch: 
Memory allocated:  288.07470703125
Memory cached:  550.0
	 epoch  60 training error:  tensor(0.4959, device='cuda:0', grad_fn=<DivBackward0>)
Memory status after this epoch: 
Memory allocated:  288.07470703125
Memory cached:  552.0
	 epoch  70 training error:  tensor(0.5039, device='cuda:0', grad_fn=<DivBackward0>)
Memory status after this epoch: 
Memory allocated:  288.07470703125
Memory cached:  546.0
	 epoch  80 training error:  tensor(0.4766, device='cuda:0', grad_fn=<DivBackward0>)
Memory status after this epoch: 
Memory allocated:  288.07470703125
Memory cached:  552.0
	 epoch  90 training error:  tensor(0.4624, device='cuda:0', grad_fn=<DivBackward0>)
Memory status after this epoch: 
Memory allocated:  288.07470703125
Memory cached:  552.0
[I 2023-12-06 22:56:29,694] Trial 9 finished with value: 0.3788776397705078 and parameters: {'W_layers': 8, 'W_layer_units_exponent_0': 8, 'W_layer_units_exponent_1': 9, 'W_layer_units_exponent_2': 4, 'W_layer_units_exponent_3': 8, 'W_layer_units_exponent_4': 5, 'W_layer_units_exponent_5': 8, 'W_layer_units_exponent_6': 5, 'W_layer_units_exponent_7': 8, 'D_layers': 7, 'D_layer_units_exponent_0': 5, 'D_layer_units_exponent_1': 7, 'D_layer_units_exponent_2': 6, 'D_layer_units_exponent_3': 7, 'D_layer_units_exponent_4': 4, 'D_layer_units_exponent_5': 10, 'D_layer_units_exponent_6': 9, 'D_dagger_layers': 3, 'D_dagger_layer_units_exponent_0': 4, 'D_dagger_layer_units_exponent_1': 6, 'D_dagger_layer_units_exponent_2': 6, 'log_learning_rate': -2.4966286854248887, 'log_learning_rate_D': -1.8005863954722114, 'log_learning_rate_D_dagger': -3.0429366753429705, 'training_batch_size': 9, 'training_p': 5}. Best is trial 2 with value: 0.2935338020324707.
Time for this trial:  219.5275435447693
Memory status after this trial: 
Memory allocated:  471.5068359375
Memory cached:  530.0
--------------------  Trial  10   --------------------
Start timing: 
Parameters: 
{'W_layers': 3, 'W_layer_units_exponent_0': 6, 'W_layer_units_exponent_1': 10, 'W_layer_units_exponent_2': 6, 'D_layers': 5, 'D_layer_units_exponent_0': 8, 'D_layer_units_exponent_1': 4, 'D_layer_units_exponent_2': 9, 'D_layer_units_exponent_3': 10, 'D_layer_units_exponent_4': 10, 'D_dagger_layers': 8, 'D_dagger_layer_units_exponent_0': 10, 'D_dagger_layer_units_exponent_1': 8, 'D_dagger_layer_units_exponent_2': 10, 'D_dagger_layer_units_exponent_3': 7, 'D_dagger_layer_units_exponent_4': 4, 'D_dagger_layer_units_exponent_5': 6, 'D_dagger_layer_units_exponent_6': 5, 'D_dagger_layer_units_exponent_7': 8, 'log_learning_rate': -1.0275201337746354, 'log_learning_rate_D': -1.015222540699941, 'log_learning_rate_D_dagger': -4.998359829717438, 'training_batch_size': 7, 'training_p': 8}
	 epoch  0 training error:  tensor(1.0973, device='cuda:0', grad_fn=<DivBackward0>)
Memory status after this epoch: 
Memory allocated:  313.18603515625
Memory cached:  520.0
	 epoch  10 training error:  tensor(16.0154, device='cuda:0', grad_fn=<DivBackward0>)
Memory status after this epoch: 
Memory allocated:  313.18603515625
Memory cached:  556.0
	 epoch  20 training error:  tensor(126.6873, device='cuda:0', grad_fn=<DivBackward0>)
Memory status after this epoch: 
Memory allocated:  313.18603515625
Memory cached:  568.0
	 epoch  30 training error:  tensor(3.6359, device='cuda:0', grad_fn=<DivBackward0>)
Memory status after this epoch: 
Memory allocated:  313.18603515625
Memory cached:  576.0
	 epoch  40 training error:  tensor(14.1610, device='cuda:0', grad_fn=<DivBackward0>)
Memory status after this epoch: 
Memory allocated:  313.18603515625
Memory cached:  566.0
	 epoch  50 training error:  tensor(23.9068, device='cuda:0', grad_fn=<DivBackward0>)
Memory status after this epoch: 
Memory allocated:  313.18603515625
Memory cached:  558.0
	 epoch  60 training error:  tensor(1.8241, device='cuda:0', grad_fn=<DivBackward0>)
Memory status after this epoch: 
Memory allocated:  313.18603515625
Memory cached:  572.0
	 epoch  70 training error:  tensor(7.8167, device='cuda:0', grad_fn=<DivBackward0>)
Memory status after this epoch: 
Memory allocated:  313.18603515625
Memory cached:  554.0
	 epoch  80 training error:  tensor(34.4268, device='cuda:0', grad_fn=<DivBackward0>)
Memory status after this epoch: 
Memory allocated:  313.18603515625
Memory cached:  568.0
	 epoch  90 training error:  tensor(25.0613, device='cuda:0', grad_fn=<DivBackward0>)
Memory status after this epoch: 
Memory allocated:  313.18603515625
Memory cached:  572.0
[I 2023-12-06 23:00:20,755] Trial 10 finished with value: 22.034488677978516 and parameters: {'W_layers': 3, 'W_layer_units_exponent_0': 6, 'W_layer_units_exponent_1': 10, 'W_layer_units_exponent_2': 6, 'D_layers': 5, 'D_layer_units_exponent_0': 8, 'D_layer_units_exponent_1': 4, 'D_layer_units_exponent_2': 9, 'D_layer_units_exponent_3': 10, 'D_layer_units_exponent_4': 10, 'D_dagger_layers': 8, 'D_dagger_layer_units_exponent_0': 10, 'D_dagger_layer_units_exponent_1': 8, 'D_dagger_layer_units_exponent_2': 10, 'D_dagger_layer_units_exponent_3': 7, 'D_dagger_layer_units_exponent_4': 4, 'D_dagger_layer_units_exponent_5': 6, 'D_dagger_layer_units_exponent_6': 5, 'D_dagger_layer_units_exponent_7': 8, 'log_learning_rate': -1.0275201337746354, 'log_learning_rate_D': -1.015222540699941, 'log_learning_rate_D_dagger': -4.998359829717438, 'training_batch_size': 7, 'training_p': 8}. Best is trial 2 with value: 0.2935338020324707.
Time for this trial:  230.79024982452393
Memory status after this trial: 
Memory allocated:  646.15478515625
Memory cached:  662.0
--------------------  Trial  11   --------------------
Start timing: 
Parameters: 
{'W_layers': 4, 'W_layer_units_exponent_0': 4, 'W_layer_units_exponent_1': 10, 'W_layer_units_exponent_2': 7, 'W_layer_units_exponent_3': 10, 'D_layers': 8, 'D_layer_units_exponent_0': 7, 'D_layer_units_exponent_1': 9, 'D_layer_units_exponent_2': 10, 'D_layer_units_exponent_3': 10, 'D_layer_units_exponent_4': 4, 'D_layer_units_exponent_5': 4, 'D_layer_units_exponent_6': 4, 'D_layer_units_exponent_7': 5, 'D_dagger_layers': 6, 'D_dagger_layer_units_exponent_0': 10, 'D_dagger_layer_units_exponent_1': 4, 'D_dagger_layer_units_exponent_2': 4, 'D_dagger_layer_units_exponent_3': 10, 'D_dagger_layer_units_exponent_4': 4, 'D_dagger_layer_units_exponent_5': 10, 'log_learning_rate': -3.5561055659115857, 'log_learning_rate_D': -3.5629150520136994, 'log_learning_rate_D_dagger': -2.5534157780476137, 'training_batch_size': 7, 'training_p': 2}
	 epoch  0 training error:  tensor(1.1506, device='cuda:0', grad_fn=<DivBackward0>)
Memory status after this epoch: 
Memory allocated:  307.35009765625
Memory cached:  524.0
	 epoch  10 training error:  tensor(0.4737, device='cuda:0', grad_fn=<DivBackward0>)
Memory status after this epoch: 
Memory allocated:  307.35009765625
Memory cached:  590.0
	 epoch  20 training error:  tensor(0.3975, device='cuda:0', grad_fn=<DivBackward0>)
Memory status after this epoch: 
Memory allocated:  307.35009765625
Memory cached:  580.0
	 epoch  30 training error:  tensor(0.3694, device='cuda:0', grad_fn=<DivBackward0>)
Memory status after this epoch: 
Memory allocated:  307.35009765625
Memory cached:  586.0
	 epoch  40 training error:  tensor(0.3255, device='cuda:0', grad_fn=<DivBackward0>)
Memory status after this epoch: 
Memory allocated:  307.35009765625
Memory cached:  586.0
	 epoch  50 training error:  tensor(0.3232, device='cuda:0', grad_fn=<DivBackward0>)
Memory status after this epoch: 
Memory allocated:  307.35009765625
Memory cached:  576.0
	 epoch  60 training error:  tensor(0.3051, device='cuda:0', grad_fn=<DivBackward0>)
Memory status after this epoch: 
Memory allocated:  307.35009765625
Memory cached:  584.0
	 epoch  70 training error:  tensor(0.3049, device='cuda:0', grad_fn=<DivBackward0>)
Memory status after this epoch: 
Memory allocated:  307.35009765625
Memory cached:  582.0
	 epoch  80 training error:  tensor(0.2999, device='cuda:0', grad_fn=<DivBackward0>)
Memory status after this epoch: 
Memory allocated:  307.35009765625
Memory cached:  586.0
	 epoch  90 training error:  tensor(0.2833, device='cuda:0', grad_fn=<DivBackward0>)
Memory status after this epoch: 
Memory allocated:  307.35009765625
Memory cached:  586.0
