[I 2024-01-11 12:12:00,745] Trial 97 finished with value: 0.21069860458374023 and parameters: {'W_layers': 7, 'W_layer_units_exponent_0': 7, 'W_layer_units_exponent_1': 6, 'W_layer_units_exponent_2': 10, 'W_layer_units_exponent_3': 4, 'W_layer_units_exponent_4': 4, 'W_layer_units_exponent_5': 5, 'W_layer_units_exponent_6': 6, 'D_layers': 2, 'D_layer_units_exponent_0': 6, 'D_layer_units_exponent_1': 10, 'D_dagger_layers': 2, 'D_dagger_layer_units_exponent_0': 4, 'D_dagger_layer_units_exponent_1': 10, 'log_learning_rate': -1.7519894712354547, 'log_learning_rate_D': -2.2613455800370676, 'log_learning_rate_D_dagger': -3.248527367448254, 'training_batch_size': 9, 'training_p': 2}. Best is trial 76 with value: 0.2073042392730713.
Time for this trial:  21.01821756362915
Memory status after this trial: 
Memory allocated:  461.87158203125
Memory cached:  532.0
--------------------  Trial  98   --------------------
Start timing: 
Parameters: 
{'W_layers': 6, 'W_layer_units_exponent_0': 7, 'W_layer_units_exponent_1': 5, 'W_layer_units_exponent_2': 9, 'W_layer_units_exponent_3': 5, 'W_layer_units_exponent_4': 5, 'W_layer_units_exponent_5': 6, 'D_layers': 4, 'D_layer_units_exponent_0': 7, 'D_layer_units_exponent_1': 10, 'D_layer_units_exponent_2': 7, 'D_layer_units_exponent_3': 10, 'D_dagger_layers': 3, 'D_dagger_layer_units_exponent_0': 4, 'D_dagger_layer_units_exponent_1': 9, 'D_dagger_layer_units_exponent_2': 4, 'log_learning_rate': -1.9580454382235735, 'log_learning_rate_D': -2.6592088185460874, 'log_learning_rate_D_dagger': -3.436568860708283, 'training_batch_size': 7, 'training_p': 3}
	 epoch  0 training error:  tensor(1.2366, device='cuda:0', grad_fn=<DivBackward0>)
Memory status after this epoch: 
Memory allocated:  220.62255859375
Memory cached:  340.0
	 epoch  10 training error:  tensor(0.2924, device='cuda:0', grad_fn=<DivBackward0>)
Memory status after this epoch: 
Memory allocated:  220.62255859375
Memory cached:  340.0
	 epoch  20 training error:  tensor(0.2755, device='cuda:0', grad_fn=<DivBackward0>)
Memory status after this epoch: 
Memory allocated:  220.62255859375
Memory cached:  340.0
	 epoch  30 training error:  tensor(0.2626, device='cuda:0', grad_fn=<DivBackward0>)
Memory status after this epoch: 
Memory allocated:  220.62255859375
Memory cached:  340.0
	 epoch  40 training error:  tensor(0.2539, device='cuda:0', grad_fn=<DivBackward0>)
Memory status after this epoch: 
Memory allocated:  220.62255859375
Memory cached:  340.0
	 epoch  50 training error:  tensor(0.2460, device='cuda:0', grad_fn=<DivBackward0>)
Memory status after this epoch: 
Memory allocated:  220.62255859375
Memory cached:  340.0
	 epoch  60 training error:  tensor(0.2441, device='cuda:0', grad_fn=<DivBackward0>)
Memory status after this epoch: 
Memory allocated:  220.62255859375
Memory cached:  340.0
	 epoch  70 training error:  tensor(0.2429, device='cuda:0', grad_fn=<DivBackward0>)
Memory status after this epoch: 
Memory allocated:  220.62255859375
Memory cached:  340.0
	 epoch  80 training error:  tensor(0.2420, device='cuda:0', grad_fn=<DivBackward0>)
Memory status after this epoch: 
Memory allocated:  220.62255859375
Memory cached:  340.0
	 epoch  90 training error:  tensor(0.2414, device='cuda:0', grad_fn=<DivBackward0>)
Memory status after this epoch: 
Memory allocated:  220.62255859375
Memory cached:  340.0
[I 2024-01-11 12:12:22,850] Trial 98 finished with value: 0.21452701091766357 and parameters: {'W_layers': 6, 'W_layer_units_exponent_0': 7, 'W_layer_units_exponent_1': 5, 'W_layer_units_exponent_2': 9, 'W_layer_units_exponent_3': 5, 'W_layer_units_exponent_4': 5, 'W_layer_units_exponent_5': 6, 'D_layers': 4, 'D_layer_units_exponent_0': 7, 'D_layer_units_exponent_1': 10, 'D_layer_units_exponent_2': 7, 'D_layer_units_exponent_3': 10, 'D_dagger_layers': 3, 'D_dagger_layer_units_exponent_0': 4, 'D_dagger_layer_units_exponent_1': 9, 'D_dagger_layer_units_exponent_2': 4, 'log_learning_rate': -1.9580454382235735, 'log_learning_rate_D': -2.6592088185460874, 'log_learning_rate_D_dagger': -3.436568860708283, 'training_batch_size': 7, 'training_p': 3}. Best is trial 76 with value: 0.2073042392730713.
Time for this trial:  21.7225501537323
Memory status after this trial: 
Memory allocated:  361.90576171875
Memory cached:  402.0
--------------------  Trial  99   --------------------
Start timing: 
Parameters: 
{'W_layers': 7, 'W_layer_units_exponent_0': 8, 'W_layer_units_exponent_1': 5, 'W_layer_units_exponent_2': 10, 'W_layer_units_exponent_3': 5, 'W_layer_units_exponent_4': 4, 'W_layer_units_exponent_5': 5, 'W_layer_units_exponent_6': 5, 'D_layers': 2, 'D_layer_units_exponent_0': 6, 'D_layer_units_exponent_1': 9, 'D_dagger_layers': 3, 'D_dagger_layer_units_exponent_0': 4, 'D_dagger_layer_units_exponent_1': 10, 'D_dagger_layer_units_exponent_2': 5, 'log_learning_rate': -2.3068755575670465, 'log_learning_rate_D': -2.0470415320191346, 'log_learning_rate_D_dagger': -3.039831650596859, 'training_batch_size': 8, 'training_p': 2}
	 epoch  0 training error:  tensor(0.6556, device='cuda:0', grad_fn=<DivBackward0>)
Memory status after this epoch: 
Memory allocated:  220.3564453125
Memory cached:  340.0
	 epoch  10 training error:  tensor(0.2581, device='cuda:0', grad_fn=<DivBackward0>)
Memory status after this epoch: 
Memory allocated:  220.3564453125
Memory cached:  340.0
	 epoch  20 training error:  tensor(0.1953, device='cuda:0', grad_fn=<DivBackward0>)
Memory status after this epoch: 
Memory allocated:  220.3564453125
Memory cached:  340.0
	 epoch  30 training error:  tensor(0.1946, device='cuda:0', grad_fn=<DivBackward0>)
Memory status after this epoch: 
Memory allocated:  220.3564453125
Memory cached:  340.0
	 epoch  40 training error:  tensor(0.2106, device='cuda:0', grad_fn=<DivBackward0>)
Memory status after this epoch: 
Memory allocated:  220.3564453125
Memory cached:  340.0
	 epoch  50 training error:  tensor(0.2033, device='cuda:0', grad_fn=<DivBackward0>)
Memory status after this epoch: 
Memory allocated:  220.3564453125
Memory cached:  340.0
	 epoch  60 training error:  tensor(0.1977, device='cuda:0', grad_fn=<DivBackward0>)
Memory status after this epoch: 
Memory allocated:  220.3564453125
Memory cached:  340.0
	 epoch  70 training error:  tensor(0.1932, device='cuda:0', grad_fn=<DivBackward0>)
Memory status after this epoch: 
Memory allocated:  220.3564453125
Memory cached:  340.0
	 epoch  80 training error:  tensor(0.1928, device='cuda:0', grad_fn=<DivBackward0>)
Memory status after this epoch: 
Memory allocated:  220.3564453125
Memory cached:  340.0
	 epoch  90 training error:  tensor(0.1921, device='cuda:0', grad_fn=<DivBackward0>)
Memory status after this epoch: 
Memory allocated:  220.3564453125
Memory cached:  340.0
[I 2024-01-11 12:12:44,292] Trial 99 finished with value: 0.2144671529531479 and parameters: {'W_layers': 7, 'W_layer_units_exponent_0': 8, 'W_layer_units_exponent_1': 5, 'W_layer_units_exponent_2': 10, 'W_layer_units_exponent_3': 5, 'W_layer_units_exponent_4': 4, 'W_layer_units_exponent_5': 5, 'W_layer_units_exponent_6': 5, 'D_layers': 2, 'D_layer_units_exponent_0': 6, 'D_layer_units_exponent_1': 9, 'D_dagger_layers': 3, 'D_dagger_layer_units_exponent_0': 4, 'D_dagger_layer_units_exponent_1': 10, 'D_dagger_layer_units_exponent_2': 5, 'log_learning_rate': -2.3068755575670465, 'log_learning_rate_D': -2.0470415320191346, 'log_learning_rate_D_dagger': -3.039831650596859, 'training_batch_size': 8, 'training_p': 2}. Best is trial 76 with value: 0.2073042392730713.
Time for this trial:  21.07801580429077
Memory status after this trial: 
Memory allocated:  489.94970703125
Memory cached:  546.0
--------------------  Trial  100   --------------------
Start timing: 
Parameters: 
{'W_layers': 7, 'W_layer_units_exponent_0': 8, 'W_layer_units_exponent_1': 6, 'W_layer_units_exponent_2': 10, 'W_layer_units_exponent_3': 5, 'W_layer_units_exponent_4': 5, 'W_layer_units_exponent_5': 5, 'W_layer_units_exponent_6': 7, 'D_layers': 3, 'D_layer_units_exponent_0': 5, 'D_layer_units_exponent_1': 10, 'D_layer_units_exponent_2': 7, 'D_dagger_layers': 2, 'D_dagger_layer_units_exponent_0': 4, 'D_dagger_layer_units_exponent_1': 10, 'log_learning_rate': -2.0890894779229585, 'log_learning_rate_D': -2.2085875120207965, 'log_learning_rate_D_dagger': -3.7665581682651768, 'training_batch_size': 9, 'training_p': 2}
	 epoch  0 training error:  tensor(0.9245, device='cuda:0', grad_fn=<DivBackward0>)
Memory status after this epoch: 
Memory allocated:  221.056640625
Memory cached:  340.0
	 epoch  10 training error:  tensor(0.5712, device='cuda:0', grad_fn=<DivBackward0>)
Memory status after this epoch: 
Memory allocated:  221.056640625
Memory cached:  340.0
	 epoch  20 training error:  tensor(0.3334, device='cuda:0', grad_fn=<DivBackward0>)
Memory status after this epoch: 
Memory allocated:  221.056640625
Memory cached:  340.0
	 epoch  30 training error:  tensor(0.2479, device='cuda:0', grad_fn=<DivBackward0>)
Memory status after this epoch: 
Memory allocated:  221.056640625
Memory cached:  340.0
	 epoch  40 training error:  tensor(0.2512, device='cuda:0', grad_fn=<DivBackward0>)
Memory status after this epoch: 
Memory allocated:  221.056640625
Memory cached:  340.0
	 epoch  50 training error:  tensor(0.2293, device='cuda:0', grad_fn=<DivBackward0>)
Memory status after this epoch: 
Memory allocated:  221.056640625
Memory cached:  340.0
	 epoch  60 training error:  tensor(0.2252, device='cuda:0', grad_fn=<DivBackward0>)
Memory status after this epoch: 
Memory allocated:  221.056640625
Memory cached:  340.0
	 epoch  70 training error:  tensor(0.2164, device='cuda:0', grad_fn=<DivBackward0>)
Memory status after this epoch: 
Memory allocated:  221.056640625
Memory cached:  340.0
	 epoch  80 training error:  tensor(0.2108, device='cuda:0', grad_fn=<DivBackward0>)
Memory status after this epoch: 
Memory allocated:  221.056640625
Memory cached:  340.0
	 epoch  90 training error:  tensor(0.2063, device='cuda:0', grad_fn=<DivBackward0>)
Memory status after this epoch: 
Memory allocated:  221.056640625
Memory cached:  340.0
[I 2024-01-11 12:13:05,073] Trial 100 finished with value: 0.22002866864204407 and parameters: {'W_layers': 7, 'W_layer_units_exponent_0': 8, 'W_layer_units_exponent_1': 6, 'W_layer_units_exponent_2': 10, 'W_layer_units_exponent_3': 5, 'W_layer_units_exponent_4': 5, 'W_layer_units_exponent_5': 5, 'W_layer_units_exponent_6': 7, 'D_layers': 3, 'D_layer_units_exponent_0': 5, 'D_layer_units_exponent_1': 10, 'D_layer_units_exponent_2': 7, 'D_dagger_layers': 2, 'D_dagger_layer_units_exponent_0': 4, 'D_dagger_layer_units_exponent_1': 10, 'log_learning_rate': -2.0890894779229585, 'log_learning_rate_D': -2.2085875120207965, 'log_learning_rate_D_dagger': -3.7665581682651768, 'training_batch_size': 9, 'training_p': 2}. Best is trial 76 with value: 0.2073042392730713.
Time for this trial:  20.453420162200928
Memory status after this trial: 
Memory allocated:  485.97314453125
Memory cached:  528.0
--------------------  Trial  101   --------------------
Start timing: 
Parameters: 
{'W_layers': 7, 'W_layer_units_exponent_0': 8, 'W_layer_units_exponent_1': 6, 'W_layer_units_exponent_2': 10, 'W_layer_units_exponent_3': 5, 'W_layer_units_exponent_4': 4, 'W_layer_units_exponent_5': 5, 'W_layer_units_exponent_6': 6, 'D_layers': 3, 'D_layer_units_exponent_0': 6, 'D_layer_units_exponent_1': 10, 'D_layer_units_exponent_2': 8, 'D_dagger_layers': 3, 'D_dagger_layer_units_exponent_0': 4, 'D_dagger_layer_units_exponent_1': 10, 'D_dagger_layer_units_exponent_2': 5, 'log_learning_rate': -2.4440893581342302, 'log_learning_rate_D': -2.3597004679314604, 'log_learning_rate_D_dagger': -3.299318328773906, 'training_batch_size': 8, 'training_p': 2}
	 epoch  0 training error:  tensor(1.0905, device='cuda:0', grad_fn=<DivBackward0>)
Memory status after this epoch: 
Memory allocated:  222.1240234375
Memory cached:  340.0
	 epoch  10 training error:  tensor(0.2861, device='cuda:0', grad_fn=<DivBackward0>)
Memory status after this epoch: 
Memory allocated:  222.1240234375
Memory cached:  340.0
	 epoch  20 training error:  tensor(0.2228, device='cuda:0', grad_fn=<DivBackward0>)
Memory status after this epoch: 
Memory allocated:  222.1240234375
Memory cached:  340.0
	 epoch  30 training error:  tensor(0.2007, device='cuda:0', grad_fn=<DivBackward0>)
Memory status after this epoch: 
Memory allocated:  222.1240234375
Memory cached:  340.0
	 epoch  40 training error:  tensor(0.1946, device='cuda:0', grad_fn=<DivBackward0>)
Memory status after this epoch: 
Memory allocated:  222.1240234375
Memory cached:  340.0
	 epoch  50 training error:  tensor(0.1985, device='cuda:0', grad_fn=<DivBackward0>)
Memory status after this epoch: 
Memory allocated:  222.1240234375
Memory cached:  340.0
	 epoch  60 training error:  tensor(0.1885, device='cuda:0', grad_fn=<DivBackward0>)
Memory status after this epoch: 
Memory allocated:  222.1240234375
Memory cached:  340.0
	 epoch  70 training error:  tensor(0.1845, device='cuda:0', grad_fn=<DivBackward0>)
Memory status after this epoch: 
Memory allocated:  222.1240234375
Memory cached:  340.0
	 epoch  80 training error:  tensor(0.1888, device='cuda:0', grad_fn=<DivBackward0>)
Memory status after this epoch: 
Memory allocated:  222.1240234375
Memory cached:  340.0
	 epoch  90 training error:  tensor(0.1859, device='cuda:0', grad_fn=<DivBackward0>)
Memory status after this epoch: 
Memory allocated:  222.1240234375
Memory cached:  340.0
[I 2024-01-11 12:13:26,320] Trial 101 finished with value: 0.20840302109718323 and parameters: {'W_layers': 7, 'W_layer_units_exponent_0': 8, 'W_layer_units_exponent_1': 6, 'W_layer_units_exponent_2': 10, 'W_layer_units_exponent_3': 5, 'W_layer_units_exponent_4': 4, 'W_layer_units_exponent_5': 5, 'W_layer_units_exponent_6': 6, 'D_layers': 3, 'D_layer_units_exponent_0': 6, 'D_layer_units_exponent_1': 10, 'D_layer_units_exponent_2': 8, 'D_dagger_layers': 3, 'D_dagger_layer_units_exponent_0': 4, 'D_dagger_layer_units_exponent_1': 10, 'D_dagger_layer_units_exponent_2': 5, 'log_learning_rate': -2.4440893581342302, 'log_learning_rate_D': -2.3597004679314604, 'log_learning_rate_D_dagger': -3.299318328773906, 'training_batch_size': 8, 'training_p': 2}. Best is trial 76 with value: 0.2073042392730713.
Time for this trial:  20.91495966911316
Memory status after this trial: 
Memory allocated:  496.61767578125
Memory cached:  554.0
--------------------  Trial  102   --------------------
Start timing: 
Parameters: 
{'W_layers': 7, 'W_layer_units_exponent_0': 8, 'W_layer_units_exponent_1': 6, 'W_layer_units_exponent_2': 10, 'W_layer_units_exponent_3': 5, 'W_layer_units_exponent_4': 4, 'W_layer_units_exponent_5': 5, 'W_layer_units_exponent_6': 6, 'D_layers': 3, 'D_layer_units_exponent_0': 6, 'D_layer_units_exponent_1': 10, 'D_layer_units_exponent_2': 8, 'D_dagger_layers': 3, 'D_dagger_layer_units_exponent_0': 4, 'D_dagger_layer_units_exponent_1': 10, 'D_dagger_layer_units_exponent_2': 5, 'log_learning_rate': -2.3245852497719643, 'log_learning_rate_D': -2.548389601236833, 'log_learning_rate_D_dagger': -3.381301626653975, 'training_batch_size': 8, 'training_p': 2}
	 epoch  0 training error:  tensor(0.7893, device='cuda:0', grad_fn=<DivBackward0>)
Memory status after this epoch: 
Memory allocated:  222.1240234375
Memory cached:  340.0
	 epoch  10 training error:  tensor(0.2859, device='cuda:0', grad_fn=<DivBackward0>)
Memory status after this epoch: 
Memory allocated:  222.1240234375
Memory cached:  340.0
	 epoch  20 training error:  tensor(0.2307, device='cuda:0', grad_fn=<DivBackward0>)
Memory status after this epoch: 
Memory allocated:  222.1240234375
Memory cached:  340.0
	 epoch  30 training error:  tensor(0.2124, device='cuda:0', grad_fn=<DivBackward0>)
Memory status after this epoch: 
Memory allocated:  222.1240234375
Memory cached:  340.0
	 epoch  40 training error:  tensor(0.2023, device='cuda:0', grad_fn=<DivBackward0>)
Memory status after this epoch: 
Memory allocated:  222.1240234375
Memory cached:  340.0
	 epoch  50 training error:  tensor(0.1930, device='cuda:0', grad_fn=<DivBackward0>)
Memory status after this epoch: 
Memory allocated:  222.1240234375
Memory cached:  340.0
	 epoch  60 training error:  tensor(0.1857, device='cuda:0', grad_fn=<DivBackward0>)
Memory status after this epoch: 
Memory allocated:  222.1240234375
Memory cached:  340.0
	 epoch  70 training error:  tensor(0.1912, device='cuda:0', grad_fn=<DivBackward0>)
Memory status after this epoch: 
Memory allocated:  222.1240234375
Memory cached:  340.0
	 epoch  80 training error:  tensor(0.1832, device='cuda:0', grad_fn=<DivBackward0>)
Memory status after this epoch: 
Memory allocated:  222.1240234375
Memory cached:  340.0
	 epoch  90 training error:  tensor(0.1840, device='cuda:0', grad_fn=<DivBackward0>)
Memory status after this epoch: 
Memory allocated:  222.1240234375
Memory cached:  340.0
[I 2024-01-11 12:13:47,921] Trial 102 finished with value: 0.208944633603096 and parameters: {'W_layers': 7, 'W_layer_units_exponent_0': 8, 'W_layer_units_exponent_1': 6, 'W_layer_units_exponent_2': 10, 'W_layer_units_exponent_3': 5, 'W_layer_units_exponent_4': 4, 'W_layer_units_exponent_5': 5, 'W_layer_units_exponent_6': 6, 'D_layers': 3, 'D_layer_units_exponent_0': 6, 'D_layer_units_exponent_1': 10, 'D_layer_units_exponent_2': 8, 'D_dagger_layers': 3, 'D_dagger_layer_units_exponent_0': 4, 'D_dagger_layer_units_exponent_1': 10, 'D_dagger_layer_units_exponent_2': 5, 'log_learning_rate': -2.3245852497719643, 'log_learning_rate_D': -2.548389601236833, 'log_learning_rate_D_dagger': -3.381301626653975, 'training_batch_size': 8, 'training_p': 2}. Best is trial 76 with value: 0.2073042392730713.
Time for this trial:  21.24146580696106
Memory status after this trial: 
Memory allocated:  496.61767578125
Memory cached:  554.0
--------------------  Trial  103   --------------------
Start timing: 
Parameters: 
{'W_layers': 2, 'W_layer_units_exponent_0': 8, 'W_layer_units_exponent_1': 6, 'D_layers': 3, 'D_layer_units_exponent_0': 6, 'D_layer_units_exponent_1': 10, 'D_layer_units_exponent_2': 8, 'D_dagger_layers': 3, 'D_dagger_layer_units_exponent_0': 4, 'D_dagger_layer_units_exponent_1': 10, 'D_dagger_layer_units_exponent_2': 6, 'log_learning_rate': -2.5828018152583048, 'log_learning_rate_D': -2.3990001216825663, 'log_learning_rate_D_dagger': -3.155937595750576, 'training_batch_size': 8, 'training_p': 2}
	 epoch  0 training error:  tensor(1.2956, device='cuda:0', grad_fn=<DivBackward0>)
Memory status after this epoch: 
Memory allocated:  221.0537109375
Memory cached:  340.0
	 epoch  10 training error:  tensor(0.7387, device='cuda:0', grad_fn=<DivBackward0>)
Memory status after this epoch: 
Memory allocated:  221.0537109375
Memory cached:  340.0
	 epoch  20 training error:  tensor(0.3959, device='cuda:0', grad_fn=<DivBackward0>)
Memory status after this epoch: 
Memory allocated:  221.0537109375
Memory cached:  340.0
	 epoch  30 training error:  tensor(0.2299, device='cuda:0', grad_fn=<DivBackward0>)
Memory status after this epoch: 
Memory allocated:  221.0537109375
Memory cached:  340.0
	 epoch  40 training error:  tensor(0.2194, device='cuda:0', grad_fn=<DivBackward0>)
Memory status after this epoch: 
Memory allocated:  221.0537109375
Memory cached:  340.0
	 epoch  50 training error:  tensor(0.1989, device='cuda:0', grad_fn=<DivBackward0>)
Memory status after this epoch: 
Memory allocated:  221.0537109375
Memory cached:  340.0
	 epoch  60 training error:  tensor(0.1876, device='cuda:0', grad_fn=<DivBackward0>)
Memory status after this epoch: 
Memory allocated:  221.0537109375
Memory cached:  340.0
	 epoch  70 training error:  tensor(0.2056, device='cuda:0', grad_fn=<DivBackward0>)
Memory status after this epoch: 
Memory allocated:  221.0537109375
Memory cached:  340.0
	 epoch  80 training error:  tensor(0.2039, device='cuda:0', grad_fn=<DivBackward0>)
Memory status after this epoch: 
Memory allocated:  221.0537109375
Memory cached:  340.0
	 epoch  90 training error:  tensor(0.1997, device='cuda:0', grad_fn=<DivBackward0>)
Memory status after this epoch: 
Memory allocated:  221.0537109375
Memory cached:  340.0
