[I 2024-01-11 12:45:58,389] Trial 180 finished with value: 0.20836281776428223 and parameters: {'W_layers': 8, 'W_layer_units_exponent_0': 5, 'W_layer_units_exponent_1': 4, 'W_layer_units_exponent_2': 10, 'W_layer_units_exponent_3': 7, 'W_layer_units_exponent_4': 5, 'W_layer_units_exponent_5': 10, 'W_layer_units_exponent_6': 4, 'W_layer_units_exponent_7': 6, 'D_layers': 4, 'D_layer_units_exponent_0': 7, 'D_layer_units_exponent_1': 10, 'D_layer_units_exponent_2': 5, 'D_layer_units_exponent_3': 9, 'D_dagger_layers': 4, 'D_dagger_layer_units_exponent_0': 7, 'D_dagger_layer_units_exponent_1': 10, 'D_dagger_layer_units_exponent_2': 4, 'D_dagger_layer_units_exponent_3': 10, 'log_learning_rate': -3.25564938913108, 'log_learning_rate_D': -2.0727528524196654, 'log_learning_rate_D_dagger': -4.1535673923016505, 'training_batch_size': 7, 'training_p': 2}. Best is trial 147 with value: 0.20693741738796234.
Time for this trial:  28.67605710029602
Memory status after this trial: 
Memory allocated:  800.20556640625
Memory cached:  828.0
--------------------  Trial  181   --------------------
Start timing: 
Parameters: 
{'W_layers': 8, 'W_layer_units_exponent_0': 5, 'W_layer_units_exponent_1': 4, 'W_layer_units_exponent_2': 10, 'W_layer_units_exponent_3': 7, 'W_layer_units_exponent_4': 5, 'W_layer_units_exponent_5': 10, 'W_layer_units_exponent_6': 4, 'W_layer_units_exponent_7': 4, 'D_layers': 4, 'D_layer_units_exponent_0': 7, 'D_layer_units_exponent_1': 10, 'D_layer_units_exponent_2': 5, 'D_layer_units_exponent_3': 7, 'D_dagger_layers': 5, 'D_dagger_layer_units_exponent_0': 7, 'D_dagger_layer_units_exponent_1': 10, 'D_dagger_layer_units_exponent_2': 4, 'D_dagger_layer_units_exponent_3': 9, 'D_dagger_layer_units_exponent_4': 4, 'log_learning_rate': -2.8263618626249407, 'log_learning_rate_D': -2.226769470957749, 'log_learning_rate_D_dagger': -3.995305436207691, 'training_batch_size': 7, 'training_p': 2}
	 epoch  0 training error:  tensor(0.9892, device='cuda:0', grad_fn=<DivBackward0>)
Memory status after this epoch: 
Memory allocated:  326.71240234375
Memory cached:  414.0
	 epoch  10 training error:  tensor(0.3458, device='cuda:0', grad_fn=<DivBackward0>)
Memory status after this epoch: 
Memory allocated:  326.71240234375
Memory cached:  414.0
	 epoch  20 training error:  tensor(0.2421, device='cuda:0', grad_fn=<DivBackward0>)
Memory status after this epoch: 
Memory allocated:  326.71240234375
Memory cached:  414.0
	 epoch  30 training error:  tensor(0.2201, device='cuda:0', grad_fn=<DivBackward0>)
Memory status after this epoch: 
Memory allocated:  326.71240234375
Memory cached:  414.0
	 epoch  40 training error:  tensor(0.2087, device='cuda:0', grad_fn=<DivBackward0>)
Memory status after this epoch: 
Memory allocated:  326.71240234375
Memory cached:  414.0
	 epoch  50 training error:  tensor(0.1960, device='cuda:0', grad_fn=<DivBackward0>)
Memory status after this epoch: 
Memory allocated:  326.71240234375
Memory cached:  414.0
	 epoch  60 training error:  tensor(0.1887, device='cuda:0', grad_fn=<DivBackward0>)
Memory status after this epoch: 
Memory allocated:  326.71240234375
Memory cached:  414.0
	 epoch  70 training error:  tensor(0.1863, device='cuda:0', grad_fn=<DivBackward0>)
Memory status after this epoch: 
Memory allocated:  326.71240234375
Memory cached:  414.0
	 epoch  80 training error:  tensor(0.1836, device='cuda:0', grad_fn=<DivBackward0>)
Memory status after this epoch: 
Memory allocated:  326.71240234375
Memory cached:  414.0
	 epoch  90 training error:  tensor(0.1835, device='cuda:0', grad_fn=<DivBackward0>)
Memory status after this epoch: 
Memory allocated:  326.71240234375
Memory cached:  414.0
[I 2024-01-11 12:46:27,833] Trial 181 finished with value: 0.208094984292984 and parameters: {'W_layers': 8, 'W_layer_units_exponent_0': 5, 'W_layer_units_exponent_1': 4, 'W_layer_units_exponent_2': 10, 'W_layer_units_exponent_3': 7, 'W_layer_units_exponent_4': 5, 'W_layer_units_exponent_5': 10, 'W_layer_units_exponent_6': 4, 'W_layer_units_exponent_7': 4, 'D_layers': 4, 'D_layer_units_exponent_0': 7, 'D_layer_units_exponent_1': 10, 'D_layer_units_exponent_2': 5, 'D_layer_units_exponent_3': 7, 'D_dagger_layers': 5, 'D_dagger_layer_units_exponent_0': 7, 'D_dagger_layer_units_exponent_1': 10, 'D_dagger_layer_units_exponent_2': 4, 'D_dagger_layer_units_exponent_3': 9, 'D_dagger_layer_units_exponent_4': 4, 'log_learning_rate': -2.8263618626249407, 'log_learning_rate_D': -2.226769470957749, 'log_learning_rate_D_dagger': -3.995305436207691, 'training_batch_size': 7, 'training_p': 2}. Best is trial 147 with value: 0.20693741738796234.
Time for this trial:  29.028202056884766
Memory status after this trial: 
Memory allocated:  758.29150390625
Memory cached:  776.0
--------------------  Trial  182   --------------------
Start timing: 
Parameters: 
{'W_layers': 8, 'W_layer_units_exponent_0': 5, 'W_layer_units_exponent_1': 4, 'W_layer_units_exponent_2': 10, 'W_layer_units_exponent_3': 8, 'W_layer_units_exponent_4': 5, 'W_layer_units_exponent_5': 9, 'W_layer_units_exponent_6': 4, 'W_layer_units_exponent_7': 5, 'D_layers': 4, 'D_layer_units_exponent_0': 7, 'D_layer_units_exponent_1': 10, 'D_layer_units_exponent_2': 5, 'D_layer_units_exponent_3': 7, 'D_dagger_layers': 4, 'D_dagger_layer_units_exponent_0': 7, 'D_dagger_layer_units_exponent_1': 10, 'D_dagger_layer_units_exponent_2': 4, 'D_dagger_layer_units_exponent_3': 8, 'log_learning_rate': -2.6895633663937986, 'log_learning_rate_D': -2.320050563917402, 'log_learning_rate_D_dagger': -3.8830824197193614, 'training_batch_size': 7, 'training_p': 2}
	 epoch  0 training error:  tensor(1.1099, device='cuda:0', grad_fn=<DivBackward0>)
Memory status after this epoch: 
Memory allocated:  328.20654296875
Memory cached:  416.0
	 epoch  10 training error:  tensor(0.2686, device='cuda:0', grad_fn=<DivBackward0>)
Memory status after this epoch: 
Memory allocated:  328.20654296875
Memory cached:  414.0
	 epoch  20 training error:  tensor(0.2222, device='cuda:0', grad_fn=<DivBackward0>)
Memory status after this epoch: 
Memory allocated:  328.20654296875
Memory cached:  414.0
	 epoch  30 training error:  tensor(0.2042, device='cuda:0', grad_fn=<DivBackward0>)
Memory status after this epoch: 
Memory allocated:  328.20654296875
Memory cached:  414.0
	 epoch  40 training error:  tensor(0.1888, device='cuda:0', grad_fn=<DivBackward0>)
Memory status after this epoch: 
Memory allocated:  328.20654296875
Memory cached:  414.0
	 epoch  50 training error:  tensor(0.1856, device='cuda:0', grad_fn=<DivBackward0>)
Memory status after this epoch: 
Memory allocated:  328.20654296875
Memory cached:  414.0
	 epoch  60 training error:  tensor(0.1836, device='cuda:0', grad_fn=<DivBackward0>)
Memory status after this epoch: 
Memory allocated:  328.20654296875
Memory cached:  414.0
	 epoch  70 training error:  tensor(0.1832, device='cuda:0', grad_fn=<DivBackward0>)
Memory status after this epoch: 
Memory allocated:  328.20654296875
Memory cached:  414.0
	 epoch  80 training error:  tensor(0.1841, device='cuda:0', grad_fn=<DivBackward0>)
Memory status after this epoch: 
Memory allocated:  328.20654296875
Memory cached:  414.0
	 epoch  90 training error:  tensor(0.1858, device='cuda:0', grad_fn=<DivBackward0>)
Memory status after this epoch: 
Memory allocated:  328.20654296875
Memory cached:  414.0
[I 2024-01-11 12:46:55,502] Trial 182 finished with value: 0.20971684157848358 and parameters: {'W_layers': 8, 'W_layer_units_exponent_0': 5, 'W_layer_units_exponent_1': 4, 'W_layer_units_exponent_2': 10, 'W_layer_units_exponent_3': 8, 'W_layer_units_exponent_4': 5, 'W_layer_units_exponent_5': 9, 'W_layer_units_exponent_6': 4, 'W_layer_units_exponent_7': 5, 'D_layers': 4, 'D_layer_units_exponent_0': 7, 'D_layer_units_exponent_1': 10, 'D_layer_units_exponent_2': 5, 'D_layer_units_exponent_3': 7, 'D_dagger_layers': 4, 'D_dagger_layer_units_exponent_0': 7, 'D_dagger_layer_units_exponent_1': 10, 'D_dagger_layer_units_exponent_2': 4, 'D_dagger_layer_units_exponent_3': 8, 'log_learning_rate': -2.6895633663937986, 'log_learning_rate_D': -2.320050563917402, 'log_learning_rate_D_dagger': -3.8830824197193614, 'training_batch_size': 7, 'training_p': 2}. Best is trial 147 with value: 0.20693741738796234.
Time for this trial:  27.253576278686523
Memory status after this trial: 
Memory allocated:  684.89794921875
Memory cached:  702.0
--------------------  Trial  183   --------------------
Start timing: 
Parameters: 
{'W_layers': 8, 'W_layer_units_exponent_0': 5, 'W_layer_units_exponent_1': 4, 'W_layer_units_exponent_2': 10, 'W_layer_units_exponent_3': 7, 'W_layer_units_exponent_4': 5, 'W_layer_units_exponent_5': 10, 'W_layer_units_exponent_6': 4, 'W_layer_units_exponent_7': 6, 'D_layers': 4, 'D_layer_units_exponent_0': 7, 'D_layer_units_exponent_1': 10, 'D_layer_units_exponent_2': 4, 'D_layer_units_exponent_3': 7, 'D_dagger_layers': 4, 'D_dagger_layer_units_exponent_0': 7, 'D_dagger_layer_units_exponent_1': 10, 'D_dagger_layer_units_exponent_2': 4, 'D_dagger_layer_units_exponent_3': 10, 'log_learning_rate': -2.8843904080372647, 'log_learning_rate_D': -1.803247685104189, 'log_learning_rate_D_dagger': -3.849897842946879, 'training_batch_size': 6, 'training_p': 2}
	 epoch  0 training error:  tensor(0.7934, device='cuda:0', grad_fn=<DivBackward0>)
Memory status after this epoch: 
Memory allocated:  326.67333984375
Memory cached:  416.0
	 epoch  10 training error:  tensor(0.2261, device='cuda:0', grad_fn=<DivBackward0>)
Memory status after this epoch: 
Memory allocated:  326.67333984375
Memory cached:  416.0
	 epoch  20 training error:  tensor(0.2012, device='cuda:0', grad_fn=<DivBackward0>)
Memory status after this epoch: 
Memory allocated:  326.67333984375
Memory cached:  418.0
	 epoch  30 training error:  tensor(0.1903, device='cuda:0', grad_fn=<DivBackward0>)
Memory status after this epoch: 
Memory allocated:  326.67333984375
Memory cached:  418.0
	 epoch  40 training error:  tensor(0.1886, device='cuda:0', grad_fn=<DivBackward0>)
Memory status after this epoch: 
Memory allocated:  326.67333984375
Memory cached:  418.0
	 epoch  50 training error:  tensor(0.1872, device='cuda:0', grad_fn=<DivBackward0>)
Memory status after this epoch: 
Memory allocated:  326.67333984375
Memory cached:  414.0
	 epoch  60 training error:  tensor(0.1836, device='cuda:0', grad_fn=<DivBackward0>)
Memory status after this epoch: 
Memory allocated:  326.67333984375
Memory cached:  414.0
	 epoch  70 training error:  tensor(0.1877, device='cuda:0', grad_fn=<DivBackward0>)
Memory status after this epoch: 
Memory allocated:  326.67333984375
Memory cached:  414.0
	 epoch  80 training error:  tensor(0.1844, device='cuda:0', grad_fn=<DivBackward0>)
Memory status after this epoch: 
Memory allocated:  326.67333984375
Memory cached:  414.0
	 epoch  90 training error:  tensor(0.1850, device='cuda:0', grad_fn=<DivBackward0>)
Memory status after this epoch: 
Memory allocated:  326.67333984375
Memory cached:  414.0
[I 2024-01-11 12:47:23,896] Trial 183 finished with value: 0.20965419709682465 and parameters: {'W_layers': 8, 'W_layer_units_exponent_0': 5, 'W_layer_units_exponent_1': 4, 'W_layer_units_exponent_2': 10, 'W_layer_units_exponent_3': 7, 'W_layer_units_exponent_4': 5, 'W_layer_units_exponent_5': 10, 'W_layer_units_exponent_6': 4, 'W_layer_units_exponent_7': 6, 'D_layers': 4, 'D_layer_units_exponent_0': 7, 'D_layer_units_exponent_1': 10, 'D_layer_units_exponent_2': 4, 'D_layer_units_exponent_3': 7, 'D_dagger_layers': 4, 'D_dagger_layer_units_exponent_0': 7, 'D_dagger_layer_units_exponent_1': 10, 'D_dagger_layer_units_exponent_2': 4, 'D_dagger_layer_units_exponent_3': 10, 'log_learning_rate': -2.8843904080372647, 'log_learning_rate_D': -1.803247685104189, 'log_learning_rate_D_dagger': -3.849897842946879, 'training_batch_size': 6, 'training_p': 2}. Best is trial 147 with value: 0.20693741738796234.
Time for this trial:  27.969549894332886
Memory status after this trial: 
Memory allocated:  800.20556640625
Memory cached:  828.0
--------------------  Trial  184   --------------------
Start timing: 
Parameters: 
{'W_layers': 8, 'W_layer_units_exponent_0': 5, 'W_layer_units_exponent_1': 4, 'W_layer_units_exponent_2': 10, 'W_layer_units_exponent_3': 7, 'W_layer_units_exponent_4': 6, 'W_layer_units_exponent_5': 10, 'W_layer_units_exponent_6': 10, 'W_layer_units_exponent_7': 7, 'D_layers': 4, 'D_layer_units_exponent_0': 7, 'D_layer_units_exponent_1': 10, 'D_layer_units_exponent_2': 6, 'D_layer_units_exponent_3': 7, 'D_dagger_layers': 4, 'D_dagger_layer_units_exponent_0': 7, 'D_dagger_layer_units_exponent_1': 10, 'D_dagger_layer_units_exponent_2': 4, 'D_dagger_layer_units_exponent_3': 9, 'log_learning_rate': -2.977767973972923, 'log_learning_rate_D': -2.1853501119672023, 'log_learning_rate_D_dagger': -4.006694054401317, 'training_batch_size': 7, 'training_p': 2}
	 epoch  0 training error:  tensor(0.9767, device='cuda:0', grad_fn=<DivBackward0>)
Memory status after this epoch: 
Memory allocated:  345.80419921875
Memory cached:  430.0
	 epoch  10 training error:  tensor(0.3636, device='cuda:0', grad_fn=<DivBackward0>)
Memory status after this epoch: 
Memory allocated:  345.80419921875
Memory cached:  434.0
	 epoch  20 training error:  tensor(0.2477, device='cuda:0', grad_fn=<DivBackward0>)
Memory status after this epoch: 
Memory allocated:  345.80419921875
Memory cached:  430.0
	 epoch  30 training error:  tensor(0.2128, device='cuda:0', grad_fn=<DivBackward0>)
Memory status after this epoch: 
Memory allocated:  345.80419921875
Memory cached:  430.0
	 epoch  40 training error:  tensor(0.1893, device='cuda:0', grad_fn=<DivBackward0>)
Memory status after this epoch: 
Memory allocated:  345.80419921875
Memory cached:  430.0
	 epoch  50 training error:  tensor(0.1902, device='cuda:0', grad_fn=<DivBackward0>)
Memory status after this epoch: 
Memory allocated:  345.80419921875
Memory cached:  430.0
	 epoch  60 training error:  tensor(0.1839, device='cuda:0', grad_fn=<DivBackward0>)
Memory status after this epoch: 
Memory allocated:  345.80419921875
Memory cached:  430.0
	 epoch  70 training error:  tensor(0.1835, device='cuda:0', grad_fn=<DivBackward0>)
Memory status after this epoch: 
Memory allocated:  345.80419921875
Memory cached:  430.0
	 epoch  80 training error:  tensor(0.1833, device='cuda:0', grad_fn=<DivBackward0>)
Memory status after this epoch: 
Memory allocated:  345.80419921875
Memory cached:  430.0
	 epoch  90 training error:  tensor(0.1839, device='cuda:0', grad_fn=<DivBackward0>)
Memory status after this epoch: 
Memory allocated:  345.80419921875
Memory cached:  430.0
[I 2024-01-11 12:47:55,185] Trial 184 finished with value: 0.20894744992256165 and parameters: {'W_layers': 8, 'W_layer_units_exponent_0': 5, 'W_layer_units_exponent_1': 4, 'W_layer_units_exponent_2': 10, 'W_layer_units_exponent_3': 7, 'W_layer_units_exponent_4': 6, 'W_layer_units_exponent_5': 10, 'W_layer_units_exponent_6': 10, 'W_layer_units_exponent_7': 7, 'D_layers': 4, 'D_layer_units_exponent_0': 7, 'D_layer_units_exponent_1': 10, 'D_layer_units_exponent_2': 6, 'D_layer_units_exponent_3': 7, 'D_dagger_layers': 4, 'D_dagger_layer_units_exponent_0': 7, 'D_dagger_layer_units_exponent_1': 10, 'D_dagger_layer_units_exponent_2': 4, 'D_dagger_layer_units_exponent_3': 9, 'log_learning_rate': -2.977767973972923, 'log_learning_rate_D': -2.1853501119672023, 'log_learning_rate_D_dagger': -4.006694054401317, 'training_batch_size': 7, 'training_p': 2}. Best is trial 147 with value: 0.20693741738796234.
Time for this trial:  30.851126194000244
Memory status after this trial: 
Memory allocated:  881.98388671875
Memory cached:  914.0
--------------------  Trial  185   --------------------
Start timing: 
Parameters: 
{'W_layers': 8, 'W_layer_units_exponent_0': 5, 'W_layer_units_exponent_1': 4, 'W_layer_units_exponent_2': 10, 'W_layer_units_exponent_3': 7, 'W_layer_units_exponent_4': 5, 'W_layer_units_exponent_5': 10, 'W_layer_units_exponent_6': 4, 'W_layer_units_exponent_7': 6, 'D_layers': 4, 'D_layer_units_exponent_0': 7, 'D_layer_units_exponent_1': 10, 'D_layer_units_exponent_2': 5, 'D_layer_units_exponent_3': 6, 'D_dagger_layers': 5, 'D_dagger_layer_units_exponent_0': 8, 'D_dagger_layer_units_exponent_1': 10, 'D_dagger_layer_units_exponent_2': 4, 'D_dagger_layer_units_exponent_3': 10, 'D_dagger_layer_units_exponent_4': 5, 'log_learning_rate': -2.740250208013953, 'log_learning_rate_D': -2.1139019819543767, 'log_learning_rate_D_dagger': -4.362589923043495, 'training_batch_size': 7, 'training_p': 2}
	 epoch  0 training error:  tensor(0.9578, device='cuda:0', grad_fn=<DivBackward0>)
Memory status after this epoch: 
Memory allocated:  329.22802734375
Memory cached:  412.0
	 epoch  10 training error:  tensor(0.4033, device='cuda:0', grad_fn=<DivBackward0>)
Memory status after this epoch: 
Memory allocated:  329.22802734375
Memory cached:  412.0
	 epoch  20 training error:  tensor(0.2514, device='cuda:0', grad_fn=<DivBackward0>)
Memory status after this epoch: 
Memory allocated:  329.22802734375
Memory cached:  412.0
	 epoch  30 training error:  tensor(0.2221, device='cuda:0', grad_fn=<DivBackward0>)
Memory status after this epoch: 
Memory allocated:  329.22802734375
Memory cached:  412.0
	 epoch  40 training error:  tensor(0.2088, device='cuda:0', grad_fn=<DivBackward0>)
Memory status after this epoch: 
Memory allocated:  329.22802734375
Memory cached:  412.0
	 epoch  50 training error:  tensor(0.1958, device='cuda:0', grad_fn=<DivBackward0>)
Memory status after this epoch: 
Memory allocated:  329.22802734375
Memory cached:  412.0
	 epoch  60 training error:  tensor(0.1864, device='cuda:0', grad_fn=<DivBackward0>)
Memory status after this epoch: 
Memory allocated:  329.22802734375
Memory cached:  412.0
	 epoch  70 training error:  tensor(0.1831, device='cuda:0', grad_fn=<DivBackward0>)
Memory status after this epoch: 
Memory allocated:  329.22802734375
Memory cached:  412.0
	 epoch  80 training error:  tensor(0.1844, device='cuda:0', grad_fn=<DivBackward0>)
Memory status after this epoch: 
Memory allocated:  329.22802734375
Memory cached:  412.0
	 epoch  90 training error:  tensor(0.1829, device='cuda:0', grad_fn=<DivBackward0>)
Memory status after this epoch: 
Memory allocated:  329.22802734375
Memory cached:  412.0
[I 2024-01-11 12:48:25,697] Trial 185 finished with value: 0.20761218667030334 and parameters: {'W_layers': 8, 'W_layer_units_exponent_0': 5, 'W_layer_units_exponent_1': 4, 'W_layer_units_exponent_2': 10, 'W_layer_units_exponent_3': 7, 'W_layer_units_exponent_4': 5, 'W_layer_units_exponent_5': 10, 'W_layer_units_exponent_6': 4, 'W_layer_units_exponent_7': 6, 'D_layers': 4, 'D_layer_units_exponent_0': 7, 'D_layer_units_exponent_1': 10, 'D_layer_units_exponent_2': 5, 'D_layer_units_exponent_3': 6, 'D_dagger_layers': 5, 'D_dagger_layer_units_exponent_0': 8, 'D_dagger_layer_units_exponent_1': 10, 'D_dagger_layer_units_exponent_2': 4, 'D_dagger_layer_units_exponent_3': 10, 'D_dagger_layer_units_exponent_4': 5, 'log_learning_rate': -2.740250208013953, 'log_learning_rate_D': -2.1139019819543767, 'log_learning_rate_D_dagger': -4.362589923043495, 'training_batch_size': 7, 'training_p': 2}. Best is trial 147 with value: 0.20693741738796234.
Time for this trial:  30.060343027114868
Memory status after this trial: 
Memory allocated:  834.61572265625
Memory cached:  850.0
--------------------  Trial  186   --------------------
Start timing: 
Parameters: 
{'W_layers': 8, 'W_layer_units_exponent_0': 4, 'W_layer_units_exponent_1': 4, 'W_layer_units_exponent_2': 10, 'W_layer_units_exponent_3': 7, 'W_layer_units_exponent_4': 5, 'W_layer_units_exponent_5': 10, 'W_layer_units_exponent_6': 4, 'W_layer_units_exponent_7': 5, 'D_layers': 4, 'D_layer_units_exponent_0': 7, 'D_layer_units_exponent_1': 10, 'D_layer_units_exponent_2': 5, 'D_layer_units_exponent_3': 7, 'D_dagger_layers': 4, 'D_dagger_layer_units_exponent_0': 7, 'D_dagger_layer_units_exponent_1': 10, 'D_dagger_layer_units_exponent_2': 4, 'D_dagger_layer_units_exponent_3': 9, 'log_learning_rate': -2.891393607669128, 'log_learning_rate_D': -2.0151621657102776, 'log_learning_rate_D_dagger': -4.216554328586177, 'training_batch_size': 7, 'training_p': 2}
	 epoch  0 training error:  tensor(0.8876, device='cuda:0', grad_fn=<DivBackward0>)
Memory status after this epoch: 
Memory allocated:  326.59130859375
Memory cached:  412.0
	 epoch  10 training error:  tensor(0.3152, device='cuda:0', grad_fn=<DivBackward0>)
Memory status after this epoch: 
Memory allocated:  326.59130859375
Memory cached:  412.0
	 epoch  20 training error:  tensor(0.2394, device='cuda:0', grad_fn=<DivBackward0>)
Memory status after this epoch: 
Memory allocated:  326.59130859375
Memory cached:  412.0
	 epoch  30 training error:  tensor(0.2234, device='cuda:0', grad_fn=<DivBackward0>)
Memory status after this epoch: 
Memory allocated:  326.59130859375
Memory cached:  412.0
	 epoch  40 training error:  tensor(0.2132, device='cuda:0', grad_fn=<DivBackward0>)
Memory status after this epoch: 
Memory allocated:  326.59130859375
Memory cached:  412.0
	 epoch  50 training error:  tensor(0.2008, device='cuda:0', grad_fn=<DivBackward0>)
Memory status after this epoch: 
Memory allocated:  326.59130859375
Memory cached:  412.0
	 epoch  60 training error:  tensor(0.1890, device='cuda:0', grad_fn=<DivBackward0>)
Memory status after this epoch: 
Memory allocated:  326.59130859375
Memory cached:  412.0
	 epoch  70 training error:  tensor(0.1851, device='cuda:0', grad_fn=<DivBackward0>)
Memory status after this epoch: 
Memory allocated:  326.59130859375
Memory cached:  412.0
	 epoch  80 training error:  tensor(0.1841, device='cuda:0', grad_fn=<DivBackward0>)
Memory status after this epoch: 
Memory allocated:  326.59130859375
Memory cached:  412.0
	 epoch  90 training error:  tensor(0.1835, device='cuda:0', grad_fn=<DivBackward0>)
Memory status after this epoch: 
Memory allocated:  326.59130859375
Memory cached:  412.0
