[I 2024-01-11 11:47:14,555] Trial 37 finished with value: 0.21882112324237823 and parameters: {'W_layers': 8, 'W_layer_units_exponent_0': 7, 'W_layer_units_exponent_1': 7, 'W_layer_units_exponent_2': 8, 'W_layer_units_exponent_3': 6, 'W_layer_units_exponent_4': 9, 'W_layer_units_exponent_5': 8, 'W_layer_units_exponent_6': 6, 'W_layer_units_exponent_7': 6, 'D_layers': 6, 'D_layer_units_exponent_0': 8, 'D_layer_units_exponent_1': 9, 'D_layer_units_exponent_2': 6, 'D_layer_units_exponent_3': 7, 'D_layer_units_exponent_4': 7, 'D_layer_units_exponent_5': 5, 'D_dagger_layers': 4, 'D_dagger_layer_units_exponent_0': 5, 'D_dagger_layer_units_exponent_1': 6, 'D_dagger_layer_units_exponent_2': 9, 'D_dagger_layer_units_exponent_3': 6, 'log_learning_rate': -1.8358205812347397, 'log_learning_rate_D': -2.3882266390758153, 'log_learning_rate_D_dagger': -2.8065768162169484, 'training_batch_size': 9, 'training_p': 5}. Best is trial 5 with value: 0.20849008858203888.
Time for this trial:  33.78227996826172
Memory status after this trial: 
Memory allocated:  504.72509765625
Memory cached:  530.0
--------------------  Trial  38   --------------------
Start timing: 
Parameters: 
{'W_layers': 5, 'W_layer_units_exponent_0': 8, 'W_layer_units_exponent_1': 6, 'W_layer_units_exponent_2': 10, 'W_layer_units_exponent_3': 4, 'W_layer_units_exponent_4': 5, 'D_layers': 5, 'D_layer_units_exponent_0': 9, 'D_layer_units_exponent_1': 6, 'D_layer_units_exponent_2': 9, 'D_layer_units_exponent_3': 6, 'D_layer_units_exponent_4': 9, 'D_dagger_layers': 5, 'D_dagger_layer_units_exponent_0': 6, 'D_dagger_layer_units_exponent_1': 4, 'D_dagger_layer_units_exponent_2': 10, 'D_dagger_layer_units_exponent_3': 7, 'D_dagger_layer_units_exponent_4': 9, 'log_learning_rate': -1.2889368066410976, 'log_learning_rate_D': -1.7636664443070984, 'log_learning_rate_D_dagger': -3.1047048480069623, 'training_batch_size': 10, 'training_p': 4}
	 epoch  0 training error:  tensor(0.8623, device='cuda:0', grad_fn=<DivBackward0>)
Memory status after this epoch: 
Memory allocated:  275.40771484375
Memory cached:  330.0
	 epoch  10 training error:  tensor(0.6379, device='cuda:0', grad_fn=<DivBackward0>)
Memory status after this epoch: 
Memory allocated:  275.40771484375
Memory cached:  330.0
	 epoch  20 training error:  tensor(6.4036, device='cuda:0', grad_fn=<DivBackward0>)
Memory status after this epoch: 
Memory allocated:  275.40771484375
Memory cached:  330.0
	 epoch  30 training error:  tensor(0.3883, device='cuda:0', grad_fn=<DivBackward0>)
Memory status after this epoch: 
Memory allocated:  275.40771484375
Memory cached:  330.0
	 epoch  40 training error:  tensor(1.4877, device='cuda:0', grad_fn=<DivBackward0>)
Memory status after this epoch: 
Memory allocated:  275.40771484375
Memory cached:  330.0
	 epoch  50 training error:  tensor(77.6698, device='cuda:0', grad_fn=<DivBackward0>)
Memory status after this epoch: 
Memory allocated:  275.40771484375
Memory cached:  330.0
	 epoch  60 training error:  tensor(0.6654, device='cuda:0', grad_fn=<DivBackward0>)
Memory status after this epoch: 
Memory allocated:  275.40771484375
Memory cached:  330.0
	 epoch  70 training error:  tensor(0.3739, device='cuda:0', grad_fn=<DivBackward0>)
Memory status after this epoch: 
Memory allocated:  275.40771484375
Memory cached:  330.0
	 epoch  80 training error:  tensor(0.3749, device='cuda:0', grad_fn=<DivBackward0>)
Memory status after this epoch: 
Memory allocated:  275.40771484375
Memory cached:  330.0
	 epoch  90 training error:  tensor(0.3124, device='cuda:0', grad_fn=<DivBackward0>)
Memory status after this epoch: 
Memory allocated:  275.40771484375
Memory cached:  330.0
[I 2024-01-11 11:48:01,107] Trial 38 finished with value: 0.225542351603508 and parameters: {'W_layers': 5, 'W_layer_units_exponent_0': 8, 'W_layer_units_exponent_1': 6, 'W_layer_units_exponent_2': 10, 'W_layer_units_exponent_3': 4, 'W_layer_units_exponent_4': 5, 'D_layers': 5, 'D_layer_units_exponent_0': 9, 'D_layer_units_exponent_1': 6, 'D_layer_units_exponent_2': 9, 'D_layer_units_exponent_3': 6, 'D_layer_units_exponent_4': 9, 'D_dagger_layers': 5, 'D_dagger_layer_units_exponent_0': 6, 'D_dagger_layer_units_exponent_1': 4, 'D_dagger_layer_units_exponent_2': 10, 'D_dagger_layer_units_exponent_3': 7, 'D_dagger_layer_units_exponent_4': 9, 'log_learning_rate': -1.2889368066410976, 'log_learning_rate_D': -1.7636664443070984, 'log_learning_rate_D_dagger': -3.1047048480069623, 'training_batch_size': 10, 'training_p': 4}. Best is trial 5 with value: 0.20849008858203888.
Time for this trial:  46.20554876327515
Memory status after this trial: 
Memory allocated:  606.93603515625
Memory cached:  628.0
--------------------  Trial  39   --------------------
Start timing: 
Parameters: 
{'W_layers': 6, 'W_layer_units_exponent_0': 7, 'W_layer_units_exponent_1': 8, 'W_layer_units_exponent_2': 4, 'W_layer_units_exponent_3': 7, 'W_layer_units_exponent_4': 10, 'W_layer_units_exponent_5': 6, 'D_layers': 7, 'D_layer_units_exponent_0': 7, 'D_layer_units_exponent_1': 10, 'D_layer_units_exponent_2': 8, 'D_layer_units_exponent_3': 8, 'D_layer_units_exponent_4': 8, 'D_layer_units_exponent_5': 7, 'D_layer_units_exponent_6': 5, 'D_dagger_layers': 6, 'D_dagger_layer_units_exponent_0': 5, 'D_dagger_layer_units_exponent_1': 9, 'D_dagger_layer_units_exponent_2': 8, 'D_dagger_layer_units_exponent_3': 9, 'D_dagger_layer_units_exponent_4': 7, 'D_dagger_layer_units_exponent_5': 6, 'log_learning_rate': -1.0084987681808422, 'log_learning_rate_D': -2.1978848126318526, 'log_learning_rate_D_dagger': -2.2824725948896827, 'training_batch_size': 9, 'training_p': 2}
	 epoch  0 training error:  tensor(0.9949, device='cuda:0', grad_fn=<DivBackward0>)
Memory status after this epoch: 
Memory allocated:  281.23388671875
Memory cached:  330.0
	 epoch  10 training error:  tensor(1636.1337, device='cuda:0', grad_fn=<DivBackward0>)
Memory status after this epoch: 
Memory allocated:  281.23388671875
Memory cached:  330.0
	 epoch  20 training error:  tensor(1.0948, device='cuda:0', grad_fn=<DivBackward0>)
Memory status after this epoch: 
Memory allocated:  281.23388671875
Memory cached:  330.0
	 epoch  30 training error:  tensor(0.4357, device='cuda:0', grad_fn=<DivBackward0>)
Memory status after this epoch: 
Memory allocated:  281.23388671875
Memory cached:  330.0
	 epoch  40 training error:  tensor(0.3820, device='cuda:0', grad_fn=<DivBackward0>)
Memory status after this epoch: 
Memory allocated:  281.23388671875
Memory cached:  330.0
	 epoch  50 training error:  tensor(0.2809, device='cuda:0', grad_fn=<DivBackward0>)
Memory status after this epoch: 
Memory allocated:  281.23388671875
Memory cached:  330.0
	 epoch  60 training error:  tensor(0.2098, device='cuda:0', grad_fn=<DivBackward0>)
Memory status after this epoch: 
Memory allocated:  281.23388671875
Memory cached:  330.0
	 epoch  70 training error:  tensor(0.2501, device='cuda:0', grad_fn=<DivBackward0>)
Memory status after this epoch: 
Memory allocated:  281.23388671875
Memory cached:  330.0
	 epoch  80 training error:  tensor(0.2598, device='cuda:0', grad_fn=<DivBackward0>)
Memory status after this epoch: 
Memory allocated:  281.23388671875
Memory cached:  330.0
	 epoch  90 training error:  tensor(0.1954, device='cuda:0', grad_fn=<DivBackward0>)
Memory status after this epoch: 
Memory allocated:  281.23388671875
Memory cached:  330.0
[I 2024-01-11 11:48:37,019] Trial 39 finished with value: 0.2556920647621155 and parameters: {'W_layers': 6, 'W_layer_units_exponent_0': 7, 'W_layer_units_exponent_1': 8, 'W_layer_units_exponent_2': 4, 'W_layer_units_exponent_3': 7, 'W_layer_units_exponent_4': 10, 'W_layer_units_exponent_5': 6, 'D_layers': 7, 'D_layer_units_exponent_0': 7, 'D_layer_units_exponent_1': 10, 'D_layer_units_exponent_2': 8, 'D_layer_units_exponent_3': 8, 'D_layer_units_exponent_4': 8, 'D_layer_units_exponent_5': 7, 'D_layer_units_exponent_6': 5, 'D_dagger_layers': 6, 'D_dagger_layer_units_exponent_0': 5, 'D_dagger_layer_units_exponent_1': 9, 'D_dagger_layer_units_exponent_2': 8, 'D_dagger_layer_units_exponent_3': 9, 'D_dagger_layer_units_exponent_4': 7, 'D_dagger_layer_units_exponent_5': 6, 'log_learning_rate': -1.0084987681808422, 'log_learning_rate_D': -2.1978848126318526, 'log_learning_rate_D_dagger': -2.2824725948896827, 'training_batch_size': 9, 'training_p': 2}. Best is trial 5 with value: 0.20849008858203888.
Time for this trial:  35.529348611831665
Memory status after this trial: 
Memory allocated:  613.76123046875
Memory cached:  632.0
--------------------  Trial  40   --------------------
Start timing: 
Parameters: 
{'W_layers': 7, 'W_layer_units_exponent_0': 6, 'W_layer_units_exponent_1': 7, 'W_layer_units_exponent_2': 5, 'W_layer_units_exponent_3': 7, 'W_layer_units_exponent_4': 8, 'W_layer_units_exponent_5': 9, 'W_layer_units_exponent_6': 9, 'D_layers': 5, 'D_layer_units_exponent_0': 10, 'D_layer_units_exponent_1': 5, 'D_layer_units_exponent_2': 9, 'D_layer_units_exponent_3': 5, 'D_layer_units_exponent_4': 10, 'D_dagger_layers': 3, 'D_dagger_layer_units_exponent_0': 6, 'D_dagger_layer_units_exponent_1': 5, 'D_dagger_layer_units_exponent_2': 5, 'log_learning_rate': -1.5989143321850876, 'log_learning_rate_D': -1.5692700044177923, 'log_learning_rate_D_dagger': -2.5816723713832284, 'training_batch_size': 10, 'training_p': 3}
	 epoch  0 training error:  tensor(1.0367, device='cuda:0', grad_fn=<DivBackward0>)
Memory status after this epoch: 
Memory allocated:  277.28857421875
Memory cached:  330.0
	 epoch  10 training error:  tensor(117.2246, device='cuda:0', grad_fn=<DivBackward0>)
Memory status after this epoch: 
Memory allocated:  277.28857421875
Memory cached:  330.0
	 epoch  20 training error:  tensor(0.9691, device='cuda:0', grad_fn=<DivBackward0>)
Memory status after this epoch: 
Memory allocated:  277.28857421875
Memory cached:  330.0
	 epoch  30 training error:  tensor(2.0193, device='cuda:0', grad_fn=<DivBackward0>)
Memory status after this epoch: 
Memory allocated:  277.28857421875
Memory cached:  330.0
	 epoch  40 training error:  tensor(472.7237, device='cuda:0', grad_fn=<DivBackward0>)
Memory status after this epoch: 
Memory allocated:  277.28857421875
Memory cached:  330.0
	 epoch  50 training error:  tensor(4.7881, device='cuda:0', grad_fn=<DivBackward0>)
Memory status after this epoch: 
Memory allocated:  277.28857421875
Memory cached:  330.0
	 epoch  60 training error:  tensor(3.5859, device='cuda:0', grad_fn=<DivBackward0>)
Memory status after this epoch: 
Memory allocated:  277.28857421875
Memory cached:  330.0
	 epoch  70 training error:  tensor(2.8847, device='cuda:0', grad_fn=<DivBackward0>)
Memory status after this epoch: 
Memory allocated:  277.28857421875
Memory cached:  330.0
	 epoch  80 training error:  tensor(3.6571, device='cuda:0', grad_fn=<DivBackward0>)
Memory status after this epoch: 
Memory allocated:  277.28857421875
Memory cached:  330.0
	 epoch  90 training error:  tensor(0.9794, device='cuda:0', grad_fn=<DivBackward0>)
Memory status after this epoch: 
Memory allocated:  277.28857421875
Memory cached:  330.0
[I 2024-01-11 11:49:22,359] Trial 40 finished with value: 3.2583680152893066 and parameters: {'W_layers': 7, 'W_layer_units_exponent_0': 6, 'W_layer_units_exponent_1': 7, 'W_layer_units_exponent_2': 5, 'W_layer_units_exponent_3': 7, 'W_layer_units_exponent_4': 8, 'W_layer_units_exponent_5': 9, 'W_layer_units_exponent_6': 9, 'D_layers': 5, 'D_layer_units_exponent_0': 10, 'D_layer_units_exponent_1': 5, 'D_layer_units_exponent_2': 9, 'D_layer_units_exponent_3': 5, 'D_layer_units_exponent_4': 10, 'D_dagger_layers': 3, 'D_dagger_layer_units_exponent_0': 6, 'D_dagger_layer_units_exponent_1': 5, 'D_dagger_layer_units_exponent_2': 5, 'log_learning_rate': -1.5989143321850876, 'log_learning_rate_D': -1.5692700044177923, 'log_learning_rate_D_dagger': -2.5816723713832284, 'training_batch_size': 10, 'training_p': 3}. Best is trial 5 with value: 0.20849008858203888.
Time for this trial:  44.964510679244995
Memory status after this trial: 
Memory allocated:  457.86962890625
Memory cached:  478.0
--------------------  Trial  41   --------------------
Start timing: 
Parameters: 
{'W_layers': 5, 'W_layer_units_exponent_0': 9, 'W_layer_units_exponent_1': 9, 'W_layer_units_exponent_2': 8, 'W_layer_units_exponent_3': 6, 'W_layer_units_exponent_4': 10, 'D_layers': 6, 'D_layer_units_exponent_0': 9, 'D_layer_units_exponent_1': 9, 'D_layer_units_exponent_2': 7, 'D_layer_units_exponent_3': 4, 'D_layer_units_exponent_4': 7, 'D_layer_units_exponent_5': 6, 'D_dagger_layers': 4, 'D_dagger_layer_units_exponent_0': 6, 'D_dagger_layer_units_exponent_1': 5, 'D_dagger_layer_units_exponent_2': 7, 'D_dagger_layer_units_exponent_3': 5, 'log_learning_rate': -2.010773043081376, 'log_learning_rate_D': -1.9832233027006707, 'log_learning_rate_D_dagger': -2.7043186937828425, 'training_batch_size': 6, 'training_p': 3}
	 epoch  0 training error:  tensor(9.0362, device='cuda:0', grad_fn=<DivBackward0>)
Memory status after this epoch: 
Memory allocated:  278.7880859375
Memory cached:  330.0
	 epoch  10 training error:  tensor(1.4255, device='cuda:0', grad_fn=<DivBackward0>)
Memory status after this epoch: 
Memory allocated:  278.7880859375
Memory cached:  330.0
	 epoch  20 training error:  tensor(0.6394, device='cuda:0', grad_fn=<DivBackward0>)
Memory status after this epoch: 
Memory allocated:  278.7880859375
Memory cached:  330.0
	 epoch  30 training error:  tensor(0.6045, device='cuda:0', grad_fn=<DivBackward0>)
Memory status after this epoch: 
Memory allocated:  278.7880859375
Memory cached:  330.0
	 epoch  40 training error:  tensor(0.4108, device='cuda:0', grad_fn=<DivBackward0>)
Memory status after this epoch: 
Memory allocated:  278.7880859375
Memory cached:  330.0
	 epoch  50 training error:  tensor(0.2819, device='cuda:0', grad_fn=<DivBackward0>)
Memory status after this epoch: 
Memory allocated:  278.7880859375
Memory cached:  330.0
	 epoch  60 training error:  tensor(0.2448, device='cuda:0', grad_fn=<DivBackward0>)
Memory status after this epoch: 
Memory allocated:  278.7880859375
Memory cached:  330.0
	 epoch  70 training error:  tensor(0.2407, device='cuda:0', grad_fn=<DivBackward0>)
Memory status after this epoch: 
Memory allocated:  278.7880859375
Memory cached:  330.0
	 epoch  80 training error:  tensor(0.2441, device='cuda:0', grad_fn=<DivBackward0>)
Memory status after this epoch: 
Memory allocated:  278.7880859375
Memory cached:  330.0
	 epoch  90 training error:  tensor(0.2470, device='cuda:0', grad_fn=<DivBackward0>)
Memory status after this epoch: 
Memory allocated:  278.7880859375
Memory cached:  330.0
[I 2024-01-11 11:49:48,422] Trial 41 finished with value: 0.21209950745105743 and parameters: {'W_layers': 5, 'W_layer_units_exponent_0': 9, 'W_layer_units_exponent_1': 9, 'W_layer_units_exponent_2': 8, 'W_layer_units_exponent_3': 6, 'W_layer_units_exponent_4': 10, 'D_layers': 6, 'D_layer_units_exponent_0': 9, 'D_layer_units_exponent_1': 9, 'D_layer_units_exponent_2': 7, 'D_layer_units_exponent_3': 4, 'D_layer_units_exponent_4': 7, 'D_layer_units_exponent_5': 6, 'D_dagger_layers': 4, 'D_dagger_layer_units_exponent_0': 6, 'D_dagger_layer_units_exponent_1': 5, 'D_dagger_layer_units_exponent_2': 7, 'D_dagger_layer_units_exponent_3': 5, 'log_learning_rate': -2.010773043081376, 'log_learning_rate_D': -1.9832233027006707, 'log_learning_rate_D_dagger': -2.7043186937828425, 'training_batch_size': 6, 'training_p': 3}. Best is trial 5 with value: 0.20849008858203888.
Time for this trial:  25.72883653640747
Memory status after this trial: 
Memory allocated:  544.53466796875
Memory cached:  556.0
--------------------  Trial  42   --------------------
Start timing: 
Parameters: 
{'W_layers': 5, 'W_layer_units_exponent_0': 10, 'W_layer_units_exponent_1': 6, 'W_layer_units_exponent_2': 5, 'W_layer_units_exponent_3': 6, 'W_layer_units_exponent_4': 10, 'D_layers': 6, 'D_layer_units_exponent_0': 9, 'D_layer_units_exponent_1': 9, 'D_layer_units_exponent_2': 10, 'D_layer_units_exponent_3': 6, 'D_layer_units_exponent_4': 9, 'D_layer_units_exponent_5': 4, 'D_dagger_layers': 4, 'D_dagger_layer_units_exponent_0': 7, 'D_dagger_layer_units_exponent_1': 5, 'D_dagger_layer_units_exponent_2': 6, 'D_dagger_layer_units_exponent_3': 6, 'log_learning_rate': -2.205210481781925, 'log_learning_rate_D': -1.2413955648316146, 'log_learning_rate_D_dagger': -2.3524305206388525, 'training_batch_size': 7, 'training_p': 3}
	 epoch  0 training error:  tensor(1.7236, device='cuda:0', grad_fn=<DivBackward0>)
Memory status after this epoch: 
Memory allocated:  276.14453125
Memory cached:  330.0
	 epoch  10 training error:  tensor(0.4840, device='cuda:0', grad_fn=<DivBackward0>)
Memory status after this epoch: 
Memory allocated:  276.14453125
Memory cached:  330.0
	 epoch  20 training error:  tensor(0.2753, device='cuda:0', grad_fn=<DivBackward0>)
Memory status after this epoch: 
Memory allocated:  276.14453125
Memory cached:  330.0
	 epoch  30 training error:  tensor(0.2716, device='cuda:0', grad_fn=<DivBackward0>)
Memory status after this epoch: 
Memory allocated:  276.14453125
Memory cached:  330.0
	 epoch  40 training error:  tensor(0.2482, device='cuda:0', grad_fn=<DivBackward0>)
Memory status after this epoch: 
Memory allocated:  276.14453125
Memory cached:  330.0
	 epoch  50 training error:  tensor(0.2448, device='cuda:0', grad_fn=<DivBackward0>)
Memory status after this epoch: 
Memory allocated:  276.14453125
Memory cached:  330.0
	 epoch  60 training error:  tensor(0.2471, device='cuda:0', grad_fn=<DivBackward0>)
Memory status after this epoch: 
Memory allocated:  276.14453125
Memory cached:  330.0
	 epoch  70 training error:  tensor(0.2461, device='cuda:0', grad_fn=<DivBackward0>)
Memory status after this epoch: 
Memory allocated:  276.14453125
Memory cached:  330.0
	 epoch  80 training error:  tensor(0.2473, device='cuda:0', grad_fn=<DivBackward0>)
Memory status after this epoch: 
Memory allocated:  276.14453125
Memory cached:  330.0
	 epoch  90 training error:  tensor(0.2460, device='cuda:0', grad_fn=<DivBackward0>)
Memory status after this epoch: 
Memory allocated:  276.14453125
Memory cached:  330.0
[I 2024-01-11 11:50:36,337] Trial 42 finished with value: 0.21292391419410706 and parameters: {'W_layers': 5, 'W_layer_units_exponent_0': 10, 'W_layer_units_exponent_1': 6, 'W_layer_units_exponent_2': 5, 'W_layer_units_exponent_3': 6, 'W_layer_units_exponent_4': 10, 'D_layers': 6, 'D_layer_units_exponent_0': 9, 'D_layer_units_exponent_1': 9, 'D_layer_units_exponent_2': 10, 'D_layer_units_exponent_3': 6, 'D_layer_units_exponent_4': 9, 'D_layer_units_exponent_5': 4, 'D_dagger_layers': 4, 'D_dagger_layer_units_exponent_0': 7, 'D_dagger_layer_units_exponent_1': 5, 'D_dagger_layer_units_exponent_2': 6, 'D_dagger_layer_units_exponent_3': 6, 'log_learning_rate': -2.205210481781925, 'log_learning_rate_D': -1.2413955648316146, 'log_learning_rate_D_dagger': -2.3524305206388525, 'training_batch_size': 7, 'training_p': 3}. Best is trial 5 with value: 0.20849008858203888.
Time for this trial:  47.54466414451599
Memory status after this trial: 
Memory allocated:  526.65966796875
Memory cached:  566.0
--------------------  Trial  43   --------------------
Start timing: 
Parameters: 
{'W_layers': 4, 'W_layer_units_exponent_0': 8, 'W_layer_units_exponent_1': 8, 'W_layer_units_exponent_2': 9, 'W_layer_units_exponent_3': 6, 'D_layers': 3, 'D_layer_units_exponent_0': 9, 'D_layer_units_exponent_1': 8, 'D_layer_units_exponent_2': 8, 'D_dagger_layers': 5, 'D_dagger_layer_units_exponent_0': 8, 'D_dagger_layer_units_exponent_1': 6, 'D_dagger_layer_units_exponent_2': 7, 'D_dagger_layer_units_exponent_3': 7, 'D_dagger_layer_units_exponent_4': 10, 'log_learning_rate': -1.9708407784081794, 'log_learning_rate_D': -1.5796052793840625, 'log_learning_rate_D_dagger': -1.943152785384588, 'training_batch_size': 11, 'training_p': 2}
	 epoch  0 training error:  tensor(1.1334, device='cuda:0', grad_fn=<DivBackward0>)
Memory status after this epoch: 
Memory allocated:  277.00341796875
Memory cached:  330.0
	 epoch  10 training error:  tensor(0.3364, device='cuda:0', grad_fn=<DivBackward0>)
Memory status after this epoch: 
Memory allocated:  277.00341796875
Memory cached:  330.0
	 epoch  20 training error:  tensor(0.2278, device='cuda:0', grad_fn=<DivBackward0>)
Memory status after this epoch: 
Memory allocated:  277.00341796875
Memory cached:  330.0
	 epoch  30 training error:  tensor(0.1934, device='cuda:0', grad_fn=<DivBackward0>)
Memory status after this epoch: 
Memory allocated:  277.00341796875
Memory cached:  330.0
	 epoch  40 training error:  tensor(0.2170, device='cuda:0', grad_fn=<DivBackward0>)
Memory status after this epoch: 
Memory allocated:  277.00341796875
Memory cached:  330.0
	 epoch  50 training error:  tensor(0.3656, device='cuda:0', grad_fn=<DivBackward0>)
Memory status after this epoch: 
Memory allocated:  277.00341796875
Memory cached:  330.0
	 epoch  60 training error:  tensor(0.3571, device='cuda:0', grad_fn=<DivBackward0>)
Memory status after this epoch: 
Memory allocated:  277.00341796875
Memory cached:  330.0
	 epoch  70 training error:  tensor(0.2311, device='cuda:0', grad_fn=<DivBackward0>)
Memory status after this epoch: 
Memory allocated:  277.00341796875
Memory cached:  330.0
	 epoch  80 training error:  tensor(0.2215, device='cuda:0', grad_fn=<DivBackward0>)
Memory status after this epoch: 
Memory allocated:  277.00341796875
Memory cached:  330.0
	 epoch  90 training error:  tensor(0.2153, device='cuda:0', grad_fn=<DivBackward0>)
Memory status after this epoch: 
Memory allocated:  277.00341796875
Memory cached:  330.0
