[I 2024-01-14 00:50:13,582] Trial 180 finished with value: 0.09004831314086914 and parameters: {'W_layers': 2, 'W_layer_units_exponent_0': 6, 'W_layer_units_exponent_1': 4, 'D_layers': 2, 'D_layer_units_exponent_0': 9, 'D_layer_units_exponent_1': 9, 'D_dagger_layers': 7, 'D_dagger_layer_units_exponent_0': 4, 'D_dagger_layer_units_exponent_1': 7, 'D_dagger_layer_units_exponent_2': 7, 'D_dagger_layer_units_exponent_3': 4, 'D_dagger_layer_units_exponent_4': 10, 'D_dagger_layer_units_exponent_5': 5, 'D_dagger_layer_units_exponent_6': 8, 'log_learning_rate': -1.919205573113802, 'log_learning_rate_D': -4.109906204900733, 'log_learning_rate_D_dagger': -3.37031343070032, 'training_batch_size': 10, 'training_p': 2}. Best is trial 33 with value: 0.08818560093641281.
Time for this trial:  20.900752544403076
Memory status after this trial: 
Memory allocated:  438.89697265625
Memory cached:  478.0
--------------------  Trial  181   --------------------
Start timing: 
Parameters: 
{'W_layers': 2, 'W_layer_units_exponent_0': 6, 'W_layer_units_exponent_1': 4, 'D_layers': 2, 'D_layer_units_exponent_0': 9, 'D_layer_units_exponent_1': 10, 'D_dagger_layers': 4, 'D_dagger_layer_units_exponent_0': 10, 'D_dagger_layer_units_exponent_1': 7, 'D_dagger_layer_units_exponent_2': 6, 'D_dagger_layer_units_exponent_3': 4, 'log_learning_rate': -1.741240722124107, 'log_learning_rate_D': -3.757759237334887, 'log_learning_rate_D_dagger': -3.5523962660627793, 'training_batch_size': 10, 'training_p': 2}
	 epoch  0 training error:  tensor(0.7217, device='cuda:0', grad_fn=<DivBackward0>)
Memory status after this epoch: 
Memory allocated:  262.20751953125
Memory cached:  382.0
	 epoch  10 training error:  tensor(0.3937, device='cuda:0', grad_fn=<DivBackward0>)
Memory status after this epoch: 
Memory allocated:  262.20751953125
Memory cached:  382.0
	 epoch  20 training error:  tensor(0.2155, device='cuda:0', grad_fn=<DivBackward0>)
Memory status after this epoch: 
Memory allocated:  262.20751953125
Memory cached:  382.0
	 epoch  30 training error:  tensor(0.1297, device='cuda:0', grad_fn=<DivBackward0>)
Memory status after this epoch: 
Memory allocated:  262.20751953125
Memory cached:  382.0
	 epoch  40 training error:  tensor(0.0916, device='cuda:0', grad_fn=<DivBackward0>)
Memory status after this epoch: 
Memory allocated:  262.20751953125
Memory cached:  382.0
	 epoch  50 training error:  tensor(0.0870, device='cuda:0', grad_fn=<DivBackward0>)
Memory status after this epoch: 
Memory allocated:  262.20751953125
Memory cached:  382.0
	 epoch  60 training error:  tensor(0.0853, device='cuda:0', grad_fn=<DivBackward0>)
Memory status after this epoch: 
Memory allocated:  262.20751953125
Memory cached:  382.0
	 epoch  70 training error:  tensor(0.0837, device='cuda:0', grad_fn=<DivBackward0>)
Memory status after this epoch: 
Memory allocated:  262.20751953125
Memory cached:  382.0
	 epoch  80 training error:  tensor(0.0833, device='cuda:0', grad_fn=<DivBackward0>)
Memory status after this epoch: 
Memory allocated:  262.20751953125
Memory cached:  382.0
	 epoch  90 training error:  tensor(0.0832, device='cuda:0', grad_fn=<DivBackward0>)
Memory status after this epoch: 
Memory allocated:  262.20751953125
Memory cached:  382.0
[I 2024-01-14 00:50:33,266] Trial 181 finished with value: 0.08848979324102402 and parameters: {'W_layers': 2, 'W_layer_units_exponent_0': 6, 'W_layer_units_exponent_1': 4, 'D_layers': 2, 'D_layer_units_exponent_0': 9, 'D_layer_units_exponent_1': 10, 'D_dagger_layers': 4, 'D_dagger_layer_units_exponent_0': 10, 'D_dagger_layer_units_exponent_1': 7, 'D_dagger_layer_units_exponent_2': 6, 'D_dagger_layer_units_exponent_3': 4, 'log_learning_rate': -1.741240722124107, 'log_learning_rate_D': -3.757759237334887, 'log_learning_rate_D_dagger': -3.5523962660627793, 'training_batch_size': 10, 'training_p': 2}. Best is trial 33 with value: 0.08818560093641281.
Time for this trial:  19.3433518409729
Memory status after this trial: 
Memory allocated:  402.79345703125
Memory cached:  478.0
--------------------  Trial  182   --------------------
Start timing: 
Parameters: 
{'W_layers': 3, 'W_layer_units_exponent_0': 6, 'W_layer_units_exponent_1': 4, 'W_layer_units_exponent_2': 7, 'D_layers': 2, 'D_layer_units_exponent_0': 9, 'D_layer_units_exponent_1': 9, 'D_dagger_layers': 4, 'D_dagger_layer_units_exponent_0': 10, 'D_dagger_layer_units_exponent_1': 7, 'D_dagger_layer_units_exponent_2': 6, 'D_dagger_layer_units_exponent_3': 4, 'log_learning_rate': -1.473584728905783, 'log_learning_rate_D': -3.849512941419943, 'log_learning_rate_D_dagger': -3.2045931250780515, 'training_batch_size': 11, 'training_p': 2}
	 epoch  0 training error:  tensor(0.8410, device='cuda:0', grad_fn=<DivBackward0>)
Memory status after this epoch: 
Memory allocated:  261.23681640625
Memory cached:  382.0
	 epoch  10 training error:  tensor(0.4326, device='cuda:0', grad_fn=<DivBackward0>)
Memory status after this epoch: 
Memory allocated:  261.23681640625
Memory cached:  382.0
	 epoch  20 training error:  tensor(0.2741, device='cuda:0', grad_fn=<DivBackward0>)
Memory status after this epoch: 
Memory allocated:  261.23681640625
Memory cached:  382.0
	 epoch  30 training error:  tensor(0.1737, device='cuda:0', grad_fn=<DivBackward0>)
Memory status after this epoch: 
Memory allocated:  261.23681640625
Memory cached:  382.0
	 epoch  40 training error:  tensor(0.0957, device='cuda:0', grad_fn=<DivBackward0>)
Memory status after this epoch: 
Memory allocated:  261.23681640625
Memory cached:  382.0
	 epoch  50 training error:  tensor(0.0900, device='cuda:0', grad_fn=<DivBackward0>)
Memory status after this epoch: 
Memory allocated:  261.23681640625
Memory cached:  382.0
	 epoch  60 training error:  tensor(0.0844, device='cuda:0', grad_fn=<DivBackward0>)
Memory status after this epoch: 
Memory allocated:  261.23681640625
Memory cached:  382.0
	 epoch  70 training error:  tensor(0.0840, device='cuda:0', grad_fn=<DivBackward0>)
Memory status after this epoch: 
Memory allocated:  261.23681640625
Memory cached:  382.0
	 epoch  80 training error:  tensor(0.0833, device='cuda:0', grad_fn=<DivBackward0>)
Memory status after this epoch: 
Memory allocated:  261.23681640625
Memory cached:  382.0
	 epoch  90 training error:  tensor(0.0833, device='cuda:0', grad_fn=<DivBackward0>)
Memory status after this epoch: 
Memory allocated:  261.23681640625
Memory cached:  382.0
[I 2024-01-14 00:50:53,333] Trial 182 finished with value: 0.088438019156456 and parameters: {'W_layers': 3, 'W_layer_units_exponent_0': 6, 'W_layer_units_exponent_1': 4, 'W_layer_units_exponent_2': 7, 'D_layers': 2, 'D_layer_units_exponent_0': 9, 'D_layer_units_exponent_1': 9, 'D_dagger_layers': 4, 'D_dagger_layer_units_exponent_0': 10, 'D_dagger_layer_units_exponent_1': 7, 'D_dagger_layer_units_exponent_2': 6, 'D_dagger_layer_units_exponent_3': 4, 'log_learning_rate': -1.473584728905783, 'log_learning_rate_D': -3.849512941419943, 'log_learning_rate_D_dagger': -3.2045931250780515, 'training_batch_size': 11, 'training_p': 2}. Best is trial 33 with value: 0.08818560093641281.
Time for this trial:  19.744590759277344
Memory status after this trial: 
Memory allocated:  415.71044921875
Memory cached:  480.0
--------------------  Trial  183   --------------------
Start timing: 
Parameters: 
{'W_layers': 3, 'W_layer_units_exponent_0': 6, 'W_layer_units_exponent_1': 4, 'W_layer_units_exponent_2': 5, 'D_layers': 2, 'D_layer_units_exponent_0': 9, 'D_layer_units_exponent_1': 10, 'D_dagger_layers': 4, 'D_dagger_layer_units_exponent_0': 10, 'D_dagger_layer_units_exponent_1': 7, 'D_dagger_layer_units_exponent_2': 6, 'D_dagger_layer_units_exponent_3': 4, 'log_learning_rate': -1.8107942051690253, 'log_learning_rate_D': -3.7000192085428347, 'log_learning_rate_D_dagger': -3.2924740564484956, 'training_batch_size': 11, 'training_p': 2}
	 epoch  0 training error:  tensor(1.0438, device='cuda:0', grad_fn=<DivBackward0>)
Memory status after this epoch: 
Memory allocated:  262.21728515625
Memory cached:  382.0
	 epoch  10 training error:  tensor(0.1867, device='cuda:0', grad_fn=<DivBackward0>)
Memory status after this epoch: 
Memory allocated:  262.21728515625
Memory cached:  382.0
	 epoch  20 training error:  tensor(0.1300, device='cuda:0', grad_fn=<DivBackward0>)
Memory status after this epoch: 
Memory allocated:  262.21728515625
Memory cached:  382.0
	 epoch  30 training error:  tensor(0.0936, device='cuda:0', grad_fn=<DivBackward0>)
Memory status after this epoch: 
Memory allocated:  262.21728515625
Memory cached:  382.0
	 epoch  40 training error:  tensor(0.0864, device='cuda:0', grad_fn=<DivBackward0>)
Memory status after this epoch: 
Memory allocated:  262.21728515625
Memory cached:  382.0
	 epoch  50 training error:  tensor(0.0839, device='cuda:0', grad_fn=<DivBackward0>)
Memory status after this epoch: 
Memory allocated:  262.21728515625
Memory cached:  382.0
	 epoch  60 training error:  tensor(0.0839, device='cuda:0', grad_fn=<DivBackward0>)
Memory status after this epoch: 
Memory allocated:  262.21728515625
Memory cached:  382.0
	 epoch  70 training error:  tensor(0.0839, device='cuda:0', grad_fn=<DivBackward0>)
Memory status after this epoch: 
Memory allocated:  262.21728515625
Memory cached:  382.0
	 epoch  80 training error:  tensor(0.0850, device='cuda:0', grad_fn=<DivBackward0>)
Memory status after this epoch: 
Memory allocated:  262.21728515625
Memory cached:  382.0
	 epoch  90 training error:  tensor(0.0840, device='cuda:0', grad_fn=<DivBackward0>)
Memory status after this epoch: 
Memory allocated:  262.21728515625
Memory cached:  382.0
[I 2024-01-14 00:51:13,097] Trial 183 finished with value: 0.08897703140974045 and parameters: {'W_layers': 3, 'W_layer_units_exponent_0': 6, 'W_layer_units_exponent_1': 4, 'W_layer_units_exponent_2': 5, 'D_layers': 2, 'D_layer_units_exponent_0': 9, 'D_layer_units_exponent_1': 10, 'D_dagger_layers': 4, 'D_dagger_layer_units_exponent_0': 10, 'D_dagger_layer_units_exponent_1': 7, 'D_dagger_layer_units_exponent_2': 6, 'D_dagger_layer_units_exponent_3': 4, 'log_learning_rate': -1.8107942051690253, 'log_learning_rate_D': -3.7000192085428347, 'log_learning_rate_D_dagger': -3.2924740564484956, 'training_batch_size': 11, 'training_p': 2}. Best is trial 33 with value: 0.08818560093641281.
Time for this trial:  19.43157935142517
Memory status after this trial: 
Memory allocated:  405.97216796875
Memory cached:  482.0
--------------------  Trial  184   --------------------
Start timing: 
Parameters: 
{'W_layers': 2, 'W_layer_units_exponent_0': 6, 'W_layer_units_exponent_1': 4, 'D_layers': 2, 'D_layer_units_exponent_0': 4, 'D_layer_units_exponent_1': 10, 'D_dagger_layers': 4, 'D_dagger_layer_units_exponent_0': 10, 'D_dagger_layer_units_exponent_1': 7, 'D_dagger_layer_units_exponent_2': 6, 'D_dagger_layer_units_exponent_3': 4, 'log_learning_rate': -1.5769908333259224, 'log_learning_rate_D': -3.955584848410129, 'log_learning_rate_D_dagger': -3.118230325223377, 'training_batch_size': 11, 'training_p': 2}
	 epoch  0 training error:  tensor(1.3625, device='cuda:0', grad_fn=<DivBackward0>)
Memory status after this epoch: 
Memory allocated:  260.2685546875
Memory cached:  382.0
	 epoch  10 training error:  tensor(0.5051, device='cuda:0', grad_fn=<DivBackward0>)
Memory status after this epoch: 
Memory allocated:  260.2685546875
Memory cached:  382.0
	 epoch  20 training error:  tensor(0.1751, device='cuda:0', grad_fn=<DivBackward0>)
Memory status after this epoch: 
Memory allocated:  260.2685546875
Memory cached:  382.0
	 epoch  30 training error:  tensor(0.1162, device='cuda:0', grad_fn=<DivBackward0>)
Memory status after this epoch: 
Memory allocated:  260.2685546875
Memory cached:  382.0
	 epoch  40 training error:  tensor(0.0907, device='cuda:0', grad_fn=<DivBackward0>)
Memory status after this epoch: 
Memory allocated:  260.2685546875
Memory cached:  382.0
	 epoch  50 training error:  tensor(0.0856, device='cuda:0', grad_fn=<DivBackward0>)
Memory status after this epoch: 
Memory allocated:  260.2685546875
Memory cached:  382.0
	 epoch  60 training error:  tensor(0.0841, device='cuda:0', grad_fn=<DivBackward0>)
Memory status after this epoch: 
Memory allocated:  260.2685546875
Memory cached:  382.0
	 epoch  70 training error:  tensor(0.0834, device='cuda:0', grad_fn=<DivBackward0>)
Memory status after this epoch: 
Memory allocated:  260.2685546875
Memory cached:  382.0
	 epoch  80 training error:  tensor(0.0833, device='cuda:0', grad_fn=<DivBackward0>)
Memory status after this epoch: 
Memory allocated:  260.2685546875
Memory cached:  382.0
	 epoch  90 training error:  tensor(0.0831, device='cuda:0', grad_fn=<DivBackward0>)
Memory status after this epoch: 
Memory allocated:  260.2685546875
Memory cached:  382.0
[I 2024-01-14 00:51:32,517] Trial 184 finished with value: 0.08832621574401855 and parameters: {'W_layers': 2, 'W_layer_units_exponent_0': 6, 'W_layer_units_exponent_1': 4, 'D_layers': 2, 'D_layer_units_exponent_0': 4, 'D_layer_units_exponent_1': 10, 'D_dagger_layers': 4, 'D_dagger_layer_units_exponent_0': 10, 'D_dagger_layer_units_exponent_1': 7, 'D_dagger_layer_units_exponent_2': 6, 'D_dagger_layer_units_exponent_3': 4, 'log_learning_rate': -1.5769908333259224, 'log_learning_rate_D': -3.955584848410129, 'log_learning_rate_D_dagger': -3.118230325223377, 'training_batch_size': 11, 'training_p': 2}. Best is trial 33 with value: 0.08818560093641281.
Time for this trial:  19.112814903259277
Memory status after this trial: 
Memory allocated:  402.32470703125
Memory cached:  478.0
--------------------  Trial  185   --------------------
Start timing: 
Parameters: 
{'W_layers': 2, 'W_layer_units_exponent_0': 6, 'W_layer_units_exponent_1': 8, 'D_layers': 2, 'D_layer_units_exponent_0': 5, 'D_layer_units_exponent_1': 10, 'D_dagger_layers': 4, 'D_dagger_layer_units_exponent_0': 10, 'D_dagger_layer_units_exponent_1': 7, 'D_dagger_layer_units_exponent_2': 6, 'D_dagger_layer_units_exponent_3': 4, 'log_learning_rate': -1.5889489864257453, 'log_learning_rate_D': -3.94203217094531, 'log_learning_rate_D_dagger': -3.467145396467255, 'training_batch_size': 11, 'training_p': 2}
	 epoch  0 training error:  tensor(1.1505, device='cuda:0', grad_fn=<DivBackward0>)
Memory status after this epoch: 
Memory allocated:  260.5693359375
Memory cached:  382.0
	 epoch  10 training error:  tensor(0.4727, device='cuda:0', grad_fn=<DivBackward0>)
Memory status after this epoch: 
Memory allocated:  260.5693359375
Memory cached:  382.0
	 epoch  20 training error:  tensor(0.2107, device='cuda:0', grad_fn=<DivBackward0>)
Memory status after this epoch: 
Memory allocated:  260.5693359375
Memory cached:  382.0
	 epoch  30 training error:  tensor(0.1752, device='cuda:0', grad_fn=<DivBackward0>)
Memory status after this epoch: 
Memory allocated:  260.5693359375
Memory cached:  382.0
	 epoch  40 training error:  tensor(0.1281, device='cuda:0', grad_fn=<DivBackward0>)
Memory status after this epoch: 
Memory allocated:  260.5693359375
Memory cached:  382.0
	 epoch  50 training error:  tensor(0.1101, device='cuda:0', grad_fn=<DivBackward0>)
Memory status after this epoch: 
Memory allocated:  260.5693359375
Memory cached:  382.0
	 epoch  60 training error:  tensor(0.0929, device='cuda:0', grad_fn=<DivBackward0>)
Memory status after this epoch: 
Memory allocated:  260.5693359375
Memory cached:  382.0
	 epoch  70 training error:  tensor(0.0851, device='cuda:0', grad_fn=<DivBackward0>)
Memory status after this epoch: 
Memory allocated:  260.5693359375
Memory cached:  382.0
	 epoch  80 training error:  tensor(0.0838, device='cuda:0', grad_fn=<DivBackward0>)
Memory status after this epoch: 
Memory allocated:  260.5693359375
Memory cached:  382.0
	 epoch  90 training error:  tensor(0.0832, device='cuda:0', grad_fn=<DivBackward0>)
Memory status after this epoch: 
Memory allocated:  260.5693359375
Memory cached:  382.0
[I 2024-01-14 00:51:52,454] Trial 185 finished with value: 0.0884549543261528 and parameters: {'W_layers': 2, 'W_layer_units_exponent_0': 6, 'W_layer_units_exponent_1': 8, 'D_layers': 2, 'D_layer_units_exponent_0': 5, 'D_layer_units_exponent_1': 10, 'D_dagger_layers': 4, 'D_dagger_layer_units_exponent_0': 10, 'D_dagger_layer_units_exponent_1': 7, 'D_dagger_layer_units_exponent_2': 6, 'D_dagger_layer_units_exponent_3': 4, 'log_learning_rate': -1.5889489864257453, 'log_learning_rate_D': -3.94203217094531, 'log_learning_rate_D_dagger': -3.467145396467255, 'training_batch_size': 11, 'training_p': 2}. Best is trial 33 with value: 0.08818560093641281.
Time for this trial:  19.643360376358032
Memory status after this trial: 
Memory allocated:  425.35400390625
Memory cached:  478.0
--------------------  Trial  186   --------------------
Start timing: 
Parameters: 
{'W_layers': 2, 'W_layer_units_exponent_0': 6, 'W_layer_units_exponent_1': 7, 'D_layers': 2, 'D_layer_units_exponent_0': 8, 'D_layer_units_exponent_1': 10, 'D_dagger_layers': 4, 'D_dagger_layer_units_exponent_0': 10, 'D_dagger_layer_units_exponent_1': 7, 'D_dagger_layer_units_exponent_2': 6, 'D_dagger_layer_units_exponent_3': 4, 'log_learning_rate': -1.687466240221851, 'log_learning_rate_D': -4.0126229115367495, 'log_learning_rate_D_dagger': -3.162882928424455, 'training_batch_size': 10, 'training_p': 5}
	 epoch  0 training error:  tensor(1.1602, device='cuda:0', grad_fn=<DivBackward0>)
Memory status after this epoch: 
Memory allocated:  261.31591796875
Memory cached:  382.0
	 epoch  10 training error:  tensor(0.3788, device='cuda:0', grad_fn=<DivBackward0>)
Memory status after this epoch: 
Memory allocated:  261.31591796875
Memory cached:  382.0
	 epoch  20 training error:  tensor(0.1782, device='cuda:0', grad_fn=<DivBackward0>)
Memory status after this epoch: 
Memory allocated:  261.31591796875
Memory cached:  382.0
	 epoch  30 training error:  tensor(0.1209, device='cuda:0', grad_fn=<DivBackward0>)
Memory status after this epoch: 
Memory allocated:  261.31591796875
Memory cached:  382.0
	 epoch  40 training error:  tensor(0.1137, device='cuda:0', grad_fn=<DivBackward0>)
Memory status after this epoch: 
Memory allocated:  261.31591796875
Memory cached:  382.0
	 epoch  50 training error:  tensor(0.1166, device='cuda:0', grad_fn=<DivBackward0>)
Memory status after this epoch: 
Memory allocated:  261.31591796875
Memory cached:  382.0
	 epoch  60 training error:  tensor(0.1108, device='cuda:0', grad_fn=<DivBackward0>)
Memory status after this epoch: 
Memory allocated:  261.31591796875
Memory cached:  382.0
	 epoch  70 training error:  tensor(0.1096, device='cuda:0', grad_fn=<DivBackward0>)
Memory status after this epoch: 
Memory allocated:  261.31591796875
Memory cached:  382.0
	 epoch  80 training error:  tensor(0.1090, device='cuda:0', grad_fn=<DivBackward0>)
Memory status after this epoch: 
Memory allocated:  261.31591796875
Memory cached:  382.0
	 epoch  90 training error:  tensor(0.1089, device='cuda:0', grad_fn=<DivBackward0>)
Memory status after this epoch: 
Memory allocated:  261.31591796875
Memory cached:  382.0
