[I 2024-03-01 17:45:39,055] Trial 23 finished with value: 0.19108577072620392 and parameters: {'W_layers': 7, 'W_layer_units_exponent_0': 4, 'W_layer_units_exponent_1': 6, 'W_layer_units_exponent_2': 9, 'W_layer_units_exponent_3': 6, 'W_layer_units_exponent_4': 7, 'W_layer_units_exponent_5': 8, 'W_layer_units_exponent_6': 8, 'D_layers': 6, 'D_layer_units_exponent_0': 6, 'D_layer_units_exponent_1': 10, 'D_layer_units_exponent_2': 9, 'D_layer_units_exponent_3': 8, 'D_layer_units_exponent_4': 7, 'D_layer_units_exponent_5': 7, 'D_dagger_layers': 3, 'D_dagger_layer_units_exponent_0': 6, 'D_dagger_layer_units_exponent_1': 10, 'D_dagger_layer_units_exponent_2': 6, 'log_learning_rate': -3.4744499380824365, 'log_learning_rate_D': -4.497474780995899, 'log_learning_rate_D_dagger': -4.875804607579463, 'training_batch_size': 7, 'training_p': 8}. Best is trial 22 with value: 0.047714147716760635.
Time for this trial:  1758.6489717960358
Memory status after this trial: 
Memory allocated:  1909.921875
Memory cached:  1940.0
--------------------  Trial  24   --------------------
Start timing: 
Parameters: 
{'W_layers': 7, 'W_layer_units_exponent_0': 5, 'W_layer_units_exponent_1': 5, 'W_layer_units_exponent_2': 10, 'W_layer_units_exponent_3': 5, 'W_layer_units_exponent_4': 6, 'W_layer_units_exponent_5': 6, 'W_layer_units_exponent_6': 8, 'D_layers': 6, 'D_layer_units_exponent_0': 5, 'D_layer_units_exponent_1': 8, 'D_layer_units_exponent_2': 9, 'D_layer_units_exponent_3': 9, 'D_layer_units_exponent_4': 8, 'D_layer_units_exponent_5': 6, 'D_dagger_layers': 4, 'D_dagger_layer_units_exponent_0': 6, 'D_dagger_layer_units_exponent_1': 10, 'D_dagger_layer_units_exponent_2': 5, 'D_dagger_layer_units_exponent_3': 10, 'log_learning_rate': -3.1953611161063247, 'log_learning_rate_D': -4.047485636187622, 'log_learning_rate_D_dagger': -2.3904582423158565, 'training_batch_size': 8, 'training_p': 7}
	 epoch  0 training error:  tensor(1.4544, grad_fn=<ToCopyBackward0>)
Memory status after this epoch: 
Memory allocated:  963.95849609375
Memory cached:  1462.0
	 epoch  10 training error:  tensor(0.4019, grad_fn=<ToCopyBackward0>)
Memory status after this epoch: 
Memory allocated:  963.95849609375
Memory cached:  1460.0
	 epoch  20 training error:  tensor(0.3767, grad_fn=<ToCopyBackward0>)
Memory status after this epoch: 
Memory allocated:  963.95849609375
Memory cached:  1460.0
	 epoch  30 training error:  tensor(0.3737, grad_fn=<ToCopyBackward0>)
Memory status after this epoch: 
Memory allocated:  963.95849609375
Memory cached:  1464.0
	 epoch  40 training error:  tensor(0.4069, grad_fn=<ToCopyBackward0>)
Memory status after this epoch: 
Memory allocated:  963.95849609375
Memory cached:  1458.0
	 epoch  50 training error:  tensor(0.3911, grad_fn=<ToCopyBackward0>)
Memory status after this epoch: 
Memory allocated:  963.95849609375
Memory cached:  1460.0
	 epoch  60 training error:  tensor(0.3847, grad_fn=<ToCopyBackward0>)
Memory status after this epoch: 
Memory allocated:  963.95849609375
Memory cached:  1460.0
	 epoch  70 training error:  tensor(0.3818, grad_fn=<ToCopyBackward0>)
Memory status after this epoch: 
Memory allocated:  963.95849609375
Memory cached:  1460.0
	 epoch  80 training error:  tensor(0.3666, grad_fn=<ToCopyBackward0>)
Memory status after this epoch: 
Memory allocated:  963.95849609375
Memory cached:  1464.0
	 epoch  90 training error:  tensor(0.3552, grad_fn=<ToCopyBackward0>)
Memory status after this epoch: 
Memory allocated:  963.95849609375
Memory cached:  1460.0
[I 2024-03-01 18:04:40,037] Trial 24 finished with value: 0.19967451691627502 and parameters: {'W_layers': 7, 'W_layer_units_exponent_0': 5, 'W_layer_units_exponent_1': 5, 'W_layer_units_exponent_2': 10, 'W_layer_units_exponent_3': 5, 'W_layer_units_exponent_4': 6, 'W_layer_units_exponent_5': 6, 'W_layer_units_exponent_6': 8, 'D_layers': 6, 'D_layer_units_exponent_0': 5, 'D_layer_units_exponent_1': 8, 'D_layer_units_exponent_2': 9, 'D_layer_units_exponent_3': 9, 'D_layer_units_exponent_4': 8, 'D_layer_units_exponent_5': 6, 'D_dagger_layers': 4, 'D_dagger_layer_units_exponent_0': 6, 'D_dagger_layer_units_exponent_1': 10, 'D_dagger_layer_units_exponent_2': 5, 'D_dagger_layer_units_exponent_3': 10, 'log_learning_rate': -3.1953611161063247, 'log_learning_rate_D': -4.047485636187622, 'log_learning_rate_D_dagger': -2.3904582423158565, 'training_batch_size': 8, 'training_p': 7}. Best is trial 22 with value: 0.047714147716760635.
Time for this trial:  1140.3559167385101
Memory status after this trial: 
Memory allocated:  2036.23583984375
Memory cached:  2072.0
--------------------  Trial  25   --------------------
Start timing: 
Parameters: 
{'W_layers': 5, 'W_layer_units_exponent_0': 6, 'W_layer_units_exponent_1': 10, 'W_layer_units_exponent_2': 9, 'W_layer_units_exponent_3': 5, 'W_layer_units_exponent_4': 8, 'D_layers': 5, 'D_layer_units_exponent_0': 10, 'D_layer_units_exponent_1': 9, 'D_layer_units_exponent_2': 10, 'D_layer_units_exponent_3': 10, 'D_layer_units_exponent_4': 10, 'D_dagger_layers': 3, 'D_dagger_layer_units_exponent_0': 8, 'D_dagger_layer_units_exponent_1': 9, 'D_dagger_layer_units_exponent_2': 6, 'log_learning_rate': -2.539982167833467, 'log_learning_rate_D': -3.7868008467359835, 'log_learning_rate_D_dagger': -3.2356114995925633, 'training_batch_size': 6, 'training_p': 6}
	 epoch  0 training error:  tensor(0.7018, grad_fn=<ToCopyBackward0>)
Memory status after this epoch: 
Memory allocated:  1024.4208984375
Memory cached:  1628.0
	 epoch  10 training error:  tensor(0.3408, grad_fn=<ToCopyBackward0>)
Memory status after this epoch: 
Memory allocated:  1024.4208984375
Memory cached:  1628.0
	 epoch  20 training error:  tensor(0.2445, grad_fn=<ToCopyBackward0>)
Memory status after this epoch: 
Memory allocated:  1024.4208984375
Memory cached:  1628.0
	 epoch  30 training error:  tensor(0.1644, grad_fn=<ToCopyBackward0>)
Memory status after this epoch: 
Memory allocated:  1024.4208984375
Memory cached:  1628.0
	 epoch  40 training error:  tensor(0.1214, grad_fn=<ToCopyBackward0>)
Memory status after this epoch: 
Memory allocated:  1024.4208984375
Memory cached:  1630.0
	 epoch  50 training error:  tensor(0.1164, grad_fn=<ToCopyBackward0>)
Memory status after this epoch: 
Memory allocated:  1024.4208984375
Memory cached:  1628.0
	 epoch  60 training error:  tensor(0.0951, grad_fn=<ToCopyBackward0>)
Memory status after this epoch: 
Memory allocated:  1024.4208984375
Memory cached:  1628.0
	 epoch  70 training error:  tensor(0.0897, grad_fn=<ToCopyBackward0>)
Memory status after this epoch: 
Memory allocated:  1024.4208984375
Memory cached:  1628.0
	 epoch  80 training error:  tensor(0.0557, grad_fn=<ToCopyBackward0>)
Memory status after this epoch: 
Memory allocated:  1024.4208984375
Memory cached:  1628.0
	 epoch  90 training error:  tensor(0.0793, grad_fn=<ToCopyBackward0>)
Memory status after this epoch: 
Memory allocated:  1024.4208984375
Memory cached:  1628.0
[I 2024-03-01 18:56:10,201] Trial 25 finished with value: 0.03546123579144478 and parameters: {'W_layers': 5, 'W_layer_units_exponent_0': 6, 'W_layer_units_exponent_1': 10, 'W_layer_units_exponent_2': 9, 'W_layer_units_exponent_3': 5, 'W_layer_units_exponent_4': 8, 'D_layers': 5, 'D_layer_units_exponent_0': 10, 'D_layer_units_exponent_1': 9, 'D_layer_units_exponent_2': 10, 'D_layer_units_exponent_3': 10, 'D_layer_units_exponent_4': 10, 'D_dagger_layers': 3, 'D_dagger_layer_units_exponent_0': 8, 'D_dagger_layer_units_exponent_1': 9, 'D_dagger_layer_units_exponent_2': 6, 'log_learning_rate': -2.539982167833467, 'log_learning_rate_D': -3.7868008467359835, 'log_learning_rate_D_dagger': -3.2356114995925633, 'training_batch_size': 6, 'training_p': 6}. Best is trial 25 with value: 0.03546123579144478.
res:  tensor(0.0355, grad_fn=<ToCopyBackward0>)
self.bestValue:  tensor(0.0477, grad_fn=<ToCopyBackward0>)
Save this model!
Time for this trial:  3089.1153717041016
Memory status after this trial: 
Memory allocated:  1547.6181640625
Memory cached:  1886.0
--------------------  Trial  26   --------------------
Start timing: 
Parameters: 
{'W_layers': 5, 'W_layer_units_exponent_0': 5, 'W_layer_units_exponent_1': 7, 'W_layer_units_exponent_2': 7, 'W_layer_units_exponent_3': 5, 'W_layer_units_exponent_4': 9, 'D_layers': 5, 'D_layer_units_exponent_0': 10, 'D_layer_units_exponent_1': 10, 'D_layer_units_exponent_2': 10, 'D_layer_units_exponent_3': 10, 'D_layer_units_exponent_4': 10, 'D_dagger_layers': 6, 'D_dagger_layer_units_exponent_0': 9, 'D_dagger_layer_units_exponent_1': 9, 'D_dagger_layer_units_exponent_2': 7, 'D_dagger_layer_units_exponent_3': 7, 'D_dagger_layer_units_exponent_4': 4, 'D_dagger_layer_units_exponent_5': 10, 'log_learning_rate': -2.0590957592830272, 'log_learning_rate_D': -3.8967268803643393, 'log_learning_rate_D_dagger': -3.2107627242637515, 'training_batch_size': 6, 'training_p': 6}
	 epoch  0 training error:  tensor(0.9541, grad_fn=<ToCopyBackward0>)
Memory status after this epoch: 
Memory allocated:  1636.19189453125
Memory cached:  2068.0
	 epoch  10 training error:  tensor(0.3392, grad_fn=<ToCopyBackward0>)
Memory status after this epoch: 
Memory allocated:  1635.59521484375
Memory cached:  2040.0
	 epoch  20 training error:  tensor(0.1922, grad_fn=<ToCopyBackward0>)
Memory status after this epoch: 
Memory allocated:  1635.59521484375
Memory cached:  2056.0
	 epoch  30 training error:  tensor(0.1391, grad_fn=<ToCopyBackward0>)
Memory status after this epoch: 
Memory allocated:  1635.59521484375
Memory cached:  2046.0
	 epoch  40 training error:  tensor(0.0691, grad_fn=<ToCopyBackward0>)
Memory status after this epoch: 
Memory allocated:  1635.59521484375
Memory cached:  2054.0
	 epoch  50 training error:  tensor(0.0674, grad_fn=<ToCopyBackward0>)
Memory status after this epoch: 
Memory allocated:  1635.59521484375
Memory cached:  2046.0
	 epoch  60 training error:  tensor(0.0437, grad_fn=<ToCopyBackward0>)
Memory status after this epoch: 
Memory allocated:  1635.59521484375
Memory cached:  2050.0
	 epoch  70 training error:  tensor(0.0458, grad_fn=<ToCopyBackward0>)
Memory status after this epoch: 
Memory allocated:  1635.59521484375
Memory cached:  2052.0
	 epoch  80 training error:  tensor(0.0538, grad_fn=<ToCopyBackward0>)
Memory status after this epoch: 
Memory allocated:  1635.59521484375
Memory cached:  2044.0
	 epoch  90 training error:  tensor(0.0540, grad_fn=<ToCopyBackward0>)
Memory status after this epoch: 
Memory allocated:  1635.59521484375
Memory cached:  2052.0
[I 2024-03-01 19:56:11,242] Trial 26 finished with value: 0.02490043081343174 and parameters: {'W_layers': 5, 'W_layer_units_exponent_0': 5, 'W_layer_units_exponent_1': 7, 'W_layer_units_exponent_2': 7, 'W_layer_units_exponent_3': 5, 'W_layer_units_exponent_4': 9, 'D_layers': 5, 'D_layer_units_exponent_0': 10, 'D_layer_units_exponent_1': 10, 'D_layer_units_exponent_2': 10, 'D_layer_units_exponent_3': 10, 'D_layer_units_exponent_4': 10, 'D_dagger_layers': 6, 'D_dagger_layer_units_exponent_0': 9, 'D_dagger_layer_units_exponent_1': 9, 'D_dagger_layer_units_exponent_2': 7, 'D_dagger_layer_units_exponent_3': 7, 'D_dagger_layer_units_exponent_4': 4, 'D_dagger_layer_units_exponent_5': 10, 'log_learning_rate': -2.0590957592830272, 'log_learning_rate_D': -3.8967268803643393, 'log_learning_rate_D_dagger': -3.2107627242637515, 'training_batch_size': 6, 'training_p': 6}. Best is trial 26 with value: 0.02490043081343174.
res:  tensor(0.0249, grad_fn=<ToCopyBackward0>)
self.bestValue:  tensor(0.0355, grad_fn=<ToCopyBackward0>)
Save this model!
Time for this trial:  3599.980217218399
Memory status after this trial: 
Memory allocated:  1713.65576171875
Memory cached:  2334.0
--------------------  Trial  27   --------------------
Start timing: 
Parameters: 
{'W_layers': 5, 'W_layer_units_exponent_0': 5, 'W_layer_units_exponent_1': 10, 'W_layer_units_exponent_2': 6, 'W_layer_units_exponent_3': 8, 'W_layer_units_exponent_4': 9, 'D_layers': 4, 'D_layer_units_exponent_0': 10, 'D_layer_units_exponent_1': 10, 'D_layer_units_exponent_2': 10, 'D_layer_units_exponent_3': 10, 'D_dagger_layers': 6, 'D_dagger_layer_units_exponent_0': 9, 'D_dagger_layer_units_exponent_1': 9, 'D_dagger_layer_units_exponent_2': 7, 'D_dagger_layer_units_exponent_3': 7, 'D_dagger_layer_units_exponent_4': 4, 'D_dagger_layer_units_exponent_5': 10, 'log_learning_rate': -2.4329896147360675, 'log_learning_rate_D': -3.863540420309323, 'log_learning_rate_D_dagger': -3.251274524224219, 'training_batch_size': 6, 'training_p': 6}
	 epoch  0 training error:  tensor(1.8426, grad_fn=<ToCopyBackward0>)
Memory status after this epoch: 
Memory allocated:  1785.54345703125
Memory cached:  2422.0
	 epoch  10 training error:  tensor(0.3262, grad_fn=<ToCopyBackward0>)
Memory status after this epoch: 
Memory allocated:  1785.54345703125
Memory cached:  2390.0
	 epoch  20 training error:  tensor(0.1673, grad_fn=<ToCopyBackward0>)
Memory status after this epoch: 
Memory allocated:  1785.54345703125
Memory cached:  2390.0
	 epoch  30 training error:  tensor(0.0980, grad_fn=<ToCopyBackward0>)
Memory status after this epoch: 
Memory allocated:  1785.54345703125
Memory cached:  2392.0
	 epoch  40 training error:  tensor(0.1105, grad_fn=<ToCopyBackward0>)
Memory status after this epoch: 
Memory allocated:  1785.54345703125
Memory cached:  2392.0
	 epoch  50 training error:  tensor(0.0492, grad_fn=<ToCopyBackward0>)
Memory status after this epoch: 
Memory allocated:  1785.54345703125
Memory cached:  2394.0
	 epoch  60 training error:  tensor(0.0597, grad_fn=<ToCopyBackward0>)
Memory status after this epoch: 
Memory allocated:  1785.54345703125
Memory cached:  2392.0
	 epoch  70 training error:  tensor(0.0573, grad_fn=<ToCopyBackward0>)
Memory status after this epoch: 
Memory allocated:  1785.54345703125
Memory cached:  2398.0
	 epoch  80 training error:  tensor(0.0440, grad_fn=<ToCopyBackward0>)
Memory status after this epoch: 
Memory allocated:  1785.54345703125
Memory cached:  2404.0
	 epoch  90 training error:  tensor(0.0574, grad_fn=<ToCopyBackward0>)
Memory status after this epoch: 
Memory allocated:  1785.54345703125
Memory cached:  2404.0
[I 2024-03-01 20:52:31,963] Trial 27 finished with value: 0.019390789791941643 and parameters: {'W_layers': 5, 'W_layer_units_exponent_0': 5, 'W_layer_units_exponent_1': 10, 'W_layer_units_exponent_2': 6, 'W_layer_units_exponent_3': 8, 'W_layer_units_exponent_4': 9, 'D_layers': 4, 'D_layer_units_exponent_0': 10, 'D_layer_units_exponent_1': 10, 'D_layer_units_exponent_2': 10, 'D_layer_units_exponent_3': 10, 'D_dagger_layers': 6, 'D_dagger_layer_units_exponent_0': 9, 'D_dagger_layer_units_exponent_1': 9, 'D_dagger_layer_units_exponent_2': 7, 'D_dagger_layer_units_exponent_3': 7, 'D_dagger_layer_units_exponent_4': 4, 'D_dagger_layer_units_exponent_5': 10, 'log_learning_rate': -2.4329896147360675, 'log_learning_rate_D': -3.863540420309323, 'log_learning_rate_D_dagger': -3.251274524224219, 'training_batch_size': 6, 'training_p': 6}. Best is trial 27 with value: 0.019390789791941643.
res:  tensor(0.0194, grad_fn=<ToCopyBackward0>)
self.bestValue:  tensor(0.0249, grad_fn=<ToCopyBackward0>)
Save this model!
Time for this trial:  3379.3799633979797
Memory status after this trial: 
Memory allocated:  1719.46044921875
Memory cached:  2976.0
--------------------  Trial  28   --------------------
Start timing: 
Parameters: 
{'W_layers': 5, 'W_layer_units_exponent_0': 4, 'W_layer_units_exponent_1': 10, 'W_layer_units_exponent_2': 6, 'W_layer_units_exponent_3': 9, 'W_layer_units_exponent_4': 9, 'D_layers': 3, 'D_layer_units_exponent_0': 10, 'D_layer_units_exponent_1': 10, 'D_layer_units_exponent_2': 9, 'D_dagger_layers': 6, 'D_dagger_layer_units_exponent_0': 9, 'D_dagger_layer_units_exponent_1': 7, 'D_dagger_layer_units_exponent_2': 8, 'D_dagger_layer_units_exponent_3': 7, 'D_dagger_layer_units_exponent_4': 4, 'D_dagger_layer_units_exponent_5': 10, 'log_learning_rate': -2.2615444388810264, 'log_learning_rate_D': -4.727604810018816, 'log_learning_rate_D_dagger': -3.584174072796479, 'training_batch_size': 6, 'training_p': 5}
	 epoch  0 training error:  tensor(8.1350, grad_fn=<ToCopyBackward0>)
Memory status after this epoch: 
Memory allocated:  1760.169921875
Memory cached:  2716.0
	 epoch  10 training error:  tensor(0.3182, grad_fn=<ToCopyBackward0>)
Memory status after this epoch: 
Memory allocated:  1760.169921875
Memory cached:  2716.0
	 epoch  20 training error:  tensor(0.3059, grad_fn=<ToCopyBackward0>)
Memory status after this epoch: 
Memory allocated:  1760.169921875
Memory cached:  2716.0
	 epoch  30 training error:  tensor(0.2943, grad_fn=<ToCopyBackward0>)
Memory status after this epoch: 
Memory allocated:  1760.169921875
Memory cached:  2716.0
	 epoch  40 training error:  tensor(0.2064, grad_fn=<ToCopyBackward0>)
Memory status after this epoch: 
Memory allocated:  1760.169921875
Memory cached:  2716.0
	 epoch  50 training error:  tensor(0.1549, grad_fn=<ToCopyBackward0>)
Memory status after this epoch: 
Memory allocated:  1760.169921875
Memory cached:  2716.0
	 epoch  60 training error:  tensor(0.1317, grad_fn=<ToCopyBackward0>)
Memory status after this epoch: 
Memory allocated:  1760.169921875
Memory cached:  2716.0
	 epoch  70 training error:  tensor(0.1225, grad_fn=<ToCopyBackward0>)
Memory status after this epoch: 
Memory allocated:  1760.169921875
Memory cached:  2716.0
	 epoch  80 training error:  tensor(0.1238, grad_fn=<ToCopyBackward0>)
Memory status after this epoch: 
Memory allocated:  1760.169921875
Memory cached:  2716.0
	 epoch  90 training error:  tensor(0.1080, grad_fn=<ToCopyBackward0>)
Memory status after this epoch: 
Memory allocated:  1760.169921875
Memory cached:  2716.0
[I 2024-03-01 21:45:01,849] Trial 28 finished with value: 0.05938718467950821 and parameters: {'W_layers': 5, 'W_layer_units_exponent_0': 4, 'W_layer_units_exponent_1': 10, 'W_layer_units_exponent_2': 6, 'W_layer_units_exponent_3': 9, 'W_layer_units_exponent_4': 9, 'D_layers': 3, 'D_layer_units_exponent_0': 10, 'D_layer_units_exponent_1': 10, 'D_layer_units_exponent_2': 9, 'D_dagger_layers': 6, 'D_dagger_layer_units_exponent_0': 9, 'D_dagger_layer_units_exponent_1': 7, 'D_dagger_layer_units_exponent_2': 8, 'D_dagger_layer_units_exponent_3': 7, 'D_dagger_layer_units_exponent_4': 4, 'D_dagger_layer_units_exponent_5': 10, 'log_learning_rate': -2.2615444388810264, 'log_learning_rate_D': -4.727604810018816, 'log_learning_rate_D_dagger': -3.584174072796479, 'training_batch_size': 6, 'training_p': 5}. Best is trial 27 with value: 0.019390789791941643.
Time for this trial:  3148.973320007324
Memory status after this trial: 
Memory allocated:  3102.8154296875
Memory cached:  3138.0
--------------------  Trial  29   --------------------
Start timing: 
Parameters: 
{'W_layers': 5, 'W_layer_units_exponent_0': 5, 'W_layer_units_exponent_1': 10, 'W_layer_units_exponent_2': 5, 'W_layer_units_exponent_3': 8, 'W_layer_units_exponent_4': 9, 'D_layers': 4, 'D_layer_units_exponent_0': 10, 'D_layer_units_exponent_1': 10, 'D_layer_units_exponent_2': 10, 'D_layer_units_exponent_3': 10, 'D_dagger_layers': 6, 'D_dagger_layer_units_exponent_0': 9, 'D_dagger_layer_units_exponent_1': 9, 'D_dagger_layer_units_exponent_2': 7, 'D_dagger_layer_units_exponent_3': 6, 'D_dagger_layer_units_exponent_4': 4, 'D_dagger_layer_units_exponent_5': 10, 'log_learning_rate': -1.9459569366934066, 'log_learning_rate_D': -4.024254709790286, 'log_learning_rate_D_dagger': -3.1028139954730634, 'training_batch_size': 6, 'training_p': 6}
	 epoch  0 training error:  tensor(5.6250, grad_fn=<ToCopyBackward0>)
Memory status after this epoch: 
Memory allocated:  1790.39013671875
Memory cached:  2736.0
	 epoch  10 training error:  tensor(0.3312, grad_fn=<ToCopyBackward0>)
Memory status after this epoch: 
Memory allocated:  1790.3974609375
Memory cached:  2716.0
	 epoch  20 training error:  tensor(0.2372, grad_fn=<ToCopyBackward0>)
Memory status after this epoch: 
Memory allocated:  1790.3974609375
Memory cached:  2716.0
	 epoch  30 training error:  tensor(0.1004, grad_fn=<ToCopyBackward0>)
Memory status after this epoch: 
Memory allocated:  1790.3974609375
Memory cached:  2716.0
	 epoch  40 training error:  tensor(0.0882, grad_fn=<ToCopyBackward0>)
Memory status after this epoch: 
Memory allocated:  1790.3974609375
Memory cached:  2716.0
	 epoch  50 training error:  tensor(0.0780, grad_fn=<ToCopyBackward0>)
Memory status after this epoch: 
Memory allocated:  1790.3974609375
Memory cached:  2716.0
	 epoch  60 training error:  tensor(0.0517, grad_fn=<ToCopyBackward0>)
Memory status after this epoch: 
Memory allocated:  1790.3974609375
Memory cached:  2716.0
	 epoch  70 training error:  tensor(0.0645, grad_fn=<ToCopyBackward0>)
Memory status after this epoch: 
Memory allocated:  1790.3974609375
Memory cached:  2716.0
	 epoch  80 training error:  tensor(0.0529, grad_fn=<ToCopyBackward0>)
Memory status after this epoch: 
Memory allocated:  1790.3974609375
Memory cached:  2716.0
	 epoch  90 training error:  tensor(0.0572, grad_fn=<ToCopyBackward0>)
Memory status after this epoch: 
Memory allocated:  1790.3974609375
Memory cached:  2716.0
