[I 2023-12-07 00:30:01,444] Trial 27 finished with value: 0.5993767976760864 and parameters: {'W_layers': 6, 'W_layer_units_exponent_0': 6, 'W_layer_units_exponent_1': 8, 'W_layer_units_exponent_2': 9, 'W_layer_units_exponent_3': 6, 'W_layer_units_exponent_4': 7, 'W_layer_units_exponent_5': 4, 'D_layers': 7, 'D_layer_units_exponent_0': 10, 'D_layer_units_exponent_1': 8, 'D_layer_units_exponent_2': 7, 'D_layer_units_exponent_3': 9, 'D_layer_units_exponent_4': 9, 'D_layer_units_exponent_5': 4, 'D_layer_units_exponent_6': 10, 'D_dagger_layers': 2, 'D_dagger_layer_units_exponent_0': 8, 'D_dagger_layer_units_exponent_1': 8, 'log_learning_rate': -4.413317896841309, 'log_learning_rate_D': -4.170783496061313, 'log_learning_rate_D_dagger': -3.5970559847042405, 'training_batch_size': 6, 'training_p': 8}. Best is trial 22 with value: 0.17358186841011047.
Time for this trial:  357.25920724868774
Memory status after this trial: 
Memory allocated:  579.48681640625
Memory cached:  642.0
--------------------  Trial  28   --------------------
Start timing: 
Parameters: 
{'W_layers': 8, 'W_layer_units_exponent_0': 5, 'W_layer_units_exponent_1': 9, 'W_layer_units_exponent_2': 7, 'W_layer_units_exponent_3': 10, 'W_layer_units_exponent_4': 8, 'W_layer_units_exponent_5': 6, 'W_layer_units_exponent_6': 9, 'W_layer_units_exponent_7': 6, 'D_layers': 4, 'D_layer_units_exponent_0': 8, 'D_layer_units_exponent_1': 10, 'D_layer_units_exponent_2': 6, 'D_layer_units_exponent_3': 8, 'D_dagger_layers': 3, 'D_dagger_layer_units_exponent_0': 10, 'D_dagger_layer_units_exponent_1': 10, 'D_dagger_layer_units_exponent_2': 8, 'log_learning_rate': -4.996010829580615, 'log_learning_rate_D': -4.606899558494883, 'log_learning_rate_D_dagger': -4.1472141820937, 'training_batch_size': 7, 'training_p': 5}
	 epoch  0 training error:  tensor(1.0092, device='cuda:0', grad_fn=<DivBackward0>)
Memory status after this epoch: 
Memory allocated:  349.12744140625
Memory cached:  604.0
	 epoch  10 training error:  tensor(0.8757, device='cuda:0', grad_fn=<DivBackward0>)
Memory status after this epoch: 
Memory allocated:  349.12744140625
Memory cached:  604.0
	 epoch  20 training error:  tensor(0.8179, device='cuda:0', grad_fn=<DivBackward0>)
Memory status after this epoch: 
Memory allocated:  349.12744140625
Memory cached:  604.0
	 epoch  30 training error:  tensor(0.7775, device='cuda:0', grad_fn=<DivBackward0>)
Memory status after this epoch: 
Memory allocated:  349.12744140625
Memory cached:  604.0
	 epoch  40 training error:  tensor(0.7242, device='cuda:0', grad_fn=<DivBackward0>)
Memory status after this epoch: 
Memory allocated:  349.12744140625
Memory cached:  604.0
	 epoch  50 training error:  tensor(0.6732, device='cuda:0', grad_fn=<DivBackward0>)
Memory status after this epoch: 
Memory allocated:  349.12744140625
Memory cached:  604.0
	 epoch  60 training error:  tensor(0.6066, device='cuda:0', grad_fn=<DivBackward0>)
Memory status after this epoch: 
Memory allocated:  349.12744140625
Memory cached:  606.0
	 epoch  70 training error:  tensor(0.5447, device='cuda:0', grad_fn=<DivBackward0>)
Memory status after this epoch: 
Memory allocated:  349.12744140625
Memory cached:  604.0
	 epoch  80 training error:  tensor(0.4465, device='cuda:0', grad_fn=<DivBackward0>)
Memory status after this epoch: 
Memory allocated:  349.12744140625
Memory cached:  604.0
	 epoch  90 training error:  tensor(0.3906, device='cuda:0', grad_fn=<DivBackward0>)
Memory status after this epoch: 
Memory allocated:  349.12744140625
Memory cached:  604.0
[I 2023-12-07 00:33:46,154] Trial 28 finished with value: 0.23081350326538086 and parameters: {'W_layers': 8, 'W_layer_units_exponent_0': 5, 'W_layer_units_exponent_1': 9, 'W_layer_units_exponent_2': 7, 'W_layer_units_exponent_3': 10, 'W_layer_units_exponent_4': 8, 'W_layer_units_exponent_5': 6, 'W_layer_units_exponent_6': 9, 'W_layer_units_exponent_7': 6, 'D_layers': 4, 'D_layer_units_exponent_0': 8, 'D_layer_units_exponent_1': 10, 'D_layer_units_exponent_2': 6, 'D_layer_units_exponent_3': 8, 'D_dagger_layers': 3, 'D_dagger_layer_units_exponent_0': 10, 'D_dagger_layer_units_exponent_1': 10, 'D_dagger_layer_units_exponent_2': 8, 'log_learning_rate': -4.996010829580615, 'log_learning_rate_D': -4.606899558494883, 'log_learning_rate_D_dagger': -4.1472141820937, 'training_batch_size': 7, 'training_p': 5}. Best is trial 22 with value: 0.17358186841011047.
Time for this trial:  224.43508982658386
Memory status after this trial: 
Memory allocated:  674.1640625
Memory cached:  708.0
--------------------  Trial  29   --------------------
Start timing: 
Parameters: 
{'W_layers': 4, 'W_layer_units_exponent_0': 7, 'W_layer_units_exponent_1': 4, 'W_layer_units_exponent_2': 5, 'W_layer_units_exponent_3': 7, 'D_layers': 3, 'D_layer_units_exponent_0': 6, 'D_layer_units_exponent_1': 8, 'D_layer_units_exponent_2': 8, 'D_dagger_layers': 4, 'D_dagger_layer_units_exponent_0': 8, 'D_dagger_layer_units_exponent_1': 6, 'D_dagger_layer_units_exponent_2': 4, 'D_dagger_layer_units_exponent_3': 5, 'log_learning_rate': -3.8992168534527494, 'log_learning_rate_D': -3.260248124561925, 'log_learning_rate_D_dagger': -3.21514463794076, 'training_batch_size': 8, 'training_p': 3}
	 epoch  0 training error:  tensor(0.9965, device='cuda:0', grad_fn=<DivBackward0>)
Memory status after this epoch: 
Memory allocated:  316.89892578125
Memory cached:  602.0
	 epoch  10 training error:  tensor(0.9210, device='cuda:0', grad_fn=<DivBackward0>)
Memory status after this epoch: 
Memory allocated:  316.89892578125
Memory cached:  604.0
	 epoch  20 training error:  tensor(0.8124, device='cuda:0', grad_fn=<DivBackward0>)
Memory status after this epoch: 
Memory allocated:  316.89892578125
Memory cached:  604.0
	 epoch  30 training error:  tensor(0.7796, device='cuda:0', grad_fn=<DivBackward0>)
Memory status after this epoch: 
Memory allocated:  316.89892578125
Memory cached:  604.0
	 epoch  40 training error:  tensor(0.7003, device='cuda:0', grad_fn=<DivBackward0>)
Memory status after this epoch: 
Memory allocated:  316.89892578125
Memory cached:  604.0
	 epoch  50 training error:  tensor(0.5597, device='cuda:0', grad_fn=<DivBackward0>)
Memory status after this epoch: 
Memory allocated:  316.89892578125
Memory cached:  604.0
	 epoch  60 training error:  tensor(0.3968, device='cuda:0', grad_fn=<DivBackward0>)
Memory status after this epoch: 
Memory allocated:  316.89892578125
Memory cached:  604.0
	 epoch  70 training error:  tensor(0.3001, device='cuda:0', grad_fn=<DivBackward0>)
Memory status after this epoch: 
Memory allocated:  316.89892578125
Memory cached:  604.0
	 epoch  80 training error:  tensor(0.2914, device='cuda:0', grad_fn=<DivBackward0>)
Memory status after this epoch: 
Memory allocated:  316.89892578125
Memory cached:  604.0
	 epoch  90 training error:  tensor(0.2914, device='cuda:0', grad_fn=<DivBackward0>)
Memory status after this epoch: 
Memory allocated:  316.89892578125
Memory cached:  604.0
[I 2023-12-07 00:36:18,710] Trial 29 finished with value: 0.1472642719745636 and parameters: {'W_layers': 4, 'W_layer_units_exponent_0': 7, 'W_layer_units_exponent_1': 4, 'W_layer_units_exponent_2': 5, 'W_layer_units_exponent_3': 7, 'D_layers': 3, 'D_layer_units_exponent_0': 6, 'D_layer_units_exponent_1': 8, 'D_layer_units_exponent_2': 8, 'D_dagger_layers': 4, 'D_dagger_layer_units_exponent_0': 8, 'D_dagger_layer_units_exponent_1': 6, 'D_dagger_layer_units_exponent_2': 4, 'D_dagger_layer_units_exponent_3': 5, 'log_learning_rate': -3.8992168534527494, 'log_learning_rate_D': -3.260248124561925, 'log_learning_rate_D_dagger': -3.21514463794076, 'training_batch_size': 8, 'training_p': 3}. Best is trial 29 with value: 0.1472642719745636.
res:  tensor(0.1473, device='cuda:0', grad_fn=<DivBackward0>)
self.bestValue:  tensor(0.1736, device='cuda:0', grad_fn=<DivBackward0>)
Save this model!
Time for this trial:  152.33951139450073
Memory status after this trial: 
Memory allocated:  64.77197265625
Memory cached:  486.0
--------------------  Trial  30   --------------------
Start timing: 
Parameters: 
{'W_layers': 3, 'W_layer_units_exponent_0': 9, 'W_layer_units_exponent_1': 6, 'W_layer_units_exponent_2': 5, 'D_layers': 3, 'D_layer_units_exponent_0': 6, 'D_layer_units_exponent_1': 6, 'D_layer_units_exponent_2': 9, 'D_dagger_layers': 2, 'D_dagger_layer_units_exponent_0': 6, 'D_dagger_layer_units_exponent_1': 6, 'log_learning_rate': -3.775566402906284, 'log_learning_rate_D': -3.2136039798252303, 'log_learning_rate_D_dagger': -2.858058103857966, 'training_batch_size': 10, 'training_p': 2}
	 epoch  0 training error:  tensor(1.0361, device='cuda:0', grad_fn=<DivBackward0>)
Memory status after this epoch: 
Memory allocated:  66.01123046875
Memory cached:  470.0
	 epoch  10 training error:  tensor(0.8896, device='cuda:0', grad_fn=<DivBackward0>)
Memory status after this epoch: 
Memory allocated:  66.01123046875
Memory cached:  470.0
	 epoch  20 training error:  tensor(0.8235, device='cuda:0', grad_fn=<DivBackward0>)
Memory status after this epoch: 
Memory allocated:  66.01123046875
Memory cached:  470.0
	 epoch  30 training error:  tensor(0.7530, device='cuda:0', grad_fn=<DivBackward0>)
Memory status after this epoch: 
Memory allocated:  66.01123046875
Memory cached:  470.0
	 epoch  40 training error:  tensor(0.7189, device='cuda:0', grad_fn=<DivBackward0>)
Memory status after this epoch: 
Memory allocated:  66.01123046875
Memory cached:  470.0
	 epoch  50 training error:  tensor(0.6931, device='cuda:0', grad_fn=<DivBackward0>)
Memory status after this epoch: 
Memory allocated:  66.01123046875
Memory cached:  470.0
	 epoch  60 training error:  tensor(0.6658, device='cuda:0', grad_fn=<DivBackward0>)
Memory status after this epoch: 
Memory allocated:  66.01123046875
Memory cached:  470.0
	 epoch  70 training error:  tensor(0.6335, device='cuda:0', grad_fn=<DivBackward0>)
Memory status after this epoch: 
Memory allocated:  66.01123046875
Memory cached:  470.0
	 epoch  80 training error:  tensor(0.5874, device='cuda:0', grad_fn=<DivBackward0>)
Memory status after this epoch: 
Memory allocated:  66.01123046875
Memory cached:  470.0
	 epoch  90 training error:  tensor(0.5601, device='cuda:0', grad_fn=<DivBackward0>)
Memory status after this epoch: 
Memory allocated:  66.01123046875
Memory cached:  470.0
[I 2023-12-07 00:38:27,223] Trial 30 finished with value: 0.5031410455703735 and parameters: {'W_layers': 3, 'W_layer_units_exponent_0': 9, 'W_layer_units_exponent_1': 6, 'W_layer_units_exponent_2': 5, 'D_layers': 3, 'D_layer_units_exponent_0': 6, 'D_layer_units_exponent_1': 6, 'D_layer_units_exponent_2': 9, 'D_dagger_layers': 2, 'D_dagger_layer_units_exponent_0': 6, 'D_dagger_layer_units_exponent_1': 6, 'log_learning_rate': -3.775566402906284, 'log_learning_rate_D': -3.2136039798252303, 'log_learning_rate_D_dagger': -2.858058103857966, 'training_batch_size': 10, 'training_p': 2}. Best is trial 29 with value: 0.1472642719745636.
Time for this trial:  128.3138027191162
Memory status after this trial: 
Memory allocated:  134.2451171875
Memory cached:  470.0
--------------------  Trial  31   --------------------
Start timing: 
Parameters: 
{'W_layers': 4, 'W_layer_units_exponent_0': 7, 'W_layer_units_exponent_1': 4, 'W_layer_units_exponent_2': 4, 'W_layer_units_exponent_3': 7, 'D_layers': 3, 'D_layer_units_exponent_0': 6, 'D_layer_units_exponent_1': 9, 'D_layer_units_exponent_2': 8, 'D_dagger_layers': 4, 'D_dagger_layer_units_exponent_0': 8, 'D_dagger_layer_units_exponent_1': 7, 'D_dagger_layer_units_exponent_2': 4, 'D_dagger_layer_units_exponent_3': 5, 'log_learning_rate': -4.1042745424543225, 'log_learning_rate_D': -3.790389827919072, 'log_learning_rate_D_dagger': -3.2213896528327757, 'training_batch_size': 8, 'training_p': 3}
	 epoch  0 training error:  tensor(1.0434, device='cuda:0', grad_fn=<DivBackward0>)
Memory status after this epoch: 
Memory allocated:  67.96044921875
Memory cached:  470.0
	 epoch  10 training error:  tensor(0.8982, device='cuda:0', grad_fn=<DivBackward0>)
Memory status after this epoch: 
Memory allocated:  67.96044921875
Memory cached:  470.0
	 epoch  20 training error:  tensor(0.8049, device='cuda:0', grad_fn=<DivBackward0>)
Memory status after this epoch: 
Memory allocated:  67.96044921875
Memory cached:  470.0
	 epoch  30 training error:  tensor(0.7864, device='cuda:0', grad_fn=<DivBackward0>)
Memory status after this epoch: 
Memory allocated:  67.96044921875
Memory cached:  470.0
	 epoch  40 training error:  tensor(0.7372, device='cuda:0', grad_fn=<DivBackward0>)
Memory status after this epoch: 
Memory allocated:  67.96044921875
Memory cached:  470.0
	 epoch  50 training error:  tensor(0.6241, device='cuda:0', grad_fn=<DivBackward0>)
Memory status after this epoch: 
Memory allocated:  67.96044921875
Memory cached:  470.0
	 epoch  60 training error:  tensor(0.4541, device='cuda:0', grad_fn=<DivBackward0>)
Memory status after this epoch: 
Memory allocated:  67.96044921875
Memory cached:  470.0
	 epoch  70 training error:  tensor(0.3550, device='cuda:0', grad_fn=<DivBackward0>)
Memory status after this epoch: 
Memory allocated:  67.96044921875
Memory cached:  470.0
	 epoch  80 training error:  tensor(0.3398, device='cuda:0', grad_fn=<DivBackward0>)
Memory status after this epoch: 
Memory allocated:  67.96044921875
Memory cached:  470.0
	 epoch  90 training error:  tensor(0.3141, device='cuda:0', grad_fn=<DivBackward0>)
Memory status after this epoch: 
Memory allocated:  67.96044921875
Memory cached:  470.0
[I 2023-12-07 00:40:58,715] Trial 31 finished with value: 0.15836511552333832 and parameters: {'W_layers': 4, 'W_layer_units_exponent_0': 7, 'W_layer_units_exponent_1': 4, 'W_layer_units_exponent_2': 4, 'W_layer_units_exponent_3': 7, 'D_layers': 3, 'D_layer_units_exponent_0': 6, 'D_layer_units_exponent_1': 9, 'D_layer_units_exponent_2': 8, 'D_dagger_layers': 4, 'D_dagger_layer_units_exponent_0': 8, 'D_dagger_layer_units_exponent_1': 7, 'D_dagger_layer_units_exponent_2': 4, 'D_dagger_layer_units_exponent_3': 5, 'log_learning_rate': -4.1042745424543225, 'log_learning_rate_D': -3.790389827919072, 'log_learning_rate_D_dagger': -3.2213896528327757, 'training_batch_size': 8, 'training_p': 3}. Best is trial 29 with value: 0.1472642719745636.
Time for this trial:  151.2754180431366
Memory status after this trial: 
Memory allocated:  146.474609375
Memory cached:  470.0
--------------------  Trial  32   --------------------
Start timing: 
Parameters: 
{'W_layers': 4, 'W_layer_units_exponent_0': 8, 'W_layer_units_exponent_1': 4, 'W_layer_units_exponent_2': 4, 'W_layer_units_exponent_3': 7, 'D_layers': 2, 'D_layer_units_exponent_0': 6, 'D_layer_units_exponent_1': 8, 'D_dagger_layers': 4, 'D_dagger_layer_units_exponent_0': 7, 'D_dagger_layer_units_exponent_1': 7, 'D_dagger_layer_units_exponent_2': 5, 'D_dagger_layer_units_exponent_3': 5, 'log_learning_rate': -3.903350900758962, 'log_learning_rate_D': -3.2318556835638512, 'log_learning_rate_D_dagger': -3.2903045689589074, 'training_batch_size': 8, 'training_p': 3}
	 epoch  0 training error:  tensor(0.9881, device='cuda:0', grad_fn=<DivBackward0>)
Memory status after this epoch: 
Memory allocated:  65.52099609375
Memory cached:  470.0
	 epoch  10 training error:  tensor(0.9312, device='cuda:0', grad_fn=<DivBackward0>)
Memory status after this epoch: 
Memory allocated:  65.52099609375
Memory cached:  470.0
	 epoch  20 training error:  tensor(0.8459, device='cuda:0', grad_fn=<DivBackward0>)
Memory status after this epoch: 
Memory allocated:  65.52099609375
Memory cached:  470.0
	 epoch  30 training error:  tensor(0.7502, device='cuda:0', grad_fn=<DivBackward0>)
Memory status after this epoch: 
Memory allocated:  65.52099609375
Memory cached:  470.0
	 epoch  40 training error:  tensor(0.6858, device='cuda:0', grad_fn=<DivBackward0>)
Memory status after this epoch: 
Memory allocated:  65.52099609375
Memory cached:  470.0
	 epoch  50 training error:  tensor(0.6174, device='cuda:0', grad_fn=<DivBackward0>)
Memory status after this epoch: 
Memory allocated:  65.52099609375
Memory cached:  470.0
	 epoch  60 training error:  tensor(0.4808, device='cuda:0', grad_fn=<DivBackward0>)
Memory status after this epoch: 
Memory allocated:  65.52099609375
Memory cached:  470.0
	 epoch  70 training error:  tensor(0.3881, device='cuda:0', grad_fn=<DivBackward0>)
Memory status after this epoch: 
Memory allocated:  65.52099609375
Memory cached:  470.0
	 epoch  80 training error:  tensor(0.3437, device='cuda:0', grad_fn=<DivBackward0>)
Memory status after this epoch: 
Memory allocated:  65.52099609375
Memory cached:  470.0
	 epoch  90 training error:  tensor(0.3342, device='cuda:0', grad_fn=<DivBackward0>)
Memory status after this epoch: 
Memory allocated:  65.52099609375
Memory cached:  470.0
[I 2023-12-07 00:43:21,885] Trial 32 finished with value: 0.22001318633556366 and parameters: {'W_layers': 4, 'W_layer_units_exponent_0': 8, 'W_layer_units_exponent_1': 4, 'W_layer_units_exponent_2': 4, 'W_layer_units_exponent_3': 7, 'D_layers': 2, 'D_layer_units_exponent_0': 6, 'D_layer_units_exponent_1': 8, 'D_dagger_layers': 4, 'D_dagger_layer_units_exponent_0': 7, 'D_dagger_layer_units_exponent_1': 7, 'D_dagger_layer_units_exponent_2': 5, 'D_dagger_layer_units_exponent_3': 5, 'log_learning_rate': -3.903350900758962, 'log_learning_rate_D': -3.2318556835638512, 'log_learning_rate_D_dagger': -3.2903045689589074, 'training_batch_size': 8, 'training_p': 3}. Best is trial 29 with value: 0.1472642719745636.
Time for this trial:  142.9552881717682
Memory status after this trial: 
Memory allocated:  118.8681640625
Memory cached:  470.0
--------------------  Trial  33   --------------------
Start timing: 
Parameters: 
{'W_layers': 3, 'W_layer_units_exponent_0': 6, 'W_layer_units_exponent_1': 4, 'W_layer_units_exponent_2': 4, 'D_layers': 3, 'D_layer_units_exponent_0': 5, 'D_layer_units_exponent_1': 8, 'D_layer_units_exponent_2': 8, 'D_dagger_layers': 5, 'D_dagger_layer_units_exponent_0': 8, 'D_dagger_layer_units_exponent_1': 5, 'D_dagger_layer_units_exponent_2': 4, 'D_dagger_layer_units_exponent_3': 6, 'D_dagger_layer_units_exponent_4': 8, 'log_learning_rate': -4.111615398768471, 'log_learning_rate_D': -3.9068115255376195, 'log_learning_rate_D_dagger': -3.063762708448656, 'training_batch_size': 8, 'training_p': 3}
	 epoch  0 training error:  tensor(0.9798, device='cuda:0', grad_fn=<DivBackward0>)
Memory status after this epoch: 
Memory allocated:  66.39794921875
Memory cached:  470.0
	 epoch  10 training error:  tensor(0.8298, device='cuda:0', grad_fn=<DivBackward0>)
Memory status after this epoch: 
Memory allocated:  66.39794921875
Memory cached:  470.0
	 epoch  20 training error:  tensor(0.7720, device='cuda:0', grad_fn=<DivBackward0>)
Memory status after this epoch: 
Memory allocated:  66.39794921875
Memory cached:  470.0
	 epoch  30 training error:  tensor(0.7117, device='cuda:0', grad_fn=<DivBackward0>)
Memory status after this epoch: 
Memory allocated:  66.39794921875
Memory cached:  470.0
	 epoch  40 training error:  tensor(0.5691, device='cuda:0', grad_fn=<DivBackward0>)
Memory status after this epoch: 
Memory allocated:  66.39794921875
Memory cached:  470.0
	 epoch  50 training error:  tensor(0.4719, device='cuda:0', grad_fn=<DivBackward0>)
Memory status after this epoch: 
Memory allocated:  66.39794921875
Memory cached:  470.0
	 epoch  60 training error:  tensor(0.3632, device='cuda:0', grad_fn=<DivBackward0>)
Memory status after this epoch: 
Memory allocated:  66.39794921875
Memory cached:  470.0
	 epoch  70 training error:  tensor(0.3466, device='cuda:0', grad_fn=<DivBackward0>)
Memory status after this epoch: 
Memory allocated:  66.39794921875
Memory cached:  470.0
	 epoch  80 training error:  tensor(0.3307, device='cuda:0', grad_fn=<DivBackward0>)
Memory status after this epoch: 
Memory allocated:  66.39794921875
Memory cached:  470.0
	 epoch  90 training error:  tensor(0.3195, device='cuda:0', grad_fn=<DivBackward0>)
Memory status after this epoch: 
Memory allocated:  66.39794921875
Memory cached:  470.0
