[I 2024-01-13 08:06:02,078] Trial 110 finished with value: 0.08773764222860336 and parameters: {'W_layers': 7, 'W_layer_units_exponent_0': 7, 'W_layer_units_exponent_1': 10, 'W_layer_units_exponent_2': 7, 'W_layer_units_exponent_3': 6, 'W_layer_units_exponent_4': 6, 'W_layer_units_exponent_5': 9, 'W_layer_units_exponent_6': 5, 'D_layers': 2, 'D_layer_units_exponent_0': 10, 'D_layer_units_exponent_1': 7, 'D_dagger_layers': 8, 'D_dagger_layer_units_exponent_0': 6, 'D_dagger_layer_units_exponent_1': 8, 'D_dagger_layer_units_exponent_2': 6, 'D_dagger_layer_units_exponent_3': 8, 'D_dagger_layer_units_exponent_4': 10, 'D_dagger_layer_units_exponent_5': 10, 'D_dagger_layer_units_exponent_6': 9, 'D_dagger_layer_units_exponent_7': 9, 'log_learning_rate': -2.1720436966650984, 'log_learning_rate_D': -4.423143685829854, 'log_learning_rate_D_dagger': -4.50882992378467, 'training_batch_size': 6, 'training_p': 2}. Best is trial 49 with value: 0.07665807753801346.
Time for this trial:  575.1035823822021
Memory status after this trial: 
Memory allocated:  1510.5869140625
Memory cached:  1542.0
--------------------  Trial  111   --------------------
Start timing: 
Parameters: 
{'W_layers': 7, 'W_layer_units_exponent_0': 10, 'W_layer_units_exponent_1': 10, 'W_layer_units_exponent_2': 8, 'W_layer_units_exponent_3': 5, 'W_layer_units_exponent_4': 5, 'W_layer_units_exponent_5': 9, 'W_layer_units_exponent_6': 5, 'D_layers': 3, 'D_layer_units_exponent_0': 10, 'D_layer_units_exponent_1': 6, 'D_layer_units_exponent_2': 9, 'D_dagger_layers': 7, 'D_dagger_layer_units_exponent_0': 6, 'D_dagger_layer_units_exponent_1': 7, 'D_dagger_layer_units_exponent_2': 8, 'D_dagger_layer_units_exponent_3': 9, 'D_dagger_layer_units_exponent_4': 10, 'D_dagger_layer_units_exponent_5': 10, 'D_dagger_layer_units_exponent_6': 10, 'log_learning_rate': -3.0769196096304174, 'log_learning_rate_D': -3.516709234860332, 'log_learning_rate_D_dagger': -4.8384624262281415, 'training_batch_size': 6, 'training_p': 8}
	 epoch  0 training error:  tensor(0.8951, device='cuda:0', grad_fn=<DivBackward0>)
Memory status after this epoch: 
Memory allocated:  838.7294921875
Memory cached:  1332.0
	 epoch  10 training error:  tensor(0.4739, device='cuda:0', grad_fn=<DivBackward0>)
Memory status after this epoch: 
Memory allocated:  838.7294921875
Memory cached:  1360.0
	 epoch  20 training error:  tensor(0.2247, device='cuda:0', grad_fn=<DivBackward0>)
Memory status after this epoch: 
Memory allocated:  838.7294921875
Memory cached:  1368.0
	 epoch  30 training error:  tensor(0.1940, device='cuda:0', grad_fn=<DivBackward0>)
Memory status after this epoch: 
Memory allocated:  838.7294921875
Memory cached:  1360.0
	 epoch  40 training error:  tensor(0.1784, device='cuda:0', grad_fn=<DivBackward0>)
Memory status after this epoch: 
Memory allocated:  838.7294921875
Memory cached:  1368.0
	 epoch  50 training error:  tensor(0.1670, device='cuda:0', grad_fn=<DivBackward0>)
Memory status after this epoch: 
Memory allocated:  838.7294921875
Memory cached:  1358.0
	 epoch  60 training error:  tensor(0.1560, device='cuda:0', grad_fn=<DivBackward0>)
Memory status after this epoch: 
Memory allocated:  838.7294921875
Memory cached:  1356.0
	 epoch  70 training error:  tensor(0.1433, device='cuda:0', grad_fn=<DivBackward0>)
Memory status after this epoch: 
Memory allocated:  838.7294921875
Memory cached:  1360.0
	 epoch  80 training error:  tensor(0.1293, device='cuda:0', grad_fn=<DivBackward0>)
Memory status after this epoch: 
Memory allocated:  838.7294921875
Memory cached:  1364.0
	 epoch  90 training error:  tensor(0.1220, device='cuda:0', grad_fn=<DivBackward0>)
Memory status after this epoch: 
Memory allocated:  838.7294921875
Memory cached:  1360.0
[I 2024-01-13 08:15:48,655] Trial 111 finished with value: 0.08745668083429337 and parameters: {'W_layers': 7, 'W_layer_units_exponent_0': 10, 'W_layer_units_exponent_1': 10, 'W_layer_units_exponent_2': 8, 'W_layer_units_exponent_3': 5, 'W_layer_units_exponent_4': 5, 'W_layer_units_exponent_5': 9, 'W_layer_units_exponent_6': 5, 'D_layers': 3, 'D_layer_units_exponent_0': 10, 'D_layer_units_exponent_1': 6, 'D_layer_units_exponent_2': 9, 'D_dagger_layers': 7, 'D_dagger_layer_units_exponent_0': 6, 'D_dagger_layer_units_exponent_1': 7, 'D_dagger_layer_units_exponent_2': 8, 'D_dagger_layer_units_exponent_3': 9, 'D_dagger_layer_units_exponent_4': 10, 'D_dagger_layer_units_exponent_5': 10, 'D_dagger_layer_units_exponent_6': 10, 'log_learning_rate': -3.0769196096304174, 'log_learning_rate_D': -3.516709234860332, 'log_learning_rate_D_dagger': -4.8384624262281415, 'training_batch_size': 6, 'training_p': 8}. Best is trial 49 with value: 0.07665807753801346.
Time for this trial:  585.9498236179352
Memory status after this trial: 
Memory allocated:  1693.6318359375
Memory cached:  1726.0
--------------------  Trial  112   --------------------
Start timing: 
Parameters: 
{'W_layers': 7, 'W_layer_units_exponent_0': 10, 'W_layer_units_exponent_1': 10, 'W_layer_units_exponent_2': 8, 'W_layer_units_exponent_3': 5, 'W_layer_units_exponent_4': 5, 'W_layer_units_exponent_5': 9, 'W_layer_units_exponent_6': 5, 'D_layers': 4, 'D_layer_units_exponent_0': 10, 'D_layer_units_exponent_1': 6, 'D_layer_units_exponent_2': 9, 'D_layer_units_exponent_3': 5, 'D_dagger_layers': 7, 'D_dagger_layer_units_exponent_0': 6, 'D_dagger_layer_units_exponent_1': 7, 'D_dagger_layer_units_exponent_2': 8, 'D_dagger_layer_units_exponent_3': 9, 'D_dagger_layer_units_exponent_4': 10, 'D_dagger_layer_units_exponent_5': 10, 'D_dagger_layer_units_exponent_6': 10, 'log_learning_rate': -3.012939692031533, 'log_learning_rate_D': -3.6924695377744996, 'log_learning_rate_D_dagger': -4.772026384072201, 'training_batch_size': 6, 'training_p': 7}
	 epoch  0 training error:  tensor(0.9395, device='cuda:0', grad_fn=<DivBackward0>)
Memory status after this epoch: 
Memory allocated:  838.9755859375
Memory cached:  1326.0
	 epoch  10 training error:  tensor(0.4306, device='cuda:0', grad_fn=<DivBackward0>)
Memory status after this epoch: 
Memory allocated:  838.9755859375
Memory cached:  1350.0
	 epoch  20 training error:  tensor(0.1809, device='cuda:0', grad_fn=<DivBackward0>)
Memory status after this epoch: 
Memory allocated:  838.9755859375
Memory cached:  1356.0
	 epoch  30 training error:  tensor(0.1733, device='cuda:0', grad_fn=<DivBackward0>)
Memory status after this epoch: 
Memory allocated:  838.9755859375
Memory cached:  1362.0
	 epoch  40 training error:  tensor(0.1580, device='cuda:0', grad_fn=<DivBackward0>)
Memory status after this epoch: 
Memory allocated:  838.9755859375
Memory cached:  1364.0
	 epoch  50 training error:  tensor(0.1471, device='cuda:0', grad_fn=<DivBackward0>)
Memory status after this epoch: 
Memory allocated:  838.9755859375
Memory cached:  1362.0
	 epoch  60 training error:  tensor(0.1340, device='cuda:0', grad_fn=<DivBackward0>)
Memory status after this epoch: 
Memory allocated:  838.9755859375
Memory cached:  1360.0
	 epoch  70 training error:  tensor(0.1210, device='cuda:0', grad_fn=<DivBackward0>)
Memory status after this epoch: 
Memory allocated:  838.9755859375
Memory cached:  1354.0
	 epoch  80 training error:  tensor(0.1133, device='cuda:0', grad_fn=<DivBackward0>)
Memory status after this epoch: 
Memory allocated:  838.9755859375
Memory cached:  1368.0
	 epoch  90 training error:  tensor(0.1077, device='cuda:0', grad_fn=<DivBackward0>)
Memory status after this epoch: 
Memory allocated:  838.9755859375
Memory cached:  1368.0
[I 2024-01-13 08:26:00,134] Trial 112 finished with value: 0.07994495332241058 and parameters: {'W_layers': 7, 'W_layer_units_exponent_0': 10, 'W_layer_units_exponent_1': 10, 'W_layer_units_exponent_2': 8, 'W_layer_units_exponent_3': 5, 'W_layer_units_exponent_4': 5, 'W_layer_units_exponent_5': 9, 'W_layer_units_exponent_6': 5, 'D_layers': 4, 'D_layer_units_exponent_0': 10, 'D_layer_units_exponent_1': 6, 'D_layer_units_exponent_2': 9, 'D_layer_units_exponent_3': 5, 'D_dagger_layers': 7, 'D_dagger_layer_units_exponent_0': 6, 'D_dagger_layer_units_exponent_1': 7, 'D_dagger_layer_units_exponent_2': 8, 'D_dagger_layer_units_exponent_3': 9, 'D_dagger_layer_units_exponent_4': 10, 'D_dagger_layer_units_exponent_5': 10, 'D_dagger_layer_units_exponent_6': 10, 'log_learning_rate': -3.012939692031533, 'log_learning_rate_D': -3.6924695377744996, 'log_learning_rate_D_dagger': -4.772026384072201, 'training_batch_size': 6, 'training_p': 7}. Best is trial 49 with value: 0.07665807753801346.
Time for this trial:  610.865243434906
Memory status after this trial: 
Memory allocated:  1704.3896484375
Memory cached:  1736.0
--------------------  Trial  113   --------------------
Start timing: 
Parameters: 
{'W_layers': 6, 'W_layer_units_exponent_0': 10, 'W_layer_units_exponent_1': 10, 'W_layer_units_exponent_2': 4, 'W_layer_units_exponent_3': 5, 'W_layer_units_exponent_4': 5, 'W_layer_units_exponent_5': 9, 'D_layers': 5, 'D_layer_units_exponent_0': 10, 'D_layer_units_exponent_1': 6, 'D_layer_units_exponent_2': 9, 'D_layer_units_exponent_3': 5, 'D_layer_units_exponent_4': 6, 'D_dagger_layers': 7, 'D_dagger_layer_units_exponent_0': 6, 'D_dagger_layer_units_exponent_1': 7, 'D_dagger_layer_units_exponent_2': 8, 'D_dagger_layer_units_exponent_3': 9, 'D_dagger_layer_units_exponent_4': 10, 'D_dagger_layer_units_exponent_5': 6, 'D_dagger_layer_units_exponent_6': 10, 'log_learning_rate': -2.923498240441655, 'log_learning_rate_D': -3.7001162740296873, 'log_learning_rate_D_dagger': -4.43175700328561, 'training_batch_size': 6, 'training_p': 7}
	 epoch  0 training error:  tensor(0.9433, device='cuda:0', grad_fn=<DivBackward0>)
Memory status after this epoch: 
Memory allocated:  804.8798828125
Memory cached:  1290.0
	 epoch  10 training error:  tensor(0.4060, device='cuda:0', grad_fn=<DivBackward0>)
Memory status after this epoch: 
Memory allocated:  804.8798828125
Memory cached:  1314.0
	 epoch  20 training error:  tensor(0.1776, device='cuda:0', grad_fn=<DivBackward0>)
Memory status after this epoch: 
Memory allocated:  804.8798828125
Memory cached:  1318.0
	 epoch  30 training error:  tensor(0.1627, device='cuda:0', grad_fn=<DivBackward0>)
Memory status after this epoch: 
Memory allocated:  804.8798828125
Memory cached:  1312.0
	 epoch  40 training error:  tensor(0.1550, device='cuda:0', grad_fn=<DivBackward0>)
Memory status after this epoch: 
Memory allocated:  804.8798828125
Memory cached:  1318.0
	 epoch  50 training error:  tensor(0.1473, device='cuda:0', grad_fn=<DivBackward0>)
Memory status after this epoch: 
Memory allocated:  804.8798828125
Memory cached:  1316.0
	 epoch  60 training error:  tensor(0.1247, device='cuda:0', grad_fn=<DivBackward0>)
Memory status after this epoch: 
Memory allocated:  804.8798828125
Memory cached:  1314.0
	 epoch  70 training error:  tensor(0.1084, device='cuda:0', grad_fn=<DivBackward0>)
Memory status after this epoch: 
Memory allocated:  804.8798828125
Memory cached:  1312.0
	 epoch  80 training error:  tensor(0.1093, device='cuda:0', grad_fn=<DivBackward0>)
Memory status after this epoch: 
Memory allocated:  804.8798828125
Memory cached:  1310.0
	 epoch  90 training error:  tensor(0.1123, device='cuda:0', grad_fn=<DivBackward0>)
Memory status after this epoch: 
Memory allocated:  804.8798828125
Memory cached:  1308.0
[I 2024-01-13 08:36:01,122] Trial 113 finished with value: 0.08948930352926254 and parameters: {'W_layers': 6, 'W_layer_units_exponent_0': 10, 'W_layer_units_exponent_1': 10, 'W_layer_units_exponent_2': 4, 'W_layer_units_exponent_3': 5, 'W_layer_units_exponent_4': 5, 'W_layer_units_exponent_5': 9, 'D_layers': 5, 'D_layer_units_exponent_0': 10, 'D_layer_units_exponent_1': 6, 'D_layer_units_exponent_2': 9, 'D_layer_units_exponent_3': 5, 'D_layer_units_exponent_4': 6, 'D_dagger_layers': 7, 'D_dagger_layer_units_exponent_0': 6, 'D_dagger_layer_units_exponent_1': 7, 'D_dagger_layer_units_exponent_2': 8, 'D_dagger_layer_units_exponent_3': 9, 'D_dagger_layer_units_exponent_4': 10, 'D_dagger_layer_units_exponent_5': 6, 'D_dagger_layer_units_exponent_6': 10, 'log_learning_rate': -2.923498240441655, 'log_learning_rate_D': -3.7001162740296873, 'log_learning_rate_D_dagger': -4.43175700328561, 'training_batch_size': 6, 'training_p': 7}. Best is trial 49 with value: 0.07665807753801346.
Time for this trial:  600.3856608867645
Memory status after this trial: 
Memory allocated:  1554.7099609375
Memory cached:  1580.0
--------------------  Trial  114   --------------------
Start timing: 
Parameters: 
{'W_layers': 7, 'W_layer_units_exponent_0': 9, 'W_layer_units_exponent_1': 9, 'W_layer_units_exponent_2': 9, 'W_layer_units_exponent_3': 4, 'W_layer_units_exponent_4': 5, 'W_layer_units_exponent_5': 8, 'W_layer_units_exponent_6': 6, 'D_layers': 4, 'D_layer_units_exponent_0': 10, 'D_layer_units_exponent_1': 6, 'D_layer_units_exponent_2': 9, 'D_layer_units_exponent_3': 6, 'D_dagger_layers': 7, 'D_dagger_layer_units_exponent_0': 6, 'D_dagger_layer_units_exponent_1': 7, 'D_dagger_layer_units_exponent_2': 9, 'D_dagger_layer_units_exponent_3': 9, 'D_dagger_layer_units_exponent_4': 10, 'D_dagger_layer_units_exponent_5': 5, 'D_dagger_layer_units_exponent_6': 10, 'log_learning_rate': -2.802834481792312, 'log_learning_rate_D': -3.89873700866309, 'log_learning_rate_D_dagger': -4.6722093257713055, 'training_batch_size': 6, 'training_p': 5}
	 epoch  0 training error:  tensor(0.9292, device='cuda:0', grad_fn=<DivBackward0>)
Memory status after this epoch: 
Memory allocated:  798.5595703125
Memory cached:  1300.0
	 epoch  10 training error:  tensor(0.5627, device='cuda:0', grad_fn=<DivBackward0>)
Memory status after this epoch: 
Memory allocated:  798.5595703125
Memory cached:  1306.0
	 epoch  20 training error:  tensor(0.1833, device='cuda:0', grad_fn=<DivBackward0>)
Memory status after this epoch: 
Memory allocated:  798.5595703125
Memory cached:  1304.0
	 epoch  30 training error:  tensor(0.1691, device='cuda:0', grad_fn=<DivBackward0>)
Memory status after this epoch: 
Memory allocated:  798.5595703125
Memory cached:  1304.0
	 epoch  40 training error:  tensor(0.1595, device='cuda:0', grad_fn=<DivBackward0>)
Memory status after this epoch: 
Memory allocated:  798.5595703125
Memory cached:  1296.0
	 epoch  50 training error:  tensor(0.1522, device='cuda:0', grad_fn=<DivBackward0>)
Memory status after this epoch: 
Memory allocated:  798.5595703125
Memory cached:  1292.0
	 epoch  60 training error:  tensor(0.1450, device='cuda:0', grad_fn=<DivBackward0>)
Memory status after this epoch: 
Memory allocated:  798.5595703125
Memory cached:  1300.0
	 epoch  70 training error:  tensor(0.1373, device='cuda:0', grad_fn=<DivBackward0>)
Memory status after this epoch: 
Memory allocated:  798.5595703125
Memory cached:  1304.0
	 epoch  80 training error:  tensor(0.1322, device='cuda:0', grad_fn=<DivBackward0>)
Memory status after this epoch: 
Memory allocated:  798.5595703125
Memory cached:  1300.0
	 epoch  90 training error:  tensor(0.1215, device='cuda:0', grad_fn=<DivBackward0>)
Memory status after this epoch: 
Memory allocated:  798.5595703125
Memory cached:  1302.0
[I 2024-01-13 08:45:57,092] Trial 114 finished with value: 0.09643612056970596 and parameters: {'W_layers': 7, 'W_layer_units_exponent_0': 9, 'W_layer_units_exponent_1': 9, 'W_layer_units_exponent_2': 9, 'W_layer_units_exponent_3': 4, 'W_layer_units_exponent_4': 5, 'W_layer_units_exponent_5': 8, 'W_layer_units_exponent_6': 6, 'D_layers': 4, 'D_layer_units_exponent_0': 10, 'D_layer_units_exponent_1': 6, 'D_layer_units_exponent_2': 9, 'D_layer_units_exponent_3': 6, 'D_dagger_layers': 7, 'D_dagger_layer_units_exponent_0': 6, 'D_dagger_layer_units_exponent_1': 7, 'D_dagger_layer_units_exponent_2': 9, 'D_dagger_layer_units_exponent_3': 9, 'D_dagger_layer_units_exponent_4': 10, 'D_dagger_layer_units_exponent_5': 5, 'D_dagger_layer_units_exponent_6': 10, 'log_learning_rate': -2.802834481792312, 'log_learning_rate_D': -3.89873700866309, 'log_learning_rate_D_dagger': -4.6722093257713055, 'training_batch_size': 6, 'training_p': 5}. Best is trial 49 with value: 0.07665807753801346.
Time for this trial:  595.391713142395
Memory status after this trial: 
Memory allocated:  1500.314453125
Memory cached:  1538.0
--------------------  Trial  115   --------------------
Start timing: 
Parameters: 
{'W_layers': 7, 'W_layer_units_exponent_0': 10, 'W_layer_units_exponent_1': 10, 'W_layer_units_exponent_2': 8, 'W_layer_units_exponent_3': 5, 'W_layer_units_exponent_4': 5, 'W_layer_units_exponent_5': 9, 'W_layer_units_exponent_6': 5, 'D_layers': 4, 'D_layer_units_exponent_0': 10, 'D_layer_units_exponent_1': 6, 'D_layer_units_exponent_2': 9, 'D_layer_units_exponent_3': 4, 'D_dagger_layers': 7, 'D_dagger_layer_units_exponent_0': 6, 'D_dagger_layer_units_exponent_1': 7, 'D_dagger_layer_units_exponent_2': 7, 'D_dagger_layer_units_exponent_3': 7, 'D_dagger_layer_units_exponent_4': 9, 'D_dagger_layer_units_exponent_5': 10, 'D_dagger_layer_units_exponent_6': 8, 'log_learning_rate': -2.295614775929279, 'log_learning_rate_D': -3.5922960455270645, 'log_learning_rate_D_dagger': -4.854207304273413, 'training_batch_size': 6, 'training_p': 7}
	 epoch  0 training error:  tensor(3.0569, device='cuda:0', grad_fn=<DivBackward0>)
Memory status after this epoch: 
Memory allocated:  809.8115234375
Memory cached:  1302.0
	 epoch  10 training error:  tensor(0.7302, device='cuda:0', grad_fn=<DivBackward0>)
Memory status after this epoch: 
Memory allocated:  809.8115234375
Memory cached:  1310.0
	 epoch  20 training error:  tensor(0.5478, device='cuda:0', grad_fn=<DivBackward0>)
Memory status after this epoch: 
Memory allocated:  809.8115234375
Memory cached:  1310.0
	 epoch  30 training error:  tensor(0.3168, device='cuda:0', grad_fn=<DivBackward0>)
Memory status after this epoch: 
Memory allocated:  809.8115234375
Memory cached:  1308.0
	 epoch  40 training error:  tensor(0.1954, device='cuda:0', grad_fn=<DivBackward0>)
Memory status after this epoch: 
Memory allocated:  809.8115234375
Memory cached:  1312.0
	 epoch  50 training error:  tensor(0.1768, device='cuda:0', grad_fn=<DivBackward0>)
Memory status after this epoch: 
Memory allocated:  809.8115234375
Memory cached:  1310.0
	 epoch  60 training error:  tensor(0.1649, device='cuda:0', grad_fn=<DivBackward0>)
Memory status after this epoch: 
Memory allocated:  809.8115234375
Memory cached:  1306.0
	 epoch  70 training error:  tensor(0.1462, device='cuda:0', grad_fn=<DivBackward0>)
Memory status after this epoch: 
Memory allocated:  809.8115234375
Memory cached:  1308.0
	 epoch  80 training error:  tensor(0.1402, device='cuda:0', grad_fn=<DivBackward0>)
Memory status after this epoch: 
Memory allocated:  809.8115234375
Memory cached:  1304.0
	 epoch  90 training error:  tensor(0.1352, device='cuda:0', grad_fn=<DivBackward0>)
Memory status after this epoch: 
Memory allocated:  809.8115234375
Memory cached:  1308.0
