[I 2023-12-03 00:28:39,819] Trial 45 finished with value: 0.030881209298968315 and parameters: {'W_layers': 5, 'W_layer_units_exponent_0': 8, 'W_layer_units_exponent_1': 9, 'W_layer_units_exponent_2': 4, 'W_layer_units_exponent_3': 5, 'W_layer_units_exponent_4': 6, 'D_layers': 6, 'D_layer_units_exponent_0': 6, 'D_layer_units_exponent_1': 7, 'D_layer_units_exponent_2': 6, 'D_layer_units_exponent_3': 8, 'D_layer_units_exponent_4': 4, 'D_layer_units_exponent_5': 6, 'log_learning_rate': -2.737325851001305, 'log_learning_rate_D': -3.013042641863022, 'training_batch_size': 8, 'training_p': 7}. Best is trial 36 with value: 0.02776537649333477.
Time for this trial:  46.69017219543457
Memory status after this trial: 
Memory allocated:  79.92578125
Memory cached:  118.0
--------------------  Trial  46   --------------------
Start timing: 
Parameters: 
{'W_layers': 4, 'W_layer_units_exponent_0': 9, 'W_layer_units_exponent_1': 8, 'W_layer_units_exponent_2': 5, 'W_layer_units_exponent_3': 4, 'D_layers': 6, 'D_layer_units_exponent_0': 6, 'D_layer_units_exponent_1': 7, 'D_layer_units_exponent_2': 6, 'D_layer_units_exponent_3': 8, 'D_layer_units_exponent_4': 4, 'D_layer_units_exponent_5': 6, 'log_learning_rate': -2.7460701959515403, 'log_learning_rate_D': -3.0724451766112266, 'training_batch_size': 8, 'training_p': 6}
	 epoch  0 training error:  tensor(0.3100, device='cuda:0', grad_fn=<DivBackward0>)
Memory status after this epoch: 
Memory allocated:  47.529296875
Memory cached:  118.0
	 epoch  10 training error:  tensor(0.4564, device='cuda:0', grad_fn=<DivBackward0>)
Memory status after this epoch: 
Memory allocated:  47.529296875
Memory cached:  118.0
	 epoch  20 training error:  tensor(0.1693, device='cuda:0', grad_fn=<DivBackward0>)
Memory status after this epoch: 
Memory allocated:  47.529296875
Memory cached:  118.0
	 epoch  30 training error:  tensor(0.0792, device='cuda:0', grad_fn=<DivBackward0>)
Memory status after this epoch: 
Memory allocated:  47.529296875
Memory cached:  118.0
	 epoch  40 training error:  tensor(0.0598, device='cuda:0', grad_fn=<DivBackward0>)
Memory status after this epoch: 
Memory allocated:  47.529296875
Memory cached:  118.0
	 epoch  50 training error:  tensor(0.0592, device='cuda:0', grad_fn=<DivBackward0>)
Memory status after this epoch: 
Memory allocated:  47.529296875
Memory cached:  118.0
	 epoch  60 training error:  tensor(0.0439, device='cuda:0', grad_fn=<DivBackward0>)
Memory status after this epoch: 
Memory allocated:  47.529296875
Memory cached:  118.0
	 epoch  70 training error:  tensor(0.0491, device='cuda:0', grad_fn=<DivBackward0>)
Memory status after this epoch: 
Memory allocated:  47.529296875
Memory cached:  118.0
	 epoch  80 training error:  tensor(0.0363, device='cuda:0', grad_fn=<DivBackward0>)
Memory status after this epoch: 
Memory allocated:  47.529296875
Memory cached:  118.0
	 epoch  90 training error:  tensor(0.0357, device='cuda:0', grad_fn=<DivBackward0>)
Memory status after this epoch: 
Memory allocated:  47.529296875
Memory cached:  118.0
[I 2023-12-03 00:29:24,717] Trial 46 finished with value: 0.029468774795532227 and parameters: {'W_layers': 4, 'W_layer_units_exponent_0': 9, 'W_layer_units_exponent_1': 8, 'W_layer_units_exponent_2': 5, 'W_layer_units_exponent_3': 4, 'D_layers': 6, 'D_layer_units_exponent_0': 6, 'D_layer_units_exponent_1': 7, 'D_layer_units_exponent_2': 6, 'D_layer_units_exponent_3': 8, 'D_layer_units_exponent_4': 4, 'D_layer_units_exponent_5': 6, 'log_learning_rate': -2.7460701959515403, 'log_learning_rate_D': -3.0724451766112266, 'training_batch_size': 8, 'training_p': 6}. Best is trial 36 with value: 0.02776537649333477.
Time for this trial:  44.69411778450012
Memory status after this trial: 
Memory allocated:  78.4560546875
Memory cached:  118.0
--------------------  Trial  47   --------------------
Start timing: 
Parameters: 
{'W_layers': 4, 'W_layer_units_exponent_0': 9, 'W_layer_units_exponent_1': 8, 'W_layer_units_exponent_2': 5, 'W_layer_units_exponent_3': 4, 'D_layers': 5, 'D_layer_units_exponent_0': 5, 'D_layer_units_exponent_1': 7, 'D_layer_units_exponent_2': 6, 'D_layer_units_exponent_3': 9, 'D_layer_units_exponent_4': 5, 'log_learning_rate': -2.4734025140561684, 'log_learning_rate_D': -3.0772115658494985, 'training_batch_size': 8, 'training_p': 6}
	 epoch  0 training error:  tensor(0.9523, device='cuda:0', grad_fn=<DivBackward0>)
Memory status after this epoch: 
Memory allocated:  47.88671875
Memory cached:  118.0
	 epoch  10 training error:  tensor(0.3500, device='cuda:0', grad_fn=<DivBackward0>)
Memory status after this epoch: 
Memory allocated:  47.88671875
Memory cached:  118.0
	 epoch  20 training error:  tensor(0.2480, device='cuda:0', grad_fn=<DivBackward0>)
Memory status after this epoch: 
Memory allocated:  47.88671875
Memory cached:  118.0
	 epoch  30 training error:  tensor(0.1559, device='cuda:0', grad_fn=<DivBackward0>)
Memory status after this epoch: 
Memory allocated:  47.88671875
Memory cached:  118.0
	 epoch  40 training error:  tensor(0.1091, device='cuda:0', grad_fn=<DivBackward0>)
Memory status after this epoch: 
Memory allocated:  47.88671875
Memory cached:  118.0
	 epoch  50 training error:  tensor(0.0801, device='cuda:0', grad_fn=<DivBackward0>)
Memory status after this epoch: 
Memory allocated:  47.88671875
Memory cached:  118.0
	 epoch  60 training error:  tensor(0.0646, device='cuda:0', grad_fn=<DivBackward0>)
Memory status after this epoch: 
Memory allocated:  47.88671875
Memory cached:  118.0
	 epoch  70 training error:  tensor(0.0565, device='cuda:0', grad_fn=<DivBackward0>)
Memory status after this epoch: 
Memory allocated:  47.88671875
Memory cached:  118.0
	 epoch  80 training error:  tensor(0.0562, device='cuda:0', grad_fn=<DivBackward0>)
Memory status after this epoch: 
Memory allocated:  47.88671875
Memory cached:  118.0
	 epoch  90 training error:  tensor(0.0433, device='cuda:0', grad_fn=<DivBackward0>)
Memory status after this epoch: 
Memory allocated:  47.88671875
Memory cached:  118.0
[I 2023-12-03 00:30:08,978] Trial 47 finished with value: 0.03993303328752518 and parameters: {'W_layers': 4, 'W_layer_units_exponent_0': 9, 'W_layer_units_exponent_1': 8, 'W_layer_units_exponent_2': 5, 'W_layer_units_exponent_3': 4, 'D_layers': 5, 'D_layer_units_exponent_0': 5, 'D_layer_units_exponent_1': 7, 'D_layer_units_exponent_2': 6, 'D_layer_units_exponent_3': 9, 'D_layer_units_exponent_4': 5, 'log_learning_rate': -2.4734025140561684, 'log_learning_rate_D': -3.0772115658494985, 'training_batch_size': 8, 'training_p': 6}. Best is trial 36 with value: 0.02776537649333477.
Time for this trial:  44.05696988105774
Memory status after this trial: 
Memory allocated:  82.55029296875
Memory cached:  116.0
--------------------  Trial  48   --------------------
Start timing: 
Parameters: 
{'W_layers': 4, 'W_layer_units_exponent_0': 9, 'W_layer_units_exponent_1': 8, 'W_layer_units_exponent_2': 5, 'W_layer_units_exponent_3': 4, 'D_layers': 5, 'D_layer_units_exponent_0': 6, 'D_layer_units_exponent_1': 6, 'D_layer_units_exponent_2': 6, 'D_layer_units_exponent_3': 8, 'D_layer_units_exponent_4': 4, 'log_learning_rate': -2.753090431388505, 'log_learning_rate_D': -3.4226168142423954, 'training_batch_size': 7, 'training_p': 6}
	 epoch  0 training error:  tensor(0.1349, device='cuda:0', grad_fn=<DivBackward0>)
Memory status after this epoch: 
Memory allocated:  47.384765625
Memory cached:  118.0
	 epoch  10 training error:  tensor(0.2205, device='cuda:0', grad_fn=<DivBackward0>)
Memory status after this epoch: 
Memory allocated:  47.384765625
Memory cached:  118.0
	 epoch  20 training error:  tensor(0.1074, device='cuda:0', grad_fn=<DivBackward0>)
Memory status after this epoch: 
Memory allocated:  47.384765625
Memory cached:  118.0
	 epoch  30 training error:  tensor(0.0874, device='cuda:0', grad_fn=<DivBackward0>)
Memory status after this epoch: 
Memory allocated:  47.384765625
Memory cached:  118.0
	 epoch  40 training error:  tensor(0.0584, device='cuda:0', grad_fn=<DivBackward0>)
Memory status after this epoch: 
Memory allocated:  47.384765625
Memory cached:  118.0
	 epoch  50 training error:  tensor(0.0553, device='cuda:0', grad_fn=<DivBackward0>)
Memory status after this epoch: 
Memory allocated:  47.384765625
Memory cached:  118.0
	 epoch  60 training error:  tensor(0.0541, device='cuda:0', grad_fn=<DivBackward0>)
Memory status after this epoch: 
Memory allocated:  47.384765625
Memory cached:  118.0
	 epoch  70 training error:  tensor(0.0505, device='cuda:0', grad_fn=<DivBackward0>)
Memory status after this epoch: 
Memory allocated:  47.384765625
Memory cached:  118.0
	 epoch  80 training error:  tensor(0.0473, device='cuda:0', grad_fn=<DivBackward0>)
Memory status after this epoch: 
Memory allocated:  47.384765625
Memory cached:  118.0
	 epoch  90 training error:  tensor(0.0600, device='cuda:0', grad_fn=<DivBackward0>)
Memory status after this epoch: 
Memory allocated:  47.384765625
Memory cached:  118.0
[I 2023-12-03 00:30:51,521] Trial 48 finished with value: 0.03716055303812027 and parameters: {'W_layers': 4, 'W_layer_units_exponent_0': 9, 'W_layer_units_exponent_1': 8, 'W_layer_units_exponent_2': 5, 'W_layer_units_exponent_3': 4, 'D_layers': 5, 'D_layer_units_exponent_0': 6, 'D_layer_units_exponent_1': 6, 'D_layer_units_exponent_2': 6, 'D_layer_units_exponent_3': 8, 'D_layer_units_exponent_4': 4, 'log_learning_rate': -2.753090431388505, 'log_learning_rate_D': -3.4226168142423954, 'training_batch_size': 7, 'training_p': 6}. Best is trial 36 with value: 0.02776537649333477.
Time for this trial:  42.34871172904968
Memory status after this trial: 
Memory allocated:  75.4833984375
Memory cached:  116.0
--------------------  Trial  49   --------------------
Start timing: 
Parameters: 
{'W_layers': 4, 'W_layer_units_exponent_0': 9, 'W_layer_units_exponent_1': 10, 'W_layer_units_exponent_2': 6, 'W_layer_units_exponent_3': 4, 'D_layers': 7, 'D_layer_units_exponent_0': 5, 'D_layer_units_exponent_1': 7, 'D_layer_units_exponent_2': 6, 'D_layer_units_exponent_3': 8, 'D_layer_units_exponent_4': 5, 'D_layer_units_exponent_5': 6, 'D_layer_units_exponent_6': 6, 'log_learning_rate': -2.9353232383797563, 'log_learning_rate_D': -3.220729238910897, 'training_batch_size': 6, 'training_p': 6}
	 epoch  0 training error:  tensor(1.0238, device='cuda:0', grad_fn=<DivBackward0>)
Memory status after this epoch: 
Memory allocated:  54.4775390625
Memory cached:  136.0
	 epoch  10 training error:  tensor(0.2323, device='cuda:0', grad_fn=<DivBackward0>)
Memory status after this epoch: 
Memory allocated:  54.4775390625
Memory cached:  136.0
	 epoch  20 training error:  tensor(0.1267, device='cuda:0', grad_fn=<DivBackward0>)
Memory status after this epoch: 
Memory allocated:  54.4775390625
Memory cached:  136.0
	 epoch  30 training error:  tensor(0.2355, device='cuda:0', grad_fn=<DivBackward0>)
Memory status after this epoch: 
Memory allocated:  54.4775390625
Memory cached:  136.0
	 epoch  40 training error:  tensor(0.1549, device='cuda:0', grad_fn=<DivBackward0>)
Memory status after this epoch: 
Memory allocated:  54.4775390625
Memory cached:  136.0
	 epoch  50 training error:  tensor(0.1515, device='cuda:0', grad_fn=<DivBackward0>)
Memory status after this epoch: 
Memory allocated:  54.4775390625
Memory cached:  136.0
	 epoch  60 training error:  tensor(0.1263, device='cuda:0', grad_fn=<DivBackward0>)
Memory status after this epoch: 
Memory allocated:  54.4775390625
Memory cached:  136.0
	 epoch  70 training error:  tensor(0.1279, device='cuda:0', grad_fn=<DivBackward0>)
Memory status after this epoch: 
Memory allocated:  54.4775390625
Memory cached:  136.0
	 epoch  80 training error:  tensor(0.1126, device='cuda:0', grad_fn=<DivBackward0>)
Memory status after this epoch: 
Memory allocated:  54.4775390625
Memory cached:  136.0
	 epoch  90 training error:  tensor(0.1362, device='cuda:0', grad_fn=<DivBackward0>)
Memory status after this epoch: 
Memory allocated:  54.4775390625
Memory cached:  136.0
[I 2023-12-03 00:32:11,733] Trial 49 finished with value: 0.12640319764614105 and parameters: {'W_layers': 4, 'W_layer_units_exponent_0': 9, 'W_layer_units_exponent_1': 10, 'W_layer_units_exponent_2': 6, 'W_layer_units_exponent_3': 4, 'D_layers': 7, 'D_layer_units_exponent_0': 5, 'D_layer_units_exponent_1': 7, 'D_layer_units_exponent_2': 6, 'D_layer_units_exponent_3': 8, 'D_layer_units_exponent_4': 5, 'D_layer_units_exponent_5': 6, 'D_layer_units_exponent_6': 6, 'log_learning_rate': -2.9353232383797563, 'log_learning_rate_D': -3.220729238910897, 'training_batch_size': 6, 'training_p': 6}. Best is trial 36 with value: 0.02776537649333477.
[I 2023-12-03 00:32:11,758] A new study created in memory with name: no-name-98519ff1-7dca-46d6-87ae-925a53a0e73d
Time for this trial:  79.99667239189148
Memory status after this trial: 
Memory allocated:  101.26806640625
Memory cached:  136.0
--------------------  Trial  0   --------------------
Start timing: 
Parameters: 
{'W_layers': 7, 'W_layer_units_exponent_0': 9, 'W_layer_units_exponent_1': 6, 'W_layer_units_exponent_2': 8, 'W_layer_units_exponent_3': 7, 'W_layer_units_exponent_4': 8, 'W_layer_units_exponent_5': 9, 'W_layer_units_exponent_6': 5, 'D_layers': 4, 'D_layer_units_exponent_0': 5, 'D_layer_units_exponent_1': 10, 'D_layer_units_exponent_2': 4, 'D_layer_units_exponent_3': 10, 'log_learning_rate': -1.4241356280527562, 'log_learning_rate_D': -1.5915975967833917, 'training_batch_size': 9, 'training_p': 2}
	 epoch  0 training error:  tensor(0.3170, device='cuda:0', grad_fn=<DivBackward0>)
Memory status after this epoch: 
Memory allocated:  5.310546875
Memory cached:  8.0
	 epoch  10 training error:  tensor(3.9611, device='cuda:0', grad_fn=<DivBackward0>)
Memory status after this epoch: 
Memory allocated:  5.310546875
Memory cached:  10.0
	 epoch  20 training error:  tensor(10.4909, device='cuda:0', grad_fn=<DivBackward0>)
Memory status after this epoch: 
Memory allocated:  5.310546875
Memory cached:  10.0
	 epoch  30 training error:  tensor(11.0519, device='cuda:0', grad_fn=<DivBackward0>)
Memory status after this epoch: 
Memory allocated:  5.310546875
Memory cached:  10.0
[W 2023-12-03 00:32:31,594] Trial 0 failed with parameters: {'W_layers': 7, 'W_layer_units_exponent_0': 9, 'W_layer_units_exponent_1': 6, 'W_layer_units_exponent_2': 8, 'W_layer_units_exponent_3': 7, 'W_layer_units_exponent_4': 8, 'W_layer_units_exponent_5': 9, 'W_layer_units_exponent_6': 5, 'D_layers': 4, 'D_layer_units_exponent_0': 5, 'D_layer_units_exponent_1': 10, 'D_layer_units_exponent_2': 4, 'D_layer_units_exponent_3': 10, 'log_learning_rate': -1.4241356280527562, 'log_learning_rate_D': -1.5915975967833917, 'training_batch_size': 9, 'training_p': 2} because of the following error: The value nan is not acceptable.
[W 2023-12-03 00:32:31,594] Trial 0 failed with value tensor(nan, device='cuda:0', grad_fn=<DivBackward0>).
Time for this trial:  19.712618112564087
Memory status after this trial: 
Memory allocated:  90.66064453125
Memory cached:  94.0
--------------------  Trial  1   --------------------
Start timing: 
Parameters: 
{'W_layers': 2, 'W_layer_units_exponent_0': 4, 'W_layer_units_exponent_1': 4, 'D_layers': 4, 'D_layer_units_exponent_0': 5, 'D_layer_units_exponent_1': 10, 'D_layer_units_exponent_2': 5, 'D_layer_units_exponent_3': 4, 'log_learning_rate': -2.020106375368537, 'log_learning_rate_D': -3.2905770134950263, 'training_batch_size': 10, 'training_p': 3}
	 epoch  0 training error:  tensor(1.7286, device='cuda:0', grad_fn=<DivBackward0>)
Memory status after this epoch: 
Memory allocated:  1.0859375
Memory cached:  6.0
	 epoch  10 training error:  tensor(0.1924, device='cuda:0', grad_fn=<DivBackward0>)
Memory status after this epoch: 
Memory allocated:  1.0859375
Memory cached:  8.0
	 epoch  20 training error:  tensor(0.1100, device='cuda:0', grad_fn=<DivBackward0>)
Memory status after this epoch: 
Memory allocated:  1.0859375
Memory cached:  8.0
	 epoch  30 training error:  tensor(0.0631, device='cuda:0', grad_fn=<DivBackward0>)
Memory status after this epoch: 
Memory allocated:  1.0859375
Memory cached:  8.0
	 epoch  40 training error:  tensor(0.0635, device='cuda:0', grad_fn=<DivBackward0>)
Memory status after this epoch: 
Memory allocated:  1.0859375
Memory cached:  8.0
	 epoch  50 training error:  tensor(0.0588, device='cuda:0', grad_fn=<DivBackward0>)
Memory status after this epoch: 
Memory allocated:  1.0859375
Memory cached:  8.0
	 epoch  60 training error:  tensor(0.0559, device='cuda:0', grad_fn=<DivBackward0>)
Memory status after this epoch: 
Memory allocated:  1.0859375
Memory cached:  8.0
	 epoch  70 training error:  tensor(0.0531, device='cuda:0', grad_fn=<DivBackward0>)
Memory status after this epoch: 
Memory allocated:  1.0859375
Memory cached:  8.0
	 epoch  80 training error:  tensor(0.0497, device='cuda:0', grad_fn=<DivBackward0>)
Memory status after this epoch: 
Memory allocated:  1.0859375
Memory cached:  8.0
	 epoch  90 training error:  tensor(0.0475, device='cuda:0', grad_fn=<DivBackward0>)
Memory status after this epoch: 
Memory allocated:  1.0859375
Memory cached:  8.0
[I 2023-12-03 00:33:08,039] Trial 1 finished with value: 0.04896862804889679 and parameters: {'W_layers': 2, 'W_layer_units_exponent_0': 4, 'W_layer_units_exponent_1': 4, 'D_layers': 4, 'D_layer_units_exponent_0': 5, 'D_layer_units_exponent_1': 10, 'D_layer_units_exponent_2': 5, 'D_layer_units_exponent_3': 4, 'log_learning_rate': -2.020106375368537, 'log_learning_rate_D': -3.2905770134950263, 'training_batch_size': 10, 'training_p': 3}. Best is trial 1 with value: 0.04896862804889679.
res:  tensor(0.0490, device='cuda:0', grad_fn=<DivBackward0>)
self.bestValue:  10000000.0
Save this model!
Time for this trial:  36.3266544342041
Memory status after this trial: 
Memory allocated:  26.666015625
Memory cached:  28.0
--------------------  Trial  2   --------------------
Start timing: 
Parameters: 
{'W_layers': 3, 'W_layer_units_exponent_0': 10, 'W_layer_units_exponent_1': 8, 'W_layer_units_exponent_2': 7, 'D_layers': 5, 'D_layer_units_exponent_0': 10, 'D_layer_units_exponent_1': 4, 'D_layer_units_exponent_2': 7, 'D_layer_units_exponent_3': 10, 'D_layer_units_exponent_4': 10, 'log_learning_rate': -4.722400504521584, 'log_learning_rate_D': -2.7818809988269524, 'training_batch_size': 8, 'training_p': 6}
	 epoch  0 training error:  tensor(0.8695, device='cuda:0', grad_fn=<DivBackward0>)
Memory status after this epoch: 
Memory allocated:  49.99365234375
Memory cached:  56.0
	 epoch  10 training error:  tensor(0.1930, device='cuda:0', grad_fn=<DivBackward0>)
Memory status after this epoch: 
Memory allocated:  49.99365234375
Memory cached:  58.0
	 epoch  20 training error:  tensor(0.1146, device='cuda:0', grad_fn=<DivBackward0>)
Memory status after this epoch: 
Memory allocated:  49.99365234375
Memory cached:  58.0
	 epoch  30 training error:  tensor(0.0715, device='cuda:0', grad_fn=<DivBackward0>)
Memory status after this epoch: 
Memory allocated:  49.99365234375
Memory cached:  58.0
	 epoch  40 training error:  tensor(0.0548, device='cuda:0', grad_fn=<DivBackward0>)
Memory status after this epoch: 
Memory allocated:  49.99365234375
Memory cached:  58.0
	 epoch  50 training error:  tensor(0.0503, device='cuda:0', grad_fn=<DivBackward0>)
Memory status after this epoch: 
Memory allocated:  49.99365234375
Memory cached:  58.0
	 epoch  60 training error:  tensor(0.0457, device='cuda:0', grad_fn=<DivBackward0>)
Memory status after this epoch: 
Memory allocated:  49.99365234375
Memory cached:  58.0
	 epoch  70 training error:  tensor(0.0431, device='cuda:0', grad_fn=<DivBackward0>)
Memory status after this epoch: 
Memory allocated:  49.99365234375
Memory cached:  58.0
	 epoch  80 training error:  tensor(0.0422, device='cuda:0', grad_fn=<DivBackward0>)
Memory status after this epoch: 
Memory allocated:  49.99365234375
Memory cached:  58.0
	 epoch  90 training error:  tensor(0.0410, device='cuda:0', grad_fn=<DivBackward0>)
Memory status after this epoch: 
Memory allocated:  49.99365234375
Memory cached:  58.0
