[I 2024-02-18 09:44:20,895] Trial 9 finished with value: 0.09257882088422775 and parameters: {'W_layers': 2, 'W_layer_units_exponent_0': 7, 'W_layer_units_exponent_1': 4, 'D_layers': 3, 'D_layer_units_exponent_0': 9, 'D_layer_units_exponent_1': 5, 'D_layer_units_exponent_2': 5, 'D_dagger_layers': 7, 'D_dagger_layer_units_exponent_0': 8, 'D_dagger_layer_units_exponent_1': 9, 'D_dagger_layer_units_exponent_2': 10, 'D_dagger_layer_units_exponent_3': 6, 'D_dagger_layer_units_exponent_4': 6, 'D_dagger_layer_units_exponent_5': 10, 'D_dagger_layer_units_exponent_6': 4, 'log_learning_rate': -4.331090635175409, 'log_learning_rate_D': -1.4659614233417981, 'log_learning_rate_D_dagger': -3.3363833905280735, 'training_batch_size': 10, 'training_p': 8}. Best is trial 7 with value: 0.08715615421533585.
Time for this trial:  24.483808994293213
Memory status after this trial: 
Memory allocated:  1064.12158203125
Memory cached:  1080.0
--------------------  Trial  10   --------------------
Start timing: 
Parameters: 
{'W_layers': 8, 'W_layer_units_exponent_0': 4, 'W_layer_units_exponent_1': 8, 'W_layer_units_exponent_2': 6, 'W_layer_units_exponent_3': 10, 'W_layer_units_exponent_4': 6, 'W_layer_units_exponent_5': 9, 'W_layer_units_exponent_6': 10, 'W_layer_units_exponent_7': 7, 'D_layers': 2, 'D_layer_units_exponent_0': 7, 'D_layer_units_exponent_1': 10, 'D_dagger_layers': 8, 'D_dagger_layer_units_exponent_0': 4, 'D_dagger_layer_units_exponent_1': 10, 'D_dagger_layer_units_exponent_2': 4, 'D_dagger_layer_units_exponent_3': 4, 'D_dagger_layer_units_exponent_4': 10, 'D_dagger_layer_units_exponent_5': 4, 'D_dagger_layer_units_exponent_6': 8, 'D_dagger_layer_units_exponent_7': 5, 'log_learning_rate': -1.861282813773319, 'log_learning_rate_D': -3.5549160161134647, 'log_learning_rate_D_dagger': -1.3974616222854777, 'training_batch_size': 11, 'training_p': 2}
	 epoch  0 training error:  tensor(1.0004, device='cuda:0', grad_fn=<DivBackward0>)
Memory status after this epoch: 
Memory allocated:  395.626953125
Memory cached:  470.0
	 epoch  10 training error:  tensor(4.3809, device='cuda:0', grad_fn=<DivBackward0>)
Memory status after this epoch: 
Memory allocated:  395.626953125
Memory cached:  470.0
	 epoch  20 training error:  tensor(1.5450, device='cuda:0', grad_fn=<DivBackward0>)
Memory status after this epoch: 
Memory allocated:  395.626953125
Memory cached:  470.0
	 epoch  30 training error:  tensor(0.7165, device='cuda:0', grad_fn=<DivBackward0>)
Memory status after this epoch: 
Memory allocated:  395.626953125
Memory cached:  470.0
	 epoch  40 training error:  tensor(2.5938, device='cuda:0', grad_fn=<DivBackward0>)
Memory status after this epoch: 
Memory allocated:  395.626953125
Memory cached:  470.0
	 epoch  50 training error:  tensor(0.6930, device='cuda:0', grad_fn=<DivBackward0>)
Memory status after this epoch: 
Memory allocated:  395.626953125
Memory cached:  470.0
	 epoch  60 training error:  tensor(0.6921, device='cuda:0', grad_fn=<DivBackward0>)
Memory status after this epoch: 
Memory allocated:  395.626953125
Memory cached:  470.0
	 epoch  70 training error:  tensor(0.6847, device='cuda:0', grad_fn=<DivBackward0>)
Memory status after this epoch: 
Memory allocated:  395.626953125
Memory cached:  470.0
	 epoch  80 training error:  tensor(0.6799, device='cuda:0', grad_fn=<DivBackward0>)
Memory status after this epoch: 
Memory allocated:  395.626953125
Memory cached:  470.0
	 epoch  90 training error:  tensor(0.6779, device='cuda:0', grad_fn=<DivBackward0>)
Memory status after this epoch: 
Memory allocated:  395.626953125
Memory cached:  470.0
[I 2024-02-18 09:44:50,926] Trial 10 finished with value: 0.6571134924888611 and parameters: {'W_layers': 8, 'W_layer_units_exponent_0': 4, 'W_layer_units_exponent_1': 8, 'W_layer_units_exponent_2': 6, 'W_layer_units_exponent_3': 10, 'W_layer_units_exponent_4': 6, 'W_layer_units_exponent_5': 9, 'W_layer_units_exponent_6': 10, 'W_layer_units_exponent_7': 7, 'D_layers': 2, 'D_layer_units_exponent_0': 7, 'D_layer_units_exponent_1': 10, 'D_dagger_layers': 8, 'D_dagger_layer_units_exponent_0': 4, 'D_dagger_layer_units_exponent_1': 10, 'D_dagger_layer_units_exponent_2': 4, 'D_dagger_layer_units_exponent_3': 4, 'D_dagger_layer_units_exponent_4': 10, 'D_dagger_layer_units_exponent_5': 4, 'D_dagger_layer_units_exponent_6': 8, 'D_dagger_layer_units_exponent_7': 5, 'log_learning_rate': -1.861282813773319, 'log_learning_rate_D': -3.5549160161134647, 'log_learning_rate_D_dagger': -1.3974616222854777, 'training_batch_size': 11, 'training_p': 2}. Best is trial 7 with value: 0.08715615421533585.
Time for this trial:  29.678364515304565
Memory status after this trial: 
Memory allocated:  1581.21826171875
Memory cached:  1618.0
--------------------  Trial  11   --------------------
Start timing: 
Parameters: 
{'W_layers': 3, 'W_layer_units_exponent_0': 6, 'W_layer_units_exponent_1': 7, 'W_layer_units_exponent_2': 10, 'D_layers': 4, 'D_layer_units_exponent_0': 7, 'D_layer_units_exponent_1': 8, 'D_layer_units_exponent_2': 8, 'D_layer_units_exponent_3': 10, 'D_dagger_layers': 6, 'D_dagger_layer_units_exponent_0': 6, 'D_dagger_layer_units_exponent_1': 6, 'D_dagger_layer_units_exponent_2': 4, 'D_dagger_layer_units_exponent_3': 5, 'D_dagger_layer_units_exponent_4': 4, 'D_dagger_layer_units_exponent_5': 5, 'log_learning_rate': -1.9426642673507455, 'log_learning_rate_D': -3.711482077807232, 'log_learning_rate_D_dagger': -3.8660677080045067, 'training_batch_size': 12, 'training_p': 2}
	 epoch  0 training error:  tensor(1.1625, device='cuda:0', grad_fn=<DivBackward0>)
Memory status after this epoch: 
Memory allocated:  384.34765625
Memory cached:  468.0
	 epoch  10 training error:  tensor(0.9130, device='cuda:0', grad_fn=<DivBackward0>)
Memory status after this epoch: 
Memory allocated:  384.34765625
Memory cached:  468.0
	 epoch  20 training error:  tensor(0.6806, device='cuda:0', grad_fn=<DivBackward0>)
Memory status after this epoch: 
Memory allocated:  384.34765625
Memory cached:  468.0
	 epoch  30 training error:  tensor(0.8238, device='cuda:0', grad_fn=<DivBackward0>)
Memory status after this epoch: 
Memory allocated:  384.34765625
Memory cached:  468.0
	 epoch  40 training error:  tensor(0.6467, device='cuda:0', grad_fn=<DivBackward0>)
Memory status after this epoch: 
Memory allocated:  384.34765625
Memory cached:  468.0
	 epoch  50 training error:  tensor(0.6385, device='cuda:0', grad_fn=<DivBackward0>)
Memory status after this epoch: 
Memory allocated:  384.34765625
Memory cached:  468.0
	 epoch  60 training error:  tensor(0.5955, device='cuda:0', grad_fn=<DivBackward0>)
Memory status after this epoch: 
Memory allocated:  384.34765625
Memory cached:  468.0
	 epoch  70 training error:  tensor(0.5502, device='cuda:0', grad_fn=<DivBackward0>)
Memory status after this epoch: 
Memory allocated:  384.34765625
Memory cached:  468.0
	 epoch  80 training error:  tensor(0.4876, device='cuda:0', grad_fn=<DivBackward0>)
Memory status after this epoch: 
Memory allocated:  384.34765625
Memory cached:  468.0
	 epoch  90 training error:  tensor(0.4009, device='cuda:0', grad_fn=<DivBackward0>)
Memory status after this epoch: 
Memory allocated:  384.34765625
Memory cached:  468.0
[I 2024-02-18 09:45:12,594] Trial 11 finished with value: 0.2682758867740631 and parameters: {'W_layers': 3, 'W_layer_units_exponent_0': 6, 'W_layer_units_exponent_1': 7, 'W_layer_units_exponent_2': 10, 'D_layers': 4, 'D_layer_units_exponent_0': 7, 'D_layer_units_exponent_1': 8, 'D_layer_units_exponent_2': 8, 'D_layer_units_exponent_3': 10, 'D_dagger_layers': 6, 'D_dagger_layer_units_exponent_0': 6, 'D_dagger_layer_units_exponent_1': 6, 'D_dagger_layer_units_exponent_2': 4, 'D_dagger_layer_units_exponent_3': 5, 'D_dagger_layer_units_exponent_4': 4, 'D_dagger_layer_units_exponent_5': 5, 'log_learning_rate': -1.9426642673507455, 'log_learning_rate_D': -3.711482077807232, 'log_learning_rate_D_dagger': -3.8660677080045067, 'training_batch_size': 12, 'training_p': 2}. Best is trial 7 with value: 0.08715615421533585.
Time for this trial:  21.349840879440308
Memory status after this trial: 
Memory allocated:  662.87060546875
Memory cached:  680.0
--------------------  Trial  12   --------------------
Start timing: 
Parameters: 
{'W_layers': 4, 'W_layer_units_exponent_0': 6, 'W_layer_units_exponent_1': 7, 'W_layer_units_exponent_2': 6, 'W_layer_units_exponent_3': 4, 'D_layers': 8, 'D_layer_units_exponent_0': 6, 'D_layer_units_exponent_1': 7, 'D_layer_units_exponent_2': 7, 'D_layer_units_exponent_3': 4, 'D_layer_units_exponent_4': 5, 'D_layer_units_exponent_5': 4, 'D_layer_units_exponent_6': 10, 'D_layer_units_exponent_7': 10, 'D_dagger_layers': 8, 'D_dagger_layer_units_exponent_0': 6, 'D_dagger_layer_units_exponent_1': 6, 'D_dagger_layer_units_exponent_2': 5, 'D_dagger_layer_units_exponent_3': 5, 'D_dagger_layer_units_exponent_4': 8, 'D_dagger_layer_units_exponent_5': 7, 'D_dagger_layer_units_exponent_6': 5, 'D_dagger_layer_units_exponent_7': 9, 'log_learning_rate': -1.7697320240848256, 'log_learning_rate_D': -1.0670816373605012, 'log_learning_rate_D_dagger': -3.9908778420552022, 'training_batch_size': 12, 'training_p': 3}
	 epoch  0 training error:  tensor(1.0081, device='cuda:0', grad_fn=<DivBackward0>)
Memory status after this epoch: 
Memory allocated:  386.22314453125
Memory cached:  468.0
	 epoch  10 training error:  tensor(0.6637, device='cuda:0', grad_fn=<DivBackward0>)
Memory status after this epoch: 
Memory allocated:  386.22314453125
Memory cached:  468.0
	 epoch  20 training error:  tensor(0.6457, device='cuda:0', grad_fn=<DivBackward0>)
Memory status after this epoch: 
Memory allocated:  386.22314453125
Memory cached:  468.0
	 epoch  30 training error:  tensor(0.5755, device='cuda:0', grad_fn=<DivBackward0>)
Memory status after this epoch: 
Memory allocated:  386.22314453125
Memory cached:  468.0
	 epoch  40 training error:  tensor(0.4298, device='cuda:0', grad_fn=<DivBackward0>)
Memory status after this epoch: 
Memory allocated:  386.22314453125
Memory cached:  468.0
	 epoch  50 training error:  tensor(0.1835, device='cuda:0', grad_fn=<DivBackward0>)
Memory status after this epoch: 
Memory allocated:  386.22314453125
Memory cached:  468.0
	 epoch  60 training error:  tensor(0.1862, device='cuda:0', grad_fn=<DivBackward0>)
Memory status after this epoch: 
Memory allocated:  386.22314453125
Memory cached:  468.0
	 epoch  70 training error:  tensor(0.1789, device='cuda:0', grad_fn=<DivBackward0>)
Memory status after this epoch: 
Memory allocated:  386.22314453125
Memory cached:  468.0
	 epoch  80 training error:  tensor(0.1655, device='cuda:0', grad_fn=<DivBackward0>)
Memory status after this epoch: 
Memory allocated:  386.22314453125
Memory cached:  468.0
	 epoch  90 training error:  tensor(0.1573, device='cuda:0', grad_fn=<DivBackward0>)
Memory status after this epoch: 
Memory allocated:  386.22314453125
Memory cached:  468.0
[I 2024-02-18 09:45:36,367] Trial 12 finished with value: 0.1376412957906723 and parameters: {'W_layers': 4, 'W_layer_units_exponent_0': 6, 'W_layer_units_exponent_1': 7, 'W_layer_units_exponent_2': 6, 'W_layer_units_exponent_3': 4, 'D_layers': 8, 'D_layer_units_exponent_0': 6, 'D_layer_units_exponent_1': 7, 'D_layer_units_exponent_2': 7, 'D_layer_units_exponent_3': 4, 'D_layer_units_exponent_4': 5, 'D_layer_units_exponent_5': 4, 'D_layer_units_exponent_6': 10, 'D_layer_units_exponent_7': 10, 'D_dagger_layers': 8, 'D_dagger_layer_units_exponent_0': 6, 'D_dagger_layer_units_exponent_1': 6, 'D_dagger_layer_units_exponent_2': 5, 'D_dagger_layer_units_exponent_3': 5, 'D_dagger_layer_units_exponent_4': 8, 'D_dagger_layer_units_exponent_5': 7, 'D_dagger_layer_units_exponent_6': 5, 'D_dagger_layer_units_exponent_7': 9, 'log_learning_rate': -1.7697320240848256, 'log_learning_rate_D': -1.0670816373605012, 'log_learning_rate_D_dagger': -3.9908778420552022, 'training_batch_size': 12, 'training_p': 3}. Best is trial 7 with value: 0.08715615421533585.
Time for this trial:  23.402193307876587
Memory status after this trial: 
Memory allocated:  668.45654296875
Memory cached:  686.0
--------------------  Trial  13   --------------------
Start timing: 
Parameters: 
{'W_layers': 4, 'W_layer_units_exponent_0': 8, 'W_layer_units_exponent_1': 6, 'W_layer_units_exponent_2': 7, 'W_layer_units_exponent_3': 9, 'D_layers': 5, 'D_layer_units_exponent_0': 6, 'D_layer_units_exponent_1': 8, 'D_layer_units_exponent_2': 8, 'D_layer_units_exponent_3': 9, 'D_layer_units_exponent_4': 7, 'D_dagger_layers': 6, 'D_dagger_layer_units_exponent_0': 5, 'D_dagger_layer_units_exponent_1': 6, 'D_dagger_layer_units_exponent_2': 7, 'D_dagger_layer_units_exponent_3': 6, 'D_dagger_layer_units_exponent_4': 6, 'D_dagger_layer_units_exponent_5': 6, 'log_learning_rate': -2.511709546142143, 'log_learning_rate_D': -2.6206319326801935, 'log_learning_rate_D_dagger': -2.562504816288572, 'training_batch_size': 11, 'training_p': 3}
	 epoch  0 training error:  tensor(1.0026, device='cuda:0', grad_fn=<DivBackward0>)
Memory status after this epoch: 
Memory allocated:  383.5751953125
Memory cached:  468.0
	 epoch  10 training error:  tensor(0.2774, device='cuda:0', grad_fn=<DivBackward0>)
Memory status after this epoch: 
Memory allocated:  383.5751953125
Memory cached:  468.0
	 epoch  20 training error:  tensor(0.1932, device='cuda:0', grad_fn=<DivBackward0>)
Memory status after this epoch: 
Memory allocated:  383.5751953125
Memory cached:  468.0
	 epoch  30 training error:  tensor(0.1336, device='cuda:0', grad_fn=<DivBackward0>)
Memory status after this epoch: 
Memory allocated:  383.5751953125
Memory cached:  468.0
	 epoch  40 training error:  tensor(0.1039, device='cuda:0', grad_fn=<DivBackward0>)
Memory status after this epoch: 
Memory allocated:  383.5751953125
Memory cached:  468.0
	 epoch  50 training error:  tensor(0.1071, device='cuda:0', grad_fn=<DivBackward0>)
Memory status after this epoch: 
Memory allocated:  383.5751953125
Memory cached:  468.0
	 epoch  60 training error:  tensor(0.0996, device='cuda:0', grad_fn=<DivBackward0>)
Memory status after this epoch: 
Memory allocated:  383.5751953125
Memory cached:  468.0
	 epoch  70 training error:  tensor(0.0961, device='cuda:0', grad_fn=<DivBackward0>)
Memory status after this epoch: 
Memory allocated:  383.5751953125
Memory cached:  468.0
	 epoch  80 training error:  tensor(0.0989, device='cuda:0', grad_fn=<DivBackward0>)
Memory status after this epoch: 
Memory allocated:  383.5751953125
Memory cached:  468.0
	 epoch  90 training error:  tensor(0.0983, device='cuda:0', grad_fn=<DivBackward0>)
Memory status after this epoch: 
Memory allocated:  383.5751953125
Memory cached:  468.0
[I 2024-02-18 09:46:11,976] Trial 13 finished with value: 0.08536269515752792 and parameters: {'W_layers': 4, 'W_layer_units_exponent_0': 8, 'W_layer_units_exponent_1': 6, 'W_layer_units_exponent_2': 7, 'W_layer_units_exponent_3': 9, 'D_layers': 5, 'D_layer_units_exponent_0': 6, 'D_layer_units_exponent_1': 8, 'D_layer_units_exponent_2': 8, 'D_layer_units_exponent_3': 9, 'D_layer_units_exponent_4': 7, 'D_dagger_layers': 6, 'D_dagger_layer_units_exponent_0': 5, 'D_dagger_layer_units_exponent_1': 6, 'D_dagger_layer_units_exponent_2': 7, 'D_dagger_layer_units_exponent_3': 6, 'D_dagger_layer_units_exponent_4': 6, 'D_dagger_layer_units_exponent_5': 6, 'log_learning_rate': -2.511709546142143, 'log_learning_rate_D': -2.6206319326801935, 'log_learning_rate_D_dagger': -2.562504816288572, 'training_batch_size': 11, 'training_p': 3}. Best is trial 13 with value: 0.08536269515752792.
res:  tensor(0.0854, device='cuda:0', grad_fn=<DivBackward0>)
self.bestValue:  tensor(0.0872, device='cuda:0', grad_fn=<DivBackward0>)
Save this model!
Time for this trial:  35.26674509048462
Memory status after this trial: 
Memory allocated:  283.830078125
Memory cached:  390.0
--------------------  Trial  14   --------------------
Start timing: 
Parameters: 
{'W_layers': 7, 'W_layer_units_exponent_0': 9, 'W_layer_units_exponent_1': 8, 'W_layer_units_exponent_2': 5, 'W_layer_units_exponent_3': 10, 'W_layer_units_exponent_4': 7, 'W_layer_units_exponent_5': 7, 'W_layer_units_exponent_6': 4, 'D_layers': 5, 'D_layer_units_exponent_0': 4, 'D_layer_units_exponent_1': 9, 'D_layer_units_exponent_2': 8, 'D_layer_units_exponent_3': 10, 'D_layer_units_exponent_4': 7, 'D_dagger_layers': 6, 'D_dagger_layer_units_exponent_0': 5, 'D_dagger_layer_units_exponent_1': 5, 'D_dagger_layer_units_exponent_2': 5, 'D_dagger_layer_units_exponent_3': 4, 'D_dagger_layer_units_exponent_4': 6, 'D_dagger_layer_units_exponent_5': 6, 'log_learning_rate': -2.8863938335764816, 'log_learning_rate_D': -2.491330966014032, 'log_learning_rate_D_dagger': -2.556796095375494, 'training_batch_size': 11, 'training_p': 4}
	 epoch  0 training error:  tensor(0.9973, device='cuda:0', grad_fn=<DivBackward0>)
Memory status after this epoch: 
Memory allocated:  291.0771484375
Memory cached:  388.0
	 epoch  10 training error:  tensor(0.3463, device='cuda:0', grad_fn=<DivBackward0>)
Memory status after this epoch: 
Memory allocated:  291.0771484375
Memory cached:  388.0
	 epoch  20 training error:  tensor(0.1762, device='cuda:0', grad_fn=<DivBackward0>)
Memory status after this epoch: 
Memory allocated:  291.0771484375
Memory cached:  388.0
	 epoch  30 training error:  tensor(0.1739, device='cuda:0', grad_fn=<DivBackward0>)
Memory status after this epoch: 
Memory allocated:  291.0771484375
Memory cached:  388.0
	 epoch  40 training error:  tensor(0.1477, device='cuda:0', grad_fn=<DivBackward0>)
Memory status after this epoch: 
Memory allocated:  291.0771484375
Memory cached:  388.0
	 epoch  50 training error:  tensor(0.1158, device='cuda:0', grad_fn=<DivBackward0>)
Memory status after this epoch: 
Memory allocated:  291.0771484375
Memory cached:  388.0
	 epoch  60 training error:  tensor(0.1089, device='cuda:0', grad_fn=<DivBackward0>)
Memory status after this epoch: 
Memory allocated:  291.0771484375
Memory cached:  388.0
	 epoch  70 training error:  tensor(0.1045, device='cuda:0', grad_fn=<DivBackward0>)
Memory status after this epoch: 
Memory allocated:  291.0771484375
Memory cached:  388.0
	 epoch  80 training error:  tensor(0.1033, device='cuda:0', grad_fn=<DivBackward0>)
Memory status after this epoch: 
Memory allocated:  291.0771484375
Memory cached:  388.0
	 epoch  90 training error:  tensor(0.1029, device='cuda:0', grad_fn=<DivBackward0>)
Memory status after this epoch: 
Memory allocated:  291.0771484375
Memory cached:  388.0
