[I 2023-12-20 07:27:32,415] Trial 80 finished with value: 0.15115225315093994 and parameters: {'W_layers': 5, 'W_layer_units_exponent_0': 8, 'W_layer_units_exponent_1': 9, 'W_layer_units_exponent_2': 6, 'W_layer_units_exponent_3': 6, 'W_layer_units_exponent_4': 8, 'D_layers': 5, 'D_layer_units_exponent_0': 9, 'D_layer_units_exponent_1': 10, 'D_layer_units_exponent_2': 5, 'D_layer_units_exponent_3': 4, 'D_layer_units_exponent_4': 4, 'D_dagger_layers': 5, 'D_dagger_layer_units_exponent_0': 9, 'D_dagger_layer_units_exponent_1': 4, 'D_dagger_layer_units_exponent_2': 4, 'D_dagger_layer_units_exponent_3': 4, 'D_dagger_layer_units_exponent_4': 7, 'log_learning_rate': -1.9201442163617106, 'log_learning_rate_D': -4.51252080700713, 'log_learning_rate_D_dagger': -2.9137762911194196, 'training_batch_size': 6, 'training_p': 5}. Best is trial 77 with value: 0.13922981917858124.
Time for this trial:  349.43441367149353
Memory status after this trial: 
Memory allocated:  379.029296875
Memory cached:  418.0
--------------------  Trial  81   --------------------
Start timing: 
Parameters: 
{'W_layers': 5, 'W_layer_units_exponent_0': 8, 'W_layer_units_exponent_1': 9, 'W_layer_units_exponent_2': 6, 'W_layer_units_exponent_3': 4, 'W_layer_units_exponent_4': 8, 'D_layers': 5, 'D_layer_units_exponent_0': 9, 'D_layer_units_exponent_1': 10, 'D_layer_units_exponent_2': 5, 'D_layer_units_exponent_3': 4, 'D_layer_units_exponent_4': 4, 'D_dagger_layers': 5, 'D_dagger_layer_units_exponent_0': 9, 'D_dagger_layer_units_exponent_1': 4, 'D_dagger_layer_units_exponent_2': 4, 'D_dagger_layer_units_exponent_3': 4, 'D_dagger_layer_units_exponent_4': 7, 'log_learning_rate': -2.9524619205980804, 'log_learning_rate_D': -4.538381472388167, 'log_learning_rate_D_dagger': -2.97433187923798, 'training_batch_size': 6, 'training_p': 5}
	 epoch  0 training error:  tensor(0.9811, device='cuda:0', grad_fn=<DivBackward0>)
Memory status after this epoch: 
Memory allocated:  203.63427734375
Memory cached:  406.0
	 epoch  10 training error:  tensor(0.5063, device='cuda:0', grad_fn=<DivBackward0>)
Memory status after this epoch: 
Memory allocated:  203.63427734375
Memory cached:  422.0
	 epoch  20 training error:  tensor(0.4861, device='cuda:0', grad_fn=<DivBackward0>)
Memory status after this epoch: 
Memory allocated:  203.63427734375
Memory cached:  418.0
	 epoch  30 training error:  tensor(0.4911, device='cuda:0', grad_fn=<DivBackward0>)
Memory status after this epoch: 
Memory allocated:  203.63427734375
Memory cached:  418.0
	 epoch  40 training error:  tensor(0.4922, device='cuda:0', grad_fn=<DivBackward0>)
Memory status after this epoch: 
Memory allocated:  203.63427734375
Memory cached:  420.0
	 epoch  50 training error:  tensor(0.4858, device='cuda:0', grad_fn=<DivBackward0>)
Memory status after this epoch: 
Memory allocated:  203.63427734375
Memory cached:  424.0
	 epoch  60 training error:  tensor(0.4806, device='cuda:0', grad_fn=<DivBackward0>)
Memory status after this epoch: 
Memory allocated:  203.63427734375
Memory cached:  426.0
	 epoch  70 training error:  tensor(0.4798, device='cuda:0', grad_fn=<DivBackward0>)
Memory status after this epoch: 
Memory allocated:  203.63427734375
Memory cached:  414.0
	 epoch  80 training error:  tensor(0.4768, device='cuda:0', grad_fn=<DivBackward0>)
Memory status after this epoch: 
Memory allocated:  203.63427734375
Memory cached:  418.0
	 epoch  90 training error:  tensor(0.4629, device='cuda:0', grad_fn=<DivBackward0>)
Memory status after this epoch: 
Memory allocated:  203.63427734375
Memory cached:  416.0
[I 2023-12-20 07:33:21,905] Trial 81 finished with value: 0.3101730942726135 and parameters: {'W_layers': 5, 'W_layer_units_exponent_0': 8, 'W_layer_units_exponent_1': 9, 'W_layer_units_exponent_2': 6, 'W_layer_units_exponent_3': 4, 'W_layer_units_exponent_4': 8, 'D_layers': 5, 'D_layer_units_exponent_0': 9, 'D_layer_units_exponent_1': 10, 'D_layer_units_exponent_2': 5, 'D_layer_units_exponent_3': 4, 'D_layer_units_exponent_4': 4, 'D_dagger_layers': 5, 'D_dagger_layer_units_exponent_0': 9, 'D_dagger_layer_units_exponent_1': 4, 'D_dagger_layer_units_exponent_2': 4, 'D_dagger_layer_units_exponent_3': 4, 'D_dagger_layer_units_exponent_4': 7, 'log_learning_rate': -2.9524619205980804, 'log_learning_rate_D': -4.538381472388167, 'log_learning_rate_D_dagger': -2.97433187923798, 'training_batch_size': 6, 'training_p': 5}. Best is trial 77 with value: 0.13922981917858124.
Time for this trial:  349.0450396537781
Memory status after this trial: 
Memory allocated:  376.51953125
Memory cached:  416.0
--------------------  Trial  82   --------------------
Start timing: 
Parameters: 
{'W_layers': 5, 'W_layer_units_exponent_0': 9, 'W_layer_units_exponent_1': 9, 'W_layer_units_exponent_2': 6, 'W_layer_units_exponent_3': 5, 'W_layer_units_exponent_4': 8, 'D_layers': 5, 'D_layer_units_exponent_0': 9, 'D_layer_units_exponent_1': 10, 'D_layer_units_exponent_2': 5, 'D_layer_units_exponent_3': 4, 'D_layer_units_exponent_4': 4, 'D_dagger_layers': 5, 'D_dagger_layer_units_exponent_0': 9, 'D_dagger_layer_units_exponent_1': 4, 'D_dagger_layer_units_exponent_2': 4, 'D_dagger_layer_units_exponent_3': 4, 'D_dagger_layer_units_exponent_4': 8, 'log_learning_rate': -1.9259586040310308, 'log_learning_rate_D': -4.397428152243247, 'log_learning_rate_D_dagger': -2.901752092482415, 'training_batch_size': 6, 'training_p': 5}
	 epoch  0 training error:  tensor(1.1640, device='cuda:0', grad_fn=<DivBackward0>)
Memory status after this epoch: 
Memory allocated:  205.75537109375
Memory cached:  406.0
	 epoch  10 training error:  tensor(3.7032, device='cuda:0', grad_fn=<DivBackward0>)
Memory status after this epoch: 
Memory allocated:  205.75537109375
Memory cached:  418.0
	 epoch  20 training error:  tensor(0.4899, device='cuda:0', grad_fn=<DivBackward0>)
Memory status after this epoch: 
Memory allocated:  205.75537109375
Memory cached:  420.0
	 epoch  30 training error:  tensor(0.4837, device='cuda:0', grad_fn=<DivBackward0>)
Memory status after this epoch: 
Memory allocated:  205.75537109375
Memory cached:  418.0
	 epoch  40 training error:  tensor(0.5030, device='cuda:0', grad_fn=<DivBackward0>)
Memory status after this epoch: 
Memory allocated:  205.75537109375
Memory cached:  424.0
	 epoch  50 training error:  tensor(0.4817, device='cuda:0', grad_fn=<DivBackward0>)
Memory status after this epoch: 
Memory allocated:  205.75537109375
Memory cached:  428.0
	 epoch  60 training error:  tensor(0.4778, device='cuda:0', grad_fn=<DivBackward0>)
Memory status after this epoch: 
Memory allocated:  205.75537109375
Memory cached:  416.0
	 epoch  70 training error:  tensor(0.4699, device='cuda:0', grad_fn=<DivBackward0>)
Memory status after this epoch: 
Memory allocated:  205.75537109375
Memory cached:  420.0
	 epoch  80 training error:  tensor(0.4178, device='cuda:0', grad_fn=<DivBackward0>)
Memory status after this epoch: 
Memory allocated:  205.75537109375
Memory cached:  418.0
	 epoch  90 training error:  tensor(0.3181, device='cuda:0', grad_fn=<DivBackward0>)
Memory status after this epoch: 
Memory allocated:  205.75537109375
Memory cached:  422.0
[I 2023-12-20 07:39:14,836] Trial 82 finished with value: 0.20481649041175842 and parameters: {'W_layers': 5, 'W_layer_units_exponent_0': 9, 'W_layer_units_exponent_1': 9, 'W_layer_units_exponent_2': 6, 'W_layer_units_exponent_3': 5, 'W_layer_units_exponent_4': 8, 'D_layers': 5, 'D_layer_units_exponent_0': 9, 'D_layer_units_exponent_1': 10, 'D_layer_units_exponent_2': 5, 'D_layer_units_exponent_3': 4, 'D_layer_units_exponent_4': 4, 'D_dagger_layers': 5, 'D_dagger_layer_units_exponent_0': 9, 'D_dagger_layer_units_exponent_1': 4, 'D_dagger_layer_units_exponent_2': 4, 'D_dagger_layer_units_exponent_3': 4, 'D_dagger_layer_units_exponent_4': 8, 'log_learning_rate': -1.9259586040310308, 'log_learning_rate_D': -4.397428152243247, 'log_learning_rate_D_dagger': -2.901752092482415, 'training_batch_size': 6, 'training_p': 5}. Best is trial 77 with value: 0.13922981917858124.
Time for this trial:  352.43769097328186
Memory status after this trial: 
Memory allocated:  397.794921875
Memory cached:  414.0
--------------------  Trial  83   --------------------
Start timing: 
Parameters: 
{'W_layers': 5, 'W_layer_units_exponent_0': 8, 'W_layer_units_exponent_1': 9, 'W_layer_units_exponent_2': 6, 'W_layer_units_exponent_3': 4, 'W_layer_units_exponent_4': 9, 'D_layers': 4, 'D_layer_units_exponent_0': 10, 'D_layer_units_exponent_1': 9, 'D_layer_units_exponent_2': 5, 'D_layer_units_exponent_3': 4, 'D_dagger_layers': 5, 'D_dagger_layer_units_exponent_0': 10, 'D_dagger_layer_units_exponent_1': 4, 'D_dagger_layer_units_exponent_2': 4, 'D_dagger_layer_units_exponent_3': 5, 'D_dagger_layer_units_exponent_4': 6, 'log_learning_rate': -1.9891152550855908, 'log_learning_rate_D': -4.605991146195582, 'log_learning_rate_D_dagger': -3.187604437378008, 'training_batch_size': 6, 'training_p': 5}
	 epoch  0 training error:  tensor(2.0766, device='cuda:0', grad_fn=<DivBackward0>)
Memory status after this epoch: 
Memory allocated:  203.60888671875
Memory cached:  400.0
	 epoch  10 training error:  tensor(0.8878, device='cuda:0', grad_fn=<DivBackward0>)
Memory status after this epoch: 
Memory allocated:  203.60888671875
Memory cached:  402.0
	 epoch  20 training error:  tensor(0.5347, device='cuda:0', grad_fn=<DivBackward0>)
Memory status after this epoch: 
Memory allocated:  203.60888671875
Memory cached:  408.0
	 epoch  30 training error:  tensor(0.4948, device='cuda:0', grad_fn=<DivBackward0>)
Memory status after this epoch: 
Memory allocated:  203.60888671875
Memory cached:  406.0
	 epoch  40 training error:  tensor(0.4886, device='cuda:0', grad_fn=<DivBackward0>)
Memory status after this epoch: 
Memory allocated:  203.60888671875
Memory cached:  406.0
	 epoch  50 training error:  tensor(0.4772, device='cuda:0', grad_fn=<DivBackward0>)
Memory status after this epoch: 
Memory allocated:  203.60888671875
Memory cached:  404.0
	 epoch  60 training error:  tensor(0.4813, device='cuda:0', grad_fn=<DivBackward0>)
Memory status after this epoch: 
Memory allocated:  203.60888671875
Memory cached:  404.0
	 epoch  70 training error:  tensor(0.4844, device='cuda:0', grad_fn=<DivBackward0>)
Memory status after this epoch: 
Memory allocated:  203.60888671875
Memory cached:  404.0
	 epoch  80 training error:  tensor(0.4736, device='cuda:0', grad_fn=<DivBackward0>)
Memory status after this epoch: 
Memory allocated:  203.60888671875
Memory cached:  410.0
	 epoch  90 training error:  tensor(0.4700, device='cuda:0', grad_fn=<DivBackward0>)
Memory status after this epoch: 
Memory allocated:  203.60888671875
Memory cached:  410.0
[I 2023-12-20 07:44:55,514] Trial 83 finished with value: 0.354436993598938 and parameters: {'W_layers': 5, 'W_layer_units_exponent_0': 8, 'W_layer_units_exponent_1': 9, 'W_layer_units_exponent_2': 6, 'W_layer_units_exponent_3': 4, 'W_layer_units_exponent_4': 9, 'D_layers': 4, 'D_layer_units_exponent_0': 10, 'D_layer_units_exponent_1': 9, 'D_layer_units_exponent_2': 5, 'D_layer_units_exponent_3': 4, 'D_dagger_layers': 5, 'D_dagger_layer_units_exponent_0': 10, 'D_dagger_layer_units_exponent_1': 4, 'D_dagger_layer_units_exponent_2': 4, 'D_dagger_layer_units_exponent_3': 5, 'D_dagger_layer_units_exponent_4': 6, 'log_learning_rate': -1.9891152550855908, 'log_learning_rate_D': -4.605991146195582, 'log_learning_rate_D_dagger': -3.187604437378008, 'training_batch_size': 6, 'training_p': 5}. Best is trial 77 with value: 0.13922981917858124.
Time for this trial:  340.2467029094696
Memory status after this trial: 
Memory allocated:  412.30810546875
Memory cached:  428.0
--------------------  Trial  84   --------------------
Start timing: 
Parameters: 
{'W_layers': 5, 'W_layer_units_exponent_0': 7, 'W_layer_units_exponent_1': 9, 'W_layer_units_exponent_2': 5, 'W_layer_units_exponent_3': 4, 'W_layer_units_exponent_4': 7, 'D_layers': 5, 'D_layer_units_exponent_0': 9, 'D_layer_units_exponent_1': 10, 'D_layer_units_exponent_2': 6, 'D_layer_units_exponent_3': 4, 'D_layer_units_exponent_4': 4, 'D_dagger_layers': 5, 'D_dagger_layer_units_exponent_0': 9, 'D_dagger_layer_units_exponent_1': 6, 'D_dagger_layer_units_exponent_2': 4, 'D_dagger_layer_units_exponent_3': 4, 'D_dagger_layer_units_exponent_4': 8, 'log_learning_rate': -2.105754363746896, 'log_learning_rate_D': -4.332194992660797, 'log_learning_rate_D_dagger': -3.065353732805525, 'training_batch_size': 6, 'training_p': 4}
	 epoch  0 training error:  tensor(0.9718, device='cuda:0', grad_fn=<DivBackward0>)
Memory status after this epoch: 
Memory allocated:  203.26708984375
Memory cached:  408.0
	 epoch  10 training error:  tensor(0.4573, device='cuda:0', grad_fn=<DivBackward0>)
Memory status after this epoch: 
Memory allocated:  203.26708984375
Memory cached:  422.0
	 epoch  20 training error:  tensor(0.4420, device='cuda:0', grad_fn=<DivBackward0>)
Memory status after this epoch: 
Memory allocated:  203.26708984375
Memory cached:  418.0
	 epoch  30 training error:  tensor(0.4371, device='cuda:0', grad_fn=<DivBackward0>)
Memory status after this epoch: 
Memory allocated:  203.26708984375
Memory cached:  424.0
	 epoch  40 training error:  tensor(0.4248, device='cuda:0', grad_fn=<DivBackward0>)
Memory status after this epoch: 
Memory allocated:  203.26708984375
Memory cached:  428.0
	 epoch  50 training error:  tensor(0.3941, device='cuda:0', grad_fn=<DivBackward0>)
Memory status after this epoch: 
Memory allocated:  203.26708984375
Memory cached:  420.0
	 epoch  60 training error:  tensor(0.3547, device='cuda:0', grad_fn=<DivBackward0>)
Memory status after this epoch: 
Memory allocated:  203.26708984375
Memory cached:  426.0
	 epoch  70 training error:  tensor(0.2814, device='cuda:0', grad_fn=<DivBackward0>)
Memory status after this epoch: 
Memory allocated:  203.26708984375
Memory cached:  428.0
	 epoch  80 training error:  tensor(0.2280, device='cuda:0', grad_fn=<DivBackward0>)
Memory status after this epoch: 
Memory allocated:  203.26708984375
Memory cached:  428.0
	 epoch  90 training error:  tensor(0.2102, device='cuda:0', grad_fn=<DivBackward0>)
Memory status after this epoch: 
Memory allocated:  203.26708984375
Memory cached:  426.0
[I 2023-12-20 07:50:44,280] Trial 84 finished with value: 0.16786406934261322 and parameters: {'W_layers': 5, 'W_layer_units_exponent_0': 7, 'W_layer_units_exponent_1': 9, 'W_layer_units_exponent_2': 5, 'W_layer_units_exponent_3': 4, 'W_layer_units_exponent_4': 7, 'D_layers': 5, 'D_layer_units_exponent_0': 9, 'D_layer_units_exponent_1': 10, 'D_layer_units_exponent_2': 6, 'D_layer_units_exponent_3': 4, 'D_layer_units_exponent_4': 4, 'D_dagger_layers': 5, 'D_dagger_layer_units_exponent_0': 9, 'D_dagger_layer_units_exponent_1': 6, 'D_dagger_layer_units_exponent_2': 4, 'D_dagger_layer_units_exponent_3': 4, 'D_dagger_layer_units_exponent_4': 8, 'log_learning_rate': -2.105754363746896, 'log_learning_rate_D': -4.332194992660797, 'log_learning_rate_D_dagger': -3.065353732805525, 'training_batch_size': 6, 'training_p': 4}. Best is trial 77 with value: 0.13922981917858124.
Time for this trial:  348.35360956192017
Memory status after this trial: 
Memory allocated:  371.87548828125
Memory cached:  416.0
--------------------  Trial  85   --------------------
Start timing: 
Parameters: 
{'W_layers': 4, 'W_layer_units_exponent_0': 7, 'W_layer_units_exponent_1': 9, 'W_layer_units_exponent_2': 5, 'W_layer_units_exponent_3': 4, 'D_layers': 5, 'D_layer_units_exponent_0': 9, 'D_layer_units_exponent_1': 10, 'D_layer_units_exponent_2': 5, 'D_layer_units_exponent_3': 4, 'D_layer_units_exponent_4': 4, 'D_dagger_layers': 5, 'D_dagger_layer_units_exponent_0': 9, 'D_dagger_layer_units_exponent_1': 6, 'D_dagger_layer_units_exponent_2': 4, 'D_dagger_layer_units_exponent_3': 4, 'D_dagger_layer_units_exponent_4': 8, 'log_learning_rate': -2.1298314573071964, 'log_learning_rate_D': -4.730200766103745, 'log_learning_rate_D_dagger': -3.3526438487308026, 'training_batch_size': 6, 'training_p': 4}
	 epoch  0 training error:  tensor(1.3300, device='cuda:0', grad_fn=<DivBackward0>)
Memory status after this epoch: 
Memory allocated:  202.72607421875
Memory cached:  412.0
	 epoch  10 training error:  tensor(0.5047, device='cuda:0', grad_fn=<DivBackward0>)
Memory status after this epoch: 
Memory allocated:  202.72607421875
Memory cached:  426.0
	 epoch  20 training error:  tensor(0.4598, device='cuda:0', grad_fn=<DivBackward0>)
Memory status after this epoch: 
Memory allocated:  202.72607421875
Memory cached:  426.0
	 epoch  30 training error:  tensor(0.4443, device='cuda:0', grad_fn=<DivBackward0>)
Memory status after this epoch: 
Memory allocated:  202.72607421875
Memory cached:  430.0
	 epoch  40 training error:  tensor(0.4489, device='cuda:0', grad_fn=<DivBackward0>)
Memory status after this epoch: 
Memory allocated:  202.72607421875
Memory cached:  428.0
	 epoch  50 training error:  tensor(0.4319, device='cuda:0', grad_fn=<DivBackward0>)
Memory status after this epoch: 
Memory allocated:  202.72607421875
Memory cached:  428.0
	 epoch  60 training error:  tensor(0.4556, device='cuda:0', grad_fn=<DivBackward0>)
Memory status after this epoch: 
Memory allocated:  202.72607421875
Memory cached:  430.0
	 epoch  70 training error:  tensor(0.4315, device='cuda:0', grad_fn=<DivBackward0>)
Memory status after this epoch: 
Memory allocated:  202.72607421875
Memory cached:  424.0
	 epoch  80 training error:  tensor(0.4227, device='cuda:0', grad_fn=<DivBackward0>)
Memory status after this epoch: 
Memory allocated:  202.72607421875
Memory cached:  428.0
	 epoch  90 training error:  tensor(0.4056, device='cuda:0', grad_fn=<DivBackward0>)
Memory status after this epoch: 
Memory allocated:  202.72607421875
Memory cached:  434.0
[I 2023-12-20 07:56:17,528] Trial 85 finished with value: 0.2685609459877014 and parameters: {'W_layers': 4, 'W_layer_units_exponent_0': 7, 'W_layer_units_exponent_1': 9, 'W_layer_units_exponent_2': 5, 'W_layer_units_exponent_3': 4, 'D_layers': 5, 'D_layer_units_exponent_0': 9, 'D_layer_units_exponent_1': 10, 'D_layer_units_exponent_2': 5, 'D_layer_units_exponent_3': 4, 'D_layer_units_exponent_4': 4, 'D_dagger_layers': 5, 'D_dagger_layer_units_exponent_0': 9, 'D_dagger_layer_units_exponent_1': 6, 'D_dagger_layer_units_exponent_2': 4, 'D_dagger_layer_units_exponent_3': 4, 'D_dagger_layer_units_exponent_4': 8, 'log_learning_rate': -2.1298314573071964, 'log_learning_rate_D': -4.730200766103745, 'log_learning_rate_D_dagger': -3.3526438487308026, 'training_batch_size': 6, 'training_p': 4}. Best is trial 77 with value: 0.13922981917858124.
Time for this trial:  332.8308491706848
Memory status after this trial: 
Memory allocated:  363.9072265625
Memory cached:  424.0
--------------------  Trial  86   --------------------
Start timing: 
Parameters: 
{'W_layers': 4, 'W_layer_units_exponent_0': 8, 'W_layer_units_exponent_1': 4, 'W_layer_units_exponent_2': 5, 'W_layer_units_exponent_3': 5, 'D_layers': 6, 'D_layer_units_exponent_0': 10, 'D_layer_units_exponent_1': 9, 'D_layer_units_exponent_2': 5, 'D_layer_units_exponent_3': 4, 'D_layer_units_exponent_4': 5, 'D_layer_units_exponent_5': 9, 'D_dagger_layers': 6, 'D_dagger_layer_units_exponent_0': 9, 'D_dagger_layer_units_exponent_1': 6, 'D_dagger_layer_units_exponent_2': 4, 'D_dagger_layer_units_exponent_3': 5, 'D_dagger_layer_units_exponent_4': 8, 'D_dagger_layer_units_exponent_5': 9, 'log_learning_rate': -1.7148422654189954, 'log_learning_rate_D': -4.256756936321057, 'log_learning_rate_D_dagger': -2.8491398425983916, 'training_batch_size': 6, 'training_p': 4}
	 epoch  0 training error:  tensor(0.9835, device='cuda:0', grad_fn=<DivBackward0>)
Memory status after this epoch: 
Memory allocated:  203.65576171875
Memory cached:  406.0
	 epoch  10 training error:  tensor(0.4613, device='cuda:0', grad_fn=<DivBackward0>)
Memory status after this epoch: 
Memory allocated:  203.65576171875
Memory cached:  410.0
	 epoch  20 training error:  tensor(0.4427, device='cuda:0', grad_fn=<DivBackward0>)
Memory status after this epoch: 
Memory allocated:  203.65576171875
Memory cached:  414.0
	 epoch  30 training error:  tensor(0.4384, device='cuda:0', grad_fn=<DivBackward0>)
Memory status after this epoch: 
Memory allocated:  203.65576171875
Memory cached:  410.0
	 epoch  40 training error:  tensor(0.4329, device='cuda:0', grad_fn=<DivBackward0>)
Memory status after this epoch: 
Memory allocated:  203.65576171875
Memory cached:  418.0
	 epoch  50 training error:  tensor(0.4525, device='cuda:0', grad_fn=<DivBackward0>)
Memory status after this epoch: 
Memory allocated:  203.65576171875
Memory cached:  414.0
	 epoch  60 training error:  tensor(0.4532, device='cuda:0', grad_fn=<DivBackward0>)
Memory status after this epoch: 
Memory allocated:  203.65576171875
Memory cached:  412.0
	 epoch  70 training error:  tensor(0.4405, device='cuda:0', grad_fn=<DivBackward0>)
Memory status after this epoch: 
Memory allocated:  203.65576171875
Memory cached:  416.0
	 epoch  80 training error:  tensor(0.4141, device='cuda:0', grad_fn=<DivBackward0>)
Memory status after this epoch: 
Memory allocated:  203.65576171875
Memory cached:  416.0
	 epoch  90 training error:  tensor(0.3727, device='cuda:0', grad_fn=<DivBackward0>)
Memory status after this epoch: 
Memory allocated:  203.65576171875
Memory cached:  414.0
