[I 2024-01-01 12:45:25,337] Trial 231 finished with value: 0.18005089461803436 and parameters: {'W_layers': 5, 'W_layer_units_exponent_0': 8, 'W_layer_units_exponent_1': 10, 'W_layer_units_exponent_2': 6, 'W_layer_units_exponent_3': 6, 'W_layer_units_exponent_4': 5, 'D_layers': 5, 'D_layer_units_exponent_0': 7, 'D_layer_units_exponent_1': 9, 'D_layer_units_exponent_2': 10, 'D_layer_units_exponent_3': 8, 'D_layer_units_exponent_4': 4, 'D_dagger_layers': 3, 'D_dagger_layer_units_exponent_0': 9, 'D_dagger_layer_units_exponent_1': 7, 'D_dagger_layer_units_exponent_2': 5, 'log_learning_rate': -2.424314937036656, 'log_learning_rate_D': -3.723244190005888, 'log_learning_rate_D_dagger': -2.531070837233403, 'training_batch_size': 6, 'training_p': 7}. Best is trial 220 with value: 0.11745021492242813.
Time for this trial:  324.08868622779846
Memory status after this trial: 
Memory allocated:  426.9267578125
Memory cached:  450.0
--------------------  Trial  232   --------------------
Start timing: 
Parameters: 
{'W_layers': 5, 'W_layer_units_exponent_0': 8, 'W_layer_units_exponent_1': 10, 'W_layer_units_exponent_2': 6, 'W_layer_units_exponent_3': 6, 'W_layer_units_exponent_4': 5, 'D_layers': 5, 'D_layer_units_exponent_0': 7, 'D_layer_units_exponent_1': 9, 'D_layer_units_exponent_2': 10, 'D_layer_units_exponent_3': 8, 'D_layer_units_exponent_4': 4, 'D_dagger_layers': 3, 'D_dagger_layer_units_exponent_0': 9, 'D_dagger_layer_units_exponent_1': 7, 'D_dagger_layer_units_exponent_2': 5, 'log_learning_rate': -2.3380499893785878, 'log_learning_rate_D': -3.767709326755238, 'log_learning_rate_D_dagger': -2.4354411791258124, 'training_batch_size': 6, 'training_p': 7}
	 epoch  0 training error:  tensor(1.3310, device='cuda:0', grad_fn=<DivBackward0>)
Memory status after this epoch: 
Memory allocated:  221.57861328125
Memory cached:  406.0
	 epoch  10 training error:  tensor(0.5583, device='cuda:0', grad_fn=<DivBackward0>)
Memory status after this epoch: 
Memory allocated:  221.57861328125
Memory cached:  412.0
	 epoch  20 training error:  tensor(0.5605, device='cuda:0', grad_fn=<DivBackward0>)
Memory status after this epoch: 
Memory allocated:  221.57861328125
Memory cached:  424.0
	 epoch  30 training error:  tensor(0.5622, device='cuda:0', grad_fn=<DivBackward0>)
Memory status after this epoch: 
Memory allocated:  221.57861328125
Memory cached:  414.0
	 epoch  40 training error:  tensor(0.5341, device='cuda:0', grad_fn=<DivBackward0>)
Memory status after this epoch: 
Memory allocated:  221.57861328125
Memory cached:  408.0
	 epoch  50 training error:  tensor(0.5145, device='cuda:0', grad_fn=<DivBackward0>)
Memory status after this epoch: 
Memory allocated:  221.57861328125
Memory cached:  408.0
	 epoch  60 training error:  tensor(0.3864, device='cuda:0', grad_fn=<DivBackward0>)
Memory status after this epoch: 
Memory allocated:  221.57861328125
Memory cached:  406.0
	 epoch  70 training error:  tensor(0.3404, device='cuda:0', grad_fn=<DivBackward0>)
Memory status after this epoch: 
Memory allocated:  221.57861328125
Memory cached:  414.0
	 epoch  80 training error:  tensor(0.2784, device='cuda:0', grad_fn=<DivBackward0>)
Memory status after this epoch: 
Memory allocated:  221.57861328125
Memory cached:  432.0
	 epoch  90 training error:  tensor(0.3071, device='cuda:0', grad_fn=<DivBackward0>)
Memory status after this epoch: 
Memory allocated:  221.57861328125
Memory cached:  428.0
[I 2024-01-01 12:50:45,616] Trial 232 finished with value: 0.14501892030239105 and parameters: {'W_layers': 5, 'W_layer_units_exponent_0': 8, 'W_layer_units_exponent_1': 10, 'W_layer_units_exponent_2': 6, 'W_layer_units_exponent_3': 6, 'W_layer_units_exponent_4': 5, 'D_layers': 5, 'D_layer_units_exponent_0': 7, 'D_layer_units_exponent_1': 9, 'D_layer_units_exponent_2': 10, 'D_layer_units_exponent_3': 8, 'D_layer_units_exponent_4': 4, 'D_dagger_layers': 3, 'D_dagger_layer_units_exponent_0': 9, 'D_dagger_layer_units_exponent_1': 7, 'D_dagger_layer_units_exponent_2': 5, 'log_learning_rate': -2.3380499893785878, 'log_learning_rate_D': -3.767709326755238, 'log_learning_rate_D_dagger': -2.4354411791258124, 'training_batch_size': 6, 'training_p': 7}. Best is trial 220 with value: 0.11745021492242813.
Time for this trial:  319.7500216960907
Memory status after this trial: 
Memory allocated:  426.9267578125
Memory cached:  450.0
--------------------  Trial  233   --------------------
Start timing: 
Parameters: 
{'W_layers': 5, 'W_layer_units_exponent_0': 8, 'W_layer_units_exponent_1': 10, 'W_layer_units_exponent_2': 6, 'W_layer_units_exponent_3': 6, 'W_layer_units_exponent_4': 5, 'D_layers': 5, 'D_layer_units_exponent_0': 7, 'D_layer_units_exponent_1': 9, 'D_layer_units_exponent_2': 10, 'D_layer_units_exponent_3': 8, 'D_layer_units_exponent_4': 4, 'D_dagger_layers': 3, 'D_dagger_layer_units_exponent_0': 9, 'D_dagger_layer_units_exponent_1': 7, 'D_dagger_layer_units_exponent_2': 5, 'log_learning_rate': -2.321799263362584, 'log_learning_rate_D': -3.690720637771943, 'log_learning_rate_D_dagger': -2.416899133586218, 'training_batch_size': 6, 'training_p': 7}
	 epoch  0 training error:  tensor(1.4354, device='cuda:0', grad_fn=<DivBackward0>)
Memory status after this epoch: 
Memory allocated:  221.57861328125
Memory cached:  406.0
	 epoch  10 training error:  tensor(0.5822, device='cuda:0', grad_fn=<DivBackward0>)
Memory status after this epoch: 
Memory allocated:  221.57861328125
Memory cached:  432.0
	 epoch  20 training error:  tensor(0.5537, device='cuda:0', grad_fn=<DivBackward0>)
Memory status after this epoch: 
Memory allocated:  221.57861328125
Memory cached:  412.0
	 epoch  30 training error:  tensor(0.4255, device='cuda:0', grad_fn=<DivBackward0>)
Memory status after this epoch: 
Memory allocated:  221.57861328125
Memory cached:  438.0
	 epoch  40 training error:  tensor(0.3848, device='cuda:0', grad_fn=<DivBackward0>)
Memory status after this epoch: 
Memory allocated:  221.57861328125
Memory cached:  414.0
	 epoch  50 training error:  tensor(0.3178, device='cuda:0', grad_fn=<DivBackward0>)
Memory status after this epoch: 
Memory allocated:  221.57861328125
Memory cached:  412.0
	 epoch  60 training error:  tensor(0.3155, device='cuda:0', grad_fn=<DivBackward0>)
Memory status after this epoch: 
Memory allocated:  221.57861328125
Memory cached:  432.0
	 epoch  70 training error:  tensor(0.2699, device='cuda:0', grad_fn=<DivBackward0>)
Memory status after this epoch: 
Memory allocated:  221.57861328125
Memory cached:  420.0
	 epoch  80 training error:  tensor(0.2875, device='cuda:0', grad_fn=<DivBackward0>)
Memory status after this epoch: 
Memory allocated:  221.57861328125
Memory cached:  410.0
	 epoch  90 training error:  tensor(0.2441, device='cuda:0', grad_fn=<DivBackward0>)
Memory status after this epoch: 
Memory allocated:  221.57861328125
Memory cached:  422.0
[I 2024-01-01 12:56:01,157] Trial 233 finished with value: 0.24998031556606293 and parameters: {'W_layers': 5, 'W_layer_units_exponent_0': 8, 'W_layer_units_exponent_1': 10, 'W_layer_units_exponent_2': 6, 'W_layer_units_exponent_3': 6, 'W_layer_units_exponent_4': 5, 'D_layers': 5, 'D_layer_units_exponent_0': 7, 'D_layer_units_exponent_1': 9, 'D_layer_units_exponent_2': 10, 'D_layer_units_exponent_3': 8, 'D_layer_units_exponent_4': 4, 'D_dagger_layers': 3, 'D_dagger_layer_units_exponent_0': 9, 'D_dagger_layer_units_exponent_1': 7, 'D_dagger_layer_units_exponent_2': 5, 'log_learning_rate': -2.321799263362584, 'log_learning_rate_D': -3.690720637771943, 'log_learning_rate_D_dagger': -2.416899133586218, 'training_batch_size': 6, 'training_p': 7}. Best is trial 220 with value: 0.11745021492242813.
Time for this trial:  315.1220998764038
Memory status after this trial: 
Memory allocated:  426.9267578125
Memory cached:  450.0
--------------------  Trial  234   --------------------
Start timing: 
Parameters: 
{'W_layers': 5, 'W_layer_units_exponent_0': 8, 'W_layer_units_exponent_1': 10, 'W_layer_units_exponent_2': 6, 'W_layer_units_exponent_3': 6, 'W_layer_units_exponent_4': 5, 'D_layers': 5, 'D_layer_units_exponent_0': 7, 'D_layer_units_exponent_1': 9, 'D_layer_units_exponent_2': 10, 'D_layer_units_exponent_3': 8, 'D_layer_units_exponent_4': 4, 'D_dagger_layers': 3, 'D_dagger_layer_units_exponent_0': 9, 'D_dagger_layer_units_exponent_1': 7, 'D_dagger_layer_units_exponent_2': 5, 'log_learning_rate': -2.3903301591288297, 'log_learning_rate_D': -3.2302699031024784, 'log_learning_rate_D_dagger': -2.3117543801152345, 'training_batch_size': 8, 'training_p': 7}
	 epoch  0 training error:  tensor(0.9536, device='cuda:0', grad_fn=<DivBackward0>)
Memory status after this epoch: 
Memory allocated:  221.55322265625
Memory cached:  416.0
	 epoch  10 training error:  tensor(0.5862, device='cuda:0', grad_fn=<DivBackward0>)
Memory status after this epoch: 
Memory allocated:  221.55322265625
Memory cached:  462.0
	 epoch  20 training error:  tensor(0.5837, device='cuda:0', grad_fn=<DivBackward0>)
Memory status after this epoch: 
Memory allocated:  221.55322265625
Memory cached:  482.0
	 epoch  30 training error:  tensor(0.5498, device='cuda:0', grad_fn=<DivBackward0>)
Memory status after this epoch: 
Memory allocated:  221.55322265625
Memory cached:  476.0
	 epoch  40 training error:  tensor(0.5375, device='cuda:0', grad_fn=<DivBackward0>)
Memory status after this epoch: 
Memory allocated:  221.55322265625
Memory cached:  474.0
	 epoch  50 training error:  tensor(0.5167, device='cuda:0', grad_fn=<DivBackward0>)
Memory status after this epoch: 
Memory allocated:  221.55322265625
Memory cached:  474.0
	 epoch  60 training error:  tensor(0.4813, device='cuda:0', grad_fn=<DivBackward0>)
Memory status after this epoch: 
Memory allocated:  221.55322265625
Memory cached:  472.0
	 epoch  70 training error:  tensor(0.4143, device='cuda:0', grad_fn=<DivBackward0>)
Memory status after this epoch: 
Memory allocated:  221.55322265625
Memory cached:  472.0
	 epoch  80 training error:  tensor(0.3360, device='cuda:0', grad_fn=<DivBackward0>)
Memory status after this epoch: 
Memory allocated:  221.55322265625
Memory cached:  470.0
	 epoch  90 training error:  tensor(0.2734, device='cuda:0', grad_fn=<DivBackward0>)
Memory status after this epoch: 
Memory allocated:  221.55322265625
Memory cached:  474.0
[I 2024-01-01 12:59:09,193] Trial 234 finished with value: 0.17808102071285248 and parameters: {'W_layers': 5, 'W_layer_units_exponent_0': 8, 'W_layer_units_exponent_1': 10, 'W_layer_units_exponent_2': 6, 'W_layer_units_exponent_3': 6, 'W_layer_units_exponent_4': 5, 'D_layers': 5, 'D_layer_units_exponent_0': 7, 'D_layer_units_exponent_1': 9, 'D_layer_units_exponent_2': 10, 'D_layer_units_exponent_3': 8, 'D_layer_units_exponent_4': 4, 'D_dagger_layers': 3, 'D_dagger_layer_units_exponent_0': 9, 'D_dagger_layer_units_exponent_1': 7, 'D_dagger_layer_units_exponent_2': 5, 'log_learning_rate': -2.3903301591288297, 'log_learning_rate_D': -3.2302699031024784, 'log_learning_rate_D_dagger': -2.3117543801152345, 'training_batch_size': 8, 'training_p': 7}. Best is trial 220 with value: 0.11745021492242813.
Time for this trial:  187.59178185462952
Memory status after this trial: 
Memory allocated:  426.876953125
Memory cached:  456.0
--------------------  Trial  235   --------------------
Start timing: 
Parameters: 
{'W_layers': 5, 'W_layer_units_exponent_0': 8, 'W_layer_units_exponent_1': 10, 'W_layer_units_exponent_2': 6, 'W_layer_units_exponent_3': 6, 'W_layer_units_exponent_4': 5, 'D_layers': 5, 'D_layer_units_exponent_0': 7, 'D_layer_units_exponent_1': 9, 'D_layer_units_exponent_2': 10, 'D_layer_units_exponent_3': 8, 'D_layer_units_exponent_4': 5, 'D_dagger_layers': 3, 'D_dagger_layer_units_exponent_0': 9, 'D_dagger_layer_units_exponent_1': 7, 'D_dagger_layer_units_exponent_2': 5, 'log_learning_rate': -2.6784510354230315, 'log_learning_rate_D': -3.5792876583682443, 'log_learning_rate_D_dagger': -2.466132430907718, 'training_batch_size': 6, 'training_p': 7}
	 epoch  0 training error:  tensor(1.3147, device='cuda:0', grad_fn=<DivBackward0>)
Memory status after this epoch: 
Memory allocated:  221.64111328125
Memory cached:  410.0
	 epoch  10 training error:  tensor(0.5410, device='cuda:0', grad_fn=<DivBackward0>)
Memory status after this epoch: 
Memory allocated:  221.64111328125
Memory cached:  420.0
	 epoch  20 training error:  tensor(0.5274, device='cuda:0', grad_fn=<DivBackward0>)
Memory status after this epoch: 
Memory allocated:  221.64111328125
Memory cached:  424.0
	 epoch  30 training error:  tensor(0.5118, device='cuda:0', grad_fn=<DivBackward0>)
Memory status after this epoch: 
Memory allocated:  221.64111328125
Memory cached:  420.0
	 epoch  40 training error:  tensor(0.4525, device='cuda:0', grad_fn=<DivBackward0>)
Memory status after this epoch: 
Memory allocated:  221.64111328125
Memory cached:  414.0
	 epoch  50 training error:  tensor(0.3088, device='cuda:0', grad_fn=<DivBackward0>)
Memory status after this epoch: 
Memory allocated:  221.64111328125
Memory cached:  420.0
	 epoch  60 training error:  tensor(0.4075, device='cuda:0', grad_fn=<DivBackward0>)
Memory status after this epoch: 
Memory allocated:  221.64111328125
Memory cached:  428.0
	 epoch  70 training error:  tensor(0.2466, device='cuda:0', grad_fn=<DivBackward0>)
Memory status after this epoch: 
Memory allocated:  221.64111328125
Memory cached:  422.0
	 epoch  80 training error:  tensor(0.2709, device='cuda:0', grad_fn=<DivBackward0>)
Memory status after this epoch: 
Memory allocated:  221.64111328125
Memory cached:  424.0
	 epoch  90 training error:  tensor(0.2334, device='cuda:0', grad_fn=<DivBackward0>)
Memory status after this epoch: 
Memory allocated:  221.64111328125
Memory cached:  426.0
[I 2024-01-01 13:04:33,620] Trial 235 finished with value: 0.23243217170238495 and parameters: {'W_layers': 5, 'W_layer_units_exponent_0': 8, 'W_layer_units_exponent_1': 10, 'W_layer_units_exponent_2': 6, 'W_layer_units_exponent_3': 6, 'W_layer_units_exponent_4': 5, 'D_layers': 5, 'D_layer_units_exponent_0': 7, 'D_layer_units_exponent_1': 9, 'D_layer_units_exponent_2': 10, 'D_layer_units_exponent_3': 8, 'D_layer_units_exponent_4': 5, 'D_dagger_layers': 3, 'D_dagger_layer_units_exponent_0': 9, 'D_dagger_layer_units_exponent_1': 7, 'D_dagger_layer_units_exponent_2': 5, 'log_learning_rate': -2.6784510354230315, 'log_learning_rate_D': -3.5792876583682443, 'log_learning_rate_D_dagger': -2.466132430907718, 'training_batch_size': 6, 'training_p': 7}. Best is trial 220 with value: 0.11745021492242813.
Time for this trial:  323.8848626613617
Memory status after this trial: 
Memory allocated:  427.5380859375
Memory cached:  450.0
--------------------  Trial  236   --------------------
Start timing: 
Parameters: 
{'W_layers': 5, 'W_layer_units_exponent_0': 8, 'W_layer_units_exponent_1': 10, 'W_layer_units_exponent_2': 6, 'W_layer_units_exponent_3': 6, 'W_layer_units_exponent_4': 5, 'D_layers': 5, 'D_layer_units_exponent_0': 7, 'D_layer_units_exponent_1': 9, 'D_layer_units_exponent_2': 10, 'D_layer_units_exponent_3': 8, 'D_layer_units_exponent_4': 4, 'D_dagger_layers': 3, 'D_dagger_layer_units_exponent_0': 9, 'D_dagger_layer_units_exponent_1': 7, 'D_dagger_layer_units_exponent_2': 5, 'log_learning_rate': -2.2655438211393313, 'log_learning_rate_D': -3.7733363580632857, 'log_learning_rate_D_dagger': -2.618558337288917, 'training_batch_size': 6, 'training_p': 7}
	 epoch  0 training error:  tensor(1.3072, device='cuda:0', grad_fn=<DivBackward0>)
Memory status after this epoch: 
Memory allocated:  221.57861328125
Memory cached:  406.0
	 epoch  10 training error:  tensor(0.5639, device='cuda:0', grad_fn=<DivBackward0>)
Memory status after this epoch: 
Memory allocated:  221.57861328125
Memory cached:  430.0
	 epoch  20 training error:  tensor(0.5394, device='cuda:0', grad_fn=<DivBackward0>)
Memory status after this epoch: 
Memory allocated:  221.57861328125
Memory cached:  444.0
	 epoch  30 training error:  tensor(0.5639, device='cuda:0', grad_fn=<DivBackward0>)
Memory status after this epoch: 
Memory allocated:  221.57861328125
Memory cached:  418.0
	 epoch  40 training error:  tensor(0.5394, device='cuda:0', grad_fn=<DivBackward0>)
Memory status after this epoch: 
Memory allocated:  221.57861328125
Memory cached:  414.0
	 epoch  50 training error:  tensor(0.5133, device='cuda:0', grad_fn=<DivBackward0>)
Memory status after this epoch: 
Memory allocated:  221.57861328125
Memory cached:  416.0
	 epoch  60 training error:  tensor(0.3464, device='cuda:0', grad_fn=<DivBackward0>)
Memory status after this epoch: 
Memory allocated:  221.57861328125
Memory cached:  412.0
	 epoch  70 training error:  tensor(0.3067, device='cuda:0', grad_fn=<DivBackward0>)
Memory status after this epoch: 
Memory allocated:  221.57861328125
Memory cached:  410.0
	 epoch  80 training error:  tensor(0.2641, device='cuda:0', grad_fn=<DivBackward0>)
Memory status after this epoch: 
Memory allocated:  221.57861328125
Memory cached:  410.0
	 epoch  90 training error:  tensor(0.2365, device='cuda:0', grad_fn=<DivBackward0>)
Memory status after this epoch: 
Memory allocated:  221.57861328125
Memory cached:  412.0
[I 2024-01-01 13:09:57,261] Trial 236 finished with value: 0.1533726304769516 and parameters: {'W_layers': 5, 'W_layer_units_exponent_0': 8, 'W_layer_units_exponent_1': 10, 'W_layer_units_exponent_2': 6, 'W_layer_units_exponent_3': 6, 'W_layer_units_exponent_4': 5, 'D_layers': 5, 'D_layer_units_exponent_0': 7, 'D_layer_units_exponent_1': 9, 'D_layer_units_exponent_2': 10, 'D_layer_units_exponent_3': 8, 'D_layer_units_exponent_4': 4, 'D_dagger_layers': 3, 'D_dagger_layer_units_exponent_0': 9, 'D_dagger_layer_units_exponent_1': 7, 'D_dagger_layer_units_exponent_2': 5, 'log_learning_rate': -2.2655438211393313, 'log_learning_rate_D': -3.7733363580632857, 'log_learning_rate_D_dagger': -2.618558337288917, 'training_batch_size': 6, 'training_p': 7}. Best is trial 220 with value: 0.11745021492242813.
Time for this trial:  323.1870291233063
Memory status after this trial: 
Memory allocated:  426.9267578125
Memory cached:  450.0
--------------------  Trial  237   --------------------
Start timing: 
Parameters: 
{'W_layers': 5, 'W_layer_units_exponent_0': 8, 'W_layer_units_exponent_1': 10, 'W_layer_units_exponent_2': 6, 'W_layer_units_exponent_3': 5, 'W_layer_units_exponent_4': 5, 'D_layers': 5, 'D_layer_units_exponent_0': 7, 'D_layer_units_exponent_1': 9, 'D_layer_units_exponent_2': 10, 'D_layer_units_exponent_3': 8, 'D_layer_units_exponent_4': 5, 'D_dagger_layers': 3, 'D_dagger_layer_units_exponent_0': 9, 'D_dagger_layer_units_exponent_1': 7, 'D_dagger_layer_units_exponent_2': 5, 'log_learning_rate': -2.4985103170502443, 'log_learning_rate_D': -3.4904400667998217, 'log_learning_rate_D_dagger': -2.3615780234340873, 'training_batch_size': 6, 'training_p': 7}
	 epoch  0 training error:  tensor(1.3975, device='cuda:0', grad_fn=<DivBackward0>)
Memory status after this epoch: 
Memory allocated:  221.59423828125
Memory cached:  406.0
	 epoch  10 training error:  tensor(0.5759, device='cuda:0', grad_fn=<DivBackward0>)
Memory status after this epoch: 
Memory allocated:  221.59423828125
Memory cached:  418.0
	 epoch  20 training error:  tensor(0.5290, device='cuda:0', grad_fn=<DivBackward0>)
Memory status after this epoch: 
Memory allocated:  221.59423828125
Memory cached:  426.0
	 epoch  30 training error:  tensor(0.5172, device='cuda:0', grad_fn=<DivBackward0>)
Memory status after this epoch: 
Memory allocated:  221.59423828125
Memory cached:  424.0
	 epoch  40 training error:  tensor(0.4812, device='cuda:0', grad_fn=<DivBackward0>)
Memory status after this epoch: 
Memory allocated:  221.59423828125
Memory cached:  422.0
	 epoch  50 training error:  tensor(0.3569, device='cuda:0', grad_fn=<DivBackward0>)
Memory status after this epoch: 
Memory allocated:  221.59423828125
Memory cached:  422.0
	 epoch  60 training error:  tensor(0.3142, device='cuda:0', grad_fn=<DivBackward0>)
Memory status after this epoch: 
Memory allocated:  221.59423828125
Memory cached:  424.0
	 epoch  70 training error:  tensor(0.2821, device='cuda:0', grad_fn=<DivBackward0>)
Memory status after this epoch: 
Memory allocated:  221.59423828125
Memory cached:  420.0
	 epoch  80 training error:  tensor(0.4108, device='cuda:0', grad_fn=<DivBackward0>)
Memory status after this epoch: 
Memory allocated:  221.59423828125
Memory cached:  428.0
	 epoch  90 training error:  tensor(0.2949, device='cuda:0', grad_fn=<DivBackward0>)
Memory status after this epoch: 
Memory allocated:  221.59423828125
Memory cached:  424.0
