[I 2023-12-03 07:06:50,486] Trial 0 finished with value: 0.10980270057916641 and parameters: {'W_layers': 3, 'W_layer_units_exponent_0': 8, 'W_layer_units_exponent_1': 7, 'W_layer_units_exponent_2': 8, 'D_layers': 4, 'D_layer_units_exponent_0': 6, 'D_layer_units_exponent_1': 5, 'D_layer_units_exponent_2': 8, 'D_layer_units_exponent_3': 5, 'D_dagger_layers': 7, 'D_dagger_layer_units_exponent_0': 5, 'D_dagger_layer_units_exponent_1': 10, 'D_dagger_layer_units_exponent_2': 9, 'D_dagger_layer_units_exponent_3': 9, 'D_dagger_layer_units_exponent_4': 4, 'D_dagger_layer_units_exponent_5': 7, 'D_dagger_layer_units_exponent_6': 4, 'log_learning_rate': -2.038523568962213, 'log_learning_rate_D': -4.303734729715296, 'log_learning_rate_D_dagger': -4.893001972801058, 'training_batch_size': 9, 'training_p': 8}. Best is trial 0 with value: 0.10980270057916641.
res:  tensor(0.1098, device='cuda:0', grad_fn=<DivBackward0>)
self.bestValue:  10000000.0
Save this model!
Time for this trial:  182.10193967819214
Memory status after this trial: 
Memory allocated:  179.6455078125
Memory cached:  200.0
--------------------  Trial  1   --------------------
Start timing: 
Parameters: 
{'W_layers': 3, 'W_layer_units_exponent_0': 9, 'W_layer_units_exponent_1': 4, 'W_layer_units_exponent_2': 10, 'D_layers': 3, 'D_layer_units_exponent_0': 5, 'D_layer_units_exponent_1': 7, 'D_layer_units_exponent_2': 9, 'D_dagger_layers': 4, 'D_dagger_layer_units_exponent_0': 7, 'D_dagger_layer_units_exponent_1': 4, 'D_dagger_layer_units_exponent_2': 8, 'D_dagger_layer_units_exponent_3': 5, 'log_learning_rate': -1.0403869873798297, 'log_learning_rate_D': -4.401156108245462, 'log_learning_rate_D_dagger': -1.3804539294885583, 'training_batch_size': 11, 'training_p': 5}
	 epoch  0 training error:  tensor(0.8337, device='cuda:0', grad_fn=<DivBackward0>)
Memory status after this epoch: 
Memory allocated:  181.435546875
Memory cached:  208.0
	 epoch  10 training error:  tensor(0.4406, device='cuda:0', grad_fn=<DivBackward0>)
Memory status after this epoch: 
Memory allocated:  181.435546875
Memory cached:  258.0
	 epoch  20 training error:  tensor(88.1248, device='cuda:0', grad_fn=<DivBackward0>)
Memory status after this epoch: 
Memory allocated:  181.435546875
Memory cached:  248.0
	 epoch  30 training error:  tensor(320.4499, device='cuda:0', grad_fn=<DivBackward0>)
Memory status after this epoch: 
Memory allocated:  181.435546875
Memory cached:  248.0
	 epoch  40 training error:  tensor(619.6006, device='cuda:0', grad_fn=<DivBackward0>)
Memory status after this epoch: 
Memory allocated:  181.435546875
Memory cached:  252.0
	 epoch  50 training error:  tensor(103.4946, device='cuda:0', grad_fn=<DivBackward0>)
Memory status after this epoch: 
Memory allocated:  181.435546875
Memory cached:  250.0
	 epoch  60 training error:  tensor(1.4673, device='cuda:0', grad_fn=<DivBackward0>)
Memory status after this epoch: 
Memory allocated:  181.435546875
Memory cached:  250.0
	 epoch  70 training error:  tensor(4.5399, device='cuda:0', grad_fn=<DivBackward0>)
Memory status after this epoch: 
Memory allocated:  181.435546875
Memory cached:  248.0
	 epoch  80 training error:  tensor(14.3318, device='cuda:0', grad_fn=<DivBackward0>)
Memory status after this epoch: 
Memory allocated:  181.435546875
Memory cached:  260.0
	 epoch  90 training error:  tensor(7.4443, device='cuda:0', grad_fn=<DivBackward0>)
Memory status after this epoch: 
Memory allocated:  181.435546875
Memory cached:  250.0
[I 2023-12-03 07:09:23,165] Trial 1 finished with value: 5.808990001678467 and parameters: {'W_layers': 3, 'W_layer_units_exponent_0': 9, 'W_layer_units_exponent_1': 4, 'W_layer_units_exponent_2': 10, 'D_layers': 3, 'D_layer_units_exponent_0': 5, 'D_layer_units_exponent_1': 7, 'D_layer_units_exponent_2': 9, 'D_dagger_layers': 4, 'D_dagger_layer_units_exponent_0': 7, 'D_dagger_layer_units_exponent_1': 4, 'D_dagger_layer_units_exponent_2': 8, 'D_dagger_layer_units_exponent_3': 5, 'log_learning_rate': -1.0403869873798297, 'log_learning_rate_D': -4.401156108245462, 'log_learning_rate_D_dagger': -1.3804539294885583, 'training_batch_size': 11, 'training_p': 5}. Best is trial 0 with value: 0.10980270057916641.
Time for this trial:  152.56603026390076
Memory status after this trial: 
Memory allocated:  310.8515625
Memory cached:  328.0
--------------------  Trial  2   --------------------
Start timing: 
Parameters: 
{'W_layers': 7, 'W_layer_units_exponent_0': 8, 'W_layer_units_exponent_1': 7, 'W_layer_units_exponent_2': 8, 'W_layer_units_exponent_3': 5, 'W_layer_units_exponent_4': 10, 'W_layer_units_exponent_5': 8, 'W_layer_units_exponent_6': 5, 'D_layers': 3, 'D_layer_units_exponent_0': 10, 'D_layer_units_exponent_1': 8, 'D_layer_units_exponent_2': 4, 'D_dagger_layers': 3, 'D_dagger_layer_units_exponent_0': 10, 'D_dagger_layer_units_exponent_1': 4, 'D_dagger_layer_units_exponent_2': 7, 'log_learning_rate': -1.7153209644977472, 'log_learning_rate_D': -3.6880101351999817, 'log_learning_rate_D_dagger': -3.4277423580028645, 'training_batch_size': 10, 'training_p': 3}
	 epoch  0 training error:  tensor(0.6363, device='cuda:0', grad_fn=<DivBackward0>)
Memory status after this epoch: 
Memory allocated:  190.12109375
Memory cached:  214.0
	 epoch  10 training error:  tensor(1.4661, device='cuda:0', grad_fn=<DivBackward0>)
Memory status after this epoch: 
Memory allocated:  190.12109375
Memory cached:  260.0
	 epoch  20 training error:  tensor(0.6979, device='cuda:0', grad_fn=<DivBackward0>)
Memory status after this epoch: 
Memory allocated:  190.12109375
Memory cached:  258.0
	 epoch  30 training error:  tensor(0.1647, device='cuda:0', grad_fn=<DivBackward0>)
Memory status after this epoch: 
Memory allocated:  190.12109375
Memory cached:  262.0
	 epoch  40 training error:  tensor(0.3327, device='cuda:0', grad_fn=<DivBackward0>)
Memory status after this epoch: 
Memory allocated:  190.12109375
Memory cached:  250.0
	 epoch  50 training error:  tensor(0.5619, device='cuda:0', grad_fn=<DivBackward0>)
Memory status after this epoch: 
Memory allocated:  190.12109375
Memory cached:  248.0
	 epoch  60 training error:  tensor(0.0796, device='cuda:0', grad_fn=<DivBackward0>)
Memory status after this epoch: 
Memory allocated:  190.12109375
Memory cached:  244.0
	 epoch  70 training error:  tensor(0.0880, device='cuda:0', grad_fn=<DivBackward0>)
Memory status after this epoch: 
Memory allocated:  190.12109375
Memory cached:  246.0
	 epoch  80 training error:  tensor(0.0699, device='cuda:0', grad_fn=<DivBackward0>)
Memory status after this epoch: 
Memory allocated:  190.12109375
Memory cached:  258.0
	 epoch  90 training error:  tensor(0.0483, device='cuda:0', grad_fn=<DivBackward0>)
Memory status after this epoch: 
Memory allocated:  190.12109375
Memory cached:  250.0
[I 2023-12-03 07:12:33,754] Trial 2 finished with value: 0.04534578695893288 and parameters: {'W_layers': 7, 'W_layer_units_exponent_0': 8, 'W_layer_units_exponent_1': 7, 'W_layer_units_exponent_2': 8, 'W_layer_units_exponent_3': 5, 'W_layer_units_exponent_4': 10, 'W_layer_units_exponent_5': 8, 'W_layer_units_exponent_6': 5, 'D_layers': 3, 'D_layer_units_exponent_0': 10, 'D_layer_units_exponent_1': 8, 'D_layer_units_exponent_2': 4, 'D_dagger_layers': 3, 'D_dagger_layer_units_exponent_0': 10, 'D_dagger_layer_units_exponent_1': 4, 'D_dagger_layer_units_exponent_2': 7, 'log_learning_rate': -1.7153209644977472, 'log_learning_rate_D': -3.6880101351999817, 'log_learning_rate_D_dagger': -3.4277423580028645, 'training_batch_size': 10, 'training_p': 3}. Best is trial 2 with value: 0.04534578695893288.
res:  tensor(0.0453, device='cuda:0', grad_fn=<DivBackward0>)
self.bestValue:  tensor(0.1098, device='cuda:0', grad_fn=<DivBackward0>)
Save this model!
Time for this trial:  190.4221203327179
Memory status after this trial: 
Memory allocated:  241.56005859375
Memory cached:  410.0
--------------------  Trial  3   --------------------
Start timing: 
Parameters: 
{'W_layers': 6, 'W_layer_units_exponent_0': 6, 'W_layer_units_exponent_1': 4, 'W_layer_units_exponent_2': 8, 'W_layer_units_exponent_3': 8, 'W_layer_units_exponent_4': 7, 'W_layer_units_exponent_5': 4, 'D_layers': 3, 'D_layer_units_exponent_0': 5, 'D_layer_units_exponent_1': 9, 'D_layer_units_exponent_2': 4, 'D_dagger_layers': 7, 'D_dagger_layer_units_exponent_0': 5, 'D_dagger_layer_units_exponent_1': 4, 'D_dagger_layer_units_exponent_2': 9, 'D_dagger_layer_units_exponent_3': 6, 'D_dagger_layer_units_exponent_4': 5, 'D_dagger_layer_units_exponent_5': 5, 'D_dagger_layer_units_exponent_6': 6, 'log_learning_rate': -3.1893375799865678, 'log_learning_rate_D': -1.5317747590079938, 'log_learning_rate_D_dagger': -1.442804849014181, 'training_batch_size': 12, 'training_p': 3}
	 epoch  0 training error:  tensor(0.9795, device='cuda:0', grad_fn=<DivBackward0>)
Memory status after this epoch: 
Memory allocated:  244.35205078125
Memory cached:  414.0
	 epoch  10 training error:  tensor(0.3225, device='cuda:0', grad_fn=<DivBackward0>)
Memory status after this epoch: 
Memory allocated:  244.35205078125
Memory cached:  420.0
	 epoch  20 training error:  tensor(0.8350, device='cuda:0', grad_fn=<DivBackward0>)
Memory status after this epoch: 
Memory allocated:  244.35205078125
Memory cached:  418.0
	 epoch  30 training error:  tensor(0.4670, device='cuda:0', grad_fn=<DivBackward0>)
Memory status after this epoch: 
Memory allocated:  244.35205078125
Memory cached:  422.0
	 epoch  40 training error:  tensor(0.1287, device='cuda:0', grad_fn=<DivBackward0>)
Memory status after this epoch: 
Memory allocated:  244.35205078125
Memory cached:  422.0
	 epoch  50 training error:  tensor(0.1216, device='cuda:0', grad_fn=<DivBackward0>)
Memory status after this epoch: 
Memory allocated:  244.35205078125
Memory cached:  422.0
	 epoch  60 training error:  tensor(0.1238, device='cuda:0', grad_fn=<DivBackward0>)
Memory status after this epoch: 
Memory allocated:  244.35205078125
Memory cached:  420.0
	 epoch  70 training error:  tensor(0.1250, device='cuda:0', grad_fn=<DivBackward0>)
Memory status after this epoch: 
Memory allocated:  244.35205078125
Memory cached:  414.0
	 epoch  80 training error:  tensor(0.1236, device='cuda:0', grad_fn=<DivBackward0>)
Memory status after this epoch: 
Memory allocated:  244.35205078125
Memory cached:  414.0
	 epoch  90 training error:  tensor(0.1296, device='cuda:0', grad_fn=<DivBackward0>)
Memory status after this epoch: 
Memory allocated:  244.35205078125
Memory cached:  416.0
[I 2023-12-03 07:15:45,196] Trial 3 finished with value: 0.8242238163948059 and parameters: {'W_layers': 6, 'W_layer_units_exponent_0': 6, 'W_layer_units_exponent_1': 4, 'W_layer_units_exponent_2': 8, 'W_layer_units_exponent_3': 8, 'W_layer_units_exponent_4': 7, 'W_layer_units_exponent_5': 4, 'D_layers': 3, 'D_layer_units_exponent_0': 5, 'D_layer_units_exponent_1': 9, 'D_layer_units_exponent_2': 4, 'D_dagger_layers': 7, 'D_dagger_layer_units_exponent_0': 5, 'D_dagger_layer_units_exponent_1': 4, 'D_dagger_layer_units_exponent_2': 9, 'D_dagger_layer_units_exponent_3': 6, 'D_dagger_layer_units_exponent_4': 5, 'D_dagger_layer_units_exponent_5': 5, 'D_dagger_layer_units_exponent_6': 6, 'log_learning_rate': -3.1893375799865678, 'log_learning_rate_D': -1.5317747590079938, 'log_learning_rate_D_dagger': -1.442804849014181, 'training_batch_size': 12, 'training_p': 3}. Best is trial 2 with value: 0.04534578695893288.
Time for this trial:  191.31558966636658
Memory status after this trial: 
Memory allocated:  352.34033203125
Memory cached:  410.0
--------------------  Trial  4   --------------------
Start timing: 
Parameters: 
{'W_layers': 5, 'W_layer_units_exponent_0': 6, 'W_layer_units_exponent_1': 10, 'W_layer_units_exponent_2': 10, 'W_layer_units_exponent_3': 10, 'W_layer_units_exponent_4': 9, 'D_layers': 5, 'D_layer_units_exponent_0': 10, 'D_layer_units_exponent_1': 5, 'D_layer_units_exponent_2': 7, 'D_layer_units_exponent_3': 7, 'D_layer_units_exponent_4': 7, 'D_dagger_layers': 8, 'D_dagger_layer_units_exponent_0': 9, 'D_dagger_layer_units_exponent_1': 7, 'D_dagger_layer_units_exponent_2': 8, 'D_dagger_layer_units_exponent_3': 8, 'D_dagger_layer_units_exponent_4': 4, 'D_dagger_layer_units_exponent_5': 4, 'D_dagger_layer_units_exponent_6': 6, 'D_dagger_layer_units_exponent_7': 8, 'log_learning_rate': -3.7761249619203685, 'log_learning_rate_D': -2.0331616567753947, 'log_learning_rate_D_dagger': -2.3203417972223335, 'training_batch_size': 6, 'training_p': 5}
	 epoch  0 training error:  tensor(1.3338, device='cuda:0', grad_fn=<DivBackward0>)
Memory status after this epoch: 
Memory allocated:  286.82958984375
Memory cached:  482.0
	 epoch  10 training error:  tensor(0.1512, device='cuda:0', grad_fn=<DivBackward0>)
Memory status after this epoch: 
Memory allocated:  286.82958984375
Memory cached:  514.0
	 epoch  20 training error:  tensor(0.1345, device='cuda:0', grad_fn=<DivBackward0>)
Memory status after this epoch: 
Memory allocated:  286.82958984375
Memory cached:  524.0
	 epoch  30 training error:  tensor(0.1370, device='cuda:0', grad_fn=<DivBackward0>)
Memory status after this epoch: 
Memory allocated:  286.82958984375
Memory cached:  514.0
	 epoch  40 training error:  tensor(0.1390, device='cuda:0', grad_fn=<DivBackward0>)
Memory status after this epoch: 
Memory allocated:  286.82958984375
Memory cached:  512.0
	 epoch  50 training error:  tensor(0.1381, device='cuda:0', grad_fn=<DivBackward0>)
Memory status after this epoch: 
Memory allocated:  286.82958984375
Memory cached:  510.0
	 epoch  60 training error:  tensor(0.1373, device='cuda:0', grad_fn=<DivBackward0>)
Memory status after this epoch: 
Memory allocated:  286.82958984375
Memory cached:  508.0
	 epoch  70 training error:  tensor(0.1290, device='cuda:0', grad_fn=<DivBackward0>)
Memory status after this epoch: 
Memory allocated:  286.82958984375
Memory cached:  508.0
	 epoch  80 training error:  tensor(0.1273, device='cuda:0', grad_fn=<DivBackward0>)
Memory status after this epoch: 
Memory allocated:  286.82958984375
Memory cached:  502.0
	 epoch  90 training error:  tensor(0.1495, device='cuda:0', grad_fn=<DivBackward0>)
Memory status after this epoch: 
Memory allocated:  286.82958984375
Memory cached:  502.0
[I 2023-12-03 07:22:35,857] Trial 4 finished with value: 0.15066085755825043 and parameters: {'W_layers': 5, 'W_layer_units_exponent_0': 6, 'W_layer_units_exponent_1': 10, 'W_layer_units_exponent_2': 10, 'W_layer_units_exponent_3': 10, 'W_layer_units_exponent_4': 9, 'D_layers': 5, 'D_layer_units_exponent_0': 10, 'D_layer_units_exponent_1': 5, 'D_layer_units_exponent_2': 7, 'D_layer_units_exponent_3': 7, 'D_layer_units_exponent_4': 7, 'D_dagger_layers': 8, 'D_dagger_layer_units_exponent_0': 9, 'D_dagger_layer_units_exponent_1': 7, 'D_dagger_layer_units_exponent_2': 8, 'D_dagger_layer_units_exponent_3': 8, 'D_dagger_layer_units_exponent_4': 4, 'D_dagger_layer_units_exponent_5': 4, 'D_dagger_layer_units_exponent_6': 6, 'D_dagger_layer_units_exponent_7': 8, 'log_learning_rate': -3.7761249619203685, 'log_learning_rate_D': -2.0331616567753947, 'log_learning_rate_D_dagger': -2.3203417972223335, 'training_batch_size': 6, 'training_p': 5}. Best is trial 2 with value: 0.04534578695893288.
Time for this trial:  410.4635248184204
Memory status after this trial: 
Memory allocated:  609.43505859375
Memory cached:  614.0
--------------------  Trial  5   --------------------
Start timing: 
Parameters: 
{'W_layers': 4, 'W_layer_units_exponent_0': 5, 'W_layer_units_exponent_1': 4, 'W_layer_units_exponent_2': 7, 'W_layer_units_exponent_3': 8, 'D_layers': 3, 'D_layer_units_exponent_0': 8, 'D_layer_units_exponent_1': 5, 'D_layer_units_exponent_2': 8, 'D_dagger_layers': 5, 'D_dagger_layer_units_exponent_0': 10, 'D_dagger_layer_units_exponent_1': 4, 'D_dagger_layer_units_exponent_2': 9, 'D_dagger_layer_units_exponent_3': 10, 'D_dagger_layer_units_exponent_4': 8, 'log_learning_rate': -4.879705386987384, 'log_learning_rate_D': -3.986955644399974, 'log_learning_rate_D_dagger': -1.3073257181148028, 'training_batch_size': 10, 'training_p': 4}
	 epoch  0 training error:  tensor(1.1888, device='cuda:0', grad_fn=<DivBackward0>)
Memory status after this epoch: 
Memory allocated:  255.00634765625
Memory cached:  440.0
	 epoch  10 training error:  tensor(278.1320, device='cuda:0', grad_fn=<DivBackward0>)
Memory status after this epoch: 
Memory allocated:  255.00634765625
Memory cached:  464.0
	 epoch  20 training error:  tensor(6599.7202, device='cuda:0', grad_fn=<DivBackward0>)
Memory status after this epoch: 
Memory allocated:  255.00634765625
Memory cached:  462.0
	 epoch  30 training error:  tensor(876.0660, device='cuda:0', grad_fn=<DivBackward0>)
Memory status after this epoch: 
Memory allocated:  255.00634765625
Memory cached:  456.0
	 epoch  40 training error:  tensor(487.4250, device='cuda:0', grad_fn=<DivBackward0>)
Memory status after this epoch: 
Memory allocated:  255.00634765625
Memory cached:  452.0
	 epoch  50 training error:  tensor(1.0283, device='cuda:0', grad_fn=<DivBackward0>)
Memory status after this epoch: 
Memory allocated:  255.00634765625
Memory cached:  458.0
	 epoch  60 training error:  tensor(0.9565, device='cuda:0', grad_fn=<DivBackward0>)
Memory status after this epoch: 
Memory allocated:  255.00634765625
Memory cached:  460.0
	 epoch  70 training error:  tensor(0.8324, device='cuda:0', grad_fn=<DivBackward0>)
Memory status after this epoch: 
Memory allocated:  255.00634765625
Memory cached:  448.0
	 epoch  80 training error:  tensor(0.6946, device='cuda:0', grad_fn=<DivBackward0>)
Memory status after this epoch: 
Memory allocated:  255.00634765625
Memory cached:  466.0
	 epoch  90 training error:  tensor(0.5545, device='cuda:0', grad_fn=<DivBackward0>)
Memory status after this epoch: 
Memory allocated:  255.00634765625
Memory cached:  456.0
[I 2023-12-03 07:25:30,686] Trial 5 finished with value: 0.3933829963207245 and parameters: {'W_layers': 4, 'W_layer_units_exponent_0': 5, 'W_layer_units_exponent_1': 4, 'W_layer_units_exponent_2': 7, 'W_layer_units_exponent_3': 8, 'D_layers': 3, 'D_layer_units_exponent_0': 8, 'D_layer_units_exponent_1': 5, 'D_layer_units_exponent_2': 8, 'D_dagger_layers': 5, 'D_dagger_layer_units_exponent_0': 10, 'D_dagger_layer_units_exponent_1': 4, 'D_dagger_layer_units_exponent_2': 9, 'D_dagger_layer_units_exponent_3': 10, 'D_dagger_layer_units_exponent_4': 8, 'log_learning_rate': -4.879705386987384, 'log_learning_rate_D': -3.986955644399974, 'log_learning_rate_D_dagger': -1.3073257181148028, 'training_batch_size': 10, 'training_p': 4}. Best is trial 2 with value: 0.04534578695893288.
Time for this trial:  174.63473773002625
Memory status after this trial: 
Memory allocated:  446.27001953125
Memory cached:  466.0
--------------------  Trial  6   --------------------
Start timing: 
Parameters: 
{'W_layers': 7, 'W_layer_units_exponent_0': 9, 'W_layer_units_exponent_1': 10, 'W_layer_units_exponent_2': 8, 'W_layer_units_exponent_3': 8, 'W_layer_units_exponent_4': 10, 'W_layer_units_exponent_5': 5, 'W_layer_units_exponent_6': 8, 'D_layers': 4, 'D_layer_units_exponent_0': 4, 'D_layer_units_exponent_1': 6, 'D_layer_units_exponent_2': 9, 'D_layer_units_exponent_3': 8, 'D_dagger_layers': 4, 'D_dagger_layer_units_exponent_0': 5, 'D_dagger_layer_units_exponent_1': 6, 'D_dagger_layer_units_exponent_2': 4, 'D_dagger_layer_units_exponent_3': 4, 'log_learning_rate': -1.5428260206828623, 'log_learning_rate_D': -2.3936582376455697, 'log_learning_rate_D_dagger': -2.9154796302780928, 'training_batch_size': 9, 'training_p': 2}
	 epoch  0 training error:  tensor(0.9786, device='cuda:0', grad_fn=<DivBackward0>)
Memory status after this epoch: 
Memory allocated:  261.88525390625
Memory cached:  432.0
	 epoch  10 training error:  tensor(18005.7461, device='cuda:0', grad_fn=<DivBackward0>)
Memory status after this epoch: 
Memory allocated:  261.88525390625
Memory cached:  458.0
	 epoch  20 training error:  tensor(1.0513, device='cuda:0', grad_fn=<DivBackward0>)
Memory status after this epoch: 
Memory allocated:  261.88525390625
Memory cached:  460.0
	 epoch  30 training error:  tensor(0.9619, device='cuda:0', grad_fn=<DivBackward0>)
Memory status after this epoch: 
Memory allocated:  261.88525390625
Memory cached:  454.0
	 epoch  40 training error:  tensor(0.8318, device='cuda:0', grad_fn=<DivBackward0>)
Memory status after this epoch: 
Memory allocated:  261.88525390625
Memory cached:  452.0
	 epoch  50 training error:  tensor(0.4906, device='cuda:0', grad_fn=<DivBackward0>)
Memory status after this epoch: 
Memory allocated:  261.88525390625
Memory cached:  458.0
	 epoch  60 training error:  tensor(0.1510, device='cuda:0', grad_fn=<DivBackward0>)
Memory status after this epoch: 
Memory allocated:  261.88525390625
Memory cached:  462.0
	 epoch  70 training error:  tensor(0.1296, device='cuda:0', grad_fn=<DivBackward0>)
Memory status after this epoch: 
Memory allocated:  261.88525390625
Memory cached:  456.0
	 epoch  80 training error:  tensor(0.1177, device='cuda:0', grad_fn=<DivBackward0>)
Memory status after this epoch: 
Memory allocated:  261.88525390625
Memory cached:  454.0
	 epoch  90 training error:  tensor(0.1132, device='cuda:0', grad_fn=<DivBackward0>)
Memory status after this epoch: 
Memory allocated:  261.88525390625
Memory cached:  458.0
