[I 2024-01-04 00:47:07,262] Trial 181 finished with value: 0.07934755086898804 and parameters: {'W_layers': 5, 'W_layer_units_exponent_0': 7, 'W_layer_units_exponent_1': 10, 'W_layer_units_exponent_2': 7, 'W_layer_units_exponent_3': 6, 'W_layer_units_exponent_4': 8, 'D_layers': 6, 'D_layer_units_exponent_0': 10, 'D_layer_units_exponent_1': 5, 'D_layer_units_exponent_2': 9, 'D_layer_units_exponent_3': 4, 'D_layer_units_exponent_4': 6, 'D_layer_units_exponent_5': 6, 'D_dagger_layers': 7, 'D_dagger_layer_units_exponent_0': 5, 'D_dagger_layer_units_exponent_1': 10, 'D_dagger_layer_units_exponent_2': 9, 'D_dagger_layer_units_exponent_3': 8, 'D_dagger_layer_units_exponent_4': 9, 'D_dagger_layer_units_exponent_5': 8, 'D_dagger_layer_units_exponent_6': 5, 'log_learning_rate': -3.1906890904428393, 'log_learning_rate_D': -2.7729989852252555, 'log_learning_rate_D_dagger': -3.5943399522949133, 'training_batch_size': 10, 'training_p': 3}. Best is trial 127 with value: 0.07626055181026459.
Time for this trial:  241.89942622184753
Memory status after this trial: 
Memory allocated:  599.57861328125
Memory cached:  622.0
--------------------  Trial  182   --------------------
Start timing: 
Parameters: 
{'W_layers': 5, 'W_layer_units_exponent_0': 7, 'W_layer_units_exponent_1': 10, 'W_layer_units_exponent_2': 7, 'W_layer_units_exponent_3': 6, 'W_layer_units_exponent_4': 8, 'D_layers': 6, 'D_layer_units_exponent_0': 10, 'D_layer_units_exponent_1': 5, 'D_layer_units_exponent_2': 9, 'D_layer_units_exponent_3': 4, 'D_layer_units_exponent_4': 6, 'D_layer_units_exponent_5': 6, 'D_dagger_layers': 7, 'D_dagger_layer_units_exponent_0': 5, 'D_dagger_layer_units_exponent_1': 10, 'D_dagger_layer_units_exponent_2': 9, 'D_dagger_layer_units_exponent_3': 8, 'D_dagger_layer_units_exponent_4': 9, 'D_dagger_layer_units_exponent_5': 8, 'D_dagger_layer_units_exponent_6': 5, 'log_learning_rate': -3.2352503703562125, 'log_learning_rate_D': -2.7856797769049115, 'log_learning_rate_D_dagger': -3.5711920998835742, 'training_batch_size': 10, 'training_p': 3}
	 epoch  0 training error:  tensor(0.9424, device='cuda:0', grad_fn=<DivBackward0>)
Memory status after this epoch: 
Memory allocated:  295.759765625
Memory cached:  528.0
	 epoch  10 training error:  tensor(0.2118, device='cuda:0', grad_fn=<DivBackward0>)
Memory status after this epoch: 
Memory allocated:  295.759765625
Memory cached:  562.0
	 epoch  20 training error:  tensor(0.1455, device='cuda:0', grad_fn=<DivBackward0>)
Memory status after this epoch: 
Memory allocated:  295.759765625
Memory cached:  570.0
	 epoch  30 training error:  tensor(0.1140, device='cuda:0', grad_fn=<DivBackward0>)
Memory status after this epoch: 
Memory allocated:  295.759765625
Memory cached:  560.0
	 epoch  40 training error:  tensor(0.1447, device='cuda:0', grad_fn=<DivBackward0>)
Memory status after this epoch: 
Memory allocated:  295.759765625
Memory cached:  554.0
	 epoch  50 training error:  tensor(0.1056, device='cuda:0', grad_fn=<DivBackward0>)
Memory status after this epoch: 
Memory allocated:  295.759765625
Memory cached:  558.0
	 epoch  60 training error:  tensor(0.0988, device='cuda:0', grad_fn=<DivBackward0>)
Memory status after this epoch: 
Memory allocated:  295.759765625
Memory cached:  564.0
	 epoch  70 training error:  tensor(0.0829, device='cuda:0', grad_fn=<DivBackward0>)
Memory status after this epoch: 
Memory allocated:  295.759765625
Memory cached:  558.0
	 epoch  80 training error:  tensor(0.0913, device='cuda:0', grad_fn=<DivBackward0>)
Memory status after this epoch: 
Memory allocated:  295.759765625
Memory cached:  566.0
	 epoch  90 training error:  tensor(0.0846, device='cuda:0', grad_fn=<DivBackward0>)
Memory status after this epoch: 
Memory allocated:  295.759765625
Memory cached:  562.0
[I 2024-01-04 00:51:07,142] Trial 182 finished with value: 0.07866384088993073 and parameters: {'W_layers': 5, 'W_layer_units_exponent_0': 7, 'W_layer_units_exponent_1': 10, 'W_layer_units_exponent_2': 7, 'W_layer_units_exponent_3': 6, 'W_layer_units_exponent_4': 8, 'D_layers': 6, 'D_layer_units_exponent_0': 10, 'D_layer_units_exponent_1': 5, 'D_layer_units_exponent_2': 9, 'D_layer_units_exponent_3': 4, 'D_layer_units_exponent_4': 6, 'D_layer_units_exponent_5': 6, 'D_dagger_layers': 7, 'D_dagger_layer_units_exponent_0': 5, 'D_dagger_layer_units_exponent_1': 10, 'D_dagger_layer_units_exponent_2': 9, 'D_dagger_layer_units_exponent_3': 8, 'D_dagger_layer_units_exponent_4': 9, 'D_dagger_layer_units_exponent_5': 8, 'D_dagger_layer_units_exponent_6': 5, 'log_learning_rate': -3.2352503703562125, 'log_learning_rate_D': -2.7856797769049115, 'log_learning_rate_D_dagger': -3.5711920998835742, 'training_batch_size': 10, 'training_p': 3}. Best is trial 127 with value: 0.07626055181026459.
Time for this trial:  239.31069588661194
Memory status after this trial: 
Memory allocated:  599.57861328125
Memory cached:  622.0
--------------------  Trial  183   --------------------
Start timing: 
Parameters: 
{'W_layers': 5, 'W_layer_units_exponent_0': 7, 'W_layer_units_exponent_1': 10, 'W_layer_units_exponent_2': 7, 'W_layer_units_exponent_3': 6, 'W_layer_units_exponent_4': 8, 'D_layers': 6, 'D_layer_units_exponent_0': 10, 'D_layer_units_exponent_1': 5, 'D_layer_units_exponent_2': 9, 'D_layer_units_exponent_3': 4, 'D_layer_units_exponent_4': 6, 'D_layer_units_exponent_5': 6, 'D_dagger_layers': 7, 'D_dagger_layer_units_exponent_0': 5, 'D_dagger_layer_units_exponent_1': 10, 'D_dagger_layer_units_exponent_2': 9, 'D_dagger_layer_units_exponent_3': 8, 'D_dagger_layer_units_exponent_4': 9, 'D_dagger_layer_units_exponent_5': 8, 'D_dagger_layer_units_exponent_6': 5, 'log_learning_rate': -3.2030968908929216, 'log_learning_rate_D': -2.8148649181207324, 'log_learning_rate_D_dagger': -3.5389960762971544, 'training_batch_size': 10, 'training_p': 3}
	 epoch  0 training error:  tensor(1.0455, device='cuda:0', grad_fn=<DivBackward0>)
Memory status after this epoch: 
Memory allocated:  295.759765625
Memory cached:  526.0
	 epoch  10 training error:  tensor(0.1820, device='cuda:0', grad_fn=<DivBackward0>)
Memory status after this epoch: 
Memory allocated:  295.759765625
Memory cached:  556.0
	 epoch  20 training error:  tensor(0.1525, device='cuda:0', grad_fn=<DivBackward0>)
Memory status after this epoch: 
Memory allocated:  295.759765625
Memory cached:  554.0
	 epoch  30 training error:  tensor(0.1352, device='cuda:0', grad_fn=<DivBackward0>)
Memory status after this epoch: 
Memory allocated:  295.759765625
Memory cached:  562.0
	 epoch  40 training error:  tensor(0.1212, device='cuda:0', grad_fn=<DivBackward0>)
Memory status after this epoch: 
Memory allocated:  295.759765625
Memory cached:  562.0
	 epoch  50 training error:  tensor(0.1073, device='cuda:0', grad_fn=<DivBackward0>)
Memory status after this epoch: 
Memory allocated:  295.759765625
Memory cached:  564.0
	 epoch  60 training error:  tensor(0.0999, device='cuda:0', grad_fn=<DivBackward0>)
Memory status after this epoch: 
Memory allocated:  295.759765625
Memory cached:  554.0
	 epoch  70 training error:  tensor(0.1078, device='cuda:0', grad_fn=<DivBackward0>)
Memory status after this epoch: 
Memory allocated:  295.759765625
Memory cached:  562.0
	 epoch  80 training error:  tensor(0.0882, device='cuda:0', grad_fn=<DivBackward0>)
Memory status after this epoch: 
Memory allocated:  295.759765625
Memory cached:  566.0
	 epoch  90 training error:  tensor(0.0885, device='cuda:0', grad_fn=<DivBackward0>)
Memory status after this epoch: 
Memory allocated:  295.759765625
Memory cached:  554.0
[I 2024-01-04 00:55:08,786] Trial 183 finished with value: 0.08003641664981842 and parameters: {'W_layers': 5, 'W_layer_units_exponent_0': 7, 'W_layer_units_exponent_1': 10, 'W_layer_units_exponent_2': 7, 'W_layer_units_exponent_3': 6, 'W_layer_units_exponent_4': 8, 'D_layers': 6, 'D_layer_units_exponent_0': 10, 'D_layer_units_exponent_1': 5, 'D_layer_units_exponent_2': 9, 'D_layer_units_exponent_3': 4, 'D_layer_units_exponent_4': 6, 'D_layer_units_exponent_5': 6, 'D_dagger_layers': 7, 'D_dagger_layer_units_exponent_0': 5, 'D_dagger_layer_units_exponent_1': 10, 'D_dagger_layer_units_exponent_2': 9, 'D_dagger_layer_units_exponent_3': 8, 'D_dagger_layer_units_exponent_4': 9, 'D_dagger_layer_units_exponent_5': 8, 'D_dagger_layer_units_exponent_6': 5, 'log_learning_rate': -3.2030968908929216, 'log_learning_rate_D': -2.8148649181207324, 'log_learning_rate_D_dagger': -3.5389960762971544, 'training_batch_size': 10, 'training_p': 3}. Best is trial 127 with value: 0.07626055181026459.
Time for this trial:  241.08340406417847
Memory status after this trial: 
Memory allocated:  599.57861328125
Memory cached:  622.0
--------------------  Trial  184   --------------------
Start timing: 
Parameters: 
{'W_layers': 5, 'W_layer_units_exponent_0': 7, 'W_layer_units_exponent_1': 10, 'W_layer_units_exponent_2': 7, 'W_layer_units_exponent_3': 6, 'W_layer_units_exponent_4': 8, 'D_layers': 6, 'D_layer_units_exponent_0': 10, 'D_layer_units_exponent_1': 5, 'D_layer_units_exponent_2': 9, 'D_layer_units_exponent_3': 4, 'D_layer_units_exponent_4': 6, 'D_layer_units_exponent_5': 6, 'D_dagger_layers': 7, 'D_dagger_layer_units_exponent_0': 5, 'D_dagger_layer_units_exponent_1': 10, 'D_dagger_layer_units_exponent_2': 9, 'D_dagger_layer_units_exponent_3': 8, 'D_dagger_layer_units_exponent_4': 9, 'D_dagger_layer_units_exponent_5': 8, 'D_dagger_layer_units_exponent_6': 5, 'log_learning_rate': -3.152001472286977, 'log_learning_rate_D': -2.877973970832054, 'log_learning_rate_D_dagger': -3.7851252730234584, 'training_batch_size': 10, 'training_p': 3}
	 epoch  0 training error:  tensor(0.9439, device='cuda:0', grad_fn=<DivBackward0>)
Memory status after this epoch: 
Memory allocated:  295.759765625
Memory cached:  530.0
	 epoch  10 training error:  tensor(0.2858, device='cuda:0', grad_fn=<DivBackward0>)
Memory status after this epoch: 
Memory allocated:  295.759765625
Memory cached:  566.0
	 epoch  20 training error:  tensor(0.1729, device='cuda:0', grad_fn=<DivBackward0>)
Memory status after this epoch: 
Memory allocated:  295.759765625
Memory cached:  562.0
	 epoch  30 training error:  tensor(0.1377, device='cuda:0', grad_fn=<DivBackward0>)
Memory status after this epoch: 
Memory allocated:  295.759765625
Memory cached:  556.0
	 epoch  40 training error:  tensor(0.1257, device='cuda:0', grad_fn=<DivBackward0>)
Memory status after this epoch: 
Memory allocated:  295.759765625
Memory cached:  552.0
	 epoch  50 training error:  tensor(0.1182, device='cuda:0', grad_fn=<DivBackward0>)
Memory status after this epoch: 
Memory allocated:  295.759765625
Memory cached:  566.0
	 epoch  60 training error:  tensor(0.1099, device='cuda:0', grad_fn=<DivBackward0>)
Memory status after this epoch: 
Memory allocated:  295.759765625
Memory cached:  558.0
	 epoch  70 training error:  tensor(0.1040, device='cuda:0', grad_fn=<DivBackward0>)
Memory status after this epoch: 
Memory allocated:  295.759765625
Memory cached:  558.0
	 epoch  80 training error:  tensor(0.1044, device='cuda:0', grad_fn=<DivBackward0>)
Memory status after this epoch: 
Memory allocated:  295.759765625
Memory cached:  560.0
	 epoch  90 training error:  tensor(0.0867, device='cuda:0', grad_fn=<DivBackward0>)
Memory status after this epoch: 
Memory allocated:  295.759765625
Memory cached:  554.0
[I 2024-01-04 00:59:10,237] Trial 184 finished with value: 0.08361028879880905 and parameters: {'W_layers': 5, 'W_layer_units_exponent_0': 7, 'W_layer_units_exponent_1': 10, 'W_layer_units_exponent_2': 7, 'W_layer_units_exponent_3': 6, 'W_layer_units_exponent_4': 8, 'D_layers': 6, 'D_layer_units_exponent_0': 10, 'D_layer_units_exponent_1': 5, 'D_layer_units_exponent_2': 9, 'D_layer_units_exponent_3': 4, 'D_layer_units_exponent_4': 6, 'D_layer_units_exponent_5': 6, 'D_dagger_layers': 7, 'D_dagger_layer_units_exponent_0': 5, 'D_dagger_layer_units_exponent_1': 10, 'D_dagger_layer_units_exponent_2': 9, 'D_dagger_layer_units_exponent_3': 8, 'D_dagger_layer_units_exponent_4': 9, 'D_dagger_layer_units_exponent_5': 8, 'D_dagger_layer_units_exponent_6': 5, 'log_learning_rate': -3.152001472286977, 'log_learning_rate_D': -2.877973970832054, 'log_learning_rate_D_dagger': -3.7851252730234584, 'training_batch_size': 10, 'training_p': 3}. Best is trial 127 with value: 0.07626055181026459.
Time for this trial:  240.9062201976776
Memory status after this trial: 
Memory allocated:  599.57861328125
Memory cached:  622.0
--------------------  Trial  185   --------------------
Start timing: 
Parameters: 
{'W_layers': 5, 'W_layer_units_exponent_0': 7, 'W_layer_units_exponent_1': 10, 'W_layer_units_exponent_2': 7, 'W_layer_units_exponent_3': 6, 'W_layer_units_exponent_4': 8, 'D_layers': 6, 'D_layer_units_exponent_0': 10, 'D_layer_units_exponent_1': 5, 'D_layer_units_exponent_2': 9, 'D_layer_units_exponent_3': 4, 'D_layer_units_exponent_4': 5, 'D_layer_units_exponent_5': 5, 'D_dagger_layers': 7, 'D_dagger_layer_units_exponent_0': 5, 'D_dagger_layer_units_exponent_1': 10, 'D_dagger_layer_units_exponent_2': 9, 'D_dagger_layer_units_exponent_3': 8, 'D_dagger_layer_units_exponent_4': 9, 'D_dagger_layer_units_exponent_5': 8, 'D_dagger_layer_units_exponent_6': 5, 'log_learning_rate': -3.3642551224261674, 'log_learning_rate_D': -2.639520405454525, 'log_learning_rate_D_dagger': -3.688596350020756, 'training_batch_size': 10, 'training_p': 3}
	 epoch  0 training error:  tensor(1.0320, device='cuda:0', grad_fn=<DivBackward0>)
Memory status after this epoch: 
Memory allocated:  295.705078125
Memory cached:  530.0
	 epoch  10 training error:  tensor(0.2379, device='cuda:0', grad_fn=<DivBackward0>)
Memory status after this epoch: 
Memory allocated:  295.705078125
Memory cached:  568.0
	 epoch  20 training error:  tensor(0.1713, device='cuda:0', grad_fn=<DivBackward0>)
Memory status after this epoch: 
Memory allocated:  295.705078125
Memory cached:  568.0
	 epoch  30 training error:  tensor(0.1442, device='cuda:0', grad_fn=<DivBackward0>)
Memory status after this epoch: 
Memory allocated:  295.705078125
Memory cached:  568.0
	 epoch  40 training error:  tensor(0.1340, device='cuda:0', grad_fn=<DivBackward0>)
Memory status after this epoch: 
Memory allocated:  295.705078125
Memory cached:  572.0
	 epoch  50 training error:  tensor(0.1215, device='cuda:0', grad_fn=<DivBackward0>)
Memory status after this epoch: 
Memory allocated:  295.705078125
Memory cached:  564.0
	 epoch  60 training error:  tensor(0.1258, device='cuda:0', grad_fn=<DivBackward0>)
Memory status after this epoch: 
Memory allocated:  295.705078125
Memory cached:  564.0
	 epoch  70 training error:  tensor(0.0977, device='cuda:0', grad_fn=<DivBackward0>)
Memory status after this epoch: 
Memory allocated:  295.705078125
Memory cached:  566.0
	 epoch  80 training error:  tensor(0.0902, device='cuda:0', grad_fn=<DivBackward0>)
Memory status after this epoch: 
Memory allocated:  295.705078125
Memory cached:  572.0
	 epoch  90 training error:  tensor(0.0867, device='cuda:0', grad_fn=<DivBackward0>)
Memory status after this epoch: 
Memory allocated:  295.705078125
Memory cached:  566.0
[I 2024-01-04 01:03:11,581] Trial 185 finished with value: 0.08200962841510773 and parameters: {'W_layers': 5, 'W_layer_units_exponent_0': 7, 'W_layer_units_exponent_1': 10, 'W_layer_units_exponent_2': 7, 'W_layer_units_exponent_3': 6, 'W_layer_units_exponent_4': 8, 'D_layers': 6, 'D_layer_units_exponent_0': 10, 'D_layer_units_exponent_1': 5, 'D_layer_units_exponent_2': 9, 'D_layer_units_exponent_3': 4, 'D_layer_units_exponent_4': 5, 'D_layer_units_exponent_5': 5, 'D_dagger_layers': 7, 'D_dagger_layer_units_exponent_0': 5, 'D_dagger_layer_units_exponent_1': 10, 'D_dagger_layer_units_exponent_2': 9, 'D_dagger_layer_units_exponent_3': 8, 'D_dagger_layer_units_exponent_4': 9, 'D_dagger_layer_units_exponent_5': 8, 'D_dagger_layer_units_exponent_6': 5, 'log_learning_rate': -3.3642551224261674, 'log_learning_rate_D': -2.639520405454525, 'log_learning_rate_D_dagger': -3.688596350020756, 'training_batch_size': 10, 'training_p': 3}. Best is trial 127 with value: 0.07626055181026459.
Time for this trial:  240.77511048316956
Memory status after this trial: 
Memory allocated:  596.4091796875
Memory cached:  620.0
--------------------  Trial  186   --------------------
Start timing: 
Parameters: 
{'W_layers': 5, 'W_layer_units_exponent_0': 7, 'W_layer_units_exponent_1': 10, 'W_layer_units_exponent_2': 8, 'W_layer_units_exponent_3': 6, 'W_layer_units_exponent_4': 8, 'D_layers': 6, 'D_layer_units_exponent_0': 10, 'D_layer_units_exponent_1': 5, 'D_layer_units_exponent_2': 9, 'D_layer_units_exponent_3': 4, 'D_layer_units_exponent_4': 6, 'D_layer_units_exponent_5': 7, 'D_dagger_layers': 7, 'D_dagger_layer_units_exponent_0': 5, 'D_dagger_layer_units_exponent_1': 10, 'D_dagger_layer_units_exponent_2': 9, 'D_dagger_layer_units_exponent_3': 8, 'D_dagger_layer_units_exponent_4': 9, 'D_dagger_layer_units_exponent_5': 8, 'D_dagger_layer_units_exponent_6': 5, 'log_learning_rate': -3.086400201337838, 'log_learning_rate_D': -2.964496404306616, 'log_learning_rate_D_dagger': -3.55796712529792, 'training_batch_size': 10, 'training_p': 3}
	 epoch  0 training error:  tensor(0.9755, device='cuda:0', grad_fn=<DivBackward0>)
Memory status after this epoch: 
Memory allocated:  297.94921875
Memory cached:  528.0
	 epoch  10 training error:  tensor(0.2516, device='cuda:0', grad_fn=<DivBackward0>)
Memory status after this epoch: 
Memory allocated:  297.94921875
Memory cached:  564.0
	 epoch  20 training error:  tensor(0.1826, device='cuda:0', grad_fn=<DivBackward0>)
Memory status after this epoch: 
Memory allocated:  297.94921875
Memory cached:  560.0
	 epoch  30 training error:  tensor(0.1381, device='cuda:0', grad_fn=<DivBackward0>)
Memory status after this epoch: 
Memory allocated:  297.94921875
Memory cached:  564.0
	 epoch  40 training error:  tensor(0.1278, device='cuda:0', grad_fn=<DivBackward0>)
Memory status after this epoch: 
Memory allocated:  297.94921875
Memory cached:  564.0
	 epoch  50 training error:  tensor(0.1126, device='cuda:0', grad_fn=<DivBackward0>)
Memory status after this epoch: 
Memory allocated:  297.94921875
Memory cached:  558.0
	 epoch  60 training error:  tensor(0.1042, device='cuda:0', grad_fn=<DivBackward0>)
Memory status after this epoch: 
Memory allocated:  297.94921875
Memory cached:  568.0
	 epoch  70 training error:  tensor(0.1040, device='cuda:0', grad_fn=<DivBackward0>)
Memory status after this epoch: 
Memory allocated:  297.94921875
Memory cached:  566.0
	 epoch  80 training error:  tensor(0.0958, device='cuda:0', grad_fn=<DivBackward0>)
Memory status after this epoch: 
Memory allocated:  297.94921875
Memory cached:  574.0
	 epoch  90 training error:  tensor(0.1001, device='cuda:0', grad_fn=<DivBackward0>)
Memory status after this epoch: 
Memory allocated:  297.94921875
Memory cached:  560.0
