[I 2023-12-07 04:16:52,202] Trial 99 finished with value: 0.521205723285675 and parameters: {'W_layers': 4, 'W_layer_units_exponent_0': 6, 'W_layer_units_exponent_1': 7, 'W_layer_units_exponent_2': 6, 'W_layer_units_exponent_3': 6, 'D_layers': 5, 'D_layer_units_exponent_0': 7, 'D_layer_units_exponent_1': 10, 'D_layer_units_exponent_2': 7, 'D_layer_units_exponent_3': 5, 'D_layer_units_exponent_4': 10, 'D_dagger_layers': 7, 'D_dagger_layer_units_exponent_0': 8, 'D_dagger_layer_units_exponent_1': 5, 'D_dagger_layer_units_exponent_2': 5, 'D_dagger_layer_units_exponent_3': 4, 'D_dagger_layer_units_exponent_4': 9, 'D_dagger_layer_units_exponent_5': 8, 'D_dagger_layer_units_exponent_6': 6, 'log_learning_rate': -1.9662991337597893, 'log_learning_rate_D': -3.7865284313388208, 'log_learning_rate_D_dagger': -2.391019995494269, 'training_batch_size': 6, 'training_p': 2}. Best is trial 78 with value: 0.5054259300231934.
Time for this trial:  20.962713956832886
Memory status after this trial: 
Memory allocated:  108.83447265625
Memory cached:  120.0
