[I 2023-12-06 11:49:51,541] Trial 20 finished with value: 0.33899202942848206 and parameters: {'W_layers': 7, 'W_layer_units_exponent_0': 10, 'W_layer_units_exponent_1': 5, 'W_layer_units_exponent_2': 6, 'W_layer_units_exponent_3': 6, 'W_layer_units_exponent_4': 4, 'W_layer_units_exponent_5': 4, 'W_layer_units_exponent_6': 9, 'D_layers': 7, 'D_layer_units_exponent_0': 4, 'D_layer_units_exponent_1': 6, 'D_layer_units_exponent_2': 8, 'D_layer_units_exponent_3': 4, 'D_layer_units_exponent_4': 7, 'D_layer_units_exponent_5': 7, 'D_layer_units_exponent_6': 10, 'log_learning_rate': -2.311553963740822, 'log_learning_rate_D': -2.723104995760403, 'training_batch_size': 7, 'training_p': 7}. Best is trial 20 with value: 0.33899202942848206.
res:  tensor(0.3390, device='cuda:0', grad_fn=<DivBackward0>)
self.bestValue:  tensor(0.3425, device='cuda:0', grad_fn=<DivBackward0>)
Save this model!
Time for this trial:  16.72530174255371
Memory status after this trial: 
Memory allocated:  41.076171875
Memory cached:  72.0
--------------------  Trial  21   --------------------
Start timing: 
Parameters: 
{'W_layers': 7, 'W_layer_units_exponent_0': 10, 'W_layer_units_exponent_1': 5, 'W_layer_units_exponent_2': 6, 'W_layer_units_exponent_3': 6, 'W_layer_units_exponent_4': 4, 'W_layer_units_exponent_5': 4, 'W_layer_units_exponent_6': 9, 'D_layers': 7, 'D_layer_units_exponent_0': 4, 'D_layer_units_exponent_1': 6, 'D_layer_units_exponent_2': 8, 'D_layer_units_exponent_3': 4, 'D_layer_units_exponent_4': 7, 'D_layer_units_exponent_5': 7, 'D_layer_units_exponent_6': 10, 'log_learning_rate': -2.3156765147668787, 'log_learning_rate_D': -2.71259212043343, 'training_batch_size': 7, 'training_p': 7}
	 epoch  0 training error:  tensor(0.8860, device='cuda:0', grad_fn=<DivBackward0>)
Memory status after this epoch: 
Memory allocated:  42.57958984375
Memory cached:  72.0
	 epoch  10 training error:  tensor(0.5548, device='cuda:0', grad_fn=<DivBackward0>)
Memory status after this epoch: 
Memory allocated:  42.57958984375
Memory cached:  72.0
	 epoch  20 training error:  tensor(0.4666, device='cuda:0', grad_fn=<DivBackward0>)
Memory status after this epoch: 
Memory allocated:  42.57958984375
Memory cached:  72.0
	 epoch  30 training error:  tensor(0.3907, device='cuda:0', grad_fn=<DivBackward0>)
Memory status after this epoch: 
Memory allocated:  42.57958984375
Memory cached:  72.0
	 epoch  40 training error:  tensor(0.3847, device='cuda:0', grad_fn=<DivBackward0>)
Memory status after this epoch: 
Memory allocated:  42.57958984375
Memory cached:  72.0
	 epoch  50 training error:  tensor(0.3725, device='cuda:0', grad_fn=<DivBackward0>)
Memory status after this epoch: 
Memory allocated:  42.57958984375
Memory cached:  72.0
	 epoch  60 training error:  tensor(0.3694, device='cuda:0', grad_fn=<DivBackward0>)
Memory status after this epoch: 
Memory allocated:  42.57958984375
Memory cached:  72.0
	 epoch  70 training error:  tensor(0.4042, device='cuda:0', grad_fn=<DivBackward0>)
Memory status after this epoch: 
Memory allocated:  42.57958984375
Memory cached:  72.0
	 epoch  80 training error:  tensor(0.4070, device='cuda:0', grad_fn=<DivBackward0>)
Memory status after this epoch: 
Memory allocated:  42.57958984375
Memory cached:  72.0
	 epoch  90 training error:  tensor(0.3786, device='cuda:0', grad_fn=<DivBackward0>)
Memory status after this epoch: 
Memory allocated:  42.57958984375
Memory cached:  72.0
[I 2023-12-06 11:50:08,667] Trial 21 finished with value: 0.34877634048461914 and parameters: {'W_layers': 7, 'W_layer_units_exponent_0': 10, 'W_layer_units_exponent_1': 5, 'W_layer_units_exponent_2': 6, 'W_layer_units_exponent_3': 6, 'W_layer_units_exponent_4': 4, 'W_layer_units_exponent_5': 4, 'W_layer_units_exponent_6': 9, 'D_layers': 7, 'D_layer_units_exponent_0': 4, 'D_layer_units_exponent_1': 6, 'D_layer_units_exponent_2': 8, 'D_layer_units_exponent_3': 4, 'D_layer_units_exponent_4': 7, 'D_layer_units_exponent_5': 7, 'D_layer_units_exponent_6': 10, 'log_learning_rate': -2.3156765147668787, 'log_learning_rate_D': -2.71259212043343, 'training_batch_size': 7, 'training_p': 7}. Best is trial 20 with value: 0.33899202942848206.
Time for this trial:  16.94339632987976
Memory status after this trial: 
Memory allocated:  81.40185546875
Memory cached:  92.0
--------------------  Trial  22   --------------------
Start timing: 
Parameters: 
{'W_layers': 8, 'W_layer_units_exponent_0': 10, 'W_layer_units_exponent_1': 4, 'W_layer_units_exponent_2': 6, 'W_layer_units_exponent_3': 6, 'W_layer_units_exponent_4': 4, 'W_layer_units_exponent_5': 5, 'W_layer_units_exponent_6': 8, 'W_layer_units_exponent_7': 10, 'D_layers': 7, 'D_layer_units_exponent_0': 5, 'D_layer_units_exponent_1': 5, 'D_layer_units_exponent_2': 9, 'D_layer_units_exponent_3': 4, 'D_layer_units_exponent_4': 6, 'D_layer_units_exponent_5': 6, 'D_layer_units_exponent_6': 10, 'log_learning_rate': -1.604632386702269, 'log_learning_rate_D': -2.7238212190635394, 'training_batch_size': 6, 'training_p': 8}
	 epoch  0 training error:  tensor(6.1680, device='cuda:0', grad_fn=<DivBackward0>)
Memory status after this epoch: 
Memory allocated:  46.02880859375
Memory cached:  74.0
	 epoch  10 training error:  tensor(58.6015, device='cuda:0', grad_fn=<DivBackward0>)
Memory status after this epoch: 
Memory allocated:  46.02880859375
Memory cached:  74.0
	 epoch  20 training error:  tensor(16.4083, device='cuda:0', grad_fn=<DivBackward0>)
Memory status after this epoch: 
Memory allocated:  46.02880859375
Memory cached:  74.0
	 epoch  30 training error:  tensor(2.7969, device='cuda:0', grad_fn=<DivBackward0>)
Memory status after this epoch: 
Memory allocated:  46.02880859375
Memory cached:  74.0
	 epoch  40 training error:  tensor(2.7510, device='cuda:0', grad_fn=<DivBackward0>)
Memory status after this epoch: 
Memory allocated:  46.02880859375
Memory cached:  74.0
	 epoch  50 training error:  tensor(4.8826, device='cuda:0', grad_fn=<DivBackward0>)
Memory status after this epoch: 
Memory allocated:  46.02880859375
Memory cached:  74.0
	 epoch  60 training error:  tensor(9.2054, device='cuda:0', grad_fn=<DivBackward0>)
Memory status after this epoch: 
Memory allocated:  46.02880859375
Memory cached:  74.0
	 epoch  70 training error:  tensor(6.1141, device='cuda:0', grad_fn=<DivBackward0>)
Memory status after this epoch: 
Memory allocated:  46.02880859375
Memory cached:  74.0
	 epoch  80 training error:  tensor(4.4733, device='cuda:0', grad_fn=<DivBackward0>)
Memory status after this epoch: 
Memory allocated:  46.02880859375
Memory cached:  74.0
	 epoch  90 training error:  tensor(6.5367, device='cuda:0', grad_fn=<DivBackward0>)
Memory status after this epoch: 
Memory allocated:  46.02880859375
Memory cached:  74.0
[I 2023-12-06 11:50:27,383] Trial 22 finished with value: 14.559671401977539 and parameters: {'W_layers': 8, 'W_layer_units_exponent_0': 10, 'W_layer_units_exponent_1': 4, 'W_layer_units_exponent_2': 6, 'W_layer_units_exponent_3': 6, 'W_layer_units_exponent_4': 4, 'W_layer_units_exponent_5': 5, 'W_layer_units_exponent_6': 8, 'W_layer_units_exponent_7': 10, 'D_layers': 7, 'D_layer_units_exponent_0': 5, 'D_layer_units_exponent_1': 5, 'D_layer_units_exponent_2': 9, 'D_layer_units_exponent_3': 4, 'D_layer_units_exponent_4': 6, 'D_layer_units_exponent_5': 6, 'D_layer_units_exponent_6': 10, 'log_learning_rate': -1.604632386702269, 'log_learning_rate_D': -2.7238212190635394, 'training_batch_size': 6, 'training_p': 8}. Best is trial 20 with value: 0.33899202942848206.
Time for this trial:  18.527345180511475
Memory status after this trial: 
Memory allocated:  100.85888671875
Memory cached:  116.0
--------------------  Trial  23   --------------------
Start timing: 
Parameters: 
{'W_layers': 7, 'W_layer_units_exponent_0': 9, 'W_layer_units_exponent_1': 5, 'W_layer_units_exponent_2': 7, 'W_layer_units_exponent_3': 5, 'W_layer_units_exponent_4': 6, 'W_layer_units_exponent_5': 4, 'W_layer_units_exponent_6': 8, 'D_layers': 8, 'D_layer_units_exponent_0': 5, 'D_layer_units_exponent_1': 7, 'D_layer_units_exponent_2': 10, 'D_layer_units_exponent_3': 5, 'D_layer_units_exponent_4': 8, 'D_layer_units_exponent_5': 8, 'D_layer_units_exponent_6': 8, 'D_layer_units_exponent_7': 7, 'log_learning_rate': -2.3896568627009436, 'log_learning_rate_D': -3.229937013299833, 'training_batch_size': 7, 'training_p': 7}
	 epoch  0 training error:  tensor(0.8912, device='cuda:0', grad_fn=<DivBackward0>)
Memory status after this epoch: 
Memory allocated:  42.9404296875
Memory cached:  72.0
	 epoch  10 training error:  tensor(0.5246, device='cuda:0', grad_fn=<DivBackward0>)
Memory status after this epoch: 
Memory allocated:  42.9404296875
Memory cached:  72.0
	 epoch  20 training error:  tensor(0.4528, device='cuda:0', grad_fn=<DivBackward0>)
Memory status after this epoch: 
Memory allocated:  42.9404296875
Memory cached:  72.0
	 epoch  30 training error:  tensor(0.3928, device='cuda:0', grad_fn=<DivBackward0>)
Memory status after this epoch: 
Memory allocated:  42.9404296875
Memory cached:  72.0
	 epoch  40 training error:  tensor(0.3702, device='cuda:0', grad_fn=<DivBackward0>)
Memory status after this epoch: 
Memory allocated:  42.9404296875
Memory cached:  72.0
	 epoch  50 training error:  tensor(0.3733, device='cuda:0', grad_fn=<DivBackward0>)
Memory status after this epoch: 
Memory allocated:  42.9404296875
Memory cached:  72.0
	 epoch  60 training error:  tensor(0.3675, device='cuda:0', grad_fn=<DivBackward0>)
Memory status after this epoch: 
Memory allocated:  42.9404296875
Memory cached:  72.0
	 epoch  70 training error:  tensor(0.3668, device='cuda:0', grad_fn=<DivBackward0>)
Memory status after this epoch: 
Memory allocated:  42.9404296875
Memory cached:  72.0
	 epoch  80 training error:  tensor(0.3729, device='cuda:0', grad_fn=<DivBackward0>)
Memory status after this epoch: 
Memory allocated:  42.9404296875
Memory cached:  72.0
	 epoch  90 training error:  tensor(0.3656, device='cuda:0', grad_fn=<DivBackward0>)
Memory status after this epoch: 
Memory allocated:  42.9404296875
Memory cached:  72.0
[I 2023-12-06 11:50:44,041] Trial 23 finished with value: 0.3555907607078552 and parameters: {'W_layers': 7, 'W_layer_units_exponent_0': 9, 'W_layer_units_exponent_1': 5, 'W_layer_units_exponent_2': 7, 'W_layer_units_exponent_3': 5, 'W_layer_units_exponent_4': 6, 'W_layer_units_exponent_5': 4, 'W_layer_units_exponent_6': 8, 'D_layers': 8, 'D_layer_units_exponent_0': 5, 'D_layer_units_exponent_1': 7, 'D_layer_units_exponent_2': 10, 'D_layer_units_exponent_3': 5, 'D_layer_units_exponent_4': 8, 'D_layer_units_exponent_5': 8, 'D_layer_units_exponent_6': 8, 'D_layer_units_exponent_7': 7, 'log_learning_rate': -2.3896568627009436, 'log_learning_rate_D': -3.229937013299833, 'training_batch_size': 7, 'training_p': 7}. Best is trial 20 with value: 0.33899202942848206.
Time for this trial:  16.470900297164917
Memory status after this trial: 
Memory allocated:  65.18408203125
Memory cached:  74.0
--------------------  Trial  24   --------------------
Start timing: 
Parameters: 
{'W_layers': 7, 'W_layer_units_exponent_0': 10, 'W_layer_units_exponent_1': 5, 'W_layer_units_exponent_2': 5, 'W_layer_units_exponent_3': 6, 'W_layer_units_exponent_4': 5, 'W_layer_units_exponent_5': 5, 'W_layer_units_exponent_6': 10, 'D_layers': 7, 'D_layer_units_exponent_0': 4, 'D_layer_units_exponent_1': 5, 'D_layer_units_exponent_2': 8, 'D_layer_units_exponent_3': 6, 'D_layer_units_exponent_4': 8, 'D_layer_units_exponent_5': 6, 'D_layer_units_exponent_6': 8, 'log_learning_rate': -1.8048655990057982, 'log_learning_rate_D': -2.77792251563991, 'training_batch_size': 7, 'training_p': 8}
	 epoch  0 training error:  tensor(1.1818, device='cuda:0', grad_fn=<DivBackward0>)
Memory status after this epoch: 
Memory allocated:  42.5791015625
Memory cached:  72.0
	 epoch  10 training error:  tensor(0.6195, device='cuda:0', grad_fn=<DivBackward0>)
Memory status after this epoch: 
Memory allocated:  42.5791015625
Memory cached:  72.0
	 epoch  20 training error:  tensor(1.3343, device='cuda:0', grad_fn=<DivBackward0>)
Memory status after this epoch: 
Memory allocated:  42.5791015625
Memory cached:  72.0
	 epoch  30 training error:  tensor(0.6376, device='cuda:0', grad_fn=<DivBackward0>)
Memory status after this epoch: 
Memory allocated:  42.5791015625
Memory cached:  72.0
	 epoch  40 training error:  tensor(0.5089, device='cuda:0', grad_fn=<DivBackward0>)
Memory status after this epoch: 
Memory allocated:  42.5791015625
Memory cached:  72.0
	 epoch  50 training error:  tensor(0.4206, device='cuda:0', grad_fn=<DivBackward0>)
Memory status after this epoch: 
Memory allocated:  42.5791015625
Memory cached:  72.0
	 epoch  60 training error:  tensor(0.4328, device='cuda:0', grad_fn=<DivBackward0>)
Memory status after this epoch: 
Memory allocated:  42.5791015625
Memory cached:  72.0
	 epoch  70 training error:  tensor(0.3924, device='cuda:0', grad_fn=<DivBackward0>)
Memory status after this epoch: 
Memory allocated:  42.5791015625
Memory cached:  72.0
	 epoch  80 training error:  tensor(0.3848, device='cuda:0', grad_fn=<DivBackward0>)
Memory status after this epoch: 
Memory allocated:  42.5791015625
Memory cached:  72.0
	 epoch  90 training error:  tensor(0.3738, device='cuda:0', grad_fn=<DivBackward0>)
Memory status after this epoch: 
Memory allocated:  42.5791015625
Memory cached:  72.0
[I 2023-12-06 11:51:01,167] Trial 24 finished with value: 0.3486090302467346 and parameters: {'W_layers': 7, 'W_layer_units_exponent_0': 10, 'W_layer_units_exponent_1': 5, 'W_layer_units_exponent_2': 5, 'W_layer_units_exponent_3': 6, 'W_layer_units_exponent_4': 5, 'W_layer_units_exponent_5': 5, 'W_layer_units_exponent_6': 10, 'D_layers': 7, 'D_layer_units_exponent_0': 4, 'D_layer_units_exponent_1': 5, 'D_layer_units_exponent_2': 8, 'D_layer_units_exponent_3': 6, 'D_layer_units_exponent_4': 8, 'D_layer_units_exponent_5': 6, 'D_layer_units_exponent_6': 8, 'log_learning_rate': -1.8048655990057982, 'log_learning_rate_D': -2.77792251563991, 'training_batch_size': 7, 'training_p': 8}. Best is trial 20 with value: 0.33899202942848206.
Time for this trial:  16.932398557662964
Memory status after this trial: 
Memory allocated:  93.30615234375
Memory cached:  114.0
--------------------  Trial  25   --------------------
Start timing: 
Parameters: 
{'W_layers': 8, 'W_layer_units_exponent_0': 9, 'W_layer_units_exponent_1': 4, 'W_layer_units_exponent_2': 6, 'W_layer_units_exponent_3': 5, 'W_layer_units_exponent_4': 4, 'W_layer_units_exponent_5': 4, 'W_layer_units_exponent_6': 8, 'W_layer_units_exponent_7': 10, 'D_layers': 6, 'D_layer_units_exponent_0': 5, 'D_layer_units_exponent_1': 7, 'D_layer_units_exponent_2': 9, 'D_layer_units_exponent_3': 9, 'D_layer_units_exponent_4': 7, 'D_layer_units_exponent_5': 6, 'log_learning_rate': -2.8850787756195815, 'log_learning_rate_D': -2.3858210757238543, 'training_batch_size': 8, 'training_p': 7}
	 epoch  0 training error:  tensor(0.9437, device='cuda:0', grad_fn=<DivBackward0>)
Memory status after this epoch: 
Memory allocated:  46.9765625
Memory cached:  76.0
	 epoch  10 training error:  tensor(0.5361, device='cuda:0', grad_fn=<DivBackward0>)
Memory status after this epoch: 
Memory allocated:  46.9765625
Memory cached:  76.0
	 epoch  20 training error:  tensor(0.4769, device='cuda:0', grad_fn=<DivBackward0>)
Memory status after this epoch: 
Memory allocated:  46.9765625
Memory cached:  76.0
	 epoch  30 training error:  tensor(0.4414, device='cuda:0', grad_fn=<DivBackward0>)
Memory status after this epoch: 
Memory allocated:  46.9765625
Memory cached:  76.0
	 epoch  40 training error:  tensor(0.4195, device='cuda:0', grad_fn=<DivBackward0>)
Memory status after this epoch: 
Memory allocated:  46.9765625
Memory cached:  76.0
	 epoch  50 training error:  tensor(0.4001, device='cuda:0', grad_fn=<DivBackward0>)
Memory status after this epoch: 
Memory allocated:  46.9765625
Memory cached:  76.0
	 epoch  60 training error:  tensor(0.3847, device='cuda:0', grad_fn=<DivBackward0>)
Memory status after this epoch: 
Memory allocated:  46.9765625
Memory cached:  76.0
	 epoch  70 training error:  tensor(0.3782, device='cuda:0', grad_fn=<DivBackward0>)
Memory status after this epoch: 
Memory allocated:  46.9765625
Memory cached:  76.0
	 epoch  80 training error:  tensor(0.4012, device='cuda:0', grad_fn=<DivBackward0>)
Memory status after this epoch: 
Memory allocated:  46.9765625
Memory cached:  76.0
	 epoch  90 training error:  tensor(0.4080, device='cuda:0', grad_fn=<DivBackward0>)
Memory status after this epoch: 
Memory allocated:  46.9765625
Memory cached:  76.0
[I 2023-12-06 11:51:17,940] Trial 25 finished with value: 0.41696521639823914 and parameters: {'W_layers': 8, 'W_layer_units_exponent_0': 9, 'W_layer_units_exponent_1': 4, 'W_layer_units_exponent_2': 6, 'W_layer_units_exponent_3': 5, 'W_layer_units_exponent_4': 4, 'W_layer_units_exponent_5': 4, 'W_layer_units_exponent_6': 8, 'W_layer_units_exponent_7': 10, 'D_layers': 6, 'D_layer_units_exponent_0': 5, 'D_layer_units_exponent_1': 7, 'D_layer_units_exponent_2': 9, 'D_layer_units_exponent_3': 9, 'D_layer_units_exponent_4': 7, 'D_layer_units_exponent_5': 6, 'log_learning_rate': -2.8850787756195815, 'log_learning_rate_D': -2.3858210757238543, 'training_batch_size': 8, 'training_p': 7}. Best is trial 20 with value: 0.33899202942848206.
Time for this trial:  16.590909719467163
Memory status after this trial: 
Memory allocated:  87.58642578125
Memory cached:  114.0
--------------------  Trial  26   --------------------
Start timing: 
Parameters: 
{'W_layers': 5, 'W_layer_units_exponent_0': 10, 'W_layer_units_exponent_1': 6, 'W_layer_units_exponent_2': 4, 'W_layer_units_exponent_3': 7, 'W_layer_units_exponent_4': 6, 'D_layers': 7, 'D_layer_units_exponent_0': 6, 'D_layer_units_exponent_1': 5, 'D_layer_units_exponent_2': 8, 'D_layer_units_exponent_3': 4, 'D_layer_units_exponent_4': 5, 'D_layer_units_exponent_5': 8, 'D_layer_units_exponent_6': 9, 'log_learning_rate': -2.1761610329824834, 'log_learning_rate_D': -2.9495052504076114, 'training_batch_size': 6, 'training_p': 8}
	 epoch  0 training error:  tensor(1.2235, device='cuda:0', grad_fn=<DivBackward0>)
Memory status after this epoch: 
Memory allocated:  42.9072265625
Memory cached:  72.0
	 epoch  10 training error:  tensor(0.4978, device='cuda:0', grad_fn=<DivBackward0>)
Memory status after this epoch: 
Memory allocated:  42.9072265625
Memory cached:  72.0
	 epoch  20 training error:  tensor(0.4013, device='cuda:0', grad_fn=<DivBackward0>)
Memory status after this epoch: 
Memory allocated:  42.9072265625
Memory cached:  72.0
	 epoch  30 training error:  tensor(0.4327, device='cuda:0', grad_fn=<DivBackward0>)
Memory status after this epoch: 
Memory allocated:  42.9072265625
Memory cached:  72.0
	 epoch  40 training error:  tensor(0.4115, device='cuda:0', grad_fn=<DivBackward0>)
Memory status after this epoch: 
Memory allocated:  42.9072265625
Memory cached:  72.0
	 epoch  50 training error:  tensor(0.3943, device='cuda:0', grad_fn=<DivBackward0>)
Memory status after this epoch: 
Memory allocated:  42.9072265625
Memory cached:  72.0
	 epoch  60 training error:  tensor(0.3780, device='cuda:0', grad_fn=<DivBackward0>)
Memory status after this epoch: 
Memory allocated:  42.9072265625
Memory cached:  72.0
	 epoch  70 training error:  tensor(0.3739, device='cuda:0', grad_fn=<DivBackward0>)
Memory status after this epoch: 
Memory allocated:  42.9072265625
Memory cached:  72.0
	 epoch  80 training error:  tensor(0.3826, device='cuda:0', grad_fn=<DivBackward0>)
Memory status after this epoch: 
Memory allocated:  42.9072265625
Memory cached:  72.0
	 epoch  90 training error:  tensor(0.3780, device='cuda:0', grad_fn=<DivBackward0>)
Memory status after this epoch: 
Memory allocated:  42.9072265625
Memory cached:  72.0
