[I 2023-12-03 03:58:07,395] Trial 36 finished with value: 0.04172288998961449 and parameters: {'W_layers': 4, 'W_layer_units_exponent_0': 9, 'W_layer_units_exponent_1': 8, 'W_layer_units_exponent_2': 7, 'W_layer_units_exponent_3': 9, 'D_layers': 3, 'D_layer_units_exponent_0': 10, 'D_layer_units_exponent_1': 8, 'D_layer_units_exponent_2': 6, 'D_dagger_layers': 4, 'D_dagger_layer_units_exponent_0': 8, 'D_dagger_layer_units_exponent_1': 10, 'D_dagger_layer_units_exponent_2': 8, 'D_dagger_layer_units_exponent_3': 9, 'log_learning_rate': -2.940411836799816, 'log_learning_rate_D': -3.436015207238136, 'log_learning_rate_D_dagger': -3.950052483577575, 'training_batch_size': 10, 'training_p': 3}. Best is trial 34 with value: 0.015350001864135265.
Time for this trial:  177.98764896392822
Memory status after this trial: 
Memory allocated:  446.0947265625
Memory cached:  456.0
--------------------  Trial  37   --------------------
Start timing: 
Parameters: 
{'W_layers': 4, 'W_layer_units_exponent_0': 6, 'W_layer_units_exponent_1': 8, 'W_layer_units_exponent_2': 7, 'W_layer_units_exponent_3': 8, 'D_layers': 5, 'D_layer_units_exponent_0': 9, 'D_layer_units_exponent_1': 9, 'D_layer_units_exponent_2': 5, 'D_layer_units_exponent_3': 4, 'D_layer_units_exponent_4': 10, 'D_dagger_layers': 5, 'D_dagger_layer_units_exponent_0': 4, 'D_dagger_layer_units_exponent_1': 9, 'D_dagger_layer_units_exponent_2': 8, 'D_dagger_layer_units_exponent_3': 8, 'D_dagger_layer_units_exponent_4': 4, 'log_learning_rate': -2.478590775825097, 'log_learning_rate_D': -3.3739285143258395, 'log_learning_rate_D_dagger': -3.5104830020213247, 'training_batch_size': 9, 'training_p': 2}
	 epoch  0 training error:  tensor(1.0091, device='cuda:0', grad_fn=<DivBackward0>)
Memory status after this epoch: 
Memory allocated:  198.57470703125
Memory cached:  386.0
	 epoch  10 training error:  tensor(0.1697, device='cuda:0', grad_fn=<DivBackward0>)
Memory status after this epoch: 
Memory allocated:  198.57470703125
Memory cached:  424.0
	 epoch  20 training error:  tensor(0.1200, device='cuda:0', grad_fn=<DivBackward0>)
Memory status after this epoch: 
Memory allocated:  198.57470703125
Memory cached:  424.0
	 epoch  30 training error:  tensor(0.0942, device='cuda:0', grad_fn=<DivBackward0>)
Memory status after this epoch: 
Memory allocated:  198.57470703125
Memory cached:  416.0
	 epoch  40 training error:  tensor(0.0901, device='cuda:0', grad_fn=<DivBackward0>)
Memory status after this epoch: 
Memory allocated:  198.57470703125
Memory cached:  422.0
	 epoch  50 training error:  tensor(0.0870, device='cuda:0', grad_fn=<DivBackward0>)
Memory status after this epoch: 
Memory allocated:  198.57470703125
Memory cached:  414.0
	 epoch  60 training error:  tensor(0.0726, device='cuda:0', grad_fn=<DivBackward0>)
Memory status after this epoch: 
Memory allocated:  198.57470703125
Memory cached:  424.0
	 epoch  70 training error:  tensor(0.0460, device='cuda:0', grad_fn=<DivBackward0>)
Memory status after this epoch: 
Memory allocated:  198.57470703125
Memory cached:  436.0
	 epoch  80 training error:  tensor(0.0482, device='cuda:0', grad_fn=<DivBackward0>)
Memory status after this epoch: 
Memory allocated:  198.57470703125
Memory cached:  414.0
	 epoch  90 training error:  tensor(0.0579, device='cuda:0', grad_fn=<DivBackward0>)
Memory status after this epoch: 
Memory allocated:  198.57470703125
Memory cached:  422.0
[I 2023-12-03 04:01:21,773] Trial 37 finished with value: 0.0278971828520298 and parameters: {'W_layers': 4, 'W_layer_units_exponent_0': 6, 'W_layer_units_exponent_1': 8, 'W_layer_units_exponent_2': 7, 'W_layer_units_exponent_3': 8, 'D_layers': 5, 'D_layer_units_exponent_0': 9, 'D_layer_units_exponent_1': 9, 'D_layer_units_exponent_2': 5, 'D_layer_units_exponent_3': 4, 'D_layer_units_exponent_4': 10, 'D_dagger_layers': 5, 'D_dagger_layer_units_exponent_0': 4, 'D_dagger_layer_units_exponent_1': 9, 'D_dagger_layer_units_exponent_2': 8, 'D_dagger_layer_units_exponent_3': 8, 'D_dagger_layer_units_exponent_4': 4, 'log_learning_rate': -2.478590775825097, 'log_learning_rate_D': -3.3739285143258395, 'log_learning_rate_D_dagger': -3.5104830020213247, 'training_batch_size': 9, 'training_p': 2}. Best is trial 34 with value: 0.015350001864135265.
Time for this trial:  194.1126368045807
Memory status after this trial: 
Memory allocated:  389.8310546875
Memory cached:  398.0
--------------------  Trial  38   --------------------
Start timing: 
Parameters: 
{'W_layers': 2, 'W_layer_units_exponent_0': 6, 'W_layer_units_exponent_1': 9, 'D_layers': 5, 'D_layer_units_exponent_0': 9, 'D_layer_units_exponent_1': 9, 'D_layer_units_exponent_2': 5, 'D_layer_units_exponent_3': 4, 'D_layer_units_exponent_4': 10, 'D_dagger_layers': 5, 'D_dagger_layer_units_exponent_0': 4, 'D_dagger_layer_units_exponent_1': 9, 'D_dagger_layer_units_exponent_2': 8, 'D_dagger_layer_units_exponent_3': 9, 'D_dagger_layer_units_exponent_4': 4, 'log_learning_rate': -2.336748699280937, 'log_learning_rate_D': -3.4454800238709553, 'log_learning_rate_D_dagger': -3.4408813966684266, 'training_batch_size': 9, 'training_p': 2}
	 epoch  0 training error:  tensor(0.9272, device='cuda:0', grad_fn=<DivBackward0>)
Memory status after this epoch: 
Memory allocated:  198.89306640625
Memory cached:  382.0
	 epoch  10 training error:  tensor(0.2999, device='cuda:0', grad_fn=<DivBackward0>)
Memory status after this epoch: 
Memory allocated:  198.89306640625
Memory cached:  418.0
	 epoch  20 training error:  tensor(0.1940, device='cuda:0', grad_fn=<DivBackward0>)
Memory status after this epoch: 
Memory allocated:  198.89306640625
Memory cached:  420.0
	 epoch  30 training error:  tensor(0.1230, device='cuda:0', grad_fn=<DivBackward0>)
Memory status after this epoch: 
Memory allocated:  198.89306640625
Memory cached:  420.0
	 epoch  40 training error:  tensor(0.0994, device='cuda:0', grad_fn=<DivBackward0>)
Memory status after this epoch: 
Memory allocated:  198.89306640625
Memory cached:  422.0
	 epoch  50 training error:  tensor(0.0945, device='cuda:0', grad_fn=<DivBackward0>)
Memory status after this epoch: 
Memory allocated:  198.89306640625
Memory cached:  422.0
	 epoch  60 training error:  tensor(0.0914, device='cuda:0', grad_fn=<DivBackward0>)
Memory status after this epoch: 
Memory allocated:  198.89306640625
Memory cached:  426.0
	 epoch  70 training error:  tensor(0.0868, device='cuda:0', grad_fn=<DivBackward0>)
Memory status after this epoch: 
Memory allocated:  198.89306640625
Memory cached:  420.0
	 epoch  80 training error:  tensor(0.0677, device='cuda:0', grad_fn=<DivBackward0>)
Memory status after this epoch: 
Memory allocated:  198.89306640625
Memory cached:  420.0
	 epoch  90 training error:  tensor(0.0482, device='cuda:0', grad_fn=<DivBackward0>)
Memory status after this epoch: 
Memory allocated:  198.89306640625
Memory cached:  418.0
[I 2023-12-03 04:04:21,050] Trial 38 finished with value: 0.029400527477264404 and parameters: {'W_layers': 2, 'W_layer_units_exponent_0': 6, 'W_layer_units_exponent_1': 9, 'D_layers': 5, 'D_layer_units_exponent_0': 9, 'D_layer_units_exponent_1': 9, 'D_layer_units_exponent_2': 5, 'D_layer_units_exponent_3': 4, 'D_layer_units_exponent_4': 10, 'D_dagger_layers': 5, 'D_dagger_layer_units_exponent_0': 4, 'D_dagger_layer_units_exponent_1': 9, 'D_dagger_layer_units_exponent_2': 8, 'D_dagger_layer_units_exponent_3': 9, 'D_dagger_layer_units_exponent_4': 4, 'log_learning_rate': -2.336748699280937, 'log_learning_rate_D': -3.4454800238709553, 'log_learning_rate_D_dagger': -3.4408813966684266, 'training_batch_size': 9, 'training_p': 2}. Best is trial 34 with value: 0.015350001864135265.
Time for this trial:  179.03316831588745
Memory status after this trial: 
Memory allocated:  394.873046875
Memory cached:  400.0
--------------------  Trial  39   --------------------
Start timing: 
Parameters: 
{'W_layers': 2, 'W_layer_units_exponent_0': 6, 'W_layer_units_exponent_1': 9, 'D_layers': 5, 'D_layer_units_exponent_0': 9, 'D_layer_units_exponent_1': 9, 'D_layer_units_exponent_2': 5, 'D_layer_units_exponent_3': 4, 'D_layer_units_exponent_4': 10, 'D_dagger_layers': 5, 'D_dagger_layer_units_exponent_0': 4, 'D_dagger_layer_units_exponent_1': 10, 'D_dagger_layer_units_exponent_2': 8, 'D_dagger_layer_units_exponent_3': 8, 'D_dagger_layer_units_exponent_4': 4, 'log_learning_rate': -2.415547427415159, 'log_learning_rate_D': -3.630306365232302, 'log_learning_rate_D_dagger': -3.519725506924191, 'training_batch_size': 9, 'training_p': 2}
	 epoch  0 training error:  tensor(1.0054, device='cuda:0', grad_fn=<DivBackward0>)
Memory status after this epoch: 
Memory allocated:  199.95947265625
Memory cached:  382.0
	 epoch  10 training error:  tensor(0.2559, device='cuda:0', grad_fn=<DivBackward0>)
Memory status after this epoch: 
Memory allocated:  199.95947265625
Memory cached:  412.0
	 epoch  20 training error:  tensor(0.1764, device='cuda:0', grad_fn=<DivBackward0>)
Memory status after this epoch: 
Memory allocated:  199.95947265625
Memory cached:  410.0
	 epoch  30 training error:  tensor(0.1249, device='cuda:0', grad_fn=<DivBackward0>)
Memory status after this epoch: 
Memory allocated:  199.95947265625
Memory cached:  422.0
	 epoch  40 training error:  tensor(0.0935, device='cuda:0', grad_fn=<DivBackward0>)
Memory status after this epoch: 
Memory allocated:  199.95947265625
Memory cached:  412.0
	 epoch  50 training error:  tensor(0.0912, device='cuda:0', grad_fn=<DivBackward0>)
Memory status after this epoch: 
Memory allocated:  199.95947265625
Memory cached:  410.0
	 epoch  60 training error:  tensor(0.0880, device='cuda:0', grad_fn=<DivBackward0>)
Memory status after this epoch: 
Memory allocated:  199.95947265625
Memory cached:  404.0
	 epoch  70 training error:  tensor(0.0865, device='cuda:0', grad_fn=<DivBackward0>)
Memory status after this epoch: 
Memory allocated:  199.95947265625
Memory cached:  414.0
	 epoch  80 training error:  tensor(0.0846, device='cuda:0', grad_fn=<DivBackward0>)
Memory status after this epoch: 
Memory allocated:  199.95947265625
Memory cached:  414.0
	 epoch  90 training error:  tensor(0.0763, device='cuda:0', grad_fn=<DivBackward0>)
Memory status after this epoch: 
Memory allocated:  199.95947265625
Memory cached:  416.0
[I 2023-12-03 04:07:21,975] Trial 39 finished with value: 0.04243908450007439 and parameters: {'W_layers': 2, 'W_layer_units_exponent_0': 6, 'W_layer_units_exponent_1': 9, 'D_layers': 5, 'D_layer_units_exponent_0': 9, 'D_layer_units_exponent_1': 9, 'D_layer_units_exponent_2': 5, 'D_layer_units_exponent_3': 4, 'D_layer_units_exponent_4': 10, 'D_dagger_layers': 5, 'D_dagger_layer_units_exponent_0': 4, 'D_dagger_layer_units_exponent_1': 10, 'D_dagger_layer_units_exponent_2': 8, 'D_dagger_layer_units_exponent_3': 8, 'D_dagger_layer_units_exponent_4': 4, 'log_learning_rate': -2.415547427415159, 'log_learning_rate_D': -3.630306365232302, 'log_learning_rate_D_dagger': -3.519725506924191, 'training_batch_size': 9, 'training_p': 2}. Best is trial 34 with value: 0.015350001864135265.
Time for this trial:  180.67073702812195
Memory status after this trial: 
Memory allocated:  409.078125
Memory cached:  416.0
--------------------  Trial  40   --------------------
Start timing: 
Parameters: 
{'W_layers': 2, 'W_layer_units_exponent_0': 5, 'W_layer_units_exponent_1': 10, 'D_layers': 6, 'D_layer_units_exponent_0': 10, 'D_layer_units_exponent_1': 9, 'D_layer_units_exponent_2': 4, 'D_layer_units_exponent_3': 4, 'D_layer_units_exponent_4': 9, 'D_layer_units_exponent_5': 6, 'D_dagger_layers': 5, 'D_dagger_layer_units_exponent_0': 4, 'D_dagger_layer_units_exponent_1': 9, 'D_dagger_layer_units_exponent_2': 10, 'D_dagger_layer_units_exponent_3': 9, 'D_dagger_layer_units_exponent_4': 5, 'log_learning_rate': -2.2302085964624023, 'log_learning_rate_D': -3.9291735592953003, 'log_learning_rate_D_dagger': -4.114700399097792, 'training_batch_size': 9, 'training_p': 2}
	 epoch  0 training error:  tensor(1.0488, device='cuda:0', grad_fn=<DivBackward0>)
Memory status after this epoch: 
Memory allocated:  215.29541015625
Memory cached:  432.0
	 epoch  10 training error:  tensor(0.2243, device='cuda:0', grad_fn=<DivBackward0>)
Memory status after this epoch: 
Memory allocated:  215.29541015625
Memory cached:  462.0
	 epoch  20 training error:  tensor(0.1309, device='cuda:0', grad_fn=<DivBackward0>)
Memory status after this epoch: 
Memory allocated:  215.29541015625
Memory cached:  478.0
	 epoch  30 training error:  tensor(0.1062, device='cuda:0', grad_fn=<DivBackward0>)
Memory status after this epoch: 
Memory allocated:  215.29541015625
Memory cached:  466.0
	 epoch  40 training error:  tensor(0.1064, device='cuda:0', grad_fn=<DivBackward0>)
Memory status after this epoch: 
Memory allocated:  215.29541015625
Memory cached:  470.0
	 epoch  50 training error:  tensor(0.0981, device='cuda:0', grad_fn=<DivBackward0>)
Memory status after this epoch: 
Memory allocated:  215.29541015625
Memory cached:  470.0
	 epoch  60 training error:  tensor(0.0919, device='cuda:0', grad_fn=<DivBackward0>)
Memory status after this epoch: 
Memory allocated:  215.29541015625
Memory cached:  470.0
	 epoch  70 training error:  tensor(0.0873, device='cuda:0', grad_fn=<DivBackward0>)
Memory status after this epoch: 
Memory allocated:  215.29541015625
Memory cached:  474.0
	 epoch  80 training error:  tensor(0.0824, device='cuda:0', grad_fn=<DivBackward0>)
Memory status after this epoch: 
Memory allocated:  215.29541015625
Memory cached:  470.0
	 epoch  90 training error:  tensor(0.0632, device='cuda:0', grad_fn=<DivBackward0>)
Memory status after this epoch: 
Memory allocated:  215.29541015625
Memory cached:  472.0
[I 2023-12-03 04:10:39,886] Trial 40 finished with value: 0.04003400728106499 and parameters: {'W_layers': 2, 'W_layer_units_exponent_0': 5, 'W_layer_units_exponent_1': 10, 'D_layers': 6, 'D_layer_units_exponent_0': 10, 'D_layer_units_exponent_1': 9, 'D_layer_units_exponent_2': 4, 'D_layer_units_exponent_3': 4, 'D_layer_units_exponent_4': 9, 'D_layer_units_exponent_5': 6, 'D_dagger_layers': 5, 'D_dagger_layer_units_exponent_0': 4, 'D_dagger_layer_units_exponent_1': 9, 'D_dagger_layer_units_exponent_2': 10, 'D_dagger_layer_units_exponent_3': 9, 'D_dagger_layer_units_exponent_4': 5, 'log_learning_rate': -2.2302085964624023, 'log_learning_rate_D': -3.9291735592953003, 'log_learning_rate_D_dagger': -4.114700399097792, 'training_batch_size': 9, 'training_p': 2}. Best is trial 34 with value: 0.015350001864135265.
Time for this trial:  197.65881371498108
Memory status after this trial: 
Memory allocated:  476.3623046875
Memory cached:  486.0
--------------------  Trial  41   --------------------
Start timing: 
Parameters: 
{'W_layers': 3, 'W_layer_units_exponent_0': 6, 'W_layer_units_exponent_1': 8, 'W_layer_units_exponent_2': 7, 'D_layers': 5, 'D_layer_units_exponent_0': 9, 'D_layer_units_exponent_1': 10, 'D_layer_units_exponent_2': 5, 'D_layer_units_exponent_3': 4, 'D_layer_units_exponent_4': 10, 'D_dagger_layers': 5, 'D_dagger_layer_units_exponent_0': 5, 'D_dagger_layer_units_exponent_1': 9, 'D_dagger_layer_units_exponent_2': 8, 'D_dagger_layer_units_exponent_3': 9, 'D_dagger_layer_units_exponent_4': 5, 'log_learning_rate': -2.60454055365007, 'log_learning_rate_D': -3.2973162028158356, 'log_learning_rate_D_dagger': -3.521468618947791, 'training_batch_size': 9, 'training_p': 2}
	 epoch  0 training error:  tensor(1.0684, device='cuda:0', grad_fn=<DivBackward0>)
Memory status after this epoch: 
Memory allocated:  203.64306640625
Memory cached:  398.0
	 epoch  10 training error:  tensor(0.1765, device='cuda:0', grad_fn=<DivBackward0>)
Memory status after this epoch: 
Memory allocated:  203.64306640625
Memory cached:  444.0
	 epoch  20 training error:  tensor(0.0986, device='cuda:0', grad_fn=<DivBackward0>)
Memory status after this epoch: 
Memory allocated:  203.64306640625
Memory cached:  434.0
	 epoch  30 training error:  tensor(0.1119, device='cuda:0', grad_fn=<DivBackward0>)
Memory status after this epoch: 
Memory allocated:  203.64306640625
Memory cached:  438.0
	 epoch  40 training error:  tensor(0.0971, device='cuda:0', grad_fn=<DivBackward0>)
Memory status after this epoch: 
Memory allocated:  203.64306640625
Memory cached:  430.0
	 epoch  50 training error:  tensor(0.0918, device='cuda:0', grad_fn=<DivBackward0>)
Memory status after this epoch: 
Memory allocated:  203.64306640625
Memory cached:  444.0
	 epoch  60 training error:  tensor(0.0895, device='cuda:0', grad_fn=<DivBackward0>)
Memory status after this epoch: 
Memory allocated:  203.64306640625
Memory cached:  434.0
	 epoch  70 training error:  tensor(0.0870, device='cuda:0', grad_fn=<DivBackward0>)
Memory status after this epoch: 
Memory allocated:  203.64306640625
Memory cached:  432.0
	 epoch  80 training error:  tensor(0.0810, device='cuda:0', grad_fn=<DivBackward0>)
Memory status after this epoch: 
Memory allocated:  203.64306640625
Memory cached:  438.0
	 epoch  90 training error:  tensor(0.0560, device='cuda:0', grad_fn=<DivBackward0>)
Memory status after this epoch: 
Memory allocated:  203.64306640625
Memory cached:  444.0
[I 2023-12-03 04:13:50,824] Trial 41 finished with value: 0.03934027627110481 and parameters: {'W_layers': 3, 'W_layer_units_exponent_0': 6, 'W_layer_units_exponent_1': 8, 'W_layer_units_exponent_2': 7, 'D_layers': 5, 'D_layer_units_exponent_0': 9, 'D_layer_units_exponent_1': 10, 'D_layer_units_exponent_2': 5, 'D_layer_units_exponent_3': 4, 'D_layer_units_exponent_4': 10, 'D_dagger_layers': 5, 'D_dagger_layer_units_exponent_0': 5, 'D_dagger_layer_units_exponent_1': 9, 'D_dagger_layer_units_exponent_2': 8, 'D_dagger_layer_units_exponent_3': 9, 'D_dagger_layer_units_exponent_4': 5, 'log_learning_rate': -2.60454055365007, 'log_learning_rate_D': -3.2973162028158356, 'log_learning_rate_D_dagger': -3.521468618947791, 'training_batch_size': 9, 'training_p': 2}. Best is trial 34 with value: 0.015350001864135265.
Time for this trial:  190.67818903923035
Memory status after this trial: 
Memory allocated:  421.681640625
Memory cached:  442.0
--------------------  Trial  42   --------------------
Start timing: 
Parameters: 
{'W_layers': 4, 'W_layer_units_exponent_0': 10, 'W_layer_units_exponent_1': 9, 'W_layer_units_exponent_2': 7, 'W_layer_units_exponent_3': 8, 'D_layers': 6, 'D_layer_units_exponent_0': 9, 'D_layer_units_exponent_1': 9, 'D_layer_units_exponent_2': 6, 'D_layer_units_exponent_3': 5, 'D_layer_units_exponent_4': 8, 'D_layer_units_exponent_5': 9, 'D_dagger_layers': 5, 'D_dagger_layer_units_exponent_0': 5, 'D_dagger_layer_units_exponent_1': 9, 'D_dagger_layer_units_exponent_2': 9, 'D_dagger_layer_units_exponent_3': 9, 'D_dagger_layer_units_exponent_4': 4, 'log_learning_rate': -2.905606777228915, 'log_learning_rate_D': -3.461953469422044, 'log_learning_rate_D_dagger': -3.2102797617494003, 'training_batch_size': 10, 'training_p': 2}
	 epoch  0 training error:  tensor(1.0015, device='cuda:0', grad_fn=<DivBackward0>)
Memory status after this epoch: 
Memory allocated:  214.18798828125
Memory cached:  398.0
	 epoch  10 training error:  tensor(0.2467, device='cuda:0', grad_fn=<DivBackward0>)
Memory status after this epoch: 
Memory allocated:  214.18798828125
Memory cached:  452.0
	 epoch  20 training error:  tensor(0.1321, device='cuda:0', grad_fn=<DivBackward0>)
Memory status after this epoch: 
Memory allocated:  214.18798828125
Memory cached:  448.0
	 epoch  30 training error:  tensor(0.0953, device='cuda:0', grad_fn=<DivBackward0>)
Memory status after this epoch: 
Memory allocated:  214.18798828125
Memory cached:  450.0
	 epoch  40 training error:  tensor(0.0899, device='cuda:0', grad_fn=<DivBackward0>)
Memory status after this epoch: 
Memory allocated:  214.18798828125
Memory cached:  448.0
	 epoch  50 training error:  tensor(0.0865, device='cuda:0', grad_fn=<DivBackward0>)
Memory status after this epoch: 
Memory allocated:  214.18798828125
Memory cached:  452.0
	 epoch  60 training error:  tensor(0.0823, device='cuda:0', grad_fn=<DivBackward0>)
Memory status after this epoch: 
Memory allocated:  214.18798828125
Memory cached:  454.0
	 epoch  70 training error:  tensor(0.0950, device='cuda:0', grad_fn=<DivBackward0>)
Memory status after this epoch: 
Memory allocated:  214.18798828125
Memory cached:  454.0
	 epoch  80 training error:  tensor(0.1040, device='cuda:0', grad_fn=<DivBackward0>)
Memory status after this epoch: 
Memory allocated:  214.18798828125
Memory cached:  448.0
	 epoch  90 training error:  tensor(0.0610, device='cuda:0', grad_fn=<DivBackward0>)
Memory status after this epoch: 
Memory allocated:  214.18798828125
Memory cached:  450.0
