[I 2024-01-03 22:03:49,410] Trial 139 finished with value: 0.09072547405958176 and parameters: {'W_layers': 5, 'W_layer_units_exponent_0': 7, 'W_layer_units_exponent_1': 10, 'W_layer_units_exponent_2': 8, 'W_layer_units_exponent_3': 6, 'W_layer_units_exponent_4': 10, 'D_layers': 4, 'D_layer_units_exponent_0': 10, 'D_layer_units_exponent_1': 5, 'D_layer_units_exponent_2': 10, 'D_layer_units_exponent_3': 4, 'D_dagger_layers': 7, 'D_dagger_layer_units_exponent_0': 5, 'D_dagger_layer_units_exponent_1': 10, 'D_dagger_layer_units_exponent_2': 7, 'D_dagger_layer_units_exponent_3': 8, 'D_dagger_layer_units_exponent_4': 9, 'D_dagger_layer_units_exponent_5': 7, 'D_dagger_layer_units_exponent_6': 4, 'log_learning_rate': -3.666007388905743, 'log_learning_rate_D': -2.5353045811648784, 'log_learning_rate_D_dagger': -3.859509108442474, 'training_batch_size': 10, 'training_p': 3}. Best is trial 127 with value: 0.07626055181026459.
Time for this trial:  229.9524519443512
Memory status after this trial: 
Memory allocated:  631.58203125
Memory cached:  640.0
--------------------  Trial  140   --------------------
Start timing: 
Parameters: 
{'W_layers': 5, 'W_layer_units_exponent_0': 7, 'W_layer_units_exponent_1': 10, 'W_layer_units_exponent_2': 7, 'W_layer_units_exponent_3': 6, 'W_layer_units_exponent_4': 8, 'D_layers': 5, 'D_layer_units_exponent_0': 4, 'D_layer_units_exponent_1': 5, 'D_layer_units_exponent_2': 10, 'D_layer_units_exponent_3': 4, 'D_layer_units_exponent_4': 4, 'D_dagger_layers': 7, 'D_dagger_layer_units_exponent_0': 5, 'D_dagger_layer_units_exponent_1': 10, 'D_dagger_layer_units_exponent_2': 8, 'D_dagger_layer_units_exponent_3': 8, 'D_dagger_layer_units_exponent_4': 9, 'D_dagger_layer_units_exponent_5': 7, 'D_dagger_layer_units_exponent_6': 4, 'log_learning_rate': -3.757498452885825, 'log_learning_rate_D': -2.6969822393191802, 'log_learning_rate_D_dagger': -3.7324861039662456, 'training_batch_size': 10, 'training_p': 3}
	 epoch  0 training error:  tensor(1.0017, device='cuda:0', grad_fn=<DivBackward0>)
Memory status after this epoch: 
Memory allocated:  289.400390625
Memory cached:  502.0
	 epoch  10 training error:  tensor(0.3653, device='cuda:0', grad_fn=<DivBackward0>)
Memory status after this epoch: 
Memory allocated:  289.400390625
Memory cached:  544.0
	 epoch  20 training error:  tensor(0.1900, device='cuda:0', grad_fn=<DivBackward0>)
Memory status after this epoch: 
Memory allocated:  289.400390625
Memory cached:  542.0
	 epoch  30 training error:  tensor(0.1478, device='cuda:0', grad_fn=<DivBackward0>)
Memory status after this epoch: 
Memory allocated:  289.400390625
Memory cached:  544.0
	 epoch  40 training error:  tensor(0.1334, device='cuda:0', grad_fn=<DivBackward0>)
Memory status after this epoch: 
Memory allocated:  289.400390625
Memory cached:  540.0
	 epoch  50 training error:  tensor(0.1249, device='cuda:0', grad_fn=<DivBackward0>)
Memory status after this epoch: 
Memory allocated:  289.400390625
Memory cached:  542.0
	 epoch  60 training error:  tensor(0.1160, device='cuda:0', grad_fn=<DivBackward0>)
Memory status after this epoch: 
Memory allocated:  289.400390625
Memory cached:  544.0
	 epoch  70 training error:  tensor(0.1065, device='cuda:0', grad_fn=<DivBackward0>)
Memory status after this epoch: 
Memory allocated:  289.400390625
Memory cached:  546.0
	 epoch  80 training error:  tensor(0.1019, device='cuda:0', grad_fn=<DivBackward0>)
Memory status after this epoch: 
Memory allocated:  289.400390625
Memory cached:  544.0
	 epoch  90 training error:  tensor(0.0984, device='cuda:0', grad_fn=<DivBackward0>)
Memory status after this epoch: 
Memory allocated:  289.400390625
Memory cached:  542.0
[I 2024-01-03 22:07:32,286] Trial 140 finished with value: 0.08975055068731308 and parameters: {'W_layers': 5, 'W_layer_units_exponent_0': 7, 'W_layer_units_exponent_1': 10, 'W_layer_units_exponent_2': 7, 'W_layer_units_exponent_3': 6, 'W_layer_units_exponent_4': 8, 'D_layers': 5, 'D_layer_units_exponent_0': 4, 'D_layer_units_exponent_1': 5, 'D_layer_units_exponent_2': 10, 'D_layer_units_exponent_3': 4, 'D_layer_units_exponent_4': 4, 'D_dagger_layers': 7, 'D_dagger_layer_units_exponent_0': 5, 'D_dagger_layer_units_exponent_1': 10, 'D_dagger_layer_units_exponent_2': 8, 'D_dagger_layer_units_exponent_3': 8, 'D_dagger_layer_units_exponent_4': 9, 'D_dagger_layer_units_exponent_5': 7, 'D_dagger_layer_units_exponent_6': 4, 'log_learning_rate': -3.757498452885825, 'log_learning_rate_D': -2.6969822393191802, 'log_learning_rate_D_dagger': -3.7324861039662456, 'training_batch_size': 10, 'training_p': 3}. Best is trial 127 with value: 0.07626055181026459.
Time for this trial:  222.37740969657898
Memory status after this trial: 
Memory allocated:  543.8359375
Memory cached:  552.0
--------------------  Trial  141   --------------------
Start timing: 
Parameters: 
{'W_layers': 5, 'W_layer_units_exponent_0': 7, 'W_layer_units_exponent_1': 10, 'W_layer_units_exponent_2': 7, 'W_layer_units_exponent_3': 6, 'W_layer_units_exponent_4': 9, 'D_layers': 4, 'D_layer_units_exponent_0': 10, 'D_layer_units_exponent_1': 5, 'D_layer_units_exponent_2': 10, 'D_layer_units_exponent_3': 5, 'D_dagger_layers': 7, 'D_dagger_layer_units_exponent_0': 5, 'D_dagger_layer_units_exponent_1': 10, 'D_dagger_layer_units_exponent_2': 8, 'D_dagger_layer_units_exponent_3': 8, 'D_dagger_layer_units_exponent_4': 8, 'D_dagger_layer_units_exponent_5': 7, 'D_dagger_layer_units_exponent_6': 5, 'log_learning_rate': -3.8860124474412587, 'log_learning_rate_D': -2.606215472384842, 'log_learning_rate_D_dagger': -3.938864957403368, 'training_batch_size': 10, 'training_p': 3}
	 epoch  0 training error:  tensor(1.0801, device='cuda:0', grad_fn=<DivBackward0>)
Memory status after this epoch: 
Memory allocated:  288.99609375
Memory cached:  500.0
	 epoch  10 training error:  tensor(0.6090, device='cuda:0', grad_fn=<DivBackward0>)
Memory status after this epoch: 
Memory allocated:  288.99609375
Memory cached:  512.0
	 epoch  20 training error:  tensor(0.1803, device='cuda:0', grad_fn=<DivBackward0>)
Memory status after this epoch: 
Memory allocated:  288.99609375
Memory cached:  512.0
	 epoch  30 training error:  tensor(0.1675, device='cuda:0', grad_fn=<DivBackward0>)
Memory status after this epoch: 
Memory allocated:  288.99609375
Memory cached:  510.0
	 epoch  40 training error:  tensor(0.1397, device='cuda:0', grad_fn=<DivBackward0>)
Memory status after this epoch: 
Memory allocated:  288.99609375
Memory cached:  514.0
	 epoch  50 training error:  tensor(0.1261, device='cuda:0', grad_fn=<DivBackward0>)
Memory status after this epoch: 
Memory allocated:  288.99609375
Memory cached:  508.0
	 epoch  60 training error:  tensor(0.1086, device='cuda:0', grad_fn=<DivBackward0>)
Memory status after this epoch: 
Memory allocated:  288.99609375
Memory cached:  514.0
	 epoch  70 training error:  tensor(0.0998, device='cuda:0', grad_fn=<DivBackward0>)
Memory status after this epoch: 
Memory allocated:  288.99609375
Memory cached:  508.0
	 epoch  80 training error:  tensor(0.0914, device='cuda:0', grad_fn=<DivBackward0>)
Memory status after this epoch: 
Memory allocated:  288.99609375
Memory cached:  514.0
	 epoch  90 training error:  tensor(0.0866, device='cuda:0', grad_fn=<DivBackward0>)
Memory status after this epoch: 
Memory allocated:  288.99609375
Memory cached:  510.0
[I 2024-01-03 22:11:17,303] Trial 141 finished with value: 0.08070602267980576 and parameters: {'W_layers': 5, 'W_layer_units_exponent_0': 7, 'W_layer_units_exponent_1': 10, 'W_layer_units_exponent_2': 7, 'W_layer_units_exponent_3': 6, 'W_layer_units_exponent_4': 9, 'D_layers': 4, 'D_layer_units_exponent_0': 10, 'D_layer_units_exponent_1': 5, 'D_layer_units_exponent_2': 10, 'D_layer_units_exponent_3': 5, 'D_dagger_layers': 7, 'D_dagger_layer_units_exponent_0': 5, 'D_dagger_layer_units_exponent_1': 10, 'D_dagger_layer_units_exponent_2': 8, 'D_dagger_layer_units_exponent_3': 8, 'D_dagger_layer_units_exponent_4': 8, 'D_dagger_layer_units_exponent_5': 7, 'D_dagger_layer_units_exponent_6': 5, 'log_learning_rate': -3.8860124474412587, 'log_learning_rate_D': -2.606215472384842, 'log_learning_rate_D_dagger': -3.938864957403368, 'training_batch_size': 10, 'training_p': 3}. Best is trial 127 with value: 0.07626055181026459.
Time for this trial:  224.50373363494873
Memory status after this trial: 
Memory allocated:  594.95703125
Memory cached:  604.0
--------------------  Trial  142   --------------------
Start timing: 
Parameters: 
{'W_layers': 5, 'W_layer_units_exponent_0': 7, 'W_layer_units_exponent_1': 10, 'W_layer_units_exponent_2': 7, 'W_layer_units_exponent_3': 6, 'W_layer_units_exponent_4': 9, 'D_layers': 4, 'D_layer_units_exponent_0': 10, 'D_layer_units_exponent_1': 5, 'D_layer_units_exponent_2': 10, 'D_layer_units_exponent_3': 4, 'D_dagger_layers': 7, 'D_dagger_layer_units_exponent_0': 5, 'D_dagger_layer_units_exponent_1': 10, 'D_dagger_layer_units_exponent_2': 8, 'D_dagger_layer_units_exponent_3': 8, 'D_dagger_layer_units_exponent_4': 8, 'D_dagger_layer_units_exponent_5': 7, 'D_dagger_layer_units_exponent_6': 5, 'log_learning_rate': -3.894464438128774, 'log_learning_rate_D': -2.6207777614392676, 'log_learning_rate_D_dagger': -3.9167269420500936, 'training_batch_size': 10, 'training_p': 3}
	 epoch  0 training error:  tensor(0.9419, device='cuda:0', grad_fn=<DivBackward0>)
Memory status after this epoch: 
Memory allocated:  288.74609375
Memory cached:  508.0
	 epoch  10 training error:  tensor(0.5732, device='cuda:0', grad_fn=<DivBackward0>)
Memory status after this epoch: 
Memory allocated:  288.74609375
Memory cached:  538.0
	 epoch  20 training error:  tensor(0.1992, device='cuda:0', grad_fn=<DivBackward0>)
Memory status after this epoch: 
Memory allocated:  288.74609375
Memory cached:  530.0
	 epoch  30 training error:  tensor(0.1855, device='cuda:0', grad_fn=<DivBackward0>)
Memory status after this epoch: 
Memory allocated:  288.74609375
Memory cached:  542.0
	 epoch  40 training error:  tensor(0.1522, device='cuda:0', grad_fn=<DivBackward0>)
Memory status after this epoch: 
Memory allocated:  288.74609375
Memory cached:  544.0
	 epoch  50 training error:  tensor(0.1306, device='cuda:0', grad_fn=<DivBackward0>)
Memory status after this epoch: 
Memory allocated:  288.74609375
Memory cached:  542.0
	 epoch  60 training error:  tensor(0.1141, device='cuda:0', grad_fn=<DivBackward0>)
Memory status after this epoch: 
Memory allocated:  288.74609375
Memory cached:  534.0
	 epoch  70 training error:  tensor(0.0990, device='cuda:0', grad_fn=<DivBackward0>)
Memory status after this epoch: 
Memory allocated:  288.74609375
Memory cached:  542.0
	 epoch  80 training error:  tensor(0.0925, device='cuda:0', grad_fn=<DivBackward0>)
Memory status after this epoch: 
Memory allocated:  288.74609375
Memory cached:  538.0
	 epoch  90 training error:  tensor(0.0876, device='cuda:0', grad_fn=<DivBackward0>)
Memory status after this epoch: 
Memory allocated:  288.74609375
Memory cached:  546.0
[I 2024-01-03 22:15:01,890] Trial 142 finished with value: 0.0843074694275856 and parameters: {'W_layers': 5, 'W_layer_units_exponent_0': 7, 'W_layer_units_exponent_1': 10, 'W_layer_units_exponent_2': 7, 'W_layer_units_exponent_3': 6, 'W_layer_units_exponent_4': 9, 'D_layers': 4, 'D_layer_units_exponent_0': 10, 'D_layer_units_exponent_1': 5, 'D_layer_units_exponent_2': 10, 'D_layer_units_exponent_3': 4, 'D_dagger_layers': 7, 'D_dagger_layer_units_exponent_0': 5, 'D_dagger_layer_units_exponent_1': 10, 'D_dagger_layer_units_exponent_2': 8, 'D_dagger_layer_units_exponent_3': 8, 'D_dagger_layer_units_exponent_4': 8, 'D_dagger_layer_units_exponent_5': 7, 'D_dagger_layer_units_exponent_6': 5, 'log_learning_rate': -3.894464438128774, 'log_learning_rate_D': -2.6207777614392676, 'log_learning_rate_D_dagger': -3.9167269420500936, 'training_batch_size': 10, 'training_p': 3}. Best is trial 127 with value: 0.07626055181026459.
Time for this trial:  224.077223777771
Memory status after this trial: 
Memory allocated:  594.251953125
Memory cached:  602.0
--------------------  Trial  143   --------------------
Start timing: 
Parameters: 
{'W_layers': 5, 'W_layer_units_exponent_0': 7, 'W_layer_units_exponent_1': 10, 'W_layer_units_exponent_2': 7, 'W_layer_units_exponent_3': 6, 'W_layer_units_exponent_4': 10, 'D_layers': 4, 'D_layer_units_exponent_0': 10, 'D_layer_units_exponent_1': 5, 'D_layer_units_exponent_2': 10, 'D_layer_units_exponent_3': 5, 'D_dagger_layers': 7, 'D_dagger_layer_units_exponent_0': 5, 'D_dagger_layer_units_exponent_1': 10, 'D_dagger_layer_units_exponent_2': 8, 'D_dagger_layer_units_exponent_3': 8, 'D_dagger_layer_units_exponent_4': 8, 'D_dagger_layer_units_exponent_5': 7, 'D_dagger_layer_units_exponent_6': 4, 'log_learning_rate': -3.8241569682434973, 'log_learning_rate_D': -2.453859492943064, 'log_learning_rate_D_dagger': -4.006042712531951, 'training_batch_size': 10, 'training_p': 3}
	 epoch  0 training error:  tensor(1.0859, device='cuda:0', grad_fn=<DivBackward0>)
Memory status after this epoch: 
Memory allocated:  289.48046875
Memory cached:  500.0
	 epoch  10 training error:  tensor(0.6329, device='cuda:0', grad_fn=<DivBackward0>)
Memory status after this epoch: 
Memory allocated:  289.48046875
Memory cached:  554.0
	 epoch  20 training error:  tensor(0.3737, device='cuda:0', grad_fn=<DivBackward0>)
Memory status after this epoch: 
Memory allocated:  289.48046875
Memory cached:  536.0
	 epoch  30 training error:  tensor(0.2106, device='cuda:0', grad_fn=<DivBackward0>)
Memory status after this epoch: 
Memory allocated:  289.48046875
Memory cached:  546.0
	 epoch  40 training error:  tensor(0.1726, device='cuda:0', grad_fn=<DivBackward0>)
Memory status after this epoch: 
Memory allocated:  289.48046875
Memory cached:  546.0
	 epoch  50 training error:  tensor(0.1553, device='cuda:0', grad_fn=<DivBackward0>)
Memory status after this epoch: 
Memory allocated:  289.48046875
Memory cached:  534.0
	 epoch  60 training error:  tensor(0.1384, device='cuda:0', grad_fn=<DivBackward0>)
Memory status after this epoch: 
Memory allocated:  289.48046875
Memory cached:  534.0
	 epoch  70 training error:  tensor(0.1286, device='cuda:0', grad_fn=<DivBackward0>)
Memory status after this epoch: 
Memory allocated:  289.48046875
Memory cached:  530.0
	 epoch  80 training error:  tensor(0.1275, device='cuda:0', grad_fn=<DivBackward0>)
Memory status after this epoch: 
Memory allocated:  289.48046875
Memory cached:  536.0
	 epoch  90 training error:  tensor(0.1133, device='cuda:0', grad_fn=<DivBackward0>)
Memory status after this epoch: 
Memory allocated:  289.48046875
Memory cached:  538.0
[I 2024-01-03 22:18:50,892] Trial 143 finished with value: 0.09391950815916061 and parameters: {'W_layers': 5, 'W_layer_units_exponent_0': 7, 'W_layer_units_exponent_1': 10, 'W_layer_units_exponent_2': 7, 'W_layer_units_exponent_3': 6, 'W_layer_units_exponent_4': 10, 'D_layers': 4, 'D_layer_units_exponent_0': 10, 'D_layer_units_exponent_1': 5, 'D_layer_units_exponent_2': 10, 'D_layer_units_exponent_3': 5, 'D_dagger_layers': 7, 'D_dagger_layer_units_exponent_0': 5, 'D_dagger_layer_units_exponent_1': 10, 'D_dagger_layer_units_exponent_2': 8, 'D_dagger_layer_units_exponent_3': 8, 'D_dagger_layer_units_exponent_4': 8, 'D_dagger_layer_units_exponent_5': 7, 'D_dagger_layer_units_exponent_6': 4, 'log_learning_rate': -3.8241569682434973, 'log_learning_rate_D': -2.453859492943064, 'log_learning_rate_D_dagger': -4.006042712531951, 'training_batch_size': 10, 'training_p': 3}. Best is trial 127 with value: 0.07626055181026459.
Time for this trial:  228.41076731681824
Memory status after this trial: 
Memory allocated:  618.05078125
Memory cached:  626.0
--------------------  Trial  144   --------------------
Start timing: 
Parameters: 
{'W_layers': 5, 'W_layer_units_exponent_0': 7, 'W_layer_units_exponent_1': 10, 'W_layer_units_exponent_2': 7, 'W_layer_units_exponent_3': 6, 'W_layer_units_exponent_4': 10, 'D_layers': 4, 'D_layer_units_exponent_0': 10, 'D_layer_units_exponent_1': 5, 'D_layer_units_exponent_2': 10, 'D_layer_units_exponent_3': 4, 'D_dagger_layers': 7, 'D_dagger_layer_units_exponent_0': 5, 'D_dagger_layer_units_exponent_1': 10, 'D_dagger_layer_units_exponent_2': 8, 'D_dagger_layer_units_exponent_3': 8, 'D_dagger_layer_units_exponent_4': 8, 'D_dagger_layer_units_exponent_5': 7, 'D_dagger_layer_units_exponent_6': 5, 'log_learning_rate': -3.505574328568313, 'log_learning_rate_D': -2.7187301200869443, 'log_learning_rate_D_dagger': -3.766325146107346, 'training_batch_size': 10, 'training_p': 3}
	 epoch  0 training error:  tensor(0.9409, device='cuda:0', grad_fn=<DivBackward0>)
Memory status after this epoch: 
Memory allocated:  289.26171875
Memory cached:  504.0
	 epoch  10 training error:  tensor(0.4513, device='cuda:0', grad_fn=<DivBackward0>)
Memory status after this epoch: 
Memory allocated:  289.26171875
Memory cached:  550.0
	 epoch  20 training error:  tensor(0.2455, device='cuda:0', grad_fn=<DivBackward0>)
Memory status after this epoch: 
Memory allocated:  289.26171875
Memory cached:  540.0
	 epoch  30 training error:  tensor(0.1858, device='cuda:0', grad_fn=<DivBackward0>)
Memory status after this epoch: 
Memory allocated:  289.26171875
Memory cached:  536.0
	 epoch  40 training error:  tensor(0.1559, device='cuda:0', grad_fn=<DivBackward0>)
Memory status after this epoch: 
Memory allocated:  289.26171875
Memory cached:  528.0
	 epoch  50 training error:  tensor(0.1287, device='cuda:0', grad_fn=<DivBackward0>)
Memory status after this epoch: 
Memory allocated:  289.26171875
Memory cached:  534.0
	 epoch  60 training error:  tensor(0.1083, device='cuda:0', grad_fn=<DivBackward0>)
Memory status after this epoch: 
Memory allocated:  289.26171875
Memory cached:  540.0
	 epoch  70 training error:  tensor(0.0936, device='cuda:0', grad_fn=<DivBackward0>)
Memory status after this epoch: 
Memory allocated:  289.26171875
Memory cached:  540.0
	 epoch  80 training error:  tensor(0.0850, device='cuda:0', grad_fn=<DivBackward0>)
Memory status after this epoch: 
Memory allocated:  289.26171875
Memory cached:  538.0
	 epoch  90 training error:  tensor(0.0828, device='cuda:0', grad_fn=<DivBackward0>)
Memory status after this epoch: 
Memory allocated:  289.26171875
Memory cached:  542.0
[I 2024-01-03 22:22:36,412] Trial 144 finished with value: 0.07830286026000977 and parameters: {'W_layers': 5, 'W_layer_units_exponent_0': 7, 'W_layer_units_exponent_1': 10, 'W_layer_units_exponent_2': 7, 'W_layer_units_exponent_3': 6, 'W_layer_units_exponent_4': 10, 'D_layers': 4, 'D_layer_units_exponent_0': 10, 'D_layer_units_exponent_1': 5, 'D_layer_units_exponent_2': 10, 'D_layer_units_exponent_3': 4, 'D_dagger_layers': 7, 'D_dagger_layer_units_exponent_0': 5, 'D_dagger_layer_units_exponent_1': 10, 'D_dagger_layer_units_exponent_2': 8, 'D_dagger_layer_units_exponent_3': 8, 'D_dagger_layer_units_exponent_4': 8, 'D_dagger_layer_units_exponent_5': 7, 'D_dagger_layer_units_exponent_6': 5, 'log_learning_rate': -3.505574328568313, 'log_learning_rate_D': -2.7187301200869443, 'log_learning_rate_D_dagger': -3.766325146107346, 'training_batch_size': 10, 'training_p': 3}. Best is trial 127 with value: 0.07626055181026459.
Time for this trial:  224.9287464618683
Memory status after this trial: 
Memory allocated:  617.947265625
Memory cached:  626.0
--------------------  Trial  145   --------------------
Start timing: 
Parameters: 
{'W_layers': 5, 'W_layer_units_exponent_0': 7, 'W_layer_units_exponent_1': 10, 'W_layer_units_exponent_2': 7, 'W_layer_units_exponent_3': 6, 'W_layer_units_exponent_4': 10, 'D_layers': 4, 'D_layer_units_exponent_0': 10, 'D_layer_units_exponent_1': 5, 'D_layer_units_exponent_2': 10, 'D_layer_units_exponent_3': 4, 'D_dagger_layers': 7, 'D_dagger_layer_units_exponent_0': 5, 'D_dagger_layer_units_exponent_1': 10, 'D_dagger_layer_units_exponent_2': 8, 'D_dagger_layer_units_exponent_3': 8, 'D_dagger_layer_units_exponent_4': 8, 'D_dagger_layer_units_exponent_5': 7, 'D_dagger_layer_units_exponent_6': 5, 'log_learning_rate': -3.663019167525451, 'log_learning_rate_D': -2.7017529355973826, 'log_learning_rate_D_dagger': -3.8235986312127044, 'training_batch_size': 10, 'training_p': 3}
	 epoch  0 training error:  tensor(1.0362, device='cuda:0', grad_fn=<DivBackward0>)
Memory status after this epoch: 
Memory allocated:  289.26171875
Memory cached:  506.0
	 epoch  10 training error:  tensor(0.5452, device='cuda:0', grad_fn=<DivBackward0>)
Memory status after this epoch: 
Memory allocated:  289.26171875
Memory cached:  538.0
	 epoch  20 training error:  tensor(0.1825, device='cuda:0', grad_fn=<DivBackward0>)
Memory status after this epoch: 
Memory allocated:  289.26171875
Memory cached:  544.0
	 epoch  30 training error:  tensor(0.1773, device='cuda:0', grad_fn=<DivBackward0>)
Memory status after this epoch: 
Memory allocated:  289.26171875
Memory cached:  530.0
	 epoch  40 training error:  tensor(0.1485, device='cuda:0', grad_fn=<DivBackward0>)
Memory status after this epoch: 
Memory allocated:  289.26171875
Memory cached:  536.0
	 epoch  50 training error:  tensor(0.1326, device='cuda:0', grad_fn=<DivBackward0>)
Memory status after this epoch: 
Memory allocated:  289.26171875
Memory cached:  534.0
	 epoch  60 training error:  tensor(0.1222, device='cuda:0', grad_fn=<DivBackward0>)
Memory status after this epoch: 
Memory allocated:  289.26171875
Memory cached:  538.0
	 epoch  70 training error:  tensor(0.1036, device='cuda:0', grad_fn=<DivBackward0>)
Memory status after this epoch: 
Memory allocated:  289.26171875
Memory cached:  538.0
	 epoch  80 training error:  tensor(0.1006, device='cuda:0', grad_fn=<DivBackward0>)
Memory status after this epoch: 
Memory allocated:  289.26171875
Memory cached:  536.0
	 epoch  90 training error:  tensor(0.0877, device='cuda:0', grad_fn=<DivBackward0>)
Memory status after this epoch: 
Memory allocated:  289.26171875
Memory cached:  530.0
