[I 2023-12-05 01:10:15,483] Trial 27 finished with value: 0.36612656712532043 and parameters: {'W_layers': 6, 'W_layer_units_exponent_0': 8, 'W_layer_units_exponent_1': 6, 'W_layer_units_exponent_2': 8, 'W_layer_units_exponent_3': 4, 'W_layer_units_exponent_4': 9, 'W_layer_units_exponent_5': 6, 'D_layers': 7, 'D_layer_units_exponent_0': 6, 'D_layer_units_exponent_1': 8, 'D_layer_units_exponent_2': 5, 'D_layer_units_exponent_3': 9, 'D_layer_units_exponent_4': 9, 'D_layer_units_exponent_5': 9, 'D_layer_units_exponent_6': 6, 'log_learning_rate': -2.262696438243021, 'log_learning_rate_D': -3.165056290840367, 'training_batch_size': 9, 'training_p': 2}. Best is trial 22 with value: 0.3617217540740967.
Time for this trial:  15.30112075805664
Memory status after this trial: 
Memory allocated:  78.58447265625
Memory cached:  84.0
--------------------  Trial  28   --------------------
Start timing: 
Parameters: 
{'W_layers': 5, 'W_layer_units_exponent_0': 9, 'W_layer_units_exponent_1': 7, 'W_layer_units_exponent_2': 7, 'W_layer_units_exponent_3': 7, 'W_layer_units_exponent_4': 6, 'D_layers': 8, 'D_layer_units_exponent_0': 9, 'D_layer_units_exponent_1': 9, 'D_layer_units_exponent_2': 8, 'D_layer_units_exponent_3': 8, 'D_layer_units_exponent_4': 8, 'D_layer_units_exponent_5': 7, 'D_layer_units_exponent_6': 5, 'D_layer_units_exponent_7': 6, 'log_learning_rate': -2.7758992533298974, 'log_learning_rate_D': -3.5004890419819183, 'training_batch_size': 6, 'training_p': 3}
	 epoch  0 training error:  tensor(1.0464, device='cuda:0', grad_fn=<DivBackward0>)
Memory status after this epoch: 
Memory allocated:  53.62109375
Memory cached:  84.0
	 epoch  10 training error:  tensor(0.5612, device='cuda:0', grad_fn=<DivBackward0>)
Memory status after this epoch: 
Memory allocated:  53.62109375
Memory cached:  84.0
	 epoch  20 training error:  tensor(0.5611, device='cuda:0', grad_fn=<DivBackward0>)
Memory status after this epoch: 
Memory allocated:  53.62109375
Memory cached:  84.0
	 epoch  30 training error:  tensor(0.5599, device='cuda:0', grad_fn=<DivBackward0>)
Memory status after this epoch: 
Memory allocated:  53.62109375
Memory cached:  84.0
	 epoch  40 training error:  tensor(0.5601, device='cuda:0', grad_fn=<DivBackward0>)
Memory status after this epoch: 
Memory allocated:  53.62109375
Memory cached:  84.0
	 epoch  50 training error:  tensor(0.5607, device='cuda:0', grad_fn=<DivBackward0>)
Memory status after this epoch: 
Memory allocated:  53.62109375
Memory cached:  84.0
	 epoch  60 training error:  tensor(0.5607, device='cuda:0', grad_fn=<DivBackward0>)
Memory status after this epoch: 
Memory allocated:  53.62109375
Memory cached:  84.0
	 epoch  70 training error:  tensor(0.5603, device='cuda:0', grad_fn=<DivBackward0>)
Memory status after this epoch: 
Memory allocated:  53.62109375
Memory cached:  84.0
	 epoch  80 training error:  tensor(0.5601, device='cuda:0', grad_fn=<DivBackward0>)
Memory status after this epoch: 
Memory allocated:  53.62109375
Memory cached:  84.0
	 epoch  90 training error:  tensor(0.5606, device='cuda:0', grad_fn=<DivBackward0>)
Memory status after this epoch: 
Memory allocated:  53.62109375
Memory cached:  84.0
[I 2023-12-05 01:10:32,190] Trial 28 finished with value: 0.4395342469215393 and parameters: {'W_layers': 5, 'W_layer_units_exponent_0': 9, 'W_layer_units_exponent_1': 7, 'W_layer_units_exponent_2': 7, 'W_layer_units_exponent_3': 7, 'W_layer_units_exponent_4': 6, 'D_layers': 8, 'D_layer_units_exponent_0': 9, 'D_layer_units_exponent_1': 9, 'D_layer_units_exponent_2': 8, 'D_layer_units_exponent_3': 8, 'D_layer_units_exponent_4': 8, 'D_layer_units_exponent_5': 7, 'D_layer_units_exponent_6': 5, 'D_layer_units_exponent_7': 6, 'log_learning_rate': -2.7758992533298974, 'log_learning_rate_D': -3.5004890419819183, 'training_batch_size': 6, 'training_p': 3}. Best is trial 22 with value: 0.3617217540740967.
Time for this trial:  16.525867462158203
Memory status after this trial: 
Memory allocated:  73.10595703125
Memory cached:  90.0
--------------------  Trial  29   --------------------
Start timing: 
Parameters: 
{'W_layers': 7, 'W_layer_units_exponent_0': 6, 'W_layer_units_exponent_1': 7, 'W_layer_units_exponent_2': 9, 'W_layer_units_exponent_3': 5, 'W_layer_units_exponent_4': 10, 'W_layer_units_exponent_5': 8, 'W_layer_units_exponent_6': 7, 'D_layers': 6, 'D_layer_units_exponent_0': 5, 'D_layer_units_exponent_1': 8, 'D_layer_units_exponent_2': 6, 'D_layer_units_exponent_3': 9, 'D_layer_units_exponent_4': 7, 'D_layer_units_exponent_5': 5, 'log_learning_rate': -2.539039839436982, 'log_learning_rate_D': -3.0414671680392225, 'training_batch_size': 9, 'training_p': 4}
	 epoch  0 training error:  tensor(0.9635, device='cuda:0', grad_fn=<DivBackward0>)
Memory status after this epoch: 
Memory allocated:  56.73046875
Memory cached:  86.0
	 epoch  10 training error:  tensor(0.7882, device='cuda:0', grad_fn=<DivBackward0>)
Memory status after this epoch: 
Memory allocated:  56.73046875
Memory cached:  86.0
	 epoch  20 training error:  tensor(0.6422, device='cuda:0', grad_fn=<DivBackward0>)
Memory status after this epoch: 
Memory allocated:  56.73046875
Memory cached:  86.0
	 epoch  30 training error:  tensor(0.5927, device='cuda:0', grad_fn=<DivBackward0>)
Memory status after this epoch: 
Memory allocated:  56.73046875
Memory cached:  86.0
	 epoch  40 training error:  tensor(0.5835, device='cuda:0', grad_fn=<DivBackward0>)
Memory status after this epoch: 
Memory allocated:  56.73046875
Memory cached:  86.0
	 epoch  50 training error:  tensor(0.5837, device='cuda:0', grad_fn=<DivBackward0>)
Memory status after this epoch: 
Memory allocated:  56.73046875
Memory cached:  86.0
	 epoch  60 training error:  tensor(0.5826, device='cuda:0', grad_fn=<DivBackward0>)
Memory status after this epoch: 
Memory allocated:  56.73046875
Memory cached:  86.0
	 epoch  70 training error:  tensor(0.5825, device='cuda:0', grad_fn=<DivBackward0>)
Memory status after this epoch: 
Memory allocated:  56.73046875
Memory cached:  86.0
	 epoch  80 training error:  tensor(0.5825, device='cuda:0', grad_fn=<DivBackward0>)
Memory status after this epoch: 
Memory allocated:  56.73046875
Memory cached:  86.0
	 epoch  90 training error:  tensor(0.5824, device='cuda:0', grad_fn=<DivBackward0>)
Memory status after this epoch: 
Memory allocated:  56.73046875
Memory cached:  86.0
[I 2023-12-05 01:10:48,207] Trial 29 finished with value: 0.4944038987159729 and parameters: {'W_layers': 7, 'W_layer_units_exponent_0': 6, 'W_layer_units_exponent_1': 7, 'W_layer_units_exponent_2': 9, 'W_layer_units_exponent_3': 5, 'W_layer_units_exponent_4': 10, 'W_layer_units_exponent_5': 8, 'W_layer_units_exponent_6': 7, 'D_layers': 6, 'D_layer_units_exponent_0': 5, 'D_layer_units_exponent_1': 8, 'D_layer_units_exponent_2': 6, 'D_layer_units_exponent_3': 9, 'D_layer_units_exponent_4': 7, 'D_layer_units_exponent_5': 5, 'log_learning_rate': -2.539039839436982, 'log_learning_rate_D': -3.0414671680392225, 'training_batch_size': 9, 'training_p': 4}. Best is trial 22 with value: 0.3617217540740967.
Time for this trial:  15.799477100372314
Memory status after this trial: 
Memory allocated:  103.52099609375
Memory cached:  112.0
--------------------  Trial  30   --------------------
Start timing: 
Parameters: 
{'W_layers': 8, 'W_layer_units_exponent_0': 7, 'W_layer_units_exponent_1': 4, 'W_layer_units_exponent_2': 5, 'W_layer_units_exponent_3': 10, 'W_layer_units_exponent_4': 8, 'W_layer_units_exponent_5': 10, 'W_layer_units_exponent_6': 4, 'W_layer_units_exponent_7': 10, 'D_layers': 7, 'D_layer_units_exponent_0': 7, 'D_layer_units_exponent_1': 9, 'D_layer_units_exponent_2': 5, 'D_layer_units_exponent_3': 10, 'D_layer_units_exponent_4': 10, 'D_layer_units_exponent_5': 8, 'D_layer_units_exponent_6': 7, 'log_learning_rate': -3.775255341568802, 'log_learning_rate_D': -2.593505605703964, 'training_batch_size': 7, 'training_p': 2}
	 epoch  0 training error:  tensor(0.8160, device='cuda:0', grad_fn=<DivBackward0>)
Memory status after this epoch: 
Memory allocated:  64.89453125
Memory cached:  90.0
	 epoch  10 training error:  tensor(0.5933, device='cuda:0', grad_fn=<DivBackward0>)
Memory status after this epoch: 
Memory allocated:  64.89453125
Memory cached:  90.0
	 epoch  20 training error:  tensor(0.5664, device='cuda:0', grad_fn=<DivBackward0>)
Memory status after this epoch: 
Memory allocated:  64.89453125
Memory cached:  90.0
	 epoch  30 training error:  tensor(0.5126, device='cuda:0', grad_fn=<DivBackward0>)
Memory status after this epoch: 
Memory allocated:  64.89453125
Memory cached:  90.0
	 epoch  40 training error:  tensor(0.5063, device='cuda:0', grad_fn=<DivBackward0>)
Memory status after this epoch: 
Memory allocated:  64.89453125
Memory cached:  90.0
	 epoch  50 training error:  tensor(0.5027, device='cuda:0', grad_fn=<DivBackward0>)
Memory status after this epoch: 
Memory allocated:  64.89453125
Memory cached:  90.0
	 epoch  60 training error:  tensor(0.4997, device='cuda:0', grad_fn=<DivBackward0>)
Memory status after this epoch: 
Memory allocated:  64.89453125
Memory cached:  90.0
	 epoch  70 training error:  tensor(0.4993, device='cuda:0', grad_fn=<DivBackward0>)
Memory status after this epoch: 
Memory allocated:  64.89453125
Memory cached:  90.0
	 epoch  80 training error:  tensor(0.4993, device='cuda:0', grad_fn=<DivBackward0>)
Memory status after this epoch: 
Memory allocated:  64.89453125
Memory cached:  90.0
	 epoch  90 training error:  tensor(0.4993, device='cuda:0', grad_fn=<DivBackward0>)
Memory status after this epoch: 
Memory allocated:  64.89453125
Memory cached:  90.0
[I 2023-12-05 01:11:04,671] Trial 30 finished with value: 0.3632436692714691 and parameters: {'W_layers': 8, 'W_layer_units_exponent_0': 7, 'W_layer_units_exponent_1': 4, 'W_layer_units_exponent_2': 5, 'W_layer_units_exponent_3': 10, 'W_layer_units_exponent_4': 8, 'W_layer_units_exponent_5': 10, 'W_layer_units_exponent_6': 4, 'W_layer_units_exponent_7': 10, 'D_layers': 7, 'D_layer_units_exponent_0': 7, 'D_layer_units_exponent_1': 9, 'D_layer_units_exponent_2': 5, 'D_layer_units_exponent_3': 10, 'D_layer_units_exponent_4': 10, 'D_layer_units_exponent_5': 8, 'D_layer_units_exponent_6': 7, 'log_learning_rate': -3.775255341568802, 'log_learning_rate_D': -2.593505605703964, 'training_batch_size': 7, 'training_p': 2}. Best is trial 22 with value: 0.3617217540740967.
Time for this trial:  16.28205680847168
Memory status after this trial: 
Memory allocated:  135.47607421875
Memory cached:  168.0
--------------------  Trial  31   --------------------
Start timing: 
Parameters: 
{'W_layers': 8, 'W_layer_units_exponent_0': 7, 'W_layer_units_exponent_1': 4, 'W_layer_units_exponent_2': 5, 'W_layer_units_exponent_3': 10, 'W_layer_units_exponent_4': 8, 'W_layer_units_exponent_5': 10, 'W_layer_units_exponent_6': 4, 'W_layer_units_exponent_7': 10, 'D_layers': 7, 'D_layer_units_exponent_0': 7, 'D_layer_units_exponent_1': 9, 'D_layer_units_exponent_2': 5, 'D_layer_units_exponent_3': 10, 'D_layer_units_exponent_4': 10, 'D_layer_units_exponent_5': 8, 'D_layer_units_exponent_6': 7, 'log_learning_rate': -3.8898208445334506, 'log_learning_rate_D': -2.5678194651477093, 'training_batch_size': 6, 'training_p': 2}
	 epoch  0 training error:  tensor(0.9298, device='cuda:0', grad_fn=<DivBackward0>)
Memory status after this epoch: 
Memory allocated:  64.8701171875
Memory cached:  90.0
	 epoch  10 training error:  tensor(0.5728, device='cuda:0', grad_fn=<DivBackward0>)
Memory status after this epoch: 
Memory allocated:  64.8701171875
Memory cached:  90.0
	 epoch  20 training error:  tensor(0.5068, device='cuda:0', grad_fn=<DivBackward0>)
Memory status after this epoch: 
Memory allocated:  64.8701171875
Memory cached:  90.0
	 epoch  30 training error:  tensor(0.4997, device='cuda:0', grad_fn=<DivBackward0>)
Memory status after this epoch: 
Memory allocated:  64.8701171875
Memory cached:  90.0
	 epoch  40 training error:  tensor(0.4995, device='cuda:0', grad_fn=<DivBackward0>)
Memory status after this epoch: 
Memory allocated:  64.8701171875
Memory cached:  90.0
	 epoch  50 training error:  tensor(0.4998, device='cuda:0', grad_fn=<DivBackward0>)
Memory status after this epoch: 
Memory allocated:  64.8701171875
Memory cached:  90.0
	 epoch  60 training error:  tensor(0.4994, device='cuda:0', grad_fn=<DivBackward0>)
Memory status after this epoch: 
Memory allocated:  64.8701171875
Memory cached:  90.0
	 epoch  70 training error:  tensor(0.4993, device='cuda:0', grad_fn=<DivBackward0>)
Memory status after this epoch: 
Memory allocated:  64.8701171875
Memory cached:  90.0
	 epoch  80 training error:  tensor(0.4993, device='cuda:0', grad_fn=<DivBackward0>)
Memory status after this epoch: 
Memory allocated:  64.8701171875
Memory cached:  90.0
	 epoch  90 training error:  tensor(0.4994, device='cuda:0', grad_fn=<DivBackward0>)
Memory status after this epoch: 
Memory allocated:  64.8701171875
Memory cached:  90.0
[I 2023-12-05 01:11:22,379] Trial 31 finished with value: 0.36051222681999207 and parameters: {'W_layers': 8, 'W_layer_units_exponent_0': 7, 'W_layer_units_exponent_1': 4, 'W_layer_units_exponent_2': 5, 'W_layer_units_exponent_3': 10, 'W_layer_units_exponent_4': 8, 'W_layer_units_exponent_5': 10, 'W_layer_units_exponent_6': 4, 'W_layer_units_exponent_7': 10, 'D_layers': 7, 'D_layer_units_exponent_0': 7, 'D_layer_units_exponent_1': 9, 'D_layer_units_exponent_2': 5, 'D_layer_units_exponent_3': 10, 'D_layer_units_exponent_4': 10, 'D_layer_units_exponent_5': 8, 'D_layer_units_exponent_6': 7, 'log_learning_rate': -3.8898208445334506, 'log_learning_rate_D': -2.5678194651477093, 'training_batch_size': 6, 'training_p': 2}. Best is trial 31 with value: 0.36051222681999207.
res:  tensor(0.3605, device='cuda:0', grad_fn=<DivBackward0>)
self.bestValue:  tensor(0.3617, device='cuda:0', grad_fn=<DivBackward0>)
Save this model!
Time for this trial:  17.508824586868286
Memory status after this trial: 
Memory allocated:  85.6826171875
Memory cached:  142.0
--------------------  Trial  32   --------------------
Start timing: 
Parameters: 
{'W_layers': 8, 'W_layer_units_exponent_0': 7, 'W_layer_units_exponent_1': 4, 'W_layer_units_exponent_2': 5, 'W_layer_units_exponent_3': 10, 'W_layer_units_exponent_4': 8, 'W_layer_units_exponent_5': 10, 'W_layer_units_exponent_6': 4, 'W_layer_units_exponent_7': 10, 'D_layers': 7, 'D_layer_units_exponent_0': 6, 'D_layer_units_exponent_1': 9, 'D_layer_units_exponent_2': 5, 'D_layer_units_exponent_3': 10, 'D_layer_units_exponent_4': 10, 'D_layer_units_exponent_5': 8, 'D_layer_units_exponent_6': 7, 'log_learning_rate': -3.8583465989487924, 'log_learning_rate_D': -2.5527447808752024, 'training_batch_size': 7, 'training_p': 2}
	 epoch  0 training error:  tensor(0.9000, device='cuda:0', grad_fn=<DivBackward0>)
Memory status after this epoch: 
Memory allocated:  100.65771484375
Memory cached:  146.0
	 epoch  10 training error:  tensor(0.6188, device='cuda:0', grad_fn=<DivBackward0>)
Memory status after this epoch: 
Memory allocated:  100.65771484375
Memory cached:  146.0
	 epoch  20 training error:  tensor(0.5784, device='cuda:0', grad_fn=<DivBackward0>)
Memory status after this epoch: 
Memory allocated:  100.65771484375
Memory cached:  146.0
	 epoch  30 training error:  tensor(0.5362, device='cuda:0', grad_fn=<DivBackward0>)
Memory status after this epoch: 
Memory allocated:  100.65771484375
Memory cached:  146.0
	 epoch  40 training error:  tensor(0.4995, device='cuda:0', grad_fn=<DivBackward0>)
Memory status after this epoch: 
Memory allocated:  100.65771484375
Memory cached:  146.0
	 epoch  50 training error:  tensor(0.5004, device='cuda:0', grad_fn=<DivBackward0>)
Memory status after this epoch: 
Memory allocated:  100.65771484375
Memory cached:  146.0
	 epoch  60 training error:  tensor(0.5011, device='cuda:0', grad_fn=<DivBackward0>)
Memory status after this epoch: 
Memory allocated:  100.65771484375
Memory cached:  146.0
	 epoch  70 training error:  tensor(0.4994, device='cuda:0', grad_fn=<DivBackward0>)
Memory status after this epoch: 
Memory allocated:  100.65771484375
Memory cached:  146.0
	 epoch  80 training error:  tensor(0.4993, device='cuda:0', grad_fn=<DivBackward0>)
Memory status after this epoch: 
Memory allocated:  100.65771484375
Memory cached:  146.0
	 epoch  90 training error:  tensor(0.4993, device='cuda:0', grad_fn=<DivBackward0>)
Memory status after this epoch: 
Memory allocated:  100.65771484375
Memory cached:  146.0
[I 2023-12-05 01:11:39,034] Trial 32 finished with value: 0.36609408259391785 and parameters: {'W_layers': 8, 'W_layer_units_exponent_0': 7, 'W_layer_units_exponent_1': 4, 'W_layer_units_exponent_2': 5, 'W_layer_units_exponent_3': 10, 'W_layer_units_exponent_4': 8, 'W_layer_units_exponent_5': 10, 'W_layer_units_exponent_6': 4, 'W_layer_units_exponent_7': 10, 'D_layers': 7, 'D_layer_units_exponent_0': 6, 'D_layer_units_exponent_1': 9, 'D_layer_units_exponent_2': 5, 'D_layer_units_exponent_3': 10, 'D_layer_units_exponent_4': 10, 'D_layer_units_exponent_5': 8, 'D_layer_units_exponent_6': 7, 'log_learning_rate': -3.8583465989487924, 'log_learning_rate_D': -2.5527447808752024, 'training_batch_size': 7, 'training_p': 2}. Best is trial 31 with value: 0.36051222681999207.
Time for this trial:  16.476840257644653
Memory status after this trial: 
Memory allocated:  171.73974609375
Memory cached:  208.0
--------------------  Trial  33   --------------------
Start timing: 
Parameters: 
{'W_layers': 8, 'W_layer_units_exponent_0': 8, 'W_layer_units_exponent_1': 4, 'W_layer_units_exponent_2': 5, 'W_layer_units_exponent_3': 10, 'W_layer_units_exponent_4': 8, 'W_layer_units_exponent_5': 9, 'W_layer_units_exponent_6': 4, 'W_layer_units_exponent_7': 10, 'D_layers': 6, 'D_layer_units_exponent_0': 7, 'D_layer_units_exponent_1': 10, 'D_layer_units_exponent_2': 4, 'D_layer_units_exponent_3': 10, 'D_layer_units_exponent_4': 10, 'D_layer_units_exponent_5': 8, 'log_learning_rate': -3.7167045441005726, 'log_learning_rate_D': -2.064144705421224, 'training_batch_size': 7, 'training_p': 3}
	 epoch  0 training error:  tensor(0.8252, device='cuda:0', grad_fn=<DivBackward0>)
Memory status after this epoch: 
Memory allocated:  98.75146484375
Memory cached:  142.0
	 epoch  10 training error:  tensor(0.6509, device='cuda:0', grad_fn=<DivBackward0>)
Memory status after this epoch: 
Memory allocated:  98.75146484375
Memory cached:  142.0
	 epoch  20 training error:  tensor(0.5962, device='cuda:0', grad_fn=<DivBackward0>)
Memory status after this epoch: 
Memory allocated:  98.75146484375
Memory cached:  142.0
	 epoch  30 training error:  tensor(0.5735, device='cuda:0', grad_fn=<DivBackward0>)
Memory status after this epoch: 
Memory allocated:  98.75146484375
Memory cached:  142.0
	 epoch  40 training error:  tensor(0.5652, device='cuda:0', grad_fn=<DivBackward0>)
Memory status after this epoch: 
Memory allocated:  98.75146484375
Memory cached:  142.0
	 epoch  50 training error:  tensor(0.5614, device='cuda:0', grad_fn=<DivBackward0>)
Memory status after this epoch: 
Memory allocated:  98.75146484375
Memory cached:  142.0
	 epoch  60 training error:  tensor(0.5604, device='cuda:0', grad_fn=<DivBackward0>)
Memory status after this epoch: 
Memory allocated:  98.75146484375
Memory cached:  142.0
	 epoch  70 training error:  tensor(0.5600, device='cuda:0', grad_fn=<DivBackward0>)
Memory status after this epoch: 
Memory allocated:  98.75146484375
Memory cached:  142.0
	 epoch  80 training error:  tensor(0.5599, device='cuda:0', grad_fn=<DivBackward0>)
Memory status after this epoch: 
Memory allocated:  98.75146484375
Memory cached:  142.0
	 epoch  90 training error:  tensor(0.5599, device='cuda:0', grad_fn=<DivBackward0>)
Memory status after this epoch: 
Memory allocated:  98.75146484375
Memory cached:  142.0
