[I 2023-12-06 11:44:22,458] Trial 0 finished with value: 1.894212007522583 and parameters: {'W_layers': 6, 'W_layer_units_exponent_0': 10, 'W_layer_units_exponent_1': 8, 'W_layer_units_exponent_2': 10, 'W_layer_units_exponent_3': 4, 'W_layer_units_exponent_4': 5, 'W_layer_units_exponent_5': 6, 'D_layers': 8, 'D_layer_units_exponent_0': 9, 'D_layer_units_exponent_1': 9, 'D_layer_units_exponent_2': 7, 'D_layer_units_exponent_3': 8, 'D_layer_units_exponent_4': 8, 'D_layer_units_exponent_5': 4, 'D_layer_units_exponent_6': 7, 'D_layer_units_exponent_7': 10, 'log_learning_rate': -1.2048761427096841, 'log_learning_rate_D': -3.3005976119670803, 'training_batch_size': 8, 'training_p': 2}. Best is trial 0 with value: 1.894212007522583.
res:  tensor(1.8942, device='cuda:0', grad_fn=<DivBackward0>)
self.bestValue:  10000000.0
Save this model!
Time for this trial:  16.546847581863403
Memory status after this trial: 
Memory allocated:  59.990234375
Memory cached:  70.0
--------------------  Trial  1   --------------------
Start timing: 
Parameters: 
{'W_layers': 8, 'W_layer_units_exponent_0': 6, 'W_layer_units_exponent_1': 5, 'W_layer_units_exponent_2': 7, 'W_layer_units_exponent_3': 4, 'W_layer_units_exponent_4': 7, 'W_layer_units_exponent_5': 4, 'W_layer_units_exponent_6': 6, 'W_layer_units_exponent_7': 6, 'D_layers': 4, 'D_layer_units_exponent_0': 9, 'D_layer_units_exponent_1': 8, 'D_layer_units_exponent_2': 6, 'D_layer_units_exponent_3': 6, 'log_learning_rate': -1.4514706352561988, 'log_learning_rate_D': -2.2752655362432703, 'training_batch_size': 9, 'training_p': 6}
	 epoch  0 training error:  tensor(1.0073, device='cuda:0', grad_fn=<DivBackward0>)
Memory status after this epoch: 
Memory allocated:  60.89404296875
Memory cached:  72.0
	 epoch  10 training error:  tensor(1.2304, device='cuda:0', grad_fn=<DivBackward0>)
Memory status after this epoch: 
Memory allocated:  60.89404296875
Memory cached:  72.0
	 epoch  20 training error:  tensor(0.5317, device='cuda:0', grad_fn=<DivBackward0>)
Memory status after this epoch: 
Memory allocated:  60.89404296875
Memory cached:  72.0
	 epoch  30 training error:  tensor(0.5533, device='cuda:0', grad_fn=<DivBackward0>)
Memory status after this epoch: 
Memory allocated:  60.89404296875
Memory cached:  72.0
	 epoch  40 training error:  tensor(0.5671, device='cuda:0', grad_fn=<DivBackward0>)
Memory status after this epoch: 
Memory allocated:  60.89404296875
Memory cached:  72.0
	 epoch  50 training error:  tensor(0.4691, device='cuda:0', grad_fn=<DivBackward0>)
Memory status after this epoch: 
Memory allocated:  60.89404296875
Memory cached:  72.0
	 epoch  60 training error:  tensor(0.5769, device='cuda:0', grad_fn=<DivBackward0>)
Memory status after this epoch: 
Memory allocated:  60.89404296875
Memory cached:  72.0
	 epoch  70 training error:  tensor(0.5383, device='cuda:0', grad_fn=<DivBackward0>)
Memory status after this epoch: 
Memory allocated:  60.89404296875
Memory cached:  72.0
	 epoch  80 training error:  tensor(0.4756, device='cuda:0', grad_fn=<DivBackward0>)
Memory status after this epoch: 
Memory allocated:  60.89404296875
Memory cached:  72.0
	 epoch  90 training error:  tensor(0.4318, device='cuda:0', grad_fn=<DivBackward0>)
Memory status after this epoch: 
Memory allocated:  60.89404296875
Memory cached:  72.0
[I 2023-12-06 11:44:38,124] Trial 1 finished with value: 0.4134994447231293 and parameters: {'W_layers': 8, 'W_layer_units_exponent_0': 6, 'W_layer_units_exponent_1': 5, 'W_layer_units_exponent_2': 7, 'W_layer_units_exponent_3': 4, 'W_layer_units_exponent_4': 7, 'W_layer_units_exponent_5': 4, 'W_layer_units_exponent_6': 6, 'W_layer_units_exponent_7': 6, 'D_layers': 4, 'D_layer_units_exponent_0': 9, 'D_layer_units_exponent_1': 8, 'D_layer_units_exponent_2': 6, 'D_layer_units_exponent_3': 6, 'log_learning_rate': -1.4514706352561988, 'log_learning_rate_D': -2.2752655362432703, 'training_batch_size': 9, 'training_p': 6}. Best is trial 1 with value: 0.4134994447231293.
res:  tensor(0.4135, device='cuda:0', grad_fn=<DivBackward0>)
self.bestValue:  tensor(1.8942, device='cuda:0', grad_fn=<DivBackward0>)
Save this model!
Time for this trial:  15.58188009262085
Memory status after this trial: 
Memory allocated:  11.9033203125
Memory cached:  20.0
--------------------  Trial  2   --------------------
Start timing: 
Parameters: 
{'W_layers': 5, 'W_layer_units_exponent_0': 8, 'W_layer_units_exponent_1': 4, 'W_layer_units_exponent_2': 5, 'W_layer_units_exponent_3': 5, 'W_layer_units_exponent_4': 6, 'D_layers': 6, 'D_layer_units_exponent_0': 7, 'D_layer_units_exponent_1': 9, 'D_layer_units_exponent_2': 7, 'D_layer_units_exponent_3': 4, 'D_layer_units_exponent_4': 6, 'D_layer_units_exponent_5': 9, 'log_learning_rate': -3.237318926300053, 'log_learning_rate_D': -1.3319078084090776, 'training_batch_size': 9, 'training_p': 7}
	 epoch  0 training error:  tensor(1.1496, device='cuda:0', grad_fn=<DivBackward0>)
Memory status after this epoch: 
Memory allocated:  12.71826171875
Memory cached:  20.0
	 epoch  10 training error:  tensor(0.7209, device='cuda:0', grad_fn=<DivBackward0>)
Memory status after this epoch: 
Memory allocated:  12.71826171875
Memory cached:  20.0
	 epoch  20 training error:  tensor(0.4998, device='cuda:0', grad_fn=<DivBackward0>)
Memory status after this epoch: 
Memory allocated:  12.71826171875
Memory cached:  20.0
	 epoch  30 training error:  tensor(0.4793, device='cuda:0', grad_fn=<DivBackward0>)
Memory status after this epoch: 
Memory allocated:  12.71826171875
Memory cached:  20.0
	 epoch  40 training error:  tensor(0.4747, device='cuda:0', grad_fn=<DivBackward0>)
Memory status after this epoch: 
Memory allocated:  12.71826171875
Memory cached:  20.0
	 epoch  50 training error:  tensor(0.4702, device='cuda:0', grad_fn=<DivBackward0>)
Memory status after this epoch: 
Memory allocated:  12.71826171875
Memory cached:  20.0
	 epoch  60 training error:  tensor(0.4633, device='cuda:0', grad_fn=<DivBackward0>)
Memory status after this epoch: 
Memory allocated:  12.71826171875
Memory cached:  20.0
	 epoch  70 training error:  tensor(0.4549, device='cuda:0', grad_fn=<DivBackward0>)
Memory status after this epoch: 
Memory allocated:  12.71826171875
Memory cached:  20.0
	 epoch  80 training error:  tensor(0.4453, device='cuda:0', grad_fn=<DivBackward0>)
Memory status after this epoch: 
Memory allocated:  12.71826171875
Memory cached:  20.0
	 epoch  90 training error:  tensor(0.4340, device='cuda:0', grad_fn=<DivBackward0>)
Memory status after this epoch: 
Memory allocated:  12.71826171875
Memory cached:  20.0
[I 2023-12-06 11:44:53,464] Trial 2 finished with value: 0.353657066822052 and parameters: {'W_layers': 5, 'W_layer_units_exponent_0': 8, 'W_layer_units_exponent_1': 4, 'W_layer_units_exponent_2': 5, 'W_layer_units_exponent_3': 5, 'W_layer_units_exponent_4': 6, 'D_layers': 6, 'D_layer_units_exponent_0': 7, 'D_layer_units_exponent_1': 9, 'D_layer_units_exponent_2': 7, 'D_layer_units_exponent_3': 4, 'D_layer_units_exponent_4': 6, 'D_layer_units_exponent_5': 9, 'log_learning_rate': -3.237318926300053, 'log_learning_rate_D': -1.3319078084090776, 'training_batch_size': 9, 'training_p': 7}. Best is trial 2 with value: 0.353657066822052.
res:  tensor(0.3537, device='cuda:0', grad_fn=<DivBackward0>)
self.bestValue:  tensor(0.4135, device='cuda:0', grad_fn=<DivBackward0>)
Save this model!
Time for this trial:  15.25446629524231
Memory status after this trial: 
Memory allocated:  9.2666015625
Memory cached:  40.0
--------------------  Trial  3   --------------------
Start timing: 
Parameters: 
{'W_layers': 6, 'W_layer_units_exponent_0': 8, 'W_layer_units_exponent_1': 6, 'W_layer_units_exponent_2': 9, 'W_layer_units_exponent_3': 10, 'W_layer_units_exponent_4': 5, 'W_layer_units_exponent_5': 7, 'D_layers': 4, 'D_layer_units_exponent_0': 7, 'D_layer_units_exponent_1': 10, 'D_layer_units_exponent_2': 7, 'D_layer_units_exponent_3': 8, 'log_learning_rate': -3.5691573302187196, 'log_learning_rate_D': -3.679476394522708, 'training_batch_size': 9, 'training_p': 3}
	 epoch  0 training error:  tensor(1.0961, device='cuda:0', grad_fn=<DivBackward0>)
Memory status after this epoch: 
Memory allocated:  20.20849609375
Memory cached:  60.0
	 epoch  10 training error:  tensor(0.5149, device='cuda:0', grad_fn=<DivBackward0>)
Memory status after this epoch: 
Memory allocated:  20.20849609375
Memory cached:  60.0
	 epoch  20 training error:  tensor(0.4652, device='cuda:0', grad_fn=<DivBackward0>)
Memory status after this epoch: 
Memory allocated:  20.20849609375
Memory cached:  60.0
	 epoch  30 training error:  tensor(0.4432, device='cuda:0', grad_fn=<DivBackward0>)
Memory status after this epoch: 
Memory allocated:  20.20849609375
Memory cached:  60.0
	 epoch  40 training error:  tensor(0.4301, device='cuda:0', grad_fn=<DivBackward0>)
Memory status after this epoch: 
Memory allocated:  20.20849609375
Memory cached:  60.0
	 epoch  50 training error:  tensor(0.4184, device='cuda:0', grad_fn=<DivBackward0>)
Memory status after this epoch: 
Memory allocated:  20.20849609375
Memory cached:  60.0
	 epoch  60 training error:  tensor(0.4058, device='cuda:0', grad_fn=<DivBackward0>)
Memory status after this epoch: 
Memory allocated:  20.20849609375
Memory cached:  60.0
	 epoch  70 training error:  tensor(0.3954, device='cuda:0', grad_fn=<DivBackward0>)
Memory status after this epoch: 
Memory allocated:  20.20849609375
Memory cached:  60.0
	 epoch  80 training error:  tensor(0.3892, device='cuda:0', grad_fn=<DivBackward0>)
Memory status after this epoch: 
Memory allocated:  20.20849609375
Memory cached:  60.0
	 epoch  90 training error:  tensor(0.3827, device='cuda:0', grad_fn=<DivBackward0>)
Memory status after this epoch: 
Memory allocated:  20.20849609375
Memory cached:  60.0
[I 2023-12-06 11:45:09,727] Trial 3 finished with value: 0.3470582664012909 and parameters: {'W_layers': 6, 'W_layer_units_exponent_0': 8, 'W_layer_units_exponent_1': 6, 'W_layer_units_exponent_2': 9, 'W_layer_units_exponent_3': 10, 'W_layer_units_exponent_4': 5, 'W_layer_units_exponent_5': 7, 'D_layers': 4, 'D_layer_units_exponent_0': 7, 'D_layer_units_exponent_1': 10, 'D_layer_units_exponent_2': 7, 'D_layer_units_exponent_3': 8, 'log_learning_rate': -3.5691573302187196, 'log_learning_rate_D': -3.679476394522708, 'training_batch_size': 9, 'training_p': 3}. Best is trial 3 with value: 0.3470582664012909.
res:  tensor(0.3471, device='cuda:0', grad_fn=<DivBackward0>)
self.bestValue:  tensor(0.3537, device='cuda:0', grad_fn=<DivBackward0>)
Save this model!
Time for this trial:  16.16745376586914
Memory status after this trial: 
Memory allocated:  51.2841796875
Memory cached:  96.0
--------------------  Trial  4   --------------------
Start timing: 
Parameters: 
{'W_layers': 3, 'W_layer_units_exponent_0': 9, 'W_layer_units_exponent_1': 9, 'W_layer_units_exponent_2': 9, 'D_layers': 4, 'D_layer_units_exponent_0': 9, 'D_layer_units_exponent_1': 10, 'D_layer_units_exponent_2': 4, 'D_layer_units_exponent_3': 5, 'log_learning_rate': -3.0313613805121586, 'log_learning_rate_D': -3.8220105347921494, 'training_batch_size': 9, 'training_p': 5}
	 epoch  0 training error:  tensor(0.8997, device='cuda:0', grad_fn=<DivBackward0>)
Memory status after this epoch: 
Memory allocated:  61.72021484375
Memory cached:  100.0
	 epoch  10 training error:  tensor(1.5482, device='cuda:0', grad_fn=<DivBackward0>)
Memory status after this epoch: 
Memory allocated:  61.72021484375
Memory cached:  100.0
	 epoch  20 training error:  tensor(0.8725, device='cuda:0', grad_fn=<DivBackward0>)
Memory status after this epoch: 
Memory allocated:  61.72021484375
Memory cached:  100.0
	 epoch  30 training error:  tensor(0.5379, device='cuda:0', grad_fn=<DivBackward0>)
Memory status after this epoch: 
Memory allocated:  61.72021484375
Memory cached:  100.0
	 epoch  40 training error:  tensor(0.4598, device='cuda:0', grad_fn=<DivBackward0>)
Memory status after this epoch: 
Memory allocated:  61.72021484375
Memory cached:  100.0
	 epoch  50 training error:  tensor(0.4254, device='cuda:0', grad_fn=<DivBackward0>)
Memory status after this epoch: 
Memory allocated:  61.72021484375
Memory cached:  100.0
	 epoch  60 training error:  tensor(0.4031, device='cuda:0', grad_fn=<DivBackward0>)
Memory status after this epoch: 
Memory allocated:  61.72021484375
Memory cached:  100.0
	 epoch  70 training error:  tensor(0.3994, device='cuda:0', grad_fn=<DivBackward0>)
Memory status after this epoch: 
Memory allocated:  61.72021484375
Memory cached:  100.0
	 epoch  80 training error:  tensor(0.3943, device='cuda:0', grad_fn=<DivBackward0>)
Memory status after this epoch: 
Memory allocated:  61.72021484375
Memory cached:  100.0
	 epoch  90 training error:  tensor(0.3927, device='cuda:0', grad_fn=<DivBackward0>)
Memory status after this epoch: 
Memory allocated:  61.72021484375
Memory cached:  100.0
[I 2023-12-06 11:45:25,605] Trial 4 finished with value: 0.34888097643852234 and parameters: {'W_layers': 3, 'W_layer_units_exponent_0': 9, 'W_layer_units_exponent_1': 9, 'W_layer_units_exponent_2': 9, 'D_layers': 4, 'D_layer_units_exponent_0': 9, 'D_layer_units_exponent_1': 10, 'D_layer_units_exponent_2': 4, 'D_layer_units_exponent_3': 5, 'log_learning_rate': -3.0313613805121586, 'log_learning_rate_D': -3.8220105347921494, 'training_batch_size': 9, 'training_p': 5}. Best is trial 3 with value: 0.3470582664012909.
Time for this trial:  15.771662473678589
Memory status after this trial: 
Memory allocated:  91.53662109375
Memory cached:  116.0
--------------------  Trial  5   --------------------
Start timing: 
Parameters: 
{'W_layers': 8, 'W_layer_units_exponent_0': 9, 'W_layer_units_exponent_1': 7, 'W_layer_units_exponent_2': 4, 'W_layer_units_exponent_3': 9, 'W_layer_units_exponent_4': 8, 'W_layer_units_exponent_5': 9, 'W_layer_units_exponent_6': 10, 'W_layer_units_exponent_7': 5, 'D_layers': 3, 'D_layer_units_exponent_0': 9, 'D_layer_units_exponent_1': 6, 'D_layer_units_exponent_2': 4, 'log_learning_rate': -2.038797418761993, 'log_learning_rate_D': -3.1070691133647936, 'training_batch_size': 8, 'training_p': 8}
	 epoch  0 training error:  tensor(1.0613, device='cuda:0', grad_fn=<DivBackward0>)
Memory status after this epoch: 
Memory allocated:  65.83154296875
Memory cached:  116.0
	 epoch  10 training error:  tensor(2.7293, device='cuda:0', grad_fn=<DivBackward0>)
Memory status after this epoch: 
Memory allocated:  65.83154296875
Memory cached:  116.0
	 epoch  20 training error:  tensor(0.7133, device='cuda:0', grad_fn=<DivBackward0>)
Memory status after this epoch: 
Memory allocated:  65.83154296875
Memory cached:  116.0
	 epoch  30 training error:  tensor(0.6180, device='cuda:0', grad_fn=<DivBackward0>)
Memory status after this epoch: 
Memory allocated:  65.83154296875
Memory cached:  116.0
	 epoch  40 training error:  tensor(0.4938, device='cuda:0', grad_fn=<DivBackward0>)
Memory status after this epoch: 
Memory allocated:  65.83154296875
Memory cached:  116.0
	 epoch  50 training error:  tensor(0.4676, device='cuda:0', grad_fn=<DivBackward0>)
Memory status after this epoch: 
Memory allocated:  65.83154296875
Memory cached:  116.0
	 epoch  60 training error:  tensor(0.4538, device='cuda:0', grad_fn=<DivBackward0>)
Memory status after this epoch: 
Memory allocated:  65.83154296875
Memory cached:  116.0
	 epoch  70 training error:  tensor(0.4965, device='cuda:0', grad_fn=<DivBackward0>)
Memory status after this epoch: 
Memory allocated:  65.83154296875
Memory cached:  116.0
	 epoch  80 training error:  tensor(0.4593, device='cuda:0', grad_fn=<DivBackward0>)
Memory status after this epoch: 
Memory allocated:  65.83154296875
Memory cached:  116.0
	 epoch  90 training error:  tensor(0.4284, device='cuda:0', grad_fn=<DivBackward0>)
Memory status after this epoch: 
Memory allocated:  65.83154296875
Memory cached:  116.0
[I 2023-12-06 11:45:43,029] Trial 5 finished with value: 0.39551517367362976 and parameters: {'W_layers': 8, 'W_layer_units_exponent_0': 9, 'W_layer_units_exponent_1': 7, 'W_layer_units_exponent_2': 4, 'W_layer_units_exponent_3': 9, 'W_layer_units_exponent_4': 8, 'W_layer_units_exponent_5': 9, 'W_layer_units_exponent_6': 10, 'W_layer_units_exponent_7': 5, 'D_layers': 3, 'D_layer_units_exponent_0': 9, 'D_layer_units_exponent_1': 6, 'D_layer_units_exponent_2': 4, 'log_learning_rate': -2.038797418761993, 'log_learning_rate_D': -3.1070691133647936, 'training_batch_size': 8, 'training_p': 8}. Best is trial 3 with value: 0.3470582664012909.
Time for this trial:  17.32134437561035
Memory status after this trial: 
Memory allocated:  127.93408203125
Memory cached:  158.0
--------------------  Trial  6   --------------------
Start timing: 
Parameters: 
{'W_layers': 6, 'W_layer_units_exponent_0': 6, 'W_layer_units_exponent_1': 6, 'W_layer_units_exponent_2': 5, 'W_layer_units_exponent_3': 8, 'W_layer_units_exponent_4': 8, 'W_layer_units_exponent_5': 7, 'D_layers': 2, 'D_layer_units_exponent_0': 9, 'D_layer_units_exponent_1': 6, 'log_learning_rate': -3.148936389015476, 'log_learning_rate_D': -4.635421785464082, 'training_batch_size': 8, 'training_p': 6}
	 epoch  0 training error:  tensor(1.1933, device='cuda:0', grad_fn=<DivBackward0>)
Memory status after this epoch: 
Memory allocated:  53.1865234375
Memory cached:  96.0
	 epoch  10 training error:  tensor(0.5112, device='cuda:0', grad_fn=<DivBackward0>)
Memory status after this epoch: 
Memory allocated:  53.1865234375
Memory cached:  96.0
	 epoch  20 training error:  tensor(0.4869, device='cuda:0', grad_fn=<DivBackward0>)
Memory status after this epoch: 
Memory allocated:  53.1865234375
Memory cached:  96.0
	 epoch  30 training error:  tensor(0.4798, device='cuda:0', grad_fn=<DivBackward0>)
Memory status after this epoch: 
Memory allocated:  53.1865234375
Memory cached:  96.0
	 epoch  40 training error:  tensor(0.4720, device='cuda:0', grad_fn=<DivBackward0>)
Memory status after this epoch: 
Memory allocated:  53.1865234375
Memory cached:  96.0
	 epoch  50 training error:  tensor(0.4680, device='cuda:0', grad_fn=<DivBackward0>)
Memory status after this epoch: 
Memory allocated:  53.1865234375
Memory cached:  96.0
	 epoch  60 training error:  tensor(0.4606, device='cuda:0', grad_fn=<DivBackward0>)
Memory status after this epoch: 
Memory allocated:  53.1865234375
Memory cached:  96.0
	 epoch  70 training error:  tensor(0.4516, device='cuda:0', grad_fn=<DivBackward0>)
Memory status after this epoch: 
Memory allocated:  53.1865234375
Memory cached:  96.0
	 epoch  80 training error:  tensor(0.4402, device='cuda:0', grad_fn=<DivBackward0>)
Memory status after this epoch: 
Memory allocated:  53.1865234375
Memory cached:  96.0
	 epoch  90 training error:  tensor(0.4288, device='cuda:0', grad_fn=<DivBackward0>)
Memory status after this epoch: 
Memory allocated:  53.1865234375
Memory cached:  96.0
[I 2023-12-06 11:45:58,836] Trial 6 finished with value: 0.3638627827167511 and parameters: {'W_layers': 6, 'W_layer_units_exponent_0': 6, 'W_layer_units_exponent_1': 6, 'W_layer_units_exponent_2': 5, 'W_layer_units_exponent_3': 8, 'W_layer_units_exponent_4': 8, 'W_layer_units_exponent_5': 7, 'D_layers': 2, 'D_layer_units_exponent_0': 9, 'D_layer_units_exponent_1': 6, 'log_learning_rate': -3.148936389015476, 'log_learning_rate_D': -4.635421785464082, 'training_batch_size': 8, 'training_p': 6}. Best is trial 3 with value: 0.3470582664012909.
Time for this trial:  15.712486743927002
Memory status after this trial: 
Memory allocated:  71.39599609375
Memory cached:  96.0
--------------------  Trial  7   --------------------
Start timing: 
Parameters: 
{'W_layers': 4, 'W_layer_units_exponent_0': 4, 'W_layer_units_exponent_1': 9, 'W_layer_units_exponent_2': 10, 'W_layer_units_exponent_3': 10, 'D_layers': 6, 'D_layer_units_exponent_0': 6, 'D_layer_units_exponent_1': 8, 'D_layer_units_exponent_2': 6, 'D_layer_units_exponent_3': 8, 'D_layer_units_exponent_4': 4, 'D_layer_units_exponent_5': 4, 'log_learning_rate': -4.404298225365453, 'log_learning_rate_D': -1.8546415592867564, 'training_batch_size': 8, 'training_p': 5}
	 epoch  0 training error:  tensor(1.0356, device='cuda:0', grad_fn=<DivBackward0>)
Memory status after this epoch: 
Memory allocated:  76.365234375
Memory cached:  96.0
	 epoch  10 training error:  tensor(0.5570, device='cuda:0', grad_fn=<DivBackward0>)
Memory status after this epoch: 
Memory allocated:  76.365234375
Memory cached:  96.0
	 epoch  20 training error:  tensor(0.4845, device='cuda:0', grad_fn=<DivBackward0>)
Memory status after this epoch: 
Memory allocated:  76.365234375
Memory cached:  96.0
	 epoch  30 training error:  tensor(0.4633, device='cuda:0', grad_fn=<DivBackward0>)
Memory status after this epoch: 
Memory allocated:  76.365234375
Memory cached:  96.0
	 epoch  40 training error:  tensor(0.4603, device='cuda:0', grad_fn=<DivBackward0>)
Memory status after this epoch: 
Memory allocated:  76.365234375
Memory cached:  96.0
	 epoch  50 training error:  tensor(0.4564, device='cuda:0', grad_fn=<DivBackward0>)
Memory status after this epoch: 
Memory allocated:  76.365234375
Memory cached:  96.0
	 epoch  60 training error:  tensor(0.4540, device='cuda:0', grad_fn=<DivBackward0>)
Memory status after this epoch: 
Memory allocated:  76.365234375
Memory cached:  96.0
	 epoch  70 training error:  tensor(0.4513, device='cuda:0', grad_fn=<DivBackward0>)
Memory status after this epoch: 
Memory allocated:  76.365234375
Memory cached:  96.0
	 epoch  80 training error:  tensor(0.4489, device='cuda:0', grad_fn=<DivBackward0>)
Memory status after this epoch: 
Memory allocated:  76.365234375
Memory cached:  96.0
	 epoch  90 training error:  tensor(0.4469, device='cuda:0', grad_fn=<DivBackward0>)
Memory status after this epoch: 
Memory allocated:  76.365234375
Memory cached:  96.0
