[I 2024-01-02 01:21:54,676] Trial 381 finished with value: 0.41767215728759766 and parameters: {'W_layers': 5, 'W_layer_units_exponent_0': 8, 'W_layer_units_exponent_1': 10, 'W_layer_units_exponent_2': 6, 'W_layer_units_exponent_3': 6, 'W_layer_units_exponent_4': 5, 'D_layers': 4, 'D_layer_units_exponent_0': 7, 'D_layer_units_exponent_1': 9, 'D_layer_units_exponent_2': 10, 'D_layer_units_exponent_3': 8, 'D_dagger_layers': 3, 'D_dagger_layer_units_exponent_0': 9, 'D_dagger_layer_units_exponent_1': 7, 'D_dagger_layer_units_exponent_2': 5, 'log_learning_rate': -2.774496140047144, 'log_learning_rate_D': -3.4952996339030746, 'log_learning_rate_D_dagger': -2.2805868175189206, 'training_batch_size': 7, 'training_p': 7}. Best is trial 220 with value: 0.11745021492242813.
Time for this trial:  183.94752478599548
Memory status after this trial: 
Memory allocated:  424.0419921875
Memory cached:  446.0
--------------------  Trial  382   --------------------
Start timing: 
Parameters: 
{'W_layers': 4, 'W_layer_units_exponent_0': 8, 'W_layer_units_exponent_1': 7, 'W_layer_units_exponent_2': 6, 'W_layer_units_exponent_3': 4, 'D_layers': 5, 'D_layer_units_exponent_0': 7, 'D_layer_units_exponent_1': 9, 'D_layer_units_exponent_2': 8, 'D_layer_units_exponent_3': 8, 'D_layer_units_exponent_4': 5, 'D_dagger_layers': 3, 'D_dagger_layer_units_exponent_0': 10, 'D_dagger_layer_units_exponent_1': 5, 'D_dagger_layer_units_exponent_2': 5, 'log_learning_rate': -2.9745456352085333, 'log_learning_rate_D': -4.748585581410218, 'log_learning_rate_D_dagger': -2.635223904216763, 'training_batch_size': 6, 'training_p': 4}
	 epoch  0 training error:  tensor(0.9660, device='cuda:0', grad_fn=<DivBackward0>)
Memory status after this epoch: 
Memory allocated:  207.63720703125
Memory cached:  404.0
	 epoch  10 training error:  tensor(0.4739, device='cuda:0', grad_fn=<DivBackward0>)
Memory status after this epoch: 
Memory allocated:  207.63720703125
Memory cached:  436.0
	 epoch  20 training error:  tensor(0.4654, device='cuda:0', grad_fn=<DivBackward0>)
Memory status after this epoch: 
Memory allocated:  207.63720703125
Memory cached:  430.0
	 epoch  30 training error:  tensor(0.4561, device='cuda:0', grad_fn=<DivBackward0>)
Memory status after this epoch: 
Memory allocated:  207.63720703125
Memory cached:  440.0
	 epoch  40 training error:  tensor(0.4438, device='cuda:0', grad_fn=<DivBackward0>)
Memory status after this epoch: 
Memory allocated:  207.63720703125
Memory cached:  424.0
	 epoch  50 training error:  tensor(0.4388, device='cuda:0', grad_fn=<DivBackward0>)
Memory status after this epoch: 
Memory allocated:  207.63720703125
Memory cached:  430.0
	 epoch  60 training error:  tensor(0.4265, device='cuda:0', grad_fn=<DivBackward0>)
Memory status after this epoch: 
Memory allocated:  207.63720703125
Memory cached:  432.0
	 epoch  70 training error:  tensor(0.4046, device='cuda:0', grad_fn=<DivBackward0>)
Memory status after this epoch: 
Memory allocated:  207.63720703125
Memory cached:  434.0
	 epoch  80 training error:  tensor(0.3589, device='cuda:0', grad_fn=<DivBackward0>)
Memory status after this epoch: 
Memory allocated:  207.63720703125
Memory cached:  430.0
	 epoch  90 training error:  tensor(0.2933, device='cuda:0', grad_fn=<DivBackward0>)
Memory status after this epoch: 
Memory allocated:  207.63720703125
Memory cached:  436.0
[I 2024-01-02 01:26:55,594] Trial 382 finished with value: 0.2763504683971405 and parameters: {'W_layers': 4, 'W_layer_units_exponent_0': 8, 'W_layer_units_exponent_1': 7, 'W_layer_units_exponent_2': 6, 'W_layer_units_exponent_3': 4, 'D_layers': 5, 'D_layer_units_exponent_0': 7, 'D_layer_units_exponent_1': 9, 'D_layer_units_exponent_2': 8, 'D_layer_units_exponent_3': 8, 'D_layer_units_exponent_4': 5, 'D_dagger_layers': 3, 'D_dagger_layer_units_exponent_0': 10, 'D_dagger_layer_units_exponent_1': 5, 'D_dagger_layer_units_exponent_2': 5, 'log_learning_rate': -2.9745456352085333, 'log_learning_rate_D': -4.748585581410218, 'log_learning_rate_D_dagger': -2.635223904216763, 'training_batch_size': 6, 'training_p': 4}. Best is trial 220 with value: 0.11745021492242813.
Time for this trial:  300.4015574455261
Memory status after this trial: 
Memory allocated:  350.2919921875
Memory cached:  422.0
--------------------  Trial  383   --------------------
Start timing: 
Parameters: 
{'W_layers': 5, 'W_layer_units_exponent_0': 7, 'W_layer_units_exponent_1': 10, 'W_layer_units_exponent_2': 6, 'W_layer_units_exponent_3': 5, 'W_layer_units_exponent_4': 5, 'D_layers': 5, 'D_layer_units_exponent_0': 8, 'D_layer_units_exponent_1': 9, 'D_layer_units_exponent_2': 10, 'D_layer_units_exponent_3': 8, 'D_layer_units_exponent_4': 5, 'D_dagger_layers': 3, 'D_dagger_layer_units_exponent_0': 9, 'D_dagger_layer_units_exponent_1': 4, 'D_dagger_layer_units_exponent_2': 5, 'log_learning_rate': -2.1261858529535296, 'log_learning_rate_D': -4.044423551588555, 'log_learning_rate_D_dagger': -3.5270002923967994, 'training_batch_size': 6, 'training_p': 7}
	 epoch  0 training error:  tensor(1.2079, device='cuda:0', grad_fn=<DivBackward0>)
Memory status after this epoch: 
Memory allocated:  219.66455078125
Memory cached:  404.0
	 epoch  10 training error:  tensor(0.5711, device='cuda:0', grad_fn=<DivBackward0>)
Memory status after this epoch: 
Memory allocated:  219.66455078125
Memory cached:  398.0
	 epoch  20 training error:  tensor(0.5462, device='cuda:0', grad_fn=<DivBackward0>)
Memory status after this epoch: 
Memory allocated:  219.66455078125
Memory cached:  408.0
	 epoch  30 training error:  tensor(0.5389, device='cuda:0', grad_fn=<DivBackward0>)
Memory status after this epoch: 
Memory allocated:  219.66455078125
Memory cached:  408.0
	 epoch  40 training error:  tensor(0.5322, device='cuda:0', grad_fn=<DivBackward0>)
Memory status after this epoch: 
Memory allocated:  219.66455078125
Memory cached:  398.0
	 epoch  50 training error:  tensor(0.5289, device='cuda:0', grad_fn=<DivBackward0>)
Memory status after this epoch: 
Memory allocated:  219.66455078125
Memory cached:  406.0
	 epoch  60 training error:  tensor(0.5297, device='cuda:0', grad_fn=<DivBackward0>)
Memory status after this epoch: 
Memory allocated:  219.66455078125
Memory cached:  402.0
	 epoch  70 training error:  tensor(0.5268, device='cuda:0', grad_fn=<DivBackward0>)
Memory status after this epoch: 
Memory allocated:  219.66455078125
Memory cached:  398.0
	 epoch  80 training error:  tensor(0.5275, device='cuda:0', grad_fn=<DivBackward0>)
Memory status after this epoch: 
Memory allocated:  219.66455078125
Memory cached:  402.0
	 epoch  90 training error:  tensor(0.5283, device='cuda:0', grad_fn=<DivBackward0>)
Memory status after this epoch: 
Memory allocated:  219.66455078125
Memory cached:  400.0
[I 2024-01-02 01:32:20,315] Trial 383 finished with value: 0.4339275360107422 and parameters: {'W_layers': 5, 'W_layer_units_exponent_0': 7, 'W_layer_units_exponent_1': 10, 'W_layer_units_exponent_2': 6, 'W_layer_units_exponent_3': 5, 'W_layer_units_exponent_4': 5, 'D_layers': 5, 'D_layer_units_exponent_0': 8, 'D_layer_units_exponent_1': 9, 'D_layer_units_exponent_2': 10, 'D_layer_units_exponent_3': 8, 'D_layer_units_exponent_4': 5, 'D_dagger_layers': 3, 'D_dagger_layer_units_exponent_0': 9, 'D_dagger_layer_units_exponent_1': 4, 'D_dagger_layer_units_exponent_2': 5, 'log_learning_rate': -2.1261858529535296, 'log_learning_rate_D': -4.044423551588555, 'log_learning_rate_D_dagger': -3.5270002923967994, 'training_batch_size': 6, 'training_p': 7}. Best is trial 220 with value: 0.11745021492242813.
Time for this trial:  324.2101764678955
Memory status after this trial: 
Memory allocated:  418.9619140625
Memory cached:  440.0
--------------------  Trial  384   --------------------
Start timing: 
Parameters: 
{'W_layers': 5, 'W_layer_units_exponent_0': 8, 'W_layer_units_exponent_1': 10, 'W_layer_units_exponent_2': 6, 'W_layer_units_exponent_3': 6, 'W_layer_units_exponent_4': 4, 'D_layers': 5, 'D_layer_units_exponent_0': 7, 'D_layer_units_exponent_1': 9, 'D_layer_units_exponent_2': 10, 'D_layer_units_exponent_3': 8, 'D_layer_units_exponent_4': 5, 'D_dagger_layers': 3, 'D_dagger_layer_units_exponent_0': 9, 'D_dagger_layer_units_exponent_1': 9, 'D_dagger_layer_units_exponent_2': 5, 'log_learning_rate': -2.4487047671978086, 'log_learning_rate_D': -3.923303829565742, 'log_learning_rate_D_dagger': -2.7973156087335496, 'training_batch_size': 6, 'training_p': 5}
	 epoch  0 training error:  tensor(1.5705, device='cuda:0', grad_fn=<DivBackward0>)
Memory status after this epoch: 
Memory allocated:  224.81884765625
Memory cached:  412.0
	 epoch  10 training error:  tensor(0.5783, device='cuda:0', grad_fn=<DivBackward0>)
Memory status after this epoch: 
Memory allocated:  224.81884765625
Memory cached:  444.0
	 epoch  20 training error:  tensor(0.4899, device='cuda:0', grad_fn=<DivBackward0>)
Memory status after this epoch: 
Memory allocated:  224.81884765625
Memory cached:  464.0
	 epoch  30 training error:  tensor(0.4877, device='cuda:0', grad_fn=<DivBackward0>)
Memory status after this epoch: 
Memory allocated:  224.81884765625
Memory cached:  446.0
	 epoch  40 training error:  tensor(0.4805, device='cuda:0', grad_fn=<DivBackward0>)
Memory status after this epoch: 
Memory allocated:  224.81884765625
Memory cached:  448.0
	 epoch  50 training error:  tensor(0.4874, device='cuda:0', grad_fn=<DivBackward0>)
Memory status after this epoch: 
Memory allocated:  224.81884765625
Memory cached:  454.0
	 epoch  60 training error:  tensor(0.4329, device='cuda:0', grad_fn=<DivBackward0>)
Memory status after this epoch: 
Memory allocated:  224.81884765625
Memory cached:  456.0
	 epoch  70 training error:  tensor(0.3009, device='cuda:0', grad_fn=<DivBackward0>)
Memory status after this epoch: 
Memory allocated:  224.81884765625
Memory cached:  458.0
	 epoch  80 training error:  tensor(0.2692, device='cuda:0', grad_fn=<DivBackward0>)
Memory status after this epoch: 
Memory allocated:  224.81884765625
Memory cached:  452.0
	 epoch  90 training error:  tensor(0.2312, device='cuda:0', grad_fn=<DivBackward0>)
Memory status after this epoch: 
Memory allocated:  224.81884765625
Memory cached:  446.0
[I 2024-01-02 01:37:49,085] Trial 384 finished with value: 0.1457250714302063 and parameters: {'W_layers': 5, 'W_layer_units_exponent_0': 8, 'W_layer_units_exponent_1': 10, 'W_layer_units_exponent_2': 6, 'W_layer_units_exponent_3': 6, 'W_layer_units_exponent_4': 4, 'D_layers': 5, 'D_layer_units_exponent_0': 7, 'D_layer_units_exponent_1': 9, 'D_layer_units_exponent_2': 10, 'D_layer_units_exponent_3': 8, 'D_layer_units_exponent_4': 5, 'D_dagger_layers': 3, 'D_dagger_layer_units_exponent_0': 9, 'D_dagger_layer_units_exponent_1': 9, 'D_dagger_layer_units_exponent_2': 5, 'log_learning_rate': -2.4487047671978086, 'log_learning_rate_D': -3.923303829565742, 'log_learning_rate_D_dagger': -2.7973156087335496, 'training_batch_size': 6, 'training_p': 5}. Best is trial 220 with value: 0.11745021492242813.
Time for this trial:  328.291494846344
Memory status after this trial: 
Memory allocated:  449.048828125
Memory cached:  474.0
--------------------  Trial  385   --------------------
Start timing: 
Parameters: 
{'W_layers': 5, 'W_layer_units_exponent_0': 7, 'W_layer_units_exponent_1': 10, 'W_layer_units_exponent_2': 6, 'W_layer_units_exponent_3': 6, 'W_layer_units_exponent_4': 5, 'D_layers': 5, 'D_layer_units_exponent_0': 10, 'D_layer_units_exponent_1': 9, 'D_layer_units_exponent_2': 7, 'D_layer_units_exponent_3': 8, 'D_layer_units_exponent_4': 5, 'D_dagger_layers': 3, 'D_dagger_layer_units_exponent_0': 9, 'D_dagger_layer_units_exponent_1': 4, 'D_dagger_layer_units_exponent_2': 5, 'log_learning_rate': -4.697127401818591, 'log_learning_rate_D': -3.81939804121746, 'log_learning_rate_D_dagger': -2.430013234254093, 'training_batch_size': 6, 'training_p': 7}
	 epoch  0 training error:  tensor(0.9337, device='cuda:0', grad_fn=<DivBackward0>)
Memory status after this epoch: 
Memory allocated:  215.22119140625
Memory cached:  406.0
	 epoch  10 training error:  tensor(0.5314, device='cuda:0', grad_fn=<DivBackward0>)
Memory status after this epoch: 
Memory allocated:  215.22119140625
Memory cached:  408.0
	 epoch  20 training error:  tensor(0.5389, device='cuda:0', grad_fn=<DivBackward0>)
Memory status after this epoch: 
Memory allocated:  215.22119140625
Memory cached:  408.0
	 epoch  30 training error:  tensor(0.3951, device='cuda:0', grad_fn=<DivBackward0>)
Memory status after this epoch: 
Memory allocated:  215.22119140625
Memory cached:  404.0
	 epoch  40 training error:  tensor(0.3227, device='cuda:0', grad_fn=<DivBackward0>)
Memory status after this epoch: 
Memory allocated:  215.22119140625
Memory cached:  398.0
	 epoch  50 training error:  tensor(0.2795, device='cuda:0', grad_fn=<DivBackward0>)
Memory status after this epoch: 
Memory allocated:  215.22119140625
Memory cached:  400.0
	 epoch  60 training error:  tensor(0.2678, device='cuda:0', grad_fn=<DivBackward0>)
Memory status after this epoch: 
Memory allocated:  215.22119140625
Memory cached:  398.0
	 epoch  70 training error:  tensor(0.2740, device='cuda:0', grad_fn=<DivBackward0>)
Memory status after this epoch: 
Memory allocated:  215.22119140625
Memory cached:  396.0
	 epoch  80 training error:  tensor(0.2354, device='cuda:0', grad_fn=<DivBackward0>)
Memory status after this epoch: 
Memory allocated:  215.22119140625
Memory cached:  400.0
	 epoch  90 training error:  tensor(0.2675, device='cuda:0', grad_fn=<DivBackward0>)
Memory status after this epoch: 
Memory allocated:  215.22119140625
Memory cached:  398.0
[I 2024-01-02 01:43:13,265] Trial 385 finished with value: 0.15903234481811523 and parameters: {'W_layers': 5, 'W_layer_units_exponent_0': 7, 'W_layer_units_exponent_1': 10, 'W_layer_units_exponent_2': 6, 'W_layer_units_exponent_3': 6, 'W_layer_units_exponent_4': 5, 'D_layers': 5, 'D_layer_units_exponent_0': 10, 'D_layer_units_exponent_1': 9, 'D_layer_units_exponent_2': 7, 'D_layer_units_exponent_3': 8, 'D_layer_units_exponent_4': 5, 'D_dagger_layers': 3, 'D_dagger_layer_units_exponent_0': 9, 'D_dagger_layer_units_exponent_1': 4, 'D_dagger_layer_units_exponent_2': 5, 'log_learning_rate': -4.697127401818591, 'log_learning_rate_D': -3.81939804121746, 'log_learning_rate_D_dagger': -2.430013234254093, 'training_batch_size': 6, 'training_p': 7}. Best is trial 220 with value: 0.11745021492242813.
Time for this trial:  323.70697116851807
Memory status after this trial: 
Memory allocated:  411.681640625
Memory cached:  432.0
--------------------  Trial  386   --------------------
Start timing: 
Parameters: 
{'W_layers': 5, 'W_layer_units_exponent_0': 8, 'W_layer_units_exponent_1': 10, 'W_layer_units_exponent_2': 6, 'W_layer_units_exponent_3': 7, 'W_layer_units_exponent_4': 5, 'D_layers': 5, 'D_layer_units_exponent_0': 7, 'D_layer_units_exponent_1': 9, 'D_layer_units_exponent_2': 8, 'D_layer_units_exponent_3': 7, 'D_layer_units_exponent_4': 5, 'D_dagger_layers': 3, 'D_dagger_layer_units_exponent_0': 10, 'D_dagger_layer_units_exponent_1': 7, 'D_dagger_layer_units_exponent_2': 5, 'log_learning_rate': -1.9752820166612244, 'log_learning_rate_D': -3.620549569633304, 'log_learning_rate_D_dagger': -3.755106381086135, 'training_batch_size': 11, 'training_p': 5}
	 epoch  0 training error:  tensor(1.1227, device='cuda:0', grad_fn=<DivBackward0>)
Memory status after this epoch: 
Memory allocated:  213.15673828125
Memory cached:  380.0
	 epoch  10 training error:  tensor(0.6116, device='cuda:0', grad_fn=<DivBackward0>)
Memory status after this epoch: 
Memory allocated:  213.15673828125
Memory cached:  414.0
	 epoch  20 training error:  tensor(0.5147, device='cuda:0', grad_fn=<DivBackward0>)
Memory status after this epoch: 
Memory allocated:  213.15673828125
Memory cached:  406.0
	 epoch  30 training error:  tensor(0.5066, device='cuda:0', grad_fn=<DivBackward0>)
Memory status after this epoch: 
Memory allocated:  213.15673828125
Memory cached:  410.0
	 epoch  40 training error:  tensor(0.4880, device='cuda:0', grad_fn=<DivBackward0>)
Memory status after this epoch: 
Memory allocated:  213.15673828125
Memory cached:  410.0
	 epoch  50 training error:  tensor(0.4760, device='cuda:0', grad_fn=<DivBackward0>)
Memory status after this epoch: 
Memory allocated:  213.15673828125
Memory cached:  410.0
	 epoch  60 training error:  tensor(0.4832, device='cuda:0', grad_fn=<DivBackward0>)
Memory status after this epoch: 
Memory allocated:  213.15673828125
Memory cached:  410.0
	 epoch  70 training error:  tensor(0.4755, device='cuda:0', grad_fn=<DivBackward0>)
Memory status after this epoch: 
Memory allocated:  213.15673828125
Memory cached:  404.0
	 epoch  80 training error:  tensor(0.4747, device='cuda:0', grad_fn=<DivBackward0>)
Memory status after this epoch: 
Memory allocated:  213.15673828125
Memory cached:  404.0
	 epoch  90 training error:  tensor(0.4722, device='cuda:0', grad_fn=<DivBackward0>)
Memory status after this epoch: 
Memory allocated:  213.15673828125
Memory cached:  412.0
[I 2024-01-02 01:46:21,303] Trial 386 finished with value: 0.37873783707618713 and parameters: {'W_layers': 5, 'W_layer_units_exponent_0': 8, 'W_layer_units_exponent_1': 10, 'W_layer_units_exponent_2': 6, 'W_layer_units_exponent_3': 7, 'W_layer_units_exponent_4': 5, 'D_layers': 5, 'D_layer_units_exponent_0': 7, 'D_layer_units_exponent_1': 9, 'D_layer_units_exponent_2': 8, 'D_layer_units_exponent_3': 7, 'D_layer_units_exponent_4': 5, 'D_dagger_layers': 3, 'D_dagger_layer_units_exponent_0': 10, 'D_dagger_layer_units_exponent_1': 7, 'D_dagger_layer_units_exponent_2': 5, 'log_learning_rate': -1.9752820166612244, 'log_learning_rate_D': -3.620549569633304, 'log_learning_rate_D_dagger': -3.755106381086135, 'training_batch_size': 11, 'training_p': 5}. Best is trial 220 with value: 0.11745021492242813.
Time for this trial:  187.5463330745697
Memory status after this trial: 
Memory allocated:  406.6474609375
Memory cached:  414.0
--------------------  Trial  387   --------------------
Start timing: 
Parameters: 
{'W_layers': 5, 'W_layer_units_exponent_0': 8, 'W_layer_units_exponent_1': 10, 'W_layer_units_exponent_2': 6, 'W_layer_units_exponent_3': 9, 'W_layer_units_exponent_4': 5, 'D_layers': 5, 'D_layer_units_exponent_0': 7, 'D_layer_units_exponent_1': 9, 'D_layer_units_exponent_2': 10, 'D_layer_units_exponent_3': 8, 'D_layer_units_exponent_4': 4, 'D_dagger_layers': 3, 'D_dagger_layer_units_exponent_0': 9, 'D_dagger_layer_units_exponent_1': 5, 'D_dagger_layer_units_exponent_2': 5, 'log_learning_rate': -2.570610385619177, 'log_learning_rate_D': -4.8580407693201835, 'log_learning_rate_D_dagger': -2.9351470060966847, 'training_batch_size': 6, 'training_p': 7}
	 epoch  0 training error:  tensor(1.0489, device='cuda:0', grad_fn=<DivBackward0>)
Memory status after this epoch: 
Memory allocated:  221.44384765625
Memory cached:  418.0
	 epoch  10 training error:  tensor(0.6247, device='cuda:0', grad_fn=<DivBackward0>)
Memory status after this epoch: 
Memory allocated:  221.44384765625
Memory cached:  420.0
	 epoch  20 training error:  tensor(0.5416, device='cuda:0', grad_fn=<DivBackward0>)
Memory status after this epoch: 
Memory allocated:  221.44384765625
Memory cached:  422.0
	 epoch  30 training error:  tensor(0.5397, device='cuda:0', grad_fn=<DivBackward0>)
Memory status after this epoch: 
Memory allocated:  221.44384765625
Memory cached:  422.0
	 epoch  40 training error:  tensor(0.5473, device='cuda:0', grad_fn=<DivBackward0>)
Memory status after this epoch: 
Memory allocated:  221.44384765625
Memory cached:  418.0
	 epoch  50 training error:  tensor(0.5316, device='cuda:0', grad_fn=<DivBackward0>)
Memory status after this epoch: 
Memory allocated:  221.44384765625
Memory cached:  422.0
	 epoch  60 training error:  tensor(0.5344, device='cuda:0', grad_fn=<DivBackward0>)
Memory status after this epoch: 
Memory allocated:  221.44384765625
Memory cached:  418.0
	 epoch  70 training error:  tensor(0.5377, device='cuda:0', grad_fn=<DivBackward0>)
Memory status after this epoch: 
Memory allocated:  221.44384765625
Memory cached:  420.0
	 epoch  80 training error:  tensor(0.5406, device='cuda:0', grad_fn=<DivBackward0>)
Memory status after this epoch: 
Memory allocated:  221.44384765625
Memory cached:  418.0
	 epoch  90 training error:  tensor(0.5284, device='cuda:0', grad_fn=<DivBackward0>)
Memory status after this epoch: 
Memory allocated:  221.44384765625
Memory cached:  418.0
