[I 2024-02-18 01:32:34,515] Trial 169 finished with value: 0.07827355712652206 and parameters: {'W_layers': 4, 'W_layer_units_exponent_0': 6, 'W_layer_units_exponent_1': 4, 'W_layer_units_exponent_2': 10, 'W_layer_units_exponent_3': 4, 'D_layers': 7, 'D_layer_units_exponent_0': 7, 'D_layer_units_exponent_1': 10, 'D_layer_units_exponent_2': 9, 'D_layer_units_exponent_3': 4, 'D_layer_units_exponent_4': 7, 'D_layer_units_exponent_5': 5, 'D_layer_units_exponent_6': 7, 'D_dagger_layers': 7, 'D_dagger_layer_units_exponent_0': 6, 'D_dagger_layer_units_exponent_1': 7, 'D_dagger_layer_units_exponent_2': 7, 'D_dagger_layer_units_exponent_3': 10, 'D_dagger_layer_units_exponent_4': 6, 'D_dagger_layer_units_exponent_5': 5, 'D_dagger_layer_units_exponent_6': 8, 'log_learning_rate': -3.598743098529693, 'log_learning_rate_D': -3.9556086224858635, 'log_learning_rate_D_dagger': -3.853624712614085, 'training_batch_size': 7, 'training_p': 5}. Best is trial 105 with value: 0.07091378420591354.
Time for this trial:  616.6294050216675
Memory status after this trial: 
Memory allocated:  2277.08837890625
Memory cached:  2298.0
--------------------  Trial  170   --------------------
Start timing: 
Parameters: 
{'W_layers': 4, 'W_layer_units_exponent_0': 5, 'W_layer_units_exponent_1': 4, 'W_layer_units_exponent_2': 10, 'W_layer_units_exponent_3': 4, 'D_layers': 4, 'D_layer_units_exponent_0': 7, 'D_layer_units_exponent_1': 10, 'D_layer_units_exponent_2': 9, 'D_layer_units_exponent_3': 4, 'D_dagger_layers': 7, 'D_dagger_layer_units_exponent_0': 6, 'D_dagger_layer_units_exponent_1': 7, 'D_dagger_layer_units_exponent_2': 7, 'D_dagger_layer_units_exponent_3': 8, 'D_dagger_layer_units_exponent_4': 7, 'D_dagger_layer_units_exponent_5': 5, 'D_dagger_layer_units_exponent_6': 10, 'log_learning_rate': -3.5170985033477793, 'log_learning_rate_D': -4.115762635408164, 'log_learning_rate_D_dagger': -3.7495445339752522, 'training_batch_size': 6, 'training_p': 4}
	 epoch  0 training error:  tensor(0.8511, device='cuda:0', grad_fn=<DivBackward0>)
Memory status after this epoch: 
Memory allocated:  1276.609375
Memory cached:  1862.0
	 epoch  10 training error:  tensor(0.1654, device='cuda:0', grad_fn=<DivBackward0>)
Memory status after this epoch: 
Memory allocated:  1276.609375
Memory cached:  1866.0
	 epoch  20 training error:  tensor(0.1195, device='cuda:0', grad_fn=<DivBackward0>)
Memory status after this epoch: 
Memory allocated:  1276.609375
Memory cached:  1864.0
	 epoch  30 training error:  tensor(0.1063, device='cuda:0', grad_fn=<DivBackward0>)
Memory status after this epoch: 
Memory allocated:  1276.609375
Memory cached:  1864.0
	 epoch  40 training error:  tensor(0.0959, device='cuda:0', grad_fn=<DivBackward0>)
Memory status after this epoch: 
Memory allocated:  1276.609375
Memory cached:  1864.0
	 epoch  50 training error:  tensor(0.0958, device='cuda:0', grad_fn=<DivBackward0>)
Memory status after this epoch: 
Memory allocated:  1276.609375
Memory cached:  1864.0
	 epoch  60 training error:  tensor(0.0945, device='cuda:0', grad_fn=<DivBackward0>)
Memory status after this epoch: 
Memory allocated:  1276.609375
Memory cached:  1864.0
	 epoch  70 training error:  tensor(0.0948, device='cuda:0', grad_fn=<DivBackward0>)
Memory status after this epoch: 
Memory allocated:  1276.609375
Memory cached:  1868.0
	 epoch  80 training error:  tensor(0.0941, device='cuda:0', grad_fn=<DivBackward0>)
Memory status after this epoch: 
Memory allocated:  1276.609375
Memory cached:  1864.0
	 epoch  90 training error:  tensor(0.0962, device='cuda:0', grad_fn=<DivBackward0>)
Memory status after this epoch: 
Memory allocated:  1276.609375
Memory cached:  1866.0
[I 2024-02-18 01:46:36,320] Trial 170 finished with value: 0.07507512718439102 and parameters: {'W_layers': 4, 'W_layer_units_exponent_0': 5, 'W_layer_units_exponent_1': 4, 'W_layer_units_exponent_2': 10, 'W_layer_units_exponent_3': 4, 'D_layers': 4, 'D_layer_units_exponent_0': 7, 'D_layer_units_exponent_1': 10, 'D_layer_units_exponent_2': 9, 'D_layer_units_exponent_3': 4, 'D_dagger_layers': 7, 'D_dagger_layer_units_exponent_0': 6, 'D_dagger_layer_units_exponent_1': 7, 'D_dagger_layer_units_exponent_2': 7, 'D_dagger_layer_units_exponent_3': 8, 'D_dagger_layer_units_exponent_4': 7, 'D_dagger_layer_units_exponent_5': 5, 'D_dagger_layer_units_exponent_6': 10, 'log_learning_rate': -3.5170985033477793, 'log_learning_rate_D': -4.115762635408164, 'log_learning_rate_D_dagger': -3.7495445339752522, 'training_batch_size': 6, 'training_p': 4}. Best is trial 105 with value: 0.07091378420591354.
Time for this trial:  841.2352631092072
Memory status after this trial: 
Memory allocated:  2202.18603515625
Memory cached:  2222.0
--------------------  Trial  171   --------------------
Start timing: 
Parameters: 
{'W_layers': 4, 'W_layer_units_exponent_0': 5, 'W_layer_units_exponent_1': 4, 'W_layer_units_exponent_2': 10, 'W_layer_units_exponent_3': 4, 'D_layers': 6, 'D_layer_units_exponent_0': 6, 'D_layer_units_exponent_1': 10, 'D_layer_units_exponent_2': 9, 'D_layer_units_exponent_3': 4, 'D_layer_units_exponent_4': 7, 'D_layer_units_exponent_5': 4, 'D_dagger_layers': 7, 'D_dagger_layer_units_exponent_0': 6, 'D_dagger_layer_units_exponent_1': 7, 'D_dagger_layer_units_exponent_2': 7, 'D_dagger_layer_units_exponent_3': 10, 'D_dagger_layer_units_exponent_4': 7, 'D_dagger_layer_units_exponent_5': 5, 'D_dagger_layer_units_exponent_6': 8, 'log_learning_rate': -3.9645823819339596, 'log_learning_rate_D': -3.828952922697016, 'log_learning_rate_D_dagger': -3.629728492435446, 'training_batch_size': 10, 'training_p': 4}
	 epoch  0 training error:  tensor(0.9527, device='cuda:0', grad_fn=<DivBackward0>)
Memory status after this epoch: 
Memory allocated:  1278.537109375
Memory cached:  1886.0
	 epoch  10 training error:  tensor(0.4721, device='cuda:0', grad_fn=<DivBackward0>)
Memory status after this epoch: 
Memory allocated:  1278.537109375
Memory cached:  1912.0
	 epoch  20 training error:  tensor(0.2108, device='cuda:0', grad_fn=<DivBackward0>)
Memory status after this epoch: 
Memory allocated:  1278.537109375
Memory cached:  1908.0
	 epoch  30 training error:  tensor(0.1840, device='cuda:0', grad_fn=<DivBackward0>)
Memory status after this epoch: 
Memory allocated:  1278.537109375
Memory cached:  1912.0
	 epoch  40 training error:  tensor(0.1655, device='cuda:0', grad_fn=<DivBackward0>)
Memory status after this epoch: 
Memory allocated:  1278.537109375
Memory cached:  1914.0
	 epoch  50 training error:  tensor(0.1496, device='cuda:0', grad_fn=<DivBackward0>)
Memory status after this epoch: 
Memory allocated:  1278.537109375
Memory cached:  1910.0
	 epoch  60 training error:  tensor(0.1381, device='cuda:0', grad_fn=<DivBackward0>)
Memory status after this epoch: 
Memory allocated:  1278.537109375
Memory cached:  1910.0
	 epoch  70 training error:  tensor(0.1230, device='cuda:0', grad_fn=<DivBackward0>)
Memory status after this epoch: 
Memory allocated:  1278.537109375
Memory cached:  1910.0
	 epoch  80 training error:  tensor(0.1123, device='cuda:0', grad_fn=<DivBackward0>)
Memory status after this epoch: 
Memory allocated:  1278.537109375
Memory cached:  1910.0
	 epoch  90 training error:  tensor(0.1082, device='cuda:0', grad_fn=<DivBackward0>)
Memory status after this epoch: 
Memory allocated:  1278.537109375
Memory cached:  1910.0
[I 2024-02-18 01:50:50,335] Trial 171 finished with value: 0.08793859928846359 and parameters: {'W_layers': 4, 'W_layer_units_exponent_0': 5, 'W_layer_units_exponent_1': 4, 'W_layer_units_exponent_2': 10, 'W_layer_units_exponent_3': 4, 'D_layers': 6, 'D_layer_units_exponent_0': 6, 'D_layer_units_exponent_1': 10, 'D_layer_units_exponent_2': 9, 'D_layer_units_exponent_3': 4, 'D_layer_units_exponent_4': 7, 'D_layer_units_exponent_5': 4, 'D_dagger_layers': 7, 'D_dagger_layer_units_exponent_0': 6, 'D_dagger_layer_units_exponent_1': 7, 'D_dagger_layer_units_exponent_2': 7, 'D_dagger_layer_units_exponent_3': 10, 'D_dagger_layer_units_exponent_4': 7, 'D_dagger_layer_units_exponent_5': 5, 'D_dagger_layer_units_exponent_6': 8, 'log_learning_rate': -3.9645823819339596, 'log_learning_rate_D': -3.828952922697016, 'log_learning_rate_D_dagger': -3.629728492435446, 'training_batch_size': 10, 'training_p': 4}. Best is trial 105 with value: 0.07091378420591354.
Time for this trial:  253.45309281349182
Memory status after this trial: 
Memory allocated:  2243.53271484375
Memory cached:  2284.0
--------------------  Trial  172   --------------------
Start timing: 
Parameters: 
{'W_layers': 4, 'W_layer_units_exponent_0': 5, 'W_layer_units_exponent_1': 4, 'W_layer_units_exponent_2': 9, 'W_layer_units_exponent_3': 4, 'D_layers': 7, 'D_layer_units_exponent_0': 7, 'D_layer_units_exponent_1': 10, 'D_layer_units_exponent_2': 9, 'D_layer_units_exponent_3': 4, 'D_layer_units_exponent_4': 5, 'D_layer_units_exponent_5': 4, 'D_layer_units_exponent_6': 8, 'D_dagger_layers': 7, 'D_dagger_layer_units_exponent_0': 5, 'D_dagger_layer_units_exponent_1': 10, 'D_dagger_layer_units_exponent_2': 8, 'D_dagger_layer_units_exponent_3': 9, 'D_dagger_layer_units_exponent_4': 8, 'D_dagger_layer_units_exponent_5': 4, 'D_dagger_layer_units_exponent_6': 9, 'log_learning_rate': -4.129233424012643, 'log_learning_rate_D': -4.39177900088372, 'log_learning_rate_D_dagger': -4.029131874179647, 'training_batch_size': 6, 'training_p': 4}
	 epoch  0 training error:  tensor(0.8458, device='cuda:0', grad_fn=<DivBackward0>)
Memory status after this epoch: 
Memory allocated:  1283.1953125
Memory cached:  1928.0
	 epoch  10 training error:  tensor(0.1697, device='cuda:0', grad_fn=<DivBackward0>)
Memory status after this epoch: 
Memory allocated:  1283.1953125
Memory cached:  1990.0
	 epoch  20 training error:  tensor(0.1121, device='cuda:0', grad_fn=<DivBackward0>)
Memory status after this epoch: 
Memory allocated:  1283.1953125
Memory cached:  1984.0
	 epoch  30 training error:  tensor(0.1031, device='cuda:0', grad_fn=<DivBackward0>)
Memory status after this epoch: 
Memory allocated:  1283.1953125
Memory cached:  1974.0
	 epoch  40 training error:  tensor(0.1042, device='cuda:0', grad_fn=<DivBackward0>)
Memory status after this epoch: 
Memory allocated:  1283.1953125
Memory cached:  1984.0
	 epoch  50 training error:  tensor(0.1016, device='cuda:0', grad_fn=<DivBackward0>)
Memory status after this epoch: 
Memory allocated:  1283.1953125
Memory cached:  1976.0
	 epoch  60 training error:  tensor(0.1006, device='cuda:0', grad_fn=<DivBackward0>)
Memory status after this epoch: 
Memory allocated:  1283.1953125
Memory cached:  1994.0
	 epoch  70 training error:  tensor(0.0962, device='cuda:0', grad_fn=<DivBackward0>)
Memory status after this epoch: 
Memory allocated:  1283.1953125
Memory cached:  1990.0
	 epoch  80 training error:  tensor(0.0970, device='cuda:0', grad_fn=<DivBackward0>)
Memory status after this epoch: 
Memory allocated:  1283.1953125
Memory cached:  1986.0
	 epoch  90 training error:  tensor(0.0923, device='cuda:0', grad_fn=<DivBackward0>)
Memory status after this epoch: 
Memory allocated:  1283.1953125
Memory cached:  1968.0
[I 2024-02-18 02:06:49,694] Trial 172 finished with value: 0.07160503417253494 and parameters: {'W_layers': 4, 'W_layer_units_exponent_0': 5, 'W_layer_units_exponent_1': 4, 'W_layer_units_exponent_2': 9, 'W_layer_units_exponent_3': 4, 'D_layers': 7, 'D_layer_units_exponent_0': 7, 'D_layer_units_exponent_1': 10, 'D_layer_units_exponent_2': 9, 'D_layer_units_exponent_3': 4, 'D_layer_units_exponent_4': 5, 'D_layer_units_exponent_5': 4, 'D_layer_units_exponent_6': 8, 'D_dagger_layers': 7, 'D_dagger_layer_units_exponent_0': 5, 'D_dagger_layer_units_exponent_1': 10, 'D_dagger_layer_units_exponent_2': 8, 'D_dagger_layer_units_exponent_3': 9, 'D_dagger_layer_units_exponent_4': 8, 'D_dagger_layer_units_exponent_5': 4, 'D_dagger_layer_units_exponent_6': 9, 'log_learning_rate': -4.129233424012643, 'log_learning_rate_D': -4.39177900088372, 'log_learning_rate_D_dagger': -4.029131874179647, 'training_batch_size': 6, 'training_p': 4}. Best is trial 105 with value: 0.07091378420591354.
Time for this trial:  958.3842961788177
Memory status after this trial: 
Memory allocated:  2349.92236328125
Memory cached:  2372.0
--------------------  Trial  173   --------------------
Start timing: 
Parameters: 
{'W_layers': 4, 'W_layer_units_exponent_0': 5, 'W_layer_units_exponent_1': 4, 'W_layer_units_exponent_2': 9, 'W_layer_units_exponent_3': 4, 'D_layers': 7, 'D_layer_units_exponent_0': 7, 'D_layer_units_exponent_1': 10, 'D_layer_units_exponent_2': 9, 'D_layer_units_exponent_3': 4, 'D_layer_units_exponent_4': 5, 'D_layer_units_exponent_5': 4, 'D_layer_units_exponent_6': 8, 'D_dagger_layers': 7, 'D_dagger_layer_units_exponent_0': 5, 'D_dagger_layer_units_exponent_1': 10, 'D_dagger_layer_units_exponent_2': 8, 'D_dagger_layer_units_exponent_3': 9, 'D_dagger_layer_units_exponent_4': 8, 'D_dagger_layer_units_exponent_5': 4, 'D_dagger_layer_units_exponent_6': 9, 'log_learning_rate': -4.093395985873229, 'log_learning_rate_D': -4.287645578829681, 'log_learning_rate_D_dagger': -4.068529366066999, 'training_batch_size': 6, 'training_p': 4}
	 epoch  0 training error:  tensor(0.9118, device='cuda:0', grad_fn=<DivBackward0>)
Memory status after this epoch: 
Memory allocated:  1283.1953125
Memory cached:  1920.0
	 epoch  10 training error:  tensor(0.1923, device='cuda:0', grad_fn=<DivBackward0>)
Memory status after this epoch: 
Memory allocated:  1283.1953125
Memory cached:  2000.0
	 epoch  20 training error:  tensor(0.1099, device='cuda:0', grad_fn=<DivBackward0>)
Memory status after this epoch: 
Memory allocated:  1283.1953125
Memory cached:  1994.0
	 epoch  30 training error:  tensor(0.1037, device='cuda:0', grad_fn=<DivBackward0>)
Memory status after this epoch: 
Memory allocated:  1283.1953125
Memory cached:  1978.0
	 epoch  40 training error:  tensor(0.1043, device='cuda:0', grad_fn=<DivBackward0>)
Memory status after this epoch: 
Memory allocated:  1283.1953125
Memory cached:  1966.0
	 epoch  50 training error:  tensor(0.1006, device='cuda:0', grad_fn=<DivBackward0>)
Memory status after this epoch: 
Memory allocated:  1283.1953125
Memory cached:  1980.0
	 epoch  60 training error:  tensor(0.1015, device='cuda:0', grad_fn=<DivBackward0>)
Memory status after this epoch: 
Memory allocated:  1283.1953125
Memory cached:  1974.0
	 epoch  70 training error:  tensor(0.1028, device='cuda:0', grad_fn=<DivBackward0>)
Memory status after this epoch: 
Memory allocated:  1283.1953125
Memory cached:  1960.0
	 epoch  80 training error:  tensor(0.0965, device='cuda:0', grad_fn=<DivBackward0>)
Memory status after this epoch: 
Memory allocated:  1283.1953125
Memory cached:  1982.0
	 epoch  90 training error:  tensor(0.0933, device='cuda:0', grad_fn=<DivBackward0>)
Memory status after this epoch: 
Memory allocated:  1283.1953125
Memory cached:  1972.0
[I 2024-02-18 02:22:49,094] Trial 173 finished with value: 0.07245861738920212 and parameters: {'W_layers': 4, 'W_layer_units_exponent_0': 5, 'W_layer_units_exponent_1': 4, 'W_layer_units_exponent_2': 9, 'W_layer_units_exponent_3': 4, 'D_layers': 7, 'D_layer_units_exponent_0': 7, 'D_layer_units_exponent_1': 10, 'D_layer_units_exponent_2': 9, 'D_layer_units_exponent_3': 4, 'D_layer_units_exponent_4': 5, 'D_layer_units_exponent_5': 4, 'D_layer_units_exponent_6': 8, 'D_dagger_layers': 7, 'D_dagger_layer_units_exponent_0': 5, 'D_dagger_layer_units_exponent_1': 10, 'D_dagger_layer_units_exponent_2': 8, 'D_dagger_layer_units_exponent_3': 9, 'D_dagger_layer_units_exponent_4': 8, 'D_dagger_layer_units_exponent_5': 4, 'D_dagger_layer_units_exponent_6': 9, 'log_learning_rate': -4.093395985873229, 'log_learning_rate_D': -4.287645578829681, 'log_learning_rate_D_dagger': -4.068529366066999, 'training_batch_size': 6, 'training_p': 4}. Best is trial 105 with value: 0.07091378420591354.
Time for this trial:  958.6730933189392
Memory status after this trial: 
Memory allocated:  2349.92236328125
Memory cached:  2372.0
--------------------  Trial  174   --------------------
Start timing: 
Parameters: 
{'W_layers': 4, 'W_layer_units_exponent_0': 5, 'W_layer_units_exponent_1': 4, 'W_layer_units_exponent_2': 9, 'W_layer_units_exponent_3': 4, 'D_layers': 7, 'D_layer_units_exponent_0': 7, 'D_layer_units_exponent_1': 10, 'D_layer_units_exponent_2': 9, 'D_layer_units_exponent_3': 4, 'D_layer_units_exponent_4': 5, 'D_layer_units_exponent_5': 4, 'D_layer_units_exponent_6': 8, 'D_dagger_layers': 7, 'D_dagger_layer_units_exponent_0': 5, 'D_dagger_layer_units_exponent_1': 10, 'D_dagger_layer_units_exponent_2': 8, 'D_dagger_layer_units_exponent_3': 9, 'D_dagger_layer_units_exponent_4': 8, 'D_dagger_layer_units_exponent_5': 4, 'D_dagger_layer_units_exponent_6': 9, 'log_learning_rate': -4.079436730492218, 'log_learning_rate_D': -4.254767869762552, 'log_learning_rate_D_dagger': -4.041329164669076, 'training_batch_size': 6, 'training_p': 4}
	 epoch  0 training error:  tensor(1.0565, device='cuda:0', grad_fn=<DivBackward0>)
Memory status after this epoch: 
Memory allocated:  1283.1953125
Memory cached:  1920.0
	 epoch  10 training error:  tensor(0.1791, device='cuda:0', grad_fn=<DivBackward0>)
Memory status after this epoch: 
Memory allocated:  1283.1953125
Memory cached:  1954.0
	 epoch  20 training error:  tensor(0.1217, device='cuda:0', grad_fn=<DivBackward0>)
Memory status after this epoch: 
Memory allocated:  1283.1953125
Memory cached:  1950.0
	 epoch  30 training error:  tensor(0.1009, device='cuda:0', grad_fn=<DivBackward0>)
Memory status after this epoch: 
Memory allocated:  1283.1953125
Memory cached:  1944.0
	 epoch  40 training error:  tensor(0.1009, device='cuda:0', grad_fn=<DivBackward0>)
Memory status after this epoch: 
Memory allocated:  1283.1953125
Memory cached:  1942.0
	 epoch  50 training error:  tensor(0.0976, device='cuda:0', grad_fn=<DivBackward0>)
Memory status after this epoch: 
Memory allocated:  1283.1953125
Memory cached:  1946.0
	 epoch  60 training error:  tensor(0.0934, device='cuda:0', grad_fn=<DivBackward0>)
Memory status after this epoch: 
Memory allocated:  1283.1953125
Memory cached:  1936.0
	 epoch  70 training error:  tensor(0.0929, device='cuda:0', grad_fn=<DivBackward0>)
Memory status after this epoch: 
Memory allocated:  1283.1953125
Memory cached:  1934.0
	 epoch  80 training error:  tensor(0.0902, device='cuda:0', grad_fn=<DivBackward0>)
Memory status after this epoch: 
Memory allocated:  1283.1953125
Memory cached:  1936.0
	 epoch  90 training error:  tensor(0.0905, device='cuda:0', grad_fn=<DivBackward0>)
Memory status after this epoch: 
Memory allocated:  1283.1953125
Memory cached:  1938.0
