[I 2023-12-07 01:49:31,971] Trial 57 finished with value: 0.056275874376297 and parameters: {'W_layers': 5, 'W_layer_units_exponent_0': 8, 'W_layer_units_exponent_1': 7, 'W_layer_units_exponent_2': 5, 'W_layer_units_exponent_3': 7, 'W_layer_units_exponent_4': 5, 'D_layers': 3, 'D_layer_units_exponent_0': 4, 'D_layer_units_exponent_1': 10, 'D_layer_units_exponent_2': 7, 'D_dagger_layers': 3, 'D_dagger_layer_units_exponent_0': 9, 'D_dagger_layer_units_exponent_1': 4, 'D_dagger_layer_units_exponent_2': 5, 'log_learning_rate': -4.8274565853952565, 'log_learning_rate_D': -3.3142345323896656, 'log_learning_rate_D_dagger': -2.3420265161846743, 'training_batch_size': 9, 'training_p': 4}. Best is trial 57 with value: 0.056275874376297.
res:  tensor(0.0563, device='cuda:0', grad_fn=<DivBackward0>)
self.bestValue:  tensor(0.0995, device='cuda:0', grad_fn=<DivBackward0>)
Save this model!
Time for this trial:  159.67266249656677
Memory status after this trial: 
Memory allocated:  123.2841796875
Memory cached:  296.0
--------------------  Trial  58   --------------------
Start timing: 
Parameters: 
{'W_layers': 5, 'W_layer_units_exponent_0': 9, 'W_layer_units_exponent_1': 7, 'W_layer_units_exponent_2': 5, 'W_layer_units_exponent_3': 7, 'W_layer_units_exponent_4': 5, 'D_layers': 2, 'D_layer_units_exponent_0': 7, 'D_layer_units_exponent_1': 10, 'D_dagger_layers': 3, 'D_dagger_layer_units_exponent_0': 9, 'D_dagger_layer_units_exponent_1': 8, 'D_dagger_layer_units_exponent_2': 6, 'log_learning_rate': -4.861488429352469, 'log_learning_rate_D': -3.3519574501467275, 'log_learning_rate_D_dagger': -2.2848788918714535, 'training_batch_size': 12, 'training_p': 4}
	 epoch  0 training error:  tensor(1.0002, device='cuda:0', grad_fn=<DivBackward0>)
Memory status after this epoch: 
Memory allocated:  128.845703125
Memory cached:  292.0
	 epoch  10 training error:  tensor(0.8688, device='cuda:0', grad_fn=<DivBackward0>)
Memory status after this epoch: 
Memory allocated:  128.845703125
Memory cached:  320.0
	 epoch  20 training error:  tensor(0.7425, device='cuda:0', grad_fn=<DivBackward0>)
Memory status after this epoch: 
Memory allocated:  128.845703125
Memory cached:  318.0
	 epoch  30 training error:  tensor(0.7206, device='cuda:0', grad_fn=<DivBackward0>)
Memory status after this epoch: 
Memory allocated:  128.845703125
Memory cached:  322.0
	 epoch  40 training error:  tensor(0.6958, device='cuda:0', grad_fn=<DivBackward0>)
Memory status after this epoch: 
Memory allocated:  128.845703125
Memory cached:  316.0
	 epoch  50 training error:  tensor(0.6766, device='cuda:0', grad_fn=<DivBackward0>)
Memory status after this epoch: 
Memory allocated:  128.845703125
Memory cached:  316.0
	 epoch  60 training error:  tensor(1.0381, device='cuda:0', grad_fn=<DivBackward0>)
Memory status after this epoch: 
Memory allocated:  128.845703125
Memory cached:  318.0
	 epoch  70 training error:  tensor(0.3935, device='cuda:0', grad_fn=<DivBackward0>)
Memory status after this epoch: 
Memory allocated:  128.845703125
Memory cached:  312.0
	 epoch  80 training error:  tensor(0.3375, device='cuda:0', grad_fn=<DivBackward0>)
Memory status after this epoch: 
Memory allocated:  128.845703125
Memory cached:  318.0
	 epoch  90 training error:  tensor(0.3761, device='cuda:0', grad_fn=<DivBackward0>)
Memory status after this epoch: 
Memory allocated:  128.845703125
Memory cached:  318.0
[I 2023-12-07 01:52:09,318] Trial 58 finished with value: 0.1761307418346405 and parameters: {'W_layers': 5, 'W_layer_units_exponent_0': 9, 'W_layer_units_exponent_1': 7, 'W_layer_units_exponent_2': 5, 'W_layer_units_exponent_3': 7, 'W_layer_units_exponent_4': 5, 'D_layers': 2, 'D_layer_units_exponent_0': 7, 'D_layer_units_exponent_1': 10, 'D_dagger_layers': 3, 'D_dagger_layer_units_exponent_0': 9, 'D_dagger_layer_units_exponent_1': 8, 'D_dagger_layer_units_exponent_2': 6, 'log_learning_rate': -4.861488429352469, 'log_learning_rate_D': -3.3519574501467275, 'log_learning_rate_D_dagger': -2.2848788918714535, 'training_batch_size': 12, 'training_p': 4}. Best is trial 57 with value: 0.056275874376297.
Time for this trial:  157.15096473693848
Memory status after this trial: 
Memory allocated:  267.68212890625
Memory cached:  304.0
--------------------  Trial  59   --------------------
Start timing: 
Parameters: 
{'W_layers': 6, 'W_layer_units_exponent_0': 8, 'W_layer_units_exponent_1': 7, 'W_layer_units_exponent_2': 6, 'W_layer_units_exponent_3': 7, 'W_layer_units_exponent_4': 5, 'W_layer_units_exponent_5': 10, 'D_layers': 4, 'D_layer_units_exponent_0': 4, 'D_layer_units_exponent_1': 10, 'D_layer_units_exponent_2': 7, 'D_layer_units_exponent_3': 8, 'D_dagger_layers': 3, 'D_dagger_layer_units_exponent_0': 10, 'D_dagger_layer_units_exponent_1': 4, 'D_dagger_layer_units_exponent_2': 6, 'log_learning_rate': -4.651177485067798, 'log_learning_rate_D': -3.078936487931614, 'log_learning_rate_D_dagger': -2.313922993968107, 'training_batch_size': 9, 'training_p': 4}
	 epoch  0 training error:  tensor(1.0286, device='cuda:0', grad_fn=<DivBackward0>)
Memory status after this epoch: 
Memory allocated:  127.7734375
Memory cached:  296.0
	 epoch  10 training error:  tensor(0.9119, device='cuda:0', grad_fn=<DivBackward0>)
Memory status after this epoch: 
Memory allocated:  127.7734375
Memory cached:  328.0
	 epoch  20 training error:  tensor(0.6918, device='cuda:0', grad_fn=<DivBackward0>)
Memory status after this epoch: 
Memory allocated:  127.7734375
Memory cached:  324.0
	 epoch  30 training error:  tensor(0.5549, device='cuda:0', grad_fn=<DivBackward0>)
Memory status after this epoch: 
Memory allocated:  127.7734375
Memory cached:  328.0
	 epoch  40 training error:  tensor(0.3054, device='cuda:0', grad_fn=<DivBackward0>)
Memory status after this epoch: 
Memory allocated:  127.7734375
Memory cached:  324.0
	 epoch  50 training error:  tensor(0.3865, device='cuda:0', grad_fn=<DivBackward0>)
Memory status after this epoch: 
Memory allocated:  127.7734375
Memory cached:  322.0
	 epoch  60 training error:  tensor(0.3043, device='cuda:0', grad_fn=<DivBackward0>)
Memory status after this epoch: 
Memory allocated:  127.7734375
Memory cached:  326.0
	 epoch  70 training error:  tensor(0.1681, device='cuda:0', grad_fn=<DivBackward0>)
Memory status after this epoch: 
Memory allocated:  127.7734375
Memory cached:  322.0
	 epoch  80 training error:  tensor(0.1074, device='cuda:0', grad_fn=<DivBackward0>)
Memory status after this epoch: 
Memory allocated:  127.7734375
Memory cached:  326.0
	 epoch  90 training error:  tensor(0.2186, device='cuda:0', grad_fn=<DivBackward0>)
Memory status after this epoch: 
Memory allocated:  127.7734375
Memory cached:  322.0
[I 2023-12-07 01:55:18,683] Trial 59 finished with value: 0.4308311939239502 and parameters: {'W_layers': 6, 'W_layer_units_exponent_0': 8, 'W_layer_units_exponent_1': 7, 'W_layer_units_exponent_2': 6, 'W_layer_units_exponent_3': 7, 'W_layer_units_exponent_4': 5, 'W_layer_units_exponent_5': 10, 'D_layers': 4, 'D_layer_units_exponent_0': 4, 'D_layer_units_exponent_1': 10, 'D_layer_units_exponent_2': 7, 'D_layer_units_exponent_3': 8, 'D_dagger_layers': 3, 'D_dagger_layer_units_exponent_0': 10, 'D_dagger_layer_units_exponent_1': 4, 'D_dagger_layer_units_exponent_2': 6, 'log_learning_rate': -4.651177485067798, 'log_learning_rate_D': -3.078936487931614, 'log_learning_rate_D_dagger': -2.313922993968107, 'training_batch_size': 9, 'training_p': 4}. Best is trial 57 with value: 0.056275874376297.
Time for this trial:  189.11995267868042
Memory status after this trial: 
Memory allocated:  337.3505859375
Memory cached:  340.0
--------------------  Trial  60   --------------------
Start timing: 
Parameters: 
{'W_layers': 5, 'W_layer_units_exponent_0': 7, 'W_layer_units_exponent_1': 7, 'W_layer_units_exponent_2': 5, 'W_layer_units_exponent_3': 6, 'W_layer_units_exponent_4': 4, 'D_layers': 3, 'D_layer_units_exponent_0': 4, 'D_layer_units_exponent_1': 10, 'D_layer_units_exponent_2': 7, 'D_dagger_layers': 4, 'D_dagger_layer_units_exponent_0': 9, 'D_dagger_layer_units_exponent_1': 4, 'D_dagger_layer_units_exponent_2': 5, 'D_dagger_layer_units_exponent_3': 10, 'log_learning_rate': -4.818639669658668, 'log_learning_rate_D': -3.592447454746781, 'log_learning_rate_D_dagger': -2.092368638240851, 'training_batch_size': 9, 'training_p': 5}
	 epoch  0 training error:  tensor(1.0051, device='cuda:0', grad_fn=<DivBackward0>)
Memory status after this epoch: 
Memory allocated:  126.654296875
Memory cached:  302.0
	 epoch  10 training error:  tensor(0.9803, device='cuda:0', grad_fn=<DivBackward0>)
Memory status after this epoch: 
Memory allocated:  126.654296875
Memory cached:  336.0
	 epoch  20 training error:  tensor(0.8513, device='cuda:0', grad_fn=<DivBackward0>)
Memory status after this epoch: 
Memory allocated:  126.654296875
Memory cached:  350.0
	 epoch  30 training error:  tensor(0.8421, device='cuda:0', grad_fn=<DivBackward0>)
Memory status after this epoch: 
Memory allocated:  126.654296875
Memory cached:  342.0
	 epoch  40 training error:  tensor(0.6665, device='cuda:0', grad_fn=<DivBackward0>)
Memory status after this epoch: 
Memory allocated:  126.654296875
Memory cached:  340.0
	 epoch  50 training error:  tensor(0.7492, device='cuda:0', grad_fn=<DivBackward0>)
Memory status after this epoch: 
Memory allocated:  126.654296875
Memory cached:  342.0
	 epoch  60 training error:  tensor(0.6554, device='cuda:0', grad_fn=<DivBackward0>)
Memory status after this epoch: 
Memory allocated:  126.654296875
Memory cached:  344.0
	 epoch  70 training error:  tensor(0.4691, device='cuda:0', grad_fn=<DivBackward0>)
Memory status after this epoch: 
Memory allocated:  126.654296875
Memory cached:  334.0
	 epoch  80 training error:  tensor(0.4745, device='cuda:0', grad_fn=<DivBackward0>)
Memory status after this epoch: 
Memory allocated:  126.654296875
Memory cached:  344.0
	 epoch  90 training error:  tensor(0.4308, device='cuda:0', grad_fn=<DivBackward0>)
Memory status after this epoch: 
Memory allocated:  126.654296875
Memory cached:  330.0
[I 2023-12-07 01:58:11,227] Trial 60 finished with value: 0.32603591680526733 and parameters: {'W_layers': 5, 'W_layer_units_exponent_0': 7, 'W_layer_units_exponent_1': 7, 'W_layer_units_exponent_2': 5, 'W_layer_units_exponent_3': 6, 'W_layer_units_exponent_4': 4, 'D_layers': 3, 'D_layer_units_exponent_0': 4, 'D_layer_units_exponent_1': 10, 'D_layer_units_exponent_2': 7, 'D_dagger_layers': 4, 'D_dagger_layer_units_exponent_0': 9, 'D_dagger_layer_units_exponent_1': 4, 'D_dagger_layer_units_exponent_2': 5, 'D_dagger_layer_units_exponent_3': 10, 'log_learning_rate': -4.818639669658668, 'log_learning_rate_D': -3.592447454746781, 'log_learning_rate_D_dagger': -2.092368638240851, 'training_batch_size': 9, 'training_p': 5}. Best is trial 57 with value: 0.056275874376297.
Time for this trial:  172.28057956695557
Memory status after this trial: 
Memory allocated:  282.865234375
Memory cached:  320.0
--------------------  Trial  61   --------------------
Start timing: 
Parameters: 
{'W_layers': 5, 'W_layer_units_exponent_0': 9, 'W_layer_units_exponent_1': 7, 'W_layer_units_exponent_2': 5, 'W_layer_units_exponent_3': 7, 'W_layer_units_exponent_4': 5, 'D_layers': 2, 'D_layer_units_exponent_0': 7, 'D_layer_units_exponent_1': 10, 'D_dagger_layers': 3, 'D_dagger_layer_units_exponent_0': 9, 'D_dagger_layer_units_exponent_1': 8, 'D_dagger_layer_units_exponent_2': 6, 'log_learning_rate': -4.8588260601308875, 'log_learning_rate_D': -3.2932761098243843, 'log_learning_rate_D_dagger': -2.519337168924755, 'training_batch_size': 12, 'training_p': 4}
	 epoch  0 training error:  tensor(1.0065, device='cuda:0', grad_fn=<DivBackward0>)
Memory status after this epoch: 
Memory allocated:  128.845703125
Memory cached:  288.0
	 epoch  10 training error:  tensor(0.9694, device='cuda:0', grad_fn=<DivBackward0>)
Memory status after this epoch: 
Memory allocated:  128.845703125
Memory cached:  318.0
	 epoch  20 training error:  tensor(0.9030, device='cuda:0', grad_fn=<DivBackward0>)
Memory status after this epoch: 
Memory allocated:  128.845703125
Memory cached:  320.0
	 epoch  30 training error:  tensor(0.7431, device='cuda:0', grad_fn=<DivBackward0>)
Memory status after this epoch: 
Memory allocated:  128.845703125
Memory cached:  318.0
	 epoch  40 training error:  tensor(0.7012, device='cuda:0', grad_fn=<DivBackward0>)
Memory status after this epoch: 
Memory allocated:  128.845703125
Memory cached:  318.0
	 epoch  50 training error:  tensor(0.7001, device='cuda:0', grad_fn=<DivBackward0>)
Memory status after this epoch: 
Memory allocated:  128.845703125
Memory cached:  314.0
	 epoch  60 training error:  tensor(0.5151, device='cuda:0', grad_fn=<DivBackward0>)
Memory status after this epoch: 
Memory allocated:  128.845703125
Memory cached:  318.0
	 epoch  70 training error:  tensor(0.5753, device='cuda:0', grad_fn=<DivBackward0>)
Memory status after this epoch: 
Memory allocated:  128.845703125
Memory cached:  316.0
	 epoch  80 training error:  tensor(0.3283, device='cuda:0', grad_fn=<DivBackward0>)
Memory status after this epoch: 
Memory allocated:  128.845703125
Memory cached:  320.0
	 epoch  90 training error:  tensor(0.1889, device='cuda:0', grad_fn=<DivBackward0>)
Memory status after this epoch: 
Memory allocated:  128.845703125
Memory cached:  318.0
[I 2023-12-07 02:00:47,763] Trial 61 finished with value: 0.10042355209589005 and parameters: {'W_layers': 5, 'W_layer_units_exponent_0': 9, 'W_layer_units_exponent_1': 7, 'W_layer_units_exponent_2': 5, 'W_layer_units_exponent_3': 7, 'W_layer_units_exponent_4': 5, 'D_layers': 2, 'D_layer_units_exponent_0': 7, 'D_layer_units_exponent_1': 10, 'D_dagger_layers': 3, 'D_dagger_layer_units_exponent_0': 9, 'D_dagger_layer_units_exponent_1': 8, 'D_dagger_layer_units_exponent_2': 6, 'log_learning_rate': -4.8588260601308875, 'log_learning_rate_D': -3.2932761098243843, 'log_learning_rate_D_dagger': -2.519337168924755, 'training_batch_size': 12, 'training_p': 4}. Best is trial 57 with value: 0.056275874376297.
Time for this trial:  156.29539966583252
Memory status after this trial: 
Memory allocated:  267.68212890625
Memory cached:  302.0
--------------------  Trial  62   --------------------
Start timing: 
Parameters: 
{'W_layers': 6, 'W_layer_units_exponent_0': 9, 'W_layer_units_exponent_1': 7, 'W_layer_units_exponent_2': 5, 'W_layer_units_exponent_3': 7, 'W_layer_units_exponent_4': 5, 'W_layer_units_exponent_5': 8, 'D_layers': 2, 'D_layer_units_exponent_0': 8, 'D_layer_units_exponent_1': 10, 'D_dagger_layers': 3, 'D_dagger_layer_units_exponent_0': 9, 'D_dagger_layer_units_exponent_1': 8, 'D_dagger_layer_units_exponent_2': 6, 'log_learning_rate': -4.953611235632222, 'log_learning_rate_D': -3.276605468425479, 'log_learning_rate_D_dagger': -2.556259901536021, 'training_batch_size': 12, 'training_p': 5}
	 epoch  0 training error:  tensor(1.0171, device='cuda:0', grad_fn=<DivBackward0>)
Memory status after this epoch: 
Memory allocated:  130.98046875
Memory cached:  302.0
	 epoch  10 training error:  tensor(0.9857, device='cuda:0', grad_fn=<DivBackward0>)
Memory status after this epoch: 
Memory allocated:  130.98046875
Memory cached:  330.0
	 epoch  20 training error:  tensor(0.9515, device='cuda:0', grad_fn=<DivBackward0>)
Memory status after this epoch: 
Memory allocated:  130.98046875
Memory cached:  320.0
	 epoch  30 training error:  tensor(0.8142, device='cuda:0', grad_fn=<DivBackward0>)
Memory status after this epoch: 
Memory allocated:  130.98046875
Memory cached:  322.0
	 epoch  40 training error:  tensor(0.7351, device='cuda:0', grad_fn=<DivBackward0>)
Memory status after this epoch: 
Memory allocated:  130.98046875
Memory cached:  328.0
	 epoch  50 training error:  tensor(0.7004, device='cuda:0', grad_fn=<DivBackward0>)
Memory status after this epoch: 
Memory allocated:  130.98046875
Memory cached:  326.0
	 epoch  60 training error:  tensor(0.7174, device='cuda:0', grad_fn=<DivBackward0>)
Memory status after this epoch: 
Memory allocated:  130.98046875
Memory cached:  326.0
	 epoch  70 training error:  tensor(0.5466, device='cuda:0', grad_fn=<DivBackward0>)
Memory status after this epoch: 
Memory allocated:  130.98046875
Memory cached:  330.0
	 epoch  80 training error:  tensor(0.6994, device='cuda:0', grad_fn=<DivBackward0>)
Memory status after this epoch: 
Memory allocated:  130.98046875
Memory cached:  322.0
	 epoch  90 training error:  tensor(0.4448, device='cuda:0', grad_fn=<DivBackward0>)
Memory status after this epoch: 
Memory allocated:  130.98046875
Memory cached:  324.0
[I 2023-12-07 02:03:35,800] Trial 62 finished with value: 0.19714652001857758 and parameters: {'W_layers': 6, 'W_layer_units_exponent_0': 9, 'W_layer_units_exponent_1': 7, 'W_layer_units_exponent_2': 5, 'W_layer_units_exponent_3': 7, 'W_layer_units_exponent_4': 5, 'W_layer_units_exponent_5': 8, 'D_layers': 2, 'D_layer_units_exponent_0': 8, 'D_layer_units_exponent_1': 10, 'D_dagger_layers': 3, 'D_dagger_layer_units_exponent_0': 9, 'D_dagger_layer_units_exponent_1': 8, 'D_dagger_layer_units_exponent_2': 6, 'log_learning_rate': -4.953611235632222, 'log_learning_rate_D': -3.276605468425479, 'log_learning_rate_D_dagger': -2.556259901536021, 'training_batch_size': 12, 'training_p': 5}. Best is trial 57 with value: 0.056275874376297.
Time for this trial:  167.80403470993042
Memory status after this trial: 
Memory allocated:  287.47998046875
Memory cached:  314.0
--------------------  Trial  63   --------------------
Start timing: 
Parameters: 
{'W_layers': 5, 'W_layer_units_exponent_0': 9, 'W_layer_units_exponent_1': 6, 'W_layer_units_exponent_2': 6, 'W_layer_units_exponent_3': 7, 'W_layer_units_exponent_4': 5, 'D_layers': 2, 'D_layer_units_exponent_0': 7, 'D_layer_units_exponent_1': 10, 'D_dagger_layers': 3, 'D_dagger_layer_units_exponent_0': 10, 'D_dagger_layer_units_exponent_1': 7, 'D_dagger_layer_units_exponent_2': 5, 'log_learning_rate': -4.746504949070461, 'log_learning_rate_D': -3.514785014101087, 'log_learning_rate_D_dagger': -2.806678590795238, 'training_batch_size': 11, 'training_p': 3}
	 epoch  0 training error:  tensor(0.9783, device='cuda:0', grad_fn=<DivBackward0>)
Memory status after this epoch: 
Memory allocated:  128.2421875
Memory cached:  298.0
	 epoch  10 training error:  tensor(0.8932, device='cuda:0', grad_fn=<DivBackward0>)
Memory status after this epoch: 
Memory allocated:  128.2421875
Memory cached:  336.0
	 epoch  20 training error:  tensor(0.7198, device='cuda:0', grad_fn=<DivBackward0>)
Memory status after this epoch: 
Memory allocated:  128.2421875
Memory cached:  336.0
	 epoch  30 training error:  tensor(0.6083, device='cuda:0', grad_fn=<DivBackward0>)
Memory status after this epoch: 
Memory allocated:  128.2421875
Memory cached:  310.0
	 epoch  40 training error:  tensor(0.4091, device='cuda:0', grad_fn=<DivBackward0>)
Memory status after this epoch: 
Memory allocated:  128.2421875
Memory cached:  340.0
	 epoch  50 training error:  tensor(0.3539, device='cuda:0', grad_fn=<DivBackward0>)
Memory status after this epoch: 
Memory allocated:  128.2421875
Memory cached:  336.0
	 epoch  60 training error:  tensor(0.1952, device='cuda:0', grad_fn=<DivBackward0>)
Memory status after this epoch: 
Memory allocated:  128.2421875
Memory cached:  338.0
	 epoch  70 training error:  tensor(0.2069, device='cuda:0', grad_fn=<DivBackward0>)
Memory status after this epoch: 
Memory allocated:  128.2421875
Memory cached:  326.0
	 epoch  80 training error:  tensor(0.2038, device='cuda:0', grad_fn=<DivBackward0>)
Memory status after this epoch: 
Memory allocated:  128.2421875
Memory cached:  344.0
	 epoch  90 training error:  tensor(0.2873, device='cuda:0', grad_fn=<DivBackward0>)
Memory status after this epoch: 
Memory allocated:  128.2421875
Memory cached:  334.0
