[I 2024-01-13 05:03:58,374] Trial 125 finished with value: 0.1340222954750061 and parameters: {'W_layers': 2, 'W_layer_units_exponent_0': 7, 'W_layer_units_exponent_1': 4, 'D_layers': 4, 'D_layer_units_exponent_0': 6, 'D_layer_units_exponent_1': 4, 'D_layer_units_exponent_2': 9, 'D_layer_units_exponent_3': 10, 'D_dagger_layers': 7, 'D_dagger_layer_units_exponent_0': 9, 'D_dagger_layer_units_exponent_1': 8, 'D_dagger_layer_units_exponent_2': 5, 'D_dagger_layer_units_exponent_3': 7, 'D_dagger_layer_units_exponent_4': 7, 'D_dagger_layer_units_exponent_5': 6, 'D_dagger_layer_units_exponent_6': 9, 'log_learning_rate': -4.005259392279449, 'log_learning_rate_D': -2.8046452115104237, 'log_learning_rate_D_dagger': -2.992536637090087, 'training_batch_size': 6, 'training_p': 8}. Best is trial 113 with value: 0.08055218309164047.
Time for this trial:  460.87194895744324
Memory status after this trial: 
Memory allocated:  593.7861328125
Memory cached:  612.0
--------------------  Trial  126   --------------------
Start timing: 
Parameters: 
{'W_layers': 2, 'W_layer_units_exponent_0': 8, 'W_layer_units_exponent_1': 4, 'D_layers': 4, 'D_layer_units_exponent_0': 5, 'D_layer_units_exponent_1': 4, 'D_layer_units_exponent_2': 9, 'D_layer_units_exponent_3': 9, 'D_dagger_layers': 6, 'D_dagger_layer_units_exponent_0': 9, 'D_dagger_layer_units_exponent_1': 8, 'D_dagger_layer_units_exponent_2': 5, 'D_dagger_layer_units_exponent_3': 7, 'D_dagger_layer_units_exponent_4': 7, 'D_dagger_layer_units_exponent_5': 7, 'log_learning_rate': -4.484951864226995, 'log_learning_rate_D': -2.456782728680508, 'log_learning_rate_D_dagger': -2.9219582977376537, 'training_batch_size': 6, 'training_p': 8}
	 epoch  0 training error:  tensor(0.9979, device='cuda:0', grad_fn=<DivBackward0>)
Memory status after this epoch: 
Memory allocated:  257.68310546875
Memory cached:  462.0
	 epoch  10 training error:  tensor(0.5410, device='cuda:0', grad_fn=<DivBackward0>)
Memory status after this epoch: 
Memory allocated:  257.68310546875
Memory cached:  472.0
	 epoch  20 training error:  tensor(0.5375, device='cuda:0', grad_fn=<DivBackward0>)
Memory status after this epoch: 
Memory allocated:  257.68310546875
Memory cached:  468.0
	 epoch  30 training error:  tensor(0.5385, device='cuda:0', grad_fn=<DivBackward0>)
Memory status after this epoch: 
Memory allocated:  257.68310546875
Memory cached:  474.0
	 epoch  40 training error:  tensor(0.5611, device='cuda:0', grad_fn=<DivBackward0>)
Memory status after this epoch: 
Memory allocated:  257.68310546875
Memory cached:  472.0
	 epoch  50 training error:  tensor(0.5402, device='cuda:0', grad_fn=<DivBackward0>)
Memory status after this epoch: 
Memory allocated:  257.68310546875
Memory cached:  474.0
	 epoch  60 training error:  tensor(0.5294, device='cuda:0', grad_fn=<DivBackward0>)
Memory status after this epoch: 
Memory allocated:  257.68310546875
Memory cached:  464.0
	 epoch  70 training error:  tensor(0.4805, device='cuda:0', grad_fn=<DivBackward0>)
Memory status after this epoch: 
Memory allocated:  257.68310546875
Memory cached:  470.0
	 epoch  80 training error:  tensor(0.4275, device='cuda:0', grad_fn=<DivBackward0>)
Memory status after this epoch: 
Memory allocated:  257.68310546875
Memory cached:  476.0
	 epoch  90 training error:  tensor(0.3024, device='cuda:0', grad_fn=<DivBackward0>)
Memory status after this epoch: 
Memory allocated:  257.68310546875
Memory cached:  474.0
[I 2024-01-13 05:11:13,027] Trial 126 finished with value: 0.1390284150838852 and parameters: {'W_layers': 2, 'W_layer_units_exponent_0': 8, 'W_layer_units_exponent_1': 4, 'D_layers': 4, 'D_layer_units_exponent_0': 5, 'D_layer_units_exponent_1': 4, 'D_layer_units_exponent_2': 9, 'D_layer_units_exponent_3': 9, 'D_dagger_layers': 6, 'D_dagger_layer_units_exponent_0': 9, 'D_dagger_layer_units_exponent_1': 8, 'D_dagger_layer_units_exponent_2': 5, 'D_dagger_layer_units_exponent_3': 7, 'D_dagger_layer_units_exponent_4': 7, 'D_dagger_layer_units_exponent_5': 7, 'log_learning_rate': -4.484951864226995, 'log_learning_rate_D': -2.456782728680508, 'log_learning_rate_D_dagger': -2.9219582977376537, 'training_batch_size': 6, 'training_p': 8}. Best is trial 113 with value: 0.08055218309164047.
Time for this trial:  434.19425916671753
Memory status after this trial: 
Memory allocated:  513.4873046875
Memory cached:  518.0
--------------------  Trial  127   --------------------
Start timing: 
Parameters: 
{'W_layers': 2, 'W_layer_units_exponent_0': 7, 'W_layer_units_exponent_1': 5, 'D_layers': 8, 'D_layer_units_exponent_0': 5, 'D_layer_units_exponent_1': 4, 'D_layer_units_exponent_2': 8, 'D_layer_units_exponent_3': 10, 'D_layer_units_exponent_4': 5, 'D_layer_units_exponent_5': 5, 'D_layer_units_exponent_6': 8, 'D_layer_units_exponent_7': 5, 'D_dagger_layers': 8, 'D_dagger_layer_units_exponent_0': 9, 'D_dagger_layer_units_exponent_1': 8, 'D_dagger_layer_units_exponent_2': 5, 'D_dagger_layer_units_exponent_3': 6, 'D_dagger_layer_units_exponent_4': 6, 'D_dagger_layer_units_exponent_5': 8, 'D_dagger_layer_units_exponent_6': 8, 'D_dagger_layer_units_exponent_7': 7, 'log_learning_rate': -4.144959264827586, 'log_learning_rate_D': -2.9441553122115627, 'log_learning_rate_D_dagger': -2.698945502892947, 'training_batch_size': 6, 'training_p': 8}
	 epoch  0 training error:  tensor(0.8881, device='cuda:0', grad_fn=<DivBackward0>)
Memory status after this epoch: 
Memory allocated:  259.67919921875
Memory cached:  470.0
	 epoch  10 training error:  tensor(0.5669, device='cuda:0', grad_fn=<DivBackward0>)
Memory status after this epoch: 
Memory allocated:  259.67919921875
Memory cached:  492.0
	 epoch  20 training error:  tensor(0.5461, device='cuda:0', grad_fn=<DivBackward0>)
Memory status after this epoch: 
Memory allocated:  259.67919921875
Memory cached:  500.0
	 epoch  30 training error:  tensor(0.5432, device='cuda:0', grad_fn=<DivBackward0>)
Memory status after this epoch: 
Memory allocated:  259.67919921875
Memory cached:  502.0
	 epoch  40 training error:  tensor(0.5026, device='cuda:0', grad_fn=<DivBackward0>)
Memory status after this epoch: 
Memory allocated:  259.67919921875
Memory cached:  502.0
	 epoch  50 training error:  tensor(0.4837, device='cuda:0', grad_fn=<DivBackward0>)
Memory status after this epoch: 
Memory allocated:  259.67919921875
Memory cached:  488.0
	 epoch  60 training error:  tensor(0.2499, device='cuda:0', grad_fn=<DivBackward0>)
Memory status after this epoch: 
Memory allocated:  259.67919921875
Memory cached:  494.0
	 epoch  70 training error:  tensor(0.1638, device='cuda:0', grad_fn=<DivBackward0>)
Memory status after this epoch: 
Memory allocated:  259.67919921875
Memory cached:  494.0
	 epoch  80 training error:  tensor(0.1204, device='cuda:0', grad_fn=<DivBackward0>)
Memory status after this epoch: 
Memory allocated:  259.67919921875
Memory cached:  496.0
	 epoch  90 training error:  tensor(0.1481, device='cuda:0', grad_fn=<DivBackward0>)
Memory status after this epoch: 
Memory allocated:  259.67919921875
Memory cached:  494.0
[I 2024-01-13 05:20:45,061] Trial 127 finished with value: 0.09040974825620651 and parameters: {'W_layers': 2, 'W_layer_units_exponent_0': 7, 'W_layer_units_exponent_1': 5, 'D_layers': 8, 'D_layer_units_exponent_0': 5, 'D_layer_units_exponent_1': 4, 'D_layer_units_exponent_2': 8, 'D_layer_units_exponent_3': 10, 'D_layer_units_exponent_4': 5, 'D_layer_units_exponent_5': 5, 'D_layer_units_exponent_6': 8, 'D_layer_units_exponent_7': 5, 'D_dagger_layers': 8, 'D_dagger_layer_units_exponent_0': 9, 'D_dagger_layer_units_exponent_1': 8, 'D_dagger_layer_units_exponent_2': 5, 'D_dagger_layer_units_exponent_3': 6, 'D_dagger_layer_units_exponent_4': 6, 'D_dagger_layer_units_exponent_5': 8, 'D_dagger_layer_units_exponent_6': 8, 'D_dagger_layer_units_exponent_7': 7, 'log_learning_rate': -4.144959264827586, 'log_learning_rate_D': -2.9441553122115627, 'log_learning_rate_D_dagger': -2.698945502892947, 'training_batch_size': 6, 'training_p': 8}. Best is trial 113 with value: 0.08055218309164047.
Time for this trial:  571.5490593910217
Memory status after this trial: 
Memory allocated:  614.8369140625
Memory cached:  620.0
--------------------  Trial  128   --------------------
Start timing: 
Parameters: 
{'W_layers': 3, 'W_layer_units_exponent_0': 7, 'W_layer_units_exponent_1': 5, 'W_layer_units_exponent_2': 10, 'D_layers': 2, 'D_layer_units_exponent_0': 5, 'D_layer_units_exponent_1': 4, 'D_dagger_layers': 8, 'D_dagger_layer_units_exponent_0': 9, 'D_dagger_layer_units_exponent_1': 9, 'D_dagger_layer_units_exponent_2': 5, 'D_dagger_layer_units_exponent_3': 6, 'D_dagger_layer_units_exponent_4': 6, 'D_dagger_layer_units_exponent_5': 8, 'D_dagger_layer_units_exponent_6': 8, 'D_dagger_layer_units_exponent_7': 7, 'log_learning_rate': -4.15256555998731, 'log_learning_rate_D': -2.5791998586826157, 'log_learning_rate_D_dagger': -2.6736938587962418, 'training_batch_size': 6, 'training_p': 8}
	 epoch  0 training error:  tensor(1.0593, device='cuda:0', grad_fn=<DivBackward0>)
Memory status after this epoch: 
Memory allocated:  257.47998046875
Memory cached:  470.0
	 epoch  10 training error:  tensor(0.5590, device='cuda:0', grad_fn=<DivBackward0>)
Memory status after this epoch: 
Memory allocated:  257.47998046875
Memory cached:  484.0
	 epoch  20 training error:  tensor(0.5589, device='cuda:0', grad_fn=<DivBackward0>)
Memory status after this epoch: 
Memory allocated:  257.47998046875
Memory cached:  474.0
	 epoch  30 training error:  tensor(0.5413, device='cuda:0', grad_fn=<DivBackward0>)
Memory status after this epoch: 
Memory allocated:  257.47998046875
Memory cached:  488.0
	 epoch  40 training error:  tensor(0.5283, device='cuda:0', grad_fn=<DivBackward0>)
Memory status after this epoch: 
Memory allocated:  257.47998046875
Memory cached:  482.0
	 epoch  50 training error:  tensor(0.5416, device='cuda:0', grad_fn=<DivBackward0>)
Memory status after this epoch: 
Memory allocated:  257.47998046875
Memory cached:  486.0
	 epoch  60 training error:  tensor(0.5236, device='cuda:0', grad_fn=<DivBackward0>)
Memory status after this epoch: 
Memory allocated:  257.47998046875
Memory cached:  484.0
	 epoch  70 training error:  tensor(0.5104, device='cuda:0', grad_fn=<DivBackward0>)
Memory status after this epoch: 
Memory allocated:  257.47998046875
Memory cached:  476.0
	 epoch  80 training error:  tensor(0.4980, device='cuda:0', grad_fn=<DivBackward0>)
Memory status after this epoch: 
Memory allocated:  257.47998046875
Memory cached:  482.0
	 epoch  90 training error:  tensor(0.5215, device='cuda:0', grad_fn=<DivBackward0>)
Memory status after this epoch: 
Memory allocated:  257.47998046875
Memory cached:  496.0
[I 2024-01-13 05:28:25,490] Trial 128 finished with value: 0.21312753856182098 and parameters: {'W_layers': 3, 'W_layer_units_exponent_0': 7, 'W_layer_units_exponent_1': 5, 'W_layer_units_exponent_2': 10, 'D_layers': 2, 'D_layer_units_exponent_0': 5, 'D_layer_units_exponent_1': 4, 'D_dagger_layers': 8, 'D_dagger_layer_units_exponent_0': 9, 'D_dagger_layer_units_exponent_1': 9, 'D_dagger_layer_units_exponent_2': 5, 'D_dagger_layer_units_exponent_3': 6, 'D_dagger_layer_units_exponent_4': 6, 'D_dagger_layer_units_exponent_5': 8, 'D_dagger_layer_units_exponent_6': 8, 'D_dagger_layer_units_exponent_7': 7, 'log_learning_rate': -4.15256555998731, 'log_learning_rate_D': -2.5791998586826157, 'log_learning_rate_D_dagger': -2.6736938587962418, 'training_batch_size': 6, 'training_p': 8}. Best is trial 113 with value: 0.08055218309164047.
Time for this trial:  459.9948582649231
Memory status after this trial: 
Memory allocated:  562.98779296875
Memory cached:  568.0
--------------------  Trial  129   --------------------
Start timing: 
Parameters: 
{'W_layers': 2, 'W_layer_units_exponent_0': 7, 'W_layer_units_exponent_1': 5, 'D_layers': 3, 'D_layer_units_exponent_0': 5, 'D_layer_units_exponent_1': 4, 'D_layer_units_exponent_2': 10, 'D_dagger_layers': 8, 'D_dagger_layer_units_exponent_0': 9, 'D_dagger_layer_units_exponent_1': 8, 'D_dagger_layer_units_exponent_2': 4, 'D_dagger_layer_units_exponent_3': 6, 'D_dagger_layer_units_exponent_4': 6, 'D_dagger_layer_units_exponent_5': 6, 'D_dagger_layer_units_exponent_6': 7, 'D_dagger_layer_units_exponent_7': 7, 'log_learning_rate': -4.381475569544851, 'log_learning_rate_D': -2.936876008440281, 'log_learning_rate_D_dagger': -2.5898784490607123, 'training_batch_size': 6, 'training_p': 8}
	 epoch  0 training error:  tensor(0.9060, device='cuda:0', grad_fn=<DivBackward0>)
Memory status after this epoch: 
Memory allocated:  253.70654296875
Memory cached:  462.0
	 epoch  10 training error:  tensor(0.5544, device='cuda:0', grad_fn=<DivBackward0>)
Memory status after this epoch: 
Memory allocated:  253.70654296875
Memory cached:  478.0
	 epoch  20 training error:  tensor(0.5498, device='cuda:0', grad_fn=<DivBackward0>)
Memory status after this epoch: 
Memory allocated:  253.70654296875
Memory cached:  482.0
	 epoch  30 training error:  tensor(0.5192, device='cuda:0', grad_fn=<DivBackward0>)
Memory status after this epoch: 
Memory allocated:  253.70654296875
Memory cached:  480.0
	 epoch  40 training error:  tensor(0.5002, device='cuda:0', grad_fn=<DivBackward0>)
Memory status after this epoch: 
Memory allocated:  253.70654296875
Memory cached:  474.0
	 epoch  50 training error:  tensor(0.4226, device='cuda:0', grad_fn=<DivBackward0>)
Memory status after this epoch: 
Memory allocated:  253.70654296875
Memory cached:  476.0
	 epoch  60 training error:  tensor(0.3811, device='cuda:0', grad_fn=<DivBackward0>)
Memory status after this epoch: 
Memory allocated:  253.70654296875
Memory cached:  476.0
	 epoch  70 training error:  tensor(0.3852, device='cuda:0', grad_fn=<DivBackward0>)
Memory status after this epoch: 
Memory allocated:  253.70654296875
Memory cached:  476.0
	 epoch  80 training error:  tensor(0.2440, device='cuda:0', grad_fn=<DivBackward0>)
Memory status after this epoch: 
Memory allocated:  253.70654296875
Memory cached:  478.0
	 epoch  90 training error:  tensor(0.2721, device='cuda:0', grad_fn=<DivBackward0>)
Memory status after this epoch: 
Memory allocated:  253.70654296875
Memory cached:  472.0
[I 2024-01-13 05:35:58,707] Trial 129 finished with value: 0.1582242101430893 and parameters: {'W_layers': 2, 'W_layer_units_exponent_0': 7, 'W_layer_units_exponent_1': 5, 'D_layers': 3, 'D_layer_units_exponent_0': 5, 'D_layer_units_exponent_1': 4, 'D_layer_units_exponent_2': 10, 'D_dagger_layers': 8, 'D_dagger_layer_units_exponent_0': 9, 'D_dagger_layer_units_exponent_1': 8, 'D_dagger_layer_units_exponent_2': 4, 'D_dagger_layer_units_exponent_3': 6, 'D_dagger_layer_units_exponent_4': 6, 'D_dagger_layer_units_exponent_5': 6, 'D_dagger_layer_units_exponent_6': 7, 'D_dagger_layer_units_exponent_7': 7, 'log_learning_rate': -4.381475569544851, 'log_learning_rate_D': -2.936876008440281, 'log_learning_rate_D_dagger': -2.5898784490607123, 'training_batch_size': 6, 'training_p': 8}. Best is trial 113 with value: 0.08055218309164047.
Time for this trial:  452.74137592315674
Memory status after this trial: 
Memory allocated:  496.6845703125
Memory cached:  500.0
--------------------  Trial  130   --------------------
Start timing: 
Parameters: 
{'W_layers': 2, 'W_layer_units_exponent_0': 7, 'W_layer_units_exponent_1': 5, 'D_layers': 8, 'D_layer_units_exponent_0': 6, 'D_layer_units_exponent_1': 4, 'D_layer_units_exponent_2': 8, 'D_layer_units_exponent_3': 10, 'D_layer_units_exponent_4': 5, 'D_layer_units_exponent_5': 5, 'D_layer_units_exponent_6': 8, 'D_layer_units_exponent_7': 5, 'D_dagger_layers': 6, 'D_dagger_layer_units_exponent_0': 9, 'D_dagger_layer_units_exponent_1': 8, 'D_dagger_layer_units_exponent_2': 5, 'D_dagger_layer_units_exponent_3': 6, 'D_dagger_layer_units_exponent_4': 6, 'D_dagger_layer_units_exponent_5': 9, 'log_learning_rate': -4.197929056724451, 'log_learning_rate_D': -3.0244811811017147, 'log_learning_rate_D_dagger': -2.5051145022061503, 'training_batch_size': 6, 'training_p': 8}
	 epoch  0 training error:  tensor(1.0082, device='cuda:0', grad_fn=<DivBackward0>)
Memory status after this epoch: 
Memory allocated:  258.44091796875
Memory cached:  466.0
	 epoch  10 training error:  tensor(0.5541, device='cuda:0', grad_fn=<DivBackward0>)
Memory status after this epoch: 
Memory allocated:  258.44091796875
Memory cached:  482.0
	 epoch  20 training error:  tensor(0.5421, device='cuda:0', grad_fn=<DivBackward0>)
Memory status after this epoch: 
Memory allocated:  258.44091796875
Memory cached:  480.0
	 epoch  30 training error:  tensor(0.5386, device='cuda:0', grad_fn=<DivBackward0>)
Memory status after this epoch: 
Memory allocated:  258.44091796875
Memory cached:  492.0
	 epoch  40 training error:  tensor(0.5622, device='cuda:0', grad_fn=<DivBackward0>)
Memory status after this epoch: 
Memory allocated:  258.44091796875
Memory cached:  490.0
	 epoch  50 training error:  tensor(0.5246, device='cuda:0', grad_fn=<DivBackward0>)
Memory status after this epoch: 
Memory allocated:  258.44091796875
Memory cached:  488.0
	 epoch  60 training error:  tensor(0.5246, device='cuda:0', grad_fn=<DivBackward0>)
Memory status after this epoch: 
Memory allocated:  258.44091796875
Memory cached:  494.0
	 epoch  70 training error:  tensor(0.5450, device='cuda:0', grad_fn=<DivBackward0>)
Memory status after this epoch: 
Memory allocated:  258.44091796875
Memory cached:  490.0
	 epoch  80 training error:  tensor(0.3789, device='cuda:0', grad_fn=<DivBackward0>)
Memory status after this epoch: 
Memory allocated:  258.44091796875
Memory cached:  486.0
	 epoch  90 training error:  tensor(0.3628, device='cuda:0', grad_fn=<DivBackward0>)
Memory status after this epoch: 
Memory allocated:  258.44091796875
Memory cached:  486.0
[I 2024-01-13 05:44:45,091] Trial 130 finished with value: 0.19334326684474945 and parameters: {'W_layers': 2, 'W_layer_units_exponent_0': 7, 'W_layer_units_exponent_1': 5, 'D_layers': 8, 'D_layer_units_exponent_0': 6, 'D_layer_units_exponent_1': 4, 'D_layer_units_exponent_2': 8, 'D_layer_units_exponent_3': 10, 'D_layer_units_exponent_4': 5, 'D_layer_units_exponent_5': 5, 'D_layer_units_exponent_6': 8, 'D_layer_units_exponent_7': 5, 'D_dagger_layers': 6, 'D_dagger_layer_units_exponent_0': 9, 'D_dagger_layer_units_exponent_1': 8, 'D_dagger_layer_units_exponent_2': 5, 'D_dagger_layer_units_exponent_3': 6, 'D_dagger_layer_units_exponent_4': 6, 'D_dagger_layer_units_exponent_5': 9, 'log_learning_rate': -4.197929056724451, 'log_learning_rate_D': -3.0244811811017147, 'log_learning_rate_D_dagger': -2.5051145022061503, 'training_batch_size': 6, 'training_p': 8}. Best is trial 113 with value: 0.08055218309164047.
Time for this trial:  525.8986656665802
Memory status after this trial: 
Memory allocated:  598.0703125
Memory cached:  604.0
--------------------  Trial  131   --------------------
Start timing: 
Parameters: 
{'W_layers': 2, 'W_layer_units_exponent_0': 8, 'W_layer_units_exponent_1': 4, 'D_layers': 4, 'D_layer_units_exponent_0': 5, 'D_layer_units_exponent_1': 4, 'D_layer_units_exponent_2': 8, 'D_layer_units_exponent_3': 10, 'D_dagger_layers': 7, 'D_dagger_layer_units_exponent_0': 9, 'D_dagger_layer_units_exponent_1': 8, 'D_dagger_layer_units_exponent_2': 5, 'D_dagger_layer_units_exponent_3': 6, 'D_dagger_layer_units_exponent_4': 7, 'D_dagger_layer_units_exponent_5': 7, 'D_dagger_layer_units_exponent_6': 7, 'log_learning_rate': -4.521186206093681, 'log_learning_rate_D': -2.890765330351373, 'log_learning_rate_D_dagger': -2.718835203796756, 'training_batch_size': 6, 'training_p': 8}
	 epoch  0 training error:  tensor(0.8475, device='cuda:0', grad_fn=<DivBackward0>)
Memory status after this epoch: 
Memory allocated:  257.72802734375
Memory cached:  458.0
	 epoch  10 training error:  tensor(0.6155, device='cuda:0', grad_fn=<DivBackward0>)
Memory status after this epoch: 
Memory allocated:  257.72802734375
Memory cached:  464.0
	 epoch  20 training error:  tensor(0.5501, device='cuda:0', grad_fn=<DivBackward0>)
Memory status after this epoch: 
Memory allocated:  257.72802734375
Memory cached:  466.0
	 epoch  30 training error:  tensor(0.5367, device='cuda:0', grad_fn=<DivBackward0>)
Memory status after this epoch: 
Memory allocated:  257.72802734375
Memory cached:  468.0
	 epoch  40 training error:  tensor(0.3762, device='cuda:0', grad_fn=<DivBackward0>)
Memory status after this epoch: 
Memory allocated:  257.72802734375
Memory cached:  472.0
	 epoch  50 training error:  tensor(0.1989, device='cuda:0', grad_fn=<DivBackward0>)
Memory status after this epoch: 
Memory allocated:  257.72802734375
Memory cached:  468.0
	 epoch  60 training error:  tensor(0.1696, device='cuda:0', grad_fn=<DivBackward0>)
Memory status after this epoch: 
Memory allocated:  257.72802734375
Memory cached:  474.0
	 epoch  70 training error:  tensor(0.1580, device='cuda:0', grad_fn=<DivBackward0>)
Memory status after this epoch: 
Memory allocated:  257.72802734375
Memory cached:  470.0
	 epoch  80 training error:  tensor(0.1178, device='cuda:0', grad_fn=<DivBackward0>)
Memory status after this epoch: 
Memory allocated:  257.72802734375
Memory cached:  470.0
	 epoch  90 training error:  tensor(0.1492, device='cuda:0', grad_fn=<DivBackward0>)
Memory status after this epoch: 
Memory allocated:  257.72802734375
Memory cached:  466.0
