/home/shengduo/anaconda3/lib/python3.9/site-packages/scipy/__init__.py:146: UserWarning: A NumPy version >=1.16.5 and <1.23.0 is required for this version of SciPy (detected version 1.24.1
  warnings.warn(f"A NumPy version >={np_minversion} and <{np_maxversion}"
[I 2024-02-16 14:57:52,087] A new study created in RDB with name: my_study
Cuda is available:  True
Device is:  cuda:0
Memory allocated:  0.0
Memory cached:  0.0
Data file:  ./data/Trial0216_smallDRS_smallA_400.pt
Vs.shape:  torch.Size([400, 100])
thetas.shape:  torch.Size([400, 100])
fs.shape:  torch.Size([400, 100])
ts.shape:  torch.Size([400, 100])
Xs.shape:  torch.Size([400, 100])
--------------------  Trial  0   --------------------
Start timing: 
Parameters: 
{'W_layers': 6, 'W_layer_units_exponent_0': 9, 'W_layer_units_exponent_1': 7, 'W_layer_units_exponent_2': 6, 'W_layer_units_exponent_3': 10, 'W_layer_units_exponent_4': 7, 'W_layer_units_exponent_5': 4, 'D_layers': 2, 'D_layer_units_exponent_0': 8, 'D_layer_units_exponent_1': 4, 'D_dagger_layers': 5, 'D_dagger_layer_units_exponent_0': 7, 'D_dagger_layer_units_exponent_1': 4, 'D_dagger_layer_units_exponent_2': 8, 'D_dagger_layer_units_exponent_3': 8, 'D_dagger_layer_units_exponent_4': 7, 'log_learning_rate': -2.2801579812349746, 'log_learning_rate_D': -3.9325316574789424, 'log_learning_rate_D_dagger': -4.727454151278958, 'training_batch_size': 10, 'training_p': 6}
	 epoch  0 training error:  tensor(1.0045, device='cuda:0', grad_fn=<DivBackward0>)
Memory status after this epoch: 
Memory allocated:  6.2802734375
Memory cached:  148.0
	 epoch  10 training error:  tensor(0.5493, device='cuda:0', grad_fn=<DivBackward0>)
Memory status after this epoch: 
Memory allocated:  6.2802734375
Memory cached:  232.0
	 epoch  20 training error:  tensor(0.5514, device='cuda:0', grad_fn=<DivBackward0>)
Memory status after this epoch: 
Memory allocated:  6.2802734375
Memory cached:  218.0
	 epoch  30 training error:  tensor(0.5478, device='cuda:0', grad_fn=<DivBackward0>)
Memory status after this epoch: 
Memory allocated:  6.2802734375
Memory cached:  220.0
	 epoch  40 training error:  tensor(0.5463, device='cuda:0', grad_fn=<DivBackward0>)
Memory status after this epoch: 
Memory allocated:  6.2802734375
Memory cached:  204.0
	 epoch  50 training error:  tensor(0.5435, device='cuda:0', grad_fn=<DivBackward0>)
Memory status after this epoch: 
Memory allocated:  6.2802734375
Memory cached:  218.0
	 epoch  60 training error:  tensor(0.5408, device='cuda:0', grad_fn=<DivBackward0>)
Memory status after this epoch: 
Memory allocated:  6.2802734375
Memory cached:  212.0
	 epoch  70 training error:  tensor(0.5395, device='cuda:0', grad_fn=<DivBackward0>)
Memory status after this epoch: 
Memory allocated:  6.2802734375
Memory cached:  224.0
	 epoch  80 training error:  tensor(0.5352, device='cuda:0', grad_fn=<DivBackward0>)
Memory status after this epoch: 
Memory allocated:  6.2802734375
Memory cached:  224.0
	 epoch  90 training error:  tensor(0.5329, device='cuda:0', grad_fn=<DivBackward0>)
Memory status after this epoch: 
Memory allocated:  6.2802734375
Memory cached:  214.0
[I 2024-02-16 15:01:25,732] Trial 0 finished with value: 0.45638951659202576 and parameters: {'W_layers': 6, 'W_layer_units_exponent_0': 9, 'W_layer_units_exponent_1': 7, 'W_layer_units_exponent_2': 6, 'W_layer_units_exponent_3': 10, 'W_layer_units_exponent_4': 7, 'W_layer_units_exponent_5': 4, 'D_layers': 2, 'D_layer_units_exponent_0': 8, 'D_layer_units_exponent_1': 4, 'D_dagger_layers': 5, 'D_dagger_layer_units_exponent_0': 7, 'D_dagger_layer_units_exponent_1': 4, 'D_dagger_layer_units_exponent_2': 8, 'D_dagger_layer_units_exponent_3': 8, 'D_dagger_layer_units_exponent_4': 7, 'log_learning_rate': -2.2801579812349746, 'log_learning_rate_D': -3.9325316574789424, 'log_learning_rate_D_dagger': -4.727454151278958, 'training_batch_size': 10, 'training_p': 6}. Best is trial 0 with value: 0.45638951659202576.
res:  tensor(0.4564, device='cuda:0', grad_fn=<DivBackward0>)
self.bestValue:  10000000.0
Save this model!
Time for this trial:  213.39097595214844
Memory status after this trial: 
Memory allocated:  623.70849609375
Memory cached:  628.0
--------------------  Trial  1   --------------------
Start timing: 
Parameters: 
{'W_layers': 3, 'W_layer_units_exponent_0': 5, 'W_layer_units_exponent_1': 7, 'W_layer_units_exponent_2': 8, 'D_layers': 8, 'D_layer_units_exponent_0': 6, 'D_layer_units_exponent_1': 5, 'D_layer_units_exponent_2': 5, 'D_layer_units_exponent_3': 8, 'D_layer_units_exponent_4': 5, 'D_layer_units_exponent_5': 7, 'D_layer_units_exponent_6': 7, 'D_layer_units_exponent_7': 5, 'D_dagger_layers': 4, 'D_dagger_layer_units_exponent_0': 10, 'D_dagger_layer_units_exponent_1': 4, 'D_dagger_layer_units_exponent_2': 6, 'D_dagger_layer_units_exponent_3': 5, 'log_learning_rate': -1.7675684552442914, 'log_learning_rate_D': -1.4379110398697055, 'log_learning_rate_D_dagger': -4.568115136719374, 'training_batch_size': 9, 'training_p': 6}
	 epoch  0 training error:  tensor(1.0927, device='cuda:0', grad_fn=<DivBackward0>)
Memory status after this epoch: 
Memory allocated:  625.453125
Memory cached:  638.0
	 epoch  10 training error:  tensor(0.5508, device='cuda:0', grad_fn=<DivBackward0>)
Memory status after this epoch: 
Memory allocated:  625.453125
Memory cached:  642.0
	 epoch  20 training error:  tensor(0.5699, device='cuda:0', grad_fn=<DivBackward0>)
Memory status after this epoch: 
Memory allocated:  625.453125
Memory cached:  642.0
	 epoch  30 training error:  tensor(0.5546, device='cuda:0', grad_fn=<DivBackward0>)
Memory status after this epoch: 
Memory allocated:  625.453125
Memory cached:  646.0
	 epoch  40 training error:  tensor(0.5930, device='cuda:0', grad_fn=<DivBackward0>)
Memory status after this epoch: 
Memory allocated:  625.453125
Memory cached:  644.0
	 epoch  50 training error:  tensor(0.5667, device='cuda:0', grad_fn=<DivBackward0>)
Memory status after this epoch: 
Memory allocated:  625.453125
Memory cached:  642.0
	 epoch  60 training error:  tensor(0.5532, device='cuda:0', grad_fn=<DivBackward0>)
Memory status after this epoch: 
Memory allocated:  625.453125
Memory cached:  644.0
	 epoch  70 training error:  tensor(0.5581, device='cuda:0', grad_fn=<DivBackward0>)
Memory status after this epoch: 
Memory allocated:  625.453125
Memory cached:  646.0
	 epoch  80 training error:  tensor(0.5579, device='cuda:0', grad_fn=<DivBackward0>)
Memory status after this epoch: 
Memory allocated:  625.453125
Memory cached:  638.0
	 epoch  90 training error:  tensor(0.5529, device='cuda:0', grad_fn=<DivBackward0>)
Memory status after this epoch: 
Memory allocated:  625.453125
Memory cached:  642.0
[I 2024-02-16 15:05:04,577] Trial 1 finished with value: 0.49315372109413147 and parameters: {'W_layers': 3, 'W_layer_units_exponent_0': 5, 'W_layer_units_exponent_1': 7, 'W_layer_units_exponent_2': 8, 'D_layers': 8, 'D_layer_units_exponent_0': 6, 'D_layer_units_exponent_1': 5, 'D_layer_units_exponent_2': 5, 'D_layer_units_exponent_3': 8, 'D_layer_units_exponent_4': 5, 'D_layer_units_exponent_5': 7, 'D_layer_units_exponent_6': 7, 'D_layer_units_exponent_7': 5, 'D_dagger_layers': 4, 'D_dagger_layer_units_exponent_0': 10, 'D_dagger_layer_units_exponent_1': 4, 'D_dagger_layer_units_exponent_2': 6, 'D_dagger_layer_units_exponent_3': 5, 'log_learning_rate': -1.7675684552442914, 'log_learning_rate_D': -1.4379110398697055, 'log_learning_rate_D_dagger': -4.568115136719374, 'training_batch_size': 9, 'training_p': 6}. Best is trial 0 with value: 0.45638951659202576.
Time for this trial:  218.58390951156616
Memory status after this trial: 
Memory allocated:  1095.65771484375
Memory cached:  1098.0
--------------------  Trial  2   --------------------
Start timing: 
Parameters: 
{'W_layers': 5, 'W_layer_units_exponent_0': 9, 'W_layer_units_exponent_1': 5, 'W_layer_units_exponent_2': 7, 'W_layer_units_exponent_3': 9, 'W_layer_units_exponent_4': 5, 'D_layers': 7, 'D_layer_units_exponent_0': 8, 'D_layer_units_exponent_1': 8, 'D_layer_units_exponent_2': 7, 'D_layer_units_exponent_3': 8, 'D_layer_units_exponent_4': 4, 'D_layer_units_exponent_5': 4, 'D_layer_units_exponent_6': 9, 'D_dagger_layers': 4, 'D_dagger_layer_units_exponent_0': 9, 'D_dagger_layer_units_exponent_1': 6, 'D_dagger_layer_units_exponent_2': 10, 'D_dagger_layer_units_exponent_3': 9, 'log_learning_rate': -4.938955341565137, 'log_learning_rate_D': -1.8045091205023986, 'log_learning_rate_D_dagger': -4.92526103401841, 'training_batch_size': 8, 'training_p': 3}
	 epoch  0 training error:  tensor(1.0431, device='cuda:0', grad_fn=<DivBackward0>)
Memory status after this epoch: 
Memory allocated:  637.11328125
Memory cached:  702.0
	 epoch  10 training error:  tensor(0.9240, device='cuda:0', grad_fn=<DivBackward0>)
Memory status after this epoch: 
Memory allocated:  637.11328125
Memory cached:  786.0
	 epoch  20 training error:  tensor(0.8308, device='cuda:0', grad_fn=<DivBackward0>)
Memory status after this epoch: 
Memory allocated:  637.11328125
Memory cached:  794.0
	 epoch  30 training error:  tensor(0.7256, device='cuda:0', grad_fn=<DivBackward0>)
Memory status after this epoch: 
Memory allocated:  637.11328125
Memory cached:  794.0
	 epoch  40 training error:  tensor(0.6122, device='cuda:0', grad_fn=<DivBackward0>)
Memory status after this epoch: 
Memory allocated:  637.11328125
Memory cached:  792.0
	 epoch  50 training error:  tensor(0.5063, device='cuda:0', grad_fn=<DivBackward0>)
Memory status after this epoch: 
Memory allocated:  637.11328125
Memory cached:  790.0
	 epoch  60 training error:  tensor(0.4972, device='cuda:0', grad_fn=<DivBackward0>)
Memory status after this epoch: 
Memory allocated:  637.11328125
Memory cached:  798.0
	 epoch  70 training error:  tensor(0.4972, device='cuda:0', grad_fn=<DivBackward0>)
Memory status after this epoch: 
Memory allocated:  637.11328125
Memory cached:  798.0
	 epoch  80 training error:  tensor(0.4970, device='cuda:0', grad_fn=<DivBackward0>)
Memory status after this epoch: 
Memory allocated:  637.11328125
Memory cached:  794.0
	 epoch  90 training error:  tensor(0.4970, device='cuda:0', grad_fn=<DivBackward0>)
Memory status after this epoch: 
Memory allocated:  637.11328125
Memory cached:  780.0
[I 2024-02-16 15:13:00,851] Trial 2 finished with value: 0.4927383363246918 and parameters: {'W_layers': 5, 'W_layer_units_exponent_0': 9, 'W_layer_units_exponent_1': 5, 'W_layer_units_exponent_2': 7, 'W_layer_units_exponent_3': 9, 'W_layer_units_exponent_4': 5, 'D_layers': 7, 'D_layer_units_exponent_0': 8, 'D_layer_units_exponent_1': 8, 'D_layer_units_exponent_2': 7, 'D_layer_units_exponent_3': 8, 'D_layer_units_exponent_4': 4, 'D_layer_units_exponent_5': 4, 'D_layer_units_exponent_6': 9, 'D_dagger_layers': 4, 'D_dagger_layer_units_exponent_0': 9, 'D_dagger_layer_units_exponent_1': 6, 'D_dagger_layer_units_exponent_2': 10, 'D_dagger_layer_units_exponent_3': 9, 'log_learning_rate': -4.938955341565137, 'log_learning_rate_D': -1.8045091205023986, 'log_learning_rate_D_dagger': -4.92526103401841, 'training_batch_size': 8, 'training_p': 3}. Best is trial 0 with value: 0.45638951659202576.
Time for this trial:  475.9259924888611
Memory status after this trial: 
Memory allocated:  1614.27099609375
Memory cached:  1636.0
--------------------  Trial  3   --------------------
Start timing: 
Parameters: 
{'W_layers': 8, 'W_layer_units_exponent_0': 8, 'W_layer_units_exponent_1': 7, 'W_layer_units_exponent_2': 10, 'W_layer_units_exponent_3': 9, 'W_layer_units_exponent_4': 8, 'W_layer_units_exponent_5': 7, 'W_layer_units_exponent_6': 10, 'W_layer_units_exponent_7': 7, 'D_layers': 6, 'D_layer_units_exponent_0': 5, 'D_layer_units_exponent_1': 7, 'D_layer_units_exponent_2': 6, 'D_layer_units_exponent_3': 10, 'D_layer_units_exponent_4': 9, 'D_layer_units_exponent_5': 9, 'D_dagger_layers': 8, 'D_dagger_layer_units_exponent_0': 7, 'D_dagger_layer_units_exponent_1': 6, 'D_dagger_layer_units_exponent_2': 6, 'D_dagger_layer_units_exponent_3': 4, 'D_dagger_layer_units_exponent_4': 6, 'D_dagger_layer_units_exponent_5': 8, 'D_dagger_layer_units_exponent_6': 5, 'D_dagger_layer_units_exponent_7': 6, 'log_learning_rate': -1.602327527091369, 'log_learning_rate_D': -3.329769033161125, 'log_learning_rate_D_dagger': -3.375094574220948, 'training_batch_size': 8, 'training_p': 6}
	 epoch  0 training error:  tensor(2.3821, device='cuda:0', grad_fn=<DivBackward0>)
Memory status after this epoch: 
Memory allocated:  654.67578125
Memory cached:  708.0
	 epoch  10 training error:  tensor(403.0505, device='cuda:0', grad_fn=<DivBackward0>)
Memory status after this epoch: 
Memory allocated:  654.67578125
Memory cached:  822.0
	 epoch  20 training error:  tensor(0.8205, device='cuda:0', grad_fn=<DivBackward0>)
Memory status after this epoch: 
Memory allocated:  654.67578125
Memory cached:  818.0
	 epoch  30 training error:  tensor(3.2191, device='cuda:0', grad_fn=<DivBackward0>)
Memory status after this epoch: 
Memory allocated:  654.67578125
Memory cached:  822.0
	 epoch  40 training error:  tensor(0.5671, device='cuda:0', grad_fn=<DivBackward0>)
Memory status after this epoch: 
Memory allocated:  654.67578125
Memory cached:  814.0
	 epoch  50 training error:  tensor(0.5246, device='cuda:0', grad_fn=<DivBackward0>)
Memory status after this epoch: 
Memory allocated:  654.67578125
Memory cached:  796.0
	 epoch  60 training error:  tensor(0.5135, device='cuda:0', grad_fn=<DivBackward0>)
Memory status after this epoch: 
Memory allocated:  654.67578125
Memory cached:  814.0
	 epoch  70 training error:  tensor(0.5016, device='cuda:0', grad_fn=<DivBackward0>)
Memory status after this epoch: 
Memory allocated:  654.67578125
Memory cached:  818.0
	 epoch  80 training error:  tensor(0.5001, device='cuda:0', grad_fn=<DivBackward0>)
Memory status after this epoch: 
Memory allocated:  654.67578125
Memory cached:  824.0
	 epoch  90 training error:  tensor(0.5003, device='cuda:0', grad_fn=<DivBackward0>)
Memory status after this epoch: 
Memory allocated:  654.67578125
Memory cached:  824.0
[I 2024-02-16 15:23:03,317] Trial 3 finished with value: 0.3749341666698456 and parameters: {'W_layers': 8, 'W_layer_units_exponent_0': 8, 'W_layer_units_exponent_1': 7, 'W_layer_units_exponent_2': 10, 'W_layer_units_exponent_3': 9, 'W_layer_units_exponent_4': 8, 'W_layer_units_exponent_5': 7, 'W_layer_units_exponent_6': 10, 'W_layer_units_exponent_7': 7, 'D_layers': 6, 'D_layer_units_exponent_0': 5, 'D_layer_units_exponent_1': 7, 'D_layer_units_exponent_2': 6, 'D_layer_units_exponent_3': 10, 'D_layer_units_exponent_4': 9, 'D_layer_units_exponent_5': 9, 'D_dagger_layers': 8, 'D_dagger_layer_units_exponent_0': 7, 'D_dagger_layer_units_exponent_1': 6, 'D_dagger_layer_units_exponent_2': 6, 'D_dagger_layer_units_exponent_3': 4, 'D_dagger_layer_units_exponent_4': 6, 'D_dagger_layer_units_exponent_5': 8, 'D_dagger_layer_units_exponent_6': 5, 'D_dagger_layer_units_exponent_7': 6, 'log_learning_rate': -1.602327527091369, 'log_learning_rate_D': -3.329769033161125, 'log_learning_rate_D_dagger': -3.375094574220948, 'training_batch_size': 8, 'training_p': 6}. Best is trial 3 with value: 0.3749341666698456.
res:  tensor(0.3749, device='cuda:0', grad_fn=<DivBackward0>)
self.bestValue:  tensor(0.4564, device='cuda:0', grad_fn=<DivBackward0>)
Save this model!
Time for this trial:  602.0763356685638
Memory status after this trial: 
Memory allocated:  1360.63134765625
Memory cached:  1772.0
--------------------  Trial  4   --------------------
Start timing: 
Parameters: 
{'W_layers': 8, 'W_layer_units_exponent_0': 4, 'W_layer_units_exponent_1': 4, 'W_layer_units_exponent_2': 9, 'W_layer_units_exponent_3': 7, 'W_layer_units_exponent_4': 9, 'W_layer_units_exponent_5': 6, 'W_layer_units_exponent_6': 10, 'W_layer_units_exponent_7': 10, 'D_layers': 7, 'D_layer_units_exponent_0': 4, 'D_layer_units_exponent_1': 5, 'D_layer_units_exponent_2': 7, 'D_layer_units_exponent_3': 8, 'D_layer_units_exponent_4': 8, 'D_layer_units_exponent_5': 4, 'D_layer_units_exponent_6': 4, 'D_dagger_layers': 3, 'D_dagger_layer_units_exponent_0': 7, 'D_dagger_layer_units_exponent_1': 6, 'D_dagger_layer_units_exponent_2': 4, 'log_learning_rate': -3.948015991381624, 'log_learning_rate_D': -1.9706145401200037, 'log_learning_rate_D_dagger': -4.8303255089323045, 'training_batch_size': 6, 'training_p': 7}
	 epoch  0 training error:  tensor(0.8774, device='cuda:0', grad_fn=<DivBackward0>)
Memory status after this epoch: 
Memory allocated:  1382.2685546875
Memory cached:  1798.0
	 epoch  10 training error:  tensor(0.5534, device='cuda:0', grad_fn=<DivBackward0>)
Memory status after this epoch: 
Memory allocated:  1382.2685546875
Memory cached:  1810.0
	 epoch  20 training error:  tensor(0.5455, device='cuda:0', grad_fn=<DivBackward0>)
Memory status after this epoch: 
Memory allocated:  1382.2685546875
Memory cached:  1804.0
	 epoch  30 training error:  tensor(0.5427, device='cuda:0', grad_fn=<DivBackward0>)
Memory status after this epoch: 
Memory allocated:  1382.2685546875
Memory cached:  1806.0
	 epoch  40 training error:  tensor(0.5392, device='cuda:0', grad_fn=<DivBackward0>)
Memory status after this epoch: 
Memory allocated:  1382.2685546875
Memory cached:  1808.0
	 epoch  50 training error:  tensor(0.5422, device='cuda:0', grad_fn=<DivBackward0>)
Memory status after this epoch: 
Memory allocated:  1382.2685546875
Memory cached:  1806.0
	 epoch  60 training error:  tensor(0.5375, device='cuda:0', grad_fn=<DivBackward0>)
Memory status after this epoch: 
Memory allocated:  1382.2685546875
Memory cached:  1804.0
	 epoch  70 training error:  tensor(0.5331, device='cuda:0', grad_fn=<DivBackward0>)
Memory status after this epoch: 
Memory allocated:  1382.2685546875
Memory cached:  1806.0
	 epoch  80 training error:  tensor(0.5321, device='cuda:0', grad_fn=<DivBackward0>)
Memory status after this epoch: 
Memory allocated:  1382.2685546875
Memory cached:  1806.0
	 epoch  90 training error:  tensor(0.5328, device='cuda:0', grad_fn=<DivBackward0>)
Memory status after this epoch: 
Memory allocated:  1382.2685546875
Memory cached:  1810.0
[I 2024-02-16 15:39:11,492] Trial 4 finished with value: 0.41445523500442505 and parameters: {'W_layers': 8, 'W_layer_units_exponent_0': 4, 'W_layer_units_exponent_1': 4, 'W_layer_units_exponent_2': 9, 'W_layer_units_exponent_3': 7, 'W_layer_units_exponent_4': 9, 'W_layer_units_exponent_5': 6, 'W_layer_units_exponent_6': 10, 'W_layer_units_exponent_7': 10, 'D_layers': 7, 'D_layer_units_exponent_0': 4, 'D_layer_units_exponent_1': 5, 'D_layer_units_exponent_2': 7, 'D_layer_units_exponent_3': 8, 'D_layer_units_exponent_4': 8, 'D_layer_units_exponent_5': 4, 'D_layer_units_exponent_6': 4, 'D_dagger_layers': 3, 'D_dagger_layer_units_exponent_0': 7, 'D_dagger_layer_units_exponent_1': 6, 'D_dagger_layer_units_exponent_2': 4, 'log_learning_rate': -3.948015991381624, 'log_learning_rate_D': -1.9706145401200037, 'log_learning_rate_D_dagger': -4.8303255089323045, 'training_batch_size': 6, 'training_p': 7}. Best is trial 3 with value: 0.3749341666698456.
Time for this trial:  967.7551832199097
Memory status after this trial: 
Memory allocated:  2240.53564453125
Memory cached:  2252.0
--------------------  Trial  5   --------------------
Start timing: 
Parameters: 
{'W_layers': 5, 'W_layer_units_exponent_0': 7, 'W_layer_units_exponent_1': 10, 'W_layer_units_exponent_2': 6, 'W_layer_units_exponent_3': 9, 'W_layer_units_exponent_4': 10, 'D_layers': 7, 'D_layer_units_exponent_0': 4, 'D_layer_units_exponent_1': 6, 'D_layer_units_exponent_2': 8, 'D_layer_units_exponent_3': 8, 'D_layer_units_exponent_4': 7, 'D_layer_units_exponent_5': 5, 'D_layer_units_exponent_6': 4, 'D_dagger_layers': 6, 'D_dagger_layer_units_exponent_0': 10, 'D_dagger_layer_units_exponent_1': 6, 'D_dagger_layer_units_exponent_2': 6, 'D_dagger_layer_units_exponent_3': 9, 'D_dagger_layer_units_exponent_4': 6, 'D_dagger_layer_units_exponent_5': 9, 'log_learning_rate': -1.6142068988953593, 'log_learning_rate_D': -2.311773094725565, 'log_learning_rate_D_dagger': -2.8123115224712234, 'training_batch_size': 9, 'training_p': 2}
	 epoch  0 training error:  tensor(1.0051, device='cuda:0', grad_fn=<DivBackward0>)
Memory status after this epoch: 
Memory allocated:  1376.8115234375
Memory cached:  1776.0
	 epoch  10 training error:  tensor(127.6028, device='cuda:0', grad_fn=<DivBackward0>)
Memory status after this epoch: 
Memory allocated:  1376.8115234375
Memory cached:  1780.0
	 epoch  20 training error:  tensor(198.8079, device='cuda:0', grad_fn=<DivBackward0>)
Memory status after this epoch: 
Memory allocated:  1376.8115234375
Memory cached:  1780.0
	 epoch  30 training error:  tensor(23.9313, device='cuda:0', grad_fn=<DivBackward0>)
Memory status after this epoch: 
Memory allocated:  1376.8115234375
Memory cached:  1780.0
	 epoch  40 training error:  tensor(5.1586, device='cuda:0', grad_fn=<DivBackward0>)
Memory status after this epoch: 
Memory allocated:  1376.8115234375
Memory cached:  1780.0
	 epoch  50 training error:  tensor(3.8059, device='cuda:0', grad_fn=<DivBackward0>)
Memory status after this epoch: 
Memory allocated:  1376.8115234375
Memory cached:  1780.0
	 epoch  60 training error:  tensor(1.0275, device='cuda:0', grad_fn=<DivBackward0>)
Memory status after this epoch: 
Memory allocated:  1376.8115234375
Memory cached:  1780.0
	 epoch  70 training error:  tensor(1.0292, device='cuda:0', grad_fn=<DivBackward0>)
Memory status after this epoch: 
Memory allocated:  1376.8115234375
Memory cached:  1780.0
	 epoch  80 training error:  tensor(1.8341, device='cuda:0', grad_fn=<DivBackward0>)
Memory status after this epoch: 
Memory allocated:  1376.8115234375
Memory cached:  1780.0
	 epoch  90 training error:  tensor(0.8840, device='cuda:0', grad_fn=<DivBackward0>)
Memory status after this epoch: 
Memory allocated:  1376.8115234375
Memory cached:  1780.0
