[I 2024-01-14 00:14:02,351] Trial 78 finished with value: 0.0971687063574791 and parameters: {'W_layers': 7, 'W_layer_units_exponent_0': 6, 'W_layer_units_exponent_1': 4, 'W_layer_units_exponent_2': 8, 'W_layer_units_exponent_3': 7, 'W_layer_units_exponent_4': 7, 'W_layer_units_exponent_5': 10, 'W_layer_units_exponent_6': 5, 'D_layers': 3, 'D_layer_units_exponent_0': 10, 'D_layer_units_exponent_1': 4, 'D_layer_units_exponent_2': 9, 'D_dagger_layers': 3, 'D_dagger_layer_units_exponent_0': 5, 'D_dagger_layer_units_exponent_1': 8, 'D_dagger_layer_units_exponent_2': 6, 'log_learning_rate': -1.9273077436307995, 'log_learning_rate_D': -4.380001430347581, 'log_learning_rate_D_dagger': -3.619193617897813, 'training_batch_size': 9, 'training_p': 2}. Best is trial 33 with value: 0.08818560093641281.
Time for this trial:  46.68937373161316
Memory status after this trial: 
Memory allocated:  478.98193359375
Memory cached:  486.0
--------------------  Trial  79   --------------------
Start timing: 
Parameters: 
{'W_layers': 3, 'W_layer_units_exponent_0': 5, 'W_layer_units_exponent_1': 4, 'W_layer_units_exponent_2': 9, 'D_layers': 5, 'D_layer_units_exponent_0': 10, 'D_layer_units_exponent_1': 4, 'D_layer_units_exponent_2': 7, 'D_layer_units_exponent_3': 10, 'D_layer_units_exponent_4': 9, 'D_dagger_layers': 5, 'D_dagger_layer_units_exponent_0': 9, 'D_dagger_layer_units_exponent_1': 10, 'D_dagger_layer_units_exponent_2': 6, 'D_dagger_layer_units_exponent_3': 7, 'D_dagger_layer_units_exponent_4': 9, 'log_learning_rate': -1.7620924922099492, 'log_learning_rate_D': -3.710247868979657, 'log_learning_rate_D_dagger': -2.958462725870741, 'training_batch_size': 12, 'training_p': 3}
	 epoch  0 training error:  tensor(1.1905, device='cuda:0', grad_fn=<DivBackward0>)
Memory status after this epoch: 
Memory allocated:  271.28271484375
Memory cached:  398.0
	 epoch  10 training error:  tensor(0.4733, device='cuda:0', grad_fn=<DivBackward0>)
Memory status after this epoch: 
Memory allocated:  271.28271484375
Memory cached:  398.0
	 epoch  20 training error:  tensor(0.2177, device='cuda:0', grad_fn=<DivBackward0>)
Memory status after this epoch: 
Memory allocated:  271.28271484375
Memory cached:  398.0
	 epoch  30 training error:  tensor(0.1345, device='cuda:0', grad_fn=<DivBackward0>)
Memory status after this epoch: 
Memory allocated:  271.28271484375
Memory cached:  398.0
	 epoch  40 training error:  tensor(0.1139, device='cuda:0', grad_fn=<DivBackward0>)
Memory status after this epoch: 
Memory allocated:  271.28271484375
Memory cached:  398.0
	 epoch  50 training error:  tensor(0.1034, device='cuda:0', grad_fn=<DivBackward0>)
Memory status after this epoch: 
Memory allocated:  271.28271484375
Memory cached:  398.0
	 epoch  60 training error:  tensor(0.1034, device='cuda:0', grad_fn=<DivBackward0>)
Memory status after this epoch: 
Memory allocated:  271.28271484375
Memory cached:  398.0
	 epoch  70 training error:  tensor(0.1021, device='cuda:0', grad_fn=<DivBackward0>)
Memory status after this epoch: 
Memory allocated:  271.28271484375
Memory cached:  398.0
	 epoch  80 training error:  tensor(0.1075, device='cuda:0', grad_fn=<DivBackward0>)
Memory status after this epoch: 
Memory allocated:  271.28271484375
Memory cached:  398.0
	 epoch  90 training error:  tensor(0.1047, device='cuda:0', grad_fn=<DivBackward0>)
Memory status after this epoch: 
Memory allocated:  271.28271484375
Memory cached:  398.0
[I 2024-01-14 00:14:42,447] Trial 79 finished with value: 0.09052743762731552 and parameters: {'W_layers': 3, 'W_layer_units_exponent_0': 5, 'W_layer_units_exponent_1': 4, 'W_layer_units_exponent_2': 9, 'D_layers': 5, 'D_layer_units_exponent_0': 10, 'D_layer_units_exponent_1': 4, 'D_layer_units_exponent_2': 7, 'D_layer_units_exponent_3': 10, 'D_layer_units_exponent_4': 9, 'D_dagger_layers': 5, 'D_dagger_layer_units_exponent_0': 9, 'D_dagger_layer_units_exponent_1': 10, 'D_dagger_layer_units_exponent_2': 6, 'D_dagger_layer_units_exponent_3': 7, 'D_dagger_layer_units_exponent_4': 9, 'log_learning_rate': -1.7620924922099492, 'log_learning_rate_D': -3.710247868979657, 'log_learning_rate_D_dagger': -2.958462725870741, 'training_batch_size': 12, 'training_p': 3}. Best is trial 33 with value: 0.08818560093641281.
Time for this trial:  39.762919902801514
Memory status after this trial: 
Memory allocated:  552.01513671875
Memory cached:  634.0
--------------------  Trial  80   --------------------
Start timing: 
Parameters: 
{'W_layers': 5, 'W_layer_units_exponent_0': 9, 'W_layer_units_exponent_1': 5, 'W_layer_units_exponent_2': 7, 'W_layer_units_exponent_3': 10, 'W_layer_units_exponent_4': 8, 'D_layers': 2, 'D_layer_units_exponent_0': 9, 'D_layer_units_exponent_1': 5, 'D_dagger_layers': 4, 'D_dagger_layer_units_exponent_0': 10, 'D_dagger_layer_units_exponent_1': 9, 'D_dagger_layer_units_exponent_2': 7, 'D_dagger_layer_units_exponent_3': 5, 'log_learning_rate': -1.4732118827484506, 'log_learning_rate_D': -3.917300830472224, 'log_learning_rate_D_dagger': -3.1491341593423456, 'training_batch_size': 8, 'training_p': 3}
	 epoch  0 training error:  tensor(1.0375, device='cuda:0', grad_fn=<DivBackward0>)
Memory status after this epoch: 
Memory allocated:  274.31982421875
Memory cached:  382.0
	 epoch  10 training error:  tensor(53.8325, device='cuda:0', grad_fn=<DivBackward0>)
Memory status after this epoch: 
Memory allocated:  274.31982421875
Memory cached:  382.0
	 epoch  20 training error:  tensor(22.3867, device='cuda:0', grad_fn=<DivBackward0>)
Memory status after this epoch: 
Memory allocated:  274.31982421875
Memory cached:  382.0
	 epoch  30 training error:  tensor(5.1489, device='cuda:0', grad_fn=<DivBackward0>)
Memory status after this epoch: 
Memory allocated:  274.31982421875
Memory cached:  382.0
	 epoch  40 training error:  tensor(1.6371, device='cuda:0', grad_fn=<DivBackward0>)
Memory status after this epoch: 
Memory allocated:  274.31982421875
Memory cached:  382.0
	 epoch  50 training error:  tensor(9.7784, device='cuda:0', grad_fn=<DivBackward0>)
Memory status after this epoch: 
Memory allocated:  274.31982421875
Memory cached:  382.0
	 epoch  60 training error:  tensor(3.2506, device='cuda:0', grad_fn=<DivBackward0>)
Memory status after this epoch: 
Memory allocated:  274.31982421875
Memory cached:  382.0
	 epoch  70 training error:  tensor(0.2410, device='cuda:0', grad_fn=<DivBackward0>)
Memory status after this epoch: 
Memory allocated:  274.31982421875
Memory cached:  382.0
	 epoch  80 training error:  tensor(0.2670, device='cuda:0', grad_fn=<DivBackward0>)
Memory status after this epoch: 
Memory allocated:  274.31982421875
Memory cached:  382.0
	 epoch  90 training error:  tensor(0.2044, device='cuda:0', grad_fn=<DivBackward0>)
Memory status after this epoch: 
Memory allocated:  274.31982421875
Memory cached:  382.0
[I 2024-01-14 00:15:07,105] Trial 80 finished with value: 0.12777547538280487 and parameters: {'W_layers': 5, 'W_layer_units_exponent_0': 9, 'W_layer_units_exponent_1': 5, 'W_layer_units_exponent_2': 7, 'W_layer_units_exponent_3': 10, 'W_layer_units_exponent_4': 8, 'D_layers': 2, 'D_layer_units_exponent_0': 9, 'D_layer_units_exponent_1': 5, 'D_dagger_layers': 4, 'D_dagger_layer_units_exponent_0': 10, 'D_dagger_layer_units_exponent_1': 9, 'D_dagger_layer_units_exponent_2': 7, 'D_dagger_layer_units_exponent_3': 5, 'log_learning_rate': -1.4732118827484506, 'log_learning_rate_D': -3.917300830472224, 'log_learning_rate_D_dagger': -3.1491341593423456, 'training_batch_size': 8, 'training_p': 3}. Best is trial 33 with value: 0.08818560093641281.
Time for this trial:  24.35365319252014
Memory status after this trial: 
Memory allocated:  661.54443359375
Memory cached:  694.0
--------------------  Trial  81   --------------------
Start timing: 
Parameters: 
{'W_layers': 3, 'W_layer_units_exponent_0': 4, 'W_layer_units_exponent_1': 4, 'W_layer_units_exponent_2': 9, 'D_layers': 2, 'D_layer_units_exponent_0': 9, 'D_layer_units_exponent_1': 6, 'D_dagger_layers': 4, 'D_dagger_layer_units_exponent_0': 9, 'D_dagger_layer_units_exponent_1': 8, 'D_dagger_layer_units_exponent_2': 5, 'D_dagger_layer_units_exponent_3': 4, 'log_learning_rate': -1.580092295465812, 'log_learning_rate_D': -3.4420069391473764, 'log_learning_rate_D_dagger': -3.410045119155216, 'training_batch_size': 9, 'training_p': 2}
	 epoch  0 training error:  tensor(0.9727, device='cuda:0', grad_fn=<DivBackward0>)
Memory status after this epoch: 
Memory allocated:  260.43115234375
Memory cached:  384.0
	 epoch  10 training error:  tensor(0.4502, device='cuda:0', grad_fn=<DivBackward0>)
Memory status after this epoch: 
Memory allocated:  260.43115234375
Memory cached:  384.0
	 epoch  20 training error:  tensor(0.1738, device='cuda:0', grad_fn=<DivBackward0>)
Memory status after this epoch: 
Memory allocated:  260.43115234375
Memory cached:  384.0
	 epoch  30 training error:  tensor(0.1270, device='cuda:0', grad_fn=<DivBackward0>)
Memory status after this epoch: 
Memory allocated:  260.43115234375
Memory cached:  384.0
	 epoch  40 training error:  tensor(0.1026, device='cuda:0', grad_fn=<DivBackward0>)
Memory status after this epoch: 
Memory allocated:  260.43115234375
Memory cached:  384.0
	 epoch  50 training error:  tensor(0.0912, device='cuda:0', grad_fn=<DivBackward0>)
Memory status after this epoch: 
Memory allocated:  260.43115234375
Memory cached:  384.0
	 epoch  60 training error:  tensor(0.0877, device='cuda:0', grad_fn=<DivBackward0>)
Memory status after this epoch: 
Memory allocated:  260.43115234375
Memory cached:  384.0
	 epoch  70 training error:  tensor(0.0845, device='cuda:0', grad_fn=<DivBackward0>)
Memory status after this epoch: 
Memory allocated:  260.43115234375
Memory cached:  384.0
	 epoch  80 training error:  tensor(0.0837, device='cuda:0', grad_fn=<DivBackward0>)
Memory status after this epoch: 
Memory allocated:  260.43115234375
Memory cached:  384.0
	 epoch  90 training error:  tensor(0.0833, device='cuda:0', grad_fn=<DivBackward0>)
Memory status after this epoch: 
Memory allocated:  260.43115234375
Memory cached:  384.0
[I 2024-01-14 00:15:45,003] Trial 81 finished with value: 0.08840572088956833 and parameters: {'W_layers': 3, 'W_layer_units_exponent_0': 4, 'W_layer_units_exponent_1': 4, 'W_layer_units_exponent_2': 9, 'D_layers': 2, 'D_layer_units_exponent_0': 9, 'D_layer_units_exponent_1': 6, 'D_dagger_layers': 4, 'D_dagger_layer_units_exponent_0': 9, 'D_dagger_layer_units_exponent_1': 8, 'D_dagger_layer_units_exponent_2': 5, 'D_dagger_layer_units_exponent_3': 4, 'log_learning_rate': -1.580092295465812, 'log_learning_rate_D': -3.4420069391473764, 'log_learning_rate_D_dagger': -3.410045119155216, 'training_batch_size': 9, 'training_p': 2}. Best is trial 33 with value: 0.08818560093641281.
Time for this trial:  37.61846566200256
Memory status after this trial: 
Memory allocated:  399.93603515625
Memory cached:  440.0
--------------------  Trial  82   --------------------
Start timing: 
Parameters: 
{'W_layers': 4, 'W_layer_units_exponent_0': 4, 'W_layer_units_exponent_1': 4, 'W_layer_units_exponent_2': 9, 'W_layer_units_exponent_3': 9, 'D_layers': 2, 'D_layer_units_exponent_0': 9, 'D_layer_units_exponent_1': 6, 'D_dagger_layers': 4, 'D_dagger_layer_units_exponent_0': 9, 'D_dagger_layer_units_exponent_1': 8, 'D_dagger_layer_units_exponent_2': 5, 'D_dagger_layer_units_exponent_3': 4, 'log_learning_rate': -1.61727681397076, 'log_learning_rate_D': -3.266556756568071, 'log_learning_rate_D_dagger': -3.49284150616041, 'training_batch_size': 9, 'training_p': 2}
	 epoch  0 training error:  tensor(1.1091, device='cuda:0', grad_fn=<DivBackward0>)
Memory status after this epoch: 
Memory allocated:  264.43896484375
Memory cached:  384.0
	 epoch  10 training error:  tensor(1.2325, device='cuda:0', grad_fn=<DivBackward0>)
Memory status after this epoch: 
Memory allocated:  264.43896484375
Memory cached:  384.0
	 epoch  20 training error:  tensor(0.4170, device='cuda:0', grad_fn=<DivBackward0>)
Memory status after this epoch: 
Memory allocated:  264.43896484375
Memory cached:  384.0
	 epoch  30 training error:  tensor(0.2595, device='cuda:0', grad_fn=<DivBackward0>)
Memory status after this epoch: 
Memory allocated:  264.43896484375
Memory cached:  384.0
	 epoch  40 training error:  tensor(0.1235, device='cuda:0', grad_fn=<DivBackward0>)
Memory status after this epoch: 
Memory allocated:  264.43896484375
Memory cached:  384.0
	 epoch  50 training error:  tensor(0.1125, device='cuda:0', grad_fn=<DivBackward0>)
Memory status after this epoch: 
Memory allocated:  264.43896484375
Memory cached:  384.0
	 epoch  60 training error:  tensor(0.0919, device='cuda:0', grad_fn=<DivBackward0>)
Memory status after this epoch: 
Memory allocated:  264.43896484375
Memory cached:  384.0
	 epoch  70 training error:  tensor(0.0876, device='cuda:0', grad_fn=<DivBackward0>)
Memory status after this epoch: 
Memory allocated:  264.43896484375
Memory cached:  384.0
	 epoch  80 training error:  tensor(0.0846, device='cuda:0', grad_fn=<DivBackward0>)
Memory status after this epoch: 
Memory allocated:  264.43896484375
Memory cached:  384.0
	 epoch  90 training error:  tensor(0.0837, device='cuda:0', grad_fn=<DivBackward0>)
Memory status after this epoch: 
Memory allocated:  264.43896484375
Memory cached:  384.0
[I 2024-01-14 00:16:12,693] Trial 82 finished with value: 0.08858925104141235 and parameters: {'W_layers': 4, 'W_layer_units_exponent_0': 4, 'W_layer_units_exponent_1': 4, 'W_layer_units_exponent_2': 9, 'W_layer_units_exponent_3': 9, 'D_layers': 2, 'D_layer_units_exponent_0': 9, 'D_layer_units_exponent_1': 6, 'D_dagger_layers': 4, 'D_dagger_layer_units_exponent_0': 9, 'D_dagger_layer_units_exponent_1': 8, 'D_dagger_layer_units_exponent_2': 5, 'D_dagger_layer_units_exponent_3': 4, 'log_learning_rate': -1.61727681397076, 'log_learning_rate_D': -3.266556756568071, 'log_learning_rate_D_dagger': -3.49284150616041, 'training_batch_size': 9, 'training_p': 2}. Best is trial 33 with value: 0.08818560093641281.
Time for this trial:  27.379897832870483
Memory status after this trial: 
Memory allocated:  457.47119140625
Memory cached:  516.0
--------------------  Trial  83   --------------------
Start timing: 
Parameters: 
{'W_layers': 3, 'W_layer_units_exponent_0': 4, 'W_layer_units_exponent_1': 4, 'W_layer_units_exponent_2': 9, 'D_layers': 2, 'D_layer_units_exponent_0': 8, 'D_layer_units_exponent_1': 7, 'D_dagger_layers': 3, 'D_dagger_layer_units_exponent_0': 9, 'D_dagger_layer_units_exponent_1': 8, 'D_dagger_layer_units_exponent_2': 6, 'log_learning_rate': -1.3417173837120278, 'log_learning_rate_D': -3.4623962785733493, 'log_learning_rate_D_dagger': -3.058036573791699, 'training_batch_size': 9, 'training_p': 2}
	 epoch  0 training error:  tensor(0.6794, device='cuda:0', grad_fn=<DivBackward0>)
Memory status after this epoch: 
Memory allocated:  260.54541015625
Memory cached:  382.0
	 epoch  10 training error:  tensor(0.5970, device='cuda:0', grad_fn=<DivBackward0>)
Memory status after this epoch: 
Memory allocated:  260.54541015625
Memory cached:  382.0
	 epoch  20 training error:  tensor(0.2211, device='cuda:0', grad_fn=<DivBackward0>)
Memory status after this epoch: 
Memory allocated:  260.54541015625
Memory cached:  382.0
	 epoch  30 training error:  tensor(0.1332, device='cuda:0', grad_fn=<DivBackward0>)
Memory status after this epoch: 
Memory allocated:  260.54541015625
Memory cached:  382.0
	 epoch  40 training error:  tensor(0.1160, device='cuda:0', grad_fn=<DivBackward0>)
Memory status after this epoch: 
Memory allocated:  260.54541015625
Memory cached:  382.0
	 epoch  50 training error:  tensor(0.0968, device='cuda:0', grad_fn=<DivBackward0>)
Memory status after this epoch: 
Memory allocated:  260.54541015625
Memory cached:  382.0
	 epoch  60 training error:  tensor(0.0883, device='cuda:0', grad_fn=<DivBackward0>)
Memory status after this epoch: 
Memory allocated:  260.54541015625
Memory cached:  382.0
	 epoch  70 training error:  tensor(0.0868, device='cuda:0', grad_fn=<DivBackward0>)
Memory status after this epoch: 
Memory allocated:  260.54541015625
Memory cached:  382.0
	 epoch  80 training error:  tensor(0.0844, device='cuda:0', grad_fn=<DivBackward0>)
Memory status after this epoch: 
Memory allocated:  260.54541015625
Memory cached:  382.0
	 epoch  90 training error:  tensor(0.0834, device='cuda:0', grad_fn=<DivBackward0>)
Memory status after this epoch: 
Memory allocated:  260.54541015625
Memory cached:  382.0
[I 2024-01-14 00:16:32,422] Trial 83 finished with value: 0.08841457217931747 and parameters: {'W_layers': 3, 'W_layer_units_exponent_0': 4, 'W_layer_units_exponent_1': 4, 'W_layer_units_exponent_2': 9, 'D_layers': 2, 'D_layer_units_exponent_0': 8, 'D_layer_units_exponent_1': 7, 'D_dagger_layers': 3, 'D_dagger_layer_units_exponent_0': 9, 'D_dagger_layer_units_exponent_1': 8, 'D_dagger_layer_units_exponent_2': 6, 'log_learning_rate': -1.3417173837120278, 'log_learning_rate_D': -3.4623962785733493, 'log_learning_rate_D_dagger': -3.058036573791699, 'training_batch_size': 9, 'training_p': 2}. Best is trial 33 with value: 0.08818560093641281.
Time for this trial:  19.399301290512085
Memory status after this trial: 
Memory allocated:  400.97021484375
Memory cached:  438.0
--------------------  Trial  84   --------------------
Start timing: 
Parameters: 
{'W_layers': 3, 'W_layer_units_exponent_0': 10, 'W_layer_units_exponent_1': 4, 'W_layer_units_exponent_2': 9, 'D_layers': 2, 'D_layer_units_exponent_0': 8, 'D_layer_units_exponent_1': 7, 'D_dagger_layers': 3, 'D_dagger_layer_units_exponent_0': 10, 'D_dagger_layer_units_exponent_1': 7, 'D_dagger_layer_units_exponent_2': 8, 'log_learning_rate': -1.2151060208826072, 'log_learning_rate_D': -3.368533646294094, 'log_learning_rate_D_dagger': -3.064255086463935, 'training_batch_size': 10, 'training_p': 2}
	 epoch  0 training error:  tensor(0.9161, device='cuda:0', grad_fn=<DivBackward0>)
Memory status after this epoch: 
Memory allocated:  261.08642578125
Memory cached:  382.0
	 epoch  10 training error:  tensor(87.0743, device='cuda:0', grad_fn=<DivBackward0>)
Memory status after this epoch: 
Memory allocated:  261.08642578125
Memory cached:  382.0
	 epoch  20 training error:  tensor(57.9849, device='cuda:0', grad_fn=<DivBackward0>)
Memory status after this epoch: 
Memory allocated:  261.08642578125
Memory cached:  382.0
	 epoch  30 training error:  tensor(5.3976, device='cuda:0', grad_fn=<DivBackward0>)
Memory status after this epoch: 
Memory allocated:  261.08642578125
Memory cached:  382.0
	 epoch  40 training error:  tensor(15.5916, device='cuda:0', grad_fn=<DivBackward0>)
Memory status after this epoch: 
Memory allocated:  261.08642578125
Memory cached:  382.0
	 epoch  50 training error:  tensor(4.7958, device='cuda:0', grad_fn=<DivBackward0>)
Memory status after this epoch: 
Memory allocated:  261.08642578125
Memory cached:  382.0
	 epoch  60 training error:  tensor(1.4784, device='cuda:0', grad_fn=<DivBackward0>)
Memory status after this epoch: 
Memory allocated:  261.08642578125
Memory cached:  382.0
	 epoch  70 training error:  tensor(0.5987, device='cuda:0', grad_fn=<DivBackward0>)
Memory status after this epoch: 
Memory allocated:  261.08642578125
Memory cached:  382.0
	 epoch  80 training error:  tensor(0.1269, device='cuda:0', grad_fn=<DivBackward0>)
Memory status after this epoch: 
Memory allocated:  261.08642578125
Memory cached:  382.0
	 epoch  90 training error:  tensor(0.2299, device='cuda:0', grad_fn=<DivBackward0>)
Memory status after this epoch: 
Memory allocated:  261.08642578125
Memory cached:  382.0
