[I 2023-12-20 18:44:47,531] Trial 92 finished with value: 0.3288879096508026 and parameters: {'W_layers': 5, 'W_layer_units_exponent_0': 6, 'W_layer_units_exponent_1': 7, 'W_layer_units_exponent_2': 6, 'W_layer_units_exponent_3': 8, 'W_layer_units_exponent_4': 6, 'D_layers': 8, 'D_layer_units_exponent_0': 5, 'D_layer_units_exponent_1': 9, 'D_layer_units_exponent_2': 8, 'D_layer_units_exponent_3': 8, 'D_layer_units_exponent_4': 4, 'D_layer_units_exponent_5': 10, 'D_layer_units_exponent_6': 5, 'D_layer_units_exponent_7': 5, 'D_dagger_layers': 4, 'D_dagger_layer_units_exponent_0': 7, 'D_dagger_layer_units_exponent_1': 8, 'D_dagger_layer_units_exponent_2': 9, 'D_dagger_layer_units_exponent_3': 5, 'log_learning_rate': -3.2185140533405225, 'log_learning_rate_D': -3.917609415300241, 'log_learning_rate_D_dagger': -3.392908673548261, 'training_batch_size': 9, 'training_p': 2}. Best is trial 82 with value: 0.32658275961875916.
Time for this trial:  19.61876893043518
Memory status after this trial: 
Memory allocated:  212.08642578125
Memory cached:  234.0
--------------------  Trial  93   --------------------
Start timing: 
Parameters: 
{'W_layers': 5, 'W_layer_units_exponent_0': 7, 'W_layer_units_exponent_1': 7, 'W_layer_units_exponent_2': 6, 'W_layer_units_exponent_3': 8, 'W_layer_units_exponent_4': 5, 'D_layers': 8, 'D_layer_units_exponent_0': 4, 'D_layer_units_exponent_1': 10, 'D_layer_units_exponent_2': 8, 'D_layer_units_exponent_3': 8, 'D_layer_units_exponent_4': 4, 'D_layer_units_exponent_5': 10, 'D_layer_units_exponent_6': 4, 'D_layer_units_exponent_7': 4, 'D_dagger_layers': 4, 'D_dagger_layer_units_exponent_0': 7, 'D_dagger_layer_units_exponent_1': 8, 'D_dagger_layer_units_exponent_2': 8, 'D_dagger_layer_units_exponent_3': 5, 'log_learning_rate': -3.3771280534046983, 'log_learning_rate_D': -4.096461360812637, 'log_learning_rate_D_dagger': -3.452857921180883, 'training_batch_size': 9, 'training_p': 2}
	 epoch  0 training error:  tensor(0.9553, device='cuda:0', grad_fn=<DivBackward0>)
Memory status after this epoch: 
Memory allocated:  133.18603515625
Memory cached:  220.0
	 epoch  10 training error:  tensor(0.3099, device='cuda:0', grad_fn=<DivBackward0>)
Memory status after this epoch: 
Memory allocated:  133.18603515625
Memory cached:  220.0
	 epoch  20 training error:  tensor(0.3255, device='cuda:0', grad_fn=<DivBackward0>)
Memory status after this epoch: 
Memory allocated:  133.18603515625
Memory cached:  218.0
	 epoch  30 training error:  tensor(0.2925, device='cuda:0', grad_fn=<DivBackward0>)
Memory status after this epoch: 
Memory allocated:  133.18603515625
Memory cached:  220.0
	 epoch  40 training error:  tensor(0.2907, device='cuda:0', grad_fn=<DivBackward0>)
Memory status after this epoch: 
Memory allocated:  133.18603515625
Memory cached:  220.0
	 epoch  50 training error:  tensor(0.2925, device='cuda:0', grad_fn=<DivBackward0>)
Memory status after this epoch: 
Memory allocated:  133.18603515625
Memory cached:  218.0
	 epoch  60 training error:  tensor(0.2859, device='cuda:0', grad_fn=<DivBackward0>)
Memory status after this epoch: 
Memory allocated:  133.18603515625
Memory cached:  220.0
	 epoch  70 training error:  tensor(0.2864, device='cuda:0', grad_fn=<DivBackward0>)
Memory status after this epoch: 
Memory allocated:  133.18603515625
Memory cached:  220.0
	 epoch  80 training error:  tensor(0.2875, device='cuda:0', grad_fn=<DivBackward0>)
Memory status after this epoch: 
Memory allocated:  133.18603515625
Memory cached:  218.0
	 epoch  90 training error:  tensor(0.2867, device='cuda:0', grad_fn=<DivBackward0>)
Memory status after this epoch: 
Memory allocated:  133.18603515625
Memory cached:  220.0
[I 2023-12-20 18:45:07,445] Trial 93 finished with value: 0.32871803641319275 and parameters: {'W_layers': 5, 'W_layer_units_exponent_0': 7, 'W_layer_units_exponent_1': 7, 'W_layer_units_exponent_2': 6, 'W_layer_units_exponent_3': 8, 'W_layer_units_exponent_4': 5, 'D_layers': 8, 'D_layer_units_exponent_0': 4, 'D_layer_units_exponent_1': 10, 'D_layer_units_exponent_2': 8, 'D_layer_units_exponent_3': 8, 'D_layer_units_exponent_4': 4, 'D_layer_units_exponent_5': 10, 'D_layer_units_exponent_6': 4, 'D_layer_units_exponent_7': 4, 'D_dagger_layers': 4, 'D_dagger_layer_units_exponent_0': 7, 'D_dagger_layer_units_exponent_1': 8, 'D_dagger_layer_units_exponent_2': 8, 'D_dagger_layer_units_exponent_3': 5, 'log_learning_rate': -3.3771280534046983, 'log_learning_rate_D': -4.096461360812637, 'log_learning_rate_D_dagger': -3.452857921180883, 'training_batch_size': 9, 'training_p': 2}. Best is trial 82 with value: 0.32658275961875916.
Time for this trial:  19.426515817642212
Memory status after this trial: 
Memory allocated:  199.80322265625
Memory cached:  234.0
--------------------  Trial  94   --------------------
Start timing: 
Parameters: 
{'W_layers': 5, 'W_layer_units_exponent_0': 7, 'W_layer_units_exponent_1': 7, 'W_layer_units_exponent_2': 6, 'W_layer_units_exponent_3': 7, 'W_layer_units_exponent_4': 6, 'D_layers': 8, 'D_layer_units_exponent_0': 6, 'D_layer_units_exponent_1': 9, 'D_layer_units_exponent_2': 8, 'D_layer_units_exponent_3': 8, 'D_layer_units_exponent_4': 4, 'D_layer_units_exponent_5': 9, 'D_layer_units_exponent_6': 6, 'D_layer_units_exponent_7': 5, 'D_dagger_layers': 4, 'D_dagger_layer_units_exponent_0': 6, 'D_dagger_layer_units_exponent_1': 8, 'D_dagger_layer_units_exponent_2': 9, 'D_dagger_layer_units_exponent_3': 6, 'log_learning_rate': -3.4503260946956886, 'log_learning_rate_D': -4.008970673321256, 'log_learning_rate_D_dagger': -3.546406398040514, 'training_batch_size': 9, 'training_p': 2}
	 epoch  0 training error:  tensor(1.0290, device='cuda:0', grad_fn=<DivBackward0>)
Memory status after this epoch: 
Memory allocated:  133.78466796875
Memory cached:  216.0
	 epoch  10 training error:  tensor(0.3630, device='cuda:0', grad_fn=<DivBackward0>)
Memory status after this epoch: 
Memory allocated:  133.78466796875
Memory cached:  216.0
	 epoch  20 training error:  tensor(0.3142, device='cuda:0', grad_fn=<DivBackward0>)
Memory status after this epoch: 
Memory allocated:  133.78466796875
Memory cached:  216.0
	 epoch  30 training error:  tensor(0.2966, device='cuda:0', grad_fn=<DivBackward0>)
Memory status after this epoch: 
Memory allocated:  133.78466796875
Memory cached:  216.0
	 epoch  40 training error:  tensor(0.2941, device='cuda:0', grad_fn=<DivBackward0>)
Memory status after this epoch: 
Memory allocated:  133.78466796875
Memory cached:  216.0
	 epoch  50 training error:  tensor(0.2886, device='cuda:0', grad_fn=<DivBackward0>)
Memory status after this epoch: 
Memory allocated:  133.78466796875
Memory cached:  216.0
	 epoch  60 training error:  tensor(0.2864, device='cuda:0', grad_fn=<DivBackward0>)
Memory status after this epoch: 
Memory allocated:  133.78466796875
Memory cached:  216.0
	 epoch  70 training error:  tensor(0.2882, device='cuda:0', grad_fn=<DivBackward0>)
Memory status after this epoch: 
Memory allocated:  133.78466796875
Memory cached:  216.0
	 epoch  80 training error:  tensor(0.2860, device='cuda:0', grad_fn=<DivBackward0>)
Memory status after this epoch: 
Memory allocated:  133.78466796875
Memory cached:  216.0
	 epoch  90 training error:  tensor(0.2857, device='cuda:0', grad_fn=<DivBackward0>)
Memory status after this epoch: 
Memory allocated:  133.78466796875
Memory cached:  216.0
[I 2023-12-20 18:45:27,485] Trial 94 finished with value: 0.32813799381256104 and parameters: {'W_layers': 5, 'W_layer_units_exponent_0': 7, 'W_layer_units_exponent_1': 7, 'W_layer_units_exponent_2': 6, 'W_layer_units_exponent_3': 7, 'W_layer_units_exponent_4': 6, 'D_layers': 8, 'D_layer_units_exponent_0': 6, 'D_layer_units_exponent_1': 9, 'D_layer_units_exponent_2': 8, 'D_layer_units_exponent_3': 8, 'D_layer_units_exponent_4': 4, 'D_layer_units_exponent_5': 9, 'D_layer_units_exponent_6': 6, 'D_layer_units_exponent_7': 5, 'D_dagger_layers': 4, 'D_dagger_layer_units_exponent_0': 6, 'D_dagger_layer_units_exponent_1': 8, 'D_dagger_layer_units_exponent_2': 9, 'D_dagger_layer_units_exponent_3': 6, 'log_learning_rate': -3.4503260946956886, 'log_learning_rate_D': -4.008970673321256, 'log_learning_rate_D_dagger': -3.546406398040514, 'training_batch_size': 9, 'training_p': 2}. Best is trial 82 with value: 0.32658275961875916.
Time for this trial:  19.66593885421753
Memory status after this trial: 
Memory allocated:  206.65185546875
Memory cached:  242.0
--------------------  Trial  95   --------------------
Start timing: 
Parameters: 
{'W_layers': 6, 'W_layer_units_exponent_0': 6, 'W_layer_units_exponent_1': 7, 'W_layer_units_exponent_2': 6, 'W_layer_units_exponent_3': 7, 'W_layer_units_exponent_4': 5, 'W_layer_units_exponent_5': 10, 'D_layers': 8, 'D_layer_units_exponent_0': 5, 'D_layer_units_exponent_1': 9, 'D_layer_units_exponent_2': 7, 'D_layer_units_exponent_3': 9, 'D_layer_units_exponent_4': 5, 'D_layer_units_exponent_5': 10, 'D_layer_units_exponent_6': 5, 'D_layer_units_exponent_7': 6, 'D_dagger_layers': 4, 'D_dagger_layer_units_exponent_0': 8, 'D_dagger_layer_units_exponent_1': 8, 'D_dagger_layer_units_exponent_2': 10, 'D_dagger_layer_units_exponent_3': 4, 'log_learning_rate': -2.9879731848369255, 'log_learning_rate_D': -3.8293917030532048, 'log_learning_rate_D_dagger': -3.3509780609732758, 'training_batch_size': 10, 'training_p': 2}
	 epoch  0 training error:  tensor(0.9591, device='cuda:0', grad_fn=<DivBackward0>)
Memory status after this epoch: 
Memory allocated:  136.46875
Memory cached:  220.0
	 epoch  10 training error:  tensor(0.3186, device='cuda:0', grad_fn=<DivBackward0>)
Memory status after this epoch: 
Memory allocated:  136.46875
Memory cached:  218.0
	 epoch  20 training error:  tensor(0.3045, device='cuda:0', grad_fn=<DivBackward0>)
Memory status after this epoch: 
Memory allocated:  136.46875
Memory cached:  218.0
	 epoch  30 training error:  tensor(0.2920, device='cuda:0', grad_fn=<DivBackward0>)
Memory status after this epoch: 
Memory allocated:  136.46875
Memory cached:  218.0
	 epoch  40 training error:  tensor(0.2894, device='cuda:0', grad_fn=<DivBackward0>)
Memory status after this epoch: 
Memory allocated:  136.46875
Memory cached:  218.0
	 epoch  50 training error:  tensor(0.2887, device='cuda:0', grad_fn=<DivBackward0>)
Memory status after this epoch: 
Memory allocated:  136.46875
Memory cached:  218.0
	 epoch  60 training error:  tensor(0.2843, device='cuda:0', grad_fn=<DivBackward0>)
Memory status after this epoch: 
Memory allocated:  136.46875
Memory cached:  218.0
	 epoch  70 training error:  tensor(0.2878, device='cuda:0', grad_fn=<DivBackward0>)
Memory status after this epoch: 
Memory allocated:  136.46875
Memory cached:  218.0
	 epoch  80 training error:  tensor(0.2914, device='cuda:0', grad_fn=<DivBackward0>)
Memory status after this epoch: 
Memory allocated:  136.46875
Memory cached:  218.0
	 epoch  90 training error:  tensor(0.2879, device='cuda:0', grad_fn=<DivBackward0>)
Memory status after this epoch: 
Memory allocated:  136.46875
Memory cached:  218.0
[I 2023-12-20 18:45:49,325] Trial 95 finished with value: 0.33003753423690796 and parameters: {'W_layers': 6, 'W_layer_units_exponent_0': 6, 'W_layer_units_exponent_1': 7, 'W_layer_units_exponent_2': 6, 'W_layer_units_exponent_3': 7, 'W_layer_units_exponent_4': 5, 'W_layer_units_exponent_5': 10, 'D_layers': 8, 'D_layer_units_exponent_0': 5, 'D_layer_units_exponent_1': 9, 'D_layer_units_exponent_2': 7, 'D_layer_units_exponent_3': 9, 'D_layer_units_exponent_4': 5, 'D_layer_units_exponent_5': 10, 'D_layer_units_exponent_6': 5, 'D_layer_units_exponent_7': 6, 'D_dagger_layers': 4, 'D_dagger_layer_units_exponent_0': 8, 'D_dagger_layer_units_exponent_1': 8, 'D_dagger_layer_units_exponent_2': 10, 'D_dagger_layer_units_exponent_3': 4, 'log_learning_rate': -2.9879731848369255, 'log_learning_rate_D': -3.8293917030532048, 'log_learning_rate_D_dagger': -3.3509780609732758, 'training_batch_size': 10, 'training_p': 2}. Best is trial 82 with value: 0.32658275961875916.
Time for this trial:  21.425015926361084
Memory status after this trial: 
Memory allocated:  287.49658203125
Memory cached:  310.0
--------------------  Trial  96   --------------------
Start timing: 
Parameters: 
{'W_layers': 6, 'W_layer_units_exponent_0': 7, 'W_layer_units_exponent_1': 7, 'W_layer_units_exponent_2': 5, 'W_layer_units_exponent_3': 8, 'W_layer_units_exponent_4': 5, 'W_layer_units_exponent_5': 10, 'D_layers': 8, 'D_layer_units_exponent_0': 5, 'D_layer_units_exponent_1': 7, 'D_layer_units_exponent_2': 8, 'D_layer_units_exponent_3': 8, 'D_layer_units_exponent_4': 4, 'D_layer_units_exponent_5': 9, 'D_layer_units_exponent_6': 5, 'D_layer_units_exponent_7': 5, 'D_dagger_layers': 3, 'D_dagger_layer_units_exponent_0': 6, 'D_dagger_layer_units_exponent_1': 4, 'D_dagger_layer_units_exponent_2': 9, 'log_learning_rate': -3.273248300096021, 'log_learning_rate_D': -3.630760993532117, 'log_learning_rate_D_dagger': -3.148026937280571, 'training_batch_size': 9, 'training_p': 8}
	 epoch  0 training error:  tensor(1.0740, device='cuda:0', grad_fn=<DivBackward0>)
Memory status after this epoch: 
Memory allocated:  131.09375
Memory cached:  218.0
	 epoch  10 training error:  tensor(0.5691, device='cuda:0', grad_fn=<DivBackward0>)
Memory status after this epoch: 
Memory allocated:  131.09375
Memory cached:  220.0
	 epoch  20 training error:  tensor(0.5719, device='cuda:0', grad_fn=<DivBackward0>)
Memory status after this epoch: 
Memory allocated:  131.09375
Memory cached:  220.0
	 epoch  30 training error:  tensor(0.5545, device='cuda:0', grad_fn=<DivBackward0>)
Memory status after this epoch: 
Memory allocated:  131.09375
Memory cached:  220.0
	 epoch  40 training error:  tensor(0.5515, device='cuda:0', grad_fn=<DivBackward0>)
Memory status after this epoch: 
Memory allocated:  131.09375
Memory cached:  220.0
	 epoch  50 training error:  tensor(0.5517, device='cuda:0', grad_fn=<DivBackward0>)
Memory status after this epoch: 
Memory allocated:  131.09375
Memory cached:  220.0
	 epoch  60 training error:  tensor(0.5527, device='cuda:0', grad_fn=<DivBackward0>)
Memory status after this epoch: 
Memory allocated:  131.09375
Memory cached:  220.0
	 epoch  70 training error:  tensor(0.5487, device='cuda:0', grad_fn=<DivBackward0>)
Memory status after this epoch: 
Memory allocated:  131.09375
Memory cached:  220.0
	 epoch  80 training error:  tensor(0.5517, device='cuda:0', grad_fn=<DivBackward0>)
Memory status after this epoch: 
Memory allocated:  131.09375
Memory cached:  220.0
	 epoch  90 training error:  tensor(0.5599, device='cuda:0', grad_fn=<DivBackward0>)
Memory status after this epoch: 
Memory allocated:  131.09375
Memory cached:  220.0
[I 2023-12-20 18:46:10,200] Trial 96 finished with value: 0.45127972960472107 and parameters: {'W_layers': 6, 'W_layer_units_exponent_0': 7, 'W_layer_units_exponent_1': 7, 'W_layer_units_exponent_2': 5, 'W_layer_units_exponent_3': 8, 'W_layer_units_exponent_4': 5, 'W_layer_units_exponent_5': 10, 'D_layers': 8, 'D_layer_units_exponent_0': 5, 'D_layer_units_exponent_1': 7, 'D_layer_units_exponent_2': 8, 'D_layer_units_exponent_3': 8, 'D_layer_units_exponent_4': 4, 'D_layer_units_exponent_5': 9, 'D_layer_units_exponent_6': 5, 'D_layer_units_exponent_7': 5, 'D_dagger_layers': 3, 'D_dagger_layer_units_exponent_0': 6, 'D_dagger_layer_units_exponent_1': 4, 'D_dagger_layer_units_exponent_2': 9, 'log_learning_rate': -3.273248300096021, 'log_learning_rate_D': -3.630760993532117, 'log_learning_rate_D_dagger': -3.148026937280571, 'training_batch_size': 9, 'training_p': 8}. Best is trial 82 with value: 0.32658275961875916.
Time for this trial:  20.452390909194946
Memory status after this trial: 
Memory allocated:  237.17919921875
Memory cached:  262.0
--------------------  Trial  97   --------------------
Start timing: 
Parameters: 
{'W_layers': 5, 'W_layer_units_exponent_0': 7, 'W_layer_units_exponent_1': 7, 'W_layer_units_exponent_2': 7, 'W_layer_units_exponent_3': 9, 'W_layer_units_exponent_4': 6, 'D_layers': 8, 'D_layer_units_exponent_0': 6, 'D_layer_units_exponent_1': 8, 'D_layer_units_exponent_2': 8, 'D_layer_units_exponent_3': 9, 'D_layer_units_exponent_4': 5, 'D_layer_units_exponent_5': 10, 'D_layer_units_exponent_6': 6, 'D_layer_units_exponent_7': 6, 'D_dagger_layers': 5, 'D_dagger_layer_units_exponent_0': 7, 'D_dagger_layer_units_exponent_1': 9, 'D_dagger_layer_units_exponent_2': 10, 'D_dagger_layer_units_exponent_3': 5, 'D_dagger_layer_units_exponent_4': 5, 'log_learning_rate': -3.12521078498255, 'log_learning_rate_D': -3.8645098721149225, 'log_learning_rate_D_dagger': -3.4580706447060128, 'training_batch_size': 10, 'training_p': 5}
	 epoch  0 training error:  tensor(1.0330, device='cuda:0', grad_fn=<DivBackward0>)
Memory status after this epoch: 
Memory allocated:  142.95458984375
Memory cached:  238.0
	 epoch  10 training error:  tensor(0.4947, device='cuda:0', grad_fn=<DivBackward0>)
Memory status after this epoch: 
Memory allocated:  142.95458984375
Memory cached:  238.0
	 epoch  20 training error:  tensor(0.4848, device='cuda:0', grad_fn=<DivBackward0>)
Memory status after this epoch: 
Memory allocated:  142.95458984375
Memory cached:  238.0
	 epoch  30 training error:  tensor(0.4766, device='cuda:0', grad_fn=<DivBackward0>)
Memory status after this epoch: 
Memory allocated:  142.95458984375
Memory cached:  238.0
	 epoch  40 training error:  tensor(0.4824, device='cuda:0', grad_fn=<DivBackward0>)
Memory status after this epoch: 
Memory allocated:  142.95458984375
Memory cached:  238.0
	 epoch  50 training error:  tensor(0.4758, device='cuda:0', grad_fn=<DivBackward0>)
Memory status after this epoch: 
Memory allocated:  142.95458984375
Memory cached:  238.0
	 epoch  60 training error:  tensor(0.4807, device='cuda:0', grad_fn=<DivBackward0>)
Memory status after this epoch: 
Memory allocated:  142.95458984375
Memory cached:  238.0
	 epoch  70 training error:  tensor(0.4813, device='cuda:0', grad_fn=<DivBackward0>)
Memory status after this epoch: 
Memory allocated:  142.95458984375
Memory cached:  238.0
	 epoch  80 training error:  tensor(0.4819, device='cuda:0', grad_fn=<DivBackward0>)
Memory status after this epoch: 
Memory allocated:  142.95458984375
Memory cached:  238.0
	 epoch  90 training error:  tensor(0.4810, device='cuda:0', grad_fn=<DivBackward0>)
Memory status after this epoch: 
Memory allocated:  142.95458984375
Memory cached:  238.0
