[I 2024-02-16 23:39:55,100] Trial 53 finished with value: 0.65833979845047 and parameters: {'W_layers': 8, 'W_layer_units_exponent_0': 8, 'W_layer_units_exponent_1': 10, 'W_layer_units_exponent_2': 4, 'W_layer_units_exponent_3': 6, 'W_layer_units_exponent_4': 5, 'W_layer_units_exponent_5': 7, 'W_layer_units_exponent_6': 7, 'W_layer_units_exponent_7': 6, 'D_layers': 4, 'D_layer_units_exponent_0': 10, 'D_layer_units_exponent_1': 7, 'D_layer_units_exponent_2': 7, 'D_layer_units_exponent_3': 9, 'D_dagger_layers': 7, 'D_dagger_layer_units_exponent_0': 4, 'D_dagger_layer_units_exponent_1': 8, 'D_dagger_layer_units_exponent_2': 9, 'D_dagger_layer_units_exponent_3': 7, 'D_dagger_layer_units_exponent_4': 4, 'D_dagger_layer_units_exponent_5': 5, 'D_dagger_layer_units_exponent_6': 7, 'log_learning_rate': -4.509197605498082, 'log_learning_rate_D': -1.2365132091678697, 'log_learning_rate_D_dagger': -1.8963030332964075, 'training_batch_size': 6, 'training_p': 2}. Best is trial 10 with value: 0.07346499711275101.
Time for this trial:  982.6522588729858
Memory status after this trial: 
Memory allocated:  1344.85986328125
Memory cached:  1354.0
--------------------  Trial  54   --------------------
Start timing: 
Parameters: 
{'W_layers': 7, 'W_layer_units_exponent_0': 7, 'W_layer_units_exponent_1': 9, 'W_layer_units_exponent_2': 5, 'W_layer_units_exponent_3': 5, 'W_layer_units_exponent_4': 6, 'W_layer_units_exponent_5': 6, 'W_layer_units_exponent_6': 6, 'D_layers': 4, 'D_layer_units_exponent_0': 10, 'D_layer_units_exponent_1': 7, 'D_layer_units_exponent_2': 8, 'D_layer_units_exponent_3': 8, 'D_dagger_layers': 6, 'D_dagger_layer_units_exponent_0': 4, 'D_dagger_layer_units_exponent_1': 9, 'D_dagger_layer_units_exponent_2': 7, 'D_dagger_layer_units_exponent_3': 6, 'D_dagger_layer_units_exponent_4': 8, 'D_dagger_layer_units_exponent_5': 9, 'log_learning_rate': -4.350974393806238, 'log_learning_rate_D': -4.205410116793845, 'log_learning_rate_D_dagger': -2.425339876616267, 'training_batch_size': 7, 'training_p': 3}
	 epoch  0 training error:  tensor(1.4773, device='cuda:0', grad_fn=<DivBackward0>)
Memory status after this epoch: 
Memory allocated:  391.4150390625
Memory cached:  1030.0
	 epoch  10 training error:  tensor(0.2050, device='cuda:0', grad_fn=<DivBackward0>)
Memory status after this epoch: 
Memory allocated:  391.4150390625
Memory cached:  1032.0
	 epoch  20 training error:  tensor(0.1136, device='cuda:0', grad_fn=<DivBackward0>)
Memory status after this epoch: 
Memory allocated:  391.4150390625
Memory cached:  1032.0
	 epoch  30 training error:  tensor(0.1136, device='cuda:0', grad_fn=<DivBackward0>)
Memory status after this epoch: 
Memory allocated:  391.4150390625
Memory cached:  1034.0
	 epoch  40 training error:  tensor(0.1176, device='cuda:0', grad_fn=<DivBackward0>)
Memory status after this epoch: 
Memory allocated:  391.4150390625
Memory cached:  1034.0
	 epoch  50 training error:  tensor(0.0991, device='cuda:0', grad_fn=<DivBackward0>)
Memory status after this epoch: 
Memory allocated:  391.4150390625
Memory cached:  1034.0
	 epoch  60 training error:  tensor(0.1040, device='cuda:0', grad_fn=<DivBackward0>)
Memory status after this epoch: 
Memory allocated:  391.4150390625
Memory cached:  1030.0
	 epoch  70 training error:  tensor(0.1035, device='cuda:0', grad_fn=<DivBackward0>)
Memory status after this epoch: 
Memory allocated:  391.4150390625
Memory cached:  1034.0
	 epoch  80 training error:  tensor(0.1032, device='cuda:0', grad_fn=<DivBackward0>)
Memory status after this epoch: 
Memory allocated:  391.4150390625
Memory cached:  1032.0
	 epoch  90 training error:  tensor(0.1110, device='cuda:0', grad_fn=<DivBackward0>)
Memory status after this epoch: 
Memory allocated:  391.4150390625
Memory cached:  1036.0
[I 2024-02-16 23:49:37,593] Trial 54 finished with value: 0.08097133040428162 and parameters: {'W_layers': 7, 'W_layer_units_exponent_0': 7, 'W_layer_units_exponent_1': 9, 'W_layer_units_exponent_2': 5, 'W_layer_units_exponent_3': 5, 'W_layer_units_exponent_4': 6, 'W_layer_units_exponent_5': 6, 'W_layer_units_exponent_6': 6, 'D_layers': 4, 'D_layer_units_exponent_0': 10, 'D_layer_units_exponent_1': 7, 'D_layer_units_exponent_2': 8, 'D_layer_units_exponent_3': 8, 'D_dagger_layers': 6, 'D_dagger_layer_units_exponent_0': 4, 'D_dagger_layer_units_exponent_1': 9, 'D_dagger_layer_units_exponent_2': 7, 'D_dagger_layer_units_exponent_3': 6, 'D_dagger_layer_units_exponent_4': 8, 'D_dagger_layer_units_exponent_5': 9, 'log_learning_rate': -4.350974393806238, 'log_learning_rate_D': -4.205410116793845, 'log_learning_rate_D_dagger': -2.425339876616267, 'training_batch_size': 7, 'training_p': 3}. Best is trial 10 with value: 0.07346499711275101.
Time for this trial:  581.9444880485535
Memory status after this trial: 
Memory allocated:  1223.47021484375
Memory cached:  1232.0
--------------------  Trial  55   --------------------
Start timing: 
Parameters: 
{'W_layers': 7, 'W_layer_units_exponent_0': 9, 'W_layer_units_exponent_1': 8, 'W_layer_units_exponent_2': 5, 'W_layer_units_exponent_3': 6, 'W_layer_units_exponent_4': 7, 'W_layer_units_exponent_5': 8, 'W_layer_units_exponent_6': 7, 'D_layers': 2, 'D_layer_units_exponent_0': 10, 'D_layer_units_exponent_1': 6, 'D_dagger_layers': 4, 'D_dagger_layer_units_exponent_0': 5, 'D_dagger_layer_units_exponent_1': 7, 'D_dagger_layer_units_exponent_2': 6, 'D_dagger_layer_units_exponent_3': 5, 'log_learning_rate': -4.730568626229465, 'log_learning_rate_D': -3.7125880639254594, 'log_learning_rate_D_dagger': -1.6616382258681919, 'training_batch_size': 6, 'training_p': 2}
	 epoch  0 training error:  tensor(1.0983, device='cuda:0', grad_fn=<DivBackward0>)
Memory status after this epoch: 
Memory allocated:  387.5693359375
Memory cached:  1026.0
	 epoch  10 training error:  tensor(0.0932, device='cuda:0', grad_fn=<DivBackward0>)
Memory status after this epoch: 
Memory allocated:  387.5693359375
Memory cached:  1026.0
	 epoch  20 training error:  tensor(0.0857, device='cuda:0', grad_fn=<DivBackward0>)
Memory status after this epoch: 
Memory allocated:  387.5693359375
Memory cached:  1026.0
	 epoch  30 training error:  tensor(0.0867, device='cuda:0', grad_fn=<DivBackward0>)
Memory status after this epoch: 
Memory allocated:  387.5693359375
Memory cached:  1026.0
	 epoch  40 training error:  tensor(0.0930, device='cuda:0', grad_fn=<DivBackward0>)
Memory status after this epoch: 
Memory allocated:  387.5693359375
Memory cached:  1026.0
	 epoch  50 training error:  tensor(0.1175, device='cuda:0', grad_fn=<DivBackward0>)
Memory status after this epoch: 
Memory allocated:  387.5693359375
Memory cached:  1026.0
	 epoch  60 training error:  tensor(0.0947, device='cuda:0', grad_fn=<DivBackward0>)
Memory status after this epoch: 
Memory allocated:  387.5693359375
Memory cached:  1026.0
	 epoch  70 training error:  tensor(0.0938, device='cuda:0', grad_fn=<DivBackward0>)
Memory status after this epoch: 
Memory allocated:  387.5693359375
Memory cached:  1026.0
	 epoch  80 training error:  tensor(0.0862, device='cuda:0', grad_fn=<DivBackward0>)
Memory status after this epoch: 
Memory allocated:  387.5693359375
Memory cached:  1026.0
	 epoch  90 training error:  tensor(0.0808, device='cuda:0', grad_fn=<DivBackward0>)
Memory status after this epoch: 
Memory allocated:  387.5693359375
Memory cached:  1026.0
[I 2024-02-17 00:02:07,923] Trial 55 finished with value: 0.08745544403791428 and parameters: {'W_layers': 7, 'W_layer_units_exponent_0': 9, 'W_layer_units_exponent_1': 8, 'W_layer_units_exponent_2': 5, 'W_layer_units_exponent_3': 6, 'W_layer_units_exponent_4': 7, 'W_layer_units_exponent_5': 8, 'W_layer_units_exponent_6': 7, 'D_layers': 2, 'D_layer_units_exponent_0': 10, 'D_layer_units_exponent_1': 6, 'D_dagger_layers': 4, 'D_dagger_layer_units_exponent_0': 5, 'D_dagger_layer_units_exponent_1': 7, 'D_dagger_layer_units_exponent_2': 6, 'D_dagger_layer_units_exponent_3': 5, 'log_learning_rate': -4.730568626229465, 'log_learning_rate_D': -3.7125880639254594, 'log_learning_rate_D_dagger': -1.6616382258681919, 'training_batch_size': 6, 'training_p': 2}. Best is trial 10 with value: 0.07346499711275101.
Time for this trial:  749.8338949680328
Memory status after this trial: 
Memory allocated:  957.63232421875
Memory cached:  1026.0
--------------------  Trial  56   --------------------
Start timing: 
Parameters: 
{'W_layers': 6, 'W_layer_units_exponent_0': 8, 'W_layer_units_exponent_1': 7, 'W_layer_units_exponent_2': 6, 'W_layer_units_exponent_3': 5, 'W_layer_units_exponent_4': 8, 'W_layer_units_exponent_5': 7, 'D_layers': 4, 'D_layer_units_exponent_0': 8, 'D_layer_units_exponent_1': 8, 'D_layer_units_exponent_2': 6, 'D_layer_units_exponent_3': 6, 'D_dagger_layers': 7, 'D_dagger_layer_units_exponent_0': 4, 'D_dagger_layer_units_exponent_1': 5, 'D_dagger_layer_units_exponent_2': 8, 'D_dagger_layer_units_exponent_3': 8, 'D_dagger_layer_units_exponent_4': 7, 'D_dagger_layer_units_exponent_5': 7, 'D_dagger_layer_units_exponent_6': 5, 'log_learning_rate': -4.054201996654587, 'log_learning_rate_D': -4.7339683889442, 'log_learning_rate_D_dagger': -2.2416713168889038, 'training_batch_size': 9, 'training_p': 8}
	 epoch  0 training error:  tensor(1.0181, device='cuda:0', grad_fn=<DivBackward0>)
Memory status after this epoch: 
Memory allocated:  387.5869140625
Memory cached:  1028.0
	 epoch  10 training error:  tensor(0.3368, device='cuda:0', grad_fn=<DivBackward0>)
Memory status after this epoch: 
Memory allocated:  387.5869140625
Memory cached:  1028.0
	 epoch  20 training error:  tensor(0.2209, device='cuda:0', grad_fn=<DivBackward0>)
Memory status after this epoch: 
Memory allocated:  387.5869140625
Memory cached:  1028.0
	 epoch  30 training error:  tensor(0.1528, device='cuda:0', grad_fn=<DivBackward0>)
Memory status after this epoch: 
Memory allocated:  387.5869140625
Memory cached:  1028.0
	 epoch  40 training error:  tensor(0.1418, device='cuda:0', grad_fn=<DivBackward0>)
Memory status after this epoch: 
Memory allocated:  387.5869140625
Memory cached:  1028.0
	 epoch  50 training error:  tensor(0.1352, device='cuda:0', grad_fn=<DivBackward0>)
Memory status after this epoch: 
Memory allocated:  387.5869140625
Memory cached:  1028.0
	 epoch  60 training error:  tensor(0.1350, device='cuda:0', grad_fn=<DivBackward0>)
Memory status after this epoch: 
Memory allocated:  387.5869140625
Memory cached:  1028.0
	 epoch  70 training error:  tensor(0.1215, device='cuda:0', grad_fn=<DivBackward0>)
Memory status after this epoch: 
Memory allocated:  387.5869140625
Memory cached:  1028.0
	 epoch  80 training error:  tensor(0.1358, device='cuda:0', grad_fn=<DivBackward0>)
Memory status after this epoch: 
Memory allocated:  387.5869140625
Memory cached:  1028.0
	 epoch  90 training error:  tensor(0.1263, device='cuda:0', grad_fn=<DivBackward0>)
Memory status after this epoch: 
Memory allocated:  387.5869140625
Memory cached:  1028.0
[I 2024-02-17 00:06:24,297] Trial 56 finished with value: 0.0879107266664505 and parameters: {'W_layers': 6, 'W_layer_units_exponent_0': 8, 'W_layer_units_exponent_1': 7, 'W_layer_units_exponent_2': 6, 'W_layer_units_exponent_3': 5, 'W_layer_units_exponent_4': 8, 'W_layer_units_exponent_5': 7, 'D_layers': 4, 'D_layer_units_exponent_0': 8, 'D_layer_units_exponent_1': 8, 'D_layer_units_exponent_2': 6, 'D_layer_units_exponent_3': 6, 'D_dagger_layers': 7, 'D_dagger_layer_units_exponent_0': 4, 'D_dagger_layer_units_exponent_1': 5, 'D_dagger_layer_units_exponent_2': 8, 'D_dagger_layer_units_exponent_3': 8, 'D_dagger_layer_units_exponent_4': 7, 'D_dagger_layer_units_exponent_5': 7, 'D_dagger_layer_units_exponent_6': 5, 'log_learning_rate': -4.054201996654587, 'log_learning_rate_D': -4.7339683889442, 'log_learning_rate_D_dagger': -2.2416713168889038, 'training_batch_size': 9, 'training_p': 8}. Best is trial 10 with value: 0.07346499711275101.
Time for this trial:  255.89355397224426
Memory status after this trial: 
Memory allocated:  879.88623046875
Memory cached:  1028.0
--------------------  Trial  57   --------------------
Start timing: 
Parameters: 
{'W_layers': 5, 'W_layer_units_exponent_0': 9, 'W_layer_units_exponent_1': 10, 'W_layer_units_exponent_2': 7, 'W_layer_units_exponent_3': 10, 'W_layer_units_exponent_4': 9, 'D_layers': 3, 'D_layer_units_exponent_0': 9, 'D_layer_units_exponent_1': 7, 'D_layer_units_exponent_2': 5, 'D_dagger_layers': 6, 'D_dagger_layer_units_exponent_0': 5, 'D_dagger_layer_units_exponent_1': 9, 'D_dagger_layer_units_exponent_2': 9, 'D_dagger_layer_units_exponent_3': 7, 'D_dagger_layer_units_exponent_4': 5, 'D_dagger_layer_units_exponent_5': 6, 'log_learning_rate': -3.8831630071513183, 'log_learning_rate_D': -3.9460246086685737, 'log_learning_rate_D_dagger': -2.775762198281554, 'training_batch_size': 6, 'training_p': 2}
	 epoch  0 training error:  tensor(0.5630, device='cuda:0', grad_fn=<DivBackward0>)
Memory status after this epoch: 
Memory allocated:  409.5087890625
Memory cached:  1054.0
	 epoch  10 training error:  tensor(0.0931, device='cuda:0', grad_fn=<DivBackward0>)
Memory status after this epoch: 
Memory allocated:  409.5087890625
Memory cached:  1090.0
	 epoch  20 training error:  tensor(0.0843, device='cuda:0', grad_fn=<DivBackward0>)
Memory status after this epoch: 
Memory allocated:  409.5087890625
Memory cached:  1094.0
	 epoch  30 training error:  tensor(0.0879, device='cuda:0', grad_fn=<DivBackward0>)
Memory status after this epoch: 
Memory allocated:  409.5087890625
Memory cached:  1084.0
	 epoch  40 training error:  tensor(0.0810, device='cuda:0', grad_fn=<DivBackward0>)
Memory status after this epoch: 
Memory allocated:  409.5087890625
Memory cached:  1092.0
	 epoch  50 training error:  tensor(0.0816, device='cuda:0', grad_fn=<DivBackward0>)
Memory status after this epoch: 
Memory allocated:  409.5087890625
Memory cached:  1094.0
	 epoch  60 training error:  tensor(0.0875, device='cuda:0', grad_fn=<DivBackward0>)
Memory status after this epoch: 
Memory allocated:  409.5087890625
Memory cached:  1090.0
	 epoch  70 training error:  tensor(0.0823, device='cuda:0', grad_fn=<DivBackward0>)
Memory status after this epoch: 
Memory allocated:  409.5087890625
Memory cached:  1088.0
	 epoch  80 training error:  tensor(0.0843, device='cuda:0', grad_fn=<DivBackward0>)
Memory status after this epoch: 
Memory allocated:  409.5087890625
Memory cached:  1094.0
	 epoch  90 training error:  tensor(0.0856, device='cuda:0', grad_fn=<DivBackward0>)
Memory status after this epoch: 
Memory allocated:  409.5087890625
Memory cached:  1090.0
[I 2024-02-17 00:19:45,413] Trial 57 finished with value: 0.0830804705619812 and parameters: {'W_layers': 5, 'W_layer_units_exponent_0': 9, 'W_layer_units_exponent_1': 10, 'W_layer_units_exponent_2': 7, 'W_layer_units_exponent_3': 10, 'W_layer_units_exponent_4': 9, 'D_layers': 3, 'D_layer_units_exponent_0': 9, 'D_layer_units_exponent_1': 7, 'D_layer_units_exponent_2': 5, 'D_dagger_layers': 6, 'D_dagger_layer_units_exponent_0': 5, 'D_dagger_layer_units_exponent_1': 9, 'D_dagger_layer_units_exponent_2': 9, 'D_dagger_layer_units_exponent_3': 7, 'D_dagger_layer_units_exponent_4': 5, 'D_dagger_layer_units_exponent_5': 6, 'log_learning_rate': -3.8831630071513183, 'log_learning_rate_D': -3.9460246086685737, 'log_learning_rate_D_dagger': -2.775762198281554, 'training_batch_size': 6, 'training_p': 2}. Best is trial 10 with value: 0.07346499711275101.
Time for this trial:  800.6247048377991
Memory status after this trial: 
Memory allocated:  1477.29345703125
Memory cached:  1500.0
--------------------  Trial  58   --------------------
Start timing: 
Parameters: 
{'W_layers': 6, 'W_layer_units_exponent_0': 7, 'W_layer_units_exponent_1': 6, 'W_layer_units_exponent_2': 5, 'W_layer_units_exponent_3': 5, 'W_layer_units_exponent_4': 5, 'W_layer_units_exponent_5': 9, 'D_layers': 3, 'D_layer_units_exponent_0': 9, 'D_layer_units_exponent_1': 10, 'D_layer_units_exponent_2': 7, 'D_dagger_layers': 3, 'D_dagger_layer_units_exponent_0': 10, 'D_dagger_layer_units_exponent_1': 4, 'D_dagger_layer_units_exponent_2': 5, 'log_learning_rate': -4.614088904164417, 'log_learning_rate_D': -3.4440564199636032, 'log_learning_rate_D_dagger': -4.646417217001903, 'training_batch_size': 7, 'training_p': 4}
	 epoch  0 training error:  tensor(1.1659, device='cuda:0', grad_fn=<DivBackward0>)
Memory status after this epoch: 
Memory allocated:  393.7001953125
Memory cached:  1048.0
	 epoch  10 training error:  tensor(0.8926, device='cuda:0', grad_fn=<DivBackward0>)
Memory status after this epoch: 
Memory allocated:  393.7001953125
Memory cached:  1076.0
	 epoch  20 training error:  tensor(0.7174, device='cuda:0', grad_fn=<DivBackward0>)
Memory status after this epoch: 
Memory allocated:  393.7001953125
Memory cached:  1066.0
	 epoch  30 training error:  tensor(0.5474, device='cuda:0', grad_fn=<DivBackward0>)
Memory status after this epoch: 
Memory allocated:  393.7001953125
Memory cached:  1062.0
	 epoch  40 training error:  tensor(0.3948, device='cuda:0', grad_fn=<DivBackward0>)
Memory status after this epoch: 
Memory allocated:  393.7001953125
Memory cached:  1066.0
	 epoch  50 training error:  tensor(0.2665, device='cuda:0', grad_fn=<DivBackward0>)
Memory status after this epoch: 
Memory allocated:  393.7001953125
Memory cached:  1070.0
	 epoch  60 training error:  tensor(0.1898, device='cuda:0', grad_fn=<DivBackward0>)
Memory status after this epoch: 
Memory allocated:  393.7001953125
Memory cached:  1066.0
	 epoch  70 training error:  tensor(0.1636, device='cuda:0', grad_fn=<DivBackward0>)
Memory status after this epoch: 
Memory allocated:  393.7001953125
Memory cached:  1078.0
	 epoch  80 training error:  tensor(0.1515, device='cuda:0', grad_fn=<DivBackward0>)
Memory status after this epoch: 
Memory allocated:  393.7001953125
Memory cached:  1064.0
	 epoch  90 training error:  tensor(0.1417, device='cuda:0', grad_fn=<DivBackward0>)
Memory status after this epoch: 
Memory allocated:  393.7001953125
Memory cached:  1074.0
[I 2024-02-17 00:27:18,294] Trial 58 finished with value: 0.11190128326416016 and parameters: {'W_layers': 6, 'W_layer_units_exponent_0': 7, 'W_layer_units_exponent_1': 6, 'W_layer_units_exponent_2': 5, 'W_layer_units_exponent_3': 5, 'W_layer_units_exponent_4': 5, 'W_layer_units_exponent_5': 9, 'D_layers': 3, 'D_layer_units_exponent_0': 9, 'D_layer_units_exponent_1': 10, 'D_layer_units_exponent_2': 7, 'D_dagger_layers': 3, 'D_dagger_layer_units_exponent_0': 10, 'D_dagger_layer_units_exponent_1': 4, 'D_dagger_layer_units_exponent_2': 5, 'log_learning_rate': -4.614088904164417, 'log_learning_rate_D': -3.4440564199636032, 'log_learning_rate_D_dagger': -4.646417217001903, 'training_batch_size': 7, 'training_p': 4}. Best is trial 10 with value: 0.07346499711275101.
Time for this trial:  452.433620929718
Memory status after this trial: 
Memory allocated:  1120.08154296875
Memory cached:  1140.0
--------------------  Trial  59   --------------------
Start timing: 
Parameters: 
{'W_layers': 8, 'W_layer_units_exponent_0': 8, 'W_layer_units_exponent_1': 9, 'W_layer_units_exponent_2': 6, 'W_layer_units_exponent_3': 6, 'W_layer_units_exponent_4': 7, 'W_layer_units_exponent_5': 5, 'W_layer_units_exponent_6': 9, 'W_layer_units_exponent_7': 7, 'D_layers': 5, 'D_layer_units_exponent_0': 7, 'D_layer_units_exponent_1': 9, 'D_layer_units_exponent_2': 8, 'D_layer_units_exponent_3': 9, 'D_layer_units_exponent_4': 4, 'D_dagger_layers': 5, 'D_dagger_layer_units_exponent_0': 4, 'D_dagger_layer_units_exponent_1': 9, 'D_dagger_layer_units_exponent_2': 6, 'D_dagger_layer_units_exponent_3': 5, 'D_dagger_layer_units_exponent_4': 6, 'log_learning_rate': -4.993389983928977, 'log_learning_rate_D': -3.184024063381697, 'log_learning_rate_D_dagger': -3.459954072007946, 'training_batch_size': 6, 'training_p': 3}
	 epoch  0 training error:  tensor(0.9173, device='cuda:0', grad_fn=<DivBackward0>)
Memory status after this epoch: 
Memory allocated:  392.8837890625
Memory cached:  1034.0
	 epoch  10 training error:  tensor(0.1480, device='cuda:0', grad_fn=<DivBackward0>)
Memory status after this epoch: 
Memory allocated:  392.8837890625
Memory cached:  1030.0
	 epoch  20 training error:  tensor(0.1021, device='cuda:0', grad_fn=<DivBackward0>)
Memory status after this epoch: 
Memory allocated:  392.8837890625
Memory cached:  1032.0
	 epoch  30 training error:  tensor(0.0949, device='cuda:0', grad_fn=<DivBackward0>)
Memory status after this epoch: 
Memory allocated:  392.8837890625
Memory cached:  1032.0
	 epoch  40 training error:  tensor(0.0929, device='cuda:0', grad_fn=<DivBackward0>)
Memory status after this epoch: 
Memory allocated:  392.8837890625
Memory cached:  1030.0
	 epoch  50 training error:  tensor(0.0926, device='cuda:0', grad_fn=<DivBackward0>)
Memory status after this epoch: 
Memory allocated:  392.8837890625
Memory cached:  1030.0
	 epoch  60 training error:  tensor(0.0922, device='cuda:0', grad_fn=<DivBackward0>)
Memory status after this epoch: 
Memory allocated:  392.8837890625
Memory cached:  1030.0
	 epoch  70 training error:  tensor(0.0925, device='cuda:0', grad_fn=<DivBackward0>)
Memory status after this epoch: 
Memory allocated:  392.8837890625
Memory cached:  1030.0
	 epoch  80 training error:  tensor(0.0932, device='cuda:0', grad_fn=<DivBackward0>)
Memory status after this epoch: 
Memory allocated:  392.8837890625
Memory cached:  1030.0
	 epoch  90 training error:  tensor(0.0920, device='cuda:0', grad_fn=<DivBackward0>)
Memory status after this epoch: 
Memory allocated:  392.8837890625
Memory cached:  1030.0
