[I 2023-12-06 11:48:12,648] Trial 14 finished with value: 0.35045820474624634 and parameters: {'W_layers': 4, 'W_layer_units_exponent_0': 9, 'W_layer_units_exponent_1': 8, 'W_layer_units_exponent_2': 9, 'W_layer_units_exponent_3': 7, 'D_layers': 3, 'D_layer_units_exponent_0': 8, 'D_layer_units_exponent_1': 9, 'D_layer_units_exponent_2': 8, 'log_learning_rate': -3.5711334975792477, 'log_learning_rate_D': -3.698358657567602, 'training_batch_size': 10, 'training_p': 3}. Best is trial 3 with value: 0.3470582664012909.
Time for this trial:  16.016034364700317
Memory status after this trial: 
Memory allocated:  86.96240234375
Memory cached:  98.0
--------------------  Trial  15   --------------------
Start timing: 
Parameters: 
{'W_layers': 5, 'W_layer_units_exponent_0': 7, 'W_layer_units_exponent_1': 6, 'W_layer_units_exponent_2': 8, 'W_layer_units_exponent_3': 9, 'W_layer_units_exponent_4': 4, 'D_layers': 5, 'D_layer_units_exponent_0': 10, 'D_layer_units_exponent_1': 7, 'D_layer_units_exponent_2': 5, 'D_layer_units_exponent_3': 6, 'D_layer_units_exponent_4': 6, 'log_learning_rate': -3.7961843815891014, 'log_learning_rate_D': -4.213583547183593, 'training_batch_size': 7, 'training_p': 5}
	 epoch  0 training error:  tensor(0.6769, device='cuda:0', grad_fn=<DivBackward0>)
Memory status after this epoch: 
Memory allocated:  54.39306640625
Memory cached:  96.0
	 epoch  10 training error:  tensor(0.4764, device='cuda:0', grad_fn=<DivBackward0>)
Memory status after this epoch: 
Memory allocated:  54.39306640625
Memory cached:  96.0
	 epoch  20 training error:  tensor(0.4693, device='cuda:0', grad_fn=<DivBackward0>)
Memory status after this epoch: 
Memory allocated:  54.39306640625
Memory cached:  96.0
	 epoch  30 training error:  tensor(0.4667, device='cuda:0', grad_fn=<DivBackward0>)
Memory status after this epoch: 
Memory allocated:  54.39306640625
Memory cached:  96.0
	 epoch  40 training error:  tensor(0.4581, device='cuda:0', grad_fn=<DivBackward0>)
Memory status after this epoch: 
Memory allocated:  54.39306640625
Memory cached:  96.0
	 epoch  50 training error:  tensor(0.4523, device='cuda:0', grad_fn=<DivBackward0>)
Memory status after this epoch: 
Memory allocated:  54.39306640625
Memory cached:  96.0
	 epoch  60 training error:  tensor(0.4462, device='cuda:0', grad_fn=<DivBackward0>)
Memory status after this epoch: 
Memory allocated:  54.39306640625
Memory cached:  96.0
	 epoch  70 training error:  tensor(0.4398, device='cuda:0', grad_fn=<DivBackward0>)
Memory status after this epoch: 
Memory allocated:  54.39306640625
Memory cached:  96.0
	 epoch  80 training error:  tensor(0.4333, device='cuda:0', grad_fn=<DivBackward0>)
Memory status after this epoch: 
Memory allocated:  54.39306640625
Memory cached:  96.0
	 epoch  90 training error:  tensor(0.4275, device='cuda:0', grad_fn=<DivBackward0>)
Memory status after this epoch: 
Memory allocated:  54.39306640625
Memory cached:  96.0
[I 2023-12-06 11:48:28,433] Trial 15 finished with value: 0.3567012846469879 and parameters: {'W_layers': 5, 'W_layer_units_exponent_0': 7, 'W_layer_units_exponent_1': 6, 'W_layer_units_exponent_2': 8, 'W_layer_units_exponent_3': 9, 'W_layer_units_exponent_4': 4, 'D_layers': 5, 'D_layer_units_exponent_0': 10, 'D_layer_units_exponent_1': 7, 'D_layer_units_exponent_2': 5, 'D_layer_units_exponent_3': 6, 'D_layer_units_exponent_4': 6, 'log_learning_rate': -3.7961843815891014, 'log_learning_rate_D': -4.213583547183593, 'training_batch_size': 7, 'training_p': 5}. Best is trial 3 with value: 0.3470582664012909.
Time for this trial:  15.630147933959961
Memory status after this trial: 
Memory allocated:  75.81689453125
Memory cached:  96.0
--------------------  Trial  16   --------------------
Start timing: 
Parameters: 
{'W_layers': 3, 'W_layer_units_exponent_0': 6, 'W_layer_units_exponent_1': 9, 'W_layer_units_exponent_2': 9, 'D_layers': 3, 'D_layer_units_exponent_0': 8, 'D_layer_units_exponent_1': 10, 'D_layer_units_exponent_2': 6, 'log_learning_rate': -2.7196937512344173, 'log_learning_rate_D': -3.495019884421996, 'training_batch_size': 11, 'training_p': 3}
	 epoch  0 training error:  tensor(1.3017, device='cuda:0', grad_fn=<DivBackward0>)
Memory status after this epoch: 
Memory allocated:  57.1015625
Memory cached:  98.0
	 epoch  10 training error:  tensor(0.8192, device='cuda:0', grad_fn=<DivBackward0>)
Memory status after this epoch: 
Memory allocated:  57.1015625
Memory cached:  98.0
	 epoch  20 training error:  tensor(0.5404, device='cuda:0', grad_fn=<DivBackward0>)
Memory status after this epoch: 
Memory allocated:  57.1015625
Memory cached:  98.0
	 epoch  30 training error:  tensor(0.4779, device='cuda:0', grad_fn=<DivBackward0>)
Memory status after this epoch: 
Memory allocated:  57.1015625
Memory cached:  98.0
	 epoch  40 training error:  tensor(0.4347, device='cuda:0', grad_fn=<DivBackward0>)
Memory status after this epoch: 
Memory allocated:  57.1015625
Memory cached:  98.0
	 epoch  50 training error:  tensor(0.4169, device='cuda:0', grad_fn=<DivBackward0>)
Memory status after this epoch: 
Memory allocated:  57.1015625
Memory cached:  98.0
	 epoch  60 training error:  tensor(0.4125, device='cuda:0', grad_fn=<DivBackward0>)
Memory status after this epoch: 
Memory allocated:  57.1015625
Memory cached:  98.0
	 epoch  70 training error:  tensor(0.4065, device='cuda:0', grad_fn=<DivBackward0>)
Memory status after this epoch: 
Memory allocated:  57.1015625
Memory cached:  98.0
	 epoch  80 training error:  tensor(0.4028, device='cuda:0', grad_fn=<DivBackward0>)
Memory status after this epoch: 
Memory allocated:  57.1015625
Memory cached:  98.0
	 epoch  90 training error:  tensor(0.3997, device='cuda:0', grad_fn=<DivBackward0>)
Memory status after this epoch: 
Memory allocated:  57.1015625
Memory cached:  98.0
[I 2023-12-06 11:48:44,351] Trial 16 finished with value: 0.35460758209228516 and parameters: {'W_layers': 3, 'W_layer_units_exponent_0': 6, 'W_layer_units_exponent_1': 9, 'W_layer_units_exponent_2': 9, 'D_layers': 3, 'D_layer_units_exponent_0': 8, 'D_layer_units_exponent_1': 10, 'D_layer_units_exponent_2': 6, 'log_learning_rate': -2.7196937512344173, 'log_learning_rate_D': -3.495019884421996, 'training_batch_size': 11, 'training_p': 3}. Best is trial 3 with value: 0.3470582664012909.
Time for this trial:  15.771984338760376
Memory status after this trial: 
Memory allocated:  79.05419921875
Memory cached:  96.0
--------------------  Trial  17   --------------------
Start timing: 
Parameters: 
{'W_layers': 7, 'W_layer_units_exponent_0': 10, 'W_layer_units_exponent_1': 5, 'W_layer_units_exponent_2': 9, 'W_layer_units_exponent_3': 7, 'W_layer_units_exponent_4': 4, 'W_layer_units_exponent_5': 5, 'W_layer_units_exponent_6': 9, 'D_layers': 7, 'D_layer_units_exponent_0': 6, 'D_layer_units_exponent_1': 9, 'D_layer_units_exponent_2': 8, 'D_layer_units_exponent_3': 4, 'D_layer_units_exponent_4': 7, 'D_layer_units_exponent_5': 7, 'D_layer_units_exponent_6': 10, 'log_learning_rate': -2.94478214289113, 'log_learning_rate_D': -2.8586245100145806, 'training_batch_size': 9, 'training_p': 8}
	 epoch  0 training error:  tensor(1.1656, device='cuda:0', grad_fn=<DivBackward0>)
Memory status after this epoch: 
Memory allocated:  54.654296875
Memory cached:  96.0
	 epoch  10 training error:  tensor(0.5743, device='cuda:0', grad_fn=<DivBackward0>)
Memory status after this epoch: 
Memory allocated:  54.654296875
Memory cached:  96.0
	 epoch  20 training error:  tensor(0.4607, device='cuda:0', grad_fn=<DivBackward0>)
Memory status after this epoch: 
Memory allocated:  54.654296875
Memory cached:  96.0
	 epoch  30 training error:  tensor(0.4180, device='cuda:0', grad_fn=<DivBackward0>)
Memory status after this epoch: 
Memory allocated:  54.654296875
Memory cached:  96.0
	 epoch  40 training error:  tensor(0.3839, device='cuda:0', grad_fn=<DivBackward0>)
Memory status after this epoch: 
Memory allocated:  54.654296875
Memory cached:  96.0
	 epoch  50 training error:  tensor(0.3742, device='cuda:0', grad_fn=<DivBackward0>)
Memory status after this epoch: 
Memory allocated:  54.654296875
Memory cached:  96.0
	 epoch  60 training error:  tensor(0.3707, device='cuda:0', grad_fn=<DivBackward0>)
Memory status after this epoch: 
Memory allocated:  54.654296875
Memory cached:  96.0
	 epoch  70 training error:  tensor(0.3695, device='cuda:0', grad_fn=<DivBackward0>)
Memory status after this epoch: 
Memory allocated:  54.654296875
Memory cached:  96.0
	 epoch  80 training error:  tensor(0.3693, device='cuda:0', grad_fn=<DivBackward0>)
Memory status after this epoch: 
Memory allocated:  54.654296875
Memory cached:  96.0
	 epoch  90 training error:  tensor(0.3706, device='cuda:0', grad_fn=<DivBackward0>)
Memory status after this epoch: 
Memory allocated:  54.654296875
Memory cached:  96.0
[I 2023-12-06 11:49:01,442] Trial 17 finished with value: 0.34324413537979126 and parameters: {'W_layers': 7, 'W_layer_units_exponent_0': 10, 'W_layer_units_exponent_1': 5, 'W_layer_units_exponent_2': 9, 'W_layer_units_exponent_3': 7, 'W_layer_units_exponent_4': 4, 'W_layer_units_exponent_5': 5, 'W_layer_units_exponent_6': 9, 'D_layers': 7, 'D_layer_units_exponent_0': 6, 'D_layer_units_exponent_1': 9, 'D_layer_units_exponent_2': 8, 'D_layer_units_exponent_3': 4, 'D_layer_units_exponent_4': 7, 'D_layer_units_exponent_5': 7, 'D_layer_units_exponent_6': 10, 'log_learning_rate': -2.94478214289113, 'log_learning_rate_D': -2.8586245100145806, 'training_batch_size': 9, 'training_p': 8}. Best is trial 17 with value: 0.34324413537979126.
res:  tensor(0.3432, device='cuda:0', grad_fn=<DivBackward0>)
self.bestValue:  tensor(0.3471, device='cuda:0', grad_fn=<DivBackward0>)
Save this model!
Time for this trial:  16.923757076263428
Memory status after this trial: 
Memory allocated:  54.236328125
Memory cached:  116.0
--------------------  Trial  18   --------------------
Start timing: 
Parameters: 
{'W_layers': 7, 'W_layer_units_exponent_0': 10, 'W_layer_units_exponent_1': 5, 'W_layer_units_exponent_2': 6, 'W_layer_units_exponent_3': 7, 'W_layer_units_exponent_4': 4, 'W_layer_units_exponent_5': 5, 'W_layer_units_exponent_6': 10, 'D_layers': 7, 'D_layer_units_exponent_0': 6, 'D_layer_units_exponent_1': 9, 'D_layer_units_exponent_2': 8, 'D_layer_units_exponent_3': 9, 'D_layer_units_exponent_4': 7, 'D_layer_units_exponent_5': 7, 'D_layer_units_exponent_6': 10, 'log_learning_rate': -2.259009284315029, 'log_learning_rate_D': -2.586152108348773, 'training_batch_size': 7, 'training_p': 8}
	 epoch  0 training error:  tensor(1.0175, device='cuda:0', grad_fn=<DivBackward0>)
Memory status after this epoch: 
Memory allocated:  57.50048828125
Memory cached:  116.0
	 epoch  10 training error:  tensor(0.5339, device='cuda:0', grad_fn=<DivBackward0>)
Memory status after this epoch: 
Memory allocated:  57.50048828125
Memory cached:  116.0
	 epoch  20 training error:  tensor(0.6148, device='cuda:0', grad_fn=<DivBackward0>)
Memory status after this epoch: 
Memory allocated:  57.50048828125
Memory cached:  116.0
	 epoch  30 training error:  tensor(0.4012, device='cuda:0', grad_fn=<DivBackward0>)
Memory status after this epoch: 
Memory allocated:  57.50048828125
Memory cached:  116.0
	 epoch  40 training error:  tensor(0.3815, device='cuda:0', grad_fn=<DivBackward0>)
Memory status after this epoch: 
Memory allocated:  57.50048828125
Memory cached:  116.0
	 epoch  50 training error:  tensor(0.3827, device='cuda:0', grad_fn=<DivBackward0>)
Memory status after this epoch: 
Memory allocated:  57.50048828125
Memory cached:  116.0
	 epoch  60 training error:  tensor(0.3716, device='cuda:0', grad_fn=<DivBackward0>)
Memory status after this epoch: 
Memory allocated:  57.50048828125
Memory cached:  116.0
	 epoch  70 training error:  tensor(0.4150, device='cuda:0', grad_fn=<DivBackward0>)
Memory status after this epoch: 
Memory allocated:  57.50048828125
Memory cached:  116.0
	 epoch  80 training error:  tensor(0.3809, device='cuda:0', grad_fn=<DivBackward0>)
Memory status after this epoch: 
Memory allocated:  57.50048828125
Memory cached:  116.0
	 epoch  90 training error:  tensor(0.3762, device='cuda:0', grad_fn=<DivBackward0>)
Memory status after this epoch: 
Memory allocated:  57.50048828125
Memory cached:  116.0
[I 2023-12-06 11:49:18,182] Trial 18 finished with value: 0.3461906313896179 and parameters: {'W_layers': 7, 'W_layer_units_exponent_0': 10, 'W_layer_units_exponent_1': 5, 'W_layer_units_exponent_2': 6, 'W_layer_units_exponent_3': 7, 'W_layer_units_exponent_4': 4, 'W_layer_units_exponent_5': 5, 'W_layer_units_exponent_6': 10, 'D_layers': 7, 'D_layer_units_exponent_0': 6, 'D_layer_units_exponent_1': 9, 'D_layer_units_exponent_2': 8, 'D_layer_units_exponent_3': 9, 'D_layer_units_exponent_4': 7, 'D_layer_units_exponent_5': 7, 'D_layer_units_exponent_6': 10, 'log_learning_rate': -2.259009284315029, 'log_learning_rate_D': -2.586152108348773, 'training_batch_size': 7, 'training_p': 8}. Best is trial 17 with value: 0.34324413537979126.
Time for this trial:  16.554319143295288
Memory status after this trial: 
Memory allocated:  108.34814453125
Memory cached:  136.0
--------------------  Trial  19   --------------------
Start timing: 
Parameters: 
{'W_layers': 7, 'W_layer_units_exponent_0': 10, 'W_layer_units_exponent_1': 5, 'W_layer_units_exponent_2': 6, 'W_layer_units_exponent_3': 6, 'W_layer_units_exponent_4': 4, 'W_layer_units_exponent_5': 4, 'W_layer_units_exponent_6': 10, 'D_layers': 7, 'D_layer_units_exponent_0': 5, 'D_layer_units_exponent_1': 7, 'D_layer_units_exponent_2': 8, 'D_layer_units_exponent_3': 9, 'D_layer_units_exponent_4': 7, 'D_layer_units_exponent_5': 7, 'D_layer_units_exponent_6': 10, 'log_learning_rate': -2.368703282638859, 'log_learning_rate_D': -2.625766331290051, 'training_batch_size': 7, 'training_p': 8}
	 epoch  0 training error:  tensor(0.9887, device='cuda:0', grad_fn=<DivBackward0>)
Memory status after this epoch: 
Memory allocated:  56.6826171875
Memory cached:  116.0
	 epoch  10 training error:  tensor(0.4862, device='cuda:0', grad_fn=<DivBackward0>)
Memory status after this epoch: 
Memory allocated:  56.6826171875
Memory cached:  116.0
	 epoch  20 training error:  tensor(0.5419, device='cuda:0', grad_fn=<DivBackward0>)
Memory status after this epoch: 
Memory allocated:  56.6826171875
Memory cached:  116.0
	 epoch  30 training error:  tensor(0.4135, device='cuda:0', grad_fn=<DivBackward0>)
Memory status after this epoch: 
Memory allocated:  56.6826171875
Memory cached:  116.0
	 epoch  40 training error:  tensor(0.4056, device='cuda:0', grad_fn=<DivBackward0>)
Memory status after this epoch: 
Memory allocated:  56.6826171875
Memory cached:  116.0
	 epoch  50 training error:  tensor(0.3791, device='cuda:0', grad_fn=<DivBackward0>)
Memory status after this epoch: 
Memory allocated:  56.6826171875
Memory cached:  116.0
	 epoch  60 training error:  tensor(0.3760, device='cuda:0', grad_fn=<DivBackward0>)
Memory status after this epoch: 
Memory allocated:  56.6826171875
Memory cached:  116.0
	 epoch  70 training error:  tensor(0.3732, device='cuda:0', grad_fn=<DivBackward0>)
Memory status after this epoch: 
Memory allocated:  56.6826171875
Memory cached:  116.0
	 epoch  80 training error:  tensor(0.3692, device='cuda:0', grad_fn=<DivBackward0>)
Memory status after this epoch: 
Memory allocated:  56.6826171875
Memory cached:  116.0
	 epoch  90 training error:  tensor(0.3935, device='cuda:0', grad_fn=<DivBackward0>)
Memory status after this epoch: 
Memory allocated:  56.6826171875
Memory cached:  116.0
[I 2023-12-06 11:49:34,624] Trial 19 finished with value: 0.3425348401069641 and parameters: {'W_layers': 7, 'W_layer_units_exponent_0': 10, 'W_layer_units_exponent_1': 5, 'W_layer_units_exponent_2': 6, 'W_layer_units_exponent_3': 6, 'W_layer_units_exponent_4': 4, 'W_layer_units_exponent_5': 4, 'W_layer_units_exponent_6': 10, 'D_layers': 7, 'D_layer_units_exponent_0': 5, 'D_layer_units_exponent_1': 7, 'D_layer_units_exponent_2': 8, 'D_layer_units_exponent_3': 9, 'D_layer_units_exponent_4': 7, 'D_layer_units_exponent_5': 7, 'D_layer_units_exponent_6': 10, 'log_learning_rate': -2.368703282638859, 'log_learning_rate_D': -2.625766331290051, 'training_batch_size': 7, 'training_p': 8}. Best is trial 19 with value: 0.3425348401069641.
res:  tensor(0.3425, device='cuda:0', grad_fn=<DivBackward0>)
self.bestValue:  tensor(0.3432, device='cuda:0', grad_fn=<DivBackward0>)
Save this model!
Time for this trial:  16.25125479698181
Memory status after this trial: 
Memory allocated:  52.115234375
Memory cached:  114.0
--------------------  Trial  20   --------------------
Start timing: 
Parameters: 
{'W_layers': 7, 'W_layer_units_exponent_0': 10, 'W_layer_units_exponent_1': 5, 'W_layer_units_exponent_2': 6, 'W_layer_units_exponent_3': 6, 'W_layer_units_exponent_4': 4, 'W_layer_units_exponent_5': 4, 'W_layer_units_exponent_6': 9, 'D_layers': 7, 'D_layer_units_exponent_0': 4, 'D_layer_units_exponent_1': 6, 'D_layer_units_exponent_2': 8, 'D_layer_units_exponent_3': 4, 'D_layer_units_exponent_4': 7, 'D_layer_units_exponent_5': 7, 'D_layer_units_exponent_6': 10, 'log_learning_rate': -2.311553963740822, 'log_learning_rate_D': -2.723104995760403, 'training_batch_size': 7, 'training_p': 7}
	 epoch  0 training error:  tensor(0.9207, device='cuda:0', grad_fn=<DivBackward0>)
Memory status after this epoch: 
Memory allocated:  53.61865234375
Memory cached:  114.0
	 epoch  10 training error:  tensor(0.5271, device='cuda:0', grad_fn=<DivBackward0>)
Memory status after this epoch: 
Memory allocated:  53.61865234375
Memory cached:  114.0
	 epoch  20 training error:  tensor(0.4445, device='cuda:0', grad_fn=<DivBackward0>)
Memory status after this epoch: 
Memory allocated:  53.61865234375
Memory cached:  114.0
	 epoch  30 training error:  tensor(0.3948, device='cuda:0', grad_fn=<DivBackward0>)
Memory status after this epoch: 
Memory allocated:  53.61865234375
Memory cached:  114.0
	 epoch  40 training error:  tensor(0.3738, device='cuda:0', grad_fn=<DivBackward0>)
Memory status after this epoch: 
Memory allocated:  53.61865234375
Memory cached:  114.0
	 epoch  50 training error:  tensor(0.3722, device='cuda:0', grad_fn=<DivBackward0>)
Memory status after this epoch: 
Memory allocated:  53.61865234375
Memory cached:  114.0
	 epoch  60 training error:  tensor(0.3759, device='cuda:0', grad_fn=<DivBackward0>)
Memory status after this epoch: 
Memory allocated:  53.61865234375
Memory cached:  114.0
	 epoch  70 training error:  tensor(0.3700, device='cuda:0', grad_fn=<DivBackward0>)
Memory status after this epoch: 
Memory allocated:  53.61865234375
Memory cached:  114.0
	 epoch  80 training error:  tensor(0.3685, device='cuda:0', grad_fn=<DivBackward0>)
Memory status after this epoch: 
Memory allocated:  53.61865234375
Memory cached:  114.0
	 epoch  90 training error:  tensor(0.3699, device='cuda:0', grad_fn=<DivBackward0>)
Memory status after this epoch: 
Memory allocated:  53.61865234375
Memory cached:  114.0
