[I 2023-12-06 12:09:37,878] Trial 94 finished with value: 0.3896786868572235 and parameters: {'W_layers': 4, 'W_layer_units_exponent_0': 5, 'W_layer_units_exponent_1': 10, 'W_layer_units_exponent_2': 4, 'W_layer_units_exponent_3': 8, 'D_layers': 2, 'D_layer_units_exponent_0': 7, 'D_layer_units_exponent_1': 4, 'log_learning_rate': -2.1402149410034443, 'log_learning_rate_D': -1.4391130591104093, 'training_batch_size': 11, 'training_p': 4}. Best is trial 68 with value: 0.3323483467102051.
Time for this trial:  16.440861463546753
Memory status after this trial: 
Memory allocated:  57.52392578125
Memory cached:  70.0
--------------------  Trial  95   --------------------
Start timing: 
Parameters: 
{'W_layers': 4, 'W_layer_units_exponent_0': 5, 'W_layer_units_exponent_1': 10, 'W_layer_units_exponent_2': 5, 'W_layer_units_exponent_3': 7, 'D_layers': 3, 'D_layer_units_exponent_0': 7, 'D_layer_units_exponent_1': 4, 'D_layer_units_exponent_2': 10, 'log_learning_rate': -2.312422478625368, 'log_learning_rate_D': -1.312787068057333, 'training_batch_size': 11, 'training_p': 4}
	 epoch  0 training error:  tensor(1.0468, device='cuda:0', grad_fn=<DivBackward0>)
Memory status after this epoch: 
Memory allocated:  27.39404296875
Memory cached:  50.0
	 epoch  10 training error:  tensor(0.7577, device='cuda:0', grad_fn=<DivBackward0>)
Memory status after this epoch: 
Memory allocated:  27.39404296875
Memory cached:  50.0
	 epoch  20 training error:  tensor(0.5390, device='cuda:0', grad_fn=<DivBackward0>)
Memory status after this epoch: 
Memory allocated:  27.39404296875
Memory cached:  50.0
	 epoch  30 training error:  tensor(0.4412, device='cuda:0', grad_fn=<DivBackward0>)
Memory status after this epoch: 
Memory allocated:  27.39404296875
Memory cached:  50.0
	 epoch  40 training error:  tensor(0.3997, device='cuda:0', grad_fn=<DivBackward0>)
Memory status after this epoch: 
Memory allocated:  27.39404296875
Memory cached:  50.0
	 epoch  50 training error:  tensor(0.3790, device='cuda:0', grad_fn=<DivBackward0>)
Memory status after this epoch: 
Memory allocated:  27.39404296875
Memory cached:  50.0
	 epoch  60 training error:  tensor(0.3705, device='cuda:0', grad_fn=<DivBackward0>)
Memory status after this epoch: 
Memory allocated:  27.39404296875
Memory cached:  50.0
	 epoch  70 training error:  tensor(0.3672, device='cuda:0', grad_fn=<DivBackward0>)
Memory status after this epoch: 
Memory allocated:  27.39404296875
Memory cached:  50.0
	 epoch  80 training error:  tensor(0.3654, device='cuda:0', grad_fn=<DivBackward0>)
Memory status after this epoch: 
Memory allocated:  27.39404296875
Memory cached:  50.0
	 epoch  90 training error:  tensor(0.3625, device='cuda:0', grad_fn=<DivBackward0>)
Memory status after this epoch: 
Memory allocated:  27.39404296875
Memory cached:  50.0
[I 2023-12-06 12:09:54,241] Trial 95 finished with value: 0.3395117223262787 and parameters: {'W_layers': 4, 'W_layer_units_exponent_0': 5, 'W_layer_units_exponent_1': 10, 'W_layer_units_exponent_2': 5, 'W_layer_units_exponent_3': 7, 'D_layers': 3, 'D_layer_units_exponent_0': 7, 'D_layer_units_exponent_1': 4, 'D_layer_units_exponent_2': 10, 'log_learning_rate': -2.312422478625368, 'log_learning_rate_D': -1.312787068057333, 'training_batch_size': 11, 'training_p': 4}. Best is trial 68 with value: 0.3323483467102051.
Time for this trial:  16.19001531600952
Memory status after this trial: 
Memory allocated:  54.61474609375
Memory cached:  72.0
--------------------  Trial  96   --------------------
Start timing: 
Parameters: 
{'W_layers': 5, 'W_layer_units_exponent_0': 7, 'W_layer_units_exponent_1': 10, 'W_layer_units_exponent_2': 4, 'W_layer_units_exponent_3': 7, 'W_layer_units_exponent_4': 8, 'D_layers': 5, 'D_layer_units_exponent_0': 7, 'D_layer_units_exponent_1': 5, 'D_layer_units_exponent_2': 10, 'D_layer_units_exponent_3': 9, 'D_layer_units_exponent_4': 7, 'log_learning_rate': -1.9660859532664443, 'log_learning_rate_D': -1.7106460334679368, 'training_batch_size': 12, 'training_p': 3}
	 epoch  0 training error:  tensor(0.9933, device='cuda:0', grad_fn=<DivBackward0>)
Memory status after this epoch: 
Memory allocated:  31.443359375
Memory cached:  48.0
	 epoch  10 training error:  tensor(1.2769, device='cuda:0', grad_fn=<DivBackward0>)
Memory status after this epoch: 
Memory allocated:  31.443359375
Memory cached:  48.0
	 epoch  20 training error:  tensor(0.5050, device='cuda:0', grad_fn=<DivBackward0>)
Memory status after this epoch: 
Memory allocated:  31.443359375
Memory cached:  48.0
	 epoch  30 training error:  tensor(0.3912, device='cuda:0', grad_fn=<DivBackward0>)
Memory status after this epoch: 
Memory allocated:  31.443359375
Memory cached:  48.0
	 epoch  40 training error:  tensor(0.3742, device='cuda:0', grad_fn=<DivBackward0>)
Memory status after this epoch: 
Memory allocated:  31.443359375
Memory cached:  48.0
	 epoch  50 training error:  tensor(0.4005, device='cuda:0', grad_fn=<DivBackward0>)
Memory status after this epoch: 
Memory allocated:  31.443359375
Memory cached:  48.0
	 epoch  60 training error:  tensor(0.3895, device='cuda:0', grad_fn=<DivBackward0>)
Memory status after this epoch: 
Memory allocated:  31.443359375
Memory cached:  48.0
	 epoch  70 training error:  tensor(0.3770, device='cuda:0', grad_fn=<DivBackward0>)
Memory status after this epoch: 
Memory allocated:  31.443359375
Memory cached:  48.0
	 epoch  80 training error:  tensor(0.3703, device='cuda:0', grad_fn=<DivBackward0>)
Memory status after this epoch: 
Memory allocated:  31.443359375
Memory cached:  48.0
	 epoch  90 training error:  tensor(0.3831, device='cuda:0', grad_fn=<DivBackward0>)
Memory status after this epoch: 
Memory allocated:  31.443359375
Memory cached:  48.0
[I 2023-12-06 12:10:10,948] Trial 96 finished with value: 0.33776453137397766 and parameters: {'W_layers': 5, 'W_layer_units_exponent_0': 7, 'W_layer_units_exponent_1': 10, 'W_layer_units_exponent_2': 4, 'W_layer_units_exponent_3': 7, 'W_layer_units_exponent_4': 8, 'D_layers': 5, 'D_layer_units_exponent_0': 7, 'D_layer_units_exponent_1': 5, 'D_layer_units_exponent_2': 10, 'D_layer_units_exponent_3': 9, 'D_layer_units_exponent_4': 7, 'log_learning_rate': -1.9660859532664443, 'log_learning_rate_D': -1.7106460334679368, 'training_batch_size': 12, 'training_p': 3}. Best is trial 68 with value: 0.3323483467102051.
Time for this trial:  16.482774257659912
Memory status after this trial: 
Memory allocated:  64.05908203125
Memory cached:  74.0
--------------------  Trial  97   --------------------
Start timing: 
Parameters: 
{'W_layers': 4, 'W_layer_units_exponent_0': 6, 'W_layer_units_exponent_1': 8, 'W_layer_units_exponent_2': 6, 'W_layer_units_exponent_3': 8, 'D_layers': 6, 'D_layer_units_exponent_0': 9, 'D_layer_units_exponent_1': 4, 'D_layer_units_exponent_2': 4, 'D_layer_units_exponent_3': 9, 'D_layer_units_exponent_4': 8, 'D_layer_units_exponent_5': 4, 'log_learning_rate': -2.177336699320214, 'log_learning_rate_D': -1.5807720775795853, 'training_batch_size': 11, 'training_p': 2}
	 epoch  0 training error:  tensor(1.1504, device='cuda:0', grad_fn=<DivBackward0>)
Memory status after this epoch: 
Memory allocated:  27.5869140625
Memory cached:  48.0
	 epoch  10 training error:  tensor(0.7826, device='cuda:0', grad_fn=<DivBackward0>)
Memory status after this epoch: 
Memory allocated:  27.5869140625
Memory cached:  48.0
	 epoch  20 training error:  tensor(0.4986, device='cuda:0', grad_fn=<DivBackward0>)
Memory status after this epoch: 
Memory allocated:  27.5869140625
Memory cached:  48.0
	 epoch  30 training error:  tensor(0.3964, device='cuda:0', grad_fn=<DivBackward0>)
Memory status after this epoch: 
Memory allocated:  27.5869140625
Memory cached:  48.0
	 epoch  40 training error:  tensor(0.3742, device='cuda:0', grad_fn=<DivBackward0>)
Memory status after this epoch: 
Memory allocated:  27.5869140625
Memory cached:  48.0
	 epoch  50 training error:  tensor(0.3643, device='cuda:0', grad_fn=<DivBackward0>)
Memory status after this epoch: 
Memory allocated:  27.5869140625
Memory cached:  48.0
	 epoch  60 training error:  tensor(0.3599, device='cuda:0', grad_fn=<DivBackward0>)
Memory status after this epoch: 
Memory allocated:  27.5869140625
Memory cached:  48.0
	 epoch  70 training error:  tensor(0.3573, device='cuda:0', grad_fn=<DivBackward0>)
Memory status after this epoch: 
Memory allocated:  27.5869140625
Memory cached:  48.0
	 epoch  80 training error:  tensor(0.3547, device='cuda:0', grad_fn=<DivBackward0>)
Memory status after this epoch: 
Memory allocated:  27.5869140625
Memory cached:  48.0
	 epoch  90 training error:  tensor(0.3526, device='cuda:0', grad_fn=<DivBackward0>)
Memory status after this epoch: 
Memory allocated:  27.5869140625
Memory cached:  48.0
[I 2023-12-06 12:10:26,835] Trial 97 finished with value: 0.34106630086898804 and parameters: {'W_layers': 4, 'W_layer_units_exponent_0': 6, 'W_layer_units_exponent_1': 8, 'W_layer_units_exponent_2': 6, 'W_layer_units_exponent_3': 8, 'D_layers': 6, 'D_layer_units_exponent_0': 9, 'D_layer_units_exponent_1': 4, 'D_layer_units_exponent_2': 4, 'D_layer_units_exponent_3': 9, 'D_layer_units_exponent_4': 8, 'D_layer_units_exponent_5': 4, 'log_learning_rate': -2.177336699320214, 'log_learning_rate_D': -1.5807720775795853, 'training_batch_size': 11, 'training_p': 2}. Best is trial 68 with value: 0.3323483467102051.
Time for this trial:  15.694372415542603
Memory status after this trial: 
Memory allocated:  41.78662109375
Memory cached:  50.0
--------------------  Trial  98   --------------------
Start timing: 
Parameters: 
{'W_layers': 3, 'W_layer_units_exponent_0': 5, 'W_layer_units_exponent_1': 10, 'W_layer_units_exponent_2': 4, 'D_layers': 3, 'D_layer_units_exponent_0': 7, 'D_layer_units_exponent_1': 4, 'D_layer_units_exponent_2': 9, 'log_learning_rate': -1.7075305563984344, 'log_learning_rate_D': -1.8297296257807107, 'training_batch_size': 11, 'training_p': 4}
	 epoch  0 training error:  tensor(1.2668, device='cuda:0', grad_fn=<DivBackward0>)
Memory status after this epoch: 
Memory allocated:  27.04638671875
Memory cached:  50.0
	 epoch  10 training error:  tensor(0.6399, device='cuda:0', grad_fn=<DivBackward0>)
Memory status after this epoch: 
Memory allocated:  27.04638671875
Memory cached:  50.0
	 epoch  20 training error:  tensor(0.7275, device='cuda:0', grad_fn=<DivBackward0>)
Memory status after this epoch: 
Memory allocated:  27.04638671875
Memory cached:  50.0
	 epoch  30 training error:  tensor(0.6367, device='cuda:0', grad_fn=<DivBackward0>)
Memory status after this epoch: 
Memory allocated:  27.04638671875
Memory cached:  50.0
	 epoch  40 training error:  tensor(0.6452, device='cuda:0', grad_fn=<DivBackward0>)
Memory status after this epoch: 
Memory allocated:  27.04638671875
Memory cached:  50.0
	 epoch  50 training error:  tensor(0.6504, device='cuda:0', grad_fn=<DivBackward0>)
Memory status after this epoch: 
Memory allocated:  27.04638671875
Memory cached:  50.0
	 epoch  60 training error:  tensor(0.6370, device='cuda:0', grad_fn=<DivBackward0>)
Memory status after this epoch: 
Memory allocated:  27.04638671875
Memory cached:  50.0
	 epoch  70 training error:  tensor(0.6382, device='cuda:0', grad_fn=<DivBackward0>)
Memory status after this epoch: 
Memory allocated:  27.04638671875
Memory cached:  50.0
	 epoch  80 training error:  tensor(0.6370, device='cuda:0', grad_fn=<DivBackward0>)
Memory status after this epoch: 
Memory allocated:  27.04638671875
Memory cached:  50.0
	 epoch  90 training error:  tensor(0.6366, device='cuda:0', grad_fn=<DivBackward0>)
Memory status after this epoch: 
Memory allocated:  27.04638671875
Memory cached:  50.0
[I 2023-12-06 12:10:43,053] Trial 98 finished with value: 0.6102336049079895 and parameters: {'W_layers': 3, 'W_layer_units_exponent_0': 5, 'W_layer_units_exponent_1': 10, 'W_layer_units_exponent_2': 4, 'D_layers': 3, 'D_layer_units_exponent_0': 7, 'D_layer_units_exponent_1': 4, 'D_layer_units_exponent_2': 9, 'log_learning_rate': -1.7075305563984344, 'log_learning_rate_D': -1.8297296257807107, 'training_batch_size': 11, 'training_p': 4}. Best is trial 68 with value: 0.3323483467102051.
Time for this trial:  16.066553592681885
Memory status after this trial: 
Memory allocated:  51.16162109375
Memory cached:  68.0
--------------------  Trial  99   --------------------
Start timing: 
Parameters: 
{'W_layers': 4, 'W_layer_units_exponent_0': 6, 'W_layer_units_exponent_1': 7, 'W_layer_units_exponent_2': 4, 'W_layer_units_exponent_3': 4, 'D_layers': 5, 'D_layer_units_exponent_0': 7, 'D_layer_units_exponent_1': 5, 'D_layer_units_exponent_2': 10, 'D_layer_units_exponent_3': 6, 'D_layer_units_exponent_4': 9, 'log_learning_rate': -2.075990172046261, 'log_learning_rate_D': -2.1163620261031535, 'training_batch_size': 12, 'training_p': 3}
	 epoch  0 training error:  tensor(0.7668, device='cuda:0', grad_fn=<DivBackward0>)
Memory status after this epoch: 
Memory allocated:  26.92578125
Memory cached:  48.0
	 epoch  10 training error:  tensor(0.4486, device='cuda:0', grad_fn=<DivBackward0>)
Memory status after this epoch: 
Memory allocated:  26.92578125
Memory cached:  48.0
	 epoch  20 training error:  tensor(0.4118, device='cuda:0', grad_fn=<DivBackward0>)
Memory status after this epoch: 
Memory allocated:  26.92578125
Memory cached:  48.0
	 epoch  30 training error:  tensor(0.3972, device='cuda:0', grad_fn=<DivBackward0>)
Memory status after this epoch: 
Memory allocated:  26.92578125
Memory cached:  48.0
	 epoch  40 training error:  tensor(0.3806, device='cuda:0', grad_fn=<DivBackward0>)
Memory status after this epoch: 
Memory allocated:  26.92578125
Memory cached:  48.0
	 epoch  50 training error:  tensor(0.3718, device='cuda:0', grad_fn=<DivBackward0>)
Memory status after this epoch: 
Memory allocated:  26.92578125
Memory cached:  48.0
	 epoch  60 training error:  tensor(0.3640, device='cuda:0', grad_fn=<DivBackward0>)
Memory status after this epoch: 
Memory allocated:  26.92578125
Memory cached:  48.0
	 epoch  70 training error:  tensor(0.3592, device='cuda:0', grad_fn=<DivBackward0>)
Memory status after this epoch: 
Memory allocated:  26.92578125
Memory cached:  48.0
	 epoch  80 training error:  tensor(0.3567, device='cuda:0', grad_fn=<DivBackward0>)
Memory status after this epoch: 
Memory allocated:  26.92578125
Memory cached:  48.0
	 epoch  90 training error:  tensor(0.3552, device='cuda:0', grad_fn=<DivBackward0>)
Memory status after this epoch: 
Memory allocated:  26.92578125
Memory cached:  48.0
[I 2023-12-06 12:10:58,483] Trial 99 finished with value: 0.3364015519618988 and parameters: {'W_layers': 4, 'W_layer_units_exponent_0': 6, 'W_layer_units_exponent_1': 7, 'W_layer_units_exponent_2': 4, 'W_layer_units_exponent_3': 4, 'D_layers': 5, 'D_layer_units_exponent_0': 7, 'D_layer_units_exponent_1': 5, 'D_layer_units_exponent_2': 10, 'D_layer_units_exponent_3': 6, 'D_layer_units_exponent_4': 9, 'log_learning_rate': -2.075990172046261, 'log_learning_rate_D': -2.1163620261031535, 'training_batch_size': 12, 'training_p': 3}. Best is trial 68 with value: 0.3323483467102051.
Time for this trial:  15.251045227050781
Memory status after this trial: 
Memory allocated:  31.45166015625
Memory cached:  50.0
