[I 2024-03-12 17:19:56,891] Trial 114 finished with value: 0.3764594495296478 and parameters: {'log_learning_rate': -2.061239013757473, 'log_learning_rate_D': -3.587790134701721, 'log_learning_rate_D_dagger': -1.3303441685108073, 'training_batch_size': 9, 'training_p': 3, 'p_order_W': 4, 'p_order_D': 4, 'p_order_D_dagger': 3}. Best is trial 109 with value: 0.3218425512313843.
Time for this trial:  111.31806325912476
Memory status after this trial: 
Memory allocated:  3.7412109375
Memory cached:  8.0
--------------------  Trial  115   --------------------
Start timing: 
Parameters: 
{'log_learning_rate': -2.280814297584786, 'log_learning_rate_D': -3.7953741004691475, 'log_learning_rate_D_dagger': -1.6330610756331065, 'training_batch_size': 7, 'training_p': 4, 'p_order_W': 5, 'p_order_D': 4, 'p_order_D_dagger': 2}

	 epoch  0 training error:  tensor(1.2624, grad_fn=<ToCopyBackward0>)
Memory status after this epoch: 
Memory allocated:  2.03662109375
Memory cached:  4.0
	 epoch  10 training error:  tensor(0.4801, grad_fn=<ToCopyBackward0>)
Memory status after this epoch: 
Memory allocated:  2.03662109375
Memory cached:  4.0
	 epoch  20 training error:  tensor(0.4585, grad_fn=<ToCopyBackward0>)
Memory status after this epoch: 
Memory allocated:  2.03662109375
Memory cached:  4.0
	 epoch  30 training error:  tensor(0.4569, grad_fn=<ToCopyBackward0>)
Memory status after this epoch: 
Memory allocated:  2.03662109375
Memory cached:  4.0
	 epoch  40 training error:  tensor(0.4569, grad_fn=<ToCopyBackward0>)
Memory status after this epoch: 
Memory allocated:  2.03662109375
Memory cached:  4.0
	 epoch  50 training error:  tensor(0.4569, grad_fn=<ToCopyBackward0>)
Memory status after this epoch: 
Memory allocated:  2.03662109375
Memory cached:  4.0
	 epoch  60 training error:  tensor(0.4569, grad_fn=<ToCopyBackward0>)
Memory status after this epoch: 
Memory allocated:  2.03662109375
Memory cached:  4.0
	 epoch  70 training error:  tensor(0.4569, grad_fn=<ToCopyBackward0>)
Memory status after this epoch: 
Memory allocated:  2.03662109375
Memory cached:  4.0
	 epoch  80 training error:  tensor(0.4569, grad_fn=<ToCopyBackward0>)
Memory status after this epoch: 
Memory allocated:  2.03662109375
Memory cached:  4.0
	 epoch  90 training error:  tensor(0.4569, grad_fn=<ToCopyBackward0>)
Memory status after this epoch: 
Memory allocated:  2.03662109375
Memory cached:  4.0
[I 2024-03-12 17:24:55,245] Trial 115 finished with value: 0.39755532145500183 and parameters: {'log_learning_rate': -2.280814297584786, 'log_learning_rate_D': -3.7953741004691475, 'log_learning_rate_D_dagger': -1.6330610756331065, 'training_batch_size': 7, 'training_p': 4, 'p_order_W': 5, 'p_order_D': 4, 'p_order_D_dagger': 2}. Best is trial 109 with value: 0.3218425512313843.
Time for this trial:  298.1014130115509
Memory status after this trial: 
Memory allocated:  3.544921875
Memory cached:  4.0
--------------------  Trial  116   --------------------
Start timing: 
Parameters: 
{'log_learning_rate': -1.4706549800713449, 'log_learning_rate_D': -3.3093482754911836, 'log_learning_rate_D_dagger': -1.5427256916719905, 'training_batch_size': 7, 'training_p': 3, 'p_order_W': 4, 'p_order_D': 4, 'p_order_D_dagger': 3}

	 epoch  0 training error:  tensor(140.0181, grad_fn=<ToCopyBackward0>)
Memory status after this epoch: 
Memory allocated:  2.03662109375
Memory cached:  4.0
	 epoch  10 training error:  tensor(2.6561, grad_fn=<ToCopyBackward0>)
Memory status after this epoch: 
Memory allocated:  2.03662109375
Memory cached:  4.0
	 epoch  20 training error:  tensor(0.5567, grad_fn=<ToCopyBackward0>)
Memory status after this epoch: 
Memory allocated:  2.03662109375
Memory cached:  6.0
	 epoch  30 training error:  tensor(0.4671, grad_fn=<ToCopyBackward0>)
Memory status after this epoch: 
Memory allocated:  2.03662109375
Memory cached:  6.0
	 epoch  40 training error:  tensor(0.4519, grad_fn=<ToCopyBackward0>)
Memory status after this epoch: 
Memory allocated:  2.03662109375
Memory cached:  4.0
	 epoch  50 training error:  tensor(0.4403, grad_fn=<ToCopyBackward0>)
Memory status after this epoch: 
Memory allocated:  2.03662109375
Memory cached:  4.0
	 epoch  60 training error:  tensor(0.4309, grad_fn=<ToCopyBackward0>)
Memory status after this epoch: 
Memory allocated:  2.03662109375
Memory cached:  6.0
	 epoch  70 training error:  tensor(0.4236, grad_fn=<ToCopyBackward0>)
Memory status after this epoch: 
Memory allocated:  2.03662109375
Memory cached:  4.0
	 epoch  80 training error:  tensor(0.4192, grad_fn=<ToCopyBackward0>)
Memory status after this epoch: 
Memory allocated:  2.03662109375
Memory cached:  6.0
	 epoch  90 training error:  tensor(0.4166, grad_fn=<ToCopyBackward0>)
Memory status after this epoch: 
Memory allocated:  2.03662109375
Memory cached:  6.0
[I 2024-03-12 17:29:53,607] Trial 116 finished with value: 0.38227954506874084 and parameters: {'log_learning_rate': -1.4706549800713449, 'log_learning_rate_D': -3.3093482754911836, 'log_learning_rate_D_dagger': -1.5427256916719905, 'training_batch_size': 7, 'training_p': 3, 'p_order_W': 4, 'p_order_D': 4, 'p_order_D_dagger': 3}. Best is trial 109 with value: 0.3218425512313843.
Time for this trial:  298.1033902168274
Memory status after this trial: 
Memory allocated:  3.7412109375
Memory cached:  4.0
--------------------  Trial  117   --------------------
Start timing: 
Parameters: 
{'log_learning_rate': -2.3951313495596342, 'log_learning_rate_D': -3.6845407362781963, 'log_learning_rate_D_dagger': -1.2291950279513502, 'training_batch_size': 8, 'training_p': 4, 'p_order_W': 5, 'p_order_D': 4, 'p_order_D_dagger': 3}

	 epoch  0 training error:  tensor(94.2869, grad_fn=<ToCopyBackward0>)
Memory status after this epoch: 
Memory allocated:  2.03662109375
Memory cached:  6.0
	 epoch  10 training error:  tensor(3.6055, grad_fn=<ToCopyBackward0>)
Memory status after this epoch: 
Memory allocated:  2.03662109375
Memory cached:  6.0
	 epoch  20 training error:  tensor(0.9975, grad_fn=<ToCopyBackward0>)
Memory status after this epoch: 
Memory allocated:  2.03662109375
Memory cached:  6.0
	 epoch  30 training error:  tensor(0.6557, grad_fn=<ToCopyBackward0>)
Memory status after this epoch: 
Memory allocated:  2.03662109375
Memory cached:  6.0
	 epoch  40 training error:  tensor(0.4603, grad_fn=<ToCopyBackward0>)
Memory status after this epoch: 
Memory allocated:  2.03662109375
Memory cached:  6.0
	 epoch  50 training error:  tensor(0.4319, grad_fn=<ToCopyBackward0>)
Memory status after this epoch: 
Memory allocated:  2.03662109375
Memory cached:  6.0
	 epoch  60 training error:  tensor(0.4297, grad_fn=<ToCopyBackward0>)
Memory status after this epoch: 
Memory allocated:  2.03662109375
Memory cached:  6.0
	 epoch  70 training error:  tensor(0.4294, grad_fn=<ToCopyBackward0>)
Memory status after this epoch: 
Memory allocated:  2.03662109375
Memory cached:  8.0
	 epoch  80 training error:  tensor(0.4293, grad_fn=<ToCopyBackward0>)
Memory status after this epoch: 
Memory allocated:  2.03662109375
Memory cached:  6.0
	 epoch  90 training error:  tensor(0.4292, grad_fn=<ToCopyBackward0>)
Memory status after this epoch: 
Memory allocated:  2.03662109375
Memory cached:  6.0
[I 2024-03-12 17:33:32,592] Trial 117 finished with value: 0.3469022810459137 and parameters: {'log_learning_rate': -2.3951313495596342, 'log_learning_rate_D': -3.6845407362781963, 'log_learning_rate_D_dagger': -1.2291950279513502, 'training_batch_size': 8, 'training_p': 4, 'p_order_W': 5, 'p_order_D': 4, 'p_order_D_dagger': 3}. Best is trial 109 with value: 0.3218425512313843.
Time for this trial:  218.70555520057678
Memory status after this trial: 
Memory allocated:  3.935546875
Memory cached:  6.0
--------------------  Trial  118   --------------------
Start timing: 
Parameters: 
{'log_learning_rate': -2.4043303208634152, 'log_learning_rate_D': -3.6992717436437634, 'log_learning_rate_D_dagger': -1.2684467006122684, 'training_batch_size': 8, 'training_p': 4, 'p_order_W': 4, 'p_order_D': 4, 'p_order_D_dagger': 3}

[W 2024-03-12 17:33:35,701] Trial 118 failed with parameters: {'log_learning_rate': -2.4043303208634152, 'log_learning_rate_D': -3.6992717436437634, 'log_learning_rate_D_dagger': -1.2684467006122684, 'training_batch_size': 8, 'training_p': 4, 'p_order_W': 4, 'p_order_D': 4, 'p_order_D_dagger': 3} because of the following error: The value nan is not acceptable.
[W 2024-03-12 17:33:35,702] Trial 118 failed with value tensor(nan, grad_fn=<ToCopyBackward0>).
Time for this trial:  2.8675777912139893
Memory status after this trial: 
Memory allocated:  3.7412109375
Memory cached:  4.0
--------------------  Trial  119   --------------------
Start timing: 
Parameters: 
{'log_learning_rate': -2.38541660502602, 'log_learning_rate_D': -3.974513843680898, 'log_learning_rate_D_dagger': -1.223852894285634, 'training_batch_size': 8, 'training_p': 4, 'p_order_W': 5, 'p_order_D': 4, 'p_order_D_dagger': 3}

	 epoch  0 training error:  tensor(46.6395, grad_fn=<ToCopyBackward0>)
Memory status after this epoch: 
Memory allocated:  2.03662109375
Memory cached:  6.0
	 epoch  10 training error:  tensor(1.9308, grad_fn=<ToCopyBackward0>)
Memory status after this epoch: 
Memory allocated:  2.03662109375
Memory cached:  6.0
	 epoch  20 training error:  tensor(0.4890, grad_fn=<ToCopyBackward0>)
Memory status after this epoch: 
Memory allocated:  2.03662109375
Memory cached:  6.0
	 epoch  30 training error:  tensor(0.4884, grad_fn=<ToCopyBackward0>)
Memory status after this epoch: 
Memory allocated:  2.03662109375
Memory cached:  6.0
	 epoch  40 training error:  tensor(0.4770, grad_fn=<ToCopyBackward0>)
Memory status after this epoch: 
Memory allocated:  2.03662109375
Memory cached:  6.0
	 epoch  50 training error:  tensor(0.4708, grad_fn=<ToCopyBackward0>)
Memory status after this epoch: 
Memory allocated:  2.03662109375
Memory cached:  6.0
	 epoch  60 training error:  tensor(0.4642, grad_fn=<ToCopyBackward0>)
Memory status after this epoch: 
Memory allocated:  2.03662109375
Memory cached:  6.0
	 epoch  70 training error:  tensor(0.4573, grad_fn=<ToCopyBackward0>)
Memory status after this epoch: 
Memory allocated:  2.03662109375
Memory cached:  8.0
	 epoch  80 training error:  tensor(0.5024, grad_fn=<ToCopyBackward0>)
Memory status after this epoch: 
Memory allocated:  2.03662109375
Memory cached:  6.0
	 epoch  90 training error:  tensor(0.4685, grad_fn=<ToCopyBackward0>)
Memory status after this epoch: 
Memory allocated:  2.03662109375
Memory cached:  6.0
[I 2024-03-12 17:37:13,418] Trial 119 finished with value: 0.39805102348327637 and parameters: {'log_learning_rate': -2.38541660502602, 'log_learning_rate_D': -3.974513843680898, 'log_learning_rate_D_dagger': -1.223852894285634, 'training_batch_size': 8, 'training_p': 4, 'p_order_W': 5, 'p_order_D': 4, 'p_order_D_dagger': 3}. Best is trial 109 with value: 0.3218425512313843.
Time for this trial:  217.44063258171082
Memory status after this trial: 
Memory allocated:  3.935546875
Memory cached:  6.0
--------------------  Trial  120   --------------------
Start timing: 
Parameters: 
{'log_learning_rate': -1.9917288938980748, 'log_learning_rate_D': -3.466800216657962, 'log_learning_rate_D_dagger': -1.3341471171198291, 'training_batch_size': 8, 'training_p': 4, 'p_order_W': 5, 'p_order_D': 4, 'p_order_D_dagger': 3}

	 epoch  0 training error:  tensor(6.5005, grad_fn=<ToCopyBackward0>)
Memory status after this epoch: 
Memory allocated:  2.03662109375
Memory cached:  6.0
	 epoch  10 training error:  tensor(1.2000, grad_fn=<ToCopyBackward0>)
Memory status after this epoch: 
Memory allocated:  2.03662109375
Memory cached:  6.0
	 epoch  20 training error:  tensor(0.5739, grad_fn=<ToCopyBackward0>)
Memory status after this epoch: 
Memory allocated:  2.03662109375
Memory cached:  6.0
	 epoch  30 training error:  tensor(0.4858, grad_fn=<ToCopyBackward0>)
Memory status after this epoch: 
Memory allocated:  2.03662109375
Memory cached:  6.0
	 epoch  40 training error:  tensor(0.4698, grad_fn=<ToCopyBackward0>)
Memory status after this epoch: 
Memory allocated:  2.03662109375
Memory cached:  6.0
	 epoch  50 training error:  tensor(0.4585, grad_fn=<ToCopyBackward0>)
Memory status after this epoch: 
Memory allocated:  2.03662109375
Memory cached:  6.0
	 epoch  60 training error:  tensor(0.4467, grad_fn=<ToCopyBackward0>)
Memory status after this epoch: 
Memory allocated:  2.03662109375
Memory cached:  6.0
	 epoch  70 training error:  tensor(0.4391, grad_fn=<ToCopyBackward0>)
Memory status after this epoch: 
Memory allocated:  2.03662109375
Memory cached:  8.0
	 epoch  80 training error:  tensor(0.4337, grad_fn=<ToCopyBackward0>)
Memory status after this epoch: 
Memory allocated:  2.03662109375
Memory cached:  6.0
	 epoch  90 training error:  tensor(0.4331, grad_fn=<ToCopyBackward0>)
Memory status after this epoch: 
Memory allocated:  2.03662109375
Memory cached:  6.0
[I 2024-03-12 17:40:51,457] Trial 120 finished with value: 0.3489050567150116 and parameters: {'log_learning_rate': -1.9917288938980748, 'log_learning_rate_D': -3.466800216657962, 'log_learning_rate_D_dagger': -1.3341471171198291, 'training_batch_size': 8, 'training_p': 4, 'p_order_W': 5, 'p_order_D': 4, 'p_order_D_dagger': 3}. Best is trial 109 with value: 0.3218425512313843.
Time for this trial:  217.7707760334015
Memory status after this trial: 
Memory allocated:  3.935546875
Memory cached:  6.0
--------------------  Trial  121   --------------------
Start timing: 
Parameters: 
{'log_learning_rate': -2.2280984614208497, 'log_learning_rate_D': -3.6914845535498326, 'log_learning_rate_D_dagger': -1.346023051839851, 'training_batch_size': 9, 'training_p': 4, 'p_order_W': 5, 'p_order_D': 4, 'p_order_D_dagger': 3}

	 epoch  0 training error:  tensor(31.8428, grad_fn=<ToCopyBackward0>)
Memory status after this epoch: 
Memory allocated:  2.13427734375
Memory cached:  8.0
	 epoch  10 training error:  tensor(7.7131, grad_fn=<ToCopyBackward0>)
Memory status after this epoch: 
Memory allocated:  2.13427734375
Memory cached:  8.0
	 epoch  20 training error:  tensor(0.7394, grad_fn=<ToCopyBackward0>)
Memory status after this epoch: 
Memory allocated:  2.13427734375
Memory cached:  8.0
	 epoch  30 training error:  tensor(0.8151, grad_fn=<ToCopyBackward0>)
Memory status after this epoch: 
Memory allocated:  2.13427734375
Memory cached:  8.0
	 epoch  40 training error:  tensor(0.5617, grad_fn=<ToCopyBackward0>)
Memory status after this epoch: 
Memory allocated:  2.13427734375
Memory cached:  8.0
	 epoch  50 training error:  tensor(0.5572, grad_fn=<ToCopyBackward0>)
Memory status after this epoch: 
Memory allocated:  2.13427734375
Memory cached:  8.0
	 epoch  60 training error:  tensor(0.5144, grad_fn=<ToCopyBackward0>)
Memory status after this epoch: 
Memory allocated:  2.13427734375
Memory cached:  8.0
	 epoch  70 training error:  tensor(0.4933, grad_fn=<ToCopyBackward0>)
Memory status after this epoch: 
Memory allocated:  2.13427734375
Memory cached:  8.0
	 epoch  80 training error:  tensor(0.4772, grad_fn=<ToCopyBackward0>)
Memory status after this epoch: 
Memory allocated:  2.13427734375
Memory cached:  8.0
	 epoch  90 training error:  tensor(0.4717, grad_fn=<ToCopyBackward0>)
Memory status after this epoch: 
Memory allocated:  2.13427734375
Memory cached:  8.0
[I 2024-03-12 17:42:50,062] Trial 121 finished with value: 0.41461801528930664 and parameters: {'log_learning_rate': -2.2280984614208497, 'log_learning_rate_D': -3.6914845535498326, 'log_learning_rate_D_dagger': -1.346023051839851, 'training_batch_size': 9, 'training_p': 4, 'p_order_W': 5, 'p_order_D': 4, 'p_order_D_dagger': 3}. Best is trial 109 with value: 0.3218425512313843.
Time for this trial:  118.3636908531189
Memory status after this trial: 
Memory allocated:  3.935546875
Memory cached:  6.0
--------------------  Trial  122   --------------------
Start timing: 
Parameters: 
{'log_learning_rate': -1.7879033409179985, 'log_learning_rate_D': -3.460487809775854, 'log_learning_rate_D_dagger': -1.4738649106496062, 'training_batch_size': 8, 'training_p': 4, 'p_order_W': 5, 'p_order_D': 4, 'p_order_D_dagger': 3}

	 epoch  0 training error:  tensor(271.6436, grad_fn=<ToCopyBackward0>)
Memory status after this epoch: 
Memory allocated:  2.03662109375
Memory cached:  6.0
	 epoch  10 training error:  tensor(11.3663, grad_fn=<ToCopyBackward0>)
Memory status after this epoch: 
Memory allocated:  2.03662109375
Memory cached:  6.0
	 epoch  20 training error:  tensor(2.2056, grad_fn=<ToCopyBackward0>)
Memory status after this epoch: 
Memory allocated:  2.03662109375
Memory cached:  6.0
	 epoch  30 training error:  tensor(0.8059, grad_fn=<ToCopyBackward0>)
Memory status after this epoch: 
Memory allocated:  2.03662109375
Memory cached:  6.0
	 epoch  40 training error:  tensor(0.6636, grad_fn=<ToCopyBackward0>)
Memory status after this epoch: 
Memory allocated:  2.03662109375
Memory cached:  6.0
	 epoch  50 training error:  tensor(0.6126, grad_fn=<ToCopyBackward0>)
Memory status after this epoch: 
Memory allocated:  2.03662109375
Memory cached:  6.0
	 epoch  60 training error:  tensor(0.5767, grad_fn=<ToCopyBackward0>)
Memory status after this epoch: 
Memory allocated:  2.03662109375
Memory cached:  6.0
	 epoch  70 training error:  tensor(0.5521, grad_fn=<ToCopyBackward0>)
Memory status after this epoch: 
Memory allocated:  2.03662109375
Memory cached:  8.0
	 epoch  80 training error:  tensor(0.5341, grad_fn=<ToCopyBackward0>)
Memory status after this epoch: 
Memory allocated:  2.03662109375
Memory cached:  6.0
	 epoch  90 training error:  tensor(0.5205, grad_fn=<ToCopyBackward0>)
Memory status after this epoch: 
Memory allocated:  2.03662109375
Memory cached:  6.0
[I 2024-03-12 17:46:28,176] Trial 122 finished with value: 0.48727813363075256 and parameters: {'log_learning_rate': -1.7879033409179985, 'log_learning_rate_D': -3.460487809775854, 'log_learning_rate_D_dagger': -1.4738649106496062, 'training_batch_size': 8, 'training_p': 4, 'p_order_W': 5, 'p_order_D': 4, 'p_order_D_dagger': 3}. Best is trial 109 with value: 0.3218425512313843.
Time for this trial:  217.846049785614
Memory status after this trial: 
Memory allocated:  3.935546875
Memory cached:  6.0
--------------------  Trial  123   --------------------
Start timing: 
Parameters: 
{'log_learning_rate': -1.9587661168526656, 'log_learning_rate_D': -3.5315649905647053, 'log_learning_rate_D_dagger': -1.7039863404256823, 'training_batch_size': 8, 'training_p': 2, 'p_order_W': 5, 'p_order_D': 4, 'p_order_D_dagger': 3}

	 epoch  0 training error:  tensor(51.4103, grad_fn=<ToCopyBackward0>)
Memory status after this epoch: 
Memory allocated:  2.03662109375
Memory cached:  6.0
	 epoch  10 training error:  tensor(6.7144, grad_fn=<ToCopyBackward0>)
Memory status after this epoch: 
Memory allocated:  2.03662109375
Memory cached:  6.0
	 epoch  20 training error:  tensor(1.2078, grad_fn=<ToCopyBackward0>)
Memory status after this epoch: 
Memory allocated:  2.03662109375
Memory cached:  6.0
	 epoch  30 training error:  tensor(0.8329, grad_fn=<ToCopyBackward0>)
Memory status after this epoch: 
Memory allocated:  2.03662109375
Memory cached:  6.0
	 epoch  40 training error:  tensor(0.4816, grad_fn=<ToCopyBackward0>)
Memory status after this epoch: 
Memory allocated:  2.03662109375
Memory cached:  6.0
	 epoch  50 training error:  tensor(0.3839, grad_fn=<ToCopyBackward0>)
Memory status after this epoch: 
Memory allocated:  2.03662109375
Memory cached:  6.0
	 epoch  60 training error:  tensor(0.3628, grad_fn=<ToCopyBackward0>)
Memory status after this epoch: 
Memory allocated:  2.03662109375
Memory cached:  6.0
	 epoch  70 training error:  tensor(0.3515, grad_fn=<ToCopyBackward0>)
Memory status after this epoch: 
Memory allocated:  2.03662109375
Memory cached:  8.0
	 epoch  80 training error:  tensor(0.3417, grad_fn=<ToCopyBackward0>)
Memory status after this epoch: 
Memory allocated:  2.03662109375
Memory cached:  6.0
	 epoch  90 training error:  tensor(0.3327, grad_fn=<ToCopyBackward0>)
Memory status after this epoch: 
Memory allocated:  2.03662109375
Memory cached:  6.0
