[I 2023-12-20 01:31:26,423] Trial 7 finished with value: 0.36723414063453674 and parameters: {'W_layers': 6, 'W_layer_units_exponent_0': 6, 'W_layer_units_exponent_1': 8, 'W_layer_units_exponent_2': 4, 'W_layer_units_exponent_3': 4, 'W_layer_units_exponent_4': 7, 'W_layer_units_exponent_5': 10, 'D_layers': 2, 'D_layer_units_exponent_0': 4, 'D_layer_units_exponent_1': 9, 'D_dagger_layers': 5, 'D_dagger_layer_units_exponent_0': 8, 'D_dagger_layer_units_exponent_1': 5, 'D_dagger_layer_units_exponent_2': 4, 'D_dagger_layer_units_exponent_3': 4, 'D_dagger_layer_units_exponent_4': 4, 'log_learning_rate': -1.2865091189228712, 'log_learning_rate_D': -4.763955994682693, 'log_learning_rate_D_dagger': -2.272628636263348, 'training_batch_size': 8, 'training_p': 3}. Best is trial 6 with value: 0.3293665647506714.
Time for this trial:  175.29392671585083
Memory status after this trial: 
Memory allocated:  280.79541015625
Memory cached:  316.0
--------------------  Trial  8   --------------------
Start timing: 
Parameters: 
{'W_layers': 2, 'W_layer_units_exponent_0': 7, 'W_layer_units_exponent_1': 9, 'D_layers': 5, 'D_layer_units_exponent_0': 5, 'D_layer_units_exponent_1': 8, 'D_layer_units_exponent_2': 10, 'D_layer_units_exponent_3': 10, 'D_layer_units_exponent_4': 8, 'D_dagger_layers': 8, 'D_dagger_layer_units_exponent_0': 9, 'D_dagger_layer_units_exponent_1': 8, 'D_dagger_layer_units_exponent_2': 4, 'D_dagger_layer_units_exponent_3': 4, 'D_dagger_layer_units_exponent_4': 6, 'D_dagger_layer_units_exponent_5': 4, 'D_dagger_layer_units_exponent_6': 5, 'D_dagger_layer_units_exponent_7': 6, 'log_learning_rate': -2.1295455787424706, 'log_learning_rate_D': -3.5729730443942604, 'log_learning_rate_D_dagger': -2.7763033265770822, 'training_batch_size': 7, 'training_p': 4}
	 epoch  0 training error:  tensor(1.3545, device='cuda:0', grad_fn=<DivBackward0>)
Memory status after this epoch: 
Memory allocated:  191.14208984375
Memory cached:  316.0
	 epoch  10 training error:  tensor(1.6012, device='cuda:0', grad_fn=<DivBackward0>)
Memory status after this epoch: 
Memory allocated:  191.14208984375
Memory cached:  342.0
	 epoch  20 training error:  tensor(0.5700, device='cuda:0', grad_fn=<DivBackward0>)
Memory status after this epoch: 
Memory allocated:  191.14208984375
Memory cached:  332.0
	 epoch  30 training error:  tensor(0.6655, device='cuda:0', grad_fn=<DivBackward0>)
Memory status after this epoch: 
Memory allocated:  191.14208984375
Memory cached:  334.0
	 epoch  40 training error:  tensor(0.5139, device='cuda:0', grad_fn=<DivBackward0>)
Memory status after this epoch: 
Memory allocated:  191.14208984375
Memory cached:  330.0
	 epoch  50 training error:  tensor(0.4786, device='cuda:0', grad_fn=<DivBackward0>)
Memory status after this epoch: 
Memory allocated:  191.14208984375
Memory cached:  336.0
	 epoch  60 training error:  tensor(0.4727, device='cuda:0', grad_fn=<DivBackward0>)
Memory status after this epoch: 
Memory allocated:  191.14208984375
Memory cached:  344.0
	 epoch  70 training error:  tensor(0.4639, device='cuda:0', grad_fn=<DivBackward0>)
Memory status after this epoch: 
Memory allocated:  191.14208984375
Memory cached:  338.0
	 epoch  80 training error:  tensor(0.4311, device='cuda:0', grad_fn=<DivBackward0>)
Memory status after this epoch: 
Memory allocated:  191.14208984375
Memory cached:  328.0
	 epoch  90 training error:  tensor(0.4278, device='cuda:0', grad_fn=<DivBackward0>)
Memory status after this epoch: 
Memory allocated:  191.14208984375
Memory cached:  334.0
[I 2023-12-20 01:34:49,255] Trial 8 finished with value: 0.26703131198883057 and parameters: {'W_layers': 2, 'W_layer_units_exponent_0': 7, 'W_layer_units_exponent_1': 9, 'D_layers': 5, 'D_layer_units_exponent_0': 5, 'D_layer_units_exponent_1': 8, 'D_layer_units_exponent_2': 10, 'D_layer_units_exponent_3': 10, 'D_layer_units_exponent_4': 8, 'D_dagger_layers': 8, 'D_dagger_layer_units_exponent_0': 9, 'D_dagger_layer_units_exponent_1': 8, 'D_dagger_layer_units_exponent_2': 4, 'D_dagger_layer_units_exponent_3': 4, 'D_dagger_layer_units_exponent_4': 6, 'D_dagger_layer_units_exponent_5': 4, 'D_dagger_layer_units_exponent_6': 5, 'D_dagger_layer_units_exponent_7': 6, 'log_learning_rate': -2.1295455787424706, 'log_learning_rate_D': -3.5729730443942604, 'log_learning_rate_D_dagger': -2.7763033265770822, 'training_batch_size': 7, 'training_p': 4}. Best is trial 8 with value: 0.26703131198883057.
res:  tensor(0.2670, device='cuda:0', grad_fn=<DivBackward0>)
self.bestValue:  tensor(0.3294, device='cuda:0', grad_fn=<DivBackward0>)
Save this model!
Time for this trial:  202.5452916622162
Memory status after this trial: 
Memory allocated:  231.6220703125
Memory cached:  414.0
--------------------  Trial  9   --------------------
Start timing: 
Parameters: 
{'W_layers': 6, 'W_layer_units_exponent_0': 10, 'W_layer_units_exponent_1': 8, 'W_layer_units_exponent_2': 8, 'W_layer_units_exponent_3': 8, 'W_layer_units_exponent_4': 8, 'W_layer_units_exponent_5': 5, 'D_layers': 7, 'D_layer_units_exponent_0': 9, 'D_layer_units_exponent_1': 8, 'D_layer_units_exponent_2': 9, 'D_layer_units_exponent_3': 7, 'D_layer_units_exponent_4': 8, 'D_layer_units_exponent_5': 6, 'D_layer_units_exponent_6': 8, 'D_dagger_layers': 8, 'D_dagger_layer_units_exponent_0': 6, 'D_dagger_layer_units_exponent_1': 4, 'D_dagger_layer_units_exponent_2': 7, 'D_dagger_layer_units_exponent_3': 5, 'D_dagger_layer_units_exponent_4': 6, 'D_dagger_layer_units_exponent_5': 10, 'D_dagger_layer_units_exponent_6': 9, 'D_dagger_layer_units_exponent_7': 8, 'log_learning_rate': -1.2601379871355727, 'log_learning_rate_D': -1.629586951576484, 'log_learning_rate_D_dagger': -3.568969050887775, 'training_batch_size': 7, 'training_p': 7}
	 epoch  0 training error:  tensor(0.9945, device='cuda:0', grad_fn=<DivBackward0>)
Memory status after this epoch: 
Memory allocated:  256.056640625
Memory cached:  442.0
	 epoch  10 training error:  tensor(124.3199, device='cuda:0', grad_fn=<DivBackward0>)
Memory status after this epoch: 
Memory allocated:  256.056640625
Memory cached:  500.0
	 epoch  20 training error:  tensor(1754.6617, device='cuda:0', grad_fn=<DivBackward0>)
Memory status after this epoch: 
Memory allocated:  256.056640625
Memory cached:  500.0
	 epoch  30 training error:  tensor(13652.2100, device='cuda:0', grad_fn=<DivBackward0>)
Memory status after this epoch: 
Memory allocated:  256.056640625
Memory cached:  508.0
	 epoch  40 training error:  tensor(0.9994, device='cuda:0', grad_fn=<DivBackward0>)
Memory status after this epoch: 
Memory allocated:  256.056640625
Memory cached:  504.0
	 epoch  50 training error:  tensor(0.9973, device='cuda:0', grad_fn=<DivBackward0>)
Memory status after this epoch: 
Memory allocated:  256.056640625
Memory cached:  500.0
	 epoch  60 training error:  tensor(0.9926, device='cuda:0', grad_fn=<DivBackward0>)
Memory status after this epoch: 
Memory allocated:  256.056640625
Memory cached:  498.0
	 epoch  70 training error:  tensor(0.9764, device='cuda:0', grad_fn=<DivBackward0>)
Memory status after this epoch: 
Memory allocated:  256.056640625
Memory cached:  504.0
	 epoch  80 training error:  tensor(0.8975, device='cuda:0', grad_fn=<DivBackward0>)
Memory status after this epoch: 
Memory allocated:  256.056640625
Memory cached:  506.0
	 epoch  90 training error:  tensor(0.8581, device='cuda:0', grad_fn=<DivBackward0>)
Memory status after this epoch: 
Memory allocated:  256.056640625
Memory cached:  502.0
[I 2023-12-20 01:39:12,705] Trial 9 finished with value: 0.9162098169326782 and parameters: {'W_layers': 6, 'W_layer_units_exponent_0': 10, 'W_layer_units_exponent_1': 8, 'W_layer_units_exponent_2': 8, 'W_layer_units_exponent_3': 8, 'W_layer_units_exponent_4': 8, 'W_layer_units_exponent_5': 5, 'D_layers': 7, 'D_layer_units_exponent_0': 9, 'D_layer_units_exponent_1': 8, 'D_layer_units_exponent_2': 9, 'D_layer_units_exponent_3': 7, 'D_layer_units_exponent_4': 8, 'D_layer_units_exponent_5': 6, 'D_layer_units_exponent_6': 8, 'D_dagger_layers': 8, 'D_dagger_layer_units_exponent_0': 6, 'D_dagger_layer_units_exponent_1': 4, 'D_dagger_layer_units_exponent_2': 7, 'D_dagger_layer_units_exponent_3': 5, 'D_dagger_layer_units_exponent_4': 6, 'D_dagger_layer_units_exponent_5': 10, 'D_dagger_layer_units_exponent_6': 9, 'D_dagger_layer_units_exponent_7': 8, 'log_learning_rate': -1.2601379871355727, 'log_learning_rate_D': -1.629586951576484, 'log_learning_rate_D_dagger': -3.568969050887775, 'training_batch_size': 7, 'training_p': 7}. Best is trial 8 with value: 0.26703131198883057.
Time for this trial:  263.17605328559875
Memory status after this trial: 
Memory allocated:  568.10791015625
Memory cached:  586.0
--------------------  Trial  10   --------------------
Start timing: 
Parameters: 
{'W_layers': 2, 'W_layer_units_exponent_0': 4, 'W_layer_units_exponent_1': 10, 'D_layers': 6, 'D_layer_units_exponent_0': 4, 'D_layer_units_exponent_1': 10, 'D_layer_units_exponent_2': 10, 'D_layer_units_exponent_3': 10, 'D_layer_units_exponent_4': 7, 'D_layer_units_exponent_5': 10, 'D_dagger_layers': 7, 'D_dagger_layer_units_exponent_0': 10, 'D_dagger_layer_units_exponent_1': 9, 'D_dagger_layer_units_exponent_2': 10, 'D_dagger_layer_units_exponent_3': 9, 'D_dagger_layer_units_exponent_4': 8, 'D_dagger_layer_units_exponent_5': 4, 'D_dagger_layer_units_exponent_6': 5, 'log_learning_rate': -4.847487808842857, 'log_learning_rate_D': -4.01837764683393, 'log_learning_rate_D_dagger': -1.4907844050381716, 'training_batch_size': 12, 'training_p': 5}
	 epoch  0 training error:  tensor(1.1749, device='cuda:0', grad_fn=<DivBackward0>)
Memory status after this epoch: 
Memory allocated:  294.431640625
Memory cached:  494.0
	 epoch  10 training error:  tensor(1499.3173, device='cuda:0', grad_fn=<DivBackward0>)
Memory status after this epoch: 
Memory allocated:  294.431640625
Memory cached:  564.0
	 epoch  20 training error:  tensor(331.4904, device='cuda:0', grad_fn=<DivBackward0>)
Memory status after this epoch: 
Memory allocated:  294.431640625
Memory cached:  568.0
	 epoch  30 training error:  tensor(34.2230, device='cuda:0', grad_fn=<DivBackward0>)
Memory status after this epoch: 
Memory allocated:  294.431640625
Memory cached:  576.0
	 epoch  40 training error:  tensor(76.1025, device='cuda:0', grad_fn=<DivBackward0>)
Memory status after this epoch: 
Memory allocated:  294.431640625
Memory cached:  572.0
	 epoch  50 training error:  tensor(1.1786, device='cuda:0', grad_fn=<DivBackward0>)
Memory status after this epoch: 
Memory allocated:  294.431640625
Memory cached:  560.0
	 epoch  60 training error:  tensor(1.1445, device='cuda:0', grad_fn=<DivBackward0>)
Memory status after this epoch: 
Memory allocated:  294.431640625
Memory cached:  554.0
	 epoch  70 training error:  tensor(1.0955, device='cuda:0', grad_fn=<DivBackward0>)
Memory status after this epoch: 
Memory allocated:  294.431640625
Memory cached:  564.0
	 epoch  80 training error:  tensor(1.0430, device='cuda:0', grad_fn=<DivBackward0>)
Memory status after this epoch: 
Memory allocated:  294.431640625
Memory cached:  578.0
	 epoch  90 training error:  tensor(0.9907, device='cuda:0', grad_fn=<DivBackward0>)
Memory status after this epoch: 
Memory allocated:  294.431640625
Memory cached:  558.0
[I 2023-12-20 01:43:08,920] Trial 10 finished with value: 0.9414329528808594 and parameters: {'W_layers': 2, 'W_layer_units_exponent_0': 4, 'W_layer_units_exponent_1': 10, 'D_layers': 6, 'D_layer_units_exponent_0': 4, 'D_layer_units_exponent_1': 10, 'D_layer_units_exponent_2': 10, 'D_layer_units_exponent_3': 10, 'D_layer_units_exponent_4': 7, 'D_layer_units_exponent_5': 10, 'D_dagger_layers': 7, 'D_dagger_layer_units_exponent_0': 10, 'D_dagger_layer_units_exponent_1': 9, 'D_dagger_layer_units_exponent_2': 10, 'D_dagger_layer_units_exponent_3': 9, 'D_dagger_layer_units_exponent_4': 8, 'D_dagger_layer_units_exponent_5': 4, 'D_dagger_layer_units_exponent_6': 5, 'log_learning_rate': -4.847487808842857, 'log_learning_rate_D': -4.01837764683393, 'log_learning_rate_D_dagger': -1.4907844050381716, 'training_batch_size': 12, 'training_p': 5}. Best is trial 8 with value: 0.26703131198883057.
Time for this trial:  235.8128321170807
Memory status after this trial: 
Memory allocated:  708.0712890625
Memory cached:  736.0
--------------------  Trial  11   --------------------
Start timing: 
Parameters: 
{'W_layers': 3, 'W_layer_units_exponent_0': 8, 'W_layer_units_exponent_1': 4, 'W_layer_units_exponent_2': 6, 'D_layers': 5, 'D_layer_units_exponent_0': 7, 'D_layer_units_exponent_1': 6, 'D_layer_units_exponent_2': 10, 'D_layer_units_exponent_3': 8, 'D_layer_units_exponent_4': 4, 'D_dagger_layers': 7, 'D_dagger_layer_units_exponent_0': 10, 'D_dagger_layer_units_exponent_1': 8, 'D_dagger_layer_units_exponent_2': 6, 'D_dagger_layer_units_exponent_3': 4, 'D_dagger_layer_units_exponent_4': 4, 'D_dagger_layer_units_exponent_5': 4, 'D_dagger_layer_units_exponent_6': 7, 'log_learning_rate': -2.043398902165506, 'log_learning_rate_D': -4.039836414291186, 'log_learning_rate_D_dagger': -3.28074993315697, 'training_batch_size': 6, 'training_p': 2}
	 epoch  0 training error:  tensor(0.9372, device='cuda:0', grad_fn=<DivBackward0>)
Memory status after this epoch: 
Memory allocated:  241.35546875
Memory cached:  450.0
	 epoch  10 training error:  tensor(0.3622, device='cuda:0', grad_fn=<DivBackward0>)
Memory status after this epoch: 
Memory allocated:  241.35546875
Memory cached:  468.0
	 epoch  20 training error:  tensor(0.3269, device='cuda:0', grad_fn=<DivBackward0>)
Memory status after this epoch: 
Memory allocated:  241.35546875
Memory cached:  472.0
	 epoch  30 training error:  tensor(0.2912, device='cuda:0', grad_fn=<DivBackward0>)
Memory status after this epoch: 
Memory allocated:  241.35546875
Memory cached:  462.0
	 epoch  40 training error:  tensor(0.2777, device='cuda:0', grad_fn=<DivBackward0>)
Memory status after this epoch: 
Memory allocated:  241.35546875
Memory cached:  468.0
	 epoch  50 training error:  tensor(0.2666, device='cuda:0', grad_fn=<DivBackward0>)
Memory status after this epoch: 
Memory allocated:  241.35546875
Memory cached:  470.0
	 epoch  60 training error:  tensor(0.2651, device='cuda:0', grad_fn=<DivBackward0>)
Memory status after this epoch: 
Memory allocated:  241.35546875
Memory cached:  472.0
	 epoch  70 training error:  tensor(0.2139, device='cuda:0', grad_fn=<DivBackward0>)
Memory status after this epoch: 
Memory allocated:  241.35546875
Memory cached:  466.0
	 epoch  80 training error:  tensor(0.1573, device='cuda:0', grad_fn=<DivBackward0>)
Memory status after this epoch: 
Memory allocated:  241.35546875
Memory cached:  476.0
	 epoch  90 training error:  tensor(0.1411, device='cuda:0', grad_fn=<DivBackward0>)
Memory status after this epoch: 
Memory allocated:  241.35546875
Memory cached:  476.0
[I 2023-12-20 01:48:53,639] Trial 11 finished with value: 0.14480963349342346 and parameters: {'W_layers': 3, 'W_layer_units_exponent_0': 8, 'W_layer_units_exponent_1': 4, 'W_layer_units_exponent_2': 6, 'D_layers': 5, 'D_layer_units_exponent_0': 7, 'D_layer_units_exponent_1': 6, 'D_layer_units_exponent_2': 10, 'D_layer_units_exponent_3': 8, 'D_layer_units_exponent_4': 4, 'D_dagger_layers': 7, 'D_dagger_layer_units_exponent_0': 10, 'D_dagger_layer_units_exponent_1': 8, 'D_dagger_layer_units_exponent_2': 6, 'D_dagger_layer_units_exponent_3': 4, 'D_dagger_layer_units_exponent_4': 4, 'D_dagger_layer_units_exponent_5': 4, 'D_dagger_layer_units_exponent_6': 7, 'log_learning_rate': -2.043398902165506, 'log_learning_rate_D': -4.039836414291186, 'log_learning_rate_D_dagger': -3.28074993315697, 'training_batch_size': 6, 'training_p': 2}. Best is trial 11 with value: 0.14480963349342346.
res:  tensor(0.1448, device='cuda:0', grad_fn=<DivBackward0>)
self.bestValue:  tensor(0.2670, device='cuda:0', grad_fn=<DivBackward0>)
Save this model!
Time for this trial:  344.3259425163269
Memory status after this trial: 
Memory allocated:  182.33056640625
Memory cached:  402.0
--------------------  Trial  12   --------------------
Start timing: 
Parameters: 
{'W_layers': 2, 'W_layer_units_exponent_0': 8, 'W_layer_units_exponent_1': 4, 'D_layers': 6, 'D_layer_units_exponent_0': 5, 'D_layer_units_exponent_1': 6, 'D_layer_units_exponent_2': 10, 'D_layer_units_exponent_3': 5, 'D_layer_units_exponent_4': 4, 'D_layer_units_exponent_5': 10, 'D_dagger_layers': 8, 'D_dagger_layer_units_exponent_0': 10, 'D_dagger_layer_units_exponent_1': 9, 'D_dagger_layer_units_exponent_2': 6, 'D_dagger_layer_units_exponent_3': 8, 'D_dagger_layer_units_exponent_4': 4, 'D_dagger_layer_units_exponent_5': 4, 'D_dagger_layer_units_exponent_6': 7, 'D_dagger_layer_units_exponent_7': 4, 'log_learning_rate': -2.0733132266525987, 'log_learning_rate_D': -3.834998569877998, 'log_learning_rate_D_dagger': -2.921371036839998, 'training_batch_size': 6, 'training_p': 4}
	 epoch  0 training error:  tensor(1.1467, device='cuda:0', grad_fn=<DivBackward0>)
Memory status after this epoch: 
Memory allocated:  193.20751953125
Memory cached:  408.0
	 epoch  10 training error:  tensor(0.5313, device='cuda:0', grad_fn=<DivBackward0>)
Memory status after this epoch: 
Memory allocated:  193.20751953125
Memory cached:  418.0
	 epoch  20 training error:  tensor(0.4797, device='cuda:0', grad_fn=<DivBackward0>)
Memory status after this epoch: 
Memory allocated:  193.20751953125
Memory cached:  422.0
	 epoch  30 training error:  tensor(0.4750, device='cuda:0', grad_fn=<DivBackward0>)
Memory status after this epoch: 
Memory allocated:  193.20751953125
Memory cached:  414.0
	 epoch  40 training error:  tensor(0.4480, device='cuda:0', grad_fn=<DivBackward0>)
Memory status after this epoch: 
Memory allocated:  193.20751953125
Memory cached:  422.0
	 epoch  50 training error:  tensor(0.4415, device='cuda:0', grad_fn=<DivBackward0>)
Memory status after this epoch: 
Memory allocated:  193.20751953125
Memory cached:  414.0
	 epoch  60 training error:  tensor(0.4440, device='cuda:0', grad_fn=<DivBackward0>)
Memory status after this epoch: 
Memory allocated:  193.20751953125
Memory cached:  424.0
	 epoch  70 training error:  tensor(0.4308, device='cuda:0', grad_fn=<DivBackward0>)
Memory status after this epoch: 
Memory allocated:  193.20751953125
Memory cached:  414.0
	 epoch  80 training error:  tensor(0.4310, device='cuda:0', grad_fn=<DivBackward0>)
Memory status after this epoch: 
Memory allocated:  193.20751953125
Memory cached:  420.0
	 epoch  90 training error:  tensor(0.4356, device='cuda:0', grad_fn=<DivBackward0>)
Memory status after this epoch: 
Memory allocated:  193.20751953125
Memory cached:  422.0
