[I 2024-01-12 21:55:46,270] Trial 59 finished with value: 0.4427388608455658 and parameters: {'W_layers': 2, 'W_layer_units_exponent_0': 7, 'W_layer_units_exponent_1': 7, 'D_layers': 5, 'D_layer_units_exponent_0': 6, 'D_layer_units_exponent_1': 6, 'D_layer_units_exponent_2': 4, 'D_layer_units_exponent_3': 9, 'D_layer_units_exponent_4': 9, 'D_dagger_layers': 3, 'D_dagger_layer_units_exponent_0': 10, 'D_dagger_layer_units_exponent_1': 10, 'D_dagger_layer_units_exponent_2': 8, 'log_learning_rate': -3.8387927014831185, 'log_learning_rate_D': -3.2107108319053603, 'log_learning_rate_D_dagger': -3.015753405657339, 'training_batch_size': 6, 'training_p': 8}. Best is trial 52 with value: 0.08323463052511215.
Time for this trial:  395.1953914165497
Memory status after this trial: 
Memory allocated:  713.95361328125
Memory cached:  728.0
--------------------  Trial  60   --------------------
Start timing: 
Parameters: 
{'W_layers': 2, 'W_layer_units_exponent_0': 6, 'W_layer_units_exponent_1': 6, 'D_layers': 4, 'D_layer_units_exponent_0': 6, 'D_layer_units_exponent_1': 5, 'D_layer_units_exponent_2': 5, 'D_layer_units_exponent_3': 6, 'D_dagger_layers': 3, 'D_dagger_layer_units_exponent_0': 7, 'D_dagger_layer_units_exponent_1': 9, 'D_dagger_layer_units_exponent_2': 7, 'log_learning_rate': -4.82692703352085, 'log_learning_rate_D': -2.526558836898725, 'log_learning_rate_D_dagger': -3.2347006703377317, 'training_batch_size': 6, 'training_p': 6}
	 epoch  0 training error:  tensor(0.8232, device='cuda:0', grad_fn=<DivBackward0>)
Memory status after this epoch: 
Memory allocated:  320.15625
Memory cached:  612.0
	 epoch  10 training error:  tensor(0.4999, device='cuda:0', grad_fn=<DivBackward0>)
Memory status after this epoch: 
Memory allocated:  320.15625
Memory cached:  612.0
	 epoch  20 training error:  tensor(0.5006, device='cuda:0', grad_fn=<DivBackward0>)
Memory status after this epoch: 
Memory allocated:  320.15625
Memory cached:  612.0
	 epoch  30 training error:  tensor(0.5018, device='cuda:0', grad_fn=<DivBackward0>)
Memory status after this epoch: 
Memory allocated:  320.15625
Memory cached:  612.0
	 epoch  40 training error:  tensor(0.4930, device='cuda:0', grad_fn=<DivBackward0>)
Memory status after this epoch: 
Memory allocated:  320.15625
Memory cached:  612.0
	 epoch  50 training error:  tensor(0.4736, device='cuda:0', grad_fn=<DivBackward0>)
Memory status after this epoch: 
Memory allocated:  320.15625
Memory cached:  612.0
	 epoch  60 training error:  tensor(0.4822, device='cuda:0', grad_fn=<DivBackward0>)
Memory status after this epoch: 
Memory allocated:  320.15625
Memory cached:  612.0
	 epoch  70 training error:  tensor(0.4097, device='cuda:0', grad_fn=<DivBackward0>)
Memory status after this epoch: 
Memory allocated:  320.15625
Memory cached:  612.0
	 epoch  80 training error:  tensor(0.3733, device='cuda:0', grad_fn=<DivBackward0>)
Memory status after this epoch: 
Memory allocated:  320.15625
Memory cached:  612.0
	 epoch  90 training error:  tensor(0.3285, device='cuda:0', grad_fn=<DivBackward0>)
Memory status after this epoch: 
Memory allocated:  320.15625
Memory cached:  612.0
[I 2024-01-12 22:01:42,166] Trial 60 finished with value: 0.2101449817419052 and parameters: {'W_layers': 2, 'W_layer_units_exponent_0': 6, 'W_layer_units_exponent_1': 6, 'D_layers': 4, 'D_layer_units_exponent_0': 6, 'D_layer_units_exponent_1': 5, 'D_layer_units_exponent_2': 5, 'D_layer_units_exponent_3': 6, 'D_dagger_layers': 3, 'D_dagger_layer_units_exponent_0': 7, 'D_dagger_layer_units_exponent_1': 9, 'D_dagger_layer_units_exponent_2': 7, 'log_learning_rate': -4.82692703352085, 'log_learning_rate_D': -2.526558836898725, 'log_learning_rate_D_dagger': -3.2347006703377317, 'training_batch_size': 6, 'training_p': 6}. Best is trial 52 with value: 0.08323463052511215.
Time for this trial:  355.44295167922974
Memory status after this trial: 
Memory allocated:  431.5185546875
Memory cached:  612.0
--------------------  Trial  61   --------------------
Start timing: 
Parameters: 
{'W_layers': 2, 'W_layer_units_exponent_0': 6, 'W_layer_units_exponent_1': 6, 'D_layers': 5, 'D_layer_units_exponent_0': 6, 'D_layer_units_exponent_1': 10, 'D_layer_units_exponent_2': 5, 'D_layer_units_exponent_3': 6, 'D_layer_units_exponent_4': 10, 'D_dagger_layers': 8, 'D_dagger_layer_units_exponent_0': 8, 'D_dagger_layer_units_exponent_1': 10, 'D_dagger_layer_units_exponent_2': 7, 'D_dagger_layer_units_exponent_3': 10, 'D_dagger_layer_units_exponent_4': 5, 'D_dagger_layer_units_exponent_5': 7, 'D_dagger_layer_units_exponent_6': 10, 'D_dagger_layer_units_exponent_7': 10, 'log_learning_rate': -4.460777991927172, 'log_learning_rate_D': -3.087787087462509, 'log_learning_rate_D_dagger': -2.8763677820438818, 'training_batch_size': 7, 'training_p': 5}
	 epoch  0 training error:  tensor(0.9928, device='cuda:0', grad_fn=<DivBackward0>)
Memory status after this epoch: 
Memory allocated:  347.2431640625
Memory cached:  658.0
	 epoch  10 training error:  tensor(0.5847, device='cuda:0', grad_fn=<DivBackward0>)
Memory status after this epoch: 
Memory allocated:  347.2431640625
Memory cached:  694.0
	 epoch  20 training error:  tensor(0.4709, device='cuda:0', grad_fn=<DivBackward0>)
Memory status after this epoch: 
Memory allocated:  347.2431640625
Memory cached:  692.0
	 epoch  30 training error:  tensor(0.4665, device='cuda:0', grad_fn=<DivBackward0>)
Memory status after this epoch: 
Memory allocated:  347.2431640625
Memory cached:  686.0
	 epoch  40 training error:  tensor(0.4537, device='cuda:0', grad_fn=<DivBackward0>)
Memory status after this epoch: 
Memory allocated:  347.2431640625
Memory cached:  694.0
	 epoch  50 training error:  tensor(0.4572, device='cuda:0', grad_fn=<DivBackward0>)
Memory status after this epoch: 
Memory allocated:  347.2431640625
Memory cached:  692.0
	 epoch  60 training error:  tensor(0.6742, device='cuda:0', grad_fn=<DivBackward0>)
Memory status after this epoch: 
Memory allocated:  347.2431640625
Memory cached:  684.0
	 epoch  70 training error:  tensor(0.4703, device='cuda:0', grad_fn=<DivBackward0>)
Memory status after this epoch: 
Memory allocated:  347.2431640625
Memory cached:  694.0
	 epoch  80 training error:  tensor(0.4813, device='cuda:0', grad_fn=<DivBackward0>)
Memory status after this epoch: 
Memory allocated:  347.2431640625
Memory cached:  694.0
	 epoch  90 training error:  tensor(0.4580, device='cuda:0', grad_fn=<DivBackward0>)
Memory status after this epoch: 
Memory allocated:  347.2431640625
Memory cached:  700.0
[I 2024-01-12 22:08:29,644] Trial 61 finished with value: 0.33981403708457947 and parameters: {'W_layers': 2, 'W_layer_units_exponent_0': 6, 'W_layer_units_exponent_1': 6, 'D_layers': 5, 'D_layer_units_exponent_0': 6, 'D_layer_units_exponent_1': 10, 'D_layer_units_exponent_2': 5, 'D_layer_units_exponent_3': 6, 'D_layer_units_exponent_4': 10, 'D_dagger_layers': 8, 'D_dagger_layer_units_exponent_0': 8, 'D_dagger_layer_units_exponent_1': 10, 'D_dagger_layer_units_exponent_2': 7, 'D_dagger_layer_units_exponent_3': 10, 'D_dagger_layer_units_exponent_4': 5, 'D_dagger_layer_units_exponent_5': 7, 'D_dagger_layer_units_exponent_6': 10, 'D_dagger_layer_units_exponent_7': 10, 'log_learning_rate': -4.460777991927172, 'log_learning_rate_D': -3.087787087462509, 'log_learning_rate_D_dagger': -2.8763677820438818, 'training_batch_size': 7, 'training_p': 5}. Best is trial 52 with value: 0.08323463052511215.
Time for this trial:  407.0809621810913
Memory status after this trial: 
Memory allocated:  1043.6162109375
Memory cached:  1062.0
--------------------  Trial  62   --------------------
Start timing: 
Parameters: 
{'W_layers': 3, 'W_layer_units_exponent_0': 5, 'W_layer_units_exponent_1': 7, 'W_layer_units_exponent_2': 6, 'D_layers': 5, 'D_layer_units_exponent_0': 10, 'D_layer_units_exponent_1': 5, 'D_layer_units_exponent_2': 5, 'D_layer_units_exponent_3': 7, 'D_layer_units_exponent_4': 7, 'D_dagger_layers': 3, 'D_dagger_layer_units_exponent_0': 9, 'D_dagger_layer_units_exponent_1': 10, 'D_dagger_layer_units_exponent_2': 6, 'log_learning_rate': -4.067298693604267, 'log_learning_rate_D': -3.4329710626339347, 'log_learning_rate_D_dagger': -2.92372857439426, 'training_batch_size': 6, 'training_p': 5}
	 epoch  0 training error:  tensor(1.1262, device='cuda:0', grad_fn=<DivBackward0>)
Memory status after this epoch: 
Memory allocated:  328.087890625
Memory cached:  656.0
	 epoch  10 training error:  tensor(0.4725, device='cuda:0', grad_fn=<DivBackward0>)
Memory status after this epoch: 
Memory allocated:  328.087890625
Memory cached:  686.0
	 epoch  20 training error:  tensor(0.4722, device='cuda:0', grad_fn=<DivBackward0>)
Memory status after this epoch: 
Memory allocated:  328.087890625
Memory cached:  688.0
	 epoch  30 training error:  tensor(0.4445, device='cuda:0', grad_fn=<DivBackward0>)
Memory status after this epoch: 
Memory allocated:  328.087890625
Memory cached:  680.0
	 epoch  40 training error:  tensor(0.3144, device='cuda:0', grad_fn=<DivBackward0>)
Memory status after this epoch: 
Memory allocated:  328.087890625
Memory cached:  692.0
	 epoch  50 training error:  tensor(0.2564, device='cuda:0', grad_fn=<DivBackward0>)
Memory status after this epoch: 
Memory allocated:  328.087890625
Memory cached:  684.0
	 epoch  60 training error:  tensor(0.2406, device='cuda:0', grad_fn=<DivBackward0>)
Memory status after this epoch: 
Memory allocated:  328.087890625
Memory cached:  672.0
	 epoch  70 training error:  tensor(0.2395, device='cuda:0', grad_fn=<DivBackward0>)
Memory status after this epoch: 
Memory allocated:  328.087890625
Memory cached:  628.0
	 epoch  80 training error:  tensor(0.2465, device='cuda:0', grad_fn=<DivBackward0>)
Memory status after this epoch: 
Memory allocated:  328.087890625
Memory cached:  622.0
	 epoch  90 training error:  tensor(0.1999, device='cuda:0', grad_fn=<DivBackward0>)
Memory status after this epoch: 
Memory allocated:  328.087890625
Memory cached:  622.0
[I 2024-01-12 22:15:21,152] Trial 62 finished with value: 0.12383406609296799 and parameters: {'W_layers': 3, 'W_layer_units_exponent_0': 5, 'W_layer_units_exponent_1': 7, 'W_layer_units_exponent_2': 6, 'D_layers': 5, 'D_layer_units_exponent_0': 10, 'D_layer_units_exponent_1': 5, 'D_layer_units_exponent_2': 5, 'D_layer_units_exponent_3': 7, 'D_layer_units_exponent_4': 7, 'D_dagger_layers': 3, 'D_dagger_layer_units_exponent_0': 9, 'D_dagger_layer_units_exponent_1': 10, 'D_dagger_layer_units_exponent_2': 6, 'log_learning_rate': -4.067298693604267, 'log_learning_rate_D': -3.4329710626339347, 'log_learning_rate_D_dagger': -2.92372857439426, 'training_batch_size': 6, 'training_p': 5}. Best is trial 52 with value: 0.08323463052511215.
Time for this trial:  411.01095485687256
Memory status after this trial: 
Memory allocated:  656.431640625
Memory cached:  672.0
--------------------  Trial  63   --------------------
Start timing: 
Parameters: 
{'W_layers': 2, 'W_layer_units_exponent_0': 5, 'W_layer_units_exponent_1': 7, 'D_layers': 5, 'D_layer_units_exponent_0': 10, 'D_layer_units_exponent_1': 5, 'D_layer_units_exponent_2': 5, 'D_layer_units_exponent_3': 7, 'D_layer_units_exponent_4': 7, 'D_dagger_layers': 3, 'D_dagger_layer_units_exponent_0': 9, 'D_dagger_layer_units_exponent_1': 10, 'D_dagger_layer_units_exponent_2': 8, 'log_learning_rate': -4.085235464009278, 'log_learning_rate_D': -3.4597980721907406, 'log_learning_rate_D_dagger': -3.145126161339533, 'training_batch_size': 6, 'training_p': 5}
	 epoch  0 training error:  tensor(1.0777, device='cuda:0', grad_fn=<DivBackward0>)
Memory status after this epoch: 
Memory allocated:  330.96484375
Memory cached:  624.0
	 epoch  10 training error:  tensor(0.5111, device='cuda:0', grad_fn=<DivBackward0>)
Memory status after this epoch: 
Memory allocated:  330.96484375
Memory cached:  642.0
	 epoch  20 training error:  tensor(0.4730, device='cuda:0', grad_fn=<DivBackward0>)
Memory status after this epoch: 
Memory allocated:  330.96484375
Memory cached:  646.0
	 epoch  30 training error:  tensor(0.4623, device='cuda:0', grad_fn=<DivBackward0>)
Memory status after this epoch: 
Memory allocated:  330.96484375
Memory cached:  640.0
	 epoch  40 training error:  tensor(0.4694, device='cuda:0', grad_fn=<DivBackward0>)
Memory status after this epoch: 
Memory allocated:  330.96484375
Memory cached:  640.0
	 epoch  50 training error:  tensor(0.4893, device='cuda:0', grad_fn=<DivBackward0>)
Memory status after this epoch: 
Memory allocated:  330.96484375
Memory cached:  642.0
	 epoch  60 training error:  tensor(0.4042, device='cuda:0', grad_fn=<DivBackward0>)
Memory status after this epoch: 
Memory allocated:  330.96484375
Memory cached:  642.0
	 epoch  70 training error:  tensor(0.3422, device='cuda:0', grad_fn=<DivBackward0>)
Memory status after this epoch: 
Memory allocated:  330.96484375
Memory cached:  640.0
	 epoch  80 training error:  tensor(0.2877, device='cuda:0', grad_fn=<DivBackward0>)
Memory status after this epoch: 
Memory allocated:  330.96484375
Memory cached:  650.0
	 epoch  90 training error:  tensor(0.2886, device='cuda:0', grad_fn=<DivBackward0>)
Memory status after this epoch: 
Memory allocated:  330.96484375
Memory cached:  644.0
[I 2024-01-12 22:21:53,915] Trial 63 finished with value: 0.19050021469593048 and parameters: {'W_layers': 2, 'W_layer_units_exponent_0': 5, 'W_layer_units_exponent_1': 7, 'D_layers': 5, 'D_layer_units_exponent_0': 10, 'D_layer_units_exponent_1': 5, 'D_layer_units_exponent_2': 5, 'D_layer_units_exponent_3': 7, 'D_layer_units_exponent_4': 7, 'D_dagger_layers': 3, 'D_dagger_layer_units_exponent_0': 9, 'D_dagger_layer_units_exponent_1': 10, 'D_dagger_layer_units_exponent_2': 8, 'log_learning_rate': -4.085235464009278, 'log_learning_rate_D': -3.4597980721907406, 'log_learning_rate_D_dagger': -3.145126161339533, 'training_batch_size': 6, 'training_p': 5}. Best is trial 52 with value: 0.08323463052511215.
Time for this trial:  392.32207775115967
Memory status after this trial: 
Memory allocated:  667.6357421875
Memory cached:  684.0
--------------------  Trial  64   --------------------
Start timing: 
Parameters: 
{'W_layers': 3, 'W_layer_units_exponent_0': 5, 'W_layer_units_exponent_1': 6, 'W_layer_units_exponent_2': 6, 'D_layers': 5, 'D_layer_units_exponent_0': 10, 'D_layer_units_exponent_1': 5, 'D_layer_units_exponent_2': 4, 'D_layer_units_exponent_3': 7, 'D_layer_units_exponent_4': 7, 'D_dagger_layers': 7, 'D_dagger_layer_units_exponent_0': 9, 'D_dagger_layer_units_exponent_1': 10, 'D_dagger_layer_units_exponent_2': 6, 'D_dagger_layer_units_exponent_3': 10, 'D_dagger_layer_units_exponent_4': 9, 'D_dagger_layer_units_exponent_5': 10, 'D_dagger_layer_units_exponent_6': 7, 'log_learning_rate': -4.307941034812667, 'log_learning_rate_D': -3.666449577663816, 'log_learning_rate_D_dagger': -2.764057805395315, 'training_batch_size': 6, 'training_p': 6}
	 epoch  0 training error:  tensor(1.4107, device='cuda:0', grad_fn=<DivBackward0>)
Memory status after this epoch: 
Memory allocated:  346.99609375
Memory cached:  642.0
	 epoch  10 training error:  tensor(0.5477, device='cuda:0', grad_fn=<DivBackward0>)
Memory status after this epoch: 
Memory allocated:  346.99609375
Memory cached:  656.0
	 epoch  20 training error:  tensor(0.5024, device='cuda:0', grad_fn=<DivBackward0>)
Memory status after this epoch: 
Memory allocated:  346.99609375
Memory cached:  658.0
	 epoch  30 training error:  tensor(0.4915, device='cuda:0', grad_fn=<DivBackward0>)
Memory status after this epoch: 
Memory allocated:  346.99609375
Memory cached:  666.0
	 epoch  40 training error:  tensor(0.4156, device='cuda:0', grad_fn=<DivBackward0>)
Memory status after this epoch: 
Memory allocated:  346.99609375
Memory cached:  662.0
	 epoch  50 training error:  tensor(0.2982, device='cuda:0', grad_fn=<DivBackward0>)
Memory status after this epoch: 
Memory allocated:  346.99609375
Memory cached:  656.0
	 epoch  60 training error:  tensor(0.2713, device='cuda:0', grad_fn=<DivBackward0>)
Memory status after this epoch: 
Memory allocated:  346.99609375
Memory cached:  668.0
	 epoch  70 training error:  tensor(0.2688, device='cuda:0', grad_fn=<DivBackward0>)
Memory status after this epoch: 
Memory allocated:  346.99609375
Memory cached:  656.0
	 epoch  80 training error:  tensor(0.2518, device='cuda:0', grad_fn=<DivBackward0>)
Memory status after this epoch: 
Memory allocated:  346.99609375
Memory cached:  658.0
	 epoch  90 training error:  tensor(0.2322, device='cuda:0', grad_fn=<DivBackward0>)
Memory status after this epoch: 
Memory allocated:  346.99609375
Memory cached:  658.0
[I 2024-01-12 22:30:34,471] Trial 64 finished with value: 0.2168775349855423 and parameters: {'W_layers': 3, 'W_layer_units_exponent_0': 5, 'W_layer_units_exponent_1': 6, 'W_layer_units_exponent_2': 6, 'D_layers': 5, 'D_layer_units_exponent_0': 10, 'D_layer_units_exponent_1': 5, 'D_layer_units_exponent_2': 4, 'D_layer_units_exponent_3': 7, 'D_layer_units_exponent_4': 7, 'D_dagger_layers': 7, 'D_dagger_layer_units_exponent_0': 9, 'D_dagger_layer_units_exponent_1': 10, 'D_dagger_layer_units_exponent_2': 6, 'D_dagger_layer_units_exponent_3': 10, 'D_dagger_layer_units_exponent_4': 9, 'D_dagger_layer_units_exponent_5': 10, 'D_dagger_layer_units_exponent_6': 7, 'log_learning_rate': -4.307941034812667, 'log_learning_rate_D': -3.666449577663816, 'log_learning_rate_D_dagger': -2.764057805395315, 'training_batch_size': 6, 'training_p': 6}. Best is trial 52 with value: 0.08323463052511215.
Time for this trial:  520.0787286758423
Memory status after this trial: 
Memory allocated:  943.49072265625
Memory cached:  972.0
--------------------  Trial  65   --------------------
Start timing: 
Parameters: 
{'W_layers': 3, 'W_layer_units_exponent_0': 7, 'W_layer_units_exponent_1': 7, 'W_layer_units_exponent_2': 6, 'D_layers': 4, 'D_layer_units_exponent_0': 7, 'D_layer_units_exponent_1': 4, 'D_layer_units_exponent_2': 5, 'D_layer_units_exponent_3': 6, 'D_dagger_layers': 2, 'D_dagger_layer_units_exponent_0': 10, 'D_dagger_layer_units_exponent_1': 10, 'log_learning_rate': -4.517547884704037, 'log_learning_rate_D': -3.3861035021610912, 'log_learning_rate_D_dagger': -2.946533958961158, 'training_batch_size': 7, 'training_p': 7}
	 epoch  0 training error:  tensor(1.9655, device='cuda:0', grad_fn=<DivBackward0>)
Memory status after this epoch: 
Memory allocated:  334.4736328125
Memory cached:  612.0
	 epoch  10 training error:  tensor(0.8967, device='cuda:0', grad_fn=<DivBackward0>)
Memory status after this epoch: 
Memory allocated:  334.4736328125
Memory cached:  612.0
	 epoch  20 training error:  tensor(0.5662, device='cuda:0', grad_fn=<DivBackward0>)
Memory status after this epoch: 
Memory allocated:  334.4736328125
Memory cached:  612.0
	 epoch  30 training error:  tensor(0.5544, device='cuda:0', grad_fn=<DivBackward0>)
Memory status after this epoch: 
Memory allocated:  334.4736328125
Memory cached:  612.0
	 epoch  40 training error:  tensor(0.5256, device='cuda:0', grad_fn=<DivBackward0>)
Memory status after this epoch: 
Memory allocated:  334.4736328125
Memory cached:  612.0
	 epoch  50 training error:  tensor(0.5238, device='cuda:0', grad_fn=<DivBackward0>)
Memory status after this epoch: 
Memory allocated:  334.4736328125
Memory cached:  612.0
	 epoch  60 training error:  tensor(0.5259, device='cuda:0', grad_fn=<DivBackward0>)
Memory status after this epoch: 
Memory allocated:  334.4736328125
Memory cached:  612.0
	 epoch  70 training error:  tensor(0.5168, device='cuda:0', grad_fn=<DivBackward0>)
Memory status after this epoch: 
Memory allocated:  334.4736328125
Memory cached:  612.0
	 epoch  80 training error:  tensor(0.5217, device='cuda:0', grad_fn=<DivBackward0>)
Memory status after this epoch: 
Memory allocated:  334.4736328125
Memory cached:  612.0
	 epoch  90 training error:  tensor(0.4478, device='cuda:0', grad_fn=<DivBackward0>)
Memory status after this epoch: 
Memory allocated:  334.4736328125
Memory cached:  614.0
