[I 2024-02-16 19:01:08,992] Trial 29 finished with value: 0.06625952571630478 and parameters: {'W_layers': 3, 'W_layer_units_exponent_0': 8, 'W_layer_units_exponent_1': 10, 'W_layer_units_exponent_2': 4, 'D_layers': 3, 'D_layer_units_exponent_0': 8, 'D_layer_units_exponent_1': 6, 'D_layer_units_exponent_2': 10, 'D_dagger_layers': 2, 'D_dagger_layer_units_exponent_0': 8, 'D_dagger_layer_units_exponent_1': 4, 'log_learning_rate': -4.318529662060921, 'log_learning_rate_D': -2.709279766042365, 'log_learning_rate_D_dagger': -2.7724092920464356, 'training_batch_size': 6, 'training_p': 5}. Best is trial 29 with value: 0.06625952571630478.
res:  tensor(0.0663, device='cuda:0', grad_fn=<DivBackward0>)
self.bestValue:  tensor(0.0723, device='cuda:0', grad_fn=<DivBackward0>)
Save this model!
Time for this trial:  570.8361105918884
Memory status after this trial: 
Memory allocated:  590.94482421875
Memory cached:  1172.0
--------------------  Trial  30   --------------------
Start timing: 
Parameters: 
{'W_layers': 2, 'W_layer_units_exponent_0': 8, 'W_layer_units_exponent_1': 10, 'D_layers': 4, 'D_layer_units_exponent_0': 10, 'D_layer_units_exponent_1': 6, 'D_layer_units_exponent_2': 9, 'D_layer_units_exponent_3': 9, 'D_dagger_layers': 2, 'D_dagger_layer_units_exponent_0': 9, 'D_dagger_layer_units_exponent_1': 4, 'log_learning_rate': -4.404578941320646, 'log_learning_rate_D': -2.754350055468555, 'log_learning_rate_D_dagger': -3.1058278506883017, 'training_batch_size': 6, 'training_p': 5}
	 epoch  0 training error:  tensor(0.7735, device='cuda:0', grad_fn=<DivBackward0>)
Memory status after this epoch: 
Memory allocated:  600.71875
Memory cached:  1166.0
	 epoch  10 training error:  tensor(0.4764, device='cuda:0', grad_fn=<DivBackward0>)
Memory status after this epoch: 
Memory allocated:  600.71875
Memory cached:  1166.0
	 epoch  20 training error:  tensor(0.3541, device='cuda:0', grad_fn=<DivBackward0>)
Memory status after this epoch: 
Memory allocated:  600.71875
Memory cached:  1166.0
	 epoch  30 training error:  tensor(0.2257, device='cuda:0', grad_fn=<DivBackward0>)
Memory status after this epoch: 
Memory allocated:  600.71875
Memory cached:  1166.0
	 epoch  40 training error:  tensor(0.1995, device='cuda:0', grad_fn=<DivBackward0>)
Memory status after this epoch: 
Memory allocated:  600.71875
Memory cached:  1166.0
	 epoch  50 training error:  tensor(0.1335, device='cuda:0', grad_fn=<DivBackward0>)
Memory status after this epoch: 
Memory allocated:  600.71875
Memory cached:  1166.0
	 epoch  60 training error:  tensor(0.1182, device='cuda:0', grad_fn=<DivBackward0>)
Memory status after this epoch: 
Memory allocated:  600.71875
Memory cached:  1166.0
	 epoch  70 training error:  tensor(0.1336, device='cuda:0', grad_fn=<DivBackward0>)
Memory status after this epoch: 
Memory allocated:  600.71875
Memory cached:  1166.0
	 epoch  80 training error:  tensor(0.1191, device='cuda:0', grad_fn=<DivBackward0>)
Memory status after this epoch: 
Memory allocated:  600.71875
Memory cached:  1166.0
	 epoch  90 training error:  tensor(0.1020, device='cuda:0', grad_fn=<DivBackward0>)
Memory status after this epoch: 
Memory allocated:  600.71875
Memory cached:  1166.0
[I 2024-02-16 19:10:49,605] Trial 30 finished with value: 0.1296076625585556 and parameters: {'W_layers': 2, 'W_layer_units_exponent_0': 8, 'W_layer_units_exponent_1': 10, 'D_layers': 4, 'D_layer_units_exponent_0': 10, 'D_layer_units_exponent_1': 6, 'D_layer_units_exponent_2': 9, 'D_layer_units_exponent_3': 9, 'D_dagger_layers': 2, 'D_dagger_layer_units_exponent_0': 9, 'D_dagger_layer_units_exponent_1': 4, 'log_learning_rate': -4.404578941320646, 'log_learning_rate_D': -2.754350055468555, 'log_learning_rate_D_dagger': -3.1058278506883017, 'training_batch_size': 6, 'training_p': 5}. Best is trial 29 with value: 0.06625952571630478.
Time for this trial:  580.2668445110321
Memory status after this trial: 
Memory allocated:  1381.96728515625
Memory cached:  1396.0
--------------------  Trial  31   --------------------
Start timing: 
Parameters: 
{'W_layers': 3, 'W_layer_units_exponent_0': 8, 'W_layer_units_exponent_1': 10, 'W_layer_units_exponent_2': 4, 'D_layers': 3, 'D_layer_units_exponent_0': 8, 'D_layer_units_exponent_1': 6, 'D_layer_units_exponent_2': 10, 'D_dagger_layers': 2, 'D_dagger_layer_units_exponent_0': 8, 'D_dagger_layer_units_exponent_1': 5, 'log_learning_rate': -4.262402457321352, 'log_learning_rate_D': -2.5934901393762573, 'log_learning_rate_D_dagger': -2.6870726779749745, 'training_batch_size': 6, 'training_p': 5}
	 epoch  0 training error:  tensor(0.6078, device='cuda:0', grad_fn=<DivBackward0>)
Memory status after this epoch: 
Memory allocated:  596.6796875
Memory cached:  1166.0
	 epoch  10 training error:  tensor(0.4676, device='cuda:0', grad_fn=<DivBackward0>)
Memory status after this epoch: 
Memory allocated:  596.6796875
Memory cached:  1166.0
	 epoch  20 training error:  tensor(0.4472, device='cuda:0', grad_fn=<DivBackward0>)
Memory status after this epoch: 
Memory allocated:  596.6796875
Memory cached:  1166.0
	 epoch  30 training error:  tensor(0.2769, device='cuda:0', grad_fn=<DivBackward0>)
Memory status after this epoch: 
Memory allocated:  596.6796875
Memory cached:  1166.0
	 epoch  40 training error:  tensor(0.1477, device='cuda:0', grad_fn=<DivBackward0>)
Memory status after this epoch: 
Memory allocated:  596.6796875
Memory cached:  1166.0
	 epoch  50 training error:  tensor(0.1498, device='cuda:0', grad_fn=<DivBackward0>)
Memory status after this epoch: 
Memory allocated:  596.6796875
Memory cached:  1166.0
	 epoch  60 training error:  tensor(0.1173, device='cuda:0', grad_fn=<DivBackward0>)
Memory status after this epoch: 
Memory allocated:  596.6796875
Memory cached:  1166.0
	 epoch  70 training error:  tensor(0.1166, device='cuda:0', grad_fn=<DivBackward0>)
Memory status after this epoch: 
Memory allocated:  596.6796875
Memory cached:  1166.0
	 epoch  80 training error:  tensor(0.1269, device='cuda:0', grad_fn=<DivBackward0>)
Memory status after this epoch: 
Memory allocated:  596.6796875
Memory cached:  1166.0
	 epoch  90 training error:  tensor(0.0856, device='cuda:0', grad_fn=<DivBackward0>)
Memory status after this epoch: 
Memory allocated:  596.6796875
Memory cached:  1166.0
[I 2024-02-16 19:20:22,678] Trial 31 finished with value: 0.1561429500579834 and parameters: {'W_layers': 3, 'W_layer_units_exponent_0': 8, 'W_layer_units_exponent_1': 10, 'W_layer_units_exponent_2': 4, 'D_layers': 3, 'D_layer_units_exponent_0': 8, 'D_layer_units_exponent_1': 6, 'D_layer_units_exponent_2': 10, 'D_dagger_layers': 2, 'D_dagger_layer_units_exponent_0': 8, 'D_dagger_layer_units_exponent_1': 5, 'log_learning_rate': -4.262402457321352, 'log_learning_rate_D': -2.5934901393762573, 'log_learning_rate_D_dagger': -2.6870726779749745, 'training_batch_size': 6, 'training_p': 5}. Best is trial 29 with value: 0.06625952571630478.
Time for this trial:  572.6723053455353
Memory status after this trial: 
Memory allocated:  1184.47900390625
Memory cached:  1190.0
--------------------  Trial  32   --------------------
Start timing: 
Parameters: 
{'W_layers': 3, 'W_layer_units_exponent_0': 8, 'W_layer_units_exponent_1': 10, 'W_layer_units_exponent_2': 4, 'D_layers': 3, 'D_layer_units_exponent_0': 8, 'D_layer_units_exponent_1': 5, 'D_layer_units_exponent_2': 10, 'D_dagger_layers': 3, 'D_dagger_layer_units_exponent_0': 8, 'D_dagger_layer_units_exponent_1': 4, 'D_dagger_layer_units_exponent_2': 7, 'log_learning_rate': -4.16883060956754, 'log_learning_rate_D': -3.192097647561286, 'log_learning_rate_D_dagger': -2.7179491069088604, 'training_batch_size': 6, 'training_p': 5}
	 epoch  0 training error:  tensor(0.6731, device='cuda:0', grad_fn=<DivBackward0>)
Memory status after this epoch: 
Memory allocated:  596.025390625
Memory cached:  1166.0
	 epoch  10 training error:  tensor(0.4668, device='cuda:0', grad_fn=<DivBackward0>)
Memory status after this epoch: 
Memory allocated:  596.025390625
Memory cached:  1166.0
	 epoch  20 training error:  tensor(0.4305, device='cuda:0', grad_fn=<DivBackward0>)
Memory status after this epoch: 
Memory allocated:  596.025390625
Memory cached:  1166.0
	 epoch  30 training error:  tensor(0.3561, device='cuda:0', grad_fn=<DivBackward0>)
Memory status after this epoch: 
Memory allocated:  596.025390625
Memory cached:  1166.0
	 epoch  40 training error:  tensor(0.2527, device='cuda:0', grad_fn=<DivBackward0>)
Memory status after this epoch: 
Memory allocated:  596.025390625
Memory cached:  1166.0
	 epoch  50 training error:  tensor(0.1518, device='cuda:0', grad_fn=<DivBackward0>)
Memory status after this epoch: 
Memory allocated:  596.025390625
Memory cached:  1166.0
	 epoch  60 training error:  tensor(0.1440, device='cuda:0', grad_fn=<DivBackward0>)
Memory status after this epoch: 
Memory allocated:  596.025390625
Memory cached:  1166.0
	 epoch  70 training error:  tensor(0.1068, device='cuda:0', grad_fn=<DivBackward0>)
Memory status after this epoch: 
Memory allocated:  596.025390625
Memory cached:  1166.0
	 epoch  80 training error:  tensor(0.1194, device='cuda:0', grad_fn=<DivBackward0>)
Memory status after this epoch: 
Memory allocated:  596.025390625
Memory cached:  1166.0
	 epoch  90 training error:  tensor(0.1040, device='cuda:0', grad_fn=<DivBackward0>)
Memory status after this epoch: 
Memory allocated:  596.025390625
Memory cached:  1166.0
[I 2024-02-16 19:30:33,314] Trial 32 finished with value: 0.06443101167678833 and parameters: {'W_layers': 3, 'W_layer_units_exponent_0': 8, 'W_layer_units_exponent_1': 10, 'W_layer_units_exponent_2': 4, 'D_layers': 3, 'D_layer_units_exponent_0': 8, 'D_layer_units_exponent_1': 5, 'D_layer_units_exponent_2': 10, 'D_dagger_layers': 3, 'D_dagger_layer_units_exponent_0': 8, 'D_dagger_layer_units_exponent_1': 4, 'D_dagger_layer_units_exponent_2': 7, 'log_learning_rate': -4.16883060956754, 'log_learning_rate_D': -3.192097647561286, 'log_learning_rate_D_dagger': -2.7179491069088604, 'training_batch_size': 6, 'training_p': 5}. Best is trial 32 with value: 0.06443101167678833.
res:  tensor(0.0644, device='cuda:0', grad_fn=<DivBackward0>)
self.bestValue:  tensor(0.0663, device='cuda:0', grad_fn=<DivBackward0>)
Save this model!
Time for this trial:  610.275586605072
Memory status after this trial: 
Memory allocated:  607.80712890625
Memory cached:  1038.0
--------------------  Trial  33   --------------------
Start timing: 
Parameters: 
{'W_layers': 3, 'W_layer_units_exponent_0': 9, 'W_layer_units_exponent_1': 10, 'W_layer_units_exponent_2': 4, 'D_layers': 3, 'D_layer_units_exponent_0': 7, 'D_layer_units_exponent_1': 5, 'D_layer_units_exponent_2': 9, 'D_dagger_layers': 2, 'D_dagger_layer_units_exponent_0': 9, 'D_dagger_layer_units_exponent_1': 4, 'log_learning_rate': -4.664936018125929, 'log_learning_rate_D': -3.0494569792993333, 'log_learning_rate_D_dagger': -2.945700064192432, 'training_batch_size': 6, 'training_p': 6}
	 epoch  0 training error:  tensor(0.6534, device='cuda:0', grad_fn=<DivBackward0>)
Memory status after this epoch: 
Memory allocated:  616.6044921875
Memory cached:  1036.0
	 epoch  10 training error:  tensor(0.4962, device='cuda:0', grad_fn=<DivBackward0>)
Memory status after this epoch: 
Memory allocated:  616.6044921875
Memory cached:  1040.0
	 epoch  20 training error:  tensor(0.4594, device='cuda:0', grad_fn=<DivBackward0>)
Memory status after this epoch: 
Memory allocated:  616.6044921875
Memory cached:  1036.0
	 epoch  30 training error:  tensor(0.3301, device='cuda:0', grad_fn=<DivBackward0>)
Memory status after this epoch: 
Memory allocated:  616.6044921875
Memory cached:  1036.0
	 epoch  40 training error:  tensor(0.2219, device='cuda:0', grad_fn=<DivBackward0>)
Memory status after this epoch: 
Memory allocated:  616.6044921875
Memory cached:  1036.0
	 epoch  50 training error:  tensor(0.1609, device='cuda:0', grad_fn=<DivBackward0>)
Memory status after this epoch: 
Memory allocated:  616.6044921875
Memory cached:  1038.0
	 epoch  60 training error:  tensor(0.1519, device='cuda:0', grad_fn=<DivBackward0>)
Memory status after this epoch: 
Memory allocated:  616.6044921875
Memory cached:  1036.0
	 epoch  70 training error:  tensor(0.1445, device='cuda:0', grad_fn=<DivBackward0>)
Memory status after this epoch: 
Memory allocated:  616.6044921875
Memory cached:  1036.0
	 epoch  80 training error:  tensor(0.1129, device='cuda:0', grad_fn=<DivBackward0>)
Memory status after this epoch: 
Memory allocated:  616.6044921875
Memory cached:  1036.0
	 epoch  90 training error:  tensor(0.1872, device='cuda:0', grad_fn=<DivBackward0>)
Memory status after this epoch: 
Memory allocated:  616.6044921875
Memory cached:  1036.0
[I 2024-02-16 19:40:02,726] Trial 33 finished with value: 0.0783829316496849 and parameters: {'W_layers': 3, 'W_layer_units_exponent_0': 9, 'W_layer_units_exponent_1': 10, 'W_layer_units_exponent_2': 4, 'D_layers': 3, 'D_layer_units_exponent_0': 7, 'D_layer_units_exponent_1': 5, 'D_layer_units_exponent_2': 9, 'D_dagger_layers': 2, 'D_dagger_layer_units_exponent_0': 9, 'D_dagger_layer_units_exponent_1': 4, 'log_learning_rate': -4.664936018125929, 'log_learning_rate_D': -3.0494569792993333, 'log_learning_rate_D_dagger': -2.945700064192432, 'training_batch_size': 6, 'training_p': 6}. Best is trial 32 with value: 0.06443101167678833.
Time for this trial:  569.0775637626648
Memory status after this trial: 
Memory allocated:  1182.66748046875
Memory cached:  1222.0
--------------------  Trial  34   --------------------
Start timing: 
Parameters: 
{'W_layers': 3, 'W_layer_units_exponent_0': 9, 'W_layer_units_exponent_1': 10, 'W_layer_units_exponent_2': 4, 'D_layers': 4, 'D_layer_units_exponent_0': 6, 'D_layer_units_exponent_1': 5, 'D_layer_units_exponent_2': 9, 'D_layer_units_exponent_3': 6, 'D_dagger_layers': 2, 'D_dagger_layer_units_exponent_0': 9, 'D_dagger_layer_units_exponent_1': 4, 'log_learning_rate': -4.75553692553995, 'log_learning_rate_D': -3.0683816755239612, 'log_learning_rate_D_dagger': -3.347621456489023, 'training_batch_size': 6, 'training_p': 6}
	 epoch  0 training error:  tensor(0.7146, device='cuda:0', grad_fn=<DivBackward0>)
Memory status after this epoch: 
Memory allocated:  617.0693359375
Memory cached:  1034.0
	 epoch  10 training error:  tensor(0.4998, device='cuda:0', grad_fn=<DivBackward0>)
Memory status after this epoch: 
Memory allocated:  617.0693359375
Memory cached:  1034.0
	 epoch  20 training error:  tensor(0.4939, device='cuda:0', grad_fn=<DivBackward0>)
Memory status after this epoch: 
Memory allocated:  617.0693359375
Memory cached:  1034.0
	 epoch  30 training error:  tensor(0.4841, device='cuda:0', grad_fn=<DivBackward0>)
Memory status after this epoch: 
Memory allocated:  617.0693359375
Memory cached:  1034.0
	 epoch  40 training error:  tensor(0.4513, device='cuda:0', grad_fn=<DivBackward0>)
Memory status after this epoch: 
Memory allocated:  617.0693359375
Memory cached:  1034.0
	 epoch  50 training error:  tensor(0.3894, device='cuda:0', grad_fn=<DivBackward0>)
Memory status after this epoch: 
Memory allocated:  617.0693359375
Memory cached:  1034.0
	 epoch  60 training error:  tensor(0.3263, device='cuda:0', grad_fn=<DivBackward0>)
Memory status after this epoch: 
Memory allocated:  617.0693359375
Memory cached:  1034.0
	 epoch  70 training error:  tensor(0.2458, device='cuda:0', grad_fn=<DivBackward0>)
Memory status after this epoch: 
Memory allocated:  617.0693359375
Memory cached:  1034.0
	 epoch  80 training error:  tensor(0.1926, device='cuda:0', grad_fn=<DivBackward0>)
Memory status after this epoch: 
Memory allocated:  617.0693359375
Memory cached:  1034.0
	 epoch  90 training error:  tensor(0.1456, device='cuda:0', grad_fn=<DivBackward0>)
Memory status after this epoch: 
Memory allocated:  617.0693359375
Memory cached:  1034.0
[I 2024-02-16 19:50:12,743] Trial 34 finished with value: 0.11053784191608429 and parameters: {'W_layers': 3, 'W_layer_units_exponent_0': 9, 'W_layer_units_exponent_1': 10, 'W_layer_units_exponent_2': 4, 'D_layers': 4, 'D_layer_units_exponent_0': 6, 'D_layer_units_exponent_1': 5, 'D_layer_units_exponent_2': 9, 'D_layer_units_exponent_3': 6, 'D_dagger_layers': 2, 'D_dagger_layer_units_exponent_0': 9, 'D_dagger_layer_units_exponent_1': 4, 'log_learning_rate': -4.75553692553995, 'log_learning_rate_D': -3.0683816755239612, 'log_learning_rate_D_dagger': -3.347621456489023, 'training_batch_size': 6, 'training_p': 6}. Best is trial 32 with value: 0.06443101167678833.
Time for this trial:  609.5970942974091
Memory status after this trial: 
Memory allocated:  1196.43505859375
Memory cached:  1240.0
--------------------  Trial  35   --------------------
Start timing: 
Parameters: 
{'W_layers': 2, 'W_layer_units_exponent_0': 9, 'W_layer_units_exponent_1': 10, 'D_layers': 3, 'D_layer_units_exponent_0': 7, 'D_layer_units_exponent_1': 5, 'D_layer_units_exponent_2': 9, 'D_dagger_layers': 2, 'D_dagger_layer_units_exponent_0': 9, 'D_dagger_layer_units_exponent_1': 4, 'log_learning_rate': -4.889043942554582, 'log_learning_rate_D': -2.4102372427685026, 'log_learning_rate_D_dagger': -2.849784844247276, 'training_batch_size': 8, 'training_p': 6}
	 epoch  0 training error:  tensor(0.7829, device='cuda:0', grad_fn=<DivBackward0>)
Memory status after this epoch: 
Memory allocated:  616.2666015625
Memory cached:  1034.0
	 epoch  10 training error:  tensor(0.5090, device='cuda:0', grad_fn=<DivBackward0>)
Memory status after this epoch: 
Memory allocated:  616.2666015625
Memory cached:  1034.0
	 epoch  20 training error:  tensor(0.5002, device='cuda:0', grad_fn=<DivBackward0>)
Memory status after this epoch: 
Memory allocated:  616.2666015625
Memory cached:  1034.0
	 epoch  30 training error:  tensor(0.4985, device='cuda:0', grad_fn=<DivBackward0>)
Memory status after this epoch: 
Memory allocated:  616.2666015625
Memory cached:  1034.0
	 epoch  40 training error:  tensor(0.4935, device='cuda:0', grad_fn=<DivBackward0>)
Memory status after this epoch: 
Memory allocated:  616.2666015625
Memory cached:  1034.0
	 epoch  50 training error:  tensor(0.5347, device='cuda:0', grad_fn=<DivBackward0>)
Memory status after this epoch: 
Memory allocated:  616.2666015625
Memory cached:  1034.0
	 epoch  60 training error:  tensor(0.5230, device='cuda:0', grad_fn=<DivBackward0>)
Memory status after this epoch: 
Memory allocated:  616.2666015625
Memory cached:  1034.0
	 epoch  70 training error:  tensor(0.3247, device='cuda:0', grad_fn=<DivBackward0>)
Memory status after this epoch: 
Memory allocated:  616.2666015625
Memory cached:  1034.0
	 epoch  80 training error:  tensor(0.2465, device='cuda:0', grad_fn=<DivBackward0>)
Memory status after this epoch: 
Memory allocated:  616.2666015625
Memory cached:  1034.0
	 epoch  90 training error:  tensor(0.2919, device='cuda:0', grad_fn=<DivBackward0>)
Memory status after this epoch: 
Memory allocated:  616.2666015625
Memory cached:  1034.0
