[I 2024-01-13 14:14:20,544] Trial 9 finished with value: 0.34709998965263367 and parameters: {'W_layers': 6, 'W_layer_units_exponent_0': 8, 'W_layer_units_exponent_1': 8, 'W_layer_units_exponent_2': 9, 'W_layer_units_exponent_3': 10, 'W_layer_units_exponent_4': 10, 'W_layer_units_exponent_5': 7, 'D_layers': 4, 'D_layer_units_exponent_0': 7, 'D_layer_units_exponent_1': 7, 'D_layer_units_exponent_2': 5, 'D_layer_units_exponent_3': 10, 'D_dagger_layers': 4, 'D_dagger_layer_units_exponent_0': 4, 'D_dagger_layer_units_exponent_1': 5, 'D_dagger_layer_units_exponent_2': 8, 'D_dagger_layer_units_exponent_3': 6, 'log_learning_rate': -1.4316854377717751, 'log_learning_rate_D': -2.937536633639525, 'log_learning_rate_D_dagger': -1.92957063055109, 'training_batch_size': 11, 'training_p': 5}. Best is trial 5 with value: 0.289172500371933.
Time for this trial:  30.07180428504944
Memory status after this trial: 
Memory allocated:  768.97998046875
Memory cached:  806.0
--------------------  Trial  10   --------------------
Start timing: 
Parameters: 
{'W_layers': 8, 'W_layer_units_exponent_0': 6, 'W_layer_units_exponent_1': 4, 'W_layer_units_exponent_2': 7, 'W_layer_units_exponent_3': 7, 'W_layer_units_exponent_4': 4, 'W_layer_units_exponent_5': 4, 'W_layer_units_exponent_6': 10, 'W_layer_units_exponent_7': 4, 'D_layers': 6, 'D_layer_units_exponent_0': 10, 'D_layer_units_exponent_1': 10, 'D_layer_units_exponent_2': 10, 'D_layer_units_exponent_3': 7, 'D_layer_units_exponent_4': 10, 'D_layer_units_exponent_5': 4, 'D_dagger_layers': 4, 'D_dagger_layer_units_exponent_0': 6, 'D_dagger_layer_units_exponent_1': 9, 'D_dagger_layer_units_exponent_2': 4, 'D_dagger_layer_units_exponent_3': 4, 'log_learning_rate': -4.952035485629407, 'log_learning_rate_D': -3.488172716137108, 'log_learning_rate_D_dagger': -1.278708784758369, 'training_batch_size': 8, 'training_p': 2}
	 epoch  0 training error:  tensor(1.0865, device='cuda:0', grad_fn=<DivBackward0>)
Memory status after this epoch: 
Memory allocated:  379.763671875
Memory cached:  512.0
	 epoch  10 training error:  tensor(0.4331, device='cuda:0', grad_fn=<DivBackward0>)
Memory status after this epoch: 
Memory allocated:  379.763671875
Memory cached:  512.0
	 epoch  20 training error:  tensor(0.4557, device='cuda:0', grad_fn=<DivBackward0>)
Memory status after this epoch: 
Memory allocated:  379.763671875
Memory cached:  512.0
	 epoch  30 training error:  tensor(0.4830, device='cuda:0', grad_fn=<DivBackward0>)
Memory status after this epoch: 
Memory allocated:  379.763671875
Memory cached:  512.0
	 epoch  40 training error:  tensor(0.6282, device='cuda:0', grad_fn=<DivBackward0>)
Memory status after this epoch: 
Memory allocated:  379.763671875
Memory cached:  512.0
	 epoch  50 training error:  tensor(0.3764, device='cuda:0', grad_fn=<DivBackward0>)
Memory status after this epoch: 
Memory allocated:  379.763671875
Memory cached:  512.0
	 epoch  60 training error:  tensor(0.3656, device='cuda:0', grad_fn=<DivBackward0>)
Memory status after this epoch: 
Memory allocated:  379.763671875
Memory cached:  512.0
	 epoch  70 training error:  tensor(0.2827, device='cuda:0', grad_fn=<DivBackward0>)
Memory status after this epoch: 
Memory allocated:  379.763671875
Memory cached:  512.0
	 epoch  80 training error:  tensor(0.2948, device='cuda:0', grad_fn=<DivBackward0>)
Memory status after this epoch: 
Memory allocated:  379.763671875
Memory cached:  512.0
	 epoch  90 training error:  tensor(0.3065, device='cuda:0', grad_fn=<DivBackward0>)
Memory status after this epoch: 
Memory allocated:  379.763671875
Memory cached:  512.0
[I 2024-01-13 14:14:43,028] Trial 10 finished with value: 0.29658839106559753 and parameters: {'W_layers': 8, 'W_layer_units_exponent_0': 6, 'W_layer_units_exponent_1': 4, 'W_layer_units_exponent_2': 7, 'W_layer_units_exponent_3': 7, 'W_layer_units_exponent_4': 4, 'W_layer_units_exponent_5': 4, 'W_layer_units_exponent_6': 10, 'W_layer_units_exponent_7': 4, 'D_layers': 6, 'D_layer_units_exponent_0': 10, 'D_layer_units_exponent_1': 10, 'D_layer_units_exponent_2': 10, 'D_layer_units_exponent_3': 7, 'D_layer_units_exponent_4': 10, 'D_layer_units_exponent_5': 4, 'D_dagger_layers': 4, 'D_dagger_layer_units_exponent_0': 6, 'D_dagger_layer_units_exponent_1': 9, 'D_dagger_layer_units_exponent_2': 4, 'D_dagger_layer_units_exponent_3': 4, 'log_learning_rate': -4.952035485629407, 'log_learning_rate_D': -3.488172716137108, 'log_learning_rate_D_dagger': -1.278708784758369, 'training_batch_size': 8, 'training_p': 2}. Best is trial 5 with value: 0.289172500371933.
Time for this trial:  22.120637893676758
Memory status after this trial: 
Memory allocated:  587.78955078125
Memory cached:  612.0
--------------------  Trial  11   --------------------
Start timing: 
Parameters: 
{'W_layers': 8, 'W_layer_units_exponent_0': 5, 'W_layer_units_exponent_1': 4, 'W_layer_units_exponent_2': 7, 'W_layer_units_exponent_3': 7, 'W_layer_units_exponent_4': 4, 'W_layer_units_exponent_5': 4, 'W_layer_units_exponent_6': 10, 'W_layer_units_exponent_7': 4, 'D_layers': 6, 'D_layer_units_exponent_0': 10, 'D_layer_units_exponent_1': 10, 'D_layer_units_exponent_2': 10, 'D_layer_units_exponent_3': 7, 'D_layer_units_exponent_4': 10, 'D_layer_units_exponent_5': 4, 'D_dagger_layers': 4, 'D_dagger_layer_units_exponent_0': 6, 'D_dagger_layer_units_exponent_1': 9, 'D_dagger_layer_units_exponent_2': 4, 'D_dagger_layer_units_exponent_3': 4, 'log_learning_rate': -4.940165188863307, 'log_learning_rate_D': -3.6841270971135485, 'log_learning_rate_D_dagger': -1.3874855796189554, 'training_batch_size': 8, 'training_p': 2}
	 epoch  0 training error:  tensor(0.9934, device='cuda:0', grad_fn=<DivBackward0>)
Memory status after this epoch: 
Memory allocated:  379.755859375
Memory cached:  512.0
	 epoch  10 training error:  tensor(0.6761, device='cuda:0', grad_fn=<DivBackward0>)
Memory status after this epoch: 
Memory allocated:  379.755859375
Memory cached:  512.0
	 epoch  20 training error:  tensor(0.3327, device='cuda:0', grad_fn=<DivBackward0>)
Memory status after this epoch: 
Memory allocated:  379.755859375
Memory cached:  512.0
	 epoch  30 training error:  tensor(0.4471, device='cuda:0', grad_fn=<DivBackward0>)
Memory status after this epoch: 
Memory allocated:  379.755859375
Memory cached:  512.0
	 epoch  40 training error:  tensor(0.3144, device='cuda:0', grad_fn=<DivBackward0>)
Memory status after this epoch: 
Memory allocated:  379.755859375
Memory cached:  512.0
	 epoch  50 training error:  tensor(0.3847, device='cuda:0', grad_fn=<DivBackward0>)
Memory status after this epoch: 
Memory allocated:  379.755859375
Memory cached:  512.0
	 epoch  60 training error:  tensor(0.3134, device='cuda:0', grad_fn=<DivBackward0>)
Memory status after this epoch: 
Memory allocated:  379.755859375
Memory cached:  512.0
	 epoch  70 training error:  tensor(0.3286, device='cuda:0', grad_fn=<DivBackward0>)
Memory status after this epoch: 
Memory allocated:  379.755859375
Memory cached:  512.0
	 epoch  80 training error:  tensor(0.2977, device='cuda:0', grad_fn=<DivBackward0>)
Memory status after this epoch: 
Memory allocated:  379.755859375
Memory cached:  512.0
	 epoch  90 training error:  tensor(0.2952, device='cuda:0', grad_fn=<DivBackward0>)
Memory status after this epoch: 
Memory allocated:  379.755859375
Memory cached:  512.0
[I 2024-01-13 14:15:12,642] Trial 11 finished with value: 0.296204149723053 and parameters: {'W_layers': 8, 'W_layer_units_exponent_0': 5, 'W_layer_units_exponent_1': 4, 'W_layer_units_exponent_2': 7, 'W_layer_units_exponent_3': 7, 'W_layer_units_exponent_4': 4, 'W_layer_units_exponent_5': 4, 'W_layer_units_exponent_6': 10, 'W_layer_units_exponent_7': 4, 'D_layers': 6, 'D_layer_units_exponent_0': 10, 'D_layer_units_exponent_1': 10, 'D_layer_units_exponent_2': 10, 'D_layer_units_exponent_3': 7, 'D_layer_units_exponent_4': 10, 'D_layer_units_exponent_5': 4, 'D_dagger_layers': 4, 'D_dagger_layer_units_exponent_0': 6, 'D_dagger_layer_units_exponent_1': 9, 'D_dagger_layer_units_exponent_2': 4, 'D_dagger_layer_units_exponent_3': 4, 'log_learning_rate': -4.940165188863307, 'log_learning_rate_D': -3.6841270971135485, 'log_learning_rate_D_dagger': -1.3874855796189554, 'training_batch_size': 8, 'training_p': 2}. Best is trial 5 with value: 0.289172500371933.
Time for this trial:  29.262609720230103
Memory status after this trial: 
Memory allocated:  584.36767578125
Memory cached:  608.0
--------------------  Trial  12   --------------------
Start timing: 
Parameters: 
{'W_layers': 7, 'W_layer_units_exponent_0': 5, 'W_layer_units_exponent_1': 6, 'W_layer_units_exponent_2': 8, 'W_layer_units_exponent_3': 7, 'W_layer_units_exponent_4': 4, 'W_layer_units_exponent_5': 4, 'W_layer_units_exponent_6': 10, 'D_layers': 6, 'D_layer_units_exponent_0': 10, 'D_layer_units_exponent_1': 10, 'D_layer_units_exponent_2': 9, 'D_layer_units_exponent_3': 7, 'D_layer_units_exponent_4': 9, 'D_layer_units_exponent_5': 10, 'D_dagger_layers': 4, 'D_dagger_layer_units_exponent_0': 6, 'D_dagger_layer_units_exponent_1': 8, 'D_dagger_layer_units_exponent_2': 4, 'D_dagger_layer_units_exponent_3': 4, 'log_learning_rate': -4.991084270014004, 'log_learning_rate_D': -3.4039102778983406, 'log_learning_rate_D_dagger': -1.0176489389276575, 'training_batch_size': 8, 'training_p': 2}
	 epoch  0 training error:  tensor(0.9969, device='cuda:0', grad_fn=<DivBackward0>)
Memory status after this epoch: 
Memory allocated:  379.5107421875
Memory cached:  510.0
	 epoch  10 training error:  tensor(1.9237, device='cuda:0', grad_fn=<DivBackward0>)
Memory status after this epoch: 
Memory allocated:  379.5107421875
Memory cached:  510.0
	 epoch  20 training error:  tensor(0.3570, device='cuda:0', grad_fn=<DivBackward0>)
Memory status after this epoch: 
Memory allocated:  379.5107421875
Memory cached:  510.0
	 epoch  30 training error:  tensor(0.4378, device='cuda:0', grad_fn=<DivBackward0>)
Memory status after this epoch: 
Memory allocated:  379.5107421875
Memory cached:  510.0
	 epoch  40 training error:  tensor(0.3917, device='cuda:0', grad_fn=<DivBackward0>)
Memory status after this epoch: 
Memory allocated:  379.5107421875
Memory cached:  510.0
	 epoch  50 training error:  tensor(0.4042, device='cuda:0', grad_fn=<DivBackward0>)
Memory status after this epoch: 
Memory allocated:  379.5107421875
Memory cached:  510.0
	 epoch  60 training error:  tensor(0.2957, device='cuda:0', grad_fn=<DivBackward0>)
Memory status after this epoch: 
Memory allocated:  379.5107421875
Memory cached:  510.0
	 epoch  70 training error:  tensor(0.2946, device='cuda:0', grad_fn=<DivBackward0>)
Memory status after this epoch: 
Memory allocated:  379.5107421875
Memory cached:  510.0
	 epoch  80 training error:  tensor(0.2980, device='cuda:0', grad_fn=<DivBackward0>)
Memory status after this epoch: 
Memory allocated:  379.5107421875
Memory cached:  510.0
	 epoch  90 training error:  tensor(0.2908, device='cuda:0', grad_fn=<DivBackward0>)
Memory status after this epoch: 
Memory allocated:  379.5107421875
Memory cached:  510.0
[I 2024-01-13 14:15:41,708] Trial 12 finished with value: 0.31629595160484314 and parameters: {'W_layers': 7, 'W_layer_units_exponent_0': 5, 'W_layer_units_exponent_1': 6, 'W_layer_units_exponent_2': 8, 'W_layer_units_exponent_3': 7, 'W_layer_units_exponent_4': 4, 'W_layer_units_exponent_5': 4, 'W_layer_units_exponent_6': 10, 'D_layers': 6, 'D_layer_units_exponent_0': 10, 'D_layer_units_exponent_1': 10, 'D_layer_units_exponent_2': 9, 'D_layer_units_exponent_3': 7, 'D_layer_units_exponent_4': 9, 'D_layer_units_exponent_5': 10, 'D_dagger_layers': 4, 'D_dagger_layer_units_exponent_0': 6, 'D_dagger_layer_units_exponent_1': 8, 'D_dagger_layer_units_exponent_2': 4, 'D_dagger_layer_units_exponent_3': 4, 'log_learning_rate': -4.991084270014004, 'log_learning_rate_D': -3.4039102778983406, 'log_learning_rate_D_dagger': -1.0176489389276575, 'training_batch_size': 8, 'training_p': 2}. Best is trial 5 with value: 0.289172500371933.
Time for this trial:  28.65665626525879
Memory status after this trial: 
Memory allocated:  558.32763671875
Memory cached:  590.0
--------------------  Trial  13   --------------------
Start timing: 
Parameters: 
{'W_layers': 7, 'W_layer_units_exponent_0': 4, 'W_layer_units_exponent_1': 6, 'W_layer_units_exponent_2': 6, 'W_layer_units_exponent_3': 6, 'W_layer_units_exponent_4': 6, 'W_layer_units_exponent_5': 10, 'W_layer_units_exponent_6': 4, 'D_layers': 6, 'D_layer_units_exponent_0': 9, 'D_layer_units_exponent_1': 8, 'D_layer_units_exponent_2': 9, 'D_layer_units_exponent_3': 8, 'D_layer_units_exponent_4': 8, 'D_layer_units_exponent_5': 4, 'D_dagger_layers': 5, 'D_dagger_layer_units_exponent_0': 6, 'D_dagger_layer_units_exponent_1': 8, 'D_dagger_layer_units_exponent_2': 6, 'D_dagger_layer_units_exponent_3': 6, 'D_dagger_layer_units_exponent_4': 4, 'log_learning_rate': -3.4055413920141984, 'log_learning_rate_D': -4.140574661072418, 'log_learning_rate_D_dagger': -2.5428458332174473, 'training_batch_size': 9, 'training_p': 3}
	 epoch  0 training error:  tensor(0.9432, device='cuda:0', grad_fn=<DivBackward0>)
Memory status after this epoch: 
Memory allocated:  373.02392578125
Memory cached:  510.0
	 epoch  10 training error:  tensor(0.3759, device='cuda:0', grad_fn=<DivBackward0>)
Memory status after this epoch: 
Memory allocated:  373.02392578125
Memory cached:  510.0
	 epoch  20 training error:  tensor(0.3820, device='cuda:0', grad_fn=<DivBackward0>)
Memory status after this epoch: 
Memory allocated:  373.02392578125
Memory cached:  510.0
	 epoch  30 training error:  tensor(0.3694, device='cuda:0', grad_fn=<DivBackward0>)
Memory status after this epoch: 
Memory allocated:  373.02392578125
Memory cached:  510.0
	 epoch  40 training error:  tensor(0.3711, device='cuda:0', grad_fn=<DivBackward0>)
Memory status after this epoch: 
Memory allocated:  373.02392578125
Memory cached:  510.0
	 epoch  50 training error:  tensor(0.3691, device='cuda:0', grad_fn=<DivBackward0>)
Memory status after this epoch: 
Memory allocated:  373.02392578125
Memory cached:  510.0
	 epoch  60 training error:  tensor(0.3690, device='cuda:0', grad_fn=<DivBackward0>)
Memory status after this epoch: 
Memory allocated:  373.02392578125
Memory cached:  510.0
	 epoch  70 training error:  tensor(0.3714, device='cuda:0', grad_fn=<DivBackward0>)
Memory status after this epoch: 
Memory allocated:  373.02392578125
Memory cached:  510.0
	 epoch  80 training error:  tensor(0.3700, device='cuda:0', grad_fn=<DivBackward0>)
Memory status after this epoch: 
Memory allocated:  373.02392578125
Memory cached:  510.0
	 epoch  90 training error:  tensor(0.3706, device='cuda:0', grad_fn=<DivBackward0>)
Memory status after this epoch: 
Memory allocated:  373.02392578125
Memory cached:  510.0
[I 2024-01-13 14:16:18,034] Trial 13 finished with value: 0.2994924783706665 and parameters: {'W_layers': 7, 'W_layer_units_exponent_0': 4, 'W_layer_units_exponent_1': 6, 'W_layer_units_exponent_2': 6, 'W_layer_units_exponent_3': 6, 'W_layer_units_exponent_4': 6, 'W_layer_units_exponent_5': 10, 'W_layer_units_exponent_6': 4, 'D_layers': 6, 'D_layer_units_exponent_0': 9, 'D_layer_units_exponent_1': 8, 'D_layer_units_exponent_2': 9, 'D_layer_units_exponent_3': 8, 'D_layer_units_exponent_4': 8, 'D_layer_units_exponent_5': 4, 'D_dagger_layers': 5, 'D_dagger_layer_units_exponent_0': 6, 'D_dagger_layer_units_exponent_1': 8, 'D_dagger_layer_units_exponent_2': 6, 'D_dagger_layer_units_exponent_3': 6, 'D_dagger_layer_units_exponent_4': 4, 'log_learning_rate': -3.4055413920141984, 'log_learning_rate_D': -4.140574661072418, 'log_learning_rate_D_dagger': -2.5428458332174473, 'training_batch_size': 9, 'training_p': 3}. Best is trial 5 with value: 0.289172500371933.
Time for this trial:  35.940011501312256
Memory status after this trial: 
Memory allocated:  561.68798828125
Memory cached:  598.0
--------------------  Trial  14   --------------------
Start timing: 
Parameters: 
{'W_layers': 7, 'W_layer_units_exponent_0': 6, 'W_layer_units_exponent_1': 4, 'W_layer_units_exponent_2': 8, 'W_layer_units_exponent_3': 8, 'W_layer_units_exponent_4': 5, 'W_layer_units_exponent_5': 6, 'W_layer_units_exponent_6': 8, 'D_layers': 5, 'D_layer_units_exponent_0': 9, 'D_layer_units_exponent_1': 8, 'D_layer_units_exponent_2': 10, 'D_layer_units_exponent_3': 6, 'D_layer_units_exponent_4': 10, 'D_dagger_layers': 5, 'D_dagger_layer_units_exponent_0': 5, 'D_dagger_layer_units_exponent_1': 9, 'D_dagger_layer_units_exponent_2': 5, 'D_dagger_layer_units_exponent_3': 10, 'D_dagger_layer_units_exponent_4': 4, 'log_learning_rate': -4.535828142857266, 'log_learning_rate_D': -3.1618919599118502, 'log_learning_rate_D_dagger': -2.9173748184200905, 'training_batch_size': 9, 'training_p': 4}
	 epoch  0 training error:  tensor(1.0009, device='cuda:0', grad_fn=<DivBackward0>)
Memory status after this epoch: 
Memory allocated:  373.98046875
Memory cached:  510.0
	 epoch  10 training error:  tensor(0.4348, device='cuda:0', grad_fn=<DivBackward0>)
Memory status after this epoch: 
Memory allocated:  373.98046875
Memory cached:  510.0
	 epoch  20 training error:  tensor(0.4392, device='cuda:0', grad_fn=<DivBackward0>)
Memory status after this epoch: 
Memory allocated:  373.98046875
Memory cached:  510.0
	 epoch  30 training error:  tensor(0.4307, device='cuda:0', grad_fn=<DivBackward0>)
Memory status after this epoch: 
Memory allocated:  373.98046875
Memory cached:  510.0
	 epoch  40 training error:  tensor(0.4320, device='cuda:0', grad_fn=<DivBackward0>)
Memory status after this epoch: 
Memory allocated:  373.98046875
Memory cached:  510.0
	 epoch  50 training error:  tensor(0.4271, device='cuda:0', grad_fn=<DivBackward0>)
Memory status after this epoch: 
Memory allocated:  373.98046875
Memory cached:  510.0
	 epoch  60 training error:  tensor(0.4365, device='cuda:0', grad_fn=<DivBackward0>)
Memory status after this epoch: 
Memory allocated:  373.98046875
Memory cached:  510.0
	 epoch  70 training error:  tensor(0.4318, device='cuda:0', grad_fn=<DivBackward0>)
Memory status after this epoch: 
Memory allocated:  373.98046875
Memory cached:  510.0
	 epoch  80 training error:  tensor(0.4276, device='cuda:0', grad_fn=<DivBackward0>)
Memory status after this epoch: 
Memory allocated:  373.98046875
Memory cached:  510.0
	 epoch  90 training error:  tensor(0.4287, device='cuda:0', grad_fn=<DivBackward0>)
Memory status after this epoch: 
Memory allocated:  373.98046875
Memory cached:  510.0
[I 2024-01-13 14:16:54,508] Trial 14 finished with value: 0.32771363854408264 and parameters: {'W_layers': 7, 'W_layer_units_exponent_0': 6, 'W_layer_units_exponent_1': 4, 'W_layer_units_exponent_2': 8, 'W_layer_units_exponent_3': 8, 'W_layer_units_exponent_4': 5, 'W_layer_units_exponent_5': 6, 'W_layer_units_exponent_6': 8, 'D_layers': 5, 'D_layer_units_exponent_0': 9, 'D_layer_units_exponent_1': 8, 'D_layer_units_exponent_2': 10, 'D_layer_units_exponent_3': 6, 'D_layer_units_exponent_4': 10, 'D_dagger_layers': 5, 'D_dagger_layer_units_exponent_0': 5, 'D_dagger_layer_units_exponent_1': 9, 'D_dagger_layer_units_exponent_2': 5, 'D_dagger_layer_units_exponent_3': 10, 'D_dagger_layer_units_exponent_4': 4, 'log_learning_rate': -4.535828142857266, 'log_learning_rate_D': -3.1618919599118502, 'log_learning_rate_D_dagger': -2.9173748184200905, 'training_batch_size': 9, 'training_p': 4}. Best is trial 5 with value: 0.289172500371933.
Time for this trial:  36.08259916305542
Memory status after this trial: 
Memory allocated:  644.09228515625
Memory cached:  676.0
--------------------  Trial  15   --------------------
Start timing: 
Parameters: 
{'W_layers': 2, 'W_layer_units_exponent_0': 6, 'W_layer_units_exponent_1': 7, 'D_layers': 7, 'D_layer_units_exponent_0': 9, 'D_layer_units_exponent_1': 6, 'D_layer_units_exponent_2': 8, 'D_layer_units_exponent_3': 8, 'D_layer_units_exponent_4': 7, 'D_layer_units_exponent_5': 4, 'D_layer_units_exponent_6': 7, 'D_dagger_layers': 3, 'D_dagger_layer_units_exponent_0': 8, 'D_dagger_layer_units_exponent_1': 8, 'D_dagger_layer_units_exponent_2': 7, 'log_learning_rate': -3.7596796397387333, 'log_learning_rate_D': -3.9945922787228527, 'log_learning_rate_D_dagger': -1.0891215661920879, 'training_batch_size': 12, 'training_p': 5}
	 epoch  0 training error:  tensor(0.9834, device='cuda:0', grad_fn=<DivBackward0>)
Memory status after this epoch: 
Memory allocated:  371.4052734375
Memory cached:  510.0
	 epoch  10 training error:  tensor(108.4279, device='cuda:0', grad_fn=<DivBackward0>)
Memory status after this epoch: 
Memory allocated:  371.4052734375
Memory cached:  510.0
	 epoch  20 training error:  tensor(2.3287, device='cuda:0', grad_fn=<DivBackward0>)
Memory status after this epoch: 
Memory allocated:  371.4052734375
Memory cached:  510.0
	 epoch  30 training error:  tensor(2.0097, device='cuda:0', grad_fn=<DivBackward0>)
Memory status after this epoch: 
Memory allocated:  371.4052734375
Memory cached:  510.0
	 epoch  40 training error:  tensor(1.3759, device='cuda:0', grad_fn=<DivBackward0>)
Memory status after this epoch: 
Memory allocated:  371.4052734375
Memory cached:  510.0
	 epoch  50 training error:  tensor(0.4839, device='cuda:0', grad_fn=<DivBackward0>)
Memory status after this epoch: 
Memory allocated:  371.4052734375
Memory cached:  510.0
	 epoch  60 training error:  tensor(0.6495, device='cuda:0', grad_fn=<DivBackward0>)
Memory status after this epoch: 
Memory allocated:  371.4052734375
Memory cached:  510.0
	 epoch  70 training error:  tensor(0.5078, device='cuda:0', grad_fn=<DivBackward0>)
Memory status after this epoch: 
Memory allocated:  371.4052734375
Memory cached:  510.0
	 epoch  80 training error:  tensor(0.5160, device='cuda:0', grad_fn=<DivBackward0>)
Memory status after this epoch: 
Memory allocated:  371.4052734375
Memory cached:  510.0
	 epoch  90 training error:  tensor(0.4764, device='cuda:0', grad_fn=<DivBackward0>)
Memory status after this epoch: 
Memory allocated:  371.4052734375
Memory cached:  510.0
