[I 2024-03-04 18:03:03,253] Trial 88 finished with value: 0.021610913798213005 and parameters: {'W_layers': 5, 'W_layer_units_exponent_0': 6, 'W_layer_units_exponent_1': 10, 'W_layer_units_exponent_2': 7, 'W_layer_units_exponent_3': 9, 'W_layer_units_exponent_4': 9, 'D_layers': 5, 'D_layer_units_exponent_0': 10, 'D_layer_units_exponent_1': 10, 'D_layer_units_exponent_2': 8, 'D_layer_units_exponent_3': 10, 'D_layer_units_exponent_4': 10, 'D_dagger_layers': 7, 'D_dagger_layer_units_exponent_0': 9, 'D_dagger_layer_units_exponent_1': 9, 'D_dagger_layer_units_exponent_2': 6, 'D_dagger_layer_units_exponent_3': 7, 'D_dagger_layer_units_exponent_4': 4, 'D_dagger_layer_units_exponent_5': 9, 'D_dagger_layer_units_exponent_6': 6, 'log_learning_rate': -2.3690850214347985, 'log_learning_rate_D': -4.186778504771168, 'log_learning_rate_D_dagger': -3.2712063233987627, 'training_batch_size': 6, 'training_p': 5}. Best is trial 27 with value: 0.019390789791941643.
Time for this trial:  2130.9515738487244
Memory status after this trial: 
Memory allocated:  3501.453125
Memory cached:  3562.0
--------------------  Trial  89   --------------------
Start timing: 
Parameters: 
{'W_layers': 5, 'W_layer_units_exponent_0': 5, 'W_layer_units_exponent_1': 10, 'W_layer_units_exponent_2': 7, 'W_layer_units_exponent_3': 8, 'W_layer_units_exponent_4': 9, 'D_layers': 5, 'D_layer_units_exponent_0': 10, 'D_layer_units_exponent_1': 10, 'D_layer_units_exponent_2': 7, 'D_layer_units_exponent_3': 10, 'D_layer_units_exponent_4': 10, 'D_dagger_layers': 8, 'D_dagger_layer_units_exponent_0': 8, 'D_dagger_layer_units_exponent_1': 9, 'D_dagger_layer_units_exponent_2': 5, 'D_dagger_layer_units_exponent_3': 7, 'D_dagger_layer_units_exponent_4': 4, 'D_dagger_layer_units_exponent_5': 9, 'D_dagger_layer_units_exponent_6': 6, 'D_dagger_layer_units_exponent_7': 4, 'log_learning_rate': -2.7145805174429483, 'log_learning_rate_D': -4.172154712597888, 'log_learning_rate_D_dagger': -3.4080864054764777, 'training_batch_size': 6, 'training_p': 4}
	 epoch  0 training error:  tensor(1.1348, grad_fn=<ToCopyBackward0>)
Memory status after this epoch: 
Memory allocated:  44.92822265625
Memory cached:  400.0
	 epoch  10 training error:  tensor(0.2696, grad_fn=<ToCopyBackward0>)
Memory status after this epoch: 
Memory allocated:  44.92822265625
Memory cached:  626.0
	 epoch  20 training error:  tensor(0.1834, grad_fn=<ToCopyBackward0>)
Memory status after this epoch: 
Memory allocated:  44.92822265625
Memory cached:  618.0
	 epoch  30 training error:  tensor(0.1058, grad_fn=<ToCopyBackward0>)
Memory status after this epoch: 
Memory allocated:  44.92822265625
Memory cached:  620.0
	 epoch  40 training error:  tensor(0.1619, grad_fn=<ToCopyBackward0>)
Memory status after this epoch: 
Memory allocated:  44.92822265625
Memory cached:  608.0
	 epoch  50 training error:  tensor(0.0664, grad_fn=<ToCopyBackward0>)
Memory status after this epoch: 
Memory allocated:  44.92822265625
Memory cached:  614.0
	 epoch  60 training error:  tensor(0.0530, grad_fn=<ToCopyBackward0>)
Memory status after this epoch: 
Memory allocated:  44.92822265625
Memory cached:  614.0
	 epoch  70 training error:  tensor(0.0754, grad_fn=<ToCopyBackward0>)
Memory status after this epoch: 
Memory allocated:  44.92822265625
Memory cached:  606.0
	 epoch  80 training error:  tensor(0.0390, grad_fn=<ToCopyBackward0>)
Memory status after this epoch: 
Memory allocated:  44.92822265625
Memory cached:  604.0
	 epoch  90 training error:  tensor(0.0390, grad_fn=<ToCopyBackward0>)
Memory status after this epoch: 
Memory allocated:  44.92822265625
Memory cached:  604.0
[I 2024-03-04 18:39:20,214] Trial 89 finished with value: 0.02365749515593052 and parameters: {'W_layers': 5, 'W_layer_units_exponent_0': 5, 'W_layer_units_exponent_1': 10, 'W_layer_units_exponent_2': 7, 'W_layer_units_exponent_3': 8, 'W_layer_units_exponent_4': 9, 'D_layers': 5, 'D_layer_units_exponent_0': 10, 'D_layer_units_exponent_1': 10, 'D_layer_units_exponent_2': 7, 'D_layer_units_exponent_3': 10, 'D_layer_units_exponent_4': 10, 'D_dagger_layers': 8, 'D_dagger_layer_units_exponent_0': 8, 'D_dagger_layer_units_exponent_1': 9, 'D_dagger_layer_units_exponent_2': 5, 'D_dagger_layer_units_exponent_3': 7, 'D_dagger_layer_units_exponent_4': 4, 'D_dagger_layer_units_exponent_5': 9, 'D_dagger_layer_units_exponent_6': 6, 'D_dagger_layer_units_exponent_7': 4, 'log_learning_rate': -2.7145805174429483, 'log_learning_rate_D': -4.172154712597888, 'log_learning_rate_D_dagger': -3.4080864054764777, 'training_batch_size': 6, 'training_p': 4}. Best is trial 27 with value: 0.019390789791941643.
Time for this trial:  2176.2124276161194
Memory status after this trial: 
Memory allocated:  3206.328125
Memory cached:  3250.0
--------------------  Trial  90   --------------------
Start timing: 
Parameters: 
{'W_layers': 5, 'W_layer_units_exponent_0': 6, 'W_layer_units_exponent_1': 10, 'W_layer_units_exponent_2': 7, 'W_layer_units_exponent_3': 8, 'W_layer_units_exponent_4': 9, 'D_layers': 4, 'D_layer_units_exponent_0': 10, 'D_layer_units_exponent_1': 10, 'D_layer_units_exponent_2': 7, 'D_layer_units_exponent_3': 10, 'D_dagger_layers': 8, 'D_dagger_layer_units_exponent_0': 8, 'D_dagger_layer_units_exponent_1': 8, 'D_dagger_layer_units_exponent_2': 5, 'D_dagger_layer_units_exponent_3': 7, 'D_dagger_layer_units_exponent_4': 8, 'D_dagger_layer_units_exponent_5': 8, 'D_dagger_layer_units_exponent_6': 6, 'D_dagger_layer_units_exponent_7': 4, 'log_learning_rate': -2.432305216526258, 'log_learning_rate_D': -4.168084199306767, 'log_learning_rate_D_dagger': -3.3869705007973567, 'training_batch_size': 6, 'training_p': 4}
	 epoch  0 training error:  tensor(2.3436, grad_fn=<ToCopyBackward0>)
Memory status after this epoch: 
Memory allocated:  29.37548828125
Memory cached:  380.0
	 epoch  10 training error:  tensor(0.2693, grad_fn=<ToCopyBackward0>)
Memory status after this epoch: 
Memory allocated:  29.37548828125
Memory cached:  542.0
	 epoch  20 training error:  tensor(0.2245, grad_fn=<ToCopyBackward0>)
Memory status after this epoch: 
Memory allocated:  29.37548828125
Memory cached:  536.0
	 epoch  30 training error:  tensor(0.1258, grad_fn=<ToCopyBackward0>)
Memory status after this epoch: 
Memory allocated:  29.37548828125
Memory cached:  532.0
	 epoch  40 training error:  tensor(0.0683, grad_fn=<ToCopyBackward0>)
Memory status after this epoch: 
Memory allocated:  29.37548828125
Memory cached:  518.0
	 epoch  50 training error:  tensor(0.0639, grad_fn=<ToCopyBackward0>)
Memory status after this epoch: 
Memory allocated:  29.37548828125
Memory cached:  514.0
	 epoch  60 training error:  tensor(0.0600, grad_fn=<ToCopyBackward0>)
Memory status after this epoch: 
Memory allocated:  29.37548828125
Memory cached:  518.0
	 epoch  70 training error:  tensor(0.0605, grad_fn=<ToCopyBackward0>)
Memory status after this epoch: 
Memory allocated:  29.37548828125
Memory cached:  512.0
	 epoch  80 training error:  tensor(0.0566, grad_fn=<ToCopyBackward0>)
Memory status after this epoch: 
Memory allocated:  29.37548828125
Memory cached:  510.0
	 epoch  90 training error:  tensor(0.0576, grad_fn=<ToCopyBackward0>)
Memory status after this epoch: 
Memory allocated:  29.37548828125
Memory cached:  492.0
[I 2024-03-04 19:14:12,827] Trial 90 finished with value: 0.0324997715651989 and parameters: {'W_layers': 5, 'W_layer_units_exponent_0': 6, 'W_layer_units_exponent_1': 10, 'W_layer_units_exponent_2': 7, 'W_layer_units_exponent_3': 8, 'W_layer_units_exponent_4': 9, 'D_layers': 4, 'D_layer_units_exponent_0': 10, 'D_layer_units_exponent_1': 10, 'D_layer_units_exponent_2': 7, 'D_layer_units_exponent_3': 10, 'D_dagger_layers': 8, 'D_dagger_layer_units_exponent_0': 8, 'D_dagger_layer_units_exponent_1': 8, 'D_dagger_layer_units_exponent_2': 5, 'D_dagger_layer_units_exponent_3': 7, 'D_dagger_layer_units_exponent_4': 8, 'D_dagger_layer_units_exponent_5': 8, 'D_dagger_layer_units_exponent_6': 6, 'D_dagger_layer_units_exponent_7': 4, 'log_learning_rate': -2.432305216526258, 'log_learning_rate_D': -4.168084199306767, 'log_learning_rate_D_dagger': -3.3869705007973567, 'training_batch_size': 6, 'training_p': 4}. Best is trial 27 with value: 0.019390789791941643.
Time for this trial:  2091.7952320575714
Memory status after this trial: 
Memory allocated:  2662.8876953125
Memory cached:  2692.0
--------------------  Trial  91   --------------------
Start timing: 
Parameters: 
{'W_layers': 5, 'W_layer_units_exponent_0': 5, 'W_layer_units_exponent_1': 10, 'W_layer_units_exponent_2': 7, 'W_layer_units_exponent_3': 8, 'W_layer_units_exponent_4': 9, 'D_layers': 5, 'D_layer_units_exponent_0': 10, 'D_layer_units_exponent_1': 10, 'D_layer_units_exponent_2': 7, 'D_layer_units_exponent_3': 9, 'D_layer_units_exponent_4': 9, 'D_dagger_layers': 8, 'D_dagger_layer_units_exponent_0': 8, 'D_dagger_layer_units_exponent_1': 9, 'D_dagger_layer_units_exponent_2': 4, 'D_dagger_layer_units_exponent_3': 7, 'D_dagger_layer_units_exponent_4': 5, 'D_dagger_layer_units_exponent_5': 9, 'D_dagger_layer_units_exponent_6': 5, 'D_dagger_layer_units_exponent_7': 6, 'log_learning_rate': -2.684563828525754, 'log_learning_rate_D': -4.423888474306848, 'log_learning_rate_D_dagger': -3.634405477598268, 'training_batch_size': 11, 'training_p': 3}
[W 2024-03-04 19:14:15,300] Trial 91 failed with parameters: {'W_layers': 5, 'W_layer_units_exponent_0': 5, 'W_layer_units_exponent_1': 10, 'W_layer_units_exponent_2': 7, 'W_layer_units_exponent_3': 8, 'W_layer_units_exponent_4': 9, 'D_layers': 5, 'D_layer_units_exponent_0': 10, 'D_layer_units_exponent_1': 10, 'D_layer_units_exponent_2': 7, 'D_layer_units_exponent_3': 9, 'D_layer_units_exponent_4': 9, 'D_dagger_layers': 8, 'D_dagger_layer_units_exponent_0': 8, 'D_dagger_layer_units_exponent_1': 9, 'D_dagger_layer_units_exponent_2': 4, 'D_dagger_layer_units_exponent_3': 7, 'D_dagger_layer_units_exponent_4': 5, 'D_dagger_layer_units_exponent_5': 9, 'D_dagger_layer_units_exponent_6': 5, 'D_dagger_layer_units_exponent_7': 6, 'log_learning_rate': -2.684563828525754, 'log_learning_rate_D': -4.423888474306848, 'log_learning_rate_D_dagger': -3.634405477598268, 'training_batch_size': 11, 'training_p': 3} because of the following error: RuntimeError('CUDA out of memory. Tried to allocate 20.00 MiB (GPU 0; 15.73 GiB total capacity; 10.73 GiB already allocated; 44.62 MiB free; 10.75 GiB reserved in total by PyTorch) If reserved memory is >> allocated memory try setting max_split_size_mb to avoid fragmentation.  See documentation for Memory Management and PYTORCH_CUDA_ALLOC_CONF').
Traceback (most recent call last):
  File "/home/shengduo/anaconda3/lib/python3.9/site-packages/optuna/study/_optimize.py", line 200, in _run_trial
    value_or_values = func(trial)
  File "/home/shengduo/RateAndStateWithPotential/TuneDimXi_logV_WDsep_deltaTSqed_combinedSet_local.py", line 227, in objective
    avg_training_loss = train1Epoch(trainDataLoader, Loss, myWD, params['training_p'], 0.)
  File "/home/shengduo/RateAndStateWithPotential/FrictionNNModels.py", line 358, in train1Epoch
    myPot.calf(Xs, XDots, ts)
  File "/home/shengduo/RateAndStateWithPotential/FrictionNNModels.py", line 112, in calf
    this_piece = torch.autograd.grad(outputs=D_dagger, inputs=X_D_dagger, create_graph=True)[0]
  File "/home/shengduo/anaconda3/lib/python3.9/site-packages/torch/autograd/__init__.py", line 276, in grad
    return Variable._execution_engine.run_backward(  # Calls into the C++ engine to run the backward pass
RuntimeError: CUDA out of memory. Tried to allocate 20.00 MiB (GPU 0; 15.73 GiB total capacity; 10.73 GiB already allocated; 44.62 MiB free; 10.75 GiB reserved in total by PyTorch) If reserved memory is >> allocated memory try setting max_split_size_mb to avoid fragmentation.  See documentation for Memory Management and PYTORCH_CUDA_ALLOC_CONF
[W 2024-03-04 19:14:15,300] Trial 91 failed with value None.
Traceback (most recent call last):
  File "/home/shengduo/RateAndStateWithPotential/TuneDimXi_logV_WDsep_deltaTSqed_combinedSet_local.py", line 308, in <module>
    this_study.optimize(myOpt.objective, n_trials=100)
  File "/home/shengduo/anaconda3/lib/python3.9/site-packages/optuna/study/study.py", line 442, in optimize
    _optimize(
  File "/home/shengduo/anaconda3/lib/python3.9/site-packages/optuna/study/_optimize.py", line 66, in _optimize
    _optimize_sequential(
  File "/home/shengduo/anaconda3/lib/python3.9/site-packages/optuna/study/_optimize.py", line 163, in _optimize_sequential
    frozen_trial = _run_trial(study, func, catch)
  File "/home/shengduo/anaconda3/lib/python3.9/site-packages/optuna/study/_optimize.py", line 251, in _run_trial
    raise func_err
  File "/home/shengduo/anaconda3/lib/python3.9/site-packages/optuna/study/_optimize.py", line 200, in _run_trial
    value_or_values = func(trial)
  File "/home/shengduo/RateAndStateWithPotential/TuneDimXi_logV_WDsep_deltaTSqed_combinedSet_local.py", line 227, in objective
    avg_training_loss = train1Epoch(trainDataLoader, Loss, myWD, params['training_p'], 0.)
  File "/home/shengduo/RateAndStateWithPotential/FrictionNNModels.py", line 358, in train1Epoch
    myPot.calf(Xs, XDots, ts)
  File "/home/shengduo/RateAndStateWithPotential/FrictionNNModels.py", line 112, in calf
    this_piece = torch.autograd.grad(outputs=D_dagger, inputs=X_D_dagger, create_graph=True)[0]
  File "/home/shengduo/anaconda3/lib/python3.9/site-packages/torch/autograd/__init__.py", line 276, in grad
    return Variable._execution_engine.run_backward(  # Calls into the C++ engine to run the backward pass
RuntimeError: CUDA out of memory. Tried to allocate 20.00 MiB (GPU 0; 15.73 GiB total capacity; 10.73 GiB already allocated; 44.62 MiB free; 10.75 GiB reserved in total by PyTorch) If reserved memory is >> allocated memory try setting max_split_size_mb to avoid fragmentation.  See documentation for Memory Management and PYTORCH_CUDA_ALLOC_CONF
