[I 2023-12-05 02:16:01,249] Trial 32 finished with value: 0.5113646388053894 and parameters: {'W_layers': 6, 'W_layer_units_exponent_0': 5, 'W_layer_units_exponent_1': 4, 'W_layer_units_exponent_2': 9, 'W_layer_units_exponent_3': 8, 'W_layer_units_exponent_4': 10, 'W_layer_units_exponent_5': 4, 'D_layers': 4, 'D_layer_units_exponent_0': 10, 'D_layer_units_exponent_1': 10, 'D_layer_units_exponent_2': 10, 'D_layer_units_exponent_3': 7, 'log_learning_rate': -2.4481459097572285, 'log_learning_rate_D': -1.3268063487985717, 'training_batch_size': 6, 'training_p': 2}. Best is trial 14 with value: 0.5089516043663025.
Time for this trial:  16.30360245704651
Memory status after this trial: 
Memory allocated:  73.90576171875
Memory cached:  100.0
--------------------  Trial  33   --------------------
Start timing: 
Parameters: 
{'W_layers': 6, 'W_layer_units_exponent_0': 6, 'W_layer_units_exponent_1': 5, 'W_layer_units_exponent_2': 8, 'W_layer_units_exponent_3': 9, 'W_layer_units_exponent_4': 9, 'W_layer_units_exponent_5': 5, 'D_layers': 3, 'D_layer_units_exponent_0': 9, 'D_layer_units_exponent_1': 10, 'D_layer_units_exponent_2': 10, 'log_learning_rate': -2.7817842904555876, 'log_learning_rate_D': -1.6064533057739052, 'training_batch_size': 7, 'training_p': 3}
	 epoch  0 training error:  tensor(0.9702, device='cuda:0', grad_fn=<DivBackward0>)
Memory status after this epoch: 
Memory allocated:  40.56201171875
Memory cached:  80.0
	 epoch  10 training error:  tensor(0.8110, device='cuda:0', grad_fn=<DivBackward0>)
Memory status after this epoch: 
Memory allocated:  40.56201171875
Memory cached:  80.0
	 epoch  20 training error:  tensor(0.7689, device='cuda:0', grad_fn=<DivBackward0>)
Memory status after this epoch: 
Memory allocated:  40.56201171875
Memory cached:  80.0
	 epoch  30 training error:  tensor(0.6592, device='cuda:0', grad_fn=<DivBackward0>)
Memory status after this epoch: 
Memory allocated:  40.56201171875
Memory cached:  80.0
	 epoch  40 training error:  tensor(0.6399, device='cuda:0', grad_fn=<DivBackward0>)
Memory status after this epoch: 
Memory allocated:  40.56201171875
Memory cached:  80.0
	 epoch  50 training error:  tensor(0.6301, device='cuda:0', grad_fn=<DivBackward0>)
Memory status after this epoch: 
Memory allocated:  40.56201171875
Memory cached:  80.0
	 epoch  60 training error:  tensor(0.6263, device='cuda:0', grad_fn=<DivBackward0>)
Memory status after this epoch: 
Memory allocated:  40.56201171875
Memory cached:  80.0
	 epoch  70 training error:  tensor(0.6251, device='cuda:0', grad_fn=<DivBackward0>)
Memory status after this epoch: 
Memory allocated:  40.56201171875
Memory cached:  80.0
	 epoch  80 training error:  tensor(0.6245, device='cuda:0', grad_fn=<DivBackward0>)
Memory status after this epoch: 
Memory allocated:  40.56201171875
Memory cached:  80.0
	 epoch  90 training error:  tensor(0.6245, device='cuda:0', grad_fn=<DivBackward0>)
Memory status after this epoch: 
Memory allocated:  40.56201171875
Memory cached:  80.0
[I 2023-12-05 02:16:16,283] Trial 33 finished with value: 0.5474169850349426 and parameters: {'W_layers': 6, 'W_layer_units_exponent_0': 6, 'W_layer_units_exponent_1': 5, 'W_layer_units_exponent_2': 8, 'W_layer_units_exponent_3': 9, 'W_layer_units_exponent_4': 9, 'W_layer_units_exponent_5': 5, 'D_layers': 3, 'D_layer_units_exponent_0': 9, 'D_layer_units_exponent_1': 10, 'D_layer_units_exponent_2': 10, 'log_learning_rate': -2.7817842904555876, 'log_learning_rate_D': -1.6064533057739052, 'training_batch_size': 7, 'training_p': 3}. Best is trial 14 with value: 0.5089516043663025.
Time for this trial:  14.857630729675293
Memory status after this trial: 
Memory allocated:  63.51904296875
Memory cached:  82.0
--------------------  Trial  34   --------------------
Start timing: 
Parameters: 
{'W_layers': 7, 'W_layer_units_exponent_0': 5, 'W_layer_units_exponent_1': 4, 'W_layer_units_exponent_2': 7, 'W_layer_units_exponent_3': 10, 'W_layer_units_exponent_4': 5, 'W_layer_units_exponent_5': 5, 'W_layer_units_exponent_6': 6, 'D_layers': 2, 'D_layer_units_exponent_0': 8, 'D_layer_units_exponent_1': 9, 'log_learning_rate': -3.0834431105668085, 'log_learning_rate_D': -2.447490331684716, 'training_batch_size': 8, 'training_p': 2}
	 epoch  0 training error:  tensor(0.9727, device='cuda:0', grad_fn=<DivBackward0>)
Memory status after this epoch: 
Memory allocated:  30.85986328125
Memory cached:  78.0
	 epoch  10 training error:  tensor(0.7975, device='cuda:0', grad_fn=<DivBackward0>)
Memory status after this epoch: 
Memory allocated:  30.85986328125
Memory cached:  78.0
	 epoch  20 training error:  tensor(0.7266, device='cuda:0', grad_fn=<DivBackward0>)
Memory status after this epoch: 
Memory allocated:  30.85986328125
Memory cached:  78.0
	 epoch  30 training error:  tensor(0.7174, device='cuda:0', grad_fn=<DivBackward0>)
Memory status after this epoch: 
Memory allocated:  30.85986328125
Memory cached:  78.0
	 epoch  40 training error:  tensor(0.7060, device='cuda:0', grad_fn=<DivBackward0>)
Memory status after this epoch: 
Memory allocated:  30.85986328125
Memory cached:  78.0
	 epoch  50 training error:  tensor(0.6839, device='cuda:0', grad_fn=<DivBackward0>)
Memory status after this epoch: 
Memory allocated:  30.85986328125
Memory cached:  78.0
	 epoch  60 training error:  tensor(0.6279, device='cuda:0', grad_fn=<DivBackward0>)
Memory status after this epoch: 
Memory allocated:  30.85986328125
Memory cached:  78.0
	 epoch  70 training error:  tensor(0.5901, device='cuda:0', grad_fn=<DivBackward0>)
Memory status after this epoch: 
Memory allocated:  30.85986328125
Memory cached:  78.0
	 epoch  80 training error:  tensor(0.5758, device='cuda:0', grad_fn=<DivBackward0>)
Memory status after this epoch: 
Memory allocated:  30.85986328125
Memory cached:  78.0
	 epoch  90 training error:  tensor(0.5691, device='cuda:0', grad_fn=<DivBackward0>)
Memory status after this epoch: 
Memory allocated:  30.85986328125
Memory cached:  78.0
[I 2023-12-05 02:16:31,335] Trial 34 finished with value: 0.5128881335258484 and parameters: {'W_layers': 7, 'W_layer_units_exponent_0': 5, 'W_layer_units_exponent_1': 4, 'W_layer_units_exponent_2': 7, 'W_layer_units_exponent_3': 10, 'W_layer_units_exponent_4': 5, 'W_layer_units_exponent_5': 5, 'W_layer_units_exponent_6': 6, 'D_layers': 2, 'D_layer_units_exponent_0': 8, 'D_layer_units_exponent_1': 9, 'log_learning_rate': -3.0834431105668085, 'log_learning_rate_D': -2.447490331684716, 'training_batch_size': 8, 'training_p': 2}. Best is trial 14 with value: 0.5089516043663025.
Time for this trial:  14.870831727981567
Memory status after this trial: 
Memory allocated:  59.82568359375
Memory cached:  82.0
--------------------  Trial  35   --------------------
Start timing: 
Parameters: 
{'W_layers': 8, 'W_layer_units_exponent_0': 8, 'W_layer_units_exponent_1': 6, 'W_layer_units_exponent_2': 8, 'W_layer_units_exponent_3': 8, 'W_layer_units_exponent_4': 10, 'W_layer_units_exponent_5': 7, 'W_layer_units_exponent_6': 7, 'W_layer_units_exponent_7': 7, 'D_layers': 5, 'D_layer_units_exponent_0': 10, 'D_layer_units_exponent_1': 10, 'D_layer_units_exponent_2': 8, 'D_layer_units_exponent_3': 8, 'D_layer_units_exponent_4': 10, 'log_learning_rate': -2.3788516503002324, 'log_learning_rate_D': -1.960520251553041, 'training_batch_size': 6, 'training_p': 3}
	 epoch  0 training error:  tensor(1.0933, device='cuda:0', grad_fn=<DivBackward0>)
Memory status after this epoch: 
Memory allocated:  42.02978515625
Memory cached:  82.0
	 epoch  10 training error:  tensor(0.8561, device='cuda:0', grad_fn=<DivBackward0>)
Memory status after this epoch: 
Memory allocated:  42.02978515625
Memory cached:  82.0
	 epoch  20 training error:  tensor(1.0765, device='cuda:0', grad_fn=<DivBackward0>)
Memory status after this epoch: 
Memory allocated:  42.02978515625
Memory cached:  82.0
	 epoch  30 training error:  tensor(0.9157, device='cuda:0', grad_fn=<DivBackward0>)
Memory status after this epoch: 
Memory allocated:  42.02978515625
Memory cached:  82.0
	 epoch  40 training error:  tensor(0.6550, device='cuda:0', grad_fn=<DivBackward0>)
Memory status after this epoch: 
Memory allocated:  42.02978515625
Memory cached:  82.0
	 epoch  50 training error:  tensor(0.6275, device='cuda:0', grad_fn=<DivBackward0>)
Memory status after this epoch: 
Memory allocated:  42.02978515625
Memory cached:  82.0
	 epoch  60 training error:  tensor(0.6263, device='cuda:0', grad_fn=<DivBackward0>)
Memory status after this epoch: 
Memory allocated:  42.02978515625
Memory cached:  82.0
	 epoch  70 training error:  tensor(0.6249, device='cuda:0', grad_fn=<DivBackward0>)
Memory status after this epoch: 
Memory allocated:  42.02978515625
Memory cached:  82.0
	 epoch  80 training error:  tensor(0.6244, device='cuda:0', grad_fn=<DivBackward0>)
Memory status after this epoch: 
Memory allocated:  42.02978515625
Memory cached:  82.0
	 epoch  90 training error:  tensor(0.6250, device='cuda:0', grad_fn=<DivBackward0>)
Memory status after this epoch: 
Memory allocated:  42.02978515625
Memory cached:  82.0
[I 2023-12-05 02:16:48,237] Trial 35 finished with value: 0.5540143847465515 and parameters: {'W_layers': 8, 'W_layer_units_exponent_0': 8, 'W_layer_units_exponent_1': 6, 'W_layer_units_exponent_2': 8, 'W_layer_units_exponent_3': 8, 'W_layer_units_exponent_4': 10, 'W_layer_units_exponent_5': 7, 'W_layer_units_exponent_6': 7, 'W_layer_units_exponent_7': 7, 'D_layers': 5, 'D_layer_units_exponent_0': 10, 'D_layer_units_exponent_1': 10, 'D_layer_units_exponent_2': 8, 'D_layer_units_exponent_3': 8, 'D_layer_units_exponent_4': 10, 'log_learning_rate': -2.3788516503002324, 'log_learning_rate_D': -1.960520251553041, 'training_batch_size': 6, 'training_p': 3}. Best is trial 14 with value: 0.5089516043663025.
Time for this trial:  16.723804235458374
Memory status after this trial: 
Memory allocated:  83.74169921875
Memory cached:  110.0
--------------------  Trial  36   --------------------
Start timing: 
Parameters: 
{'W_layers': 6, 'W_layer_units_exponent_0': 7, 'W_layer_units_exponent_1': 5, 'W_layer_units_exponent_2': 6, 'W_layer_units_exponent_3': 9, 'W_layer_units_exponent_4': 9, 'W_layer_units_exponent_5': 8, 'D_layers': 2, 'D_layer_units_exponent_0': 8, 'D_layer_units_exponent_1': 9, 'log_learning_rate': -2.685560762688818, 'log_learning_rate_D': -2.664462898397404, 'training_batch_size': 10, 'training_p': 2}
	 epoch  0 training error:  tensor(0.9960, device='cuda:0', grad_fn=<DivBackward0>)
Memory status after this epoch: 
Memory allocated:  34.86962890625
Memory cached:  80.0
	 epoch  10 training error:  tensor(0.7427, device='cuda:0', grad_fn=<DivBackward0>)
Memory status after this epoch: 
Memory allocated:  34.86962890625
Memory cached:  80.0
	 epoch  20 training error:  tensor(0.7340, device='cuda:0', grad_fn=<DivBackward0>)
Memory status after this epoch: 
Memory allocated:  34.86962890625
Memory cached:  80.0
	 epoch  30 training error:  tensor(0.7178, device='cuda:0', grad_fn=<DivBackward0>)
Memory status after this epoch: 
Memory allocated:  34.86962890625
Memory cached:  80.0
	 epoch  40 training error:  tensor(0.6993, device='cuda:0', grad_fn=<DivBackward0>)
Memory status after this epoch: 
Memory allocated:  34.86962890625
Memory cached:  80.0
	 epoch  50 training error:  tensor(0.6136, device='cuda:0', grad_fn=<DivBackward0>)
Memory status after this epoch: 
Memory allocated:  34.86962890625
Memory cached:  80.0
	 epoch  60 training error:  tensor(0.5956, device='cuda:0', grad_fn=<DivBackward0>)
Memory status after this epoch: 
Memory allocated:  34.86962890625
Memory cached:  80.0
	 epoch  70 training error:  tensor(0.5958, device='cuda:0', grad_fn=<DivBackward0>)
Memory status after this epoch: 
Memory allocated:  34.86962890625
Memory cached:  80.0
	 epoch  80 training error:  tensor(0.5705, device='cuda:0', grad_fn=<DivBackward0>)
Memory status after this epoch: 
Memory allocated:  34.86962890625
Memory cached:  80.0
	 epoch  90 training error:  tensor(0.5711, device='cuda:0', grad_fn=<DivBackward0>)
Memory status after this epoch: 
Memory allocated:  34.86962890625
Memory cached:  80.0
[I 2023-12-05 02:17:03,310] Trial 36 finished with value: 0.5074478983879089 and parameters: {'W_layers': 6, 'W_layer_units_exponent_0': 7, 'W_layer_units_exponent_1': 5, 'W_layer_units_exponent_2': 6, 'W_layer_units_exponent_3': 9, 'W_layer_units_exponent_4': 9, 'W_layer_units_exponent_5': 8, 'D_layers': 2, 'D_layer_units_exponent_0': 8, 'D_layer_units_exponent_1': 9, 'log_learning_rate': -2.685560762688818, 'log_learning_rate_D': -2.664462898397404, 'training_batch_size': 10, 'training_p': 2}. Best is trial 36 with value: 0.5074478983879089.
res:  tensor(0.5074, device='cuda:0', grad_fn=<DivBackward0>)
self.bestValue:  tensor(0.5090, device='cuda:0', grad_fn=<DivBackward0>)
Save this model!
Time for this trial:  14.914240837097168
Memory status after this trial: 
Memory allocated:  38.623046875
Memory cached:  84.0
--------------------  Trial  37   --------------------
Start timing: 
Parameters: 
{'W_layers': 6, 'W_layer_units_exponent_0': 7, 'W_layer_units_exponent_1': 5, 'W_layer_units_exponent_2': 6, 'W_layer_units_exponent_3': 10, 'W_layer_units_exponent_4': 9, 'W_layer_units_exponent_5': 8, 'D_layers': 2, 'D_layer_units_exponent_0': 7, 'D_layer_units_exponent_1': 7, 'log_learning_rate': -2.869519773572385, 'log_learning_rate_D': -2.712643717259724, 'training_batch_size': 10, 'training_p': 5}
	 epoch  0 training error:  tensor(1.0111, device='cuda:0', grad_fn=<DivBackward0>)
Memory status after this epoch: 
Memory allocated:  49.85498046875
Memory cached:  84.0
	 epoch  10 training error:  tensor(0.8698, device='cuda:0', grad_fn=<DivBackward0>)
Memory status after this epoch: 
Memory allocated:  49.85498046875
Memory cached:  84.0
	 epoch  20 training error:  tensor(0.8257, device='cuda:0', grad_fn=<DivBackward0>)
Memory status after this epoch: 
Memory allocated:  49.85498046875
Memory cached:  84.0
	 epoch  30 training error:  tensor(0.8051, device='cuda:0', grad_fn=<DivBackward0>)
Memory status after this epoch: 
Memory allocated:  49.85498046875
Memory cached:  84.0
	 epoch  40 training error:  tensor(0.7673, device='cuda:0', grad_fn=<DivBackward0>)
Memory status after this epoch: 
Memory allocated:  49.85498046875
Memory cached:  84.0
	 epoch  50 training error:  tensor(0.7974, device='cuda:0', grad_fn=<DivBackward0>)
Memory status after this epoch: 
Memory allocated:  49.85498046875
Memory cached:  84.0
	 epoch  60 training error:  tensor(0.6862, device='cuda:0', grad_fn=<DivBackward0>)
Memory status after this epoch: 
Memory allocated:  49.85498046875
Memory cached:  84.0
	 epoch  70 training error:  tensor(0.6632, device='cuda:0', grad_fn=<DivBackward0>)
Memory status after this epoch: 
Memory allocated:  49.85498046875
Memory cached:  84.0
	 epoch  80 training error:  tensor(0.6631, device='cuda:0', grad_fn=<DivBackward0>)
Memory status after this epoch: 
Memory allocated:  49.85498046875
Memory cached:  84.0
	 epoch  90 training error:  tensor(0.6609, device='cuda:0', grad_fn=<DivBackward0>)
Memory status after this epoch: 
Memory allocated:  49.85498046875
Memory cached:  84.0
[I 2023-12-05 02:17:18,479] Trial 37 finished with value: 0.6428660154342651 and parameters: {'W_layers': 6, 'W_layer_units_exponent_0': 7, 'W_layer_units_exponent_1': 5, 'W_layer_units_exponent_2': 6, 'W_layer_units_exponent_3': 10, 'W_layer_units_exponent_4': 9, 'W_layer_units_exponent_5': 8, 'D_layers': 2, 'D_layer_units_exponent_0': 7, 'D_layer_units_exponent_1': 7, 'log_learning_rate': -2.869519773572385, 'log_learning_rate_D': -2.712643717259724, 'training_batch_size': 10, 'training_p': 5}. Best is trial 36 with value: 0.5074478983879089.
Time for this trial:  15.005043506622314
Memory status after this trial: 
Memory allocated:  91.35888671875
Memory cached:  124.0
--------------------  Trial  38   --------------------
Start timing: 
Parameters: 
{'W_layers': 6, 'W_layer_units_exponent_0': 9, 'W_layer_units_exponent_1': 6, 'W_layer_units_exponent_2': 5, 'W_layer_units_exponent_3': 8, 'W_layer_units_exponent_4': 7, 'W_layer_units_exponent_5': 8, 'D_layers': 2, 'D_layer_units_exponent_0': 8, 'D_layer_units_exponent_1': 4, 'log_learning_rate': -3.9358003894447933, 'log_learning_rate_D': -2.5169032909930653, 'training_batch_size': 9, 'training_p': 7}
	 epoch  0 training error:  tensor(1.0031, device='cuda:0', grad_fn=<DivBackward0>)
Memory status after this epoch: 
Memory allocated:  40.3720703125
Memory cached:  84.0
	 epoch  10 training error:  tensor(0.9692, device='cuda:0', grad_fn=<DivBackward0>)
Memory status after this epoch: 
Memory allocated:  40.3720703125
Memory cached:  84.0
	 epoch  20 training error:  tensor(0.9006, device='cuda:0', grad_fn=<DivBackward0>)
Memory status after this epoch: 
Memory allocated:  40.3720703125
Memory cached:  84.0
	 epoch  30 training error:  tensor(0.8327, device='cuda:0', grad_fn=<DivBackward0>)
Memory status after this epoch: 
Memory allocated:  40.3720703125
Memory cached:  84.0
	 epoch  40 training error:  tensor(0.8277, device='cuda:0', grad_fn=<DivBackward0>)
Memory status after this epoch: 
Memory allocated:  40.3720703125
Memory cached:  84.0
	 epoch  50 training error:  tensor(0.8270, device='cuda:0', grad_fn=<DivBackward0>)
Memory status after this epoch: 
Memory allocated:  40.3720703125
Memory cached:  84.0
	 epoch  60 training error:  tensor(0.8218, device='cuda:0', grad_fn=<DivBackward0>)
Memory status after this epoch: 
Memory allocated:  40.3720703125
Memory cached:  84.0
	 epoch  70 training error:  tensor(0.8163, device='cuda:0', grad_fn=<DivBackward0>)
Memory status after this epoch: 
Memory allocated:  40.3720703125
Memory cached:  84.0
	 epoch  80 training error:  tensor(0.8097, device='cuda:0', grad_fn=<DivBackward0>)
Memory status after this epoch: 
Memory allocated:  40.3720703125
Memory cached:  84.0
	 epoch  90 training error:  tensor(0.8013, device='cuda:0', grad_fn=<DivBackward0>)
Memory status after this epoch: 
Memory allocated:  40.3720703125
Memory cached:  84.0
[I 2023-12-05 02:17:33,105] Trial 38 finished with value: 0.7793613076210022 and parameters: {'W_layers': 6, 'W_layer_units_exponent_0': 9, 'W_layer_units_exponent_1': 6, 'W_layer_units_exponent_2': 5, 'W_layer_units_exponent_3': 8, 'W_layer_units_exponent_4': 7, 'W_layer_units_exponent_5': 8, 'D_layers': 2, 'D_layer_units_exponent_0': 8, 'D_layer_units_exponent_1': 4, 'log_learning_rate': -3.9358003894447933, 'log_learning_rate_D': -2.5169032909930653, 'training_batch_size': 9, 'training_p': 7}. Best is trial 36 with value: 0.5074478983879089.
Time for this trial:  14.46814751625061
Memory status after this trial: 
Memory allocated:  68.17138671875
Memory cached:  84.0
--------------------  Trial  39   --------------------
Start timing: 
Parameters: 
{'W_layers': 5, 'W_layer_units_exponent_0': 8, 'W_layer_units_exponent_1': 9, 'W_layer_units_exponent_2': 4, 'W_layer_units_exponent_3': 7, 'W_layer_units_exponent_4': 8, 'D_layers': 2, 'D_layer_units_exponent_0': 8, 'D_layer_units_exponent_1': 7, 'log_learning_rate': -3.2482114368935195, 'log_learning_rate_D': -1.249365465427947, 'training_batch_size': 10, 'training_p': 3}
	 epoch  0 training error:  tensor(1.0090, device='cuda:0', grad_fn=<DivBackward0>)
Memory status after this epoch: 
Memory allocated:  41.4716796875
Memory cached:  84.0
	 epoch  10 training error:  tensor(0.8101, device='cuda:0', grad_fn=<DivBackward0>)
Memory status after this epoch: 
Memory allocated:  41.4716796875
Memory cached:  84.0
	 epoch  20 training error:  tensor(0.7727, device='cuda:0', grad_fn=<DivBackward0>)
Memory status after this epoch: 
Memory allocated:  41.4716796875
Memory cached:  84.0
	 epoch  30 training error:  tensor(0.7491, device='cuda:0', grad_fn=<DivBackward0>)
Memory status after this epoch: 
Memory allocated:  41.4716796875
Memory cached:  84.0
	 epoch  40 training error:  tensor(0.6887, device='cuda:0', grad_fn=<DivBackward0>)
Memory status after this epoch: 
Memory allocated:  41.4716796875
Memory cached:  84.0
	 epoch  50 training error:  tensor(0.6364, device='cuda:0', grad_fn=<DivBackward0>)
Memory status after this epoch: 
Memory allocated:  41.4716796875
Memory cached:  84.0
	 epoch  60 training error:  tensor(0.6284, device='cuda:0', grad_fn=<DivBackward0>)
Memory status after this epoch: 
Memory allocated:  41.4716796875
Memory cached:  84.0
	 epoch  70 training error:  tensor(0.6262, device='cuda:0', grad_fn=<DivBackward0>)
Memory status after this epoch: 
Memory allocated:  41.4716796875
Memory cached:  84.0
	 epoch  80 training error:  tensor(0.6247, device='cuda:0', grad_fn=<DivBackward0>)
Memory status after this epoch: 
Memory allocated:  41.4716796875
Memory cached:  84.0
	 epoch  90 training error:  tensor(0.6246, device='cuda:0', grad_fn=<DivBackward0>)
Memory status after this epoch: 
Memory allocated:  41.4716796875
Memory cached:  84.0
