[I 2024-01-11 08:31:32,767] Trial 173 finished with value: 0.08440835028886795 and parameters: {'W_layers': 2, 'W_layer_units_exponent_0': 8, 'W_layer_units_exponent_1': 5, 'D_layers': 4, 'D_layer_units_exponent_0': 6, 'D_layer_units_exponent_1': 6, 'D_layer_units_exponent_2': 8, 'D_layer_units_exponent_3': 4, 'D_dagger_layers': 4, 'D_dagger_layer_units_exponent_0': 10, 'D_dagger_layer_units_exponent_1': 6, 'D_dagger_layer_units_exponent_2': 5, 'D_dagger_layer_units_exponent_3': 7, 'log_learning_rate': -3.516388258242521, 'log_learning_rate_D': -2.472460076303547, 'log_learning_rate_D_dagger': -2.9558276553714133, 'training_batch_size': 6, 'training_p': 8}. Best is trial 145 with value: 0.0653865784406662.
Time for this trial:  392.71097588539124
Memory status after this trial: 
Memory allocated:  431.8291015625
Memory cached:  434.0
--------------------  Trial  174   --------------------
Start timing: 
Parameters: 
{'W_layers': 2, 'W_layer_units_exponent_0': 8, 'W_layer_units_exponent_1': 5, 'D_layers': 4, 'D_layer_units_exponent_0': 6, 'D_layer_units_exponent_1': 6, 'D_layer_units_exponent_2': 8, 'D_layer_units_exponent_3': 4, 'D_dagger_layers': 4, 'D_dagger_layer_units_exponent_0': 10, 'D_dagger_layer_units_exponent_1': 6, 'D_dagger_layer_units_exponent_2': 5, 'D_dagger_layer_units_exponent_3': 7, 'log_learning_rate': -3.4826114840511555, 'log_learning_rate_D': -2.4301876816709336, 'log_learning_rate_D_dagger': -2.8412024928786432, 'training_batch_size': 6, 'training_p': 8}
	 epoch  0 training error:  tensor(0.8618, device='cuda:0', grad_fn=<DivBackward0>)
Memory status after this epoch: 
Memory allocated:  228.6474609375
Memory cached:  428.0
	 epoch  10 training error:  tensor(0.4108, device='cuda:0', grad_fn=<DivBackward0>)
Memory status after this epoch: 
Memory allocated:  228.6474609375
Memory cached:  428.0
	 epoch  20 training error:  tensor(0.3923, device='cuda:0', grad_fn=<DivBackward0>)
Memory status after this epoch: 
Memory allocated:  228.6474609375
Memory cached:  428.0
	 epoch  30 training error:  tensor(0.3656, device='cuda:0', grad_fn=<DivBackward0>)
Memory status after this epoch: 
Memory allocated:  228.6474609375
Memory cached:  428.0
	 epoch  40 training error:  tensor(0.3375, device='cuda:0', grad_fn=<DivBackward0>)
Memory status after this epoch: 
Memory allocated:  228.6474609375
Memory cached:  428.0
	 epoch  50 training error:  tensor(0.2733, device='cuda:0', grad_fn=<DivBackward0>)
Memory status after this epoch: 
Memory allocated:  228.6474609375
Memory cached:  428.0
	 epoch  60 training error:  tensor(0.1927, device='cuda:0', grad_fn=<DivBackward0>)
Memory status after this epoch: 
Memory allocated:  228.6474609375
Memory cached:  428.0
	 epoch  70 training error:  tensor(0.1873, device='cuda:0', grad_fn=<DivBackward0>)
Memory status after this epoch: 
Memory allocated:  228.6474609375
Memory cached:  428.0
	 epoch  80 training error:  tensor(0.1921, device='cuda:0', grad_fn=<DivBackward0>)
Memory status after this epoch: 
Memory allocated:  228.6474609375
Memory cached:  428.0
	 epoch  90 training error:  tensor(0.1336, device='cuda:0', grad_fn=<DivBackward0>)
Memory status after this epoch: 
Memory allocated:  228.6474609375
Memory cached:  428.0
[I 2024-01-11 08:38:02,914] Trial 174 finished with value: 0.1072860136628151 and parameters: {'W_layers': 2, 'W_layer_units_exponent_0': 8, 'W_layer_units_exponent_1': 5, 'D_layers': 4, 'D_layer_units_exponent_0': 6, 'D_layer_units_exponent_1': 6, 'D_layer_units_exponent_2': 8, 'D_layer_units_exponent_3': 4, 'D_dagger_layers': 4, 'D_dagger_layer_units_exponent_0': 10, 'D_dagger_layer_units_exponent_1': 6, 'D_dagger_layer_units_exponent_2': 5, 'D_dagger_layer_units_exponent_3': 7, 'log_learning_rate': -3.4826114840511555, 'log_learning_rate_D': -2.4301876816709336, 'log_learning_rate_D_dagger': -2.8412024928786432, 'training_batch_size': 6, 'training_p': 8}. Best is trial 145 with value: 0.0653865784406662.
Time for this trial:  389.7471036911011
Memory status after this trial: 
Memory allocated:  431.8291015625
Memory cached:  434.0
--------------------  Trial  175   --------------------
Start timing: 
Parameters: 
{'W_layers': 2, 'W_layer_units_exponent_0': 8, 'W_layer_units_exponent_1': 5, 'D_layers': 4, 'D_layer_units_exponent_0': 6, 'D_layer_units_exponent_1': 6, 'D_layer_units_exponent_2': 8, 'D_layer_units_exponent_3': 4, 'D_dagger_layers': 4, 'D_dagger_layer_units_exponent_0': 10, 'D_dagger_layer_units_exponent_1': 6, 'D_dagger_layer_units_exponent_2': 5, 'D_dagger_layer_units_exponent_3': 7, 'log_learning_rate': -3.4152013806572232, 'log_learning_rate_D': -2.5532648297080547, 'log_learning_rate_D_dagger': -3.288194089046952, 'training_batch_size': 6, 'training_p': 8}
	 epoch  0 training error:  tensor(0.8218, device='cuda:0', grad_fn=<DivBackward0>)
Memory status after this epoch: 
Memory allocated:  228.6474609375
Memory cached:  428.0
	 epoch  10 training error:  tensor(0.4112, device='cuda:0', grad_fn=<DivBackward0>)
Memory status after this epoch: 
Memory allocated:  228.6474609375
Memory cached:  428.0
	 epoch  20 training error:  tensor(0.3812, device='cuda:0', grad_fn=<DivBackward0>)
Memory status after this epoch: 
Memory allocated:  228.6474609375
Memory cached:  428.0
	 epoch  30 training error:  tensor(0.3682, device='cuda:0', grad_fn=<DivBackward0>)
Memory status after this epoch: 
Memory allocated:  228.6474609375
Memory cached:  428.0
	 epoch  40 training error:  tensor(0.3587, device='cuda:0', grad_fn=<DivBackward0>)
Memory status after this epoch: 
Memory allocated:  228.6474609375
Memory cached:  428.0
	 epoch  50 training error:  tensor(0.3462, device='cuda:0', grad_fn=<DivBackward0>)
Memory status after this epoch: 
Memory allocated:  228.6474609375
Memory cached:  428.0
	 epoch  60 training error:  tensor(0.3579, device='cuda:0', grad_fn=<DivBackward0>)
Memory status after this epoch: 
Memory allocated:  228.6474609375
Memory cached:  428.0
	 epoch  70 training error:  tensor(0.2313, device='cuda:0', grad_fn=<DivBackward0>)
Memory status after this epoch: 
Memory allocated:  228.6474609375
Memory cached:  428.0
	 epoch  80 training error:  tensor(0.1876, device='cuda:0', grad_fn=<DivBackward0>)
Memory status after this epoch: 
Memory allocated:  228.6474609375
Memory cached:  428.0
	 epoch  90 training error:  tensor(0.1661, device='cuda:0', grad_fn=<DivBackward0>)
Memory status after this epoch: 
Memory allocated:  228.6474609375
Memory cached:  428.0
[I 2024-01-11 08:44:35,691] Trial 175 finished with value: 0.08139651268720627 and parameters: {'W_layers': 2, 'W_layer_units_exponent_0': 8, 'W_layer_units_exponent_1': 5, 'D_layers': 4, 'D_layer_units_exponent_0': 6, 'D_layer_units_exponent_1': 6, 'D_layer_units_exponent_2': 8, 'D_layer_units_exponent_3': 4, 'D_dagger_layers': 4, 'D_dagger_layer_units_exponent_0': 10, 'D_dagger_layer_units_exponent_1': 6, 'D_dagger_layer_units_exponent_2': 5, 'D_dagger_layer_units_exponent_3': 7, 'log_learning_rate': -3.4152013806572232, 'log_learning_rate_D': -2.5532648297080547, 'log_learning_rate_D_dagger': -3.288194089046952, 'training_batch_size': 6, 'training_p': 8}. Best is trial 145 with value: 0.0653865784406662.
Time for this trial:  392.38072299957275
Memory status after this trial: 
Memory allocated:  431.8291015625
Memory cached:  434.0
--------------------  Trial  176   --------------------
Start timing: 
Parameters: 
{'W_layers': 2, 'W_layer_units_exponent_0': 8, 'W_layer_units_exponent_1': 5, 'D_layers': 4, 'D_layer_units_exponent_0': 6, 'D_layer_units_exponent_1': 6, 'D_layer_units_exponent_2': 8, 'D_layer_units_exponent_3': 4, 'D_dagger_layers': 4, 'D_dagger_layer_units_exponent_0': 10, 'D_dagger_layer_units_exponent_1': 6, 'D_dagger_layer_units_exponent_2': 5, 'D_dagger_layer_units_exponent_3': 7, 'log_learning_rate': -3.309678426704005, 'log_learning_rate_D': -2.610939726211875, 'log_learning_rate_D_dagger': -3.244282043580617, 'training_batch_size': 6, 'training_p': 8}
	 epoch  0 training error:  tensor(0.7311, device='cuda:0', grad_fn=<DivBackward0>)
Memory status after this epoch: 
Memory allocated:  228.6474609375
Memory cached:  428.0
	 epoch  10 training error:  tensor(0.4194, device='cuda:0', grad_fn=<DivBackward0>)
Memory status after this epoch: 
Memory allocated:  228.6474609375
Memory cached:  428.0
	 epoch  20 training error:  tensor(0.3746, device='cuda:0', grad_fn=<DivBackward0>)
Memory status after this epoch: 
Memory allocated:  228.6474609375
Memory cached:  428.0
	 epoch  30 training error:  tensor(0.3698, device='cuda:0', grad_fn=<DivBackward0>)
Memory status after this epoch: 
Memory allocated:  228.6474609375
Memory cached:  428.0
	 epoch  40 training error:  tensor(0.3505, device='cuda:0', grad_fn=<DivBackward0>)
Memory status after this epoch: 
Memory allocated:  228.6474609375
Memory cached:  428.0
	 epoch  50 training error:  tensor(0.3383, device='cuda:0', grad_fn=<DivBackward0>)
Memory status after this epoch: 
Memory allocated:  228.6474609375
Memory cached:  428.0
	 epoch  60 training error:  tensor(0.3424, device='cuda:0', grad_fn=<DivBackward0>)
Memory status after this epoch: 
Memory allocated:  228.6474609375
Memory cached:  428.0
	 epoch  70 training error:  tensor(0.2778, device='cuda:0', grad_fn=<DivBackward0>)
Memory status after this epoch: 
Memory allocated:  228.6474609375
Memory cached:  428.0
	 epoch  80 training error:  tensor(0.1959, device='cuda:0', grad_fn=<DivBackward0>)
Memory status after this epoch: 
Memory allocated:  228.6474609375
Memory cached:  428.0
	 epoch  90 training error:  tensor(0.1514, device='cuda:0', grad_fn=<DivBackward0>)
Memory status after this epoch: 
Memory allocated:  228.6474609375
Memory cached:  428.0
[I 2024-01-11 08:51:05,712] Trial 176 finished with value: 0.07439126074314117 and parameters: {'W_layers': 2, 'W_layer_units_exponent_0': 8, 'W_layer_units_exponent_1': 5, 'D_layers': 4, 'D_layer_units_exponent_0': 6, 'D_layer_units_exponent_1': 6, 'D_layer_units_exponent_2': 8, 'D_layer_units_exponent_3': 4, 'D_dagger_layers': 4, 'D_dagger_layer_units_exponent_0': 10, 'D_dagger_layer_units_exponent_1': 6, 'D_dagger_layer_units_exponent_2': 5, 'D_dagger_layer_units_exponent_3': 7, 'log_learning_rate': -3.309678426704005, 'log_learning_rate_D': -2.610939726211875, 'log_learning_rate_D_dagger': -3.244282043580617, 'training_batch_size': 6, 'training_p': 8}. Best is trial 145 with value: 0.0653865784406662.
Time for this trial:  389.61475920677185
Memory status after this trial: 
Memory allocated:  431.8291015625
Memory cached:  434.0
--------------------  Trial  177   --------------------
Start timing: 
Parameters: 
{'W_layers': 2, 'W_layer_units_exponent_0': 8, 'W_layer_units_exponent_1': 5, 'D_layers': 4, 'D_layer_units_exponent_0': 6, 'D_layer_units_exponent_1': 6, 'D_layer_units_exponent_2': 8, 'D_layer_units_exponent_3': 4, 'D_dagger_layers': 4, 'D_dagger_layer_units_exponent_0': 10, 'D_dagger_layer_units_exponent_1': 6, 'D_dagger_layer_units_exponent_2': 5, 'D_dagger_layer_units_exponent_3': 7, 'log_learning_rate': -3.3788161911325787, 'log_learning_rate_D': -2.6420353712844267, 'log_learning_rate_D_dagger': -3.2408757647588393, 'training_batch_size': 6, 'training_p': 8}
	 epoch  0 training error:  tensor(0.7575, device='cuda:0', grad_fn=<DivBackward0>)
Memory status after this epoch: 
Memory allocated:  228.6474609375
Memory cached:  428.0
	 epoch  10 training error:  tensor(0.4146, device='cuda:0', grad_fn=<DivBackward0>)
Memory status after this epoch: 
Memory allocated:  228.6474609375
Memory cached:  428.0
	 epoch  20 training error:  tensor(0.3968, device='cuda:0', grad_fn=<DivBackward0>)
Memory status after this epoch: 
Memory allocated:  228.6474609375
Memory cached:  428.0
	 epoch  30 training error:  tensor(0.3707, device='cuda:0', grad_fn=<DivBackward0>)
Memory status after this epoch: 
Memory allocated:  228.6474609375
Memory cached:  428.0
	 epoch  40 training error:  tensor(0.3583, device='cuda:0', grad_fn=<DivBackward0>)
Memory status after this epoch: 
Memory allocated:  228.6474609375
Memory cached:  428.0
	 epoch  50 training error:  tensor(0.2694, device='cuda:0', grad_fn=<DivBackward0>)
Memory status after this epoch: 
Memory allocated:  228.6474609375
Memory cached:  428.0
	 epoch  60 training error:  tensor(0.2387, device='cuda:0', grad_fn=<DivBackward0>)
Memory status after this epoch: 
Memory allocated:  228.6474609375
Memory cached:  428.0
	 epoch  70 training error:  tensor(0.1797, device='cuda:0', grad_fn=<DivBackward0>)
Memory status after this epoch: 
Memory allocated:  228.6474609375
Memory cached:  428.0
	 epoch  80 training error:  tensor(0.1707, device='cuda:0', grad_fn=<DivBackward0>)
Memory status after this epoch: 
Memory allocated:  228.6474609375
Memory cached:  428.0
	 epoch  90 training error:  tensor(0.1552, device='cuda:0', grad_fn=<DivBackward0>)
Memory status after this epoch: 
Memory allocated:  228.6474609375
Memory cached:  428.0
[I 2024-01-11 08:57:38,650] Trial 177 finished with value: 0.1579045206308365 and parameters: {'W_layers': 2, 'W_layer_units_exponent_0': 8, 'W_layer_units_exponent_1': 5, 'D_layers': 4, 'D_layer_units_exponent_0': 6, 'D_layer_units_exponent_1': 6, 'D_layer_units_exponent_2': 8, 'D_layer_units_exponent_3': 4, 'D_dagger_layers': 4, 'D_dagger_layer_units_exponent_0': 10, 'D_dagger_layer_units_exponent_1': 6, 'D_dagger_layer_units_exponent_2': 5, 'D_dagger_layer_units_exponent_3': 7, 'log_learning_rate': -3.3788161911325787, 'log_learning_rate_D': -2.6420353712844267, 'log_learning_rate_D_dagger': -3.2408757647588393, 'training_batch_size': 6, 'training_p': 8}. Best is trial 145 with value: 0.0653865784406662.
Time for this trial:  392.5129406452179
Memory status after this trial: 
Memory allocated:  431.8291015625
Memory cached:  434.0
--------------------  Trial  178   --------------------
Start timing: 
Parameters: 
{'W_layers': 2, 'W_layer_units_exponent_0': 8, 'W_layer_units_exponent_1': 5, 'D_layers': 4, 'D_layer_units_exponent_0': 6, 'D_layer_units_exponent_1': 6, 'D_layer_units_exponent_2': 8, 'D_layer_units_exponent_3': 4, 'D_dagger_layers': 4, 'D_dagger_layer_units_exponent_0': 10, 'D_dagger_layer_units_exponent_1': 6, 'D_dagger_layer_units_exponent_2': 5, 'D_dagger_layer_units_exponent_3': 7, 'log_learning_rate': -3.3169329576882096, 'log_learning_rate_D': -2.5572393014328205, 'log_learning_rate_D_dagger': -3.2911002539261833, 'training_batch_size': 6, 'training_p': 8}
	 epoch  0 training error:  tensor(0.7395, device='cuda:0', grad_fn=<DivBackward0>)
Memory status after this epoch: 
Memory allocated:  228.6474609375
Memory cached:  428.0
	 epoch  10 training error:  tensor(0.3871, device='cuda:0', grad_fn=<DivBackward0>)
Memory status after this epoch: 
Memory allocated:  228.6474609375
Memory cached:  428.0
	 epoch  20 training error:  tensor(0.3860, device='cuda:0', grad_fn=<DivBackward0>)
Memory status after this epoch: 
Memory allocated:  228.6474609375
Memory cached:  428.0
	 epoch  30 training error:  tensor(0.3920, device='cuda:0', grad_fn=<DivBackward0>)
Memory status after this epoch: 
Memory allocated:  228.6474609375
Memory cached:  428.0
	 epoch  40 training error:  tensor(0.3716, device='cuda:0', grad_fn=<DivBackward0>)
Memory status after this epoch: 
Memory allocated:  228.6474609375
Memory cached:  428.0
	 epoch  50 training error:  tensor(0.3661, device='cuda:0', grad_fn=<DivBackward0>)
Memory status after this epoch: 
Memory allocated:  228.6474609375
Memory cached:  428.0
	 epoch  60 training error:  tensor(0.2276, device='cuda:0', grad_fn=<DivBackward0>)
Memory status after this epoch: 
Memory allocated:  228.6474609375
Memory cached:  428.0
	 epoch  70 training error:  tensor(0.2312, device='cuda:0', grad_fn=<DivBackward0>)
Memory status after this epoch: 
Memory allocated:  228.6474609375
Memory cached:  428.0
	 epoch  80 training error:  tensor(0.1723, device='cuda:0', grad_fn=<DivBackward0>)
Memory status after this epoch: 
Memory allocated:  228.6474609375
Memory cached:  428.0
	 epoch  90 training error:  tensor(0.1702, device='cuda:0', grad_fn=<DivBackward0>)
Memory status after this epoch: 
Memory allocated:  228.6474609375
Memory cached:  428.0
[I 2024-01-11 09:04:11,275] Trial 178 finished with value: 0.12426715344190598 and parameters: {'W_layers': 2, 'W_layer_units_exponent_0': 8, 'W_layer_units_exponent_1': 5, 'D_layers': 4, 'D_layer_units_exponent_0': 6, 'D_layer_units_exponent_1': 6, 'D_layer_units_exponent_2': 8, 'D_layer_units_exponent_3': 4, 'D_dagger_layers': 4, 'D_dagger_layer_units_exponent_0': 10, 'D_dagger_layer_units_exponent_1': 6, 'D_dagger_layer_units_exponent_2': 5, 'D_dagger_layer_units_exponent_3': 7, 'log_learning_rate': -3.3169329576882096, 'log_learning_rate_D': -2.5572393014328205, 'log_learning_rate_D_dagger': -3.2911002539261833, 'training_batch_size': 6, 'training_p': 8}. Best is trial 145 with value: 0.0653865784406662.
Time for this trial:  392.2148983478546
Memory status after this trial: 
Memory allocated:  431.8291015625
Memory cached:  434.0
--------------------  Trial  179   --------------------
Start timing: 
Parameters: 
{'W_layers': 2, 'W_layer_units_exponent_0': 8, 'W_layer_units_exponent_1': 5, 'D_layers': 3, 'D_layer_units_exponent_0': 6, 'D_layer_units_exponent_1': 6, 'D_layer_units_exponent_2': 8, 'D_dagger_layers': 4, 'D_dagger_layer_units_exponent_0': 10, 'D_dagger_layer_units_exponent_1': 6, 'D_dagger_layer_units_exponent_2': 5, 'D_dagger_layer_units_exponent_3': 7, 'log_learning_rate': -3.4993472652244613, 'log_learning_rate_D': -2.485965004059566, 'log_learning_rate_D_dagger': -3.3846124042271857, 'training_batch_size': 6, 'training_p': 8}
	 epoch  0 training error:  tensor(0.8143, device='cuda:0', grad_fn=<DivBackward0>)
Memory status after this epoch: 
Memory allocated:  228.5849609375
Memory cached:  428.0
	 epoch  10 training error:  tensor(0.4127, device='cuda:0', grad_fn=<DivBackward0>)
Memory status after this epoch: 
Memory allocated:  228.5849609375
Memory cached:  436.0
	 epoch  20 training error:  tensor(0.3954, device='cuda:0', grad_fn=<DivBackward0>)
Memory status after this epoch: 
Memory allocated:  228.5849609375
Memory cached:  428.0
	 epoch  30 training error:  tensor(0.3797, device='cuda:0', grad_fn=<DivBackward0>)
Memory status after this epoch: 
Memory allocated:  228.5849609375
Memory cached:  428.0
	 epoch  40 training error:  tensor(0.3680, device='cuda:0', grad_fn=<DivBackward0>)
Memory status after this epoch: 
Memory allocated:  228.5849609375
Memory cached:  428.0
	 epoch  50 training error:  tensor(0.3742, device='cuda:0', grad_fn=<DivBackward0>)
Memory status after this epoch: 
Memory allocated:  228.5849609375
Memory cached:  428.0
	 epoch  60 training error:  tensor(0.3546, device='cuda:0', grad_fn=<DivBackward0>)
Memory status after this epoch: 
Memory allocated:  228.5849609375
Memory cached:  428.0
	 epoch  70 training error:  tensor(0.4005, device='cuda:0', grad_fn=<DivBackward0>)
Memory status after this epoch: 
Memory allocated:  228.5849609375
Memory cached:  428.0
	 epoch  80 training error:  tensor(0.3968, device='cuda:0', grad_fn=<DivBackward0>)
Memory status after this epoch: 
Memory allocated:  228.5849609375
Memory cached:  428.0
	 epoch  90 training error:  tensor(0.2469, device='cuda:0', grad_fn=<DivBackward0>)
Memory status after this epoch: 
Memory allocated:  228.5849609375
Memory cached:  428.0
