[I 2023-12-07 04:45:01,253] Trial 8 finished with value: 0.3413730561733246 and parameters: {'W_layers': 4, 'W_layer_units_exponent_0': 8, 'W_layer_units_exponent_1': 10, 'W_layer_units_exponent_2': 10, 'W_layer_units_exponent_3': 8, 'D_layers': 6, 'D_layer_units_exponent_0': 4, 'D_layer_units_exponent_1': 9, 'D_layer_units_exponent_2': 5, 'D_layer_units_exponent_3': 8, 'D_layer_units_exponent_4': 9, 'D_layer_units_exponent_5': 6, 'D_dagger_layers': 8, 'D_dagger_layer_units_exponent_0': 6, 'D_dagger_layer_units_exponent_1': 10, 'D_dagger_layer_units_exponent_2': 10, 'D_dagger_layer_units_exponent_3': 5, 'D_dagger_layer_units_exponent_4': 7, 'D_dagger_layer_units_exponent_5': 10, 'D_dagger_layer_units_exponent_6': 4, 'D_dagger_layer_units_exponent_7': 9, 'log_learning_rate': -3.2634550116574097, 'log_learning_rate_D': -3.859161380797505, 'log_learning_rate_D_dagger': -4.325113731830758, 'training_batch_size': 11, 'training_p': 3}. Best is trial 8 with value: 0.3413730561733246.
res:  tensor(0.3414, device='cuda:0', grad_fn=<DivBackward0>)
self.bestValue:  tensor(0.3517, device='cuda:0', grad_fn=<DivBackward0>)
Save this model!
Time for this trial:  21.958858966827393
Memory status after this trial: 
Memory allocated:  364.4013671875
Memory cached:  502.0
--------------------  Trial  9   --------------------
Start timing: 
Parameters: 
{'W_layers': 5, 'W_layer_units_exponent_0': 9, 'W_layer_units_exponent_1': 4, 'W_layer_units_exponent_2': 5, 'W_layer_units_exponent_3': 4, 'W_layer_units_exponent_4': 8, 'D_layers': 4, 'D_layer_units_exponent_0': 6, 'D_layer_units_exponent_1': 5, 'D_layer_units_exponent_2': 10, 'D_layer_units_exponent_3': 9, 'D_dagger_layers': 6, 'D_dagger_layer_units_exponent_0': 4, 'D_dagger_layer_units_exponent_1': 4, 'D_dagger_layer_units_exponent_2': 9, 'D_dagger_layer_units_exponent_3': 6, 'D_dagger_layer_units_exponent_4': 6, 'D_dagger_layer_units_exponent_5': 8, 'log_learning_rate': -2.152590136946894, 'log_learning_rate_D': -1.766754582979937, 'log_learning_rate_D_dagger': -3.369352074974443, 'training_batch_size': 6, 'training_p': 3}
	 epoch  0 training error:  tensor(0.9632, device='cuda:0', grad_fn=<DivBackward0>)
Memory status after this epoch: 
Memory allocated:  368.125
Memory cached:  502.0
	 epoch  10 training error:  tensor(0.4216, device='cuda:0', grad_fn=<DivBackward0>)
Memory status after this epoch: 
Memory allocated:  368.125
Memory cached:  502.0
	 epoch  20 training error:  tensor(0.4109, device='cuda:0', grad_fn=<DivBackward0>)
Memory status after this epoch: 
Memory allocated:  368.125
Memory cached:  502.0
	 epoch  30 training error:  tensor(0.4020, device='cuda:0', grad_fn=<DivBackward0>)
Memory status after this epoch: 
Memory allocated:  368.125
Memory cached:  502.0
	 epoch  40 training error:  tensor(0.3956, device='cuda:0', grad_fn=<DivBackward0>)
Memory status after this epoch: 
Memory allocated:  368.125
Memory cached:  502.0
	 epoch  50 training error:  tensor(0.3899, device='cuda:0', grad_fn=<DivBackward0>)
Memory status after this epoch: 
Memory allocated:  368.125
Memory cached:  502.0
	 epoch  60 training error:  tensor(0.3980, device='cuda:0', grad_fn=<DivBackward0>)
Memory status after this epoch: 
Memory allocated:  368.125
Memory cached:  502.0
	 epoch  70 training error:  tensor(0.3816, device='cuda:0', grad_fn=<DivBackward0>)
Memory status after this epoch: 
Memory allocated:  368.125
Memory cached:  502.0
	 epoch  80 training error:  tensor(0.3730, device='cuda:0', grad_fn=<DivBackward0>)
Memory status after this epoch: 
Memory allocated:  368.125
Memory cached:  502.0
	 epoch  90 training error:  tensor(0.3696, device='cuda:0', grad_fn=<DivBackward0>)
Memory status after this epoch: 
Memory allocated:  368.125
Memory cached:  502.0
[I 2023-12-07 04:45:22,215] Trial 9 finished with value: 0.3530583083629608 and parameters: {'W_layers': 5, 'W_layer_units_exponent_0': 9, 'W_layer_units_exponent_1': 4, 'W_layer_units_exponent_2': 5, 'W_layer_units_exponent_3': 4, 'W_layer_units_exponent_4': 8, 'D_layers': 4, 'D_layer_units_exponent_0': 6, 'D_layer_units_exponent_1': 5, 'D_layer_units_exponent_2': 10, 'D_layer_units_exponent_3': 9, 'D_dagger_layers': 6, 'D_dagger_layer_units_exponent_0': 4, 'D_dagger_layer_units_exponent_1': 4, 'D_dagger_layer_units_exponent_2': 9, 'D_dagger_layer_units_exponent_3': 6, 'D_dagger_layer_units_exponent_4': 6, 'D_dagger_layer_units_exponent_5': 8, 'log_learning_rate': -2.152590136946894, 'log_learning_rate_D': -1.766754582979937, 'log_learning_rate_D_dagger': -3.369352074974443, 'training_batch_size': 6, 'training_p': 3}. Best is trial 8 with value: 0.3413730561733246.
Time for this trial:  20.865224599838257
Memory status after this trial: 
Memory allocated:  457.56787109375
Memory cached:  502.0
--------------------  Trial  10   --------------------
Start timing: 
Parameters: 
{'W_layers': 2, 'W_layer_units_exponent_0': 7, 'W_layer_units_exponent_1': 10, 'D_layers': 2, 'D_layer_units_exponent_0': 6, 'D_layer_units_exponent_1': 10, 'D_dagger_layers': 2, 'D_dagger_layer_units_exponent_0': 6, 'D_dagger_layer_units_exponent_1': 9, 'log_learning_rate': -2.7680076267853457, 'log_learning_rate_D': -4.644124991036004, 'log_learning_rate_D_dagger': -3.201971306082191, 'training_batch_size': 6, 'training_p': 6}
	 epoch  0 training error:  tensor(1.4405, device='cuda:0', grad_fn=<DivBackward0>)
Memory status after this epoch: 
Memory allocated:  367.22216796875
Memory cached:  502.0
	 epoch  10 training error:  tensor(0.8643, device='cuda:0', grad_fn=<DivBackward0>)
Memory status after this epoch: 
Memory allocated:  367.22216796875
Memory cached:  502.0
	 epoch  20 training error:  tensor(0.5379, device='cuda:0', grad_fn=<DivBackward0>)
Memory status after this epoch: 
Memory allocated:  367.22216796875
Memory cached:  502.0
	 epoch  30 training error:  tensor(0.4229, device='cuda:0', grad_fn=<DivBackward0>)
Memory status after this epoch: 
Memory allocated:  367.22216796875
Memory cached:  502.0
	 epoch  40 training error:  tensor(0.4221, device='cuda:0', grad_fn=<DivBackward0>)
Memory status after this epoch: 
Memory allocated:  367.22216796875
Memory cached:  502.0
	 epoch  50 training error:  tensor(0.4101, device='cuda:0', grad_fn=<DivBackward0>)
Memory status after this epoch: 
Memory allocated:  367.22216796875
Memory cached:  502.0
	 epoch  60 training error:  tensor(0.4056, device='cuda:0', grad_fn=<DivBackward0>)
Memory status after this epoch: 
Memory allocated:  367.22216796875
Memory cached:  502.0
	 epoch  70 training error:  tensor(0.4056, device='cuda:0', grad_fn=<DivBackward0>)
Memory status after this epoch: 
Memory allocated:  367.22216796875
Memory cached:  502.0
	 epoch  80 training error:  tensor(0.4008, device='cuda:0', grad_fn=<DivBackward0>)
Memory status after this epoch: 
Memory allocated:  367.22216796875
Memory cached:  502.0
	 epoch  90 training error:  tensor(0.3964, device='cuda:0', grad_fn=<DivBackward0>)
Memory status after this epoch: 
Memory allocated:  367.22216796875
Memory cached:  502.0
[I 2023-12-07 04:45:40,246] Trial 10 finished with value: 0.3625698983669281 and parameters: {'W_layers': 2, 'W_layer_units_exponent_0': 7, 'W_layer_units_exponent_1': 10, 'D_layers': 2, 'D_layer_units_exponent_0': 6, 'D_layer_units_exponent_1': 10, 'D_dagger_layers': 2, 'D_dagger_layer_units_exponent_0': 6, 'D_dagger_layer_units_exponent_1': 9, 'log_learning_rate': -2.7680076267853457, 'log_learning_rate_D': -4.644124991036004, 'log_learning_rate_D_dagger': -3.201971306082191, 'training_batch_size': 6, 'training_p': 6}. Best is trial 8 with value: 0.3413730561733246.
Time for this trial:  17.87133526802063
Memory status after this trial: 
Memory allocated:  448.34912109375
Memory cached:  502.0
--------------------  Trial  11   --------------------
Start timing: 
Parameters: 
{'W_layers': 3, 'W_layer_units_exponent_0': 5, 'W_layer_units_exponent_1': 10, 'W_layer_units_exponent_2': 4, 'D_layers': 3, 'D_layer_units_exponent_0': 5, 'D_layer_units_exponent_1': 9, 'D_layer_units_exponent_2': 4, 'D_dagger_layers': 4, 'D_dagger_layer_units_exponent_0': 5, 'D_dagger_layer_units_exponent_1': 6, 'D_dagger_layer_units_exponent_2': 10, 'D_dagger_layer_units_exponent_3': 4, 'log_learning_rate': -1.0576257619888865, 'log_learning_rate_D': -3.843117154770048, 'log_learning_rate_D_dagger': -4.027844567966676, 'training_batch_size': 8, 'training_p': 2}
	 epoch  0 training error:  tensor(1.0219, device='cuda:0', grad_fn=<DivBackward0>)
Memory status after this epoch: 
Memory allocated:  366.61083984375
Memory cached:  504.0
	 epoch  10 training error:  tensor(3.5952, device='cuda:0', grad_fn=<DivBackward0>)
Memory status after this epoch: 
Memory allocated:  366.61083984375
Memory cached:  506.0
	 epoch  20 training error:  tensor(1.3519, device='cuda:0', grad_fn=<DivBackward0>)
Memory status after this epoch: 
Memory allocated:  366.61083984375
Memory cached:  506.0
	 epoch  30 training error:  tensor(0.6942, device='cuda:0', grad_fn=<DivBackward0>)
Memory status after this epoch: 
Memory allocated:  366.61083984375
Memory cached:  506.0
	 epoch  40 training error:  tensor(0.5416, device='cuda:0', grad_fn=<DivBackward0>)
Memory status after this epoch: 
Memory allocated:  366.61083984375
Memory cached:  506.0
	 epoch  50 training error:  tensor(0.4767, device='cuda:0', grad_fn=<DivBackward0>)
Memory status after this epoch: 
Memory allocated:  366.61083984375
Memory cached:  506.0
	 epoch  60 training error:  tensor(0.4426, device='cuda:0', grad_fn=<DivBackward0>)
Memory status after this epoch: 
Memory allocated:  366.61083984375
Memory cached:  506.0
	 epoch  70 training error:  tensor(0.4201, device='cuda:0', grad_fn=<DivBackward0>)
Memory status after this epoch: 
Memory allocated:  366.61083984375
Memory cached:  506.0
	 epoch  80 training error:  tensor(0.4087, device='cuda:0', grad_fn=<DivBackward0>)
Memory status after this epoch: 
Memory allocated:  366.61083984375
Memory cached:  506.0
	 epoch  90 training error:  tensor(0.3970, device='cuda:0', grad_fn=<DivBackward0>)
Memory status after this epoch: 
Memory allocated:  366.61083984375
Memory cached:  506.0
[I 2023-12-07 04:45:57,922] Trial 11 finished with value: 0.3673815429210663 and parameters: {'W_layers': 3, 'W_layer_units_exponent_0': 5, 'W_layer_units_exponent_1': 10, 'W_layer_units_exponent_2': 4, 'D_layers': 3, 'D_layer_units_exponent_0': 5, 'D_layer_units_exponent_1': 9, 'D_layer_units_exponent_2': 4, 'D_dagger_layers': 4, 'D_dagger_layer_units_exponent_0': 5, 'D_dagger_layer_units_exponent_1': 6, 'D_dagger_layer_units_exponent_2': 10, 'D_dagger_layer_units_exponent_3': 4, 'log_learning_rate': -1.0576257619888865, 'log_learning_rate_D': -3.843117154770048, 'log_learning_rate_D_dagger': -4.027844567966676, 'training_batch_size': 8, 'training_p': 2}. Best is trial 8 with value: 0.3413730561733246.
Time for this trial:  17.508787631988525
Memory status after this trial: 
Memory allocated:  483.53369140625
Memory cached:  562.0
--------------------  Trial  12   --------------------
Start timing: 
Parameters: 
{'W_layers': 3, 'W_layer_units_exponent_0': 7, 'W_layer_units_exponent_1': 9, 'W_layer_units_exponent_2': 8, 'D_layers': 5, 'D_layer_units_exponent_0': 5, 'D_layer_units_exponent_1': 8, 'D_layer_units_exponent_2': 5, 'D_layer_units_exponent_3': 7, 'D_layer_units_exponent_4': 8, 'D_dagger_layers': 3, 'D_dagger_layer_units_exponent_0': 5, 'D_dagger_layer_units_exponent_1': 8, 'D_dagger_layer_units_exponent_2': 8, 'log_learning_rate': -2.818735294724208, 'log_learning_rate_D': -3.9425206231216037, 'log_learning_rate_D_dagger': -3.8641901900340128, 'training_batch_size': 9, 'training_p': 3}
	 epoch  0 training error:  tensor(0.7701, device='cuda:0', grad_fn=<DivBackward0>)
Memory status after this epoch: 
Memory allocated:  368.80126953125
Memory cached:  502.0
	 epoch  10 training error:  tensor(0.9295, device='cuda:0', grad_fn=<DivBackward0>)
Memory status after this epoch: 
Memory allocated:  368.80126953125
Memory cached:  502.0
	 epoch  20 training error:  tensor(0.5183, device='cuda:0', grad_fn=<DivBackward0>)
Memory status after this epoch: 
Memory allocated:  368.80126953125
Memory cached:  502.0
	 epoch  30 training error:  tensor(0.4693, device='cuda:0', grad_fn=<DivBackward0>)
Memory status after this epoch: 
Memory allocated:  368.80126953125
Memory cached:  502.0
	 epoch  40 training error:  tensor(0.4144, device='cuda:0', grad_fn=<DivBackward0>)
Memory status after this epoch: 
Memory allocated:  368.80126953125
Memory cached:  502.0
	 epoch  50 training error:  tensor(0.4093, device='cuda:0', grad_fn=<DivBackward0>)
Memory status after this epoch: 
Memory allocated:  368.80126953125
Memory cached:  502.0
	 epoch  60 training error:  tensor(0.4033, device='cuda:0', grad_fn=<DivBackward0>)
Memory status after this epoch: 
Memory allocated:  368.80126953125
Memory cached:  502.0
	 epoch  70 training error:  tensor(0.4011, device='cuda:0', grad_fn=<DivBackward0>)
Memory status after this epoch: 
Memory allocated:  368.80126953125
Memory cached:  502.0
	 epoch  80 training error:  tensor(0.3986, device='cuda:0', grad_fn=<DivBackward0>)
Memory status after this epoch: 
Memory allocated:  368.80126953125
Memory cached:  502.0
	 epoch  90 training error:  tensor(0.3965, device='cuda:0', grad_fn=<DivBackward0>)
Memory status after this epoch: 
Memory allocated:  368.80126953125
Memory cached:  502.0
[I 2023-12-07 04:46:14,395] Trial 12 finished with value: 0.3533896505832672 and parameters: {'W_layers': 3, 'W_layer_units_exponent_0': 7, 'W_layer_units_exponent_1': 9, 'W_layer_units_exponent_2': 8, 'D_layers': 5, 'D_layer_units_exponent_0': 5, 'D_layer_units_exponent_1': 8, 'D_layer_units_exponent_2': 5, 'D_layer_units_exponent_3': 7, 'D_layer_units_exponent_4': 8, 'D_dagger_layers': 3, 'D_dagger_layer_units_exponent_0': 5, 'D_dagger_layer_units_exponent_1': 8, 'D_dagger_layer_units_exponent_2': 8, 'log_learning_rate': -2.818735294724208, 'log_learning_rate_D': -3.9425206231216037, 'log_learning_rate_D_dagger': -3.8641901900340128, 'training_batch_size': 9, 'training_p': 3}. Best is trial 8 with value: 0.3413730561733246.
Time for this trial:  16.313039302825928
Memory status after this trial: 
Memory allocated:  442.89599609375
Memory cached:  502.0
--------------------  Trial  13   --------------------
Start timing: 
Parameters: 
{'W_layers': 2, 'W_layer_units_exponent_0': 6, 'W_layer_units_exponent_1': 9, 'D_layers': 4, 'D_layer_units_exponent_0': 6, 'D_layer_units_exponent_1': 8, 'D_layer_units_exponent_2': 6, 'D_layer_units_exponent_3': 7, 'D_dagger_layers': 6, 'D_dagger_layer_units_exponent_0': 5, 'D_dagger_layer_units_exponent_1': 10, 'D_dagger_layer_units_exponent_2': 9, 'D_dagger_layer_units_exponent_3': 6, 'D_dagger_layer_units_exponent_4': 10, 'D_dagger_layer_units_exponent_5': 10, 'log_learning_rate': -1.0139465789966362, 'log_learning_rate_D': -2.6750152372548683, 'log_learning_rate_D_dagger': -3.917695742800899, 'training_batch_size': 7, 'training_p': 4}
	 epoch  0 training error:  tensor(1.3043, device='cuda:0', grad_fn=<DivBackward0>)
Memory status after this epoch: 
Memory allocated:  393.0634765625
Memory cached:  502.0
	 epoch  10 training error:  tensor(10.6949, device='cuda:0', grad_fn=<DivBackward0>)
Memory status after this epoch: 
Memory allocated:  393.0634765625
Memory cached:  502.0
	 epoch  20 training error:  tensor(6.4745, device='cuda:0', grad_fn=<DivBackward0>)
Memory status after this epoch: 
Memory allocated:  393.0634765625
Memory cached:  502.0
	 epoch  30 training error:  tensor(9.6072, device='cuda:0', grad_fn=<DivBackward0>)
Memory status after this epoch: 
Memory allocated:  393.0634765625
Memory cached:  502.0
	 epoch  40 training error:  tensor(1.8126, device='cuda:0', grad_fn=<DivBackward0>)
Memory status after this epoch: 
Memory allocated:  393.0634765625
Memory cached:  502.0
	 epoch  50 training error:  tensor(0.9227, device='cuda:0', grad_fn=<DivBackward0>)
Memory status after this epoch: 
Memory allocated:  393.0634765625
Memory cached:  502.0
	 epoch  60 training error:  tensor(0.4184, device='cuda:0', grad_fn=<DivBackward0>)
Memory status after this epoch: 
Memory allocated:  393.0634765625
Memory cached:  502.0
	 epoch  70 training error:  tensor(0.4344, device='cuda:0', grad_fn=<DivBackward0>)
Memory status after this epoch: 
Memory allocated:  393.0634765625
Memory cached:  502.0
	 epoch  80 training error:  tensor(0.4330, device='cuda:0', grad_fn=<DivBackward0>)
Memory status after this epoch: 
Memory allocated:  393.0634765625
Memory cached:  502.0
	 epoch  90 training error:  tensor(0.4130, device='cuda:0', grad_fn=<DivBackward0>)
Memory status after this epoch: 
Memory allocated:  393.0634765625
Memory cached:  502.0
[I 2023-12-07 04:46:33,647] Trial 13 finished with value: 0.35345175862312317 and parameters: {'W_layers': 2, 'W_layer_units_exponent_0': 6, 'W_layer_units_exponent_1': 9, 'D_layers': 4, 'D_layer_units_exponent_0': 6, 'D_layer_units_exponent_1': 8, 'D_layer_units_exponent_2': 6, 'D_layer_units_exponent_3': 7, 'D_dagger_layers': 6, 'D_dagger_layer_units_exponent_0': 5, 'D_dagger_layer_units_exponent_1': 10, 'D_dagger_layer_units_exponent_2': 9, 'D_dagger_layer_units_exponent_3': 6, 'D_dagger_layer_units_exponent_4': 10, 'D_dagger_layer_units_exponent_5': 10, 'log_learning_rate': -1.0139465789966362, 'log_learning_rate_D': -2.6750152372548683, 'log_learning_rate_D_dagger': -3.917695742800899, 'training_batch_size': 7, 'training_p': 4}. Best is trial 8 with value: 0.3413730561733246.
Time for this trial:  19.067067623138428
Memory status after this trial: 
Memory allocated:  597.62939453125
Memory cached:  654.0
--------------------  Trial  14   --------------------
Start timing: 
Parameters: 
{'W_layers': 4, 'W_layer_units_exponent_0': 8, 'W_layer_units_exponent_1': 9, 'W_layer_units_exponent_2': 8, 'W_layer_units_exponent_3': 7, 'D_layers': 6, 'D_layer_units_exponent_0': 4, 'D_layer_units_exponent_1': 9, 'D_layer_units_exponent_2': 6, 'D_layer_units_exponent_3': 8, 'D_layer_units_exponent_4': 7, 'D_layer_units_exponent_5': 7, 'D_dagger_layers': 5, 'D_dagger_layer_units_exponent_0': 6, 'D_dagger_layer_units_exponent_1': 6, 'D_dagger_layer_units_exponent_2': 10, 'D_dagger_layer_units_exponent_3': 5, 'D_dagger_layer_units_exponent_4': 4, 'log_learning_rate': -3.7406612250452715, 'log_learning_rate_D': -3.943085755255181, 'log_learning_rate_D_dagger': -2.9278152284023324, 'training_batch_size': 10, 'training_p': 3}
	 epoch  0 training error:  tensor(0.9236, device='cuda:0', grad_fn=<DivBackward0>)
Memory status after this epoch: 
Memory allocated:  370.96630859375
Memory cached:  502.0
	 epoch  10 training error:  tensor(0.4657, device='cuda:0', grad_fn=<DivBackward0>)
Memory status after this epoch: 
Memory allocated:  370.96630859375
Memory cached:  502.0
	 epoch  20 training error:  tensor(0.4083, device='cuda:0', grad_fn=<DivBackward0>)
Memory status after this epoch: 
Memory allocated:  370.96630859375
Memory cached:  502.0
	 epoch  30 training error:  tensor(0.3974, device='cuda:0', grad_fn=<DivBackward0>)
Memory status after this epoch: 
Memory allocated:  370.96630859375
Memory cached:  502.0
	 epoch  40 training error:  tensor(0.3810, device='cuda:0', grad_fn=<DivBackward0>)
Memory status after this epoch: 
Memory allocated:  370.96630859375
Memory cached:  502.0
	 epoch  50 training error:  tensor(0.3679, device='cuda:0', grad_fn=<DivBackward0>)
Memory status after this epoch: 
Memory allocated:  370.96630859375
Memory cached:  502.0
	 epoch  60 training error:  tensor(0.3657, device='cuda:0', grad_fn=<DivBackward0>)
Memory status after this epoch: 
Memory allocated:  370.96630859375
Memory cached:  502.0
	 epoch  70 training error:  tensor(0.3570, device='cuda:0', grad_fn=<DivBackward0>)
Memory status after this epoch: 
Memory allocated:  370.96630859375
Memory cached:  502.0
	 epoch  80 training error:  tensor(0.3580, device='cuda:0', grad_fn=<DivBackward0>)
Memory status after this epoch: 
Memory allocated:  370.96630859375
Memory cached:  502.0
	 epoch  90 training error:  tensor(0.3531, device='cuda:0', grad_fn=<DivBackward0>)
Memory status after this epoch: 
Memory allocated:  370.96630859375
Memory cached:  502.0
