[I 2024-01-01 11:11:00,947] Trial 213 finished with value: 0.17630665004253387 and parameters: {'W_layers': 5, 'W_layer_units_exponent_0': 8, 'W_layer_units_exponent_1': 10, 'W_layer_units_exponent_2': 6, 'W_layer_units_exponent_3': 6, 'W_layer_units_exponent_4': 5, 'D_layers': 5, 'D_layer_units_exponent_0': 7, 'D_layer_units_exponent_1': 9, 'D_layer_units_exponent_2': 8, 'D_layer_units_exponent_3': 8, 'D_layer_units_exponent_4': 5, 'D_dagger_layers': 3, 'D_dagger_layer_units_exponent_0': 9, 'D_dagger_layer_units_exponent_1': 4, 'D_dagger_layer_units_exponent_2': 5, 'log_learning_rate': -2.4598598666774096, 'log_learning_rate_D': -3.8967630827604207, 'log_learning_rate_D_dagger': -2.460104845942158, 'training_batch_size': 6, 'training_p': 7}. Best is trial 171 with value: 0.11988115310668945.
Time for this trial:  318.4106204509735
Memory status after this trial: 
Memory allocated:  347.9208984375
Memory cached:  354.0
--------------------  Trial  214   --------------------
Start timing: 
Parameters: 
{'W_layers': 5, 'W_layer_units_exponent_0': 8, 'W_layer_units_exponent_1': 10, 'W_layer_units_exponent_2': 6, 'W_layer_units_exponent_3': 8, 'W_layer_units_exponent_4': 5, 'D_layers': 5, 'D_layer_units_exponent_0': 7, 'D_layer_units_exponent_1': 9, 'D_layer_units_exponent_2': 8, 'D_layer_units_exponent_3': 8, 'D_layer_units_exponent_4': 5, 'D_dagger_layers': 3, 'D_dagger_layer_units_exponent_0': 9, 'D_dagger_layer_units_exponent_1': 4, 'D_dagger_layer_units_exponent_2': 5, 'log_learning_rate': -2.552547766033561, 'log_learning_rate_D': -3.924644873087672, 'log_learning_rate_D_dagger': -2.1735529126897637, 'training_batch_size': 6, 'training_p': 7}
	 epoch  0 training error:  tensor(1.2489, device='cuda:0', grad_fn=<DivBackward0>)
Memory status after this epoch: 
Memory allocated:  183.75244140625
Memory cached:  346.0
	 epoch  10 training error:  tensor(0.5519, device='cuda:0', grad_fn=<DivBackward0>)
Memory status after this epoch: 
Memory allocated:  183.75244140625
Memory cached:  348.0
	 epoch  20 training error:  tensor(0.5390, device='cuda:0', grad_fn=<DivBackward0>)
Memory status after this epoch: 
Memory allocated:  183.75244140625
Memory cached:  346.0
	 epoch  30 training error:  tensor(0.5415, device='cuda:0', grad_fn=<DivBackward0>)
Memory status after this epoch: 
Memory allocated:  183.75244140625
Memory cached:  346.0
	 epoch  40 training error:  tensor(0.5646, device='cuda:0', grad_fn=<DivBackward0>)
Memory status after this epoch: 
Memory allocated:  183.75244140625
Memory cached:  346.0
	 epoch  50 training error:  tensor(0.4013, device='cuda:0', grad_fn=<DivBackward0>)
Memory status after this epoch: 
Memory allocated:  183.75244140625
Memory cached:  348.0
	 epoch  60 training error:  tensor(0.3229, device='cuda:0', grad_fn=<DivBackward0>)
Memory status after this epoch: 
Memory allocated:  183.75244140625
Memory cached:  346.0
	 epoch  70 training error:  tensor(0.3294, device='cuda:0', grad_fn=<DivBackward0>)
Memory status after this epoch: 
Memory allocated:  183.75244140625
Memory cached:  346.0
	 epoch  80 training error:  tensor(0.3175, device='cuda:0', grad_fn=<DivBackward0>)
Memory status after this epoch: 
Memory allocated:  183.75244140625
Memory cached:  346.0
	 epoch  90 training error:  tensor(0.2624, device='cuda:0', grad_fn=<DivBackward0>)
Memory status after this epoch: 
Memory allocated:  183.75244140625
Memory cached:  346.0
[I 2024-01-01 11:16:22,619] Trial 214 finished with value: 0.1678011119365692 and parameters: {'W_layers': 5, 'W_layer_units_exponent_0': 8, 'W_layer_units_exponent_1': 10, 'W_layer_units_exponent_2': 6, 'W_layer_units_exponent_3': 8, 'W_layer_units_exponent_4': 5, 'D_layers': 5, 'D_layer_units_exponent_0': 7, 'D_layer_units_exponent_1': 9, 'D_layer_units_exponent_2': 8, 'D_layer_units_exponent_3': 8, 'D_layer_units_exponent_4': 5, 'D_dagger_layers': 3, 'D_dagger_layer_units_exponent_0': 9, 'D_dagger_layer_units_exponent_1': 4, 'D_dagger_layer_units_exponent_2': 5, 'log_learning_rate': -2.552547766033561, 'log_learning_rate_D': -3.924644873087672, 'log_learning_rate_D_dagger': -2.1735529126897637, 'training_batch_size': 6, 'training_p': 7}. Best is trial 171 with value: 0.11988115310668945.
Time for this trial:  321.2547171115875
Memory status after this trial: 
Memory allocated:  358.31640625
Memory cached:  364.0
--------------------  Trial  215   --------------------
Start timing: 
Parameters: 
{'W_layers': 5, 'W_layer_units_exponent_0': 8, 'W_layer_units_exponent_1': 10, 'W_layer_units_exponent_2': 6, 'W_layer_units_exponent_3': 6, 'W_layer_units_exponent_4': 5, 'D_layers': 5, 'D_layer_units_exponent_0': 7, 'D_layer_units_exponent_1': 9, 'D_layer_units_exponent_2': 8, 'D_layer_units_exponent_3': 8, 'D_layer_units_exponent_4': 5, 'D_dagger_layers': 3, 'D_dagger_layer_units_exponent_0': 9, 'D_dagger_layer_units_exponent_1': 7, 'D_dagger_layer_units_exponent_2': 5, 'log_learning_rate': -2.351015978418213, 'log_learning_rate_D': -4.029894407359162, 'log_learning_rate_D_dagger': -2.3897045948738906, 'training_batch_size': 6, 'training_p': 7}
	 epoch  0 training error:  tensor(1.5093, device='cuda:0', grad_fn=<DivBackward0>)
Memory status after this epoch: 
Memory allocated:  184.39892578125
Memory cached:  346.0
	 epoch  10 training error:  tensor(0.5520, device='cuda:0', grad_fn=<DivBackward0>)
Memory status after this epoch: 
Memory allocated:  184.39892578125
Memory cached:  346.0
	 epoch  20 training error:  tensor(0.5486, device='cuda:0', grad_fn=<DivBackward0>)
Memory status after this epoch: 
Memory allocated:  184.39892578125
Memory cached:  346.0
	 epoch  30 training error:  tensor(0.5621, device='cuda:0', grad_fn=<DivBackward0>)
Memory status after this epoch: 
Memory allocated:  184.39892578125
Memory cached:  346.0
	 epoch  40 training error:  tensor(0.5478, device='cuda:0', grad_fn=<DivBackward0>)
Memory status after this epoch: 
Memory allocated:  184.39892578125
Memory cached:  346.0
	 epoch  50 training error:  tensor(0.5450, device='cuda:0', grad_fn=<DivBackward0>)
Memory status after this epoch: 
Memory allocated:  184.39892578125
Memory cached:  346.0
	 epoch  60 training error:  tensor(0.4143, device='cuda:0', grad_fn=<DivBackward0>)
Memory status after this epoch: 
Memory allocated:  184.39892578125
Memory cached:  346.0
	 epoch  70 training error:  tensor(0.3260, device='cuda:0', grad_fn=<DivBackward0>)
Memory status after this epoch: 
Memory allocated:  184.39892578125
Memory cached:  346.0
	 epoch  80 training error:  tensor(0.3146, device='cuda:0', grad_fn=<DivBackward0>)
Memory status after this epoch: 
Memory allocated:  184.39892578125
Memory cached:  346.0
	 epoch  90 training error:  tensor(0.3046, device='cuda:0', grad_fn=<DivBackward0>)
Memory status after this epoch: 
Memory allocated:  184.39892578125
Memory cached:  346.0
[I 2024-01-01 11:21:41,966] Trial 215 finished with value: 0.18136577308177948 and parameters: {'W_layers': 5, 'W_layer_units_exponent_0': 8, 'W_layer_units_exponent_1': 10, 'W_layer_units_exponent_2': 6, 'W_layer_units_exponent_3': 6, 'W_layer_units_exponent_4': 5, 'D_layers': 5, 'D_layer_units_exponent_0': 7, 'D_layer_units_exponent_1': 9, 'D_layer_units_exponent_2': 8, 'D_layer_units_exponent_3': 8, 'D_layer_units_exponent_4': 5, 'D_dagger_layers': 3, 'D_dagger_layer_units_exponent_0': 9, 'D_dagger_layer_units_exponent_1': 7, 'D_dagger_layer_units_exponent_2': 5, 'log_learning_rate': -2.351015978418213, 'log_learning_rate_D': -4.029894407359162, 'log_learning_rate_D_dagger': -2.3897045948738906, 'training_batch_size': 6, 'training_p': 7}. Best is trial 171 with value: 0.11988115310668945.
Time for this trial:  318.76082277297974
Memory status after this trial: 
Memory allocated:  354.1962890625
Memory cached:  360.0
--------------------  Trial  216   --------------------
Start timing: 
Parameters: 
{'W_layers': 5, 'W_layer_units_exponent_0': 8, 'W_layer_units_exponent_1': 10, 'W_layer_units_exponent_2': 6, 'W_layer_units_exponent_3': 6, 'W_layer_units_exponent_4': 5, 'D_layers': 5, 'D_layer_units_exponent_0': 7, 'D_layer_units_exponent_1': 9, 'D_layer_units_exponent_2': 8, 'D_layer_units_exponent_3': 8, 'D_layer_units_exponent_4': 5, 'D_dagger_layers': 3, 'D_dagger_layer_units_exponent_0': 9, 'D_dagger_layer_units_exponent_1': 4, 'D_dagger_layer_units_exponent_2': 5, 'log_learning_rate': -2.764964031680801, 'log_learning_rate_D': -3.786941960053752, 'log_learning_rate_D_dagger': -2.263058215021693, 'training_batch_size': 6, 'training_p': 7}
	 epoch  0 training error:  tensor(1.0806, device='cuda:0', grad_fn=<DivBackward0>)
Memory status after this epoch: 
Memory allocated:  183.46923828125
Memory cached:  346.0
	 epoch  10 training error:  tensor(0.5511, device='cuda:0', grad_fn=<DivBackward0>)
Memory status after this epoch: 
Memory allocated:  183.46923828125
Memory cached:  354.0
	 epoch  20 training error:  tensor(0.5384, device='cuda:0', grad_fn=<DivBackward0>)
Memory status after this epoch: 
Memory allocated:  183.46923828125
Memory cached:  350.0
	 epoch  30 training error:  tensor(0.5335, device='cuda:0', grad_fn=<DivBackward0>)
Memory status after this epoch: 
Memory allocated:  183.46923828125
Memory cached:  350.0
	 epoch  40 training error:  tensor(0.5312, device='cuda:0', grad_fn=<DivBackward0>)
Memory status after this epoch: 
Memory allocated:  183.46923828125
Memory cached:  350.0
	 epoch  50 training error:  tensor(0.5373, device='cuda:0', grad_fn=<DivBackward0>)
Memory status after this epoch: 
Memory allocated:  183.46923828125
Memory cached:  352.0
	 epoch  60 training error:  tensor(0.4967, device='cuda:0', grad_fn=<DivBackward0>)
Memory status after this epoch: 
Memory allocated:  183.46923828125
Memory cached:  354.0
	 epoch  70 training error:  tensor(0.4848, device='cuda:0', grad_fn=<DivBackward0>)
Memory status after this epoch: 
Memory allocated:  183.46923828125
Memory cached:  350.0
	 epoch  80 training error:  tensor(0.4214, device='cuda:0', grad_fn=<DivBackward0>)
Memory status after this epoch: 
Memory allocated:  183.46923828125
Memory cached:  358.0
	 epoch  90 training error:  tensor(0.4526, device='cuda:0', grad_fn=<DivBackward0>)
Memory status after this epoch: 
Memory allocated:  183.46923828125
Memory cached:  354.0
[I 2024-01-01 11:27:01,078] Trial 216 finished with value: 0.22160422801971436 and parameters: {'W_layers': 5, 'W_layer_units_exponent_0': 8, 'W_layer_units_exponent_1': 10, 'W_layer_units_exponent_2': 6, 'W_layer_units_exponent_3': 6, 'W_layer_units_exponent_4': 5, 'D_layers': 5, 'D_layer_units_exponent_0': 7, 'D_layer_units_exponent_1': 9, 'D_layer_units_exponent_2': 8, 'D_layer_units_exponent_3': 8, 'D_layer_units_exponent_4': 5, 'D_dagger_layers': 3, 'D_dagger_layer_units_exponent_0': 9, 'D_dagger_layer_units_exponent_1': 4, 'D_dagger_layer_units_exponent_2': 5, 'log_learning_rate': -2.764964031680801, 'log_learning_rate_D': -3.786941960053752, 'log_learning_rate_D_dagger': -2.263058215021693, 'training_batch_size': 6, 'training_p': 7}. Best is trial 171 with value: 0.11988115310668945.
Time for this trial:  318.7000012397766
Memory status after this trial: 
Memory allocated:  347.9208984375
Memory cached:  354.0
--------------------  Trial  217   --------------------
Start timing: 
Parameters: 
{'W_layers': 5, 'W_layer_units_exponent_0': 8, 'W_layer_units_exponent_1': 5, 'W_layer_units_exponent_2': 6, 'W_layer_units_exponent_3': 6, 'W_layer_units_exponent_4': 5, 'D_layers': 5, 'D_layer_units_exponent_0': 7, 'D_layer_units_exponent_1': 9, 'D_layer_units_exponent_2': 10, 'D_layer_units_exponent_3': 8, 'D_layer_units_exponent_4': 5, 'D_dagger_layers': 3, 'D_dagger_layer_units_exponent_0': 9, 'D_dagger_layer_units_exponent_1': 4, 'D_dagger_layer_units_exponent_2': 5, 'log_learning_rate': -2.499921393261495, 'log_learning_rate_D': -3.976502122340586, 'log_learning_rate_D_dagger': -4.838776229367127, 'training_batch_size': 6, 'training_p': 7}
	 epoch  0 training error:  tensor(0.8751, device='cuda:0', grad_fn=<DivBackward0>)
Memory status after this epoch: 
Memory allocated:  187.62353515625
Memory cached:  370.0
	 epoch  10 training error:  tensor(0.5637, device='cuda:0', grad_fn=<DivBackward0>)
Memory status after this epoch: 
Memory allocated:  187.62353515625
Memory cached:  374.0
	 epoch  20 training error:  tensor(0.5644, device='cuda:0', grad_fn=<DivBackward0>)
Memory status after this epoch: 
Memory allocated:  187.62353515625
Memory cached:  376.0
	 epoch  30 training error:  tensor(0.5589, device='cuda:0', grad_fn=<DivBackward0>)
Memory status after this epoch: 
Memory allocated:  187.62353515625
Memory cached:  372.0
	 epoch  40 training error:  tensor(0.5520, device='cuda:0', grad_fn=<DivBackward0>)
Memory status after this epoch: 
Memory allocated:  187.62353515625
Memory cached:  378.0
	 epoch  50 training error:  tensor(0.5527, device='cuda:0', grad_fn=<DivBackward0>)
Memory status after this epoch: 
Memory allocated:  187.62353515625
Memory cached:  372.0
	 epoch  60 training error:  tensor(0.5517, device='cuda:0', grad_fn=<DivBackward0>)
Memory status after this epoch: 
Memory allocated:  187.62353515625
Memory cached:  372.0
	 epoch  70 training error:  tensor(0.5773, device='cuda:0', grad_fn=<DivBackward0>)
Memory status after this epoch: 
Memory allocated:  187.62353515625
Memory cached:  380.0
	 epoch  80 training error:  tensor(0.5514, device='cuda:0', grad_fn=<DivBackward0>)
Memory status after this epoch: 
Memory allocated:  187.62353515625
Memory cached:  378.0
	 epoch  90 training error:  tensor(0.5500, device='cuda:0', grad_fn=<DivBackward0>)
Memory status after this epoch: 
Memory allocated:  187.62353515625
Memory cached:  378.0
[I 2024-01-01 11:32:17,729] Trial 217 finished with value: 0.46695300936698914 and parameters: {'W_layers': 5, 'W_layer_units_exponent_0': 8, 'W_layer_units_exponent_1': 5, 'W_layer_units_exponent_2': 6, 'W_layer_units_exponent_3': 6, 'W_layer_units_exponent_4': 5, 'D_layers': 5, 'D_layer_units_exponent_0': 7, 'D_layer_units_exponent_1': 9, 'D_layer_units_exponent_2': 10, 'D_layer_units_exponent_3': 8, 'D_layer_units_exponent_4': 5, 'D_dagger_layers': 3, 'D_dagger_layer_units_exponent_0': 9, 'D_dagger_layer_units_exponent_1': 4, 'D_dagger_layer_units_exponent_2': 5, 'log_learning_rate': -2.499921393261495, 'log_learning_rate_D': -3.976502122340586, 'log_learning_rate_D_dagger': -4.838776229367127, 'training_batch_size': 6, 'training_p': 7}. Best is trial 171 with value: 0.11988115310668945.
Time for this trial:  316.2375807762146
Memory status after this trial: 
Memory allocated:  337.625
Memory cached:  376.0
--------------------  Trial  218   --------------------
Start timing: 
Parameters: 
{'W_layers': 5, 'W_layer_units_exponent_0': 8, 'W_layer_units_exponent_1': 5, 'W_layer_units_exponent_2': 6, 'W_layer_units_exponent_3': 6, 'W_layer_units_exponent_4': 5, 'D_layers': 6, 'D_layer_units_exponent_0': 7, 'D_layer_units_exponent_1': 9, 'D_layer_units_exponent_2': 8, 'D_layer_units_exponent_3': 8, 'D_layer_units_exponent_4': 5, 'D_layer_units_exponent_5': 7, 'D_dagger_layers': 2, 'D_dagger_layer_units_exponent_0': 9, 'D_dagger_layer_units_exponent_1': 4, 'log_learning_rate': -2.9954460108844647, 'log_learning_rate_D': -3.8575461537665605, 'log_learning_rate_D_dagger': -2.130749248309673, 'training_batch_size': 6, 'training_p': 2}
	 epoch  0 training error:  tensor(1.3280, device='cuda:0', grad_fn=<DivBackward0>)
Memory status after this epoch: 
Memory allocated:  178.66650390625
Memory cached:  346.0
	 epoch  10 training error:  tensor(0.3495, device='cuda:0', grad_fn=<DivBackward0>)
Memory status after this epoch: 
Memory allocated:  178.66650390625
Memory cached:  350.0
	 epoch  20 training error:  tensor(0.2994, device='cuda:0', grad_fn=<DivBackward0>)
Memory status after this epoch: 
Memory allocated:  178.66650390625
Memory cached:  350.0
	 epoch  30 training error:  tensor(0.2897, device='cuda:0', grad_fn=<DivBackward0>)
Memory status after this epoch: 
Memory allocated:  178.66650390625
Memory cached:  350.0
	 epoch  40 training error:  tensor(0.2723, device='cuda:0', grad_fn=<DivBackward0>)
Memory status after this epoch: 
Memory allocated:  178.66650390625
Memory cached:  350.0
	 epoch  50 training error:  tensor(0.2672, device='cuda:0', grad_fn=<DivBackward0>)
Memory status after this epoch: 
Memory allocated:  178.66650390625
Memory cached:  348.0
	 epoch  60 training error:  tensor(0.2697, device='cuda:0', grad_fn=<DivBackward0>)
Memory status after this epoch: 
Memory allocated:  178.66650390625
Memory cached:  350.0
	 epoch  70 training error:  tensor(0.2461, device='cuda:0', grad_fn=<DivBackward0>)
Memory status after this epoch: 
Memory allocated:  178.66650390625
Memory cached:  350.0
	 epoch  80 training error:  tensor(0.2535, device='cuda:0', grad_fn=<DivBackward0>)
Memory status after this epoch: 
Memory allocated:  178.66650390625
Memory cached:  350.0
	 epoch  90 training error:  tensor(0.2419, device='cuda:0', grad_fn=<DivBackward0>)
Memory status after this epoch: 
Memory allocated:  178.66650390625
Memory cached:  350.0
[I 2024-01-01 11:37:28,678] Trial 218 finished with value: 0.2665421962738037 and parameters: {'W_layers': 5, 'W_layer_units_exponent_0': 8, 'W_layer_units_exponent_1': 5, 'W_layer_units_exponent_2': 6, 'W_layer_units_exponent_3': 6, 'W_layer_units_exponent_4': 5, 'D_layers': 6, 'D_layer_units_exponent_0': 7, 'D_layer_units_exponent_1': 9, 'D_layer_units_exponent_2': 8, 'D_layer_units_exponent_3': 8, 'D_layer_units_exponent_4': 5, 'D_layer_units_exponent_5': 7, 'D_dagger_layers': 2, 'D_dagger_layer_units_exponent_0': 9, 'D_dagger_layer_units_exponent_1': 4, 'log_learning_rate': -2.9954460108844647, 'log_learning_rate_D': -3.8575461537665605, 'log_learning_rate_D_dagger': -2.130749248309673, 'training_batch_size': 6, 'training_p': 2}. Best is trial 171 with value: 0.11988115310668945.
Time for this trial:  310.501588344574
Memory status after this trial: 
Memory allocated:  296.97216796875
Memory cached:  350.0
--------------------  Trial  219   --------------------
Start timing: 
Parameters: 
{'W_layers': 5, 'W_layer_units_exponent_0': 8, 'W_layer_units_exponent_1': 7, 'W_layer_units_exponent_2': 6, 'W_layer_units_exponent_3': 6, 'W_layer_units_exponent_4': 5, 'D_layers': 5, 'D_layer_units_exponent_0': 7, 'D_layer_units_exponent_1': 9, 'D_layer_units_exponent_2': 9, 'D_layer_units_exponent_3': 8, 'D_layer_units_exponent_4': 5, 'D_dagger_layers': 3, 'D_dagger_layer_units_exponent_0': 9, 'D_dagger_layer_units_exponent_1': 4, 'D_dagger_layer_units_exponent_2': 5, 'log_learning_rate': -2.4018168217619498, 'log_learning_rate_D': -4.082987111664286, 'log_learning_rate_D_dagger': -2.563613879687769, 'training_batch_size': 6, 'training_p': 7}
	 epoch  0 training error:  tensor(1.0529, device='cuda:0', grad_fn=<DivBackward0>)
Memory status after this epoch: 
Memory allocated:  182.08447265625
Memory cached:  350.0
	 epoch  10 training error:  tensor(0.5590, device='cuda:0', grad_fn=<DivBackward0>)
Memory status after this epoch: 
Memory allocated:  182.08447265625
Memory cached:  360.0
	 epoch  20 training error:  tensor(0.5437, device='cuda:0', grad_fn=<DivBackward0>)
Memory status after this epoch: 
Memory allocated:  182.08447265625
Memory cached:  362.0
	 epoch  30 training error:  tensor(0.5284, device='cuda:0', grad_fn=<DivBackward0>)
Memory status after this epoch: 
Memory allocated:  182.08447265625
Memory cached:  358.0
	 epoch  40 training error:  tensor(0.5309, device='cuda:0', grad_fn=<DivBackward0>)
Memory status after this epoch: 
Memory allocated:  182.08447265625
Memory cached:  358.0
	 epoch  50 training error:  tensor(0.5291, device='cuda:0', grad_fn=<DivBackward0>)
Memory status after this epoch: 
Memory allocated:  182.08447265625
Memory cached:  360.0
	 epoch  60 training error:  tensor(0.5222, device='cuda:0', grad_fn=<DivBackward0>)
Memory status after this epoch: 
Memory allocated:  182.08447265625
Memory cached:  358.0
	 epoch  70 training error:  tensor(0.3695, device='cuda:0', grad_fn=<DivBackward0>)
Memory status after this epoch: 
Memory allocated:  182.08447265625
Memory cached:  360.0
	 epoch  80 training error:  tensor(0.3232, device='cuda:0', grad_fn=<DivBackward0>)
Memory status after this epoch: 
Memory allocated:  182.08447265625
Memory cached:  360.0
	 epoch  90 training error:  tensor(0.2679, device='cuda:0', grad_fn=<DivBackward0>)
Memory status after this epoch: 
Memory allocated:  182.08447265625
Memory cached:  360.0
