[I 2024-03-12 18:48:10,056] Trial 142 finished with value: 0.3360769748687744 and parameters: {'log_learning_rate': -1.335597030365341, 'log_learning_rate_D': -3.065562270370533, 'log_learning_rate_D_dagger': -1.7792530552437764, 'training_batch_size': 8, 'training_p': 2, 'p_order_W': 5, 'p_order_D': 4, 'p_order_D_dagger': 3}. Best is trial 134 with value: 0.3144383430480957.
Time for this trial:  217.89963936805725
Memory status after this trial: 
Memory allocated:  4.1298828125
Memory cached:  6.0
--------------------  Trial  143   --------------------
Start timing: 
Parameters: 
{'log_learning_rate': -1.2617139417570298, 'log_learning_rate_D': -2.840426057144616, 'log_learning_rate_D_dagger': -1.8062624266194403, 'training_batch_size': 8, 'training_p': 2, 'p_order_W': 5, 'p_order_D': 5, 'p_order_D_dagger': 2}

	 epoch  0 training error:  tensor(4.1757, grad_fn=<ToCopyBackward0>)
Memory status after this epoch: 
Memory allocated:  2.23095703125
Memory cached:  6.0
	 epoch  10 training error:  tensor(1.6352, grad_fn=<ToCopyBackward0>)
Memory status after this epoch: 
Memory allocated:  2.23095703125
Memory cached:  6.0
	 epoch  20 training error:  tensor(1.0652, grad_fn=<ToCopyBackward0>)
Memory status after this epoch: 
Memory allocated:  2.23095703125
Memory cached:  6.0
	 epoch  30 training error:  tensor(0.6969, grad_fn=<ToCopyBackward0>)
Memory status after this epoch: 
Memory allocated:  2.23095703125
Memory cached:  6.0
	 epoch  40 training error:  tensor(0.4988, grad_fn=<ToCopyBackward0>)
Memory status after this epoch: 
Memory allocated:  2.23095703125
Memory cached:  6.0
	 epoch  50 training error:  tensor(0.3975, grad_fn=<ToCopyBackward0>)
Memory status after this epoch: 
Memory allocated:  2.23095703125
Memory cached:  6.0
	 epoch  60 training error:  tensor(0.3802, grad_fn=<ToCopyBackward0>)
Memory status after this epoch: 
Memory allocated:  2.23095703125
Memory cached:  6.0
	 epoch  70 training error:  tensor(0.3804, grad_fn=<ToCopyBackward0>)
Memory status after this epoch: 
Memory allocated:  2.23095703125
Memory cached:  6.0
	 epoch  80 training error:  tensor(0.3801, grad_fn=<ToCopyBackward0>)
Memory status after this epoch: 
Memory allocated:  2.23095703125
Memory cached:  6.0
	 epoch  90 training error:  tensor(0.3800, grad_fn=<ToCopyBackward0>)
Memory status after this epoch: 
Memory allocated:  2.23095703125
Memory cached:  6.0
[I 2024-03-12 18:51:35,313] Trial 143 finished with value: 0.390499085187912 and parameters: {'log_learning_rate': -1.2617139417570298, 'log_learning_rate_D': -2.840426057144616, 'log_learning_rate_D_dagger': -1.8062624266194403, 'training_batch_size': 8, 'training_p': 2, 'p_order_W': 5, 'p_order_D': 5, 'p_order_D_dagger': 2}. Best is trial 134 with value: 0.3144383430480957.
Time for this trial:  204.99419021606445
Memory status after this trial: 
Memory allocated:  3.7392578125
Memory cached:  6.0
--------------------  Trial  144   --------------------
Start timing: 
Parameters: 
{'log_learning_rate': -1.4875606261157333, 'log_learning_rate_D': -3.052707051239465, 'log_learning_rate_D_dagger': -1.5904252019152312, 'training_batch_size': 8, 'training_p': 2, 'p_order_W': 5, 'p_order_D': 4, 'p_order_D_dagger': 3}

	 epoch  0 training error:  tensor(224.9921, grad_fn=<ToCopyBackward0>)
Memory status after this epoch: 
Memory allocated:  2.23095703125
Memory cached:  6.0
	 epoch  10 training error:  tensor(35.3315, grad_fn=<ToCopyBackward0>)
Memory status after this epoch: 
Memory allocated:  2.23095703125
Memory cached:  6.0
[W 2024-03-12 18:52:15,468] Trial 144 failed with parameters: {'log_learning_rate': -1.4875606261157333, 'log_learning_rate_D': -3.052707051239465, 'log_learning_rate_D_dagger': -1.5904252019152312, 'training_batch_size': 8, 'training_p': 2, 'p_order_W': 5, 'p_order_D': 4, 'p_order_D_dagger': 3} because of the following error: The value nan is not acceptable.
[W 2024-03-12 18:52:15,468] Trial 144 failed with value tensor(nan, grad_fn=<ToCopyBackward0>).
Time for this trial:  39.91417169570923
Memory status after this trial: 
Memory allocated:  4.1298828125
Memory cached:  8.0
--------------------  Trial  145   --------------------
Start timing: 
Parameters: 
{'log_learning_rate': -1.529206775317216, 'log_learning_rate_D': -2.927696162099371, 'log_learning_rate_D_dagger': -1.5468332901504658, 'training_batch_size': 8, 'training_p': 2, 'p_order_W': 5, 'p_order_D': 4, 'p_order_D_dagger': 3}

	 epoch  0 training error:  tensor(25.7082, grad_fn=<ToCopyBackward0>)
Memory status after this epoch: 
Memory allocated:  2.23095703125
Memory cached:  6.0
[W 2024-03-12 18:52:25,341] Trial 145 failed with parameters: {'log_learning_rate': -1.529206775317216, 'log_learning_rate_D': -2.927696162099371, 'log_learning_rate_D_dagger': -1.5468332901504658, 'training_batch_size': 8, 'training_p': 2, 'p_order_W': 5, 'p_order_D': 4, 'p_order_D_dagger': 3} because of the following error: The value nan is not acceptable.
[W 2024-03-12 18:52:25,341] Trial 145 failed with value tensor(nan, grad_fn=<ToCopyBackward0>).
Time for this trial:  9.619088411331177
Memory status after this trial: 
Memory allocated:  4.1298828125
Memory cached:  6.0
--------------------  Trial  146   --------------------
Start timing: 
Parameters: 
{'log_learning_rate': -1.7210833877934546, 'log_learning_rate_D': -2.9137344863697288, 'log_learning_rate_D_dagger': -1.5455976805138925, 'training_batch_size': 8, 'training_p': 2, 'p_order_W': 5, 'p_order_D': 4, 'p_order_D_dagger': 3}

	 epoch  0 training error:  tensor(65.7233, grad_fn=<ToCopyBackward0>)
Memory status after this epoch: 
Memory allocated:  2.23095703125
Memory cached:  6.0
[W 2024-03-12 18:52:43,691] Trial 146 failed with parameters: {'log_learning_rate': -1.7210833877934546, 'log_learning_rate_D': -2.9137344863697288, 'log_learning_rate_D_dagger': -1.5455976805138925, 'training_batch_size': 8, 'training_p': 2, 'p_order_W': 5, 'p_order_D': 4, 'p_order_D_dagger': 3} because of the following error: The value nan is not acceptable.
[W 2024-03-12 18:52:43,691] Trial 146 failed with value tensor(nan, grad_fn=<ToCopyBackward0>).
Time for this trial:  18.090694665908813
Memory status after this trial: 
Memory allocated:  4.1298828125
Memory cached:  8.0
--------------------  Trial  147   --------------------
Start timing: 
Parameters: 
{'log_learning_rate': -1.5683340164313546, 'log_learning_rate_D': -2.9317851554434573, 'log_learning_rate_D_dagger': -1.5814017967817204, 'training_batch_size': 8, 'training_p': 2, 'p_order_W': 5, 'p_order_D': 4, 'p_order_D_dagger': 3}

	 epoch  0 training error:  tensor(6.7266, grad_fn=<ToCopyBackward0>)
Memory status after this epoch: 
Memory allocated:  2.23095703125
Memory cached:  6.0
	 epoch  10 training error:  tensor(0.6367, grad_fn=<ToCopyBackward0>)
Memory status after this epoch: 
Memory allocated:  2.23095703125
Memory cached:  6.0
	 epoch  20 training error:  tensor(0.4108, grad_fn=<ToCopyBackward0>)
Memory status after this epoch: 
Memory allocated:  2.23095703125
Memory cached:  6.0
	 epoch  30 training error:  tensor(0.3734, grad_fn=<ToCopyBackward0>)
Memory status after this epoch: 
Memory allocated:  2.23095703125
Memory cached:  8.0
	 epoch  40 training error:  tensor(0.3416, grad_fn=<ToCopyBackward0>)
Memory status after this epoch: 
Memory allocated:  2.23095703125
Memory cached:  8.0
	 epoch  50 training error:  tensor(0.3190, grad_fn=<ToCopyBackward0>)
Memory status after this epoch: 
Memory allocated:  2.23095703125
Memory cached:  8.0
	 epoch  60 training error:  tensor(0.3039, grad_fn=<ToCopyBackward0>)
Memory status after this epoch: 
Memory allocated:  2.23095703125
Memory cached:  6.0
	 epoch  70 training error:  tensor(0.3317, grad_fn=<ToCopyBackward0>)
Memory status after this epoch: 
Memory allocated:  2.23095703125
Memory cached:  8.0
	 epoch  80 training error:  tensor(0.2945, grad_fn=<ToCopyBackward0>)
Memory status after this epoch: 
Memory allocated:  2.23095703125
Memory cached:  6.0
	 epoch  90 training error:  tensor(0.2951, grad_fn=<ToCopyBackward0>)
Memory status after this epoch: 
Memory allocated:  2.23095703125
Memory cached:  6.0
[I 2024-03-12 18:56:21,083] Trial 147 finished with value: 0.31300362944602966 and parameters: {'log_learning_rate': -1.5683340164313546, 'log_learning_rate_D': -2.9317851554434573, 'log_learning_rate_D_dagger': -1.5814017967817204, 'training_batch_size': 8, 'training_p': 2, 'p_order_W': 5, 'p_order_D': 4, 'p_order_D_dagger': 3}. Best is trial 147 with value: 0.31300362944602966.
res:  tensor(0.3130, grad_fn=<ToCopyBackward0>)
self.bestValue:  tensor(0.3144, grad_fn=<ToCopyBackward0>)
Save this model!
Time for this trial:  217.13491988182068
Memory status after this trial: 
Memory allocated:  2.20068359375
Memory cached:  6.0
--------------------  Trial  148   --------------------
Start timing: 
Parameters: 
{'log_learning_rate': -1.3449655921921233, 'log_learning_rate_D': -2.91110344323451, 'log_learning_rate_D_dagger': -1.5545667388341025, 'training_batch_size': 8, 'training_p': 2, 'p_order_W': 5, 'p_order_D': 4, 'p_order_D_dagger': 3}

	 epoch  0 training error:  tensor(79.2501, grad_fn=<ToCopyBackward0>)
Memory status after this epoch: 
Memory allocated:  2.23095703125
Memory cached:  6.0
	 epoch  10 training error:  tensor(0.8894, grad_fn=<ToCopyBackward0>)
Memory status after this epoch: 
Memory allocated:  2.23095703125
Memory cached:  8.0
	 epoch  20 training error:  tensor(0.8838, grad_fn=<ToCopyBackward0>)
Memory status after this epoch: 
Memory allocated:  2.23095703125
Memory cached:  6.0
	 epoch  30 training error:  tensor(0.3937, grad_fn=<ToCopyBackward0>)
Memory status after this epoch: 
Memory allocated:  2.23095703125
Memory cached:  8.0
	 epoch  40 training error:  tensor(0.3691, grad_fn=<ToCopyBackward0>)
Memory status after this epoch: 
Memory allocated:  2.23095703125
Memory cached:  6.0
	 epoch  50 training error:  tensor(0.3300, grad_fn=<ToCopyBackward0>)
Memory status after this epoch: 
Memory allocated:  2.23095703125
Memory cached:  8.0
	 epoch  60 training error:  tensor(0.3073, grad_fn=<ToCopyBackward0>)
Memory status after this epoch: 
Memory allocated:  2.23095703125
Memory cached:  8.0
	 epoch  70 training error:  tensor(0.2984, grad_fn=<ToCopyBackward0>)
Memory status after this epoch: 
Memory allocated:  2.23095703125
Memory cached:  6.0
	 epoch  80 training error:  tensor(0.3079, grad_fn=<ToCopyBackward0>)
Memory status after this epoch: 
Memory allocated:  2.23095703125
Memory cached:  8.0
	 epoch  90 training error:  tensor(0.2959, grad_fn=<ToCopyBackward0>)
Memory status after this epoch: 
Memory allocated:  2.23095703125
Memory cached:  8.0
[I 2024-03-12 18:59:57,068] Trial 148 finished with value: 0.3139536678791046 and parameters: {'log_learning_rate': -1.3449655921921233, 'log_learning_rate_D': -2.91110344323451, 'log_learning_rate_D_dagger': -1.5545667388341025, 'training_batch_size': 8, 'training_p': 2, 'p_order_W': 5, 'p_order_D': 4, 'p_order_D_dagger': 3}. Best is trial 147 with value: 0.31300362944602966.
Time for this trial:  215.7464141845703
Memory status after this trial: 
Memory allocated:  4.1298828125
Memory cached:  6.0
--------------------  Trial  149   --------------------
Start timing: 
Parameters: 
{'log_learning_rate': -1.3147973515589617, 'log_learning_rate_D': -2.931224813221373, 'log_learning_rate_D_dagger': -1.5455609149336418, 'training_batch_size': 8, 'training_p': 2, 'p_order_W': 5, 'p_order_D': 4, 'p_order_D_dagger': 3}

	 epoch  0 training error:  tensor(17.8072, grad_fn=<ToCopyBackward0>)
Memory status after this epoch: 
Memory allocated:  2.23095703125
Memory cached:  6.0
	 epoch  10 training error:  tensor(0.9497, grad_fn=<ToCopyBackward0>)
Memory status after this epoch: 
Memory allocated:  2.23095703125
Memory cached:  8.0
	 epoch  20 training error:  tensor(0.7439, grad_fn=<ToCopyBackward0>)
Memory status after this epoch: 
Memory allocated:  2.23095703125
Memory cached:  6.0
	 epoch  30 training error:  tensor(0.4668, grad_fn=<ToCopyBackward0>)
Memory status after this epoch: 
Memory allocated:  2.23095703125
Memory cached:  8.0
	 epoch  40 training error:  tensor(0.3522, grad_fn=<ToCopyBackward0>)
Memory status after this epoch: 
Memory allocated:  2.23095703125
Memory cached:  6.0
[W 2024-03-12 19:01:42,571] Trial 149 failed with parameters: {'log_learning_rate': -1.3147973515589617, 'log_learning_rate_D': -2.931224813221373, 'log_learning_rate_D_dagger': -1.5455609149336418, 'training_batch_size': 8, 'training_p': 2, 'p_order_W': 5, 'p_order_D': 4, 'p_order_D_dagger': 3} because of the following error: The value nan is not acceptable.
[W 2024-03-12 19:01:42,571] Trial 149 failed with value tensor(nan, grad_fn=<ToCopyBackward0>).
Time for this trial:  105.23799228668213
Memory status after this trial: 
Memory allocated:  4.1298828125
Memory cached:  6.0
--------------------  Trial  150   --------------------
Start timing: 
Parameters: 
{'log_learning_rate': -1.2733987943870502, 'log_learning_rate_D': -3.0813570488655944, 'log_learning_rate_D_dagger': -1.5509635351837368, 'training_batch_size': 8, 'training_p': 2, 'p_order_W': 5, 'p_order_D': 4, 'p_order_D_dagger': 3}

	 epoch  0 training error:  tensor(28.7917, grad_fn=<ToCopyBackward0>)
Memory status after this epoch: 
Memory allocated:  2.23095703125
Memory cached:  6.0
	 epoch  10 training error:  tensor(2.3889, grad_fn=<ToCopyBackward0>)
Memory status after this epoch: 
Memory allocated:  2.23095703125
Memory cached:  8.0
	 epoch  20 training error:  tensor(0.6479, grad_fn=<ToCopyBackward0>)
Memory status after this epoch: 
Memory allocated:  2.23095703125
Memory cached:  6.0
	 epoch  30 training error:  tensor(0.4907, grad_fn=<ToCopyBackward0>)
Memory status after this epoch: 
Memory allocated:  2.23095703125
Memory cached:  8.0
	 epoch  40 training error:  tensor(0.4057, grad_fn=<ToCopyBackward0>)
Memory status after this epoch: 
Memory allocated:  2.23095703125
Memory cached:  6.0
	 epoch  50 training error:  tensor(0.3805, grad_fn=<ToCopyBackward0>)
Memory status after this epoch: 
Memory allocated:  2.23095703125
Memory cached:  8.0
	 epoch  60 training error:  tensor(0.3596, grad_fn=<ToCopyBackward0>)
Memory status after this epoch: 
Memory allocated:  2.23095703125
Memory cached:  8.0
	 epoch  70 training error:  tensor(0.3408, grad_fn=<ToCopyBackward0>)
Memory status after this epoch: 
Memory allocated:  2.23095703125
Memory cached:  6.0
[W 2024-03-12 19:04:31,187] Trial 150 failed with parameters: {'log_learning_rate': -1.2733987943870502, 'log_learning_rate_D': -3.0813570488655944, 'log_learning_rate_D_dagger': -1.5509635351837368, 'training_batch_size': 8, 'training_p': 2, 'p_order_W': 5, 'p_order_D': 4, 'p_order_D_dagger': 3} because of the following error: The value nan is not acceptable.
[W 2024-03-12 19:04:31,187] Trial 150 failed with value tensor(nan, grad_fn=<ToCopyBackward0>).
Time for this trial:  168.34923696517944
Memory status after this trial: 
Memory allocated:  4.1298828125
Memory cached:  8.0
--------------------  Trial  151   --------------------
Start timing: 
Parameters: 
{'log_learning_rate': -1.3757590935847603, 'log_learning_rate_D': -2.9385033896936408, 'log_learning_rate_D_dagger': -1.6144357760716168, 'training_batch_size': 8, 'training_p': 2, 'p_order_W': 5, 'p_order_D': 4, 'p_order_D_dagger': 3}

	 epoch  0 training error:  tensor(45.8438, grad_fn=<ToCopyBackward0>)
Memory status after this epoch: 
Memory allocated:  2.23095703125
Memory cached:  6.0
	 epoch  10 training error:  tensor(0.9956, grad_fn=<ToCopyBackward0>)
Memory status after this epoch: 
Memory allocated:  2.23095703125
Memory cached:  8.0
	 epoch  20 training error:  tensor(0.7136, grad_fn=<ToCopyBackward0>)
Memory status after this epoch: 
Memory allocated:  2.23095703125
Memory cached:  6.0
	 epoch  30 training error:  tensor(0.4477, grad_fn=<ToCopyBackward0>)
Memory status after this epoch: 
Memory allocated:  2.23095703125
Memory cached:  8.0
	 epoch  40 training error:  tensor(0.3948, grad_fn=<ToCopyBackward0>)
Memory status after this epoch: 
Memory allocated:  2.23095703125
Memory cached:  6.0
	 epoch  50 training error:  tensor(0.3805, grad_fn=<ToCopyBackward0>)
Memory status after this epoch: 
Memory allocated:  2.23095703125
Memory cached:  8.0
	 epoch  60 training error:  tensor(0.3751, grad_fn=<ToCopyBackward0>)
Memory status after this epoch: 
Memory allocated:  2.23095703125
Memory cached:  8.0
	 epoch  70 training error:  tensor(0.3710, grad_fn=<ToCopyBackward0>)
Memory status after this epoch: 
Memory allocated:  2.23095703125
Memory cached:  6.0
	 epoch  80 training error:  tensor(0.3668, grad_fn=<ToCopyBackward0>)
Memory status after this epoch: 
Memory allocated:  2.23095703125
Memory cached:  8.0
	 epoch  90 training error:  tensor(0.3625, grad_fn=<ToCopyBackward0>)
Memory status after this epoch: 
Memory allocated:  2.23095703125
Memory cached:  8.0
[I 2024-03-12 19:08:09,809] Trial 151 finished with value: 0.3705059587955475 and parameters: {'log_learning_rate': -1.3757590935847603, 'log_learning_rate_D': -2.9385033896936408, 'log_learning_rate_D_dagger': -1.6144357760716168, 'training_batch_size': 8, 'training_p': 2, 'p_order_W': 5, 'p_order_D': 4, 'p_order_D_dagger': 3}. Best is trial 147 with value: 0.31300362944602966.
Time for this trial:  218.3576581478119
Memory status after this trial: 
Memory allocated:  4.1298828125
Memory cached:  6.0
--------------------  Trial  152   --------------------
Start timing: 
Parameters: 
{'log_learning_rate': -1.2869235063980204, 'log_learning_rate_D': -2.9242542230417055, 'log_learning_rate_D_dagger': -1.9007348329354776, 'training_batch_size': 9, 'training_p': 2, 'p_order_W': 5, 'p_order_D': 4, 'p_order_D_dagger': 3}

	 epoch  0 training error:  tensor(42.4392, grad_fn=<ToCopyBackward0>)
Memory status after this epoch: 
Memory allocated:  2.32861328125
Memory cached:  8.0
	 epoch  10 training error:  tensor(4.3385, grad_fn=<ToCopyBackward0>)
Memory status after this epoch: 
Memory allocated:  2.32861328125
Memory cached:  8.0
	 epoch  20 training error:  tensor(6.8813, grad_fn=<ToCopyBackward0>)
Memory status after this epoch: 
Memory allocated:  2.32861328125
Memory cached:  10.0
	 epoch  30 training error:  tensor(3.5850, grad_fn=<ToCopyBackward0>)
Memory status after this epoch: 
Memory allocated:  2.32861328125
Memory cached:  8.0
	 epoch  40 training error:  tensor(2.4956, grad_fn=<ToCopyBackward0>)
Memory status after this epoch: 
Memory allocated:  2.32861328125
Memory cached:  8.0
	 epoch  50 training error:  tensor(1.8386, grad_fn=<ToCopyBackward0>)
Memory status after this epoch: 
Memory allocated:  2.32861328125
Memory cached:  8.0
	 epoch  60 training error:  tensor(1.5647, grad_fn=<ToCopyBackward0>)
Memory status after this epoch: 
Memory allocated:  2.32861328125
Memory cached:  10.0
	 epoch  70 training error:  tensor(1.2811, grad_fn=<ToCopyBackward0>)
Memory status after this epoch: 
Memory allocated:  2.32861328125
Memory cached:  8.0
	 epoch  80 training error:  tensor(1.0563, grad_fn=<ToCopyBackward0>)
Memory status after this epoch: 
Memory allocated:  2.32861328125
Memory cached:  8.0
	 epoch  90 training error:  tensor(0.8564, grad_fn=<ToCopyBackward0>)
Memory status after this epoch: 
Memory allocated:  2.32861328125
Memory cached:  8.0
[I 2024-03-12 19:10:09,046] Trial 152 finished with value: 0.7373525500297546 and parameters: {'log_learning_rate': -1.2869235063980204, 'log_learning_rate_D': -2.9242542230417055, 'log_learning_rate_D_dagger': -1.9007348329354776, 'training_batch_size': 9, 'training_p': 2, 'p_order_W': 5, 'p_order_D': 4, 'p_order_D_dagger': 3}. Best is trial 147 with value: 0.31300362944602966.
Time for this trial:  118.96786761283875
Memory status after this trial: 
Memory allocated:  4.1298828125
Memory cached:  10.0
--------------------  Trial  153   --------------------
Start timing: 
Parameters: 
{'log_learning_rate': -1.5641760270699798, 'log_learning_rate_D': -2.788732561520372, 'log_learning_rate_D_dagger': -1.5461544900693305, 'training_batch_size': 8, 'training_p': 2, 'p_order_W': 5, 'p_order_D': 4, 'p_order_D_dagger': 3}

	 epoch  0 training error:  tensor(78.3575, grad_fn=<ToCopyBackward0>)
Memory status after this epoch: 
Memory allocated:  2.23095703125
Memory cached:  6.0
	 epoch  10 training error:  tensor(5.7746, grad_fn=<ToCopyBackward0>)
Memory status after this epoch: 
Memory allocated:  2.23095703125
Memory cached:  8.0
	 epoch  20 training error:  tensor(2.1605, grad_fn=<ToCopyBackward0>)
Memory status after this epoch: 
Memory allocated:  2.23095703125
Memory cached:  6.0
	 epoch  30 training error:  tensor(0.5123, grad_fn=<ToCopyBackward0>)
Memory status after this epoch: 
Memory allocated:  2.23095703125
Memory cached:  8.0
	 epoch  40 training error:  tensor(0.5304, grad_fn=<ToCopyBackward0>)
Memory status after this epoch: 
Memory allocated:  2.23095703125
Memory cached:  6.0
	 epoch  50 training error:  tensor(0.4735, grad_fn=<ToCopyBackward0>)
Memory status after this epoch: 
Memory allocated:  2.23095703125
Memory cached:  8.0
	 epoch  60 training error:  tensor(0.4507, grad_fn=<ToCopyBackward0>)
Memory status after this epoch: 
Memory allocated:  2.23095703125
Memory cached:  8.0
	 epoch  70 training error:  tensor(0.4453, grad_fn=<ToCopyBackward0>)
Memory status after this epoch: 
Memory allocated:  2.23095703125
Memory cached:  6.0
	 epoch  80 training error:  tensor(0.5075, grad_fn=<ToCopyBackward0>)
Memory status after this epoch: 
Memory allocated:  2.23095703125
Memory cached:  8.0
	 epoch  90 training error:  tensor(0.4226, grad_fn=<ToCopyBackward0>)
Memory status after this epoch: 
Memory allocated:  2.23095703125
Memory cached:  8.0
