[I 2024-01-03 20:17:50,072] Trial 109 finished with value: 0.09291505813598633 and parameters: {'W_layers': 3, 'W_layer_units_exponent_0': 5, 'W_layer_units_exponent_1': 8, 'W_layer_units_exponent_2': 6, 'D_layers': 2, 'D_layer_units_exponent_0': 9, 'D_layer_units_exponent_1': 5, 'D_dagger_layers': 8, 'D_dagger_layer_units_exponent_0': 5, 'D_dagger_layer_units_exponent_1': 10, 'D_dagger_layer_units_exponent_2': 7, 'D_dagger_layer_units_exponent_3': 9, 'D_dagger_layer_units_exponent_4': 9, 'D_dagger_layer_units_exponent_5': 6, 'D_dagger_layer_units_exponent_6': 9, 'D_dagger_layer_units_exponent_7': 5, 'log_learning_rate': -4.091881910079205, 'log_learning_rate_D': -2.927339949805338, 'log_learning_rate_D_dagger': -3.141077840326975, 'training_batch_size': 10, 'training_p': 5}. Best is trial 90 with value: 0.07920932024717331.
Time for this trial:  183.11975741386414
Memory status after this trial: 
Memory allocated:  428.427734375
Memory cached:  474.0
--------------------  Trial  110   --------------------
Start timing: 
Parameters: 
{'W_layers': 4, 'W_layer_units_exponent_0': 6, 'W_layer_units_exponent_1': 9, 'W_layer_units_exponent_2': 7, 'W_layer_units_exponent_3': 5, 'D_layers': 3, 'D_layer_units_exponent_0': 10, 'D_layer_units_exponent_1': 7, 'D_layer_units_exponent_2': 7, 'D_dagger_layers': 2, 'D_dagger_layer_units_exponent_0': 5, 'D_dagger_layer_units_exponent_1': 9, 'log_learning_rate': -4.217775653919151, 'log_learning_rate_D': -3.159000236768587, 'log_learning_rate_D_dagger': -3.5719458231045906, 'training_batch_size': 11, 'training_p': 5}
	 epoch  0 training error:  tensor(0.8645, device='cuda:0', grad_fn=<DivBackward0>)
Memory status after this epoch: 
Memory allocated:  230.60205078125
Memory cached:  482.0
	 epoch  10 training error:  tensor(0.5851, device='cuda:0', grad_fn=<DivBackward0>)
Memory status after this epoch: 
Memory allocated:  230.60205078125
Memory cached:  498.0
	 epoch  20 training error:  tensor(0.4871, device='cuda:0', grad_fn=<DivBackward0>)
Memory status after this epoch: 
Memory allocated:  230.60205078125
Memory cached:  500.0
	 epoch  30 training error:  tensor(0.3767, device='cuda:0', grad_fn=<DivBackward0>)
Memory status after this epoch: 
Memory allocated:  230.60205078125
Memory cached:  508.0
	 epoch  40 training error:  tensor(0.2723, device='cuda:0', grad_fn=<DivBackward0>)
Memory status after this epoch: 
Memory allocated:  230.60205078125
Memory cached:  498.0
	 epoch  50 training error:  tensor(0.2215, device='cuda:0', grad_fn=<DivBackward0>)
Memory status after this epoch: 
Memory allocated:  230.60205078125
Memory cached:  510.0
	 epoch  60 training error:  tensor(0.1979, device='cuda:0', grad_fn=<DivBackward0>)
Memory status after this epoch: 
Memory allocated:  230.60205078125
Memory cached:  500.0
	 epoch  70 training error:  tensor(0.1842, device='cuda:0', grad_fn=<DivBackward0>)
Memory status after this epoch: 
Memory allocated:  230.60205078125
Memory cached:  506.0
	 epoch  80 training error:  tensor(0.1685, device='cuda:0', grad_fn=<DivBackward0>)
Memory status after this epoch: 
Memory allocated:  230.60205078125
Memory cached:  508.0
	 epoch  90 training error:  tensor(0.1540, device='cuda:0', grad_fn=<DivBackward0>)
Memory status after this epoch: 
Memory allocated:  230.60205078125
Memory cached:  508.0
[I 2024-01-03 20:20:14,319] Trial 110 finished with value: 0.11920317262411118 and parameters: {'W_layers': 4, 'W_layer_units_exponent_0': 6, 'W_layer_units_exponent_1': 9, 'W_layer_units_exponent_2': 7, 'W_layer_units_exponent_3': 5, 'D_layers': 3, 'D_layer_units_exponent_0': 10, 'D_layer_units_exponent_1': 7, 'D_layer_units_exponent_2': 7, 'D_dagger_layers': 2, 'D_dagger_layer_units_exponent_0': 5, 'D_dagger_layer_units_exponent_1': 9, 'log_learning_rate': -4.217775653919151, 'log_learning_rate_D': -3.159000236768587, 'log_learning_rate_D_dagger': -3.5719458231045906, 'training_batch_size': 11, 'training_p': 5}. Best is trial 90 with value: 0.07920932024717331.
Time for this trial:  143.75029230117798
Memory status after this trial: 
Memory allocated:  359.7197265625
Memory cached:  478.0
--------------------  Trial  111   --------------------
Start timing: 
Parameters: 
{'W_layers': 4, 'W_layer_units_exponent_0': 7, 'W_layer_units_exponent_1': 8, 'W_layer_units_exponent_2': 5, 'W_layer_units_exponent_3': 6, 'D_layers': 2, 'D_layer_units_exponent_0': 10, 'D_layer_units_exponent_1': 5, 'D_dagger_layers': 7, 'D_dagger_layer_units_exponent_0': 4, 'D_dagger_layer_units_exponent_1': 10, 'D_dagger_layer_units_exponent_2': 8, 'D_dagger_layer_units_exponent_3': 8, 'D_dagger_layer_units_exponent_4': 7, 'D_dagger_layer_units_exponent_5': 5, 'D_dagger_layer_units_exponent_6': 10, 'log_learning_rate': -3.8311239949592926, 'log_learning_rate_D': -3.347981332011345, 'log_learning_rate_D_dagger': -3.7503553732222916, 'training_batch_size': 8, 'training_p': 6}
	 epoch  0 training error:  tensor(0.9667, device='cuda:0', grad_fn=<DivBackward0>)
Memory status after this epoch: 
Memory allocated:  234.04345703125
Memory cached:  490.0
	 epoch  10 training error:  tensor(0.4453, device='cuda:0', grad_fn=<DivBackward0>)
Memory status after this epoch: 
Memory allocated:  234.04345703125
Memory cached:  518.0
	 epoch  20 training error:  tensor(0.2524, device='cuda:0', grad_fn=<DivBackward0>)
Memory status after this epoch: 
Memory allocated:  234.04345703125
Memory cached:  514.0
	 epoch  30 training error:  tensor(0.1906, device='cuda:0', grad_fn=<DivBackward0>)
Memory status after this epoch: 
Memory allocated:  234.04345703125
Memory cached:  522.0
	 epoch  40 training error:  tensor(0.1638, device='cuda:0', grad_fn=<DivBackward0>)
Memory status after this epoch: 
Memory allocated:  234.04345703125
Memory cached:  520.0
	 epoch  50 training error:  tensor(0.1552, device='cuda:0', grad_fn=<DivBackward0>)
Memory status after this epoch: 
Memory allocated:  234.04345703125
Memory cached:  528.0
	 epoch  60 training error:  tensor(0.1461, device='cuda:0', grad_fn=<DivBackward0>)
Memory status after this epoch: 
Memory allocated:  234.04345703125
Memory cached:  526.0
	 epoch  70 training error:  tensor(0.1390, device='cuda:0', grad_fn=<DivBackward0>)
Memory status after this epoch: 
Memory allocated:  234.04345703125
Memory cached:  520.0
	 epoch  80 training error:  tensor(0.1309, device='cuda:0', grad_fn=<DivBackward0>)
Memory status after this epoch: 
Memory allocated:  234.04345703125
Memory cached:  522.0
	 epoch  90 training error:  tensor(0.1216, device='cuda:0', grad_fn=<DivBackward0>)
Memory status after this epoch: 
Memory allocated:  234.04345703125
Memory cached:  520.0
[I 2024-01-03 20:23:20,732] Trial 111 finished with value: 0.09180521965026855 and parameters: {'W_layers': 4, 'W_layer_units_exponent_0': 7, 'W_layer_units_exponent_1': 8, 'W_layer_units_exponent_2': 5, 'W_layer_units_exponent_3': 6, 'D_layers': 2, 'D_layer_units_exponent_0': 10, 'D_layer_units_exponent_1': 5, 'D_dagger_layers': 7, 'D_dagger_layer_units_exponent_0': 4, 'D_dagger_layer_units_exponent_1': 10, 'D_dagger_layer_units_exponent_2': 8, 'D_dagger_layer_units_exponent_3': 8, 'D_dagger_layer_units_exponent_4': 7, 'D_dagger_layer_units_exponent_5': 5, 'D_dagger_layer_units_exponent_6': 10, 'log_learning_rate': -3.8311239949592926, 'log_learning_rate_D': -3.347981332011345, 'log_learning_rate_D_dagger': -3.7503553732222916, 'training_batch_size': 8, 'training_p': 6}. Best is trial 90 with value: 0.07920932024717331.
Time for this trial:  185.87201189994812
Memory status after this trial: 
Memory allocated:  449.736328125
Memory cached:  502.0
--------------------  Trial  112   --------------------
Start timing: 
Parameters: 
{'W_layers': 4, 'W_layer_units_exponent_0': 6, 'W_layer_units_exponent_1': 9, 'W_layer_units_exponent_2': 6, 'W_layer_units_exponent_3': 5, 'D_layers': 3, 'D_layer_units_exponent_0': 9, 'D_layer_units_exponent_1': 4, 'D_layer_units_exponent_2': 10, 'D_dagger_layers': 8, 'D_dagger_layer_units_exponent_0': 4, 'D_dagger_layer_units_exponent_1': 10, 'D_dagger_layer_units_exponent_2': 7, 'D_dagger_layer_units_exponent_3': 9, 'D_dagger_layer_units_exponent_4': 8, 'D_dagger_layer_units_exponent_5': 6, 'D_dagger_layer_units_exponent_6': 10, 'D_dagger_layer_units_exponent_7': 4, 'log_learning_rate': -3.6663268115636107, 'log_learning_rate_D': -2.955718128596698, 'log_learning_rate_D_dagger': -3.4139587796282944, 'training_batch_size': 10, 'training_p': 2}
	 epoch  0 training error:  tensor(1.0480, device='cuda:0', grad_fn=<DivBackward0>)
Memory status after this epoch: 
Memory allocated:  234.71728515625
Memory cached:  484.0
	 epoch  10 training error:  tensor(0.2585, device='cuda:0', grad_fn=<DivBackward0>)
Memory status after this epoch: 
Memory allocated:  234.71728515625
Memory cached:  538.0
	 epoch  20 training error:  tensor(0.1770, device='cuda:0', grad_fn=<DivBackward0>)
Memory status after this epoch: 
Memory allocated:  234.71728515625
Memory cached:  538.0
	 epoch  30 training error:  tensor(0.1258, device='cuda:0', grad_fn=<DivBackward0>)
Memory status after this epoch: 
Memory allocated:  234.71728515625
Memory cached:  518.0
	 epoch  40 training error:  tensor(0.1106, device='cuda:0', grad_fn=<DivBackward0>)
Memory status after this epoch: 
Memory allocated:  234.71728515625
Memory cached:  532.0
	 epoch  50 training error:  tensor(0.0939, device='cuda:0', grad_fn=<DivBackward0>)
Memory status after this epoch: 
Memory allocated:  234.71728515625
Memory cached:  534.0
	 epoch  60 training error:  tensor(0.0828, device='cuda:0', grad_fn=<DivBackward0>)
Memory status after this epoch: 
Memory allocated:  234.71728515625
Memory cached:  530.0
	 epoch  70 training error:  tensor(0.0756, device='cuda:0', grad_fn=<DivBackward0>)
Memory status after this epoch: 
Memory allocated:  234.71728515625
Memory cached:  534.0
	 epoch  80 training error:  tensor(0.1212, device='cuda:0', grad_fn=<DivBackward0>)
Memory status after this epoch: 
Memory allocated:  234.71728515625
Memory cached:  532.0
	 epoch  90 training error:  tensor(0.0857, device='cuda:0', grad_fn=<DivBackward0>)
Memory status after this epoch: 
Memory allocated:  234.71728515625
Memory cached:  530.0
[I 2024-01-03 20:26:50,011] Trial 112 finished with value: 0.08045410364866257 and parameters: {'W_layers': 4, 'W_layer_units_exponent_0': 6, 'W_layer_units_exponent_1': 9, 'W_layer_units_exponent_2': 6, 'W_layer_units_exponent_3': 5, 'D_layers': 3, 'D_layer_units_exponent_0': 9, 'D_layer_units_exponent_1': 4, 'D_layer_units_exponent_2': 10, 'D_dagger_layers': 8, 'D_dagger_layer_units_exponent_0': 4, 'D_dagger_layer_units_exponent_1': 10, 'D_dagger_layer_units_exponent_2': 7, 'D_dagger_layer_units_exponent_3': 9, 'D_dagger_layer_units_exponent_4': 8, 'D_dagger_layer_units_exponent_5': 6, 'D_dagger_layer_units_exponent_6': 10, 'D_dagger_layer_units_exponent_7': 4, 'log_learning_rate': -3.6663268115636107, 'log_learning_rate_D': -2.955718128596698, 'log_learning_rate_D_dagger': -3.4139587796282944, 'training_batch_size': 10, 'training_p': 2}. Best is trial 90 with value: 0.07920932024717331.
Time for this trial:  208.80667686462402
Memory status after this trial: 
Memory allocated:  503.54443359375
Memory cached:  508.0
--------------------  Trial  113   --------------------
Start timing: 
Parameters: 
{'W_layers': 4, 'W_layer_units_exponent_0': 6, 'W_layer_units_exponent_1': 9, 'W_layer_units_exponent_2': 6, 'W_layer_units_exponent_3': 5, 'D_layers': 3, 'D_layer_units_exponent_0': 9, 'D_layer_units_exponent_1': 4, 'D_layer_units_exponent_2': 10, 'D_dagger_layers': 8, 'D_dagger_layer_units_exponent_0': 4, 'D_dagger_layer_units_exponent_1': 10, 'D_dagger_layer_units_exponent_2': 7, 'D_dagger_layer_units_exponent_3': 9, 'D_dagger_layer_units_exponent_4': 8, 'D_dagger_layer_units_exponent_5': 6, 'D_dagger_layer_units_exponent_6': 10, 'D_dagger_layer_units_exponent_7': 4, 'log_learning_rate': -3.7247128359865562, 'log_learning_rate_D': -3.029792931531492, 'log_learning_rate_D_dagger': -3.313487974236487, 'training_batch_size': 10, 'training_p': 2}
	 epoch  0 training error:  tensor(1.0818, device='cuda:0', grad_fn=<DivBackward0>)
Memory status after this epoch: 
Memory allocated:  234.71728515625
Memory cached:  486.0
	 epoch  10 training error:  tensor(0.2751, device='cuda:0', grad_fn=<DivBackward0>)
Memory status after this epoch: 
Memory allocated:  234.71728515625
Memory cached:  532.0
	 epoch  20 training error:  tensor(0.1855, device='cuda:0', grad_fn=<DivBackward0>)
Memory status after this epoch: 
Memory allocated:  234.71728515625
Memory cached:  528.0
	 epoch  30 training error:  tensor(0.1245, device='cuda:0', grad_fn=<DivBackward0>)
Memory status after this epoch: 
Memory allocated:  234.71728515625
Memory cached:  530.0
	 epoch  40 training error:  tensor(0.0979, device='cuda:0', grad_fn=<DivBackward0>)
Memory status after this epoch: 
Memory allocated:  234.71728515625
Memory cached:  526.0
	 epoch  50 training error:  tensor(0.0941, device='cuda:0', grad_fn=<DivBackward0>)
Memory status after this epoch: 
Memory allocated:  234.71728515625
Memory cached:  526.0
	 epoch  60 training error:  tensor(0.0868, device='cuda:0', grad_fn=<DivBackward0>)
Memory status after this epoch: 
Memory allocated:  234.71728515625
Memory cached:  536.0
	 epoch  70 training error:  tensor(0.0816, device='cuda:0', grad_fn=<DivBackward0>)
Memory status after this epoch: 
Memory allocated:  234.71728515625
Memory cached:  532.0
	 epoch  80 training error:  tensor(0.0809, device='cuda:0', grad_fn=<DivBackward0>)
Memory status after this epoch: 
Memory allocated:  234.71728515625
Memory cached:  536.0
	 epoch  90 training error:  tensor(0.0808, device='cuda:0', grad_fn=<DivBackward0>)
Memory status after this epoch: 
Memory allocated:  234.71728515625
Memory cached:  528.0
[I 2024-01-03 20:30:20,059] Trial 113 finished with value: 0.08419209718704224 and parameters: {'W_layers': 4, 'W_layer_units_exponent_0': 6, 'W_layer_units_exponent_1': 9, 'W_layer_units_exponent_2': 6, 'W_layer_units_exponent_3': 5, 'D_layers': 3, 'D_layer_units_exponent_0': 9, 'D_layer_units_exponent_1': 4, 'D_layer_units_exponent_2': 10, 'D_dagger_layers': 8, 'D_dagger_layer_units_exponent_0': 4, 'D_dagger_layer_units_exponent_1': 10, 'D_dagger_layer_units_exponent_2': 7, 'D_dagger_layer_units_exponent_3': 9, 'D_dagger_layer_units_exponent_4': 8, 'D_dagger_layer_units_exponent_5': 6, 'D_dagger_layer_units_exponent_6': 10, 'D_dagger_layer_units_exponent_7': 4, 'log_learning_rate': -3.7247128359865562, 'log_learning_rate_D': -3.029792931531492, 'log_learning_rate_D_dagger': -3.313487974236487, 'training_batch_size': 10, 'training_p': 2}. Best is trial 90 with value: 0.07920932024717331.
Time for this trial:  209.58985376358032
Memory status after this trial: 
Memory allocated:  503.54443359375
Memory cached:  514.0
--------------------  Trial  114   --------------------
Start timing: 
Parameters: 
{'W_layers': 4, 'W_layer_units_exponent_0': 6, 'W_layer_units_exponent_1': 9, 'W_layer_units_exponent_2': 6, 'W_layer_units_exponent_3': 4, 'D_layers': 3, 'D_layer_units_exponent_0': 9, 'D_layer_units_exponent_1': 4, 'D_layer_units_exponent_2': 10, 'D_dagger_layers': 8, 'D_dagger_layer_units_exponent_0': 4, 'D_dagger_layer_units_exponent_1': 10, 'D_dagger_layer_units_exponent_2': 7, 'D_dagger_layer_units_exponent_3': 9, 'D_dagger_layer_units_exponent_4': 8, 'D_dagger_layer_units_exponent_5': 6, 'D_dagger_layer_units_exponent_6': 10, 'D_dagger_layer_units_exponent_7': 4, 'log_learning_rate': -3.74441202673318, 'log_learning_rate_D': -2.9953314553897235, 'log_learning_rate_D_dagger': -3.299268477730523, 'training_batch_size': 10, 'training_p': 2}
	 epoch  0 training error:  tensor(0.8387, device='cuda:0', grad_fn=<DivBackward0>)
Memory status after this epoch: 
Memory allocated:  234.70166015625
Memory cached:  484.0
	 epoch  10 training error:  tensor(0.2947, device='cuda:0', grad_fn=<DivBackward0>)
Memory status after this epoch: 
Memory allocated:  234.70166015625
Memory cached:  544.0
	 epoch  20 training error:  tensor(0.1868, device='cuda:0', grad_fn=<DivBackward0>)
Memory status after this epoch: 
Memory allocated:  234.70166015625
Memory cached:  534.0
	 epoch  30 training error:  tensor(0.1277, device='cuda:0', grad_fn=<DivBackward0>)
Memory status after this epoch: 
Memory allocated:  234.70166015625
Memory cached:  534.0
	 epoch  40 training error:  tensor(0.0911, device='cuda:0', grad_fn=<DivBackward0>)
Memory status after this epoch: 
Memory allocated:  234.70166015625
Memory cached:  528.0
	 epoch  50 training error:  tensor(0.0880, device='cuda:0', grad_fn=<DivBackward0>)
Memory status after this epoch: 
Memory allocated:  234.70166015625
Memory cached:  530.0
	 epoch  60 training error:  tensor(0.0872, device='cuda:0', grad_fn=<DivBackward0>)
Memory status after this epoch: 
Memory allocated:  234.70166015625
Memory cached:  524.0
	 epoch  70 training error:  tensor(0.0816, device='cuda:0', grad_fn=<DivBackward0>)
Memory status after this epoch: 
Memory allocated:  234.70166015625
Memory cached:  532.0
	 epoch  80 training error:  tensor(0.0805, device='cuda:0', grad_fn=<DivBackward0>)
Memory status after this epoch: 
Memory allocated:  234.70166015625
Memory cached:  524.0
	 epoch  90 training error:  tensor(0.0823, device='cuda:0', grad_fn=<DivBackward0>)
Memory status after this epoch: 
Memory allocated:  234.70166015625
Memory cached:  526.0
[I 2024-01-03 20:33:50,326] Trial 114 finished with value: 0.08481579273939133 and parameters: {'W_layers': 4, 'W_layer_units_exponent_0': 6, 'W_layer_units_exponent_1': 9, 'W_layer_units_exponent_2': 6, 'W_layer_units_exponent_3': 4, 'D_layers': 3, 'D_layer_units_exponent_0': 9, 'D_layer_units_exponent_1': 4, 'D_layer_units_exponent_2': 10, 'D_dagger_layers': 8, 'D_dagger_layer_units_exponent_0': 4, 'D_dagger_layer_units_exponent_1': 10, 'D_dagger_layer_units_exponent_2': 7, 'D_dagger_layer_units_exponent_3': 9, 'D_dagger_layer_units_exponent_4': 8, 'D_dagger_layer_units_exponent_5': 6, 'D_dagger_layer_units_exponent_6': 10, 'D_dagger_layer_units_exponent_7': 4, 'log_learning_rate': -3.74441202673318, 'log_learning_rate_D': -2.9953314553897235, 'log_learning_rate_D_dagger': -3.299268477730523, 'training_batch_size': 10, 'training_p': 2}. Best is trial 90 with value: 0.07920932024717331.
Time for this trial:  209.80883026123047
Memory status after this trial: 
Memory allocated:  502.95068359375
Memory cached:  508.0
--------------------  Trial  115   --------------------
Start timing: 
Parameters: 
{'W_layers': 3, 'W_layer_units_exponent_0': 7, 'W_layer_units_exponent_1': 9, 'W_layer_units_exponent_2': 5, 'D_layers': 3, 'D_layer_units_exponent_0': 8, 'D_layer_units_exponent_1': 4, 'D_layer_units_exponent_2': 10, 'D_dagger_layers': 8, 'D_dagger_layer_units_exponent_0': 4, 'D_dagger_layer_units_exponent_1': 10, 'D_dagger_layer_units_exponent_2': 7, 'D_dagger_layer_units_exponent_3': 10, 'D_dagger_layer_units_exponent_4': 9, 'D_dagger_layer_units_exponent_5': 6, 'D_dagger_layer_units_exponent_6': 10, 'D_dagger_layer_units_exponent_7': 5, 'log_learning_rate': -3.6019523137200555, 'log_learning_rate_D': -2.8808703428158724, 'log_learning_rate_D_dagger': -3.401263268083595, 'training_batch_size': 10, 'training_p': 2}
	 epoch  0 training error:  tensor(0.9727, device='cuda:0', grad_fn=<DivBackward0>)
Memory status after this epoch: 
Memory allocated:  242.36376953125
Memory cached:  506.0
	 epoch  10 training error:  tensor(0.2972, device='cuda:0', grad_fn=<DivBackward0>)
Memory status after this epoch: 
Memory allocated:  242.36376953125
Memory cached:  544.0
	 epoch  20 training error:  tensor(0.1516, device='cuda:0', grad_fn=<DivBackward0>)
Memory status after this epoch: 
Memory allocated:  242.36376953125
Memory cached:  550.0
	 epoch  30 training error:  tensor(0.1167, device='cuda:0', grad_fn=<DivBackward0>)
Memory status after this epoch: 
Memory allocated:  242.36376953125
Memory cached:  544.0
	 epoch  40 training error:  tensor(0.1183, device='cuda:0', grad_fn=<DivBackward0>)
Memory status after this epoch: 
Memory allocated:  242.36376953125
Memory cached:  548.0
	 epoch  50 training error:  tensor(0.0945, device='cuda:0', grad_fn=<DivBackward0>)
Memory status after this epoch: 
Memory allocated:  242.36376953125
Memory cached:  550.0
	 epoch  60 training error:  tensor(0.0873, device='cuda:0', grad_fn=<DivBackward0>)
Memory status after this epoch: 
Memory allocated:  242.36376953125
Memory cached:  548.0
	 epoch  70 training error:  tensor(0.0858, device='cuda:0', grad_fn=<DivBackward0>)
Memory status after this epoch: 
Memory allocated:  242.36376953125
Memory cached:  538.0
	 epoch  80 training error:  tensor(0.0870, device='cuda:0', grad_fn=<DivBackward0>)
Memory status after this epoch: 
Memory allocated:  242.36376953125
Memory cached:  534.0
	 epoch  90 training error:  tensor(0.0827, device='cuda:0', grad_fn=<DivBackward0>)
Memory status after this epoch: 
Memory allocated:  242.36376953125
Memory cached:  540.0
