[I 2024-01-03 22:45:43,141] Trial 150 finished with value: 0.0774216577410698 and parameters: {'W_layers': 5, 'W_layer_units_exponent_0': 7, 'W_layer_units_exponent_1': 10, 'W_layer_units_exponent_2': 8, 'W_layer_units_exponent_3': 6, 'W_layer_units_exponent_4': 10, 'D_layers': 5, 'D_layer_units_exponent_0': 10, 'D_layer_units_exponent_1': 5, 'D_layer_units_exponent_2': 10, 'D_layer_units_exponent_3': 4, 'D_layer_units_exponent_4': 5, 'D_dagger_layers': 7, 'D_dagger_layer_units_exponent_0': 5, 'D_dagger_layer_units_exponent_1': 10, 'D_dagger_layer_units_exponent_2': 8, 'D_dagger_layer_units_exponent_3': 8, 'D_dagger_layer_units_exponent_4': 7, 'D_dagger_layer_units_exponent_5': 7, 'D_dagger_layer_units_exponent_6': 5, 'log_learning_rate': -3.5112070588538984, 'log_learning_rate_D': -2.727334904989038, 'log_learning_rate_D_dagger': -3.8304109289442048, 'training_batch_size': 10, 'training_p': 3}. Best is trial 127 with value: 0.07626055181026459.
Time for this trial:  235.33985924720764
Memory status after this trial: 
Memory allocated:  620.23486328125
Memory cached:  628.0
--------------------  Trial  151   --------------------
Start timing: 
Parameters: 
{'W_layers': 5, 'W_layer_units_exponent_0': 7, 'W_layer_units_exponent_1': 10, 'W_layer_units_exponent_2': 8, 'W_layer_units_exponent_3': 6, 'W_layer_units_exponent_4': 10, 'D_layers': 5, 'D_layer_units_exponent_0': 10, 'D_layer_units_exponent_1': 5, 'D_layer_units_exponent_2': 10, 'D_layer_units_exponent_3': 4, 'D_layer_units_exponent_4': 5, 'D_dagger_layers': 7, 'D_dagger_layer_units_exponent_0': 5, 'D_dagger_layer_units_exponent_1': 10, 'D_dagger_layer_units_exponent_2': 8, 'D_dagger_layer_units_exponent_3': 8, 'D_dagger_layer_units_exponent_4': 7, 'D_dagger_layer_units_exponent_5': 7, 'D_dagger_layer_units_exponent_6': 5, 'log_learning_rate': -3.5130524272675197, 'log_learning_rate_D': -2.7358149839075057, 'log_learning_rate_D_dagger': -3.8139329688908448, 'training_batch_size': 10, 'training_p': 3}
	 epoch  0 training error:  tensor(0.9619, device='cuda:0', grad_fn=<DivBackward0>)
Memory status after this epoch: 
Memory allocated:  290.646484375
Memory cached:  502.0
	 epoch  10 training error:  tensor(0.5547, device='cuda:0', grad_fn=<DivBackward0>)
Memory status after this epoch: 
Memory allocated:  290.646484375
Memory cached:  536.0
	 epoch  20 training error:  tensor(0.2029, device='cuda:0', grad_fn=<DivBackward0>)
Memory status after this epoch: 
Memory allocated:  290.646484375
Memory cached:  538.0
	 epoch  30 training error:  tensor(0.1759, device='cuda:0', grad_fn=<DivBackward0>)
Memory status after this epoch: 
Memory allocated:  290.646484375
Memory cached:  528.0
	 epoch  40 training error:  tensor(0.1468, device='cuda:0', grad_fn=<DivBackward0>)
Memory status after this epoch: 
Memory allocated:  290.646484375
Memory cached:  540.0
	 epoch  50 training error:  tensor(0.1298, device='cuda:0', grad_fn=<DivBackward0>)
Memory status after this epoch: 
Memory allocated:  290.646484375
Memory cached:  540.0
	 epoch  60 training error:  tensor(0.1109, device='cuda:0', grad_fn=<DivBackward0>)
Memory status after this epoch: 
Memory allocated:  290.646484375
Memory cached:  532.0
	 epoch  70 training error:  tensor(0.1031, device='cuda:0', grad_fn=<DivBackward0>)
Memory status after this epoch: 
Memory allocated:  290.646484375
Memory cached:  532.0
	 epoch  80 training error:  tensor(0.0949, device='cuda:0', grad_fn=<DivBackward0>)
Memory status after this epoch: 
Memory allocated:  290.646484375
Memory cached:  534.0
	 epoch  90 training error:  tensor(0.0968, device='cuda:0', grad_fn=<DivBackward0>)
Memory status after this epoch: 
Memory allocated:  290.646484375
Memory cached:  534.0
[I 2024-01-03 22:49:39,345] Trial 151 finished with value: 0.08637586236000061 and parameters: {'W_layers': 5, 'W_layer_units_exponent_0': 7, 'W_layer_units_exponent_1': 10, 'W_layer_units_exponent_2': 8, 'W_layer_units_exponent_3': 6, 'W_layer_units_exponent_4': 10, 'D_layers': 5, 'D_layer_units_exponent_0': 10, 'D_layer_units_exponent_1': 5, 'D_layer_units_exponent_2': 10, 'D_layer_units_exponent_3': 4, 'D_layer_units_exponent_4': 5, 'D_dagger_layers': 7, 'D_dagger_layer_units_exponent_0': 5, 'D_dagger_layer_units_exponent_1': 10, 'D_dagger_layer_units_exponent_2': 8, 'D_dagger_layer_units_exponent_3': 8, 'D_dagger_layer_units_exponent_4': 7, 'D_dagger_layer_units_exponent_5': 7, 'D_dagger_layer_units_exponent_6': 5, 'log_learning_rate': -3.5130524272675197, 'log_learning_rate_D': -2.7358149839075057, 'log_learning_rate_D_dagger': -3.8139329688908448, 'training_batch_size': 10, 'training_p': 3}. Best is trial 127 with value: 0.07626055181026459.
Time for this trial:  235.6545171737671
Memory status after this trial: 
Memory allocated:  620.23486328125
Memory cached:  628.0
--------------------  Trial  152   --------------------
Start timing: 
Parameters: 
{'W_layers': 5, 'W_layer_units_exponent_0': 7, 'W_layer_units_exponent_1': 10, 'W_layer_units_exponent_2': 8, 'W_layer_units_exponent_3': 6, 'W_layer_units_exponent_4': 10, 'D_layers': 4, 'D_layer_units_exponent_0': 10, 'D_layer_units_exponent_1': 5, 'D_layer_units_exponent_2': 10, 'D_layer_units_exponent_3': 4, 'D_dagger_layers': 7, 'D_dagger_layer_units_exponent_0': 5, 'D_dagger_layer_units_exponent_1': 10, 'D_dagger_layer_units_exponent_2': 8, 'D_dagger_layer_units_exponent_3': 8, 'D_dagger_layer_units_exponent_4': 6, 'D_dagger_layer_units_exponent_5': 7, 'D_dagger_layer_units_exponent_6': 5, 'log_learning_rate': -3.486682696817206, 'log_learning_rate_D': -2.662151810870847, 'log_learning_rate_D_dagger': -3.8514366039148618, 'training_batch_size': 10, 'training_p': 3}
	 epoch  0 training error:  tensor(1.0325, device='cuda:0', grad_fn=<DivBackward0>)
Memory status after this epoch: 
Memory allocated:  290.26171875
Memory cached:  504.0
	 epoch  10 training error:  tensor(0.5617, device='cuda:0', grad_fn=<DivBackward0>)
Memory status after this epoch: 
Memory allocated:  290.26171875
Memory cached:  530.0
	 epoch  20 training error:  tensor(0.2076, device='cuda:0', grad_fn=<DivBackward0>)
Memory status after this epoch: 
Memory allocated:  290.26171875
Memory cached:  544.0
	 epoch  30 training error:  tensor(0.1916, device='cuda:0', grad_fn=<DivBackward0>)
Memory status after this epoch: 
Memory allocated:  290.26171875
Memory cached:  548.0
	 epoch  40 training error:  tensor(0.1604, device='cuda:0', grad_fn=<DivBackward0>)
Memory status after this epoch: 
Memory allocated:  290.26171875
Memory cached:  532.0
	 epoch  50 training error:  tensor(0.1426, device='cuda:0', grad_fn=<DivBackward0>)
Memory status after this epoch: 
Memory allocated:  290.26171875
Memory cached:  534.0
	 epoch  60 training error:  tensor(0.1313, device='cuda:0', grad_fn=<DivBackward0>)
Memory status after this epoch: 
Memory allocated:  290.26171875
Memory cached:  542.0
	 epoch  70 training error:  tensor(0.1211, device='cuda:0', grad_fn=<DivBackward0>)
Memory status after this epoch: 
Memory allocated:  290.26171875
Memory cached:  538.0
	 epoch  80 training error:  tensor(0.1246, device='cuda:0', grad_fn=<DivBackward0>)
Memory status after this epoch: 
Memory allocated:  290.26171875
Memory cached:  532.0
	 epoch  90 training error:  tensor(0.1068, device='cuda:0', grad_fn=<DivBackward0>)
Memory status after this epoch: 
Memory allocated:  290.26171875
Memory cached:  542.0
[I 2024-01-03 22:53:28,089] Trial 152 finished with value: 0.08845362812280655 and parameters: {'W_layers': 5, 'W_layer_units_exponent_0': 7, 'W_layer_units_exponent_1': 10, 'W_layer_units_exponent_2': 8, 'W_layer_units_exponent_3': 6, 'W_layer_units_exponent_4': 10, 'D_layers': 4, 'D_layer_units_exponent_0': 10, 'D_layer_units_exponent_1': 5, 'D_layer_units_exponent_2': 10, 'D_layer_units_exponent_3': 4, 'D_dagger_layers': 7, 'D_dagger_layer_units_exponent_0': 5, 'D_dagger_layer_units_exponent_1': 10, 'D_dagger_layer_units_exponent_2': 8, 'D_dagger_layer_units_exponent_3': 8, 'D_dagger_layer_units_exponent_4': 6, 'D_dagger_layer_units_exponent_5': 7, 'D_dagger_layer_units_exponent_6': 5, 'log_learning_rate': -3.486682696817206, 'log_learning_rate_D': -2.662151810870847, 'log_learning_rate_D_dagger': -3.8514366039148618, 'training_batch_size': 10, 'training_p': 3}. Best is trial 127 with value: 0.07626055181026459.
Time for this trial:  228.19806790351868
Memory status after this trial: 
Memory allocated:  615.029296875
Memory cached:  624.0
--------------------  Trial  153   --------------------
Start timing: 
Parameters: 
{'W_layers': 5, 'W_layer_units_exponent_0': 7, 'W_layer_units_exponent_1': 10, 'W_layer_units_exponent_2': 8, 'W_layer_units_exponent_3': 6, 'W_layer_units_exponent_4': 10, 'D_layers': 4, 'D_layer_units_exponent_0': 10, 'D_layer_units_exponent_1': 5, 'D_layer_units_exponent_2': 10, 'D_layer_units_exponent_3': 4, 'D_dagger_layers': 7, 'D_dagger_layer_units_exponent_0': 5, 'D_dagger_layer_units_exponent_1': 5, 'D_dagger_layer_units_exponent_2': 8, 'D_dagger_layer_units_exponent_3': 8, 'D_dagger_layer_units_exponent_4': 8, 'D_dagger_layer_units_exponent_5': 7, 'D_dagger_layer_units_exponent_6': 5, 'log_learning_rate': -3.350270578489942, 'log_learning_rate_D': -2.4444755788173973, 'log_learning_rate_D_dagger': -3.7365260507173415, 'training_batch_size': 10, 'training_p': 3}
	 epoch  0 training error:  tensor(1.0128, device='cuda:0', grad_fn=<DivBackward0>)
Memory status after this epoch: 
Memory allocated:  287.015625
Memory cached:  502.0
	 epoch  10 training error:  tensor(0.6259, device='cuda:0', grad_fn=<DivBackward0>)
Memory status after this epoch: 
Memory allocated:  287.015625
Memory cached:  536.0
	 epoch  20 training error:  tensor(0.3528, device='cuda:0', grad_fn=<DivBackward0>)
Memory status after this epoch: 
Memory allocated:  287.015625
Memory cached:  544.0
	 epoch  30 training error:  tensor(0.2147, device='cuda:0', grad_fn=<DivBackward0>)
Memory status after this epoch: 
Memory allocated:  287.015625
Memory cached:  538.0
	 epoch  40 training error:  tensor(0.1575, device='cuda:0', grad_fn=<DivBackward0>)
Memory status after this epoch: 
Memory allocated:  287.015625
Memory cached:  538.0
	 epoch  50 training error:  tensor(0.1486, device='cuda:0', grad_fn=<DivBackward0>)
Memory status after this epoch: 
Memory allocated:  287.015625
Memory cached:  534.0
	 epoch  60 training error:  tensor(0.1396, device='cuda:0', grad_fn=<DivBackward0>)
Memory status after this epoch: 
Memory allocated:  287.015625
Memory cached:  542.0
	 epoch  70 training error:  tensor(0.1363, device='cuda:0', grad_fn=<DivBackward0>)
Memory status after this epoch: 
Memory allocated:  287.015625
Memory cached:  544.0
	 epoch  80 training error:  tensor(0.1314, device='cuda:0', grad_fn=<DivBackward0>)
Memory status after this epoch: 
Memory allocated:  287.015625
Memory cached:  538.0
	 epoch  90 training error:  tensor(0.1255, device='cuda:0', grad_fn=<DivBackward0>)
Memory status after this epoch: 
Memory allocated:  287.015625
Memory cached:  536.0
[I 2024-01-03 22:57:10,113] Trial 153 finished with value: 0.10624652355909348 and parameters: {'W_layers': 5, 'W_layer_units_exponent_0': 7, 'W_layer_units_exponent_1': 10, 'W_layer_units_exponent_2': 8, 'W_layer_units_exponent_3': 6, 'W_layer_units_exponent_4': 10, 'D_layers': 4, 'D_layer_units_exponent_0': 10, 'D_layer_units_exponent_1': 5, 'D_layer_units_exponent_2': 10, 'D_layer_units_exponent_3': 4, 'D_dagger_layers': 7, 'D_dagger_layer_units_exponent_0': 5, 'D_dagger_layer_units_exponent_1': 5, 'D_dagger_layer_units_exponent_2': 8, 'D_dagger_layer_units_exponent_3': 8, 'D_dagger_layer_units_exponent_4': 8, 'D_dagger_layer_units_exponent_5': 7, 'D_dagger_layer_units_exponent_6': 5, 'log_learning_rate': -3.350270578489942, 'log_learning_rate_D': -2.4444755788173973, 'log_learning_rate_D_dagger': -3.7365260507173415, 'training_batch_size': 10, 'training_p': 3}. Best is trial 127 with value: 0.07626055181026459.
Time for this trial:  221.54907035827637
Memory status after this trial: 
Memory allocated:  570.681640625
Memory cached:  578.0
--------------------  Trial  154   --------------------
Start timing: 
Parameters: 
{'W_layers': 5, 'W_layer_units_exponent_0': 7, 'W_layer_units_exponent_1': 10, 'W_layer_units_exponent_2': 8, 'W_layer_units_exponent_3': 6, 'W_layer_units_exponent_4': 10, 'D_layers': 4, 'D_layer_units_exponent_0': 10, 'D_layer_units_exponent_1': 5, 'D_layer_units_exponent_2': 10, 'D_layer_units_exponent_3': 4, 'D_dagger_layers': 7, 'D_dagger_layer_units_exponent_0': 5, 'D_dagger_layer_units_exponent_1': 10, 'D_dagger_layer_units_exponent_2': 8, 'D_dagger_layer_units_exponent_3': 8, 'D_dagger_layer_units_exponent_4': 7, 'D_dagger_layer_units_exponent_5': 7, 'D_dagger_layer_units_exponent_6': 4, 'log_learning_rate': -3.269412374928156, 'log_learning_rate_D': -2.8101357616980676, 'log_learning_rate_D_dagger': -3.918022154856498, 'training_batch_size': 10, 'training_p': 3}
	 epoch  0 training error:  tensor(0.9005, device='cuda:0', grad_fn=<DivBackward0>)
Memory status after this epoch: 
Memory allocated:  290.60546875
Memory cached:  502.0
	 epoch  10 training error:  tensor(0.6447, device='cuda:0', grad_fn=<DivBackward0>)
Memory status after this epoch: 
Memory allocated:  290.60546875
Memory cached:  540.0
	 epoch  20 training error:  tensor(0.3896, device='cuda:0', grad_fn=<DivBackward0>)
Memory status after this epoch: 
Memory allocated:  290.60546875
Memory cached:  528.0
	 epoch  30 training error:  tensor(0.2501, device='cuda:0', grad_fn=<DivBackward0>)
Memory status after this epoch: 
Memory allocated:  290.60546875
Memory cached:  530.0
	 epoch  40 training error:  tensor(0.1934, device='cuda:0', grad_fn=<DivBackward0>)
Memory status after this epoch: 
Memory allocated:  290.60546875
Memory cached:  536.0
	 epoch  50 training error:  tensor(0.1651, device='cuda:0', grad_fn=<DivBackward0>)
Memory status after this epoch: 
Memory allocated:  290.60546875
Memory cached:  524.0
	 epoch  60 training error:  tensor(0.1460, device='cuda:0', grad_fn=<DivBackward0>)
Memory status after this epoch: 
Memory allocated:  290.60546875
Memory cached:  528.0
	 epoch  70 training error:  tensor(0.1332, device='cuda:0', grad_fn=<DivBackward0>)
Memory status after this epoch: 
Memory allocated:  290.60546875
Memory cached:  538.0
	 epoch  80 training error:  tensor(0.1251, device='cuda:0', grad_fn=<DivBackward0>)
Memory status after this epoch: 
Memory allocated:  290.60546875
Memory cached:  530.0
	 epoch  90 training error:  tensor(0.1184, device='cuda:0', grad_fn=<DivBackward0>)
Memory status after this epoch: 
Memory allocated:  290.60546875
Memory cached:  544.0
[I 2024-01-03 23:00:58,076] Trial 154 finished with value: 0.09882133454084396 and parameters: {'W_layers': 5, 'W_layer_units_exponent_0': 7, 'W_layer_units_exponent_1': 10, 'W_layer_units_exponent_2': 8, 'W_layer_units_exponent_3': 6, 'W_layer_units_exponent_4': 10, 'D_layers': 4, 'D_layer_units_exponent_0': 10, 'D_layer_units_exponent_1': 5, 'D_layer_units_exponent_2': 10, 'D_layer_units_exponent_3': 4, 'D_dagger_layers': 7, 'D_dagger_layer_units_exponent_0': 5, 'D_dagger_layer_units_exponent_1': 10, 'D_dagger_layer_units_exponent_2': 8, 'D_dagger_layer_units_exponent_3': 8, 'D_dagger_layer_units_exponent_4': 7, 'D_dagger_layer_units_exponent_5': 7, 'D_dagger_layer_units_exponent_6': 4, 'log_learning_rate': -3.269412374928156, 'log_learning_rate_D': -2.8101357616980676, 'log_learning_rate_D_dagger': -3.918022154856498, 'training_batch_size': 10, 'training_p': 3}. Best is trial 127 with value: 0.07626055181026459.
Time for this trial:  227.47839379310608
Memory status after this trial: 
Memory allocated:  618.033203125
Memory cached:  626.0
--------------------  Trial  155   --------------------
Start timing: 
Parameters: 
{'W_layers': 5, 'W_layer_units_exponent_0': 7, 'W_layer_units_exponent_1': 10, 'W_layer_units_exponent_2': 7, 'W_layer_units_exponent_3': 6, 'W_layer_units_exponent_4': 9, 'D_layers': 5, 'D_layer_units_exponent_0': 10, 'D_layer_units_exponent_1': 5, 'D_layer_units_exponent_2': 10, 'D_layer_units_exponent_3': 4, 'D_layer_units_exponent_4': 5, 'D_dagger_layers': 7, 'D_dagger_layer_units_exponent_0': 5, 'D_dagger_layer_units_exponent_1': 10, 'D_dagger_layer_units_exponent_2': 8, 'D_dagger_layer_units_exponent_3': 8, 'D_dagger_layer_units_exponent_4': 8, 'D_dagger_layer_units_exponent_5': 7, 'D_dagger_layer_units_exponent_6': 5, 'log_learning_rate': -3.4190470949032727, 'log_learning_rate_D': -2.5760398448281716, 'log_learning_rate_D_dagger': -3.7885424011021995, 'training_batch_size': 10, 'training_p': 3}
	 epoch  0 training error:  tensor(0.9944, device='cuda:0', grad_fn=<DivBackward0>)
Memory status after this epoch: 
Memory allocated:  288.755859375
Memory cached:  510.0
	 epoch  10 training error:  tensor(0.5150, device='cuda:0', grad_fn=<DivBackward0>)
Memory status after this epoch: 
Memory allocated:  288.755859375
Memory cached:  538.0
	 epoch  20 training error:  tensor(0.2148, device='cuda:0', grad_fn=<DivBackward0>)
Memory status after this epoch: 
Memory allocated:  288.755859375
Memory cached:  544.0
	 epoch  30 training error:  tensor(0.1544, device='cuda:0', grad_fn=<DivBackward0>)
Memory status after this epoch: 
Memory allocated:  288.755859375
Memory cached:  540.0
	 epoch  40 training error:  tensor(0.1366, device='cuda:0', grad_fn=<DivBackward0>)
Memory status after this epoch: 
Memory allocated:  288.755859375
Memory cached:  544.0
	 epoch  50 training error:  tensor(0.1281, device='cuda:0', grad_fn=<DivBackward0>)
Memory status after this epoch: 
Memory allocated:  288.755859375
Memory cached:  542.0
	 epoch  60 training error:  tensor(0.1232, device='cuda:0', grad_fn=<DivBackward0>)
Memory status after this epoch: 
Memory allocated:  288.755859375
Memory cached:  546.0
	 epoch  70 training error:  tensor(0.1143, device='cuda:0', grad_fn=<DivBackward0>)
Memory status after this epoch: 
Memory allocated:  288.755859375
Memory cached:  538.0
	 epoch  80 training error:  tensor(0.1174, device='cuda:0', grad_fn=<DivBackward0>)
Memory status after this epoch: 
Memory allocated:  288.755859375
Memory cached:  534.0
	 epoch  90 training error:  tensor(0.1136, device='cuda:0', grad_fn=<DivBackward0>)
Memory status after this epoch: 
Memory allocated:  288.755859375
Memory cached:  540.0
