[I 2024-05-17 16:31:33,092] Trial 5 finished with value: 0.35109788179397583 and parameters: {'W_layers': 4, 'W_layer_units_exponent_0': 7, 'W_layer_units_exponent_1': 4, 'W_layer_units_exponent_2': 8, 'W_layer_units_exponent_3': 9, 'D_layers': 4, 'D_layer_units_exponent_0': 4, 'D_layer_units_exponent_1': 9, 'D_layer_units_exponent_2': 6, 'D_layer_units_exponent_3': 5, 'D_dagger_layers': 6, 'D_dagger_layer_units_exponent_0': 5, 'D_dagger_layer_units_exponent_1': 7, 'D_dagger_layer_units_exponent_2': 9, 'D_dagger_layer_units_exponent_3': 5, 'D_dagger_layer_units_exponent_4': 6, 'D_dagger_layer_units_exponent_5': 10, 'log_learning_rate': -1.3260661530209878, 'log_learning_rate_D': -2.1899629453153016, 'log_learning_rate_D_dagger': -4.876259346929244, 'training_batch_size': 12, 'training_p': 5}. Best is trial 1 with value: 0.23086901009082794.
Time for this trial:  258.0730404853821
Memory status after this trial: 
Memory allocated:  2571.5
Memory cached:  2600.0
--------------------  Trial  6   --------------------
Start timing: 
Parameters: 
{'W_layers': 7, 'W_layer_units_exponent_0': 9, 'W_layer_units_exponent_1': 5, 'W_layer_units_exponent_2': 6, 'W_layer_units_exponent_3': 10, 'W_layer_units_exponent_4': 6, 'W_layer_units_exponent_5': 9, 'W_layer_units_exponent_6': 8, 'D_layers': 8, 'D_layer_units_exponent_0': 7, 'D_layer_units_exponent_1': 7, 'D_layer_units_exponent_2': 8, 'D_layer_units_exponent_3': 10, 'D_layer_units_exponent_4': 5, 'D_layer_units_exponent_5': 4, 'D_layer_units_exponent_6': 8, 'D_layer_units_exponent_7': 8, 'D_dagger_layers': 7, 'D_dagger_layer_units_exponent_0': 5, 'D_dagger_layer_units_exponent_1': 8, 'D_dagger_layer_units_exponent_2': 6, 'D_dagger_layer_units_exponent_3': 4, 'D_dagger_layer_units_exponent_4': 4, 'D_dagger_layer_units_exponent_5': 4, 'D_dagger_layer_units_exponent_6': 5, 'log_learning_rate': -3.497263991564529, 'log_learning_rate_D': -2.107701826004464, 'log_learning_rate_D_dagger': -3.1350809509851407, 'training_batch_size': 7, 'training_p': 3}
	 epoch  0 training error:  tensor(0.7241, grad_fn=<ToCopyBackward0>)
Memory status after this epoch: 
Memory allocated:  1256.32080078125
Memory cached:  1606.0
	 epoch  10 training error:  tensor(0.3020, grad_fn=<ToCopyBackward0>)
Memory status after this epoch: 
Memory allocated:  1256.32080078125
Memory cached:  1620.0
	 epoch  20 training error:  tensor(0.2953, grad_fn=<ToCopyBackward0>)
Memory status after this epoch: 
Memory allocated:  1256.32080078125
Memory cached:  1620.0
	 epoch  30 training error:  tensor(0.2939, grad_fn=<ToCopyBackward0>)
Memory status after this epoch: 
Memory allocated:  1256.32080078125
Memory cached:  1620.0
	 epoch  40 training error:  tensor(0.2918, grad_fn=<ToCopyBackward0>)
Memory status after this epoch: 
Memory allocated:  1256.32080078125
Memory cached:  1620.0
	 epoch  50 training error:  tensor(0.2904, grad_fn=<ToCopyBackward0>)
Memory status after this epoch: 
Memory allocated:  1256.32080078125
Memory cached:  1622.0
	 epoch  60 training error:  tensor(0.2920, grad_fn=<ToCopyBackward0>)
Memory status after this epoch: 
Memory allocated:  1256.32080078125
Memory cached:  1622.0
	 epoch  70 training error:  tensor(0.2899, grad_fn=<ToCopyBackward0>)
Memory status after this epoch: 
Memory allocated:  1256.32080078125
Memory cached:  1622.0
	 epoch  80 training error:  tensor(0.2905, grad_fn=<ToCopyBackward0>)
Memory status after this epoch: 
Memory allocated:  1256.32080078125
Memory cached:  1620.0
	 epoch  90 training error:  tensor(0.2889, grad_fn=<ToCopyBackward0>)
Memory status after this epoch: 
Memory allocated:  1256.32080078125
Memory cached:  1620.0
[I 2024-05-17 16:52:46,767] Trial 6 finished with value: 0.2345837652683258 and parameters: {'W_layers': 7, 'W_layer_units_exponent_0': 9, 'W_layer_units_exponent_1': 5, 'W_layer_units_exponent_2': 6, 'W_layer_units_exponent_3': 10, 'W_layer_units_exponent_4': 6, 'W_layer_units_exponent_5': 9, 'W_layer_units_exponent_6': 8, 'D_layers': 8, 'D_layer_units_exponent_0': 7, 'D_layer_units_exponent_1': 7, 'D_layer_units_exponent_2': 8, 'D_layer_units_exponent_3': 10, 'D_layer_units_exponent_4': 5, 'D_layer_units_exponent_5': 4, 'D_layer_units_exponent_6': 8, 'D_layer_units_exponent_7': 8, 'D_dagger_layers': 7, 'D_dagger_layer_units_exponent_0': 5, 'D_dagger_layer_units_exponent_1': 8, 'D_dagger_layer_units_exponent_2': 6, 'D_dagger_layer_units_exponent_3': 4, 'D_dagger_layer_units_exponent_4': 4, 'D_dagger_layer_units_exponent_5': 4, 'D_dagger_layer_units_exponent_6': 5, 'log_learning_rate': -3.497263991564529, 'log_learning_rate_D': -2.107701826004464, 'log_learning_rate_D_dagger': -3.1350809509851407, 'training_batch_size': 7, 'training_p': 3}. Best is trial 1 with value: 0.23086901009082794.
Time for this trial:  1273.1736075878143
Memory status after this trial: 
Memory allocated:  3342.0029296875
Memory cached:  3376.0
--------------------  Trial  7   --------------------
Start timing: 
Parameters: 
{'W_layers': 4, 'W_layer_units_exponent_0': 4, 'W_layer_units_exponent_1': 8, 'W_layer_units_exponent_2': 4, 'W_layer_units_exponent_3': 9, 'D_layers': 8, 'D_layer_units_exponent_0': 5, 'D_layer_units_exponent_1': 4, 'D_layer_units_exponent_2': 9, 'D_layer_units_exponent_3': 8, 'D_layer_units_exponent_4': 7, 'D_layer_units_exponent_5': 5, 'D_layer_units_exponent_6': 5, 'D_layer_units_exponent_7': 9, 'D_dagger_layers': 7, 'D_dagger_layer_units_exponent_0': 7, 'D_dagger_layer_units_exponent_1': 10, 'D_dagger_layer_units_exponent_2': 8, 'D_dagger_layer_units_exponent_3': 7, 'D_dagger_layer_units_exponent_4': 4, 'D_dagger_layer_units_exponent_5': 4, 'D_dagger_layer_units_exponent_6': 6, 'log_learning_rate': -3.9908595735157917, 'log_learning_rate_D': -1.9158004447095083, 'log_learning_rate_D_dagger': -2.816299013363534, 'training_batch_size': 11, 'training_p': 6}
	 epoch  0 training error:  tensor(1.0250, grad_fn=<ToCopyBackward0>)
Memory status after this epoch: 
Memory allocated:  1254.75634765625
Memory cached:  1642.0
	 epoch  10 training error:  tensor(0.4188, grad_fn=<ToCopyBackward0>)
Memory status after this epoch: 
Memory allocated:  1254.75634765625
Memory cached:  1702.0
	 epoch  20 training error:  tensor(0.4053, grad_fn=<ToCopyBackward0>)
Memory status after this epoch: 
Memory allocated:  1254.75634765625
Memory cached:  1702.0
	 epoch  30 training error:  tensor(0.4097, grad_fn=<ToCopyBackward0>)
Memory status after this epoch: 
Memory allocated:  1254.75634765625
Memory cached:  1700.0
	 epoch  40 training error:  tensor(0.3880, grad_fn=<ToCopyBackward0>)
Memory status after this epoch: 
Memory allocated:  1254.75634765625
Memory cached:  1700.0
	 epoch  50 training error:  tensor(0.3900, grad_fn=<ToCopyBackward0>)
Memory status after this epoch: 
Memory allocated:  1254.75634765625
Memory cached:  1702.0
	 epoch  60 training error:  tensor(0.3891, grad_fn=<ToCopyBackward0>)
Memory status after this epoch: 
Memory allocated:  1254.75634765625
Memory cached:  1700.0
	 epoch  70 training error:  tensor(0.3935, grad_fn=<ToCopyBackward0>)
Memory status after this epoch: 
Memory allocated:  1254.75634765625
Memory cached:  1704.0
	 epoch  80 training error:  tensor(0.3946, grad_fn=<ToCopyBackward0>)
Memory status after this epoch: 
Memory allocated:  1254.75634765625
Memory cached:  1702.0
	 epoch  90 training error:  tensor(0.3863, grad_fn=<ToCopyBackward0>)
Memory status after this epoch: 
Memory allocated:  1254.75634765625
Memory cached:  1698.0
[I 2024-05-17 16:58:19,027] Trial 7 finished with value: 0.2657413184642792 and parameters: {'W_layers': 4, 'W_layer_units_exponent_0': 4, 'W_layer_units_exponent_1': 8, 'W_layer_units_exponent_2': 4, 'W_layer_units_exponent_3': 9, 'D_layers': 8, 'D_layer_units_exponent_0': 5, 'D_layer_units_exponent_1': 4, 'D_layer_units_exponent_2': 9, 'D_layer_units_exponent_3': 8, 'D_layer_units_exponent_4': 7, 'D_layer_units_exponent_5': 5, 'D_layer_units_exponent_6': 5, 'D_layer_units_exponent_7': 9, 'D_dagger_layers': 7, 'D_dagger_layer_units_exponent_0': 7, 'D_dagger_layer_units_exponent_1': 10, 'D_dagger_layer_units_exponent_2': 8, 'D_dagger_layer_units_exponent_3': 7, 'D_dagger_layer_units_exponent_4': 4, 'D_dagger_layer_units_exponent_5': 4, 'D_dagger_layer_units_exponent_6': 6, 'log_learning_rate': -3.9908595735157917, 'log_learning_rate_D': -1.9158004447095083, 'log_learning_rate_D_dagger': -2.816299013363534, 'training_batch_size': 11, 'training_p': 6}. Best is trial 1 with value: 0.23086901009082794.
Time for this trial:  331.9019765853882
Memory status after this trial: 
Memory allocated:  2866.201171875
Memory cached:  2898.0
--------------------  Trial  8   --------------------
Start timing: 
Parameters: 
{'W_layers': 8, 'W_layer_units_exponent_0': 8, 'W_layer_units_exponent_1': 4, 'W_layer_units_exponent_2': 4, 'W_layer_units_exponent_3': 8, 'W_layer_units_exponent_4': 6, 'W_layer_units_exponent_5': 9, 'W_layer_units_exponent_6': 4, 'W_layer_units_exponent_7': 6, 'D_layers': 8, 'D_layer_units_exponent_0': 5, 'D_layer_units_exponent_1': 7, 'D_layer_units_exponent_2': 7, 'D_layer_units_exponent_3': 9, 'D_layer_units_exponent_4': 10, 'D_layer_units_exponent_5': 7, 'D_layer_units_exponent_6': 4, 'D_layer_units_exponent_7': 6, 'D_dagger_layers': 7, 'D_dagger_layer_units_exponent_0': 7, 'D_dagger_layer_units_exponent_1': 7, 'D_dagger_layer_units_exponent_2': 5, 'D_dagger_layer_units_exponent_3': 5, 'D_dagger_layer_units_exponent_4': 9, 'D_dagger_layer_units_exponent_5': 10, 'D_dagger_layer_units_exponent_6': 10, 'log_learning_rate': -2.5026227963757046, 'log_learning_rate_D': -3.2666021831316105, 'log_learning_rate_D_dagger': -1.8933232497890327, 'training_batch_size': 10, 'training_p': 2}
	 epoch  0 training error:  tensor(1.0048, grad_fn=<ToCopyBackward0>)
Memory status after this epoch: 
Memory allocated:  1282.73876953125
Memory cached:  1724.0
	 epoch  10 training error:  tensor(0.7609, grad_fn=<ToCopyBackward0>)
Memory status after this epoch: 
Memory allocated:  1282.73876953125
Memory cached:  1792.0
	 epoch  20 training error:  tensor(0.2880, grad_fn=<ToCopyBackward0>)
Memory status after this epoch: 
Memory allocated:  1282.73876953125
Memory cached:  1794.0
	 epoch  30 training error:  tensor(0.2364, grad_fn=<ToCopyBackward0>)
Memory status after this epoch: 
Memory allocated:  1282.73876953125
Memory cached:  1798.0
	 epoch  40 training error:  tensor(0.2815, grad_fn=<ToCopyBackward0>)
Memory status after this epoch: 
Memory allocated:  1282.73876953125
Memory cached:  1798.0
	 epoch  50 training error:  tensor(0.2638, grad_fn=<ToCopyBackward0>)
Memory status after this epoch: 
Memory allocated:  1282.73876953125
Memory cached:  1794.0
	 epoch  60 training error:  tensor(0.2255, grad_fn=<ToCopyBackward0>)
Memory status after this epoch: 
Memory allocated:  1282.73876953125
Memory cached:  1794.0
	 epoch  70 training error:  tensor(0.2424, grad_fn=<ToCopyBackward0>)
Memory status after this epoch: 
Memory allocated:  1282.73876953125
Memory cached:  1790.0
	 epoch  80 training error:  tensor(0.2432, grad_fn=<ToCopyBackward0>)
Memory status after this epoch: 
Memory allocated:  1282.73876953125
Memory cached:  1800.0
	 epoch  90 training error:  tensor(0.2335, grad_fn=<ToCopyBackward0>)
Memory status after this epoch: 
Memory allocated:  1282.73876953125
Memory cached:  1800.0
[I 2024-05-17 17:04:53,756] Trial 8 finished with value: 0.25111937522888184 and parameters: {'W_layers': 8, 'W_layer_units_exponent_0': 8, 'W_layer_units_exponent_1': 4, 'W_layer_units_exponent_2': 4, 'W_layer_units_exponent_3': 8, 'W_layer_units_exponent_4': 6, 'W_layer_units_exponent_5': 9, 'W_layer_units_exponent_6': 4, 'W_layer_units_exponent_7': 6, 'D_layers': 8, 'D_layer_units_exponent_0': 5, 'D_layer_units_exponent_1': 7, 'D_layer_units_exponent_2': 7, 'D_layer_units_exponent_3': 9, 'D_layer_units_exponent_4': 10, 'D_layer_units_exponent_5': 7, 'D_layer_units_exponent_6': 4, 'D_layer_units_exponent_7': 6, 'D_dagger_layers': 7, 'D_dagger_layer_units_exponent_0': 7, 'D_dagger_layer_units_exponent_1': 7, 'D_dagger_layer_units_exponent_2': 5, 'D_dagger_layer_units_exponent_3': 5, 'D_dagger_layer_units_exponent_4': 9, 'D_dagger_layer_units_exponent_5': 10, 'D_dagger_layer_units_exponent_6': 10, 'log_learning_rate': -2.5026227963757046, 'log_learning_rate_D': -3.2666021831316105, 'log_learning_rate_D_dagger': -1.8933232497890327, 'training_batch_size': 10, 'training_p': 2}. Best is trial 1 with value: 0.23086901009082794.
Time for this trial:  394.3328433036804
Memory status after this trial: 
Memory allocated:  3796.3017578125
Memory cached:  3854.0
--------------------  Trial  9   --------------------
Start timing: 
Parameters: 
{'W_layers': 2, 'W_layer_units_exponent_0': 8, 'W_layer_units_exponent_1': 6, 'D_layers': 7, 'D_layer_units_exponent_0': 4, 'D_layer_units_exponent_1': 7, 'D_layer_units_exponent_2': 7, 'D_layer_units_exponent_3': 4, 'D_layer_units_exponent_4': 5, 'D_layer_units_exponent_5': 9, 'D_layer_units_exponent_6': 4, 'D_dagger_layers': 2, 'D_dagger_layer_units_exponent_0': 4, 'D_dagger_layer_units_exponent_1': 8, 'log_learning_rate': -4.952940938268213, 'log_learning_rate_D': -4.982081010127613, 'log_learning_rate_D_dagger': -1.418014609886456, 'training_batch_size': 12, 'training_p': 7}
	 epoch  0 training error:  tensor(1.3665, grad_fn=<ToCopyBackward0>)
Memory status after this epoch: 
Memory allocated:  1245.94970703125
Memory cached:  1656.0
	 epoch  10 training error:  tensor(0.7482, grad_fn=<ToCopyBackward0>)
Memory status after this epoch: 
Memory allocated:  1245.94970703125
Memory cached:  1710.0
	 epoch  20 training error:  tensor(0.5731, grad_fn=<ToCopyBackward0>)
Memory status after this epoch: 
Memory allocated:  1245.94970703125
Memory cached:  1710.0
	 epoch  30 training error:  tensor(0.4499, grad_fn=<ToCopyBackward0>)
Memory status after this epoch: 
Memory allocated:  1245.94970703125
Memory cached:  1712.0
	 epoch  40 training error:  tensor(0.4579, grad_fn=<ToCopyBackward0>)
Memory status after this epoch: 
Memory allocated:  1245.94970703125
Memory cached:  1712.0
	 epoch  50 training error:  tensor(0.4093, grad_fn=<ToCopyBackward0>)
Memory status after this epoch: 
Memory allocated:  1245.94970703125
Memory cached:  1710.0
	 epoch  60 training error:  tensor(0.4150, grad_fn=<ToCopyBackward0>)
Memory status after this epoch: 
Memory allocated:  1245.94970703125
Memory cached:  1712.0
	 epoch  70 training error:  tensor(0.4110, grad_fn=<ToCopyBackward0>)
Memory status after this epoch: 
Memory allocated:  1245.94970703125
Memory cached:  1710.0
	 epoch  80 training error:  tensor(0.4129, grad_fn=<ToCopyBackward0>)
Memory status after this epoch: 
Memory allocated:  1245.94970703125
Memory cached:  1710.0
	 epoch  90 training error:  tensor(0.4144, grad_fn=<ToCopyBackward0>)
Memory status after this epoch: 
Memory allocated:  1245.94970703125
Memory cached:  1708.0
[I 2024-05-17 17:08:30,903] Trial 9 finished with value: 0.2799052894115448 and parameters: {'W_layers': 2, 'W_layer_units_exponent_0': 8, 'W_layer_units_exponent_1': 6, 'D_layers': 7, 'D_layer_units_exponent_0': 4, 'D_layer_units_exponent_1': 7, 'D_layer_units_exponent_2': 7, 'D_layer_units_exponent_3': 4, 'D_layer_units_exponent_4': 5, 'D_layer_units_exponent_5': 9, 'D_layer_units_exponent_6': 4, 'D_dagger_layers': 2, 'D_dagger_layer_units_exponent_0': 4, 'D_dagger_layer_units_exponent_1': 8, 'log_learning_rate': -4.952940938268213, 'log_learning_rate_D': -4.982081010127613, 'log_learning_rate_D_dagger': -1.418014609886456, 'training_batch_size': 12, 'training_p': 7}. Best is trial 1 with value: 0.23086901009082794.
Time for this trial:  216.8322205543518
Memory status after this trial: 
Memory allocated:  1837.0224609375
Memory cached:  1860.0
--------------------  Trial  10   --------------------
Start timing: 
Parameters: 
{'W_layers': 4, 'W_layer_units_exponent_0': 6, 'W_layer_units_exponent_1': 10, 'W_layer_units_exponent_2': 10, 'W_layer_units_exponent_3': 4, 'D_layers': 2, 'D_layer_units_exponent_0': 10, 'D_layer_units_exponent_1': 5, 'D_dagger_layers': 4, 'D_dagger_layer_units_exponent_0': 10, 'D_dagger_layer_units_exponent_1': 4, 'D_dagger_layer_units_exponent_2': 10, 'D_dagger_layer_units_exponent_3': 10, 'log_learning_rate': -2.4581138749267764, 'log_learning_rate_D': -1.1300473151436599, 'log_learning_rate_D_dagger': -3.9592300675192673, 'training_batch_size': 8, 'training_p': 2}
	 epoch  0 training error:  tensor(3.0364, grad_fn=<ToCopyBackward0>)
Memory status after this epoch: 
Memory allocated:  1279.11962890625
Memory cached:  1620.0
	 epoch  10 training error:  tensor(0.3317, grad_fn=<ToCopyBackward0>)
Memory status after this epoch: 
Memory allocated:  1279.11962890625
Memory cached:  1620.0
	 epoch  20 training error:  tensor(0.3320, grad_fn=<ToCopyBackward0>)
Memory status after this epoch: 
Memory allocated:  1279.11962890625
Memory cached:  1620.0
	 epoch  30 training error:  tensor(0.3596, grad_fn=<ToCopyBackward0>)
Memory status after this epoch: 
Memory allocated:  1279.11962890625
Memory cached:  1620.0
	 epoch  40 training error:  tensor(0.3343, grad_fn=<ToCopyBackward0>)
Memory status after this epoch: 
Memory allocated:  1279.11962890625
Memory cached:  1620.0
	 epoch  50 training error:  tensor(0.3295, grad_fn=<ToCopyBackward0>)
Memory status after this epoch: 
Memory allocated:  1279.11962890625
Memory cached:  1620.0
	 epoch  60 training error:  tensor(0.3263, grad_fn=<ToCopyBackward0>)
Memory status after this epoch: 
Memory allocated:  1279.11962890625
Memory cached:  1620.0
	 epoch  70 training error:  tensor(0.3234, grad_fn=<ToCopyBackward0>)
Memory status after this epoch: 
Memory allocated:  1279.11962890625
Memory cached:  1620.0
	 epoch  80 training error:  tensor(0.3151, grad_fn=<ToCopyBackward0>)
Memory status after this epoch: 
Memory allocated:  1279.11962890625
Memory cached:  1620.0
	 epoch  90 training error:  tensor(0.3903, grad_fn=<ToCopyBackward0>)
Memory status after this epoch: 
Memory allocated:  1279.11962890625
Memory cached:  1620.0
[I 2024-05-17 17:18:21,833] Trial 10 finished with value: 0.36268121004104614 and parameters: {'W_layers': 4, 'W_layer_units_exponent_0': 6, 'W_layer_units_exponent_1': 10, 'W_layer_units_exponent_2': 10, 'W_layer_units_exponent_3': 4, 'D_layers': 2, 'D_layer_units_exponent_0': 10, 'D_layer_units_exponent_1': 5, 'D_dagger_layers': 4, 'D_dagger_layer_units_exponent_0': 10, 'D_dagger_layer_units_exponent_1': 4, 'D_dagger_layer_units_exponent_2': 10, 'D_dagger_layer_units_exponent_3': 10, 'log_learning_rate': -2.4581138749267764, 'log_learning_rate_D': -1.1300473151436599, 'log_learning_rate_D_dagger': -3.9592300675192673, 'training_batch_size': 8, 'training_p': 2}. Best is trial 1 with value: 0.23086901009082794.
Time for this trial:  590.5267441272736
Memory status after this trial: 
Memory allocated:  3872.357421875
Memory cached:  4022.0
--------------------  Trial  11   --------------------
Start timing: 
Parameters: 
{'W_layers': 6, 'W_layer_units_exponent_0': 6, 'W_layer_units_exponent_1': 5, 'W_layer_units_exponent_2': 7, 'W_layer_units_exponent_3': 5, 'W_layer_units_exponent_4': 4, 'W_layer_units_exponent_5': 6, 'D_layers': 2, 'D_layer_units_exponent_0': 8, 'D_layer_units_exponent_1': 6, 'D_dagger_layers': 8, 'D_dagger_layer_units_exponent_0': 6, 'D_dagger_layer_units_exponent_1': 4, 'D_dagger_layer_units_exponent_2': 7, 'D_dagger_layer_units_exponent_3': 7, 'D_dagger_layer_units_exponent_4': 10, 'D_dagger_layer_units_exponent_5': 7, 'D_dagger_layer_units_exponent_6': 4, 'D_dagger_layer_units_exponent_7': 10, 'log_learning_rate': -3.419084330763525, 'log_learning_rate_D': -2.755957226010458, 'log_learning_rate_D_dagger': -3.2307375357810133, 'training_batch_size': 6, 'training_p': 3}
	 epoch  0 training error:  tensor(0.5852, grad_fn=<ToCopyBackward0>)
Memory status after this epoch: 
Memory allocated:  1250.02001953125
Memory cached:  1666.0
	 epoch  10 training error:  tensor(0.2892, grad_fn=<ToCopyBackward0>)
Memory status after this epoch: 
Memory allocated:  1250.02001953125
Memory cached:  1664.0
	 epoch  20 training error:  tensor(0.2870, grad_fn=<ToCopyBackward0>)
Memory status after this epoch: 
Memory allocated:  1250.02001953125
Memory cached:  1664.0
	 epoch  30 training error:  tensor(0.2868, grad_fn=<ToCopyBackward0>)
Memory status after this epoch: 
Memory allocated:  1250.02001953125
Memory cached:  1662.0
	 epoch  40 training error:  tensor(0.2851, grad_fn=<ToCopyBackward0>)
Memory status after this epoch: 
Memory allocated:  1250.02001953125
Memory cached:  1664.0
	 epoch  50 training error:  tensor(0.2238, grad_fn=<ToCopyBackward0>)
Memory status after this epoch: 
Memory allocated:  1250.02001953125
Memory cached:  1656.0
	 epoch  60 training error:  tensor(0.1990, grad_fn=<ToCopyBackward0>)
Memory status after this epoch: 
Memory allocated:  1250.02001953125
Memory cached:  1656.0
	 epoch  70 training error:  tensor(0.1787, grad_fn=<ToCopyBackward0>)
Memory status after this epoch: 
Memory allocated:  1250.02001953125
Memory cached:  1658.0
	 epoch  80 training error:  tensor(0.1644, grad_fn=<ToCopyBackward0>)
Memory status after this epoch: 
Memory allocated:  1250.02001953125
Memory cached:  1650.0
	 epoch  90 training error:  tensor(0.1646, grad_fn=<ToCopyBackward0>)
Memory status after this epoch: 
Memory allocated:  1250.02001953125
Memory cached:  1650.0
