[I 2024-01-03 19:38:53,022] Trial 97 finished with value: 0.10465352982282639 and parameters: {'W_layers': 4, 'W_layer_units_exponent_0': 7, 'W_layer_units_exponent_1': 8, 'W_layer_units_exponent_2': 4, 'W_layer_units_exponent_3': 5, 'D_layers': 2, 'D_layer_units_exponent_0': 5, 'D_layer_units_exponent_1': 5, 'D_dagger_layers': 8, 'D_dagger_layer_units_exponent_0': 4, 'D_dagger_layer_units_exponent_1': 10, 'D_dagger_layer_units_exponent_2': 5, 'D_dagger_layer_units_exponent_3': 9, 'D_dagger_layer_units_exponent_4': 8, 'D_dagger_layer_units_exponent_5': 6, 'D_dagger_layer_units_exponent_6': 10, 'D_dagger_layer_units_exponent_7': 4, 'log_learning_rate': -3.955600889223757, 'log_learning_rate_D': -3.3988490094639783, 'log_learning_rate_D_dagger': -3.847339691336129, 'training_batch_size': 10, 'training_p': 5}. Best is trial 90 with value: 0.07920932024717331.
Time for this trial:  187.93788886070251
Memory status after this trial: 
Memory allocated:  412.85205078125
Memory cached:  504.0
--------------------  Trial  98   --------------------
Start timing: 
Parameters: 
{'W_layers': 3, 'W_layer_units_exponent_0': 6, 'W_layer_units_exponent_1': 10, 'W_layer_units_exponent_2': 5, 'D_layers': 2, 'D_layer_units_exponent_0': 10, 'D_layer_units_exponent_1': 4, 'D_dagger_layers': 8, 'D_dagger_layer_units_exponent_0': 4, 'D_dagger_layer_units_exponent_1': 9, 'D_dagger_layer_units_exponent_2': 6, 'D_dagger_layer_units_exponent_3': 9, 'D_dagger_layer_units_exponent_4': 7, 'D_dagger_layer_units_exponent_5': 6, 'D_dagger_layer_units_exponent_6': 10, 'D_dagger_layer_units_exponent_7': 6, 'log_learning_rate': -4.24434751478971, 'log_learning_rate_D': -3.100710175375141, 'log_learning_rate_D_dagger': -3.5990033996463633, 'training_batch_size': 9, 'training_p': 6}
	 epoch  0 training error:  tensor(0.9543, device='cuda:0', grad_fn=<DivBackward0>)
Memory status after this epoch: 
Memory allocated:  232.56689453125
Memory cached:  488.0
	 epoch  10 training error:  tensor(0.5619, device='cuda:0', grad_fn=<DivBackward0>)
Memory status after this epoch: 
Memory allocated:  232.56689453125
Memory cached:  532.0
	 epoch  20 training error:  tensor(0.2328, device='cuda:0', grad_fn=<DivBackward0>)
Memory status after this epoch: 
Memory allocated:  232.56689453125
Memory cached:  522.0
	 epoch  30 training error:  tensor(0.1948, device='cuda:0', grad_fn=<DivBackward0>)
Memory status after this epoch: 
Memory allocated:  232.56689453125
Memory cached:  524.0
	 epoch  40 training error:  tensor(0.1536, device='cuda:0', grad_fn=<DivBackward0>)
Memory status after this epoch: 
Memory allocated:  232.56689453125
Memory cached:  518.0
	 epoch  50 training error:  tensor(0.1483, device='cuda:0', grad_fn=<DivBackward0>)
Memory status after this epoch: 
Memory allocated:  232.56689453125
Memory cached:  526.0
	 epoch  60 training error:  tensor(0.1419, device='cuda:0', grad_fn=<DivBackward0>)
Memory status after this epoch: 
Memory allocated:  232.56689453125
Memory cached:  522.0
	 epoch  70 training error:  tensor(0.1367, device='cuda:0', grad_fn=<DivBackward0>)
Memory status after this epoch: 
Memory allocated:  232.56689453125
Memory cached:  534.0
	 epoch  80 training error:  tensor(0.1275, device='cuda:0', grad_fn=<DivBackward0>)
Memory status after this epoch: 
Memory allocated:  232.56689453125
Memory cached:  526.0
	 epoch  90 training error:  tensor(0.1345, device='cuda:0', grad_fn=<DivBackward0>)
Memory status after this epoch: 
Memory allocated:  232.56689453125
Memory cached:  526.0
[I 2024-01-03 19:42:03,371] Trial 98 finished with value: 0.09552248567342758 and parameters: {'W_layers': 3, 'W_layer_units_exponent_0': 6, 'W_layer_units_exponent_1': 10, 'W_layer_units_exponent_2': 5, 'D_layers': 2, 'D_layer_units_exponent_0': 10, 'D_layer_units_exponent_1': 4, 'D_dagger_layers': 8, 'D_dagger_layer_units_exponent_0': 4, 'D_dagger_layer_units_exponent_1': 9, 'D_dagger_layer_units_exponent_2': 6, 'D_dagger_layer_units_exponent_3': 9, 'D_dagger_layer_units_exponent_4': 7, 'D_dagger_layer_units_exponent_5': 6, 'D_dagger_layer_units_exponent_6': 10, 'D_dagger_layer_units_exponent_7': 6, 'log_learning_rate': -4.24434751478971, 'log_learning_rate_D': -3.100710175375141, 'log_learning_rate_D_dagger': -3.5990033996463633, 'training_batch_size': 9, 'training_p': 6}. Best is trial 90 with value: 0.07920932024717331.
Time for this trial:  189.94900107383728
Memory status after this trial: 
Memory allocated:  471.3671875
Memory cached:  504.0
--------------------  Trial  99   --------------------
Start timing: 
Parameters: 
{'W_layers': 4, 'W_layer_units_exponent_0': 7, 'W_layer_units_exponent_1': 9, 'W_layer_units_exponent_2': 6, 'W_layer_units_exponent_3': 5, 'D_layers': 2, 'D_layer_units_exponent_0': 10, 'D_layer_units_exponent_1': 5, 'D_dagger_layers': 8, 'D_dagger_layer_units_exponent_0': 4, 'D_dagger_layer_units_exponent_1': 10, 'D_dagger_layer_units_exponent_2': 7, 'D_dagger_layer_units_exponent_3': 9, 'D_dagger_layer_units_exponent_4': 8, 'D_dagger_layer_units_exponent_5': 5, 'D_dagger_layer_units_exponent_6': 10, 'D_dagger_layer_units_exponent_7': 4, 'log_learning_rate': -3.7166697311635946, 'log_learning_rate_D': -3.2876795765657465, 'log_learning_rate_D_dagger': -3.0978500224262597, 'training_batch_size': 10, 'training_p': 5}
	 epoch  0 training error:  tensor(0.9349, device='cuda:0', grad_fn=<DivBackward0>)
Memory status after this epoch: 
Memory allocated:  234.72705078125
Memory cached:  488.0
	 epoch  10 training error:  tensor(0.2303, device='cuda:0', grad_fn=<DivBackward0>)
Memory status after this epoch: 
Memory allocated:  234.72705078125
Memory cached:  546.0
	 epoch  20 training error:  tensor(0.1655, device='cuda:0', grad_fn=<DivBackward0>)
Memory status after this epoch: 
Memory allocated:  234.72705078125
Memory cached:  534.0
	 epoch  30 training error:  tensor(0.1410, device='cuda:0', grad_fn=<DivBackward0>)
Memory status after this epoch: 
Memory allocated:  234.72705078125
Memory cached:  520.0
	 epoch  40 training error:  tensor(0.1352, device='cuda:0', grad_fn=<DivBackward0>)
Memory status after this epoch: 
Memory allocated:  234.72705078125
Memory cached:  538.0
	 epoch  50 training error:  tensor(0.1259, device='cuda:0', grad_fn=<DivBackward0>)
Memory status after this epoch: 
Memory allocated:  234.72705078125
Memory cached:  528.0
	 epoch  60 training error:  tensor(0.1163, device='cuda:0', grad_fn=<DivBackward0>)
Memory status after this epoch: 
Memory allocated:  234.72705078125
Memory cached:  518.0
	 epoch  70 training error:  tensor(0.1097, device='cuda:0', grad_fn=<DivBackward0>)
Memory status after this epoch: 
Memory allocated:  234.72705078125
Memory cached:  538.0
	 epoch  80 training error:  tensor(0.1226, device='cuda:0', grad_fn=<DivBackward0>)
Memory status after this epoch: 
Memory allocated:  234.72705078125
Memory cached:  534.0
	 epoch  90 training error:  tensor(0.1064, device='cuda:0', grad_fn=<DivBackward0>)
Memory status after this epoch: 
Memory allocated:  234.72705078125
Memory cached:  532.0
[I 2024-01-03 19:45:25,304] Trial 99 finished with value: 0.09313785284757614 and parameters: {'W_layers': 4, 'W_layer_units_exponent_0': 7, 'W_layer_units_exponent_1': 9, 'W_layer_units_exponent_2': 6, 'W_layer_units_exponent_3': 5, 'D_layers': 2, 'D_layer_units_exponent_0': 10, 'D_layer_units_exponent_1': 5, 'D_dagger_layers': 8, 'D_dagger_layer_units_exponent_0': 4, 'D_dagger_layer_units_exponent_1': 10, 'D_dagger_layer_units_exponent_2': 7, 'D_dagger_layer_units_exponent_3': 9, 'D_dagger_layer_units_exponent_4': 8, 'D_dagger_layer_units_exponent_5': 5, 'D_dagger_layer_units_exponent_6': 10, 'D_dagger_layer_units_exponent_7': 4, 'log_learning_rate': -3.7166697311635946, 'log_learning_rate_D': -3.2876795765657465, 'log_learning_rate_D_dagger': -3.0978500224262597, 'training_batch_size': 10, 'training_p': 5}. Best is trial 90 with value: 0.07920932024717331.
Time for this trial:  201.49684047698975
Memory status after this trial: 
Memory allocated:  486.357421875
Memory cached:  500.0
--------------------  Trial  100   --------------------
Start timing: 
Parameters: 
{'W_layers': 4, 'W_layer_units_exponent_0': 5, 'W_layer_units_exponent_1': 8, 'W_layer_units_exponent_2': 5, 'W_layer_units_exponent_3': 6, 'D_layers': 2, 'D_layer_units_exponent_0': 9, 'D_layer_units_exponent_1': 6, 'D_dagger_layers': 8, 'D_dagger_layer_units_exponent_0': 5, 'D_dagger_layer_units_exponent_1': 10, 'D_dagger_layer_units_exponent_2': 5, 'D_dagger_layer_units_exponent_3': 9, 'D_dagger_layer_units_exponent_4': 8, 'D_dagger_layer_units_exponent_5': 6, 'D_dagger_layer_units_exponent_6': 10, 'D_dagger_layer_units_exponent_7': 6, 'log_learning_rate': -3.794391050657452, 'log_learning_rate_D': -2.701694459937181, 'log_learning_rate_D_dagger': -3.715945598110307, 'training_batch_size': 10, 'training_p': 6}
	 epoch  0 training error:  tensor(1.0069, device='cuda:0', grad_fn=<DivBackward0>)
Memory status after this epoch: 
Memory allocated:  232.81103515625
Memory cached:  476.0
	 epoch  10 training error:  tensor(0.4280, device='cuda:0', grad_fn=<DivBackward0>)
Memory status after this epoch: 
Memory allocated:  232.81103515625
Memory cached:  474.0
	 epoch  20 training error:  tensor(0.2193, device='cuda:0', grad_fn=<DivBackward0>)
Memory status after this epoch: 
Memory allocated:  232.81103515625
Memory cached:  474.0
	 epoch  30 training error:  tensor(0.1903, device='cuda:0', grad_fn=<DivBackward0>)
Memory status after this epoch: 
Memory allocated:  232.81103515625
Memory cached:  474.0
	 epoch  40 training error:  tensor(0.1676, device='cuda:0', grad_fn=<DivBackward0>)
Memory status after this epoch: 
Memory allocated:  232.81103515625
Memory cached:  476.0
	 epoch  50 training error:  tensor(0.1543, device='cuda:0', grad_fn=<DivBackward0>)
Memory status after this epoch: 
Memory allocated:  232.81103515625
Memory cached:  474.0
	 epoch  60 training error:  tensor(0.1450, device='cuda:0', grad_fn=<DivBackward0>)
Memory status after this epoch: 
Memory allocated:  232.81103515625
Memory cached:  474.0
	 epoch  70 training error:  tensor(0.1356, device='cuda:0', grad_fn=<DivBackward0>)
Memory status after this epoch: 
Memory allocated:  232.81103515625
Memory cached:  478.0
	 epoch  80 training error:  tensor(0.1193, device='cuda:0', grad_fn=<DivBackward0>)
Memory status after this epoch: 
Memory allocated:  232.81103515625
Memory cached:  474.0
	 epoch  90 training error:  tensor(0.1070, device='cuda:0', grad_fn=<DivBackward0>)
Memory status after this epoch: 
Memory allocated:  232.81103515625
Memory cached:  474.0
[I 2024-01-03 19:48:40,983] Trial 100 finished with value: 0.08033814281225204 and parameters: {'W_layers': 4, 'W_layer_units_exponent_0': 5, 'W_layer_units_exponent_1': 8, 'W_layer_units_exponent_2': 5, 'W_layer_units_exponent_3': 6, 'D_layers': 2, 'D_layer_units_exponent_0': 9, 'D_layer_units_exponent_1': 6, 'D_dagger_layers': 8, 'D_dagger_layer_units_exponent_0': 5, 'D_dagger_layer_units_exponent_1': 10, 'D_dagger_layer_units_exponent_2': 5, 'D_dagger_layer_units_exponent_3': 9, 'D_dagger_layer_units_exponent_4': 8, 'D_dagger_layer_units_exponent_5': 6, 'D_dagger_layer_units_exponent_6': 10, 'D_dagger_layer_units_exponent_7': 6, 'log_learning_rate': -3.794391050657452, 'log_learning_rate_D': -2.701694459937181, 'log_learning_rate_D_dagger': -3.715945598110307, 'training_batch_size': 10, 'training_p': 6}. Best is trial 90 with value: 0.07920932024717331.
Time for this trial:  195.21027040481567
Memory status after this trial: 
Memory allocated:  440.052734375
Memory cached:  472.0
--------------------  Trial  101   --------------------
Start timing: 
Parameters: 
{'W_layers': 4, 'W_layer_units_exponent_0': 5, 'W_layer_units_exponent_1': 8, 'W_layer_units_exponent_2': 5, 'W_layer_units_exponent_3': 6, 'D_layers': 3, 'D_layer_units_exponent_0': 10, 'D_layer_units_exponent_1': 6, 'D_layer_units_exponent_2': 10, 'D_dagger_layers': 8, 'D_dagger_layer_units_exponent_0': 5, 'D_dagger_layer_units_exponent_1': 10, 'D_dagger_layer_units_exponent_2': 5, 'D_dagger_layer_units_exponent_3': 9, 'D_dagger_layer_units_exponent_4': 8, 'D_dagger_layer_units_exponent_5': 6, 'D_dagger_layer_units_exponent_6': 10, 'D_dagger_layer_units_exponent_7': 6, 'log_learning_rate': -3.8516266053239154, 'log_learning_rate_D': -2.804440571813711, 'log_learning_rate_D_dagger': -3.4964917424027666, 'training_batch_size': 10, 'training_p': 5}
	 epoch  0 training error:  tensor(0.9670, device='cuda:0', grad_fn=<DivBackward0>)
Memory status after this epoch: 
Memory allocated:  234.37939453125
Memory cached:  472.0
	 epoch  10 training error:  tensor(0.3138, device='cuda:0', grad_fn=<DivBackward0>)
Memory status after this epoch: 
Memory allocated:  234.37939453125
Memory cached:  472.0
	 epoch  20 training error:  tensor(0.2025, device='cuda:0', grad_fn=<DivBackward0>)
Memory status after this epoch: 
Memory allocated:  234.37939453125
Memory cached:  476.0
	 epoch  30 training error:  tensor(0.1802, device='cuda:0', grad_fn=<DivBackward0>)
Memory status after this epoch: 
Memory allocated:  234.37939453125
Memory cached:  472.0
	 epoch  40 training error:  tensor(0.1557, device='cuda:0', grad_fn=<DivBackward0>)
Memory status after this epoch: 
Memory allocated:  234.37939453125
Memory cached:  476.0
	 epoch  50 training error:  tensor(0.1446, device='cuda:0', grad_fn=<DivBackward0>)
Memory status after this epoch: 
Memory allocated:  234.37939453125
Memory cached:  474.0
	 epoch  60 training error:  tensor(0.1369, device='cuda:0', grad_fn=<DivBackward0>)
Memory status after this epoch: 
Memory allocated:  234.37939453125
Memory cached:  472.0
	 epoch  70 training error:  tensor(0.1256, device='cuda:0', grad_fn=<DivBackward0>)
Memory status after this epoch: 
Memory allocated:  234.37939453125
Memory cached:  472.0
	 epoch  80 training error:  tensor(0.1226, device='cuda:0', grad_fn=<DivBackward0>)
Memory status after this epoch: 
Memory allocated:  234.37939453125
Memory cached:  472.0
	 epoch  90 training error:  tensor(0.1095, device='cuda:0', grad_fn=<DivBackward0>)
Memory status after this epoch: 
Memory allocated:  234.37939453125
Memory cached:  474.0
[I 2024-01-03 19:52:14,517] Trial 101 finished with value: 0.08923593908548355 and parameters: {'W_layers': 4, 'W_layer_units_exponent_0': 5, 'W_layer_units_exponent_1': 8, 'W_layer_units_exponent_2': 5, 'W_layer_units_exponent_3': 6, 'D_layers': 3, 'D_layer_units_exponent_0': 10, 'D_layer_units_exponent_1': 6, 'D_layer_units_exponent_2': 10, 'D_dagger_layers': 8, 'D_dagger_layer_units_exponent_0': 5, 'D_dagger_layer_units_exponent_1': 10, 'D_dagger_layer_units_exponent_2': 5, 'D_dagger_layer_units_exponent_3': 9, 'D_dagger_layer_units_exponent_4': 8, 'D_dagger_layer_units_exponent_5': 6, 'D_dagger_layer_units_exponent_6': 10, 'D_dagger_layer_units_exponent_7': 6, 'log_learning_rate': -3.8516266053239154, 'log_learning_rate_D': -2.804440571813711, 'log_learning_rate_D_dagger': -3.4964917424027666, 'training_batch_size': 10, 'training_p': 5}. Best is trial 90 with value: 0.07920932024717331.
Time for this trial:  213.13840746879578
Memory status after this trial: 
Memory allocated:  514.796875
Memory cached:  520.0
--------------------  Trial  102   --------------------
Start timing: 
Parameters: 
{'W_layers': 4, 'W_layer_units_exponent_0': 5, 'W_layer_units_exponent_1': 9, 'W_layer_units_exponent_2': 5, 'W_layer_units_exponent_3': 6, 'D_layers': 2, 'D_layer_units_exponent_0': 9, 'D_layer_units_exponent_1': 5, 'D_dagger_layers': 8, 'D_dagger_layer_units_exponent_0': 4, 'D_dagger_layer_units_exponent_1': 10, 'D_dagger_layer_units_exponent_2': 4, 'D_dagger_layer_units_exponent_3': 9, 'D_dagger_layer_units_exponent_4': 4, 'D_dagger_layer_units_exponent_5': 6, 'D_dagger_layer_units_exponent_6': 10, 'D_dagger_layer_units_exponent_7': 4, 'log_learning_rate': -3.569634515253731, 'log_learning_rate_D': -2.6655740594189337, 'log_learning_rate_D_dagger': -3.6435207145018538, 'training_batch_size': 10, 'training_p': 6}
	 epoch  0 training error:  tensor(1.0111, device='cuda:0', grad_fn=<DivBackward0>)
Memory status after this epoch: 
Memory allocated:  229.32666015625
Memory cached:  484.0
	 epoch  10 training error:  tensor(0.6723, device='cuda:0', grad_fn=<DivBackward0>)
Memory status after this epoch: 
Memory allocated:  229.32666015625
Memory cached:  524.0
	 epoch  20 training error:  tensor(0.2724, device='cuda:0', grad_fn=<DivBackward0>)
Memory status after this epoch: 
Memory allocated:  229.32666015625
Memory cached:  536.0
	 epoch  30 training error:  tensor(0.2156, device='cuda:0', grad_fn=<DivBackward0>)
Memory status after this epoch: 
Memory allocated:  229.32666015625
Memory cached:  524.0
	 epoch  40 training error:  tensor(0.1731, device='cuda:0', grad_fn=<DivBackward0>)
Memory status after this epoch: 
Memory allocated:  229.32666015625
Memory cached:  530.0
	 epoch  50 training error:  tensor(0.1515, device='cuda:0', grad_fn=<DivBackward0>)
Memory status after this epoch: 
Memory allocated:  229.32666015625
Memory cached:  522.0
	 epoch  60 training error:  tensor(0.1454, device='cuda:0', grad_fn=<DivBackward0>)
Memory status after this epoch: 
Memory allocated:  229.32666015625
Memory cached:  530.0
	 epoch  70 training error:  tensor(0.1398, device='cuda:0', grad_fn=<DivBackward0>)
Memory status after this epoch: 
Memory allocated:  229.32666015625
Memory cached:  534.0
	 epoch  80 training error:  tensor(0.1328, device='cuda:0', grad_fn=<DivBackward0>)
Memory status after this epoch: 
Memory allocated:  229.32666015625
Memory cached:  524.0
	 epoch  90 training error:  tensor(0.1292, device='cuda:0', grad_fn=<DivBackward0>)
Memory status after this epoch: 
Memory allocated:  229.32666015625
Memory cached:  524.0
[I 2024-01-03 19:55:27,594] Trial 102 finished with value: 0.09188111126422882 and parameters: {'W_layers': 4, 'W_layer_units_exponent_0': 5, 'W_layer_units_exponent_1': 9, 'W_layer_units_exponent_2': 5, 'W_layer_units_exponent_3': 6, 'D_layers': 2, 'D_layer_units_exponent_0': 9, 'D_layer_units_exponent_1': 5, 'D_dagger_layers': 8, 'D_dagger_layer_units_exponent_0': 4, 'D_dagger_layer_units_exponent_1': 10, 'D_dagger_layer_units_exponent_2': 4, 'D_dagger_layer_units_exponent_3': 9, 'D_dagger_layer_units_exponent_4': 4, 'D_dagger_layer_units_exponent_5': 6, 'D_dagger_layer_units_exponent_6': 10, 'D_dagger_layer_units_exponent_7': 4, 'log_learning_rate': -3.569634515253731, 'log_learning_rate_D': -2.6655740594189337, 'log_learning_rate_D_dagger': -3.6435207145018538, 'training_batch_size': 10, 'training_p': 6}. Best is trial 90 with value: 0.07920932024717331.
Time for this trial:  192.60181212425232
Memory status after this trial: 
Memory allocated:  434.4677734375
Memory cached:  500.0
--------------------  Trial  103   --------------------
Start timing: 
Parameters: 
{'W_layers': 4, 'W_layer_units_exponent_0': 7, 'W_layer_units_exponent_1': 8, 'W_layer_units_exponent_2': 5, 'W_layer_units_exponent_3': 6, 'D_layers': 2, 'D_layer_units_exponent_0': 9, 'D_layer_units_exponent_1': 7, 'D_dagger_layers': 8, 'D_dagger_layer_units_exponent_0': 4, 'D_dagger_layer_units_exponent_1': 10, 'D_dagger_layer_units_exponent_2': 5, 'D_dagger_layer_units_exponent_3': 9, 'D_dagger_layer_units_exponent_4': 8, 'D_dagger_layer_units_exponent_5': 6, 'D_dagger_layer_units_exponent_6': 10, 'D_dagger_layer_units_exponent_7': 5, 'log_learning_rate': -4.076948312392984, 'log_learning_rate_D': -3.160934416651191, 'log_learning_rate_D_dagger': -3.7339102994618316, 'training_batch_size': 10, 'training_p': 6}
	 epoch  0 training error:  tensor(0.9810, device='cuda:0', grad_fn=<DivBackward0>)
Memory status after this epoch: 
Memory allocated:  232.93408203125
Memory cached:  484.0
	 epoch  10 training error:  tensor(0.3710, device='cuda:0', grad_fn=<DivBackward0>)
Memory status after this epoch: 
Memory allocated:  232.93408203125
Memory cached:  530.0
	 epoch  20 training error:  tensor(0.2446, device='cuda:0', grad_fn=<DivBackward0>)
Memory status after this epoch: 
Memory allocated:  232.93408203125
Memory cached:  522.0
	 epoch  30 training error:  tensor(0.1957, device='cuda:0', grad_fn=<DivBackward0>)
Memory status after this epoch: 
Memory allocated:  232.93408203125
Memory cached:  534.0
	 epoch  40 training error:  tensor(0.1736, device='cuda:0', grad_fn=<DivBackward0>)
Memory status after this epoch: 
Memory allocated:  232.93408203125
Memory cached:  524.0
	 epoch  50 training error:  tensor(0.1608, device='cuda:0', grad_fn=<DivBackward0>)
Memory status after this epoch: 
Memory allocated:  232.93408203125
Memory cached:  540.0
	 epoch  60 training error:  tensor(0.1520, device='cuda:0', grad_fn=<DivBackward0>)
Memory status after this epoch: 
Memory allocated:  232.93408203125
Memory cached:  528.0
	 epoch  70 training error:  tensor(0.1458, device='cuda:0', grad_fn=<DivBackward0>)
Memory status after this epoch: 
Memory allocated:  232.93408203125
Memory cached:  532.0
	 epoch  80 training error:  tensor(0.1379, device='cuda:0', grad_fn=<DivBackward0>)
Memory status after this epoch: 
Memory allocated:  232.93408203125
Memory cached:  528.0
	 epoch  90 training error:  tensor(0.1264, device='cuda:0', grad_fn=<DivBackward0>)
Memory status after this epoch: 
Memory allocated:  232.93408203125
Memory cached:  534.0
