[I 2024-01-03 22:36:36,175] Trial 138 finished with value: 0.1411283165216446 and parameters: {'W_layers': 6, 'W_layer_units_exponent_0': 6, 'W_layer_units_exponent_1': 5, 'W_layer_units_exponent_2': 7, 'W_layer_units_exponent_3': 5, 'W_layer_units_exponent_4': 7, 'W_layer_units_exponent_5': 7, 'D_layers': 3, 'D_layer_units_exponent_0': 10, 'D_layer_units_exponent_1': 6, 'D_layer_units_exponent_2': 9, 'D_dagger_layers': 4, 'D_dagger_layer_units_exponent_0': 10, 'D_dagger_layer_units_exponent_1': 10, 'D_dagger_layer_units_exponent_2': 4, 'D_dagger_layer_units_exponent_3': 6, 'log_learning_rate': -4.542055400269304, 'log_learning_rate_D': -2.9410119608445657, 'log_learning_rate_D_dagger': -2.963318069828453, 'training_batch_size': 9, 'training_p': 8}. Best is trial 87 with value: 0.11369848251342773.
Time for this trial:  188.926593542099
Memory status after this trial: 
Memory allocated:  499.158203125
Memory cached:  602.0
--------------------  Trial  139   --------------------
Start timing: 
Parameters: 
{'W_layers': 6, 'W_layer_units_exponent_0': 5, 'W_layer_units_exponent_1': 4, 'W_layer_units_exponent_2': 7, 'W_layer_units_exponent_3': 5, 'W_layer_units_exponent_4': 6, 'W_layer_units_exponent_5': 7, 'D_layers': 3, 'D_layer_units_exponent_0': 10, 'D_layer_units_exponent_1': 7, 'D_layer_units_exponent_2': 9, 'D_dagger_layers': 4, 'D_dagger_layer_units_exponent_0': 10, 'D_dagger_layer_units_exponent_1': 10, 'D_dagger_layer_units_exponent_2': 4, 'D_dagger_layer_units_exponent_3': 8, 'log_learning_rate': -4.525849896968803, 'log_learning_rate_D': -3.256251905069217, 'log_learning_rate_D_dagger': -2.949340910005505, 'training_batch_size': 8, 'training_p': 7}
	 epoch  0 training error:  tensor(1.0182, device='cuda:0', grad_fn=<DivBackward0>)
Memory status after this epoch: 
Memory allocated:  289.01123046875
Memory cached:  616.0
	 epoch  10 training error:  tensor(0.5738, device='cuda:0', grad_fn=<DivBackward0>)
Memory status after this epoch: 
Memory allocated:  289.01123046875
Memory cached:  674.0
	 epoch  20 training error:  tensor(0.5305, device='cuda:0', grad_fn=<DivBackward0>)
Memory status after this epoch: 
Memory allocated:  289.01123046875
Memory cached:  662.0
	 epoch  30 training error:  tensor(0.5140, device='cuda:0', grad_fn=<DivBackward0>)
Memory status after this epoch: 
Memory allocated:  289.01123046875
Memory cached:  670.0
	 epoch  40 training error:  tensor(0.4228, device='cuda:0', grad_fn=<DivBackward0>)
Memory status after this epoch: 
Memory allocated:  289.01123046875
Memory cached:  670.0
	 epoch  50 training error:  tensor(0.4093, device='cuda:0', grad_fn=<DivBackward0>)
Memory status after this epoch: 
Memory allocated:  289.01123046875
Memory cached:  672.0
	 epoch  60 training error:  tensor(0.3352, device='cuda:0', grad_fn=<DivBackward0>)
Memory status after this epoch: 
Memory allocated:  289.01123046875
Memory cached:  676.0
	 epoch  70 training error:  tensor(0.2621, device='cuda:0', grad_fn=<DivBackward0>)
Memory status after this epoch: 
Memory allocated:  289.01123046875
Memory cached:  674.0
	 epoch  80 training error:  tensor(0.2429, device='cuda:0', grad_fn=<DivBackward0>)
Memory status after this epoch: 
Memory allocated:  289.01123046875
Memory cached:  674.0
	 epoch  90 training error:  tensor(0.2242, device='cuda:0', grad_fn=<DivBackward0>)
Memory status after this epoch: 
Memory allocated:  289.01123046875
Memory cached:  672.0
[I 2024-01-03 22:39:45,443] Trial 139 finished with value: 0.15572164952754974 and parameters: {'W_layers': 6, 'W_layer_units_exponent_0': 5, 'W_layer_units_exponent_1': 4, 'W_layer_units_exponent_2': 7, 'W_layer_units_exponent_3': 5, 'W_layer_units_exponent_4': 6, 'W_layer_units_exponent_5': 7, 'D_layers': 3, 'D_layer_units_exponent_0': 10, 'D_layer_units_exponent_1': 7, 'D_layer_units_exponent_2': 9, 'D_dagger_layers': 4, 'D_dagger_layer_units_exponent_0': 10, 'D_dagger_layer_units_exponent_1': 10, 'D_dagger_layer_units_exponent_2': 4, 'D_dagger_layer_units_exponent_3': 8, 'log_learning_rate': -4.525849896968803, 'log_learning_rate_D': -3.256251905069217, 'log_learning_rate_D_dagger': -2.949340910005505, 'training_batch_size': 8, 'training_p': 7}. Best is trial 87 with value: 0.11369848251342773.
Time for this trial:  188.79386448860168
Memory status after this trial: 
Memory allocated:  506.1904296875
Memory cached:  614.0
--------------------  Trial  140   --------------------
Start timing: 
Parameters: 
{'W_layers': 6, 'W_layer_units_exponent_0': 6, 'W_layer_units_exponent_1': 5, 'W_layer_units_exponent_2': 7, 'W_layer_units_exponent_3': 6, 'W_layer_units_exponent_4': 7, 'W_layer_units_exponent_5': 7, 'D_layers': 2, 'D_layer_units_exponent_0': 10, 'D_layer_units_exponent_1': 6, 'D_dagger_layers': 4, 'D_dagger_layer_units_exponent_0': 10, 'D_dagger_layer_units_exponent_1': 10, 'D_dagger_layer_units_exponent_2': 4, 'D_dagger_layer_units_exponent_3': 5, 'log_learning_rate': -4.437519361130143, 'log_learning_rate_D': -2.8008678383480072, 'log_learning_rate_D_dagger': -2.8316442890183167, 'training_batch_size': 9, 'training_p': 8}
	 epoch  0 training error:  tensor(0.9811, device='cuda:0', grad_fn=<DivBackward0>)
Memory status after this epoch: 
Memory allocated:  287.27490234375
Memory cached:  624.0
	 epoch  10 training error:  tensor(0.5839, device='cuda:0', grad_fn=<DivBackward0>)
Memory status after this epoch: 
Memory allocated:  287.27490234375
Memory cached:  648.0
	 epoch  20 training error:  tensor(0.5466, device='cuda:0', grad_fn=<DivBackward0>)
Memory status after this epoch: 
Memory allocated:  287.27490234375
Memory cached:  648.0
	 epoch  30 training error:  tensor(0.5449, device='cuda:0', grad_fn=<DivBackward0>)
Memory status after this epoch: 
Memory allocated:  287.27490234375
Memory cached:  650.0
	 epoch  40 training error:  tensor(0.5397, device='cuda:0', grad_fn=<DivBackward0>)
Memory status after this epoch: 
Memory allocated:  287.27490234375
Memory cached:  646.0
	 epoch  50 training error:  tensor(0.5347, device='cuda:0', grad_fn=<DivBackward0>)
Memory status after this epoch: 
Memory allocated:  287.27490234375
Memory cached:  646.0
	 epoch  60 training error:  tensor(0.4692, device='cuda:0', grad_fn=<DivBackward0>)
Memory status after this epoch: 
Memory allocated:  287.27490234375
Memory cached:  646.0
	 epoch  70 training error:  tensor(0.3341, device='cuda:0', grad_fn=<DivBackward0>)
Memory status after this epoch: 
Memory allocated:  287.27490234375
Memory cached:  642.0
	 epoch  80 training error:  tensor(0.3276, device='cuda:0', grad_fn=<DivBackward0>)
Memory status after this epoch: 
Memory allocated:  287.27490234375
Memory cached:  640.0
	 epoch  90 training error:  tensor(0.2626, device='cuda:0', grad_fn=<DivBackward0>)
Memory status after this epoch: 
Memory allocated:  287.27490234375
Memory cached:  646.0
[I 2024-01-03 22:42:43,078] Trial 140 finished with value: 0.16804315149784088 and parameters: {'W_layers': 6, 'W_layer_units_exponent_0': 6, 'W_layer_units_exponent_1': 5, 'W_layer_units_exponent_2': 7, 'W_layer_units_exponent_3': 6, 'W_layer_units_exponent_4': 7, 'W_layer_units_exponent_5': 7, 'D_layers': 2, 'D_layer_units_exponent_0': 10, 'D_layer_units_exponent_1': 6, 'D_dagger_layers': 4, 'D_dagger_layer_units_exponent_0': 10, 'D_dagger_layer_units_exponent_1': 10, 'D_dagger_layer_units_exponent_2': 4, 'D_dagger_layer_units_exponent_3': 5, 'log_learning_rate': -4.437519361130143, 'log_learning_rate_D': -2.8008678383480072, 'log_learning_rate_D_dagger': -2.8316442890183167, 'training_batch_size': 9, 'training_p': 8}. Best is trial 87 with value: 0.11369848251342773.
Time for this trial:  177.1661286354065
Memory status after this trial: 
Memory allocated:  475.517578125
Memory cached:  598.0
--------------------  Trial  141   --------------------
Start timing: 
Parameters: 
{'W_layers': 6, 'W_layer_units_exponent_0': 6, 'W_layer_units_exponent_1': 5, 'W_layer_units_exponent_2': 7, 'W_layer_units_exponent_3': 5, 'W_layer_units_exponent_4': 7, 'W_layer_units_exponent_5': 7, 'D_layers': 3, 'D_layer_units_exponent_0': 10, 'D_layer_units_exponent_1': 6, 'D_layer_units_exponent_2': 9, 'D_dagger_layers': 4, 'D_dagger_layer_units_exponent_0': 10, 'D_dagger_layer_units_exponent_1': 10, 'D_dagger_layer_units_exponent_2': 4, 'D_dagger_layer_units_exponent_3': 6, 'log_learning_rate': -4.615740266627705, 'log_learning_rate_D': -2.927439896814681, 'log_learning_rate_D_dagger': -3.1462916156426526, 'training_batch_size': 9, 'training_p': 8}
	 epoch  0 training error:  tensor(0.9626, device='cuda:0', grad_fn=<DivBackward0>)
Memory status after this epoch: 
Memory allocated:  287.67138671875
Memory cached:  620.0
	 epoch  10 training error:  tensor(0.5724, device='cuda:0', grad_fn=<DivBackward0>)
Memory status after this epoch: 
Memory allocated:  287.67138671875
Memory cached:  638.0
	 epoch  20 training error:  tensor(0.5599, device='cuda:0', grad_fn=<DivBackward0>)
Memory status after this epoch: 
Memory allocated:  287.67138671875
Memory cached:  646.0
	 epoch  30 training error:  tensor(0.5453, device='cuda:0', grad_fn=<DivBackward0>)
Memory status after this epoch: 
Memory allocated:  287.67138671875
Memory cached:  644.0
	 epoch  40 training error:  tensor(0.5489, device='cuda:0', grad_fn=<DivBackward0>)
Memory status after this epoch: 
Memory allocated:  287.67138671875
Memory cached:  642.0
	 epoch  50 training error:  tensor(0.4987, device='cuda:0', grad_fn=<DivBackward0>)
Memory status after this epoch: 
Memory allocated:  287.67138671875
Memory cached:  646.0
	 epoch  60 training error:  tensor(0.4568, device='cuda:0', grad_fn=<DivBackward0>)
Memory status after this epoch: 
Memory allocated:  287.67138671875
Memory cached:  644.0
	 epoch  70 training error:  tensor(0.3634, device='cuda:0', grad_fn=<DivBackward0>)
Memory status after this epoch: 
Memory allocated:  287.67138671875
Memory cached:  650.0
	 epoch  80 training error:  tensor(0.2897, device='cuda:0', grad_fn=<DivBackward0>)
Memory status after this epoch: 
Memory allocated:  287.67138671875
Memory cached:  642.0
	 epoch  90 training error:  tensor(0.2858, device='cuda:0', grad_fn=<DivBackward0>)
Memory status after this epoch: 
Memory allocated:  287.67138671875
Memory cached:  644.0
[I 2024-01-03 22:45:52,534] Trial 141 finished with value: 0.15833830833435059 and parameters: {'W_layers': 6, 'W_layer_units_exponent_0': 6, 'W_layer_units_exponent_1': 5, 'W_layer_units_exponent_2': 7, 'W_layer_units_exponent_3': 5, 'W_layer_units_exponent_4': 7, 'W_layer_units_exponent_5': 7, 'D_layers': 3, 'D_layer_units_exponent_0': 10, 'D_layer_units_exponent_1': 6, 'D_layer_units_exponent_2': 9, 'D_dagger_layers': 4, 'D_dagger_layer_units_exponent_0': 10, 'D_dagger_layer_units_exponent_1': 10, 'D_dagger_layer_units_exponent_2': 4, 'D_dagger_layer_units_exponent_3': 6, 'log_learning_rate': -4.615740266627705, 'log_learning_rate_D': -2.927439896814681, 'log_learning_rate_D_dagger': -3.1462916156426526, 'training_batch_size': 9, 'training_p': 8}. Best is trial 87 with value: 0.11369848251342773.
Time for this trial:  188.96442985534668
Memory status after this trial: 
Memory allocated:  499.158203125
Memory cached:  608.0
--------------------  Trial  142   --------------------
Start timing: 
Parameters: 
{'W_layers': 6, 'W_layer_units_exponent_0': 4, 'W_layer_units_exponent_1': 5, 'W_layer_units_exponent_2': 7, 'W_layer_units_exponent_3': 5, 'W_layer_units_exponent_4': 7, 'W_layer_units_exponent_5': 9, 'D_layers': 3, 'D_layer_units_exponent_0': 10, 'D_layer_units_exponent_1': 6, 'D_layer_units_exponent_2': 9, 'D_dagger_layers': 5, 'D_dagger_layer_units_exponent_0': 10, 'D_dagger_layer_units_exponent_1': 10, 'D_dagger_layer_units_exponent_2': 4, 'D_dagger_layer_units_exponent_3': 6, 'D_dagger_layer_units_exponent_4': 4, 'log_learning_rate': -4.056554128145126, 'log_learning_rate_D': -2.891111691702559, 'log_learning_rate_D_dagger': -3.0739173681698406, 'training_batch_size': 9, 'training_p': 8}
	 epoch  0 training error:  tensor(0.9958, device='cuda:0', grad_fn=<DivBackward0>)
Memory status after this epoch: 
Memory allocated:  288.42724609375
Memory cached:  618.0
	 epoch  10 training error:  tensor(0.5660, device='cuda:0', grad_fn=<DivBackward0>)
Memory status after this epoch: 
Memory allocated:  288.42724609375
Memory cached:  674.0
	 epoch  20 training error:  tensor(0.5605, device='cuda:0', grad_fn=<DivBackward0>)
Memory status after this epoch: 
Memory allocated:  288.42724609375
Memory cached:  664.0
	 epoch  30 training error:  tensor(0.5539, device='cuda:0', grad_fn=<DivBackward0>)
Memory status after this epoch: 
Memory allocated:  288.42724609375
Memory cached:  670.0
	 epoch  40 training error:  tensor(0.5459, device='cuda:0', grad_fn=<DivBackward0>)
Memory status after this epoch: 
Memory allocated:  288.42724609375
Memory cached:  664.0
	 epoch  50 training error:  tensor(0.5428, device='cuda:0', grad_fn=<DivBackward0>)
Memory status after this epoch: 
Memory allocated:  288.42724609375
Memory cached:  670.0
	 epoch  60 training error:  tensor(0.5425, device='cuda:0', grad_fn=<DivBackward0>)
Memory status after this epoch: 
Memory allocated:  288.42724609375
Memory cached:  662.0
	 epoch  70 training error:  tensor(0.5383, device='cuda:0', grad_fn=<DivBackward0>)
Memory status after this epoch: 
Memory allocated:  288.42724609375
Memory cached:  664.0
	 epoch  80 training error:  tensor(0.5352, device='cuda:0', grad_fn=<DivBackward0>)
Memory status after this epoch: 
Memory allocated:  288.42724609375
Memory cached:  670.0
	 epoch  90 training error:  tensor(0.5246, device='cuda:0', grad_fn=<DivBackward0>)
Memory status after this epoch: 
Memory allocated:  288.42724609375
Memory cached:  664.0
[I 2024-01-03 22:49:11,825] Trial 142 finished with value: 0.3440823554992676 and parameters: {'W_layers': 6, 'W_layer_units_exponent_0': 4, 'W_layer_units_exponent_1': 5, 'W_layer_units_exponent_2': 7, 'W_layer_units_exponent_3': 5, 'W_layer_units_exponent_4': 7, 'W_layer_units_exponent_5': 9, 'D_layers': 3, 'D_layer_units_exponent_0': 10, 'D_layer_units_exponent_1': 6, 'D_layer_units_exponent_2': 9, 'D_dagger_layers': 5, 'D_dagger_layer_units_exponent_0': 10, 'D_dagger_layer_units_exponent_1': 10, 'D_dagger_layer_units_exponent_2': 4, 'D_dagger_layer_units_exponent_3': 6, 'D_dagger_layer_units_exponent_4': 4, 'log_learning_rate': -4.056554128145126, 'log_learning_rate_D': -2.891111691702559, 'log_learning_rate_D_dagger': -3.0739173681698406, 'training_batch_size': 9, 'training_p': 8}. Best is trial 87 with value: 0.11369848251342773.
Time for this trial:  198.7446665763855
Memory status after this trial: 
Memory allocated:  516.0888671875
Memory cached:  608.0
--------------------  Trial  143   --------------------
Start timing: 
Parameters: 
{'W_layers': 6, 'W_layer_units_exponent_0': 5, 'W_layer_units_exponent_1': 5, 'W_layer_units_exponent_2': 8, 'W_layer_units_exponent_3': 5, 'W_layer_units_exponent_4': 7, 'W_layer_units_exponent_5': 8, 'D_layers': 3, 'D_layer_units_exponent_0': 10, 'D_layer_units_exponent_1': 6, 'D_layer_units_exponent_2': 9, 'D_dagger_layers': 4, 'D_dagger_layer_units_exponent_0': 10, 'D_dagger_layer_units_exponent_1': 10, 'D_dagger_layer_units_exponent_2': 4, 'D_dagger_layer_units_exponent_3': 6, 'log_learning_rate': -4.299206467141419, 'log_learning_rate_D': -3.026809251314216, 'log_learning_rate_D_dagger': -2.9313889580095243, 'training_batch_size': 9, 'training_p': 8}
	 epoch  0 training error:  tensor(1.0050, device='cuda:0', grad_fn=<DivBackward0>)
Memory status after this epoch: 
Memory allocated:  288.03662109375
Memory cached:  620.0
	 epoch  10 training error:  tensor(0.5736, device='cuda:0', grad_fn=<DivBackward0>)
Memory status after this epoch: 
Memory allocated:  288.03662109375
Memory cached:  664.0
	 epoch  20 training error:  tensor(0.5439, device='cuda:0', grad_fn=<DivBackward0>)
Memory status after this epoch: 
Memory allocated:  288.03662109375
Memory cached:  662.0
	 epoch  30 training error:  tensor(0.5377, device='cuda:0', grad_fn=<DivBackward0>)
Memory status after this epoch: 
Memory allocated:  288.03662109375
Memory cached:  666.0
	 epoch  40 training error:  tensor(0.5162, device='cuda:0', grad_fn=<DivBackward0>)
Memory status after this epoch: 
Memory allocated:  288.03662109375
Memory cached:  668.0
	 epoch  50 training error:  tensor(0.4705, device='cuda:0', grad_fn=<DivBackward0>)
Memory status after this epoch: 
Memory allocated:  288.03662109375
Memory cached:  664.0
	 epoch  60 training error:  tensor(0.3317, device='cuda:0', grad_fn=<DivBackward0>)
Memory status after this epoch: 
Memory allocated:  288.03662109375
Memory cached:  680.0
	 epoch  70 training error:  tensor(0.2791, device='cuda:0', grad_fn=<DivBackward0>)
Memory status after this epoch: 
Memory allocated:  288.03662109375
Memory cached:  660.0
	 epoch  80 training error:  tensor(0.2336, device='cuda:0', grad_fn=<DivBackward0>)
Memory status after this epoch: 
Memory allocated:  288.03662109375
Memory cached:  652.0
	 epoch  90 training error:  tensor(0.2811, device='cuda:0', grad_fn=<DivBackward0>)
Memory status after this epoch: 
Memory allocated:  288.03662109375
Memory cached:  660.0
[I 2024-01-03 22:52:24,292] Trial 143 finished with value: 0.1562836915254593 and parameters: {'W_layers': 6, 'W_layer_units_exponent_0': 5, 'W_layer_units_exponent_1': 5, 'W_layer_units_exponent_2': 8, 'W_layer_units_exponent_3': 5, 'W_layer_units_exponent_4': 7, 'W_layer_units_exponent_5': 8, 'D_layers': 3, 'D_layer_units_exponent_0': 10, 'D_layer_units_exponent_1': 6, 'D_layer_units_exponent_2': 9, 'D_dagger_layers': 4, 'D_dagger_layer_units_exponent_0': 10, 'D_dagger_layer_units_exponent_1': 10, 'D_dagger_layer_units_exponent_2': 4, 'D_dagger_layer_units_exponent_3': 6, 'log_learning_rate': -4.299206467141419, 'log_learning_rate_D': -3.026809251314216, 'log_learning_rate_D_dagger': -2.9313889580095243, 'training_batch_size': 9, 'training_p': 8}. Best is trial 87 with value: 0.11369848251342773.
Time for this trial:  191.9571087360382
Memory status after this trial: 
Memory allocated:  510.3271484375
Memory cached:  618.0
--------------------  Trial  144   --------------------
Start timing: 
Parameters: 
{'W_layers': 6, 'W_layer_units_exponent_0': 6, 'W_layer_units_exponent_1': 4, 'W_layer_units_exponent_2': 7, 'W_layer_units_exponent_3': 5, 'W_layer_units_exponent_4': 7, 'W_layer_units_exponent_5': 7, 'D_layers': 3, 'D_layer_units_exponent_0': 10, 'D_layer_units_exponent_1': 6, 'D_layer_units_exponent_2': 9, 'D_dagger_layers': 4, 'D_dagger_layer_units_exponent_0': 10, 'D_dagger_layer_units_exponent_1': 7, 'D_dagger_layer_units_exponent_2': 4, 'D_dagger_layer_units_exponent_3': 6, 'log_learning_rate': -4.735925674641704, 'log_learning_rate_D': -2.7426642084087907, 'log_learning_rate_D_dagger': -3.3122450978406555, 'training_batch_size': 9, 'training_p': 8}
	 epoch  0 training error:  tensor(1.0217, device='cuda:0', grad_fn=<DivBackward0>)
Memory status after this epoch: 
Memory allocated:  273.39208984375
Memory cached:  596.0
	 epoch  10 training error:  tensor(0.5987, device='cuda:0', grad_fn=<DivBackward0>)
Memory status after this epoch: 
Memory allocated:  273.39208984375
Memory cached:  632.0
	 epoch  20 training error:  tensor(0.5613, device='cuda:0', grad_fn=<DivBackward0>)
Memory status after this epoch: 
Memory allocated:  273.39208984375
Memory cached:  628.0
	 epoch  30 training error:  tensor(0.5572, device='cuda:0', grad_fn=<DivBackward0>)
Memory status after this epoch: 
Memory allocated:  273.39208984375
Memory cached:  618.0
	 epoch  40 training error:  tensor(0.5535, device='cuda:0', grad_fn=<DivBackward0>)
Memory status after this epoch: 
Memory allocated:  273.39208984375
Memory cached:  618.0
	 epoch  50 training error:  tensor(0.5536, device='cuda:0', grad_fn=<DivBackward0>)
Memory status after this epoch: 
Memory allocated:  273.39208984375
Memory cached:  628.0
	 epoch  60 training error:  tensor(0.5489, device='cuda:0', grad_fn=<DivBackward0>)
Memory status after this epoch: 
Memory allocated:  273.39208984375
Memory cached:  624.0
	 epoch  70 training error:  tensor(0.5491, device='cuda:0', grad_fn=<DivBackward0>)
Memory status after this epoch: 
Memory allocated:  273.39208984375
Memory cached:  622.0
	 epoch  80 training error:  tensor(0.5416, device='cuda:0', grad_fn=<DivBackward0>)
Memory status after this epoch: 
Memory allocated:  273.39208984375
Memory cached:  626.0
	 epoch  90 training error:  tensor(0.5385, device='cuda:0', grad_fn=<DivBackward0>)
Memory status after this epoch: 
Memory allocated:  273.39208984375
Memory cached:  622.0
