[I 2023-12-04 01:31:19,193] Trial 12 finished with value: 0.03372955694794655 and parameters: {'W_layers': 4, 'W_layer_units_exponent_0': 8, 'W_layer_units_exponent_1': 10, 'W_layer_units_exponent_2': 8, 'W_layer_units_exponent_3': 10, 'D_layers': 6, 'D_layer_units_exponent_0': 10, 'D_layer_units_exponent_1': 9, 'D_layer_units_exponent_2': 7, 'D_layer_units_exponent_3': 7, 'D_layer_units_exponent_4': 4, 'D_layer_units_exponent_5': 4, 'log_learning_rate': -3.715337338531186, 'log_learning_rate_D': -3.4940823375950454, 'training_batch_size': 7, 'training_p': 3}. Best is trial 0 with value: 0.027389800176024437.
Time for this trial:  49.42175364494324
Memory status after this trial: 
Memory allocated:  199.87841796875
Memory cached:  218.0
--------------------  Trial  13   --------------------
Start timing: 
Parameters: 
{'W_layers': 2, 'W_layer_units_exponent_0': 8, 'W_layer_units_exponent_1': 7, 'D_layers': 2, 'D_layer_units_exponent_0': 7, 'D_layer_units_exponent_1': 10, 'log_learning_rate': -3.793175872560383, 'log_learning_rate_D': -2.6221679883526674, 'training_batch_size': 7, 'training_p': 4}
	 epoch  0 training error:  tensor(1.0223, device='cuda:0', grad_fn=<DivBackward0>)
Memory status after this epoch: 
Memory allocated:  91.595703125
Memory cached:  112.0
	 epoch  10 training error:  tensor(0.5769, device='cuda:0', grad_fn=<DivBackward0>)
Memory status after this epoch: 
Memory allocated:  91.595703125
Memory cached:  114.0
	 epoch  20 training error:  tensor(0.3620, device='cuda:0', grad_fn=<DivBackward0>)
Memory status after this epoch: 
Memory allocated:  91.595703125
Memory cached:  114.0
	 epoch  30 training error:  tensor(0.2647, device='cuda:0', grad_fn=<DivBackward0>)
Memory status after this epoch: 
Memory allocated:  91.595703125
Memory cached:  114.0
	 epoch  40 training error:  tensor(0.2284, device='cuda:0', grad_fn=<DivBackward0>)
Memory status after this epoch: 
Memory allocated:  91.595703125
Memory cached:  114.0
	 epoch  50 training error:  tensor(0.2162, device='cuda:0', grad_fn=<DivBackward0>)
Memory status after this epoch: 
Memory allocated:  91.595703125
Memory cached:  114.0
	 epoch  60 training error:  tensor(0.2016, device='cuda:0', grad_fn=<DivBackward0>)
Memory status after this epoch: 
Memory allocated:  91.595703125
Memory cached:  114.0
	 epoch  70 training error:  tensor(0.1907, device='cuda:0', grad_fn=<DivBackward0>)
Memory status after this epoch: 
Memory allocated:  91.595703125
Memory cached:  114.0
	 epoch  80 training error:  tensor(0.2855, device='cuda:0', grad_fn=<DivBackward0>)
Memory status after this epoch: 
Memory allocated:  91.595703125
Memory cached:  114.0
	 epoch  90 training error:  tensor(0.2029, device='cuda:0', grad_fn=<DivBackward0>)
Memory status after this epoch: 
Memory allocated:  91.595703125
Memory cached:  114.0
[I 2023-12-04 01:31:52,280] Trial 13 finished with value: 0.1546429544687271 and parameters: {'W_layers': 2, 'W_layer_units_exponent_0': 8, 'W_layer_units_exponent_1': 7, 'D_layers': 2, 'D_layer_units_exponent_0': 7, 'D_layer_units_exponent_1': 10, 'log_learning_rate': -3.793175872560383, 'log_learning_rate_D': -2.6221679883526674, 'training_batch_size': 7, 'training_p': 4}. Best is trial 0 with value: 0.027389800176024437.
Time for this trial:  32.932647705078125
Memory status after this trial: 
Memory allocated:  125.27197265625
Memory cached:  144.0
--------------------  Trial  14   --------------------
Start timing: 
Parameters: 
{'W_layers': 5, 'W_layer_units_exponent_0': 7, 'W_layer_units_exponent_1': 9, 'W_layer_units_exponent_2': 8, 'W_layer_units_exponent_3': 9, 'W_layer_units_exponent_4': 7, 'D_layers': 6, 'D_layer_units_exponent_0': 6, 'D_layer_units_exponent_1': 8, 'D_layer_units_exponent_2': 6, 'D_layer_units_exponent_3': 10, 'D_layer_units_exponent_4': 5, 'D_layer_units_exponent_5': 10, 'log_learning_rate': -2.243231822920767, 'log_learning_rate_D': -3.7937242146139845, 'training_batch_size': 8, 'training_p': 2}
	 epoch  0 training error:  tensor(0.9865, device='cuda:0', grad_fn=<DivBackward0>)
Memory status after this epoch: 
Memory allocated:  97.607421875
Memory cached:  116.0
	 epoch  10 training error:  tensor(0.7661, device='cuda:0', grad_fn=<DivBackward0>)
Memory status after this epoch: 
Memory allocated:  97.607421875
Memory cached:  120.0
	 epoch  20 training error:  tensor(0.1876, device='cuda:0', grad_fn=<DivBackward0>)
Memory status after this epoch: 
Memory allocated:  97.607421875
Memory cached:  120.0
	 epoch  30 training error:  tensor(0.1102, device='cuda:0', grad_fn=<DivBackward0>)
Memory status after this epoch: 
Memory allocated:  97.607421875
Memory cached:  120.0
	 epoch  40 training error:  tensor(0.1041, device='cuda:0', grad_fn=<DivBackward0>)
Memory status after this epoch: 
Memory allocated:  97.607421875
Memory cached:  120.0
	 epoch  50 training error:  tensor(0.0926, device='cuda:0', grad_fn=<DivBackward0>)
Memory status after this epoch: 
Memory allocated:  97.607421875
Memory cached:  120.0
	 epoch  60 training error:  tensor(0.0914, device='cuda:0', grad_fn=<DivBackward0>)
Memory status after this epoch: 
Memory allocated:  97.607421875
Memory cached:  120.0
	 epoch  70 training error:  tensor(0.0870, device='cuda:0', grad_fn=<DivBackward0>)
Memory status after this epoch: 
Memory allocated:  97.607421875
Memory cached:  120.0
	 epoch  80 training error:  tensor(0.0770, device='cuda:0', grad_fn=<DivBackward0>)
Memory status after this epoch: 
Memory allocated:  97.607421875
Memory cached:  120.0
	 epoch  90 training error:  tensor(0.0706, device='cuda:0', grad_fn=<DivBackward0>)
Memory status after this epoch: 
Memory allocated:  97.607421875
Memory cached:  120.0
[I 2023-12-04 01:32:43,121] Trial 14 finished with value: 0.07803433388471603 and parameters: {'W_layers': 5, 'W_layer_units_exponent_0': 7, 'W_layer_units_exponent_1': 9, 'W_layer_units_exponent_2': 8, 'W_layer_units_exponent_3': 9, 'W_layer_units_exponent_4': 7, 'D_layers': 6, 'D_layer_units_exponent_0': 6, 'D_layer_units_exponent_1': 8, 'D_layer_units_exponent_2': 6, 'D_layer_units_exponent_3': 10, 'D_layer_units_exponent_4': 5, 'D_layer_units_exponent_5': 10, 'log_learning_rate': -2.243231822920767, 'log_learning_rate_D': -3.7937242146139845, 'training_batch_size': 8, 'training_p': 2}. Best is trial 0 with value: 0.027389800176024437.
Time for this trial:  50.6632616519928
Memory status after this trial: 
Memory allocated:  184.3740234375
Memory cached:  206.0
--------------------  Trial  15   --------------------
Start timing: 
Parameters: 
{'W_layers': 4, 'W_layer_units_exponent_0': 9, 'W_layer_units_exponent_1': 4, 'W_layer_units_exponent_2': 10, 'W_layer_units_exponent_3': 4, 'D_layers': 3, 'D_layer_units_exponent_0': 9, 'D_layer_units_exponent_1': 9, 'D_layer_units_exponent_2': 8, 'log_learning_rate': -3.8513106559919406, 'log_learning_rate_D': -2.720254496799703, 'training_batch_size': 7, 'training_p': 4}
	 epoch  0 training error:  tensor(1.1060, device='cuda:0', grad_fn=<DivBackward0>)
Memory status after this epoch: 
Memory allocated:  95.748046875
Memory cached:  118.0
	 epoch  10 training error:  tensor(0.6983, device='cuda:0', grad_fn=<DivBackward0>)
Memory status after this epoch: 
Memory allocated:  95.748046875
Memory cached:  122.0
	 epoch  20 training error:  tensor(0.4377, device='cuda:0', grad_fn=<DivBackward0>)
Memory status after this epoch: 
Memory allocated:  95.748046875
Memory cached:  122.0
	 epoch  30 training error:  tensor(0.2644, device='cuda:0', grad_fn=<DivBackward0>)
Memory status after this epoch: 
Memory allocated:  95.748046875
Memory cached:  122.0
	 epoch  40 training error:  tensor(0.2112, device='cuda:0', grad_fn=<DivBackward0>)
Memory status after this epoch: 
Memory allocated:  95.748046875
Memory cached:  122.0
	 epoch  50 training error:  tensor(0.1915, device='cuda:0', grad_fn=<DivBackward0>)
Memory status after this epoch: 
Memory allocated:  95.748046875
Memory cached:  122.0
	 epoch  60 training error:  tensor(0.1808, device='cuda:0', grad_fn=<DivBackward0>)
Memory status after this epoch: 
Memory allocated:  95.748046875
Memory cached:  122.0
	 epoch  70 training error:  tensor(0.1724, device='cuda:0', grad_fn=<DivBackward0>)
Memory status after this epoch: 
Memory allocated:  95.748046875
Memory cached:  122.0
	 epoch  80 training error:  tensor(0.1698, device='cuda:0', grad_fn=<DivBackward0>)
Memory status after this epoch: 
Memory allocated:  95.748046875
Memory cached:  122.0
	 epoch  90 training error:  tensor(0.1676, device='cuda:0', grad_fn=<DivBackward0>)
Memory status after this epoch: 
Memory allocated:  95.748046875
Memory cached:  122.0
[I 2023-12-04 01:33:24,484] Trial 15 finished with value: 0.12236650288105011 and parameters: {'W_layers': 4, 'W_layer_units_exponent_0': 9, 'W_layer_units_exponent_1': 4, 'W_layer_units_exponent_2': 10, 'W_layer_units_exponent_3': 4, 'D_layers': 3, 'D_layer_units_exponent_0': 9, 'D_layer_units_exponent_1': 9, 'D_layer_units_exponent_2': 8, 'log_learning_rate': -3.8513106559919406, 'log_learning_rate_D': -2.720254496799703, 'training_batch_size': 7, 'training_p': 4}. Best is trial 0 with value: 0.027389800176024437.
Time for this trial:  41.19844603538513
Memory status after this trial: 
Memory allocated:  157.49462890625
Memory cached:  178.0
--------------------  Trial  16   --------------------
Start timing: 
Parameters: 
{'W_layers': 3, 'W_layer_units_exponent_0': 6, 'W_layer_units_exponent_1': 6, 'W_layer_units_exponent_2': 7, 'D_layers': 6, 'D_layer_units_exponent_0': 10, 'D_layer_units_exponent_1': 8, 'D_layer_units_exponent_2': 6, 'D_layer_units_exponent_3': 6, 'D_layer_units_exponent_4': 5, 'D_layer_units_exponent_5': 7, 'log_learning_rate': -3.3505978992267798, 'log_learning_rate_D': -2.078930800550485, 'training_batch_size': 8, 'training_p': 6}
	 epoch  0 training error:  tensor(1.0067, device='cuda:0', grad_fn=<DivBackward0>)
Memory status after this epoch: 
Memory allocated:  93.697265625
Memory cached:  112.0
	 epoch  10 training error:  tensor(0.7828, device='cuda:0', grad_fn=<DivBackward0>)
Memory status after this epoch: 
Memory allocated:  93.697265625
Memory cached:  114.0
	 epoch  20 training error:  tensor(0.6754, device='cuda:0', grad_fn=<DivBackward0>)
Memory status after this epoch: 
Memory allocated:  93.697265625
Memory cached:  114.0
	 epoch  30 training error:  tensor(0.5061, device='cuda:0', grad_fn=<DivBackward0>)
Memory status after this epoch: 
Memory allocated:  93.697265625
Memory cached:  114.0
	 epoch  40 training error:  tensor(0.3338, device='cuda:0', grad_fn=<DivBackward0>)
Memory status after this epoch: 
Memory allocated:  93.697265625
Memory cached:  114.0
	 epoch  50 training error:  tensor(0.2562, device='cuda:0', grad_fn=<DivBackward0>)
Memory status after this epoch: 
Memory allocated:  93.697265625
Memory cached:  114.0
	 epoch  60 training error:  tensor(0.2385, device='cuda:0', grad_fn=<DivBackward0>)
Memory status after this epoch: 
Memory allocated:  93.697265625
Memory cached:  114.0
	 epoch  70 training error:  tensor(0.2215, device='cuda:0', grad_fn=<DivBackward0>)
Memory status after this epoch: 
Memory allocated:  93.697265625
Memory cached:  114.0
	 epoch  80 training error:  tensor(0.2341, device='cuda:0', grad_fn=<DivBackward0>)
Memory status after this epoch: 
Memory allocated:  93.697265625
Memory cached:  114.0
	 epoch  90 training error:  tensor(0.2179, device='cuda:0', grad_fn=<DivBackward0>)
Memory status after this epoch: 
Memory allocated:  93.697265625
Memory cached:  114.0
[I 2023-12-04 01:34:07,975] Trial 16 finished with value: 0.13531368970870972 and parameters: {'W_layers': 3, 'W_layer_units_exponent_0': 6, 'W_layer_units_exponent_1': 6, 'W_layer_units_exponent_2': 7, 'D_layers': 6, 'D_layer_units_exponent_0': 10, 'D_layer_units_exponent_1': 8, 'D_layer_units_exponent_2': 6, 'D_layer_units_exponent_3': 6, 'D_layer_units_exponent_4': 5, 'D_layer_units_exponent_5': 7, 'log_learning_rate': -3.3505978992267798, 'log_learning_rate_D': -2.078930800550485, 'training_batch_size': 8, 'training_p': 6}. Best is trial 0 with value: 0.027389800176024437.
Time for this trial:  43.32391595840454
Memory status after this trial: 
Memory allocated:  132.8193359375
Memory cached:  152.0
--------------------  Trial  17   --------------------
Start timing: 
Parameters: 
{'W_layers': 6, 'W_layer_units_exponent_0': 9, 'W_layer_units_exponent_1': 9, 'W_layer_units_exponent_2': 9, 'W_layer_units_exponent_3': 8, 'W_layer_units_exponent_4': 7, 'W_layer_units_exponent_5': 9, 'D_layers': 5, 'D_layer_units_exponent_0': 8, 'D_layer_units_exponent_1': 6, 'D_layer_units_exponent_2': 6, 'D_layer_units_exponent_3': 8, 'D_layer_units_exponent_4': 6, 'log_learning_rate': -2.241204612623746, 'log_learning_rate_D': -3.6600816967050482, 'training_batch_size': 6, 'training_p': 4}
	 epoch  0 training error:  tensor(0.8619, device='cuda:0', grad_fn=<DivBackward0>)
Memory status after this epoch: 
Memory allocated:  101.3583984375
Memory cached:  122.0
	 epoch  10 training error:  tensor(0.4102, device='cuda:0', grad_fn=<DivBackward0>)
Memory status after this epoch: 
Memory allocated:  101.3583984375
Memory cached:  122.0
	 epoch  20 training error:  tensor(0.2186, device='cuda:0', grad_fn=<DivBackward0>)
Memory status after this epoch: 
Memory allocated:  101.3583984375
Memory cached:  122.0
	 epoch  30 training error:  tensor(0.1518, device='cuda:0', grad_fn=<DivBackward0>)
Memory status after this epoch: 
Memory allocated:  101.3583984375
Memory cached:  122.0
	 epoch  40 training error:  tensor(0.1270, device='cuda:0', grad_fn=<DivBackward0>)
Memory status after this epoch: 
Memory allocated:  101.3583984375
Memory cached:  122.0
	 epoch  50 training error:  tensor(0.1120, device='cuda:0', grad_fn=<DivBackward0>)
Memory status after this epoch: 
Memory allocated:  101.3583984375
Memory cached:  122.0
	 epoch  60 training error:  tensor(0.1174, device='cuda:0', grad_fn=<DivBackward0>)
Memory status after this epoch: 
Memory allocated:  101.3583984375
Memory cached:  122.0
	 epoch  70 training error:  tensor(0.1025, device='cuda:0', grad_fn=<DivBackward0>)
Memory status after this epoch: 
Memory allocated:  101.3583984375
Memory cached:  122.0
	 epoch  80 training error:  tensor(0.1123, device='cuda:0', grad_fn=<DivBackward0>)
Memory status after this epoch: 
Memory allocated:  101.3583984375
Memory cached:  122.0
	 epoch  90 training error:  tensor(0.0807, device='cuda:0', grad_fn=<DivBackward0>)
Memory status after this epoch: 
Memory allocated:  101.3583984375
Memory cached:  122.0
[I 2023-12-04 01:35:26,831] Trial 17 finished with value: 0.07869511097669601 and parameters: {'W_layers': 6, 'W_layer_units_exponent_0': 9, 'W_layer_units_exponent_1': 9, 'W_layer_units_exponent_2': 9, 'W_layer_units_exponent_3': 8, 'W_layer_units_exponent_4': 7, 'W_layer_units_exponent_5': 9, 'D_layers': 5, 'D_layer_units_exponent_0': 8, 'D_layer_units_exponent_1': 6, 'D_layer_units_exponent_2': 6, 'D_layer_units_exponent_3': 8, 'D_layer_units_exponent_4': 6, 'log_learning_rate': -2.241204612623746, 'log_learning_rate_D': -3.6600816967050482, 'training_batch_size': 6, 'training_p': 4}. Best is trial 0 with value: 0.027389800176024437.
Time for this trial:  78.65388894081116
Memory status after this trial: 
Memory allocated:  166.88916015625
Memory cached:  190.0
--------------------  Trial  18   --------------------
Start timing: 
Parameters: 
{'W_layers': 8, 'W_layer_units_exponent_0': 7, 'W_layer_units_exponent_1': 7, 'W_layer_units_exponent_2': 7, 'W_layer_units_exponent_3': 9, 'W_layer_units_exponent_4': 10, 'W_layer_units_exponent_5': 7, 'W_layer_units_exponent_6': 4, 'W_layer_units_exponent_7': 4, 'D_layers': 3, 'D_layer_units_exponent_0': 6, 'D_layer_units_exponent_1': 10, 'D_layer_units_exponent_2': 8, 'log_learning_rate': -4.163435948132439, 'log_learning_rate_D': -2.965715385572291, 'training_batch_size': 7, 'training_p': 6}
	 epoch  0 training error:  tensor(0.9752, device='cuda:0', grad_fn=<DivBackward0>)
Memory status after this epoch: 
Memory allocated:  105.541015625
Memory cached:  116.0
	 epoch  10 training error:  tensor(0.7975, device='cuda:0', grad_fn=<DivBackward0>)
Memory status after this epoch: 
Memory allocated:  105.541015625
Memory cached:  118.0
	 epoch  20 training error:  tensor(0.7151, device='cuda:0', grad_fn=<DivBackward0>)
Memory status after this epoch: 
Memory allocated:  105.541015625
Memory cached:  118.0
	 epoch  30 training error:  tensor(0.6146, device='cuda:0', grad_fn=<DivBackward0>)
Memory status after this epoch: 
Memory allocated:  105.541015625
Memory cached:  118.0
	 epoch  40 training error:  tensor(0.4741, device='cuda:0', grad_fn=<DivBackward0>)
Memory status after this epoch: 
Memory allocated:  105.541015625
Memory cached:  118.0
	 epoch  50 training error:  tensor(0.3823, device='cuda:0', grad_fn=<DivBackward0>)
Memory status after this epoch: 
Memory allocated:  105.541015625
Memory cached:  118.0
	 epoch  60 training error:  tensor(0.3105, device='cuda:0', grad_fn=<DivBackward0>)
Memory status after this epoch: 
Memory allocated:  105.541015625
Memory cached:  118.0
	 epoch  70 training error:  tensor(0.2588, device='cuda:0', grad_fn=<DivBackward0>)
Memory status after this epoch: 
Memory allocated:  105.541015625
Memory cached:  118.0
	 epoch  80 training error:  tensor(0.2252, device='cuda:0', grad_fn=<DivBackward0>)
Memory status after this epoch: 
Memory allocated:  105.541015625
Memory cached:  118.0
	 epoch  90 training error:  tensor(0.2097, device='cuda:0', grad_fn=<DivBackward0>)
Memory status after this epoch: 
Memory allocated:  105.541015625
Memory cached:  118.0
[I 2023-12-04 01:36:16,758] Trial 18 finished with value: 0.12331070005893707 and parameters: {'W_layers': 8, 'W_layer_units_exponent_0': 7, 'W_layer_units_exponent_1': 7, 'W_layer_units_exponent_2': 7, 'W_layer_units_exponent_3': 9, 'W_layer_units_exponent_4': 10, 'W_layer_units_exponent_5': 7, 'W_layer_units_exponent_6': 4, 'W_layer_units_exponent_7': 4, 'D_layers': 3, 'D_layer_units_exponent_0': 6, 'D_layer_units_exponent_1': 10, 'D_layer_units_exponent_2': 8, 'log_learning_rate': -4.163435948132439, 'log_learning_rate_D': -2.965715385572291, 'training_batch_size': 7, 'training_p': 6}. Best is trial 0 with value: 0.027389800176024437.
Time for this trial:  49.742363691329956
Memory status after this trial: 
Memory allocated:  175.56005859375
Memory cached:  194.0
--------------------  Trial  19   --------------------
Start timing: 
Parameters: 
{'W_layers': 4, 'W_layer_units_exponent_0': 5, 'W_layer_units_exponent_1': 6, 'W_layer_units_exponent_2': 9, 'W_layer_units_exponent_3': 8, 'D_layers': 7, 'D_layer_units_exponent_0': 9, 'D_layer_units_exponent_1': 8, 'D_layer_units_exponent_2': 5, 'D_layer_units_exponent_3': 6, 'D_layer_units_exponent_4': 5, 'D_layer_units_exponent_5': 8, 'D_layer_units_exponent_6': 4, 'log_learning_rate': -4.683416379554625, 'log_learning_rate_D': -4.024150798592354, 'training_batch_size': 10, 'training_p': 3}
	 epoch  0 training error:  tensor(1.0103, device='cuda:0', grad_fn=<DivBackward0>)
Memory status after this epoch: 
Memory allocated:  93.921875
Memory cached:  114.0
	 epoch  10 training error:  tensor(0.9685, device='cuda:0', grad_fn=<DivBackward0>)
Memory status after this epoch: 
Memory allocated:  93.921875
Memory cached:  116.0
	 epoch  20 training error:  tensor(0.9256, device='cuda:0', grad_fn=<DivBackward0>)
Memory status after this epoch: 
Memory allocated:  93.921875
Memory cached:  116.0
	 epoch  30 training error:  tensor(0.8794, device='cuda:0', grad_fn=<DivBackward0>)
Memory status after this epoch: 
Memory allocated:  93.921875
Memory cached:  116.0
	 epoch  40 training error:  tensor(0.8266, device='cuda:0', grad_fn=<DivBackward0>)
Memory status after this epoch: 
Memory allocated:  93.921875
Memory cached:  116.0
	 epoch  50 training error:  tensor(0.7628, device='cuda:0', grad_fn=<DivBackward0>)
Memory status after this epoch: 
Memory allocated:  93.921875
Memory cached:  116.0
	 epoch  60 training error:  tensor(0.6832, device='cuda:0', grad_fn=<DivBackward0>)
Memory status after this epoch: 
Memory allocated:  93.921875
Memory cached:  116.0
	 epoch  70 training error:  tensor(0.5837, device='cuda:0', grad_fn=<DivBackward0>)
Memory status after this epoch: 
Memory allocated:  93.921875
Memory cached:  116.0
	 epoch  80 training error:  tensor(0.4642, device='cuda:0', grad_fn=<DivBackward0>)
Memory status after this epoch: 
Memory allocated:  93.921875
Memory cached:  116.0
	 epoch  90 training error:  tensor(0.3438, device='cuda:0', grad_fn=<DivBackward0>)
Memory status after this epoch: 
Memory allocated:  93.921875
Memory cached:  116.0
