[I 2024-01-13 23:33:59,270] Trial 18 finished with value: 0.10021455585956573 and parameters: {'W_layers': 6, 'W_layer_units_exponent_0': 5, 'W_layer_units_exponent_1': 4, 'W_layer_units_exponent_2': 6, 'W_layer_units_exponent_3': 9, 'W_layer_units_exponent_4': 8, 'W_layer_units_exponent_5': 4, 'D_layers': 7, 'D_layer_units_exponent_0': 6, 'D_layer_units_exponent_1': 7, 'D_layer_units_exponent_2': 6, 'D_layer_units_exponent_3': 6, 'D_layer_units_exponent_4': 7, 'D_layer_units_exponent_5': 4, 'D_layer_units_exponent_6': 7, 'D_dagger_layers': 7, 'D_dagger_layer_units_exponent_0': 9, 'D_dagger_layer_units_exponent_1': 6, 'D_dagger_layer_units_exponent_2': 5, 'D_dagger_layer_units_exponent_3': 9, 'D_dagger_layer_units_exponent_4': 7, 'D_dagger_layer_units_exponent_5': 10, 'D_dagger_layer_units_exponent_6': 7, 'log_learning_rate': -2.724778102887742, 'log_learning_rate_D': -4.443059694731296, 'log_learning_rate_D_dagger': -4.957800194505034, 'training_batch_size': 6, 'training_p': 5}. Best is trial 14 with value: 0.08965053409337997.
Time for this trial:  29.853861331939697
Memory status after this trial: 
Memory allocated:  521.18603515625
Memory cached:  546.0
--------------------  Trial  19   --------------------
Start timing: 
Parameters: 
{'W_layers': 3, 'W_layer_units_exponent_0': 7, 'W_layer_units_exponent_1': 6, 'W_layer_units_exponent_2': 8, 'D_layers': 4, 'D_layer_units_exponent_0': 8, 'D_layer_units_exponent_1': 5, 'D_layer_units_exponent_2': 9, 'D_layer_units_exponent_3': 10, 'D_dagger_layers': 4, 'D_dagger_layer_units_exponent_0': 10, 'D_dagger_layer_units_exponent_1': 8, 'D_dagger_layer_units_exponent_2': 8, 'D_dagger_layer_units_exponent_3': 7, 'log_learning_rate': -4.017666768068822, 'log_learning_rate_D': -4.974111847821607, 'log_learning_rate_D_dagger': -3.9624103533913333, 'training_batch_size': 8, 'training_p': 6}
	 epoch  0 training error:  tensor(1.0008, device='cuda:0', grad_fn=<DivBackward0>)
Memory status after this epoch: 
Memory allocated:  168.1474609375
Memory cached:  230.0
	 epoch  10 training error:  tensor(0.2870, device='cuda:0', grad_fn=<DivBackward0>)
Memory status after this epoch: 
Memory allocated:  168.1474609375
Memory cached:  230.0
	 epoch  20 training error:  tensor(0.1955, device='cuda:0', grad_fn=<DivBackward0>)
Memory status after this epoch: 
Memory allocated:  168.1474609375
Memory cached:  230.0
	 epoch  30 training error:  tensor(0.1508, device='cuda:0', grad_fn=<DivBackward0>)
Memory status after this epoch: 
Memory allocated:  168.1474609375
Memory cached:  230.0
	 epoch  40 training error:  tensor(0.1340, device='cuda:0', grad_fn=<DivBackward0>)
Memory status after this epoch: 
Memory allocated:  168.1474609375
Memory cached:  230.0
	 epoch  50 training error:  tensor(0.1240, device='cuda:0', grad_fn=<DivBackward0>)
Memory status after this epoch: 
Memory allocated:  168.1474609375
Memory cached:  230.0
	 epoch  60 training error:  tensor(0.1172, device='cuda:0', grad_fn=<DivBackward0>)
Memory status after this epoch: 
Memory allocated:  168.1474609375
Memory cached:  230.0
	 epoch  70 training error:  tensor(0.1152, device='cuda:0', grad_fn=<DivBackward0>)
Memory status after this epoch: 
Memory allocated:  168.1474609375
Memory cached:  230.0
	 epoch  80 training error:  tensor(0.1143, device='cuda:0', grad_fn=<DivBackward0>)
Memory status after this epoch: 
Memory allocated:  168.1474609375
Memory cached:  230.0
	 epoch  90 training error:  tensor(0.1136, device='cuda:0', grad_fn=<DivBackward0>)
Memory status after this epoch: 
Memory allocated:  168.1474609375
Memory cached:  230.0
[I 2024-01-13 23:34:21,200] Trial 19 finished with value: 0.09178368747234344 and parameters: {'W_layers': 3, 'W_layer_units_exponent_0': 7, 'W_layer_units_exponent_1': 6, 'W_layer_units_exponent_2': 8, 'D_layers': 4, 'D_layer_units_exponent_0': 8, 'D_layer_units_exponent_1': 5, 'D_layer_units_exponent_2': 9, 'D_layer_units_exponent_3': 10, 'D_dagger_layers': 4, 'D_dagger_layer_units_exponent_0': 10, 'D_dagger_layer_units_exponent_1': 8, 'D_dagger_layer_units_exponent_2': 8, 'D_dagger_layer_units_exponent_3': 7, 'log_learning_rate': -4.017666768068822, 'log_learning_rate_D': -4.974111847821607, 'log_learning_rate_D_dagger': -3.9624103533913333, 'training_batch_size': 8, 'training_p': 6}. Best is trial 14 with value: 0.08965053409337997.
Time for this trial:  21.598925828933716
Memory status after this trial: 
Memory allocated:  387.18017578125
Memory cached:  406.0
--------------------  Trial  20   --------------------
Start timing: 
Parameters: 
{'W_layers': 5, 'W_layer_units_exponent_0': 6, 'W_layer_units_exponent_1': 5, 'W_layer_units_exponent_2': 5, 'W_layer_units_exponent_3': 9, 'W_layer_units_exponent_4': 7, 'D_layers': 7, 'D_layer_units_exponent_0': 9, 'D_layer_units_exponent_1': 8, 'D_layer_units_exponent_2': 6, 'D_layer_units_exponent_3': 4, 'D_layer_units_exponent_4': 10, 'D_layer_units_exponent_5': 8, 'D_layer_units_exponent_6': 4, 'D_dagger_layers': 5, 'D_dagger_layer_units_exponent_0': 8, 'D_dagger_layer_units_exponent_1': 5, 'D_dagger_layer_units_exponent_2': 5, 'D_dagger_layer_units_exponent_3': 9, 'D_dagger_layer_units_exponent_4': 10, 'log_learning_rate': -3.2206135012686543, 'log_learning_rate_D': -3.982778521968937, 'log_learning_rate_D_dagger': -3.441209154225519, 'training_batch_size': 7, 'training_p': 4}
	 epoch  0 training error:  tensor(0.8777, device='cuda:0', grad_fn=<DivBackward0>)
Memory status after this epoch: 
Memory allocated:  172.16162109375
Memory cached:  230.0
	 epoch  10 training error:  tensor(0.2222, device='cuda:0', grad_fn=<DivBackward0>)
Memory status after this epoch: 
Memory allocated:  172.16162109375
Memory cached:  232.0
	 epoch  20 training error:  tensor(0.1427, device='cuda:0', grad_fn=<DivBackward0>)
Memory status after this epoch: 
Memory allocated:  172.16162109375
Memory cached:  234.0
	 epoch  30 training error:  tensor(0.1306, device='cuda:0', grad_fn=<DivBackward0>)
Memory status after this epoch: 
Memory allocated:  172.16162109375
Memory cached:  232.0
	 epoch  40 training error:  tensor(0.1065, device='cuda:0', grad_fn=<DivBackward0>)
Memory status after this epoch: 
Memory allocated:  172.16162109375
Memory cached:  234.0
	 epoch  50 training error:  tensor(0.1117, device='cuda:0', grad_fn=<DivBackward0>)
Memory status after this epoch: 
Memory allocated:  172.16162109375
Memory cached:  232.0
	 epoch  60 training error:  tensor(0.1111, device='cuda:0', grad_fn=<DivBackward0>)
Memory status after this epoch: 
Memory allocated:  172.16162109375
Memory cached:  232.0
	 epoch  70 training error:  tensor(0.1120, device='cuda:0', grad_fn=<DivBackward0>)
Memory status after this epoch: 
Memory allocated:  172.16162109375
Memory cached:  232.0
	 epoch  80 training error:  tensor(0.1106, device='cuda:0', grad_fn=<DivBackward0>)
Memory status after this epoch: 
Memory allocated:  172.16162109375
Memory cached:  232.0
	 epoch  90 training error:  tensor(0.1113, device='cuda:0', grad_fn=<DivBackward0>)
Memory status after this epoch: 
Memory allocated:  172.16162109375
Memory cached:  230.0
[I 2024-01-13 23:34:53,595] Trial 20 finished with value: 0.09011663496494293 and parameters: {'W_layers': 5, 'W_layer_units_exponent_0': 6, 'W_layer_units_exponent_1': 5, 'W_layer_units_exponent_2': 5, 'W_layer_units_exponent_3': 9, 'W_layer_units_exponent_4': 7, 'D_layers': 7, 'D_layer_units_exponent_0': 9, 'D_layer_units_exponent_1': 8, 'D_layer_units_exponent_2': 6, 'D_layer_units_exponent_3': 4, 'D_layer_units_exponent_4': 10, 'D_layer_units_exponent_5': 8, 'D_layer_units_exponent_6': 4, 'D_dagger_layers': 5, 'D_dagger_layer_units_exponent_0': 8, 'D_dagger_layer_units_exponent_1': 5, 'D_dagger_layer_units_exponent_2': 5, 'D_dagger_layer_units_exponent_3': 9, 'D_dagger_layer_units_exponent_4': 10, 'log_learning_rate': -3.2206135012686543, 'log_learning_rate_D': -3.982778521968937, 'log_learning_rate_D_dagger': -3.441209154225519, 'training_batch_size': 7, 'training_p': 4}. Best is trial 14 with value: 0.08965053409337997.
Time for this trial:  32.021841287612915
Memory status after this trial: 
Memory allocated:  434.10888671875
Memory cached:  460.0
--------------------  Trial  21   --------------------
Start timing: 
Parameters: 
{'W_layers': 3, 'W_layer_units_exponent_0': 9, 'W_layer_units_exponent_1': 5, 'W_layer_units_exponent_2': 8, 'D_layers': 4, 'D_layer_units_exponent_0': 7, 'D_layer_units_exponent_1': 6, 'D_layer_units_exponent_2': 5, 'D_layer_units_exponent_3': 5, 'D_dagger_layers': 4, 'D_dagger_layer_units_exponent_0': 8, 'D_dagger_layer_units_exponent_1': 7, 'D_dagger_layer_units_exponent_2': 4, 'D_dagger_layer_units_exponent_3': 10, 'log_learning_rate': -2.461288325434623, 'log_learning_rate_D': -4.9657556258016475, 'log_learning_rate_D_dagger': -3.754971544699829, 'training_batch_size': 11, 'training_p': 3}
	 epoch  0 training error:  tensor(1.1060, device='cuda:0', grad_fn=<DivBackward0>)
Memory status after this epoch: 
Memory allocated:  161.052734375
Memory cached:  230.0
	 epoch  10 training error:  tensor(0.4695, device='cuda:0', grad_fn=<DivBackward0>)
Memory status after this epoch: 
Memory allocated:  161.052734375
Memory cached:  230.0
	 epoch  20 training error:  tensor(0.1981, device='cuda:0', grad_fn=<DivBackward0>)
Memory status after this epoch: 
Memory allocated:  161.052734375
Memory cached:  230.0
	 epoch  30 training error:  tensor(0.1561, device='cuda:0', grad_fn=<DivBackward0>)
Memory status after this epoch: 
Memory allocated:  161.052734375
Memory cached:  230.0
	 epoch  40 training error:  tensor(0.1402, device='cuda:0', grad_fn=<DivBackward0>)
Memory status after this epoch: 
Memory allocated:  161.052734375
Memory cached:  230.0
	 epoch  50 training error:  tensor(0.1285, device='cuda:0', grad_fn=<DivBackward0>)
Memory status after this epoch: 
Memory allocated:  161.052734375
Memory cached:  230.0
	 epoch  60 training error:  tensor(0.1157, device='cuda:0', grad_fn=<DivBackward0>)
Memory status after this epoch: 
Memory allocated:  161.052734375
Memory cached:  230.0
	 epoch  70 training error:  tensor(0.1043, device='cuda:0', grad_fn=<DivBackward0>)
Memory status after this epoch: 
Memory allocated:  161.052734375
Memory cached:  230.0
	 epoch  80 training error:  tensor(0.0995, device='cuda:0', grad_fn=<DivBackward0>)
Memory status after this epoch: 
Memory allocated:  161.052734375
Memory cached:  230.0
	 epoch  90 training error:  tensor(0.0982, device='cuda:0', grad_fn=<DivBackward0>)
Memory status after this epoch: 
Memory allocated:  161.052734375
Memory cached:  230.0
[I 2024-01-13 23:35:28,443] Trial 21 finished with value: 0.09007527679204941 and parameters: {'W_layers': 3, 'W_layer_units_exponent_0': 9, 'W_layer_units_exponent_1': 5, 'W_layer_units_exponent_2': 8, 'D_layers': 4, 'D_layer_units_exponent_0': 7, 'D_layer_units_exponent_1': 6, 'D_layer_units_exponent_2': 5, 'D_layer_units_exponent_3': 5, 'D_dagger_layers': 4, 'D_dagger_layer_units_exponent_0': 8, 'D_dagger_layer_units_exponent_1': 7, 'D_dagger_layer_units_exponent_2': 4, 'D_dagger_layer_units_exponent_3': 10, 'log_learning_rate': -2.461288325434623, 'log_learning_rate_D': -4.9657556258016475, 'log_learning_rate_D_dagger': -3.754971544699829, 'training_batch_size': 11, 'training_p': 3}. Best is trial 14 with value: 0.08965053409337997.
Time for this trial:  34.55457878112793
Memory status after this trial: 
Memory allocated:  383.96142578125
Memory cached:  410.0
--------------------  Trial  22   --------------------
Start timing: 
Parameters: 
{'W_layers': 3, 'W_layer_units_exponent_0': 8, 'W_layer_units_exponent_1': 6, 'W_layer_units_exponent_2': 7, 'D_layers': 4, 'D_layer_units_exponent_0': 8, 'D_layer_units_exponent_1': 5, 'D_layer_units_exponent_2': 5, 'D_layer_units_exponent_3': 6, 'D_dagger_layers': 3, 'D_dagger_layer_units_exponent_0': 9, 'D_dagger_layer_units_exponent_1': 6, 'D_dagger_layer_units_exponent_2': 5, 'log_learning_rate': -2.07836637030125, 'log_learning_rate_D': -4.686292793499912, 'log_learning_rate_D_dagger': -3.4544118285610277, 'training_batch_size': 9, 'training_p': 3}
	 epoch  0 training error:  tensor(1.1665, device='cuda:0', grad_fn=<DivBackward0>)
Memory status after this epoch: 
Memory allocated:  160.77001953125
Memory cached:  230.0
	 epoch  10 training error:  tensor(0.4933, device='cuda:0', grad_fn=<DivBackward0>)
Memory status after this epoch: 
Memory allocated:  160.77001953125
Memory cached:  230.0
	 epoch  20 training error:  tensor(0.2235, device='cuda:0', grad_fn=<DivBackward0>)
Memory status after this epoch: 
Memory allocated:  160.77001953125
Memory cached:  230.0
	 epoch  30 training error:  tensor(0.1464, device='cuda:0', grad_fn=<DivBackward0>)
Memory status after this epoch: 
Memory allocated:  160.77001953125
Memory cached:  230.0
	 epoch  40 training error:  tensor(0.1150, device='cuda:0', grad_fn=<DivBackward0>)
Memory status after this epoch: 
Memory allocated:  160.77001953125
Memory cached:  230.0
	 epoch  50 training error:  tensor(0.1053, device='cuda:0', grad_fn=<DivBackward0>)
Memory status after this epoch: 
Memory allocated:  160.77001953125
Memory cached:  230.0
	 epoch  60 training error:  tensor(0.0971, device='cuda:0', grad_fn=<DivBackward0>)
Memory status after this epoch: 
Memory allocated:  160.77001953125
Memory cached:  230.0
	 epoch  70 training error:  tensor(0.0969, device='cuda:0', grad_fn=<DivBackward0>)
Memory status after this epoch: 
Memory allocated:  160.77001953125
Memory cached:  230.0
	 epoch  80 training error:  tensor(0.0960, device='cuda:0', grad_fn=<DivBackward0>)
Memory status after this epoch: 
Memory allocated:  160.77001953125
Memory cached:  230.0
	 epoch  90 training error:  tensor(0.0959, device='cuda:0', grad_fn=<DivBackward0>)
Memory status after this epoch: 
Memory allocated:  160.77001953125
Memory cached:  230.0
[I 2024-01-13 23:36:02,366] Trial 22 finished with value: 0.08936675637960434 and parameters: {'W_layers': 3, 'W_layer_units_exponent_0': 8, 'W_layer_units_exponent_1': 6, 'W_layer_units_exponent_2': 7, 'D_layers': 4, 'D_layer_units_exponent_0': 8, 'D_layer_units_exponent_1': 5, 'D_layer_units_exponent_2': 5, 'D_layer_units_exponent_3': 6, 'D_dagger_layers': 3, 'D_dagger_layer_units_exponent_0': 9, 'D_dagger_layer_units_exponent_1': 6, 'D_dagger_layer_units_exponent_2': 5, 'log_learning_rate': -2.07836637030125, 'log_learning_rate_D': -4.686292793499912, 'log_learning_rate_D_dagger': -3.4544118285610277, 'training_batch_size': 9, 'training_p': 3}. Best is trial 22 with value: 0.08936675637960434.
res:  tensor(0.0894, device='cuda:0', grad_fn=<DivBackward0>)
self.bestValue:  tensor(0.0897, device='cuda:0', grad_fn=<DivBackward0>)
Save this model!
Time for this trial:  33.655582427978516
Memory status after this trial: 
Memory allocated:  113.02197265625
Memory cached:  256.0
--------------------  Trial  23   --------------------
Start timing: 
Parameters: 
{'W_layers': 4, 'W_layer_units_exponent_0': 7, 'W_layer_units_exponent_1': 6, 'W_layer_units_exponent_2': 9, 'W_layer_units_exponent_3': 8, 'D_layers': 3, 'D_layer_units_exponent_0': 8, 'D_layer_units_exponent_1': 4, 'D_layer_units_exponent_2': 4, 'D_dagger_layers': 3, 'D_dagger_layer_units_exponent_0': 9, 'D_dagger_layer_units_exponent_1': 6, 'D_dagger_layer_units_exponent_2': 5, 'log_learning_rate': -2.9916607889104414, 'log_learning_rate_D': -4.519720051926675, 'log_learning_rate_D_dagger': -3.341834453699964, 'training_batch_size': 9, 'training_p': 2}
	 epoch  0 training error:  tensor(0.9165, device='cuda:0', grad_fn=<DivBackward0>)
Memory status after this epoch: 
Memory allocated:  116.302734375
Memory cached:  256.0
	 epoch  10 training error:  tensor(0.2122, device='cuda:0', grad_fn=<DivBackward0>)
Memory status after this epoch: 
Memory allocated:  116.302734375
Memory cached:  256.0
	 epoch  20 training error:  tensor(0.1719, device='cuda:0', grad_fn=<DivBackward0>)
Memory status after this epoch: 
Memory allocated:  116.302734375
Memory cached:  256.0
	 epoch  30 training error:  tensor(0.1124, device='cuda:0', grad_fn=<DivBackward0>)
Memory status after this epoch: 
Memory allocated:  116.302734375
Memory cached:  256.0
	 epoch  40 training error:  tensor(0.0932, device='cuda:0', grad_fn=<DivBackward0>)
Memory status after this epoch: 
Memory allocated:  116.302734375
Memory cached:  256.0
	 epoch  50 training error:  tensor(0.0858, device='cuda:0', grad_fn=<DivBackward0>)
Memory status after this epoch: 
Memory allocated:  116.302734375
Memory cached:  256.0
	 epoch  60 training error:  tensor(0.0837, device='cuda:0', grad_fn=<DivBackward0>)
Memory status after this epoch: 
Memory allocated:  116.302734375
Memory cached:  256.0
	 epoch  70 training error:  tensor(0.0836, device='cuda:0', grad_fn=<DivBackward0>)
Memory status after this epoch: 
Memory allocated:  116.302734375
Memory cached:  256.0
	 epoch  80 training error:  tensor(0.0832, device='cuda:0', grad_fn=<DivBackward0>)
Memory status after this epoch: 
Memory allocated:  116.302734375
Memory cached:  256.0
	 epoch  90 training error:  tensor(0.0831, device='cuda:0', grad_fn=<DivBackward0>)
Memory status after this epoch: 
Memory allocated:  116.302734375
Memory cached:  256.0
[I 2024-01-13 23:36:37,493] Trial 23 finished with value: 0.08863955736160278 and parameters: {'W_layers': 4, 'W_layer_units_exponent_0': 7, 'W_layer_units_exponent_1': 6, 'W_layer_units_exponent_2': 9, 'W_layer_units_exponent_3': 8, 'D_layers': 3, 'D_layer_units_exponent_0': 8, 'D_layer_units_exponent_1': 4, 'D_layer_units_exponent_2': 4, 'D_dagger_layers': 3, 'D_dagger_layer_units_exponent_0': 9, 'D_dagger_layer_units_exponent_1': 6, 'D_dagger_layer_units_exponent_2': 5, 'log_learning_rate': -2.9916607889104414, 'log_learning_rate_D': -4.519720051926675, 'log_learning_rate_D_dagger': -3.341834453699964, 'training_batch_size': 9, 'training_p': 2}. Best is trial 23 with value: 0.08863955736160278.
res:  tensor(0.0886, device='cuda:0', grad_fn=<DivBackward0>)
self.bestValue:  tensor(0.0894, device='cuda:0', grad_fn=<DivBackward0>)
Save this model!
Time for this trial:  34.77917003631592
Memory status after this trial: 
Memory allocated:  168.29150390625
Memory cached:  272.0
--------------------  Trial  24   --------------------
Start timing: 
Parameters: 
{'W_layers': 2, 'W_layer_units_exponent_0': 9, 'W_layer_units_exponent_1': 6, 'D_layers': 3, 'D_layer_units_exponent_0': 9, 'D_layer_units_exponent_1': 4, 'D_layer_units_exponent_2': 4, 'D_dagger_layers': 3, 'D_dagger_layer_units_exponent_0': 9, 'D_dagger_layer_units_exponent_1': 5, 'D_dagger_layer_units_exponent_2': 7, 'log_learning_rate': -2.660851704926347, 'log_learning_rate_D': -4.594805429120538, 'log_learning_rate_D_dagger': -3.246214460150009, 'training_batch_size': 9, 'training_p': 3}
	 epoch  0 training error:  tensor(1.0339, device='cuda:0', grad_fn=<DivBackward0>)
Memory status after this epoch: 
Memory allocated:  169.2431640625
Memory cached:  272.0
	 epoch  10 training error:  tensor(0.9479, device='cuda:0', grad_fn=<DivBackward0>)
Memory status after this epoch: 
Memory allocated:  169.2431640625
Memory cached:  272.0
	 epoch  20 training error:  tensor(0.2516, device='cuda:0', grad_fn=<DivBackward0>)
Memory status after this epoch: 
Memory allocated:  169.2431640625
Memory cached:  272.0
	 epoch  30 training error:  tensor(0.2378, device='cuda:0', grad_fn=<DivBackward0>)
Memory status after this epoch: 
Memory allocated:  169.2431640625
Memory cached:  272.0
	 epoch  40 training error:  tensor(0.1193, device='cuda:0', grad_fn=<DivBackward0>)
Memory status after this epoch: 
Memory allocated:  169.2431640625
Memory cached:  272.0
	 epoch  50 training error:  tensor(0.1101, device='cuda:0', grad_fn=<DivBackward0>)
Memory status after this epoch: 
Memory allocated:  169.2431640625
Memory cached:  272.0
	 epoch  60 training error:  tensor(0.1122, device='cuda:0', grad_fn=<DivBackward0>)
Memory status after this epoch: 
Memory allocated:  169.2431640625
Memory cached:  272.0
	 epoch  70 training error:  tensor(0.1133, device='cuda:0', grad_fn=<DivBackward0>)
Memory status after this epoch: 
Memory allocated:  169.2431640625
Memory cached:  272.0
	 epoch  80 training error:  tensor(0.1149, device='cuda:0', grad_fn=<DivBackward0>)
Memory status after this epoch: 
Memory allocated:  169.2431640625
Memory cached:  272.0
	 epoch  90 training error:  tensor(0.1127, device='cuda:0', grad_fn=<DivBackward0>)
Memory status after this epoch: 
Memory allocated:  169.2431640625
Memory cached:  272.0
