[I 2024-03-12 19:13:45,927] Trial 153 finished with value: 0.43948110938072205 and parameters: {'log_learning_rate': -1.5641760270699798, 'log_learning_rate_D': -2.788732561520372, 'log_learning_rate_D_dagger': -1.5461544900693305, 'training_batch_size': 8, 'training_p': 2, 'p_order_W': 5, 'p_order_D': 4, 'p_order_D_dagger': 3}. Best is trial 147 with value: 0.31300362944602966.
Time for this trial:  216.61783838272095
Memory status after this trial: 
Memory allocated:  4.1298828125
Memory cached:  6.0
--------------------  Trial  154   --------------------
Start timing: 
Parameters: 
{'log_learning_rate': -1.6931241794314114, 'log_learning_rate_D': -3.04873395082805, 'log_learning_rate_D_dagger': -1.4368626323092542, 'training_batch_size': 8, 'training_p': 2, 'p_order_W': 5, 'p_order_D': 4, 'p_order_D_dagger': 3}

	 epoch  0 training error:  tensor(209.0069, grad_fn=<ToCopyBackward0>)
Memory status after this epoch: 
Memory allocated:  2.23095703125
Memory cached:  6.0
	 epoch  10 training error:  tensor(12.0498, grad_fn=<ToCopyBackward0>)
Memory status after this epoch: 
Memory allocated:  2.23095703125
Memory cached:  8.0
	 epoch  20 training error:  tensor(0.9848, grad_fn=<ToCopyBackward0>)
Memory status after this epoch: 
Memory allocated:  2.23095703125
Memory cached:  6.0
[W 2024-03-12 19:14:51,849] Trial 154 failed with parameters: {'log_learning_rate': -1.6931241794314114, 'log_learning_rate_D': -3.04873395082805, 'log_learning_rate_D_dagger': -1.4368626323092542, 'training_batch_size': 8, 'training_p': 2, 'p_order_W': 5, 'p_order_D': 4, 'p_order_D_dagger': 3} because of the following error: The value nan is not acceptable.
[W 2024-03-12 19:14:51,850] Trial 154 failed with value tensor(nan, grad_fn=<ToCopyBackward0>).
Time for this trial:  65.67297410964966
Memory status after this trial: 
Memory allocated:  4.1298828125
Memory cached:  6.0
--------------------  Trial  155   --------------------
Start timing: 
Parameters: 
{'log_learning_rate': -1.5354325069453387, 'log_learning_rate_D': -3.0545662948131747, 'log_learning_rate_D_dagger': -1.429671576767179, 'training_batch_size': 8, 'training_p': 2, 'p_order_W': 5, 'p_order_D': 4, 'p_order_D_dagger': 3}

	 epoch  0 training error:  tensor(30.0223, grad_fn=<ToCopyBackward0>)
Memory status after this epoch: 
Memory allocated:  2.23095703125
Memory cached:  6.0
	 epoch  10 training error:  tensor(0.6502, grad_fn=<ToCopyBackward0>)
Memory status after this epoch: 
Memory allocated:  2.23095703125
Memory cached:  8.0
	 epoch  20 training error:  tensor(0.4233, grad_fn=<ToCopyBackward0>)
Memory status after this epoch: 
Memory allocated:  2.23095703125
Memory cached:  6.0
	 epoch  30 training error:  tensor(0.4064, grad_fn=<ToCopyBackward0>)
Memory status after this epoch: 
Memory allocated:  2.23095703125
Memory cached:  8.0
	 epoch  40 training error:  tensor(0.3888, grad_fn=<ToCopyBackward0>)
Memory status after this epoch: 
Memory allocated:  2.23095703125
Memory cached:  6.0
	 epoch  50 training error:  tensor(0.3802, grad_fn=<ToCopyBackward0>)
Memory status after this epoch: 
Memory allocated:  2.23095703125
Memory cached:  8.0
	 epoch  60 training error:  tensor(0.3740, grad_fn=<ToCopyBackward0>)
Memory status after this epoch: 
Memory allocated:  2.23095703125
Memory cached:  8.0
	 epoch  70 training error:  tensor(0.3682, grad_fn=<ToCopyBackward0>)
Memory status after this epoch: 
Memory allocated:  2.23095703125
Memory cached:  6.0
	 epoch  80 training error:  tensor(0.3623, grad_fn=<ToCopyBackward0>)
Memory status after this epoch: 
Memory allocated:  2.23095703125
Memory cached:  8.0
	 epoch  90 training error:  tensor(0.3552, grad_fn=<ToCopyBackward0>)
Memory status after this epoch: 
Memory allocated:  2.23095703125
Memory cached:  8.0
[I 2024-03-12 19:18:30,998] Trial 155 finished with value: 0.3609250485897064 and parameters: {'log_learning_rate': -1.5354325069453387, 'log_learning_rate_D': -3.0545662948131747, 'log_learning_rate_D_dagger': -1.429671576767179, 'training_batch_size': 8, 'training_p': 2, 'p_order_W': 5, 'p_order_D': 4, 'p_order_D_dagger': 3}. Best is trial 147 with value: 0.31300362944602966.
Time for this trial:  218.86383819580078
Memory status after this trial: 
Memory allocated:  4.1298828125
Memory cached:  6.0
--------------------  Trial  156   --------------------
Start timing: 
Parameters: 
{'log_learning_rate': -1.7064236140883344, 'log_learning_rate_D': -2.8806347048288528, 'log_learning_rate_D_dagger': -2.0045138771848925, 'training_batch_size': 8, 'training_p': 2, 'p_order_W': 5, 'p_order_D': 4, 'p_order_D_dagger': 3}

	 epoch  0 training error:  tensor(73.8122, grad_fn=<ToCopyBackward0>)
Memory status after this epoch: 
Memory allocated:  2.23095703125
Memory cached:  6.0
	 epoch  10 training error:  tensor(20.8060, grad_fn=<ToCopyBackward0>)
Memory status after this epoch: 
Memory allocated:  2.23095703125
Memory cached:  8.0
	 epoch  20 training error:  tensor(3.8454, grad_fn=<ToCopyBackward0>)
Memory status after this epoch: 
Memory allocated:  2.23095703125
Memory cached:  6.0
	 epoch  30 training error:  tensor(1.1347, grad_fn=<ToCopyBackward0>)
Memory status after this epoch: 
Memory allocated:  2.23095703125
Memory cached:  8.0
	 epoch  40 training error:  tensor(0.6847, grad_fn=<ToCopyBackward0>)
Memory status after this epoch: 
Memory allocated:  2.23095703125
Memory cached:  6.0
	 epoch  50 training error:  tensor(0.5342, grad_fn=<ToCopyBackward0>)
Memory status after this epoch: 
Memory allocated:  2.23095703125
Memory cached:  8.0
	 epoch  60 training error:  tensor(0.5178, grad_fn=<ToCopyBackward0>)
Memory status after this epoch: 
Memory allocated:  2.23095703125
Memory cached:  8.0
	 epoch  70 training error:  tensor(0.5056, grad_fn=<ToCopyBackward0>)
Memory status after this epoch: 
Memory allocated:  2.23095703125
Memory cached:  6.0
	 epoch  80 training error:  tensor(0.4939, grad_fn=<ToCopyBackward0>)
Memory status after this epoch: 
Memory allocated:  2.23095703125
Memory cached:  8.0
	 epoch  90 training error:  tensor(0.4840, grad_fn=<ToCopyBackward0>)
Memory status after this epoch: 
Memory allocated:  2.23095703125
Memory cached:  8.0
[I 2024-03-12 19:22:09,365] Trial 156 finished with value: 0.47616568207740784 and parameters: {'log_learning_rate': -1.7064236140883344, 'log_learning_rate_D': -2.8806347048288528, 'log_learning_rate_D_dagger': -2.0045138771848925, 'training_batch_size': 8, 'training_p': 2, 'p_order_W': 5, 'p_order_D': 4, 'p_order_D_dagger': 3}. Best is trial 147 with value: 0.31300362944602966.
Time for this trial:  218.10795664787292
Memory status after this trial: 
Memory allocated:  4.1298828125
Memory cached:  6.0
--------------------  Trial  157   --------------------
Start timing: 
Parameters: 
{'log_learning_rate': -1.1117101440748125, 'log_learning_rate_D': -3.058940662004087, 'log_learning_rate_D_dagger': -1.770601516451892, 'training_batch_size': 8, 'training_p': 2, 'p_order_W': 5, 'p_order_D': 4, 'p_order_D_dagger': 3}

	 epoch  0 training error:  tensor(157.6755, grad_fn=<ToCopyBackward0>)
Memory status after this epoch: 
Memory allocated:  2.23095703125
Memory cached:  6.0
	 epoch  10 training error:  tensor(42.2702, grad_fn=<ToCopyBackward0>)
Memory status after this epoch: 
Memory allocated:  2.23095703125
Memory cached:  8.0
	 epoch  20 training error:  tensor(4.2076, grad_fn=<ToCopyBackward0>)
Memory status after this epoch: 
Memory allocated:  2.23095703125
Memory cached:  6.0
	 epoch  30 training error:  tensor(1.4437, grad_fn=<ToCopyBackward0>)
Memory status after this epoch: 
Memory allocated:  2.23095703125
Memory cached:  8.0
	 epoch  40 training error:  tensor(0.6292, grad_fn=<ToCopyBackward0>)
Memory status after this epoch: 
Memory allocated:  2.23095703125
Memory cached:  6.0
	 epoch  50 training error:  tensor(0.4878, grad_fn=<ToCopyBackward0>)
Memory status after this epoch: 
Memory allocated:  2.23095703125
Memory cached:  8.0
	 epoch  60 training error:  tensor(0.4689, grad_fn=<ToCopyBackward0>)
Memory status after this epoch: 
Memory allocated:  2.23095703125
Memory cached:  8.0
	 epoch  70 training error:  tensor(0.4524, grad_fn=<ToCopyBackward0>)
Memory status after this epoch: 
Memory allocated:  2.23095703125
Memory cached:  6.0
	 epoch  80 training error:  tensor(0.4393, grad_fn=<ToCopyBackward0>)
Memory status after this epoch: 
Memory allocated:  2.23095703125
Memory cached:  8.0
	 epoch  90 training error:  tensor(0.4276, grad_fn=<ToCopyBackward0>)
Memory status after this epoch: 
Memory allocated:  2.23095703125
Memory cached:  8.0
[I 2024-03-12 19:25:48,495] Trial 157 finished with value: 0.4470013678073883 and parameters: {'log_learning_rate': -1.1117101440748125, 'log_learning_rate_D': -3.058940662004087, 'log_learning_rate_D_dagger': -1.770601516451892, 'training_batch_size': 8, 'training_p': 2, 'p_order_W': 5, 'p_order_D': 4, 'p_order_D_dagger': 3}. Best is trial 147 with value: 0.31300362944602966.
Time for this trial:  218.86122274398804
Memory status after this trial: 
Memory allocated:  4.1298828125
Memory cached:  6.0
--------------------  Trial  158   --------------------
Start timing: 
Parameters: 
{'log_learning_rate': -1.4837329914207391, 'log_learning_rate_D': -3.0556172142401663, 'log_learning_rate_D_dagger': -1.5615734982530616, 'training_batch_size': 9, 'training_p': 3, 'p_order_W': 5, 'p_order_D': 4, 'p_order_D_dagger': 3}

	 epoch  0 training error:  tensor(233.5613, grad_fn=<ToCopyBackward0>)
Memory status after this epoch: 
Memory allocated:  2.32861328125
Memory cached:  8.0
	 epoch  10 training error:  tensor(59.4950, grad_fn=<ToCopyBackward0>)
Memory status after this epoch: 
Memory allocated:  2.32861328125
Memory cached:  8.0
	 epoch  20 training error:  tensor(19.9502, grad_fn=<ToCopyBackward0>)
Memory status after this epoch: 
Memory allocated:  2.32861328125
Memory cached:  10.0
	 epoch  30 training error:  tensor(8.1889, grad_fn=<ToCopyBackward0>)
Memory status after this epoch: 
Memory allocated:  2.32861328125
Memory cached:  8.0
	 epoch  40 training error:  tensor(5.6351, grad_fn=<ToCopyBackward0>)
Memory status after this epoch: 
Memory allocated:  2.32861328125
Memory cached:  8.0
	 epoch  50 training error:  tensor(2.5268, grad_fn=<ToCopyBackward0>)
Memory status after this epoch: 
Memory allocated:  2.32861328125
Memory cached:  8.0
	 epoch  60 training error:  tensor(1.4999, grad_fn=<ToCopyBackward0>)
Memory status after this epoch: 
Memory allocated:  2.32861328125
Memory cached:  10.0
	 epoch  70 training error:  tensor(1.0197, grad_fn=<ToCopyBackward0>)
Memory status after this epoch: 
Memory allocated:  2.32861328125
Memory cached:  8.0
	 epoch  80 training error:  tensor(0.7479, grad_fn=<ToCopyBackward0>)
Memory status after this epoch: 
Memory allocated:  2.32861328125
Memory cached:  8.0
	 epoch  90 training error:  tensor(0.7012, grad_fn=<ToCopyBackward0>)
Memory status after this epoch: 
Memory allocated:  2.32861328125
Memory cached:  8.0
[I 2024-03-12 19:27:47,281] Trial 158 finished with value: 0.6660181879997253 and parameters: {'log_learning_rate': -1.4837329914207391, 'log_learning_rate_D': -3.0556172142401663, 'log_learning_rate_D_dagger': -1.5615734982530616, 'training_batch_size': 9, 'training_p': 3, 'p_order_W': 5, 'p_order_D': 4, 'p_order_D_dagger': 3}. Best is trial 147 with value: 0.31300362944602966.
Time for this trial:  118.52751135826111
Memory status after this trial: 
Memory allocated:  4.1298828125
Memory cached:  10.0
--------------------  Trial  159   --------------------
Start timing: 
Parameters: 
{'log_learning_rate': -1.429626029609902, 'log_learning_rate_D': -3.22965129810045, 'log_learning_rate_D_dagger': -1.4545532232829312, 'training_batch_size': 8, 'training_p': 2, 'p_order_W': 5, 'p_order_D': 4, 'p_order_D_dagger': 3}

	 epoch  0 training error:  tensor(13.2599, grad_fn=<ToCopyBackward0>)
Memory status after this epoch: 
Memory allocated:  2.23095703125
Memory cached:  6.0
	 epoch  10 training error:  tensor(0.7948, grad_fn=<ToCopyBackward0>)
Memory status after this epoch: 
Memory allocated:  2.23095703125
Memory cached:  8.0
	 epoch  20 training error:  tensor(0.4677, grad_fn=<ToCopyBackward0>)
Memory status after this epoch: 
Memory allocated:  2.23095703125
Memory cached:  6.0
	 epoch  30 training error:  tensor(0.4143, grad_fn=<ToCopyBackward0>)
Memory status after this epoch: 
Memory allocated:  2.23095703125
Memory cached:  8.0
	 epoch  40 training error:  tensor(0.3780, grad_fn=<ToCopyBackward0>)
Memory status after this epoch: 
Memory allocated:  2.23095703125
Memory cached:  6.0
	 epoch  50 training error:  tensor(0.3615, grad_fn=<ToCopyBackward0>)
Memory status after this epoch: 
Memory allocated:  2.23095703125
Memory cached:  8.0
	 epoch  60 training error:  tensor(0.3478, grad_fn=<ToCopyBackward0>)
Memory status after this epoch: 
Memory allocated:  2.23095703125
Memory cached:  8.0
	 epoch  70 training error:  tensor(0.3330, grad_fn=<ToCopyBackward0>)
Memory status after this epoch: 
Memory allocated:  2.23095703125
Memory cached:  6.0
	 epoch  80 training error:  tensor(0.3189, grad_fn=<ToCopyBackward0>)
Memory status after this epoch: 
Memory allocated:  2.23095703125
Memory cached:  8.0
	 epoch  90 training error:  tensor(0.3114, grad_fn=<ToCopyBackward0>)
Memory status after this epoch: 
Memory allocated:  2.23095703125
Memory cached:  8.0
[I 2024-03-12 19:31:25,362] Trial 159 finished with value: 0.337595134973526 and parameters: {'log_learning_rate': -1.429626029609902, 'log_learning_rate_D': -3.22965129810045, 'log_learning_rate_D_dagger': -1.4545532232829312, 'training_batch_size': 8, 'training_p': 2, 'p_order_W': 5, 'p_order_D': 4, 'p_order_D_dagger': 3}. Best is trial 147 with value: 0.31300362944602966.
Time for this trial:  217.7765839099884
Memory status after this trial: 
Memory allocated:  4.1298828125
Memory cached:  6.0
--------------------  Trial  160   --------------------
Start timing: 
Parameters: 
{'log_learning_rate': -1.406067492692514, 'log_learning_rate_D': -3.2391025536482214, 'log_learning_rate_D_dagger': -1.451949346418319, 'training_batch_size': 8, 'training_p': 2, 'p_order_W': 5, 'p_order_D': 4, 'p_order_D_dagger': 3}

	 epoch  0 training error:  tensor(23.9202, grad_fn=<ToCopyBackward0>)
Memory status after this epoch: 
Memory allocated:  2.23095703125
Memory cached:  6.0
	 epoch  10 training error:  tensor(1.8578, grad_fn=<ToCopyBackward0>)
Memory status after this epoch: 
Memory allocated:  2.23095703125
Memory cached:  8.0
	 epoch  20 training error:  tensor(0.5440, grad_fn=<ToCopyBackward0>)
Memory status after this epoch: 
Memory allocated:  2.23095703125
Memory cached:  6.0
	 epoch  30 training error:  tensor(0.3435, grad_fn=<ToCopyBackward0>)
Memory status after this epoch: 
Memory allocated:  2.23095703125
Memory cached:  8.0
	 epoch  40 training error:  tensor(0.3141, grad_fn=<ToCopyBackward0>)
Memory status after this epoch: 
Memory allocated:  2.23095703125
Memory cached:  6.0
	 epoch  50 training error:  tensor(0.2974, grad_fn=<ToCopyBackward0>)
Memory status after this epoch: 
Memory allocated:  2.23095703125
Memory cached:  8.0
	 epoch  60 training error:  tensor(0.2948, grad_fn=<ToCopyBackward0>)
Memory status after this epoch: 
Memory allocated:  2.23095703125
Memory cached:  8.0
	 epoch  70 training error:  tensor(0.2926, grad_fn=<ToCopyBackward0>)
Memory status after this epoch: 
Memory allocated:  2.23095703125
Memory cached:  6.0
	 epoch  80 training error:  tensor(0.2940, grad_fn=<ToCopyBackward0>)
Memory status after this epoch: 
Memory allocated:  2.23095703125
Memory cached:  8.0
	 epoch  90 training error:  tensor(0.2931, grad_fn=<ToCopyBackward0>)
Memory status after this epoch: 
Memory allocated:  2.23095703125
Memory cached:  8.0
[I 2024-03-12 19:35:04,373] Trial 160 finished with value: 0.3184262216091156 and parameters: {'log_learning_rate': -1.406067492692514, 'log_learning_rate_D': -3.2391025536482214, 'log_learning_rate_D_dagger': -1.451949346418319, 'training_batch_size': 8, 'training_p': 2, 'p_order_W': 5, 'p_order_D': 4, 'p_order_D_dagger': 3}. Best is trial 147 with value: 0.31300362944602966.
Time for this trial:  218.7293345928192
Memory status after this trial: 
Memory allocated:  4.1298828125
Memory cached:  6.0
--------------------  Trial  161   --------------------
Start timing: 
Parameters: 
{'log_learning_rate': -1.6092645269254358, 'log_learning_rate_D': -3.1947301677584927, 'log_learning_rate_D_dagger': -1.4403680418060374, 'training_batch_size': 8, 'training_p': 2, 'p_order_W': 5, 'p_order_D': 4, 'p_order_D_dagger': 3}

	 epoch  0 training error:  tensor(85.4813, grad_fn=<ToCopyBackward0>)
Memory status after this epoch: 
Memory allocated:  2.23095703125
Memory cached:  6.0
	 epoch  10 training error:  tensor(1.8293, grad_fn=<ToCopyBackward0>)
Memory status after this epoch: 
Memory allocated:  2.23095703125
Memory cached:  8.0
	 epoch  20 training error:  tensor(1.5241, grad_fn=<ToCopyBackward0>)
Memory status after this epoch: 
Memory allocated:  2.23095703125
Memory cached:  6.0
	 epoch  30 training error:  tensor(0.5008, grad_fn=<ToCopyBackward0>)
Memory status after this epoch: 
Memory allocated:  2.23095703125
Memory cached:  8.0
	 epoch  40 training error:  tensor(0.3683, grad_fn=<ToCopyBackward0>)
Memory status after this epoch: 
Memory allocated:  2.23095703125
Memory cached:  6.0
	 epoch  50 training error:  tensor(0.3539, grad_fn=<ToCopyBackward0>)
Memory status after this epoch: 
Memory allocated:  2.23095703125
Memory cached:  8.0
	 epoch  60 training error:  tensor(0.3436, grad_fn=<ToCopyBackward0>)
Memory status after this epoch: 
Memory allocated:  2.23095703125
Memory cached:  8.0
	 epoch  70 training error:  tensor(0.3161, grad_fn=<ToCopyBackward0>)
Memory status after this epoch: 
Memory allocated:  2.23095703125
Memory cached:  6.0
	 epoch  80 training error:  tensor(0.3120, grad_fn=<ToCopyBackward0>)
Memory status after this epoch: 
Memory allocated:  2.23095703125
Memory cached:  8.0
	 epoch  90 training error:  tensor(0.3099, grad_fn=<ToCopyBackward0>)
Memory status after this epoch: 
Memory allocated:  2.23095703125
Memory cached:  8.0
