[I 2023-12-07 00:45:54,218] Trial 33 finished with value: 0.19089053571224213 and parameters: {'W_layers': 3, 'W_layer_units_exponent_0': 6, 'W_layer_units_exponent_1': 4, 'W_layer_units_exponent_2': 4, 'D_layers': 3, 'D_layer_units_exponent_0': 5, 'D_layer_units_exponent_1': 8, 'D_layer_units_exponent_2': 8, 'D_dagger_layers': 5, 'D_dagger_layer_units_exponent_0': 8, 'D_dagger_layer_units_exponent_1': 5, 'D_dagger_layer_units_exponent_2': 4, 'D_dagger_layer_units_exponent_3': 6, 'D_dagger_layer_units_exponent_4': 8, 'log_learning_rate': -4.111615398768471, 'log_learning_rate_D': -3.9068115255376195, 'log_learning_rate_D_dagger': -3.063762708448656, 'training_batch_size': 8, 'training_p': 3}. Best is trial 29 with value: 0.1472642719745636.
Time for this trial:  152.10591101646423
Memory status after this trial: 
Memory allocated:  129.58740234375
Memory cached:  470.0
--------------------  Trial  34   --------------------
Start timing: 
Parameters: 
{'W_layers': 3, 'W_layer_units_exponent_0': 4, 'W_layer_units_exponent_1': 4, 'W_layer_units_exponent_2': 5, 'D_layers': 3, 'D_layer_units_exponent_0': 5, 'D_layer_units_exponent_1': 8, 'D_layer_units_exponent_2': 8, 'D_dagger_layers': 5, 'D_dagger_layer_units_exponent_0': 8, 'D_dagger_layer_units_exponent_1': 4, 'D_dagger_layer_units_exponent_2': 4, 'D_dagger_layer_units_exponent_3': 6, 'D_dagger_layer_units_exponent_4': 8, 'log_learning_rate': -4.5952029852911656, 'log_learning_rate_D': -3.869222643048092, 'log_learning_rate_D_dagger': -3.0834144870479245, 'training_batch_size': 8, 'training_p': 3}
	 epoch  0 training error:  tensor(1.0016, device='cuda:0', grad_fn=<DivBackward0>)
Memory status after this epoch: 
Memory allocated:  66.32373046875
Memory cached:  470.0
	 epoch  10 training error:  tensor(0.9029, device='cuda:0', grad_fn=<DivBackward0>)
Memory status after this epoch: 
Memory allocated:  66.32373046875
Memory cached:  470.0
	 epoch  20 training error:  tensor(0.8053, device='cuda:0', grad_fn=<DivBackward0>)
Memory status after this epoch: 
Memory allocated:  66.32373046875
Memory cached:  470.0
	 epoch  30 training error:  tensor(0.7479, device='cuda:0', grad_fn=<DivBackward0>)
Memory status after this epoch: 
Memory allocated:  66.32373046875
Memory cached:  470.0
	 epoch  40 training error:  tensor(0.6687, device='cuda:0', grad_fn=<DivBackward0>)
Memory status after this epoch: 
Memory allocated:  66.32373046875
Memory cached:  470.0
	 epoch  50 training error:  tensor(0.6115, device='cuda:0', grad_fn=<DivBackward0>)
Memory status after this epoch: 
Memory allocated:  66.32373046875
Memory cached:  470.0
	 epoch  60 training error:  tensor(0.5174, device='cuda:0', grad_fn=<DivBackward0>)
Memory status after this epoch: 
Memory allocated:  66.32373046875
Memory cached:  470.0
	 epoch  70 training error:  tensor(0.3984, device='cuda:0', grad_fn=<DivBackward0>)
Memory status after this epoch: 
Memory allocated:  66.32373046875
Memory cached:  470.0
	 epoch  80 training error:  tensor(0.5949, device='cuda:0', grad_fn=<DivBackward0>)
Memory status after this epoch: 
Memory allocated:  66.32373046875
Memory cached:  470.0
	 epoch  90 training error:  tensor(0.4585, device='cuda:0', grad_fn=<DivBackward0>)
Memory status after this epoch: 
Memory allocated:  66.32373046875
Memory cached:  470.0
[I 2023-12-07 00:48:26,547] Trial 34 finished with value: 0.21815811097621918 and parameters: {'W_layers': 3, 'W_layer_units_exponent_0': 4, 'W_layer_units_exponent_1': 4, 'W_layer_units_exponent_2': 5, 'D_layers': 3, 'D_layer_units_exponent_0': 5, 'D_layer_units_exponent_1': 8, 'D_layer_units_exponent_2': 8, 'D_dagger_layers': 5, 'D_dagger_layer_units_exponent_0': 8, 'D_dagger_layer_units_exponent_1': 4, 'D_dagger_layer_units_exponent_2': 4, 'D_dagger_layer_units_exponent_3': 6, 'D_dagger_layer_units_exponent_4': 8, 'log_learning_rate': -4.5952029852911656, 'log_learning_rate_D': -3.869222643048092, 'log_learning_rate_D_dagger': -3.0834144870479245, 'training_batch_size': 8, 'training_p': 3}. Best is trial 29 with value: 0.1472642719745636.
Time for this trial:  152.08658480644226
Memory status after this trial: 
Memory allocated:  127.06005859375
Memory cached:  470.0
--------------------  Trial  35   --------------------
Start timing: 
Parameters: 
{'W_layers': 2, 'W_layer_units_exponent_0': 6, 'W_layer_units_exponent_1': 4, 'D_layers': 2, 'D_layer_units_exponent_0': 5, 'D_layer_units_exponent_1': 7, 'D_dagger_layers': 5, 'D_dagger_layer_units_exponent_0': 4, 'D_dagger_layer_units_exponent_1': 5, 'D_dagger_layer_units_exponent_2': 4, 'D_dagger_layer_units_exponent_3': 5, 'D_dagger_layer_units_exponent_4': 8, 'log_learning_rate': -4.090805541541306, 'log_learning_rate_D': -2.9996208714303174, 'log_learning_rate_D_dagger': -3.4298068076514365, 'training_batch_size': 9, 'training_p': 4}
	 epoch  0 training error:  tensor(0.9949, device='cuda:0', grad_fn=<DivBackward0>)
Memory status after this epoch: 
Memory allocated:  65.06396484375
Memory cached:  470.0
	 epoch  10 training error:  tensor(0.9729, device='cuda:0', grad_fn=<DivBackward0>)
Memory status after this epoch: 
Memory allocated:  65.06396484375
Memory cached:  470.0
	 epoch  20 training error:  tensor(0.9611, device='cuda:0', grad_fn=<DivBackward0>)
Memory status after this epoch: 
Memory allocated:  65.06396484375
Memory cached:  470.0
	 epoch  30 training error:  tensor(0.9436, device='cuda:0', grad_fn=<DivBackward0>)
Memory status after this epoch: 
Memory allocated:  65.06396484375
Memory cached:  470.0
	 epoch  40 training error:  tensor(0.9147, device='cuda:0', grad_fn=<DivBackward0>)
Memory status after this epoch: 
Memory allocated:  65.06396484375
Memory cached:  470.0
	 epoch  50 training error:  tensor(0.8664, device='cuda:0', grad_fn=<DivBackward0>)
Memory status after this epoch: 
Memory allocated:  65.06396484375
Memory cached:  470.0
	 epoch  60 training error:  tensor(0.8094, device='cuda:0', grad_fn=<DivBackward0>)
Memory status after this epoch: 
Memory allocated:  65.06396484375
Memory cached:  470.0
	 epoch  70 training error:  tensor(0.7440, device='cuda:0', grad_fn=<DivBackward0>)
Memory status after this epoch: 
Memory allocated:  65.06396484375
Memory cached:  470.0
	 epoch  80 training error:  tensor(0.7069, device='cuda:0', grad_fn=<DivBackward0>)
Memory status after this epoch: 
Memory allocated:  65.06396484375
Memory cached:  470.0
	 epoch  90 training error:  tensor(0.6298, device='cuda:0', grad_fn=<DivBackward0>)
Memory status after this epoch: 
Memory allocated:  65.06396484375
Memory cached:  470.0
[I 2023-12-07 00:50:42,122] Trial 35 finished with value: 0.585275411605835 and parameters: {'W_layers': 2, 'W_layer_units_exponent_0': 6, 'W_layer_units_exponent_1': 4, 'D_layers': 2, 'D_layer_units_exponent_0': 5, 'D_layer_units_exponent_1': 7, 'D_dagger_layers': 5, 'D_dagger_layer_units_exponent_0': 4, 'D_dagger_layer_units_exponent_1': 5, 'D_dagger_layer_units_exponent_2': 4, 'D_dagger_layer_units_exponent_3': 5, 'D_dagger_layer_units_exponent_4': 8, 'log_learning_rate': -4.090805541541306, 'log_learning_rate_D': -2.9996208714303174, 'log_learning_rate_D_dagger': -3.4298068076514365, 'training_batch_size': 9, 'training_p': 4}. Best is trial 29 with value: 0.1472642719745636.
Time for this trial:  135.345205783844
Memory status after this trial: 
Memory allocated:  94.20361328125
Memory cached:  470.0
--------------------  Trial  36   --------------------
Start timing: 
Parameters: 
{'W_layers': 4, 'W_layer_units_exponent_0': 5, 'W_layer_units_exponent_1': 5, 'W_layer_units_exponent_2': 4, 'W_layer_units_exponent_3': 6, 'D_layers': 3, 'D_layer_units_exponent_0': 6, 'D_layer_units_exponent_1': 8, 'D_layer_units_exponent_2': 9, 'D_dagger_layers': 5, 'D_dagger_layer_units_exponent_0': 7, 'D_dagger_layer_units_exponent_1': 5, 'D_dagger_layer_units_exponent_2': 5, 'D_dagger_layer_units_exponent_3': 5, 'D_dagger_layer_units_exponent_4': 9, 'log_learning_rate': -4.729015578730886, 'log_learning_rate_D': -3.3787021388898344, 'log_learning_rate_D_dagger': -2.97577120202122, 'training_batch_size': 10, 'training_p': 3}
	 epoch  0 training error:  tensor(0.9923, device='cuda:0', grad_fn=<DivBackward0>)
Memory status after this epoch: 
Memory allocated:  67.49951171875
Memory cached:  470.0
	 epoch  10 training error:  tensor(0.9040, device='cuda:0', grad_fn=<DivBackward0>)
Memory status after this epoch: 
Memory allocated:  67.49951171875
Memory cached:  470.0
	 epoch  20 training error:  tensor(0.7725, device='cuda:0', grad_fn=<DivBackward0>)
Memory status after this epoch: 
Memory allocated:  67.49951171875
Memory cached:  470.0
	 epoch  30 training error:  tensor(0.7057, device='cuda:0', grad_fn=<DivBackward0>)
Memory status after this epoch: 
Memory allocated:  67.49951171875
Memory cached:  470.0
	 epoch  40 training error:  tensor(0.6498, device='cuda:0', grad_fn=<DivBackward0>)
Memory status after this epoch: 
Memory allocated:  67.49951171875
Memory cached:  470.0
	 epoch  50 training error:  tensor(0.5489, device='cuda:0', grad_fn=<DivBackward0>)
Memory status after this epoch: 
Memory allocated:  67.49951171875
Memory cached:  470.0
	 epoch  60 training error:  tensor(0.4829, device='cuda:0', grad_fn=<DivBackward0>)
Memory status after this epoch: 
Memory allocated:  67.49951171875
Memory cached:  470.0
	 epoch  70 training error:  tensor(0.3682, device='cuda:0', grad_fn=<DivBackward0>)
Memory status after this epoch: 
Memory allocated:  67.49951171875
Memory cached:  470.0
	 epoch  80 training error:  tensor(0.3693, device='cuda:0', grad_fn=<DivBackward0>)
Memory status after this epoch: 
Memory allocated:  67.49951171875
Memory cached:  470.0
	 epoch  90 training error:  tensor(0.2855, device='cuda:0', grad_fn=<DivBackward0>)
Memory status after this epoch: 
Memory allocated:  67.49951171875
Memory cached:  470.0
[I 2023-12-07 00:53:20,689] Trial 36 finished with value: 0.10139856487512589 and parameters: {'W_layers': 4, 'W_layer_units_exponent_0': 5, 'W_layer_units_exponent_1': 5, 'W_layer_units_exponent_2': 4, 'W_layer_units_exponent_3': 6, 'D_layers': 3, 'D_layer_units_exponent_0': 6, 'D_layer_units_exponent_1': 8, 'D_layer_units_exponent_2': 9, 'D_dagger_layers': 5, 'D_dagger_layer_units_exponent_0': 7, 'D_dagger_layer_units_exponent_1': 5, 'D_dagger_layer_units_exponent_2': 5, 'D_dagger_layer_units_exponent_3': 5, 'D_dagger_layer_units_exponent_4': 9, 'log_learning_rate': -4.729015578730886, 'log_learning_rate_D': -3.3787021388898344, 'log_learning_rate_D_dagger': -2.97577120202122, 'training_batch_size': 10, 'training_p': 3}. Best is trial 36 with value: 0.10139856487512589.
res:  tensor(0.1014, device='cuda:0', grad_fn=<DivBackward0>)
self.bestValue:  tensor(0.1473, device='cuda:0', grad_fn=<DivBackward0>)
Save this model!
Time for this trial:  158.3428316116333
Memory status after this trial: 
Memory allocated:  84.64892578125
Memory cached:  392.0
--------------------  Trial  37   --------------------
Start timing: 
Parameters: 
{'W_layers': 4, 'W_layer_units_exponent_0': 4, 'W_layer_units_exponent_1': 5, 'W_layer_units_exponent_2': 5, 'W_layer_units_exponent_3': 6, 'D_layers': 2, 'D_layer_units_exponent_0': 7, 'D_layer_units_exponent_1': 7, 'D_dagger_layers': 6, 'D_dagger_layer_units_exponent_0': 5, 'D_dagger_layer_units_exponent_1': 6, 'D_dagger_layer_units_exponent_2': 6, 'D_dagger_layer_units_exponent_3': 5, 'D_dagger_layer_units_exponent_4': 9, 'D_dagger_layer_units_exponent_5': 6, 'log_learning_rate': -4.683293302879979, 'log_learning_rate_D': -2.9599524500868926, 'log_learning_rate_D_dagger': -2.5244026567048703, 'training_batch_size': 10, 'training_p': 2}
	 epoch  0 training error:  tensor(0.9677, device='cuda:0', grad_fn=<DivBackward0>)
Memory status after this epoch: 
Memory allocated:  85.90185546875
Memory cached:  380.0
	 epoch  10 training error:  tensor(0.7641, device='cuda:0', grad_fn=<DivBackward0>)
Memory status after this epoch: 
Memory allocated:  85.90185546875
Memory cached:  380.0
	 epoch  20 training error:  tensor(0.7280, device='cuda:0', grad_fn=<DivBackward0>)
Memory status after this epoch: 
Memory allocated:  85.90185546875
Memory cached:  380.0
	 epoch  30 training error:  tensor(0.6916, device='cuda:0', grad_fn=<DivBackward0>)
Memory status after this epoch: 
Memory allocated:  85.90185546875
Memory cached:  380.0
	 epoch  40 training error:  tensor(0.6458, device='cuda:0', grad_fn=<DivBackward0>)
Memory status after this epoch: 
Memory allocated:  85.90185546875
Memory cached:  380.0
	 epoch  50 training error:  tensor(0.6144, device='cuda:0', grad_fn=<DivBackward0>)
Memory status after this epoch: 
Memory allocated:  85.90185546875
Memory cached:  380.0
	 epoch  60 training error:  tensor(0.6184, device='cuda:0', grad_fn=<DivBackward0>)
Memory status after this epoch: 
Memory allocated:  85.90185546875
Memory cached:  380.0
	 epoch  70 training error:  tensor(0.5716, device='cuda:0', grad_fn=<DivBackward0>)
Memory status after this epoch: 
Memory allocated:  85.90185546875
Memory cached:  380.0
	 epoch  80 training error:  tensor(0.5366, device='cuda:0', grad_fn=<DivBackward0>)
Memory status after this epoch: 
Memory allocated:  85.90185546875
Memory cached:  380.0
	 epoch  90 training error:  tensor(0.5247, device='cuda:0', grad_fn=<DivBackward0>)
Memory status after this epoch: 
Memory allocated:  85.90185546875
Memory cached:  380.0
[I 2023-12-07 00:55:58,092] Trial 37 finished with value: 0.5457965135574341 and parameters: {'W_layers': 4, 'W_layer_units_exponent_0': 4, 'W_layer_units_exponent_1': 5, 'W_layer_units_exponent_2': 5, 'W_layer_units_exponent_3': 6, 'D_layers': 2, 'D_layer_units_exponent_0': 7, 'D_layer_units_exponent_1': 7, 'D_dagger_layers': 6, 'D_dagger_layer_units_exponent_0': 5, 'D_dagger_layer_units_exponent_1': 6, 'D_dagger_layer_units_exponent_2': 6, 'D_dagger_layer_units_exponent_3': 5, 'D_dagger_layer_units_exponent_4': 9, 'D_dagger_layer_units_exponent_5': 6, 'log_learning_rate': -4.683293302879979, 'log_learning_rate_D': -2.9599524500868926, 'log_learning_rate_D_dagger': -2.5244026567048703, 'training_batch_size': 10, 'training_p': 2}. Best is trial 36 with value: 0.10139856487512589.
Time for this trial:  157.193528175354
Memory status after this trial: 
Memory allocated:  146.052734375
Memory cached:  380.0
--------------------  Trial  38   --------------------
Start timing: 
Parameters: 
{'W_layers': 5, 'W_layer_units_exponent_0': 5, 'W_layer_units_exponent_1': 6, 'W_layer_units_exponent_2': 4, 'W_layer_units_exponent_3': 5, 'W_layer_units_exponent_4': 10, 'D_layers': 4, 'D_layer_units_exponent_0': 6, 'D_layer_units_exponent_1': 8, 'D_layer_units_exponent_2': 10, 'D_layer_units_exponent_3': 5, 'D_dagger_layers': 4, 'D_dagger_layer_units_exponent_0': 7, 'D_dagger_layer_units_exponent_1': 4, 'D_dagger_layer_units_exponent_2': 5, 'D_dagger_layer_units_exponent_3': 4, 'log_learning_rate': -4.754890343015516, 'log_learning_rate_D': -3.3273347220605682, 'log_learning_rate_D_dagger': -2.2093718415953605, 'training_batch_size': 9, 'training_p': 4}
	 epoch  0 training error:  tensor(1.0220, device='cuda:0', grad_fn=<DivBackward0>)
Memory status after this epoch: 
Memory allocated:  90.11474609375
Memory cached:  408.0
	 epoch  10 training error:  tensor(0.8288, device='cuda:0', grad_fn=<DivBackward0>)
Memory status after this epoch: 
Memory allocated:  90.11474609375
Memory cached:  434.0
	 epoch  20 training error:  tensor(0.7072, device='cuda:0', grad_fn=<DivBackward0>)
Memory status after this epoch: 
Memory allocated:  90.11474609375
Memory cached:  444.0
	 epoch  30 training error:  tensor(0.6649, device='cuda:0', grad_fn=<DivBackward0>)
Memory status after this epoch: 
Memory allocated:  90.11474609375
Memory cached:  434.0
	 epoch  40 training error:  tensor(0.6114, device='cuda:0', grad_fn=<DivBackward0>)
Memory status after this epoch: 
Memory allocated:  90.11474609375
Memory cached:  436.0
	 epoch  50 training error:  tensor(0.5236, device='cuda:0', grad_fn=<DivBackward0>)
Memory status after this epoch: 
Memory allocated:  90.11474609375
Memory cached:  442.0
	 epoch  60 training error:  tensor(0.3939, device='cuda:0', grad_fn=<DivBackward0>)
Memory status after this epoch: 
Memory allocated:  90.11474609375
Memory cached:  430.0
	 epoch  70 training error:  tensor(0.4371, device='cuda:0', grad_fn=<DivBackward0>)
Memory status after this epoch: 
Memory allocated:  90.11474609375
Memory cached:  438.0
	 epoch  80 training error:  tensor(0.3990, device='cuda:0', grad_fn=<DivBackward0>)
Memory status after this epoch: 
Memory allocated:  90.11474609375
Memory cached:  432.0
	 epoch  90 training error:  tensor(0.3793, device='cuda:0', grad_fn=<DivBackward0>)
Memory status after this epoch: 
Memory allocated:  90.11474609375
Memory cached:  438.0
[I 2023-12-07 00:58:52,954] Trial 38 finished with value: 0.3032885789871216 and parameters: {'W_layers': 5, 'W_layer_units_exponent_0': 5, 'W_layer_units_exponent_1': 6, 'W_layer_units_exponent_2': 4, 'W_layer_units_exponent_3': 5, 'W_layer_units_exponent_4': 10, 'D_layers': 4, 'D_layer_units_exponent_0': 6, 'D_layer_units_exponent_1': 8, 'D_layer_units_exponent_2': 10, 'D_layer_units_exponent_3': 5, 'D_dagger_layers': 4, 'D_dagger_layer_units_exponent_0': 7, 'D_dagger_layer_units_exponent_1': 4, 'D_dagger_layer_units_exponent_2': 5, 'D_dagger_layer_units_exponent_3': 4, 'log_learning_rate': -4.754890343015516, 'log_learning_rate_D': -3.3273347220605682, 'log_learning_rate_D_dagger': -2.2093718415953605, 'training_batch_size': 9, 'training_p': 4}. Best is trial 36 with value: 0.10139856487512589.
Time for this trial:  174.61568403244019
Memory status after this trial: 
Memory allocated:  225.3857421875
Memory cached:  414.0
--------------------  Trial  39   --------------------
Start timing: 
Parameters: 
{'W_layers': 4, 'W_layer_units_exponent_0': 5, 'W_layer_units_exponent_1': 5, 'W_layer_units_exponent_2': 6, 'W_layer_units_exponent_3': 4, 'D_layers': 3, 'D_layer_units_exponent_0': 7, 'D_layer_units_exponent_1': 8, 'D_layer_units_exponent_2': 9, 'D_dagger_layers': 5, 'D_dagger_layer_units_exponent_0': 6, 'D_dagger_layer_units_exponent_1': 7, 'D_dagger_layer_units_exponent_2': 5, 'D_dagger_layer_units_exponent_3': 5, 'D_dagger_layer_units_exponent_4': 9, 'log_learning_rate': -4.402764222320325, 'log_learning_rate_D': -2.729578572963632, 'log_learning_rate_D_dagger': -3.326514342503792, 'training_batch_size': 10, 'training_p': 3}
	 epoch  0 training error:  tensor(0.9913, device='cuda:0', grad_fn=<DivBackward0>)
Memory status after this epoch: 
Memory allocated:  87.75732421875
Memory cached:  384.0
	 epoch  10 training error:  tensor(0.9471, device='cuda:0', grad_fn=<DivBackward0>)
Memory status after this epoch: 
Memory allocated:  87.75732421875
Memory cached:  390.0
	 epoch  20 training error:  tensor(0.8441, device='cuda:0', grad_fn=<DivBackward0>)
Memory status after this epoch: 
Memory allocated:  87.75732421875
Memory cached:  392.0
	 epoch  30 training error:  tensor(0.8011, device='cuda:0', grad_fn=<DivBackward0>)
Memory status after this epoch: 
Memory allocated:  87.75732421875
Memory cached:  392.0
	 epoch  40 training error:  tensor(0.7750, device='cuda:0', grad_fn=<DivBackward0>)
Memory status after this epoch: 
Memory allocated:  87.75732421875
Memory cached:  388.0
	 epoch  50 training error:  tensor(0.7164, device='cuda:0', grad_fn=<DivBackward0>)
Memory status after this epoch: 
Memory allocated:  87.75732421875
Memory cached:  390.0
	 epoch  60 training error:  tensor(0.6390, device='cuda:0', grad_fn=<DivBackward0>)
Memory status after this epoch: 
Memory allocated:  87.75732421875
Memory cached:  392.0
	 epoch  70 training error:  tensor(0.5306, device='cuda:0', grad_fn=<DivBackward0>)
Memory status after this epoch: 
Memory allocated:  87.75732421875
Memory cached:  390.0
	 epoch  80 training error:  tensor(0.4710, device='cuda:0', grad_fn=<DivBackward0>)
Memory status after this epoch: 
Memory allocated:  87.75732421875
Memory cached:  386.0
	 epoch  90 training error:  tensor(0.3505, device='cuda:0', grad_fn=<DivBackward0>)
Memory status after this epoch: 
Memory allocated:  87.75732421875
Memory cached:  392.0
