[I 2024-03-12 16:33:33,907] Trial 93 finished with value: 0.3594290316104889 and parameters: {'log_learning_rate': -2.035298824034181, 'log_learning_rate_D': -3.199740427568885, 'log_learning_rate_D_dagger': -1.0193241197474037, 'training_batch_size': 8, 'training_p': 5, 'p_order_W': 2, 'p_order_D': 4, 'p_order_D_dagger': 3}. Best is trial 84 with value: 0.34929484128952026.
Time for this trial:  172.88169598579407
Memory status after this trial: 
Memory allocated:  2.810546875
Memory cached:  6.0
--------------------  Trial  94   --------------------
Start timing: 
Parameters: 
{'log_learning_rate': -2.1749097316686696, 'log_learning_rate_D': -3.31428768165074, 'log_learning_rate_D_dagger': -1.1204280422920367, 'training_batch_size': 9, 'training_p': 5, 'p_order_W': 2, 'p_order_D': 4, 'p_order_D_dagger': 3}

	 epoch  0 training error:  tensor(253.4456, grad_fn=<ToCopyBackward0>)
Memory status after this epoch: 
Memory allocated:  1.67138671875
Memory cached:  6.0
	 epoch  10 training error:  tensor(24.8281, grad_fn=<ToCopyBackward0>)
Memory status after this epoch: 
Memory allocated:  1.67138671875
Memory cached:  6.0
	 epoch  20 training error:  tensor(15.4951, grad_fn=<ToCopyBackward0>)
Memory status after this epoch: 
Memory allocated:  1.67138671875
Memory cached:  6.0
	 epoch  30 training error:  tensor(4.7986, grad_fn=<ToCopyBackward0>)
Memory status after this epoch: 
Memory allocated:  1.67138671875
Memory cached:  6.0
	 epoch  40 training error:  tensor(1.2830, grad_fn=<ToCopyBackward0>)
Memory status after this epoch: 
Memory allocated:  1.67138671875
Memory cached:  6.0
	 epoch  50 training error:  tensor(0.7415, grad_fn=<ToCopyBackward0>)
Memory status after this epoch: 
Memory allocated:  1.67138671875
Memory cached:  6.0
	 epoch  60 training error:  tensor(0.6744, grad_fn=<ToCopyBackward0>)
Memory status after this epoch: 
Memory allocated:  1.67138671875
Memory cached:  6.0
	 epoch  70 training error:  tensor(0.5344, grad_fn=<ToCopyBackward0>)
Memory status after this epoch: 
Memory allocated:  1.67138671875
Memory cached:  6.0
	 epoch  80 training error:  tensor(0.5163, grad_fn=<ToCopyBackward0>)
Memory status after this epoch: 
Memory allocated:  1.67138671875
Memory cached:  6.0
	 epoch  90 training error:  tensor(0.4992, grad_fn=<ToCopyBackward0>)
Memory status after this epoch: 
Memory allocated:  1.67138671875
Memory cached:  6.0
[I 2024-03-12 16:35:10,695] Trial 94 finished with value: 0.39721736311912537 and parameters: {'log_learning_rate': -2.1749097316686696, 'log_learning_rate_D': -3.31428768165074, 'log_learning_rate_D_dagger': -1.1204280422920367, 'training_batch_size': 9, 'training_p': 5, 'p_order_W': 2, 'p_order_D': 4, 'p_order_D_dagger': 3}. Best is trial 84 with value: 0.34929484128952026.
Time for this trial:  96.54734516143799
Memory status after this trial: 
Memory allocated:  2.810546875
Memory cached:  6.0
--------------------  Trial  95   --------------------
Start timing: 
Parameters: 
{'log_learning_rate': -1.992839233695512, 'log_learning_rate_D': -3.1487067079787834, 'log_learning_rate_D_dagger': -1.001236950842107, 'training_batch_size': 8, 'training_p': 4, 'p_order_W': 2, 'p_order_D': 4, 'p_order_D_dagger': 3}

	 epoch  0 training error:  tensor(80.8022, grad_fn=<ToCopyBackward0>)
Memory status after this epoch: 
Memory allocated:  1.57373046875
Memory cached:  6.0
	 epoch  10 training error:  tensor(5.6706, grad_fn=<ToCopyBackward0>)
Memory status after this epoch: 
Memory allocated:  1.57373046875
Memory cached:  6.0
	 epoch  20 training error:  tensor(0.8637, grad_fn=<ToCopyBackward0>)
Memory status after this epoch: 
Memory allocated:  1.57373046875
Memory cached:  6.0
	 epoch  30 training error:  tensor(0.5032, grad_fn=<ToCopyBackward0>)
Memory status after this epoch: 
Memory allocated:  1.57373046875
Memory cached:  6.0
	 epoch  40 training error:  tensor(0.4908, grad_fn=<ToCopyBackward0>)
Memory status after this epoch: 
Memory allocated:  1.57373046875
Memory cached:  6.0
	 epoch  50 training error:  tensor(0.4725, grad_fn=<ToCopyBackward0>)
Memory status after this epoch: 
Memory allocated:  1.57373046875
Memory cached:  6.0
	 epoch  60 training error:  tensor(0.4625, grad_fn=<ToCopyBackward0>)
Memory status after this epoch: 
Memory allocated:  1.57373046875
Memory cached:  6.0
	 epoch  70 training error:  tensor(0.4578, grad_fn=<ToCopyBackward0>)
Memory status after this epoch: 
Memory allocated:  1.57373046875
Memory cached:  6.0
	 epoch  80 training error:  tensor(0.4548, grad_fn=<ToCopyBackward0>)
Memory status after this epoch: 
Memory allocated:  1.57373046875
Memory cached:  6.0
	 epoch  90 training error:  tensor(0.4506, grad_fn=<ToCopyBackward0>)
Memory status after this epoch: 
Memory allocated:  1.57373046875
Memory cached:  6.0
[I 2024-03-12 16:38:03,539] Trial 95 finished with value: 0.38997602462768555 and parameters: {'log_learning_rate': -1.992839233695512, 'log_learning_rate_D': -3.1487067079787834, 'log_learning_rate_D_dagger': -1.001236950842107, 'training_batch_size': 8, 'training_p': 4, 'p_order_W': 2, 'p_order_D': 4, 'p_order_D_dagger': 3}. Best is trial 84 with value: 0.34929484128952026.
Time for this trial:  172.58214807510376
Memory status after this trial: 
Memory allocated:  2.810546875
Memory cached:  6.0
--------------------  Trial  96   --------------------
Start timing: 
Parameters: 
{'log_learning_rate': -2.302880942962819, 'log_learning_rate_D': -3.181222488288442, 'log_learning_rate_D_dagger': -1.420634309953756, 'training_batch_size': 8, 'training_p': 5, 'p_order_W': 2, 'p_order_D': 4, 'p_order_D_dagger': 3}

	 epoch  0 training error:  tensor(3.2041, grad_fn=<ToCopyBackward0>)
Memory status after this epoch: 
Memory allocated:  1.57373046875
Memory cached:  6.0
	 epoch  10 training error:  tensor(0.5128, grad_fn=<ToCopyBackward0>)
Memory status after this epoch: 
Memory allocated:  1.57373046875
Memory cached:  6.0
	 epoch  20 training error:  tensor(0.4945, grad_fn=<ToCopyBackward0>)
Memory status after this epoch: 
Memory allocated:  1.57373046875
Memory cached:  6.0
	 epoch  30 training error:  tensor(0.4867, grad_fn=<ToCopyBackward0>)
Memory status after this epoch: 
Memory allocated:  1.57373046875
Memory cached:  6.0
	 epoch  40 training error:  tensor(0.4780, grad_fn=<ToCopyBackward0>)
Memory status after this epoch: 
Memory allocated:  1.57373046875
Memory cached:  6.0
	 epoch  50 training error:  tensor(0.4708, grad_fn=<ToCopyBackward0>)
Memory status after this epoch: 
Memory allocated:  1.57373046875
Memory cached:  6.0
	 epoch  60 training error:  tensor(0.4705, grad_fn=<ToCopyBackward0>)
Memory status after this epoch: 
Memory allocated:  1.57373046875
Memory cached:  6.0
	 epoch  70 training error:  tensor(0.4694, grad_fn=<ToCopyBackward0>)
Memory status after this epoch: 
Memory allocated:  1.57373046875
Memory cached:  6.0
	 epoch  80 training error:  tensor(0.4694, grad_fn=<ToCopyBackward0>)
Memory status after this epoch: 
Memory allocated:  1.57373046875
Memory cached:  6.0
	 epoch  90 training error:  tensor(0.4721, grad_fn=<ToCopyBackward0>)
Memory status after this epoch: 
Memory allocated:  1.57373046875
Memory cached:  6.0
[I 2024-03-12 16:40:57,873] Trial 96 finished with value: 0.360015332698822 and parameters: {'log_learning_rate': -2.302880942962819, 'log_learning_rate_D': -3.181222488288442, 'log_learning_rate_D_dagger': -1.420634309953756, 'training_batch_size': 8, 'training_p': 5, 'p_order_W': 2, 'p_order_D': 4, 'p_order_D_dagger': 3}. Best is trial 84 with value: 0.34929484128952026.
Time for this trial:  174.0854549407959
Memory status after this trial: 
Memory allocated:  2.810546875
Memory cached:  6.0
--------------------  Trial  97   --------------------
Start timing: 
Parameters: 
{'log_learning_rate': -2.3688675901409155, 'log_learning_rate_D': -3.50376837879741, 'log_learning_rate_D_dagger': -1.412866327555049, 'training_batch_size': 8, 'training_p': 4, 'p_order_W': 2, 'p_order_D': 4, 'p_order_D_dagger': 3}

	 epoch  0 training error:  tensor(126.3072, grad_fn=<ToCopyBackward0>)
Memory status after this epoch: 
Memory allocated:  1.57373046875
Memory cached:  6.0
	 epoch  10 training error:  tensor(7.9093, grad_fn=<ToCopyBackward0>)
Memory status after this epoch: 
Memory allocated:  1.57373046875
Memory cached:  6.0
	 epoch  20 training error:  tensor(1.5762, grad_fn=<ToCopyBackward0>)
Memory status after this epoch: 
Memory allocated:  1.57373046875
Memory cached:  6.0
	 epoch  30 training error:  tensor(0.4906, grad_fn=<ToCopyBackward0>)
Memory status after this epoch: 
Memory allocated:  1.57373046875
Memory cached:  6.0
	 epoch  40 training error:  tensor(0.4632, grad_fn=<ToCopyBackward0>)
Memory status after this epoch: 
Memory allocated:  1.57373046875
Memory cached:  6.0
	 epoch  50 training error:  tensor(0.4471, grad_fn=<ToCopyBackward0>)
Memory status after this epoch: 
Memory allocated:  1.57373046875
Memory cached:  6.0
	 epoch  60 training error:  tensor(0.4388, grad_fn=<ToCopyBackward0>)
Memory status after this epoch: 
Memory allocated:  1.57373046875
Memory cached:  6.0
	 epoch  70 training error:  tensor(0.4338, grad_fn=<ToCopyBackward0>)
Memory status after this epoch: 
Memory allocated:  1.57373046875
Memory cached:  6.0
	 epoch  80 training error:  tensor(0.4315, grad_fn=<ToCopyBackward0>)
Memory status after this epoch: 
Memory allocated:  1.57373046875
Memory cached:  6.0
	 epoch  90 training error:  tensor(0.4304, grad_fn=<ToCopyBackward0>)
Memory status after this epoch: 
Memory allocated:  1.57373046875
Memory cached:  6.0
[I 2024-03-12 16:43:52,240] Trial 97 finished with value: 0.34043747186660767 and parameters: {'log_learning_rate': -2.3688675901409155, 'log_learning_rate_D': -3.50376837879741, 'log_learning_rate_D_dagger': -1.412866327555049, 'training_batch_size': 8, 'training_p': 4, 'p_order_W': 2, 'p_order_D': 4, 'p_order_D_dagger': 3}. Best is trial 97 with value: 0.34043747186660767.
res:  tensor(0.3404, grad_fn=<ToCopyBackward0>)
self.bestValue:  tensor(0.3493, grad_fn=<ToCopyBackward0>)
Save this model!
Time for this trial:  174.12443566322327
Memory status after this trial: 
Memory allocated:  1.27001953125
Memory cached:  4.0
--------------------  Trial  98   --------------------
Start timing: 
Parameters: 
{'log_learning_rate': -2.3122876648930673, 'log_learning_rate_D': -3.270813209667066, 'log_learning_rate_D_dagger': -1.549090529771769, 'training_batch_size': 8, 'training_p': 4, 'p_order_W': 2, 'p_order_D': 4, 'p_order_D_dagger': 3}

	 epoch  0 training error:  tensor(111.1416, grad_fn=<ToCopyBackward0>)
Memory status after this epoch: 
Memory allocated:  1.30029296875
Memory cached:  4.0
	 epoch  10 training error:  tensor(3.7729, grad_fn=<ToCopyBackward0>)
Memory status after this epoch: 
Memory allocated:  1.30029296875
Memory cached:  4.0
	 epoch  20 training error:  tensor(1.3903, grad_fn=<ToCopyBackward0>)
Memory status after this epoch: 
Memory allocated:  1.30029296875
Memory cached:  4.0
	 epoch  30 training error:  tensor(0.8349, grad_fn=<ToCopyBackward0>)
Memory status after this epoch: 
Memory allocated:  1.30029296875
Memory cached:  4.0
	 epoch  40 training error:  tensor(0.6075, grad_fn=<ToCopyBackward0>)
Memory status after this epoch: 
Memory allocated:  1.30029296875
Memory cached:  4.0
	 epoch  50 training error:  tensor(0.5147, grad_fn=<ToCopyBackward0>)
Memory status after this epoch: 
Memory allocated:  1.30029296875
Memory cached:  4.0
	 epoch  60 training error:  tensor(0.4806, grad_fn=<ToCopyBackward0>)
Memory status after this epoch: 
Memory allocated:  1.30029296875
Memory cached:  4.0
	 epoch  70 training error:  tensor(0.4493, grad_fn=<ToCopyBackward0>)
Memory status after this epoch: 
Memory allocated:  1.30029296875
Memory cached:  4.0
	 epoch  80 training error:  tensor(0.4385, grad_fn=<ToCopyBackward0>)
Memory status after this epoch: 
Memory allocated:  1.30029296875
Memory cached:  4.0
	 epoch  90 training error:  tensor(0.4336, grad_fn=<ToCopyBackward0>)
Memory status after this epoch: 
Memory allocated:  1.30029296875
Memory cached:  4.0
[I 2024-03-12 16:46:43,675] Trial 98 finished with value: 0.3268338143825531 and parameters: {'log_learning_rate': -2.3122876648930673, 'log_learning_rate_D': -3.270813209667066, 'log_learning_rate_D_dagger': -1.549090529771769, 'training_batch_size': 8, 'training_p': 4, 'p_order_W': 2, 'p_order_D': 4, 'p_order_D_dagger': 3}. Best is trial 98 with value: 0.3268338143825531.
res:  tensor(0.3268, grad_fn=<ToCopyBackward0>)
self.bestValue:  tensor(0.3404, grad_fn=<ToCopyBackward0>)
Save this model!
Time for this trial:  171.218514919281
Memory status after this trial: 
Memory allocated:  1.27001953125
Memory cached:  4.0
--------------------  Trial  99   --------------------
Start timing: 
Parameters: 
{'log_learning_rate': -1.7084793705951522, 'log_learning_rate_D': -3.2699334015660715, 'log_learning_rate_D_dagger': -1.3662753440092357, 'training_batch_size': 8, 'training_p': 4, 'p_order_W': 2, 'p_order_D': 4, 'p_order_D_dagger': 2}

	 epoch  0 training error:  tensor(1.0776, grad_fn=<ToCopyBackward0>)
Memory status after this epoch: 
Memory allocated:  1.30029296875
Memory cached:  4.0
	 epoch  10 training error:  tensor(0.4753, grad_fn=<ToCopyBackward0>)
Memory status after this epoch: 
Memory allocated:  1.30029296875
Memory cached:  4.0
	 epoch  20 training error:  tensor(0.4596, grad_fn=<ToCopyBackward0>)
Memory status after this epoch: 
Memory allocated:  1.30029296875
Memory cached:  4.0
	 epoch  30 training error:  tensor(0.4569, grad_fn=<ToCopyBackward0>)
Memory status after this epoch: 
Memory allocated:  1.30029296875
Memory cached:  4.0
	 epoch  40 training error:  tensor(0.4569, grad_fn=<ToCopyBackward0>)
Memory status after this epoch: 
Memory allocated:  1.30029296875
Memory cached:  4.0
	 epoch  50 training error:  tensor(0.4569, grad_fn=<ToCopyBackward0>)
Memory status after this epoch: 
Memory allocated:  1.30029296875
Memory cached:  4.0
	 epoch  60 training error:  tensor(0.4569, grad_fn=<ToCopyBackward0>)
Memory status after this epoch: 
Memory allocated:  1.30029296875
Memory cached:  4.0
	 epoch  70 training error:  tensor(0.4569, grad_fn=<ToCopyBackward0>)
Memory status after this epoch: 
Memory allocated:  1.30029296875
Memory cached:  4.0
	 epoch  80 training error:  tensor(0.4569, grad_fn=<ToCopyBackward0>)
Memory status after this epoch: 
Memory allocated:  1.30029296875
Memory cached:  4.0
	 epoch  90 training error:  tensor(0.4569, grad_fn=<ToCopyBackward0>)
Memory status after this epoch: 
Memory allocated:  1.30029296875
Memory cached:  4.0
[I 2024-03-12 16:49:23,817] Trial 99 finished with value: 0.39830026030540466 and parameters: {'log_learning_rate': -1.7084793705951522, 'log_learning_rate_D': -3.2699334015660715, 'log_learning_rate_D_dagger': -1.3662753440092357, 'training_batch_size': 8, 'training_p': 4, 'p_order_W': 2, 'p_order_D': 4, 'p_order_D_dagger': 2}. Best is trial 98 with value: 0.3268338143825531.
Time for this trial:  159.91711711883545
Memory status after this trial: 
Memory allocated:  2.146484375
Memory cached:  4.0
--------------------  Trial  100   --------------------
Start timing: 
Parameters: 
{'log_learning_rate': -2.3042084681923356, 'log_learning_rate_D': -3.476853135089991, 'log_learning_rate_D_dagger': -1.5091855298879535, 'training_batch_size': 8, 'training_p': 4, 'p_order_W': 2, 'p_order_D': 4, 'p_order_D_dagger': 3}

	 epoch  0 training error:  tensor(217.0004, grad_fn=<ToCopyBackward0>)
Memory status after this epoch: 
Memory allocated:  1.30029296875
Memory cached:  4.0
	 epoch  10 training error:  tensor(2.6695, grad_fn=<ToCopyBackward0>)
Memory status after this epoch: 
Memory allocated:  1.30029296875
Memory cached:  4.0
	 epoch  20 training error:  tensor(1.4418, grad_fn=<ToCopyBackward0>)
Memory status after this epoch: 
Memory allocated:  1.30029296875
Memory cached:  4.0
	 epoch  30 training error:  tensor(0.4836, grad_fn=<ToCopyBackward0>)
Memory status after this epoch: 
Memory allocated:  1.30029296875
Memory cached:  4.0
	 epoch  40 training error:  tensor(0.4498, grad_fn=<ToCopyBackward0>)
Memory status after this epoch: 
Memory allocated:  1.30029296875
Memory cached:  4.0
	 epoch  50 training error:  tensor(0.4383, grad_fn=<ToCopyBackward0>)
Memory status after this epoch: 
Memory allocated:  1.30029296875
Memory cached:  4.0
	 epoch  60 training error:  tensor(0.4329, grad_fn=<ToCopyBackward0>)
Memory status after this epoch: 
Memory allocated:  1.30029296875
Memory cached:  4.0
	 epoch  70 training error:  tensor(0.4316, grad_fn=<ToCopyBackward0>)
Memory status after this epoch: 
Memory allocated:  1.30029296875
Memory cached:  4.0
	 epoch  80 training error:  tensor(0.4312, grad_fn=<ToCopyBackward0>)
Memory status after this epoch: 
Memory allocated:  1.30029296875
Memory cached:  4.0
	 epoch  90 training error:  tensor(0.4311, grad_fn=<ToCopyBackward0>)
Memory status after this epoch: 
Memory allocated:  1.30029296875
Memory cached:  4.0
[I 2024-03-12 16:52:16,098] Trial 100 finished with value: 0.3538583517074585 and parameters: {'log_learning_rate': -2.3042084681923356, 'log_learning_rate_D': -3.476853135089991, 'log_learning_rate_D_dagger': -1.5091855298879535, 'training_batch_size': 8, 'training_p': 4, 'p_order_W': 2, 'p_order_D': 4, 'p_order_D_dagger': 3}. Best is trial 98 with value: 0.3268338143825531.
Time for this trial:  172.0416133403778
Memory status after this trial: 
Memory allocated:  2.537109375
Memory cached:  4.0
--------------------  Trial  101   --------------------
Start timing: 
Parameters: 
{'log_learning_rate': -1.8869649213637207, 'log_learning_rate_D': -3.4722949913843646, 'log_learning_rate_D_dagger': -1.4955352054518856, 'training_batch_size': 8, 'training_p': 4, 'p_order_W': 5, 'p_order_D': 4, 'p_order_D_dagger': 3}

	 epoch  0 training error:  tensor(29.2974, grad_fn=<ToCopyBackward0>)
Memory status after this epoch: 
Memory allocated:  1.56884765625
Memory cached:  4.0
	 epoch  10 training error:  tensor(1.5242, grad_fn=<ToCopyBackward0>)
Memory status after this epoch: 
Memory allocated:  1.56884765625
Memory cached:  6.0
	 epoch  20 training error:  tensor(0.7344, grad_fn=<ToCopyBackward0>)
Memory status after this epoch: 
Memory allocated:  1.56884765625
Memory cached:  4.0
	 epoch  30 training error:  tensor(0.5296, grad_fn=<ToCopyBackward0>)
Memory status after this epoch: 
Memory allocated:  1.56884765625
Memory cached:  4.0
	 epoch  40 training error:  tensor(0.4952, grad_fn=<ToCopyBackward0>)
Memory status after this epoch: 
Memory allocated:  1.56884765625
Memory cached:  4.0
	 epoch  50 training error:  tensor(0.4723, grad_fn=<ToCopyBackward0>)
Memory status after this epoch: 
Memory allocated:  1.56884765625
Memory cached:  4.0
	 epoch  60 training error:  tensor(0.4537, grad_fn=<ToCopyBackward0>)
Memory status after this epoch: 
Memory allocated:  1.56884765625
Memory cached:  4.0
	 epoch  70 training error:  tensor(0.4393, grad_fn=<ToCopyBackward0>)
Memory status after this epoch: 
Memory allocated:  1.56884765625
Memory cached:  4.0
	 epoch  80 training error:  tensor(0.4316, grad_fn=<ToCopyBackward0>)
Memory status after this epoch: 
Memory allocated:  1.56884765625
Memory cached:  4.0
	 epoch  90 training error:  tensor(0.4315, grad_fn=<ToCopyBackward0>)
Memory status after this epoch: 
Memory allocated:  1.56884765625
Memory cached:  6.0
[I 2024-03-12 16:55:54,276] Trial 101 finished with value: 0.34367749094963074 and parameters: {'log_learning_rate': -1.8869649213637207, 'log_learning_rate_D': -3.4722949913843646, 'log_learning_rate_D_dagger': -1.4955352054518856, 'training_batch_size': 8, 'training_p': 4, 'p_order_W': 5, 'p_order_D': 4, 'p_order_D_dagger': 3}. Best is trial 98 with value: 0.3268338143825531.
Time for this trial:  217.91995072364807
Memory status after this trial: 
Memory allocated:  3.4677734375
Memory cached:  4.0
--------------------  Trial  102   --------------------
Start timing: 
Parameters: 
{'log_learning_rate': -2.029749768996494, 'log_learning_rate_D': -3.4323573324066685, 'log_learning_rate_D_dagger': -1.4974159390871338, 'training_batch_size': 8, 'training_p': 3, 'p_order_W': 5, 'p_order_D': 4, 'p_order_D_dagger': 3}

	 epoch  0 training error:  tensor(78.1847, grad_fn=<ToCopyBackward0>)
Memory status after this epoch: 
Memory allocated:  1.56884765625
Memory cached:  4.0
	 epoch  10 training error:  tensor(1.9152, grad_fn=<ToCopyBackward0>)
Memory status after this epoch: 
Memory allocated:  1.56884765625
Memory cached:  6.0
	 epoch  20 training error:  tensor(1.4132, grad_fn=<ToCopyBackward0>)
Memory status after this epoch: 
Memory allocated:  1.56884765625
Memory cached:  4.0
	 epoch  30 training error:  tensor(0.5240, grad_fn=<ToCopyBackward0>)
Memory status after this epoch: 
Memory allocated:  1.56884765625
Memory cached:  4.0
	 epoch  40 training error:  tensor(0.4421, grad_fn=<ToCopyBackward0>)
Memory status after this epoch: 
Memory allocated:  1.56884765625
Memory cached:  4.0
	 epoch  50 training error:  tensor(0.4383, grad_fn=<ToCopyBackward0>)
Memory status after this epoch: 
Memory allocated:  1.56884765625
Memory cached:  4.0
	 epoch  60 training error:  tensor(0.4335, grad_fn=<ToCopyBackward0>)
Memory status after this epoch: 
Memory allocated:  1.56884765625
Memory cached:  4.0
	 epoch  70 training error:  tensor(0.4275, grad_fn=<ToCopyBackward0>)
Memory status after this epoch: 
Memory allocated:  1.56884765625
Memory cached:  4.0
	 epoch  80 training error:  tensor(0.4215, grad_fn=<ToCopyBackward0>)
Memory status after this epoch: 
Memory allocated:  1.56884765625
Memory cached:  4.0
	 epoch  90 training error:  tensor(0.4156, grad_fn=<ToCopyBackward0>)
Memory status after this epoch: 
Memory allocated:  1.56884765625
Memory cached:  6.0
