[I 2024-01-03 23:34:09,763] Trial 156 finished with value: 0.42954811453819275 and parameters: {'W_layers': 3, 'W_layer_units_exponent_0': 10, 'W_layer_units_exponent_1': 4, 'W_layer_units_exponent_2': 6, 'D_layers': 3, 'D_layer_units_exponent_0': 10, 'D_layer_units_exponent_1': 6, 'D_layer_units_exponent_2': 8, 'D_dagger_layers': 4, 'D_dagger_layer_units_exponent_0': 6, 'D_dagger_layer_units_exponent_1': 10, 'D_dagger_layer_units_exponent_2': 7, 'D_dagger_layer_units_exponent_3': 8, 'log_learning_rate': -4.240605953708525, 'log_learning_rate_D': -2.5401515410323077, 'log_learning_rate_D_dagger': -2.956750819786536, 'training_batch_size': 10, 'training_p': 7}. Best is trial 87 with value: 0.11369848251342773.
Time for this trial:  164.4632134437561
Memory status after this trial: 
Memory allocated:  476.5185546875
Memory cached:  616.0
--------------------  Trial  157   --------------------
Start timing: 
Parameters: 
{'W_layers': 6, 'W_layer_units_exponent_0': 10, 'W_layer_units_exponent_1': 9, 'W_layer_units_exponent_2': 6, 'W_layer_units_exponent_3': 6, 'W_layer_units_exponent_4': 6, 'W_layer_units_exponent_5': 7, 'D_layers': 3, 'D_layer_units_exponent_0': 10, 'D_layer_units_exponent_1': 6, 'D_layer_units_exponent_2': 9, 'D_dagger_layers': 3, 'D_dagger_layer_units_exponent_0': 10, 'D_dagger_layer_units_exponent_1': 10, 'D_dagger_layer_units_exponent_2': 4, 'log_learning_rate': -4.660084567285027, 'log_learning_rate_D': -2.777250843912462, 'log_learning_rate_D_dagger': -3.4310909684642232, 'training_batch_size': 10, 'training_p': 6}
	 epoch  0 training error:  tensor(1.0410, device='cuda:0', grad_fn=<DivBackward0>)
Memory status after this epoch: 
Memory allocated:  295.96826171875
Memory cached:  630.0
	 epoch  10 training error:  tensor(0.5617, device='cuda:0', grad_fn=<DivBackward0>)
Memory status after this epoch: 
Memory allocated:  295.96826171875
Memory cached:  674.0
	 epoch  20 training error:  tensor(0.5161, device='cuda:0', grad_fn=<DivBackward0>)
Memory status after this epoch: 
Memory allocated:  295.96826171875
Memory cached:  678.0
	 epoch  30 training error:  tensor(0.5511, device='cuda:0', grad_fn=<DivBackward0>)
Memory status after this epoch: 
Memory allocated:  295.96826171875
Memory cached:  674.0
	 epoch  40 training error:  tensor(0.5133, device='cuda:0', grad_fn=<DivBackward0>)
Memory status after this epoch: 
Memory allocated:  295.96826171875
Memory cached:  672.0
	 epoch  50 training error:  tensor(0.5123, device='cuda:0', grad_fn=<DivBackward0>)
Memory status after this epoch: 
Memory allocated:  295.96826171875
Memory cached:  676.0
	 epoch  60 training error:  tensor(0.5123, device='cuda:0', grad_fn=<DivBackward0>)
Memory status after this epoch: 
Memory allocated:  295.96826171875
Memory cached:  676.0
	 epoch  70 training error:  tensor(0.4980, device='cuda:0', grad_fn=<DivBackward0>)
Memory status after this epoch: 
Memory allocated:  295.96826171875
Memory cached:  674.0
	 epoch  80 training error:  tensor(0.5007, device='cuda:0', grad_fn=<DivBackward0>)
Memory status after this epoch: 
Memory allocated:  295.96826171875
Memory cached:  678.0
	 epoch  90 training error:  tensor(0.4893, device='cuda:0', grad_fn=<DivBackward0>)
Memory status after this epoch: 
Memory allocated:  295.96826171875
Memory cached:  680.0
[I 2024-01-03 23:37:24,566] Trial 157 finished with value: 0.35909467935562134 and parameters: {'W_layers': 6, 'W_layer_units_exponent_0': 10, 'W_layer_units_exponent_1': 9, 'W_layer_units_exponent_2': 6, 'W_layer_units_exponent_3': 6, 'W_layer_units_exponent_4': 6, 'W_layer_units_exponent_5': 7, 'D_layers': 3, 'D_layer_units_exponent_0': 10, 'D_layer_units_exponent_1': 6, 'D_layer_units_exponent_2': 9, 'D_dagger_layers': 3, 'D_dagger_layer_units_exponent_0': 10, 'D_dagger_layer_units_exponent_1': 10, 'D_dagger_layer_units_exponent_2': 4, 'log_learning_rate': -4.660084567285027, 'log_learning_rate_D': -2.777250843912462, 'log_learning_rate_D_dagger': -3.4310909684642232, 'training_batch_size': 10, 'training_p': 6}. Best is trial 87 with value: 0.11369848251342773.
Time for this trial:  194.278813123703
Memory status after this trial: 
Memory allocated:  572.0078125
Memory cached:  618.0
--------------------  Trial  158   --------------------
Start timing: 
Parameters: 
{'W_layers': 6, 'W_layer_units_exponent_0': 10, 'W_layer_units_exponent_1': 4, 'W_layer_units_exponent_2': 6, 'W_layer_units_exponent_3': 7, 'W_layer_units_exponent_4': 5, 'W_layer_units_exponent_5': 7, 'D_layers': 3, 'D_layer_units_exponent_0': 10, 'D_layer_units_exponent_1': 10, 'D_layer_units_exponent_2': 9, 'D_dagger_layers': 4, 'D_dagger_layer_units_exponent_0': 10, 'D_dagger_layer_units_exponent_1': 6, 'D_dagger_layer_units_exponent_2': 4, 'D_dagger_layer_units_exponent_3': 9, 'log_learning_rate': -4.043310861793707, 'log_learning_rate_D': -1.9649146708118643, 'log_learning_rate_D_dagger': -2.6942804884879963, 'training_batch_size': 10, 'training_p': 4}
	 epoch  0 training error:  tensor(0.9714, device='cuda:0', grad_fn=<DivBackward0>)
Memory status after this epoch: 
Memory allocated:  295.13232421875
Memory cached:  616.0
	 epoch  10 training error:  tensor(0.5244, device='cuda:0', grad_fn=<DivBackward0>)
Memory status after this epoch: 
Memory allocated:  295.13232421875
Memory cached:  644.0
	 epoch  20 training error:  tensor(0.6637, device='cuda:0', grad_fn=<DivBackward0>)
Memory status after this epoch: 
Memory allocated:  295.13232421875
Memory cached:  658.0
	 epoch  30 training error:  tensor(0.5747, device='cuda:0', grad_fn=<DivBackward0>)
Memory status after this epoch: 
Memory allocated:  295.13232421875
Memory cached:  642.0
	 epoch  40 training error:  tensor(0.5276, device='cuda:0', grad_fn=<DivBackward0>)
Memory status after this epoch: 
Memory allocated:  295.13232421875
Memory cached:  652.0
	 epoch  50 training error:  tensor(0.5373, device='cuda:0', grad_fn=<DivBackward0>)
Memory status after this epoch: 
Memory allocated:  295.13232421875
Memory cached:  660.0
	 epoch  60 training error:  tensor(0.5143, device='cuda:0', grad_fn=<DivBackward0>)
Memory status after this epoch: 
Memory allocated:  295.13232421875
Memory cached:  648.0
	 epoch  70 training error:  tensor(0.5135, device='cuda:0', grad_fn=<DivBackward0>)
Memory status after this epoch: 
Memory allocated:  295.13232421875
Memory cached:  664.0
	 epoch  80 training error:  tensor(0.5124, device='cuda:0', grad_fn=<DivBackward0>)
Memory status after this epoch: 
Memory allocated:  295.13232421875
Memory cached:  670.0
	 epoch  90 training error:  tensor(0.5115, device='cuda:0', grad_fn=<DivBackward0>)
Memory status after this epoch: 
Memory allocated:  295.13232421875
Memory cached:  648.0
[I 2024-01-03 23:40:44,241] Trial 158 finished with value: 0.5201563239097595 and parameters: {'W_layers': 6, 'W_layer_units_exponent_0': 10, 'W_layer_units_exponent_1': 4, 'W_layer_units_exponent_2': 6, 'W_layer_units_exponent_3': 7, 'W_layer_units_exponent_4': 5, 'W_layer_units_exponent_5': 7, 'D_layers': 3, 'D_layer_units_exponent_0': 10, 'D_layer_units_exponent_1': 10, 'D_layer_units_exponent_2': 9, 'D_dagger_layers': 4, 'D_dagger_layer_units_exponent_0': 10, 'D_dagger_layer_units_exponent_1': 6, 'D_dagger_layer_units_exponent_2': 4, 'D_dagger_layer_units_exponent_3': 9, 'log_learning_rate': -4.043310861793707, 'log_learning_rate_D': -1.9649146708118643, 'log_learning_rate_D_dagger': -2.6942804884879963, 'training_batch_size': 10, 'training_p': 4}. Best is trial 87 with value: 0.11369848251342773.
Time for this trial:  199.21893739700317
Memory status after this trial: 
Memory allocated:  570.0517578125
Memory cached:  626.0
--------------------  Trial  159   --------------------
Start timing: 
Parameters: 
{'W_layers': 6, 'W_layer_units_exponent_0': 10, 'W_layer_units_exponent_1': 4, 'W_layer_units_exponent_2': 6, 'W_layer_units_exponent_3': 5, 'W_layer_units_exponent_4': 10, 'W_layer_units_exponent_5': 6, 'D_layers': 2, 'D_layer_units_exponent_0': 10, 'D_layer_units_exponent_1': 6, 'D_dagger_layers': 4, 'D_dagger_layer_units_exponent_0': 10, 'D_dagger_layer_units_exponent_1': 10, 'D_dagger_layer_units_exponent_2': 5, 'D_dagger_layer_units_exponent_3': 7, 'log_learning_rate': -4.192777644821635, 'log_learning_rate_D': -2.7159969894259097, 'log_learning_rate_D_dagger': -3.1211638500897623, 'training_batch_size': 10, 'training_p': 6}
	 epoch  0 training error:  tensor(1.0125, device='cuda:0', grad_fn=<DivBackward0>)
Memory status after this epoch: 
Memory allocated:  288.82373046875
Memory cached:  636.0
	 epoch  10 training error:  tensor(0.5592, device='cuda:0', grad_fn=<DivBackward0>)
Memory status after this epoch: 
Memory allocated:  288.82373046875
Memory cached:  658.0
	 epoch  20 training error:  tensor(0.5309, device='cuda:0', grad_fn=<DivBackward0>)
Memory status after this epoch: 
Memory allocated:  288.82373046875
Memory cached:  656.0
	 epoch  30 training error:  tensor(0.5147, device='cuda:0', grad_fn=<DivBackward0>)
Memory status after this epoch: 
Memory allocated:  288.82373046875
Memory cached:  654.0
	 epoch  40 training error:  tensor(0.5060, device='cuda:0', grad_fn=<DivBackward0>)
Memory status after this epoch: 
Memory allocated:  288.82373046875
Memory cached:  664.0
	 epoch  50 training error:  tensor(0.5019, device='cuda:0', grad_fn=<DivBackward0>)
Memory status after this epoch: 
Memory allocated:  288.82373046875
Memory cached:  662.0
	 epoch  60 training error:  tensor(0.4890, device='cuda:0', grad_fn=<DivBackward0>)
Memory status after this epoch: 
Memory allocated:  288.82373046875
Memory cached:  656.0
	 epoch  70 training error:  tensor(0.4809, device='cuda:0', grad_fn=<DivBackward0>)
Memory status after this epoch: 
Memory allocated:  288.82373046875
Memory cached:  660.0
	 epoch  80 training error:  tensor(0.3660, device='cuda:0', grad_fn=<DivBackward0>)
Memory status after this epoch: 
Memory allocated:  288.82373046875
Memory cached:  654.0
	 epoch  90 training error:  tensor(0.3759, device='cuda:0', grad_fn=<DivBackward0>)
Memory status after this epoch: 
Memory allocated:  288.82373046875
Memory cached:  660.0
[I 2024-01-03 23:44:00,195] Trial 159 finished with value: 0.19470754265785217 and parameters: {'W_layers': 6, 'W_layer_units_exponent_0': 10, 'W_layer_units_exponent_1': 4, 'W_layer_units_exponent_2': 6, 'W_layer_units_exponent_3': 5, 'W_layer_units_exponent_4': 10, 'W_layer_units_exponent_5': 6, 'D_layers': 2, 'D_layer_units_exponent_0': 10, 'D_layer_units_exponent_1': 6, 'D_dagger_layers': 4, 'D_dagger_layer_units_exponent_0': 10, 'D_dagger_layer_units_exponent_1': 10, 'D_dagger_layer_units_exponent_2': 5, 'D_dagger_layer_units_exponent_3': 7, 'log_learning_rate': -4.192777644821635, 'log_learning_rate_D': -2.7159969894259097, 'log_learning_rate_D_dagger': -3.1211638500897623, 'training_batch_size': 10, 'training_p': 6}. Best is trial 87 with value: 0.11369848251342773.
Time for this trial:  195.50242805480957
Memory status after this trial: 
Memory allocated:  571.7509765625
Memory cached:  610.0
--------------------  Trial  160   --------------------
Start timing: 
Parameters: 
{'W_layers': 6, 'W_layer_units_exponent_0': 10, 'W_layer_units_exponent_1': 4, 'W_layer_units_exponent_2': 5, 'W_layer_units_exponent_3': 5, 'W_layer_units_exponent_4': 6, 'W_layer_units_exponent_5': 7, 'D_layers': 3, 'D_layer_units_exponent_0': 10, 'D_layer_units_exponent_1': 6, 'D_layer_units_exponent_2': 9, 'D_dagger_layers': 4, 'D_dagger_layer_units_exponent_0': 10, 'D_dagger_layer_units_exponent_1': 10, 'D_dagger_layer_units_exponent_2': 4, 'D_dagger_layer_units_exponent_3': 7, 'log_learning_rate': -4.379447871375725, 'log_learning_rate_D': -2.627412594076267, 'log_learning_rate_D_dagger': -3.27596201893239, 'training_batch_size': 6, 'training_p': 7}
	 epoch  0 training error:  tensor(0.9171, device='cuda:0', grad_fn=<DivBackward0>)
Memory status after this epoch: 
Memory allocated:  287.69970703125
Memory cached:  608.0
	 epoch  10 training error:  tensor(0.5502, device='cuda:0', grad_fn=<DivBackward0>)
Memory status after this epoch: 
Memory allocated:  287.69970703125
Memory cached:  668.0
	 epoch  20 training error:  tensor(0.5298, device='cuda:0', grad_fn=<DivBackward0>)
Memory status after this epoch: 
Memory allocated:  287.69970703125
Memory cached:  652.0
	 epoch  30 training error:  tensor(0.5277, device='cuda:0', grad_fn=<DivBackward0>)
Memory status after this epoch: 
Memory allocated:  287.69970703125
Memory cached:  658.0
	 epoch  40 training error:  tensor(0.5940, device='cuda:0', grad_fn=<DivBackward0>)
Memory status after this epoch: 
Memory allocated:  287.69970703125
Memory cached:  656.0
	 epoch  50 training error:  tensor(0.5659, device='cuda:0', grad_fn=<DivBackward0>)
Memory status after this epoch: 
Memory allocated:  287.69970703125
Memory cached:  656.0
	 epoch  60 training error:  tensor(0.5424, device='cuda:0', grad_fn=<DivBackward0>)
Memory status after this epoch: 
Memory allocated:  287.69970703125
Memory cached:  660.0
	 epoch  70 training error:  tensor(0.5332, device='cuda:0', grad_fn=<DivBackward0>)
Memory status after this epoch: 
Memory allocated:  287.69970703125
Memory cached:  658.0
	 epoch  80 training error:  tensor(0.5342, device='cuda:0', grad_fn=<DivBackward0>)
Memory status after this epoch: 
Memory allocated:  287.69970703125
Memory cached:  672.0
	 epoch  90 training error:  tensor(0.3509, device='cuda:0', grad_fn=<DivBackward0>)
Memory status after this epoch: 
Memory allocated:  287.69970703125
Memory cached:  678.0
[I 2024-01-03 23:49:32,130] Trial 160 finished with value: 0.1863776445388794 and parameters: {'W_layers': 6, 'W_layer_units_exponent_0': 10, 'W_layer_units_exponent_1': 4, 'W_layer_units_exponent_2': 5, 'W_layer_units_exponent_3': 5, 'W_layer_units_exponent_4': 6, 'W_layer_units_exponent_5': 7, 'D_layers': 3, 'D_layer_units_exponent_0': 10, 'D_layer_units_exponent_1': 6, 'D_layer_units_exponent_2': 9, 'D_dagger_layers': 4, 'D_dagger_layer_units_exponent_0': 10, 'D_dagger_layer_units_exponent_1': 10, 'D_dagger_layer_units_exponent_2': 4, 'D_dagger_layer_units_exponent_3': 7, 'log_learning_rate': -4.379447871375725, 'log_learning_rate_D': -2.627412594076267, 'log_learning_rate_D_dagger': -3.27596201893239, 'training_batch_size': 6, 'training_p': 7}. Best is trial 87 with value: 0.11369848251342773.
Time for this trial:  331.4807343482971
Memory status after this trial: 
Memory allocated:  544.1796875
Memory cached:  614.0
--------------------  Trial  161   --------------------
Start timing: 
Parameters: 
{'W_layers': 6, 'W_layer_units_exponent_0': 10, 'W_layer_units_exponent_1': 4, 'W_layer_units_exponent_2': 4, 'W_layer_units_exponent_3': 5, 'W_layer_units_exponent_4': 7, 'W_layer_units_exponent_5': 8, 'D_layers': 3, 'D_layer_units_exponent_0': 10, 'D_layer_units_exponent_1': 7, 'D_layer_units_exponent_2': 9, 'D_dagger_layers': 4, 'D_dagger_layer_units_exponent_0': 10, 'D_dagger_layer_units_exponent_1': 10, 'D_dagger_layer_units_exponent_2': 4, 'D_dagger_layer_units_exponent_3': 5, 'log_learning_rate': -4.290935512396148, 'log_learning_rate_D': -2.8459930415483794, 'log_learning_rate_D_dagger': -3.1975143022685186, 'training_batch_size': 7, 'training_p': 7}
	 epoch  0 training error:  tensor(1.0155, device='cuda:0', grad_fn=<DivBackward0>)
Memory status after this epoch: 
Memory allocated:  289.55029296875
Memory cached:  622.0
	 epoch  10 training error:  tensor(0.5561, device='cuda:0', grad_fn=<DivBackward0>)
Memory status after this epoch: 
Memory allocated:  289.55029296875
Memory cached:  678.0
	 epoch  20 training error:  tensor(0.5410, device='cuda:0', grad_fn=<DivBackward0>)
Memory status after this epoch: 
Memory allocated:  289.55029296875
Memory cached:  678.0
	 epoch  30 training error:  tensor(0.5430, device='cuda:0', grad_fn=<DivBackward0>)
Memory status after this epoch: 
Memory allocated:  289.55029296875
Memory cached:  674.0
	 epoch  40 training error:  tensor(0.5283, device='cuda:0', grad_fn=<DivBackward0>)
Memory status after this epoch: 
Memory allocated:  289.55029296875
Memory cached:  672.0
	 epoch  50 training error:  tensor(0.5297, device='cuda:0', grad_fn=<DivBackward0>)
Memory status after this epoch: 
Memory allocated:  289.55029296875
Memory cached:  676.0
	 epoch  60 training error:  tensor(0.5326, device='cuda:0', grad_fn=<DivBackward0>)
Memory status after this epoch: 
Memory allocated:  289.55029296875
Memory cached:  680.0
	 epoch  70 training error:  tensor(0.5166, device='cuda:0', grad_fn=<DivBackward0>)
Memory status after this epoch: 
Memory allocated:  289.55029296875
Memory cached:  670.0
	 epoch  80 training error:  tensor(0.5481, device='cuda:0', grad_fn=<DivBackward0>)
Memory status after this epoch: 
Memory allocated:  289.55029296875
Memory cached:  678.0
	 epoch  90 training error:  tensor(0.3954, device='cuda:0', grad_fn=<DivBackward0>)
Memory status after this epoch: 
Memory allocated:  289.55029296875
Memory cached:  672.0
[I 2024-01-03 23:52:50,609] Trial 161 finished with value: 0.17600034177303314 and parameters: {'W_layers': 6, 'W_layer_units_exponent_0': 10, 'W_layer_units_exponent_1': 4, 'W_layer_units_exponent_2': 4, 'W_layer_units_exponent_3': 5, 'W_layer_units_exponent_4': 7, 'W_layer_units_exponent_5': 8, 'D_layers': 3, 'D_layer_units_exponent_0': 10, 'D_layer_units_exponent_1': 7, 'D_layer_units_exponent_2': 9, 'D_dagger_layers': 4, 'D_dagger_layer_units_exponent_0': 10, 'D_dagger_layer_units_exponent_1': 10, 'D_dagger_layer_units_exponent_2': 4, 'D_dagger_layer_units_exponent_3': 5, 'log_learning_rate': -4.290935512396148, 'log_learning_rate_D': -2.8459930415483794, 'log_learning_rate_D_dagger': -3.1975143022685186, 'training_batch_size': 7, 'training_p': 7}. Best is trial 87 with value: 0.11369848251342773.
Time for this trial:  198.02922773361206
Memory status after this trial: 
Memory allocated:  552.6513671875
Memory cached:  618.0
--------------------  Trial  162   --------------------
Start timing: 
Parameters: 
{'W_layers': 6, 'W_layer_units_exponent_0': 10, 'W_layer_units_exponent_1': 4, 'W_layer_units_exponent_2': 7, 'W_layer_units_exponent_3': 5, 'W_layer_units_exponent_4': 6, 'W_layer_units_exponent_5': 8, 'D_layers': 3, 'D_layer_units_exponent_0': 10, 'D_layer_units_exponent_1': 7, 'D_layer_units_exponent_2': 9, 'D_dagger_layers': 4, 'D_dagger_layer_units_exponent_0': 10, 'D_dagger_layer_units_exponent_1': 10, 'D_dagger_layer_units_exponent_2': 4, 'D_dagger_layer_units_exponent_3': 5, 'log_learning_rate': -4.14273051873136, 'log_learning_rate_D': -3.173574142725146, 'log_learning_rate_D_dagger': -3.253520752576806, 'training_batch_size': 9, 'training_p': 7}
	 epoch  0 training error:  tensor(0.9937, device='cuda:0', grad_fn=<DivBackward0>)
Memory status after this epoch: 
Memory allocated:  289.35107421875
Memory cached:  630.0
	 epoch  10 training error:  tensor(0.5522, device='cuda:0', grad_fn=<DivBackward0>)
Memory status after this epoch: 
Memory allocated:  289.35107421875
Memory cached:  682.0
	 epoch  20 training error:  tensor(0.5405, device='cuda:0', grad_fn=<DivBackward0>)
Memory status after this epoch: 
Memory allocated:  289.35107421875
Memory cached:  680.0
	 epoch  30 training error:  tensor(0.5306, device='cuda:0', grad_fn=<DivBackward0>)
Memory status after this epoch: 
Memory allocated:  289.35107421875
Memory cached:  678.0
	 epoch  40 training error:  tensor(0.5286, device='cuda:0', grad_fn=<DivBackward0>)
Memory status after this epoch: 
Memory allocated:  289.35107421875
Memory cached:  684.0
	 epoch  50 training error:  tensor(0.5116, device='cuda:0', grad_fn=<DivBackward0>)
Memory status after this epoch: 
Memory allocated:  289.35107421875
Memory cached:  682.0
	 epoch  60 training error:  tensor(0.4769, device='cuda:0', grad_fn=<DivBackward0>)
Memory status after this epoch: 
Memory allocated:  289.35107421875
Memory cached:  682.0
	 epoch  70 training error:  tensor(0.3839, device='cuda:0', grad_fn=<DivBackward0>)
Memory status after this epoch: 
Memory allocated:  289.35107421875
Memory cached:  676.0
	 epoch  80 training error:  tensor(0.2607, device='cuda:0', grad_fn=<DivBackward0>)
Memory status after this epoch: 
Memory allocated:  289.35107421875
Memory cached:  678.0
	 epoch  90 training error:  tensor(0.3068, device='cuda:0', grad_fn=<DivBackward0>)
Memory status after this epoch: 
Memory allocated:  289.35107421875
Memory cached:  680.0
