[I 2023-12-03 00:59:42,651] Trial 40 finished with value: 0.1320044994354248 and parameters: {'W_layers': 7, 'W_layer_units_exponent_0': 8, 'W_layer_units_exponent_1': 6, 'W_layer_units_exponent_2': 9, 'W_layer_units_exponent_3': 8, 'W_layer_units_exponent_4': 6, 'W_layer_units_exponent_5': 4, 'W_layer_units_exponent_6': 6, 'D_layers': 6, 'D_layer_units_exponent_0': 5, 'D_layer_units_exponent_1': 4, 'D_layer_units_exponent_2': 8, 'D_layer_units_exponent_3': 8, 'D_layer_units_exponent_4': 4, 'D_layer_units_exponent_5': 7, 'log_learning_rate': -2.147181099639174, 'log_learning_rate_D': -2.457954418535006, 'training_batch_size': 8, 'training_p': 3}. Best is trial 15 with value: 0.03145942836999893.
Time for this trial:  50.927961349487305
Memory status after this trial: 
Memory allocated:  71.14111328125
Memory cached:  94.0
--------------------  Trial  41   --------------------
Start timing: 
Parameters: 
{'W_layers': 7, 'W_layer_units_exponent_0': 7, 'W_layer_units_exponent_1': 7, 'W_layer_units_exponent_2': 10, 'W_layer_units_exponent_3': 5, 'W_layer_units_exponent_4': 7, 'W_layer_units_exponent_5': 5, 'W_layer_units_exponent_6': 7, 'D_layers': 4, 'D_layer_units_exponent_0': 9, 'D_layer_units_exponent_1': 4, 'D_layer_units_exponent_2': 8, 'D_layer_units_exponent_3': 8, 'log_learning_rate': -3.298889465696264, 'log_learning_rate_D': -2.3393892778444307, 'training_batch_size': 8, 'training_p': 4}
	 epoch  0 training error:  tensor(0.5054, device='cuda:0', grad_fn=<DivBackward0>)
Memory status after this epoch: 
Memory allocated:  28.78662109375
Memory cached:  92.0
	 epoch  10 training error:  tensor(0.0806, device='cuda:0', grad_fn=<DivBackward0>)
Memory status after this epoch: 
Memory allocated:  28.78662109375
Memory cached:  92.0
	 epoch  20 training error:  tensor(0.0627, device='cuda:0', grad_fn=<DivBackward0>)
Memory status after this epoch: 
Memory allocated:  28.78662109375
Memory cached:  92.0
	 epoch  30 training error:  tensor(0.0513, device='cuda:0', grad_fn=<DivBackward0>)
Memory status after this epoch: 
Memory allocated:  28.78662109375
Memory cached:  92.0
	 epoch  40 training error:  tensor(0.0459, device='cuda:0', grad_fn=<DivBackward0>)
Memory status after this epoch: 
Memory allocated:  28.78662109375
Memory cached:  92.0
	 epoch  50 training error:  tensor(0.0366, device='cuda:0', grad_fn=<DivBackward0>)
Memory status after this epoch: 
Memory allocated:  28.78662109375
Memory cached:  92.0
	 epoch  60 training error:  tensor(0.0454, device='cuda:0', grad_fn=<DivBackward0>)
Memory status after this epoch: 
Memory allocated:  28.78662109375
Memory cached:  92.0
	 epoch  70 training error:  tensor(0.0331, device='cuda:0', grad_fn=<DivBackward0>)
Memory status after this epoch: 
Memory allocated:  28.78662109375
Memory cached:  92.0
	 epoch  80 training error:  tensor(0.0312, device='cuda:0', grad_fn=<DivBackward0>)
Memory status after this epoch: 
Memory allocated:  28.78662109375
Memory cached:  92.0
	 epoch  90 training error:  tensor(0.0328, device='cuda:0', grad_fn=<DivBackward0>)
Memory status after this epoch: 
Memory allocated:  28.78662109375
Memory cached:  92.0
[I 2023-12-03 01:00:31,097] Trial 41 finished with value: 0.025145739316940308 and parameters: {'W_layers': 7, 'W_layer_units_exponent_0': 7, 'W_layer_units_exponent_1': 7, 'W_layer_units_exponent_2': 10, 'W_layer_units_exponent_3': 5, 'W_layer_units_exponent_4': 7, 'W_layer_units_exponent_5': 5, 'W_layer_units_exponent_6': 7, 'D_layers': 4, 'D_layer_units_exponent_0': 9, 'D_layer_units_exponent_1': 4, 'D_layer_units_exponent_2': 8, 'D_layer_units_exponent_3': 8, 'log_learning_rate': -3.298889465696264, 'log_learning_rate_D': -2.3393892778444307, 'training_batch_size': 8, 'training_p': 4}. Best is trial 41 with value: 0.025145739316940308.
res:  tensor(0.0251, device='cuda:0', grad_fn=<DivBackward0>)
self.bestValue:  tensor(0.0315, device='cuda:0', grad_fn=<DivBackward0>)
Save this model!
Time for this trial:  48.24271821975708
Memory status after this trial: 
Memory allocated:  62.5830078125
Memory cached:  90.0
--------------------  Trial  42   --------------------
Start timing: 
Parameters: 
{'W_layers': 8, 'W_layer_units_exponent_0': 7, 'W_layer_units_exponent_1': 6, 'W_layer_units_exponent_2': 10, 'W_layer_units_exponent_3': 5, 'W_layer_units_exponent_4': 7, 'W_layer_units_exponent_5': 5, 'W_layer_units_exponent_6': 7, 'W_layer_units_exponent_7': 10, 'D_layers': 4, 'D_layer_units_exponent_0': 10, 'D_layer_units_exponent_1': 4, 'D_layer_units_exponent_2': 8, 'D_layer_units_exponent_3': 8, 'log_learning_rate': -3.1970444669723737, 'log_learning_rate_D': -2.754198103982396, 'training_batch_size': 8, 'training_p': 4}
	 epoch  0 training error:  tensor(0.7126, device='cuda:0', grad_fn=<DivBackward0>)
Memory status after this epoch: 
Memory allocated:  68.03369140625
Memory cached:  92.0
	 epoch  10 training error:  tensor(0.1273, device='cuda:0', grad_fn=<DivBackward0>)
Memory status after this epoch: 
Memory allocated:  68.03369140625
Memory cached:  94.0
	 epoch  20 training error:  tensor(0.0831, device='cuda:0', grad_fn=<DivBackward0>)
Memory status after this epoch: 
Memory allocated:  68.03369140625
Memory cached:  94.0
	 epoch  30 training error:  tensor(0.0710, device='cuda:0', grad_fn=<DivBackward0>)
Memory status after this epoch: 
Memory allocated:  68.03369140625
Memory cached:  94.0
	 epoch  40 training error:  tensor(0.0893, device='cuda:0', grad_fn=<DivBackward0>)
Memory status after this epoch: 
Memory allocated:  68.03369140625
Memory cached:  94.0
	 epoch  50 training error:  tensor(0.0637, device='cuda:0', grad_fn=<DivBackward0>)
Memory status after this epoch: 
Memory allocated:  68.03369140625
Memory cached:  94.0
	 epoch  60 training error:  tensor(0.0512, device='cuda:0', grad_fn=<DivBackward0>)
Memory status after this epoch: 
Memory allocated:  68.03369140625
Memory cached:  94.0
	 epoch  70 training error:  tensor(0.0473, device='cuda:0', grad_fn=<DivBackward0>)
Memory status after this epoch: 
Memory allocated:  68.03369140625
Memory cached:  94.0
	 epoch  80 training error:  tensor(0.0433, device='cuda:0', grad_fn=<DivBackward0>)
Memory status after this epoch: 
Memory allocated:  68.03369140625
Memory cached:  94.0
	 epoch  90 training error:  tensor(0.0451, device='cuda:0', grad_fn=<DivBackward0>)
Memory status after this epoch: 
Memory allocated:  68.03369140625
Memory cached:  94.0
[I 2023-12-03 01:01:25,501] Trial 42 finished with value: 0.04886540025472641 and parameters: {'W_layers': 8, 'W_layer_units_exponent_0': 7, 'W_layer_units_exponent_1': 6, 'W_layer_units_exponent_2': 10, 'W_layer_units_exponent_3': 5, 'W_layer_units_exponent_4': 7, 'W_layer_units_exponent_5': 5, 'W_layer_units_exponent_6': 7, 'W_layer_units_exponent_7': 10, 'D_layers': 4, 'D_layer_units_exponent_0': 10, 'D_layer_units_exponent_1': 4, 'D_layer_units_exponent_2': 8, 'D_layer_units_exponent_3': 8, 'log_learning_rate': -3.1970444669723737, 'log_learning_rate_D': -2.754198103982396, 'training_batch_size': 8, 'training_p': 4}. Best is trial 41 with value: 0.025145739316940308.
Time for this trial:  54.22220230102539
Memory status after this trial: 
Memory allocated:  159.29736328125
Memory cached:  164.0
--------------------  Trial  43   --------------------
Start timing: 
Parameters: 
{'W_layers': 8, 'W_layer_units_exponent_0': 6, 'W_layer_units_exponent_1': 7, 'W_layer_units_exponent_2': 10, 'W_layer_units_exponent_3': 6, 'W_layer_units_exponent_4': 9, 'W_layer_units_exponent_5': 7, 'W_layer_units_exponent_6': 7, 'W_layer_units_exponent_7': 4, 'D_layers': 4, 'D_layer_units_exponent_0': 7, 'D_layer_units_exponent_1': 4, 'D_layer_units_exponent_2': 9, 'D_layer_units_exponent_3': 9, 'log_learning_rate': -2.928863307668277, 'log_learning_rate_D': -2.3166098522167595, 'training_batch_size': 8, 'training_p': 4}
	 epoch  0 training error:  tensor(0.1922, device='cuda:0', grad_fn=<DivBackward0>)
Memory status after this epoch: 
Memory allocated:  71.82861328125
Memory cached:  96.0
	 epoch  10 training error:  tensor(0.1360, device='cuda:0', grad_fn=<DivBackward0>)
Memory status after this epoch: 
Memory allocated:  71.82861328125
Memory cached:  96.0
	 epoch  20 training error:  tensor(0.0898, device='cuda:0', grad_fn=<DivBackward0>)
Memory status after this epoch: 
Memory allocated:  71.82861328125
Memory cached:  96.0
	 epoch  30 training error:  tensor(0.0708, device='cuda:0', grad_fn=<DivBackward0>)
Memory status after this epoch: 
Memory allocated:  71.82861328125
Memory cached:  96.0
	 epoch  40 training error:  tensor(0.0581, device='cuda:0', grad_fn=<DivBackward0>)
Memory status after this epoch: 
Memory allocated:  71.82861328125
Memory cached:  96.0
	 epoch  50 training error:  tensor(0.0449, device='cuda:0', grad_fn=<DivBackward0>)
Memory status after this epoch: 
Memory allocated:  71.82861328125
Memory cached:  96.0
	 epoch  60 training error:  tensor(0.0380, device='cuda:0', grad_fn=<DivBackward0>)
Memory status after this epoch: 
Memory allocated:  71.82861328125
Memory cached:  96.0
	 epoch  70 training error:  tensor(0.0480, device='cuda:0', grad_fn=<DivBackward0>)
Memory status after this epoch: 
Memory allocated:  71.82861328125
Memory cached:  96.0
	 epoch  80 training error:  tensor(0.0426, device='cuda:0', grad_fn=<DivBackward0>)
Memory status after this epoch: 
Memory allocated:  71.82861328125
Memory cached:  96.0
	 epoch  90 training error:  tensor(0.0329, device='cuda:0', grad_fn=<DivBackward0>)
Memory status after this epoch: 
Memory allocated:  71.82861328125
Memory cached:  96.0
[I 2023-12-03 01:02:18,627] Trial 43 finished with value: 0.03906930610537529 and parameters: {'W_layers': 8, 'W_layer_units_exponent_0': 6, 'W_layer_units_exponent_1': 7, 'W_layer_units_exponent_2': 10, 'W_layer_units_exponent_3': 6, 'W_layer_units_exponent_4': 9, 'W_layer_units_exponent_5': 7, 'W_layer_units_exponent_6': 7, 'W_layer_units_exponent_7': 4, 'D_layers': 4, 'D_layer_units_exponent_0': 7, 'D_layer_units_exponent_1': 4, 'D_layer_units_exponent_2': 9, 'D_layer_units_exponent_3': 9, 'log_learning_rate': -2.928863307668277, 'log_learning_rate_D': -2.3166098522167595, 'training_batch_size': 8, 'training_p': 4}. Best is trial 41 with value: 0.025145739316940308.
Time for this trial:  52.90469431877136
Memory status after this trial: 
Memory allocated:  141.21435546875
Memory cached:  148.0
--------------------  Trial  44   --------------------
Start timing: 
Parameters: 
{'W_layers': 7, 'W_layer_units_exponent_0': 7, 'W_layer_units_exponent_1': 8, 'W_layer_units_exponent_2': 9, 'W_layer_units_exponent_3': 5, 'W_layer_units_exponent_4': 6, 'W_layer_units_exponent_5': 5, 'W_layer_units_exponent_6': 8, 'D_layers': 5, 'D_layer_units_exponent_0': 9, 'D_layer_units_exponent_1': 4, 'D_layer_units_exponent_2': 8, 'D_layer_units_exponent_3': 9, 'D_layer_units_exponent_4': 6, 'log_learning_rate': -3.518420012017106, 'log_learning_rate_D': -2.763891965987701, 'training_batch_size': 9, 'training_p': 4}
	 epoch  0 training error:  tensor(1.1118, device='cuda:0', grad_fn=<DivBackward0>)
Memory status after this epoch: 
Memory allocated:  68.39892578125
Memory cached:  92.0
	 epoch  10 training error:  tensor(0.1722, device='cuda:0', grad_fn=<DivBackward0>)
Memory status after this epoch: 
Memory allocated:  68.39892578125
Memory cached:  94.0
	 epoch  20 training error:  tensor(0.0865, device='cuda:0', grad_fn=<DivBackward0>)
Memory status after this epoch: 
Memory allocated:  68.39892578125
Memory cached:  94.0
	 epoch  30 training error:  tensor(0.0572, device='cuda:0', grad_fn=<DivBackward0>)
Memory status after this epoch: 
Memory allocated:  68.39892578125
Memory cached:  94.0
	 epoch  40 training error:  tensor(0.0570, device='cuda:0', grad_fn=<DivBackward0>)
Memory status after this epoch: 
Memory allocated:  68.39892578125
Memory cached:  94.0
	 epoch  50 training error:  tensor(0.0458, device='cuda:0', grad_fn=<DivBackward0>)
Memory status after this epoch: 
Memory allocated:  68.39892578125
Memory cached:  94.0
	 epoch  60 training error:  tensor(0.0418, device='cuda:0', grad_fn=<DivBackward0>)
Memory status after this epoch: 
Memory allocated:  68.39892578125
Memory cached:  94.0
	 epoch  70 training error:  tensor(0.0351, device='cuda:0', grad_fn=<DivBackward0>)
Memory status after this epoch: 
Memory allocated:  68.39892578125
Memory cached:  94.0
	 epoch  80 training error:  tensor(0.0387, device='cuda:0', grad_fn=<DivBackward0>)
Memory status after this epoch: 
Memory allocated:  68.39892578125
Memory cached:  94.0
	 epoch  90 training error:  tensor(0.0321, device='cuda:0', grad_fn=<DivBackward0>)
Memory status after this epoch: 
Memory allocated:  68.39892578125
Memory cached:  94.0
[I 2023-12-03 01:03:10,920] Trial 44 finished with value: 0.030023295432329178 and parameters: {'W_layers': 7, 'W_layer_units_exponent_0': 7, 'W_layer_units_exponent_1': 8, 'W_layer_units_exponent_2': 9, 'W_layer_units_exponent_3': 5, 'W_layer_units_exponent_4': 6, 'W_layer_units_exponent_5': 5, 'W_layer_units_exponent_6': 8, 'D_layers': 5, 'D_layer_units_exponent_0': 9, 'D_layer_units_exponent_1': 4, 'D_layer_units_exponent_2': 8, 'D_layer_units_exponent_3': 9, 'D_layer_units_exponent_4': 6, 'log_learning_rate': -3.518420012017106, 'log_learning_rate_D': -2.763891965987701, 'training_batch_size': 9, 'training_p': 4}. Best is trial 41 with value: 0.025145739316940308.
Time for this trial:  52.08709359169006
Memory status after this trial: 
Memory allocated:  125.83251953125
Memory cached:  130.0
--------------------  Trial  45   --------------------
Start timing: 
Parameters: 
{'W_layers': 7, 'W_layer_units_exponent_0': 7, 'W_layer_units_exponent_1': 8, 'W_layer_units_exponent_2': 9, 'W_layer_units_exponent_3': 4, 'W_layer_units_exponent_4': 6, 'W_layer_units_exponent_5': 5, 'W_layer_units_exponent_6': 8, 'D_layers': 5, 'D_layer_units_exponent_0': 9, 'D_layer_units_exponent_1': 4, 'D_layer_units_exponent_2': 8, 'D_layer_units_exponent_3': 9, 'D_layer_units_exponent_4': 6, 'log_learning_rate': -3.5546077914231677, 'log_learning_rate_D': -2.8303045958360697, 'training_batch_size': 8, 'training_p': 2}
	 epoch  0 training error:  tensor(1.3978, device='cuda:0', grad_fn=<DivBackward0>)
Memory status after this epoch: 
Memory allocated:  68.25830078125
Memory cached:  92.0
	 epoch  10 training error:  tensor(0.1187, device='cuda:0', grad_fn=<DivBackward0>)
Memory status after this epoch: 
Memory allocated:  68.25830078125
Memory cached:  94.0
	 epoch  20 training error:  tensor(0.0858, device='cuda:0', grad_fn=<DivBackward0>)
Memory status after this epoch: 
Memory allocated:  68.25830078125
Memory cached:  94.0
	 epoch  30 training error:  tensor(0.0599, device='cuda:0', grad_fn=<DivBackward0>)
Memory status after this epoch: 
Memory allocated:  68.25830078125
Memory cached:  94.0
	 epoch  40 training error:  tensor(0.0481, device='cuda:0', grad_fn=<DivBackward0>)
Memory status after this epoch: 
Memory allocated:  68.25830078125
Memory cached:  94.0
	 epoch  50 training error:  tensor(0.0407, device='cuda:0', grad_fn=<DivBackward0>)
Memory status after this epoch: 
Memory allocated:  68.25830078125
Memory cached:  94.0
	 epoch  60 training error:  tensor(0.0366, device='cuda:0', grad_fn=<DivBackward0>)
Memory status after this epoch: 
Memory allocated:  68.25830078125
Memory cached:  94.0
	 epoch  70 training error:  tensor(0.0314, device='cuda:0', grad_fn=<DivBackward0>)
Memory status after this epoch: 
Memory allocated:  68.25830078125
Memory cached:  94.0
	 epoch  80 training error:  tensor(0.0308, device='cuda:0', grad_fn=<DivBackward0>)
Memory status after this epoch: 
Memory allocated:  68.25830078125
Memory cached:  94.0
	 epoch  90 training error:  tensor(0.0228, device='cuda:0', grad_fn=<DivBackward0>)
Memory status after this epoch: 
Memory allocated:  68.25830078125
Memory cached:  94.0
[I 2023-12-03 01:04:02,734] Trial 45 finished with value: 0.031046181917190552 and parameters: {'W_layers': 7, 'W_layer_units_exponent_0': 7, 'W_layer_units_exponent_1': 8, 'W_layer_units_exponent_2': 9, 'W_layer_units_exponent_3': 4, 'W_layer_units_exponent_4': 6, 'W_layer_units_exponent_5': 5, 'W_layer_units_exponent_6': 8, 'D_layers': 5, 'D_layer_units_exponent_0': 9, 'D_layer_units_exponent_1': 4, 'D_layer_units_exponent_2': 8, 'D_layer_units_exponent_3': 9, 'D_layer_units_exponent_4': 6, 'log_learning_rate': -3.5546077914231677, 'log_learning_rate_D': -2.8303045958360697, 'training_batch_size': 8, 'training_p': 2}. Best is trial 41 with value: 0.025145739316940308.
Time for this trial:  51.60088586807251
Memory status after this trial: 
Memory allocated:  125.46923828125
Memory cached:  130.0
--------------------  Trial  46   --------------------
Start timing: 
Parameters: 
{'W_layers': 7, 'W_layer_units_exponent_0': 8, 'W_layer_units_exponent_1': 8, 'W_layer_units_exponent_2': 8, 'W_layer_units_exponent_3': 4, 'W_layer_units_exponent_4': 6, 'W_layer_units_exponent_5': 4, 'W_layer_units_exponent_6': 8, 'D_layers': 5, 'D_layer_units_exponent_0': 10, 'D_layer_units_exponent_1': 4, 'D_layer_units_exponent_2': 7, 'D_layer_units_exponent_3': 9, 'D_layer_units_exponent_4': 6, 'log_learning_rate': -4.0542694883217, 'log_learning_rate_D': -3.1042997239418737, 'training_batch_size': 8, 'training_p': 2}
	 epoch  0 training error:  tensor(1.5006, device='cuda:0', grad_fn=<DivBackward0>)
Memory status after this epoch: 
Memory allocated:  66.81298828125
Memory cached:  92.0
	 epoch  10 training error:  tensor(0.3509, device='cuda:0', grad_fn=<DivBackward0>)
Memory status after this epoch: 
Memory allocated:  66.81298828125
Memory cached:  94.0
	 epoch  20 training error:  tensor(0.1821, device='cuda:0', grad_fn=<DivBackward0>)
Memory status after this epoch: 
Memory allocated:  66.81298828125
Memory cached:  94.0
	 epoch  30 training error:  tensor(0.0835, device='cuda:0', grad_fn=<DivBackward0>)
Memory status after this epoch: 
Memory allocated:  66.81298828125
Memory cached:  94.0
	 epoch  40 training error:  tensor(0.0637, device='cuda:0', grad_fn=<DivBackward0>)
Memory status after this epoch: 
Memory allocated:  66.81298828125
Memory cached:  94.0
	 epoch  50 training error:  tensor(0.0549, device='cuda:0', grad_fn=<DivBackward0>)
Memory status after this epoch: 
Memory allocated:  66.81298828125
Memory cached:  94.0
	 epoch  60 training error:  tensor(0.0490, device='cuda:0', grad_fn=<DivBackward0>)
Memory status after this epoch: 
Memory allocated:  66.81298828125
Memory cached:  94.0
	 epoch  70 training error:  tensor(0.0451, device='cuda:0', grad_fn=<DivBackward0>)
Memory status after this epoch: 
Memory allocated:  66.81298828125
Memory cached:  94.0
	 epoch  80 training error:  tensor(0.0418, device='cuda:0', grad_fn=<DivBackward0>)
Memory status after this epoch: 
Memory allocated:  66.81298828125
Memory cached:  94.0
	 epoch  90 training error:  tensor(0.0388, device='cuda:0', grad_fn=<DivBackward0>)
Memory status after this epoch: 
Memory allocated:  66.81298828125
Memory cached:  94.0
