[I 2024-02-18 05:54:19,633] Trial 34 finished with value: 0.3128836750984192 and parameters: {'W_layers': 7, 'W_layer_units_exponent_0': 9, 'W_layer_units_exponent_1': 6, 'W_layer_units_exponent_2': 5, 'W_layer_units_exponent_3': 9, 'W_layer_units_exponent_4': 6, 'W_layer_units_exponent_5': 4, 'W_layer_units_exponent_6': 4, 'D_layers': 2, 'D_layer_units_exponent_0': 8, 'D_layer_units_exponent_1': 10, 'D_dagger_layers': 2, 'D_dagger_layer_units_exponent_0': 8, 'D_dagger_layer_units_exponent_1': 4, 'log_learning_rate': -2.8899626869173334, 'log_learning_rate_D': -3.1917451958086835, 'log_learning_rate_D_dagger': -3.2546622366801117, 'training_batch_size': 7, 'training_p': 3}. Best is trial 23 with value: 0.3015700876712799.
Time for this trial:  23.401049852371216
Memory status after this trial: 
Memory allocated:  776.15087890625
Memory cached:  806.0
--------------------  Trial  35   --------------------
Start timing: 
Parameters: 
{'W_layers': 8, 'W_layer_units_exponent_0': 9, 'W_layer_units_exponent_1': 5, 'W_layer_units_exponent_2': 5, 'W_layer_units_exponent_3': 9, 'W_layer_units_exponent_4': 7, 'W_layer_units_exponent_5': 5, 'W_layer_units_exponent_6': 4, 'W_layer_units_exponent_7': 6, 'D_layers': 3, 'D_layer_units_exponent_0': 8, 'D_layer_units_exponent_1': 10, 'D_layer_units_exponent_2': 7, 'D_dagger_layers': 2, 'D_dagger_layer_units_exponent_0': 7, 'D_dagger_layer_units_exponent_1': 4, 'log_learning_rate': -3.5905950316017337, 'log_learning_rate_D': -2.9847689547621865, 'log_learning_rate_D_dagger': -3.597871888396211, 'training_batch_size': 6, 'training_p': 2}
	 epoch  0 training error:  tensor(1.3162, device='cuda:0', grad_fn=<DivBackward0>)
Memory status after this epoch: 
Memory allocated:  455.83935546875
Memory cached:  686.0
	 epoch  10 training error:  tensor(0.3294, device='cuda:0', grad_fn=<DivBackward0>)
Memory status after this epoch: 
Memory allocated:  455.83935546875
Memory cached:  686.0
	 epoch  20 training error:  tensor(0.2885, device='cuda:0', grad_fn=<DivBackward0>)
Memory status after this epoch: 
Memory allocated:  455.83935546875
Memory cached:  686.0
	 epoch  30 training error:  tensor(0.2889, device='cuda:0', grad_fn=<DivBackward0>)
Memory status after this epoch: 
Memory allocated:  455.83935546875
Memory cached:  686.0
	 epoch  40 training error:  tensor(0.3002, device='cuda:0', grad_fn=<DivBackward0>)
Memory status after this epoch: 
Memory allocated:  455.83935546875
Memory cached:  686.0
	 epoch  50 training error:  tensor(0.2897, device='cuda:0', grad_fn=<DivBackward0>)
Memory status after this epoch: 
Memory allocated:  455.83935546875
Memory cached:  686.0
	 epoch  60 training error:  tensor(0.2875, device='cuda:0', grad_fn=<DivBackward0>)
Memory status after this epoch: 
Memory allocated:  455.83935546875
Memory cached:  686.0
	 epoch  70 training error:  tensor(0.2893, device='cuda:0', grad_fn=<DivBackward0>)
Memory status after this epoch: 
Memory allocated:  455.83935546875
Memory cached:  686.0
	 epoch  80 training error:  tensor(0.2902, device='cuda:0', grad_fn=<DivBackward0>)
Memory status after this epoch: 
Memory allocated:  455.83935546875
Memory cached:  686.0
	 epoch  90 training error:  tensor(0.2889, device='cuda:0', grad_fn=<DivBackward0>)
Memory status after this epoch: 
Memory allocated:  455.83935546875
Memory cached:  686.0
[I 2024-02-18 05:54:47,025] Trial 35 finished with value: 0.30643221735954285 and parameters: {'W_layers': 8, 'W_layer_units_exponent_0': 9, 'W_layer_units_exponent_1': 5, 'W_layer_units_exponent_2': 5, 'W_layer_units_exponent_3': 9, 'W_layer_units_exponent_4': 7, 'W_layer_units_exponent_5': 5, 'W_layer_units_exponent_6': 4, 'W_layer_units_exponent_7': 6, 'D_layers': 3, 'D_layer_units_exponent_0': 8, 'D_layer_units_exponent_1': 10, 'D_layer_units_exponent_2': 7, 'D_dagger_layers': 2, 'D_dagger_layer_units_exponent_0': 7, 'D_dagger_layer_units_exponent_1': 4, 'log_learning_rate': -3.5905950316017337, 'log_learning_rate_D': -2.9847689547621865, 'log_learning_rate_D_dagger': -3.597871888396211, 'training_batch_size': 6, 'training_p': 2}. Best is trial 23 with value: 0.3015700876712799.
Time for this trial:  27.040555715560913
Memory status after this trial: 
Memory allocated:  770.93310546875
Memory cached:  816.0
--------------------  Trial  36   --------------------
Start timing: 
Parameters: 
{'W_layers': 6, 'W_layer_units_exponent_0': 9, 'W_layer_units_exponent_1': 7, 'W_layer_units_exponent_2': 4, 'W_layer_units_exponent_3': 8, 'W_layer_units_exponent_4': 7, 'W_layer_units_exponent_5': 6, 'D_layers': 8, 'D_layer_units_exponent_0': 7, 'D_layer_units_exponent_1': 6, 'D_layer_units_exponent_2': 6, 'D_layer_units_exponent_3': 7, 'D_layer_units_exponent_4': 8, 'D_layer_units_exponent_5': 8, 'D_layer_units_exponent_6': 10, 'D_layer_units_exponent_7': 10, 'D_dagger_layers': 3, 'D_dagger_layer_units_exponent_0': 8, 'D_dagger_layer_units_exponent_1': 4, 'D_dagger_layer_units_exponent_2': 9, 'log_learning_rate': -3.0264194764947647, 'log_learning_rate_D': -3.3179681105324406, 'log_learning_rate_D_dagger': -2.916929741372331, 'training_batch_size': 7, 'training_p': 3}
	 epoch  0 training error:  tensor(0.7911, device='cuda:0', grad_fn=<DivBackward0>)
Memory status after this epoch: 
Memory allocated:  460.46044921875
Memory cached:  684.0
	 epoch  10 training error:  tensor(0.3730, device='cuda:0', grad_fn=<DivBackward0>)
Memory status after this epoch: 
Memory allocated:  460.46044921875
Memory cached:  684.0
	 epoch  20 training error:  tensor(0.3706, device='cuda:0', grad_fn=<DivBackward0>)
Memory status after this epoch: 
Memory allocated:  460.46044921875
Memory cached:  684.0
	 epoch  30 training error:  tensor(0.3763, device='cuda:0', grad_fn=<DivBackward0>)
Memory status after this epoch: 
Memory allocated:  460.46044921875
Memory cached:  684.0
	 epoch  40 training error:  tensor(0.3751, device='cuda:0', grad_fn=<DivBackward0>)
Memory status after this epoch: 
Memory allocated:  460.46044921875
Memory cached:  684.0
	 epoch  50 training error:  tensor(0.3718, device='cuda:0', grad_fn=<DivBackward0>)
Memory status after this epoch: 
Memory allocated:  460.46044921875
Memory cached:  684.0
	 epoch  60 training error:  tensor(0.3741, device='cuda:0', grad_fn=<DivBackward0>)
Memory status after this epoch: 
Memory allocated:  460.46044921875
Memory cached:  684.0
	 epoch  70 training error:  tensor(0.3743, device='cuda:0', grad_fn=<DivBackward0>)
Memory status after this epoch: 
Memory allocated:  460.46044921875
Memory cached:  684.0
	 epoch  80 training error:  tensor(0.3740, device='cuda:0', grad_fn=<DivBackward0>)
Memory status after this epoch: 
Memory allocated:  460.46044921875
Memory cached:  684.0
	 epoch  90 training error:  tensor(0.3791, device='cuda:0', grad_fn=<DivBackward0>)
Memory status after this epoch: 
Memory allocated:  460.46044921875
Memory cached:  684.0
[I 2024-02-18 05:55:12,806] Trial 36 finished with value: 0.31638428568840027 and parameters: {'W_layers': 6, 'W_layer_units_exponent_0': 9, 'W_layer_units_exponent_1': 7, 'W_layer_units_exponent_2': 4, 'W_layer_units_exponent_3': 8, 'W_layer_units_exponent_4': 7, 'W_layer_units_exponent_5': 6, 'D_layers': 8, 'D_layer_units_exponent_0': 7, 'D_layer_units_exponent_1': 6, 'D_layer_units_exponent_2': 6, 'D_layer_units_exponent_3': 7, 'D_layer_units_exponent_4': 8, 'D_layer_units_exponent_5': 8, 'D_layer_units_exponent_6': 10, 'D_layer_units_exponent_7': 10, 'D_dagger_layers': 3, 'D_dagger_layer_units_exponent_0': 8, 'D_dagger_layer_units_exponent_1': 4, 'D_dagger_layer_units_exponent_2': 9, 'log_learning_rate': -3.0264194764947647, 'log_learning_rate_D': -3.3179681105324406, 'log_learning_rate_D_dagger': -2.916929741372331, 'training_batch_size': 7, 'training_p': 3}. Best is trial 23 with value: 0.3015700876712799.
Time for this trial:  25.420112133026123
Memory status after this trial: 
Memory allocated:  847.99267578125
Memory cached:  900.0
--------------------  Trial  37   --------------------
Start timing: 
Parameters: 
{'W_layers': 7, 'W_layer_units_exponent_0': 8, 'W_layer_units_exponent_1': 5, 'W_layer_units_exponent_2': 5, 'W_layer_units_exponent_3': 9, 'W_layer_units_exponent_4': 5, 'W_layer_units_exponent_5': 4, 'W_layer_units_exponent_6': 4, 'D_layers': 2, 'D_layer_units_exponent_0': 8, 'D_layer_units_exponent_1': 10, 'D_dagger_layers': 4, 'D_dagger_layer_units_exponent_0': 9, 'D_dagger_layer_units_exponent_1': 4, 'D_dagger_layer_units_exponent_2': 9, 'D_dagger_layer_units_exponent_3': 10, 'log_learning_rate': -3.297860201274131, 'log_learning_rate_D': -3.824852322469053, 'log_learning_rate_D_dagger': -3.36334889504903, 'training_batch_size': 6, 'training_p': 2}
	 epoch  0 training error:  tensor(0.5174, device='cuda:0', grad_fn=<DivBackward0>)
Memory status after this epoch: 
Memory allocated:  463.40087890625
Memory cached:  686.0
	 epoch  10 training error:  tensor(0.2996, device='cuda:0', grad_fn=<DivBackward0>)
Memory status after this epoch: 
Memory allocated:  463.40087890625
Memory cached:  686.0
	 epoch  20 training error:  tensor(0.2900, device='cuda:0', grad_fn=<DivBackward0>)
Memory status after this epoch: 
Memory allocated:  463.40087890625
Memory cached:  686.0
	 epoch  30 training error:  tensor(0.2849, device='cuda:0', grad_fn=<DivBackward0>)
Memory status after this epoch: 
Memory allocated:  463.40087890625
Memory cached:  684.0
	 epoch  40 training error:  tensor(0.2905, device='cuda:0', grad_fn=<DivBackward0>)
Memory status after this epoch: 
Memory allocated:  463.40087890625
Memory cached:  684.0
	 epoch  50 training error:  tensor(0.2875, device='cuda:0', grad_fn=<DivBackward0>)
Memory status after this epoch: 
Memory allocated:  463.40087890625
Memory cached:  686.0
	 epoch  60 training error:  tensor(0.2915, device='cuda:0', grad_fn=<DivBackward0>)
Memory status after this epoch: 
Memory allocated:  463.40087890625
Memory cached:  686.0
	 epoch  70 training error:  tensor(0.2854, device='cuda:0', grad_fn=<DivBackward0>)
Memory status after this epoch: 
Memory allocated:  463.40087890625
Memory cached:  686.0
	 epoch  80 training error:  tensor(0.2947, device='cuda:0', grad_fn=<DivBackward0>)
Memory status after this epoch: 
Memory allocated:  463.40087890625
Memory cached:  686.0
	 epoch  90 training error:  tensor(0.2873, device='cuda:0', grad_fn=<DivBackward0>)
Memory status after this epoch: 
Memory allocated:  463.40087890625
Memory cached:  686.0
[I 2024-02-18 05:55:43,244] Trial 37 finished with value: 0.3022553026676178 and parameters: {'W_layers': 7, 'W_layer_units_exponent_0': 8, 'W_layer_units_exponent_1': 5, 'W_layer_units_exponent_2': 5, 'W_layer_units_exponent_3': 9, 'W_layer_units_exponent_4': 5, 'W_layer_units_exponent_5': 4, 'W_layer_units_exponent_6': 4, 'D_layers': 2, 'D_layer_units_exponent_0': 8, 'D_layer_units_exponent_1': 10, 'D_dagger_layers': 4, 'D_dagger_layer_units_exponent_0': 9, 'D_dagger_layer_units_exponent_1': 4, 'D_dagger_layer_units_exponent_2': 9, 'D_dagger_layer_units_exponent_3': 10, 'log_learning_rate': -3.297860201274131, 'log_learning_rate_D': -3.824852322469053, 'log_learning_rate_D_dagger': -3.36334889504903, 'training_batch_size': 6, 'training_p': 2}. Best is trial 23 with value: 0.3015700876712799.
Time for this trial:  30.100505590438843
Memory status after this trial: 
Memory allocated:  1067.23974609375
Memory cached:  1156.0
--------------------  Trial  38   --------------------
Start timing: 
Parameters: 
{'W_layers': 7, 'W_layer_units_exponent_0': 8, 'W_layer_units_exponent_1': 10, 'W_layer_units_exponent_2': 5, 'W_layer_units_exponent_3': 8, 'W_layer_units_exponent_4': 5, 'W_layer_units_exponent_5': 5, 'W_layer_units_exponent_6': 4, 'D_layers': 2, 'D_layer_units_exponent_0': 10, 'D_layer_units_exponent_1': 8, 'D_dagger_layers': 2, 'D_dagger_layer_units_exponent_0': 10, 'D_dagger_layer_units_exponent_1': 4, 'log_learning_rate': -3.2454958388068844, 'log_learning_rate_D': -3.737527970988548, 'log_learning_rate_D_dagger': -4.297845050903969, 'training_batch_size': 6, 'training_p': 2}
	 epoch  0 training error:  tensor(0.6793, device='cuda:0', grad_fn=<DivBackward0>)
Memory status after this epoch: 
Memory allocated:  458.75732421875
Memory cached:  688.0
	 epoch  10 training error:  tensor(0.2977, device='cuda:0', grad_fn=<DivBackward0>)
Memory status after this epoch: 
Memory allocated:  458.75732421875
Memory cached:  690.0
	 epoch  20 training error:  tensor(0.2897, device='cuda:0', grad_fn=<DivBackward0>)
Memory status after this epoch: 
Memory allocated:  458.75732421875
Memory cached:  690.0
	 epoch  30 training error:  tensor(0.2864, device='cuda:0', grad_fn=<DivBackward0>)
Memory status after this epoch: 
Memory allocated:  458.75732421875
Memory cached:  692.0
	 epoch  40 training error:  tensor(0.2864, device='cuda:0', grad_fn=<DivBackward0>)
Memory status after this epoch: 
Memory allocated:  458.75732421875
Memory cached:  688.0
	 epoch  50 training error:  tensor(0.2852, device='cuda:0', grad_fn=<DivBackward0>)
Memory status after this epoch: 
Memory allocated:  458.75732421875
Memory cached:  692.0
	 epoch  60 training error:  tensor(0.2860, device='cuda:0', grad_fn=<DivBackward0>)
Memory status after this epoch: 
Memory allocated:  458.75732421875
Memory cached:  692.0
	 epoch  70 training error:  tensor(0.2857, device='cuda:0', grad_fn=<DivBackward0>)
Memory status after this epoch: 
Memory allocated:  458.75732421875
Memory cached:  690.0
	 epoch  80 training error:  tensor(0.2855, device='cuda:0', grad_fn=<DivBackward0>)
Memory status after this epoch: 
Memory allocated:  458.75732421875
Memory cached:  688.0
	 epoch  90 training error:  tensor(0.2862, device='cuda:0', grad_fn=<DivBackward0>)
Memory status after this epoch: 
Memory allocated:  458.75732421875
Memory cached:  692.0
[I 2024-02-18 05:56:11,375] Trial 38 finished with value: 0.3015051484107971 and parameters: {'W_layers': 7, 'W_layer_units_exponent_0': 8, 'W_layer_units_exponent_1': 10, 'W_layer_units_exponent_2': 5, 'W_layer_units_exponent_3': 8, 'W_layer_units_exponent_4': 5, 'W_layer_units_exponent_5': 5, 'W_layer_units_exponent_6': 4, 'D_layers': 2, 'D_layer_units_exponent_0': 10, 'D_layer_units_exponent_1': 8, 'D_dagger_layers': 2, 'D_dagger_layer_units_exponent_0': 10, 'D_dagger_layer_units_exponent_1': 4, 'log_learning_rate': -3.2454958388068844, 'log_learning_rate_D': -3.737527970988548, 'log_learning_rate_D_dagger': -4.297845050903969, 'training_batch_size': 6, 'training_p': 2}. Best is trial 38 with value: 0.3015051484107971.
res:  tensor(0.3015, device='cuda:0', grad_fn=<DivBackward0>)
self.bestValue:  tensor(0.3016, device='cuda:0', grad_fn=<DivBackward0>)
Save this model!
Time for this trial:  27.829904794692993
Memory status after this trial: 
Memory allocated:  586.9345703125
Memory cached:  710.0
--------------------  Trial  39   --------------------
Start timing: 
Parameters: 
{'W_layers': 5, 'W_layer_units_exponent_0': 7, 'W_layer_units_exponent_1': 10, 'W_layer_units_exponent_2': 5, 'W_layer_units_exponent_3': 8, 'W_layer_units_exponent_4': 4, 'D_layers': 2, 'D_layer_units_exponent_0': 10, 'D_layer_units_exponent_1': 7, 'D_dagger_layers': 2, 'D_dagger_layer_units_exponent_0': 10, 'D_dagger_layer_units_exponent_1': 5, 'log_learning_rate': -3.5779301757874764, 'log_learning_rate_D': -3.9607657245233385, 'log_learning_rate_D_dagger': -4.733651184536205, 'training_batch_size': 6, 'training_p': 4}
	 epoch  0 training error:  tensor(0.7631, device='cuda:0', grad_fn=<DivBackward0>)
Memory status after this epoch: 
Memory allocated:  590.71728515625
Memory cached:  704.0
	 epoch  10 training error:  tensor(0.4479, device='cuda:0', grad_fn=<DivBackward0>)
Memory status after this epoch: 
Memory allocated:  590.71728515625
Memory cached:  704.0
	 epoch  20 training error:  tensor(0.4342, device='cuda:0', grad_fn=<DivBackward0>)
Memory status after this epoch: 
Memory allocated:  590.71728515625
Memory cached:  704.0
	 epoch  30 training error:  tensor(0.4306, device='cuda:0', grad_fn=<DivBackward0>)
Memory status after this epoch: 
Memory allocated:  590.71728515625
Memory cached:  704.0
	 epoch  40 training error:  tensor(0.4331, device='cuda:0', grad_fn=<DivBackward0>)
Memory status after this epoch: 
Memory allocated:  590.71728515625
Memory cached:  704.0
	 epoch  50 training error:  tensor(0.4283, device='cuda:0', grad_fn=<DivBackward0>)
Memory status after this epoch: 
Memory allocated:  590.71728515625
Memory cached:  704.0
	 epoch  60 training error:  tensor(0.4314, device='cuda:0', grad_fn=<DivBackward0>)
Memory status after this epoch: 
Memory allocated:  590.71728515625
Memory cached:  704.0
	 epoch  70 training error:  tensor(0.4280, device='cuda:0', grad_fn=<DivBackward0>)
Memory status after this epoch: 
Memory allocated:  590.71728515625
Memory cached:  704.0
	 epoch  80 training error:  tensor(0.4281, device='cuda:0', grad_fn=<DivBackward0>)
Memory status after this epoch: 
Memory allocated:  590.71728515625
Memory cached:  704.0
	 epoch  90 training error:  tensor(0.4295, device='cuda:0', grad_fn=<DivBackward0>)
Memory status after this epoch: 
Memory allocated:  590.71728515625
Memory cached:  704.0
[I 2024-02-18 05:56:37,666] Trial 39 finished with value: 0.3377841114997864 and parameters: {'W_layers': 5, 'W_layer_units_exponent_0': 7, 'W_layer_units_exponent_1': 10, 'W_layer_units_exponent_2': 5, 'W_layer_units_exponent_3': 8, 'W_layer_units_exponent_4': 4, 'D_layers': 2, 'D_layer_units_exponent_0': 10, 'D_layer_units_exponent_1': 7, 'D_dagger_layers': 2, 'D_dagger_layer_units_exponent_0': 10, 'D_dagger_layer_units_exponent_1': 5, 'log_learning_rate': -3.5779301757874764, 'log_learning_rate_D': -3.9607657245233385, 'log_learning_rate_D_dagger': -4.733651184536205, 'training_batch_size': 6, 'training_p': 4}. Best is trial 38 with value: 0.3015051484107971.
Time for this trial:  25.93271493911743
Memory status after this trial: 
Memory allocated:  1137.65380859375
Memory cached:  1172.0
--------------------  Trial  40   --------------------
Start timing: 
Parameters: 
{'W_layers': 7, 'W_layer_units_exponent_0': 8, 'W_layer_units_exponent_1': 8, 'W_layer_units_exponent_2': 4, 'W_layer_units_exponent_3': 8, 'W_layer_units_exponent_4': 5, 'W_layer_units_exponent_5': 6, 'W_layer_units_exponent_6': 5, 'D_layers': 2, 'D_layer_units_exponent_0': 10, 'D_layer_units_exponent_1': 8, 'D_dagger_layers': 2, 'D_dagger_layer_units_exponent_0': 10, 'D_dagger_layer_units_exponent_1': 4, 'log_learning_rate': -3.789606072417791, 'log_learning_rate_D': -3.331075825348308, 'log_learning_rate_D_dagger': -4.5098188574917035, 'training_batch_size': 7, 'training_p': 3}
	 epoch  0 training error:  tensor(1.0069, device='cuda:0', grad_fn=<DivBackward0>)
Memory status after this epoch: 
Memory allocated:  589.58935546875
Memory cached:  704.0
	 epoch  10 training error:  tensor(0.4247, device='cuda:0', grad_fn=<DivBackward0>)
Memory status after this epoch: 
Memory allocated:  589.58935546875
Memory cached:  704.0
	 epoch  20 training error:  tensor(0.3880, device='cuda:0', grad_fn=<DivBackward0>)
Memory status after this epoch: 
Memory allocated:  589.58935546875
Memory cached:  704.0
	 epoch  30 training error:  tensor(0.3744, device='cuda:0', grad_fn=<DivBackward0>)
Memory status after this epoch: 
Memory allocated:  589.58935546875
Memory cached:  704.0
	 epoch  40 training error:  tensor(0.3740, device='cuda:0', grad_fn=<DivBackward0>)
Memory status after this epoch: 
Memory allocated:  589.58935546875
Memory cached:  704.0
	 epoch  50 training error:  tensor(0.3720, device='cuda:0', grad_fn=<DivBackward0>)
Memory status after this epoch: 
Memory allocated:  589.58935546875
Memory cached:  704.0
	 epoch  60 training error:  tensor(0.3736, device='cuda:0', grad_fn=<DivBackward0>)
Memory status after this epoch: 
Memory allocated:  589.58935546875
Memory cached:  704.0
	 epoch  70 training error:  tensor(0.3725, device='cuda:0', grad_fn=<DivBackward0>)
Memory status after this epoch: 
Memory allocated:  589.58935546875
Memory cached:  704.0
	 epoch  80 training error:  tensor(0.3713, device='cuda:0', grad_fn=<DivBackward0>)
Memory status after this epoch: 
Memory allocated:  589.58935546875
Memory cached:  704.0
	 epoch  90 training error:  tensor(0.3737, device='cuda:0', grad_fn=<DivBackward0>)
Memory status after this epoch: 
Memory allocated:  589.58935546875
Memory cached:  704.0
