[I 2024-01-14 00:33:47,477] Trial 132 finished with value: 0.08837934583425522 and parameters: {'W_layers': 3, 'W_layer_units_exponent_0': 4, 'W_layer_units_exponent_1': 4, 'W_layer_units_exponent_2': 8, 'D_layers': 2, 'D_layer_units_exponent_0': 9, 'D_layer_units_exponent_1': 10, 'D_dagger_layers': 4, 'D_dagger_layer_units_exponent_0': 10, 'D_dagger_layer_units_exponent_1': 7, 'D_dagger_layer_units_exponent_2': 6, 'D_dagger_layer_units_exponent_3': 5, 'log_learning_rate': -1.784785230593366, 'log_learning_rate_D': -4.067675838969512, 'log_learning_rate_D_dagger': -3.0853450420390502, 'training_batch_size': 11, 'training_p': 2}. Best is trial 33 with value: 0.08818560093641281.
Time for this trial:  20.113833904266357
Memory status after this trial: 
Memory allocated:  423.31787109375
Memory cached:  478.0
--------------------  Trial  133   --------------------
Start timing: 
Parameters: 
{'W_layers': 3, 'W_layer_units_exponent_0': 4, 'W_layer_units_exponent_1': 4, 'W_layer_units_exponent_2': 8, 'D_layers': 2, 'D_layer_units_exponent_0': 9, 'D_layer_units_exponent_1': 10, 'D_dagger_layers': 4, 'D_dagger_layer_units_exponent_0': 10, 'D_dagger_layer_units_exponent_1': 7, 'D_dagger_layer_units_exponent_2': 6, 'D_dagger_layer_units_exponent_3': 5, 'log_learning_rate': -1.8336150960177895, 'log_learning_rate_D': -4.079658080488066, 'log_learning_rate_D_dagger': -2.7167076446130323, 'training_batch_size': 11, 'training_p': 2}
	 epoch  0 training error:  tensor(0.8227, device='cuda:0', grad_fn=<DivBackward0>)
Memory status after this epoch: 
Memory allocated:  262.27978515625
Memory cached:  382.0
	 epoch  10 training error:  tensor(0.3913, device='cuda:0', grad_fn=<DivBackward0>)
Memory status after this epoch: 
Memory allocated:  262.27978515625
Memory cached:  382.0
	 epoch  20 training error:  tensor(0.1782, device='cuda:0', grad_fn=<DivBackward0>)
Memory status after this epoch: 
Memory allocated:  262.27978515625
Memory cached:  382.0
	 epoch  30 training error:  tensor(0.1101, device='cuda:0', grad_fn=<DivBackward0>)
Memory status after this epoch: 
Memory allocated:  262.27978515625
Memory cached:  382.0
	 epoch  40 training error:  tensor(0.0998, device='cuda:0', grad_fn=<DivBackward0>)
Memory status after this epoch: 
Memory allocated:  262.27978515625
Memory cached:  382.0
	 epoch  50 training error:  tensor(0.0930, device='cuda:0', grad_fn=<DivBackward0>)
Memory status after this epoch: 
Memory allocated:  262.27978515625
Memory cached:  382.0
	 epoch  60 training error:  tensor(0.0860, device='cuda:0', grad_fn=<DivBackward0>)
Memory status after this epoch: 
Memory allocated:  262.27978515625
Memory cached:  382.0
	 epoch  70 training error:  tensor(0.0836, device='cuda:0', grad_fn=<DivBackward0>)
Memory status after this epoch: 
Memory allocated:  262.27978515625
Memory cached:  382.0
	 epoch  80 training error:  tensor(0.0845, device='cuda:0', grad_fn=<DivBackward0>)
Memory status after this epoch: 
Memory allocated:  262.27978515625
Memory cached:  382.0
	 epoch  90 training error:  tensor(0.0832, device='cuda:0', grad_fn=<DivBackward0>)
Memory status after this epoch: 
Memory allocated:  262.27978515625
Memory cached:  382.0
[I 2024-01-14 00:34:07,831] Trial 133 finished with value: 0.08865128457546234 and parameters: {'W_layers': 3, 'W_layer_units_exponent_0': 4, 'W_layer_units_exponent_1': 4, 'W_layer_units_exponent_2': 8, 'D_layers': 2, 'D_layer_units_exponent_0': 9, 'D_layer_units_exponent_1': 10, 'D_dagger_layers': 4, 'D_dagger_layer_units_exponent_0': 10, 'D_dagger_layer_units_exponent_1': 7, 'D_dagger_layer_units_exponent_2': 6, 'D_dagger_layer_units_exponent_3': 5, 'log_learning_rate': -1.8336150960177895, 'log_learning_rate_D': -4.079658080488066, 'log_learning_rate_D_dagger': -2.7167076446130323, 'training_batch_size': 11, 'training_p': 2}. Best is trial 33 with value: 0.08818560093641281.
Time for this trial:  19.997501611709595
Memory status after this trial: 
Memory allocated:  423.31787109375
Memory cached:  478.0
--------------------  Trial  134   --------------------
Start timing: 
Parameters: 
{'W_layers': 5, 'W_layer_units_exponent_0': 4, 'W_layer_units_exponent_1': 4, 'W_layer_units_exponent_2': 8, 'W_layer_units_exponent_3': 8, 'W_layer_units_exponent_4': 5, 'D_layers': 2, 'D_layer_units_exponent_0': 9, 'D_layer_units_exponent_1': 9, 'D_dagger_layers': 4, 'D_dagger_layer_units_exponent_0': 10, 'D_dagger_layer_units_exponent_1': 7, 'D_dagger_layer_units_exponent_2': 6, 'D_dagger_layer_units_exponent_3': 6, 'log_learning_rate': -1.1261303397298663, 'log_learning_rate_D': -3.9335001760328425, 'log_learning_rate_D_dagger': -2.6139644261704014, 'training_batch_size': 11, 'training_p': 2}
	 epoch  0 training error:  tensor(1.2202, device='cuda:0', grad_fn=<DivBackward0>)
Memory status after this epoch: 
Memory allocated:  262.43603515625
Memory cached:  386.0
	 epoch  10 training error:  tensor(5.7762, device='cuda:0', grad_fn=<DivBackward0>)
Memory status after this epoch: 
Memory allocated:  262.43603515625
Memory cached:  386.0
	 epoch  20 training error:  tensor(35.0887, device='cuda:0', grad_fn=<DivBackward0>)
Memory status after this epoch: 
Memory allocated:  262.43603515625
Memory cached:  386.0
	 epoch  30 training error:  tensor(41.7232, device='cuda:0', grad_fn=<DivBackward0>)
Memory status after this epoch: 
Memory allocated:  262.43603515625
Memory cached:  386.0
	 epoch  40 training error:  tensor(5.7930, device='cuda:0', grad_fn=<DivBackward0>)
Memory status after this epoch: 
Memory allocated:  262.43603515625
Memory cached:  386.0
	 epoch  50 training error:  tensor(1.0563, device='cuda:0', grad_fn=<DivBackward0>)
Memory status after this epoch: 
Memory allocated:  262.43603515625
Memory cached:  386.0
	 epoch  60 training error:  tensor(0.4308, device='cuda:0', grad_fn=<DivBackward0>)
Memory status after this epoch: 
Memory allocated:  262.43603515625
Memory cached:  386.0
	 epoch  70 training error:  tensor(0.1756, device='cuda:0', grad_fn=<DivBackward0>)
Memory status after this epoch: 
Memory allocated:  262.43603515625
Memory cached:  386.0
	 epoch  80 training error:  tensor(0.1522, device='cuda:0', grad_fn=<DivBackward0>)
Memory status after this epoch: 
Memory allocated:  262.43603515625
Memory cached:  386.0
	 epoch  90 training error:  tensor(0.1108, device='cuda:0', grad_fn=<DivBackward0>)
Memory status after this epoch: 
Memory allocated:  262.43603515625
Memory cached:  386.0
[I 2024-01-14 00:34:29,191] Trial 134 finished with value: 0.09895018488168716 and parameters: {'W_layers': 5, 'W_layer_units_exponent_0': 4, 'W_layer_units_exponent_1': 4, 'W_layer_units_exponent_2': 8, 'W_layer_units_exponent_3': 8, 'W_layer_units_exponent_4': 5, 'D_layers': 2, 'D_layer_units_exponent_0': 9, 'D_layer_units_exponent_1': 9, 'D_dagger_layers': 4, 'D_dagger_layer_units_exponent_0': 10, 'D_dagger_layer_units_exponent_1': 7, 'D_dagger_layer_units_exponent_2': 6, 'D_dagger_layer_units_exponent_3': 6, 'log_learning_rate': -1.1261303397298663, 'log_learning_rate_D': -3.9335001760328425, 'log_learning_rate_D_dagger': -2.6139644261704014, 'training_batch_size': 11, 'training_p': 2}. Best is trial 33 with value: 0.08818560093641281.
Time for this trial:  20.99397349357605
Memory status after this trial: 
Memory allocated:  462.41357421875
Memory cached:  484.0
--------------------  Trial  135   --------------------
Start timing: 
Parameters: 
{'W_layers': 3, 'W_layer_units_exponent_0': 4, 'W_layer_units_exponent_1': 4, 'W_layer_units_exponent_2': 8, 'D_layers': 2, 'D_layer_units_exponent_0': 9, 'D_layer_units_exponent_1': 10, 'D_dagger_layers': 8, 'D_dagger_layer_units_exponent_0': 10, 'D_dagger_layer_units_exponent_1': 7, 'D_dagger_layer_units_exponent_2': 6, 'D_dagger_layer_units_exponent_3': 5, 'D_dagger_layer_units_exponent_4': 5, 'D_dagger_layer_units_exponent_5': 10, 'D_dagger_layer_units_exponent_6': 5, 'D_dagger_layer_units_exponent_7': 7, 'log_learning_rate': -1.5924143148034002, 'log_learning_rate_D': -4.2621103354625545, 'log_learning_rate_D_dagger': -3.0647519385021917, 'training_batch_size': 11, 'training_p': 2}
	 epoch  0 training error:  tensor(1.2603, device='cuda:0', grad_fn=<DivBackward0>)
Memory status after this epoch: 
Memory allocated:  263.37939453125
Memory cached:  382.0
	 epoch  10 training error:  tensor(0.3432, device='cuda:0', grad_fn=<DivBackward0>)
Memory status after this epoch: 
Memory allocated:  263.37939453125
Memory cached:  382.0
	 epoch  20 training error:  tensor(0.2046, device='cuda:0', grad_fn=<DivBackward0>)
Memory status after this epoch: 
Memory allocated:  263.37939453125
Memory cached:  382.0
	 epoch  30 training error:  tensor(0.1096, device='cuda:0', grad_fn=<DivBackward0>)
Memory status after this epoch: 
Memory allocated:  263.37939453125
Memory cached:  382.0
	 epoch  40 training error:  tensor(0.1084, device='cuda:0', grad_fn=<DivBackward0>)
Memory status after this epoch: 
Memory allocated:  263.37939453125
Memory cached:  382.0
	 epoch  50 training error:  tensor(0.0950, device='cuda:0', grad_fn=<DivBackward0>)
Memory status after this epoch: 
Memory allocated:  263.37939453125
Memory cached:  382.0
	 epoch  60 training error:  tensor(0.0857, device='cuda:0', grad_fn=<DivBackward0>)
Memory status after this epoch: 
Memory allocated:  263.37939453125
Memory cached:  382.0
	 epoch  70 training error:  tensor(0.0835, device='cuda:0', grad_fn=<DivBackward0>)
Memory status after this epoch: 
Memory allocated:  263.37939453125
Memory cached:  382.0
	 epoch  80 training error:  tensor(0.0834, device='cuda:0', grad_fn=<DivBackward0>)
Memory status after this epoch: 
Memory allocated:  263.37939453125
Memory cached:  382.0
	 epoch  90 training error:  tensor(0.0833, device='cuda:0', grad_fn=<DivBackward0>)
Memory status after this epoch: 
Memory allocated:  263.37939453125
Memory cached:  382.0
[I 2024-01-14 00:34:52,008] Trial 135 finished with value: 0.08887442201375961 and parameters: {'W_layers': 3, 'W_layer_units_exponent_0': 4, 'W_layer_units_exponent_1': 4, 'W_layer_units_exponent_2': 8, 'D_layers': 2, 'D_layer_units_exponent_0': 9, 'D_layer_units_exponent_1': 10, 'D_dagger_layers': 8, 'D_dagger_layer_units_exponent_0': 10, 'D_dagger_layer_units_exponent_1': 7, 'D_dagger_layer_units_exponent_2': 6, 'D_dagger_layer_units_exponent_3': 5, 'D_dagger_layer_units_exponent_4': 5, 'D_dagger_layer_units_exponent_5': 10, 'D_dagger_layer_units_exponent_6': 5, 'D_dagger_layer_units_exponent_7': 7, 'log_learning_rate': -1.5924143148034002, 'log_learning_rate_D': -4.2621103354625545, 'log_learning_rate_D_dagger': -3.0647519385021917, 'training_batch_size': 11, 'training_p': 2}. Best is trial 33 with value: 0.08818560093641281.
Time for this trial:  22.47358798980713
Memory status after this trial: 
Memory allocated:  555.47314453125
Memory cached:  604.0
--------------------  Trial  136   --------------------
Start timing: 
Parameters: 
{'W_layers': 3, 'W_layer_units_exponent_0': 4, 'W_layer_units_exponent_1': 4, 'W_layer_units_exponent_2': 7, 'D_layers': 2, 'D_layer_units_exponent_0': 9, 'D_layer_units_exponent_1': 10, 'D_dagger_layers': 4, 'D_dagger_layer_units_exponent_0': 10, 'D_dagger_layer_units_exponent_1': 7, 'D_dagger_layer_units_exponent_2': 5, 'D_dagger_layer_units_exponent_3': 9, 'log_learning_rate': -1.770924166601739, 'log_learning_rate_D': -4.042982896941812, 'log_learning_rate_D_dagger': -2.876121914248529, 'training_batch_size': 11, 'training_p': 2}
	 epoch  0 training error:  tensor(1.1500, device='cuda:0', grad_fn=<DivBackward0>)
Memory status after this epoch: 
Memory allocated:  262.41259765625
Memory cached:  382.0
	 epoch  10 training error:  tensor(0.1966, device='cuda:0', grad_fn=<DivBackward0>)
Memory status after this epoch: 
Memory allocated:  262.41259765625
Memory cached:  382.0
	 epoch  20 training error:  tensor(0.1418, device='cuda:0', grad_fn=<DivBackward0>)
Memory status after this epoch: 
Memory allocated:  262.41259765625
Memory cached:  382.0
	 epoch  30 training error:  tensor(0.0939, device='cuda:0', grad_fn=<DivBackward0>)
Memory status after this epoch: 
Memory allocated:  262.41259765625
Memory cached:  382.0
	 epoch  40 training error:  tensor(0.0880, device='cuda:0', grad_fn=<DivBackward0>)
Memory status after this epoch: 
Memory allocated:  262.41259765625
Memory cached:  382.0
	 epoch  50 training error:  tensor(0.0870, device='cuda:0', grad_fn=<DivBackward0>)
Memory status after this epoch: 
Memory allocated:  262.41259765625
Memory cached:  382.0
	 epoch  60 training error:  tensor(0.0851, device='cuda:0', grad_fn=<DivBackward0>)
Memory status after this epoch: 
Memory allocated:  262.41259765625
Memory cached:  382.0
	 epoch  70 training error:  tensor(0.0848, device='cuda:0', grad_fn=<DivBackward0>)
Memory status after this epoch: 
Memory allocated:  262.41259765625
Memory cached:  382.0
	 epoch  80 training error:  tensor(0.0851, device='cuda:0', grad_fn=<DivBackward0>)
Memory status after this epoch: 
Memory allocated:  262.41259765625
Memory cached:  382.0
	 epoch  90 training error:  tensor(0.0851, device='cuda:0', grad_fn=<DivBackward0>)
Memory status after this epoch: 
Memory allocated:  262.41259765625
Memory cached:  382.0
[I 2024-01-14 00:35:13,075] Trial 136 finished with value: 0.08875784277915955 and parameters: {'W_layers': 3, 'W_layer_units_exponent_0': 4, 'W_layer_units_exponent_1': 4, 'W_layer_units_exponent_2': 7, 'D_layers': 2, 'D_layer_units_exponent_0': 9, 'D_layer_units_exponent_1': 10, 'D_dagger_layers': 4, 'D_dagger_layer_units_exponent_0': 10, 'D_dagger_layer_units_exponent_1': 7, 'D_dagger_layer_units_exponent_2': 5, 'D_dagger_layer_units_exponent_3': 9, 'log_learning_rate': -1.770924166601739, 'log_learning_rate_D': -4.042982896941812, 'log_learning_rate_D_dagger': -2.876121914248529, 'training_batch_size': 11, 'training_p': 2}. Best is trial 33 with value: 0.08818560093641281.
Time for this trial:  20.742714643478394
Memory status after this trial: 
Memory allocated:  453.59912109375
Memory cached:  498.0
--------------------  Trial  137   --------------------
Start timing: 
Parameters: 
{'W_layers': 3, 'W_layer_units_exponent_0': 5, 'W_layer_units_exponent_1': 4, 'W_layer_units_exponent_2': 7, 'D_layers': 3, 'D_layer_units_exponent_0': 9, 'D_layer_units_exponent_1': 9, 'D_layer_units_exponent_2': 6, 'D_dagger_layers': 5, 'D_dagger_layer_units_exponent_0': 10, 'D_dagger_layer_units_exponent_1': 7, 'D_dagger_layer_units_exponent_2': 6, 'D_dagger_layer_units_exponent_3': 5, 'D_dagger_layer_units_exponent_4': 4, 'log_learning_rate': -1.4300390980660331, 'log_learning_rate_D': -3.883011271844543, 'log_learning_rate_D_dagger': -3.117993657790156, 'training_batch_size': 11, 'training_p': 2}
	 epoch  0 training error:  tensor(0.9138, device='cuda:0', grad_fn=<DivBackward0>)
Memory status after this epoch: 
Memory allocated:  261.37841796875
Memory cached:  382.0
	 epoch  10 training error:  tensor(0.3584, device='cuda:0', grad_fn=<DivBackward0>)
Memory status after this epoch: 
Memory allocated:  261.37841796875
Memory cached:  382.0
	 epoch  20 training error:  tensor(0.2186, device='cuda:0', grad_fn=<DivBackward0>)
Memory status after this epoch: 
Memory allocated:  261.37841796875
Memory cached:  382.0
	 epoch  30 training error:  tensor(0.1421, device='cuda:0', grad_fn=<DivBackward0>)
Memory status after this epoch: 
Memory allocated:  261.37841796875
Memory cached:  382.0
	 epoch  40 training error:  tensor(0.1097, device='cuda:0', grad_fn=<DivBackward0>)
Memory status after this epoch: 
Memory allocated:  261.37841796875
Memory cached:  382.0
	 epoch  50 training error:  tensor(0.0910, device='cuda:0', grad_fn=<DivBackward0>)
Memory status after this epoch: 
Memory allocated:  261.37841796875
Memory cached:  382.0
	 epoch  60 training error:  tensor(0.0960, device='cuda:0', grad_fn=<DivBackward0>)
Memory status after this epoch: 
Memory allocated:  261.37841796875
Memory cached:  382.0
	 epoch  70 training error:  tensor(0.0851, device='cuda:0', grad_fn=<DivBackward0>)
Memory status after this epoch: 
Memory allocated:  261.37841796875
Memory cached:  382.0
	 epoch  80 training error:  tensor(0.0858, device='cuda:0', grad_fn=<DivBackward0>)
Memory status after this epoch: 
Memory allocated:  261.37841796875
Memory cached:  382.0
	 epoch  90 training error:  tensor(0.0837, device='cuda:0', grad_fn=<DivBackward0>)
Memory status after this epoch: 
Memory allocated:  261.37841796875
Memory cached:  382.0
[I 2024-01-14 00:35:33,726] Trial 137 finished with value: 0.0891447439789772 and parameters: {'W_layers': 3, 'W_layer_units_exponent_0': 5, 'W_layer_units_exponent_1': 4, 'W_layer_units_exponent_2': 7, 'D_layers': 3, 'D_layer_units_exponent_0': 9, 'D_layer_units_exponent_1': 9, 'D_layer_units_exponent_2': 6, 'D_dagger_layers': 5, 'D_dagger_layer_units_exponent_0': 10, 'D_dagger_layer_units_exponent_1': 7, 'D_dagger_layer_units_exponent_2': 6, 'D_dagger_layer_units_exponent_3': 5, 'D_dagger_layer_units_exponent_4': 4, 'log_learning_rate': -1.4300390980660331, 'log_learning_rate_D': -3.883011271844543, 'log_learning_rate_D_dagger': -3.117993657790156, 'training_batch_size': 11, 'training_p': 2}. Best is trial 33 with value: 0.08818560093641281.
Time for this trial:  20.280688524246216
Memory status after this trial: 
Memory allocated:  415.71923828125
Memory cached:  480.0
--------------------  Trial  138   --------------------
Start timing: 
Parameters: 
{'W_layers': 2, 'W_layer_units_exponent_0': 4, 'W_layer_units_exponent_1': 4, 'D_layers': 2, 'D_layer_units_exponent_0': 7, 'D_layer_units_exponent_1': 9, 'D_dagger_layers': 4, 'D_dagger_layer_units_exponent_0': 10, 'D_dagger_layer_units_exponent_1': 7, 'D_dagger_layer_units_exponent_2': 6, 'D_dagger_layer_units_exponent_3': 5, 'log_learning_rate': -1.9500720359636687, 'log_learning_rate_D': -4.154219874191832, 'log_learning_rate_D_dagger': -2.7759962931509823, 'training_batch_size': 11, 'training_p': 2}
	 epoch  0 training error:  tensor(1.4586, device='cuda:0', grad_fn=<DivBackward0>)
Memory status after this epoch: 
Memory allocated:  260.4560546875
Memory cached:  382.0
	 epoch  10 training error:  tensor(0.1466, device='cuda:0', grad_fn=<DivBackward0>)
Memory status after this epoch: 
Memory allocated:  260.4560546875
Memory cached:  382.0
	 epoch  20 training error:  tensor(0.1202, device='cuda:0', grad_fn=<DivBackward0>)
Memory status after this epoch: 
Memory allocated:  260.4560546875
Memory cached:  382.0
	 epoch  30 training error:  tensor(0.0903, device='cuda:0', grad_fn=<DivBackward0>)
Memory status after this epoch: 
Memory allocated:  260.4560546875
Memory cached:  382.0
	 epoch  40 training error:  tensor(0.0924, device='cuda:0', grad_fn=<DivBackward0>)
Memory status after this epoch: 
Memory allocated:  260.4560546875
Memory cached:  382.0
	 epoch  50 training error:  tensor(0.0850, device='cuda:0', grad_fn=<DivBackward0>)
Memory status after this epoch: 
Memory allocated:  260.4560546875
Memory cached:  382.0
	 epoch  60 training error:  tensor(0.0901, device='cuda:0', grad_fn=<DivBackward0>)
Memory status after this epoch: 
Memory allocated:  260.4560546875
Memory cached:  382.0
	 epoch  70 training error:  tensor(0.0836, device='cuda:0', grad_fn=<DivBackward0>)
Memory status after this epoch: 
Memory allocated:  260.4560546875
Memory cached:  382.0
	 epoch  80 training error:  tensor(0.0880, device='cuda:0', grad_fn=<DivBackward0>)
Memory status after this epoch: 
Memory allocated:  260.4560546875
Memory cached:  382.0
	 epoch  90 training error:  tensor(0.0884, device='cuda:0', grad_fn=<DivBackward0>)
Memory status after this epoch: 
Memory allocated:  260.4560546875
Memory cached:  382.0
