[I 2023-12-20 18:24:52,527] Trial 38 finished with value: 0.3969670832157135 and parameters: {'W_layers': 7, 'W_layer_units_exponent_0': 10, 'W_layer_units_exponent_1': 6, 'W_layer_units_exponent_2': 10, 'W_layer_units_exponent_3': 7, 'W_layer_units_exponent_4': 5, 'W_layer_units_exponent_5': 4, 'W_layer_units_exponent_6': 6, 'D_layers': 3, 'D_layer_units_exponent_0': 10, 'D_layer_units_exponent_1': 6, 'D_layer_units_exponent_2': 6, 'D_dagger_layers': 6, 'D_dagger_layer_units_exponent_0': 6, 'D_dagger_layer_units_exponent_1': 9, 'D_dagger_layer_units_exponent_2': 7, 'D_dagger_layer_units_exponent_3': 7, 'D_dagger_layer_units_exponent_4': 10, 'D_dagger_layer_units_exponent_5': 5, 'log_learning_rate': -3.2645804573262835, 'log_learning_rate_D': -2.6128535802505874, 'log_learning_rate_D_dagger': -2.962548309168226, 'training_batch_size': 6, 'training_p': 6}. Best is trial 6 with value: 0.3267160654067993.
Time for this trial:  25.868404626846313
Memory status after this trial: 
Memory allocated:  363.48974609375
Memory cached:  398.0
--------------------  Trial  39   --------------------
Start timing: 
Parameters: 
{'W_layers': 6, 'W_layer_units_exponent_0': 10, 'W_layer_units_exponent_1': 7, 'W_layer_units_exponent_2': 9, 'W_layer_units_exponent_3': 7, 'W_layer_units_exponent_4': 6, 'W_layer_units_exponent_5': 4, 'D_layers': 7, 'D_layer_units_exponent_0': 9, 'D_layer_units_exponent_1': 9, 'D_layer_units_exponent_2': 6, 'D_layer_units_exponent_3': 4, 'D_layer_units_exponent_4': 4, 'D_layer_units_exponent_5': 4, 'D_layer_units_exponent_6': 8, 'D_dagger_layers': 4, 'D_dagger_layer_units_exponent_0': 5, 'D_dagger_layer_units_exponent_1': 9, 'D_dagger_layer_units_exponent_2': 5, 'D_dagger_layer_units_exponent_3': 9, 'log_learning_rate': -2.735216867574213, 'log_learning_rate_D': -2.211764495601301, 'log_learning_rate_D_dagger': -3.3987151150556763, 'training_batch_size': 8, 'training_p': 8}
	 epoch  0 training error:  tensor(0.9120, device='cuda:0', grad_fn=<DivBackward0>)
Memory status after this epoch: 
Memory allocated:  136.1181640625
Memory cached:  180.0
	 epoch  10 training error:  tensor(0.5937, device='cuda:0', grad_fn=<DivBackward0>)
Memory status after this epoch: 
Memory allocated:  136.1181640625
Memory cached:  180.0
	 epoch  20 training error:  tensor(0.5577, device='cuda:0', grad_fn=<DivBackward0>)
Memory status after this epoch: 
Memory allocated:  136.1181640625
Memory cached:  180.0
	 epoch  30 training error:  tensor(0.5502, device='cuda:0', grad_fn=<DivBackward0>)
Memory status after this epoch: 
Memory allocated:  136.1181640625
Memory cached:  180.0
	 epoch  40 training error:  tensor(0.5502, device='cuda:0', grad_fn=<DivBackward0>)
Memory status after this epoch: 
Memory allocated:  136.1181640625
Memory cached:  180.0
	 epoch  50 training error:  tensor(0.5491, device='cuda:0', grad_fn=<DivBackward0>)
Memory status after this epoch: 
Memory allocated:  136.1181640625
Memory cached:  180.0
	 epoch  60 training error:  tensor(0.5584, device='cuda:0', grad_fn=<DivBackward0>)
Memory status after this epoch: 
Memory allocated:  136.1181640625
Memory cached:  180.0
	 epoch  70 training error:  tensor(0.5481, device='cuda:0', grad_fn=<DivBackward0>)
Memory status after this epoch: 
Memory allocated:  136.1181640625
Memory cached:  180.0
	 epoch  80 training error:  tensor(0.5640, device='cuda:0', grad_fn=<DivBackward0>)
Memory status after this epoch: 
Memory allocated:  136.1181640625
Memory cached:  180.0
	 epoch  90 training error:  tensor(0.5512, device='cuda:0', grad_fn=<DivBackward0>)
Memory status after this epoch: 
Memory allocated:  136.1181640625
Memory cached:  180.0
[I 2023-12-20 18:25:14,480] Trial 39 finished with value: 0.4378255009651184 and parameters: {'W_layers': 6, 'W_layer_units_exponent_0': 10, 'W_layer_units_exponent_1': 7, 'W_layer_units_exponent_2': 9, 'W_layer_units_exponent_3': 7, 'W_layer_units_exponent_4': 6, 'W_layer_units_exponent_5': 4, 'D_layers': 7, 'D_layer_units_exponent_0': 9, 'D_layer_units_exponent_1': 9, 'D_layer_units_exponent_2': 6, 'D_layer_units_exponent_3': 4, 'D_layer_units_exponent_4': 4, 'D_layer_units_exponent_5': 4, 'D_layer_units_exponent_6': 8, 'D_dagger_layers': 4, 'D_dagger_layer_units_exponent_0': 5, 'D_dagger_layer_units_exponent_1': 9, 'D_dagger_layer_units_exponent_2': 5, 'D_dagger_layer_units_exponent_3': 9, 'log_learning_rate': -2.735216867574213, 'log_learning_rate_D': -2.211764495601301, 'log_learning_rate_D_dagger': -3.3987151150556763, 'training_batch_size': 8, 'training_p': 8}. Best is trial 6 with value: 0.3267160654067993.
Time for this trial:  21.577573776245117
Memory status after this trial: 
Memory allocated:  289.82275390625
Memory cached:  306.0
--------------------  Trial  40   --------------------
Start timing: 
Parameters: 
{'W_layers': 6, 'W_layer_units_exponent_0': 9, 'W_layer_units_exponent_1': 6, 'W_layer_units_exponent_2': 9, 'W_layer_units_exponent_3': 7, 'W_layer_units_exponent_4': 5, 'W_layer_units_exponent_5': 5, 'D_layers': 5, 'D_layer_units_exponent_0': 5, 'D_layer_units_exponent_1': 4, 'D_layer_units_exponent_2': 5, 'D_layer_units_exponent_3': 5, 'D_layer_units_exponent_4': 4, 'D_dagger_layers': 3, 'D_dagger_layer_units_exponent_0': 4, 'D_dagger_layer_units_exponent_1': 10, 'D_dagger_layer_units_exponent_2': 6, 'log_learning_rate': -3.592605995625985, 'log_learning_rate_D': -3.1051509966263824, 'log_learning_rate_D_dagger': -4.2805849256842805, 'training_batch_size': 7, 'training_p': 5}
	 epoch  0 training error:  tensor(1.1322, device='cuda:0', grad_fn=<DivBackward0>)
Memory status after this epoch: 
Memory allocated:  133.392578125
Memory cached:  180.0
	 epoch  10 training error:  tensor(0.5826, device='cuda:0', grad_fn=<DivBackward0>)
Memory status after this epoch: 
Memory allocated:  133.392578125
Memory cached:  180.0
	 epoch  20 training error:  tensor(0.4984, device='cuda:0', grad_fn=<DivBackward0>)
Memory status after this epoch: 
Memory allocated:  133.392578125
Memory cached:  182.0
	 epoch  30 training error:  tensor(0.4939, device='cuda:0', grad_fn=<DivBackward0>)
Memory status after this epoch: 
Memory allocated:  133.392578125
Memory cached:  180.0
	 epoch  40 training error:  tensor(0.4801, device='cuda:0', grad_fn=<DivBackward0>)
Memory status after this epoch: 
Memory allocated:  133.392578125
Memory cached:  182.0
	 epoch  50 training error:  tensor(0.4789, device='cuda:0', grad_fn=<DivBackward0>)
Memory status after this epoch: 
Memory allocated:  133.392578125
Memory cached:  180.0
	 epoch  60 training error:  tensor(0.4789, device='cuda:0', grad_fn=<DivBackward0>)
Memory status after this epoch: 
Memory allocated:  133.392578125
Memory cached:  182.0
	 epoch  70 training error:  tensor(0.4789, device='cuda:0', grad_fn=<DivBackward0>)
Memory status after this epoch: 
Memory allocated:  133.392578125
Memory cached:  180.0
	 epoch  80 training error:  tensor(0.4789, device='cuda:0', grad_fn=<DivBackward0>)
Memory status after this epoch: 
Memory allocated:  133.392578125
Memory cached:  182.0
	 epoch  90 training error:  tensor(0.4789, device='cuda:0', grad_fn=<DivBackward0>)
Memory status after this epoch: 
Memory allocated:  133.392578125
Memory cached:  180.0
[I 2023-12-20 18:25:35,310] Trial 40 finished with value: 0.3942786157131195 and parameters: {'W_layers': 6, 'W_layer_units_exponent_0': 9, 'W_layer_units_exponent_1': 6, 'W_layer_units_exponent_2': 9, 'W_layer_units_exponent_3': 7, 'W_layer_units_exponent_4': 5, 'W_layer_units_exponent_5': 5, 'D_layers': 5, 'D_layer_units_exponent_0': 5, 'D_layer_units_exponent_1': 4, 'D_layer_units_exponent_2': 5, 'D_layer_units_exponent_3': 5, 'D_layer_units_exponent_4': 4, 'D_dagger_layers': 3, 'D_dagger_layer_units_exponent_0': 4, 'D_dagger_layer_units_exponent_1': 10, 'D_dagger_layer_units_exponent_2': 6, 'log_learning_rate': -3.592605995625985, 'log_learning_rate_D': -3.1051509966263824, 'log_learning_rate_D_dagger': -4.2805849256842805, 'training_batch_size': 7, 'training_p': 5}. Best is trial 6 with value: 0.3267160654067993.
Time for this trial:  20.47693419456482
Memory status after this trial: 
Memory allocated:  260.62744140625
Memory cached:  284.0
--------------------  Trial  41   --------------------
Start timing: 
Parameters: 
{'W_layers': 7, 'W_layer_units_exponent_0': 10, 'W_layer_units_exponent_1': 7, 'W_layer_units_exponent_2': 10, 'W_layer_units_exponent_3': 8, 'W_layer_units_exponent_4': 7, 'W_layer_units_exponent_5': 4, 'W_layer_units_exponent_6': 9, 'D_layers': 5, 'D_layer_units_exponent_0': 9, 'D_layer_units_exponent_1': 10, 'D_layer_units_exponent_2': 5, 'D_layer_units_exponent_3': 4, 'D_layer_units_exponent_4': 4, 'D_dagger_layers': 8, 'D_dagger_layer_units_exponent_0': 6, 'D_dagger_layer_units_exponent_1': 8, 'D_dagger_layer_units_exponent_2': 6, 'D_dagger_layer_units_exponent_3': 6, 'D_dagger_layer_units_exponent_4': 9, 'D_dagger_layer_units_exponent_5': 6, 'D_dagger_layer_units_exponent_6': 6, 'D_dagger_layer_units_exponent_7': 9, 'log_learning_rate': -3.0787368899597887, 'log_learning_rate_D': -3.0022939555577333, 'log_learning_rate_D_dagger': -2.7444771797688348, 'training_batch_size': 10, 'training_p': 2}
	 epoch  0 training error:  tensor(1.0014, device='cuda:0', grad_fn=<DivBackward0>)
Memory status after this epoch: 
Memory allocated:  143.0234375
Memory cached:  180.0
	 epoch  10 training error:  tensor(0.3438, device='cuda:0', grad_fn=<DivBackward0>)
Memory status after this epoch: 
Memory allocated:  143.0234375
Memory cached:  180.0
	 epoch  20 training error:  tensor(0.3320, device='cuda:0', grad_fn=<DivBackward0>)
Memory status after this epoch: 
Memory allocated:  143.0234375
Memory cached:  180.0
	 epoch  30 training error:  tensor(0.2967, device='cuda:0', grad_fn=<DivBackward0>)
Memory status after this epoch: 
Memory allocated:  143.0234375
Memory cached:  180.0
	 epoch  40 training error:  tensor(0.2939, device='cuda:0', grad_fn=<DivBackward0>)
Memory status after this epoch: 
Memory allocated:  143.0234375
Memory cached:  180.0
	 epoch  50 training error:  tensor(0.2874, device='cuda:0', grad_fn=<DivBackward0>)
Memory status after this epoch: 
Memory allocated:  143.0234375
Memory cached:  180.0
	 epoch  60 training error:  tensor(0.2895, device='cuda:0', grad_fn=<DivBackward0>)
Memory status after this epoch: 
Memory allocated:  143.0234375
Memory cached:  180.0
	 epoch  70 training error:  tensor(0.2918, device='cuda:0', grad_fn=<DivBackward0>)
Memory status after this epoch: 
Memory allocated:  143.0234375
Memory cached:  180.0
	 epoch  80 training error:  tensor(0.2921, device='cuda:0', grad_fn=<DivBackward0>)
Memory status after this epoch: 
Memory allocated:  143.0234375
Memory cached:  180.0
	 epoch  90 training error:  tensor(0.2928, device='cuda:0', grad_fn=<DivBackward0>)
Memory status after this epoch: 
Memory allocated:  143.0234375
Memory cached:  180.0
[I 2023-12-20 18:25:59,249] Trial 41 finished with value: 0.3325967490673065 and parameters: {'W_layers': 7, 'W_layer_units_exponent_0': 10, 'W_layer_units_exponent_1': 7, 'W_layer_units_exponent_2': 10, 'W_layer_units_exponent_3': 8, 'W_layer_units_exponent_4': 7, 'W_layer_units_exponent_5': 4, 'W_layer_units_exponent_6': 9, 'D_layers': 5, 'D_layer_units_exponent_0': 9, 'D_layer_units_exponent_1': 10, 'D_layer_units_exponent_2': 5, 'D_layer_units_exponent_3': 4, 'D_layer_units_exponent_4': 4, 'D_dagger_layers': 8, 'D_dagger_layer_units_exponent_0': 6, 'D_dagger_layer_units_exponent_1': 8, 'D_dagger_layer_units_exponent_2': 6, 'D_dagger_layer_units_exponent_3': 6, 'D_dagger_layer_units_exponent_4': 9, 'D_dagger_layer_units_exponent_5': 6, 'D_dagger_layer_units_exponent_6': 6, 'D_dagger_layer_units_exponent_7': 9, 'log_learning_rate': -3.0787368899597887, 'log_learning_rate_D': -3.0022939555577333, 'log_learning_rate_D_dagger': -2.7444771797688348, 'training_batch_size': 10, 'training_p': 2}. Best is trial 6 with value: 0.3267160654067993.
Time for this trial:  23.59504771232605
Memory status after this trial: 
Memory allocated:  382.97314453125
Memory cached:  418.0
--------------------  Trial  42   --------------------
Start timing: 
Parameters: 
{'W_layers': 6, 'W_layer_units_exponent_0': 9, 'W_layer_units_exponent_1': 5, 'W_layer_units_exponent_2': 10, 'W_layer_units_exponent_3': 6, 'W_layer_units_exponent_4': 4, 'W_layer_units_exponent_5': 5, 'D_layers': 5, 'D_layer_units_exponent_0': 8, 'D_layer_units_exponent_1': 7, 'D_layer_units_exponent_2': 5, 'D_layer_units_exponent_3': 7, 'D_layer_units_exponent_4': 5, 'D_dagger_layers': 6, 'D_dagger_layer_units_exponent_0': 4, 'D_dagger_layer_units_exponent_1': 9, 'D_dagger_layer_units_exponent_2': 6, 'D_dagger_layer_units_exponent_3': 9, 'D_dagger_layer_units_exponent_4': 9, 'D_dagger_layer_units_exponent_5': 7, 'log_learning_rate': -3.662059798550371, 'log_learning_rate_D': -3.784310966747518, 'log_learning_rate_D_dagger': -3.8151983728018286, 'training_batch_size': 9, 'training_p': 2}
	 epoch  0 training error:  tensor(1.0168, device='cuda:0', grad_fn=<DivBackward0>)
Memory status after this epoch: 
Memory allocated:  138.14306640625
Memory cached:  184.0
	 epoch  10 training error:  tensor(0.4648, device='cuda:0', grad_fn=<DivBackward0>)
Memory status after this epoch: 
Memory allocated:  138.14306640625
Memory cached:  188.0
	 epoch  20 training error:  tensor(0.2947, device='cuda:0', grad_fn=<DivBackward0>)
Memory status after this epoch: 
Memory allocated:  138.14306640625
Memory cached:  190.0
	 epoch  30 training error:  tensor(0.3049, device='cuda:0', grad_fn=<DivBackward0>)
Memory status after this epoch: 
Memory allocated:  138.14306640625
Memory cached:  188.0
	 epoch  40 training error:  tensor(0.2992, device='cuda:0', grad_fn=<DivBackward0>)
Memory status after this epoch: 
Memory allocated:  138.14306640625
Memory cached:  188.0
	 epoch  50 training error:  tensor(0.3013, device='cuda:0', grad_fn=<DivBackward0>)
Memory status after this epoch: 
Memory allocated:  138.14306640625
Memory cached:  186.0
	 epoch  60 training error:  tensor(0.2971, device='cuda:0', grad_fn=<DivBackward0>)
Memory status after this epoch: 
Memory allocated:  138.14306640625
Memory cached:  190.0
	 epoch  70 training error:  tensor(0.2891, device='cuda:0', grad_fn=<DivBackward0>)
Memory status after this epoch: 
Memory allocated:  138.14306640625
Memory cached:  186.0
	 epoch  80 training error:  tensor(0.2881, device='cuda:0', grad_fn=<DivBackward0>)
Memory status after this epoch: 
Memory allocated:  138.14306640625
Memory cached:  188.0
	 epoch  90 training error:  tensor(0.2901, device='cuda:0', grad_fn=<DivBackward0>)
Memory status after this epoch: 
Memory allocated:  138.14306640625
Memory cached:  190.0
[I 2023-12-20 18:26:22,085] Trial 42 finished with value: 0.3283085227012634 and parameters: {'W_layers': 6, 'W_layer_units_exponent_0': 9, 'W_layer_units_exponent_1': 5, 'W_layer_units_exponent_2': 10, 'W_layer_units_exponent_3': 6, 'W_layer_units_exponent_4': 4, 'W_layer_units_exponent_5': 5, 'D_layers': 5, 'D_layer_units_exponent_0': 8, 'D_layer_units_exponent_1': 7, 'D_layer_units_exponent_2': 5, 'D_layer_units_exponent_3': 7, 'D_layer_units_exponent_4': 5, 'D_dagger_layers': 6, 'D_dagger_layer_units_exponent_0': 4, 'D_dagger_layer_units_exponent_1': 9, 'D_dagger_layer_units_exponent_2': 6, 'D_dagger_layer_units_exponent_3': 9, 'D_dagger_layer_units_exponent_4': 9, 'D_dagger_layer_units_exponent_5': 7, 'log_learning_rate': -3.662059798550371, 'log_learning_rate_D': -3.784310966747518, 'log_learning_rate_D_dagger': -3.8151983728018286, 'training_batch_size': 9, 'training_p': 2}. Best is trial 6 with value: 0.3267160654067993.
Time for this trial:  22.49243140220642
Memory status after this trial: 
Memory allocated:  319.75634765625
Memory cached:  346.0
--------------------  Trial  43   --------------------
Start timing: 
Parameters: 
{'W_layers': 5, 'W_layer_units_exponent_0': 9, 'W_layer_units_exponent_1': 5, 'W_layer_units_exponent_2': 10, 'W_layer_units_exponent_3': 6, 'W_layer_units_exponent_4': 4, 'D_layers': 4, 'D_layer_units_exponent_0': 8, 'D_layer_units_exponent_1': 7, 'D_layer_units_exponent_2': 4, 'D_layer_units_exponent_3': 7, 'D_dagger_layers': 6, 'D_dagger_layer_units_exponent_0': 4, 'D_dagger_layer_units_exponent_1': 9, 'D_dagger_layer_units_exponent_2': 6, 'D_dagger_layer_units_exponent_3': 8, 'D_dagger_layer_units_exponent_4': 10, 'D_dagger_layer_units_exponent_5': 7, 'log_learning_rate': -3.975173461043056, 'log_learning_rate_D': -3.7315455839559495, 'log_learning_rate_D_dagger': -3.537964175171878, 'training_batch_size': 9, 'training_p': 2}
	 epoch  0 training error:  tensor(1.0175, device='cuda:0', grad_fn=<DivBackward0>)
Memory status after this epoch: 
Memory allocated:  138.85546875
Memory cached:  182.0
	 epoch  10 training error:  tensor(0.3472, device='cuda:0', grad_fn=<DivBackward0>)
Memory status after this epoch: 
Memory allocated:  138.85546875
Memory cached:  186.0
	 epoch  20 training error:  tensor(0.3013, device='cuda:0', grad_fn=<DivBackward0>)
Memory status after this epoch: 
Memory allocated:  138.85546875
Memory cached:  186.0
	 epoch  30 training error:  tensor(0.3141, device='cuda:0', grad_fn=<DivBackward0>)
Memory status after this epoch: 
Memory allocated:  138.85546875
Memory cached:  186.0
	 epoch  40 training error:  tensor(0.3023, device='cuda:0', grad_fn=<DivBackward0>)
Memory status after this epoch: 
Memory allocated:  138.85546875
Memory cached:  186.0
	 epoch  50 training error:  tensor(0.2908, device='cuda:0', grad_fn=<DivBackward0>)
Memory status after this epoch: 
Memory allocated:  138.85546875
Memory cached:  186.0
	 epoch  60 training error:  tensor(0.2906, device='cuda:0', grad_fn=<DivBackward0>)
Memory status after this epoch: 
Memory allocated:  138.85546875
Memory cached:  186.0
	 epoch  70 training error:  tensor(0.2845, device='cuda:0', grad_fn=<DivBackward0>)
Memory status after this epoch: 
Memory allocated:  138.85546875
Memory cached:  186.0
	 epoch  80 training error:  tensor(0.2868, device='cuda:0', grad_fn=<DivBackward0>)
Memory status after this epoch: 
Memory allocated:  138.85546875
Memory cached:  186.0
	 epoch  90 training error:  tensor(0.2940, device='cuda:0', grad_fn=<DivBackward0>)
Memory status after this epoch: 
Memory allocated:  138.85546875
Memory cached:  186.0
[I 2023-12-20 18:26:44,586] Trial 43 finished with value: 0.33577367663383484 and parameters: {'W_layers': 5, 'W_layer_units_exponent_0': 9, 'W_layer_units_exponent_1': 5, 'W_layer_units_exponent_2': 10, 'W_layer_units_exponent_3': 6, 'W_layer_units_exponent_4': 4, 'D_layers': 4, 'D_layer_units_exponent_0': 8, 'D_layer_units_exponent_1': 7, 'D_layer_units_exponent_2': 4, 'D_layer_units_exponent_3': 7, 'D_dagger_layers': 6, 'D_dagger_layer_units_exponent_0': 4, 'D_dagger_layer_units_exponent_1': 9, 'D_dagger_layer_units_exponent_2': 6, 'D_dagger_layer_units_exponent_3': 8, 'D_dagger_layer_units_exponent_4': 10, 'D_dagger_layer_units_exponent_5': 7, 'log_learning_rate': -3.975173461043056, 'log_learning_rate_D': -3.7315455839559495, 'log_learning_rate_D_dagger': -3.537964175171878, 'training_batch_size': 9, 'training_p': 2}. Best is trial 6 with value: 0.3267160654067993.
Time for this trial:  22.14806818962097
Memory status after this trial: 
Memory allocated:  332.58837890625
Memory cached:  340.0
--------------------  Trial  44   --------------------
Start timing: 
Parameters: 
{'W_layers': 6, 'W_layer_units_exponent_0': 9, 'W_layer_units_exponent_1': 6, 'W_layer_units_exponent_2': 9, 'W_layer_units_exponent_3': 6, 'W_layer_units_exponent_4': 4, 'W_layer_units_exponent_5': 5, 'D_layers': 6, 'D_layer_units_exponent_0': 7, 'D_layer_units_exponent_1': 6, 'D_layer_units_exponent_2': 7, 'D_layer_units_exponent_3': 6, 'D_layer_units_exponent_4': 5, 'D_layer_units_exponent_5': 5, 'D_dagger_layers': 6, 'D_dagger_layer_units_exponent_0': 5, 'D_dagger_layer_units_exponent_1': 9, 'D_dagger_layer_units_exponent_2': 7, 'D_dagger_layer_units_exponent_3': 9, 'D_dagger_layer_units_exponent_4': 8, 'D_dagger_layer_units_exponent_5': 7, 'log_learning_rate': -3.715749990996737, 'log_learning_rate_D': -4.387767105490402, 'log_learning_rate_D_dagger': -3.8044237904984115, 'training_batch_size': 9, 'training_p': 3}
	 epoch  0 training error:  tensor(0.9258, device='cuda:0', grad_fn=<DivBackward0>)
Memory status after this epoch: 
Memory allocated:  136.43994140625
Memory cached:  184.0
	 epoch  10 training error:  tensor(0.4852, device='cuda:0', grad_fn=<DivBackward0>)
Memory status after this epoch: 
Memory allocated:  136.43994140625
Memory cached:  186.0
	 epoch  20 training error:  tensor(0.3993, device='cuda:0', grad_fn=<DivBackward0>)
Memory status after this epoch: 
Memory allocated:  136.43994140625
Memory cached:  186.0
	 epoch  30 training error:  tensor(0.3784, device='cuda:0', grad_fn=<DivBackward0>)
Memory status after this epoch: 
Memory allocated:  136.43994140625
Memory cached:  186.0
	 epoch  40 training error:  tensor(0.3817, device='cuda:0', grad_fn=<DivBackward0>)
Memory status after this epoch: 
Memory allocated:  136.43994140625
Memory cached:  186.0
	 epoch  50 training error:  tensor(0.3747, device='cuda:0', grad_fn=<DivBackward0>)
Memory status after this epoch: 
Memory allocated:  136.43994140625
Memory cached:  186.0
	 epoch  60 training error:  tensor(0.3737, device='cuda:0', grad_fn=<DivBackward0>)
Memory status after this epoch: 
Memory allocated:  136.43994140625
Memory cached:  186.0
	 epoch  70 training error:  tensor(0.3726, device='cuda:0', grad_fn=<DivBackward0>)
Memory status after this epoch: 
Memory allocated:  136.43994140625
Memory cached:  186.0
	 epoch  80 training error:  tensor(0.3742, device='cuda:0', grad_fn=<DivBackward0>)
Memory status after this epoch: 
Memory allocated:  136.43994140625
Memory cached:  186.0
	 epoch  90 training error:  tensor(0.3721, device='cuda:0', grad_fn=<DivBackward0>)
Memory status after this epoch: 
Memory allocated:  136.43994140625
Memory cached:  186.0
