[I 2024-01-26 08:11:30,710] Trial 340 finished with value: 0.1672717183828354 and parameters: {'W_layers': 7, 'W_layer_units_exponent_0': 8, 'W_layer_units_exponent_1': 7, 'W_layer_units_exponent_2': 5, 'W_layer_units_exponent_3': 6, 'W_layer_units_exponent_4': 10, 'W_layer_units_exponent_5': 10, 'W_layer_units_exponent_6': 7, 'D_layers': 3, 'D_layer_units_exponent_0': 4, 'D_layer_units_exponent_1': 7, 'D_layer_units_exponent_2': 4, 'D_dagger_layers': 5, 'D_dagger_layer_units_exponent_0': 10, 'D_dagger_layer_units_exponent_1': 7, 'D_dagger_layer_units_exponent_2': 9, 'D_dagger_layer_units_exponent_3': 6, 'D_dagger_layer_units_exponent_4': 4, 'log_learning_rate': -3.8862769106123425, 'log_learning_rate_D': -4.808033175053683, 'log_learning_rate_D_dagger': -3.448670032009967, 'training_batch_size': 9, 'training_p': 2}. Best is trial 338 with value: 0.16543452441692352.
Time for this trial:  24.516687870025635
Memory status after this trial: 
Memory allocated:  979.68798828125
Memory cached:  1012.0
--------------------  Trial  341   --------------------
Start timing: 
Parameters: 
{'W_layers': 7, 'W_layer_units_exponent_0': 8, 'W_layer_units_exponent_1': 7, 'W_layer_units_exponent_2': 5, 'W_layer_units_exponent_3': 6, 'W_layer_units_exponent_4': 5, 'W_layer_units_exponent_5': 10, 'W_layer_units_exponent_6': 7, 'D_layers': 4, 'D_layer_units_exponent_0': 4, 'D_layer_units_exponent_1': 7, 'D_layer_units_exponent_2': 4, 'D_layer_units_exponent_3': 4, 'D_dagger_layers': 5, 'D_dagger_layer_units_exponent_0': 10, 'D_dagger_layer_units_exponent_1': 7, 'D_dagger_layer_units_exponent_2': 9, 'D_dagger_layer_units_exponent_3': 6, 'D_dagger_layer_units_exponent_4': 4, 'log_learning_rate': -3.8281092910864682, 'log_learning_rate_D': -4.709522769326753, 'log_learning_rate_D_dagger': -3.5332460237820533, 'training_batch_size': 9, 'training_p': 2}
	 epoch  0 training error:  tensor(1.0005, device='cuda:0', grad_fn=<DivBackward0>)
Memory status after this epoch: 
Memory allocated:  496.8173828125
Memory cached:  696.0
	 epoch  10 training error:  tensor(0.3401, device='cuda:0', grad_fn=<DivBackward0>)
Memory status after this epoch: 
Memory allocated:  496.8173828125
Memory cached:  696.0
	 epoch  20 training error:  tensor(0.2524, device='cuda:0', grad_fn=<DivBackward0>)
Memory status after this epoch: 
Memory allocated:  496.8173828125
Memory cached:  696.0
	 epoch  30 training error:  tensor(0.2198, device='cuda:0', grad_fn=<DivBackward0>)
Memory status after this epoch: 
Memory allocated:  496.8173828125
Memory cached:  696.0
	 epoch  40 training error:  tensor(0.1967, device='cuda:0', grad_fn=<DivBackward0>)
Memory status after this epoch: 
Memory allocated:  496.8173828125
Memory cached:  696.0
	 epoch  50 training error:  tensor(0.1915, device='cuda:0', grad_fn=<DivBackward0>)
Memory status after this epoch: 
Memory allocated:  496.8173828125
Memory cached:  696.0
	 epoch  60 training error:  tensor(0.1905, device='cuda:0', grad_fn=<DivBackward0>)
Memory status after this epoch: 
Memory allocated:  496.8173828125
Memory cached:  696.0
	 epoch  70 training error:  tensor(0.1864, device='cuda:0', grad_fn=<DivBackward0>)
Memory status after this epoch: 
Memory allocated:  496.8173828125
Memory cached:  696.0
	 epoch  80 training error:  tensor(0.1858, device='cuda:0', grad_fn=<DivBackward0>)
Memory status after this epoch: 
Memory allocated:  496.8173828125
Memory cached:  696.0
	 epoch  90 training error:  tensor(0.1862, device='cuda:0', grad_fn=<DivBackward0>)
Memory status after this epoch: 
Memory allocated:  496.8173828125
Memory cached:  696.0
[I 2024-01-26 08:11:54,724] Trial 341 finished with value: 0.1667078733444214 and parameters: {'W_layers': 7, 'W_layer_units_exponent_0': 8, 'W_layer_units_exponent_1': 7, 'W_layer_units_exponent_2': 5, 'W_layer_units_exponent_3': 6, 'W_layer_units_exponent_4': 5, 'W_layer_units_exponent_5': 10, 'W_layer_units_exponent_6': 7, 'D_layers': 4, 'D_layer_units_exponent_0': 4, 'D_layer_units_exponent_1': 7, 'D_layer_units_exponent_2': 4, 'D_layer_units_exponent_3': 4, 'D_dagger_layers': 5, 'D_dagger_layer_units_exponent_0': 10, 'D_dagger_layer_units_exponent_1': 7, 'D_dagger_layer_units_exponent_2': 9, 'D_dagger_layer_units_exponent_3': 6, 'D_dagger_layer_units_exponent_4': 4, 'log_learning_rate': -3.8281092910864682, 'log_learning_rate_D': -4.709522769326753, 'log_learning_rate_D_dagger': -3.5332460237820533, 'training_batch_size': 9, 'training_p': 2}. Best is trial 338 with value: 0.16543452441692352.
Time for this trial:  23.56373620033264
Memory status after this trial: 
Memory allocated:  863.14599609375
Memory cached:  878.0
--------------------  Trial  342   --------------------
Start timing: 
Parameters: 
{'W_layers': 7, 'W_layer_units_exponent_0': 8, 'W_layer_units_exponent_1': 7, 'W_layer_units_exponent_2': 5, 'W_layer_units_exponent_3': 6, 'W_layer_units_exponent_4': 4, 'W_layer_units_exponent_5': 10, 'W_layer_units_exponent_6': 7, 'D_layers': 4, 'D_layer_units_exponent_0': 4, 'D_layer_units_exponent_1': 7, 'D_layer_units_exponent_2': 4, 'D_layer_units_exponent_3': 8, 'D_dagger_layers': 5, 'D_dagger_layer_units_exponent_0': 10, 'D_dagger_layer_units_exponent_1': 7, 'D_dagger_layer_units_exponent_2': 9, 'D_dagger_layer_units_exponent_3': 6, 'D_dagger_layer_units_exponent_4': 4, 'log_learning_rate': -3.7749605085231357, 'log_learning_rate_D': -4.7416036457795885, 'log_learning_rate_D_dagger': -3.508286055941909, 'training_batch_size': 9, 'training_p': 2}
	 epoch  0 training error:  tensor(0.9364, device='cuda:0', grad_fn=<DivBackward0>)
Memory status after this epoch: 
Memory allocated:  496.5673828125
Memory cached:  696.0
	 epoch  10 training error:  tensor(0.2861, device='cuda:0', grad_fn=<DivBackward0>)
Memory status after this epoch: 
Memory allocated:  496.5673828125
Memory cached:  696.0
	 epoch  20 training error:  tensor(0.2240, device='cuda:0', grad_fn=<DivBackward0>)
Memory status after this epoch: 
Memory allocated:  496.5673828125
Memory cached:  696.0
	 epoch  30 training error:  tensor(0.2156, device='cuda:0', grad_fn=<DivBackward0>)
Memory status after this epoch: 
Memory allocated:  496.5673828125
Memory cached:  696.0
	 epoch  40 training error:  tensor(0.1975, device='cuda:0', grad_fn=<DivBackward0>)
Memory status after this epoch: 
Memory allocated:  496.5673828125
Memory cached:  696.0
	 epoch  50 training error:  tensor(0.1891, device='cuda:0', grad_fn=<DivBackward0>)
Memory status after this epoch: 
Memory allocated:  496.5673828125
Memory cached:  696.0
	 epoch  60 training error:  tensor(0.1875, device='cuda:0', grad_fn=<DivBackward0>)
Memory status after this epoch: 
Memory allocated:  496.5673828125
Memory cached:  696.0
	 epoch  70 training error:  tensor(0.1904, device='cuda:0', grad_fn=<DivBackward0>)
Memory status after this epoch: 
Memory allocated:  496.5673828125
Memory cached:  696.0
	 epoch  80 training error:  tensor(0.1873, device='cuda:0', grad_fn=<DivBackward0>)
Memory status after this epoch: 
Memory allocated:  496.5673828125
Memory cached:  696.0
	 epoch  90 training error:  tensor(0.1871, device='cuda:0', grad_fn=<DivBackward0>)
Memory status after this epoch: 
Memory allocated:  496.5673828125
Memory cached:  696.0
[I 2024-01-26 08:12:18,506] Trial 342 finished with value: 0.1692417711019516 and parameters: {'W_layers': 7, 'W_layer_units_exponent_0': 8, 'W_layer_units_exponent_1': 7, 'W_layer_units_exponent_2': 5, 'W_layer_units_exponent_3': 6, 'W_layer_units_exponent_4': 4, 'W_layer_units_exponent_5': 10, 'W_layer_units_exponent_6': 7, 'D_layers': 4, 'D_layer_units_exponent_0': 4, 'D_layer_units_exponent_1': 7, 'D_layer_units_exponent_2': 4, 'D_layer_units_exponent_3': 8, 'D_dagger_layers': 5, 'D_dagger_layer_units_exponent_0': 10, 'D_dagger_layer_units_exponent_1': 7, 'D_dagger_layer_units_exponent_2': 9, 'D_dagger_layer_units_exponent_3': 6, 'D_dagger_layer_units_exponent_4': 4, 'log_learning_rate': -3.7749605085231357, 'log_learning_rate_D': -4.7416036457795885, 'log_learning_rate_D_dagger': -3.508286055941909, 'training_batch_size': 9, 'training_p': 2}. Best is trial 338 with value: 0.16543452441692352.
Time for this trial:  23.321813583374023
Memory status after this trial: 
Memory allocated:  861.30419921875
Memory cached:  876.0
--------------------  Trial  343   --------------------
Start timing: 
Parameters: 
{'W_layers': 7, 'W_layer_units_exponent_0': 8, 'W_layer_units_exponent_1': 7, 'W_layer_units_exponent_2': 5, 'W_layer_units_exponent_3': 6, 'W_layer_units_exponent_4': 10, 'W_layer_units_exponent_5': 10, 'W_layer_units_exponent_6': 7, 'D_layers': 4, 'D_layer_units_exponent_0': 4, 'D_layer_units_exponent_1': 7, 'D_layer_units_exponent_2': 4, 'D_layer_units_exponent_3': 4, 'D_dagger_layers': 5, 'D_dagger_layer_units_exponent_0': 10, 'D_dagger_layer_units_exponent_1': 7, 'D_dagger_layer_units_exponent_2': 9, 'D_dagger_layer_units_exponent_3': 6, 'D_dagger_layer_units_exponent_4': 4, 'log_learning_rate': -3.7954629296462383, 'log_learning_rate_D': -4.694678441078138, 'log_learning_rate_D_dagger': -3.4456905662353186, 'training_batch_size': 9, 'training_p': 2}
	 epoch  0 training error:  tensor(0.9189, device='cuda:0', grad_fn=<DivBackward0>)
Memory status after this epoch: 
Memory allocated:  513.9560546875
Memory cached:  696.0
	 epoch  10 training error:  tensor(0.2895, device='cuda:0', grad_fn=<DivBackward0>)
Memory status after this epoch: 
Memory allocated:  513.9560546875
Memory cached:  696.0
	 epoch  20 training error:  tensor(0.2275, device='cuda:0', grad_fn=<DivBackward0>)
Memory status after this epoch: 
Memory allocated:  513.9560546875
Memory cached:  696.0
	 epoch  30 training error:  tensor(0.2099, device='cuda:0', grad_fn=<DivBackward0>)
Memory status after this epoch: 
Memory allocated:  513.9560546875
Memory cached:  696.0
	 epoch  40 training error:  tensor(0.1907, device='cuda:0', grad_fn=<DivBackward0>)
Memory status after this epoch: 
Memory allocated:  513.9560546875
Memory cached:  696.0
	 epoch  50 training error:  tensor(0.1884, device='cuda:0', grad_fn=<DivBackward0>)
Memory status after this epoch: 
Memory allocated:  513.9560546875
Memory cached:  696.0
	 epoch  60 training error:  tensor(0.1869, device='cuda:0', grad_fn=<DivBackward0>)
Memory status after this epoch: 
Memory allocated:  513.9560546875
Memory cached:  696.0
	 epoch  70 training error:  tensor(0.1881, device='cuda:0', grad_fn=<DivBackward0>)
Memory status after this epoch: 
Memory allocated:  513.9560546875
Memory cached:  696.0
	 epoch  80 training error:  tensor(0.1908, device='cuda:0', grad_fn=<DivBackward0>)
Memory status after this epoch: 
Memory allocated:  513.9560546875
Memory cached:  696.0
	 epoch  90 training error:  tensor(0.1867, device='cuda:0', grad_fn=<DivBackward0>)
Memory status after this epoch: 
Memory allocated:  513.9560546875
Memory cached:  696.0
[I 2024-01-26 08:12:43,848] Trial 343 finished with value: 0.16961979866027832 and parameters: {'W_layers': 7, 'W_layer_units_exponent_0': 8, 'W_layer_units_exponent_1': 7, 'W_layer_units_exponent_2': 5, 'W_layer_units_exponent_3': 6, 'W_layer_units_exponent_4': 10, 'W_layer_units_exponent_5': 10, 'W_layer_units_exponent_6': 7, 'D_layers': 4, 'D_layer_units_exponent_0': 4, 'D_layer_units_exponent_1': 7, 'D_layer_units_exponent_2': 4, 'D_layer_units_exponent_3': 4, 'D_dagger_layers': 5, 'D_dagger_layer_units_exponent_0': 10, 'D_dagger_layer_units_exponent_1': 7, 'D_dagger_layer_units_exponent_2': 9, 'D_dagger_layer_units_exponent_3': 6, 'D_dagger_layer_units_exponent_4': 4, 'log_learning_rate': -3.7954629296462383, 'log_learning_rate_D': -4.694678441078138, 'log_learning_rate_D_dagger': -3.4456905662353186, 'training_batch_size': 9, 'training_p': 2}. Best is trial 338 with value: 0.16543452441692352.
Time for this trial:  24.877708196640015
Memory status after this trial: 
Memory allocated:  980.15673828125
Memory cached:  1012.0
--------------------  Trial  344   --------------------
Start timing: 
Parameters: 
{'W_layers': 7, 'W_layer_units_exponent_0': 8, 'W_layer_units_exponent_1': 7, 'W_layer_units_exponent_2': 5, 'W_layer_units_exponent_3': 6, 'W_layer_units_exponent_4': 5, 'W_layer_units_exponent_5': 9, 'W_layer_units_exponent_6': 5, 'D_layers': 4, 'D_layer_units_exponent_0': 4, 'D_layer_units_exponent_1': 7, 'D_layer_units_exponent_2': 4, 'D_layer_units_exponent_3': 4, 'D_dagger_layers': 5, 'D_dagger_layer_units_exponent_0': 10, 'D_dagger_layer_units_exponent_1': 7, 'D_dagger_layer_units_exponent_2': 9, 'D_dagger_layer_units_exponent_3': 6, 'D_dagger_layer_units_exponent_4': 4, 'log_learning_rate': -3.899862213826322, 'log_learning_rate_D': -4.85407069503419, 'log_learning_rate_D_dagger': -3.540876378789154, 'training_batch_size': 9, 'training_p': 2}
	 epoch  0 training error:  tensor(0.9958, device='cuda:0', grad_fn=<DivBackward0>)
Memory status after this epoch: 
Memory allocated:  494.8095703125
Memory cached:  696.0
	 epoch  10 training error:  tensor(0.2592, device='cuda:0', grad_fn=<DivBackward0>)
Memory status after this epoch: 
Memory allocated:  494.8095703125
Memory cached:  696.0
	 epoch  20 training error:  tensor(0.2643, device='cuda:0', grad_fn=<DivBackward0>)
Memory status after this epoch: 
Memory allocated:  494.8095703125
Memory cached:  696.0
	 epoch  30 training error:  tensor(0.2312, device='cuda:0', grad_fn=<DivBackward0>)
Memory status after this epoch: 
Memory allocated:  494.8095703125
Memory cached:  696.0
	 epoch  40 training error:  tensor(0.2161, device='cuda:0', grad_fn=<DivBackward0>)
Memory status after this epoch: 
Memory allocated:  494.8095703125
Memory cached:  696.0
	 epoch  50 training error:  tensor(0.2012, device='cuda:0', grad_fn=<DivBackward0>)
Memory status after this epoch: 
Memory allocated:  494.8095703125
Memory cached:  696.0
	 epoch  60 training error:  tensor(0.1920, device='cuda:0', grad_fn=<DivBackward0>)
Memory status after this epoch: 
Memory allocated:  494.8095703125
Memory cached:  696.0
	 epoch  70 training error:  tensor(0.1885, device='cuda:0', grad_fn=<DivBackward0>)
Memory status after this epoch: 
Memory allocated:  494.8095703125
Memory cached:  696.0
	 epoch  80 training error:  tensor(0.1859, device='cuda:0', grad_fn=<DivBackward0>)
Memory status after this epoch: 
Memory allocated:  494.8095703125
Memory cached:  696.0
	 epoch  90 training error:  tensor(0.1856, device='cuda:0', grad_fn=<DivBackward0>)
Memory status after this epoch: 
Memory allocated:  494.8095703125
Memory cached:  696.0
[I 2024-01-26 08:13:07,195] Trial 344 finished with value: 0.16609451174736023 and parameters: {'W_layers': 7, 'W_layer_units_exponent_0': 8, 'W_layer_units_exponent_1': 7, 'W_layer_units_exponent_2': 5, 'W_layer_units_exponent_3': 6, 'W_layer_units_exponent_4': 5, 'W_layer_units_exponent_5': 9, 'W_layer_units_exponent_6': 5, 'D_layers': 4, 'D_layer_units_exponent_0': 4, 'D_layer_units_exponent_1': 7, 'D_layer_units_exponent_2': 4, 'D_layer_units_exponent_3': 4, 'D_dagger_layers': 5, 'D_dagger_layer_units_exponent_0': 10, 'D_dagger_layer_units_exponent_1': 7, 'D_dagger_layer_units_exponent_2': 9, 'D_dagger_layer_units_exponent_3': 6, 'D_dagger_layer_units_exponent_4': 4, 'log_learning_rate': -3.899862213826322, 'log_learning_rate_D': -4.85407069503419, 'log_learning_rate_D_dagger': -3.540876378789154, 'training_batch_size': 9, 'training_p': 2}. Best is trial 338 with value: 0.16543452441692352.
Time for this trial:  22.867003679275513
Memory status after this trial: 
Memory allocated:  797.54052734375
Memory cached:  812.0
--------------------  Trial  345   --------------------
Start timing: 
Parameters: 
{'W_layers': 7, 'W_layer_units_exponent_0': 8, 'W_layer_units_exponent_1': 7, 'W_layer_units_exponent_2': 5, 'W_layer_units_exponent_3': 6, 'W_layer_units_exponent_4': 6, 'W_layer_units_exponent_5': 10, 'W_layer_units_exponent_6': 8, 'D_layers': 4, 'D_layer_units_exponent_0': 4, 'D_layer_units_exponent_1': 7, 'D_layer_units_exponent_2': 4, 'D_layer_units_exponent_3': 4, 'D_dagger_layers': 5, 'D_dagger_layer_units_exponent_0': 10, 'D_dagger_layer_units_exponent_1': 7, 'D_dagger_layer_units_exponent_2': 9, 'D_dagger_layer_units_exponent_3': 6, 'D_dagger_layer_units_exponent_4': 4, 'log_learning_rate': -3.9031048121993632, 'log_learning_rate_D': -4.867822592955138, 'log_learning_rate_D_dagger': -3.5427249481502012, 'training_batch_size': 9, 'training_p': 2}
	 epoch  0 training error:  tensor(1.0260, device='cuda:0', grad_fn=<DivBackward0>)
Memory status after this epoch: 
Memory allocated:  499.3525390625
Memory cached:  698.0
	 epoch  10 training error:  tensor(0.3088, device='cuda:0', grad_fn=<DivBackward0>)
Memory status after this epoch: 
Memory allocated:  499.3525390625
Memory cached:  698.0
	 epoch  20 training error:  tensor(0.2407, device='cuda:0', grad_fn=<DivBackward0>)
Memory status after this epoch: 
Memory allocated:  499.3525390625
Memory cached:  698.0
	 epoch  30 training error:  tensor(0.2217, device='cuda:0', grad_fn=<DivBackward0>)
Memory status after this epoch: 
Memory allocated:  499.3525390625
Memory cached:  698.0
	 epoch  40 training error:  tensor(0.2085, device='cuda:0', grad_fn=<DivBackward0>)
Memory status after this epoch: 
Memory allocated:  499.3525390625
Memory cached:  698.0
	 epoch  50 training error:  tensor(0.1941, device='cuda:0', grad_fn=<DivBackward0>)
Memory status after this epoch: 
Memory allocated:  499.3525390625
Memory cached:  698.0
	 epoch  60 training error:  tensor(0.1903, device='cuda:0', grad_fn=<DivBackward0>)
Memory status after this epoch: 
Memory allocated:  499.3525390625
Memory cached:  698.0
	 epoch  70 training error:  tensor(0.1871, device='cuda:0', grad_fn=<DivBackward0>)
Memory status after this epoch: 
Memory allocated:  499.3525390625
Memory cached:  698.0
	 epoch  80 training error:  tensor(0.1872, device='cuda:0', grad_fn=<DivBackward0>)
Memory status after this epoch: 
Memory allocated:  499.3525390625
Memory cached:  698.0
	 epoch  90 training error:  tensor(0.1861, device='cuda:0', grad_fn=<DivBackward0>)
Memory status after this epoch: 
Memory allocated:  499.3525390625
Memory cached:  698.0
[I 2024-01-26 08:13:32,123] Trial 345 finished with value: 0.16735057532787323 and parameters: {'W_layers': 7, 'W_layer_units_exponent_0': 8, 'W_layer_units_exponent_1': 7, 'W_layer_units_exponent_2': 5, 'W_layer_units_exponent_3': 6, 'W_layer_units_exponent_4': 6, 'W_layer_units_exponent_5': 10, 'W_layer_units_exponent_6': 8, 'D_layers': 4, 'D_layer_units_exponent_0': 4, 'D_layer_units_exponent_1': 7, 'D_layer_units_exponent_2': 4, 'D_layer_units_exponent_3': 4, 'D_dagger_layers': 5, 'D_dagger_layer_units_exponent_0': 10, 'D_dagger_layer_units_exponent_1': 7, 'D_dagger_layer_units_exponent_2': 9, 'D_dagger_layer_units_exponent_3': 6, 'D_dagger_layer_units_exponent_4': 4, 'log_learning_rate': -3.9031048121993632, 'log_learning_rate_D': -4.867822592955138, 'log_learning_rate_D_dagger': -3.5427249481502012, 'training_batch_size': 9, 'training_p': 2}. Best is trial 338 with value: 0.16543452441692352.
Time for this trial:  24.447790384292603
Memory status after this trial: 
Memory allocated:  880.48779296875
Memory cached:  904.0
--------------------  Trial  346   --------------------
Start timing: 
Parameters: 
{'W_layers': 8, 'W_layer_units_exponent_0': 8, 'W_layer_units_exponent_1': 7, 'W_layer_units_exponent_2': 5, 'W_layer_units_exponent_3': 6, 'W_layer_units_exponent_4': 5, 'W_layer_units_exponent_5': 10, 'W_layer_units_exponent_6': 6, 'W_layer_units_exponent_7': 5, 'D_layers': 4, 'D_layer_units_exponent_0': 4, 'D_layer_units_exponent_1': 7, 'D_layer_units_exponent_2': 4, 'D_layer_units_exponent_3': 4, 'D_dagger_layers': 5, 'D_dagger_layer_units_exponent_0': 10, 'D_dagger_layer_units_exponent_1': 7, 'D_dagger_layer_units_exponent_2': 9, 'D_dagger_layer_units_exponent_3': 6, 'D_dagger_layer_units_exponent_4': 4, 'log_learning_rate': -3.704875113749017, 'log_learning_rate_D': -4.953394936467082, 'log_learning_rate_D_dagger': -3.401226812235764, 'training_batch_size': 9, 'training_p': 2}
	 epoch  0 training error:  tensor(0.9706, device='cuda:0', grad_fn=<DivBackward0>)
Memory status after this epoch: 
Memory allocated:  495.8505859375
Memory cached:  696.0
	 epoch  10 training error:  tensor(0.3334, device='cuda:0', grad_fn=<DivBackward0>)
Memory status after this epoch: 
Memory allocated:  495.8505859375
Memory cached:  696.0
	 epoch  20 training error:  tensor(0.2462, device='cuda:0', grad_fn=<DivBackward0>)
Memory status after this epoch: 
Memory allocated:  495.8505859375
Memory cached:  696.0
	 epoch  30 training error:  tensor(0.2042, device='cuda:0', grad_fn=<DivBackward0>)
Memory status after this epoch: 
Memory allocated:  495.8505859375
Memory cached:  696.0
	 epoch  40 training error:  tensor(0.1973, device='cuda:0', grad_fn=<DivBackward0>)
Memory status after this epoch: 
Memory allocated:  495.8505859375
Memory cached:  696.0
	 epoch  50 training error:  tensor(0.1874, device='cuda:0', grad_fn=<DivBackward0>)
Memory status after this epoch: 
Memory allocated:  495.8505859375
Memory cached:  696.0
	 epoch  60 training error:  tensor(0.1864, device='cuda:0', grad_fn=<DivBackward0>)
Memory status after this epoch: 
Memory allocated:  495.8505859375
Memory cached:  696.0
	 epoch  70 training error:  tensor(0.1860, device='cuda:0', grad_fn=<DivBackward0>)
Memory status after this epoch: 
Memory allocated:  495.8505859375
Memory cached:  696.0
	 epoch  80 training error:  tensor(0.1868, device='cuda:0', grad_fn=<DivBackward0>)
Memory status after this epoch: 
Memory allocated:  495.8505859375
Memory cached:  696.0
	 epoch  90 training error:  tensor(0.1863, device='cuda:0', grad_fn=<DivBackward0>)
Memory status after this epoch: 
Memory allocated:  495.8505859375
Memory cached:  696.0
