[I 2024-01-26 07:54:25,027] Trial 299 finished with value: 0.17640310525894165 and parameters: {'W_layers': 7, 'W_layer_units_exponent_0': 7, 'W_layer_units_exponent_1': 7, 'W_layer_units_exponent_2': 5, 'W_layer_units_exponent_3': 4, 'W_layer_units_exponent_4': 10, 'W_layer_units_exponent_5': 10, 'W_layer_units_exponent_6': 10, 'D_layers': 5, 'D_layer_units_exponent_0': 4, 'D_layer_units_exponent_1': 6, 'D_layer_units_exponent_2': 5, 'D_layer_units_exponent_3': 4, 'D_layer_units_exponent_4': 5, 'D_dagger_layers': 5, 'D_dagger_layer_units_exponent_0': 9, 'D_dagger_layer_units_exponent_1': 10, 'D_dagger_layer_units_exponent_2': 9, 'D_dagger_layer_units_exponent_3': 6, 'D_dagger_layer_units_exponent_4': 5, 'log_learning_rate': -3.244109369827267, 'log_learning_rate_D': -2.1557750485184575, 'log_learning_rate_D_dagger': -3.2314954604292327, 'training_batch_size': 9, 'training_p': 4}. Best is trial 209 with value: 0.16586799919605255.
Time for this trial:  25.13798236846924
Memory status after this trial: 
Memory allocated:  1222.84619140625
Memory cached:  1274.0
--------------------  Trial  300   --------------------
Start timing: 
Parameters: 
{'W_layers': 7, 'W_layer_units_exponent_0': 7, 'W_layer_units_exponent_1': 7, 'W_layer_units_exponent_2': 5, 'W_layer_units_exponent_3': 4, 'W_layer_units_exponent_4': 10, 'W_layer_units_exponent_5': 10, 'W_layer_units_exponent_6': 10, 'D_layers': 5, 'D_layer_units_exponent_0': 4, 'D_layer_units_exponent_1': 6, 'D_layer_units_exponent_2': 5, 'D_layer_units_exponent_3': 4, 'D_layer_units_exponent_4': 6, 'D_dagger_layers': 5, 'D_dagger_layer_units_exponent_0': 9, 'D_dagger_layer_units_exponent_1': 10, 'D_dagger_layer_units_exponent_2': 9, 'D_dagger_layer_units_exponent_3': 6, 'D_dagger_layer_units_exponent_4': 5, 'log_learning_rate': -3.2010060054367613, 'log_learning_rate_D': -2.295566109731497, 'log_learning_rate_D_dagger': -3.1189748091537957, 'training_batch_size': 9, 'training_p': 2}
	 epoch  0 training error:  tensor(0.9578, device='cuda:0', grad_fn=<DivBackward0>)
Memory status after this epoch: 
Memory allocated:  663.19091796875
Memory cached:  778.0
	 epoch  10 training error:  tensor(0.2537, device='cuda:0', grad_fn=<DivBackward0>)
Memory status after this epoch: 
Memory allocated:  663.19091796875
Memory cached:  778.0
	 epoch  20 training error:  tensor(0.2150, device='cuda:0', grad_fn=<DivBackward0>)
Memory status after this epoch: 
Memory allocated:  663.19091796875
Memory cached:  778.0
	 epoch  30 training error:  tensor(0.1999, device='cuda:0', grad_fn=<DivBackward0>)
Memory status after this epoch: 
Memory allocated:  663.19091796875
Memory cached:  778.0
	 epoch  40 training error:  tensor(0.1888, device='cuda:0', grad_fn=<DivBackward0>)
Memory status after this epoch: 
Memory allocated:  663.19091796875
Memory cached:  778.0
	 epoch  50 training error:  tensor(0.1873, device='cuda:0', grad_fn=<DivBackward0>)
Memory status after this epoch: 
Memory allocated:  663.19091796875
Memory cached:  778.0
	 epoch  60 training error:  tensor(0.1891, device='cuda:0', grad_fn=<DivBackward0>)
Memory status after this epoch: 
Memory allocated:  663.19091796875
Memory cached:  778.0
	 epoch  70 training error:  tensor(0.1882, device='cuda:0', grad_fn=<DivBackward0>)
Memory status after this epoch: 
Memory allocated:  663.19091796875
Memory cached:  778.0
	 epoch  80 training error:  tensor(0.1887, device='cuda:0', grad_fn=<DivBackward0>)
Memory status after this epoch: 
Memory allocated:  663.19091796875
Memory cached:  778.0
	 epoch  90 training error:  tensor(0.1882, device='cuda:0', grad_fn=<DivBackward0>)
Memory status after this epoch: 
Memory allocated:  663.19091796875
Memory cached:  778.0
[I 2024-01-26 07:54:50,854] Trial 300 finished with value: 0.16775952279567719 and parameters: {'W_layers': 7, 'W_layer_units_exponent_0': 7, 'W_layer_units_exponent_1': 7, 'W_layer_units_exponent_2': 5, 'W_layer_units_exponent_3': 4, 'W_layer_units_exponent_4': 10, 'W_layer_units_exponent_5': 10, 'W_layer_units_exponent_6': 10, 'D_layers': 5, 'D_layer_units_exponent_0': 4, 'D_layer_units_exponent_1': 6, 'D_layer_units_exponent_2': 5, 'D_layer_units_exponent_3': 4, 'D_layer_units_exponent_4': 6, 'D_dagger_layers': 5, 'D_dagger_layer_units_exponent_0': 9, 'D_dagger_layer_units_exponent_1': 10, 'D_dagger_layer_units_exponent_2': 9, 'D_dagger_layer_units_exponent_3': 6, 'D_dagger_layer_units_exponent_4': 5, 'log_learning_rate': -3.2010060054367613, 'log_learning_rate_D': -2.295566109731497, 'log_learning_rate_D_dagger': -3.1189748091537957, 'training_batch_size': 9, 'training_p': 2}. Best is trial 209 with value: 0.16586799919605255.
Time for this trial:  25.343672037124634
Memory status after this trial: 
Memory allocated:  1222.84619140625
Memory cached:  1274.0
--------------------  Trial  301   --------------------
Start timing: 
Parameters: 
{'W_layers': 7, 'W_layer_units_exponent_0': 7, 'W_layer_units_exponent_1': 7, 'W_layer_units_exponent_2': 5, 'W_layer_units_exponent_3': 4, 'W_layer_units_exponent_4': 10, 'W_layer_units_exponent_5': 10, 'W_layer_units_exponent_6': 10, 'D_layers': 4, 'D_layer_units_exponent_0': 4, 'D_layer_units_exponent_1': 6, 'D_layer_units_exponent_2': 5, 'D_layer_units_exponent_3': 4, 'D_dagger_layers': 5, 'D_dagger_layer_units_exponent_0': 9, 'D_dagger_layer_units_exponent_1': 10, 'D_dagger_layer_units_exponent_2': 9, 'D_dagger_layer_units_exponent_3': 6, 'D_dagger_layer_units_exponent_4': 5, 'log_learning_rate': -3.1691405609457117, 'log_learning_rate_D': -2.2167115350179345, 'log_learning_rate_D_dagger': -3.1360271932099546, 'training_batch_size': 9, 'training_p': 2}
	 epoch  0 training error:  tensor(1.0358, device='cuda:0', grad_fn=<DivBackward0>)
Memory status after this epoch: 
Memory allocated:  663.1865234375
Memory cached:  778.0
	 epoch  10 training error:  tensor(0.2803, device='cuda:0', grad_fn=<DivBackward0>)
Memory status after this epoch: 
Memory allocated:  663.1865234375
Memory cached:  778.0
	 epoch  20 training error:  tensor(0.2053, device='cuda:0', grad_fn=<DivBackward0>)
Memory status after this epoch: 
Memory allocated:  663.1865234375
Memory cached:  778.0
	 epoch  30 training error:  tensor(0.1984, device='cuda:0', grad_fn=<DivBackward0>)
Memory status after this epoch: 
Memory allocated:  663.1865234375
Memory cached:  778.0
	 epoch  40 training error:  tensor(0.1887, device='cuda:0', grad_fn=<DivBackward0>)
Memory status after this epoch: 
Memory allocated:  663.1865234375
Memory cached:  778.0
	 epoch  50 training error:  tensor(0.1942, device='cuda:0', grad_fn=<DivBackward0>)
Memory status after this epoch: 
Memory allocated:  663.1865234375
Memory cached:  778.0
	 epoch  60 training error:  tensor(0.1890, device='cuda:0', grad_fn=<DivBackward0>)
Memory status after this epoch: 
Memory allocated:  663.1865234375
Memory cached:  778.0
	 epoch  70 training error:  tensor(0.1901, device='cuda:0', grad_fn=<DivBackward0>)
Memory status after this epoch: 
Memory allocated:  663.1865234375
Memory cached:  778.0
	 epoch  80 training error:  tensor(0.1893, device='cuda:0', grad_fn=<DivBackward0>)
Memory status after this epoch: 
Memory allocated:  663.1865234375
Memory cached:  778.0
	 epoch  90 training error:  tensor(0.1897, device='cuda:0', grad_fn=<DivBackward0>)
Memory status after this epoch: 
Memory allocated:  663.1865234375
Memory cached:  778.0
[I 2024-01-26 07:55:16,638] Trial 301 finished with value: 0.17042319476604462 and parameters: {'W_layers': 7, 'W_layer_units_exponent_0': 7, 'W_layer_units_exponent_1': 7, 'W_layer_units_exponent_2': 5, 'W_layer_units_exponent_3': 4, 'W_layer_units_exponent_4': 10, 'W_layer_units_exponent_5': 10, 'W_layer_units_exponent_6': 10, 'D_layers': 4, 'D_layer_units_exponent_0': 4, 'D_layer_units_exponent_1': 6, 'D_layer_units_exponent_2': 5, 'D_layer_units_exponent_3': 4, 'D_dagger_layers': 5, 'D_dagger_layer_units_exponent_0': 9, 'D_dagger_layer_units_exponent_1': 10, 'D_dagger_layer_units_exponent_2': 9, 'D_dagger_layer_units_exponent_3': 6, 'D_dagger_layer_units_exponent_4': 5, 'log_learning_rate': -3.1691405609457117, 'log_learning_rate_D': -2.2167115350179345, 'log_learning_rate_D_dagger': -3.1360271932099546, 'training_batch_size': 9, 'training_p': 2}. Best is trial 209 with value: 0.16586799919605255.
Time for this trial:  25.354180574417114
Memory status after this trial: 
Memory allocated:  1222.84619140625
Memory cached:  1274.0
--------------------  Trial  302   --------------------
Start timing: 
Parameters: 
{'W_layers': 7, 'W_layer_units_exponent_0': 7, 'W_layer_units_exponent_1': 7, 'W_layer_units_exponent_2': 5, 'W_layer_units_exponent_3': 4, 'W_layer_units_exponent_4': 10, 'W_layer_units_exponent_5': 10, 'W_layer_units_exponent_6': 10, 'D_layers': 5, 'D_layer_units_exponent_0': 4, 'D_layer_units_exponent_1': 6, 'D_layer_units_exponent_2': 5, 'D_layer_units_exponent_3': 4, 'D_layer_units_exponent_4': 7, 'D_dagger_layers': 5, 'D_dagger_layer_units_exponent_0': 9, 'D_dagger_layer_units_exponent_1': 10, 'D_dagger_layer_units_exponent_2': 9, 'D_dagger_layer_units_exponent_3': 6, 'D_dagger_layer_units_exponent_4': 5, 'log_learning_rate': -3.117431267324653, 'log_learning_rate_D': -2.312958453961829, 'log_learning_rate_D_dagger': -3.350431100671804, 'training_batch_size': 9, 'training_p': 2}
	 epoch  0 training error:  tensor(1.0501, device='cuda:0', grad_fn=<DivBackward0>)
Memory status after this epoch: 
Memory allocated:  663.19482421875
Memory cached:  778.0
	 epoch  10 training error:  tensor(0.2405, device='cuda:0', grad_fn=<DivBackward0>)
Memory status after this epoch: 
Memory allocated:  663.19482421875
Memory cached:  778.0
	 epoch  20 training error:  tensor(0.2201, device='cuda:0', grad_fn=<DivBackward0>)
Memory status after this epoch: 
Memory allocated:  663.19482421875
Memory cached:  778.0
	 epoch  30 training error:  tensor(0.2115, device='cuda:0', grad_fn=<DivBackward0>)
Memory status after this epoch: 
Memory allocated:  663.19482421875
Memory cached:  778.0
	 epoch  40 training error:  tensor(0.1952, device='cuda:0', grad_fn=<DivBackward0>)
Memory status after this epoch: 
Memory allocated:  663.19482421875
Memory cached:  778.0
	 epoch  50 training error:  tensor(0.1874, device='cuda:0', grad_fn=<DivBackward0>)
Memory status after this epoch: 
Memory allocated:  663.19482421875
Memory cached:  778.0
	 epoch  60 training error:  tensor(0.1884, device='cuda:0', grad_fn=<DivBackward0>)
Memory status after this epoch: 
Memory allocated:  663.19482421875
Memory cached:  778.0
	 epoch  70 training error:  tensor(0.1899, device='cuda:0', grad_fn=<DivBackward0>)
Memory status after this epoch: 
Memory allocated:  663.19482421875
Memory cached:  778.0
	 epoch  80 training error:  tensor(0.1880, device='cuda:0', grad_fn=<DivBackward0>)
Memory status after this epoch: 
Memory allocated:  663.19482421875
Memory cached:  778.0
	 epoch  90 training error:  tensor(0.1880, device='cuda:0', grad_fn=<DivBackward0>)
Memory status after this epoch: 
Memory allocated:  663.19482421875
Memory cached:  778.0
[I 2024-01-26 07:55:42,293] Trial 302 finished with value: 0.16887322068214417 and parameters: {'W_layers': 7, 'W_layer_units_exponent_0': 7, 'W_layer_units_exponent_1': 7, 'W_layer_units_exponent_2': 5, 'W_layer_units_exponent_3': 4, 'W_layer_units_exponent_4': 10, 'W_layer_units_exponent_5': 10, 'W_layer_units_exponent_6': 10, 'D_layers': 5, 'D_layer_units_exponent_0': 4, 'D_layer_units_exponent_1': 6, 'D_layer_units_exponent_2': 5, 'D_layer_units_exponent_3': 4, 'D_layer_units_exponent_4': 7, 'D_dagger_layers': 5, 'D_dagger_layer_units_exponent_0': 9, 'D_dagger_layer_units_exponent_1': 10, 'D_dagger_layer_units_exponent_2': 9, 'D_dagger_layer_units_exponent_3': 6, 'D_dagger_layer_units_exponent_4': 5, 'log_learning_rate': -3.117431267324653, 'log_learning_rate_D': -2.312958453961829, 'log_learning_rate_D_dagger': -3.350431100671804, 'training_batch_size': 9, 'training_p': 2}. Best is trial 209 with value: 0.16586799919605255.
Time for this trial:  25.231923580169678
Memory status after this trial: 
Memory allocated:  1222.84619140625
Memory cached:  1274.0
--------------------  Trial  303   --------------------
Start timing: 
Parameters: 
{'W_layers': 7, 'W_layer_units_exponent_0': 7, 'W_layer_units_exponent_1': 7, 'W_layer_units_exponent_2': 5, 'W_layer_units_exponent_3': 4, 'W_layer_units_exponent_4': 10, 'W_layer_units_exponent_5': 10, 'W_layer_units_exponent_6': 10, 'D_layers': 5, 'D_layer_units_exponent_0': 4, 'D_layer_units_exponent_1': 6, 'D_layer_units_exponent_2': 5, 'D_layer_units_exponent_3': 4, 'D_layer_units_exponent_4': 6, 'D_dagger_layers': 5, 'D_dagger_layer_units_exponent_0': 9, 'D_dagger_layer_units_exponent_1': 10, 'D_dagger_layer_units_exponent_2': 9, 'D_dagger_layer_units_exponent_3': 6, 'D_dagger_layer_units_exponent_4': 5, 'log_learning_rate': -3.2645905118788874, 'log_learning_rate_D': -2.148892447219853, 'log_learning_rate_D_dagger': -3.2375353405147864, 'training_batch_size': 9, 'training_p': 2}
	 epoch  0 training error:  tensor(0.9951, device='cuda:0', grad_fn=<DivBackward0>)
Memory status after this epoch: 
Memory allocated:  663.19091796875
Memory cached:  778.0
	 epoch  10 training error:  tensor(0.2333, device='cuda:0', grad_fn=<DivBackward0>)
Memory status after this epoch: 
Memory allocated:  663.19091796875
Memory cached:  778.0
	 epoch  20 training error:  tensor(0.2231, device='cuda:0', grad_fn=<DivBackward0>)
Memory status after this epoch: 
Memory allocated:  663.19091796875
Memory cached:  778.0
	 epoch  30 training error:  tensor(0.1890, device='cuda:0', grad_fn=<DivBackward0>)
Memory status after this epoch: 
Memory allocated:  663.19091796875
Memory cached:  778.0
	 epoch  40 training error:  tensor(0.1879, device='cuda:0', grad_fn=<DivBackward0>)
Memory status after this epoch: 
Memory allocated:  663.19091796875
Memory cached:  778.0
	 epoch  50 training error:  tensor(0.1878, device='cuda:0', grad_fn=<DivBackward0>)
Memory status after this epoch: 
Memory allocated:  663.19091796875
Memory cached:  778.0
	 epoch  60 training error:  tensor(0.1875, device='cuda:0', grad_fn=<DivBackward0>)
Memory status after this epoch: 
Memory allocated:  663.19091796875
Memory cached:  778.0
	 epoch  70 training error:  tensor(0.1860, device='cuda:0', grad_fn=<DivBackward0>)
Memory status after this epoch: 
Memory allocated:  663.19091796875
Memory cached:  778.0
	 epoch  80 training error:  tensor(0.1864, device='cuda:0', grad_fn=<DivBackward0>)
Memory status after this epoch: 
Memory allocated:  663.19091796875
Memory cached:  778.0
	 epoch  90 training error:  tensor(0.1864, device='cuda:0', grad_fn=<DivBackward0>)
Memory status after this epoch: 
Memory allocated:  663.19091796875
Memory cached:  778.0
[I 2024-01-26 07:56:08,112] Trial 303 finished with value: 0.1658184677362442 and parameters: {'W_layers': 7, 'W_layer_units_exponent_0': 7, 'W_layer_units_exponent_1': 7, 'W_layer_units_exponent_2': 5, 'W_layer_units_exponent_3': 4, 'W_layer_units_exponent_4': 10, 'W_layer_units_exponent_5': 10, 'W_layer_units_exponent_6': 10, 'D_layers': 5, 'D_layer_units_exponent_0': 4, 'D_layer_units_exponent_1': 6, 'D_layer_units_exponent_2': 5, 'D_layer_units_exponent_3': 4, 'D_layer_units_exponent_4': 6, 'D_dagger_layers': 5, 'D_dagger_layer_units_exponent_0': 9, 'D_dagger_layer_units_exponent_1': 10, 'D_dagger_layer_units_exponent_2': 9, 'D_dagger_layer_units_exponent_3': 6, 'D_dagger_layer_units_exponent_4': 5, 'log_learning_rate': -3.2645905118788874, 'log_learning_rate_D': -2.148892447219853, 'log_learning_rate_D_dagger': -3.2375353405147864, 'training_batch_size': 9, 'training_p': 2}. Best is trial 303 with value: 0.1658184677362442.
res:  tensor(0.1658, device='cuda:0', grad_fn=<DivBackward0>)
self.bestValue:  tensor(0.1659, device='cuda:0', grad_fn=<DivBackward0>)
Save this model!
Time for this trial:  25.378840446472168
Memory status after this trial: 
Memory allocated:  611.02978515625
Memory cached:  788.0
--------------------  Trial  304   --------------------
Start timing: 
Parameters: 
{'W_layers': 7, 'W_layer_units_exponent_0': 7, 'W_layer_units_exponent_1': 7, 'W_layer_units_exponent_2': 5, 'W_layer_units_exponent_3': 4, 'W_layer_units_exponent_4': 10, 'W_layer_units_exponent_5': 10, 'W_layer_units_exponent_6': 10, 'D_layers': 5, 'D_layer_units_exponent_0': 4, 'D_layer_units_exponent_1': 6, 'D_layer_units_exponent_2': 5, 'D_layer_units_exponent_3': 4, 'D_layer_units_exponent_4': 6, 'D_dagger_layers': 5, 'D_dagger_layer_units_exponent_0': 9, 'D_dagger_layer_units_exponent_1': 10, 'D_dagger_layer_units_exponent_2': 9, 'D_dagger_layer_units_exponent_3': 6, 'D_dagger_layer_units_exponent_4': 5, 'log_learning_rate': -3.167558645017948, 'log_learning_rate_D': -2.0724678499860896, 'log_learning_rate_D_dagger': -3.285013295365536, 'training_batch_size': 9, 'training_p': 2}
	 epoch  0 training error:  tensor(1.0451, device='cuda:0', grad_fn=<DivBackward0>)
Memory status after this epoch: 
Memory allocated:  662.48779296875
Memory cached:  838.0
	 epoch  10 training error:  tensor(0.2494, device='cuda:0', grad_fn=<DivBackward0>)
Memory status after this epoch: 
Memory allocated:  662.48779296875
Memory cached:  838.0
	 epoch  20 training error:  tensor(0.2401, device='cuda:0', grad_fn=<DivBackward0>)
Memory status after this epoch: 
Memory allocated:  662.48779296875
Memory cached:  838.0
	 epoch  30 training error:  tensor(0.2026, device='cuda:0', grad_fn=<DivBackward0>)
Memory status after this epoch: 
Memory allocated:  662.48779296875
Memory cached:  838.0
	 epoch  40 training error:  tensor(0.1956, device='cuda:0', grad_fn=<DivBackward0>)
Memory status after this epoch: 
Memory allocated:  662.48779296875
Memory cached:  838.0
	 epoch  50 training error:  tensor(0.1869, device='cuda:0', grad_fn=<DivBackward0>)
Memory status after this epoch: 
Memory allocated:  662.48779296875
Memory cached:  838.0
	 epoch  60 training error:  tensor(0.1874, device='cuda:0', grad_fn=<DivBackward0>)
Memory status after this epoch: 
Memory allocated:  662.48779296875
Memory cached:  838.0
	 epoch  70 training error:  tensor(0.1882, device='cuda:0', grad_fn=<DivBackward0>)
Memory status after this epoch: 
Memory allocated:  662.48779296875
Memory cached:  838.0
	 epoch  80 training error:  tensor(0.1874, device='cuda:0', grad_fn=<DivBackward0>)
Memory status after this epoch: 
Memory allocated:  662.48779296875
Memory cached:  838.0
	 epoch  90 training error:  tensor(0.1877, device='cuda:0', grad_fn=<DivBackward0>)
Memory status after this epoch: 
Memory allocated:  662.48779296875
Memory cached:  838.0
