[I 2024-01-03 21:01:27,473] Trial 108 finished with value: 0.3923411965370178 and parameters: {'W_layers': 5, 'W_layer_units_exponent_0': 10, 'W_layer_units_exponent_1': 4, 'W_layer_units_exponent_2': 7, 'W_layer_units_exponent_3': 4, 'W_layer_units_exponent_4': 8, 'D_layers': 3, 'D_layer_units_exponent_0': 9, 'D_layer_units_exponent_1': 7, 'D_layer_units_exponent_2': 8, 'D_dagger_layers': 4, 'D_dagger_layer_units_exponent_0': 8, 'D_dagger_layer_units_exponent_1': 8, 'D_dagger_layer_units_exponent_2': 8, 'D_dagger_layer_units_exponent_3': 4, 'log_learning_rate': -4.837316708244206, 'log_learning_rate_D': -2.6650951658257416, 'log_learning_rate_D_dagger': -3.191359069401749, 'training_batch_size': 10, 'training_p': 6}. Best is trial 87 with value: 0.11369848251342773.
Time for this trial:  174.23994398117065
Memory status after this trial: 
Memory allocated:  434.1630859375
Memory cached:  628.0
--------------------  Trial  109   --------------------
Start timing: 
Parameters: 
{'W_layers': 5, 'W_layer_units_exponent_0': 10, 'W_layer_units_exponent_1': 4, 'W_layer_units_exponent_2': 6, 'W_layer_units_exponent_3': 4, 'W_layer_units_exponent_4': 8, 'D_layers': 4, 'D_layer_units_exponent_0': 10, 'D_layer_units_exponent_1': 8, 'D_layer_units_exponent_2': 9, 'D_layer_units_exponent_3': 6, 'D_dagger_layers': 3, 'D_dagger_layer_units_exponent_0': 9, 'D_dagger_layer_units_exponent_1': 10, 'D_dagger_layer_units_exponent_2': 8, 'log_learning_rate': -4.102828528586629, 'log_learning_rate_D': -2.306937831359897, 'log_learning_rate_D_dagger': -3.051661818189122, 'training_batch_size': 8, 'training_p': 8}
	 epoch  0 training error:  tensor(0.9468, device='cuda:0', grad_fn=<DivBackward0>)
Memory status after this epoch: 
Memory allocated:  288.26318359375
Memory cached:  610.0
	 epoch  10 training error:  tensor(0.6929, device='cuda:0', grad_fn=<DivBackward0>)
Memory status after this epoch: 
Memory allocated:  288.26318359375
Memory cached:  642.0
	 epoch  20 training error:  tensor(0.5854, device='cuda:0', grad_fn=<DivBackward0>)
Memory status after this epoch: 
Memory allocated:  288.26318359375
Memory cached:  660.0
	 epoch  30 training error:  tensor(0.5680, device='cuda:0', grad_fn=<DivBackward0>)
Memory status after this epoch: 
Memory allocated:  288.26318359375
Memory cached:  648.0
	 epoch  40 training error:  tensor(0.5680, device='cuda:0', grad_fn=<DivBackward0>)
Memory status after this epoch: 
Memory allocated:  288.26318359375
Memory cached:  654.0
	 epoch  50 training error:  tensor(0.5645, device='cuda:0', grad_fn=<DivBackward0>)
Memory status after this epoch: 
Memory allocated:  288.26318359375
Memory cached:  648.0
	 epoch  60 training error:  tensor(0.5462, device='cuda:0', grad_fn=<DivBackward0>)
Memory status after this epoch: 
Memory allocated:  288.26318359375
Memory cached:  646.0
	 epoch  70 training error:  tensor(0.5503, device='cuda:0', grad_fn=<DivBackward0>)
Memory status after this epoch: 
Memory allocated:  288.26318359375
Memory cached:  652.0
	 epoch  80 training error:  tensor(0.5449, device='cuda:0', grad_fn=<DivBackward0>)
Memory status after this epoch: 
Memory allocated:  288.26318359375
Memory cached:  652.0
	 epoch  90 training error:  tensor(0.5474, device='cuda:0', grad_fn=<DivBackward0>)
Memory status after this epoch: 
Memory allocated:  288.26318359375
Memory cached:  652.0
[I 2024-01-03 21:04:37,419] Trial 109 finished with value: 0.4449338912963867 and parameters: {'W_layers': 5, 'W_layer_units_exponent_0': 10, 'W_layer_units_exponent_1': 4, 'W_layer_units_exponent_2': 6, 'W_layer_units_exponent_3': 4, 'W_layer_units_exponent_4': 8, 'D_layers': 4, 'D_layer_units_exponent_0': 10, 'D_layer_units_exponent_1': 8, 'D_layer_units_exponent_2': 9, 'D_layer_units_exponent_3': 6, 'D_dagger_layers': 3, 'D_dagger_layer_units_exponent_0': 9, 'D_dagger_layer_units_exponent_1': 10, 'D_dagger_layer_units_exponent_2': 8, 'log_learning_rate': -4.102828528586629, 'log_learning_rate_D': -2.306937831359897, 'log_learning_rate_D_dagger': -3.051661818189122, 'training_batch_size': 8, 'training_p': 8}. Best is trial 87 with value: 0.11369848251342773.
Time for this trial:  189.42466402053833
Memory status after this trial: 
Memory allocated:  542.30078125
Memory cached:  630.0
--------------------  Trial  110   --------------------
Start timing: 
Parameters: 
{'W_layers': 4, 'W_layer_units_exponent_0': 10, 'W_layer_units_exponent_1': 5, 'W_layer_units_exponent_2': 8, 'W_layer_units_exponent_3': 5, 'D_layers': 2, 'D_layer_units_exponent_0': 9, 'D_layer_units_exponent_1': 6, 'D_dagger_layers': 4, 'D_dagger_layer_units_exponent_0': 9, 'D_dagger_layer_units_exponent_1': 10, 'D_dagger_layer_units_exponent_2': 7, 'D_dagger_layer_units_exponent_3': 4, 'log_learning_rate': -4.221790009383139, 'log_learning_rate_D': -2.18270830085845, 'log_learning_rate_D_dagger': -2.7909712939625178, 'training_batch_size': 9, 'training_p': 7}
	 epoch  0 training error:  tensor(1.1505, device='cuda:0', grad_fn=<DivBackward0>)
Memory status after this epoch: 
Memory allocated:  280.64404296875
Memory cached:  612.0
	 epoch  10 training error:  tensor(0.6794, device='cuda:0', grad_fn=<DivBackward0>)
Memory status after this epoch: 
Memory allocated:  280.64404296875
Memory cached:  644.0
	 epoch  20 training error:  tensor(0.5422, device='cuda:0', grad_fn=<DivBackward0>)
Memory status after this epoch: 
Memory allocated:  280.64404296875
Memory cached:  642.0
	 epoch  30 training error:  tensor(0.5339, device='cuda:0', grad_fn=<DivBackward0>)
Memory status after this epoch: 
Memory allocated:  280.64404296875
Memory cached:  654.0
	 epoch  40 training error:  tensor(0.5304, device='cuda:0', grad_fn=<DivBackward0>)
Memory status after this epoch: 
Memory allocated:  280.64404296875
Memory cached:  662.0
	 epoch  50 training error:  tensor(0.4986, device='cuda:0', grad_fn=<DivBackward0>)
Memory status after this epoch: 
Memory allocated:  280.64404296875
Memory cached:  650.0
	 epoch  60 training error:  tensor(0.6705, device='cuda:0', grad_fn=<DivBackward0>)
Memory status after this epoch: 
Memory allocated:  280.64404296875
Memory cached:  642.0
	 epoch  70 training error:  tensor(0.3935, device='cuda:0', grad_fn=<DivBackward0>)
Memory status after this epoch: 
Memory allocated:  280.64404296875
Memory cached:  660.0
	 epoch  80 training error:  tensor(0.3153, device='cuda:0', grad_fn=<DivBackward0>)
Memory status after this epoch: 
Memory allocated:  280.64404296875
Memory cached:  656.0
	 epoch  90 training error:  tensor(0.3061, device='cuda:0', grad_fn=<DivBackward0>)
Memory status after this epoch: 
Memory allocated:  280.64404296875
Memory cached:  652.0
[I 2024-01-03 21:07:21,195] Trial 110 finished with value: 0.1294568032026291 and parameters: {'W_layers': 4, 'W_layer_units_exponent_0': 10, 'W_layer_units_exponent_1': 5, 'W_layer_units_exponent_2': 8, 'W_layer_units_exponent_3': 5, 'D_layers': 2, 'D_layer_units_exponent_0': 9, 'D_layer_units_exponent_1': 6, 'D_dagger_layers': 4, 'D_dagger_layer_units_exponent_0': 9, 'D_dagger_layer_units_exponent_1': 10, 'D_dagger_layer_units_exponent_2': 7, 'D_dagger_layer_units_exponent_3': 4, 'log_learning_rate': -4.221790009383139, 'log_learning_rate_D': -2.18270830085845, 'log_learning_rate_D_dagger': -2.7909712939625178, 'training_batch_size': 9, 'training_p': 7}. Best is trial 87 with value: 0.11369848251342773.
Time for this trial:  163.31221747398376
Memory status after this trial: 
Memory allocated:  466.4697265625
Memory cached:  618.0
--------------------  Trial  111   --------------------
Start timing: 
Parameters: 
{'W_layers': 4, 'W_layer_units_exponent_0': 10, 'W_layer_units_exponent_1': 5, 'W_layer_units_exponent_2': 8, 'W_layer_units_exponent_3': 5, 'D_layers': 2, 'D_layer_units_exponent_0': 9, 'D_layer_units_exponent_1': 6, 'D_dagger_layers': 4, 'D_dagger_layer_units_exponent_0': 9, 'D_dagger_layer_units_exponent_1': 10, 'D_dagger_layer_units_exponent_2': 7, 'D_dagger_layer_units_exponent_3': 4, 'log_learning_rate': -4.224823396535611, 'log_learning_rate_D': -2.1921829800386563, 'log_learning_rate_D_dagger': -2.777414350182038, 'training_batch_size': 9, 'training_p': 7}
	 epoch  0 training error:  tensor(0.9098, device='cuda:0', grad_fn=<DivBackward0>)
Memory status after this epoch: 
Memory allocated:  280.64404296875
Memory cached:  606.0
	 epoch  10 training error:  tensor(0.5644, device='cuda:0', grad_fn=<DivBackward0>)
Memory status after this epoch: 
Memory allocated:  280.64404296875
Memory cached:  646.0
	 epoch  20 training error:  tensor(0.5710, device='cuda:0', grad_fn=<DivBackward0>)
Memory status after this epoch: 
Memory allocated:  280.64404296875
Memory cached:  646.0
	 epoch  30 training error:  tensor(0.5662, device='cuda:0', grad_fn=<DivBackward0>)
Memory status after this epoch: 
Memory allocated:  280.64404296875
Memory cached:  642.0
	 epoch  40 training error:  tensor(0.5344, device='cuda:0', grad_fn=<DivBackward0>)
Memory status after this epoch: 
Memory allocated:  280.64404296875
Memory cached:  642.0
	 epoch  50 training error:  tensor(0.5308, device='cuda:0', grad_fn=<DivBackward0>)
Memory status after this epoch: 
Memory allocated:  280.64404296875
Memory cached:  640.0
	 epoch  60 training error:  tensor(0.5283, device='cuda:0', grad_fn=<DivBackward0>)
Memory status after this epoch: 
Memory allocated:  280.64404296875
Memory cached:  642.0
	 epoch  70 training error:  tensor(0.5122, device='cuda:0', grad_fn=<DivBackward0>)
Memory status after this epoch: 
Memory allocated:  280.64404296875
Memory cached:  654.0
	 epoch  80 training error:  tensor(0.5014, device='cuda:0', grad_fn=<DivBackward0>)
Memory status after this epoch: 
Memory allocated:  280.64404296875
Memory cached:  650.0
	 epoch  90 training error:  tensor(0.4679, device='cuda:0', grad_fn=<DivBackward0>)
Memory status after this epoch: 
Memory allocated:  280.64404296875
Memory cached:  644.0
[I 2024-01-03 21:10:06,209] Trial 111 finished with value: 0.31513288617134094 and parameters: {'W_layers': 4, 'W_layer_units_exponent_0': 10, 'W_layer_units_exponent_1': 5, 'W_layer_units_exponent_2': 8, 'W_layer_units_exponent_3': 5, 'D_layers': 2, 'D_layer_units_exponent_0': 9, 'D_layer_units_exponent_1': 6, 'D_dagger_layers': 4, 'D_dagger_layer_units_exponent_0': 9, 'D_dagger_layer_units_exponent_1': 10, 'D_dagger_layer_units_exponent_2': 7, 'D_dagger_layer_units_exponent_3': 4, 'log_learning_rate': -4.224823396535611, 'log_learning_rate_D': -2.1921829800386563, 'log_learning_rate_D_dagger': -2.777414350182038, 'training_batch_size': 9, 'training_p': 7}. Best is trial 87 with value: 0.11369848251342773.
Time for this trial:  164.47453665733337
Memory status after this trial: 
Memory allocated:  466.4697265625
Memory cached:  620.0
--------------------  Trial  112   --------------------
Start timing: 
Parameters: 
{'W_layers': 3, 'W_layer_units_exponent_0': 10, 'W_layer_units_exponent_1': 4, 'W_layer_units_exponent_2': 8, 'D_layers': 2, 'D_layer_units_exponent_0': 9, 'D_layer_units_exponent_1': 6, 'D_dagger_layers': 4, 'D_dagger_layer_units_exponent_0': 9, 'D_dagger_layer_units_exponent_1': 10, 'D_dagger_layer_units_exponent_2': 7, 'D_dagger_layer_units_exponent_3': 4, 'log_learning_rate': -4.536163992098748, 'log_learning_rate_D': -2.0835441701493824, 'log_learning_rate_D_dagger': -2.5448833435908904, 'training_batch_size': 9, 'training_p': 7}
	 epoch  0 training error:  tensor(1.0094, device='cuda:0', grad_fn=<DivBackward0>)
Memory status after this epoch: 
Memory allocated:  280.20654296875
Memory cached:  614.0
	 epoch  10 training error:  tensor(0.6189, device='cuda:0', grad_fn=<DivBackward0>)
Memory status after this epoch: 
Memory allocated:  280.20654296875
Memory cached:  654.0
	 epoch  20 training error:  tensor(0.5569, device='cuda:0', grad_fn=<DivBackward0>)
Memory status after this epoch: 
Memory allocated:  280.20654296875
Memory cached:  652.0
	 epoch  30 training error:  tensor(0.5838, device='cuda:0', grad_fn=<DivBackward0>)
Memory status after this epoch: 
Memory allocated:  280.20654296875
Memory cached:  656.0
	 epoch  40 training error:  tensor(0.5620, device='cuda:0', grad_fn=<DivBackward0>)
Memory status after this epoch: 
Memory allocated:  280.20654296875
Memory cached:  662.0
	 epoch  50 training error:  tensor(0.5588, device='cuda:0', grad_fn=<DivBackward0>)
Memory status after this epoch: 
Memory allocated:  280.20654296875
Memory cached:  652.0
	 epoch  60 training error:  tensor(0.5574, device='cuda:0', grad_fn=<DivBackward0>)
Memory status after this epoch: 
Memory allocated:  280.20654296875
Memory cached:  652.0
	 epoch  70 training error:  tensor(0.5461, device='cuda:0', grad_fn=<DivBackward0>)
Memory status after this epoch: 
Memory allocated:  280.20654296875
Memory cached:  652.0
	 epoch  80 training error:  tensor(0.5418, device='cuda:0', grad_fn=<DivBackward0>)
Memory status after this epoch: 
Memory allocated:  280.20654296875
Memory cached:  648.0
	 epoch  90 training error:  tensor(0.5306, device='cuda:0', grad_fn=<DivBackward0>)
Memory status after this epoch: 
Memory allocated:  280.20654296875
Memory cached:  638.0
[I 2024-01-03 21:12:41,316] Trial 112 finished with value: 0.4006105065345764 and parameters: {'W_layers': 3, 'W_layer_units_exponent_0': 10, 'W_layer_units_exponent_1': 4, 'W_layer_units_exponent_2': 8, 'D_layers': 2, 'D_layer_units_exponent_0': 9, 'D_layer_units_exponent_1': 6, 'D_dagger_layers': 4, 'D_dagger_layer_units_exponent_0': 9, 'D_dagger_layer_units_exponent_1': 10, 'D_dagger_layer_units_exponent_2': 7, 'D_dagger_layer_units_exponent_3': 4, 'log_learning_rate': -4.536163992098748, 'log_learning_rate_D': -2.0835441701493824, 'log_learning_rate_D_dagger': -2.5448833435908904, 'training_batch_size': 9, 'training_p': 7}. Best is trial 87 with value: 0.11369848251342773.
Time for this trial:  154.58316564559937
Memory status after this trial: 
Memory allocated:  462.1494140625
Memory cached:  622.0
--------------------  Trial  113   --------------------
Start timing: 
Parameters: 
{'W_layers': 2, 'W_layer_units_exponent_0': 10, 'W_layer_units_exponent_1': 4, 'D_layers': 2, 'D_layer_units_exponent_0': 8, 'D_layer_units_exponent_1': 7, 'D_dagger_layers': 4, 'D_dagger_layer_units_exponent_0': 9, 'D_dagger_layer_units_exponent_1': 10, 'D_dagger_layer_units_exponent_2': 7, 'D_dagger_layer_units_exponent_3': 4, 'log_learning_rate': -4.007664532005133, 'log_learning_rate_D': -2.475282230536498, 'log_learning_rate_D_dagger': -2.8689264901536213, 'training_batch_size': 9, 'training_p': 7}
	 epoch  0 training error:  tensor(1.1212, device='cuda:0', grad_fn=<DivBackward0>)
Memory status after this epoch: 
Memory allocated:  280.11865234375
Memory cached:  610.0
	 epoch  10 training error:  tensor(0.5594, device='cuda:0', grad_fn=<DivBackward0>)
Memory status after this epoch: 
Memory allocated:  280.11865234375
Memory cached:  624.0
	 epoch  20 training error:  tensor(0.5421, device='cuda:0', grad_fn=<DivBackward0>)
Memory status after this epoch: 
Memory allocated:  280.11865234375
Memory cached:  632.0
	 epoch  30 training error:  tensor(0.5315, device='cuda:0', grad_fn=<DivBackward0>)
Memory status after this epoch: 
Memory allocated:  280.11865234375
Memory cached:  640.0
	 epoch  40 training error:  tensor(0.5221, device='cuda:0', grad_fn=<DivBackward0>)
Memory status after this epoch: 
Memory allocated:  280.11865234375
Memory cached:  632.0
	 epoch  50 training error:  tensor(0.5065, device='cuda:0', grad_fn=<DivBackward0>)
Memory status after this epoch: 
Memory allocated:  280.11865234375
Memory cached:  628.0
	 epoch  60 training error:  tensor(0.6262, device='cuda:0', grad_fn=<DivBackward0>)
Memory status after this epoch: 
Memory allocated:  280.11865234375
Memory cached:  634.0
	 epoch  70 training error:  tensor(0.5508, device='cuda:0', grad_fn=<DivBackward0>)
Memory status after this epoch: 
Memory allocated:  280.11865234375
Memory cached:  630.0
	 epoch  80 training error:  tensor(0.5356, device='cuda:0', grad_fn=<DivBackward0>)
Memory status after this epoch: 
Memory allocated:  280.11865234375
Memory cached:  634.0
	 epoch  90 training error:  tensor(0.5171, device='cuda:0', grad_fn=<DivBackward0>)
Memory status after this epoch: 
Memory allocated:  280.11865234375
Memory cached:  628.0
[I 2024-01-03 21:15:05,669] Trial 113 finished with value: 0.37511923909187317 and parameters: {'W_layers': 2, 'W_layer_units_exponent_0': 10, 'W_layer_units_exponent_1': 4, 'D_layers': 2, 'D_layer_units_exponent_0': 8, 'D_layer_units_exponent_1': 7, 'D_dagger_layers': 4, 'D_dagger_layer_units_exponent_0': 9, 'D_dagger_layer_units_exponent_1': 10, 'D_dagger_layer_units_exponent_2': 7, 'D_dagger_layer_units_exponent_3': 4, 'log_learning_rate': -4.007664532005133, 'log_learning_rate_D': -2.475282230536498, 'log_learning_rate_D_dagger': -2.8689264901536213, 'training_batch_size': 9, 'training_p': 7}. Best is trial 87 with value: 0.11369848251342773.
Time for this trial:  143.93316221237183
Memory status after this trial: 
Memory allocated:  439.60546875
Memory cached:  604.0
--------------------  Trial  114   --------------------
Start timing: 
Parameters: 
{'W_layers': 5, 'W_layer_units_exponent_0': 10, 'W_layer_units_exponent_1': 5, 'W_layer_units_exponent_2': 8, 'W_layer_units_exponent_3': 5, 'W_layer_units_exponent_4': 7, 'D_layers': 3, 'D_layer_units_exponent_0': 9, 'D_layer_units_exponent_1': 6, 'D_layer_units_exponent_2': 7, 'D_dagger_layers': 4, 'D_dagger_layer_units_exponent_0': 9, 'D_dagger_layer_units_exponent_1': 10, 'D_dagger_layer_units_exponent_2': 8, 'D_dagger_layer_units_exponent_3': 5, 'log_learning_rate': -4.107366390284816, 'log_learning_rate_D': -2.246393375151257, 'log_learning_rate_D_dagger': -2.985439254873663, 'training_batch_size': 10, 'training_p': 4}
	 epoch  0 training error:  tensor(0.9459, device='cuda:0', grad_fn=<DivBackward0>)
Memory status after this epoch: 
Memory allocated:  282.93115234375
Memory cached:  578.0
	 epoch  10 training error:  tensor(0.4509, device='cuda:0', grad_fn=<DivBackward0>)
Memory status after this epoch: 
Memory allocated:  282.93115234375
Memory cached:  602.0
	 epoch  20 training error:  tensor(0.4902, device='cuda:0', grad_fn=<DivBackward0>)
Memory status after this epoch: 
Memory allocated:  282.93115234375
Memory cached:  598.0
	 epoch  30 training error:  tensor(0.4554, device='cuda:0', grad_fn=<DivBackward0>)
Memory status after this epoch: 
Memory allocated:  282.93115234375
Memory cached:  594.0
	 epoch  40 training error:  tensor(0.4356, device='cuda:0', grad_fn=<DivBackward0>)
Memory status after this epoch: 
Memory allocated:  282.93115234375
Memory cached:  606.0
	 epoch  50 training error:  tensor(0.4463, device='cuda:0', grad_fn=<DivBackward0>)
Memory status after this epoch: 
Memory allocated:  282.93115234375
Memory cached:  594.0
	 epoch  60 training error:  tensor(0.4354, device='cuda:0', grad_fn=<DivBackward0>)
Memory status after this epoch: 
Memory allocated:  282.93115234375
Memory cached:  594.0
	 epoch  70 training error:  tensor(0.4405, device='cuda:0', grad_fn=<DivBackward0>)
Memory status after this epoch: 
Memory allocated:  282.93115234375
Memory cached:  604.0
	 epoch  80 training error:  tensor(0.4275, device='cuda:0', grad_fn=<DivBackward0>)
Memory status after this epoch: 
Memory allocated:  282.93115234375
Memory cached:  596.0
	 epoch  90 training error:  tensor(0.4218, device='cuda:0', grad_fn=<DivBackward0>)
Memory status after this epoch: 
Memory allocated:  282.93115234375
Memory cached:  598.0
