[I 2024-02-18 09:53:20,274] Trial 30 finished with value: 0.10301480442285538 and parameters: {'W_layers': 5, 'W_layer_units_exponent_0': 5, 'W_layer_units_exponent_1': 10, 'W_layer_units_exponent_2': 9, 'W_layer_units_exponent_3': 8, 'W_layer_units_exponent_4': 6, 'D_layers': 3, 'D_layer_units_exponent_0': 9, 'D_layer_units_exponent_1': 10, 'D_layer_units_exponent_2': 10, 'D_dagger_layers': 2, 'D_dagger_layer_units_exponent_0': 7, 'D_dagger_layer_units_exponent_1': 8, 'log_learning_rate': -1.3275847113002621, 'log_learning_rate_D': -1.7831487711234018, 'log_learning_rate_D_dagger': -3.626751873164195, 'training_batch_size': 7, 'training_p': 2}. Best is trial 26 with value: 0.0832114964723587.
Time for this trial:  26.384634017944336
Memory status after this trial: 
Memory allocated:  969.00732421875
Memory cached:  1008.0
--------------------  Trial  31   --------------------
Start timing: 
Parameters: 
{'W_layers': 5, 'W_layer_units_exponent_0': 6, 'W_layer_units_exponent_1': 9, 'W_layer_units_exponent_2': 8, 'W_layer_units_exponent_3': 8, 'W_layer_units_exponent_4': 5, 'D_layers': 4, 'D_layer_units_exponent_0': 9, 'D_layer_units_exponent_1': 10, 'D_layer_units_exponent_2': 10, 'D_layer_units_exponent_3': 8, 'D_dagger_layers': 3, 'D_dagger_layer_units_exponent_0': 6, 'D_dagger_layer_units_exponent_1': 4, 'D_dagger_layer_units_exponent_2': 4, 'log_learning_rate': -1.3859610043817823, 'log_learning_rate_D': -2.021298774619323, 'log_learning_rate_D_dagger': -2.9331957244168527, 'training_batch_size': 6, 'training_p': 2}
	 epoch  0 training error:  tensor(121.8409, device='cuda:0', grad_fn=<DivBackward0>)
Memory status after this epoch: 
Memory allocated:  487.95751953125
Memory cached:  588.0
	 epoch  10 training error:  tensor(0.3446, device='cuda:0', grad_fn=<DivBackward0>)
Memory status after this epoch: 
Memory allocated:  487.95751953125
Memory cached:  588.0
	 epoch  20 training error:  tensor(0.1224, device='cuda:0', grad_fn=<DivBackward0>)
Memory status after this epoch: 
Memory allocated:  487.95751953125
Memory cached:  588.0
	 epoch  30 training error:  tensor(0.0906, device='cuda:0', grad_fn=<DivBackward0>)
Memory status after this epoch: 
Memory allocated:  487.95751953125
Memory cached:  588.0
	 epoch  40 training error:  tensor(0.0839, device='cuda:0', grad_fn=<DivBackward0>)
Memory status after this epoch: 
Memory allocated:  487.95751953125
Memory cached:  588.0
	 epoch  50 training error:  tensor(0.0826, device='cuda:0', grad_fn=<DivBackward0>)
Memory status after this epoch: 
Memory allocated:  487.95751953125
Memory cached:  588.0
	 epoch  60 training error:  tensor(0.0825, device='cuda:0', grad_fn=<DivBackward0>)
Memory status after this epoch: 
Memory allocated:  487.95751953125
Memory cached:  588.0
	 epoch  70 training error:  tensor(0.0826, device='cuda:0', grad_fn=<DivBackward0>)
Memory status after this epoch: 
Memory allocated:  487.95751953125
Memory cached:  588.0
	 epoch  80 training error:  tensor(0.0826, device='cuda:0', grad_fn=<DivBackward0>)
Memory status after this epoch: 
Memory allocated:  487.95751953125
Memory cached:  588.0
	 epoch  90 training error:  tensor(0.0821, device='cuda:0', grad_fn=<DivBackward0>)
Memory status after this epoch: 
Memory allocated:  487.95751953125
Memory cached:  588.0
[I 2024-02-18 09:53:46,137] Trial 31 finished with value: 0.08433271944522858 and parameters: {'W_layers': 5, 'W_layer_units_exponent_0': 6, 'W_layer_units_exponent_1': 9, 'W_layer_units_exponent_2': 8, 'W_layer_units_exponent_3': 8, 'W_layer_units_exponent_4': 5, 'D_layers': 4, 'D_layer_units_exponent_0': 9, 'D_layer_units_exponent_1': 10, 'D_layer_units_exponent_2': 10, 'D_layer_units_exponent_3': 8, 'D_dagger_layers': 3, 'D_dagger_layer_units_exponent_0': 6, 'D_dagger_layer_units_exponent_1': 4, 'D_dagger_layer_units_exponent_2': 4, 'log_learning_rate': -1.3859610043817823, 'log_learning_rate_D': -2.021298774619323, 'log_learning_rate_D_dagger': -2.9331957244168527, 'training_batch_size': 6, 'training_p': 2}. Best is trial 26 with value: 0.0832114964723587.
Time for this trial:  25.51737380027771
Memory status after this trial: 
Memory allocated:  742.27197265625
Memory cached:  760.0
--------------------  Trial  32   --------------------
Start timing: 
Parameters: 
{'W_layers': 6, 'W_layer_units_exponent_0': 7, 'W_layer_units_exponent_1': 10, 'W_layer_units_exponent_2': 7, 'W_layer_units_exponent_3': 6, 'W_layer_units_exponent_4': 6, 'W_layer_units_exponent_5': 8, 'D_layers': 3, 'D_layer_units_exponent_0': 10, 'D_layer_units_exponent_1': 10, 'D_layer_units_exponent_2': 9, 'D_dagger_layers': 3, 'D_dagger_layer_units_exponent_0': 7, 'D_dagger_layer_units_exponent_1': 4, 'D_dagger_layer_units_exponent_2': 4, 'log_learning_rate': -2.118461794294377, 'log_learning_rate_D': -1.7106950406433228, 'log_learning_rate_D_dagger': -3.1285194161197016, 'training_batch_size': 8, 'training_p': 2}
	 epoch  0 training error:  tensor(1.4474, device='cuda:0', grad_fn=<DivBackward0>)
Memory status after this epoch: 
Memory allocated:  487.79541015625
Memory cached:  588.0
	 epoch  10 training error:  tensor(0.4023, device='cuda:0', grad_fn=<DivBackward0>)
Memory status after this epoch: 
Memory allocated:  487.79541015625
Memory cached:  588.0
	 epoch  20 training error:  tensor(0.2852, device='cuda:0', grad_fn=<DivBackward0>)
Memory status after this epoch: 
Memory allocated:  487.79541015625
Memory cached:  588.0
	 epoch  30 training error:  tensor(0.1421, device='cuda:0', grad_fn=<DivBackward0>)
Memory status after this epoch: 
Memory allocated:  487.79541015625
Memory cached:  588.0
	 epoch  40 training error:  tensor(0.1123, device='cuda:0', grad_fn=<DivBackward0>)
Memory status after this epoch: 
Memory allocated:  487.79541015625
Memory cached:  588.0
	 epoch  50 training error:  tensor(0.1110, device='cuda:0', grad_fn=<DivBackward0>)
Memory status after this epoch: 
Memory allocated:  487.79541015625
Memory cached:  588.0
	 epoch  60 training error:  tensor(0.0985, device='cuda:0', grad_fn=<DivBackward0>)
Memory status after this epoch: 
Memory allocated:  487.79541015625
Memory cached:  588.0
	 epoch  70 training error:  tensor(0.0867, device='cuda:0', grad_fn=<DivBackward0>)
Memory status after this epoch: 
Memory allocated:  487.79541015625
Memory cached:  588.0
	 epoch  80 training error:  tensor(0.0855, device='cuda:0', grad_fn=<DivBackward0>)
Memory status after this epoch: 
Memory allocated:  487.79541015625
Memory cached:  588.0
	 epoch  90 training error:  tensor(0.0840, device='cuda:0', grad_fn=<DivBackward0>)
Memory status after this epoch: 
Memory allocated:  487.79541015625
Memory cached:  588.0
[I 2024-02-18 09:54:10,978] Trial 32 finished with value: 0.08567243069410324 and parameters: {'W_layers': 6, 'W_layer_units_exponent_0': 7, 'W_layer_units_exponent_1': 10, 'W_layer_units_exponent_2': 7, 'W_layer_units_exponent_3': 6, 'W_layer_units_exponent_4': 6, 'W_layer_units_exponent_5': 8, 'D_layers': 3, 'D_layer_units_exponent_0': 10, 'D_layer_units_exponent_1': 10, 'D_layer_units_exponent_2': 9, 'D_dagger_layers': 3, 'D_dagger_layer_units_exponent_0': 7, 'D_dagger_layer_units_exponent_1': 4, 'D_dagger_layer_units_exponent_2': 4, 'log_learning_rate': -2.118461794294377, 'log_learning_rate_D': -1.7106950406433228, 'log_learning_rate_D_dagger': -3.1285194161197016, 'training_batch_size': 8, 'training_p': 2}. Best is trial 26 with value: 0.0832114964723587.
Time for this trial:  24.51564359664917
Memory status after this trial: 
Memory allocated:  868.36279296875
Memory cached:  892.0
--------------------  Trial  33   --------------------
Start timing: 
Parameters: 
{'W_layers': 6, 'W_layer_units_exponent_0': 6, 'W_layer_units_exponent_1': 10, 'W_layer_units_exponent_2': 8, 'W_layer_units_exponent_3': 8, 'W_layer_units_exponent_4': 5, 'W_layer_units_exponent_5': 10, 'D_layers': 4, 'D_layer_units_exponent_0': 8, 'D_layer_units_exponent_1': 10, 'D_layer_units_exponent_2': 10, 'D_layer_units_exponent_3': 6, 'D_dagger_layers': 4, 'D_dagger_layer_units_exponent_0': 5, 'D_dagger_layer_units_exponent_1': 4, 'D_dagger_layer_units_exponent_2': 6, 'D_dagger_layer_units_exponent_3': 9, 'log_learning_rate': -1.7033647245631287, 'log_learning_rate_D': -2.152990180942715, 'log_learning_rate_D_dagger': -2.8040840802389146, 'training_batch_size': 7, 'training_p': 2}
	 epoch  0 training error:  tensor(44.0006, device='cuda:0', grad_fn=<DivBackward0>)
Memory status after this epoch: 
Memory allocated:  489.33837890625
Memory cached:  588.0
	 epoch  10 training error:  tensor(3.0111, device='cuda:0', grad_fn=<DivBackward0>)
Memory status after this epoch: 
Memory allocated:  489.33837890625
Memory cached:  592.0
	 epoch  20 training error:  tensor(0.2259, device='cuda:0', grad_fn=<DivBackward0>)
Memory status after this epoch: 
Memory allocated:  489.33837890625
Memory cached:  588.0
	 epoch  30 training error:  tensor(0.6596, device='cuda:0', grad_fn=<DivBackward0>)
Memory status after this epoch: 
Memory allocated:  489.33837890625
Memory cached:  588.0
	 epoch  40 training error:  tensor(0.1112, device='cuda:0', grad_fn=<DivBackward0>)
Memory status after this epoch: 
Memory allocated:  489.33837890625
Memory cached:  588.0
	 epoch  50 training error:  tensor(0.0867, device='cuda:0', grad_fn=<DivBackward0>)
Memory status after this epoch: 
Memory allocated:  489.33837890625
Memory cached:  592.0
	 epoch  60 training error:  tensor(0.0832, device='cuda:0', grad_fn=<DivBackward0>)
Memory status after this epoch: 
Memory allocated:  489.33837890625
Memory cached:  592.0
	 epoch  70 training error:  tensor(0.0849, device='cuda:0', grad_fn=<DivBackward0>)
Memory status after this epoch: 
Memory allocated:  489.33837890625
Memory cached:  588.0
	 epoch  80 training error:  tensor(0.0823, device='cuda:0', grad_fn=<DivBackward0>)
Memory status after this epoch: 
Memory allocated:  489.33837890625
Memory cached:  590.0
	 epoch  90 training error:  tensor(0.0822, device='cuda:0', grad_fn=<DivBackward0>)
Memory status after this epoch: 
Memory allocated:  489.33837890625
Memory cached:  588.0
[I 2024-02-18 09:54:40,320] Trial 33 finished with value: 0.08395963907241821 and parameters: {'W_layers': 6, 'W_layer_units_exponent_0': 6, 'W_layer_units_exponent_1': 10, 'W_layer_units_exponent_2': 8, 'W_layer_units_exponent_3': 8, 'W_layer_units_exponent_4': 5, 'W_layer_units_exponent_5': 10, 'D_layers': 4, 'D_layer_units_exponent_0': 8, 'D_layer_units_exponent_1': 10, 'D_layer_units_exponent_2': 10, 'D_layer_units_exponent_3': 6, 'D_dagger_layers': 4, 'D_dagger_layer_units_exponent_0': 5, 'D_dagger_layer_units_exponent_1': 4, 'D_dagger_layer_units_exponent_2': 6, 'D_dagger_layer_units_exponent_3': 9, 'log_learning_rate': -1.7033647245631287, 'log_learning_rate_D': -2.152990180942715, 'log_learning_rate_D_dagger': -2.8040840802389146, 'training_batch_size': 7, 'training_p': 2}. Best is trial 26 with value: 0.0832114964723587.
Time for this trial:  28.999579906463623
Memory status after this trial: 
Memory allocated:  1148.65087890625
Memory cached:  1180.0
--------------------  Trial  34   --------------------
Start timing: 
Parameters: 
{'W_layers': 5, 'W_layer_units_exponent_0': 6, 'W_layer_units_exponent_1': 10, 'W_layer_units_exponent_2': 8, 'W_layer_units_exponent_3': 8, 'W_layer_units_exponent_4': 4, 'D_layers': 4, 'D_layer_units_exponent_0': 9, 'D_layer_units_exponent_1': 10, 'D_layer_units_exponent_2': 10, 'D_layer_units_exponent_3': 6, 'D_dagger_layers': 4, 'D_dagger_layer_units_exponent_0': 9, 'D_dagger_layer_units_exponent_1': 4, 'D_dagger_layer_units_exponent_2': 6, 'D_dagger_layer_units_exponent_3': 9, 'log_learning_rate': -1.6122409105261855, 'log_learning_rate_D': -2.1331912939660875, 'log_learning_rate_D_dagger': -2.7673256214905946, 'training_batch_size': 7, 'training_p': 6}
	 epoch  0 training error:  tensor(11.1668, device='cuda:0', grad_fn=<DivBackward0>)
Memory status after this epoch: 
Memory allocated:  490.29833984375
Memory cached:  588.0
	 epoch  10 training error:  tensor(0.2095, device='cuda:0', grad_fn=<DivBackward0>)
Memory status after this epoch: 
Memory allocated:  490.29833984375
Memory cached:  588.0
	 epoch  20 training error:  tensor(0.1250, device='cuda:0', grad_fn=<DivBackward0>)
Memory status after this epoch: 
Memory allocated:  490.29833984375
Memory cached:  588.0
	 epoch  30 training error:  tensor(0.1339, device='cuda:0', grad_fn=<DivBackward0>)
Memory status after this epoch: 
Memory allocated:  490.29833984375
Memory cached:  588.0
	 epoch  40 training error:  tensor(0.1149, device='cuda:0', grad_fn=<DivBackward0>)
Memory status after this epoch: 
Memory allocated:  490.29833984375
Memory cached:  588.0
	 epoch  50 training error:  tensor(0.1268, device='cuda:0', grad_fn=<DivBackward0>)
Memory status after this epoch: 
Memory allocated:  490.29833984375
Memory cached:  588.0
	 epoch  60 training error:  tensor(0.1181, device='cuda:0', grad_fn=<DivBackward0>)
Memory status after this epoch: 
Memory allocated:  490.29833984375
Memory cached:  588.0
	 epoch  70 training error:  tensor(0.1186, device='cuda:0', grad_fn=<DivBackward0>)
Memory status after this epoch: 
Memory allocated:  490.29833984375
Memory cached:  588.0
	 epoch  80 training error:  tensor(0.1181, device='cuda:0', grad_fn=<DivBackward0>)
Memory status after this epoch: 
Memory allocated:  490.29833984375
Memory cached:  588.0
	 epoch  90 training error:  tensor(0.1160, device='cuda:0', grad_fn=<DivBackward0>)
Memory status after this epoch: 
Memory allocated:  490.29833984375
Memory cached:  588.0
[I 2024-02-18 09:55:08,231] Trial 34 finished with value: 0.10178804397583008 and parameters: {'W_layers': 5, 'W_layer_units_exponent_0': 6, 'W_layer_units_exponent_1': 10, 'W_layer_units_exponent_2': 8, 'W_layer_units_exponent_3': 8, 'W_layer_units_exponent_4': 4, 'D_layers': 4, 'D_layer_units_exponent_0': 9, 'D_layer_units_exponent_1': 10, 'D_layer_units_exponent_2': 10, 'D_layer_units_exponent_3': 6, 'D_dagger_layers': 4, 'D_dagger_layer_units_exponent_0': 9, 'D_dagger_layer_units_exponent_1': 4, 'D_dagger_layer_units_exponent_2': 6, 'D_dagger_layer_units_exponent_3': 9, 'log_learning_rate': -1.6122409105261855, 'log_learning_rate_D': -2.1331912939660875, 'log_learning_rate_D_dagger': -2.7673256214905946, 'training_batch_size': 7, 'training_p': 6}. Best is trial 26 with value: 0.0832114964723587.
Time for this trial:  27.592862844467163
Memory status after this trial: 
Memory allocated:  1057.20849609375
Memory cached:  1092.0
--------------------  Trial  35   --------------------
Start timing: 
Parameters: 
{'W_layers': 6, 'W_layer_units_exponent_0': 6, 'W_layer_units_exponent_1': 10, 'W_layer_units_exponent_2': 8, 'W_layer_units_exponent_3': 6, 'W_layer_units_exponent_4': 6, 'W_layer_units_exponent_5': 10, 'D_layers': 2, 'D_layer_units_exponent_0': 9, 'D_layer_units_exponent_1': 9, 'D_dagger_layers': 3, 'D_dagger_layer_units_exponent_0': 8, 'D_dagger_layer_units_exponent_1': 4, 'D_dagger_layer_units_exponent_2': 7, 'log_learning_rate': -1.293005495887631, 'log_learning_rate_D': -1.8279825961203071, 'log_learning_rate_D_dagger': -3.2027202343516676, 'training_batch_size': 7, 'training_p': 3}
	 epoch  0 training error:  tensor(679.2104, device='cuda:0', grad_fn=<DivBackward0>)
Memory status after this epoch: 
Memory allocated:  483.95556640625
Memory cached:  588.0
	 epoch  10 training error:  tensor(208.6759, device='cuda:0', grad_fn=<DivBackward0>)
Memory status after this epoch: 
Memory allocated:  483.95556640625
Memory cached:  590.0
	 epoch  20 training error:  tensor(3.7467, device='cuda:0', grad_fn=<DivBackward0>)
Memory status after this epoch: 
Memory allocated:  483.95556640625
Memory cached:  590.0
	 epoch  30 training error:  tensor(0.4132, device='cuda:0', grad_fn=<DivBackward0>)
Memory status after this epoch: 
Memory allocated:  483.95556640625
Memory cached:  590.0
	 epoch  40 training error:  tensor(0.1303, device='cuda:0', grad_fn=<DivBackward0>)
Memory status after this epoch: 
Memory allocated:  483.95556640625
Memory cached:  590.0
	 epoch  50 training error:  tensor(0.1104, device='cuda:0', grad_fn=<DivBackward0>)
Memory status after this epoch: 
Memory allocated:  483.95556640625
Memory cached:  590.0
	 epoch  60 training error:  tensor(0.1005, device='cuda:0', grad_fn=<DivBackward0>)
Memory status after this epoch: 
Memory allocated:  483.95556640625
Memory cached:  590.0
	 epoch  70 training error:  tensor(0.0999, device='cuda:0', grad_fn=<DivBackward0>)
Memory status after this epoch: 
Memory allocated:  483.95556640625
Memory cached:  590.0
	 epoch  80 training error:  tensor(0.0988, device='cuda:0', grad_fn=<DivBackward0>)
Memory status after this epoch: 
Memory allocated:  483.95556640625
Memory cached:  590.0
	 epoch  90 training error:  tensor(0.1010, device='cuda:0', grad_fn=<DivBackward0>)
Memory status after this epoch: 
Memory allocated:  483.95556640625
Memory cached:  590.0
[I 2024-02-18 09:55:35,733] Trial 35 finished with value: 0.08831006288528442 and parameters: {'W_layers': 6, 'W_layer_units_exponent_0': 6, 'W_layer_units_exponent_1': 10, 'W_layer_units_exponent_2': 8, 'W_layer_units_exponent_3': 6, 'W_layer_units_exponent_4': 6, 'W_layer_units_exponent_5': 10, 'D_layers': 2, 'D_layer_units_exponent_0': 9, 'D_layer_units_exponent_1': 9, 'D_dagger_layers': 3, 'D_dagger_layer_units_exponent_0': 8, 'D_dagger_layer_units_exponent_1': 4, 'D_dagger_layer_units_exponent_2': 7, 'log_learning_rate': -1.293005495887631, 'log_learning_rate_D': -1.8279825961203071, 'log_learning_rate_D_dagger': -3.2027202343516676, 'training_batch_size': 7, 'training_p': 3}. Best is trial 26 with value: 0.0832114964723587.
Time for this trial:  27.175760507583618
Memory status after this trial: 
Memory allocated:  1077.21142578125
Memory cached:  1110.0
--------------------  Trial  36   --------------------
Start timing: 
Parameters: 
{'W_layers': 5, 'W_layer_units_exponent_0': 5, 'W_layer_units_exponent_1': 10, 'W_layer_units_exponent_2': 9, 'W_layer_units_exponent_3': 8, 'W_layer_units_exponent_4': 5, 'D_layers': 3, 'D_layer_units_exponent_0': 10, 'D_layer_units_exponent_1': 10, 'D_layer_units_exponent_2': 10, 'D_dagger_layers': 4, 'D_dagger_layer_units_exponent_0': 4, 'D_dagger_layer_units_exponent_1': 5, 'D_dagger_layer_units_exponent_2': 6, 'D_dagger_layer_units_exponent_3': 10, 'log_learning_rate': -2.0141643912097815, 'log_learning_rate_D': -1.402279625453019, 'log_learning_rate_D_dagger': -3.0627722630276466, 'training_batch_size': 6, 'training_p': 2}
	 epoch  0 training error:  tensor(5.7713, device='cuda:0', grad_fn=<DivBackward0>)
Memory status after this epoch: 
Memory allocated:  497.35009765625
Memory cached:  624.0
	 epoch  10 training error:  tensor(0.1105, device='cuda:0', grad_fn=<DivBackward0>)
Memory status after this epoch: 
Memory allocated:  497.35009765625
Memory cached:  624.0
	 epoch  20 training error:  tensor(0.0881, device='cuda:0', grad_fn=<DivBackward0>)
Memory status after this epoch: 
Memory allocated:  497.35009765625
Memory cached:  624.0
	 epoch  30 training error:  tensor(0.0857, device='cuda:0', grad_fn=<DivBackward0>)
Memory status after this epoch: 
Memory allocated:  497.35009765625
Memory cached:  626.0
	 epoch  40 training error:  tensor(0.0843, device='cuda:0', grad_fn=<DivBackward0>)
Memory status after this epoch: 
Memory allocated:  497.35009765625
Memory cached:  624.0
	 epoch  50 training error:  tensor(0.0860, device='cuda:0', grad_fn=<DivBackward0>)
Memory status after this epoch: 
Memory allocated:  497.35009765625
Memory cached:  624.0
	 epoch  60 training error:  tensor(0.0841, device='cuda:0', grad_fn=<DivBackward0>)
Memory status after this epoch: 
Memory allocated:  497.35009765625
Memory cached:  624.0
	 epoch  70 training error:  tensor(0.0832, device='cuda:0', grad_fn=<DivBackward0>)
Memory status after this epoch: 
Memory allocated:  497.35009765625
Memory cached:  626.0
	 epoch  80 training error:  tensor(0.0834, device='cuda:0', grad_fn=<DivBackward0>)
Memory status after this epoch: 
Memory allocated:  497.35009765625
Memory cached:  624.0
	 epoch  90 training error:  tensor(0.0825, device='cuda:0', grad_fn=<DivBackward0>)
Memory status after this epoch: 
Memory allocated:  497.35009765625
Memory cached:  624.0
