[I 2023-12-05 02:17:47,403] Trial 39 finished with value: 0.5506278276443481 and parameters: {'W_layers': 5, 'W_layer_units_exponent_0': 8, 'W_layer_units_exponent_1': 9, 'W_layer_units_exponent_2': 4, 'W_layer_units_exponent_3': 7, 'W_layer_units_exponent_4': 8, 'D_layers': 2, 'D_layer_units_exponent_0': 8, 'D_layer_units_exponent_1': 7, 'log_learning_rate': -3.2482114368935195, 'log_learning_rate_D': -1.249365465427947, 'training_batch_size': 10, 'training_p': 3}. Best is trial 36 with value: 0.5074478983879089.
Time for this trial:  14.133259534835815
Memory status after this trial: 
Memory allocated:  66.83544921875
Memory cached:  84.0
--------------------  Trial  40   --------------------
Start timing: 
Parameters: 
{'W_layers': 6, 'W_layer_units_exponent_0': 7, 'W_layer_units_exponent_1': 10, 'W_layer_units_exponent_2': 6, 'W_layer_units_exponent_3': 9, 'W_layer_units_exponent_4': 9, 'W_layer_units_exponent_5': 7, 'D_layers': 3, 'D_layer_units_exponent_0': 7, 'D_layer_units_exponent_1': 9, 'D_layer_units_exponent_2': 8, 'log_learning_rate': -2.2228150044615185, 'log_learning_rate_D': -1.6533596165149098, 'training_batch_size': 9, 'training_p': 2}
	 epoch  0 training error:  tensor(1.0619, device='cuda:0', grad_fn=<DivBackward0>)
Memory status after this epoch: 
Memory allocated:  47.953125
Memory cached:  84.0
	 epoch  10 training error:  tensor(1.0958, device='cuda:0', grad_fn=<DivBackward0>)
Memory status after this epoch: 
Memory allocated:  47.953125
Memory cached:  84.0
	 epoch  20 training error:  tensor(0.7147, device='cuda:0', grad_fn=<DivBackward0>)
Memory status after this epoch: 
Memory allocated:  47.953125
Memory cached:  84.0
	 epoch  30 training error:  tensor(0.7027, device='cuda:0', grad_fn=<DivBackward0>)
Memory status after this epoch: 
Memory allocated:  47.953125
Memory cached:  84.0
	 epoch  40 training error:  tensor(0.5778, device='cuda:0', grad_fn=<DivBackward0>)
Memory status after this epoch: 
Memory allocated:  47.953125
Memory cached:  84.0
	 epoch  50 training error:  tensor(0.9012, device='cuda:0', grad_fn=<DivBackward0>)
Memory status after this epoch: 
Memory allocated:  47.953125
Memory cached:  84.0
	 epoch  60 training error:  tensor(0.8472, device='cuda:0', grad_fn=<DivBackward0>)
Memory status after this epoch: 
Memory allocated:  47.953125
Memory cached:  84.0
	 epoch  70 training error:  tensor(0.7773, device='cuda:0', grad_fn=<DivBackward0>)
Memory status after this epoch: 
Memory allocated:  47.953125
Memory cached:  84.0
	 epoch  80 training error:  tensor(0.7677, device='cuda:0', grad_fn=<DivBackward0>)
Memory status after this epoch: 
Memory allocated:  47.953125
Memory cached:  84.0
	 epoch  90 training error:  tensor(0.7440, device='cuda:0', grad_fn=<DivBackward0>)
Memory status after this epoch: 
Memory allocated:  47.953125
Memory cached:  84.0
[I 2023-12-05 02:18:02,806] Trial 40 finished with value: 0.6928747296333313 and parameters: {'W_layers': 6, 'W_layer_units_exponent_0': 7, 'W_layer_units_exponent_1': 10, 'W_layer_units_exponent_2': 6, 'W_layer_units_exponent_3': 9, 'W_layer_units_exponent_4': 9, 'W_layer_units_exponent_5': 7, 'D_layers': 3, 'D_layer_units_exponent_0': 7, 'D_layer_units_exponent_1': 9, 'D_layer_units_exponent_2': 8, 'log_learning_rate': -2.2228150044615185, 'log_learning_rate_D': -1.6533596165149098, 'training_batch_size': 9, 'training_p': 2}. Best is trial 36 with value: 0.5074478983879089.
Time for this trial:  15.226432085037231
Memory status after this trial: 
Memory allocated:  97.69775390625
Memory cached:  106.0
--------------------  Trial  41   --------------------
Start timing: 
Parameters: 
{'W_layers': 7, 'W_layer_units_exponent_0': 6, 'W_layer_units_exponent_1': 4, 'W_layer_units_exponent_2': 7, 'W_layer_units_exponent_3': 9, 'W_layer_units_exponent_4': 10, 'W_layer_units_exponent_5': 9, 'W_layer_units_exponent_6': 5, 'D_layers': 4, 'D_layer_units_exponent_0': 9, 'D_layer_units_exponent_1': 9, 'D_layer_units_exponent_2': 9, 'D_layer_units_exponent_3': 9, 'log_learning_rate': -2.6509663757425095, 'log_learning_rate_D': -2.1855014094119656, 'training_batch_size': 12, 'training_p': 2}
	 epoch  0 training error:  tensor(1.1015, device='cuda:0', grad_fn=<DivBackward0>)
Memory status after this epoch: 
Memory allocated:  59.38232421875
Memory cached:  104.0
	 epoch  10 training error:  tensor(0.8222, device='cuda:0', grad_fn=<DivBackward0>)
Memory status after this epoch: 
Memory allocated:  59.38232421875
Memory cached:  104.0
	 epoch  20 training error:  tensor(0.7204, device='cuda:0', grad_fn=<DivBackward0>)
Memory status after this epoch: 
Memory allocated:  59.38232421875
Memory cached:  104.0
	 epoch  30 training error:  tensor(0.6930, device='cuda:0', grad_fn=<DivBackward0>)
Memory status after this epoch: 
Memory allocated:  59.38232421875
Memory cached:  104.0
	 epoch  40 training error:  tensor(0.7428, device='cuda:0', grad_fn=<DivBackward0>)
Memory status after this epoch: 
Memory allocated:  59.38232421875
Memory cached:  104.0
	 epoch  50 training error:  tensor(0.6192, device='cuda:0', grad_fn=<DivBackward0>)
Memory status after this epoch: 
Memory allocated:  59.38232421875
Memory cached:  104.0
	 epoch  60 training error:  tensor(0.5724, device='cuda:0', grad_fn=<DivBackward0>)
Memory status after this epoch: 
Memory allocated:  59.38232421875
Memory cached:  104.0
	 epoch  70 training error:  tensor(0.5719, device='cuda:0', grad_fn=<DivBackward0>)
Memory status after this epoch: 
Memory allocated:  59.38232421875
Memory cached:  104.0
	 epoch  80 training error:  tensor(0.5700, device='cuda:0', grad_fn=<DivBackward0>)
Memory status after this epoch: 
Memory allocated:  59.38232421875
Memory cached:  104.0
	 epoch  90 training error:  tensor(0.5684, device='cuda:0', grad_fn=<DivBackward0>)
Memory status after this epoch: 
Memory allocated:  59.38232421875
Memory cached:  104.0
[I 2023-12-05 02:18:18,251] Trial 41 finished with value: 0.5111488699913025 and parameters: {'W_layers': 7, 'W_layer_units_exponent_0': 6, 'W_layer_units_exponent_1': 4, 'W_layer_units_exponent_2': 7, 'W_layer_units_exponent_3': 9, 'W_layer_units_exponent_4': 10, 'W_layer_units_exponent_5': 9, 'W_layer_units_exponent_6': 5, 'D_layers': 4, 'D_layer_units_exponent_0': 9, 'D_layer_units_exponent_1': 9, 'D_layer_units_exponent_2': 9, 'D_layer_units_exponent_3': 9, 'log_learning_rate': -2.6509663757425095, 'log_learning_rate_D': -2.1855014094119656, 'training_batch_size': 12, 'training_p': 2}. Best is trial 36 with value: 0.5074478983879089.
Time for this trial:  15.273704051971436
Memory status after this trial: 
Memory allocated:  100.54638671875
Memory cached:  124.0
--------------------  Trial  42   --------------------
Start timing: 
Parameters: 
{'W_layers': 7, 'W_layer_units_exponent_0': 7, 'W_layer_units_exponent_1': 5, 'W_layer_units_exponent_2': 9, 'W_layer_units_exponent_3': 8, 'W_layer_units_exponent_4': 10, 'W_layer_units_exponent_5': 7, 'W_layer_units_exponent_6': 8, 'D_layers': 3, 'D_layer_units_exponent_0': 8, 'D_layer_units_exponent_1': 10, 'D_layer_units_exponent_2': 10, 'log_learning_rate': -1.9582370584758335, 'log_learning_rate_D': -2.8982646268619483, 'training_batch_size': 10, 'training_p': 2}
	 epoch  0 training error:  tensor(1.0090, device='cuda:0', grad_fn=<DivBackward0>)
Memory status after this epoch: 
Memory allocated:  52.52392578125
Memory cached:  84.0
	 epoch  10 training error:  tensor(5.7686, device='cuda:0', grad_fn=<DivBackward0>)
Memory status after this epoch: 
Memory allocated:  52.52392578125
Memory cached:  84.0
	 epoch  20 training error:  tensor(1.8072, device='cuda:0', grad_fn=<DivBackward0>)
Memory status after this epoch: 
Memory allocated:  52.52392578125
Memory cached:  84.0
	 epoch  30 training error:  tensor(5.8367, device='cuda:0', grad_fn=<DivBackward0>)
Memory status after this epoch: 
Memory allocated:  52.52392578125
Memory cached:  84.0
	 epoch  40 training error:  tensor(5.6199, device='cuda:0', grad_fn=<DivBackward0>)
Memory status after this epoch: 
Memory allocated:  52.52392578125
Memory cached:  84.0
	 epoch  50 training error:  tensor(1.0758, device='cuda:0', grad_fn=<DivBackward0>)
Memory status after this epoch: 
Memory allocated:  52.52392578125
Memory cached:  84.0
	 epoch  60 training error:  tensor(0.7476, device='cuda:0', grad_fn=<DivBackward0>)
Memory status after this epoch: 
Memory allocated:  52.52392578125
Memory cached:  84.0
	 epoch  70 training error:  tensor(0.7001, device='cuda:0', grad_fn=<DivBackward0>)
Memory status after this epoch: 
Memory allocated:  52.52392578125
Memory cached:  84.0
	 epoch  80 training error:  tensor(0.6880, device='cuda:0', grad_fn=<DivBackward0>)
Memory status after this epoch: 
Memory allocated:  52.52392578125
Memory cached:  84.0
	 epoch  90 training error:  tensor(0.6241, device='cuda:0', grad_fn=<DivBackward0>)
Memory status after this epoch: 
Memory allocated:  52.52392578125
Memory cached:  84.0
[I 2023-12-05 02:18:33,642] Trial 42 finished with value: 0.6212538480758667 and parameters: {'W_layers': 7, 'W_layer_units_exponent_0': 7, 'W_layer_units_exponent_1': 5, 'W_layer_units_exponent_2': 9, 'W_layer_units_exponent_3': 8, 'W_layer_units_exponent_4': 10, 'W_layer_units_exponent_5': 7, 'W_layer_units_exponent_6': 8, 'D_layers': 3, 'D_layer_units_exponent_0': 8, 'D_layer_units_exponent_1': 10, 'D_layer_units_exponent_2': 10, 'log_learning_rate': -1.9582370584758335, 'log_learning_rate_D': -2.8982646268619483, 'training_batch_size': 10, 'training_p': 2}. Best is trial 36 with value: 0.5074478983879089.
Time for this trial:  15.212734699249268
Memory status after this trial: 
Memory allocated:  97.49755859375
Memory cached:  128.0
--------------------  Trial  43   --------------------
Start timing: 
Parameters: 
{'W_layers': 7, 'W_layer_units_exponent_0': 6, 'W_layer_units_exponent_1': 4, 'W_layer_units_exponent_2': 6, 'W_layer_units_exponent_3': 9, 'W_layer_units_exponent_4': 9, 'W_layer_units_exponent_5': 6, 'W_layer_units_exponent_6': 4, 'D_layers': 4, 'D_layer_units_exponent_0': 9, 'D_layer_units_exponent_1': 10, 'D_layer_units_exponent_2': 9, 'D_layer_units_exponent_3': 8, 'log_learning_rate': -3.090940642575175, 'log_learning_rate_D': -1.826083384648469, 'training_batch_size': 9, 'training_p': 3}
	 epoch  0 training error:  tensor(0.9704, device='cuda:0', grad_fn=<DivBackward0>)
Memory status after this epoch: 
Memory allocated:  48.24462890625
Memory cached:  84.0
	 epoch  10 training error:  tensor(0.7920, device='cuda:0', grad_fn=<DivBackward0>)
Memory status after this epoch: 
Memory allocated:  48.24462890625
Memory cached:  84.0
	 epoch  20 training error:  tensor(0.7892, device='cuda:0', grad_fn=<DivBackward0>)
Memory status after this epoch: 
Memory allocated:  48.24462890625
Memory cached:  84.0
	 epoch  30 training error:  tensor(0.7759, device='cuda:0', grad_fn=<DivBackward0>)
Memory status after this epoch: 
Memory allocated:  48.24462890625
Memory cached:  84.0
	 epoch  40 training error:  tensor(0.7139, device='cuda:0', grad_fn=<DivBackward0>)
Memory status after this epoch: 
Memory allocated:  48.24462890625
Memory cached:  84.0
	 epoch  50 training error:  tensor(0.6452, device='cuda:0', grad_fn=<DivBackward0>)
Memory status after this epoch: 
Memory allocated:  48.24462890625
Memory cached:  84.0
	 epoch  60 training error:  tensor(0.6300, device='cuda:0', grad_fn=<DivBackward0>)
Memory status after this epoch: 
Memory allocated:  48.24462890625
Memory cached:  84.0
	 epoch  70 training error:  tensor(0.6271, device='cuda:0', grad_fn=<DivBackward0>)
Memory status after this epoch: 
Memory allocated:  48.24462890625
Memory cached:  84.0
	 epoch  80 training error:  tensor(0.6252, device='cuda:0', grad_fn=<DivBackward0>)
Memory status after this epoch: 
Memory allocated:  48.24462890625
Memory cached:  84.0
	 epoch  90 training error:  tensor(0.6246, device='cuda:0', grad_fn=<DivBackward0>)
Memory status after this epoch: 
Memory allocated:  48.24462890625
Memory cached:  84.0
[I 2023-12-05 02:18:48,403] Trial 43 finished with value: 0.5504127144813538 and parameters: {'W_layers': 7, 'W_layer_units_exponent_0': 6, 'W_layer_units_exponent_1': 4, 'W_layer_units_exponent_2': 6, 'W_layer_units_exponent_3': 9, 'W_layer_units_exponent_4': 9, 'W_layer_units_exponent_5': 6, 'W_layer_units_exponent_6': 4, 'D_layers': 4, 'D_layer_units_exponent_0': 9, 'D_layer_units_exponent_1': 10, 'D_layer_units_exponent_2': 9, 'D_layer_units_exponent_3': 8, 'log_learning_rate': -3.090940642575175, 'log_learning_rate_D': -1.826083384648469, 'training_batch_size': 9, 'training_p': 3}. Best is trial 36 with value: 0.5074478983879089.
Time for this trial:  14.584140539169312
Memory status after this trial: 
Memory allocated:  69.76708984375
Memory cached:  104.0
--------------------  Trial  44   --------------------
Start timing: 
Parameters: 
{'W_layers': 6, 'W_layer_units_exponent_0': 9, 'W_layer_units_exponent_1': 5, 'W_layer_units_exponent_2': 7, 'W_layer_units_exponent_3': 10, 'W_layer_units_exponent_4': 6, 'W_layer_units_exponent_5': 8, 'D_layers': 5, 'D_layer_units_exponent_0': 10, 'D_layer_units_exponent_1': 9, 'D_layer_units_exponent_2': 10, 'D_layer_units_exponent_3': 6, 'D_layer_units_exponent_4': 4, 'log_learning_rate': -2.516434810590467, 'log_learning_rate_D': -2.5426191204172364, 'training_batch_size': 7, 'training_p': 2}
	 epoch  0 training error:  tensor(1.0079, device='cuda:0', grad_fn=<DivBackward0>)
Memory status after this epoch: 
Memory allocated:  46.54345703125
Memory cached:  84.0
	 epoch  10 training error:  tensor(0.7764, device='cuda:0', grad_fn=<DivBackward0>)
Memory status after this epoch: 
Memory allocated:  46.54345703125
Memory cached:  84.0
	 epoch  20 training error:  tensor(0.7351, device='cuda:0', grad_fn=<DivBackward0>)
Memory status after this epoch: 
Memory allocated:  46.54345703125
Memory cached:  84.0
	 epoch  30 training error:  tensor(0.6001, device='cuda:0', grad_fn=<DivBackward0>)
Memory status after this epoch: 
Memory allocated:  46.54345703125
Memory cached:  84.0
	 epoch  40 training error:  tensor(0.5978, device='cuda:0', grad_fn=<DivBackward0>)
Memory status after this epoch: 
Memory allocated:  46.54345703125
Memory cached:  84.0
	 epoch  50 training error:  tensor(0.5765, device='cuda:0', grad_fn=<DivBackward0>)
Memory status after this epoch: 
Memory allocated:  46.54345703125
Memory cached:  84.0
	 epoch  60 training error:  tensor(0.5720, device='cuda:0', grad_fn=<DivBackward0>)
Memory status after this epoch: 
Memory allocated:  46.54345703125
Memory cached:  84.0
	 epoch  70 training error:  tensor(0.5692, device='cuda:0', grad_fn=<DivBackward0>)
Memory status after this epoch: 
Memory allocated:  46.54345703125
Memory cached:  84.0
	 epoch  80 training error:  tensor(0.5685, device='cuda:0', grad_fn=<DivBackward0>)
Memory status after this epoch: 
Memory allocated:  46.54345703125
Memory cached:  84.0
	 epoch  90 training error:  tensor(0.5682, device='cuda:0', grad_fn=<DivBackward0>)
Memory status after this epoch: 
Memory allocated:  46.54345703125
Memory cached:  84.0
[I 2023-12-05 02:19:03,546] Trial 44 finished with value: 0.5099712610244751 and parameters: {'W_layers': 6, 'W_layer_units_exponent_0': 9, 'W_layer_units_exponent_1': 5, 'W_layer_units_exponent_2': 7, 'W_layer_units_exponent_3': 10, 'W_layer_units_exponent_4': 6, 'W_layer_units_exponent_5': 8, 'D_layers': 5, 'D_layer_units_exponent_0': 10, 'D_layer_units_exponent_1': 9, 'D_layer_units_exponent_2': 10, 'D_layer_units_exponent_3': 6, 'D_layer_units_exponent_4': 4, 'log_learning_rate': -2.516434810590467, 'log_learning_rate_D': -2.5426191204172364, 'training_batch_size': 7, 'training_p': 2}. Best is trial 36 with value: 0.5074478983879089.
Time for this trial:  14.956970930099487
Memory status after this trial: 
Memory allocated:  87.13037109375
Memory cached:  104.0
--------------------  Trial  45   --------------------
Start timing: 
Parameters: 
{'W_layers': 5, 'W_layer_units_exponent_0': 9, 'W_layer_units_exponent_1': 6, 'W_layer_units_exponent_2': 7, 'W_layer_units_exponent_3': 10, 'W_layer_units_exponent_4': 6, 'D_layers': 6, 'D_layer_units_exponent_0': 10, 'D_layer_units_exponent_1': 8, 'D_layer_units_exponent_2': 7, 'D_layer_units_exponent_3': 6, 'D_layer_units_exponent_4': 4, 'D_layer_units_exponent_5': 8, 'log_learning_rate': -2.8019958035096026, 'log_learning_rate_D': -2.596526533966362, 'training_batch_size': 11, 'training_p': 6}
	 epoch  0 training error:  tensor(1.0437, device='cuda:0', grad_fn=<DivBackward0>)
Memory status after this epoch: 
Memory allocated:  43.5185546875
Memory cached:  84.0
	 epoch  10 training error:  tensor(0.8585, device='cuda:0', grad_fn=<DivBackward0>)
Memory status after this epoch: 
Memory allocated:  43.5185546875
Memory cached:  84.0
	 epoch  20 training error:  tensor(0.8224, device='cuda:0', grad_fn=<DivBackward0>)
Memory status after this epoch: 
Memory allocated:  43.5185546875
Memory cached:  84.0
	 epoch  30 training error:  tensor(0.7731, device='cuda:0', grad_fn=<DivBackward0>)
Memory status after this epoch: 
Memory allocated:  43.5185546875
Memory cached:  84.0
	 epoch  40 training error:  tensor(0.7148, device='cuda:0', grad_fn=<DivBackward0>)
Memory status after this epoch: 
Memory allocated:  43.5185546875
Memory cached:  84.0
	 epoch  50 training error:  tensor(0.6672, device='cuda:0', grad_fn=<DivBackward0>)
Memory status after this epoch: 
Memory allocated:  43.5185546875
Memory cached:  84.0
	 epoch  60 training error:  tensor(0.6696, device='cuda:0', grad_fn=<DivBackward0>)
Memory status after this epoch: 
Memory allocated:  43.5185546875
Memory cached:  84.0
	 epoch  70 training error:  tensor(0.6693, device='cuda:0', grad_fn=<DivBackward0>)
Memory status after this epoch: 
Memory allocated:  43.5185546875
Memory cached:  84.0
	 epoch  80 training error:  tensor(0.6672, device='cuda:0', grad_fn=<DivBackward0>)
Memory status after this epoch: 
Memory allocated:  43.5185546875
Memory cached:  84.0
	 epoch  90 training error:  tensor(0.6672, device='cuda:0', grad_fn=<DivBackward0>)
Memory status after this epoch: 
Memory allocated:  43.5185546875
Memory cached:  84.0
[I 2023-12-05 02:19:18,426] Trial 45 finished with value: 0.6735812425613403 and parameters: {'W_layers': 5, 'W_layer_units_exponent_0': 9, 'W_layer_units_exponent_1': 6, 'W_layer_units_exponent_2': 7, 'W_layer_units_exponent_3': 10, 'W_layer_units_exponent_4': 6, 'D_layers': 6, 'D_layer_units_exponent_0': 10, 'D_layer_units_exponent_1': 8, 'D_layer_units_exponent_2': 7, 'D_layer_units_exponent_3': 6, 'D_layer_units_exponent_4': 4, 'D_layer_units_exponent_5': 8, 'log_learning_rate': -2.8019958035096026, 'log_learning_rate_D': -2.596526533966362, 'training_batch_size': 11, 'training_p': 6}. Best is trial 36 with value: 0.5074478983879089.
Time for this trial:  14.69169020652771
Memory status after this trial: 
Memory allocated:  81.51611328125
Memory cached:  104.0
--------------------  Trial  46   --------------------
Start timing: 
Parameters: 
{'W_layers': 6, 'W_layer_units_exponent_0': 10, 'W_layer_units_exponent_1': 5, 'W_layer_units_exponent_2': 5, 'W_layer_units_exponent_3': 10, 'W_layer_units_exponent_4': 6, 'W_layer_units_exponent_5': 9, 'D_layers': 5, 'D_layer_units_exponent_0': 10, 'D_layer_units_exponent_1': 9, 'D_layer_units_exponent_2': 9, 'D_layer_units_exponent_3': 6, 'D_layer_units_exponent_4': 5, 'log_learning_rate': -3.512007658639222, 'log_learning_rate_D': -1.2005121396431475, 'training_batch_size': 10, 'training_p': 3}
	 epoch  0 training error:  tensor(0.9862, device='cuda:0', grad_fn=<DivBackward0>)
Memory status after this epoch: 
Memory allocated:  44.40478515625
Memory cached:  84.0
	 epoch  10 training error:  tensor(0.8249, device='cuda:0', grad_fn=<DivBackward0>)
Memory status after this epoch: 
Memory allocated:  44.40478515625
Memory cached:  84.0
	 epoch  20 training error:  tensor(0.7825, device='cuda:0', grad_fn=<DivBackward0>)
Memory status after this epoch: 
Memory allocated:  44.40478515625
Memory cached:  84.0
	 epoch  30 training error:  tensor(0.7529, device='cuda:0', grad_fn=<DivBackward0>)
Memory status after this epoch: 
Memory allocated:  44.40478515625
Memory cached:  84.0
	 epoch  40 training error:  tensor(0.7069, device='cuda:0', grad_fn=<DivBackward0>)
Memory status after this epoch: 
Memory allocated:  44.40478515625
Memory cached:  84.0
	 epoch  50 training error:  tensor(0.6316, device='cuda:0', grad_fn=<DivBackward0>)
Memory status after this epoch: 
Memory allocated:  44.40478515625
Memory cached:  84.0
	 epoch  60 training error:  tensor(0.6409, device='cuda:0', grad_fn=<DivBackward0>)
Memory status after this epoch: 
Memory allocated:  44.40478515625
Memory cached:  84.0
	 epoch  70 training error:  tensor(0.6279, device='cuda:0', grad_fn=<DivBackward0>)
Memory status after this epoch: 
Memory allocated:  44.40478515625
Memory cached:  84.0
	 epoch  80 training error:  tensor(0.6258, device='cuda:0', grad_fn=<DivBackward0>)
Memory status after this epoch: 
Memory allocated:  44.40478515625
Memory cached:  84.0
	 epoch  90 training error:  tensor(0.6248, device='cuda:0', grad_fn=<DivBackward0>)
Memory status after this epoch: 
Memory allocated:  44.40478515625
Memory cached:  84.0
