[I 2024-01-13 15:26:01,502] Trial 180 finished with value: 0.28893184661865234 and parameters: {'W_layers': 8, 'W_layer_units_exponent_0': 10, 'W_layer_units_exponent_1': 10, 'W_layer_units_exponent_2': 7, 'W_layer_units_exponent_3': 9, 'W_layer_units_exponent_4': 5, 'W_layer_units_exponent_5': 8, 'W_layer_units_exponent_6': 5, 'W_layer_units_exponent_7': 7, 'D_layers': 3, 'D_layer_units_exponent_0': 8, 'D_layer_units_exponent_1': 7, 'D_layer_units_exponent_2': 7, 'D_dagger_layers': 7, 'D_dagger_layer_units_exponent_0': 10, 'D_dagger_layer_units_exponent_1': 7, 'D_dagger_layer_units_exponent_2': 9, 'D_dagger_layer_units_exponent_3': 6, 'D_dagger_layer_units_exponent_4': 4, 'D_dagger_layer_units_exponent_5': 5, 'D_dagger_layer_units_exponent_6': 10, 'log_learning_rate': -3.9983493611934184, 'log_learning_rate_D': -4.050556217539914, 'log_learning_rate_D_dagger': -2.872564846231469, 'training_batch_size': 11, 'training_p': 2}. Best is trial 127 with value: 0.28608080744743347.
Time for this trial:  24.348257541656494
Memory status after this trial: 
Memory allocated:  1285.80615234375
Memory cached:  1310.0
--------------------  Trial  181   --------------------
Start timing: 
Parameters: 
{'W_layers': 8, 'W_layer_units_exponent_0': 8, 'W_layer_units_exponent_1': 10, 'W_layer_units_exponent_2': 7, 'W_layer_units_exponent_3': 9, 'W_layer_units_exponent_4': 4, 'W_layer_units_exponent_5': 8, 'W_layer_units_exponent_6': 5, 'W_layer_units_exponent_7': 7, 'D_layers': 3, 'D_layer_units_exponent_0': 7, 'D_layer_units_exponent_1': 10, 'D_layer_units_exponent_2': 8, 'D_dagger_layers': 8, 'D_dagger_layer_units_exponent_0': 10, 'D_dagger_layer_units_exponent_1': 7, 'D_dagger_layer_units_exponent_2': 9, 'D_dagger_layer_units_exponent_3': 6, 'D_dagger_layer_units_exponent_4': 4, 'D_dagger_layer_units_exponent_5': 5, 'D_dagger_layer_units_exponent_6': 10, 'D_dagger_layer_units_exponent_7': 6, 'log_learning_rate': -4.6891656440613225, 'log_learning_rate_D': -3.336370687325147, 'log_learning_rate_D_dagger': -3.1223272913980837, 'training_batch_size': 11, 'training_p': 2}
	 epoch  0 training error:  tensor(1.0010, device='cuda:0', grad_fn=<DivBackward0>)
Memory status after this epoch: 
Memory allocated:  657.3740234375
Memory cached:  874.0
	 epoch  10 training error:  tensor(0.3820, device='cuda:0', grad_fn=<DivBackward0>)
Memory status after this epoch: 
Memory allocated:  657.3740234375
Memory cached:  874.0
	 epoch  20 training error:  tensor(0.2961, device='cuda:0', grad_fn=<DivBackward0>)
Memory status after this epoch: 
Memory allocated:  657.3740234375
Memory cached:  874.0
	 epoch  30 training error:  tensor(0.2910, device='cuda:0', grad_fn=<DivBackward0>)
Memory status after this epoch: 
Memory allocated:  657.3740234375
Memory cached:  874.0
	 epoch  40 training error:  tensor(0.2952, device='cuda:0', grad_fn=<DivBackward0>)
Memory status after this epoch: 
Memory allocated:  657.3740234375
Memory cached:  874.0
	 epoch  50 training error:  tensor(0.2969, device='cuda:0', grad_fn=<DivBackward0>)
Memory status after this epoch: 
Memory allocated:  657.3740234375
Memory cached:  874.0
	 epoch  60 training error:  tensor(0.3154, device='cuda:0', grad_fn=<DivBackward0>)
Memory status after this epoch: 
Memory allocated:  657.3740234375
Memory cached:  874.0
	 epoch  70 training error:  tensor(0.2839, device='cuda:0', grad_fn=<DivBackward0>)
Memory status after this epoch: 
Memory allocated:  657.3740234375
Memory cached:  874.0
	 epoch  80 training error:  tensor(0.2942, device='cuda:0', grad_fn=<DivBackward0>)
Memory status after this epoch: 
Memory allocated:  657.3740234375
Memory cached:  874.0
	 epoch  90 training error:  tensor(0.3010, device='cuda:0', grad_fn=<DivBackward0>)
Memory status after this epoch: 
Memory allocated:  657.3740234375
Memory cached:  874.0
[I 2024-01-13 15:26:26,088] Trial 181 finished with value: 0.28712019324302673 and parameters: {'W_layers': 8, 'W_layer_units_exponent_0': 8, 'W_layer_units_exponent_1': 10, 'W_layer_units_exponent_2': 7, 'W_layer_units_exponent_3': 9, 'W_layer_units_exponent_4': 4, 'W_layer_units_exponent_5': 8, 'W_layer_units_exponent_6': 5, 'W_layer_units_exponent_7': 7, 'D_layers': 3, 'D_layer_units_exponent_0': 7, 'D_layer_units_exponent_1': 10, 'D_layer_units_exponent_2': 8, 'D_dagger_layers': 8, 'D_dagger_layer_units_exponent_0': 10, 'D_dagger_layer_units_exponent_1': 7, 'D_dagger_layer_units_exponent_2': 9, 'D_dagger_layer_units_exponent_3': 6, 'D_dagger_layer_units_exponent_4': 4, 'D_dagger_layer_units_exponent_5': 5, 'D_dagger_layer_units_exponent_6': 10, 'D_dagger_layer_units_exponent_7': 6, 'log_learning_rate': -4.6891656440613225, 'log_learning_rate_D': -3.336370687325147, 'log_learning_rate_D_dagger': -3.1223272913980837, 'training_batch_size': 11, 'training_p': 2}. Best is trial 127 with value: 0.28608080744743347.
Time for this trial:  24.104180574417114
Memory status after this trial: 
Memory allocated:  1216.81396484375
Memory cached:  1236.0
--------------------  Trial  182   --------------------
Start timing: 
Parameters: 
{'W_layers': 8, 'W_layer_units_exponent_0': 8, 'W_layer_units_exponent_1': 10, 'W_layer_units_exponent_2': 7, 'W_layer_units_exponent_3': 9, 'W_layer_units_exponent_4': 4, 'W_layer_units_exponent_5': 8, 'W_layer_units_exponent_6': 5, 'W_layer_units_exponent_7': 7, 'D_layers': 3, 'D_layer_units_exponent_0': 7, 'D_layer_units_exponent_1': 10, 'D_layer_units_exponent_2': 8, 'D_dagger_layers': 8, 'D_dagger_layer_units_exponent_0': 10, 'D_dagger_layer_units_exponent_1': 7, 'D_dagger_layer_units_exponent_2': 9, 'D_dagger_layer_units_exponent_3': 6, 'D_dagger_layer_units_exponent_4': 4, 'D_dagger_layer_units_exponent_5': 5, 'D_dagger_layer_units_exponent_6': 10, 'D_dagger_layer_units_exponent_7': 6, 'log_learning_rate': -4.605137398651592, 'log_learning_rate_D': -3.3882430740991203, 'log_learning_rate_D_dagger': -3.1348003824203414, 'training_batch_size': 11, 'training_p': 2}
	 epoch  0 training error:  tensor(1.0025, device='cuda:0', grad_fn=<DivBackward0>)
Memory status after this epoch: 
Memory allocated:  657.3740234375
Memory cached:  876.0
	 epoch  10 training error:  tensor(0.3047, device='cuda:0', grad_fn=<DivBackward0>)
Memory status after this epoch: 
Memory allocated:  657.3740234375
Memory cached:  876.0
	 epoch  20 training error:  tensor(0.3271, device='cuda:0', grad_fn=<DivBackward0>)
Memory status after this epoch: 
Memory allocated:  657.3740234375
Memory cached:  876.0
	 epoch  30 training error:  tensor(0.3033, device='cuda:0', grad_fn=<DivBackward0>)
Memory status after this epoch: 
Memory allocated:  657.3740234375
Memory cached:  876.0
	 epoch  40 training error:  tensor(0.2885, device='cuda:0', grad_fn=<DivBackward0>)
Memory status after this epoch: 
Memory allocated:  657.3740234375
Memory cached:  876.0
	 epoch  50 training error:  tensor(0.2852, device='cuda:0', grad_fn=<DivBackward0>)
Memory status after this epoch: 
Memory allocated:  657.3740234375
Memory cached:  876.0
	 epoch  60 training error:  tensor(0.2887, device='cuda:0', grad_fn=<DivBackward0>)
Memory status after this epoch: 
Memory allocated:  657.3740234375
Memory cached:  876.0
	 epoch  70 training error:  tensor(0.2823, device='cuda:0', grad_fn=<DivBackward0>)
Memory status after this epoch: 
Memory allocated:  657.3740234375
Memory cached:  876.0
	 epoch  80 training error:  tensor(0.2833, device='cuda:0', grad_fn=<DivBackward0>)
Memory status after this epoch: 
Memory allocated:  657.3740234375
Memory cached:  876.0
	 epoch  90 training error:  tensor(0.2841, device='cuda:0', grad_fn=<DivBackward0>)
Memory status after this epoch: 
Memory allocated:  657.3740234375
Memory cached:  876.0
[I 2024-01-13 15:26:51,189] Trial 182 finished with value: 0.29056406021118164 and parameters: {'W_layers': 8, 'W_layer_units_exponent_0': 8, 'W_layer_units_exponent_1': 10, 'W_layer_units_exponent_2': 7, 'W_layer_units_exponent_3': 9, 'W_layer_units_exponent_4': 4, 'W_layer_units_exponent_5': 8, 'W_layer_units_exponent_6': 5, 'W_layer_units_exponent_7': 7, 'D_layers': 3, 'D_layer_units_exponent_0': 7, 'D_layer_units_exponent_1': 10, 'D_layer_units_exponent_2': 8, 'D_dagger_layers': 8, 'D_dagger_layer_units_exponent_0': 10, 'D_dagger_layer_units_exponent_1': 7, 'D_dagger_layer_units_exponent_2': 9, 'D_dagger_layer_units_exponent_3': 6, 'D_dagger_layer_units_exponent_4': 4, 'D_dagger_layer_units_exponent_5': 5, 'D_dagger_layer_units_exponent_6': 10, 'D_dagger_layer_units_exponent_7': 6, 'log_learning_rate': -4.605137398651592, 'log_learning_rate_D': -3.3882430740991203, 'log_learning_rate_D_dagger': -3.1348003824203414, 'training_batch_size': 11, 'training_p': 2}. Best is trial 127 with value: 0.28608080744743347.
Time for this trial:  24.6742160320282
Memory status after this trial: 
Memory allocated:  1216.81396484375
Memory cached:  1236.0
--------------------  Trial  183   --------------------
Start timing: 
Parameters: 
{'W_layers': 8, 'W_layer_units_exponent_0': 8, 'W_layer_units_exponent_1': 10, 'W_layer_units_exponent_2': 7, 'W_layer_units_exponent_3': 9, 'W_layer_units_exponent_4': 4, 'W_layer_units_exponent_5': 8, 'W_layer_units_exponent_6': 9, 'W_layer_units_exponent_7': 6, 'D_layers': 3, 'D_layer_units_exponent_0': 7, 'D_layer_units_exponent_1': 10, 'D_layer_units_exponent_2': 6, 'D_dagger_layers': 8, 'D_dagger_layer_units_exponent_0': 10, 'D_dagger_layer_units_exponent_1': 7, 'D_dagger_layer_units_exponent_2': 9, 'D_dagger_layer_units_exponent_3': 6, 'D_dagger_layer_units_exponent_4': 4, 'D_dagger_layer_units_exponent_5': 5, 'D_dagger_layer_units_exponent_6': 10, 'D_dagger_layer_units_exponent_7': 5, 'log_learning_rate': -4.719427446796453, 'log_learning_rate_D': -3.2872781437116765, 'log_learning_rate_D_dagger': -3.0607868228812833, 'training_batch_size': 11, 'training_p': 2}
	 epoch  0 training error:  tensor(1.0007, device='cuda:0', grad_fn=<DivBackward0>)
Memory status after this epoch: 
Memory allocated:  658.44140625
Memory cached:  876.0
	 epoch  10 training error:  tensor(0.4548, device='cuda:0', grad_fn=<DivBackward0>)
Memory status after this epoch: 
Memory allocated:  658.44140625
Memory cached:  876.0
	 epoch  20 training error:  tensor(0.3238, device='cuda:0', grad_fn=<DivBackward0>)
Memory status after this epoch: 
Memory allocated:  658.44140625
Memory cached:  876.0
	 epoch  30 training error:  tensor(0.2923, device='cuda:0', grad_fn=<DivBackward0>)
Memory status after this epoch: 
Memory allocated:  658.44140625
Memory cached:  876.0
	 epoch  40 training error:  tensor(0.2852, device='cuda:0', grad_fn=<DivBackward0>)
Memory status after this epoch: 
Memory allocated:  658.44140625
Memory cached:  876.0
	 epoch  50 training error:  tensor(0.2855, device='cuda:0', grad_fn=<DivBackward0>)
Memory status after this epoch: 
Memory allocated:  658.44140625
Memory cached:  876.0
	 epoch  60 training error:  tensor(0.2957, device='cuda:0', grad_fn=<DivBackward0>)
Memory status after this epoch: 
Memory allocated:  658.44140625
Memory cached:  876.0
	 epoch  70 training error:  tensor(0.3145, device='cuda:0', grad_fn=<DivBackward0>)
Memory status after this epoch: 
Memory allocated:  658.44140625
Memory cached:  876.0
	 epoch  80 training error:  tensor(0.2976, device='cuda:0', grad_fn=<DivBackward0>)
Memory status after this epoch: 
Memory allocated:  658.44140625
Memory cached:  876.0
	 epoch  90 training error:  tensor(0.2854, device='cuda:0', grad_fn=<DivBackward0>)
Memory status after this epoch: 
Memory allocated:  658.44140625
Memory cached:  876.0
[I 2024-01-13 15:27:16,262] Trial 183 finished with value: 0.28774839639663696 and parameters: {'W_layers': 8, 'W_layer_units_exponent_0': 8, 'W_layer_units_exponent_1': 10, 'W_layer_units_exponent_2': 7, 'W_layer_units_exponent_3': 9, 'W_layer_units_exponent_4': 4, 'W_layer_units_exponent_5': 8, 'W_layer_units_exponent_6': 9, 'W_layer_units_exponent_7': 6, 'D_layers': 3, 'D_layer_units_exponent_0': 7, 'D_layer_units_exponent_1': 10, 'D_layer_units_exponent_2': 6, 'D_dagger_layers': 8, 'D_dagger_layer_units_exponent_0': 10, 'D_dagger_layer_units_exponent_1': 7, 'D_dagger_layer_units_exponent_2': 9, 'D_dagger_layer_units_exponent_3': 6, 'D_dagger_layer_units_exponent_4': 4, 'D_dagger_layer_units_exponent_5': 5, 'D_dagger_layer_units_exponent_6': 10, 'D_dagger_layer_units_exponent_7': 5, 'log_learning_rate': -4.719427446796453, 'log_learning_rate_D': -3.2872781437116765, 'log_learning_rate_D_dagger': -3.0607868228812833, 'training_batch_size': 11, 'training_p': 2}. Best is trial 127 with value: 0.28608080744743347.
Time for this trial:  24.644523859024048
Memory status after this trial: 
Memory allocated:  1261.42236328125
Memory cached:  1286.0
--------------------  Trial  184   --------------------
Start timing: 
Parameters: 
{'W_layers': 8, 'W_layer_units_exponent_0': 8, 'W_layer_units_exponent_1': 10, 'W_layer_units_exponent_2': 7, 'W_layer_units_exponent_3': 9, 'W_layer_units_exponent_4': 4, 'W_layer_units_exponent_5': 8, 'W_layer_units_exponent_6': 9, 'W_layer_units_exponent_7': 6, 'D_layers': 3, 'D_layer_units_exponent_0': 7, 'D_layer_units_exponent_1': 10, 'D_layer_units_exponent_2': 6, 'D_dagger_layers': 8, 'D_dagger_layer_units_exponent_0': 10, 'D_dagger_layer_units_exponent_1': 7, 'D_dagger_layer_units_exponent_2': 9, 'D_dagger_layer_units_exponent_3': 6, 'D_dagger_layer_units_exponent_4': 4, 'D_dagger_layer_units_exponent_5': 5, 'D_dagger_layer_units_exponent_6': 10, 'D_dagger_layer_units_exponent_7': 5, 'log_learning_rate': -4.694351320783574, 'log_learning_rate_D': -3.491162794656616, 'log_learning_rate_D_dagger': -3.0499884340802224, 'training_batch_size': 11, 'training_p': 2}
	 epoch  0 training error:  tensor(1.0056, device='cuda:0', grad_fn=<DivBackward0>)
Memory status after this epoch: 
Memory allocated:  658.44140625
Memory cached:  876.0
	 epoch  10 training error:  tensor(0.3460, device='cuda:0', grad_fn=<DivBackward0>)
Memory status after this epoch: 
Memory allocated:  658.44140625
Memory cached:  876.0
	 epoch  20 training error:  tensor(0.2934, device='cuda:0', grad_fn=<DivBackward0>)
Memory status after this epoch: 
Memory allocated:  658.44140625
Memory cached:  876.0
	 epoch  30 training error:  tensor(0.2897, device='cuda:0', grad_fn=<DivBackward0>)
Memory status after this epoch: 
Memory allocated:  658.44140625
Memory cached:  876.0
	 epoch  40 training error:  tensor(0.2836, device='cuda:0', grad_fn=<DivBackward0>)
Memory status after this epoch: 
Memory allocated:  658.44140625
Memory cached:  876.0
	 epoch  50 training error:  tensor(0.2848, device='cuda:0', grad_fn=<DivBackward0>)
Memory status after this epoch: 
Memory allocated:  658.44140625
Memory cached:  876.0
	 epoch  60 training error:  tensor(0.2889, device='cuda:0', grad_fn=<DivBackward0>)
Memory status after this epoch: 
Memory allocated:  658.44140625
Memory cached:  876.0
	 epoch  70 training error:  tensor(0.3016, device='cuda:0', grad_fn=<DivBackward0>)
Memory status after this epoch: 
Memory allocated:  658.44140625
Memory cached:  876.0
	 epoch  80 training error:  tensor(0.2906, device='cuda:0', grad_fn=<DivBackward0>)
Memory status after this epoch: 
Memory allocated:  658.44140625
Memory cached:  876.0
	 epoch  90 training error:  tensor(0.2868, device='cuda:0', grad_fn=<DivBackward0>)
Memory status after this epoch: 
Memory allocated:  658.44140625
Memory cached:  876.0
[I 2024-01-13 15:27:41,533] Trial 184 finished with value: 0.29186174273490906 and parameters: {'W_layers': 8, 'W_layer_units_exponent_0': 8, 'W_layer_units_exponent_1': 10, 'W_layer_units_exponent_2': 7, 'W_layer_units_exponent_3': 9, 'W_layer_units_exponent_4': 4, 'W_layer_units_exponent_5': 8, 'W_layer_units_exponent_6': 9, 'W_layer_units_exponent_7': 6, 'D_layers': 3, 'D_layer_units_exponent_0': 7, 'D_layer_units_exponent_1': 10, 'D_layer_units_exponent_2': 6, 'D_dagger_layers': 8, 'D_dagger_layer_units_exponent_0': 10, 'D_dagger_layer_units_exponent_1': 7, 'D_dagger_layer_units_exponent_2': 9, 'D_dagger_layer_units_exponent_3': 6, 'D_dagger_layer_units_exponent_4': 4, 'D_dagger_layer_units_exponent_5': 5, 'D_dagger_layer_units_exponent_6': 10, 'D_dagger_layer_units_exponent_7': 5, 'log_learning_rate': -4.694351320783574, 'log_learning_rate_D': -3.491162794656616, 'log_learning_rate_D_dagger': -3.0499884340802224, 'training_batch_size': 11, 'training_p': 2}. Best is trial 127 with value: 0.28608080744743347.
Time for this trial:  24.86125087738037
Memory status after this trial: 
Memory allocated:  1261.42236328125
Memory cached:  1286.0
--------------------  Trial  185   --------------------
Start timing: 
Parameters: 
{'W_layers': 8, 'W_layer_units_exponent_0': 8, 'W_layer_units_exponent_1': 10, 'W_layer_units_exponent_2': 7, 'W_layer_units_exponent_3': 9, 'W_layer_units_exponent_4': 4, 'W_layer_units_exponent_5': 8, 'W_layer_units_exponent_6': 9, 'W_layer_units_exponent_7': 6, 'D_layers': 3, 'D_layer_units_exponent_0': 7, 'D_layer_units_exponent_1': 10, 'D_layer_units_exponent_2': 6, 'D_dagger_layers': 8, 'D_dagger_layer_units_exponent_0': 10, 'D_dagger_layer_units_exponent_1': 7, 'D_dagger_layer_units_exponent_2': 9, 'D_dagger_layer_units_exponent_3': 6, 'D_dagger_layer_units_exponent_4': 4, 'D_dagger_layer_units_exponent_5': 5, 'D_dagger_layer_units_exponent_6': 10, 'D_dagger_layer_units_exponent_7': 5, 'log_learning_rate': -4.795216951788849, 'log_learning_rate_D': -3.2971710100554175, 'log_learning_rate_D_dagger': -2.9292243070038966, 'training_batch_size': 11, 'training_p': 2}
	 epoch  0 training error:  tensor(1.0093, device='cuda:0', grad_fn=<DivBackward0>)
Memory status after this epoch: 
Memory allocated:  658.44140625
Memory cached:  876.0
	 epoch  10 training error:  tensor(0.3966, device='cuda:0', grad_fn=<DivBackward0>)
Memory status after this epoch: 
Memory allocated:  658.44140625
Memory cached:  876.0
	 epoch  20 training error:  tensor(0.3349, device='cuda:0', grad_fn=<DivBackward0>)
Memory status after this epoch: 
Memory allocated:  658.44140625
Memory cached:  876.0
	 epoch  30 training error:  tensor(0.2866, device='cuda:0', grad_fn=<DivBackward0>)
Memory status after this epoch: 
Memory allocated:  658.44140625
Memory cached:  876.0
	 epoch  40 training error:  tensor(0.3293, device='cuda:0', grad_fn=<DivBackward0>)
Memory status after this epoch: 
Memory allocated:  658.44140625
Memory cached:  876.0
	 epoch  50 training error:  tensor(0.3069, device='cuda:0', grad_fn=<DivBackward0>)
Memory status after this epoch: 
Memory allocated:  658.44140625
Memory cached:  876.0
	 epoch  60 training error:  tensor(0.3070, device='cuda:0', grad_fn=<DivBackward0>)
Memory status after this epoch: 
Memory allocated:  658.44140625
Memory cached:  876.0
	 epoch  70 training error:  tensor(0.3037, device='cuda:0', grad_fn=<DivBackward0>)
Memory status after this epoch: 
Memory allocated:  658.44140625
Memory cached:  876.0
	 epoch  80 training error:  tensor(0.3017, device='cuda:0', grad_fn=<DivBackward0>)
Memory status after this epoch: 
Memory allocated:  658.44140625
Memory cached:  876.0
	 epoch  90 training error:  tensor(0.2994, device='cuda:0', grad_fn=<DivBackward0>)
Memory status after this epoch: 
Memory allocated:  658.44140625
Memory cached:  876.0
