[I 2024-02-18 00:32:09,919] Trial 180 finished with value: 0.04612700268626213 and parameters: {'W_layers': 8, 'W_layer_units_exponent_0': 10, 'W_layer_units_exponent_1': 8, 'W_layer_units_exponent_2': 7, 'W_layer_units_exponent_3': 4, 'W_layer_units_exponent_4': 9, 'W_layer_units_exponent_5': 4, 'W_layer_units_exponent_6': 10, 'W_layer_units_exponent_7': 6, 'D_layers': 7, 'D_layer_units_exponent_0': 9, 'D_layer_units_exponent_1': 7, 'D_layer_units_exponent_2': 5, 'D_layer_units_exponent_3': 9, 'D_layer_units_exponent_4': 7, 'D_layer_units_exponent_5': 6, 'D_layer_units_exponent_6': 9, 'D_dagger_layers': 4, 'D_dagger_layer_units_exponent_0': 8, 'D_dagger_layer_units_exponent_1': 9, 'D_dagger_layer_units_exponent_2': 4, 'D_dagger_layer_units_exponent_3': 6, 'log_learning_rate': -4.51673336960148, 'log_learning_rate_D': -3.2763258789681218, 'log_learning_rate_D_dagger': -3.1209180871995694, 'training_batch_size': 6, 'training_p': 4}. Best is trial 174 with value: 0.03166704997420311.
Time for this trial:  1020.0001978874207
Memory status after this trial: 
Memory allocated:  2523.96533203125
Memory cached:  2534.0
--------------------  Trial  181   --------------------
Start timing: 
Parameters: 
{'W_layers': 8, 'W_layer_units_exponent_0': 10, 'W_layer_units_exponent_1': 8, 'W_layer_units_exponent_2': 7, 'W_layer_units_exponent_3': 4, 'W_layer_units_exponent_4': 9, 'W_layer_units_exponent_5': 4, 'W_layer_units_exponent_6': 10, 'W_layer_units_exponent_7': 6, 'D_layers': 7, 'D_layer_units_exponent_0': 9, 'D_layer_units_exponent_1': 7, 'D_layer_units_exponent_2': 5, 'D_layer_units_exponent_3': 9, 'D_layer_units_exponent_4': 7, 'D_layer_units_exponent_5': 6, 'D_layer_units_exponent_6': 9, 'D_dagger_layers': 4, 'D_dagger_layer_units_exponent_0': 8, 'D_dagger_layer_units_exponent_1': 9, 'D_dagger_layer_units_exponent_2': 4, 'D_dagger_layer_units_exponent_3': 6, 'log_learning_rate': -4.537648967396408, 'log_learning_rate_D': -3.2737202268947962, 'log_learning_rate_D_dagger': -3.1389023491317527, 'training_batch_size': 6, 'training_p': 3}
	 epoch  0 training error:  tensor(0.6546, device='cuda:0', grad_fn=<DivBackward0>)
Memory status after this epoch: 
Memory allocated:  1318.6728515625
Memory cached:  1766.0
	 epoch  10 training error:  tensor(0.3745, device='cuda:0', grad_fn=<DivBackward0>)
Memory status after this epoch: 
Memory allocated:  1318.6728515625
Memory cached:  1766.0
	 epoch  20 training error:  tensor(0.3781, device='cuda:0', grad_fn=<DivBackward0>)
Memory status after this epoch: 
Memory allocated:  1318.6728515625
Memory cached:  1766.0
	 epoch  30 training error:  tensor(0.3714, device='cuda:0', grad_fn=<DivBackward0>)
Memory status after this epoch: 
Memory allocated:  1318.6728515625
Memory cached:  1766.0
	 epoch  40 training error:  tensor(0.2676, device='cuda:0', grad_fn=<DivBackward0>)
Memory status after this epoch: 
Memory allocated:  1318.6728515625
Memory cached:  1766.0
	 epoch  50 training error:  tensor(0.1738, device='cuda:0', grad_fn=<DivBackward0>)
Memory status after this epoch: 
Memory allocated:  1318.6728515625
Memory cached:  1766.0
	 epoch  60 training error:  tensor(0.1469, device='cuda:0', grad_fn=<DivBackward0>)
Memory status after this epoch: 
Memory allocated:  1318.6728515625
Memory cached:  1766.0
	 epoch  70 training error:  tensor(0.1367, device='cuda:0', grad_fn=<DivBackward0>)
Memory status after this epoch: 
Memory allocated:  1318.6728515625
Memory cached:  1766.0
	 epoch  80 training error:  tensor(0.1184, device='cuda:0', grad_fn=<DivBackward0>)
Memory status after this epoch: 
Memory allocated:  1318.6728515625
Memory cached:  1766.0
	 epoch  90 training error:  tensor(0.1060, device='cuda:0', grad_fn=<DivBackward0>)
Memory status after this epoch: 
Memory allocated:  1318.6728515625
Memory cached:  1766.0
[I 2024-02-18 00:49:11,129] Trial 181 finished with value: 0.07727348059415817 and parameters: {'W_layers': 8, 'W_layer_units_exponent_0': 10, 'W_layer_units_exponent_1': 8, 'W_layer_units_exponent_2': 7, 'W_layer_units_exponent_3': 4, 'W_layer_units_exponent_4': 9, 'W_layer_units_exponent_5': 4, 'W_layer_units_exponent_6': 10, 'W_layer_units_exponent_7': 6, 'D_layers': 7, 'D_layer_units_exponent_0': 9, 'D_layer_units_exponent_1': 7, 'D_layer_units_exponent_2': 5, 'D_layer_units_exponent_3': 9, 'D_layer_units_exponent_4': 7, 'D_layer_units_exponent_5': 6, 'D_layer_units_exponent_6': 9, 'D_dagger_layers': 4, 'D_dagger_layer_units_exponent_0': 8, 'D_dagger_layer_units_exponent_1': 9, 'D_dagger_layer_units_exponent_2': 4, 'D_dagger_layer_units_exponent_3': 6, 'log_learning_rate': -4.537648967396408, 'log_learning_rate_D': -3.2737202268947962, 'log_learning_rate_D_dagger': -3.1389023491317527, 'training_batch_size': 6, 'training_p': 3}. Best is trial 174 with value: 0.03166704997420311.
Time for this trial:  1020.5651571750641
Memory status after this trial: 
Memory allocated:  2523.96533203125
Memory cached:  2534.0
--------------------  Trial  182   --------------------
Start timing: 
Parameters: 
{'W_layers': 8, 'W_layer_units_exponent_0': 10, 'W_layer_units_exponent_1': 8, 'W_layer_units_exponent_2': 7, 'W_layer_units_exponent_3': 4, 'W_layer_units_exponent_4': 9, 'W_layer_units_exponent_5': 4, 'W_layer_units_exponent_6': 10, 'W_layer_units_exponent_7': 7, 'D_layers': 7, 'D_layer_units_exponent_0': 9, 'D_layer_units_exponent_1': 7, 'D_layer_units_exponent_2': 5, 'D_layer_units_exponent_3': 9, 'D_layer_units_exponent_4': 7, 'D_layer_units_exponent_5': 6, 'D_layer_units_exponent_6': 9, 'D_dagger_layers': 4, 'D_dagger_layer_units_exponent_0': 8, 'D_dagger_layer_units_exponent_1': 9, 'D_dagger_layer_units_exponent_2': 4, 'D_dagger_layer_units_exponent_3': 6, 'log_learning_rate': -4.651676388928471, 'log_learning_rate_D': -3.074690229144746, 'log_learning_rate_D_dagger': -3.202405480058617, 'training_batch_size': 6, 'training_p': 5}
	 epoch  0 training error:  tensor(0.7384, device='cuda:0', grad_fn=<DivBackward0>)
Memory status after this epoch: 
Memory allocated:  1319.6728515625
Memory cached:  1766.0
	 epoch  10 training error:  tensor(0.4626, device='cuda:0', grad_fn=<DivBackward0>)
Memory status after this epoch: 
Memory allocated:  1319.6728515625
Memory cached:  1770.0
	 epoch  20 training error:  tensor(0.3950, device='cuda:0', grad_fn=<DivBackward0>)
Memory status after this epoch: 
Memory allocated:  1319.6728515625
Memory cached:  1766.0
	 epoch  30 training error:  tensor(0.1772, device='cuda:0', grad_fn=<DivBackward0>)
Memory status after this epoch: 
Memory allocated:  1319.6728515625
Memory cached:  1766.0
	 epoch  40 training error:  tensor(0.1102, device='cuda:0', grad_fn=<DivBackward0>)
Memory status after this epoch: 
Memory allocated:  1319.6728515625
Memory cached:  1766.0
	 epoch  50 training error:  tensor(0.0994, device='cuda:0', grad_fn=<DivBackward0>)
Memory status after this epoch: 
Memory allocated:  1319.6728515625
Memory cached:  1766.0
	 epoch  60 training error:  tensor(0.0766, device='cuda:0', grad_fn=<DivBackward0>)
Memory status after this epoch: 
Memory allocated:  1319.6728515625
Memory cached:  1766.0
	 epoch  70 training error:  tensor(0.0769, device='cuda:0', grad_fn=<DivBackward0>)
Memory status after this epoch: 
Memory allocated:  1319.6728515625
Memory cached:  1766.0
	 epoch  80 training error:  tensor(0.0870, device='cuda:0', grad_fn=<DivBackward0>)
Memory status after this epoch: 
Memory allocated:  1319.6728515625
Memory cached:  1766.0
	 epoch  90 training error:  tensor(0.0998, device='cuda:0', grad_fn=<DivBackward0>)
Memory status after this epoch: 
Memory allocated:  1319.6728515625
Memory cached:  1766.0
[I 2024-02-18 01:06:13,220] Trial 182 finished with value: 0.06502103805541992 and parameters: {'W_layers': 8, 'W_layer_units_exponent_0': 10, 'W_layer_units_exponent_1': 8, 'W_layer_units_exponent_2': 7, 'W_layer_units_exponent_3': 4, 'W_layer_units_exponent_4': 9, 'W_layer_units_exponent_5': 4, 'W_layer_units_exponent_6': 10, 'W_layer_units_exponent_7': 7, 'D_layers': 7, 'D_layer_units_exponent_0': 9, 'D_layer_units_exponent_1': 7, 'D_layer_units_exponent_2': 5, 'D_layer_units_exponent_3': 9, 'D_layer_units_exponent_4': 7, 'D_layer_units_exponent_5': 6, 'D_layer_units_exponent_6': 9, 'D_dagger_layers': 4, 'D_dagger_layer_units_exponent_0': 8, 'D_dagger_layer_units_exponent_1': 9, 'D_dagger_layer_units_exponent_2': 4, 'D_dagger_layer_units_exponent_3': 6, 'log_learning_rate': -4.651676388928471, 'log_learning_rate_D': -3.074690229144746, 'log_learning_rate_D_dagger': -3.202405480058617, 'training_batch_size': 6, 'training_p': 5}. Best is trial 174 with value: 0.03166704997420311.
Time for this trial:  1021.3423182964325
Memory status after this trial: 
Memory allocated:  2536.18408203125
Memory cached:  2548.0
--------------------  Trial  183   --------------------
Start timing: 
Parameters: 
{'W_layers': 8, 'W_layer_units_exponent_0': 10, 'W_layer_units_exponent_1': 8, 'W_layer_units_exponent_2': 7, 'W_layer_units_exponent_3': 5, 'W_layer_units_exponent_4': 8, 'W_layer_units_exponent_5': 4, 'W_layer_units_exponent_6': 10, 'W_layer_units_exponent_7': 5, 'D_layers': 7, 'D_layer_units_exponent_0': 9, 'D_layer_units_exponent_1': 7, 'D_layer_units_exponent_2': 5, 'D_layer_units_exponent_3': 10, 'D_layer_units_exponent_4': 7, 'D_layer_units_exponent_5': 6, 'D_layer_units_exponent_6': 10, 'D_dagger_layers': 4, 'D_dagger_layer_units_exponent_0': 8, 'D_dagger_layer_units_exponent_1': 9, 'D_dagger_layer_units_exponent_2': 4, 'D_dagger_layer_units_exponent_3': 6, 'log_learning_rate': -4.7466111719987385, 'log_learning_rate_D': -3.2471666501994143, 'log_learning_rate_D_dagger': -3.3059598708444486, 'training_batch_size': 6, 'training_p': 4}
	 epoch  0 training error:  tensor(0.7642, device='cuda:0', grad_fn=<DivBackward0>)
Memory status after this epoch: 
Memory allocated:  1319.9111328125
Memory cached:  1772.0
	 epoch  10 training error:  tensor(0.4364, device='cuda:0', grad_fn=<DivBackward0>)
Memory status after this epoch: 
Memory allocated:  1319.9111328125
Memory cached:  1786.0
	 epoch  20 training error:  tensor(0.4346, device='cuda:0', grad_fn=<DivBackward0>)
Memory status after this epoch: 
Memory allocated:  1319.9111328125
Memory cached:  1782.0
	 epoch  30 training error:  tensor(0.4314, device='cuda:0', grad_fn=<DivBackward0>)
Memory status after this epoch: 
Memory allocated:  1319.9111328125
Memory cached:  1782.0
	 epoch  40 training error:  tensor(0.4299, device='cuda:0', grad_fn=<DivBackward0>)
Memory status after this epoch: 
Memory allocated:  1319.9111328125
Memory cached:  1786.0
	 epoch  50 training error:  tensor(0.4211, device='cuda:0', grad_fn=<DivBackward0>)
Memory status after this epoch: 
Memory allocated:  1319.9111328125
Memory cached:  1788.0
	 epoch  60 training error:  tensor(0.3631, device='cuda:0', grad_fn=<DivBackward0>)
Memory status after this epoch: 
Memory allocated:  1319.9111328125
Memory cached:  1788.0
	 epoch  70 training error:  tensor(0.2353, device='cuda:0', grad_fn=<DivBackward0>)
Memory status after this epoch: 
Memory allocated:  1319.9111328125
Memory cached:  1784.0
	 epoch  80 training error:  tensor(0.2116, device='cuda:0', grad_fn=<DivBackward0>)
Memory status after this epoch: 
Memory allocated:  1319.9111328125
Memory cached:  1790.0
	 epoch  90 training error:  tensor(0.1887, device='cuda:0', grad_fn=<DivBackward0>)
Memory status after this epoch: 
Memory allocated:  1319.9111328125
Memory cached:  1784.0
[I 2024-02-18 01:23:22,099] Trial 183 finished with value: 0.12698021531105042 and parameters: {'W_layers': 8, 'W_layer_units_exponent_0': 10, 'W_layer_units_exponent_1': 8, 'W_layer_units_exponent_2': 7, 'W_layer_units_exponent_3': 5, 'W_layer_units_exponent_4': 8, 'W_layer_units_exponent_5': 4, 'W_layer_units_exponent_6': 10, 'W_layer_units_exponent_7': 5, 'D_layers': 7, 'D_layer_units_exponent_0': 9, 'D_layer_units_exponent_1': 7, 'D_layer_units_exponent_2': 5, 'D_layer_units_exponent_3': 10, 'D_layer_units_exponent_4': 7, 'D_layer_units_exponent_5': 6, 'D_layer_units_exponent_6': 10, 'D_dagger_layers': 4, 'D_dagger_layer_units_exponent_0': 8, 'D_dagger_layer_units_exponent_1': 9, 'D_dagger_layer_units_exponent_2': 4, 'D_dagger_layer_units_exponent_3': 6, 'log_learning_rate': -4.7466111719987385, 'log_learning_rate_D': -3.2471666501994143, 'log_learning_rate_D_dagger': -3.3059598708444486, 'training_batch_size': 6, 'training_p': 4}. Best is trial 174 with value: 0.03166704997420311.
Time for this trial:  1028.1427359580994
Memory status after this trial: 
Memory allocated:  2668.54931640625
Memory cached:  2680.0
--------------------  Trial  184   --------------------
Start timing: 
Parameters: 
{'W_layers': 8, 'W_layer_units_exponent_0': 10, 'W_layer_units_exponent_1': 8, 'W_layer_units_exponent_2': 7, 'W_layer_units_exponent_3': 5, 'W_layer_units_exponent_4': 9, 'W_layer_units_exponent_5': 4, 'W_layer_units_exponent_6': 6, 'W_layer_units_exponent_7': 5, 'D_layers': 7, 'D_layer_units_exponent_0': 9, 'D_layer_units_exponent_1': 7, 'D_layer_units_exponent_2': 5, 'D_layer_units_exponent_3': 9, 'D_layer_units_exponent_4': 8, 'D_layer_units_exponent_5': 6, 'D_layer_units_exponent_6': 9, 'D_dagger_layers': 4, 'D_dagger_layer_units_exponent_0': 8, 'D_dagger_layer_units_exponent_1': 9, 'D_dagger_layer_units_exponent_2': 4, 'D_dagger_layer_units_exponent_3': 6, 'log_learning_rate': -4.574304026228816, 'log_learning_rate_D': -3.4440487109310354, 'log_learning_rate_D_dagger': -3.026228412954264, 'training_batch_size': 6, 'training_p': 4}
	 epoch  0 training error:  tensor(0.6599, device='cuda:0', grad_fn=<DivBackward0>)
Memory status after this epoch: 
Memory allocated:  1318.7392578125
Memory cached:  1768.0
	 epoch  10 training error:  tensor(0.4339, device='cuda:0', grad_fn=<DivBackward0>)
Memory status after this epoch: 
Memory allocated:  1318.7392578125
Memory cached:  1808.0
	 epoch  20 training error:  tensor(0.3973, device='cuda:0', grad_fn=<DivBackward0>)
Memory status after this epoch: 
Memory allocated:  1318.7392578125
Memory cached:  1812.0
	 epoch  30 training error:  tensor(0.2724, device='cuda:0', grad_fn=<DivBackward0>)
Memory status after this epoch: 
Memory allocated:  1318.7392578125
Memory cached:  1792.0
	 epoch  40 training error:  tensor(0.1997, device='cuda:0', grad_fn=<DivBackward0>)
Memory status after this epoch: 
Memory allocated:  1318.7392578125
Memory cached:  1798.0
	 epoch  50 training error:  tensor(0.1992, device='cuda:0', grad_fn=<DivBackward0>)
Memory status after this epoch: 
Memory allocated:  1318.7392578125
Memory cached:  1790.0
	 epoch  60 training error:  tensor(0.1847, device='cuda:0', grad_fn=<DivBackward0>)
Memory status after this epoch: 
Memory allocated:  1318.7392578125
Memory cached:  1796.0
	 epoch  70 training error:  tensor(0.1782, device='cuda:0', grad_fn=<DivBackward0>)
Memory status after this epoch: 
Memory allocated:  1318.7392578125
Memory cached:  1794.0
	 epoch  80 training error:  tensor(0.1830, device='cuda:0', grad_fn=<DivBackward0>)
Memory status after this epoch: 
Memory allocated:  1318.7392578125
Memory cached:  1802.0
	 epoch  90 training error:  tensor(0.1633, device='cuda:0', grad_fn=<DivBackward0>)
Memory status after this epoch: 
Memory allocated:  1318.7392578125
Memory cached:  1798.0
[I 2024-02-18 01:40:17,043] Trial 184 finished with value: 0.057949136942625046 and parameters: {'W_layers': 8, 'W_layer_units_exponent_0': 10, 'W_layer_units_exponent_1': 8, 'W_layer_units_exponent_2': 7, 'W_layer_units_exponent_3': 5, 'W_layer_units_exponent_4': 9, 'W_layer_units_exponent_5': 4, 'W_layer_units_exponent_6': 6, 'W_layer_units_exponent_7': 5, 'D_layers': 7, 'D_layer_units_exponent_0': 9, 'D_layer_units_exponent_1': 7, 'D_layer_units_exponent_2': 5, 'D_layer_units_exponent_3': 9, 'D_layer_units_exponent_4': 8, 'D_layer_units_exponent_5': 6, 'D_layer_units_exponent_6': 9, 'D_dagger_layers': 4, 'D_dagger_layer_units_exponent_0': 8, 'D_dagger_layer_units_exponent_1': 9, 'D_dagger_layer_units_exponent_2': 4, 'D_dagger_layer_units_exponent_3': 6, 'log_learning_rate': -4.574304026228816, 'log_learning_rate_D': -3.4440487109310354, 'log_learning_rate_D_dagger': -3.026228412954264, 'training_batch_size': 6, 'training_p': 4}. Best is trial 174 with value: 0.03166704997420311.
Time for this trial:  1014.1323838233948
Memory status after this trial: 
Memory allocated:  2343.54931640625
Memory cached:  2354.0
--------------------  Trial  185   --------------------
Start timing: 
Parameters: 
{'W_layers': 8, 'W_layer_units_exponent_0': 10, 'W_layer_units_exponent_1': 8, 'W_layer_units_exponent_2': 7, 'W_layer_units_exponent_3': 5, 'W_layer_units_exponent_4': 9, 'W_layer_units_exponent_5': 4, 'W_layer_units_exponent_6': 6, 'W_layer_units_exponent_7': 5, 'D_layers': 7, 'D_layer_units_exponent_0': 9, 'D_layer_units_exponent_1': 7, 'D_layer_units_exponent_2': 5, 'D_layer_units_exponent_3': 9, 'D_layer_units_exponent_4': 8, 'D_layer_units_exponent_5': 6, 'D_layer_units_exponent_6': 9, 'D_dagger_layers': 4, 'D_dagger_layer_units_exponent_0': 8, 'D_dagger_layer_units_exponent_1': 9, 'D_dagger_layer_units_exponent_2': 4, 'D_dagger_layer_units_exponent_3': 6, 'log_learning_rate': -4.515658835041103, 'log_learning_rate_D': -3.449645098217137, 'log_learning_rate_D_dagger': -3.037503268020441, 'training_batch_size': 6, 'training_p': 5}
	 epoch  0 training error:  tensor(0.6880, device='cuda:0', grad_fn=<DivBackward0>)
Memory status after this epoch: 
Memory allocated:  1318.7392578125
Memory cached:  1766.0
	 epoch  10 training error:  tensor(0.4540, device='cuda:0', grad_fn=<DivBackward0>)
Memory status after this epoch: 
Memory allocated:  1318.7392578125
Memory cached:  1796.0
	 epoch  20 training error:  tensor(0.2603, device='cuda:0', grad_fn=<DivBackward0>)
Memory status after this epoch: 
Memory allocated:  1318.7392578125
Memory cached:  1798.0
	 epoch  30 training error:  tensor(0.2341, device='cuda:0', grad_fn=<DivBackward0>)
Memory status after this epoch: 
Memory allocated:  1318.7392578125
Memory cached:  1806.0
	 epoch  40 training error:  tensor(0.1408, device='cuda:0', grad_fn=<DivBackward0>)
Memory status after this epoch: 
Memory allocated:  1318.7392578125
Memory cached:  1802.0
	 epoch  50 training error:  tensor(0.1190, device='cuda:0', grad_fn=<DivBackward0>)
Memory status after this epoch: 
Memory allocated:  1318.7392578125
Memory cached:  1800.0
	 epoch  60 training error:  tensor(0.0973, device='cuda:0', grad_fn=<DivBackward0>)
Memory status after this epoch: 
Memory allocated:  1318.7392578125
Memory cached:  1798.0
	 epoch  70 training error:  tensor(0.1034, device='cuda:0', grad_fn=<DivBackward0>)
Memory status after this epoch: 
Memory allocated:  1318.7392578125
Memory cached:  1800.0
	 epoch  80 training error:  tensor(0.0963, device='cuda:0', grad_fn=<DivBackward0>)
Memory status after this epoch: 
Memory allocated:  1318.7392578125
Memory cached:  1796.0
	 epoch  90 training error:  tensor(0.0722, device='cuda:0', grad_fn=<DivBackward0>)
Memory status after this epoch: 
Memory allocated:  1318.7392578125
Memory cached:  1802.0
