[I 2024-01-13 02:14:06,508] Trial 101 finished with value: 0.2644948661327362 and parameters: {'W_layers': 2, 'W_layer_units_exponent_0': 6, 'W_layer_units_exponent_1': 4, 'D_layers': 4, 'D_layer_units_exponent_0': 5, 'D_layer_units_exponent_1': 5, 'D_layer_units_exponent_2': 6, 'D_layer_units_exponent_3': 10, 'D_dagger_layers': 6, 'D_dagger_layer_units_exponent_0': 9, 'D_dagger_layer_units_exponent_1': 7, 'D_dagger_layer_units_exponent_2': 7, 'D_dagger_layer_units_exponent_3': 5, 'D_dagger_layer_units_exponent_4': 7, 'D_dagger_layer_units_exponent_5': 5, 'log_learning_rate': -4.896568349376823, 'log_learning_rate_D': -3.0908058915073817, 'log_learning_rate_D_dagger': -3.1936738778745135, 'training_batch_size': 6, 'training_p': 7}. Best is trial 52 with value: 0.08323463052511215.
Time for this trial:  425.6587324142456
Memory status after this trial: 
Memory allocated:  536.310546875
Memory cached:  612.0
--------------------  Trial  102   --------------------
Start timing: 
Parameters: 
{'W_layers': 2, 'W_layer_units_exponent_0': 6, 'W_layer_units_exponent_1': 4, 'D_layers': 4, 'D_layer_units_exponent_0': 5, 'D_layer_units_exponent_1': 5, 'D_layer_units_exponent_2': 6, 'D_layer_units_exponent_3': 10, 'D_dagger_layers': 7, 'D_dagger_layer_units_exponent_0': 9, 'D_dagger_layer_units_exponent_1': 7, 'D_dagger_layer_units_exponent_2': 7, 'D_dagger_layer_units_exponent_3': 5, 'D_dagger_layer_units_exponent_4': 5, 'D_dagger_layer_units_exponent_5': 6, 'D_dagger_layer_units_exponent_6': 8, 'log_learning_rate': -4.693761572833652, 'log_learning_rate_D': -3.044363187731513, 'log_learning_rate_D_dagger': -2.972585967255496, 'training_batch_size': 6, 'training_p': 7}
	 epoch  0 training error:  tensor(1.0047, device='cuda:0', grad_fn=<DivBackward0>)
Memory status after this epoch: 
Memory allocated:  320.73828125
Memory cached:  614.0
	 epoch  10 training error:  tensor(0.5601, device='cuda:0', grad_fn=<DivBackward0>)
Memory status after this epoch: 
Memory allocated:  320.73828125
Memory cached:  614.0
	 epoch  20 training error:  tensor(0.5319, device='cuda:0', grad_fn=<DivBackward0>)
Memory status after this epoch: 
Memory allocated:  320.73828125
Memory cached:  614.0
	 epoch  30 training error:  tensor(0.5194, device='cuda:0', grad_fn=<DivBackward0>)
Memory status after this epoch: 
Memory allocated:  320.73828125
Memory cached:  614.0
	 epoch  40 training error:  tensor(0.5210, device='cuda:0', grad_fn=<DivBackward0>)
Memory status after this epoch: 
Memory allocated:  320.73828125
Memory cached:  614.0
	 epoch  50 training error:  tensor(0.5208, device='cuda:0', grad_fn=<DivBackward0>)
Memory status after this epoch: 
Memory allocated:  320.73828125
Memory cached:  614.0
	 epoch  60 training error:  tensor(0.3084, device='cuda:0', grad_fn=<DivBackward0>)
Memory status after this epoch: 
Memory allocated:  320.73828125
Memory cached:  614.0
	 epoch  70 training error:  tensor(0.2418, device='cuda:0', grad_fn=<DivBackward0>)
Memory status after this epoch: 
Memory allocated:  320.73828125
Memory cached:  612.0
	 epoch  80 training error:  tensor(0.2036, device='cuda:0', grad_fn=<DivBackward0>)
Memory status after this epoch: 
Memory allocated:  320.73828125
Memory cached:  614.0
	 epoch  90 training error:  tensor(0.1965, device='cuda:0', grad_fn=<DivBackward0>)
Memory status after this epoch: 
Memory allocated:  320.73828125
Memory cached:  614.0
[I 2024-01-13 02:21:34,994] Trial 102 finished with value: 0.08293309062719345 and parameters: {'W_layers': 2, 'W_layer_units_exponent_0': 6, 'W_layer_units_exponent_1': 4, 'D_layers': 4, 'D_layer_units_exponent_0': 5, 'D_layer_units_exponent_1': 5, 'D_layer_units_exponent_2': 6, 'D_layer_units_exponent_3': 10, 'D_dagger_layers': 7, 'D_dagger_layer_units_exponent_0': 9, 'D_dagger_layer_units_exponent_1': 7, 'D_dagger_layer_units_exponent_2': 7, 'D_dagger_layer_units_exponent_3': 5, 'D_dagger_layer_units_exponent_4': 5, 'D_dagger_layer_units_exponent_5': 6, 'D_dagger_layer_units_exponent_6': 8, 'log_learning_rate': -4.693761572833652, 'log_learning_rate_D': -3.044363187731513, 'log_learning_rate_D_dagger': -2.972585967255496, 'training_batch_size': 6, 'training_p': 7}. Best is trial 102 with value: 0.08293309062719345.
res:  tensor(0.0829, device='cuda:0', grad_fn=<DivBackward0>)
self.bestValue:  tensor(0.0832, device='cuda:0', grad_fn=<DivBackward0>)
Save this model!
Time for this trial:  448.0468063354492
Memory status after this trial: 
Memory allocated:  235.7353515625
Memory cached:  558.0
--------------------  Trial  103   --------------------
Start timing: 
Parameters: 
{'W_layers': 2, 'W_layer_units_exponent_0': 6, 'W_layer_units_exponent_1': 4, 'D_layers': 3, 'D_layer_units_exponent_0': 4, 'D_layer_units_exponent_1': 5, 'D_layer_units_exponent_2': 6, 'D_dagger_layers': 8, 'D_dagger_layer_units_exponent_0': 9, 'D_dagger_layer_units_exponent_1': 7, 'D_dagger_layer_units_exponent_2': 7, 'D_dagger_layer_units_exponent_3': 4, 'D_dagger_layer_units_exponent_4': 5, 'D_dagger_layer_units_exponent_5': 8, 'D_dagger_layer_units_exponent_6': 8, 'D_dagger_layer_units_exponent_7': 10, 'log_learning_rate': -4.692102860230632, 'log_learning_rate_D': -2.805669716692435, 'log_learning_rate_D_dagger': -2.989406125410894, 'training_batch_size': 6, 'training_p': 7}
	 epoch  0 training error:  tensor(1.1201, device='cuda:0', grad_fn=<DivBackward0>)
Memory status after this epoch: 
Memory allocated:  242.3056640625
Memory cached:  548.0
	 epoch  10 training error:  tensor(0.5727, device='cuda:0', grad_fn=<DivBackward0>)
Memory status after this epoch: 
Memory allocated:  242.3056640625
Memory cached:  552.0
	 epoch  20 training error:  tensor(0.5692, device='cuda:0', grad_fn=<DivBackward0>)
Memory status after this epoch: 
Memory allocated:  242.3056640625
Memory cached:  552.0
	 epoch  30 training error:  tensor(0.5176, device='cuda:0', grad_fn=<DivBackward0>)
Memory status after this epoch: 
Memory allocated:  242.3056640625
Memory cached:  552.0
	 epoch  40 training error:  tensor(0.4929, device='cuda:0', grad_fn=<DivBackward0>)
Memory status after this epoch: 
Memory allocated:  242.3056640625
Memory cached:  552.0
	 epoch  50 training error:  tensor(0.4881, device='cuda:0', grad_fn=<DivBackward0>)
Memory status after this epoch: 
Memory allocated:  242.3056640625
Memory cached:  552.0
	 epoch  60 training error:  tensor(0.3122, device='cuda:0', grad_fn=<DivBackward0>)
Memory status after this epoch: 
Memory allocated:  242.3056640625
Memory cached:  552.0
	 epoch  70 training error:  tensor(0.2795, device='cuda:0', grad_fn=<DivBackward0>)
Memory status after this epoch: 
Memory allocated:  242.3056640625
Memory cached:  552.0
	 epoch  80 training error:  tensor(0.2573, device='cuda:0', grad_fn=<DivBackward0>)
Memory status after this epoch: 
Memory allocated:  242.3056640625
Memory cached:  552.0
	 epoch  90 training error:  tensor(0.2530, device='cuda:0', grad_fn=<DivBackward0>)
Memory status after this epoch: 
Memory allocated:  242.3056640625
Memory cached:  552.0
[I 2024-01-13 02:29:08,053] Trial 103 finished with value: 0.1534729301929474 and parameters: {'W_layers': 2, 'W_layer_units_exponent_0': 6, 'W_layer_units_exponent_1': 4, 'D_layers': 3, 'D_layer_units_exponent_0': 4, 'D_layer_units_exponent_1': 5, 'D_layer_units_exponent_2': 6, 'D_dagger_layers': 8, 'D_dagger_layer_units_exponent_0': 9, 'D_dagger_layer_units_exponent_1': 7, 'D_dagger_layer_units_exponent_2': 7, 'D_dagger_layer_units_exponent_3': 4, 'D_dagger_layer_units_exponent_4': 5, 'D_dagger_layer_units_exponent_5': 8, 'D_dagger_layer_units_exponent_6': 8, 'D_dagger_layer_units_exponent_7': 10, 'log_learning_rate': -4.692102860230632, 'log_learning_rate_D': -2.805669716692435, 'log_learning_rate_D_dagger': -2.989406125410894, 'training_batch_size': 6, 'training_p': 7}. Best is trial 102 with value: 0.08293309062719345.
Time for this trial:  452.67400002479553
Memory status after this trial: 
Memory allocated:  494.14208984375
Memory cached:  552.0
--------------------  Trial  104   --------------------
Start timing: 
Parameters: 
{'W_layers': 2, 'W_layer_units_exponent_0': 6, 'W_layer_units_exponent_1': 4, 'D_layers': 4, 'D_layer_units_exponent_0': 5, 'D_layer_units_exponent_1': 5, 'D_layer_units_exponent_2': 7, 'D_layer_units_exponent_3': 9, 'D_dagger_layers': 3, 'D_dagger_layer_units_exponent_0': 9, 'D_dagger_layer_units_exponent_1': 8, 'D_dagger_layer_units_exponent_2': 7, 'log_learning_rate': -4.511606733067425, 'log_learning_rate_D': -2.9695133803576774, 'log_learning_rate_D_dagger': -3.082625401213575, 'training_batch_size': 6, 'training_p': 7}
	 epoch  0 training error:  tensor(0.8838, device='cuda:0', grad_fn=<DivBackward0>)
Memory status after this epoch: 
Memory allocated:  239.4052734375
Memory cached:  548.0
	 epoch  10 training error:  tensor(0.5378, device='cuda:0', grad_fn=<DivBackward0>)
Memory status after this epoch: 
Memory allocated:  239.4052734375
Memory cached:  548.0
	 epoch  20 training error:  tensor(0.5157, device='cuda:0', grad_fn=<DivBackward0>)
Memory status after this epoch: 
Memory allocated:  239.4052734375
Memory cached:  548.0
	 epoch  30 training error:  tensor(0.5156, device='cuda:0', grad_fn=<DivBackward0>)
Memory status after this epoch: 
Memory allocated:  239.4052734375
Memory cached:  548.0
	 epoch  40 training error:  tensor(0.5063, device='cuda:0', grad_fn=<DivBackward0>)
Memory status after this epoch: 
Memory allocated:  239.4052734375
Memory cached:  548.0
	 epoch  50 training error:  tensor(0.4321, device='cuda:0', grad_fn=<DivBackward0>)
Memory status after this epoch: 
Memory allocated:  239.4052734375
Memory cached:  548.0
	 epoch  60 training error:  tensor(0.2842, device='cuda:0', grad_fn=<DivBackward0>)
Memory status after this epoch: 
Memory allocated:  239.4052734375
Memory cached:  548.0
	 epoch  70 training error:  tensor(0.2948, device='cuda:0', grad_fn=<DivBackward0>)
Memory status after this epoch: 
Memory allocated:  239.4052734375
Memory cached:  548.0
	 epoch  80 training error:  tensor(0.2335, device='cuda:0', grad_fn=<DivBackward0>)
Memory status after this epoch: 
Memory allocated:  239.4052734375
Memory cached:  548.0
	 epoch  90 training error:  tensor(0.2308, device='cuda:0', grad_fn=<DivBackward0>)
Memory status after this epoch: 
Memory allocated:  239.4052734375
Memory cached:  548.0
[I 2024-01-13 02:35:08,236] Trial 104 finished with value: 0.11507918685674667 and parameters: {'W_layers': 2, 'W_layer_units_exponent_0': 6, 'W_layer_units_exponent_1': 4, 'D_layers': 4, 'D_layer_units_exponent_0': 5, 'D_layer_units_exponent_1': 5, 'D_layer_units_exponent_2': 7, 'D_layer_units_exponent_3': 9, 'D_dagger_layers': 3, 'D_dagger_layer_units_exponent_0': 9, 'D_dagger_layer_units_exponent_1': 8, 'D_dagger_layer_units_exponent_2': 7, 'log_learning_rate': -4.511606733067425, 'log_learning_rate_D': -2.9695133803576774, 'log_learning_rate_D_dagger': -3.082625401213575, 'training_batch_size': 6, 'training_p': 7}. Best is trial 102 with value: 0.08293309062719345.
Time for this trial:  359.7950758934021
Memory status after this trial: 
Memory allocated:  406.6787109375
Memory cached:  548.0
--------------------  Trial  105   --------------------
Start timing: 
Parameters: 
{'W_layers': 2, 'W_layer_units_exponent_0': 6, 'W_layer_units_exponent_1': 4, 'D_layers': 4, 'D_layer_units_exponent_0': 5, 'D_layer_units_exponent_1': 5, 'D_layer_units_exponent_2': 7, 'D_layer_units_exponent_3': 9, 'D_dagger_layers': 3, 'D_dagger_layer_units_exponent_0': 9, 'D_dagger_layer_units_exponent_1': 8, 'D_dagger_layer_units_exponent_2': 7, 'log_learning_rate': -4.518920506231252, 'log_learning_rate_D': -2.9411784891428288, 'log_learning_rate_D_dagger': -3.2778640084248183, 'training_batch_size': 11, 'training_p': 7}
	 epoch  0 training error:  tensor(1.0634, device='cuda:0', grad_fn=<DivBackward0>)
Memory status after this epoch: 
Memory allocated:  239.404296875
Memory cached:  552.0
	 epoch  10 training error:  tensor(0.5321, device='cuda:0', grad_fn=<DivBackward0>)
Memory status after this epoch: 
Memory allocated:  239.404296875
Memory cached:  556.0
	 epoch  20 training error:  tensor(0.5319, device='cuda:0', grad_fn=<DivBackward0>)
Memory status after this epoch: 
Memory allocated:  239.404296875
Memory cached:  556.0
	 epoch  30 training error:  tensor(0.5250, device='cuda:0', grad_fn=<DivBackward0>)
Memory status after this epoch: 
Memory allocated:  239.404296875
Memory cached:  556.0
	 epoch  40 training error:  tensor(0.5273, device='cuda:0', grad_fn=<DivBackward0>)
Memory status after this epoch: 
Memory allocated:  239.404296875
Memory cached:  558.0
	 epoch  50 training error:  tensor(0.5190, device='cuda:0', grad_fn=<DivBackward0>)
Memory status after this epoch: 
Memory allocated:  239.404296875
Memory cached:  562.0
	 epoch  60 training error:  tensor(0.5133, device='cuda:0', grad_fn=<DivBackward0>)
Memory status after this epoch: 
Memory allocated:  239.404296875
Memory cached:  562.0
	 epoch  70 training error:  tensor(0.5114, device='cuda:0', grad_fn=<DivBackward0>)
Memory status after this epoch: 
Memory allocated:  239.404296875
Memory cached:  560.0
	 epoch  80 training error:  tensor(0.5100, device='cuda:0', grad_fn=<DivBackward0>)
Memory status after this epoch: 
Memory allocated:  239.404296875
Memory cached:  558.0
	 epoch  90 training error:  tensor(0.5083, device='cuda:0', grad_fn=<DivBackward0>)
Memory status after this epoch: 
Memory allocated:  239.404296875
Memory cached:  554.0
[I 2024-01-13 02:37:40,430] Trial 105 finished with value: 0.38723573088645935 and parameters: {'W_layers': 2, 'W_layer_units_exponent_0': 6, 'W_layer_units_exponent_1': 4, 'D_layers': 4, 'D_layer_units_exponent_0': 5, 'D_layer_units_exponent_1': 5, 'D_layer_units_exponent_2': 7, 'D_layer_units_exponent_3': 9, 'D_dagger_layers': 3, 'D_dagger_layer_units_exponent_0': 9, 'D_dagger_layer_units_exponent_1': 8, 'D_dagger_layer_units_exponent_2': 7, 'log_learning_rate': -4.518920506231252, 'log_learning_rate_D': -2.9411784891428288, 'log_learning_rate_D_dagger': -3.2778640084248183, 'training_batch_size': 11, 'training_p': 7}. Best is trial 102 with value: 0.08293309062719345.
Time for this trial:  151.85426092147827
Memory status after this trial: 
Memory allocated:  406.62890625
Memory cached:  552.0
--------------------  Trial  106   --------------------
Start timing: 
Parameters: 
{'W_layers': 2, 'W_layer_units_exponent_0': 7, 'W_layer_units_exponent_1': 4, 'D_layers': 4, 'D_layer_units_exponent_0': 5, 'D_layer_units_exponent_1': 4, 'D_layer_units_exponent_2': 8, 'D_layer_units_exponent_3': 10, 'D_dagger_layers': 7, 'D_dagger_layer_units_exponent_0': 9, 'D_dagger_layer_units_exponent_1': 8, 'D_dagger_layer_units_exponent_2': 6, 'D_dagger_layer_units_exponent_3': 5, 'D_dagger_layer_units_exponent_4': 5, 'D_dagger_layer_units_exponent_5': 7, 'D_dagger_layer_units_exponent_6': 8, 'log_learning_rate': -4.650511956975236, 'log_learning_rate_D': -3.016266647480601, 'log_learning_rate_D_dagger': -3.0249911371823996, 'training_batch_size': 6, 'training_p': 8}
	 epoch  0 training error:  tensor(0.7772, device='cuda:0', grad_fn=<DivBackward0>)
Memory status after this epoch: 
Memory allocated:  242.8017578125
Memory cached:  550.0
	 epoch  10 training error:  tensor(0.5687, device='cuda:0', grad_fn=<DivBackward0>)
Memory status after this epoch: 
Memory allocated:  242.8017578125
Memory cached:  558.0
	 epoch  20 training error:  tensor(0.5306, device='cuda:0', grad_fn=<DivBackward0>)
Memory status after this epoch: 
Memory allocated:  242.8017578125
Memory cached:  554.0
	 epoch  30 training error:  tensor(0.3648, device='cuda:0', grad_fn=<DivBackward0>)
Memory status after this epoch: 
Memory allocated:  242.8017578125
Memory cached:  552.0
	 epoch  40 training error:  tensor(0.2176, device='cuda:0', grad_fn=<DivBackward0>)
Memory status after this epoch: 
Memory allocated:  242.8017578125
Memory cached:  552.0
	 epoch  50 training error:  tensor(0.1920, device='cuda:0', grad_fn=<DivBackward0>)
Memory status after this epoch: 
Memory allocated:  242.8017578125
Memory cached:  550.0
	 epoch  60 training error:  tensor(0.1649, device='cuda:0', grad_fn=<DivBackward0>)
Memory status after this epoch: 
Memory allocated:  242.8017578125
Memory cached:  552.0
	 epoch  70 training error:  tensor(0.1499, device='cuda:0', grad_fn=<DivBackward0>)
Memory status after this epoch: 
Memory allocated:  242.8017578125
Memory cached:  554.0
	 epoch  80 training error:  tensor(0.1671, device='cuda:0', grad_fn=<DivBackward0>)
Memory status after this epoch: 
Memory allocated:  242.8017578125
Memory cached:  554.0
	 epoch  90 training error:  tensor(0.1598, device='cuda:0', grad_fn=<DivBackward0>)
Memory status after this epoch: 
Memory allocated:  242.8017578125
Memory cached:  552.0
[I 2024-01-13 02:45:14,142] Trial 106 finished with value: 0.09982984513044357 and parameters: {'W_layers': 2, 'W_layer_units_exponent_0': 7, 'W_layer_units_exponent_1': 4, 'D_layers': 4, 'D_layer_units_exponent_0': 5, 'D_layer_units_exponent_1': 4, 'D_layer_units_exponent_2': 8, 'D_layer_units_exponent_3': 10, 'D_dagger_layers': 7, 'D_dagger_layer_units_exponent_0': 9, 'D_dagger_layer_units_exponent_1': 8, 'D_dagger_layer_units_exponent_2': 6, 'D_dagger_layer_units_exponent_3': 5, 'D_dagger_layer_units_exponent_4': 5, 'D_dagger_layer_units_exponent_5': 7, 'D_dagger_layer_units_exponent_6': 8, 'log_learning_rate': -4.650511956975236, 'log_learning_rate_D': -3.016266647480601, 'log_learning_rate_D_dagger': -3.0249911371823996, 'training_batch_size': 6, 'training_p': 8}. Best is trial 102 with value: 0.08293309062719345.
Time for this trial:  453.30069398880005
Memory status after this trial: 
Memory allocated:  512.52490234375
Memory cached:  554.0
--------------------  Trial  107   --------------------
Start timing: 
Parameters: 
{'W_layers': 3, 'W_layer_units_exponent_0': 7, 'W_layer_units_exponent_1': 5, 'W_layer_units_exponent_2': 9, 'D_layers': 4, 'D_layer_units_exponent_0': 5, 'D_layer_units_exponent_1': 4, 'D_layer_units_exponent_2': 8, 'D_layer_units_exponent_3': 9, 'D_dagger_layers': 7, 'D_dagger_layer_units_exponent_0': 9, 'D_dagger_layer_units_exponent_1': 7, 'D_dagger_layer_units_exponent_2': 6, 'D_dagger_layer_units_exponent_3': 5, 'D_dagger_layer_units_exponent_4': 5, 'D_dagger_layer_units_exponent_5': 7, 'D_dagger_layer_units_exponent_6': 8, 'log_learning_rate': -4.828994962930747, 'log_learning_rate_D': -3.020766186088923, 'log_learning_rate_D_dagger': -3.0168026909476113, 'training_batch_size': 6, 'training_p': 8}
	 epoch  0 training error:  tensor(0.9371, device='cuda:0', grad_fn=<DivBackward0>)
Memory status after this epoch: 
Memory allocated:  239.9541015625
Memory cached:  548.0
	 epoch  10 training error:  tensor(0.5493, device='cuda:0', grad_fn=<DivBackward0>)
Memory status after this epoch: 
Memory allocated:  239.9541015625
Memory cached:  552.0
	 epoch  20 training error:  tensor(0.5372, device='cuda:0', grad_fn=<DivBackward0>)
Memory status after this epoch: 
Memory allocated:  239.9541015625
Memory cached:  552.0
	 epoch  30 training error:  tensor(0.5308, device='cuda:0', grad_fn=<DivBackward0>)
Memory status after this epoch: 
Memory allocated:  239.9541015625
Memory cached:  552.0
	 epoch  40 training error:  tensor(0.5195, device='cuda:0', grad_fn=<DivBackward0>)
Memory status after this epoch: 
Memory allocated:  239.9541015625
Memory cached:  554.0
	 epoch  50 training error:  tensor(0.4849, device='cuda:0', grad_fn=<DivBackward0>)
Memory status after this epoch: 
Memory allocated:  239.9541015625
Memory cached:  552.0
	 epoch  60 training error:  tensor(0.2574, device='cuda:0', grad_fn=<DivBackward0>)
Memory status after this epoch: 
Memory allocated:  239.9541015625
Memory cached:  550.0
	 epoch  70 training error:  tensor(0.2018, device='cuda:0', grad_fn=<DivBackward0>)
Memory status after this epoch: 
Memory allocated:  239.9541015625
Memory cached:  552.0
	 epoch  80 training error:  tensor(0.2248, device='cuda:0', grad_fn=<DivBackward0>)
Memory status after this epoch: 
Memory allocated:  239.9541015625
Memory cached:  552.0
	 epoch  90 training error:  tensor(0.1494, device='cuda:0', grad_fn=<DivBackward0>)
Memory status after this epoch: 
Memory allocated:  239.9541015625
Memory cached:  554.0
