[I 2024-01-02 03:40:14,787] Trial 295 finished with value: 0.3291229009628296 and parameters: {'W_layers': 6, 'W_layer_units_exponent_0': 5, 'W_layer_units_exponent_1': 9, 'W_layer_units_exponent_2': 4, 'W_layer_units_exponent_3': 9, 'W_layer_units_exponent_4': 7, 'W_layer_units_exponent_5': 5, 'D_layers': 7, 'D_layer_units_exponent_0': 9, 'D_layer_units_exponent_1': 8, 'D_layer_units_exponent_2': 8, 'D_layer_units_exponent_3': 8, 'D_layer_units_exponent_4': 5, 'D_layer_units_exponent_5': 10, 'D_layer_units_exponent_6': 7, 'D_dagger_layers': 6, 'D_dagger_layer_units_exponent_0': 8, 'D_dagger_layer_units_exponent_1': 10, 'D_dagger_layer_units_exponent_2': 8, 'D_dagger_layer_units_exponent_3': 7, 'D_dagger_layer_units_exponent_4': 5, 'D_dagger_layer_units_exponent_5': 9, 'log_learning_rate': -4.246086535604042, 'log_learning_rate_D': -3.6520233479360953, 'log_learning_rate_D_dagger': -3.2382142511916925, 'training_batch_size': 10, 'training_p': 2}. Best is trial 143 with value: 0.325590580701828.
Time for this trial:  22.629265069961548
Memory status after this trial: 
Memory allocated:  354.88330078125
Memory cached:  376.0
--------------------  Trial  296   --------------------
Start timing: 
Parameters: 
{'W_layers': 7, 'W_layer_units_exponent_0': 6, 'W_layer_units_exponent_1': 9, 'W_layer_units_exponent_2': 4, 'W_layer_units_exponent_3': 9, 'W_layer_units_exponent_4': 7, 'W_layer_units_exponent_5': 6, 'W_layer_units_exponent_6': 10, 'D_layers': 7, 'D_layer_units_exponent_0': 9, 'D_layer_units_exponent_1': 9, 'D_layer_units_exponent_2': 7, 'D_layer_units_exponent_3': 8, 'D_layer_units_exponent_4': 5, 'D_layer_units_exponent_5': 9, 'D_layer_units_exponent_6': 7, 'D_dagger_layers': 4, 'D_dagger_layer_units_exponent_0': 8, 'D_dagger_layer_units_exponent_1': 10, 'D_dagger_layer_units_exponent_2': 8, 'D_dagger_layer_units_exponent_3': 4, 'log_learning_rate': -4.019212327771974, 'log_learning_rate_D': -1.4470816355527012, 'log_learning_rate_D_dagger': -3.777793112301137, 'training_batch_size': 7, 'training_p': 2}
	 epoch  0 training error:  tensor(0.9511, device='cuda:0', grad_fn=<DivBackward0>)
Memory status after this epoch: 
Memory allocated:  179.0869140625
Memory cached:  244.0
	 epoch  10 training error:  tensor(0.3099, device='cuda:0', grad_fn=<DivBackward0>)
Memory status after this epoch: 
Memory allocated:  179.0869140625
Memory cached:  244.0
	 epoch  20 training error:  tensor(0.3182, device='cuda:0', grad_fn=<DivBackward0>)
Memory status after this epoch: 
Memory allocated:  179.0869140625
Memory cached:  244.0
	 epoch  30 training error:  tensor(0.2980, device='cuda:0', grad_fn=<DivBackward0>)
Memory status after this epoch: 
Memory allocated:  179.0869140625
Memory cached:  244.0
	 epoch  40 training error:  tensor(0.2899, device='cuda:0', grad_fn=<DivBackward0>)
Memory status after this epoch: 
Memory allocated:  179.0869140625
Memory cached:  244.0
	 epoch  50 training error:  tensor(0.2902, device='cuda:0', grad_fn=<DivBackward0>)
Memory status after this epoch: 
Memory allocated:  179.0869140625
Memory cached:  244.0
	 epoch  60 training error:  tensor(0.2880, device='cuda:0', grad_fn=<DivBackward0>)
Memory status after this epoch: 
Memory allocated:  179.0869140625
Memory cached:  244.0
	 epoch  70 training error:  tensor(0.2869, device='cuda:0', grad_fn=<DivBackward0>)
Memory status after this epoch: 
Memory allocated:  179.0869140625
Memory cached:  244.0
	 epoch  80 training error:  tensor(0.2848, device='cuda:0', grad_fn=<DivBackward0>)
Memory status after this epoch: 
Memory allocated:  179.0869140625
Memory cached:  244.0
	 epoch  90 training error:  tensor(0.2879, device='cuda:0', grad_fn=<DivBackward0>)
Memory status after this epoch: 
Memory allocated:  179.0869140625
Memory cached:  244.0
[I 2024-01-02 03:40:37,575] Trial 296 finished with value: 0.32676392793655396 and parameters: {'W_layers': 7, 'W_layer_units_exponent_0': 6, 'W_layer_units_exponent_1': 9, 'W_layer_units_exponent_2': 4, 'W_layer_units_exponent_3': 9, 'W_layer_units_exponent_4': 7, 'W_layer_units_exponent_5': 6, 'W_layer_units_exponent_6': 10, 'D_layers': 7, 'D_layer_units_exponent_0': 9, 'D_layer_units_exponent_1': 9, 'D_layer_units_exponent_2': 7, 'D_layer_units_exponent_3': 8, 'D_layer_units_exponent_4': 5, 'D_layer_units_exponent_5': 9, 'D_layer_units_exponent_6': 7, 'D_dagger_layers': 4, 'D_dagger_layer_units_exponent_0': 8, 'D_dagger_layer_units_exponent_1': 10, 'D_dagger_layer_units_exponent_2': 8, 'D_dagger_layer_units_exponent_3': 4, 'log_learning_rate': -4.019212327771974, 'log_learning_rate_D': -1.4470816355527012, 'log_learning_rate_D_dagger': -3.777793112301137, 'training_batch_size': 7, 'training_p': 2}. Best is trial 143 with value: 0.325590580701828.
Time for this trial:  22.3239324092865
Memory status after this trial: 
Memory allocated:  375.30224609375
Memory cached:  406.0
--------------------  Trial  297   --------------------
Start timing: 
Parameters: 
{'W_layers': 6, 'W_layer_units_exponent_0': 6, 'W_layer_units_exponent_1': 9, 'W_layer_units_exponent_2': 6, 'W_layer_units_exponent_3': 7, 'W_layer_units_exponent_4': 7, 'W_layer_units_exponent_5': 5, 'D_layers': 7, 'D_layer_units_exponent_0': 9, 'D_layer_units_exponent_1': 8, 'D_layer_units_exponent_2': 8, 'D_layer_units_exponent_3': 8, 'D_layer_units_exponent_4': 5, 'D_layer_units_exponent_5': 5, 'D_layer_units_exponent_6': 9, 'D_dagger_layers': 4, 'D_dagger_layer_units_exponent_0': 8, 'D_dagger_layer_units_exponent_1': 10, 'D_dagger_layer_units_exponent_2': 8, 'D_dagger_layer_units_exponent_3': 4, 'log_learning_rate': -4.067898455704109, 'log_learning_rate_D': -1.2967928968973692, 'log_learning_rate_D_dagger': -3.963385688494217, 'training_batch_size': 6, 'training_p': 2}
	 epoch  0 training error:  tensor(0.9865, device='cuda:0', grad_fn=<DivBackward0>)
Memory status after this epoch: 
Memory allocated:  176.9697265625
Memory cached:  244.0
	 epoch  10 training error:  tensor(0.3278, device='cuda:0', grad_fn=<DivBackward0>)
Memory status after this epoch: 
Memory allocated:  176.9697265625
Memory cached:  244.0
	 epoch  20 training error:  tensor(0.2884, device='cuda:0', grad_fn=<DivBackward0>)
Memory status after this epoch: 
Memory allocated:  176.9697265625
Memory cached:  244.0
	 epoch  30 training error:  tensor(0.2911, device='cuda:0', grad_fn=<DivBackward0>)
Memory status after this epoch: 
Memory allocated:  176.9697265625
Memory cached:  244.0
	 epoch  40 training error:  tensor(0.2891, device='cuda:0', grad_fn=<DivBackward0>)
Memory status after this epoch: 
Memory allocated:  176.9697265625
Memory cached:  244.0
	 epoch  50 training error:  tensor(0.2863, device='cuda:0', grad_fn=<DivBackward0>)
Memory status after this epoch: 
Memory allocated:  176.9697265625
Memory cached:  244.0
	 epoch  60 training error:  tensor(0.2863, device='cuda:0', grad_fn=<DivBackward0>)
Memory status after this epoch: 
Memory allocated:  176.9697265625
Memory cached:  244.0
	 epoch  70 training error:  tensor(0.2892, device='cuda:0', grad_fn=<DivBackward0>)
Memory status after this epoch: 
Memory allocated:  176.9697265625
Memory cached:  244.0
	 epoch  80 training error:  tensor(0.2868, device='cuda:0', grad_fn=<DivBackward0>)
Memory status after this epoch: 
Memory allocated:  176.9697265625
Memory cached:  244.0
	 epoch  90 training error:  tensor(0.2853, device='cuda:0', grad_fn=<DivBackward0>)
Memory status after this epoch: 
Memory allocated:  176.9697265625
Memory cached:  244.0
[I 2024-01-02 03:41:01,559] Trial 297 finished with value: 0.3262418806552887 and parameters: {'W_layers': 6, 'W_layer_units_exponent_0': 6, 'W_layer_units_exponent_1': 9, 'W_layer_units_exponent_2': 6, 'W_layer_units_exponent_3': 7, 'W_layer_units_exponent_4': 7, 'W_layer_units_exponent_5': 5, 'D_layers': 7, 'D_layer_units_exponent_0': 9, 'D_layer_units_exponent_1': 8, 'D_layer_units_exponent_2': 8, 'D_layer_units_exponent_3': 8, 'D_layer_units_exponent_4': 5, 'D_layer_units_exponent_5': 5, 'D_layer_units_exponent_6': 9, 'D_dagger_layers': 4, 'D_dagger_layer_units_exponent_0': 8, 'D_dagger_layer_units_exponent_1': 10, 'D_dagger_layer_units_exponent_2': 8, 'D_dagger_layer_units_exponent_3': 4, 'log_learning_rate': -4.067898455704109, 'log_learning_rate_D': -1.2967928968973692, 'log_learning_rate_D_dagger': -3.963385688494217, 'training_batch_size': 6, 'training_p': 2}. Best is trial 143 with value: 0.325590580701828.
Time for this trial:  23.479224920272827
Memory status after this trial: 
Memory allocated:  305.54345703125
Memory cached:  318.0
--------------------  Trial  298   --------------------
Start timing: 
Parameters: 
{'W_layers': 6, 'W_layer_units_exponent_0': 6, 'W_layer_units_exponent_1': 9, 'W_layer_units_exponent_2': 6, 'W_layer_units_exponent_3': 7, 'W_layer_units_exponent_4': 7, 'W_layer_units_exponent_5': 6, 'D_layers': 7, 'D_layer_units_exponent_0': 4, 'D_layer_units_exponent_1': 8, 'D_layer_units_exponent_2': 8, 'D_layer_units_exponent_3': 8, 'D_layer_units_exponent_4': 5, 'D_layer_units_exponent_5': 5, 'D_layer_units_exponent_6': 9, 'D_dagger_layers': 4, 'D_dagger_layer_units_exponent_0': 8, 'D_dagger_layer_units_exponent_1': 10, 'D_dagger_layer_units_exponent_2': 8, 'D_dagger_layer_units_exponent_3': 4, 'log_learning_rate': -4.088134676579257, 'log_learning_rate_D': -1.247803103098431, 'log_learning_rate_D_dagger': -4.019051009801672, 'training_batch_size': 6, 'training_p': 2}
	 epoch  0 training error:  tensor(0.8958, device='cuda:0', grad_fn=<DivBackward0>)
Memory status after this epoch: 
Memory allocated:  176.54638671875
Memory cached:  244.0
	 epoch  10 training error:  tensor(0.3362, device='cuda:0', grad_fn=<DivBackward0>)
Memory status after this epoch: 
Memory allocated:  176.54638671875
Memory cached:  244.0
	 epoch  20 training error:  tensor(0.2941, device='cuda:0', grad_fn=<DivBackward0>)
Memory status after this epoch: 
Memory allocated:  176.54638671875
Memory cached:  244.0
	 epoch  30 training error:  tensor(0.2931, device='cuda:0', grad_fn=<DivBackward0>)
Memory status after this epoch: 
Memory allocated:  176.54638671875
Memory cached:  244.0
	 epoch  40 training error:  tensor(0.2880, device='cuda:0', grad_fn=<DivBackward0>)
Memory status after this epoch: 
Memory allocated:  176.54638671875
Memory cached:  244.0
	 epoch  50 training error:  tensor(0.2875, device='cuda:0', grad_fn=<DivBackward0>)
Memory status after this epoch: 
Memory allocated:  176.54638671875
Memory cached:  244.0
	 epoch  60 training error:  tensor(0.2870, device='cuda:0', grad_fn=<DivBackward0>)
Memory status after this epoch: 
Memory allocated:  176.54638671875
Memory cached:  244.0
	 epoch  70 training error:  tensor(0.2891, device='cuda:0', grad_fn=<DivBackward0>)
Memory status after this epoch: 
Memory allocated:  176.54638671875
Memory cached:  244.0
	 epoch  80 training error:  tensor(0.2894, device='cuda:0', grad_fn=<DivBackward0>)
Memory status after this epoch: 
Memory allocated:  176.54638671875
Memory cached:  244.0
	 epoch  90 training error:  tensor(0.2893, device='cuda:0', grad_fn=<DivBackward0>)
Memory status after this epoch: 
Memory allocated:  176.54638671875
Memory cached:  244.0
[I 2024-01-02 03:41:25,453] Trial 298 finished with value: 0.3269354999065399 and parameters: {'W_layers': 6, 'W_layer_units_exponent_0': 6, 'W_layer_units_exponent_1': 9, 'W_layer_units_exponent_2': 6, 'W_layer_units_exponent_3': 7, 'W_layer_units_exponent_4': 7, 'W_layer_units_exponent_5': 6, 'D_layers': 7, 'D_layer_units_exponent_0': 4, 'D_layer_units_exponent_1': 8, 'D_layer_units_exponent_2': 8, 'D_layer_units_exponent_3': 8, 'D_layer_units_exponent_4': 5, 'D_layer_units_exponent_5': 5, 'D_layer_units_exponent_6': 9, 'D_dagger_layers': 4, 'D_dagger_layer_units_exponent_0': 8, 'D_dagger_layer_units_exponent_1': 10, 'D_dagger_layer_units_exponent_2': 8, 'D_dagger_layer_units_exponent_3': 4, 'log_learning_rate': -4.088134676579257, 'log_learning_rate_D': -1.247803103098431, 'log_learning_rate_D_dagger': -4.019051009801672, 'training_batch_size': 6, 'training_p': 2}. Best is trial 143 with value: 0.325590580701828.
Time for this trial:  23.451488256454468
Memory status after this trial: 
Memory allocated:  307.03955078125
Memory cached:  320.0
--------------------  Trial  299   --------------------
Start timing: 
Parameters: 
{'W_layers': 6, 'W_layer_units_exponent_0': 4, 'W_layer_units_exponent_1': 10, 'W_layer_units_exponent_2': 6, 'W_layer_units_exponent_3': 7, 'W_layer_units_exponent_4': 7, 'W_layer_units_exponent_5': 10, 'D_layers': 7, 'D_layer_units_exponent_0': 9, 'D_layer_units_exponent_1': 8, 'D_layer_units_exponent_2': 8, 'D_layer_units_exponent_3': 8, 'D_layer_units_exponent_4': 5, 'D_layer_units_exponent_5': 5, 'D_layer_units_exponent_6': 9, 'D_dagger_layers': 5, 'D_dagger_layer_units_exponent_0': 8, 'D_dagger_layer_units_exponent_1': 10, 'D_dagger_layer_units_exponent_2': 9, 'D_dagger_layer_units_exponent_3': 4, 'D_dagger_layer_units_exponent_4': 4, 'log_learning_rate': -3.8429070867480912, 'log_learning_rate_D': -1.3251986457130187, 'log_learning_rate_D_dagger': -3.958081849601101, 'training_batch_size': 6, 'training_p': 2}
	 epoch  0 training error:  tensor(0.9787, device='cuda:0', grad_fn=<DivBackward0>)
Memory status after this epoch: 
Memory allocated:  184.0771484375
Memory cached:  244.0
	 epoch  10 training error:  tensor(0.3384, device='cuda:0', grad_fn=<DivBackward0>)
Memory status after this epoch: 
Memory allocated:  184.0771484375
Memory cached:  244.0
	 epoch  20 training error:  tensor(0.3145, device='cuda:0', grad_fn=<DivBackward0>)
Memory status after this epoch: 
Memory allocated:  184.0771484375
Memory cached:  244.0
	 epoch  30 training error:  tensor(0.2986, device='cuda:0', grad_fn=<DivBackward0>)
Memory status after this epoch: 
Memory allocated:  184.0771484375
Memory cached:  244.0
	 epoch  40 training error:  tensor(0.2970, device='cuda:0', grad_fn=<DivBackward0>)
Memory status after this epoch: 
Memory allocated:  184.0771484375
Memory cached:  244.0
	 epoch  50 training error:  tensor(0.2857, device='cuda:0', grad_fn=<DivBackward0>)
Memory status after this epoch: 
Memory allocated:  184.0771484375
Memory cached:  244.0
	 epoch  60 training error:  tensor(0.2878, device='cuda:0', grad_fn=<DivBackward0>)
Memory status after this epoch: 
Memory allocated:  184.0771484375
Memory cached:  244.0
	 epoch  70 training error:  tensor(0.2865, device='cuda:0', grad_fn=<DivBackward0>)
Memory status after this epoch: 
Memory allocated:  184.0771484375
Memory cached:  244.0
	 epoch  80 training error:  tensor(0.2868, device='cuda:0', grad_fn=<DivBackward0>)
Memory status after this epoch: 
Memory allocated:  184.0771484375
Memory cached:  244.0
	 epoch  90 training error:  tensor(0.2868, device='cuda:0', grad_fn=<DivBackward0>)
Memory status after this epoch: 
Memory allocated:  184.0771484375
Memory cached:  244.0
[I 2024-01-02 03:41:50,655] Trial 299 finished with value: 0.3282563388347626 and parameters: {'W_layers': 6, 'W_layer_units_exponent_0': 4, 'W_layer_units_exponent_1': 10, 'W_layer_units_exponent_2': 6, 'W_layer_units_exponent_3': 7, 'W_layer_units_exponent_4': 7, 'W_layer_units_exponent_5': 10, 'D_layers': 7, 'D_layer_units_exponent_0': 9, 'D_layer_units_exponent_1': 8, 'D_layer_units_exponent_2': 8, 'D_layer_units_exponent_3': 8, 'D_layer_units_exponent_4': 5, 'D_layer_units_exponent_5': 5, 'D_layer_units_exponent_6': 9, 'D_dagger_layers': 5, 'D_dagger_layer_units_exponent_0': 8, 'D_dagger_layer_units_exponent_1': 10, 'D_dagger_layer_units_exponent_2': 9, 'D_dagger_layer_units_exponent_3': 4, 'D_dagger_layer_units_exponent_4': 4, 'log_learning_rate': -3.8429070867480912, 'log_learning_rate_D': -1.3251986457130187, 'log_learning_rate_D_dagger': -3.958081849601101, 'training_batch_size': 6, 'training_p': 2}. Best is trial 143 with value: 0.325590580701828.
Time for this trial:  24.781570434570312
Memory status after this trial: 
Memory allocated:  396.37646484375
Memory cached:  426.0
--------------------  Trial  300   --------------------
Start timing: 
Parameters: 
{'W_layers': 6, 'W_layer_units_exponent_0': 6, 'W_layer_units_exponent_1': 9, 'W_layer_units_exponent_2': 6, 'W_layer_units_exponent_3': 7, 'W_layer_units_exponent_4': 7, 'W_layer_units_exponent_5': 8, 'D_layers': 7, 'D_layer_units_exponent_0': 9, 'D_layer_units_exponent_1': 8, 'D_layer_units_exponent_2': 8, 'D_layer_units_exponent_3': 8, 'D_layer_units_exponent_4': 5, 'D_layer_units_exponent_5': 5, 'D_layer_units_exponent_6': 8, 'D_dagger_layers': 4, 'D_dagger_layer_units_exponent_0': 8, 'D_dagger_layer_units_exponent_1': 10, 'D_dagger_layer_units_exponent_2': 8, 'D_dagger_layer_units_exponent_3': 6, 'log_learning_rate': -4.013975339304827, 'log_learning_rate_D': -3.58893031026179, 'log_learning_rate_D_dagger': -3.529760172312462, 'training_batch_size': 6, 'training_p': 2}
	 epoch  0 training error:  tensor(0.8889, device='cuda:0', grad_fn=<DivBackward0>)
Memory status after this epoch: 
Memory allocated:  177.5654296875
Memory cached:  244.0
	 epoch  10 training error:  tensor(0.3057, device='cuda:0', grad_fn=<DivBackward0>)
Memory status after this epoch: 
Memory allocated:  177.5654296875
Memory cached:  244.0
	 epoch  20 training error:  tensor(0.2939, device='cuda:0', grad_fn=<DivBackward0>)
Memory status after this epoch: 
Memory allocated:  177.5654296875
Memory cached:  244.0
	 epoch  30 training error:  tensor(0.2934, device='cuda:0', grad_fn=<DivBackward0>)
Memory status after this epoch: 
Memory allocated:  177.5654296875
Memory cached:  244.0
	 epoch  40 training error:  tensor(0.2894, device='cuda:0', grad_fn=<DivBackward0>)
Memory status after this epoch: 
Memory allocated:  177.5654296875
Memory cached:  244.0
	 epoch  50 training error:  tensor(0.2862, device='cuda:0', grad_fn=<DivBackward0>)
Memory status after this epoch: 
Memory allocated:  177.5654296875
Memory cached:  244.0
	 epoch  60 training error:  tensor(0.2915, device='cuda:0', grad_fn=<DivBackward0>)
Memory status after this epoch: 
Memory allocated:  177.5654296875
Memory cached:  244.0
	 epoch  70 training error:  tensor(0.2964, device='cuda:0', grad_fn=<DivBackward0>)
Memory status after this epoch: 
Memory allocated:  177.5654296875
Memory cached:  244.0
	 epoch  80 training error:  tensor(0.3032, device='cuda:0', grad_fn=<DivBackward0>)
Memory status after this epoch: 
Memory allocated:  177.5654296875
Memory cached:  244.0
	 epoch  90 training error:  tensor(0.2981, device='cuda:0', grad_fn=<DivBackward0>)
Memory status after this epoch: 
Memory allocated:  177.5654296875
Memory cached:  244.0
