[I 2023-12-06 23:25:19,260] Trial 16 finished with value: 0.3203856647014618 and parameters: {'W_layers': 4, 'W_layer_units_exponent_0': 7, 'W_layer_units_exponent_1': 8, 'W_layer_units_exponent_2': 5, 'W_layer_units_exponent_3': 9, 'D_layers': 4, 'D_layer_units_exponent_0': 10, 'D_layer_units_exponent_1': 8, 'D_layer_units_exponent_2': 8, 'D_layer_units_exponent_3': 9, 'D_dagger_layers': 8, 'D_dagger_layer_units_exponent_0': 9, 'D_dagger_layer_units_exponent_1': 5, 'D_dagger_layer_units_exponent_2': 6, 'D_dagger_layer_units_exponent_3': 8, 'D_dagger_layer_units_exponent_4': 10, 'D_dagger_layer_units_exponent_5': 4, 'D_dagger_layer_units_exponent_6': 9, 'D_dagger_layer_units_exponent_7': 4, 'log_learning_rate': -1.709940601775765, 'log_learning_rate_D': -2.5940671345610595, 'log_learning_rate_D_dagger': -3.408381655521295, 'training_batch_size': 8, 'training_p': 4}. Best is trial 15 with value: 0.2806603014469147.
Time for this trial:  219.46133255958557
Memory status after this trial: 
Memory allocated:  620.375
Memory cached:  644.0
--------------------  Trial  17   --------------------
Start timing: 
Parameters: 
{'W_layers': 2, 'W_layer_units_exponent_0': 7, 'W_layer_units_exponent_1': 8, 'D_layers': 4, 'D_layer_units_exponent_0': 9, 'D_layer_units_exponent_1': 8, 'D_layer_units_exponent_2': 7, 'D_layer_units_exponent_3': 6, 'D_dagger_layers': 7, 'D_dagger_layer_units_exponent_0': 8, 'D_dagger_layer_units_exponent_1': 8, 'D_dagger_layer_units_exponent_2': 6, 'D_dagger_layer_units_exponent_3': 8, 'D_dagger_layer_units_exponent_4': 8, 'D_dagger_layer_units_exponent_5': 5, 'D_dagger_layer_units_exponent_6': 7, 'log_learning_rate': -2.760089755063564, 'log_learning_rate_D': -2.5599993512479786, 'log_learning_rate_D_dagger': -3.913362833752235, 'training_batch_size': 6, 'training_p': 6}
	 epoch  0 training error:  tensor(1.0336, device='cuda:0', grad_fn=<DivBackward0>)
Memory status after this epoch: 
Memory allocated:  339.31884765625
Memory cached:  588.0
	 epoch  10 training error:  tensor(0.7877, device='cuda:0', grad_fn=<DivBackward0>)
Memory status after this epoch: 
Memory allocated:  339.31884765625
Memory cached:  640.0
	 epoch  20 training error:  tensor(0.5367, device='cuda:0', grad_fn=<DivBackward0>)
Memory status after this epoch: 
Memory allocated:  339.31884765625
Memory cached:  650.0
	 epoch  30 training error:  tensor(0.4381, device='cuda:0', grad_fn=<DivBackward0>)
Memory status after this epoch: 
Memory allocated:  339.31884765625
Memory cached:  636.0
	 epoch  40 training error:  tensor(0.4213, device='cuda:0', grad_fn=<DivBackward0>)
Memory status after this epoch: 
Memory allocated:  339.31884765625
Memory cached:  640.0
	 epoch  50 training error:  tensor(0.4234, device='cuda:0', grad_fn=<DivBackward0>)
Memory status after this epoch: 
Memory allocated:  339.31884765625
Memory cached:  628.0
	 epoch  60 training error:  tensor(0.3924, device='cuda:0', grad_fn=<DivBackward0>)
Memory status after this epoch: 
Memory allocated:  339.31884765625
Memory cached:  630.0
	 epoch  70 training error:  tensor(0.3689, device='cuda:0', grad_fn=<DivBackward0>)
Memory status after this epoch: 
Memory allocated:  339.31884765625
Memory cached:  630.0
	 epoch  80 training error:  tensor(0.3613, device='cuda:0', grad_fn=<DivBackward0>)
Memory status after this epoch: 
Memory allocated:  339.31884765625
Memory cached:  634.0
	 epoch  90 training error:  tensor(0.3592, device='cuda:0', grad_fn=<DivBackward0>)
Memory status after this epoch: 
Memory allocated:  339.31884765625
Memory cached:  652.0
[I 2023-12-06 23:30:30,133] Trial 17 finished with value: 0.32323136925697327 and parameters: {'W_layers': 2, 'W_layer_units_exponent_0': 7, 'W_layer_units_exponent_1': 8, 'D_layers': 4, 'D_layer_units_exponent_0': 9, 'D_layer_units_exponent_1': 8, 'D_layer_units_exponent_2': 7, 'D_layer_units_exponent_3': 6, 'D_dagger_layers': 7, 'D_dagger_layer_units_exponent_0': 8, 'D_dagger_layer_units_exponent_1': 8, 'D_dagger_layer_units_exponent_2': 6, 'D_dagger_layer_units_exponent_3': 8, 'D_dagger_layer_units_exponent_4': 8, 'D_dagger_layer_units_exponent_5': 5, 'D_dagger_layer_units_exponent_6': 7, 'log_learning_rate': -2.760089755063564, 'log_learning_rate_D': -2.5599993512479786, 'log_learning_rate_D_dagger': -3.913362833752235, 'training_batch_size': 6, 'training_p': 6}. Best is trial 15 with value: 0.2806603014469147.
Time for this trial:  310.6106870174408
Memory status after this trial: 
Memory allocated:  471.197265625
Memory cached:  630.0
--------------------  Trial  18   --------------------
Start timing: 
Parameters: 
{'W_layers': 3, 'W_layer_units_exponent_0': 7, 'W_layer_units_exponent_1': 6, 'W_layer_units_exponent_2': 8, 'D_layers': 5, 'D_layer_units_exponent_0': 9, 'D_layer_units_exponent_1': 7, 'D_layer_units_exponent_2': 4, 'D_layer_units_exponent_3': 9, 'D_layer_units_exponent_4': 7, 'D_dagger_layers': 7, 'D_dagger_layer_units_exponent_0': 8, 'D_dagger_layer_units_exponent_1': 5, 'D_dagger_layer_units_exponent_2': 9, 'D_dagger_layer_units_exponent_3': 6, 'D_dagger_layer_units_exponent_4': 10, 'D_dagger_layer_units_exponent_5': 8, 'D_dagger_layer_units_exponent_6': 8, 'log_learning_rate': -1.8963786807526422, 'log_learning_rate_D': -3.2114356714169485, 'log_learning_rate_D_dagger': -3.41162253130338, 'training_batch_size': 8, 'training_p': 4}
	 epoch  0 training error:  tensor(0.8977, device='cuda:0', grad_fn=<DivBackward0>)
Memory status after this epoch: 
Memory allocated:  342.91455078125
Memory cached:  584.0
	 epoch  10 training error:  tensor(0.5900, device='cuda:0', grad_fn=<DivBackward0>)
Memory status after this epoch: 
Memory allocated:  342.91455078125
Memory cached:  614.0
	 epoch  20 training error:  tensor(0.4656, device='cuda:0', grad_fn=<DivBackward0>)
Memory status after this epoch: 
Memory allocated:  342.91455078125
Memory cached:  606.0
	 epoch  30 training error:  tensor(0.4692, device='cuda:0', grad_fn=<DivBackward0>)
Memory status after this epoch: 
Memory allocated:  342.91455078125
Memory cached:  600.0
	 epoch  40 training error:  tensor(0.4149, device='cuda:0', grad_fn=<DivBackward0>)
Memory status after this epoch: 
Memory allocated:  342.91455078125
Memory cached:  614.0
	 epoch  50 training error:  tensor(0.4040, device='cuda:0', grad_fn=<DivBackward0>)
Memory status after this epoch: 
Memory allocated:  342.91455078125
Memory cached:  612.0
	 epoch  60 training error:  tensor(0.3983, device='cuda:0', grad_fn=<DivBackward0>)
Memory status after this epoch: 
Memory allocated:  342.91455078125
Memory cached:  610.0
	 epoch  70 training error:  tensor(0.3903, device='cuda:0', grad_fn=<DivBackward0>)
Memory status after this epoch: 
Memory allocated:  342.91455078125
Memory cached:  618.0
	 epoch  80 training error:  tensor(0.3820, device='cuda:0', grad_fn=<DivBackward0>)
Memory status after this epoch: 
Memory allocated:  342.91455078125
Memory cached:  616.0
	 epoch  90 training error:  tensor(0.3689, device='cuda:0', grad_fn=<DivBackward0>)
Memory status after this epoch: 
Memory allocated:  342.91455078125
Memory cached:  610.0
[I 2023-12-06 23:33:50,868] Trial 18 finished with value: 0.3373621702194214 and parameters: {'W_layers': 3, 'W_layer_units_exponent_0': 7, 'W_layer_units_exponent_1': 6, 'W_layer_units_exponent_2': 8, 'D_layers': 5, 'D_layer_units_exponent_0': 9, 'D_layer_units_exponent_1': 7, 'D_layer_units_exponent_2': 4, 'D_layer_units_exponent_3': 9, 'D_layer_units_exponent_4': 7, 'D_dagger_layers': 7, 'D_dagger_layer_units_exponent_0': 8, 'D_dagger_layer_units_exponent_1': 5, 'D_dagger_layer_units_exponent_2': 9, 'D_dagger_layer_units_exponent_3': 6, 'D_dagger_layer_units_exponent_4': 10, 'D_dagger_layer_units_exponent_5': 8, 'D_dagger_layer_units_exponent_6': 8, 'log_learning_rate': -1.8963786807526422, 'log_learning_rate_D': -3.2114356714169485, 'log_learning_rate_D_dagger': -3.41162253130338, 'training_batch_size': 8, 'training_p': 4}. Best is trial 15 with value: 0.2806603014469147.
Time for this trial:  200.48450350761414
Memory status after this trial: 
Memory allocated:  554.37353515625
Memory cached:  608.0
--------------------  Trial  19   --------------------
Start timing: 
Parameters: 
{'W_layers': 4, 'W_layer_units_exponent_0': 8, 'W_layer_units_exponent_1': 8, 'W_layer_units_exponent_2': 8, 'W_layer_units_exponent_3': 7, 'D_layers': 3, 'D_layer_units_exponent_0': 10, 'D_layer_units_exponent_1': 10, 'D_layer_units_exponent_2': 9, 'D_dagger_layers': 5, 'D_dagger_layer_units_exponent_0': 9, 'D_dagger_layer_units_exponent_1': 8, 'D_dagger_layer_units_exponent_2': 5, 'D_dagger_layer_units_exponent_3': 9, 'D_dagger_layer_units_exponent_4': 7, 'log_learning_rate': -1.4737311107931859, 'log_learning_rate_D': -4.0227457576136185, 'log_learning_rate_D_dagger': -4.39469915603572, 'training_batch_size': 8, 'training_p': 7}
	 epoch  0 training error:  tensor(0.9116, device='cuda:0', grad_fn=<DivBackward0>)
Memory status after this epoch: 
Memory allocated:  363.41064453125
Memory cached:  592.0
	 epoch  10 training error:  tensor(54.2854, device='cuda:0', grad_fn=<DivBackward0>)
Memory status after this epoch: 
Memory allocated:  363.41064453125
Memory cached:  596.0
	 epoch  20 training error:  tensor(18.7588, device='cuda:0', grad_fn=<DivBackward0>)
Memory status after this epoch: 
Memory allocated:  363.41064453125
Memory cached:  596.0
	 epoch  30 training error:  tensor(4.8519, device='cuda:0', grad_fn=<DivBackward0>)
Memory status after this epoch: 
Memory allocated:  363.41064453125
Memory cached:  598.0
	 epoch  40 training error:  tensor(3.1306, device='cuda:0', grad_fn=<DivBackward0>)
Memory status after this epoch: 
Memory allocated:  363.41064453125
Memory cached:  598.0
	 epoch  50 training error:  tensor(1.0233, device='cuda:0', grad_fn=<DivBackward0>)
Memory status after this epoch: 
Memory allocated:  363.41064453125
Memory cached:  596.0
	 epoch  60 training error:  tensor(0.6919, device='cuda:0', grad_fn=<DivBackward0>)
Memory status after this epoch: 
Memory allocated:  363.41064453125
Memory cached:  594.0
	 epoch  70 training error:  tensor(1.1648, device='cuda:0', grad_fn=<DivBackward0>)
Memory status after this epoch: 
Memory allocated:  363.41064453125
Memory cached:  594.0
	 epoch  80 training error:  tensor(0.5303, device='cuda:0', grad_fn=<DivBackward0>)
Memory status after this epoch: 
Memory allocated:  363.41064453125
Memory cached:  596.0
	 epoch  90 training error:  tensor(0.7177, device='cuda:0', grad_fn=<DivBackward0>)
Memory status after this epoch: 
Memory allocated:  363.41064453125
Memory cached:  596.0
[I 2023-12-06 23:36:57,182] Trial 19 finished with value: 4.201014041900635 and parameters: {'W_layers': 4, 'W_layer_units_exponent_0': 8, 'W_layer_units_exponent_1': 8, 'W_layer_units_exponent_2': 8, 'W_layer_units_exponent_3': 7, 'D_layers': 3, 'D_layer_units_exponent_0': 10, 'D_layer_units_exponent_1': 10, 'D_layer_units_exponent_2': 9, 'D_dagger_layers': 5, 'D_dagger_layer_units_exponent_0': 9, 'D_dagger_layer_units_exponent_1': 8, 'D_dagger_layer_units_exponent_2': 5, 'D_dagger_layer_units_exponent_3': 9, 'D_dagger_layer_units_exponent_4': 7, 'log_learning_rate': -1.4737311107931859, 'log_learning_rate_D': -4.0227457576136185, 'log_learning_rate_D_dagger': -4.39469915603572, 'training_batch_size': 8, 'training_p': 7}. Best is trial 15 with value: 0.2806603014469147.
Time for this trial:  186.05701661109924
Memory status after this trial: 
Memory allocated:  602.9912109375
Memory cached:  632.0
--------------------  Trial  20   --------------------
Start timing: 
Parameters: 
{'W_layers': 6, 'W_layer_units_exponent_0': 6, 'W_layer_units_exponent_1': 6, 'W_layer_units_exponent_2': 5, 'W_layer_units_exponent_3': 9, 'W_layer_units_exponent_4': 7, 'W_layer_units_exponent_5': 4, 'D_layers': 6, 'D_layer_units_exponent_0': 9, 'D_layer_units_exponent_1': 6, 'D_layer_units_exponent_2': 6, 'D_layer_units_exponent_3': 9, 'D_layer_units_exponent_4': 10, 'D_layer_units_exponent_5': 10, 'D_dagger_layers': 8, 'D_dagger_layer_units_exponent_0': 10, 'D_dagger_layer_units_exponent_1': 6, 'D_dagger_layer_units_exponent_2': 9, 'D_dagger_layer_units_exponent_3': 6, 'D_dagger_layer_units_exponent_4': 9, 'D_dagger_layer_units_exponent_5': 6, 'D_dagger_layer_units_exponent_6': 6, 'D_dagger_layer_units_exponent_7': 4, 'log_learning_rate': -2.7879276895145093, 'log_learning_rate_D': -3.1955767072822883, 'log_learning_rate_D_dagger': -3.6593926070255773, 'training_batch_size': 12, 'training_p': 5}
	 epoch  0 training error:  tensor(1.0188, device='cuda:0', grad_fn=<DivBackward0>)
Memory status after this epoch: 
Memory allocated:  363.09814453125
Memory cached:  606.0
	 epoch  10 training error:  tensor(0.5863, device='cuda:0', grad_fn=<DivBackward0>)
Memory status after this epoch: 
Memory allocated:  363.09814453125
Memory cached:  638.0
	 epoch  20 training error:  tensor(0.4545, device='cuda:0', grad_fn=<DivBackward0>)
Memory status after this epoch: 
Memory allocated:  363.09814453125
Memory cached:  646.0
	 epoch  30 training error:  tensor(0.4102, device='cuda:0', grad_fn=<DivBackward0>)
Memory status after this epoch: 
Memory allocated:  363.09814453125
Memory cached:  636.0
	 epoch  40 training error:  tensor(0.3702, device='cuda:0', grad_fn=<DivBackward0>)
Memory status after this epoch: 
Memory allocated:  363.09814453125
Memory cached:  640.0
	 epoch  50 training error:  tensor(0.3686, device='cuda:0', grad_fn=<DivBackward0>)
Memory status after this epoch: 
Memory allocated:  363.09814453125
Memory cached:  640.0
	 epoch  60 training error:  tensor(0.3280, device='cuda:0', grad_fn=<DivBackward0>)
Memory status after this epoch: 
Memory allocated:  363.09814453125
Memory cached:  632.0
	 epoch  70 training error:  tensor(0.3079, device='cuda:0', grad_fn=<DivBackward0>)
Memory status after this epoch: 
Memory allocated:  363.09814453125
Memory cached:  642.0
	 epoch  80 training error:  tensor(0.3229, device='cuda:0', grad_fn=<DivBackward0>)
Memory status after this epoch: 
Memory allocated:  363.09814453125
Memory cached:  630.0
	 epoch  90 training error:  tensor(0.2963, device='cuda:0', grad_fn=<DivBackward0>)
Memory status after this epoch: 
Memory allocated:  363.09814453125
Memory cached:  642.0
[I 2023-12-06 23:41:10,730] Trial 20 finished with value: 0.26089349389076233 and parameters: {'W_layers': 6, 'W_layer_units_exponent_0': 6, 'W_layer_units_exponent_1': 6, 'W_layer_units_exponent_2': 5, 'W_layer_units_exponent_3': 9, 'W_layer_units_exponent_4': 7, 'W_layer_units_exponent_5': 4, 'D_layers': 6, 'D_layer_units_exponent_0': 9, 'D_layer_units_exponent_1': 6, 'D_layer_units_exponent_2': 6, 'D_layer_units_exponent_3': 9, 'D_layer_units_exponent_4': 10, 'D_layer_units_exponent_5': 10, 'D_dagger_layers': 8, 'D_dagger_layer_units_exponent_0': 10, 'D_dagger_layer_units_exponent_1': 6, 'D_dagger_layer_units_exponent_2': 9, 'D_dagger_layer_units_exponent_3': 6, 'D_dagger_layer_units_exponent_4': 9, 'D_dagger_layer_units_exponent_5': 6, 'D_dagger_layer_units_exponent_6': 6, 'D_dagger_layer_units_exponent_7': 4, 'log_learning_rate': -2.7879276895145093, 'log_learning_rate_D': -3.1955767072822883, 'log_learning_rate_D_dagger': -3.6593926070255773, 'training_batch_size': 12, 'training_p': 5}. Best is trial 20 with value: 0.26089349389076233.
res:  tensor(0.2609, device='cuda:0', grad_fn=<DivBackward0>)
self.bestValue:  tensor(0.2807, device='cuda:0', grad_fn=<DivBackward0>)
Save this model!
Time for this trial:  253.28347492218018
Memory status after this trial: 
Memory allocated:  344.23291015625
Memory cached:  652.0
--------------------  Trial  21   --------------------
Start timing: 
Parameters: 
{'W_layers': 6, 'W_layer_units_exponent_0': 6, 'W_layer_units_exponent_1': 6, 'W_layer_units_exponent_2': 5, 'W_layer_units_exponent_3': 10, 'W_layer_units_exponent_4': 7, 'W_layer_units_exponent_5': 4, 'D_layers': 6, 'D_layer_units_exponent_0': 9, 'D_layer_units_exponent_1': 6, 'D_layer_units_exponent_2': 6, 'D_layer_units_exponent_3': 9, 'D_layer_units_exponent_4': 10, 'D_layer_units_exponent_5': 10, 'D_dagger_layers': 8, 'D_dagger_layer_units_exponent_0': 10, 'D_dagger_layer_units_exponent_1': 6, 'D_dagger_layer_units_exponent_2': 9, 'D_dagger_layer_units_exponent_3': 6, 'D_dagger_layer_units_exponent_4': 9, 'D_dagger_layer_units_exponent_5': 6, 'D_dagger_layer_units_exponent_6': 6, 'D_dagger_layer_units_exponent_7': 4, 'log_learning_rate': -2.8662896143002663, 'log_learning_rate_D': -3.1161150924380228, 'log_learning_rate_D_dagger': -3.5622408401315853, 'training_batch_size': 12, 'training_p': 5}
	 epoch  0 training error:  tensor(1.0042, device='cuda:0', grad_fn=<DivBackward0>)
Memory status after this epoch: 
Memory allocated:  375.20849609375
Memory cached:  638.0
	 epoch  10 training error:  tensor(0.5765, device='cuda:0', grad_fn=<DivBackward0>)
Memory status after this epoch: 
Memory allocated:  375.20849609375
Memory cached:  682.0
	 epoch  20 training error:  tensor(0.4301, device='cuda:0', grad_fn=<DivBackward0>)
Memory status after this epoch: 
Memory allocated:  375.20849609375
Memory cached:  674.0
	 epoch  30 training error:  tensor(0.4056, device='cuda:0', grad_fn=<DivBackward0>)
Memory status after this epoch: 
Memory allocated:  375.20849609375
Memory cached:  676.0
	 epoch  40 training error:  tensor(0.3767, device='cuda:0', grad_fn=<DivBackward0>)
Memory status after this epoch: 
Memory allocated:  375.20849609375
Memory cached:  672.0
	 epoch  50 training error:  tensor(0.3510, device='cuda:0', grad_fn=<DivBackward0>)
Memory status after this epoch: 
Memory allocated:  375.20849609375
Memory cached:  676.0
	 epoch  60 training error:  tensor(0.3379, device='cuda:0', grad_fn=<DivBackward0>)
Memory status after this epoch: 
Memory allocated:  375.20849609375
Memory cached:  674.0
	 epoch  70 training error:  tensor(0.3249, device='cuda:0', grad_fn=<DivBackward0>)
Memory status after this epoch: 
Memory allocated:  375.20849609375
Memory cached:  676.0
	 epoch  80 training error:  tensor(0.2811, device='cuda:0', grad_fn=<DivBackward0>)
Memory status after this epoch: 
Memory allocated:  375.20849609375
Memory cached:  674.0
	 epoch  90 training error:  tensor(0.2891, device='cuda:0', grad_fn=<DivBackward0>)
Memory status after this epoch: 
Memory allocated:  375.20849609375
Memory cached:  670.0
