[I 2024-03-11 20:08:57,731] Trial 59 finished with value: 0.4120454490184784 and parameters: {'log_learning_rate': -1.998728449105906, 'log_learning_rate_D': -3.224500470395161, 'log_learning_rate_D_dagger': -1.7252513719089744, 'training_batch_size': 6, 'training_p': 3}. Best is trial 56 with value: 0.31449568271636963.
Time for this trial:  452.69800996780396
Memory status after this trial: 
Memory allocated:  3.4521484375
Memory cached:  4.0
--------------------  Trial  60   --------------------
Start timing: 
Parameters: 
{'log_learning_rate': -1.6957296686624463, 'log_learning_rate_D': -3.120924094606534, 'log_learning_rate_D_dagger': -1.1534146950801234, 'training_batch_size': 6, 'training_p': 3}
	 epoch  0 training error:  tensor(50.0579, grad_fn=<ToCopyBackward0>)
Memory status after this epoch: 
Memory allocated:  1.94189453125
Memory cached:  4.0
	 epoch  10 training error:  tensor(0.5333, grad_fn=<ToCopyBackward0>)
Memory status after this epoch: 
Memory allocated:  1.94189453125
Memory cached:  4.0
	 epoch  20 training error:  tensor(0.4262, grad_fn=<ToCopyBackward0>)
Memory status after this epoch: 
Memory allocated:  1.94189453125
Memory cached:  4.0
	 epoch  30 training error:  tensor(0.4054, grad_fn=<ToCopyBackward0>)
Memory status after this epoch: 
Memory allocated:  1.94189453125
Memory cached:  4.0
	 epoch  40 training error:  tensor(0.3738, grad_fn=<ToCopyBackward0>)
Memory status after this epoch: 
Memory allocated:  1.94189453125
Memory cached:  4.0
	 epoch  50 training error:  tensor(0.3747, grad_fn=<ToCopyBackward0>)
Memory status after this epoch: 
Memory allocated:  1.94189453125
Memory cached:  4.0
	 epoch  60 training error:  tensor(0.3768, grad_fn=<ToCopyBackward0>)
Memory status after this epoch: 
Memory allocated:  1.94189453125
Memory cached:  4.0
	 epoch  70 training error:  tensor(0.3707, grad_fn=<ToCopyBackward0>)
Memory status after this epoch: 
Memory allocated:  1.94189453125
Memory cached:  4.0
	 epoch  80 training error:  tensor(0.3699, grad_fn=<ToCopyBackward0>)
Memory status after this epoch: 
Memory allocated:  1.94189453125
Memory cached:  4.0
	 epoch  90 training error:  tensor(0.3703, grad_fn=<ToCopyBackward0>)
Memory status after this epoch: 
Memory allocated:  1.94189453125
Memory cached:  4.0
[I 2024-03-11 20:16:28,951] Trial 60 finished with value: 0.31814059615135193 and parameters: {'log_learning_rate': -1.6957296686624463, 'log_learning_rate_D': -3.120924094606534, 'log_learning_rate_D_dagger': -1.1534146950801234, 'training_batch_size': 6, 'training_p': 3}. Best is trial 56 with value: 0.31449568271636963.
Time for this trial:  450.97016954421997
Memory status after this trial: 
Memory allocated:  3.4521484375
Memory cached:  4.0
--------------------  Trial  61   --------------------
Start timing: 
Parameters: 
{'log_learning_rate': -1.7017627415794137, 'log_learning_rate_D': -3.4590164579874476, 'log_learning_rate_D_dagger': -1.152297714209444, 'training_batch_size': 6, 'training_p': 3}
	 epoch  0 training error:  tensor(10.3354, grad_fn=<ToCopyBackward0>)
Memory status after this epoch: 
Memory allocated:  1.94189453125
Memory cached:  4.0
	 epoch  10 training error:  tensor(0.4608, grad_fn=<ToCopyBackward0>)
Memory status after this epoch: 
Memory allocated:  1.94189453125
Memory cached:  4.0
	 epoch  20 training error:  tensor(0.3749, grad_fn=<ToCopyBackward0>)
Memory status after this epoch: 
Memory allocated:  1.94189453125
Memory cached:  4.0
	 epoch  30 training error:  tensor(0.3737, grad_fn=<ToCopyBackward0>)
Memory status after this epoch: 
Memory allocated:  1.94189453125
Memory cached:  4.0
	 epoch  40 training error:  tensor(0.3700, grad_fn=<ToCopyBackward0>)
Memory status after this epoch: 
Memory allocated:  1.94189453125
Memory cached:  4.0
	 epoch  50 training error:  tensor(0.3723, grad_fn=<ToCopyBackward0>)
Memory status after this epoch: 
Memory allocated:  1.94189453125
Memory cached:  4.0
	 epoch  60 training error:  tensor(0.3731, grad_fn=<ToCopyBackward0>)
Memory status after this epoch: 
Memory allocated:  1.94189453125
Memory cached:  4.0
	 epoch  70 training error:  tensor(0.3734, grad_fn=<ToCopyBackward0>)
Memory status after this epoch: 
Memory allocated:  1.94189453125
Memory cached:  4.0
	 epoch  80 training error:  tensor(0.3716, grad_fn=<ToCopyBackward0>)
Memory status after this epoch: 
Memory allocated:  1.94189453125
Memory cached:  4.0
	 epoch  90 training error:  tensor(0.3706, grad_fn=<ToCopyBackward0>)
Memory status after this epoch: 
Memory allocated:  1.94189453125
Memory cached:  4.0
[I 2024-03-11 20:24:01,514] Trial 61 finished with value: 0.3167746067047119 and parameters: {'log_learning_rate': -1.7017627415794137, 'log_learning_rate_D': -3.4590164579874476, 'log_learning_rate_D_dagger': -1.152297714209444, 'training_batch_size': 6, 'training_p': 3}. Best is trial 56 with value: 0.31449568271636963.
Time for this trial:  452.3217787742615
Memory status after this trial: 
Memory allocated:  3.4521484375
Memory cached:  4.0
--------------------  Trial  62   --------------------
Start timing: 
Parameters: 
{'log_learning_rate': -1.5986952172149993, 'log_learning_rate_D': -3.0899747045955612, 'log_learning_rate_D_dagger': -1.1732529791005653, 'training_batch_size': 7, 'training_p': 2}
	 epoch  0 training error:  tensor(79.8968, grad_fn=<ToCopyBackward0>)
Memory status after this epoch: 
Memory allocated:  1.84228515625
Memory cached:  4.0
	 epoch  10 training error:  tensor(1.4384, grad_fn=<ToCopyBackward0>)
Memory status after this epoch: 
Memory allocated:  1.84228515625
Memory cached:  4.0
	 epoch  20 training error:  tensor(0.4723, grad_fn=<ToCopyBackward0>)
Memory status after this epoch: 
Memory allocated:  1.84228515625
Memory cached:  4.0
	 epoch  30 training error:  tensor(0.3445, grad_fn=<ToCopyBackward0>)
Memory status after this epoch: 
Memory allocated:  1.84228515625
Memory cached:  4.0
	 epoch  40 training error:  tensor(0.3174, grad_fn=<ToCopyBackward0>)
Memory status after this epoch: 
Memory allocated:  1.84228515625
Memory cached:  4.0
	 epoch  50 training error:  tensor(0.3115, grad_fn=<ToCopyBackward0>)
Memory status after this epoch: 
Memory allocated:  1.84228515625
Memory cached:  4.0
	 epoch  60 training error:  tensor(0.3111, grad_fn=<ToCopyBackward0>)
Memory status after this epoch: 
Memory allocated:  1.84228515625
Memory cached:  4.0
	 epoch  70 training error:  tensor(0.3145, grad_fn=<ToCopyBackward0>)
Memory status after this epoch: 
Memory allocated:  1.84228515625
Memory cached:  4.0
	 epoch  80 training error:  tensor(0.3120, grad_fn=<ToCopyBackward0>)
Memory status after this epoch: 
Memory allocated:  1.84228515625
Memory cached:  4.0
	 epoch  90 training error:  tensor(0.3116, grad_fn=<ToCopyBackward0>)
Memory status after this epoch: 
Memory allocated:  1.84228515625
Memory cached:  4.0
[I 2024-03-11 20:28:41,747] Trial 62 finished with value: 0.3358171284198761 and parameters: {'log_learning_rate': -1.5986952172149993, 'log_learning_rate_D': -3.0899747045955612, 'log_learning_rate_D_dagger': -1.1732529791005653, 'training_batch_size': 7, 'training_p': 2}. Best is trial 56 with value: 0.31449568271636963.
Time for this trial:  279.99615144729614
Memory status after this trial: 
Memory allocated:  3.3525390625
Memory cached:  4.0
--------------------  Trial  63   --------------------
Start timing: 
Parameters: 
{'log_learning_rate': -1.3611403066795669, 'log_learning_rate_D': -3.3791456915751326, 'log_learning_rate_D_dagger': -1.1804221525422531, 'training_batch_size': 6, 'training_p': 3}
	 epoch  0 training error:  tensor(153.5794, grad_fn=<ToCopyBackward0>)
Memory status after this epoch: 
Memory allocated:  1.94189453125
Memory cached:  4.0
	 epoch  10 training error:  tensor(0.7017, grad_fn=<ToCopyBackward0>)
Memory status after this epoch: 
Memory allocated:  1.94189453125
Memory cached:  4.0
	 epoch  20 training error:  tensor(0.4341, grad_fn=<ToCopyBackward0>)
Memory status after this epoch: 
Memory allocated:  1.94189453125
Memory cached:  4.0
	 epoch  30 training error:  tensor(0.4123, grad_fn=<ToCopyBackward0>)
Memory status after this epoch: 
Memory allocated:  1.94189453125
Memory cached:  4.0
	 epoch  40 training error:  tensor(0.4037, grad_fn=<ToCopyBackward0>)
Memory status after this epoch: 
Memory allocated:  1.94189453125
Memory cached:  4.0
	 epoch  50 training error:  tensor(0.3933, grad_fn=<ToCopyBackward0>)
Memory status after this epoch: 
Memory allocated:  1.94189453125
Memory cached:  4.0
	 epoch  60 training error:  tensor(0.3850, grad_fn=<ToCopyBackward0>)
Memory status after this epoch: 
Memory allocated:  1.94189453125
Memory cached:  4.0
	 epoch  70 training error:  tensor(0.3805, grad_fn=<ToCopyBackward0>)
Memory status after this epoch: 
Memory allocated:  1.94189453125
Memory cached:  4.0
	 epoch  80 training error:  tensor(0.3820, grad_fn=<ToCopyBackward0>)
Memory status after this epoch: 
Memory allocated:  1.94189453125
Memory cached:  4.0
	 epoch  90 training error:  tensor(0.3787, grad_fn=<ToCopyBackward0>)
Memory status after this epoch: 
Memory allocated:  1.94189453125
Memory cached:  4.0
[I 2024-03-11 20:36:14,415] Trial 63 finished with value: 0.3395638167858124 and parameters: {'log_learning_rate': -1.3611403066795669, 'log_learning_rate_D': -3.3791456915751326, 'log_learning_rate_D_dagger': -1.1804221525422531, 'training_batch_size': 6, 'training_p': 3}. Best is trial 56 with value: 0.31449568271636963.
Time for this trial:  452.3884553909302
Memory status after this trial: 
Memory allocated:  3.4521484375
Memory cached:  4.0
--------------------  Trial  64   --------------------
Start timing: 
Parameters: 
{'log_learning_rate': -1.7896098042660453, 'log_learning_rate_D': -2.835703600052691, 'log_learning_rate_D_dagger': -2.015701627248456, 'training_batch_size': 7, 'training_p': 2}
	 epoch  0 training error:  tensor(32.3287, grad_fn=<ToCopyBackward0>)
Memory status after this epoch: 
Memory allocated:  1.84228515625
Memory cached:  4.0
	 epoch  10 training error:  tensor(5.5715, grad_fn=<ToCopyBackward0>)
Memory status after this epoch: 
Memory allocated:  1.84228515625
Memory cached:  4.0
	 epoch  20 training error:  tensor(3.2055, grad_fn=<ToCopyBackward0>)
Memory status after this epoch: 
Memory allocated:  1.84228515625
Memory cached:  4.0
	 epoch  30 training error:  tensor(1.9915, grad_fn=<ToCopyBackward0>)
Memory status after this epoch: 
Memory allocated:  1.84228515625
Memory cached:  4.0
	 epoch  40 training error:  tensor(1.4426, grad_fn=<ToCopyBackward0>)
Memory status after this epoch: 
Memory allocated:  1.84228515625
Memory cached:  4.0
	 epoch  50 training error:  tensor(1.0259, grad_fn=<ToCopyBackward0>)
Memory status after this epoch: 
Memory allocated:  1.84228515625
Memory cached:  4.0
	 epoch  60 training error:  tensor(0.7504, grad_fn=<ToCopyBackward0>)
Memory status after this epoch: 
Memory allocated:  1.84228515625
Memory cached:  4.0
	 epoch  70 training error:  tensor(0.5864, grad_fn=<ToCopyBackward0>)
Memory status after this epoch: 
Memory allocated:  1.84228515625
Memory cached:  4.0
	 epoch  80 training error:  tensor(0.4973, grad_fn=<ToCopyBackward0>)
Memory status after this epoch: 
Memory allocated:  1.84228515625
Memory cached:  4.0
	 epoch  90 training error:  tensor(0.4521, grad_fn=<ToCopyBackward0>)
Memory status after this epoch: 
Memory allocated:  1.84228515625
Memory cached:  4.0
[I 2024-03-11 20:40:54,569] Trial 64 finished with value: 0.45583483576774597 and parameters: {'log_learning_rate': -1.7896098042660453, 'log_learning_rate_D': -2.835703600052691, 'log_learning_rate_D_dagger': -2.015701627248456, 'training_batch_size': 7, 'training_p': 2}. Best is trial 56 with value: 0.31449568271636963.
Time for this trial:  279.8866910934448
Memory status after this trial: 
Memory allocated:  3.3525390625
Memory cached:  4.0
--------------------  Trial  65   --------------------
Start timing: 
Parameters: 
{'log_learning_rate': -1.9550582934597656, 'log_learning_rate_D': -3.9959306038375932, 'log_learning_rate_D_dagger': -2.3664760089691272, 'training_batch_size': 6, 'training_p': 3}
	 epoch  0 training error:  tensor(126.5157, grad_fn=<ToCopyBackward0>)
Memory status after this epoch: 
Memory allocated:  1.94189453125
Memory cached:  4.0
	 epoch  10 training error:  tensor(27.1268, grad_fn=<ToCopyBackward0>)
Memory status after this epoch: 
Memory allocated:  1.94189453125
Memory cached:  4.0
	 epoch  20 training error:  tensor(1.0959, grad_fn=<ToCopyBackward0>)
Memory status after this epoch: 
Memory allocated:  1.94189453125
Memory cached:  4.0
	 epoch  30 training error:  tensor(0.7337, grad_fn=<ToCopyBackward0>)
Memory status after this epoch: 
Memory allocated:  1.94189453125
Memory cached:  4.0
	 epoch  40 training error:  tensor(0.6045, grad_fn=<ToCopyBackward0>)
Memory status after this epoch: 
Memory allocated:  1.94189453125
Memory cached:  4.0
	 epoch  50 training error:  tensor(0.5114, grad_fn=<ToCopyBackward0>)
Memory status after this epoch: 
Memory allocated:  1.94189453125
Memory cached:  4.0
	 epoch  60 training error:  tensor(0.4854, grad_fn=<ToCopyBackward0>)
Memory status after this epoch: 
Memory allocated:  1.94189453125
Memory cached:  4.0
	 epoch  70 training error:  tensor(0.4669, grad_fn=<ToCopyBackward0>)
Memory status after this epoch: 
Memory allocated:  1.94189453125
Memory cached:  4.0
	 epoch  80 training error:  tensor(0.4820, grad_fn=<ToCopyBackward0>)
Memory status after this epoch: 
Memory allocated:  1.94189453125
Memory cached:  4.0
	 epoch  90 training error:  tensor(0.4487, grad_fn=<ToCopyBackward0>)
Memory status after this epoch: 
Memory allocated:  1.94189453125
Memory cached:  4.0
[I 2024-03-11 20:48:24,597] Trial 65 finished with value: 0.41454440355300903 and parameters: {'log_learning_rate': -1.9550582934597656, 'log_learning_rate_D': -3.9959306038375932, 'log_learning_rate_D_dagger': -2.3664760089691272, 'training_batch_size': 6, 'training_p': 3}. Best is trial 56 with value: 0.31449568271636963.
Time for this trial:  449.7615969181061
Memory status after this trial: 
Memory allocated:  3.4521484375
Memory cached:  4.0
--------------------  Trial  66   --------------------
Start timing: 
Parameters: 
{'log_learning_rate': -1.6770465781855455, 'log_learning_rate_D': -3.9198017494547646, 'log_learning_rate_D_dagger': -1.1333819541170211, 'training_batch_size': 8, 'training_p': 3}
	 epoch  0 training error:  tensor(46.0228, grad_fn=<ToCopyBackward0>)
Memory status after this epoch: 
Memory allocated:  1.84228515625
Memory cached:  4.0
	 epoch  10 training error:  tensor(4.4425, grad_fn=<ToCopyBackward0>)
Memory status after this epoch: 
Memory allocated:  1.84228515625
Memory cached:  4.0
	 epoch  20 training error:  tensor(0.5229, grad_fn=<ToCopyBackward0>)
Memory status after this epoch: 
Memory allocated:  1.84228515625
Memory cached:  4.0
	 epoch  30 training error:  tensor(0.4883, grad_fn=<ToCopyBackward0>)
Memory status after this epoch: 
Memory allocated:  1.84228515625
Memory cached:  6.0
	 epoch  40 training error:  tensor(0.4640, grad_fn=<ToCopyBackward0>)
Memory status after this epoch: 
Memory allocated:  1.84228515625
Memory cached:  4.0
	 epoch  50 training error:  tensor(0.4542, grad_fn=<ToCopyBackward0>)
Memory status after this epoch: 
Memory allocated:  1.84228515625
Memory cached:  4.0
	 epoch  60 training error:  tensor(0.4416, grad_fn=<ToCopyBackward0>)
Memory status after this epoch: 
Memory allocated:  1.84228515625
Memory cached:  4.0
	 epoch  70 training error:  tensor(0.4248, grad_fn=<ToCopyBackward0>)
Memory status after this epoch: 
Memory allocated:  1.84228515625
Memory cached:  4.0
	 epoch  80 training error:  tensor(0.4191, grad_fn=<ToCopyBackward0>)
Memory status after this epoch: 
Memory allocated:  1.84228515625
Memory cached:  4.0
	 epoch  90 training error:  tensor(0.4365, grad_fn=<ToCopyBackward0>)
Memory status after this epoch: 
Memory allocated:  1.84228515625
Memory cached:  4.0
[I 2024-03-11 20:51:38,152] Trial 66 finished with value: 0.3681422472000122 and parameters: {'log_learning_rate': -1.6770465781855455, 'log_learning_rate_D': -3.9198017494547646, 'log_learning_rate_D_dagger': -1.1333819541170211, 'training_batch_size': 8, 'training_p': 3}. Best is trial 56 with value: 0.31449568271636963.
Time for this trial:  193.33264636993408
Memory status after this trial: 
Memory allocated:  3.3525390625
Memory cached:  6.0
--------------------  Trial  67   --------------------
Start timing: 
Parameters: 
{'log_learning_rate': -1.4724698109538832, 'log_learning_rate_D': -3.7327212528920453, 'log_learning_rate_D_dagger': -1.0086092624190897, 'training_batch_size': 7, 'training_p': 2}
	 epoch  0 training error:  tensor(111.6213, grad_fn=<ToCopyBackward0>)
Memory status after this epoch: 
Memory allocated:  1.84228515625
Memory cached:  4.0
	 epoch  10 training error:  tensor(1.9313, grad_fn=<ToCopyBackward0>)
Memory status after this epoch: 
Memory allocated:  1.84228515625
Memory cached:  4.0
	 epoch  20 training error:  tensor(0.8199, grad_fn=<ToCopyBackward0>)
Memory status after this epoch: 
Memory allocated:  1.84228515625
Memory cached:  4.0
	 epoch  30 training error:  tensor(0.3982, grad_fn=<ToCopyBackward0>)
Memory status after this epoch: 
Memory allocated:  1.84228515625
Memory cached:  4.0
	 epoch  40 training error:  tensor(0.3849, grad_fn=<ToCopyBackward0>)
Memory status after this epoch: 
Memory allocated:  1.84228515625
Memory cached:  4.0
	 epoch  50 training error:  tensor(0.3659, grad_fn=<ToCopyBackward0>)
Memory status after this epoch: 
Memory allocated:  1.84228515625
Memory cached:  4.0
	 epoch  60 training error:  tensor(0.4054, grad_fn=<ToCopyBackward0>)
Memory status after this epoch: 
Memory allocated:  1.84228515625
Memory cached:  4.0
	 epoch  70 training error:  tensor(0.3636, grad_fn=<ToCopyBackward0>)
Memory status after this epoch: 
Memory allocated:  1.84228515625
Memory cached:  4.0
	 epoch  80 training error:  tensor(0.3332, grad_fn=<ToCopyBackward0>)
Memory status after this epoch: 
Memory allocated:  1.84228515625
Memory cached:  4.0
	 epoch  90 training error:  tensor(0.3171, grad_fn=<ToCopyBackward0>)
Memory status after this epoch: 
Memory allocated:  1.84228515625
Memory cached:  4.0
[I 2024-03-11 20:56:17,744] Trial 67 finished with value: 0.32625728845596313 and parameters: {'log_learning_rate': -1.4724698109538832, 'log_learning_rate_D': -3.7327212528920453, 'log_learning_rate_D_dagger': -1.0086092624190897, 'training_batch_size': 7, 'training_p': 2}. Best is trial 56 with value: 0.31449568271636963.
Time for this trial:  279.3387327194214
Memory status after this trial: 
Memory allocated:  3.3525390625
Memory cached:  4.0
--------------------  Trial  68   --------------------
Start timing: 
Parameters: 
{'log_learning_rate': -1.439931087793139, 'log_learning_rate_D': -3.426547063008482, 'log_learning_rate_D_dagger': -1.1100848271595023, 'training_batch_size': 7, 'training_p': 2}
	 epoch  0 training error:  tensor(16.4849, grad_fn=<ToCopyBackward0>)
Memory status after this epoch: 
Memory allocated:  1.84228515625
Memory cached:  4.0
	 epoch  10 training error:  tensor(1.3684, grad_fn=<ToCopyBackward0>)
Memory status after this epoch: 
Memory allocated:  1.84228515625
Memory cached:  4.0
	 epoch  20 training error:  tensor(0.3641, grad_fn=<ToCopyBackward0>)
Memory status after this epoch: 
Memory allocated:  1.84228515625
Memory cached:  4.0
	 epoch  30 training error:  tensor(0.3099, grad_fn=<ToCopyBackward0>)
Memory status after this epoch: 
Memory allocated:  1.84228515625
Memory cached:  4.0
	 epoch  40 training error:  tensor(0.2920, grad_fn=<ToCopyBackward0>)
Memory status after this epoch: 
Memory allocated:  1.84228515625
Memory cached:  4.0
	 epoch  50 training error:  tensor(0.2978, grad_fn=<ToCopyBackward0>)
Memory status after this epoch: 
Memory allocated:  1.84228515625
Memory cached:  4.0
	 epoch  60 training error:  tensor(0.2936, grad_fn=<ToCopyBackward0>)
Memory status after this epoch: 
Memory allocated:  1.84228515625
Memory cached:  4.0
	 epoch  70 training error:  tensor(0.2954, grad_fn=<ToCopyBackward0>)
Memory status after this epoch: 
Memory allocated:  1.84228515625
Memory cached:  4.0
	 epoch  80 training error:  tensor(0.2931, grad_fn=<ToCopyBackward0>)
Memory status after this epoch: 
Memory allocated:  1.84228515625
Memory cached:  4.0
	 epoch  90 training error:  tensor(0.2944, grad_fn=<ToCopyBackward0>)
Memory status after this epoch: 
Memory allocated:  1.84228515625
Memory cached:  4.0
