[I 2023-12-07 04:05:50,422] Trial 64 finished with value: 0.5108510851860046 and parameters: {'W_layers': 4, 'W_layer_units_exponent_0': 8, 'W_layer_units_exponent_1': 5, 'W_layer_units_exponent_2': 6, 'W_layer_units_exponent_3': 9, 'D_layers': 3, 'D_layer_units_exponent_0': 7, 'D_layer_units_exponent_1': 4, 'D_layer_units_exponent_2': 5, 'D_dagger_layers': 7, 'D_dagger_layer_units_exponent_0': 5, 'D_dagger_layer_units_exponent_1': 5, 'D_dagger_layer_units_exponent_2': 7, 'D_dagger_layer_units_exponent_3': 4, 'D_dagger_layer_units_exponent_4': 4, 'D_dagger_layer_units_exponent_5': 5, 'D_dagger_layer_units_exponent_6': 4, 'log_learning_rate': -2.480269796399826, 'log_learning_rate_D': -4.410176437223971, 'log_learning_rate_D_dagger': -2.6346946380405303, 'training_batch_size': 6, 'training_p': 2}. Best is trial 49 with value: 0.5098726749420166.
Time for this trial:  20.603225708007812
Memory status after this trial: 
Memory allocated:  235.59228515625
Memory cached:  360.0
--------------------  Trial  65   --------------------
Start timing: 
Parameters: 
{'W_layers': 4, 'W_layer_units_exponent_0': 8, 'W_layer_units_exponent_1': 5, 'W_layer_units_exponent_2': 6, 'W_layer_units_exponent_3': 9, 'D_layers': 3, 'D_layer_units_exponent_0': 7, 'D_layer_units_exponent_1': 4, 'D_layer_units_exponent_2': 5, 'D_dagger_layers': 8, 'D_dagger_layer_units_exponent_0': 6, 'D_dagger_layer_units_exponent_1': 5, 'D_dagger_layer_units_exponent_2': 7, 'D_dagger_layer_units_exponent_3': 4, 'D_dagger_layer_units_exponent_4': 4, 'D_dagger_layer_units_exponent_5': 6, 'D_dagger_layer_units_exponent_6': 4, 'D_dagger_layer_units_exponent_7': 9, 'log_learning_rate': -3.374868616045745, 'log_learning_rate_D': -3.604331730388363, 'log_learning_rate_D_dagger': -2.593345071629805, 'training_batch_size': 6, 'training_p': 2}
	 epoch  0 training error:  tensor(0.9785, device='cuda:0', grad_fn=<DivBackward0>)
Memory status after this epoch: 
Memory allocated:  176.7021484375
Memory cached:  358.0
	 epoch  10 training error:  tensor(0.7441, device='cuda:0', grad_fn=<DivBackward0>)
Memory status after this epoch: 
Memory allocated:  176.7021484375
Memory cached:  358.0
	 epoch  20 training error:  tensor(0.7243, device='cuda:0', grad_fn=<DivBackward0>)
Memory status after this epoch: 
Memory allocated:  176.7021484375
Memory cached:  358.0
	 epoch  30 training error:  tensor(0.7080, device='cuda:0', grad_fn=<DivBackward0>)
Memory status after this epoch: 
Memory allocated:  176.7021484375
Memory cached:  358.0
	 epoch  40 training error:  tensor(0.6382, device='cuda:0', grad_fn=<DivBackward0>)
Memory status after this epoch: 
Memory allocated:  176.7021484375
Memory cached:  358.0
	 epoch  50 training error:  tensor(0.8285, device='cuda:0', grad_fn=<DivBackward0>)
Memory status after this epoch: 
Memory allocated:  176.7021484375
Memory cached:  358.0
	 epoch  60 training error:  tensor(0.7165, device='cuda:0', grad_fn=<DivBackward0>)
Memory status after this epoch: 
Memory allocated:  176.7021484375
Memory cached:  358.0
	 epoch  70 training error:  tensor(0.6978, device='cuda:0', grad_fn=<DivBackward0>)
Memory status after this epoch: 
Memory allocated:  176.7021484375
Memory cached:  358.0
	 epoch  80 training error:  tensor(0.6728, device='cuda:0', grad_fn=<DivBackward0>)
Memory status after this epoch: 
Memory allocated:  176.7021484375
Memory cached:  358.0
	 epoch  90 training error:  tensor(0.6214, device='cuda:0', grad_fn=<DivBackward0>)
Memory status after this epoch: 
Memory allocated:  176.7021484375
Memory cached:  358.0
[I 2023-12-07 04:06:11,588] Trial 65 finished with value: 0.6331583261489868 and parameters: {'W_layers': 4, 'W_layer_units_exponent_0': 8, 'W_layer_units_exponent_1': 5, 'W_layer_units_exponent_2': 6, 'W_layer_units_exponent_3': 9, 'D_layers': 3, 'D_layer_units_exponent_0': 7, 'D_layer_units_exponent_1': 4, 'D_layer_units_exponent_2': 5, 'D_dagger_layers': 8, 'D_dagger_layer_units_exponent_0': 6, 'D_dagger_layer_units_exponent_1': 5, 'D_dagger_layer_units_exponent_2': 7, 'D_dagger_layer_units_exponent_3': 4, 'D_dagger_layer_units_exponent_4': 4, 'D_dagger_layer_units_exponent_5': 6, 'D_dagger_layer_units_exponent_6': 4, 'D_dagger_layer_units_exponent_7': 9, 'log_learning_rate': -3.374868616045745, 'log_learning_rate_D': -3.604331730388363, 'log_learning_rate_D_dagger': -2.593345071629805, 'training_batch_size': 6, 'training_p': 2}. Best is trial 49 with value: 0.5098726749420166.
Time for this trial:  20.954785585403442
Memory status after this trial: 
Memory allocated:  262.18603515625
Memory cached:  362.0
--------------------  Trial  66   --------------------
Start timing: 
Parameters: 
{'W_layers': 4, 'W_layer_units_exponent_0': 8, 'W_layer_units_exponent_1': 5, 'W_layer_units_exponent_2': 5, 'W_layer_units_exponent_3': 10, 'D_layers': 3, 'D_layer_units_exponent_0': 7, 'D_layer_units_exponent_1': 10, 'D_layer_units_exponent_2': 4, 'D_dagger_layers': 7, 'D_dagger_layer_units_exponent_0': 5, 'D_dagger_layer_units_exponent_1': 4, 'D_dagger_layer_units_exponent_2': 6, 'D_dagger_layer_units_exponent_3': 5, 'D_dagger_layer_units_exponent_4': 4, 'D_dagger_layer_units_exponent_5': 5, 'D_dagger_layer_units_exponent_6': 5, 'log_learning_rate': -2.745714146419776, 'log_learning_rate_D': -4.4006201832275575, 'log_learning_rate_D_dagger': -2.385797919578324, 'training_batch_size': 6, 'training_p': 2}
	 epoch  0 training error:  tensor(0.9910, device='cuda:0', grad_fn=<DivBackward0>)
Memory status after this epoch: 
Memory allocated:  177.04541015625
Memory cached:  358.0
	 epoch  10 training error:  tensor(0.7577, device='cuda:0', grad_fn=<DivBackward0>)
Memory status after this epoch: 
Memory allocated:  177.04541015625
Memory cached:  358.0
	 epoch  20 training error:  tensor(0.7158, device='cuda:0', grad_fn=<DivBackward0>)
Memory status after this epoch: 
Memory allocated:  177.04541015625
Memory cached:  358.0
	 epoch  30 training error:  tensor(0.8317, device='cuda:0', grad_fn=<DivBackward0>)
Memory status after this epoch: 
Memory allocated:  177.04541015625
Memory cached:  358.0
	 epoch  40 training error:  tensor(0.6469, device='cuda:0', grad_fn=<DivBackward0>)
Memory status after this epoch: 
Memory allocated:  177.04541015625
Memory cached:  358.0
	 epoch  50 training error:  tensor(0.7703, device='cuda:0', grad_fn=<DivBackward0>)
Memory status after this epoch: 
Memory allocated:  177.04541015625
Memory cached:  358.0
	 epoch  60 training error:  tensor(0.6873, device='cuda:0', grad_fn=<DivBackward0>)
Memory status after this epoch: 
Memory allocated:  177.04541015625
Memory cached:  358.0
	 epoch  70 training error:  tensor(0.6030, device='cuda:0', grad_fn=<DivBackward0>)
Memory status after this epoch: 
Memory allocated:  177.04541015625
Memory cached:  358.0
	 epoch  80 training error:  tensor(0.7434, device='cuda:0', grad_fn=<DivBackward0>)
Memory status after this epoch: 
Memory allocated:  177.04541015625
Memory cached:  358.0
	 epoch  90 training error:  tensor(0.6504, device='cuda:0', grad_fn=<DivBackward0>)
Memory status after this epoch: 
Memory allocated:  177.04541015625
Memory cached:  358.0
[I 2023-12-07 04:06:33,154] Trial 66 finished with value: 0.5094535946846008 and parameters: {'W_layers': 4, 'W_layer_units_exponent_0': 8, 'W_layer_units_exponent_1': 5, 'W_layer_units_exponent_2': 5, 'W_layer_units_exponent_3': 10, 'D_layers': 3, 'D_layer_units_exponent_0': 7, 'D_layer_units_exponent_1': 10, 'D_layer_units_exponent_2': 4, 'D_dagger_layers': 7, 'D_dagger_layer_units_exponent_0': 5, 'D_dagger_layer_units_exponent_1': 4, 'D_dagger_layer_units_exponent_2': 6, 'D_dagger_layer_units_exponent_3': 5, 'D_dagger_layer_units_exponent_4': 4, 'D_dagger_layer_units_exponent_5': 5, 'D_dagger_layer_units_exponent_6': 5, 'log_learning_rate': -2.745714146419776, 'log_learning_rate_D': -4.4006201832275575, 'log_learning_rate_D_dagger': -2.385797919578324, 'training_batch_size': 6, 'training_p': 2}. Best is trial 66 with value: 0.5094535946846008.
res:  tensor(0.5095, device='cuda:0', grad_fn=<DivBackward0>)
self.bestValue:  tensor(0.5099, device='cuda:0', grad_fn=<DivBackward0>)
Save this model!
Time for this trial:  21.353105783462524
Memory status after this trial: 
Memory allocated:  77.1796875
Memory cached:  218.0
--------------------  Trial  67   --------------------
Start timing: 
Parameters: 
{'W_layers': 4, 'W_layer_units_exponent_0': 8, 'W_layer_units_exponent_1': 5, 'W_layer_units_exponent_2': 7, 'W_layer_units_exponent_3': 9, 'D_layers': 3, 'D_layer_units_exponent_0': 7, 'D_layer_units_exponent_1': 10, 'D_layer_units_exponent_2': 4, 'D_dagger_layers': 7, 'D_dagger_layer_units_exponent_0': 5, 'D_dagger_layer_units_exponent_1': 5, 'D_dagger_layer_units_exponent_2': 7, 'D_dagger_layer_units_exponent_3': 4, 'D_dagger_layer_units_exponent_4': 4, 'D_dagger_layer_units_exponent_5': 5, 'D_dagger_layer_units_exponent_6': 4, 'log_learning_rate': -2.5266765894423426, 'log_learning_rate_D': -4.406819895606206, 'log_learning_rate_D_dagger': -2.3287826313939073, 'training_batch_size': 6, 'training_p': 2}
	 epoch  0 training error:  tensor(1.1279, device='cuda:0', grad_fn=<DivBackward0>)
Memory status after this epoch: 
Memory allocated:  79.11669921875
Memory cached:  218.0
	 epoch  10 training error:  tensor(0.8668, device='cuda:0', grad_fn=<DivBackward0>)
Memory status after this epoch: 
Memory allocated:  79.11669921875
Memory cached:  218.0
	 epoch  20 training error:  tensor(0.6826, device='cuda:0', grad_fn=<DivBackward0>)
Memory status after this epoch: 
Memory allocated:  79.11669921875
Memory cached:  218.0
	 epoch  30 training error:  tensor(0.6924, device='cuda:0', grad_fn=<DivBackward0>)
Memory status after this epoch: 
Memory allocated:  79.11669921875
Memory cached:  218.0
	 epoch  40 training error:  tensor(0.7137, device='cuda:0', grad_fn=<DivBackward0>)
Memory status after this epoch: 
Memory allocated:  79.11669921875
Memory cached:  218.0
	 epoch  50 training error:  tensor(0.5857, device='cuda:0', grad_fn=<DivBackward0>)
Memory status after this epoch: 
Memory allocated:  79.11669921875
Memory cached:  218.0
	 epoch  60 training error:  tensor(0.6283, device='cuda:0', grad_fn=<DivBackward0>)
Memory status after this epoch: 
Memory allocated:  79.11669921875
Memory cached:  218.0
	 epoch  70 training error:  tensor(0.5795, device='cuda:0', grad_fn=<DivBackward0>)
Memory status after this epoch: 
Memory allocated:  79.11669921875
Memory cached:  218.0
	 epoch  80 training error:  tensor(0.5746, device='cuda:0', grad_fn=<DivBackward0>)
Memory status after this epoch: 
Memory allocated:  79.11669921875
Memory cached:  218.0
	 epoch  90 training error:  tensor(0.5693, device='cuda:0', grad_fn=<DivBackward0>)
Memory status after this epoch: 
Memory allocated:  79.11669921875
Memory cached:  218.0
[I 2023-12-07 04:06:54,304] Trial 67 finished with value: 0.5176770091056824 and parameters: {'W_layers': 4, 'W_layer_units_exponent_0': 8, 'W_layer_units_exponent_1': 5, 'W_layer_units_exponent_2': 7, 'W_layer_units_exponent_3': 9, 'D_layers': 3, 'D_layer_units_exponent_0': 7, 'D_layer_units_exponent_1': 10, 'D_layer_units_exponent_2': 4, 'D_dagger_layers': 7, 'D_dagger_layer_units_exponent_0': 5, 'D_dagger_layer_units_exponent_1': 5, 'D_dagger_layer_units_exponent_2': 7, 'D_dagger_layer_units_exponent_3': 4, 'D_dagger_layer_units_exponent_4': 4, 'D_dagger_layer_units_exponent_5': 5, 'D_dagger_layer_units_exponent_6': 4, 'log_learning_rate': -2.5266765894423426, 'log_learning_rate_D': -4.406819895606206, 'log_learning_rate_D_dagger': -2.3287826313939073, 'training_batch_size': 6, 'training_p': 2}. Best is trial 66 with value: 0.5094535946846008.
Time for this trial:  20.943817377090454
Memory status after this trial: 
Memory allocated:  138.89794921875
Memory cached:  218.0
--------------------  Trial  68   --------------------
Start timing: 
Parameters: 
{'W_layers': 4, 'W_layer_units_exponent_0': 8, 'W_layer_units_exponent_1': 5, 'W_layer_units_exponent_2': 6, 'W_layer_units_exponent_3': 10, 'D_layers': 8, 'D_layer_units_exponent_0': 7, 'D_layer_units_exponent_1': 10, 'D_layer_units_exponent_2': 4, 'D_layer_units_exponent_3': 5, 'D_layer_units_exponent_4': 8, 'D_layer_units_exponent_5': 8, 'D_layer_units_exponent_6': 8, 'D_layer_units_exponent_7': 10, 'D_dagger_layers': 7, 'D_dagger_layer_units_exponent_0': 5, 'D_dagger_layer_units_exponent_1': 5, 'D_dagger_layer_units_exponent_2': 4, 'D_dagger_layer_units_exponent_3': 6, 'D_dagger_layer_units_exponent_4': 4, 'D_dagger_layer_units_exponent_5': 5, 'D_dagger_layer_units_exponent_6': 4, 'log_learning_rate': -2.744903171897561, 'log_learning_rate_D': -4.211581554540992, 'log_learning_rate_D_dagger': -2.419051177090499, 'training_batch_size': 6, 'training_p': 2}
	 epoch  0 training error:  tensor(1.0261, device='cuda:0', grad_fn=<DivBackward0>)
Memory status after this epoch: 
Memory allocated:  80.58642578125
Memory cached:  218.0
	 epoch  10 training error:  tensor(0.7511, device='cuda:0', grad_fn=<DivBackward0>)
Memory status after this epoch: 
Memory allocated:  80.58642578125
Memory cached:  218.0
	 epoch  20 training error:  tensor(0.6879, device='cuda:0', grad_fn=<DivBackward0>)
Memory status after this epoch: 
Memory allocated:  80.58642578125
Memory cached:  218.0
	 epoch  30 training error:  tensor(0.6492, device='cuda:0', grad_fn=<DivBackward0>)
Memory status after this epoch: 
Memory allocated:  80.58642578125
Memory cached:  218.0
	 epoch  40 training error:  tensor(0.5759, device='cuda:0', grad_fn=<DivBackward0>)
Memory status after this epoch: 
Memory allocated:  80.58642578125
Memory cached:  218.0
	 epoch  50 training error:  tensor(0.5762, device='cuda:0', grad_fn=<DivBackward0>)
Memory status after this epoch: 
Memory allocated:  80.58642578125
Memory cached:  218.0
	 epoch  60 training error:  tensor(0.5688, device='cuda:0', grad_fn=<DivBackward0>)
Memory status after this epoch: 
Memory allocated:  80.58642578125
Memory cached:  218.0
	 epoch  70 training error:  tensor(0.5722, device='cuda:0', grad_fn=<DivBackward0>)
Memory status after this epoch: 
Memory allocated:  80.58642578125
Memory cached:  218.0
	 epoch  80 training error:  tensor(0.5717, device='cuda:0', grad_fn=<DivBackward0>)
Memory status after this epoch: 
Memory allocated:  80.58642578125
Memory cached:  218.0
	 epoch  90 training error:  tensor(0.5735, device='cuda:0', grad_fn=<DivBackward0>)
Memory status after this epoch: 
Memory allocated:  80.58642578125
Memory cached:  218.0
[I 2023-12-07 04:07:15,752] Trial 68 finished with value: 0.5143867135047913 and parameters: {'W_layers': 4, 'W_layer_units_exponent_0': 8, 'W_layer_units_exponent_1': 5, 'W_layer_units_exponent_2': 6, 'W_layer_units_exponent_3': 10, 'D_layers': 8, 'D_layer_units_exponent_0': 7, 'D_layer_units_exponent_1': 10, 'D_layer_units_exponent_2': 4, 'D_layer_units_exponent_3': 5, 'D_layer_units_exponent_4': 8, 'D_layer_units_exponent_5': 8, 'D_layer_units_exponent_6': 8, 'D_layer_units_exponent_7': 10, 'D_dagger_layers': 7, 'D_dagger_layer_units_exponent_0': 5, 'D_dagger_layer_units_exponent_1': 5, 'D_dagger_layer_units_exponent_2': 4, 'D_dagger_layer_units_exponent_3': 6, 'D_dagger_layer_units_exponent_4': 4, 'D_dagger_layer_units_exponent_5': 5, 'D_dagger_layer_units_exponent_6': 4, 'log_learning_rate': -2.744903171897561, 'log_learning_rate_D': -4.211581554540992, 'log_learning_rate_D_dagger': -2.419051177090499, 'training_batch_size': 6, 'training_p': 2}. Best is trial 66 with value: 0.5094535946846008.
Time for this trial:  21.21686363220215
Memory status after this trial: 
Memory allocated:  156.30615234375
Memory cached:  218.0
--------------------  Trial  69   --------------------
Start timing: 
Parameters: 
{'W_layers': 3, 'W_layer_units_exponent_0': 8, 'W_layer_units_exponent_1': 5, 'W_layer_units_exponent_2': 6, 'D_layers': 8, 'D_layer_units_exponent_0': 7, 'D_layer_units_exponent_1': 10, 'D_layer_units_exponent_2': 4, 'D_layer_units_exponent_3': 5, 'D_layer_units_exponent_4': 8, 'D_layer_units_exponent_5': 8, 'D_layer_units_exponent_6': 7, 'D_layer_units_exponent_7': 10, 'D_dagger_layers': 7, 'D_dagger_layer_units_exponent_0': 5, 'D_dagger_layer_units_exponent_1': 4, 'D_dagger_layer_units_exponent_2': 4, 'D_dagger_layer_units_exponent_3': 6, 'D_dagger_layer_units_exponent_4': 4, 'D_dagger_layer_units_exponent_5': 6, 'D_dagger_layer_units_exponent_6': 5, 'log_learning_rate': -2.7202460884359336, 'log_learning_rate_D': -4.186697070458165, 'log_learning_rate_D_dagger': -2.330080217939943, 'training_batch_size': 6, 'training_p': 2}
	 epoch  0 training error:  tensor(1.0372, device='cuda:0', grad_fn=<DivBackward0>)
Memory status after this epoch: 
Memory allocated:  78.951171875
Memory cached:  218.0
	 epoch  10 training error:  tensor(0.7048, device='cuda:0', grad_fn=<DivBackward0>)
Memory status after this epoch: 
Memory allocated:  78.951171875
Memory cached:  220.0
	 epoch  20 training error:  tensor(0.6701, device='cuda:0', grad_fn=<DivBackward0>)
Memory status after this epoch: 
Memory allocated:  78.951171875
Memory cached:  220.0
	 epoch  30 training error:  tensor(0.6445, device='cuda:0', grad_fn=<DivBackward0>)
Memory status after this epoch: 
Memory allocated:  78.951171875
Memory cached:  220.0
	 epoch  40 training error:  tensor(0.6245, device='cuda:0', grad_fn=<DivBackward0>)
Memory status after this epoch: 
Memory allocated:  78.951171875
Memory cached:  220.0
	 epoch  50 training error:  tensor(0.6024, device='cuda:0', grad_fn=<DivBackward0>)
Memory status after this epoch: 
Memory allocated:  78.951171875
Memory cached:  220.0
	 epoch  60 training error:  tensor(0.5753, device='cuda:0', grad_fn=<DivBackward0>)
Memory status after this epoch: 
Memory allocated:  78.951171875
Memory cached:  220.0
	 epoch  70 training error:  tensor(0.5915, device='cuda:0', grad_fn=<DivBackward0>)
Memory status after this epoch: 
Memory allocated:  78.951171875
Memory cached:  220.0
	 epoch  80 training error:  tensor(0.5881, device='cuda:0', grad_fn=<DivBackward0>)
Memory status after this epoch: 
Memory allocated:  78.951171875
Memory cached:  220.0
	 epoch  90 training error:  tensor(0.5711, device='cuda:0', grad_fn=<DivBackward0>)
Memory status after this epoch: 
Memory allocated:  78.951171875
Memory cached:  220.0
[I 2023-12-07 04:07:35,336] Trial 69 finished with value: 0.51283198595047 and parameters: {'W_layers': 3, 'W_layer_units_exponent_0': 8, 'W_layer_units_exponent_1': 5, 'W_layer_units_exponent_2': 6, 'D_layers': 8, 'D_layer_units_exponent_0': 7, 'D_layer_units_exponent_1': 10, 'D_layer_units_exponent_2': 4, 'D_layer_units_exponent_3': 5, 'D_layer_units_exponent_4': 8, 'D_layer_units_exponent_5': 8, 'D_layer_units_exponent_6': 7, 'D_layer_units_exponent_7': 10, 'D_dagger_layers': 7, 'D_dagger_layer_units_exponent_0': 5, 'D_dagger_layer_units_exponent_1': 4, 'D_dagger_layer_units_exponent_2': 4, 'D_dagger_layer_units_exponent_3': 6, 'D_dagger_layer_units_exponent_4': 4, 'D_dagger_layer_units_exponent_5': 6, 'D_dagger_layer_units_exponent_6': 5, 'log_learning_rate': -2.7202460884359336, 'log_learning_rate_D': -4.186697070458165, 'log_learning_rate_D_dagger': -2.330080217939943, 'training_batch_size': 6, 'training_p': 2}. Best is trial 66 with value: 0.5094535946846008.
Time for this trial:  19.354940176010132
Memory status after this trial: 
Memory allocated:  108.75927734375
Memory cached:  220.0
--------------------  Trial  70   --------------------
Start timing: 
Parameters: 
{'W_layers': 2, 'W_layer_units_exponent_0': 8, 'W_layer_units_exponent_1': 4, 'D_layers': 7, 'D_layer_units_exponent_0': 7, 'D_layer_units_exponent_1': 9, 'D_layer_units_exponent_2': 4, 'D_layer_units_exponent_3': 6, 'D_layer_units_exponent_4': 9, 'D_layer_units_exponent_5': 8, 'D_layer_units_exponent_6': 6, 'D_dagger_layers': 7, 'D_dagger_layer_units_exponent_0': 5, 'D_dagger_layer_units_exponent_1': 4, 'D_dagger_layer_units_exponent_2': 4, 'D_dagger_layer_units_exponent_3': 6, 'D_dagger_layer_units_exponent_4': 4, 'D_dagger_layer_units_exponent_5': 6, 'D_dagger_layer_units_exponent_6': 5, 'log_learning_rate': -2.8590559562770466, 'log_learning_rate_D': -3.974430793483301, 'log_learning_rate_D_dagger': -2.700277708583531, 'training_batch_size': 6, 'training_p': 3}
	 epoch  0 training error:  tensor(1.0053, device='cuda:0', grad_fn=<DivBackward0>)
Memory status after this epoch: 
Memory allocated:  78.34912109375
Memory cached:  218.0
	 epoch  10 training error:  tensor(0.9199, device='cuda:0', grad_fn=<DivBackward0>)
Memory status after this epoch: 
Memory allocated:  78.34912109375
Memory cached:  218.0
	 epoch  20 training error:  tensor(0.7613, device='cuda:0', grad_fn=<DivBackward0>)
Memory status after this epoch: 
Memory allocated:  78.34912109375
Memory cached:  218.0
	 epoch  30 training error:  tensor(0.7998, device='cuda:0', grad_fn=<DivBackward0>)
Memory status after this epoch: 
Memory allocated:  78.34912109375
Memory cached:  218.0
	 epoch  40 training error:  tensor(0.6761, device='cuda:0', grad_fn=<DivBackward0>)
Memory status after this epoch: 
Memory allocated:  78.34912109375
Memory cached:  218.0
	 epoch  50 training error:  tensor(0.6336, device='cuda:0', grad_fn=<DivBackward0>)
Memory status after this epoch: 
Memory allocated:  78.34912109375
Memory cached:  218.0
	 epoch  60 training error:  tensor(0.6319, device='cuda:0', grad_fn=<DivBackward0>)
Memory status after this epoch: 
Memory allocated:  78.34912109375
Memory cached:  218.0
	 epoch  70 training error:  tensor(0.6294, device='cuda:0', grad_fn=<DivBackward0>)
Memory status after this epoch: 
Memory allocated:  78.34912109375
Memory cached:  218.0
	 epoch  80 training error:  tensor(0.6472, device='cuda:0', grad_fn=<DivBackward0>)
Memory status after this epoch: 
Memory allocated:  78.34912109375
Memory cached:  218.0
	 epoch  90 training error:  tensor(0.6385, device='cuda:0', grad_fn=<DivBackward0>)
Memory status after this epoch: 
Memory allocated:  78.34912109375
Memory cached:  218.0
