[I 2024-02-16 15:44:22,430] Trial 5 finished with value: 0.4899595379829407 and parameters: {'W_layers': 5, 'W_layer_units_exponent_0': 7, 'W_layer_units_exponent_1': 10, 'W_layer_units_exponent_2': 6, 'W_layer_units_exponent_3': 9, 'W_layer_units_exponent_4': 10, 'D_layers': 7, 'D_layer_units_exponent_0': 4, 'D_layer_units_exponent_1': 6, 'D_layer_units_exponent_2': 8, 'D_layer_units_exponent_3': 8, 'D_layer_units_exponent_4': 7, 'D_layer_units_exponent_5': 5, 'D_layer_units_exponent_6': 4, 'D_dagger_layers': 6, 'D_dagger_layer_units_exponent_0': 10, 'D_dagger_layer_units_exponent_1': 6, 'D_dagger_layer_units_exponent_2': 6, 'D_dagger_layer_units_exponent_3': 9, 'D_dagger_layer_units_exponent_4': 6, 'D_dagger_layer_units_exponent_5': 9, 'log_learning_rate': -1.6142068988953593, 'log_learning_rate_D': -2.311773094725565, 'log_learning_rate_D_dagger': -2.8123115224712234, 'training_batch_size': 9, 'training_p': 2}. Best is trial 3 with value: 0.3749341666698456.
Time for this trial:  310.60244154930115
Memory status after this trial: 
Memory allocated:  2550.59423828125
Memory cached:  2588.0
--------------------  Trial  6   --------------------
Start timing: 
Parameters: 
{'W_layers': 4, 'W_layer_units_exponent_0': 5, 'W_layer_units_exponent_1': 6, 'W_layer_units_exponent_2': 8, 'W_layer_units_exponent_3': 4, 'D_layers': 3, 'D_layer_units_exponent_0': 7, 'D_layer_units_exponent_1': 8, 'D_layer_units_exponent_2': 10, 'D_dagger_layers': 8, 'D_dagger_layer_units_exponent_0': 7, 'D_dagger_layer_units_exponent_1': 10, 'D_dagger_layer_units_exponent_2': 8, 'D_dagger_layer_units_exponent_3': 5, 'D_dagger_layer_units_exponent_4': 6, 'D_dagger_layer_units_exponent_5': 10, 'D_dagger_layer_units_exponent_6': 8, 'D_dagger_layer_units_exponent_7': 9, 'log_learning_rate': -1.2983029341829737, 'log_learning_rate_D': -2.283386151032632, 'log_learning_rate_D_dagger': -2.366999131058618, 'training_batch_size': 11, 'training_p': 7}
	 epoch  0 training error:  tensor(1.0436, device='cuda:0', grad_fn=<DivBackward0>)
Memory status after this epoch: 
Memory allocated:  1378.8720703125
Memory cached:  1760.0
	 epoch  10 training error:  tensor(3.6300, device='cuda:0', grad_fn=<DivBackward0>)
Memory status after this epoch: 
Memory allocated:  1378.8720703125
Memory cached:  1764.0
	 epoch  20 training error:  tensor(1.2753, device='cuda:0', grad_fn=<DivBackward0>)
Memory status after this epoch: 
Memory allocated:  1378.8720703125
Memory cached:  1764.0
	 epoch  30 training error:  tensor(0.5774, device='cuda:0', grad_fn=<DivBackward0>)
Memory status after this epoch: 
Memory allocated:  1378.8720703125
Memory cached:  1764.0
	 epoch  40 training error:  tensor(0.5685, device='cuda:0', grad_fn=<DivBackward0>)
Memory status after this epoch: 
Memory allocated:  1378.8720703125
Memory cached:  1764.0
	 epoch  50 training error:  tensor(0.5780, device='cuda:0', grad_fn=<DivBackward0>)
Memory status after this epoch: 
Memory allocated:  1378.8720703125
Memory cached:  1764.0
	 epoch  60 training error:  tensor(0.5632, device='cuda:0', grad_fn=<DivBackward0>)
Memory status after this epoch: 
Memory allocated:  1378.8720703125
Memory cached:  1764.0
	 epoch  70 training error:  tensor(0.5800, device='cuda:0', grad_fn=<DivBackward0>)
Memory status after this epoch: 
Memory allocated:  1378.8720703125
Memory cached:  1764.0
	 epoch  80 training error:  tensor(0.5642, device='cuda:0', grad_fn=<DivBackward0>)
Memory status after this epoch: 
Memory allocated:  1378.8720703125
Memory cached:  1764.0
	 epoch  90 training error:  tensor(0.5661, device='cuda:0', grad_fn=<DivBackward0>)
Memory status after this epoch: 
Memory allocated:  1378.8720703125
Memory cached:  1764.0
[I 2024-02-16 15:48:39,661] Trial 6 finished with value: 0.4952727258205414 and parameters: {'W_layers': 4, 'W_layer_units_exponent_0': 5, 'W_layer_units_exponent_1': 6, 'W_layer_units_exponent_2': 8, 'W_layer_units_exponent_3': 4, 'D_layers': 3, 'D_layer_units_exponent_0': 7, 'D_layer_units_exponent_1': 8, 'D_layer_units_exponent_2': 10, 'D_dagger_layers': 8, 'D_dagger_layer_units_exponent_0': 7, 'D_dagger_layer_units_exponent_1': 10, 'D_dagger_layer_units_exponent_2': 8, 'D_dagger_layer_units_exponent_3': 5, 'D_dagger_layer_units_exponent_4': 6, 'D_dagger_layer_units_exponent_5': 10, 'D_dagger_layer_units_exponent_6': 8, 'D_dagger_layer_units_exponent_7': 9, 'log_learning_rate': -1.2983029341829737, 'log_learning_rate_D': -2.283386151032632, 'log_learning_rate_D_dagger': -2.366999131058618, 'training_batch_size': 11, 'training_p': 7}. Best is trial 3 with value: 0.3749341666698456.
Time for this trial:  256.91652393341064
Memory status after this trial: 
Memory allocated:  2403.59228515625
Memory cached:  2428.0
--------------------  Trial  7   --------------------
Start timing: 
Parameters: 
{'W_layers': 2, 'W_layer_units_exponent_0': 6, 'W_layer_units_exponent_1': 4, 'D_layers': 6, 'D_layer_units_exponent_0': 5, 'D_layer_units_exponent_1': 8, 'D_layer_units_exponent_2': 6, 'D_layer_units_exponent_3': 7, 'D_layer_units_exponent_4': 8, 'D_layer_units_exponent_5': 6, 'D_dagger_layers': 6, 'D_dagger_layer_units_exponent_0': 10, 'D_dagger_layer_units_exponent_1': 5, 'D_dagger_layer_units_exponent_2': 9, 'D_dagger_layer_units_exponent_3': 9, 'D_dagger_layer_units_exponent_4': 7, 'D_dagger_layer_units_exponent_5': 9, 'log_learning_rate': -3.3944541594204702, 'log_learning_rate_D': -2.8211504091235224, 'log_learning_rate_D_dagger': -4.459560236517494, 'training_batch_size': 11, 'training_p': 7}
	 epoch  0 training error:  tensor(0.8784, device='cuda:0', grad_fn=<DivBackward0>)
Memory status after this epoch: 
Memory allocated:  1368.8798828125
Memory cached:  1752.0
	 epoch  10 training error:  tensor(0.5817, device='cuda:0', grad_fn=<DivBackward0>)
Memory status after this epoch: 
Memory allocated:  1368.8798828125
Memory cached:  1752.0
	 epoch  20 training error:  tensor(0.5734, device='cuda:0', grad_fn=<DivBackward0>)
Memory status after this epoch: 
Memory allocated:  1368.8798828125
Memory cached:  1752.0
	 epoch  30 training error:  tensor(0.5401, device='cuda:0', grad_fn=<DivBackward0>)
Memory status after this epoch: 
Memory allocated:  1368.8798828125
Memory cached:  1752.0
	 epoch  40 training error:  tensor(0.5361, device='cuda:0', grad_fn=<DivBackward0>)
Memory status after this epoch: 
Memory allocated:  1368.8798828125
Memory cached:  1752.0
	 epoch  50 training error:  tensor(0.5342, device='cuda:0', grad_fn=<DivBackward0>)
Memory status after this epoch: 
Memory allocated:  1368.8798828125
Memory cached:  1752.0
	 epoch  60 training error:  tensor(0.5338, device='cuda:0', grad_fn=<DivBackward0>)
Memory status after this epoch: 
Memory allocated:  1368.8798828125
Memory cached:  1752.0
	 epoch  70 training error:  tensor(0.5325, device='cuda:0', grad_fn=<DivBackward0>)
Memory status after this epoch: 
Memory allocated:  1368.8798828125
Memory cached:  1752.0
	 epoch  80 training error:  tensor(0.5316, device='cuda:0', grad_fn=<DivBackward0>)
Memory status after this epoch: 
Memory allocated:  1368.8798828125
Memory cached:  1752.0
	 epoch  90 training error:  tensor(0.5300, device='cuda:0', grad_fn=<DivBackward0>)
Memory status after this epoch: 
Memory allocated:  1368.8798828125
Memory cached:  1752.0
[I 2024-02-16 15:52:51,532] Trial 7 finished with value: 0.4028654992580414 and parameters: {'W_layers': 2, 'W_layer_units_exponent_0': 6, 'W_layer_units_exponent_1': 4, 'D_layers': 6, 'D_layer_units_exponent_0': 5, 'D_layer_units_exponent_1': 8, 'D_layer_units_exponent_2': 6, 'D_layer_units_exponent_3': 7, 'D_layer_units_exponent_4': 8, 'D_layer_units_exponent_5': 6, 'D_dagger_layers': 6, 'D_dagger_layer_units_exponent_0': 10, 'D_dagger_layer_units_exponent_1': 5, 'D_dagger_layer_units_exponent_2': 9, 'D_dagger_layer_units_exponent_3': 9, 'D_dagger_layer_units_exponent_4': 7, 'D_dagger_layer_units_exponent_5': 9, 'log_learning_rate': -3.3944541594204702, 'log_learning_rate_D': -2.8211504091235224, 'log_learning_rate_D_dagger': -4.459560236517494, 'training_batch_size': 11, 'training_p': 7}. Best is trial 3 with value: 0.3749341666698456.
Time for this trial:  251.54819917678833
Memory status after this trial: 
Memory allocated:  2114.44580078125
Memory cached:  2134.0
--------------------  Trial  8   --------------------
Start timing: 
Parameters: 
{'W_layers': 8, 'W_layer_units_exponent_0': 4, 'W_layer_units_exponent_1': 5, 'W_layer_units_exponent_2': 6, 'W_layer_units_exponent_3': 8, 'W_layer_units_exponent_4': 6, 'W_layer_units_exponent_5': 6, 'W_layer_units_exponent_6': 8, 'W_layer_units_exponent_7': 8, 'D_layers': 5, 'D_layer_units_exponent_0': 7, 'D_layer_units_exponent_1': 7, 'D_layer_units_exponent_2': 4, 'D_layer_units_exponent_3': 10, 'D_layer_units_exponent_4': 6, 'D_dagger_layers': 6, 'D_dagger_layer_units_exponent_0': 4, 'D_dagger_layer_units_exponent_1': 9, 'D_dagger_layer_units_exponent_2': 9, 'D_dagger_layer_units_exponent_3': 4, 'D_dagger_layer_units_exponent_4': 6, 'D_dagger_layer_units_exponent_5': 10, 'log_learning_rate': -1.6013560045130095, 'log_learning_rate_D': -3.2714768089937416, 'log_learning_rate_D_dagger': -1.578397162252176, 'training_batch_size': 6, 'training_p': 2}
	 epoch  0 training error:  tensor(45.9437, device='cuda:0', grad_fn=<DivBackward0>)
Memory status after this epoch: 
Memory allocated:  1369.5146484375
Memory cached:  1760.0
	 epoch  10 training error:  tensor(0.5413, device='cuda:0', grad_fn=<DivBackward0>)
Memory status after this epoch: 
Memory allocated:  1369.5146484375
Memory cached:  1794.0
	 epoch  20 training error:  tensor(0.4042, device='cuda:0', grad_fn=<DivBackward0>)
Memory status after this epoch: 
Memory allocated:  1369.5146484375
Memory cached:  1802.0
	 epoch  30 training error:  tensor(0.2951, device='cuda:0', grad_fn=<DivBackward0>)
Memory status after this epoch: 
Memory allocated:  1369.5146484375
Memory cached:  1798.0
	 epoch  40 training error:  tensor(0.3081, device='cuda:0', grad_fn=<DivBackward0>)
Memory status after this epoch: 
Memory allocated:  1369.5146484375
Memory cached:  1794.0
	 epoch  50 training error:  tensor(0.2828, device='cuda:0', grad_fn=<DivBackward0>)
Memory status after this epoch: 
Memory allocated:  1369.5146484375
Memory cached:  1798.0
	 epoch  60 training error:  tensor(0.2866, device='cuda:0', grad_fn=<DivBackward0>)
Memory status after this epoch: 
Memory allocated:  1369.5146484375
Memory cached:  1802.0
	 epoch  70 training error:  tensor(0.2945, device='cuda:0', grad_fn=<DivBackward0>)
Memory status after this epoch: 
Memory allocated:  1369.5146484375
Memory cached:  1800.0
	 epoch  80 training error:  tensor(0.2795, device='cuda:0', grad_fn=<DivBackward0>)
Memory status after this epoch: 
Memory allocated:  1369.5146484375
Memory cached:  1794.0
	 epoch  90 training error:  tensor(0.2974, device='cuda:0', grad_fn=<DivBackward0>)
Memory status after this epoch: 
Memory allocated:  1369.5146484375
Memory cached:  1784.0
[I 2024-02-16 16:09:31,579] Trial 8 finished with value: 0.29165956377983093 and parameters: {'W_layers': 8, 'W_layer_units_exponent_0': 4, 'W_layer_units_exponent_1': 5, 'W_layer_units_exponent_2': 6, 'W_layer_units_exponent_3': 8, 'W_layer_units_exponent_4': 6, 'W_layer_units_exponent_5': 6, 'W_layer_units_exponent_6': 8, 'W_layer_units_exponent_7': 8, 'D_layers': 5, 'D_layer_units_exponent_0': 7, 'D_layer_units_exponent_1': 7, 'D_layer_units_exponent_2': 4, 'D_layer_units_exponent_3': 10, 'D_layer_units_exponent_4': 6, 'D_dagger_layers': 6, 'D_dagger_layer_units_exponent_0': 4, 'D_dagger_layer_units_exponent_1': 9, 'D_dagger_layer_units_exponent_2': 9, 'D_dagger_layer_units_exponent_3': 4, 'D_dagger_layer_units_exponent_4': 6, 'D_dagger_layer_units_exponent_5': 10, 'log_learning_rate': -1.6013560045130095, 'log_learning_rate_D': -3.2714768089937416, 'log_learning_rate_D_dagger': -1.578397162252176, 'training_batch_size': 6, 'training_p': 2}. Best is trial 8 with value: 0.29165956377983093.
res:  tensor(0.2917, device='cuda:0', grad_fn=<DivBackward0>)
self.bestValue:  tensor(0.3749, device='cuda:0', grad_fn=<DivBackward0>)
Save this model!
Time for this trial:  999.5774929523468
Memory status after this trial: 
Memory allocated:  925.18115234375
Memory cached:  1180.0
--------------------  Trial  9   --------------------
Start timing: 
Parameters: 
{'W_layers': 6, 'W_layer_units_exponent_0': 7, 'W_layer_units_exponent_1': 4, 'W_layer_units_exponent_2': 7, 'W_layer_units_exponent_3': 7, 'W_layer_units_exponent_4': 8, 'W_layer_units_exponent_5': 8, 'D_layers': 4, 'D_layer_units_exponent_0': 10, 'D_layer_units_exponent_1': 4, 'D_layer_units_exponent_2': 9, 'D_layer_units_exponent_3': 6, 'D_dagger_layers': 7, 'D_dagger_layer_units_exponent_0': 9, 'D_dagger_layer_units_exponent_1': 4, 'D_dagger_layer_units_exponent_2': 8, 'D_dagger_layer_units_exponent_3': 6, 'D_dagger_layer_units_exponent_4': 7, 'D_dagger_layer_units_exponent_5': 7, 'D_dagger_layer_units_exponent_6': 4, 'log_learning_rate': -4.494583512123514, 'log_learning_rate_D': -1.6235628084077223, 'log_learning_rate_D_dagger': -4.338913192677542, 'training_batch_size': 10, 'training_p': 8}
	 epoch  0 training error:  tensor(0.9939, device='cuda:0', grad_fn=<DivBackward0>)
Memory status after this epoch: 
Memory allocated:  928.841796875
Memory cached:  1156.0
	 epoch  10 training error:  tensor(0.9572, device='cuda:0', grad_fn=<DivBackward0>)
Memory status after this epoch: 
Memory allocated:  928.841796875
Memory cached:  1168.0
	 epoch  20 training error:  tensor(0.9051, device='cuda:0', grad_fn=<DivBackward0>)
Memory status after this epoch: 
Memory allocated:  928.841796875
Memory cached:  1162.0
	 epoch  30 training error:  tensor(0.8480, device='cuda:0', grad_fn=<DivBackward0>)
Memory status after this epoch: 
Memory allocated:  928.841796875
Memory cached:  1168.0
	 epoch  40 training error:  tensor(0.7931, device='cuda:0', grad_fn=<DivBackward0>)
Memory status after this epoch: 
Memory allocated:  928.841796875
Memory cached:  1164.0
	 epoch  50 training error:  tensor(0.6839, device='cuda:0', grad_fn=<DivBackward0>)
Memory status after this epoch: 
Memory allocated:  928.841796875
Memory cached:  1170.0
	 epoch  60 training error:  tensor(0.5750, device='cuda:0', grad_fn=<DivBackward0>)
Memory status after this epoch: 
Memory allocated:  928.841796875
Memory cached:  1170.0
	 epoch  70 training error:  tensor(0.5854, device='cuda:0', grad_fn=<DivBackward0>)
Memory status after this epoch: 
Memory allocated:  928.841796875
Memory cached:  1162.0
	 epoch  80 training error:  tensor(0.5723, device='cuda:0', grad_fn=<DivBackward0>)
Memory status after this epoch: 
Memory allocated:  928.841796875
Memory cached:  1160.0
	 epoch  90 training error:  tensor(0.5697, device='cuda:0', grad_fn=<DivBackward0>)
Memory status after this epoch: 
Memory allocated:  928.841796875
Memory cached:  1164.0
[I 2024-02-16 16:14:18,208] Trial 9 finished with value: 0.4896184504032135 and parameters: {'W_layers': 6, 'W_layer_units_exponent_0': 7, 'W_layer_units_exponent_1': 4, 'W_layer_units_exponent_2': 7, 'W_layer_units_exponent_3': 7, 'W_layer_units_exponent_4': 8, 'W_layer_units_exponent_5': 8, 'D_layers': 4, 'D_layer_units_exponent_0': 10, 'D_layer_units_exponent_1': 4, 'D_layer_units_exponent_2': 9, 'D_layer_units_exponent_3': 6, 'D_dagger_layers': 7, 'D_dagger_layer_units_exponent_0': 9, 'D_dagger_layer_units_exponent_1': 4, 'D_dagger_layer_units_exponent_2': 8, 'D_dagger_layer_units_exponent_3': 6, 'D_dagger_layer_units_exponent_4': 7, 'D_dagger_layer_units_exponent_5': 7, 'D_dagger_layer_units_exponent_6': 4, 'log_learning_rate': -4.494583512123514, 'log_learning_rate_D': -1.6235628084077223, 'log_learning_rate_D_dagger': -4.338913192677542, 'training_batch_size': 10, 'training_p': 8}. Best is trial 8 with value: 0.29165956377983093.
Time for this trial:  286.33631658554077
Memory status after this trial: 
Memory allocated:  1692.97509765625
Memory cached:  1698.0
--------------------  Trial  10   --------------------
Start timing: 
Parameters: 
{'W_layers': 7, 'W_layer_units_exponent_0': 4, 'W_layer_units_exponent_1': 9, 'W_layer_units_exponent_2': 4, 'W_layer_units_exponent_3': 5, 'W_layer_units_exponent_4': 4, 'W_layer_units_exponent_5': 10, 'W_layer_units_exponent_6': 4, 'D_layers': 4, 'D_layer_units_exponent_0': 10, 'D_layer_units_exponent_1': 10, 'D_layer_units_exponent_2': 4, 'D_layer_units_exponent_3': 4, 'D_dagger_layers': 2, 'D_dagger_layer_units_exponent_0': 4, 'D_dagger_layer_units_exponent_1': 9, 'log_learning_rate': -2.581423078986714, 'log_learning_rate_D': -4.7994572031312, 'log_learning_rate_D_dagger': -1.1558192824160596, 'training_batch_size': 6, 'training_p': 4}
	 epoch  0 training error:  tensor(5.2190, device='cuda:0', grad_fn=<DivBackward0>)
Memory status after this epoch: 
Memory allocated:  942.4609375
Memory cached:  1204.0
	 epoch  10 training error:  tensor(0.4320, device='cuda:0', grad_fn=<DivBackward0>)
Memory status after this epoch: 
Memory allocated:  942.4609375
Memory cached:  1238.0
	 epoch  20 training error:  tensor(0.4331, device='cuda:0', grad_fn=<DivBackward0>)
Memory status after this epoch: 
Memory allocated:  942.4609375
Memory cached:  1234.0
	 epoch  30 training error:  tensor(0.4234, device='cuda:0', grad_fn=<DivBackward0>)
Memory status after this epoch: 
Memory allocated:  942.4609375
Memory cached:  1230.0
	 epoch  40 training error:  tensor(0.4040, device='cuda:0', grad_fn=<DivBackward0>)
Memory status after this epoch: 
Memory allocated:  942.4609375
Memory cached:  1230.0
	 epoch  50 training error:  tensor(0.4135, device='cuda:0', grad_fn=<DivBackward0>)
Memory status after this epoch: 
Memory allocated:  942.4609375
Memory cached:  1250.0
	 epoch  60 training error:  tensor(0.3984, device='cuda:0', grad_fn=<DivBackward0>)
Memory status after this epoch: 
Memory allocated:  942.4609375
Memory cached:  1224.0
	 epoch  70 training error:  tensor(0.3891, device='cuda:0', grad_fn=<DivBackward0>)
Memory status after this epoch: 
Memory allocated:  942.4609375
Memory cached:  1224.0
	 epoch  80 training error:  tensor(0.3724, device='cuda:0', grad_fn=<DivBackward0>)
Memory status after this epoch: 
Memory allocated:  942.4609375
Memory cached:  1228.0
	 epoch  90 training error:  tensor(0.3455, device='cuda:0', grad_fn=<DivBackward0>)
Memory status after this epoch: 
Memory allocated:  942.4609375
Memory cached:  1242.0
[I 2024-02-16 16:27:18,719] Trial 10 finished with value: 0.3251766264438629 and parameters: {'W_layers': 7, 'W_layer_units_exponent_0': 4, 'W_layer_units_exponent_1': 9, 'W_layer_units_exponent_2': 4, 'W_layer_units_exponent_3': 5, 'W_layer_units_exponent_4': 4, 'W_layer_units_exponent_5': 10, 'W_layer_units_exponent_6': 4, 'D_layers': 4, 'D_layer_units_exponent_0': 10, 'D_layer_units_exponent_1': 10, 'D_layer_units_exponent_2': 4, 'D_layer_units_exponent_3': 4, 'D_dagger_layers': 2, 'D_dagger_layer_units_exponent_0': 4, 'D_dagger_layer_units_exponent_1': 9, 'log_learning_rate': -2.581423078986714, 'log_learning_rate_D': -4.7994572031312, 'log_learning_rate_D_dagger': -1.1558192824160596, 'training_batch_size': 6, 'training_p': 4}. Best is trial 8 with value: 0.29165956377983093.
Time for this trial:  780.0275611877441
Memory status after this trial: 
Memory allocated:  1818.99462890625
Memory cached:  1864.0
--------------------  Trial  11   --------------------
Start timing: 
Parameters: 
{'W_layers': 7, 'W_layer_units_exponent_0': 4, 'W_layer_units_exponent_1': 10, 'W_layer_units_exponent_2': 4, 'W_layer_units_exponent_3': 5, 'W_layer_units_exponent_4': 4, 'W_layer_units_exponent_5': 10, 'W_layer_units_exponent_6': 4, 'D_layers': 4, 'D_layer_units_exponent_0': 10, 'D_layer_units_exponent_1': 10, 'D_layer_units_exponent_2': 4, 'D_layer_units_exponent_3': 4, 'D_dagger_layers': 2, 'D_dagger_layer_units_exponent_0': 4, 'D_dagger_layer_units_exponent_1': 9, 'log_learning_rate': -2.6291710877080807, 'log_learning_rate_D': -4.947778382218631, 'log_learning_rate_D_dagger': -1.0296113687399364, 'training_batch_size': 6, 'training_p': 4}
	 epoch  0 training error:  tensor(9.1780, device='cuda:0', grad_fn=<DivBackward0>)
Memory status after this epoch: 
Memory allocated:  942.71875
Memory cached:  1214.0
	 epoch  10 training error:  tensor(0.4531, device='cuda:0', grad_fn=<DivBackward0>)
Memory status after this epoch: 
Memory allocated:  942.71875
Memory cached:  1240.0
	 epoch  20 training error:  tensor(0.4358, device='cuda:0', grad_fn=<DivBackward0>)
Memory status after this epoch: 
Memory allocated:  942.71875
Memory cached:  1238.0
	 epoch  30 training error:  tensor(0.4305, device='cuda:0', grad_fn=<DivBackward0>)
Memory status after this epoch: 
Memory allocated:  942.71875
Memory cached:  1228.0
	 epoch  40 training error:  tensor(0.4580, device='cuda:0', grad_fn=<DivBackward0>)
Memory status after this epoch: 
Memory allocated:  942.71875
Memory cached:  1228.0
	 epoch  50 training error:  tensor(0.4008, device='cuda:0', grad_fn=<DivBackward0>)
Memory status after this epoch: 
Memory allocated:  942.71875
Memory cached:  1234.0
	 epoch  60 training error:  tensor(0.4014, device='cuda:0', grad_fn=<DivBackward0>)
Memory status after this epoch: 
Memory allocated:  942.71875
Memory cached:  1222.0
	 epoch  70 training error:  tensor(0.3959, device='cuda:0', grad_fn=<DivBackward0>)
Memory status after this epoch: 
Memory allocated:  942.71875
Memory cached:  1226.0
	 epoch  80 training error:  tensor(0.3782, device='cuda:0', grad_fn=<DivBackward0>)
Memory status after this epoch: 
Memory allocated:  942.71875
Memory cached:  1230.0
	 epoch  90 training error:  tensor(0.3849, device='cuda:0', grad_fn=<DivBackward0>)
Memory status after this epoch: 
Memory allocated:  942.71875
Memory cached:  1222.0
