[I 2023-12-07 00:00:22,715] Trial 21 finished with value: 0.25064167380332947 and parameters: {'W_layers': 7, 'W_layer_units_exponent_0': 7, 'W_layer_units_exponent_1': 9, 'W_layer_units_exponent_2': 7, 'W_layer_units_exponent_3': 8, 'W_layer_units_exponent_4': 7, 'W_layer_units_exponent_5': 5, 'W_layer_units_exponent_6': 10, 'D_layers': 4, 'D_layer_units_exponent_0': 9, 'D_layer_units_exponent_1': 9, 'D_layer_units_exponent_2': 6, 'D_layer_units_exponent_3': 10, 'D_dagger_layers': 4, 'D_dagger_layer_units_exponent_0': 9, 'D_dagger_layer_units_exponent_1': 9, 'D_dagger_layer_units_exponent_2': 4, 'D_dagger_layer_units_exponent_3': 4, 'log_learning_rate': -3.9129535616495534, 'log_learning_rate_D': -4.394491835304943, 'log_learning_rate_D_dagger': -3.632238742632015, 'training_batch_size': 6, 'training_p': 6}. Best is trial 10 with value: 0.2010466605424881.
Time for this trial:  361.70457434654236
Memory status after this trial: 
Memory allocated:  787.19140625
Memory cached:  828.0
--------------------  Trial  22   --------------------
Start timing: 
Parameters: 
{'W_layers': 8, 'W_layer_units_exponent_0': 6, 'W_layer_units_exponent_1': 9, 'W_layer_units_exponent_2': 8, 'W_layer_units_exponent_3': 6, 'W_layer_units_exponent_4': 7, 'W_layer_units_exponent_5': 4, 'W_layer_units_exponent_6': 10, 'W_layer_units_exponent_7': 7, 'D_layers': 3, 'D_layer_units_exponent_0': 8, 'D_layer_units_exponent_1': 10, 'D_layer_units_exponent_2': 7, 'D_dagger_layers': 4, 'D_dagger_layer_units_exponent_0': 10, 'D_dagger_layer_units_exponent_1': 10, 'D_dagger_layer_units_exponent_2': 4, 'D_dagger_layer_units_exponent_3': 4, 'log_learning_rate': -4.483528426688582, 'log_learning_rate_D': -4.315044833446644, 'log_learning_rate_D_dagger': -3.615337729525561, 'training_batch_size': 6, 'training_p': 6}
	 epoch  0 training error:  tensor(1.0201, device='cuda:0', grad_fn=<DivBackward0>)
Memory status after this epoch: 
Memory allocated:  537.12255859375
Memory cached:  786.0
	 epoch  10 training error:  tensor(0.8197, device='cuda:0', grad_fn=<DivBackward0>)
Memory status after this epoch: 
Memory allocated:  537.12255859375
Memory cached:  812.0
	 epoch  20 training error:  tensor(0.6142, device='cuda:0', grad_fn=<DivBackward0>)
Memory status after this epoch: 
Memory allocated:  537.12255859375
Memory cached:  810.0
	 epoch  30 training error:  tensor(0.5403, device='cuda:0', grad_fn=<DivBackward0>)
Memory status after this epoch: 
Memory allocated:  537.12255859375
Memory cached:  808.0
	 epoch  40 training error:  tensor(0.4037, device='cuda:0', grad_fn=<DivBackward0>)
Memory status after this epoch: 
Memory allocated:  537.12255859375
Memory cached:  820.0
	 epoch  50 training error:  tensor(0.4218, device='cuda:0', grad_fn=<DivBackward0>)
Memory status after this epoch: 
Memory allocated:  537.12255859375
Memory cached:  806.0
	 epoch  60 training error:  tensor(0.3348, device='cuda:0', grad_fn=<DivBackward0>)
Memory status after this epoch: 
Memory allocated:  537.12255859375
Memory cached:  818.0
	 epoch  70 training error:  tensor(0.2872, device='cuda:0', grad_fn=<DivBackward0>)
Memory status after this epoch: 
Memory allocated:  537.12255859375
Memory cached:  814.0
	 epoch  80 training error:  tensor(0.3128, device='cuda:0', grad_fn=<DivBackward0>)
Memory status after this epoch: 
Memory allocated:  537.12255859375
Memory cached:  806.0
	 epoch  90 training error:  tensor(0.2640, device='cuda:0', grad_fn=<DivBackward0>)
Memory status after this epoch: 
Memory allocated:  537.12255859375
Memory cached:  814.0
[I 2023-12-07 00:06:25,502] Trial 22 finished with value: 0.17358186841011047 and parameters: {'W_layers': 8, 'W_layer_units_exponent_0': 6, 'W_layer_units_exponent_1': 9, 'W_layer_units_exponent_2': 8, 'W_layer_units_exponent_3': 6, 'W_layer_units_exponent_4': 7, 'W_layer_units_exponent_5': 4, 'W_layer_units_exponent_6': 10, 'W_layer_units_exponent_7': 7, 'D_layers': 3, 'D_layer_units_exponent_0': 8, 'D_layer_units_exponent_1': 10, 'D_layer_units_exponent_2': 7, 'D_dagger_layers': 4, 'D_dagger_layer_units_exponent_0': 10, 'D_dagger_layer_units_exponent_1': 10, 'D_dagger_layer_units_exponent_2': 4, 'D_dagger_layer_units_exponent_3': 4, 'log_learning_rate': -4.483528426688582, 'log_learning_rate_D': -4.315044833446644, 'log_learning_rate_D_dagger': -3.615337729525561, 'training_batch_size': 6, 'training_p': 6}. Best is trial 22 with value: 0.17358186841011047.
res:  tensor(0.1736, device='cuda:0', grad_fn=<DivBackward0>)
self.bestValue:  tensor(0.2010, device='cuda:0', grad_fn=<DivBackward0>)
Save this model!
Time for this trial:  362.52014446258545
Memory status after this trial: 
Memory allocated:  315.24462890625
Memory cached:  660.0
--------------------  Trial  23   --------------------
Start timing: 
Parameters: 
{'W_layers': 8, 'W_layer_units_exponent_0': 6, 'W_layer_units_exponent_1': 8, 'W_layer_units_exponent_2': 8, 'W_layer_units_exponent_3': 6, 'W_layer_units_exponent_4': 7, 'W_layer_units_exponent_5': 7, 'W_layer_units_exponent_6': 7, 'W_layer_units_exponent_7': 7, 'D_layers': 3, 'D_layer_units_exponent_0': 8, 'D_layer_units_exponent_1': 10, 'D_layer_units_exponent_2': 7, 'D_dagger_layers': 3, 'D_dagger_layer_units_exponent_0': 10, 'D_dagger_layer_units_exponent_1': 10, 'D_dagger_layer_units_exponent_2': 5, 'log_learning_rate': -4.706703979325725, 'log_learning_rate_D': -4.543673055167513, 'log_learning_rate_D_dagger': -3.4532065057650563, 'training_batch_size': 7, 'training_p': 7}
	 epoch  0 training error:  tensor(0.9931, device='cuda:0', grad_fn=<DivBackward0>)
Memory status after this epoch: 
Memory allocated:  340.21923828125
Memory cached:  610.0
	 epoch  10 training error:  tensor(0.8786, device='cuda:0', grad_fn=<DivBackward0>)
Memory status after this epoch: 
Memory allocated:  340.21923828125
Memory cached:  616.0
	 epoch  20 training error:  tensor(0.8142, device='cuda:0', grad_fn=<DivBackward0>)
Memory status after this epoch: 
Memory allocated:  340.21923828125
Memory cached:  620.0
	 epoch  30 training error:  tensor(0.7024, device='cuda:0', grad_fn=<DivBackward0>)
Memory status after this epoch: 
Memory allocated:  340.21923828125
Memory cached:  624.0
	 epoch  40 training error:  tensor(0.5737, device='cuda:0', grad_fn=<DivBackward0>)
Memory status after this epoch: 
Memory allocated:  340.21923828125
Memory cached:  620.0
	 epoch  50 training error:  tensor(0.5458, device='cuda:0', grad_fn=<DivBackward0>)
Memory status after this epoch: 
Memory allocated:  340.21923828125
Memory cached:  624.0
	 epoch  60 training error:  tensor(0.4527, device='cuda:0', grad_fn=<DivBackward0>)
Memory status after this epoch: 
Memory allocated:  340.21923828125
Memory cached:  622.0
	 epoch  70 training error:  tensor(0.4347, device='cuda:0', grad_fn=<DivBackward0>)
Memory status after this epoch: 
Memory allocated:  340.21923828125
Memory cached:  624.0
	 epoch  80 training error:  tensor(0.4038, device='cuda:0', grad_fn=<DivBackward0>)
Memory status after this epoch: 
Memory allocated:  340.21923828125
Memory cached:  620.0
	 epoch  90 training error:  tensor(0.3197, device='cuda:0', grad_fn=<DivBackward0>)
Memory status after this epoch: 
Memory allocated:  340.21923828125
Memory cached:  622.0
[I 2023-12-07 00:09:45,164] Trial 23 finished with value: 0.3031633496284485 and parameters: {'W_layers': 8, 'W_layer_units_exponent_0': 6, 'W_layer_units_exponent_1': 8, 'W_layer_units_exponent_2': 8, 'W_layer_units_exponent_3': 6, 'W_layer_units_exponent_4': 7, 'W_layer_units_exponent_5': 7, 'W_layer_units_exponent_6': 7, 'W_layer_units_exponent_7': 7, 'D_layers': 3, 'D_layer_units_exponent_0': 8, 'D_layer_units_exponent_1': 10, 'D_layer_units_exponent_2': 7, 'D_dagger_layers': 3, 'D_dagger_layer_units_exponent_0': 10, 'D_dagger_layer_units_exponent_1': 10, 'D_dagger_layer_units_exponent_2': 5, 'log_learning_rate': -4.706703979325725, 'log_learning_rate_D': -4.543673055167513, 'log_learning_rate_D_dagger': -3.4532065057650563, 'training_batch_size': 7, 'training_p': 7}. Best is trial 22 with value: 0.17358186841011047.
Time for this trial:  199.44170331954956
Memory status after this trial: 
Memory allocated:  572.87890625
Memory cached:  614.0
--------------------  Trial  24   --------------------
Start timing: 
Parameters: 
{'W_layers': 8, 'W_layer_units_exponent_0': 6, 'W_layer_units_exponent_1': 10, 'W_layer_units_exponent_2': 10, 'W_layer_units_exponent_3': 5, 'W_layer_units_exponent_4': 8, 'W_layer_units_exponent_5': 5, 'W_layer_units_exponent_6': 9, 'W_layer_units_exponent_7': 7, 'D_layers': 3, 'D_layer_units_exponent_0': 6, 'D_layer_units_exponent_1': 10, 'D_layer_units_exponent_2': 8, 'D_dagger_layers': 6, 'D_dagger_layer_units_exponent_0': 10, 'D_dagger_layer_units_exponent_1': 10, 'D_dagger_layer_units_exponent_2': 6, 'D_dagger_layer_units_exponent_3': 5, 'D_dagger_layer_units_exponent_4': 10, 'D_dagger_layer_units_exponent_5': 7, 'log_learning_rate': -4.540903040542018, 'log_learning_rate_D': -4.158490273082888, 'log_learning_rate_D_dagger': -4.9898507904789255, 'training_batch_size': 6, 'training_p': 6}
	 epoch  0 training error:  tensor(0.9983, device='cuda:0', grad_fn=<DivBackward0>)
Memory status after this epoch: 
Memory allocated:  358.95166015625
Memory cached:  614.0
	 epoch  10 training error:  tensor(0.9807, device='cuda:0', grad_fn=<DivBackward0>)
Memory status after this epoch: 
Memory allocated:  358.95166015625
Memory cached:  630.0
	 epoch  20 training error:  tensor(0.9588, device='cuda:0', grad_fn=<DivBackward0>)
Memory status after this epoch: 
Memory allocated:  358.95166015625
Memory cached:  628.0
	 epoch  30 training error:  tensor(0.9140, device='cuda:0', grad_fn=<DivBackward0>)
Memory status after this epoch: 
Memory allocated:  358.95166015625
Memory cached:  638.0
	 epoch  40 training error:  tensor(0.8442, device='cuda:0', grad_fn=<DivBackward0>)
Memory status after this epoch: 
Memory allocated:  358.95166015625
Memory cached:  632.0
	 epoch  50 training error:  tensor(0.8002, device='cuda:0', grad_fn=<DivBackward0>)
Memory status after this epoch: 
Memory allocated:  358.95166015625
Memory cached:  632.0
	 epoch  60 training error:  tensor(0.7475, device='cuda:0', grad_fn=<DivBackward0>)
Memory status after this epoch: 
Memory allocated:  358.95166015625
Memory cached:  630.0
	 epoch  70 training error:  tensor(0.6956, device='cuda:0', grad_fn=<DivBackward0>)
Memory status after this epoch: 
Memory allocated:  358.95166015625
Memory cached:  622.0
	 epoch  80 training error:  tensor(0.5948, device='cuda:0', grad_fn=<DivBackward0>)
Memory status after this epoch: 
Memory allocated:  358.95166015625
Memory cached:  634.0
	 epoch  90 training error:  tensor(0.5253, device='cuda:0', grad_fn=<DivBackward0>)
Memory status after this epoch: 
Memory allocated:  358.95166015625
Memory cached:  626.0
[I 2023-12-07 00:16:27,987] Trial 24 finished with value: 0.5108192563056946 and parameters: {'W_layers': 8, 'W_layer_units_exponent_0': 6, 'W_layer_units_exponent_1': 10, 'W_layer_units_exponent_2': 10, 'W_layer_units_exponent_3': 5, 'W_layer_units_exponent_4': 8, 'W_layer_units_exponent_5': 5, 'W_layer_units_exponent_6': 9, 'W_layer_units_exponent_7': 7, 'D_layers': 3, 'D_layer_units_exponent_0': 6, 'D_layer_units_exponent_1': 10, 'D_layer_units_exponent_2': 8, 'D_dagger_layers': 6, 'D_dagger_layer_units_exponent_0': 10, 'D_dagger_layer_units_exponent_1': 10, 'D_dagger_layer_units_exponent_2': 6, 'D_dagger_layer_units_exponent_3': 5, 'D_dagger_layer_units_exponent_4': 10, 'D_dagger_layer_units_exponent_5': 7, 'log_learning_rate': -4.540903040542018, 'log_learning_rate_D': -4.158490273082888, 'log_learning_rate_D_dagger': -4.9898507904789255, 'training_batch_size': 6, 'training_p': 6}. Best is trial 22 with value: 0.17358186841011047.
Time for this trial:  402.533650636673
Memory status after this trial: 
Memory allocated:  744.6796875
Memory cached:  768.0
--------------------  Trial  25   --------------------
Start timing: 
Parameters: 
{'W_layers': 8, 'W_layer_units_exponent_0': 8, 'W_layer_units_exponent_1': 9, 'W_layer_units_exponent_2': 8, 'W_layer_units_exponent_3': 5, 'W_layer_units_exponent_4': 6, 'W_layer_units_exponent_5': 7, 'W_layer_units_exponent_6': 10, 'W_layer_units_exponent_7': 9, 'D_layers': 5, 'D_layer_units_exponent_0': 7, 'D_layer_units_exponent_1': 10, 'D_layer_units_exponent_2': 7, 'D_layer_units_exponent_3': 8, 'D_layer_units_exponent_4': 8, 'D_dagger_layers': 6, 'D_dagger_layer_units_exponent_0': 10, 'D_dagger_layer_units_exponent_1': 10, 'D_dagger_layer_units_exponent_2': 4, 'D_dagger_layer_units_exponent_3': 6, 'D_dagger_layer_units_exponent_4': 4, 'D_dagger_layer_units_exponent_5': 7, 'log_learning_rate': -4.844278047167883, 'log_learning_rate_D': -4.68722665925754, 'log_learning_rate_D_dagger': -3.13518991018237, 'training_batch_size': 7, 'training_p': 5}
	 epoch  0 training error:  tensor(0.9989, device='cuda:0', grad_fn=<DivBackward0>)
Memory status after this epoch: 
Memory allocated:  351.48291015625
Memory cached:  608.0
	 epoch  10 training error:  tensor(0.7678, device='cuda:0', grad_fn=<DivBackward0>)
Memory status after this epoch: 
Memory allocated:  351.48291015625
Memory cached:  634.0
	 epoch  20 training error:  tensor(0.7198, device='cuda:0', grad_fn=<DivBackward0>)
Memory status after this epoch: 
Memory allocated:  351.48291015625
Memory cached:  634.0
	 epoch  30 training error:  tensor(0.6174, device='cuda:0', grad_fn=<DivBackward0>)
Memory status after this epoch: 
Memory allocated:  351.48291015625
Memory cached:  642.0
	 epoch  40 training error:  tensor(0.6116, device='cuda:0', grad_fn=<DivBackward0>)
Memory status after this epoch: 
Memory allocated:  351.48291015625
Memory cached:  630.0
	 epoch  50 training error:  tensor(0.5275, device='cuda:0', grad_fn=<DivBackward0>)
Memory status after this epoch: 
Memory allocated:  351.48291015625
Memory cached:  628.0
	 epoch  60 training error:  tensor(0.5055, device='cuda:0', grad_fn=<DivBackward0>)
Memory status after this epoch: 
Memory allocated:  351.48291015625
Memory cached:  634.0
	 epoch  70 training error:  tensor(0.3940, device='cuda:0', grad_fn=<DivBackward0>)
Memory status after this epoch: 
Memory allocated:  351.48291015625
Memory cached:  646.0
	 epoch  80 training error:  tensor(0.3729, device='cuda:0', grad_fn=<DivBackward0>)
Memory status after this epoch: 
Memory allocated:  351.48291015625
Memory cached:  632.0
	 epoch  90 training error:  tensor(0.4059, device='cuda:0', grad_fn=<DivBackward0>)
Memory status after this epoch: 
Memory allocated:  351.48291015625
Memory cached:  640.0
[I 2023-12-07 00:20:40,087] Trial 25 finished with value: 0.23143427073955536 and parameters: {'W_layers': 8, 'W_layer_units_exponent_0': 8, 'W_layer_units_exponent_1': 9, 'W_layer_units_exponent_2': 8, 'W_layer_units_exponent_3': 5, 'W_layer_units_exponent_4': 6, 'W_layer_units_exponent_5': 7, 'W_layer_units_exponent_6': 10, 'W_layer_units_exponent_7': 9, 'D_layers': 5, 'D_layer_units_exponent_0': 7, 'D_layer_units_exponent_1': 10, 'D_layer_units_exponent_2': 7, 'D_layer_units_exponent_3': 8, 'D_layer_units_exponent_4': 8, 'D_dagger_layers': 6, 'D_dagger_layer_units_exponent_0': 10, 'D_dagger_layer_units_exponent_1': 10, 'D_dagger_layer_units_exponent_2': 4, 'D_dagger_layer_units_exponent_3': 6, 'D_dagger_layer_units_exponent_4': 4, 'D_dagger_layer_units_exponent_5': 7, 'log_learning_rate': -4.844278047167883, 'log_learning_rate_D': -4.68722665925754, 'log_learning_rate_D_dagger': -3.13518991018237, 'training_batch_size': 7, 'training_p': 5}. Best is trial 22 with value: 0.17358186841011047.
Time for this trial:  251.81842279434204
Memory status after this trial: 
Memory allocated:  691.9384765625
Memory cached:  720.0
--------------------  Trial  26   --------------------
Start timing: 
Parameters: 
{'W_layers': 7, 'W_layer_units_exponent_0': 7, 'W_layer_units_exponent_1': 10, 'W_layer_units_exponent_2': 6, 'W_layer_units_exponent_3': 7, 'W_layer_units_exponent_4': 5, 'W_layer_units_exponent_5': 5, 'W_layer_units_exponent_6': 6, 'D_layers': 5, 'D_layer_units_exponent_0': 7, 'D_layer_units_exponent_1': 9, 'D_layer_units_exponent_2': 5, 'D_layer_units_exponent_3': 5, 'D_layer_units_exponent_4': 6, 'D_dagger_layers': 4, 'D_dagger_layer_units_exponent_0': 9, 'D_dagger_layer_units_exponent_1': 9, 'D_dagger_layer_units_exponent_2': 5, 'D_dagger_layer_units_exponent_3': 4, 'log_learning_rate': -4.01108541461836, 'log_learning_rate_D': -3.62280084071957, 'log_learning_rate_D_dagger': -3.9973040583219888, 'training_batch_size': 8, 'training_p': 7}
	 epoch  0 training error:  tensor(1.0004, device='cuda:0', grad_fn=<DivBackward0>)
Memory status after this epoch: 
Memory allocated:  324.10400390625
Memory cached:  612.0
	 epoch  10 training error:  tensor(0.9512, device='cuda:0', grad_fn=<DivBackward0>)
Memory status after this epoch: 
Memory allocated:  324.10400390625
Memory cached:  622.0
	 epoch  20 training error:  tensor(0.8877, device='cuda:0', grad_fn=<DivBackward0>)
Memory status after this epoch: 
Memory allocated:  324.10400390625
Memory cached:  624.0
	 epoch  30 training error:  tensor(0.8347, device='cuda:0', grad_fn=<DivBackward0>)
Memory status after this epoch: 
Memory allocated:  324.10400390625
Memory cached:  618.0
	 epoch  40 training error:  tensor(0.8000, device='cuda:0', grad_fn=<DivBackward0>)
Memory status after this epoch: 
Memory allocated:  324.10400390625
Memory cached:  616.0
	 epoch  50 training error:  tensor(0.6969, device='cuda:0', grad_fn=<DivBackward0>)
Memory status after this epoch: 
Memory allocated:  324.10400390625
Memory cached:  616.0
	 epoch  60 training error:  tensor(0.5926, device='cuda:0', grad_fn=<DivBackward0>)
Memory status after this epoch: 
Memory allocated:  324.10400390625
Memory cached:  620.0
	 epoch  70 training error:  tensor(0.5020, device='cuda:0', grad_fn=<DivBackward0>)
Memory status after this epoch: 
Memory allocated:  324.10400390625
Memory cached:  614.0
	 epoch  80 training error:  tensor(0.4612, device='cuda:0', grad_fn=<DivBackward0>)
Memory status after this epoch: 
Memory allocated:  324.10400390625
Memory cached:  616.0
	 epoch  90 training error:  tensor(0.4046, device='cuda:0', grad_fn=<DivBackward0>)
Memory status after this epoch: 
Memory allocated:  324.10400390625
Memory cached:  616.0
[I 2023-12-07 00:24:03,897] Trial 26 finished with value: 0.24404266476631165 and parameters: {'W_layers': 7, 'W_layer_units_exponent_0': 7, 'W_layer_units_exponent_1': 10, 'W_layer_units_exponent_2': 6, 'W_layer_units_exponent_3': 7, 'W_layer_units_exponent_4': 5, 'W_layer_units_exponent_5': 5, 'W_layer_units_exponent_6': 6, 'D_layers': 5, 'D_layer_units_exponent_0': 7, 'D_layer_units_exponent_1': 9, 'D_layer_units_exponent_2': 5, 'D_layer_units_exponent_3': 5, 'D_layer_units_exponent_4': 6, 'D_dagger_layers': 4, 'D_dagger_layer_units_exponent_0': 9, 'D_dagger_layer_units_exponent_1': 9, 'D_dagger_layer_units_exponent_2': 5, 'D_dagger_layer_units_exponent_3': 4, 'log_learning_rate': -4.01108541461836, 'log_learning_rate_D': -3.62280084071957, 'log_learning_rate_D_dagger': -3.9973040583219888, 'training_batch_size': 8, 'training_p': 7}. Best is trial 22 with value: 0.17358186841011047.
Time for this trial:  203.54083776474
Memory status after this trial: 
Memory allocated:  495.48046875
Memory cached:  616.0
--------------------  Trial  27   --------------------
Start timing: 
Parameters: 
{'W_layers': 6, 'W_layer_units_exponent_0': 6, 'W_layer_units_exponent_1': 8, 'W_layer_units_exponent_2': 9, 'W_layer_units_exponent_3': 6, 'W_layer_units_exponent_4': 7, 'W_layer_units_exponent_5': 4, 'D_layers': 7, 'D_layer_units_exponent_0': 10, 'D_layer_units_exponent_1': 8, 'D_layer_units_exponent_2': 7, 'D_layer_units_exponent_3': 9, 'D_layer_units_exponent_4': 9, 'D_layer_units_exponent_5': 4, 'D_layer_units_exponent_6': 10, 'D_dagger_layers': 2, 'D_dagger_layer_units_exponent_0': 8, 'D_dagger_layer_units_exponent_1': 8, 'log_learning_rate': -4.413317896841309, 'log_learning_rate_D': -4.170783496061313, 'log_learning_rate_D_dagger': -3.5970559847042405, 'training_batch_size': 6, 'training_p': 8}
	 epoch  0 training error:  tensor(0.9978, device='cuda:0', grad_fn=<DivBackward0>)
Memory status after this epoch: 
Memory allocated:  329.16259765625
Memory cached:  628.0
	 epoch  10 training error:  tensor(0.9048, device='cuda:0', grad_fn=<DivBackward0>)
Memory status after this epoch: 
Memory allocated:  329.16259765625
Memory cached:  654.0
	 epoch  20 training error:  tensor(0.8304, device='cuda:0', grad_fn=<DivBackward0>)
Memory status after this epoch: 
Memory allocated:  329.16259765625
Memory cached:  658.0
	 epoch  30 training error:  tensor(0.7727, device='cuda:0', grad_fn=<DivBackward0>)
Memory status after this epoch: 
Memory allocated:  329.16259765625
Memory cached:  656.0
	 epoch  40 training error:  tensor(0.6563, device='cuda:0', grad_fn=<DivBackward0>)
Memory status after this epoch: 
Memory allocated:  329.16259765625
Memory cached:  654.0
	 epoch  50 training error:  tensor(0.5779, device='cuda:0', grad_fn=<DivBackward0>)
Memory status after this epoch: 
Memory allocated:  329.16259765625
Memory cached:  652.0
	 epoch  60 training error:  tensor(0.5573, device='cuda:0', grad_fn=<DivBackward0>)
Memory status after this epoch: 
Memory allocated:  329.16259765625
Memory cached:  658.0
	 epoch  70 training error:  tensor(0.5411, device='cuda:0', grad_fn=<DivBackward0>)
Memory status after this epoch: 
Memory allocated:  329.16259765625
Memory cached:  654.0
	 epoch  80 training error:  tensor(0.5113, device='cuda:0', grad_fn=<DivBackward0>)
Memory status after this epoch: 
Memory allocated:  329.16259765625
Memory cached:  652.0
	 epoch  90 training error:  tensor(0.5094, device='cuda:0', grad_fn=<DivBackward0>)
Memory status after this epoch: 
Memory allocated:  329.16259765625
Memory cached:  648.0
