[I 2024-01-10 23:04:26,239] Trial 83 finished with value: 0.19243353605270386 and parameters: {'W_layers': 4, 'W_layer_units_exponent_0': 10, 'W_layer_units_exponent_1': 4, 'W_layer_units_exponent_2': 5, 'W_layer_units_exponent_3': 5, 'D_layers': 3, 'D_layer_units_exponent_0': 10, 'D_layer_units_exponent_1': 5, 'D_layer_units_exponent_2': 7, 'D_dagger_layers': 3, 'D_dagger_layer_units_exponent_0': 10, 'D_dagger_layer_units_exponent_1': 5, 'D_dagger_layer_units_exponent_2': 5, 'log_learning_rate': -3.84620864853409, 'log_learning_rate_D': -2.645800359180138, 'log_learning_rate_D_dagger': -2.8668761079298037, 'training_batch_size': 6, 'training_p': 2}. Best is trial 52 with value: 0.08483626693487167.
Time for this trial:  401.0947754383087
Memory status after this trial: 
Memory allocated:  707.6640625
Memory cached:  710.0
--------------------  Trial  84   --------------------
Start timing: 
Parameters: 
{'W_layers': 4, 'W_layer_units_exponent_0': 9, 'W_layer_units_exponent_1': 4, 'W_layer_units_exponent_2': 5, 'W_layer_units_exponent_3': 5, 'D_layers': 4, 'D_layer_units_exponent_0': 10, 'D_layer_units_exponent_1': 6, 'D_layer_units_exponent_2': 8, 'D_layer_units_exponent_3': 4, 'D_dagger_layers': 3, 'D_dagger_layer_units_exponent_0': 10, 'D_dagger_layer_units_exponent_1': 6, 'D_dagger_layer_units_exponent_2': 5, 'log_learning_rate': -3.812942012951217, 'log_learning_rate_D': -2.7359348972379074, 'log_learning_rate_D_dagger': -2.7884006239618344, 'training_batch_size': 6, 'training_p': 2}
	 epoch  0 training error:  tensor(0.6386, device='cuda:0', grad_fn=<DivBackward0>)
Memory status after this epoch: 
Memory allocated:  352.7705078125
Memory cached:  640.0
	 epoch  10 training error:  tensor(0.2064, device='cuda:0', grad_fn=<DivBackward0>)
Memory status after this epoch: 
Memory allocated:  352.7705078125
Memory cached:  640.0
	 epoch  20 training error:  tensor(0.2359, device='cuda:0', grad_fn=<DivBackward0>)
Memory status after this epoch: 
Memory allocated:  352.7705078125
Memory cached:  636.0
	 epoch  30 training error:  tensor(0.1882, device='cuda:0', grad_fn=<DivBackward0>)
Memory status after this epoch: 
Memory allocated:  352.7705078125
Memory cached:  638.0
	 epoch  40 training error:  tensor(0.1791, device='cuda:0', grad_fn=<DivBackward0>)
Memory status after this epoch: 
Memory allocated:  352.7705078125
Memory cached:  636.0
	 epoch  50 training error:  tensor(0.1780, device='cuda:0', grad_fn=<DivBackward0>)
Memory status after this epoch: 
Memory allocated:  352.7705078125
Memory cached:  638.0
	 epoch  60 training error:  tensor(0.1852, device='cuda:0', grad_fn=<DivBackward0>)
Memory status after this epoch: 
Memory allocated:  352.7705078125
Memory cached:  636.0
	 epoch  70 training error:  tensor(0.1600, device='cuda:0', grad_fn=<DivBackward0>)
Memory status after this epoch: 
Memory allocated:  352.7705078125
Memory cached:  636.0
	 epoch  80 training error:  tensor(0.1233, device='cuda:0', grad_fn=<DivBackward0>)
Memory status after this epoch: 
Memory allocated:  352.7705078125
Memory cached:  640.0
	 epoch  90 training error:  tensor(0.1154, device='cuda:0', grad_fn=<DivBackward0>)
Memory status after this epoch: 
Memory allocated:  352.7705078125
Memory cached:  636.0
[I 2024-01-10 23:11:26,427] Trial 84 finished with value: 0.10854178667068481 and parameters: {'W_layers': 4, 'W_layer_units_exponent_0': 9, 'W_layer_units_exponent_1': 4, 'W_layer_units_exponent_2': 5, 'W_layer_units_exponent_3': 5, 'D_layers': 4, 'D_layer_units_exponent_0': 10, 'D_layer_units_exponent_1': 6, 'D_layer_units_exponent_2': 8, 'D_layer_units_exponent_3': 4, 'D_dagger_layers': 3, 'D_dagger_layer_units_exponent_0': 10, 'D_dagger_layer_units_exponent_1': 6, 'D_dagger_layer_units_exponent_2': 5, 'log_learning_rate': -3.812942012951217, 'log_learning_rate_D': -2.7359348972379074, 'log_learning_rate_D_dagger': -2.7884006239618344, 'training_batch_size': 6, 'training_p': 2}. Best is trial 52 with value: 0.08483626693487167.
Time for this trial:  419.8176968097687
Memory status after this trial: 
Memory allocated:  677.26171875
Memory cached:  680.0
--------------------  Trial  85   --------------------
Start timing: 
Parameters: 
{'W_layers': 5, 'W_layer_units_exponent_0': 9, 'W_layer_units_exponent_1': 4, 'W_layer_units_exponent_2': 6, 'W_layer_units_exponent_3': 5, 'W_layer_units_exponent_4': 6, 'D_layers': 4, 'D_layer_units_exponent_0': 9, 'D_layer_units_exponent_1': 6, 'D_layer_units_exponent_2': 8, 'D_layer_units_exponent_3': 4, 'D_dagger_layers': 3, 'D_dagger_layer_units_exponent_0': 10, 'D_dagger_layer_units_exponent_1': 6, 'D_dagger_layer_units_exponent_2': 5, 'log_learning_rate': -3.9651347877168486, 'log_learning_rate_D': -2.3917236984217527, 'log_learning_rate_D_dagger': -2.992008340289625, 'training_batch_size': 6, 'training_p': 3}
	 epoch  0 training error:  tensor(0.7033, device='cuda:0', grad_fn=<DivBackward0>)
Memory status after this epoch: 
Memory allocated:  352.3115234375
Memory cached:  636.0
	 epoch  10 training error:  tensor(0.2583, device='cuda:0', grad_fn=<DivBackward0>)
Memory status after this epoch: 
Memory allocated:  352.3115234375
Memory cached:  636.0
	 epoch  20 training error:  tensor(0.2387, device='cuda:0', grad_fn=<DivBackward0>)
Memory status after this epoch: 
Memory allocated:  352.3115234375
Memory cached:  636.0
	 epoch  30 training error:  tensor(0.2436, device='cuda:0', grad_fn=<DivBackward0>)
Memory status after this epoch: 
Memory allocated:  352.3115234375
Memory cached:  636.0
	 epoch  40 training error:  tensor(0.2327, device='cuda:0', grad_fn=<DivBackward0>)
Memory status after this epoch: 
Memory allocated:  352.3115234375
Memory cached:  636.0
	 epoch  50 training error:  tensor(0.2308, device='cuda:0', grad_fn=<DivBackward0>)
Memory status after this epoch: 
Memory allocated:  352.3115234375
Memory cached:  636.0
	 epoch  60 training error:  tensor(0.2469, device='cuda:0', grad_fn=<DivBackward0>)
Memory status after this epoch: 
Memory allocated:  352.3115234375
Memory cached:  636.0
	 epoch  70 training error:  tensor(0.2370, device='cuda:0', grad_fn=<DivBackward0>)
Memory status after this epoch: 
Memory allocated:  352.3115234375
Memory cached:  636.0
	 epoch  80 training error:  tensor(0.2297, device='cuda:0', grad_fn=<DivBackward0>)
Memory status after this epoch: 
Memory allocated:  352.3115234375
Memory cached:  636.0
	 epoch  90 training error:  tensor(0.2549, device='cuda:0', grad_fn=<DivBackward0>)
Memory status after this epoch: 
Memory allocated:  352.3115234375
Memory cached:  636.0
[I 2024-01-10 23:18:43,358] Trial 85 finished with value: 0.21691711246967316 and parameters: {'W_layers': 5, 'W_layer_units_exponent_0': 9, 'W_layer_units_exponent_1': 4, 'W_layer_units_exponent_2': 6, 'W_layer_units_exponent_3': 5, 'W_layer_units_exponent_4': 6, 'D_layers': 4, 'D_layer_units_exponent_0': 9, 'D_layer_units_exponent_1': 6, 'D_layer_units_exponent_2': 8, 'D_layer_units_exponent_3': 4, 'D_dagger_layers': 3, 'D_dagger_layer_units_exponent_0': 10, 'D_dagger_layer_units_exponent_1': 6, 'D_dagger_layer_units_exponent_2': 5, 'log_learning_rate': -3.9651347877168486, 'log_learning_rate_D': -2.3917236984217527, 'log_learning_rate_D_dagger': -2.992008340289625, 'training_batch_size': 6, 'training_p': 3}. Best is trial 52 with value: 0.08483626693487167.
Time for this trial:  436.5482351779938
Memory status after this trial: 
Memory allocated:  632.6572265625
Memory cached:  636.0
--------------------  Trial  86   --------------------
Start timing: 
Parameters: 
{'W_layers': 3, 'W_layer_units_exponent_0': 9, 'W_layer_units_exponent_1': 4, 'W_layer_units_exponent_2': 5, 'D_layers': 4, 'D_layer_units_exponent_0': 10, 'D_layer_units_exponent_1': 6, 'D_layer_units_exponent_2': 7, 'D_layer_units_exponent_3': 5, 'D_dagger_layers': 3, 'D_dagger_layer_units_exponent_0': 10, 'D_dagger_layer_units_exponent_1': 6, 'D_dagger_layer_units_exponent_2': 5, 'log_learning_rate': -3.470778086667098, 'log_learning_rate_D': -2.7889593307721787, 'log_learning_rate_D_dagger': -2.8163970314062188, 'training_batch_size': 7, 'training_p': 2}
	 epoch  0 training error:  tensor(0.8657, device='cuda:0', grad_fn=<DivBackward0>)
Memory status after this epoch: 
Memory allocated:  352.576171875
Memory cached:  636.0
	 epoch  10 training error:  tensor(0.2101, device='cuda:0', grad_fn=<DivBackward0>)
Memory status after this epoch: 
Memory allocated:  352.576171875
Memory cached:  640.0
	 epoch  20 training error:  tensor(0.1910, device='cuda:0', grad_fn=<DivBackward0>)
Memory status after this epoch: 
Memory allocated:  352.576171875
Memory cached:  644.0
	 epoch  30 training error:  tensor(0.1807, device='cuda:0', grad_fn=<DivBackward0>)
Memory status after this epoch: 
Memory allocated:  352.576171875
Memory cached:  642.0
	 epoch  40 training error:  tensor(0.1626, device='cuda:0', grad_fn=<DivBackward0>)
Memory status after this epoch: 
Memory allocated:  352.576171875
Memory cached:  640.0
	 epoch  50 training error:  tensor(0.1187, device='cuda:0', grad_fn=<DivBackward0>)
Memory status after this epoch: 
Memory allocated:  352.576171875
Memory cached:  642.0
	 epoch  60 training error:  tensor(0.1022, device='cuda:0', grad_fn=<DivBackward0>)
Memory status after this epoch: 
Memory allocated:  352.576171875
Memory cached:  644.0
	 epoch  70 training error:  tensor(0.0941, device='cuda:0', grad_fn=<DivBackward0>)
Memory status after this epoch: 
Memory allocated:  352.576171875
Memory cached:  644.0
	 epoch  80 training error:  tensor(0.1025, device='cuda:0', grad_fn=<DivBackward0>)
Memory status after this epoch: 
Memory allocated:  352.576171875
Memory cached:  642.0
	 epoch  90 training error:  tensor(0.1027, device='cuda:0', grad_fn=<DivBackward0>)
Memory status after this epoch: 
Memory allocated:  352.576171875
Memory cached:  644.0
[I 2024-01-10 23:23:34,846] Trial 86 finished with value: 0.09914504736661911 and parameters: {'W_layers': 3, 'W_layer_units_exponent_0': 9, 'W_layer_units_exponent_1': 4, 'W_layer_units_exponent_2': 5, 'D_layers': 4, 'D_layer_units_exponent_0': 10, 'D_layer_units_exponent_1': 6, 'D_layer_units_exponent_2': 7, 'D_layer_units_exponent_3': 5, 'D_dagger_layers': 3, 'D_dagger_layer_units_exponent_0': 10, 'D_dagger_layer_units_exponent_1': 6, 'D_dagger_layer_units_exponent_2': 5, 'log_learning_rate': -3.470778086667098, 'log_learning_rate_D': -2.7889593307721787, 'log_learning_rate_D_dagger': -2.8163970314062188, 'training_batch_size': 7, 'training_p': 2}. Best is trial 52 with value: 0.08483626693487167.
Time for this trial:  291.05865502357483
Memory status after this trial: 
Memory allocated:  661.63671875
Memory cached:  664.0
--------------------  Trial  87   --------------------
Start timing: 
Parameters: 
{'W_layers': 3, 'W_layer_units_exponent_0': 9, 'W_layer_units_exponent_1': 4, 'W_layer_units_exponent_2': 5, 'D_layers': 4, 'D_layer_units_exponent_0': 9, 'D_layer_units_exponent_1': 7, 'D_layer_units_exponent_2': 7, 'D_layer_units_exponent_3': 5, 'D_dagger_layers': 3, 'D_dagger_layer_units_exponent_0': 10, 'D_dagger_layer_units_exponent_1': 6, 'D_dagger_layer_units_exponent_2': 6, 'log_learning_rate': -3.545424760313551, 'log_learning_rate_D': -2.7559890787923425, 'log_learning_rate_D_dagger': -2.721531993488516, 'training_batch_size': 7, 'training_p': 3}
	 epoch  0 training error:  tensor(0.9026, device='cuda:0', grad_fn=<DivBackward0>)
Memory status after this epoch: 
Memory allocated:  352.716796875
Memory cached:  636.0
	 epoch  10 training error:  tensor(0.2733, device='cuda:0', grad_fn=<DivBackward0>)
Memory status after this epoch: 
Memory allocated:  352.716796875
Memory cached:  642.0
	 epoch  20 training error:  tensor(0.2515, device='cuda:0', grad_fn=<DivBackward0>)
Memory status after this epoch: 
Memory allocated:  352.716796875
Memory cached:  644.0
	 epoch  30 training error:  tensor(0.2421, device='cuda:0', grad_fn=<DivBackward0>)
Memory status after this epoch: 
Memory allocated:  352.716796875
Memory cached:  644.0
	 epoch  40 training error:  tensor(0.2570, device='cuda:0', grad_fn=<DivBackward0>)
Memory status after this epoch: 
Memory allocated:  352.716796875
Memory cached:  640.0
	 epoch  50 training error:  tensor(0.2626, device='cuda:0', grad_fn=<DivBackward0>)
Memory status after this epoch: 
Memory allocated:  352.716796875
Memory cached:  638.0
	 epoch  60 training error:  tensor(0.2379, device='cuda:0', grad_fn=<DivBackward0>)
Memory status after this epoch: 
Memory allocated:  352.716796875
Memory cached:  644.0
	 epoch  70 training error:  tensor(0.2392, device='cuda:0', grad_fn=<DivBackward0>)
Memory status after this epoch: 
Memory allocated:  352.716796875
Memory cached:  640.0
	 epoch  80 training error:  tensor(0.2031, device='cuda:0', grad_fn=<DivBackward0>)
Memory status after this epoch: 
Memory allocated:  352.716796875
Memory cached:  642.0
	 epoch  90 training error:  tensor(0.2022, device='cuda:0', grad_fn=<DivBackward0>)
Memory status after this epoch: 
Memory allocated:  352.716796875
Memory cached:  640.0
[I 2024-01-10 23:28:19,710] Trial 87 finished with value: 0.13841991126537323 and parameters: {'W_layers': 3, 'W_layer_units_exponent_0': 9, 'W_layer_units_exponent_1': 4, 'W_layer_units_exponent_2': 5, 'D_layers': 4, 'D_layer_units_exponent_0': 9, 'D_layer_units_exponent_1': 7, 'D_layer_units_exponent_2': 7, 'D_layer_units_exponent_3': 5, 'D_dagger_layers': 3, 'D_dagger_layer_units_exponent_0': 10, 'D_dagger_layer_units_exponent_1': 6, 'D_dagger_layer_units_exponent_2': 6, 'log_learning_rate': -3.545424760313551, 'log_learning_rate_D': -2.7559890787923425, 'log_learning_rate_D_dagger': -2.721531993488516, 'training_batch_size': 7, 'training_p': 3}. Best is trial 52 with value: 0.08483626693487167.
Time for this trial:  284.5192859172821
Memory status after this trial: 
Memory allocated:  617.263671875
Memory cached:  638.0
--------------------  Trial  88   --------------------
Start timing: 
Parameters: 
{'W_layers': 3, 'W_layer_units_exponent_0': 9, 'W_layer_units_exponent_1': 4, 'W_layer_units_exponent_2': 6, 'D_layers': 4, 'D_layer_units_exponent_0': 10, 'D_layer_units_exponent_1': 7, 'D_layer_units_exponent_2': 8, 'D_layer_units_exponent_3': 4, 'D_dagger_layers': 3, 'D_dagger_layer_units_exponent_0': 10, 'D_dagger_layer_units_exponent_1': 6, 'D_dagger_layer_units_exponent_2': 5, 'log_learning_rate': -3.369691007451906, 'log_learning_rate_D': -2.874768125724444, 'log_learning_rate_D_dagger': -2.822822170611016, 'training_batch_size': 12, 'training_p': 2}
	 epoch  0 training error:  tensor(0.9980, device='cuda:0', grad_fn=<DivBackward0>)
Memory status after this epoch: 
Memory allocated:  354.009765625
Memory cached:  638.0
	 epoch  10 training error:  tensor(0.2269, device='cuda:0', grad_fn=<DivBackward0>)
Memory status after this epoch: 
Memory allocated:  354.009765625
Memory cached:  642.0
	 epoch  20 training error:  tensor(0.1949, device='cuda:0', grad_fn=<DivBackward0>)
Memory status after this epoch: 
Memory allocated:  354.009765625
Memory cached:  640.0
	 epoch  30 training error:  tensor(0.1884, device='cuda:0', grad_fn=<DivBackward0>)
Memory status after this epoch: 
Memory allocated:  354.009765625
Memory cached:  642.0
	 epoch  40 training error:  tensor(0.2234, device='cuda:0', grad_fn=<DivBackward0>)
Memory status after this epoch: 
Memory allocated:  354.009765625
Memory cached:  640.0
	 epoch  50 training error:  tensor(0.1929, device='cuda:0', grad_fn=<DivBackward0>)
Memory status after this epoch: 
Memory allocated:  354.009765625
Memory cached:  638.0
	 epoch  60 training error:  tensor(0.1820, device='cuda:0', grad_fn=<DivBackward0>)
Memory status after this epoch: 
Memory allocated:  354.009765625
Memory cached:  642.0
	 epoch  70 training error:  tensor(0.1791, device='cuda:0', grad_fn=<DivBackward0>)
Memory status after this epoch: 
Memory allocated:  354.009765625
Memory cached:  644.0
	 epoch  80 training error:  tensor(0.1794, device='cuda:0', grad_fn=<DivBackward0>)
Memory status after this epoch: 
Memory allocated:  354.009765625
Memory cached:  642.0
	 epoch  90 training error:  tensor(0.1786, device='cuda:0', grad_fn=<DivBackward0>)
Memory status after this epoch: 
Memory allocated:  354.009765625
Memory cached:  640.0
[I 2024-01-10 23:31:23,570] Trial 88 finished with value: 0.19561153650283813 and parameters: {'W_layers': 3, 'W_layer_units_exponent_0': 9, 'W_layer_units_exponent_1': 4, 'W_layer_units_exponent_2': 6, 'D_layers': 4, 'D_layer_units_exponent_0': 10, 'D_layer_units_exponent_1': 7, 'D_layer_units_exponent_2': 8, 'D_layer_units_exponent_3': 4, 'D_dagger_layers': 3, 'D_dagger_layer_units_exponent_0': 10, 'D_dagger_layer_units_exponent_1': 6, 'D_dagger_layer_units_exponent_2': 5, 'log_learning_rate': -3.369691007451906, 'log_learning_rate_D': -2.874768125724444, 'log_learning_rate_D_dagger': -2.822822170611016, 'training_batch_size': 12, 'training_p': 2}. Best is trial 52 with value: 0.08483626693487167.
Time for this trial:  183.52013516426086
Memory status after this trial: 
Memory allocated:  684.111328125
Memory cached:  688.0
--------------------  Trial  89   --------------------
Start timing: 
Parameters: 
{'W_layers': 2, 'W_layer_units_exponent_0': 9, 'W_layer_units_exponent_1': 4, 'D_layers': 4, 'D_layer_units_exponent_0': 10, 'D_layer_units_exponent_1': 6, 'D_layer_units_exponent_2': 8, 'D_layer_units_exponent_3': 5, 'D_dagger_layers': 3, 'D_dagger_layer_units_exponent_0': 10, 'D_dagger_layer_units_exponent_1': 6, 'D_dagger_layer_units_exponent_2': 6, 'log_learning_rate': -3.4274037438795237, 'log_learning_rate_D': -2.5740749877402833, 'log_learning_rate_D_dagger': -2.9460910728241654, 'training_batch_size': 7, 'training_p': 2}
	 epoch  0 training error:  tensor(0.9869, device='cuda:0', grad_fn=<DivBackward0>)
Memory status after this epoch: 
Memory allocated:  352.787109375
Memory cached:  636.0
	 epoch  10 training error:  tensor(0.2182, device='cuda:0', grad_fn=<DivBackward0>)
Memory status after this epoch: 
Memory allocated:  352.787109375
Memory cached:  640.0
	 epoch  20 training error:  tensor(0.1945, device='cuda:0', grad_fn=<DivBackward0>)
Memory status after this epoch: 
Memory allocated:  352.787109375
Memory cached:  640.0
	 epoch  30 training error:  tensor(0.1823, device='cuda:0', grad_fn=<DivBackward0>)
Memory status after this epoch: 
Memory allocated:  352.787109375
Memory cached:  642.0
	 epoch  40 training error:  tensor(0.1869, device='cuda:0', grad_fn=<DivBackward0>)
Memory status after this epoch: 
Memory allocated:  352.787109375
Memory cached:  640.0
	 epoch  50 training error:  tensor(0.1924, device='cuda:0', grad_fn=<DivBackward0>)
Memory status after this epoch: 
Memory allocated:  352.787109375
Memory cached:  638.0
	 epoch  60 training error:  tensor(0.1885, device='cuda:0', grad_fn=<DivBackward0>)
Memory status after this epoch: 
Memory allocated:  352.787109375
Memory cached:  638.0
	 epoch  70 training error:  tensor(0.2129, device='cuda:0', grad_fn=<DivBackward0>)
Memory status after this epoch: 
Memory allocated:  352.787109375
Memory cached:  644.0
	 epoch  80 training error:  tensor(0.1850, device='cuda:0', grad_fn=<DivBackward0>)
Memory status after this epoch: 
Memory allocated:  352.787109375
Memory cached:  640.0
	 epoch  90 training error:  tensor(0.1839, device='cuda:0', grad_fn=<DivBackward0>)
Memory status after this epoch: 
Memory allocated:  352.787109375
Memory cached:  638.0
