[I 2023-12-05 01:08:39,523] Trial 21 finished with value: 0.36548128724098206 and parameters: {'W_layers': 7, 'W_layer_units_exponent_0': 5, 'W_layer_units_exponent_1': 8, 'W_layer_units_exponent_2': 9, 'W_layer_units_exponent_3': 6, 'W_layer_units_exponent_4': 10, 'W_layer_units_exponent_5': 8, 'W_layer_units_exponent_6': 9, 'D_layers': 7, 'D_layer_units_exponent_0': 5, 'D_layer_units_exponent_1': 10, 'D_layer_units_exponent_2': 4, 'D_layer_units_exponent_3': 8, 'D_layer_units_exponent_4': 10, 'D_layer_units_exponent_5': 9, 'D_layer_units_exponent_6': 8, 'log_learning_rate': -3.2743909825177795, 'log_learning_rate_D': -2.9026832791174035, 'training_batch_size': 7, 'training_p': 2}. Best is trial 12 with value: 0.3634127378463745.
Time for this trial:  16.579023838043213
Memory status after this trial: 
Memory allocated:  71.06494140625
Memory cached:  100.0
--------------------  Trial  22   --------------------
Start timing: 
Parameters: 
{'W_layers': 7, 'W_layer_units_exponent_0': 7, 'W_layer_units_exponent_1': 7, 'W_layer_units_exponent_2': 9, 'W_layer_units_exponent_3': 5, 'W_layer_units_exponent_4': 10, 'W_layer_units_exponent_5': 7, 'W_layer_units_exponent_6': 7, 'D_layers': 6, 'D_layer_units_exponent_0': 7, 'D_layer_units_exponent_1': 9, 'D_layer_units_exponent_2': 5, 'D_layer_units_exponent_3': 8, 'D_layer_units_exponent_4': 10, 'D_layer_units_exponent_5': 9, 'log_learning_rate': -2.5996822243765028, 'log_learning_rate_D': -2.4280766557258797, 'training_batch_size': 6, 'training_p': 2}
	 epoch  0 training error:  tensor(1.0444, device='cuda:0', grad_fn=<DivBackward0>)
Memory status after this epoch: 
Memory allocated:  12.15478515625
Memory cached:  36.0
	 epoch  10 training error:  tensor(0.6486, device='cuda:0', grad_fn=<DivBackward0>)
Memory status after this epoch: 
Memory allocated:  12.15478515625
Memory cached:  36.0
	 epoch  20 training error:  tensor(0.5073, device='cuda:0', grad_fn=<DivBackward0>)
Memory status after this epoch: 
Memory allocated:  12.15478515625
Memory cached:  36.0
	 epoch  30 training error:  tensor(0.5146, device='cuda:0', grad_fn=<DivBackward0>)
Memory status after this epoch: 
Memory allocated:  12.15478515625
Memory cached:  36.0
	 epoch  40 training error:  tensor(0.5040, device='cuda:0', grad_fn=<DivBackward0>)
Memory status after this epoch: 
Memory allocated:  12.15478515625
Memory cached:  36.0
	 epoch  50 training error:  tensor(0.5023, device='cuda:0', grad_fn=<DivBackward0>)
Memory status after this epoch: 
Memory allocated:  12.15478515625
Memory cached:  36.0
	 epoch  60 training error:  tensor(0.5006, device='cuda:0', grad_fn=<DivBackward0>)
Memory status after this epoch: 
Memory allocated:  12.15478515625
Memory cached:  36.0
	 epoch  70 training error:  tensor(0.4996, device='cuda:0', grad_fn=<DivBackward0>)
Memory status after this epoch: 
Memory allocated:  12.15478515625
Memory cached:  36.0
	 epoch  80 training error:  tensor(0.4997, device='cuda:0', grad_fn=<DivBackward0>)
Memory status after this epoch: 
Memory allocated:  12.15478515625
Memory cached:  36.0
	 epoch  90 training error:  tensor(0.4999, device='cuda:0', grad_fn=<DivBackward0>)
Memory status after this epoch: 
Memory allocated:  12.15478515625
Memory cached:  36.0
[I 2023-12-05 01:08:57,103] Trial 22 finished with value: 0.3617217540740967 and parameters: {'W_layers': 7, 'W_layer_units_exponent_0': 7, 'W_layer_units_exponent_1': 7, 'W_layer_units_exponent_2': 9, 'W_layer_units_exponent_3': 5, 'W_layer_units_exponent_4': 10, 'W_layer_units_exponent_5': 7, 'W_layer_units_exponent_6': 7, 'D_layers': 6, 'D_layer_units_exponent_0': 7, 'D_layer_units_exponent_1': 9, 'D_layer_units_exponent_2': 5, 'D_layer_units_exponent_3': 8, 'D_layer_units_exponent_4': 10, 'D_layer_units_exponent_5': 9, 'log_learning_rate': -2.5996822243765028, 'log_learning_rate_D': -2.4280766557258797, 'training_batch_size': 6, 'training_p': 2}. Best is trial 22 with value: 0.3617217540740967.
res:  tensor(0.3617, device='cuda:0', grad_fn=<DivBackward0>)
self.bestValue:  tensor(0.3634, device='cuda:0', grad_fn=<DivBackward0>)
Save this model!
Time for this trial:  17.40117049217224
Memory status after this trial: 
Memory allocated:  49.7939453125
Memory cached:  84.0
--------------------  Trial  23   --------------------
Start timing: 
Parameters: 
{'W_layers': 7, 'W_layer_units_exponent_0': 7, 'W_layer_units_exponent_1': 6, 'W_layer_units_exponent_2': 10, 'W_layer_units_exponent_3': 5, 'W_layer_units_exponent_4': 5, 'W_layer_units_exponent_5': 7, 'W_layer_units_exponent_6': 6, 'D_layers': 7, 'D_layer_units_exponent_0': 7, 'D_layer_units_exponent_1': 9, 'D_layer_units_exponent_2': 5, 'D_layer_units_exponent_3': 8, 'D_layer_units_exponent_4': 8, 'D_layer_units_exponent_5': 10, 'D_layer_units_exponent_6': 9, 'log_learning_rate': -2.352483308100912, 'log_learning_rate_D': -2.4633101661252255, 'training_batch_size': 6, 'training_p': 3}
	 epoch  0 training error:  tensor(0.9076, device='cuda:0', grad_fn=<DivBackward0>)
Memory status after this epoch: 
Memory allocated:  55.26904296875
Memory cached:  84.0
	 epoch  10 training error:  tensor(0.6134, device='cuda:0', grad_fn=<DivBackward0>)
Memory status after this epoch: 
Memory allocated:  55.26904296875
Memory cached:  84.0
	 epoch  20 training error:  tensor(0.5632, device='cuda:0', grad_fn=<DivBackward0>)
Memory status after this epoch: 
Memory allocated:  55.26904296875
Memory cached:  84.0
	 epoch  30 training error:  tensor(0.5613, device='cuda:0', grad_fn=<DivBackward0>)
Memory status after this epoch: 
Memory allocated:  55.26904296875
Memory cached:  84.0
	 epoch  40 training error:  tensor(0.5601, device='cuda:0', grad_fn=<DivBackward0>)
Memory status after this epoch: 
Memory allocated:  55.26904296875
Memory cached:  84.0
	 epoch  50 training error:  tensor(0.5619, device='cuda:0', grad_fn=<DivBackward0>)
Memory status after this epoch: 
Memory allocated:  55.26904296875
Memory cached:  84.0
	 epoch  60 training error:  tensor(0.5599, device='cuda:0', grad_fn=<DivBackward0>)
Memory status after this epoch: 
Memory allocated:  55.26904296875
Memory cached:  84.0
	 epoch  70 training error:  tensor(0.5611, device='cuda:0', grad_fn=<DivBackward0>)
Memory status after this epoch: 
Memory allocated:  55.26904296875
Memory cached:  84.0
	 epoch  80 training error:  tensor(0.5614, device='cuda:0', grad_fn=<DivBackward0>)
Memory status after this epoch: 
Memory allocated:  55.26904296875
Memory cached:  84.0
	 epoch  90 training error:  tensor(0.5604, device='cuda:0', grad_fn=<DivBackward0>)
Memory status after this epoch: 
Memory allocated:  55.26904296875
Memory cached:  84.0
[I 2023-12-05 01:09:14,254] Trial 23 finished with value: 0.40563708543777466 and parameters: {'W_layers': 7, 'W_layer_units_exponent_0': 7, 'W_layer_units_exponent_1': 6, 'W_layer_units_exponent_2': 10, 'W_layer_units_exponent_3': 5, 'W_layer_units_exponent_4': 5, 'W_layer_units_exponent_5': 7, 'W_layer_units_exponent_6': 6, 'D_layers': 7, 'D_layer_units_exponent_0': 7, 'D_layer_units_exponent_1': 9, 'D_layer_units_exponent_2': 5, 'D_layer_units_exponent_3': 8, 'D_layer_units_exponent_4': 8, 'D_layer_units_exponent_5': 10, 'D_layer_units_exponent_6': 9, 'log_learning_rate': -2.352483308100912, 'log_learning_rate_D': -2.4633101661252255, 'training_batch_size': 6, 'training_p': 3}. Best is trial 22 with value: 0.3617217540740967.
Time for this trial:  16.96960711479187
Memory status after this trial: 
Memory allocated:  84.45751953125
Memory cached:  110.0
--------------------  Trial  24   --------------------
Start timing: 
Parameters: 
{'W_layers': 4, 'W_layer_units_exponent_0': 6, 'W_layer_units_exponent_1': 7, 'W_layer_units_exponent_2': 7, 'W_layer_units_exponent_3': 5, 'D_layers': 8, 'D_layer_units_exponent_0': 7, 'D_layer_units_exponent_1': 8, 'D_layer_units_exponent_2': 5, 'D_layer_units_exponent_3': 9, 'D_layer_units_exponent_4': 9, 'D_layer_units_exponent_5': 9, 'D_layer_units_exponent_6': 6, 'D_layer_units_exponent_7': 7, 'log_learning_rate': -2.58408005096954, 'log_learning_rate_D': -3.4072798023552604, 'training_batch_size': 6, 'training_p': 2}
	 epoch  0 training error:  tensor(1.1365, device='cuda:0', grad_fn=<DivBackward0>)
Memory status after this epoch: 
Memory allocated:  52.63623046875
Memory cached:  84.0
	 epoch  10 training error:  tensor(0.5004, device='cuda:0', grad_fn=<DivBackward0>)
Memory status after this epoch: 
Memory allocated:  52.63623046875
Memory cached:  84.0
	 epoch  20 training error:  tensor(0.5000, device='cuda:0', grad_fn=<DivBackward0>)
Memory status after this epoch: 
Memory allocated:  52.63623046875
Memory cached:  84.0
	 epoch  30 training error:  tensor(0.4995, device='cuda:0', grad_fn=<DivBackward0>)
Memory status after this epoch: 
Memory allocated:  52.63623046875
Memory cached:  84.0
	 epoch  40 training error:  tensor(0.4997, device='cuda:0', grad_fn=<DivBackward0>)
Memory status after this epoch: 
Memory allocated:  52.63623046875
Memory cached:  84.0
	 epoch  50 training error:  tensor(0.5002, device='cuda:0', grad_fn=<DivBackward0>)
Memory status after this epoch: 
Memory allocated:  52.63623046875
Memory cached:  84.0
	 epoch  60 training error:  tensor(0.4996, device='cuda:0', grad_fn=<DivBackward0>)
Memory status after this epoch: 
Memory allocated:  52.63623046875
Memory cached:  84.0
	 epoch  70 training error:  tensor(0.4993, device='cuda:0', grad_fn=<DivBackward0>)
Memory status after this epoch: 
Memory allocated:  52.63623046875
Memory cached:  84.0
	 epoch  80 training error:  tensor(0.5000, device='cuda:0', grad_fn=<DivBackward0>)
Memory status after this epoch: 
Memory allocated:  52.63623046875
Memory cached:  84.0
	 epoch  90 training error:  tensor(0.5005, device='cuda:0', grad_fn=<DivBackward0>)
Memory status after this epoch: 
Memory allocated:  52.63623046875
Memory cached:  84.0
[I 2023-12-05 01:09:29,981] Trial 24 finished with value: 0.36350512504577637 and parameters: {'W_layers': 4, 'W_layer_units_exponent_0': 6, 'W_layer_units_exponent_1': 7, 'W_layer_units_exponent_2': 7, 'W_layer_units_exponent_3': 5, 'D_layers': 8, 'D_layer_units_exponent_0': 7, 'D_layer_units_exponent_1': 8, 'D_layer_units_exponent_2': 5, 'D_layer_units_exponent_3': 9, 'D_layer_units_exponent_4': 9, 'D_layer_units_exponent_5': 9, 'D_layer_units_exponent_6': 6, 'D_layer_units_exponent_7': 7, 'log_learning_rate': -2.58408005096954, 'log_learning_rate_D': -3.4072798023552604, 'training_batch_size': 6, 'training_p': 2}. Best is trial 22 with value: 0.3617217540740967.
Time for this trial:  15.546282768249512
Memory status after this trial: 
Memory allocated:  58.11669921875
Memory cached:  88.0
--------------------  Trial  25   --------------------
Start timing: 
Parameters: 
{'W_layers': 4, 'W_layer_units_exponent_0': 6, 'W_layer_units_exponent_1': 7, 'W_layer_units_exponent_2': 7, 'W_layer_units_exponent_3': 5, 'D_layers': 6, 'D_layer_units_exponent_0': 7, 'D_layer_units_exponent_1': 8, 'D_layer_units_exponent_2': 6, 'D_layer_units_exponent_3': 9, 'D_layer_units_exponent_4': 10, 'D_layer_units_exponent_5': 8, 'log_learning_rate': -2.636642477330652, 'log_learning_rate_D': -3.320092035052079, 'training_batch_size': 8, 'training_p': 4}
	 epoch  0 training error:  tensor(1.0505, device='cuda:0', grad_fn=<DivBackward0>)
Memory status after this epoch: 
Memory allocated:  53.59814453125
Memory cached:  84.0
	 epoch  10 training error:  tensor(0.6198, device='cuda:0', grad_fn=<DivBackward0>)
Memory status after this epoch: 
Memory allocated:  53.59814453125
Memory cached:  84.0
	 epoch  20 training error:  tensor(0.5912, device='cuda:0', grad_fn=<DivBackward0>)
Memory status after this epoch: 
Memory allocated:  53.59814453125
Memory cached:  84.0
	 epoch  30 training error:  tensor(0.5849, device='cuda:0', grad_fn=<DivBackward0>)
Memory status after this epoch: 
Memory allocated:  53.59814453125
Memory cached:  84.0
	 epoch  40 training error:  tensor(0.5840, device='cuda:0', grad_fn=<DivBackward0>)
Memory status after this epoch: 
Memory allocated:  53.59814453125
Memory cached:  84.0
	 epoch  50 training error:  tensor(0.5828, device='cuda:0', grad_fn=<DivBackward0>)
Memory status after this epoch: 
Memory allocated:  53.59814453125
Memory cached:  84.0
	 epoch  60 training error:  tensor(0.5824, device='cuda:0', grad_fn=<DivBackward0>)
Memory status after this epoch: 
Memory allocated:  53.59814453125
Memory cached:  84.0
	 epoch  70 training error:  tensor(0.5825, device='cuda:0', grad_fn=<DivBackward0>)
Memory status after this epoch: 
Memory allocated:  53.59814453125
Memory cached:  84.0
	 epoch  80 training error:  tensor(0.5824, device='cuda:0', grad_fn=<DivBackward0>)
Memory status after this epoch: 
Memory allocated:  53.59814453125
Memory cached:  84.0
	 epoch  90 training error:  tensor(0.5824, device='cuda:0', grad_fn=<DivBackward0>)
Memory status after this epoch: 
Memory allocated:  53.59814453125
Memory cached:  84.0
[I 2023-12-05 01:09:44,421] Trial 25 finished with value: 0.49393153190612793 and parameters: {'W_layers': 4, 'W_layer_units_exponent_0': 6, 'W_layer_units_exponent_1': 7, 'W_layer_units_exponent_2': 7, 'W_layer_units_exponent_3': 5, 'D_layers': 6, 'D_layer_units_exponent_0': 7, 'D_layer_units_exponent_1': 8, 'D_layer_units_exponent_2': 6, 'D_layer_units_exponent_3': 9, 'D_layer_units_exponent_4': 10, 'D_layer_units_exponent_5': 8, 'log_learning_rate': -2.636642477330652, 'log_learning_rate_D': -3.320092035052079, 'training_batch_size': 8, 'training_p': 4}. Best is trial 22 with value: 0.3617217540740967.
Time for this trial:  14.292747020721436
Memory status after this trial: 
Memory allocated:  58.11669921875
Memory cached:  86.0
--------------------  Trial  26   --------------------
Start timing: 
Parameters: 
{'W_layers': 5, 'W_layer_units_exponent_0': 6, 'W_layer_units_exponent_1': 9, 'W_layer_units_exponent_2': 6, 'W_layer_units_exponent_3': 5, 'W_layer_units_exponent_4': 9, 'D_layers': 3, 'D_layer_units_exponent_0': 7, 'D_layer_units_exponent_1': 9, 'D_layer_units_exponent_2': 5, 'log_learning_rate': -2.617419483544834, 'log_learning_rate_D': -2.3060431278824147, 'training_batch_size': 7, 'training_p': 3}
	 epoch  0 training error:  tensor(1.0667, device='cuda:0', grad_fn=<DivBackward0>)
Memory status after this epoch: 
Memory allocated:  51.45556640625
Memory cached:  84.0
	 epoch  10 training error:  tensor(0.5798, device='cuda:0', grad_fn=<DivBackward0>)
Memory status after this epoch: 
Memory allocated:  51.45556640625
Memory cached:  84.0
	 epoch  20 training error:  tensor(0.5634, device='cuda:0', grad_fn=<DivBackward0>)
Memory status after this epoch: 
Memory allocated:  51.45556640625
Memory cached:  84.0
	 epoch  30 training error:  tensor(0.5632, device='cuda:0', grad_fn=<DivBackward0>)
Memory status after this epoch: 
Memory allocated:  51.45556640625
Memory cached:  84.0
	 epoch  40 training error:  tensor(0.5609, device='cuda:0', grad_fn=<DivBackward0>)
Memory status after this epoch: 
Memory allocated:  51.45556640625
Memory cached:  84.0
	 epoch  50 training error:  tensor(0.5600, device='cuda:0', grad_fn=<DivBackward0>)
Memory status after this epoch: 
Memory allocated:  51.45556640625
Memory cached:  84.0
	 epoch  60 training error:  tensor(0.5599, device='cuda:0', grad_fn=<DivBackward0>)
Memory status after this epoch: 
Memory allocated:  51.45556640625
Memory cached:  84.0
	 epoch  70 training error:  tensor(0.5598, device='cuda:0', grad_fn=<DivBackward0>)
Memory status after this epoch: 
Memory allocated:  51.45556640625
Memory cached:  84.0
	 epoch  80 training error:  tensor(0.5598, device='cuda:0', grad_fn=<DivBackward0>)
Memory status after this epoch: 
Memory allocated:  51.45556640625
Memory cached:  84.0
	 epoch  90 training error:  tensor(0.5598, device='cuda:0', grad_fn=<DivBackward0>)
Memory status after this epoch: 
Memory allocated:  51.45556640625
Memory cached:  84.0
[I 2023-12-05 01:09:59,960] Trial 26 finished with value: 0.4295986294746399 and parameters: {'W_layers': 5, 'W_layer_units_exponent_0': 6, 'W_layer_units_exponent_1': 9, 'W_layer_units_exponent_2': 6, 'W_layer_units_exponent_3': 5, 'W_layer_units_exponent_4': 9, 'D_layers': 3, 'D_layer_units_exponent_0': 7, 'D_layer_units_exponent_1': 9, 'D_layer_units_exponent_2': 5, 'log_learning_rate': -2.617419483544834, 'log_learning_rate_D': -2.3060431278824147, 'training_batch_size': 7, 'training_p': 3}. Best is trial 22 with value: 0.3617217540740967.
Time for this trial:  15.355780839920044
Memory status after this trial: 
Memory allocated:  78.52880859375
Memory cached:  104.0
--------------------  Trial  27   --------------------
Start timing: 
Parameters: 
{'W_layers': 6, 'W_layer_units_exponent_0': 8, 'W_layer_units_exponent_1': 6, 'W_layer_units_exponent_2': 8, 'W_layer_units_exponent_3': 4, 'W_layer_units_exponent_4': 9, 'W_layer_units_exponent_5': 6, 'D_layers': 7, 'D_layer_units_exponent_0': 6, 'D_layer_units_exponent_1': 8, 'D_layer_units_exponent_2': 5, 'D_layer_units_exponent_3': 9, 'D_layer_units_exponent_4': 9, 'D_layer_units_exponent_5': 9, 'D_layer_units_exponent_6': 6, 'log_learning_rate': -2.262696438243021, 'log_learning_rate_D': -3.165056290840367, 'training_batch_size': 9, 'training_p': 2}
	 epoch  0 training error:  tensor(1.1273, device='cuda:0', grad_fn=<DivBackward0>)
Memory status after this epoch: 
Memory allocated:  53.33544921875
Memory cached:  84.0
	 epoch  10 training error:  tensor(0.5572, device='cuda:0', grad_fn=<DivBackward0>)
Memory status after this epoch: 
Memory allocated:  53.33544921875
Memory cached:  84.0
	 epoch  20 training error:  tensor(0.5422, device='cuda:0', grad_fn=<DivBackward0>)
Memory status after this epoch: 
Memory allocated:  53.33544921875
Memory cached:  84.0
	 epoch  30 training error:  tensor(0.5015, device='cuda:0', grad_fn=<DivBackward0>)
Memory status after this epoch: 
Memory allocated:  53.33544921875
Memory cached:  84.0
	 epoch  40 training error:  tensor(0.5042, device='cuda:0', grad_fn=<DivBackward0>)
Memory status after this epoch: 
Memory allocated:  53.33544921875
Memory cached:  84.0
	 epoch  50 training error:  tensor(0.4999, device='cuda:0', grad_fn=<DivBackward0>)
Memory status after this epoch: 
Memory allocated:  53.33544921875
Memory cached:  84.0
	 epoch  60 training error:  tensor(0.4995, device='cuda:0', grad_fn=<DivBackward0>)
Memory status after this epoch: 
Memory allocated:  53.33544921875
Memory cached:  84.0
	 epoch  70 training error:  tensor(0.4995, device='cuda:0', grad_fn=<DivBackward0>)
Memory status after this epoch: 
Memory allocated:  53.33544921875
Memory cached:  84.0
	 epoch  80 training error:  tensor(0.4993, device='cuda:0', grad_fn=<DivBackward0>)
Memory status after this epoch: 
Memory allocated:  53.33544921875
Memory cached:  84.0
	 epoch  90 training error:  tensor(0.4993, device='cuda:0', grad_fn=<DivBackward0>)
Memory status after this epoch: 
Memory allocated:  53.33544921875
Memory cached:  84.0
