[I 2024-05-18 07:11:45,634] Trial 47 finished with value: 0.14562712609767914 and parameters: {'W_layers': 6, 'W_layer_units_exponent_0': 9, 'W_layer_units_exponent_1': 8, 'W_layer_units_exponent_2': 4, 'W_layer_units_exponent_3': 7, 'W_layer_units_exponent_4': 10, 'W_layer_units_exponent_5': 5, 'D_layers': 7, 'D_layer_units_exponent_0': 5, 'D_layer_units_exponent_1': 7, 'D_layer_units_exponent_2': 5, 'D_layer_units_exponent_3': 6, 'D_layer_units_exponent_4': 9, 'D_layer_units_exponent_5': 5, 'D_layer_units_exponent_6': 6, 'D_dagger_layers': 6, 'D_dagger_layer_units_exponent_0': 6, 'D_dagger_layer_units_exponent_1': 8, 'D_dagger_layer_units_exponent_2': 8, 'D_dagger_layer_units_exponent_3': 8, 'D_dagger_layer_units_exponent_4': 9, 'D_dagger_layer_units_exponent_5': 8, 'log_learning_rate': -1.6245215505536412, 'log_learning_rate_D': -2.8247140881374024, 'log_learning_rate_D_dagger': -2.761379411131723, 'training_batch_size': 7, 'training_p': 6}. Best is trial 35 with value: 0.04377790540456772.
Time for this trial:  1182.3889355659485
Memory status after this trial: 
Memory allocated:  4105.54296875
Memory cached:  4128.0
--------------------  Trial  48   --------------------
Start timing: 
Parameters: 
{'W_layers': 7, 'W_layer_units_exponent_0': 6, 'W_layer_units_exponent_1': 7, 'W_layer_units_exponent_2': 7, 'W_layer_units_exponent_3': 4, 'W_layer_units_exponent_4': 9, 'W_layer_units_exponent_5': 6, 'W_layer_units_exponent_6': 6, 'D_layers': 5, 'D_layer_units_exponent_0': 7, 'D_layer_units_exponent_1': 10, 'D_layer_units_exponent_2': 9, 'D_layer_units_exponent_3': 7, 'D_layer_units_exponent_4': 6, 'D_dagger_layers': 4, 'D_dagger_layer_units_exponent_0': 7, 'D_dagger_layer_units_exponent_1': 9, 'D_dagger_layer_units_exponent_2': 10, 'D_dagger_layer_units_exponent_3': 10, 'log_learning_rate': -1.3917936859945284, 'log_learning_rate_D': -3.0701386377939808, 'log_learning_rate_D_dagger': -2.9761457733690126, 'training_batch_size': 6, 'training_p': 2}
	 epoch  0 training error:  tensor(12.1904, grad_fn=<ToCopyBackward0>)
Memory status after this epoch: 
Memory allocated:  2268.06396484375
Memory cached:  2614.0
	 epoch  10 training error:  tensor(0.2249, grad_fn=<ToCopyBackward0>)
Memory status after this epoch: 
Memory allocated:  2268.06396484375
Memory cached:  2612.0
	 epoch  20 training error:  tensor(0.2462, grad_fn=<ToCopyBackward0>)
Memory status after this epoch: 
Memory allocated:  2268.06396484375
Memory cached:  2612.0
	 epoch  30 training error:  tensor(0.1665, grad_fn=<ToCopyBackward0>)
Memory status after this epoch: 
Memory allocated:  2268.06396484375
Memory cached:  2610.0
	 epoch  40 training error:  tensor(0.2386, grad_fn=<ToCopyBackward0>)
Memory status after this epoch: 
Memory allocated:  2268.06396484375
Memory cached:  2612.0
	 epoch  50 training error:  tensor(0.2231, grad_fn=<ToCopyBackward0>)
Memory status after this epoch: 
Memory allocated:  2268.06396484375
Memory cached:  2614.0
	 epoch  60 training error:  tensor(0.2267, grad_fn=<ToCopyBackward0>)
Memory status after this epoch: 
Memory allocated:  2268.06396484375
Memory cached:  2610.0
	 epoch  70 training error:  tensor(0.1804, grad_fn=<ToCopyBackward0>)
Memory status after this epoch: 
Memory allocated:  2268.06396484375
Memory cached:  2610.0
	 epoch  80 training error:  tensor(0.1120, grad_fn=<ToCopyBackward0>)
Memory status after this epoch: 
Memory allocated:  2268.06396484375
Memory cached:  2608.0
	 epoch  90 training error:  tensor(0.0899, grad_fn=<ToCopyBackward0>)
Memory status after this epoch: 
Memory allocated:  2268.06396484375
Memory cached:  2610.0
[I 2024-05-18 07:45:46,034] Trial 48 finished with value: 0.0736440122127533 and parameters: {'W_layers': 7, 'W_layer_units_exponent_0': 6, 'W_layer_units_exponent_1': 7, 'W_layer_units_exponent_2': 7, 'W_layer_units_exponent_3': 4, 'W_layer_units_exponent_4': 9, 'W_layer_units_exponent_5': 6, 'W_layer_units_exponent_6': 6, 'D_layers': 5, 'D_layer_units_exponent_0': 7, 'D_layer_units_exponent_1': 10, 'D_layer_units_exponent_2': 9, 'D_layer_units_exponent_3': 7, 'D_layer_units_exponent_4': 6, 'D_dagger_layers': 4, 'D_dagger_layer_units_exponent_0': 7, 'D_dagger_layer_units_exponent_1': 9, 'D_dagger_layer_units_exponent_2': 10, 'D_dagger_layer_units_exponent_3': 10, 'log_learning_rate': -1.3917936859945284, 'log_learning_rate_D': -3.0701386377939808, 'log_learning_rate_D_dagger': -2.9761457733690126, 'training_batch_size': 6, 'training_p': 2}. Best is trial 35 with value: 0.04377790540456772.
Time for this trial:  2039.6081545352936
Memory status after this trial: 
Memory allocated:  4530.2978515625
Memory cached:  4576.0
--------------------  Trial  49   --------------------
Start timing: 
Parameters: 
{'W_layers': 5, 'W_layer_units_exponent_0': 7, 'W_layer_units_exponent_1': 10, 'W_layer_units_exponent_2': 6, 'W_layer_units_exponent_3': 5, 'W_layer_units_exponent_4': 10, 'D_layers': 6, 'D_layer_units_exponent_0': 4, 'D_layer_units_exponent_1': 8, 'D_layer_units_exponent_2': 6, 'D_layer_units_exponent_3': 8, 'D_layer_units_exponent_4': 7, 'D_layer_units_exponent_5': 8, 'D_dagger_layers': 2, 'D_dagger_layer_units_exponent_0': 4, 'D_dagger_layer_units_exponent_1': 9, 'log_learning_rate': -1.1475006903169416, 'log_learning_rate_D': -2.0222493430315773, 'log_learning_rate_D_dagger': -1.819217165357896, 'training_batch_size': 6, 'training_p': 4}
	 epoch  0 training error:  tensor(2553.0032, grad_fn=<ToCopyBackward0>)
Memory status after this epoch: 
Memory allocated:  2236.04443359375
Memory cached:  2572.0
	 epoch  10 training error:  tensor(33.4333, grad_fn=<ToCopyBackward0>)
Memory status after this epoch: 
Memory allocated:  2236.04443359375
Memory cached:  2592.0
	 epoch  20 training error:  tensor(0.4327, grad_fn=<ToCopyBackward0>)
Memory status after this epoch: 
Memory allocated:  2236.04443359375
Memory cached:  2594.0
	 epoch  30 training error:  tensor(0.4012, grad_fn=<ToCopyBackward0>)
Memory status after this epoch: 
Memory allocated:  2236.04443359375
Memory cached:  2598.0
	 epoch  40 training error:  tensor(0.4020, grad_fn=<ToCopyBackward0>)
Memory status after this epoch: 
Memory allocated:  2236.04443359375
Memory cached:  2600.0
	 epoch  50 training error:  tensor(0.4036, grad_fn=<ToCopyBackward0>)
Memory status after this epoch: 
Memory allocated:  2236.04443359375
Memory cached:  2596.0
	 epoch  60 training error:  tensor(0.4028, grad_fn=<ToCopyBackward0>)
Memory status after this epoch: 
Memory allocated:  2236.04443359375
Memory cached:  2596.0
	 epoch  70 training error:  tensor(0.4038, grad_fn=<ToCopyBackward0>)
Memory status after this epoch: 
Memory allocated:  2236.04443359375
Memory cached:  2594.0
	 epoch  80 training error:  tensor(0.4029, grad_fn=<ToCopyBackward0>)
Memory status after this epoch: 
Memory allocated:  2236.04443359375
Memory cached:  2592.0
	 epoch  90 training error:  tensor(0.4033, grad_fn=<ToCopyBackward0>)
Memory status after this epoch: 
Memory allocated:  2236.04443359375
Memory cached:  2596.0
[I 2024-05-18 08:15:16,956] Trial 49 finished with value: 0.35330528020858765 and parameters: {'W_layers': 5, 'W_layer_units_exponent_0': 7, 'W_layer_units_exponent_1': 10, 'W_layer_units_exponent_2': 6, 'W_layer_units_exponent_3': 5, 'W_layer_units_exponent_4': 10, 'D_layers': 6, 'D_layer_units_exponent_0': 4, 'D_layer_units_exponent_1': 8, 'D_layer_units_exponent_2': 6, 'D_layer_units_exponent_3': 8, 'D_layer_units_exponent_4': 7, 'D_layer_units_exponent_5': 8, 'D_dagger_layers': 2, 'D_dagger_layer_units_exponent_0': 4, 'D_dagger_layer_units_exponent_1': 9, 'log_learning_rate': -1.1475006903169416, 'log_learning_rate_D': -2.0222493430315773, 'log_learning_rate_D_dagger': -1.819217165357896, 'training_batch_size': 6, 'training_p': 4}. Best is trial 35 with value: 0.04377790540456772.
Time for this trial:  1770.3029463291168
Memory status after this trial: 
Memory allocated:  3733.9853515625
Memory cached:  3752.0
--------------------  Trial  50   --------------------
Start timing: 
Parameters: 
{'W_layers': 6, 'W_layer_units_exponent_0': 10, 'W_layer_units_exponent_1': 8, 'W_layer_units_exponent_2': 8, 'W_layer_units_exponent_3': 6, 'W_layer_units_exponent_4': 6, 'W_layer_units_exponent_5': 4, 'D_layers': 5, 'D_layer_units_exponent_0': 6, 'D_layer_units_exponent_1': 9, 'D_layer_units_exponent_2': 4, 'D_layer_units_exponent_3': 8, 'D_layer_units_exponent_4': 9, 'D_dagger_layers': 3, 'D_dagger_layer_units_exponent_0': 5, 'D_dagger_layer_units_exponent_1': 10, 'D_dagger_layer_units_exponent_2': 9, 'log_learning_rate': -1.0596741358696649, 'log_learning_rate_D': -2.2125047030333778, 'log_learning_rate_D_dagger': -2.178080446964768, 'training_batch_size': 7, 'training_p': 2}
	 epoch  0 training error:  tensor(985.3359, grad_fn=<ToCopyBackward0>)
Memory status after this epoch: 
Memory allocated:  2247.13427734375
Memory cached:  2586.0
	 epoch  10 training error:  tensor(0.3376, grad_fn=<ToCopyBackward0>)
Memory status after this epoch: 
Memory allocated:  2247.13427734375
Memory cached:  2592.0
	 epoch  20 training error:  tensor(0.3334, grad_fn=<ToCopyBackward0>)
Memory status after this epoch: 
Memory allocated:  2247.13427734375
Memory cached:  2588.0
	 epoch  30 training error:  tensor(0.3352, grad_fn=<ToCopyBackward0>)
Memory status after this epoch: 
Memory allocated:  2247.13427734375
Memory cached:  2588.0
	 epoch  40 training error:  tensor(0.3333, grad_fn=<ToCopyBackward0>)
Memory status after this epoch: 
Memory allocated:  2247.13427734375
Memory cached:  2586.0
	 epoch  50 training error:  tensor(0.3340, grad_fn=<ToCopyBackward0>)
Memory status after this epoch: 
Memory allocated:  2247.13427734375
Memory cached:  2588.0
	 epoch  60 training error:  tensor(0.3328, grad_fn=<ToCopyBackward0>)
Memory status after this epoch: 
Memory allocated:  2247.13427734375
Memory cached:  2592.0
	 epoch  70 training error:  tensor(0.3326, grad_fn=<ToCopyBackward0>)
Memory status after this epoch: 
Memory allocated:  2247.13427734375
Memory cached:  2592.0
	 epoch  80 training error:  tensor(0.3323, grad_fn=<ToCopyBackward0>)
Memory status after this epoch: 
Memory allocated:  2247.13427734375
Memory cached:  2588.0
	 epoch  90 training error:  tensor(0.3328, grad_fn=<ToCopyBackward0>)
Memory status after this epoch: 
Memory allocated:  2247.13427734375
Memory cached:  2592.0
[I 2024-05-18 08:31:53,996] Trial 50 finished with value: 0.35953253507614136 and parameters: {'W_layers': 6, 'W_layer_units_exponent_0': 10, 'W_layer_units_exponent_1': 8, 'W_layer_units_exponent_2': 8, 'W_layer_units_exponent_3': 6, 'W_layer_units_exponent_4': 6, 'W_layer_units_exponent_5': 4, 'D_layers': 5, 'D_layer_units_exponent_0': 6, 'D_layer_units_exponent_1': 9, 'D_layer_units_exponent_2': 4, 'D_layer_units_exponent_3': 8, 'D_layer_units_exponent_4': 9, 'D_dagger_layers': 3, 'D_dagger_layer_units_exponent_0': 5, 'D_dagger_layer_units_exponent_1': 10, 'D_dagger_layer_units_exponent_2': 9, 'log_learning_rate': -1.0596741358696649, 'log_learning_rate_D': -2.2125047030333778, 'log_learning_rate_D_dagger': -2.178080446964768, 'training_batch_size': 7, 'training_p': 2}. Best is trial 35 with value: 0.04377790540456772.
Time for this trial:  996.4946479797363
Memory status after this trial: 
Memory allocated:  4139.2763671875
Memory cached:  4180.0
--------------------  Trial  51   --------------------
Start timing: 
Parameters: 
{'W_layers': 5, 'W_layer_units_exponent_0': 5, 'W_layer_units_exponent_1': 9, 'W_layer_units_exponent_2': 5, 'W_layer_units_exponent_3': 4, 'W_layer_units_exponent_4': 9, 'D_layers': 4, 'D_layer_units_exponent_0': 7, 'D_layer_units_exponent_1': 9, 'D_layer_units_exponent_2': 5, 'D_layer_units_exponent_3': 9, 'D_dagger_layers': 4, 'D_dagger_layer_units_exponent_0': 5, 'D_dagger_layer_units_exponent_1': 8, 'D_dagger_layer_units_exponent_2': 9, 'D_dagger_layer_units_exponent_3': 8, 'log_learning_rate': -1.7819524948422214, 'log_learning_rate_D': -2.5549813503201566, 'log_learning_rate_D_dagger': -3.1135897556715237, 'training_batch_size': 6, 'training_p': 4}
	 epoch  0 training error:  tensor(1.7392, grad_fn=<ToCopyBackward0>)
Memory status after this epoch: 
Memory allocated:  2237.06982421875
Memory cached:  2622.0
	 epoch  10 training error:  tensor(0.3365, grad_fn=<ToCopyBackward0>)
Memory status after this epoch: 
Memory allocated:  2237.06982421875
Memory cached:  2644.0
	 epoch  20 training error:  tensor(0.3315, grad_fn=<ToCopyBackward0>)
Memory status after this epoch: 
Memory allocated:  2237.06982421875
Memory cached:  2646.0
	 epoch  30 training error:  tensor(0.3322, grad_fn=<ToCopyBackward0>)
Memory status after this epoch: 
Memory allocated:  2237.06982421875
Memory cached:  2648.0
	 epoch  40 training error:  tensor(0.2007, grad_fn=<ToCopyBackward0>)
Memory status after this epoch: 
Memory allocated:  2237.06982421875
Memory cached:  2652.0
	 epoch  50 training error:  tensor(0.1132, grad_fn=<ToCopyBackward0>)
Memory status after this epoch: 
Memory allocated:  2237.06982421875
Memory cached:  2650.0
	 epoch  60 training error:  tensor(0.0914, grad_fn=<ToCopyBackward0>)
Memory status after this epoch: 
Memory allocated:  2237.06982421875
Memory cached:  2644.0
	 epoch  70 training error:  tensor(0.0821, grad_fn=<ToCopyBackward0>)
Memory status after this epoch: 
Memory allocated:  2237.06982421875
Memory cached:  2652.0
	 epoch  80 training error:  tensor(0.0642, grad_fn=<ToCopyBackward0>)
Memory status after this epoch: 
Memory allocated:  2237.06982421875
Memory cached:  2652.0
	 epoch  90 training error:  tensor(0.0531, grad_fn=<ToCopyBackward0>)
Memory status after this epoch: 
Memory allocated:  2237.06982421875
Memory cached:  2652.0
[I 2024-05-18 09:01:35,556] Trial 51 finished with value: 0.05948789790272713 and parameters: {'W_layers': 5, 'W_layer_units_exponent_0': 5, 'W_layer_units_exponent_1': 9, 'W_layer_units_exponent_2': 5, 'W_layer_units_exponent_3': 4, 'W_layer_units_exponent_4': 9, 'D_layers': 4, 'D_layer_units_exponent_0': 7, 'D_layer_units_exponent_1': 9, 'D_layer_units_exponent_2': 5, 'D_layer_units_exponent_3': 9, 'D_dagger_layers': 4, 'D_dagger_layer_units_exponent_0': 5, 'D_dagger_layer_units_exponent_1': 8, 'D_dagger_layer_units_exponent_2': 9, 'D_dagger_layer_units_exponent_3': 8, 'log_learning_rate': -1.7819524948422214, 'log_learning_rate_D': -2.5549813503201566, 'log_learning_rate_D_dagger': -3.1135897556715237, 'training_batch_size': 6, 'training_p': 4}. Best is trial 35 with value: 0.04377790540456772.
Time for this trial:  1780.922515153885
Memory status after this trial: 
Memory allocated:  3580.4453125
Memory cached:  3598.0
--------------------  Trial  52   --------------------
Start timing: 
Parameters: 
{'W_layers': 5, 'W_layer_units_exponent_0': 8, 'W_layer_units_exponent_1': 9, 'W_layer_units_exponent_2': 5, 'W_layer_units_exponent_3': 4, 'W_layer_units_exponent_4': 8, 'D_layers': 4, 'D_layer_units_exponent_0': 7, 'D_layer_units_exponent_1': 9, 'D_layer_units_exponent_2': 6, 'D_layer_units_exponent_3': 9, 'D_dagger_layers': 4, 'D_dagger_layer_units_exponent_0': 5, 'D_dagger_layer_units_exponent_1': 8, 'D_dagger_layer_units_exponent_2': 9, 'D_dagger_layer_units_exponent_3': 9, 'log_learning_rate': -1.3858674205466404, 'log_learning_rate_D': -2.711186587557413, 'log_learning_rate_D_dagger': -2.398633687890479, 'training_batch_size': 6, 'training_p': 7}
	 epoch  0 training error:  tensor(20.8248, grad_fn=<ToCopyBackward0>)
Memory status after this epoch: 
Memory allocated:  2241.26123046875
Memory cached:  2580.0
	 epoch  10 training error:  tensor(4.3795, grad_fn=<ToCopyBackward0>)
Memory status after this epoch: 
Memory allocated:  2241.26123046875
Memory cached:  2656.0
	 epoch  20 training error:  tensor(0.4464, grad_fn=<ToCopyBackward0>)
Memory status after this epoch: 
Memory allocated:  2241.26123046875
Memory cached:  2664.0
	 epoch  30 training error:  tensor(0.4148, grad_fn=<ToCopyBackward0>)
Memory status after this epoch: 
Memory allocated:  2241.26123046875
Memory cached:  2656.0
	 epoch  40 training error:  tensor(0.4105, grad_fn=<ToCopyBackward0>)
Memory status after this epoch: 
Memory allocated:  2241.26123046875
Memory cached:  2648.0
	 epoch  50 training error:  tensor(0.4067, grad_fn=<ToCopyBackward0>)
Memory status after this epoch: 
Memory allocated:  2241.26123046875
Memory cached:  2666.0
	 epoch  60 training error:  tensor(0.4079, grad_fn=<ToCopyBackward0>)
Memory status after this epoch: 
Memory allocated:  2241.26123046875
Memory cached:  2652.0
	 epoch  70 training error:  tensor(0.4037, grad_fn=<ToCopyBackward0>)
Memory status after this epoch: 
Memory allocated:  2241.26123046875
Memory cached:  2652.0
	 epoch  80 training error:  tensor(0.3995, grad_fn=<ToCopyBackward0>)
Memory status after this epoch: 
Memory allocated:  2241.26123046875
Memory cached:  2660.0
	 epoch  90 training error:  tensor(0.4001, grad_fn=<ToCopyBackward0>)
Memory status after this epoch: 
Memory allocated:  2241.26123046875
Memory cached:  2650.0
[I 2024-05-18 09:31:26,784] Trial 52 finished with value: 0.26743608713150024 and parameters: {'W_layers': 5, 'W_layer_units_exponent_0': 8, 'W_layer_units_exponent_1': 9, 'W_layer_units_exponent_2': 5, 'W_layer_units_exponent_3': 4, 'W_layer_units_exponent_4': 8, 'D_layers': 4, 'D_layer_units_exponent_0': 7, 'D_layer_units_exponent_1': 9, 'D_layer_units_exponent_2': 6, 'D_layer_units_exponent_3': 9, 'D_dagger_layers': 4, 'D_dagger_layer_units_exponent_0': 5, 'D_dagger_layer_units_exponent_1': 8, 'D_dagger_layer_units_exponent_2': 9, 'D_dagger_layer_units_exponent_3': 9, 'log_learning_rate': -1.3858674205466404, 'log_learning_rate_D': -2.711186587557413, 'log_learning_rate_D_dagger': -2.398633687890479, 'training_batch_size': 6, 'training_p': 7}. Best is trial 35 with value: 0.04377790540456772.
Time for this trial:  1790.5595259666443
Memory status after this trial: 
Memory allocated:  3691.779296875
Memory cached:  3712.0
--------------------  Trial  53   --------------------
Start timing: 
Parameters: 
{'W_layers': 5, 'W_layer_units_exponent_0': 6, 'W_layer_units_exponent_1': 10, 'W_layer_units_exponent_2': 10, 'W_layer_units_exponent_3': 4, 'W_layer_units_exponent_4': 9, 'D_layers': 4, 'D_layer_units_exponent_0': 7, 'D_layer_units_exponent_1': 7, 'D_layer_units_exponent_2': 5, 'D_layer_units_exponent_3': 10, 'D_dagger_layers': 5, 'D_dagger_layer_units_exponent_0': 6, 'D_dagger_layer_units_exponent_1': 8, 'D_dagger_layer_units_exponent_2': 8, 'D_dagger_layer_units_exponent_3': 9, 'D_dagger_layer_units_exponent_4': 5, 'log_learning_rate': -1.748357851277937, 'log_learning_rate_D': -2.5202118330856904, 'log_learning_rate_D_dagger': -2.682445945644809, 'training_batch_size': 6, 'training_p': 4}
	 epoch  0 training error:  tensor(20.2352, grad_fn=<ToCopyBackward0>)
Memory status after this epoch: 
Memory allocated:  2252.53076171875
Memory cached:  2600.0
	 epoch  10 training error:  tensor(0.4433, grad_fn=<ToCopyBackward0>)
Memory status after this epoch: 
Memory allocated:  2252.53076171875
Memory cached:  2664.0
	 epoch  20 training error:  tensor(0.3992, grad_fn=<ToCopyBackward0>)
Memory status after this epoch: 
Memory allocated:  2252.53076171875
Memory cached:  2672.0
	 epoch  30 training error:  tensor(0.3372, grad_fn=<ToCopyBackward0>)
Memory status after this epoch: 
Memory allocated:  2252.53076171875
Memory cached:  2668.0
	 epoch  40 training error:  tensor(0.3398, grad_fn=<ToCopyBackward0>)
Memory status after this epoch: 
Memory allocated:  2252.53076171875
Memory cached:  2658.0
	 epoch  50 training error:  tensor(0.3409, grad_fn=<ToCopyBackward0>)
Memory status after this epoch: 
Memory allocated:  2252.53076171875
Memory cached:  2668.0
	 epoch  60 training error:  tensor(0.3650, grad_fn=<ToCopyBackward0>)
Memory status after this epoch: 
Memory allocated:  2252.53076171875
Memory cached:  2654.0
	 epoch  70 training error:  tensor(0.4640, grad_fn=<ToCopyBackward0>)
Memory status after this epoch: 
Memory allocated:  2252.53076171875
Memory cached:  2666.0
	 epoch  80 training error:  tensor(0.4637, grad_fn=<ToCopyBackward0>)
Memory status after this epoch: 
Memory allocated:  2252.53076171875
Memory cached:  2660.0
	 epoch  90 training error:  tensor(0.4632, grad_fn=<ToCopyBackward0>)
Memory status after this epoch: 
Memory allocated:  2252.53076171875
Memory cached:  2660.0
