[I 2023-12-05 01:11:55,429] Trial 33 finished with value: 0.4281575381755829 and parameters: {'W_layers': 8, 'W_layer_units_exponent_0': 8, 'W_layer_units_exponent_1': 4, 'W_layer_units_exponent_2': 5, 'W_layer_units_exponent_3': 10, 'W_layer_units_exponent_4': 8, 'W_layer_units_exponent_5': 9, 'W_layer_units_exponent_6': 4, 'W_layer_units_exponent_7': 10, 'D_layers': 6, 'D_layer_units_exponent_0': 7, 'D_layer_units_exponent_1': 10, 'D_layer_units_exponent_2': 4, 'D_layer_units_exponent_3': 10, 'D_layer_units_exponent_4': 10, 'D_layer_units_exponent_5': 8, 'log_learning_rate': -3.7167045441005726, 'log_learning_rate_D': -2.064144705421224, 'training_batch_size': 7, 'training_p': 3}. Best is trial 31 with value: 0.36051222681999207.
Time for this trial:  16.221526861190796
Memory status after this trial: 
Memory allocated:  162.84033203125
Memory cached:  184.0
--------------------  Trial  34   --------------------
Start timing: 
Parameters: 
{'W_layers': 8, 'W_layer_units_exponent_0': 7, 'W_layer_units_exponent_1': 5, 'W_layer_units_exponent_2': 4, 'W_layer_units_exponent_3': 10, 'W_layer_units_exponent_4': 7, 'W_layer_units_exponent_5': 9, 'W_layer_units_exponent_6': 5, 'W_layer_units_exponent_7': 8, 'D_layers': 7, 'D_layer_units_exponent_0': 8, 'D_layer_units_exponent_1': 9, 'D_layer_units_exponent_2': 6, 'D_layer_units_exponent_3': 10, 'D_layer_units_exponent_4': 10, 'D_layer_units_exponent_5': 7, 'D_layer_units_exponent_6': 7, 'log_learning_rate': -4.107078040059359, 'log_learning_rate_D': -2.5414668408711, 'training_batch_size': 6, 'training_p': 2}
	 epoch  0 training error:  tensor(1.0424, device='cuda:0', grad_fn=<DivBackward0>)
Memory status after this epoch: 
Memory allocated:  95.2578125
Memory cached:  142.0
	 epoch  10 training error:  tensor(0.5945, device='cuda:0', grad_fn=<DivBackward0>)
Memory status after this epoch: 
Memory allocated:  95.2578125
Memory cached:  142.0
	 epoch  20 training error:  tensor(0.5714, device='cuda:0', grad_fn=<DivBackward0>)
Memory status after this epoch: 
Memory allocated:  95.2578125
Memory cached:  142.0
	 epoch  30 training error:  tensor(0.5278, device='cuda:0', grad_fn=<DivBackward0>)
Memory status after this epoch: 
Memory allocated:  95.2578125
Memory cached:  142.0
	 epoch  40 training error:  tensor(0.4996, device='cuda:0', grad_fn=<DivBackward0>)
Memory status after this epoch: 
Memory allocated:  95.2578125
Memory cached:  142.0
	 epoch  50 training error:  tensor(0.4994, device='cuda:0', grad_fn=<DivBackward0>)
Memory status after this epoch: 
Memory allocated:  95.2578125
Memory cached:  142.0
	 epoch  60 training error:  tensor(0.4993, device='cuda:0', grad_fn=<DivBackward0>)
Memory status after this epoch: 
Memory allocated:  95.2578125
Memory cached:  142.0
	 epoch  70 training error:  tensor(0.4994, device='cuda:0', grad_fn=<DivBackward0>)
Memory status after this epoch: 
Memory allocated:  95.2578125
Memory cached:  142.0
	 epoch  80 training error:  tensor(0.4993, device='cuda:0', grad_fn=<DivBackward0>)
Memory status after this epoch: 
Memory allocated:  95.2578125
Memory cached:  142.0
	 epoch  90 training error:  tensor(0.4994, device='cuda:0', grad_fn=<DivBackward0>)
Memory status after this epoch: 
Memory allocated:  95.2578125
Memory cached:  142.0
[I 2023-12-05 01:12:13,354] Trial 34 finished with value: 0.36564335227012634 and parameters: {'W_layers': 8, 'W_layer_units_exponent_0': 7, 'W_layer_units_exponent_1': 5, 'W_layer_units_exponent_2': 4, 'W_layer_units_exponent_3': 10, 'W_layer_units_exponent_4': 7, 'W_layer_units_exponent_5': 9, 'W_layer_units_exponent_6': 5, 'W_layer_units_exponent_7': 8, 'D_layers': 7, 'D_layer_units_exponent_0': 8, 'D_layer_units_exponent_1': 9, 'D_layer_units_exponent_2': 6, 'D_layer_units_exponent_3': 10, 'D_layer_units_exponent_4': 10, 'D_layer_units_exponent_5': 7, 'D_layer_units_exponent_6': 7, 'log_learning_rate': -4.107078040059359, 'log_learning_rate_D': -2.5414668408711, 'training_batch_size': 6, 'training_p': 2}. Best is trial 31 with value: 0.36051222681999207.
Time for this trial:  17.724892377853394
Memory status after this trial: 
Memory allocated:  138.12841796875
Memory cached:  164.0
--------------------  Trial  35   --------------------
Start timing: 
Parameters: 
{'W_layers': 7, 'W_layer_units_exponent_0': 9, 'W_layer_units_exponent_1': 4, 'W_layer_units_exponent_2': 6, 'W_layer_units_exponent_3': 8, 'W_layer_units_exponent_4': 9, 'W_layer_units_exponent_5': 10, 'W_layer_units_exponent_6': 4, 'D_layers': 6, 'D_layer_units_exponent_0': 6, 'D_layer_units_exponent_1': 9, 'D_layer_units_exponent_2': 5, 'D_layer_units_exponent_3': 9, 'D_layer_units_exponent_4': 9, 'D_layer_units_exponent_5': 9, 'log_learning_rate': -3.190908637592427, 'log_learning_rate_D': -2.8980180966953015, 'training_batch_size': 7, 'training_p': 6}
	 epoch  0 training error:  tensor(0.8314, device='cuda:0', grad_fn=<DivBackward0>)
Memory status after this epoch: 
Memory allocated:  99.470703125
Memory cached:  142.0
	 epoch  10 training error:  tensor(0.6270, device='cuda:0', grad_fn=<DivBackward0>)
Memory status after this epoch: 
Memory allocated:  99.470703125
Memory cached:  142.0
	 epoch  20 training error:  tensor(0.5983, device='cuda:0', grad_fn=<DivBackward0>)
Memory status after this epoch: 
Memory allocated:  99.470703125
Memory cached:  142.0
	 epoch  30 training error:  tensor(0.5946, device='cuda:0', grad_fn=<DivBackward0>)
Memory status after this epoch: 
Memory allocated:  99.470703125
Memory cached:  142.0
	 epoch  40 training error:  tensor(0.5937, device='cuda:0', grad_fn=<DivBackward0>)
Memory status after this epoch: 
Memory allocated:  99.470703125
Memory cached:  142.0
	 epoch  50 training error:  tensor(0.5932, device='cuda:0', grad_fn=<DivBackward0>)
Memory status after this epoch: 
Memory allocated:  99.470703125
Memory cached:  142.0
	 epoch  60 training error:  tensor(0.5929, device='cuda:0', grad_fn=<DivBackward0>)
Memory status after this epoch: 
Memory allocated:  99.470703125
Memory cached:  142.0
	 epoch  70 training error:  tensor(0.5928, device='cuda:0', grad_fn=<DivBackward0>)
Memory status after this epoch: 
Memory allocated:  99.470703125
Memory cached:  142.0
	 epoch  80 training error:  tensor(0.5928, device='cuda:0', grad_fn=<DivBackward0>)
Memory status after this epoch: 
Memory allocated:  99.470703125
Memory cached:  142.0
	 epoch  90 training error:  tensor(0.5928, device='cuda:0', grad_fn=<DivBackward0>)
Memory status after this epoch: 
Memory allocated:  99.470703125
Memory cached:  142.0
[I 2023-12-05 01:12:29,303] Trial 35 finished with value: 0.5877962112426758 and parameters: {'W_layers': 7, 'W_layer_units_exponent_0': 9, 'W_layer_units_exponent_1': 4, 'W_layer_units_exponent_2': 6, 'W_layer_units_exponent_3': 8, 'W_layer_units_exponent_4': 9, 'W_layer_units_exponent_5': 10, 'W_layer_units_exponent_6': 4, 'D_layers': 6, 'D_layer_units_exponent_0': 6, 'D_layer_units_exponent_1': 9, 'D_layer_units_exponent_2': 5, 'D_layer_units_exponent_3': 9, 'D_layer_units_exponent_4': 9, 'D_layer_units_exponent_5': 9, 'log_learning_rate': -3.190908637592427, 'log_learning_rate_D': -2.8980180966953015, 'training_batch_size': 7, 'training_p': 6}. Best is trial 31 with value: 0.36051222681999207.
Time for this trial:  15.757836818695068
Memory status after this trial: 
Memory allocated:  147.31787109375
Memory cached:  182.0
--------------------  Trial  36   --------------------
Start timing: 
Parameters: 
{'W_layers': 6, 'W_layer_units_exponent_0': 7, 'W_layer_units_exponent_1': 5, 'W_layer_units_exponent_2': 5, 'W_layer_units_exponent_3': 10, 'W_layer_units_exponent_4': 6, 'W_layer_units_exponent_5': 8, 'D_layers': 7, 'D_layer_units_exponent_0': 6, 'D_layer_units_exponent_1': 10, 'D_layer_units_exponent_2': 7, 'D_layer_units_exponent_3': 10, 'D_layer_units_exponent_4': 7, 'D_layer_units_exponent_5': 8, 'D_layer_units_exponent_6': 7, 'log_learning_rate': -3.4923563281375007, 'log_learning_rate_D': -1.923880363061317, 'training_batch_size': 8, 'training_p': 3}
	 epoch  0 training error:  tensor(0.9813, device='cuda:0', grad_fn=<DivBackward0>)
Memory status after this epoch: 
Memory allocated:  89.58984375
Memory cached:  142.0
	 epoch  10 training error:  tensor(0.6220, device='cuda:0', grad_fn=<DivBackward0>)
Memory status after this epoch: 
Memory allocated:  89.58984375
Memory cached:  142.0
	 epoch  20 training error:  tensor(0.5692, device='cuda:0', grad_fn=<DivBackward0>)
Memory status after this epoch: 
Memory allocated:  89.58984375
Memory cached:  142.0
	 epoch  30 training error:  tensor(0.5660, device='cuda:0', grad_fn=<DivBackward0>)
Memory status after this epoch: 
Memory allocated:  89.58984375
Memory cached:  142.0
	 epoch  40 training error:  tensor(0.5623, device='cuda:0', grad_fn=<DivBackward0>)
Memory status after this epoch: 
Memory allocated:  89.58984375
Memory cached:  142.0
	 epoch  50 training error:  tensor(0.5604, device='cuda:0', grad_fn=<DivBackward0>)
Memory status after this epoch: 
Memory allocated:  89.58984375
Memory cached:  142.0
	 epoch  60 training error:  tensor(0.5600, device='cuda:0', grad_fn=<DivBackward0>)
Memory status after this epoch: 
Memory allocated:  89.58984375
Memory cached:  142.0
	 epoch  70 training error:  tensor(0.5600, device='cuda:0', grad_fn=<DivBackward0>)
Memory status after this epoch: 
Memory allocated:  89.58984375
Memory cached:  142.0
	 epoch  80 training error:  tensor(0.5599, device='cuda:0', grad_fn=<DivBackward0>)
Memory status after this epoch: 
Memory allocated:  89.58984375
Memory cached:  142.0
	 epoch  90 training error:  tensor(0.5599, device='cuda:0', grad_fn=<DivBackward0>)
Memory status after this epoch: 
Memory allocated:  89.58984375
Memory cached:  142.0
[I 2023-12-05 01:12:45,090] Trial 36 finished with value: 0.4302670955657959 and parameters: {'W_layers': 6, 'W_layer_units_exponent_0': 7, 'W_layer_units_exponent_1': 5, 'W_layer_units_exponent_2': 5, 'W_layer_units_exponent_3': 10, 'W_layer_units_exponent_4': 6, 'W_layer_units_exponent_5': 8, 'D_layers': 7, 'D_layer_units_exponent_0': 6, 'D_layer_units_exponent_1': 10, 'D_layer_units_exponent_2': 7, 'D_layer_units_exponent_3': 10, 'D_layer_units_exponent_4': 7, 'D_layer_units_exponent_5': 8, 'D_layer_units_exponent_6': 7, 'log_learning_rate': -3.4923563281375007, 'log_learning_rate_D': -1.923880363061317, 'training_batch_size': 8, 'training_p': 3}. Best is trial 31 with value: 0.36051222681999207.
Time for this trial:  15.599605321884155
Memory status after this trial: 
Memory allocated:  122.70263671875
Memory cached:  142.0
--------------------  Trial  37   --------------------
Start timing: 
Parameters: 
{'W_layers': 8, 'W_layer_units_exponent_0': 7, 'W_layer_units_exponent_1': 4, 'W_layer_units_exponent_2': 4, 'W_layer_units_exponent_3': 7, 'W_layer_units_exponent_4': 8, 'W_layer_units_exponent_5': 6, 'W_layer_units_exponent_6': 7, 'W_layer_units_exponent_7': 10, 'D_layers': 5, 'D_layer_units_exponent_0': 7, 'D_layer_units_exponent_1': 6, 'D_layer_units_exponent_2': 4, 'D_layer_units_exponent_3': 7, 'D_layer_units_exponent_4': 10, 'log_learning_rate': -3.273510943327395, 'log_learning_rate_D': -2.6179554798692273, 'training_batch_size': 6, 'training_p': 2}
	 epoch  0 training error:  tensor(1.0201, device='cuda:0', grad_fn=<DivBackward0>)
Memory status after this epoch: 
Memory allocated:  89.23291015625
Memory cached:  142.0
	 epoch  10 training error:  tensor(0.5517, device='cuda:0', grad_fn=<DivBackward0>)
Memory status after this epoch: 
Memory allocated:  89.23291015625
Memory cached:  142.0
	 epoch  20 training error:  tensor(0.5030, device='cuda:0', grad_fn=<DivBackward0>)
Memory status after this epoch: 
Memory allocated:  89.23291015625
Memory cached:  142.0
	 epoch  30 training error:  tensor(0.4998, device='cuda:0', grad_fn=<DivBackward0>)
Memory status after this epoch: 
Memory allocated:  89.23291015625
Memory cached:  142.0
	 epoch  40 training error:  tensor(0.4996, device='cuda:0', grad_fn=<DivBackward0>)
Memory status after this epoch: 
Memory allocated:  89.23291015625
Memory cached:  142.0
	 epoch  50 training error:  tensor(0.4993, device='cuda:0', grad_fn=<DivBackward0>)
Memory status after this epoch: 
Memory allocated:  89.23291015625
Memory cached:  142.0
	 epoch  60 training error:  tensor(0.4998, device='cuda:0', grad_fn=<DivBackward0>)
Memory status after this epoch: 
Memory allocated:  89.23291015625
Memory cached:  142.0
	 epoch  70 training error:  tensor(0.4993, device='cuda:0', grad_fn=<DivBackward0>)
Memory status after this epoch: 
Memory allocated:  89.23291015625
Memory cached:  142.0
	 epoch  80 training error:  tensor(0.4995, device='cuda:0', grad_fn=<DivBackward0>)
Memory status after this epoch: 
Memory allocated:  89.23291015625
Memory cached:  142.0
	 epoch  90 training error:  tensor(0.4996, device='cuda:0', grad_fn=<DivBackward0>)
Memory status after this epoch: 
Memory allocated:  89.23291015625
Memory cached:  142.0
[I 2023-12-05 01:13:02,259] Trial 37 finished with value: 0.3672637641429901 and parameters: {'W_layers': 8, 'W_layer_units_exponent_0': 7, 'W_layer_units_exponent_1': 4, 'W_layer_units_exponent_2': 4, 'W_layer_units_exponent_3': 7, 'W_layer_units_exponent_4': 8, 'W_layer_units_exponent_5': 6, 'W_layer_units_exponent_6': 7, 'W_layer_units_exponent_7': 10, 'D_layers': 5, 'D_layer_units_exponent_0': 7, 'D_layer_units_exponent_1': 6, 'D_layer_units_exponent_2': 4, 'D_layer_units_exponent_3': 7, 'D_layer_units_exponent_4': 10, 'log_learning_rate': -3.273510943327395, 'log_learning_rate_D': -2.6179554798692273, 'training_batch_size': 6, 'training_p': 2}. Best is trial 31 with value: 0.36051222681999207.
Time for this trial:  16.993869066238403
Memory status after this trial: 
Memory allocated:  127.97216796875
Memory cached:  146.0
--------------------  Trial  38   --------------------
Start timing: 
Parameters: 
{'W_layers': 7, 'W_layer_units_exponent_0': 8, 'W_layer_units_exponent_1': 6, 'W_layer_units_exponent_2': 6, 'W_layer_units_exponent_3': 10, 'W_layer_units_exponent_4': 9, 'W_layer_units_exponent_5': 9, 'W_layer_units_exponent_6': 5, 'D_layers': 4, 'D_layer_units_exponent_0': 8, 'D_layer_units_exponent_1': 8, 'D_layer_units_exponent_2': 7, 'D_layer_units_exponent_3': 6, 'log_learning_rate': -4.128631228847433, 'log_learning_rate_D': -2.3084375932951486, 'training_batch_size': 6, 'training_p': 4}
	 epoch  0 training error:  tensor(0.8269, device='cuda:0', grad_fn=<DivBackward0>)
Memory status after this epoch: 
Memory allocated:  100.46533203125
Memory cached:  142.0
	 epoch  10 training error:  tensor(0.6325, device='cuda:0', grad_fn=<DivBackward0>)
Memory status after this epoch: 
Memory allocated:  100.46533203125
Memory cached:  142.0
	 epoch  20 training error:  tensor(0.5894, device='cuda:0', grad_fn=<DivBackward0>)
Memory status after this epoch: 
Memory allocated:  100.46533203125
Memory cached:  142.0
	 epoch  30 training error:  tensor(0.5830, device='cuda:0', grad_fn=<DivBackward0>)
Memory status after this epoch: 
Memory allocated:  100.46533203125
Memory cached:  142.0
	 epoch  40 training error:  tensor(0.5828, device='cuda:0', grad_fn=<DivBackward0>)
Memory status after this epoch: 
Memory allocated:  100.46533203125
Memory cached:  142.0
	 epoch  50 training error:  tensor(0.5826, device='cuda:0', grad_fn=<DivBackward0>)
Memory status after this epoch: 
Memory allocated:  100.46533203125
Memory cached:  142.0
	 epoch  60 training error:  tensor(0.5827, device='cuda:0', grad_fn=<DivBackward0>)
Memory status after this epoch: 
Memory allocated:  100.46533203125
Memory cached:  142.0
	 epoch  70 training error:  tensor(0.5829, device='cuda:0', grad_fn=<DivBackward0>)
Memory status after this epoch: 
Memory allocated:  100.46533203125
Memory cached:  142.0
	 epoch  80 training error:  tensor(0.5826, device='cuda:0', grad_fn=<DivBackward0>)
Memory status after this epoch: 
Memory allocated:  100.46533203125
Memory cached:  142.0
	 epoch  90 training error:  tensor(0.5828, device='cuda:0', grad_fn=<DivBackward0>)
Memory status after this epoch: 
Memory allocated:  100.46533203125
Memory cached:  142.0
[I 2023-12-05 01:13:19,818] Trial 38 finished with value: 0.4899229109287262 and parameters: {'W_layers': 7, 'W_layer_units_exponent_0': 8, 'W_layer_units_exponent_1': 6, 'W_layer_units_exponent_2': 6, 'W_layer_units_exponent_3': 10, 'W_layer_units_exponent_4': 9, 'W_layer_units_exponent_5': 9, 'W_layer_units_exponent_6': 5, 'D_layers': 4, 'D_layer_units_exponent_0': 8, 'D_layer_units_exponent_1': 8, 'D_layer_units_exponent_2': 7, 'D_layer_units_exponent_3': 6, 'log_learning_rate': -4.128631228847433, 'log_learning_rate_D': -2.3084375932951486, 'training_batch_size': 6, 'training_p': 4}. Best is trial 31 with value: 0.36051222681999207.
Time for this trial:  17.382883548736572
Memory status after this trial: 
Memory allocated:  149.86474609375
Memory cached:  182.0
--------------------  Trial  39   --------------------
Start timing: 
Parameters: 
{'W_layers': 8, 'W_layer_units_exponent_0': 6, 'W_layer_units_exponent_1': 5, 'W_layer_units_exponent_2': 4, 'W_layer_units_exponent_3': 9, 'W_layer_units_exponent_4': 7, 'W_layer_units_exponent_5': 10, 'W_layer_units_exponent_6': 6, 'W_layer_units_exponent_7': 6, 'D_layers': 5, 'D_layer_units_exponent_0': 8, 'D_layer_units_exponent_1': 7, 'D_layer_units_exponent_2': 6, 'D_layer_units_exponent_3': 10, 'D_layer_units_exponent_4': 9, 'log_learning_rate': -3.6314232909318465, 'log_learning_rate_D': -2.7425412846403794, 'training_batch_size': 9, 'training_p': 8}
	 epoch  0 training error:  tensor(0.9769, device='cuda:0', grad_fn=<DivBackward0>)
Memory status after this epoch: 
Memory allocated:  92.39697265625
Memory cached:  142.0
	 epoch  10 training error:  tensor(0.7997, device='cuda:0', grad_fn=<DivBackward0>)
Memory status after this epoch: 
Memory allocated:  92.39697265625
Memory cached:  142.0
	 epoch  20 training error:  tensor(0.7639, device='cuda:0', grad_fn=<DivBackward0>)
Memory status after this epoch: 
Memory allocated:  92.39697265625
Memory cached:  142.0
	 epoch  30 training error:  tensor(0.6645, device='cuda:0', grad_fn=<DivBackward0>)
Memory status after this epoch: 
Memory allocated:  92.39697265625
Memory cached:  142.0
	 epoch  40 training error:  tensor(0.6127, device='cuda:0', grad_fn=<DivBackward0>)
Memory status after this epoch: 
Memory allocated:  92.39697265625
Memory cached:  142.0
	 epoch  50 training error:  tensor(0.6020, device='cuda:0', grad_fn=<DivBackward0>)
Memory status after this epoch: 
Memory allocated:  92.39697265625
Memory cached:  142.0
	 epoch  60 training error:  tensor(0.5968, device='cuda:0', grad_fn=<DivBackward0>)
Memory status after this epoch: 
Memory allocated:  92.39697265625
Memory cached:  142.0
	 epoch  70 training error:  tensor(0.5957, device='cuda:0', grad_fn=<DivBackward0>)
Memory status after this epoch: 
Memory allocated:  92.39697265625
Memory cached:  142.0
	 epoch  80 training error:  tensor(0.5950, device='cuda:0', grad_fn=<DivBackward0>)
Memory status after this epoch: 
Memory allocated:  92.39697265625
Memory cached:  142.0
	 epoch  90 training error:  tensor(0.5946, device='cuda:0', grad_fn=<DivBackward0>)
Memory status after this epoch: 
Memory allocated:  92.39697265625
Memory cached:  142.0
