[I 2024-01-13 14:28:32,135] Trial 37 finished with value: 0.2884117662906647 and parameters: {'W_layers': 8, 'W_layer_units_exponent_0': 8, 'W_layer_units_exponent_1': 10, 'W_layer_units_exponent_2': 6, 'W_layer_units_exponent_3': 9, 'W_layer_units_exponent_4': 4, 'W_layer_units_exponent_5': 7, 'W_layer_units_exponent_6': 5, 'W_layer_units_exponent_7': 7, 'D_layers': 8, 'D_layer_units_exponent_0': 8, 'D_layer_units_exponent_1': 4, 'D_layer_units_exponent_2': 9, 'D_layer_units_exponent_3': 4, 'D_layer_units_exponent_4': 7, 'D_layer_units_exponent_5': 4, 'D_layer_units_exponent_6': 9, 'D_layer_units_exponent_7': 4, 'D_dagger_layers': 8, 'D_dagger_layer_units_exponent_0': 9, 'D_dagger_layer_units_exponent_1': 5, 'D_dagger_layer_units_exponent_2': 9, 'D_dagger_layer_units_exponent_3': 5, 'D_dagger_layer_units_exponent_4': 5, 'D_dagger_layer_units_exponent_5': 7, 'D_dagger_layer_units_exponent_6': 4, 'D_dagger_layer_units_exponent_7': 10, 'log_learning_rate': -4.261207351995076, 'log_learning_rate_D': -3.210049704960257, 'log_learning_rate_D_dagger': -3.1953221117643276, 'training_batch_size': 10, 'training_p': 2}. Best is trial 37 with value: 0.2884117662906647.
res:  tensor(0.2884, device='cuda:0', grad_fn=<DivBackward0>)
self.bestValue:  tensor(0.2891, device='cuda:0', grad_fn=<DivBackward0>)
Save this model!
Time for this trial:  23.991518020629883
Memory status after this trial: 
Memory allocated:  473.15576171875
Memory cached:  664.0
--------------------  Trial  38   --------------------
Start timing: 
Parameters: 
{'W_layers': 5, 'W_layer_units_exponent_0': 10, 'W_layer_units_exponent_1': 10, 'W_layer_units_exponent_2': 6, 'W_layer_units_exponent_3': 9, 'W_layer_units_exponent_4': 4, 'D_layers': 2, 'D_layer_units_exponent_0': 8, 'D_layer_units_exponent_1': 4, 'D_dagger_layers': 8, 'D_dagger_layer_units_exponent_0': 9, 'D_dagger_layer_units_exponent_1': 7, 'D_dagger_layer_units_exponent_2': 9, 'D_dagger_layer_units_exponent_3': 5, 'D_dagger_layer_units_exponent_4': 5, 'D_dagger_layer_units_exponent_5': 7, 'D_dagger_layer_units_exponent_6': 4, 'D_dagger_layer_units_exponent_7': 10, 'log_learning_rate': -4.225769322398902, 'log_learning_rate_D': -2.831355573017599, 'log_learning_rate_D_dagger': -3.132622733006052, 'training_batch_size': 10, 'training_p': 4}
	 epoch  0 training error:  tensor(0.9819, device='cuda:0', grad_fn=<DivBackward0>)
Memory status after this epoch: 
Memory allocated:  494.43896484375
Memory cached:  664.0
	 epoch  10 training error:  tensor(0.4741, device='cuda:0', grad_fn=<DivBackward0>)
Memory status after this epoch: 
Memory allocated:  494.43896484375
Memory cached:  664.0
	 epoch  20 training error:  tensor(0.4560, device='cuda:0', grad_fn=<DivBackward0>)
Memory status after this epoch: 
Memory allocated:  494.43896484375
Memory cached:  664.0
	 epoch  30 training error:  tensor(0.4487, device='cuda:0', grad_fn=<DivBackward0>)
Memory status after this epoch: 
Memory allocated:  494.43896484375
Memory cached:  664.0
	 epoch  40 training error:  tensor(0.4387, device='cuda:0', grad_fn=<DivBackward0>)
Memory status after this epoch: 
Memory allocated:  494.43896484375
Memory cached:  664.0
	 epoch  50 training error:  tensor(0.4443, device='cuda:0', grad_fn=<DivBackward0>)
Memory status after this epoch: 
Memory allocated:  494.43896484375
Memory cached:  664.0
	 epoch  60 training error:  tensor(0.4435, device='cuda:0', grad_fn=<DivBackward0>)
Memory status after this epoch: 
Memory allocated:  494.43896484375
Memory cached:  664.0
	 epoch  70 training error:  tensor(0.4341, device='cuda:0', grad_fn=<DivBackward0>)
Memory status after this epoch: 
Memory allocated:  494.43896484375
Memory cached:  664.0
	 epoch  80 training error:  tensor(0.4446, device='cuda:0', grad_fn=<DivBackward0>)
Memory status after this epoch: 
Memory allocated:  494.43896484375
Memory cached:  664.0
	 epoch  90 training error:  tensor(0.4325, device='cuda:0', grad_fn=<DivBackward0>)
Memory status after this epoch: 
Memory allocated:  494.43896484375
Memory cached:  664.0
[I 2024-01-13 14:28:55,454] Trial 38 finished with value: 0.3459824025630951 and parameters: {'W_layers': 5, 'W_layer_units_exponent_0': 10, 'W_layer_units_exponent_1': 10, 'W_layer_units_exponent_2': 6, 'W_layer_units_exponent_3': 9, 'W_layer_units_exponent_4': 4, 'D_layers': 2, 'D_layer_units_exponent_0': 8, 'D_layer_units_exponent_1': 4, 'D_dagger_layers': 8, 'D_dagger_layer_units_exponent_0': 9, 'D_dagger_layer_units_exponent_1': 7, 'D_dagger_layer_units_exponent_2': 9, 'D_dagger_layer_units_exponent_3': 5, 'D_dagger_layer_units_exponent_4': 5, 'D_dagger_layer_units_exponent_5': 7, 'D_dagger_layer_units_exponent_6': 4, 'D_dagger_layer_units_exponent_7': 10, 'log_learning_rate': -4.225769322398902, 'log_learning_rate_D': -2.831355573017599, 'log_learning_rate_D_dagger': -3.132622733006052, 'training_batch_size': 10, 'training_p': 4}. Best is trial 37 with value: 0.2884117662906647.
Time for this trial:  22.996358394622803
Memory status after this trial: 
Memory allocated:  1014.01123046875
Memory cached:  1032.0
--------------------  Trial  39   --------------------
Start timing: 
Parameters: 
{'W_layers': 7, 'W_layer_units_exponent_0': 7, 'W_layer_units_exponent_1': 10, 'W_layer_units_exponent_2': 7, 'W_layer_units_exponent_3': 10, 'W_layer_units_exponent_4': 4, 'W_layer_units_exponent_5': 6, 'W_layer_units_exponent_6': 5, 'D_layers': 8, 'D_layer_units_exponent_0': 9, 'D_layer_units_exponent_1': 6, 'D_layer_units_exponent_2': 9, 'D_layer_units_exponent_3': 4, 'D_layer_units_exponent_4': 7, 'D_layer_units_exponent_5': 5, 'D_layer_units_exponent_6': 7, 'D_layer_units_exponent_7': 4, 'D_dagger_layers': 8, 'D_dagger_layer_units_exponent_0': 8, 'D_dagger_layer_units_exponent_1': 5, 'D_dagger_layer_units_exponent_2': 7, 'D_dagger_layer_units_exponent_3': 7, 'D_dagger_layer_units_exponent_4': 6, 'D_dagger_layer_units_exponent_5': 8, 'D_dagger_layer_units_exponent_6': 4, 'D_dagger_layer_units_exponent_7': 10, 'log_learning_rate': -4.818895167675231, 'log_learning_rate_D': -2.467677918973906, 'log_learning_rate_D_dagger': -2.7553863779442933, 'training_batch_size': 10, 'training_p': 3}
	 epoch  0 training error:  tensor(0.9934, device='cuda:0', grad_fn=<DivBackward0>)
Memory status after this epoch: 
Memory allocated:  481.0732421875
Memory cached:  666.0
	 epoch  10 training error:  tensor(0.4100, device='cuda:0', grad_fn=<DivBackward0>)
Memory status after this epoch: 
Memory allocated:  481.0732421875
Memory cached:  666.0
	 epoch  20 training error:  tensor(0.3915, device='cuda:0', grad_fn=<DivBackward0>)
Memory status after this epoch: 
Memory allocated:  481.0732421875
Memory cached:  666.0
	 epoch  30 training error:  tensor(0.3743, device='cuda:0', grad_fn=<DivBackward0>)
Memory status after this epoch: 
Memory allocated:  481.0732421875
Memory cached:  666.0
	 epoch  40 training error:  tensor(0.3781, device='cuda:0', grad_fn=<DivBackward0>)
Memory status after this epoch: 
Memory allocated:  481.0732421875
Memory cached:  666.0
	 epoch  50 training error:  tensor(0.3695, device='cuda:0', grad_fn=<DivBackward0>)
Memory status after this epoch: 
Memory allocated:  481.0732421875
Memory cached:  666.0
	 epoch  60 training error:  tensor(0.3767, device='cuda:0', grad_fn=<DivBackward0>)
Memory status after this epoch: 
Memory allocated:  481.0732421875
Memory cached:  666.0
	 epoch  70 training error:  tensor(0.3712, device='cuda:0', grad_fn=<DivBackward0>)
Memory status after this epoch: 
Memory allocated:  481.0732421875
Memory cached:  666.0
	 epoch  80 training error:  tensor(0.3759, device='cuda:0', grad_fn=<DivBackward0>)
Memory status after this epoch: 
Memory allocated:  481.0732421875
Memory cached:  666.0
	 epoch  90 training error:  tensor(0.3721, device='cuda:0', grad_fn=<DivBackward0>)
Memory status after this epoch: 
Memory allocated:  481.0732421875
Memory cached:  666.0
[I 2024-01-13 14:29:18,318] Trial 39 finished with value: 0.3216973543167114 and parameters: {'W_layers': 7, 'W_layer_units_exponent_0': 7, 'W_layer_units_exponent_1': 10, 'W_layer_units_exponent_2': 7, 'W_layer_units_exponent_3': 10, 'W_layer_units_exponent_4': 4, 'W_layer_units_exponent_5': 6, 'W_layer_units_exponent_6': 5, 'D_layers': 8, 'D_layer_units_exponent_0': 9, 'D_layer_units_exponent_1': 6, 'D_layer_units_exponent_2': 9, 'D_layer_units_exponent_3': 4, 'D_layer_units_exponent_4': 7, 'D_layer_units_exponent_5': 5, 'D_layer_units_exponent_6': 7, 'D_layer_units_exponent_7': 4, 'D_dagger_layers': 8, 'D_dagger_layer_units_exponent_0': 8, 'D_dagger_layer_units_exponent_1': 5, 'D_dagger_layer_units_exponent_2': 7, 'D_dagger_layer_units_exponent_3': 7, 'D_dagger_layer_units_exponent_4': 6, 'D_dagger_layer_units_exponent_5': 8, 'D_dagger_layer_units_exponent_6': 4, 'D_dagger_layer_units_exponent_7': 10, 'log_learning_rate': -4.818895167675231, 'log_learning_rate_D': -2.467677918973906, 'log_learning_rate_D_dagger': -2.7553863779442933, 'training_batch_size': 10, 'training_p': 3}. Best is trial 37 with value: 0.2884117662906647.
Time for this trial:  22.481695413589478
Memory status after this trial: 
Memory allocated:  930.55810546875
Memory cached:  942.0
--------------------  Trial  40   --------------------
Start timing: 
Parameters: 
{'W_layers': 8, 'W_layer_units_exponent_0': 8, 'W_layer_units_exponent_1': 10, 'W_layer_units_exponent_2': 7, 'W_layer_units_exponent_3': 8, 'W_layer_units_exponent_4': 4, 'W_layer_units_exponent_5': 9, 'W_layer_units_exponent_6': 6, 'W_layer_units_exponent_7': 6, 'D_layers': 3, 'D_layer_units_exponent_0': 8, 'D_layer_units_exponent_1': 7, 'D_layer_units_exponent_2': 7, 'D_dagger_layers': 7, 'D_dagger_layer_units_exponent_0': 9, 'D_dagger_layer_units_exponent_1': 5, 'D_dagger_layer_units_exponent_2': 9, 'D_dagger_layer_units_exponent_3': 6, 'D_dagger_layer_units_exponent_4': 4, 'D_dagger_layer_units_exponent_5': 6, 'D_dagger_layer_units_exponent_6': 10, 'log_learning_rate': -4.664281754071178, 'log_learning_rate_D': -3.5674895642659497, 'log_learning_rate_D_dagger': -3.1578935218752906, 'training_batch_size': 10, 'training_p': 2}
	 epoch  0 training error:  tensor(1.0133, device='cuda:0', grad_fn=<DivBackward0>)
Memory status after this epoch: 
Memory allocated:  482.796875
Memory cached:  664.0
	 epoch  10 training error:  tensor(0.4426, device='cuda:0', grad_fn=<DivBackward0>)
Memory status after this epoch: 
Memory allocated:  482.796875
Memory cached:  664.0
	 epoch  20 training error:  tensor(0.3336, device='cuda:0', grad_fn=<DivBackward0>)
Memory status after this epoch: 
Memory allocated:  482.796875
Memory cached:  664.0
	 epoch  30 training error:  tensor(0.2933, device='cuda:0', grad_fn=<DivBackward0>)
Memory status after this epoch: 
Memory allocated:  482.796875
Memory cached:  664.0
	 epoch  40 training error:  tensor(0.2920, device='cuda:0', grad_fn=<DivBackward0>)
Memory status after this epoch: 
Memory allocated:  482.796875
Memory cached:  664.0
	 epoch  50 training error:  tensor(0.2855, device='cuda:0', grad_fn=<DivBackward0>)
Memory status after this epoch: 
Memory allocated:  482.796875
Memory cached:  664.0
	 epoch  60 training error:  tensor(0.2829, device='cuda:0', grad_fn=<DivBackward0>)
Memory status after this epoch: 
Memory allocated:  482.796875
Memory cached:  664.0
	 epoch  70 training error:  tensor(0.2865, device='cuda:0', grad_fn=<DivBackward0>)
Memory status after this epoch: 
Memory allocated:  482.796875
Memory cached:  664.0
	 epoch  80 training error:  tensor(0.2853, device='cuda:0', grad_fn=<DivBackward0>)
Memory status after this epoch: 
Memory allocated:  482.796875
Memory cached:  664.0
	 epoch  90 training error:  tensor(0.2855, device='cuda:0', grad_fn=<DivBackward0>)
Memory status after this epoch: 
Memory allocated:  482.796875
Memory cached:  664.0
[I 2024-01-13 14:29:41,988] Trial 40 finished with value: 0.28907647728919983 and parameters: {'W_layers': 8, 'W_layer_units_exponent_0': 8, 'W_layer_units_exponent_1': 10, 'W_layer_units_exponent_2': 7, 'W_layer_units_exponent_3': 8, 'W_layer_units_exponent_4': 4, 'W_layer_units_exponent_5': 9, 'W_layer_units_exponent_6': 6, 'W_layer_units_exponent_7': 6, 'D_layers': 3, 'D_layer_units_exponent_0': 8, 'D_layer_units_exponent_1': 7, 'D_layer_units_exponent_2': 7, 'D_dagger_layers': 7, 'D_dagger_layer_units_exponent_0': 9, 'D_dagger_layer_units_exponent_1': 5, 'D_dagger_layer_units_exponent_2': 9, 'D_dagger_layer_units_exponent_3': 6, 'D_dagger_layer_units_exponent_4': 4, 'D_dagger_layer_units_exponent_5': 6, 'D_dagger_layer_units_exponent_6': 10, 'log_learning_rate': -4.664281754071178, 'log_learning_rate_D': -3.5674895642659497, 'log_learning_rate_D_dagger': -3.1578935218752906, 'training_batch_size': 10, 'training_p': 2}. Best is trial 37 with value: 0.2884117662906647.
Time for this trial:  23.32777690887451
Memory status after this trial: 
Memory allocated:  954.46142578125
Memory cached:  974.0
--------------------  Trial  41   --------------------
Start timing: 
Parameters: 
{'W_layers': 8, 'W_layer_units_exponent_0': 8, 'W_layer_units_exponent_1': 10, 'W_layer_units_exponent_2': 7, 'W_layer_units_exponent_3': 8, 'W_layer_units_exponent_4': 4, 'W_layer_units_exponent_5': 10, 'W_layer_units_exponent_6': 6, 'W_layer_units_exponent_7': 6, 'D_layers': 2, 'D_layer_units_exponent_0': 8, 'D_layer_units_exponent_1': 7, 'D_dagger_layers': 7, 'D_dagger_layer_units_exponent_0': 9, 'D_dagger_layer_units_exponent_1': 5, 'D_dagger_layer_units_exponent_2': 9, 'D_dagger_layer_units_exponent_3': 6, 'D_dagger_layer_units_exponent_4': 4, 'D_dagger_layer_units_exponent_5': 6, 'D_dagger_layer_units_exponent_6': 10, 'log_learning_rate': -4.738625068288786, 'log_learning_rate_D': -3.573240835223261, 'log_learning_rate_D_dagger': -3.2245712631069288, 'training_batch_size': 10, 'training_p': 2}
	 epoch  0 training error:  tensor(0.9979, device='cuda:0', grad_fn=<DivBackward0>)
Memory status after this epoch: 
Memory allocated:  483.36669921875
Memory cached:  664.0
	 epoch  10 training error:  tensor(0.3887, device='cuda:0', grad_fn=<DivBackward0>)
Memory status after this epoch: 
Memory allocated:  483.36669921875
Memory cached:  666.0
	 epoch  20 training error:  tensor(0.3133, device='cuda:0', grad_fn=<DivBackward0>)
Memory status after this epoch: 
Memory allocated:  483.36669921875
Memory cached:  666.0
	 epoch  30 training error:  tensor(0.3195, device='cuda:0', grad_fn=<DivBackward0>)
Memory status after this epoch: 
Memory allocated:  483.36669921875
Memory cached:  666.0
	 epoch  40 training error:  tensor(0.3061, device='cuda:0', grad_fn=<DivBackward0>)
Memory status after this epoch: 
Memory allocated:  483.36669921875
Memory cached:  666.0
	 epoch  50 training error:  tensor(0.2971, device='cuda:0', grad_fn=<DivBackward0>)
Memory status after this epoch: 
Memory allocated:  483.36669921875
Memory cached:  666.0
	 epoch  60 training error:  tensor(0.2837, device='cuda:0', grad_fn=<DivBackward0>)
Memory status after this epoch: 
Memory allocated:  483.36669921875
Memory cached:  666.0
	 epoch  70 training error:  tensor(0.2937, device='cuda:0', grad_fn=<DivBackward0>)
Memory status after this epoch: 
Memory allocated:  483.36669921875
Memory cached:  666.0
	 epoch  80 training error:  tensor(0.3042, device='cuda:0', grad_fn=<DivBackward0>)
Memory status after this epoch: 
Memory allocated:  483.36669921875
Memory cached:  666.0
	 epoch  90 training error:  tensor(0.2950, device='cuda:0', grad_fn=<DivBackward0>)
Memory status after this epoch: 
Memory allocated:  483.36669921875
Memory cached:  666.0
[I 2024-01-13 14:30:05,809] Trial 41 finished with value: 0.2880138158798218 and parameters: {'W_layers': 8, 'W_layer_units_exponent_0': 8, 'W_layer_units_exponent_1': 10, 'W_layer_units_exponent_2': 7, 'W_layer_units_exponent_3': 8, 'W_layer_units_exponent_4': 4, 'W_layer_units_exponent_5': 10, 'W_layer_units_exponent_6': 6, 'W_layer_units_exponent_7': 6, 'D_layers': 2, 'D_layer_units_exponent_0': 8, 'D_layer_units_exponent_1': 7, 'D_dagger_layers': 7, 'D_dagger_layer_units_exponent_0': 9, 'D_dagger_layer_units_exponent_1': 5, 'D_dagger_layer_units_exponent_2': 9, 'D_dagger_layer_units_exponent_3': 6, 'D_dagger_layer_units_exponent_4': 4, 'D_dagger_layer_units_exponent_5': 6, 'D_dagger_layer_units_exponent_6': 10, 'log_learning_rate': -4.738625068288786, 'log_learning_rate_D': -3.573240835223261, 'log_learning_rate_D_dagger': -3.2245712631069288, 'training_batch_size': 10, 'training_p': 2}. Best is trial 41 with value: 0.2880138158798218.
res:  tensor(0.2880, device='cuda:0', grad_fn=<DivBackward0>)
self.bestValue:  tensor(0.2884, device='cuda:0', grad_fn=<DivBackward0>)
Save this model!
Time for this trial:  23.439595222473145
Memory status after this trial: 
Memory allocated:  537.77294921875
Memory cached:  710.0
--------------------  Trial  42   --------------------
Start timing: 
Parameters: 
{'W_layers': 8, 'W_layer_units_exponent_0': 9, 'W_layer_units_exponent_1': 10, 'W_layer_units_exponent_2': 8, 'W_layer_units_exponent_3': 8, 'W_layer_units_exponent_4': 4, 'W_layer_units_exponent_5': 10, 'W_layer_units_exponent_6': 5, 'W_layer_units_exponent_7': 6, 'D_layers': 3, 'D_layer_units_exponent_0': 8, 'D_layer_units_exponent_1': 7, 'D_layer_units_exponent_2': 7, 'D_dagger_layers': 7, 'D_dagger_layer_units_exponent_0': 9, 'D_dagger_layer_units_exponent_1': 4, 'D_dagger_layer_units_exponent_2': 9, 'D_dagger_layer_units_exponent_3': 6, 'D_dagger_layer_units_exponent_4': 4, 'D_dagger_layer_units_exponent_5': 6, 'D_dagger_layer_units_exponent_6': 10, 'log_learning_rate': -4.754509825420301, 'log_learning_rate_D': -3.330381660373576, 'log_learning_rate_D_dagger': -3.090772276511977, 'training_batch_size': 11, 'training_p': 2}
	 epoch  0 training error:  tensor(0.9960, device='cuda:0', grad_fn=<DivBackward0>)
Memory status after this epoch: 
Memory allocated:  554.150390625
Memory cached:  712.0
	 epoch  10 training error:  tensor(0.4709, device='cuda:0', grad_fn=<DivBackward0>)
Memory status after this epoch: 
Memory allocated:  554.150390625
Memory cached:  712.0
	 epoch  20 training error:  tensor(0.3475, device='cuda:0', grad_fn=<DivBackward0>)
Memory status after this epoch: 
Memory allocated:  554.150390625
Memory cached:  712.0
	 epoch  30 training error:  tensor(0.2983, device='cuda:0', grad_fn=<DivBackward0>)
Memory status after this epoch: 
Memory allocated:  554.150390625
Memory cached:  712.0
	 epoch  40 training error:  tensor(0.2866, device='cuda:0', grad_fn=<DivBackward0>)
Memory status after this epoch: 
Memory allocated:  554.150390625
Memory cached:  712.0
	 epoch  50 training error:  tensor(0.2865, device='cuda:0', grad_fn=<DivBackward0>)
Memory status after this epoch: 
Memory allocated:  554.150390625
Memory cached:  712.0
	 epoch  60 training error:  tensor(0.2843, device='cuda:0', grad_fn=<DivBackward0>)
Memory status after this epoch: 
Memory allocated:  554.150390625
Memory cached:  712.0
	 epoch  70 training error:  tensor(0.2833, device='cuda:0', grad_fn=<DivBackward0>)
Memory status after this epoch: 
Memory allocated:  554.150390625
Memory cached:  712.0
	 epoch  80 training error:  tensor(0.2835, device='cuda:0', grad_fn=<DivBackward0>)
Memory status after this epoch: 
Memory allocated:  554.150390625
Memory cached:  712.0
	 epoch  90 training error:  tensor(0.2878, device='cuda:0', grad_fn=<DivBackward0>)
Memory status after this epoch: 
Memory allocated:  554.150390625
Memory cached:  712.0
