[I 2024-01-11 12:20:47,554] Trial 121 finished with value: 0.20844900608062744 and parameters: {'W_layers': 7, 'W_layer_units_exponent_0': 8, 'W_layer_units_exponent_1': 6, 'W_layer_units_exponent_2': 10, 'W_layer_units_exponent_3': 5, 'W_layer_units_exponent_4': 4, 'W_layer_units_exponent_5': 4, 'W_layer_units_exponent_6': 8, 'D_layers': 4, 'D_layer_units_exponent_0': 7, 'D_layer_units_exponent_1': 10, 'D_layer_units_exponent_2': 8, 'D_layer_units_exponent_3': 9, 'D_dagger_layers': 3, 'D_dagger_layer_units_exponent_0': 5, 'D_dagger_layer_units_exponent_1': 10, 'D_dagger_layer_units_exponent_2': 4, 'log_learning_rate': -2.1405531086834686, 'log_learning_rate_D': -2.5747068199908316, 'log_learning_rate_D_dagger': -3.5649915499770186, 'training_batch_size': 8, 'training_p': 2}. Best is trial 113 with value: 0.20728087425231934.
Time for this trial:  22.13464856147766
Memory status after this trial: 
Memory allocated:  569.30322265625
Memory cached:  584.0
--------------------  Trial  122   --------------------
Start timing: 
Parameters: 
{'W_layers': 7, 'W_layer_units_exponent_0': 8, 'W_layer_units_exponent_1': 6, 'W_layer_units_exponent_2': 10, 'W_layer_units_exponent_3': 5, 'W_layer_units_exponent_4': 4, 'W_layer_units_exponent_5': 4, 'W_layer_units_exponent_6': 8, 'D_layers': 4, 'D_layer_units_exponent_0': 6, 'D_layer_units_exponent_1': 10, 'D_layer_units_exponent_2': 8, 'D_layer_units_exponent_3': 7, 'D_dagger_layers': 3, 'D_dagger_layer_units_exponent_0': 6, 'D_dagger_layer_units_exponent_1': 10, 'D_dagger_layer_units_exponent_2': 4, 'log_learning_rate': -2.265858492768854, 'log_learning_rate_D': -2.4031825566472733, 'log_learning_rate_D_dagger': -3.49888771384552, 'training_batch_size': 8, 'training_p': 2}
	 epoch  0 training error:  tensor(1.0316, device='cuda:0', grad_fn=<DivBackward0>)
Memory status after this epoch: 
Memory allocated:  277.3681640625
Memory cached:  358.0
	 epoch  10 training error:  tensor(0.2570, device='cuda:0', grad_fn=<DivBackward0>)
Memory status after this epoch: 
Memory allocated:  277.3681640625
Memory cached:  358.0
	 epoch  20 training error:  tensor(0.2248, device='cuda:0', grad_fn=<DivBackward0>)
Memory status after this epoch: 
Memory allocated:  277.3681640625
Memory cached:  358.0
	 epoch  30 training error:  tensor(0.2080, device='cuda:0', grad_fn=<DivBackward0>)
Memory status after this epoch: 
Memory allocated:  277.3681640625
Memory cached:  358.0
	 epoch  40 training error:  tensor(0.1898, device='cuda:0', grad_fn=<DivBackward0>)
Memory status after this epoch: 
Memory allocated:  277.3681640625
Memory cached:  358.0
	 epoch  50 training error:  tensor(0.1863, device='cuda:0', grad_fn=<DivBackward0>)
Memory status after this epoch: 
Memory allocated:  277.3681640625
Memory cached:  358.0
	 epoch  60 training error:  tensor(0.1835, device='cuda:0', grad_fn=<DivBackward0>)
Memory status after this epoch: 
Memory allocated:  277.3681640625
Memory cached:  358.0
	 epoch  70 training error:  tensor(0.1836, device='cuda:0', grad_fn=<DivBackward0>)
Memory status after this epoch: 
Memory allocated:  277.3681640625
Memory cached:  358.0
	 epoch  80 training error:  tensor(0.1856, device='cuda:0', grad_fn=<DivBackward0>)
Memory status after this epoch: 
Memory allocated:  277.3681640625
Memory cached:  358.0
	 epoch  90 training error:  tensor(0.1831, device='cuda:0', grad_fn=<DivBackward0>)
Memory status after this epoch: 
Memory allocated:  277.3681640625
Memory cached:  358.0
[I 2024-01-11 12:21:09,720] Trial 122 finished with value: 0.2074810266494751 and parameters: {'W_layers': 7, 'W_layer_units_exponent_0': 8, 'W_layer_units_exponent_1': 6, 'W_layer_units_exponent_2': 10, 'W_layer_units_exponent_3': 5, 'W_layer_units_exponent_4': 4, 'W_layer_units_exponent_5': 4, 'W_layer_units_exponent_6': 8, 'D_layers': 4, 'D_layer_units_exponent_0': 6, 'D_layer_units_exponent_1': 10, 'D_layer_units_exponent_2': 8, 'D_layer_units_exponent_3': 7, 'D_dagger_layers': 3, 'D_dagger_layer_units_exponent_0': 6, 'D_dagger_layer_units_exponent_1': 10, 'D_dagger_layer_units_exponent_2': 4, 'log_learning_rate': -2.265858492768854, 'log_learning_rate_D': -2.4031825566472733, 'log_learning_rate_D_dagger': -3.49888771384552, 'training_batch_size': 8, 'training_p': 2}. Best is trial 113 with value: 0.20728087425231934.
Time for this trial:  21.79364538192749
Memory status after this trial: 
Memory allocated:  572.97119140625
Memory cached:  588.0
--------------------  Trial  123   --------------------
Start timing: 
Parameters: 
{'W_layers': 7, 'W_layer_units_exponent_0': 7, 'W_layer_units_exponent_1': 6, 'W_layer_units_exponent_2': 10, 'W_layer_units_exponent_3': 5, 'W_layer_units_exponent_4': 4, 'W_layer_units_exponent_5': 4, 'W_layer_units_exponent_6': 8, 'D_layers': 4, 'D_layer_units_exponent_0': 8, 'D_layer_units_exponent_1': 10, 'D_layer_units_exponent_2': 8, 'D_layer_units_exponent_3': 7, 'D_dagger_layers': 3, 'D_dagger_layer_units_exponent_0': 6, 'D_dagger_layer_units_exponent_1': 10, 'D_dagger_layer_units_exponent_2': 4, 'log_learning_rate': -2.519899855014387, 'log_learning_rate_D': -2.709324184046655, 'log_learning_rate_D_dagger': -3.4415047347082295, 'training_batch_size': 8, 'training_p': 2}
	 epoch  0 training error:  tensor(1.0640, device='cuda:0', grad_fn=<DivBackward0>)
Memory status after this epoch: 
Memory allocated:  277.98974609375
Memory cached:  358.0
	 epoch  10 training error:  tensor(0.2837, device='cuda:0', grad_fn=<DivBackward0>)
Memory status after this epoch: 
Memory allocated:  277.98974609375
Memory cached:  358.0
	 epoch  20 training error:  tensor(0.2310, device='cuda:0', grad_fn=<DivBackward0>)
Memory status after this epoch: 
Memory allocated:  277.98974609375
Memory cached:  358.0
	 epoch  30 training error:  tensor(0.2171, device='cuda:0', grad_fn=<DivBackward0>)
Memory status after this epoch: 
Memory allocated:  277.98974609375
Memory cached:  358.0
	 epoch  40 training error:  tensor(0.2024, device='cuda:0', grad_fn=<DivBackward0>)
Memory status after this epoch: 
Memory allocated:  277.98974609375
Memory cached:  358.0
	 epoch  50 training error:  tensor(0.1925, device='cuda:0', grad_fn=<DivBackward0>)
Memory status after this epoch: 
Memory allocated:  277.98974609375
Memory cached:  358.0
	 epoch  60 training error:  tensor(0.1868, device='cuda:0', grad_fn=<DivBackward0>)
Memory status after this epoch: 
Memory allocated:  277.98974609375
Memory cached:  358.0
	 epoch  70 training error:  tensor(0.1858, device='cuda:0', grad_fn=<DivBackward0>)
Memory status after this epoch: 
Memory allocated:  277.98974609375
Memory cached:  358.0
	 epoch  80 training error:  tensor(0.1851, device='cuda:0', grad_fn=<DivBackward0>)
Memory status after this epoch: 
Memory allocated:  277.98974609375
Memory cached:  358.0
	 epoch  90 training error:  tensor(0.1841, device='cuda:0', grad_fn=<DivBackward0>)
Memory status after this epoch: 
Memory allocated:  277.98974609375
Memory cached:  358.0
[I 2024-01-11 12:21:31,940] Trial 123 finished with value: 0.20788228511810303 and parameters: {'W_layers': 7, 'W_layer_units_exponent_0': 7, 'W_layer_units_exponent_1': 6, 'W_layer_units_exponent_2': 10, 'W_layer_units_exponent_3': 5, 'W_layer_units_exponent_4': 4, 'W_layer_units_exponent_5': 4, 'W_layer_units_exponent_6': 8, 'D_layers': 4, 'D_layer_units_exponent_0': 8, 'D_layer_units_exponent_1': 10, 'D_layer_units_exponent_2': 8, 'D_layer_units_exponent_3': 7, 'D_dagger_layers': 3, 'D_dagger_layer_units_exponent_0': 6, 'D_dagger_layer_units_exponent_1': 10, 'D_dagger_layer_units_exponent_2': 4, 'log_learning_rate': -2.519899855014387, 'log_learning_rate_D': -2.709324184046655, 'log_learning_rate_D_dagger': -3.4415047347082295, 'training_batch_size': 8, 'training_p': 2}. Best is trial 113 with value: 0.20728087425231934.
Time for this trial:  21.853436946868896
Memory status after this trial: 
Memory allocated:  558.67236328125
Memory cached:  588.0
--------------------  Trial  124   --------------------
Start timing: 
Parameters: 
{'W_layers': 7, 'W_layer_units_exponent_0': 8, 'W_layer_units_exponent_1': 6, 'W_layer_units_exponent_2': 10, 'W_layer_units_exponent_3': 8, 'W_layer_units_exponent_4': 4, 'W_layer_units_exponent_5': 4, 'W_layer_units_exponent_6': 8, 'D_layers': 4, 'D_layer_units_exponent_0': 8, 'D_layer_units_exponent_1': 10, 'D_layer_units_exponent_2': 8, 'D_layer_units_exponent_3': 7, 'D_dagger_layers': 3, 'D_dagger_layer_units_exponent_0': 6, 'D_dagger_layer_units_exponent_1': 10, 'D_dagger_layer_units_exponent_2': 4, 'log_learning_rate': -2.3211623182330854, 'log_learning_rate_D': -2.7206165101037487, 'log_learning_rate_D_dagger': -3.4185514627558606, 'training_batch_size': 8, 'training_p': 2}
	 epoch  0 training error:  tensor(0.8314, device='cuda:0', grad_fn=<DivBackward0>)
Memory status after this epoch: 
Memory allocated:  281.67529296875
Memory cached:  360.0
	 epoch  10 training error:  tensor(0.2507, device='cuda:0', grad_fn=<DivBackward0>)
Memory status after this epoch: 
Memory allocated:  281.67529296875
Memory cached:  360.0
	 epoch  20 training error:  tensor(0.2210, device='cuda:0', grad_fn=<DivBackward0>)
Memory status after this epoch: 
Memory allocated:  281.67529296875
Memory cached:  360.0
	 epoch  30 training error:  tensor(0.2146, device='cuda:0', grad_fn=<DivBackward0>)
Memory status after this epoch: 
Memory allocated:  281.67529296875
Memory cached:  360.0
	 epoch  40 training error:  tensor(0.2015, device='cuda:0', grad_fn=<DivBackward0>)
Memory status after this epoch: 
Memory allocated:  281.67529296875
Memory cached:  360.0
	 epoch  50 training error:  tensor(0.1929, device='cuda:0', grad_fn=<DivBackward0>)
Memory status after this epoch: 
Memory allocated:  281.67529296875
Memory cached:  360.0
	 epoch  60 training error:  tensor(0.1893, device='cuda:0', grad_fn=<DivBackward0>)
Memory status after this epoch: 
Memory allocated:  281.67529296875
Memory cached:  360.0
	 epoch  70 training error:  tensor(0.1855, device='cuda:0', grad_fn=<DivBackward0>)
Memory status after this epoch: 
Memory allocated:  281.67529296875
Memory cached:  360.0
	 epoch  80 training error:  tensor(0.1846, device='cuda:0', grad_fn=<DivBackward0>)
Memory status after this epoch: 
Memory allocated:  281.67529296875
Memory cached:  360.0
	 epoch  90 training error:  tensor(0.1861, device='cuda:0', grad_fn=<DivBackward0>)
Memory status after this epoch: 
Memory allocated:  281.67529296875
Memory cached:  360.0
[I 2024-01-11 12:21:54,923] Trial 124 finished with value: 0.2091750204563141 and parameters: {'W_layers': 7, 'W_layer_units_exponent_0': 8, 'W_layer_units_exponent_1': 6, 'W_layer_units_exponent_2': 10, 'W_layer_units_exponent_3': 8, 'W_layer_units_exponent_4': 4, 'W_layer_units_exponent_5': 4, 'W_layer_units_exponent_6': 8, 'D_layers': 4, 'D_layer_units_exponent_0': 8, 'D_layer_units_exponent_1': 10, 'D_layer_units_exponent_2': 8, 'D_layer_units_exponent_3': 7, 'D_dagger_layers': 3, 'D_dagger_layer_units_exponent_0': 6, 'D_dagger_layer_units_exponent_1': 10, 'D_dagger_layer_units_exponent_2': 4, 'log_learning_rate': -2.3211623182330854, 'log_learning_rate_D': -2.7206165101037487, 'log_learning_rate_D_dagger': -3.4185514627558606, 'training_batch_size': 8, 'training_p': 2}. Best is trial 113 with value: 0.20728087425231934.
Time for this trial:  22.629152059555054
Memory status after this trial: 
Memory allocated:  599.05029296875
Memory cached:  628.0
--------------------  Trial  125   --------------------
Start timing: 
Parameters: 
{'W_layers': 7, 'W_layer_units_exponent_0': 7, 'W_layer_units_exponent_1': 6, 'W_layer_units_exponent_2': 9, 'W_layer_units_exponent_3': 5, 'W_layer_units_exponent_4': 4, 'W_layer_units_exponent_5': 4, 'W_layer_units_exponent_6': 8, 'D_layers': 4, 'D_layer_units_exponent_0': 8, 'D_layer_units_exponent_1': 10, 'D_layer_units_exponent_2': 8, 'D_layer_units_exponent_3': 7, 'D_dagger_layers': 3, 'D_dagger_layer_units_exponent_0': 6, 'D_dagger_layer_units_exponent_1': 10, 'D_dagger_layer_units_exponent_2': 4, 'log_learning_rate': -1.9045003973558037, 'log_learning_rate_D': -2.8546203221112094, 'log_learning_rate_D_dagger': -3.470939480544424, 'training_batch_size': 8, 'training_p': 2}
	 epoch  0 training error:  tensor(0.9047, device='cuda:0', grad_fn=<DivBackward0>)
Memory status after this epoch: 
Memory allocated:  277.23193359375
Memory cached:  358.0
	 epoch  10 training error:  tensor(0.3584, device='cuda:0', grad_fn=<DivBackward0>)
Memory status after this epoch: 
Memory allocated:  277.23193359375
Memory cached:  358.0
	 epoch  20 training error:  tensor(0.2240, device='cuda:0', grad_fn=<DivBackward0>)
Memory status after this epoch: 
Memory allocated:  277.23193359375
Memory cached:  358.0
	 epoch  30 training error:  tensor(0.2176, device='cuda:0', grad_fn=<DivBackward0>)
Memory status after this epoch: 
Memory allocated:  277.23193359375
Memory cached:  358.0
	 epoch  40 training error:  tensor(0.2087, device='cuda:0', grad_fn=<DivBackward0>)
Memory status after this epoch: 
Memory allocated:  277.23193359375
Memory cached:  358.0
	 epoch  50 training error:  tensor(0.2017, device='cuda:0', grad_fn=<DivBackward0>)
Memory status after this epoch: 
Memory allocated:  277.23193359375
Memory cached:  358.0
	 epoch  60 training error:  tensor(0.1997, device='cuda:0', grad_fn=<DivBackward0>)
Memory status after this epoch: 
Memory allocated:  277.23193359375
Memory cached:  358.0
	 epoch  70 training error:  tensor(0.1955, device='cuda:0', grad_fn=<DivBackward0>)
Memory status after this epoch: 
Memory allocated:  277.23193359375
Memory cached:  358.0
	 epoch  80 training error:  tensor(0.1869, device='cuda:0', grad_fn=<DivBackward0>)
Memory status after this epoch: 
Memory allocated:  277.23193359375
Memory cached:  358.0
	 epoch  90 training error:  tensor(0.1903, device='cuda:0', grad_fn=<DivBackward0>)
Memory status after this epoch: 
Memory allocated:  277.23193359375
Memory cached:  358.0
[I 2024-01-11 12:22:17,208] Trial 125 finished with value: 0.20813564956188202 and parameters: {'W_layers': 7, 'W_layer_units_exponent_0': 7, 'W_layer_units_exponent_1': 6, 'W_layer_units_exponent_2': 9, 'W_layer_units_exponent_3': 5, 'W_layer_units_exponent_4': 4, 'W_layer_units_exponent_5': 4, 'W_layer_units_exponent_6': 8, 'D_layers': 4, 'D_layer_units_exponent_0': 8, 'D_layer_units_exponent_1': 10, 'D_layer_units_exponent_2': 8, 'D_layer_units_exponent_3': 7, 'D_dagger_layers': 3, 'D_dagger_layer_units_exponent_0': 6, 'D_dagger_layer_units_exponent_1': 10, 'D_dagger_layer_units_exponent_2': 4, 'log_learning_rate': -1.9045003973558037, 'log_learning_rate_D': -2.8546203221112094, 'log_learning_rate_D_dagger': -3.470939480544424, 'training_batch_size': 8, 'training_p': 2}. Best is trial 113 with value: 0.20728087425231934.
Time for this trial:  21.911420106887817
Memory status after this trial: 
Memory allocated:  502.29345703125
Memory cached:  528.0
--------------------  Trial  126   --------------------
Start timing: 
Parameters: 
{'W_layers': 8, 'W_layer_units_exponent_0': 7, 'W_layer_units_exponent_1': 6, 'W_layer_units_exponent_2': 10, 'W_layer_units_exponent_3': 5, 'W_layer_units_exponent_4': 4, 'W_layer_units_exponent_5': 4, 'W_layer_units_exponent_6': 8, 'W_layer_units_exponent_7': 7, 'D_layers': 4, 'D_layer_units_exponent_0': 8, 'D_layer_units_exponent_1': 10, 'D_layer_units_exponent_2': 8, 'D_layer_units_exponent_3': 7, 'D_dagger_layers': 3, 'D_dagger_layer_units_exponent_0': 6, 'D_dagger_layer_units_exponent_1': 10, 'D_dagger_layer_units_exponent_2': 4, 'log_learning_rate': -1.8825591270038842, 'log_learning_rate_D': -2.8523971765147196, 'log_learning_rate_D_dagger': -3.490888610633559, 'training_batch_size': 8, 'training_p': 2}
	 epoch  0 training error:  tensor(0.9085, device='cuda:0', grad_fn=<DivBackward0>)
Memory status after this epoch: 
Memory allocated:  278.48974609375
Memory cached:  358.0
	 epoch  10 training error:  tensor(0.3633, device='cuda:0', grad_fn=<DivBackward0>)
Memory status after this epoch: 
Memory allocated:  278.48974609375
Memory cached:  358.0
	 epoch  20 training error:  tensor(0.2316, device='cuda:0', grad_fn=<DivBackward0>)
Memory status after this epoch: 
Memory allocated:  278.48974609375
Memory cached:  358.0
	 epoch  30 training error:  tensor(0.3310, device='cuda:0', grad_fn=<DivBackward0>)
Memory status after this epoch: 
Memory allocated:  278.48974609375
Memory cached:  358.0
	 epoch  40 training error:  tensor(0.2305, device='cuda:0', grad_fn=<DivBackward0>)
Memory status after this epoch: 
Memory allocated:  278.48974609375
Memory cached:  358.0
	 epoch  50 training error:  tensor(0.2139, device='cuda:0', grad_fn=<DivBackward0>)
Memory status after this epoch: 
Memory allocated:  278.48974609375
Memory cached:  358.0
	 epoch  60 training error:  tensor(0.2064, device='cuda:0', grad_fn=<DivBackward0>)
Memory status after this epoch: 
Memory allocated:  278.48974609375
Memory cached:  358.0
	 epoch  70 training error:  tensor(0.1969, device='cuda:0', grad_fn=<DivBackward0>)
Memory status after this epoch: 
Memory allocated:  278.48974609375
Memory cached:  358.0
	 epoch  80 training error:  tensor(0.1906, device='cuda:0', grad_fn=<DivBackward0>)
Memory status after this epoch: 
Memory allocated:  278.48974609375
Memory cached:  358.0
	 epoch  90 training error:  tensor(0.1864, device='cuda:0', grad_fn=<DivBackward0>)
Memory status after this epoch: 
Memory allocated:  278.48974609375
Memory cached:  358.0
[I 2024-01-11 12:22:40,410] Trial 126 finished with value: 0.2084149867296219 and parameters: {'W_layers': 8, 'W_layer_units_exponent_0': 7, 'W_layer_units_exponent_1': 6, 'W_layer_units_exponent_2': 10, 'W_layer_units_exponent_3': 5, 'W_layer_units_exponent_4': 4, 'W_layer_units_exponent_5': 4, 'W_layer_units_exponent_6': 8, 'W_layer_units_exponent_7': 7, 'D_layers': 4, 'D_layer_units_exponent_0': 8, 'D_layer_units_exponent_1': 10, 'D_layer_units_exponent_2': 8, 'D_layer_units_exponent_3': 7, 'D_dagger_layers': 3, 'D_dagger_layer_units_exponent_0': 6, 'D_dagger_layer_units_exponent_1': 10, 'D_dagger_layer_units_exponent_2': 4, 'log_learning_rate': -1.8825591270038842, 'log_learning_rate_D': -2.8523971765147196, 'log_learning_rate_D_dagger': -3.490888610633559, 'training_batch_size': 8, 'training_p': 2}. Best is trial 113 with value: 0.20728087425231934.
Time for this trial:  22.82466220855713
Memory status after this trial: 
Memory allocated:  575.10986328125
Memory cached:  592.0
--------------------  Trial  127   --------------------
Start timing: 
Parameters: 
{'W_layers': 7, 'W_layer_units_exponent_0': 7, 'W_layer_units_exponent_1': 6, 'W_layer_units_exponent_2': 10, 'W_layer_units_exponent_3': 5, 'W_layer_units_exponent_4': 4, 'W_layer_units_exponent_5': 4, 'W_layer_units_exponent_6': 8, 'D_layers': 5, 'D_layer_units_exponent_0': 8, 'D_layer_units_exponent_1': 10, 'D_layer_units_exponent_2': 8, 'D_layer_units_exponent_3': 7, 'D_layer_units_exponent_4': 5, 'D_dagger_layers': 3, 'D_dagger_layer_units_exponent_0': 6, 'D_dagger_layer_units_exponent_1': 10, 'D_dagger_layer_units_exponent_2': 4, 'log_learning_rate': -1.9530880844269063, 'log_learning_rate_D': -2.923139426645635, 'log_learning_rate_D_dagger': -3.6239084363061935, 'training_batch_size': 8, 'training_p': 2}
	 epoch  0 training error:  tensor(1.1784, device='cuda:0', grad_fn=<DivBackward0>)
Memory status after this epoch: 
Memory allocated:  278.005859375
Memory cached:  358.0
	 epoch  10 training error:  tensor(0.3101, device='cuda:0', grad_fn=<DivBackward0>)
Memory status after this epoch: 
Memory allocated:  278.005859375
Memory cached:  358.0
	 epoch  20 training error:  tensor(0.3612, device='cuda:0', grad_fn=<DivBackward0>)
Memory status after this epoch: 
Memory allocated:  278.005859375
Memory cached:  358.0
	 epoch  30 training error:  tensor(0.2401, device='cuda:0', grad_fn=<DivBackward0>)
Memory status after this epoch: 
Memory allocated:  278.005859375
Memory cached:  358.0
	 epoch  40 training error:  tensor(0.2182, device='cuda:0', grad_fn=<DivBackward0>)
Memory status after this epoch: 
Memory allocated:  278.005859375
Memory cached:  358.0
	 epoch  50 training error:  tensor(0.2085, device='cuda:0', grad_fn=<DivBackward0>)
Memory status after this epoch: 
Memory allocated:  278.005859375
Memory cached:  358.0
	 epoch  60 training error:  tensor(0.2010, device='cuda:0', grad_fn=<DivBackward0>)
Memory status after this epoch: 
Memory allocated:  278.005859375
Memory cached:  358.0
	 epoch  70 training error:  tensor(0.1939, device='cuda:0', grad_fn=<DivBackward0>)
Memory status after this epoch: 
Memory allocated:  278.005859375
Memory cached:  358.0
	 epoch  80 training error:  tensor(0.1897, device='cuda:0', grad_fn=<DivBackward0>)
Memory status after this epoch: 
Memory allocated:  278.005859375
Memory cached:  358.0
	 epoch  90 training error:  tensor(0.1852, device='cuda:0', grad_fn=<DivBackward0>)
Memory status after this epoch: 
Memory allocated:  278.005859375
Memory cached:  358.0
