[I 2024-03-11 19:17:09,302] Trial 50 finished with value: 0.3736273944377899 and parameters: {'log_learning_rate': -2.2839959574859794, 'log_learning_rate_D': -3.857845076852324, 'log_learning_rate_D_dagger': -1.7096632964238632, 'training_batch_size': 6, 'training_p': 4}. Best is trial 40 with value: 0.33477750420570374.
Time for this trial:  450.8188543319702
Memory status after this trial: 
Memory allocated:  3.4521484375
Memory cached:  4.0
--------------------  Trial  51   --------------------
Start timing: 
Parameters: 
{'log_learning_rate': -2.3724934527055317, 'log_learning_rate_D': -3.685865507603495, 'log_learning_rate_D_dagger': -1.3346304660671147, 'training_batch_size': 6, 'training_p': 3}
	 epoch  0 training error:  tensor(208.6775, grad_fn=<ToCopyBackward0>)
Memory status after this epoch: 
Memory allocated:  1.94189453125
Memory cached:  4.0
	 epoch  10 training error:  tensor(0.6963, grad_fn=<ToCopyBackward0>)
Memory status after this epoch: 
Memory allocated:  1.94189453125
Memory cached:  4.0
	 epoch  20 training error:  tensor(0.4227, grad_fn=<ToCopyBackward0>)
Memory status after this epoch: 
Memory allocated:  1.94189453125
Memory cached:  4.0
	 epoch  30 training error:  tensor(0.3907, grad_fn=<ToCopyBackward0>)
Memory status after this epoch: 
Memory allocated:  1.94189453125
Memory cached:  4.0
	 epoch  40 training error:  tensor(0.3762, grad_fn=<ToCopyBackward0>)
Memory status after this epoch: 
Memory allocated:  1.94189453125
Memory cached:  4.0
	 epoch  50 training error:  tensor(0.3720, grad_fn=<ToCopyBackward0>)
Memory status after this epoch: 
Memory allocated:  1.94189453125
Memory cached:  4.0
	 epoch  60 training error:  tensor(0.3709, grad_fn=<ToCopyBackward0>)
Memory status after this epoch: 
Memory allocated:  1.94189453125
Memory cached:  4.0
	 epoch  70 training error:  tensor(0.3705, grad_fn=<ToCopyBackward0>)
Memory status after this epoch: 
Memory allocated:  1.94189453125
Memory cached:  4.0
	 epoch  80 training error:  tensor(0.3705, grad_fn=<ToCopyBackward0>)
Memory status after this epoch: 
Memory allocated:  1.94189453125
Memory cached:  4.0
	 epoch  90 training error:  tensor(0.3703, grad_fn=<ToCopyBackward0>)
Memory status after this epoch: 
Memory allocated:  1.94189453125
Memory cached:  4.0
[I 2024-03-11 19:24:40,605] Trial 51 finished with value: 0.3182363510131836 and parameters: {'log_learning_rate': -2.3724934527055317, 'log_learning_rate_D': -3.685865507603495, 'log_learning_rate_D_dagger': -1.3346304660671147, 'training_batch_size': 6, 'training_p': 3}. Best is trial 51 with value: 0.3182363510131836.
res:  tensor(0.3182, grad_fn=<ToCopyBackward0>)
self.bestValue:  tensor(0.3348, grad_fn=<ToCopyBackward0>)
Save this model!
Time for this trial:  451.042462348938
Memory status after this trial: 
Memory allocated:  1.91162109375
Memory cached:  4.0
--------------------  Trial  52   --------------------
Start timing: 
Parameters: 
{'log_learning_rate': -2.17319905853492, 'log_learning_rate_D': -3.824681652334957, 'log_learning_rate_D_dagger': -1.181892136914724, 'training_batch_size': 6, 'training_p': 3}
	 epoch  0 training error:  tensor(26.9689, grad_fn=<ToCopyBackward0>)
Memory status after this epoch: 
Memory allocated:  1.94189453125
Memory cached:  4.0
	 epoch  10 training error:  tensor(0.5739, grad_fn=<ToCopyBackward0>)
Memory status after this epoch: 
Memory allocated:  1.94189453125
Memory cached:  4.0
	 epoch  20 training error:  tensor(0.4546, grad_fn=<ToCopyBackward0>)
Memory status after this epoch: 
Memory allocated:  1.94189453125
Memory cached:  4.0
	 epoch  30 training error:  tensor(0.4232, grad_fn=<ToCopyBackward0>)
Memory status after this epoch: 
Memory allocated:  1.94189453125
Memory cached:  4.0
	 epoch  40 training error:  tensor(0.4367, grad_fn=<ToCopyBackward0>)
Memory status after this epoch: 
Memory allocated:  1.94189453125
Memory cached:  4.0
	 epoch  50 training error:  tensor(0.4276, grad_fn=<ToCopyBackward0>)
Memory status after this epoch: 
Memory allocated:  1.94189453125
Memory cached:  4.0
	 epoch  60 training error:  tensor(0.4118, grad_fn=<ToCopyBackward0>)
Memory status after this epoch: 
Memory allocated:  1.94189453125
Memory cached:  4.0
	 epoch  70 training error:  tensor(0.4001, grad_fn=<ToCopyBackward0>)
Memory status after this epoch: 
Memory allocated:  1.94189453125
Memory cached:  4.0
	 epoch  80 training error:  tensor(0.3898, grad_fn=<ToCopyBackward0>)
Memory status after this epoch: 
Memory allocated:  1.94189453125
Memory cached:  4.0
	 epoch  90 training error:  tensor(0.3881, grad_fn=<ToCopyBackward0>)
Memory status after this epoch: 
Memory allocated:  1.94189453125
Memory cached:  4.0
[I 2024-03-11 19:32:02,671] Trial 52 finished with value: 0.32601800560951233 and parameters: {'log_learning_rate': -2.17319905853492, 'log_learning_rate_D': -3.824681652334957, 'log_learning_rate_D_dagger': -1.181892136914724, 'training_batch_size': 6, 'training_p': 3}. Best is trial 51 with value: 0.3182363510131836.
Time for this trial:  441.81554198265076
Memory status after this trial: 
Memory allocated:  3.4521484375
Memory cached:  4.0
--------------------  Trial  53   --------------------
Start timing: 
Parameters: 
{'log_learning_rate': -1.7569955656447456, 'log_learning_rate_D': -4.058047367082951, 'log_learning_rate_D_dagger': -1.5587232132062607, 'training_batch_size': 7, 'training_p': 2}
	 epoch  0 training error:  tensor(87.6556, grad_fn=<ToCopyBackward0>)
Memory status after this epoch: 
Memory allocated:  1.84228515625
Memory cached:  4.0
	 epoch  10 training error:  tensor(1.8756, grad_fn=<ToCopyBackward0>)
Memory status after this epoch: 
Memory allocated:  1.84228515625
Memory cached:  4.0
	 epoch  20 training error:  tensor(0.8642, grad_fn=<ToCopyBackward0>)
Memory status after this epoch: 
Memory allocated:  1.84228515625
Memory cached:  4.0
	 epoch  30 training error:  tensor(0.5053, grad_fn=<ToCopyBackward0>)
Memory status after this epoch: 
Memory allocated:  1.84228515625
Memory cached:  4.0
	 epoch  40 training error:  tensor(0.3567, grad_fn=<ToCopyBackward0>)
Memory status after this epoch: 
Memory allocated:  1.84228515625
Memory cached:  4.0
	 epoch  50 training error:  tensor(0.4705, grad_fn=<ToCopyBackward0>)
Memory status after this epoch: 
Memory allocated:  1.84228515625
Memory cached:  4.0
	 epoch  60 training error:  tensor(0.3601, grad_fn=<ToCopyBackward0>)
Memory status after this epoch: 
Memory allocated:  1.84228515625
Memory cached:  4.0
	 epoch  70 training error:  tensor(0.3191, grad_fn=<ToCopyBackward0>)
Memory status after this epoch: 
Memory allocated:  1.84228515625
Memory cached:  4.0
	 epoch  80 training error:  tensor(0.3039, grad_fn=<ToCopyBackward0>)
Memory status after this epoch: 
Memory allocated:  1.84228515625
Memory cached:  4.0
	 epoch  90 training error:  tensor(0.2982, grad_fn=<ToCopyBackward0>)
Memory status after this epoch: 
Memory allocated:  1.84228515625
Memory cached:  4.0
[I 2024-03-11 19:36:41,363] Trial 53 finished with value: 0.3570233881473541 and parameters: {'log_learning_rate': -1.7569955656447456, 'log_learning_rate_D': -4.058047367082951, 'log_learning_rate_D_dagger': -1.5587232132062607, 'training_batch_size': 7, 'training_p': 2}. Best is trial 51 with value: 0.3182363510131836.
Time for this trial:  278.4588477611542
Memory status after this trial: 
Memory allocated:  3.3525390625
Memory cached:  4.0
--------------------  Trial  54   --------------------
Start timing: 
Parameters: 
{'log_learning_rate': -2.1168957850789503, 'log_learning_rate_D': -3.8424774490982716, 'log_learning_rate_D_dagger': -1.9005221632051645, 'training_batch_size': 6, 'training_p': 3}
	 epoch  0 training error:  tensor(10.2651, grad_fn=<ToCopyBackward0>)
Memory status after this epoch: 
Memory allocated:  1.94189453125
Memory cached:  4.0
	 epoch  10 training error:  tensor(0.5095, grad_fn=<ToCopyBackward0>)
Memory status after this epoch: 
Memory allocated:  1.94189453125
Memory cached:  4.0
	 epoch  20 training error:  tensor(0.4327, grad_fn=<ToCopyBackward0>)
Memory status after this epoch: 
Memory allocated:  1.94189453125
Memory cached:  4.0
	 epoch  30 training error:  tensor(0.3984, grad_fn=<ToCopyBackward0>)
Memory status after this epoch: 
Memory allocated:  1.94189453125
Memory cached:  4.0
	 epoch  40 training error:  tensor(0.3813, grad_fn=<ToCopyBackward0>)
Memory status after this epoch: 
Memory allocated:  1.94189453125
Memory cached:  4.0
	 epoch  50 training error:  tensor(0.3761, grad_fn=<ToCopyBackward0>)
Memory status after this epoch: 
Memory allocated:  1.94189453125
Memory cached:  4.0
	 epoch  60 training error:  tensor(0.3768, grad_fn=<ToCopyBackward0>)
Memory status after this epoch: 
Memory allocated:  1.94189453125
Memory cached:  4.0
	 epoch  70 training error:  tensor(0.3763, grad_fn=<ToCopyBackward0>)
Memory status after this epoch: 
Memory allocated:  1.94189453125
Memory cached:  4.0
	 epoch  80 training error:  tensor(0.3757, grad_fn=<ToCopyBackward0>)
Memory status after this epoch: 
Memory allocated:  1.94189453125
Memory cached:  4.0
	 epoch  90 training error:  tensor(0.3757, grad_fn=<ToCopyBackward0>)
Memory status after this epoch: 
Memory allocated:  1.94189453125
Memory cached:  4.0
[I 2024-03-11 19:44:12,102] Trial 54 finished with value: 0.33228859305381775 and parameters: {'log_learning_rate': -2.1168957850789503, 'log_learning_rate_D': -3.8424774490982716, 'log_learning_rate_D_dagger': -1.9005221632051645, 'training_batch_size': 6, 'training_p': 3}. Best is trial 51 with value: 0.3182363510131836.
Time for this trial:  450.48983430862427
Memory status after this trial: 
Memory allocated:  3.4521484375
Memory cached:  4.0
--------------------  Trial  55   --------------------
Start timing: 
Parameters: 
{'log_learning_rate': -2.1101592522571986, 'log_learning_rate_D': -3.8286237043785305, 'log_learning_rate_D_dagger': -1.8755164033592968, 'training_batch_size': 8, 'training_p': 3}
	 epoch  0 training error:  tensor(67.4984, grad_fn=<ToCopyBackward0>)
Memory status after this epoch: 
Memory allocated:  1.84228515625
Memory cached:  4.0
	 epoch  10 training error:  tensor(6.6582, grad_fn=<ToCopyBackward0>)
Memory status after this epoch: 
Memory allocated:  1.84228515625
Memory cached:  6.0
	 epoch  20 training error:  tensor(3.1712, grad_fn=<ToCopyBackward0>)
Memory status after this epoch: 
Memory allocated:  1.84228515625
Memory cached:  6.0
	 epoch  30 training error:  tensor(1.7977, grad_fn=<ToCopyBackward0>)
Memory status after this epoch: 
Memory allocated:  1.84228515625
Memory cached:  6.0
	 epoch  40 training error:  tensor(1.1999, grad_fn=<ToCopyBackward0>)
Memory status after this epoch: 
Memory allocated:  1.84228515625
Memory cached:  4.0
	 epoch  50 training error:  tensor(0.8961, grad_fn=<ToCopyBackward0>)
Memory status after this epoch: 
Memory allocated:  1.84228515625
Memory cached:  6.0
	 epoch  60 training error:  tensor(0.6598, grad_fn=<ToCopyBackward0>)
Memory status after this epoch: 
Memory allocated:  1.84228515625
Memory cached:  6.0
	 epoch  70 training error:  tensor(0.4919, grad_fn=<ToCopyBackward0>)
Memory status after this epoch: 
Memory allocated:  1.84228515625
Memory cached:  6.0
	 epoch  80 training error:  tensor(0.4222, grad_fn=<ToCopyBackward0>)
Memory status after this epoch: 
Memory allocated:  1.84228515625
Memory cached:  4.0
	 epoch  90 training error:  tensor(0.4117, grad_fn=<ToCopyBackward0>)
Memory status after this epoch: 
Memory allocated:  1.84228515625
Memory cached:  6.0
[I 2024-03-11 19:47:25,321] Trial 55 finished with value: 0.36791449785232544 and parameters: {'log_learning_rate': -2.1101592522571986, 'log_learning_rate_D': -3.8286237043785305, 'log_learning_rate_D_dagger': -1.8755164033592968, 'training_batch_size': 8, 'training_p': 3}. Best is trial 51 with value: 0.3182363510131836.
Time for this trial:  192.98932600021362
Memory status after this trial: 
Memory allocated:  3.3525390625
Memory cached:  6.0
--------------------  Trial  56   --------------------
Start timing: 
Parameters: 
{'log_learning_rate': -2.0021223620201747, 'log_learning_rate_D': -3.3277149817157654, 'log_learning_rate_D_dagger': -2.0562877687482213, 'training_batch_size': 6, 'training_p': 3}
	 epoch  0 training error:  tensor(67.0406, grad_fn=<ToCopyBackward0>)
Memory status after this epoch: 
Memory allocated:  1.94189453125
Memory cached:  4.0
	 epoch  10 training error:  tensor(3.8987, grad_fn=<ToCopyBackward0>)
Memory status after this epoch: 
Memory allocated:  1.94189453125
Memory cached:  4.0
	 epoch  20 training error:  tensor(2.3582, grad_fn=<ToCopyBackward0>)
Memory status after this epoch: 
Memory allocated:  1.94189453125
Memory cached:  4.0
	 epoch  30 training error:  tensor(1.4869, grad_fn=<ToCopyBackward0>)
Memory status after this epoch: 
Memory allocated:  1.94189453125
Memory cached:  4.0
	 epoch  40 training error:  tensor(0.8178, grad_fn=<ToCopyBackward0>)
Memory status after this epoch: 
Memory allocated:  1.94189453125
Memory cached:  4.0
	 epoch  50 training error:  tensor(0.4332, grad_fn=<ToCopyBackward0>)
Memory status after this epoch: 
Memory allocated:  1.94189453125
Memory cached:  4.0
	 epoch  60 training error:  tensor(0.3821, grad_fn=<ToCopyBackward0>)
Memory status after this epoch: 
Memory allocated:  1.94189453125
Memory cached:  4.0
	 epoch  70 training error:  tensor(0.3774, grad_fn=<ToCopyBackward0>)
Memory status after this epoch: 
Memory allocated:  1.94189453125
Memory cached:  4.0
	 epoch  80 training error:  tensor(0.3744, grad_fn=<ToCopyBackward0>)
Memory status after this epoch: 
Memory allocated:  1.94189453125
Memory cached:  4.0
	 epoch  90 training error:  tensor(0.3726, grad_fn=<ToCopyBackward0>)
Memory status after this epoch: 
Memory allocated:  1.94189453125
Memory cached:  4.0
[I 2024-03-11 19:54:58,386] Trial 56 finished with value: 0.31449568271636963 and parameters: {'log_learning_rate': -2.0021223620201747, 'log_learning_rate_D': -3.3277149817157654, 'log_learning_rate_D_dagger': -2.0562877687482213, 'training_batch_size': 6, 'training_p': 3}. Best is trial 56 with value: 0.31449568271636963.
res:  tensor(0.3145, grad_fn=<ToCopyBackward0>)
self.bestValue:  tensor(0.3182, grad_fn=<ToCopyBackward0>)
Save this model!
Time for this trial:  452.81680822372437
Memory status after this trial: 
Memory allocated:  1.91162109375
Memory cached:  4.0
--------------------  Trial  57   --------------------
Start timing: 
Parameters: 
{'log_learning_rate': -1.8540101968019402, 'log_learning_rate_D': -3.39793686953779, 'log_learning_rate_D_dagger': -2.130067311577202, 'training_batch_size': 11, 'training_p': 2}
	 epoch  0 training error:  tensor(141.5102, grad_fn=<ToCopyBackward0>)
Memory status after this epoch: 
Memory allocated:  1.93994140625
Memory cached:  8.0
	 epoch  10 training error:  tensor(105.6805, grad_fn=<ToCopyBackward0>)
Memory status after this epoch: 
Memory allocated:  1.93994140625
Memory cached:  8.0
	 epoch  20 training error:  tensor(75.7014, grad_fn=<ToCopyBackward0>)
Memory status after this epoch: 
Memory allocated:  1.93994140625
Memory cached:  6.0
	 epoch  30 training error:  tensor(51.7602, grad_fn=<ToCopyBackward0>)
Memory status after this epoch: 
Memory allocated:  1.93994140625
Memory cached:  8.0
	 epoch  40 training error:  tensor(33.4961, grad_fn=<ToCopyBackward0>)
Memory status after this epoch: 
Memory allocated:  1.93994140625
Memory cached:  8.0
	 epoch  50 training error:  tensor(20.1312, grad_fn=<ToCopyBackward0>)
Memory status after this epoch: 
Memory allocated:  1.93994140625
Memory cached:  8.0
	 epoch  60 training error:  tensor(10.8588, grad_fn=<ToCopyBackward0>)
Memory status after this epoch: 
Memory allocated:  1.93994140625
Memory cached:  6.0
	 epoch  70 training error:  tensor(4.3345, grad_fn=<ToCopyBackward0>)
Memory status after this epoch: 
Memory allocated:  1.93994140625
Memory cached:  8.0
	 epoch  80 training error:  tensor(1.4433, grad_fn=<ToCopyBackward0>)
Memory status after this epoch: 
Memory allocated:  1.93994140625
Memory cached:  8.0
	 epoch  90 training error:  tensor(1.2932, grad_fn=<ToCopyBackward0>)
Memory status after this epoch: 
Memory allocated:  1.93994140625
Memory cached:  8.0
[I 2024-03-11 19:56:44,984] Trial 57 finished with value: 0.8579934239387512 and parameters: {'log_learning_rate': -1.8540101968019402, 'log_learning_rate_D': -3.39793686953779, 'log_learning_rate_D_dagger': -2.130067311577202, 'training_batch_size': 11, 'training_p': 2}. Best is trial 56 with value: 0.31449568271636963.
Time for this trial:  106.39912438392639
Memory status after this trial: 
Memory allocated:  3.3525390625
Memory cached:  8.0
--------------------  Trial  58   --------------------
Start timing: 
Parameters: 
{'log_learning_rate': -2.171183814882855, 'log_learning_rate_D': -3.7393732708942755, 'log_learning_rate_D_dagger': -2.4794985414589137, 'training_batch_size': 7, 'training_p': 3}
	 epoch  0 training error:  tensor(374.4917, grad_fn=<ToCopyBackward0>)
Memory status after this epoch: 
Memory allocated:  1.84228515625
Memory cached:  4.0
	 epoch  10 training error:  tensor(291.6989, grad_fn=<ToCopyBackward0>)
Memory status after this epoch: 
Memory allocated:  1.84228515625
Memory cached:  4.0
	 epoch  20 training error:  tensor(222.9344, grad_fn=<ToCopyBackward0>)
Memory status after this epoch: 
Memory allocated:  1.84228515625
Memory cached:  4.0
	 epoch  30 training error:  tensor(167.1800, grad_fn=<ToCopyBackward0>)
Memory status after this epoch: 
Memory allocated:  1.84228515625
Memory cached:  4.0
	 epoch  40 training error:  tensor(123.3974, grad_fn=<ToCopyBackward0>)
Memory status after this epoch: 
Memory allocated:  1.84228515625
Memory cached:  4.0
	 epoch  50 training error:  tensor(89.2353, grad_fn=<ToCopyBackward0>)
Memory status after this epoch: 
Memory allocated:  1.84228515625
Memory cached:  4.0
	 epoch  60 training error:  tensor(63.4093, grad_fn=<ToCopyBackward0>)
Memory status after this epoch: 
Memory allocated:  1.84228515625
Memory cached:  4.0
	 epoch  70 training error:  tensor(44.1707, grad_fn=<ToCopyBackward0>)
Memory status after this epoch: 
Memory allocated:  1.84228515625
Memory cached:  4.0
	 epoch  80 training error:  tensor(29.8653, grad_fn=<ToCopyBackward0>)
Memory status after this epoch: 
Memory allocated:  1.84228515625
Memory cached:  4.0
	 epoch  90 training error:  tensor(19.6622, grad_fn=<ToCopyBackward0>)
Memory status after this epoch: 
Memory allocated:  1.84228515625
Memory cached:  4.0
[I 2024-03-11 20:01:24,791] Trial 58 finished with value: 8.657221794128418 and parameters: {'log_learning_rate': -2.171183814882855, 'log_learning_rate_D': -3.7393732708942755, 'log_learning_rate_D_dagger': -2.4794985414589137, 'training_batch_size': 7, 'training_p': 3}. Best is trial 56 with value: 0.31449568271636963.
Time for this trial:  279.5704753398895
Memory status after this trial: 
Memory allocated:  3.3525390625
Memory cached:  4.0
--------------------  Trial  59   --------------------
Start timing: 
Parameters: 
{'log_learning_rate': -1.998728449105906, 'log_learning_rate_D': -3.224500470395161, 'log_learning_rate_D_dagger': -1.7252513719089744, 'training_batch_size': 6, 'training_p': 3}
	 epoch  0 training error:  tensor(405.0505, grad_fn=<ToCopyBackward0>)
Memory status after this epoch: 
Memory allocated:  1.94189453125
Memory cached:  4.0
	 epoch  10 training error:  tensor(3.4784, grad_fn=<ToCopyBackward0>)
Memory status after this epoch: 
Memory allocated:  1.94189453125
Memory cached:  4.0
	 epoch  20 training error:  tensor(1.2125, grad_fn=<ToCopyBackward0>)
Memory status after this epoch: 
Memory allocated:  1.94189453125
Memory cached:  4.0
	 epoch  30 training error:  tensor(0.8824, grad_fn=<ToCopyBackward0>)
Memory status after this epoch: 
Memory allocated:  1.94189453125
Memory cached:  4.0
	 epoch  40 training error:  tensor(0.6862, grad_fn=<ToCopyBackward0>)
Memory status after this epoch: 
Memory allocated:  1.94189453125
Memory cached:  4.0
	 epoch  50 training error:  tensor(0.5689, grad_fn=<ToCopyBackward0>)
Memory status after this epoch: 
Memory allocated:  1.94189453125
Memory cached:  4.0
	 epoch  60 training error:  tensor(0.5069, grad_fn=<ToCopyBackward0>)
Memory status after this epoch: 
Memory allocated:  1.94189453125
Memory cached:  4.0
	 epoch  70 training error:  tensor(0.4773, grad_fn=<ToCopyBackward0>)
Memory status after this epoch: 
Memory allocated:  1.94189453125
Memory cached:  4.0
	 epoch  80 training error:  tensor(0.4607, grad_fn=<ToCopyBackward0>)
Memory status after this epoch: 
Memory allocated:  1.94189453125
Memory cached:  4.0
	 epoch  90 training error:  tensor(0.4502, grad_fn=<ToCopyBackward0>)
Memory status after this epoch: 
Memory allocated:  1.94189453125
Memory cached:  4.0
