[I 2024-02-18 10:50:39,526] Trial 169 finished with value: 0.08348961174488068 and parameters: {'W_layers': 3, 'W_layer_units_exponent_0': 4, 'W_layer_units_exponent_1': 8, 'W_layer_units_exponent_2': 6, 'D_layers': 8, 'D_layer_units_exponent_0': 8, 'D_layer_units_exponent_1': 7, 'D_layer_units_exponent_2': 7, 'D_layer_units_exponent_3': 8, 'D_layer_units_exponent_4': 5, 'D_layer_units_exponent_5': 8, 'D_layer_units_exponent_6': 7, 'D_layer_units_exponent_7': 9, 'D_dagger_layers': 5, 'D_dagger_layer_units_exponent_0': 7, 'D_dagger_layer_units_exponent_1': 4, 'D_dagger_layer_units_exponent_2': 7, 'D_dagger_layer_units_exponent_3': 8, 'D_dagger_layer_units_exponent_4': 6, 'log_learning_rate': -1.8118682205242238, 'log_learning_rate_D': -1.895265424530217, 'log_learning_rate_D_dagger': -2.668138933801167, 'training_batch_size': 9, 'training_p': 2}. Best is trial 151 with value: 0.0829155370593071.
Time for this trial:  19.264552354812622
Memory status after this trial: 
Memory allocated:  393.10986328125
Memory cached:  416.0
--------------------  Trial  170   --------------------
Start timing: 
Parameters: 
{'W_layers': 4, 'W_layer_units_exponent_0': 4, 'W_layer_units_exponent_1': 9, 'W_layer_units_exponent_2': 6, 'W_layer_units_exponent_3': 6, 'D_layers': 8, 'D_layer_units_exponent_0': 9, 'D_layer_units_exponent_1': 10, 'D_layer_units_exponent_2': 7, 'D_layer_units_exponent_3': 8, 'D_layer_units_exponent_4': 8, 'D_layer_units_exponent_5': 6, 'D_layer_units_exponent_6': 10, 'D_layer_units_exponent_7': 5, 'D_dagger_layers': 5, 'D_dagger_layer_units_exponent_0': 4, 'D_dagger_layer_units_exponent_1': 4, 'D_dagger_layer_units_exponent_2': 6, 'D_dagger_layer_units_exponent_3': 6, 'D_dagger_layer_units_exponent_4': 4, 'log_learning_rate': -2.0038408879354286, 'log_learning_rate_D': -2.2644559315014163, 'log_learning_rate_D_dagger': -3.144803413764335, 'training_batch_size': 9, 'training_p': 2}
	 epoch  0 training error:  tensor(0.9342, device='cuda:0', grad_fn=<DivBackward0>)
Memory status after this epoch: 
Memory allocated:  200.47998046875
Memory cached:  360.0
	 epoch  10 training error:  tensor(0.7182, device='cuda:0', grad_fn=<DivBackward0>)
Memory status after this epoch: 
Memory allocated:  200.47998046875
Memory cached:  360.0
	 epoch  20 training error:  tensor(0.5306, device='cuda:0', grad_fn=<DivBackward0>)
Memory status after this epoch: 
Memory allocated:  200.47998046875
Memory cached:  360.0
	 epoch  30 training error:  tensor(0.3020, device='cuda:0', grad_fn=<DivBackward0>)
Memory status after this epoch: 
Memory allocated:  200.47998046875
Memory cached:  360.0
	 epoch  40 training error:  tensor(0.1953, device='cuda:0', grad_fn=<DivBackward0>)
Memory status after this epoch: 
Memory allocated:  200.47998046875
Memory cached:  360.0
	 epoch  50 training error:  tensor(0.1583, device='cuda:0', grad_fn=<DivBackward0>)
Memory status after this epoch: 
Memory allocated:  200.47998046875
Memory cached:  360.0
	 epoch  60 training error:  tensor(0.1483, device='cuda:0', grad_fn=<DivBackward0>)
Memory status after this epoch: 
Memory allocated:  200.47998046875
Memory cached:  360.0
	 epoch  70 training error:  tensor(0.1405, device='cuda:0', grad_fn=<DivBackward0>)
Memory status after this epoch: 
Memory allocated:  200.47998046875
Memory cached:  360.0
	 epoch  80 training error:  tensor(0.1328, device='cuda:0', grad_fn=<DivBackward0>)
Memory status after this epoch: 
Memory allocated:  200.47998046875
Memory cached:  360.0
	 epoch  90 training error:  tensor(0.1255, device='cuda:0', grad_fn=<DivBackward0>)
Memory status after this epoch: 
Memory allocated:  200.47998046875
Memory cached:  360.0
[I 2024-02-18 10:50:58,607] Trial 170 finished with value: 0.11448043584823608 and parameters: {'W_layers': 4, 'W_layer_units_exponent_0': 4, 'W_layer_units_exponent_1': 9, 'W_layer_units_exponent_2': 6, 'W_layer_units_exponent_3': 6, 'D_layers': 8, 'D_layer_units_exponent_0': 9, 'D_layer_units_exponent_1': 10, 'D_layer_units_exponent_2': 7, 'D_layer_units_exponent_3': 8, 'D_layer_units_exponent_4': 8, 'D_layer_units_exponent_5': 6, 'D_layer_units_exponent_6': 10, 'D_layer_units_exponent_7': 5, 'D_dagger_layers': 5, 'D_dagger_layer_units_exponent_0': 4, 'D_dagger_layer_units_exponent_1': 4, 'D_dagger_layer_units_exponent_2': 6, 'D_dagger_layer_units_exponent_3': 6, 'D_dagger_layer_units_exponent_4': 4, 'log_learning_rate': -2.0038408879354286, 'log_learning_rate_D': -2.2644559315014163, 'log_learning_rate_D_dagger': -3.144803413764335, 'training_batch_size': 9, 'training_p': 2}. Best is trial 151 with value: 0.0829155370593071.
Time for this trial:  18.632818937301636
Memory status after this trial: 
Memory allocated:  373.14892578125
Memory cached:  410.0
--------------------  Trial  171   --------------------
Start timing: 
Parameters: 
{'W_layers': 3, 'W_layer_units_exponent_0': 4, 'W_layer_units_exponent_1': 9, 'W_layer_units_exponent_2': 6, 'D_layers': 7, 'D_layer_units_exponent_0': 8, 'D_layer_units_exponent_1': 10, 'D_layer_units_exponent_2': 8, 'D_layer_units_exponent_3': 5, 'D_layer_units_exponent_4': 9, 'D_layer_units_exponent_5': 7, 'D_layer_units_exponent_6': 8, 'D_dagger_layers': 4, 'D_dagger_layer_units_exponent_0': 7, 'D_dagger_layer_units_exponent_1': 4, 'D_dagger_layer_units_exponent_2': 7, 'D_dagger_layer_units_exponent_3': 8, 'log_learning_rate': -3.053095083073237, 'log_learning_rate_D': -2.562100929814689, 'log_learning_rate_D_dagger': -2.5799842102355894, 'training_batch_size': 9, 'training_p': 2}
	 epoch  0 training error:  tensor(1.0816, device='cuda:0', grad_fn=<DivBackward0>)
Memory status after this epoch: 
Memory allocated:  199.61376953125
Memory cached:  360.0
	 epoch  10 training error:  tensor(0.2416, device='cuda:0', grad_fn=<DivBackward0>)
Memory status after this epoch: 
Memory allocated:  199.61376953125
Memory cached:  360.0
	 epoch  20 training error:  tensor(0.1651, device='cuda:0', grad_fn=<DivBackward0>)
Memory status after this epoch: 
Memory allocated:  199.61376953125
Memory cached:  360.0
	 epoch  30 training error:  tensor(0.1236, device='cuda:0', grad_fn=<DivBackward0>)
Memory status after this epoch: 
Memory allocated:  199.61376953125
Memory cached:  360.0
	 epoch  40 training error:  tensor(0.0924, device='cuda:0', grad_fn=<DivBackward0>)
Memory status after this epoch: 
Memory allocated:  199.61376953125
Memory cached:  360.0
	 epoch  50 training error:  tensor(0.0877, device='cuda:0', grad_fn=<DivBackward0>)
Memory status after this epoch: 
Memory allocated:  199.61376953125
Memory cached:  360.0
	 epoch  60 training error:  tensor(0.0919, device='cuda:0', grad_fn=<DivBackward0>)
Memory status after this epoch: 
Memory allocated:  199.61376953125
Memory cached:  360.0
	 epoch  70 training error:  tensor(0.0992, device='cuda:0', grad_fn=<DivBackward0>)
Memory status after this epoch: 
Memory allocated:  199.61376953125
Memory cached:  360.0
	 epoch  80 training error:  tensor(0.0846, device='cuda:0', grad_fn=<DivBackward0>)
Memory status after this epoch: 
Memory allocated:  199.61376953125
Memory cached:  360.0
	 epoch  90 training error:  tensor(0.1060, device='cuda:0', grad_fn=<DivBackward0>)
Memory status after this epoch: 
Memory allocated:  199.61376953125
Memory cached:  360.0
[I 2024-02-18 10:51:18,895] Trial 171 finished with value: 0.10252437740564346 and parameters: {'W_layers': 3, 'W_layer_units_exponent_0': 4, 'W_layer_units_exponent_1': 9, 'W_layer_units_exponent_2': 6, 'D_layers': 7, 'D_layer_units_exponent_0': 8, 'D_layer_units_exponent_1': 10, 'D_layer_units_exponent_2': 8, 'D_layer_units_exponent_3': 5, 'D_layer_units_exponent_4': 9, 'D_layer_units_exponent_5': 7, 'D_layer_units_exponent_6': 8, 'D_dagger_layers': 4, 'D_dagger_layer_units_exponent_0': 7, 'D_dagger_layer_units_exponent_1': 4, 'D_dagger_layer_units_exponent_2': 7, 'D_dagger_layer_units_exponent_3': 8, 'log_learning_rate': -3.053095083073237, 'log_learning_rate_D': -2.562100929814689, 'log_learning_rate_D_dagger': -2.5799842102355894, 'training_batch_size': 9, 'training_p': 2}. Best is trial 151 with value: 0.0829155370593071.
Time for this trial:  19.912587642669678
Memory status after this trial: 
Memory allocated:  429.04931640625
Memory cached:  468.0
--------------------  Trial  172   --------------------
Start timing: 
Parameters: 
{'W_layers': 3, 'W_layer_units_exponent_0': 4, 'W_layer_units_exponent_1': 8, 'W_layer_units_exponent_2': 6, 'D_layers': 6, 'D_layer_units_exponent_0': 8, 'D_layer_units_exponent_1': 10, 'D_layer_units_exponent_2': 8, 'D_layer_units_exponent_3': 5, 'D_layer_units_exponent_4': 7, 'D_layer_units_exponent_5': 7, 'D_dagger_layers': 5, 'D_dagger_layer_units_exponent_0': 7, 'D_dagger_layer_units_exponent_1': 4, 'D_dagger_layer_units_exponent_2': 8, 'D_dagger_layer_units_exponent_3': 8, 'D_dagger_layer_units_exponent_4': 5, 'log_learning_rate': -2.1140806682610203, 'log_learning_rate_D': -2.4257784985172606, 'log_learning_rate_D_dagger': -2.45117485439531, 'training_batch_size': 9, 'training_p': 2}
	 epoch  0 training error:  tensor(0.8283, device='cuda:0', grad_fn=<DivBackward0>)
Memory status after this epoch: 
Memory allocated:  199.59326171875
Memory cached:  360.0
	 epoch  10 training error:  tensor(0.3005, device='cuda:0', grad_fn=<DivBackward0>)
Memory status after this epoch: 
Memory allocated:  199.59326171875
Memory cached:  360.0
	 epoch  20 training error:  tensor(0.1524, device='cuda:0', grad_fn=<DivBackward0>)
Memory status after this epoch: 
Memory allocated:  199.59326171875
Memory cached:  360.0
	 epoch  30 training error:  tensor(0.1339, device='cuda:0', grad_fn=<DivBackward0>)
Memory status after this epoch: 
Memory allocated:  199.59326171875
Memory cached:  360.0
	 epoch  40 training error:  tensor(0.1272, device='cuda:0', grad_fn=<DivBackward0>)
Memory status after this epoch: 
Memory allocated:  199.59326171875
Memory cached:  360.0
	 epoch  50 training error:  tensor(0.1005, device='cuda:0', grad_fn=<DivBackward0>)
Memory status after this epoch: 
Memory allocated:  199.59326171875
Memory cached:  360.0
	 epoch  60 training error:  tensor(0.0878, device='cuda:0', grad_fn=<DivBackward0>)
Memory status after this epoch: 
Memory allocated:  199.59326171875
Memory cached:  360.0
	 epoch  70 training error:  tensor(0.0856, device='cuda:0', grad_fn=<DivBackward0>)
Memory status after this epoch: 
Memory allocated:  199.59326171875
Memory cached:  360.0
	 epoch  80 training error:  tensor(0.0826, device='cuda:0', grad_fn=<DivBackward0>)
Memory status after this epoch: 
Memory allocated:  199.59326171875
Memory cached:  360.0
	 epoch  90 training error:  tensor(0.0828, device='cuda:0', grad_fn=<DivBackward0>)
Memory status after this epoch: 
Memory allocated:  199.59326171875
Memory cached:  360.0
[I 2024-02-18 10:51:38,915] Trial 172 finished with value: 0.08334147930145264 and parameters: {'W_layers': 3, 'W_layer_units_exponent_0': 4, 'W_layer_units_exponent_1': 8, 'W_layer_units_exponent_2': 6, 'D_layers': 6, 'D_layer_units_exponent_0': 8, 'D_layer_units_exponent_1': 10, 'D_layer_units_exponent_2': 8, 'D_layer_units_exponent_3': 5, 'D_layer_units_exponent_4': 7, 'D_layer_units_exponent_5': 7, 'D_dagger_layers': 5, 'D_dagger_layer_units_exponent_0': 7, 'D_dagger_layer_units_exponent_1': 4, 'D_dagger_layer_units_exponent_2': 8, 'D_dagger_layer_units_exponent_3': 8, 'D_dagger_layer_units_exponent_4': 5, 'log_learning_rate': -2.1140806682610203, 'log_learning_rate_D': -2.4257784985172606, 'log_learning_rate_D_dagger': -2.45117485439531, 'training_batch_size': 9, 'training_p': 2}. Best is trial 151 with value: 0.0829155370593071.
Time for this trial:  19.64155101776123
Memory status after this trial: 
Memory allocated:  415.17333984375
Memory cached:  434.0
--------------------  Trial  173   --------------------
Start timing: 
Parameters: 
{'W_layers': 3, 'W_layer_units_exponent_0': 4, 'W_layer_units_exponent_1': 8, 'W_layer_units_exponent_2': 6, 'D_layers': 8, 'D_layer_units_exponent_0': 8, 'D_layer_units_exponent_1': 10, 'D_layer_units_exponent_2': 8, 'D_layer_units_exponent_3': 8, 'D_layer_units_exponent_4': 7, 'D_layer_units_exponent_5': 7, 'D_layer_units_exponent_6': 9, 'D_layer_units_exponent_7': 9, 'D_dagger_layers': 5, 'D_dagger_layer_units_exponent_0': 9, 'D_dagger_layer_units_exponent_1': 10, 'D_dagger_layer_units_exponent_2': 8, 'D_dagger_layer_units_exponent_3': 8, 'D_dagger_layer_units_exponent_4': 5, 'log_learning_rate': -2.050736299192, 'log_learning_rate_D': -2.4306249737682464, 'log_learning_rate_D_dagger': -2.3608025606773144, 'training_batch_size': 9, 'training_p': 2}
	 epoch  0 training error:  tensor(0.9324, device='cuda:0', grad_fn=<DivBackward0>)
Memory status after this epoch: 
Memory allocated:  213.53076171875
Memory cached:  360.0
	 epoch  10 training error:  tensor(0.5272, device='cuda:0', grad_fn=<DivBackward0>)
Memory status after this epoch: 
Memory allocated:  213.53076171875
Memory cached:  360.0
	 epoch  20 training error:  tensor(0.2440, device='cuda:0', grad_fn=<DivBackward0>)
Memory status after this epoch: 
Memory allocated:  213.53076171875
Memory cached:  360.0
	 epoch  30 training error:  tensor(0.1839, device='cuda:0', grad_fn=<DivBackward0>)
Memory status after this epoch: 
Memory allocated:  213.53076171875
Memory cached:  360.0
	 epoch  40 training error:  tensor(0.1297, device='cuda:0', grad_fn=<DivBackward0>)
Memory status after this epoch: 
Memory allocated:  213.53076171875
Memory cached:  360.0
	 epoch  50 training error:  tensor(0.1339, device='cuda:0', grad_fn=<DivBackward0>)
Memory status after this epoch: 
Memory allocated:  213.53076171875
Memory cached:  360.0
	 epoch  60 training error:  tensor(0.0976, device='cuda:0', grad_fn=<DivBackward0>)
Memory status after this epoch: 
Memory allocated:  213.53076171875
Memory cached:  360.0
	 epoch  70 training error:  tensor(0.1498, device='cuda:0', grad_fn=<DivBackward0>)
Memory status after this epoch: 
Memory allocated:  213.53076171875
Memory cached:  360.0
	 epoch  80 training error:  tensor(0.1068, device='cuda:0', grad_fn=<DivBackward0>)
Memory status after this epoch: 
Memory allocated:  213.53076171875
Memory cached:  360.0
	 epoch  90 training error:  tensor(0.1383, device='cuda:0', grad_fn=<DivBackward0>)
Memory status after this epoch: 
Memory allocated:  213.53076171875
Memory cached:  360.0
[I 2024-02-18 10:52:01,489] Trial 173 finished with value: 0.11290834099054337 and parameters: {'W_layers': 3, 'W_layer_units_exponent_0': 4, 'W_layer_units_exponent_1': 8, 'W_layer_units_exponent_2': 6, 'D_layers': 8, 'D_layer_units_exponent_0': 8, 'D_layer_units_exponent_1': 10, 'D_layer_units_exponent_2': 8, 'D_layer_units_exponent_3': 8, 'D_layer_units_exponent_4': 7, 'D_layer_units_exponent_5': 7, 'D_layer_units_exponent_6': 9, 'D_layer_units_exponent_7': 9, 'D_dagger_layers': 5, 'D_dagger_layer_units_exponent_0': 9, 'D_dagger_layer_units_exponent_1': 10, 'D_dagger_layer_units_exponent_2': 8, 'D_dagger_layer_units_exponent_3': 8, 'D_dagger_layer_units_exponent_4': 5, 'log_learning_rate': -2.050736299192, 'log_learning_rate_D': -2.4306249737682464, 'log_learning_rate_D_dagger': -2.3608025606773144, 'training_batch_size': 9, 'training_p': 2}. Best is trial 151 with value: 0.0829155370593071.
Time for this trial:  22.15894651412964
Memory status after this trial: 
Memory allocated:  723.89306640625
Memory cached:  792.0
--------------------  Trial  174   --------------------
Start timing: 
Parameters: 
{'W_layers': 3, 'W_layer_units_exponent_0': 4, 'W_layer_units_exponent_1': 8, 'W_layer_units_exponent_2': 6, 'D_layers': 7, 'D_layer_units_exponent_0': 8, 'D_layer_units_exponent_1': 10, 'D_layer_units_exponent_2': 8, 'D_layer_units_exponent_3': 10, 'D_layer_units_exponent_4': 7, 'D_layer_units_exponent_5': 7, 'D_layer_units_exponent_6': 10, 'D_dagger_layers': 5, 'D_dagger_layer_units_exponent_0': 7, 'D_dagger_layer_units_exponent_1': 4, 'D_dagger_layer_units_exponent_2': 8, 'D_dagger_layer_units_exponent_3': 8, 'D_dagger_layer_units_exponent_4': 5, 'log_learning_rate': -2.1340738148413254, 'log_learning_rate_D': -2.3270174149625538, 'log_learning_rate_D_dagger': -2.4621165231701876, 'training_batch_size': 10, 'training_p': 2}
	 epoch  0 training error:  tensor(1.1414, device='cuda:0', grad_fn=<DivBackward0>)
Memory status after this epoch: 
Memory allocated:  201.55712890625
Memory cached:  360.0
	 epoch  10 training error:  tensor(0.3799, device='cuda:0', grad_fn=<DivBackward0>)
Memory status after this epoch: 
Memory allocated:  201.55712890625
Memory cached:  360.0
	 epoch  20 training error:  tensor(0.2127, device='cuda:0', grad_fn=<DivBackward0>)
Memory status after this epoch: 
Memory allocated:  201.55712890625
Memory cached:  360.0
	 epoch  30 training error:  tensor(0.1357, device='cuda:0', grad_fn=<DivBackward0>)
Memory status after this epoch: 
Memory allocated:  201.55712890625
Memory cached:  360.0
	 epoch  40 training error:  tensor(0.1145, device='cuda:0', grad_fn=<DivBackward0>)
Memory status after this epoch: 
Memory allocated:  201.55712890625
Memory cached:  360.0
	 epoch  50 training error:  tensor(0.0955, device='cuda:0', grad_fn=<DivBackward0>)
Memory status after this epoch: 
Memory allocated:  201.55712890625
Memory cached:  360.0
	 epoch  60 training error:  tensor(0.0887, device='cuda:0', grad_fn=<DivBackward0>)
Memory status after this epoch: 
Memory allocated:  201.55712890625
Memory cached:  360.0
	 epoch  70 training error:  tensor(0.0880, device='cuda:0', grad_fn=<DivBackward0>)
Memory status after this epoch: 
Memory allocated:  201.55712890625
Memory cached:  360.0
	 epoch  80 training error:  tensor(0.0892, device='cuda:0', grad_fn=<DivBackward0>)
Memory status after this epoch: 
Memory allocated:  201.55712890625
Memory cached:  360.0
	 epoch  90 training error:  tensor(0.0866, device='cuda:0', grad_fn=<DivBackward0>)
Memory status after this epoch: 
Memory allocated:  201.55712890625
Memory cached:  360.0
[I 2024-02-18 10:52:21,723] Trial 174 finished with value: 0.08700051158666611 and parameters: {'W_layers': 3, 'W_layer_units_exponent_0': 4, 'W_layer_units_exponent_1': 8, 'W_layer_units_exponent_2': 6, 'D_layers': 7, 'D_layer_units_exponent_0': 8, 'D_layer_units_exponent_1': 10, 'D_layer_units_exponent_2': 8, 'D_layer_units_exponent_3': 10, 'D_layer_units_exponent_4': 7, 'D_layer_units_exponent_5': 7, 'D_layer_units_exponent_6': 10, 'D_dagger_layers': 5, 'D_dagger_layer_units_exponent_0': 7, 'D_dagger_layer_units_exponent_1': 4, 'D_dagger_layer_units_exponent_2': 8, 'D_dagger_layer_units_exponent_3': 8, 'D_dagger_layer_units_exponent_4': 5, 'log_learning_rate': -2.1340738148413254, 'log_learning_rate_D': -2.3270174149625538, 'log_learning_rate_D_dagger': -2.4621165231701876, 'training_batch_size': 10, 'training_p': 2}. Best is trial 151 with value: 0.0829155370593071.
Time for this trial:  19.8046715259552
Memory status after this trial: 
Memory allocated:  415.17333984375
Memory cached:  436.0
--------------------  Trial  175   --------------------
Start timing: 
Parameters: 
{'W_layers': 3, 'W_layer_units_exponent_0': 4, 'W_layer_units_exponent_1': 8, 'W_layer_units_exponent_2': 10, 'D_layers': 6, 'D_layer_units_exponent_0': 8, 'D_layer_units_exponent_1': 10, 'D_layer_units_exponent_2': 8, 'D_layer_units_exponent_3': 5, 'D_layer_units_exponent_4': 7, 'D_layer_units_exponent_5': 7, 'D_dagger_layers': 5, 'D_dagger_layer_units_exponent_0': 4, 'D_dagger_layer_units_exponent_1': 4, 'D_dagger_layer_units_exponent_2': 8, 'D_dagger_layer_units_exponent_3': 5, 'D_dagger_layer_units_exponent_4': 5, 'log_learning_rate': -1.956599743427354, 'log_learning_rate_D': -2.037210361699133, 'log_learning_rate_D_dagger': -2.210862298456386, 'training_batch_size': 9, 'training_p': 2}
	 epoch  0 training error:  tensor(1.1299, device='cuda:0', grad_fn=<DivBackward0>)
Memory status after this epoch: 
Memory allocated:  202.35693359375
Memory cached:  360.0
	 epoch  10 training error:  tensor(2.0019, device='cuda:0', grad_fn=<DivBackward0>)
Memory status after this epoch: 
Memory allocated:  202.35693359375
Memory cached:  360.0
	 epoch  20 training error:  tensor(0.4988, device='cuda:0', grad_fn=<DivBackward0>)
Memory status after this epoch: 
Memory allocated:  202.35693359375
Memory cached:  360.0
	 epoch  30 training error:  tensor(0.1594, device='cuda:0', grad_fn=<DivBackward0>)
Memory status after this epoch: 
Memory allocated:  202.35693359375
Memory cached:  360.0
	 epoch  40 training error:  tensor(0.1421, device='cuda:0', grad_fn=<DivBackward0>)
Memory status after this epoch: 
Memory allocated:  202.35693359375
Memory cached:  360.0
	 epoch  50 training error:  tensor(0.1135, device='cuda:0', grad_fn=<DivBackward0>)
Memory status after this epoch: 
Memory allocated:  202.35693359375
Memory cached:  360.0
	 epoch  60 training error:  tensor(0.0874, device='cuda:0', grad_fn=<DivBackward0>)
Memory status after this epoch: 
Memory allocated:  202.35693359375
Memory cached:  360.0
	 epoch  70 training error:  tensor(0.0934, device='cuda:0', grad_fn=<DivBackward0>)
Memory status after this epoch: 
Memory allocated:  202.35693359375
Memory cached:  360.0
	 epoch  80 training error:  tensor(0.0909, device='cuda:0', grad_fn=<DivBackward0>)
Memory status after this epoch: 
Memory allocated:  202.35693359375
Memory cached:  360.0
	 epoch  90 training error:  tensor(0.0901, device='cuda:0', grad_fn=<DivBackward0>)
Memory status after this epoch: 
Memory allocated:  202.35693359375
Memory cached:  360.0
