[I 2024-01-25 11:40:22,420] Trial 358 finished with value: 0.160941019654274 and parameters: {'W_layers': 8, 'W_layer_units_exponent_0': 4, 'W_layer_units_exponent_1': 4, 'W_layer_units_exponent_2': 6, 'W_layer_units_exponent_3': 6, 'W_layer_units_exponent_4': 9, 'W_layer_units_exponent_5': 4, 'W_layer_units_exponent_6': 10, 'W_layer_units_exponent_7': 6, 'D_layers': 7, 'D_layer_units_exponent_0': 8, 'D_layer_units_exponent_1': 6, 'D_layer_units_exponent_2': 4, 'D_layer_units_exponent_3': 9, 'D_layer_units_exponent_4': 10, 'D_layer_units_exponent_5': 8, 'D_layer_units_exponent_6': 9, 'D_dagger_layers': 8, 'D_dagger_layer_units_exponent_0': 8, 'D_dagger_layer_units_exponent_1': 10, 'D_dagger_layer_units_exponent_2': 5, 'D_dagger_layer_units_exponent_3': 9, 'D_dagger_layer_units_exponent_4': 10, 'D_dagger_layer_units_exponent_5': 9, 'D_dagger_layer_units_exponent_6': 4, 'D_dagger_layer_units_exponent_7': 5, 'log_learning_rate': -3.3189256900550017, 'log_learning_rate_D': -3.727697711561327, 'log_learning_rate_D_dagger': -3.9159752595693798, 'training_batch_size': 6, 'training_p': 5}. Best is trial 332 with value: 0.05854595825076103.
Time for this trial:  723.114926815033
Memory status after this trial: 
Memory allocated:  1564.517578125
Memory cached:  1592.0
--------------------  Trial  359   --------------------
Start timing: 
Parameters: 
{'W_layers': 8, 'W_layer_units_exponent_0': 4, 'W_layer_units_exponent_1': 4, 'W_layer_units_exponent_2': 6, 'W_layer_units_exponent_3': 6, 'W_layer_units_exponent_4': 9, 'W_layer_units_exponent_5': 4, 'W_layer_units_exponent_6': 10, 'W_layer_units_exponent_7': 7, 'D_layers': 7, 'D_layer_units_exponent_0': 8, 'D_layer_units_exponent_1': 7, 'D_layer_units_exponent_2': 4, 'D_layer_units_exponent_3': 9, 'D_layer_units_exponent_4': 10, 'D_layer_units_exponent_5': 7, 'D_layer_units_exponent_6': 9, 'D_dagger_layers': 8, 'D_dagger_layer_units_exponent_0': 8, 'D_dagger_layer_units_exponent_1': 10, 'D_dagger_layer_units_exponent_2': 5, 'D_dagger_layer_units_exponent_3': 9, 'D_dagger_layer_units_exponent_4': 10, 'D_dagger_layer_units_exponent_5': 9, 'D_dagger_layer_units_exponent_6': 4, 'D_dagger_layer_units_exponent_7': 5, 'log_learning_rate': -3.9362213567090825, 'log_learning_rate_D': -3.6761923416708564, 'log_learning_rate_D_dagger': -3.8501154639349036, 'training_batch_size': 7, 'training_p': 5}
	 epoch  0 training error:  tensor(0.9887, device='cuda:0', grad_fn=<DivBackward0>)
Memory status after this epoch: 
Memory allocated:  757.41064453125
Memory cached:  1280.0
	 epoch  10 training error:  tensor(0.4294, device='cuda:0', grad_fn=<DivBackward0>)
Memory status after this epoch: 
Memory allocated:  757.41064453125
Memory cached:  1314.0
	 epoch  20 training error:  tensor(0.3615, device='cuda:0', grad_fn=<DivBackward0>)
Memory status after this epoch: 
Memory allocated:  757.41064453125
Memory cached:  1314.0
	 epoch  30 training error:  tensor(0.3275, device='cuda:0', grad_fn=<DivBackward0>)
Memory status after this epoch: 
Memory allocated:  757.41064453125
Memory cached:  1314.0
	 epoch  40 training error:  tensor(0.3045, device='cuda:0', grad_fn=<DivBackward0>)
Memory status after this epoch: 
Memory allocated:  757.41064453125
Memory cached:  1316.0
	 epoch  50 training error:  tensor(0.3029, device='cuda:0', grad_fn=<DivBackward0>)
Memory status after this epoch: 
Memory allocated:  757.41064453125
Memory cached:  1314.0
	 epoch  60 training error:  tensor(0.3117, device='cuda:0', grad_fn=<DivBackward0>)
Memory status after this epoch: 
Memory allocated:  757.41064453125
Memory cached:  1314.0
	 epoch  70 training error:  tensor(0.2965, device='cuda:0', grad_fn=<DivBackward0>)
Memory status after this epoch: 
Memory allocated:  757.41064453125
Memory cached:  1322.0
	 epoch  80 training error:  tensor(0.2935, device='cuda:0', grad_fn=<DivBackward0>)
Memory status after this epoch: 
Memory allocated:  757.41064453125
Memory cached:  1306.0
	 epoch  90 training error:  tensor(0.2892, device='cuda:0', grad_fn=<DivBackward0>)
Memory status after this epoch: 
Memory allocated:  757.41064453125
Memory cached:  1308.0
[I 2024-01-25 11:49:36,786] Trial 359 finished with value: 0.16253185272216797 and parameters: {'W_layers': 8, 'W_layer_units_exponent_0': 4, 'W_layer_units_exponent_1': 4, 'W_layer_units_exponent_2': 6, 'W_layer_units_exponent_3': 6, 'W_layer_units_exponent_4': 9, 'W_layer_units_exponent_5': 4, 'W_layer_units_exponent_6': 10, 'W_layer_units_exponent_7': 7, 'D_layers': 7, 'D_layer_units_exponent_0': 8, 'D_layer_units_exponent_1': 7, 'D_layer_units_exponent_2': 4, 'D_layer_units_exponent_3': 9, 'D_layer_units_exponent_4': 10, 'D_layer_units_exponent_5': 7, 'D_layer_units_exponent_6': 9, 'D_dagger_layers': 8, 'D_dagger_layer_units_exponent_0': 8, 'D_dagger_layer_units_exponent_1': 10, 'D_dagger_layer_units_exponent_2': 5, 'D_dagger_layer_units_exponent_3': 9, 'D_dagger_layer_units_exponent_4': 10, 'D_dagger_layer_units_exponent_5': 9, 'D_dagger_layer_units_exponent_6': 4, 'D_dagger_layer_units_exponent_7': 5, 'log_learning_rate': -3.9362213567090825, 'log_learning_rate_D': -3.6761923416708564, 'log_learning_rate_D_dagger': -3.8501154639349036, 'training_batch_size': 7, 'training_p': 5}. Best is trial 332 with value: 0.05854595825076103.
Time for this trial:  553.5524888038635
Memory status after this trial: 
Memory allocated:  1562.69140625
Memory cached:  1590.0
--------------------  Trial  360   --------------------
Start timing: 
Parameters: 
{'W_layers': 8, 'W_layer_units_exponent_0': 4, 'W_layer_units_exponent_1': 4, 'W_layer_units_exponent_2': 6, 'W_layer_units_exponent_3': 6, 'W_layer_units_exponent_4': 9, 'W_layer_units_exponent_5': 4, 'W_layer_units_exponent_6': 10, 'W_layer_units_exponent_7': 7, 'D_layers': 7, 'D_layer_units_exponent_0': 8, 'D_layer_units_exponent_1': 7, 'D_layer_units_exponent_2': 4, 'D_layer_units_exponent_3': 9, 'D_layer_units_exponent_4': 10, 'D_layer_units_exponent_5': 9, 'D_layer_units_exponent_6': 9, 'D_dagger_layers': 8, 'D_dagger_layer_units_exponent_0': 8, 'D_dagger_layer_units_exponent_1': 9, 'D_dagger_layer_units_exponent_2': 6, 'D_dagger_layer_units_exponent_3': 9, 'D_dagger_layer_units_exponent_4': 10, 'D_dagger_layer_units_exponent_5': 10, 'D_dagger_layer_units_exponent_6': 4, 'D_dagger_layer_units_exponent_7': 5, 'log_learning_rate': -3.374492771003779, 'log_learning_rate_D': -3.8314305471431993, 'log_learning_rate_D_dagger': -3.7807484586237954, 'training_batch_size': 6, 'training_p': 5}
	 epoch  0 training error:  tensor(0.8786, device='cuda:0', grad_fn=<DivBackward0>)
Memory status after this epoch: 
Memory allocated:  772.84130859375
Memory cached:  1346.0
	 epoch  10 training error:  tensor(0.3644, device='cuda:0', grad_fn=<DivBackward0>)
Memory status after this epoch: 
Memory allocated:  772.84130859375
Memory cached:  1420.0
	 epoch  20 training error:  tensor(0.3321, device='cuda:0', grad_fn=<DivBackward0>)
Memory status after this epoch: 
Memory allocated:  772.84130859375
Memory cached:  1422.0
	 epoch  30 training error:  tensor(0.3253, device='cuda:0', grad_fn=<DivBackward0>)
Memory status after this epoch: 
Memory allocated:  772.84130859375
Memory cached:  1418.0
	 epoch  40 training error:  tensor(0.3775, device='cuda:0', grad_fn=<DivBackward0>)
Memory status after this epoch: 
Memory allocated:  772.84130859375
Memory cached:  1416.0
	 epoch  50 training error:  tensor(0.2890, device='cuda:0', grad_fn=<DivBackward0>)
Memory status after this epoch: 
Memory allocated:  772.84130859375
Memory cached:  1422.0
	 epoch  60 training error:  tensor(0.1920, device='cuda:0', grad_fn=<DivBackward0>)
Memory status after this epoch: 
Memory allocated:  772.84130859375
Memory cached:  1406.0
	 epoch  70 training error:  tensor(0.2060, device='cuda:0', grad_fn=<DivBackward0>)
Memory status after this epoch: 
Memory allocated:  772.84130859375
Memory cached:  1410.0
	 epoch  80 training error:  tensor(0.1626, device='cuda:0', grad_fn=<DivBackward0>)
Memory status after this epoch: 
Memory allocated:  772.84130859375
Memory cached:  1418.0
	 epoch  90 training error:  tensor(0.1385, device='cuda:0', grad_fn=<DivBackward0>)
Memory status after this epoch: 
Memory allocated:  772.84130859375
Memory cached:  1420.0
[I 2024-01-25 12:01:42,017] Trial 360 finished with value: 0.10460155457258224 and parameters: {'W_layers': 8, 'W_layer_units_exponent_0': 4, 'W_layer_units_exponent_1': 4, 'W_layer_units_exponent_2': 6, 'W_layer_units_exponent_3': 6, 'W_layer_units_exponent_4': 9, 'W_layer_units_exponent_5': 4, 'W_layer_units_exponent_6': 10, 'W_layer_units_exponent_7': 7, 'D_layers': 7, 'D_layer_units_exponent_0': 8, 'D_layer_units_exponent_1': 7, 'D_layer_units_exponent_2': 4, 'D_layer_units_exponent_3': 9, 'D_layer_units_exponent_4': 10, 'D_layer_units_exponent_5': 9, 'D_layer_units_exponent_6': 9, 'D_dagger_layers': 8, 'D_dagger_layer_units_exponent_0': 8, 'D_dagger_layer_units_exponent_1': 9, 'D_dagger_layer_units_exponent_2': 6, 'D_dagger_layer_units_exponent_3': 9, 'D_dagger_layer_units_exponent_4': 10, 'D_dagger_layer_units_exponent_5': 10, 'D_dagger_layer_units_exponent_6': 4, 'D_dagger_layer_units_exponent_7': 5, 'log_learning_rate': -3.374492771003779, 'log_learning_rate_D': -3.8314305471431993, 'log_learning_rate_D_dagger': -3.7807484586237954, 'training_batch_size': 6, 'training_p': 5}. Best is trial 332 with value: 0.05854595825076103.
Time for this trial:  724.5005877017975
Memory status after this trial: 
Memory allocated:  1614.455078125
Memory cached:  1634.0
--------------------  Trial  361   --------------------
Start timing: 
Parameters: 
{'W_layers': 8, 'W_layer_units_exponent_0': 4, 'W_layer_units_exponent_1': 4, 'W_layer_units_exponent_2': 6, 'W_layer_units_exponent_3': 6, 'W_layer_units_exponent_4': 9, 'W_layer_units_exponent_5': 4, 'W_layer_units_exponent_6': 10, 'W_layer_units_exponent_7': 8, 'D_layers': 5, 'D_layer_units_exponent_0': 8, 'D_layer_units_exponent_1': 7, 'D_layer_units_exponent_2': 4, 'D_layer_units_exponent_3': 9, 'D_layer_units_exponent_4': 10, 'D_dagger_layers': 8, 'D_dagger_layer_units_exponent_0': 8, 'D_dagger_layer_units_exponent_1': 10, 'D_dagger_layer_units_exponent_2': 5, 'D_dagger_layer_units_exponent_3': 9, 'D_dagger_layer_units_exponent_4': 10, 'D_dagger_layer_units_exponent_5': 9, 'D_dagger_layer_units_exponent_6': 4, 'D_dagger_layer_units_exponent_7': 5, 'log_learning_rate': -3.2594733427805425, 'log_learning_rate_D': -3.651101796155102, 'log_learning_rate_D_dagger': -4.02933044517192, 'training_batch_size': 6, 'training_p': 5}
	 epoch  0 training error:  tensor(0.9324, device='cuda:0', grad_fn=<DivBackward0>)
Memory status after this epoch: 
Memory allocated:  756.46240234375
Memory cached:  1318.0
	 epoch  10 training error:  tensor(0.3745, device='cuda:0', grad_fn=<DivBackward0>)
Memory status after this epoch: 
Memory allocated:  756.46240234375
Memory cached:  1402.0
	 epoch  20 training error:  tensor(0.3174, device='cuda:0', grad_fn=<DivBackward0>)
Memory status after this epoch: 
Memory allocated:  756.46240234375
Memory cached:  1384.0
	 epoch  30 training error:  tensor(0.3035, device='cuda:0', grad_fn=<DivBackward0>)
Memory status after this epoch: 
Memory allocated:  756.46240234375
Memory cached:  1376.0
	 epoch  40 training error:  tensor(0.3034, device='cuda:0', grad_fn=<DivBackward0>)
Memory status after this epoch: 
Memory allocated:  756.46240234375
Memory cached:  1382.0
	 epoch  50 training error:  tensor(0.2941, device='cuda:0', grad_fn=<DivBackward0>)
Memory status after this epoch: 
Memory allocated:  756.46240234375
Memory cached:  1408.0
	 epoch  60 training error:  tensor(0.2920, device='cuda:0', grad_fn=<DivBackward0>)
Memory status after this epoch: 
Memory allocated:  756.46240234375
Memory cached:  1398.0
	 epoch  70 training error:  tensor(0.2829, device='cuda:0', grad_fn=<DivBackward0>)
Memory status after this epoch: 
Memory allocated:  756.46240234375
Memory cached:  1382.0
	 epoch  80 training error:  tensor(0.2186, device='cuda:0', grad_fn=<DivBackward0>)
Memory status after this epoch: 
Memory allocated:  756.46240234375
Memory cached:  1388.0
	 epoch  90 training error:  tensor(0.1662, device='cuda:0', grad_fn=<DivBackward0>)
Memory status after this epoch: 
Memory allocated:  756.46240234375
Memory cached:  1390.0
[I 2024-01-25 12:12:52,217] Trial 361 finished with value: 0.11328970640897751 and parameters: {'W_layers': 8, 'W_layer_units_exponent_0': 4, 'W_layer_units_exponent_1': 4, 'W_layer_units_exponent_2': 6, 'W_layer_units_exponent_3': 6, 'W_layer_units_exponent_4': 9, 'W_layer_units_exponent_5': 4, 'W_layer_units_exponent_6': 10, 'W_layer_units_exponent_7': 8, 'D_layers': 5, 'D_layer_units_exponent_0': 8, 'D_layer_units_exponent_1': 7, 'D_layer_units_exponent_2': 4, 'D_layer_units_exponent_3': 9, 'D_layer_units_exponent_4': 10, 'D_dagger_layers': 8, 'D_dagger_layer_units_exponent_0': 8, 'D_dagger_layer_units_exponent_1': 10, 'D_dagger_layer_units_exponent_2': 5, 'D_dagger_layer_units_exponent_3': 9, 'D_dagger_layer_units_exponent_4': 10, 'D_dagger_layer_units_exponent_5': 9, 'D_dagger_layer_units_exponent_6': 4, 'D_dagger_layer_units_exponent_7': 5, 'log_learning_rate': -3.2594733427805425, 'log_learning_rate_D': -3.651101796155102, 'log_learning_rate_D_dagger': -4.02933044517192, 'training_batch_size': 6, 'training_p': 5}. Best is trial 332 with value: 0.05854595825076103.
Time for this trial:  669.5466549396515
Memory status after this trial: 
Memory allocated:  1498.55078125
Memory cached:  1526.0
--------------------  Trial  362   --------------------
Start timing: 
Parameters: 
{'W_layers': 8, 'W_layer_units_exponent_0': 4, 'W_layer_units_exponent_1': 4, 'W_layer_units_exponent_2': 6, 'W_layer_units_exponent_3': 6, 'W_layer_units_exponent_4': 9, 'W_layer_units_exponent_5': 4, 'W_layer_units_exponent_6': 10, 'W_layer_units_exponent_7': 6, 'D_layers': 6, 'D_layer_units_exponent_0': 8, 'D_layer_units_exponent_1': 7, 'D_layer_units_exponent_2': 5, 'D_layer_units_exponent_3': 9, 'D_layer_units_exponent_4': 9, 'D_layer_units_exponent_5': 8, 'D_dagger_layers': 7, 'D_dagger_layer_units_exponent_0': 9, 'D_dagger_layer_units_exponent_1': 10, 'D_dagger_layer_units_exponent_2': 5, 'D_dagger_layer_units_exponent_3': 9, 'D_dagger_layer_units_exponent_4': 10, 'D_dagger_layer_units_exponent_5': 9, 'D_dagger_layer_units_exponent_6': 4, 'log_learning_rate': -3.654097486880675, 'log_learning_rate_D': -3.7574717269794307, 'log_learning_rate_D_dagger': -3.9010311407629628, 'training_batch_size': 6, 'training_p': 5}
	 epoch  0 training error:  tensor(0.9224, device='cuda:0', grad_fn=<DivBackward0>)
Memory status after this epoch: 
Memory allocated:  755.60107421875
Memory cached:  1282.0
	 epoch  10 training error:  tensor(0.3560, device='cuda:0', grad_fn=<DivBackward0>)
Memory status after this epoch: 
Memory allocated:  755.60107421875
Memory cached:  1302.0
	 epoch  20 training error:  tensor(0.3284, device='cuda:0', grad_fn=<DivBackward0>)
Memory status after this epoch: 
Memory allocated:  755.60107421875
Memory cached:  1316.0
	 epoch  30 training error:  tensor(0.3285, device='cuda:0', grad_fn=<DivBackward0>)
Memory status after this epoch: 
Memory allocated:  755.60107421875
Memory cached:  1310.0
	 epoch  40 training error:  tensor(0.3235, device='cuda:0', grad_fn=<DivBackward0>)
Memory status after this epoch: 
Memory allocated:  755.60107421875
Memory cached:  1306.0
	 epoch  50 training error:  tensor(0.3215, device='cuda:0', grad_fn=<DivBackward0>)
Memory status after this epoch: 
Memory allocated:  755.60107421875
Memory cached:  1310.0
	 epoch  60 training error:  tensor(0.3182, device='cuda:0', grad_fn=<DivBackward0>)
Memory status after this epoch: 
Memory allocated:  755.60107421875
Memory cached:  1312.0
	 epoch  70 training error:  tensor(0.3100, device='cuda:0', grad_fn=<DivBackward0>)
Memory status after this epoch: 
Memory allocated:  755.60107421875
Memory cached:  1300.0
	 epoch  80 training error:  tensor(0.3201, device='cuda:0', grad_fn=<DivBackward0>)
Memory status after this epoch: 
Memory allocated:  755.60107421875
Memory cached:  1304.0
	 epoch  90 training error:  tensor(0.2696, device='cuda:0', grad_fn=<DivBackward0>)
Memory status after this epoch: 
Memory allocated:  755.60107421875
Memory cached:  1304.0
[I 2024-01-25 12:24:03,680] Trial 362 finished with value: 0.136270210146904 and parameters: {'W_layers': 8, 'W_layer_units_exponent_0': 4, 'W_layer_units_exponent_1': 4, 'W_layer_units_exponent_2': 6, 'W_layer_units_exponent_3': 6, 'W_layer_units_exponent_4': 9, 'W_layer_units_exponent_5': 4, 'W_layer_units_exponent_6': 10, 'W_layer_units_exponent_7': 6, 'D_layers': 6, 'D_layer_units_exponent_0': 8, 'D_layer_units_exponent_1': 7, 'D_layer_units_exponent_2': 5, 'D_layer_units_exponent_3': 9, 'D_layer_units_exponent_4': 9, 'D_layer_units_exponent_5': 8, 'D_dagger_layers': 7, 'D_dagger_layer_units_exponent_0': 9, 'D_dagger_layer_units_exponent_1': 10, 'D_dagger_layer_units_exponent_2': 5, 'D_dagger_layer_units_exponent_3': 9, 'D_dagger_layer_units_exponent_4': 10, 'D_dagger_layer_units_exponent_5': 9, 'D_dagger_layer_units_exponent_6': 4, 'log_learning_rate': -3.654097486880675, 'log_learning_rate_D': -3.7574717269794307, 'log_learning_rate_D_dagger': -3.9010311407629628, 'training_batch_size': 6, 'training_p': 5}. Best is trial 332 with value: 0.05854595825076103.
Time for this trial:  670.7064890861511
Memory status after this trial: 
Memory allocated:  1490.93505859375
Memory cached:  1518.0
--------------------  Trial  363   --------------------
Start timing: 
Parameters: 
{'W_layers': 8, 'W_layer_units_exponent_0': 4, 'W_layer_units_exponent_1': 4, 'W_layer_units_exponent_2': 6, 'W_layer_units_exponent_3': 6, 'W_layer_units_exponent_4': 9, 'W_layer_units_exponent_5': 4, 'W_layer_units_exponent_6': 10, 'W_layer_units_exponent_7': 9, 'D_layers': 7, 'D_layer_units_exponent_0': 8, 'D_layer_units_exponent_1': 7, 'D_layer_units_exponent_2': 4, 'D_layer_units_exponent_3': 9, 'D_layer_units_exponent_4': 10, 'D_layer_units_exponent_5': 7, 'D_layer_units_exponent_6': 9, 'D_dagger_layers': 8, 'D_dagger_layer_units_exponent_0': 9, 'D_dagger_layer_units_exponent_1': 10, 'D_dagger_layer_units_exponent_2': 5, 'D_dagger_layer_units_exponent_3': 9, 'D_dagger_layer_units_exponent_4': 10, 'D_dagger_layer_units_exponent_5': 8, 'D_dagger_layer_units_exponent_6': 4, 'D_dagger_layer_units_exponent_7': 5, 'log_learning_rate': -3.1716570225283713, 'log_learning_rate_D': -3.8520697087507023, 'log_learning_rate_D_dagger': -3.7650405615111815, 'training_batch_size': 6, 'training_p': 5}
	 epoch  0 training error:  tensor(0.8930, device='cuda:0', grad_fn=<DivBackward0>)
Memory status after this epoch: 
Memory allocated:  763.41748046875
Memory cached:  1280.0
	 epoch  10 training error:  tensor(0.3655, device='cuda:0', grad_fn=<DivBackward0>)
Memory status after this epoch: 
Memory allocated:  763.41748046875
Memory cached:  1318.0
	 epoch  20 training error:  tensor(0.3242, device='cuda:0', grad_fn=<DivBackward0>)
Memory status after this epoch: 
Memory allocated:  763.41748046875
Memory cached:  1320.0
	 epoch  30 training error:  tensor(0.3016, device='cuda:0', grad_fn=<DivBackward0>)
Memory status after this epoch: 
Memory allocated:  763.41748046875
Memory cached:  1324.0
	 epoch  40 training error:  tensor(0.3000, device='cuda:0', grad_fn=<DivBackward0>)
Memory status after this epoch: 
Memory allocated:  763.41748046875
Memory cached:  1326.0
	 epoch  50 training error:  tensor(0.3336, device='cuda:0', grad_fn=<DivBackward0>)
Memory status after this epoch: 
Memory allocated:  763.41748046875
Memory cached:  1324.0
	 epoch  60 training error:  tensor(0.2208, device='cuda:0', grad_fn=<DivBackward0>)
Memory status after this epoch: 
Memory allocated:  763.41748046875
Memory cached:  1322.0
	 epoch  70 training error:  tensor(0.1916, device='cuda:0', grad_fn=<DivBackward0>)
Memory status after this epoch: 
Memory allocated:  763.41748046875
Memory cached:  1324.0
	 epoch  80 training error:  tensor(0.1623, device='cuda:0', grad_fn=<DivBackward0>)
Memory status after this epoch: 
Memory allocated:  763.41748046875
Memory cached:  1320.0
	 epoch  90 training error:  tensor(0.2807, device='cuda:0', grad_fn=<DivBackward0>)
Memory status after this epoch: 
Memory allocated:  763.41748046875
Memory cached:  1322.0
