[I 2024-01-01 18:31:54,055] Trial 297 finished with value: 0.17140987515449524 and parameters: {'W_layers': 5, 'W_layer_units_exponent_0': 8, 'W_layer_units_exponent_1': 10, 'W_layer_units_exponent_2': 6, 'W_layer_units_exponent_3': 8, 'W_layer_units_exponent_4': 5, 'D_layers': 6, 'D_layer_units_exponent_0': 7, 'D_layer_units_exponent_1': 5, 'D_layer_units_exponent_2': 8, 'D_layer_units_exponent_3': 8, 'D_layer_units_exponent_4': 5, 'D_layer_units_exponent_5': 5, 'D_dagger_layers': 4, 'D_dagger_layer_units_exponent_0': 9, 'D_dagger_layer_units_exponent_1': 4, 'D_dagger_layer_units_exponent_2': 5, 'D_dagger_layer_units_exponent_3': 6, 'log_learning_rate': -3.4194470939323467, 'log_learning_rate_D': -4.154179029585017, 'log_learning_rate_D_dagger': -2.400084159292428, 'training_batch_size': 6, 'training_p': 7}. Best is trial 220 with value: 0.11745021492242813.
Time for this trial:  348.3873145580292
Memory status after this trial: 
Memory allocated:  364.650390625
Memory cached:  414.0
--------------------  Trial  298   --------------------
Start timing: 
Parameters: 
{'W_layers': 5, 'W_layer_units_exponent_0': 4, 'W_layer_units_exponent_1': 9, 'W_layer_units_exponent_2': 6, 'W_layer_units_exponent_3': 6, 'W_layer_units_exponent_4': 7, 'D_layers': 5, 'D_layer_units_exponent_0': 7, 'D_layer_units_exponent_1': 9, 'D_layer_units_exponent_2': 10, 'D_layer_units_exponent_3': 8, 'D_layer_units_exponent_4': 4, 'D_dagger_layers': 3, 'D_dagger_layer_units_exponent_0': 10, 'D_dagger_layer_units_exponent_1': 9, 'D_dagger_layer_units_exponent_2': 6, 'log_learning_rate': -2.3988765811744095, 'log_learning_rate_D': -3.9451762892201443, 'log_learning_rate_D_dagger': -2.2896817378323964, 'training_batch_size': 6, 'training_p': 7}
	 epoch  0 training error:  tensor(2.4333, device='cuda:0', grad_fn=<DivBackward0>)
Memory status after this epoch: 
Memory allocated:  224.75244140625
Memory cached:  404.0
	 epoch  10 training error:  tensor(0.5642, device='cuda:0', grad_fn=<DivBackward0>)
Memory status after this epoch: 
Memory allocated:  224.75244140625
Memory cached:  424.0
	 epoch  20 training error:  tensor(0.5883, device='cuda:0', grad_fn=<DivBackward0>)
Memory status after this epoch: 
Memory allocated:  224.75244140625
Memory cached:  412.0
	 epoch  30 training error:  tensor(0.5386, device='cuda:0', grad_fn=<DivBackward0>)
Memory status after this epoch: 
Memory allocated:  224.75244140625
Memory cached:  414.0
	 epoch  40 training error:  tensor(0.5383, device='cuda:0', grad_fn=<DivBackward0>)
Memory status after this epoch: 
Memory allocated:  224.75244140625
Memory cached:  420.0
	 epoch  50 training error:  tensor(0.5518, device='cuda:0', grad_fn=<DivBackward0>)
Memory status after this epoch: 
Memory allocated:  224.75244140625
Memory cached:  424.0
	 epoch  60 training error:  tensor(0.5357, device='cuda:0', grad_fn=<DivBackward0>)
Memory status after this epoch: 
Memory allocated:  224.75244140625
Memory cached:  410.0
	 epoch  70 training error:  tensor(0.5543, device='cuda:0', grad_fn=<DivBackward0>)
Memory status after this epoch: 
Memory allocated:  224.75244140625
Memory cached:  418.0
	 epoch  80 training error:  tensor(0.5306, device='cuda:0', grad_fn=<DivBackward0>)
Memory status after this epoch: 
Memory allocated:  224.75244140625
Memory cached:  414.0
	 epoch  90 training error:  tensor(0.5344, device='cuda:0', grad_fn=<DivBackward0>)
Memory status after this epoch: 
Memory allocated:  224.75244140625
Memory cached:  418.0
[I 2024-01-01 18:37:21,842] Trial 298 finished with value: 0.450283020734787 and parameters: {'W_layers': 5, 'W_layer_units_exponent_0': 4, 'W_layer_units_exponent_1': 9, 'W_layer_units_exponent_2': 6, 'W_layer_units_exponent_3': 6, 'W_layer_units_exponent_4': 7, 'D_layers': 5, 'D_layer_units_exponent_0': 7, 'D_layer_units_exponent_1': 9, 'D_layer_units_exponent_2': 10, 'D_layer_units_exponent_3': 8, 'D_layer_units_exponent_4': 4, 'D_dagger_layers': 3, 'D_dagger_layer_units_exponent_0': 10, 'D_dagger_layer_units_exponent_1': 9, 'D_dagger_layer_units_exponent_2': 6, 'log_learning_rate': -2.3988765811744095, 'log_learning_rate_D': -3.9451762892201443, 'log_learning_rate_D_dagger': -2.2896817378323964, 'training_batch_size': 6, 'training_p': 7}. Best is trial 220 with value: 0.11745021492242813.
Time for this trial:  327.31171441078186
Memory status after this trial: 
Memory allocated:  442.234375
Memory cached:  458.0
--------------------  Trial  299   --------------------
Start timing: 
Parameters: 
{'W_layers': 5, 'W_layer_units_exponent_0': 8, 'W_layer_units_exponent_1': 10, 'W_layer_units_exponent_2': 6, 'W_layer_units_exponent_3': 6, 'W_layer_units_exponent_4': 5, 'D_layers': 4, 'D_layer_units_exponent_0': 4, 'D_layer_units_exponent_1': 9, 'D_layer_units_exponent_2': 8, 'D_layer_units_exponent_3': 8, 'D_dagger_layers': 3, 'D_dagger_layer_units_exponent_0': 9, 'D_dagger_layer_units_exponent_1': 7, 'D_dagger_layer_units_exponent_2': 4, 'log_learning_rate': -2.6876448213774213, 'log_learning_rate_D': -3.6439408074973745, 'log_learning_rate_D_dagger': -1.1458543907027172, 'training_batch_size': 6, 'training_p': 7}
	 epoch  0 training error:  tensor(5.0949, device='cuda:0', grad_fn=<DivBackward0>)
Memory status after this epoch: 
Memory allocated:  211.59814453125
Memory cached:  406.0
	 epoch  10 training error:  tensor(0.7835, device='cuda:0', grad_fn=<DivBackward0>)
Memory status after this epoch: 
Memory allocated:  211.59814453125
Memory cached:  444.0
	 epoch  20 training error:  tensor(0.5615, device='cuda:0', grad_fn=<DivBackward0>)
Memory status after this epoch: 
Memory allocated:  211.59814453125
Memory cached:  438.0
	 epoch  30 training error:  tensor(0.5860, device='cuda:0', grad_fn=<DivBackward0>)
Memory status after this epoch: 
Memory allocated:  211.59814453125
Memory cached:  430.0
	 epoch  40 training error:  tensor(0.5484, device='cuda:0', grad_fn=<DivBackward0>)
Memory status after this epoch: 
Memory allocated:  211.59814453125
Memory cached:  428.0
	 epoch  50 training error:  tensor(0.5635, device='cuda:0', grad_fn=<DivBackward0>)
Memory status after this epoch: 
Memory allocated:  211.59814453125
Memory cached:  430.0
	 epoch  60 training error:  tensor(0.5424, device='cuda:0', grad_fn=<DivBackward0>)
Memory status after this epoch: 
Memory allocated:  211.59814453125
Memory cached:  424.0
	 epoch  70 training error:  tensor(0.6457, device='cuda:0', grad_fn=<DivBackward0>)
Memory status after this epoch: 
Memory allocated:  211.59814453125
Memory cached:  416.0
	 epoch  80 training error:  tensor(0.5921, device='cuda:0', grad_fn=<DivBackward0>)
Memory status after this epoch: 
Memory allocated:  211.59814453125
Memory cached:  428.0
	 epoch  90 training error:  tensor(0.5427, device='cuda:0', grad_fn=<DivBackward0>)
Memory status after this epoch: 
Memory allocated:  211.59814453125
Memory cached:  430.0
[I 2024-01-01 18:42:27,737] Trial 299 finished with value: 0.44675761461257935 and parameters: {'W_layers': 5, 'W_layer_units_exponent_0': 8, 'W_layer_units_exponent_1': 10, 'W_layer_units_exponent_2': 6, 'W_layer_units_exponent_3': 6, 'W_layer_units_exponent_4': 5, 'D_layers': 4, 'D_layer_units_exponent_0': 4, 'D_layer_units_exponent_1': 9, 'D_layer_units_exponent_2': 8, 'D_layer_units_exponent_3': 8, 'D_dagger_layers': 3, 'D_dagger_layer_units_exponent_0': 9, 'D_dagger_layer_units_exponent_1': 7, 'D_dagger_layer_units_exponent_2': 4, 'log_learning_rate': -2.6876448213774213, 'log_learning_rate_D': -3.6439408074973745, 'log_learning_rate_D_dagger': -1.1458543907027172, 'training_batch_size': 6, 'training_p': 7}. Best is trial 220 with value: 0.11745021492242813.
Time for this trial:  305.4581506252289
Memory status after this trial: 
Memory allocated:  372.18896484375
Memory cached:  420.0
--------------------  Trial  300   --------------------
Start timing: 
Parameters: 
{'W_layers': 5, 'W_layer_units_exponent_0': 8, 'W_layer_units_exponent_1': 10, 'W_layer_units_exponent_2': 6, 'W_layer_units_exponent_3': 6, 'W_layer_units_exponent_4': 5, 'D_layers': 5, 'D_layer_units_exponent_0': 7, 'D_layer_units_exponent_1': 8, 'D_layer_units_exponent_2': 7, 'D_layer_units_exponent_3': 8, 'D_layer_units_exponent_4': 5, 'D_dagger_layers': 3, 'D_dagger_layer_units_exponent_0': 9, 'D_dagger_layer_units_exponent_1': 4, 'D_dagger_layer_units_exponent_2': 5, 'log_learning_rate': -3.0049695825944736, 'log_learning_rate_D': -3.8831383619751474, 'log_learning_rate_D_dagger': -2.4894141706156487, 'training_batch_size': 6, 'training_p': 7}
	 epoch  0 training error:  tensor(0.8897, device='cuda:0', grad_fn=<DivBackward0>)
Memory status after this epoch: 
Memory allocated:  209.19384765625
Memory cached:  400.0
	 epoch  10 training error:  tensor(0.5499, device='cuda:0', grad_fn=<DivBackward0>)
Memory status after this epoch: 
Memory allocated:  209.19384765625
Memory cached:  410.0
	 epoch  20 training error:  tensor(0.5549, device='cuda:0', grad_fn=<DivBackward0>)
Memory status after this epoch: 
Memory allocated:  209.19384765625
Memory cached:  414.0
	 epoch  30 training error:  tensor(0.5312, device='cuda:0', grad_fn=<DivBackward0>)
Memory status after this epoch: 
Memory allocated:  209.19384765625
Memory cached:  412.0
	 epoch  40 training error:  tensor(0.5452, device='cuda:0', grad_fn=<DivBackward0>)
Memory status after this epoch: 
Memory allocated:  209.19384765625
Memory cached:  408.0
	 epoch  50 training error:  tensor(0.5207, device='cuda:0', grad_fn=<DivBackward0>)
Memory status after this epoch: 
Memory allocated:  209.19384765625
Memory cached:  410.0
	 epoch  60 training error:  tensor(0.5139, device='cuda:0', grad_fn=<DivBackward0>)
Memory status after this epoch: 
Memory allocated:  209.19384765625
Memory cached:  408.0
	 epoch  70 training error:  tensor(0.5075, device='cuda:0', grad_fn=<DivBackward0>)
Memory status after this epoch: 
Memory allocated:  209.19384765625
Memory cached:  418.0
	 epoch  80 training error:  tensor(0.4114, device='cuda:0', grad_fn=<DivBackward0>)
Memory status after this epoch: 
Memory allocated:  209.19384765625
Memory cached:  410.0
	 epoch  90 training error:  tensor(0.4150, device='cuda:0', grad_fn=<DivBackward0>)
Memory status after this epoch: 
Memory allocated:  209.19384765625
Memory cached:  412.0
[I 2024-01-01 18:47:45,600] Trial 300 finished with value: 0.19764232635498047 and parameters: {'W_layers': 5, 'W_layer_units_exponent_0': 8, 'W_layer_units_exponent_1': 10, 'W_layer_units_exponent_2': 6, 'W_layer_units_exponent_3': 6, 'W_layer_units_exponent_4': 5, 'D_layers': 5, 'D_layer_units_exponent_0': 7, 'D_layer_units_exponent_1': 8, 'D_layer_units_exponent_2': 7, 'D_layer_units_exponent_3': 8, 'D_layer_units_exponent_4': 5, 'D_dagger_layers': 3, 'D_dagger_layer_units_exponent_0': 9, 'D_dagger_layer_units_exponent_1': 4, 'D_dagger_layer_units_exponent_2': 5, 'log_learning_rate': -3.0049695825944736, 'log_learning_rate_D': -3.8831383619751474, 'log_learning_rate_D_dagger': -2.4894141706156487, 'training_batch_size': 6, 'training_p': 7}. Best is trial 220 with value: 0.11745021492242813.
Time for this trial:  317.39650893211365
Memory status after this trial: 
Memory allocated:  354.595703125
Memory cached:  408.0
--------------------  Trial  301   --------------------
Start timing: 
Parameters: 
{'W_layers': 5, 'W_layer_units_exponent_0': 8, 'W_layer_units_exponent_1': 10, 'W_layer_units_exponent_2': 6, 'W_layer_units_exponent_3': 5, 'W_layer_units_exponent_4': 5, 'D_layers': 5, 'D_layer_units_exponent_0': 7, 'D_layer_units_exponent_1': 10, 'D_layer_units_exponent_2': 8, 'D_layer_units_exponent_3': 8, 'D_layer_units_exponent_4': 4, 'D_dagger_layers': 7, 'D_dagger_layer_units_exponent_0': 9, 'D_dagger_layer_units_exponent_1': 7, 'D_dagger_layer_units_exponent_2': 4, 'D_dagger_layer_units_exponent_3': 7, 'D_dagger_layer_units_exponent_4': 5, 'D_dagger_layer_units_exponent_5': 7, 'D_dagger_layer_units_exponent_6': 5, 'log_learning_rate': -2.2299237244958046, 'log_learning_rate_D': -4.020299031988973, 'log_learning_rate_D_dagger': -2.2082489746117906, 'training_batch_size': 6, 'training_p': 7}
	 epoch  0 training error:  tensor(1.1812, device='cuda:0', grad_fn=<DivBackward0>)
Memory status after this epoch: 
Memory allocated:  215.72314453125
Memory cached:  384.0
	 epoch  10 training error:  tensor(0.5540, device='cuda:0', grad_fn=<DivBackward0>)
Memory status after this epoch: 
Memory allocated:  215.72314453125
Memory cached:  396.0
	 epoch  20 training error:  tensor(0.6227, device='cuda:0', grad_fn=<DivBackward0>)
Memory status after this epoch: 
Memory allocated:  215.72314453125
Memory cached:  412.0
	 epoch  30 training error:  tensor(0.5907, device='cuda:0', grad_fn=<DivBackward0>)
Memory status after this epoch: 
Memory allocated:  215.72314453125
Memory cached:  410.0
	 epoch  40 training error:  tensor(0.5335, device='cuda:0', grad_fn=<DivBackward0>)
Memory status after this epoch: 
Memory allocated:  215.72314453125
Memory cached:  410.0
	 epoch  50 training error:  tensor(0.5157, device='cuda:0', grad_fn=<DivBackward0>)
Memory status after this epoch: 
Memory allocated:  215.72314453125
Memory cached:  402.0
	 epoch  60 training error:  tensor(0.4812, device='cuda:0', grad_fn=<DivBackward0>)
Memory status after this epoch: 
Memory allocated:  215.72314453125
Memory cached:  402.0
	 epoch  70 training error:  tensor(0.3842, device='cuda:0', grad_fn=<DivBackward0>)
Memory status after this epoch: 
Memory allocated:  215.72314453125
Memory cached:  394.0
	 epoch  80 training error:  tensor(0.3247, device='cuda:0', grad_fn=<DivBackward0>)
Memory status after this epoch: 
Memory allocated:  215.72314453125
Memory cached:  390.0
	 epoch  90 training error:  tensor(0.4183, device='cuda:0', grad_fn=<DivBackward0>)
Memory status after this epoch: 
Memory allocated:  215.72314453125
Memory cached:  390.0
[I 2024-01-01 18:54:07,355] Trial 301 finished with value: 0.26150012016296387 and parameters: {'W_layers': 5, 'W_layer_units_exponent_0': 8, 'W_layer_units_exponent_1': 10, 'W_layer_units_exponent_2': 6, 'W_layer_units_exponent_3': 5, 'W_layer_units_exponent_4': 5, 'D_layers': 5, 'D_layer_units_exponent_0': 7, 'D_layer_units_exponent_1': 10, 'D_layer_units_exponent_2': 8, 'D_layer_units_exponent_3': 8, 'D_layer_units_exponent_4': 4, 'D_dagger_layers': 7, 'D_dagger_layer_units_exponent_0': 9, 'D_dagger_layer_units_exponent_1': 7, 'D_dagger_layer_units_exponent_2': 4, 'D_dagger_layer_units_exponent_3': 7, 'D_dagger_layer_units_exponent_4': 5, 'D_dagger_layer_units_exponent_5': 7, 'D_dagger_layer_units_exponent_6': 5, 'log_learning_rate': -2.2299237244958046, 'log_learning_rate_D': -4.020299031988973, 'log_learning_rate_D_dagger': -2.2082489746117906, 'training_batch_size': 6, 'training_p': 7}. Best is trial 220 with value: 0.11745021492242813.
Time for this trial:  381.24919509887695
Memory status after this trial: 
Memory allocated:  425.1611328125
Memory cached:  434.0
--------------------  Trial  302   --------------------
Start timing: 
Parameters: 
{'W_layers': 5, 'W_layer_units_exponent_0': 7, 'W_layer_units_exponent_1': 7, 'W_layer_units_exponent_2': 6, 'W_layer_units_exponent_3': 6, 'W_layer_units_exponent_4': 5, 'D_layers': 5, 'D_layer_units_exponent_0': 7, 'D_layer_units_exponent_1': 9, 'D_layer_units_exponent_2': 10, 'D_layer_units_exponent_3': 8, 'D_layer_units_exponent_4': 6, 'D_dagger_layers': 3, 'D_dagger_layer_units_exponent_0': 8, 'D_dagger_layer_units_exponent_1': 5, 'D_dagger_layer_units_exponent_2': 5, 'log_learning_rate': -2.7439198786460857, 'log_learning_rate_D': -3.726217559202565, 'log_learning_rate_D_dagger': -3.5616333981906174, 'training_batch_size': 6, 'training_p': 8}
	 epoch  0 training error:  tensor(1.0435, device='cuda:0', grad_fn=<DivBackward0>)
Memory status after this epoch: 
Memory allocated:  216.18994140625
Memory cached:  396.0
	 epoch  10 training error:  tensor(0.6086, device='cuda:0', grad_fn=<DivBackward0>)
Memory status after this epoch: 
Memory allocated:  216.18994140625
Memory cached:  396.0
	 epoch  20 training error:  tensor(0.5837, device='cuda:0', grad_fn=<DivBackward0>)
Memory status after this epoch: 
Memory allocated:  216.18994140625
Memory cached:  396.0
	 epoch  30 training error:  tensor(0.5679, device='cuda:0', grad_fn=<DivBackward0>)
Memory status after this epoch: 
Memory allocated:  216.18994140625
Memory cached:  398.0
	 epoch  40 training error:  tensor(0.5573, device='cuda:0', grad_fn=<DivBackward0>)
Memory status after this epoch: 
Memory allocated:  216.18994140625
Memory cached:  396.0
	 epoch  50 training error:  tensor(0.5554, device='cuda:0', grad_fn=<DivBackward0>)
Memory status after this epoch: 
Memory allocated:  216.18994140625
Memory cached:  396.0
	 epoch  60 training error:  tensor(0.5507, device='cuda:0', grad_fn=<DivBackward0>)
Memory status after this epoch: 
Memory allocated:  216.18994140625
Memory cached:  396.0
	 epoch  70 training error:  tensor(0.5491, device='cuda:0', grad_fn=<DivBackward0>)
Memory status after this epoch: 
Memory allocated:  216.18994140625
Memory cached:  398.0
	 epoch  80 training error:  tensor(0.5492, device='cuda:0', grad_fn=<DivBackward0>)
Memory status after this epoch: 
Memory allocated:  216.18994140625
Memory cached:  402.0
	 epoch  90 training error:  tensor(0.5469, device='cuda:0', grad_fn=<DivBackward0>)
Memory status after this epoch: 
Memory allocated:  216.18994140625
Memory cached:  402.0
[I 2024-01-01 18:59:12,974] Trial 302 finished with value: 0.4268346428871155 and parameters: {'W_layers': 5, 'W_layer_units_exponent_0': 7, 'W_layer_units_exponent_1': 7, 'W_layer_units_exponent_2': 6, 'W_layer_units_exponent_3': 6, 'W_layer_units_exponent_4': 5, 'D_layers': 5, 'D_layer_units_exponent_0': 7, 'D_layer_units_exponent_1': 9, 'D_layer_units_exponent_2': 10, 'D_layer_units_exponent_3': 8, 'D_layer_units_exponent_4': 6, 'D_dagger_layers': 3, 'D_dagger_layer_units_exponent_0': 8, 'D_dagger_layer_units_exponent_1': 5, 'D_dagger_layer_units_exponent_2': 5, 'log_learning_rate': -2.7439198786460857, 'log_learning_rate_D': -3.726217559202565, 'log_learning_rate_D_dagger': -3.5616333981906174, 'training_batch_size': 6, 'training_p': 8}. Best is trial 220 with value: 0.11745021492242813.
Time for this trial:  305.10682344436646
Memory status after this trial: 
Memory allocated:  352.7763671875
Memory cached:  396.0
--------------------  Trial  303   --------------------
Start timing: 
Parameters: 
{'W_layers': 5, 'W_layer_units_exponent_0': 8, 'W_layer_units_exponent_1': 9, 'W_layer_units_exponent_2': 6, 'W_layer_units_exponent_3': 6, 'W_layer_units_exponent_4': 5, 'D_layers': 5, 'D_layer_units_exponent_0': 7, 'D_layer_units_exponent_1': 9, 'D_layer_units_exponent_2': 10, 'D_layer_units_exponent_3': 8, 'D_layer_units_exponent_4': 5, 'D_dagger_layers': 3, 'D_dagger_layer_units_exponent_0': 9, 'D_dagger_layer_units_exponent_1': 8, 'D_dagger_layer_units_exponent_2': 5, 'log_learning_rate': -1.0375372298998635, 'log_learning_rate_D': -4.114800658284661, 'log_learning_rate_D_dagger': -2.707073760041941, 'training_batch_size': 11, 'training_p': 6}
	 epoch  0 training error:  tensor(0.9472, device='cuda:0', grad_fn=<DivBackward0>)
Memory status after this epoch: 
Memory allocated:  220.17236328125
Memory cached:  402.0
	 epoch  10 training error:  tensor(65.0276, device='cuda:0', grad_fn=<DivBackward0>)
Memory status after this epoch: 
Memory allocated:  220.17236328125
Memory cached:  398.0
	 epoch  20 training error:  tensor(145.6464, device='cuda:0', grad_fn=<DivBackward0>)
Memory status after this epoch: 
Memory allocated:  220.17236328125
Memory cached:  398.0
	 epoch  30 training error:  tensor(17.8027, device='cuda:0', grad_fn=<DivBackward0>)
Memory status after this epoch: 
Memory allocated:  220.17236328125
Memory cached:  400.0
	 epoch  40 training error:  tensor(32.4151, device='cuda:0', grad_fn=<DivBackward0>)
Memory status after this epoch: 
Memory allocated:  220.17236328125
Memory cached:  398.0
	 epoch  50 training error:  tensor(0.7841, device='cuda:0', grad_fn=<DivBackward0>)
Memory status after this epoch: 
Memory allocated:  220.17236328125
Memory cached:  398.0
	 epoch  60 training error:  tensor(0.5382, device='cuda:0', grad_fn=<DivBackward0>)
Memory status after this epoch: 
Memory allocated:  220.17236328125
Memory cached:  400.0
	 epoch  70 training error:  tensor(0.5182, device='cuda:0', grad_fn=<DivBackward0>)
Memory status after this epoch: 
Memory allocated:  220.17236328125
Memory cached:  398.0
	 epoch  80 training error:  tensor(0.5164, device='cuda:0', grad_fn=<DivBackward0>)
Memory status after this epoch: 
Memory allocated:  220.17236328125
Memory cached:  398.0
	 epoch  90 training error:  tensor(0.5104, device='cuda:0', grad_fn=<DivBackward0>)
Memory status after this epoch: 
Memory allocated:  220.17236328125
Memory cached:  398.0
