[I 2023-12-07 01:33:13,267] Trial 51 finished with value: 0.1910039633512497 and parameters: {'W_layers': 2, 'W_layer_units_exponent_0': 6, 'W_layer_units_exponent_1': 4, 'D_layers': 3, 'D_layer_units_exponent_0': 5, 'D_layer_units_exponent_1': 8, 'D_layer_units_exponent_2': 8, 'D_dagger_layers': 5, 'D_dagger_layer_units_exponent_0': 8, 'D_dagger_layer_units_exponent_1': 5, 'D_dagger_layer_units_exponent_2': 4, 'D_dagger_layer_units_exponent_3': 6, 'D_dagger_layer_units_exponent_4': 8, 'log_learning_rate': -4.166778116737372, 'log_learning_rate_D': -3.9283438517658755, 'log_learning_rate_D_dagger': -3.1317880606637005, 'training_batch_size': 8, 'training_p': 3}. Best is trial 36 with value: 0.10139856487512589.
Time for this trial:  143.93256163597107
Memory status after this trial: 
Memory allocated:  148.43603515625
Memory cached:  380.0
--------------------  Trial  52   --------------------
Start timing: 
Parameters: 
{'W_layers': 3, 'W_layer_units_exponent_0': 5, 'W_layer_units_exponent_1': 4, 'W_layer_units_exponent_2': 4, 'D_layers': 3, 'D_layer_units_exponent_0': 5, 'D_layer_units_exponent_1': 8, 'D_layer_units_exponent_2': 8, 'D_dagger_layers': 5, 'D_dagger_layer_units_exponent_0': 8, 'D_dagger_layer_units_exponent_1': 6, 'D_dagger_layer_units_exponent_2': 4, 'D_dagger_layer_units_exponent_3': 7, 'D_dagger_layer_units_exponent_4': 8, 'log_learning_rate': -4.344563995205173, 'log_learning_rate_D': -3.578746562388366, 'log_learning_rate_D_dagger': -2.758033607374733, 'training_batch_size': 8, 'training_p': 3}
	 epoch  0 training error:  tensor(1.0476, device='cuda:0', grad_fn=<DivBackward0>)
Memory status after this epoch: 
Memory allocated:  86.66552734375
Memory cached:  380.0
	 epoch  10 training error:  tensor(0.7900, device='cuda:0', grad_fn=<DivBackward0>)
Memory status after this epoch: 
Memory allocated:  86.66552734375
Memory cached:  380.0
	 epoch  20 training error:  tensor(0.7222, device='cuda:0', grad_fn=<DivBackward0>)
Memory status after this epoch: 
Memory allocated:  86.66552734375
Memory cached:  380.0
	 epoch  30 training error:  tensor(0.6634, device='cuda:0', grad_fn=<DivBackward0>)
Memory status after this epoch: 
Memory allocated:  86.66552734375
Memory cached:  380.0
	 epoch  40 training error:  tensor(0.5974, device='cuda:0', grad_fn=<DivBackward0>)
Memory status after this epoch: 
Memory allocated:  86.66552734375
Memory cached:  380.0
	 epoch  50 training error:  tensor(0.5210, device='cuda:0', grad_fn=<DivBackward0>)
Memory status after this epoch: 
Memory allocated:  86.66552734375
Memory cached:  380.0
	 epoch  60 training error:  tensor(0.3225, device='cuda:0', grad_fn=<DivBackward0>)
Memory status after this epoch: 
Memory allocated:  86.66552734375
Memory cached:  380.0
	 epoch  70 training error:  tensor(0.2931, device='cuda:0', grad_fn=<DivBackward0>)
Memory status after this epoch: 
Memory allocated:  86.66552734375
Memory cached:  380.0
	 epoch  80 training error:  tensor(0.3530, device='cuda:0', grad_fn=<DivBackward0>)
Memory status after this epoch: 
Memory allocated:  86.66552734375
Memory cached:  380.0
	 epoch  90 training error:  tensor(0.2438, device='cuda:0', grad_fn=<DivBackward0>)
Memory status after this epoch: 
Memory allocated:  86.66552734375
Memory cached:  380.0
[I 2023-12-07 01:35:45,459] Trial 52 finished with value: 0.23926039040088654 and parameters: {'W_layers': 3, 'W_layer_units_exponent_0': 5, 'W_layer_units_exponent_1': 4, 'W_layer_units_exponent_2': 4, 'D_layers': 3, 'D_layer_units_exponent_0': 5, 'D_layer_units_exponent_1': 8, 'D_layer_units_exponent_2': 8, 'D_dagger_layers': 5, 'D_dagger_layer_units_exponent_0': 8, 'D_dagger_layer_units_exponent_1': 6, 'D_dagger_layer_units_exponent_2': 4, 'D_dagger_layer_units_exponent_3': 7, 'D_dagger_layer_units_exponent_4': 8, 'log_learning_rate': -4.344563995205173, 'log_learning_rate_D': -3.578746562388366, 'log_learning_rate_D_dagger': -2.758033607374733, 'training_batch_size': 8, 'training_p': 3}. Best is trial 36 with value: 0.10139856487512589.
Time for this trial:  151.94242930412292
Memory status after this trial: 
Memory allocated:  153.07763671875
Memory cached:  380.0
--------------------  Trial  53   --------------------
Start timing: 
Parameters: 
{'W_layers': 4, 'W_layer_units_exponent_0': 8, 'W_layer_units_exponent_1': 5, 'W_layer_units_exponent_2': 5, 'W_layer_units_exponent_3': 5, 'D_layers': 3, 'D_layer_units_exponent_0': 4, 'D_layer_units_exponent_1': 9, 'D_layer_units_exponent_2': 8, 'D_dagger_layers': 5, 'D_dagger_layer_units_exponent_0': 9, 'D_dagger_layer_units_exponent_1': 4, 'D_dagger_layer_units_exponent_2': 4, 'D_dagger_layer_units_exponent_3': 6, 'D_dagger_layer_units_exponent_4': 9, 'log_learning_rate': -4.083497481772298, 'log_learning_rate_D': -3.933589550392134, 'log_learning_rate_D_dagger': -3.0475952752211204, 'training_batch_size': 9, 'training_p': 3}
	 epoch  0 training error:  tensor(1.0129, device='cuda:0', grad_fn=<DivBackward0>)
Memory status after this epoch: 
Memory allocated:  87.68701171875
Memory cached:  390.0
	 epoch  10 training error:  tensor(0.7985, device='cuda:0', grad_fn=<DivBackward0>)
Memory status after this epoch: 
Memory allocated:  87.68701171875
Memory cached:  412.0
	 epoch  20 training error:  tensor(0.7415, device='cuda:0', grad_fn=<DivBackward0>)
Memory status after this epoch: 
Memory allocated:  87.68701171875
Memory cached:  416.0
	 epoch  30 training error:  tensor(0.6315, device='cuda:0', grad_fn=<DivBackward0>)
Memory status after this epoch: 
Memory allocated:  87.68701171875
Memory cached:  412.0
	 epoch  40 training error:  tensor(0.5267, device='cuda:0', grad_fn=<DivBackward0>)
Memory status after this epoch: 
Memory allocated:  87.68701171875
Memory cached:  410.0
	 epoch  50 training error:  tensor(0.3285, device='cuda:0', grad_fn=<DivBackward0>)
Memory status after this epoch: 
Memory allocated:  87.68701171875
Memory cached:  412.0
	 epoch  60 training error:  tensor(0.3832, device='cuda:0', grad_fn=<DivBackward0>)
Memory status after this epoch: 
Memory allocated:  87.68701171875
Memory cached:  410.0
	 epoch  70 training error:  tensor(0.2809, device='cuda:0', grad_fn=<DivBackward0>)
Memory status after this epoch: 
Memory allocated:  87.68701171875
Memory cached:  410.0
	 epoch  80 training error:  tensor(0.2722, device='cuda:0', grad_fn=<DivBackward0>)
Memory status after this epoch: 
Memory allocated:  87.68701171875
Memory cached:  416.0
	 epoch  90 training error:  tensor(0.2546, device='cuda:0', grad_fn=<DivBackward0>)
Memory status after this epoch: 
Memory allocated:  87.68701171875
Memory cached:  416.0
[I 2023-12-07 01:38:29,690] Trial 53 finished with value: 0.18007580935955048 and parameters: {'W_layers': 4, 'W_layer_units_exponent_0': 8, 'W_layer_units_exponent_1': 5, 'W_layer_units_exponent_2': 5, 'W_layer_units_exponent_3': 5, 'D_layers': 3, 'D_layer_units_exponent_0': 4, 'D_layer_units_exponent_1': 9, 'D_layer_units_exponent_2': 8, 'D_dagger_layers': 5, 'D_dagger_layer_units_exponent_0': 9, 'D_dagger_layer_units_exponent_1': 4, 'D_dagger_layer_units_exponent_2': 4, 'D_dagger_layer_units_exponent_3': 6, 'D_dagger_layer_units_exponent_4': 9, 'log_learning_rate': -4.083497481772298, 'log_learning_rate_D': -3.933589550392134, 'log_learning_rate_D_dagger': -3.0475952752211204, 'training_batch_size': 9, 'training_p': 3}. Best is trial 36 with value: 0.10139856487512589.
Time for this trial:  163.97504258155823
Memory status after this trial: 
Memory allocated:  200.96826171875
Memory cached:  410.0
--------------------  Trial  54   --------------------
Start timing: 
Parameters: 
{'W_layers': 4, 'W_layer_units_exponent_0': 8, 'W_layer_units_exponent_1': 5, 'W_layer_units_exponent_2': 5, 'W_layer_units_exponent_3': 5, 'D_layers': 4, 'D_layer_units_exponent_0': 4, 'D_layer_units_exponent_1': 9, 'D_layer_units_exponent_2': 9, 'D_layer_units_exponent_3': 5, 'D_dagger_layers': 6, 'D_dagger_layer_units_exponent_0': 9, 'D_dagger_layer_units_exponent_1': 4, 'D_dagger_layer_units_exponent_2': 4, 'D_dagger_layer_units_exponent_3': 8, 'D_dagger_layer_units_exponent_4': 9, 'D_dagger_layer_units_exponent_5': 6, 'log_learning_rate': -3.942342480382182, 'log_learning_rate_D': -3.754451937418805, 'log_learning_rate_D_dagger': -3.342219419505705, 'training_batch_size': 9, 'training_p': 4}
	 epoch  0 training error:  tensor(1.0066, device='cuda:0', grad_fn=<DivBackward0>)
Memory status after this epoch: 
Memory allocated:  91.98583984375
Memory cached:  384.0
	 epoch  10 training error:  tensor(0.8217, device='cuda:0', grad_fn=<DivBackward0>)
Memory status after this epoch: 
Memory allocated:  91.98583984375
Memory cached:  410.0
	 epoch  20 training error:  tensor(0.7703, device='cuda:0', grad_fn=<DivBackward0>)
Memory status after this epoch: 
Memory allocated:  91.98583984375
Memory cached:  422.0
	 epoch  30 training error:  tensor(0.6039, device='cuda:0', grad_fn=<DivBackward0>)
Memory status after this epoch: 
Memory allocated:  91.98583984375
Memory cached:  418.0
	 epoch  40 training error:  tensor(0.4953, device='cuda:0', grad_fn=<DivBackward0>)
Memory status after this epoch: 
Memory allocated:  91.98583984375
Memory cached:  416.0
	 epoch  50 training error:  tensor(0.3846, device='cuda:0', grad_fn=<DivBackward0>)
Memory status after this epoch: 
Memory allocated:  91.98583984375
Memory cached:  422.0
	 epoch  60 training error:  tensor(0.3279, device='cuda:0', grad_fn=<DivBackward0>)
Memory status after this epoch: 
Memory allocated:  91.98583984375
Memory cached:  412.0
	 epoch  70 training error:  tensor(0.2967, device='cuda:0', grad_fn=<DivBackward0>)
Memory status after this epoch: 
Memory allocated:  91.98583984375
Memory cached:  416.0
	 epoch  80 training error:  tensor(0.2786, device='cuda:0', grad_fn=<DivBackward0>)
Memory status after this epoch: 
Memory allocated:  91.98583984375
Memory cached:  420.0
	 epoch  90 training error:  tensor(0.3674, device='cuda:0', grad_fn=<DivBackward0>)
Memory status after this epoch: 
Memory allocated:  91.98583984375
Memory cached:  414.0
[I 2023-12-07 01:41:33,465] Trial 54 finished with value: 0.21438565850257874 and parameters: {'W_layers': 4, 'W_layer_units_exponent_0': 8, 'W_layer_units_exponent_1': 5, 'W_layer_units_exponent_2': 5, 'W_layer_units_exponent_3': 5, 'D_layers': 4, 'D_layer_units_exponent_0': 4, 'D_layer_units_exponent_1': 9, 'D_layer_units_exponent_2': 9, 'D_layer_units_exponent_3': 5, 'D_dagger_layers': 6, 'D_dagger_layer_units_exponent_0': 9, 'D_dagger_layer_units_exponent_1': 4, 'D_dagger_layer_units_exponent_2': 4, 'D_dagger_layer_units_exponent_3': 8, 'D_dagger_layer_units_exponent_4': 9, 'D_dagger_layer_units_exponent_5': 6, 'log_learning_rate': -3.942342480382182, 'log_learning_rate_D': -3.754451937418805, 'log_learning_rate_D_dagger': -3.342219419505705, 'training_batch_size': 9, 'training_p': 4}. Best is trial 36 with value: 0.10139856487512589.
Time for this trial:  183.5183289051056
Memory status after this trial: 
Memory allocated:  237.12646484375
Memory cached:  406.0
--------------------  Trial  55   --------------------
Start timing: 
Parameters: 
{'W_layers': 4, 'W_layer_units_exponent_0': 8, 'W_layer_units_exponent_1': 6, 'W_layer_units_exponent_2': 5, 'W_layer_units_exponent_3': 7, 'D_layers': 3, 'D_layer_units_exponent_0': 4, 'D_layer_units_exponent_1': 9, 'D_layer_units_exponent_2': 7, 'D_dagger_layers': 4, 'D_dagger_layer_units_exponent_0': 9, 'D_dagger_layer_units_exponent_1': 4, 'D_dagger_layer_units_exponent_2': 5, 'D_dagger_layer_units_exponent_3': 6, 'log_learning_rate': -4.4964750245359735, 'log_learning_rate_D': -3.4886460500499505, 'log_learning_rate_D_dagger': -2.5622957986528276, 'training_batch_size': 9, 'training_p': 3}
	 epoch  0 training error:  tensor(0.9868, device='cuda:0', grad_fn=<DivBackward0>)
Memory status after this epoch: 
Memory allocated:  86.37646484375
Memory cached:  382.0
	 epoch  10 training error:  tensor(0.8265, device='cuda:0', grad_fn=<DivBackward0>)
Memory status after this epoch: 
Memory allocated:  86.37646484375
Memory cached:  386.0
	 epoch  20 training error:  tensor(0.7903, device='cuda:0', grad_fn=<DivBackward0>)
Memory status after this epoch: 
Memory allocated:  86.37646484375
Memory cached:  386.0
	 epoch  30 training error:  tensor(0.5586, device='cuda:0', grad_fn=<DivBackward0>)
Memory status after this epoch: 
Memory allocated:  86.37646484375
Memory cached:  384.0
	 epoch  40 training error:  tensor(0.4720, device='cuda:0', grad_fn=<DivBackward0>)
Memory status after this epoch: 
Memory allocated:  86.37646484375
Memory cached:  384.0
	 epoch  50 training error:  tensor(0.3746, device='cuda:0', grad_fn=<DivBackward0>)
Memory status after this epoch: 
Memory allocated:  86.37646484375
Memory cached:  386.0
	 epoch  60 training error:  tensor(0.2448, device='cuda:0', grad_fn=<DivBackward0>)
Memory status after this epoch: 
Memory allocated:  86.37646484375
Memory cached:  392.0
	 epoch  70 training error:  tensor(0.4693, device='cuda:0', grad_fn=<DivBackward0>)
Memory status after this epoch: 
Memory allocated:  86.37646484375
Memory cached:  386.0
	 epoch  80 training error:  tensor(0.3697, device='cuda:0', grad_fn=<DivBackward0>)
Memory status after this epoch: 
Memory allocated:  86.37646484375
Memory cached:  388.0
	 epoch  90 training error:  tensor(0.1446, device='cuda:0', grad_fn=<DivBackward0>)
Memory status after this epoch: 
Memory allocated:  86.37646484375
Memory cached:  388.0
[I 2023-12-07 01:44:07,778] Trial 55 finished with value: 0.09946881979703903 and parameters: {'W_layers': 4, 'W_layer_units_exponent_0': 8, 'W_layer_units_exponent_1': 6, 'W_layer_units_exponent_2': 5, 'W_layer_units_exponent_3': 7, 'D_layers': 3, 'D_layer_units_exponent_0': 4, 'D_layer_units_exponent_1': 9, 'D_layer_units_exponent_2': 7, 'D_dagger_layers': 4, 'D_dagger_layer_units_exponent_0': 9, 'D_dagger_layer_units_exponent_1': 4, 'D_dagger_layer_units_exponent_2': 5, 'D_dagger_layer_units_exponent_3': 6, 'log_learning_rate': -4.4964750245359735, 'log_learning_rate_D': -3.4886460500499505, 'log_learning_rate_D_dagger': -2.5622957986528276, 'training_batch_size': 9, 'training_p': 3}. Best is trial 55 with value: 0.09946881979703903.
res:  tensor(0.0995, device='cuda:0', grad_fn=<DivBackward0>)
self.bestValue:  tensor(0.1014, device='cuda:0', grad_fn=<DivBackward0>)
Save this model!
Time for this trial:  154.09020233154297
Memory status after this trial: 
Memory allocated:  92.8056640625
Memory cached:  306.0
--------------------  Trial  56   --------------------
Start timing: 
Parameters: 
{'W_layers': 4, 'W_layer_units_exponent_0': 8, 'W_layer_units_exponent_1': 6, 'W_layer_units_exponent_2': 6, 'W_layer_units_exponent_3': 7, 'D_layers': 4, 'D_layer_units_exponent_0': 4, 'D_layer_units_exponent_1': 9, 'D_layer_units_exponent_2': 7, 'D_layer_units_exponent_3': 7, 'D_dagger_layers': 4, 'D_dagger_layer_units_exponent_0': 9, 'D_dagger_layer_units_exponent_1': 4, 'D_dagger_layer_units_exponent_2': 7, 'D_dagger_layer_units_exponent_3': 4, 'log_learning_rate': -4.499797541449141, 'log_learning_rate_D': -3.4763651412249446, 'log_learning_rate_D_dagger': -2.622051069388332, 'training_batch_size': 10, 'training_p': 2}
	 epoch  0 training error:  tensor(0.9466, device='cuda:0', grad_fn=<DivBackward0>)
Memory status after this epoch: 
Memory allocated:  94.90234375
Memory cached:  316.0
	 epoch  10 training error:  tensor(0.7431, device='cuda:0', grad_fn=<DivBackward0>)
Memory status after this epoch: 
Memory allocated:  94.90234375
Memory cached:  340.0
	 epoch  20 training error:  tensor(0.6496, device='cuda:0', grad_fn=<DivBackward0>)
Memory status after this epoch: 
Memory allocated:  94.90234375
Memory cached:  342.0
	 epoch  30 training error:  tensor(0.4874, device='cuda:0', grad_fn=<DivBackward0>)
Memory status after this epoch: 
Memory allocated:  94.90234375
Memory cached:  344.0
	 epoch  40 training error:  tensor(0.4451, device='cuda:0', grad_fn=<DivBackward0>)
Memory status after this epoch: 
Memory allocated:  94.90234375
Memory cached:  346.0
	 epoch  50 training error:  tensor(0.4342, device='cuda:0', grad_fn=<DivBackward0>)
Memory status after this epoch: 
Memory allocated:  94.90234375
Memory cached:  328.0
	 epoch  60 training error:  tensor(0.3540, device='cuda:0', grad_fn=<DivBackward0>)
Memory status after this epoch: 
Memory allocated:  94.90234375
Memory cached:  338.0
	 epoch  70 training error:  tensor(0.2732, device='cuda:0', grad_fn=<DivBackward0>)
Memory status after this epoch: 
Memory allocated:  94.90234375
Memory cached:  338.0
	 epoch  80 training error:  tensor(0.3331, device='cuda:0', grad_fn=<DivBackward0>)
Memory status after this epoch: 
Memory allocated:  94.90234375
Memory cached:  340.0
	 epoch  90 training error:  tensor(0.2305, device='cuda:0', grad_fn=<DivBackward0>)
Memory status after this epoch: 
Memory allocated:  94.90234375
Memory cached:  342.0
[I 2023-12-07 01:46:52,073] Trial 56 finished with value: 0.33353203535079956 and parameters: {'W_layers': 4, 'W_layer_units_exponent_0': 8, 'W_layer_units_exponent_1': 6, 'W_layer_units_exponent_2': 6, 'W_layer_units_exponent_3': 7, 'D_layers': 4, 'D_layer_units_exponent_0': 4, 'D_layer_units_exponent_1': 9, 'D_layer_units_exponent_2': 7, 'D_layer_units_exponent_3': 7, 'D_dagger_layers': 4, 'D_dagger_layer_units_exponent_0': 9, 'D_dagger_layer_units_exponent_1': 4, 'D_dagger_layer_units_exponent_2': 7, 'D_dagger_layer_units_exponent_3': 4, 'log_learning_rate': -4.499797541449141, 'log_learning_rate_D': -3.4763651412249446, 'log_learning_rate_D_dagger': -2.622051069388332, 'training_batch_size': 10, 'training_p': 2}. Best is trial 55 with value: 0.09946881979703903.
Time for this trial:  164.08332204818726
Memory status after this trial: 
Memory allocated:  197.267578125
Memory cached:  326.0
--------------------  Trial  57   --------------------
Start timing: 
Parameters: 
{'W_layers': 5, 'W_layer_units_exponent_0': 8, 'W_layer_units_exponent_1': 7, 'W_layer_units_exponent_2': 5, 'W_layer_units_exponent_3': 7, 'W_layer_units_exponent_4': 5, 'D_layers': 3, 'D_layer_units_exponent_0': 4, 'D_layer_units_exponent_1': 10, 'D_layer_units_exponent_2': 7, 'D_dagger_layers': 3, 'D_dagger_layer_units_exponent_0': 9, 'D_dagger_layer_units_exponent_1': 4, 'D_dagger_layer_units_exponent_2': 5, 'log_learning_rate': -4.8274565853952565, 'log_learning_rate_D': -3.3142345323896656, 'log_learning_rate_D_dagger': -2.3420265161846743, 'training_batch_size': 9, 'training_p': 4}
	 epoch  0 training error:  tensor(0.9871, device='cuda:0', grad_fn=<DivBackward0>)
Memory status after this epoch: 
Memory allocated:  95.978515625
Memory cached:  314.0
	 epoch  10 training error:  tensor(0.7385, device='cuda:0', grad_fn=<DivBackward0>)
Memory status after this epoch: 
Memory allocated:  95.978515625
Memory cached:  346.0
	 epoch  20 training error:  tensor(0.6167, device='cuda:0', grad_fn=<DivBackward0>)
Memory status after this epoch: 
Memory allocated:  95.978515625
Memory cached:  350.0
	 epoch  30 training error:  tensor(0.3928, device='cuda:0', grad_fn=<DivBackward0>)
Memory status after this epoch: 
Memory allocated:  95.978515625
Memory cached:  350.0
	 epoch  40 training error:  tensor(0.4182, device='cuda:0', grad_fn=<DivBackward0>)
Memory status after this epoch: 
Memory allocated:  95.978515625
Memory cached:  344.0
	 epoch  50 training error:  tensor(0.3317, device='cuda:0', grad_fn=<DivBackward0>)
Memory status after this epoch: 
Memory allocated:  95.978515625
Memory cached:  368.0
	 epoch  60 training error:  tensor(0.2155, device='cuda:0', grad_fn=<DivBackward0>)
Memory status after this epoch: 
Memory allocated:  95.978515625
Memory cached:  362.0
	 epoch  70 training error:  tensor(0.3159, device='cuda:0', grad_fn=<DivBackward0>)
Memory status after this epoch: 
Memory allocated:  95.978515625
Memory cached:  370.0
	 epoch  80 training error:  tensor(0.1535, device='cuda:0', grad_fn=<DivBackward0>)
Memory status after this epoch: 
Memory allocated:  95.978515625
Memory cached:  358.0
	 epoch  90 training error:  tensor(0.0993, device='cuda:0', grad_fn=<DivBackward0>)
Memory status after this epoch: 
Memory allocated:  95.978515625
Memory cached:  346.0
