[I 2024-01-11 12:34:55,904] Trial 157 finished with value: 0.20728932321071625 and parameters: {'W_layers': 8, 'W_layer_units_exponent_0': 6, 'W_layer_units_exponent_1': 4, 'W_layer_units_exponent_2': 10, 'W_layer_units_exponent_3': 7, 'W_layer_units_exponent_4': 5, 'W_layer_units_exponent_5': 10, 'W_layer_units_exponent_6': 5, 'W_layer_units_exponent_7': 6, 'D_layers': 4, 'D_layer_units_exponent_0': 7, 'D_layer_units_exponent_1': 10, 'D_layer_units_exponent_2': 4, 'D_layer_units_exponent_3': 7, 'D_dagger_layers': 4, 'D_dagger_layer_units_exponent_0': 7, 'D_dagger_layer_units_exponent_1': 10, 'D_dagger_layer_units_exponent_2': 4, 'D_dagger_layer_units_exponent_3': 8, 'log_learning_rate': -2.8875397985471776, 'log_learning_rate_D': -2.314983733359267, 'log_learning_rate_D_dagger': -4.023893774174655, 'training_batch_size': 7, 'training_p': 2}. Best is trial 147 with value: 0.20693741738796234.
Time for this trial:  27.746898889541626
Memory status after this trial: 
Memory allocated:  734.20751953125
Memory cached:  750.0
--------------------  Trial  158   --------------------
Start timing: 
Parameters: 
{'W_layers': 8, 'W_layer_units_exponent_0': 6, 'W_layer_units_exponent_1': 4, 'W_layer_units_exponent_2': 10, 'W_layer_units_exponent_3': 7, 'W_layer_units_exponent_4': 5, 'W_layer_units_exponent_5': 9, 'W_layer_units_exponent_6': 5, 'W_layer_units_exponent_7': 6, 'D_layers': 4, 'D_layer_units_exponent_0': 7, 'D_layer_units_exponent_1': 10, 'D_layer_units_exponent_2': 4, 'D_layer_units_exponent_3': 7, 'D_dagger_layers': 4, 'D_dagger_layer_units_exponent_0': 7, 'D_dagger_layer_units_exponent_1': 10, 'D_dagger_layer_units_exponent_2': 4, 'D_dagger_layer_units_exponent_3': 8, 'log_learning_rate': -2.8784697149877174, 'log_learning_rate_D': -2.2692422586224144, 'log_learning_rate_D_dagger': -4.090037326942939, 'training_batch_size': 7, 'training_p': 2}
	 epoch  0 training error:  tensor(0.9159, device='cuda:0', grad_fn=<DivBackward0>)
Memory status after this epoch: 
Memory allocated:  326.22802734375
Memory cached:  412.0
	 epoch  10 training error:  tensor(0.3517, device='cuda:0', grad_fn=<DivBackward0>)
Memory status after this epoch: 
Memory allocated:  326.22802734375
Memory cached:  412.0
	 epoch  20 training error:  tensor(0.2421, device='cuda:0', grad_fn=<DivBackward0>)
Memory status after this epoch: 
Memory allocated:  326.22802734375
Memory cached:  412.0
	 epoch  30 training error:  tensor(0.2211, device='cuda:0', grad_fn=<DivBackward0>)
Memory status after this epoch: 
Memory allocated:  326.22802734375
Memory cached:  412.0
	 epoch  40 training error:  tensor(0.2078, device='cuda:0', grad_fn=<DivBackward0>)
Memory status after this epoch: 
Memory allocated:  326.22802734375
Memory cached:  412.0
	 epoch  50 training error:  tensor(0.1984, device='cuda:0', grad_fn=<DivBackward0>)
Memory status after this epoch: 
Memory allocated:  326.22802734375
Memory cached:  412.0
	 epoch  60 training error:  tensor(0.1889, device='cuda:0', grad_fn=<DivBackward0>)
Memory status after this epoch: 
Memory allocated:  326.22802734375
Memory cached:  412.0
	 epoch  70 training error:  tensor(0.1842, device='cuda:0', grad_fn=<DivBackward0>)
Memory status after this epoch: 
Memory allocated:  326.22802734375
Memory cached:  412.0
	 epoch  80 training error:  tensor(0.1832, device='cuda:0', grad_fn=<DivBackward0>)
Memory status after this epoch: 
Memory allocated:  326.22802734375
Memory cached:  412.0
	 epoch  90 training error:  tensor(0.1838, device='cuda:0', grad_fn=<DivBackward0>)
Memory status after this epoch: 
Memory allocated:  326.22802734375
Memory cached:  412.0
[I 2024-01-11 12:35:23,856] Trial 158 finished with value: 0.2097056657075882 and parameters: {'W_layers': 8, 'W_layer_units_exponent_0': 6, 'W_layer_units_exponent_1': 4, 'W_layer_units_exponent_2': 10, 'W_layer_units_exponent_3': 7, 'W_layer_units_exponent_4': 5, 'W_layer_units_exponent_5': 9, 'W_layer_units_exponent_6': 5, 'W_layer_units_exponent_7': 6, 'D_layers': 4, 'D_layer_units_exponent_0': 7, 'D_layer_units_exponent_1': 10, 'D_layer_units_exponent_2': 4, 'D_layer_units_exponent_3': 7, 'D_dagger_layers': 4, 'D_dagger_layer_units_exponent_0': 7, 'D_dagger_layer_units_exponent_1': 10, 'D_dagger_layer_units_exponent_2': 4, 'D_dagger_layer_units_exponent_3': 8, 'log_learning_rate': -2.8784697149877174, 'log_learning_rate_D': -2.2692422586224144, 'log_learning_rate_D_dagger': -4.090037326942939, 'training_batch_size': 7, 'training_p': 2}. Best is trial 147 with value: 0.20693741738796234.
Time for this trial:  27.561670064926147
Memory status after this trial: 
Memory allocated:  678.32861328125
Memory cached:  710.0
--------------------  Trial  159   --------------------
Start timing: 
Parameters: 
{'W_layers': 8, 'W_layer_units_exponent_0': 6, 'W_layer_units_exponent_1': 4, 'W_layer_units_exponent_2': 10, 'W_layer_units_exponent_3': 7, 'W_layer_units_exponent_4': 5, 'W_layer_units_exponent_5': 8, 'W_layer_units_exponent_6': 5, 'W_layer_units_exponent_7': 5, 'D_layers': 4, 'D_layer_units_exponent_0': 7, 'D_layer_units_exponent_1': 9, 'D_layer_units_exponent_2': 4, 'D_layer_units_exponent_3': 6, 'D_dagger_layers': 4, 'D_dagger_layer_units_exponent_0': 7, 'D_dagger_layer_units_exponent_1': 10, 'D_dagger_layer_units_exponent_2': 4, 'D_dagger_layer_units_exponent_3': 8, 'log_learning_rate': -3.1067054650830532, 'log_learning_rate_D': -2.490231418241727, 'log_learning_rate_D_dagger': -4.055458256383888, 'training_batch_size': 7, 'training_p': 2}
	 epoch  0 training error:  tensor(0.9735, device='cuda:0', grad_fn=<DivBackward0>)
Memory status after this epoch: 
Memory allocated:  325.67138671875
Memory cached:  412.0
	 epoch  10 training error:  tensor(0.3389, device='cuda:0', grad_fn=<DivBackward0>)
Memory status after this epoch: 
Memory allocated:  325.67138671875
Memory cached:  412.0
	 epoch  20 training error:  tensor(0.2385, device='cuda:0', grad_fn=<DivBackward0>)
Memory status after this epoch: 
Memory allocated:  325.67138671875
Memory cached:  412.0
	 epoch  30 training error:  tensor(0.2192, device='cuda:0', grad_fn=<DivBackward0>)
Memory status after this epoch: 
Memory allocated:  325.67138671875
Memory cached:  412.0
	 epoch  40 training error:  tensor(0.2096, device='cuda:0', grad_fn=<DivBackward0>)
Memory status after this epoch: 
Memory allocated:  325.67138671875
Memory cached:  412.0
	 epoch  50 training error:  tensor(0.1999, device='cuda:0', grad_fn=<DivBackward0>)
Memory status after this epoch: 
Memory allocated:  325.67138671875
Memory cached:  412.0
	 epoch  60 training error:  tensor(0.1908, device='cuda:0', grad_fn=<DivBackward0>)
Memory status after this epoch: 
Memory allocated:  325.67138671875
Memory cached:  412.0
	 epoch  70 training error:  tensor(0.1840, device='cuda:0', grad_fn=<DivBackward0>)
Memory status after this epoch: 
Memory allocated:  325.67138671875
Memory cached:  412.0
	 epoch  80 training error:  tensor(0.1850, device='cuda:0', grad_fn=<DivBackward0>)
Memory status after this epoch: 
Memory allocated:  325.67138671875
Memory cached:  412.0
	 epoch  90 training error:  tensor(0.1828, device='cuda:0', grad_fn=<DivBackward0>)
Memory status after this epoch: 
Memory allocated:  325.67138671875
Memory cached:  412.0
[I 2024-01-11 12:35:50,955] Trial 159 finished with value: 0.20800764858722687 and parameters: {'W_layers': 8, 'W_layer_units_exponent_0': 6, 'W_layer_units_exponent_1': 4, 'W_layer_units_exponent_2': 10, 'W_layer_units_exponent_3': 7, 'W_layer_units_exponent_4': 5, 'W_layer_units_exponent_5': 8, 'W_layer_units_exponent_6': 5, 'W_layer_units_exponent_7': 5, 'D_layers': 4, 'D_layer_units_exponent_0': 7, 'D_layer_units_exponent_1': 9, 'D_layer_units_exponent_2': 4, 'D_layer_units_exponent_3': 6, 'D_dagger_layers': 4, 'D_dagger_layer_units_exponent_0': 7, 'D_dagger_layer_units_exponent_1': 10, 'D_dagger_layer_units_exponent_2': 4, 'D_dagger_layer_units_exponent_3': 8, 'log_learning_rate': -3.1067054650830532, 'log_learning_rate_D': -2.490231418241727, 'log_learning_rate_D_dagger': -4.055458256383888, 'training_batch_size': 7, 'training_p': 2}. Best is trial 147 with value: 0.20693741738796234.
Time for this trial:  26.64653253555298
Memory status after this trial: 
Memory allocated:  646.88916015625
Memory cached:  662.0
--------------------  Trial  160   --------------------
Start timing: 
Parameters: 
{'W_layers': 8, 'W_layer_units_exponent_0': 5, 'W_layer_units_exponent_1': 4, 'W_layer_units_exponent_2': 10, 'W_layer_units_exponent_3': 7, 'W_layer_units_exponent_4': 5, 'W_layer_units_exponent_5': 10, 'W_layer_units_exponent_6': 4, 'W_layer_units_exponent_7': 6, 'D_layers': 4, 'D_layer_units_exponent_0': 7, 'D_layer_units_exponent_1': 10, 'D_layer_units_exponent_2': 4, 'D_layer_units_exponent_3': 7, 'D_dagger_layers': 4, 'D_dagger_layer_units_exponent_0': 7, 'D_dagger_layer_units_exponent_1': 10, 'D_dagger_layer_units_exponent_2': 4, 'D_dagger_layer_units_exponent_3': 10, 'log_learning_rate': -2.9935768096667106, 'log_learning_rate_D': -2.2385097307783703, 'log_learning_rate_D_dagger': -3.880056474737804, 'training_batch_size': 7, 'training_p': 2}
	 epoch  0 training error:  tensor(0.9544, device='cuda:0', grad_fn=<DivBackward0>)
Memory status after this epoch: 
Memory allocated:  326.67333984375
Memory cached:  414.0
	 epoch  10 training error:  tensor(0.2769, device='cuda:0', grad_fn=<DivBackward0>)
Memory status after this epoch: 
Memory allocated:  326.67333984375
Memory cached:  414.0
	 epoch  20 training error:  tensor(0.2216, device='cuda:0', grad_fn=<DivBackward0>)
Memory status after this epoch: 
Memory allocated:  326.67333984375
Memory cached:  414.0
	 epoch  30 training error:  tensor(0.1989, device='cuda:0', grad_fn=<DivBackward0>)
Memory status after this epoch: 
Memory allocated:  326.67333984375
Memory cached:  414.0
	 epoch  40 training error:  tensor(0.1923, device='cuda:0', grad_fn=<DivBackward0>)
Memory status after this epoch: 
Memory allocated:  326.67333984375
Memory cached:  414.0
	 epoch  50 training error:  tensor(0.1908, device='cuda:0', grad_fn=<DivBackward0>)
Memory status after this epoch: 
Memory allocated:  326.67333984375
Memory cached:  414.0
	 epoch  60 training error:  tensor(0.1901, device='cuda:0', grad_fn=<DivBackward0>)
Memory status after this epoch: 
Memory allocated:  326.67333984375
Memory cached:  414.0
	 epoch  70 training error:  tensor(0.1918, device='cuda:0', grad_fn=<DivBackward0>)
Memory status after this epoch: 
Memory allocated:  326.67333984375
Memory cached:  414.0
	 epoch  80 training error:  tensor(0.1876, device='cuda:0', grad_fn=<DivBackward0>)
Memory status after this epoch: 
Memory allocated:  326.67333984375
Memory cached:  414.0
	 epoch  90 training error:  tensor(0.1824, device='cuda:0', grad_fn=<DivBackward0>)
Memory status after this epoch: 
Memory allocated:  326.67333984375
Memory cached:  414.0
[I 2024-01-11 12:36:20,217] Trial 160 finished with value: 0.20721398293972015 and parameters: {'W_layers': 8, 'W_layer_units_exponent_0': 5, 'W_layer_units_exponent_1': 4, 'W_layer_units_exponent_2': 10, 'W_layer_units_exponent_3': 7, 'W_layer_units_exponent_4': 5, 'W_layer_units_exponent_5': 10, 'W_layer_units_exponent_6': 4, 'W_layer_units_exponent_7': 6, 'D_layers': 4, 'D_layer_units_exponent_0': 7, 'D_layer_units_exponent_1': 10, 'D_layer_units_exponent_2': 4, 'D_layer_units_exponent_3': 7, 'D_dagger_layers': 4, 'D_dagger_layer_units_exponent_0': 7, 'D_dagger_layer_units_exponent_1': 10, 'D_dagger_layer_units_exponent_2': 4, 'D_dagger_layer_units_exponent_3': 10, 'log_learning_rate': -2.9935768096667106, 'log_learning_rate_D': -2.2385097307783703, 'log_learning_rate_D_dagger': -3.880056474737804, 'training_batch_size': 7, 'training_p': 2}. Best is trial 147 with value: 0.20693741738796234.
Time for this trial:  28.848703622817993
Memory status after this trial: 
Memory allocated:  800.20556640625
Memory cached:  828.0
--------------------  Trial  161   --------------------
Start timing: 
Parameters: 
{'W_layers': 8, 'W_layer_units_exponent_0': 5, 'W_layer_units_exponent_1': 4, 'W_layer_units_exponent_2': 10, 'W_layer_units_exponent_3': 7, 'W_layer_units_exponent_4': 5, 'W_layer_units_exponent_5': 10, 'W_layer_units_exponent_6': 4, 'W_layer_units_exponent_7': 6, 'D_layers': 4, 'D_layer_units_exponent_0': 7, 'D_layer_units_exponent_1': 10, 'D_layer_units_exponent_2': 5, 'D_layer_units_exponent_3': 7, 'D_dagger_layers': 4, 'D_dagger_layer_units_exponent_0': 7, 'D_dagger_layer_units_exponent_1': 10, 'D_dagger_layer_units_exponent_2': 4, 'D_dagger_layer_units_exponent_3': 10, 'log_learning_rate': -2.8981319960208274, 'log_learning_rate_D': -2.345924828647913, 'log_learning_rate_D_dagger': -3.921813523437513, 'training_batch_size': 7, 'training_p': 2}
	 epoch  0 training error:  tensor(0.9029, device='cuda:0', grad_fn=<DivBackward0>)
Memory status after this epoch: 
Memory allocated:  326.74365234375
Memory cached:  414.0
	 epoch  10 training error:  tensor(0.2526, device='cuda:0', grad_fn=<DivBackward0>)
Memory status after this epoch: 
Memory allocated:  326.74365234375
Memory cached:  414.0
	 epoch  20 training error:  tensor(0.2173, device='cuda:0', grad_fn=<DivBackward0>)
Memory status after this epoch: 
Memory allocated:  326.74365234375
Memory cached:  414.0
	 epoch  30 training error:  tensor(0.2005, device='cuda:0', grad_fn=<DivBackward0>)
Memory status after this epoch: 
Memory allocated:  326.74365234375
Memory cached:  414.0
	 epoch  40 training error:  tensor(0.1861, device='cuda:0', grad_fn=<DivBackward0>)
Memory status after this epoch: 
Memory allocated:  326.74365234375
Memory cached:  414.0
	 epoch  50 training error:  tensor(0.1833, device='cuda:0', grad_fn=<DivBackward0>)
Memory status after this epoch: 
Memory allocated:  326.74365234375
Memory cached:  414.0
	 epoch  60 training error:  tensor(0.1825, device='cuda:0', grad_fn=<DivBackward0>)
Memory status after this epoch: 
Memory allocated:  326.74365234375
Memory cached:  414.0
	 epoch  70 training error:  tensor(0.1840, device='cuda:0', grad_fn=<DivBackward0>)
Memory status after this epoch: 
Memory allocated:  326.74365234375
Memory cached:  414.0
	 epoch  80 training error:  tensor(0.1832, device='cuda:0', grad_fn=<DivBackward0>)
Memory status after this epoch: 
Memory allocated:  326.74365234375
Memory cached:  414.0
	 epoch  90 training error:  tensor(0.1828, device='cuda:0', grad_fn=<DivBackward0>)
Memory status after this epoch: 
Memory allocated:  326.74365234375
Memory cached:  414.0
[I 2024-01-11 12:36:49,171] Trial 161 finished with value: 0.20756106078624725 and parameters: {'W_layers': 8, 'W_layer_units_exponent_0': 5, 'W_layer_units_exponent_1': 4, 'W_layer_units_exponent_2': 10, 'W_layer_units_exponent_3': 7, 'W_layer_units_exponent_4': 5, 'W_layer_units_exponent_5': 10, 'W_layer_units_exponent_6': 4, 'W_layer_units_exponent_7': 6, 'D_layers': 4, 'D_layer_units_exponent_0': 7, 'D_layer_units_exponent_1': 10, 'D_layer_units_exponent_2': 5, 'D_layer_units_exponent_3': 7, 'D_dagger_layers': 4, 'D_dagger_layer_units_exponent_0': 7, 'D_dagger_layer_units_exponent_1': 10, 'D_dagger_layer_units_exponent_2': 4, 'D_dagger_layer_units_exponent_3': 10, 'log_learning_rate': -2.8981319960208274, 'log_learning_rate_D': -2.345924828647913, 'log_learning_rate_D_dagger': -3.921813523437513, 'training_batch_size': 7, 'training_p': 2}. Best is trial 147 with value: 0.20693741738796234.
Time for this trial:  28.503952980041504
Memory status after this trial: 
Memory allocated:  800.20556640625
Memory cached:  828.0
--------------------  Trial  162   --------------------
Start timing: 
Parameters: 
{'W_layers': 8, 'W_layer_units_exponent_0': 5, 'W_layer_units_exponent_1': 4, 'W_layer_units_exponent_2': 10, 'W_layer_units_exponent_3': 7, 'W_layer_units_exponent_4': 5, 'W_layer_units_exponent_5': 10, 'W_layer_units_exponent_6': 4, 'W_layer_units_exponent_7': 6, 'D_layers': 4, 'D_layer_units_exponent_0': 7, 'D_layer_units_exponent_1': 10, 'D_layer_units_exponent_2': 4, 'D_layer_units_exponent_3': 7, 'D_dagger_layers': 4, 'D_dagger_layer_units_exponent_0': 7, 'D_dagger_layer_units_exponent_1': 10, 'D_dagger_layer_units_exponent_2': 4, 'D_dagger_layer_units_exponent_3': 10, 'log_learning_rate': -2.9574447754690243, 'log_learning_rate_D': -2.241092324892757, 'log_learning_rate_D_dagger': -3.9140205288330163, 'training_batch_size': 7, 'training_p': 2}
	 epoch  0 training error:  tensor(0.9454, device='cuda:0', grad_fn=<DivBackward0>)
Memory status after this epoch: 
Memory allocated:  326.67333984375
Memory cached:  414.0
	 epoch  10 training error:  tensor(0.2778, device='cuda:0', grad_fn=<DivBackward0>)
Memory status after this epoch: 
Memory allocated:  326.67333984375
Memory cached:  414.0
	 epoch  20 training error:  tensor(0.2219, device='cuda:0', grad_fn=<DivBackward0>)
Memory status after this epoch: 
Memory allocated:  326.67333984375
Memory cached:  414.0
	 epoch  30 training error:  tensor(0.1975, device='cuda:0', grad_fn=<DivBackward0>)
Memory status after this epoch: 
Memory allocated:  326.67333984375
Memory cached:  414.0
	 epoch  40 training error:  tensor(0.1868, device='cuda:0', grad_fn=<DivBackward0>)
Memory status after this epoch: 
Memory allocated:  326.67333984375
Memory cached:  414.0
	 epoch  50 training error:  tensor(0.1839, device='cuda:0', grad_fn=<DivBackward0>)
Memory status after this epoch: 
Memory allocated:  326.67333984375
Memory cached:  414.0
	 epoch  60 training error:  tensor(0.1851, device='cuda:0', grad_fn=<DivBackward0>)
Memory status after this epoch: 
Memory allocated:  326.67333984375
Memory cached:  414.0
	 epoch  70 training error:  tensor(0.1849, device='cuda:0', grad_fn=<DivBackward0>)
Memory status after this epoch: 
Memory allocated:  326.67333984375
Memory cached:  414.0
	 epoch  80 training error:  tensor(0.1826, device='cuda:0', grad_fn=<DivBackward0>)
Memory status after this epoch: 
Memory allocated:  326.67333984375
Memory cached:  414.0
	 epoch  90 training error:  tensor(0.1832, device='cuda:0', grad_fn=<DivBackward0>)
Memory status after this epoch: 
Memory allocated:  326.67333984375
Memory cached:  414.0
[I 2024-01-11 12:37:18,091] Trial 162 finished with value: 0.2082533836364746 and parameters: {'W_layers': 8, 'W_layer_units_exponent_0': 5, 'W_layer_units_exponent_1': 4, 'W_layer_units_exponent_2': 10, 'W_layer_units_exponent_3': 7, 'W_layer_units_exponent_4': 5, 'W_layer_units_exponent_5': 10, 'W_layer_units_exponent_6': 4, 'W_layer_units_exponent_7': 6, 'D_layers': 4, 'D_layer_units_exponent_0': 7, 'D_layer_units_exponent_1': 10, 'D_layer_units_exponent_2': 4, 'D_layer_units_exponent_3': 7, 'D_dagger_layers': 4, 'D_dagger_layer_units_exponent_0': 7, 'D_dagger_layer_units_exponent_1': 10, 'D_dagger_layer_units_exponent_2': 4, 'D_dagger_layer_units_exponent_3': 10, 'log_learning_rate': -2.9574447754690243, 'log_learning_rate_D': -2.241092324892757, 'log_learning_rate_D_dagger': -3.9140205288330163, 'training_batch_size': 7, 'training_p': 2}. Best is trial 147 with value: 0.20693741738796234.
Time for this trial:  28.52585530281067
Memory status after this trial: 
Memory allocated:  800.20556640625
Memory cached:  828.0
--------------------  Trial  163   --------------------
Start timing: 
Parameters: 
{'W_layers': 8, 'W_layer_units_exponent_0': 5, 'W_layer_units_exponent_1': 4, 'W_layer_units_exponent_2': 10, 'W_layer_units_exponent_3': 7, 'W_layer_units_exponent_4': 5, 'W_layer_units_exponent_5': 10, 'W_layer_units_exponent_6': 4, 'W_layer_units_exponent_7': 6, 'D_layers': 4, 'D_layer_units_exponent_0': 7, 'D_layer_units_exponent_1': 10, 'D_layer_units_exponent_2': 5, 'D_layer_units_exponent_3': 7, 'D_dagger_layers': 4, 'D_dagger_layer_units_exponent_0': 7, 'D_dagger_layer_units_exponent_1': 10, 'D_dagger_layer_units_exponent_2': 4, 'D_dagger_layer_units_exponent_3': 10, 'log_learning_rate': -2.806279590235579, 'log_learning_rate_D': -2.3250147661065195, 'log_learning_rate_D_dagger': -4.021630567433404, 'training_batch_size': 7, 'training_p': 2}
	 epoch  0 training error:  tensor(1.0624, device='cuda:0', grad_fn=<DivBackward0>)
Memory status after this epoch: 
Memory allocated:  326.74365234375
Memory cached:  414.0
	 epoch  10 training error:  tensor(0.2627, device='cuda:0', grad_fn=<DivBackward0>)
Memory status after this epoch: 
Memory allocated:  326.74365234375
Memory cached:  414.0
	 epoch  20 training error:  tensor(0.2244, device='cuda:0', grad_fn=<DivBackward0>)
Memory status after this epoch: 
Memory allocated:  326.74365234375
Memory cached:  414.0
	 epoch  30 training error:  tensor(0.2108, device='cuda:0', grad_fn=<DivBackward0>)
Memory status after this epoch: 
Memory allocated:  326.74365234375
Memory cached:  414.0
	 epoch  40 training error:  tensor(0.1955, device='cuda:0', grad_fn=<DivBackward0>)
Memory status after this epoch: 
Memory allocated:  326.74365234375
Memory cached:  414.0
	 epoch  50 training error:  tensor(0.1849, device='cuda:0', grad_fn=<DivBackward0>)
Memory status after this epoch: 
Memory allocated:  326.74365234375
Memory cached:  414.0
	 epoch  60 training error:  tensor(0.1843, device='cuda:0', grad_fn=<DivBackward0>)
Memory status after this epoch: 
Memory allocated:  326.74365234375
Memory cached:  414.0
	 epoch  70 training error:  tensor(0.1833, device='cuda:0', grad_fn=<DivBackward0>)
Memory status after this epoch: 
Memory allocated:  326.74365234375
Memory cached:  414.0
	 epoch  80 training error:  tensor(0.1830, device='cuda:0', grad_fn=<DivBackward0>)
Memory status after this epoch: 
Memory allocated:  326.74365234375
Memory cached:  414.0
	 epoch  90 training error:  tensor(0.1839, device='cuda:0', grad_fn=<DivBackward0>)
Memory status after this epoch: 
Memory allocated:  326.74365234375
Memory cached:  414.0
