[I 2023-12-20 18:32:53,787] Trial 59 finished with value: 0.32821008563041687 and parameters: {'W_layers': 5, 'W_layer_units_exponent_0': 8, 'W_layer_units_exponent_1': 7, 'W_layer_units_exponent_2': 9, 'W_layer_units_exponent_3': 10, 'W_layer_units_exponent_4': 4, 'D_layers': 4, 'D_layer_units_exponent_0': 7, 'D_layer_units_exponent_1': 7, 'D_layer_units_exponent_2': 8, 'D_layer_units_exponent_3': 9, 'D_dagger_layers': 7, 'D_dagger_layer_units_exponent_0': 4, 'D_dagger_layer_units_exponent_1': 7, 'D_dagger_layer_units_exponent_2': 8, 'D_dagger_layer_units_exponent_3': 7, 'D_dagger_layer_units_exponent_4': 9, 'D_dagger_layer_units_exponent_5': 4, 'D_dagger_layer_units_exponent_6': 8, 'log_learning_rate': -3.4078502296937137, 'log_learning_rate_D': -3.8285675851668737, 'log_learning_rate_D_dagger': -3.957737143547829, 'training_batch_size': 11, 'training_p': 2}. Best is trial 6 with value: 0.3267160654067993.
Time for this trial:  21.873401880264282
Memory status after this trial: 
Memory allocated:  311.01806640625
Memory cached:  342.0
--------------------  Trial  60   --------------------
Start timing: 
Parameters: 
{'W_layers': 5, 'W_layer_units_exponent_0': 8, 'W_layer_units_exponent_1': 8, 'W_layer_units_exponent_2': 9, 'W_layer_units_exponent_3': 9, 'W_layer_units_exponent_4': 4, 'D_layers': 4, 'D_layer_units_exponent_0': 7, 'D_layer_units_exponent_1': 5, 'D_layer_units_exponent_2': 8, 'D_layer_units_exponent_3': 9, 'D_dagger_layers': 7, 'D_dagger_layer_units_exponent_0': 5, 'D_dagger_layer_units_exponent_1': 7, 'D_dagger_layer_units_exponent_2': 8, 'D_dagger_layer_units_exponent_3': 7, 'D_dagger_layer_units_exponent_4': 10, 'D_dagger_layer_units_exponent_5': 4, 'D_dagger_layer_units_exponent_6': 9, 'log_learning_rate': -3.3809736102488364, 'log_learning_rate_D': -3.441935916940687, 'log_learning_rate_D_dagger': -4.134700447227772, 'training_batch_size': 11, 'training_p': 2}
	 epoch  0 training error:  tensor(0.9788, device='cuda:0', grad_fn=<DivBackward0>)
Memory status after this epoch: 
Memory allocated:  141.1865234375
Memory cached:  180.0
	 epoch  10 training error:  tensor(0.4416, device='cuda:0', grad_fn=<DivBackward0>)
Memory status after this epoch: 
Memory allocated:  141.1865234375
Memory cached:  182.0
	 epoch  20 training error:  tensor(0.4426, device='cuda:0', grad_fn=<DivBackward0>)
Memory status after this epoch: 
Memory allocated:  141.1865234375
Memory cached:  182.0
	 epoch  30 training error:  tensor(0.4075, device='cuda:0', grad_fn=<DivBackward0>)
Memory status after this epoch: 
Memory allocated:  141.1865234375
Memory cached:  182.0
	 epoch  40 training error:  tensor(0.3447, device='cuda:0', grad_fn=<DivBackward0>)
Memory status after this epoch: 
Memory allocated:  141.1865234375
Memory cached:  182.0
	 epoch  50 training error:  tensor(0.2941, device='cuda:0', grad_fn=<DivBackward0>)
Memory status after this epoch: 
Memory allocated:  141.1865234375
Memory cached:  182.0
	 epoch  60 training error:  tensor(0.2967, device='cuda:0', grad_fn=<DivBackward0>)
Memory status after this epoch: 
Memory allocated:  141.1865234375
Memory cached:  182.0
	 epoch  70 training error:  tensor(0.2925, device='cuda:0', grad_fn=<DivBackward0>)
Memory status after this epoch: 
Memory allocated:  141.1865234375
Memory cached:  182.0
	 epoch  80 training error:  tensor(0.2992, device='cuda:0', grad_fn=<DivBackward0>)
Memory status after this epoch: 
Memory allocated:  141.1865234375
Memory cached:  182.0
	 epoch  90 training error:  tensor(0.2901, device='cuda:0', grad_fn=<DivBackward0>)
Memory status after this epoch: 
Memory allocated:  141.1865234375
Memory cached:  182.0
[I 2023-12-20 18:33:16,395] Trial 60 finished with value: 0.3290102481842041 and parameters: {'W_layers': 5, 'W_layer_units_exponent_0': 8, 'W_layer_units_exponent_1': 8, 'W_layer_units_exponent_2': 9, 'W_layer_units_exponent_3': 9, 'W_layer_units_exponent_4': 4, 'D_layers': 4, 'D_layer_units_exponent_0': 7, 'D_layer_units_exponent_1': 5, 'D_layer_units_exponent_2': 8, 'D_layer_units_exponent_3': 9, 'D_dagger_layers': 7, 'D_dagger_layer_units_exponent_0': 5, 'D_dagger_layer_units_exponent_1': 7, 'D_dagger_layer_units_exponent_2': 8, 'D_dagger_layer_units_exponent_3': 7, 'D_dagger_layer_units_exponent_4': 10, 'D_dagger_layer_units_exponent_5': 4, 'D_dagger_layer_units_exponent_6': 9, 'log_learning_rate': -3.3809736102488364, 'log_learning_rate_D': -3.441935916940687, 'log_learning_rate_D_dagger': -4.134700447227772, 'training_batch_size': 11, 'training_p': 2}. Best is trial 6 with value: 0.3267160654067993.
Time for this trial:  22.255724906921387
Memory status after this trial: 
Memory allocated:  330.33837890625
Memory cached:  350.0
--------------------  Trial  61   --------------------
Start timing: 
Parameters: 
{'W_layers': 4, 'W_layer_units_exponent_0': 8, 'W_layer_units_exponent_1': 7, 'W_layer_units_exponent_2': 8, 'W_layer_units_exponent_3': 10, 'D_layers': 2, 'D_layer_units_exponent_0': 6, 'D_layer_units_exponent_1': 8, 'D_dagger_layers': 8, 'D_dagger_layer_units_exponent_0': 7, 'D_dagger_layer_units_exponent_1': 6, 'D_dagger_layer_units_exponent_2': 8, 'D_dagger_layer_units_exponent_3': 6, 'D_dagger_layer_units_exponent_4': 8, 'D_dagger_layer_units_exponent_5': 4, 'D_dagger_layer_units_exponent_6': 9, 'D_dagger_layer_units_exponent_7': 7, 'log_learning_rate': -4.1356532358811595, 'log_learning_rate_D': -3.219071749387241, 'log_learning_rate_D_dagger': -3.9548985418747327, 'training_batch_size': 12, 'training_p': 3}
	 epoch  0 training error:  tensor(1.0913, device='cuda:0', grad_fn=<DivBackward0>)
Memory status after this epoch: 
Memory allocated:  137.19677734375
Memory cached:  180.0
	 epoch  10 training error:  tensor(0.4744, device='cuda:0', grad_fn=<DivBackward0>)
Memory status after this epoch: 
Memory allocated:  137.19677734375
Memory cached:  180.0
	 epoch  20 training error:  tensor(0.4768, device='cuda:0', grad_fn=<DivBackward0>)
Memory status after this epoch: 
Memory allocated:  137.19677734375
Memory cached:  180.0
	 epoch  30 training error:  tensor(0.4268, device='cuda:0', grad_fn=<DivBackward0>)
Memory status after this epoch: 
Memory allocated:  137.19677734375
Memory cached:  180.0
	 epoch  40 training error:  tensor(0.3906, device='cuda:0', grad_fn=<DivBackward0>)
Memory status after this epoch: 
Memory allocated:  137.19677734375
Memory cached:  180.0
	 epoch  50 training error:  tensor(0.3910, device='cuda:0', grad_fn=<DivBackward0>)
Memory status after this epoch: 
Memory allocated:  137.19677734375
Memory cached:  180.0
	 epoch  60 training error:  tensor(0.3832, device='cuda:0', grad_fn=<DivBackward0>)
Memory status after this epoch: 
Memory allocated:  137.19677734375
Memory cached:  180.0
	 epoch  70 training error:  tensor(0.3814, device='cuda:0', grad_fn=<DivBackward0>)
Memory status after this epoch: 
Memory allocated:  137.19677734375
Memory cached:  180.0
	 epoch  80 training error:  tensor(0.3813, device='cuda:0', grad_fn=<DivBackward0>)
Memory status after this epoch: 
Memory allocated:  137.19677734375
Memory cached:  180.0
	 epoch  90 training error:  tensor(0.3809, device='cuda:0', grad_fn=<DivBackward0>)
Memory status after this epoch: 
Memory allocated:  137.19677734375
Memory cached:  180.0
[I 2023-12-20 18:33:38,434] Trial 61 finished with value: 0.3510057330131531 and parameters: {'W_layers': 4, 'W_layer_units_exponent_0': 8, 'W_layer_units_exponent_1': 7, 'W_layer_units_exponent_2': 8, 'W_layer_units_exponent_3': 10, 'D_layers': 2, 'D_layer_units_exponent_0': 6, 'D_layer_units_exponent_1': 8, 'D_dagger_layers': 8, 'D_dagger_layer_units_exponent_0': 7, 'D_dagger_layer_units_exponent_1': 6, 'D_dagger_layer_units_exponent_2': 8, 'D_dagger_layer_units_exponent_3': 6, 'D_dagger_layer_units_exponent_4': 8, 'D_dagger_layer_units_exponent_5': 4, 'D_dagger_layer_units_exponent_6': 9, 'D_dagger_layer_units_exponent_7': 7, 'log_learning_rate': -4.1356532358811595, 'log_learning_rate_D': -3.219071749387241, 'log_learning_rate_D_dagger': -3.9548985418747327, 'training_batch_size': 12, 'training_p': 3}. Best is trial 6 with value: 0.3267160654067993.
Time for this trial:  21.698735237121582
Memory status after this trial: 
Memory allocated:  292.88818359375
Memory cached:  314.0
--------------------  Trial  62   --------------------
Start timing: 
Parameters: 
{'W_layers': 5, 'W_layer_units_exponent_0': 9, 'W_layer_units_exponent_1': 7, 'W_layer_units_exponent_2': 9, 'W_layer_units_exponent_3': 7, 'W_layer_units_exponent_4': 4, 'D_layers': 3, 'D_layer_units_exponent_0': 7, 'D_layer_units_exponent_1': 7, 'D_layer_units_exponent_2': 8, 'D_dagger_layers': 7, 'D_dagger_layer_units_exponent_0': 4, 'D_dagger_layer_units_exponent_1': 7, 'D_dagger_layer_units_exponent_2': 9, 'D_dagger_layer_units_exponent_3': 7, 'D_dagger_layer_units_exponent_4': 9, 'D_dagger_layer_units_exponent_5': 6, 'D_dagger_layer_units_exponent_6': 6, 'log_learning_rate': -3.7860894423801894, 'log_learning_rate_D': -3.8191602659844053, 'log_learning_rate_D_dagger': -3.700745750136718, 'training_batch_size': 11, 'training_p': 2}
	 epoch  0 training error:  tensor(1.0193, device='cuda:0', grad_fn=<DivBackward0>)
Memory status after this epoch: 
Memory allocated:  136.87109375
Memory cached:  180.0
	 epoch  10 training error:  tensor(0.4575, device='cuda:0', grad_fn=<DivBackward0>)
Memory status after this epoch: 
Memory allocated:  136.87109375
Memory cached:  180.0
	 epoch  20 training error:  tensor(0.3182, device='cuda:0', grad_fn=<DivBackward0>)
Memory status after this epoch: 
Memory allocated:  136.87109375
Memory cached:  180.0
	 epoch  30 training error:  tensor(0.3144, device='cuda:0', grad_fn=<DivBackward0>)
Memory status after this epoch: 
Memory allocated:  136.87109375
Memory cached:  180.0
	 epoch  40 training error:  tensor(0.2991, device='cuda:0', grad_fn=<DivBackward0>)
Memory status after this epoch: 
Memory allocated:  136.87109375
Memory cached:  180.0
	 epoch  50 training error:  tensor(0.2933, device='cuda:0', grad_fn=<DivBackward0>)
Memory status after this epoch: 
Memory allocated:  136.87109375
Memory cached:  180.0
	 epoch  60 training error:  tensor(0.2933, device='cuda:0', grad_fn=<DivBackward0>)
Memory status after this epoch: 
Memory allocated:  136.87109375
Memory cached:  180.0
	 epoch  70 training error:  tensor(0.2902, device='cuda:0', grad_fn=<DivBackward0>)
Memory status after this epoch: 
Memory allocated:  136.87109375
Memory cached:  180.0
	 epoch  80 training error:  tensor(0.2875, device='cuda:0', grad_fn=<DivBackward0>)
Memory status after this epoch: 
Memory allocated:  136.87109375
Memory cached:  180.0
	 epoch  90 training error:  tensor(0.2940, device='cuda:0', grad_fn=<DivBackward0>)
Memory status after this epoch: 
Memory allocated:  136.87109375
Memory cached:  180.0
[I 2023-12-20 18:34:00,747] Trial 62 finished with value: 0.3277154862880707 and parameters: {'W_layers': 5, 'W_layer_units_exponent_0': 9, 'W_layer_units_exponent_1': 7, 'W_layer_units_exponent_2': 9, 'W_layer_units_exponent_3': 7, 'W_layer_units_exponent_4': 4, 'D_layers': 3, 'D_layer_units_exponent_0': 7, 'D_layer_units_exponent_1': 7, 'D_layer_units_exponent_2': 8, 'D_dagger_layers': 7, 'D_dagger_layer_units_exponent_0': 4, 'D_dagger_layer_units_exponent_1': 7, 'D_dagger_layer_units_exponent_2': 9, 'D_dagger_layer_units_exponent_3': 7, 'D_dagger_layer_units_exponent_4': 9, 'D_dagger_layer_units_exponent_5': 6, 'D_dagger_layer_units_exponent_6': 6, 'log_learning_rate': -3.7860894423801894, 'log_learning_rate_D': -3.8191602659844053, 'log_learning_rate_D_dagger': -3.700745750136718, 'training_batch_size': 11, 'training_p': 2}. Best is trial 6 with value: 0.3267160654067993.
Time for this trial:  21.975786685943604
Memory status after this trial: 
Memory allocated:  280.81298828125
Memory cached:  306.0
--------------------  Trial  63   --------------------
Start timing: 
Parameters: 
{'W_layers': 5, 'W_layer_units_exponent_0': 9, 'W_layer_units_exponent_1': 7, 'W_layer_units_exponent_2': 9, 'W_layer_units_exponent_3': 7, 'W_layer_units_exponent_4': 4, 'D_layers': 3, 'D_layer_units_exponent_0': 7, 'D_layer_units_exponent_1': 7, 'D_layer_units_exponent_2': 8, 'D_dagger_layers': 7, 'D_dagger_layer_units_exponent_0': 4, 'D_dagger_layer_units_exponent_1': 7, 'D_dagger_layer_units_exponent_2': 9, 'D_dagger_layer_units_exponent_3': 7, 'D_dagger_layer_units_exponent_4': 9, 'D_dagger_layer_units_exponent_5': 5, 'D_dagger_layer_units_exponent_6': 6, 'log_learning_rate': -3.8193678697558484, 'log_learning_rate_D': -3.584321604820678, 'log_learning_rate_D_dagger': -3.6595295572734843, 'training_batch_size': 11, 'training_p': 2}
	 epoch  0 training error:  tensor(0.9785, device='cuda:0', grad_fn=<DivBackward0>)
Memory status after this epoch: 
Memory allocated:  136.58984375
Memory cached:  182.0
	 epoch  10 training error:  tensor(0.4941, device='cuda:0', grad_fn=<DivBackward0>)
Memory status after this epoch: 
Memory allocated:  136.58984375
Memory cached:  182.0
	 epoch  20 training error:  tensor(0.3495, device='cuda:0', grad_fn=<DivBackward0>)
Memory status after this epoch: 
Memory allocated:  136.58984375
Memory cached:  182.0
	 epoch  30 training error:  tensor(0.3151, device='cuda:0', grad_fn=<DivBackward0>)
Memory status after this epoch: 
Memory allocated:  136.58984375
Memory cached:  182.0
	 epoch  40 training error:  tensor(0.2991, device='cuda:0', grad_fn=<DivBackward0>)
Memory status after this epoch: 
Memory allocated:  136.58984375
Memory cached:  182.0
	 epoch  50 training error:  tensor(0.3004, device='cuda:0', grad_fn=<DivBackward0>)
Memory status after this epoch: 
Memory allocated:  136.58984375
Memory cached:  182.0
	 epoch  60 training error:  tensor(0.2938, device='cuda:0', grad_fn=<DivBackward0>)
Memory status after this epoch: 
Memory allocated:  136.58984375
Memory cached:  182.0
	 epoch  70 training error:  tensor(0.2932, device='cuda:0', grad_fn=<DivBackward0>)
Memory status after this epoch: 
Memory allocated:  136.58984375
Memory cached:  182.0
	 epoch  80 training error:  tensor(0.2934, device='cuda:0', grad_fn=<DivBackward0>)
Memory status after this epoch: 
Memory allocated:  136.58984375
Memory cached:  182.0
	 epoch  90 training error:  tensor(0.2876, device='cuda:0', grad_fn=<DivBackward0>)
Memory status after this epoch: 
Memory allocated:  136.58984375
Memory cached:  182.0
[I 2023-12-20 18:34:24,129] Trial 63 finished with value: 0.3284268081188202 and parameters: {'W_layers': 5, 'W_layer_units_exponent_0': 9, 'W_layer_units_exponent_1': 7, 'W_layer_units_exponent_2': 9, 'W_layer_units_exponent_3': 7, 'W_layer_units_exponent_4': 4, 'D_layers': 3, 'D_layer_units_exponent_0': 7, 'D_layer_units_exponent_1': 7, 'D_layer_units_exponent_2': 8, 'D_dagger_layers': 7, 'D_dagger_layer_units_exponent_0': 4, 'D_dagger_layer_units_exponent_1': 7, 'D_dagger_layer_units_exponent_2': 9, 'D_dagger_layer_units_exponent_3': 7, 'D_dagger_layer_units_exponent_4': 9, 'D_dagger_layer_units_exponent_5': 5, 'D_dagger_layer_units_exponent_6': 6, 'log_learning_rate': -3.8193678697558484, 'log_learning_rate_D': -3.584321604820678, 'log_learning_rate_D_dagger': -3.6595295572734843, 'training_batch_size': 11, 'training_p': 2}. Best is trial 6 with value: 0.3267160654067993.
Time for this trial:  23.00363302230835
Memory status after this trial: 
Memory allocated:  278.96337890625
Memory cached:  304.0
--------------------  Trial  64   --------------------
Start timing: 
Parameters: 
{'W_layers': 4, 'W_layer_units_exponent_0': 7, 'W_layer_units_exponent_1': 7, 'W_layer_units_exponent_2': 9, 'W_layer_units_exponent_3': 8, 'D_layers': 3, 'D_layer_units_exponent_0': 7, 'D_layer_units_exponent_1': 6, 'D_layer_units_exponent_2': 7, 'D_dagger_layers': 7, 'D_dagger_layer_units_exponent_0': 4, 'D_dagger_layer_units_exponent_1': 6, 'D_dagger_layer_units_exponent_2': 9, 'D_dagger_layer_units_exponent_3': 6, 'D_dagger_layer_units_exponent_4': 8, 'D_dagger_layer_units_exponent_5': 6, 'D_dagger_layer_units_exponent_6': 7, 'log_learning_rate': -3.5167912741266427, 'log_learning_rate_D': -3.903184428821809, 'log_learning_rate_D_dagger': -3.337101132861771, 'training_batch_size': 11, 'training_p': 2}
	 epoch  0 training error:  tensor(0.8992, device='cuda:0', grad_fn=<DivBackward0>)
Memory status after this epoch: 
Memory allocated:  134.9970703125
Memory cached:  180.0
	 epoch  10 training error:  tensor(0.4539, device='cuda:0', grad_fn=<DivBackward0>)
Memory status after this epoch: 
Memory allocated:  134.9970703125
Memory cached:  180.0
	 epoch  20 training error:  tensor(0.3438, device='cuda:0', grad_fn=<DivBackward0>)
Memory status after this epoch: 
Memory allocated:  134.9970703125
Memory cached:  180.0
	 epoch  30 training error:  tensor(0.3257, device='cuda:0', grad_fn=<DivBackward0>)
Memory status after this epoch: 
Memory allocated:  134.9970703125
Memory cached:  180.0
	 epoch  40 training error:  tensor(0.2978, device='cuda:0', grad_fn=<DivBackward0>)
Memory status after this epoch: 
Memory allocated:  134.9970703125
Memory cached:  180.0
	 epoch  50 training error:  tensor(0.2897, device='cuda:0', grad_fn=<DivBackward0>)
Memory status after this epoch: 
Memory allocated:  134.9970703125
Memory cached:  180.0
	 epoch  60 training error:  tensor(0.2976, device='cuda:0', grad_fn=<DivBackward0>)
Memory status after this epoch: 
Memory allocated:  134.9970703125
Memory cached:  180.0
	 epoch  70 training error:  tensor(0.2951, device='cuda:0', grad_fn=<DivBackward0>)
Memory status after this epoch: 
Memory allocated:  134.9970703125
Memory cached:  180.0
	 epoch  80 training error:  tensor(0.2840, device='cuda:0', grad_fn=<DivBackward0>)
Memory status after this epoch: 
Memory allocated:  134.9970703125
Memory cached:  180.0
	 epoch  90 training error:  tensor(0.2877, device='cuda:0', grad_fn=<DivBackward0>)
Memory status after this epoch: 
Memory allocated:  134.9970703125
Memory cached:  180.0
[I 2023-12-20 18:34:45,619] Trial 64 finished with value: 0.3303952217102051 and parameters: {'W_layers': 4, 'W_layer_units_exponent_0': 7, 'W_layer_units_exponent_1': 7, 'W_layer_units_exponent_2': 9, 'W_layer_units_exponent_3': 8, 'D_layers': 3, 'D_layer_units_exponent_0': 7, 'D_layer_units_exponent_1': 6, 'D_layer_units_exponent_2': 7, 'D_dagger_layers': 7, 'D_dagger_layer_units_exponent_0': 4, 'D_dagger_layer_units_exponent_1': 6, 'D_dagger_layer_units_exponent_2': 9, 'D_dagger_layer_units_exponent_3': 6, 'D_dagger_layer_units_exponent_4': 8, 'D_dagger_layer_units_exponent_5': 6, 'D_dagger_layer_units_exponent_6': 7, 'log_learning_rate': -3.5167912741266427, 'log_learning_rate_D': -3.903184428821809, 'log_learning_rate_D_dagger': -3.337101132861771, 'training_batch_size': 11, 'training_p': 2}. Best is trial 6 with value: 0.3267160654067993.
Time for this trial:  21.03637194633484
Memory status after this trial: 
Memory allocated:  244.59716796875
Memory cached:  260.0
--------------------  Trial  65   --------------------
Start timing: 
Parameters: 
{'W_layers': 5, 'W_layer_units_exponent_0': 9, 'W_layer_units_exponent_1': 9, 'W_layer_units_exponent_2': 8, 'W_layer_units_exponent_3': 7, 'W_layer_units_exponent_4': 4, 'D_layers': 2, 'D_layer_units_exponent_0': 7, 'D_layer_units_exponent_1': 7, 'D_dagger_layers': 7, 'D_dagger_layer_units_exponent_0': 4, 'D_dagger_layer_units_exponent_1': 7, 'D_dagger_layer_units_exponent_2': 10, 'D_dagger_layer_units_exponent_3': 7, 'D_dagger_layer_units_exponent_4': 10, 'D_dagger_layer_units_exponent_5': 4, 'D_dagger_layer_units_exponent_6': 6, 'log_learning_rate': -3.758345161163433, 'log_learning_rate_D': -4.1112227881425225, 'log_learning_rate_D_dagger': -3.5035605666222702, 'training_batch_size': 11, 'training_p': 2}
	 epoch  0 training error:  tensor(1.0102, device='cuda:0', grad_fn=<DivBackward0>)
Memory status after this epoch: 
Memory allocated:  142.96533203125
Memory cached:  180.0
	 epoch  10 training error:  tensor(0.4056, device='cuda:0', grad_fn=<DivBackward0>)
Memory status after this epoch: 
Memory allocated:  142.96533203125
Memory cached:  184.0
	 epoch  20 training error:  tensor(0.3355, device='cuda:0', grad_fn=<DivBackward0>)
Memory status after this epoch: 
Memory allocated:  142.96533203125
Memory cached:  184.0
	 epoch  30 training error:  tensor(0.3144, device='cuda:0', grad_fn=<DivBackward0>)
Memory status after this epoch: 
Memory allocated:  142.96533203125
Memory cached:  184.0
	 epoch  40 training error:  tensor(0.3007, device='cuda:0', grad_fn=<DivBackward0>)
Memory status after this epoch: 
Memory allocated:  142.96533203125
Memory cached:  182.0
	 epoch  50 training error:  tensor(0.2947, device='cuda:0', grad_fn=<DivBackward0>)
Memory status after this epoch: 
Memory allocated:  142.96533203125
Memory cached:  184.0
	 epoch  60 training error:  tensor(0.2968, device='cuda:0', grad_fn=<DivBackward0>)
Memory status after this epoch: 
Memory allocated:  142.96533203125
Memory cached:  182.0
	 epoch  70 training error:  tensor(0.2936, device='cuda:0', grad_fn=<DivBackward0>)
Memory status after this epoch: 
Memory allocated:  142.96533203125
Memory cached:  184.0
	 epoch  80 training error:  tensor(0.2930, device='cuda:0', grad_fn=<DivBackward0>)
Memory status after this epoch: 
Memory allocated:  142.96533203125
Memory cached:  182.0
	 epoch  90 training error:  tensor(0.2907, device='cuda:0', grad_fn=<DivBackward0>)
Memory status after this epoch: 
Memory allocated:  142.96533203125
Memory cached:  184.0
