[I 2024-03-03 06:34:21,901] Trial 71 finished with value: 0.053943514823913574 and parameters: {'W_layers': 6, 'W_layer_units_exponent_0': 4, 'W_layer_units_exponent_1': 8, 'W_layer_units_exponent_2': 8, 'W_layer_units_exponent_3': 9, 'W_layer_units_exponent_4': 10, 'W_layer_units_exponent_5': 6, 'D_layers': 6, 'D_layer_units_exponent_0': 7, 'D_layer_units_exponent_1': 10, 'D_layer_units_exponent_2': 9, 'D_layer_units_exponent_3': 10, 'D_layer_units_exponent_4': 8, 'D_layer_units_exponent_5': 9, 'D_dagger_layers': 6, 'D_dagger_layer_units_exponent_0': 9, 'D_dagger_layer_units_exponent_1': 10, 'D_dagger_layer_units_exponent_2': 7, 'D_dagger_layer_units_exponent_3': 9, 'D_dagger_layer_units_exponent_4': 4, 'D_dagger_layer_units_exponent_5': 5, 'log_learning_rate': -1.6637869978333546, 'log_learning_rate_D': -4.484688069980077, 'log_learning_rate_D_dagger': -3.4628974486518174, 'training_batch_size': 6, 'training_p': 7}. Best is trial 27 with value: 0.019390789791941643.
Time for this trial:  3646.664885997772
Memory status after this trial: 
Memory allocated:  3374.2197265625
Memory cached:  3412.0
--------------------  Trial  72   --------------------
Start timing: 
Parameters: 
{'W_layers': 6, 'W_layer_units_exponent_0': 4, 'W_layer_units_exponent_1': 7, 'W_layer_units_exponent_2': 8, 'W_layer_units_exponent_3': 9, 'W_layer_units_exponent_4': 10, 'W_layer_units_exponent_5': 7, 'D_layers': 6, 'D_layer_units_exponent_0': 9, 'D_layer_units_exponent_1': 10, 'D_layer_units_exponent_2': 9, 'D_layer_units_exponent_3': 10, 'D_layer_units_exponent_4': 10, 'D_layer_units_exponent_5': 8, 'D_dagger_layers': 6, 'D_dagger_layer_units_exponent_0': 9, 'D_dagger_layer_units_exponent_1': 10, 'D_dagger_layer_units_exponent_2': 7, 'D_dagger_layer_units_exponent_3': 9, 'D_dagger_layer_units_exponent_4': 4, 'D_dagger_layer_units_exponent_5': 9, 'log_learning_rate': -2.0722646139655807, 'log_learning_rate_D': -4.559792736586435, 'log_learning_rate_D_dagger': -3.5309514925568117, 'training_batch_size': 6, 'training_p': 8}
	 epoch  0 training error:  tensor(6.3245, grad_fn=<ToCopyBackward0>)
Memory status after this epoch: 
Memory allocated:  1804.43896484375
Memory cached:  2916.0
	 epoch  10 training error:  tensor(0.3483, grad_fn=<ToCopyBackward0>)
Memory status after this epoch: 
Memory allocated:  1804.43896484375
Memory cached:  2916.0
	 epoch  20 training error:  tensor(0.2261, grad_fn=<ToCopyBackward0>)
Memory status after this epoch: 
Memory allocated:  1804.43896484375
Memory cached:  2916.0
	 epoch  30 training error:  tensor(0.1185, grad_fn=<ToCopyBackward0>)
Memory status after this epoch: 
Memory allocated:  1804.43896484375
Memory cached:  2916.0
	 epoch  40 training error:  tensor(0.0845, grad_fn=<ToCopyBackward0>)
Memory status after this epoch: 
Memory allocated:  1804.43896484375
Memory cached:  2916.0
	 epoch  50 training error:  tensor(0.1186, grad_fn=<ToCopyBackward0>)
Memory status after this epoch: 
Memory allocated:  1804.43896484375
Memory cached:  2916.0
	 epoch  60 training error:  tensor(0.0619, grad_fn=<ToCopyBackward0>)
Memory status after this epoch: 
Memory allocated:  1804.43896484375
Memory cached:  2916.0
	 epoch  70 training error:  tensor(0.0722, grad_fn=<ToCopyBackward0>)
Memory status after this epoch: 
Memory allocated:  1804.43896484375
Memory cached:  2916.0
	 epoch  80 training error:  tensor(0.0644, grad_fn=<ToCopyBackward0>)
Memory status after this epoch: 
Memory allocated:  1804.43896484375
Memory cached:  2916.0
Cuda is available:  True
Device is:  cuda
Memory allocated:  0.0
Memory cached:  0.0
Data file:  ./data/Trial0216_combined_800.pt
Vs.shape:  torch.Size([800, 100])
thetas.shape:  torch.Size([800, 100])
fs.shape:  torch.Size([800, 100])
ts.shape:  torch.Size([800, 100])
Xs.shape:  torch.Size([800, 100])
Pruned database has best value 0.019390789791941643.
--------------------  Trial  74   --------------------
Start timing: 
Parameters: 
{'W_layers': 6, 'W_layer_units_exponent_0': 4, 'W_layer_units_exponent_1': 7, 'W_layer_units_exponent_2': 8, 'W_layer_units_exponent_3': 9, 'W_layer_units_exponent_4': 10, 'W_layer_units_exponent_5': 7, 'D_layers': 6, 'D_layer_units_exponent_0': 9, 'D_layer_units_exponent_1': 10, 'D_layer_units_exponent_2': 9, 'D_layer_units_exponent_3': 10, 'D_layer_units_exponent_4': 10, 'D_layer_units_exponent_5': 8, 'D_dagger_layers': 6, 'D_dagger_layer_units_exponent_0': 9, 'D_dagger_layer_units_exponent_1': 10, 'D_dagger_layer_units_exponent_2': 7, 'D_dagger_layer_units_exponent_3': 9, 'D_dagger_layer_units_exponent_4': 4, 'D_dagger_layer_units_exponent_5': 9, 'log_learning_rate': -2.0571107562716686, 'log_learning_rate_D': -4.56972289543298, 'log_learning_rate_D_dagger': -3.530290036040169, 'training_batch_size': 6, 'training_p': 6}
	 epoch  0 training error:  tensor(18.9845, grad_fn=<ToCopyBackward0>)
Memory status after this epoch: 
Memory allocated:  101.97265625
Memory cached:  644.0
	 epoch  10 training error:  tensor(0.3354, grad_fn=<ToCopyBackward0>)
Memory status after this epoch: 
Memory allocated:  101.97265625
Memory cached:  474.0
	 epoch  20 training error:  tensor(0.2785, grad_fn=<ToCopyBackward0>)
Memory status after this epoch: 
Memory allocated:  101.97265625
Memory cached:  436.0
	 epoch  30 training error:  tensor(0.1489, grad_fn=<ToCopyBackward0>)
Memory status after this epoch: 
Memory allocated:  101.97265625
Memory cached:  460.0
	 epoch  40 training error:  tensor(0.0937, grad_fn=<ToCopyBackward0>)
Memory status after this epoch: 
Memory allocated:  101.97265625
Memory cached:  472.0
	 epoch  50 training error:  tensor(0.0762, grad_fn=<ToCopyBackward0>)
Memory status after this epoch: 
Memory allocated:  101.97265625
Memory cached:  408.0
	 epoch  60 training error:  tensor(0.0725, grad_fn=<ToCopyBackward0>)
Memory status after this epoch: 
Memory allocated:  101.97265625
Memory cached:  460.0
	 epoch  70 training error:  tensor(0.0775, grad_fn=<ToCopyBackward0>)
Memory status after this epoch: 
Memory allocated:  101.97265625
Memory cached:  456.0
	 epoch  80 training error:  tensor(0.0564, grad_fn=<ToCopyBackward0>)
Memory status after this epoch: 
Memory allocated:  101.97265625
Memory cached:  498.0
	 epoch  90 training error:  tensor(0.0649, grad_fn=<ToCopyBackward0>)
Memory status after this epoch: 
Memory allocated:  101.97265625
Memory cached:  512.0
Time for this trial:  4040.5037863254547
Memory status after this trial: 
Memory allocated:  1946.396484375
Memory cached:  1966.0
--------------------  Trial  75   --------------------
Start timing: 
Parameters: 
{'W_layers': 5, 'W_layer_units_exponent_0': 5, 'W_layer_units_exponent_1': 8, 'W_layer_units_exponent_2': 8, 'W_layer_units_exponent_3': 7, 'W_layer_units_exponent_4': 10, 'D_layers': 6, 'D_layer_units_exponent_0': 10, 'D_layer_units_exponent_1': 10, 'D_layer_units_exponent_2': 9, 'D_layer_units_exponent_3': 10, 'D_layer_units_exponent_4': 10, 'D_layer_units_exponent_5': 9, 'D_dagger_layers': 6, 'D_dagger_layer_units_exponent_0': 10, 'D_dagger_layer_units_exponent_1': 10, 'D_dagger_layer_units_exponent_2': 7, 'D_dagger_layer_units_exponent_3': 9, 'D_dagger_layer_units_exponent_4': 4, 'D_dagger_layer_units_exponent_5': 7, 'log_learning_rate': -1.7954978112402, 'log_learning_rate_D': -3.894050074790703, 'log_learning_rate_D_dagger': -3.1446890186359897, 'training_batch_size': 6, 'training_p': 8}
	 epoch  0 training error:  tensor(10.1774, grad_fn=<ToCopyBackward0>)
Memory status after this epoch: 
Memory allocated:  115.79296875
Memory cached:  700.0
	 epoch  10 training error:  tensor(0.3790, grad_fn=<ToCopyBackward0>)
Memory status after this epoch: 
Memory allocated:  115.79296875
Memory cached:  452.0
	 epoch  20 training error:  tensor(0.2630, grad_fn=<ToCopyBackward0>)
Memory status after this epoch: 
Memory allocated:  115.79296875
Memory cached:  408.0
	 epoch  30 training error:  tensor(0.1759, grad_fn=<ToCopyBackward0>)
Memory status after this epoch: 
Memory allocated:  115.79296875
Memory cached:  412.0
	 epoch  40 training error:  tensor(0.1042, grad_fn=<ToCopyBackward0>)
Memory status after this epoch: 
Memory allocated:  115.79296875
Memory cached:  394.0
	 epoch  50 training error:  tensor(0.1245, grad_fn=<ToCopyBackward0>)
Memory status after this epoch: 
Memory allocated:  115.79296875
Memory cached:  456.0
	 epoch  60 training error:  tensor(0.0893, grad_fn=<ToCopyBackward0>)
Memory status after this epoch: 
Memory allocated:  115.79296875
Memory cached:  422.0
	 epoch  70 training error:  tensor(0.0850, grad_fn=<ToCopyBackward0>)
Memory status after this epoch: 
Memory allocated:  115.79296875
Memory cached:  450.0
	 epoch  80 training error:  tensor(0.0580, grad_fn=<ToCopyBackward0>)
Memory status after this epoch: 
Memory allocated:  115.79296875
Memory cached:  426.0
	 epoch  90 training error:  tensor(0.0493, grad_fn=<ToCopyBackward0>)
Memory status after this epoch: 
Memory allocated:  115.79296875
Memory cached:  434.0
Time for this trial:  3860.336449623108
Memory status after this trial: 
Memory allocated:  2036.9501953125
Memory cached:  2054.0
--------------------  Trial  76   --------------------
Start timing: 
Parameters: 
{'W_layers': 6, 'W_layer_units_exponent_0': 4, 'W_layer_units_exponent_1': 9, 'W_layer_units_exponent_2': 9, 'W_layer_units_exponent_3': 10, 'W_layer_units_exponent_4': 9, 'W_layer_units_exponent_5': 4, 'D_layers': 5, 'D_layer_units_exponent_0': 9, 'D_layer_units_exponent_1': 10, 'D_layer_units_exponent_2': 10, 'D_layer_units_exponent_3': 10, 'D_layer_units_exponent_4': 9, 'D_dagger_layers': 6, 'D_dagger_layer_units_exponent_0': 9, 'D_dagger_layer_units_exponent_1': 9, 'D_dagger_layer_units_exponent_2': 7, 'D_dagger_layer_units_exponent_3': 8, 'D_dagger_layer_units_exponent_4': 4, 'D_dagger_layer_units_exponent_5': 10, 'log_learning_rate': -1.9847520711594144, 'log_learning_rate_D': -2.113408771198525, 'log_learning_rate_D_dagger': -3.2982987492451614, 'training_batch_size': 6, 'training_p': 7}
	 epoch  0 training error:  tensor(13.3052, grad_fn=<ToCopyBackward0>)
Memory status after this epoch: 
Memory allocated:  110.34765625
Memory cached:  634.0
	 epoch  10 training error:  tensor(1.0265, grad_fn=<ToCopyBackward0>)
Memory status after this epoch: 
Memory allocated:  110.33935546875
Memory cached:  594.0
	 epoch  20 training error:  tensor(1.0248, grad_fn=<ToCopyBackward0>)
Memory status after this epoch: 
Memory allocated:  110.33935546875
Memory cached:  600.0
	 epoch  30 training error:  tensor(1.0237, grad_fn=<ToCopyBackward0>)
Memory status after this epoch: 
Memory allocated:  110.33935546875
Memory cached:  604.0
	 epoch  40 training error:  tensor(1.0225, grad_fn=<ToCopyBackward0>)
Memory status after this epoch: 
Memory allocated:  110.33935546875
Memory cached:  584.0
	 epoch  50 training error:  tensor(1.0212, grad_fn=<ToCopyBackward0>)
Memory status after this epoch: 
Memory allocated:  110.33935546875
Memory cached:  600.0
	 epoch  60 training error:  tensor(1.0198, grad_fn=<ToCopyBackward0>)
Memory status after this epoch: 
Memory allocated:  110.33935546875
Memory cached:  602.0
	 epoch  70 training error:  tensor(1.0177, grad_fn=<ToCopyBackward0>)
Memory status after this epoch: 
Memory allocated:  110.33935546875
Memory cached:  584.0
	 epoch  80 training error:  tensor(1.0162, grad_fn=<ToCopyBackward0>)
Memory status after this epoch: 
Memory allocated:  110.33935546875
Memory cached:  572.0
	 epoch  90 training error:  tensor(1.0146, grad_fn=<ToCopyBackward0>)
Memory status after this epoch: 
Memory allocated:  110.33935546875
Memory cached:  574.0
Time for this trial:  3861.1924936771393
Memory status after this trial: 
Memory allocated:  1931.99365234375
Memory cached:  1974.0
--------------------  Trial  77   --------------------
Start timing: 
Parameters: 
{'W_layers': 5, 'W_layer_units_exponent_0': 5, 'W_layer_units_exponent_1': 10, 'W_layer_units_exponent_2': 8, 'W_layer_units_exponent_3': 9, 'W_layer_units_exponent_4': 10, 'D_layers': 7, 'D_layer_units_exponent_0': 10, 'D_layer_units_exponent_1': 4, 'D_layer_units_exponent_2': 8, 'D_layer_units_exponent_3': 10, 'D_layer_units_exponent_4': 10, 'D_layer_units_exponent_5': 7, 'D_layer_units_exponent_6': 8, 'D_dagger_layers': 6, 'D_dagger_layer_units_exponent_0': 8, 'D_dagger_layer_units_exponent_1': 10, 'D_dagger_layer_units_exponent_2': 8, 'D_dagger_layer_units_exponent_3': 9, 'D_dagger_layer_units_exponent_4': 5, 'D_dagger_layer_units_exponent_5': 8, 'log_learning_rate': -2.668530611341591, 'log_learning_rate_D': -4.762147005934904, 'log_learning_rate_D_dagger': -3.7069409728267333, 'training_batch_size': 6, 'training_p': 6}
	 epoch  0 training error:  tensor(2.1794, grad_fn=<ToCopyBackward0>)
Memory status after this epoch: 
Memory allocated:  77.2265625
Memory cached:  748.0
	 epoch  10 training error:  tensor(0.3461, grad_fn=<ToCopyBackward0>)
Memory status after this epoch: 
Memory allocated:  77.2265625
Memory cached:  596.0
	 epoch  20 training error:  tensor(0.3416, grad_fn=<ToCopyBackward0>)
Memory status after this epoch: 
Memory allocated:  77.2265625
Memory cached:  520.0
	 epoch  30 training error:  tensor(0.3295, grad_fn=<ToCopyBackward0>)
Memory status after this epoch: 
Memory allocated:  77.2265625
Memory cached:  532.0
	 epoch  40 training error:  tensor(0.1948, grad_fn=<ToCopyBackward0>)
Memory status after this epoch: 
Memory allocated:  77.2265625
Memory cached:  474.0
	 epoch  50 training error:  tensor(0.1593, grad_fn=<ToCopyBackward0>)
Memory status after this epoch: 
Memory allocated:  77.2265625
Memory cached:  528.0
	 epoch  60 training error:  tensor(0.1380, grad_fn=<ToCopyBackward0>)
Memory status after this epoch: 
Memory allocated:  77.2265625
Memory cached:  518.0
	 epoch  70 training error:  tensor(0.1190, grad_fn=<ToCopyBackward0>)
Memory status after this epoch: 
Memory allocated:  77.2265625
Memory cached:  486.0
	 epoch  80 training error:  tensor(0.1036, grad_fn=<ToCopyBackward0>)
Memory status after this epoch: 
Memory allocated:  77.2265625
Memory cached:  512.0
	 epoch  90 training error:  tensor(0.0621, grad_fn=<ToCopyBackward0>)
Memory status after this epoch: 
Memory allocated:  77.2265625
Memory cached:  488.0
Time for this trial:  4020.450704097748
Memory status after this trial: 
Memory allocated:  1878.7431640625
Memory cached:  1914.0
--------------------  Trial  78   --------------------
Start timing: 
Parameters: 
{'W_layers': 5, 'W_layer_units_exponent_0': 5, 'W_layer_units_exponent_1': 10, 'W_layer_units_exponent_2': 7, 'W_layer_units_exponent_3': 8, 'W_layer_units_exponent_4': 8, 'D_layers': 5, 'D_layer_units_exponent_0': 8, 'D_layer_units_exponent_1': 10, 'D_layer_units_exponent_2': 10, 'D_layer_units_exponent_3': 10, 'D_layer_units_exponent_4': 5, 'D_dagger_layers': 5, 'D_dagger_layer_units_exponent_0': 7, 'D_dagger_layer_units_exponent_1': 9, 'D_dagger_layer_units_exponent_2': 7, 'D_dagger_layer_units_exponent_3': 7, 'D_dagger_layer_units_exponent_4': 4, 'log_learning_rate': -2.2914786982241035, 'log_learning_rate_D': -4.075205401858692, 'log_learning_rate_D_dagger': -3.86943765050258, 'training_batch_size': 6, 'training_p': 5}
	 epoch  0 training error:  tensor(1.9425, grad_fn=<ToCopyBackward0>)
Memory status after this epoch: 
Memory allocated:  70.6376953125
Memory cached:  518.0
	 epoch  10 training error:  tensor(0.3256, grad_fn=<ToCopyBackward0>)
Memory status after this epoch: 
Memory allocated:  70.6376953125
Memory cached:  264.0
	 epoch  20 training error:  tensor(0.3026, grad_fn=<ToCopyBackward0>)
Memory status after this epoch: 
Memory allocated:  70.6376953125
Memory cached:  230.0
	 epoch  30 training error:  tensor(0.2940, grad_fn=<ToCopyBackward0>)
Memory status after this epoch: 
Memory allocated:  70.6376953125
Memory cached:  240.0
	 epoch  40 training error:  tensor(0.2095, grad_fn=<ToCopyBackward0>)
Memory status after this epoch: 
Memory allocated:  70.6376953125
Memory cached:  228.0
	 epoch  50 training error:  tensor(0.1278, grad_fn=<ToCopyBackward0>)
Memory status after this epoch: 
Memory allocated:  70.6376953125
Memory cached:  228.0
	 epoch  60 training error:  tensor(0.0799, grad_fn=<ToCopyBackward0>)
Memory status after this epoch: 
Memory allocated:  70.6376953125
Memory cached:  242.0
	 epoch  70 training error:  tensor(0.0845, grad_fn=<ToCopyBackward0>)
Memory status after this epoch: 
Memory allocated:  70.6376953125
Memory cached:  236.0
	 epoch  80 training error:  tensor(0.0722, grad_fn=<ToCopyBackward0>)
Memory status after this epoch: 
Memory allocated:  70.6376953125
Memory cached:  248.0
	 epoch  90 training error:  tensor(0.0595, grad_fn=<ToCopyBackward0>)
Memory status after this epoch: 
Memory allocated:  70.6376953125
Memory cached:  250.0
Time for this trial:  3498.2631306648254
Memory status after this trial: 
Memory allocated:  1286.90673828125
Memory cached:  1312.0
--------------------  Trial  79   --------------------
Start timing: 
Parameters: 
{'W_layers': 3, 'W_layer_units_exponent_0': 4, 'W_layer_units_exponent_1': 7, 'W_layer_units_exponent_2': 6, 'D_layers': 4, 'D_layer_units_exponent_0': 10, 'D_layer_units_exponent_1': 9, 'D_layer_units_exponent_2': 9, 'D_layer_units_exponent_3': 10, 'D_dagger_layers': 7, 'D_dagger_layer_units_exponent_0': 9, 'D_dagger_layer_units_exponent_1': 10, 'D_dagger_layer_units_exponent_2': 6, 'D_dagger_layer_units_exponent_3': 10, 'D_dagger_layer_units_exponent_4': 4, 'D_dagger_layer_units_exponent_5': 9, 'D_dagger_layer_units_exponent_6': 8, 'log_learning_rate': -1.453346711700317, 'log_learning_rate_D': -4.435563488199046, 'log_learning_rate_D_dagger': -3.007765444033319, 'training_batch_size': 7, 'training_p': 3}
	 epoch  0 training error:  tensor(3.1122, grad_fn=<ToCopyBackward0>)
Memory status after this epoch: 
Memory allocated:  57.662109375
Memory cached:  396.0
	 epoch  10 training error:  tensor(0.2552, grad_fn=<ToCopyBackward0>)
Memory status after this epoch: 
Memory allocated:  57.662109375
Memory cached:  250.0
	 epoch  20 training error:  tensor(0.2921, grad_fn=<ToCopyBackward0>)
Memory status after this epoch: 
Memory allocated:  57.662109375
Memory cached:  232.0
	 epoch  30 training error:  tensor(0.2388, grad_fn=<ToCopyBackward0>)
Memory status after this epoch: 
Memory allocated:  57.662109375
Memory cached:  234.0
	 epoch  40 training error:  tensor(0.2320, grad_fn=<ToCopyBackward0>)
Memory status after this epoch: 
Memory allocated:  57.662109375
Memory cached:  216.0
	 epoch  50 training error:  tensor(0.1754, grad_fn=<ToCopyBackward0>)
Memory status after this epoch: 
Memory allocated:  57.662109375
Memory cached:  216.0
	 epoch  60 training error:  tensor(0.1508, grad_fn=<ToCopyBackward0>)
Memory status after this epoch: 
Memory allocated:  57.662109375
Memory cached:  216.0
	 epoch  70 training error:  tensor(0.1356, grad_fn=<ToCopyBackward0>)
Memory status after this epoch: 
Memory allocated:  57.662109375
Memory cached:  202.0
	 epoch  80 training error:  tensor(0.1282, grad_fn=<ToCopyBackward0>)
Memory status after this epoch: 
Memory allocated:  57.662109375
Memory cached:  218.0
	 epoch  90 training error:  tensor(0.1239, grad_fn=<ToCopyBackward0>)
Memory status after this epoch: 
Memory allocated:  57.662109375
Memory cached:  204.0
Time for this trial:  1710.1131420135498
Memory status after this trial: 
Memory allocated:  1407.095703125
Memory cached:  1432.0
--------------------  Trial  80   --------------------
Start timing: 
Parameters: 
{'W_layers': 5, 'W_layer_units_exponent_0': 8, 'W_layer_units_exponent_1': 9, 'W_layer_units_exponent_2': 7, 'W_layer_units_exponent_3': 9, 'W_layer_units_exponent_4': 7, 'D_layers': 7, 'D_layer_units_exponent_0': 8, 'D_layer_units_exponent_1': 10, 'D_layer_units_exponent_2': 10, 'D_layer_units_exponent_3': 9, 'D_layer_units_exponent_4': 8, 'D_layer_units_exponent_5': 8, 'D_layer_units_exponent_6': 10, 'D_dagger_layers': 6, 'D_dagger_layer_units_exponent_0': 8, 'D_dagger_layer_units_exponent_1': 9, 'D_dagger_layer_units_exponent_2': 7, 'D_dagger_layer_units_exponent_3': 5, 'D_dagger_layer_units_exponent_4': 5, 'D_dagger_layer_units_exponent_5': 10, 'log_learning_rate': -1.6028782621536406, 'log_learning_rate_D': -4.628579531593733, 'log_learning_rate_D_dagger': -2.774518774357688, 'training_batch_size': 11, 'training_p': 6}
	 epoch  0 training error:  tensor(1.0412, grad_fn=<ToCopyBackward0>)
Memory status after this epoch: 
Memory allocated:  71.921875
Memory cached:  304.0
	 epoch  10 training error:  tensor(2.4181, grad_fn=<ToCopyBackward0>)
Memory status after this epoch: 
Memory allocated:  71.921875
Memory cached:  532.0
	 epoch  20 training error:  tensor(39.5752, grad_fn=<ToCopyBackward0>)
Memory status after this epoch: 
Memory allocated:  71.921875
Memory cached:  506.0
	 epoch  30 training error:  tensor(176.4064, grad_fn=<ToCopyBackward0>)
Memory status after this epoch: 
Memory allocated:  71.921875
Memory cached:  514.0
	 epoch  40 training error:  tensor(150.2393, grad_fn=<ToCopyBackward0>)
Memory status after this epoch: 
Memory allocated:  71.921875
Memory cached:  528.0
	 epoch  50 training error:  tensor(6.1532, grad_fn=<ToCopyBackward0>)
Memory status after this epoch: 
Memory allocated:  71.921875
Memory cached:  480.0
	 epoch  60 training error:  tensor(15.5919, grad_fn=<ToCopyBackward0>)
Memory status after this epoch: 
Memory allocated:  71.921875
Memory cached:  484.0
	 epoch  70 training error:  tensor(3.8547, grad_fn=<ToCopyBackward0>)
Memory status after this epoch: 
Memory allocated:  71.921875
Memory cached:  532.0
	 epoch  80 training error:  tensor(28.4877, grad_fn=<ToCopyBackward0>)
Memory status after this epoch: 
Memory allocated:  71.921875
Memory cached:  506.0
	 epoch  90 training error:  tensor(34.4511, grad_fn=<ToCopyBackward0>)
Memory status after this epoch: 
Memory allocated:  71.921875
Memory cached:  500.0
Time for this trial:  618.9840798377991
Memory status after this trial: 
Memory allocated:  1634.66455078125
Memory cached:  1670.0
-------------------