[I 2023-12-03 01:01:37,628] Trial 35 finished with value: 0.04115964472293854 and parameters: {'W_layers': 2, 'W_layer_units_exponent_0': 8, 'W_layer_units_exponent_1': 6, 'D_layers': 3, 'D_layer_units_exponent_0': 7, 'D_layer_units_exponent_1': 4, 'D_layer_units_exponent_2': 5, 'D_dagger_layers': 5, 'D_dagger_layer_units_exponent_0': 10, 'D_dagger_layer_units_exponent_1': 5, 'D_dagger_layer_units_exponent_2': 8, 'D_dagger_layer_units_exponent_3': 6, 'D_dagger_layer_units_exponent_4': 9, 'log_learning_rate': -4.527379146876994, 'log_learning_rate_D': -3.2009899250655036, 'log_learning_rate_D_dagger': -3.7059807470688537, 'training_batch_size': 10, 'training_p': 3}. Best is trial 35 with value: 0.04115964472293854.
res:  tensor(0.0412, device='cuda:0', grad_fn=<DivBackward0>)
self.bestValue:  tensor(0.0421, device='cuda:0', grad_fn=<DivBackward0>)
Save this model!
Time for this trial:  142.39532041549683
Memory status after this trial: 
Memory allocated:  124.0419921875
Memory cached:  456.0
--------------------  Trial  36   --------------------
Start timing: 
Parameters: 
{'W_layers': 2, 'W_layer_units_exponent_0': 7, 'W_layer_units_exponent_1': 6, 'D_layers': 3, 'D_layer_units_exponent_0': 8, 'D_layer_units_exponent_1': 4, 'D_layer_units_exponent_2': 5, 'D_dagger_layers': 5, 'D_dagger_layer_units_exponent_0': 10, 'D_dagger_layer_units_exponent_1': 5, 'D_dagger_layer_units_exponent_2': 9, 'D_dagger_layer_units_exponent_3': 6, 'D_dagger_layer_units_exponent_4': 9, 'log_learning_rate': -4.645156399015908, 'log_learning_rate_D': -3.1933826398119636, 'log_learning_rate_D_dagger': -3.751330119467964, 'training_batch_size': 10, 'training_p': 4}
	 epoch  0 training error:  tensor(0.2527, device='cuda:0', grad_fn=<DivBackward0>)
Memory status after this epoch: 
Memory allocated:  126.115234375
Memory cached:  444.0
	 epoch  10 training error:  tensor(0.0951, device='cuda:0', grad_fn=<DivBackward0>)
Memory status after this epoch: 
Memory allocated:  126.115234375
Memory cached:  466.0
	 epoch  20 training error:  tensor(0.0698, device='cuda:0', grad_fn=<DivBackward0>)
Memory status after this epoch: 
Memory allocated:  126.115234375
Memory cached:  462.0
	 epoch  30 training error:  tensor(0.0616, device='cuda:0', grad_fn=<DivBackward0>)
Memory status after this epoch: 
Memory allocated:  126.115234375
Memory cached:  470.0
	 epoch  40 training error:  tensor(0.0576, device='cuda:0', grad_fn=<DivBackward0>)
Memory status after this epoch: 
Memory allocated:  126.115234375
Memory cached:  470.0
	 epoch  50 training error:  tensor(0.0524, device='cuda:0', grad_fn=<DivBackward0>)
Memory status after this epoch: 
Memory allocated:  126.115234375
Memory cached:  474.0
	 epoch  60 training error:  tensor(0.0488, device='cuda:0', grad_fn=<DivBackward0>)
Memory status after this epoch: 
Memory allocated:  126.115234375
Memory cached:  470.0
	 epoch  70 training error:  tensor(0.0462, device='cuda:0', grad_fn=<DivBackward0>)
Memory status after this epoch: 
Memory allocated:  126.115234375
Memory cached:  470.0
	 epoch  80 training error:  tensor(0.0433, device='cuda:0', grad_fn=<DivBackward0>)
Memory status after this epoch: 
Memory allocated:  126.115234375
Memory cached:  468.0
	 epoch  90 training error:  tensor(0.0455, device='cuda:0', grad_fn=<DivBackward0>)
Memory status after this epoch: 
Memory allocated:  126.115234375
Memory cached:  468.0
[I 2023-12-03 01:04:02,352] Trial 36 finished with value: 0.03745831176638603 and parameters: {'W_layers': 2, 'W_layer_units_exponent_0': 7, 'W_layer_units_exponent_1': 6, 'D_layers': 3, 'D_layer_units_exponent_0': 8, 'D_layer_units_exponent_1': 4, 'D_layer_units_exponent_2': 5, 'D_dagger_layers': 5, 'D_dagger_layer_units_exponent_0': 10, 'D_dagger_layer_units_exponent_1': 5, 'D_dagger_layer_units_exponent_2': 9, 'D_dagger_layer_units_exponent_3': 6, 'D_dagger_layer_units_exponent_4': 9, 'log_learning_rate': -4.645156399015908, 'log_learning_rate_D': -3.1933826398119636, 'log_learning_rate_D_dagger': -3.751330119467964, 'training_batch_size': 10, 'training_p': 4}. Best is trial 36 with value: 0.03745831176638603.
res:  tensor(0.0375, device='cuda:0', grad_fn=<DivBackward0>)
self.bestValue:  tensor(0.0412, device='cuda:0', grad_fn=<DivBackward0>)
Save this model!
Time for this trial:  144.52461647987366
Memory status after this trial: 
Memory allocated:  137.7880859375
Memory cached:  388.0
--------------------  Trial  37   --------------------
Start timing: 
Parameters: 
{'W_layers': 2, 'W_layer_units_exponent_0': 7, 'W_layer_units_exponent_1': 6, 'D_layers': 3, 'D_layer_units_exponent_0': 8, 'D_layer_units_exponent_1': 4, 'D_layer_units_exponent_2': 4, 'D_dagger_layers': 3, 'D_dagger_layer_units_exponent_0': 10, 'D_dagger_layer_units_exponent_1': 5, 'D_dagger_layer_units_exponent_2': 10, 'log_learning_rate': -4.582323891698455, 'log_learning_rate_D': -2.723193624901005, 'log_learning_rate_D_dagger': -3.6866449184803773, 'training_batch_size': 9, 'training_p': 4}
	 epoch  0 training error:  tensor(1.1017, device='cuda:0', grad_fn=<DivBackward0>)
Memory status after this epoch: 
Memory allocated:  139.11328125
Memory cached:  374.0
	 epoch  10 training error:  tensor(0.2545, device='cuda:0', grad_fn=<DivBackward0>)
Memory status after this epoch: 
Memory allocated:  139.11328125
Memory cached:  390.0
	 epoch  20 training error:  tensor(0.0815, device='cuda:0', grad_fn=<DivBackward0>)
Memory status after this epoch: 
Memory allocated:  139.11328125
Memory cached:  384.0
	 epoch  30 training error:  tensor(0.0720, device='cuda:0', grad_fn=<DivBackward0>)
Memory status after this epoch: 
Memory allocated:  139.11328125
Memory cached:  384.0
	 epoch  40 training error:  tensor(0.0629, device='cuda:0', grad_fn=<DivBackward0>)
Memory status after this epoch: 
Memory allocated:  139.11328125
Memory cached:  398.0
	 epoch  50 training error:  tensor(0.0513, device='cuda:0', grad_fn=<DivBackward0>)
Memory status after this epoch: 
Memory allocated:  139.11328125
Memory cached:  390.0
	 epoch  60 training error:  tensor(0.0483, device='cuda:0', grad_fn=<DivBackward0>)
Memory status after this epoch: 
Memory allocated:  139.11328125
Memory cached:  392.0
	 epoch  70 training error:  tensor(0.0442, device='cuda:0', grad_fn=<DivBackward0>)
Memory status after this epoch: 
Memory allocated:  139.11328125
Memory cached:  392.0
	 epoch  80 training error:  tensor(0.0420, device='cuda:0', grad_fn=<DivBackward0>)
Memory status after this epoch: 
Memory allocated:  139.11328125
Memory cached:  388.0
	 epoch  90 training error:  tensor(0.0396, device='cuda:0', grad_fn=<DivBackward0>)
Memory status after this epoch: 
Memory allocated:  139.11328125
Memory cached:  386.0
[I 2023-12-03 01:06:14,051] Trial 37 finished with value: 0.03799160197377205 and parameters: {'W_layers': 2, 'W_layer_units_exponent_0': 7, 'W_layer_units_exponent_1': 6, 'D_layers': 3, 'D_layer_units_exponent_0': 8, 'D_layer_units_exponent_1': 4, 'D_layer_units_exponent_2': 4, 'D_dagger_layers': 3, 'D_dagger_layer_units_exponent_0': 10, 'D_dagger_layer_units_exponent_1': 5, 'D_dagger_layer_units_exponent_2': 10, 'log_learning_rate': -4.582323891698455, 'log_learning_rate_D': -2.723193624901005, 'log_learning_rate_D_dagger': -3.6866449184803773, 'training_batch_size': 9, 'training_p': 4}. Best is trial 36 with value: 0.03745831176638603.
Time for this trial:  131.5039975643158
Memory status after this trial: 
Memory allocated:  267.216796875
Memory cached:  378.0
--------------------  Trial  38   --------------------
Start timing: 
Parameters: 
{'W_layers': 2, 'W_layer_units_exponent_0': 7, 'W_layer_units_exponent_1': 6, 'D_layers': 3, 'D_layer_units_exponent_0': 8, 'D_layer_units_exponent_1': 4, 'D_layer_units_exponent_2': 4, 'D_dagger_layers': 3, 'D_dagger_layer_units_exponent_0': 10, 'D_dagger_layer_units_exponent_1': 5, 'D_dagger_layer_units_exponent_2': 10, 'log_learning_rate': -4.702222534301146, 'log_learning_rate_D': -2.7643372738164467, 'log_learning_rate_D_dagger': -3.629210568080422, 'training_batch_size': 9, 'training_p': 5}
	 epoch  0 training error:  tensor(0.8472, device='cuda:0', grad_fn=<DivBackward0>)
Memory status after this epoch: 
Memory allocated:  139.11328125
Memory cached:  364.0
	 epoch  10 training error:  tensor(0.1137, device='cuda:0', grad_fn=<DivBackward0>)
Memory status after this epoch: 
Memory allocated:  139.11328125
Memory cached:  380.0
	 epoch  20 training error:  tensor(0.1178, device='cuda:0', grad_fn=<DivBackward0>)
Memory status after this epoch: 
Memory allocated:  139.11328125
Memory cached:  386.0
	 epoch  30 training error:  tensor(0.0722, device='cuda:0', grad_fn=<DivBackward0>)
Memory status after this epoch: 
Memory allocated:  139.11328125
Memory cached:  388.0
	 epoch  40 training error:  tensor(0.0559, device='cuda:0', grad_fn=<DivBackward0>)
Memory status after this epoch: 
Memory allocated:  139.11328125
Memory cached:  386.0
	 epoch  50 training error:  tensor(0.0532, device='cuda:0', grad_fn=<DivBackward0>)
Memory status after this epoch: 
Memory allocated:  139.11328125
Memory cached:  388.0
	 epoch  60 training error:  tensor(0.0490, device='cuda:0', grad_fn=<DivBackward0>)
Memory status after this epoch: 
Memory allocated:  139.11328125
Memory cached:  394.0
	 epoch  70 training error:  tensor(0.0469, device='cuda:0', grad_fn=<DivBackward0>)
Memory status after this epoch: 
Memory allocated:  139.11328125
Memory cached:  394.0
	 epoch  80 training error:  tensor(0.0548, device='cuda:0', grad_fn=<DivBackward0>)
Memory status after this epoch: 
Memory allocated:  139.11328125
Memory cached:  386.0
	 epoch  90 training error:  tensor(0.0550, device='cuda:0', grad_fn=<DivBackward0>)
Memory status after this epoch: 
Memory allocated:  139.11328125
Memory cached:  390.0
[I 2023-12-03 01:08:26,847] Trial 38 finished with value: 0.03935789689421654 and parameters: {'W_layers': 2, 'W_layer_units_exponent_0': 7, 'W_layer_units_exponent_1': 6, 'D_layers': 3, 'D_layer_units_exponent_0': 8, 'D_layer_units_exponent_1': 4, 'D_layer_units_exponent_2': 4, 'D_dagger_layers': 3, 'D_dagger_layer_units_exponent_0': 10, 'D_dagger_layer_units_exponent_1': 5, 'D_dagger_layer_units_exponent_2': 10, 'log_learning_rate': -4.702222534301146, 'log_learning_rate_D': -2.7643372738164467, 'log_learning_rate_D_dagger': -3.629210568080422, 'training_batch_size': 9, 'training_p': 5}. Best is trial 36 with value: 0.03745831176638603.
Time for this trial:  132.59457516670227
Memory status after this trial: 
Memory allocated:  267.216796875
Memory cached:  370.0
--------------------  Trial  39   --------------------
Start timing: 
Parameters: 
{'W_layers': 2, 'W_layer_units_exponent_0': 7, 'W_layer_units_exponent_1': 5, 'D_layers': 2, 'D_layer_units_exponent_0': 8, 'D_layer_units_exponent_1': 4, 'D_dagger_layers': 3, 'D_dagger_layer_units_exponent_0': 10, 'D_dagger_layer_units_exponent_1': 4, 'D_dagger_layer_units_exponent_2': 10, 'log_learning_rate': -4.738736591294657, 'log_learning_rate_D': -2.724151667767632, 'log_learning_rate_D_dagger': -3.5751591768714994, 'training_batch_size': 8, 'training_p': 5}
	 epoch  0 training error:  tensor(0.4894, device='cuda:0', grad_fn=<DivBackward0>)
Memory status after this epoch: 
Memory allocated:  138.544921875
Memory cached:  368.0
	 epoch  10 training error:  tensor(0.1250, device='cuda:0', grad_fn=<DivBackward0>)
Memory status after this epoch: 
Memory allocated:  138.544921875
Memory cached:  396.0
	 epoch  20 training error:  tensor(0.0892, device='cuda:0', grad_fn=<DivBackward0>)
Memory status after this epoch: 
Memory allocated:  138.544921875
Memory cached:  394.0
	 epoch  30 training error:  tensor(0.0698, device='cuda:0', grad_fn=<DivBackward0>)
Memory status after this epoch: 
Memory allocated:  138.544921875
Memory cached:  392.0
	 epoch  40 training error:  tensor(0.0571, device='cuda:0', grad_fn=<DivBackward0>)
Memory status after this epoch: 
Memory allocated:  138.544921875
Memory cached:  390.0
	 epoch  50 training error:  tensor(0.0489, device='cuda:0', grad_fn=<DivBackward0>)
Memory status after this epoch: 
Memory allocated:  138.544921875
Memory cached:  388.0
	 epoch  60 training error:  tensor(0.0478, device='cuda:0', grad_fn=<DivBackward0>)
Memory status after this epoch: 
Memory allocated:  138.544921875
Memory cached:  390.0
	 epoch  70 training error:  tensor(0.0595, device='cuda:0', grad_fn=<DivBackward0>)
Memory status after this epoch: 
Memory allocated:  138.544921875
Memory cached:  398.0
	 epoch  80 training error:  tensor(0.0504, device='cuda:0', grad_fn=<DivBackward0>)
Memory status after this epoch: 
Memory allocated:  138.544921875
Memory cached:  394.0
	 epoch  90 training error:  tensor(0.0406, device='cuda:0', grad_fn=<DivBackward0>)
Memory status after this epoch: 
Memory allocated:  138.544921875
Memory cached:  390.0
[I 2023-12-03 01:10:35,197] Trial 39 finished with value: 0.03913966566324234 and parameters: {'W_layers': 2, 'W_layer_units_exponent_0': 7, 'W_layer_units_exponent_1': 5, 'D_layers': 2, 'D_layer_units_exponent_0': 8, 'D_layer_units_exponent_1': 4, 'D_dagger_layers': 3, 'D_dagger_layer_units_exponent_0': 10, 'D_dagger_layer_units_exponent_1': 4, 'D_dagger_layer_units_exponent_2': 10, 'log_learning_rate': -4.738736591294657, 'log_learning_rate_D': -2.724151667767632, 'log_learning_rate_D_dagger': -3.5751591768714994, 'training_batch_size': 8, 'training_p': 5}. Best is trial 36 with value: 0.03745831176638603.
Time for this trial:  128.15423941612244
Memory status after this trial: 
Memory allocated:  263.76904296875
Memory cached:  378.0
--------------------  Trial  40   --------------------
Start timing: 
Parameters: 
{'W_layers': 2, 'W_layer_units_exponent_0': 7, 'W_layer_units_exponent_1': 5, 'D_layers': 2, 'D_layer_units_exponent_0': 8, 'D_layer_units_exponent_1': 4, 'D_dagger_layers': 3, 'D_dagger_layer_units_exponent_0': 4, 'D_dagger_layer_units_exponent_1': 4, 'D_dagger_layer_units_exponent_2': 10, 'log_learning_rate': -4.750614482125645, 'log_learning_rate_D': -2.738573943023598, 'log_learning_rate_D_dagger': -2.853962784859685, 'training_batch_size': 7, 'training_p': 5}
	 epoch  0 training error:  tensor(0.9341, device='cuda:0', grad_fn=<DivBackward0>)
Memory status after this epoch: 
Memory allocated:  138.255859375
Memory cached:  358.0
	 epoch  10 training error:  tensor(0.0991, device='cuda:0', grad_fn=<DivBackward0>)
Memory status after this epoch: 
Memory allocated:  138.255859375
Memory cached:  358.0
	 epoch  20 training error:  tensor(0.0645, device='cuda:0', grad_fn=<DivBackward0>)
Memory status after this epoch: 
Memory allocated:  138.255859375
Memory cached:  358.0
	 epoch  30 training error:  tensor(0.0511, device='cuda:0', grad_fn=<DivBackward0>)
Memory status after this epoch: 
Memory allocated:  138.255859375
Memory cached:  360.0
	 epoch  40 training error:  tensor(0.0508, device='cuda:0', grad_fn=<DivBackward0>)
Memory status after this epoch: 
Memory allocated:  138.255859375
Memory cached:  360.0
	 epoch  50 training error:  tensor(0.0506, device='cuda:0', grad_fn=<DivBackward0>)
Memory status after this epoch: 
Memory allocated:  138.255859375
Memory cached:  362.0
	 epoch  60 training error:  tensor(0.0487, device='cuda:0', grad_fn=<DivBackward0>)
Memory status after this epoch: 
Memory allocated:  138.255859375
Memory cached:  360.0
	 epoch  70 training error:  tensor(0.0432, device='cuda:0', grad_fn=<DivBackward0>)
Memory status after this epoch: 
Memory allocated:  138.255859375
Memory cached:  360.0
	 epoch  80 training error:  tensor(0.0452, device='cuda:0', grad_fn=<DivBackward0>)
Memory status after this epoch: 
Memory allocated:  138.255859375
Memory cached:  360.0
	 epoch  90 training error:  tensor(0.0604, device='cuda:0', grad_fn=<DivBackward0>)
Memory status after this epoch: 
Memory allocated:  138.255859375
Memory cached:  360.0
[I 2023-12-03 01:12:36,788] Trial 40 finished with value: 0.040359389036893845 and parameters: {'W_layers': 2, 'W_layer_units_exponent_0': 7, 'W_layer_units_exponent_1': 5, 'D_layers': 2, 'D_layer_units_exponent_0': 8, 'D_layer_units_exponent_1': 4, 'D_dagger_layers': 3, 'D_dagger_layer_units_exponent_0': 4, 'D_dagger_layer_units_exponent_1': 4, 'D_dagger_layer_units_exponent_2': 10, 'log_learning_rate': -4.750614482125645, 'log_learning_rate_D': -2.738573943023598, 'log_learning_rate_D_dagger': -2.853962784859685, 'training_batch_size': 7, 'training_p': 5}. Best is trial 36 with value: 0.03745831176638603.
Time for this trial:  121.37945413589478
Memory status after this trial: 
Memory allocated:  209.96240234375
Memory cached:  356.0
--------------------  Trial  41   --------------------
Start timing: 
Parameters: 
{'W_layers': 2, 'W_layer_units_exponent_0': 7, 'W_layer_units_exponent_1': 5, 'D_layers': 2, 'D_layer_units_exponent_0': 8, 'D_layer_units_exponent_1': 4, 'D_dagger_layers': 3, 'D_dagger_layer_units_exponent_0': 4, 'D_dagger_layer_units_exponent_1': 4, 'D_dagger_layer_units_exponent_2': 10, 'log_learning_rate': -4.695403538931189, 'log_learning_rate_D': -2.7522032802653182, 'log_learning_rate_D_dagger': -2.7988552564010623, 'training_batch_size': 7, 'training_p': 5}
	 epoch  0 training error:  tensor(1.3104, device='cuda:0', grad_fn=<DivBackward0>)
Memory status after this epoch: 
Memory allocated:  138.255859375
Memory cached:  358.0
	 epoch  10 training error:  tensor(0.1457, device='cuda:0', grad_fn=<DivBackward0>)
Memory status after this epoch: 
Memory allocated:  138.255859375
Memory cached:  360.0
	 epoch  20 training error:  tensor(0.1628, device='cuda:0', grad_fn=<DivBackward0>)
Memory status after this epoch: 
Memory allocated:  138.255859375
Memory cached:  358.0
	 epoch  30 training error:  tensor(0.0999, device='cuda:0', grad_fn=<DivBackward0>)
Memory status after this epoch: 
Memory allocated:  138.255859375
Memory cached:  358.0
	 epoch  40 training error:  tensor(0.0742, device='cuda:0', grad_fn=<DivBackward0>)
Memory status after this epoch: 
Memory allocated:  138.255859375
Memory cached:  362.0
	 epoch  50 training error:  tensor(0.0630, device='cuda:0', grad_fn=<DivBackward0>)
Memory status after this epoch: 
Memory allocated:  138.255859375
Memory cached:  360.0
	 epoch  60 training error:  tensor(0.0602, device='cuda:0', grad_fn=<DivBackward0>)
Memory status after this epoch: 
Memory allocated:  138.255859375
Memory cached:  358.0
	 epoch  70 training error:  tensor(0.0542, device='cuda:0', grad_fn=<DivBackward0>)
Memory status after this epoch: 
Memory allocated:  138.255859375
Memory cached:  358.0
	 epoch  80 training error:  tensor(0.0517, device='cuda:0', grad_fn=<DivBackward0>)
Memory status after this epoch: 
Memory allocated:  138.255859375
Memory cached:  358.0
	 epoch  90 training error:  tensor(0.0510, device='cuda:0', grad_fn=<DivBackward0>)
Memory status after this epoch: 
Memory allocated:  138.255859375
Memory cached:  360.0
[I 2023-12-03 01:14:38,806] Trial 41 finished with value: 0.04371652007102966 and parameters: {'W_layers': 2, 'W_layer_units_exponent_0': 7, 'W_layer_units_exponent_1': 5, 'D_layers': 2, 'D_layer_units_exponent_0': 8, 'D_layer_units_exponent_1': 4, 'D_dagger_layers': 3, 'D_dagger_layer_units_exponent_0': 4, 'D_dagger_layer_units_exponent_1': 4, 'D_dagger_layer_units_exponent_2': 10, 'log_learning_rate': -4.695403538931189, 'log_learning_rate_D': -2.7522032802653182, 'log_learning_rate_D_dagger': -2.7988552564010623, 'training_batch_size': 7, 'training_p': 5}. Best is trial 36 with value: 0.03745831176638603.
Time for this trial:  121.80882740020752
Memory status after this trial: 
Memory allocated:  209.96240234375
Memory cached:  358.0
--------------------  Trial  42   --------------------
Start timing: 
Parameters: 
{'W_layers': 2, 'W_layer_units_exponent_0': 6, 'W_layer_units_exponent_1': 5, 'D_layers': 2, 'D_layer_units_exponent_0': 8, 'D_layer_units_exponent_1': 4, 'D_dagger_layers': 2, 'D_dagger_layer_units_exponent_0': 5, 'D_dagger_layer_units_exponent_1': 4, 'log_learning_rate': -4.774622087442209, 'log_learning_rate_D': -2.7119401645365, 'log_learning_rate_D_dagger': -3.081979242103426, 'training_batch_size': 7, 'training_p': 5}
	 epoch  0 training error:  tensor(1.8249, device='cuda:0', grad_fn=<DivBackward0>)
Memory status after this epoch: 
Memory allocated:  137.94921875
Memory cached:  356.0
	 epoch  10 training error:  tensor(0.2918, device='cuda:0', grad_fn=<DivBackward0>)
Memory status after this epoch: 
Memory allocated:  137.94921875
Memory cached:  356.0
	 epoch  20 training error:  tensor(0.3338, device='cuda:0', grad_fn=<DivBackward0>)
Memory status after this epoch: 
Memory allocated:  137.94921875
Memory cached:  356.0
	 epoch  30 training error:  tensor(0.1951, device='cuda:0', grad_fn=<DivBackward0>)
Memory status after this epoch: 
Memory allocated:  137.94921875
Memory cached:  356.0
	 epoch  40 training error:  tensor(0.1364, device='cuda:0', grad_fn=<DivBackward0>)
Memory status after this epoch: 
Memory allocated:  137.94921875
Memory cached:  356.0
	 epoch  50 training error:  tensor(0.1000, device='cuda:0', grad_fn=<DivBackward0>)
Memory status after this epoch: 
Memory allocated:  137.94921875
Memory cached:  356.0
	 epoch  60 training error:  tensor(0.0852, device='cuda:0', grad_fn=<DivBackward0>)
Memory status after this epoch: 
Memory allocated:  137.94921875
Memory cached:  356.0
	 epoch  70 training error:  tensor(0.0808, device='cuda:0', grad_fn=<DivBackward0>)
Memory status after this epoch: 
Memory allocated:  137.94921875
Memory cached:  356.0
	 epoch  80 training error:  tensor(0.0775, device='cuda:0', grad_fn=<DivBackward0>)
Memory status after this epoch: 
Memory allocated:  137.94921875
Memory cached:  356.0
	 epoch  90 training error:  tensor(0.0751, device='cuda:0', grad_fn=<DivBackward0>)
Memory status after this epoch: 
Memory allocated:  137.94921875
Memory cached:  356.0
