[I 2024-02-17 07:20:50,630] Trial 95 finished with value: 0.07620654255151749 and parameters: {'W_layers': 6, 'W_layer_units_exponent_0': 5, 'W_layer_units_exponent_1': 6, 'W_layer_units_exponent_2': 8, 'W_layer_units_exponent_3': 4, 'W_layer_units_exponent_4': 10, 'W_layer_units_exponent_5': 5, 'D_layers': 7, 'D_layer_units_exponent_0': 6, 'D_layer_units_exponent_1': 10, 'D_layer_units_exponent_2': 9, 'D_layer_units_exponent_3': 4, 'D_layer_units_exponent_4': 6, 'D_layer_units_exponent_5': 5, 'D_layer_units_exponent_6': 8, 'D_dagger_layers': 2, 'D_dagger_layer_units_exponent_0': 7, 'D_dagger_layer_units_exponent_1': 9, 'log_learning_rate': -3.9608248205214394, 'log_learning_rate_D': -4.687911198105624, 'log_learning_rate_D_dagger': -3.470267742329633, 'training_batch_size': 6, 'training_p': 4}. Best is trial 67 with value: 0.07194268703460693.
Time for this trial:  834.6506197452545
Memory status after this trial: 
Memory allocated:  1605.86767578125
Memory cached:  1620.0
--------------------  Trial  96   --------------------
Start timing: 
Parameters: 
{'W_layers': 6, 'W_layer_units_exponent_0': 5, 'W_layer_units_exponent_1': 6, 'W_layer_units_exponent_2': 9, 'W_layer_units_exponent_3': 4, 'W_layer_units_exponent_4': 10, 'W_layer_units_exponent_5': 4, 'D_layers': 7, 'D_layer_units_exponent_0': 5, 'D_layer_units_exponent_1': 10, 'D_layer_units_exponent_2': 9, 'D_layer_units_exponent_3': 4, 'D_layer_units_exponent_4': 6, 'D_layer_units_exponent_5': 5, 'D_layer_units_exponent_6': 8, 'D_dagger_layers': 2, 'D_dagger_layer_units_exponent_0': 8, 'D_dagger_layer_units_exponent_1': 10, 'log_learning_rate': -4.257159303697624, 'log_learning_rate_D': -4.8536127348517, 'log_learning_rate_D_dagger': -3.8080886081887555, 'training_batch_size': 6, 'training_p': 5}
	 epoch  0 training error:  tensor(0.6893, device='cuda:0', grad_fn=<DivBackward0>)
Memory status after this epoch: 
Memory allocated:  780.970703125
Memory cached:  1194.0
	 epoch  10 training error:  tensor(0.1430, device='cuda:0', grad_fn=<DivBackward0>)
Memory status after this epoch: 
Memory allocated:  780.970703125
Memory cached:  1244.0
	 epoch  20 training error:  tensor(0.1212, device='cuda:0', grad_fn=<DivBackward0>)
Memory status after this epoch: 
Memory allocated:  780.970703125
Memory cached:  1242.0
	 epoch  30 training error:  tensor(0.1126, device='cuda:0', grad_fn=<DivBackward0>)
Memory status after this epoch: 
Memory allocated:  780.970703125
Memory cached:  1244.0
	 epoch  40 training error:  tensor(0.1102, device='cuda:0', grad_fn=<DivBackward0>)
Memory status after this epoch: 
Memory allocated:  780.970703125
Memory cached:  1244.0
	 epoch  50 training error:  tensor(0.1099, device='cuda:0', grad_fn=<DivBackward0>)
Memory status after this epoch: 
Memory allocated:  780.970703125
Memory cached:  1250.0
	 epoch  60 training error:  tensor(0.1042, device='cuda:0', grad_fn=<DivBackward0>)
Memory status after this epoch: 
Memory allocated:  780.970703125
Memory cached:  1242.0
	 epoch  70 training error:  tensor(0.1023, device='cuda:0', grad_fn=<DivBackward0>)
Memory status after this epoch: 
Memory allocated:  780.970703125
Memory cached:  1236.0
	 epoch  80 training error:  tensor(0.0992, device='cuda:0', grad_fn=<DivBackward0>)
Memory status after this epoch: 
Memory allocated:  780.970703125
Memory cached:  1244.0
	 epoch  90 training error:  tensor(0.1048, device='cuda:0', grad_fn=<DivBackward0>)
Memory status after this epoch: 
Memory allocated:  780.970703125
Memory cached:  1240.0
[I 2024-02-17 07:34:53,411] Trial 96 finished with value: 0.07476498186588287 and parameters: {'W_layers': 6, 'W_layer_units_exponent_0': 5, 'W_layer_units_exponent_1': 6, 'W_layer_units_exponent_2': 9, 'W_layer_units_exponent_3': 4, 'W_layer_units_exponent_4': 10, 'W_layer_units_exponent_5': 4, 'D_layers': 7, 'D_layer_units_exponent_0': 5, 'D_layer_units_exponent_1': 10, 'D_layer_units_exponent_2': 9, 'D_layer_units_exponent_3': 4, 'D_layer_units_exponent_4': 6, 'D_layer_units_exponent_5': 5, 'D_layer_units_exponent_6': 8, 'D_dagger_layers': 2, 'D_dagger_layer_units_exponent_0': 8, 'D_dagger_layer_units_exponent_1': 10, 'log_learning_rate': -4.257159303697624, 'log_learning_rate_D': -4.8536127348517, 'log_learning_rate_D_dagger': -3.8080886081887555, 'training_batch_size': 6, 'training_p': 5}. Best is trial 67 with value: 0.07194268703460693.
Time for this trial:  842.2184028625488
Memory status after this trial: 
Memory allocated:  1773.24560546875
Memory cached:  1788.0
--------------------  Trial  97   --------------------
Start timing: 
Parameters: 
{'W_layers': 5, 'W_layer_units_exponent_0': 6, 'W_layer_units_exponent_1': 6, 'W_layer_units_exponent_2': 8, 'W_layer_units_exponent_3': 4, 'W_layer_units_exponent_4': 10, 'D_layers': 6, 'D_layer_units_exponent_0': 4, 'D_layer_units_exponent_1': 10, 'D_layer_units_exponent_2': 9, 'D_layer_units_exponent_3': 5, 'D_layer_units_exponent_4': 5, 'D_layer_units_exponent_5': 5, 'D_dagger_layers': 2, 'D_dagger_layer_units_exponent_0': 7, 'D_dagger_layer_units_exponent_1': 9, 'log_learning_rate': -4.39922316207778, 'log_learning_rate_D': -4.514017985103466, 'log_learning_rate_D_dagger': -3.66650842876482, 'training_batch_size': 6, 'training_p': 4}
	 epoch  0 training error:  tensor(0.7464, device='cuda:0', grad_fn=<DivBackward0>)
Memory status after this epoch: 
Memory allocated:  777.154296875
Memory cached:  1198.0
	 epoch  10 training error:  tensor(0.1598, device='cuda:0', grad_fn=<DivBackward0>)
Memory status after this epoch: 
Memory allocated:  777.154296875
Memory cached:  1216.0
	 epoch  20 training error:  tensor(0.1289, device='cuda:0', grad_fn=<DivBackward0>)
Memory status after this epoch: 
Memory allocated:  777.154296875
Memory cached:  1220.0
	 epoch  30 training error:  tensor(0.1126, device='cuda:0', grad_fn=<DivBackward0>)
Memory status after this epoch: 
Memory allocated:  777.154296875
Memory cached:  1212.0
	 epoch  40 training error:  tensor(0.1073, device='cuda:0', grad_fn=<DivBackward0>)
Memory status after this epoch: 
Memory allocated:  777.154296875
Memory cached:  1220.0
	 epoch  50 training error:  tensor(0.1058, device='cuda:0', grad_fn=<DivBackward0>)
Memory status after this epoch: 
Memory allocated:  777.154296875
Memory cached:  1220.0
	 epoch  60 training error:  tensor(0.1035, device='cuda:0', grad_fn=<DivBackward0>)
Memory status after this epoch: 
Memory allocated:  777.154296875
Memory cached:  1208.0
	 epoch  70 training error:  tensor(0.1066, device='cuda:0', grad_fn=<DivBackward0>)
Memory status after this epoch: 
Memory allocated:  777.154296875
Memory cached:  1214.0
	 epoch  80 training error:  tensor(0.1019, device='cuda:0', grad_fn=<DivBackward0>)
Memory status after this epoch: 
Memory allocated:  777.154296875
Memory cached:  1220.0
	 epoch  90 training error:  tensor(0.1016, device='cuda:0', grad_fn=<DivBackward0>)
Memory status after this epoch: 
Memory allocated:  777.154296875
Memory cached:  1212.0
[I 2024-02-17 07:47:27,897] Trial 97 finished with value: 0.0830765888094902 and parameters: {'W_layers': 5, 'W_layer_units_exponent_0': 6, 'W_layer_units_exponent_1': 6, 'W_layer_units_exponent_2': 8, 'W_layer_units_exponent_3': 4, 'W_layer_units_exponent_4': 10, 'D_layers': 6, 'D_layer_units_exponent_0': 4, 'D_layer_units_exponent_1': 10, 'D_layer_units_exponent_2': 9, 'D_layer_units_exponent_3': 5, 'D_layer_units_exponent_4': 5, 'D_layer_units_exponent_5': 5, 'D_dagger_layers': 2, 'D_dagger_layer_units_exponent_0': 7, 'D_dagger_layer_units_exponent_1': 9, 'log_learning_rate': -4.39922316207778, 'log_learning_rate_D': -4.514017985103466, 'log_learning_rate_D_dagger': -3.66650842876482, 'training_batch_size': 6, 'training_p': 4}. Best is trial 67 with value: 0.07194268703460693.
Time for this trial:  753.9288976192474
Memory status after this trial: 
Memory allocated:  1514.07177734375
Memory cached:  1528.0
--------------------  Trial  98   --------------------
Start timing: 
Parameters: 
{'W_layers': 6, 'W_layer_units_exponent_0': 5, 'W_layer_units_exponent_1': 5, 'W_layer_units_exponent_2': 9, 'W_layer_units_exponent_3': 4, 'W_layer_units_exponent_4': 9, 'W_layer_units_exponent_5': 5, 'D_layers': 8, 'D_layer_units_exponent_0': 6, 'D_layer_units_exponent_1': 10, 'D_layer_units_exponent_2': 9, 'D_layer_units_exponent_3': 4, 'D_layer_units_exponent_4': 5, 'D_layer_units_exponent_5': 6, 'D_layer_units_exponent_6': 8, 'D_layer_units_exponent_7': 10, 'D_dagger_layers': 2, 'D_dagger_layer_units_exponent_0': 7, 'D_dagger_layer_units_exponent_1': 10, 'log_learning_rate': -4.192380014556453, 'log_learning_rate_D': -4.996386437425982, 'log_learning_rate_D_dagger': -3.3271241204514386, 'training_batch_size': 6, 'training_p': 4}
	 epoch  0 training error:  tensor(0.5981, device='cuda:0', grad_fn=<DivBackward0>)
Memory status after this epoch: 
Memory allocated:  783.2109375
Memory cached:  1208.0
	 epoch  10 training error:  tensor(0.1272, device='cuda:0', grad_fn=<DivBackward0>)
Memory status after this epoch: 
Memory allocated:  783.2109375
Memory cached:  1268.0
	 epoch  20 training error:  tensor(0.1103, device='cuda:0', grad_fn=<DivBackward0>)
Memory status after this epoch: 
Memory allocated:  783.2109375
Memory cached:  1268.0
	 epoch  30 training error:  tensor(0.1091, device='cuda:0', grad_fn=<DivBackward0>)
Memory status after this epoch: 
Memory allocated:  783.2109375
Memory cached:  1268.0
	 epoch  40 training error:  tensor(0.1068, device='cuda:0', grad_fn=<DivBackward0>)
Memory status after this epoch: 
Memory allocated:  783.2109375
Memory cached:  1274.0
	 epoch  50 training error:  tensor(0.1132, device='cuda:0', grad_fn=<DivBackward0>)
Memory status after this epoch: 
Memory allocated:  783.2109375
Memory cached:  1268.0
	 epoch  60 training error:  tensor(0.1021, device='cuda:0', grad_fn=<DivBackward0>)
Memory status after this epoch: 
Memory allocated:  783.2109375
Memory cached:  1268.0
	 epoch  70 training error:  tensor(0.1080, device='cuda:0', grad_fn=<DivBackward0>)
Memory status after this epoch: 
Memory allocated:  783.2109375
Memory cached:  1264.0
	 epoch  80 training error:  tensor(0.0978, device='cuda:0', grad_fn=<DivBackward0>)
Memory status after this epoch: 
Memory allocated:  783.2109375
Memory cached:  1266.0
	 epoch  90 training error:  tensor(0.0989, device='cuda:0', grad_fn=<DivBackward0>)
Memory status after this epoch: 
Memory allocated:  783.2109375
Memory cached:  1268.0
[I 2024-02-17 08:02:13,640] Trial 98 finished with value: 0.07839053124189377 and parameters: {'W_layers': 6, 'W_layer_units_exponent_0': 5, 'W_layer_units_exponent_1': 5, 'W_layer_units_exponent_2': 9, 'W_layer_units_exponent_3': 4, 'W_layer_units_exponent_4': 9, 'W_layer_units_exponent_5': 5, 'D_layers': 8, 'D_layer_units_exponent_0': 6, 'D_layer_units_exponent_1': 10, 'D_layer_units_exponent_2': 9, 'D_layer_units_exponent_3': 4, 'D_layer_units_exponent_4': 5, 'D_layer_units_exponent_5': 6, 'D_layer_units_exponent_6': 8, 'D_layer_units_exponent_7': 10, 'D_dagger_layers': 2, 'D_dagger_layer_units_exponent_0': 7, 'D_dagger_layer_units_exponent_1': 10, 'log_learning_rate': -4.192380014556453, 'log_learning_rate_D': -4.996386437425982, 'log_learning_rate_D_dagger': -3.3271241204514386, 'training_batch_size': 6, 'training_p': 4}. Best is trial 67 with value: 0.07194268703460693.
Time for this trial:  885.0571596622467
Memory status after this trial: 
Memory allocated:  1833.86767578125
Memory cached:  1850.0
--------------------  Trial  99   --------------------
Start timing: 
Parameters: 
{'W_layers': 6, 'W_layer_units_exponent_0': 5, 'W_layer_units_exponent_1': 6, 'W_layer_units_exponent_2': 8, 'W_layer_units_exponent_3': 4, 'W_layer_units_exponent_4': 9, 'W_layer_units_exponent_5': 4, 'D_layers': 7, 'D_layer_units_exponent_0': 8, 'D_layer_units_exponent_1': 10, 'D_layer_units_exponent_2': 10, 'D_layer_units_exponent_3': 4, 'D_layer_units_exponent_4': 6, 'D_layer_units_exponent_5': 8, 'D_layer_units_exponent_6': 9, 'D_dagger_layers': 3, 'D_dagger_layer_units_exponent_0': 8, 'D_dagger_layer_units_exponent_1': 10, 'D_dagger_layer_units_exponent_2': 4, 'log_learning_rate': -4.5532692640188595, 'log_learning_rate_D': -4.758932668205233, 'log_learning_rate_D_dagger': -3.494971232482299, 'training_batch_size': 7, 'training_p': 5}
	 epoch  0 training error:  tensor(0.8164, device='cuda:0', grad_fn=<DivBackward0>)
Memory status after this epoch: 
Memory allocated:  794.275390625
Memory cached:  1192.0
	 epoch  10 training error:  tensor(0.1465, device='cuda:0', grad_fn=<DivBackward0>)
Memory status after this epoch: 
Memory allocated:  794.275390625
Memory cached:  1206.0
	 epoch  20 training error:  tensor(0.1155, device='cuda:0', grad_fn=<DivBackward0>)
Memory status after this epoch: 
Memory allocated:  794.275390625
Memory cached:  1212.0
	 epoch  30 training error:  tensor(0.1096, device='cuda:0', grad_fn=<DivBackward0>)
Memory status after this epoch: 
Memory allocated:  794.275390625
Memory cached:  1212.0
	 epoch  40 training error:  tensor(0.1079, device='cuda:0', grad_fn=<DivBackward0>)
Memory status after this epoch: 
Memory allocated:  794.275390625
Memory cached:  1206.0
	 epoch  50 training error:  tensor(0.1074, device='cuda:0', grad_fn=<DivBackward0>)
Memory status after this epoch: 
Memory allocated:  794.275390625
Memory cached:  1210.0
	 epoch  60 training error:  tensor(0.1077, device='cuda:0', grad_fn=<DivBackward0>)
Memory status after this epoch: 
Memory allocated:  794.275390625
Memory cached:  1216.0
	 epoch  70 training error:  tensor(0.1088, device='cuda:0', grad_fn=<DivBackward0>)
Memory status after this epoch: 
Memory allocated:  794.275390625
Memory cached:  1216.0
	 epoch  80 training error:  tensor(0.1106, device='cuda:0', grad_fn=<DivBackward0>)
Memory status after this epoch: 
Memory allocated:  794.275390625
Memory cached:  1208.0
	 epoch  90 training error:  tensor(0.1061, device='cuda:0', grad_fn=<DivBackward0>)
Memory status after this epoch: 
Memory allocated:  794.275390625
Memory cached:  1210.0
[I 2024-02-17 08:11:56,990] Trial 99 finished with value: 0.08722129464149475 and parameters: {'W_layers': 6, 'W_layer_units_exponent_0': 5, 'W_layer_units_exponent_1': 6, 'W_layer_units_exponent_2': 8, 'W_layer_units_exponent_3': 4, 'W_layer_units_exponent_4': 9, 'W_layer_units_exponent_5': 4, 'D_layers': 7, 'D_layer_units_exponent_0': 8, 'D_layer_units_exponent_1': 10, 'D_layer_units_exponent_2': 10, 'D_layer_units_exponent_3': 4, 'D_layer_units_exponent_4': 6, 'D_layer_units_exponent_5': 8, 'D_layer_units_exponent_6': 9, 'D_dagger_layers': 3, 'D_dagger_layer_units_exponent_0': 8, 'D_dagger_layer_units_exponent_1': 10, 'D_dagger_layer_units_exponent_2': 4, 'log_learning_rate': -4.5532692640188595, 'log_learning_rate_D': -4.758932668205233, 'log_learning_rate_D_dagger': -3.494971232482299, 'training_batch_size': 7, 'training_p': 5}. Best is trial 67 with value: 0.07194268703460693.
Time for this trial:  582.7678823471069
Memory status after this trial: 
Memory allocated:  1899.39892578125
Memory cached:  1934.0
--------------------  Trial  100   --------------------
Start timing: 
Parameters: 
{'W_layers': 5, 'W_layer_units_exponent_0': 6, 'W_layer_units_exponent_1': 5, 'W_layer_units_exponent_2': 8, 'W_layer_units_exponent_3': 4, 'W_layer_units_exponent_4': 10, 'D_layers': 7, 'D_layer_units_exponent_0': 7, 'D_layer_units_exponent_1': 10, 'D_layer_units_exponent_2': 8, 'D_layer_units_exponent_3': 5, 'D_layer_units_exponent_4': 5, 'D_layer_units_exponent_5': 7, 'D_layer_units_exponent_6': 6, 'D_dagger_layers': 2, 'D_dagger_layer_units_exponent_0': 6, 'D_dagger_layer_units_exponent_1': 10, 'log_learning_rate': -4.303893325380757, 'log_learning_rate_D': -4.682056100578609, 'log_learning_rate_D_dagger': -3.4166821454267895, 'training_batch_size': 6, 'training_p': 4}
	 epoch  0 training error:  tensor(0.6777, device='cuda:0', grad_fn=<DivBackward0>)
Memory status after this epoch: 
Memory allocated:  774.806640625
Memory cached:  1182.0
	 epoch  10 training error:  tensor(0.1430, device='cuda:0', grad_fn=<DivBackward0>)
Memory status after this epoch: 
Memory allocated:  774.806640625
Memory cached:  1246.0
	 epoch  20 training error:  tensor(0.1139, device='cuda:0', grad_fn=<DivBackward0>)
Memory status after this epoch: 
Memory allocated:  774.806640625
Memory cached:  1252.0
	 epoch  30 training error:  tensor(0.1090, device='cuda:0', grad_fn=<DivBackward0>)
Memory status after this epoch: 
Memory allocated:  774.806640625
Memory cached:  1244.0
	 epoch  40 training error:  tensor(0.1070, device='cuda:0', grad_fn=<DivBackward0>)
Memory status after this epoch: 
Memory allocated:  774.806640625
Memory cached:  1250.0
	 epoch  50 training error:  tensor(0.1027, device='cuda:0', grad_fn=<DivBackward0>)
Memory status after this epoch: 
Memory allocated:  774.806640625
Memory cached:  1256.0
	 epoch  60 training error:  tensor(0.1020, device='cuda:0', grad_fn=<DivBackward0>)
Memory status after this epoch: 
Memory allocated:  774.806640625
Memory cached:  1252.0
	 epoch  70 training error:  tensor(0.1014, device='cuda:0', grad_fn=<DivBackward0>)
Memory status after this epoch: 
Memory allocated:  774.806640625
Memory cached:  1254.0
	 epoch  80 training error:  tensor(0.0957, device='cuda:0', grad_fn=<DivBackward0>)
Memory status after this epoch: 
Memory allocated:  774.806640625
Memory cached:  1250.0
	 epoch  90 training error:  tensor(0.0968, device='cuda:0', grad_fn=<DivBackward0>)
Memory status after this epoch: 
Memory allocated:  774.806640625
Memory cached:  1240.0
[I 2024-02-17 08:25:18,410] Trial 100 finished with value: 0.07428642362356186 and parameters: {'W_layers': 5, 'W_layer_units_exponent_0': 6, 'W_layer_units_exponent_1': 5, 'W_layer_units_exponent_2': 8, 'W_layer_units_exponent_3': 4, 'W_layer_units_exponent_4': 10, 'D_layers': 7, 'D_layer_units_exponent_0': 7, 'D_layer_units_exponent_1': 10, 'D_layer_units_exponent_2': 8, 'D_layer_units_exponent_3': 5, 'D_layer_units_exponent_4': 5, 'D_layer_units_exponent_5': 7, 'D_layer_units_exponent_6': 6, 'D_dagger_layers': 2, 'D_dagger_layer_units_exponent_0': 6, 'D_dagger_layer_units_exponent_1': 10, 'log_learning_rate': -4.303893325380757, 'log_learning_rate_D': -4.682056100578609, 'log_learning_rate_D_dagger': -3.4166821454267895, 'training_batch_size': 6, 'training_p': 4}. Best is trial 67 with value: 0.07194268703460693.
Time for this trial:  800.9001457691193
Memory status after this trial: 
Memory allocated:  1588.55712890625
Memory cached:  1608.0
--------------------  Trial  101   --------------------
Start timing: 
Parameters: 
{'W_layers': 6, 'W_layer_units_exponent_0': 5, 'W_layer_units_exponent_1': 6, 'W_layer_units_exponent_2': 7, 'W_layer_units_exponent_3': 5, 'W_layer_units_exponent_4': 9, 'W_layer_units_exponent_5': 5, 'D_layers': 6, 'D_layer_units_exponent_0': 8, 'D_layer_units_exponent_1': 4, 'D_layer_units_exponent_2': 9, 'D_layer_units_exponent_3': 4, 'D_layer_units_exponent_4': 4, 'D_layer_units_exponent_5': 5, 'D_dagger_layers': 2, 'D_dagger_layer_units_exponent_0': 7, 'D_dagger_layer_units_exponent_1': 9, 'log_learning_rate': -3.8742699616300107, 'log_learning_rate_D': -4.900004789628796, 'log_learning_rate_D_dagger': -4.086268750208026, 'training_batch_size': 6, 'training_p': 4}
	 epoch  0 training error:  tensor(0.9682, device='cuda:0', grad_fn=<DivBackward0>)
Memory status after this epoch: 
Memory allocated:  769.009765625
Memory cached:  1160.0
	 epoch  10 training error:  tensor(0.1914, device='cuda:0', grad_fn=<DivBackward0>)
Memory status after this epoch: 
Memory allocated:  769.009765625
Memory cached:  1160.0
	 epoch  20 training error:  tensor(0.1565, device='cuda:0', grad_fn=<DivBackward0>)
Memory status after this epoch: 
Memory allocated:  769.009765625
Memory cached:  1160.0
	 epoch  30 training error:  tensor(0.1356, device='cuda:0', grad_fn=<DivBackward0>)
Memory status after this epoch: 
Memory allocated:  769.009765625
Memory cached:  1160.0
	 epoch  40 training error:  tensor(0.1200, device='cuda:0', grad_fn=<DivBackward0>)
Memory status after this epoch: 
Memory allocated:  769.009765625
Memory cached:  1160.0
	 epoch  50 training error:  tensor(0.1135, device='cuda:0', grad_fn=<DivBackward0>)
Memory status after this epoch: 
Memory allocated:  769.009765625
Memory cached:  1160.0
	 epoch  60 training error:  tensor(0.1100, device='cuda:0', grad_fn=<DivBackward0>)
Memory status after this epoch: 
Memory allocated:  769.009765625
Memory cached:  1160.0
	 epoch  70 training error:  tensor(0.1071, device='cuda:0', grad_fn=<DivBackward0>)
Memory status after this epoch: 
Memory allocated:  769.009765625
Memory cached:  1160.0
	 epoch  80 training error:  tensor(0.1052, device='cuda:0', grad_fn=<DivBackward0>)
Memory status after this epoch: 
Memory allocated:  769.009765625
Memory cached:  1160.0
	 epoch  90 training error:  tensor(0.1037, device='cuda:0', grad_fn=<DivBackward0>)
Memory status after this epoch: 
Memory allocated:  769.009765625
Memory cached:  1160.0
