[I 2023-12-04 01:43:59,123] Trial 26 finished with value: 0.08707144111394882 and parameters: {'W_layers': 5, 'W_layer_units_exponent_0': 9, 'W_layer_units_exponent_1': 9, 'W_layer_units_exponent_2': 10, 'W_layer_units_exponent_3': 7, 'W_layer_units_exponent_4': 8, 'D_layers': 8, 'D_layer_units_exponent_0': 8, 'D_layer_units_exponent_1': 10, 'D_layer_units_exponent_2': 6, 'D_layer_units_exponent_3': 6, 'D_layer_units_exponent_4': 6, 'D_layer_units_exponent_5': 6, 'D_layer_units_exponent_6': 10, 'D_layer_units_exponent_7': 10, 'log_learning_rate': -4.186926871449069, 'log_learning_rate_D': -3.7393274867146866, 'training_batch_size': 6, 'training_p': 6}. Best is trial 25 with value: 0.027072925120592117.
Time for this trial:  89.40080690383911
Memory status after this trial: 
Memory allocated:  247.8681640625
Memory cached:  264.0
--------------------  Trial  27   --------------------
Start timing: 
Parameters: 
{'W_layers': 3, 'W_layer_units_exponent_0': 7, 'W_layer_units_exponent_1': 10, 'W_layer_units_exponent_2': 7, 'D_layers': 5, 'D_layer_units_exponent_0': 8, 'D_layer_units_exponent_1': 10, 'D_layer_units_exponent_2': 5, 'D_layer_units_exponent_3': 7, 'D_layer_units_exponent_4': 6, 'log_learning_rate': -3.489269793092413, 'log_learning_rate_D': -3.1306213384032966, 'training_batch_size': 6, 'training_p': 6}
	 epoch  0 training error:  tensor(0.9975, device='cuda:0', grad_fn=<DivBackward0>)
Memory status after this epoch: 
Memory allocated:  101.11669921875
Memory cached:  180.0
	 epoch  10 training error:  tensor(0.2070, device='cuda:0', grad_fn=<DivBackward0>)
Memory status after this epoch: 
Memory allocated:  101.11669921875
Memory cached:  180.0
	 epoch  20 training error:  tensor(0.1312, device='cuda:0', grad_fn=<DivBackward0>)
Memory status after this epoch: 
Memory allocated:  101.11669921875
Memory cached:  180.0
	 epoch  30 training error:  tensor(0.0712, device='cuda:0', grad_fn=<DivBackward0>)
Memory status after this epoch: 
Memory allocated:  101.11669921875
Memory cached:  180.0
	 epoch  40 training error:  tensor(0.0383, device='cuda:0', grad_fn=<DivBackward0>)
Memory status after this epoch: 
Memory allocated:  101.11669921875
Memory cached:  180.0
	 epoch  50 training error:  tensor(0.0348, device='cuda:0', grad_fn=<DivBackward0>)
Memory status after this epoch: 
Memory allocated:  101.11669921875
Memory cached:  180.0
	 epoch  60 training error:  tensor(0.0232, device='cuda:0', grad_fn=<DivBackward0>)
Memory status after this epoch: 
Memory allocated:  101.11669921875
Memory cached:  180.0
	 epoch  70 training error:  tensor(0.0255, device='cuda:0', grad_fn=<DivBackward0>)
Memory status after this epoch: 
Memory allocated:  101.11669921875
Memory cached:  180.0
	 epoch  80 training error:  tensor(0.0220, device='cuda:0', grad_fn=<DivBackward0>)
Memory status after this epoch: 
Memory allocated:  101.11669921875
Memory cached:  180.0
	 epoch  90 training error:  tensor(0.0235, device='cuda:0', grad_fn=<DivBackward0>)
Memory status after this epoch: 
Memory allocated:  101.11669921875
Memory cached:  180.0
[I 2023-12-04 01:45:04,770] Trial 27 finished with value: 0.013895528391003609 and parameters: {'W_layers': 3, 'W_layer_units_exponent_0': 7, 'W_layer_units_exponent_1': 10, 'W_layer_units_exponent_2': 7, 'D_layers': 5, 'D_layer_units_exponent_0': 8, 'D_layer_units_exponent_1': 10, 'D_layer_units_exponent_2': 5, 'D_layer_units_exponent_3': 7, 'D_layer_units_exponent_4': 6, 'log_learning_rate': -3.489269793092413, 'log_learning_rate_D': -3.1306213384032966, 'training_batch_size': 6, 'training_p': 6}. Best is trial 27 with value: 0.013895528391003609.
res:  tensor(0.0139, device='cuda:0', grad_fn=<DivBackward0>)
self.bestValue:  tensor(0.0271, device='cuda:0', grad_fn=<DivBackward0>)
Save this model!
Time for this trial:  65.46549105644226
Memory status after this trial: 
Memory allocated:  67.9501953125
Memory cached:  142.0
--------------------  Trial  28   --------------------
Start timing: 
Parameters: 
{'W_layers': 4, 'W_layer_units_exponent_0': 8, 'W_layer_units_exponent_1': 10, 'W_layer_units_exponent_2': 6, 'W_layer_units_exponent_3': 9, 'D_layers': 7, 'D_layer_units_exponent_0': 6, 'D_layer_units_exponent_1': 10, 'D_layer_units_exponent_2': 4, 'D_layer_units_exponent_3': 5, 'D_layer_units_exponent_4': 8, 'D_layer_units_exponent_5': 5, 'D_layer_units_exponent_6': 7, 'log_learning_rate': -3.5633096849899415, 'log_learning_rate_D': -4.064369316678192, 'training_batch_size': 6, 'training_p': 6}
	 epoch  0 training error:  tensor(1.0226, device='cuda:0', grad_fn=<DivBackward0>)
Memory status after this epoch: 
Memory allocated:  75.16162109375
Memory cached:  144.0
	 epoch  10 training error:  tensor(0.2155, device='cuda:0', grad_fn=<DivBackward0>)
Memory status after this epoch: 
Memory allocated:  75.16162109375
Memory cached:  146.0
	 epoch  20 training error:  tensor(0.1559, device='cuda:0', grad_fn=<DivBackward0>)
Memory status after this epoch: 
Memory allocated:  75.16162109375
Memory cached:  146.0
	 epoch  30 training error:  tensor(0.1452, device='cuda:0', grad_fn=<DivBackward0>)
Memory status after this epoch: 
Memory allocated:  75.16162109375
Memory cached:  146.0
	 epoch  40 training error:  tensor(0.1404, device='cuda:0', grad_fn=<DivBackward0>)
Memory status after this epoch: 
Memory allocated:  75.16162109375
Memory cached:  146.0
	 epoch  50 training error:  tensor(0.1355, device='cuda:0', grad_fn=<DivBackward0>)
Memory status after this epoch: 
Memory allocated:  75.16162109375
Memory cached:  146.0
	 epoch  60 training error:  tensor(0.1132, device='cuda:0', grad_fn=<DivBackward0>)
Memory status after this epoch: 
Memory allocated:  75.16162109375
Memory cached:  146.0
	 epoch  70 training error:  tensor(0.1074, device='cuda:0', grad_fn=<DivBackward0>)
Memory status after this epoch: 
Memory allocated:  75.16162109375
Memory cached:  146.0
	 epoch  80 training error:  tensor(0.0989, device='cuda:0', grad_fn=<DivBackward0>)
Memory status after this epoch: 
Memory allocated:  75.16162109375
Memory cached:  146.0
	 epoch  90 training error:  tensor(0.0841, device='cuda:0', grad_fn=<DivBackward0>)
Memory status after this epoch: 
Memory allocated:  75.16162109375
Memory cached:  146.0
[I 2023-12-04 01:46:22,529] Trial 28 finished with value: 0.05197066068649292 and parameters: {'W_layers': 4, 'W_layer_units_exponent_0': 8, 'W_layer_units_exponent_1': 10, 'W_layer_units_exponent_2': 6, 'W_layer_units_exponent_3': 9, 'D_layers': 7, 'D_layer_units_exponent_0': 6, 'D_layer_units_exponent_1': 10, 'D_layer_units_exponent_2': 4, 'D_layer_units_exponent_3': 5, 'D_layer_units_exponent_4': 8, 'D_layer_units_exponent_5': 5, 'D_layer_units_exponent_6': 7, 'log_learning_rate': -3.5633096849899415, 'log_learning_rate_D': -4.064369316678192, 'training_batch_size': 6, 'training_p': 6}. Best is trial 27 with value: 0.013895528391003609.
Time for this trial:  77.58531212806702
Memory status after this trial: 
Memory allocated:  149.44384765625
Memory cached:  154.0
--------------------  Trial  29   --------------------
Start timing: 
Parameters: 
{'W_layers': 6, 'W_layer_units_exponent_0': 9, 'W_layer_units_exponent_1': 4, 'W_layer_units_exponent_2': 7, 'W_layer_units_exponent_3': 8, 'W_layer_units_exponent_4': 6, 'W_layer_units_exponent_5': 7, 'D_layers': 5, 'D_layer_units_exponent_0': 5, 'D_layer_units_exponent_1': 10, 'D_layer_units_exponent_2': 5, 'D_layer_units_exponent_3': 7, 'D_layer_units_exponent_4': 6, 'log_learning_rate': -4.037021347824453, 'log_learning_rate_D': -3.4125160287639846, 'training_batch_size': 6, 'training_p': 7}
	 epoch  0 training error:  tensor(0.9717, device='cuda:0', grad_fn=<DivBackward0>)
Memory status after this epoch: 
Memory allocated:  70.31591796875
Memory cached:  142.0
	 epoch  10 training error:  tensor(0.8529, device='cuda:0', grad_fn=<DivBackward0>)
Memory status after this epoch: 
Memory allocated:  70.31591796875
Memory cached:  144.0
	 epoch  20 training error:  tensor(0.4530, device='cuda:0', grad_fn=<DivBackward0>)
Memory status after this epoch: 
Memory allocated:  70.31591796875
Memory cached:  144.0
	 epoch  30 training error:  tensor(0.3129, device='cuda:0', grad_fn=<DivBackward0>)
Memory status after this epoch: 
Memory allocated:  70.31591796875
Memory cached:  144.0
	 epoch  40 training error:  tensor(0.2428, device='cuda:0', grad_fn=<DivBackward0>)
Memory status after this epoch: 
Memory allocated:  70.31591796875
Memory cached:  144.0
	 epoch  50 training error:  tensor(0.2146, device='cuda:0', grad_fn=<DivBackward0>)
Memory status after this epoch: 
Memory allocated:  70.31591796875
Memory cached:  144.0
	 epoch  60 training error:  tensor(0.1988, device='cuda:0', grad_fn=<DivBackward0>)
Memory status after this epoch: 
Memory allocated:  70.31591796875
Memory cached:  144.0
	 epoch  70 training error:  tensor(0.1865, device='cuda:0', grad_fn=<DivBackward0>)
Memory status after this epoch: 
Memory allocated:  70.31591796875
Memory cached:  144.0
	 epoch  80 training error:  tensor(0.1725, device='cuda:0', grad_fn=<DivBackward0>)
Memory status after this epoch: 
Memory allocated:  70.31591796875
Memory cached:  144.0
	 epoch  90 training error:  tensor(0.1583, device='cuda:0', grad_fn=<DivBackward0>)
Memory status after this epoch: 
Memory allocated:  70.31591796875
Memory cached:  144.0
[I 2023-12-04 01:47:38,487] Trial 29 finished with value: 0.12312012165784836 and parameters: {'W_layers': 6, 'W_layer_units_exponent_0': 9, 'W_layer_units_exponent_1': 4, 'W_layer_units_exponent_2': 7, 'W_layer_units_exponent_3': 8, 'W_layer_units_exponent_4': 6, 'W_layer_units_exponent_5': 7, 'D_layers': 5, 'D_layer_units_exponent_0': 5, 'D_layer_units_exponent_1': 10, 'D_layer_units_exponent_2': 5, 'D_layer_units_exponent_3': 7, 'D_layer_units_exponent_4': 6, 'log_learning_rate': -4.037021347824453, 'log_learning_rate_D': -3.4125160287639846, 'training_batch_size': 6, 'training_p': 7}. Best is trial 27 with value: 0.013895528391003609.
Time for this trial:  75.76046514511108
Memory status after this trial: 
Memory allocated:  123.646484375
Memory cached:  144.0
--------------------  Trial  30   --------------------
Start timing: 
Parameters: 
{'W_layers': 2, 'W_layer_units_exponent_0': 10, 'W_layer_units_exponent_1': 7, 'D_layers': 6, 'D_layer_units_exponent_0': 7, 'D_layer_units_exponent_1': 10, 'D_layer_units_exponent_2': 9, 'D_layer_units_exponent_3': 7, 'D_layer_units_exponent_4': 8, 'D_layer_units_exponent_5': 8, 'log_learning_rate': -4.477106588337685, 'log_learning_rate_D': -4.374610581060875, 'training_batch_size': 7, 'training_p': 5}
	 epoch  0 training error:  tensor(1.0133, device='cuda:0', grad_fn=<DivBackward0>)
Memory status after this epoch: 
Memory allocated:  82.74658203125
Memory cached:  162.0
	 epoch  10 training error:  tensor(0.8765, device='cuda:0', grad_fn=<DivBackward0>)
Memory status after this epoch: 
Memory allocated:  82.74658203125
Memory cached:  162.0
	 epoch  20 training error:  tensor(0.7379, device='cuda:0', grad_fn=<DivBackward0>)
Memory status after this epoch: 
Memory allocated:  82.74658203125
Memory cached:  162.0
	 epoch  30 training error:  tensor(0.5757, device='cuda:0', grad_fn=<DivBackward0>)
Memory status after this epoch: 
Memory allocated:  82.74658203125
Memory cached:  162.0
	 epoch  40 training error:  tensor(0.3740, device='cuda:0', grad_fn=<DivBackward0>)
Memory status after this epoch: 
Memory allocated:  82.74658203125
Memory cached:  162.0
	 epoch  50 training error:  tensor(0.3182, device='cuda:0', grad_fn=<DivBackward0>)
Memory status after this epoch: 
Memory allocated:  82.74658203125
Memory cached:  162.0
	 epoch  60 training error:  tensor(0.2822, device='cuda:0', grad_fn=<DivBackward0>)
Memory status after this epoch: 
Memory allocated:  82.74658203125
Memory cached:  162.0
	 epoch  70 training error:  tensor(0.2544, device='cuda:0', grad_fn=<DivBackward0>)
Memory status after this epoch: 
Memory allocated:  82.74658203125
Memory cached:  162.0
	 epoch  80 training error:  tensor(0.2360, device='cuda:0', grad_fn=<DivBackward0>)
Memory status after this epoch: 
Memory allocated:  82.74658203125
Memory cached:  162.0
	 epoch  90 training error:  tensor(0.2204, device='cuda:0', grad_fn=<DivBackward0>)
Memory status after this epoch: 
Memory allocated:  82.74658203125
Memory cached:  162.0
[I 2023-12-04 01:48:22,048] Trial 30 finished with value: 0.15154282748699188 and parameters: {'W_layers': 2, 'W_layer_units_exponent_0': 10, 'W_layer_units_exponent_1': 7, 'D_layers': 6, 'D_layer_units_exponent_0': 7, 'D_layer_units_exponent_1': 10, 'D_layer_units_exponent_2': 9, 'D_layer_units_exponent_3': 7, 'D_layer_units_exponent_4': 8, 'D_layer_units_exponent_5': 8, 'log_learning_rate': -4.477106588337685, 'log_learning_rate_D': -4.374610581060875, 'training_batch_size': 7, 'training_p': 5}. Best is trial 27 with value: 0.013895528391003609.
Time for this trial:  43.40300631523132
Memory status after this trial: 
Memory allocated:  154.078125
Memory cached:  174.0
--------------------  Trial  31   --------------------
Start timing: 
Parameters: 
{'W_layers': 3, 'W_layer_units_exponent_0': 6, 'W_layer_units_exponent_1': 7, 'W_layer_units_exponent_2': 5, 'D_layers': 4, 'D_layer_units_exponent_0': 9, 'D_layer_units_exponent_1': 7, 'D_layer_units_exponent_2': 5, 'D_layer_units_exponent_3': 8, 'log_learning_rate': -3.4392458157971553, 'log_learning_rate_D': -3.785597924787882, 'training_batch_size': 6, 'training_p': 6}
	 epoch  0 training error:  tensor(0.9381, device='cuda:0', grad_fn=<DivBackward0>)
Memory status after this epoch: 
Memory allocated:  69.47802734375
Memory cached:  142.0
	 epoch  10 training error:  tensor(0.6635, device='cuda:0', grad_fn=<DivBackward0>)
Memory status after this epoch: 
Memory allocated:  69.47802734375
Memory cached:  142.0
	 epoch  20 training error:  tensor(0.3450, device='cuda:0', grad_fn=<DivBackward0>)
Memory status after this epoch: 
Memory allocated:  69.47802734375
Memory cached:  142.0
	 epoch  30 training error:  tensor(0.2564, device='cuda:0', grad_fn=<DivBackward0>)
Memory status after this epoch: 
Memory allocated:  69.47802734375
Memory cached:  142.0
	 epoch  40 training error:  tensor(0.2262, device='cuda:0', grad_fn=<DivBackward0>)
Memory status after this epoch: 
Memory allocated:  69.47802734375
Memory cached:  142.0
	 epoch  50 training error:  tensor(0.1958, device='cuda:0', grad_fn=<DivBackward0>)
Memory status after this epoch: 
Memory allocated:  69.47802734375
Memory cached:  142.0
	 epoch  60 training error:  tensor(0.1572, device='cuda:0', grad_fn=<DivBackward0>)
Memory status after this epoch: 
Memory allocated:  69.47802734375
Memory cached:  142.0
	 epoch  70 training error:  tensor(0.1180, device='cuda:0', grad_fn=<DivBackward0>)
Memory status after this epoch: 
Memory allocated:  69.47802734375
Memory cached:  142.0
	 epoch  80 training error:  tensor(0.0796, device='cuda:0', grad_fn=<DivBackward0>)
Memory status after this epoch: 
Memory allocated:  69.47802734375
Memory cached:  142.0
	 epoch  90 training error:  tensor(0.0521, device='cuda:0', grad_fn=<DivBackward0>)
Memory status after this epoch: 
Memory allocated:  69.47802734375
Memory cached:  142.0
[I 2023-12-04 01:49:21,936] Trial 31 finished with value: 0.029382336884737015 and parameters: {'W_layers': 3, 'W_layer_units_exponent_0': 6, 'W_layer_units_exponent_1': 7, 'W_layer_units_exponent_2': 5, 'D_layers': 4, 'D_layer_units_exponent_0': 9, 'D_layer_units_exponent_1': 7, 'D_layer_units_exponent_2': 5, 'D_layer_units_exponent_3': 8, 'log_learning_rate': -3.4392458157971553, 'log_learning_rate_D': -3.785597924787882, 'training_batch_size': 6, 'training_p': 6}. Best is trial 27 with value: 0.013895528391003609.
Time for this trial:  59.715614318847656
Memory status after this trial: 
Memory allocated:  95.03662109375
Memory cached:  142.0
--------------------  Trial  32   --------------------
Start timing: 
Parameters: 
{'W_layers': 3, 'W_layer_units_exponent_0': 6, 'W_layer_units_exponent_1': 7, 'W_layer_units_exponent_2': 4, 'D_layers': 4, 'D_layer_units_exponent_0': 9, 'D_layer_units_exponent_1': 7, 'D_layer_units_exponent_2': 5, 'D_layer_units_exponent_3': 8, 'log_learning_rate': -3.5325791245674094, 'log_learning_rate_D': -3.6895841306156267, 'training_batch_size': 6, 'training_p': 6}
	 epoch  0 training error:  tensor(0.9594, device='cuda:0', grad_fn=<DivBackward0>)
Memory status after this epoch: 
Memory allocated:  69.44677734375
Memory cached:  142.0
	 epoch  10 training error:  tensor(0.7593, device='cuda:0', grad_fn=<DivBackward0>)
Memory status after this epoch: 
Memory allocated:  69.44677734375
Memory cached:  142.0
	 epoch  20 training error:  tensor(0.4059, device='cuda:0', grad_fn=<DivBackward0>)
Memory status after this epoch: 
Memory allocated:  69.44677734375
Memory cached:  142.0
	 epoch  30 training error:  tensor(0.3017, device='cuda:0', grad_fn=<DivBackward0>)
Memory status after this epoch: 
Memory allocated:  69.44677734375
Memory cached:  142.0
	 epoch  40 training error:  tensor(0.2342, device='cuda:0', grad_fn=<DivBackward0>)
Memory status after this epoch: 
Memory allocated:  69.44677734375
Memory cached:  142.0
	 epoch  50 training error:  tensor(0.2150, device='cuda:0', grad_fn=<DivBackward0>)
Memory status after this epoch: 
Memory allocated:  69.44677734375
Memory cached:  142.0
	 epoch  60 training error:  tensor(0.2071, device='cuda:0', grad_fn=<DivBackward0>)
Memory status after this epoch: 
Memory allocated:  69.44677734375
Memory cached:  142.0
	 epoch  70 training error:  tensor(0.2006, device='cuda:0', grad_fn=<DivBackward0>)
Memory status after this epoch: 
Memory allocated:  69.44677734375
Memory cached:  142.0
	 epoch  80 training error:  tensor(0.1959, device='cuda:0', grad_fn=<DivBackward0>)
Memory status after this epoch: 
Memory allocated:  69.44677734375
Memory cached:  142.0
	 epoch  90 training error:  tensor(0.1913, device='cuda:0', grad_fn=<DivBackward0>)
Memory status after this epoch: 
Memory allocated:  69.44677734375
Memory cached:  142.0
[I 2023-12-04 01:50:21,566] Trial 32 finished with value: 0.11396250873804092 and parameters: {'W_layers': 3, 'W_layer_units_exponent_0': 6, 'W_layer_units_exponent_1': 7, 'W_layer_units_exponent_2': 4, 'D_layers': 4, 'D_layer_units_exponent_0': 9, 'D_layer_units_exponent_1': 7, 'D_layer_units_exponent_2': 5, 'D_layer_units_exponent_3': 8, 'log_learning_rate': -3.5325791245674094, 'log_learning_rate_D': -3.6895841306156267, 'training_batch_size': 6, 'training_p': 6}. Best is trial 27 with value: 0.013895528391003609.
Time for this trial:  59.458685874938965
Memory status after this trial: 
Memory allocated:  94.72802734375
Memory cached:  142.0
--------------------  Trial  33   --------------------
Start timing: 
Parameters: 
{'W_layers': 2, 'W_layer_units_exponent_0': 5, 'W_layer_units_exponent_1': 5, 'D_layers': 5, 'D_layer_units_exponent_0': 8, 'D_layer_units_exponent_1': 7, 'D_layer_units_exponent_2': 4, 'D_layer_units_exponent_3': 9, 'D_layer_units_exponent_4': 6, 'log_learning_rate': -3.2062559778234303, 'log_learning_rate_D': -3.8553806820562864, 'training_batch_size': 6, 'training_p': 7}
	 epoch  0 training error:  tensor(0.9089, device='cuda:0', grad_fn=<DivBackward0>)
Memory status after this epoch: 
Memory allocated:  69.20849609375
Memory cached:  142.0
	 epoch  10 training error:  tensor(0.7288, device='cuda:0', grad_fn=<DivBackward0>)
Memory status after this epoch: 
Memory allocated:  69.20849609375
Memory cached:  142.0
	 epoch  20 training error:  tensor(0.4754, device='cuda:0', grad_fn=<DivBackward0>)
Memory status after this epoch: 
Memory allocated:  69.20849609375
Memory cached:  142.0
	 epoch  30 training error:  tensor(0.3528, device='cuda:0', grad_fn=<DivBackward0>)
Memory status after this epoch: 
Memory allocated:  69.20849609375
Memory cached:  142.0
	 epoch  40 training error:  tensor(0.2900, device='cuda:0', grad_fn=<DivBackward0>)
Memory status after this epoch: 
Memory allocated:  69.20849609375
Memory cached:  142.0
	 epoch  50 training error:  tensor(0.2300, device='cuda:0', grad_fn=<DivBackward0>)
Memory status after this epoch: 
Memory allocated:  69.20849609375
Memory cached:  142.0
	 epoch  60 training error:  tensor(0.1960, device='cuda:0', grad_fn=<DivBackward0>)
Memory status after this epoch: 
Memory allocated:  69.20849609375
Memory cached:  142.0
	 epoch  70 training error:  tensor(0.1746, device='cuda:0', grad_fn=<DivBackward0>)
Memory status after this epoch: 
Memory allocated:  69.20849609375
Memory cached:  142.0
	 epoch  80 training error:  tensor(0.1592, device='cuda:0', grad_fn=<DivBackward0>)
Memory status after this epoch: 
Memory allocated:  69.20849609375
Memory cached:  142.0
	 epoch  90 training error:  tensor(0.1440, device='cuda:0', grad_fn=<DivBackward0>)
Memory status after this epoch: 
Memory allocated:  69.20849609375
Memory cached:  142.0
