[I 2024-01-11 12:27:36,532] Trial 139 finished with value: 0.20821432769298553 and parameters: {'W_layers': 7, 'W_layer_units_exponent_0': 7, 'W_layer_units_exponent_1': 6, 'W_layer_units_exponent_2': 10, 'W_layer_units_exponent_3': 7, 'W_layer_units_exponent_4': 4, 'W_layer_units_exponent_5': 4, 'W_layer_units_exponent_6': 8, 'D_layers': 4, 'D_layer_units_exponent_0': 8, 'D_layer_units_exponent_1': 10, 'D_layer_units_exponent_2': 8, 'D_layer_units_exponent_3': 8, 'D_dagger_layers': 3, 'D_dagger_layer_units_exponent_0': 6, 'D_dagger_layer_units_exponent_1': 10, 'D_dagger_layer_units_exponent_2': 4, 'log_learning_rate': -1.6496400695362188, 'log_learning_rate_D': -2.758270781089097, 'log_learning_rate_D_dagger': -3.313059140968114, 'training_batch_size': 8, 'training_p': 2}. Best is trial 113 with value: 0.20728087425231934.
Time for this trial:  22.303979635238647
Memory status after this trial: 
Memory allocated:  570.15673828125
Memory cached:  586.0
--------------------  Trial  140   --------------------
Start timing: 
Parameters: 
{'W_layers': 6, 'W_layer_units_exponent_0': 7, 'W_layer_units_exponent_1': 6, 'W_layer_units_exponent_2': 10, 'W_layer_units_exponent_3': 5, 'W_layer_units_exponent_4': 4, 'W_layer_units_exponent_5': 4, 'D_layers': 5, 'D_layer_units_exponent_0': 8, 'D_layer_units_exponent_1': 10, 'D_layer_units_exponent_2': 8, 'D_layer_units_exponent_3': 8, 'D_layer_units_exponent_4': 5, 'D_dagger_layers': 3, 'D_dagger_layer_units_exponent_0': 6, 'D_dagger_layer_units_exponent_1': 10, 'D_dagger_layer_units_exponent_2': 4, 'log_learning_rate': -1.5337224496582287, 'log_learning_rate_D': -2.7062570748040717, 'log_learning_rate_D_dagger': -3.4818367708324884, 'training_batch_size': 8, 'training_p': 2}
	 epoch  0 training error:  tensor(0.9765, device='cuda:0', grad_fn=<DivBackward0>)
Memory status after this epoch: 
Memory allocated:  278.07861328125
Memory cached:  358.0
	 epoch  10 training error:  tensor(2.3063, device='cuda:0', grad_fn=<DivBackward0>)
Memory status after this epoch: 
Memory allocated:  278.07861328125
Memory cached:  358.0
	 epoch  20 training error:  tensor(0.4203, device='cuda:0', grad_fn=<DivBackward0>)
Memory status after this epoch: 
Memory allocated:  278.07861328125
Memory cached:  358.0
	 epoch  30 training error:  tensor(0.3207, device='cuda:0', grad_fn=<DivBackward0>)
Memory status after this epoch: 
Memory allocated:  278.07861328125
Memory cached:  358.0
	 epoch  40 training error:  tensor(0.2963, device='cuda:0', grad_fn=<DivBackward0>)
Memory status after this epoch: 
Memory allocated:  278.07861328125
Memory cached:  358.0
	 epoch  50 training error:  tensor(0.2170, device='cuda:0', grad_fn=<DivBackward0>)
Memory status after this epoch: 
Memory allocated:  278.07861328125
Memory cached:  358.0
	 epoch  60 training error:  tensor(0.2036, device='cuda:0', grad_fn=<DivBackward0>)
Memory status after this epoch: 
Memory allocated:  278.07861328125
Memory cached:  358.0
	 epoch  70 training error:  tensor(0.2094, device='cuda:0', grad_fn=<DivBackward0>)
Memory status after this epoch: 
Memory allocated:  278.07861328125
Memory cached:  358.0
	 epoch  80 training error:  tensor(0.1907, device='cuda:0', grad_fn=<DivBackward0>)
Memory status after this epoch: 
Memory allocated:  278.07861328125
Memory cached:  358.0
	 epoch  90 training error:  tensor(0.1902, device='cuda:0', grad_fn=<DivBackward0>)
Memory status after this epoch: 
Memory allocated:  278.07861328125
Memory cached:  358.0
[I 2024-01-11 12:27:58,490] Trial 140 finished with value: 0.2117307186126709 and parameters: {'W_layers': 6, 'W_layer_units_exponent_0': 7, 'W_layer_units_exponent_1': 6, 'W_layer_units_exponent_2': 10, 'W_layer_units_exponent_3': 5, 'W_layer_units_exponent_4': 4, 'W_layer_units_exponent_5': 4, 'D_layers': 5, 'D_layer_units_exponent_0': 8, 'D_layer_units_exponent_1': 10, 'D_layer_units_exponent_2': 8, 'D_layer_units_exponent_3': 8, 'D_layer_units_exponent_4': 5, 'D_dagger_layers': 3, 'D_dagger_layer_units_exponent_0': 6, 'D_dagger_layer_units_exponent_1': 10, 'D_dagger_layer_units_exponent_2': 4, 'log_learning_rate': -1.5337224496582287, 'log_learning_rate_D': -2.7062570748040717, 'log_learning_rate_D_dagger': -3.4818367708324884, 'training_batch_size': 8, 'training_p': 2}. Best is trial 113 with value: 0.20728087425231934.
Time for this trial:  21.579111337661743
Memory status after this trial: 
Memory allocated:  534.39404296875
Memory cached:  588.0
--------------------  Trial  141   --------------------
Start timing: 
Parameters: 
{'W_layers': 7, 'W_layer_units_exponent_0': 8, 'W_layer_units_exponent_1': 6, 'W_layer_units_exponent_2': 10, 'W_layer_units_exponent_3': 5, 'W_layer_units_exponent_4': 4, 'W_layer_units_exponent_5': 4, 'W_layer_units_exponent_6': 8, 'D_layers': 4, 'D_layer_units_exponent_0': 8, 'D_layer_units_exponent_1': 10, 'D_layer_units_exponent_2': 8, 'D_layer_units_exponent_3': 7, 'D_dagger_layers': 3, 'D_dagger_layer_units_exponent_0': 6, 'D_dagger_layer_units_exponent_1': 10, 'D_dagger_layer_units_exponent_2': 4, 'log_learning_rate': -2.3741012179034415, 'log_learning_rate_D': -2.3459174112179766, 'log_learning_rate_D_dagger': -3.408498387434692, 'training_batch_size': 8, 'training_p': 2}
	 epoch  0 training error:  tensor(1.0114, device='cuda:0', grad_fn=<DivBackward0>)
Memory status after this epoch: 
Memory allocated:  278.11865234375
Memory cached:  358.0
	 epoch  10 training error:  tensor(0.2843, device='cuda:0', grad_fn=<DivBackward0>)
Memory status after this epoch: 
Memory allocated:  278.11865234375
Memory cached:  358.0
	 epoch  20 training error:  tensor(0.2195, device='cuda:0', grad_fn=<DivBackward0>)
Memory status after this epoch: 
Memory allocated:  278.11865234375
Memory cached:  358.0
	 epoch  30 training error:  tensor(0.2087, device='cuda:0', grad_fn=<DivBackward0>)
Memory status after this epoch: 
Memory allocated:  278.11865234375
Memory cached:  358.0
	 epoch  40 training error:  tensor(0.1985, device='cuda:0', grad_fn=<DivBackward0>)
Memory status after this epoch: 
Memory allocated:  278.11865234375
Memory cached:  358.0
	 epoch  50 training error:  tensor(0.1905, device='cuda:0', grad_fn=<DivBackward0>)
Memory status after this epoch: 
Memory allocated:  278.11865234375
Memory cached:  358.0
	 epoch  60 training error:  tensor(0.1873, device='cuda:0', grad_fn=<DivBackward0>)
Memory status after this epoch: 
Memory allocated:  278.11865234375
Memory cached:  358.0
	 epoch  70 training error:  tensor(0.1865, device='cuda:0', grad_fn=<DivBackward0>)
Memory status after this epoch: 
Memory allocated:  278.11865234375
Memory cached:  358.0
	 epoch  80 training error:  tensor(0.1853, device='cuda:0', grad_fn=<DivBackward0>)
Memory status after this epoch: 
Memory allocated:  278.11865234375
Memory cached:  358.0
	 epoch  90 training error:  tensor(0.1841, device='cuda:0', grad_fn=<DivBackward0>)
Memory status after this epoch: 
Memory allocated:  278.11865234375
Memory cached:  358.0
[I 2024-01-11 12:28:20,933] Trial 141 finished with value: 0.2102721780538559 and parameters: {'W_layers': 7, 'W_layer_units_exponent_0': 8, 'W_layer_units_exponent_1': 6, 'W_layer_units_exponent_2': 10, 'W_layer_units_exponent_3': 5, 'W_layer_units_exponent_4': 4, 'W_layer_units_exponent_5': 4, 'W_layer_units_exponent_6': 8, 'D_layers': 4, 'D_layer_units_exponent_0': 8, 'D_layer_units_exponent_1': 10, 'D_layer_units_exponent_2': 8, 'D_layer_units_exponent_3': 7, 'D_dagger_layers': 3, 'D_dagger_layer_units_exponent_0': 6, 'D_dagger_layer_units_exponent_1': 10, 'D_dagger_layer_units_exponent_2': 4, 'log_learning_rate': -2.3741012179034415, 'log_learning_rate_D': -2.3459174112179766, 'log_learning_rate_D_dagger': -3.408498387434692, 'training_batch_size': 8, 'training_p': 2}. Best is trial 113 with value: 0.20728087425231934.
Time for this trial:  22.048741340637207
Memory status after this trial: 
Memory allocated:  572.97119140625
Memory cached:  588.0
--------------------  Trial  142   --------------------
Start timing: 
Parameters: 
{'W_layers': 7, 'W_layer_units_exponent_0': 7, 'W_layer_units_exponent_1': 6, 'W_layer_units_exponent_2': 10, 'W_layer_units_exponent_3': 5, 'W_layer_units_exponent_4': 4, 'W_layer_units_exponent_5': 4, 'W_layer_units_exponent_6': 5, 'D_layers': 4, 'D_layer_units_exponent_0': 7, 'D_layer_units_exponent_1': 10, 'D_layer_units_exponent_2': 8, 'D_layer_units_exponent_3': 7, 'D_dagger_layers': 3, 'D_dagger_layer_units_exponent_0': 6, 'D_dagger_layer_units_exponent_1': 10, 'D_dagger_layer_units_exponent_2': 4, 'log_learning_rate': -2.615164537507438, 'log_learning_rate_D': -2.5958047833736204, 'log_learning_rate_D_dagger': -3.607344142364588, 'training_batch_size': 8, 'training_p': 2}
	 epoch  0 training error:  tensor(0.9796, device='cuda:0', grad_fn=<DivBackward0>)
Memory status after this epoch: 
Memory allocated:  277.4306640625
Memory cached:  358.0
	 epoch  10 training error:  tensor(0.2841, device='cuda:0', grad_fn=<DivBackward0>)
Memory status after this epoch: 
Memory allocated:  277.4306640625
Memory cached:  358.0
	 epoch  20 training error:  tensor(0.2476, device='cuda:0', grad_fn=<DivBackward0>)
Memory status after this epoch: 
Memory allocated:  277.4306640625
Memory cached:  358.0
	 epoch  30 training error:  tensor(0.2204, device='cuda:0', grad_fn=<DivBackward0>)
Memory status after this epoch: 
Memory allocated:  277.4306640625
Memory cached:  358.0
	 epoch  40 training error:  tensor(0.2058, device='cuda:0', grad_fn=<DivBackward0>)
Memory status after this epoch: 
Memory allocated:  277.4306640625
Memory cached:  358.0
	 epoch  50 training error:  tensor(0.1948, device='cuda:0', grad_fn=<DivBackward0>)
Memory status after this epoch: 
Memory allocated:  277.4306640625
Memory cached:  358.0
	 epoch  60 training error:  tensor(0.1888, device='cuda:0', grad_fn=<DivBackward0>)
Memory status after this epoch: 
Memory allocated:  277.4306640625
Memory cached:  358.0
	 epoch  70 training error:  tensor(0.1856, device='cuda:0', grad_fn=<DivBackward0>)
Memory status after this epoch: 
Memory allocated:  277.4306640625
Memory cached:  358.0
	 epoch  80 training error:  tensor(0.1854, device='cuda:0', grad_fn=<DivBackward0>)
Memory status after this epoch: 
Memory allocated:  277.4306640625
Memory cached:  358.0
	 epoch  90 training error:  tensor(0.1838, device='cuda:0', grad_fn=<DivBackward0>)
Memory status after this epoch: 
Memory allocated:  277.4306640625
Memory cached:  358.0
[I 2024-01-11 12:28:43,190] Trial 142 finished with value: 0.20742909610271454 and parameters: {'W_layers': 7, 'W_layer_units_exponent_0': 7, 'W_layer_units_exponent_1': 6, 'W_layer_units_exponent_2': 10, 'W_layer_units_exponent_3': 5, 'W_layer_units_exponent_4': 4, 'W_layer_units_exponent_5': 4, 'W_layer_units_exponent_6': 5, 'D_layers': 4, 'D_layer_units_exponent_0': 7, 'D_layer_units_exponent_1': 10, 'D_layer_units_exponent_2': 8, 'D_layer_units_exponent_3': 7, 'D_dagger_layers': 3, 'D_dagger_layer_units_exponent_0': 6, 'D_dagger_layer_units_exponent_1': 10, 'D_dagger_layer_units_exponent_2': 4, 'log_learning_rate': -2.615164537507438, 'log_learning_rate_D': -2.5958047833736204, 'log_learning_rate_D_dagger': -3.607344142364588, 'training_batch_size': 8, 'training_p': 2}. Best is trial 113 with value: 0.20728087425231934.
Time for this trial:  21.84490132331848
Memory status after this trial: 
Memory allocated:  537.57275390625
Memory cached:  590.0
--------------------  Trial  143   --------------------
Start timing: 
Parameters: 
{'W_layers': 7, 'W_layer_units_exponent_0': 7, 'W_layer_units_exponent_1': 6, 'W_layer_units_exponent_2': 10, 'W_layer_units_exponent_3': 5, 'W_layer_units_exponent_4': 4, 'W_layer_units_exponent_5': 4, 'W_layer_units_exponent_6': 5, 'D_layers': 4, 'D_layer_units_exponent_0': 7, 'D_layer_units_exponent_1': 10, 'D_layer_units_exponent_2': 8, 'D_layer_units_exponent_3': 7, 'D_dagger_layers': 3, 'D_dagger_layer_units_exponent_0': 6, 'D_dagger_layer_units_exponent_1': 10, 'D_dagger_layer_units_exponent_2': 4, 'log_learning_rate': -2.6591109195393603, 'log_learning_rate_D': -2.538019361505885, 'log_learning_rate_D_dagger': -3.62549773896893, 'training_batch_size': 8, 'training_p': 2}
	 epoch  0 training error:  tensor(0.9830, device='cuda:0', grad_fn=<DivBackward0>)
Memory status after this epoch: 
Memory allocated:  277.4306640625
Memory cached:  358.0
	 epoch  10 training error:  tensor(0.2732, device='cuda:0', grad_fn=<DivBackward0>)
Memory status after this epoch: 
Memory allocated:  277.4306640625
Memory cached:  358.0
	 epoch  20 training error:  tensor(0.2292, device='cuda:0', grad_fn=<DivBackward0>)
Memory status after this epoch: 
Memory allocated:  277.4306640625
Memory cached:  358.0
	 epoch  30 training error:  tensor(0.2192, device='cuda:0', grad_fn=<DivBackward0>)
Memory status after this epoch: 
Memory allocated:  277.4306640625
Memory cached:  358.0
	 epoch  40 training error:  tensor(0.2065, device='cuda:0', grad_fn=<DivBackward0>)
Memory status after this epoch: 
Memory allocated:  277.4306640625
Memory cached:  358.0
	 epoch  50 training error:  tensor(0.1937, device='cuda:0', grad_fn=<DivBackward0>)
Memory status after this epoch: 
Memory allocated:  277.4306640625
Memory cached:  358.0
	 epoch  60 training error:  tensor(0.1887, device='cuda:0', grad_fn=<DivBackward0>)
Memory status after this epoch: 
Memory allocated:  277.4306640625
Memory cached:  358.0
	 epoch  70 training error:  tensor(0.1875, device='cuda:0', grad_fn=<DivBackward0>)
Memory status after this epoch: 
Memory allocated:  277.4306640625
Memory cached:  358.0
	 epoch  80 training error:  tensor(0.1867, device='cuda:0', grad_fn=<DivBackward0>)
Memory status after this epoch: 
Memory allocated:  277.4306640625
Memory cached:  358.0
	 epoch  90 training error:  tensor(0.1854, device='cuda:0', grad_fn=<DivBackward0>)
Memory status after this epoch: 
Memory allocated:  277.4306640625
Memory cached:  358.0
[I 2024-01-11 12:29:05,386] Trial 143 finished with value: 0.20802035927772522 and parameters: {'W_layers': 7, 'W_layer_units_exponent_0': 7, 'W_layer_units_exponent_1': 6, 'W_layer_units_exponent_2': 10, 'W_layer_units_exponent_3': 5, 'W_layer_units_exponent_4': 4, 'W_layer_units_exponent_5': 4, 'W_layer_units_exponent_6': 5, 'D_layers': 4, 'D_layer_units_exponent_0': 7, 'D_layer_units_exponent_1': 10, 'D_layer_units_exponent_2': 8, 'D_layer_units_exponent_3': 7, 'D_dagger_layers': 3, 'D_dagger_layer_units_exponent_0': 6, 'D_dagger_layer_units_exponent_1': 10, 'D_dagger_layer_units_exponent_2': 4, 'log_learning_rate': -2.6591109195393603, 'log_learning_rate_D': -2.538019361505885, 'log_learning_rate_D_dagger': -3.62549773896893, 'training_batch_size': 8, 'training_p': 2}. Best is trial 113 with value: 0.20728087425231934.
Time for this trial:  21.80587601661682
Memory status after this trial: 
Memory allocated:  537.57275390625
Memory cached:  590.0
--------------------  Trial  144   --------------------
Start timing: 
Parameters: 
{'W_layers': 7, 'W_layer_units_exponent_0': 7, 'W_layer_units_exponent_1': 6, 'W_layer_units_exponent_2': 10, 'W_layer_units_exponent_3': 5, 'W_layer_units_exponent_4': 4, 'W_layer_units_exponent_5': 4, 'W_layer_units_exponent_6': 5, 'D_layers': 4, 'D_layer_units_exponent_0': 7, 'D_layer_units_exponent_1': 10, 'D_layer_units_exponent_2': 8, 'D_layer_units_exponent_3': 7, 'D_dagger_layers': 3, 'D_dagger_layer_units_exponent_0': 6, 'D_dagger_layer_units_exponent_1': 10, 'D_dagger_layer_units_exponent_2': 4, 'log_learning_rate': -2.5575408208787076, 'log_learning_rate_D': -2.648283952826812, 'log_learning_rate_D_dagger': -3.741152335435422, 'training_batch_size': 8, 'training_p': 2}
	 epoch  0 training error:  tensor(0.9781, device='cuda:0', grad_fn=<DivBackward0>)
Memory status after this epoch: 
Memory allocated:  277.4306640625
Memory cached:  358.0
	 epoch  10 training error:  tensor(0.3224, device='cuda:0', grad_fn=<DivBackward0>)
Memory status after this epoch: 
Memory allocated:  277.4306640625
Memory cached:  358.0
	 epoch  20 training error:  tensor(0.2468, device='cuda:0', grad_fn=<DivBackward0>)
Memory status after this epoch: 
Memory allocated:  277.4306640625
Memory cached:  358.0
	 epoch  30 training error:  tensor(0.2175, device='cuda:0', grad_fn=<DivBackward0>)
Memory status after this epoch: 
Memory allocated:  277.4306640625
Memory cached:  358.0
	 epoch  40 training error:  tensor(0.2074, device='cuda:0', grad_fn=<DivBackward0>)
Memory status after this epoch: 
Memory allocated:  277.4306640625
Memory cached:  358.0
	 epoch  50 training error:  tensor(0.1978, device='cuda:0', grad_fn=<DivBackward0>)
Memory status after this epoch: 
Memory allocated:  277.4306640625
Memory cached:  358.0
	 epoch  60 training error:  tensor(0.1898, device='cuda:0', grad_fn=<DivBackward0>)
Memory status after this epoch: 
Memory allocated:  277.4306640625
Memory cached:  358.0
	 epoch  70 training error:  tensor(0.1862, device='cuda:0', grad_fn=<DivBackward0>)
Memory status after this epoch: 
Memory allocated:  277.4306640625
Memory cached:  358.0
	 epoch  80 training error:  tensor(0.1834, device='cuda:0', grad_fn=<DivBackward0>)
Memory status after this epoch: 
Memory allocated:  277.4306640625
Memory cached:  358.0
	 epoch  90 training error:  tensor(0.1839, device='cuda:0', grad_fn=<DivBackward0>)
Memory status after this epoch: 
Memory allocated:  277.4306640625
Memory cached:  358.0
[I 2024-01-11 12:29:27,691] Trial 144 finished with value: 0.2071014642715454 and parameters: {'W_layers': 7, 'W_layer_units_exponent_0': 7, 'W_layer_units_exponent_1': 6, 'W_layer_units_exponent_2': 10, 'W_layer_units_exponent_3': 5, 'W_layer_units_exponent_4': 4, 'W_layer_units_exponent_5': 4, 'W_layer_units_exponent_6': 5, 'D_layers': 4, 'D_layer_units_exponent_0': 7, 'D_layer_units_exponent_1': 10, 'D_layer_units_exponent_2': 8, 'D_layer_units_exponent_3': 7, 'D_dagger_layers': 3, 'D_dagger_layer_units_exponent_0': 6, 'D_dagger_layer_units_exponent_1': 10, 'D_dagger_layer_units_exponent_2': 4, 'log_learning_rate': -2.5575408208787076, 'log_learning_rate_D': -2.648283952826812, 'log_learning_rate_D_dagger': -3.741152335435422, 'training_batch_size': 8, 'training_p': 2}. Best is trial 144 with value: 0.2071014642715454.
res:  tensor(0.2071, device='cuda:0', grad_fn=<DivBackward0>)
self.bestValue:  tensor(0.2073, device='cuda:0', grad_fn=<DivBackward0>)
Save this model!
Time for this trial:  21.9563307762146
Memory status after this trial: 
Memory allocated:  265.02978515625
Memory cached:  360.0
--------------------  Trial  145   --------------------
Start timing: 
Parameters: 
{'W_layers': 7, 'W_layer_units_exponent_0': 7, 'W_layer_units_exponent_1': 6, 'W_layer_units_exponent_2': 10, 'W_layer_units_exponent_3': 5, 'W_layer_units_exponent_4': 4, 'W_layer_units_exponent_5': 4, 'W_layer_units_exponent_6': 5, 'D_layers': 4, 'D_layer_units_exponent_0': 7, 'D_layer_units_exponent_1': 10, 'D_layer_units_exponent_2': 8, 'D_layer_units_exponent_3': 7, 'D_dagger_layers': 3, 'D_dagger_layer_units_exponent_0': 6, 'D_dagger_layer_units_exponent_1': 10, 'D_dagger_layer_units_exponent_2': 4, 'log_learning_rate': -2.61630432185879, 'log_learning_rate_D': -2.561263882426071, 'log_learning_rate_D_dagger': -3.777939641049787, 'training_batch_size': 8, 'training_p': 2}
	 epoch  0 training error:  tensor(1.0218, device='cuda:0', grad_fn=<DivBackward0>)
Memory status after this epoch: 
Memory allocated:  269.6728515625
Memory cached:  360.0
	 epoch  10 training error:  tensor(0.2983, device='cuda:0', grad_fn=<DivBackward0>)
Memory status after this epoch: 
Memory allocated:  269.6728515625
Memory cached:  360.0
	 epoch  20 training error:  tensor(0.2582, device='cuda:0', grad_fn=<DivBackward0>)
Memory status after this epoch: 
Memory allocated:  269.6728515625
Memory cached:  360.0
	 epoch  30 training error:  tensor(0.2213, device='cuda:0', grad_fn=<DivBackward0>)
Memory status after this epoch: 
Memory allocated:  269.6728515625
Memory cached:  360.0
	 epoch  40 training error:  tensor(0.2086, device='cuda:0', grad_fn=<DivBackward0>)
Memory status after this epoch: 
Memory allocated:  269.6728515625
Memory cached:  360.0
	 epoch  50 training error:  tensor(0.2017, device='cuda:0', grad_fn=<DivBackward0>)
Memory status after this epoch: 
Memory allocated:  269.6728515625
Memory cached:  360.0
	 epoch  60 training error:  tensor(0.1936, device='cuda:0', grad_fn=<DivBackward0>)
Memory status after this epoch: 
Memory allocated:  269.6728515625
Memory cached:  360.0
	 epoch  70 training error:  tensor(0.1880, device='cuda:0', grad_fn=<DivBackward0>)
Memory status after this epoch: 
Memory allocated:  269.6728515625
Memory cached:  360.0
	 epoch  80 training error:  tensor(0.1849, device='cuda:0', grad_fn=<DivBackward0>)
Memory status after this epoch: 
Memory allocated:  269.6728515625
Memory cached:  360.0
	 epoch  90 training error:  tensor(0.1851, device='cuda:0', grad_fn=<DivBackward0>)
Memory status after this epoch: 
Memory allocated:  269.6728515625
Memory cached:  360.0
