[I 2024-01-04 01:42:43,092] Trial 192 finished with value: 0.1281723976135254 and parameters: {'W_layers': 8, 'W_layer_units_exponent_0': 10, 'W_layer_units_exponent_1': 4, 'W_layer_units_exponent_2': 7, 'W_layer_units_exponent_3': 5, 'W_layer_units_exponent_4': 8, 'W_layer_units_exponent_5': 8, 'W_layer_units_exponent_6': 5, 'W_layer_units_exponent_7': 4, 'D_layers': 3, 'D_layer_units_exponent_0': 10, 'D_layer_units_exponent_1': 7, 'D_layer_units_exponent_2': 9, 'D_dagger_layers': 4, 'D_dagger_layer_units_exponent_0': 10, 'D_dagger_layer_units_exponent_1': 10, 'D_dagger_layer_units_exponent_2': 4, 'D_dagger_layer_units_exponent_3': 5, 'log_learning_rate': -4.414767590491322, 'log_learning_rate_D': -2.835774842354177, 'log_learning_rate_D_dagger': -3.0478751522497474, 'training_batch_size': 9, 'training_p': 7}. Best is trial 163 with value: 0.10096652805805206.
Time for this trial:  215.99139738082886
Memory status after this trial: 
Memory allocated:  597.5771484375
Memory cached:  606.0
--------------------  Trial  193   --------------------
Start timing: 
Parameters: 
{'W_layers': 8, 'W_layer_units_exponent_0': 10, 'W_layer_units_exponent_1': 4, 'W_layer_units_exponent_2': 7, 'W_layer_units_exponent_3': 5, 'W_layer_units_exponent_4': 8, 'W_layer_units_exponent_5': 8, 'W_layer_units_exponent_6': 5, 'W_layer_units_exponent_7': 4, 'D_layers': 3, 'D_layer_units_exponent_0': 10, 'D_layer_units_exponent_1': 7, 'D_layer_units_exponent_2': 9, 'D_dagger_layers': 4, 'D_dagger_layer_units_exponent_0': 10, 'D_dagger_layer_units_exponent_1': 10, 'D_dagger_layer_units_exponent_2': 4, 'D_dagger_layer_units_exponent_3': 5, 'log_learning_rate': -4.408446026001388, 'log_learning_rate_D': -3.0093679812189613, 'log_learning_rate_D_dagger': -3.063414888707414, 'training_batch_size': 9, 'training_p': 7}
	 epoch  0 training error:  tensor(1.0112, device='cuda:0', grad_fn=<DivBackward0>)
Memory status after this epoch: 
Memory allocated:  317.67919921875
Memory cached:  616.0
	 epoch  10 training error:  tensor(0.5384, device='cuda:0', grad_fn=<DivBackward0>)
Memory status after this epoch: 
Memory allocated:  317.67919921875
Memory cached:  656.0
	 epoch  20 training error:  tensor(0.5243, device='cuda:0', grad_fn=<DivBackward0>)
Memory status after this epoch: 
Memory allocated:  317.67919921875
Memory cached:  654.0
	 epoch  30 training error:  tensor(0.5032, device='cuda:0', grad_fn=<DivBackward0>)
Memory status after this epoch: 
Memory allocated:  317.67919921875
Memory cached:  660.0
	 epoch  40 training error:  tensor(0.4881, device='cuda:0', grad_fn=<DivBackward0>)
Memory status after this epoch: 
Memory allocated:  317.67919921875
Memory cached:  660.0
	 epoch  50 training error:  tensor(0.4149, device='cuda:0', grad_fn=<DivBackward0>)
Memory status after this epoch: 
Memory allocated:  317.67919921875
Memory cached:  654.0
	 epoch  60 training error:  tensor(0.3216, device='cuda:0', grad_fn=<DivBackward0>)
Memory status after this epoch: 
Memory allocated:  317.67919921875
Memory cached:  646.0
	 epoch  70 training error:  tensor(0.2594, device='cuda:0', grad_fn=<DivBackward0>)
Memory status after this epoch: 
Memory allocated:  317.67919921875
Memory cached:  644.0
	 epoch  80 training error:  tensor(0.2264, device='cuda:0', grad_fn=<DivBackward0>)
Memory status after this epoch: 
Memory allocated:  317.67919921875
Memory cached:  652.0
	 epoch  90 training error:  tensor(0.1979, device='cuda:0', grad_fn=<DivBackward0>)
Memory status after this epoch: 
Memory allocated:  317.67919921875
Memory cached:  656.0
[I 2024-01-04 01:46:22,166] Trial 193 finished with value: 0.10145054012537003 and parameters: {'W_layers': 8, 'W_layer_units_exponent_0': 10, 'W_layer_units_exponent_1': 4, 'W_layer_units_exponent_2': 7, 'W_layer_units_exponent_3': 5, 'W_layer_units_exponent_4': 8, 'W_layer_units_exponent_5': 8, 'W_layer_units_exponent_6': 5, 'W_layer_units_exponent_7': 4, 'D_layers': 3, 'D_layer_units_exponent_0': 10, 'D_layer_units_exponent_1': 7, 'D_layer_units_exponent_2': 9, 'D_dagger_layers': 4, 'D_dagger_layer_units_exponent_0': 10, 'D_dagger_layer_units_exponent_1': 10, 'D_dagger_layer_units_exponent_2': 4, 'D_dagger_layer_units_exponent_3': 5, 'log_learning_rate': -4.408446026001388, 'log_learning_rate_D': -3.0093679812189613, 'log_learning_rate_D_dagger': -3.063414888707414, 'training_batch_size': 9, 'training_p': 7}. Best is trial 163 with value: 0.10096652805805206.
Time for this trial:  218.5605926513672
Memory status after this trial: 
Memory allocated:  597.5771484375
Memory cached:  606.0
--------------------  Trial  194   --------------------
Start timing: 
Parameters: 
{'W_layers': 8, 'W_layer_units_exponent_0': 10, 'W_layer_units_exponent_1': 4, 'W_layer_units_exponent_2': 7, 'W_layer_units_exponent_3': 5, 'W_layer_units_exponent_4': 8, 'W_layer_units_exponent_5': 8, 'W_layer_units_exponent_6': 5, 'W_layer_units_exponent_7': 4, 'D_layers': 3, 'D_layer_units_exponent_0': 10, 'D_layer_units_exponent_1': 7, 'D_layer_units_exponent_2': 9, 'D_dagger_layers': 4, 'D_dagger_layer_units_exponent_0': 10, 'D_dagger_layer_units_exponent_1': 10, 'D_dagger_layer_units_exponent_2': 4, 'D_dagger_layer_units_exponent_3': 5, 'log_learning_rate': -4.355902975067142, 'log_learning_rate_D': -2.8620241071313735, 'log_learning_rate_D_dagger': -3.079217968447025, 'training_batch_size': 9, 'training_p': 7}
	 epoch  0 training error:  tensor(1.0032, device='cuda:0', grad_fn=<DivBackward0>)
Memory status after this epoch: 
Memory allocated:  317.67919921875
Memory cached:  618.0
	 epoch  10 training error:  tensor(0.5490, device='cuda:0', grad_fn=<DivBackward0>)
Memory status after this epoch: 
Memory allocated:  317.67919921875
Memory cached:  660.0
	 epoch  20 training error:  tensor(0.5350, device='cuda:0', grad_fn=<DivBackward0>)
Memory status after this epoch: 
Memory allocated:  317.67919921875
Memory cached:  654.0
	 epoch  30 training error:  tensor(0.5238, device='cuda:0', grad_fn=<DivBackward0>)
Memory status after this epoch: 
Memory allocated:  317.67919921875
Memory cached:  654.0
	 epoch  40 training error:  tensor(0.5170, device='cuda:0', grad_fn=<DivBackward0>)
Memory status after this epoch: 
Memory allocated:  317.67919921875
Memory cached:  656.0
	 epoch  50 training error:  tensor(0.4465, device='cuda:0', grad_fn=<DivBackward0>)
Memory status after this epoch: 
Memory allocated:  317.67919921875
Memory cached:  650.0
	 epoch  60 training error:  tensor(0.4375, device='cuda:0', grad_fn=<DivBackward0>)
Memory status after this epoch: 
Memory allocated:  317.67919921875
Memory cached:  654.0
	 epoch  70 training error:  tensor(0.3340, device='cuda:0', grad_fn=<DivBackward0>)
Memory status after this epoch: 
Memory allocated:  317.67919921875
Memory cached:  652.0
	 epoch  80 training error:  tensor(0.2647, device='cuda:0', grad_fn=<DivBackward0>)
Memory status after this epoch: 
Memory allocated:  317.67919921875
Memory cached:  648.0
	 epoch  90 training error:  tensor(0.2424, device='cuda:0', grad_fn=<DivBackward0>)
Memory status after this epoch: 
Memory allocated:  317.67919921875
Memory cached:  650.0
[I 2024-01-04 01:50:00,928] Trial 194 finished with value: 0.1443886011838913 and parameters: {'W_layers': 8, 'W_layer_units_exponent_0': 10, 'W_layer_units_exponent_1': 4, 'W_layer_units_exponent_2': 7, 'W_layer_units_exponent_3': 5, 'W_layer_units_exponent_4': 8, 'W_layer_units_exponent_5': 8, 'W_layer_units_exponent_6': 5, 'W_layer_units_exponent_7': 4, 'D_layers': 3, 'D_layer_units_exponent_0': 10, 'D_layer_units_exponent_1': 7, 'D_layer_units_exponent_2': 9, 'D_dagger_layers': 4, 'D_dagger_layer_units_exponent_0': 10, 'D_dagger_layer_units_exponent_1': 10, 'D_dagger_layer_units_exponent_2': 4, 'D_dagger_layer_units_exponent_3': 5, 'log_learning_rate': -4.355902975067142, 'log_learning_rate_D': -2.8620241071313735, 'log_learning_rate_D_dagger': -3.079217968447025, 'training_batch_size': 9, 'training_p': 7}. Best is trial 163 with value: 0.10096652805805206.
Time for this trial:  218.19247841835022
Memory status after this trial: 
Memory allocated:  597.5771484375
Memory cached:  606.0
--------------------  Trial  195   --------------------
Start timing: 
Parameters: 
{'W_layers': 8, 'W_layer_units_exponent_0': 10, 'W_layer_units_exponent_1': 4, 'W_layer_units_exponent_2': 7, 'W_layer_units_exponent_3': 5, 'W_layer_units_exponent_4': 8, 'W_layer_units_exponent_5': 8, 'W_layer_units_exponent_6': 5, 'W_layer_units_exponent_7': 4, 'D_layers': 3, 'D_layer_units_exponent_0': 10, 'D_layer_units_exponent_1': 7, 'D_layer_units_exponent_2': 9, 'D_dagger_layers': 4, 'D_dagger_layer_units_exponent_0': 10, 'D_dagger_layer_units_exponent_1': 10, 'D_dagger_layer_units_exponent_2': 4, 'D_dagger_layer_units_exponent_3': 5, 'log_learning_rate': -4.323819259024044, 'log_learning_rate_D': -3.0118167423727797, 'log_learning_rate_D_dagger': -3.156937081335228, 'training_batch_size': 9, 'training_p': 7}
	 epoch  0 training error:  tensor(1.0032, device='cuda:0', grad_fn=<DivBackward0>)
Memory status after this epoch: 
Memory allocated:  317.67919921875
Memory cached:  618.0
	 epoch  10 training error:  tensor(0.5790, device='cuda:0', grad_fn=<DivBackward0>)
Memory status after this epoch: 
Memory allocated:  317.67919921875
Memory cached:  658.0
	 epoch  20 training error:  tensor(0.5344, device='cuda:0', grad_fn=<DivBackward0>)
Memory status after this epoch: 
Memory allocated:  317.67919921875
Memory cached:  654.0
	 epoch  30 training error:  tensor(0.5408, device='cuda:0', grad_fn=<DivBackward0>)
Memory status after this epoch: 
Memory allocated:  317.67919921875
Memory cached:  658.0
	 epoch  40 training error:  tensor(0.5276, device='cuda:0', grad_fn=<DivBackward0>)
Memory status after this epoch: 
Memory allocated:  317.67919921875
Memory cached:  656.0
	 epoch  50 training error:  tensor(0.5231, device='cuda:0', grad_fn=<DivBackward0>)
Memory status after this epoch: 
Memory allocated:  317.67919921875
Memory cached:  660.0
	 epoch  60 training error:  tensor(0.5236, device='cuda:0', grad_fn=<DivBackward0>)
Memory status after this epoch: 
Memory allocated:  317.67919921875
Memory cached:  658.0
	 epoch  70 training error:  tensor(0.5049, device='cuda:0', grad_fn=<DivBackward0>)
Memory status after this epoch: 
Memory allocated:  317.67919921875
Memory cached:  656.0
	 epoch  80 training error:  tensor(0.4761, device='cuda:0', grad_fn=<DivBackward0>)
Memory status after this epoch: 
Memory allocated:  317.67919921875
Memory cached:  656.0
	 epoch  90 training error:  tensor(0.3913, device='cuda:0', grad_fn=<DivBackward0>)
Memory status after this epoch: 
Memory allocated:  317.67919921875
Memory cached:  656.0
[I 2024-01-04 01:53:37,552] Trial 195 finished with value: 0.2058650553226471 and parameters: {'W_layers': 8, 'W_layer_units_exponent_0': 10, 'W_layer_units_exponent_1': 4, 'W_layer_units_exponent_2': 7, 'W_layer_units_exponent_3': 5, 'W_layer_units_exponent_4': 8, 'W_layer_units_exponent_5': 8, 'W_layer_units_exponent_6': 5, 'W_layer_units_exponent_7': 4, 'D_layers': 3, 'D_layer_units_exponent_0': 10, 'D_layer_units_exponent_1': 7, 'D_layer_units_exponent_2': 9, 'D_dagger_layers': 4, 'D_dagger_layer_units_exponent_0': 10, 'D_dagger_layer_units_exponent_1': 10, 'D_dagger_layer_units_exponent_2': 4, 'D_dagger_layer_units_exponent_3': 5, 'log_learning_rate': -4.323819259024044, 'log_learning_rate_D': -3.0118167423727797, 'log_learning_rate_D_dagger': -3.156937081335228, 'training_batch_size': 9, 'training_p': 7}. Best is trial 163 with value: 0.10096652805805206.
Time for this trial:  216.14420628547668
Memory status after this trial: 
Memory allocated:  597.5771484375
Memory cached:  606.0
--------------------  Trial  196   --------------------
Start timing: 
Parameters: 
{'W_layers': 8, 'W_layer_units_exponent_0': 10, 'W_layer_units_exponent_1': 4, 'W_layer_units_exponent_2': 7, 'W_layer_units_exponent_3': 5, 'W_layer_units_exponent_4': 8, 'W_layer_units_exponent_5': 8, 'W_layer_units_exponent_6': 5, 'W_layer_units_exponent_7': 4, 'D_layers': 3, 'D_layer_units_exponent_0': 10, 'D_layer_units_exponent_1': 7, 'D_layer_units_exponent_2': 9, 'D_dagger_layers': 4, 'D_dagger_layer_units_exponent_0': 10, 'D_dagger_layer_units_exponent_1': 10, 'D_dagger_layer_units_exponent_2': 4, 'D_dagger_layer_units_exponent_3': 5, 'log_learning_rate': -4.436983406931906, 'log_learning_rate_D': -3.1740399341383623, 'log_learning_rate_D_dagger': -3.0821406705327896, 'training_batch_size': 9, 'training_p': 7}
	 epoch  0 training error:  tensor(1.0158, device='cuda:0', grad_fn=<DivBackward0>)
Memory status after this epoch: 
Memory allocated:  317.67919921875
Memory cached:  620.0
	 epoch  10 training error:  tensor(0.5767, device='cuda:0', grad_fn=<DivBackward0>)
Memory status after this epoch: 
Memory allocated:  317.67919921875
Memory cached:  654.0
	 epoch  20 training error:  tensor(0.5386, device='cuda:0', grad_fn=<DivBackward0>)
Memory status after this epoch: 
Memory allocated:  317.67919921875
Memory cached:  650.0
	 epoch  30 training error:  tensor(0.5335, device='cuda:0', grad_fn=<DivBackward0>)
Memory status after this epoch: 
Memory allocated:  317.67919921875
Memory cached:  658.0
	 epoch  40 training error:  tensor(0.5282, device='cuda:0', grad_fn=<DivBackward0>)
Memory status after this epoch: 
Memory allocated:  317.67919921875
Memory cached:  648.0
	 epoch  50 training error:  tensor(0.5130, device='cuda:0', grad_fn=<DivBackward0>)
Memory status after this epoch: 
Memory allocated:  317.67919921875
Memory cached:  652.0
	 epoch  60 training error:  tensor(0.5103, device='cuda:0', grad_fn=<DivBackward0>)
Memory status after this epoch: 
Memory allocated:  317.67919921875
Memory cached:  662.0
	 epoch  70 training error:  tensor(0.4109, device='cuda:0', grad_fn=<DivBackward0>)
Memory status after this epoch: 
Memory allocated:  317.67919921875
Memory cached:  654.0
	 epoch  80 training error:  tensor(0.3168, device='cuda:0', grad_fn=<DivBackward0>)
Memory status after this epoch: 
Memory allocated:  317.67919921875
Memory cached:  652.0
	 epoch  90 training error:  tensor(0.2433, device='cuda:0', grad_fn=<DivBackward0>)
Memory status after this epoch: 
Memory allocated:  317.67919921875
Memory cached:  654.0
[I 2024-01-04 01:57:12,725] Trial 196 finished with value: 0.11803845316171646 and parameters: {'W_layers': 8, 'W_layer_units_exponent_0': 10, 'W_layer_units_exponent_1': 4, 'W_layer_units_exponent_2': 7, 'W_layer_units_exponent_3': 5, 'W_layer_units_exponent_4': 8, 'W_layer_units_exponent_5': 8, 'W_layer_units_exponent_6': 5, 'W_layer_units_exponent_7': 4, 'D_layers': 3, 'D_layer_units_exponent_0': 10, 'D_layer_units_exponent_1': 7, 'D_layer_units_exponent_2': 9, 'D_dagger_layers': 4, 'D_dagger_layer_units_exponent_0': 10, 'D_dagger_layer_units_exponent_1': 10, 'D_dagger_layer_units_exponent_2': 4, 'D_dagger_layer_units_exponent_3': 5, 'log_learning_rate': -4.436983406931906, 'log_learning_rate_D': -3.1740399341383623, 'log_learning_rate_D_dagger': -3.0821406705327896, 'training_batch_size': 9, 'training_p': 7}. Best is trial 163 with value: 0.10096652805805206.
Time for this trial:  214.5879979133606
Memory status after this trial: 
Memory allocated:  597.5771484375
Memory cached:  606.0
--------------------  Trial  197   --------------------
Start timing: 
Parameters: 
{'W_layers': 8, 'W_layer_units_exponent_0': 10, 'W_layer_units_exponent_1': 4, 'W_layer_units_exponent_2': 7, 'W_layer_units_exponent_3': 5, 'W_layer_units_exponent_4': 8, 'W_layer_units_exponent_5': 8, 'W_layer_units_exponent_6': 5, 'W_layer_units_exponent_7': 4, 'D_layers': 3, 'D_layer_units_exponent_0': 10, 'D_layer_units_exponent_1': 7, 'D_layer_units_exponent_2': 9, 'D_dagger_layers': 4, 'D_dagger_layer_units_exponent_0': 10, 'D_dagger_layer_units_exponent_1': 10, 'D_dagger_layer_units_exponent_2': 4, 'D_dagger_layer_units_exponent_3': 5, 'log_learning_rate': -4.424463494873189, 'log_learning_rate_D': -3.2968754530221207, 'log_learning_rate_D_dagger': -3.062599794690082, 'training_batch_size': 9, 'training_p': 7}
	 epoch  0 training error:  tensor(0.9420, device='cuda:0', grad_fn=<DivBackward0>)
Memory status after this epoch: 
Memory allocated:  317.67919921875
Memory cached:  620.0
	 epoch  10 training error:  tensor(0.5280, device='cuda:0', grad_fn=<DivBackward0>)
Memory status after this epoch: 
Memory allocated:  317.67919921875
Memory cached:  650.0
	 epoch  20 training error:  tensor(0.5328, device='cuda:0', grad_fn=<DivBackward0>)
Memory status after this epoch: 
Memory allocated:  317.67919921875
Memory cached:  654.0
	 epoch  30 training error:  tensor(0.5197, device='cuda:0', grad_fn=<DivBackward0>)
Memory status after this epoch: 
Memory allocated:  317.67919921875
Memory cached:  660.0
	 epoch  40 training error:  tensor(0.5140, device='cuda:0', grad_fn=<DivBackward0>)
Memory status after this epoch: 
Memory allocated:  317.67919921875
Memory cached:  656.0
	 epoch  50 training error:  tensor(0.5241, device='cuda:0', grad_fn=<DivBackward0>)
Memory status after this epoch: 
Memory allocated:  317.67919921875
Memory cached:  656.0
	 epoch  60 training error:  tensor(0.4841, device='cuda:0', grad_fn=<DivBackward0>)
Memory status after this epoch: 
Memory allocated:  317.67919921875
Memory cached:  664.0
	 epoch  70 training error:  tensor(0.4582, device='cuda:0', grad_fn=<DivBackward0>)
Memory status after this epoch: 
Memory allocated:  317.67919921875
Memory cached:  650.0
	 epoch  80 training error:  tensor(0.3385, device='cuda:0', grad_fn=<DivBackward0>)
Memory status after this epoch: 
Memory allocated:  317.67919921875
Memory cached:  650.0
	 epoch  90 training error:  tensor(0.2727, device='cuda:0', grad_fn=<DivBackward0>)
Memory status after this epoch: 
Memory allocated:  317.67919921875
Memory cached:  656.0
[I 2024-01-04 02:00:51,718] Trial 197 finished with value: 0.15145769715309143 and parameters: {'W_layers': 8, 'W_layer_units_exponent_0': 10, 'W_layer_units_exponent_1': 4, 'W_layer_units_exponent_2': 7, 'W_layer_units_exponent_3': 5, 'W_layer_units_exponent_4': 8, 'W_layer_units_exponent_5': 8, 'W_layer_units_exponent_6': 5, 'W_layer_units_exponent_7': 4, 'D_layers': 3, 'D_layer_units_exponent_0': 10, 'D_layer_units_exponent_1': 7, 'D_layer_units_exponent_2': 9, 'D_dagger_layers': 4, 'D_dagger_layer_units_exponent_0': 10, 'D_dagger_layer_units_exponent_1': 10, 'D_dagger_layer_units_exponent_2': 4, 'D_dagger_layer_units_exponent_3': 5, 'log_learning_rate': -4.424463494873189, 'log_learning_rate_D': -3.2968754530221207, 'log_learning_rate_D_dagger': -3.062599794690082, 'training_batch_size': 9, 'training_p': 7}. Best is trial 163 with value: 0.10096652805805206.
Time for this trial:  218.43092918395996
Memory status after this trial: 
Memory allocated:  597.5771484375
Memory cached:  608.0
--------------------  Trial  198   --------------------
Start timing: 
Parameters: 
{'W_layers': 8, 'W_layer_units_exponent_0': 10, 'W_layer_units_exponent_1': 4, 'W_layer_units_exponent_2': 7, 'W_layer_units_exponent_3': 5, 'W_layer_units_exponent_4': 8, 'W_layer_units_exponent_5': 8, 'W_layer_units_exponent_6': 5, 'W_layer_units_exponent_7': 4, 'D_layers': 3, 'D_layer_units_exponent_0': 10, 'D_layer_units_exponent_1': 7, 'D_layer_units_exponent_2': 9, 'D_dagger_layers': 4, 'D_dagger_layer_units_exponent_0': 10, 'D_dagger_layer_units_exponent_1': 10, 'D_dagger_layer_units_exponent_2': 4, 'D_dagger_layer_units_exponent_3': 5, 'log_learning_rate': -4.4259468735422995, 'log_learning_rate_D': -3.1800827754946956, 'log_learning_rate_D_dagger': -3.138812495637375, 'training_batch_size': 9, 'training_p': 7}
	 epoch  0 training error:  tensor(0.9357, device='cuda:0', grad_fn=<DivBackward0>)
Memory status after this epoch: 
Memory allocated:  317.67919921875
Memory cached:  620.0
	 epoch  10 training error:  tensor(0.5661, device='cuda:0', grad_fn=<DivBackward0>)
Memory status after this epoch: 
Memory allocated:  317.67919921875
Memory cached:  658.0
	 epoch  20 training error:  tensor(0.5408, device='cuda:0', grad_fn=<DivBackward0>)
Memory status after this epoch: 
Memory allocated:  317.67919921875
Memory cached:  656.0
	 epoch  30 training error:  tensor(0.5306, device='cuda:0', grad_fn=<DivBackward0>)
Memory status after this epoch: 
Memory allocated:  317.67919921875
Memory cached:  662.0
	 epoch  40 training error:  tensor(0.5368, device='cuda:0', grad_fn=<DivBackward0>)
Memory status after this epoch: 
Memory allocated:  317.67919921875
Memory cached:  656.0
	 epoch  50 training error:  tensor(0.5221, device='cuda:0', grad_fn=<DivBackward0>)
Memory status after this epoch: 
Memory allocated:  317.67919921875
Memory cached:  648.0
	 epoch  60 training error:  tensor(0.5032, device='cuda:0', grad_fn=<DivBackward0>)
Memory status after this epoch: 
Memory allocated:  317.67919921875
Memory cached:  652.0
	 epoch  70 training error:  tensor(0.4045, device='cuda:0', grad_fn=<DivBackward0>)
Memory status after this epoch: 
Memory allocated:  317.67919921875
Memory cached:  658.0
	 epoch  80 training error:  tensor(0.3252, device='cuda:0', grad_fn=<DivBackward0>)
Memory status after this epoch: 
Memory allocated:  317.67919921875
Memory cached:  654.0
	 epoch  90 training error:  tensor(0.2600, device='cuda:0', grad_fn=<DivBackward0>)
Memory status after this epoch: 
Memory allocated:  317.67919921875
Memory cached:  666.0
