/home/shengduo/anaconda3/lib/python3.9/site-packages/scipy/__init__.py:146: UserWarning: A NumPy version >=1.16.5 and <1.23.0 is required for this version of SciPy (detected version 1.24.1
  warnings.warn(f"A NumPy version >={np_minversion} and <{np_maxversion}"
[I 2024-01-12 16:39:45,445] A new study created in RDB with name: my_study
Cuda is available:  True
Device is:  cuda:0
Memory allocated:  0.0
Memory cached:  0.0
Data file:  ./data/Trial0112_smallDRS_Burigede.pt
Vs.shape:  torch.Size([200, 100])
thetas.shape:  torch.Size([200, 100])
fs.shape:  torch.Size([200, 100])
ts.shape:  torch.Size([200, 100])
Xs.shape:  torch.Size([200, 100])
--------------------  Trial  0   --------------------
Start timing: 
Parameters: 
{'W_layers': 3, 'W_layer_units_exponent_0': 8, 'W_layer_units_exponent_1': 10, 'W_layer_units_exponent_2': 6, 'D_layers': 8, 'D_layer_units_exponent_0': 10, 'D_layer_units_exponent_1': 9, 'D_layer_units_exponent_2': 8, 'D_layer_units_exponent_3': 10, 'D_layer_units_exponent_4': 10, 'D_layer_units_exponent_5': 4, 'D_layer_units_exponent_6': 7, 'D_layer_units_exponent_7': 9, 'D_dagger_layers': 8, 'D_dagger_layer_units_exponent_0': 6, 'D_dagger_layer_units_exponent_1': 5, 'D_dagger_layer_units_exponent_2': 4, 'D_dagger_layer_units_exponent_3': 8, 'D_dagger_layer_units_exponent_4': 4, 'D_dagger_layer_units_exponent_5': 7, 'D_dagger_layer_units_exponent_6': 6, 'D_dagger_layer_units_exponent_7': 8, 'log_learning_rate': -2.3253883488147338, 'log_learning_rate_D': -3.9149752032102176, 'log_learning_rate_D_dagger': -4.766951120356147, 'training_batch_size': 6, 'training_p': 3}
	 epoch  0 training error:  tensor(6.5904, device='cuda:0', grad_fn=<DivBackward0>)
Memory status after this epoch: 
Memory allocated:  37.22265625
Memory cached:  252.0
	 epoch  10 training error:  tensor(0.6826, device='cuda:0', grad_fn=<DivBackward0>)
Memory status after this epoch: 
Memory allocated:  37.22265625
Memory cached:  276.0
	 epoch  20 training error:  tensor(0.6743, device='cuda:0', grad_fn=<DivBackward0>)
Memory status after this epoch: 
Memory allocated:  37.22265625
Memory cached:  254.0
	 epoch  30 training error:  tensor(0.6700, device='cuda:0', grad_fn=<DivBackward0>)
Memory status after this epoch: 
Memory allocated:  37.22265625
Memory cached:  256.0
	 epoch  40 training error:  tensor(0.6550, device='cuda:0', grad_fn=<DivBackward0>)
Memory status after this epoch: 
Memory allocated:  37.22265625
Memory cached:  252.0
	 epoch  50 training error:  tensor(0.6344, device='cuda:0', grad_fn=<DivBackward0>)
Memory status after this epoch: 
Memory allocated:  37.22265625
Memory cached:  250.0
	 epoch  60 training error:  tensor(0.5988, device='cuda:0', grad_fn=<DivBackward0>)
Memory status after this epoch: 
Memory allocated:  37.22265625
Memory cached:  254.0
	 epoch  70 training error:  tensor(0.5347, device='cuda:0', grad_fn=<DivBackward0>)
Memory status after this epoch: 
Memory allocated:  37.22265625
Memory cached:  254.0
	 epoch  80 training error:  tensor(0.4362, device='cuda:0', grad_fn=<DivBackward0>)
Memory status after this epoch: 
Memory allocated:  37.22265625
Memory cached:  248.0
	 epoch  90 training error:  tensor(0.2873, device='cuda:0', grad_fn=<DivBackward0>)
Memory status after this epoch: 
Memory allocated:  37.22265625
Memory cached:  234.0
[I 2024-01-12 16:50:05,236] Trial 0 finished with value: 0.16137205064296722 and parameters: {'W_layers': 3, 'W_layer_units_exponent_0': 8, 'W_layer_units_exponent_1': 10, 'W_layer_units_exponent_2': 6, 'D_layers': 8, 'D_layer_units_exponent_0': 10, 'D_layer_units_exponent_1': 9, 'D_layer_units_exponent_2': 8, 'D_layer_units_exponent_3': 10, 'D_layer_units_exponent_4': 10, 'D_layer_units_exponent_5': 4, 'D_layer_units_exponent_6': 7, 'D_layer_units_exponent_7': 9, 'D_dagger_layers': 8, 'D_dagger_layer_units_exponent_0': 6, 'D_dagger_layer_units_exponent_1': 5, 'D_dagger_layer_units_exponent_2': 4, 'D_dagger_layer_units_exponent_3': 8, 'D_dagger_layer_units_exponent_4': 4, 'D_dagger_layer_units_exponent_5': 7, 'D_dagger_layer_units_exponent_6': 6, 'D_dagger_layer_units_exponent_7': 8, 'log_learning_rate': -2.3253883488147338, 'log_learning_rate_D': -3.9149752032102176, 'log_learning_rate_D_dagger': -4.766951120356147, 'training_batch_size': 6, 'training_p': 3}. Best is trial 0 with value: 0.16137205064296722.
res:  tensor(0.1614, device='cuda:0', grad_fn=<DivBackward0>)
self.bestValue:  10000000.0
Save this model!
Time for this trial:  619.4330463409424
Memory status after this trial: 
Memory allocated:  714.29248046875
Memory cached:  730.0
--------------------  Trial  1   --------------------
Start timing: 
Parameters: 
{'W_layers': 2, 'W_layer_units_exponent_0': 5, 'W_layer_units_exponent_1': 10, 'D_layers': 5, 'D_layer_units_exponent_0': 6, 'D_layer_units_exponent_1': 4, 'D_layer_units_exponent_2': 6, 'D_layer_units_exponent_3': 8, 'D_layer_units_exponent_4': 7, 'D_dagger_layers': 8, 'D_dagger_layer_units_exponent_0': 4, 'D_dagger_layer_units_exponent_1': 7, 'D_dagger_layer_units_exponent_2': 7, 'D_dagger_layer_units_exponent_3': 7, 'D_dagger_layer_units_exponent_4': 10, 'D_dagger_layer_units_exponent_5': 10, 'D_dagger_layer_units_exponent_6': 6, 'D_dagger_layer_units_exponent_7': 5, 'log_learning_rate': -3.2698927485182048, 'log_learning_rate_D': -3.001745541761244, 'log_learning_rate_D_dagger': -4.140161154770033, 'training_batch_size': 6, 'training_p': 4}
	 epoch  0 training error:  tensor(0.7866, device='cuda:0', grad_fn=<DivBackward0>)
Memory status after this epoch: 
Memory allocated:  735.24755859375
Memory cached:  846.0
	 epoch  10 training error:  tensor(0.2317, device='cuda:0', grad_fn=<DivBackward0>)
Memory status after this epoch: 
Memory allocated:  735.24755859375
Memory cached:  906.0
	 epoch  20 training error:  tensor(0.1839, device='cuda:0', grad_fn=<DivBackward0>)
Memory status after this epoch: 
Memory allocated:  735.24755859375
Memory cached:  908.0
	 epoch  30 training error:  tensor(0.1626, device='cuda:0', grad_fn=<DivBackward0>)
Memory status after this epoch: 
Memory allocated:  735.24755859375
Memory cached:  898.0
	 epoch  40 training error:  tensor(0.1579, device='cuda:0', grad_fn=<DivBackward0>)
Memory status after this epoch: 
Memory allocated:  735.24755859375
Memory cached:  908.0
	 epoch  50 training error:  tensor(0.1531, device='cuda:0', grad_fn=<DivBackward0>)
Memory status after this epoch: 
Memory allocated:  735.24755859375
Memory cached:  906.0
	 epoch  60 training error:  tensor(0.1475, device='cuda:0', grad_fn=<DivBackward0>)
Memory status after this epoch: 
Memory allocated:  735.24755859375
Memory cached:  910.0
	 epoch  70 training error:  tensor(0.1429, device='cuda:0', grad_fn=<DivBackward0>)
Memory status after this epoch: 
Memory allocated:  735.24755859375
Memory cached:  904.0
	 epoch  80 training error:  tensor(0.1288, device='cuda:0', grad_fn=<DivBackward0>)
Memory status after this epoch: 
Memory allocated:  735.24755859375
Memory cached:  902.0
	 epoch  90 training error:  tensor(0.1506, device='cuda:0', grad_fn=<DivBackward0>)
Memory status after this epoch: 
Memory allocated:  735.24755859375
Memory cached:  902.0
[I 2024-01-12 16:58:37,551] Trial 1 finished with value: 0.13984666764736176 and parameters: {'W_layers': 2, 'W_layer_units_exponent_0': 5, 'W_layer_units_exponent_1': 10, 'D_layers': 5, 'D_layer_units_exponent_0': 6, 'D_layer_units_exponent_1': 4, 'D_layer_units_exponent_2': 6, 'D_layer_units_exponent_3': 8, 'D_layer_units_exponent_4': 7, 'D_dagger_layers': 8, 'D_dagger_layer_units_exponent_0': 4, 'D_dagger_layer_units_exponent_1': 7, 'D_dagger_layer_units_exponent_2': 7, 'D_dagger_layer_units_exponent_3': 7, 'D_dagger_layer_units_exponent_4': 10, 'D_dagger_layer_units_exponent_5': 10, 'D_dagger_layer_units_exponent_6': 6, 'D_dagger_layer_units_exponent_7': 5, 'log_learning_rate': -3.2698927485182048, 'log_learning_rate_D': -3.001745541761244, 'log_learning_rate_D_dagger': -4.140161154770033, 'training_batch_size': 6, 'training_p': 4}. Best is trial 1 with value: 0.13984666764736176.
res:  tensor(0.1398, device='cuda:0', grad_fn=<DivBackward0>)
self.bestValue:  tensor(0.1614, device='cuda:0', grad_fn=<DivBackward0>)
Save this model!
Time for this trial:  512.0046803951263
Memory status after this trial: 
Memory allocated:  433.34423828125
Memory cached:  788.0
--------------------  Trial  2   --------------------
Start timing: 
Parameters: 
{'W_layers': 4, 'W_layer_units_exponent_0': 10, 'W_layer_units_exponent_1': 10, 'W_layer_units_exponent_2': 6, 'W_layer_units_exponent_3': 9, 'D_layers': 3, 'D_layer_units_exponent_0': 8, 'D_layer_units_exponent_1': 10, 'D_layer_units_exponent_2': 6, 'D_dagger_layers': 4, 'D_dagger_layer_units_exponent_0': 9, 'D_dagger_layer_units_exponent_1': 10, 'D_dagger_layer_units_exponent_2': 9, 'D_dagger_layer_units_exponent_3': 10, 'log_learning_rate': -1.156943074584785, 'log_learning_rate_D': -4.3128265644127275, 'log_learning_rate_D_dagger': -2.7247544944072666, 'training_batch_size': 10, 'training_p': 8}
	 epoch  0 training error:  tensor(1.1019, device='cuda:0', grad_fn=<DivBackward0>)
Memory status after this epoch: 
Memory allocated:  480.02685546875
Memory cached:  818.0
	 epoch  10 training error:  tensor(4193.7153, device='cuda:0', grad_fn=<DivBackward0>)
Memory status after this epoch: 
Memory allocated:  480.02685546875
Memory cached:  854.0
	 epoch  20 training error:  tensor(368.6419, device='cuda:0', grad_fn=<DivBackward0>)
Memory status after this epoch: 
Memory allocated:  480.02685546875
Memory cached:  854.0
	 epoch  30 training error:  tensor(294.0982, device='cuda:0', grad_fn=<DivBackward0>)
Memory status after this epoch: 
Memory allocated:  480.02685546875
Memory cached:  848.0
	 epoch  40 training error:  tensor(788.7746, device='cuda:0', grad_fn=<DivBackward0>)
Memory status after this epoch: 
Memory allocated:  480.02685546875
Memory cached:  850.0
	 epoch  50 training error:  tensor(1345.3094, device='cuda:0', grad_fn=<DivBackward0>)
Memory status after this epoch: 
Memory allocated:  480.02685546875
Memory cached:  848.0
	 epoch  60 training error:  tensor(46.8890, device='cuda:0', grad_fn=<DivBackward0>)
Memory status after this epoch: 
Memory allocated:  480.02685546875
Memory cached:  852.0
	 epoch  70 training error:  tensor(20.6287, device='cuda:0', grad_fn=<DivBackward0>)
Memory status after this epoch: 
Memory allocated:  480.02685546875
Memory cached:  852.0
	 epoch  80 training error:  tensor(11.0310, device='cuda:0', grad_fn=<DivBackward0>)
Memory status after this epoch: 
Memory allocated:  480.02685546875
Memory cached:  850.0
	 epoch  90 training error:  tensor(44.5603, device='cuda:0', grad_fn=<DivBackward0>)
Memory status after this epoch: 
Memory allocated:  480.02685546875
Memory cached:  850.0
[I 2024-01-12 17:03:06,540] Trial 2 finished with value: 90.9372787475586 and parameters: {'W_layers': 4, 'W_layer_units_exponent_0': 10, 'W_layer_units_exponent_1': 10, 'W_layer_units_exponent_2': 6, 'W_layer_units_exponent_3': 9, 'D_layers': 3, 'D_layer_units_exponent_0': 8, 'D_layer_units_exponent_1': 10, 'D_layer_units_exponent_2': 6, 'D_dagger_layers': 4, 'D_dagger_layer_units_exponent_0': 9, 'D_dagger_layer_units_exponent_1': 10, 'D_dagger_layer_units_exponent_2': 9, 'D_dagger_layer_units_exponent_3': 10, 'log_learning_rate': -1.156943074584785, 'log_learning_rate_D': -4.3128265644127275, 'log_learning_rate_D_dagger': -2.7247544944072666, 'training_batch_size': 10, 'training_p': 8}. Best is trial 1 with value: 0.13984666764736176.
Time for this trial:  268.7521274089813
Memory status after this trial: 
Memory allocated:  1183.09814453125
Memory cached:  1202.0
--------------------  Trial  3   --------------------
Start timing: 
Parameters: 
{'W_layers': 3, 'W_layer_units_exponent_0': 8, 'W_layer_units_exponent_1': 10, 'W_layer_units_exponent_2': 4, 'D_layers': 3, 'D_layer_units_exponent_0': 4, 'D_layer_units_exponent_1': 4, 'D_layer_units_exponent_2': 5, 'D_dagger_layers': 4, 'D_dagger_layer_units_exponent_0': 4, 'D_dagger_layer_units_exponent_1': 5, 'D_dagger_layer_units_exponent_2': 10, 'D_dagger_layer_units_exponent_3': 9, 'log_learning_rate': -4.978455416511988, 'log_learning_rate_D': -1.2976968687781034, 'log_learning_rate_D_dagger': -4.327996566208892, 'training_batch_size': 8, 'training_p': 3}
	 epoch  0 training error:  tensor(1.2488, device='cuda:0', grad_fn=<DivBackward0>)
Memory status after this epoch: 
Memory allocated:  446.20068359375
Memory cached:  810.0
	 epoch  10 training error:  tensor(0.5314, device='cuda:0', grad_fn=<DivBackward0>)
Memory status after this epoch: 
Memory allocated:  446.20068359375
Memory cached:  858.0
	 epoch  20 training error:  tensor(0.4171, device='cuda:0', grad_fn=<DivBackward0>)
Memory status after this epoch: 
Memory allocated:  446.20068359375
Memory cached:  846.0
	 epoch  30 training error:  tensor(0.2381, device='cuda:0', grad_fn=<DivBackward0>)
Memory status after this epoch: 
Memory allocated:  446.20068359375
Memory cached:  850.0
	 epoch  40 training error:  tensor(0.1523, device='cuda:0', grad_fn=<DivBackward0>)
Memory status after this epoch: 
Memory allocated:  446.20068359375
Memory cached:  842.0
	 epoch  50 training error:  tensor(0.1618, device='cuda:0', grad_fn=<DivBackward0>)
Memory status after this epoch: 
Memory allocated:  446.20068359375
Memory cached:  842.0
	 epoch  60 training error:  tensor(0.1516, device='cuda:0', grad_fn=<DivBackward0>)
Memory status after this epoch: 
Memory allocated:  446.20068359375
Memory cached:  856.0
	 epoch  70 training error:  tensor(0.1460, device='cuda:0', grad_fn=<DivBackward0>)
Memory status after this epoch: 
Memory allocated:  446.20068359375
Memory cached:  848.0
	 epoch  80 training error:  tensor(0.1436, device='cuda:0', grad_fn=<DivBackward0>)
Memory status after this epoch: 
Memory allocated:  446.20068359375
Memory cached:  848.0
	 epoch  90 training error:  tensor(0.1418, device='cuda:0', grad_fn=<DivBackward0>)
Memory status after this epoch: 
Memory allocated:  446.20068359375
Memory cached:  842.0
[I 2024-01-12 17:06:11,952] Trial 3 finished with value: 0.12355896085500717 and parameters: {'W_layers': 3, 'W_layer_units_exponent_0': 8, 'W_layer_units_exponent_1': 10, 'W_layer_units_exponent_2': 4, 'D_layers': 3, 'D_layer_units_exponent_0': 4, 'D_layer_units_exponent_1': 4, 'D_layer_units_exponent_2': 5, 'D_dagger_layers': 4, 'D_dagger_layer_units_exponent_0': 4, 'D_dagger_layer_units_exponent_1': 5, 'D_dagger_layer_units_exponent_2': 10, 'D_dagger_layer_units_exponent_3': 9, 'log_learning_rate': -4.978455416511988, 'log_learning_rate_D': -1.2976968687781034, 'log_learning_rate_D_dagger': -4.327996566208892, 'training_batch_size': 8, 'training_p': 3}. Best is trial 3 with value: 0.12355896085500717.
res:  tensor(0.1236, device='cuda:0', grad_fn=<DivBackward0>)
self.bestValue:  tensor(0.1398, device='cuda:0', grad_fn=<DivBackward0>)
Save this model!
Time for this trial:  185.11808967590332
Memory status after this trial: 
Memory allocated:  312.783203125
Memory cached:  608.0
--------------------  Trial  4   --------------------
Start timing: 
Parameters: 
{'W_layers': 6, 'W_layer_units_exponent_0': 7, 'W_layer_units_exponent_1': 8, 'W_layer_units_exponent_2': 5, 'W_layer_units_exponent_3': 7, 'W_layer_units_exponent_4': 10, 'W_layer_units_exponent_5': 10, 'D_layers': 3, 'D_layer_units_exponent_0': 10, 'D_layer_units_exponent_1': 4, 'D_layer_units_exponent_2': 8, 'D_dagger_layers': 7, 'D_dagger_layer_units_exponent_0': 5, 'D_dagger_layer_units_exponent_1': 6, 'D_dagger_layer_units_exponent_2': 8, 'D_dagger_layer_units_exponent_3': 8, 'D_dagger_layer_units_exponent_4': 4, 'D_dagger_layer_units_exponent_5': 10, 'D_dagger_layer_units_exponent_6': 5, 'log_learning_rate': -1.7509902092819747, 'log_learning_rate_D': -4.573583385969075, 'log_learning_rate_D_dagger': -2.678072290040823, 'training_batch_size': 10, 'training_p': 7}
	 epoch  0 training error:  tensor(0.9941, device='cuda:0', grad_fn=<DivBackward0>)
Memory status after this epoch: 
Memory allocated:  334.07421875
Memory cached:  624.0
	 epoch  10 training error:  tensor(20.8986, device='cuda:0', grad_fn=<DivBackward0>)
Memory status after this epoch: 
Memory allocated:  334.07421875
Memory cached:  670.0
	 epoch  20 training error:  tensor(6.6036, device='cuda:0', grad_fn=<DivBackward0>)
Memory status after this epoch: 
Memory allocated:  334.07421875
Memory cached:  652.0
	 epoch  30 training error:  tensor(5.7338, device='cuda:0', grad_fn=<DivBackward0>)
Memory status after this epoch: 
Memory allocated:  334.07421875
Memory cached:  662.0
	 epoch  40 training error:  tensor(0.5694, device='cuda:0', grad_fn=<DivBackward0>)
Memory status after this epoch: 
Memory allocated:  334.07421875
Memory cached:  650.0
	 epoch  50 training error:  tensor(0.5126, device='cuda:0', grad_fn=<DivBackward0>)
Memory status after this epoch: 
Memory allocated:  334.07421875
Memory cached:  658.0
	 epoch  60 training error:  tensor(0.1894, device='cuda:0', grad_fn=<DivBackward0>)
Memory status after this epoch: 
Memory allocated:  334.07421875
Memory cached:  656.0
	 epoch  70 training error:  tensor(0.2163, device='cuda:0', grad_fn=<DivBackward0>)
Memory status after this epoch: 
Memory allocated:  334.07421875
Memory cached:  658.0
	 epoch  80 training error:  tensor(0.1859, device='cuda:0', grad_fn=<DivBackward0>)
Memory status after this epoch: 
Memory allocated:  334.07421875
Memory cached:  666.0
	 epoch  90 training error:  tensor(0.2166, device='cuda:0', grad_fn=<DivBackward0>)
Memory status after this epoch: 
Memory allocated:  334.07421875
Memory cached:  652.0
[I 2024-01-12 17:10:41,116] Trial 4 finished with value: 0.1725292056798935 and parameters: {'W_layers': 6, 'W_layer_units_exponent_0': 7, 'W_layer_units_exponent_1': 8, 'W_layer_units_exponent_2': 5, 'W_layer_units_exponent_3': 7, 'W_layer_units_exponent_4': 10, 'W_layer_units_exponent_5': 10, 'D_layers': 3, 'D_layer_units_exponent_0': 10, 'D_layer_units_exponent_1': 4, 'D_layer_units_exponent_2': 8, 'D_dagger_layers': 7, 'D_dagger_layer_units_exponent_0': 5, 'D_dagger_layer_units_exponent_1': 6, 'D_dagger_layer_units_exponent_2': 8, 'D_dagger_layer_units_exponent_3': 8, 'D_dagger_layer_units_exponent_4': 4, 'D_dagger_layer_units_exponent_5': 10, 'D_dagger_layer_units_exponent_6': 5, 'log_learning_rate': -1.7509902092819747, 'log_learning_rate_D': -4.573583385969075, 'log_learning_rate_D_dagger': -2.678072290040823, 'training_batch_size': 10, 'training_p': 7}. Best is trial 3 with value: 0.12355896085500717.
Time for this trial:  268.9062035083771
Memory status after this trial: 
Memory allocated:  897.11474609375
Memory cached:  910.0
--------------------  Trial  5   --------------------
Start timing: 
Parameters: 
{'W_layers': 4, 'W_layer_units_exponent_0': 10, 'W_layer_units_exponent_1': 5, 'W_layer_units_exponent_2': 7, 'W_layer_units_exponent_3': 5, 'D_layers': 5, 'D_layer_units_exponent_0': 6, 'D_layer_units_exponent_1': 10, 'D_layer_units_exponent_2': 10, 'D_layer_units_exponent_3': 9, 'D_layer_units_exponent_4': 8, 'D_dagger_layers': 4, 'D_dagger_layer_units_exponent_0': 9, 'D_dagger_layer_units_exponent_1': 9, 'D_dagger_layer_units_exponent_2': 5, 'D_dagger_layer_units_exponent_3': 6, 'log_learning_rate': -1.5968327197521388, 'log_learning_rate_D': -2.0103806003475992, 'log_learning_rate_D_dagger': -1.9817431258636047, 'training_batch_size': 12, 'training_p': 8}
	 epoch  0 training error:  tensor(0.9443, device='cuda:0', grad_fn=<DivBackward0>)
Memory status after this epoch: 
Memory allocated:  344.87890625
Memory cached:  626.0
	 epoch  10 training error:  tensor(1.2176, device='cuda:0', grad_fn=<DivBackward0>)
Memory status after this epoch: 
Memory allocated:  344.87890625
Memory cached:  642.0
	 epoch  20 training error:  tensor(0.7479, device='cuda:0', grad_fn=<DivBackward0>)
Memory status after this epoch: 
Memory allocated:  344.87890625
Memory cached:  646.0
	 epoch  30 training error:  tensor(0.7275, device='cuda:0', grad_fn=<DivBackward0>)
Memory status after this epoch: 
Memory allocated:  344.87890625
Memory cached:  644.0
	 epoch  40 training error:  tensor(0.6913, device='cuda:0', grad_fn=<DivBackward0>)
Memory status after this epoch: 
Memory allocated:  344.87890625
Memory cached:  646.0
	 epoch  50 training error:  tensor(0.6928, device='cuda:0', grad_fn=<DivBackward0>)
Memory status after this epoch: 
Memory allocated:  344.87890625
Memory cached:  654.0
	 epoch  60 training error:  tensor(0.6899, device='cuda:0', grad_fn=<DivBackward0>)
Memory status after this epoch: 
Memory allocated:  344.87890625
Memory cached:  650.0
	 epoch  70 training error:  tensor(0.6891, device='cuda:0', grad_fn=<DivBackward0>)
Memory status after this epoch: 
Memory allocated:  344.87890625
Memory cached:  648.0
	 epoch  80 training error:  tensor(0.6889, device='cuda:0', grad_fn=<DivBackward0>)
Memory status after this epoch: 
Memory allocated:  344.87890625
Memory cached:  650.0
	 epoch  90 training error:  tensor(0.6888, device='cuda:0', grad_fn=<DivBackward0>)
Memory status after this epoch: 
Memory allocated:  344.87890625
Memory cached:  654.0
