[I 2024-01-24 21:19:21,392] Trial 283 finished with value: 0.12443957477807999 and parameters: {'W_layers': 7, 'W_layer_units_exponent_0': 5, 'W_layer_units_exponent_1': 4, 'W_layer_units_exponent_2': 7, 'W_layer_units_exponent_3': 10, 'W_layer_units_exponent_4': 7, 'W_layer_units_exponent_5': 4, 'W_layer_units_exponent_6': 10, 'D_layers': 6, 'D_layer_units_exponent_0': 7, 'D_layer_units_exponent_1': 6, 'D_layer_units_exponent_2': 4, 'D_layer_units_exponent_3': 10, 'D_layer_units_exponent_4': 5, 'D_layer_units_exponent_5': 5, 'D_dagger_layers': 6, 'D_dagger_layer_units_exponent_0': 9, 'D_dagger_layer_units_exponent_1': 10, 'D_dagger_layer_units_exponent_2': 5, 'D_dagger_layer_units_exponent_3': 9, 'D_dagger_layer_units_exponent_4': 7, 'D_dagger_layer_units_exponent_5': 7, 'log_learning_rate': -3.169063924788805, 'log_learning_rate_D': -4.2893053061371855, 'log_learning_rate_D_dagger': -3.4736290771181397, 'training_batch_size': 6, 'training_p': 5}. Best is trial 273 with value: 0.08999575674533844.
Time for this trial:  614.6556828022003
Memory status after this trial: 
Memory allocated:  1487.8212890625
Memory cached:  1506.0
--------------------  Trial  284   --------------------
Start timing: 
Parameters: 
{'W_layers': 7, 'W_layer_units_exponent_0': 5, 'W_layer_units_exponent_1': 4, 'W_layer_units_exponent_2': 7, 'W_layer_units_exponent_3': 10, 'W_layer_units_exponent_4': 7, 'W_layer_units_exponent_5': 4, 'W_layer_units_exponent_6': 10, 'D_layers': 8, 'D_layer_units_exponent_0': 7, 'D_layer_units_exponent_1': 5, 'D_layer_units_exponent_2': 4, 'D_layer_units_exponent_3': 10, 'D_layer_units_exponent_4': 5, 'D_layer_units_exponent_5': 5, 'D_layer_units_exponent_6': 10, 'D_layer_units_exponent_7': 8, 'D_dagger_layers': 8, 'D_dagger_layer_units_exponent_0': 9, 'D_dagger_layer_units_exponent_1': 10, 'D_dagger_layer_units_exponent_2': 5, 'D_dagger_layer_units_exponent_3': 9, 'D_dagger_layer_units_exponent_4': 6, 'D_dagger_layer_units_exponent_5': 8, 'D_dagger_layer_units_exponent_6': 6, 'D_dagger_layer_units_exponent_7': 6, 'log_learning_rate': -3.512578714126092, 'log_learning_rate_D': -4.366401776690776, 'log_learning_rate_D_dagger': -3.342323160142772, 'training_batch_size': 6, 'training_p': 5}
	 epoch  0 training error:  tensor(0.9268, device='cuda:0', grad_fn=<DivBackward0>)
Memory status after this epoch: 
Memory allocated:  878.01025390625
Memory cached:  1344.0
	 epoch  10 training error:  tensor(0.3697, device='cuda:0', grad_fn=<DivBackward0>)
Memory status after this epoch: 
Memory allocated:  878.01025390625
Memory cached:  1394.0
	 epoch  20 training error:  tensor(0.3180, device='cuda:0', grad_fn=<DivBackward0>)
Memory status after this epoch: 
Memory allocated:  878.01025390625
Memory cached:  1400.0
	 epoch  30 training error:  tensor(0.3027, device='cuda:0', grad_fn=<DivBackward0>)
Memory status after this epoch: 
Memory allocated:  878.01025390625
Memory cached:  1396.0
	 epoch  40 training error:  tensor(0.3021, device='cuda:0', grad_fn=<DivBackward0>)
Memory status after this epoch: 
Memory allocated:  878.01025390625
Memory cached:  1402.0
	 epoch  50 training error:  tensor(0.2913, device='cuda:0', grad_fn=<DivBackward0>)
Memory status after this epoch: 
Memory allocated:  878.01025390625
Memory cached:  1400.0
	 epoch  60 training error:  tensor(0.2885, device='cuda:0', grad_fn=<DivBackward0>)
Memory status after this epoch: 
Memory allocated:  878.01025390625
Memory cached:  1402.0
	 epoch  70 training error:  tensor(0.2802, device='cuda:0', grad_fn=<DivBackward0>)
Memory status after this epoch: 
Memory allocated:  878.01025390625
Memory cached:  1392.0
	 epoch  80 training error:  tensor(0.2838, device='cuda:0', grad_fn=<DivBackward0>)
Memory status after this epoch: 
Memory allocated:  878.01025390625
Memory cached:  1394.0
	 epoch  90 training error:  tensor(0.3092, device='cuda:0', grad_fn=<DivBackward0>)
Memory status after this epoch: 
Memory allocated:  878.01025390625
Memory cached:  1398.0
[I 2024-01-24 21:31:13,291] Trial 284 finished with value: 0.1066361665725708 and parameters: {'W_layers': 7, 'W_layer_units_exponent_0': 5, 'W_layer_units_exponent_1': 4, 'W_layer_units_exponent_2': 7, 'W_layer_units_exponent_3': 10, 'W_layer_units_exponent_4': 7, 'W_layer_units_exponent_5': 4, 'W_layer_units_exponent_6': 10, 'D_layers': 8, 'D_layer_units_exponent_0': 7, 'D_layer_units_exponent_1': 5, 'D_layer_units_exponent_2': 4, 'D_layer_units_exponent_3': 10, 'D_layer_units_exponent_4': 5, 'D_layer_units_exponent_5': 5, 'D_layer_units_exponent_6': 10, 'D_layer_units_exponent_7': 8, 'D_dagger_layers': 8, 'D_dagger_layer_units_exponent_0': 9, 'D_dagger_layer_units_exponent_1': 10, 'D_dagger_layer_units_exponent_2': 5, 'D_dagger_layer_units_exponent_3': 9, 'D_dagger_layer_units_exponent_4': 6, 'D_dagger_layer_units_exponent_5': 8, 'D_dagger_layer_units_exponent_6': 6, 'D_dagger_layer_units_exponent_7': 6, 'log_learning_rate': -3.512578714126092, 'log_learning_rate_D': -4.366401776690776, 'log_learning_rate_D_dagger': -3.342323160142772, 'training_batch_size': 6, 'training_p': 5}. Best is trial 273 with value: 0.08999575674533844.
Time for this trial:  711.286251783371
Memory status after this trial: 
Memory allocated:  1640.0244140625
Memory cached:  1660.0
--------------------  Trial  285   --------------------
Start timing: 
Parameters: 
{'W_layers': 7, 'W_layer_units_exponent_0': 4, 'W_layer_units_exponent_1': 4, 'W_layer_units_exponent_2': 7, 'W_layer_units_exponent_3': 10, 'W_layer_units_exponent_4': 7, 'W_layer_units_exponent_5': 4, 'W_layer_units_exponent_6': 10, 'D_layers': 8, 'D_layer_units_exponent_0': 7, 'D_layer_units_exponent_1': 4, 'D_layer_units_exponent_2': 4, 'D_layer_units_exponent_3': 10, 'D_layer_units_exponent_4': 5, 'D_layer_units_exponent_5': 5, 'D_layer_units_exponent_6': 10, 'D_layer_units_exponent_7': 8, 'D_dagger_layers': 5, 'D_dagger_layer_units_exponent_0': 9, 'D_dagger_layer_units_exponent_1': 10, 'D_dagger_layer_units_exponent_2': 5, 'D_dagger_layer_units_exponent_3': 9, 'D_dagger_layer_units_exponent_4': 6, 'log_learning_rate': -3.5348691007939754, 'log_learning_rate_D': -4.15432765673879, 'log_learning_rate_D_dagger': -3.3447248287699587, 'training_batch_size': 6, 'training_p': 5}
	 epoch  0 training error:  tensor(0.7727, device='cuda:0', grad_fn=<DivBackward0>)
Memory status after this epoch: 
Memory allocated:  877.40087890625
Memory cached:  1356.0
	 epoch  10 training error:  tensor(0.3437, device='cuda:0', grad_fn=<DivBackward0>)
Memory status after this epoch: 
Memory allocated:  877.40087890625
Memory cached:  1396.0
	 epoch  20 training error:  tensor(0.3356, device='cuda:0', grad_fn=<DivBackward0>)
Memory status after this epoch: 
Memory allocated:  877.40087890625
Memory cached:  1390.0
	 epoch  30 training error:  tensor(0.3314, device='cuda:0', grad_fn=<DivBackward0>)
Memory status after this epoch: 
Memory allocated:  877.40087890625
Memory cached:  1394.0
	 epoch  40 training error:  tensor(0.3177, device='cuda:0', grad_fn=<DivBackward0>)
Memory status after this epoch: 
Memory allocated:  877.40087890625
Memory cached:  1394.0
	 epoch  50 training error:  tensor(0.3086, device='cuda:0', grad_fn=<DivBackward0>)
Memory status after this epoch: 
Memory allocated:  877.40087890625
Memory cached:  1390.0
	 epoch  60 training error:  tensor(0.2800, device='cuda:0', grad_fn=<DivBackward0>)
Memory status after this epoch: 
Memory allocated:  877.40087890625
Memory cached:  1394.0
	 epoch  70 training error:  tensor(0.2730, device='cuda:0', grad_fn=<DivBackward0>)
Memory status after this epoch: 
Memory allocated:  877.40087890625
Memory cached:  1392.0
	 epoch  80 training error:  tensor(0.1913, device='cuda:0', grad_fn=<DivBackward0>)
Memory status after this epoch: 
Memory allocated:  877.40087890625
Memory cached:  1388.0
	 epoch  90 training error:  tensor(0.2142, device='cuda:0', grad_fn=<DivBackward0>)
Memory status after this epoch: 
Memory allocated:  877.40087890625
Memory cached:  1390.0
[I 2024-01-24 21:41:57,390] Trial 285 finished with value: 0.14876797795295715 and parameters: {'W_layers': 7, 'W_layer_units_exponent_0': 4, 'W_layer_units_exponent_1': 4, 'W_layer_units_exponent_2': 7, 'W_layer_units_exponent_3': 10, 'W_layer_units_exponent_4': 7, 'W_layer_units_exponent_5': 4, 'W_layer_units_exponent_6': 10, 'D_layers': 8, 'D_layer_units_exponent_0': 7, 'D_layer_units_exponent_1': 4, 'D_layer_units_exponent_2': 4, 'D_layer_units_exponent_3': 10, 'D_layer_units_exponent_4': 5, 'D_layer_units_exponent_5': 5, 'D_layer_units_exponent_6': 10, 'D_layer_units_exponent_7': 8, 'D_dagger_layers': 5, 'D_dagger_layer_units_exponent_0': 9, 'D_dagger_layer_units_exponent_1': 10, 'D_dagger_layer_units_exponent_2': 5, 'D_dagger_layer_units_exponent_3': 9, 'D_dagger_layer_units_exponent_4': 6, 'log_learning_rate': -3.5348691007939754, 'log_learning_rate_D': -4.15432765673879, 'log_learning_rate_D_dagger': -3.3447248287699587, 'training_batch_size': 6, 'training_p': 5}. Best is trial 273 with value: 0.08999575674533844.
Time for this trial:  643.4766013622284
Memory status after this trial: 
Memory allocated:  1595.30322265625
Memory cached:  1614.0
--------------------  Trial  286   --------------------
Start timing: 
Parameters: 
{'W_layers': 7, 'W_layer_units_exponent_0': 5, 'W_layer_units_exponent_1': 4, 'W_layer_units_exponent_2': 7, 'W_layer_units_exponent_3': 10, 'W_layer_units_exponent_4': 7, 'W_layer_units_exponent_5': 4, 'W_layer_units_exponent_6': 10, 'D_layers': 8, 'D_layer_units_exponent_0': 7, 'D_layer_units_exponent_1': 5, 'D_layer_units_exponent_2': 4, 'D_layer_units_exponent_3': 10, 'D_layer_units_exponent_4': 5, 'D_layer_units_exponent_5': 5, 'D_layer_units_exponent_6': 10, 'D_layer_units_exponent_7': 8, 'D_dagger_layers': 8, 'D_dagger_layer_units_exponent_0': 9, 'D_dagger_layer_units_exponent_1': 10, 'D_dagger_layer_units_exponent_2': 5, 'D_dagger_layer_units_exponent_3': 9, 'D_dagger_layer_units_exponent_4': 7, 'D_dagger_layer_units_exponent_5': 8, 'D_dagger_layer_units_exponent_6': 6, 'D_dagger_layer_units_exponent_7': 6, 'log_learning_rate': -2.8702469819854777, 'log_learning_rate_D': -4.2790847307298785, 'log_learning_rate_D_dagger': -3.394953337601134, 'training_batch_size': 6, 'training_p': 5}
	 epoch  0 training error:  tensor(0.8213, device='cuda:0', grad_fn=<DivBackward0>)
Memory status after this epoch: 
Memory allocated:  878.76025390625
Memory cached:  1340.0
	 epoch  10 training error:  tensor(0.3526, device='cuda:0', grad_fn=<DivBackward0>)
Memory status after this epoch: 
Memory allocated:  878.76025390625
Memory cached:  1392.0
	 epoch  20 training error:  tensor(0.3452, device='cuda:0', grad_fn=<DivBackward0>)
Memory status after this epoch: 
Memory allocated:  878.76025390625
Memory cached:  1396.0
	 epoch  30 training error:  tensor(0.3291, device='cuda:0', grad_fn=<DivBackward0>)
Memory status after this epoch: 
Memory allocated:  878.76025390625
Memory cached:  1398.0
	 epoch  40 training error:  tensor(0.3267, device='cuda:0', grad_fn=<DivBackward0>)
Memory status after this epoch: 
Memory allocated:  878.76025390625
Memory cached:  1404.0
	 epoch  50 training error:  tensor(0.3200, device='cuda:0', grad_fn=<DivBackward0>)
Memory status after this epoch: 
Memory allocated:  878.76025390625
Memory cached:  1396.0
	 epoch  60 training error:  tensor(0.3066, device='cuda:0', grad_fn=<DivBackward0>)
Memory status after this epoch: 
Memory allocated:  878.76025390625
Memory cached:  1398.0
	 epoch  70 training error:  tensor(0.3012, device='cuda:0', grad_fn=<DivBackward0>)
Memory status after this epoch: 
Memory allocated:  878.76025390625
Memory cached:  1398.0
	 epoch  80 training error:  tensor(0.2926, device='cuda:0', grad_fn=<DivBackward0>)
Memory status after this epoch: 
Memory allocated:  878.76025390625
Memory cached:  1394.0
	 epoch  90 training error:  tensor(0.3079, device='cuda:0', grad_fn=<DivBackward0>)
Memory status after this epoch: 
Memory allocated:  878.76025390625
Memory cached:  1394.0
[I 2024-01-24 21:53:50,622] Trial 286 finished with value: 0.1510206013917923 and parameters: {'W_layers': 7, 'W_layer_units_exponent_0': 5, 'W_layer_units_exponent_1': 4, 'W_layer_units_exponent_2': 7, 'W_layer_units_exponent_3': 10, 'W_layer_units_exponent_4': 7, 'W_layer_units_exponent_5': 4, 'W_layer_units_exponent_6': 10, 'D_layers': 8, 'D_layer_units_exponent_0': 7, 'D_layer_units_exponent_1': 5, 'D_layer_units_exponent_2': 4, 'D_layer_units_exponent_3': 10, 'D_layer_units_exponent_4': 5, 'D_layer_units_exponent_5': 5, 'D_layer_units_exponent_6': 10, 'D_layer_units_exponent_7': 8, 'D_dagger_layers': 8, 'D_dagger_layer_units_exponent_0': 9, 'D_dagger_layer_units_exponent_1': 10, 'D_dagger_layer_units_exponent_2': 5, 'D_dagger_layer_units_exponent_3': 9, 'D_dagger_layer_units_exponent_4': 7, 'D_dagger_layer_units_exponent_5': 8, 'D_dagger_layer_units_exponent_6': 6, 'D_dagger_layer_units_exponent_7': 6, 'log_learning_rate': -2.8702469819854777, 'log_learning_rate_D': -4.2790847307298785, 'log_learning_rate_D_dagger': -3.394953337601134, 'training_batch_size': 6, 'training_p': 5}. Best is trial 273 with value: 0.08999575674533844.
Time for this trial:  712.5903375148773
Memory status after this trial: 
Memory allocated:  1647.2353515625
Memory cached:  1668.0
--------------------  Trial  287   --------------------
Start timing: 
Parameters: 
{'W_layers': 7, 'W_layer_units_exponent_0': 5, 'W_layer_units_exponent_1': 4, 'W_layer_units_exponent_2': 7, 'W_layer_units_exponent_3': 10, 'W_layer_units_exponent_4': 7, 'W_layer_units_exponent_5': 4, 'W_layer_units_exponent_6': 10, 'D_layers': 8, 'D_layer_units_exponent_0': 7, 'D_layer_units_exponent_1': 5, 'D_layer_units_exponent_2': 4, 'D_layer_units_exponent_3': 10, 'D_layer_units_exponent_4': 5, 'D_layer_units_exponent_5': 5, 'D_layer_units_exponent_6': 10, 'D_layer_units_exponent_7': 8, 'D_dagger_layers': 5, 'D_dagger_layer_units_exponent_0': 9, 'D_dagger_layer_units_exponent_1': 10, 'D_dagger_layer_units_exponent_2': 5, 'D_dagger_layer_units_exponent_3': 9, 'D_dagger_layer_units_exponent_4': 5, 'log_learning_rate': -3.5812586046285904, 'log_learning_rate_D': -4.215317627801413, 'log_learning_rate_D_dagger': -3.7190377012662315, 'training_batch_size': 6, 'training_p': 5}
	 epoch  0 training error:  tensor(0.8327, device='cuda:0', grad_fn=<DivBackward0>)
Memory status after this epoch: 
Memory allocated:  877.18994140625
Memory cached:  1346.0
	 epoch  10 training error:  tensor(0.3385, device='cuda:0', grad_fn=<DivBackward0>)
Memory status after this epoch: 
Memory allocated:  877.18994140625
Memory cached:  1392.0
	 epoch  20 training error:  tensor(0.3220, device='cuda:0', grad_fn=<DivBackward0>)
Memory status after this epoch: 
Memory allocated:  877.18994140625
Memory cached:  1388.0
	 epoch  30 training error:  tensor(0.3287, device='cuda:0', grad_fn=<DivBackward0>)
Memory status after this epoch: 
Memory allocated:  877.18994140625
Memory cached:  1394.0
	 epoch  40 training error:  tensor(0.2990, device='cuda:0', grad_fn=<DivBackward0>)
Memory status after this epoch: 
Memory allocated:  877.18994140625
Memory cached:  1398.0
	 epoch  50 training error:  tensor(0.2964, device='cuda:0', grad_fn=<DivBackward0>)
Memory status after this epoch: 
Memory allocated:  877.18994140625
Memory cached:  1398.0
	 epoch  60 training error:  tensor(0.2963, device='cuda:0', grad_fn=<DivBackward0>)
Memory status after this epoch: 
Memory allocated:  877.18994140625
Memory cached:  1394.0
	 epoch  70 training error:  tensor(0.2934, device='cuda:0', grad_fn=<DivBackward0>)
Memory status after this epoch: 
Memory allocated:  877.18994140625
Memory cached:  1396.0
	 epoch  80 training error:  tensor(0.2889, device='cuda:0', grad_fn=<DivBackward0>)
Memory status after this epoch: 
Memory allocated:  877.18994140625
Memory cached:  1394.0
	 epoch  90 training error:  tensor(0.2923, device='cuda:0', grad_fn=<DivBackward0>)
Memory status after this epoch: 
Memory allocated:  877.18994140625
Memory cached:  1390.0
[I 2024-01-24 22:04:31,275] Trial 287 finished with value: 0.16602981090545654 and parameters: {'W_layers': 7, 'W_layer_units_exponent_0': 5, 'W_layer_units_exponent_1': 4, 'W_layer_units_exponent_2': 7, 'W_layer_units_exponent_3': 10, 'W_layer_units_exponent_4': 7, 'W_layer_units_exponent_5': 4, 'W_layer_units_exponent_6': 10, 'D_layers': 8, 'D_layer_units_exponent_0': 7, 'D_layer_units_exponent_1': 5, 'D_layer_units_exponent_2': 4, 'D_layer_units_exponent_3': 10, 'D_layer_units_exponent_4': 5, 'D_layer_units_exponent_5': 5, 'D_layer_units_exponent_6': 10, 'D_layer_units_exponent_7': 8, 'D_dagger_layers': 5, 'D_dagger_layer_units_exponent_0': 9, 'D_dagger_layer_units_exponent_1': 10, 'D_dagger_layer_units_exponent_2': 5, 'D_dagger_layer_units_exponent_3': 9, 'D_dagger_layer_units_exponent_4': 5, 'log_learning_rate': -3.5812586046285904, 'log_learning_rate_D': -4.215317627801413, 'log_learning_rate_D_dagger': -3.7190377012662315, 'training_batch_size': 6, 'training_p': 5}. Best is trial 273 with value: 0.08999575674533844.
Time for this trial:  639.9861190319061
Memory status after this trial: 
Memory allocated:  1595.6689453125
Memory cached:  1614.0
--------------------  Trial  288   --------------------
Start timing: 
Parameters: 
{'W_layers': 7, 'W_layer_units_exponent_0': 5, 'W_layer_units_exponent_1': 4, 'W_layer_units_exponent_2': 7, 'W_layer_units_exponent_3': 10, 'W_layer_units_exponent_4': 7, 'W_layer_units_exponent_5': 4, 'W_layer_units_exponent_6': 10, 'D_layers': 8, 'D_layer_units_exponent_0': 7, 'D_layer_units_exponent_1': 5, 'D_layer_units_exponent_2': 4, 'D_layer_units_exponent_3': 10, 'D_layer_units_exponent_4': 5, 'D_layer_units_exponent_5': 9, 'D_layer_units_exponent_6': 10, 'D_layer_units_exponent_7': 9, 'D_dagger_layers': 7, 'D_dagger_layer_units_exponent_0': 9, 'D_dagger_layer_units_exponent_1': 10, 'D_dagger_layer_units_exponent_2': 5, 'D_dagger_layer_units_exponent_3': 9, 'D_dagger_layer_units_exponent_4': 8, 'D_dagger_layer_units_exponent_5': 9, 'D_dagger_layer_units_exponent_6': 5, 'log_learning_rate': -3.3201443262824553, 'log_learning_rate_D': -4.387706412767854, 'log_learning_rate_D_dagger': -3.340771948350111, 'training_batch_size': 6, 'training_p': 5}
	 epoch  0 training error:  tensor(0.8051, device='cuda:0', grad_fn=<DivBackward0>)
Memory status after this epoch: 
Memory allocated:  892.94970703125
Memory cached:  1362.0
	 epoch  10 training error:  tensor(0.3695, device='cuda:0', grad_fn=<DivBackward0>)
Memory status after this epoch: 
Memory allocated:  892.94970703125
Memory cached:  1430.0
	 epoch  20 training error:  tensor(0.3491, device='cuda:0', grad_fn=<DivBackward0>)
Memory status after this epoch: 
Memory allocated:  892.94970703125
Memory cached:  1432.0
	 epoch  30 training error:  tensor(0.3158, device='cuda:0', grad_fn=<DivBackward0>)
Memory status after this epoch: 
Memory allocated:  892.94970703125
Memory cached:  1432.0
	 epoch  40 training error:  tensor(0.3174, device='cuda:0', grad_fn=<DivBackward0>)
Memory status after this epoch: 
Memory allocated:  892.94970703125
Memory cached:  1436.0
	 epoch  50 training error:  tensor(0.3161, device='cuda:0', grad_fn=<DivBackward0>)
Memory status after this epoch: 
Memory allocated:  892.94970703125
Memory cached:  1436.0
	 epoch  60 training error:  tensor(0.3288, device='cuda:0', grad_fn=<DivBackward0>)
Memory status after this epoch: 
Memory allocated:  892.94970703125
Memory cached:  1428.0
	 epoch  70 training error:  tensor(0.2945, device='cuda:0', grad_fn=<DivBackward0>)
Memory status after this epoch: 
Memory allocated:  892.94970703125
Memory cached:  1430.0
	 epoch  80 training error:  tensor(0.2986, device='cuda:0', grad_fn=<DivBackward0>)
Memory status after this epoch: 
Memory allocated:  892.94970703125
Memory cached:  1426.0
	 epoch  90 training error:  tensor(0.2982, device='cuda:0', grad_fn=<DivBackward0>)
Memory status after this epoch: 
Memory allocated:  892.94970703125
Memory cached:  1438.0
