[I 2024-01-14 00:05:41,790] Trial 66 finished with value: 0.09056298434734344 and parameters: {'W_layers': 5, 'W_layer_units_exponent_0': 5, 'W_layer_units_exponent_1': 4, 'W_layer_units_exponent_2': 8, 'W_layer_units_exponent_3': 7, 'W_layer_units_exponent_4': 7, 'D_layers': 3, 'D_layer_units_exponent_0': 10, 'D_layer_units_exponent_1': 4, 'D_layer_units_exponent_2': 10, 'D_dagger_layers': 7, 'D_dagger_layer_units_exponent_0': 10, 'D_dagger_layer_units_exponent_1': 9, 'D_dagger_layer_units_exponent_2': 6, 'D_dagger_layer_units_exponent_3': 4, 'D_dagger_layer_units_exponent_4': 5, 'D_dagger_layer_units_exponent_5': 9, 'D_dagger_layer_units_exponent_6': 7, 'log_learning_rate': -1.3922059056764802, 'log_learning_rate_D': -3.6888878439941912, 'log_learning_rate_D_dagger': -2.915948267956813, 'training_batch_size': 11, 'training_p': 5}. Best is trial 33 with value: 0.08818560093641281.
Time for this trial:  57.052268743515015
Memory status after this trial: 
Memory allocated:  571.37255859375
Memory cached:  596.0
--------------------  Trial  67   --------------------
Start timing: 
Parameters: 
{'W_layers': 3, 'W_layer_units_exponent_0': 4, 'W_layer_units_exponent_1': 5, 'W_layer_units_exponent_2': 9, 'D_layers': 6, 'D_layer_units_exponent_0': 10, 'D_layer_units_exponent_1': 5, 'D_layer_units_exponent_2': 6, 'D_layer_units_exponent_3': 8, 'D_layer_units_exponent_4': 6, 'D_layer_units_exponent_5': 10, 'D_dagger_layers': 7, 'D_dagger_layer_units_exponent_0': 10, 'D_dagger_layer_units_exponent_1': 9, 'D_dagger_layer_units_exponent_2': 5, 'D_dagger_layer_units_exponent_3': 5, 'D_dagger_layer_units_exponent_4': 4, 'D_dagger_layer_units_exponent_5': 8, 'D_dagger_layer_units_exponent_6': 6, 'log_learning_rate': -1.9044224087076023, 'log_learning_rate_D': -4.037815126772522, 'log_learning_rate_D_dagger': -3.2436367868907166, 'training_batch_size': 12, 'training_p': 2}
	 epoch  0 training error:  tensor(0.8351, device='cuda:0', grad_fn=<DivBackward0>)
Memory status after this epoch: 
Memory allocated:  268.3251953125
Memory cached:  382.0
	 epoch  10 training error:  tensor(0.5235, device='cuda:0', grad_fn=<DivBackward0>)
Memory status after this epoch: 
Memory allocated:  268.3251953125
Memory cached:  382.0
	 epoch  20 training error:  tensor(0.1801, device='cuda:0', grad_fn=<DivBackward0>)
Memory status after this epoch: 
Memory allocated:  268.3251953125
Memory cached:  382.0
	 epoch  30 training error:  tensor(0.1414, device='cuda:0', grad_fn=<DivBackward0>)
Memory status after this epoch: 
Memory allocated:  268.3251953125
Memory cached:  382.0
	 epoch  40 training error:  tensor(0.1117, device='cuda:0', grad_fn=<DivBackward0>)
Memory status after this epoch: 
Memory allocated:  268.3251953125
Memory cached:  382.0
	 epoch  50 training error:  tensor(0.1415, device='cuda:0', grad_fn=<DivBackward0>)
Memory status after this epoch: 
Memory allocated:  268.3251953125
Memory cached:  382.0
	 epoch  60 training error:  tensor(0.1565, device='cuda:0', grad_fn=<DivBackward0>)
Memory status after this epoch: 
Memory allocated:  268.3251953125
Memory cached:  382.0
	 epoch  70 training error:  tensor(0.1254, device='cuda:0', grad_fn=<DivBackward0>)
Memory status after this epoch: 
Memory allocated:  268.3251953125
Memory cached:  382.0
	 epoch  80 training error:  tensor(0.0857, device='cuda:0', grad_fn=<DivBackward0>)
Memory status after this epoch: 
Memory allocated:  268.3251953125
Memory cached:  382.0
	 epoch  90 training error:  tensor(0.0870, device='cuda:0', grad_fn=<DivBackward0>)
Memory status after this epoch: 
Memory allocated:  268.3251953125
Memory cached:  382.0
[I 2024-01-14 00:06:36,489] Trial 67 finished with value: 0.08929091691970825 and parameters: {'W_layers': 3, 'W_layer_units_exponent_0': 4, 'W_layer_units_exponent_1': 5, 'W_layer_units_exponent_2': 9, 'D_layers': 6, 'D_layer_units_exponent_0': 10, 'D_layer_units_exponent_1': 5, 'D_layer_units_exponent_2': 6, 'D_layer_units_exponent_3': 8, 'D_layer_units_exponent_4': 6, 'D_layer_units_exponent_5': 10, 'D_dagger_layers': 7, 'D_dagger_layer_units_exponent_0': 10, 'D_dagger_layer_units_exponent_1': 9, 'D_dagger_layer_units_exponent_2': 5, 'D_dagger_layer_units_exponent_3': 5, 'D_dagger_layer_units_exponent_4': 4, 'D_dagger_layer_units_exponent_5': 8, 'D_dagger_layer_units_exponent_6': 6, 'log_learning_rate': -1.9044224087076023, 'log_learning_rate_D': -4.037815126772522, 'log_learning_rate_D_dagger': -3.2436367868907166, 'training_batch_size': 12, 'training_p': 2}. Best is trial 33 with value: 0.08818560093641281.
Time for this trial:  54.3353796005249
Memory status after this trial: 
Memory allocated:  527.08056640625
Memory cached:  556.0
--------------------  Trial  68   --------------------
Start timing: 
Parameters: 
{'W_layers': 8, 'W_layer_units_exponent_0': 5, 'W_layer_units_exponent_1': 4, 'W_layer_units_exponent_2': 7, 'W_layer_units_exponent_3': 9, 'W_layer_units_exponent_4': 9, 'W_layer_units_exponent_5': 8, 'W_layer_units_exponent_6': 7, 'W_layer_units_exponent_7': 7, 'D_layers': 2, 'D_layer_units_exponent_0': 10, 'D_layer_units_exponent_1': 9, 'D_dagger_layers': 5, 'D_dagger_layer_units_exponent_0': 10, 'D_dagger_layer_units_exponent_1': 10, 'D_dagger_layer_units_exponent_2': 7, 'D_dagger_layer_units_exponent_3': 6, 'D_dagger_layer_units_exponent_4': 5, 'log_learning_rate': -2.131047647916871, 'log_learning_rate_D': -3.933677567052115, 'log_learning_rate_D_dagger': -3.4880189432670994, 'training_batch_size': 11, 'training_p': 3}
	 epoch  0 training error:  tensor(1.0342, device='cuda:0', grad_fn=<DivBackward0>)
Memory status after this epoch: 
Memory allocated:  287.53564453125
Memory cached:  382.0
	 epoch  10 training error:  tensor(0.5994, device='cuda:0', grad_fn=<DivBackward0>)
Memory status after this epoch: 
Memory allocated:  287.53564453125
Memory cached:  382.0
	 epoch  20 training error:  tensor(0.1866, device='cuda:0', grad_fn=<DivBackward0>)
Memory status after this epoch: 
Memory allocated:  287.53564453125
Memory cached:  382.0
	 epoch  30 training error:  tensor(0.1298, device='cuda:0', grad_fn=<DivBackward0>)
Memory status after this epoch: 
Memory allocated:  287.53564453125
Memory cached:  382.0
	 epoch  40 training error:  tensor(0.0994, device='cuda:0', grad_fn=<DivBackward0>)
Memory status after this epoch: 
Memory allocated:  287.53564453125
Memory cached:  382.0
	 epoch  50 training error:  tensor(0.0991, device='cuda:0', grad_fn=<DivBackward0>)
Memory status after this epoch: 
Memory allocated:  287.53564453125
Memory cached:  382.0
	 epoch  60 training error:  tensor(0.0970, device='cuda:0', grad_fn=<DivBackward0>)
Memory status after this epoch: 
Memory allocated:  287.53564453125
Memory cached:  382.0
	 epoch  70 training error:  tensor(0.0958, device='cuda:0', grad_fn=<DivBackward0>)
Memory status after this epoch: 
Memory allocated:  287.53564453125
Memory cached:  382.0
	 epoch  80 training error:  tensor(0.0958, device='cuda:0', grad_fn=<DivBackward0>)
Memory status after this epoch: 
Memory allocated:  287.53564453125
Memory cached:  382.0
	 epoch  90 training error:  tensor(0.0957, device='cuda:0', grad_fn=<DivBackward0>)
Memory status after this epoch: 
Memory allocated:  287.53564453125
Memory cached:  382.0
[I 2024-01-14 00:07:28,909] Trial 68 finished with value: 0.089354008436203 and parameters: {'W_layers': 8, 'W_layer_units_exponent_0': 5, 'W_layer_units_exponent_1': 4, 'W_layer_units_exponent_2': 7, 'W_layer_units_exponent_3': 9, 'W_layer_units_exponent_4': 9, 'W_layer_units_exponent_5': 8, 'W_layer_units_exponent_6': 7, 'W_layer_units_exponent_7': 7, 'D_layers': 2, 'D_layer_units_exponent_0': 10, 'D_layer_units_exponent_1': 9, 'D_dagger_layers': 5, 'D_dagger_layer_units_exponent_0': 10, 'D_dagger_layer_units_exponent_1': 10, 'D_dagger_layer_units_exponent_2': 7, 'D_dagger_layer_units_exponent_3': 6, 'D_dagger_layer_units_exponent_4': 5, 'log_learning_rate': -2.131047647916871, 'log_learning_rate_D': -3.933677567052115, 'log_learning_rate_D_dagger': -3.4880189432670994, 'training_batch_size': 11, 'training_p': 3}. Best is trial 33 with value: 0.08818560093641281.
Time for this trial:  52.08655261993408
Memory status after this trial: 
Memory allocated:  704.90576171875
Memory cached:  740.0
--------------------  Trial  69   --------------------
Start timing: 
Parameters: 
{'W_layers': 4, 'W_layer_units_exponent_0': 4, 'W_layer_units_exponent_1': 5, 'W_layer_units_exponent_2': 8, 'W_layer_units_exponent_3': 8, 'D_layers': 2, 'D_layer_units_exponent_0': 4, 'D_layer_units_exponent_1': 6, 'D_dagger_layers': 6, 'D_dagger_layer_units_exponent_0': 9, 'D_dagger_layer_units_exponent_1': 9, 'D_dagger_layer_units_exponent_2': 6, 'D_dagger_layer_units_exponent_3': 4, 'D_dagger_layer_units_exponent_4': 7, 'D_dagger_layer_units_exponent_5': 10, 'log_learning_rate': -1.7161144102185086, 'log_learning_rate_D': -3.7879139243603808, 'log_learning_rate_D_dagger': -3.788386958059684, 'training_batch_size': 11, 'training_p': 2}
	 epoch  0 training error:  tensor(0.9790, device='cuda:0', grad_fn=<DivBackward0>)
Memory status after this epoch: 
Memory allocated:  265.7578125
Memory cached:  382.0
	 epoch  10 training error:  tensor(0.7973, device='cuda:0', grad_fn=<DivBackward0>)
Memory status after this epoch: 
Memory allocated:  265.7578125
Memory cached:  382.0
	 epoch  20 training error:  tensor(0.2928, device='cuda:0', grad_fn=<DivBackward0>)
Memory status after this epoch: 
Memory allocated:  265.7578125
Memory cached:  382.0
	 epoch  30 training error:  tensor(0.1782, device='cuda:0', grad_fn=<DivBackward0>)
Memory status after this epoch: 
Memory allocated:  265.7578125
Memory cached:  382.0
	 epoch  40 training error:  tensor(0.1256, device='cuda:0', grad_fn=<DivBackward0>)
Memory status after this epoch: 
Memory allocated:  265.7578125
Memory cached:  382.0
	 epoch  50 training error:  tensor(0.0928, device='cuda:0', grad_fn=<DivBackward0>)
Memory status after this epoch: 
Memory allocated:  265.7578125
Memory cached:  382.0
	 epoch  60 training error:  tensor(0.0867, device='cuda:0', grad_fn=<DivBackward0>)
Memory status after this epoch: 
Memory allocated:  265.7578125
Memory cached:  382.0
	 epoch  70 training error:  tensor(0.0846, device='cuda:0', grad_fn=<DivBackward0>)
Memory status after this epoch: 
Memory allocated:  265.7578125
Memory cached:  382.0
	 epoch  80 training error:  tensor(0.0838, device='cuda:0', grad_fn=<DivBackward0>)
Memory status after this epoch: 
Memory allocated:  265.7578125
Memory cached:  382.0
	 epoch  90 training error:  tensor(0.0832, device='cuda:0', grad_fn=<DivBackward0>)
Memory status after this epoch: 
Memory allocated:  265.7578125
Memory cached:  382.0
[I 2024-01-14 00:07:55,106] Trial 69 finished with value: 0.0886872261762619 and parameters: {'W_layers': 4, 'W_layer_units_exponent_0': 4, 'W_layer_units_exponent_1': 5, 'W_layer_units_exponent_2': 8, 'W_layer_units_exponent_3': 8, 'D_layers': 2, 'D_layer_units_exponent_0': 4, 'D_layer_units_exponent_1': 6, 'D_dagger_layers': 6, 'D_dagger_layer_units_exponent_0': 9, 'D_dagger_layer_units_exponent_1': 9, 'D_dagger_layer_units_exponent_2': 6, 'D_dagger_layer_units_exponent_3': 4, 'D_dagger_layer_units_exponent_4': 7, 'D_dagger_layer_units_exponent_5': 10, 'log_learning_rate': -1.7161144102185086, 'log_learning_rate_D': -3.7879139243603808, 'log_learning_rate_D_dagger': -3.788386958059684, 'training_batch_size': 11, 'training_p': 2}. Best is trial 33 with value: 0.08818560093641281.
Time for this trial:  25.86350178718567
Memory status after this trial: 
Memory allocated:  550.64111328125
Memory cached:  584.0
--------------------  Trial  70   --------------------
Start timing: 
Parameters: 
{'W_layers': 2, 'W_layer_units_exponent_0': 4, 'W_layer_units_exponent_1': 4, 'D_layers': 3, 'D_layer_units_exponent_0': 10, 'D_layer_units_exponent_1': 4, 'D_layer_units_exponent_2': 7, 'D_dagger_layers': 6, 'D_dagger_layer_units_exponent_0': 10, 'D_dagger_layer_units_exponent_1': 8, 'D_dagger_layer_units_exponent_2': 5, 'D_dagger_layer_units_exponent_3': 5, 'D_dagger_layer_units_exponent_4': 4, 'D_dagger_layer_units_exponent_5': 9, 'log_learning_rate': -1.5564138680868465, 'log_learning_rate_D': -4.207776013192818, 'log_learning_rate_D_dagger': -3.046426111321641, 'training_batch_size': 10, 'training_p': 2}
	 epoch  0 training error:  tensor(0.9858, device='cuda:0', grad_fn=<DivBackward0>)
Memory status after this epoch: 
Memory allocated:  262.412109375
Memory cached:  384.0
	 epoch  10 training error:  tensor(0.1530, device='cuda:0', grad_fn=<DivBackward0>)
Memory status after this epoch: 
Memory allocated:  262.412109375
Memory cached:  384.0
	 epoch  20 training error:  tensor(0.1052, device='cuda:0', grad_fn=<DivBackward0>)
Memory status after this epoch: 
Memory allocated:  262.412109375
Memory cached:  384.0
	 epoch  30 training error:  tensor(0.1074, device='cuda:0', grad_fn=<DivBackward0>)
Memory status after this epoch: 
Memory allocated:  262.412109375
Memory cached:  384.0
	 epoch  40 training error:  tensor(0.0861, device='cuda:0', grad_fn=<DivBackward0>)
Memory status after this epoch: 
Memory allocated:  262.412109375
Memory cached:  384.0
	 epoch  50 training error:  tensor(0.0874, device='cuda:0', grad_fn=<DivBackward0>)
Memory status after this epoch: 
Memory allocated:  262.412109375
Memory cached:  384.0
	 epoch  60 training error:  tensor(0.0887, device='cuda:0', grad_fn=<DivBackward0>)
Memory status after this epoch: 
Memory allocated:  262.412109375
Memory cached:  384.0
	 epoch  70 training error:  tensor(0.0890, device='cuda:0', grad_fn=<DivBackward0>)
Memory status after this epoch: 
Memory allocated:  262.412109375
Memory cached:  384.0
	 epoch  80 training error:  tensor(0.0863, device='cuda:0', grad_fn=<DivBackward0>)
Memory status after this epoch: 
Memory allocated:  262.412109375
Memory cached:  384.0
	 epoch  90 training error:  tensor(0.0839, device='cuda:0', grad_fn=<DivBackward0>)
Memory status after this epoch: 
Memory allocated:  262.412109375
Memory cached:  384.0
[I 2024-01-14 00:08:33,524] Trial 70 finished with value: 0.0890917032957077 and parameters: {'W_layers': 2, 'W_layer_units_exponent_0': 4, 'W_layer_units_exponent_1': 4, 'D_layers': 3, 'D_layer_units_exponent_0': 10, 'D_layer_units_exponent_1': 4, 'D_layer_units_exponent_2': 7, 'D_dagger_layers': 6, 'D_dagger_layer_units_exponent_0': 10, 'D_dagger_layer_units_exponent_1': 8, 'D_dagger_layer_units_exponent_2': 5, 'D_dagger_layer_units_exponent_3': 5, 'D_dagger_layer_units_exponent_4': 4, 'D_dagger_layer_units_exponent_5': 9, 'log_learning_rate': -1.5564138680868465, 'log_learning_rate_D': -4.207776013192818, 'log_learning_rate_D_dagger': -3.046426111321641, 'training_batch_size': 10, 'training_p': 2}. Best is trial 33 with value: 0.08818560093641281.
Time for this trial:  38.129143476486206
Memory status after this trial: 
Memory allocated:  460.93310546875
Memory cached:  500.0
--------------------  Trial  71   --------------------
Start timing: 
Parameters: 
{'W_layers': 3, 'W_layer_units_exponent_0': 4, 'W_layer_units_exponent_1': 4, 'W_layer_units_exponent_2': 9, 'D_layers': 7, 'D_layer_units_exponent_0': 9, 'D_layer_units_exponent_1': 5, 'D_layer_units_exponent_2': 7, 'D_layer_units_exponent_3': 9, 'D_layer_units_exponent_4': 5, 'D_layer_units_exponent_5': 5, 'D_layer_units_exponent_6': 7, 'D_dagger_layers': 4, 'D_dagger_layer_units_exponent_0': 9, 'D_dagger_layer_units_exponent_1': 8, 'D_dagger_layer_units_exponent_2': 5, 'D_dagger_layer_units_exponent_3': 4, 'log_learning_rate': -1.4981562626093152, 'log_learning_rate_D': -3.633458035552617, 'log_learning_rate_D_dagger': -3.3791934839731095, 'training_batch_size': 9, 'training_p': 2}
	 epoch  0 training error:  tensor(0.9262, device='cuda:0', grad_fn=<DivBackward0>)
Memory status after this epoch: 
Memory allocated:  260.72021484375
Memory cached:  384.0
	 epoch  10 training error:  tensor(0.3498, device='cuda:0', grad_fn=<DivBackward0>)
Memory status after this epoch: 
Memory allocated:  260.72021484375
Memory cached:  384.0
	 epoch  20 training error:  tensor(0.1836, device='cuda:0', grad_fn=<DivBackward0>)
Memory status after this epoch: 
Memory allocated:  260.72021484375
Memory cached:  384.0
	 epoch  30 training error:  tensor(0.1168, device='cuda:0', grad_fn=<DivBackward0>)
Memory status after this epoch: 
Memory allocated:  260.72021484375
Memory cached:  384.0
	 epoch  40 training error:  tensor(0.0971, device='cuda:0', grad_fn=<DivBackward0>)
Memory status after this epoch: 
Memory allocated:  260.72021484375
Memory cached:  384.0
	 epoch  50 training error:  tensor(0.0867, device='cuda:0', grad_fn=<DivBackward0>)
Memory status after this epoch: 
Memory allocated:  260.72021484375
Memory cached:  384.0
	 epoch  60 training error:  tensor(0.0839, device='cuda:0', grad_fn=<DivBackward0>)
Memory status after this epoch: 
Memory allocated:  260.72021484375
Memory cached:  384.0
	 epoch  70 training error:  tensor(0.0833, device='cuda:0', grad_fn=<DivBackward0>)
Memory status after this epoch: 
Memory allocated:  260.72021484375
Memory cached:  384.0
	 epoch  80 training error:  tensor(0.0834, device='cuda:0', grad_fn=<DivBackward0>)
Memory status after this epoch: 
Memory allocated:  260.72021484375
Memory cached:  384.0
	 epoch  90 training error:  tensor(0.0832, device='cuda:0', grad_fn=<DivBackward0>)
Memory status after this epoch: 
Memory allocated:  260.72021484375
Memory cached:  384.0
[I 2024-01-14 00:09:11,044] Trial 71 finished with value: 0.08849578350782394 and parameters: {'W_layers': 3, 'W_layer_units_exponent_0': 4, 'W_layer_units_exponent_1': 4, 'W_layer_units_exponent_2': 9, 'D_layers': 7, 'D_layer_units_exponent_0': 9, 'D_layer_units_exponent_1': 5, 'D_layer_units_exponent_2': 7, 'D_layer_units_exponent_3': 9, 'D_layer_units_exponent_4': 5, 'D_layer_units_exponent_5': 5, 'D_layer_units_exponent_6': 7, 'D_dagger_layers': 4, 'D_dagger_layer_units_exponent_0': 9, 'D_dagger_layer_units_exponent_1': 8, 'D_dagger_layer_units_exponent_2': 5, 'D_dagger_layer_units_exponent_3': 4, 'log_learning_rate': -1.4981562626093152, 'log_learning_rate_D': -3.633458035552617, 'log_learning_rate_D_dagger': -3.3791934839731095, 'training_batch_size': 9, 'training_p': 2}. Best is trial 33 with value: 0.08818560093641281.
Time for this trial:  37.203755140304565
Memory status after this trial: 
Memory allocated:  399.93603515625
Memory cached:  440.0
--------------------  Trial  72   --------------------
Start timing: 
Parameters: 
{'W_layers': 3, 'W_layer_units_exponent_0': 4, 'W_layer_units_exponent_1': 4, 'W_layer_units_exponent_2': 9, 'D_layers': 2, 'D_layer_units_exponent_0': 9, 'D_layer_units_exponent_1': 5, 'D_dagger_layers': 5, 'D_dagger_layer_units_exponent_0': 10, 'D_dagger_layer_units_exponent_1': 7, 'D_dagger_layer_units_exponent_2': 5, 'D_dagger_layer_units_exponent_3': 4, 'D_dagger_layer_units_exponent_4': 8, 'log_learning_rate': -1.2437727203982243, 'log_learning_rate_D': -3.422951083451196, 'log_learning_rate_D_dagger': -3.2062902432721505, 'training_batch_size': 10, 'training_p': 2}
	 epoch  0 training error:  tensor(0.9913, device='cuda:0', grad_fn=<DivBackward0>)
Memory status after this epoch: 
Memory allocated:  260.38818359375
Memory cached:  382.0
	 epoch  10 training error:  tensor(1.3824, device='cuda:0', grad_fn=<DivBackward0>)
Memory status after this epoch: 
Memory allocated:  260.38818359375
Memory cached:  382.0
	 epoch  20 training error:  tensor(0.5564, device='cuda:0', grad_fn=<DivBackward0>)
Memory status after this epoch: 
Memory allocated:  260.38818359375
Memory cached:  382.0
	 epoch  30 training error:  tensor(0.2652, device='cuda:0', grad_fn=<DivBackward0>)
Memory status after this epoch: 
Memory allocated:  260.38818359375
Memory cached:  382.0
	 epoch  40 training error:  tensor(0.1288, device='cuda:0', grad_fn=<DivBackward0>)
Memory status after this epoch: 
Memory allocated:  260.38818359375
Memory cached:  382.0
	 epoch  50 training error:  tensor(0.1006, device='cuda:0', grad_fn=<DivBackward0>)
Memory status after this epoch: 
Memory allocated:  260.38818359375
Memory cached:  382.0
	 epoch  60 training error:  tensor(0.0869, device='cuda:0', grad_fn=<DivBackward0>)
Memory status after this epoch: 
Memory allocated:  260.38818359375
Memory cached:  382.0
	 epoch  70 training error:  tensor(0.0852, device='cuda:0', grad_fn=<DivBackward0>)
Memory status after this epoch: 
Memory allocated:  260.38818359375
Memory cached:  382.0
	 epoch  80 training error:  tensor(0.0836, device='cuda:0', grad_fn=<DivBackward0>)
Memory status after this epoch: 
Memory allocated:  260.38818359375
Memory cached:  382.0
	 epoch  90 training error:  tensor(0.0835, device='cuda:0', grad_fn=<DivBackward0>)
Memory status after this epoch: 
Memory allocated:  260.38818359375
Memory cached:  382.0
