[I 2023-12-04 01:09:14,215] Trial 13 finished with value: 0.7416028380393982 and parameters: {'W_layers': 6, 'W_layer_units_exponent_0': 8, 'W_layer_units_exponent_1': 6, 'W_layer_units_exponent_2': 5, 'W_layer_units_exponent_3': 4, 'W_layer_units_exponent_4': 6, 'W_layer_units_exponent_5': 5, 'D_layers': 5, 'D_layer_units_exponent_0': 7, 'D_layer_units_exponent_1': 6, 'D_layer_units_exponent_2': 5, 'D_layer_units_exponent_3': 6, 'D_layer_units_exponent_4': 10, 'log_learning_rate': -4.442249713509847, 'log_learning_rate_D': -4.520035594878997, 'training_batch_size': 12, 'training_p': 2}. Best is trial 8 with value: 0.011548519134521484.
Time for this trial:  46.305018186569214
Memory status after this trial: 
Memory allocated:  82.31689453125
Memory cached:  106.0
--------------------  Trial  14   --------------------
Start timing: 
Parameters: 
{'W_layers': 8, 'W_layer_units_exponent_0': 4, 'W_layer_units_exponent_1': 10, 'W_layer_units_exponent_2': 4, 'W_layer_units_exponent_3': 10, 'W_layer_units_exponent_4': 4, 'W_layer_units_exponent_5': 4, 'W_layer_units_exponent_6': 5, 'W_layer_units_exponent_7': 9, 'D_layers': 4, 'D_layer_units_exponent_0': 10, 'D_layer_units_exponent_1': 8, 'D_layer_units_exponent_2': 10, 'D_layer_units_exponent_3': 4, 'log_learning_rate': -4.894548719558935, 'log_learning_rate_D': -1.0500844450364402, 'training_batch_size': 9, 'training_p': 5}
	 epoch  0 training error:  tensor(1.0047, device='cuda:0', grad_fn=<DivBackward0>)
Memory status after this epoch: 
Memory allocated:  50.67822265625
Memory cached:  106.0
[W 2023-12-04 01:09:16,248] Trial 14 failed with parameters: {'W_layers': 8, 'W_layer_units_exponent_0': 4, 'W_layer_units_exponent_1': 10, 'W_layer_units_exponent_2': 4, 'W_layer_units_exponent_3': 10, 'W_layer_units_exponent_4': 4, 'W_layer_units_exponent_5': 4, 'W_layer_units_exponent_6': 5, 'W_layer_units_exponent_7': 9, 'D_layers': 4, 'D_layer_units_exponent_0': 10, 'D_layer_units_exponent_1': 8, 'D_layer_units_exponent_2': 10, 'D_layer_units_exponent_3': 4, 'log_learning_rate': -4.894548719558935, 'log_learning_rate_D': -1.0500844450364402, 'training_batch_size': 9, 'training_p': 5} because of the following error: The value nan is not acceptable.
[W 2023-12-04 01:09:16,249] Trial 14 failed with value tensor(nan, device='cuda:0', grad_fn=<DivBackward0>).
Time for this trial:  1.8483397960662842
Memory status after this trial: 
Memory allocated:  159.64208984375
Memory cached:  166.0
--------------------  Trial  15   --------------------
Start timing: 
Parameters: 
{'W_layers': 8, 'W_layer_units_exponent_0': 4, 'W_layer_units_exponent_1': 4, 'W_layer_units_exponent_2': 4, 'W_layer_units_exponent_3': 10, 'W_layer_units_exponent_4': 4, 'W_layer_units_exponent_5': 4, 'W_layer_units_exponent_6': 5, 'W_layer_units_exponent_7': 9, 'D_layers': 4, 'D_layer_units_exponent_0': 10, 'D_layer_units_exponent_1': 8, 'D_layer_units_exponent_2': 10, 'D_layer_units_exponent_3': 10, 'log_learning_rate': -4.951462501449184, 'log_learning_rate_D': -1.048471952535062, 'training_batch_size': 9, 'training_p': 5}
	 epoch  0 training error:  tensor(1.0338, device='cuda:0', grad_fn=<DivBackward0>)
Memory status after this epoch: 
Memory allocated:  65.99658203125
Memory cached:  124.0
[W 2023-12-04 01:09:18,312] Trial 15 failed with parameters: {'W_layers': 8, 'W_layer_units_exponent_0': 4, 'W_layer_units_exponent_1': 4, 'W_layer_units_exponent_2': 4, 'W_layer_units_exponent_3': 10, 'W_layer_units_exponent_4': 4, 'W_layer_units_exponent_5': 4, 'W_layer_units_exponent_6': 5, 'W_layer_units_exponent_7': 9, 'D_layers': 4, 'D_layer_units_exponent_0': 10, 'D_layer_units_exponent_1': 8, 'D_layer_units_exponent_2': 10, 'D_layer_units_exponent_3': 10, 'log_learning_rate': -4.951462501449184, 'log_learning_rate_D': -1.048471952535062, 'training_batch_size': 9, 'training_p': 5} because of the following error: The value nan is not acceptable.
[W 2023-12-04 01:09:18,313] Trial 15 failed with value tensor(nan, device='cuda:0', grad_fn=<DivBackward0>).
Time for this trial:  1.8785254955291748
Memory status after this trial: 
Memory allocated:  167.0712890625
Memory cached:  184.0
--------------------  Trial  16   --------------------
Start timing: 
Parameters: 
{'W_layers': 8, 'W_layer_units_exponent_0': 5, 'W_layer_units_exponent_1': 4, 'W_layer_units_exponent_2': 4, 'W_layer_units_exponent_3': 10, 'W_layer_units_exponent_4': 4, 'W_layer_units_exponent_5': 4, 'W_layer_units_exponent_6': 5, 'W_layer_units_exponent_7': 9, 'D_layers': 4, 'D_layer_units_exponent_0': 10, 'D_layer_units_exponent_1': 8, 'D_layer_units_exponent_2': 10, 'D_layer_units_exponent_3': 10, 'log_learning_rate': -4.91373344933208, 'log_learning_rate_D': -1.1281588578055546, 'training_batch_size': 9, 'training_p': 5}
	 epoch  0 training error:  tensor(1.0298, device='cuda:0', grad_fn=<DivBackward0>)
Memory status after this epoch: 
Memory allocated:  66.00244140625
Memory cached:  124.0
[W 2023-12-04 01:09:20,358] Trial 16 failed with parameters: {'W_layers': 8, 'W_layer_units_exponent_0': 5, 'W_layer_units_exponent_1': 4, 'W_layer_units_exponent_2': 4, 'W_layer_units_exponent_3': 10, 'W_layer_units_exponent_4': 4, 'W_layer_units_exponent_5': 4, 'W_layer_units_exponent_6': 5, 'W_layer_units_exponent_7': 9, 'D_layers': 4, 'D_layer_units_exponent_0': 10, 'D_layer_units_exponent_1': 8, 'D_layer_units_exponent_2': 10, 'D_layer_units_exponent_3': 10, 'log_learning_rate': -4.91373344933208, 'log_learning_rate_D': -1.1281588578055546, 'training_batch_size': 9, 'training_p': 5} because of the following error: The value nan is not acceptable.
[W 2023-12-04 01:09:20,359] Trial 16 failed with value tensor(nan, device='cuda:0', grad_fn=<DivBackward0>).
Time for this trial:  1.8657622337341309
Memory status after this trial: 
Memory allocated:  167.3671875
Memory cached:  186.0
--------------------  Trial  17   --------------------
Start timing: 
Parameters: 
{'W_layers': 8, 'W_layer_units_exponent_0': 4, 'W_layer_units_exponent_1': 4, 'W_layer_units_exponent_2': 4, 'W_layer_units_exponent_3': 10, 'W_layer_units_exponent_4': 4, 'W_layer_units_exponent_5': 4, 'W_layer_units_exponent_6': 5, 'W_layer_units_exponent_7': 9, 'D_layers': 4, 'D_layer_units_exponent_0': 10, 'D_layer_units_exponent_1': 8, 'D_layer_units_exponent_2': 10, 'D_layer_units_exponent_3': 10, 'log_learning_rate': -4.97747473295086, 'log_learning_rate_D': -1.2351782367873012, 'training_batch_size': 9, 'training_p': 5}
	 epoch  0 training error:  tensor(1.0413, device='cuda:0', grad_fn=<DivBackward0>)
Memory status after this epoch: 
Memory allocated:  65.99658203125
Memory cached:  124.0
[W 2023-12-04 01:09:22,498] Trial 17 failed with parameters: {'W_layers': 8, 'W_layer_units_exponent_0': 4, 'W_layer_units_exponent_1': 4, 'W_layer_units_exponent_2': 4, 'W_layer_units_exponent_3': 10, 'W_layer_units_exponent_4': 4, 'W_layer_units_exponent_5': 4, 'W_layer_units_exponent_6': 5, 'W_layer_units_exponent_7': 9, 'D_layers': 4, 'D_layer_units_exponent_0': 10, 'D_layer_units_exponent_1': 8, 'D_layer_units_exponent_2': 10, 'D_layer_units_exponent_3': 10, 'log_learning_rate': -4.97747473295086, 'log_learning_rate_D': -1.2351782367873012, 'training_batch_size': 9, 'training_p': 5} because of the following error: The value nan is not acceptable.
[W 2023-12-04 01:09:22,499] Trial 17 failed with value tensor(nan, device='cuda:0', grad_fn=<DivBackward0>).
Time for this trial:  1.9518218040466309
Memory status after this trial: 
Memory allocated:  167.0712890625
Memory cached:  184.0
--------------------  Trial  18   --------------------
Start timing: 
Parameters: 
{'W_layers': 8, 'W_layer_units_exponent_0': 4, 'W_layer_units_exponent_1': 4, 'W_layer_units_exponent_2': 4, 'W_layer_units_exponent_3': 10, 'W_layer_units_exponent_4': 4, 'W_layer_units_exponent_5': 4, 'W_layer_units_exponent_6': 5, 'W_layer_units_exponent_7': 9, 'D_layers': 4, 'D_layer_units_exponent_0': 10, 'D_layer_units_exponent_1': 8, 'D_layer_units_exponent_2': 10, 'D_layer_units_exponent_3': 10, 'log_learning_rate': -2.5546763413974265, 'log_learning_rate_D': -1.1460417419241509, 'training_batch_size': 9, 'training_p': 5}
	 epoch  0 training error:  tensor(0.9980, device='cuda:0', grad_fn=<DivBackward0>)
Memory status after this epoch: 
Memory allocated:  65.99658203125
Memory cached:  124.0
[W 2023-12-04 01:09:24,610] Trial 18 failed with parameters: {'W_layers': 8, 'W_layer_units_exponent_0': 4, 'W_layer_units_exponent_1': 4, 'W_layer_units_exponent_2': 4, 'W_layer_units_exponent_3': 10, 'W_layer_units_exponent_4': 4, 'W_layer_units_exponent_5': 4, 'W_layer_units_exponent_6': 5, 'W_layer_units_exponent_7': 9, 'D_layers': 4, 'D_layer_units_exponent_0': 10, 'D_layer_units_exponent_1': 8, 'D_layer_units_exponent_2': 10, 'D_layer_units_exponent_3': 10, 'log_learning_rate': -2.5546763413974265, 'log_learning_rate_D': -1.1460417419241509, 'training_batch_size': 9, 'training_p': 5} because of the following error: The value nan is not acceptable.
[W 2023-12-04 01:09:24,611] Trial 18 failed with value tensor(nan, device='cuda:0', grad_fn=<DivBackward0>).
Time for this trial:  1.9103896617889404
Memory status after this trial: 
Memory allocated:  167.0712890625
Memory cached:  184.0
--------------------  Trial  19   --------------------
Start timing: 
Parameters: 
{'W_layers': 8, 'W_layer_units_exponent_0': 5, 'W_layer_units_exponent_1': 4, 'W_layer_units_exponent_2': 4, 'W_layer_units_exponent_3': 10, 'W_layer_units_exponent_4': 4, 'W_layer_units_exponent_5': 4, 'W_layer_units_exponent_6': 5, 'W_layer_units_exponent_7': 9, 'D_layers': 4, 'D_layer_units_exponent_0': 10, 'D_layer_units_exponent_1': 8, 'D_layer_units_exponent_2': 6, 'D_layer_units_exponent_3': 10, 'log_learning_rate': -4.851514764855109, 'log_learning_rate_D': -2.301790109833086, 'training_batch_size': 9, 'training_p': 5}
	 epoch  0 training error:  tensor(1.0244, device='cuda:0', grad_fn=<DivBackward0>)
Memory status after this epoch: 
Memory allocated:  47.23876953125
Memory cached:  106.0
	 epoch  10 training error:  tensor(1.0148, device='cuda:0', grad_fn=<DivBackward0>)
Memory status after this epoch: 
Memory allocated:  47.23876953125
Memory cached:  106.0
	 epoch  20 training error:  tensor(1.0098, device='cuda:0', grad_fn=<DivBackward0>)
Memory status after this epoch: 
Memory allocated:  47.23876953125
Memory cached:  106.0
	 epoch  30 training error:  tensor(0.9950, device='cuda:0', grad_fn=<DivBackward0>)
Memory status after this epoch: 
Memory allocated:  47.23876953125
Memory cached:  106.0
	 epoch  40 training error:  tensor(0.9726, device='cuda:0', grad_fn=<DivBackward0>)
Memory status after this epoch: 
Memory allocated:  47.23876953125
Memory cached:  106.0
	 epoch  50 training error:  tensor(0.9406, device='cuda:0', grad_fn=<DivBackward0>)
Memory status after this epoch: 
Memory allocated:  47.23876953125
Memory cached:  106.0
	 epoch  60 training error:  tensor(0.9023, device='cuda:0', grad_fn=<DivBackward0>)
Memory status after this epoch: 
Memory allocated:  47.23876953125
Memory cached:  106.0
	 epoch  70 training error:  tensor(0.8621, device='cuda:0', grad_fn=<DivBackward0>)
Memory status after this epoch: 
Memory allocated:  47.23876953125
Memory cached:  106.0
	 epoch  80 training error:  tensor(17.2990, device='cuda:0', grad_fn=<DivBackward0>)
Memory status after this epoch: 
Memory allocated:  47.23876953125
Memory cached:  106.0
	 epoch  90 training error:  tensor(1.1223, device='cuda:0', grad_fn=<DivBackward0>)
Memory status after this epoch: 
Memory allocated:  47.23876953125
Memory cached:  106.0
[I 2023-12-04 01:10:16,772] Trial 19 finished with value: 0.9036795496940613 and parameters: {'W_layers': 8, 'W_layer_units_exponent_0': 5, 'W_layer_units_exponent_1': 4, 'W_layer_units_exponent_2': 4, 'W_layer_units_exponent_3': 10, 'W_layer_units_exponent_4': 4, 'W_layer_units_exponent_5': 4, 'W_layer_units_exponent_6': 5, 'W_layer_units_exponent_7': 9, 'D_layers': 4, 'D_layer_units_exponent_0': 10, 'D_layer_units_exponent_1': 8, 'D_layer_units_exponent_2': 6, 'D_layer_units_exponent_3': 10, 'log_learning_rate': -4.851514764855109, 'log_learning_rate_D': -2.301790109833086, 'training_batch_size': 9, 'training_p': 5}. Best is trial 8 with value: 0.011548519134521484.
Time for this trial:  51.96863341331482
Memory status after this trial: 
Memory allocated:  136.232421875
Memory cached:  140.0
--------------------  Trial  20   --------------------
Start timing: 
Parameters: 
{'W_layers': 2, 'W_layer_units_exponent_0': 7, 'W_layer_units_exponent_1': 8, 'D_layers': 7, 'D_layer_units_exponent_0': 8, 'D_layer_units_exponent_1': 7, 'D_layer_units_exponent_2': 10, 'D_layer_units_exponent_3': 9, 'D_layer_units_exponent_4': 7, 'D_layer_units_exponent_5': 10, 'D_layer_units_exponent_6': 10, 'log_learning_rate': -2.7444702958459306, 'log_learning_rate_D': -1.0550472717573398, 'training_batch_size': 6, 'training_p': 6}
	 epoch  0 training error:  tensor(0.8765, device='cuda:0', grad_fn=<DivBackward0>)
Memory status after this epoch: 
Memory allocated:  71.12060546875
Memory cached:  144.0
[W 2023-12-04 01:10:18,631] Trial 20 failed with parameters: {'W_layers': 2, 'W_layer_units_exponent_0': 7, 'W_layer_units_exponent_1': 8, 'D_layers': 7, 'D_layer_units_exponent_0': 8, 'D_layer_units_exponent_1': 7, 'D_layer_units_exponent_2': 10, 'D_layer_units_exponent_3': 9, 'D_layer_units_exponent_4': 7, 'D_layer_units_exponent_5': 10, 'D_layer_units_exponent_6': 10, 'log_learning_rate': -2.7444702958459306, 'log_learning_rate_D': -1.0550472717573398, 'training_batch_size': 6, 'training_p': 6} because of the following error: The value nan is not acceptable.
[W 2023-12-04 01:10:18,632] Trial 20 failed with value tensor(nan, device='cuda:0', grad_fn=<DivBackward0>).
Time for this trial:  1.6957287788391113
Memory status after this trial: 
Memory allocated:  157.7509765625
Memory cached:  190.0
--------------------  Trial  21   --------------------
Start timing: 
Parameters: 
{'W_layers': 2, 'W_layer_units_exponent_0': 7, 'W_layer_units_exponent_1': 8, 'D_layers': 7, 'D_layer_units_exponent_0': 8, 'D_layer_units_exponent_1': 7, 'D_layer_units_exponent_2': 10, 'D_layer_units_exponent_3': 9, 'D_layer_units_exponent_4': 7, 'D_layer_units_exponent_5': 10, 'D_layer_units_exponent_6': 10, 'log_learning_rate': -2.7910143554576035, 'log_learning_rate_D': -3.5833872642619635, 'training_batch_size': 6, 'training_p': 6}
	 epoch  0 training error:  tensor(0.9129, device='cuda:0', grad_fn=<DivBackward0>)
Memory status after this epoch: 
Memory allocated:  71.12060546875
Memory cached:  144.0
	 epoch  10 training error:  tensor(0.1696, device='cuda:0', grad_fn=<DivBackward0>)
Memory status after this epoch: 
Memory allocated:  71.12060546875
Memory cached:  144.0
	 epoch  20 training error:  tensor(0.1251, device='cuda:0', grad_fn=<DivBackward0>)
Memory status after this epoch: 
Memory allocated:  71.12060546875
Memory cached:  144.0
	 epoch  30 training error:  tensor(0.0414, device='cuda:0', grad_fn=<DivBackward0>)
Memory status after this epoch: 
Memory allocated:  71.12060546875
Memory cached:  144.0
	 epoch  40 training error:  tensor(0.0316, device='cuda:0', grad_fn=<DivBackward0>)
Memory status after this epoch: 
Memory allocated:  71.12060546875
Memory cached:  144.0
	 epoch  50 training error:  tensor(0.0258, device='cuda:0', grad_fn=<DivBackward0>)
Memory status after this epoch: 
Memory allocated:  71.12060546875
Memory cached:  144.0
	 epoch  60 training error:  tensor(0.0338, device='cuda:0', grad_fn=<DivBackward0>)
Memory status after this epoch: 
Memory allocated:  71.12060546875
Memory cached:  144.0
	 epoch  70 training error:  tensor(0.0441, device='cuda:0', grad_fn=<DivBackward0>)
Memory status after this epoch: 
Memory allocated:  71.12060546875
Memory cached:  144.0
	 epoch  80 training error:  tensor(0.0352, device='cuda:0', grad_fn=<DivBackward0>)
Memory status after this epoch: 
Memory allocated:  71.12060546875
Memory cached:  144.0
	 epoch  90 training error:  tensor(0.0315, device='cuda:0', grad_fn=<DivBackward0>)
Memory status after this epoch: 
Memory allocated:  71.12060546875
Memory cached:  144.0
