[I 2024-01-12 20:11:54,539] Trial 31 finished with value: 0.08921238034963608 and parameters: {'W_layers': 8, 'W_layer_units_exponent_0': 4, 'W_layer_units_exponent_1': 10, 'W_layer_units_exponent_2': 7, 'W_layer_units_exponent_3': 6, 'W_layer_units_exponent_4': 5, 'W_layer_units_exponent_5': 10, 'W_layer_units_exponent_6': 8, 'W_layer_units_exponent_7': 8, 'D_layers': 2, 'D_layer_units_exponent_0': 10, 'D_layer_units_exponent_1': 5, 'D_dagger_layers': 7, 'D_dagger_layer_units_exponent_0': 6, 'D_dagger_layer_units_exponent_1': 8, 'D_dagger_layer_units_exponent_2': 9, 'D_dagger_layer_units_exponent_3': 7, 'D_dagger_layer_units_exponent_4': 8, 'D_dagger_layer_units_exponent_5': 9, 'D_dagger_layer_units_exponent_6': 9, 'log_learning_rate': -2.629104430831418, 'log_learning_rate_D': -3.7754822346408496, 'log_learning_rate_D_dagger': -4.287965156410338, 'training_batch_size': 6, 'training_p': 2}. Best is trial 23 with value: 0.07801170647144318.
Time for this trial:  568.7344088554382
Memory status after this trial: 
Memory allocated:  1084.865234375
Memory cached:  1096.0
--------------------  Trial  32   --------------------
Start timing: 
Parameters: 
{'W_layers': 8, 'W_layer_units_exponent_0': 5, 'W_layer_units_exponent_1': 9, 'W_layer_units_exponent_2': 7, 'W_layer_units_exponent_3': 8, 'W_layer_units_exponent_4': 4, 'W_layer_units_exponent_5': 9, 'W_layer_units_exponent_6': 7, 'W_layer_units_exponent_7': 6, 'D_layers': 2, 'D_layer_units_exponent_0': 9, 'D_layer_units_exponent_1': 4, 'D_dagger_layers': 7, 'D_dagger_layer_units_exponent_0': 7, 'D_dagger_layer_units_exponent_1': 7, 'D_dagger_layer_units_exponent_2': 10, 'D_dagger_layer_units_exponent_3': 8, 'D_dagger_layer_units_exponent_4': 8, 'D_dagger_layer_units_exponent_5': 8, 'D_dagger_layer_units_exponent_6': 9, 'log_learning_rate': -3.171784773582495, 'log_learning_rate_D': -4.034457793772111, 'log_learning_rate_D_dagger': -4.670539499347462, 'training_batch_size': 6, 'training_p': 4}
	 epoch  0 training error:  tensor(0.8672, device='cuda:0', grad_fn=<DivBackward0>)
Memory status after this epoch: 
Memory allocated:  451.126953125
Memory cached:  850.0
	 epoch  10 training error:  tensor(0.5489, device='cuda:0', grad_fn=<DivBackward0>)
Memory status after this epoch: 
Memory allocated:  451.126953125
Memory cached:  848.0
	 epoch  20 training error:  tensor(0.2031, device='cuda:0', grad_fn=<DivBackward0>)
Memory status after this epoch: 
Memory allocated:  451.126953125
Memory cached:  848.0
	 epoch  30 training error:  tensor(0.1654, device='cuda:0', grad_fn=<DivBackward0>)
Memory status after this epoch: 
Memory allocated:  451.126953125
Memory cached:  850.0
	 epoch  40 training error:  tensor(0.1512, device='cuda:0', grad_fn=<DivBackward0>)
Memory status after this epoch: 
Memory allocated:  451.126953125
Memory cached:  850.0
	 epoch  50 training error:  tensor(0.1377, device='cuda:0', grad_fn=<DivBackward0>)
Memory status after this epoch: 
Memory allocated:  451.126953125
Memory cached:  850.0
	 epoch  60 training error:  tensor(0.1277, device='cuda:0', grad_fn=<DivBackward0>)
Memory status after this epoch: 
Memory allocated:  451.126953125
Memory cached:  850.0
	 epoch  70 training error:  tensor(0.1254, device='cuda:0', grad_fn=<DivBackward0>)
Memory status after this epoch: 
Memory allocated:  451.126953125
Memory cached:  848.0
	 epoch  80 training error:  tensor(0.1128, device='cuda:0', grad_fn=<DivBackward0>)
Memory status after this epoch: 
Memory allocated:  451.126953125
Memory cached:  850.0
	 epoch  90 training error:  tensor(0.1094, device='cuda:0', grad_fn=<DivBackward0>)
Memory status after this epoch: 
Memory allocated:  451.126953125
Memory cached:  848.0
[I 2024-01-12 20:21:14,773] Trial 32 finished with value: 0.09108293801546097 and parameters: {'W_layers': 8, 'W_layer_units_exponent_0': 5, 'W_layer_units_exponent_1': 9, 'W_layer_units_exponent_2': 7, 'W_layer_units_exponent_3': 8, 'W_layer_units_exponent_4': 4, 'W_layer_units_exponent_5': 9, 'W_layer_units_exponent_6': 7, 'W_layer_units_exponent_7': 6, 'D_layers': 2, 'D_layer_units_exponent_0': 9, 'D_layer_units_exponent_1': 4, 'D_dagger_layers': 7, 'D_dagger_layer_units_exponent_0': 7, 'D_dagger_layer_units_exponent_1': 7, 'D_dagger_layer_units_exponent_2': 10, 'D_dagger_layer_units_exponent_3': 8, 'D_dagger_layer_units_exponent_4': 8, 'D_dagger_layer_units_exponent_5': 8, 'D_dagger_layer_units_exponent_6': 9, 'log_learning_rate': -3.171784773582495, 'log_learning_rate_D': -4.034457793772111, 'log_learning_rate_D_dagger': -4.670539499347462, 'training_batch_size': 6, 'training_p': 4}. Best is trial 23 with value: 0.07801170647144318.
Time for this trial:  559.6712210178375
Memory status after this trial: 
Memory allocated:  940.962890625
Memory cached:  950.0
--------------------  Trial  33   --------------------
Start timing: 
Parameters: 
{'W_layers': 7, 'W_layer_units_exponent_0': 4, 'W_layer_units_exponent_1': 10, 'W_layer_units_exponent_2': 8, 'W_layer_units_exponent_3': 7, 'W_layer_units_exponent_4': 5, 'W_layer_units_exponent_5': 10, 'W_layer_units_exponent_6': 5, 'D_layers': 3, 'D_layer_units_exponent_0': 10, 'D_layer_units_exponent_1': 4, 'D_layer_units_exponent_2': 9, 'D_dagger_layers': 6, 'D_dagger_layer_units_exponent_0': 5, 'D_dagger_layer_units_exponent_1': 9, 'D_dagger_layer_units_exponent_2': 7, 'D_dagger_layer_units_exponent_3': 7, 'D_dagger_layer_units_exponent_4': 9, 'D_dagger_layer_units_exponent_5': 7, 'log_learning_rate': -2.204156200394446, 'log_learning_rate_D': -4.465000725862083, 'log_learning_rate_D_dagger': -4.296805415042974, 'training_batch_size': 7, 'training_p': 3}
	 epoch  0 training error:  tensor(1.3788, device='cuda:0', grad_fn=<DivBackward0>)
Memory status after this epoch: 
Memory allocated:  447.3466796875
Memory cached:  848.0
	 epoch  10 training error:  tensor(0.7649, device='cuda:0', grad_fn=<DivBackward0>)
Memory status after this epoch: 
Memory allocated:  447.3466796875
Memory cached:  850.0
	 epoch  20 training error:  tensor(0.2902, device='cuda:0', grad_fn=<DivBackward0>)
Memory status after this epoch: 
Memory allocated:  447.3466796875
Memory cached:  850.0
	 epoch  30 training error:  tensor(0.2158, device='cuda:0', grad_fn=<DivBackward0>)
Memory status after this epoch: 
Memory allocated:  447.3466796875
Memory cached:  850.0
	 epoch  40 training error:  tensor(0.1821, device='cuda:0', grad_fn=<DivBackward0>)
Memory status after this epoch: 
Memory allocated:  447.3466796875
Memory cached:  850.0
	 epoch  50 training error:  tensor(0.1703, device='cuda:0', grad_fn=<DivBackward0>)
Memory status after this epoch: 
Memory allocated:  447.3466796875
Memory cached:  852.0
	 epoch  60 training error:  tensor(0.1621, device='cuda:0', grad_fn=<DivBackward0>)
Memory status after this epoch: 
Memory allocated:  447.3466796875
Memory cached:  852.0
	 epoch  70 training error:  tensor(0.1541, device='cuda:0', grad_fn=<DivBackward0>)
Memory status after this epoch: 
Memory allocated:  447.3466796875
Memory cached:  850.0
	 epoch  80 training error:  tensor(0.1453, device='cuda:0', grad_fn=<DivBackward0>)
Memory status after this epoch: 
Memory allocated:  447.3466796875
Memory cached:  850.0
	 epoch  90 training error:  tensor(0.1353, device='cuda:0', grad_fn=<DivBackward0>)
Memory status after this epoch: 
Memory allocated:  447.3466796875
Memory cached:  854.0
[I 2024-01-12 20:28:02,531] Trial 33 finished with value: 0.10912211239337921 and parameters: {'W_layers': 7, 'W_layer_units_exponent_0': 4, 'W_layer_units_exponent_1': 10, 'W_layer_units_exponent_2': 8, 'W_layer_units_exponent_3': 7, 'W_layer_units_exponent_4': 5, 'W_layer_units_exponent_5': 10, 'W_layer_units_exponent_6': 5, 'D_layers': 3, 'D_layer_units_exponent_0': 10, 'D_layer_units_exponent_1': 4, 'D_layer_units_exponent_2': 9, 'D_dagger_layers': 6, 'D_dagger_layer_units_exponent_0': 5, 'D_dagger_layer_units_exponent_1': 9, 'D_dagger_layer_units_exponent_2': 7, 'D_dagger_layer_units_exponent_3': 7, 'D_dagger_layer_units_exponent_4': 9, 'D_dagger_layer_units_exponent_5': 7, 'log_learning_rate': -2.204156200394446, 'log_learning_rate_D': -4.465000725862083, 'log_learning_rate_D_dagger': -4.296805415042974, 'training_batch_size': 7, 'training_p': 3}. Best is trial 23 with value: 0.07801170647144318.
Time for this trial:  407.24580693244934
Memory status after this trial: 
Memory allocated:  1018.84033203125
Memory cached:  1026.0
--------------------  Trial  34   --------------------
Start timing: 
Parameters: 
{'W_layers': 8, 'W_layer_units_exponent_0': 5, 'W_layer_units_exponent_1': 9, 'W_layer_units_exponent_2': 6, 'W_layer_units_exponent_3': 6, 'W_layer_units_exponent_4': 4, 'W_layer_units_exponent_5': 10, 'W_layer_units_exponent_6': 6, 'W_layer_units_exponent_7': 8, 'D_layers': 2, 'D_layer_units_exponent_0': 9, 'D_layer_units_exponent_1': 5, 'D_dagger_layers': 8, 'D_dagger_layer_units_exponent_0': 7, 'D_dagger_layer_units_exponent_1': 8, 'D_dagger_layer_units_exponent_2': 7, 'D_dagger_layer_units_exponent_3': 9, 'D_dagger_layer_units_exponent_4': 7, 'D_dagger_layer_units_exponent_5': 7, 'D_dagger_layer_units_exponent_6': 8, 'D_dagger_layer_units_exponent_7': 10, 'log_learning_rate': -2.770426598138143, 'log_learning_rate_D': -3.4913600263588696, 'log_learning_rate_D_dagger': -4.186620478402887, 'training_batch_size': 6, 'training_p': 4}
	 epoch  0 training error:  tensor(0.9363, device='cuda:0', grad_fn=<DivBackward0>)
Memory status after this epoch: 
Memory allocated:  448.03515625
Memory cached:  860.0
	 epoch  10 training error:  tensor(0.2079, device='cuda:0', grad_fn=<DivBackward0>)
Memory status after this epoch: 
Memory allocated:  448.03515625
Memory cached:  880.0
	 epoch  20 training error:  tensor(0.1563, device='cuda:0', grad_fn=<DivBackward0>)
Memory status after this epoch: 
Memory allocated:  448.03515625
Memory cached:  882.0
	 epoch  30 training error:  tensor(0.1394, device='cuda:0', grad_fn=<DivBackward0>)
Memory status after this epoch: 
Memory allocated:  448.03515625
Memory cached:  884.0
	 epoch  40 training error:  tensor(0.1223, device='cuda:0', grad_fn=<DivBackward0>)
Memory status after this epoch: 
Memory allocated:  448.03515625
Memory cached:  882.0
	 epoch  50 training error:  tensor(0.1120, device='cuda:0', grad_fn=<DivBackward0>)
Memory status after this epoch: 
Memory allocated:  448.03515625
Memory cached:  884.0
	 epoch  60 training error:  tensor(0.1084, device='cuda:0', grad_fn=<DivBackward0>)
Memory status after this epoch: 
Memory allocated:  448.03515625
Memory cached:  886.0
	 epoch  70 training error:  tensor(0.1085, device='cuda:0', grad_fn=<DivBackward0>)
Memory status after this epoch: 
Memory allocated:  448.03515625
Memory cached:  890.0
	 epoch  80 training error:  tensor(0.1091, device='cuda:0', grad_fn=<DivBackward0>)
Memory status after this epoch: 
Memory allocated:  448.03515625
Memory cached:  878.0
	 epoch  90 training error:  tensor(0.1065, device='cuda:0', grad_fn=<DivBackward0>)
Memory status after this epoch: 
Memory allocated:  448.03515625
Memory cached:  872.0
[I 2024-01-12 20:37:44,698] Trial 34 finished with value: 0.08947492390871048 and parameters: {'W_layers': 8, 'W_layer_units_exponent_0': 5, 'W_layer_units_exponent_1': 9, 'W_layer_units_exponent_2': 6, 'W_layer_units_exponent_3': 6, 'W_layer_units_exponent_4': 4, 'W_layer_units_exponent_5': 10, 'W_layer_units_exponent_6': 6, 'W_layer_units_exponent_7': 8, 'D_layers': 2, 'D_layer_units_exponent_0': 9, 'D_layer_units_exponent_1': 5, 'D_dagger_layers': 8, 'D_dagger_layer_units_exponent_0': 7, 'D_dagger_layer_units_exponent_1': 8, 'D_dagger_layer_units_exponent_2': 7, 'D_dagger_layer_units_exponent_3': 9, 'D_dagger_layer_units_exponent_4': 7, 'D_dagger_layer_units_exponent_5': 7, 'D_dagger_layer_units_exponent_6': 8, 'D_dagger_layer_units_exponent_7': 10, 'log_learning_rate': -2.770426598138143, 'log_learning_rate_D': -3.4913600263588696, 'log_learning_rate_D_dagger': -4.186620478402887, 'training_batch_size': 6, 'training_p': 4}. Best is trial 23 with value: 0.07801170647144318.
Time for this trial:  581.7316071987152
Memory status after this trial: 
Memory allocated:  971.140625
Memory cached:  978.0
--------------------  Trial  35   --------------------
Start timing: 
Parameters: 
{'W_layers': 2, 'W_layer_units_exponent_0': 4, 'W_layer_units_exponent_1': 10, 'D_layers': 3, 'D_layer_units_exponent_0': 8, 'D_layer_units_exponent_1': 4, 'D_layer_units_exponent_2': 6, 'D_dagger_layers': 7, 'D_dagger_layer_units_exponent_0': 6, 'D_dagger_layer_units_exponent_1': 7, 'D_dagger_layer_units_exponent_2': 9, 'D_dagger_layer_units_exponent_3': 8, 'D_dagger_layer_units_exponent_4': 8, 'D_dagger_layer_units_exponent_5': 9, 'D_dagger_layer_units_exponent_6': 10, 'log_learning_rate': -3.377999056834265, 'log_learning_rate_D': -4.1978164594731435, 'log_learning_rate_D_dagger': -4.936999639179267, 'training_batch_size': 8, 'training_p': 5}
	 epoch  0 training error:  tensor(1.0864, device='cuda:0', grad_fn=<DivBackward0>)
Memory status after this epoch: 
Memory allocated:  452.1474609375
Memory cached:  868.0
	 epoch  10 training error:  tensor(0.7460, device='cuda:0', grad_fn=<DivBackward0>)
Memory status after this epoch: 
Memory allocated:  452.1474609375
Memory cached:  878.0
	 epoch  20 training error:  tensor(0.6629, device='cuda:0', grad_fn=<DivBackward0>)
Memory status after this epoch: 
Memory allocated:  452.1474609375
Memory cached:  878.0
	 epoch  30 training error:  tensor(0.6248, device='cuda:0', grad_fn=<DivBackward0>)
Memory status after this epoch: 
Memory allocated:  452.1474609375
Memory cached:  878.0
	 epoch  40 training error:  tensor(0.5821, device='cuda:0', grad_fn=<DivBackward0>)
Memory status after this epoch: 
Memory allocated:  452.1474609375
Memory cached:  888.0
	 epoch  50 training error:  tensor(0.5304, device='cuda:0', grad_fn=<DivBackward0>)
Memory status after this epoch: 
Memory allocated:  452.1474609375
Memory cached:  886.0
	 epoch  60 training error:  tensor(0.4587, device='cuda:0', grad_fn=<DivBackward0>)
Memory status after this epoch: 
Memory allocated:  452.1474609375
Memory cached:  880.0
	 epoch  70 training error:  tensor(0.3628, device='cuda:0', grad_fn=<DivBackward0>)
Memory status after this epoch: 
Memory allocated:  452.1474609375
Memory cached:  884.0
	 epoch  80 training error:  tensor(0.2416, device='cuda:0', grad_fn=<DivBackward0>)
Memory status after this epoch: 
Memory allocated:  452.1474609375
Memory cached:  880.0
	 epoch  90 training error:  tensor(0.1836, device='cuda:0', grad_fn=<DivBackward0>)
Memory status after this epoch: 
Memory allocated:  452.1474609375
Memory cached:  878.0
[I 2024-01-12 20:41:21,337] Trial 35 finished with value: 0.1650783121585846 and parameters: {'W_layers': 2, 'W_layer_units_exponent_0': 4, 'W_layer_units_exponent_1': 10, 'D_layers': 3, 'D_layer_units_exponent_0': 8, 'D_layer_units_exponent_1': 4, 'D_layer_units_exponent_2': 6, 'D_dagger_layers': 7, 'D_dagger_layer_units_exponent_0': 6, 'D_dagger_layer_units_exponent_1': 7, 'D_dagger_layer_units_exponent_2': 9, 'D_dagger_layer_units_exponent_3': 8, 'D_dagger_layer_units_exponent_4': 8, 'D_dagger_layer_units_exponent_5': 9, 'D_dagger_layer_units_exponent_6': 10, 'log_learning_rate': -3.377999056834265, 'log_learning_rate_D': -4.1978164594731435, 'log_learning_rate_D_dagger': -4.936999639179267, 'training_batch_size': 8, 'training_p': 5}. Best is trial 23 with value: 0.07801170647144318.
Time for this trial:  216.20979738235474
Memory status after this trial: 
Memory allocated:  853.50146484375
Memory cached:  874.0
--------------------  Trial  36   --------------------
Start timing: 
Parameters: 
{'W_layers': 7, 'W_layer_units_exponent_0': 5, 'W_layer_units_exponent_1': 8, 'W_layer_units_exponent_2': 7, 'W_layer_units_exponent_3': 10, 'W_layer_units_exponent_4': 6, 'W_layer_units_exponent_5': 9, 'W_layer_units_exponent_6': 10, 'D_layers': 4, 'D_layer_units_exponent_0': 10, 'D_layer_units_exponent_1': 5, 'D_layer_units_exponent_2': 5, 'D_layer_units_exponent_3': 9, 'D_dagger_layers': 6, 'D_dagger_layer_units_exponent_0': 8, 'D_dagger_layer_units_exponent_1': 9, 'D_dagger_layer_units_exponent_2': 7, 'D_dagger_layer_units_exponent_3': 7, 'D_dagger_layer_units_exponent_4': 9, 'D_dagger_layer_units_exponent_5': 8, 'log_learning_rate': -3.126891642318392, 'log_learning_rate_D': -3.011496736297406, 'log_learning_rate_D_dagger': -4.493776925112669, 'training_batch_size': 6, 'training_p': 7}
	 epoch  0 training error:  tensor(0.8964, device='cuda:0', grad_fn=<DivBackward0>)
Memory status after this epoch: 
Memory allocated:  456.8828125
Memory cached:  870.0
	 epoch  10 training error:  tensor(0.3830, device='cuda:0', grad_fn=<DivBackward0>)
Memory status after this epoch: 
Memory allocated:  456.8828125
Memory cached:  876.0
	 epoch  20 training error:  tensor(0.1752, device='cuda:0', grad_fn=<DivBackward0>)
Memory status after this epoch: 
Memory allocated:  456.8828125
Memory cached:  880.0
	 epoch  30 training error:  tensor(0.1602, device='cuda:0', grad_fn=<DivBackward0>)
Memory status after this epoch: 
Memory allocated:  456.8828125
Memory cached:  884.0
	 epoch  40 training error:  tensor(0.1522, device='cuda:0', grad_fn=<DivBackward0>)
Memory status after this epoch: 
Memory allocated:  456.8828125
Memory cached:  878.0
	 epoch  50 training error:  tensor(0.1399, device='cuda:0', grad_fn=<DivBackward0>)
Memory status after this epoch: 
Memory allocated:  456.8828125
Memory cached:  882.0
	 epoch  60 training error:  tensor(0.1289, device='cuda:0', grad_fn=<DivBackward0>)
Memory status after this epoch: 
Memory allocated:  456.8828125
Memory cached:  880.0
	 epoch  70 training error:  tensor(0.1233, device='cuda:0', grad_fn=<DivBackward0>)
Memory status after this epoch: 
Memory allocated:  456.8828125
Memory cached:  886.0
	 epoch  80 training error:  tensor(0.1205, device='cuda:0', grad_fn=<DivBackward0>)
Memory status after this epoch: 
Memory allocated:  456.8828125
Memory cached:  880.0
	 epoch  90 training error:  tensor(0.1212, device='cuda:0', grad_fn=<DivBackward0>)
Memory status after this epoch: 
Memory allocated:  456.8828125
Memory cached:  882.0
[I 2024-01-12 20:50:56,764] Trial 36 finished with value: 0.09057487547397614 and parameters: {'W_layers': 7, 'W_layer_units_exponent_0': 5, 'W_layer_units_exponent_1': 8, 'W_layer_units_exponent_2': 7, 'W_layer_units_exponent_3': 10, 'W_layer_units_exponent_4': 6, 'W_layer_units_exponent_5': 9, 'W_layer_units_exponent_6': 10, 'D_layers': 4, 'D_layer_units_exponent_0': 10, 'D_layer_units_exponent_1': 5, 'D_layer_units_exponent_2': 5, 'D_layer_units_exponent_3': 9, 'D_dagger_layers': 6, 'D_dagger_layer_units_exponent_0': 8, 'D_dagger_layer_units_exponent_1': 9, 'D_dagger_layer_units_exponent_2': 7, 'D_dagger_layer_units_exponent_3': 7, 'D_dagger_layer_units_exponent_4': 9, 'D_dagger_layer_units_exponent_5': 8, 'log_learning_rate': -3.126891642318392, 'log_learning_rate_D': -3.011496736297406, 'log_learning_rate_D_dagger': -4.493776925112669, 'training_batch_size': 6, 'training_p': 7}. Best is trial 23 with value: 0.07801170647144318.
Time for this trial:  574.961009979248
Memory status after this trial: 
Memory allocated:  1105.61328125
Memory cached:  1130.0
--------------------  Trial  37   --------------------
Start timing: 
Parameters: 
{'W_layers': 3, 'W_layer_units_exponent_0': 4, 'W_layer_units_exponent_1': 10, 'W_layer_units_exponent_2': 8, 'D_layers': 2, 'D_layer_units_exponent_0': 9, 'D_layer_units_exponent_1': 4, 'D_dagger_layers': 7, 'D_dagger_layer_units_exponent_0': 7, 'D_dagger_layer_units_exponent_1': 6, 'D_dagger_layer_units_exponent_2': 10, 'D_dagger_layer_units_exponent_3': 8, 'D_dagger_layer_units_exponent_4': 7, 'D_dagger_layer_units_exponent_5': 9, 'D_dagger_layer_units_exponent_6': 4, 'log_learning_rate': -2.3937410838662463, 'log_learning_rate_D': -4.486809358295372, 'log_learning_rate_D_dagger': -3.9236094856152386, 'training_batch_size': 11, 'training_p': 3}
	 epoch  0 training error:  tensor(1.0839, device='cuda:0', grad_fn=<DivBackward0>)
Memory status after this epoch: 
Memory allocated:  448.7978515625
Memory cached:  846.0
	 epoch  10 training error:  tensor(0.9111, device='cuda:0', grad_fn=<DivBackward0>)
Memory status after this epoch: 
Memory allocated:  448.7978515625
Memory cached:  848.0
	 epoch  20 training error:  tensor(0.5660, device='cuda:0', grad_fn=<DivBackward0>)
Memory status after this epoch: 
Memory allocated:  448.7978515625
Memory cached:  850.0
	 epoch  30 training error:  tensor(0.2678, device='cuda:0', grad_fn=<DivBackward0>)
Memory status after this epoch: 
Memory allocated:  448.7978515625
Memory cached:  848.0
	 epoch  40 training error:  tensor(0.2086, device='cuda:0', grad_fn=<DivBackward0>)
Memory status after this epoch: 
Memory allocated:  448.7978515625
Memory cached:  848.0
	 epoch  50 training error:  tensor(0.1521, device='cuda:0', grad_fn=<DivBackward0>)
Memory status after this epoch: 
Memory allocated:  448.7978515625
Memory cached:  848.0
	 epoch  60 training error:  tensor(0.1284, device='cuda:0', grad_fn=<DivBackward0>)
Memory status after this epoch: 
Memory allocated:  448.7978515625
Memory cached:  848.0
	 epoch  70 training error:  tensor(0.1187, device='cuda:0', grad_fn=<DivBackward0>)
Memory status after this epoch: 
Memory allocated:  448.7978515625
Memory cached:  848.0
	 epoch  80 training error:  tensor(0.1121, device='cuda:0', grad_fn=<DivBackward0>)
Memory status after this epoch: 
Memory allocated:  448.7978515625
Memory cached:  848.0
	 epoch  90 training error:  tensor(0.1087, device='cuda:0', grad_fn=<DivBackward0>)
Memory status after this epoch: 
Memory allocated:  448.7978515625
Memory cached:  848.0
