[I 2023-12-07 04:11:23,110] Trial 81 finished with value: 0.5121166706085205 and parameters: {'W_layers': 3, 'W_layer_units_exponent_0': 8, 'W_layer_units_exponent_1': 6, 'W_layer_units_exponent_2': 4, 'D_layers': 7, 'D_layer_units_exponent_0': 6, 'D_layer_units_exponent_1': 9, 'D_layer_units_exponent_2': 5, 'D_layer_units_exponent_3': 6, 'D_layer_units_exponent_4': 9, 'D_layer_units_exponent_5': 9, 'D_layer_units_exponent_6': 7, 'D_dagger_layers': 7, 'D_dagger_layer_units_exponent_0': 6, 'D_dagger_layer_units_exponent_1': 4, 'D_dagger_layer_units_exponent_2': 4, 'D_dagger_layer_units_exponent_3': 6, 'D_dagger_layer_units_exponent_4': 4, 'D_dagger_layer_units_exponent_5': 5, 'D_dagger_layer_units_exponent_6': 4, 'log_learning_rate': -2.4596394442421863, 'log_learning_rate_D': -3.913862365021112, 'log_learning_rate_D_dagger': -2.2862042826048588, 'training_batch_size': 6, 'training_p': 2}. Best is trial 78 with value: 0.5054259300231934.
Time for this trial:  19.658510446548462
Memory status after this trial: 
Memory allocated:  57.81201171875
Memory cached:  68.0
--------------------  Trial  82   --------------------
Start timing: 
Parameters: 
{'W_layers': 3, 'W_layer_units_exponent_0': 8, 'W_layer_units_exponent_1': 6, 'W_layer_units_exponent_2': 4, 'D_layers': 7, 'D_layer_units_exponent_0': 6, 'D_layer_units_exponent_1': 9, 'D_layer_units_exponent_2': 5, 'D_layer_units_exponent_3': 6, 'D_layer_units_exponent_4': 9, 'D_layer_units_exponent_5': 9, 'D_layer_units_exponent_6': 7, 'D_dagger_layers': 7, 'D_dagger_layer_units_exponent_0': 6, 'D_dagger_layer_units_exponent_1': 4, 'D_dagger_layer_units_exponent_2': 4, 'D_dagger_layer_units_exponent_3': 6, 'D_dagger_layer_units_exponent_4': 4, 'D_dagger_layer_units_exponent_5': 5, 'D_dagger_layer_units_exponent_6': 4, 'log_learning_rate': -2.433552056944621, 'log_learning_rate_D': -3.962205563259765, 'log_learning_rate_D_dagger': -2.278437399510406, 'training_batch_size': 6, 'training_p': 2}
	 epoch  0 training error:  tensor(1.0904, device='cuda:0', grad_fn=<DivBackward0>)
Memory status after this epoch: 
Memory allocated:  29.87548828125
Memory cached:  48.0
	 epoch  10 training error:  tensor(0.8149, device='cuda:0', grad_fn=<DivBackward0>)
Memory status after this epoch: 
Memory allocated:  29.87548828125
Memory cached:  48.0
	 epoch  20 training error:  tensor(0.7260, device='cuda:0', grad_fn=<DivBackward0>)
Memory status after this epoch: 
Memory allocated:  29.87548828125
Memory cached:  48.0
	 epoch  30 training error:  tensor(0.6651, device='cuda:0', grad_fn=<DivBackward0>)
Memory status after this epoch: 
Memory allocated:  29.87548828125
Memory cached:  48.0
	 epoch  40 training error:  tensor(0.5882, device='cuda:0', grad_fn=<DivBackward0>)
Memory status after this epoch: 
Memory allocated:  29.87548828125
Memory cached:  48.0
	 epoch  50 training error:  tensor(0.5931, device='cuda:0', grad_fn=<DivBackward0>)
Memory status after this epoch: 
Memory allocated:  29.87548828125
Memory cached:  48.0
	 epoch  60 training error:  tensor(0.5789, device='cuda:0', grad_fn=<DivBackward0>)
Memory status after this epoch: 
Memory allocated:  29.87548828125
Memory cached:  48.0
	 epoch  70 training error:  tensor(0.5705, device='cuda:0', grad_fn=<DivBackward0>)
Memory status after this epoch: 
Memory allocated:  29.87548828125
Memory cached:  48.0
	 epoch  80 training error:  tensor(0.5702, device='cuda:0', grad_fn=<DivBackward0>)
Memory status after this epoch: 
Memory allocated:  29.87548828125
Memory cached:  48.0
	 epoch  90 training error:  tensor(0.5695, device='cuda:0', grad_fn=<DivBackward0>)
Memory status after this epoch: 
Memory allocated:  29.87548828125
Memory cached:  48.0
[I 2023-12-07 04:11:42,992] Trial 82 finished with value: 0.5189480185508728 and parameters: {'W_layers': 3, 'W_layer_units_exponent_0': 8, 'W_layer_units_exponent_1': 6, 'W_layer_units_exponent_2': 4, 'D_layers': 7, 'D_layer_units_exponent_0': 6, 'D_layer_units_exponent_1': 9, 'D_layer_units_exponent_2': 5, 'D_layer_units_exponent_3': 6, 'D_layer_units_exponent_4': 9, 'D_layer_units_exponent_5': 9, 'D_layer_units_exponent_6': 7, 'D_dagger_layers': 7, 'D_dagger_layer_units_exponent_0': 6, 'D_dagger_layer_units_exponent_1': 4, 'D_dagger_layer_units_exponent_2': 4, 'D_dagger_layer_units_exponent_3': 6, 'D_dagger_layer_units_exponent_4': 4, 'D_dagger_layer_units_exponent_5': 5, 'D_dagger_layer_units_exponent_6': 4, 'log_learning_rate': -2.433552056944621, 'log_learning_rate_D': -3.962205563259765, 'log_learning_rate_D_dagger': -2.278437399510406, 'training_batch_size': 6, 'training_p': 2}. Best is trial 78 with value: 0.5054259300231934.
Time for this trial:  19.662554264068604
Memory status after this trial: 
Memory allocated:  57.81201171875
Memory cached:  68.0
--------------------  Trial  83   --------------------
Start timing: 
Parameters: 
{'W_layers': 3, 'W_layer_units_exponent_0': 7, 'W_layer_units_exponent_1': 7, 'W_layer_units_exponent_2': 6, 'D_layers': 7, 'D_layer_units_exponent_0': 6, 'D_layer_units_exponent_1': 10, 'D_layer_units_exponent_2': 5, 'D_layer_units_exponent_3': 5, 'D_layer_units_exponent_4': 8, 'D_layer_units_exponent_5': 8, 'D_layer_units_exponent_6': 7, 'D_dagger_layers': 7, 'D_dagger_layer_units_exponent_0': 5, 'D_dagger_layer_units_exponent_1': 4, 'D_dagger_layer_units_exponent_2': 4, 'D_dagger_layer_units_exponent_3': 6, 'D_dagger_layer_units_exponent_4': 4, 'D_dagger_layer_units_exponent_5': 6, 'D_dagger_layer_units_exponent_6': 4, 'log_learning_rate': -2.245773616121089, 'log_learning_rate_D': -4.1496945717214935, 'log_learning_rate_D_dagger': -2.4557249907556242, 'training_batch_size': 6, 'training_p': 2}
	 epoch  0 training error:  tensor(1.1854, device='cuda:0', grad_fn=<DivBackward0>)
Memory status after this epoch: 
Memory allocated:  29.20361328125
Memory cached:  48.0
	 epoch  10 training error:  tensor(0.8372, device='cuda:0', grad_fn=<DivBackward0>)
Memory status after this epoch: 
Memory allocated:  29.20361328125
Memory cached:  48.0
	 epoch  20 training error:  tensor(0.7347, device='cuda:0', grad_fn=<DivBackward0>)
Memory status after this epoch: 
Memory allocated:  29.20361328125
Memory cached:  48.0
	 epoch  30 training error:  tensor(0.7159, device='cuda:0', grad_fn=<DivBackward0>)
Memory status after this epoch: 
Memory allocated:  29.20361328125
Memory cached:  48.0
	 epoch  40 training error:  tensor(0.6662, device='cuda:0', grad_fn=<DivBackward0>)
Memory status after this epoch: 
Memory allocated:  29.20361328125
Memory cached:  48.0
	 epoch  50 training error:  tensor(0.6963, device='cuda:0', grad_fn=<DivBackward0>)
Memory status after this epoch: 
Memory allocated:  29.20361328125
Memory cached:  48.0
	 epoch  60 training error:  tensor(0.7000, device='cuda:0', grad_fn=<DivBackward0>)
Memory status after this epoch: 
Memory allocated:  29.20361328125
Memory cached:  48.0
	 epoch  70 training error:  tensor(0.6861, device='cuda:0', grad_fn=<DivBackward0>)
Memory status after this epoch: 
Memory allocated:  29.20361328125
Memory cached:  48.0
	 epoch  80 training error:  tensor(0.6529, device='cuda:0', grad_fn=<DivBackward0>)
Memory status after this epoch: 
Memory allocated:  29.20361328125
Memory cached:  48.0
	 epoch  90 training error:  tensor(0.6562, device='cuda:0', grad_fn=<DivBackward0>)
Memory status after this epoch: 
Memory allocated:  29.20361328125
Memory cached:  48.0
[I 2023-12-07 04:12:03,043] Trial 83 finished with value: 0.5060449838638306 and parameters: {'W_layers': 3, 'W_layer_units_exponent_0': 7, 'W_layer_units_exponent_1': 7, 'W_layer_units_exponent_2': 6, 'D_layers': 7, 'D_layer_units_exponent_0': 6, 'D_layer_units_exponent_1': 10, 'D_layer_units_exponent_2': 5, 'D_layer_units_exponent_3': 5, 'D_layer_units_exponent_4': 8, 'D_layer_units_exponent_5': 8, 'D_layer_units_exponent_6': 7, 'D_dagger_layers': 7, 'D_dagger_layer_units_exponent_0': 5, 'D_dagger_layer_units_exponent_1': 4, 'D_dagger_layer_units_exponent_2': 4, 'D_dagger_layer_units_exponent_3': 6, 'D_dagger_layer_units_exponent_4': 4, 'D_dagger_layer_units_exponent_5': 6, 'D_dagger_layer_units_exponent_6': 4, 'log_learning_rate': -2.245773616121089, 'log_learning_rate_D': -4.1496945717214935, 'log_learning_rate_D_dagger': -2.4557249907556242, 'training_batch_size': 6, 'training_p': 2}. Best is trial 78 with value: 0.5054259300231934.
Time for this trial:  19.7760226726532
Memory status after this trial: 
Memory allocated:  56.64794921875
Memory cached:  60.0
--------------------  Trial  84   --------------------
Start timing: 
Parameters: 
{'W_layers': 3, 'W_layer_units_exponent_0': 7, 'W_layer_units_exponent_1': 6, 'W_layer_units_exponent_2': 5, 'D_layers': 6, 'D_layer_units_exponent_0': 6, 'D_layer_units_exponent_1': 9, 'D_layer_units_exponent_2': 5, 'D_layer_units_exponent_3': 6, 'D_layer_units_exponent_4': 9, 'D_layer_units_exponent_5': 8, 'D_dagger_layers': 6, 'D_dagger_layer_units_exponent_0': 6, 'D_dagger_layer_units_exponent_1': 4, 'D_dagger_layer_units_exponent_2': 4, 'D_dagger_layer_units_exponent_3': 6, 'D_dagger_layer_units_exponent_4': 4, 'D_dagger_layer_units_exponent_5': 6, 'log_learning_rate': -2.258882389272527, 'log_learning_rate_D': -4.100689239578567, 'log_learning_rate_D_dagger': -2.368307340561921, 'training_batch_size': 7, 'training_p': 2}
	 epoch  0 training error:  tensor(0.9442, device='cuda:0', grad_fn=<DivBackward0>)
Memory status after this epoch: 
Memory allocated:  29.03369140625
Memory cached:  52.0
	 epoch  10 training error:  tensor(0.7966, device='cuda:0', grad_fn=<DivBackward0>)
Memory status after this epoch: 
Memory allocated:  29.03369140625
Memory cached:  52.0
	 epoch  20 training error:  tensor(0.7080, device='cuda:0', grad_fn=<DivBackward0>)
Memory status after this epoch: 
Memory allocated:  29.03369140625
Memory cached:  52.0
	 epoch  30 training error:  tensor(0.7028, device='cuda:0', grad_fn=<DivBackward0>)
Memory status after this epoch: 
Memory allocated:  29.03369140625
Memory cached:  52.0
	 epoch  40 training error:  tensor(0.6724, device='cuda:0', grad_fn=<DivBackward0>)
Memory status after this epoch: 
Memory allocated:  29.03369140625
Memory cached:  52.0
	 epoch  50 training error:  tensor(0.6401, device='cuda:0', grad_fn=<DivBackward0>)
Memory status after this epoch: 
Memory allocated:  29.03369140625
Memory cached:  52.0
	 epoch  60 training error:  tensor(0.6421, device='cuda:0', grad_fn=<DivBackward0>)
Memory status after this epoch: 
Memory allocated:  29.03369140625
Memory cached:  52.0
	 epoch  70 training error:  tensor(0.5959, device='cuda:0', grad_fn=<DivBackward0>)
Memory status after this epoch: 
Memory allocated:  29.03369140625
Memory cached:  52.0
	 epoch  80 training error:  tensor(0.5712, device='cuda:0', grad_fn=<DivBackward0>)
Memory status after this epoch: 
Memory allocated:  29.03369140625
Memory cached:  52.0
	 epoch  90 training error:  tensor(0.5703, device='cuda:0', grad_fn=<DivBackward0>)
Memory status after this epoch: 
Memory allocated:  29.03369140625
Memory cached:  52.0
[I 2023-12-07 04:12:19,803] Trial 84 finished with value: 0.5115438103675842 and parameters: {'W_layers': 3, 'W_layer_units_exponent_0': 7, 'W_layer_units_exponent_1': 6, 'W_layer_units_exponent_2': 5, 'D_layers': 6, 'D_layer_units_exponent_0': 6, 'D_layer_units_exponent_1': 9, 'D_layer_units_exponent_2': 5, 'D_layer_units_exponent_3': 6, 'D_layer_units_exponent_4': 9, 'D_layer_units_exponent_5': 8, 'D_dagger_layers': 6, 'D_dagger_layer_units_exponent_0': 6, 'D_dagger_layer_units_exponent_1': 4, 'D_dagger_layer_units_exponent_2': 4, 'D_dagger_layer_units_exponent_3': 6, 'D_dagger_layer_units_exponent_4': 4, 'D_dagger_layer_units_exponent_5': 6, 'log_learning_rate': -2.258882389272527, 'log_learning_rate_D': -4.100689239578567, 'log_learning_rate_D_dagger': -2.368307340561921, 'training_batch_size': 7, 'training_p': 2}. Best is trial 78 with value: 0.5054259300231934.
Time for this trial:  16.526430130004883
Memory status after this trial: 
Memory allocated:  52.13916015625
Memory cached:  56.0
--------------------  Trial  85   --------------------
Start timing: 
Parameters: 
{'W_layers': 2, 'W_layer_units_exponent_0': 6, 'W_layer_units_exponent_1': 7, 'D_layers': 6, 'D_layer_units_exponent_0': 6, 'D_layer_units_exponent_1': 8, 'D_layer_units_exponent_2': 6, 'D_layer_units_exponent_3': 6, 'D_layer_units_exponent_4': 9, 'D_layer_units_exponent_5': 9, 'D_dagger_layers': 6, 'D_dagger_layer_units_exponent_0': 6, 'D_dagger_layer_units_exponent_1': 4, 'D_dagger_layer_units_exponent_2': 4, 'D_dagger_layer_units_exponent_3': 6, 'D_dagger_layer_units_exponent_4': 4, 'D_dagger_layer_units_exponent_5': 7, 'log_learning_rate': -2.2683686503225395, 'log_learning_rate_D': -3.967041121797239, 'log_learning_rate_D_dagger': -2.124284567491777, 'training_batch_size': 7, 'training_p': 3}
	 epoch  0 training error:  tensor(1.0077, device='cuda:0', grad_fn=<DivBackward0>)
Memory status after this epoch: 
Memory allocated:  29.46240234375
Memory cached:  48.0
	 epoch  10 training error:  tensor(0.9515, device='cuda:0', grad_fn=<DivBackward0>)
Memory status after this epoch: 
Memory allocated:  29.46240234375
Memory cached:  48.0
	 epoch  20 training error:  tensor(0.7905, device='cuda:0', grad_fn=<DivBackward0>)
Memory status after this epoch: 
Memory allocated:  29.46240234375
Memory cached:  48.0
	 epoch  30 training error:  tensor(0.7215, device='cuda:0', grad_fn=<DivBackward0>)
Memory status after this epoch: 
Memory allocated:  29.46240234375
Memory cached:  48.0
	 epoch  40 training error:  tensor(0.6497, device='cuda:0', grad_fn=<DivBackward0>)
Memory status after this epoch: 
Memory allocated:  29.46240234375
Memory cached:  48.0
	 epoch  50 training error:  tensor(0.6262, device='cuda:0', grad_fn=<DivBackward0>)
Memory status after this epoch: 
Memory allocated:  29.46240234375
Memory cached:  48.0
	 epoch  60 training error:  tensor(0.6254, device='cuda:0', grad_fn=<DivBackward0>)
Memory status after this epoch: 
Memory allocated:  29.46240234375
Memory cached:  48.0
	 epoch  70 training error:  tensor(0.6259, device='cuda:0', grad_fn=<DivBackward0>)
Memory status after this epoch: 
Memory allocated:  29.46240234375
Memory cached:  48.0
	 epoch  80 training error:  tensor(0.6255, device='cuda:0', grad_fn=<DivBackward0>)
Memory status after this epoch: 
Memory allocated:  29.46240234375
Memory cached:  48.0
	 epoch  90 training error:  tensor(0.6247, device='cuda:0', grad_fn=<DivBackward0>)
Memory status after this epoch: 
Memory allocated:  29.46240234375
Memory cached:  48.0
[I 2023-12-07 04:12:36,174] Trial 85 finished with value: 0.5491010546684265 and parameters: {'W_layers': 2, 'W_layer_units_exponent_0': 6, 'W_layer_units_exponent_1': 7, 'D_layers': 6, 'D_layer_units_exponent_0': 6, 'D_layer_units_exponent_1': 8, 'D_layer_units_exponent_2': 6, 'D_layer_units_exponent_3': 6, 'D_layer_units_exponent_4': 9, 'D_layer_units_exponent_5': 9, 'D_dagger_layers': 6, 'D_dagger_layer_units_exponent_0': 6, 'D_dagger_layer_units_exponent_1': 4, 'D_dagger_layer_units_exponent_2': 4, 'D_dagger_layer_units_exponent_3': 6, 'D_dagger_layer_units_exponent_4': 4, 'D_dagger_layer_units_exponent_5': 7, 'log_learning_rate': -2.2683686503225395, 'log_learning_rate_D': -3.967041121797239, 'log_learning_rate_D_dagger': -2.124284567491777, 'training_batch_size': 7, 'training_p': 3}. Best is trial 78 with value: 0.5054259300231934.
Time for this trial:  16.138900756835938
Memory status after this trial: 
Memory allocated:  52.61865234375
Memory cached:  58.0
--------------------  Trial  86   --------------------
Start timing: 
Parameters: 
{'W_layers': 3, 'W_layer_units_exponent_0': 7, 'W_layer_units_exponent_1': 7, 'W_layer_units_exponent_2': 4, 'D_layers': 7, 'D_layer_units_exponent_0': 6, 'D_layer_units_exponent_1': 9, 'D_layer_units_exponent_2': 5, 'D_layer_units_exponent_3': 6, 'D_layer_units_exponent_4': 10, 'D_layer_units_exponent_5': 8, 'D_layer_units_exponent_6': 8, 'D_dagger_layers': 5, 'D_dagger_layer_units_exponent_0': 6, 'D_dagger_layer_units_exponent_1': 4, 'D_dagger_layer_units_exponent_2': 4, 'D_dagger_layer_units_exponent_3': 6, 'D_dagger_layer_units_exponent_4': 4, 'log_learning_rate': -2.2091893873889115, 'log_learning_rate_D': -4.44361159200115, 'log_learning_rate_D_dagger': -2.675481707126191, 'training_batch_size': 7, 'training_p': 2}
	 epoch  0 training error:  tensor(0.9911, device='cuda:0', grad_fn=<DivBackward0>)
Memory status after this epoch: 
Memory allocated:  30.01904296875
Memory cached:  48.0
	 epoch  10 training error:  tensor(0.9425, device='cuda:0', grad_fn=<DivBackward0>)
Memory status after this epoch: 
Memory allocated:  30.01904296875
Memory cached:  48.0
	 epoch  20 training error:  tensor(0.8202, device='cuda:0', grad_fn=<DivBackward0>)
Memory status after this epoch: 
Memory allocated:  30.01904296875
Memory cached:  48.0
	 epoch  30 training error:  tensor(0.7481, device='cuda:0', grad_fn=<DivBackward0>)
Memory status after this epoch: 
Memory allocated:  30.01904296875
Memory cached:  48.0
	 epoch  40 training error:  tensor(0.7404, device='cuda:0', grad_fn=<DivBackward0>)
Memory status after this epoch: 
Memory allocated:  30.01904296875
Memory cached:  48.0
	 epoch  50 training error:  tensor(0.7261, device='cuda:0', grad_fn=<DivBackward0>)
Memory status after this epoch: 
Memory allocated:  30.01904296875
Memory cached:  48.0
	 epoch  60 training error:  tensor(0.7072, device='cuda:0', grad_fn=<DivBackward0>)
Memory status after this epoch: 
Memory allocated:  30.01904296875
Memory cached:  48.0
	 epoch  70 training error:  tensor(0.6648, device='cuda:0', grad_fn=<DivBackward0>)
Memory status after this epoch: 
Memory allocated:  30.01904296875
Memory cached:  48.0
	 epoch  80 training error:  tensor(0.5949, device='cuda:0', grad_fn=<DivBackward0>)
Memory status after this epoch: 
Memory allocated:  30.01904296875
Memory cached:  48.0
	 epoch  90 training error:  tensor(0.5972, device='cuda:0', grad_fn=<DivBackward0>)
Memory status after this epoch: 
Memory allocated:  30.01904296875
Memory cached:  48.0
[I 2023-12-07 04:12:52,647] Trial 86 finished with value: 0.5259022116661072 and parameters: {'W_layers': 3, 'W_layer_units_exponent_0': 7, 'W_layer_units_exponent_1': 7, 'W_layer_units_exponent_2': 4, 'D_layers': 7, 'D_layer_units_exponent_0': 6, 'D_layer_units_exponent_1': 9, 'D_layer_units_exponent_2': 5, 'D_layer_units_exponent_3': 6, 'D_layer_units_exponent_4': 10, 'D_layer_units_exponent_5': 8, 'D_layer_units_exponent_6': 8, 'D_dagger_layers': 5, 'D_dagger_layer_units_exponent_0': 6, 'D_dagger_layer_units_exponent_1': 4, 'D_dagger_layer_units_exponent_2': 4, 'D_dagger_layer_units_exponent_3': 6, 'D_dagger_layer_units_exponent_4': 4, 'log_learning_rate': -2.2091893873889115, 'log_learning_rate_D': -4.44361159200115, 'log_learning_rate_D_dagger': -2.675481707126191, 'training_batch_size': 7, 'training_p': 2}. Best is trial 78 with value: 0.5054259300231934.
Time for this trial:  16.21319556236267
Memory status after this trial: 
Memory allocated:  51.82666015625
Memory cached:  56.0
--------------------  Trial  87   --------------------
Start timing: 
Parameters: 
{'W_layers': 3, 'W_layer_units_exponent_0': 7, 'W_layer_units_exponent_1': 6, 'W_layer_units_exponent_2': 5, 'D_layers': 6, 'D_layer_units_exponent_0': 6, 'D_layer_units_exponent_1': 8, 'D_layer_units_exponent_2': 6, 'D_layer_units_exponent_3': 4, 'D_layer_units_exponent_4': 9, 'D_layer_units_exponent_5': 10, 'D_dagger_layers': 6, 'D_dagger_layer_units_exponent_0': 7, 'D_dagger_layer_units_exponent_1': 4, 'D_dagger_layer_units_exponent_2': 5, 'D_dagger_layer_units_exponent_3': 5, 'D_dagger_layer_units_exponent_4': 9, 'D_dagger_layer_units_exponent_5': 6, 'log_learning_rate': -2.0927014476824186, 'log_learning_rate_D': -4.113793086567382, 'log_learning_rate_D_dagger': -1.9872338742203055, 'training_batch_size': 7, 'training_p': 2}
	 epoch  0 training error:  tensor(1.1038, device='cuda:0', grad_fn=<DivBackward0>)
Memory status after this epoch: 
Memory allocated:  31.12255859375
Memory cached:  70.0
	 epoch  10 training error:  tensor(0.9004, device='cuda:0', grad_fn=<DivBackward0>)
Memory status after this epoch: 
Memory allocated:  31.12255859375
Memory cached:  70.0
	 epoch  20 training error:  tensor(0.7605, device='cuda:0', grad_fn=<DivBackward0>)
Memory status after this epoch: 
Memory allocated:  31.12255859375
Memory cached:  70.0
	 epoch  30 training error:  tensor(0.6997, device='cuda:0', grad_fn=<DivBackward0>)
Memory status after this epoch: 
Memory allocated:  31.12255859375
Memory cached:  70.0
	 epoch  40 training error:  tensor(0.6022, device='cuda:0', grad_fn=<DivBackward0>)
Memory status after this epoch: 
Memory allocated:  31.12255859375
Memory cached:  70.0
	 epoch  50 training error:  tensor(0.6250, device='cuda:0', grad_fn=<DivBackward0>)
Memory status after this epoch: 
Memory allocated:  31.12255859375
Memory cached:  70.0
	 epoch  60 training error:  tensor(0.5859, device='cuda:0', grad_fn=<DivBackward0>)
Memory status after this epoch: 
Memory allocated:  31.12255859375
Memory cached:  70.0
	 epoch  70 training error:  tensor(0.5686, device='cuda:0', grad_fn=<DivBackward0>)
Memory status after this epoch: 
Memory allocated:  31.12255859375
Memory cached:  70.0
	 epoch  80 training error:  tensor(0.5692, device='cuda:0', grad_fn=<DivBackward0>)
Memory status after this epoch: 
Memory allocated:  31.12255859375
Memory cached:  70.0
	 epoch  90 training error:  tensor(0.5686, device='cuda:0', grad_fn=<DivBackward0>)
Memory status after this epoch: 
Memory allocated:  31.12255859375
Memory cached:  70.0
