[I 2023-12-20 02:20:54,314] Trial 18 finished with value: 0.3784259855747223 and parameters: {'W_layers': 5, 'W_layer_units_exponent_0': 8, 'W_layer_units_exponent_1': 4, 'W_layer_units_exponent_2': 6, 'W_layer_units_exponent_3': 4, 'W_layer_units_exponent_4': 10, 'D_layers': 5, 'D_layer_units_exponent_0': 8, 'D_layer_units_exponent_1': 7, 'D_layer_units_exponent_2': 10, 'D_layer_units_exponent_3': 8, 'D_layer_units_exponent_4': 6, 'D_dagger_layers': 7, 'D_dagger_layer_units_exponent_0': 7, 'D_dagger_layer_units_exponent_1': 7, 'D_dagger_layer_units_exponent_2': 5, 'D_dagger_layer_units_exponent_3': 7, 'D_dagger_layer_units_exponent_4': 7, 'D_dagger_layer_units_exponent_5': 8, 'D_dagger_layer_units_exponent_6': 7, 'log_learning_rate': -2.5141362707018007, 'log_learning_rate_D': -4.555722557900703, 'log_learning_rate_D_dagger': -2.601444511260887, 'training_batch_size': 10, 'training_p': 5}. Best is trial 11 with value: 0.14480963349342346.
Time for this trial:  216.4659140110016
Memory status after this trial: 
Memory allocated:  392.4931640625
Memory cached:  398.0
--------------------  Trial  19   --------------------
Start timing: 
Parameters: 
{'W_layers': 6, 'W_layer_units_exponent_0': 7, 'W_layer_units_exponent_1': 6, 'W_layer_units_exponent_2': 5, 'W_layer_units_exponent_3': 6, 'W_layer_units_exponent_4': 7, 'W_layer_units_exponent_5': 7, 'D_layers': 6, 'D_layer_units_exponent_0': 8, 'D_layer_units_exponent_1': 5, 'D_layer_units_exponent_2': 9, 'D_layer_units_exponent_3': 5, 'D_layer_units_exponent_4': 4, 'D_layer_units_exponent_5': 9, 'D_dagger_layers': 6, 'D_dagger_layer_units_exponent_0': 9, 'D_dagger_layer_units_exponent_1': 10, 'D_dagger_layer_units_exponent_2': 5, 'D_dagger_layer_units_exponent_3': 8, 'D_dagger_layer_units_exponent_4': 10, 'D_dagger_layer_units_exponent_5': 5, 'log_learning_rate': -2.6726482920824477, 'log_learning_rate_D': -3.5975327411946854, 'log_learning_rate_D_dagger': -3.117571777789583, 'training_batch_size': 8, 'training_p': 3}
	 epoch  0 training error:  tensor(0.9752, device='cuda:0', grad_fn=<DivBackward0>)
Memory status after this epoch: 
Memory allocated:  196.87548828125
Memory cached:  404.0
	 epoch  10 training error:  tensor(0.4346, device='cuda:0', grad_fn=<DivBackward0>)
Memory status after this epoch: 
Memory allocated:  196.87548828125
Memory cached:  418.0
	 epoch  20 training error:  tensor(0.3996, device='cuda:0', grad_fn=<DivBackward0>)
Memory status after this epoch: 
Memory allocated:  196.87548828125
Memory cached:  416.0
	 epoch  30 training error:  tensor(0.4045, device='cuda:0', grad_fn=<DivBackward0>)
Memory status after this epoch: 
Memory allocated:  196.87548828125
Memory cached:  420.0
	 epoch  40 training error:  tensor(0.3788, device='cuda:0', grad_fn=<DivBackward0>)
Memory status after this epoch: 
Memory allocated:  196.87548828125
Memory cached:  414.0
	 epoch  50 training error:  tensor(0.4032, device='cuda:0', grad_fn=<DivBackward0>)
Memory status after this epoch: 
Memory allocated:  196.87548828125
Memory cached:  418.0
	 epoch  60 training error:  tensor(0.3789, device='cuda:0', grad_fn=<DivBackward0>)
Memory status after this epoch: 
Memory allocated:  196.87548828125
Memory cached:  418.0
	 epoch  70 training error:  tensor(0.3673, device='cuda:0', grad_fn=<DivBackward0>)
Memory status after this epoch: 
Memory allocated:  196.87548828125
Memory cached:  420.0
	 epoch  80 training error:  tensor(0.3592, device='cuda:0', grad_fn=<DivBackward0>)
Memory status after this epoch: 
Memory allocated:  196.87548828125
Memory cached:  418.0
	 epoch  90 training error:  tensor(0.3338, device='cuda:0', grad_fn=<DivBackward0>)
Memory status after this epoch: 
Memory allocated:  196.87548828125
Memory cached:  422.0
[I 2023-12-20 02:24:43,667] Trial 19 finished with value: 0.26170483231544495 and parameters: {'W_layers': 6, 'W_layer_units_exponent_0': 7, 'W_layer_units_exponent_1': 6, 'W_layer_units_exponent_2': 5, 'W_layer_units_exponent_3': 6, 'W_layer_units_exponent_4': 7, 'W_layer_units_exponent_5': 7, 'D_layers': 6, 'D_layer_units_exponent_0': 8, 'D_layer_units_exponent_1': 5, 'D_layer_units_exponent_2': 9, 'D_layer_units_exponent_3': 5, 'D_layer_units_exponent_4': 4, 'D_layer_units_exponent_5': 9, 'D_dagger_layers': 6, 'D_dagger_layer_units_exponent_0': 9, 'D_dagger_layer_units_exponent_1': 10, 'D_dagger_layer_units_exponent_2': 5, 'D_dagger_layer_units_exponent_3': 8, 'D_dagger_layer_units_exponent_4': 10, 'D_dagger_layer_units_exponent_5': 5, 'log_learning_rate': -2.6726482920824477, 'log_learning_rate_D': -3.5975327411946854, 'log_learning_rate_D_dagger': -3.117571777789583, 'training_batch_size': 8, 'training_p': 3}. Best is trial 11 with value: 0.14480963349342346.
Time for this trial:  228.97002863883972
Memory status after this trial: 
Memory allocated:  439.73486328125
Memory cached:  460.0
--------------------  Trial  20   --------------------
Start timing: 
Parameters: 
{'W_layers': 7, 'W_layer_units_exponent_0': 7, 'W_layer_units_exponent_1': 6, 'W_layer_units_exponent_2': 5, 'W_layer_units_exponent_3': 6, 'W_layer_units_exponent_4': 7, 'W_layer_units_exponent_5': 7, 'W_layer_units_exponent_6': 10, 'D_layers': 5, 'D_layer_units_exponent_0': 8, 'D_layer_units_exponent_1': 5, 'D_layer_units_exponent_2': 9, 'D_layer_units_exponent_3': 8, 'D_layer_units_exponent_4': 6, 'D_dagger_layers': 6, 'D_dagger_layer_units_exponent_0': 9, 'D_dagger_layer_units_exponent_1': 10, 'D_dagger_layer_units_exponent_2': 5, 'D_dagger_layer_units_exponent_3': 10, 'D_dagger_layer_units_exponent_4': 10, 'D_dagger_layer_units_exponent_5': 5, 'log_learning_rate': -2.6642707838516175, 'log_learning_rate_D': -2.4236437802451114, 'log_learning_rate_D_dagger': -3.260895935095387, 'training_batch_size': 10, 'training_p': 3}
	 epoch  0 training error:  tensor(1.0202, device='cuda:0', grad_fn=<DivBackward0>)
Memory status after this epoch: 
Memory allocated:  213.14697265625
Memory cached:  436.0
	 epoch  10 training error:  tensor(0.3799, device='cuda:0', grad_fn=<DivBackward0>)
Memory status after this epoch: 
Memory allocated:  213.14697265625
Memory cached:  430.0
	 epoch  20 training error:  tensor(0.4004, device='cuda:0', grad_fn=<DivBackward0>)
Memory status after this epoch: 
Memory allocated:  213.14697265625
Memory cached:  428.0
	 epoch  30 training error:  tensor(0.4219, device='cuda:0', grad_fn=<DivBackward0>)
Memory status after this epoch: 
Memory allocated:  213.14697265625
Memory cached:  428.0
	 epoch  40 training error:  tensor(0.3859, device='cuda:0', grad_fn=<DivBackward0>)
Memory status after this epoch: 
Memory allocated:  213.14697265625
Memory cached:  434.0
	 epoch  50 training error:  tensor(0.3731, device='cuda:0', grad_fn=<DivBackward0>)
Memory status after this epoch: 
Memory allocated:  213.14697265625
Memory cached:  434.0
	 epoch  60 training error:  tensor(0.3697, device='cuda:0', grad_fn=<DivBackward0>)
Memory status after this epoch: 
Memory allocated:  213.14697265625
Memory cached:  426.0
	 epoch  70 training error:  tensor(0.3645, device='cuda:0', grad_fn=<DivBackward0>)
Memory status after this epoch: 
Memory allocated:  213.14697265625
Memory cached:  430.0
	 epoch  80 training error:  tensor(0.3750, device='cuda:0', grad_fn=<DivBackward0>)
Memory status after this epoch: 
Memory allocated:  213.14697265625
Memory cached:  432.0
	 epoch  90 training error:  tensor(0.3699, device='cuda:0', grad_fn=<DivBackward0>)
Memory status after this epoch: 
Memory allocated:  213.14697265625
Memory cached:  426.0
[I 2023-12-20 02:28:46,507] Trial 20 finished with value: 0.30739402770996094 and parameters: {'W_layers': 7, 'W_layer_units_exponent_0': 7, 'W_layer_units_exponent_1': 6, 'W_layer_units_exponent_2': 5, 'W_layer_units_exponent_3': 6, 'W_layer_units_exponent_4': 7, 'W_layer_units_exponent_5': 7, 'W_layer_units_exponent_6': 10, 'D_layers': 5, 'D_layer_units_exponent_0': 8, 'D_layer_units_exponent_1': 5, 'D_layer_units_exponent_2': 9, 'D_layer_units_exponent_3': 8, 'D_layer_units_exponent_4': 6, 'D_dagger_layers': 6, 'D_dagger_layer_units_exponent_0': 9, 'D_dagger_layer_units_exponent_1': 10, 'D_dagger_layer_units_exponent_2': 5, 'D_dagger_layer_units_exponent_3': 10, 'D_dagger_layer_units_exponent_4': 10, 'D_dagger_layer_units_exponent_5': 5, 'log_learning_rate': -2.6642707838516175, 'log_learning_rate_D': -2.4236437802451114, 'log_learning_rate_D_dagger': -3.260895935095387, 'training_batch_size': 10, 'training_p': 3}. Best is trial 11 with value: 0.14480963349342346.
Time for this trial:  242.43077611923218
Memory status after this trial: 
Memory allocated:  527.26318359375
Memory cached:  560.0
--------------------  Trial  21   --------------------
Start timing: 
Parameters: 
{'W_layers': 6, 'W_layer_units_exponent_0': 7, 'W_layer_units_exponent_1': 5, 'W_layer_units_exponent_2': 5, 'W_layer_units_exponent_3': 7, 'W_layer_units_exponent_4': 6, 'W_layer_units_exponent_5': 7, 'D_layers': 6, 'D_layer_units_exponent_0': 7, 'D_layer_units_exponent_1': 6, 'D_layer_units_exponent_2': 10, 'D_layer_units_exponent_3': 5, 'D_layer_units_exponent_4': 4, 'D_layer_units_exponent_5': 9, 'D_dagger_layers': 8, 'D_dagger_layer_units_exponent_0': 10, 'D_dagger_layer_units_exponent_1': 9, 'D_dagger_layer_units_exponent_2': 5, 'D_dagger_layer_units_exponent_3': 8, 'D_dagger_layer_units_exponent_4': 9, 'D_dagger_layer_units_exponent_5': 5, 'D_dagger_layer_units_exponent_6': 10, 'D_dagger_layer_units_exponent_7': 4, 'log_learning_rate': -1.9546478806571421, 'log_learning_rate_D': -3.6905271114643687, 'log_learning_rate_D_dagger': -2.9041663402130076, 'training_batch_size': 7, 'training_p': 2}
	 epoch  0 training error:  tensor(0.9911, device='cuda:0', grad_fn=<DivBackward0>)
Memory status after this epoch: 
Memory allocated:  195.98291015625
Memory cached:  412.0
	 epoch  10 training error:  tensor(0.3502, device='cuda:0', grad_fn=<DivBackward0>)
Memory status after this epoch: 
Memory allocated:  195.98291015625
Memory cached:  440.0
	 epoch  20 training error:  tensor(0.4019, device='cuda:0', grad_fn=<DivBackward0>)
Memory status after this epoch: 
Memory allocated:  195.98291015625
Memory cached:  448.0
	 epoch  30 training error:  tensor(0.3009, device='cuda:0', grad_fn=<DivBackward0>)
Memory status after this epoch: 
Memory allocated:  195.98291015625
Memory cached:  432.0
	 epoch  40 training error:  tensor(0.3508, device='cuda:0', grad_fn=<DivBackward0>)
Memory status after this epoch: 
Memory allocated:  195.98291015625
Memory cached:  420.0
	 epoch  50 training error:  tensor(0.3061, device='cuda:0', grad_fn=<DivBackward0>)
Memory status after this epoch: 
Memory allocated:  195.98291015625
Memory cached:  438.0
	 epoch  60 training error:  tensor(0.3073, device='cuda:0', grad_fn=<DivBackward0>)
Memory status after this epoch: 
Memory allocated:  195.98291015625
Memory cached:  426.0
	 epoch  70 training error:  tensor(0.3055, device='cuda:0', grad_fn=<DivBackward0>)
Memory status after this epoch: 
Memory allocated:  195.98291015625
Memory cached:  440.0
	 epoch  80 training error:  tensor(0.2918, device='cuda:0', grad_fn=<DivBackward0>)
Memory status after this epoch: 
Memory allocated:  195.98291015625
Memory cached:  432.0
	 epoch  90 training error:  tensor(0.2865, device='cuda:0', grad_fn=<DivBackward0>)
Memory status after this epoch: 
Memory allocated:  195.98291015625
Memory cached:  436.0
[I 2023-12-20 02:32:58,014] Trial 21 finished with value: 0.3331162929534912 and parameters: {'W_layers': 6, 'W_layer_units_exponent_0': 7, 'W_layer_units_exponent_1': 5, 'W_layer_units_exponent_2': 5, 'W_layer_units_exponent_3': 7, 'W_layer_units_exponent_4': 6, 'W_layer_units_exponent_5': 7, 'D_layers': 6, 'D_layer_units_exponent_0': 7, 'D_layer_units_exponent_1': 6, 'D_layer_units_exponent_2': 10, 'D_layer_units_exponent_3': 5, 'D_layer_units_exponent_4': 4, 'D_layer_units_exponent_5': 9, 'D_dagger_layers': 8, 'D_dagger_layer_units_exponent_0': 10, 'D_dagger_layer_units_exponent_1': 9, 'D_dagger_layer_units_exponent_2': 5, 'D_dagger_layer_units_exponent_3': 8, 'D_dagger_layer_units_exponent_4': 9, 'D_dagger_layer_units_exponent_5': 5, 'D_dagger_layer_units_exponent_6': 10, 'D_dagger_layer_units_exponent_7': 4, 'log_learning_rate': -1.9546478806571421, 'log_learning_rate_D': -3.6905271114643687, 'log_learning_rate_D_dagger': -2.9041663402130076, 'training_batch_size': 7, 'training_p': 2}. Best is trial 11 with value: 0.14480963349342346.
Time for this trial:  251.09358167648315
Memory status after this trial: 
Memory allocated:  488.041015625
Memory cached:  508.0
--------------------  Trial  22   --------------------
Start timing: 
Parameters: 
{'W_layers': 5, 'W_layer_units_exponent_0': 9, 'W_layer_units_exponent_1': 4, 'W_layer_units_exponent_2': 7, 'W_layer_units_exponent_3': 6, 'W_layer_units_exponent_4': 8, 'D_layers': 7, 'D_layer_units_exponent_0': 7, 'D_layer_units_exponent_1': 5, 'D_layer_units_exponent_2': 9, 'D_layer_units_exponent_3': 5, 'D_layer_units_exponent_4': 4, 'D_layer_units_exponent_5': 10, 'D_layer_units_exponent_6': 10, 'D_dagger_layers': 7, 'D_dagger_layer_units_exponent_0': 10, 'D_dagger_layer_units_exponent_1': 8, 'D_dagger_layer_units_exponent_2': 6, 'D_dagger_layer_units_exponent_3': 9, 'D_dagger_layer_units_exponent_4': 9, 'D_dagger_layer_units_exponent_5': 5, 'D_dagger_layer_units_exponent_6': 6, 'log_learning_rate': -2.671257047816006, 'log_learning_rate_D': -4.104680712300951, 'log_learning_rate_D_dagger': -3.1420300438345676, 'training_batch_size': 8, 'training_p': 4}
	 epoch  0 training error:  tensor(0.9643, device='cuda:0', grad_fn=<DivBackward0>)
Memory status after this epoch: 
Memory allocated:  208.86376953125
Memory cached:  412.0
	 epoch  10 training error:  tensor(0.4554, device='cuda:0', grad_fn=<DivBackward0>)
Memory status after this epoch: 
Memory allocated:  208.86376953125
Memory cached:  448.0
	 epoch  20 training error:  tensor(0.4584, device='cuda:0', grad_fn=<DivBackward0>)
Memory status after this epoch: 
Memory allocated:  208.86376953125
Memory cached:  448.0
	 epoch  30 training error:  tensor(0.4521, device='cuda:0', grad_fn=<DivBackward0>)
Memory status after this epoch: 
Memory allocated:  208.86376953125
Memory cached:  452.0
	 epoch  40 training error:  tensor(0.4458, device='cuda:0', grad_fn=<DivBackward0>)
Memory status after this epoch: 
Memory allocated:  208.86376953125
Memory cached:  454.0
	 epoch  50 training error:  tensor(0.4337, device='cuda:0', grad_fn=<DivBackward0>)
Memory status after this epoch: 
Memory allocated:  208.86376953125
Memory cached:  444.0
	 epoch  60 training error:  tensor(0.4348, device='cuda:0', grad_fn=<DivBackward0>)
Memory status after this epoch: 
Memory allocated:  208.86376953125
Memory cached:  450.0
	 epoch  70 training error:  tensor(0.4322, device='cuda:0', grad_fn=<DivBackward0>)
Memory status after this epoch: 
Memory allocated:  208.86376953125
Memory cached:  450.0
	 epoch  80 training error:  tensor(0.4283, device='cuda:0', grad_fn=<DivBackward0>)
Memory status after this epoch: 
Memory allocated:  208.86376953125
Memory cached:  452.0
	 epoch  90 training error:  tensor(0.4179, device='cuda:0', grad_fn=<DivBackward0>)
Memory status after this epoch: 
Memory allocated:  208.86376953125
Memory cached:  442.0
[I 2023-12-20 02:37:06,043] Trial 22 finished with value: 0.35149046778678894 and parameters: {'W_layers': 5, 'W_layer_units_exponent_0': 9, 'W_layer_units_exponent_1': 4, 'W_layer_units_exponent_2': 7, 'W_layer_units_exponent_3': 6, 'W_layer_units_exponent_4': 8, 'D_layers': 7, 'D_layer_units_exponent_0': 7, 'D_layer_units_exponent_1': 5, 'D_layer_units_exponent_2': 9, 'D_layer_units_exponent_3': 5, 'D_layer_units_exponent_4': 4, 'D_layer_units_exponent_5': 10, 'D_layer_units_exponent_6': 10, 'D_dagger_layers': 7, 'D_dagger_layer_units_exponent_0': 10, 'D_dagger_layer_units_exponent_1': 8, 'D_dagger_layer_units_exponent_2': 6, 'D_dagger_layer_units_exponent_3': 9, 'D_dagger_layer_units_exponent_4': 9, 'D_dagger_layer_units_exponent_5': 5, 'D_dagger_layer_units_exponent_6': 6, 'log_learning_rate': -2.671257047816006, 'log_learning_rate_D': -4.104680712300951, 'log_learning_rate_D_dagger': -3.1420300438345676, 'training_batch_size': 8, 'training_p': 4}. Best is trial 11 with value: 0.14480963349342346.
Time for this trial:  247.6009168624878
Memory status after this trial: 
Memory allocated:  516.10986328125
Memory cached:  534.0
--------------------  Trial  23   --------------------
Start timing: 
Parameters: 
{'W_layers': 7, 'W_layer_units_exponent_0': 8, 'W_layer_units_exponent_1': 6, 'W_layer_units_exponent_2': 4, 'W_layer_units_exponent_3': 9, 'W_layer_units_exponent_4': 9, 'W_layer_units_exponent_5': 8, 'W_layer_units_exponent_6': 4, 'D_layers': 6, 'D_layer_units_exponent_0': 8, 'D_layer_units_exponent_1': 6, 'D_layer_units_exponent_2': 10, 'D_layer_units_exponent_3': 4, 'D_layer_units_exponent_4': 5, 'D_layer_units_exponent_5': 9, 'D_dagger_layers': 6, 'D_dagger_layer_units_exponent_0': 9, 'D_dagger_layer_units_exponent_1': 10, 'D_dagger_layer_units_exponent_2': 5, 'D_dagger_layer_units_exponent_3': 8, 'D_dagger_layer_units_exponent_4': 4, 'D_dagger_layer_units_exponent_5': 4, 'log_learning_rate': -2.194886665856613, 'log_learning_rate_D': -3.524440047460974, 'log_learning_rate_D_dagger': -3.6304114437860457, 'training_batch_size': 6, 'training_p': 3}
	 epoch  0 training error:  tensor(1.0495, device='cuda:0', grad_fn=<DivBackward0>)
Memory status after this epoch: 
Memory allocated:  199.37158203125
Memory cached:  428.0
	 epoch  10 training error:  tensor(0.4268, device='cuda:0', grad_fn=<DivBackward0>)
Memory status after this epoch: 
Memory allocated:  199.37158203125
Memory cached:  458.0
	 epoch  20 training error:  tensor(0.3806, device='cuda:0', grad_fn=<DivBackward0>)
Memory status after this epoch: 
Memory allocated:  199.37158203125
Memory cached:  452.0
	 epoch  30 training error:  tensor(0.3886, device='cuda:0', grad_fn=<DivBackward0>)
Memory status after this epoch: 
Memory allocated:  199.37158203125
Memory cached:  446.0
	 epoch  40 training error:  tensor(0.3774, device='cuda:0', grad_fn=<DivBackward0>)
Memory status after this epoch: 
Memory allocated:  199.37158203125
Memory cached:  448.0
	 epoch  50 training error:  tensor(0.3793, device='cuda:0', grad_fn=<DivBackward0>)
Memory status after this epoch: 
Memory allocated:  199.37158203125
Memory cached:  454.0
	 epoch  60 training error:  tensor(0.3816, device='cuda:0', grad_fn=<DivBackward0>)
Memory status after this epoch: 
Memory allocated:  199.37158203125
Memory cached:  460.0
	 epoch  70 training error:  tensor(0.3775, device='cuda:0', grad_fn=<DivBackward0>)
Memory status after this epoch: 
Memory allocated:  199.37158203125
Memory cached:  458.0
	 epoch  80 training error:  tensor(0.3741, device='cuda:0', grad_fn=<DivBackward0>)
Memory status after this epoch: 
Memory allocated:  199.37158203125
Memory cached:  440.0
	 epoch  90 training error:  tensor(0.3633, device='cuda:0', grad_fn=<DivBackward0>)
Memory status after this epoch: 
Memory allocated:  199.37158203125
Memory cached:  438.0
