[I 2023-12-03 02:22:57,577] Trial 6 finished with value: 0.13369803130626678 and parameters: {'W_layers': 4, 'W_layer_units_exponent_0': 10, 'W_layer_units_exponent_1': 4, 'W_layer_units_exponent_2': 4, 'W_layer_units_exponent_3': 6, 'D_layers': 5, 'D_layer_units_exponent_0': 4, 'D_layer_units_exponent_1': 7, 'D_layer_units_exponent_2': 10, 'D_layer_units_exponent_3': 10, 'D_layer_units_exponent_4': 9, 'D_dagger_layers': 7, 'D_dagger_layer_units_exponent_0': 8, 'D_dagger_layer_units_exponent_1': 9, 'D_dagger_layer_units_exponent_2': 9, 'D_dagger_layer_units_exponent_3': 6, 'D_dagger_layer_units_exponent_4': 5, 'D_dagger_layer_units_exponent_5': 6, 'D_dagger_layer_units_exponent_6': 8, 'log_learning_rate': -2.782924227841989, 'log_learning_rate_D': -3.496218838466068, 'log_learning_rate_D_dagger': -1.66560433469053, 'training_batch_size': 11, 'training_p': 5}. Best is trial 3 with value: 0.06629503518342972.
Time for this trial:  221.44439053535461
Memory status after this trial: 
Memory allocated:  587.80029296875
Memory cached:  622.0
--------------------  Trial  7   --------------------
Start timing: 
Parameters: 
{'W_layers': 5, 'W_layer_units_exponent_0': 7, 'W_layer_units_exponent_1': 10, 'W_layer_units_exponent_2': 4, 'W_layer_units_exponent_3': 5, 'W_layer_units_exponent_4': 4, 'D_layers': 6, 'D_layer_units_exponent_0': 6, 'D_layer_units_exponent_1': 10, 'D_layer_units_exponent_2': 7, 'D_layer_units_exponent_3': 8, 'D_layer_units_exponent_4': 8, 'D_layer_units_exponent_5': 10, 'D_dagger_layers': 4, 'D_dagger_layer_units_exponent_0': 9, 'D_dagger_layer_units_exponent_1': 5, 'D_dagger_layer_units_exponent_2': 8, 'D_dagger_layer_units_exponent_3': 7, 'log_learning_rate': -4.605812076055528, 'log_learning_rate_D': -2.7969676337689737, 'log_learning_rate_D_dagger': -2.509919216474344, 'training_batch_size': 12, 'training_p': 3}
	 epoch  0 training error:  tensor(1.0338, device='cuda:0', grad_fn=<DivBackward0>)
Memory status after this epoch: 
Memory allocated:  295.09423828125
Memory cached:  488.0
	 epoch  10 training error:  tensor(0.1930, device='cuda:0', grad_fn=<DivBackward0>)
Memory status after this epoch: 
Memory allocated:  295.09423828125
Memory cached:  528.0
	 epoch  20 training error:  tensor(0.1252, device='cuda:0', grad_fn=<DivBackward0>)
Memory status after this epoch: 
Memory allocated:  295.09423828125
Memory cached:  526.0
	 epoch  30 training error:  tensor(0.0969, device='cuda:0', grad_fn=<DivBackward0>)
Memory status after this epoch: 
Memory allocated:  295.09423828125
Memory cached:  524.0
	 epoch  40 training error:  tensor(0.0994, device='cuda:0', grad_fn=<DivBackward0>)
Memory status after this epoch: 
Memory allocated:  295.09423828125
Memory cached:  528.0
	 epoch  50 training error:  tensor(0.1019, device='cuda:0', grad_fn=<DivBackward0>)
Memory status after this epoch: 
Memory allocated:  295.09423828125
Memory cached:  524.0
	 epoch  60 training error:  tensor(0.0765, device='cuda:0', grad_fn=<DivBackward0>)
Memory status after this epoch: 
Memory allocated:  295.09423828125
Memory cached:  526.0
	 epoch  70 training error:  tensor(0.0729, device='cuda:0', grad_fn=<DivBackward0>)
Memory status after this epoch: 
Memory allocated:  295.09423828125
Memory cached:  532.0
	 epoch  80 training error:  tensor(0.0744, device='cuda:0', grad_fn=<DivBackward0>)
Memory status after this epoch: 
Memory allocated:  295.09423828125
Memory cached:  532.0
	 epoch  90 training error:  tensor(0.0712, device='cuda:0', grad_fn=<DivBackward0>)
Memory status after this epoch: 
Memory allocated:  295.09423828125
Memory cached:  532.0
[I 2023-12-03 02:26:26,053] Trial 7 finished with value: 0.0615520142018795 and parameters: {'W_layers': 5, 'W_layer_units_exponent_0': 7, 'W_layer_units_exponent_1': 10, 'W_layer_units_exponent_2': 4, 'W_layer_units_exponent_3': 5, 'W_layer_units_exponent_4': 4, 'D_layers': 6, 'D_layer_units_exponent_0': 6, 'D_layer_units_exponent_1': 10, 'D_layer_units_exponent_2': 7, 'D_layer_units_exponent_3': 8, 'D_layer_units_exponent_4': 8, 'D_layer_units_exponent_5': 10, 'D_dagger_layers': 4, 'D_dagger_layer_units_exponent_0': 9, 'D_dagger_layer_units_exponent_1': 5, 'D_dagger_layer_units_exponent_2': 8, 'D_dagger_layer_units_exponent_3': 7, 'log_learning_rate': -4.605812076055528, 'log_learning_rate_D': -2.7969676337689737, 'log_learning_rate_D_dagger': -2.509919216474344, 'training_batch_size': 12, 'training_p': 3}. Best is trial 7 with value: 0.0615520142018795.
res:  tensor(0.0616, device='cuda:0', grad_fn=<DivBackward0>)
self.bestValue:  tensor(0.0663, device='cuda:0', grad_fn=<DivBackward0>)
Save this model!
Time for this trial:  208.30533814430237
Memory status after this trial: 
Memory allocated:  257.78076171875
Memory cached:  512.0
--------------------  Trial  8   --------------------
Start timing: 
Parameters: 
{'W_layers': 5, 'W_layer_units_exponent_0': 9, 'W_layer_units_exponent_1': 4, 'W_layer_units_exponent_2': 9, 'W_layer_units_exponent_3': 10, 'W_layer_units_exponent_4': 5, 'D_layers': 6, 'D_layer_units_exponent_0': 5, 'D_layer_units_exponent_1': 5, 'D_layer_units_exponent_2': 8, 'D_layer_units_exponent_3': 10, 'D_layer_units_exponent_4': 5, 'D_layer_units_exponent_5': 6, 'D_dagger_layers': 7, 'D_dagger_layer_units_exponent_0': 6, 'D_dagger_layer_units_exponent_1': 7, 'D_dagger_layer_units_exponent_2': 9, 'D_dagger_layer_units_exponent_3': 7, 'D_dagger_layer_units_exponent_4': 4, 'D_dagger_layer_units_exponent_5': 6, 'D_dagger_layer_units_exponent_6': 7, 'log_learning_rate': -1.9215557517198265, 'log_learning_rate_D': -2.859290432280205, 'log_learning_rate_D_dagger': -4.929061383100018, 'training_batch_size': 12, 'training_p': 4}
	 epoch  0 training error:  tensor(0.9919, device='cuda:0', grad_fn=<DivBackward0>)
Memory status after this epoch: 
Memory allocated:  273.63330078125
Memory cached:  518.0
	 epoch  10 training error:  tensor(0.5298, device='cuda:0', grad_fn=<DivBackward0>)
Memory status after this epoch: 
Memory allocated:  273.63330078125
Memory cached:  560.0
	 epoch  20 training error:  tensor(0.3625, device='cuda:0', grad_fn=<DivBackward0>)
Memory status after this epoch: 
Memory allocated:  273.63330078125
Memory cached:  560.0
	 epoch  30 training error:  tensor(0.2559, device='cuda:0', grad_fn=<DivBackward0>)
Memory status after this epoch: 
Memory allocated:  273.63330078125
Memory cached:  560.0
	 epoch  40 training error:  tensor(0.1843, device='cuda:0', grad_fn=<DivBackward0>)
Memory status after this epoch: 
Memory allocated:  273.63330078125
Memory cached:  560.0
	 epoch  50 training error:  tensor(0.2151, device='cuda:0', grad_fn=<DivBackward0>)
Memory status after this epoch: 
Memory allocated:  273.63330078125
Memory cached:  562.0
	 epoch  60 training error:  tensor(0.2088, device='cuda:0', grad_fn=<DivBackward0>)
Memory status after this epoch: 
Memory allocated:  273.63330078125
Memory cached:  560.0
	 epoch  70 training error:  tensor(0.1735, device='cuda:0', grad_fn=<DivBackward0>)
Memory status after this epoch: 
Memory allocated:  273.63330078125
Memory cached:  558.0
	 epoch  80 training error:  tensor(0.1649, device='cuda:0', grad_fn=<DivBackward0>)
Memory status after this epoch: 
Memory allocated:  273.63330078125
Memory cached:  554.0
	 epoch  90 training error:  tensor(0.1630, device='cuda:0', grad_fn=<DivBackward0>)
Memory status after this epoch: 
Memory allocated:  273.63330078125
Memory cached:  558.0
[I 2023-12-03 02:30:12,764] Trial 8 finished with value: 0.1148822233080864 and parameters: {'W_layers': 5, 'W_layer_units_exponent_0': 9, 'W_layer_units_exponent_1': 4, 'W_layer_units_exponent_2': 9, 'W_layer_units_exponent_3': 10, 'W_layer_units_exponent_4': 5, 'D_layers': 6, 'D_layer_units_exponent_0': 5, 'D_layer_units_exponent_1': 5, 'D_layer_units_exponent_2': 8, 'D_layer_units_exponent_3': 10, 'D_layer_units_exponent_4': 5, 'D_layer_units_exponent_5': 6, 'D_dagger_layers': 7, 'D_dagger_layer_units_exponent_0': 6, 'D_dagger_layer_units_exponent_1': 7, 'D_dagger_layer_units_exponent_2': 9, 'D_dagger_layer_units_exponent_3': 7, 'D_dagger_layer_units_exponent_4': 4, 'D_dagger_layer_units_exponent_5': 6, 'D_dagger_layer_units_exponent_6': 7, 'log_learning_rate': -1.9215557517198265, 'log_learning_rate_D': -2.859290432280205, 'log_learning_rate_D_dagger': -4.929061383100018, 'training_batch_size': 12, 'training_p': 4}. Best is trial 7 with value: 0.0615520142018795.
Time for this trial:  226.57524704933167
Memory status after this trial: 
Memory allocated:  508.26904296875
Memory cached:  534.0
--------------------  Trial  9   --------------------
Start timing: 
Parameters: 
{'W_layers': 4, 'W_layer_units_exponent_0': 10, 'W_layer_units_exponent_1': 8, 'W_layer_units_exponent_2': 9, 'W_layer_units_exponent_3': 9, 'D_layers': 2, 'D_layer_units_exponent_0': 4, 'D_layer_units_exponent_1': 9, 'D_dagger_layers': 7, 'D_dagger_layer_units_exponent_0': 10, 'D_dagger_layer_units_exponent_1': 10, 'D_dagger_layer_units_exponent_2': 10, 'D_dagger_layer_units_exponent_3': 5, 'D_dagger_layer_units_exponent_4': 9, 'D_dagger_layer_units_exponent_5': 4, 'D_dagger_layer_units_exponent_6': 9, 'log_learning_rate': -1.9176133665047796, 'log_learning_rate_D': -1.9315323345046735, 'log_learning_rate_D_dagger': -3.439378654101042, 'training_batch_size': 11, 'training_p': 2}
	 epoch  0 training error:  tensor(0.9942, device='cuda:0', grad_fn=<DivBackward0>)
Memory status after this epoch: 
Memory allocated:  301.13720703125
Memory cached:  538.0
	 epoch  10 training error:  tensor(1.9976, device='cuda:0', grad_fn=<DivBackward0>)
Memory status after this epoch: 
Memory allocated:  301.13720703125
Memory cached:  588.0
	 epoch  20 training error:  tensor(0.7343, device='cuda:0', grad_fn=<DivBackward0>)
Memory status after this epoch: 
Memory allocated:  301.13720703125
Memory cached:  576.0
	 epoch  30 training error:  tensor(1.9347, device='cuda:0', grad_fn=<DivBackward0>)
Memory status after this epoch: 
Memory allocated:  301.13720703125
Memory cached:  588.0
	 epoch  40 training error:  tensor(0.6155, device='cuda:0', grad_fn=<DivBackward0>)
Memory status after this epoch: 
Memory allocated:  301.13720703125
Memory cached:  584.0
	 epoch  50 training error:  tensor(0.3364, device='cuda:0', grad_fn=<DivBackward0>)
Memory status after this epoch: 
Memory allocated:  301.13720703125
Memory cached:  578.0
	 epoch  60 training error:  tensor(0.1139, device='cuda:0', grad_fn=<DivBackward0>)
Memory status after this epoch: 
Memory allocated:  301.13720703125
Memory cached:  584.0
	 epoch  70 training error:  tensor(0.1172, device='cuda:0', grad_fn=<DivBackward0>)
Memory status after this epoch: 
Memory allocated:  301.13720703125
Memory cached:  578.0
	 epoch  80 training error:  tensor(0.1260, device='cuda:0', grad_fn=<DivBackward0>)
Memory status after this epoch: 
Memory allocated:  301.13720703125
Memory cached:  576.0
	 epoch  90 training error:  tensor(0.1105, device='cuda:0', grad_fn=<DivBackward0>)
Memory status after this epoch: 
Memory allocated:  301.13720703125
Memory cached:  576.0
[I 2023-12-03 02:33:41,993] Trial 9 finished with value: 0.09224193543195724 and parameters: {'W_layers': 4, 'W_layer_units_exponent_0': 10, 'W_layer_units_exponent_1': 8, 'W_layer_units_exponent_2': 9, 'W_layer_units_exponent_3': 9, 'D_layers': 2, 'D_layer_units_exponent_0': 4, 'D_layer_units_exponent_1': 9, 'D_dagger_layers': 7, 'D_dagger_layer_units_exponent_0': 10, 'D_dagger_layer_units_exponent_1': 10, 'D_dagger_layer_units_exponent_2': 10, 'D_dagger_layer_units_exponent_3': 5, 'D_dagger_layer_units_exponent_4': 9, 'D_dagger_layer_units_exponent_5': 4, 'D_dagger_layer_units_exponent_6': 9, 'log_learning_rate': -1.9176133665047796, 'log_learning_rate_D': -1.9315323345046735, 'log_learning_rate_D_dagger': -3.439378654101042, 'training_batch_size': 11, 'training_p': 2}. Best is trial 7 with value: 0.0615520142018795.
Time for this trial:  209.03598427772522
Memory status after this trial: 
Memory allocated:  640.70458984375
Memory cached:  672.0
--------------------  Trial  10   --------------------
Start timing: 
Parameters: 
{'W_layers': 2, 'W_layer_units_exponent_0': 6, 'W_layer_units_exponent_1': 10, 'D_layers': 8, 'D_layer_units_exponent_0': 7, 'D_layer_units_exponent_1': 10, 'D_layer_units_exponent_2': 6, 'D_layer_units_exponent_3': 4, 'D_layer_units_exponent_4': 9, 'D_layer_units_exponent_5': 10, 'D_layer_units_exponent_6': 10, 'D_layer_units_exponent_7': 5, 'D_dagger_layers': 5, 'D_dagger_layer_units_exponent_0': 7, 'D_dagger_layer_units_exponent_1': 5, 'D_dagger_layer_units_exponent_2': 6, 'D_dagger_layer_units_exponent_3': 10, 'D_dagger_layer_units_exponent_4': 7, 'log_learning_rate': -4.9500012110400355, 'log_learning_rate_D': -4.987257794328842, 'log_learning_rate_D_dagger': -2.3714989773873265, 'training_batch_size': 9, 'training_p': 2}
	 epoch  0 training error:  tensor(0.9776, device='cuda:0', grad_fn=<DivBackward0>)
Memory status after this epoch: 
Memory allocated:  289.68212890625
Memory cached:  536.0
	 epoch  10 training error:  tensor(0.1271, device='cuda:0', grad_fn=<DivBackward0>)
Memory status after this epoch: 
Memory allocated:  289.68212890625
Memory cached:  574.0
	 epoch  20 training error:  tensor(0.1848, device='cuda:0', grad_fn=<DivBackward0>)
Memory status after this epoch: 
Memory allocated:  289.68212890625
Memory cached:  572.0
	 epoch  30 training error:  tensor(0.1138, device='cuda:0', grad_fn=<DivBackward0>)
Memory status after this epoch: 
Memory allocated:  289.68212890625
Memory cached:  576.0
	 epoch  40 training error:  tensor(0.1058, device='cuda:0', grad_fn=<DivBackward0>)
Memory status after this epoch: 
Memory allocated:  289.68212890625
Memory cached:  576.0
	 epoch  50 training error:  tensor(0.0941, device='cuda:0', grad_fn=<DivBackward0>)
Memory status after this epoch: 
Memory allocated:  289.68212890625
Memory cached:  578.0
	 epoch  60 training error:  tensor(0.0964, device='cuda:0', grad_fn=<DivBackward0>)
Memory status after this epoch: 
Memory allocated:  289.68212890625
Memory cached:  580.0
	 epoch  70 training error:  tensor(0.0939, device='cuda:0', grad_fn=<DivBackward0>)
Memory status after this epoch: 
Memory allocated:  289.68212890625
Memory cached:  576.0
	 epoch  80 training error:  tensor(0.0928, device='cuda:0', grad_fn=<DivBackward0>)
Memory status after this epoch: 
Memory allocated:  289.68212890625
Memory cached:  578.0
	 epoch  90 training error:  tensor(0.0907, device='cuda:0', grad_fn=<DivBackward0>)
Memory status after this epoch: 
Memory allocated:  289.68212890625
Memory cached:  578.0
[I 2023-12-03 02:37:19,862] Trial 10 finished with value: 0.08990933746099472 and parameters: {'W_layers': 2, 'W_layer_units_exponent_0': 6, 'W_layer_units_exponent_1': 10, 'D_layers': 8, 'D_layer_units_exponent_0': 7, 'D_layer_units_exponent_1': 10, 'D_layer_units_exponent_2': 6, 'D_layer_units_exponent_3': 4, 'D_layer_units_exponent_4': 9, 'D_layer_units_exponent_5': 10, 'D_layer_units_exponent_6': 10, 'D_layer_units_exponent_7': 5, 'D_dagger_layers': 5, 'D_dagger_layer_units_exponent_0': 7, 'D_dagger_layer_units_exponent_1': 5, 'D_dagger_layer_units_exponent_2': 6, 'D_dagger_layer_units_exponent_3': 10, 'D_dagger_layer_units_exponent_4': 7, 'log_learning_rate': -4.9500012110400355, 'log_learning_rate_D': -4.987257794328842, 'log_learning_rate_D_dagger': -2.3714989773873265, 'training_batch_size': 9, 'training_p': 2}. Best is trial 7 with value: 0.0615520142018795.
Time for this trial:  217.61814141273499
Memory status after this trial: 
Memory allocated:  598.95166015625
Memory cached:  632.0
--------------------  Trial  11   --------------------
Start timing: 
Parameters: 
{'W_layers': 6, 'W_layer_units_exponent_0': 8, 'W_layer_units_exponent_1': 7, 'W_layer_units_exponent_2': 5, 'W_layer_units_exponent_3': 4, 'W_layer_units_exponent_4': 7, 'W_layer_units_exponent_5': 8, 'D_layers': 4, 'D_layer_units_exponent_0': 8, 'D_layer_units_exponent_1': 7, 'D_layer_units_exponent_2': 8, 'D_layer_units_exponent_3': 6, 'D_dagger_layers': 2, 'D_dagger_layer_units_exponent_0': 9, 'D_dagger_layer_units_exponent_1': 4, 'log_learning_rate': -3.2368568334857146, 'log_learning_rate_D': -2.6423405081043843, 'log_learning_rate_D_dagger': -2.538936043965085, 'training_batch_size': 12, 'training_p': 4}
	 epoch  0 training error:  tensor(1.0415, device='cuda:0', grad_fn=<DivBackward0>)
Memory status after this epoch: 
Memory allocated:  260.36962890625
Memory cached:  504.0
	 epoch  10 training error:  tensor(0.1545, device='cuda:0', grad_fn=<DivBackward0>)
Memory status after this epoch: 
Memory allocated:  260.36962890625
Memory cached:  522.0
	 epoch  20 training error:  tensor(0.1263, device='cuda:0', grad_fn=<DivBackward0>)
Memory status after this epoch: 
Memory allocated:  260.36962890625
Memory cached:  532.0
	 epoch  30 training error:  tensor(0.1268, device='cuda:0', grad_fn=<DivBackward0>)
Memory status after this epoch: 
Memory allocated:  260.36962890625
Memory cached:  524.0
	 epoch  40 training error:  tensor(0.1202, device='cuda:0', grad_fn=<DivBackward0>)
Memory status after this epoch: 
Memory allocated:  260.36962890625
Memory cached:  526.0
	 epoch  50 training error:  tensor(0.1074, device='cuda:0', grad_fn=<DivBackward0>)
Memory status after this epoch: 
Memory allocated:  260.36962890625
Memory cached:  530.0
	 epoch  60 training error:  tensor(0.0879, device='cuda:0', grad_fn=<DivBackward0>)
Memory status after this epoch: 
Memory allocated:  260.36962890625
Memory cached:  526.0
	 epoch  70 training error:  tensor(0.0765, device='cuda:0', grad_fn=<DivBackward0>)
Memory status after this epoch: 
Memory allocated:  260.36962890625
Memory cached:  530.0
	 epoch  80 training error:  tensor(0.0535, device='cuda:0', grad_fn=<DivBackward0>)
Memory status after this epoch: 
Memory allocated:  260.36962890625
Memory cached:  526.0
	 epoch  90 training error:  tensor(0.0228, device='cuda:0', grad_fn=<DivBackward0>)
Memory status after this epoch: 
Memory allocated:  260.36962890625
Memory cached:  528.0
[I 2023-12-03 02:40:04,303] Trial 11 finished with value: 0.05034034326672554 and parameters: {'W_layers': 6, 'W_layer_units_exponent_0': 8, 'W_layer_units_exponent_1': 7, 'W_layer_units_exponent_2': 5, 'W_layer_units_exponent_3': 4, 'W_layer_units_exponent_4': 7, 'W_layer_units_exponent_5': 8, 'D_layers': 4, 'D_layer_units_exponent_0': 8, 'D_layer_units_exponent_1': 7, 'D_layer_units_exponent_2': 8, 'D_layer_units_exponent_3': 6, 'D_dagger_layers': 2, 'D_dagger_layer_units_exponent_0': 9, 'D_dagger_layer_units_exponent_1': 4, 'log_learning_rate': -3.2368568334857146, 'log_learning_rate_D': -2.6423405081043843, 'log_learning_rate_D_dagger': -2.538936043965085, 'training_batch_size': 12, 'training_p': 4}. Best is trial 11 with value: 0.05034034326672554.
res:  tensor(0.0503, device='cuda:0', grad_fn=<DivBackward0>)
self.bestValue:  tensor(0.0616, device='cuda:0', grad_fn=<DivBackward0>)
Save this model!
Time for this trial:  164.20346927642822
Memory status after this trial: 
Memory allocated:  108.44287109375
Memory cached:  462.0
--------------------  Trial  12   --------------------
Start timing: 
Parameters: 
{'W_layers': 5, 'W_layer_units_exponent_0': 8, 'W_layer_units_exponent_1': 8, 'W_layer_units_exponent_2': 4, 'W_layer_units_exponent_3': 4, 'W_layer_units_exponent_4': 10, 'D_layers': 4, 'D_layer_units_exponent_0': 8, 'D_layer_units_exponent_1': 7, 'D_layer_units_exponent_2': 8, 'D_layer_units_exponent_3': 6, 'D_dagger_layers': 2, 'D_dagger_layer_units_exponent_0': 9, 'D_dagger_layer_units_exponent_1': 5, 'log_learning_rate': -3.6675365065140793, 'log_learning_rate_D': -2.362169603678716, 'log_learning_rate_D_dagger': -2.4821604433479387, 'training_batch_size': 9, 'training_p': 5}
	 epoch  0 training error:  tensor(0.9680, device='cuda:0', grad_fn=<DivBackward0>)
Memory status after this epoch: 
Memory allocated:  111.39501953125
Memory cached:  426.0
	 epoch  10 training error:  tensor(0.1579, device='cuda:0', grad_fn=<DivBackward0>)
Memory status after this epoch: 
Memory allocated:  111.39501953125
Memory cached:  450.0
	 epoch  20 training error:  tensor(0.1504, device='cuda:0', grad_fn=<DivBackward0>)
Memory status after this epoch: 
Memory allocated:  111.39501953125
Memory cached:  448.0
	 epoch  30 training error:  tensor(0.1426, device='cuda:0', grad_fn=<DivBackward0>)
Memory status after this epoch: 
Memory allocated:  111.39501953125
Memory cached:  452.0
	 epoch  40 training error:  tensor(0.1323, device='cuda:0', grad_fn=<DivBackward0>)
Memory status after this epoch: 
Memory allocated:  111.39501953125
Memory cached:  450.0
	 epoch  50 training error:  tensor(0.1349, device='cuda:0', grad_fn=<DivBackward0>)
Memory status after this epoch: 
Memory allocated:  111.39501953125
Memory cached:  450.0
	 epoch  60 training error:  tensor(0.1088, device='cuda:0', grad_fn=<DivBackward0>)
Memory status after this epoch: 
Memory allocated:  111.39501953125
Memory cached:  452.0
	 epoch  70 training error:  tensor(0.0645, device='cuda:0', grad_fn=<DivBackward0>)
Memory status after this epoch: 
Memory allocated:  111.39501953125
Memory cached:  448.0
	 epoch  80 training error:  tensor(0.0839, device='cuda:0', grad_fn=<DivBackward0>)
Memory status after this epoch: 
Memory allocated:  111.39501953125
Memory cached:  450.0
	 epoch  90 training error:  tensor(0.0583, device='cuda:0', grad_fn=<DivBackward0>)
Memory status after this epoch: 
Memory allocated:  111.39501953125
Memory cached:  450.0
