[I 2024-01-14 00:56:19,765] Trial 198 finished with value: 0.08844997733831406 and parameters: {'W_layers': 4, 'W_layer_units_exponent_0': 6, 'W_layer_units_exponent_1': 4, 'W_layer_units_exponent_2': 7, 'W_layer_units_exponent_3': 9, 'D_layers': 2, 'D_layer_units_exponent_0': 4, 'D_layer_units_exponent_1': 10, 'D_dagger_layers': 4, 'D_dagger_layer_units_exponent_0': 10, 'D_dagger_layer_units_exponent_1': 7, 'D_dagger_layer_units_exponent_2': 4, 'D_dagger_layer_units_exponent_3': 4, 'log_learning_rate': -1.8692244521155263, 'log_learning_rate_D': -3.542984851627437, 'log_learning_rate_D_dagger': -2.8292407237855413, 'training_batch_size': 11, 'training_p': 2}. Best is trial 33 with value: 0.08818560093641281.
Time for this trial:  21.250505208969116
Memory status after this trial: 
Memory allocated:  460.33447265625
Memory cached:  498.0
--------------------  Trial  199   --------------------
Start timing: 
Parameters: 
{'W_layers': 6, 'W_layer_units_exponent_0': 6, 'W_layer_units_exponent_1': 4, 'W_layer_units_exponent_2': 8, 'W_layer_units_exponent_3': 8, 'W_layer_units_exponent_4': 10, 'W_layer_units_exponent_5': 5, 'D_layers': 2, 'D_layer_units_exponent_0': 5, 'D_layer_units_exponent_1': 10, 'D_dagger_layers': 4, 'D_dagger_layer_units_exponent_0': 10, 'D_dagger_layer_units_exponent_1': 7, 'D_dagger_layer_units_exponent_2': 6, 'D_dagger_layer_units_exponent_3': 4, 'log_learning_rate': -2.0826911727298367, 'log_learning_rate_D': -3.759896831347406, 'log_learning_rate_D_dagger': -2.9503232838979327, 'training_batch_size': 11, 'training_p': 2}
	 epoch  0 training error:  tensor(1.0161, device='cuda:0', grad_fn=<DivBackward0>)
Memory status after this epoch: 
Memory allocated:  265.9189453125
Memory cached:  382.0
	 epoch  10 training error:  tensor(0.2104, device='cuda:0', grad_fn=<DivBackward0>)
Memory status after this epoch: 
Memory allocated:  265.9189453125
Memory cached:  382.0
	 epoch  20 training error:  tensor(0.1317, device='cuda:0', grad_fn=<DivBackward0>)
Memory status after this epoch: 
Memory allocated:  265.9189453125
Memory cached:  382.0
	 epoch  30 training error:  tensor(0.1062, device='cuda:0', grad_fn=<DivBackward0>)
Memory status after this epoch: 
Memory allocated:  265.9189453125
Memory cached:  382.0
	 epoch  40 training error:  tensor(0.0894, device='cuda:0', grad_fn=<DivBackward0>)
Memory status after this epoch: 
Memory allocated:  265.9189453125
Memory cached:  382.0
	 epoch  50 training error:  tensor(0.0894, device='cuda:0', grad_fn=<DivBackward0>)
Memory status after this epoch: 
Memory allocated:  265.9189453125
Memory cached:  382.0
	 epoch  60 training error:  tensor(0.0856, device='cuda:0', grad_fn=<DivBackward0>)
Memory status after this epoch: 
Memory allocated:  265.9189453125
Memory cached:  382.0
	 epoch  70 training error:  tensor(0.0889, device='cuda:0', grad_fn=<DivBackward0>)
Memory status after this epoch: 
Memory allocated:  265.9189453125
Memory cached:  382.0
	 epoch  80 training error:  tensor(0.0866, device='cuda:0', grad_fn=<DivBackward0>)
Memory status after this epoch: 
Memory allocated:  265.9189453125
Memory cached:  382.0
	 epoch  90 training error:  tensor(0.0834, device='cuda:0', grad_fn=<DivBackward0>)
Memory status after this epoch: 
Memory allocated:  265.9189453125
Memory cached:  382.0
[I 2024-01-14 00:56:42,536] Trial 199 finished with value: 0.09092490375041962 and parameters: {'W_layers': 6, 'W_layer_units_exponent_0': 6, 'W_layer_units_exponent_1': 4, 'W_layer_units_exponent_2': 8, 'W_layer_units_exponent_3': 8, 'W_layer_units_exponent_4': 10, 'W_layer_units_exponent_5': 5, 'D_layers': 2, 'D_layer_units_exponent_0': 5, 'D_layer_units_exponent_1': 10, 'D_dagger_layers': 4, 'D_dagger_layer_units_exponent_0': 10, 'D_dagger_layer_units_exponent_1': 7, 'D_dagger_layer_units_exponent_2': 6, 'D_dagger_layer_units_exponent_3': 4, 'log_learning_rate': -2.0826911727298367, 'log_learning_rate_D': -3.759896831347406, 'log_learning_rate_D_dagger': -2.9503232838979327, 'training_batch_size': 11, 'training_p': 2}. Best is trial 33 with value: 0.08818560093641281.
Time for this trial:  22.394172191619873
Memory status after this trial: 
Memory allocated:  576.94873046875
Memory cached:  608.0
