[I 2024-05-17 16:02:52,510] A new study created in RDB with name: my_study1
Cuda is available:  True
Device is:  cuda
Memory allocated:  0.0
Memory cached:  0.0
Data file:  ./data/Trial0517_combined_800.pt
Vs.shape:  torch.Size([800, 100])
thetas.shape:  torch.Size([800, 100])
fs.shape:  torch.Size([800, 100])
ts.shape:  torch.Size([800, 100])
Xs.shape:  torch.Size([800, 100])
No pruned database has been founded.
--------------------  Trial  0   --------------------
Start timing: 
Parameters: 
{'W_layers': 6, 'W_layer_units_exponent_0': 10, 'W_layer_units_exponent_1': 7, 'W_layer_units_exponent_2': 4, 'W_layer_units_exponent_3': 9, 'W_layer_units_exponent_4': 7, 'W_layer_units_exponent_5': 10, 'D_layers': 6, 'D_layer_units_exponent_0': 6, 'D_layer_units_exponent_1': 9, 'D_layer_units_exponent_2': 5, 'D_layer_units_exponent_3': 6, 'D_layer_units_exponent_4': 6, 'D_layer_units_exponent_5': 8, 'D_dagger_layers': 2, 'D_dagger_layer_units_exponent_0': 9, 'D_dagger_layer_units_exponent_1': 6, 'log_learning_rate': -4.884073928190038, 'log_learning_rate_D': -1.0255323274571042, 'log_learning_rate_D_dagger': -2.2686430712451346, 'training_batch_size': 10, 'training_p': 3}
	 epoch  0 training error:  tensor(1.1988, grad_fn=<ToCopyBackward0>)
Memory status after this epoch: 
Memory allocated:  7.61767578125
Memory cached:  184.0
	 epoch  10 training error:  tensor(0.8077, grad_fn=<ToCopyBackward0>)
Memory status after this epoch: 
Memory allocated:  7.61767578125
Memory cached:  238.0
	 epoch  20 training error:  tensor(0.7218, grad_fn=<ToCopyBackward0>)
Memory status after this epoch: 
Memory allocated:  7.61767578125
Memory cached:  236.0
	 epoch  30 training error:  tensor(0.6780, grad_fn=<ToCopyBackward0>)
Memory status after this epoch: 
Memory allocated:  7.61767578125
Memory cached:  228.0
	 epoch  40 training error:  tensor(0.6530, grad_fn=<ToCopyBackward0>)
Memory status after this epoch: 
Memory allocated:  7.61767578125
Memory cached:  234.0
	 epoch  50 training error:  tensor(0.6434, grad_fn=<ToCopyBackward0>)
Memory status after this epoch: 
Memory allocated:  7.61767578125
Memory cached:  236.0
	 epoch  60 training error:  tensor(0.6432, grad_fn=<ToCopyBackward0>)
Memory status after this epoch: 
Memory allocated:  7.61767578125
Memory cached:  240.0
	 epoch  70 training error:  tensor(0.6428, grad_fn=<ToCopyBackward0>)
Memory status after this epoch: 
Memory allocated:  7.61767578125
Memory cached:  236.0
	 epoch  80 training error:  tensor(0.6422, grad_fn=<ToCopyBackward0>)
Memory status after this epoch: 
Memory allocated:  7.61767578125
Memory cached:  226.0
	 epoch  90 training error:  tensor(0.6422, grad_fn=<ToCopyBackward0>)
Memory status after this epoch: 
Memory allocated:  7.61767578125
Memory cached:  226.0
[I 2024-05-17 16:07:21,197] Trial 0 finished with value: 0.44261184334754944 and parameters: {'W_layers': 6, 'W_layer_units_exponent_0': 10, 'W_layer_units_exponent_1': 7, 'W_layer_units_exponent_2': 4, 'W_layer_units_exponent_3': 9, 'W_layer_units_exponent_4': 7, 'W_layer_units_exponent_5': 10, 'D_layers': 6, 'D_layer_units_exponent_0': 6, 'D_layer_units_exponent_1': 9, 'D_layer_units_exponent_2': 5, 'D_layer_units_exponent_3': 6, 'D_layer_units_exponent_4': 6, 'D_layer_units_exponent_5': 8, 'D_dagger_layers': 2, 'D_dagger_layer_units_exponent_0': 9, 'D_dagger_layer_units_exponent_1': 6, 'log_learning_rate': -4.884073928190038, 'log_learning_rate_D': -1.0255323274571042, 'log_learning_rate_D_dagger': -2.2686430712451346, 'training_batch_size': 10, 'training_p': 3}. Best is trial 0 with value: 0.44261184334754944.
res:  tensor(0.4426, grad_fn=<ToCopyBackward0>)
self.bestValue:  10000000.0
Save this model!
Time for this trial:  268.3785288333893
Memory status after this trial: 
Memory allocated:  1798.4345703125
Memory cached:  1810.0
--------------------  Trial  1   --------------------
Start timing: 
Parameters: 
{'W_layers': 3, 'W_layer_units_exponent_0': 7, 'W_layer_units_exponent_1': 5, 'W_layer_units_exponent_2': 9, 'D_layers': 2, 'D_layer_units_exponent_0': 8, 'D_layer_units_exponent_1': 6, 'D_dagger_layers': 6, 'D_dagger_layer_units_exponent_0': 8, 'D_dagger_layer_units_exponent_1': 4, 'D_dagger_layer_units_exponent_2': 7, 'D_dagger_layer_units_exponent_3': 7, 'D_dagger_layer_units_exponent_4': 10, 'D_dagger_layer_units_exponent_5': 9, 'log_learning_rate': -2.048313118350797, 'log_learning_rate_D': -1.871862520966515, 'log_learning_rate_D_dagger': -3.8243952693577747, 'training_batch_size': 10, 'training_p': 2}
	 epoch  0 training error:  tensor(1.0362, grad_fn=<ToCopyBackward0>)
Memory status after this epoch: 
Memory allocated:  1809.66845703125
Memory cached:  1836.0
	 epoch  10 training error:  tensor(0.4822, grad_fn=<ToCopyBackward0>)
Memory status after this epoch: 
Memory allocated:  1809.66845703125
Memory cached:  1838.0
	 epoch  20 training error:  tensor(0.3870, grad_fn=<ToCopyBackward0>)
Memory status after this epoch: 
Memory allocated:  1809.66845703125
Memory cached:  1838.0
	 epoch  30 training error:  tensor(0.3140, grad_fn=<ToCopyBackward0>)
Memory status after this epoch: 
Memory allocated:  1809.66845703125
Memory cached:  1838.0
	 epoch  40 training error:  tensor(0.2514, grad_fn=<ToCopyBackward0>)
Memory status after this epoch: 
Memory allocated:  1809.66845703125
Memory cached:  1838.0
	 epoch  50 training error:  tensor(0.2342, grad_fn=<ToCopyBackward0>)
Memory status after this epoch: 
Memory allocated:  1809.66845703125
Memory cached:  1838.0
	 epoch  60 training error:  tensor(0.2364, grad_fn=<ToCopyBackward0>)
Memory status after this epoch: 
Memory allocated:  1809.66845703125
Memory cached:  1838.0
	 epoch  70 training error:  tensor(0.2296, grad_fn=<ToCopyBackward0>)
Memory status after this epoch: 
Memory allocated:  1809.66845703125
Memory cached:  1838.0
	 epoch  80 training error:  tensor(0.2286, grad_fn=<ToCopyBackward0>)
Memory status after this epoch: 
Memory allocated:  1809.66845703125
Memory cached:  1838.0
	 epoch  90 training error:  tensor(0.2278, grad_fn=<ToCopyBackward0>)
Memory status after this epoch: 
Memory allocated:  1809.66845703125
Memory cached:  1838.0
[I 2024-05-17 16:11:34,592] Trial 1 finished with value: 0.23086901009082794 and parameters: {'W_layers': 3, 'W_layer_units_exponent_0': 7, 'W_layer_units_exponent_1': 5, 'W_layer_units_exponent_2': 9, 'D_layers': 2, 'D_layer_units_exponent_0': 8, 'D_layer_units_exponent_1': 6, 'D_dagger_layers': 6, 'D_dagger_layer_units_exponent_0': 8, 'D_dagger_layer_units_exponent_1': 4, 'D_dagger_layer_units_exponent_2': 7, 'D_dagger_layer_units_exponent_3': 7, 'D_dagger_layer_units_exponent_4': 10, 'D_dagger_layer_units_exponent_5': 9, 'log_learning_rate': -2.048313118350797, 'log_learning_rate_D': -1.871862520966515, 'log_learning_rate_D_dagger': -3.8243952693577747, 'training_batch_size': 10, 'training_p': 2}. Best is trial 1 with value: 0.23086901009082794.
res:  tensor(0.2309, grad_fn=<ToCopyBackward0>)
self.bestValue:  tensor(0.4426, grad_fn=<ToCopyBackward0>)
Save this model!
Time for this trial:  253.09943675994873
Memory status after this trial: 
Memory allocated:  1244.6494140625
Memory cached:  1614.0
--------------------  Trial  2   --------------------
Start timing: 
Parameters: 
{'W_layers': 7, 'W_layer_units_exponent_0': 4, 'W_layer_units_exponent_1': 5, 'W_layer_units_exponent_2': 4, 'W_layer_units_exponent_3': 8, 'W_layer_units_exponent_4': 10, 'W_layer_units_exponent_5': 8, 'W_layer_units_exponent_6': 9, 'D_layers': 6, 'D_layer_units_exponent_0': 7, 'D_layer_units_exponent_1': 4, 'D_layer_units_exponent_2': 5, 'D_layer_units_exponent_3': 4, 'D_layer_units_exponent_4': 10, 'D_layer_units_exponent_5': 4, 'D_dagger_layers': 5, 'D_dagger_layer_units_exponent_0': 4, 'D_dagger_layer_units_exponent_1': 6, 'D_dagger_layer_units_exponent_2': 4, 'D_dagger_layer_units_exponent_3': 8, 'D_dagger_layer_units_exponent_4': 6, 'log_learning_rate': -1.0515938582587618, 'log_learning_rate_D': -3.2948559695097894, 'log_learning_rate_D_dagger': -1.584602003417364, 'training_batch_size': 10, 'training_p': 4}
	 epoch  0 training error:  tensor(0.9199, grad_fn=<ToCopyBackward0>)
Memory status after this epoch: 
Memory allocated:  1255.95556640625
Memory cached:  1618.0
	 epoch  10 training error:  tensor(1319.1200, grad_fn=<ToCopyBackward0>)
Memory status after this epoch: 
Memory allocated:  1255.95556640625
Memory cached:  1706.0
	 epoch  20 training error:  tensor(65.8387, grad_fn=<ToCopyBackward0>)
Memory status after this epoch: 
Memory allocated:  1255.95556640625
Memory cached:  1704.0
	 epoch  30 training error:  tensor(192.1869, grad_fn=<ToCopyBackward0>)
Memory status after this epoch: 
Memory allocated:  1255.95556640625
Memory cached:  1710.0
	 epoch  40 training error:  tensor(86.4424, grad_fn=<ToCopyBackward0>)
Memory status after this epoch: 
Memory allocated:  1255.95556640625
Memory cached:  1708.0
	 epoch  50 training error:  tensor(76.9165, grad_fn=<ToCopyBackward0>)
Memory status after this epoch: 
Memory allocated:  1255.95556640625
Memory cached:  1708.0
	 epoch  60 training error:  tensor(50.0566, grad_fn=<ToCopyBackward0>)
Memory status after this epoch: 
Memory allocated:  1255.95556640625
Memory cached:  1702.0
	 epoch  70 training error:  tensor(11.0765, grad_fn=<ToCopyBackward0>)
Memory status after this epoch: 
Memory allocated:  1255.95556640625
Memory cached:  1708.0
	 epoch  80 training error:  tensor(3.2069, grad_fn=<ToCopyBackward0>)
Memory status after this epoch: 
Memory allocated:  1255.95556640625
Memory cached:  1708.0
	 epoch  90 training error:  tensor(84.9079, grad_fn=<ToCopyBackward0>)
Memory status after this epoch: 
Memory allocated:  1255.95556640625
Memory cached:  1706.0
[I 2024-05-17 16:16:47,215] Trial 2 finished with value: 26.841693878173828 and parameters: {'W_layers': 7, 'W_layer_units_exponent_0': 4, 'W_layer_units_exponent_1': 5, 'W_layer_units_exponent_2': 4, 'W_layer_units_exponent_3': 8, 'W_layer_units_exponent_4': 10, 'W_layer_units_exponent_5': 8, 'W_layer_units_exponent_6': 9, 'D_layers': 6, 'D_layer_units_exponent_0': 7, 'D_layer_units_exponent_1': 4, 'D_layer_units_exponent_2': 5, 'D_layer_units_exponent_3': 4, 'D_layer_units_exponent_4': 10, 'D_layer_units_exponent_5': 4, 'D_dagger_layers': 5, 'D_dagger_layer_units_exponent_0': 4, 'D_dagger_layer_units_exponent_1': 6, 'D_dagger_layer_units_exponent_2': 4, 'D_dagger_layer_units_exponent_3': 8, 'D_dagger_layer_units_exponent_4': 6, 'log_learning_rate': -1.0515938582587618, 'log_learning_rate_D': -3.2948559695097894, 'log_learning_rate_D_dagger': -1.584602003417364, 'training_batch_size': 10, 'training_p': 4}. Best is trial 1 with value: 0.23086901009082794.
Time for this trial:  312.3331677913666
Memory status after this trial: 
Memory allocated:  2815.970703125
Memory cached:  2850.0
--------------------  Trial  3   --------------------
Start timing: 
Parameters: 
{'W_layers': 2, 'W_layer_units_exponent_0': 8, 'W_layer_units_exponent_1': 6, 'D_layers': 5, 'D_layer_units_exponent_0': 9, 'D_layer_units_exponent_1': 7, 'D_layer_units_exponent_2': 8, 'D_layer_units_exponent_3': 4, 'D_layer_units_exponent_4': 9, 'D_dagger_layers': 7, 'D_dagger_layer_units_exponent_0': 7, 'D_dagger_layer_units_exponent_1': 8, 'D_dagger_layer_units_exponent_2': 7, 'D_dagger_layer_units_exponent_3': 4, 'D_dagger_layer_units_exponent_4': 5, 'D_dagger_layer_units_exponent_5': 5, 'D_dagger_layer_units_exponent_6': 7, 'log_learning_rate': -1.8701664433936114, 'log_learning_rate_D': -2.4765861780145286, 'log_learning_rate_D_dagger': -3.9274841655624595, 'training_batch_size': 10, 'training_p': 6}
	 epoch  0 training error:  tensor(0.8001, grad_fn=<ToCopyBackward0>)
Memory status after this epoch: 
Memory allocated:  1248.02197265625
Memory cached:  1644.0
	 epoch  10 training error:  tensor(0.4741, grad_fn=<ToCopyBackward0>)
Memory status after this epoch: 
Memory allocated:  1248.02197265625
Memory cached:  1704.0
	 epoch  20 training error:  tensor(0.4437, grad_fn=<ToCopyBackward0>)
Memory status after this epoch: 
Memory allocated:  1248.02197265625
Memory cached:  1700.0
	 epoch  30 training error:  tensor(0.4633, grad_fn=<ToCopyBackward0>)
Memory status after this epoch: 
Memory allocated:  1248.02197265625
Memory cached:  1704.0
	 epoch  40 training error:  tensor(0.4447, grad_fn=<ToCopyBackward0>)
Memory status after this epoch: 
Memory allocated:  1248.02197265625
Memory cached:  1702.0
	 epoch  50 training error:  tensor(0.4391, grad_fn=<ToCopyBackward0>)
Memory status after this epoch: 
Memory allocated:  1248.02197265625
Memory cached:  1698.0
	 epoch  60 training error:  tensor(0.4383, grad_fn=<ToCopyBackward0>)
Memory status after this epoch: 
Memory allocated:  1248.02197265625
Memory cached:  1702.0
	 epoch  70 training error:  tensor(0.4366, grad_fn=<ToCopyBackward0>)
Memory status after this epoch: 
Memory allocated:  1248.02197265625
Memory cached:  1700.0
	 epoch  80 training error:  tensor(0.4335, grad_fn=<ToCopyBackward0>)
Memory status after this epoch: 
Memory allocated:  1248.02197265625
Memory cached:  1700.0
	 epoch  90 training error:  tensor(0.4281, grad_fn=<ToCopyBackward0>)
Memory status after this epoch: 
Memory allocated:  1248.02197265625
Memory cached:  1704.0
[I 2024-05-17 16:21:21,974] Trial 3 finished with value: 0.31696540117263794 and parameters: {'W_layers': 2, 'W_layer_units_exponent_0': 8, 'W_layer_units_exponent_1': 6, 'D_layers': 5, 'D_layer_units_exponent_0': 9, 'D_layer_units_exponent_1': 7, 'D_layer_units_exponent_2': 8, 'D_layer_units_exponent_3': 4, 'D_layer_units_exponent_4': 9, 'D_dagger_layers': 7, 'D_dagger_layer_units_exponent_0': 7, 'D_dagger_layer_units_exponent_1': 8, 'D_dagger_layer_units_exponent_2': 7, 'D_dagger_layer_units_exponent_3': 4, 'D_dagger_layer_units_exponent_4': 5, 'D_dagger_layer_units_exponent_5': 5, 'D_dagger_layer_units_exponent_6': 7, 'log_learning_rate': -1.8701664433936114, 'log_learning_rate_D': -2.4765861780145286, 'log_learning_rate_D_dagger': -3.9274841655624595, 'training_batch_size': 10, 'training_p': 6}. Best is trial 1 with value: 0.23086901009082794.
Time for this trial:  274.45847630500793
Memory status after this trial: 
Memory allocated:  2250.939453125
Memory cached:  2278.0
--------------------  Trial  4   --------------------
Start timing: 
Parameters: 
{'W_layers': 8, 'W_layer_units_exponent_0': 9, 'W_layer_units_exponent_1': 9, 'W_layer_units_exponent_2': 7, 'W_layer_units_exponent_3': 8, 'W_layer_units_exponent_4': 5, 'W_layer_units_exponent_5': 5, 'W_layer_units_exponent_6': 9, 'W_layer_units_exponent_7': 6, 'D_layers': 8, 'D_layer_units_exponent_0': 7, 'D_layer_units_exponent_1': 5, 'D_layer_units_exponent_2': 8, 'D_layer_units_exponent_3': 6, 'D_layer_units_exponent_4': 5, 'D_layer_units_exponent_5': 6, 'D_layer_units_exponent_6': 6, 'D_layer_units_exponent_7': 10, 'D_dagger_layers': 3, 'D_dagger_layer_units_exponent_0': 8, 'D_dagger_layer_units_exponent_1': 10, 'D_dagger_layer_units_exponent_2': 6, 'log_learning_rate': -1.349343444782508, 'log_learning_rate_D': -1.912509054812538, 'log_learning_rate_D_dagger': -2.2586264621158185, 'training_batch_size': 10, 'training_p': 8}
	 epoch  0 training error:  tensor(1.0380, grad_fn=<ToCopyBackward0>)
Memory status after this epoch: 
Memory allocated:  1257.97314453125
Memory cached:  1602.0
	 epoch  10 training error:  tensor(42.1252, grad_fn=<ToCopyBackward0>)
Memory status after this epoch: 
Memory allocated:  1257.97314453125
Memory cached:  1604.0
	 epoch  20 training error:  tensor(585.8813, grad_fn=<ToCopyBackward0>)
Memory status after this epoch: 
Memory allocated:  1257.97314453125
Memory cached:  1604.0
	 epoch  30 training error:  tensor(5.0894, grad_fn=<ToCopyBackward0>)
Memory status after this epoch: 
Memory allocated:  1257.97314453125
Memory cached:  1604.0
	 epoch  40 training error:  tensor(5.8193, grad_fn=<ToCopyBackward0>)
Memory status after this epoch: 
Memory allocated:  1257.97314453125
Memory cached:  1604.0
	 epoch  50 training error:  tensor(4.3477, grad_fn=<ToCopyBackward0>)
Memory status after this epoch: 
Memory allocated:  1257.97314453125
Memory cached:  1604.0
	 epoch  60 training error:  tensor(2.3618, grad_fn=<ToCopyBackward0>)
Memory status after this epoch: 
Memory allocated:  1257.97314453125
Memory cached:  1604.0
	 epoch  70 training error:  tensor(2.4451, grad_fn=<ToCopyBackward0>)
Memory status after this epoch: 
Memory allocated:  1257.97314453125
Memory cached:  1604.0
	 epoch  80 training error:  tensor(2.4725, grad_fn=<ToCopyBackward0>)
Memory status after this epoch: 
Memory allocated:  1257.97314453125
Memory cached:  1604.0
	 epoch  90 training error:  tensor(2.4905, grad_fn=<ToCopyBackward0>)
Memory status after this epoch: 
Memory allocated:  1257.97314453125
Memory cached:  1606.0
[I 2024-05-17 16:27:14,700] Trial 4 finished with value: 2.6093244552612305 and parameters: {'W_layers': 8, 'W_layer_units_exponent_0': 9, 'W_layer_units_exponent_1': 9, 'W_layer_units_exponent_2': 7, 'W_layer_units_exponent_3': 8, 'W_layer_units_exponent_4': 5, 'W_layer_units_exponent_5': 5, 'W_layer_units_exponent_6': 9, 'W_layer_units_exponent_7': 6, 'D_layers': 8, 'D_layer_units_exponent_0': 7, 'D_layer_units_exponent_1': 5, 'D_layer_units_exponent_2': 8, 'D_layer_units_exponent_3': 6, 'D_layer_units_exponent_4': 5, 'D_layer_units_exponent_5': 6, 'D_layer_units_exponent_6': 6, 'D_layer_units_exponent_7': 10, 'D_dagger_layers': 3, 'D_dagger_layer_units_exponent_0': 8, 'D_dagger_layer_units_exponent_1': 10, 'D_dagger_layer_units_exponent_2': 6, 'log_learning_rate': -1.349343444782508, 'log_learning_rate_D': -1.912509054812538, 'log_learning_rate_D_dagger': -2.2586264621158185, 'training_batch_size': 10, 'training_p': 8}. Best is trial 1 with value: 0.23086901009082794.
Time for this trial:  352.3692681789398
Memory status after this trial: 
Memory allocated:  3335.2802734375
Memory cached:  3372.0
--------------------  Trial  5   --------------------
Start timing: 
Parameters: 
{'W_layers': 4, 'W_layer_units_exponent_0': 7, 'W_layer_units_exponent_1': 4, 'W_layer_units_exponent_2': 8, 'W_layer_units_exponent_3': 9, 'D_layers': 4, 'D_layer_units_exponent_0': 4, 'D_layer_units_exponent_1': 9, 'D_layer_units_exponent_2': 6, 'D_layer_units_exponent_3': 5, 'D_dagger_layers': 6, 'D_dagger_layer_units_exponent_0': 5, 'D_dagger_layer_units_exponent_1': 7, 'D_dagger_layer_units_exponent_2': 9, 'D_dagger_layer_units_exponent_3': 5, 'D_dagger_layer_units_exponent_4': 6, 'D_dagger_layer_units_exponent_5': 10, 'log_learning_rate': -1.3260661530209878, 'log_learning_rate_D': -2.1899629453153016, 'log_learning_rate_D_dagger': -4.876259346929244, 'training_batch_size': 12, 'training_p': 5}
	 epoch  0 training error:  tensor(1.0407, grad_fn=<ToCopyBackward0>)
Memory status after this epoch: 
Memory allocated:  1250.08056640625
Memory cached:  1646.0
	 epoch  10 training error:  tensor(0.4608, grad_fn=<ToCopyBackward0>)
Memory status after this epoch: 
Memory allocated:  1250.08056640625
Memory cached:  1676.0
	 epoch  20 training error:  tensor(9.9259, grad_fn=<ToCopyBackward0>)
Memory status after this epoch: 
Memory allocated:  1250.08056640625
Memory cached:  1664.0
	 epoch  30 training error:  tensor(1.1248, grad_fn=<ToCopyBackward0>)
Memory status after this epoch: 
Memory allocated:  1250.08056640625
Memory cached:  1676.0
	 epoch  40 training error:  tensor(2.8047, grad_fn=<ToCopyBackward0>)
Memory status after this epoch: 
Memory allocated:  1250.08056640625
Memory cached:  1668.0
	 epoch  50 training error:  tensor(1.2810, grad_fn=<ToCopyBackward0>)
Memory status after this epoch: 
Memory allocated:  1250.08056640625
Memory cached:  1672.0
	 epoch  60 training error:  tensor(0.6535, grad_fn=<ToCopyBackward0>)
Memory status after this epoch: 
Memory allocated:  1250.08056640625
Memory cached:  1668.0
	 epoch  70 training error:  tensor(0.4224, grad_fn=<ToCopyBackward0>)
Memory status after this epoch: 
Memory allocated:  1250.08056640625
Memory cached:  1672.0
	 epoch  80 training error:  tensor(0.4224, grad_fn=<ToCopyBackward0>)
Memory status after this epoch: 
Memory allocated:  1250.08056640625
Memory cached:  1672.0
	 epoch  90 training error:  tensor(0.4236, grad_fn=<ToCopyBackward0>)
Memory status after this epoch: 
Memory allocated:  1250.08056640625
Memory cached:  1670.0
