[I 2024-01-03 20:24:58,745] Trial 96 finished with value: 0.39111700654029846 and parameters: {'W_layers': 6, 'W_layer_units_exponent_0': 10, 'W_layer_units_exponent_1': 4, 'W_layer_units_exponent_2': 6, 'W_layer_units_exponent_3': 4, 'W_layer_units_exponent_4': 8, 'W_layer_units_exponent_5': 9, 'D_layers': 2, 'D_layer_units_exponent_0': 9, 'D_layer_units_exponent_1': 8, 'D_dagger_layers': 3, 'D_dagger_layer_units_exponent_0': 7, 'D_dagger_layer_units_exponent_1': 10, 'D_dagger_layer_units_exponent_2': 7, 'log_learning_rate': -4.266797928542287, 'log_learning_rate_D': -2.483167464400181, 'log_learning_rate_D_dagger': -2.880093894705815, 'training_batch_size': 10, 'training_p': 5}. Best is trial 87 with value: 0.11369848251342773.
Time for this trial:  172.55616974830627
Memory status after this trial: 
Memory allocated:  477.0625
Memory cached:  624.0
--------------------  Trial  97   --------------------
Start timing: 
Parameters: 
{'W_layers': 6, 'W_layer_units_exponent_0': 10, 'W_layer_units_exponent_1': 4, 'W_layer_units_exponent_2': 7, 'W_layer_units_exponent_3': 5, 'W_layer_units_exponent_4': 7, 'W_layer_units_exponent_5': 8, 'D_layers': 3, 'D_layer_units_exponent_0': 7, 'D_layer_units_exponent_1': 7, 'D_layer_units_exponent_2': 8, 'D_dagger_layers': 4, 'D_dagger_layer_units_exponent_0': 9, 'D_dagger_layer_units_exponent_1': 10, 'D_dagger_layer_units_exponent_2': 7, 'D_dagger_layer_units_exponent_3': 4, 'log_learning_rate': -4.482465840375489, 'log_learning_rate_D': -2.850024264257236, 'log_learning_rate_D_dagger': -3.118164506124478, 'training_batch_size': 8, 'training_p': 5}
	 epoch  0 training error:  tensor(1.0405, device='cuda:0', grad_fn=<DivBackward0>)
Memory status after this epoch: 
Memory allocated:  281.03271484375
Memory cached:  608.0
	 epoch  10 training error:  tensor(0.5343, device='cuda:0', grad_fn=<DivBackward0>)
Memory status after this epoch: 
Memory allocated:  281.03271484375
Memory cached:  650.0
	 epoch  20 training error:  tensor(0.4879, device='cuda:0', grad_fn=<DivBackward0>)
Memory status after this epoch: 
Memory allocated:  281.03271484375
Memory cached:  652.0
	 epoch  30 training error:  tensor(0.4782, device='cuda:0', grad_fn=<DivBackward0>)
Memory status after this epoch: 
Memory allocated:  281.03271484375
Memory cached:  654.0
	 epoch  40 training error:  tensor(0.4777, device='cuda:0', grad_fn=<DivBackward0>)
Memory status after this epoch: 
Memory allocated:  281.03271484375
Memory cached:  646.0
	 epoch  50 training error:  tensor(0.4774, device='cuda:0', grad_fn=<DivBackward0>)
Memory status after this epoch: 
Memory allocated:  281.03271484375
Memory cached:  664.0
	 epoch  60 training error:  tensor(0.4762, device='cuda:0', grad_fn=<DivBackward0>)
Memory status after this epoch: 
Memory allocated:  281.03271484375
Memory cached:  650.0
	 epoch  70 training error:  tensor(0.4761, device='cuda:0', grad_fn=<DivBackward0>)
Memory status after this epoch: 
Memory allocated:  281.03271484375
Memory cached:  648.0
	 epoch  80 training error:  tensor(0.4673, device='cuda:0', grad_fn=<DivBackward0>)
Memory status after this epoch: 
Memory allocated:  281.03271484375
Memory cached:  650.0
	 epoch  90 training error:  tensor(0.4653, device='cuda:0', grad_fn=<DivBackward0>)
Memory status after this epoch: 
Memory allocated:  281.03271484375
Memory cached:  654.0
[I 2024-01-03 20:28:04,684] Trial 97 finished with value: 0.3711198568344116 and parameters: {'W_layers': 6, 'W_layer_units_exponent_0': 10, 'W_layer_units_exponent_1': 4, 'W_layer_units_exponent_2': 7, 'W_layer_units_exponent_3': 5, 'W_layer_units_exponent_4': 7, 'W_layer_units_exponent_5': 8, 'D_layers': 3, 'D_layer_units_exponent_0': 7, 'D_layer_units_exponent_1': 7, 'D_layer_units_exponent_2': 8, 'D_dagger_layers': 4, 'D_dagger_layer_units_exponent_0': 9, 'D_dagger_layer_units_exponent_1': 10, 'D_dagger_layer_units_exponent_2': 7, 'D_dagger_layer_units_exponent_3': 4, 'log_learning_rate': -4.482465840375489, 'log_learning_rate_D': -2.850024264257236, 'log_learning_rate_D_dagger': -3.118164506124478, 'training_batch_size': 8, 'training_p': 5}. Best is trial 87 with value: 0.11369848251342773.
Time for this trial:  185.56410813331604
Memory status after this trial: 
Memory allocated:  473.109375
Memory cached:  622.0
--------------------  Trial  98   --------------------
Start timing: 
Parameters: 
{'W_layers': 7, 'W_layer_units_exponent_0': 10, 'W_layer_units_exponent_1': 5, 'W_layer_units_exponent_2': 7, 'W_layer_units_exponent_3': 4, 'W_layer_units_exponent_4': 8, 'W_layer_units_exponent_5': 8, 'W_layer_units_exponent_6': 6, 'D_layers': 3, 'D_layer_units_exponent_0': 8, 'D_layer_units_exponent_1': 6, 'D_layer_units_exponent_2': 7, 'D_dagger_layers': 3, 'D_dagger_layer_units_exponent_0': 10, 'D_dagger_layer_units_exponent_1': 10, 'D_dagger_layer_units_exponent_2': 5, 'log_learning_rate': -4.16200609361567, 'log_learning_rate_D': -2.6197890391069554, 'log_learning_rate_D_dagger': -2.690798366355665, 'training_batch_size': 9, 'training_p': 5}
	 epoch  0 training error:  tensor(0.9509, device='cuda:0', grad_fn=<DivBackward0>)
Memory status after this epoch: 
Memory allocated:  288.17919921875
Memory cached:  630.0
	 epoch  10 training error:  tensor(0.6010, device='cuda:0', grad_fn=<DivBackward0>)
Memory status after this epoch: 
Memory allocated:  288.17919921875
Memory cached:  668.0
	 epoch  20 training error:  tensor(0.5336, device='cuda:0', grad_fn=<DivBackward0>)
Memory status after this epoch: 
Memory allocated:  288.17919921875
Memory cached:  662.0
	 epoch  30 training error:  tensor(0.5104, device='cuda:0', grad_fn=<DivBackward0>)
Memory status after this epoch: 
Memory allocated:  288.17919921875
Memory cached:  650.0
	 epoch  40 training error:  tensor(0.4886, device='cuda:0', grad_fn=<DivBackward0>)
Memory status after this epoch: 
Memory allocated:  288.17919921875
Memory cached:  664.0
	 epoch  50 training error:  tensor(0.4967, device='cuda:0', grad_fn=<DivBackward0>)
Memory status after this epoch: 
Memory allocated:  288.17919921875
Memory cached:  666.0
	 epoch  60 training error:  tensor(0.4789, device='cuda:0', grad_fn=<DivBackward0>)
Memory status after this epoch: 
Memory allocated:  288.17919921875
Memory cached:  668.0
	 epoch  70 training error:  tensor(0.4772, device='cuda:0', grad_fn=<DivBackward0>)
Memory status after this epoch: 
Memory allocated:  288.17919921875
Memory cached:  664.0
	 epoch  80 training error:  tensor(0.4726, device='cuda:0', grad_fn=<DivBackward0>)
Memory status after this epoch: 
Memory allocated:  288.17919921875
Memory cached:  664.0
	 epoch  90 training error:  tensor(0.4740, device='cuda:0', grad_fn=<DivBackward0>)
Memory status after this epoch: 
Memory allocated:  288.17919921875
Memory cached:  658.0
[I 2024-01-03 20:31:17,931] Trial 98 finished with value: 0.3766704499721527 and parameters: {'W_layers': 7, 'W_layer_units_exponent_0': 10, 'W_layer_units_exponent_1': 5, 'W_layer_units_exponent_2': 7, 'W_layer_units_exponent_3': 4, 'W_layer_units_exponent_4': 8, 'W_layer_units_exponent_5': 8, 'W_layer_units_exponent_6': 6, 'D_layers': 3, 'D_layer_units_exponent_0': 8, 'D_layer_units_exponent_1': 6, 'D_layer_units_exponent_2': 7, 'D_dagger_layers': 3, 'D_dagger_layer_units_exponent_0': 10, 'D_dagger_layer_units_exponent_1': 10, 'D_dagger_layer_units_exponent_2': 5, 'log_learning_rate': -4.16200609361567, 'log_learning_rate_D': -2.6197890391069554, 'log_learning_rate_D_dagger': -2.690798366355665, 'training_batch_size': 9, 'training_p': 5}. Best is trial 87 with value: 0.11369848251342773.
Time for this trial:  192.78437876701355
Memory status after this trial: 
Memory allocated:  507.078125
Memory cached:  618.0
--------------------  Trial  99   --------------------
Start timing: 
Parameters: 
{'W_layers': 6, 'W_layer_units_exponent_0': 10, 'W_layer_units_exponent_1': 5, 'W_layer_units_exponent_2': 7, 'W_layer_units_exponent_3': 5, 'W_layer_units_exponent_4': 7, 'W_layer_units_exponent_5': 7, 'D_layers': 3, 'D_layer_units_exponent_0': 10, 'D_layer_units_exponent_1': 7, 'D_layer_units_exponent_2': 8, 'D_dagger_layers': 4, 'D_dagger_layer_units_exponent_0': 9, 'D_dagger_layer_units_exponent_1': 5, 'D_dagger_layer_units_exponent_2': 9, 'D_dagger_layer_units_exponent_3': 4, 'log_learning_rate': -4.575208395044, 'log_learning_rate_D': -2.7556071527827894, 'log_learning_rate_D_dagger': -2.8021354808923107, 'training_batch_size': 10, 'training_p': 5}
	 epoch  0 training error:  tensor(1.0228, device='cuda:0', grad_fn=<DivBackward0>)
Memory status after this epoch: 
Memory allocated:  273.46435546875
Memory cached:  614.0
	 epoch  10 training error:  tensor(0.5428, device='cuda:0', grad_fn=<DivBackward0>)
Memory status after this epoch: 
Memory allocated:  273.46435546875
Memory cached:  648.0
	 epoch  20 training error:  tensor(0.4831, device='cuda:0', grad_fn=<DivBackward0>)
Memory status after this epoch: 
Memory allocated:  273.46435546875
Memory cached:  652.0
	 epoch  30 training error:  tensor(0.4789, device='cuda:0', grad_fn=<DivBackward0>)
Memory status after this epoch: 
Memory allocated:  273.46435546875
Memory cached:  658.0
	 epoch  40 training error:  tensor(0.4755, device='cuda:0', grad_fn=<DivBackward0>)
Memory status after this epoch: 
Memory allocated:  273.46435546875
Memory cached:  654.0
	 epoch  50 training error:  tensor(0.4693, device='cuda:0', grad_fn=<DivBackward0>)
Memory status after this epoch: 
Memory allocated:  273.46435546875
Memory cached:  646.0
	 epoch  60 training error:  tensor(0.4688, device='cuda:0', grad_fn=<DivBackward0>)
Memory status after this epoch: 
Memory allocated:  273.46435546875
Memory cached:  650.0
	 epoch  70 training error:  tensor(0.4310, device='cuda:0', grad_fn=<DivBackward0>)
Memory status after this epoch: 
Memory allocated:  273.46435546875
Memory cached:  646.0
	 epoch  80 training error:  tensor(0.3486, device='cuda:0', grad_fn=<DivBackward0>)
Memory status after this epoch: 
Memory allocated:  273.46435546875
Memory cached:  654.0
	 epoch  90 training error:  tensor(0.3071, device='cuda:0', grad_fn=<DivBackward0>)
Memory status after this epoch: 
Memory allocated:  273.46435546875
Memory cached:  650.0
[I 2024-01-03 20:34:26,289] Trial 99 finished with value: 0.2522693872451782 and parameters: {'W_layers': 6, 'W_layer_units_exponent_0': 10, 'W_layer_units_exponent_1': 5, 'W_layer_units_exponent_2': 7, 'W_layer_units_exponent_3': 5, 'W_layer_units_exponent_4': 7, 'W_layer_units_exponent_5': 7, 'D_layers': 3, 'D_layer_units_exponent_0': 10, 'D_layer_units_exponent_1': 7, 'D_layer_units_exponent_2': 8, 'D_dagger_layers': 4, 'D_dagger_layer_units_exponent_0': 9, 'D_dagger_layer_units_exponent_1': 5, 'D_dagger_layer_units_exponent_2': 9, 'D_dagger_layer_units_exponent_3': 4, 'log_learning_rate': -4.575208395044, 'log_learning_rate_D': -2.7556071527827894, 'log_learning_rate_D_dagger': -2.8021354808923107, 'training_batch_size': 10, 'training_p': 5}. Best is trial 87 with value: 0.11369848251342773.
Time for this trial:  187.8887162208557
Memory status after this trial: 
Memory allocated:  479.0517578125
Memory cached:  618.0
--------------------  Trial  100   --------------------
Start timing: 
Parameters: 
{'W_layers': 6, 'W_layer_units_exponent_0': 10, 'W_layer_units_exponent_1': 4, 'W_layer_units_exponent_2': 8, 'W_layer_units_exponent_3': 4, 'W_layer_units_exponent_4': 4, 'W_layer_units_exponent_5': 9, 'D_layers': 4, 'D_layer_units_exponent_0': 9, 'D_layer_units_exponent_1': 7, 'D_layer_units_exponent_2': 8, 'D_layer_units_exponent_3': 8, 'D_dagger_layers': 4, 'D_dagger_layer_units_exponent_0': 4, 'D_dagger_layer_units_exponent_1': 10, 'D_dagger_layer_units_exponent_2': 10, 'D_dagger_layer_units_exponent_3': 4, 'log_learning_rate': -3.9627907661514024, 'log_learning_rate_D': -2.526039014002669, 'log_learning_rate_D_dagger': -3.3007654299697564, 'training_batch_size': 9, 'training_p': 5}
	 epoch  0 training error:  tensor(1.0350, device='cuda:0', grad_fn=<DivBackward0>)
Memory status after this epoch: 
Memory allocated:  288.86279296875
Memory cached:  622.0
	 epoch  10 training error:  tensor(0.5084, device='cuda:0', grad_fn=<DivBackward0>)
Memory status after this epoch: 
Memory allocated:  288.86279296875
Memory cached:  674.0
	 epoch  20 training error:  tensor(0.4807, device='cuda:0', grad_fn=<DivBackward0>)
Memory status after this epoch: 
Memory allocated:  288.86279296875
Memory cached:  682.0
	 epoch  30 training error:  tensor(0.4860, device='cuda:0', grad_fn=<DivBackward0>)
Memory status after this epoch: 
Memory allocated:  288.86279296875
Memory cached:  684.0
	 epoch  40 training error:  tensor(0.4808, device='cuda:0', grad_fn=<DivBackward0>)
Memory status after this epoch: 
Memory allocated:  288.86279296875
Memory cached:  682.0
	 epoch  50 training error:  tensor(0.4748, device='cuda:0', grad_fn=<DivBackward0>)
Memory status after this epoch: 
Memory allocated:  288.86279296875
Memory cached:  686.0
	 epoch  60 training error:  tensor(0.4749, device='cuda:0', grad_fn=<DivBackward0>)
Memory status after this epoch: 
Memory allocated:  288.86279296875
Memory cached:  684.0
	 epoch  70 training error:  tensor(0.4784, device='cuda:0', grad_fn=<DivBackward0>)
Memory status after this epoch: 
Memory allocated:  288.86279296875
Memory cached:  682.0
	 epoch  80 training error:  tensor(0.4729, device='cuda:0', grad_fn=<DivBackward0>)
Memory status after this epoch: 
Memory allocated:  288.86279296875
Memory cached:  680.0
	 epoch  90 training error:  tensor(0.4988, device='cuda:0', grad_fn=<DivBackward0>)
Memory status after this epoch: 
Memory allocated:  288.86279296875
Memory cached:  682.0
[I 2024-01-03 20:37:49,302] Trial 100 finished with value: 0.4306364059448242 and parameters: {'W_layers': 6, 'W_layer_units_exponent_0': 10, 'W_layer_units_exponent_1': 4, 'W_layer_units_exponent_2': 8, 'W_layer_units_exponent_3': 4, 'W_layer_units_exponent_4': 4, 'W_layer_units_exponent_5': 9, 'D_layers': 4, 'D_layer_units_exponent_0': 9, 'D_layer_units_exponent_1': 7, 'D_layer_units_exponent_2': 8, 'D_layer_units_exponent_3': 8, 'D_dagger_layers': 4, 'D_dagger_layer_units_exponent_0': 4, 'D_dagger_layer_units_exponent_1': 10, 'D_dagger_layer_units_exponent_2': 10, 'D_dagger_layer_units_exponent_3': 4, 'log_learning_rate': -3.9627907661514024, 'log_learning_rate_D': -2.526039014002669, 'log_learning_rate_D_dagger': -3.3007654299697564, 'training_batch_size': 9, 'training_p': 5}. Best is trial 87 with value: 0.11369848251342773.
Time for this trial:  202.5701720714569
Memory status after this trial: 
Memory allocated:  544.4560546875
Memory cached:  624.0
--------------------  Trial  101   --------------------
Start timing: 
Parameters: 
{'W_layers': 5, 'W_layer_units_exponent_0': 10, 'W_layer_units_exponent_1': 4, 'W_layer_units_exponent_2': 7, 'W_layer_units_exponent_3': 4, 'W_layer_units_exponent_4': 8, 'D_layers': 3, 'D_layer_units_exponent_0': 9, 'D_layer_units_exponent_1': 7, 'D_layer_units_exponent_2': 8, 'D_dagger_layers': 4, 'D_dagger_layer_units_exponent_0': 9, 'D_dagger_layer_units_exponent_1': 10, 'D_dagger_layer_units_exponent_2': 8, 'D_dagger_layer_units_exponent_3': 4, 'log_learning_rate': -4.207345257909025, 'log_learning_rate_D': -2.4172346614673828, 'log_learning_rate_D_dagger': -2.9731266232642777, 'training_batch_size': 9, 'training_p': 6}
	 epoch  0 training error:  tensor(0.9496, device='cuda:0', grad_fn=<DivBackward0>)
Memory status after this epoch: 
Memory allocated:  283.31201171875
Memory cached:  606.0
	 epoch  10 training error:  tensor(0.5176, device='cuda:0', grad_fn=<DivBackward0>)
Memory status after this epoch: 
Memory allocated:  283.31201171875
Memory cached:  642.0
	 epoch  20 training error:  tensor(0.5099, device='cuda:0', grad_fn=<DivBackward0>)
Memory status after this epoch: 
Memory allocated:  283.31201171875
Memory cached:  640.0
	 epoch  30 training error:  tensor(0.5384, device='cuda:0', grad_fn=<DivBackward0>)
Memory status after this epoch: 
Memory allocated:  283.31201171875
Memory cached:  646.0
	 epoch  40 training error:  tensor(0.5006, device='cuda:0', grad_fn=<DivBackward0>)
Memory status after this epoch: 
Memory allocated:  283.31201171875
Memory cached:  638.0
	 epoch  50 training error:  tensor(0.4999, device='cuda:0', grad_fn=<DivBackward0>)
Memory status after this epoch: 
Memory allocated:  283.31201171875
Memory cached:  634.0
	 epoch  60 training error:  tensor(0.4946, device='cuda:0', grad_fn=<DivBackward0>)
Memory status after this epoch: 
Memory allocated:  283.31201171875
Memory cached:  642.0
	 epoch  70 training error:  tensor(0.3630, device='cuda:0', grad_fn=<DivBackward0>)
Memory status after this epoch: 
Memory allocated:  283.31201171875
Memory cached:  654.0
	 epoch  80 training error:  tensor(0.3610, device='cuda:0', grad_fn=<DivBackward0>)
Memory status after this epoch: 
Memory allocated:  283.31201171875
Memory cached:  640.0
	 epoch  90 training error:  tensor(0.3105, device='cuda:0', grad_fn=<DivBackward0>)
Memory status after this epoch: 
Memory allocated:  283.31201171875
Memory cached:  640.0
[I 2024-01-03 20:40:53,265] Trial 101 finished with value: 0.17453359067440033 and parameters: {'W_layers': 5, 'W_layer_units_exponent_0': 10, 'W_layer_units_exponent_1': 4, 'W_layer_units_exponent_2': 7, 'W_layer_units_exponent_3': 4, 'W_layer_units_exponent_4': 8, 'D_layers': 3, 'D_layer_units_exponent_0': 9, 'D_layer_units_exponent_1': 7, 'D_layer_units_exponent_2': 8, 'D_dagger_layers': 4, 'D_dagger_layer_units_exponent_0': 9, 'D_dagger_layer_units_exponent_1': 10, 'D_dagger_layer_units_exponent_2': 8, 'D_dagger_layer_units_exponent_3': 4, 'log_learning_rate': -4.207345257909025, 'log_learning_rate_D': -2.4172346614673828, 'log_learning_rate_D_dagger': -2.9731266232642777, 'training_batch_size': 9, 'training_p': 6}. Best is trial 87 with value: 0.11369848251342773.
Time for this trial:  183.56058835983276
Memory status after this trial: 
Memory allocated:  493.8681640625
Memory cached:  616.0
--------------------  Trial  102   --------------------
Start timing: 
Parameters: 
{'W_layers': 5, 'W_layer_units_exponent_0': 10, 'W_layer_units_exponent_1': 4, 'W_layer_units_exponent_2': 7, 'W_layer_units_exponent_3': 4, 'W_layer_units_exponent_4': 8, 'D_layers': 3, 'D_layer_units_exponent_0': 9, 'D_layer_units_exponent_1': 7, 'D_layer_units_exponent_2': 8, 'D_dagger_layers': 4, 'D_dagger_layer_units_exponent_0': 9, 'D_dagger_layer_units_exponent_1': 10, 'D_dagger_layer_units_exponent_2': 8, 'D_dagger_layer_units_exponent_3': 4, 'log_learning_rate': -4.326393187742489, 'log_learning_rate_D': -2.6728397754436175, 'log_learning_rate_D_dagger': -3.025410826781087, 'training_batch_size': 9, 'training_p': 7}
	 epoch  0 training error:  tensor(0.9634, device='cuda:0', grad_fn=<DivBackward0>)
Memory status after this epoch: 
Memory allocated:  283.31201171875
Memory cached:  606.0
	 epoch  10 training error:  tensor(0.5340, device='cuda:0', grad_fn=<DivBackward0>)
Memory status after this epoch: 
Memory allocated:  283.31201171875
Memory cached:  646.0
	 epoch  20 training error:  tensor(0.5309, device='cuda:0', grad_fn=<DivBackward0>)
Memory status after this epoch: 
Memory allocated:  283.31201171875
Memory cached:  648.0
	 epoch  30 training error:  tensor(0.5284, device='cuda:0', grad_fn=<DivBackward0>)
Memory status after this epoch: 
Memory allocated:  283.31201171875
Memory cached:  648.0
	 epoch  40 training error:  tensor(0.5207, device='cuda:0', grad_fn=<DivBackward0>)
Memory status after this epoch: 
Memory allocated:  283.31201171875
Memory cached:  636.0
	 epoch  50 training error:  tensor(0.5350, device='cuda:0', grad_fn=<DivBackward0>)
Memory status after this epoch: 
Memory allocated:  283.31201171875
Memory cached:  644.0
	 epoch  60 training error:  tensor(0.4950, device='cuda:0', grad_fn=<DivBackward0>)
Memory status after this epoch: 
Memory allocated:  283.31201171875
Memory cached:  650.0
	 epoch  70 training error:  tensor(0.3649, device='cuda:0', grad_fn=<DivBackward0>)
Memory status after this epoch: 
Memory allocated:  283.31201171875
Memory cached:  640.0
	 epoch  80 training error:  tensor(0.2921, device='cuda:0', grad_fn=<DivBackward0>)
Memory status after this epoch: 
Memory allocated:  283.31201171875
Memory cached:  644.0
	 epoch  90 training error:  tensor(0.2923, device='cuda:0', grad_fn=<DivBackward0>)
Memory status after this epoch: 
Memory allocated:  283.31201171875
Memory cached:  648.0
