[I 2024-03-01 22:42:00,689] Trial 29 finished with value: 0.05953236296772957 and parameters: {'W_layers': 5, 'W_layer_units_exponent_0': 5, 'W_layer_units_exponent_1': 10, 'W_layer_units_exponent_2': 5, 'W_layer_units_exponent_3': 8, 'W_layer_units_exponent_4': 9, 'D_layers': 4, 'D_layer_units_exponent_0': 10, 'D_layer_units_exponent_1': 10, 'D_layer_units_exponent_2': 10, 'D_layer_units_exponent_3': 10, 'D_dagger_layers': 6, 'D_dagger_layer_units_exponent_0': 9, 'D_dagger_layer_units_exponent_1': 9, 'D_dagger_layer_units_exponent_2': 7, 'D_dagger_layer_units_exponent_3': 6, 'D_dagger_layer_units_exponent_4': 4, 'D_dagger_layer_units_exponent_5': 10, 'log_learning_rate': -1.9459569366934066, 'log_learning_rate_D': -4.024254709790286, 'log_learning_rate_D_dagger': -3.1028139954730634, 'training_batch_size': 6, 'training_p': 6}. Best is trial 27 with value: 0.019390789791941643.
Time for this trial:  3417.9856338500977
Memory status after this trial: 
Memory allocated:  3401.2294921875
Memory cached:  3432.0
--------------------  Trial  30   --------------------
Start timing: 
Parameters: 
{'W_layers': 5, 'W_layer_units_exponent_0': 6, 'W_layer_units_exponent_1': 10, 'W_layer_units_exponent_2': 7, 'W_layer_units_exponent_3': 9, 'W_layer_units_exponent_4': 9, 'D_layers': 3, 'D_layer_units_exponent_0': 9, 'D_layer_units_exponent_1': 10, 'D_layer_units_exponent_2': 9, 'D_dagger_layers': 8, 'D_dagger_layer_units_exponent_0': 9, 'D_dagger_layer_units_exponent_1': 7, 'D_dagger_layer_units_exponent_2': 8, 'D_dagger_layer_units_exponent_3': 8, 'D_dagger_layer_units_exponent_4': 6, 'D_dagger_layer_units_exponent_5': 8, 'D_dagger_layer_units_exponent_6': 10, 'D_dagger_layer_units_exponent_7': 10, 'log_learning_rate': -2.576059520046725, 'log_learning_rate_D': -4.325837907259867, 'log_learning_rate_D_dagger': -3.7329740483320624, 'training_batch_size': 9, 'training_p': 4}
	 epoch  0 training error:  tensor(1.4304, grad_fn=<ToCopyBackward0>)
Memory status after this epoch: 
Memory allocated:  1778.24951171875
Memory cached:  2782.0
	 epoch  10 training error:  tensor(0.3443, grad_fn=<ToCopyBackward0>)
Memory status after this epoch: 
Memory allocated:  1778.24951171875
Memory cached:  2802.0
	 epoch  20 training error:  tensor(0.3107, grad_fn=<ToCopyBackward0>)
Memory status after this epoch: 
Memory allocated:  1778.24951171875
Memory cached:  2802.0
	 epoch  30 training error:  tensor(0.2920, grad_fn=<ToCopyBackward0>)
Memory status after this epoch: 
Memory allocated:  1778.24951171875
Memory cached:  2802.0
	 epoch  40 training error:  tensor(0.2871, grad_fn=<ToCopyBackward0>)
Memory status after this epoch: 
Memory allocated:  1778.24951171875
Memory cached:  2802.0
	 epoch  50 training error:  tensor(0.2873, grad_fn=<ToCopyBackward0>)
Memory status after this epoch: 
Memory allocated:  1778.24951171875
Memory cached:  2802.0
	 epoch  60 training error:  tensor(0.2838, grad_fn=<ToCopyBackward0>)
Memory status after this epoch: 
Memory allocated:  1778.24951171875
Memory cached:  2802.0
	 epoch  70 training error:  tensor(0.2791, grad_fn=<ToCopyBackward0>)
Memory status after this epoch: 
Memory allocated:  1778.24951171875
Memory cached:  2802.0
	 epoch  80 training error:  tensor(0.2781, grad_fn=<ToCopyBackward0>)
Memory status after this epoch: 
Memory allocated:  1778.24951171875
Memory cached:  2802.0
	 epoch  90 training error:  tensor(0.2791, grad_fn=<ToCopyBackward0>)
Memory status after this epoch: 
Memory allocated:  1778.24951171875
Memory cached:  2802.0
[I 2024-03-01 22:58:03,488] Trial 30 finished with value: 0.199973002076149 and parameters: {'W_layers': 5, 'W_layer_units_exponent_0': 6, 'W_layer_units_exponent_1': 10, 'W_layer_units_exponent_2': 7, 'W_layer_units_exponent_3': 9, 'W_layer_units_exponent_4': 9, 'D_layers': 3, 'D_layer_units_exponent_0': 9, 'D_layer_units_exponent_1': 10, 'D_layer_units_exponent_2': 9, 'D_dagger_layers': 8, 'D_dagger_layer_units_exponent_0': 9, 'D_dagger_layer_units_exponent_1': 7, 'D_dagger_layer_units_exponent_2': 8, 'D_dagger_layer_units_exponent_3': 8, 'D_dagger_layer_units_exponent_4': 6, 'D_dagger_layer_units_exponent_5': 8, 'D_dagger_layer_units_exponent_6': 10, 'D_dagger_layer_units_exponent_7': 10, 'log_learning_rate': -2.576059520046725, 'log_learning_rate_D': -4.325837907259867, 'log_learning_rate_D_dagger': -3.7329740483320624, 'training_batch_size': 9, 'training_p': 4}. Best is trial 27 with value: 0.019390789791941643.
Time for this trial:  962.1722898483276
Memory status after this trial: 
Memory allocated:  3332.98974609375
Memory cached:  3376.0
--------------------  Trial  31   --------------------
Start timing: 
Parameters: 
{'W_layers': 5, 'W_layer_units_exponent_0': 5, 'W_layer_units_exponent_1': 9, 'W_layer_units_exponent_2': 6, 'W_layer_units_exponent_3': 7, 'W_layer_units_exponent_4': 7, 'D_layers': 5, 'D_layer_units_exponent_0': 10, 'D_layer_units_exponent_1': 8, 'D_layer_units_exponent_2': 10, 'D_layer_units_exponent_3': 10, 'D_layer_units_exponent_4': 10, 'D_dagger_layers': 6, 'D_dagger_layer_units_exponent_0': 8, 'D_dagger_layer_units_exponent_1': 9, 'D_dagger_layer_units_exponent_2': 7, 'D_dagger_layer_units_exponent_3': 6, 'D_dagger_layer_units_exponent_4': 4, 'D_dagger_layer_units_exponent_5': 8, 'log_learning_rate': -1.7234747138004531, 'log_learning_rate_D': -3.849874935566011, 'log_learning_rate_D_dagger': -3.2112611651996095, 'training_batch_size': 6, 'training_p': 6}
	 epoch  0 training error:  tensor(1.8023, grad_fn=<ToCopyBackward0>)
Memory status after this epoch: 
Memory allocated:  1775.0830078125
Memory cached:  2716.0
	 epoch  10 training error:  tensor(0.3271, grad_fn=<ToCopyBackward0>)
Memory status after this epoch: 
Memory allocated:  1775.0830078125
Memory cached:  2716.0
	 epoch  20 training error:  tensor(0.2124, grad_fn=<ToCopyBackward0>)
Memory status after this epoch: 
Memory allocated:  1775.0830078125
Memory cached:  2716.0
	 epoch  30 training error:  tensor(0.0972, grad_fn=<ToCopyBackward0>)
Memory status after this epoch: 
Memory allocated:  1775.0830078125
Memory cached:  2716.0
	 epoch  40 training error:  tensor(0.0842, grad_fn=<ToCopyBackward0>)
Memory status after this epoch: 
Memory allocated:  1775.0830078125
Memory cached:  2716.0
	 epoch  50 training error:  tensor(0.0757, grad_fn=<ToCopyBackward0>)
Memory status after this epoch: 
Memory allocated:  1775.0830078125
Memory cached:  2716.0
	 epoch  60 training error:  tensor(0.0821, grad_fn=<ToCopyBackward0>)
Memory status after this epoch: 
Memory allocated:  1775.0830078125
Memory cached:  2716.0
	 epoch  70 training error:  tensor(0.0898, grad_fn=<ToCopyBackward0>)
Memory status after this epoch: 
Memory allocated:  1775.0830078125
Memory cached:  2716.0
	 epoch  80 training error:  tensor(0.0551, grad_fn=<ToCopyBackward0>)
Memory status after this epoch: 
Memory allocated:  1775.0830078125
Memory cached:  2716.0
	 epoch  90 training error:  tensor(0.0614, grad_fn=<ToCopyBackward0>)
Memory status after this epoch: 
Memory allocated:  1775.0830078125
Memory cached:  2716.0
[I 2024-03-01 23:58:10,984] Trial 31 finished with value: 0.029591655358672142 and parameters: {'W_layers': 5, 'W_layer_units_exponent_0': 5, 'W_layer_units_exponent_1': 9, 'W_layer_units_exponent_2': 6, 'W_layer_units_exponent_3': 7, 'W_layer_units_exponent_4': 7, 'D_layers': 5, 'D_layer_units_exponent_0': 10, 'D_layer_units_exponent_1': 8, 'D_layer_units_exponent_2': 10, 'D_layer_units_exponent_3': 10, 'D_layer_units_exponent_4': 10, 'D_dagger_layers': 6, 'D_dagger_layer_units_exponent_0': 8, 'D_dagger_layer_units_exponent_1': 9, 'D_dagger_layer_units_exponent_2': 7, 'D_dagger_layer_units_exponent_3': 6, 'D_dagger_layer_units_exponent_4': 4, 'D_dagger_layer_units_exponent_5': 8, 'log_learning_rate': -1.7234747138004531, 'log_learning_rate_D': -3.849874935566011, 'log_learning_rate_D_dagger': -3.2112611651996095, 'training_batch_size': 6, 'training_p': 6}. Best is trial 27 with value: 0.019390789791941643.
Time for this trial:  3606.5824019908905
Memory status after this trial: 
Memory allocated:  3056.80224609375
Memory cached:  3092.0
--------------------  Trial  32   --------------------
Start timing: 
Parameters: 
{'W_layers': 5, 'W_layer_units_exponent_0': 5, 'W_layer_units_exponent_1': 10, 'W_layer_units_exponent_2': 6, 'W_layer_units_exponent_3': 7, 'W_layer_units_exponent_4': 9, 'D_layers': 5, 'D_layer_units_exponent_0': 10, 'D_layer_units_exponent_1': 8, 'D_layer_units_exponent_2': 10, 'D_layer_units_exponent_3': 10, 'D_layer_units_exponent_4': 10, 'D_dagger_layers': 6, 'D_dagger_layer_units_exponent_0': 8, 'D_dagger_layer_units_exponent_1': 9, 'D_dagger_layer_units_exponent_2': 7, 'D_dagger_layer_units_exponent_3': 6, 'D_dagger_layer_units_exponent_4': 4, 'D_dagger_layer_units_exponent_5': 8, 'log_learning_rate': -1.733797580896419, 'log_learning_rate_D': -3.9249022166760774, 'log_learning_rate_D_dagger': -3.3841555536756025, 'training_batch_size': 6, 'training_p': 6}
	 epoch  0 training error:  tensor(12.5897, grad_fn=<ToCopyBackward0>)
Memory status after this epoch: 
Memory allocated:  1776.982421875
Memory cached:  2696.0
	 epoch  10 training error:  tensor(0.3144, grad_fn=<ToCopyBackward0>)
Memory status after this epoch: 
Memory allocated:  1776.982421875
Memory cached:  2696.0
	 epoch  20 training error:  tensor(0.1472, grad_fn=<ToCopyBackward0>)
Memory status after this epoch: 
Memory allocated:  1776.982421875
Memory cached:  2696.0
	 epoch  30 training error:  tensor(0.1283, grad_fn=<ToCopyBackward0>)
Memory status after this epoch: 
Memory allocated:  1776.982421875
Memory cached:  2696.0
	 epoch  40 training error:  tensor(0.0559, grad_fn=<ToCopyBackward0>)
Memory status after this epoch: 
Memory allocated:  1776.982421875
Memory cached:  2696.0
	 epoch  50 training error:  tensor(0.0697, grad_fn=<ToCopyBackward0>)
Memory status after this epoch: 
Memory allocated:  1776.982421875
Memory cached:  2696.0
	 epoch  60 training error:  tensor(0.0597, grad_fn=<ToCopyBackward0>)
Memory status after this epoch: 
Memory allocated:  1776.982421875
Memory cached:  2696.0
	 epoch  70 training error:  tensor(0.0407, grad_fn=<ToCopyBackward0>)
Memory status after this epoch: 
Memory allocated:  1776.982421875
Memory cached:  2696.0
	 epoch  80 training error:  tensor(0.0469, grad_fn=<ToCopyBackward0>)
Memory status after this epoch: 
Memory allocated:  1776.982421875
Memory cached:  2696.0
	 epoch  90 training error:  tensor(0.0569, grad_fn=<ToCopyBackward0>)
Memory status after this epoch: 
Memory allocated:  1776.982421875
Memory cached:  2696.0
[I 2024-03-02 00:57:32,221] Trial 32 finished with value: 0.0412452295422554 and parameters: {'W_layers': 5, 'W_layer_units_exponent_0': 5, 'W_layer_units_exponent_1': 10, 'W_layer_units_exponent_2': 6, 'W_layer_units_exponent_3': 7, 'W_layer_units_exponent_4': 9, 'D_layers': 5, 'D_layer_units_exponent_0': 10, 'D_layer_units_exponent_1': 8, 'D_layer_units_exponent_2': 10, 'D_layer_units_exponent_3': 10, 'D_layer_units_exponent_4': 10, 'D_dagger_layers': 6, 'D_dagger_layer_units_exponent_0': 8, 'D_dagger_layer_units_exponent_1': 9, 'D_dagger_layer_units_exponent_2': 7, 'D_dagger_layer_units_exponent_3': 6, 'D_dagger_layer_units_exponent_4': 4, 'D_dagger_layer_units_exponent_5': 8, 'log_learning_rate': -1.733797580896419, 'log_learning_rate_D': -3.9249022166760774, 'log_learning_rate_D_dagger': -3.3841555536756025, 'training_batch_size': 6, 'training_p': 6}. Best is trial 27 with value: 0.019390789791941643.
Time for this trial:  3560.167883872986
Memory status after this trial: 
Memory allocated:  3236.86962890625
Memory cached:  3274.0
--------------------  Trial  33   --------------------
Start timing: 
Parameters: 
{'W_layers': 3, 'W_layer_units_exponent_0': 4, 'W_layer_units_exponent_1': 9, 'W_layer_units_exponent_2': 5, 'D_layers': 5, 'D_layer_units_exponent_0': 10, 'D_layer_units_exponent_1': 10, 'D_layer_units_exponent_2': 10, 'D_layer_units_exponent_3': 10, 'D_layer_units_exponent_4': 10, 'D_dagger_layers': 5, 'D_dagger_layer_units_exponent_0': 8, 'D_dagger_layer_units_exponent_1': 9, 'D_dagger_layer_units_exponent_2': 7, 'D_dagger_layer_units_exponent_3': 7, 'D_dagger_layer_units_exponent_4': 5, 'log_learning_rate': -1.536585979243136, 'log_learning_rate_D': -4.533108054745481, 'log_learning_rate_D_dagger': -2.6612090311159173, 'training_batch_size': 6, 'training_p': 5}
	 epoch  0 training error:  tensor(1.3478, grad_fn=<ToCopyBackward0>)
Memory status after this epoch: 
Memory allocated:  1804.28369140625
Memory cached:  2770.0
	 epoch  10 training error:  tensor(0.3055, grad_fn=<ToCopyBackward0>)
Memory status after this epoch: 
Memory allocated:  1804.28369140625
Memory cached:  2770.0
	 epoch  20 training error:  tensor(0.1798, grad_fn=<ToCopyBackward0>)
Memory status after this epoch: 
Memory allocated:  1804.28369140625
Memory cached:  2770.0
	 epoch  30 training error:  tensor(0.1181, grad_fn=<ToCopyBackward0>)
Memory status after this epoch: 
Memory allocated:  1804.28369140625
Memory cached:  2770.0
	 epoch  40 training error:  tensor(0.0749, grad_fn=<ToCopyBackward0>)
Memory status after this epoch: 
Memory allocated:  1804.28369140625
Memory cached:  2770.0
	 epoch  50 training error:  tensor(0.0832, grad_fn=<ToCopyBackward0>)
Memory status after this epoch: 
Memory allocated:  1804.28369140625
Memory cached:  2770.0
	 epoch  60 training error:  tensor(0.0548, grad_fn=<ToCopyBackward0>)
Memory status after this epoch: 
Memory allocated:  1804.28369140625
Memory cached:  2770.0
	 epoch  70 training error:  tensor(0.0424, grad_fn=<ToCopyBackward0>)
Memory status after this epoch: 
Memory allocated:  1804.28369140625
Memory cached:  2770.0
	 epoch  80 training error:  tensor(0.0422, grad_fn=<ToCopyBackward0>)
Memory status after this epoch: 
Memory allocated:  1804.28369140625
Memory cached:  2770.0
	 epoch  90 training error:  tensor(0.0404, grad_fn=<ToCopyBackward0>)
Memory status after this epoch: 
Memory allocated:  1804.28369140625
Memory cached:  2770.0
[I 2024-03-02 01:49:48,874] Trial 33 finished with value: 0.046138763427734375 and parameters: {'W_layers': 3, 'W_layer_units_exponent_0': 4, 'W_layer_units_exponent_1': 9, 'W_layer_units_exponent_2': 5, 'D_layers': 5, 'D_layer_units_exponent_0': 10, 'D_layer_units_exponent_1': 10, 'D_layer_units_exponent_2': 10, 'D_layer_units_exponent_3': 10, 'D_layer_units_exponent_4': 10, 'D_dagger_layers': 5, 'D_dagger_layer_units_exponent_0': 8, 'D_dagger_layer_units_exponent_1': 9, 'D_dagger_layer_units_exponent_2': 7, 'D_dagger_layer_units_exponent_3': 7, 'D_dagger_layer_units_exponent_4': 5, 'log_learning_rate': -1.536585979243136, 'log_learning_rate_D': -4.533108054745481, 'log_learning_rate_D_dagger': -2.6612090311159173, 'training_batch_size': 6, 'training_p': 5}. Best is trial 27 with value: 0.019390789791941643.
Time for this trial:  3135.8213546276093
Memory status after this trial: 
Memory allocated:  3132.291015625
Memory cached:  3156.0
--------------------  Trial  34   --------------------
Start timing: 
Parameters: 
{'W_layers': 5, 'W_layer_units_exponent_0': 6, 'W_layer_units_exponent_1': 7, 'W_layer_units_exponent_2': 6, 'W_layer_units_exponent_3': 9, 'W_layer_units_exponent_4': 6, 'D_layers': 4, 'D_layer_units_exponent_0': 9, 'D_layer_units_exponent_1': 8, 'D_layer_units_exponent_2': 9, 'D_layer_units_exponent_3': 10, 'D_dagger_layers': 7, 'D_dagger_layer_units_exponent_0': 10, 'D_dagger_layer_units_exponent_1': 9, 'D_dagger_layer_units_exponent_2': 6, 'D_dagger_layer_units_exponent_3': 7, 'D_dagger_layer_units_exponent_4': 4, 'D_dagger_layer_units_exponent_5': 10, 'D_dagger_layer_units_exponent_6': 8, 'log_learning_rate': -2.603445569416748, 'log_learning_rate_D': -4.22253528924519, 'log_learning_rate_D_dagger': -3.9316955733355554, 'training_batch_size': 7, 'training_p': 6}
	 epoch  0 training error:  tensor(0.7186, grad_fn=<ToCopyBackward0>)
Memory status after this epoch: 
Memory allocated:  1752.16162109375
Memory cached:  2720.0
	 epoch  10 training error:  tensor(0.3474, grad_fn=<ToCopyBackward0>)
Memory status after this epoch: 
Memory allocated:  1752.16162109375
Memory cached:  2726.0
	 epoch  20 training error:  tensor(0.3299, grad_fn=<ToCopyBackward0>)
Memory status after this epoch: 
Memory allocated:  1752.16162109375
Memory cached:  2728.0
	 epoch  30 training error:  tensor(0.3105, grad_fn=<ToCopyBackward0>)
Memory status after this epoch: 
Memory allocated:  1752.16162109375
Memory cached:  2724.0
	 epoch  40 training error:  tensor(0.2381, grad_fn=<ToCopyBackward0>)
Memory status after this epoch: 
Memory allocated:  1752.16162109375
Memory cached:  2722.0
	 epoch  50 training error:  tensor(0.1689, grad_fn=<ToCopyBackward0>)
Memory status after this epoch: 
Memory allocated:  1752.16162109375
Memory cached:  2726.0
	 epoch  60 training error:  tensor(0.1486, grad_fn=<ToCopyBackward0>)
Memory status after this epoch: 
Memory allocated:  1752.16162109375
Memory cached:  2726.0
	 epoch  70 training error:  tensor(0.1169, grad_fn=<ToCopyBackward0>)
Memory status after this epoch: 
Memory allocated:  1752.16162109375
Memory cached:  2722.0
	 epoch  80 training error:  tensor(0.0940, grad_fn=<ToCopyBackward0>)
Memory status after this epoch: 
Memory allocated:  1752.16162109375
Memory cached:  2726.0
	 epoch  90 training error:  tensor(0.0911, grad_fn=<ToCopyBackward0>)
Memory status after this epoch: 
Memory allocated:  1752.16162109375
Memory cached:  2722.0
[I 2024-03-02 02:19:45,019] Trial 34 finished with value: 0.07839250564575195 and parameters: {'W_layers': 5, 'W_layer_units_exponent_0': 6, 'W_layer_units_exponent_1': 7, 'W_layer_units_exponent_2': 6, 'W_layer_units_exponent_3': 9, 'W_layer_units_exponent_4': 6, 'D_layers': 4, 'D_layer_units_exponent_0': 9, 'D_layer_units_exponent_1': 8, 'D_layer_units_exponent_2': 9, 'D_layer_units_exponent_3': 10, 'D_dagger_layers': 7, 'D_dagger_layer_units_exponent_0': 10, 'D_dagger_layer_units_exponent_1': 9, 'D_dagger_layer_units_exponent_2': 6, 'D_dagger_layer_units_exponent_3': 7, 'D_dagger_layer_units_exponent_4': 4, 'D_dagger_layer_units_exponent_5': 10, 'D_dagger_layer_units_exponent_6': 8, 'log_learning_rate': -2.603445569416748, 'log_learning_rate_D': -4.22253528924519, 'log_learning_rate_D_dagger': -3.9316955733355554, 'training_batch_size': 7, 'training_p': 6}. Best is trial 27 with value: 0.019390789791941643.
Time for this trial:  1795.4751119613647
Memory status after this trial: 
Memory allocated:  2996.81787109375
Memory cached:  3036.0
--------------------  Trial  35   --------------------
Start timing: 
Parameters: 
{'W_layers': 4, 'W_layer_units_exponent_0': 7, 'W_layer_units_exponent_1': 10, 'W_layer_units_exponent_2': 5, 'W_layer_units_exponent_3': 7, 'D_layers': 5, 'D_layer_units_exponent_0': 10, 'D_layer_units_exponent_1': 9, 'D_layer_units_exponent_2': 7, 'D_layer_units_exponent_3': 10, 'D_layer_units_exponent_4': 9, 'D_dagger_layers': 5, 'D_dagger_layer_units_exponent_0': 8, 'D_dagger_layer_units_exponent_1': 8, 'D_dagger_layer_units_exponent_2': 9, 'D_dagger_layer_units_exponent_3': 6, 'D_dagger_layer_units_exponent_4': 6, 'log_learning_rate': -1.2829090606710667, 'log_learning_rate_D': -4.958377486210074, 'log_learning_rate_D_dagger': -3.4873233922113145, 'training_batch_size': 6, 'training_p': 6}
	 epoch  0 training error:  tensor(81.3846, grad_fn=<ToCopyBackward0>)
Memory status after this epoch: 
Memory allocated:  1751.82275390625
Memory cached:  2696.0
	 epoch  10 training error:  tensor(1.0772, grad_fn=<ToCopyBackward0>)
Memory status after this epoch: 
Memory allocated:  1751.82275390625
Memory cached:  2696.0
	 epoch  20 training error:  tensor(0.3470, grad_fn=<ToCopyBackward0>)
Memory status after this epoch: 
Memory allocated:  1751.82275390625
Memory cached:  2696.0
	 epoch  30 training error:  tensor(0.3334, grad_fn=<ToCopyBackward0>)
Memory status after this epoch: 
Memory allocated:  1751.82275390625
Memory cached:  2696.0
	 epoch  40 training error:  tensor(0.3111, grad_fn=<ToCopyBackward0>)
Memory status after this epoch: 
Memory allocated:  1751.82275390625
Memory cached:  2696.0
	 epoch  50 training error:  tensor(0.2051, grad_fn=<ToCopyBackward0>)
Memory status after this epoch: 
Memory allocated:  1751.82275390625
Memory cached:  2696.0
	 epoch  60 training error:  tensor(0.2685, grad_fn=<ToCopyBackward0>)
Memory status after this epoch: 
Memory allocated:  1751.82275390625
Memory cached:  2696.0
	 epoch  70 training error:  tensor(0.1640, grad_fn=<ToCopyBackward0>)
Memory status after this epoch: 
Memory allocated:  1751.82275390625
Memory cached:  2696.0
	 epoch  80 training error:  tensor(0.2029, grad_fn=<ToCopyBackward0>)
Memory status after this epoch: 
Memory allocated:  1751.82275390625
Memory cached:  2696.0
	 epoch  90 training error:  tensor(2.0074, grad_fn=<ToCopyBackward0>)
Memory status after this epoch: 
Memory allocated:  1751.82275390625
Memory cached:  2696.0
