[I 2023-12-06 23:04:34,588] Trial 11 finished with value: 0.2939969599246979 and parameters: {'W_layers': 4, 'W_layer_units_exponent_0': 4, 'W_layer_units_exponent_1': 10, 'W_layer_units_exponent_2': 7, 'W_layer_units_exponent_3': 10, 'D_layers': 8, 'D_layer_units_exponent_0': 7, 'D_layer_units_exponent_1': 9, 'D_layer_units_exponent_2': 10, 'D_layer_units_exponent_3': 10, 'D_layer_units_exponent_4': 4, 'D_layer_units_exponent_5': 4, 'D_layer_units_exponent_6': 4, 'D_layer_units_exponent_7': 5, 'D_dagger_layers': 6, 'D_dagger_layer_units_exponent_0': 10, 'D_dagger_layer_units_exponent_1': 4, 'D_dagger_layer_units_exponent_2': 4, 'D_dagger_layer_units_exponent_3': 10, 'D_dagger_layer_units_exponent_4': 4, 'D_dagger_layer_units_exponent_5': 10, 'log_learning_rate': -3.5561055659115857, 'log_learning_rate_D': -3.5629150520136994, 'log_learning_rate_D_dagger': -2.5534157780476137, 'training_batch_size': 7, 'training_p': 2}. Best is trial 2 with value: 0.2935338020324707.
Time for this trial:  253.55746722221375
Memory status after this trial: 
Memory allocated:  707.64501953125
Memory cached:  720.0
--------------------  Trial  12   --------------------
Start timing: 
Parameters: 
{'W_layers': 4, 'W_layer_units_exponent_0': 6, 'W_layer_units_exponent_1': 10, 'W_layer_units_exponent_2': 4, 'W_layer_units_exponent_3': 4, 'D_layers': 4, 'D_layer_units_exponent_0': 8, 'D_layer_units_exponent_1': 9, 'D_layer_units_exponent_2': 8, 'D_layer_units_exponent_3': 10, 'D_dagger_layers': 6, 'D_dagger_layer_units_exponent_0': 10, 'D_dagger_layer_units_exponent_1': 4, 'D_dagger_layer_units_exponent_2': 4, 'D_dagger_layer_units_exponent_3': 10, 'D_dagger_layer_units_exponent_4': 4, 'D_dagger_layer_units_exponent_5': 10, 'log_learning_rate': -3.3963605694027232, 'log_learning_rate_D': -4.992571336052885, 'log_learning_rate_D_dagger': -3.4158022549100364, 'training_batch_size': 6, 'training_p': 6}
	 epoch  0 training error:  tensor(1.0208, device='cuda:0', grad_fn=<DivBackward0>)
Memory status after this epoch: 
Memory allocated:  287.08447265625
Memory cached:  520.0
	 epoch  10 training error:  tensor(0.4772, device='cuda:0', grad_fn=<DivBackward0>)
Memory status after this epoch: 
Memory allocated:  287.08447265625
Memory cached:  550.0
	 epoch  20 training error:  tensor(0.4321, device='cuda:0', grad_fn=<DivBackward0>)
Memory status after this epoch: 
Memory allocated:  287.08447265625
Memory cached:  544.0
	 epoch  30 training error:  tensor(0.3965, device='cuda:0', grad_fn=<DivBackward0>)
Memory status after this epoch: 
Memory allocated:  287.08447265625
Memory cached:  534.0
	 epoch  40 training error:  tensor(0.3725, device='cuda:0', grad_fn=<DivBackward0>)
Memory status after this epoch: 
Memory allocated:  287.08447265625
Memory cached:  536.0
	 epoch  50 training error:  tensor(0.3692, device='cuda:0', grad_fn=<DivBackward0>)
Memory status after this epoch: 
Memory allocated:  287.08447265625
Memory cached:  542.0
	 epoch  60 training error:  tensor(0.3762, device='cuda:0', grad_fn=<DivBackward0>)
Memory status after this epoch: 
Memory allocated:  287.08447265625
Memory cached:  542.0
	 epoch  70 training error:  tensor(0.3533, device='cuda:0', grad_fn=<DivBackward0>)
Memory status after this epoch: 
Memory allocated:  287.08447265625
Memory cached:  540.0
	 epoch  80 training error:  tensor(0.3473, device='cuda:0', grad_fn=<DivBackward0>)
Memory status after this epoch: 
Memory allocated:  287.08447265625
Memory cached:  542.0
	 epoch  90 training error:  tensor(0.3394, device='cuda:0', grad_fn=<DivBackward0>)
Memory status after this epoch: 
Memory allocated:  287.08447265625
Memory cached:  540.0
[I 2023-12-06 23:10:26,773] Trial 12 finished with value: 0.30819234251976013 and parameters: {'W_layers': 4, 'W_layer_units_exponent_0': 6, 'W_layer_units_exponent_1': 10, 'W_layer_units_exponent_2': 4, 'W_layer_units_exponent_3': 4, 'D_layers': 4, 'D_layer_units_exponent_0': 8, 'D_layer_units_exponent_1': 9, 'D_layer_units_exponent_2': 8, 'D_layer_units_exponent_3': 10, 'D_dagger_layers': 6, 'D_dagger_layer_units_exponent_0': 10, 'D_dagger_layer_units_exponent_1': 4, 'D_dagger_layer_units_exponent_2': 4, 'D_dagger_layer_units_exponent_3': 10, 'D_dagger_layer_units_exponent_4': 4, 'D_dagger_layer_units_exponent_5': 10, 'log_learning_rate': -3.3963605694027232, 'log_learning_rate_D': -4.992571336052885, 'log_learning_rate_D_dagger': -3.4158022549100364, 'training_batch_size': 6, 'training_p': 6}. Best is trial 2 with value: 0.2935338020324707.
Time for this trial:  351.8881924152374
Memory status after this trial: 
Memory allocated:  602.0673828125
Memory cached:  608.0
--------------------  Trial  13   --------------------
Start timing: 
Parameters: 
{'W_layers': 3, 'W_layer_units_exponent_0': 5, 'W_layer_units_exponent_1': 10, 'W_layer_units_exponent_2': 7, 'D_layers': 6, 'D_layer_units_exponent_0': 7, 'D_layer_units_exponent_1': 9, 'D_layer_units_exponent_2': 8, 'D_layer_units_exponent_3': 10, 'D_layer_units_exponent_4': 9, 'D_layer_units_exponent_5': 4, 'D_dagger_layers': 7, 'D_dagger_layer_units_exponent_0': 9, 'D_dagger_layer_units_exponent_1': 7, 'D_dagger_layer_units_exponent_2': 4, 'D_dagger_layer_units_exponent_3': 8, 'D_dagger_layer_units_exponent_4': 5, 'D_dagger_layer_units_exponent_5': 10, 'D_dagger_layer_units_exponent_6': 10, 'log_learning_rate': -3.5666804518353743, 'log_learning_rate_D': -2.993085208474545, 'log_learning_rate_D_dagger': -2.2634567356457804, 'training_batch_size': 7, 'training_p': 2}
	 epoch  0 training error:  tensor(1.0189, device='cuda:0', grad_fn=<DivBackward0>)
Memory status after this epoch: 
Memory allocated:  312.11572265625
Memory cached:  510.0
	 epoch  10 training error:  tensor(0.7229, device='cuda:0', grad_fn=<DivBackward0>)
Memory status after this epoch: 
Memory allocated:  312.11572265625
Memory cached:  554.0
	 epoch  20 training error:  tensor(0.4504, device='cuda:0', grad_fn=<DivBackward0>)
Memory status after this epoch: 
Memory allocated:  312.11572265625
Memory cached:  558.0
	 epoch  30 training error:  tensor(0.4504, device='cuda:0', grad_fn=<DivBackward0>)
Memory status after this epoch: 
Memory allocated:  312.11572265625
Memory cached:  552.0
	 epoch  40 training error:  tensor(0.4215, device='cuda:0', grad_fn=<DivBackward0>)
Memory status after this epoch: 
Memory allocated:  312.11572265625
Memory cached:  568.0
	 epoch  50 training error:  tensor(0.3798, device='cuda:0', grad_fn=<DivBackward0>)
Memory status after this epoch: 
Memory allocated:  312.11572265625
Memory cached:  556.0
	 epoch  60 training error:  tensor(0.3858, device='cuda:0', grad_fn=<DivBackward0>)
Memory status after this epoch: 
Memory allocated:  312.11572265625
Memory cached:  562.0
	 epoch  70 training error:  tensor(0.3733, device='cuda:0', grad_fn=<DivBackward0>)
Memory status after this epoch: 
Memory allocated:  312.11572265625
Memory cached:  564.0
	 epoch  80 training error:  tensor(0.4419, device='cuda:0', grad_fn=<DivBackward0>)
Memory status after this epoch: 
Memory allocated:  312.11572265625
Memory cached:  562.0
	 epoch  90 training error:  tensor(0.4033, device='cuda:0', grad_fn=<DivBackward0>)
Memory status after this epoch: 
Memory allocated:  312.11572265625
Memory cached:  562.0
[I 2023-12-06 23:14:15,985] Trial 13 finished with value: 0.3395366072654724 and parameters: {'W_layers': 3, 'W_layer_units_exponent_0': 5, 'W_layer_units_exponent_1': 10, 'W_layer_units_exponent_2': 7, 'D_layers': 6, 'D_layer_units_exponent_0': 7, 'D_layer_units_exponent_1': 9, 'D_layer_units_exponent_2': 8, 'D_layer_units_exponent_3': 10, 'D_layer_units_exponent_4': 9, 'D_layer_units_exponent_5': 4, 'D_dagger_layers': 7, 'D_dagger_layer_units_exponent_0': 9, 'D_dagger_layer_units_exponent_1': 7, 'D_dagger_layer_units_exponent_2': 4, 'D_dagger_layer_units_exponent_3': 8, 'D_dagger_layer_units_exponent_4': 5, 'D_dagger_layer_units_exponent_5': 10, 'D_dagger_layer_units_exponent_6': 10, 'log_learning_rate': -3.5666804518353743, 'log_learning_rate_D': -2.993085208474545, 'log_learning_rate_D_dagger': -2.2634567356457804, 'training_batch_size': 7, 'training_p': 2}. Best is trial 2 with value: 0.2935338020324707.
Time for this trial:  228.95348596572876
Memory status after this trial: 
Memory allocated:  638.521484375
Memory cached:  674.0
--------------------  Trial  14   --------------------
Start timing: 
Parameters: 
{'W_layers': 3, 'W_layer_units_exponent_0': 5, 'W_layer_units_exponent_1': 6, 'W_layer_units_exponent_2': 6, 'D_layers': 8, 'D_layer_units_exponent_0': 8, 'D_layer_units_exponent_1': 8, 'D_layer_units_exponent_2': 10, 'D_layer_units_exponent_3': 8, 'D_layer_units_exponent_4': 8, 'D_layer_units_exponent_5': 4, 'D_layer_units_exponent_6': 4, 'D_layer_units_exponent_7': 5, 'D_dagger_layers': 6, 'D_dagger_layer_units_exponent_0': 9, 'D_dagger_layer_units_exponent_1': 7, 'D_dagger_layer_units_exponent_2': 10, 'D_dagger_layer_units_exponent_3': 6, 'D_dagger_layer_units_exponent_4': 6, 'D_dagger_layer_units_exponent_5': 8, 'log_learning_rate': -4.830491629462273, 'log_learning_rate_D': -3.7174285354775964, 'log_learning_rate_D_dagger': -1.0167253543938628, 'training_batch_size': 12, 'training_p': 7}
	 epoch  0 training error:  tensor(1.1784, device='cuda:0', grad_fn=<DivBackward0>)
Memory status after this epoch: 
Memory allocated:  291.21142578125
Memory cached:  480.0
	 epoch  10 training error:  tensor(5795.5776, device='cuda:0', grad_fn=<DivBackward0>)
Memory status after this epoch: 
Memory allocated:  291.21142578125
Memory cached:  528.0
	 epoch  20 training error:  tensor(114.5129, device='cuda:0', grad_fn=<DivBackward0>)
Memory status after this epoch: 
Memory allocated:  291.21142578125
Memory cached:  520.0
	 epoch  30 training error:  tensor(1340.0840, device='cuda:0', grad_fn=<DivBackward0>)
Memory status after this epoch: 
Memory allocated:  291.21142578125
Memory cached:  530.0
	 epoch  40 training error:  tensor(4893.4038, device='cuda:0', grad_fn=<DivBackward0>)
Memory status after this epoch: 
Memory allocated:  291.21142578125
Memory cached:  522.0
	 epoch  50 training error:  tensor(2138.5754, device='cuda:0', grad_fn=<DivBackward0>)
Memory status after this epoch: 
Memory allocated:  291.21142578125
Memory cached:  518.0
	 epoch  60 training error:  tensor(2133.2075, device='cuda:0', grad_fn=<DivBackward0>)
Memory status after this epoch: 
Memory allocated:  291.21142578125
Memory cached:  526.0
	 epoch  70 training error:  tensor(404.7860, device='cuda:0', grad_fn=<DivBackward0>)
Memory status after this epoch: 
Memory allocated:  291.21142578125
Memory cached:  530.0
	 epoch  80 training error:  tensor(31.0469, device='cuda:0', grad_fn=<DivBackward0>)
Memory status after this epoch: 
Memory allocated:  291.21142578125
Memory cached:  526.0
	 epoch  90 training error:  tensor(161.4800, device='cuda:0', grad_fn=<DivBackward0>)
Memory status after this epoch: 
Memory allocated:  291.21142578125
Memory cached:  530.0
[I 2023-12-06 23:17:52,701] Trial 14 finished with value: 135.8424835205078 and parameters: {'W_layers': 3, 'W_layer_units_exponent_0': 5, 'W_layer_units_exponent_1': 6, 'W_layer_units_exponent_2': 6, 'D_layers': 8, 'D_layer_units_exponent_0': 8, 'D_layer_units_exponent_1': 8, 'D_layer_units_exponent_2': 10, 'D_layer_units_exponent_3': 8, 'D_layer_units_exponent_4': 8, 'D_layer_units_exponent_5': 4, 'D_layer_units_exponent_6': 4, 'D_layer_units_exponent_7': 5, 'D_dagger_layers': 6, 'D_dagger_layer_units_exponent_0': 9, 'D_dagger_layer_units_exponent_1': 7, 'D_dagger_layer_units_exponent_2': 10, 'D_dagger_layer_units_exponent_3': 6, 'D_dagger_layer_units_exponent_4': 6, 'D_dagger_layer_units_exponent_5': 8, 'log_learning_rate': -4.830491629462273, 'log_learning_rate_D': -3.7174285354775964, 'log_learning_rate_D_dagger': -1.0167253543938628, 'training_batch_size': 12, 'training_p': 7}. Best is trial 2 with value: 0.2935338020324707.
Time for this trial:  216.4712884426117
Memory status after this trial: 
Memory allocated:  511.451171875
Memory cached:  520.0
--------------------  Trial  15   --------------------
Start timing: 
Parameters: 
{'W_layers': 4, 'W_layer_units_exponent_0': 7, 'W_layer_units_exponent_1': 8, 'W_layer_units_exponent_2': 7, 'W_layer_units_exponent_3': 10, 'D_layers': 4, 'D_layer_units_exponent_0': 10, 'D_layer_units_exponent_1': 8, 'D_layer_units_exponent_2': 8, 'D_layer_units_exponent_3': 9, 'D_dagger_layers': 8, 'D_dagger_layer_units_exponent_0': 9, 'D_dagger_layer_units_exponent_1': 5, 'D_dagger_layer_units_exponent_2': 6, 'D_dagger_layer_units_exponent_3': 9, 'D_dagger_layer_units_exponent_4': 10, 'D_dagger_layer_units_exponent_5': 5, 'D_dagger_layer_units_exponent_6': 9, 'D_dagger_layer_units_exponent_7': 4, 'log_learning_rate': -2.8840389009863387, 'log_learning_rate_D': -2.6086270627873436, 'log_learning_rate_D_dagger': -3.4485622948833394, 'training_batch_size': 7, 'training_p': 4}
	 epoch  0 training error:  tensor(0.9274, device='cuda:0', grad_fn=<DivBackward0>)
Memory status after this epoch: 
Memory allocated:  296.44189453125
Memory cached:  498.0
	 epoch  10 training error:  tensor(0.5901, device='cuda:0', grad_fn=<DivBackward0>)
Memory status after this epoch: 
Memory allocated:  296.44189453125
Memory cached:  554.0
	 epoch  20 training error:  tensor(0.4195, device='cuda:0', grad_fn=<DivBackward0>)
Memory status after this epoch: 
Memory allocated:  296.44189453125
Memory cached:  552.0
	 epoch  30 training error:  tensor(0.4073, device='cuda:0', grad_fn=<DivBackward0>)
Memory status after this epoch: 
Memory allocated:  296.44189453125
Memory cached:  552.0
	 epoch  40 training error:  tensor(0.3682, device='cuda:0', grad_fn=<DivBackward0>)
Memory status after this epoch: 
Memory allocated:  296.44189453125
Memory cached:  556.0
	 epoch  50 training error:  tensor(0.3471, device='cuda:0', grad_fn=<DivBackward0>)
Memory status after this epoch: 
Memory allocated:  296.44189453125
Memory cached:  562.0
	 epoch  60 training error:  tensor(0.3457, device='cuda:0', grad_fn=<DivBackward0>)
Memory status after this epoch: 
Memory allocated:  296.44189453125
Memory cached:  554.0
	 epoch  70 training error:  tensor(0.3242, device='cuda:0', grad_fn=<DivBackward0>)
Memory status after this epoch: 
Memory allocated:  296.44189453125
Memory cached:  554.0
	 epoch  80 training error:  tensor(0.3136, device='cuda:0', grad_fn=<DivBackward0>)
Memory status after this epoch: 
Memory allocated:  296.44189453125
Memory cached:  560.0
	 epoch  90 training error:  tensor(0.3256, device='cuda:0', grad_fn=<DivBackward0>)
Memory status after this epoch: 
Memory allocated:  296.44189453125
Memory cached:  550.0
[I 2023-12-06 23:21:39,592] Trial 15 finished with value: 0.2806603014469147 and parameters: {'W_layers': 4, 'W_layer_units_exponent_0': 7, 'W_layer_units_exponent_1': 8, 'W_layer_units_exponent_2': 7, 'W_layer_units_exponent_3': 10, 'D_layers': 4, 'D_layer_units_exponent_0': 10, 'D_layer_units_exponent_1': 8, 'D_layer_units_exponent_2': 8, 'D_layer_units_exponent_3': 9, 'D_dagger_layers': 8, 'D_dagger_layer_units_exponent_0': 9, 'D_dagger_layer_units_exponent_1': 5, 'D_dagger_layer_units_exponent_2': 6, 'D_dagger_layer_units_exponent_3': 9, 'D_dagger_layer_units_exponent_4': 10, 'D_dagger_layer_units_exponent_5': 5, 'D_dagger_layer_units_exponent_6': 9, 'D_dagger_layer_units_exponent_7': 4, 'log_learning_rate': -2.8840389009863387, 'log_learning_rate_D': -2.6086270627873436, 'log_learning_rate_D_dagger': -3.4485622948833394, 'training_batch_size': 7, 'training_p': 4}. Best is trial 15 with value: 0.2806603014469147.
res:  tensor(0.2807, device='cuda:0', grad_fn=<DivBackward0>)
self.bestValue:  tensor(0.2935, device='cuda:0', grad_fn=<DivBackward0>)
Save this model!
Time for this trial:  226.64558362960815
Memory status after this trial: 
Memory allocated:  333.38037109375
Memory cached:  586.0
--------------------  Trial  16   --------------------
Start timing: 
Parameters: 
{'W_layers': 4, 'W_layer_units_exponent_0': 7, 'W_layer_units_exponent_1': 8, 'W_layer_units_exponent_2': 5, 'W_layer_units_exponent_3': 9, 'D_layers': 4, 'D_layer_units_exponent_0': 10, 'D_layer_units_exponent_1': 8, 'D_layer_units_exponent_2': 8, 'D_layer_units_exponent_3': 9, 'D_dagger_layers': 8, 'D_dagger_layer_units_exponent_0': 9, 'D_dagger_layer_units_exponent_1': 5, 'D_dagger_layer_units_exponent_2': 6, 'D_dagger_layer_units_exponent_3': 8, 'D_dagger_layer_units_exponent_4': 10, 'D_dagger_layer_units_exponent_5': 4, 'D_dagger_layer_units_exponent_6': 9, 'D_dagger_layer_units_exponent_7': 4, 'log_learning_rate': -1.709940601775765, 'log_learning_rate_D': -2.5940671345610595, 'log_learning_rate_D_dagger': -3.408381655521295, 'training_batch_size': 8, 'training_p': 4}
	 epoch  0 training error:  tensor(1.0493, device='cuda:0', grad_fn=<DivBackward0>)
Memory status after this epoch: 
Memory allocated:  346.45947265625
Memory cached:  586.0
	 epoch  10 training error:  tensor(1.5731, device='cuda:0', grad_fn=<DivBackward0>)
Memory status after this epoch: 
Memory allocated:  346.45947265625
Memory cached:  624.0
	 epoch  20 training error:  tensor(0.6987, device='cuda:0', grad_fn=<DivBackward0>)
Memory status after this epoch: 
Memory allocated:  346.45947265625
Memory cached:  610.0
	 epoch  30 training error:  tensor(0.5603, device='cuda:0', grad_fn=<DivBackward0>)
Memory status after this epoch: 
Memory allocated:  346.45947265625
Memory cached:  624.0
	 epoch  40 training error:  tensor(0.4518, device='cuda:0', grad_fn=<DivBackward0>)
Memory status after this epoch: 
Memory allocated:  346.45947265625
Memory cached:  612.0
	 epoch  50 training error:  tensor(0.4288, device='cuda:0', grad_fn=<DivBackward0>)
Memory status after this epoch: 
Memory allocated:  346.45947265625
Memory cached:  620.0
	 epoch  60 training error:  tensor(0.3969, device='cuda:0', grad_fn=<DivBackward0>)
Memory status after this epoch: 
Memory allocated:  346.45947265625
Memory cached:  618.0
	 epoch  70 training error:  tensor(0.3834, device='cuda:0', grad_fn=<DivBackward0>)
Memory status after this epoch: 
Memory allocated:  346.45947265625
Memory cached:  616.0
	 epoch  80 training error:  tensor(0.3746, device='cuda:0', grad_fn=<DivBackward0>)
Memory status after this epoch: 
Memory allocated:  346.45947265625
Memory cached:  614.0
	 epoch  90 training error:  tensor(0.3658, device='cuda:0', grad_fn=<DivBackward0>)
Memory status after this epoch: 
Memory allocated:  346.45947265625
Memory cached:  626.0
