[I 2023-12-20 17:01:17,062] Trial 188 finished with value: 0.21765105426311493 and parameters: {'W_layers': 5, 'W_layer_units_exponent_0': 8, 'W_layer_units_exponent_1': 7, 'W_layer_units_exponent_2': 6, 'W_layer_units_exponent_3': 5, 'W_layer_units_exponent_4': 5, 'D_layers': 5, 'D_layer_units_exponent_0': 7, 'D_layer_units_exponent_1': 9, 'D_layer_units_exponent_2': 9, 'D_layer_units_exponent_3': 8, 'D_layer_units_exponent_4': 5, 'D_dagger_layers': 3, 'D_dagger_layer_units_exponent_0': 9, 'D_dagger_layer_units_exponent_1': 7, 'D_dagger_layer_units_exponent_2': 5, 'log_learning_rate': -3.2104834939447073, 'log_learning_rate_D': -4.188086203496684, 'log_learning_rate_D_dagger': -2.2466994673539427, 'training_batch_size': 6, 'training_p': 7}. Best is trial 171 with value: 0.11988115310668945.
Time for this trial:  317.4995698928833
Memory status after this trial: 
Memory allocated:  317.455078125
Memory cached:  368.0
--------------------  Trial  189   --------------------
Start timing: 
Parameters: 
{'W_layers': 5, 'W_layer_units_exponent_0': 8, 'W_layer_units_exponent_1': 10, 'W_layer_units_exponent_2': 6, 'W_layer_units_exponent_3': 6, 'W_layer_units_exponent_4': 5, 'D_layers': 6, 'D_layer_units_exponent_0': 7, 'D_layer_units_exponent_1': 9, 'D_layer_units_exponent_2': 8, 'D_layer_units_exponent_3': 8, 'D_layer_units_exponent_4': 6, 'D_layer_units_exponent_5': 4, 'D_dagger_layers': 3, 'D_dagger_layer_units_exponent_0': 10, 'D_dagger_layer_units_exponent_1': 4, 'D_dagger_layer_units_exponent_2': 5, 'log_learning_rate': -2.8743256114043847, 'log_learning_rate_D': -4.044233869194013, 'log_learning_rate_D_dagger': -2.3982807933810273, 'training_batch_size': 9, 'training_p': 7}
	 epoch  0 training error:  tensor(1.0123, device='cuda:0', grad_fn=<DivBackward0>)
Memory status after this epoch: 
Memory allocated:  183.73486328125
Memory cached:  368.0
	 epoch  10 training error:  tensor(0.5683, device='cuda:0', grad_fn=<DivBackward0>)
Memory status after this epoch: 
Memory allocated:  183.73486328125
Memory cached:  372.0
	 epoch  20 training error:  tensor(0.5492, device='cuda:0', grad_fn=<DivBackward0>)
Memory status after this epoch: 
Memory allocated:  183.73486328125
Memory cached:  372.0
	 epoch  30 training error:  tensor(0.5349, device='cuda:0', grad_fn=<DivBackward0>)
Memory status after this epoch: 
Memory allocated:  183.73486328125
Memory cached:  372.0
	 epoch  40 training error:  tensor(0.5280, device='cuda:0', grad_fn=<DivBackward0>)
Memory status after this epoch: 
Memory allocated:  183.73486328125
Memory cached:  372.0
	 epoch  50 training error:  tensor(0.5248, device='cuda:0', grad_fn=<DivBackward0>)
Memory status after this epoch: 
Memory allocated:  183.73486328125
Memory cached:  372.0
	 epoch  60 training error:  tensor(0.5197, device='cuda:0', grad_fn=<DivBackward0>)
Memory status after this epoch: 
Memory allocated:  183.73486328125
Memory cached:  370.0
	 epoch  70 training error:  tensor(0.5154, device='cuda:0', grad_fn=<DivBackward0>)
Memory status after this epoch: 
Memory allocated:  183.73486328125
Memory cached:  370.0
	 epoch  80 training error:  tensor(0.5046, device='cuda:0', grad_fn=<DivBackward0>)
Memory status after this epoch: 
Memory allocated:  183.73486328125
Memory cached:  370.0
	 epoch  90 training error:  tensor(0.4516, device='cuda:0', grad_fn=<DivBackward0>)
Memory status after this epoch: 
Memory allocated:  183.73486328125
Memory cached:  368.0
[I 2023-12-20 17:04:23,298] Trial 189 finished with value: 0.2707706093788147 and parameters: {'W_layers': 5, 'W_layer_units_exponent_0': 8, 'W_layer_units_exponent_1': 10, 'W_layer_units_exponent_2': 6, 'W_layer_units_exponent_3': 6, 'W_layer_units_exponent_4': 5, 'D_layers': 6, 'D_layer_units_exponent_0': 7, 'D_layer_units_exponent_1': 9, 'D_layer_units_exponent_2': 8, 'D_layer_units_exponent_3': 8, 'D_layer_units_exponent_4': 6, 'D_layer_units_exponent_5': 4, 'D_dagger_layers': 3, 'D_dagger_layer_units_exponent_0': 10, 'D_dagger_layer_units_exponent_1': 4, 'D_dagger_layer_units_exponent_2': 5, 'log_learning_rate': -2.8743256114043847, 'log_learning_rate_D': -4.044233869194013, 'log_learning_rate_D_dagger': -2.3982807933810273, 'training_batch_size': 9, 'training_p': 7}. Best is trial 171 with value: 0.11988115310668945.
Time for this trial:  185.67336344718933
Memory status after this trial: 
Memory allocated:  378.1640625
Memory cached:  384.0
--------------------  Trial  190   --------------------
Start timing: 
Parameters: 
{'W_layers': 6, 'W_layer_units_exponent_0': 8, 'W_layer_units_exponent_1': 4, 'W_layer_units_exponent_2': 8, 'W_layer_units_exponent_3': 8, 'W_layer_units_exponent_4': 4, 'W_layer_units_exponent_5': 4, 'D_layers': 5, 'D_layer_units_exponent_0': 7, 'D_layer_units_exponent_1': 9, 'D_layer_units_exponent_2': 8, 'D_layer_units_exponent_3': 8, 'D_layer_units_exponent_4': 5, 'D_dagger_layers': 3, 'D_dagger_layer_units_exponent_0': 9, 'D_dagger_layer_units_exponent_1': 5, 'D_dagger_layer_units_exponent_2': 5, 'log_learning_rate': -2.9764963466189096, 'log_learning_rate_D': -3.8914645245214, 'log_learning_rate_D_dagger': -2.1105592651012195, 'training_batch_size': 6, 'training_p': 7}
	 epoch  0 training error:  tensor(1.1382, device='cuda:0', grad_fn=<DivBackward0>)
Memory status after this epoch: 
Memory allocated:  179.69189453125
Memory cached:  366.0
	 epoch  10 training error:  tensor(0.5903, device='cuda:0', grad_fn=<DivBackward0>)
Memory status after this epoch: 
Memory allocated:  179.69189453125
Memory cached:  366.0
	 epoch  20 training error:  tensor(0.5671, device='cuda:0', grad_fn=<DivBackward0>)
Memory status after this epoch: 
Memory allocated:  179.69189453125
Memory cached:  372.0
	 epoch  30 training error:  tensor(0.5545, device='cuda:0', grad_fn=<DivBackward0>)
Memory status after this epoch: 
Memory allocated:  179.69189453125
Memory cached:  366.0
	 epoch  40 training error:  tensor(0.5288, device='cuda:0', grad_fn=<DivBackward0>)
Memory status after this epoch: 
Memory allocated:  179.69189453125
Memory cached:  370.0
	 epoch  50 training error:  tensor(0.5384, device='cuda:0', grad_fn=<DivBackward0>)
Memory status after this epoch: 
Memory allocated:  179.69189453125
Memory cached:  370.0
	 epoch  60 training error:  tensor(0.5386, device='cuda:0', grad_fn=<DivBackward0>)
Memory status after this epoch: 
Memory allocated:  179.69189453125
Memory cached:  370.0
	 epoch  70 training error:  tensor(0.5177, device='cuda:0', grad_fn=<DivBackward0>)
Memory status after this epoch: 
Memory allocated:  179.69189453125
Memory cached:  368.0
	 epoch  80 training error:  tensor(0.4770, device='cuda:0', grad_fn=<DivBackward0>)
Memory status after this epoch: 
Memory allocated:  179.69189453125
Memory cached:  372.0
	 epoch  90 training error:  tensor(0.3747, device='cuda:0', grad_fn=<DivBackward0>)
Memory status after this epoch: 
Memory allocated:  179.69189453125
Memory cached:  372.0
[I 2023-12-20 17:09:53,554] Trial 190 finished with value: 0.18927161395549774 and parameters: {'W_layers': 6, 'W_layer_units_exponent_0': 8, 'W_layer_units_exponent_1': 4, 'W_layer_units_exponent_2': 8, 'W_layer_units_exponent_3': 8, 'W_layer_units_exponent_4': 4, 'W_layer_units_exponent_5': 4, 'D_layers': 5, 'D_layer_units_exponent_0': 7, 'D_layer_units_exponent_1': 9, 'D_layer_units_exponent_2': 8, 'D_layer_units_exponent_3': 8, 'D_layer_units_exponent_4': 5, 'D_dagger_layers': 3, 'D_dagger_layer_units_exponent_0': 9, 'D_dagger_layer_units_exponent_1': 5, 'D_dagger_layer_units_exponent_2': 5, 'log_learning_rate': -2.9764963466189096, 'log_learning_rate_D': -3.8914645245214, 'log_learning_rate_D_dagger': -2.1105592651012195, 'training_batch_size': 6, 'training_p': 7}. Best is trial 171 with value: 0.11988115310668945.
Time for this trial:  329.71496868133545
Memory status after this trial: 
Memory allocated:  314.0009765625
Memory cached:  366.0
--------------------  Trial  191   --------------------
Start timing: 
Parameters: 
{'W_layers': 5, 'W_layer_units_exponent_0': 8, 'W_layer_units_exponent_1': 10, 'W_layer_units_exponent_2': 6, 'W_layer_units_exponent_3': 6, 'W_layer_units_exponent_4': 5, 'D_layers': 5, 'D_layer_units_exponent_0': 10, 'D_layer_units_exponent_1': 9, 'D_layer_units_exponent_2': 8, 'D_layer_units_exponent_3': 8, 'D_layer_units_exponent_4': 4, 'D_dagger_layers': 3, 'D_dagger_layer_units_exponent_0': 9, 'D_dagger_layer_units_exponent_1': 4, 'D_dagger_layer_units_exponent_2': 5, 'log_learning_rate': -3.159316594135973, 'log_learning_rate_D': -3.9882802928134495, 'log_learning_rate_D_dagger': -3.3530798043884937, 'training_batch_size': 6, 'training_p': 4}
	 epoch  0 training error:  tensor(0.8867, device='cuda:0', grad_fn=<DivBackward0>)
Memory status after this epoch: 
Memory allocated:  190.43408203125
Memory cached:  386.0
	 epoch  10 training error:  tensor(0.4492, device='cuda:0', grad_fn=<DivBackward0>)
Memory status after this epoch: 
Memory allocated:  190.43408203125
Memory cached:  390.0
	 epoch  20 training error:  tensor(0.4412, device='cuda:0', grad_fn=<DivBackward0>)
Memory status after this epoch: 
Memory allocated:  190.43408203125
Memory cached:  388.0
	 epoch  30 training error:  tensor(0.4385, device='cuda:0', grad_fn=<DivBackward0>)
Memory status after this epoch: 
Memory allocated:  190.43408203125
Memory cached:  388.0
	 epoch  40 training error:  tensor(0.4418, device='cuda:0', grad_fn=<DivBackward0>)
Memory status after this epoch: 
Memory allocated:  190.43408203125
Memory cached:  388.0
	 epoch  50 training error:  tensor(0.4366, device='cuda:0', grad_fn=<DivBackward0>)
Memory status after this epoch: 
Memory allocated:  190.43408203125
Memory cached:  390.0
	 epoch  60 training error:  tensor(0.4441, device='cuda:0', grad_fn=<DivBackward0>)
Memory status after this epoch: 
Memory allocated:  190.43408203125
Memory cached:  386.0
	 epoch  70 training error:  tensor(0.4393, device='cuda:0', grad_fn=<DivBackward0>)
Memory status after this epoch: 
Memory allocated:  190.43408203125
Memory cached:  388.0
	 epoch  80 training error:  tensor(0.4255, device='cuda:0', grad_fn=<DivBackward0>)
Memory status after this epoch: 
Memory allocated:  190.43408203125
Memory cached:  388.0
	 epoch  90 training error:  tensor(0.4162, device='cuda:0', grad_fn=<DivBackward0>)
Memory status after this epoch: 
Memory allocated:  190.43408203125
Memory cached:  390.0
[I 2023-12-20 17:15:22,674] Trial 191 finished with value: 0.2813270688056946 and parameters: {'W_layers': 5, 'W_layer_units_exponent_0': 8, 'W_layer_units_exponent_1': 10, 'W_layer_units_exponent_2': 6, 'W_layer_units_exponent_3': 6, 'W_layer_units_exponent_4': 5, 'D_layers': 5, 'D_layer_units_exponent_0': 10, 'D_layer_units_exponent_1': 9, 'D_layer_units_exponent_2': 8, 'D_layer_units_exponent_3': 8, 'D_layer_units_exponent_4': 4, 'D_dagger_layers': 3, 'D_dagger_layer_units_exponent_0': 9, 'D_dagger_layer_units_exponent_1': 4, 'D_dagger_layer_units_exponent_2': 5, 'log_learning_rate': -3.159316594135973, 'log_learning_rate_D': -3.9882802928134495, 'log_learning_rate_D_dagger': -3.3530798043884937, 'training_batch_size': 6, 'training_p': 4}. Best is trial 171 with value: 0.11988115310668945.
Time for this trial:  328.67669582366943
Memory status after this trial: 
Memory allocated:  398.1962890625
Memory cached:  420.0
--------------------  Trial  192   --------------------
Start timing: 
Parameters: 
{'W_layers': 5, 'W_layer_units_exponent_0': 8, 'W_layer_units_exponent_1': 6, 'W_layer_units_exponent_2': 6, 'W_layer_units_exponent_3': 6, 'W_layer_units_exponent_4': 9, 'D_layers': 5, 'D_layer_units_exponent_0': 10, 'D_layer_units_exponent_1': 9, 'D_layer_units_exponent_2': 8, 'D_layer_units_exponent_3': 8, 'D_layer_units_exponent_4': 4, 'D_dagger_layers': 3, 'D_dagger_layer_units_exponent_0': 9, 'D_dagger_layer_units_exponent_1': 4, 'D_dagger_layer_units_exponent_2': 5, 'log_learning_rate': -2.7778887657403195, 'log_learning_rate_D': -3.950825014440135, 'log_learning_rate_D_dagger': -2.5696013904895914, 'training_batch_size': 6, 'training_p': 7}
	 epoch  0 training error:  tensor(0.9737, device='cuda:0', grad_fn=<DivBackward0>)
Memory status after this epoch: 
Memory allocated:  186.21337890625
Memory cached:  388.0
	 epoch  10 training error:  tensor(0.5412, device='cuda:0', grad_fn=<DivBackward0>)
Memory status after this epoch: 
Memory allocated:  186.21337890625
Memory cached:  400.0
	 epoch  20 training error:  tensor(0.5448, device='cuda:0', grad_fn=<DivBackward0>)
Memory status after this epoch: 
Memory allocated:  186.21337890625
Memory cached:  396.0
	 epoch  30 training error:  tensor(0.5489, device='cuda:0', grad_fn=<DivBackward0>)
Memory status after this epoch: 
Memory allocated:  186.21337890625
Memory cached:  396.0
	 epoch  40 training error:  tensor(0.5292, device='cuda:0', grad_fn=<DivBackward0>)
Memory status after this epoch: 
Memory allocated:  186.21337890625
Memory cached:  398.0
	 epoch  50 training error:  tensor(0.5285, device='cuda:0', grad_fn=<DivBackward0>)
Memory status after this epoch: 
Memory allocated:  186.21337890625
Memory cached:  396.0
	 epoch  60 training error:  tensor(0.5254, device='cuda:0', grad_fn=<DivBackward0>)
Memory status after this epoch: 
Memory allocated:  186.21337890625
Memory cached:  398.0
	 epoch  70 training error:  tensor(0.4110, device='cuda:0', grad_fn=<DivBackward0>)
Memory status after this epoch: 
Memory allocated:  186.21337890625
Memory cached:  402.0
	 epoch  80 training error:  tensor(0.4254, device='cuda:0', grad_fn=<DivBackward0>)
Memory status after this epoch: 
Memory allocated:  186.21337890625
Memory cached:  402.0
	 epoch  90 training error:  tensor(0.3319, device='cuda:0', grad_fn=<DivBackward0>)
Memory status after this epoch: 
Memory allocated:  186.21337890625
Memory cached:  400.0
[I 2023-12-20 17:20:47,412] Trial 192 finished with value: 0.15448184311389923 and parameters: {'W_layers': 5, 'W_layer_units_exponent_0': 8, 'W_layer_units_exponent_1': 6, 'W_layer_units_exponent_2': 6, 'W_layer_units_exponent_3': 6, 'W_layer_units_exponent_4': 9, 'D_layers': 5, 'D_layer_units_exponent_0': 10, 'D_layer_units_exponent_1': 9, 'D_layer_units_exponent_2': 8, 'D_layer_units_exponent_3': 8, 'D_layer_units_exponent_4': 4, 'D_dagger_layers': 3, 'D_dagger_layer_units_exponent_0': 9, 'D_dagger_layer_units_exponent_1': 4, 'D_dagger_layer_units_exponent_2': 5, 'log_learning_rate': -2.7778887657403195, 'log_learning_rate_D': -3.950825014440135, 'log_learning_rate_D_dagger': -2.5696013904895914, 'training_batch_size': 6, 'training_p': 7}. Best is trial 171 with value: 0.11988115310668945.
Time for this trial:  324.10643887519836
Memory status after this trial: 
Memory allocated:  366.7890625
Memory cached:  394.0
--------------------  Trial  193   --------------------
Start timing: 
Parameters: 
{'W_layers': 5, 'W_layer_units_exponent_0': 8, 'W_layer_units_exponent_1': 10, 'W_layer_units_exponent_2': 6, 'W_layer_units_exponent_3': 6, 'W_layer_units_exponent_4': 5, 'D_layers': 5, 'D_layer_units_exponent_0': 7, 'D_layer_units_exponent_1': 9, 'D_layer_units_exponent_2': 8, 'D_layer_units_exponent_3': 8, 'D_layer_units_exponent_4': 5, 'D_dagger_layers': 5, 'D_dagger_layer_units_exponent_0': 9, 'D_dagger_layer_units_exponent_1': 4, 'D_dagger_layer_units_exponent_2': 5, 'D_dagger_layer_units_exponent_3': 7, 'D_dagger_layer_units_exponent_4': 4, 'log_learning_rate': -2.8261235766888264, 'log_learning_rate_D': -4.122564485412597, 'log_learning_rate_D_dagger': -2.4385728062074135, 'training_batch_size': 6, 'training_p': 7}
	 epoch  0 training error:  tensor(0.9488, device='cuda:0', grad_fn=<DivBackward0>)
Memory status after this epoch: 
Memory allocated:  183.56689453125
Memory cached:  370.0
	 epoch  10 training error:  tensor(0.6172, device='cuda:0', grad_fn=<DivBackward0>)
Memory status after this epoch: 
Memory allocated:  183.56689453125
Memory cached:  380.0
	 epoch  20 training error:  tensor(0.5474, device='cuda:0', grad_fn=<DivBackward0>)
Memory status after this epoch: 
Memory allocated:  183.56689453125
Memory cached:  380.0
	 epoch  30 training error:  tensor(0.5447, device='cuda:0', grad_fn=<DivBackward0>)
Memory status after this epoch: 
Memory allocated:  183.56689453125
Memory cached:  376.0
	 epoch  40 training error:  tensor(0.5326, device='cuda:0', grad_fn=<DivBackward0>)
Memory status after this epoch: 
Memory allocated:  183.56689453125
Memory cached:  382.0
	 epoch  50 training error:  tensor(0.5362, device='cuda:0', grad_fn=<DivBackward0>)
Memory status after this epoch: 
Memory allocated:  183.56689453125
Memory cached:  386.0
	 epoch  60 training error:  tensor(0.5261, device='cuda:0', grad_fn=<DivBackward0>)
Memory status after this epoch: 
Memory allocated:  183.56689453125
Memory cached:  376.0
	 epoch  70 training error:  tensor(0.5477, device='cuda:0', grad_fn=<DivBackward0>)
Memory status after this epoch: 
Memory allocated:  183.56689453125
Memory cached:  380.0
	 epoch  80 training error:  tensor(0.5027, device='cuda:0', grad_fn=<DivBackward0>)
Memory status after this epoch: 
Memory allocated:  183.56689453125
Memory cached:  386.0
	 epoch  90 training error:  tensor(0.5452, device='cuda:0', grad_fn=<DivBackward0>)
Memory status after this epoch: 
Memory allocated:  183.56689453125
Memory cached:  380.0
[I 2023-12-20 17:26:39,299] Trial 193 finished with value: 0.30395418405532837 and parameters: {'W_layers': 5, 'W_layer_units_exponent_0': 8, 'W_layer_units_exponent_1': 10, 'W_layer_units_exponent_2': 6, 'W_layer_units_exponent_3': 6, 'W_layer_units_exponent_4': 5, 'D_layers': 5, 'D_layer_units_exponent_0': 7, 'D_layer_units_exponent_1': 9, 'D_layer_units_exponent_2': 8, 'D_layer_units_exponent_3': 8, 'D_layer_units_exponent_4': 5, 'D_dagger_layers': 5, 'D_dagger_layer_units_exponent_0': 9, 'D_dagger_layer_units_exponent_1': 4, 'D_dagger_layer_units_exponent_2': 5, 'D_dagger_layer_units_exponent_3': 7, 'D_dagger_layer_units_exponent_4': 4, 'log_learning_rate': -2.8261235766888264, 'log_learning_rate_D': -4.122564485412597, 'log_learning_rate_D_dagger': -2.4385728062074135, 'training_batch_size': 6, 'training_p': 7}. Best is trial 171 with value: 0.11988115310668945.
Time for this trial:  351.40594244003296
Memory status after this trial: 
Memory allocated:  355.9287109375
Memory cached:  372.0
--------------------  Trial  194   --------------------
Start timing: 
Parameters: 
{'W_layers': 5, 'W_layer_units_exponent_0': 8, 'W_layer_units_exponent_1': 10, 'W_layer_units_exponent_2': 6, 'W_layer_units_exponent_3': 6, 'W_layer_units_exponent_4': 6, 'D_layers': 5, 'D_layer_units_exponent_0': 7, 'D_layer_units_exponent_1': 9, 'D_layer_units_exponent_2': 9, 'D_layer_units_exponent_3': 8, 'D_layer_units_exponent_4': 4, 'D_dagger_layers': 3, 'D_dagger_layer_units_exponent_0': 9, 'D_dagger_layer_units_exponent_1': 4, 'D_dagger_layer_units_exponent_2': 4, 'log_learning_rate': -3.106027671519994, 'log_learning_rate_D': -4.645107821362496, 'log_learning_rate_D_dagger': -2.311311780771128, 'training_batch_size': 6, 'training_p': 4}
	 epoch  0 training error:  tensor(0.9397, device='cuda:0', grad_fn=<DivBackward0>)
Memory status after this epoch: 
Memory allocated:  186.43798828125
Memory cached:  368.0
	 epoch  10 training error:  tensor(0.4644, device='cuda:0', grad_fn=<DivBackward0>)
Memory status after this epoch: 
Memory allocated:  186.43798828125
Memory cached:  378.0
	 epoch  20 training error:  tensor(0.4367, device='cuda:0', grad_fn=<DivBackward0>)
Memory status after this epoch: 
Memory allocated:  186.43798828125
Memory cached:  376.0
	 epoch  30 training error:  tensor(0.4488, device='cuda:0', grad_fn=<DivBackward0>)
Memory status after this epoch: 
Memory allocated:  186.43798828125
Memory cached:  380.0
	 epoch  40 training error:  tensor(0.4364, device='cuda:0', grad_fn=<DivBackward0>)
Memory status after this epoch: 
Memory allocated:  186.43798828125
Memory cached:  384.0
	 epoch  50 training error:  tensor(0.4480, device='cuda:0', grad_fn=<DivBackward0>)
Memory status after this epoch: 
Memory allocated:  186.43798828125
Memory cached:  376.0
	 epoch  60 training error:  tensor(0.4507, device='cuda:0', grad_fn=<DivBackward0>)
Memory status after this epoch: 
Memory allocated:  186.43798828125
Memory cached:  376.0
	 epoch  70 training error:  tensor(0.4332, device='cuda:0', grad_fn=<DivBackward0>)
Memory status after this epoch: 
Memory allocated:  186.43798828125
Memory cached:  380.0
	 epoch  80 training error:  tensor(0.4067, device='cuda:0', grad_fn=<DivBackward0>)
Memory status after this epoch: 
Memory allocated:  186.43798828125
Memory cached:  374.0
	 epoch  90 training error:  tensor(0.3476, device='cuda:0', grad_fn=<DivBackward0>)
Memory status after this epoch: 
Memory allocated:  186.43798828125
Memory cached:  378.0
