[I 2023-12-20 18:39:06,417] Trial 76 finished with value: 0.3310765326023102 and parameters: {'W_layers': 5, 'W_layer_units_exponent_0': 9, 'W_layer_units_exponent_1': 8, 'W_layer_units_exponent_2': 6, 'W_layer_units_exponent_3': 8, 'W_layer_units_exponent_4': 6, 'D_layers': 8, 'D_layer_units_exponent_0': 8, 'D_layer_units_exponent_1': 9, 'D_layer_units_exponent_2': 8, 'D_layer_units_exponent_3': 8, 'D_layer_units_exponent_4': 4, 'D_layer_units_exponent_5': 4, 'D_layer_units_exponent_6': 8, 'D_layer_units_exponent_7': 8, 'D_dagger_layers': 4, 'D_dagger_layer_units_exponent_0': 6, 'D_dagger_layer_units_exponent_1': 7, 'D_dagger_layer_units_exponent_2': 10, 'D_dagger_layer_units_exponent_3': 5, 'log_learning_rate': -2.959432330006742, 'log_learning_rate_D': -3.4863360307369926, 'log_learning_rate_D_dagger': -4.137626461405722, 'training_batch_size': 10, 'training_p': 2}. Best is trial 72 with value: 0.32665905356407166.
Time for this trial:  20.80903148651123
Memory status after this trial: 
Memory allocated:  318.03466796875
Memory cached:  336.0
--------------------  Trial  77   --------------------
Start timing: 
Parameters: 
{'W_layers': 5, 'W_layer_units_exponent_0': 8, 'W_layer_units_exponent_1': 9, 'W_layer_units_exponent_2': 7, 'W_layer_units_exponent_3': 9, 'W_layer_units_exponent_4': 7, 'D_layers': 8, 'D_layer_units_exponent_0': 8, 'D_layer_units_exponent_1': 8, 'D_layer_units_exponent_2': 8, 'D_layer_units_exponent_3': 9, 'D_layer_units_exponent_4': 4, 'D_layer_units_exponent_5': 4, 'D_layer_units_exponent_6': 7, 'D_layer_units_exponent_7': 8, 'D_dagger_layers': 4, 'D_dagger_layer_units_exponent_0': 6, 'D_dagger_layer_units_exponent_1': 6, 'D_dagger_layer_units_exponent_2': 10, 'D_dagger_layer_units_exponent_3': 5, 'log_learning_rate': -3.4771743061882083, 'log_learning_rate_D': -3.626810841530453, 'log_learning_rate_D_dagger': -3.894221029015213, 'training_batch_size': 10, 'training_p': 3}
	 epoch  0 training error:  tensor(1.0844, device='cuda:0', grad_fn=<DivBackward0>)
Memory status after this epoch: 
Memory allocated:  194.25341796875
Memory cached:  268.0
	 epoch  10 training error:  tensor(0.5354, device='cuda:0', grad_fn=<DivBackward0>)
Memory status after this epoch: 
Memory allocated:  194.25341796875
Memory cached:  268.0
	 epoch  20 training error:  tensor(0.3989, device='cuda:0', grad_fn=<DivBackward0>)
Memory status after this epoch: 
Memory allocated:  194.25341796875
Memory cached:  268.0
	 epoch  30 training error:  tensor(0.3841, device='cuda:0', grad_fn=<DivBackward0>)
Memory status after this epoch: 
Memory allocated:  194.25341796875
Memory cached:  268.0
	 epoch  40 training error:  tensor(0.3825, device='cuda:0', grad_fn=<DivBackward0>)
Memory status after this epoch: 
Memory allocated:  194.25341796875
Memory cached:  268.0
	 epoch  50 training error:  tensor(0.3818, device='cuda:0', grad_fn=<DivBackward0>)
Memory status after this epoch: 
Memory allocated:  194.25341796875
Memory cached:  268.0
	 epoch  60 training error:  tensor(0.3766, device='cuda:0', grad_fn=<DivBackward0>)
Memory status after this epoch: 
Memory allocated:  194.25341796875
Memory cached:  268.0
	 epoch  70 training error:  tensor(0.3786, device='cuda:0', grad_fn=<DivBackward0>)
Memory status after this epoch: 
Memory allocated:  194.25341796875
Memory cached:  268.0
	 epoch  80 training error:  tensor(0.3756, device='cuda:0', grad_fn=<DivBackward0>)
Memory status after this epoch: 
Memory allocated:  194.25341796875
Memory cached:  268.0
	 epoch  90 training error:  tensor(0.3740, device='cuda:0', grad_fn=<DivBackward0>)
Memory status after this epoch: 
Memory allocated:  194.25341796875
Memory cached:  268.0
[I 2023-12-20 18:39:28,095] Trial 77 finished with value: 0.34302473068237305 and parameters: {'W_layers': 5, 'W_layer_units_exponent_0': 8, 'W_layer_units_exponent_1': 9, 'W_layer_units_exponent_2': 7, 'W_layer_units_exponent_3': 9, 'W_layer_units_exponent_4': 7, 'D_layers': 8, 'D_layer_units_exponent_0': 8, 'D_layer_units_exponent_1': 8, 'D_layer_units_exponent_2': 8, 'D_layer_units_exponent_3': 9, 'D_layer_units_exponent_4': 4, 'D_layer_units_exponent_5': 4, 'D_layer_units_exponent_6': 7, 'D_layer_units_exponent_7': 8, 'D_dagger_layers': 4, 'D_dagger_layer_units_exponent_0': 6, 'D_dagger_layer_units_exponent_1': 6, 'D_dagger_layer_units_exponent_2': 10, 'D_dagger_layer_units_exponent_3': 5, 'log_learning_rate': -3.4771743061882083, 'log_learning_rate_D': -3.626810841530453, 'log_learning_rate_D_dagger': -3.894221029015213, 'training_batch_size': 10, 'training_p': 3}. Best is trial 72 with value: 0.32665905356407166.
Time for this trial:  21.305594205856323
Memory status after this trial: 
Memory allocated:  336.16748046875
Memory cached:  360.0
--------------------  Trial  78   --------------------
Start timing: 
Parameters: 
{'W_layers': 4, 'W_layer_units_exponent_0': 10, 'W_layer_units_exponent_1': 9, 'W_layer_units_exponent_2': 6, 'W_layer_units_exponent_3': 8, 'D_layers': 8, 'D_layer_units_exponent_0': 8, 'D_layer_units_exponent_1': 8, 'D_layer_units_exponent_2': 9, 'D_layer_units_exponent_3': 10, 'D_layer_units_exponent_4': 4, 'D_layer_units_exponent_5': 4, 'D_layer_units_exponent_6': 6, 'D_layer_units_exponent_7': 7, 'D_dagger_layers': 3, 'D_dagger_layer_units_exponent_0': 6, 'D_dagger_layer_units_exponent_1': 8, 'D_dagger_layer_units_exponent_2': 10, 'log_learning_rate': -3.045434922981296, 'log_learning_rate_D': -3.3765931048078666, 'log_learning_rate_D_dagger': -3.7770154144957293, 'training_batch_size': 11, 'training_p': 2}
	 epoch  0 training error:  tensor(0.9383, device='cuda:0', grad_fn=<DivBackward0>)
Memory status after this epoch: 
Memory allocated:  203.15966796875
Memory cached:  268.0
	 epoch  10 training error:  tensor(0.3307, device='cuda:0', grad_fn=<DivBackward0>)
Memory status after this epoch: 
Memory allocated:  203.15966796875
Memory cached:  268.0
	 epoch  20 training error:  tensor(0.2959, device='cuda:0', grad_fn=<DivBackward0>)
Memory status after this epoch: 
Memory allocated:  203.15966796875
Memory cached:  268.0
	 epoch  30 training error:  tensor(0.2909, device='cuda:0', grad_fn=<DivBackward0>)
Memory status after this epoch: 
Memory allocated:  203.15966796875
Memory cached:  268.0
	 epoch  40 training error:  tensor(0.2944, device='cuda:0', grad_fn=<DivBackward0>)
Memory status after this epoch: 
Memory allocated:  203.15966796875
Memory cached:  268.0
	 epoch  50 training error:  tensor(0.2928, device='cuda:0', grad_fn=<DivBackward0>)
Memory status after this epoch: 
Memory allocated:  203.15966796875
Memory cached:  268.0
	 epoch  60 training error:  tensor(0.2862, device='cuda:0', grad_fn=<DivBackward0>)
Memory status after this epoch: 
Memory allocated:  203.15966796875
Memory cached:  268.0
	 epoch  70 training error:  tensor(0.2849, device='cuda:0', grad_fn=<DivBackward0>)
Memory status after this epoch: 
Memory allocated:  203.15966796875
Memory cached:  268.0
	 epoch  80 training error:  tensor(0.2890, device='cuda:0', grad_fn=<DivBackward0>)
Memory status after this epoch: 
Memory allocated:  203.15966796875
Memory cached:  268.0
	 epoch  90 training error:  tensor(0.2938, device='cuda:0', grad_fn=<DivBackward0>)
Memory status after this epoch: 
Memory allocated:  203.15966796875
Memory cached:  268.0
[I 2023-12-20 18:39:49,347] Trial 78 finished with value: 0.33187052607536316 and parameters: {'W_layers': 4, 'W_layer_units_exponent_0': 10, 'W_layer_units_exponent_1': 9, 'W_layer_units_exponent_2': 6, 'W_layer_units_exponent_3': 8, 'D_layers': 8, 'D_layer_units_exponent_0': 8, 'D_layer_units_exponent_1': 8, 'D_layer_units_exponent_2': 9, 'D_layer_units_exponent_3': 10, 'D_layer_units_exponent_4': 4, 'D_layer_units_exponent_5': 4, 'D_layer_units_exponent_6': 6, 'D_layer_units_exponent_7': 7, 'D_dagger_layers': 3, 'D_dagger_layer_units_exponent_0': 6, 'D_dagger_layer_units_exponent_1': 8, 'D_dagger_layer_units_exponent_2': 10, 'log_learning_rate': -3.045434922981296, 'log_learning_rate_D': -3.3765931048078666, 'log_learning_rate_D_dagger': -3.7770154144957293, 'training_batch_size': 11, 'training_p': 2}. Best is trial 72 with value: 0.32665905356407166.
Time for this trial:  20.875627517700195
Memory status after this trial: 
Memory allocated:  357.66455078125
Memory cached:  384.0
--------------------  Trial  79   --------------------
Start timing: 
Parameters: 
{'W_layers': 6, 'W_layer_units_exponent_0': 8, 'W_layer_units_exponent_1': 8, 'W_layer_units_exponent_2': 7, 'W_layer_units_exponent_3': 8, 'W_layer_units_exponent_4': 6, 'W_layer_units_exponent_5': 10, 'D_layers': 8, 'D_layer_units_exponent_0': 5, 'D_layer_units_exponent_1': 9, 'D_layer_units_exponent_2': 7, 'D_layer_units_exponent_3': 8, 'D_layer_units_exponent_4': 4, 'D_layer_units_exponent_5': 5, 'D_layer_units_exponent_6': 9, 'D_layer_units_exponent_7': 5, 'D_dagger_layers': 3, 'D_dagger_layer_units_exponent_0': 7, 'D_dagger_layer_units_exponent_1': 7, 'D_dagger_layer_units_exponent_2': 10, 'log_learning_rate': -3.3316403584532353, 'log_learning_rate_D': -2.8898683598265498, 'log_learning_rate_D_dagger': -4.074971362348199, 'training_batch_size': 10, 'training_p': 3}
	 epoch  0 training error:  tensor(0.9838, device='cuda:0', grad_fn=<DivBackward0>)
Memory status after this epoch: 
Memory allocated:  192.638671875
Memory cached:  268.0
	 epoch  10 training error:  tensor(0.4646, device='cuda:0', grad_fn=<DivBackward0>)
Memory status after this epoch: 
Memory allocated:  192.638671875
Memory cached:  268.0
	 epoch  20 training error:  tensor(0.4034, device='cuda:0', grad_fn=<DivBackward0>)
Memory status after this epoch: 
Memory allocated:  192.638671875
Memory cached:  268.0
	 epoch  30 training error:  tensor(0.3769, device='cuda:0', grad_fn=<DivBackward0>)
Memory status after this epoch: 
Memory allocated:  192.638671875
Memory cached:  268.0
	 epoch  40 training error:  tensor(0.3757, device='cuda:0', grad_fn=<DivBackward0>)
Memory status after this epoch: 
Memory allocated:  192.638671875
Memory cached:  268.0
	 epoch  50 training error:  tensor(0.3737, device='cuda:0', grad_fn=<DivBackward0>)
Memory status after this epoch: 
Memory allocated:  192.638671875
Memory cached:  268.0
	 epoch  60 training error:  tensor(0.3743, device='cuda:0', grad_fn=<DivBackward0>)
Memory status after this epoch: 
Memory allocated:  192.638671875
Memory cached:  268.0
	 epoch  70 training error:  tensor(0.3726, device='cuda:0', grad_fn=<DivBackward0>)
Memory status after this epoch: 
Memory allocated:  192.638671875
Memory cached:  268.0
	 epoch  80 training error:  tensor(0.3776, device='cuda:0', grad_fn=<DivBackward0>)
Memory status after this epoch: 
Memory allocated:  192.638671875
Memory cached:  268.0
	 epoch  90 training error:  tensor(0.3770, device='cuda:0', grad_fn=<DivBackward0>)
Memory status after this epoch: 
Memory allocated:  192.638671875
Memory cached:  268.0
[I 2023-12-20 18:40:10,795] Trial 79 finished with value: 0.34269973635673523 and parameters: {'W_layers': 6, 'W_layer_units_exponent_0': 8, 'W_layer_units_exponent_1': 8, 'W_layer_units_exponent_2': 7, 'W_layer_units_exponent_3': 8, 'W_layer_units_exponent_4': 6, 'W_layer_units_exponent_5': 10, 'D_layers': 8, 'D_layer_units_exponent_0': 5, 'D_layer_units_exponent_1': 9, 'D_layer_units_exponent_2': 7, 'D_layer_units_exponent_3': 8, 'D_layer_units_exponent_4': 4, 'D_layer_units_exponent_5': 5, 'D_layer_units_exponent_6': 9, 'D_layer_units_exponent_7': 5, 'D_dagger_layers': 3, 'D_dagger_layer_units_exponent_0': 7, 'D_dagger_layer_units_exponent_1': 7, 'D_dagger_layer_units_exponent_2': 10, 'log_learning_rate': -3.3316403584532353, 'log_learning_rate_D': -2.8898683598265498, 'log_learning_rate_D_dagger': -4.074971362348199, 'training_batch_size': 10, 'training_p': 3}. Best is trial 72 with value: 0.32665905356407166.
Time for this trial:  21.08975052833557
Memory status after this trial: 
Memory allocated:  351.14501953125
Memory cached:  376.0
--------------------  Trial  80   --------------------
Start timing: 
Parameters: 
{'W_layers': 5, 'W_layer_units_exponent_0': 5, 'W_layer_units_exponent_1': 8, 'W_layer_units_exponent_2': 6, 'W_layer_units_exponent_3': 8, 'W_layer_units_exponent_4': 5, 'D_layers': 8, 'D_layer_units_exponent_0': 8, 'D_layer_units_exponent_1': 10, 'D_layer_units_exponent_2': 8, 'D_layer_units_exponent_3': 9, 'D_layer_units_exponent_4': 6, 'D_layer_units_exponent_5': 4, 'D_layer_units_exponent_6': 8, 'D_layer_units_exponent_7': 8, 'D_dagger_layers': 4, 'D_dagger_layer_units_exponent_0': 5, 'D_dagger_layer_units_exponent_1': 5, 'D_dagger_layer_units_exponent_2': 10, 'D_dagger_layer_units_exponent_3': 4, 'log_learning_rate': -3.5292979206651287, 'log_learning_rate_D': -3.1377537596476293, 'log_learning_rate_D_dagger': -3.9371622050752992, 'training_batch_size': 12, 'training_p': 2}
	 epoch  0 training error:  tensor(1.0552, device='cuda:0', grad_fn=<DivBackward0>)
Memory status after this epoch: 
Memory allocated:  190.927734375
Memory cached:  270.0
	 epoch  10 training error:  tensor(0.4377, device='cuda:0', grad_fn=<DivBackward0>)
Memory status after this epoch: 
Memory allocated:  190.927734375
Memory cached:  274.0
	 epoch  20 training error:  tensor(0.3641, device='cuda:0', grad_fn=<DivBackward0>)
Memory status after this epoch: 
Memory allocated:  190.927734375
Memory cached:  274.0
	 epoch  30 training error:  tensor(0.3305, device='cuda:0', grad_fn=<DivBackward0>)
Memory status after this epoch: 
Memory allocated:  190.927734375
Memory cached:  274.0
	 epoch  40 training error:  tensor(0.3038, device='cuda:0', grad_fn=<DivBackward0>)
Memory status after this epoch: 
Memory allocated:  190.927734375
Memory cached:  274.0
	 epoch  50 training error:  tensor(0.2930, device='cuda:0', grad_fn=<DivBackward0>)
Memory status after this epoch: 
Memory allocated:  190.927734375
Memory cached:  274.0
	 epoch  60 training error:  tensor(0.2911, device='cuda:0', grad_fn=<DivBackward0>)
Memory status after this epoch: 
Memory allocated:  190.927734375
Memory cached:  274.0
	 epoch  70 training error:  tensor(0.2940, device='cuda:0', grad_fn=<DivBackward0>)
Memory status after this epoch: 
Memory allocated:  190.927734375
Memory cached:  274.0
	 epoch  80 training error:  tensor(0.2868, device='cuda:0', grad_fn=<DivBackward0>)
Memory status after this epoch: 
Memory allocated:  190.927734375
Memory cached:  274.0
	 epoch  90 training error:  tensor(0.2887, device='cuda:0', grad_fn=<DivBackward0>)
Memory status after this epoch: 
Memory allocated:  190.927734375
Memory cached:  274.0
[I 2023-12-20 18:40:31,931] Trial 80 finished with value: 0.3294212818145752 and parameters: {'W_layers': 5, 'W_layer_units_exponent_0': 5, 'W_layer_units_exponent_1': 8, 'W_layer_units_exponent_2': 6, 'W_layer_units_exponent_3': 8, 'W_layer_units_exponent_4': 5, 'D_layers': 8, 'D_layer_units_exponent_0': 8, 'D_layer_units_exponent_1': 10, 'D_layer_units_exponent_2': 8, 'D_layer_units_exponent_3': 9, 'D_layer_units_exponent_4': 6, 'D_layer_units_exponent_5': 4, 'D_layer_units_exponent_6': 8, 'D_layer_units_exponent_7': 8, 'D_dagger_layers': 4, 'D_dagger_layer_units_exponent_0': 5, 'D_dagger_layer_units_exponent_1': 5, 'D_dagger_layer_units_exponent_2': 10, 'D_dagger_layer_units_exponent_3': 4, 'log_learning_rate': -3.5292979206651287, 'log_learning_rate_D': -3.1377537596476293, 'log_learning_rate_D_dagger': -3.9371622050752992, 'training_batch_size': 12, 'training_p': 2}. Best is trial 72 with value: 0.32665905356407166.
Time for this trial:  20.735822200775146
Memory status after this trial: 
Memory allocated:  281.43115234375
Memory cached:  310.0
--------------------  Trial  81   --------------------
Start timing: 
Parameters: 
{'W_layers': 5, 'W_layer_units_exponent_0': 9, 'W_layer_units_exponent_1': 8, 'W_layer_units_exponent_2': 7, 'W_layer_units_exponent_3': 8, 'W_layer_units_exponent_4': 6, 'D_layers': 8, 'D_layer_units_exponent_0': 7, 'D_layer_units_exponent_1': 8, 'D_layer_units_exponent_2': 9, 'D_layer_units_exponent_3': 8, 'D_layer_units_exponent_4': 4, 'D_layer_units_exponent_5': 5, 'D_layer_units_exponent_6': 7, 'D_layer_units_exponent_7': 6, 'D_dagger_layers': 4, 'D_dagger_layer_units_exponent_0': 5, 'D_dagger_layer_units_exponent_1': 8, 'D_dagger_layer_units_exponent_2': 9, 'D_dagger_layer_units_exponent_3': 6, 'log_learning_rate': -3.9270246393781147, 'log_learning_rate_D': -3.0614573382281867, 'log_learning_rate_D_dagger': -3.5828628548957897, 'training_batch_size': 11, 'training_p': 2}
	 epoch  0 training error:  tensor(1.0922, device='cuda:0', grad_fn=<DivBackward0>)
Memory status after this epoch: 
Memory allocated:  193.5830078125
Memory cached:  268.0
	 epoch  10 training error:  tensor(0.4294, device='cuda:0', grad_fn=<DivBackward0>)
Memory status after this epoch: 
Memory allocated:  193.5830078125
Memory cached:  268.0
	 epoch  20 training error:  tensor(0.2935, device='cuda:0', grad_fn=<DivBackward0>)
Memory status after this epoch: 
Memory allocated:  193.5830078125
Memory cached:  268.0
	 epoch  30 training error:  tensor(0.3032, device='cuda:0', grad_fn=<DivBackward0>)
Memory status after this epoch: 
Memory allocated:  193.5830078125
Memory cached:  268.0
	 epoch  40 training error:  tensor(0.2904, device='cuda:0', grad_fn=<DivBackward0>)
Memory status after this epoch: 
Memory allocated:  193.5830078125
Memory cached:  268.0
	 epoch  50 training error:  tensor(0.2885, device='cuda:0', grad_fn=<DivBackward0>)
Memory status after this epoch: 
Memory allocated:  193.5830078125
Memory cached:  268.0
	 epoch  60 training error:  tensor(0.2851, device='cuda:0', grad_fn=<DivBackward0>)
Memory status after this epoch: 
Memory allocated:  193.5830078125
Memory cached:  268.0
	 epoch  70 training error:  tensor(0.2885, device='cuda:0', grad_fn=<DivBackward0>)
Memory status after this epoch: 
Memory allocated:  193.5830078125
Memory cached:  268.0
	 epoch  80 training error:  tensor(0.2860, device='cuda:0', grad_fn=<DivBackward0>)
Memory status after this epoch: 
Memory allocated:  193.5830078125
Memory cached:  268.0
	 epoch  90 training error:  tensor(0.2892, device='cuda:0', grad_fn=<DivBackward0>)
Memory status after this epoch: 
Memory allocated:  193.5830078125
Memory cached:  268.0
[I 2023-12-20 18:40:52,467] Trial 81 finished with value: 0.3306090235710144 and parameters: {'W_layers': 5, 'W_layer_units_exponent_0': 9, 'W_layer_units_exponent_1': 8, 'W_layer_units_exponent_2': 7, 'W_layer_units_exponent_3': 8, 'W_layer_units_exponent_4': 6, 'D_layers': 8, 'D_layer_units_exponent_0': 7, 'D_layer_units_exponent_1': 8, 'D_layer_units_exponent_2': 9, 'D_layer_units_exponent_3': 8, 'D_layer_units_exponent_4': 4, 'D_layer_units_exponent_5': 5, 'D_layer_units_exponent_6': 7, 'D_layer_units_exponent_7': 6, 'D_dagger_layers': 4, 'D_dagger_layer_units_exponent_0': 5, 'D_dagger_layer_units_exponent_1': 8, 'D_dagger_layer_units_exponent_2': 9, 'D_dagger_layer_units_exponent_3': 6, 'log_learning_rate': -3.9270246393781147, 'log_learning_rate_D': -3.0614573382281867, 'log_learning_rate_D_dagger': -3.5828628548957897, 'training_batch_size': 11, 'training_p': 2}. Best is trial 72 with value: 0.32665905356407166.
Time for this trial:  20.177403211593628
Memory status after this trial: 
Memory allocated:  301.41650390625
Memory cached:  312.0
--------------------  Trial  82   --------------------
Start timing: 
Parameters: 
{'W_layers': 6, 'W_layer_units_exponent_0': 9, 'W_layer_units_exponent_1': 8, 'W_layer_units_exponent_2': 7, 'W_layer_units_exponent_3': 7, 'W_layer_units_exponent_4': 5, 'W_layer_units_exponent_5': 9, 'D_layers': 7, 'D_layer_units_exponent_0': 7, 'D_layer_units_exponent_1': 8, 'D_layer_units_exponent_2': 8, 'D_layer_units_exponent_3': 8, 'D_layer_units_exponent_4': 5, 'D_layer_units_exponent_5': 10, 'D_layer_units_exponent_6': 8, 'D_dagger_layers': 4, 'D_dagger_layer_units_exponent_0': 5, 'D_dagger_layer_units_exponent_1': 8, 'D_dagger_layer_units_exponent_2': 9, 'D_dagger_layer_units_exponent_3': 5, 'log_learning_rate': -3.0895415580179137, 'log_learning_rate_D': -3.8501550955356554, 'log_learning_rate_D_dagger': -3.6930349788849517, 'training_batch_size': 10, 'training_p': 2}
	 epoch  0 training error:  tensor(0.9786, device='cuda:0', grad_fn=<DivBackward0>)
Memory status after this epoch: 
Memory allocated:  193.751953125
Memory cached:  270.0
	 epoch  10 training error:  tensor(0.3487, device='cuda:0', grad_fn=<DivBackward0>)
Memory status after this epoch: 
Memory allocated:  193.751953125
Memory cached:  274.0
	 epoch  20 training error:  tensor(0.2909, device='cuda:0', grad_fn=<DivBackward0>)
Memory status after this epoch: 
Memory allocated:  193.751953125
Memory cached:  272.0
	 epoch  30 training error:  tensor(0.2958, device='cuda:0', grad_fn=<DivBackward0>)
Memory status after this epoch: 
Memory allocated:  193.751953125
Memory cached:  270.0
	 epoch  40 training error:  tensor(0.2943, device='cuda:0', grad_fn=<DivBackward0>)
Memory status after this epoch: 
Memory allocated:  193.751953125
Memory cached:  274.0
	 epoch  50 training error:  tensor(0.2887, device='cuda:0', grad_fn=<DivBackward0>)
Memory status after this epoch: 
Memory allocated:  193.751953125
Memory cached:  272.0
	 epoch  60 training error:  tensor(0.2857, device='cuda:0', grad_fn=<DivBackward0>)
Memory status after this epoch: 
Memory allocated:  193.751953125
Memory cached:  270.0
	 epoch  70 training error:  tensor(0.2918, device='cuda:0', grad_fn=<DivBackward0>)
Memory status after this epoch: 
Memory allocated:  193.751953125
Memory cached:  274.0
	 epoch  80 training error:  tensor(0.2859, device='cuda:0', grad_fn=<DivBackward0>)
Memory status after this epoch: 
Memory allocated:  193.751953125
Memory cached:  272.0
	 epoch  90 training error:  tensor(0.2869, device='cuda:0', grad_fn=<DivBackward0>)
Memory status after this epoch: 
Memory allocated:  193.751953125
Memory cached:  270.0
