[I 2023-12-07 04:03:47,899] Trial 58 finished with value: 0.5976811647415161 and parameters: {'W_layers': 7, 'W_layer_units_exponent_0': 4, 'W_layer_units_exponent_1': 4, 'W_layer_units_exponent_2': 6, 'W_layer_units_exponent_3': 10, 'W_layer_units_exponent_4': 10, 'W_layer_units_exponent_5': 9, 'W_layer_units_exponent_6': 10, 'D_layers': 2, 'D_layer_units_exponent_0': 9, 'D_layer_units_exponent_1': 4, 'D_dagger_layers': 8, 'D_dagger_layer_units_exponent_0': 6, 'D_dagger_layer_units_exponent_1': 4, 'D_dagger_layer_units_exponent_2': 4, 'D_dagger_layer_units_exponent_3': 5, 'D_dagger_layer_units_exponent_4': 5, 'D_dagger_layer_units_exponent_5': 4, 'D_dagger_layer_units_exponent_6': 9, 'D_dagger_layer_units_exponent_7': 8, 'log_learning_rate': -2.7377119876530798, 'log_learning_rate_D': -3.859011652174847, 'log_learning_rate_D_dagger': -2.8741061343585406, 'training_batch_size': 9, 'training_p': 2}. Best is trial 49 with value: 0.5098726749420166.
Time for this trial:  21.545637369155884
Memory status after this trial: 
Memory allocated:  435.38623046875
Memory cached:  494.0
--------------------  Trial  59   --------------------
Start timing: 
Parameters: 
{'W_layers': 5, 'W_layer_units_exponent_0': 10, 'W_layer_units_exponent_1': 5, 'W_layer_units_exponent_2': 7, 'W_layer_units_exponent_3': 7, 'W_layer_units_exponent_4': 9, 'D_layers': 3, 'D_layer_units_exponent_0': 8, 'D_layer_units_exponent_1': 5, 'D_layer_units_exponent_2': 4, 'D_dagger_layers': 7, 'D_dagger_layer_units_exponent_0': 4, 'D_dagger_layer_units_exponent_1': 6, 'D_dagger_layer_units_exponent_2': 6, 'D_dagger_layer_units_exponent_3': 5, 'D_dagger_layer_units_exponent_4': 6, 'D_dagger_layer_units_exponent_5': 5, 'D_dagger_layer_units_exponent_6': 10, 'log_learning_rate': -2.971460815078478, 'log_learning_rate_D': -3.230312982996301, 'log_learning_rate_D_dagger': -3.3476100125788757, 'training_batch_size': 8, 'training_p': 7}
	 epoch  0 training error:  tensor(0.9989, device='cuda:0', grad_fn=<DivBackward0>)
Memory status after this epoch: 
Memory allocated:  178.33251953125
Memory cached:  360.0
	 epoch  10 training error:  tensor(0.9844, device='cuda:0', grad_fn=<DivBackward0>)
Memory status after this epoch: 
Memory allocated:  178.33251953125
Memory cached:  360.0
	 epoch  20 training error:  tensor(0.9461, device='cuda:0', grad_fn=<DivBackward0>)
Memory status after this epoch: 
Memory allocated:  178.33251953125
Memory cached:  362.0
	 epoch  30 training error:  tensor(0.8340, device='cuda:0', grad_fn=<DivBackward0>)
Memory status after this epoch: 
Memory allocated:  178.33251953125
Memory cached:  360.0
	 epoch  40 training error:  tensor(0.8197, device='cuda:0', grad_fn=<DivBackward0>)
Memory status after this epoch: 
Memory allocated:  178.33251953125
Memory cached:  360.0
	 epoch  50 training error:  tensor(0.8219, device='cuda:0', grad_fn=<DivBackward0>)
Memory status after this epoch: 
Memory allocated:  178.33251953125
Memory cached:  362.0
	 epoch  60 training error:  tensor(0.8082, device='cuda:0', grad_fn=<DivBackward0>)
Memory status after this epoch: 
Memory allocated:  178.33251953125
Memory cached:  360.0
	 epoch  70 training error:  tensor(0.8029, device='cuda:0', grad_fn=<DivBackward0>)
Memory status after this epoch: 
Memory allocated:  178.33251953125
Memory cached:  360.0
	 epoch  80 training error:  tensor(0.7951, device='cuda:0', grad_fn=<DivBackward0>)
Memory status after this epoch: 
Memory allocated:  178.33251953125
Memory cached:  362.0
	 epoch  90 training error:  tensor(0.7841, device='cuda:0', grad_fn=<DivBackward0>)
Memory status after this epoch: 
Memory allocated:  178.33251953125
Memory cached:  360.0
[I 2023-12-07 04:04:07,594] Trial 59 finished with value: 0.7679340243339539 and parameters: {'W_layers': 5, 'W_layer_units_exponent_0': 10, 'W_layer_units_exponent_1': 5, 'W_layer_units_exponent_2': 7, 'W_layer_units_exponent_3': 7, 'W_layer_units_exponent_4': 9, 'D_layers': 3, 'D_layer_units_exponent_0': 8, 'D_layer_units_exponent_1': 5, 'D_layer_units_exponent_2': 4, 'D_dagger_layers': 7, 'D_dagger_layer_units_exponent_0': 4, 'D_dagger_layer_units_exponent_1': 6, 'D_dagger_layer_units_exponent_2': 6, 'D_dagger_layer_units_exponent_3': 5, 'D_dagger_layer_units_exponent_4': 6, 'D_dagger_layer_units_exponent_5': 5, 'D_dagger_layer_units_exponent_6': 10, 'log_learning_rate': -2.971460815078478, 'log_learning_rate_D': -3.230312982996301, 'log_learning_rate_D_dagger': -3.3476100125788757, 'training_batch_size': 8, 'training_p': 7}. Best is trial 49 with value: 0.5098726749420166.
Time for this trial:  19.474616050720215
Memory status after this trial: 
Memory allocated:  333.79736328125
Memory cached:  386.0
--------------------  Trial  60   --------------------
Start timing: 
Parameters: 
{'W_layers': 5, 'W_layer_units_exponent_0': 9, 'W_layer_units_exponent_1': 4, 'W_layer_units_exponent_2': 8, 'W_layer_units_exponent_3': 9, 'W_layer_units_exponent_4': 6, 'D_layers': 2, 'D_layer_units_exponent_0': 9, 'D_layer_units_exponent_1': 7, 'D_dagger_layers': 8, 'D_dagger_layer_units_exponent_0': 5, 'D_dagger_layer_units_exponent_1': 7, 'D_dagger_layer_units_exponent_2': 5, 'D_dagger_layer_units_exponent_3': 4, 'D_dagger_layer_units_exponent_4': 5, 'D_dagger_layer_units_exponent_5': 4, 'D_dagger_layer_units_exponent_6': 7, 'D_dagger_layer_units_exponent_7': 6, 'log_learning_rate': -1.977691695690102, 'log_learning_rate_D': -4.044131996635042, 'log_learning_rate_D_dagger': -3.103785112366481, 'training_batch_size': 8, 'training_p': 2}
	 epoch  0 training error:  tensor(0.9809, device='cuda:0', grad_fn=<DivBackward0>)
Memory status after this epoch: 
Memory allocated:  179.0126953125
Memory cached:  358.0
	 epoch  10 training error:  tensor(0.9704, device='cuda:0', grad_fn=<DivBackward0>)
Memory status after this epoch: 
Memory allocated:  179.0126953125
Memory cached:  360.0
	 epoch  20 training error:  tensor(0.9022, device='cuda:0', grad_fn=<DivBackward0>)
Memory status after this epoch: 
Memory allocated:  179.0126953125
Memory cached:  360.0
	 epoch  30 training error:  tensor(0.7640, device='cuda:0', grad_fn=<DivBackward0>)
Memory status after this epoch: 
Memory allocated:  179.0126953125
Memory cached:  360.0
	 epoch  40 training error:  tensor(0.7334, device='cuda:0', grad_fn=<DivBackward0>)
Memory status after this epoch: 
Memory allocated:  179.0126953125
Memory cached:  360.0
	 epoch  50 training error:  tensor(0.7238, device='cuda:0', grad_fn=<DivBackward0>)
Memory status after this epoch: 
Memory allocated:  179.0126953125
Memory cached:  360.0
	 epoch  60 training error:  tensor(0.7174, device='cuda:0', grad_fn=<DivBackward0>)
Memory status after this epoch: 
Memory allocated:  179.0126953125
Memory cached:  360.0
	 epoch  70 training error:  tensor(0.7123, device='cuda:0', grad_fn=<DivBackward0>)
Memory status after this epoch: 
Memory allocated:  179.0126953125
Memory cached:  360.0
	 epoch  80 training error:  tensor(0.7067, device='cuda:0', grad_fn=<DivBackward0>)
Memory status after this epoch: 
Memory allocated:  179.0126953125
Memory cached:  360.0
	 epoch  90 training error:  tensor(0.6998, device='cuda:0', grad_fn=<DivBackward0>)
Memory status after this epoch: 
Memory allocated:  179.0126953125
Memory cached:  360.0
[I 2023-12-07 04:04:26,578] Trial 60 finished with value: 0.6756151914596558 and parameters: {'W_layers': 5, 'W_layer_units_exponent_0': 9, 'W_layer_units_exponent_1': 4, 'W_layer_units_exponent_2': 8, 'W_layer_units_exponent_3': 9, 'W_layer_units_exponent_4': 6, 'D_layers': 2, 'D_layer_units_exponent_0': 9, 'D_layer_units_exponent_1': 7, 'D_dagger_layers': 8, 'D_dagger_layer_units_exponent_0': 5, 'D_dagger_layer_units_exponent_1': 7, 'D_dagger_layer_units_exponent_2': 5, 'D_dagger_layer_units_exponent_3': 4, 'D_dagger_layer_units_exponent_4': 5, 'D_dagger_layer_units_exponent_5': 4, 'D_dagger_layer_units_exponent_6': 7, 'D_dagger_layer_units_exponent_7': 6, 'log_learning_rate': -1.977691695690102, 'log_learning_rate_D': -4.044131996635042, 'log_learning_rate_D_dagger': -3.103785112366481, 'training_batch_size': 8, 'training_p': 2}. Best is trial 49 with value: 0.5098726749420166.
Time for this trial:  18.754143953323364
Memory status after this trial: 
Memory allocated:  275.64013671875
Memory cached:  370.0
--------------------  Trial  61   --------------------
Start timing: 
Parameters: 
{'W_layers': 5, 'W_layer_units_exponent_0': 9, 'W_layer_units_exponent_1': 6, 'W_layer_units_exponent_2': 5, 'W_layer_units_exponent_3': 10, 'W_layer_units_exponent_4': 10, 'D_layers': 2, 'D_layer_units_exponent_0': 8, 'D_layer_units_exponent_1': 4, 'D_dagger_layers': 8, 'D_dagger_layer_units_exponent_0': 4, 'D_dagger_layer_units_exponent_1': 4, 'D_dagger_layer_units_exponent_2': 7, 'D_dagger_layer_units_exponent_3': 5, 'D_dagger_layer_units_exponent_4': 5, 'D_dagger_layer_units_exponent_5': 4, 'D_dagger_layer_units_exponent_6': 9, 'D_dagger_layer_units_exponent_7': 8, 'log_learning_rate': -3.191253018892193, 'log_learning_rate_D': -3.5735832743927736, 'log_learning_rate_D_dagger': -2.905429301527779, 'training_batch_size': 7, 'training_p': 2}
	 epoch  0 training error:  tensor(0.9889, device='cuda:0', grad_fn=<DivBackward0>)
Memory status after this epoch: 
Memory allocated:  196.60546875
Memory cached:  362.0
	 epoch  10 training error:  tensor(0.9624, device='cuda:0', grad_fn=<DivBackward0>)
Memory status after this epoch: 
Memory allocated:  196.60546875
Memory cached:  362.0
	 epoch  20 training error:  tensor(0.7296, device='cuda:0', grad_fn=<DivBackward0>)
Memory status after this epoch: 
Memory allocated:  196.60546875
Memory cached:  362.0
	 epoch  30 training error:  tensor(0.7324, device='cuda:0', grad_fn=<DivBackward0>)
Memory status after this epoch: 
Memory allocated:  196.60546875
Memory cached:  362.0
	 epoch  40 training error:  tensor(0.7139, device='cuda:0', grad_fn=<DivBackward0>)
Memory status after this epoch: 
Memory allocated:  196.60546875
Memory cached:  362.0
	 epoch  50 training error:  tensor(0.7048, device='cuda:0', grad_fn=<DivBackward0>)
Memory status after this epoch: 
Memory allocated:  196.60546875
Memory cached:  362.0
	 epoch  60 training error:  tensor(0.6943, device='cuda:0', grad_fn=<DivBackward0>)
Memory status after this epoch: 
Memory allocated:  196.60546875
Memory cached:  362.0
	 epoch  70 training error:  tensor(0.6806, device='cuda:0', grad_fn=<DivBackward0>)
Memory status after this epoch: 
Memory allocated:  196.60546875
Memory cached:  362.0
	 epoch  80 training error:  tensor(0.6667, device='cuda:0', grad_fn=<DivBackward0>)
Memory status after this epoch: 
Memory allocated:  196.60546875
Memory cached:  362.0
	 epoch  90 training error:  tensor(0.6324, device='cuda:0', grad_fn=<DivBackward0>)
Memory status after this epoch: 
Memory allocated:  196.60546875
Memory cached:  362.0
[I 2023-12-07 04:04:47,460] Trial 61 finished with value: 0.5671367049217224 and parameters: {'W_layers': 5, 'W_layer_units_exponent_0': 9, 'W_layer_units_exponent_1': 6, 'W_layer_units_exponent_2': 5, 'W_layer_units_exponent_3': 10, 'W_layer_units_exponent_4': 10, 'D_layers': 2, 'D_layer_units_exponent_0': 8, 'D_layer_units_exponent_1': 4, 'D_dagger_layers': 8, 'D_dagger_layer_units_exponent_0': 4, 'D_dagger_layer_units_exponent_1': 4, 'D_dagger_layer_units_exponent_2': 7, 'D_dagger_layer_units_exponent_3': 5, 'D_dagger_layer_units_exponent_4': 5, 'D_dagger_layer_units_exponent_5': 4, 'D_dagger_layer_units_exponent_6': 9, 'D_dagger_layer_units_exponent_7': 8, 'log_learning_rate': -3.191253018892193, 'log_learning_rate_D': -3.5735832743927736, 'log_learning_rate_D_dagger': -2.905429301527779, 'training_batch_size': 7, 'training_p': 2}. Best is trial 49 with value: 0.5098726749420166.
Time for this trial:  20.669454097747803
Memory status after this trial: 
Memory allocated:  374.22998046875
Memory cached:  414.0
--------------------  Trial  62   --------------------
Start timing: 
Parameters: 
{'W_layers': 6, 'W_layer_units_exponent_0': 9, 'W_layer_units_exponent_1': 5, 'W_layer_units_exponent_2': 4, 'W_layer_units_exponent_3': 10, 'W_layer_units_exponent_4': 10, 'W_layer_units_exponent_5': 6, 'D_layers': 2, 'D_layer_units_exponent_0': 8, 'D_layer_units_exponent_1': 4, 'D_dagger_layers': 8, 'D_dagger_layer_units_exponent_0': 4, 'D_dagger_layer_units_exponent_1': 4, 'D_dagger_layer_units_exponent_2': 6, 'D_dagger_layer_units_exponent_3': 4, 'D_dagger_layer_units_exponent_4': 5, 'D_dagger_layer_units_exponent_5': 4, 'D_dagger_layer_units_exponent_6': 9, 'D_dagger_layer_units_exponent_7': 8, 'log_learning_rate': -3.1275625323624023, 'log_learning_rate_D': -3.7593691776366462, 'log_learning_rate_D_dagger': -2.7952989214090533, 'training_batch_size': 7, 'training_p': 2}
	 epoch  0 training error:  tensor(1.0061, device='cuda:0', grad_fn=<DivBackward0>)
Memory status after this epoch: 
Memory allocated:  197.0
Memory cached:  364.0
	 epoch  10 training error:  tensor(0.7576, device='cuda:0', grad_fn=<DivBackward0>)
Memory status after this epoch: 
Memory allocated:  197.0
Memory cached:  366.0
	 epoch  20 training error:  tensor(0.7357, device='cuda:0', grad_fn=<DivBackward0>)
Memory status after this epoch: 
Memory allocated:  197.0
Memory cached:  366.0
	 epoch  30 training error:  tensor(0.7173, device='cuda:0', grad_fn=<DivBackward0>)
Memory status after this epoch: 
Memory allocated:  197.0
Memory cached:  366.0
	 epoch  40 training error:  tensor(0.7119, device='cuda:0', grad_fn=<DivBackward0>)
Memory status after this epoch: 
Memory allocated:  197.0
Memory cached:  366.0
	 epoch  50 training error:  tensor(0.7068, device='cuda:0', grad_fn=<DivBackward0>)
Memory status after this epoch: 
Memory allocated:  197.0
Memory cached:  366.0
	 epoch  60 training error:  tensor(0.6976, device='cuda:0', grad_fn=<DivBackward0>)
Memory status after this epoch: 
Memory allocated:  197.0
Memory cached:  366.0
	 epoch  70 training error:  tensor(0.6757, device='cuda:0', grad_fn=<DivBackward0>)
Memory status after this epoch: 
Memory allocated:  197.0
Memory cached:  366.0
	 epoch  80 training error:  tensor(0.6378, device='cuda:0', grad_fn=<DivBackward0>)
Memory status after this epoch: 
Memory allocated:  197.0
Memory cached:  366.0
	 epoch  90 training error:  tensor(0.6187, device='cuda:0', grad_fn=<DivBackward0>)
Memory status after this epoch: 
Memory allocated:  197.0
Memory cached:  366.0
[I 2023-12-07 04:05:08,526] Trial 62 finished with value: 0.5946535468101501 and parameters: {'W_layers': 6, 'W_layer_units_exponent_0': 9, 'W_layer_units_exponent_1': 5, 'W_layer_units_exponent_2': 4, 'W_layer_units_exponent_3': 10, 'W_layer_units_exponent_4': 10, 'W_layer_units_exponent_5': 6, 'D_layers': 2, 'D_layer_units_exponent_0': 8, 'D_layer_units_exponent_1': 4, 'D_dagger_layers': 8, 'D_dagger_layer_units_exponent_0': 4, 'D_dagger_layer_units_exponent_1': 4, 'D_dagger_layer_units_exponent_2': 6, 'D_dagger_layer_units_exponent_3': 4, 'D_dagger_layer_units_exponent_4': 5, 'D_dagger_layer_units_exponent_5': 4, 'D_dagger_layer_units_exponent_6': 9, 'D_dagger_layer_units_exponent_7': 8, 'log_learning_rate': -3.1275625323624023, 'log_learning_rate_D': -3.7593691776366462, 'log_learning_rate_D_dagger': -2.7952989214090533, 'training_batch_size': 7, 'training_p': 2}. Best is trial 49 with value: 0.5098726749420166.
Time for this trial:  20.85597586631775
Memory status after this trial: 
Memory allocated:  378.80224609375
Memory cached:  414.0
--------------------  Trial  63   --------------------
Start timing: 
Parameters: 
{'W_layers': 5, 'W_layer_units_exponent_0': 8, 'W_layer_units_exponent_1': 6, 'W_layer_units_exponent_2': 5, 'W_layer_units_exponent_3': 10, 'W_layer_units_exponent_4': 9, 'D_layers': 3, 'D_layer_units_exponent_0': 8, 'D_layer_units_exponent_1': 4, 'D_layer_units_exponent_2': 5, 'D_dagger_layers': 8, 'D_dagger_layer_units_exponent_0': 4, 'D_dagger_layer_units_exponent_1': 4, 'D_dagger_layer_units_exponent_2': 6, 'D_dagger_layer_units_exponent_3': 5, 'D_dagger_layer_units_exponent_4': 5, 'D_dagger_layer_units_exponent_5': 5, 'D_dagger_layer_units_exponent_6': 9, 'D_dagger_layer_units_exponent_7': 9, 'log_learning_rate': -3.3156062670956747, 'log_learning_rate_D': -3.5888538547535385, 'log_learning_rate_D_dagger': -2.969814990174814, 'training_batch_size': 7, 'training_p': 2}
	 epoch  0 training error:  tensor(0.9953, device='cuda:0', grad_fn=<DivBackward0>)
Memory status after this epoch: 
Memory allocated:  189.72509765625
Memory cached:  360.0
	 epoch  10 training error:  tensor(0.7219, device='cuda:0', grad_fn=<DivBackward0>)
Memory status after this epoch: 
Memory allocated:  189.72509765625
Memory cached:  364.0
	 epoch  20 training error:  tensor(0.7298, device='cuda:0', grad_fn=<DivBackward0>)
Memory status after this epoch: 
Memory allocated:  189.72509765625
Memory cached:  364.0
	 epoch  30 training error:  tensor(0.7205, device='cuda:0', grad_fn=<DivBackward0>)
Memory status after this epoch: 
Memory allocated:  189.72509765625
Memory cached:  364.0
	 epoch  40 training error:  tensor(0.7124, device='cuda:0', grad_fn=<DivBackward0>)
Memory status after this epoch: 
Memory allocated:  189.72509765625
Memory cached:  364.0
	 epoch  50 training error:  tensor(0.7053, device='cuda:0', grad_fn=<DivBackward0>)
Memory status after this epoch: 
Memory allocated:  189.72509765625
Memory cached:  364.0
	 epoch  60 training error:  tensor(0.6938, device='cuda:0', grad_fn=<DivBackward0>)
Memory status after this epoch: 
Memory allocated:  189.72509765625
Memory cached:  364.0
	 epoch  70 training error:  tensor(0.6570, device='cuda:0', grad_fn=<DivBackward0>)
Memory status after this epoch: 
Memory allocated:  189.72509765625
Memory cached:  364.0
	 epoch  80 training error:  tensor(0.6593, device='cuda:0', grad_fn=<DivBackward0>)
Memory status after this epoch: 
Memory allocated:  189.72509765625
Memory cached:  364.0
	 epoch  90 training error:  tensor(0.5795, device='cuda:0', grad_fn=<DivBackward0>)
Memory status after this epoch: 
Memory allocated:  189.72509765625
Memory cached:  364.0
[I 2023-12-07 04:05:29,603] Trial 63 finished with value: 0.5233659744262695 and parameters: {'W_layers': 5, 'W_layer_units_exponent_0': 8, 'W_layer_units_exponent_1': 6, 'W_layer_units_exponent_2': 5, 'W_layer_units_exponent_3': 10, 'W_layer_units_exponent_4': 9, 'D_layers': 3, 'D_layer_units_exponent_0': 8, 'D_layer_units_exponent_1': 4, 'D_layer_units_exponent_2': 5, 'D_dagger_layers': 8, 'D_dagger_layer_units_exponent_0': 4, 'D_dagger_layer_units_exponent_1': 4, 'D_dagger_layer_units_exponent_2': 6, 'D_dagger_layer_units_exponent_3': 5, 'D_dagger_layer_units_exponent_4': 5, 'D_dagger_layer_units_exponent_5': 5, 'D_dagger_layer_units_exponent_6': 9, 'D_dagger_layer_units_exponent_7': 9, 'log_learning_rate': -3.3156062670956747, 'log_learning_rate_D': -3.5888538547535385, 'log_learning_rate_D_dagger': -2.969814990174814, 'training_batch_size': 7, 'training_p': 2}. Best is trial 49 with value: 0.5098726749420166.
Time for this trial:  20.856009483337402
Memory status after this trial: 
Memory allocated:  343.04541015625
Memory cached:  378.0
--------------------  Trial  64   --------------------
Start timing: 
Parameters: 
{'W_layers': 4, 'W_layer_units_exponent_0': 8, 'W_layer_units_exponent_1': 5, 'W_layer_units_exponent_2': 6, 'W_layer_units_exponent_3': 9, 'D_layers': 3, 'D_layer_units_exponent_0': 7, 'D_layer_units_exponent_1': 4, 'D_layer_units_exponent_2': 5, 'D_dagger_layers': 7, 'D_dagger_layer_units_exponent_0': 5, 'D_dagger_layer_units_exponent_1': 5, 'D_dagger_layer_units_exponent_2': 7, 'D_dagger_layer_units_exponent_3': 4, 'D_dagger_layer_units_exponent_4': 4, 'D_dagger_layer_units_exponent_5': 5, 'D_dagger_layer_units_exponent_6': 4, 'log_learning_rate': -2.480269796399826, 'log_learning_rate_D': -4.410176437223971, 'log_learning_rate_D_dagger': -2.6346946380405303, 'training_batch_size': 6, 'training_p': 2}
	 epoch  0 training error:  tensor(1.0062, device='cuda:0', grad_fn=<DivBackward0>)
Memory status after this epoch: 
Memory allocated:  176.5322265625
Memory cached:  360.0
	 epoch  10 training error:  tensor(0.7613, device='cuda:0', grad_fn=<DivBackward0>)
Memory status after this epoch: 
Memory allocated:  176.5322265625
Memory cached:  360.0
	 epoch  20 training error:  tensor(0.6957, device='cuda:0', grad_fn=<DivBackward0>)
Memory status after this epoch: 
Memory allocated:  176.5322265625
Memory cached:  360.0
	 epoch  30 training error:  tensor(0.6274, device='cuda:0', grad_fn=<DivBackward0>)
Memory status after this epoch: 
Memory allocated:  176.5322265625
Memory cached:  360.0
	 epoch  40 training error:  tensor(0.5937, device='cuda:0', grad_fn=<DivBackward0>)
Memory status after this epoch: 
Memory allocated:  176.5322265625
Memory cached:  360.0
	 epoch  50 training error:  tensor(0.5725, device='cuda:0', grad_fn=<DivBackward0>)
Memory status after this epoch: 
Memory allocated:  176.5322265625
Memory cached:  360.0
	 epoch  60 training error:  tensor(0.5732, device='cuda:0', grad_fn=<DivBackward0>)
Memory status after this epoch: 
Memory allocated:  176.5322265625
Memory cached:  360.0
	 epoch  70 training error:  tensor(0.5683, device='cuda:0', grad_fn=<DivBackward0>)
Memory status after this epoch: 
Memory allocated:  176.5322265625
Memory cached:  360.0
	 epoch  80 training error:  tensor(0.5708, device='cuda:0', grad_fn=<DivBackward0>)
Memory status after this epoch: 
Memory allocated:  176.5322265625
Memory cached:  360.0
	 epoch  90 training error:  tensor(0.5691, device='cuda:0', grad_fn=<DivBackward0>)
Memory status after this epoch: 
Memory allocated:  176.5322265625
Memory cached:  360.0
