[I 2024-01-13 23:41:31,482] Trial 30 finished with value: 0.10840391367673874 and parameters: {'W_layers': 6, 'W_layer_units_exponent_0': 4, 'W_layer_units_exponent_1': 4, 'W_layer_units_exponent_2': 10, 'W_layer_units_exponent_3': 6, 'W_layer_units_exponent_4': 6, 'W_layer_units_exponent_5': 6, 'D_layers': 2, 'D_layer_units_exponent_0': 10, 'D_layer_units_exponent_1': 5, 'D_dagger_layers': 3, 'D_dagger_layer_units_exponent_0': 8, 'D_dagger_layer_units_exponent_1': 9, 'D_dagger_layer_units_exponent_2': 5, 'log_learning_rate': -1.242144118177566, 'log_learning_rate_D': -3.3715477926024655, 'log_learning_rate_D_dagger': -3.316309470746497, 'training_batch_size': 9, 'training_p': 2}. Best is trial 29 with value: 0.08848290890455246.
Time for this trial:  35.978657245635986
Memory status after this trial: 
Memory allocated:  365.29638671875
Memory cached:  384.0
--------------------  Trial  31   --------------------
Start timing: 
Parameters: 
{'W_layers': 3, 'W_layer_units_exponent_0': 4, 'W_layer_units_exponent_1': 4, 'W_layer_units_exponent_2': 9, 'D_layers': 2, 'D_layer_units_exponent_0': 9, 'D_layer_units_exponent_1': 4, 'D_dagger_layers': 4, 'D_dagger_layer_units_exponent_0': 9, 'D_dagger_layer_units_exponent_1': 8, 'D_dagger_layer_units_exponent_2': 6, 'D_dagger_layer_units_exponent_3': 4, 'log_learning_rate': -1.4472923819310857, 'log_learning_rate_D': -3.8819715785070277, 'log_learning_rate_D_dagger': -3.0458650301371453, 'training_batch_size': 9, 'training_p': 2}
	 epoch  0 training error:  tensor(1.0272, device='cuda:0', grad_fn=<DivBackward0>)
Memory status after this epoch: 
Memory allocated:  142.63037109375
Memory cached:  252.0
	 epoch  10 training error:  tensor(0.1953, device='cuda:0', grad_fn=<DivBackward0>)
Memory status after this epoch: 
Memory allocated:  142.63037109375
Memory cached:  252.0
	 epoch  20 training error:  tensor(0.2684, device='cuda:0', grad_fn=<DivBackward0>)
Memory status after this epoch: 
Memory allocated:  142.63037109375
Memory cached:  252.0
	 epoch  30 training error:  tensor(0.1495, device='cuda:0', grad_fn=<DivBackward0>)
Memory status after this epoch: 
Memory allocated:  142.63037109375
Memory cached:  252.0
	 epoch  40 training error:  tensor(0.1095, device='cuda:0', grad_fn=<DivBackward0>)
Memory status after this epoch: 
Memory allocated:  142.63037109375
Memory cached:  252.0
	 epoch  50 training error:  tensor(0.0894, device='cuda:0', grad_fn=<DivBackward0>)
Memory status after this epoch: 
Memory allocated:  142.63037109375
Memory cached:  252.0
	 epoch  60 training error:  tensor(0.0874, device='cuda:0', grad_fn=<DivBackward0>)
Memory status after this epoch: 
Memory allocated:  142.63037109375
Memory cached:  252.0
	 epoch  70 training error:  tensor(0.0845, device='cuda:0', grad_fn=<DivBackward0>)
Memory status after this epoch: 
Memory allocated:  142.63037109375
Memory cached:  252.0
	 epoch  80 training error:  tensor(0.0833, device='cuda:0', grad_fn=<DivBackward0>)
Memory status after this epoch: 
Memory allocated:  142.63037109375
Memory cached:  252.0
	 epoch  90 training error:  tensor(0.0834, device='cuda:0', grad_fn=<DivBackward0>)
Memory status after this epoch: 
Memory allocated:  142.63037109375
Memory cached:  252.0
[I 2024-01-13 23:42:18,691] Trial 31 finished with value: 0.08840413391590118 and parameters: {'W_layers': 3, 'W_layer_units_exponent_0': 4, 'W_layer_units_exponent_1': 4, 'W_layer_units_exponent_2': 9, 'D_layers': 2, 'D_layer_units_exponent_0': 9, 'D_layer_units_exponent_1': 4, 'D_dagger_layers': 4, 'D_dagger_layer_units_exponent_0': 9, 'D_dagger_layer_units_exponent_1': 8, 'D_dagger_layer_units_exponent_2': 6, 'D_dagger_layer_units_exponent_3': 4, 'log_learning_rate': -1.4472923819310857, 'log_learning_rate_D': -3.8819715785070277, 'log_learning_rate_D_dagger': -3.0458650301371453, 'training_batch_size': 9, 'training_p': 2}. Best is trial 31 with value: 0.08840413391590118.
res:  tensor(0.0884, device='cuda:0', grad_fn=<DivBackward0>)
self.bestValue:  tensor(0.0885, device='cuda:0', grad_fn=<DivBackward0>)
Save this model!
Time for this trial:  46.928903341293335
Memory status after this trial: 
Memory allocated:  146.29541015625
Memory cached:  270.0
--------------------  Trial  32   --------------------
Start timing: 
Parameters: 
{'W_layers': 4, 'W_layer_units_exponent_0': 4, 'W_layer_units_exponent_1': 4, 'W_layer_units_exponent_2': 9, 'W_layer_units_exponent_3': 9, 'D_layers': 2, 'D_layer_units_exponent_0': 9, 'D_layer_units_exponent_1': 4, 'D_dagger_layers': 4, 'D_dagger_layer_units_exponent_0': 9, 'D_dagger_layer_units_exponent_1': 8, 'D_dagger_layer_units_exponent_2': 6, 'D_dagger_layer_units_exponent_3': 4, 'log_learning_rate': -1.461111028223769, 'log_learning_rate_D': -3.7706853191679364, 'log_learning_rate_D_dagger': -2.9211908420948225, 'training_batch_size': 9, 'training_p': 2}
	 epoch  0 training error:  tensor(1.1759, device='cuda:0', grad_fn=<DivBackward0>)
Memory status after this epoch: 
Memory allocated:  152.84130859375
Memory cached:  272.0
	 epoch  10 training error:  tensor(5.7773, device='cuda:0', grad_fn=<DivBackward0>)
Memory status after this epoch: 
Memory allocated:  152.84130859375
Memory cached:  272.0
	 epoch  20 training error:  tensor(0.2022, device='cuda:0', grad_fn=<DivBackward0>)
Memory status after this epoch: 
Memory allocated:  152.84130859375
Memory cached:  272.0
	 epoch  30 training error:  tensor(0.1235, device='cuda:0', grad_fn=<DivBackward0>)
Memory status after this epoch: 
Memory allocated:  152.84130859375
Memory cached:  272.0
	 epoch  40 training error:  tensor(0.1194, device='cuda:0', grad_fn=<DivBackward0>)
Memory status after this epoch: 
Memory allocated:  152.84130859375
Memory cached:  272.0
	 epoch  50 training error:  tensor(0.0997, device='cuda:0', grad_fn=<DivBackward0>)
Memory status after this epoch: 
Memory allocated:  152.84130859375
Memory cached:  272.0
	 epoch  60 training error:  tensor(0.0870, device='cuda:0', grad_fn=<DivBackward0>)
Memory status after this epoch: 
Memory allocated:  152.84130859375
Memory cached:  272.0
	 epoch  70 training error:  tensor(0.0905, device='cuda:0', grad_fn=<DivBackward0>)
Memory status after this epoch: 
Memory allocated:  152.84130859375
Memory cached:  272.0
	 epoch  80 training error:  tensor(0.0839, device='cuda:0', grad_fn=<DivBackward0>)
Memory status after this epoch: 
Memory allocated:  152.84130859375
Memory cached:  272.0
	 epoch  90 training error:  tensor(0.0836, device='cuda:0', grad_fn=<DivBackward0>)
Memory status after this epoch: 
Memory allocated:  152.84130859375
Memory cached:  272.0
[I 2024-01-13 23:42:53,477] Trial 32 finished with value: 0.08862265944480896 and parameters: {'W_layers': 4, 'W_layer_units_exponent_0': 4, 'W_layer_units_exponent_1': 4, 'W_layer_units_exponent_2': 9, 'W_layer_units_exponent_3': 9, 'D_layers': 2, 'D_layer_units_exponent_0': 9, 'D_layer_units_exponent_1': 4, 'D_dagger_layers': 4, 'D_dagger_layer_units_exponent_0': 9, 'D_dagger_layer_units_exponent_1': 8, 'D_dagger_layer_units_exponent_2': 6, 'D_dagger_layer_units_exponent_3': 4, 'log_learning_rate': -1.461111028223769, 'log_learning_rate_D': -3.7706853191679364, 'log_learning_rate_D_dagger': -2.9211908420948225, 'training_batch_size': 9, 'training_p': 2}. Best is trial 31 with value: 0.08840413391590118.
Time for this trial:  34.45197796821594
Memory status after this trial: 
Memory allocated:  347.16259765625
Memory cached:  386.0
--------------------  Trial  33   --------------------
Start timing: 
Parameters: 
{'W_layers': 4, 'W_layer_units_exponent_0': 4, 'W_layer_units_exponent_1': 4, 'W_layer_units_exponent_2': 9, 'W_layer_units_exponent_3': 9, 'D_layers': 2, 'D_layer_units_exponent_0': 9, 'D_layer_units_exponent_1': 4, 'D_dagger_layers': 4, 'D_dagger_layer_units_exponent_0': 10, 'D_dagger_layer_units_exponent_1': 8, 'D_dagger_layer_units_exponent_2': 6, 'D_dagger_layer_units_exponent_3': 4, 'log_learning_rate': -1.4187448925438948, 'log_learning_rate_D': -3.8236241779733553, 'log_learning_rate_D_dagger': -2.9416380625149325, 'training_batch_size': 9, 'training_p': 2}
	 epoch  0 training error:  tensor(0.9114, device='cuda:0', grad_fn=<DivBackward0>)
Memory status after this epoch: 
Memory allocated:  154.85693359375
Memory cached:  274.0
	 epoch  10 training error:  tensor(2.2011, device='cuda:0', grad_fn=<DivBackward0>)
Memory status after this epoch: 
Memory allocated:  154.85693359375
Memory cached:  274.0
	 epoch  20 training error:  tensor(0.5488, device='cuda:0', grad_fn=<DivBackward0>)
Memory status after this epoch: 
Memory allocated:  154.85693359375
Memory cached:  274.0
	 epoch  30 training error:  tensor(0.1736, device='cuda:0', grad_fn=<DivBackward0>)
Memory status after this epoch: 
Memory allocated:  154.85693359375
Memory cached:  274.0
	 epoch  40 training error:  tensor(0.1320, device='cuda:0', grad_fn=<DivBackward0>)
Memory status after this epoch: 
Memory allocated:  154.85693359375
Memory cached:  274.0
	 epoch  50 training error:  tensor(0.1005, device='cuda:0', grad_fn=<DivBackward0>)
Memory status after this epoch: 
Memory allocated:  154.85693359375
Memory cached:  274.0
	 epoch  60 training error:  tensor(0.0920, device='cuda:0', grad_fn=<DivBackward0>)
Memory status after this epoch: 
Memory allocated:  154.85693359375
Memory cached:  274.0
	 epoch  70 training error:  tensor(0.0843, device='cuda:0', grad_fn=<DivBackward0>)
Memory status after this epoch: 
Memory allocated:  154.85693359375
Memory cached:  274.0
	 epoch  80 training error:  tensor(0.0834, device='cuda:0', grad_fn=<DivBackward0>)
Memory status after this epoch: 
Memory allocated:  154.85693359375
Memory cached:  274.0
	 epoch  90 training error:  tensor(0.0833, device='cuda:0', grad_fn=<DivBackward0>)
Memory status after this epoch: 
Memory allocated:  154.85693359375
Memory cached:  274.0
[I 2024-01-13 23:43:44,034] Trial 33 finished with value: 0.08818560093641281 and parameters: {'W_layers': 4, 'W_layer_units_exponent_0': 4, 'W_layer_units_exponent_1': 4, 'W_layer_units_exponent_2': 9, 'W_layer_units_exponent_3': 9, 'D_layers': 2, 'D_layer_units_exponent_0': 9, 'D_layer_units_exponent_1': 4, 'D_dagger_layers': 4, 'D_dagger_layer_units_exponent_0': 10, 'D_dagger_layer_units_exponent_1': 8, 'D_dagger_layer_units_exponent_2': 6, 'D_dagger_layer_units_exponent_3': 4, 'log_learning_rate': -1.4187448925438948, 'log_learning_rate_D': -3.8236241779733553, 'log_learning_rate_D_dagger': -2.9416380625149325, 'training_batch_size': 9, 'training_p': 2}. Best is trial 33 with value: 0.08818560093641281.
res:  tensor(0.0882, device='cuda:0', grad_fn=<DivBackward0>)
self.bestValue:  tensor(0.0884, device='cuda:0', grad_fn=<DivBackward0>)
Save this model!
Time for this trial:  50.277016162872314
Memory status after this trial: 
Memory allocated:  257.93212890625
Memory cached:  382.0
--------------------  Trial  34   --------------------
Start timing: 
Parameters: 
{'W_layers': 5, 'W_layer_units_exponent_0': 4, 'W_layer_units_exponent_1': 4, 'W_layer_units_exponent_2': 9, 'W_layer_units_exponent_3': 9, 'W_layer_units_exponent_4': 4, 'D_layers': 2, 'D_layer_units_exponent_0': 10, 'D_layer_units_exponent_1': 4, 'D_dagger_layers': 5, 'D_dagger_layer_units_exponent_0': 10, 'D_dagger_layer_units_exponent_1': 8, 'D_dagger_layer_units_exponent_2': 6, 'D_dagger_layer_units_exponent_3': 4, 'D_dagger_layer_units_exponent_4': 4, 'log_learning_rate': -1.433062665923132, 'log_learning_rate_D': -3.329925691553456, 'log_learning_rate_D_dagger': -2.8344514580840228, 'training_batch_size': 10, 'training_p': 2}
	 epoch  0 training error:  tensor(0.9756, device='cuda:0', grad_fn=<DivBackward0>)
Memory status after this epoch: 
Memory allocated:  266.65380859375
Memory cached:  384.0
	 epoch  10 training error:  tensor(0.7958, device='cuda:0', grad_fn=<DivBackward0>)
Memory status after this epoch: 
Memory allocated:  266.65380859375
Memory cached:  384.0
	 epoch  20 training error:  tensor(0.5573, device='cuda:0', grad_fn=<DivBackward0>)
Memory status after this epoch: 
Memory allocated:  266.65380859375
Memory cached:  384.0
	 epoch  30 training error:  tensor(0.2665, device='cuda:0', grad_fn=<DivBackward0>)
Memory status after this epoch: 
Memory allocated:  266.65380859375
Memory cached:  384.0
	 epoch  40 training error:  tensor(0.1438, device='cuda:0', grad_fn=<DivBackward0>)
Memory status after this epoch: 
Memory allocated:  266.65380859375
Memory cached:  384.0
	 epoch  50 training error:  tensor(0.1009, device='cuda:0', grad_fn=<DivBackward0>)
Memory status after this epoch: 
Memory allocated:  266.65380859375
Memory cached:  384.0
	 epoch  60 training error:  tensor(0.0888, device='cuda:0', grad_fn=<DivBackward0>)
Memory status after this epoch: 
Memory allocated:  266.65380859375
Memory cached:  384.0
	 epoch  70 training error:  tensor(0.0866, device='cuda:0', grad_fn=<DivBackward0>)
Memory status after this epoch: 
Memory allocated:  266.65380859375
Memory cached:  384.0
	 epoch  80 training error:  tensor(0.0842, device='cuda:0', grad_fn=<DivBackward0>)
Memory status after this epoch: 
Memory allocated:  266.65380859375
Memory cached:  384.0
	 epoch  90 training error:  tensor(0.0834, device='cuda:0', grad_fn=<DivBackward0>)
Memory status after this epoch: 
Memory allocated:  266.65380859375
Memory cached:  384.0
[I 2024-01-13 23:44:21,157] Trial 34 finished with value: 0.08836531639099121 and parameters: {'W_layers': 5, 'W_layer_units_exponent_0': 4, 'W_layer_units_exponent_1': 4, 'W_layer_units_exponent_2': 9, 'W_layer_units_exponent_3': 9, 'W_layer_units_exponent_4': 4, 'D_layers': 2, 'D_layer_units_exponent_0': 10, 'D_layer_units_exponent_1': 4, 'D_dagger_layers': 5, 'D_dagger_layer_units_exponent_0': 10, 'D_dagger_layer_units_exponent_1': 8, 'D_dagger_layer_units_exponent_2': 6, 'D_dagger_layer_units_exponent_3': 4, 'D_dagger_layer_units_exponent_4': 4, 'log_learning_rate': -1.433062665923132, 'log_learning_rate_D': -3.329925691553456, 'log_learning_rate_D_dagger': -2.8344514580840228, 'training_batch_size': 10, 'training_p': 2}. Best is trial 33 with value: 0.08818560093641281.
Time for this trial:  36.828662633895874
Memory status after this trial: 
Memory allocated:  529.20068359375
Memory cached:  562.0
--------------------  Trial  35   --------------------
Start timing: 
Parameters: 
{'W_layers': 5, 'W_layer_units_exponent_0': 4, 'W_layer_units_exponent_1': 4, 'W_layer_units_exponent_2': 10, 'W_layer_units_exponent_3': 9, 'W_layer_units_exponent_4': 4, 'D_layers': 2, 'D_layer_units_exponent_0': 10, 'D_layer_units_exponent_1': 4, 'D_dagger_layers': 5, 'D_dagger_layer_units_exponent_0': 10, 'D_dagger_layer_units_exponent_1': 9, 'D_dagger_layer_units_exponent_2': 6, 'D_dagger_layer_units_exponent_3': 5, 'D_dagger_layer_units_exponent_4': 4, 'log_learning_rate': -1.3027636524847945, 'log_learning_rate_D': -3.344827506842995, 'log_learning_rate_D_dagger': -2.5665852824478166, 'training_batch_size': 10, 'training_p': 2}
	 epoch  0 training error:  tensor(1.0587, device='cuda:0', grad_fn=<DivBackward0>)
Memory status after this epoch: 
Memory allocated:  275.81005859375
Memory cached:  382.0
	 epoch  10 training error:  tensor(5.0531, device='cuda:0', grad_fn=<DivBackward0>)
Memory status after this epoch: 
Memory allocated:  275.81005859375
Memory cached:  382.0
	 epoch  20 training error:  tensor(1.2288, device='cuda:0', grad_fn=<DivBackward0>)
Memory status after this epoch: 
Memory allocated:  275.81005859375
Memory cached:  382.0
	 epoch  30 training error:  tensor(0.3288, device='cuda:0', grad_fn=<DivBackward0>)
Memory status after this epoch: 
Memory allocated:  275.81005859375
Memory cached:  382.0
	 epoch  40 training error:  tensor(0.3275, device='cuda:0', grad_fn=<DivBackward0>)
Memory status after this epoch: 
Memory allocated:  275.81005859375
Memory cached:  382.0
	 epoch  50 training error:  tensor(0.1476, device='cuda:0', grad_fn=<DivBackward0>)
Memory status after this epoch: 
Memory allocated:  275.81005859375
Memory cached:  382.0
	 epoch  60 training error:  tensor(0.1057, device='cuda:0', grad_fn=<DivBackward0>)
Memory status after this epoch: 
Memory allocated:  275.81005859375
Memory cached:  382.0
	 epoch  70 training error:  tensor(0.0907, device='cuda:0', grad_fn=<DivBackward0>)
Memory status after this epoch: 
Memory allocated:  275.81005859375
Memory cached:  382.0
	 epoch  80 training error:  tensor(0.0870, device='cuda:0', grad_fn=<DivBackward0>)
Memory status after this epoch: 
Memory allocated:  275.81005859375
Memory cached:  382.0
	 epoch  90 training error:  tensor(0.0847, device='cuda:0', grad_fn=<DivBackward0>)
Memory status after this epoch: 
Memory allocated:  275.81005859375
Memory cached:  382.0
[I 2024-01-13 23:45:13,012] Trial 35 finished with value: 0.08886384218931198 and parameters: {'W_layers': 5, 'W_layer_units_exponent_0': 4, 'W_layer_units_exponent_1': 4, 'W_layer_units_exponent_2': 10, 'W_layer_units_exponent_3': 9, 'W_layer_units_exponent_4': 4, 'D_layers': 2, 'D_layer_units_exponent_0': 10, 'D_layer_units_exponent_1': 4, 'D_dagger_layers': 5, 'D_dagger_layer_units_exponent_0': 10, 'D_dagger_layer_units_exponent_1': 9, 'D_dagger_layer_units_exponent_2': 6, 'D_dagger_layer_units_exponent_3': 5, 'D_dagger_layer_units_exponent_4': 4, 'log_learning_rate': -1.3027636524847945, 'log_learning_rate_D': -3.344827506842995, 'log_learning_rate_D_dagger': -2.5665852824478166, 'training_batch_size': 10, 'training_p': 2}. Best is trial 33 with value: 0.08818560093641281.
Time for this trial:  51.55009484291077
Memory status after this trial: 
Memory allocated:  617.51904296875
Memory cached:  674.0
--------------------  Trial  36   --------------------
Start timing: 
Parameters: 
{'W_layers': 5, 'W_layer_units_exponent_0': 4, 'W_layer_units_exponent_1': 4, 'W_layer_units_exponent_2': 9, 'W_layer_units_exponent_3': 10, 'W_layer_units_exponent_4': 6, 'D_layers': 2, 'D_layer_units_exponent_0': 10, 'D_layer_units_exponent_1': 4, 'D_dagger_layers': 6, 'D_dagger_layer_units_exponent_0': 10, 'D_dagger_layer_units_exponent_1': 8, 'D_dagger_layer_units_exponent_2': 7, 'D_dagger_layer_units_exponent_3': 4, 'D_dagger_layer_units_exponent_4': 6, 'D_dagger_layer_units_exponent_5': 7, 'log_learning_rate': -1.6296874529365795, 'log_learning_rate_D': -3.1124042104707335, 'log_learning_rate_D_dagger': -2.3864097890852483, 'training_batch_size': 8, 'training_p': 2}
	 epoch  0 training error:  tensor(0.9916, device='cuda:0', grad_fn=<DivBackward0>)
Memory status after this epoch: 
Memory allocated:  272.31591796875
Memory cached:  388.0
	 epoch  10 training error:  tensor(2.0567, device='cuda:0', grad_fn=<DivBackward0>)
Memory status after this epoch: 
Memory allocated:  272.31591796875
Memory cached:  388.0
	 epoch  20 training error:  tensor(1.2435, device='cuda:0', grad_fn=<DivBackward0>)
Memory status after this epoch: 
Memory allocated:  272.31591796875
Memory cached:  388.0
	 epoch  30 training error:  tensor(3.1211, device='cuda:0', grad_fn=<DivBackward0>)
Memory status after this epoch: 
Memory allocated:  272.31591796875
Memory cached:  388.0
	 epoch  40 training error:  tensor(0.4578, device='cuda:0', grad_fn=<DivBackward0>)
Memory status after this epoch: 
Memory allocated:  272.31591796875
Memory cached:  388.0
	 epoch  50 training error:  tensor(0.3712, device='cuda:0', grad_fn=<DivBackward0>)
Memory status after this epoch: 
Memory allocated:  272.31591796875
Memory cached:  388.0
	 epoch  60 training error:  tensor(0.1266, device='cuda:0', grad_fn=<DivBackward0>)
Memory status after this epoch: 
Memory allocated:  272.31591796875
Memory cached:  388.0
	 epoch  70 training error:  tensor(0.1160, device='cuda:0', grad_fn=<DivBackward0>)
Memory status after this epoch: 
Memory allocated:  272.31591796875
Memory cached:  388.0
	 epoch  80 training error:  tensor(0.0939, device='cuda:0', grad_fn=<DivBackward0>)
Memory status after this epoch: 
Memory allocated:  272.31591796875
Memory cached:  388.0
	 epoch  90 training error:  tensor(0.0930, device='cuda:0', grad_fn=<DivBackward0>)
Memory status after this epoch: 
Memory allocated:  272.31591796875
Memory cached:  388.0
