[I 2023-12-03 00:43:24,839] Trial 17 finished with value: 0.07201412320137024 and parameters: {'W_layers': 6, 'W_layer_units_exponent_0': 10, 'W_layer_units_exponent_1': 8, 'W_layer_units_exponent_2': 7, 'W_layer_units_exponent_3': 10, 'W_layer_units_exponent_4': 4, 'W_layer_units_exponent_5': 6, 'D_layers': 6, 'D_layer_units_exponent_0': 10, 'D_layer_units_exponent_1': 6, 'D_layer_units_exponent_2': 9, 'D_layer_units_exponent_3': 7, 'D_layer_units_exponent_4': 10, 'D_layer_units_exponent_5': 5, 'log_learning_rate': -4.91179022683613, 'log_learning_rate_D': -2.954050686681005, 'training_batch_size': 6, 'training_p': 6}. Best is trial 15 with value: 0.03145942836999893.
Time for this trial:  91.98994517326355
Memory status after this trial: 
Memory allocated:  151.36083984375
Memory cached:  158.0
--------------------  Trial  18   --------------------
Start timing: 
Parameters: 
{'W_layers': 2, 'W_layer_units_exponent_0': 9, 'W_layer_units_exponent_1': 7, 'D_layers': 6, 'D_layer_units_exponent_0': 7, 'D_layer_units_exponent_1': 5, 'D_layer_units_exponent_2': 10, 'D_layer_units_exponent_3': 7, 'D_layer_units_exponent_4': 10, 'D_layer_units_exponent_5': 10, 'log_learning_rate': -3.3902992692628295, 'log_learning_rate_D': -3.0041265216768225, 'training_batch_size': 9, 'training_p': 8}
	 epoch  0 training error:  tensor(1.7692, device='cuda:0', grad_fn=<DivBackward0>)
Memory status after this epoch: 
Memory allocated:  46.33544921875
Memory cached:  112.0
	 epoch  10 training error:  tensor(0.4891, device='cuda:0', grad_fn=<DivBackward0>)
Memory status after this epoch: 
Memory allocated:  46.33544921875
Memory cached:  112.0
	 epoch  20 training error:  tensor(0.1113, device='cuda:0', grad_fn=<DivBackward0>)
Memory status after this epoch: 
Memory allocated:  46.33544921875
Memory cached:  112.0
	 epoch  30 training error:  tensor(0.1619, device='cuda:0', grad_fn=<DivBackward0>)
Memory status after this epoch: 
Memory allocated:  46.33544921875
Memory cached:  112.0
	 epoch  40 training error:  tensor(0.3223, device='cuda:0', grad_fn=<DivBackward0>)
Memory status after this epoch: 
Memory allocated:  46.33544921875
Memory cached:  112.0
	 epoch  50 training error:  tensor(0.1295, device='cuda:0', grad_fn=<DivBackward0>)
Memory status after this epoch: 
Memory allocated:  46.33544921875
Memory cached:  112.0
	 epoch  60 training error:  tensor(0.1662, device='cuda:0', grad_fn=<DivBackward0>)
Memory status after this epoch: 
Memory allocated:  46.33544921875
Memory cached:  112.0
	 epoch  70 training error:  tensor(0.2338, device='cuda:0', grad_fn=<DivBackward0>)
Memory status after this epoch: 
Memory allocated:  46.33544921875
Memory cached:  112.0
	 epoch  80 training error:  tensor(0.2052, device='cuda:0', grad_fn=<DivBackward0>)
Memory status after this epoch: 
Memory allocated:  46.33544921875
Memory cached:  112.0
	 epoch  90 training error:  tensor(0.2790, device='cuda:0', grad_fn=<DivBackward0>)
Memory status after this epoch: 
Memory allocated:  46.33544921875
Memory cached:  112.0
[I 2023-12-03 00:44:11,993] Trial 18 finished with value: 0.1464097648859024 and parameters: {'W_layers': 2, 'W_layer_units_exponent_0': 9, 'W_layer_units_exponent_1': 7, 'D_layers': 6, 'D_layer_units_exponent_0': 7, 'D_layer_units_exponent_1': 5, 'D_layer_units_exponent_2': 10, 'D_layer_units_exponent_3': 7, 'D_layer_units_exponent_4': 10, 'D_layer_units_exponent_5': 10, 'log_learning_rate': -3.3902992692628295, 'log_learning_rate_D': -3.0041265216768225, 'training_batch_size': 9, 'training_p': 8}. Best is trial 15 with value: 0.03145942836999893.
Time for this trial:  46.98214673995972
Memory status after this trial: 
Memory allocated:  126.33251953125
Memory cached:  142.0
--------------------  Trial  19   --------------------
Start timing: 
Parameters: 
{'W_layers': 4, 'W_layer_units_exponent_0': 10, 'W_layer_units_exponent_1': 8, 'W_layer_units_exponent_2': 6, 'W_layer_units_exponent_3': 4, 'D_layers': 5, 'D_layer_units_exponent_0': 9, 'D_layer_units_exponent_1': 7, 'D_layer_units_exponent_2': 8, 'D_layer_units_exponent_3': 10, 'D_layer_units_exponent_4': 8, 'log_learning_rate': -4.972731584482229, 'log_learning_rate_D': -2.142695273313792, 'training_batch_size': 8, 'training_p': 6}
	 epoch  0 training error:  tensor(0.3054, device='cuda:0', grad_fn=<DivBackward0>)
Memory status after this epoch: 
Memory allocated:  38.57568359375
Memory cached:  92.0
	 epoch  10 training error:  tensor(0.3990, device='cuda:0', grad_fn=<DivBackward0>)
Memory status after this epoch: 
Memory allocated:  38.57568359375
Memory cached:  94.0
	 epoch  20 training error:  tensor(4.6911, device='cuda:0', grad_fn=<DivBackward0>)
Memory status after this epoch: 
Memory allocated:  38.57568359375
Memory cached:  94.0
[W 2023-12-03 00:44:25,931] Trial 19 failed with parameters: {'W_layers': 4, 'W_layer_units_exponent_0': 10, 'W_layer_units_exponent_1': 8, 'W_layer_units_exponent_2': 6, 'W_layer_units_exponent_3': 4, 'D_layers': 5, 'D_layer_units_exponent_0': 9, 'D_layer_units_exponent_1': 7, 'D_layer_units_exponent_2': 8, 'D_layer_units_exponent_3': 10, 'D_layer_units_exponent_4': 8, 'log_learning_rate': -4.972731584482229, 'log_learning_rate_D': -2.142695273313792, 'training_batch_size': 8, 'training_p': 6} because of the following error: The value nan is not acceptable.
[W 2023-12-03 00:44:25,932] Trial 19 failed with value tensor(nan, device='cuda:0', grad_fn=<DivBackward0>).
Time for this trial:  13.74913740158081
Memory status after this trial: 
Memory allocated:  112.1767578125
Memory cached:  120.0
--------------------  Trial  20   --------------------
Start timing: 
Parameters: 
{'W_layers': 4, 'W_layer_units_exponent_0': 10, 'W_layer_units_exponent_1': 8, 'W_layer_units_exponent_2': 6, 'W_layer_units_exponent_3': 4, 'D_layers': 5, 'D_layer_units_exponent_0': 9, 'D_layer_units_exponent_1': 8, 'D_layer_units_exponent_2': 8, 'D_layer_units_exponent_3': 10, 'D_layer_units_exponent_4': 8, 'log_learning_rate': -4.920537895459007, 'log_learning_rate_D': -2.114203212877347, 'training_batch_size': 8, 'training_p': 6}
	 epoch  0 training error:  tensor(0.1846, device='cuda:0', grad_fn=<DivBackward0>)
Memory status after this epoch: 
Memory allocated:  40.07763671875
Memory cached:  92.0
	 epoch  10 training error:  tensor(0.1723, device='cuda:0', grad_fn=<DivBackward0>)
Memory status after this epoch: 
Memory allocated:  40.07763671875
Memory cached:  94.0
	 epoch  20 training error:  tensor(inf, device='cuda:0', grad_fn=<DivBackward0>)
Memory status after this epoch: 
Memory allocated:  40.07763671875
Memory cached:  94.0
[W 2023-12-03 00:44:37,145] Trial 20 failed with parameters: {'W_layers': 4, 'W_layer_units_exponent_0': 10, 'W_layer_units_exponent_1': 8, 'W_layer_units_exponent_2': 6, 'W_layer_units_exponent_3': 4, 'D_layers': 5, 'D_layer_units_exponent_0': 9, 'D_layer_units_exponent_1': 8, 'D_layer_units_exponent_2': 8, 'D_layer_units_exponent_3': 10, 'D_layer_units_exponent_4': 8, 'log_learning_rate': -4.920537895459007, 'log_learning_rate_D': -2.114203212877347, 'training_batch_size': 8, 'training_p': 6} because of the following error: The value nan is not acceptable.
[W 2023-12-03 00:44:37,145] Trial 20 failed with value tensor(nan, device='cuda:0', grad_fn=<DivBackward0>).
Time for this trial:  11.033785581588745
Memory status after this trial: 
Memory allocated:  115.828125
Memory cached:  124.0
--------------------  Trial  21   --------------------
Start timing: 
Parameters: 
{'W_layers': 4, 'W_layer_units_exponent_0': 10, 'W_layer_units_exponent_1': 8, 'W_layer_units_exponent_2': 6, 'W_layer_units_exponent_3': 4, 'D_layers': 5, 'D_layer_units_exponent_0': 9, 'D_layer_units_exponent_1': 8, 'D_layer_units_exponent_2': 8, 'D_layer_units_exponent_3': 10, 'D_layer_units_exponent_4': 8, 'log_learning_rate': -3.264462054469682, 'log_learning_rate_D': -2.11757394184213, 'training_batch_size': 8, 'training_p': 6}
	 epoch  0 training error:  tensor(0.4060, device='cuda:0', grad_fn=<DivBackward0>)
Memory status after this epoch: 
Memory allocated:  40.07763671875
Memory cached:  92.0
	 epoch  10 training error:  tensor(0.5195, device='cuda:0', grad_fn=<DivBackward0>)
Memory status after this epoch: 
Memory allocated:  40.07763671875
Memory cached:  94.0
	 epoch  20 training error:  tensor(0.3520, device='cuda:0', grad_fn=<DivBackward0>)
Memory status after this epoch: 
Memory allocated:  40.07763671875
Memory cached:  94.0
	 epoch  30 training error:  tensor(0.2275, device='cuda:0', grad_fn=<DivBackward0>)
Memory status after this epoch: 
Memory allocated:  40.07763671875
Memory cached:  94.0
	 epoch  40 training error:  tensor(0.0921, device='cuda:0', grad_fn=<DivBackward0>)
Memory status after this epoch: 
Memory allocated:  40.07763671875
Memory cached:  94.0
	 epoch  50 training error:  tensor(0.0820, device='cuda:0', grad_fn=<DivBackward0>)
Memory status after this epoch: 
Memory allocated:  40.07763671875
Memory cached:  94.0
	 epoch  60 training error:  tensor(0.0756, device='cuda:0', grad_fn=<DivBackward0>)
Memory status after this epoch: 
Memory allocated:  40.07763671875
Memory cached:  94.0
	 epoch  70 training error:  tensor(0.0688, device='cuda:0', grad_fn=<DivBackward0>)
Memory status after this epoch: 
Memory allocated:  40.07763671875
Memory cached:  94.0
	 epoch  80 training error:  tensor(0.0761, device='cuda:0', grad_fn=<DivBackward0>)
Memory status after this epoch: 
Memory allocated:  40.07763671875
Memory cached:  94.0
	 epoch  90 training error:  tensor(0.1122, device='cuda:0', grad_fn=<DivBackward0>)
Memory status after this epoch: 
Memory allocated:  40.07763671875
Memory cached:  94.0
[I 2023-12-03 00:45:27,883] Trial 21 finished with value: 0.06624038517475128 and parameters: {'W_layers': 4, 'W_layer_units_exponent_0': 10, 'W_layer_units_exponent_1': 8, 'W_layer_units_exponent_2': 6, 'W_layer_units_exponent_3': 4, 'D_layers': 5, 'D_layer_units_exponent_0': 9, 'D_layer_units_exponent_1': 8, 'D_layer_units_exponent_2': 8, 'D_layer_units_exponent_3': 10, 'D_layer_units_exponent_4': 8, 'log_learning_rate': -3.264462054469682, 'log_learning_rate_D': -2.11757394184213, 'training_batch_size': 8, 'training_p': 6}. Best is trial 15 with value: 0.03145942836999893.
Time for this trial:  50.551079988479614
Memory status after this trial: 
Memory allocated:  115.828125
Memory cached:  124.0
--------------------  Trial  22   --------------------
Start timing: 
Parameters: 
{'W_layers': 6, 'W_layer_units_exponent_0': 8, 'W_layer_units_exponent_1': 6, 'W_layer_units_exponent_2': 7, 'W_layer_units_exponent_3': 9, 'W_layer_units_exponent_4': 4, 'W_layer_units_exponent_5': 7, 'D_layers': 8, 'D_layer_units_exponent_0': 7, 'D_layer_units_exponent_1': 5, 'D_layer_units_exponent_2': 7, 'D_layer_units_exponent_3': 6, 'D_layer_units_exponent_4': 6, 'D_layer_units_exponent_5': 7, 'D_layer_units_exponent_6': 10, 'D_layer_units_exponent_7': 4, 'log_learning_rate': -4.879854301405779, 'log_learning_rate_D': -3.33318616708491, 'training_batch_size': 7, 'training_p': 4}
	 epoch  0 training error:  tensor(1.1415, device='cuda:0', grad_fn=<DivBackward0>)
Memory status after this epoch: 
Memory allocated:  28.81591796875
Memory cached:  92.0
	 epoch  10 training error:  tensor(0.9660, device='cuda:0', grad_fn=<DivBackward0>)
Memory status after this epoch: 
Memory allocated:  28.81591796875
Memory cached:  96.0
	 epoch  20 training error:  tensor(0.6844, device='cuda:0', grad_fn=<DivBackward0>)
Memory status after this epoch: 
Memory allocated:  28.81591796875
Memory cached:  96.0
	 epoch  30 training error:  tensor(0.4008, device='cuda:0', grad_fn=<DivBackward0>)
Memory status after this epoch: 
Memory allocated:  28.81591796875
Memory cached:  96.0
	 epoch  40 training error:  tensor(0.3120, device='cuda:0', grad_fn=<DivBackward0>)
Memory status after this epoch: 
Memory allocated:  28.81591796875
Memory cached:  96.0
	 epoch  50 training error:  tensor(0.2631, device='cuda:0', grad_fn=<DivBackward0>)
Memory status after this epoch: 
Memory allocated:  28.81591796875
Memory cached:  96.0
	 epoch  60 training error:  tensor(0.2319, device='cuda:0', grad_fn=<DivBackward0>)
Memory status after this epoch: 
Memory allocated:  28.81591796875
Memory cached:  96.0
	 epoch  70 training error:  tensor(0.2106, device='cuda:0', grad_fn=<DivBackward0>)
Memory status after this epoch: 
Memory allocated:  28.81591796875
Memory cached:  96.0
	 epoch  80 training error:  tensor(0.1893, device='cuda:0', grad_fn=<DivBackward0>)
Memory status after this epoch: 
Memory allocated:  28.81591796875
Memory cached:  96.0
	 epoch  90 training error:  tensor(0.1735, device='cuda:0', grad_fn=<DivBackward0>)
Memory status after this epoch: 
Memory allocated:  28.81591796875
Memory cached:  96.0
[I 2023-12-03 00:46:23,854] Trial 22 finished with value: 0.11260014027357101 and parameters: {'W_layers': 6, 'W_layer_units_exponent_0': 8, 'W_layer_units_exponent_1': 6, 'W_layer_units_exponent_2': 7, 'W_layer_units_exponent_3': 9, 'W_layer_units_exponent_4': 4, 'W_layer_units_exponent_5': 7, 'D_layers': 8, 'D_layer_units_exponent_0': 7, 'D_layer_units_exponent_1': 5, 'D_layer_units_exponent_2': 7, 'D_layer_units_exponent_3': 6, 'D_layer_units_exponent_4': 6, 'D_layer_units_exponent_5': 7, 'D_layer_units_exponent_6': 10, 'D_layer_units_exponent_7': 4, 'log_learning_rate': -4.879854301405779, 'log_learning_rate_D': -3.33318616708491, 'training_batch_size': 7, 'training_p': 4}. Best is trial 15 with value: 0.03145942836999893.
Time for this trial:  55.779402017593384
Memory status after this trial: 
Memory allocated:  88.095703125
Memory cached:  94.0
--------------------  Trial  23   --------------------
Start timing: 
Parameters: 
{'W_layers': 3, 'W_layer_units_exponent_0': 8, 'W_layer_units_exponent_1': 9, 'W_layer_units_exponent_2': 4, 'D_layers': 3, 'D_layer_units_exponent_0': 6, 'D_layer_units_exponent_1': 7, 'D_layer_units_exponent_2': 10, 'log_learning_rate': -2.4285638822464466, 'log_learning_rate_D': -2.6644466679644054, 'training_batch_size': 10, 'training_p': 7}
	 epoch  0 training error:  tensor(1.4661, device='cuda:0', grad_fn=<DivBackward0>)
Memory status after this epoch: 
Memory allocated:  28.94482421875
Memory cached:  92.0
	 epoch  10 training error:  tensor(0.7914, device='cuda:0', grad_fn=<DivBackward0>)
Memory status after this epoch: 
Memory allocated:  28.94482421875
Memory cached:  94.0
	 epoch  20 training error:  tensor(0.1161, device='cuda:0', grad_fn=<DivBackward0>)
Memory status after this epoch: 
Memory allocated:  28.94482421875
Memory cached:  94.0
	 epoch  30 training error:  tensor(0.0667, device='cuda:0', grad_fn=<DivBackward0>)
Memory status after this epoch: 
Memory allocated:  28.94482421875
Memory cached:  94.0
	 epoch  40 training error:  tensor(0.0644, device='cuda:0', grad_fn=<DivBackward0>)
Memory status after this epoch: 
Memory allocated:  28.94482421875
Memory cached:  94.0
	 epoch  50 training error:  tensor(0.0592, device='cuda:0', grad_fn=<DivBackward0>)
Memory status after this epoch: 
Memory allocated:  28.94482421875
Memory cached:  94.0
	 epoch  60 training error:  tensor(0.0555, device='cuda:0', grad_fn=<DivBackward0>)
Memory status after this epoch: 
Memory allocated:  28.94482421875
Memory cached:  94.0
	 epoch  70 training error:  tensor(0.0541, device='cuda:0', grad_fn=<DivBackward0>)
Memory status after this epoch: 
Memory allocated:  28.94482421875
Memory cached:  94.0
	 epoch  80 training error:  tensor(0.0507, device='cuda:0', grad_fn=<DivBackward0>)
Memory status after this epoch: 
Memory allocated:  28.94482421875
Memory cached:  94.0
	 epoch  90 training error:  tensor(0.0498, device='cuda:0', grad_fn=<DivBackward0>)
Memory status after this epoch: 
Memory allocated:  28.94482421875
Memory cached:  94.0
[I 2023-12-03 00:47:02,112] Trial 23 finished with value: 0.040014348924160004 and parameters: {'W_layers': 3, 'W_layer_units_exponent_0': 8, 'W_layer_units_exponent_1': 9, 'W_layer_units_exponent_2': 4, 'D_layers': 3, 'D_layer_units_exponent_0': 6, 'D_layer_units_exponent_1': 7, 'D_layer_units_exponent_2': 10, 'log_learning_rate': -2.4285638822464466, 'log_learning_rate_D': -2.6644466679644054, 'training_batch_size': 10, 'training_p': 7}. Best is trial 15 with value: 0.03145942836999893.
Time for this trial:  38.07768797874451
Memory status after this trial: 
Memory allocated:  72.4248046875
Memory cached:  94.0
--------------------  Trial  24   --------------------
Start timing: 
Parameters: 
{'W_layers': 7, 'W_layer_units_exponent_0': 8, 'W_layer_units_exponent_1': 9, 'W_layer_units_exponent_2': 4, 'W_layer_units_exponent_3': 5, 'W_layer_units_exponent_4': 8, 'W_layer_units_exponent_5': 4, 'W_layer_units_exponent_6': 10, 'D_layers': 3, 'D_layer_units_exponent_0': 6, 'D_layer_units_exponent_1': 7, 'D_layer_units_exponent_2': 10, 'log_learning_rate': -2.425926564783631, 'log_learning_rate_D': -1.8104137476150945, 'training_batch_size': 10, 'training_p': 7}
	 epoch  0 training error:  tensor(0.1523, device='cuda:0', grad_fn=<DivBackward0>)
Memory status after this epoch: 
Memory allocated:  29.42724609375
Memory cached:  92.0
	 epoch  10 training error:  tensor(0.3054, device='cuda:0', grad_fn=<DivBackward0>)
Memory status after this epoch: 
Memory allocated:  29.42724609375
Memory cached:  92.0
	 epoch  20 training error:  tensor(0.2175, device='cuda:0', grad_fn=<DivBackward0>)
Memory status after this epoch: 
Memory allocated:  29.42724609375
Memory cached:  92.0
	 epoch  30 training error:  tensor(0.2437, device='cuda:0', grad_fn=<DivBackward0>)
Memory status after this epoch: 
Memory allocated:  29.42724609375
Memory cached:  92.0
	 epoch  40 training error:  tensor(0.1809, device='cuda:0', grad_fn=<DivBackward0>)
Memory status after this epoch: 
Memory allocated:  29.42724609375
Memory cached:  92.0
	 epoch  50 training error:  tensor(0.1126, device='cuda:0', grad_fn=<DivBackward0>)
Memory status after this epoch: 
Memory allocated:  29.42724609375
Memory cached:  92.0
	 epoch  60 training error:  tensor(0.6593, device='cuda:0', grad_fn=<DivBackward0>)
Memory status after this epoch: 
Memory allocated:  29.42724609375
Memory cached:  92.0
	 epoch  70 training error:  tensor(0.1718, device='cuda:0', grad_fn=<DivBackward0>)
Memory status after this epoch: 
Memory allocated:  29.42724609375
Memory cached:  92.0
	 epoch  80 training error:  tensor(0.3776, device='cuda:0', grad_fn=<DivBackward0>)
Memory status after this epoch: 
Memory allocated:  29.42724609375
Memory cached:  92.0
	 epoch  90 training error:  tensor(0.1171, device='cuda:0', grad_fn=<DivBackward0>)
Memory status after this epoch: 
Memory allocated:  29.42724609375
Memory cached:  92.0
[I 2023-12-03 00:47:52,081] Trial 24 finished with value: 0.18371187150478363 and parameters: {'W_layers': 7, 'W_layer_units_exponent_0': 8, 'W_layer_units_exponent_1': 9, 'W_layer_units_exponent_2': 4, 'W_layer_units_exponent_3': 5, 'W_layer_units_exponent_4': 8, 'W_layer_units_exponent_5': 4, 'W_layer_units_exponent_6': 10, 'D_layers': 3, 'D_layer_units_exponent_0': 6, 'D_layer_units_exponent_1': 7, 'D_layer_units_exponent_2': 10, 'log_learning_rate': -2.425926564783631, 'log_learning_rate_D': -1.8104137476150945, 'training_batch_size': 10, 'training_p': 7}. Best is trial 15 with value: 0.03145942836999893.
Time for this trial:  49.77690243721008
Memory status after this trial: 
Memory allocated:  103.134765625
Memory cached:  106.0
--------------------  Trial  25   --------------------
Start timing: 
Parameters: 
{'W_layers': 5, 'W_layer_units_exponent_0': 8, 'W_layer_units_exponent_1': 6, 'W_layer_units_exponent_2': 5, 'W_layer_units_exponent_3': 8, 'W_layer_units_exponent_4': 10, 'D_layers': 2, 'D_layer_units_exponent_0': 6, 'D_layer_units_exponent_1': 8, 'log_learning_rate': -3.0205736755569395, 'log_learning_rate_D': -2.5106450635332553, 'training_batch_size': 10, 'training_p': 8}
	 epoch  0 training error:  tensor(0.6102, device='cuda:0', grad_fn=<DivBackward0>)
Memory status after this epoch: 
Memory allocated:  29.27099609375
Memory cached:  92.0
	 epoch  10 training error:  tensor(0.3270, device='cuda:0', grad_fn=<DivBackward0>)
Memory status after this epoch: 
Memory allocated:  29.27099609375
Memory cached:  92.0
	 epoch  20 training error:  tensor(0.1647, device='cuda:0', grad_fn=<DivBackward0>)
Memory status after this epoch: 
Memory allocated:  29.27099609375
Memory cached:  92.0
	 epoch  30 training error:  tensor(0.2019, device='cuda:0', grad_fn=<DivBackward0>)
Memory status after this epoch: 
Memory allocated:  29.27099609375
Memory cached:  92.0
	 epoch  40 training error:  tensor(0.1174, device='cuda:0', grad_fn=<DivBackward0>)
Memory status after this epoch: 
Memory allocated:  29.27099609375
Memory cached:  92.0
	 epoch  50 training error:  tensor(0.0693, device='cuda:0', grad_fn=<DivBackward0>)
Memory status after this epoch: 
Memory allocated:  29.27099609375
Memory cached:  92.0
	 epoch  60 training error:  tensor(0.0949, device='cuda:0', grad_fn=<DivBackward0>)
Memory status after this epoch: 
Memory allocated:  29.27099609375
Memory cached:  92.0
	 epoch  70 training error:  tensor(0.2080, device='cuda:0', grad_fn=<DivBackward0>)
Memory status after this epoch: 
Memory allocated:  29.27099609375
Memory cached:  92.0
	 epoch  80 training error:  tensor(0.1087, device='cuda:0', grad_fn=<DivBackward0>)
Memory status after this epoch: 
Memory allocated:  29.27099609375
Memory cached:  92.0
	 epoch  90 training error:  tensor(0.0950, device='cuda:0', grad_fn=<DivBackward0>)
Memory status after this epoch: 
Memory allocated:  29.27099609375
Memory cached:  92.0
