[I 2024-01-12 23:13:31,821] Trial 71 finished with value: 0.17803983390331268 and parameters: {'W_layers': 2, 'W_layer_units_exponent_0': 6, 'W_layer_units_exponent_1': 4, 'D_layers': 5, 'D_layer_units_exponent_0': 6, 'D_layer_units_exponent_1': 5, 'D_layer_units_exponent_2': 7, 'D_layer_units_exponent_3': 7, 'D_layer_units_exponent_4': 10, 'D_dagger_layers': 3, 'D_dagger_layer_units_exponent_0': 10, 'D_dagger_layer_units_exponent_1': 10, 'D_dagger_layer_units_exponent_2': 7, 'log_learning_rate': -4.371246269216634, 'log_learning_rate_D': -3.3932275648277925, 'log_learning_rate_D_dagger': -3.0261669043119164, 'training_batch_size': 6, 'training_p': 6}. Best is trial 52 with value: 0.08323463052511215.
Time for this trial:  394.5216453075409
Memory status after this trial: 
Memory allocated:  697.361328125
Memory cached:  710.0
--------------------  Trial  72   --------------------
Start timing: 
Parameters: 
{'W_layers': 2, 'W_layer_units_exponent_0': 7, 'W_layer_units_exponent_1': 5, 'D_layers': 5, 'D_layer_units_exponent_0': 6, 'D_layer_units_exponent_1': 5, 'D_layer_units_exponent_2': 6, 'D_layer_units_exponent_3': 7, 'D_layer_units_exponent_4': 10, 'D_dagger_layers': 3, 'D_dagger_layer_units_exponent_0': 9, 'D_dagger_layer_units_exponent_1': 10, 'D_dagger_layer_units_exponent_2': 7, 'log_learning_rate': -4.579386594130432, 'log_learning_rate_D': -3.285034705076127, 'log_learning_rate_D_dagger': -2.85390462868581, 'training_batch_size': 6, 'training_p': 5}
	 epoch  0 training error:  tensor(1.4696, device='cuda:0', grad_fn=<DivBackward0>)
Memory status after this epoch: 
Memory allocated:  330.3203125
Memory cached:  622.0
	 epoch  10 training error:  tensor(0.5145, device='cuda:0', grad_fn=<DivBackward0>)
Memory status after this epoch: 
Memory allocated:  330.3203125
Memory cached:  626.0
	 epoch  20 training error:  tensor(0.4725, device='cuda:0', grad_fn=<DivBackward0>)
Memory status after this epoch: 
Memory allocated:  330.3203125
Memory cached:  626.0
	 epoch  30 training error:  tensor(0.4643, device='cuda:0', grad_fn=<DivBackward0>)
Memory status after this epoch: 
Memory allocated:  330.3203125
Memory cached:  630.0
	 epoch  40 training error:  tensor(0.4611, device='cuda:0', grad_fn=<DivBackward0>)
Memory status after this epoch: 
Memory allocated:  330.3203125
Memory cached:  628.0
	 epoch  50 training error:  tensor(0.4395, device='cuda:0', grad_fn=<DivBackward0>)
Memory status after this epoch: 
Memory allocated:  330.3203125
Memory cached:  628.0
	 epoch  60 training error:  tensor(0.4458, device='cuda:0', grad_fn=<DivBackward0>)
Memory status after this epoch: 
Memory allocated:  330.3203125
Memory cached:  632.0
	 epoch  70 training error:  tensor(0.4249, device='cuda:0', grad_fn=<DivBackward0>)
Memory status after this epoch: 
Memory allocated:  330.3203125
Memory cached:  634.0
	 epoch  80 training error:  tensor(0.3476, device='cuda:0', grad_fn=<DivBackward0>)
Memory status after this epoch: 
Memory allocated:  330.3203125
Memory cached:  630.0
	 epoch  90 training error:  tensor(0.2853, device='cuda:0', grad_fn=<DivBackward0>)
Memory status after this epoch: 
Memory allocated:  330.3203125
Memory cached:  630.0
[I 2024-01-12 23:20:03,886] Trial 72 finished with value: 0.19131532311439514 and parameters: {'W_layers': 2, 'W_layer_units_exponent_0': 7, 'W_layer_units_exponent_1': 5, 'D_layers': 5, 'D_layer_units_exponent_0': 6, 'D_layer_units_exponent_1': 5, 'D_layer_units_exponent_2': 6, 'D_layer_units_exponent_3': 7, 'D_layer_units_exponent_4': 10, 'D_dagger_layers': 3, 'D_dagger_layer_units_exponent_0': 9, 'D_dagger_layer_units_exponent_1': 10, 'D_dagger_layer_units_exponent_2': 7, 'log_learning_rate': -4.579386594130432, 'log_learning_rate_D': -3.285034705076127, 'log_learning_rate_D_dagger': -2.85390462868581, 'training_batch_size': 6, 'training_p': 5}. Best is trial 52 with value: 0.08323463052511215.
Time for this trial:  391.64151096343994
Memory status after this trial: 
Memory allocated:  640.140625
Memory cached:  656.0
--------------------  Trial  73   --------------------
Start timing: 
Parameters: 
{'W_layers': 2, 'W_layer_units_exponent_0': 6, 'W_layer_units_exponent_1': 5, 'D_layers': 5, 'D_layer_units_exponent_0': 5, 'D_layer_units_exponent_1': 5, 'D_layer_units_exponent_2': 6, 'D_layer_units_exponent_3': 6, 'D_layer_units_exponent_4': 10, 'D_dagger_layers': 3, 'D_dagger_layer_units_exponent_0': 9, 'D_dagger_layer_units_exponent_1': 10, 'D_dagger_layer_units_exponent_2': 7, 'log_learning_rate': -4.454285945487462, 'log_learning_rate_D': -3.113274906663785, 'log_learning_rate_D_dagger': -3.2315707450629034, 'training_batch_size': 6, 'training_p': 6}
	 epoch  0 training error:  tensor(0.9098, device='cuda:0', grad_fn=<DivBackward0>)
Memory status after this epoch: 
Memory allocated:  329.2109375
Memory cached:  612.0
	 epoch  10 training error:  tensor(0.5191, device='cuda:0', grad_fn=<DivBackward0>)
Memory status after this epoch: 
Memory allocated:  329.2109375
Memory cached:  616.0
	 epoch  20 training error:  tensor(0.4921, device='cuda:0', grad_fn=<DivBackward0>)
Memory status after this epoch: 
Memory allocated:  329.2109375
Memory cached:  618.0
	 epoch  30 training error:  tensor(0.4918, device='cuda:0', grad_fn=<DivBackward0>)
Memory status after this epoch: 
Memory allocated:  329.2109375
Memory cached:  620.0
	 epoch  40 training error:  tensor(0.4560, device='cuda:0', grad_fn=<DivBackward0>)
Memory status after this epoch: 
Memory allocated:  329.2109375
Memory cached:  620.0
	 epoch  50 training error:  tensor(0.2953, device='cuda:0', grad_fn=<DivBackward0>)
Memory status after this epoch: 
Memory allocated:  329.2109375
Memory cached:  614.0
	 epoch  60 training error:  tensor(0.2499, device='cuda:0', grad_fn=<DivBackward0>)
Memory status after this epoch: 
Memory allocated:  329.2109375
Memory cached:  618.0
	 epoch  70 training error:  tensor(0.1796, device='cuda:0', grad_fn=<DivBackward0>)
Memory status after this epoch: 
Memory allocated:  329.2109375
Memory cached:  618.0
	 epoch  80 training error:  tensor(0.1956, device='cuda:0', grad_fn=<DivBackward0>)
Memory status after this epoch: 
Memory allocated:  329.2109375
Memory cached:  620.0
	 epoch  90 training error:  tensor(0.1973, device='cuda:0', grad_fn=<DivBackward0>)
Memory status after this epoch: 
Memory allocated:  329.2109375
Memory cached:  618.0
[I 2024-01-12 23:26:34,830] Trial 73 finished with value: 0.1234537735581398 and parameters: {'W_layers': 2, 'W_layer_units_exponent_0': 6, 'W_layer_units_exponent_1': 5, 'D_layers': 5, 'D_layer_units_exponent_0': 5, 'D_layer_units_exponent_1': 5, 'D_layer_units_exponent_2': 6, 'D_layer_units_exponent_3': 6, 'D_layer_units_exponent_4': 10, 'D_dagger_layers': 3, 'D_dagger_layer_units_exponent_0': 9, 'D_dagger_layer_units_exponent_1': 10, 'D_dagger_layer_units_exponent_2': 7, 'log_learning_rate': -4.454285945487462, 'log_learning_rate_D': -3.113274906663785, 'log_learning_rate_D_dagger': -3.2315707450629034, 'training_batch_size': 6, 'training_p': 6}. Best is trial 52 with value: 0.08323463052511215.
Time for this trial:  390.5234582424164
Memory status after this trial: 
Memory allocated:  622.5986328125
Memory cached:  638.0
--------------------  Trial  74   --------------------
Start timing: 
Parameters: 
{'W_layers': 3, 'W_layer_units_exponent_0': 6, 'W_layer_units_exponent_1': 4, 'W_layer_units_exponent_2': 7, 'D_layers': 5, 'D_layer_units_exponent_0': 4, 'D_layer_units_exponent_1': 5, 'D_layer_units_exponent_2': 6, 'D_layer_units_exponent_3': 10, 'D_layer_units_exponent_4': 10, 'D_dagger_layers': 3, 'D_dagger_layer_units_exponent_0': 10, 'D_dagger_layer_units_exponent_1': 10, 'D_dagger_layer_units_exponent_2': 7, 'log_learning_rate': -4.745948742728974, 'log_learning_rate_D': -3.1623262296825665, 'log_learning_rate_D_dagger': -3.234751877998766, 'training_batch_size': 6, 'training_p': 5}
	 epoch  0 training error:  tensor(1.1495, device='cuda:0', grad_fn=<DivBackward0>)
Memory status after this epoch: 
Memory allocated:  353.1953125
Memory cached:  636.0
	 epoch  10 training error:  tensor(0.4583, device='cuda:0', grad_fn=<DivBackward0>)
Memory status after this epoch: 
Memory allocated:  353.1953125
Memory cached:  640.0
	 epoch  20 training error:  tensor(0.4552, device='cuda:0', grad_fn=<DivBackward0>)
Memory status after this epoch: 
Memory allocated:  353.1953125
Memory cached:  636.0
	 epoch  30 training error:  tensor(0.3980, device='cuda:0', grad_fn=<DivBackward0>)
Memory status after this epoch: 
Memory allocated:  353.1953125
Memory cached:  640.0
	 epoch  40 training error:  tensor(0.2505, device='cuda:0', grad_fn=<DivBackward0>)
Memory status after this epoch: 
Memory allocated:  353.1953125
Memory cached:  640.0
	 epoch  50 training error:  tensor(0.2246, device='cuda:0', grad_fn=<DivBackward0>)
Memory status after this epoch: 
Memory allocated:  353.1953125
Memory cached:  644.0
	 epoch  60 training error:  tensor(0.1867, device='cuda:0', grad_fn=<DivBackward0>)
Memory status after this epoch: 
Memory allocated:  353.1953125
Memory cached:  640.0
	 epoch  70 training error:  tensor(0.1849, device='cuda:0', grad_fn=<DivBackward0>)
Memory status after this epoch: 
Memory allocated:  353.1953125
Memory cached:  640.0
	 epoch  80 training error:  tensor(0.1619, device='cuda:0', grad_fn=<DivBackward0>)
Memory status after this epoch: 
Memory allocated:  353.1953125
Memory cached:  640.0
	 epoch  90 training error:  tensor(0.1261, device='cuda:0', grad_fn=<DivBackward0>)
Memory status after this epoch: 
Memory allocated:  353.1953125
Memory cached:  640.0
[I 2024-01-12 23:33:38,925] Trial 74 finished with value: 0.11471214145421982 and parameters: {'W_layers': 3, 'W_layer_units_exponent_0': 6, 'W_layer_units_exponent_1': 4, 'W_layer_units_exponent_2': 7, 'D_layers': 5, 'D_layer_units_exponent_0': 4, 'D_layer_units_exponent_1': 5, 'D_layer_units_exponent_2': 6, 'D_layer_units_exponent_3': 10, 'D_layer_units_exponent_4': 10, 'D_dagger_layers': 3, 'D_dagger_layer_units_exponent_0': 10, 'D_dagger_layer_units_exponent_1': 10, 'D_dagger_layer_units_exponent_2': 7, 'log_learning_rate': -4.745948742728974, 'log_learning_rate_D': -3.1623262296825665, 'log_learning_rate_D_dagger': -3.234751877998766, 'training_batch_size': 6, 'training_p': 5}. Best is trial 52 with value: 0.08323463052511215.
Time for this trial:  423.7263240814209
Memory status after this trial: 
Memory allocated:  799.59814453125
Memory cached:  802.0
--------------------  Trial  75   --------------------
Start timing: 
Parameters: 
{'W_layers': 3, 'W_layer_units_exponent_0': 5, 'W_layer_units_exponent_1': 4, 'W_layer_units_exponent_2': 7, 'D_layers': 4, 'D_layer_units_exponent_0': 4, 'D_layer_units_exponent_1': 4, 'D_layer_units_exponent_2': 7, 'D_layer_units_exponent_3': 10, 'D_dagger_layers': 3, 'D_dagger_layer_units_exponent_0': 10, 'D_dagger_layer_units_exponent_1': 9, 'D_dagger_layer_units_exponent_2': 8, 'log_learning_rate': -4.498713001084405, 'log_learning_rate_D': -3.452541572208932, 'log_learning_rate_D_dagger': -3.275062203246147, 'training_batch_size': 7, 'training_p': 6}
	 epoch  0 training error:  tensor(1.0253, device='cuda:0', grad_fn=<DivBackward0>)
Memory status after this epoch: 
Memory allocated:  330.1142578125
Memory cached:  614.0
	 epoch  10 training error:  tensor(0.5617, device='cuda:0', grad_fn=<DivBackward0>)
Memory status after this epoch: 
Memory allocated:  330.1142578125
Memory cached:  618.0
	 epoch  20 training error:  tensor(0.5028, device='cuda:0', grad_fn=<DivBackward0>)
Memory status after this epoch: 
Memory allocated:  330.1142578125
Memory cached:  628.0
	 epoch  30 training error:  tensor(0.4930, device='cuda:0', grad_fn=<DivBackward0>)
Memory status after this epoch: 
Memory allocated:  330.1142578125
Memory cached:  628.0
	 epoch  40 training error:  tensor(0.4867, device='cuda:0', grad_fn=<DivBackward0>)
Memory status after this epoch: 
Memory allocated:  330.1142578125
Memory cached:  620.0
	 epoch  50 training error:  tensor(0.5045, device='cuda:0', grad_fn=<DivBackward0>)
Memory status after this epoch: 
Memory allocated:  330.1142578125
Memory cached:  626.0
	 epoch  60 training error:  tensor(0.4802, device='cuda:0', grad_fn=<DivBackward0>)
Memory status after this epoch: 
Memory allocated:  330.1142578125
Memory cached:  616.0
	 epoch  70 training error:  tensor(0.4679, device='cuda:0', grad_fn=<DivBackward0>)
Memory status after this epoch: 
Memory allocated:  330.1142578125
Memory cached:  626.0
	 epoch  80 training error:  tensor(0.4531, device='cuda:0', grad_fn=<DivBackward0>)
Memory status after this epoch: 
Memory allocated:  330.1142578125
Memory cached:  624.0
	 epoch  90 training error:  tensor(0.3629, device='cuda:0', grad_fn=<DivBackward0>)
Memory status after this epoch: 
Memory allocated:  330.1142578125
Memory cached:  622.0
[I 2024-01-12 23:38:27,594] Trial 75 finished with value: 0.22226910293102264 and parameters: {'W_layers': 3, 'W_layer_units_exponent_0': 5, 'W_layer_units_exponent_1': 4, 'W_layer_units_exponent_2': 7, 'D_layers': 4, 'D_layer_units_exponent_0': 4, 'D_layer_units_exponent_1': 4, 'D_layer_units_exponent_2': 7, 'D_layer_units_exponent_3': 10, 'D_dagger_layers': 3, 'D_dagger_layer_units_exponent_0': 10, 'D_dagger_layer_units_exponent_1': 9, 'D_dagger_layer_units_exponent_2': 8, 'log_learning_rate': -4.498713001084405, 'log_learning_rate_D': -3.452541572208932, 'log_learning_rate_D_dagger': -3.275062203246147, 'training_batch_size': 7, 'training_p': 6}. Best is trial 52 with value: 0.08323463052511215.
Time for this trial:  288.32030606269836
Memory status after this trial: 
Memory allocated:  638.4404296875
Memory cached:  654.0
--------------------  Trial  76   --------------------
Start timing: 
Parameters: 
{'W_layers': 3, 'W_layer_units_exponent_0': 7, 'W_layer_units_exponent_1': 4, 'W_layer_units_exponent_2': 8, 'D_layers': 5, 'D_layer_units_exponent_0': 5, 'D_layer_units_exponent_1': 5, 'D_layer_units_exponent_2': 9, 'D_layer_units_exponent_3': 10, 'D_layer_units_exponent_4': 9, 'D_dagger_layers': 3, 'D_dagger_layer_units_exponent_0': 10, 'D_dagger_layer_units_exponent_1': 10, 'D_dagger_layer_units_exponent_2': 7, 'log_learning_rate': -4.083169386822217, 'log_learning_rate_D': -2.8896896046931415, 'log_learning_rate_D_dagger': -3.2029772271024988, 'training_batch_size': 6, 'training_p': 5}
	 epoch  0 training error:  tensor(1.1682, device='cuda:0', grad_fn=<DivBackward0>)
Memory status after this epoch: 
Memory allocated:  352.462890625
Memory cached:  650.0
	 epoch  10 training error:  tensor(0.5124, device='cuda:0', grad_fn=<DivBackward0>)
Memory status after this epoch: 
Memory allocated:  352.462890625
Memory cached:  664.0
	 epoch  20 training error:  tensor(0.4828, device='cuda:0', grad_fn=<DivBackward0>)
Memory status after this epoch: 
Memory allocated:  352.462890625
Memory cached:  660.0
	 epoch  30 training error:  tensor(0.4682, device='cuda:0', grad_fn=<DivBackward0>)
Memory status after this epoch: 
Memory allocated:  352.462890625
Memory cached:  662.0
	 epoch  40 training error:  tensor(0.4819, device='cuda:0', grad_fn=<DivBackward0>)
Memory status after this epoch: 
Memory allocated:  352.462890625
Memory cached:  662.0
	 epoch  50 training error:  tensor(0.2950, device='cuda:0', grad_fn=<DivBackward0>)
Memory status after this epoch: 
Memory allocated:  352.462890625
Memory cached:  652.0
	 epoch  60 training error:  tensor(0.2867, device='cuda:0', grad_fn=<DivBackward0>)
Memory status after this epoch: 
Memory allocated:  352.462890625
Memory cached:  652.0
	 epoch  70 training error:  tensor(0.2016, device='cuda:0', grad_fn=<DivBackward0>)
Memory status after this epoch: 
Memory allocated:  352.462890625
Memory cached:  654.0
	 epoch  80 training error:  tensor(0.1367, device='cuda:0', grad_fn=<DivBackward0>)
Memory status after this epoch: 
Memory allocated:  352.462890625
Memory cached:  650.0
	 epoch  90 training error:  tensor(0.1407, device='cuda:0', grad_fn=<DivBackward0>)
Memory status after this epoch: 
Memory allocated:  352.462890625
Memory cached:  654.0
[I 2024-01-12 23:45:29,044] Trial 76 finished with value: 0.1540822982788086 and parameters: {'W_layers': 3, 'W_layer_units_exponent_0': 7, 'W_layer_units_exponent_1': 4, 'W_layer_units_exponent_2': 8, 'D_layers': 5, 'D_layer_units_exponent_0': 5, 'D_layer_units_exponent_1': 5, 'D_layer_units_exponent_2': 9, 'D_layer_units_exponent_3': 10, 'D_layer_units_exponent_4': 9, 'D_dagger_layers': 3, 'D_dagger_layer_units_exponent_0': 10, 'D_dagger_layer_units_exponent_1': 10, 'D_dagger_layer_units_exponent_2': 7, 'log_learning_rate': -4.083169386822217, 'log_learning_rate_D': -2.8896896046931415, 'log_learning_rate_D_dagger': -3.2029772271024988, 'training_batch_size': 6, 'training_p': 5}. Best is trial 52 with value: 0.08323463052511215.
Time for this trial:  421.06984639167786
Memory status after this trial: 
Memory allocated:  820.4453125
Memory cached:  824.0
--------------------  Trial  77   --------------------
Start timing: 
Parameters: 
{'W_layers': 2, 'W_layer_units_exponent_0': 4, 'W_layer_units_exponent_1': 5, 'D_layers': 6, 'D_layer_units_exponent_0': 4, 'D_layer_units_exponent_1': 4, 'D_layer_units_exponent_2': 6, 'D_layer_units_exponent_3': 9, 'D_layer_units_exponent_4': 10, 'D_layer_units_exponent_5': 9, 'D_dagger_layers': 2, 'D_dagger_layer_units_exponent_0': 10, 'D_dagger_layer_units_exponent_1': 10, 'log_learning_rate': -4.687296632926456, 'log_learning_rate_D': -3.580701127283114, 'log_learning_rate_D_dagger': -3.3537684204360194, 'training_batch_size': 6, 'training_p': 6}
	 epoch  0 training error:  tensor(1.3883, device='cuda:0', grad_fn=<DivBackward0>)
Memory status after this epoch: 
Memory allocated:  350.638671875
Memory cached:  636.0
	 epoch  10 training error:  tensor(0.5474, device='cuda:0', grad_fn=<DivBackward0>)
Memory status after this epoch: 
Memory allocated:  350.638671875
Memory cached:  638.0
	 epoch  20 training error:  tensor(0.5110, device='cuda:0', grad_fn=<DivBackward0>)
Memory status after this epoch: 
Memory allocated:  350.638671875
Memory cached:  638.0
	 epoch  30 training error:  tensor(0.4997, device='cuda:0', grad_fn=<DivBackward0>)
Memory status after this epoch: 
Memory allocated:  350.638671875
Memory cached:  638.0
	 epoch  40 training error:  tensor(0.4944, device='cuda:0', grad_fn=<DivBackward0>)
Memory status after this epoch: 
Memory allocated:  350.638671875
Memory cached:  638.0
	 epoch  50 training error:  tensor(0.4826, device='cuda:0', grad_fn=<DivBackward0>)
Memory status after this epoch: 
Memory allocated:  350.638671875
Memory cached:  638.0
	 epoch  60 training error:  tensor(0.4944, device='cuda:0', grad_fn=<DivBackward0>)
Memory status after this epoch: 
Memory allocated:  350.638671875
Memory cached:  638.0
	 epoch  70 training error:  tensor(0.4895, device='cuda:0', grad_fn=<DivBackward0>)
Memory status after this epoch: 
Memory allocated:  350.638671875
Memory cached:  638.0
	 epoch  80 training error:  tensor(0.4906, device='cuda:0', grad_fn=<DivBackward0>)
Memory status after this epoch: 
Memory allocated:  350.638671875
Memory cached:  638.0
	 epoch  90 training error:  tensor(0.4801, device='cuda:0', grad_fn=<DivBackward0>)
Memory status after this epoch: 
Memory allocated:  350.638671875
Memory cached:  638.0
