[I 2023-12-07 03:19:24,561] Trial 76 finished with value: 0.26264676451683044 and parameters: {'W_layers': 6, 'W_layer_units_exponent_0': 8, 'W_layer_units_exponent_1': 7, 'W_layer_units_exponent_2': 9, 'W_layer_units_exponent_3': 9, 'W_layer_units_exponent_4': 8, 'W_layer_units_exponent_5': 4, 'D_layers': 7, 'D_layer_units_exponent_0': 9, 'D_layer_units_exponent_1': 4, 'D_layer_units_exponent_2': 9, 'D_layer_units_exponent_3': 9, 'D_layer_units_exponent_4': 10, 'D_layer_units_exponent_5': 5, 'D_layer_units_exponent_6': 8, 'D_dagger_layers': 7, 'D_dagger_layer_units_exponent_0': 10, 'D_dagger_layer_units_exponent_1': 5, 'D_dagger_layer_units_exponent_2': 10, 'D_dagger_layer_units_exponent_3': 5, 'D_dagger_layer_units_exponent_4': 5, 'D_dagger_layer_units_exponent_5': 5, 'D_dagger_layer_units_exponent_6': 6, 'log_learning_rate': -3.5282489134101795, 'log_learning_rate_D': -3.1674245474208913, 'log_learning_rate_D_dagger': -3.637026280142835, 'training_batch_size': 11, 'training_p': 5}. Best is trial 45 with value: 0.17419132590293884.
Time for this trial:  257.5014863014221
Memory status after this trial: 
Memory allocated:  809.11767578125
Memory cached:  854.0
--------------------  Trial  77   --------------------
Start timing: 
Parameters: 
{'W_layers': 7, 'W_layer_units_exponent_0': 6, 'W_layer_units_exponent_1': 6, 'W_layer_units_exponent_2': 8, 'W_layer_units_exponent_3': 7, 'W_layer_units_exponent_4': 7, 'W_layer_units_exponent_5': 4, 'W_layer_units_exponent_6': 8, 'D_layers': 6, 'D_layer_units_exponent_0': 8, 'D_layer_units_exponent_1': 6, 'D_layer_units_exponent_2': 6, 'D_layer_units_exponent_3': 8, 'D_layer_units_exponent_4': 10, 'D_layer_units_exponent_5': 7, 'D_dagger_layers': 8, 'D_dagger_layer_units_exponent_0': 4, 'D_dagger_layer_units_exponent_1': 9, 'D_dagger_layer_units_exponent_2': 9, 'D_dagger_layer_units_exponent_3': 6, 'D_dagger_layer_units_exponent_4': 9, 'D_dagger_layer_units_exponent_5': 6, 'D_dagger_layer_units_exponent_6': 8, 'D_dagger_layer_units_exponent_7': 5, 'log_learning_rate': -3.322283073051215, 'log_learning_rate_D': -3.0309852345999193, 'log_learning_rate_D_dagger': -3.2015738630502115, 'training_batch_size': 8, 'training_p': 4}
	 epoch  0 training error:  tensor(1.0022, device='cuda:0', grad_fn=<DivBackward0>)
Memory status after this epoch: 
Memory allocated:  453.01171875
Memory cached:  780.0
	 epoch  10 training error:  tensor(0.5117, device='cuda:0', grad_fn=<DivBackward0>)
Memory status after this epoch: 
Memory allocated:  453.01171875
Memory cached:  832.0
	 epoch  20 training error:  tensor(0.4463, device='cuda:0', grad_fn=<DivBackward0>)
Memory status after this epoch: 
Memory allocated:  453.01171875
Memory cached:  832.0
	 epoch  30 training error:  tensor(0.4085, device='cuda:0', grad_fn=<DivBackward0>)
Memory status after this epoch: 
Memory allocated:  453.01171875
Memory cached:  832.0
	 epoch  40 training error:  tensor(0.3853, device='cuda:0', grad_fn=<DivBackward0>)
Memory status after this epoch: 
Memory allocated:  453.01171875
Memory cached:  818.0
	 epoch  50 training error:  tensor(0.3715, device='cuda:0', grad_fn=<DivBackward0>)
Memory status after this epoch: 
Memory allocated:  453.01171875
Memory cached:  826.0
	 epoch  60 training error:  tensor(0.3561, device='cuda:0', grad_fn=<DivBackward0>)
Memory status after this epoch: 
Memory allocated:  453.01171875
Memory cached:  826.0
	 epoch  70 training error:  tensor(0.3298, device='cuda:0', grad_fn=<DivBackward0>)
Memory status after this epoch: 
Memory allocated:  453.01171875
Memory cached:  824.0
	 epoch  80 training error:  tensor(0.3478, device='cuda:0', grad_fn=<DivBackward0>)
Memory status after this epoch: 
Memory allocated:  453.01171875
Memory cached:  824.0
	 epoch  90 training error:  tensor(0.3237, device='cuda:0', grad_fn=<DivBackward0>)
Memory status after this epoch: 
Memory allocated:  453.01171875
Memory cached:  824.0
[I 2023-12-07 03:23:33,410] Trial 77 finished with value: 0.2852518558502197 and parameters: {'W_layers': 7, 'W_layer_units_exponent_0': 6, 'W_layer_units_exponent_1': 6, 'W_layer_units_exponent_2': 8, 'W_layer_units_exponent_3': 7, 'W_layer_units_exponent_4': 7, 'W_layer_units_exponent_5': 4, 'W_layer_units_exponent_6': 8, 'D_layers': 6, 'D_layer_units_exponent_0': 8, 'D_layer_units_exponent_1': 6, 'D_layer_units_exponent_2': 6, 'D_layer_units_exponent_3': 8, 'D_layer_units_exponent_4': 10, 'D_layer_units_exponent_5': 7, 'D_dagger_layers': 8, 'D_dagger_layer_units_exponent_0': 4, 'D_dagger_layer_units_exponent_1': 9, 'D_dagger_layer_units_exponent_2': 9, 'D_dagger_layer_units_exponent_3': 6, 'D_dagger_layer_units_exponent_4': 9, 'D_dagger_layer_units_exponent_5': 6, 'D_dagger_layer_units_exponent_6': 8, 'D_dagger_layer_units_exponent_7': 5, 'log_learning_rate': -3.322283073051215, 'log_learning_rate_D': -3.0309852345999193, 'log_learning_rate_D_dagger': -3.2015738630502115, 'training_batch_size': 8, 'training_p': 4}. Best is trial 45 with value: 0.17419132590293884.
Time for this trial:  248.51028847694397
Memory status after this trial: 
Memory allocated:  692.12841796875
Memory cached:  802.0
--------------------  Trial  78   --------------------
Start timing: 
Parameters: 
{'W_layers': 7, 'W_layer_units_exponent_0': 7, 'W_layer_units_exponent_1': 7, 'W_layer_units_exponent_2': 4, 'W_layer_units_exponent_3': 9, 'W_layer_units_exponent_4': 7, 'W_layer_units_exponent_5': 4, 'W_layer_units_exponent_6': 6, 'D_layers': 2, 'D_layer_units_exponent_0': 10, 'D_layer_units_exponent_1': 10, 'D_dagger_layers': 7, 'D_dagger_layer_units_exponent_0': 7, 'D_dagger_layer_units_exponent_1': 10, 'D_dagger_layer_units_exponent_2': 5, 'D_dagger_layer_units_exponent_3': 5, 'D_dagger_layer_units_exponent_4': 10, 'D_dagger_layer_units_exponent_5': 4, 'D_dagger_layer_units_exponent_6': 10, 'log_learning_rate': -2.5953245025038236, 'log_learning_rate_D': -2.939586616859948, 'log_learning_rate_D_dagger': -2.9574732023959727, 'training_batch_size': 12, 'training_p': 6}
	 epoch  0 training error:  tensor(0.9768, device='cuda:0', grad_fn=<DivBackward0>)
Memory status after this epoch: 
Memory allocated:  460.32421875
Memory cached:  780.0
	 epoch  10 training error:  tensor(0.5368, device='cuda:0', grad_fn=<DivBackward0>)
Memory status after this epoch: 
Memory allocated:  460.32421875
Memory cached:  794.0
	 epoch  20 training error:  tensor(0.4395, device='cuda:0', grad_fn=<DivBackward0>)
Memory status after this epoch: 
Memory allocated:  460.32421875
Memory cached:  798.0
	 epoch  30 training error:  tensor(0.4107, device='cuda:0', grad_fn=<DivBackward0>)
Memory status after this epoch: 
Memory allocated:  460.32421875
Memory cached:  792.0
	 epoch  40 training error:  tensor(0.4057, device='cuda:0', grad_fn=<DivBackward0>)
Memory status after this epoch: 
Memory allocated:  460.32421875
Memory cached:  792.0
	 epoch  50 training error:  tensor(0.3756, device='cuda:0', grad_fn=<DivBackward0>)
Memory status after this epoch: 
Memory allocated:  460.32421875
Memory cached:  802.0
	 epoch  60 training error:  tensor(0.4175, device='cuda:0', grad_fn=<DivBackward0>)
Memory status after this epoch: 
Memory allocated:  460.32421875
Memory cached:  788.0
	 epoch  70 training error:  tensor(0.3640, device='cuda:0', grad_fn=<DivBackward0>)
Memory status after this epoch: 
Memory allocated:  460.32421875
Memory cached:  798.0
	 epoch  80 training error:  tensor(0.3361, device='cuda:0', grad_fn=<DivBackward0>)
Memory status after this epoch: 
Memory allocated:  460.32421875
Memory cached:  794.0
	 epoch  90 training error:  tensor(0.3271, device='cuda:0', grad_fn=<DivBackward0>)
Memory status after this epoch: 
Memory allocated:  460.32421875
Memory cached:  796.0
[I 2023-12-07 03:27:17,111] Trial 78 finished with value: 0.2895095944404602 and parameters: {'W_layers': 7, 'W_layer_units_exponent_0': 7, 'W_layer_units_exponent_1': 7, 'W_layer_units_exponent_2': 4, 'W_layer_units_exponent_3': 9, 'W_layer_units_exponent_4': 7, 'W_layer_units_exponent_5': 4, 'W_layer_units_exponent_6': 6, 'D_layers': 2, 'D_layer_units_exponent_0': 10, 'D_layer_units_exponent_1': 10, 'D_dagger_layers': 7, 'D_dagger_layer_units_exponent_0': 7, 'D_dagger_layer_units_exponent_1': 10, 'D_dagger_layer_units_exponent_2': 5, 'D_dagger_layer_units_exponent_3': 5, 'D_dagger_layer_units_exponent_4': 10, 'D_dagger_layer_units_exponent_5': 4, 'D_dagger_layer_units_exponent_6': 10, 'log_learning_rate': -2.5953245025038236, 'log_learning_rate_D': -2.939586616859948, 'log_learning_rate_D_dagger': -2.9574732023959727, 'training_batch_size': 12, 'training_p': 6}. Best is trial 45 with value: 0.17419132590293884.
Time for this trial:  223.39738416671753
Memory status after this trial: 
Memory allocated:  770.96044921875
Memory cached:  806.0
--------------------  Trial  79   --------------------
Start timing: 
Parameters: 
{'W_layers': 6, 'W_layer_units_exponent_0': 6, 'W_layer_units_exponent_1': 6, 'W_layer_units_exponent_2': 5, 'W_layer_units_exponent_3': 8, 'W_layer_units_exponent_4': 8, 'W_layer_units_exponent_5': 5, 'D_layers': 5, 'D_layer_units_exponent_0': 9, 'D_layer_units_exponent_1': 5, 'D_layer_units_exponent_2': 8, 'D_layer_units_exponent_3': 9, 'D_layer_units_exponent_4': 7, 'D_dagger_layers': 2, 'D_dagger_layer_units_exponent_0': 10, 'D_dagger_layer_units_exponent_1': 5, 'log_learning_rate': -2.912875606710095, 'log_learning_rate_D': -3.5941019333165927, 'log_learning_rate_D_dagger': -3.7183399628698726, 'training_batch_size': 12, 'training_p': 5}
	 epoch  0 training error:  tensor(0.7831, device='cuda:0', grad_fn=<DivBackward0>)
Memory status after this epoch: 
Memory allocated:  444.517578125
Memory cached:  778.0
	 epoch  10 training error:  tensor(0.4498, device='cuda:0', grad_fn=<DivBackward0>)
Memory status after this epoch: 
Memory allocated:  444.517578125
Memory cached:  786.0
	 epoch  20 training error:  tensor(0.4319, device='cuda:0', grad_fn=<DivBackward0>)
Memory status after this epoch: 
Memory allocated:  444.517578125
Memory cached:  788.0
	 epoch  30 training error:  tensor(0.4151, device='cuda:0', grad_fn=<DivBackward0>)
Memory status after this epoch: 
Memory allocated:  444.517578125
Memory cached:  786.0
	 epoch  40 training error:  tensor(0.4037, device='cuda:0', grad_fn=<DivBackward0>)
Memory status after this epoch: 
Memory allocated:  444.517578125
Memory cached:  796.0
	 epoch  50 training error:  tensor(0.3917, device='cuda:0', grad_fn=<DivBackward0>)
Memory status after this epoch: 
Memory allocated:  444.517578125
Memory cached:  796.0
	 epoch  60 training error:  tensor(0.3814, device='cuda:0', grad_fn=<DivBackward0>)
Memory status after this epoch: 
Memory allocated:  444.517578125
Memory cached:  788.0
	 epoch  70 training error:  tensor(0.3722, device='cuda:0', grad_fn=<DivBackward0>)
Memory status after this epoch: 
Memory allocated:  444.517578125
Memory cached:  794.0
	 epoch  80 training error:  tensor(0.3632, device='cuda:0', grad_fn=<DivBackward0>)
Memory status after this epoch: 
Memory allocated:  444.517578125
Memory cached:  792.0
	 epoch  90 training error:  tensor(0.3529, device='cuda:0', grad_fn=<DivBackward0>)
Memory status after this epoch: 
Memory allocated:  444.517578125
Memory cached:  796.0
[I 2023-12-07 03:30:19,009] Trial 79 finished with value: 0.29855990409851074 and parameters: {'W_layers': 6, 'W_layer_units_exponent_0': 6, 'W_layer_units_exponent_1': 6, 'W_layer_units_exponent_2': 5, 'W_layer_units_exponent_3': 8, 'W_layer_units_exponent_4': 8, 'W_layer_units_exponent_5': 5, 'D_layers': 5, 'D_layer_units_exponent_0': 9, 'D_layer_units_exponent_1': 5, 'D_layer_units_exponent_2': 8, 'D_layer_units_exponent_3': 9, 'D_layer_units_exponent_4': 7, 'D_dagger_layers': 2, 'D_dagger_layer_units_exponent_0': 10, 'D_dagger_layer_units_exponent_1': 5, 'log_learning_rate': -2.912875606710095, 'log_learning_rate_D': -3.5941019333165927, 'log_learning_rate_D_dagger': -3.7183399628698726, 'training_batch_size': 12, 'training_p': 5}. Best is trial 45 with value: 0.17419132590293884.
Time for this trial:  181.62277460098267
Memory status after this trial: 
Memory allocated:  610.8232421875
Memory cached:  778.0
--------------------  Trial  80   --------------------
Start timing: 
Parameters: 
{'W_layers': 6, 'W_layer_units_exponent_0': 5, 'W_layer_units_exponent_1': 5, 'W_layer_units_exponent_2': 6, 'W_layer_units_exponent_3': 9, 'W_layer_units_exponent_4': 10, 'W_layer_units_exponent_5': 4, 'D_layers': 4, 'D_layer_units_exponent_0': 10, 'D_layer_units_exponent_1': 7, 'D_layer_units_exponent_2': 5, 'D_layer_units_exponent_3': 8, 'D_dagger_layers': 6, 'D_dagger_layer_units_exponent_0': 8, 'D_dagger_layer_units_exponent_1': 4, 'D_dagger_layer_units_exponent_2': 9, 'D_dagger_layer_units_exponent_3': 6, 'D_dagger_layer_units_exponent_4': 8, 'D_dagger_layer_units_exponent_5': 6, 'log_learning_rate': -2.731975230650435, 'log_learning_rate_D': -3.355622571745726, 'log_learning_rate_D_dagger': -3.3052237188563525, 'training_batch_size': 11, 'training_p': 5}
	 epoch  0 training error:  tensor(0.9869, device='cuda:0', grad_fn=<DivBackward0>)
Memory status after this epoch: 
Memory allocated:  451.4765625
Memory cached:  778.0
	 epoch  10 training error:  tensor(0.4778, device='cuda:0', grad_fn=<DivBackward0>)
Memory status after this epoch: 
Memory allocated:  451.4765625
Memory cached:  808.0
	 epoch  20 training error:  tensor(0.4412, device='cuda:0', grad_fn=<DivBackward0>)
Memory status after this epoch: 
Memory allocated:  451.4765625
Memory cached:  800.0
	 epoch  30 training error:  tensor(0.4147, device='cuda:0', grad_fn=<DivBackward0>)
Memory status after this epoch: 
Memory allocated:  451.4765625
Memory cached:  804.0
	 epoch  40 training error:  tensor(0.3961, device='cuda:0', grad_fn=<DivBackward0>)
Memory status after this epoch: 
Memory allocated:  451.4765625
Memory cached:  796.0
	 epoch  50 training error:  tensor(0.3765, device='cuda:0', grad_fn=<DivBackward0>)
Memory status after this epoch: 
Memory allocated:  451.4765625
Memory cached:  798.0
	 epoch  60 training error:  tensor(0.3561, device='cuda:0', grad_fn=<DivBackward0>)
Memory status after this epoch: 
Memory allocated:  451.4765625
Memory cached:  794.0
	 epoch  70 training error:  tensor(0.3306, device='cuda:0', grad_fn=<DivBackward0>)
Memory status after this epoch: 
Memory allocated:  451.4765625
Memory cached:  800.0
	 epoch  80 training error:  tensor(0.3085, device='cuda:0', grad_fn=<DivBackward0>)
Memory status after this epoch: 
Memory allocated:  451.4765625
Memory cached:  800.0
	 epoch  90 training error:  tensor(0.2865, device='cuda:0', grad_fn=<DivBackward0>)
Memory status after this epoch: 
Memory allocated:  451.4765625
Memory cached:  800.0
[I 2023-12-07 03:33:49,663] Trial 80 finished with value: 0.25016099214553833 and parameters: {'W_layers': 6, 'W_layer_units_exponent_0': 5, 'W_layer_units_exponent_1': 5, 'W_layer_units_exponent_2': 6, 'W_layer_units_exponent_3': 9, 'W_layer_units_exponent_4': 10, 'W_layer_units_exponent_5': 4, 'D_layers': 4, 'D_layer_units_exponent_0': 10, 'D_layer_units_exponent_1': 7, 'D_layer_units_exponent_2': 5, 'D_layer_units_exponent_3': 8, 'D_dagger_layers': 6, 'D_dagger_layer_units_exponent_0': 8, 'D_dagger_layer_units_exponent_1': 4, 'D_dagger_layer_units_exponent_2': 9, 'D_dagger_layer_units_exponent_3': 6, 'D_dagger_layer_units_exponent_4': 8, 'D_dagger_layer_units_exponent_5': 6, 'log_learning_rate': -2.731975230650435, 'log_learning_rate_D': -3.355622571745726, 'log_learning_rate_D_dagger': -3.3052237188563525, 'training_batch_size': 11, 'training_p': 5}. Best is trial 45 with value: 0.17419132590293884.
Time for this trial:  210.3372881412506
Memory status after this trial: 
Memory allocated:  671.63671875
Memory cached:  796.0
--------------------  Trial  81   --------------------
Start timing: 
Parameters: 
{'W_layers': 6, 'W_layer_units_exponent_0': 5, 'W_layer_units_exponent_1': 5, 'W_layer_units_exponent_2': 6, 'W_layer_units_exponent_3': 9, 'W_layer_units_exponent_4': 10, 'W_layer_units_exponent_5': 10, 'D_layers': 4, 'D_layer_units_exponent_0': 10, 'D_layer_units_exponent_1': 7, 'D_layer_units_exponent_2': 5, 'D_layer_units_exponent_3': 8, 'D_dagger_layers': 6, 'D_dagger_layer_units_exponent_0': 8, 'D_dagger_layer_units_exponent_1': 4, 'D_dagger_layer_units_exponent_2': 9, 'D_dagger_layer_units_exponent_3': 6, 'D_dagger_layer_units_exponent_4': 8, 'D_dagger_layer_units_exponent_5': 6, 'log_learning_rate': -2.781001502260378, 'log_learning_rate_D': -3.3701782356061187, 'log_learning_rate_D_dagger': -3.2978687089219147, 'training_batch_size': 11, 'training_p': 5}
	 epoch  0 training error:  tensor(1.0024, device='cuda:0', grad_fn=<DivBackward0>)
Memory status after this epoch: 
Memory allocated:  467.25390625
Memory cached:  778.0
	 epoch  10 training error:  tensor(0.5738, device='cuda:0', grad_fn=<DivBackward0>)
Memory status after this epoch: 
Memory allocated:  467.25390625
Memory cached:  808.0
	 epoch  20 training error:  tensor(0.4336, device='cuda:0', grad_fn=<DivBackward0>)
Memory status after this epoch: 
Memory allocated:  467.25390625
Memory cached:  810.0
	 epoch  30 training error:  tensor(0.4245, device='cuda:0', grad_fn=<DivBackward0>)
Memory status after this epoch: 
Memory allocated:  467.25390625
Memory cached:  804.0
	 epoch  40 training error:  tensor(0.4127, device='cuda:0', grad_fn=<DivBackward0>)
Memory status after this epoch: 
Memory allocated:  467.25390625
Memory cached:  814.0
	 epoch  50 training error:  tensor(0.4027, device='cuda:0', grad_fn=<DivBackward0>)
Memory status after this epoch: 
Memory allocated:  467.25390625
Memory cached:  808.0
	 epoch  60 training error:  tensor(0.3926, device='cuda:0', grad_fn=<DivBackward0>)
Memory status after this epoch: 
Memory allocated:  467.25390625
Memory cached:  812.0
	 epoch  70 training error:  tensor(0.3762, device='cuda:0', grad_fn=<DivBackward0>)
Memory status after this epoch: 
Memory allocated:  467.25390625
Memory cached:  816.0
	 epoch  80 training error:  tensor(0.3557, device='cuda:0', grad_fn=<DivBackward0>)
Memory status after this epoch: 
Memory allocated:  467.25390625
Memory cached:  808.0
	 epoch  90 training error:  tensor(0.3420, device='cuda:0', grad_fn=<DivBackward0>)
Memory status after this epoch: 
Memory allocated:  467.25390625
Memory cached:  812.0
[I 2023-12-07 03:37:26,101] Trial 81 finished with value: 0.3169987201690674 and parameters: {'W_layers': 6, 'W_layer_units_exponent_0': 5, 'W_layer_units_exponent_1': 5, 'W_layer_units_exponent_2': 6, 'W_layer_units_exponent_3': 9, 'W_layer_units_exponent_4': 10, 'W_layer_units_exponent_5': 10, 'D_layers': 4, 'D_layer_units_exponent_0': 10, 'D_layer_units_exponent_1': 7, 'D_layer_units_exponent_2': 5, 'D_layer_units_exponent_3': 8, 'D_dagger_layers': 6, 'D_dagger_layer_units_exponent_0': 8, 'D_dagger_layer_units_exponent_1': 4, 'D_dagger_layer_units_exponent_2': 9, 'D_dagger_layer_units_exponent_3': 6, 'D_dagger_layer_units_exponent_4': 8, 'D_dagger_layer_units_exponent_5': 6, 'log_learning_rate': -2.781001502260378, 'log_learning_rate_D': -3.3701782356061187, 'log_learning_rate_D_dagger': -3.2978687089219147, 'training_batch_size': 11, 'training_p': 5}. Best is trial 45 with value: 0.17419132590293884.
Time for this trial:  216.13832211494446
Memory status after this trial: 
Memory allocated:  725.521484375
Memory cached:  794.0
--------------------  Trial  82   --------------------
Start timing: 
Parameters: 
{'W_layers': 5, 'W_layer_units_exponent_0': 4, 'W_layer_units_exponent_1': 5, 'W_layer_units_exponent_2': 6, 'W_layer_units_exponent_3': 9, 'W_layer_units_exponent_4': 10, 'D_layers': 4, 'D_layer_units_exponent_0': 10, 'D_layer_units_exponent_1': 7, 'D_layer_units_exponent_2': 5, 'D_layer_units_exponent_3': 8, 'D_dagger_layers': 7, 'D_dagger_layer_units_exponent_0': 8, 'D_dagger_layer_units_exponent_1': 4, 'D_dagger_layer_units_exponent_2': 9, 'D_dagger_layer_units_exponent_3': 6, 'D_dagger_layer_units_exponent_4': 7, 'D_dagger_layer_units_exponent_5': 5, 'D_dagger_layer_units_exponent_6': 7, 'log_learning_rate': -3.140369777141477, 'log_learning_rate_D': -3.2605952985005335, 'log_learning_rate_D_dagger': -3.428161578465862, 'training_batch_size': 11, 'training_p': 5}
	 epoch  0 training error:  tensor(0.9326, device='cuda:0', grad_fn=<DivBackward0>)
Memory status after this epoch: 
Memory allocated:  450.98046875
Memory cached:  788.0
	 epoch  10 training error:  tensor(0.5570, device='cuda:0', grad_fn=<DivBackward0>)
Memory status after this epoch: 
Memory allocated:  450.98046875
Memory cached:  820.0
	 epoch  20 training error:  tensor(0.4358, device='cuda:0', grad_fn=<DivBackward0>)
Memory status after this epoch: 
Memory allocated:  450.98046875
Memory cached:  816.0
	 epoch  30 training error:  tensor(0.4067, device='cuda:0', grad_fn=<DivBackward0>)
Memory status after this epoch: 
Memory allocated:  450.98046875
Memory cached:  816.0
	 epoch  40 training error:  tensor(0.3891, device='cuda:0', grad_fn=<DivBackward0>)
Memory status after this epoch: 
Memory allocated:  450.98046875
Memory cached:  820.0
	 epoch  50 training error:  tensor(0.3688, device='cuda:0', grad_fn=<DivBackward0>)
Memory status after this epoch: 
Memory allocated:  450.98046875
Memory cached:  818.0
	 epoch  60 training error:  tensor(0.3477, device='cuda:0', grad_fn=<DivBackward0>)
Memory status after this epoch: 
Memory allocated:  450.98046875
Memory cached:  816.0
	 epoch  70 training error:  tensor(0.3436, device='cuda:0', grad_fn=<DivBackward0>)
Memory status after this epoch: 
Memory allocated:  450.98046875
Memory cached:  820.0
	 epoch  80 training error:  tensor(0.3138, device='cuda:0', grad_fn=<DivBackward0>)
Memory status after this epoch: 
Memory allocated:  450.98046875
Memory cached:  816.0
	 epoch  90 training error:  tensor(0.2891, device='cuda:0', grad_fn=<DivBackward0>)
Memory status after this epoch: 
Memory allocated:  450.98046875
Memory cached:  814.0
