[I 2023-12-03 00:52:44,257] Trial 26 finished with value: 0.08102065324783325 and parameters: {'W_layers': 6, 'W_layer_units_exponent_0': 9, 'W_layer_units_exponent_1': 6, 'W_layer_units_exponent_2': 7, 'W_layer_units_exponent_3': 9, 'W_layer_units_exponent_4': 9, 'W_layer_units_exponent_5': 6, 'D_layers': 5, 'D_layer_units_exponent_0': 8, 'D_layer_units_exponent_1': 8, 'D_layer_units_exponent_2': 8, 'D_layer_units_exponent_3': 5, 'D_layer_units_exponent_4': 7, 'D_dagger_layers': 2, 'D_dagger_layer_units_exponent_0': 8, 'D_dagger_layer_units_exponent_1': 9, 'log_learning_rate': -4.026316707976842, 'log_learning_rate_D': -2.42551806966587, 'log_learning_rate_D_dagger': -4.02620301497208, 'training_batch_size': 12, 'training_p': 2}. Best is trial 15 with value: 0.027088839560747147.
Time for this trial:  179.75803780555725
Memory status after this trial: 
Memory allocated:  482.345703125
Memory cached:  568.0
--------------------  Trial  27   --------------------
Start timing: 
Parameters: 
{'W_layers': 7, 'W_layer_units_exponent_0': 10, 'W_layer_units_exponent_1': 9, 'W_layer_units_exponent_2': 9, 'W_layer_units_exponent_3': 7, 'W_layer_units_exponent_4': 7, 'W_layer_units_exponent_5': 8, 'W_layer_units_exponent_6': 7, 'D_layers': 3, 'D_layer_units_exponent_0': 7, 'D_layer_units_exponent_1': 9, 'D_layer_units_exponent_2': 7, 'D_dagger_layers': 5, 'D_dagger_layer_units_exponent_0': 9, 'D_dagger_layer_units_exponent_1': 10, 'D_dagger_layer_units_exponent_2': 7, 'D_dagger_layer_units_exponent_3': 8, 'D_dagger_layer_units_exponent_4': 7, 'log_learning_rate': -3.8929257871676493, 'log_learning_rate_D': -2.2693585229300473, 'log_learning_rate_D_dagger': -4.621664167592785, 'training_batch_size': 9, 'training_p': 3}
	 epoch  0 training error:  tensor(0.9956, device='cuda:0', grad_fn=<DivBackward0>)
Memory status after this epoch: 
Memory allocated:  323.8037109375
Memory cached:  584.0
	 epoch  10 training error:  tensor(0.1952, device='cuda:0', grad_fn=<DivBackward0>)
Memory status after this epoch: 
Memory allocated:  323.8037109375
Memory cached:  584.0
	 epoch  20 training error:  tensor(0.1781, device='cuda:0', grad_fn=<DivBackward0>)
Memory status after this epoch: 
Memory allocated:  323.8037109375
Memory cached:  584.0
	 epoch  30 training error:  tensor(0.1351, device='cuda:0', grad_fn=<DivBackward0>)
Memory status after this epoch: 
Memory allocated:  323.8037109375
Memory cached:  584.0
	 epoch  40 training error:  tensor(0.1368, device='cuda:0', grad_fn=<DivBackward0>)
Memory status after this epoch: 
Memory allocated:  323.8037109375
Memory cached:  584.0
	 epoch  50 training error:  tensor(0.1301, device='cuda:0', grad_fn=<DivBackward0>)
Memory status after this epoch: 
Memory allocated:  323.8037109375
Memory cached:  584.0
	 epoch  60 training error:  tensor(0.1267, device='cuda:0', grad_fn=<DivBackward0>)
Memory status after this epoch: 
Memory allocated:  323.8037109375
Memory cached:  584.0
	 epoch  70 training error:  tensor(0.1216, device='cuda:0', grad_fn=<DivBackward0>)
Memory status after this epoch: 
Memory allocated:  323.8037109375
Memory cached:  584.0
	 epoch  80 training error:  tensor(0.1178, device='cuda:0', grad_fn=<DivBackward0>)
Memory status after this epoch: 
Memory allocated:  323.8037109375
Memory cached:  584.0
	 epoch  90 training error:  tensor(0.1145, device='cuda:0', grad_fn=<DivBackward0>)
Memory status after this epoch: 
Memory allocated:  323.8037109375
Memory cached:  584.0
[I 2023-12-03 00:56:15,536] Trial 27 finished with value: 0.0946970209479332 and parameters: {'W_layers': 7, 'W_layer_units_exponent_0': 10, 'W_layer_units_exponent_1': 9, 'W_layer_units_exponent_2': 9, 'W_layer_units_exponent_3': 7, 'W_layer_units_exponent_4': 7, 'W_layer_units_exponent_5': 8, 'W_layer_units_exponent_6': 7, 'D_layers': 3, 'D_layer_units_exponent_0': 7, 'D_layer_units_exponent_1': 9, 'D_layer_units_exponent_2': 7, 'D_dagger_layers': 5, 'D_dagger_layer_units_exponent_0': 9, 'D_dagger_layer_units_exponent_1': 10, 'D_dagger_layer_units_exponent_2': 7, 'D_dagger_layer_units_exponent_3': 8, 'D_dagger_layer_units_exponent_4': 7, 'log_learning_rate': -3.8929257871676493, 'log_learning_rate_D': -2.2693585229300473, 'log_learning_rate_D_dagger': -4.621664167592785, 'training_batch_size': 9, 'training_p': 3}. Best is trial 15 with value: 0.027088839560747147.
Time for this trial:  210.98500776290894
Memory status after this trial: 
Memory allocated:  601.02490234375
Memory cached:  620.0
--------------------  Trial  28   --------------------
Start timing: 
Parameters: 
{'W_layers': 3, 'W_layer_units_exponent_0': 8, 'W_layer_units_exponent_1': 6, 'W_layer_units_exponent_2': 5, 'D_layers': 6, 'D_layer_units_exponent_0': 6, 'D_layer_units_exponent_1': 7, 'D_layer_units_exponent_2': 5, 'D_layer_units_exponent_3': 4, 'D_layer_units_exponent_4': 5, 'D_layer_units_exponent_5': 8, 'D_dagger_layers': 3, 'D_dagger_layer_units_exponent_0': 7, 'D_dagger_layer_units_exponent_1': 9, 'D_dagger_layer_units_exponent_2': 9, 'log_learning_rate': -4.286104131303244, 'log_learning_rate_D': -1.5826693019733797, 'log_learning_rate_D_dagger': -3.5052587582100747, 'training_batch_size': 11, 'training_p': 5}
	 epoch  0 training error:  tensor(0.9991, device='cuda:0', grad_fn=<DivBackward0>)
Memory status after this epoch: 
Memory allocated:  302.1025390625
Memory cached:  572.0
	 epoch  10 training error:  tensor(0.2207, device='cuda:0', grad_fn=<DivBackward0>)
Memory status after this epoch: 
Memory allocated:  302.1025390625
Memory cached:  582.0
	 epoch  20 training error:  tensor(0.1334, device='cuda:0', grad_fn=<DivBackward0>)
Memory status after this epoch: 
Memory allocated:  302.1025390625
Memory cached:  590.0
	 epoch  30 training error:  tensor(0.1134, device='cuda:0', grad_fn=<DivBackward0>)
Memory status after this epoch: 
Memory allocated:  302.1025390625
Memory cached:  582.0
	 epoch  40 training error:  tensor(0.0735, device='cuda:0', grad_fn=<DivBackward0>)
Memory status after this epoch: 
Memory allocated:  302.1025390625
Memory cached:  586.0
	 epoch  50 training error:  tensor(0.0508, device='cuda:0', grad_fn=<DivBackward0>)
Memory status after this epoch: 
Memory allocated:  302.1025390625
Memory cached:  584.0
	 epoch  60 training error:  tensor(0.0379, device='cuda:0', grad_fn=<DivBackward0>)
Memory status after this epoch: 
Memory allocated:  302.1025390625
Memory cached:  586.0
	 epoch  70 training error:  tensor(0.0376, device='cuda:0', grad_fn=<DivBackward0>)
Memory status after this epoch: 
Memory allocated:  302.1025390625
Memory cached:  582.0
	 epoch  80 training error:  tensor(0.0460, device='cuda:0', grad_fn=<DivBackward0>)
Memory status after this epoch: 
Memory allocated:  302.1025390625
Memory cached:  590.0
	 epoch  90 training error:  tensor(0.0244, device='cuda:0', grad_fn=<DivBackward0>)
Memory status after this epoch: 
Memory allocated:  302.1025390625
Memory cached:  588.0
[I 2023-12-03 00:58:54,847] Trial 28 finished with value: 0.010422646068036556 and parameters: {'W_layers': 3, 'W_layer_units_exponent_0': 8, 'W_layer_units_exponent_1': 6, 'W_layer_units_exponent_2': 5, 'D_layers': 6, 'D_layer_units_exponent_0': 6, 'D_layer_units_exponent_1': 7, 'D_layer_units_exponent_2': 5, 'D_layer_units_exponent_3': 4, 'D_layer_units_exponent_4': 5, 'D_layer_units_exponent_5': 8, 'D_dagger_layers': 3, 'D_dagger_layer_units_exponent_0': 7, 'D_dagger_layer_units_exponent_1': 9, 'D_dagger_layer_units_exponent_2': 9, 'log_learning_rate': -4.286104131303244, 'log_learning_rate_D': -1.5826693019733797, 'log_learning_rate_D_dagger': -3.5052587582100747, 'training_batch_size': 11, 'training_p': 5}. Best is trial 28 with value: 0.010422646068036556.
res:  tensor(0.0104, device='cuda:0', grad_fn=<DivBackward0>)
self.bestValue:  tensor(0.0271, device='cuda:0', grad_fn=<DivBackward0>)
Save this model!
Time for this trial:  159.05501890182495
Memory status after this trial: 
Memory allocated:  105.5654296875
Memory cached:  482.0
--------------------  Trial  29   --------------------
Start timing: 
Parameters: 
{'W_layers': 3, 'W_layer_units_exponent_0': 6, 'W_layer_units_exponent_1': 6, 'W_layer_units_exponent_2': 5, 'D_layers': 6, 'D_layer_units_exponent_0': 6, 'D_layer_units_exponent_1': 5, 'D_layer_units_exponent_2': 5, 'D_layer_units_exponent_3': 4, 'D_layer_units_exponent_4': 6, 'D_layer_units_exponent_5': 8, 'D_dagger_layers': 6, 'D_dagger_layer_units_exponent_0': 7, 'D_dagger_layer_units_exponent_1': 9, 'D_dagger_layer_units_exponent_2': 10, 'D_dagger_layer_units_exponent_3': 8, 'D_dagger_layer_units_exponent_4': 4, 'D_dagger_layer_units_exponent_5': 4, 'log_learning_rate': -3.1189130161061276, 'log_learning_rate_D': -1.6184768377878527, 'log_learning_rate_D_dagger': -3.4250809076872715, 'training_batch_size': 11, 'training_p': 5}
	 epoch  0 training error:  tensor(0.9538, device='cuda:0', grad_fn=<DivBackward0>)
Memory status after this epoch: 
Memory allocated:  119.146484375
Memory cached:  480.0
	 epoch  10 training error:  tensor(0.1898, device='cuda:0', grad_fn=<DivBackward0>)
Memory status after this epoch: 
Memory allocated:  119.146484375
Memory cached:  480.0
	 epoch  20 training error:  tensor(0.1468, device='cuda:0', grad_fn=<DivBackward0>)
Memory status after this epoch: 
Memory allocated:  119.146484375
Memory cached:  484.0
	 epoch  30 training error:  tensor(0.1328, device='cuda:0', grad_fn=<DivBackward0>)
Memory status after this epoch: 
Memory allocated:  119.146484375
Memory cached:  484.0
	 epoch  40 training error:  tensor(0.1064, device='cuda:0', grad_fn=<DivBackward0>)
Memory status after this epoch: 
Memory allocated:  119.146484375
Memory cached:  480.0
	 epoch  50 training error:  tensor(0.0973, device='cuda:0', grad_fn=<DivBackward0>)
Memory status after this epoch: 
Memory allocated:  119.146484375
Memory cached:  480.0
	 epoch  60 training error:  tensor(0.0862, device='cuda:0', grad_fn=<DivBackward0>)
Memory status after this epoch: 
Memory allocated:  119.146484375
Memory cached:  480.0
	 epoch  70 training error:  tensor(0.0797, device='cuda:0', grad_fn=<DivBackward0>)
Memory status after this epoch: 
Memory allocated:  119.146484375
Memory cached:  480.0
	 epoch  80 training error:  tensor(0.0414, device='cuda:0', grad_fn=<DivBackward0>)
Memory status after this epoch: 
Memory allocated:  119.146484375
Memory cached:  482.0
	 epoch  90 training error:  tensor(0.0343, device='cuda:0', grad_fn=<DivBackward0>)
Memory status after this epoch: 
Memory allocated:  119.146484375
Memory cached:  480.0
[I 2023-12-03 01:01:56,192] Trial 29 finished with value: 0.03649520501494408 and parameters: {'W_layers': 3, 'W_layer_units_exponent_0': 6, 'W_layer_units_exponent_1': 6, 'W_layer_units_exponent_2': 5, 'D_layers': 6, 'D_layer_units_exponent_0': 6, 'D_layer_units_exponent_1': 5, 'D_layer_units_exponent_2': 5, 'D_layer_units_exponent_3': 4, 'D_layer_units_exponent_4': 6, 'D_layer_units_exponent_5': 8, 'D_dagger_layers': 6, 'D_dagger_layer_units_exponent_0': 7, 'D_dagger_layer_units_exponent_1': 9, 'D_dagger_layer_units_exponent_2': 10, 'D_dagger_layer_units_exponent_3': 8, 'D_dagger_layer_units_exponent_4': 4, 'D_dagger_layer_units_exponent_5': 4, 'log_learning_rate': -3.1189130161061276, 'log_learning_rate_D': -1.6184768377878527, 'log_learning_rate_D_dagger': -3.4250809076872715, 'training_batch_size': 11, 'training_p': 5}. Best is trial 28 with value: 0.010422646068036556.
Time for this trial:  181.1125931739807
Memory status after this trial: 
Memory allocated:  248.1767578125
Memory cached:  478.0
--------------------  Trial  30   --------------------
Start timing: 
Parameters: 
{'W_layers': 3, 'W_layer_units_exponent_0': 6, 'W_layer_units_exponent_1': 5, 'W_layer_units_exponent_2': 5, 'D_layers': 6, 'D_layer_units_exponent_0': 5, 'D_layer_units_exponent_1': 5, 'D_layer_units_exponent_2': 5, 'D_layer_units_exponent_3': 4, 'D_layer_units_exponent_4': 6, 'D_layer_units_exponent_5': 8, 'D_dagger_layers': 7, 'D_dagger_layer_units_exponent_0': 7, 'D_dagger_layer_units_exponent_1': 8, 'D_dagger_layer_units_exponent_2': 10, 'D_dagger_layer_units_exponent_3': 8, 'D_dagger_layer_units_exponent_4': 4, 'D_dagger_layer_units_exponent_5': 4, 'D_dagger_layer_units_exponent_6': 10, 'log_learning_rate': -3.010447953285776, 'log_learning_rate_D': -1.52276813927255, 'log_learning_rate_D_dagger': -3.2346504611791382, 'training_batch_size': 12, 'training_p': 5}
	 epoch  0 training error:  tensor(0.9556, device='cuda:0', grad_fn=<DivBackward0>)
Memory status after this epoch: 
Memory allocated:  114.859375
Memory cached:  460.0
	 epoch  10 training error:  tensor(0.3286, device='cuda:0', grad_fn=<DivBackward0>)
Memory status after this epoch: 
Memory allocated:  114.859375
Memory cached:  472.0
	 epoch  20 training error:  tensor(0.2100, device='cuda:0', grad_fn=<DivBackward0>)
Memory status after this epoch: 
Memory allocated:  114.859375
Memory cached:  468.0
	 epoch  30 training error:  tensor(0.1566, device='cuda:0', grad_fn=<DivBackward0>)
Memory status after this epoch: 
Memory allocated:  114.859375
Memory cached:  470.0
	 epoch  40 training error:  tensor(0.1424, device='cuda:0', grad_fn=<DivBackward0>)
Memory status after this epoch: 
Memory allocated:  114.859375
Memory cached:  468.0
	 epoch  50 training error:  tensor(0.1384, device='cuda:0', grad_fn=<DivBackward0>)
Memory status after this epoch: 
Memory allocated:  114.859375
Memory cached:  468.0
	 epoch  60 training error:  tensor(0.1347, device='cuda:0', grad_fn=<DivBackward0>)
Memory status after this epoch: 
Memory allocated:  114.859375
Memory cached:  472.0
	 epoch  70 training error:  tensor(0.1345, device='cuda:0', grad_fn=<DivBackward0>)
Memory status after this epoch: 
Memory allocated:  114.859375
Memory cached:  470.0
	 epoch  80 training error:  tensor(0.1340, device='cuda:0', grad_fn=<DivBackward0>)
Memory status after this epoch: 
Memory allocated:  114.859375
Memory cached:  476.0
	 epoch  90 training error:  tensor(0.1336, device='cuda:0', grad_fn=<DivBackward0>)
Memory status after this epoch: 
Memory allocated:  114.859375
Memory cached:  472.0
[I 2023-12-03 01:05:09,516] Trial 30 finished with value: 0.10963282734155655 and parameters: {'W_layers': 3, 'W_layer_units_exponent_0': 6, 'W_layer_units_exponent_1': 5, 'W_layer_units_exponent_2': 5, 'D_layers': 6, 'D_layer_units_exponent_0': 5, 'D_layer_units_exponent_1': 5, 'D_layer_units_exponent_2': 5, 'D_layer_units_exponent_3': 4, 'D_layer_units_exponent_4': 6, 'D_layer_units_exponent_5': 8, 'D_dagger_layers': 7, 'D_dagger_layer_units_exponent_0': 7, 'D_dagger_layer_units_exponent_1': 8, 'D_dagger_layer_units_exponent_2': 10, 'D_dagger_layer_units_exponent_3': 8, 'D_dagger_layer_units_exponent_4': 4, 'D_dagger_layer_units_exponent_5': 4, 'D_dagger_layer_units_exponent_6': 10, 'log_learning_rate': -3.010447953285776, 'log_learning_rate_D': -1.52276813927255, 'log_learning_rate_D_dagger': -3.2346504611791382, 'training_batch_size': 12, 'training_p': 5}. Best is trial 28 with value: 0.010422646068036556.
Time for this trial:  193.03696131706238
Memory status after this trial: 
Memory allocated:  275.98193359375
Memory cached:  466.0
--------------------  Trial  31   --------------------
Start timing: 
Parameters: 
{'W_layers': 3, 'W_layer_units_exponent_0': 6, 'W_layer_units_exponent_1': 6, 'W_layer_units_exponent_2': 5, 'D_layers': 6, 'D_layer_units_exponent_0': 6, 'D_layer_units_exponent_1': 5, 'D_layer_units_exponent_2': 5, 'D_layer_units_exponent_3': 4, 'D_layer_units_exponent_4': 5, 'D_layer_units_exponent_5': 7, 'D_dagger_layers': 6, 'D_dagger_layer_units_exponent_0': 7, 'D_dagger_layer_units_exponent_1': 9, 'D_dagger_layer_units_exponent_2': 9, 'D_dagger_layer_units_exponent_3': 8, 'D_dagger_layer_units_exponent_4': 4, 'D_dagger_layer_units_exponent_5': 6, 'log_learning_rate': -4.65763699475306, 'log_learning_rate_D': -1.7884469257646114, 'log_learning_rate_D_dagger': -3.5665880054144585, 'training_batch_size': 11, 'training_p': 5}
	 epoch  0 training error:  tensor(1.0068, device='cuda:0', grad_fn=<DivBackward0>)
Memory status after this epoch: 
Memory allocated:  112.951171875
Memory cached:  460.0
	 epoch  10 training error:  tensor(0.5859, device='cuda:0', grad_fn=<DivBackward0>)
Memory status after this epoch: 
Memory allocated:  112.951171875
Memory cached:  460.0
	 epoch  20 training error:  tensor(0.1448, device='cuda:0', grad_fn=<DivBackward0>)
Memory status after this epoch: 
Memory allocated:  112.951171875
Memory cached:  460.0
	 epoch  30 training error:  tensor(0.1564, device='cuda:0', grad_fn=<DivBackward0>)
Memory status after this epoch: 
Memory allocated:  112.951171875
Memory cached:  460.0
	 epoch  40 training error:  tensor(0.1429, device='cuda:0', grad_fn=<DivBackward0>)
Memory status after this epoch: 
Memory allocated:  112.951171875
Memory cached:  460.0
	 epoch  50 training error:  tensor(0.1391, device='cuda:0', grad_fn=<DivBackward0>)
Memory status after this epoch: 
Memory allocated:  112.951171875
Memory cached:  460.0
	 epoch  60 training error:  tensor(0.1364, device='cuda:0', grad_fn=<DivBackward0>)
Memory status after this epoch: 
Memory allocated:  112.951171875
Memory cached:  460.0
	 epoch  70 training error:  tensor(0.1365, device='cuda:0', grad_fn=<DivBackward0>)
Memory status after this epoch: 
Memory allocated:  112.951171875
Memory cached:  460.0
	 epoch  80 training error:  tensor(0.1356, device='cuda:0', grad_fn=<DivBackward0>)
Memory status after this epoch: 
Memory allocated:  112.951171875
Memory cached:  460.0
	 epoch  90 training error:  tensor(0.1356, device='cuda:0', grad_fn=<DivBackward0>)
Memory status after this epoch: 
Memory allocated:  112.951171875
Memory cached:  460.0
[I 2023-12-03 01:08:07,735] Trial 31 finished with value: 0.11189968883991241 and parameters: {'W_layers': 3, 'W_layer_units_exponent_0': 6, 'W_layer_units_exponent_1': 6, 'W_layer_units_exponent_2': 5, 'D_layers': 6, 'D_layer_units_exponent_0': 6, 'D_layer_units_exponent_1': 5, 'D_layer_units_exponent_2': 5, 'D_layer_units_exponent_3': 4, 'D_layer_units_exponent_4': 5, 'D_layer_units_exponent_5': 7, 'D_dagger_layers': 6, 'D_dagger_layer_units_exponent_0': 7, 'D_dagger_layer_units_exponent_1': 9, 'D_dagger_layer_units_exponent_2': 9, 'D_dagger_layer_units_exponent_3': 8, 'D_dagger_layer_units_exponent_4': 4, 'D_dagger_layer_units_exponent_5': 6, 'log_learning_rate': -4.65763699475306, 'log_learning_rate_D': -1.7884469257646114, 'log_learning_rate_D_dagger': -3.5665880054144585, 'training_batch_size': 11, 'training_p': 5}. Best is trial 28 with value: 0.010422646068036556.
Time for this trial:  177.9274914264679
Memory status after this trial: 
Memory allocated:  212.29345703125
Memory cached:  458.0
--------------------  Trial  32   --------------------
Start timing: 
Parameters: 
{'W_layers': 2, 'W_layer_units_exponent_0': 7, 'W_layer_units_exponent_1': 6, 'D_layers': 5, 'D_layer_units_exponent_0': 6, 'D_layer_units_exponent_1': 8, 'D_layer_units_exponent_2': 5, 'D_layer_units_exponent_3': 4, 'D_layer_units_exponent_4': 7, 'D_dagger_layers': 6, 'D_dagger_layer_units_exponent_0': 7, 'D_dagger_layer_units_exponent_1': 9, 'D_dagger_layer_units_exponent_2': 10, 'D_dagger_layer_units_exponent_3': 6, 'D_dagger_layer_units_exponent_4': 8, 'D_dagger_layer_units_exponent_5': 6, 'log_learning_rate': -3.762438709645245, 'log_learning_rate_D': -1.4519526961642222, 'log_learning_rate_D_dagger': -3.3021591577226235, 'training_batch_size': 11, 'training_p': 6}
	 epoch  0 training error:  tensor(0.9783, device='cuda:0', grad_fn=<DivBackward0>)
Memory status after this epoch: 
Memory allocated:  116.69921875
Memory cached:  482.0
	 epoch  10 training error:  tensor(0.3623, device='cuda:0', grad_fn=<DivBackward0>)
Memory status after this epoch: 
Memory allocated:  116.69921875
Memory cached:  488.0
	 epoch  20 training error:  tensor(0.1974, device='cuda:0', grad_fn=<DivBackward0>)
Memory status after this epoch: 
Memory allocated:  116.69921875
Memory cached:  488.0
	 epoch  30 training error:  tensor(0.1543, device='cuda:0', grad_fn=<DivBackward0>)
Memory status after this epoch: 
Memory allocated:  116.69921875
Memory cached:  492.0
	 epoch  40 training error:  tensor(0.1444, device='cuda:0', grad_fn=<DivBackward0>)
Memory status after this epoch: 
Memory allocated:  116.69921875
Memory cached:  488.0
	 epoch  50 training error:  tensor(0.1417, device='cuda:0', grad_fn=<DivBackward0>)
Memory status after this epoch: 
Memory allocated:  116.69921875
Memory cached:  484.0
	 epoch  60 training error:  tensor(0.1408, device='cuda:0', grad_fn=<DivBackward0>)
Memory status after this epoch: 
Memory allocated:  116.69921875
Memory cached:  490.0
	 epoch  70 training error:  tensor(0.1402, device='cuda:0', grad_fn=<DivBackward0>)
Memory status after this epoch: 
Memory allocated:  116.69921875
Memory cached:  488.0
	 epoch  80 training error:  tensor(0.1399, device='cuda:0', grad_fn=<DivBackward0>)
Memory status after this epoch: 
Memory allocated:  116.69921875
Memory cached:  486.0
	 epoch  90 training error:  tensor(0.1394, device='cuda:0', grad_fn=<DivBackward0>)
Memory status after this epoch: 
Memory allocated:  116.69921875
Memory cached:  488.0
