[I 2023-12-02 23:07:16,357] Trial 47 finished with value: 0.09962799400091171 and parameters: {'W_layers': 3, 'W_layer_units_exponent_0': 7, 'W_layer_units_exponent_1': 6, 'W_layer_units_exponent_2': 5, 'D_layers': 8, 'D_layer_units_exponent_0': 8, 'D_layer_units_exponent_1': 6, 'D_layer_units_exponent_2': 5, 'D_layer_units_exponent_3': 8, 'D_layer_units_exponent_4': 5, 'D_layer_units_exponent_5': 10, 'D_layer_units_exponent_6': 8, 'D_layer_units_exponent_7': 9, 'D_dagger_layers': 3, 'D_dagger_layer_units_exponent_0': 4, 'D_dagger_layer_units_exponent_1': 10, 'D_dagger_layer_units_exponent_2': 8, 'log_learning_rate': -2.2511152471726343, 'log_learning_rate_D': -4.058369109698854, 'log_learning_rate_D_dagger': -3.6383378834362707, 'training_batch_size': 7, 'training_p': 3}. Best is trial 31 with value: 0.09674321860074997.
Time for this trial:  14.589484691619873
Memory status after this trial: 
Memory allocated:  269.40966796875
Memory cached:  316.0
--------------------  Trial  48   --------------------
Start timing: 
Parameters: 
{'W_layers': 2, 'W_layer_units_exponent_0': 6, 'W_layer_units_exponent_1': 5, 'D_layers': 7, 'D_layer_units_exponent_0': 5, 'D_layer_units_exponent_1': 7, 'D_layer_units_exponent_2': 9, 'D_layer_units_exponent_3': 10, 'D_layer_units_exponent_4': 6, 'D_layer_units_exponent_5': 10, 'D_layer_units_exponent_6': 7, 'D_dagger_layers': 8, 'D_dagger_layer_units_exponent_0': 6, 'D_dagger_layer_units_exponent_1': 7, 'D_dagger_layer_units_exponent_2': 5, 'D_dagger_layer_units_exponent_3': 8, 'D_dagger_layer_units_exponent_4': 5, 'D_dagger_layer_units_exponent_5': 9, 'D_dagger_layer_units_exponent_6': 7, 'D_dagger_layer_units_exponent_7': 7, 'log_learning_rate': -2.465862392249246, 'log_learning_rate_D': -4.7596846739748155, 'log_learning_rate_D_dagger': -3.2541142291310576, 'training_batch_size': 9, 'training_p': 2}
	 epoch  0 training error:  tensor(0.9423, device='cuda:0', grad_fn=<DivBackward0>)
Memory status after this epoch: 
Memory allocated:  193.34033203125
Memory cached:  316.0
	 epoch  10 training error:  tensor(0.1560, device='cuda:0', grad_fn=<DivBackward0>)
Memory status after this epoch: 
Memory allocated:  193.34033203125
Memory cached:  316.0
	 epoch  20 training error:  tensor(0.1248, device='cuda:0', grad_fn=<DivBackward0>)
Memory status after this epoch: 
Memory allocated:  193.34033203125
Memory cached:  316.0
	 epoch  30 training error:  tensor(0.1032, device='cuda:0', grad_fn=<DivBackward0>)
Memory status after this epoch: 
Memory allocated:  193.34033203125
Memory cached:  316.0
	 epoch  40 training error:  tensor(0.1010, device='cuda:0', grad_fn=<DivBackward0>)
Memory status after this epoch: 
Memory allocated:  193.34033203125
Memory cached:  316.0
	 epoch  50 training error:  tensor(0.0958, device='cuda:0', grad_fn=<DivBackward0>)
Memory status after this epoch: 
Memory allocated:  193.34033203125
Memory cached:  316.0
	 epoch  60 training error:  tensor(0.0944, device='cuda:0', grad_fn=<DivBackward0>)
Memory status after this epoch: 
Memory allocated:  193.34033203125
Memory cached:  316.0
	 epoch  70 training error:  tensor(0.0942, device='cuda:0', grad_fn=<DivBackward0>)
Memory status after this epoch: 
Memory allocated:  193.34033203125
Memory cached:  316.0
	 epoch  80 training error:  tensor(0.0940, device='cuda:0', grad_fn=<DivBackward0>)
Memory status after this epoch: 
Memory allocated:  193.34033203125
Memory cached:  316.0
	 epoch  90 training error:  tensor(0.0940, device='cuda:0', grad_fn=<DivBackward0>)
Memory status after this epoch: 
Memory allocated:  193.34033203125
Memory cached:  316.0
[I 2023-12-02 23:07:31,867] Trial 48 finished with value: 0.0967673733830452 and parameters: {'W_layers': 2, 'W_layer_units_exponent_0': 6, 'W_layer_units_exponent_1': 5, 'D_layers': 7, 'D_layer_units_exponent_0': 5, 'D_layer_units_exponent_1': 7, 'D_layer_units_exponent_2': 9, 'D_layer_units_exponent_3': 10, 'D_layer_units_exponent_4': 6, 'D_layer_units_exponent_5': 10, 'D_layer_units_exponent_6': 7, 'D_dagger_layers': 8, 'D_dagger_layer_units_exponent_0': 6, 'D_dagger_layer_units_exponent_1': 7, 'D_dagger_layer_units_exponent_2': 5, 'D_dagger_layer_units_exponent_3': 8, 'D_dagger_layer_units_exponent_4': 5, 'D_dagger_layer_units_exponent_5': 9, 'D_dagger_layer_units_exponent_6': 7, 'D_dagger_layer_units_exponent_7': 7, 'log_learning_rate': -2.465862392249246, 'log_learning_rate_D': -4.7596846739748155, 'log_learning_rate_D_dagger': -3.2541142291310576, 'training_batch_size': 9, 'training_p': 2}. Best is trial 31 with value: 0.09674321860074997.
Time for this trial:  15.290815114974976
Memory status after this trial: 
Memory allocated:  262.41357421875
Memory cached:  330.0
--------------------  Trial  49   --------------------
Start timing: 
Parameters: 
{'W_layers': 3, 'W_layer_units_exponent_0': 9, 'W_layer_units_exponent_1': 6, 'W_layer_units_exponent_2': 7, 'D_layers': 4, 'D_layer_units_exponent_0': 6, 'D_layer_units_exponent_1': 8, 'D_layer_units_exponent_2': 4, 'D_layer_units_exponent_3': 7, 'D_dagger_layers': 8, 'D_dagger_layer_units_exponent_0': 5, 'D_dagger_layer_units_exponent_1': 9, 'D_dagger_layer_units_exponent_2': 10, 'D_dagger_layer_units_exponent_3': 9, 'D_dagger_layer_units_exponent_4': 10, 'D_dagger_layer_units_exponent_5': 10, 'D_dagger_layer_units_exponent_6': 10, 'D_dagger_layer_units_exponent_7': 9, 'log_learning_rate': -2.7583718148812286, 'log_learning_rate_D': -4.30686669306126, 'log_learning_rate_D_dagger': -2.830307680511865, 'training_batch_size': 10, 'training_p': 3}
	 epoch  0 training error:  tensor(0.9956, device='cuda:0', grad_fn=<DivBackward0>)
Memory status after this epoch: 
Memory allocated:  254.5009765625
Memory cached:  372.0
	 epoch  10 training error:  tensor(0.7557, device='cuda:0', grad_fn=<DivBackward0>)
Memory status after this epoch: 
Memory allocated:  254.5009765625
Memory cached:  372.0
	 epoch  20 training error:  tensor(0.1907, device='cuda:0', grad_fn=<DivBackward0>)
Memory status after this epoch: 
Memory allocated:  254.5009765625
Memory cached:  372.0
	 epoch  30 training error:  tensor(0.1288, device='cuda:0', grad_fn=<DivBackward0>)
Memory status after this epoch: 
Memory allocated:  254.5009765625
Memory cached:  372.0
	 epoch  40 training error:  tensor(0.1245, device='cuda:0', grad_fn=<DivBackward0>)
Memory status after this epoch: 
Memory allocated:  254.5009765625
Memory cached:  372.0
	 epoch  50 training error:  tensor(0.1187, device='cuda:0', grad_fn=<DivBackward0>)
Memory status after this epoch: 
Memory allocated:  254.5009765625
Memory cached:  372.0
	 epoch  60 training error:  tensor(0.1164, device='cuda:0', grad_fn=<DivBackward0>)
Memory status after this epoch: 
Memory allocated:  254.5009765625
Memory cached:  372.0
	 epoch  70 training error:  tensor(0.1156, device='cuda:0', grad_fn=<DivBackward0>)
Memory status after this epoch: 
Memory allocated:  254.5009765625
Memory cached:  372.0
	 epoch  80 training error:  tensor(0.1155, device='cuda:0', grad_fn=<DivBackward0>)
Memory status after this epoch: 
Memory allocated:  254.5009765625
Memory cached:  372.0
	 epoch  90 training error:  tensor(0.1155, device='cuda:0', grad_fn=<DivBackward0>)
Memory status after this epoch: 
Memory allocated:  254.5009765625
Memory cached:  372.0
[I 2023-12-02 23:07:54,057] Trial 49 finished with value: 0.09957390278577805 and parameters: {'W_layers': 3, 'W_layer_units_exponent_0': 9, 'W_layer_units_exponent_1': 6, 'W_layer_units_exponent_2': 7, 'D_layers': 4, 'D_layer_units_exponent_0': 6, 'D_layer_units_exponent_1': 8, 'D_layer_units_exponent_2': 4, 'D_layer_units_exponent_3': 7, 'D_dagger_layers': 8, 'D_dagger_layer_units_exponent_0': 5, 'D_dagger_layer_units_exponent_1': 9, 'D_dagger_layer_units_exponent_2': 10, 'D_dagger_layer_units_exponent_3': 9, 'D_dagger_layer_units_exponent_4': 10, 'D_dagger_layer_units_exponent_5': 10, 'D_dagger_layer_units_exponent_6': 10, 'D_dagger_layer_units_exponent_7': 9, 'log_learning_rate': -2.7583718148812286, 'log_learning_rate_D': -4.30686669306126, 'log_learning_rate_D_dagger': -2.830307680511865, 'training_batch_size': 10, 'training_p': 3}. Best is trial 31 with value: 0.09674321860074997.
[I 2023-12-02 23:07:54,058] A new study created in memory with name: no-name-d968b2c9-e012-412e-873d-aa4cc7ee9dc4
Time for this trial:  21.972450971603394
Memory status after this trial: 
Memory allocated:  561.86376953125
Memory cached:  636.0
--------------------  Trial  0   --------------------
Start timing: 
Parameters: 
{'W_layers': 3, 'W_layer_units_exponent_0': 5, 'W_layer_units_exponent_1': 4, 'W_layer_units_exponent_2': 8, 'D_layers': 8, 'D_layer_units_exponent_0': 5, 'D_layer_units_exponent_1': 4, 'D_layer_units_exponent_2': 9, 'D_layer_units_exponent_3': 9, 'D_layer_units_exponent_4': 9, 'D_layer_units_exponent_5': 6, 'D_layer_units_exponent_6': 5, 'D_layer_units_exponent_7': 10, 'D_dagger_layers': 7, 'D_dagger_layer_units_exponent_0': 6, 'D_dagger_layer_units_exponent_1': 6, 'D_dagger_layer_units_exponent_2': 4, 'D_dagger_layer_units_exponent_3': 7, 'D_dagger_layer_units_exponent_4': 10, 'D_dagger_layer_units_exponent_5': 9, 'D_dagger_layer_units_exponent_6': 5, 'log_learning_rate': -2.4209325142211537, 'log_learning_rate_D': -4.593478780210802, 'log_learning_rate_D_dagger': -4.868140111188531, 'training_batch_size': 7, 'training_p': 8}
	 epoch  0 training error:  tensor(1.0112, device='cuda:0', grad_fn=<DivBackward0>)
Memory status after this epoch: 
Memory allocated:  19.822265625
Memory cached:  150.0
	 epoch  10 training error:  tensor(0.3600, device='cuda:0', grad_fn=<DivBackward0>)
Memory status after this epoch: 
Memory allocated:  19.822265625
Memory cached:  232.0
	 epoch  20 training error:  tensor(0.2370, device='cuda:0', grad_fn=<DivBackward0>)
Memory status after this epoch: 
Memory allocated:  19.822265625
Memory cached:  230.0
	 epoch  30 training error:  tensor(0.2128, device='cuda:0', grad_fn=<DivBackward0>)
Memory status after this epoch: 
Memory allocated:  19.822265625
Memory cached:  226.0
	 epoch  40 training error:  tensor(0.2121, device='cuda:0', grad_fn=<DivBackward0>)
Memory status after this epoch: 
Memory allocated:  19.822265625
Memory cached:  230.0
	 epoch  50 training error:  tensor(0.2119, device='cuda:0', grad_fn=<DivBackward0>)
Memory status after this epoch: 
Memory allocated:  19.822265625
Memory cached:  234.0
	 epoch  60 training error:  tensor(0.2102, device='cuda:0', grad_fn=<DivBackward0>)
Memory status after this epoch: 
Memory allocated:  19.822265625
Memory cached:  228.0
	 epoch  70 training error:  tensor(0.2085, device='cuda:0', grad_fn=<DivBackward0>)
Memory status after this epoch: 
Memory allocated:  19.822265625
Memory cached:  234.0
	 epoch  80 training error:  tensor(0.2070, device='cuda:0', grad_fn=<DivBackward0>)
Memory status after this epoch: 
Memory allocated:  19.822265625
Memory cached:  232.0
	 epoch  90 training error:  tensor(0.2050, device='cuda:0', grad_fn=<DivBackward0>)
Memory status after this epoch: 
Memory allocated:  19.822265625
Memory cached:  230.0
[I 2023-12-02 23:11:29,960] Trial 0 finished with value: 0.1054830327630043 and parameters: {'W_layers': 3, 'W_layer_units_exponent_0': 5, 'W_layer_units_exponent_1': 4, 'W_layer_units_exponent_2': 8, 'D_layers': 8, 'D_layer_units_exponent_0': 5, 'D_layer_units_exponent_1': 4, 'D_layer_units_exponent_2': 9, 'D_layer_units_exponent_3': 9, 'D_layer_units_exponent_4': 9, 'D_layer_units_exponent_5': 6, 'D_layer_units_exponent_6': 5, 'D_layer_units_exponent_7': 10, 'D_dagger_layers': 7, 'D_dagger_layer_units_exponent_0': 6, 'D_dagger_layer_units_exponent_1': 6, 'D_dagger_layer_units_exponent_2': 4, 'D_dagger_layer_units_exponent_3': 7, 'D_dagger_layer_units_exponent_4': 10, 'D_dagger_layer_units_exponent_5': 9, 'D_dagger_layer_units_exponent_6': 5, 'log_learning_rate': -2.4209325142211537, 'log_learning_rate_D': -4.593478780210802, 'log_learning_rate_D_dagger': -4.868140111188531, 'training_batch_size': 7, 'training_p': 8}. Best is trial 0 with value: 0.1054830327630043.
res:  tensor(0.1055, device='cuda:0', grad_fn=<DivBackward0>)
self.bestValue:  10000000.0
Save this model!
Time for this trial:  215.77136158943176
Memory status after this trial: 
Memory allocated:  258.306640625
Memory cached:  278.0
--------------------  Trial  1   --------------------
Start timing: 
Parameters: 
{'W_layers': 6, 'W_layer_units_exponent_0': 7, 'W_layer_units_exponent_1': 4, 'W_layer_units_exponent_2': 4, 'W_layer_units_exponent_3': 4, 'W_layer_units_exponent_4': 5, 'W_layer_units_exponent_5': 8, 'D_layers': 4, 'D_layer_units_exponent_0': 7, 'D_layer_units_exponent_1': 6, 'D_layer_units_exponent_2': 4, 'D_layer_units_exponent_3': 5, 'D_dagger_layers': 5, 'D_dagger_layer_units_exponent_0': 9, 'D_dagger_layer_units_exponent_1': 9, 'D_dagger_layer_units_exponent_2': 10, 'D_dagger_layer_units_exponent_3': 7, 'D_dagger_layer_units_exponent_4': 5, 'log_learning_rate': -3.476776803282535, 'log_learning_rate_D': -2.25889354701673, 'log_learning_rate_D_dagger': -2.595011545396985, 'training_batch_size': 8, 'training_p': 6}
	 epoch  0 training error:  tensor(0.9985, device='cuda:0', grad_fn=<DivBackward0>)
Memory status after this epoch: 
Memory allocated:  272.8056640625
Memory cached:  310.0
	 epoch  10 training error:  tensor(0.2415, device='cuda:0', grad_fn=<DivBackward0>)
Memory status after this epoch: 
Memory allocated:  272.8056640625
Memory cached:  382.0
	 epoch  20 training error:  tensor(0.1456, device='cuda:0', grad_fn=<DivBackward0>)
Memory status after this epoch: 
Memory allocated:  272.8056640625
Memory cached:  378.0
	 epoch  30 training error:  tensor(0.1460, device='cuda:0', grad_fn=<DivBackward0>)
Memory status after this epoch: 
Memory allocated:  272.8056640625
Memory cached:  382.0
	 epoch  40 training error:  tensor(0.1414, device='cuda:0', grad_fn=<DivBackward0>)
Memory status after this epoch: 
Memory allocated:  272.8056640625
Memory cached:  384.0
	 epoch  50 training error:  tensor(0.1543, device='cuda:0', grad_fn=<DivBackward0>)
Memory status after this epoch: 
Memory allocated:  272.8056640625
Memory cached:  378.0
	 epoch  60 training error:  tensor(0.1392, device='cuda:0', grad_fn=<DivBackward0>)
Memory status after this epoch: 
Memory allocated:  272.8056640625
Memory cached:  380.0
	 epoch  70 training error:  tensor(0.1422, device='cuda:0', grad_fn=<DivBackward0>)
Memory status after this epoch: 
Memory allocated:  272.8056640625
Memory cached:  372.0
	 epoch  80 training error:  tensor(0.1440, device='cuda:0', grad_fn=<DivBackward0>)
Memory status after this epoch: 
Memory allocated:  272.8056640625
Memory cached:  384.0
	 epoch  90 training error:  tensor(0.1439, device='cuda:0', grad_fn=<DivBackward0>)
Memory status after this epoch: 
Memory allocated:  272.8056640625
Memory cached:  380.0
[I 2023-12-02 23:14:40,574] Trial 1 finished with value: 0.1188497543334961 and parameters: {'W_layers': 6, 'W_layer_units_exponent_0': 7, 'W_layer_units_exponent_1': 4, 'W_layer_units_exponent_2': 4, 'W_layer_units_exponent_3': 4, 'W_layer_units_exponent_4': 5, 'W_layer_units_exponent_5': 8, 'D_layers': 4, 'D_layer_units_exponent_0': 7, 'D_layer_units_exponent_1': 6, 'D_layer_units_exponent_2': 4, 'D_layer_units_exponent_3': 5, 'D_dagger_layers': 5, 'D_dagger_layer_units_exponent_0': 9, 'D_dagger_layer_units_exponent_1': 9, 'D_dagger_layer_units_exponent_2': 10, 'D_dagger_layer_units_exponent_3': 7, 'D_dagger_layer_units_exponent_4': 5, 'log_learning_rate': -3.476776803282535, 'log_learning_rate_D': -2.25889354701673, 'log_learning_rate_D_dagger': -2.595011545396985, 'training_batch_size': 8, 'training_p': 6}. Best is trial 0 with value: 0.1054830327630043.
Time for this trial:  190.48295331001282
Memory status after this trial: 
Memory allocated:  419.4970703125
Memory cached:  432.0
--------------------  Trial  2   --------------------
Start timing: 
Parameters: 
{'W_layers': 8, 'W_layer_units_exponent_0': 5, 'W_layer_units_exponent_1': 9, 'W_layer_units_exponent_2': 7, 'W_layer_units_exponent_3': 8, 'W_layer_units_exponent_4': 10, 'W_layer_units_exponent_5': 5, 'W_layer_units_exponent_6': 5, 'W_layer_units_exponent_7': 9, 'D_layers': 2, 'D_layer_units_exponent_0': 5, 'D_layer_units_exponent_1': 8, 'D_dagger_layers': 4, 'D_dagger_layer_units_exponent_0': 6, 'D_dagger_layer_units_exponent_1': 10, 'D_dagger_layer_units_exponent_2': 9, 'D_dagger_layer_units_exponent_3': 9, 'log_learning_rate': -4.356804165850643, 'log_learning_rate_D': -3.7926270028070777, 'log_learning_rate_D_dagger': -1.6699614229835444, 'training_batch_size': 11, 'training_p': 6}
	 epoch  0 training error:  tensor(0.9890, device='cuda:0', grad_fn=<DivBackward0>)
Memory status after this epoch: 
Memory allocated:  278.0869140625
Memory cached:  290.0
	 epoch  10 training error:  tensor(0.6483, device='cuda:0', grad_fn=<DivBackward0>)
Memory status after this epoch: 
Memory allocated:  278.0869140625
Memory cached:  334.0
	 epoch  20 training error:  tensor(1.1929, device='cuda:0', grad_fn=<DivBackward0>)
Memory status after this epoch: 
Memory allocated:  278.0869140625
Memory cached:  336.0
	 epoch  30 training error:  tensor(0.3994, device='cuda:0', grad_fn=<DivBackward0>)
Memory status after this epoch: 
Memory allocated:  278.0869140625
Memory cached:  338.0
	 epoch  40 training error:  tensor(0.8023, device='cuda:0', grad_fn=<DivBackward0>)
Memory status after this epoch: 
Memory allocated:  278.0869140625
Memory cached:  340.0
	 epoch  50 training error:  tensor(0.6935, device='cuda:0', grad_fn=<DivBackward0>)
Memory status after this epoch: 
Memory allocated:  278.0869140625
Memory cached:  342.0
	 epoch  60 training error:  tensor(0.1451, device='cuda:0', grad_fn=<DivBackward0>)
Memory status after this epoch: 
Memory allocated:  278.0869140625
Memory cached:  340.0
	 epoch  70 training error:  tensor(0.1519, device='cuda:0', grad_fn=<DivBackward0>)
Memory status after this epoch: 
Memory allocated:  278.0869140625
Memory cached:  338.0
	 epoch  80 training error:  tensor(0.1680, device='cuda:0', grad_fn=<DivBackward0>)
Memory status after this epoch: 
Memory allocated:  278.0869140625
Memory cached:  342.0
	 epoch  90 training error:  tensor(0.1582, device='cuda:0', grad_fn=<DivBackward0>)
Memory status after this epoch: 
Memory allocated:  278.0869140625
Memory cached:  342.0
[I 2023-12-02 23:18:00,726] Trial 2 finished with value: 0.10978615283966064 and parameters: {'W_layers': 8, 'W_layer_units_exponent_0': 5, 'W_layer_units_exponent_1': 9, 'W_layer_units_exponent_2': 7, 'W_layer_units_exponent_3': 8, 'W_layer_units_exponent_4': 10, 'W_layer_units_exponent_5': 5, 'W_layer_units_exponent_6': 5, 'W_layer_units_exponent_7': 9, 'D_layers': 2, 'D_layer_units_exponent_0': 5, 'D_layer_units_exponent_1': 8, 'D_dagger_layers': 4, 'D_dagger_layer_units_exponent_0': 6, 'D_dagger_layer_units_exponent_1': 10, 'D_dagger_layer_units_exponent_2': 9, 'D_dagger_layer_units_exponent_3': 9, 'log_learning_rate': -4.356804165850643, 'log_learning_rate_D': -3.7926270028070777, 'log_learning_rate_D_dagger': -1.6699614229835444, 'training_batch_size': 11, 'training_p': 6}. Best is trial 0 with value: 0.1054830327630043.
Time for this trial:  199.97988891601562
Memory status after this trial: 
Memory allocated:  521.7890625
Memory cached:  536.0
--------------------  Trial  3   --------------------
Start timing: 
Parameters: 
{'W_layers': 4, 'W_layer_units_exponent_0': 5, 'W_layer_units_exponent_1': 9, 'W_layer_units_exponent_2': 10, 'W_layer_units_exponent_3': 6, 'D_layers': 4, 'D_layer_units_exponent_0': 8, 'D_layer_units_exponent_1': 4, 'D_layer_units_exponent_2': 4, 'D_layer_units_exponent_3': 4, 'D_dagger_layers': 2, 'D_dagger_layer_units_exponent_0': 6, 'D_dagger_layer_units_exponent_1': 4, 'log_learning_rate': -3.27988473789303, 'log_learning_rate_D': -4.784314488440315, 'log_learning_rate_D_dagger': -2.456313230150491, 'training_batch_size': 10, 'training_p': 7}
	 epoch  0 training error:  tensor(0.9436, device='cuda:0', grad_fn=<DivBackward0>)
Memory status after this epoch: 
Memory allocated:  267.7294921875
Memory cached:  300.0
	 epoch  10 training error:  tensor(0.3422, device='cuda:0', grad_fn=<DivBackward0>)
Memory status after this epoch: 
Memory allocated:  267.7294921875
Memory cached:  364.0
	 epoch  20 training error:  tensor(0.2070, device='cuda:0', grad_fn=<DivBackward0>)
Memory status after this epoch: 
Memory allocated:  267.7294921875
Memory cached:  358.0
	 epoch  30 training error:  tensor(0.1633, device='cuda:0', grad_fn=<DivBackward0>)
Memory status after this epoch: 
Memory allocated:  267.7294921875
Memory cached:  358.0
	 epoch  40 training error:  tensor(0.1581, device='cuda:0', grad_fn=<DivBackward0>)
Memory status after this epoch: 
Memory allocated:  267.7294921875
Memory cached:  368.0
	 epoch  50 training error:  tensor(0.1518, device='cuda:0', grad_fn=<DivBackward0>)
Memory status after this epoch: 
Memory allocated:  267.7294921875
Memory cached:  362.0
	 epoch  60 training error:  tensor(0.1488, device='cuda:0', grad_fn=<DivBackward0>)
Memory status after this epoch: 
Memory allocated:  267.7294921875
Memory cached:  360.0
	 epoch  70 training error:  tensor(0.1479, device='cuda:0', grad_fn=<DivBackward0>)
Memory status after this epoch: 
Memory allocated:  267.7294921875
Memory cached:  364.0
	 epoch  80 training error:  tensor(0.1471, device='cuda:0', grad_fn=<DivBackward0>)
Memory status after this epoch: 
Memory allocated:  267.7294921875
Memory cached:  362.0
	 epoch  90 training error:  tensor(0.1465, device='cuda:0', grad_fn=<DivBackward0>)
Memory status after this epoch: 
Memory allocated:  267.7294921875
Memory cached:  364.0
