[I 2023-12-06 12:04:04,081] Trial 73 finished with value: 0.34872278571128845 and parameters: {'W_layers': 4, 'W_layer_units_exponent_0': 6, 'W_layer_units_exponent_1': 10, 'W_layer_units_exponent_2': 4, 'W_layer_units_exponent_3': 6, 'D_layers': 5, 'D_layer_units_exponent_0': 8, 'D_layer_units_exponent_1': 4, 'D_layer_units_exponent_2': 10, 'D_layer_units_exponent_3': 10, 'D_layer_units_exponent_4': 8, 'log_learning_rate': -2.0518303479931963, 'log_learning_rate_D': -1.8176958437397592, 'training_batch_size': 11, 'training_p': 4}. Best is trial 68 with value: 0.3323483467102051.
Time for this trial:  15.816043138504028
Memory status after this trial: 
Memory allocated:  53.61767578125
Memory cached:  70.0
--------------------  Trial  74   --------------------
Start timing: 
Parameters: 
{'W_layers': 3, 'W_layer_units_exponent_0': 6, 'W_layer_units_exponent_1': 9, 'W_layer_units_exponent_2': 5, 'D_layers': 4, 'D_layer_units_exponent_0': 9, 'D_layer_units_exponent_1': 4, 'D_layer_units_exponent_2': 9, 'D_layer_units_exponent_3': 10, 'log_learning_rate': -1.6958437310723362, 'log_learning_rate_D': -2.166414506241082, 'training_batch_size': 11, 'training_p': 3}
	 epoch  0 training error:  tensor(1.8825, device='cuda:0', grad_fn=<DivBackward0>)
Memory status after this epoch: 
Memory allocated:  29.0703125
Memory cached:  50.0
	 epoch  10 training error:  tensor(0.7310, device='cuda:0', grad_fn=<DivBackward0>)
Memory status after this epoch: 
Memory allocated:  29.0703125
Memory cached:  50.0
	 epoch  20 training error:  tensor(0.6330, device='cuda:0', grad_fn=<DivBackward0>)
Memory status after this epoch: 
Memory allocated:  29.0703125
Memory cached:  50.0
	 epoch  30 training error:  tensor(0.6365, device='cuda:0', grad_fn=<DivBackward0>)
Memory status after this epoch: 
Memory allocated:  29.0703125
Memory cached:  50.0
	 epoch  40 training error:  tensor(0.6065, device='cuda:0', grad_fn=<DivBackward0>)
Memory status after this epoch: 
Memory allocated:  29.0703125
Memory cached:  50.0
	 epoch  50 training error:  tensor(0.4360, device='cuda:0', grad_fn=<DivBackward0>)
Memory status after this epoch: 
Memory allocated:  29.0703125
Memory cached:  50.0
	 epoch  60 training error:  tensor(0.3889, device='cuda:0', grad_fn=<DivBackward0>)
Memory status after this epoch: 
Memory allocated:  29.0703125
Memory cached:  50.0
	 epoch  70 training error:  tensor(0.3911, device='cuda:0', grad_fn=<DivBackward0>)
Memory status after this epoch: 
Memory allocated:  29.0703125
Memory cached:  50.0
	 epoch  80 training error:  tensor(0.3938, device='cuda:0', grad_fn=<DivBackward0>)
Memory status after this epoch: 
Memory allocated:  29.0703125
Memory cached:  50.0
	 epoch  90 training error:  tensor(0.3642, device='cuda:0', grad_fn=<DivBackward0>)
Memory status after this epoch: 
Memory allocated:  29.0703125
Memory cached:  50.0
[I 2023-12-06 12:04:19,818] Trial 74 finished with value: 0.3373222053050995 and parameters: {'W_layers': 3, 'W_layer_units_exponent_0': 6, 'W_layer_units_exponent_1': 9, 'W_layer_units_exponent_2': 5, 'D_layers': 4, 'D_layer_units_exponent_0': 9, 'D_layer_units_exponent_1': 4, 'D_layer_units_exponent_2': 9, 'D_layer_units_exponent_3': 10, 'log_learning_rate': -1.6958437310723362, 'log_learning_rate_D': -2.166414506241082, 'training_batch_size': 11, 'training_p': 3}. Best is trial 68 with value: 0.3323483467102051.
Time for this trial:  15.558385848999023
Memory status after this trial: 
Memory allocated:  41.00634765625
Memory cached:  48.0
--------------------  Trial  75   --------------------
Start timing: 
Parameters: 
{'W_layers': 5, 'W_layer_units_exponent_0': 4, 'W_layer_units_exponent_1': 10, 'W_layer_units_exponent_2': 4, 'W_layer_units_exponent_3': 5, 'W_layer_units_exponent_4': 9, 'D_layers': 5, 'D_layer_units_exponent_0': 8, 'D_layer_units_exponent_1': 4, 'D_layer_units_exponent_2': 10, 'D_layer_units_exponent_3': 10, 'D_layer_units_exponent_4': 9, 'log_learning_rate': -2.3241998244478483, 'log_learning_rate_D': -2.016220817333964, 'training_batch_size': 10, 'training_p': 5}
	 epoch  0 training error:  tensor(0.9930, device='cuda:0', grad_fn=<DivBackward0>)
Memory status after this epoch: 
Memory allocated:  33.4931640625
Memory cached:  50.0
	 epoch  10 training error:  tensor(0.8643, device='cuda:0', grad_fn=<DivBackward0>)
Memory status after this epoch: 
Memory allocated:  33.4931640625
Memory cached:  50.0
	 epoch  20 training error:  tensor(0.5408, device='cuda:0', grad_fn=<DivBackward0>)
Memory status after this epoch: 
Memory allocated:  33.4931640625
Memory cached:  50.0
	 epoch  30 training error:  tensor(0.4735, device='cuda:0', grad_fn=<DivBackward0>)
Memory status after this epoch: 
Memory allocated:  33.4931640625
Memory cached:  50.0
	 epoch  40 training error:  tensor(0.3969, device='cuda:0', grad_fn=<DivBackward0>)
Memory status after this epoch: 
Memory allocated:  33.4931640625
Memory cached:  50.0
	 epoch  50 training error:  tensor(0.3830, device='cuda:0', grad_fn=<DivBackward0>)
Memory status after this epoch: 
Memory allocated:  33.4931640625
Memory cached:  50.0
	 epoch  60 training error:  tensor(0.3727, device='cuda:0', grad_fn=<DivBackward0>)
Memory status after this epoch: 
Memory allocated:  33.4931640625
Memory cached:  50.0
	 epoch  70 training error:  tensor(0.3699, device='cuda:0', grad_fn=<DivBackward0>)
Memory status after this epoch: 
Memory allocated:  33.4931640625
Memory cached:  50.0
	 epoch  80 training error:  tensor(0.3687, device='cuda:0', grad_fn=<DivBackward0>)
Memory status after this epoch: 
Memory allocated:  33.4931640625
Memory cached:  50.0
	 epoch  90 training error:  tensor(0.3671, device='cuda:0', grad_fn=<DivBackward0>)
Memory status after this epoch: 
Memory allocated:  33.4931640625
Memory cached:  50.0
[I 2023-12-06 12:04:36,473] Trial 75 finished with value: 0.3384873867034912 and parameters: {'W_layers': 5, 'W_layer_units_exponent_0': 4, 'W_layer_units_exponent_1': 10, 'W_layer_units_exponent_2': 4, 'W_layer_units_exponent_3': 5, 'W_layer_units_exponent_4': 9, 'D_layers': 5, 'D_layer_units_exponent_0': 8, 'D_layer_units_exponent_1': 4, 'D_layer_units_exponent_2': 10, 'D_layer_units_exponent_3': 10, 'D_layer_units_exponent_4': 9, 'log_learning_rate': -2.3241998244478483, 'log_learning_rate_D': -2.016220817333964, 'training_batch_size': 10, 'training_p': 5}. Best is trial 68 with value: 0.3323483467102051.
Time for this trial:  16.45132875442505
Memory status after this trial: 
Memory allocated:  63.72705078125
Memory cached:  88.0
--------------------  Trial  76   --------------------
Start timing: 
Parameters: 
{'W_layers': 4, 'W_layer_units_exponent_0': 5, 'W_layer_units_exponent_1': 9, 'W_layer_units_exponent_2': 4, 'W_layer_units_exponent_3': 4, 'D_layers': 3, 'D_layer_units_exponent_0': 8, 'D_layer_units_exponent_1': 5, 'D_layer_units_exponent_2': 10, 'log_learning_rate': -2.166175117066822, 'log_learning_rate_D': -2.4076034833647886, 'training_batch_size': 11, 'training_p': 4}
	 epoch  0 training error:  tensor(1.1423, device='cuda:0', grad_fn=<DivBackward0>)
Memory status after this epoch: 
Memory allocated:  26.7900390625
Memory cached:  50.0
	 epoch  10 training error:  tensor(0.4739, device='cuda:0', grad_fn=<DivBackward0>)
Memory status after this epoch: 
Memory allocated:  26.7900390625
Memory cached:  48.0
	 epoch  20 training error:  tensor(0.4395, device='cuda:0', grad_fn=<DivBackward0>)
Memory status after this epoch: 
Memory allocated:  26.7900390625
Memory cached:  48.0
	 epoch  30 training error:  tensor(0.3958, device='cuda:0', grad_fn=<DivBackward0>)
Memory status after this epoch: 
Memory allocated:  26.7900390625
Memory cached:  50.0
	 epoch  40 training error:  tensor(0.3801, device='cuda:0', grad_fn=<DivBackward0>)
Memory status after this epoch: 
Memory allocated:  26.7900390625
Memory cached:  48.0
	 epoch  50 training error:  tensor(0.3678, device='cuda:0', grad_fn=<DivBackward0>)
Memory status after this epoch: 
Memory allocated:  26.7900390625
Memory cached:  48.0
	 epoch  60 training error:  tensor(0.3637, device='cuda:0', grad_fn=<DivBackward0>)
Memory status after this epoch: 
Memory allocated:  26.7900390625
Memory cached:  50.0
	 epoch  70 training error:  tensor(0.3630, device='cuda:0', grad_fn=<DivBackward0>)
Memory status after this epoch: 
Memory allocated:  26.7900390625
Memory cached:  48.0
	 epoch  80 training error:  tensor(0.3705, device='cuda:0', grad_fn=<DivBackward0>)
Memory status after this epoch: 
Memory allocated:  26.7900390625
Memory cached:  48.0
	 epoch  90 training error:  tensor(0.3638, device='cuda:0', grad_fn=<DivBackward0>)
Memory status after this epoch: 
Memory allocated:  26.7900390625
Memory cached:  50.0
[I 2023-12-06 12:04:52,193] Trial 76 finished with value: 0.33551889657974243 and parameters: {'W_layers': 4, 'W_layer_units_exponent_0': 5, 'W_layer_units_exponent_1': 9, 'W_layer_units_exponent_2': 4, 'W_layer_units_exponent_3': 4, 'D_layers': 3, 'D_layer_units_exponent_0': 8, 'D_layer_units_exponent_1': 5, 'D_layer_units_exponent_2': 10, 'log_learning_rate': -2.166175117066822, 'log_learning_rate_D': -2.4076034833647886, 'training_batch_size': 11, 'training_p': 4}. Best is trial 68 with value: 0.3323483467102051.
Time for this trial:  15.56298828125
Memory status after this trial: 
Memory allocated:  40.08935546875
Memory cached:  48.0
--------------------  Trial  77   --------------------
Start timing: 
Parameters: 
{'W_layers': 4, 'W_layer_units_exponent_0': 5, 'W_layer_units_exponent_1': 10, 'W_layer_units_exponent_2': 5, 'W_layer_units_exponent_3': 4, 'D_layers': 2, 'D_layer_units_exponent_0': 8, 'D_layer_units_exponent_1': 5, 'log_learning_rate': -2.2199973782458198, 'log_learning_rate_D': -2.429497282195149, 'training_batch_size': 11, 'training_p': 3}
	 epoch  0 training error:  tensor(1.1006, device='cuda:0', grad_fn=<DivBackward0>)
Memory status after this epoch: 
Memory allocated:  27.2978515625
Memory cached:  50.0
	 epoch  10 training error:  tensor(0.3913, device='cuda:0', grad_fn=<DivBackward0>)
Memory status after this epoch: 
Memory allocated:  27.2978515625
Memory cached:  50.0
	 epoch  20 training error:  tensor(0.4373, device='cuda:0', grad_fn=<DivBackward0>)
Memory status after this epoch: 
Memory allocated:  27.2978515625
Memory cached:  50.0
	 epoch  30 training error:  tensor(0.3855, device='cuda:0', grad_fn=<DivBackward0>)
Memory status after this epoch: 
Memory allocated:  27.2978515625
Memory cached:  50.0
	 epoch  40 training error:  tensor(0.3673, device='cuda:0', grad_fn=<DivBackward0>)
Memory status after this epoch: 
Memory allocated:  27.2978515625
Memory cached:  50.0
	 epoch  50 training error:  tensor(0.3653, device='cuda:0', grad_fn=<DivBackward0>)
Memory status after this epoch: 
Memory allocated:  27.2978515625
Memory cached:  50.0
	 epoch  60 training error:  tensor(0.3613, device='cuda:0', grad_fn=<DivBackward0>)
Memory status after this epoch: 
Memory allocated:  27.2978515625
Memory cached:  50.0
	 epoch  70 training error:  tensor(0.3592, device='cuda:0', grad_fn=<DivBackward0>)
Memory status after this epoch: 
Memory allocated:  27.2978515625
Memory cached:  50.0
	 epoch  80 training error:  tensor(0.3581, device='cuda:0', grad_fn=<DivBackward0>)
Memory status after this epoch: 
Memory allocated:  27.2978515625
Memory cached:  50.0
	 epoch  90 training error:  tensor(0.3566, device='cuda:0', grad_fn=<DivBackward0>)
Memory status after this epoch: 
Memory allocated:  27.2978515625
Memory cached:  50.0
[I 2023-12-06 12:05:08,370] Trial 77 finished with value: 0.34128904342651367 and parameters: {'W_layers': 4, 'W_layer_units_exponent_0': 5, 'W_layer_units_exponent_1': 10, 'W_layer_units_exponent_2': 5, 'W_layer_units_exponent_3': 4, 'D_layers': 2, 'D_layer_units_exponent_0': 8, 'D_layer_units_exponent_1': 5, 'log_learning_rate': -2.2199973782458198, 'log_learning_rate_D': -2.429497282195149, 'training_batch_size': 11, 'training_p': 3}. Best is trial 68 with value: 0.3323483467102051.
Time for this trial:  16.01285433769226
Memory status after this trial: 
Memory allocated:  52.02392578125
Memory cached:  70.0
--------------------  Trial  78   --------------------
Start timing: 
Parameters: 
{'W_layers': 4, 'W_layer_units_exponent_0': 5, 'W_layer_units_exponent_1': 9, 'W_layer_units_exponent_2': 10, 'W_layer_units_exponent_3': 9, 'D_layers': 3, 'D_layer_units_exponent_0': 9, 'D_layer_units_exponent_1': 5, 'D_layer_units_exponent_2': 9, 'log_learning_rate': -2.4034414467995466, 'log_learning_rate_D': -2.371989868643803, 'training_batch_size': 11, 'training_p': 4}
	 epoch  0 training error:  tensor(1.1576, device='cuda:0', grad_fn=<DivBackward0>)
Memory status after this epoch: 
Memory allocated:  43.40625
Memory cached:  70.0
	 epoch  10 training error:  tensor(4.0680, device='cuda:0', grad_fn=<DivBackward0>)
Memory status after this epoch: 
Memory allocated:  43.40625
Memory cached:  70.0
	 epoch  20 training error:  tensor(0.5802, device='cuda:0', grad_fn=<DivBackward0>)
Memory status after this epoch: 
Memory allocated:  43.40625
Memory cached:  70.0
	 epoch  30 training error:  tensor(0.7451, device='cuda:0', grad_fn=<DivBackward0>)
Memory status after this epoch: 
Memory allocated:  43.40625
Memory cached:  70.0
	 epoch  40 training error:  tensor(0.5099, device='cuda:0', grad_fn=<DivBackward0>)
Memory status after this epoch: 
Memory allocated:  43.40625
Memory cached:  70.0
	 epoch  50 training error:  tensor(0.4697, device='cuda:0', grad_fn=<DivBackward0>)
Memory status after this epoch: 
Memory allocated:  43.40625
Memory cached:  70.0
	 epoch  60 training error:  tensor(0.4379, device='cuda:0', grad_fn=<DivBackward0>)
Memory status after this epoch: 
Memory allocated:  43.40625
Memory cached:  70.0
	 epoch  70 training error:  tensor(0.5007, device='cuda:0', grad_fn=<DivBackward0>)
Memory status after this epoch: 
Memory allocated:  43.40625
Memory cached:  70.0
	 epoch  80 training error:  tensor(0.4607, device='cuda:0', grad_fn=<DivBackward0>)
Memory status after this epoch: 
Memory allocated:  43.40625
Memory cached:  70.0
	 epoch  90 training error:  tensor(0.5161, device='cuda:0', grad_fn=<DivBackward0>)
Memory status after this epoch: 
Memory allocated:  43.40625
Memory cached:  70.0
[I 2023-12-06 12:05:25,135] Trial 78 finished with value: 0.4202592968940735 and parameters: {'W_layers': 4, 'W_layer_units_exponent_0': 5, 'W_layer_units_exponent_1': 9, 'W_layer_units_exponent_2': 10, 'W_layer_units_exponent_3': 9, 'D_layers': 3, 'D_layer_units_exponent_0': 9, 'D_layer_units_exponent_1': 5, 'D_layer_units_exponent_2': 9, 'log_learning_rate': -2.4034414467995466, 'log_learning_rate_D': -2.371989868643803, 'training_batch_size': 11, 'training_p': 4}. Best is trial 68 with value: 0.3323483467102051.
Time for this trial:  16.590845823287964
Memory status after this trial: 
Memory allocated:  83.11767578125
Memory cached:  108.0
--------------------  Trial  79   --------------------
Start timing: 
Parameters: 
{'W_layers': 3, 'W_layer_units_exponent_0': 5, 'W_layer_units_exponent_1': 7, 'W_layer_units_exponent_2': 4, 'D_layers': 3, 'D_layer_units_exponent_0': 8, 'D_layer_units_exponent_1': 5, 'D_layer_units_exponent_2': 9, 'log_learning_rate': -2.133453921320955, 'log_learning_rate_D': -1.9730839172202455, 'training_batch_size': 12, 'training_p': 5}
	 epoch  0 training error:  tensor(1.1806, device='cuda:0', grad_fn=<DivBackward0>)
Memory status after this epoch: 
Memory allocated:  26.4326171875
Memory cached:  50.0
	 epoch  10 training error:  tensor(0.4990, device='cuda:0', grad_fn=<DivBackward0>)
Memory status after this epoch: 
Memory allocated:  26.4326171875
Memory cached:  50.0
	 epoch  20 training error:  tensor(0.4374, device='cuda:0', grad_fn=<DivBackward0>)
Memory status after this epoch: 
Memory allocated:  26.4326171875
Memory cached:  50.0
	 epoch  30 training error:  tensor(0.4170, device='cuda:0', grad_fn=<DivBackward0>)
Memory status after this epoch: 
Memory allocated:  26.4326171875
Memory cached:  50.0
	 epoch  40 training error:  tensor(0.4073, device='cuda:0', grad_fn=<DivBackward0>)
Memory status after this epoch: 
Memory allocated:  26.4326171875
Memory cached:  50.0
	 epoch  50 training error:  tensor(0.3964, device='cuda:0', grad_fn=<DivBackward0>)
Memory status after this epoch: 
Memory allocated:  26.4326171875
Memory cached:  50.0
	 epoch  60 training error:  tensor(0.3889, device='cuda:0', grad_fn=<DivBackward0>)
Memory status after this epoch: 
Memory allocated:  26.4326171875
Memory cached:  50.0
	 epoch  70 training error:  tensor(0.3832, device='cuda:0', grad_fn=<DivBackward0>)
Memory status after this epoch: 
Memory allocated:  26.4326171875
Memory cached:  50.0
	 epoch  80 training error:  tensor(0.3787, device='cuda:0', grad_fn=<DivBackward0>)
Memory status after this epoch: 
Memory allocated:  26.4326171875
Memory cached:  50.0
	 epoch  90 training error:  tensor(0.3751, device='cuda:0', grad_fn=<DivBackward0>)
Memory status after this epoch: 
Memory allocated:  26.4326171875
Memory cached:  50.0
[I 2023-12-06 12:05:40,440] Trial 79 finished with value: 0.3422916829586029 and parameters: {'W_layers': 3, 'W_layer_units_exponent_0': 5, 'W_layer_units_exponent_1': 7, 'W_layer_units_exponent_2': 4, 'D_layers': 3, 'D_layer_units_exponent_0': 8, 'D_layer_units_exponent_1': 5, 'D_layer_units_exponent_2': 9, 'log_learning_rate': -2.133453921320955, 'log_learning_rate_D': -1.9730839172202455, 'training_batch_size': 12, 'training_p': 5}. Best is trial 68 with value: 0.3323483467102051.
Time for this trial:  15.140328407287598
Memory status after this trial: 
Memory allocated:  30.31884765625
Memory cached:  50.0
--------------------  Trial  80   --------------------
Start timing: 
Parameters: 
{'W_layers': 2, 'W_layer_units_exponent_0': 4, 'W_layer_units_exponent_1': 7, 'D_layers': 5, 'D_layer_units_exponent_0': 8, 'D_layer_units_exponent_1': 6, 'D_layer_units_exponent_2': 10, 'D_layer_units_exponent_3': 9, 'D_layer_units_exponent_4': 8, 'log_learning_rate': -1.5742360395207375, 'log_learning_rate_D': -2.084644775583509, 'training_batch_size': 11, 'training_p': 4}
	 epoch  0 training error:  tensor(1.4510, device='cuda:0', grad_fn=<DivBackward0>)
Memory status after this epoch: 
Memory allocated:  29.091796875
Memory cached:  48.0
	 epoch  10 training error:  tensor(0.7474, device='cuda:0', grad_fn=<DivBackward0>)
Memory status after this epoch: 
Memory allocated:  29.091796875
Memory cached:  48.0
	 epoch  20 training error:  tensor(0.5577, device='cuda:0', grad_fn=<DivBackward0>)
Memory status after this epoch: 
Memory allocated:  29.091796875
Memory cached:  48.0
	 epoch  30 training error:  tensor(0.4968, device='cuda:0', grad_fn=<DivBackward0>)
Memory status after this epoch: 
Memory allocated:  29.091796875
Memory cached:  48.0
	 epoch  40 training error:  tensor(0.4609, device='cuda:0', grad_fn=<DivBackward0>)
Memory status after this epoch: 
Memory allocated:  29.091796875
Memory cached:  48.0
	 epoch  50 training error:  tensor(0.4446, device='cuda:0', grad_fn=<DivBackward0>)
Memory status after this epoch: 
Memory allocated:  29.091796875
Memory cached:  48.0
	 epoch  60 training error:  tensor(0.4329, device='cuda:0', grad_fn=<DivBackward0>)
Memory status after this epoch: 
Memory allocated:  29.091796875
Memory cached:  48.0
	 epoch  70 training error:  tensor(0.4213, device='cuda:0', grad_fn=<DivBackward0>)
Memory status after this epoch: 
Memory allocated:  29.091796875
Memory cached:  48.0
	 epoch  80 training error:  tensor(0.4133, device='cuda:0', grad_fn=<DivBackward0>)
Memory status after this epoch: 
Memory allocated:  29.091796875
Memory cached:  48.0
	 epoch  90 training error:  tensor(0.4062, device='cuda:0', grad_fn=<DivBackward0>)
Memory status after this epoch: 
Memory allocated:  29.091796875
Memory cached:  48.0
