[I 2024-02-18 07:05:19,729] Trial 178 finished with value: 0.3003480136394501 and parameters: {'W_layers': 3, 'W_layer_units_exponent_0': 5, 'W_layer_units_exponent_1': 6, 'W_layer_units_exponent_2': 7, 'D_layers': 2, 'D_layer_units_exponent_0': 10, 'D_layer_units_exponent_1': 5, 'D_dagger_layers': 5, 'D_dagger_layer_units_exponent_0': 10, 'D_dagger_layer_units_exponent_1': 7, 'D_dagger_layer_units_exponent_2': 4, 'D_dagger_layer_units_exponent_3': 6, 'D_dagger_layer_units_exponent_4': 6, 'log_learning_rate': -3.5024565908127414, 'log_learning_rate_D': -4.157717756302252, 'log_learning_rate_D_dagger': -4.136609193537693, 'training_batch_size': 6, 'training_p': 2}. Best is trial 151 with value: 0.29889023303985596.
Time for this trial:  25.604389429092407
Memory status after this trial: 
Memory allocated:  1079.41845703125
Memory cached:  1190.0
--------------------  Trial  179   --------------------
Start timing: 
Parameters: 
{'W_layers': 3, 'W_layer_units_exponent_0': 5, 'W_layer_units_exponent_1': 6, 'W_layer_units_exponent_2': 7, 'D_layers': 2, 'D_layer_units_exponent_0': 10, 'D_layer_units_exponent_1': 5, 'D_dagger_layers': 5, 'D_dagger_layer_units_exponent_0': 10, 'D_dagger_layer_units_exponent_1': 7, 'D_dagger_layer_units_exponent_2': 4, 'D_dagger_layer_units_exponent_3': 6, 'D_dagger_layer_units_exponent_4': 6, 'log_learning_rate': -3.3663909726272006, 'log_learning_rate_D': -4.083134150877964, 'log_learning_rate_D_dagger': -4.350364490954785, 'training_batch_size': 6, 'training_p': 2}
	 epoch  0 training error:  tensor(0.7932, device='cuda:0', grad_fn=<DivBackward0>)
Memory status after this epoch: 
Memory allocated:  753.57275390625
Memory cached:  966.0
	 epoch  10 training error:  tensor(0.3255, device='cuda:0', grad_fn=<DivBackward0>)
Memory status after this epoch: 
Memory allocated:  753.57275390625
Memory cached:  966.0
	 epoch  20 training error:  tensor(0.3038, device='cuda:0', grad_fn=<DivBackward0>)
Memory status after this epoch: 
Memory allocated:  753.57275390625
Memory cached:  966.0
	 epoch  30 training error:  tensor(0.2908, device='cuda:0', grad_fn=<DivBackward0>)
Memory status after this epoch: 
Memory allocated:  753.57275390625
Memory cached:  966.0
	 epoch  40 training error:  tensor(0.2916, device='cuda:0', grad_fn=<DivBackward0>)
Memory status after this epoch: 
Memory allocated:  753.57275390625
Memory cached:  966.0
	 epoch  50 training error:  tensor(0.2846, device='cuda:0', grad_fn=<DivBackward0>)
Memory status after this epoch: 
Memory allocated:  753.57275390625
Memory cached:  966.0
	 epoch  60 training error:  tensor(0.2852, device='cuda:0', grad_fn=<DivBackward0>)
Memory status after this epoch: 
Memory allocated:  753.57275390625
Memory cached:  966.0
	 epoch  70 training error:  tensor(0.2843, device='cuda:0', grad_fn=<DivBackward0>)
Memory status after this epoch: 
Memory allocated:  753.57275390625
Memory cached:  966.0
	 epoch  80 training error:  tensor(0.2827, device='cuda:0', grad_fn=<DivBackward0>)
Memory status after this epoch: 
Memory allocated:  753.57275390625
Memory cached:  966.0
	 epoch  90 training error:  tensor(0.2829, device='cuda:0', grad_fn=<DivBackward0>)
Memory status after this epoch: 
Memory allocated:  753.57275390625
Memory cached:  966.0
[I 2024-02-18 07:05:45,599] Trial 179 finished with value: 0.2993858754634857 and parameters: {'W_layers': 3, 'W_layer_units_exponent_0': 5, 'W_layer_units_exponent_1': 6, 'W_layer_units_exponent_2': 7, 'D_layers': 2, 'D_layer_units_exponent_0': 10, 'D_layer_units_exponent_1': 5, 'D_dagger_layers': 5, 'D_dagger_layer_units_exponent_0': 10, 'D_dagger_layer_units_exponent_1': 7, 'D_dagger_layer_units_exponent_2': 4, 'D_dagger_layer_units_exponent_3': 6, 'D_dagger_layer_units_exponent_4': 6, 'log_learning_rate': -3.3663909726272006, 'log_learning_rate_D': -4.083134150877964, 'log_learning_rate_D_dagger': -4.350364490954785, 'training_batch_size': 6, 'training_p': 2}. Best is trial 151 with value: 0.29889023303985596.
Time for this trial:  25.438393592834473
Memory status after this trial: 
Memory allocated:  1079.41845703125
Memory cached:  1190.0
--------------------  Trial  180   --------------------
Start timing: 
Parameters: 
{'W_layers': 3, 'W_layer_units_exponent_0': 5, 'W_layer_units_exponent_1': 6, 'W_layer_units_exponent_2': 7, 'D_layers': 2, 'D_layer_units_exponent_0': 10, 'D_layer_units_exponent_1': 5, 'D_dagger_layers': 5, 'D_dagger_layer_units_exponent_0': 10, 'D_dagger_layer_units_exponent_1': 7, 'D_dagger_layer_units_exponent_2': 4, 'D_dagger_layer_units_exponent_3': 6, 'D_dagger_layer_units_exponent_4': 6, 'log_learning_rate': -3.2980016741427898, 'log_learning_rate_D': -4.024883082158535, 'log_learning_rate_D_dagger': -4.332287743635912, 'training_batch_size': 6, 'training_p': 2}
	 epoch  0 training error:  tensor(1.0558, device='cuda:0', grad_fn=<DivBackward0>)
Memory status after this epoch: 
Memory allocated:  753.57275390625
Memory cached:  966.0
	 epoch  10 training error:  tensor(0.3108, device='cuda:0', grad_fn=<DivBackward0>)
Memory status after this epoch: 
Memory allocated:  753.57275390625
Memory cached:  966.0
	 epoch  20 training error:  tensor(0.2988, device='cuda:0', grad_fn=<DivBackward0>)
Memory status after this epoch: 
Memory allocated:  753.57275390625
Memory cached:  966.0
	 epoch  30 training error:  tensor(0.2930, device='cuda:0', grad_fn=<DivBackward0>)
Memory status after this epoch: 
Memory allocated:  753.57275390625
Memory cached:  966.0
	 epoch  40 training error:  tensor(0.2886, device='cuda:0', grad_fn=<DivBackward0>)
Memory status after this epoch: 
Memory allocated:  753.57275390625
Memory cached:  966.0
	 epoch  50 training error:  tensor(0.2866, device='cuda:0', grad_fn=<DivBackward0>)
Memory status after this epoch: 
Memory allocated:  753.57275390625
Memory cached:  966.0
	 epoch  60 training error:  tensor(0.2860, device='cuda:0', grad_fn=<DivBackward0>)
Memory status after this epoch: 
Memory allocated:  753.57275390625
Memory cached:  966.0
	 epoch  70 training error:  tensor(0.2858, device='cuda:0', grad_fn=<DivBackward0>)
Memory status after this epoch: 
Memory allocated:  753.57275390625
Memory cached:  966.0
	 epoch  80 training error:  tensor(0.2841, device='cuda:0', grad_fn=<DivBackward0>)
Memory status after this epoch: 
Memory allocated:  753.57275390625
Memory cached:  966.0
	 epoch  90 training error:  tensor(0.2860, device='cuda:0', grad_fn=<DivBackward0>)
Memory status after this epoch: 
Memory allocated:  753.57275390625
Memory cached:  966.0
[I 2024-02-18 07:06:11,087] Trial 180 finished with value: 0.3003251254558563 and parameters: {'W_layers': 3, 'W_layer_units_exponent_0': 5, 'W_layer_units_exponent_1': 6, 'W_layer_units_exponent_2': 7, 'D_layers': 2, 'D_layer_units_exponent_0': 10, 'D_layer_units_exponent_1': 5, 'D_dagger_layers': 5, 'D_dagger_layer_units_exponent_0': 10, 'D_dagger_layer_units_exponent_1': 7, 'D_dagger_layer_units_exponent_2': 4, 'D_dagger_layer_units_exponent_3': 6, 'D_dagger_layer_units_exponent_4': 6, 'log_learning_rate': -3.2980016741427898, 'log_learning_rate_D': -4.024883082158535, 'log_learning_rate_D_dagger': -4.332287743635912, 'training_batch_size': 6, 'training_p': 2}. Best is trial 151 with value: 0.29889023303985596.
Time for this trial:  25.14223551750183
Memory status after this trial: 
Memory allocated:  1079.41845703125
Memory cached:  1190.0
--------------------  Trial  181   --------------------
Start timing: 
Parameters: 
{'W_layers': 3, 'W_layer_units_exponent_0': 5, 'W_layer_units_exponent_1': 6, 'W_layer_units_exponent_2': 7, 'D_layers': 2, 'D_layer_units_exponent_0': 10, 'D_layer_units_exponent_1': 5, 'D_dagger_layers': 5, 'D_dagger_layer_units_exponent_0': 10, 'D_dagger_layer_units_exponent_1': 7, 'D_dagger_layer_units_exponent_2': 4, 'D_dagger_layer_units_exponent_3': 6, 'D_dagger_layer_units_exponent_4': 6, 'log_learning_rate': -3.4333246196945275, 'log_learning_rate_D': -4.238270822530106, 'log_learning_rate_D_dagger': -4.438140411585013, 'training_batch_size': 6, 'training_p': 2}
	 epoch  0 training error:  tensor(0.9058, device='cuda:0', grad_fn=<DivBackward0>)
Memory status after this epoch: 
Memory allocated:  753.57275390625
Memory cached:  966.0
	 epoch  10 training error:  tensor(0.3184, device='cuda:0', grad_fn=<DivBackward0>)
Memory status after this epoch: 
Memory allocated:  753.57275390625
Memory cached:  966.0
	 epoch  20 training error:  tensor(0.3061, device='cuda:0', grad_fn=<DivBackward0>)
Memory status after this epoch: 
Memory allocated:  753.57275390625
Memory cached:  966.0
	 epoch  30 training error:  tensor(0.2984, device='cuda:0', grad_fn=<DivBackward0>)
Memory status after this epoch: 
Memory allocated:  753.57275390625
Memory cached:  966.0
	 epoch  40 training error:  tensor(0.2904, device='cuda:0', grad_fn=<DivBackward0>)
Memory status after this epoch: 
Memory allocated:  753.57275390625
Memory cached:  966.0
	 epoch  50 training error:  tensor(0.2881, device='cuda:0', grad_fn=<DivBackward0>)
Memory status after this epoch: 
Memory allocated:  753.57275390625
Memory cached:  966.0
	 epoch  60 training error:  tensor(0.2871, device='cuda:0', grad_fn=<DivBackward0>)
Memory status after this epoch: 
Memory allocated:  753.57275390625
Memory cached:  966.0
	 epoch  70 training error:  tensor(0.2867, device='cuda:0', grad_fn=<DivBackward0>)
Memory status after this epoch: 
Memory allocated:  753.57275390625
Memory cached:  966.0
	 epoch  80 training error:  tensor(0.2849, device='cuda:0', grad_fn=<DivBackward0>)
Memory status after this epoch: 
Memory allocated:  753.57275390625
Memory cached:  966.0
	 epoch  90 training error:  tensor(0.2840, device='cuda:0', grad_fn=<DivBackward0>)
Memory status after this epoch: 
Memory allocated:  753.57275390625
Memory cached:  966.0
[I 2024-02-18 07:06:36,953] Trial 181 finished with value: 0.30184656381607056 and parameters: {'W_layers': 3, 'W_layer_units_exponent_0': 5, 'W_layer_units_exponent_1': 6, 'W_layer_units_exponent_2': 7, 'D_layers': 2, 'D_layer_units_exponent_0': 10, 'D_layer_units_exponent_1': 5, 'D_dagger_layers': 5, 'D_dagger_layer_units_exponent_0': 10, 'D_dagger_layer_units_exponent_1': 7, 'D_dagger_layer_units_exponent_2': 4, 'D_dagger_layer_units_exponent_3': 6, 'D_dagger_layer_units_exponent_4': 6, 'log_learning_rate': -3.4333246196945275, 'log_learning_rate_D': -4.238270822530106, 'log_learning_rate_D_dagger': -4.438140411585013, 'training_batch_size': 6, 'training_p': 2}. Best is trial 151 with value: 0.29889023303985596.
Time for this trial:  25.49036455154419
Memory status after this trial: 
Memory allocated:  1079.41845703125
Memory cached:  1190.0
--------------------  Trial  182   --------------------
Start timing: 
Parameters: 
{'W_layers': 4, 'W_layer_units_exponent_0': 5, 'W_layer_units_exponent_1': 6, 'W_layer_units_exponent_2': 7, 'W_layer_units_exponent_3': 6, 'D_layers': 2, 'D_layer_units_exponent_0': 10, 'D_layer_units_exponent_1': 5, 'D_dagger_layers': 5, 'D_dagger_layer_units_exponent_0': 10, 'D_dagger_layer_units_exponent_1': 7, 'D_dagger_layer_units_exponent_2': 4, 'D_dagger_layer_units_exponent_3': 6, 'D_dagger_layer_units_exponent_4': 6, 'log_learning_rate': -3.6368022089922, 'log_learning_rate_D': -4.1089540179094985, 'log_learning_rate_D_dagger': -4.225775601254657, 'training_batch_size': 6, 'training_p': 2}
	 epoch  0 training error:  tensor(0.8243, device='cuda:0', grad_fn=<DivBackward0>)
Memory status after this epoch: 
Memory allocated:  753.69970703125
Memory cached:  966.0
	 epoch  10 training error:  tensor(0.3099, device='cuda:0', grad_fn=<DivBackward0>)
Memory status after this epoch: 
Memory allocated:  753.69970703125
Memory cached:  966.0
	 epoch  20 training error:  tensor(0.2982, device='cuda:0', grad_fn=<DivBackward0>)
Memory status after this epoch: 
Memory allocated:  753.69970703125
Memory cached:  966.0
	 epoch  30 training error:  tensor(0.2913, device='cuda:0', grad_fn=<DivBackward0>)
Memory status after this epoch: 
Memory allocated:  753.69970703125
Memory cached:  966.0
	 epoch  40 training error:  tensor(0.2875, device='cuda:0', grad_fn=<DivBackward0>)
Memory status after this epoch: 
Memory allocated:  753.69970703125
Memory cached:  966.0
	 epoch  50 training error:  tensor(0.2852, device='cuda:0', grad_fn=<DivBackward0>)
Memory status after this epoch: 
Memory allocated:  753.69970703125
Memory cached:  966.0
	 epoch  60 training error:  tensor(0.2844, device='cuda:0', grad_fn=<DivBackward0>)
Memory status after this epoch: 
Memory allocated:  753.69970703125
Memory cached:  966.0
	 epoch  70 training error:  tensor(0.2856, device='cuda:0', grad_fn=<DivBackward0>)
Memory status after this epoch: 
Memory allocated:  753.69970703125
Memory cached:  966.0
	 epoch  80 training error:  tensor(0.2843, device='cuda:0', grad_fn=<DivBackward0>)
Memory status after this epoch: 
Memory allocated:  753.69970703125
Memory cached:  966.0
	 epoch  90 training error:  tensor(0.2834, device='cuda:0', grad_fn=<DivBackward0>)
Memory status after this epoch: 
Memory allocated:  753.69970703125
Memory cached:  966.0
[I 2024-02-18 07:07:03,471] Trial 182 finished with value: 0.30129683017730713 and parameters: {'W_layers': 4, 'W_layer_units_exponent_0': 5, 'W_layer_units_exponent_1': 6, 'W_layer_units_exponent_2': 7, 'W_layer_units_exponent_3': 6, 'D_layers': 2, 'D_layer_units_exponent_0': 10, 'D_layer_units_exponent_1': 5, 'D_dagger_layers': 5, 'D_dagger_layer_units_exponent_0': 10, 'D_dagger_layer_units_exponent_1': 7, 'D_dagger_layer_units_exponent_2': 4, 'D_dagger_layer_units_exponent_3': 6, 'D_dagger_layer_units_exponent_4': 6, 'log_learning_rate': -3.6368022089922, 'log_learning_rate_D': -4.1089540179094985, 'log_learning_rate_D_dagger': -4.225775601254657, 'training_batch_size': 6, 'training_p': 2}. Best is trial 151 with value: 0.29889023303985596.
Time for this trial:  26.146313667297363
Memory status after this trial: 
Memory allocated:  1095.57568359375
Memory cached:  1190.0
--------------------  Trial  183   --------------------
Start timing: 
Parameters: 
{'W_layers': 3, 'W_layer_units_exponent_0': 5, 'W_layer_units_exponent_1': 6, 'W_layer_units_exponent_2': 7, 'D_layers': 2, 'D_layer_units_exponent_0': 10, 'D_layer_units_exponent_1': 5, 'D_dagger_layers': 5, 'D_dagger_layer_units_exponent_0': 10, 'D_dagger_layer_units_exponent_1': 7, 'D_dagger_layer_units_exponent_2': 4, 'D_dagger_layer_units_exponent_3': 6, 'D_dagger_layer_units_exponent_4': 6, 'log_learning_rate': -3.5350367431040217, 'log_learning_rate_D': -3.889149577997871, 'log_learning_rate_D_dagger': -4.19918798713913, 'training_batch_size': 6, 'training_p': 2}
	 epoch  0 training error:  tensor(0.8863, device='cuda:0', grad_fn=<DivBackward0>)
Memory status after this epoch: 
Memory allocated:  753.57275390625
Memory cached:  966.0
	 epoch  10 training error:  tensor(0.3133, device='cuda:0', grad_fn=<DivBackward0>)
Memory status after this epoch: 
Memory allocated:  753.57275390625
Memory cached:  966.0
	 epoch  20 training error:  tensor(0.2983, device='cuda:0', grad_fn=<DivBackward0>)
Memory status after this epoch: 
Memory allocated:  753.57275390625
Memory cached:  966.0
	 epoch  30 training error:  tensor(0.2898, device='cuda:0', grad_fn=<DivBackward0>)
Memory status after this epoch: 
Memory allocated:  753.57275390625
Memory cached:  966.0
	 epoch  40 training error:  tensor(0.2872, device='cuda:0', grad_fn=<DivBackward0>)
Memory status after this epoch: 
Memory allocated:  753.57275390625
Memory cached:  966.0
	 epoch  50 training error:  tensor(0.2870, device='cuda:0', grad_fn=<DivBackward0>)
Memory status after this epoch: 
Memory allocated:  753.57275390625
Memory cached:  966.0
	 epoch  60 training error:  tensor(0.2861, device='cuda:0', grad_fn=<DivBackward0>)
Memory status after this epoch: 
Memory allocated:  753.57275390625
Memory cached:  966.0
	 epoch  70 training error:  tensor(0.2838, device='cuda:0', grad_fn=<DivBackward0>)
Memory status after this epoch: 
Memory allocated:  753.57275390625
Memory cached:  966.0
	 epoch  80 training error:  tensor(0.2838, device='cuda:0', grad_fn=<DivBackward0>)
Memory status after this epoch: 
Memory allocated:  753.57275390625
Memory cached:  966.0
	 epoch  90 training error:  tensor(0.2835, device='cuda:0', grad_fn=<DivBackward0>)
Memory status after this epoch: 
Memory allocated:  753.57275390625
Memory cached:  966.0
[I 2024-02-18 07:07:29,131] Trial 183 finished with value: 0.30042868852615356 and parameters: {'W_layers': 3, 'W_layer_units_exponent_0': 5, 'W_layer_units_exponent_1': 6, 'W_layer_units_exponent_2': 7, 'D_layers': 2, 'D_layer_units_exponent_0': 10, 'D_layer_units_exponent_1': 5, 'D_dagger_layers': 5, 'D_dagger_layer_units_exponent_0': 10, 'D_dagger_layer_units_exponent_1': 7, 'D_dagger_layer_units_exponent_2': 4, 'D_dagger_layer_units_exponent_3': 6, 'D_dagger_layer_units_exponent_4': 6, 'log_learning_rate': -3.5350367431040217, 'log_learning_rate_D': -3.889149577997871, 'log_learning_rate_D_dagger': -4.19918798713913, 'training_batch_size': 6, 'training_p': 2}. Best is trial 151 with value: 0.29889023303985596.
Time for this trial:  25.225866079330444
Memory status after this trial: 
Memory allocated:  1079.41845703125
Memory cached:  1190.0
--------------------  Trial  184   --------------------
Start timing: 
Parameters: 
{'W_layers': 3, 'W_layer_units_exponent_0': 5, 'W_layer_units_exponent_1': 6, 'W_layer_units_exponent_2': 7, 'D_layers': 2, 'D_layer_units_exponent_0': 10, 'D_layer_units_exponent_1': 5, 'D_dagger_layers': 5, 'D_dagger_layer_units_exponent_0': 10, 'D_dagger_layer_units_exponent_1': 7, 'D_dagger_layer_units_exponent_2': 4, 'D_dagger_layer_units_exponent_3': 6, 'D_dagger_layer_units_exponent_4': 5, 'log_learning_rate': -3.344389696268395, 'log_learning_rate_D': -3.9967318684314366, 'log_learning_rate_D_dagger': -3.899693012055628, 'training_batch_size': 12, 'training_p': 2}
	 epoch  0 training error:  tensor(1.0908, device='cuda:0', grad_fn=<DivBackward0>)
Memory status after this epoch: 
Memory allocated:  753.63916015625
Memory cached:  966.0
	 epoch  10 training error:  tensor(0.3791, device='cuda:0', grad_fn=<DivBackward0>)
Memory status after this epoch: 
Memory allocated:  753.63916015625
Memory cached:  966.0
	 epoch  20 training error:  tensor(0.3175, device='cuda:0', grad_fn=<DivBackward0>)
Memory status after this epoch: 
Memory allocated:  753.63916015625
Memory cached:  966.0
	 epoch  30 training error:  tensor(0.3155, device='cuda:0', grad_fn=<DivBackward0>)
Memory status after this epoch: 
Memory allocated:  753.63916015625
Memory cached:  966.0
	 epoch  40 training error:  tensor(0.3096, device='cuda:0', grad_fn=<DivBackward0>)
Memory status after this epoch: 
Memory allocated:  753.63916015625
Memory cached:  966.0
	 epoch  50 training error:  tensor(0.3007, device='cuda:0', grad_fn=<DivBackward0>)
Memory status after this epoch: 
Memory allocated:  753.63916015625
Memory cached:  966.0
	 epoch  60 training error:  tensor(0.2955, device='cuda:0', grad_fn=<DivBackward0>)
Memory status after this epoch: 
Memory allocated:  753.63916015625
Memory cached:  966.0
	 epoch  70 training error:  tensor(0.2941, device='cuda:0', grad_fn=<DivBackward0>)
Memory status after this epoch: 
Memory allocated:  753.63916015625
Memory cached:  966.0
	 epoch  80 training error:  tensor(0.2926, device='cuda:0', grad_fn=<DivBackward0>)
Memory status after this epoch: 
Memory allocated:  753.63916015625
Memory cached:  966.0
	 epoch  90 training error:  tensor(0.2892, device='cuda:0', grad_fn=<DivBackward0>)
Memory status after this epoch: 
Memory allocated:  753.63916015625
Memory cached:  966.0
