[I 2023-12-03 05:19:57,177] Trial 14 finished with value: 0.04378952831029892 and parameters: {'W_layers': 5, 'W_layer_units_exponent_0': 8, 'W_layer_units_exponent_1': 4, 'W_layer_units_exponent_2': 8, 'W_layer_units_exponent_3': 4, 'W_layer_units_exponent_4': 8, 'D_layers': 2, 'D_layer_units_exponent_0': 7, 'D_layer_units_exponent_1': 8, 'D_dagger_layers': 2, 'D_dagger_layer_units_exponent_0': 5, 'D_dagger_layer_units_exponent_1': 4, 'log_learning_rate': -2.784915975312702, 'log_learning_rate_D': -4.2878447550635705, 'log_learning_rate_D_dagger': -2.5500874317636133, 'training_batch_size': 12, 'training_p': 6}. Best is trial 14 with value: 0.04378952831029892.
res:  tensor(0.0438, device='cuda:0', grad_fn=<DivBackward0>)
self.bestValue:  tensor(0.0478, device='cuda:0', grad_fn=<DivBackward0>)
Save this model!
Time for this trial:  137.6050066947937
Memory status after this trial: 
Memory allocated:  62.88232421875
Memory cached:  296.0
--------------------  Trial  15   --------------------
Start timing: 
Parameters: 
{'W_layers': 6, 'W_layer_units_exponent_0': 10, 'W_layer_units_exponent_1': 5, 'W_layer_units_exponent_2': 9, 'W_layer_units_exponent_3': 4, 'W_layer_units_exponent_4': 8, 'W_layer_units_exponent_5': 7, 'D_layers': 2, 'D_layer_units_exponent_0': 10, 'D_layer_units_exponent_1': 8, 'D_dagger_layers': 2, 'D_dagger_layer_units_exponent_0': 5, 'D_dagger_layer_units_exponent_1': 6, 'log_learning_rate': -2.7647012021231134, 'log_learning_rate_D': -4.403381715261373, 'log_learning_rate_D_dagger': -2.493595519986266, 'training_batch_size': 12, 'training_p': 8}
	 epoch  0 training error:  tensor(0.5914, device='cuda:0', grad_fn=<DivBackward0>)
Memory status after this epoch: 
Memory allocated:  68.52978515625
Memory cached:  288.0
	 epoch  10 training error:  tensor(0.6022, device='cuda:0', grad_fn=<DivBackward0>)
Memory status after this epoch: 
Memory allocated:  68.52978515625
Memory cached:  322.0
	 epoch  20 training error:  tensor(0.0966, device='cuda:0', grad_fn=<DivBackward0>)
Memory status after this epoch: 
Memory allocated:  68.52978515625
Memory cached:  322.0
	 epoch  30 training error:  tensor(0.1612, device='cuda:0', grad_fn=<DivBackward0>)
Memory status after this epoch: 
Memory allocated:  68.52978515625
Memory cached:  326.0
	 epoch  40 training error:  tensor(0.0768, device='cuda:0', grad_fn=<DivBackward0>)
Memory status after this epoch: 
Memory allocated:  68.52978515625
Memory cached:  322.0
	 epoch  50 training error:  tensor(0.0807, device='cuda:0', grad_fn=<DivBackward0>)
Memory status after this epoch: 
Memory allocated:  68.52978515625
Memory cached:  320.0
	 epoch  60 training error:  tensor(0.0668, device='cuda:0', grad_fn=<DivBackward0>)
Memory status after this epoch: 
Memory allocated:  68.52978515625
Memory cached:  320.0
	 epoch  70 training error:  tensor(0.0620, device='cuda:0', grad_fn=<DivBackward0>)
Memory status after this epoch: 
Memory allocated:  68.52978515625
Memory cached:  318.0
	 epoch  80 training error:  tensor(0.0567, device='cuda:0', grad_fn=<DivBackward0>)
Memory status after this epoch: 
Memory allocated:  68.52978515625
Memory cached:  328.0
	 epoch  90 training error:  tensor(0.0544, device='cuda:0', grad_fn=<DivBackward0>)
Memory status after this epoch: 
Memory allocated:  68.52978515625
Memory cached:  318.0
[I 2023-12-03 05:22:36,432] Trial 15 finished with value: 0.045454736799001694 and parameters: {'W_layers': 6, 'W_layer_units_exponent_0': 10, 'W_layer_units_exponent_1': 5, 'W_layer_units_exponent_2': 9, 'W_layer_units_exponent_3': 4, 'W_layer_units_exponent_4': 8, 'W_layer_units_exponent_5': 7, 'D_layers': 2, 'D_layer_units_exponent_0': 10, 'D_layer_units_exponent_1': 8, 'D_dagger_layers': 2, 'D_dagger_layer_units_exponent_0': 5, 'D_dagger_layer_units_exponent_1': 6, 'log_learning_rate': -2.7647012021231134, 'log_learning_rate_D': -4.403381715261373, 'log_learning_rate_D_dagger': -2.493595519986266, 'training_batch_size': 12, 'training_p': 8}. Best is trial 14 with value: 0.04378952831029892.
Time for this trial:  159.05589079856873
Memory status after this trial: 
Memory allocated:  240.6923828125
Memory cached:  310.0
--------------------  Trial  16   --------------------
Start timing: 
Parameters: 
{'W_layers': 6, 'W_layer_units_exponent_0': 9, 'W_layer_units_exponent_1': 6, 'W_layer_units_exponent_2': 8, 'W_layer_units_exponent_3': 6, 'W_layer_units_exponent_4': 8, 'W_layer_units_exponent_5': 7, 'D_layers': 2, 'D_layer_units_exponent_0': 7, 'D_layer_units_exponent_1': 8, 'D_dagger_layers': 2, 'D_dagger_layer_units_exponent_0': 5, 'D_dagger_layer_units_exponent_1': 6, 'log_learning_rate': -2.6189157088028368, 'log_learning_rate_D': -4.8577437015115335, 'log_learning_rate_D_dagger': -2.4655513358622207, 'training_batch_size': 12, 'training_p': 8}
	 epoch  0 training error:  tensor(0.6219, device='cuda:0', grad_fn=<DivBackward0>)
Memory status after this epoch: 
Memory allocated:  65.25439453125
Memory cached:  280.0
	 epoch  10 training error:  tensor(0.7793, device='cuda:0', grad_fn=<DivBackward0>)
Memory status after this epoch: 
Memory allocated:  65.25439453125
Memory cached:  280.0
	 epoch  20 training error:  tensor(0.1197, device='cuda:0', grad_fn=<DivBackward0>)
Memory status after this epoch: 
Memory allocated:  65.25439453125
Memory cached:  280.0
	 epoch  30 training error:  tensor(0.1652, device='cuda:0', grad_fn=<DivBackward0>)
Memory status after this epoch: 
Memory allocated:  65.25439453125
Memory cached:  280.0
	 epoch  40 training error:  tensor(0.1081, device='cuda:0', grad_fn=<DivBackward0>)
Memory status after this epoch: 
Memory allocated:  65.25439453125
Memory cached:  280.0
	 epoch  50 training error:  tensor(0.0977, device='cuda:0', grad_fn=<DivBackward0>)
Memory status after this epoch: 
Memory allocated:  65.25439453125
Memory cached:  280.0
	 epoch  60 training error:  tensor(0.0758, device='cuda:0', grad_fn=<DivBackward0>)
Memory status after this epoch: 
Memory allocated:  65.25439453125
Memory cached:  280.0
	 epoch  70 training error:  tensor(0.0723, device='cuda:0', grad_fn=<DivBackward0>)
Memory status after this epoch: 
Memory allocated:  65.25439453125
Memory cached:  280.0
	 epoch  80 training error:  tensor(0.0680, device='cuda:0', grad_fn=<DivBackward0>)
Memory status after this epoch: 
Memory allocated:  65.25439453125
Memory cached:  280.0
	 epoch  90 training error:  tensor(0.0670, device='cuda:0', grad_fn=<DivBackward0>)
Memory status after this epoch: 
Memory allocated:  65.25439453125
Memory cached:  280.0
[I 2023-12-03 05:25:02,252] Trial 16 finished with value: 0.049248989671468735 and parameters: {'W_layers': 6, 'W_layer_units_exponent_0': 9, 'W_layer_units_exponent_1': 6, 'W_layer_units_exponent_2': 8, 'W_layer_units_exponent_3': 6, 'W_layer_units_exponent_4': 8, 'W_layer_units_exponent_5': 7, 'D_layers': 2, 'D_layer_units_exponent_0': 7, 'D_layer_units_exponent_1': 8, 'D_dagger_layers': 2, 'D_dagger_layer_units_exponent_0': 5, 'D_dagger_layer_units_exponent_1': 6, 'log_learning_rate': -2.6189157088028368, 'log_learning_rate_D': -4.8577437015115335, 'log_learning_rate_D_dagger': -2.4655513358622207, 'training_batch_size': 12, 'training_p': 8}. Best is trial 14 with value: 0.04378952831029892.
Time for this trial:  145.6048719882965
Memory status after this trial: 
Memory allocated:  154.767578125
Memory cached:  278.0
--------------------  Trial  17   --------------------
Start timing: 
Parameters: 
{'W_layers': 6, 'W_layer_units_exponent_0': 8, 'W_layer_units_exponent_1': 5, 'W_layer_units_exponent_2': 8, 'W_layer_units_exponent_3': 4, 'W_layer_units_exponent_4': 7, 'W_layer_units_exponent_5': 7, 'D_layers': 3, 'D_layer_units_exponent_0': 8, 'D_layer_units_exponent_1': 8, 'D_layer_units_exponent_2': 6, 'D_dagger_layers': 2, 'D_dagger_layer_units_exponent_0': 5, 'D_dagger_layer_units_exponent_1': 6, 'log_learning_rate': -2.7844042422989768, 'log_learning_rate_D': -3.977223108941701, 'log_learning_rate_D_dagger': -2.405761634421278, 'training_batch_size': 10, 'training_p': 7}
	 epoch  0 training error:  tensor(0.4830, device='cuda:0', grad_fn=<DivBackward0>)
Memory status after this epoch: 
Memory allocated:  64.84814453125
Memory cached:  280.0
	 epoch  10 training error:  tensor(0.2898, device='cuda:0', grad_fn=<DivBackward0>)
Memory status after this epoch: 
Memory allocated:  64.84814453125
Memory cached:  280.0
	 epoch  20 training error:  tensor(0.0842, device='cuda:0', grad_fn=<DivBackward0>)
Memory status after this epoch: 
Memory allocated:  64.84814453125
Memory cached:  280.0
	 epoch  30 training error:  tensor(0.0679, device='cuda:0', grad_fn=<DivBackward0>)
Memory status after this epoch: 
Memory allocated:  64.84814453125
Memory cached:  280.0
	 epoch  40 training error:  tensor(0.0659, device='cuda:0', grad_fn=<DivBackward0>)
Memory status after this epoch: 
Memory allocated:  64.84814453125
Memory cached:  280.0
	 epoch  50 training error:  tensor(0.0624, device='cuda:0', grad_fn=<DivBackward0>)
Memory status after this epoch: 
Memory allocated:  64.84814453125
Memory cached:  280.0
	 epoch  60 training error:  tensor(0.0565, device='cuda:0', grad_fn=<DivBackward0>)
Memory status after this epoch: 
Memory allocated:  64.84814453125
Memory cached:  280.0
	 epoch  70 training error:  tensor(0.0537, device='cuda:0', grad_fn=<DivBackward0>)
Memory status after this epoch: 
Memory allocated:  64.84814453125
Memory cached:  280.0
	 epoch  80 training error:  tensor(0.0504, device='cuda:0', grad_fn=<DivBackward0>)
Memory status after this epoch: 
Memory allocated:  64.84814453125
Memory cached:  280.0
	 epoch  90 training error:  tensor(0.0488, device='cuda:0', grad_fn=<DivBackward0>)
Memory status after this epoch: 
Memory allocated:  64.84814453125
Memory cached:  280.0
[I 2023-12-03 05:27:31,787] Trial 17 finished with value: 0.0411190502345562 and parameters: {'W_layers': 6, 'W_layer_units_exponent_0': 8, 'W_layer_units_exponent_1': 5, 'W_layer_units_exponent_2': 8, 'W_layer_units_exponent_3': 4, 'W_layer_units_exponent_4': 7, 'W_layer_units_exponent_5': 7, 'D_layers': 3, 'D_layer_units_exponent_0': 8, 'D_layer_units_exponent_1': 8, 'D_layer_units_exponent_2': 6, 'D_dagger_layers': 2, 'D_dagger_layer_units_exponent_0': 5, 'D_dagger_layer_units_exponent_1': 6, 'log_learning_rate': -2.7844042422989768, 'log_learning_rate_D': -3.977223108941701, 'log_learning_rate_D_dagger': -2.405761634421278, 'training_batch_size': 10, 'training_p': 7}. Best is trial 17 with value: 0.0411190502345562.
res:  tensor(0.0411, device='cuda:0', grad_fn=<DivBackward0>)
self.bestValue:  tensor(0.0438, device='cuda:0', grad_fn=<DivBackward0>)
Save this model!
Time for this trial:  149.29895663261414
Memory status after this trial: 
Memory allocated:  78.75732421875
Memory cached:  254.0
--------------------  Trial  18   --------------------
Start timing: 
Parameters: 
{'W_layers': 5, 'W_layer_units_exponent_0': 8, 'W_layer_units_exponent_1': 6, 'W_layer_units_exponent_2': 8, 'W_layer_units_exponent_3': 6, 'W_layer_units_exponent_4': 7, 'D_layers': 3, 'D_layer_units_exponent_0': 8, 'D_layer_units_exponent_1': 10, 'D_layer_units_exponent_2': 6, 'D_dagger_layers': 3, 'D_dagger_layer_units_exponent_0': 6, 'D_dagger_layer_units_exponent_1': 8, 'D_dagger_layer_units_exponent_2': 8, 'log_learning_rate': -2.9227857468503795, 'log_learning_rate_D': -4.060073618302062, 'log_learning_rate_D_dagger': -1.7877862880975277, 'training_batch_size': 10, 'training_p': 7}
	 epoch  0 training error:  tensor(0.6327, device='cuda:0', grad_fn=<DivBackward0>)
Memory status after this epoch: 
Memory allocated:  85.99267578125
Memory cached:  250.0
	 epoch  10 training error:  tensor(0.6982, device='cuda:0', grad_fn=<DivBackward0>)
Memory status after this epoch: 
Memory allocated:  85.99267578125
Memory cached:  270.0
	 epoch  20 training error:  tensor(0.4695, device='cuda:0', grad_fn=<DivBackward0>)
Memory status after this epoch: 
Memory allocated:  85.99267578125
Memory cached:  264.0
	 epoch  30 training error:  tensor(0.1712, device='cuda:0', grad_fn=<DivBackward0>)
Memory status after this epoch: 
Memory allocated:  85.99267578125
Memory cached:  268.0
	 epoch  40 training error:  tensor(0.1403, device='cuda:0', grad_fn=<DivBackward0>)
Memory status after this epoch: 
Memory allocated:  85.99267578125
Memory cached:  266.0
	 epoch  50 training error:  tensor(0.1295, device='cuda:0', grad_fn=<DivBackward0>)
Memory status after this epoch: 
Memory allocated:  85.99267578125
Memory cached:  266.0
	 epoch  60 training error:  tensor(0.0924, device='cuda:0', grad_fn=<DivBackward0>)
Memory status after this epoch: 
Memory allocated:  85.99267578125
Memory cached:  266.0
	 epoch  70 training error:  tensor(0.0914, device='cuda:0', grad_fn=<DivBackward0>)
Memory status after this epoch: 
Memory allocated:  85.99267578125
Memory cached:  266.0
	 epoch  80 training error:  tensor(0.0761, device='cuda:0', grad_fn=<DivBackward0>)
Memory status after this epoch: 
Memory allocated:  85.99267578125
Memory cached:  266.0
	 epoch  90 training error:  tensor(0.0924, device='cuda:0', grad_fn=<DivBackward0>)
Memory status after this epoch: 
Memory allocated:  85.99267578125
Memory cached:  264.0
[I 2023-12-03 05:30:13,228] Trial 18 finished with value: 0.06447680294513702 and parameters: {'W_layers': 5, 'W_layer_units_exponent_0': 8, 'W_layer_units_exponent_1': 6, 'W_layer_units_exponent_2': 8, 'W_layer_units_exponent_3': 6, 'W_layer_units_exponent_4': 7, 'D_layers': 3, 'D_layer_units_exponent_0': 8, 'D_layer_units_exponent_1': 10, 'D_layer_units_exponent_2': 6, 'D_dagger_layers': 3, 'D_dagger_layer_units_exponent_0': 6, 'D_dagger_layer_units_exponent_1': 8, 'D_dagger_layer_units_exponent_2': 8, 'log_learning_rate': -2.9227857468503795, 'log_learning_rate_D': -4.060073618302062, 'log_learning_rate_D_dagger': -1.7877862880975277, 'training_batch_size': 10, 'training_p': 7}. Best is trial 17 with value: 0.0411190502345562.
Time for this trial:  161.2572524547577
Memory status after this trial: 
Memory allocated:  222.107421875
Memory cached:  258.0
--------------------  Trial  19   --------------------
Start timing: 
Parameters: 
{'W_layers': 7, 'W_layer_units_exponent_0': 6, 'W_layer_units_exponent_1': 6, 'W_layer_units_exponent_2': 6, 'W_layer_units_exponent_3': 5, 'W_layer_units_exponent_4': 7, 'W_layer_units_exponent_5': 9, 'W_layer_units_exponent_6': 10, 'D_layers': 3, 'D_layer_units_exponent_0': 7, 'D_layer_units_exponent_1': 7, 'D_layer_units_exponent_2': 6, 'D_dagger_layers': 2, 'D_dagger_layer_units_exponent_0': 6, 'D_dagger_layer_units_exponent_1': 5, 'log_learning_rate': -2.380791387285803, 'log_learning_rate_D': -4.982476128361488, 'log_learning_rate_D_dagger': -3.648303028615889, 'training_batch_size': 9, 'training_p': 7}
	 epoch  0 training error:  tensor(0.3893, device='cuda:0', grad_fn=<DivBackward0>)
Memory status after this epoch: 
Memory allocated:  88.49267578125
Memory cached:  268.0
	 epoch  10 training error:  tensor(0.3605, device='cuda:0', grad_fn=<DivBackward0>)
Memory status after this epoch: 
Memory allocated:  88.49267578125
Memory cached:  274.0
	 epoch  20 training error:  tensor(0.3358, device='cuda:0', grad_fn=<DivBackward0>)
Memory status after this epoch: 
Memory allocated:  88.49267578125
Memory cached:  276.0
	 epoch  30 training error:  tensor(0.2779, device='cuda:0', grad_fn=<DivBackward0>)
Memory status after this epoch: 
Memory allocated:  88.49267578125
Memory cached:  276.0
	 epoch  40 training error:  tensor(0.2329, device='cuda:0', grad_fn=<DivBackward0>)
Memory status after this epoch: 
Memory allocated:  88.49267578125
Memory cached:  270.0
	 epoch  50 training error:  tensor(0.1848, device='cuda:0', grad_fn=<DivBackward0>)
Memory status after this epoch: 
Memory allocated:  88.49267578125
Memory cached:  274.0
	 epoch  60 training error:  tensor(0.1417, device='cuda:0', grad_fn=<DivBackward0>)
Memory status after this epoch: 
Memory allocated:  88.49267578125
Memory cached:  278.0
	 epoch  70 training error:  tensor(0.1285, device='cuda:0', grad_fn=<DivBackward0>)
Memory status after this epoch: 
Memory allocated:  88.49267578125
Memory cached:  276.0
	 epoch  80 training error:  tensor(0.1204, device='cuda:0', grad_fn=<DivBackward0>)
Memory status after this epoch: 
Memory allocated:  88.49267578125
Memory cached:  280.0
	 epoch  90 training error:  tensor(0.1106, device='cuda:0', grad_fn=<DivBackward0>)
Memory status after this epoch: 
Memory allocated:  88.49267578125
Memory cached:  276.0
[I 2023-12-03 05:32:57,639] Trial 19 finished with value: 0.08043613284826279 and parameters: {'W_layers': 7, 'W_layer_units_exponent_0': 6, 'W_layer_units_exponent_1': 6, 'W_layer_units_exponent_2': 6, 'W_layer_units_exponent_3': 5, 'W_layer_units_exponent_4': 7, 'W_layer_units_exponent_5': 9, 'W_layer_units_exponent_6': 10, 'D_layers': 3, 'D_layer_units_exponent_0': 7, 'D_layer_units_exponent_1': 7, 'D_layer_units_exponent_2': 6, 'D_dagger_layers': 2, 'D_dagger_layer_units_exponent_0': 6, 'D_dagger_layer_units_exponent_1': 5, 'log_learning_rate': -2.380791387285803, 'log_learning_rate_D': -4.982476128361488, 'log_learning_rate_D_dagger': -3.648303028615889, 'training_batch_size': 9, 'training_p': 7}. Best is trial 17 with value: 0.0411190502345562.
Time for this trial:  164.17189002037048
Memory status after this trial: 
Memory allocated:  198.26953125
Memory cached:  274.0
--------------------  Trial  20   --------------------
Start timing: 
Parameters: 
{'W_layers': 5, 'W_layer_units_exponent_0': 8, 'W_layer_units_exponent_1': 5, 'W_layer_units_exponent_2': 9, 'W_layer_units_exponent_3': 7, 'W_layer_units_exponent_4': 6, 'D_layers': 5, 'D_layer_units_exponent_0': 9, 'D_layer_units_exponent_1': 9, 'D_layer_units_exponent_2': 5, 'D_layer_units_exponent_3': 4, 'D_layer_units_exponent_4': 5, 'D_dagger_layers': 4, 'D_dagger_layer_units_exponent_0': 6, 'D_dagger_layer_units_exponent_1': 6, 'D_dagger_layer_units_exponent_2': 8, 'D_dagger_layer_units_exponent_3': 10, 'log_learning_rate': -3.0249876175757686, 'log_learning_rate_D': -3.5637063316089357, 'log_learning_rate_D_dagger': -2.7393099122480162, 'training_batch_size': 9, 'training_p': 4}
	 epoch  0 training error:  tensor(1.0769, device='cuda:0', grad_fn=<DivBackward0>)
Memory status after this epoch: 
Memory allocated:  88.99072265625
Memory cached:  258.0
	 epoch  10 training error:  tensor(0.2948, device='cuda:0', grad_fn=<DivBackward0>)
Memory status after this epoch: 
Memory allocated:  88.99072265625
Memory cached:  292.0
	 epoch  20 training error:  tensor(0.2347, device='cuda:0', grad_fn=<DivBackward0>)
Memory status after this epoch: 
Memory allocated:  88.99072265625
Memory cached:  288.0
	 epoch  30 training error:  tensor(0.2356, device='cuda:0', grad_fn=<DivBackward0>)
Memory status after this epoch: 
Memory allocated:  88.99072265625
Memory cached:  286.0
	 epoch  40 training error:  tensor(0.1062, device='cuda:0', grad_fn=<DivBackward0>)
Memory status after this epoch: 
Memory allocated:  88.99072265625
Memory cached:  298.0
	 epoch  50 training error:  tensor(0.0863, device='cuda:0', grad_fn=<DivBackward0>)
Memory status after this epoch: 
Memory allocated:  88.99072265625
Memory cached:  292.0
	 epoch  60 training error:  tensor(0.0582, device='cuda:0', grad_fn=<DivBackward0>)
Memory status after this epoch: 
Memory allocated:  88.99072265625
Memory cached:  286.0
	 epoch  70 training error:  tensor(0.0520, device='cuda:0', grad_fn=<DivBackward0>)
Memory status after this epoch: 
Memory allocated:  88.99072265625
Memory cached:  290.0
	 epoch  80 training error:  tensor(0.0458, device='cuda:0', grad_fn=<DivBackward0>)
Memory status after this epoch: 
Memory allocated:  88.99072265625
Memory cached:  298.0
	 epoch  90 training error:  tensor(0.0605, device='cuda:0', grad_fn=<DivBackward0>)
Memory status after this epoch: 
Memory allocated:  88.99072265625
Memory cached:  290.0
