[I 2024-03-12 13:08:42,412] Trial 35 finished with value: 132.99295043945312 and parameters: {'log_learning_rate': -2.8030275954172925, 'log_learning_rate_D': -2.418454494004095, 'log_learning_rate_D_dagger': -2.709596670252173, 'training_batch_size': 6, 'training_p': 4, 'p_order_W': 2, 'p_order_D': 4, 'p_order_D_dagger': 4}. Best is trial 21 with value: 0.3790839612483978.
Time for this trial:  437.6048731803894
Memory status after this trial: 
Memory allocated:  3.203125
Memory cached:  4.0
--------------------  Trial  36   --------------------
Start timing: 
Parameters: 
{'log_learning_rate': -1.5936746078408464, 'log_learning_rate_D': -2.8473553002501095, 'log_learning_rate_D_dagger': -1.0188322686512006, 'training_batch_size': 12, 'training_p': 5, 'p_order_W': 3, 'p_order_D': 3, 'p_order_D_dagger': 3}

	 epoch  0 training error:  tensor(126.8520, grad_fn=<ToCopyBackward0>)
Memory status after this epoch: 
Memory allocated:  1.93994140625
Memory cached:  8.0
	 epoch  10 training error:  tensor(11.9961, grad_fn=<ToCopyBackward0>)
Memory status after this epoch: 
Memory allocated:  1.93994140625
Memory cached:  8.0
	 epoch  20 training error:  tensor(1.4381, grad_fn=<ToCopyBackward0>)
Memory status after this epoch: 
Memory allocated:  1.93994140625
Memory cached:  8.0
	 epoch  30 training error:  tensor(1.8655, grad_fn=<ToCopyBackward0>)
Memory status after this epoch: 
Memory allocated:  1.93994140625
Memory cached:  8.0
	 epoch  40 training error:  tensor(1.0409, grad_fn=<ToCopyBackward0>)
Memory status after this epoch: 
Memory allocated:  1.93994140625
Memory cached:  6.0
	 epoch  50 training error:  tensor(0.6944, grad_fn=<ToCopyBackward0>)
Memory status after this epoch: 
Memory allocated:  1.93994140625
Memory cached:  8.0
	 epoch  60 training error:  tensor(0.5187, grad_fn=<ToCopyBackward0>)
Memory status after this epoch: 
Memory allocated:  1.93994140625
Memory cached:  6.0
	 epoch  70 training error:  tensor(0.5115, grad_fn=<ToCopyBackward0>)
Memory status after this epoch: 
Memory allocated:  1.93994140625
Memory cached:  8.0
	 epoch  80 training error:  tensor(0.4939, grad_fn=<ToCopyBackward0>)
Memory status after this epoch: 
Memory allocated:  1.93994140625
Memory cached:  8.0
	 epoch  90 training error:  tensor(0.4848, grad_fn=<ToCopyBackward0>)
Memory status after this epoch: 
Memory allocated:  1.93994140625
Memory cached:  8.0
[I 2024-03-12 13:10:28,608] Trial 36 finished with value: 0.3969709575176239 and parameters: {'log_learning_rate': -1.5936746078408464, 'log_learning_rate_D': -2.8473553002501095, 'log_learning_rate_D_dagger': -1.0188322686512006, 'training_batch_size': 12, 'training_p': 5, 'p_order_W': 3, 'p_order_D': 3, 'p_order_D_dagger': 3}. Best is trial 21 with value: 0.3790839612483978.
Time for this trial:  105.96579194068909
Memory status after this trial: 
Memory allocated:  3.3525390625
Memory cached:  6.0
--------------------  Trial  37   --------------------
Start timing: 
Parameters: 
{'log_learning_rate': -2.2537428633230805, 'log_learning_rate_D': -2.2072664102862936, 'log_learning_rate_D_dagger': -1.5162689947199526, 'training_batch_size': 7, 'training_p': 7, 'p_order_W': 4, 'p_order_D': 2, 'p_order_D_dagger': 4}

	 epoch  0 training error:  tensor(3533.2246, grad_fn=<ToCopyBackward0>)
Memory status after this epoch: 
Memory allocated:  1.84228515625
Memory cached:  4.0
[W 2024-03-12 13:10:41,132] Trial 37 failed with parameters: {'log_learning_rate': -2.2537428633230805, 'log_learning_rate_D': -2.2072664102862936, 'log_learning_rate_D_dagger': -1.5162689947199526, 'training_batch_size': 7, 'training_p': 7, 'p_order_W': 4, 'p_order_D': 2, 'p_order_D_dagger': 4} because of the following error: The value nan is not acceptable.
[W 2024-03-12 13:10:41,133] Trial 37 failed with value tensor(nan, grad_fn=<ToCopyBackward0>).
Time for this trial:  12.263001441955566
Memory status after this trial: 
Memory allocated:  3.9375
Memory cached:  6.0
--------------------  Trial  38   --------------------
Start timing: 
Parameters: 
{'log_learning_rate': -2.3685395162607454, 'log_learning_rate_D': -2.08612188112732, 'log_learning_rate_D_dagger': -1.510015316381475, 'training_batch_size': 7, 'training_p': 7, 'p_order_W': 4, 'p_order_D': 2, 'p_order_D_dagger': 4}

[W 2024-03-12 13:10:45,458] Trial 38 failed with parameters: {'log_learning_rate': -2.3685395162607454, 'log_learning_rate_D': -2.08612188112732, 'log_learning_rate_D_dagger': -1.510015316381475, 'training_batch_size': 7, 'training_p': 7, 'p_order_W': 4, 'p_order_D': 2, 'p_order_D_dagger': 4} because of the following error: The value nan is not acceptable.
[W 2024-03-12 13:10:45,458] Trial 38 failed with value tensor(nan, grad_fn=<ToCopyBackward0>).
Time for this trial:  4.058103084564209
Memory status after this trial: 
Memory allocated:  3.9375
Memory cached:  6.0
--------------------  Trial  39   --------------------
Start timing: 
Parameters: 
{'log_learning_rate': -2.331402115600243, 'log_learning_rate_D': -3.363383390248951, 'log_learning_rate_D_dagger': -1.5579260204373717, 'training_batch_size': 7, 'training_p': 7, 'p_order_W': 4, 'p_order_D': 2, 'p_order_D_dagger': 4}

	 epoch  0 training error:  tensor(inf, grad_fn=<ToCopyBackward0>)
Memory status after this epoch: 
Memory allocated:  1.84228515625
Memory cached:  4.0
	 epoch  10 training error:  tensor(329.7204, grad_fn=<ToCopyBackward0>)
Memory status after this epoch: 
Memory allocated:  1.84228515625
Memory cached:  6.0
	 epoch  20 training error:  tensor(137.7829, grad_fn=<ToCopyBackward0>)
Memory status after this epoch: 
Memory allocated:  1.84228515625
Memory cached:  6.0
	 epoch  30 training error:  tensor(43.3427, grad_fn=<ToCopyBackward0>)
Memory status after this epoch: 
Memory allocated:  1.84228515625
Memory cached:  6.0
	 epoch  40 training error:  tensor(25.5315, grad_fn=<ToCopyBackward0>)
Memory status after this epoch: 
Memory allocated:  1.84228515625
Memory cached:  6.0
	 epoch  50 training error:  tensor(31.1380, grad_fn=<ToCopyBackward0>)
Memory status after this epoch: 
Memory allocated:  1.84228515625
Memory cached:  6.0
	 epoch  60 training error:  tensor(14.6225, grad_fn=<ToCopyBackward0>)
Memory status after this epoch: 
Memory allocated:  1.84228515625
Memory cached:  6.0
	 epoch  70 training error:  tensor(7.5495, grad_fn=<ToCopyBackward0>)
Memory status after this epoch: 
Memory allocated:  1.84228515625
Memory cached:  6.0
	 epoch  80 training error:  tensor(5.4301, grad_fn=<ToCopyBackward0>)
Memory status after this epoch: 
Memory allocated:  1.84228515625
Memory cached:  6.0
	 epoch  90 training error:  tensor(4.4590, grad_fn=<ToCopyBackward0>)
Memory status after this epoch: 
Memory allocated:  1.84228515625
Memory cached:  6.0
[I 2024-03-12 13:16:03,383] Trial 39 finished with value: 5.503692626953125 and parameters: {'log_learning_rate': -2.331402115600243, 'log_learning_rate_D': -3.363383390248951, 'log_learning_rate_D_dagger': -1.5579260204373717, 'training_batch_size': 7, 'training_p': 7, 'p_order_W': 4, 'p_order_D': 2, 'p_order_D_dagger': 4}. Best is trial 21 with value: 0.3790839612483978.
Time for this trial:  317.6546576023102
Memory status after this trial: 
Memory allocated:  3.9375
Memory cached:  6.0
--------------------  Trial  40   --------------------
Start timing: 
Parameters: 
{'log_learning_rate': -2.901228596687301, 'log_learning_rate_D': -2.233366537356982, 'log_learning_rate_D_dagger': -2.085519980777457, 'training_batch_size': 9, 'training_p': 4, 'p_order_W': 2, 'p_order_D': 5, 'p_order_D_dagger': 3}

	 epoch  0 training error:  tensor(99.1822, grad_fn=<ToCopyBackward0>)
Memory status after this epoch: 
Memory allocated:  1.67138671875
Memory cached:  6.0
	 epoch  10 training error:  tensor(55.3954, grad_fn=<ToCopyBackward0>)
Memory status after this epoch: 
Memory allocated:  1.67138671875
Memory cached:  6.0
	 epoch  20 training error:  tensor(21.5431, grad_fn=<ToCopyBackward0>)
Memory status after this epoch: 
Memory allocated:  1.67138671875
Memory cached:  6.0
	 epoch  30 training error:  tensor(4.6973, grad_fn=<ToCopyBackward0>)
Memory status after this epoch: 
Memory allocated:  1.67138671875
Memory cached:  6.0
	 epoch  40 training error:  tensor(5.2135, grad_fn=<ToCopyBackward0>)
Memory status after this epoch: 
Memory allocated:  1.67138671875
Memory cached:  6.0
	 epoch  50 training error:  tensor(3.4444, grad_fn=<ToCopyBackward0>)
Memory status after this epoch: 
Memory allocated:  1.67138671875
Memory cached:  6.0
	 epoch  60 training error:  tensor(2.1105, grad_fn=<ToCopyBackward0>)
Memory status after this epoch: 
Memory allocated:  1.67138671875
Memory cached:  6.0
	 epoch  70 training error:  tensor(1.2497, grad_fn=<ToCopyBackward0>)
Memory status after this epoch: 
Memory allocated:  1.67138671875
Memory cached:  6.0
	 epoch  80 training error:  tensor(1.1889, grad_fn=<ToCopyBackward0>)
Memory status after this epoch: 
Memory allocated:  1.67138671875
Memory cached:  6.0
	 epoch  90 training error:  tensor(1.0065, grad_fn=<ToCopyBackward0>)
Memory status after this epoch: 
Memory allocated:  1.67138671875
Memory cached:  6.0
[I 2024-03-12 13:17:40,335] Trial 40 finished with value: 0.8804454207420349 and parameters: {'log_learning_rate': -2.901228596687301, 'log_learning_rate_D': -2.233366537356982, 'log_learning_rate_D_dagger': -2.085519980777457, 'training_batch_size': 9, 'training_p': 4, 'p_order_W': 2, 'p_order_D': 5, 'p_order_D_dagger': 3}. Best is trial 21 with value: 0.3790839612483978.
Time for this trial:  96.70795178413391
Memory status after this trial: 
Memory allocated:  2.810546875
Memory cached:  4.0
--------------------  Trial  41   --------------------
Start timing: 
Parameters: 
{'log_learning_rate': -1.601743142782623, 'log_learning_rate_D': -2.7928651323711944, 'log_learning_rate_D_dagger': -1.0145748885688557, 'training_batch_size': 12, 'training_p': 5, 'p_order_W': 3, 'p_order_D': 3, 'p_order_D_dagger': 3}

	 epoch  0 training error:  tensor(236.7262, grad_fn=<ToCopyBackward0>)
Memory status after this epoch: 
Memory allocated:  1.93994140625
Memory cached:  8.0
	 epoch  10 training error:  tensor(2.3001, grad_fn=<ToCopyBackward0>)
Memory status after this epoch: 
Memory allocated:  1.93994140625
Memory cached:  8.0
	 epoch  20 training error:  tensor(16.1187, grad_fn=<ToCopyBackward0>)
Memory status after this epoch: 
Memory allocated:  1.93994140625
Memory cached:  8.0
	 epoch  30 training error:  tensor(3.7173, grad_fn=<ToCopyBackward0>)
Memory status after this epoch: 
Memory allocated:  1.93994140625
Memory cached:  8.0
	 epoch  40 training error:  tensor(0.5404, grad_fn=<ToCopyBackward0>)
Memory status after this epoch: 
Memory allocated:  1.93994140625
Memory cached:  6.0
	 epoch  50 training error:  tensor(0.8766, grad_fn=<ToCopyBackward0>)
Memory status after this epoch: 
Memory allocated:  1.93994140625
Memory cached:  8.0
	 epoch  60 training error:  tensor(0.5580, grad_fn=<ToCopyBackward0>)
Memory status after this epoch: 
Memory allocated:  1.93994140625
Memory cached:  6.0
	 epoch  70 training error:  tensor(0.5207, grad_fn=<ToCopyBackward0>)
Memory status after this epoch: 
Memory allocated:  1.93994140625
Memory cached:  8.0
	 epoch  80 training error:  tensor(0.5130, grad_fn=<ToCopyBackward0>)
Memory status after this epoch: 
Memory allocated:  1.93994140625
Memory cached:  8.0
	 epoch  90 training error:  tensor(0.5070, grad_fn=<ToCopyBackward0>)
Memory status after this epoch: 
Memory allocated:  1.93994140625
Memory cached:  8.0
[I 2024-03-12 13:19:26,415] Trial 41 finished with value: 0.44378575682640076 and parameters: {'log_learning_rate': -1.601743142782623, 'log_learning_rate_D': -2.7928651323711944, 'log_learning_rate_D_dagger': -1.0145748885688557, 'training_batch_size': 12, 'training_p': 5, 'p_order_W': 3, 'p_order_D': 3, 'p_order_D_dagger': 3}. Best is trial 21 with value: 0.3790839612483978.
Time for this trial:  105.84190773963928
Memory status after this trial: 
Memory allocated:  3.3525390625
Memory cached:  6.0
--------------------  Trial  42   --------------------
Start timing: 
Parameters: 
{'log_learning_rate': -1.3824279784675593, 'log_learning_rate_D': -2.863519644929432, 'log_learning_rate_D_dagger': -1.4887547050587049, 'training_batch_size': 11, 'training_p': 6, 'p_order_W': 3, 'p_order_D': 3, 'p_order_D_dagger': 3}

	 epoch  0 training error:  tensor(135.4477, grad_fn=<ToCopyBackward0>)
Memory status after this epoch: 
Memory allocated:  1.93994140625
Memory cached:  8.0
	 epoch  10 training error:  tensor(22.8082, grad_fn=<ToCopyBackward0>)
Memory status after this epoch: 
Memory allocated:  1.93994140625
Memory cached:  8.0
	 epoch  20 training error:  tensor(4.4511, grad_fn=<ToCopyBackward0>)
Memory status after this epoch: 
Memory allocated:  1.93994140625
Memory cached:  8.0
	 epoch  30 training error:  tensor(4.4727, grad_fn=<ToCopyBackward0>)
Memory status after this epoch: 
Memory allocated:  1.93994140625
Memory cached:  8.0
	 epoch  40 training error:  tensor(0.7641, grad_fn=<ToCopyBackward0>)
Memory status after this epoch: 
Memory allocated:  1.93994140625
Memory cached:  6.0
	 epoch  50 training error:  tensor(0.9013, grad_fn=<ToCopyBackward0>)
Memory status after this epoch: 
Memory allocated:  1.93994140625
Memory cached:  8.0
	 epoch  60 training error:  tensor(0.6878, grad_fn=<ToCopyBackward0>)
Memory status after this epoch: 
Memory allocated:  1.93994140625
Memory cached:  6.0
	 epoch  70 training error:  tensor(0.5516, grad_fn=<ToCopyBackward0>)
Memory status after this epoch: 
Memory allocated:  1.93994140625
Memory cached:  8.0
	 epoch  80 training error:  tensor(0.5499, grad_fn=<ToCopyBackward0>)
Memory status after this epoch: 
Memory allocated:  1.93994140625
Memory cached:  8.0
	 epoch  90 training error:  tensor(0.5438, grad_fn=<ToCopyBackward0>)
Memory status after this epoch: 
Memory allocated:  1.93994140625
Memory cached:  8.0
[I 2024-03-12 13:21:12,484] Trial 42 finished with value: 0.48181167244911194 and parameters: {'log_learning_rate': -1.3824279784675593, 'log_learning_rate_D': -2.863519644929432, 'log_learning_rate_D_dagger': -1.4887547050587049, 'training_batch_size': 11, 'training_p': 6, 'p_order_W': 3, 'p_order_D': 3, 'p_order_D_dagger': 3}. Best is trial 21 with value: 0.3790839612483978.
Time for this trial:  105.80896949768066
Memory status after this trial: 
Memory allocated:  3.3525390625
Memory cached:  6.0
--------------------  Trial  43   --------------------
Start timing: 
Parameters: 
{'log_learning_rate': -1.939942857631245, 'log_learning_rate_D': -2.9763247911366237, 'log_learning_rate_D_dagger': -1.2612656433368021, 'training_batch_size': 11, 'training_p': 5, 'p_order_W': 3, 'p_order_D': 3, 'p_order_D_dagger': 3}

	 epoch  0 training error:  tensor(316.0692, grad_fn=<ToCopyBackward0>)
Memory status after this epoch: 
Memory allocated:  1.93994140625
Memory cached:  8.0
	 epoch  10 training error:  tensor(17.9543, grad_fn=<ToCopyBackward0>)
Memory status after this epoch: 
Memory allocated:  1.93994140625
Memory cached:  8.0
	 epoch  20 training error:  tensor(11.7508, grad_fn=<ToCopyBackward0>)
Memory status after this epoch: 
Memory allocated:  1.93994140625
Memory cached:  8.0
	 epoch  30 training error:  tensor(1.9266, grad_fn=<ToCopyBackward0>)
Memory status after this epoch: 
Memory allocated:  1.93994140625
Memory cached:  8.0
	 epoch  40 training error:  tensor(1.8646, grad_fn=<ToCopyBackward0>)
Memory status after this epoch: 
Memory allocated:  1.93994140625
Memory cached:  6.0
	 epoch  50 training error:  tensor(1.7297, grad_fn=<ToCopyBackward0>)
Memory status after this epoch: 
Memory allocated:  1.93994140625
Memory cached:  8.0
	 epoch  60 training error:  tensor(0.4907, grad_fn=<ToCopyBackward0>)
Memory status after this epoch: 
Memory allocated:  1.93994140625
Memory cached:  6.0
	 epoch  70 training error:  tensor(0.5942, grad_fn=<ToCopyBackward0>)
Memory status after this epoch: 
Memory allocated:  1.93994140625
Memory cached:  8.0
	 epoch  80 training error:  tensor(0.4711, grad_fn=<ToCopyBackward0>)
Memory status after this epoch: 
Memory allocated:  1.93994140625
Memory cached:  8.0
	 epoch  90 training error:  tensor(0.4791, grad_fn=<ToCopyBackward0>)
Memory status after this epoch: 
Memory allocated:  1.93994140625
Memory cached:  8.0
