[I 2024-02-17 08:33:07,956] Trial 107 finished with value: 0.197187140583992 and parameters: {'W_layers': 5, 'W_layer_units_exponent_0': 7, 'W_layer_units_exponent_1': 5, 'W_layer_units_exponent_2': 9, 'W_layer_units_exponent_3': 9, 'W_layer_units_exponent_4': 8, 'D_layers': 3, 'D_layer_units_exponent_0': 7, 'D_layer_units_exponent_1': 4, 'D_layer_units_exponent_2': 6, 'D_dagger_layers': 4, 'D_dagger_layer_units_exponent_0': 8, 'D_dagger_layer_units_exponent_1': 9, 'D_dagger_layer_units_exponent_2': 8, 'D_dagger_layer_units_exponent_3': 6, 'log_learning_rate': -4.591621746046319, 'log_learning_rate_D': -3.4149957525428825, 'log_learning_rate_D_dagger': -2.759420884011987, 'training_batch_size': 7, 'training_p': 5}. Best is trial 45 with value: 0.03961218520998955.
Time for this trial:  460.92110991477966
Memory status after this trial: 
Memory allocated:  1331.99169921875
Memory cached:  1340.0
--------------------  Trial  108   --------------------
Start timing: 
Parameters: 
{'W_layers': 4, 'W_layer_units_exponent_0': 8, 'W_layer_units_exponent_1': 7, 'W_layer_units_exponent_2': 9, 'W_layer_units_exponent_3': 10, 'D_layers': 2, 'D_layer_units_exponent_0': 7, 'D_layer_units_exponent_1': 4, 'D_dagger_layers': 4, 'D_dagger_layer_units_exponent_0': 7, 'D_dagger_layer_units_exponent_1': 9, 'D_dagger_layer_units_exponent_2': 7, 'D_dagger_layer_units_exponent_3': 6, 'log_learning_rate': -4.248995130672091, 'log_learning_rate_D': -3.2919778168721097, 'log_learning_rate_D_dagger': -2.9670074330456284, 'training_batch_size': 6, 'training_p': 7}
	 epoch  0 training error:  tensor(0.7125, device='cuda:0', grad_fn=<DivBackward0>)
Memory status after this epoch: 
Memory allocated:  765.7177734375
Memory cached:  1350.0
	 epoch  10 training error:  tensor(0.5334, device='cuda:0', grad_fn=<DivBackward0>)
Memory status after this epoch: 
Memory allocated:  765.7177734375
Memory cached:  1350.0
	 epoch  20 training error:  tensor(0.5254, device='cuda:0', grad_fn=<DivBackward0>)
Memory status after this epoch: 
Memory allocated:  765.7177734375
Memory cached:  1350.0
	 epoch  30 training error:  tensor(0.5075, device='cuda:0', grad_fn=<DivBackward0>)
Memory status after this epoch: 
Memory allocated:  765.7177734375
Memory cached:  1350.0
	 epoch  40 training error:  tensor(0.4674, device='cuda:0', grad_fn=<DivBackward0>)
Memory status after this epoch: 
Memory allocated:  765.7177734375
Memory cached:  1350.0
	 epoch  50 training error:  tensor(0.3072, device='cuda:0', grad_fn=<DivBackward0>)
Memory status after this epoch: 
Memory allocated:  765.7177734375
Memory cached:  1350.0
	 epoch  60 training error:  tensor(0.2598, device='cuda:0', grad_fn=<DivBackward0>)
Memory status after this epoch: 
Memory allocated:  765.7177734375
Memory cached:  1350.0
	 epoch  70 training error:  tensor(0.2470, device='cuda:0', grad_fn=<DivBackward0>)
Memory status after this epoch: 
Memory allocated:  765.7177734375
Memory cached:  1350.0
	 epoch  80 training error:  tensor(0.2216, device='cuda:0', grad_fn=<DivBackward0>)
Memory status after this epoch: 
Memory allocated:  765.7177734375
Memory cached:  1350.0
	 epoch  90 training error:  tensor(0.2250, device='cuda:0', grad_fn=<DivBackward0>)
Memory status after this epoch: 
Memory allocated:  765.7177734375
Memory cached:  1350.0
[I 2024-02-17 08:43:57,125] Trial 108 finished with value: 0.12766216695308685 and parameters: {'W_layers': 4, 'W_layer_units_exponent_0': 8, 'W_layer_units_exponent_1': 7, 'W_layer_units_exponent_2': 9, 'W_layer_units_exponent_3': 10, 'D_layers': 2, 'D_layer_units_exponent_0': 7, 'D_layer_units_exponent_1': 4, 'D_dagger_layers': 4, 'D_dagger_layer_units_exponent_0': 7, 'D_dagger_layer_units_exponent_1': 9, 'D_dagger_layer_units_exponent_2': 7, 'D_dagger_layer_units_exponent_3': 6, 'log_learning_rate': -4.248995130672091, 'log_learning_rate_D': -3.2919778168721097, 'log_learning_rate_D_dagger': -2.9670074330456284, 'training_batch_size': 6, 'training_p': 7}. Best is trial 45 with value: 0.03961218520998955.
Time for this trial:  648.7431652545929
Memory status after this trial: 
Memory allocated:  1344.94873046875
Memory cached:  1368.0
--------------------  Trial  109   --------------------
Start timing: 
Parameters: 
{'W_layers': 3, 'W_layer_units_exponent_0': 8, 'W_layer_units_exponent_1': 6, 'W_layer_units_exponent_2': 5, 'D_layers': 3, 'D_layer_units_exponent_0': 6, 'D_layer_units_exponent_1': 4, 'D_layer_units_exponent_2': 7, 'D_dagger_layers': 4, 'D_dagger_layer_units_exponent_0': 9, 'D_dagger_layer_units_exponent_1': 10, 'D_dagger_layer_units_exponent_2': 6, 'D_dagger_layer_units_exponent_3': 7, 'log_learning_rate': -4.400534833784919, 'log_learning_rate_D': -2.970340486851623, 'log_learning_rate_D_dagger': -2.3297492163044913, 'training_batch_size': 6, 'training_p': 8}
	 epoch  0 training error:  tensor(2.0226, device='cuda:0', grad_fn=<DivBackward0>)
Memory status after this epoch: 
Memory allocated:  763.5068359375
Memory cached:  1350.0
	 epoch  10 training error:  tensor(0.5337, device='cuda:0', grad_fn=<DivBackward0>)
Memory status after this epoch: 
Memory allocated:  763.5068359375
Memory cached:  1350.0
	 epoch  20 training error:  tensor(0.4916, device='cuda:0', grad_fn=<DivBackward0>)
Memory status after this epoch: 
Memory allocated:  763.5068359375
Memory cached:  1350.0
	 epoch  30 training error:  tensor(0.2834, device='cuda:0', grad_fn=<DivBackward0>)
Memory status after this epoch: 
Memory allocated:  763.5068359375
Memory cached:  1350.0
	 epoch  40 training error:  tensor(0.2925, device='cuda:0', grad_fn=<DivBackward0>)
Memory status after this epoch: 
Memory allocated:  763.5068359375
Memory cached:  1350.0
	 epoch  50 training error:  tensor(0.2320, device='cuda:0', grad_fn=<DivBackward0>)
Memory status after this epoch: 
Memory allocated:  763.5068359375
Memory cached:  1350.0
	 epoch  60 training error:  tensor(0.2599, device='cuda:0', grad_fn=<DivBackward0>)
Memory status after this epoch: 
Memory allocated:  763.5068359375
Memory cached:  1350.0
	 epoch  70 training error:  tensor(0.2047, device='cuda:0', grad_fn=<DivBackward0>)
Memory status after this epoch: 
Memory allocated:  763.5068359375
Memory cached:  1350.0
	 epoch  80 training error:  tensor(0.1745, device='cuda:0', grad_fn=<DivBackward0>)
Memory status after this epoch: 
Memory allocated:  763.5068359375
Memory cached:  1350.0
	 epoch  90 training error:  tensor(0.1498, device='cuda:0', grad_fn=<DivBackward0>)
Memory status after this epoch: 
Memory allocated:  763.5068359375
Memory cached:  1350.0
[I 2024-02-17 08:54:37,427] Trial 109 finished with value: 0.07670410722494125 and parameters: {'W_layers': 3, 'W_layer_units_exponent_0': 8, 'W_layer_units_exponent_1': 6, 'W_layer_units_exponent_2': 5, 'D_layers': 3, 'D_layer_units_exponent_0': 6, 'D_layer_units_exponent_1': 4, 'D_layer_units_exponent_2': 7, 'D_dagger_layers': 4, 'D_dagger_layer_units_exponent_0': 9, 'D_dagger_layer_units_exponent_1': 10, 'D_dagger_layer_units_exponent_2': 6, 'D_dagger_layer_units_exponent_3': 7, 'log_learning_rate': -4.400534833784919, 'log_learning_rate_D': -2.970340486851623, 'log_learning_rate_D_dagger': -2.3297492163044913, 'training_batch_size': 6, 'training_p': 8}. Best is trial 45 with value: 0.03961218520998955.
Time for this trial:  639.8470988273621
Memory status after this trial: 
Memory allocated:  1238.76025390625
Memory cached:  1350.0
--------------------  Trial  110   --------------------
Start timing: 
Parameters: 
{'W_layers': 7, 'W_layer_units_exponent_0': 6, 'W_layer_units_exponent_1': 7, 'W_layer_units_exponent_2': 4, 'W_layer_units_exponent_3': 6, 'W_layer_units_exponent_4': 6, 'W_layer_units_exponent_5': 6, 'W_layer_units_exponent_6': 5, 'D_layers': 4, 'D_layer_units_exponent_0': 5, 'D_layer_units_exponent_1': 4, 'D_layer_units_exponent_2': 10, 'D_layer_units_exponent_3': 4, 'D_dagger_layers': 6, 'D_dagger_layer_units_exponent_0': 9, 'D_dagger_layer_units_exponent_1': 8, 'D_dagger_layer_units_exponent_2': 10, 'D_dagger_layer_units_exponent_3': 4, 'D_dagger_layer_units_exponent_4': 7, 'D_dagger_layer_units_exponent_5': 7, 'log_learning_rate': -4.002159564544298, 'log_learning_rate_D': -3.558124501684211, 'log_learning_rate_D_dagger': -2.617466486184294, 'training_batch_size': 6, 'training_p': 7}
	 epoch  0 training error:  tensor(0.9771, device='cuda:0', grad_fn=<DivBackward0>)
Memory status after this epoch: 
Memory allocated:  761.4462890625
Memory cached:  1332.0
	 epoch  10 training error:  tensor(0.5143, device='cuda:0', grad_fn=<DivBackward0>)
Memory status after this epoch: 
Memory allocated:  761.4462890625
Memory cached:  1332.0
	 epoch  20 training error:  tensor(0.4982, device='cuda:0', grad_fn=<DivBackward0>)
Memory status after this epoch: 
Memory allocated:  761.4462890625
Memory cached:  1332.0
	 epoch  30 training error:  tensor(0.3423, device='cuda:0', grad_fn=<DivBackward0>)
Memory status after this epoch: 
Memory allocated:  761.4462890625
Memory cached:  1332.0
	 epoch  40 training error:  tensor(0.2710, device='cuda:0', grad_fn=<DivBackward0>)
Memory status after this epoch: 
Memory allocated:  761.4462890625
Memory cached:  1332.0
	 epoch  50 training error:  tensor(0.2498, device='cuda:0', grad_fn=<DivBackward0>)
Memory status after this epoch: 
Memory allocated:  761.4462890625
Memory cached:  1334.0
	 epoch  60 training error:  tensor(0.2669, device='cuda:0', grad_fn=<DivBackward0>)
Memory status after this epoch: 
Memory allocated:  761.4462890625
Memory cached:  1332.0
	 epoch  70 training error:  tensor(0.2112, device='cuda:0', grad_fn=<DivBackward0>)
Memory status after this epoch: 
Memory allocated:  761.4462890625
Memory cached:  1332.0
	 epoch  80 training error:  tensor(0.2278, device='cuda:0', grad_fn=<DivBackward0>)
Memory status after this epoch: 
Memory allocated:  761.4462890625
Memory cached:  1332.0
	 epoch  90 training error:  tensor(0.1664, device='cuda:0', grad_fn=<DivBackward0>)
Memory status after this epoch: 
Memory allocated:  761.4462890625
Memory cached:  1332.0
[I 2024-02-17 09:09:44,266] Trial 110 finished with value: 0.1141405701637268 and parameters: {'W_layers': 7, 'W_layer_units_exponent_0': 6, 'W_layer_units_exponent_1': 7, 'W_layer_units_exponent_2': 4, 'W_layer_units_exponent_3': 6, 'W_layer_units_exponent_4': 6, 'W_layer_units_exponent_5': 6, 'W_layer_units_exponent_6': 5, 'D_layers': 4, 'D_layer_units_exponent_0': 5, 'D_layer_units_exponent_1': 4, 'D_layer_units_exponent_2': 10, 'D_layer_units_exponent_3': 4, 'D_dagger_layers': 6, 'D_dagger_layer_units_exponent_0': 9, 'D_dagger_layer_units_exponent_1': 8, 'D_dagger_layer_units_exponent_2': 10, 'D_dagger_layer_units_exponent_3': 4, 'D_dagger_layer_units_exponent_4': 7, 'D_dagger_layer_units_exponent_5': 7, 'log_learning_rate': -4.002159564544298, 'log_learning_rate_D': -3.558124501684211, 'log_learning_rate_D_dagger': -2.617466486184294, 'training_batch_size': 6, 'training_p': 7}. Best is trial 45 with value: 0.03961218520998955.
Time for this trial:  906.3113217353821
Memory status after this trial: 
Memory allocated:  1516.08935546875
Memory cached:  1524.0
--------------------  Trial  111   --------------------
Start timing: 
Parameters: 
{'W_layers': 4, 'W_layer_units_exponent_0': 8, 'W_layer_units_exponent_1': 9, 'W_layer_units_exponent_2': 4, 'W_layer_units_exponent_3': 10, 'D_layers': 3, 'D_layer_units_exponent_0': 4, 'D_layer_units_exponent_1': 4, 'D_layer_units_exponent_2': 7, 'D_dagger_layers': 3, 'D_dagger_layer_units_exponent_0': 9, 'D_dagger_layer_units_exponent_1': 5, 'D_dagger_layer_units_exponent_2': 8, 'log_learning_rate': -4.319193711005704, 'log_learning_rate_D': -3.038278759649343, 'log_learning_rate_D_dagger': -2.7477717481544817, 'training_batch_size': 6, 'training_p': 7}
	 epoch  0 training error:  tensor(0.6397, device='cuda:0', grad_fn=<DivBackward0>)
Memory status after this epoch: 
Memory allocated:  756.8623046875
Memory cached:  1330.0
	 epoch  10 training error:  tensor(0.5166, device='cuda:0', grad_fn=<DivBackward0>)
Memory status after this epoch: 
Memory allocated:  756.8623046875
Memory cached:  1330.0
	 epoch  20 training error:  tensor(0.5080, device='cuda:0', grad_fn=<DivBackward0>)
Memory status after this epoch: 
Memory allocated:  756.8623046875
Memory cached:  1330.0
	 epoch  30 training error:  tensor(0.3636, device='cuda:0', grad_fn=<DivBackward0>)
Memory status after this epoch: 
Memory allocated:  756.8623046875
Memory cached:  1330.0
	 epoch  40 training error:  tensor(0.2814, device='cuda:0', grad_fn=<DivBackward0>)
Memory status after this epoch: 
Memory allocated:  756.8623046875
Memory cached:  1330.0
	 epoch  50 training error:  tensor(0.2518, device='cuda:0', grad_fn=<DivBackward0>)
Memory status after this epoch: 
Memory allocated:  756.8623046875
Memory cached:  1330.0
	 epoch  60 training error:  tensor(0.2135, device='cuda:0', grad_fn=<DivBackward0>)
Memory status after this epoch: 
Memory allocated:  756.8623046875
Memory cached:  1330.0
	 epoch  70 training error:  tensor(0.1977, device='cuda:0', grad_fn=<DivBackward0>)
Memory status after this epoch: 
Memory allocated:  756.8623046875
Memory cached:  1330.0
	 epoch  80 training error:  tensor(0.1697, device='cuda:0', grad_fn=<DivBackward0>)
Memory status after this epoch: 
Memory allocated:  756.8623046875
Memory cached:  1330.0
	 epoch  90 training error:  tensor(0.1576, device='cuda:0', grad_fn=<DivBackward0>)
Memory status after this epoch: 
Memory allocated:  756.8623046875
Memory cached:  1330.0
[I 2024-02-17 09:20:35,860] Trial 111 finished with value: 0.09081148356199265 and parameters: {'W_layers': 4, 'W_layer_units_exponent_0': 8, 'W_layer_units_exponent_1': 9, 'W_layer_units_exponent_2': 4, 'W_layer_units_exponent_3': 10, 'D_layers': 3, 'D_layer_units_exponent_0': 4, 'D_layer_units_exponent_1': 4, 'D_layer_units_exponent_2': 7, 'D_dagger_layers': 3, 'D_dagger_layer_units_exponent_0': 9, 'D_dagger_layer_units_exponent_1': 5, 'D_dagger_layer_units_exponent_2': 8, 'log_learning_rate': -4.319193711005704, 'log_learning_rate_D': -3.038278759649343, 'log_learning_rate_D_dagger': -2.7477717481544817, 'training_batch_size': 6, 'training_p': 7}. Best is trial 45 with value: 0.03961218520998955.
Time for this trial:  651.1259844303131
Memory status after this trial: 
Memory allocated:  1303.89990234375
Memory cached:  1330.0
--------------------  Trial  112   --------------------
Start timing: 
Parameters: 
{'W_layers': 4, 'W_layer_units_exponent_0': 8, 'W_layer_units_exponent_1': 9, 'W_layer_units_exponent_2': 4, 'W_layer_units_exponent_3': 10, 'D_layers': 3, 'D_layer_units_exponent_0': 7, 'D_layer_units_exponent_1': 5, 'D_layer_units_exponent_2': 7, 'D_dagger_layers': 3, 'D_dagger_layer_units_exponent_0': 9, 'D_dagger_layer_units_exponent_1': 9, 'D_dagger_layer_units_exponent_2': 8, 'log_learning_rate': -4.506240781820155, 'log_learning_rate_D': -3.155436240531358, 'log_learning_rate_D_dagger': -2.858430827389894, 'training_batch_size': 6, 'training_p': 7}
	 epoch  0 training error:  tensor(1.2393, device='cuda:0', grad_fn=<DivBackward0>)
Memory status after this epoch: 
Memory allocated:  762.5830078125
Memory cached:  1330.0
	 epoch  10 training error:  tensor(0.5264, device='cuda:0', grad_fn=<DivBackward0>)
Memory status after this epoch: 
Memory allocated:  762.5830078125
Memory cached:  1330.0
	 epoch  20 training error:  tensor(0.5079, device='cuda:0', grad_fn=<DivBackward0>)
Memory status after this epoch: 
Memory allocated:  762.5830078125
Memory cached:  1330.0
	 epoch  30 training error:  tensor(0.3634, device='cuda:0', grad_fn=<DivBackward0>)
Memory status after this epoch: 
Memory allocated:  762.5830078125
Memory cached:  1330.0
	 epoch  40 training error:  tensor(0.2792, device='cuda:0', grad_fn=<DivBackward0>)
Memory status after this epoch: 
Memory allocated:  762.5830078125
Memory cached:  1330.0
	 epoch  50 training error:  tensor(0.2553, device='cuda:0', grad_fn=<DivBackward0>)
Memory status after this epoch: 
Memory allocated:  762.5830078125
Memory cached:  1330.0
	 epoch  60 training error:  tensor(0.2273, device='cuda:0', grad_fn=<DivBackward0>)
Memory status after this epoch: 
Memory allocated:  762.5830078125
Memory cached:  1330.0
	 epoch  70 training error:  tensor(0.1669, device='cuda:0', grad_fn=<DivBackward0>)
Memory status after this epoch: 
Memory allocated:  762.5830078125
Memory cached:  1330.0
	 epoch  80 training error:  tensor(0.1436, device='cuda:0', grad_fn=<DivBackward0>)
Memory status after this epoch: 
Memory allocated:  762.5830078125
Memory cached:  1330.0
	 epoch  90 training error:  tensor(0.1318, device='cuda:0', grad_fn=<DivBackward0>)
Memory status after this epoch: 
Memory allocated:  762.5830078125
Memory cached:  1330.0
[I 2024-02-17 09:31:28,827] Trial 112 finished with value: 0.07616748660802841 and parameters: {'W_layers': 4, 'W_layer_units_exponent_0': 8, 'W_layer_units_exponent_1': 9, 'W_layer_units_exponent_2': 4, 'W_layer_units_exponent_3': 10, 'D_layers': 3, 'D_layer_units_exponent_0': 7, 'D_layer_units_exponent_1': 5, 'D_layer_units_exponent_2': 7, 'D_dagger_layers': 3, 'D_dagger_layer_units_exponent_0': 9, 'D_dagger_layer_units_exponent_1': 9, 'D_dagger_layer_units_exponent_2': 8, 'log_learning_rate': -4.506240781820155, 'log_learning_rate_D': -3.155436240531358, 'log_learning_rate_D_dagger': -2.858430827389894, 'training_batch_size': 6, 'training_p': 7}. Best is trial 45 with value: 0.03961218520998955.
Time for this trial:  652.4863924980164
Memory status after this trial: 
Memory allocated:  1436.36962890625
Memory cached:  1444.0
--------------------  Trial  113   --------------------
Start timing: 
Parameters: 
{'W_layers': 4, 'W_layer_units_exponent_0': 8, 'W_layer_units_exponent_1': 10, 'W_layer_units_exponent_2': 4, 'W_layer_units_exponent_3': 10, 'D_layers': 7, 'D_layer_units_exponent_0': 8, 'D_layer_units_exponent_1': 5, 'D_layer_units_exponent_2': 10, 'D_layer_units_exponent_3': 5, 'D_layer_units_exponent_4': 10, 'D_layer_units_exponent_5': 9, 'D_layer_units_exponent_6': 8, 'D_dagger_layers': 3, 'D_dagger_layer_units_exponent_0': 9, 'D_dagger_layer_units_exponent_1': 5, 'D_dagger_layer_units_exponent_2': 8, 'log_learning_rate': -4.10321823189199, 'log_learning_rate_D': -2.8500597377542025, 'log_learning_rate_D_dagger': -2.8506502298483385, 'training_batch_size': 6, 'training_p': 6}
	 epoch  0 training error:  tensor(0.7172, device='cuda:0', grad_fn=<DivBackward0>)
Memory status after this epoch: 
Memory allocated:  770.6337890625
Memory cached:  1352.0
	 epoch  10 training error:  tensor(0.4947, device='cuda:0', grad_fn=<DivBackward0>)
Memory status after this epoch: 
Memory allocated:  770.6337890625
Memory cached:  1352.0
	 epoch  20 training error:  tensor(0.4911, device='cuda:0', grad_fn=<DivBackward0>)
Memory status after this epoch: 
Memory allocated:  770.6337890625
Memory cached:  1352.0
	 epoch  30 training error:  tensor(0.3017, device='cuda:0', grad_fn=<DivBackward0>)
Memory status after this epoch: 
Memory allocated:  770.6337890625
Memory cached:  1352.0
	 epoch  40 training error:  tensor(0.1580, device='cuda:0', grad_fn=<DivBackward0>)
Memory status after this epoch: 
Memory allocated:  770.6337890625
Memory cached:  1352.0
	 epoch  50 training error:  tensor(0.1479, device='cuda:0', grad_fn=<DivBackward0>)
Memory status after this epoch: 
Memory allocated:  770.6337890625
Memory cached:  1352.0
	 epoch  60 training error:  tensor(0.1072, device='cuda:0', grad_fn=<DivBackward0>)
Memory status after this epoch: 
Memory allocated:  770.6337890625
Memory cached:  1352.0
	 epoch  70 training error:  tensor(0.0954, device='cuda:0', grad_fn=<DivBackward0>)
Memory status after this epoch: 
Memory allocated:  770.6337890625
Memory cached:  1352.0
	 epoch  80 training error:  tensor(0.0790, device='cuda:0', grad_fn=<DivBackward0>)
Memory status after this epoch: 
Memory allocated:  770.6337890625
Memory cached:  1352.0
	 epoch  90 training error:  tensor(0.1316, device='cuda:0', grad_fn=<DivBackward0>)
Memory status after this epoch: 
Memory allocated:  770.6337890625
Memory cached:  1352.0
