[I 2023-12-04 00:33:45,620] Trial 26 finished with value: 0.019948577508330345 and parameters: {'W_layers': 4, 'W_layer_units_exponent_0': 10, 'W_layer_units_exponent_1': 6, 'W_layer_units_exponent_2': 6, 'W_layer_units_exponent_3': 8, 'D_layers': 3, 'D_layer_units_exponent_0': 5, 'D_layer_units_exponent_1': 9, 'D_layer_units_exponent_2': 8, 'log_learning_rate': -3.1905519813042416, 'log_learning_rate_D': -3.8028635384270335, 'training_batch_size': 8, 'training_p': 7}. Best is trial 15 with value: 0.017919111996889114.
Time for this trial:  39.048322677612305
Memory status after this trial: 
Memory allocated:  139.4375
Memory cached:  158.0
--------------------  Trial  27   --------------------
Start timing: 
Parameters: 
{'W_layers': 4, 'W_layer_units_exponent_0': 10, 'W_layer_units_exponent_1': 7, 'W_layer_units_exponent_2': 5, 'W_layer_units_exponent_3': 8, 'D_layers': 2, 'D_layer_units_exponent_0': 5, 'D_layer_units_exponent_1': 10, 'log_learning_rate': -3.3178592406613765, 'log_learning_rate_D': -3.8850831978724507, 'training_batch_size': 8, 'training_p': 5}
	 epoch  0 training error:  tensor(0.9749, device='cuda:0', grad_fn=<DivBackward0>)
Memory status after this epoch: 
Memory allocated:  89.962890625
Memory cached:  146.0
	 epoch  10 training error:  tensor(0.2096, device='cuda:0', grad_fn=<DivBackward0>)
Memory status after this epoch: 
Memory allocated:  89.962890625
Memory cached:  146.0
	 epoch  20 training error:  tensor(0.2021, device='cuda:0', grad_fn=<DivBackward0>)
Memory status after this epoch: 
Memory allocated:  89.962890625
Memory cached:  146.0
	 epoch  30 training error:  tensor(0.1717, device='cuda:0', grad_fn=<DivBackward0>)
Memory status after this epoch: 
Memory allocated:  89.962890625
Memory cached:  146.0
	 epoch  40 training error:  tensor(0.1450, device='cuda:0', grad_fn=<DivBackward0>)
Memory status after this epoch: 
Memory allocated:  89.962890625
Memory cached:  146.0
	 epoch  50 training error:  tensor(0.1425, device='cuda:0', grad_fn=<DivBackward0>)
Memory status after this epoch: 
Memory allocated:  89.962890625
Memory cached:  146.0
	 epoch  60 training error:  tensor(0.1380, device='cuda:0', grad_fn=<DivBackward0>)
Memory status after this epoch: 
Memory allocated:  89.962890625
Memory cached:  146.0
	 epoch  70 training error:  tensor(0.1322, device='cuda:0', grad_fn=<DivBackward0>)
Memory status after this epoch: 
Memory allocated:  89.962890625
Memory cached:  146.0
	 epoch  80 training error:  tensor(0.1222, device='cuda:0', grad_fn=<DivBackward0>)
Memory status after this epoch: 
Memory allocated:  89.962890625
Memory cached:  146.0
	 epoch  90 training error:  tensor(0.0991, device='cuda:0', grad_fn=<DivBackward0>)
Memory status after this epoch: 
Memory allocated:  89.962890625
Memory cached:  146.0
[I 2023-12-04 00:34:23,768] Trial 27 finished with value: 0.06900107860565186 and parameters: {'W_layers': 4, 'W_layer_units_exponent_0': 10, 'W_layer_units_exponent_1': 7, 'W_layer_units_exponent_2': 5, 'W_layer_units_exponent_3': 8, 'D_layers': 2, 'D_layer_units_exponent_0': 5, 'D_layer_units_exponent_1': 10, 'log_learning_rate': -3.3178592406613765, 'log_learning_rate_D': -3.8850831978724507, 'training_batch_size': 8, 'training_p': 5}. Best is trial 15 with value: 0.017919111996889114.
Time for this trial:  37.98735046386719
Memory status after this trial: 
Memory allocated:  145.541015625
Memory cached:  164.0
--------------------  Trial  28   --------------------
Start timing: 
Parameters: 
{'W_layers': 4, 'W_layer_units_exponent_0': 10, 'W_layer_units_exponent_1': 4, 'W_layer_units_exponent_2': 7, 'W_layer_units_exponent_3': 9, 'D_layers': 4, 'D_layer_units_exponent_0': 5, 'D_layer_units_exponent_1': 8, 'D_layer_units_exponent_2': 6, 'D_layer_units_exponent_3': 4, 'log_learning_rate': -3.7512223730193, 'log_learning_rate_D': -4.314563419375055, 'training_batch_size': 10, 'training_p': 8}
	 epoch  0 training error:  tensor(1.0096, device='cuda:0', grad_fn=<DivBackward0>)
Memory status after this epoch: 
Memory allocated:  88.93359375
Memory cached:  146.0
	 epoch  10 training error:  tensor(0.6477, device='cuda:0', grad_fn=<DivBackward0>)
Memory status after this epoch: 
Memory allocated:  88.93359375
Memory cached:  146.0
	 epoch  20 training error:  tensor(0.2748, device='cuda:0', grad_fn=<DivBackward0>)
Memory status after this epoch: 
Memory allocated:  88.93359375
Memory cached:  146.0
	 epoch  30 training error:  tensor(0.2105, device='cuda:0', grad_fn=<DivBackward0>)
Memory status after this epoch: 
Memory allocated:  88.93359375
Memory cached:  146.0
	 epoch  40 training error:  tensor(0.1786, device='cuda:0', grad_fn=<DivBackward0>)
Memory status after this epoch: 
Memory allocated:  88.93359375
Memory cached:  146.0
	 epoch  50 training error:  tensor(0.1684, device='cuda:0', grad_fn=<DivBackward0>)
Memory status after this epoch: 
Memory allocated:  88.93359375
Memory cached:  146.0
	 epoch  60 training error:  tensor(0.1563, device='cuda:0', grad_fn=<DivBackward0>)
Memory status after this epoch: 
Memory allocated:  88.93359375
Memory cached:  146.0
	 epoch  70 training error:  tensor(0.1526, device='cuda:0', grad_fn=<DivBackward0>)
Memory status after this epoch: 
Memory allocated:  88.93359375
Memory cached:  146.0
	 epoch  80 training error:  tensor(0.1517, device='cuda:0', grad_fn=<DivBackward0>)
Memory status after this epoch: 
Memory allocated:  88.93359375
Memory cached:  146.0
	 epoch  90 training error:  tensor(0.1511, device='cuda:0', grad_fn=<DivBackward0>)
Memory status after this epoch: 
Memory allocated:  88.93359375
Memory cached:  146.0
[I 2023-12-04 00:35:04,606] Trial 28 finished with value: 0.12140842527151108 and parameters: {'W_layers': 4, 'W_layer_units_exponent_0': 10, 'W_layer_units_exponent_1': 4, 'W_layer_units_exponent_2': 7, 'W_layer_units_exponent_3': 9, 'D_layers': 4, 'D_layer_units_exponent_0': 5, 'D_layer_units_exponent_1': 8, 'D_layer_units_exponent_2': 6, 'D_layer_units_exponent_3': 4, 'log_learning_rate': -3.7512223730193, 'log_learning_rate_D': -4.314563419375055, 'training_batch_size': 10, 'training_p': 8}. Best is trial 15 with value: 0.017919111996889114.
Time for this trial:  40.68616247177124
Memory status after this trial: 
Memory allocated:  135.07568359375
Memory cached:  154.0
--------------------  Trial  29   --------------------
Start timing: 
Parameters: 
{'W_layers': 4, 'W_layer_units_exponent_0': 9, 'W_layer_units_exponent_1': 5, 'W_layer_units_exponent_2': 4, 'W_layer_units_exponent_3': 8, 'D_layers': 3, 'D_layer_units_exponent_0': 7, 'D_layer_units_exponent_1': 9, 'D_layer_units_exponent_2': 8, 'log_learning_rate': -2.1443913478271934, 'log_learning_rate_D': -3.373102358634053, 'training_batch_size': 8, 'training_p': 7}
	 epoch  0 training error:  tensor(1.0169, device='cuda:0', grad_fn=<DivBackward0>)
Memory status after this epoch: 
Memory allocated:  90.552734375
Memory cached:  146.0
	 epoch  10 training error:  tensor(0.2295, device='cuda:0', grad_fn=<DivBackward0>)
Memory status after this epoch: 
Memory allocated:  90.552734375
Memory cached:  150.0
	 epoch  20 training error:  tensor(0.1636, device='cuda:0', grad_fn=<DivBackward0>)
Memory status after this epoch: 
Memory allocated:  90.552734375
Memory cached:  150.0
	 epoch  30 training error:  tensor(0.1362, device='cuda:0', grad_fn=<DivBackward0>)
Memory status after this epoch: 
Memory allocated:  90.552734375
Memory cached:  150.0
	 epoch  40 training error:  tensor(0.0858, device='cuda:0', grad_fn=<DivBackward0>)
Memory status after this epoch: 
Memory allocated:  90.552734375
Memory cached:  150.0
	 epoch  50 training error:  tensor(0.0922, device='cuda:0', grad_fn=<DivBackward0>)
Memory status after this epoch: 
Memory allocated:  90.552734375
Memory cached:  150.0
	 epoch  60 training error:  tensor(0.1009, device='cuda:0', grad_fn=<DivBackward0>)
Memory status after this epoch: 
Memory allocated:  90.552734375
Memory cached:  150.0
	 epoch  70 training error:  tensor(0.0582, device='cuda:0', grad_fn=<DivBackward0>)
Memory status after this epoch: 
Memory allocated:  90.552734375
Memory cached:  150.0
	 epoch  80 training error:  tensor(0.0645, device='cuda:0', grad_fn=<DivBackward0>)
Memory status after this epoch: 
Memory allocated:  90.552734375
Memory cached:  150.0
	 epoch  90 training error:  tensor(0.0435, device='cuda:0', grad_fn=<DivBackward0>)
Memory status after this epoch: 
Memory allocated:  90.552734375
Memory cached:  150.0
[I 2023-12-04 00:35:42,981] Trial 29 finished with value: 0.023809967562556267 and parameters: {'W_layers': 4, 'W_layer_units_exponent_0': 9, 'W_layer_units_exponent_1': 5, 'W_layer_units_exponent_2': 4, 'W_layer_units_exponent_3': 8, 'D_layers': 3, 'D_layer_units_exponent_0': 7, 'D_layer_units_exponent_1': 9, 'D_layer_units_exponent_2': 8, 'log_learning_rate': -2.1443913478271934, 'log_learning_rate_D': -3.373102358634053, 'training_batch_size': 8, 'training_p': 7}. Best is trial 15 with value: 0.017919111996889114.
Time for this trial:  38.20802283287048
Memory status after this trial: 
Memory allocated:  128.00146484375
Memory cached:  148.0
--------------------  Trial  30   --------------------
Start timing: 
Parameters: 
{'W_layers': 2, 'W_layer_units_exponent_0': 10, 'W_layer_units_exponent_1': 6, 'D_layers': 2, 'D_layer_units_exponent_0': 6, 'D_layer_units_exponent_1': 10, 'log_learning_rate': -3.2629081863014076, 'log_learning_rate_D': -3.8010296976313374, 'training_batch_size': 9, 'training_p': 6}
	 epoch  0 training error:  tensor(1.0338, device='cuda:0', grad_fn=<DivBackward0>)
Memory status after this epoch: 
Memory allocated:  89.26953125
Memory cached:  146.0
	 epoch  10 training error:  tensor(0.2049, device='cuda:0', grad_fn=<DivBackward0>)
Memory status after this epoch: 
Memory allocated:  89.26953125
Memory cached:  148.0
	 epoch  20 training error:  tensor(0.1983, device='cuda:0', grad_fn=<DivBackward0>)
Memory status after this epoch: 
Memory allocated:  89.26953125
Memory cached:  148.0
	 epoch  30 training error:  tensor(0.1487, device='cuda:0', grad_fn=<DivBackward0>)
Memory status after this epoch: 
Memory allocated:  89.26953125
Memory cached:  148.0
	 epoch  40 training error:  tensor(0.1416, device='cuda:0', grad_fn=<DivBackward0>)
Memory status after this epoch: 
Memory allocated:  89.26953125
Memory cached:  148.0
	 epoch  50 training error:  tensor(0.1203, device='cuda:0', grad_fn=<DivBackward0>)
Memory status after this epoch: 
Memory allocated:  89.26953125
Memory cached:  148.0
	 epoch  60 training error:  tensor(0.1077, device='cuda:0', grad_fn=<DivBackward0>)
Memory status after this epoch: 
Memory allocated:  89.26953125
Memory cached:  148.0
	 epoch  70 training error:  tensor(0.0967, device='cuda:0', grad_fn=<DivBackward0>)
Memory status after this epoch: 
Memory allocated:  89.26953125
Memory cached:  148.0
	 epoch  80 training error:  tensor(0.0865, device='cuda:0', grad_fn=<DivBackward0>)
Memory status after this epoch: 
Memory allocated:  89.26953125
Memory cached:  148.0
	 epoch  90 training error:  tensor(0.0768, device='cuda:0', grad_fn=<DivBackward0>)
Memory status after this epoch: 
Memory allocated:  89.26953125
Memory cached:  148.0
[I 2023-12-04 00:36:16,568] Trial 30 finished with value: 0.05178073048591614 and parameters: {'W_layers': 2, 'W_layer_units_exponent_0': 10, 'W_layer_units_exponent_1': 6, 'D_layers': 2, 'D_layer_units_exponent_0': 6, 'D_layer_units_exponent_1': 10, 'log_learning_rate': -3.2629081863014076, 'log_learning_rate_D': -3.8010296976313374, 'training_batch_size': 9, 'training_p': 6}. Best is trial 15 with value: 0.017919111996889114.
Time for this trial:  33.437052965164185
Memory status after this trial: 
Memory allocated:  137.86279296875
Memory cached:  158.0
--------------------  Trial  31   --------------------
Start timing: 
Parameters: 
{'W_layers': 5, 'W_layer_units_exponent_0': 9, 'W_layer_units_exponent_1': 7, 'W_layer_units_exponent_2': 9, 'W_layer_units_exponent_3': 7, 'W_layer_units_exponent_4': 4, 'D_layers': 3, 'D_layer_units_exponent_0': 5, 'D_layer_units_exponent_1': 9, 'D_layer_units_exponent_2': 6, 'log_learning_rate': -2.7537816565575994, 'log_learning_rate_D': -4.967932904430974, 'training_batch_size': 8, 'training_p': 7}
	 epoch  0 training error:  tensor(1.0866, device='cuda:0', grad_fn=<DivBackward0>)
Memory status after this epoch: 
Memory allocated:  91.009765625
Memory cached:  146.0
	 epoch  10 training error:  tensor(0.1840, device='cuda:0', grad_fn=<DivBackward0>)
Memory status after this epoch: 
Memory allocated:  91.009765625
Memory cached:  146.0
	 epoch  20 training error:  tensor(0.1533, device='cuda:0', grad_fn=<DivBackward0>)
Memory status after this epoch: 
Memory allocated:  91.009765625
Memory cached:  146.0
	 epoch  30 training error:  tensor(0.1515, device='cuda:0', grad_fn=<DivBackward0>)
Memory status after this epoch: 
Memory allocated:  91.009765625
Memory cached:  146.0
	 epoch  40 training error:  tensor(0.1488, device='cuda:0', grad_fn=<DivBackward0>)
Memory status after this epoch: 
Memory allocated:  91.009765625
Memory cached:  146.0
	 epoch  50 training error:  tensor(0.1462, device='cuda:0', grad_fn=<DivBackward0>)
Memory status after this epoch: 
Memory allocated:  91.009765625
Memory cached:  146.0
	 epoch  60 training error:  tensor(0.1436, device='cuda:0', grad_fn=<DivBackward0>)
Memory status after this epoch: 
Memory allocated:  91.009765625
Memory cached:  146.0
	 epoch  70 training error:  tensor(0.1397, device='cuda:0', grad_fn=<DivBackward0>)
Memory status after this epoch: 
Memory allocated:  91.009765625
Memory cached:  146.0
	 epoch  80 training error:  tensor(0.1327, device='cuda:0', grad_fn=<DivBackward0>)
Memory status after this epoch: 
Memory allocated:  91.009765625
Memory cached:  146.0
	 epoch  90 training error:  tensor(0.1236, device='cuda:0', grad_fn=<DivBackward0>)
Memory status after this epoch: 
Memory allocated:  91.009765625
Memory cached:  146.0
[I 2023-12-04 00:36:57,556] Trial 31 finished with value: 0.0928698480129242 and parameters: {'W_layers': 5, 'W_layer_units_exponent_0': 9, 'W_layer_units_exponent_1': 7, 'W_layer_units_exponent_2': 9, 'W_layer_units_exponent_3': 7, 'W_layer_units_exponent_4': 4, 'D_layers': 3, 'D_layer_units_exponent_0': 5, 'D_layer_units_exponent_1': 9, 'D_layer_units_exponent_2': 6, 'log_learning_rate': -2.7537816565575994, 'log_learning_rate_D': -4.967932904430974, 'training_batch_size': 8, 'training_p': 7}. Best is trial 15 with value: 0.017919111996889114.
Time for this trial:  40.83702540397644
Memory status after this trial: 
Memory allocated:  132.6904296875
Memory cached:  152.0
--------------------  Trial  32   --------------------
Start timing: 
Parameters: 
{'W_layers': 4, 'W_layer_units_exponent_0': 10, 'W_layer_units_exponent_1': 4, 'W_layer_units_exponent_2': 7, 'W_layer_units_exponent_3': 10, 'D_layers': 5, 'D_layer_units_exponent_0': 8, 'D_layer_units_exponent_1': 8, 'D_layer_units_exponent_2': 7, 'D_layer_units_exponent_3': 8, 'D_layer_units_exponent_4': 7, 'log_learning_rate': -3.120891044767102, 'log_learning_rate_D': -2.9451832481719613, 'training_batch_size': 9, 'training_p': 8}
	 epoch  0 training error:  tensor(1.0137, device='cuda:0', grad_fn=<DivBackward0>)
Memory status after this epoch: 
Memory allocated:  92.07421875
Memory cached:  144.0
	 epoch  10 training error:  tensor(0.3062, device='cuda:0', grad_fn=<DivBackward0>)
Memory status after this epoch: 
Memory allocated:  92.07421875
Memory cached:  144.0
	 epoch  20 training error:  tensor(0.1716, device='cuda:0', grad_fn=<DivBackward0>)
Memory status after this epoch: 
Memory allocated:  92.07421875
Memory cached:  144.0
	 epoch  30 training error:  tensor(0.1502, device='cuda:0', grad_fn=<DivBackward0>)
Memory status after this epoch: 
Memory allocated:  92.07421875
Memory cached:  144.0
	 epoch  40 training error:  tensor(0.1116, device='cuda:0', grad_fn=<DivBackward0>)
Memory status after this epoch: 
Memory allocated:  92.07421875
Memory cached:  144.0
	 epoch  50 training error:  tensor(0.0620, device='cuda:0', grad_fn=<DivBackward0>)
Memory status after this epoch: 
Memory allocated:  92.07421875
Memory cached:  144.0
	 epoch  60 training error:  tensor(0.0353, device='cuda:0', grad_fn=<DivBackward0>)
Memory status after this epoch: 
Memory allocated:  92.07421875
Memory cached:  144.0
	 epoch  70 training error:  tensor(0.0684, device='cuda:0', grad_fn=<DivBackward0>)
Memory status after this epoch: 
Memory allocated:  92.07421875
Memory cached:  144.0
	 epoch  80 training error:  tensor(0.0196, device='cuda:0', grad_fn=<DivBackward0>)
Memory status after this epoch: 
Memory allocated:  92.07421875
Memory cached:  144.0
	 epoch  90 training error:  tensor(0.0336, device='cuda:0', grad_fn=<DivBackward0>)
Memory status after this epoch: 
Memory allocated:  92.07421875
Memory cached:  144.0
[I 2023-12-04 00:37:43,090] Trial 32 finished with value: 0.0655914768576622 and parameters: {'W_layers': 4, 'W_layer_units_exponent_0': 10, 'W_layer_units_exponent_1': 4, 'W_layer_units_exponent_2': 7, 'W_layer_units_exponent_3': 10, 'D_layers': 5, 'D_layer_units_exponent_0': 8, 'D_layer_units_exponent_1': 8, 'D_layer_units_exponent_2': 7, 'D_layer_units_exponent_3': 8, 'D_layer_units_exponent_4': 7, 'log_learning_rate': -3.120891044767102, 'log_learning_rate_D': -2.9451832481719613, 'training_batch_size': 9, 'training_p': 8}. Best is trial 15 with value: 0.017919111996889114.
Time for this trial:  45.351775884628296
Memory status after this trial: 
Memory allocated:  163.15673828125
Memory cached:  182.0
--------------------  Trial  33   --------------------
Start timing: 
Parameters: 
{'W_layers': 5, 'W_layer_units_exponent_0': 9, 'W_layer_units_exponent_1': 5, 'W_layer_units_exponent_2': 5, 'W_layer_units_exponent_3': 6, 'W_layer_units_exponent_4': 6, 'D_layers': 4, 'D_layer_units_exponent_0': 4, 'D_layer_units_exponent_1': 9, 'D_layer_units_exponent_2': 5, 'D_layer_units_exponent_3': 6, 'log_learning_rate': -3.817175160489738, 'log_learning_rate_D': -4.619765722433534, 'training_batch_size': 10, 'training_p': 2}
	 epoch  0 training error:  tensor(0.9589, device='cuda:0', grad_fn=<DivBackward0>)
Memory status after this epoch: 
Memory allocated:  87.990234375
Memory cached:  148.0
	 epoch  10 training error:  tensor(0.8702, device='cuda:0', grad_fn=<DivBackward0>)
Memory status after this epoch: 
Memory allocated:  87.990234375
Memory cached:  146.0
	 epoch  20 training error:  tensor(0.7660, device='cuda:0', grad_fn=<DivBackward0>)
Memory status after this epoch: 
Memory allocated:  87.990234375
Memory cached:  146.0
	 epoch  30 training error:  tensor(0.6260, device='cuda:0', grad_fn=<DivBackward0>)
Memory status after this epoch: 
Memory allocated:  87.990234375
Memory cached:  146.0
	 epoch  40 training error:  tensor(0.4385, device='cuda:0', grad_fn=<DivBackward0>)
Memory status after this epoch: 
Memory allocated:  87.990234375
Memory cached:  146.0
	 epoch  50 training error:  tensor(0.2140, device='cuda:0', grad_fn=<DivBackward0>)
Memory status after this epoch: 
Memory allocated:  87.990234375
Memory cached:  146.0
	 epoch  60 training error:  tensor(0.1655, device='cuda:0', grad_fn=<DivBackward0>)
Memory status after this epoch: 
Memory allocated:  87.990234375
Memory cached:  146.0
	 epoch  70 training error:  tensor(0.1317, device='cuda:0', grad_fn=<DivBackward0>)
Memory status after this epoch: 
Memory allocated:  87.990234375
Memory cached:  146.0
	 epoch  80 training error:  tensor(0.1230, device='cuda:0', grad_fn=<DivBackward0>)
Memory status after this epoch: 
Memory allocated:  87.990234375
Memory cached:  146.0
	 epoch  90 training error:  tensor(0.1098, device='cuda:0', grad_fn=<DivBackward0>)
Memory status after this epoch: 
Memory allocated:  87.990234375
Memory cached:  146.0
