[I 2023-12-03 06:47:19,496] Trial 30 finished with value: 0.0999794751405716 and parameters: {'W_layers': 6, 'W_layer_units_exponent_0': 8, 'W_layer_units_exponent_1': 4, 'W_layer_units_exponent_2': 7, 'W_layer_units_exponent_3': 8, 'W_layer_units_exponent_4': 7, 'W_layer_units_exponent_5': 8, 'D_layers': 2, 'D_layer_units_exponent_0': 10, 'D_layer_units_exponent_1': 9, 'D_dagger_layers': 8, 'D_dagger_layer_units_exponent_0': 6, 'D_dagger_layer_units_exponent_1': 6, 'D_dagger_layer_units_exponent_2': 7, 'D_dagger_layer_units_exponent_3': 9, 'D_dagger_layer_units_exponent_4': 9, 'D_dagger_layer_units_exponent_5': 6, 'D_dagger_layer_units_exponent_6': 5, 'D_dagger_layer_units_exponent_7': 7, 'log_learning_rate': -4.742368838484153, 'log_learning_rate_D': -3.0437975004968427, 'log_learning_rate_D_dagger': -3.134423196618708, 'training_batch_size': 7, 'training_p': 4}. Best is trial 16 with value: 0.016163093969225883.
Time for this trial:  209.5757715702057
Memory status after this trial: 
Memory allocated:  480.2880859375
Memory cached:  526.0
--------------------  Trial  31   --------------------
Start timing: 
Parameters: 
{'W_layers': 5, 'W_layer_units_exponent_0': 10, 'W_layer_units_exponent_1': 8, 'W_layer_units_exponent_2': 8, 'W_layer_units_exponent_3': 7, 'W_layer_units_exponent_4': 8, 'D_layers': 7, 'D_layer_units_exponent_0': 9, 'D_layer_units_exponent_1': 8, 'D_layer_units_exponent_2': 6, 'D_layer_units_exponent_3': 6, 'D_layer_units_exponent_4': 6, 'D_layer_units_exponent_5': 7, 'D_layer_units_exponent_6': 9, 'D_dagger_layers': 5, 'D_dagger_layer_units_exponent_0': 4, 'D_dagger_layer_units_exponent_1': 5, 'D_dagger_layer_units_exponent_2': 4, 'D_dagger_layer_units_exponent_3': 4, 'D_dagger_layer_units_exponent_4': 7, 'log_learning_rate': -4.448121657736286, 'log_learning_rate_D': -2.5538210524142846, 'log_learning_rate_D_dagger': -2.817130203724719, 'training_batch_size': 6, 'training_p': 5}
	 epoch  0 training error:  tensor(0.9905, device='cuda:0', grad_fn=<DivBackward0>)
Memory status after this epoch: 
Memory allocated:  271.48583984375
Memory cached:  512.0
	 epoch  10 training error:  tensor(0.3196, device='cuda:0', grad_fn=<DivBackward0>)
Memory status after this epoch: 
Memory allocated:  271.48583984375
Memory cached:  540.0
	 epoch  20 training error:  tensor(0.1394, device='cuda:0', grad_fn=<DivBackward0>)
Memory status after this epoch: 
Memory allocated:  271.48583984375
Memory cached:  540.0
	 epoch  30 training error:  tensor(0.1438, device='cuda:0', grad_fn=<DivBackward0>)
Memory status after this epoch: 
Memory allocated:  271.48583984375
Memory cached:  542.0
	 epoch  40 training error:  tensor(0.1098, device='cuda:0', grad_fn=<DivBackward0>)
Memory status after this epoch: 
Memory allocated:  271.48583984375
Memory cached:  548.0
	 epoch  50 training error:  tensor(0.0739, device='cuda:0', grad_fn=<DivBackward0>)
Memory status after this epoch: 
Memory allocated:  271.48583984375
Memory cached:  550.0
	 epoch  60 training error:  tensor(0.0729, device='cuda:0', grad_fn=<DivBackward0>)
Memory status after this epoch: 
Memory allocated:  271.48583984375
Memory cached:  548.0
	 epoch  70 training error:  tensor(0.0978, device='cuda:0', grad_fn=<DivBackward0>)
Memory status after this epoch: 
Memory allocated:  271.48583984375
Memory cached:  544.0
	 epoch  80 training error:  tensor(0.0897, device='cuda:0', grad_fn=<DivBackward0>)
Memory status after this epoch: 
Memory allocated:  271.48583984375
Memory cached:  538.0
	 epoch  90 training error:  tensor(0.0678, device='cuda:0', grad_fn=<DivBackward0>)
Memory status after this epoch: 
Memory allocated:  271.48583984375
Memory cached:  548.0
[I 2023-12-03 06:53:38,644] Trial 31 finished with value: 0.03526793792843819 and parameters: {'W_layers': 5, 'W_layer_units_exponent_0': 10, 'W_layer_units_exponent_1': 8, 'W_layer_units_exponent_2': 8, 'W_layer_units_exponent_3': 7, 'W_layer_units_exponent_4': 8, 'D_layers': 7, 'D_layer_units_exponent_0': 9, 'D_layer_units_exponent_1': 8, 'D_layer_units_exponent_2': 6, 'D_layer_units_exponent_3': 6, 'D_layer_units_exponent_4': 6, 'D_layer_units_exponent_5': 7, 'D_layer_units_exponent_6': 9, 'D_dagger_layers': 5, 'D_dagger_layer_units_exponent_0': 4, 'D_dagger_layer_units_exponent_1': 5, 'D_dagger_layer_units_exponent_2': 4, 'D_dagger_layer_units_exponent_3': 4, 'D_dagger_layer_units_exponent_4': 7, 'log_learning_rate': -4.448121657736286, 'log_learning_rate_D': -2.5538210524142846, 'log_learning_rate_D_dagger': -2.817130203724719, 'training_batch_size': 6, 'training_p': 5}. Best is trial 16 with value: 0.016163093969225883.
Time for this trial:  378.8268837928772
Memory status after this trial: 
Memory allocated:  458.9208984375
Memory cached:  532.0
--------------------  Trial  32   --------------------
Start timing: 
Parameters: 
{'W_layers': 5, 'W_layer_units_exponent_0': 10, 'W_layer_units_exponent_1': 7, 'W_layer_units_exponent_2': 9, 'W_layer_units_exponent_3': 6, 'W_layer_units_exponent_4': 9, 'D_layers': 5, 'D_layer_units_exponent_0': 8, 'D_layer_units_exponent_1': 7, 'D_layer_units_exponent_2': 7, 'D_layer_units_exponent_3': 6, 'D_layer_units_exponent_4': 8, 'D_dagger_layers': 4, 'D_dagger_layer_units_exponent_0': 4, 'D_dagger_layer_units_exponent_1': 4, 'D_dagger_layer_units_exponent_2': 4, 'D_dagger_layer_units_exponent_3': 4, 'log_learning_rate': -4.113097082267523, 'log_learning_rate_D': -2.151249349453882, 'log_learning_rate_D_dagger': -2.8140158149639385, 'training_batch_size': 7, 'training_p': 4}
	 epoch  0 training error:  tensor(1.0193, device='cuda:0', grad_fn=<DivBackward0>)
Memory status after this epoch: 
Memory allocated:  267.02197265625
Memory cached:  506.0
	 epoch  10 training error:  tensor(0.7385, device='cuda:0', grad_fn=<DivBackward0>)
Memory status after this epoch: 
Memory allocated:  267.02197265625
Memory cached:  548.0
	 epoch  20 training error:  tensor(0.1643, device='cuda:0', grad_fn=<DivBackward0>)
Memory status after this epoch: 
Memory allocated:  267.02197265625
Memory cached:  540.0
	 epoch  30 training error:  tensor(0.1797, device='cuda:0', grad_fn=<DivBackward0>)
Memory status after this epoch: 
Memory allocated:  267.02197265625
Memory cached:  546.0
	 epoch  40 training error:  tensor(0.1734, device='cuda:0', grad_fn=<DivBackward0>)
Memory status after this epoch: 
Memory allocated:  267.02197265625
Memory cached:  544.0
	 epoch  50 training error:  tensor(0.1662, device='cuda:0', grad_fn=<DivBackward0>)
Memory status after this epoch: 
Memory allocated:  267.02197265625
Memory cached:  532.0
	 epoch  60 training error:  tensor(0.1639, device='cuda:0', grad_fn=<DivBackward0>)
Memory status after this epoch: 
Memory allocated:  267.02197265625
Memory cached:  544.0
	 epoch  70 training error:  tensor(0.1643, device='cuda:0', grad_fn=<DivBackward0>)
Memory status after this epoch: 
Memory allocated:  267.02197265625
Memory cached:  546.0
	 epoch  80 training error:  tensor(0.1639, device='cuda:0', grad_fn=<DivBackward0>)
Memory status after this epoch: 
Memory allocated:  267.02197265625
Memory cached:  536.0
	 epoch  90 training error:  tensor(0.1639, device='cuda:0', grad_fn=<DivBackward0>)
Memory status after this epoch: 
Memory allocated:  267.02197265625
Memory cached:  544.0
[I 2023-12-03 06:56:47,083] Trial 32 finished with value: 0.11609365791082382 and parameters: {'W_layers': 5, 'W_layer_units_exponent_0': 10, 'W_layer_units_exponent_1': 7, 'W_layer_units_exponent_2': 9, 'W_layer_units_exponent_3': 6, 'W_layer_units_exponent_4': 9, 'D_layers': 5, 'D_layer_units_exponent_0': 8, 'D_layer_units_exponent_1': 7, 'D_layer_units_exponent_2': 7, 'D_layer_units_exponent_3': 6, 'D_layer_units_exponent_4': 8, 'D_dagger_layers': 4, 'D_dagger_layer_units_exponent_0': 4, 'D_dagger_layer_units_exponent_1': 4, 'D_dagger_layer_units_exponent_2': 4, 'D_dagger_layer_units_exponent_3': 4, 'log_learning_rate': -4.113097082267523, 'log_learning_rate_D': -2.151249349453882, 'log_learning_rate_D_dagger': -2.8140158149639385, 'training_batch_size': 7, 'training_p': 4}. Best is trial 16 with value: 0.016163093969225883.
Time for this trial:  188.15918040275574
Memory status after this trial: 
Memory allocated:  426.427734375
Memory cached:  524.0
--------------------  Trial  33   --------------------
Start timing: 
Parameters: 
{'W_layers': 4, 'W_layer_units_exponent_0': 9, 'W_layer_units_exponent_1': 9, 'W_layer_units_exponent_2': 7, 'W_layer_units_exponent_3': 5, 'D_layers': 6, 'D_layer_units_exponent_0': 9, 'D_layer_units_exponent_1': 8, 'D_layer_units_exponent_2': 5, 'D_layer_units_exponent_3': 5, 'D_layer_units_exponent_4': 7, 'D_layer_units_exponent_5': 5, 'D_dagger_layers': 5, 'D_dagger_layer_units_exponent_0': 4, 'D_dagger_layer_units_exponent_1': 5, 'D_dagger_layer_units_exponent_2': 5, 'D_dagger_layer_units_exponent_3': 5, 'D_dagger_layer_units_exponent_4': 8, 'log_learning_rate': -4.95307014490041, 'log_learning_rate_D': -2.7583158491596067, 'log_learning_rate_D_dagger': -3.629081346865877, 'training_batch_size': 6, 'training_p': 7}
	 epoch  0 training error:  tensor(0.9740, device='cuda:0', grad_fn=<DivBackward0>)
Memory status after this epoch: 
Memory allocated:  269.39794921875
Memory cached:  510.0
	 epoch  10 training error:  tensor(0.8704, device='cuda:0', grad_fn=<DivBackward0>)
Memory status after this epoch: 
Memory allocated:  269.39794921875
Memory cached:  528.0
	 epoch  20 training error:  tensor(0.7287, device='cuda:0', grad_fn=<DivBackward0>)
Memory status after this epoch: 
Memory allocated:  269.39794921875
Memory cached:  526.0
	 epoch  30 training error:  tensor(0.4942, device='cuda:0', grad_fn=<DivBackward0>)
Memory status after this epoch: 
Memory allocated:  269.39794921875
Memory cached:  524.0
	 epoch  40 training error:  tensor(0.1638, device='cuda:0', grad_fn=<DivBackward0>)
Memory status after this epoch: 
Memory allocated:  269.39794921875
Memory cached:  540.0
	 epoch  50 training error:  tensor(0.1572, device='cuda:0', grad_fn=<DivBackward0>)
Memory status after this epoch: 
Memory allocated:  269.39794921875
Memory cached:  534.0
	 epoch  60 training error:  tensor(0.1431, device='cuda:0', grad_fn=<DivBackward0>)
Memory status after this epoch: 
Memory allocated:  269.39794921875
Memory cached:  534.0
	 epoch  70 training error:  tensor(0.0957, device='cuda:0', grad_fn=<DivBackward0>)
Memory status after this epoch: 
Memory allocated:  269.39794921875
Memory cached:  540.0
	 epoch  80 training error:  tensor(0.0749, device='cuda:0', grad_fn=<DivBackward0>)
Memory status after this epoch: 
Memory allocated:  269.39794921875
Memory cached:  532.0
	 epoch  90 training error:  tensor(0.0702, device='cuda:0', grad_fn=<DivBackward0>)
Memory status after this epoch: 
Memory allocated:  269.39794921875
Memory cached:  532.0
[I 2023-12-03 07:02:28,541] Trial 33 finished with value: 0.0414622463285923 and parameters: {'W_layers': 4, 'W_layer_units_exponent_0': 9, 'W_layer_units_exponent_1': 9, 'W_layer_units_exponent_2': 7, 'W_layer_units_exponent_3': 5, 'D_layers': 6, 'D_layer_units_exponent_0': 9, 'D_layer_units_exponent_1': 8, 'D_layer_units_exponent_2': 5, 'D_layer_units_exponent_3': 5, 'D_layer_units_exponent_4': 7, 'D_layer_units_exponent_5': 5, 'D_dagger_layers': 5, 'D_dagger_layer_units_exponent_0': 4, 'D_dagger_layer_units_exponent_1': 5, 'D_dagger_layer_units_exponent_2': 5, 'D_dagger_layer_units_exponent_3': 5, 'D_dagger_layer_units_exponent_4': 8, 'log_learning_rate': -4.95307014490041, 'log_learning_rate_D': -2.7583158491596067, 'log_learning_rate_D_dagger': -3.629081346865877, 'training_batch_size': 6, 'training_p': 7}. Best is trial 16 with value: 0.016163093969225883.
Time for this trial:  341.16164803504944
Memory status after this trial: 
Memory allocated:  398.9853515625
Memory cached:  520.0
--------------------  Trial  34   --------------------
Start timing: 
Parameters: 
{'W_layers': 3, 'W_layer_units_exponent_0': 10, 'W_layer_units_exponent_1': 6, 'W_layer_units_exponent_2': 8, 'D_layers': 8, 'D_layer_units_exponent_0': 9, 'D_layer_units_exponent_1': 7, 'D_layer_units_exponent_2': 4, 'D_layer_units_exponent_3': 10, 'D_layer_units_exponent_4': 9, 'D_layer_units_exponent_5': 6, 'D_layer_units_exponent_6': 8, 'D_layer_units_exponent_7': 5, 'D_dagger_layers': 6, 'D_dagger_layer_units_exponent_0': 5, 'D_dagger_layer_units_exponent_1': 7, 'D_dagger_layer_units_exponent_2': 4, 'D_dagger_layer_units_exponent_3': 4, 'D_dagger_layer_units_exponent_4': 6, 'D_dagger_layer_units_exponent_5': 4, 'log_learning_rate': -4.423547339001213, 'log_learning_rate_D': -2.4006347686293514, 'log_learning_rate_D_dagger': -2.368789226572174, 'training_batch_size': 9, 'training_p': 2}
	 epoch  0 training error:  tensor(1.0057, device='cuda:0', grad_fn=<DivBackward0>)
Memory status after this epoch: 
Memory allocated:  273.45166015625
Memory cached:  506.0
	 epoch  10 training error:  tensor(0.2189, device='cuda:0', grad_fn=<DivBackward0>)
Memory status after this epoch: 
Memory allocated:  273.45166015625
Memory cached:  542.0
	 epoch  20 training error:  tensor(0.1213, device='cuda:0', grad_fn=<DivBackward0>)
Memory status after this epoch: 
Memory allocated:  273.45166015625
Memory cached:  554.0
	 epoch  30 training error:  tensor(0.1035, device='cuda:0', grad_fn=<DivBackward0>)
Memory status after this epoch: 
Memory allocated:  273.45166015625
Memory cached:  538.0
	 epoch  40 training error:  tensor(0.0868, device='cuda:0', grad_fn=<DivBackward0>)
Memory status after this epoch: 
Memory allocated:  273.45166015625
Memory cached:  556.0
	 epoch  50 training error:  tensor(0.0924, device='cuda:0', grad_fn=<DivBackward0>)
Memory status after this epoch: 
Memory allocated:  273.45166015625
Memory cached:  558.0
	 epoch  60 training error:  tensor(0.0793, device='cuda:0', grad_fn=<DivBackward0>)
Memory status after this epoch: 
Memory allocated:  273.45166015625
Memory cached:  554.0
	 epoch  70 training error:  tensor(0.0939, device='cuda:0', grad_fn=<DivBackward0>)
Memory status after this epoch: 
Memory allocated:  273.45166015625
Memory cached:  552.0
	 epoch  80 training error:  tensor(0.0957, device='cuda:0', grad_fn=<DivBackward0>)
Memory status after this epoch: 
Memory allocated:  273.45166015625
Memory cached:  552.0
	 epoch  90 training error:  tensor(0.0867, device='cuda:0', grad_fn=<DivBackward0>)
Memory status after this epoch: 
Memory allocated:  273.45166015625
Memory cached:  542.0
[I 2023-12-03 07:06:07,177] Trial 34 finished with value: 0.08879508823156357 and parameters: {'W_layers': 3, 'W_layer_units_exponent_0': 10, 'W_layer_units_exponent_1': 6, 'W_layer_units_exponent_2': 8, 'D_layers': 8, 'D_layer_units_exponent_0': 9, 'D_layer_units_exponent_1': 7, 'D_layer_units_exponent_2': 4, 'D_layer_units_exponent_3': 10, 'D_layer_units_exponent_4': 9, 'D_layer_units_exponent_5': 6, 'D_layer_units_exponent_6': 8, 'D_layer_units_exponent_7': 5, 'D_dagger_layers': 6, 'D_dagger_layer_units_exponent_0': 5, 'D_dagger_layer_units_exponent_1': 7, 'D_dagger_layer_units_exponent_2': 4, 'D_dagger_layer_units_exponent_3': 4, 'D_dagger_layer_units_exponent_4': 6, 'D_dagger_layer_units_exponent_5': 4, 'log_learning_rate': -4.423547339001213, 'log_learning_rate_D': -2.4006347686293514, 'log_learning_rate_D_dagger': -2.368789226572174, 'training_batch_size': 9, 'training_p': 2}. Best is trial 16 with value: 0.016163093969225883.
Time for this trial:  218.3472819328308
Memory status after this trial: 
Memory allocated:  487.05908203125
Memory cached:  530.0
--------------------  Trial  35   --------------------
Start timing: 
Parameters: 
{'W_layers': 4, 'W_layer_units_exponent_0': 9, 'W_layer_units_exponent_1': 4, 'W_layer_units_exponent_2': 6, 'W_layer_units_exponent_3': 7, 'D_layers': 5, 'D_layer_units_exponent_0': 7, 'D_layer_units_exponent_1': 10, 'D_layer_units_exponent_2': 6, 'D_layer_units_exponent_3': 6, 'D_layer_units_exponent_4': 7, 'D_dagger_layers': 5, 'D_dagger_layer_units_exponent_0': 4, 'D_dagger_layer_units_exponent_1': 6, 'D_dagger_layer_units_exponent_2': 6, 'D_dagger_layer_units_exponent_3': 5, 'D_dagger_layer_units_exponent_4': 7, 'log_learning_rate': -4.749934613174015, 'log_learning_rate_D': -2.0617945197808103, 'log_learning_rate_D_dagger': -3.2826216969724697, 'training_batch_size': 7, 'training_p': 6}
	 epoch  0 training error:  tensor(1.0067, device='cuda:0', grad_fn=<DivBackward0>)
Memory status after this epoch: 
Memory allocated:  265.47705078125
Memory cached:  510.0
	 epoch  10 training error:  tensor(0.9357, device='cuda:0', grad_fn=<DivBackward0>)
Memory status after this epoch: 
Memory allocated:  265.47705078125
Memory cached:  524.0
	 epoch  20 training error:  tensor(0.7836, device='cuda:0', grad_fn=<DivBackward0>)
Memory status after this epoch: 
Memory allocated:  265.47705078125
Memory cached:  534.0
	 epoch  30 training error:  tensor(0.4563, device='cuda:0', grad_fn=<DivBackward0>)
Memory status after this epoch: 
Memory allocated:  265.47705078125
Memory cached:  530.0
	 epoch  40 training error:  tensor(0.1851, device='cuda:0', grad_fn=<DivBackward0>)
Memory status after this epoch: 
Memory allocated:  265.47705078125
Memory cached:  538.0
	 epoch  50 training error:  tensor(0.1207, device='cuda:0', grad_fn=<DivBackward0>)
Memory status after this epoch: 
Memory allocated:  265.47705078125
Memory cached:  532.0
	 epoch  60 training error:  tensor(0.0939, device='cuda:0', grad_fn=<DivBackward0>)
Memory status after this epoch: 
Memory allocated:  265.47705078125
Memory cached:  528.0
	 epoch  70 training error:  tensor(0.0681, device='cuda:0', grad_fn=<DivBackward0>)
Memory status after this epoch: 
Memory allocated:  265.47705078125
Memory cached:  532.0
	 epoch  80 training error:  tensor(0.0563, device='cuda:0', grad_fn=<DivBackward0>)
Memory status after this epoch: 
Memory allocated:  265.47705078125
Memory cached:  534.0
	 epoch  90 training error:  tensor(0.0526, device='cuda:0', grad_fn=<DivBackward0>)
Memory status after this epoch: 
Memory allocated:  265.47705078125
Memory cached:  534.0
[I 2023-12-03 07:09:09,340] Trial 35 finished with value: 0.03154266998171806 and parameters: {'W_layers': 4, 'W_layer_units_exponent_0': 9, 'W_layer_units_exponent_1': 4, 'W_layer_units_exponent_2': 6, 'W_layer_units_exponent_3': 7, 'D_layers': 5, 'D_layer_units_exponent_0': 7, 'D_layer_units_exponent_1': 10, 'D_layer_units_exponent_2': 6, 'D_layer_units_exponent_3': 6, 'D_layer_units_exponent_4': 7, 'D_dagger_layers': 5, 'D_dagger_layer_units_exponent_0': 4, 'D_dagger_layer_units_exponent_1': 6, 'D_dagger_layer_units_exponent_2': 6, 'D_dagger_layer_units_exponent_3': 5, 'D_dagger_layer_units_exponent_4': 7, 'log_learning_rate': -4.749934613174015, 'log_learning_rate_D': -2.0617945197808103, 'log_learning_rate_D_dagger': -3.2826216969724697, 'training_batch_size': 7, 'training_p': 6}. Best is trial 16 with value: 0.016163093969225883.
Time for this trial:  181.87506437301636
Memory status after this trial: 
Memory allocated:  390.474609375
Memory cached:  522.0
--------------------  Trial  36   --------------------
Start timing: 
Parameters: 
{'W_layers': 3, 'W_layer_units_exponent_0': 9, 'W_layer_units_exponent_1': 4, 'W_layer_units_exponent_2': 6, 'D_layers': 4, 'D_layer_units_exponent_0': 10, 'D_layer_units_exponent_1': 10, 'D_layer_units_exponent_2': 6, 'D_layer_units_exponent_3': 7, 'D_dagger_layers': 3, 'D_dagger_layer_units_exponent_0': 9, 'D_dagger_layer_units_exponent_1': 6, 'D_dagger_layer_units_exponent_2': 6, 'log_learning_rate': -4.645348941264389, 'log_learning_rate_D': -1.814751893028764, 'log_learning_rate_D_dagger': -3.2347178912214134, 'training_batch_size': 8, 'training_p': 6}
	 epoch  0 training error:  tensor(0.9074, device='cuda:0', grad_fn=<DivBackward0>)
Memory status after this epoch: 
Memory allocated:  279.78369140625
Memory cached:  524.0
	 epoch  10 training error:  tensor(0.4367, device='cuda:0', grad_fn=<DivBackward0>)
Memory status after this epoch: 
Memory allocated:  279.78369140625
Memory cached:  540.0
	 epoch  20 training error:  tensor(0.2065, device='cuda:0', grad_fn=<DivBackward0>)
Memory status after this epoch: 
Memory allocated:  279.78369140625
Memory cached:  544.0
	 epoch  30 training error:  tensor(0.1533, device='cuda:0', grad_fn=<DivBackward0>)
Memory status after this epoch: 
Memory allocated:  279.78369140625
Memory cached:  540.0
	 epoch  40 training error:  tensor(0.1396, device='cuda:0', grad_fn=<DivBackward0>)
Memory status after this epoch: 
Memory allocated:  279.78369140625
Memory cached:  544.0
	 epoch  50 training error:  tensor(0.1386, device='cuda:0', grad_fn=<DivBackward0>)
Memory status after this epoch: 
Memory allocated:  279.78369140625
Memory cached:  546.0
	 epoch  60 training error:  tensor(0.1378, device='cuda:0', grad_fn=<DivBackward0>)
Memory status after this epoch: 
Memory allocated:  279.78369140625
Memory cached:  546.0
	 epoch  70 training error:  tensor(0.1374, device='cuda:0', grad_fn=<DivBackward0>)
Memory status after this epoch: 
Memory allocated:  279.78369140625
Memory cached:  538.0
	 epoch  80 training error:  tensor(0.1373, device='cuda:0', grad_fn=<DivBackward0>)
Memory status after this epoch: 
Memory allocated:  279.78369140625
Memory cached:  538.0
	 epoch  90 training error:  tensor(0.1370, device='cuda:0', grad_fn=<DivBackward0>)
Memory status after this epoch: 
Memory allocated:  279.78369140625
Memory cached:  532.0
