[I 2023-12-05 01:13:35,959] Trial 39 finished with value: 0.6465020179748535 and parameters: {'W_layers': 8, 'W_layer_units_exponent_0': 6, 'W_layer_units_exponent_1': 5, 'W_layer_units_exponent_2': 4, 'W_layer_units_exponent_3': 9, 'W_layer_units_exponent_4': 7, 'W_layer_units_exponent_5': 10, 'W_layer_units_exponent_6': 6, 'W_layer_units_exponent_7': 6, 'D_layers': 5, 'D_layer_units_exponent_0': 8, 'D_layer_units_exponent_1': 7, 'D_layer_units_exponent_2': 6, 'D_layer_units_exponent_3': 10, 'D_layer_units_exponent_4': 9, 'log_learning_rate': -3.6314232909318465, 'log_learning_rate_D': -2.7425412846403794, 'training_batch_size': 9, 'training_p': 8}. Best is trial 31 with value: 0.36051222681999207.
Time for this trial:  15.950198888778687
Memory status after this trial: 
Memory allocated:  132.84228515625
Memory cached:  144.0
--------------------  Trial  40   --------------------
Start timing: 
Parameters: 
{'W_layers': 7, 'W_layer_units_exponent_0': 9, 'W_layer_units_exponent_1': 4, 'W_layer_units_exponent_2': 5, 'W_layer_units_exponent_3': 8, 'W_layer_units_exponent_4': 10, 'W_layer_units_exponent_5': 7, 'W_layer_units_exponent_6': 8, 'D_layers': 8, 'D_layer_units_exponent_0': 7, 'D_layer_units_exponent_1': 10, 'D_layer_units_exponent_2': 8, 'D_layer_units_exponent_3': 8, 'D_layer_units_exponent_4': 6, 'D_layer_units_exponent_5': 6, 'D_layer_units_exponent_6': 9, 'D_layer_units_exponent_7': 7, 'log_learning_rate': -2.8791465834799403, 'log_learning_rate_D': -2.984776789296428, 'training_batch_size': 12, 'training_p': 5}
	 epoch  0 training error:  tensor(1.0623, device='cuda:0', grad_fn=<DivBackward0>)
Memory status after this epoch: 
Memory allocated:  94.74365234375
Memory cached:  142.0
	 epoch  10 training error:  tensor(0.5961, device='cuda:0', grad_fn=<DivBackward0>)
Memory status after this epoch: 
Memory allocated:  94.74365234375
Memory cached:  144.0
	 epoch  20 training error:  tensor(0.5924, device='cuda:0', grad_fn=<DivBackward0>)
Memory status after this epoch: 
Memory allocated:  94.74365234375
Memory cached:  144.0
	 epoch  30 training error:  tensor(0.5923, device='cuda:0', grad_fn=<DivBackward0>)
Memory status after this epoch: 
Memory allocated:  94.74365234375
Memory cached:  144.0
	 epoch  40 training error:  tensor(0.5904, device='cuda:0', grad_fn=<DivBackward0>)
Memory status after this epoch: 
Memory allocated:  94.74365234375
Memory cached:  144.0
	 epoch  50 training error:  tensor(0.5906, device='cuda:0', grad_fn=<DivBackward0>)
Memory status after this epoch: 
Memory allocated:  94.74365234375
Memory cached:  144.0
	 epoch  60 training error:  tensor(0.5902, device='cuda:0', grad_fn=<DivBackward0>)
Memory status after this epoch: 
Memory allocated:  94.74365234375
Memory cached:  144.0
	 epoch  70 training error:  tensor(0.5902, device='cuda:0', grad_fn=<DivBackward0>)
Memory status after this epoch: 
Memory allocated:  94.74365234375
Memory cached:  144.0
	 epoch  80 training error:  tensor(0.5902, device='cuda:0', grad_fn=<DivBackward0>)
Memory status after this epoch: 
Memory allocated:  94.74365234375
Memory cached:  144.0
	 epoch  90 training error:  tensor(0.5902, device='cuda:0', grad_fn=<DivBackward0>)
Memory status after this epoch: 
Memory allocated:  94.74365234375
Memory cached:  144.0
[I 2023-12-05 01:13:52,433] Trial 40 finished with value: 0.5459024906158447 and parameters: {'W_layers': 7, 'W_layer_units_exponent_0': 9, 'W_layer_units_exponent_1': 4, 'W_layer_units_exponent_2': 5, 'W_layer_units_exponent_3': 8, 'W_layer_units_exponent_4': 10, 'W_layer_units_exponent_5': 7, 'W_layer_units_exponent_6': 8, 'D_layers': 8, 'D_layer_units_exponent_0': 7, 'D_layer_units_exponent_1': 10, 'D_layer_units_exponent_2': 8, 'D_layer_units_exponent_3': 8, 'D_layer_units_exponent_4': 6, 'D_layer_units_exponent_5': 6, 'D_layer_units_exponent_6': 9, 'D_layer_units_exponent_7': 7, 'log_learning_rate': -2.8791465834799403, 'log_learning_rate_D': -2.984776789296428, 'training_batch_size': 12, 'training_p': 5}. Best is trial 31 with value: 0.36051222681999207.
Time for this trial:  16.26889419555664
Memory status after this trial: 
Memory allocated:  142.33154296875
Memory cached:  164.0
--------------------  Trial  41   --------------------
Start timing: 
Parameters: 
{'W_layers': 5, 'W_layer_units_exponent_0': 6, 'W_layer_units_exponent_1': 8, 'W_layer_units_exponent_2': 7, 'W_layer_units_exponent_3': 6, 'W_layer_units_exponent_4': 9, 'D_layers': 8, 'D_layer_units_exponent_0': 7, 'D_layer_units_exponent_1': 8, 'D_layer_units_exponent_2': 5, 'D_layer_units_exponent_3': 9, 'D_layer_units_exponent_4': 10, 'D_layer_units_exponent_5': 9, 'D_layer_units_exponent_6': 6, 'D_layer_units_exponent_7': 7, 'log_learning_rate': -3.094249692944435, 'log_learning_rate_D': -2.4277636926729698, 'training_batch_size': 6, 'training_p': 2}
	 epoch  0 training error:  tensor(1.0443, device='cuda:0', grad_fn=<DivBackward0>)
Memory status after this epoch: 
Memory allocated:  91.85498046875
Memory cached:  142.0
	 epoch  10 training error:  tensor(0.5081, device='cuda:0', grad_fn=<DivBackward0>)
Memory status after this epoch: 
Memory allocated:  91.85498046875
Memory cached:  142.0
	 epoch  20 training error:  tensor(0.5036, device='cuda:0', grad_fn=<DivBackward0>)
Memory status after this epoch: 
Memory allocated:  91.85498046875
Memory cached:  142.0
	 epoch  30 training error:  tensor(0.4999, device='cuda:0', grad_fn=<DivBackward0>)
Memory status after this epoch: 
Memory allocated:  91.85498046875
Memory cached:  142.0
	 epoch  40 training error:  tensor(0.4994, device='cuda:0', grad_fn=<DivBackward0>)
Memory status after this epoch: 
Memory allocated:  91.85498046875
Memory cached:  142.0
	 epoch  50 training error:  tensor(0.4993, device='cuda:0', grad_fn=<DivBackward0>)
Memory status after this epoch: 
Memory allocated:  91.85498046875
Memory cached:  142.0
	 epoch  60 training error:  tensor(0.4993, device='cuda:0', grad_fn=<DivBackward0>)
Memory status after this epoch: 
Memory allocated:  91.85498046875
Memory cached:  142.0
	 epoch  70 training error:  tensor(0.4996, device='cuda:0', grad_fn=<DivBackward0>)
Memory status after this epoch: 
Memory allocated:  91.85498046875
Memory cached:  142.0
	 epoch  80 training error:  tensor(0.4999, device='cuda:0', grad_fn=<DivBackward0>)
Memory status after this epoch: 
Memory allocated:  91.85498046875
Memory cached:  142.0
	 epoch  90 training error:  tensor(0.4997, device='cuda:0', grad_fn=<DivBackward0>)
Memory status after this epoch: 
Memory allocated:  91.85498046875
Memory cached:  142.0
[I 2023-12-05 01:14:08,821] Trial 41 finished with value: 0.3674180805683136 and parameters: {'W_layers': 5, 'W_layer_units_exponent_0': 6, 'W_layer_units_exponent_1': 8, 'W_layer_units_exponent_2': 7, 'W_layer_units_exponent_3': 6, 'W_layer_units_exponent_4': 9, 'D_layers': 8, 'D_layer_units_exponent_0': 7, 'D_layer_units_exponent_1': 8, 'D_layer_units_exponent_2': 5, 'D_layer_units_exponent_3': 9, 'D_layer_units_exponent_4': 10, 'D_layer_units_exponent_5': 9, 'D_layer_units_exponent_6': 6, 'D_layer_units_exponent_7': 7, 'log_learning_rate': -3.094249692944435, 'log_learning_rate_D': -2.4277636926729698, 'training_batch_size': 6, 'training_p': 2}. Best is trial 31 with value: 0.36051222681999207.
Time for this trial:  16.195080518722534
Memory status after this trial: 
Memory allocated:  110.80029296875
Memory cached:  142.0
--------------------  Trial  42   --------------------
Start timing: 
Parameters: 
{'W_layers': 4, 'W_layer_units_exponent_0': 7, 'W_layer_units_exponent_1': 10, 'W_layer_units_exponent_2': 8, 'W_layer_units_exponent_3': 4, 'D_layers': 8, 'D_layer_units_exponent_0': 7, 'D_layer_units_exponent_1': 9, 'D_layer_units_exponent_2': 5, 'D_layer_units_exponent_3': 9, 'D_layer_units_exponent_4': 9, 'D_layer_units_exponent_5': 9, 'D_layer_units_exponent_6': 6, 'D_layer_units_exponent_7': 5, 'log_learning_rate': -2.0515842914514804, 'log_learning_rate_D': -2.6977683144286444, 'training_batch_size': 6, 'training_p': 2}
	 epoch  0 training error:  tensor(1.5271, device='cuda:0', grad_fn=<DivBackward0>)
Memory status after this epoch: 
Memory allocated:  94.30126953125
Memory cached:  142.0
	 epoch  10 training error:  tensor(0.5435, device='cuda:0', grad_fn=<DivBackward0>)
Memory status after this epoch: 
Memory allocated:  94.30126953125
Memory cached:  142.0
	 epoch  20 training error:  tensor(0.5020, device='cuda:0', grad_fn=<DivBackward0>)
Memory status after this epoch: 
Memory allocated:  94.30126953125
Memory cached:  142.0
	 epoch  30 training error:  tensor(0.4994, device='cuda:0', grad_fn=<DivBackward0>)
Memory status after this epoch: 
Memory allocated:  94.30126953125
Memory cached:  142.0
	 epoch  40 training error:  tensor(0.5034, device='cuda:0', grad_fn=<DivBackward0>)
Memory status after this epoch: 
Memory allocated:  94.30126953125
Memory cached:  142.0
	 epoch  50 training error:  tensor(0.5000, device='cuda:0', grad_fn=<DivBackward0>)
Memory status after this epoch: 
Memory allocated:  94.30126953125
Memory cached:  142.0
	 epoch  60 training error:  tensor(0.4994, device='cuda:0', grad_fn=<DivBackward0>)
Memory status after this epoch: 
Memory allocated:  94.30126953125
Memory cached:  142.0
	 epoch  70 training error:  tensor(0.4999, device='cuda:0', grad_fn=<DivBackward0>)
Memory status after this epoch: 
Memory allocated:  94.30126953125
Memory cached:  142.0
	 epoch  80 training error:  tensor(0.5001, device='cuda:0', grad_fn=<DivBackward0>)
Memory status after this epoch: 
Memory allocated:  94.30126953125
Memory cached:  142.0
	 epoch  90 training error:  tensor(0.5109, device='cuda:0', grad_fn=<DivBackward0>)
Memory status after this epoch: 
Memory allocated:  94.30126953125
Memory cached:  142.0
[I 2023-12-05 01:14:25,192] Trial 42 finished with value: 0.36271458864212036 and parameters: {'W_layers': 4, 'W_layer_units_exponent_0': 7, 'W_layer_units_exponent_1': 10, 'W_layer_units_exponent_2': 8, 'W_layer_units_exponent_3': 4, 'D_layers': 8, 'D_layer_units_exponent_0': 7, 'D_layer_units_exponent_1': 9, 'D_layer_units_exponent_2': 5, 'D_layer_units_exponent_3': 9, 'D_layer_units_exponent_4': 9, 'D_layer_units_exponent_5': 9, 'D_layer_units_exponent_6': 6, 'D_layer_units_exponent_7': 5, 'log_learning_rate': -2.0515842914514804, 'log_learning_rate_D': -2.6977683144286444, 'training_batch_size': 6, 'training_p': 2}. Best is trial 31 with value: 0.36051222681999207.
Time for this trial:  16.19218111038208
Memory status after this trial: 
Memory allocated:  122.25341796875
Memory cached:  144.0
--------------------  Trial  43   --------------------
Start timing: 
Parameters: 
{'W_layers': 8, 'W_layer_units_exponent_0': 7, 'W_layer_units_exponent_1': 10, 'W_layer_units_exponent_2': 8, 'W_layer_units_exponent_3': 4, 'W_layer_units_exponent_4': 5, 'W_layer_units_exponent_5': 8, 'W_layer_units_exponent_6': 6, 'W_layer_units_exponent_7': 8, 'D_layers': 7, 'D_layer_units_exponent_0': 6, 'D_layer_units_exponent_1': 9, 'D_layer_units_exponent_2': 4, 'D_layer_units_exponent_3': 10, 'D_layer_units_exponent_4': 10, 'D_layer_units_exponent_5': 9, 'D_layer_units_exponent_6': 5, 'log_learning_rate': -1.863655555781871, 'log_learning_rate_D': -2.618200359711879, 'training_batch_size': 7, 'training_p': 2}
	 epoch  0 training error:  tensor(0.9900, device='cuda:0', grad_fn=<DivBackward0>)
Memory status after this epoch: 
Memory allocated:  99.12353515625
Memory cached:  142.0
	 epoch  10 training error:  tensor(1.0773, device='cuda:0', grad_fn=<DivBackward0>)
Memory status after this epoch: 
Memory allocated:  99.12353515625
Memory cached:  142.0
	 epoch  20 training error:  tensor(0.8276, device='cuda:0', grad_fn=<DivBackward0>)
Memory status after this epoch: 
Memory allocated:  99.12353515625
Memory cached:  142.0
	 epoch  30 training error:  tensor(0.6433, device='cuda:0', grad_fn=<DivBackward0>)
Memory status after this epoch: 
Memory allocated:  99.12353515625
Memory cached:  142.0
	 epoch  40 training error:  tensor(0.7575, device='cuda:0', grad_fn=<DivBackward0>)
Memory status after this epoch: 
Memory allocated:  99.12353515625
Memory cached:  142.0
	 epoch  50 training error:  tensor(0.5144, device='cuda:0', grad_fn=<DivBackward0>)
Memory status after this epoch: 
Memory allocated:  99.12353515625
Memory cached:  142.0
	 epoch  60 training error:  tensor(0.5057, device='cuda:0', grad_fn=<DivBackward0>)
Memory status after this epoch: 
Memory allocated:  99.12353515625
Memory cached:  142.0
	 epoch  70 training error:  tensor(0.5250, device='cuda:0', grad_fn=<DivBackward0>)
Memory status after this epoch: 
Memory allocated:  99.12353515625
Memory cached:  142.0
	 epoch  80 training error:  tensor(0.5289, device='cuda:0', grad_fn=<DivBackward0>)
Memory status after this epoch: 
Memory allocated:  99.12353515625
Memory cached:  142.0
	 epoch  90 training error:  tensor(0.4993, device='cuda:0', grad_fn=<DivBackward0>)
Memory status after this epoch: 
Memory allocated:  99.12353515625
Memory cached:  142.0
[I 2023-12-05 01:14:41,594] Trial 43 finished with value: 0.3478904664516449 and parameters: {'W_layers': 8, 'W_layer_units_exponent_0': 7, 'W_layer_units_exponent_1': 10, 'W_layer_units_exponent_2': 8, 'W_layer_units_exponent_3': 4, 'W_layer_units_exponent_4': 5, 'W_layer_units_exponent_5': 8, 'W_layer_units_exponent_6': 6, 'W_layer_units_exponent_7': 8, 'D_layers': 7, 'D_layer_units_exponent_0': 6, 'D_layer_units_exponent_1': 9, 'D_layer_units_exponent_2': 4, 'D_layer_units_exponent_3': 10, 'D_layer_units_exponent_4': 10, 'D_layer_units_exponent_5': 9, 'D_layer_units_exponent_6': 5, 'log_learning_rate': -1.863655555781871, 'log_learning_rate_D': -2.618200359711879, 'training_batch_size': 7, 'training_p': 2}. Best is trial 43 with value: 0.3478904664516449.
res:  tensor(0.3479, device='cuda:0', grad_fn=<DivBackward0>)
self.bestValue:  tensor(0.3605, device='cuda:0', grad_fn=<DivBackward0>)
Save this model!
Time for this trial:  16.19646716117859
Memory status after this trial: 
Memory allocated:  51.701171875
Memory cached:  122.0
--------------------  Trial  44   --------------------
Start timing: 
Parameters: 
{'W_layers': 8, 'W_layer_units_exponent_0': 7, 'W_layer_units_exponent_1': 10, 'W_layer_units_exponent_2': 8, 'W_layer_units_exponent_3': 4, 'W_layer_units_exponent_4': 4, 'W_layer_units_exponent_5': 8, 'W_layer_units_exponent_6': 6, 'W_layer_units_exponent_7': 9, 'D_layers': 7, 'D_layer_units_exponent_0': 6, 'D_layer_units_exponent_1': 9, 'D_layer_units_exponent_2': 5, 'D_layer_units_exponent_3': 10, 'D_layer_units_exponent_4': 9, 'D_layer_units_exponent_5': 9, 'D_layer_units_exponent_6': 5, 'log_learning_rate': -1.822883775286725, 'log_learning_rate_D': -2.659940999552448, 'training_batch_size': 7, 'training_p': 2}
	 epoch  0 training error:  tensor(0.9849, device='cuda:0', grad_fn=<DivBackward0>)
Memory status after this epoch: 
Memory allocated:  62.05029296875
Memory cached:  122.0
	 epoch  10 training error:  tensor(11.2453, device='cuda:0', grad_fn=<DivBackward0>)
Memory status after this epoch: 
Memory allocated:  62.05029296875
Memory cached:  122.0
	 epoch  20 training error:  tensor(0.8720, device='cuda:0', grad_fn=<DivBackward0>)
Memory status after this epoch: 
Memory allocated:  62.05029296875
Memory cached:  122.0
	 epoch  30 training error:  tensor(0.9093, device='cuda:0', grad_fn=<DivBackward0>)
Memory status after this epoch: 
Memory allocated:  62.05029296875
Memory cached:  122.0
	 epoch  40 training error:  tensor(0.8894, device='cuda:0', grad_fn=<DivBackward0>)
Memory status after this epoch: 
Memory allocated:  62.05029296875
Memory cached:  122.0
	 epoch  50 training error:  tensor(0.8707, device='cuda:0', grad_fn=<DivBackward0>)
Memory status after this epoch: 
Memory allocated:  62.05029296875
Memory cached:  122.0
	 epoch  60 training error:  tensor(0.8487, device='cuda:0', grad_fn=<DivBackward0>)
Memory status after this epoch: 
Memory allocated:  62.05029296875
Memory cached:  122.0
	 epoch  70 training error:  tensor(0.7106, device='cuda:0', grad_fn=<DivBackward0>)
Memory status after this epoch: 
Memory allocated:  62.05029296875
Memory cached:  122.0
	 epoch  80 training error:  tensor(0.6728, device='cuda:0', grad_fn=<DivBackward0>)
Memory status after this epoch: 
Memory allocated:  62.05029296875
Memory cached:  122.0
	 epoch  90 training error:  tensor(0.6710, device='cuda:0', grad_fn=<DivBackward0>)
Memory status after this epoch: 
Memory allocated:  62.05029296875
Memory cached:  122.0
[I 2023-12-05 01:14:58,013] Trial 44 finished with value: 0.492025226354599 and parameters: {'W_layers': 8, 'W_layer_units_exponent_0': 7, 'W_layer_units_exponent_1': 10, 'W_layer_units_exponent_2': 8, 'W_layer_units_exponent_3': 4, 'W_layer_units_exponent_4': 4, 'W_layer_units_exponent_5': 8, 'W_layer_units_exponent_6': 6, 'W_layer_units_exponent_7': 9, 'D_layers': 7, 'D_layer_units_exponent_0': 6, 'D_layer_units_exponent_1': 9, 'D_layer_units_exponent_2': 5, 'D_layer_units_exponent_3': 10, 'D_layer_units_exponent_4': 9, 'D_layer_units_exponent_5': 9, 'D_layer_units_exponent_6': 5, 'log_learning_rate': -1.822883775286725, 'log_learning_rate_D': -2.659940999552448, 'training_batch_size': 7, 'training_p': 2}. Best is trial 43 with value: 0.3478904664516449.
Time for this trial:  16.20016074180603
Memory status after this trial: 
Memory allocated:  107.67822265625
Memory cached:  126.0
--------------------  Trial  45   --------------------
Start timing: 
Parameters: 
{'W_layers': 6, 'W_layer_units_exponent_0': 7, 'W_layer_units_exponent_1': 10, 'W_layer_units_exponent_2': 9, 'W_layer_units_exponent_3': 4, 'W_layer_units_exponent_4': 5, 'W_layer_units_exponent_5': 9, 'D_layers': 6, 'D_layer_units_exponent_0': 5, 'D_layer_units_exponent_1': 9, 'D_layer_units_exponent_2': 6, 'D_layer_units_exponent_3': 10, 'D_layer_units_exponent_4': 10, 'D_layer_units_exponent_5': 8, 'log_learning_rate': -1.4246535089127006, 'log_learning_rate_D': -1.8442780597936221, 'training_batch_size': 11, 'training_p': 3}
	 epoch  0 training error:  tensor(1.0830, device='cuda:0', grad_fn=<DivBackward0>)
Memory status after this epoch: 
Memory allocated:  68.037109375
Memory cached:  122.0
	 epoch  10 training error:  tensor(117.3975, device='cuda:0', grad_fn=<DivBackward0>)
Memory status after this epoch: 
Memory allocated:  68.037109375
Memory cached:  122.0
	 epoch  20 training error:  tensor(13.8982, device='cuda:0', grad_fn=<DivBackward0>)
Memory status after this epoch: 
Memory allocated:  68.037109375
Memory cached:  122.0
	 epoch  30 training error:  tensor(20.7148, device='cuda:0', grad_fn=<DivBackward0>)
Memory status after this epoch: 
Memory allocated:  68.037109375
Memory cached:  122.0
	 epoch  40 training error:  tensor(0.7903, device='cuda:0', grad_fn=<DivBackward0>)
Memory status after this epoch: 
Memory allocated:  68.037109375
Memory cached:  122.0
	 epoch  50 training error:  tensor(0.7826, device='cuda:0', grad_fn=<DivBackward0>)
Memory status after this epoch: 
Memory allocated:  68.037109375
Memory cached:  122.0
	 epoch  60 training error:  tensor(0.9653, device='cuda:0', grad_fn=<DivBackward0>)
Memory status after this epoch: 
Memory allocated:  68.037109375
Memory cached:  122.0
	 epoch  70 training error:  tensor(0.7176, device='cuda:0', grad_fn=<DivBackward0>)
Memory status after this epoch: 
Memory allocated:  68.037109375
Memory cached:  122.0
	 epoch  80 training error:  tensor(0.7298, device='cuda:0', grad_fn=<DivBackward0>)
Memory status after this epoch: 
Memory allocated:  68.037109375
Memory cached:  122.0
	 epoch  90 training error:  tensor(0.6909, device='cuda:0', grad_fn=<DivBackward0>)
Memory status after this epoch: 
Memory allocated:  68.037109375
Memory cached:  122.0
