[I 2023-12-03 05:36:05,872] Trial 20 finished with value: 0.0441325306892395 and parameters: {'W_layers': 5, 'W_layer_units_exponent_0': 8, 'W_layer_units_exponent_1': 5, 'W_layer_units_exponent_2': 9, 'W_layer_units_exponent_3': 7, 'W_layer_units_exponent_4': 6, 'D_layers': 5, 'D_layer_units_exponent_0': 9, 'D_layer_units_exponent_1': 9, 'D_layer_units_exponent_2': 5, 'D_layer_units_exponent_3': 4, 'D_layer_units_exponent_4': 5, 'D_dagger_layers': 4, 'D_dagger_layer_units_exponent_0': 6, 'D_dagger_layer_units_exponent_1': 6, 'D_dagger_layer_units_exponent_2': 8, 'D_dagger_layer_units_exponent_3': 10, 'log_learning_rate': -3.0249876175757686, 'log_learning_rate_D': -3.5637063316089357, 'log_learning_rate_D_dagger': -2.7393099122480162, 'training_batch_size': 9, 'training_p': 4}. Best is trial 17 with value: 0.0411190502345562.
Time for this trial:  187.92106461524963
Memory status after this trial: 
Memory allocated:  262.353515625
Memory cached:  272.0
--------------------  Trial  21   --------------------
Start timing: 
Parameters: 
{'W_layers': 7, 'W_layer_units_exponent_0': 9, 'W_layer_units_exponent_1': 4, 'W_layer_units_exponent_2': 7, 'W_layer_units_exponent_3': 4, 'W_layer_units_exponent_4': 8, 'W_layer_units_exponent_5': 6, 'W_layer_units_exponent_6': 7, 'D_layers': 3, 'D_layer_units_exponent_0': 5, 'D_layer_units_exponent_1': 7, 'D_layer_units_exponent_2': 7, 'D_dagger_layers': 4, 'D_dagger_layer_units_exponent_0': 8, 'D_dagger_layer_units_exponent_1': 8, 'D_dagger_layer_units_exponent_2': 7, 'D_dagger_layer_units_exponent_3': 10, 'log_learning_rate': -1.748596666959736, 'log_learning_rate_D': -2.560280121014567, 'log_learning_rate_D_dagger': -2.0516499828703645, 'training_batch_size': 11, 'training_p': 5}
	 epoch  0 training error:  tensor(0.9158, device='cuda:0', grad_fn=<DivBackward0>)
Memory status after this epoch: 
Memory allocated:  83.32861328125
Memory cached:  254.0
	 epoch  10 training error:  tensor(3.5622, device='cuda:0', grad_fn=<DivBackward0>)
Memory status after this epoch: 
Memory allocated:  83.32861328125
Memory cached:  284.0
	 epoch  20 training error:  tensor(0.8871, device='cuda:0', grad_fn=<DivBackward0>)
Memory status after this epoch: 
Memory allocated:  83.32861328125
Memory cached:  290.0
	 epoch  30 training error:  tensor(0.4513, device='cuda:0', grad_fn=<DivBackward0>)
Memory status after this epoch: 
Memory allocated:  83.32861328125
Memory cached:  290.0
	 epoch  40 training error:  tensor(0.1610, device='cuda:0', grad_fn=<DivBackward0>)
Memory status after this epoch: 
Memory allocated:  83.32861328125
Memory cached:  294.0
	 epoch  50 training error:  tensor(0.1050, device='cuda:0', grad_fn=<DivBackward0>)
Memory status after this epoch: 
Memory allocated:  83.32861328125
Memory cached:  286.0
	 epoch  60 training error:  tensor(0.0768, device='cuda:0', grad_fn=<DivBackward0>)
Memory status after this epoch: 
Memory allocated:  83.32861328125
Memory cached:  296.0
	 epoch  70 training error:  tensor(0.0863, device='cuda:0', grad_fn=<DivBackward0>)
Memory status after this epoch: 
Memory allocated:  83.32861328125
Memory cached:  294.0
	 epoch  80 training error:  tensor(0.1368, device='cuda:0', grad_fn=<DivBackward0>)
Memory status after this epoch: 
Memory allocated:  83.32861328125
Memory cached:  294.0
	 epoch  90 training error:  tensor(0.0832, device='cuda:0', grad_fn=<DivBackward0>)
Memory status after this epoch: 
Memory allocated:  83.32861328125
Memory cached:  294.0
[I 2023-12-03 05:39:09,886] Trial 21 finished with value: 0.06400009989738464 and parameters: {'W_layers': 7, 'W_layer_units_exponent_0': 9, 'W_layer_units_exponent_1': 4, 'W_layer_units_exponent_2': 7, 'W_layer_units_exponent_3': 4, 'W_layer_units_exponent_4': 8, 'W_layer_units_exponent_5': 6, 'W_layer_units_exponent_6': 7, 'D_layers': 3, 'D_layer_units_exponent_0': 5, 'D_layer_units_exponent_1': 7, 'D_layer_units_exponent_2': 7, 'D_dagger_layers': 4, 'D_dagger_layer_units_exponent_0': 8, 'D_dagger_layer_units_exponent_1': 8, 'D_dagger_layer_units_exponent_2': 7, 'D_dagger_layer_units_exponent_3': 10, 'log_learning_rate': -1.748596666959736, 'log_learning_rate_D': -2.560280121014567, 'log_learning_rate_D_dagger': -2.0516499828703645, 'training_batch_size': 11, 'training_p': 5}. Best is trial 17 with value: 0.0411190502345562.
Time for this trial:  183.75659728050232
Memory status after this trial: 
Memory allocated:  235.84619140625
Memory cached:  270.0
--------------------  Trial  22   --------------------
Start timing: 
Parameters: 
{'W_layers': 5, 'W_layer_units_exponent_0': 8, 'W_layer_units_exponent_1': 5, 'W_layer_units_exponent_2': 9, 'W_layer_units_exponent_3': 7, 'W_layer_units_exponent_4': 6, 'D_layers': 5, 'D_layer_units_exponent_0': 9, 'D_layer_units_exponent_1': 9, 'D_layer_units_exponent_2': 5, 'D_layer_units_exponent_3': 4, 'D_layer_units_exponent_4': 5, 'D_dagger_layers': 4, 'D_dagger_layer_units_exponent_0': 6, 'D_dagger_layer_units_exponent_1': 6, 'D_dagger_layer_units_exponent_2': 8, 'D_dagger_layer_units_exponent_3': 10, 'log_learning_rate': -3.1367799695103145, 'log_learning_rate_D': -3.5315234481595033, 'log_learning_rate_D_dagger': -2.770757613310469, 'training_batch_size': 8, 'training_p': 4}
	 epoch  0 training error:  tensor(0.9591, device='cuda:0', grad_fn=<DivBackward0>)
Memory status after this epoch: 
Memory allocated:  88.99072265625
Memory cached:  264.0
	 epoch  10 training error:  tensor(0.5151, device='cuda:0', grad_fn=<DivBackward0>)
Memory status after this epoch: 
Memory allocated:  88.99072265625
Memory cached:  298.0
	 epoch  20 training error:  tensor(0.1902, device='cuda:0', grad_fn=<DivBackward0>)
Memory status after this epoch: 
Memory allocated:  88.99072265625
Memory cached:  294.0
	 epoch  30 training error:  tensor(0.1338, device='cuda:0', grad_fn=<DivBackward0>)
Memory status after this epoch: 
Memory allocated:  88.99072265625
Memory cached:  298.0
	 epoch  40 training error:  tensor(0.0861, device='cuda:0', grad_fn=<DivBackward0>)
Memory status after this epoch: 
Memory allocated:  88.99072265625
Memory cached:  292.0
	 epoch  50 training error:  tensor(0.0616, device='cuda:0', grad_fn=<DivBackward0>)
Memory status after this epoch: 
Memory allocated:  88.99072265625
Memory cached:  294.0
	 epoch  60 training error:  tensor(0.0597, device='cuda:0', grad_fn=<DivBackward0>)
Memory status after this epoch: 
Memory allocated:  88.99072265625
Memory cached:  290.0
	 epoch  70 training error:  tensor(0.0505, device='cuda:0', grad_fn=<DivBackward0>)
Memory status after this epoch: 
Memory allocated:  88.99072265625
Memory cached:  294.0
	 epoch  80 training error:  tensor(0.0465, device='cuda:0', grad_fn=<DivBackward0>)
Memory status after this epoch: 
Memory allocated:  88.99072265625
Memory cached:  288.0
	 epoch  90 training error:  tensor(0.0556, device='cuda:0', grad_fn=<DivBackward0>)
Memory status after this epoch: 
Memory allocated:  88.99072265625
Memory cached:  298.0
[I 2023-12-03 05:42:19,381] Trial 22 finished with value: 0.05481799319386482 and parameters: {'W_layers': 5, 'W_layer_units_exponent_0': 8, 'W_layer_units_exponent_1': 5, 'W_layer_units_exponent_2': 9, 'W_layer_units_exponent_3': 7, 'W_layer_units_exponent_4': 6, 'D_layers': 5, 'D_layer_units_exponent_0': 9, 'D_layer_units_exponent_1': 9, 'D_layer_units_exponent_2': 5, 'D_layer_units_exponent_3': 4, 'D_layer_units_exponent_4': 5, 'D_dagger_layers': 4, 'D_dagger_layer_units_exponent_0': 6, 'D_dagger_layer_units_exponent_1': 6, 'D_dagger_layer_units_exponent_2': 8, 'D_dagger_layer_units_exponent_3': 10, 'log_learning_rate': -3.1367799695103145, 'log_learning_rate_D': -3.5315234481595033, 'log_learning_rate_D_dagger': -2.770757613310469, 'training_batch_size': 8, 'training_p': 4}. Best is trial 17 with value: 0.0411190502345562.
Time for this trial:  189.24008703231812
Memory status after this trial: 
Memory allocated:  262.353515625
Memory cached:  284.0
--------------------  Trial  23   --------------------
Start timing: 
Parameters: 
{'W_layers': 6, 'W_layer_units_exponent_0': 8, 'W_layer_units_exponent_1': 5, 'W_layer_units_exponent_2': 8, 'W_layer_units_exponent_3': 7, 'W_layer_units_exponent_4': 6, 'W_layer_units_exponent_5': 8, 'D_layers': 6, 'D_layer_units_exponent_0': 8, 'D_layer_units_exponent_1': 8, 'D_layer_units_exponent_2': 5, 'D_layer_units_exponent_3': 5, 'D_layer_units_exponent_4': 6, 'D_layer_units_exponent_5': 4, 'D_dagger_layers': 3, 'D_dagger_layer_units_exponent_0': 5, 'D_dagger_layer_units_exponent_1': 7, 'D_dagger_layer_units_exponent_2': 8, 'log_learning_rate': -2.6250180415751014, 'log_learning_rate_D': -3.943462821376566, 'log_learning_rate_D_dagger': -2.59287146619785, 'training_batch_size': 10, 'training_p': 3}
	 epoch  0 training error:  tensor(1.0499, device='cuda:0', grad_fn=<DivBackward0>)
Memory status after this epoch: 
Memory allocated:  81.73876953125
Memory cached:  250.0
	 epoch  10 training error:  tensor(0.1084, device='cuda:0', grad_fn=<DivBackward0>)
Memory status after this epoch: 
Memory allocated:  81.73876953125
Memory cached:  250.0
	 epoch  20 training error:  tensor(0.1628, device='cuda:0', grad_fn=<DivBackward0>)
Memory status after this epoch: 
Memory allocated:  81.73876953125
Memory cached:  252.0
	 epoch  30 training error:  tensor(0.1380, device='cuda:0', grad_fn=<DivBackward0>)
Memory status after this epoch: 
Memory allocated:  81.73876953125
Memory cached:  252.0
	 epoch  40 training error:  tensor(0.0815, device='cuda:0', grad_fn=<DivBackward0>)
Memory status after this epoch: 
Memory allocated:  81.73876953125
Memory cached:  252.0
	 epoch  50 training error:  tensor(0.0885, device='cuda:0', grad_fn=<DivBackward0>)
Memory status after this epoch: 
Memory allocated:  81.73876953125
Memory cached:  248.0
	 epoch  60 training error:  tensor(0.0715, device='cuda:0', grad_fn=<DivBackward0>)
Memory status after this epoch: 
Memory allocated:  81.73876953125
Memory cached:  248.0
	 epoch  70 training error:  tensor(0.0549, device='cuda:0', grad_fn=<DivBackward0>)
Memory status after this epoch: 
Memory allocated:  81.73876953125
Memory cached:  256.0
	 epoch  80 training error:  tensor(0.0492, device='cuda:0', grad_fn=<DivBackward0>)
Memory status after this epoch: 
Memory allocated:  81.73876953125
Memory cached:  256.0
	 epoch  90 training error:  tensor(0.0431, device='cuda:0', grad_fn=<DivBackward0>)
Memory status after this epoch: 
Memory allocated:  81.73876953125
Memory cached:  258.0
[I 2023-12-03 05:45:25,652] Trial 23 finished with value: 0.03875265270471573 and parameters: {'W_layers': 6, 'W_layer_units_exponent_0': 8, 'W_layer_units_exponent_1': 5, 'W_layer_units_exponent_2': 8, 'W_layer_units_exponent_3': 7, 'W_layer_units_exponent_4': 6, 'W_layer_units_exponent_5': 8, 'D_layers': 6, 'D_layer_units_exponent_0': 8, 'D_layer_units_exponent_1': 8, 'D_layer_units_exponent_2': 5, 'D_layer_units_exponent_3': 5, 'D_layer_units_exponent_4': 6, 'D_layer_units_exponent_5': 4, 'D_dagger_layers': 3, 'D_dagger_layer_units_exponent_0': 5, 'D_dagger_layer_units_exponent_1': 7, 'D_dagger_layer_units_exponent_2': 8, 'log_learning_rate': -2.6250180415751014, 'log_learning_rate_D': -3.943462821376566, 'log_learning_rate_D_dagger': -2.59287146619785, 'training_batch_size': 10, 'training_p': 3}. Best is trial 23 with value: 0.03875265270471573.
res:  tensor(0.0388, device='cuda:0', grad_fn=<DivBackward0>)
self.bestValue:  tensor(0.0411, device='cuda:0', grad_fn=<DivBackward0>)
Save this model!
Time for this trial:  186.0111861228943
Memory status after this trial: 
Memory allocated:  107.87939453125
Memory cached:  218.0
--------------------  Trial  24   --------------------
Start timing: 
Parameters: 
{'W_layers': 6, 'W_layer_units_exponent_0': 7, 'W_layer_units_exponent_1': 6, 'W_layer_units_exponent_2': 8, 'W_layer_units_exponent_3': 5, 'W_layer_units_exponent_4': 6, 'W_layer_units_exponent_5': 8, 'D_layers': 6, 'D_layer_units_exponent_0': 8, 'D_layer_units_exponent_1': 8, 'D_layer_units_exponent_2': 5, 'D_layer_units_exponent_3': 6, 'D_layer_units_exponent_4': 8, 'D_layer_units_exponent_5': 4, 'D_dagger_layers': 2, 'D_dagger_layer_units_exponent_0': 4, 'D_dagger_layer_units_exponent_1': 7, 'log_learning_rate': -2.4777464727214737, 'log_learning_rate_D': -4.012829966848145, 'log_learning_rate_D_dagger': -2.189078329257425, 'training_batch_size': 10, 'training_p': 3}
	 epoch  0 training error:  tensor(0.9385, device='cuda:0', grad_fn=<DivBackward0>)
Memory status after this epoch: 
Memory allocated:  110.25732421875
Memory cached:  212.0
	 epoch  10 training error:  tensor(0.1205, device='cuda:0', grad_fn=<DivBackward0>)
Memory status after this epoch: 
Memory allocated:  110.25732421875
Memory cached:  234.0
	 epoch  20 training error:  tensor(0.1391, device='cuda:0', grad_fn=<DivBackward0>)
Memory status after this epoch: 
Memory allocated:  110.25732421875
Memory cached:  242.0
	 epoch  30 training error:  tensor(0.0979, device='cuda:0', grad_fn=<DivBackward0>)
Memory status after this epoch: 
Memory allocated:  110.25732421875
Memory cached:  248.0
	 epoch  40 training error:  tensor(0.0780, device='cuda:0', grad_fn=<DivBackward0>)
Memory status after this epoch: 
Memory allocated:  110.25732421875
Memory cached:  246.0
	 epoch  50 training error:  tensor(0.0696, device='cuda:0', grad_fn=<DivBackward0>)
Memory status after this epoch: 
Memory allocated:  110.25732421875
Memory cached:  240.0
	 epoch  60 training error:  tensor(0.0578, device='cuda:0', grad_fn=<DivBackward0>)
Memory status after this epoch: 
Memory allocated:  110.25732421875
Memory cached:  244.0
	 epoch  70 training error:  tensor(0.0496, device='cuda:0', grad_fn=<DivBackward0>)
Memory status after this epoch: 
Memory allocated:  110.25732421875
Memory cached:  238.0
	 epoch  80 training error:  tensor(0.0450, device='cuda:0', grad_fn=<DivBackward0>)
Memory status after this epoch: 
Memory allocated:  110.25732421875
Memory cached:  246.0
	 epoch  90 training error:  tensor(0.0458, device='cuda:0', grad_fn=<DivBackward0>)
Memory status after this epoch: 
Memory allocated:  110.25732421875
Memory cached:  234.0
[I 2023-12-03 05:48:23,955] Trial 24 finished with value: 0.05432751774787903 and parameters: {'W_layers': 6, 'W_layer_units_exponent_0': 7, 'W_layer_units_exponent_1': 6, 'W_layer_units_exponent_2': 8, 'W_layer_units_exponent_3': 5, 'W_layer_units_exponent_4': 6, 'W_layer_units_exponent_5': 8, 'D_layers': 6, 'D_layer_units_exponent_0': 8, 'D_layer_units_exponent_1': 8, 'D_layer_units_exponent_2': 5, 'D_layer_units_exponent_3': 6, 'D_layer_units_exponent_4': 8, 'D_layer_units_exponent_5': 4, 'D_dagger_layers': 2, 'D_dagger_layer_units_exponent_0': 4, 'D_dagger_layer_units_exponent_1': 7, 'log_learning_rate': -2.4777464727214737, 'log_learning_rate_D': -4.012829966848145, 'log_learning_rate_D_dagger': -2.189078329257425, 'training_batch_size': 10, 'training_p': 3}. Best is trial 23 with value: 0.03875265270471573.
Time for this trial:  178.0899622440338
Memory status after this trial: 
Memory allocated:  203.58447265625
Memory cached:  228.0
--------------------  Trial  25   --------------------
Start timing: 
Parameters: 
{'W_layers': 6, 'W_layer_units_exponent_0': 9, 'W_layer_units_exponent_1': 4, 'W_layer_units_exponent_2': 7, 'W_layer_units_exponent_3': 6, 'W_layer_units_exponent_4': 4, 'W_layer_units_exponent_5': 8, 'D_layers': 6, 'D_layer_units_exponent_0': 8, 'D_layer_units_exponent_1': 7, 'D_layer_units_exponent_2': 6, 'D_layer_units_exponent_3': 5, 'D_layer_units_exponent_4': 6, 'D_layer_units_exponent_5': 5, 'D_dagger_layers': 3, 'D_dagger_layer_units_exponent_0': 5, 'D_dagger_layer_units_exponent_1': 9, 'D_dagger_layer_units_exponent_2': 9, 'log_learning_rate': -2.1806993708097027, 'log_learning_rate_D': -4.252339053384853, 'log_learning_rate_D_dagger': -2.850521837057905, 'training_batch_size': 10, 'training_p': 2}
	 epoch  0 training error:  tensor(1.1006, device='cuda:0', grad_fn=<DivBackward0>)
Memory status after this epoch: 
Memory allocated:  113.33154296875
Memory cached:  212.0
	 epoch  10 training error:  tensor(0.8889, device='cuda:0', grad_fn=<DivBackward0>)
Memory status after this epoch: 
Memory allocated:  113.33154296875
Memory cached:  252.0
	 epoch  20 training error:  tensor(0.5093, device='cuda:0', grad_fn=<DivBackward0>)
Memory status after this epoch: 
Memory allocated:  113.33154296875
Memory cached:  250.0
	 epoch  30 training error:  tensor(0.0788, device='cuda:0', grad_fn=<DivBackward0>)
Memory status after this epoch: 
Memory allocated:  113.33154296875
Memory cached:  250.0
	 epoch  40 training error:  tensor(0.1197, device='cuda:0', grad_fn=<DivBackward0>)
Memory status after this epoch: 
Memory allocated:  113.33154296875
Memory cached:  248.0
	 epoch  50 training error:  tensor(0.0763, device='cuda:0', grad_fn=<DivBackward0>)
Memory status after this epoch: 
Memory allocated:  113.33154296875
Memory cached:  254.0
	 epoch  60 training error:  tensor(0.0738, device='cuda:0', grad_fn=<DivBackward0>)
Memory status after this epoch: 
Memory allocated:  113.33154296875
Memory cached:  248.0
	 epoch  70 training error:  tensor(0.0622, device='cuda:0', grad_fn=<DivBackward0>)
Memory status after this epoch: 
Memory allocated:  113.33154296875
Memory cached:  258.0
	 epoch  80 training error:  tensor(0.0575, device='cuda:0', grad_fn=<DivBackward0>)
Memory status after this epoch: 
Memory allocated:  113.33154296875
Memory cached:  250.0
	 epoch  90 training error:  tensor(0.0457, device='cuda:0', grad_fn=<DivBackward0>)
Memory status after this epoch: 
Memory allocated:  113.33154296875
Memory cached:  254.0
[I 2023-12-03 05:51:35,350] Trial 25 finished with value: 0.04261668771505356 and parameters: {'W_layers': 6, 'W_layer_units_exponent_0': 9, 'W_layer_units_exponent_1': 4, 'W_layer_units_exponent_2': 7, 'W_layer_units_exponent_3': 6, 'W_layer_units_exponent_4': 4, 'W_layer_units_exponent_5': 8, 'D_layers': 6, 'D_layer_units_exponent_0': 8, 'D_layer_units_exponent_1': 7, 'D_layer_units_exponent_2': 6, 'D_layer_units_exponent_3': 5, 'D_layer_units_exponent_4': 6, 'D_layer_units_exponent_5': 5, 'D_dagger_layers': 3, 'D_dagger_layer_units_exponent_0': 5, 'D_dagger_layer_units_exponent_1': 9, 'D_dagger_layer_units_exponent_2': 9, 'log_learning_rate': -2.1806993708097027, 'log_learning_rate_D': -4.252339053384853, 'log_learning_rate_D_dagger': -2.850521837057905, 'training_batch_size': 10, 'training_p': 2}. Best is trial 23 with value: 0.03875265270471573.
Time for this trial:  191.12964606285095
Memory status after this trial: 
Memory allocated:  244.98388671875
Memory cached:  248.0
--------------------  Trial  26   --------------------
Start timing: 
Parameters: 
{'W_layers': 7, 'W_layer_units_exponent_0': 9, 'W_layer_units_exponent_1': 5, 'W_layer_units_exponent_2': 6, 'W_layer_units_exponent_3': 8, 'W_layer_units_exponent_4': 4, 'W_layer_units_exponent_5': 8, 'W_layer_units_exponent_6': 4, 'D_layers': 6, 'D_layer_units_exponent_0': 8, 'D_layer_units_exponent_1': 7, 'D_layer_units_exponent_2': 6, 'D_layer_units_exponent_3': 5, 'D_layer_units_exponent_4': 6, 'D_layer_units_exponent_5': 5, 'D_dagger_layers': 3, 'D_dagger_layer_units_exponent_0': 5, 'D_dagger_layer_units_exponent_1': 10, 'D_dagger_layer_units_exponent_2': 9, 'log_learning_rate': -2.1288594411988755, 'log_learning_rate_D': -4.64719013363576, 'log_learning_rate_D_dagger': -1.6163954095434727, 'training_batch_size': 10, 'training_p': 2}
	 epoch  0 training error:  tensor(0.8002, device='cuda:0', grad_fn=<DivBackward0>)
Memory status after this epoch: 
Memory allocated:  117.95068359375
Memory cached:  254.0
	 epoch  10 training error:  tensor(11.3902, device='cuda:0', grad_fn=<DivBackward0>)
Memory status after this epoch: 
Memory allocated:  117.95068359375
Memory cached:  274.0
	 epoch  20 training error:  tensor(2.2368, device='cuda:0', grad_fn=<DivBackward0>)
Memory status after this epoch: 
Memory allocated:  117.95068359375
Memory cached:  272.0
	 epoch  30 training error:  tensor(0.2940, device='cuda:0', grad_fn=<DivBackward0>)
Memory status after this epoch: 
Memory allocated:  117.95068359375
Memory cached:  280.0
	 epoch  40 training error:  tensor(0.2578, device='cuda:0', grad_fn=<DivBackward0>)
Memory status after this epoch: 
Memory allocated:  117.95068359375
Memory cached:  272.0
	 epoch  50 training error:  tensor(0.1221, device='cuda:0', grad_fn=<DivBackward0>)
Memory status after this epoch: 
Memory allocated:  117.95068359375
Memory cached:  274.0
	 epoch  60 training error:  tensor(0.0906, device='cuda:0', grad_fn=<DivBackward0>)
Memory status after this epoch: 
Memory allocated:  117.95068359375
Memory cached:  278.0
	 epoch  70 training error:  tensor(0.0844, device='cuda:0', grad_fn=<DivBackward0>)
Memory status after this epoch: 
Memory allocated:  117.95068359375
Memory cached:  264.0
	 epoch  80 training error:  tensor(0.0912, device='cuda:0', grad_fn=<DivBackward0>)
Memory status after this epoch: 
Memory allocated:  117.95068359375
Memory cached:  272.0
	 epoch  90 training error:  tensor(0.0745, device='cuda:0', grad_fn=<DivBackward0>)
Memory status after this epoch: 
Memory allocated:  117.95068359375
Memory cached:  278.0
