[I 2024-02-17 14:09:38,645] Trial 137 finished with value: 0.07465562969446182 and parameters: {'W_layers': 2, 'W_layer_units_exponent_0': 9, 'W_layer_units_exponent_1': 4, 'D_layers': 7, 'D_layer_units_exponent_0': 8, 'D_layer_units_exponent_1': 7, 'D_layer_units_exponent_2': 7, 'D_layer_units_exponent_3': 7, 'D_layer_units_exponent_4': 4, 'D_layer_units_exponent_5': 5, 'D_layer_units_exponent_6': 6, 'D_dagger_layers': 4, 'D_dagger_layer_units_exponent_0': 9, 'D_dagger_layer_units_exponent_1': 5, 'D_dagger_layer_units_exponent_2': 9, 'D_dagger_layer_units_exponent_3': 6, 'log_learning_rate': -4.764283687083237, 'log_learning_rate_D': -3.437540289605389, 'log_learning_rate_D_dagger': -2.5175751499933905, 'training_batch_size': 6, 'training_p': 5}. Best is trial 45 with value: 0.03961218520998955.
Time for this trial:  753.0930504798889
Memory status after this trial: 
Memory allocated:  1262.27490234375
Memory cached:  1330.0
--------------------  Trial  138   --------------------
Start timing: 
Parameters: 
{'W_layers': 2, 'W_layer_units_exponent_0': 10, 'W_layer_units_exponent_1': 4, 'D_layers': 6, 'D_layer_units_exponent_0': 7, 'D_layer_units_exponent_1': 7, 'D_layer_units_exponent_2': 10, 'D_layer_units_exponent_3': 6, 'D_layer_units_exponent_4': 5, 'D_layer_units_exponent_5': 6, 'D_dagger_layers': 4, 'D_dagger_layer_units_exponent_0': 7, 'D_dagger_layer_units_exponent_1': 9, 'D_dagger_layer_units_exponent_2': 6, 'D_dagger_layer_units_exponent_3': 7, 'log_learning_rate': -4.632173855887489, 'log_learning_rate_D': -3.3412427721099327, 'log_learning_rate_D_dagger': -2.377076662942745, 'training_batch_size': 6, 'training_p': 5}
	 epoch  0 training error:  tensor(0.8191, device='cuda:0', grad_fn=<DivBackward0>)
Memory status after this epoch: 
Memory allocated:  759.2568359375
Memory cached:  1330.0
	 epoch  10 training error:  tensor(0.4723, device='cuda:0', grad_fn=<DivBackward0>)
Memory status after this epoch: 
Memory allocated:  759.2568359375
Memory cached:  1330.0
	 epoch  20 training error:  tensor(0.4515, device='cuda:0', grad_fn=<DivBackward0>)
Memory status after this epoch: 
Memory allocated:  759.2568359375
Memory cached:  1330.0
	 epoch  30 training error:  tensor(0.2790, device='cuda:0', grad_fn=<DivBackward0>)
Memory status after this epoch: 
Memory allocated:  759.2568359375
Memory cached:  1330.0
	 epoch  40 training error:  tensor(0.1923, device='cuda:0', grad_fn=<DivBackward0>)
Memory status after this epoch: 
Memory allocated:  759.2568359375
Memory cached:  1330.0
	 epoch  50 training error:  tensor(0.1458, device='cuda:0', grad_fn=<DivBackward0>)
Memory status after this epoch: 
Memory allocated:  759.2568359375
Memory cached:  1330.0
	 epoch  60 training error:  tensor(0.1127, device='cuda:0', grad_fn=<DivBackward0>)
Memory status after this epoch: 
Memory allocated:  759.2568359375
Memory cached:  1330.0
	 epoch  70 training error:  tensor(0.1234, device='cuda:0', grad_fn=<DivBackward0>)
Memory status after this epoch: 
Memory allocated:  759.2568359375
Memory cached:  1330.0
	 epoch  80 training error:  tensor(0.0818, device='cuda:0', grad_fn=<DivBackward0>)
Memory status after this epoch: 
Memory allocated:  759.2568359375
Memory cached:  1330.0
	 epoch  90 training error:  tensor(0.0834, device='cuda:0', grad_fn=<DivBackward0>)
Memory status after this epoch: 
Memory allocated:  759.2568359375
Memory cached:  1330.0
[I 2024-02-17 14:21:39,311] Trial 138 finished with value: 0.06098783761262894 and parameters: {'W_layers': 2, 'W_layer_units_exponent_0': 10, 'W_layer_units_exponent_1': 4, 'D_layers': 6, 'D_layer_units_exponent_0': 7, 'D_layer_units_exponent_1': 7, 'D_layer_units_exponent_2': 10, 'D_layer_units_exponent_3': 6, 'D_layer_units_exponent_4': 5, 'D_layer_units_exponent_5': 6, 'D_dagger_layers': 4, 'D_dagger_layer_units_exponent_0': 7, 'D_dagger_layer_units_exponent_1': 9, 'D_dagger_layer_units_exponent_2': 6, 'D_dagger_layer_units_exponent_3': 7, 'log_learning_rate': -4.632173855887489, 'log_learning_rate_D': -3.3412427721099327, 'log_learning_rate_D_dagger': -2.377076662942745, 'training_batch_size': 6, 'training_p': 5}. Best is trial 45 with value: 0.03961218520998955.
Time for this trial:  720.1971297264099
Memory status after this trial: 
Memory allocated:  1455.17529296875
Memory cached:  1462.0
--------------------  Trial  139   --------------------
Start timing: 
Parameters: 
{'W_layers': 2, 'W_layer_units_exponent_0': 10, 'W_layer_units_exponent_1': 4, 'D_layers': 5, 'D_layer_units_exponent_0': 7, 'D_layer_units_exponent_1': 7, 'D_layer_units_exponent_2': 10, 'D_layer_units_exponent_3': 6, 'D_layer_units_exponent_4': 5, 'D_dagger_layers': 4, 'D_dagger_layer_units_exponent_0': 7, 'D_dagger_layer_units_exponent_1': 9, 'D_dagger_layer_units_exponent_2': 6, 'D_dagger_layer_units_exponent_3': 7, 'log_learning_rate': -4.64925716298417, 'log_learning_rate_D': -3.4026810682333446, 'log_learning_rate_D_dagger': -2.3782364229636292, 'training_batch_size': 6, 'training_p': 5}
	 epoch  0 training error:  tensor(0.7231, device='cuda:0', grad_fn=<DivBackward0>)
Memory status after this epoch: 
Memory allocated:  759.2236328125
Memory cached:  1330.0
	 epoch  10 training error:  tensor(0.4727, device='cuda:0', grad_fn=<DivBackward0>)
Memory status after this epoch: 
Memory allocated:  759.2236328125
Memory cached:  1330.0
	 epoch  20 training error:  tensor(0.3980, device='cuda:0', grad_fn=<DivBackward0>)
Memory status after this epoch: 
Memory allocated:  759.2236328125
Memory cached:  1330.0
	 epoch  30 training error:  tensor(0.2289, device='cuda:0', grad_fn=<DivBackward0>)
Memory status after this epoch: 
Memory allocated:  759.2236328125
Memory cached:  1330.0
	 epoch  40 training error:  tensor(0.2164, device='cuda:0', grad_fn=<DivBackward0>)
Memory status after this epoch: 
Memory allocated:  759.2236328125
Memory cached:  1330.0
	 epoch  50 training error:  tensor(0.1810, device='cuda:0', grad_fn=<DivBackward0>)
Memory status after this epoch: 
Memory allocated:  759.2236328125
Memory cached:  1330.0
	 epoch  60 training error:  tensor(0.1140, device='cuda:0', grad_fn=<DivBackward0>)
Memory status after this epoch: 
Memory allocated:  759.2236328125
Memory cached:  1330.0
	 epoch  70 training error:  tensor(0.1093, device='cuda:0', grad_fn=<DivBackward0>)
Memory status after this epoch: 
Memory allocated:  759.2236328125
Memory cached:  1330.0
	 epoch  80 training error:  tensor(0.1000, device='cuda:0', grad_fn=<DivBackward0>)
Memory status after this epoch: 
Memory allocated:  759.2236328125
Memory cached:  1330.0
	 epoch  90 training error:  tensor(0.0920, device='cuda:0', grad_fn=<DivBackward0>)
Memory status after this epoch: 
Memory allocated:  759.2236328125
Memory cached:  1330.0
[I 2024-02-17 14:33:03,430] Trial 139 finished with value: 0.07390234619379044 and parameters: {'W_layers': 2, 'W_layer_units_exponent_0': 10, 'W_layer_units_exponent_1': 4, 'D_layers': 5, 'D_layer_units_exponent_0': 7, 'D_layer_units_exponent_1': 7, 'D_layer_units_exponent_2': 10, 'D_layer_units_exponent_3': 6, 'D_layer_units_exponent_4': 5, 'D_dagger_layers': 4, 'D_dagger_layer_units_exponent_0': 7, 'D_dagger_layer_units_exponent_1': 9, 'D_dagger_layer_units_exponent_2': 6, 'D_dagger_layer_units_exponent_3': 7, 'log_learning_rate': -4.64925716298417, 'log_learning_rate_D': -3.4026810682333446, 'log_learning_rate_D_dagger': -2.3782364229636292, 'training_batch_size': 6, 'training_p': 5}. Best is trial 45 with value: 0.03961218520998955.
Time for this trial:  683.6970107555389
Memory status after this trial: 
Memory allocated:  1442.59033203125
Memory cached:  1448.0
--------------------  Trial  140   --------------------
Start timing: 
Parameters: 
{'W_layers': 2, 'W_layer_units_exponent_0': 10, 'W_layer_units_exponent_1': 4, 'D_layers': 6, 'D_layer_units_exponent_0': 7, 'D_layer_units_exponent_1': 7, 'D_layer_units_exponent_2': 10, 'D_layer_units_exponent_3': 6, 'D_layer_units_exponent_4': 4, 'D_layer_units_exponent_5': 6, 'D_dagger_layers': 5, 'D_dagger_layer_units_exponent_0': 7, 'D_dagger_layer_units_exponent_1': 4, 'D_dagger_layer_units_exponent_2': 6, 'D_dagger_layer_units_exponent_3': 8, 'D_dagger_layer_units_exponent_4': 6, 'log_learning_rate': -4.873255129530449, 'log_learning_rate_D': -3.7669861651808527, 'log_learning_rate_D_dagger': -2.381287261027836, 'training_batch_size': 9, 'training_p': 5}
	 epoch  0 training error:  tensor(1.0592, device='cuda:0', grad_fn=<DivBackward0>)
Memory status after this epoch: 
Memory allocated:  758.1435546875
Memory cached:  1332.0
	 epoch  10 training error:  tensor(0.4941, device='cuda:0', grad_fn=<DivBackward0>)
Memory status after this epoch: 
Memory allocated:  758.1435546875
Memory cached:  1332.0
	 epoch  20 training error:  tensor(0.4720, device='cuda:0', grad_fn=<DivBackward0>)
Memory status after this epoch: 
Memory allocated:  758.1435546875
Memory cached:  1332.0
	 epoch  30 training error:  tensor(0.4737, device='cuda:0', grad_fn=<DivBackward0>)
Memory status after this epoch: 
Memory allocated:  758.1435546875
Memory cached:  1332.0
	 epoch  40 training error:  tensor(0.4799, device='cuda:0', grad_fn=<DivBackward0>)
Memory status after this epoch: 
Memory allocated:  758.1435546875
Memory cached:  1332.0
	 epoch  50 training error:  tensor(0.4649, device='cuda:0', grad_fn=<DivBackward0>)
Memory status after this epoch: 
Memory allocated:  758.1435546875
Memory cached:  1332.0
	 epoch  60 training error:  tensor(0.4533, device='cuda:0', grad_fn=<DivBackward0>)
Memory status after this epoch: 
Memory allocated:  758.1435546875
Memory cached:  1332.0
	 epoch  70 training error:  tensor(0.4306, device='cuda:0', grad_fn=<DivBackward0>)
Memory status after this epoch: 
Memory allocated:  758.1435546875
Memory cached:  1332.0
	 epoch  80 training error:  tensor(0.4070, device='cuda:0', grad_fn=<DivBackward0>)
Memory status after this epoch: 
Memory allocated:  758.1435546875
Memory cached:  1332.0
	 epoch  90 training error:  tensor(0.3898, device='cuda:0', grad_fn=<DivBackward0>)
Memory status after this epoch: 
Memory allocated:  758.1435546875
Memory cached:  1332.0
[I 2024-02-17 14:36:21,429] Trial 140 finished with value: 0.30128055810928345 and parameters: {'W_layers': 2, 'W_layer_units_exponent_0': 10, 'W_layer_units_exponent_1': 4, 'D_layers': 6, 'D_layer_units_exponent_0': 7, 'D_layer_units_exponent_1': 7, 'D_layer_units_exponent_2': 10, 'D_layer_units_exponent_3': 6, 'D_layer_units_exponent_4': 4, 'D_layer_units_exponent_5': 6, 'D_dagger_layers': 5, 'D_dagger_layer_units_exponent_0': 7, 'D_dagger_layer_units_exponent_1': 4, 'D_dagger_layer_units_exponent_2': 6, 'D_dagger_layer_units_exponent_3': 8, 'D_dagger_layer_units_exponent_4': 6, 'log_learning_rate': -4.873255129530449, 'log_learning_rate_D': -3.7669861651808527, 'log_learning_rate_D_dagger': -2.381287261027836, 'training_batch_size': 9, 'training_p': 5}. Best is trial 45 with value: 0.03961218520998955.
Time for this trial:  197.57766437530518
Memory status after this trial: 
Memory allocated:  1388.14794921875
Memory cached:  1394.0
--------------------  Trial  141   --------------------
Start timing: 
Parameters: 
{'W_layers': 2, 'W_layer_units_exponent_0': 10, 'W_layer_units_exponent_1': 4, 'D_layers': 6, 'D_layer_units_exponent_0': 7, 'D_layer_units_exponent_1': 7, 'D_layer_units_exponent_2': 10, 'D_layer_units_exponent_3': 7, 'D_layer_units_exponent_4': 4, 'D_layer_units_exponent_5': 7, 'D_dagger_layers': 4, 'D_dagger_layer_units_exponent_0': 7, 'D_dagger_layer_units_exponent_1': 9, 'D_dagger_layer_units_exponent_2': 6, 'D_dagger_layer_units_exponent_3': 7, 'log_learning_rate': -4.569421445060991, 'log_learning_rate_D': -3.2991611079524104, 'log_learning_rate_D_dagger': -2.2811413031879546, 'training_batch_size': 6, 'training_p': 5}
	 epoch  0 training error:  tensor(0.8589, device='cuda:0', grad_fn=<DivBackward0>)
Memory status after this epoch: 
Memory allocated:  760.2568359375
Memory cached:  1334.0
	 epoch  10 training error:  tensor(0.4695, device='cuda:0', grad_fn=<DivBackward0>)
Memory status after this epoch: 
Memory allocated:  760.2568359375
Memory cached:  1336.0
	 epoch  20 training error:  tensor(0.4377, device='cuda:0', grad_fn=<DivBackward0>)
Memory status after this epoch: 
Memory allocated:  760.2568359375
Memory cached:  1334.0
	 epoch  30 training error:  tensor(0.3067, device='cuda:0', grad_fn=<DivBackward0>)
Memory status after this epoch: 
Memory allocated:  760.2568359375
Memory cached:  1334.0
	 epoch  40 training error:  tensor(0.2461, device='cuda:0', grad_fn=<DivBackward0>)
Memory status after this epoch: 
Memory allocated:  760.2568359375
Memory cached:  1332.0
	 epoch  50 training error:  tensor(0.2443, device='cuda:0', grad_fn=<DivBackward0>)
Memory status after this epoch: 
Memory allocated:  760.2568359375
Memory cached:  1336.0
	 epoch  60 training error:  tensor(0.2269, device='cuda:0', grad_fn=<DivBackward0>)
Memory status after this epoch: 
Memory allocated:  760.2568359375
Memory cached:  1338.0
	 epoch  70 training error:  tensor(0.1886, device='cuda:0', grad_fn=<DivBackward0>)
Memory status after this epoch: 
Memory allocated:  760.2568359375
Memory cached:  1336.0
	 epoch  80 training error:  tensor(0.1308, device='cuda:0', grad_fn=<DivBackward0>)
Memory status after this epoch: 
Memory allocated:  760.2568359375
Memory cached:  1338.0
	 epoch  90 training error:  tensor(0.1251, device='cuda:0', grad_fn=<DivBackward0>)
Memory status after this epoch: 
Memory allocated:  760.2568359375
Memory cached:  1338.0
[I 2024-02-17 14:48:22,672] Trial 141 finished with value: 0.10007353127002716 and parameters: {'W_layers': 2, 'W_layer_units_exponent_0': 10, 'W_layer_units_exponent_1': 4, 'D_layers': 6, 'D_layer_units_exponent_0': 7, 'D_layer_units_exponent_1': 7, 'D_layer_units_exponent_2': 10, 'D_layer_units_exponent_3': 7, 'D_layer_units_exponent_4': 4, 'D_layer_units_exponent_5': 7, 'D_dagger_layers': 4, 'D_dagger_layer_units_exponent_0': 7, 'D_dagger_layer_units_exponent_1': 9, 'D_dagger_layer_units_exponent_2': 6, 'D_dagger_layer_units_exponent_3': 7, 'log_learning_rate': -4.569421445060991, 'log_learning_rate_D': -3.2991611079524104, 'log_learning_rate_D_dagger': -2.2811413031879546, 'training_batch_size': 6, 'training_p': 5}. Best is trial 45 with value: 0.03961218520998955.
Time for this trial:  720.5113387107849
Memory status after this trial: 
Memory allocated:  1477.42822265625
Memory cached:  1484.0
--------------------  Trial  142   --------------------
Start timing: 
Parameters: 
{'W_layers': 2, 'W_layer_units_exponent_0': 7, 'W_layer_units_exponent_1': 4, 'D_layers': 6, 'D_layer_units_exponent_0': 7, 'D_layer_units_exponent_1': 7, 'D_layer_units_exponent_2': 10, 'D_layer_units_exponent_3': 5, 'D_layer_units_exponent_4': 5, 'D_layer_units_exponent_5': 4, 'D_dagger_layers': 4, 'D_dagger_layer_units_exponent_0': 7, 'D_dagger_layer_units_exponent_1': 9, 'D_dagger_layer_units_exponent_2': 7, 'D_dagger_layer_units_exponent_3': 5, 'log_learning_rate': -4.690488778504088, 'log_learning_rate_D': -3.6473587567933254, 'log_learning_rate_D_dagger': -2.691024525632167, 'training_batch_size': 11, 'training_p': 5}
	 epoch  0 training error:  tensor(1.3781, device='cuda:0', grad_fn=<DivBackward0>)
Memory status after this epoch: 
Memory allocated:  758.9072265625
Memory cached:  1334.0
	 epoch  10 training error:  tensor(0.5127, device='cuda:0', grad_fn=<DivBackward0>)
Memory status after this epoch: 
Memory allocated:  758.9072265625
Memory cached:  1334.0
	 epoch  20 training error:  tensor(0.5361, device='cuda:0', grad_fn=<DivBackward0>)
Memory status after this epoch: 
Memory allocated:  758.9072265625
Memory cached:  1332.0
	 epoch  30 training error:  tensor(0.4814, device='cuda:0', grad_fn=<DivBackward0>)
Memory status after this epoch: 
Memory allocated:  758.9072265625
Memory cached:  1332.0
	 epoch  40 training error:  tensor(0.4799, device='cuda:0', grad_fn=<DivBackward0>)
Memory status after this epoch: 
Memory allocated:  758.9072265625
Memory cached:  1332.0
	 epoch  50 training error:  tensor(0.4808, device='cuda:0', grad_fn=<DivBackward0>)
Memory status after this epoch: 
Memory allocated:  758.9072265625
Memory cached:  1332.0
	 epoch  60 training error:  tensor(0.4808, device='cuda:0', grad_fn=<DivBackward0>)
Memory status after this epoch: 
Memory allocated:  758.9072265625
Memory cached:  1332.0
	 epoch  70 training error:  tensor(0.4731, device='cuda:0', grad_fn=<DivBackward0>)
Memory status after this epoch: 
Memory allocated:  758.9072265625
Memory cached:  1332.0
	 epoch  80 training error:  tensor(0.4502, device='cuda:0', grad_fn=<DivBackward0>)
Memory status after this epoch: 
Memory allocated:  758.9072265625
Memory cached:  1332.0
	 epoch  90 training error:  tensor(0.4130, device='cuda:0', grad_fn=<DivBackward0>)
Memory status after this epoch: 
Memory allocated:  758.9072265625
Memory cached:  1332.0
[I 2024-02-17 14:51:37,148] Trial 142 finished with value: 0.25911828875541687 and parameters: {'W_layers': 2, 'W_layer_units_exponent_0': 7, 'W_layer_units_exponent_1': 4, 'D_layers': 6, 'D_layer_units_exponent_0': 7, 'D_layer_units_exponent_1': 7, 'D_layer_units_exponent_2': 10, 'D_layer_units_exponent_3': 5, 'D_layer_units_exponent_4': 5, 'D_layer_units_exponent_5': 4, 'D_dagger_layers': 4, 'D_dagger_layer_units_exponent_0': 7, 'D_dagger_layer_units_exponent_1': 9, 'D_dagger_layer_units_exponent_2': 7, 'D_dagger_layer_units_exponent_3': 5, 'log_learning_rate': -4.690488778504088, 'log_learning_rate_D': -3.6473587567933254, 'log_learning_rate_D_dagger': -2.691024525632167, 'training_batch_size': 11, 'training_p': 5}. Best is trial 45 with value: 0.03961218520998955.
Time for this trial:  194.0570511817932
Memory status after this trial: 
Memory allocated:  1244.12060546875
Memory cached:  1330.0
--------------------  Trial  143   --------------------
Start timing: 
Parameters: 
{'W_layers': 2, 'W_layer_units_exponent_0': 10, 'W_layer_units_exponent_1': 4, 'D_layers': 6, 'D_layer_units_exponent_0': 8, 'D_layer_units_exponent_1': 8, 'D_layer_units_exponent_2': 9, 'D_layer_units_exponent_3': 7, 'D_layer_units_exponent_4': 6, 'D_layer_units_exponent_5': 5, 'D_dagger_layers': 4, 'D_dagger_layer_units_exponent_0': 6, 'D_dagger_layer_units_exponent_1': 9, 'D_dagger_layer_units_exponent_2': 8, 'D_dagger_layer_units_exponent_3': 7, 'log_learning_rate': -4.521410055195123, 'log_learning_rate_D': -3.1913553754026998, 'log_learning_rate_D_dagger': -2.5418269582749184, 'training_batch_size': 6, 'training_p': 5}
	 epoch  0 training error:  tensor(0.7517, device='cuda:0', grad_fn=<DivBackward0>)
Memory status after this epoch: 
Memory allocated:  761.4736328125
Memory cached:  1330.0
	 epoch  10 training error:  tensor(0.4600, device='cuda:0', grad_fn=<DivBackward0>)
Memory status after this epoch: 
Memory allocated:  761.4736328125
Memory cached:  1330.0
	 epoch  20 training error:  tensor(0.3751, device='cuda:0', grad_fn=<DivBackward0>)
Memory status after this epoch: 
Memory allocated:  761.4736328125
Memory cached:  1330.0
	 epoch  30 training error:  tensor(0.2779, device='cuda:0', grad_fn=<DivBackward0>)
Memory status after this epoch: 
Memory allocated:  761.4736328125
Memory cached:  1330.0
	 epoch  40 training error:  tensor(0.2384, device='cuda:0', grad_fn=<DivBackward0>)
Memory status after this epoch: 
Memory allocated:  761.4736328125
Memory cached:  1330.0
	 epoch  50 training error:  tensor(0.2341, device='cuda:0', grad_fn=<DivBackward0>)
Memory status after this epoch: 
Memory allocated:  761.4736328125
Memory cached:  1330.0
	 epoch  60 training error:  tensor(0.1274, device='cuda:0', grad_fn=<DivBackward0>)
Memory status after this epoch: 
Memory allocated:  761.4736328125
Memory cached:  1330.0
	 epoch  70 training error:  tensor(0.1131, device='cuda:0', grad_fn=<DivBackward0>)
Memory status after this epoch: 
Memory allocated:  761.4736328125
Memory cached:  1330.0
	 epoch  80 training error:  tensor(0.1142, device='cuda:0', grad_fn=<DivBackward0>)
Memory status after this epoch: 
Memory allocated:  761.4736328125
Memory cached:  1330.0
	 epoch  90 training error:  tensor(0.1107, device='cuda:0', grad_fn=<DivBackward0>)
Memory status after this epoch: 
Memory allocated:  761.4736328125
Memory cached:  1330.0
