[I 2023-12-20 18:30:57,476] Trial 54 finished with value: 0.32855626940727234 and parameters: {'W_layers': 7, 'W_layer_units_exponent_0': 8, 'W_layer_units_exponent_1': 6, 'W_layer_units_exponent_2': 9, 'W_layer_units_exponent_3': 9, 'W_layer_units_exponent_4': 4, 'W_layer_units_exponent_5': 5, 'W_layer_units_exponent_6': 5, 'D_layers': 7, 'D_layer_units_exponent_0': 7, 'D_layer_units_exponent_1': 6, 'D_layer_units_exponent_2': 4, 'D_layer_units_exponent_3': 6, 'D_layer_units_exponent_4': 6, 'D_layer_units_exponent_5': 7, 'D_layer_units_exponent_6': 8, 'D_dagger_layers': 6, 'D_dagger_layer_units_exponent_0': 4, 'D_dagger_layer_units_exponent_1': 8, 'D_dagger_layer_units_exponent_2': 7, 'D_dagger_layer_units_exponent_3': 9, 'D_dagger_layer_units_exponent_4': 10, 'D_dagger_layer_units_exponent_5': 5, 'log_learning_rate': -3.529327045625758, 'log_learning_rate_D': -4.000050755430439, 'log_learning_rate_D_dagger': -3.1829436651527336, 'training_batch_size': 10, 'training_p': 2}. Best is trial 6 with value: 0.3267160654067993.
Time for this trial:  22.43892478942871
Memory status after this trial: 
Memory allocated:  321.88720703125
Memory cached:  342.0
--------------------  Trial  55   --------------------
Start timing: 
Parameters: 
{'W_layers': 6, 'W_layer_units_exponent_0': 9, 'W_layer_units_exponent_1': 8, 'W_layer_units_exponent_2': 10, 'W_layer_units_exponent_3': 7, 'W_layer_units_exponent_4': 4, 'W_layer_units_exponent_5': 4, 'D_layers': 5, 'D_layer_units_exponent_0': 7, 'D_layer_units_exponent_1': 7, 'D_layer_units_exponent_2': 5, 'D_layer_units_exponent_3': 7, 'D_layer_units_exponent_4': 4, 'D_dagger_layers': 7, 'D_dagger_layer_units_exponent_0': 5, 'D_dagger_layer_units_exponent_1': 7, 'D_dagger_layer_units_exponent_2': 10, 'D_dagger_layer_units_exponent_3': 9, 'D_dagger_layer_units_exponent_4': 10, 'D_dagger_layer_units_exponent_5': 6, 'D_dagger_layer_units_exponent_6': 9, 'log_learning_rate': -3.642559547452983, 'log_learning_rate_D': -3.1563523735494456, 'log_learning_rate_D_dagger': -3.641588103967439, 'training_batch_size': 11, 'training_p': 2}
	 epoch  0 training error:  tensor(1.0195, device='cuda:0', grad_fn=<DivBackward0>)
Memory status after this epoch: 
Memory allocated:  158.458984375
Memory cached:  196.0
	 epoch  10 training error:  tensor(0.3407, device='cuda:0', grad_fn=<DivBackward0>)
Memory status after this epoch: 
Memory allocated:  158.458984375
Memory cached:  198.0
	 epoch  20 training error:  tensor(0.2998, device='cuda:0', grad_fn=<DivBackward0>)
Memory status after this epoch: 
Memory allocated:  158.458984375
Memory cached:  198.0
	 epoch  30 training error:  tensor(0.2939, device='cuda:0', grad_fn=<DivBackward0>)
Memory status after this epoch: 
Memory allocated:  158.458984375
Memory cached:  198.0
	 epoch  40 training error:  tensor(0.2880, device='cuda:0', grad_fn=<DivBackward0>)
Memory status after this epoch: 
Memory allocated:  158.458984375
Memory cached:  198.0
	 epoch  50 training error:  tensor(0.2974, device='cuda:0', grad_fn=<DivBackward0>)
Memory status after this epoch: 
Memory allocated:  158.458984375
Memory cached:  198.0
	 epoch  60 training error:  tensor(0.2864, device='cuda:0', grad_fn=<DivBackward0>)
Memory status after this epoch: 
Memory allocated:  158.458984375
Memory cached:  198.0
	 epoch  70 training error:  tensor(0.2869, device='cuda:0', grad_fn=<DivBackward0>)
Memory status after this epoch: 
Memory allocated:  158.458984375
Memory cached:  198.0
	 epoch  80 training error:  tensor(0.2894, device='cuda:0', grad_fn=<DivBackward0>)
Memory status after this epoch: 
Memory allocated:  158.458984375
Memory cached:  198.0
	 epoch  90 training error:  tensor(0.2967, device='cuda:0', grad_fn=<DivBackward0>)
Memory status after this epoch: 
Memory allocated:  158.458984375
Memory cached:  198.0
[I 2023-12-20 18:31:21,461] Trial 55 finished with value: 0.327971875667572 and parameters: {'W_layers': 6, 'W_layer_units_exponent_0': 9, 'W_layer_units_exponent_1': 8, 'W_layer_units_exponent_2': 10, 'W_layer_units_exponent_3': 7, 'W_layer_units_exponent_4': 4, 'W_layer_units_exponent_5': 4, 'D_layers': 5, 'D_layer_units_exponent_0': 7, 'D_layer_units_exponent_1': 7, 'D_layer_units_exponent_2': 5, 'D_layer_units_exponent_3': 7, 'D_layer_units_exponent_4': 4, 'D_dagger_layers': 7, 'D_dagger_layer_units_exponent_0': 5, 'D_dagger_layer_units_exponent_1': 7, 'D_dagger_layer_units_exponent_2': 10, 'D_dagger_layer_units_exponent_3': 9, 'D_dagger_layer_units_exponent_4': 10, 'D_dagger_layer_units_exponent_5': 6, 'D_dagger_layer_units_exponent_6': 9, 'log_learning_rate': -3.642559547452983, 'log_learning_rate_D': -3.1563523735494456, 'log_learning_rate_D_dagger': -3.641588103967439, 'training_batch_size': 11, 'training_p': 2}. Best is trial 6 with value: 0.3267160654067993.
Time for this trial:  23.60868525505066
Memory status after this trial: 
Memory allocated:  426.00732421875
Memory cached:  466.0
--------------------  Trial  56   --------------------
Start timing: 
Parameters: 
{'W_layers': 8, 'W_layer_units_exponent_0': 9, 'W_layer_units_exponent_1': 9, 'W_layer_units_exponent_2': 8, 'W_layer_units_exponent_3': 8, 'W_layer_units_exponent_4': 4, 'W_layer_units_exponent_5': 9, 'W_layer_units_exponent_6': 4, 'W_layer_units_exponent_7': 7, 'D_layers': 6, 'D_layer_units_exponent_0': 7, 'D_layer_units_exponent_1': 7, 'D_layer_units_exponent_2': 4, 'D_layer_units_exponent_3': 7, 'D_layer_units_exponent_4': 5, 'D_layer_units_exponent_5': 8, 'D_dagger_layers': 7, 'D_dagger_layer_units_exponent_0': 4, 'D_dagger_layer_units_exponent_1': 7, 'D_dagger_layer_units_exponent_2': 10, 'D_dagger_layer_units_exponent_3': 8, 'D_dagger_layer_units_exponent_4': 8, 'D_dagger_layer_units_exponent_5': 6, 'D_dagger_layer_units_exponent_6': 9, 'log_learning_rate': -3.722515022760986, 'log_learning_rate_D': -3.153839323058586, 'log_learning_rate_D_dagger': -3.6616734389932106, 'training_batch_size': 11, 'training_p': 3}
	 epoch  0 training error:  tensor(0.9943, device='cuda:0', grad_fn=<DivBackward0>)
Memory status after this epoch: 
Memory allocated:  145.34326171875
Memory cached:  180.0
	 epoch  10 training error:  tensor(0.3961, device='cuda:0', grad_fn=<DivBackward0>)
Memory status after this epoch: 
Memory allocated:  145.34326171875
Memory cached:  182.0
	 epoch  20 training error:  tensor(0.4235, device='cuda:0', grad_fn=<DivBackward0>)
Memory status after this epoch: 
Memory allocated:  145.34326171875
Memory cached:  182.0
	 epoch  30 training error:  tensor(0.3897, device='cuda:0', grad_fn=<DivBackward0>)
Memory status after this epoch: 
Memory allocated:  145.34326171875
Memory cached:  182.0
	 epoch  40 training error:  tensor(0.3783, device='cuda:0', grad_fn=<DivBackward0>)
Memory status after this epoch: 
Memory allocated:  145.34326171875
Memory cached:  182.0
	 epoch  50 training error:  tensor(0.3783, device='cuda:0', grad_fn=<DivBackward0>)
Memory status after this epoch: 
Memory allocated:  145.34326171875
Memory cached:  182.0
	 epoch  60 training error:  tensor(0.3800, device='cuda:0', grad_fn=<DivBackward0>)
Memory status after this epoch: 
Memory allocated:  145.34326171875
Memory cached:  182.0
	 epoch  70 training error:  tensor(0.3749, device='cuda:0', grad_fn=<DivBackward0>)
Memory status after this epoch: 
Memory allocated:  145.34326171875
Memory cached:  182.0
	 epoch  80 training error:  tensor(0.3763, device='cuda:0', grad_fn=<DivBackward0>)
Memory status after this epoch: 
Memory allocated:  145.34326171875
Memory cached:  182.0
	 epoch  90 training error:  tensor(0.3757, device='cuda:0', grad_fn=<DivBackward0>)
Memory status after this epoch: 
Memory allocated:  145.34326171875
Memory cached:  182.0
[I 2023-12-20 18:31:45,584] Trial 56 finished with value: 0.3407999873161316 and parameters: {'W_layers': 8, 'W_layer_units_exponent_0': 9, 'W_layer_units_exponent_1': 9, 'W_layer_units_exponent_2': 8, 'W_layer_units_exponent_3': 8, 'W_layer_units_exponent_4': 4, 'W_layer_units_exponent_5': 9, 'W_layer_units_exponent_6': 4, 'W_layer_units_exponent_7': 7, 'D_layers': 6, 'D_layer_units_exponent_0': 7, 'D_layer_units_exponent_1': 7, 'D_layer_units_exponent_2': 4, 'D_layer_units_exponent_3': 7, 'D_layer_units_exponent_4': 5, 'D_layer_units_exponent_5': 8, 'D_dagger_layers': 7, 'D_dagger_layer_units_exponent_0': 4, 'D_dagger_layer_units_exponent_1': 7, 'D_dagger_layer_units_exponent_2': 10, 'D_dagger_layer_units_exponent_3': 8, 'D_dagger_layer_units_exponent_4': 8, 'D_dagger_layer_units_exponent_5': 6, 'D_dagger_layer_units_exponent_6': 9, 'log_learning_rate': -3.722515022760986, 'log_learning_rate_D': -3.153839323058586, 'log_learning_rate_D_dagger': -3.6616734389932106, 'training_batch_size': 11, 'training_p': 3}. Best is trial 6 with value: 0.3267160654067993.
Time for this trial:  23.683002471923828
Memory status after this trial: 
Memory allocated:  375.82177734375
Memory cached:  398.0
--------------------  Trial  57   --------------------
Start timing: 
Parameters: 
{'W_layers': 6, 'W_layer_units_exponent_0': 8, 'W_layer_units_exponent_1': 8, 'W_layer_units_exponent_2': 7, 'W_layer_units_exponent_3': 6, 'W_layer_units_exponent_4': 4, 'W_layer_units_exponent_5': 5, 'D_layers': 8, 'D_layer_units_exponent_0': 6, 'D_layer_units_exponent_1': 8, 'D_layer_units_exponent_2': 5, 'D_layer_units_exponent_3': 8, 'D_layer_units_exponent_4': 4, 'D_layer_units_exponent_5': 9, 'D_layer_units_exponent_6': 6, 'D_layer_units_exponent_7': 6, 'D_dagger_layers': 8, 'D_dagger_layer_units_exponent_0': 5, 'D_dagger_layer_units_exponent_1': 7, 'D_dagger_layer_units_exponent_2': 10, 'D_dagger_layer_units_exponent_3': 10, 'D_dagger_layer_units_exponent_4': 4, 'D_dagger_layer_units_exponent_5': 5, 'D_dagger_layer_units_exponent_6': 8, 'D_dagger_layer_units_exponent_7': 7, 'log_learning_rate': -4.041313838638105, 'log_learning_rate_D': -3.602407982016479, 'log_learning_rate_D_dagger': -3.8655192945614627, 'training_batch_size': 12, 'training_p': 6}
	 epoch  0 training error:  tensor(0.9864, device='cuda:0', grad_fn=<DivBackward0>)
Memory status after this epoch: 
Memory allocated:  151.634765625
Memory cached:  206.0
	 epoch  10 training error:  tensor(0.5519, device='cuda:0', grad_fn=<DivBackward0>)
Memory status after this epoch: 
Memory allocated:  151.634765625
Memory cached:  206.0
	 epoch  20 training error:  tensor(0.5426, device='cuda:0', grad_fn=<DivBackward0>)
Memory status after this epoch: 
Memory allocated:  151.634765625
Memory cached:  206.0
	 epoch  30 training error:  tensor(0.5184, device='cuda:0', grad_fn=<DivBackward0>)
Memory status after this epoch: 
Memory allocated:  151.634765625
Memory cached:  206.0
	 epoch  40 training error:  tensor(0.5186, device='cuda:0', grad_fn=<DivBackward0>)
Memory status after this epoch: 
Memory allocated:  151.634765625
Memory cached:  206.0
	 epoch  50 training error:  tensor(0.5125, device='cuda:0', grad_fn=<DivBackward0>)
Memory status after this epoch: 
Memory allocated:  151.634765625
Memory cached:  206.0
	 epoch  60 training error:  tensor(0.5115, device='cuda:0', grad_fn=<DivBackward0>)
Memory status after this epoch: 
Memory allocated:  151.634765625
Memory cached:  206.0
	 epoch  70 training error:  tensor(0.5097, device='cuda:0', grad_fn=<DivBackward0>)
Memory status after this epoch: 
Memory allocated:  151.634765625
Memory cached:  206.0
	 epoch  80 training error:  tensor(0.5175, device='cuda:0', grad_fn=<DivBackward0>)
Memory status after this epoch: 
Memory allocated:  151.634765625
Memory cached:  206.0
	 epoch  90 training error:  tensor(0.5106, device='cuda:0', grad_fn=<DivBackward0>)
Memory status after this epoch: 
Memory allocated:  151.634765625
Memory cached:  206.0
[I 2023-12-20 18:32:08,070] Trial 57 finished with value: 0.4327039420604706 and parameters: {'W_layers': 6, 'W_layer_units_exponent_0': 8, 'W_layer_units_exponent_1': 8, 'W_layer_units_exponent_2': 7, 'W_layer_units_exponent_3': 6, 'W_layer_units_exponent_4': 4, 'W_layer_units_exponent_5': 5, 'D_layers': 8, 'D_layer_units_exponent_0': 6, 'D_layer_units_exponent_1': 8, 'D_layer_units_exponent_2': 5, 'D_layer_units_exponent_3': 8, 'D_layer_units_exponent_4': 4, 'D_layer_units_exponent_5': 9, 'D_layer_units_exponent_6': 6, 'D_layer_units_exponent_7': 6, 'D_dagger_layers': 8, 'D_dagger_layer_units_exponent_0': 5, 'D_dagger_layer_units_exponent_1': 7, 'D_dagger_layer_units_exponent_2': 10, 'D_dagger_layer_units_exponent_3': 10, 'D_dagger_layer_units_exponent_4': 4, 'D_dagger_layer_units_exponent_5': 5, 'D_dagger_layer_units_exponent_6': 8, 'D_dagger_layer_units_exponent_7': 7, 'log_learning_rate': -4.041313838638105, 'log_learning_rate_D': -3.602407982016479, 'log_learning_rate_D_dagger': -3.8655192945614627, 'training_batch_size': 12, 'training_p': 6}. Best is trial 6 with value: 0.3267160654067993.
Time for this trial:  22.031354665756226
Memory status after this trial: 
Memory allocated:  322.42431640625
Memory cached:  354.0
--------------------  Trial  58   --------------------
Start timing: 
Parameters: 
{'W_layers': 7, 'W_layer_units_exponent_0': 9, 'W_layer_units_exponent_1': 8, 'W_layer_units_exponent_2': 10, 'W_layer_units_exponent_3': 5, 'W_layer_units_exponent_4': 8, 'W_layer_units_exponent_5': 4, 'W_layer_units_exponent_6': 7, 'D_layers': 5, 'D_layer_units_exponent_0': 7, 'D_layer_units_exponent_1': 6, 'D_layer_units_exponent_2': 10, 'D_layer_units_exponent_3': 7, 'D_layer_units_exponent_4': 5, 'D_dagger_layers': 5, 'D_dagger_layer_units_exponent_0': 9, 'D_dagger_layer_units_exponent_1': 7, 'D_dagger_layer_units_exponent_2': 9, 'D_dagger_layer_units_exponent_3': 8, 'D_dagger_layer_units_exponent_4': 9, 'log_learning_rate': -3.8995041311999734, 'log_learning_rate_D': -3.3682345517767343, 'log_learning_rate_D_dagger': -3.5126086525485998, 'training_batch_size': 11, 'training_p': 4}
	 epoch  0 training error:  tensor(0.9780, device='cuda:0', grad_fn=<DivBackward0>)
Memory status after this epoch: 
Memory allocated:  143.60888671875
Memory cached:  180.0
	 epoch  10 training error:  tensor(0.4815, device='cuda:0', grad_fn=<DivBackward0>)
Memory status after this epoch: 
Memory allocated:  143.60888671875
Memory cached:  182.0
	 epoch  20 training error:  tensor(0.4474, device='cuda:0', grad_fn=<DivBackward0>)
Memory status after this epoch: 
Memory allocated:  143.60888671875
Memory cached:  182.0
	 epoch  30 training error:  tensor(0.4468, device='cuda:0', grad_fn=<DivBackward0>)
Memory status after this epoch: 
Memory allocated:  143.60888671875
Memory cached:  182.0
	 epoch  40 training error:  tensor(0.4374, device='cuda:0', grad_fn=<DivBackward0>)
Memory status after this epoch: 
Memory allocated:  143.60888671875
Memory cached:  182.0
	 epoch  50 training error:  tensor(0.4367, device='cuda:0', grad_fn=<DivBackward0>)
Memory status after this epoch: 
Memory allocated:  143.60888671875
Memory cached:  182.0
	 epoch  60 training error:  tensor(0.4385, device='cuda:0', grad_fn=<DivBackward0>)
Memory status after this epoch: 
Memory allocated:  143.60888671875
Memory cached:  182.0
	 epoch  70 training error:  tensor(0.4355, device='cuda:0', grad_fn=<DivBackward0>)
Memory status after this epoch: 
Memory allocated:  143.60888671875
Memory cached:  182.0
	 epoch  80 training error:  tensor(0.4360, device='cuda:0', grad_fn=<DivBackward0>)
Memory status after this epoch: 
Memory allocated:  143.60888671875
Memory cached:  182.0
	 epoch  90 training error:  tensor(0.4421, device='cuda:0', grad_fn=<DivBackward0>)
Memory status after this epoch: 
Memory allocated:  143.60888671875
Memory cached:  182.0
[I 2023-12-20 18:32:31,487] Trial 58 finished with value: 0.3748713731765747 and parameters: {'W_layers': 7, 'W_layer_units_exponent_0': 9, 'W_layer_units_exponent_1': 8, 'W_layer_units_exponent_2': 10, 'W_layer_units_exponent_3': 5, 'W_layer_units_exponent_4': 8, 'W_layer_units_exponent_5': 4, 'W_layer_units_exponent_6': 7, 'D_layers': 5, 'D_layer_units_exponent_0': 7, 'D_layer_units_exponent_1': 6, 'D_layer_units_exponent_2': 10, 'D_layer_units_exponent_3': 7, 'D_layer_units_exponent_4': 5, 'D_dagger_layers': 5, 'D_dagger_layer_units_exponent_0': 9, 'D_dagger_layer_units_exponent_1': 7, 'D_dagger_layer_units_exponent_2': 9, 'D_dagger_layer_units_exponent_3': 8, 'D_dagger_layer_units_exponent_4': 9, 'log_learning_rate': -3.8995041311999734, 'log_learning_rate_D': -3.3682345517767343, 'log_learning_rate_D_dagger': -3.5126086525485998, 'training_batch_size': 11, 'training_p': 4}. Best is trial 6 with value: 0.3267160654067993.
Time for this trial:  23.070513248443604
Memory status after this trial: 
Memory allocated:  357.43408203125
Memory cached:  388.0
--------------------  Trial  59   --------------------
Start timing: 
Parameters: 
{'W_layers': 5, 'W_layer_units_exponent_0': 8, 'W_layer_units_exponent_1': 7, 'W_layer_units_exponent_2': 9, 'W_layer_units_exponent_3': 10, 'W_layer_units_exponent_4': 4, 'D_layers': 4, 'D_layer_units_exponent_0': 7, 'D_layer_units_exponent_1': 7, 'D_layer_units_exponent_2': 8, 'D_layer_units_exponent_3': 9, 'D_dagger_layers': 7, 'D_dagger_layer_units_exponent_0': 4, 'D_dagger_layer_units_exponent_1': 7, 'D_dagger_layer_units_exponent_2': 8, 'D_dagger_layer_units_exponent_3': 7, 'D_dagger_layer_units_exponent_4': 9, 'D_dagger_layer_units_exponent_5': 4, 'D_dagger_layer_units_exponent_6': 8, 'log_learning_rate': -3.4078502296937137, 'log_learning_rate_D': -3.8285675851668737, 'log_learning_rate_D_dagger': -3.957737143547829, 'training_batch_size': 11, 'training_p': 2}
	 epoch  0 training error:  tensor(1.0073, device='cuda:0', grad_fn=<DivBackward0>)
Memory status after this epoch: 
Memory allocated:  143.0048828125
Memory cached:  196.0
	 epoch  10 training error:  tensor(0.4420, device='cuda:0', grad_fn=<DivBackward0>)
Memory status after this epoch: 
Memory allocated:  143.0048828125
Memory cached:  196.0
	 epoch  20 training error:  tensor(0.4205, device='cuda:0', grad_fn=<DivBackward0>)
Memory status after this epoch: 
Memory allocated:  143.0048828125
Memory cached:  196.0
	 epoch  30 training error:  tensor(0.3722, device='cuda:0', grad_fn=<DivBackward0>)
Memory status after this epoch: 
Memory allocated:  143.0048828125
Memory cached:  196.0
	 epoch  40 training error:  tensor(0.3003, device='cuda:0', grad_fn=<DivBackward0>)
Memory status after this epoch: 
Memory allocated:  143.0048828125
Memory cached:  196.0
	 epoch  50 training error:  tensor(0.3066, device='cuda:0', grad_fn=<DivBackward0>)
Memory status after this epoch: 
Memory allocated:  143.0048828125
Memory cached:  196.0
	 epoch  60 training error:  tensor(0.2929, device='cuda:0', grad_fn=<DivBackward0>)
Memory status after this epoch: 
Memory allocated:  143.0048828125
Memory cached:  196.0
	 epoch  70 training error:  tensor(0.3021, device='cuda:0', grad_fn=<DivBackward0>)
Memory status after this epoch: 
Memory allocated:  143.0048828125
Memory cached:  196.0
	 epoch  80 training error:  tensor(0.2909, device='cuda:0', grad_fn=<DivBackward0>)
Memory status after this epoch: 
Memory allocated:  143.0048828125
Memory cached:  196.0
	 epoch  90 training error:  tensor(0.2937, device='cuda:0', grad_fn=<DivBackward0>)
Memory status after this epoch: 
Memory allocated:  143.0048828125
Memory cached:  196.0
