[I 2023-12-07 05:00:08,250] Trial 56 finished with value: 0.3445155620574951 and parameters: {'W_layers': 5, 'W_layer_units_exponent_0': 8, 'W_layer_units_exponent_1': 6, 'W_layer_units_exponent_2': 7, 'W_layer_units_exponent_3': 7, 'W_layer_units_exponent_4': 8, 'D_layers': 6, 'D_layer_units_exponent_0': 4, 'D_layer_units_exponent_1': 9, 'D_layer_units_exponent_2': 5, 'D_layer_units_exponent_3': 8, 'D_layer_units_exponent_4': 8, 'D_layer_units_exponent_5': 10, 'D_dagger_layers': 5, 'D_dagger_layer_units_exponent_0': 10, 'D_dagger_layer_units_exponent_1': 6, 'D_dagger_layer_units_exponent_2': 7, 'D_dagger_layer_units_exponent_3': 7, 'D_dagger_layer_units_exponent_4': 6, 'log_learning_rate': -4.518281641502643, 'log_learning_rate_D': -4.027202547272979, 'log_learning_rate_D_dagger': -2.140594507416117, 'training_batch_size': 10, 'training_p': 3}. Best is trial 25 with value: 0.33126506209373474.
Time for this trial:  17.96528649330139
Memory status after this trial: 
Memory allocated:  281.24560546875
Memory cached:  316.0
--------------------  Trial  57   --------------------
Start timing: 
Parameters: 
{'W_layers': 5, 'W_layer_units_exponent_0': 7, 'W_layer_units_exponent_1': 8, 'W_layer_units_exponent_2': 8, 'W_layer_units_exponent_3': 8, 'W_layer_units_exponent_4': 5, 'D_layers': 5, 'D_layer_units_exponent_0': 4, 'D_layer_units_exponent_1': 9, 'D_layer_units_exponent_2': 6, 'D_layer_units_exponent_3': 6, 'D_layer_units_exponent_4': 7, 'D_dagger_layers': 6, 'D_dagger_layer_units_exponent_0': 9, 'D_dagger_layer_units_exponent_1': 5, 'D_dagger_layer_units_exponent_2': 8, 'D_dagger_layer_units_exponent_3': 6, 'D_dagger_layer_units_exponent_4': 9, 'D_dagger_layer_units_exponent_5': 7, 'log_learning_rate': -3.974710601311345, 'log_learning_rate_D': -2.8231142230476785, 'log_learning_rate_D_dagger': -2.7607727950373815, 'training_batch_size': 7, 'training_p': 2}
	 epoch  0 training error:  tensor(0.9870, device='cuda:0', grad_fn=<DivBackward0>)
Memory status after this epoch: 
Memory allocated:  165.79541015625
Memory cached:  296.0
	 epoch  10 training error:  tensor(0.4665, device='cuda:0', grad_fn=<DivBackward0>)
Memory status after this epoch: 
Memory allocated:  165.79541015625
Memory cached:  296.0
	 epoch  20 training error:  tensor(0.4218, device='cuda:0', grad_fn=<DivBackward0>)
Memory status after this epoch: 
Memory allocated:  165.79541015625
Memory cached:  296.0
	 epoch  30 training error:  tensor(0.3908, device='cuda:0', grad_fn=<DivBackward0>)
Memory status after this epoch: 
Memory allocated:  165.79541015625
Memory cached:  296.0
	 epoch  40 training error:  tensor(0.3740, device='cuda:0', grad_fn=<DivBackward0>)
Memory status after this epoch: 
Memory allocated:  165.79541015625
Memory cached:  296.0
	 epoch  50 training error:  tensor(0.3568, device='cuda:0', grad_fn=<DivBackward0>)
Memory status after this epoch: 
Memory allocated:  165.79541015625
Memory cached:  296.0
	 epoch  60 training error:  tensor(0.3493, device='cuda:0', grad_fn=<DivBackward0>)
Memory status after this epoch: 
Memory allocated:  165.79541015625
Memory cached:  296.0
	 epoch  70 training error:  tensor(0.3479, device='cuda:0', grad_fn=<DivBackward0>)
Memory status after this epoch: 
Memory allocated:  165.79541015625
Memory cached:  296.0
	 epoch  80 training error:  tensor(0.3438, device='cuda:0', grad_fn=<DivBackward0>)
Memory status after this epoch: 
Memory allocated:  165.79541015625
Memory cached:  296.0
	 epoch  90 training error:  tensor(0.3456, device='cuda:0', grad_fn=<DivBackward0>)
Memory status after this epoch: 
Memory allocated:  165.79541015625
Memory cached:  296.0
[I 2023-12-07 05:00:26,621] Trial 57 finished with value: 0.3392123878002167 and parameters: {'W_layers': 5, 'W_layer_units_exponent_0': 7, 'W_layer_units_exponent_1': 8, 'W_layer_units_exponent_2': 8, 'W_layer_units_exponent_3': 8, 'W_layer_units_exponent_4': 5, 'D_layers': 5, 'D_layer_units_exponent_0': 4, 'D_layer_units_exponent_1': 9, 'D_layer_units_exponent_2': 6, 'D_layer_units_exponent_3': 6, 'D_layer_units_exponent_4': 7, 'D_dagger_layers': 6, 'D_dagger_layer_units_exponent_0': 9, 'D_dagger_layer_units_exponent_1': 5, 'D_dagger_layer_units_exponent_2': 8, 'D_dagger_layer_units_exponent_3': 6, 'D_dagger_layer_units_exponent_4': 9, 'D_dagger_layer_units_exponent_5': 7, 'log_learning_rate': -3.974710601311345, 'log_learning_rate_D': -2.8231142230476785, 'log_learning_rate_D_dagger': -2.7607727950373815, 'training_batch_size': 7, 'training_p': 2}. Best is trial 25 with value: 0.33126506209373474.
Time for this trial:  18.172119617462158
Memory status after this trial: 
Memory allocated:  294.76318359375
Memory cached:  318.0
--------------------  Trial  58   --------------------
Start timing: 
Parameters: 
{'W_layers': 2, 'W_layer_units_exponent_0': 8, 'W_layer_units_exponent_1': 9, 'D_layers': 6, 'D_layer_units_exponent_0': 6, 'D_layer_units_exponent_1': 10, 'D_layer_units_exponent_2': 4, 'D_layer_units_exponent_3': 7, 'D_layer_units_exponent_4': 10, 'D_layer_units_exponent_5': 4, 'D_dagger_layers': 6, 'D_dagger_layer_units_exponent_0': 8, 'D_dagger_layer_units_exponent_1': 6, 'D_dagger_layer_units_exponent_2': 10, 'D_dagger_layer_units_exponent_3': 10, 'D_dagger_layer_units_exponent_4': 5, 'D_dagger_layer_units_exponent_5': 5, 'log_learning_rate': -4.300211952788545, 'log_learning_rate_D': -3.4130662669121086, 'log_learning_rate_D_dagger': -2.476892813458291, 'training_batch_size': 8, 'training_p': 6}
	 epoch  0 training error:  tensor(0.6538, device='cuda:0', grad_fn=<DivBackward0>)
Memory status after this epoch: 
Memory allocated:  182.26220703125
Memory cached:  294.0
	 epoch  10 training error:  tensor(0.5762, device='cuda:0', grad_fn=<DivBackward0>)
Memory status after this epoch: 
Memory allocated:  182.26220703125
Memory cached:  294.0
	 epoch  20 training error:  tensor(0.4537, device='cuda:0', grad_fn=<DivBackward0>)
Memory status after this epoch: 
Memory allocated:  182.26220703125
Memory cached:  294.0
	 epoch  30 training error:  tensor(0.4562, device='cuda:0', grad_fn=<DivBackward0>)
Memory status after this epoch: 
Memory allocated:  182.26220703125
Memory cached:  294.0
	 epoch  40 training error:  tensor(0.3973, device='cuda:0', grad_fn=<DivBackward0>)
Memory status after this epoch: 
Memory allocated:  182.26220703125
Memory cached:  294.0
	 epoch  50 training error:  tensor(0.3727, device='cuda:0', grad_fn=<DivBackward0>)
Memory status after this epoch: 
Memory allocated:  182.26220703125
Memory cached:  294.0
	 epoch  60 training error:  tensor(0.3696, device='cuda:0', grad_fn=<DivBackward0>)
Memory status after this epoch: 
Memory allocated:  182.26220703125
Memory cached:  294.0
	 epoch  70 training error:  tensor(0.3782, device='cuda:0', grad_fn=<DivBackward0>)
Memory status after this epoch: 
Memory allocated:  182.26220703125
Memory cached:  294.0
	 epoch  80 training error:  tensor(0.3681, device='cuda:0', grad_fn=<DivBackward0>)
Memory status after this epoch: 
Memory allocated:  182.26220703125
Memory cached:  294.0
	 epoch  90 training error:  tensor(0.3712, device='cuda:0', grad_fn=<DivBackward0>)
Memory status after this epoch: 
Memory allocated:  182.26220703125
Memory cached:  294.0
[I 2023-12-07 05:00:45,063] Trial 58 finished with value: 0.35845860838890076 and parameters: {'W_layers': 2, 'W_layer_units_exponent_0': 8, 'W_layer_units_exponent_1': 9, 'D_layers': 6, 'D_layer_units_exponent_0': 6, 'D_layer_units_exponent_1': 10, 'D_layer_units_exponent_2': 4, 'D_layer_units_exponent_3': 7, 'D_layer_units_exponent_4': 10, 'D_layer_units_exponent_5': 4, 'D_dagger_layers': 6, 'D_dagger_layer_units_exponent_0': 8, 'D_dagger_layer_units_exponent_1': 6, 'D_dagger_layer_units_exponent_2': 10, 'D_dagger_layer_units_exponent_3': 10, 'D_dagger_layer_units_exponent_4': 5, 'D_dagger_layer_units_exponent_5': 5, 'log_learning_rate': -4.300211952788545, 'log_learning_rate_D': -3.4130662669121086, 'log_learning_rate_D_dagger': -2.476892813458291, 'training_batch_size': 8, 'training_p': 6}. Best is trial 25 with value: 0.33126506209373474.
Time for this trial:  18.23470163345337
Memory status after this trial: 
Memory allocated:  340.92724609375
Memory cached:  370.0
--------------------  Trial  59   --------------------
Start timing: 
Parameters: 
{'W_layers': 4, 'W_layer_units_exponent_0': 9, 'W_layer_units_exponent_1': 7, 'W_layer_units_exponent_2': 6, 'W_layer_units_exponent_3': 6, 'D_layers': 5, 'D_layer_units_exponent_0': 5, 'D_layer_units_exponent_1': 8, 'D_layer_units_exponent_2': 8, 'D_layer_units_exponent_3': 5, 'D_layer_units_exponent_4': 9, 'D_dagger_layers': 5, 'D_dagger_layer_units_exponent_0': 9, 'D_dagger_layer_units_exponent_1': 6, 'D_dagger_layer_units_exponent_2': 7, 'D_dagger_layer_units_exponent_3': 6, 'D_dagger_layer_units_exponent_4': 4, 'log_learning_rate': -4.820173350040282, 'log_learning_rate_D': -3.8034498161554557, 'log_learning_rate_D_dagger': -2.3278808172375474, 'training_batch_size': 9, 'training_p': 4}
	 epoch  0 training error:  tensor(1.1528, device='cuda:0', grad_fn=<DivBackward0>)
Memory status after this epoch: 
Memory allocated:  163.1669921875
Memory cached:  294.0
	 epoch  10 training error:  tensor(0.4059, device='cuda:0', grad_fn=<DivBackward0>)
Memory status after this epoch: 
Memory allocated:  163.1669921875
Memory cached:  294.0
	 epoch  20 training error:  tensor(0.3874, device='cuda:0', grad_fn=<DivBackward0>)
Memory status after this epoch: 
Memory allocated:  163.1669921875
Memory cached:  294.0
	 epoch  30 training error:  tensor(0.3764, device='cuda:0', grad_fn=<DivBackward0>)
Memory status after this epoch: 
Memory allocated:  163.1669921875
Memory cached:  294.0
	 epoch  40 training error:  tensor(0.3641, device='cuda:0', grad_fn=<DivBackward0>)
Memory status after this epoch: 
Memory allocated:  163.1669921875
Memory cached:  294.0
	 epoch  50 training error:  tensor(0.3633, device='cuda:0', grad_fn=<DivBackward0>)
Memory status after this epoch: 
Memory allocated:  163.1669921875
Memory cached:  294.0
	 epoch  60 training error:  tensor(0.3603, device='cuda:0', grad_fn=<DivBackward0>)
Memory status after this epoch: 
Memory allocated:  163.1669921875
Memory cached:  294.0
	 epoch  70 training error:  tensor(0.3600, device='cuda:0', grad_fn=<DivBackward0>)
Memory status after this epoch: 
Memory allocated:  163.1669921875
Memory cached:  294.0
	 epoch  80 training error:  tensor(0.3607, device='cuda:0', grad_fn=<DivBackward0>)
Memory status after this epoch: 
Memory allocated:  163.1669921875
Memory cached:  294.0
	 epoch  90 training error:  tensor(0.3605, device='cuda:0', grad_fn=<DivBackward0>)
Memory status after this epoch: 
Memory allocated:  163.1669921875
Memory cached:  294.0
[I 2023-12-07 05:01:02,245] Trial 59 finished with value: 0.33872947096824646 and parameters: {'W_layers': 4, 'W_layer_units_exponent_0': 9, 'W_layer_units_exponent_1': 7, 'W_layer_units_exponent_2': 6, 'W_layer_units_exponent_3': 6, 'D_layers': 5, 'D_layer_units_exponent_0': 5, 'D_layer_units_exponent_1': 8, 'D_layer_units_exponent_2': 8, 'D_layer_units_exponent_3': 5, 'D_layer_units_exponent_4': 9, 'D_dagger_layers': 5, 'D_dagger_layer_units_exponent_0': 9, 'D_dagger_layer_units_exponent_1': 6, 'D_dagger_layer_units_exponent_2': 7, 'D_dagger_layer_units_exponent_3': 6, 'D_dagger_layer_units_exponent_4': 4, 'log_learning_rate': -4.820173350040282, 'log_learning_rate_D': -3.8034498161554557, 'log_learning_rate_D_dagger': -2.3278808172375474, 'training_batch_size': 9, 'training_p': 4}. Best is trial 25 with value: 0.33126506209373474.
Time for this trial:  16.96683406829834
Memory status after this trial: 
Memory allocated:  245.66259765625
Memory cached:  304.0
--------------------  Trial  60   --------------------
Start timing: 
Parameters: 
{'W_layers': 6, 'W_layer_units_exponent_0': 5, 'W_layer_units_exponent_1': 5, 'W_layer_units_exponent_2': 5, 'W_layer_units_exponent_3': 6, 'W_layer_units_exponent_4': 9, 'W_layer_units_exponent_5': 6, 'D_layers': 4, 'D_layer_units_exponent_0': 8, 'D_layer_units_exponent_1': 8, 'D_layer_units_exponent_2': 5, 'D_layer_units_exponent_3': 6, 'D_dagger_layers': 6, 'D_dagger_layer_units_exponent_0': 5, 'D_dagger_layer_units_exponent_1': 5, 'D_dagger_layer_units_exponent_2': 6, 'D_dagger_layer_units_exponent_3': 5, 'D_dagger_layer_units_exponent_4': 7, 'D_dagger_layer_units_exponent_5': 7, 'log_learning_rate': -4.130801975601946, 'log_learning_rate_D': -3.596579971341547, 'log_learning_rate_D_dagger': -2.606413142187254, 'training_batch_size': 6, 'training_p': 5}
	 epoch  0 training error:  tensor(0.9275, device='cuda:0', grad_fn=<DivBackward0>)
Memory status after this epoch: 
Memory allocated:  162.54150390625
Memory cached:  294.0
	 epoch  10 training error:  tensor(0.4514, device='cuda:0', grad_fn=<DivBackward0>)
Memory status after this epoch: 
Memory allocated:  162.54150390625
Memory cached:  294.0
	 epoch  20 training error:  tensor(0.4305, device='cuda:0', grad_fn=<DivBackward0>)
Memory status after this epoch: 
Memory allocated:  162.54150390625
Memory cached:  294.0
	 epoch  30 training error:  tensor(0.4203, device='cuda:0', grad_fn=<DivBackward0>)
Memory status after this epoch: 
Memory allocated:  162.54150390625
Memory cached:  294.0
	 epoch  40 training error:  tensor(0.4056, device='cuda:0', grad_fn=<DivBackward0>)
Memory status after this epoch: 
Memory allocated:  162.54150390625
Memory cached:  294.0
	 epoch  50 training error:  tensor(0.4115, device='cuda:0', grad_fn=<DivBackward0>)
Memory status after this epoch: 
Memory allocated:  162.54150390625
Memory cached:  294.0
	 epoch  60 training error:  tensor(0.3976, device='cuda:0', grad_fn=<DivBackward0>)
Memory status after this epoch: 
Memory allocated:  162.54150390625
Memory cached:  294.0
	 epoch  70 training error:  tensor(0.3860, device='cuda:0', grad_fn=<DivBackward0>)
Memory status after this epoch: 
Memory allocated:  162.54150390625
Memory cached:  294.0
	 epoch  80 training error:  tensor(0.3827, device='cuda:0', grad_fn=<DivBackward0>)
Memory status after this epoch: 
Memory allocated:  162.54150390625
Memory cached:  294.0
	 epoch  90 training error:  tensor(0.3805, device='cuda:0', grad_fn=<DivBackward0>)
Memory status after this epoch: 
Memory allocated:  162.54150390625
Memory cached:  294.0
[I 2023-12-07 05:01:22,986] Trial 60 finished with value: 0.3447655737400055 and parameters: {'W_layers': 6, 'W_layer_units_exponent_0': 5, 'W_layer_units_exponent_1': 5, 'W_layer_units_exponent_2': 5, 'W_layer_units_exponent_3': 6, 'W_layer_units_exponent_4': 9, 'W_layer_units_exponent_5': 6, 'D_layers': 4, 'D_layer_units_exponent_0': 8, 'D_layer_units_exponent_1': 8, 'D_layer_units_exponent_2': 5, 'D_layer_units_exponent_3': 6, 'D_dagger_layers': 6, 'D_dagger_layer_units_exponent_0': 5, 'D_dagger_layer_units_exponent_1': 5, 'D_dagger_layer_units_exponent_2': 6, 'D_dagger_layer_units_exponent_3': 5, 'D_dagger_layer_units_exponent_4': 7, 'D_dagger_layer_units_exponent_5': 7, 'log_learning_rate': -4.130801975601946, 'log_learning_rate_D': -3.596579971341547, 'log_learning_rate_D_dagger': -2.606413142187254, 'training_batch_size': 6, 'training_p': 5}. Best is trial 25 with value: 0.33126506209373474.
Time for this trial:  20.528753519058228
Memory status after this trial: 
Memory allocated:  223.18994140625
Memory cached:  310.0
--------------------  Trial  61   --------------------
Start timing: 
Parameters: 
{'W_layers': 8, 'W_layer_units_exponent_0': 8, 'W_layer_units_exponent_1': 8, 'W_layer_units_exponent_2': 6, 'W_layer_units_exponent_3': 5, 'W_layer_units_exponent_4': 8, 'W_layer_units_exponent_5': 8, 'W_layer_units_exponent_6': 7, 'W_layer_units_exponent_7': 6, 'D_layers': 3, 'D_layer_units_exponent_0': 7, 'D_layer_units_exponent_1': 9, 'D_layer_units_exponent_2': 5, 'D_dagger_layers': 8, 'D_dagger_layer_units_exponent_0': 10, 'D_dagger_layer_units_exponent_1': 7, 'D_dagger_layer_units_exponent_2': 5, 'D_dagger_layer_units_exponent_3': 5, 'D_dagger_layer_units_exponent_4': 4, 'D_dagger_layer_units_exponent_5': 6, 'D_dagger_layer_units_exponent_6': 5, 'D_dagger_layer_units_exponent_7': 10, 'log_learning_rate': -3.816356050379572, 'log_learning_rate_D': -3.285008565544071, 'log_learning_rate_D_dagger': -2.3057439003804423, 'training_batch_size': 8, 'training_p': 2}
	 epoch  0 training error:  tensor(1.0077, device='cuda:0', grad_fn=<DivBackward0>)
Memory status after this epoch: 
Memory allocated:  166.86669921875
Memory cached:  298.0
	 epoch  10 training error:  tensor(0.4517, device='cuda:0', grad_fn=<DivBackward0>)
Memory status after this epoch: 
Memory allocated:  166.86669921875
Memory cached:  302.0
	 epoch  20 training error:  tensor(0.3757, device='cuda:0', grad_fn=<DivBackward0>)
Memory status after this epoch: 
Memory allocated:  166.86669921875
Memory cached:  302.0
	 epoch  30 training error:  tensor(0.3507, device='cuda:0', grad_fn=<DivBackward0>)
Memory status after this epoch: 
Memory allocated:  166.86669921875
Memory cached:  302.0
	 epoch  40 training error:  tensor(0.3511, device='cuda:0', grad_fn=<DivBackward0>)
Memory status after this epoch: 
Memory allocated:  166.86669921875
Memory cached:  302.0
	 epoch  50 training error:  tensor(0.3603, device='cuda:0', grad_fn=<DivBackward0>)
Memory status after this epoch: 
Memory allocated:  166.86669921875
Memory cached:  302.0
	 epoch  60 training error:  tensor(0.3477, device='cuda:0', grad_fn=<DivBackward0>)
Memory status after this epoch: 
Memory allocated:  166.86669921875
Memory cached:  302.0
	 epoch  70 training error:  tensor(0.3416, device='cuda:0', grad_fn=<DivBackward0>)
Memory status after this epoch: 
Memory allocated:  166.86669921875
Memory cached:  302.0
	 epoch  80 training error:  tensor(0.3485, device='cuda:0', grad_fn=<DivBackward0>)
Memory status after this epoch: 
Memory allocated:  166.86669921875
Memory cached:  302.0
	 epoch  90 training error:  tensor(0.3409, device='cuda:0', grad_fn=<DivBackward0>)
Memory status after this epoch: 
Memory allocated:  166.86669921875
Memory cached:  302.0
[I 2023-12-07 05:01:43,550] Trial 61 finished with value: 0.33705005049705505 and parameters: {'W_layers': 8, 'W_layer_units_exponent_0': 8, 'W_layer_units_exponent_1': 8, 'W_layer_units_exponent_2': 6, 'W_layer_units_exponent_3': 5, 'W_layer_units_exponent_4': 8, 'W_layer_units_exponent_5': 8, 'W_layer_units_exponent_6': 7, 'W_layer_units_exponent_7': 6, 'D_layers': 3, 'D_layer_units_exponent_0': 7, 'D_layer_units_exponent_1': 9, 'D_layer_units_exponent_2': 5, 'D_dagger_layers': 8, 'D_dagger_layer_units_exponent_0': 10, 'D_dagger_layer_units_exponent_1': 7, 'D_dagger_layer_units_exponent_2': 5, 'D_dagger_layer_units_exponent_3': 5, 'D_dagger_layer_units_exponent_4': 4, 'D_dagger_layer_units_exponent_5': 6, 'D_dagger_layer_units_exponent_6': 5, 'D_dagger_layer_units_exponent_7': 10, 'log_learning_rate': -3.816356050379572, 'log_learning_rate_D': -3.285008565544071, 'log_learning_rate_D_dagger': -2.3057439003804423, 'training_batch_size': 8, 'training_p': 2}. Best is trial 25 with value: 0.33126506209373474.
Time for this trial:  20.322185277938843
Memory status after this trial: 
Memory allocated:  354.33544921875
Memory cached:  388.0
--------------------  Trial  62   --------------------
Start timing: 
Parameters: 
{'W_layers': 7, 'W_layer_units_exponent_0': 7, 'W_layer_units_exponent_1': 8, 'W_layer_units_exponent_2': 6, 'W_layer_units_exponent_3': 5, 'W_layer_units_exponent_4': 8, 'W_layer_units_exponent_5': 7, 'W_layer_units_exponent_6': 9, 'D_layers': 2, 'D_layer_units_exponent_0': 8, 'D_layer_units_exponent_1': 6, 'D_dagger_layers': 7, 'D_dagger_layer_units_exponent_0': 10, 'D_dagger_layer_units_exponent_1': 7, 'D_dagger_layer_units_exponent_2': 5, 'D_dagger_layer_units_exponent_3': 5, 'D_dagger_layer_units_exponent_4': 4, 'D_dagger_layer_units_exponent_5': 5, 'D_dagger_layer_units_exponent_6': 8, 'log_learning_rate': -4.015403376747417, 'log_learning_rate_D': -3.122531690129836, 'log_learning_rate_D_dagger': -2.1035928510461743, 'training_batch_size': 8, 'training_p': 2}
	 epoch  0 training error:  tensor(0.9977, device='cuda:0', grad_fn=<DivBackward0>)
Memory status after this epoch: 
Memory allocated:  165.5546875
Memory cached:  298.0
	 epoch  10 training error:  tensor(0.3996, device='cuda:0', grad_fn=<DivBackward0>)
Memory status after this epoch: 
Memory allocated:  165.5546875
Memory cached:  298.0
	 epoch  20 training error:  tensor(0.3899, device='cuda:0', grad_fn=<DivBackward0>)
Memory status after this epoch: 
Memory allocated:  165.5546875
Memory cached:  298.0
	 epoch  30 training error:  tensor(0.3705, device='cuda:0', grad_fn=<DivBackward0>)
Memory status after this epoch: 
Memory allocated:  165.5546875
Memory cached:  298.0
	 epoch  40 training error:  tensor(0.3528, device='cuda:0', grad_fn=<DivBackward0>)
Memory status after this epoch: 
Memory allocated:  165.5546875
Memory cached:  298.0
	 epoch  50 training error:  tensor(0.3491, device='cuda:0', grad_fn=<DivBackward0>)
Memory status after this epoch: 
Memory allocated:  165.5546875
Memory cached:  298.0
	 epoch  60 training error:  tensor(0.3493, device='cuda:0', grad_fn=<DivBackward0>)
Memory status after this epoch: 
Memory allocated:  165.5546875
Memory cached:  298.0
	 epoch  70 training error:  tensor(0.3430, device='cuda:0', grad_fn=<DivBackward0>)
Memory status after this epoch: 
Memory allocated:  165.5546875
Memory cached:  298.0
	 epoch  80 training error:  tensor(0.3517, device='cuda:0', grad_fn=<DivBackward0>)
Memory status after this epoch: 
Memory allocated:  165.5546875
Memory cached:  298.0
	 epoch  90 training error:  tensor(0.3415, device='cuda:0', grad_fn=<DivBackward0>)
Memory status after this epoch: 
Memory allocated:  165.5546875
Memory cached:  298.0
