[I 2024-01-13 14:32:35,587] Trial 47 finished with value: 0.3002694547176361 and parameters: {'W_layers': 8, 'W_layer_units_exponent_0': 7, 'W_layer_units_exponent_1': 10, 'W_layer_units_exponent_2': 6, 'W_layer_units_exponent_3': 8, 'W_layer_units_exponent_4': 4, 'W_layer_units_exponent_5': 9, 'W_layer_units_exponent_6': 6, 'W_layer_units_exponent_7': 7, 'D_layers': 2, 'D_layer_units_exponent_0': 8, 'D_layer_units_exponent_1': 5, 'D_dagger_layers': 7, 'D_dagger_layer_units_exponent_0': 9, 'D_dagger_layer_units_exponent_1': 5, 'D_dagger_layer_units_exponent_2': 9, 'D_dagger_layer_units_exponent_3': 5, 'D_dagger_layer_units_exponent_4': 4, 'D_dagger_layer_units_exponent_5': 5, 'D_dagger_layer_units_exponent_6': 9, 'log_learning_rate': -4.301856855585367, 'log_learning_rate_D': -3.636535065987069, 'log_learning_rate_D_dagger': -2.5115259982833997, 'training_batch_size': 11, 'training_p': 3}. Best is trial 41 with value: 0.2880138158798218.
Time for this trial:  24.299163341522217
Memory status after this trial: 
Memory allocated:  950.10791015625
Memory cached:  998.0
--------------------  Trial  48   --------------------
Start timing: 
Parameters: 
{'W_layers': 8, 'W_layer_units_exponent_0': 8, 'W_layer_units_exponent_1': 10, 'W_layer_units_exponent_2': 7, 'W_layer_units_exponent_3': 7, 'W_layer_units_exponent_4': 5, 'W_layer_units_exponent_5': 10, 'W_layer_units_exponent_6': 5, 'W_layer_units_exponent_7': 5, 'D_layers': 3, 'D_layer_units_exponent_0': 9, 'D_layer_units_exponent_1': 7, 'D_layer_units_exponent_2': 4, 'D_dagger_layers': 8, 'D_dagger_layer_units_exponent_0': 9, 'D_dagger_layer_units_exponent_1': 6, 'D_dagger_layer_units_exponent_2': 10, 'D_dagger_layer_units_exponent_3': 6, 'D_dagger_layer_units_exponent_4': 4, 'D_dagger_layer_units_exponent_5': 5, 'D_dagger_layer_units_exponent_6': 6, 'D_dagger_layer_units_exponent_7': 8, 'log_learning_rate': -4.713731624796843, 'log_learning_rate_D': -3.8472635652673515, 'log_learning_rate_D_dagger': -2.8896589267587682, 'training_batch_size': 10, 'training_p': 2}
	 epoch  0 training error:  tensor(0.9975, device='cuda:0', grad_fn=<DivBackward0>)
Memory status after this epoch: 
Memory allocated:  548.3291015625
Memory cached:  710.0
	 epoch  10 training error:  tensor(0.4742, device='cuda:0', grad_fn=<DivBackward0>)
Memory status after this epoch: 
Memory allocated:  548.3291015625
Memory cached:  710.0
	 epoch  20 training error:  tensor(0.3759, device='cuda:0', grad_fn=<DivBackward0>)
Memory status after this epoch: 
Memory allocated:  548.3291015625
Memory cached:  710.0
	 epoch  30 training error:  tensor(0.3034, device='cuda:0', grad_fn=<DivBackward0>)
Memory status after this epoch: 
Memory allocated:  548.3291015625
Memory cached:  710.0
	 epoch  40 training error:  tensor(0.2859, device='cuda:0', grad_fn=<DivBackward0>)
Memory status after this epoch: 
Memory allocated:  548.3291015625
Memory cached:  710.0
	 epoch  50 training error:  tensor(0.3085, device='cuda:0', grad_fn=<DivBackward0>)
Memory status after this epoch: 
Memory allocated:  548.3291015625
Memory cached:  710.0
	 epoch  60 training error:  tensor(0.2892, device='cuda:0', grad_fn=<DivBackward0>)
Memory status after this epoch: 
Memory allocated:  548.3291015625
Memory cached:  710.0
	 epoch  70 training error:  tensor(0.2890, device='cuda:0', grad_fn=<DivBackward0>)
Memory status after this epoch: 
Memory allocated:  548.3291015625
Memory cached:  710.0
	 epoch  80 training error:  tensor(0.2846, device='cuda:0', grad_fn=<DivBackward0>)
Memory status after this epoch: 
Memory allocated:  548.3291015625
Memory cached:  710.0
	 epoch  90 training error:  tensor(0.2920, device='cuda:0', grad_fn=<DivBackward0>)
Memory status after this epoch: 
Memory allocated:  548.3291015625
Memory cached:  710.0
[I 2024-01-13 14:33:00,834] Trial 48 finished with value: 0.29900819063186646 and parameters: {'W_layers': 8, 'W_layer_units_exponent_0': 8, 'W_layer_units_exponent_1': 10, 'W_layer_units_exponent_2': 7, 'W_layer_units_exponent_3': 7, 'W_layer_units_exponent_4': 5, 'W_layer_units_exponent_5': 10, 'W_layer_units_exponent_6': 5, 'W_layer_units_exponent_7': 5, 'D_layers': 3, 'D_layer_units_exponent_0': 9, 'D_layer_units_exponent_1': 7, 'D_layer_units_exponent_2': 4, 'D_dagger_layers': 8, 'D_dagger_layer_units_exponent_0': 9, 'D_dagger_layer_units_exponent_1': 6, 'D_dagger_layer_units_exponent_2': 10, 'D_dagger_layer_units_exponent_3': 6, 'D_dagger_layer_units_exponent_4': 4, 'D_dagger_layer_units_exponent_5': 5, 'D_dagger_layer_units_exponent_6': 6, 'D_dagger_layer_units_exponent_7': 8, 'log_learning_rate': -4.713731624796843, 'log_learning_rate_D': -3.8472635652673515, 'log_learning_rate_D_dagger': -2.8896589267587682, 'training_batch_size': 10, 'training_p': 2}. Best is trial 41 with value: 0.2880138158798218.
Time for this trial:  24.78599262237549
Memory status after this trial: 
Memory allocated:  1052.05712890625
Memory cached:  1080.0
--------------------  Trial  49   --------------------
Start timing: 
Parameters: 
{'W_layers': 8, 'W_layer_units_exponent_0': 7, 'W_layer_units_exponent_1': 9, 'W_layer_units_exponent_2': 8, 'W_layer_units_exponent_3': 4, 'W_layer_units_exponent_4': 4, 'W_layer_units_exponent_5': 9, 'W_layer_units_exponent_6': 8, 'W_layer_units_exponent_7': 7, 'D_layers': 4, 'D_layer_units_exponent_0': 8, 'D_layer_units_exponent_1': 6, 'D_layer_units_exponent_2': 6, 'D_layer_units_exponent_3': 4, 'D_dagger_layers': 7, 'D_dagger_layer_units_exponent_0': 10, 'D_dagger_layer_units_exponent_1': 4, 'D_dagger_layer_units_exponent_2': 10, 'D_dagger_layer_units_exponent_3': 4, 'D_dagger_layer_units_exponent_4': 5, 'D_dagger_layer_units_exponent_5': 7, 'D_dagger_layer_units_exponent_6': 9, 'log_learning_rate': -4.029531356883697, 'log_learning_rate_D': -3.1951634363893837, 'log_learning_rate_D_dagger': -3.2075217492831993, 'training_batch_size': 12, 'training_p': 2}
	 epoch  0 training error:  tensor(0.9845, device='cuda:0', grad_fn=<DivBackward0>)
Memory status after this epoch: 
Memory allocated:  545.53759765625
Memory cached:  710.0
	 epoch  10 training error:  tensor(0.4436, device='cuda:0', grad_fn=<DivBackward0>)
Memory status after this epoch: 
Memory allocated:  545.53759765625
Memory cached:  710.0
	 epoch  20 training error:  tensor(0.3317, device='cuda:0', grad_fn=<DivBackward0>)
Memory status after this epoch: 
Memory allocated:  545.53759765625
Memory cached:  710.0
	 epoch  30 training error:  tensor(0.3020, device='cuda:0', grad_fn=<DivBackward0>)
Memory status after this epoch: 
Memory allocated:  545.53759765625
Memory cached:  710.0
	 epoch  40 training error:  tensor(0.2969, device='cuda:0', grad_fn=<DivBackward0>)
Memory status after this epoch: 
Memory allocated:  545.53759765625
Memory cached:  710.0
	 epoch  50 training error:  tensor(0.2885, device='cuda:0', grad_fn=<DivBackward0>)
Memory status after this epoch: 
Memory allocated:  545.53759765625
Memory cached:  710.0
	 epoch  60 training error:  tensor(0.3026, device='cuda:0', grad_fn=<DivBackward0>)
Memory status after this epoch: 
Memory allocated:  545.53759765625
Memory cached:  710.0
	 epoch  70 training error:  tensor(0.2862, device='cuda:0', grad_fn=<DivBackward0>)
Memory status after this epoch: 
Memory allocated:  545.53759765625
Memory cached:  710.0
	 epoch  80 training error:  tensor(0.2909, device='cuda:0', grad_fn=<DivBackward0>)
Memory status after this epoch: 
Memory allocated:  545.53759765625
Memory cached:  710.0
	 epoch  90 training error:  tensor(0.3103, device='cuda:0', grad_fn=<DivBackward0>)
Memory status after this epoch: 
Memory allocated:  545.53759765625
Memory cached:  710.0
[I 2024-01-13 14:33:26,462] Trial 49 finished with value: 0.2980668544769287 and parameters: {'W_layers': 8, 'W_layer_units_exponent_0': 7, 'W_layer_units_exponent_1': 9, 'W_layer_units_exponent_2': 8, 'W_layer_units_exponent_3': 4, 'W_layer_units_exponent_4': 4, 'W_layer_units_exponent_5': 9, 'W_layer_units_exponent_6': 8, 'W_layer_units_exponent_7': 7, 'D_layers': 4, 'D_layer_units_exponent_0': 8, 'D_layer_units_exponent_1': 6, 'D_layer_units_exponent_2': 6, 'D_layer_units_exponent_3': 4, 'D_dagger_layers': 7, 'D_dagger_layer_units_exponent_0': 10, 'D_dagger_layer_units_exponent_1': 4, 'D_dagger_layer_units_exponent_2': 10, 'D_dagger_layer_units_exponent_3': 4, 'D_dagger_layer_units_exponent_4': 5, 'D_dagger_layer_units_exponent_5': 7, 'D_dagger_layer_units_exponent_6': 9, 'log_learning_rate': -4.029531356883697, 'log_learning_rate_D': -3.1951634363893837, 'log_learning_rate_D_dagger': -3.2075217492831993, 'training_batch_size': 12, 'training_p': 2}. Best is trial 41 with value: 0.2880138158798218.
Time for this trial:  25.24133586883545
Memory status after this trial: 
Memory allocated:  1034.54052734375
Memory cached:  1062.0
--------------------  Trial  50   --------------------
Start timing: 
Parameters: 
{'W_layers': 8, 'W_layer_units_exponent_0': 8, 'W_layer_units_exponent_1': 10, 'W_layer_units_exponent_2': 7, 'W_layer_units_exponent_3': 7, 'W_layer_units_exponent_4': 4, 'W_layer_units_exponent_5': 10, 'W_layer_units_exponent_6': 6, 'W_layer_units_exponent_7': 5, 'D_layers': 2, 'D_layer_units_exponent_0': 9, 'D_layer_units_exponent_1': 8, 'D_dagger_layers': 8, 'D_dagger_layer_units_exponent_0': 9, 'D_dagger_layer_units_exponent_1': 5, 'D_dagger_layer_units_exponent_2': 8, 'D_dagger_layer_units_exponent_3': 6, 'D_dagger_layer_units_exponent_4': 4, 'D_dagger_layer_units_exponent_5': 6, 'D_dagger_layer_units_exponent_6': 10, 'D_dagger_layer_units_exponent_7': 8, 'log_learning_rate': -4.525960321517405, 'log_learning_rate_D': -3.482984964295916, 'log_learning_rate_D_dagger': -2.381343939151689, 'training_batch_size': 11, 'training_p': 4}
	 epoch  0 training error:  tensor(1.0132, device='cuda:0', grad_fn=<DivBackward0>)
Memory status after this epoch: 
Memory allocated:  551.65966796875
Memory cached:  710.0
	 epoch  10 training error:  tensor(0.8633, device='cuda:0', grad_fn=<DivBackward0>)
Memory status after this epoch: 
Memory allocated:  551.65966796875
Memory cached:  710.0
	 epoch  20 training error:  tensor(0.4644, device='cuda:0', grad_fn=<DivBackward0>)
Memory status after this epoch: 
Memory allocated:  551.65966796875
Memory cached:  710.0
	 epoch  30 training error:  tensor(0.4407, device='cuda:0', grad_fn=<DivBackward0>)
Memory status after this epoch: 
Memory allocated:  551.65966796875
Memory cached:  710.0
	 epoch  40 training error:  tensor(0.4598, device='cuda:0', grad_fn=<DivBackward0>)
Memory status after this epoch: 
Memory allocated:  551.65966796875
Memory cached:  710.0
	 epoch  50 training error:  tensor(0.4499, device='cuda:0', grad_fn=<DivBackward0>)
Memory status after this epoch: 
Memory allocated:  551.65966796875
Memory cached:  710.0
	 epoch  60 training error:  tensor(0.4411, device='cuda:0', grad_fn=<DivBackward0>)
Memory status after this epoch: 
Memory allocated:  551.65966796875
Memory cached:  710.0
	 epoch  70 training error:  tensor(0.4578, device='cuda:0', grad_fn=<DivBackward0>)
Memory status after this epoch: 
Memory allocated:  551.65966796875
Memory cached:  710.0
	 epoch  80 training error:  tensor(0.4861, device='cuda:0', grad_fn=<DivBackward0>)
Memory status after this epoch: 
Memory allocated:  551.65966796875
Memory cached:  710.0
	 epoch  90 training error:  tensor(0.4489, device='cuda:0', grad_fn=<DivBackward0>)
Memory status after this epoch: 
Memory allocated:  551.65966796875
Memory cached:  710.0
[I 2024-01-13 14:33:52,890] Trial 50 finished with value: 0.3367840349674225 and parameters: {'W_layers': 8, 'W_layer_units_exponent_0': 8, 'W_layer_units_exponent_1': 10, 'W_layer_units_exponent_2': 7, 'W_layer_units_exponent_3': 7, 'W_layer_units_exponent_4': 4, 'W_layer_units_exponent_5': 10, 'W_layer_units_exponent_6': 6, 'W_layer_units_exponent_7': 5, 'D_layers': 2, 'D_layer_units_exponent_0': 9, 'D_layer_units_exponent_1': 8, 'D_dagger_layers': 8, 'D_dagger_layer_units_exponent_0': 9, 'D_dagger_layer_units_exponent_1': 5, 'D_dagger_layer_units_exponent_2': 8, 'D_dagger_layer_units_exponent_3': 6, 'D_dagger_layer_units_exponent_4': 4, 'D_dagger_layer_units_exponent_5': 6, 'D_dagger_layer_units_exponent_6': 10, 'D_dagger_layer_units_exponent_7': 8, 'log_learning_rate': -4.525960321517405, 'log_learning_rate_D': -3.482984964295916, 'log_learning_rate_D_dagger': -2.381343939151689, 'training_batch_size': 11, 'training_p': 4}. Best is trial 41 with value: 0.2880138158798218.
Time for this trial:  26.05138874053955
Memory status after this trial: 
Memory allocated:  1076.84912109375
Memory cached:  1098.0
--------------------  Trial  51   --------------------
Start timing: 
Parameters: 
{'W_layers': 7, 'W_layer_units_exponent_0': 9, 'W_layer_units_exponent_1': 10, 'W_layer_units_exponent_2': 7, 'W_layer_units_exponent_3': 9, 'W_layer_units_exponent_4': 5, 'W_layer_units_exponent_5': 4, 'W_layer_units_exponent_6': 5, 'D_layers': 3, 'D_layer_units_exponent_0': 9, 'D_layer_units_exponent_1': 7, 'D_layer_units_exponent_2': 4, 'D_dagger_layers': 6, 'D_dagger_layer_units_exponent_0': 4, 'D_dagger_layer_units_exponent_1': 7, 'D_dagger_layer_units_exponent_2': 9, 'D_dagger_layer_units_exponent_3': 7, 'D_dagger_layer_units_exponent_4': 5, 'D_dagger_layer_units_exponent_5': 7, 'log_learning_rate': -4.892417992549824, 'log_learning_rate_D': -3.883987048994669, 'log_learning_rate_D_dagger': -3.3842526758629656, 'training_batch_size': 10, 'training_p': 2}
	 epoch  0 training error:  tensor(0.9886, device='cuda:0', grad_fn=<DivBackward0>)
Memory status after this epoch: 
Memory allocated:  552.5263671875
Memory cached:  710.0
	 epoch  10 training error:  tensor(0.3998, device='cuda:0', grad_fn=<DivBackward0>)
Memory status after this epoch: 
Memory allocated:  552.5263671875
Memory cached:  710.0
	 epoch  20 training error:  tensor(0.3522, device='cuda:0', grad_fn=<DivBackward0>)
Memory status after this epoch: 
Memory allocated:  552.5263671875
Memory cached:  710.0
	 epoch  30 training error:  tensor(0.3051, device='cuda:0', grad_fn=<DivBackward0>)
Memory status after this epoch: 
Memory allocated:  552.5263671875
Memory cached:  710.0
	 epoch  40 training error:  tensor(0.2870, device='cuda:0', grad_fn=<DivBackward0>)
Memory status after this epoch: 
Memory allocated:  552.5263671875
Memory cached:  710.0
	 epoch  50 training error:  tensor(0.2905, device='cuda:0', grad_fn=<DivBackward0>)
Memory status after this epoch: 
Memory allocated:  552.5263671875
Memory cached:  710.0
	 epoch  60 training error:  tensor(0.2859, device='cuda:0', grad_fn=<DivBackward0>)
Memory status after this epoch: 
Memory allocated:  552.5263671875
Memory cached:  710.0
	 epoch  70 training error:  tensor(0.2848, device='cuda:0', grad_fn=<DivBackward0>)
Memory status after this epoch: 
Memory allocated:  552.5263671875
Memory cached:  710.0
	 epoch  80 training error:  tensor(0.2855, device='cuda:0', grad_fn=<DivBackward0>)
Memory status after this epoch: 
Memory allocated:  552.5263671875
Memory cached:  710.0
	 epoch  90 training error:  tensor(0.2839, device='cuda:0', grad_fn=<DivBackward0>)
Memory status after this epoch: 
Memory allocated:  552.5263671875
Memory cached:  710.0
[I 2024-01-13 14:34:16,406] Trial 51 finished with value: 0.2895597815513611 and parameters: {'W_layers': 7, 'W_layer_units_exponent_0': 9, 'W_layer_units_exponent_1': 10, 'W_layer_units_exponent_2': 7, 'W_layer_units_exponent_3': 9, 'W_layer_units_exponent_4': 5, 'W_layer_units_exponent_5': 4, 'W_layer_units_exponent_6': 5, 'D_layers': 3, 'D_layer_units_exponent_0': 9, 'D_layer_units_exponent_1': 7, 'D_layer_units_exponent_2': 4, 'D_dagger_layers': 6, 'D_dagger_layer_units_exponent_0': 4, 'D_dagger_layer_units_exponent_1': 7, 'D_dagger_layer_units_exponent_2': 9, 'D_dagger_layer_units_exponent_3': 7, 'D_dagger_layer_units_exponent_4': 5, 'D_dagger_layer_units_exponent_5': 7, 'log_learning_rate': -4.892417992549824, 'log_learning_rate_D': -3.883987048994669, 'log_learning_rate_D_dagger': -3.3842526758629656, 'training_batch_size': 10, 'training_p': 2}. Best is trial 41 with value: 0.2880138158798218.
Time for this trial:  23.148077487945557
Memory status after this trial: 
Memory allocated:  893.56396484375
Memory cached:  910.0
--------------------  Trial  52   --------------------
Start timing: 
Parameters: 
{'W_layers': 7, 'W_layer_units_exponent_0': 8, 'W_layer_units_exponent_1': 10, 'W_layer_units_exponent_2': 6, 'W_layer_units_exponent_3': 8, 'W_layer_units_exponent_4': 4, 'W_layer_units_exponent_5': 4, 'W_layer_units_exponent_6': 7, 'D_layers': 4, 'D_layer_units_exponent_0': 9, 'D_layer_units_exponent_1': 7, 'D_layer_units_exponent_2': 5, 'D_layer_units_exponent_3': 5, 'D_dagger_layers': 7, 'D_dagger_layer_units_exponent_0': 10, 'D_dagger_layer_units_exponent_1': 8, 'D_dagger_layer_units_exponent_2': 8, 'D_dagger_layer_units_exponent_3': 7, 'D_dagger_layer_units_exponent_4': 5, 'D_dagger_layer_units_exponent_5': 5, 'D_dagger_layer_units_exponent_6': 6, 'log_learning_rate': -4.757865149964372, 'log_learning_rate_D': -3.6900873753410846, 'log_learning_rate_D_dagger': -3.118296097073769, 'training_batch_size': 10, 'training_p': 3}
	 epoch  0 training error:  tensor(0.9961, device='cuda:0', grad_fn=<DivBackward0>)
Memory status after this epoch: 
Memory allocated:  549.15185546875
Memory cached:  712.0
	 epoch  10 training error:  tensor(0.4043, device='cuda:0', grad_fn=<DivBackward0>)
Memory status after this epoch: 
Memory allocated:  549.15185546875
Memory cached:  712.0
	 epoch  20 training error:  tensor(0.3794, device='cuda:0', grad_fn=<DivBackward0>)
Memory status after this epoch: 
Memory allocated:  549.15185546875
Memory cached:  712.0
	 epoch  30 training error:  tensor(0.3782, device='cuda:0', grad_fn=<DivBackward0>)
Memory status after this epoch: 
Memory allocated:  549.15185546875
Memory cached:  712.0
	 epoch  40 training error:  tensor(0.3719, device='cuda:0', grad_fn=<DivBackward0>)
Memory status after this epoch: 
Memory allocated:  549.15185546875
Memory cached:  712.0
	 epoch  50 training error:  tensor(0.3686, device='cuda:0', grad_fn=<DivBackward0>)
Memory status after this epoch: 
Memory allocated:  549.15185546875
Memory cached:  712.0
	 epoch  60 training error:  tensor(0.3752, device='cuda:0', grad_fn=<DivBackward0>)
Memory status after this epoch: 
Memory allocated:  549.15185546875
Memory cached:  712.0
	 epoch  70 training error:  tensor(0.3691, device='cuda:0', grad_fn=<DivBackward0>)
Memory status after this epoch: 
Memory allocated:  549.15185546875
Memory cached:  712.0
	 epoch  80 training error:  tensor(0.3669, device='cuda:0', grad_fn=<DivBackward0>)
Memory status after this epoch: 
Memory allocated:  549.15185546875
Memory cached:  712.0
	 epoch  90 training error:  tensor(0.3754, device='cuda:0', grad_fn=<DivBackward0>)
Memory status after this epoch: 
Memory allocated:  549.15185546875
Memory cached:  712.0
