[I 2024-01-26 08:33:47,027] Trial 395 finished with value: 0.16531814634799957 and parameters: {'W_layers': 8, 'W_layer_units_exponent_0': 8, 'W_layer_units_exponent_1': 6, 'W_layer_units_exponent_2': 4, 'W_layer_units_exponent_3': 6, 'W_layer_units_exponent_4': 5, 'W_layer_units_exponent_5': 9, 'W_layer_units_exponent_6': 5, 'W_layer_units_exponent_7': 10, 'D_layers': 4, 'D_layer_units_exponent_0': 4, 'D_layer_units_exponent_1': 8, 'D_layer_units_exponent_2': 4, 'D_layer_units_exponent_3': 4, 'D_dagger_layers': 5, 'D_dagger_layer_units_exponent_0': 10, 'D_dagger_layer_units_exponent_1': 7, 'D_dagger_layer_units_exponent_2': 9, 'D_dagger_layer_units_exponent_3': 6, 'D_dagger_layer_units_exponent_4': 4, 'log_learning_rate': -4.052259981080345, 'log_learning_rate_D': -4.780007834655566, 'log_learning_rate_D_dagger': -3.490902727292702, 'training_batch_size': 9, 'training_p': 2}. Best is trial 395 with value: 0.16531814634799957.
res:  tensor(0.1653, device='cuda:0', grad_fn=<DivBackward0>)
self.bestValue:  tensor(0.1654, device='cuda:0', grad_fn=<DivBackward0>)
Save this model!
Time for this trial:  25.394482612609863
Memory status after this trial: 
Memory allocated:  394.74560546875
Memory cached:  608.0
--------------------  Trial  396   --------------------
Start timing: 
Parameters: 
{'W_layers': 8, 'W_layer_units_exponent_0': 8, 'W_layer_units_exponent_1': 6, 'W_layer_units_exponent_2': 4, 'W_layer_units_exponent_3': 6, 'W_layer_units_exponent_4': 5, 'W_layer_units_exponent_5': 9, 'W_layer_units_exponent_6': 6, 'W_layer_units_exponent_7': 10, 'D_layers': 4, 'D_layer_units_exponent_0': 4, 'D_layer_units_exponent_1': 8, 'D_layer_units_exponent_2': 4, 'D_layer_units_exponent_3': 4, 'D_dagger_layers': 5, 'D_dagger_layer_units_exponent_0': 10, 'D_dagger_layer_units_exponent_1': 7, 'D_dagger_layer_units_exponent_2': 9, 'D_dagger_layer_units_exponent_3': 6, 'D_dagger_layer_units_exponent_4': 4, 'log_learning_rate': -4.010126749509316, 'log_learning_rate_D': -4.108027326139901, 'log_learning_rate_D_dagger': -3.4986235920158903, 'training_batch_size': 6, 'training_p': 2}
	 epoch  0 training error:  tensor(0.7929, device='cuda:0', grad_fn=<DivBackward0>)
Memory status after this epoch: 
Memory allocated:  400.47607421875
Memory cached:  606.0
	 epoch  10 training error:  tensor(0.2193, device='cuda:0', grad_fn=<DivBackward0>)
Memory status after this epoch: 
Memory allocated:  400.47607421875
Memory cached:  608.0
	 epoch  20 training error:  tensor(0.1902, device='cuda:0', grad_fn=<DivBackward0>)
Memory status after this epoch: 
Memory allocated:  400.47607421875
Memory cached:  608.0
	 epoch  30 training error:  tensor(0.1890, device='cuda:0', grad_fn=<DivBackward0>)
Memory status after this epoch: 
Memory allocated:  400.47607421875
Memory cached:  608.0
	 epoch  40 training error:  tensor(0.1923, device='cuda:0', grad_fn=<DivBackward0>)
Memory status after this epoch: 
Memory allocated:  400.47607421875
Memory cached:  608.0
	 epoch  50 training error:  tensor(0.1892, device='cuda:0', grad_fn=<DivBackward0>)
Memory status after this epoch: 
Memory allocated:  400.47607421875
Memory cached:  608.0
	 epoch  60 training error:  tensor(0.1877, device='cuda:0', grad_fn=<DivBackward0>)
Memory status after this epoch: 
Memory allocated:  400.47607421875
Memory cached:  608.0
	 epoch  70 training error:  tensor(0.1886, device='cuda:0', grad_fn=<DivBackward0>)
Memory status after this epoch: 
Memory allocated:  400.47607421875
Memory cached:  608.0
	 epoch  80 training error:  tensor(0.1886, device='cuda:0', grad_fn=<DivBackward0>)
Memory status after this epoch: 
Memory allocated:  400.47607421875
Memory cached:  608.0
	 epoch  90 training error:  tensor(0.1886, device='cuda:0', grad_fn=<DivBackward0>)
Memory status after this epoch: 
Memory allocated:  400.47607421875
Memory cached:  608.0
[I 2024-01-26 08:34:17,238] Trial 396 finished with value: 0.16918104887008667 and parameters: {'W_layers': 8, 'W_layer_units_exponent_0': 8, 'W_layer_units_exponent_1': 6, 'W_layer_units_exponent_2': 4, 'W_layer_units_exponent_3': 6, 'W_layer_units_exponent_4': 5, 'W_layer_units_exponent_5': 9, 'W_layer_units_exponent_6': 6, 'W_layer_units_exponent_7': 10, 'D_layers': 4, 'D_layer_units_exponent_0': 4, 'D_layer_units_exponent_1': 8, 'D_layer_units_exponent_2': 4, 'D_layer_units_exponent_3': 4, 'D_dagger_layers': 5, 'D_dagger_layer_units_exponent_0': 10, 'D_dagger_layer_units_exponent_1': 7, 'D_dagger_layer_units_exponent_2': 9, 'D_dagger_layer_units_exponent_3': 6, 'D_dagger_layer_units_exponent_4': 4, 'log_learning_rate': -4.010126749509316, 'log_learning_rate_D': -4.108027326139901, 'log_learning_rate_D_dagger': -3.4986235920158903, 'training_batch_size': 6, 'training_p': 2}. Best is trial 395 with value: 0.16531814634799957.
Time for this trial:  29.722313165664673
Memory status after this trial: 
Memory allocated:  793.03955078125
Memory cached:  832.0
--------------------  Trial  397   --------------------
Start timing: 
Parameters: 
{'W_layers': 8, 'W_layer_units_exponent_0': 8, 'W_layer_units_exponent_1': 6, 'W_layer_units_exponent_2': 4, 'W_layer_units_exponent_3': 6, 'W_layer_units_exponent_4': 5, 'W_layer_units_exponent_5': 9, 'W_layer_units_exponent_6': 5, 'W_layer_units_exponent_7': 10, 'D_layers': 4, 'D_layer_units_exponent_0': 4, 'D_layer_units_exponent_1': 7, 'D_layer_units_exponent_2': 4, 'D_layer_units_exponent_3': 4, 'D_dagger_layers': 5, 'D_dagger_layer_units_exponent_0': 10, 'D_dagger_layer_units_exponent_1': 4, 'D_dagger_layer_units_exponent_2': 9, 'D_dagger_layer_units_exponent_3': 6, 'D_dagger_layer_units_exponent_4': 4, 'log_learning_rate': -4.086412065299263, 'log_learning_rate_D': -4.761637610839743, 'log_learning_rate_D_dagger': -3.700054560142504, 'training_batch_size': 9, 'training_p': 2}
	 epoch  0 training error:  tensor(1.0533, device='cuda:0', grad_fn=<DivBackward0>)
Memory status after this epoch: 
Memory allocated:  397.1337890625
Memory cached:  606.0
	 epoch  10 training error:  tensor(0.4446, device='cuda:0', grad_fn=<DivBackward0>)
Memory status after this epoch: 
Memory allocated:  397.1337890625
Memory cached:  606.0
	 epoch  20 training error:  tensor(0.2916, device='cuda:0', grad_fn=<DivBackward0>)
Memory status after this epoch: 
Memory allocated:  397.1337890625
Memory cached:  606.0
	 epoch  30 training error:  tensor(0.2518, device='cuda:0', grad_fn=<DivBackward0>)
Memory status after this epoch: 
Memory allocated:  397.1337890625
Memory cached:  606.0
	 epoch  40 training error:  tensor(0.2437, device='cuda:0', grad_fn=<DivBackward0>)
Memory status after this epoch: 
Memory allocated:  397.1337890625
Memory cached:  606.0
	 epoch  50 training error:  tensor(0.2332, device='cuda:0', grad_fn=<DivBackward0>)
Memory status after this epoch: 
Memory allocated:  397.1337890625
Memory cached:  606.0
	 epoch  60 training error:  tensor(0.2235, device='cuda:0', grad_fn=<DivBackward0>)
Memory status after this epoch: 
Memory allocated:  397.1337890625
Memory cached:  606.0
	 epoch  70 training error:  tensor(0.2142, device='cuda:0', grad_fn=<DivBackward0>)
Memory status after this epoch: 
Memory allocated:  397.1337890625
Memory cached:  606.0
	 epoch  80 training error:  tensor(0.2047, device='cuda:0', grad_fn=<DivBackward0>)
Memory status after this epoch: 
Memory allocated:  397.1337890625
Memory cached:  606.0
	 epoch  90 training error:  tensor(0.1948, device='cuda:0', grad_fn=<DivBackward0>)
Memory status after this epoch: 
Memory allocated:  397.1337890625
Memory cached:  606.0
[I 2024-01-26 08:34:42,196] Trial 397 finished with value: 0.16824664175510406 and parameters: {'W_layers': 8, 'W_layer_units_exponent_0': 8, 'W_layer_units_exponent_1': 6, 'W_layer_units_exponent_2': 4, 'W_layer_units_exponent_3': 6, 'W_layer_units_exponent_4': 5, 'W_layer_units_exponent_5': 9, 'W_layer_units_exponent_6': 5, 'W_layer_units_exponent_7': 10, 'D_layers': 4, 'D_layer_units_exponent_0': 4, 'D_layer_units_exponent_1': 7, 'D_layer_units_exponent_2': 4, 'D_layer_units_exponent_3': 4, 'D_dagger_layers': 5, 'D_dagger_layer_units_exponent_0': 10, 'D_dagger_layer_units_exponent_1': 4, 'D_dagger_layer_units_exponent_2': 9, 'D_dagger_layer_units_exponent_3': 6, 'D_dagger_layer_units_exponent_4': 4, 'log_learning_rate': -4.086412065299263, 'log_learning_rate_D': -4.761637610839743, 'log_learning_rate_D_dagger': -3.700054560142504, 'training_batch_size': 9, 'training_p': 2}. Best is trial 395 with value: 0.16531814634799957.
Time for this trial:  24.3445942401886
Memory status after this trial: 
Memory allocated:  774.04931640625
Memory cached:  828.0
--------------------  Trial  398   --------------------
Start timing: 
Parameters: 
{'W_layers': 8, 'W_layer_units_exponent_0': 8, 'W_layer_units_exponent_1': 6, 'W_layer_units_exponent_2': 4, 'W_layer_units_exponent_3': 6, 'W_layer_units_exponent_4': 5, 'W_layer_units_exponent_5': 9, 'W_layer_units_exponent_6': 5, 'W_layer_units_exponent_7': 9, 'D_layers': 4, 'D_layer_units_exponent_0': 4, 'D_layer_units_exponent_1': 7, 'D_layer_units_exponent_2': 4, 'D_layer_units_exponent_3': 4, 'D_dagger_layers': 5, 'D_dagger_layer_units_exponent_0': 10, 'D_dagger_layer_units_exponent_1': 7, 'D_dagger_layer_units_exponent_2': 9, 'D_dagger_layer_units_exponent_3': 6, 'D_dagger_layer_units_exponent_4': 4, 'log_learning_rate': -3.9184502292269148, 'log_learning_rate_D': -4.91731163394376, 'log_learning_rate_D_dagger': -3.604550786262165, 'training_batch_size': 9, 'training_p': 2}
	 epoch  0 training error:  tensor(1.0579, device='cuda:0', grad_fn=<DivBackward0>)
Memory status after this epoch: 
Memory allocated:  399.4931640625
Memory cached:  606.0
	 epoch  10 training error:  tensor(0.3425, device='cuda:0', grad_fn=<DivBackward0>)
Memory status after this epoch: 
Memory allocated:  399.4931640625
Memory cached:  606.0
	 epoch  20 training error:  tensor(0.2600, device='cuda:0', grad_fn=<DivBackward0>)
Memory status after this epoch: 
Memory allocated:  399.4931640625
Memory cached:  606.0
	 epoch  30 training error:  tensor(0.2263, device='cuda:0', grad_fn=<DivBackward0>)
Memory status after this epoch: 
Memory allocated:  399.4931640625
Memory cached:  606.0
	 epoch  40 training error:  tensor(0.2093, device='cuda:0', grad_fn=<DivBackward0>)
Memory status after this epoch: 
Memory allocated:  399.4931640625
Memory cached:  606.0
	 epoch  50 training error:  tensor(0.1978, device='cuda:0', grad_fn=<DivBackward0>)
Memory status after this epoch: 
Memory allocated:  399.4931640625
Memory cached:  606.0
	 epoch  60 training error:  tensor(0.1909, device='cuda:0', grad_fn=<DivBackward0>)
Memory status after this epoch: 
Memory allocated:  399.4931640625
Memory cached:  606.0
	 epoch  70 training error:  tensor(0.1872, device='cuda:0', grad_fn=<DivBackward0>)
Memory status after this epoch: 
Memory allocated:  399.4931640625
Memory cached:  606.0
	 epoch  80 training error:  tensor(0.1868, device='cuda:0', grad_fn=<DivBackward0>)
Memory status after this epoch: 
Memory allocated:  399.4931640625
Memory cached:  606.0
	 epoch  90 training error:  tensor(0.1864, device='cuda:0', grad_fn=<DivBackward0>)
Memory status after this epoch: 
Memory allocated:  399.4931640625
Memory cached:  606.0
[I 2024-01-26 08:35:06,345] Trial 398 finished with value: 0.1657015085220337 and parameters: {'W_layers': 8, 'W_layer_units_exponent_0': 8, 'W_layer_units_exponent_1': 6, 'W_layer_units_exponent_2': 4, 'W_layer_units_exponent_3': 6, 'W_layer_units_exponent_4': 5, 'W_layer_units_exponent_5': 9, 'W_layer_units_exponent_6': 5, 'W_layer_units_exponent_7': 9, 'D_layers': 4, 'D_layer_units_exponent_0': 4, 'D_layer_units_exponent_1': 7, 'D_layer_units_exponent_2': 4, 'D_layer_units_exponent_3': 4, 'D_dagger_layers': 5, 'D_dagger_layer_units_exponent_0': 10, 'D_dagger_layer_units_exponent_1': 7, 'D_dagger_layer_units_exponent_2': 9, 'D_dagger_layer_units_exponent_3': 6, 'D_dagger_layer_units_exponent_4': 4, 'log_learning_rate': -3.9184502292269148, 'log_learning_rate_D': -4.91731163394376, 'log_learning_rate_D_dagger': -3.604550786262165, 'training_batch_size': 9, 'training_p': 2}. Best is trial 395 with value: 0.16531814634799957.
Time for this trial:  23.633223295211792
Memory status after this trial: 
Memory allocated:  740.17626953125
Memory cached:  780.0
--------------------  Trial  399   --------------------
Start timing: 
Parameters: 
{'W_layers': 8, 'W_layer_units_exponent_0': 8, 'W_layer_units_exponent_1': 6, 'W_layer_units_exponent_2': 4, 'W_layer_units_exponent_3': 6, 'W_layer_units_exponent_4': 5, 'W_layer_units_exponent_5': 9, 'W_layer_units_exponent_6': 5, 'W_layer_units_exponent_7': 9, 'D_layers': 4, 'D_layer_units_exponent_0': 4, 'D_layer_units_exponent_1': 7, 'D_layer_units_exponent_2': 4, 'D_layer_units_exponent_3': 4, 'D_dagger_layers': 5, 'D_dagger_layer_units_exponent_0': 10, 'D_dagger_layer_units_exponent_1': 7, 'D_dagger_layer_units_exponent_2': 9, 'D_dagger_layer_units_exponent_3': 10, 'D_dagger_layer_units_exponent_4': 4, 'log_learning_rate': -3.792104278608731, 'log_learning_rate_D': -4.902902339378384, 'log_learning_rate_D_dagger': -4.934369191842343, 'training_batch_size': 9, 'training_p': 2}
	 epoch  0 training error:  tensor(0.9761, device='cuda:0', grad_fn=<DivBackward0>)
Memory status after this epoch: 
Memory allocated:  407.8974609375
Memory cached:  606.0
	 epoch  10 training error:  tensor(0.7072, device='cuda:0', grad_fn=<DivBackward0>)
Memory status after this epoch: 
Memory allocated:  407.8974609375
Memory cached:  606.0
	 epoch  20 training error:  tensor(0.5405, device='cuda:0', grad_fn=<DivBackward0>)
Memory status after this epoch: 
Memory allocated:  407.8974609375
Memory cached:  606.0
	 epoch  30 training error:  tensor(0.4353, device='cuda:0', grad_fn=<DivBackward0>)
Memory status after this epoch: 
Memory allocated:  407.8974609375
Memory cached:  606.0
	 epoch  40 training error:  tensor(0.3538, device='cuda:0', grad_fn=<DivBackward0>)
Memory status after this epoch: 
Memory allocated:  407.8974609375
Memory cached:  606.0
	 epoch  50 training error:  tensor(0.2790, device='cuda:0', grad_fn=<DivBackward0>)
Memory status after this epoch: 
Memory allocated:  407.8974609375
Memory cached:  606.0
	 epoch  60 training error:  tensor(0.2340, device='cuda:0', grad_fn=<DivBackward0>)
Memory status after this epoch: 
Memory allocated:  407.8974609375
Memory cached:  606.0
	 epoch  70 training error:  tensor(0.2282, device='cuda:0', grad_fn=<DivBackward0>)
Memory status after this epoch: 
Memory allocated:  407.8974609375
Memory cached:  606.0
	 epoch  80 training error:  tensor(0.2250, device='cuda:0', grad_fn=<DivBackward0>)
Memory status after this epoch: 
Memory allocated:  407.8974609375
Memory cached:  606.0
	 epoch  90 training error:  tensor(0.2205, device='cuda:0', grad_fn=<DivBackward0>)
Memory status after this epoch: 
Memory allocated:  407.8974609375
Memory cached:  606.0
[I 2024-01-26 08:35:31,223] Trial 399 finished with value: 0.19028127193450928 and parameters: {'W_layers': 8, 'W_layer_units_exponent_0': 8, 'W_layer_units_exponent_1': 6, 'W_layer_units_exponent_2': 4, 'W_layer_units_exponent_3': 6, 'W_layer_units_exponent_4': 5, 'W_layer_units_exponent_5': 9, 'W_layer_units_exponent_6': 5, 'W_layer_units_exponent_7': 9, 'D_layers': 4, 'D_layer_units_exponent_0': 4, 'D_layer_units_exponent_1': 7, 'D_layer_units_exponent_2': 4, 'D_layer_units_exponent_3': 4, 'D_dagger_layers': 5, 'D_dagger_layer_units_exponent_0': 10, 'D_dagger_layer_units_exponent_1': 7, 'D_dagger_layer_units_exponent_2': 9, 'D_dagger_layer_units_exponent_3': 10, 'D_dagger_layer_units_exponent_4': 4, 'log_learning_rate': -3.792104278608731, 'log_learning_rate_D': -4.902902339378384, 'log_learning_rate_D_dagger': -4.934369191842343, 'training_batch_size': 9, 'training_p': 2}. Best is trial 395 with value: 0.16531814634799957.
Time for this trial:  24.38766312599182
Memory status after this trial: 
Memory allocated:  849.63623046875
Memory cached:  896.0
