[I 2024-02-18 05:36:28,069] Trial 0 finished with value: 0.31312718987464905 and parameters: {'W_layers': 6, 'W_layer_units_exponent_0': 6, 'W_layer_units_exponent_1': 9, 'W_layer_units_exponent_2': 10, 'W_layer_units_exponent_3': 5, 'W_layer_units_exponent_4': 7, 'W_layer_units_exponent_5': 8, 'D_layers': 5, 'D_layer_units_exponent_0': 7, 'D_layer_units_exponent_1': 8, 'D_layer_units_exponent_2': 10, 'D_layer_units_exponent_3': 6, 'D_layer_units_exponent_4': 10, 'D_dagger_layers': 4, 'D_dagger_layer_units_exponent_0': 7, 'D_dagger_layer_units_exponent_1': 8, 'D_dagger_layer_units_exponent_2': 4, 'D_dagger_layer_units_exponent_3': 9, 'log_learning_rate': -4.086407657429528, 'log_learning_rate_D': -3.0708861085020724, 'log_learning_rate_D_dagger': -4.337692509798745, 'training_batch_size': 6, 'training_p': 3}. Best is trial 0 with value: 0.31312718987464905.
res:  tensor(0.3131, device='cuda:0', grad_fn=<DivBackward0>)
self.bestValue:  10000000.0
Save this model!
Time for this trial:  32.28745222091675
Memory status after this trial: 
Memory allocated:  621.2587890625
Memory cached:  652.0
--------------------  Trial  1   --------------------
Start timing: 
Parameters: 
{'W_layers': 5, 'W_layer_units_exponent_0': 7, 'W_layer_units_exponent_1': 7, 'W_layer_units_exponent_2': 5, 'W_layer_units_exponent_3': 9, 'W_layer_units_exponent_4': 5, 'D_layers': 8, 'D_layer_units_exponent_0': 9, 'D_layer_units_exponent_1': 5, 'D_layer_units_exponent_2': 6, 'D_layer_units_exponent_3': 5, 'D_layer_units_exponent_4': 4, 'D_layer_units_exponent_5': 5, 'D_layer_units_exponent_6': 5, 'D_layer_units_exponent_7': 5, 'D_dagger_layers': 2, 'D_dagger_layer_units_exponent_0': 9, 'D_dagger_layer_units_exponent_1': 4, 'log_learning_rate': -3.860086686787094, 'log_learning_rate_D': -4.623977413583166, 'log_learning_rate_D_dagger': -2.024251491244828, 'training_batch_size': 8, 'training_p': 6}
	 epoch  0 training error:  tensor(1.4216, device='cuda:0', grad_fn=<DivBackward0>)
Memory status after this epoch: 
Memory allocated:  622.35693359375
Memory cached:  654.0
	 epoch  10 training error:  tensor(0.5662, device='cuda:0', grad_fn=<DivBackward0>)
Memory status after this epoch: 
Memory allocated:  622.35693359375
Memory cached:  654.0
	 epoch  20 training error:  tensor(0.5230, device='cuda:0', grad_fn=<DivBackward0>)
Memory status after this epoch: 
Memory allocated:  622.35693359375
Memory cached:  654.0
	 epoch  30 training error:  tensor(0.5088, device='cuda:0', grad_fn=<DivBackward0>)
Memory status after this epoch: 
Memory allocated:  622.35693359375
Memory cached:  654.0
	 epoch  40 training error:  tensor(0.5143, device='cuda:0', grad_fn=<DivBackward0>)
Memory status after this epoch: 
Memory allocated:  622.35693359375
Memory cached:  654.0
	 epoch  50 training error:  tensor(0.5118, device='cuda:0', grad_fn=<DivBackward0>)
Memory status after this epoch: 
Memory allocated:  622.35693359375
Memory cached:  654.0
	 epoch  60 training error:  tensor(0.5184, device='cuda:0', grad_fn=<DivBackward0>)
Memory status after this epoch: 
Memory allocated:  622.35693359375
Memory cached:  654.0
	 epoch  70 training error:  tensor(0.5030, device='cuda:0', grad_fn=<DivBackward0>)
Memory status after this epoch: 
Memory allocated:  622.35693359375
Memory cached:  654.0
	 epoch  80 training error:  tensor(0.5164, device='cuda:0', grad_fn=<DivBackward0>)
Memory status after this epoch: 
Memory allocated:  622.35693359375
Memory cached:  654.0
	 epoch  90 training error:  tensor(0.5188, device='cuda:0', grad_fn=<DivBackward0>)
Memory status after this epoch: 
Memory allocated:  622.35693359375
Memory cached:  654.0
[I 2024-02-18 05:37:24,903] Trial 1 finished with value: 0.36381563544273376 and parameters: {'W_layers': 5, 'W_layer_units_exponent_0': 7, 'W_layer_units_exponent_1': 7, 'W_layer_units_exponent_2': 5, 'W_layer_units_exponent_3': 9, 'W_layer_units_exponent_4': 5, 'D_layers': 8, 'D_layer_units_exponent_0': 9, 'D_layer_units_exponent_1': 5, 'D_layer_units_exponent_2': 6, 'D_layer_units_exponent_3': 5, 'D_layer_units_exponent_4': 4, 'D_layer_units_exponent_5': 5, 'D_layer_units_exponent_6': 5, 'D_layer_units_exponent_7': 5, 'D_dagger_layers': 2, 'D_dagger_layer_units_exponent_0': 9, 'D_dagger_layer_units_exponent_1': 4, 'log_learning_rate': -3.860086686787094, 'log_learning_rate_D': -4.623977413583166, 'log_learning_rate_D_dagger': -2.024251491244828, 'training_batch_size': 8, 'training_p': 6}. Best is trial 0 with value: 0.31312718987464905.
Time for this trial:  56.58091616630554
Memory status after this trial: 
Memory allocated:  917.62158203125
Memory cached:  938.0
--------------------  Trial  2   --------------------
Start timing: 
Parameters: 
{'W_layers': 8, 'W_layer_units_exponent_0': 4, 'W_layer_units_exponent_1': 4, 'W_layer_units_exponent_2': 5, 'W_layer_units_exponent_3': 4, 'W_layer_units_exponent_4': 7, 'W_layer_units_exponent_5': 10, 'W_layer_units_exponent_6': 8, 'W_layer_units_exponent_7': 10, 'D_layers': 5, 'D_layer_units_exponent_0': 6, 'D_layer_units_exponent_1': 10, 'D_layer_units_exponent_2': 9, 'D_layer_units_exponent_3': 4, 'D_layer_units_exponent_4': 7, 'D_dagger_layers': 8, 'D_dagger_layer_units_exponent_0': 5, 'D_dagger_layer_units_exponent_1': 9, 'D_dagger_layer_units_exponent_2': 4, 'D_dagger_layer_units_exponent_3': 6, 'D_dagger_layer_units_exponent_4': 9, 'D_dagger_layer_units_exponent_5': 9, 'D_dagger_layer_units_exponent_6': 5, 'D_dagger_layer_units_exponent_7': 10, 'log_learning_rate': -3.798468368151229, 'log_learning_rate_D': -1.9425740820993416, 'log_learning_rate_D_dagger': -4.620976336879728, 'training_batch_size': 9, 'training_p': 2}
	 epoch  0 training error:  tensor(0.9958, device='cuda:0', grad_fn=<DivBackward0>)
Memory status after this epoch: 
Memory allocated:  640.01318359375
Memory cached:  666.0
	 epoch  10 training error:  tensor(0.4791, device='cuda:0', grad_fn=<DivBackward0>)
Memory status after this epoch: 
Memory allocated:  640.01318359375
Memory cached:  666.0
	 epoch  20 training error:  tensor(0.4617, device='cuda:0', grad_fn=<DivBackward0>)
Memory status after this epoch: 
Memory allocated:  640.01318359375
Memory cached:  666.0
	 epoch  30 training error:  tensor(0.4650, device='cuda:0', grad_fn=<DivBackward0>)
Memory status after this epoch: 
Memory allocated:  640.01318359375
Memory cached:  666.0
	 epoch  40 training error:  tensor(0.4426, device='cuda:0', grad_fn=<DivBackward0>)
Memory status after this epoch: 
Memory allocated:  640.01318359375
Memory cached:  666.0
	 epoch  50 training error:  tensor(0.4239, device='cuda:0', grad_fn=<DivBackward0>)
Memory status after this epoch: 
Memory allocated:  640.01318359375
Memory cached:  666.0
	 epoch  60 training error:  tensor(0.3893, device='cuda:0', grad_fn=<DivBackward0>)
Memory status after this epoch: 
Memory allocated:  640.01318359375
Memory cached:  666.0
	 epoch  70 training error:  tensor(0.3377, device='cuda:0', grad_fn=<DivBackward0>)
Memory status after this epoch: 
Memory allocated:  640.01318359375
Memory cached:  666.0
	 epoch  80 training error:  tensor(0.3013, device='cuda:0', grad_fn=<DivBackward0>)
Memory status after this epoch: 
Memory allocated:  640.01318359375
Memory cached:  666.0
	 epoch  90 training error:  tensor(0.3017, device='cuda:0', grad_fn=<DivBackward0>)
Memory status after this epoch: 
Memory allocated:  640.01318359375
Memory cached:  666.0
[I 2024-02-18 05:37:58,786] Trial 2 finished with value: 0.3099179267883301 and parameters: {'W_layers': 8, 'W_layer_units_exponent_0': 4, 'W_layer_units_exponent_1': 4, 'W_layer_units_exponent_2': 5, 'W_layer_units_exponent_3': 4, 'W_layer_units_exponent_4': 7, 'W_layer_units_exponent_5': 10, 'W_layer_units_exponent_6': 8, 'W_layer_units_exponent_7': 10, 'D_layers': 5, 'D_layer_units_exponent_0': 6, 'D_layer_units_exponent_1': 10, 'D_layer_units_exponent_2': 9, 'D_layer_units_exponent_3': 4, 'D_layer_units_exponent_4': 7, 'D_dagger_layers': 8, 'D_dagger_layer_units_exponent_0': 5, 'D_dagger_layer_units_exponent_1': 9, 'D_dagger_layer_units_exponent_2': 4, 'D_dagger_layer_units_exponent_3': 6, 'D_dagger_layer_units_exponent_4': 9, 'D_dagger_layer_units_exponent_5': 9, 'D_dagger_layer_units_exponent_6': 5, 'D_dagger_layer_units_exponent_7': 10, 'log_learning_rate': -3.798468368151229, 'log_learning_rate_D': -1.9425740820993416, 'log_learning_rate_D_dagger': -4.620976336879728, 'training_batch_size': 9, 'training_p': 2}. Best is trial 2 with value: 0.3099179267883301.
res:  tensor(0.3099, device='cuda:0', grad_fn=<DivBackward0>)
self.bestValue:  tensor(0.3131, device='cuda:0', grad_fn=<DivBackward0>)
Save this model!
Time for this trial:  33.59118056297302
Memory status after this trial: 
Memory allocated:  1083.6552734375
Memory cached:  1168.0
--------------------  Trial  3   --------------------
Start timing: 
Parameters: 
{'W_layers': 2, 'W_layer_units_exponent_0': 9, 'W_layer_units_exponent_1': 10, 'D_layers': 3, 'D_layer_units_exponent_0': 8, 'D_layer_units_exponent_1': 5, 'D_layer_units_exponent_2': 8, 'D_dagger_layers': 3, 'D_dagger_layer_units_exponent_0': 6, 'D_dagger_layer_units_exponent_1': 10, 'D_dagger_layer_units_exponent_2': 6, 'log_learning_rate': -4.717361273503293, 'log_learning_rate_D': -1.56611245717174, 'log_learning_rate_D_dagger': -4.937582322866437, 'training_batch_size': 9, 'training_p': 6}
	 epoch  0 training error:  tensor(0.8320, device='cuda:0', grad_fn=<DivBackward0>)
Memory status after this epoch: 
Memory allocated:  1094.4306640625
Memory cached:  1166.0
	 epoch  10 training error:  tensor(0.5950, device='cuda:0', grad_fn=<DivBackward0>)
Memory status after this epoch: 
Memory allocated:  1094.4306640625
Memory cached:  1166.0
	 epoch  20 training error:  tensor(0.5459, device='cuda:0', grad_fn=<DivBackward0>)
Memory status after this epoch: 
Memory allocated:  1094.4306640625
Memory cached:  1166.0
	 epoch  30 training error:  tensor(0.5429, device='cuda:0', grad_fn=<DivBackward0>)
Memory status after this epoch: 
Memory allocated:  1094.4306640625
Memory cached:  1166.0
	 epoch  40 training error:  tensor(0.5350, device='cuda:0', grad_fn=<DivBackward0>)
Memory status after this epoch: 
Memory allocated:  1094.4306640625
Memory cached:  1166.0
	 epoch  50 training error:  tensor(0.5217, device='cuda:0', grad_fn=<DivBackward0>)
Memory status after this epoch: 
Memory allocated:  1094.4306640625
Memory cached:  1166.0
	 epoch  60 training error:  tensor(0.5149, device='cuda:0', grad_fn=<DivBackward0>)
Memory status after this epoch: 
Memory allocated:  1094.4306640625
Memory cached:  1166.0
	 epoch  70 training error:  tensor(0.5146, device='cuda:0', grad_fn=<DivBackward0>)
Memory status after this epoch: 
Memory allocated:  1094.4306640625
Memory cached:  1166.0
	 epoch  80 training error:  tensor(0.5140, device='cuda:0', grad_fn=<DivBackward0>)
Memory status after this epoch: 
Memory allocated:  1094.4306640625
Memory cached:  1166.0
	 epoch  90 training error:  tensor(0.5076, device='cuda:0', grad_fn=<DivBackward0>)
Memory status after this epoch: 
Memory allocated:  1094.4306640625
Memory cached:  1166.0
[I 2024-02-18 05:38:20,508] Trial 3 finished with value: 0.3994746208190918 and parameters: {'W_layers': 2, 'W_layer_units_exponent_0': 9, 'W_layer_units_exponent_1': 10, 'D_layers': 3, 'D_layer_units_exponent_0': 8, 'D_layer_units_exponent_1': 5, 'D_layer_units_exponent_2': 8, 'D_dagger_layers': 3, 'D_dagger_layer_units_exponent_0': 6, 'D_dagger_layer_units_exponent_1': 10, 'D_dagger_layer_units_exponent_2': 6, 'log_learning_rate': -4.717361273503293, 'log_learning_rate_D': -1.56611245717174, 'log_learning_rate_D_dagger': -4.937582322866437, 'training_batch_size': 9, 'training_p': 6}. Best is trial 2 with value: 0.3099179267883301.
Time for this trial:  21.50477361679077
Memory status after this trial: 
Memory allocated:  1643.68994140625
Memory cached:  1686.0
--------------------  Trial  4   --------------------
Start timing: 
Parameters: 
{'W_layers': 5, 'W_layer_units_exponent_0': 8, 'W_layer_units_exponent_1': 9, 'W_layer_units_exponent_2': 10, 'W_layer_units_exponent_3': 8, 'W_layer_units_exponent_4': 6, 'D_layers': 7, 'D_layer_units_exponent_0': 4, 'D_layer_units_exponent_1': 7, 'D_layer_units_exponent_2': 4, 'D_layer_units_exponent_3': 10, 'D_layer_units_exponent_4': 8, 'D_layer_units_exponent_5': 7, 'D_layer_units_exponent_6': 5, 'D_dagger_layers': 2, 'D_dagger_layer_units_exponent_0': 4, 'D_dagger_layer_units_exponent_1': 9, 'log_learning_rate': -1.485231491376882, 'log_learning_rate_D': -3.7001688262940995, 'log_learning_rate_D_dagger': -1.337019846432006, 'training_batch_size': 7, 'training_p': 3}
	 epoch  0 training error:  tensor(64.6022, device='cuda:0', grad_fn=<DivBackward0>)
Memory status after this epoch: 
Memory allocated:  1099.85693359375
Memory cached:  1182.0
	 epoch  10 training error:  tensor(36.4410, device='cuda:0', grad_fn=<DivBackward0>)
Memory status after this epoch: 
Memory allocated:  1099.85693359375
Memory cached:  1182.0
	 epoch  20 training error:  tensor(5.1113, device='cuda:0', grad_fn=<DivBackward0>)
Memory status after this epoch: 
Memory allocated:  1099.85693359375
Memory cached:  1182.0
	 epoch  30 training error:  tensor(0.4999, device='cuda:0', grad_fn=<DivBackward0>)
Memory status after this epoch: 
Memory allocated:  1099.85693359375
Memory cached:  1182.0
	 epoch  40 training error:  tensor(0.3893, device='cuda:0', grad_fn=<DivBackward0>)
Memory status after this epoch: 
Memory allocated:  1099.85693359375
Memory cached:  1182.0
	 epoch  50 training error:  tensor(0.3721, device='cuda:0', grad_fn=<DivBackward0>)
Memory status after this epoch: 
Memory allocated:  1099.85693359375
Memory cached:  1182.0
	 epoch  60 training error:  tensor(0.3780, device='cuda:0', grad_fn=<DivBackward0>)
Memory status after this epoch: 
Memory allocated:  1099.85693359375
Memory cached:  1182.0
	 epoch  70 training error:  tensor(0.3746, device='cuda:0', grad_fn=<DivBackward0>)
Memory status after this epoch: 
Memory allocated:  1099.85693359375
Memory cached:  1182.0
	 epoch  80 training error:  tensor(0.3781, device='cuda:0', grad_fn=<DivBackward0>)
Memory status after this epoch: 
Memory allocated:  1099.85693359375
Memory cached:  1182.0
	 epoch  90 training error:  tensor(0.3841, device='cuda:0', grad_fn=<DivBackward0>)
Memory status after this epoch: 
Memory allocated:  1099.85693359375
Memory cached:  1182.0
[I 2024-02-18 05:39:31,627] Trial 4 finished with value: 0.33660751581192017 and parameters: {'W_layers': 5, 'W_layer_units_exponent_0': 8, 'W_layer_units_exponent_1': 9, 'W_layer_units_exponent_2': 10, 'W_layer_units_exponent_3': 8, 'W_layer_units_exponent_4': 6, 'D_layers': 7, 'D_layer_units_exponent_0': 4, 'D_layer_units_exponent_1': 7, 'D_layer_units_exponent_2': 4, 'D_layer_units_exponent_3': 10, 'D_layer_units_exponent_4': 8, 'D_layer_units_exponent_5': 7, 'D_layer_units_exponent_6': 5, 'D_dagger_layers': 2, 'D_dagger_layer_units_exponent_0': 4, 'D_dagger_layer_units_exponent_1': 9, 'log_learning_rate': -1.485231491376882, 'log_learning_rate_D': -3.7001688262940995, 'log_learning_rate_D_dagger': -1.337019846432006, 'training_batch_size': 7, 'training_p': 3}. Best is trial 2 with value: 0.3099179267883301.
Time for this trial:  70.88272905349731
Memory status after this trial: 
Memory allocated:  1649.93017578125
Memory cached:  1690.0
--------------------  Trial  5   --------------------
Start timing: 
Parameters: 
{'W_layers': 5, 'W_layer_units_exponent_0': 4, 'W_layer_units_exponent_1': 4, 'W_layer_units_exponent_2': 5, 'W_layer_units_exponent_3': 6, 'W_layer_units_exponent_4': 7, 'D_layers': 2, 'D_layer_units_exponent_0': 8, 'D_layer_units_exponent_1': 7, 'D_dagger_layers': 8, 'D_dagger_layer_units_exponent_0': 4, 'D_dagger_layer_units_exponent_1': 6, 'D_dagger_layer_units_exponent_2': 5, 'D_dagger_layer_units_exponent_3': 5, 'D_dagger_layer_units_exponent_4': 4, 'D_dagger_layer_units_exponent_5': 5, 'D_dagger_layer_units_exponent_6': 10, 'D_dagger_layer_units_exponent_7': 6, 'log_learning_rate': -1.5992804204076094, 'log_learning_rate_D': -3.16095204505395, 'log_learning_rate_D_dagger': -1.6119534687425898, 'training_batch_size': 9, 'training_p': 2}
	 epoch  0 training error:  tensor(1.0139, device='cuda:0', grad_fn=<DivBackward0>)
Memory status after this epoch: 
Memory allocated:  1085.69873046875
Memory cached:  1166.0
	 epoch  10 training error:  tensor(0.4459, device='cuda:0', grad_fn=<DivBackward0>)
Memory status after this epoch: 
Memory allocated:  1085.69873046875
Memory cached:  1166.0
	 epoch  20 training error:  tensor(0.4681, device='cuda:0', grad_fn=<DivBackward0>)
Memory status after this epoch: 
Memory allocated:  1085.69873046875
Memory cached:  1166.0
	 epoch  30 training error:  tensor(0.3962, device='cuda:0', grad_fn=<DivBackward0>)
Memory status after this epoch: 
Memory allocated:  1085.69873046875
Memory cached:  1166.0
	 epoch  40 training error:  tensor(0.2913, device='cuda:0', grad_fn=<DivBackward0>)
Memory status after this epoch: 
Memory allocated:  1085.69873046875
Memory cached:  1166.0
	 epoch  50 training error:  tensor(0.3148, device='cuda:0', grad_fn=<DivBackward0>)
Memory status after this epoch: 
Memory allocated:  1085.69873046875
Memory cached:  1166.0
	 epoch  60 training error:  tensor(0.3151, device='cuda:0', grad_fn=<DivBackward0>)
Memory status after this epoch: 
Memory allocated:  1085.69873046875
Memory cached:  1166.0
	 epoch  70 training error:  tensor(0.3065, device='cuda:0', grad_fn=<DivBackward0>)
Memory status after this epoch: 
Memory allocated:  1085.69873046875
Memory cached:  1166.0
	 epoch  80 training error:  tensor(0.2979, device='cuda:0', grad_fn=<DivBackward0>)
Memory status after this epoch: 
Memory allocated:  1085.69873046875
Memory cached:  1166.0
	 epoch  90 training error:  tensor(0.3182, device='cuda:0', grad_fn=<DivBackward0>)
Memory status after this epoch: 
Memory allocated:  1085.69873046875
Memory cached:  1166.0
[I 2024-02-18 05:39:53,567] Trial 5 finished with value: 0.31114131212234497 and parameters: {'W_layers': 5, 'W_layer_units_exponent_0': 4, 'W_layer_units_exponent_1': 4, 'W_layer_units_exponent_2': 5, 'W_layer_units_exponent_3': 6, 'W_layer_units_exponent_4': 7, 'D_layers': 2, 'D_layer_units_exponent_0': 8, 'D_layer_units_exponent_1': 7, 'D_dagger_layers': 8, 'D_dagger_layer_units_exponent_0': 4, 'D_dagger_layer_units_exponent_1': 6, 'D_dagger_layer_units_exponent_2': 5, 'D_dagger_layer_units_exponent_3': 5, 'D_dagger_layer_units_exponent_4': 4, 'D_dagger_layer_units_exponent_5': 5, 'D_dagger_layer_units_exponent_6': 10, 'D_dagger_layer_units_exponent_7': 6, 'log_learning_rate': -1.5992804204076094, 'log_learning_rate_D': -3.16095204505395, 'log_learning_rate_D_dagger': -1.6119534687425898, 'training_batch_size': 9, 'training_p': 2}. Best is trial 2 with value: 0.3099179267883301.
Time for this trial:  21.676850080490112
Memory status after this trial: 
Memory allocated:  1414.84814453125
Memory cached:  1446.0
--------------------  Trial  6   --------------------
Start timing: 
Parameters: 
{'W_layers': 2, 'W_layer_units_exponent_0': 5, 'W_layer_units_exponent_1': 5, 'D_layers': 2, 'D_layer_units_exponent_0': 9, 'D_layer_units_exponent_1': 7, 'D_dagger_layers': 4, 'D_dagger_layer_units_exponent_0': 10, 'D_dagger_layer_units_exponent_1': 6, 'D_dagger_layer_units_exponent_2': 4, 'D_dagger_layer_units_exponent_3': 4, 'log_learning_rate': -4.704901752428523, 'log_learning_rate_D': -3.153351953283304, 'log_learning_rate_D_dagger': -4.544196720994297, 'training_batch_size': 6, 'training_p': 4}
	 epoch  0 training error:  tensor(1.1911, device='cuda:0', grad_fn=<DivBackward0>)
Memory status after this epoch: 
Memory allocated:  1085.01611328125
Memory cached:  1166.0
	 epoch  10 training error:  tensor(0.6625, device='cuda:0', grad_fn=<DivBackward0>)
Memory status after this epoch: 
Memory allocated:  1085.01611328125
Memory cached:  1166.0
	 epoch  20 training error:  tensor(0.4308, device='cuda:0', grad_fn=<DivBackward0>)
Memory status after this epoch: 
Memory allocated:  1085.01611328125
Memory cached:  1166.0
	 epoch  30 training error:  tensor(0.4282, device='cuda:0', grad_fn=<DivBackward0>)
Memory status after this epoch: 
Memory allocated:  1085.01611328125
Memory cached:  1166.0
	 epoch  40 training error:  tensor(0.4277, device='cuda:0', grad_fn=<DivBackward0>)
Memory status after this epoch: 
Memory allocated:  1085.01611328125
Memory cached:  1166.0
	 epoch  50 training error:  tensor(0.4268, device='cuda:0', grad_fn=<DivBackward0>)
Memory status after this epoch: 
Memory allocated:  1085.01611328125
Memory cached:  1166.0
	 epoch  60 training error:  tensor(0.4271, device='cuda:0', grad_fn=<DivBackward0>)
Memory status after this epoch: 
Memory allocated:  1085.01611328125
Memory cached:  1166.0
	 epoch  70 training error:  tensor(0.4267, device='cuda:0', grad_fn=<DivBackward0>)
Memory status after this epoch: 
Memory allocated:  1085.01611328125
Memory cached:  1166.0
	 epoch  80 training error:  tensor(0.4264, device='cuda:0', grad_fn=<DivBackward0>)
Memory status after this epoch: 
Memory allocated:  1085.01611328125
Memory cached:  1166.0
	 epoch  90 training error:  tensor(0.4264, device='cuda:0', grad_fn=<DivBackward0>)
Memory status after this epoch: 
Memory allocated:  1085.01611328125
Memory cached:  1166.0
