[I 2023-12-02 22:46:11,229] Trial 13 finished with value: 0.06987134367227554 and parameters: {'W_layers': 8, 'W_layer_units_exponent_0': 8, 'W_layer_units_exponent_1': 8, 'W_layer_units_exponent_2': 6, 'W_layer_units_exponent_3': 9, 'W_layer_units_exponent_4': 6, 'W_layer_units_exponent_5': 8, 'W_layer_units_exponent_6': 4, 'W_layer_units_exponent_7': 4, 'D_layers': 3, 'D_layer_units_exponent_0': 9, 'D_layer_units_exponent_1': 9, 'D_layer_units_exponent_2': 4, 'log_learning_rate': -2.174867881393798, 'log_learning_rate_D': -3.754956977879038, 'training_batch_size': 8, 'training_p': 6}. Best is trial 10 with value: 0.06874288618564606.
Time for this trial:  12.971530199050903
Memory status after this trial: 
Memory allocated:  74.96533203125
Memory cached:  98.0
--------------------  Trial  14   --------------------
Start timing: 
Parameters: 
{'W_layers': 7, 'W_layer_units_exponent_0': 7, 'W_layer_units_exponent_1': 7, 'W_layer_units_exponent_2': 6, 'W_layer_units_exponent_3': 9, 'W_layer_units_exponent_4': 4, 'W_layer_units_exponent_5': 6, 'W_layer_units_exponent_6': 7, 'D_layers': 3, 'D_layer_units_exponent_0': 10, 'D_layer_units_exponent_1': 9, 'D_layer_units_exponent_2': 10, 'log_learning_rate': -2.9367948445982877, 'log_learning_rate_D': -4.542179091853436, 'training_batch_size': 7, 'training_p': 3}
	 epoch  0 training error:  tensor(1.6326, device='cuda:0', grad_fn=<DivBackward0>)
Memory status after this epoch: 
Memory allocated:  45.17626953125
Memory cached:  98.0
	 epoch  10 training error:  tensor(0.2134, device='cuda:0', grad_fn=<DivBackward0>)
Memory status after this epoch: 
Memory allocated:  45.17626953125
Memory cached:  98.0
	 epoch  20 training error:  tensor(0.1134, device='cuda:0', grad_fn=<DivBackward0>)
Memory status after this epoch: 
Memory allocated:  45.17626953125
Memory cached:  98.0
	 epoch  30 training error:  tensor(0.0886, device='cuda:0', grad_fn=<DivBackward0>)
Memory status after this epoch: 
Memory allocated:  45.17626953125
Memory cached:  98.0
	 epoch  40 training error:  tensor(0.0830, device='cuda:0', grad_fn=<DivBackward0>)
Memory status after this epoch: 
Memory allocated:  45.17626953125
Memory cached:  98.0
	 epoch  50 training error:  tensor(0.0779, device='cuda:0', grad_fn=<DivBackward0>)
Memory status after this epoch: 
Memory allocated:  45.17626953125
Memory cached:  98.0
	 epoch  60 training error:  tensor(0.0753, device='cuda:0', grad_fn=<DivBackward0>)
Memory status after this epoch: 
Memory allocated:  45.17626953125
Memory cached:  98.0
	 epoch  70 training error:  tensor(0.0730, device='cuda:0', grad_fn=<DivBackward0>)
Memory status after this epoch: 
Memory allocated:  45.17626953125
Memory cached:  98.0
	 epoch  80 training error:  tensor(0.0718, device='cuda:0', grad_fn=<DivBackward0>)
Memory status after this epoch: 
Memory allocated:  45.17626953125
Memory cached:  98.0
	 epoch  90 training error:  tensor(0.0707, device='cuda:0', grad_fn=<DivBackward0>)
Memory status after this epoch: 
Memory allocated:  45.17626953125
Memory cached:  98.0
[I 2023-12-02 22:46:24,243] Trial 14 finished with value: 0.06846974045038223 and parameters: {'W_layers': 7, 'W_layer_units_exponent_0': 7, 'W_layer_units_exponent_1': 7, 'W_layer_units_exponent_2': 6, 'W_layer_units_exponent_3': 9, 'W_layer_units_exponent_4': 4, 'W_layer_units_exponent_5': 6, 'W_layer_units_exponent_6': 7, 'D_layers': 3, 'D_layer_units_exponent_0': 10, 'D_layer_units_exponent_1': 9, 'D_layer_units_exponent_2': 10, 'log_learning_rate': -2.9367948445982877, 'log_learning_rate_D': -4.542179091853436, 'training_batch_size': 7, 'training_p': 3}. Best is trial 14 with value: 0.06846974045038223.
res:  tensor(0.0685, device='cuda:0', grad_fn=<DivBackward0>)
self.bestValue:  tensor(0.0687, device='cuda:0', grad_fn=<DivBackward0>)
Save this model!
Time for this trial:  12.82456374168396
Memory status after this trial: 
Memory allocated:  24.8974609375
Memory cached:  62.0
--------------------  Trial  15   --------------------
Start timing: 
Parameters: 
{'W_layers': 7, 'W_layer_units_exponent_0': 7, 'W_layer_units_exponent_1': 9, 'W_layer_units_exponent_2': 6, 'W_layer_units_exponent_3': 8, 'W_layer_units_exponent_4': 4, 'W_layer_units_exponent_5': 6, 'W_layer_units_exponent_6': 6, 'D_layers': 3, 'D_layer_units_exponent_0': 10, 'D_layer_units_exponent_1': 9, 'D_layer_units_exponent_2': 10, 'log_learning_rate': -3.547705673942776, 'log_learning_rate_D': -4.959163251154325, 'training_batch_size': 7, 'training_p': 3}
	 epoch  0 training error:  tensor(0.4299, device='cuda:0', grad_fn=<DivBackward0>)
Memory status after this epoch: 
Memory allocated:  30.86572265625
Memory cached:  62.0
	 epoch  10 training error:  tensor(0.1429, device='cuda:0', grad_fn=<DivBackward0>)
Memory status after this epoch: 
Memory allocated:  30.86572265625
Memory cached:  62.0
	 epoch  20 training error:  tensor(0.0826, device='cuda:0', grad_fn=<DivBackward0>)
Memory status after this epoch: 
Memory allocated:  30.86572265625
Memory cached:  62.0
	 epoch  30 training error:  tensor(0.0869, device='cuda:0', grad_fn=<DivBackward0>)
Memory status after this epoch: 
Memory allocated:  30.86572265625
Memory cached:  62.0
	 epoch  40 training error:  tensor(0.0818, device='cuda:0', grad_fn=<DivBackward0>)
Memory status after this epoch: 
Memory allocated:  30.86572265625
Memory cached:  62.0
	 epoch  50 training error:  tensor(0.0790, device='cuda:0', grad_fn=<DivBackward0>)
Memory status after this epoch: 
Memory allocated:  30.86572265625
Memory cached:  62.0
	 epoch  60 training error:  tensor(0.0772, device='cuda:0', grad_fn=<DivBackward0>)
Memory status after this epoch: 
Memory allocated:  30.86572265625
Memory cached:  62.0
	 epoch  70 training error:  tensor(0.0758, device='cuda:0', grad_fn=<DivBackward0>)
Memory status after this epoch: 
Memory allocated:  30.86572265625
Memory cached:  62.0
	 epoch  80 training error:  tensor(0.0747, device='cuda:0', grad_fn=<DivBackward0>)
Memory status after this epoch: 
Memory allocated:  30.86572265625
Memory cached:  62.0
	 epoch  90 training error:  tensor(0.0736, device='cuda:0', grad_fn=<DivBackward0>)
Memory status after this epoch: 
Memory allocated:  30.86572265625
Memory cached:  62.0
[I 2023-12-02 22:46:37,332] Trial 15 finished with value: 0.07413072884082794 and parameters: {'W_layers': 7, 'W_layer_units_exponent_0': 7, 'W_layer_units_exponent_1': 9, 'W_layer_units_exponent_2': 6, 'W_layer_units_exponent_3': 8, 'W_layer_units_exponent_4': 4, 'W_layer_units_exponent_5': 6, 'W_layer_units_exponent_6': 6, 'D_layers': 3, 'D_layer_units_exponent_0': 10, 'D_layer_units_exponent_1': 9, 'D_layer_units_exponent_2': 10, 'log_learning_rate': -3.547705673942776, 'log_learning_rate_D': -4.959163251154325, 'training_batch_size': 7, 'training_p': 3}. Best is trial 14 with value: 0.06846974045038223.
Time for this trial:  12.912562131881714
Memory status after this trial: 
Memory allocated:  51.54150390625
Memory cached:  62.0
--------------------  Trial  16   --------------------
Start timing: 
Parameters: 
{'W_layers': 5, 'W_layer_units_exponent_0': 5, 'W_layer_units_exponent_1': 7, 'W_layer_units_exponent_2': 8, 'W_layer_units_exponent_3': 9, 'W_layer_units_exponent_4': 4, 'D_layers': 2, 'D_layer_units_exponent_0': 7, 'D_layer_units_exponent_1': 8, 'log_learning_rate': -2.798076608722433, 'log_learning_rate_D': -3.826211983618313, 'training_batch_size': 7, 'training_p': 3}
	 epoch  0 training error:  tensor(0.5466, device='cuda:0', grad_fn=<DivBackward0>)
Memory status after this epoch: 
Memory allocated:  27.7666015625
Memory cached:  62.0
	 epoch  10 training error:  tensor(0.3743, device='cuda:0', grad_fn=<DivBackward0>)
Memory status after this epoch: 
Memory allocated:  27.7666015625
Memory cached:  62.0
	 epoch  20 training error:  tensor(0.1573, device='cuda:0', grad_fn=<DivBackward0>)
Memory status after this epoch: 
Memory allocated:  27.7666015625
Memory cached:  62.0
	 epoch  30 training error:  tensor(0.0841, device='cuda:0', grad_fn=<DivBackward0>)
Memory status after this epoch: 
Memory allocated:  27.7666015625
Memory cached:  62.0
	 epoch  40 training error:  tensor(0.0843, device='cuda:0', grad_fn=<DivBackward0>)
Memory status after this epoch: 
Memory allocated:  27.7666015625
Memory cached:  62.0
	 epoch  50 training error:  tensor(0.0764, device='cuda:0', grad_fn=<DivBackward0>)
Memory status after this epoch: 
Memory allocated:  27.7666015625
Memory cached:  62.0
	 epoch  60 training error:  tensor(0.0747, device='cuda:0', grad_fn=<DivBackward0>)
Memory status after this epoch: 
Memory allocated:  27.7666015625
Memory cached:  62.0
	 epoch  70 training error:  tensor(0.0740, device='cuda:0', grad_fn=<DivBackward0>)
Memory status after this epoch: 
Memory allocated:  27.7666015625
Memory cached:  62.0
	 epoch  80 training error:  tensor(0.0746, device='cuda:0', grad_fn=<DivBackward0>)
Memory status after this epoch: 
Memory allocated:  27.7666015625
Memory cached:  62.0
	 epoch  90 training error:  tensor(0.0745, device='cuda:0', grad_fn=<DivBackward0>)
Memory status after this epoch: 
Memory allocated:  27.7666015625
Memory cached:  62.0
[I 2023-12-02 22:46:50,053] Trial 16 finished with value: 0.07420124858617783 and parameters: {'W_layers': 5, 'W_layer_units_exponent_0': 5, 'W_layer_units_exponent_1': 7, 'W_layer_units_exponent_2': 8, 'W_layer_units_exponent_3': 9, 'W_layer_units_exponent_4': 4, 'D_layers': 2, 'D_layer_units_exponent_0': 7, 'D_layer_units_exponent_1': 8, 'log_learning_rate': -2.798076608722433, 'log_learning_rate_D': -3.826211983618313, 'training_batch_size': 7, 'training_p': 3}. Best is trial 14 with value: 0.06846974045038223.
Time for this trial:  12.536552906036377
Memory status after this trial: 
Memory allocated:  47.89990234375
Memory cached:  62.0
--------------------  Trial  17   --------------------
Start timing: 
Parameters: 
{'W_layers': 7, 'W_layer_units_exponent_0': 5, 'W_layer_units_exponent_1': 7, 'W_layer_units_exponent_2': 6, 'W_layer_units_exponent_3': 8, 'W_layer_units_exponent_4': 6, 'W_layer_units_exponent_5': 9, 'W_layer_units_exponent_6': 9, 'D_layers': 4, 'D_layer_units_exponent_0': 8, 'D_layer_units_exponent_1': 8, 'D_layer_units_exponent_2': 10, 'D_layer_units_exponent_3': 6, 'log_learning_rate': -3.8757471169704116, 'log_learning_rate_D': -4.371889437133465, 'training_batch_size': 7, 'training_p': 4}
	 epoch  0 training error:  tensor(0.9388, device='cuda:0', grad_fn=<DivBackward0>)
Memory status after this epoch: 
Memory allocated:  31.6630859375
Memory cached:  62.0
	 epoch  10 training error:  tensor(0.2491, device='cuda:0', grad_fn=<DivBackward0>)
Memory status after this epoch: 
Memory allocated:  31.6630859375
Memory cached:  62.0
	 epoch  20 training error:  tensor(0.1049, device='cuda:0', grad_fn=<DivBackward0>)
Memory status after this epoch: 
Memory allocated:  31.6630859375
Memory cached:  62.0
	 epoch  30 training error:  tensor(0.0941, device='cuda:0', grad_fn=<DivBackward0>)
Memory status after this epoch: 
Memory allocated:  31.6630859375
Memory cached:  62.0
	 epoch  40 training error:  tensor(0.0984, device='cuda:0', grad_fn=<DivBackward0>)
Memory status after this epoch: 
Memory allocated:  31.6630859375
Memory cached:  62.0
	 epoch  50 training error:  tensor(0.0877, device='cuda:0', grad_fn=<DivBackward0>)
Memory status after this epoch: 
Memory allocated:  31.6630859375
Memory cached:  62.0
	 epoch  60 training error:  tensor(0.0869, device='cuda:0', grad_fn=<DivBackward0>)
Memory status after this epoch: 
Memory allocated:  31.6630859375
Memory cached:  62.0
	 epoch  70 training error:  tensor(0.0872, device='cuda:0', grad_fn=<DivBackward0>)
Memory status after this epoch: 
Memory allocated:  31.6630859375
Memory cached:  62.0
	 epoch  80 training error:  tensor(0.0862, device='cuda:0', grad_fn=<DivBackward0>)
Memory status after this epoch: 
Memory allocated:  31.6630859375
Memory cached:  62.0
	 epoch  90 training error:  tensor(0.0860, device='cuda:0', grad_fn=<DivBackward0>)
Memory status after this epoch: 
Memory allocated:  31.6630859375
Memory cached:  62.0
[I 2023-12-02 22:47:03,606] Trial 17 finished with value: 0.08433093130588531 and parameters: {'W_layers': 7, 'W_layer_units_exponent_0': 5, 'W_layer_units_exponent_1': 7, 'W_layer_units_exponent_2': 6, 'W_layer_units_exponent_3': 8, 'W_layer_units_exponent_4': 6, 'W_layer_units_exponent_5': 9, 'W_layer_units_exponent_6': 9, 'D_layers': 4, 'D_layer_units_exponent_0': 8, 'D_layer_units_exponent_1': 8, 'D_layer_units_exponent_2': 10, 'D_layer_units_exponent_3': 6, 'log_learning_rate': -3.8757471169704116, 'log_learning_rate_D': -4.371889437133465, 'training_batch_size': 7, 'training_p': 4}. Best is trial 14 with value: 0.06846974045038223.
Time for this trial:  13.355863332748413
Memory status after this trial: 
Memory allocated:  63.81494140625
Memory cached:  84.0
--------------------  Trial  18   --------------------
Start timing: 
Parameters: 
{'W_layers': 5, 'W_layer_units_exponent_0': 7, 'W_layer_units_exponent_1': 9, 'W_layer_units_exponent_2': 8, 'W_layer_units_exponent_3': 8, 'W_layer_units_exponent_4': 5, 'D_layers': 3, 'D_layer_units_exponent_0': 10, 'D_layer_units_exponent_1': 9, 'D_layer_units_exponent_2': 9, 'log_learning_rate': -2.9931400156482435, 'log_learning_rate_D': -3.4753092366047507, 'training_batch_size': 6, 'training_p': 4}
	 epoch  0 training error:  tensor(0.5241, device='cuda:0', grad_fn=<DivBackward0>)
Memory status after this epoch: 
Memory allocated:  32.07177734375
Memory cached:  62.0
	 epoch  10 training error:  tensor(0.2424, device='cuda:0', grad_fn=<DivBackward0>)
Memory status after this epoch: 
Memory allocated:  32.07177734375
Memory cached:  62.0
	 epoch  20 training error:  tensor(0.1206, device='cuda:0', grad_fn=<DivBackward0>)
Memory status after this epoch: 
Memory allocated:  32.07177734375
Memory cached:  62.0
	 epoch  30 training error:  tensor(0.0887, device='cuda:0', grad_fn=<DivBackward0>)
Memory status after this epoch: 
Memory allocated:  32.07177734375
Memory cached:  62.0
	 epoch  40 training error:  tensor(0.0832, device='cuda:0', grad_fn=<DivBackward0>)
Memory status after this epoch: 
Memory allocated:  32.07177734375
Memory cached:  62.0
	 epoch  50 training error:  tensor(0.0799, device='cuda:0', grad_fn=<DivBackward0>)
Memory status after this epoch: 
Memory allocated:  32.07177734375
Memory cached:  62.0
	 epoch  60 training error:  tensor(0.0844, device='cuda:0', grad_fn=<DivBackward0>)
Memory status after this epoch: 
Memory allocated:  32.07177734375
Memory cached:  62.0
	 epoch  70 training error:  tensor(0.0784, device='cuda:0', grad_fn=<DivBackward0>)
Memory status after this epoch: 
Memory allocated:  32.07177734375
Memory cached:  62.0
	 epoch  80 training error:  tensor(0.0780, device='cuda:0', grad_fn=<DivBackward0>)
Memory status after this epoch: 
Memory allocated:  32.07177734375
Memory cached:  62.0
	 epoch  90 training error:  tensor(0.0822, device='cuda:0', grad_fn=<DivBackward0>)
Memory status after this epoch: 
Memory allocated:  32.07177734375
Memory cached:  62.0
[I 2023-12-02 22:47:17,555] Trial 18 finished with value: 0.07045003026723862 and parameters: {'W_layers': 5, 'W_layer_units_exponent_0': 7, 'W_layer_units_exponent_1': 9, 'W_layer_units_exponent_2': 8, 'W_layer_units_exponent_3': 8, 'W_layer_units_exponent_4': 5, 'D_layers': 3, 'D_layer_units_exponent_0': 10, 'D_layer_units_exponent_1': 9, 'D_layer_units_exponent_2': 9, 'log_learning_rate': -2.9931400156482435, 'log_learning_rate_D': -3.4753092366047507, 'training_batch_size': 6, 'training_p': 4}. Best is trial 14 with value: 0.06846974045038223.
Time for this trial:  13.75872254371643
Memory status after this trial: 
Memory allocated:  54.48876953125
Memory cached:  82.0
--------------------  Trial  19   --------------------
Start timing: 
Parameters: 
{'W_layers': 6, 'W_layer_units_exponent_0': 5, 'W_layer_units_exponent_1': 9, 'W_layer_units_exponent_2': 4, 'W_layer_units_exponent_3': 6, 'W_layer_units_exponent_4': 4, 'W_layer_units_exponent_5': 6, 'D_layers': 2, 'D_layer_units_exponent_0': 7, 'D_layer_units_exponent_1': 6, 'log_learning_rate': -4.92779801087874, 'log_learning_rate_D': -4.544499219985475, 'training_batch_size': 9, 'training_p': 2}
	 epoch  0 training error:  tensor(0.7893, device='cuda:0', grad_fn=<DivBackward0>)
Memory status after this epoch: 
Memory allocated:  25.40673828125
Memory cached:  62.0
	 epoch  10 training error:  tensor(0.7572, device='cuda:0', grad_fn=<DivBackward0>)
Memory status after this epoch: 
Memory allocated:  25.40673828125
Memory cached:  62.0
	 epoch  20 training error:  tensor(0.7251, device='cuda:0', grad_fn=<DivBackward0>)
Memory status after this epoch: 
Memory allocated:  25.40673828125
Memory cached:  62.0
	 epoch  30 training error:  tensor(0.6928, device='cuda:0', grad_fn=<DivBackward0>)
Memory status after this epoch: 
Memory allocated:  25.40673828125
Memory cached:  62.0
	 epoch  40 training error:  tensor(0.6602, device='cuda:0', grad_fn=<DivBackward0>)
Memory status after this epoch: 
Memory allocated:  25.40673828125
Memory cached:  62.0
	 epoch  50 training error:  tensor(0.6274, device='cuda:0', grad_fn=<DivBackward0>)
Memory status after this epoch: 
Memory allocated:  25.40673828125
Memory cached:  62.0
	 epoch  60 training error:  tensor(0.5941, device='cuda:0', grad_fn=<DivBackward0>)
Memory status after this epoch: 
Memory allocated:  25.40673828125
Memory cached:  62.0
	 epoch  70 training error:  tensor(0.5604, device='cuda:0', grad_fn=<DivBackward0>)
Memory status after this epoch: 
Memory allocated:  25.40673828125
Memory cached:  62.0
	 epoch  80 training error:  tensor(0.5263, device='cuda:0', grad_fn=<DivBackward0>)
Memory status after this epoch: 
Memory allocated:  25.40673828125
Memory cached:  62.0
	 epoch  90 training error:  tensor(0.4916, device='cuda:0', grad_fn=<DivBackward0>)
Memory status after this epoch: 
Memory allocated:  25.40673828125
Memory cached:  62.0
[I 2023-12-02 22:47:30,421] Trial 19 finished with value: 0.44952869415283203 and parameters: {'W_layers': 6, 'W_layer_units_exponent_0': 5, 'W_layer_units_exponent_1': 9, 'W_layer_units_exponent_2': 4, 'W_layer_units_exponent_3': 6, 'W_layer_units_exponent_4': 4, 'W_layer_units_exponent_5': 6, 'D_layers': 2, 'D_layer_units_exponent_0': 7, 'D_layer_units_exponent_1': 6, 'log_learning_rate': -4.92779801087874, 'log_learning_rate_D': -4.544499219985475, 'training_batch_size': 9, 'training_p': 2}. Best is trial 14 with value: 0.06846974045038223.
Time for this trial:  12.683615684509277
Memory status after this trial: 
Memory allocated:  41.27392578125
Memory cached:  62.0
--------------------  Trial  20   --------------------
Start timing: 
Parameters: 
{'W_layers': 7, 'W_layer_units_exponent_0': 6, 'W_layer_units_exponent_1': 7, 'W_layer_units_exponent_2': 8, 'W_layer_units_exponent_3': 9, 'W_layer_units_exponent_4': 6, 'W_layer_units_exponent_5': 6, 'W_layer_units_exponent_6': 5, 'D_layers': 4, 'D_layer_units_exponent_0': 8, 'D_layer_units_exponent_1': 10, 'D_layer_units_exponent_2': 8, 'D_layer_units_exponent_3': 6, 'log_learning_rate': -2.8703746298418196, 'log_learning_rate_D': -4.118564637445272, 'training_batch_size': 7, 'training_p': 3}
	 epoch  0 training error:  tensor(1.1390, device='cuda:0', grad_fn=<DivBackward0>)
Memory status after this epoch: 
Memory allocated:  30.2451171875
Memory cached:  62.0
	 epoch  10 training error:  tensor(0.0978, device='cuda:0', grad_fn=<DivBackward0>)
Memory status after this epoch: 
Memory allocated:  30.2451171875
Memory cached:  62.0
	 epoch  20 training error:  tensor(0.0812, device='cuda:0', grad_fn=<DivBackward0>)
Memory status after this epoch: 
Memory allocated:  30.2451171875
Memory cached:  62.0
	 epoch  30 training error:  tensor(0.0814, device='cuda:0', grad_fn=<DivBackward0>)
Memory status after this epoch: 
Memory allocated:  30.2451171875
Memory cached:  62.0
	 epoch  40 training error:  tensor(0.0769, device='cuda:0', grad_fn=<DivBackward0>)
Memory status after this epoch: 
Memory allocated:  30.2451171875
Memory cached:  62.0
	 epoch  50 training error:  tensor(0.0757, device='cuda:0', grad_fn=<DivBackward0>)
Memory status after this epoch: 
Memory allocated:  30.2451171875
Memory cached:  62.0
	 epoch  60 training error:  tensor(0.0745, device='cuda:0', grad_fn=<DivBackward0>)
Memory status after this epoch: 
Memory allocated:  30.2451171875
Memory cached:  62.0
	 epoch  70 training error:  tensor(0.0725, device='cuda:0', grad_fn=<DivBackward0>)
Memory status after this epoch: 
Memory allocated:  30.2451171875
Memory cached:  62.0
	 epoch  80 training error:  tensor(0.0712, device='cuda:0', grad_fn=<DivBackward0>)
Memory status after this epoch: 
Memory allocated:  30.2451171875
Memory cached:  62.0
	 epoch  90 training error:  tensor(0.0708, device='cuda:0', grad_fn=<DivBackward0>)
Memory status after this epoch: 
Memory allocated:  30.2451171875
Memory cached:  62.0
