[I 2024-05-18 02:43:25,843] Trial 35 finished with value: 0.04377790540456772 and parameters: {'W_layers': 6, 'W_layer_units_exponent_0': 8, 'W_layer_units_exponent_1': 10, 'W_layer_units_exponent_2': 6, 'W_layer_units_exponent_3': 5, 'W_layer_units_exponent_4': 10, 'W_layer_units_exponent_5': 4, 'D_layers': 6, 'D_layer_units_exponent_0': 6, 'D_layer_units_exponent_1': 9, 'D_layer_units_exponent_2': 4, 'D_layer_units_exponent_3': 6, 'D_layer_units_exponent_4': 7, 'D_layer_units_exponent_5': 7, 'D_dagger_layers': 4, 'D_dagger_layer_units_exponent_0': 8, 'D_dagger_layer_units_exponent_1': 9, 'D_dagger_layer_units_exponent_2': 8, 'D_dagger_layer_units_exponent_3': 10, 'log_learning_rate': -1.4675238989025876, 'log_learning_rate_D': -2.302140972999207, 'log_learning_rate_D_dagger': -2.1375337458446393, 'training_batch_size': 7, 'training_p': 3}. Best is trial 35 with value: 0.04377790540456772.
res:  tensor(0.0438, grad_fn=<ToCopyBackward0>)
self.bestValue:  tensor(0.0497, grad_fn=<ToCopyBackward0>)
Save this model!
Time for this trial:  1085.672969341278
Memory status after this trial: 
Memory allocated:  2230.453125
Memory cached:  2594.0
--------------------  Trial  36   --------------------
Start timing: 
Parameters: 
{'W_layers': 7, 'W_layer_units_exponent_0': 9, 'W_layer_units_exponent_1': 10, 'W_layer_units_exponent_2': 6, 'W_layer_units_exponent_3': 5, 'W_layer_units_exponent_4': 10, 'W_layer_units_exponent_5': 4, 'W_layer_units_exponent_6': 10, 'D_layers': 6, 'D_layer_units_exponent_0': 5, 'D_layer_units_exponent_1': 8, 'D_layer_units_exponent_2': 4, 'D_layer_units_exponent_3': 6, 'D_layer_units_exponent_4': 8, 'D_layer_units_exponent_5': 7, 'D_dagger_layers': 5, 'D_dagger_layer_units_exponent_0': 10, 'D_dagger_layer_units_exponent_1': 9, 'D_dagger_layer_units_exponent_2': 8, 'D_dagger_layer_units_exponent_3': 10, 'D_dagger_layer_units_exponent_4': 6, 'log_learning_rate': -1.4494665260003115, 'log_learning_rate_D': -2.057679113623428, 'log_learning_rate_D_dagger': -2.112078614753861, 'training_batch_size': 7, 'training_p': 3}
	 epoch  0 training error:  tensor(922.6968, grad_fn=<ToCopyBackward0>)
Memory status after this epoch: 
Memory allocated:  2256.66943359375
Memory cached:  2586.0
	 epoch  10 training error:  tensor(10.2998, grad_fn=<ToCopyBackward0>)
Memory status after this epoch: 
Memory allocated:  2256.66943359375
Memory cached:  2590.0
	 epoch  20 training error:  tensor(9.0098, grad_fn=<ToCopyBackward0>)
Memory status after this epoch: 
Memory allocated:  2256.66943359375
Memory cached:  2588.0
	 epoch  30 training error:  tensor(36.3493, grad_fn=<ToCopyBackward0>)
Memory status after this epoch: 
Memory allocated:  2256.66943359375
Memory cached:  2592.0
	 epoch  40 training error:  tensor(30.6793, grad_fn=<ToCopyBackward0>)
Memory status after this epoch: 
Memory allocated:  2256.66943359375
Memory cached:  2594.0
	 epoch  50 training error:  tensor(176.0730, grad_fn=<ToCopyBackward0>)
Memory status after this epoch: 
Memory allocated:  2256.66943359375
Memory cached:  2590.0
	 epoch  60 training error:  tensor(30.6414, grad_fn=<ToCopyBackward0>)
Memory status after this epoch: 
Memory allocated:  2256.66943359375
Memory cached:  2588.0
	 epoch  70 training error:  tensor(6.7818, grad_fn=<ToCopyBackward0>)
Memory status after this epoch: 
Memory allocated:  2256.66943359375
Memory cached:  2594.0
	 epoch  80 training error:  tensor(30.6552, grad_fn=<ToCopyBackward0>)
Memory status after this epoch: 
Memory allocated:  2256.66943359375
Memory cached:  2588.0
	 epoch  90 training error:  tensor(36.9318, grad_fn=<ToCopyBackward0>)
Memory status after this epoch: 
Memory allocated:  2256.66943359375
Memory cached:  2594.0
[I 2024-05-18 03:03:06,946] Trial 36 finished with value: 30.646146774291992 and parameters: {'W_layers': 7, 'W_layer_units_exponent_0': 9, 'W_layer_units_exponent_1': 10, 'W_layer_units_exponent_2': 6, 'W_layer_units_exponent_3': 5, 'W_layer_units_exponent_4': 10, 'W_layer_units_exponent_5': 4, 'W_layer_units_exponent_6': 10, 'D_layers': 6, 'D_layer_units_exponent_0': 5, 'D_layer_units_exponent_1': 8, 'D_layer_units_exponent_2': 4, 'D_layer_units_exponent_3': 6, 'D_layer_units_exponent_4': 8, 'D_layer_units_exponent_5': 7, 'D_dagger_layers': 5, 'D_dagger_layer_units_exponent_0': 10, 'D_dagger_layer_units_exponent_1': 9, 'D_dagger_layer_units_exponent_2': 8, 'D_dagger_layer_units_exponent_3': 10, 'D_dagger_layer_units_exponent_4': 6, 'log_learning_rate': -1.4494665260003115, 'log_learning_rate_D': -2.057679113623428, 'log_learning_rate_D_dagger': -2.112078614753861, 'training_batch_size': 7, 'training_p': 3}. Best is trial 35 with value: 0.04377790540456772.
Time for this trial:  1180.6074743270874
Memory status after this trial: 
Memory allocated:  5297.7744140625
Memory cached:  5352.0
--------------------  Trial  37   --------------------
Start timing: 
Parameters: 
{'W_layers': 6, 'W_layer_units_exponent_0': 8, 'W_layer_units_exponent_1': 10, 'W_layer_units_exponent_2': 6, 'W_layer_units_exponent_3': 5, 'W_layer_units_exponent_4': 10, 'W_layer_units_exponent_5': 6, 'D_layers': 7, 'D_layer_units_exponent_0': 6, 'D_layer_units_exponent_1': 9, 'D_layer_units_exponent_2': 4, 'D_layer_units_exponent_3': 6, 'D_layer_units_exponent_4': 8, 'D_layer_units_exponent_5': 6, 'D_layer_units_exponent_6': 8, 'D_dagger_layers': 4, 'D_dagger_layer_units_exponent_0': 8, 'D_dagger_layer_units_exponent_1': 10, 'D_dagger_layer_units_exponent_2': 7, 'D_dagger_layer_units_exponent_3': 9, 'log_learning_rate': -1.0102188361781517, 'log_learning_rate_D': -2.3126669292484485, 'log_learning_rate_D_dagger': -2.4104076829706518, 'training_batch_size': 8, 'training_p': 2}
	 epoch  0 training error:  tensor(539.1383, grad_fn=<ToCopyBackward0>)
Memory status after this epoch: 
Memory allocated:  2245.54638671875
Memory cached:  2568.0
	 epoch  10 training error:  tensor(0.4372, grad_fn=<ToCopyBackward0>)
Memory status after this epoch: 
Memory allocated:  2245.54638671875
Memory cached:  2568.0
	 epoch  20 training error:  tensor(0.3464, grad_fn=<ToCopyBackward0>)
Memory status after this epoch: 
Memory allocated:  2245.54638671875
Memory cached:  2568.0
	 epoch  30 training error:  tensor(0.3524, grad_fn=<ToCopyBackward0>)
Memory status after this epoch: 
Memory allocated:  2245.54638671875
Memory cached:  2568.0
	 epoch  40 training error:  tensor(0.3572, grad_fn=<ToCopyBackward0>)
Memory status after this epoch: 
Memory allocated:  2245.54638671875
Memory cached:  2568.0
	 epoch  50 training error:  tensor(0.3497, grad_fn=<ToCopyBackward0>)
Memory status after this epoch: 
Memory allocated:  2245.54638671875
Memory cached:  2568.0
	 epoch  60 training error:  tensor(0.3527, grad_fn=<ToCopyBackward0>)
Memory status after this epoch: 
Memory allocated:  2245.54638671875
Memory cached:  2568.0
	 epoch  70 training error:  tensor(0.4440, grad_fn=<ToCopyBackward0>)
Memory status after this epoch: 
Memory allocated:  2245.54638671875
Memory cached:  2568.0
	 epoch  80 training error:  tensor(0.3338, grad_fn=<ToCopyBackward0>)
Memory status after this epoch: 
Memory allocated:  2245.54638671875
Memory cached:  2568.0
	 epoch  90 training error:  tensor(0.3335, grad_fn=<ToCopyBackward0>)
Memory status after this epoch: 
Memory allocated:  2245.54638671875
Memory cached:  2568.0
[I 2024-05-18 03:16:06,462] Trial 37 finished with value: 0.3751119077205658 and parameters: {'W_layers': 6, 'W_layer_units_exponent_0': 8, 'W_layer_units_exponent_1': 10, 'W_layer_units_exponent_2': 6, 'W_layer_units_exponent_3': 5, 'W_layer_units_exponent_4': 10, 'W_layer_units_exponent_5': 6, 'D_layers': 7, 'D_layer_units_exponent_0': 6, 'D_layer_units_exponent_1': 9, 'D_layer_units_exponent_2': 4, 'D_layer_units_exponent_3': 6, 'D_layer_units_exponent_4': 8, 'D_layer_units_exponent_5': 6, 'D_layer_units_exponent_6': 8, 'D_dagger_layers': 4, 'D_dagger_layer_units_exponent_0': 8, 'D_dagger_layer_units_exponent_1': 10, 'D_dagger_layer_units_exponent_2': 7, 'D_dagger_layer_units_exponent_3': 9, 'log_learning_rate': -1.0102188361781517, 'log_learning_rate_D': -2.3126669292484485, 'log_learning_rate_D_dagger': -2.4104076829706518, 'training_batch_size': 8, 'training_p': 2}. Best is trial 35 with value: 0.04377790540456772.
Time for this trial:  779.0200777053833
Memory status after this trial: 
Memory allocated:  4582.232421875
Memory cached:  4608.0
--------------------  Trial  38   --------------------
Start timing: 
Parameters: 
{'W_layers': 7, 'W_layer_units_exponent_0': 10, 'W_layer_units_exponent_1': 10, 'W_layer_units_exponent_2': 6, 'W_layer_units_exponent_3': 7, 'W_layer_units_exponent_4': 10, 'W_layer_units_exponent_5': 4, 'W_layer_units_exponent_6': 7, 'D_layers': 6, 'D_layer_units_exponent_0': 6, 'D_layer_units_exponent_1': 9, 'D_layer_units_exponent_2': 7, 'D_layer_units_exponent_3': 5, 'D_layer_units_exponent_4': 7, 'D_layer_units_exponent_5': 6, 'D_dagger_layers': 5, 'D_dagger_layer_units_exponent_0': 9, 'D_dagger_layer_units_exponent_1': 9, 'D_dagger_layer_units_exponent_2': 8, 'D_dagger_layer_units_exponent_3': 10, 'D_dagger_layer_units_exponent_4': 7, 'log_learning_rate': -1.3001208676618958, 'log_learning_rate_D': -1.9357735722020637, 'log_learning_rate_D_dagger': -2.089783468338582, 'training_batch_size': 7, 'training_p': 3}
	 epoch  0 training error:  tensor(1974.3020, grad_fn=<ToCopyBackward0>)
Memory status after this epoch: 
Memory allocated:  2263.80810546875
Memory cached:  2586.0
	 epoch  10 training error:  tensor(200.6202, grad_fn=<ToCopyBackward0>)
Memory status after this epoch: 
Memory allocated:  2263.80810546875
Memory cached:  2586.0
	 epoch  20 training error:  tensor(200.6181, grad_fn=<ToCopyBackward0>)
Memory status after this epoch: 
Memory allocated:  2263.80810546875
Memory cached:  2586.0
	 epoch  30 training error:  tensor(200.6182, grad_fn=<ToCopyBackward0>)
Memory status after this epoch: 
Memory allocated:  2263.80810546875
Memory cached:  2586.0
	 epoch  40 training error:  tensor(200.6186, grad_fn=<ToCopyBackward0>)
Memory status after this epoch: 
Memory allocated:  2263.80810546875
Memory cached:  2586.0
	 epoch  50 training error:  tensor(200.6199, grad_fn=<ToCopyBackward0>)
Memory status after this epoch: 
Memory allocated:  2263.80810546875
Memory cached:  2586.0
	 epoch  60 training error:  tensor(200.6165, grad_fn=<ToCopyBackward0>)
Memory status after this epoch: 
Memory allocated:  2263.80810546875
Memory cached:  2586.0
	 epoch  70 training error:  tensor(200.6172, grad_fn=<ToCopyBackward0>)
Memory status after this epoch: 
Memory allocated:  2263.80810546875
Memory cached:  2586.0
	 epoch  80 training error:  tensor(200.6171, grad_fn=<ToCopyBackward0>)
Memory status after this epoch: 
Memory allocated:  2263.80810546875
Memory cached:  2586.0
	 epoch  90 training error:  tensor(200.6171, grad_fn=<ToCopyBackward0>)
Memory status after this epoch: 
Memory allocated:  2263.80810546875
Memory cached:  2586.0
[I 2024-05-18 03:35:49,951] Trial 38 finished with value: 201.7041473388672 and parameters: {'W_layers': 7, 'W_layer_units_exponent_0': 10, 'W_layer_units_exponent_1': 10, 'W_layer_units_exponent_2': 6, 'W_layer_units_exponent_3': 7, 'W_layer_units_exponent_4': 10, 'W_layer_units_exponent_5': 4, 'W_layer_units_exponent_6': 7, 'D_layers': 6, 'D_layer_units_exponent_0': 6, 'D_layer_units_exponent_1': 9, 'D_layer_units_exponent_2': 7, 'D_layer_units_exponent_3': 5, 'D_layer_units_exponent_4': 7, 'D_layer_units_exponent_5': 6, 'D_dagger_layers': 5, 'D_dagger_layer_units_exponent_0': 9, 'D_dagger_layer_units_exponent_1': 9, 'D_dagger_layer_units_exponent_2': 8, 'D_dagger_layer_units_exponent_3': 10, 'D_dagger_layer_units_exponent_4': 7, 'log_learning_rate': -1.3001208676618958, 'log_learning_rate_D': -1.9357735722020637, 'log_learning_rate_D_dagger': -2.089783468338582, 'training_batch_size': 7, 'training_p': 3}. Best is trial 35 with value: 0.04377790540456772.
Time for this trial:  1182.914234161377
Memory status after this trial: 
Memory allocated:  5115.982421875
Memory cached:  5158.0
--------------------  Trial  39   --------------------
Start timing: 
Parameters: 
{'W_layers': 6, 'W_layer_units_exponent_0': 8, 'W_layer_units_exponent_1': 10, 'W_layer_units_exponent_2': 7, 'W_layer_units_exponent_3': 4, 'W_layer_units_exponent_4': 10, 'W_layer_units_exponent_5': 5, 'D_layers': 7, 'D_layer_units_exponent_0': 5, 'D_layer_units_exponent_1': 8, 'D_layer_units_exponent_2': 5, 'D_layer_units_exponent_3': 7, 'D_layer_units_exponent_4': 6, 'D_layer_units_exponent_5': 8, 'D_layer_units_exponent_6': 7, 'D_dagger_layers': 3, 'D_dagger_layer_units_exponent_0': 8, 'D_dagger_layer_units_exponent_1': 10, 'D_dagger_layer_units_exponent_2': 4, 'log_learning_rate': -1.5299812526246672, 'log_learning_rate_D': -2.258043671473337, 'log_learning_rate_D_dagger': -2.5996438983710406, 'training_batch_size': 9, 'training_p': 3}
	 epoch  0 training error:  tensor(15.9274, grad_fn=<ToCopyBackward0>)
Memory status after this epoch: 
Memory allocated:  2242.82177734375
Memory cached:  2568.0
	 epoch  10 training error:  tensor(160.0629, grad_fn=<ToCopyBackward0>)
Memory status after this epoch: 
Memory allocated:  2242.82177734375
Memory cached:  2568.0
	 epoch  20 training error:  tensor(0.6867, grad_fn=<ToCopyBackward0>)
Memory status after this epoch: 
Memory allocated:  2242.82177734375
Memory cached:  2568.0
	 epoch  30 training error:  tensor(0.3072, grad_fn=<ToCopyBackward0>)
Memory status after this epoch: 
Memory allocated:  2242.82177734375
Memory cached:  2568.0
	 epoch  40 training error:  tensor(0.2930, grad_fn=<ToCopyBackward0>)
Memory status after this epoch: 
Memory allocated:  2242.82177734375
Memory cached:  2568.0
	 epoch  50 training error:  tensor(0.2914, grad_fn=<ToCopyBackward0>)
Memory status after this epoch: 
Memory allocated:  2242.82177734375
Memory cached:  2568.0
	 epoch  60 training error:  tensor(0.2909, grad_fn=<ToCopyBackward0>)
Memory status after this epoch: 
Memory allocated:  2242.82177734375
Memory cached:  2568.0
	 epoch  70 training error:  tensor(0.2913, grad_fn=<ToCopyBackward0>)
Memory status after this epoch: 
Memory allocated:  2242.82177734375
Memory cached:  2568.0
	 epoch  80 training error:  tensor(0.2907, grad_fn=<ToCopyBackward0>)
Memory status after this epoch: 
Memory allocated:  2242.82177734375
Memory cached:  2568.0
	 epoch  90 training error:  tensor(0.2899, grad_fn=<ToCopyBackward0>)
Memory status after this epoch: 
Memory allocated:  2242.82177734375
Memory cached:  2568.0
[I 2024-05-18 03:44:41,427] Trial 39 finished with value: 0.23853245377540588 and parameters: {'W_layers': 6, 'W_layer_units_exponent_0': 8, 'W_layer_units_exponent_1': 10, 'W_layer_units_exponent_2': 7, 'W_layer_units_exponent_3': 4, 'W_layer_units_exponent_4': 10, 'W_layer_units_exponent_5': 5, 'D_layers': 7, 'D_layer_units_exponent_0': 5, 'D_layer_units_exponent_1': 8, 'D_layer_units_exponent_2': 5, 'D_layer_units_exponent_3': 7, 'D_layer_units_exponent_4': 6, 'D_layer_units_exponent_5': 8, 'D_layer_units_exponent_6': 7, 'D_dagger_layers': 3, 'D_dagger_layer_units_exponent_0': 8, 'D_dagger_layer_units_exponent_1': 10, 'D_dagger_layer_units_exponent_2': 4, 'log_learning_rate': -1.5299812526246672, 'log_learning_rate_D': -2.258043671473337, 'log_learning_rate_D_dagger': -2.5996438983710406, 'training_batch_size': 9, 'training_p': 3}. Best is trial 35 with value: 0.04377790540456772.
Time for this trial:  530.9976787567139
Memory status after this trial: 
Memory allocated:  4218.9462890625
Memory cached:  4242.0
--------------------  Trial  40   --------------------
Start timing: 
Parameters: 
{'W_layers': 8, 'W_layer_units_exponent_0': 7, 'W_layer_units_exponent_1': 8, 'W_layer_units_exponent_2': 4, 'W_layer_units_exponent_3': 5, 'W_layer_units_exponent_4': 7, 'W_layer_units_exponent_5': 7, 'W_layer_units_exponent_6': 4, 'W_layer_units_exponent_7': 10, 'D_layers': 6, 'D_layer_units_exponent_0': 7, 'D_layer_units_exponent_1': 9, 'D_layer_units_exponent_2': 4, 'D_layer_units_exponent_3': 5, 'D_layer_units_exponent_4': 7, 'D_layer_units_exponent_5': 10, 'D_dagger_layers': 2, 'D_dagger_layer_units_exponent_0': 7, 'D_dagger_layer_units_exponent_1': 8, 'log_learning_rate': -1.2057512478071444, 'log_learning_rate_D': -1.7488861884762543, 'log_learning_rate_D_dagger': -2.8966252797172203, 'training_batch_size': 6, 'training_p': 8}
	 epoch  0 training error:  tensor(477.5056, grad_fn=<ToCopyBackward0>)
Memory status after this epoch: 
Memory allocated:  2235.69873046875
Memory cached:  2612.0
	 epoch  10 training error:  tensor(0.4658, grad_fn=<ToCopyBackward0>)
Memory status after this epoch: 
Memory allocated:  2235.69873046875
Memory cached:  2708.0
	 epoch  20 training error:  tensor(0.4669, grad_fn=<ToCopyBackward0>)
Memory status after this epoch: 
Memory allocated:  2235.69873046875
Memory cached:  2716.0
	 epoch  30 training error:  tensor(0.4654, grad_fn=<ToCopyBackward0>)
Memory status after this epoch: 
Memory allocated:  2235.69873046875
Memory cached:  2716.0
	 epoch  40 training error:  tensor(0.4664, grad_fn=<ToCopyBackward0>)
Memory status after this epoch: 
Memory allocated:  2235.69873046875
Memory cached:  2720.0
	 epoch  50 training error:  tensor(0.4656, grad_fn=<ToCopyBackward0>)
Memory status after this epoch: 
Memory allocated:  2235.69873046875
Memory cached:  2720.0
	 epoch  60 training error:  tensor(0.4650, grad_fn=<ToCopyBackward0>)
Memory status after this epoch: 
Memory allocated:  2235.69873046875
Memory cached:  2718.0
	 epoch  70 training error:  tensor(0.4677, grad_fn=<ToCopyBackward0>)
Memory status after this epoch: 
Memory allocated:  2235.69873046875
Memory cached:  2716.0
	 epoch  80 training error:  tensor(0.4667, grad_fn=<ToCopyBackward0>)
Memory status after this epoch: 
Memory allocated:  2235.69873046875
Memory cached:  2718.0
	 epoch  90 training error:  tensor(0.4657, grad_fn=<ToCopyBackward0>)
Memory status after this epoch: 
Memory allocated:  2235.69873046875
Memory cached:  2714.0
[I 2024-05-18 04:18:12,013] Trial 40 finished with value: 0.3576219975948334 and parameters: {'W_layers': 8, 'W_layer_units_exponent_0': 7, 'W_layer_units_exponent_1': 8, 'W_layer_units_exponent_2': 4, 'W_layer_units_exponent_3': 5, 'W_layer_units_exponent_4': 7, 'W_layer_units_exponent_5': 7, 'W_layer_units_exponent_6': 4, 'W_layer_units_exponent_7': 10, 'D_layers': 6, 'D_layer_units_exponent_0': 7, 'D_layer_units_exponent_1': 9, 'D_layer_units_exponent_2': 4, 'D_layer_units_exponent_3': 5, 'D_layer_units_exponent_4': 7, 'D_layer_units_exponent_5': 10, 'D_dagger_layers': 2, 'D_dagger_layer_units_exponent_0': 7, 'D_dagger_layer_units_exponent_1': 8, 'log_learning_rate': -1.2057512478071444, 'log_learning_rate_D': -1.7488861884762543, 'log_learning_rate_D_dagger': -2.8966252797172203, 'training_batch_size': 6, 'training_p': 8}. Best is trial 35 with value: 0.04377790540456772.
Time for this trial:  2009.8678691387177
Memory status after this trial: 
Memory allocated:  3774.53515625
Memory cached:  3792.0
--------------------  Trial  41   --------------------
Start timing: 
Parameters: 
{'W_layers': 5, 'W_layer_units_exponent_0': 7, 'W_layer_units_exponent_1': 9, 'W_layer_units_exponent_2': 5, 'W_layer_units_exponent_3': 4, 'W_layer_units_exponent_4': 9, 'D_layers': 5, 'D_layer_units_exponent_0': 6, 'D_layer_units_exponent_1': 9, 'D_layer_units_exponent_2': 5, 'D_layer_units_exponent_3': 8, 'D_layer_units_exponent_4': 8, 'D_dagger_layers': 4, 'D_dagger_layer_units_exponent_0': 5, 'D_dagger_layer_units_exponent_1': 9, 'D_dagger_layer_units_exponent_2': 9, 'D_dagger_layer_units_exponent_3': 9, 'log_learning_rate': -1.6246950854201185, 'log_learning_rate_D': -2.5703590748763143, 'log_learning_rate_D_dagger': -2.4367050409673596, 'training_batch_size': 6, 'training_p': 4}
	 epoch  0 training error:  tensor(5.4135, grad_fn=<ToCopyBackward0>)
Memory status after this epoch: 
Memory allocated:  2242.32763671875
Memory cached:  2622.0
	 epoch  10 training error:  tensor(0.3435, grad_fn=<ToCopyBackward0>)
Memory status after this epoch: 
Memory allocated:  2242.32763671875
Memory cached:  2728.0
	 epoch  20 training error:  tensor(0.3378, grad_fn=<ToCopyBackward0>)
Memory status after this epoch: 
Memory allocated:  2242.32763671875
Memory cached:  2726.0
	 epoch  30 training error:  tensor(0.3406, grad_fn=<ToCopyBackward0>)
Memory status after this epoch: 
Memory allocated:  2242.32763671875
Memory cached:  2720.0
	 epoch  40 training error:  tensor(0.1805, grad_fn=<ToCopyBackward0>)
Memory status after this epoch: 
Memory allocated:  2242.32763671875
Memory cached:  2724.0
	 epoch  50 training error:  tensor(0.1598, grad_fn=<ToCopyBackward0>)
Memory status after this epoch: 
Memory allocated:  2242.32763671875
Memory cached:  2718.0
	 epoch  60 training error:  tensor(0.1321, grad_fn=<ToCopyBackward0>)
Memory status after this epoch: 
Memory allocated:  2242.32763671875
Memory cached:  2720.0
	 epoch  70 training error:  tensor(0.0895, grad_fn=<ToCopyBackward0>)
Memory status after this epoch: 
Memory allocated:  2242.32763671875
Memory cached:  2726.0
	 epoch  80 training error:  tensor(0.0840, grad_fn=<ToCopyBackward0>)
Memory status after this epoch: 
Memory allocated:  2242.32763671875
Memory cached:  2728.0
	 epoch  90 training error:  tensor(0.0624, grad_fn=<ToCopyBackward0>)
Memory status after this epoch: 
Memory allocated:  2242.32763671875
Memory cached:  2728.0
