[I 2024-01-03 20:07:00,348] Trial 90 finished with value: 0.41228047013282776 and parameters: {'W_layers': 6, 'W_layer_units_exponent_0': 10, 'W_layer_units_exponent_1': 4, 'W_layer_units_exponent_2': 7, 'W_layer_units_exponent_3': 5, 'W_layer_units_exponent_4': 7, 'W_layer_units_exponent_5': 9, 'D_layers': 3, 'D_layer_units_exponent_0': 7, 'D_layer_units_exponent_1': 7, 'D_layer_units_exponent_2': 8, 'D_dagger_layers': 3, 'D_dagger_layer_units_exponent_0': 8, 'D_dagger_layer_units_exponent_1': 10, 'D_dagger_layer_units_exponent_2': 6, 'log_learning_rate': -4.589451040122008, 'log_learning_rate_D': -2.536002326330595, 'log_learning_rate_D_dagger': -2.7080873566995263, 'training_batch_size': 9, 'training_p': 7}. Best is trial 87 with value: 0.11369848251342773.
Time for this trial:  177.30474996566772
Memory status after this trial: 
Memory allocated:  464.0966796875
Memory cached:  614.0
--------------------  Trial  91   --------------------
Start timing: 
Parameters: 
{'W_layers': 6, 'W_layer_units_exponent_0': 10, 'W_layer_units_exponent_1': 4, 'W_layer_units_exponent_2': 7, 'W_layer_units_exponent_3': 4, 'W_layer_units_exponent_4': 7, 'W_layer_units_exponent_5': 7, 'D_layers': 3, 'D_layer_units_exponent_0': 8, 'D_layer_units_exponent_1': 7, 'D_layer_units_exponent_2': 8, 'D_dagger_layers': 4, 'D_dagger_layer_units_exponent_0': 9, 'D_dagger_layer_units_exponent_1': 10, 'D_dagger_layer_units_exponent_2': 6, 'D_dagger_layer_units_exponent_3': 4, 'log_learning_rate': -4.4155364189546, 'log_learning_rate_D': -2.4344088732402382, 'log_learning_rate_D_dagger': -2.8430973881724357, 'training_batch_size': 9, 'training_p': 6}
	 epoch  0 training error:  tensor(0.9898, device='cuda:0', grad_fn=<DivBackward0>)
Memory status after this epoch: 
Memory allocated:  279.96044921875
Memory cached:  610.0
	 epoch  10 training error:  tensor(0.5265, device='cuda:0', grad_fn=<DivBackward0>)
Memory status after this epoch: 
Memory allocated:  279.96044921875
Memory cached:  654.0
	 epoch  20 training error:  tensor(0.5194, device='cuda:0', grad_fn=<DivBackward0>)
Memory status after this epoch: 
Memory allocated:  279.96044921875
Memory cached:  646.0
	 epoch  30 training error:  tensor(0.5218, device='cuda:0', grad_fn=<DivBackward0>)
Memory status after this epoch: 
Memory allocated:  279.96044921875
Memory cached:  658.0
	 epoch  40 training error:  tensor(0.5102, device='cuda:0', grad_fn=<DivBackward0>)
Memory status after this epoch: 
Memory allocated:  279.96044921875
Memory cached:  660.0
	 epoch  50 training error:  tensor(0.4995, device='cuda:0', grad_fn=<DivBackward0>)
Memory status after this epoch: 
Memory allocated:  279.96044921875
Memory cached:  658.0
	 epoch  60 training error:  tensor(0.5027, device='cuda:0', grad_fn=<DivBackward0>)
Memory status after this epoch: 
Memory allocated:  279.96044921875
Memory cached:  654.0
	 epoch  70 training error:  tensor(0.4891, device='cuda:0', grad_fn=<DivBackward0>)
Memory status after this epoch: 
Memory allocated:  279.96044921875
Memory cached:  650.0
	 epoch  80 training error:  tensor(0.4815, device='cuda:0', grad_fn=<DivBackward0>)
Memory status after this epoch: 
Memory allocated:  279.96044921875
Memory cached:  658.0
	 epoch  90 training error:  tensor(0.3540, device='cuda:0', grad_fn=<DivBackward0>)
Memory status after this epoch: 
Memory allocated:  279.96044921875
Memory cached:  652.0
[I 2024-01-03 20:10:06,510] Trial 91 finished with value: 0.20901039242744446 and parameters: {'W_layers': 6, 'W_layer_units_exponent_0': 10, 'W_layer_units_exponent_1': 4, 'W_layer_units_exponent_2': 7, 'W_layer_units_exponent_3': 4, 'W_layer_units_exponent_4': 7, 'W_layer_units_exponent_5': 7, 'D_layers': 3, 'D_layer_units_exponent_0': 8, 'D_layer_units_exponent_1': 7, 'D_layer_units_exponent_2': 8, 'D_dagger_layers': 4, 'D_dagger_layer_units_exponent_0': 9, 'D_dagger_layer_units_exponent_1': 10, 'D_dagger_layer_units_exponent_2': 6, 'D_dagger_layer_units_exponent_3': 4, 'log_learning_rate': -4.4155364189546, 'log_learning_rate_D': -2.4344088732402382, 'log_learning_rate_D_dagger': -2.8430973881724357, 'training_batch_size': 9, 'training_p': 6}. Best is trial 87 with value: 0.11369848251342773.
Time for this trial:  185.66906428337097
Memory status after this trial: 
Memory allocated:  469.3798828125
Memory cached:  614.0
--------------------  Trial  92   --------------------
Start timing: 
Parameters: 
{'W_layers': 5, 'W_layer_units_exponent_0': 10, 'W_layer_units_exponent_1': 4, 'W_layer_units_exponent_2': 7, 'W_layer_units_exponent_3': 4, 'W_layer_units_exponent_4': 6, 'D_layers': 2, 'D_layer_units_exponent_0': 8, 'D_layer_units_exponent_1': 7, 'D_dagger_layers': 4, 'D_dagger_layer_units_exponent_0': 9, 'D_dagger_layer_units_exponent_1': 10, 'D_dagger_layer_units_exponent_2': 7, 'D_dagger_layer_units_exponent_3': 4, 'log_learning_rate': -4.3408289913641624, 'log_learning_rate_D': -2.3517918443710157, 'log_learning_rate_D_dagger': -3.0658588347463684, 'training_batch_size': 9, 'training_p': 7}
	 epoch  0 training error:  tensor(1.0127, device='cuda:0', grad_fn=<DivBackward0>)
Memory status after this epoch: 
Memory allocated:  280.20263671875
Memory cached:  610.0
	 epoch  10 training error:  tensor(0.5824, device='cuda:0', grad_fn=<DivBackward0>)
Memory status after this epoch: 
Memory allocated:  280.20263671875
Memory cached:  640.0
	 epoch  20 training error:  tensor(0.5382, device='cuda:0', grad_fn=<DivBackward0>)
Memory status after this epoch: 
Memory allocated:  280.20263671875
Memory cached:  648.0
	 epoch  30 training error:  tensor(0.5500, device='cuda:0', grad_fn=<DivBackward0>)
Memory status after this epoch: 
Memory allocated:  280.20263671875
Memory cached:  644.0
	 epoch  40 training error:  tensor(0.5202, device='cuda:0', grad_fn=<DivBackward0>)
Memory status after this epoch: 
Memory allocated:  280.20263671875
Memory cached:  650.0
	 epoch  50 training error:  tensor(0.5169, device='cuda:0', grad_fn=<DivBackward0>)
Memory status after this epoch: 
Memory allocated:  280.20263671875
Memory cached:  646.0
	 epoch  60 training error:  tensor(0.5122, device='cuda:0', grad_fn=<DivBackward0>)
Memory status after this epoch: 
Memory allocated:  280.20263671875
Memory cached:  642.0
	 epoch  70 training error:  tensor(0.5133, device='cuda:0', grad_fn=<DivBackward0>)
Memory status after this epoch: 
Memory allocated:  280.20263671875
Memory cached:  648.0
	 epoch  80 training error:  tensor(0.5119, device='cuda:0', grad_fn=<DivBackward0>)
Memory status after this epoch: 
Memory allocated:  280.20263671875
Memory cached:  648.0
	 epoch  90 training error:  tensor(0.3859, device='cuda:0', grad_fn=<DivBackward0>)
Memory status after this epoch: 
Memory allocated:  280.20263671875
Memory cached:  652.0
[I 2024-01-03 20:12:53,906] Trial 92 finished with value: 0.2165578156709671 and parameters: {'W_layers': 5, 'W_layer_units_exponent_0': 10, 'W_layer_units_exponent_1': 4, 'W_layer_units_exponent_2': 7, 'W_layer_units_exponent_3': 4, 'W_layer_units_exponent_4': 6, 'D_layers': 2, 'D_layer_units_exponent_0': 8, 'D_layer_units_exponent_1': 7, 'D_dagger_layers': 4, 'D_dagger_layer_units_exponent_0': 9, 'D_dagger_layer_units_exponent_1': 10, 'D_dagger_layer_units_exponent_2': 7, 'D_dagger_layer_units_exponent_3': 4, 'log_learning_rate': -4.3408289913641624, 'log_learning_rate_D': -2.3517918443710157, 'log_learning_rate_D_dagger': -3.0658588347463684, 'training_batch_size': 9, 'training_p': 7}. Best is trial 87 with value: 0.11369848251342773.
Time for this trial:  166.93982028961182
Memory status after this trial: 
Memory allocated:  450.5849609375
Memory cached:  616.0
--------------------  Trial  93   --------------------
Start timing: 
Parameters: 
{'W_layers': 6, 'W_layer_units_exponent_0': 10, 'W_layer_units_exponent_1': 4, 'W_layer_units_exponent_2': 6, 'W_layer_units_exponent_3': 4, 'W_layer_units_exponent_4': 8, 'W_layer_units_exponent_5': 8, 'D_layers': 3, 'D_layer_units_exponent_0': 8, 'D_layer_units_exponent_1': 8, 'D_layer_units_exponent_2': 7, 'D_dagger_layers': 4, 'D_dagger_layer_units_exponent_0': 9, 'D_dagger_layer_units_exponent_1': 10, 'D_dagger_layer_units_exponent_2': 6, 'D_dagger_layer_units_exponent_3': 4, 'log_learning_rate': -4.1952124125533246, 'log_learning_rate_D': -2.147203961904347, 'log_learning_rate_D_dagger': -2.972165883679881, 'training_batch_size': 8, 'training_p': 6}
	 epoch  0 training error:  tensor(0.9756, device='cuda:0', grad_fn=<DivBackward0>)
Memory status after this epoch: 
Memory allocated:  281.21435546875
Memory cached:  614.0
	 epoch  10 training error:  tensor(0.5535, device='cuda:0', grad_fn=<DivBackward0>)
Memory status after this epoch: 
Memory allocated:  281.21435546875
Memory cached:  658.0
	 epoch  20 training error:  tensor(0.9293, device='cuda:0', grad_fn=<DivBackward0>)
Memory status after this epoch: 
Memory allocated:  281.21435546875
Memory cached:  652.0
	 epoch  30 training error:  tensor(0.5305, device='cuda:0', grad_fn=<DivBackward0>)
Memory status after this epoch: 
Memory allocated:  281.21435546875
Memory cached:  658.0
	 epoch  40 training error:  tensor(0.5425, device='cuda:0', grad_fn=<DivBackward0>)
Memory status after this epoch: 
Memory allocated:  281.21435546875
Memory cached:  660.0
	 epoch  50 training error:  tensor(0.5268, device='cuda:0', grad_fn=<DivBackward0>)
Memory status after this epoch: 
Memory allocated:  281.21435546875
Memory cached:  656.0
	 epoch  60 training error:  tensor(0.5114, device='cuda:0', grad_fn=<DivBackward0>)
Memory status after this epoch: 
Memory allocated:  281.21435546875
Memory cached:  664.0
	 epoch  70 training error:  tensor(0.5170, device='cuda:0', grad_fn=<DivBackward0>)
Memory status after this epoch: 
Memory allocated:  281.21435546875
Memory cached:  656.0
	 epoch  80 training error:  tensor(0.4919, device='cuda:0', grad_fn=<DivBackward0>)
Memory status after this epoch: 
Memory allocated:  281.21435546875
Memory cached:  656.0
	 epoch  90 training error:  tensor(0.4909, device='cuda:0', grad_fn=<DivBackward0>)
Memory status after this epoch: 
Memory allocated:  281.21435546875
Memory cached:  662.0
[I 2024-01-03 20:16:00,144] Trial 93 finished with value: 0.3553770184516907 and parameters: {'W_layers': 6, 'W_layer_units_exponent_0': 10, 'W_layer_units_exponent_1': 4, 'W_layer_units_exponent_2': 6, 'W_layer_units_exponent_3': 4, 'W_layer_units_exponent_4': 8, 'W_layer_units_exponent_5': 8, 'D_layers': 3, 'D_layer_units_exponent_0': 8, 'D_layer_units_exponent_1': 8, 'D_layer_units_exponent_2': 7, 'D_dagger_layers': 4, 'D_dagger_layer_units_exponent_0': 9, 'D_dagger_layer_units_exponent_1': 10, 'D_dagger_layer_units_exponent_2': 6, 'D_dagger_layer_units_exponent_3': 4, 'log_learning_rate': -4.1952124125533246, 'log_learning_rate_D': -2.147203961904347, 'log_learning_rate_D_dagger': -2.972165883679881, 'training_batch_size': 8, 'training_p': 6}. Best is trial 87 with value: 0.11369848251342773.
Time for this trial:  185.87502598762512
Memory status after this trial: 
Memory allocated:  480.2509765625
Memory cached:  630.0
--------------------  Trial  94   --------------------
Start timing: 
Parameters: 
{'W_layers': 5, 'W_layer_units_exponent_0': 10, 'W_layer_units_exponent_1': 4, 'W_layer_units_exponent_2': 7, 'W_layer_units_exponent_3': 5, 'W_layer_units_exponent_4': 7, 'D_layers': 3, 'D_layer_units_exponent_0': 9, 'D_layer_units_exponent_1': 7, 'D_layer_units_exponent_2': 8, 'D_dagger_layers': 4, 'D_dagger_layer_units_exponent_0': 8, 'D_dagger_layer_units_exponent_1': 10, 'D_dagger_layer_units_exponent_2': 5, 'D_dagger_layer_units_exponent_3': 4, 'log_learning_rate': -4.714917672858781, 'log_learning_rate_D': -2.648578749242118, 'log_learning_rate_D_dagger': -3.115335877876966, 'training_batch_size': 9, 'training_p': 7}
	 epoch  0 training error:  tensor(0.9687, device='cuda:0', grad_fn=<DivBackward0>)
Memory status after this epoch: 
Memory allocated:  275.75927734375
Memory cached:  610.0
	 epoch  10 training error:  tensor(0.5430, device='cuda:0', grad_fn=<DivBackward0>)
Memory status after this epoch: 
Memory allocated:  275.75927734375
Memory cached:  656.0
	 epoch  20 training error:  tensor(0.5446, device='cuda:0', grad_fn=<DivBackward0>)
Memory status after this epoch: 
Memory allocated:  275.75927734375
Memory cached:  654.0
	 epoch  30 training error:  tensor(0.5276, device='cuda:0', grad_fn=<DivBackward0>)
Memory status after this epoch: 
Memory allocated:  275.75927734375
Memory cached:  648.0
	 epoch  40 training error:  tensor(0.5275, device='cuda:0', grad_fn=<DivBackward0>)
Memory status after this epoch: 
Memory allocated:  275.75927734375
Memory cached:  650.0
	 epoch  50 training error:  tensor(0.5228, device='cuda:0', grad_fn=<DivBackward0>)
Memory status after this epoch: 
Memory allocated:  275.75927734375
Memory cached:  652.0
	 epoch  60 training error:  tensor(0.5043, device='cuda:0', grad_fn=<DivBackward0>)
Memory status after this epoch: 
Memory allocated:  275.75927734375
Memory cached:  650.0
	 epoch  70 training error:  tensor(0.4173, device='cuda:0', grad_fn=<DivBackward0>)
Memory status after this epoch: 
Memory allocated:  275.75927734375
Memory cached:  652.0
	 epoch  80 training error:  tensor(0.3304, device='cuda:0', grad_fn=<DivBackward0>)
Memory status after this epoch: 
Memory allocated:  275.75927734375
Memory cached:  654.0
	 epoch  90 training error:  tensor(0.2790, device='cuda:0', grad_fn=<DivBackward0>)
Memory status after this epoch: 
Memory allocated:  275.75927734375
Memory cached:  650.0
[I 2024-01-03 20:18:55,458] Trial 94 finished with value: 0.2467283010482788 and parameters: {'W_layers': 5, 'W_layer_units_exponent_0': 10, 'W_layer_units_exponent_1': 4, 'W_layer_units_exponent_2': 7, 'W_layer_units_exponent_3': 5, 'W_layer_units_exponent_4': 7, 'D_layers': 3, 'D_layer_units_exponent_0': 9, 'D_layer_units_exponent_1': 7, 'D_layer_units_exponent_2': 8, 'D_dagger_layers': 4, 'D_dagger_layer_units_exponent_0': 8, 'D_dagger_layer_units_exponent_1': 10, 'D_dagger_layer_units_exponent_2': 5, 'D_dagger_layer_units_exponent_3': 4, 'log_learning_rate': -4.714917672858781, 'log_learning_rate_D': -2.648578749242118, 'log_learning_rate_D_dagger': -3.115335877876966, 'training_batch_size': 9, 'training_p': 7}. Best is trial 87 with value: 0.11369848251342773.
Time for this trial:  174.9490146636963
Memory status after this trial: 
Memory allocated:  459.28125
Memory cached:  620.0
--------------------  Trial  95   --------------------
Start timing: 
Parameters: 
{'W_layers': 6, 'W_layer_units_exponent_0': 10, 'W_layer_units_exponent_1': 4, 'W_layer_units_exponent_2': 7, 'W_layer_units_exponent_3': 4, 'W_layer_units_exponent_4': 8, 'W_layer_units_exponent_5': 8, 'D_layers': 3, 'D_layer_units_exponent_0': 9, 'D_layer_units_exponent_1': 7, 'D_layer_units_exponent_2': 8, 'D_dagger_layers': 4, 'D_dagger_layer_units_exponent_0': 9, 'D_dagger_layer_units_exponent_1': 10, 'D_dagger_layer_units_exponent_2': 7, 'D_dagger_layer_units_exponent_3': 4, 'log_learning_rate': -4.515825727627058, 'log_learning_rate_D': -2.4627541797848753, 'log_learning_rate_D_dagger': -3.019876541436596, 'training_batch_size': 9, 'training_p': 5}
	 epoch  0 training error:  tensor(0.9360, device='cuda:0', grad_fn=<DivBackward0>)
Memory status after this epoch: 
Memory allocated:  282.28271484375
Memory cached:  610.0
	 epoch  10 training error:  tensor(0.5105, device='cuda:0', grad_fn=<DivBackward0>)
Memory status after this epoch: 
Memory allocated:  282.28271484375
Memory cached:  640.0
	 epoch  20 training error:  tensor(0.4897, device='cuda:0', grad_fn=<DivBackward0>)
Memory status after this epoch: 
Memory allocated:  282.28271484375
Memory cached:  642.0
	 epoch  30 training error:  tensor(0.4822, device='cuda:0', grad_fn=<DivBackward0>)
Memory status after this epoch: 
Memory allocated:  282.28271484375
Memory cached:  644.0
	 epoch  40 training error:  tensor(0.4738, device='cuda:0', grad_fn=<DivBackward0>)
Memory status after this epoch: 
Memory allocated:  282.28271484375
Memory cached:  642.0
	 epoch  50 training error:  tensor(0.4746, device='cuda:0', grad_fn=<DivBackward0>)
Memory status after this epoch: 
Memory allocated:  282.28271484375
Memory cached:  646.0
	 epoch  60 training error:  tensor(0.4692, device='cuda:0', grad_fn=<DivBackward0>)
Memory status after this epoch: 
Memory allocated:  282.28271484375
Memory cached:  652.0
	 epoch  70 training error:  tensor(0.3708, device='cuda:0', grad_fn=<DivBackward0>)
Memory status after this epoch: 
Memory allocated:  282.28271484375
Memory cached:  640.0
	 epoch  80 training error:  tensor(0.2929, device='cuda:0', grad_fn=<DivBackward0>)
Memory status after this epoch: 
Memory allocated:  282.28271484375
Memory cached:  644.0
	 epoch  90 training error:  tensor(0.2367, device='cuda:0', grad_fn=<DivBackward0>)
Memory status after this epoch: 
Memory allocated:  282.28271484375
Memory cached:  648.0
[I 2024-01-03 20:22:05,777] Trial 95 finished with value: 0.14154966175556183 and parameters: {'W_layers': 6, 'W_layer_units_exponent_0': 10, 'W_layer_units_exponent_1': 4, 'W_layer_units_exponent_2': 7, 'W_layer_units_exponent_3': 4, 'W_layer_units_exponent_4': 8, 'W_layer_units_exponent_5': 8, 'D_layers': 3, 'D_layer_units_exponent_0': 9, 'D_layer_units_exponent_1': 7, 'D_layer_units_exponent_2': 8, 'D_dagger_layers': 4, 'D_dagger_layer_units_exponent_0': 9, 'D_dagger_layer_units_exponent_1': 10, 'D_dagger_layer_units_exponent_2': 7, 'D_dagger_layer_units_exponent_3': 4, 'log_learning_rate': -4.515825727627058, 'log_learning_rate_D': -2.4627541797848753, 'log_learning_rate_D_dagger': -3.019876541436596, 'training_batch_size': 9, 'training_p': 5}. Best is trial 87 with value: 0.11369848251342773.
Time for this trial:  189.90687656402588
Memory status after this trial: 
Memory allocated:  500.189453125
Memory cached:  614.0
--------------------  Trial  96   --------------------
Start timing: 
Parameters: 
{'W_layers': 6, 'W_layer_units_exponent_0': 10, 'W_layer_units_exponent_1': 4, 'W_layer_units_exponent_2': 6, 'W_layer_units_exponent_3': 4, 'W_layer_units_exponent_4': 8, 'W_layer_units_exponent_5': 9, 'D_layers': 2, 'D_layer_units_exponent_0': 9, 'D_layer_units_exponent_1': 8, 'D_dagger_layers': 3, 'D_dagger_layer_units_exponent_0': 7, 'D_dagger_layer_units_exponent_1': 10, 'D_dagger_layer_units_exponent_2': 7, 'log_learning_rate': -4.266797928542287, 'log_learning_rate_D': -2.483167464400181, 'log_learning_rate_D_dagger': -2.880093894705815, 'training_batch_size': 10, 'training_p': 5}
	 epoch  0 training error:  tensor(0.9902, device='cuda:0', grad_fn=<DivBackward0>)
Memory status after this epoch: 
Memory allocated:  277.68896484375
Memory cached:  612.0
	 epoch  10 training error:  tensor(0.5227, device='cuda:0', grad_fn=<DivBackward0>)
Memory status after this epoch: 
Memory allocated:  277.68896484375
Memory cached:  654.0
	 epoch  20 training error:  tensor(0.4982, device='cuda:0', grad_fn=<DivBackward0>)
Memory status after this epoch: 
Memory allocated:  277.68896484375
Memory cached:  650.0
	 epoch  30 training error:  tensor(0.5216, device='cuda:0', grad_fn=<DivBackward0>)
Memory status after this epoch: 
Memory allocated:  277.68896484375
Memory cached:  650.0
	 epoch  40 training error:  tensor(0.4986, device='cuda:0', grad_fn=<DivBackward0>)
Memory status after this epoch: 
Memory allocated:  277.68896484375
Memory cached:  660.0
	 epoch  50 training error:  tensor(0.4794, device='cuda:0', grad_fn=<DivBackward0>)
Memory status after this epoch: 
Memory allocated:  277.68896484375
Memory cached:  654.0
	 epoch  60 training error:  tensor(0.4800, device='cuda:0', grad_fn=<DivBackward0>)
Memory status after this epoch: 
Memory allocated:  277.68896484375
Memory cached:  650.0
	 epoch  70 training error:  tensor(0.4791, device='cuda:0', grad_fn=<DivBackward0>)
Memory status after this epoch: 
Memory allocated:  277.68896484375
Memory cached:  652.0
	 epoch  80 training error:  tensor(0.4776, device='cuda:0', grad_fn=<DivBackward0>)
Memory status after this epoch: 
Memory allocated:  277.68896484375
Memory cached:  654.0
	 epoch  90 training error:  tensor(0.4733, device='cuda:0', grad_fn=<DivBackward0>)
Memory status after this epoch: 
Memory allocated:  277.68896484375
Memory cached:  656.0
