/home/shengduo/anaconda3/lib/python3.9/site-packages/scipy/__init__.py:146: UserWarning: A NumPy version >=1.16.5 and <1.23.0 is required for this version of SciPy (detected version 1.24.1
  warnings.warn(f"A NumPy version >={np_minversion} and <{np_maxversion}"
[I 2024-01-01 10:07:50,266] Using an existing study with name 'my_study' instead of creating a new one.
Cuda is available:  True
Device is:  cuda:0
Memory allocated:  0.0
Memory cached:  0.0
Data file:  ./data/Trial1215_smallDRS_smallA.pt
Vs.shape:  torch.Size([100, 100])
thetas.shape:  torch.Size([100, 100])
fs.shape:  torch.Size([100, 100])
ts.shape:  torch.Size([100, 100])
Xs.shape:  torch.Size([100, 100])
--------------------  Trial  202   --------------------
Start timing: 
Parameters: 
{'W_layers': 5, 'W_layer_units_exponent_0': 8, 'W_layer_units_exponent_1': 10, 'W_layer_units_exponent_2': 7, 'W_layer_units_exponent_3': 6, 'W_layer_units_exponent_4': 5, 'D_layers': 5, 'D_layer_units_exponent_0': 7, 'D_layer_units_exponent_1': 9, 'D_layer_units_exponent_2': 8, 'D_layer_units_exponent_3': 8, 'D_layer_units_exponent_4': 5, 'D_dagger_layers': 3, 'D_dagger_layer_units_exponent_0': 9, 'D_dagger_layer_units_exponent_1': 4, 'D_dagger_layer_units_exponent_2': 5, 'log_learning_rate': -2.348986115308404, 'log_learning_rate_D': -3.4937955545528085, 'log_learning_rate_D_dagger': -2.3987304520186163, 'training_batch_size': 6, 'training_p': 7}
	 epoch  0 training error:  tensor(1.3755, device='cuda:0', grad_fn=<DivBackward0>)
Memory status after this epoch: 
Memory allocated:  10.63671875
Memory cached:  102.0
	 epoch  10 training error:  tensor(0.5431, device='cuda:0', grad_fn=<DivBackward0>)
Memory status after this epoch: 
Memory allocated:  10.63671875
Memory cached:  108.0
	 epoch  20 training error:  tensor(0.5414, device='cuda:0', grad_fn=<DivBackward0>)
Memory status after this epoch: 
Memory allocated:  10.63671875
Memory cached:  102.0
	 epoch  30 training error:  tensor(0.5431, device='cuda:0', grad_fn=<DivBackward0>)
Memory status after this epoch: 
Memory allocated:  10.63671875
Memory cached:  100.0
	 epoch  40 training error:  tensor(0.5290, device='cuda:0', grad_fn=<DivBackward0>)
Memory status after this epoch: 
Memory allocated:  10.63671875
Memory cached:  100.0
	 epoch  50 training error:  tensor(0.5299, device='cuda:0', grad_fn=<DivBackward0>)
Memory status after this epoch: 
Memory allocated:  10.63671875
Memory cached:  100.0
	 epoch  60 training error:  tensor(0.4506, device='cuda:0', grad_fn=<DivBackward0>)
Memory status after this epoch: 
Memory allocated:  10.63671875
Memory cached:  102.0
	 epoch  70 training error:  tensor(0.4209, device='cuda:0', grad_fn=<DivBackward0>)
Memory status after this epoch: 
Memory allocated:  10.63671875
Memory cached:  110.0
	 epoch  80 training error:  tensor(0.3315, device='cuda:0', grad_fn=<DivBackward0>)
Memory status after this epoch: 
Memory allocated:  10.63671875
Memory cached:  106.0
	 epoch  90 training error:  tensor(0.2140, device='cuda:0', grad_fn=<DivBackward0>)
Memory status after this epoch: 
Memory allocated:  10.63671875
Memory cached:  104.0
[I 2024-01-01 10:13:10,260] Trial 202 finished with value: 0.2084963172674179 and parameters: {'W_layers': 5, 'W_layer_units_exponent_0': 8, 'W_layer_units_exponent_1': 10, 'W_layer_units_exponent_2': 7, 'W_layer_units_exponent_3': 6, 'W_layer_units_exponent_4': 5, 'D_layers': 5, 'D_layer_units_exponent_0': 7, 'D_layer_units_exponent_1': 9, 'D_layer_units_exponent_2': 8, 'D_layer_units_exponent_3': 8, 'D_layer_units_exponent_4': 5, 'D_dagger_layers': 3, 'D_dagger_layer_units_exponent_0': 9, 'D_dagger_layer_units_exponent_1': 4, 'D_dagger_layer_units_exponent_2': 5, 'log_learning_rate': -2.348986115308404, 'log_learning_rate_D': -3.4937955545528085, 'log_learning_rate_D_dagger': -2.3987304520186163, 'training_batch_size': 6, 'training_p': 7}. Best is trial 171 with value: 0.11988115310668945.
res:  tensor(0.2085, device='cuda:0', grad_fn=<DivBackward0>)
self.bestValue:  10000000.0
Save this model!
Time for this trial:  319.35709166526794
Memory status after this trial: 
Memory allocated:  177.97509765625
Memory cached:  184.0
--------------------  Trial  203   --------------------
Start timing: 
Parameters: 
{'W_layers': 5, 'W_layer_units_exponent_0': 8, 'W_layer_units_exponent_1': 10, 'W_layer_units_exponent_2': 7, 'W_layer_units_exponent_3': 6, 'W_layer_units_exponent_4': 5, 'D_layers': 5, 'D_layer_units_exponent_0': 7, 'D_layer_units_exponent_1': 9, 'D_layer_units_exponent_2': 8, 'D_layer_units_exponent_3': 8, 'D_layer_units_exponent_4': 5, 'D_dagger_layers': 3, 'D_dagger_layer_units_exponent_0': 9, 'D_dagger_layer_units_exponent_1': 4, 'D_dagger_layer_units_exponent_2': 5, 'log_learning_rate': -2.251598817864595, 'log_learning_rate_D': -2.879104529414176, 'log_learning_rate_D_dagger': -2.3363991617304025, 'training_batch_size': 6, 'training_p': 7}
	 epoch  0 training error:  tensor(1.5617, device='cuda:0', grad_fn=<DivBackward0>)
Memory status after this epoch: 
Memory allocated:  188.48095703125
Memory cached:  256.0
	 epoch  10 training error:  tensor(0.6401, device='cuda:0', grad_fn=<DivBackward0>)
Memory status after this epoch: 
Memory allocated:  188.48095703125
Memory cached:  272.0
	 epoch  20 training error:  tensor(0.5467, device='cuda:0', grad_fn=<DivBackward0>)
Memory status after this epoch: 
Memory allocated:  188.48095703125
Memory cached:  272.0
	 epoch  30 training error:  tensor(0.5497, device='cuda:0', grad_fn=<DivBackward0>)
Memory status after this epoch: 
Memory allocated:  188.48095703125
Memory cached:  270.0
	 epoch  40 training error:  tensor(0.5454, device='cuda:0', grad_fn=<DivBackward0>)
Memory status after this epoch: 
Memory allocated:  188.48095703125
Memory cached:  270.0
	 epoch  50 training error:  tensor(0.5363, device='cuda:0', grad_fn=<DivBackward0>)
Memory status after this epoch: 
Memory allocated:  188.48095703125
Memory cached:  270.0
	 epoch  60 training error:  tensor(0.5523, device='cuda:0', grad_fn=<DivBackward0>)
Memory status after this epoch: 
Memory allocated:  188.48095703125
Memory cached:  272.0
	 epoch  70 training error:  tensor(0.4079, device='cuda:0', grad_fn=<DivBackward0>)
Memory status after this epoch: 
Memory allocated:  188.48095703125
Memory cached:  268.0
	 epoch  80 training error:  tensor(0.3646, device='cuda:0', grad_fn=<DivBackward0>)
Memory status after this epoch: 
Memory allocated:  188.48095703125
Memory cached:  274.0
	 epoch  90 training error:  tensor(0.3777, device='cuda:0', grad_fn=<DivBackward0>)
Memory status after this epoch: 
Memory allocated:  188.48095703125
Memory cached:  272.0
[I 2024-01-01 10:18:32,835] Trial 203 finished with value: 0.1623430699110031 and parameters: {'W_layers': 5, 'W_layer_units_exponent_0': 8, 'W_layer_units_exponent_1': 10, 'W_layer_units_exponent_2': 7, 'W_layer_units_exponent_3': 6, 'W_layer_units_exponent_4': 5, 'D_layers': 5, 'D_layer_units_exponent_0': 7, 'D_layer_units_exponent_1': 9, 'D_layer_units_exponent_2': 8, 'D_layer_units_exponent_3': 8, 'D_layer_units_exponent_4': 5, 'D_dagger_layers': 3, 'D_dagger_layer_units_exponent_0': 9, 'D_dagger_layer_units_exponent_1': 4, 'D_dagger_layer_units_exponent_2': 5, 'log_learning_rate': -2.251598817864595, 'log_learning_rate_D': -2.879104529414176, 'log_learning_rate_D_dagger': -2.3363991617304025, 'training_batch_size': 6, 'training_p': 7}. Best is trial 171 with value: 0.11988115310668945.
res:  tensor(0.1623, device='cuda:0', grad_fn=<DivBackward0>)
self.bestValue:  tensor(0.2085, device='cuda:0', grad_fn=<DivBackward0>)
Save this model!
Time for this trial:  322.1677486896515
Memory status after this trial: 
Memory allocated:  177.97509765625
Memory cached:  356.0
--------------------  Trial  204   --------------------
Start timing: 
Parameters: 
{'W_layers': 5, 'W_layer_units_exponent_0': 8, 'W_layer_units_exponent_1': 10, 'W_layer_units_exponent_2': 7, 'W_layer_units_exponent_3': 6, 'W_layer_units_exponent_4': 5, 'D_layers': 5, 'D_layer_units_exponent_0': 7, 'D_layer_units_exponent_1': 9, 'D_layer_units_exponent_2': 8, 'D_layer_units_exponent_3': 8, 'D_layer_units_exponent_4': 5, 'D_dagger_layers': 3, 'D_dagger_layer_units_exponent_0': 9, 'D_dagger_layer_units_exponent_1': 4, 'D_dagger_layer_units_exponent_2': 5, 'log_learning_rate': -2.375113001334506, 'log_learning_rate_D': -3.2000930265372247, 'log_learning_rate_D_dagger': -2.450986128127874, 'training_batch_size': 6, 'training_p': 7}
	 epoch  0 training error:  tensor(1.1195, device='cuda:0', grad_fn=<DivBackward0>)
Memory status after this epoch: 
Memory allocated:  188.48095703125
Memory cached:  346.0
	 epoch  10 training error:  tensor(0.5959, device='cuda:0', grad_fn=<DivBackward0>)
Memory status after this epoch: 
Memory allocated:  188.48095703125
Memory cached:  346.0
	 epoch  20 training error:  tensor(0.5368, device='cuda:0', grad_fn=<DivBackward0>)
Memory status after this epoch: 
Memory allocated:  188.48095703125
Memory cached:  346.0
	 epoch  30 training error:  tensor(0.5330, device='cuda:0', grad_fn=<DivBackward0>)
Memory status after this epoch: 
Memory allocated:  188.48095703125
Memory cached:  346.0
	 epoch  40 training error:  tensor(0.5258, device='cuda:0', grad_fn=<DivBackward0>)
Memory status after this epoch: 
Memory allocated:  188.48095703125
Memory cached:  346.0
	 epoch  50 training error:  tensor(0.5108, device='cuda:0', grad_fn=<DivBackward0>)
Memory status after this epoch: 
Memory allocated:  188.48095703125
Memory cached:  346.0
	 epoch  60 training error:  tensor(0.3608, device='cuda:0', grad_fn=<DivBackward0>)
Memory status after this epoch: 
Memory allocated:  188.48095703125
Memory cached:  346.0
	 epoch  70 training error:  tensor(0.3160, device='cuda:0', grad_fn=<DivBackward0>)
Memory status after this epoch: 
Memory allocated:  188.48095703125
Memory cached:  346.0
	 epoch  80 training error:  tensor(0.2671, device='cuda:0', grad_fn=<DivBackward0>)
Memory status after this epoch: 
Memory allocated:  188.48095703125
Memory cached:  346.0
	 epoch  90 training error:  tensor(0.2400, device='cuda:0', grad_fn=<DivBackward0>)
Memory status after this epoch: 
Memory allocated:  188.48095703125
Memory cached:  346.0
[I 2024-01-01 10:23:54,101] Trial 204 finished with value: 0.2825520634651184 and parameters: {'W_layers': 5, 'W_layer_units_exponent_0': 8, 'W_layer_units_exponent_1': 10, 'W_layer_units_exponent_2': 7, 'W_layer_units_exponent_3': 6, 'W_layer_units_exponent_4': 5, 'D_layers': 5, 'D_layer_units_exponent_0': 7, 'D_layer_units_exponent_1': 9, 'D_layer_units_exponent_2': 8, 'D_layer_units_exponent_3': 8, 'D_layer_units_exponent_4': 5, 'D_dagger_layers': 3, 'D_dagger_layer_units_exponent_0': 9, 'D_dagger_layer_units_exponent_1': 4, 'D_dagger_layer_units_exponent_2': 5, 'log_learning_rate': -2.375113001334506, 'log_learning_rate_D': -3.2000930265372247, 'log_learning_rate_D_dagger': -2.450986128127874, 'training_batch_size': 6, 'training_p': 7}. Best is trial 171 with value: 0.11988115310668945.
Time for this trial:  320.8334925174713
Memory status after this trial: 
Memory allocated:  355.8193359375
Memory cached:  362.0
--------------------  Trial  205   --------------------
Start timing: 
Parameters: 
{'W_layers': 5, 'W_layer_units_exponent_0': 8, 'W_layer_units_exponent_1': 10, 'W_layer_units_exponent_2': 7, 'W_layer_units_exponent_3': 6, 'W_layer_units_exponent_4': 5, 'D_layers': 5, 'D_layer_units_exponent_0': 7, 'D_layer_units_exponent_1': 9, 'D_layer_units_exponent_2': 8, 'D_layer_units_exponent_3': 8, 'D_layer_units_exponent_4': 5, 'D_dagger_layers': 3, 'D_dagger_layer_units_exponent_0': 9, 'D_dagger_layer_units_exponent_1': 4, 'D_dagger_layer_units_exponent_2': 5, 'log_learning_rate': -2.658398744911833, 'log_learning_rate_D': -3.8286537501074642, 'log_learning_rate_D_dagger': -2.5647979518341355, 'training_batch_size': 6, 'training_p': 7}
	 epoch  0 training error:  tensor(1.1310, device='cuda:0', grad_fn=<DivBackward0>)
Memory status after this epoch: 
Memory allocated:  188.48095703125
Memory cached:  346.0
	 epoch  10 training error:  tensor(0.5365, device='cuda:0', grad_fn=<DivBackward0>)
Memory status after this epoch: 
Memory allocated:  188.48095703125
Memory cached:  346.0
	 epoch  20 training error:  tensor(0.5410, device='cuda:0', grad_fn=<DivBackward0>)
Memory status after this epoch: 
Memory allocated:  188.48095703125
Memory cached:  346.0
	 epoch  30 training error:  tensor(0.5301, device='cuda:0', grad_fn=<DivBackward0>)
Memory status after this epoch: 
Memory allocated:  188.48095703125
Memory cached:  346.0
	 epoch  40 training error:  tensor(0.5284, device='cuda:0', grad_fn=<DivBackward0>)
Memory status after this epoch: 
Memory allocated:  188.48095703125
Memory cached:  346.0
	 epoch  50 training error:  tensor(0.4969, device='cuda:0', grad_fn=<DivBackward0>)
Memory status after this epoch: 
Memory allocated:  188.48095703125
Memory cached:  346.0
	 epoch  60 training error:  tensor(0.4550, device='cuda:0', grad_fn=<DivBackward0>)
Memory status after this epoch: 
Memory allocated:  188.48095703125
Memory cached:  346.0
	 epoch  70 training error:  tensor(0.3693, device='cuda:0', grad_fn=<DivBackward0>)
Memory status after this epoch: 
Memory allocated:  188.48095703125
Memory cached:  346.0
	 epoch  80 training error:  tensor(0.2796, device='cuda:0', grad_fn=<DivBackward0>)
Memory status after this epoch: 
Memory allocated:  188.48095703125
Memory cached:  346.0
	 epoch  90 training error:  tensor(0.2492, device='cuda:0', grad_fn=<DivBackward0>)
Memory status after this epoch: 
Memory allocated:  188.48095703125
Memory cached:  346.0
[I 2024-01-01 10:29:12,768] Trial 205 finished with value: 0.1528826206922531 and parameters: {'W_layers': 5, 'W_layer_units_exponent_0': 8, 'W_layer_units_exponent_1': 10, 'W_layer_units_exponent_2': 7, 'W_layer_units_exponent_3': 6, 'W_layer_units_exponent_4': 5, 'D_layers': 5, 'D_layer_units_exponent_0': 7, 'D_layer_units_exponent_1': 9, 'D_layer_units_exponent_2': 8, 'D_layer_units_exponent_3': 8, 'D_layer_units_exponent_4': 5, 'D_dagger_layers': 3, 'D_dagger_layer_units_exponent_0': 9, 'D_dagger_layer_units_exponent_1': 4, 'D_dagger_layer_units_exponent_2': 5, 'log_learning_rate': -2.658398744911833, 'log_learning_rate_D': -3.8286537501074642, 'log_learning_rate_D_dagger': -2.5647979518341355, 'training_batch_size': 6, 'training_p': 7}. Best is trial 171 with value: 0.11988115310668945.
res:  tensor(0.1529, device='cuda:0', grad_fn=<DivBackward0>)
self.bestValue:  tensor(0.1623, device='cuda:0', grad_fn=<DivBackward0>)
Save this model!
Time for this trial:  318.2387013435364
Memory status after this trial: 
Memory allocated:  177.97509765625
Memory cached:  356.0
--------------------  Trial  206   --------------------
Start timing: 
Parameters: 
{'W_layers': 5, 'W_layer_units_exponent_0': 8, 'W_layer_units_exponent_1': 10, 'W_layer_units_exponent_2': 8, 'W_layer_units_exponent_3': 6, 'W_layer_units_exponent_4': 5, 'D_layers': 5, 'D_layer_units_exponent_0': 7, 'D_layer_units_exponent_1': 9, 'D_layer_units_exponent_2': 8, 'D_layer_units_exponent_3': 8, 'D_layer_units_exponent_4': 5, 'D_dagger_layers': 3, 'D_dagger_layer_units_exponent_0': 9, 'D_dagger_layer_units_exponent_1': 7, 'D_dagger_layer_units_exponent_2': 5, 'log_learning_rate': -2.146794507020055, 'log_learning_rate_D': -3.3553643451056674, 'log_learning_rate_D_dagger': -2.3125805547105793, 'training_batch_size': 6, 'training_p': 7}
	 epoch  0 training error:  tensor(2.0516, device='cuda:0', grad_fn=<DivBackward0>)
Memory status after this epoch: 
Memory allocated:  191.53759765625
Memory cached:  340.0
	 epoch  10 training error:  tensor(0.5543, device='cuda:0', grad_fn=<DivBackward0>)
Memory status after this epoch: 
Memory allocated:  191.53759765625
Memory cached:  340.0
	 epoch  20 training error:  tensor(0.5953, device='cuda:0', grad_fn=<DivBackward0>)
Memory status after this epoch: 
Memory allocated:  191.53759765625
Memory cached:  340.0
	 epoch  30 training error:  tensor(0.6256, device='cuda:0', grad_fn=<DivBackward0>)
Memory status after this epoch: 
Memory allocated:  191.53759765625
Memory cached:  338.0
	 epoch  40 training error:  tensor(0.5481, device='cuda:0', grad_fn=<DivBackward0>)
Memory status after this epoch: 
Memory allocated:  191.53759765625
Memory cached:  340.0
	 epoch  50 training error:  tensor(0.5347, device='cuda:0', grad_fn=<DivBackward0>)
Memory status after this epoch: 
Memory allocated:  191.53759765625
Memory cached:  340.0
	 epoch  60 training error:  tensor(0.5289, device='cuda:0', grad_fn=<DivBackward0>)
Memory status after this epoch: 
Memory allocated:  191.53759765625
Memory cached:  340.0
	 epoch  70 training error:  tensor(0.5026, device='cuda:0', grad_fn=<DivBackward0>)
Memory status after this epoch: 
Memory allocated:  191.53759765625
Memory cached:  340.0
	 epoch  80 training error:  tensor(0.4077, device='cuda:0', grad_fn=<DivBackward0>)
Memory status after this epoch: 
Memory allocated:  191.53759765625
Memory cached:  340.0
	 epoch  90 training error:  tensor(0.3127, device='cuda:0', grad_fn=<DivBackward0>)
Memory status after this epoch: 
Memory allocated:  191.53759765625
Memory cached:  340.0
[I 2024-01-01 10:34:33,682] Trial 206 finished with value: 0.22362270951271057 and parameters: {'W_layers': 5, 'W_layer_units_exponent_0': 8, 'W_layer_units_exponent_1': 10, 'W_layer_units_exponent_2': 8, 'W_layer_units_exponent_3': 6, 'W_layer_units_exponent_4': 5, 'D_layers': 5, 'D_layer_units_exponent_0': 7, 'D_layer_units_exponent_1': 9, 'D_layer_units_exponent_2': 8, 'D_layer_units_exponent_3': 8, 'D_layer_units_exponent_4': 5, 'D_dagger_layers': 3, 'D_dagger_layer_units_exponent_0': 9, 'D_dagger_layer_units_exponent_1': 7, 'D_dagger_layer_units_exponent_2': 5, 'log_learning_rate': -2.146794507020055, 'log_learning_rate_D': -3.3553643451056674, 'log_learning_rate_D_dagger': -2.3125805547105793, 'training_batch_size': 6, 'training_p': 7}. Best is trial 171 with value: 0.11988115310668945.
Time for this trial:  320.51210021972656
Memory status after this trial: 
Memory allocated:  369.994140625
Memory cached:  378.0
--------------------  Trial  207   --------------------
Start timing: 
Parameters: 
{'W_layers': 5, 'W_layer_units_exponent_0': 8, 'W_layer_units_exponent_1': 10, 'W_layer_units_exponent_2': 7, 'W_layer_units_exponent_3': 6, 'W_layer_units_exponent_4': 5, 'D_layers': 5, 'D_layer_units_exponent_0': 7, 'D_layer_units_exponent_1': 9, 'D_layer_units_exponent_2': 8, 'D_layer_units_exponent_3': 8, 'D_layer_units_exponent_4': 5, 'D_dagger_layers': 3, 'D_dagger_layer_units_exponent_0': 10, 'D_dagger_layer_units_exponent_1': 4, 'D_dagger_layer_units_exponent_2': 5, 'log_learning_rate': -2.3177878495812605, 'log_learning_rate_D': -3.1113512085237622, 'log_learning_rate_D_dagger': -2.231117285992533, 'training_batch_size': 6, 'training_p': 7}
	 epoch  0 training error:  tensor(1.6582, device='cuda:0', grad_fn=<DivBackward0>)
Memory status after this epoch: 
Memory allocated:  188.62939453125
Memory cached:  344.0
	 epoch  10 training error:  tensor(0.6317, device='cuda:0', grad_fn=<DivBackward0>)
Memory status after this epoch: 
Memory allocated:  188.62939453125
Memory cached:  350.0
	 epoch  20 training error:  tensor(0.5744, device='cuda:0', grad_fn=<DivBackward0>)
Memory status after this epoch: 
Memory allocated:  188.62939453125
Memory cached:  354.0
	 epoch  30 training error:  tensor(0.5611, device='cuda:0', grad_fn=<DivBackward0>)
Memory status after this epoch: 
Memory allocated:  188.62939453125
Memory cached:  354.0
	 epoch  40 training error:  tensor(0.5322, device='cuda:0', grad_fn=<DivBackward0>)
Memory status after this epoch: 
Memory allocated:  188.62939453125
Memory cached:  360.0
	 epoch  50 training error:  tensor(0.5390, device='cuda:0', grad_fn=<DivBackward0>)
Memory status after this epoch: 
Memory allocated:  188.62939453125
Memory cached:  366.0
	 epoch  60 training error:  tensor(0.3661, device='cuda:0', grad_fn=<DivBackward0>)
Memory status after this epoch: 
Memory allocated:  188.62939453125
Memory cached:  362.0
	 epoch  70 training error:  tensor(0.3815, device='cuda:0', grad_fn=<DivBackward0>)
Memory status after this epoch: 
Memory allocated:  188.62939453125
Memory cached:  352.0
	 epoch  80 training error:  tensor(0.3670, device='cuda:0', grad_fn=<DivBackward0>)
Memory status after this epoch: 
Memory allocated:  188.62939453125
Memory cached:  362.0
	 epoch  90 training error:  tensor(0.3753, device='cuda:0', grad_fn=<DivBackward0>)
Memory status after this epoch: 
Memory allocated:  188.62939453125
Memory cached:  362.0
