[I 2024-03-12 20:19:19,649] Trial 179 finished with value: 0.3298530578613281 and parameters: {'log_learning_rate': -1.3860643987108312, 'log_learning_rate_D': -2.9930925975490124, 'log_learning_rate_D_dagger': -1.1946406467998483, 'training_batch_size': 8, 'training_p': 2, 'p_order_W': 4, 'p_order_D': 4, 'p_order_D_dagger': 3}. Best is trial 164 with value: 0.31252455711364746.
Time for this trial:  205.26191878318787
Memory status after this trial: 
Memory allocated:  3.935546875
Memory cached:  6.0
--------------------  Trial  180   --------------------
Start timing: 
Parameters: 
{'log_learning_rate': -1.2150837883853027, 'log_learning_rate_D': -2.985980383380731, 'log_learning_rate_D_dagger': -1.073539540670195, 'training_batch_size': 8, 'training_p': 2, 'p_order_W': 4, 'p_order_D': 4, 'p_order_D_dagger': 3}

[W 2024-03-12 20:19:22,863] Trial 180 failed with parameters: {'log_learning_rate': -1.2150837883853027, 'log_learning_rate_D': -2.985980383380731, 'log_learning_rate_D_dagger': -1.073539540670195, 'training_batch_size': 8, 'training_p': 2, 'p_order_W': 4, 'p_order_D': 4, 'p_order_D_dagger': 3} because of the following error: The value nan is not acceptable.
[W 2024-03-12 20:19:22,863] Trial 180 failed with value tensor(nan, grad_fn=<ToCopyBackward0>).
Time for this trial:  2.928276777267456
Memory status after this trial: 
Memory allocated:  3.935546875
Memory cached:  6.0
--------------------  Trial  181   --------------------
Start timing: 
Parameters: 
{'log_learning_rate': -1.3824057517542583, 'log_learning_rate_D': -2.807100737949289, 'log_learning_rate_D_dagger': -1.199586301039924, 'training_batch_size': 8, 'training_p': 2, 'p_order_W': 4, 'p_order_D': 4, 'p_order_D_dagger': 3}

	 epoch  0 training error:  tensor(78.5140, grad_fn=<ToCopyBackward0>)
Memory status after this epoch: 
Memory allocated:  2.23095703125
Memory cached:  6.0
	 epoch  10 training error:  tensor(4.4820, grad_fn=<ToCopyBackward0>)
Memory status after this epoch: 
Memory allocated:  2.23095703125
Memory cached:  6.0
	 epoch  20 training error:  tensor(1.0815, grad_fn=<ToCopyBackward0>)
Memory status after this epoch: 
Memory allocated:  2.23095703125
Memory cached:  6.0
	 epoch  30 training error:  tensor(0.4359, grad_fn=<ToCopyBackward0>)
Memory status after this epoch: 
Memory allocated:  2.23095703125
Memory cached:  6.0
	 epoch  40 training error:  tensor(0.3938, grad_fn=<ToCopyBackward0>)
Memory status after this epoch: 
Memory allocated:  2.23095703125
Memory cached:  6.0
	 epoch  50 training error:  tensor(0.3640, grad_fn=<ToCopyBackward0>)
Memory status after this epoch: 
Memory allocated:  2.23095703125
Memory cached:  6.0
	 epoch  60 training error:  tensor(0.3380, grad_fn=<ToCopyBackward0>)
Memory status after this epoch: 
Memory allocated:  2.23095703125
Memory cached:  6.0
	 epoch  70 training error:  tensor(0.3134, grad_fn=<ToCopyBackward0>)
Memory status after this epoch: 
Memory allocated:  2.23095703125
Memory cached:  6.0
	 epoch  80 training error:  tensor(0.3008, grad_fn=<ToCopyBackward0>)
Memory status after this epoch: 
Memory allocated:  2.23095703125
Memory cached:  6.0
	 epoch  90 training error:  tensor(0.2934, grad_fn=<ToCopyBackward0>)
Memory status after this epoch: 
Memory allocated:  2.23095703125
Memory cached:  6.0
[I 2024-03-12 20:22:43,914] Trial 181 finished with value: 0.3123883605003357 and parameters: {'log_learning_rate': -1.3824057517542583, 'log_learning_rate_D': -2.807100737949289, 'log_learning_rate_D_dagger': -1.199586301039924, 'training_batch_size': 8, 'training_p': 2, 'p_order_W': 4, 'p_order_D': 4, 'p_order_D_dagger': 3}. Best is trial 181 with value: 0.3123883605003357.
res:  tensor(0.3124, grad_fn=<ToCopyBackward0>)
self.bestValue:  tensor(0.3125, grad_fn=<ToCopyBackward0>)
Save this model!
Time for this trial:  200.79318165779114
Memory status after this trial: 
Memory allocated:  2.00634765625
Memory cached:  6.0
--------------------  Trial  182   --------------------
Start timing: 
Parameters: 
{'log_learning_rate': -1.3623489767787669, 'log_learning_rate_D': -2.6453994112896027, 'log_learning_rate_D_dagger': -1.1824991106214953, 'training_batch_size': 8, 'training_p': 2, 'p_order_W': 4, 'p_order_D': 4, 'p_order_D_dagger': 3}

	 epoch  0 training error:  tensor(46.1379, grad_fn=<ToCopyBackward0>)
Memory status after this epoch: 
Memory allocated:  2.03662109375
Memory cached:  6.0
	 epoch  10 training error:  tensor(3.5986, grad_fn=<ToCopyBackward0>)
Memory status after this epoch: 
Memory allocated:  2.03662109375
Memory cached:  6.0
	 epoch  20 training error:  tensor(0.4255, grad_fn=<ToCopyBackward0>)
Memory status after this epoch: 
Memory allocated:  2.03662109375
Memory cached:  6.0
	 epoch  30 training error:  tensor(0.3690, grad_fn=<ToCopyBackward0>)
Memory status after this epoch: 
Memory allocated:  2.03662109375
Memory cached:  6.0
	 epoch  40 training error:  tensor(0.3320, grad_fn=<ToCopyBackward0>)
Memory status after this epoch: 
Memory allocated:  2.03662109375
Memory cached:  6.0
	 epoch  50 training error:  tensor(0.3064, grad_fn=<ToCopyBackward0>)
Memory status after this epoch: 
Memory allocated:  2.03662109375
Memory cached:  6.0
	 epoch  60 training error:  tensor(0.2953, grad_fn=<ToCopyBackward0>)
Memory status after this epoch: 
Memory allocated:  2.03662109375
Memory cached:  6.0
	 epoch  70 training error:  tensor(0.2969, grad_fn=<ToCopyBackward0>)
Memory status after this epoch: 
Memory allocated:  2.03662109375
Memory cached:  6.0
	 epoch  80 training error:  tensor(0.2973, grad_fn=<ToCopyBackward0>)
Memory status after this epoch: 
Memory allocated:  2.03662109375
Memory cached:  6.0
	 epoch  90 training error:  tensor(0.2985, grad_fn=<ToCopyBackward0>)
Memory status after this epoch: 
Memory allocated:  2.03662109375
Memory cached:  6.0
[I 2024-03-12 20:26:08,040] Trial 182 finished with value: 0.31342440843582153 and parameters: {'log_learning_rate': -1.3623489767787669, 'log_learning_rate_D': -2.6453994112896027, 'log_learning_rate_D_dagger': -1.1824991106214953, 'training_batch_size': 8, 'training_p': 2, 'p_order_W': 4, 'p_order_D': 4, 'p_order_D_dagger': 3}. Best is trial 181 with value: 0.3123883605003357.
Time for this trial:  203.87458872795105
Memory status after this trial: 
Memory allocated:  3.7412109375
Memory cached:  6.0
--------------------  Trial  183   --------------------
Start timing: 
Parameters: 
{'log_learning_rate': -1.229013928640919, 'log_learning_rate_D': -2.8044984256422354, 'log_learning_rate_D_dagger': -1.1929188339572567, 'training_batch_size': 8, 'training_p': 2, 'p_order_W': 4, 'p_order_D': 4, 'p_order_D_dagger': 3}

[W 2024-03-12 20:26:11,146] Trial 183 failed with parameters: {'log_learning_rate': -1.229013928640919, 'log_learning_rate_D': -2.8044984256422354, 'log_learning_rate_D_dagger': -1.1929188339572567, 'training_batch_size': 8, 'training_p': 2, 'p_order_W': 4, 'p_order_D': 4, 'p_order_D_dagger': 3} because of the following error: The value nan is not acceptable.
[W 2024-03-12 20:26:11,146] Trial 183 failed with value tensor(nan, grad_fn=<ToCopyBackward0>).
Time for this trial:  2.8449108600616455
Memory status after this trial: 
Memory allocated:  3.7412109375
Memory cached:  6.0
--------------------  Trial  184   --------------------
Start timing: 
Parameters: 
{'log_learning_rate': -1.2010923874519512, 'log_learning_rate_D': -2.604394170557451, 'log_learning_rate_D_dagger': -1.0560229271615116, 'training_batch_size': 8, 'training_p': 2, 'p_order_W': 4, 'p_order_D': 4, 'p_order_D_dagger': 3}

[W 2024-03-12 20:26:14,244] Trial 184 failed with parameters: {'log_learning_rate': -1.2010923874519512, 'log_learning_rate_D': -2.604394170557451, 'log_learning_rate_D_dagger': -1.0560229271615116, 'training_batch_size': 8, 'training_p': 2, 'p_order_W': 4, 'p_order_D': 4, 'p_order_D_dagger': 3} because of the following error: The value nan is not acceptable.
[W 2024-03-12 20:26:14,244] Trial 184 failed with value tensor(nan, grad_fn=<ToCopyBackward0>).
Time for this trial:  2.8602731227874756
Memory status after this trial: 
Memory allocated:  3.7412109375
Memory cached:  6.0
--------------------  Trial  185   --------------------
Start timing: 
Parameters: 
{'log_learning_rate': -1.4272454476271625, 'log_learning_rate_D': -2.6263371920451952, 'log_learning_rate_D_dagger': -1.1666711530898617, 'training_batch_size': 8, 'training_p': 2, 'p_order_W': 4, 'p_order_D': 4, 'p_order_D_dagger': 3}

[W 2024-03-12 20:26:17,446] Trial 185 failed with parameters: {'log_learning_rate': -1.4272454476271625, 'log_learning_rate_D': -2.6263371920451952, 'log_learning_rate_D_dagger': -1.1666711530898617, 'training_batch_size': 8, 'training_p': 2, 'p_order_W': 4, 'p_order_D': 4, 'p_order_D_dagger': 3} because of the following error: The value nan is not acceptable.
[W 2024-03-12 20:26:17,447] Trial 185 failed with value tensor(nan, grad_fn=<ToCopyBackward0>).
Time for this trial:  2.9352822303771973
Memory status after this trial: 
Memory allocated:  3.7412109375
Memory cached:  6.0
--------------------  Trial  186   --------------------
Start timing: 
Parameters: 
{'log_learning_rate': -1.2393479923101933, 'log_learning_rate_D': -2.6471646019564514, 'log_learning_rate_D_dagger': -1.0669276987538343, 'training_batch_size': 8, 'training_p': 2, 'p_order_W': 4, 'p_order_D': 4, 'p_order_D_dagger': 3}

[W 2024-03-12 20:26:20,610] Trial 186 failed with parameters: {'log_learning_rate': -1.2393479923101933, 'log_learning_rate_D': -2.6471646019564514, 'log_learning_rate_D_dagger': -1.0669276987538343, 'training_batch_size': 8, 'training_p': 2, 'p_order_W': 4, 'p_order_D': 4, 'p_order_D_dagger': 3} because of the following error: The value nan is not acceptable.
[W 2024-03-12 20:26:20,611] Trial 186 failed with value tensor(nan, grad_fn=<ToCopyBackward0>).
Time for this trial:  2.907998561859131
Memory status after this trial: 
Memory allocated:  3.7412109375
Memory cached:  6.0
--------------------  Trial  187   --------------------
Start timing: 
Parameters: 
{'log_learning_rate': -1.4014932102579485, 'log_learning_rate_D': -2.6371785984128704, 'log_learning_rate_D_dagger': -1.078131173057713, 'training_batch_size': 8, 'training_p': 2, 'p_order_W': 4, 'p_order_D': 4, 'p_order_D_dagger': 3}

[W 2024-03-12 20:26:23,796] Trial 187 failed with parameters: {'log_learning_rate': -1.4014932102579485, 'log_learning_rate_D': -2.6371785984128704, 'log_learning_rate_D_dagger': -1.078131173057713, 'training_batch_size': 8, 'training_p': 2, 'p_order_W': 4, 'p_order_D': 4, 'p_order_D_dagger': 3} because of the following error: The value nan is not acceptable.
[W 2024-03-12 20:26:23,796] Trial 187 failed with value tensor(nan, grad_fn=<ToCopyBackward0>).
Time for this trial:  2.9048705101013184
Memory status after this trial: 
Memory allocated:  3.7412109375
Memory cached:  6.0
--------------------  Trial  188   --------------------
Start timing: 
Parameters: 
{'log_learning_rate': -1.220021675692017, 'log_learning_rate_D': -2.646802687267637, 'log_learning_rate_D_dagger': -1.059680100068211, 'training_batch_size': 8, 'training_p': 2, 'p_order_W': 4, 'p_order_D': 4, 'p_order_D_dagger': 3}

[W 2024-03-12 20:26:26,969] Trial 188 failed with parameters: {'log_learning_rate': -1.220021675692017, 'log_learning_rate_D': -2.646802687267637, 'log_learning_rate_D_dagger': -1.059680100068211, 'training_batch_size': 8, 'training_p': 2, 'p_order_W': 4, 'p_order_D': 4, 'p_order_D_dagger': 3} because of the following error: The value nan is not acceptable.
[W 2024-03-12 20:26:26,969] Trial 188 failed with value tensor(nan, grad_fn=<ToCopyBackward0>).
Time for this trial:  2.8821306228637695
Memory status after this trial: 
Memory allocated:  3.7412109375
Memory cached:  6.0
--------------------  Trial  189   --------------------
Start timing: 
Parameters: 
{'log_learning_rate': -1.2350063993813782, 'log_learning_rate_D': -2.6481310808171363, 'log_learning_rate_D_dagger': -1.0669743463595778, 'training_batch_size': 8, 'training_p': 2, 'p_order_W': 4, 'p_order_D': 4, 'p_order_D_dagger': 3}

[W 2024-03-12 20:26:30,068] Trial 189 failed with parameters: {'log_learning_rate': -1.2350063993813782, 'log_learning_rate_D': -2.6481310808171363, 'log_learning_rate_D_dagger': -1.0669743463595778, 'training_batch_size': 8, 'training_p': 2, 'p_order_W': 4, 'p_order_D': 4, 'p_order_D_dagger': 3} because of the following error: The value nan is not acceptable.
[W 2024-03-12 20:26:30,068] Trial 189 failed with value tensor(nan, grad_fn=<ToCopyBackward0>).
Time for this trial:  2.8550822734832764
Memory status after this trial: 
Memory allocated:  3.7412109375
Memory cached:  6.0
--------------------  Trial  190   --------------------
Start timing: 
Parameters: 
{'log_learning_rate': -1.1718165794347342, 'log_learning_rate_D': -2.6518996105830777, 'log_learning_rate_D_dagger': -1.086270865502651, 'training_batch_size': 8, 'training_p': 2, 'p_order_W': 4, 'p_order_D': 4, 'p_order_D_dagger': 3}

	 epoch  0 training error:  tensor(53.8708, grad_fn=<ToCopyBackward0>)
Memory status after this epoch: 
Memory allocated:  2.03662109375
Memory cached:  6.0
	 epoch  10 training error:  tensor(1.3763, grad_fn=<ToCopyBackward0>)
Memory status after this epoch: 
Memory allocated:  2.03662109375
Memory cached:  6.0
	 epoch  20 training error:  tensor(0.4350, grad_fn=<ToCopyBackward0>)
Memory status after this epoch: 
Memory allocated:  2.03662109375
Memory cached:  6.0
	 epoch  30 training error:  tensor(0.4000, grad_fn=<ToCopyBackward0>)
Memory status after this epoch: 
Memory allocated:  2.03662109375
Memory cached:  6.0
	 epoch  40 training error:  tensor(0.3388, grad_fn=<ToCopyBackward0>)
Memory status after this epoch: 
Memory allocated:  2.03662109375
Memory cached:  6.0
	 epoch  50 training error:  tensor(0.3216, grad_fn=<ToCopyBackward0>)
Memory status after this epoch: 
Memory allocated:  2.03662109375
Memory cached:  6.0
	 epoch  60 training error:  tensor(0.3137, grad_fn=<ToCopyBackward0>)
Memory status after this epoch: 
Memory allocated:  2.03662109375
Memory cached:  6.0
	 epoch  70 training error:  tensor(0.3189, grad_fn=<ToCopyBackward0>)
Memory status after this epoch: 
Memory allocated:  2.03662109375
Memory cached:  6.0
	 epoch  80 training error:  tensor(0.3181, grad_fn=<ToCopyBackward0>)
Memory status after this epoch: 
Memory allocated:  2.03662109375
Memory cached:  6.0
	 epoch  90 training error:  tensor(0.3189, grad_fn=<ToCopyBackward0>)
Memory status after this epoch: 
Memory allocated:  2.03662109375
Memory cached:  6.0
[I 2024-03-12 20:29:54,784] Trial 190 finished with value: 0.3475225567817688 and parameters: {'log_learning_rate': -1.1718165794347342, 'log_learning_rate_D': -2.6518996105830777, 'log_learning_rate_D_dagger': -1.086270865502651, 'training_batch_size': 8, 'training_p': 2, 'p_order_W': 4, 'p_order_D': 4, 'p_order_D_dagger': 3}. Best is trial 181 with value: 0.3123883605003357.
Time for this trial:  204.46019864082336
Memory status after this trial: 
Memory allocated:  3.7412109375
Memory cached:  6.0
--------------------  Trial  191   --------------------
Start timing: 
Parameters: 
{'log_learning_rate': -1.2295285066446906, 'log_learning_rate_D': -2.8058339334339504, 'log_learning_rate_D_dagger': -1.1797867063763303, 'training_batch_size': 8, 'training_p': 2, 'p_order_W': 4, 'p_order_D': 4, 'p_order_D_dagger': 3}

[W 2024-03-12 20:29:57,947] Trial 191 failed with parameters: {'log_learning_rate': -1.2295285066446906, 'log_learning_rate_D': -2.8058339334339504, 'log_learning_rate_D_dagger': -1.1797867063763303, 'training_batch_size': 8, 'training_p': 2, 'p_order_W': 4, 'p_order_D': 4, 'p_order_D_dagger': 3} because of the following error: The value nan is not acceptable.
[W 2024-03-12 20:29:57,948] Trial 191 failed with value tensor(nan, grad_fn=<ToCopyBackward0>).
Time for this trial:  2.8900725841522217
Memory status after this trial: 
Memory allocated:  3.7412109375
Memory cached:  6.0
--------------------  Trial  192   --------------------
Start timing: 
Parameters: 
{'log_learning_rate': -1.2332484000704762, 'log_learning_rate_D': -2.7966680221026214, 'log_learning_rate_D_dagger': -1.1744726049310354, 'training_batch_size': 8, 'training_p': 2, 'p_order_W': 4, 'p_order_D': 4, 'p_order_D_dagger': 3}

[W 2024-03-12 20:30:01,088] Trial 192 failed with parameters: {'log_learning_rate': -1.2332484000704762, 'log_learning_rate_D': -2.7966680221026214, 'log_learning_rate_D_dagger': -1.1744726049310354, 'training_batch_size': 8, 'training_p': 2, 'p_order_W': 4, 'p_order_D': 4, 'p_order_D_dagger': 3} because of the following error: The value nan is not acceptable.
[W 2024-03-12 20:30:01,088] Trial 192 failed with value tensor(nan, grad_fn=<ToCopyBackward0>).
Time for this trial:  2.8551950454711914
Memory status after this trial: 
Memory allocated:  3.7412109375
Memory cached:  6.0
--------------------  Trial  193   --------------------
Start timing: 
Parameters: 
{'log_learning_rate': -1.2406204168936883, 'log_learning_rate_D': -2.8086368637006864, 'log_learning_rate_D_dagger': -1.1812869587475952, 'training_batch_size': 8, 'training_p': 2, 'p_order_W': 4, 'p_order_D': 4, 'p_order_D_dagger': 3}

[W 2024-03-12 20:30:04,187] Trial 193 failed with parameters: {'log_learning_rate': -1.2406204168936883, 'log_learning_rate_D': -2.8086368637006864, 'log_learning_rate_D_dagger': -1.1812869587475952, 'training_batch_size': 8, 'training_p': 2, 'p_order_W': 4, 'p_order_D': 4, 'p_order_D_dagger': 3} because of the following error: The value nan is not acceptable.
[W 2024-03-12 20:30:04,187] Trial 193 failed with value tensor(nan, grad_fn=<ToCopyBackward0>).
Time for this trial:  2.8412599563598633
Memory status after this trial: 
Memory allocated:  3.7412109375
Memory cached:  6.0
--------------------  Trial  194   --------------------
Start timing: 
Parameters: 
{'log_learning_rate': -1.4070004390436182, 'log_learning_rate_D': -2.8268660952710785, 'log_learning_rate_D_dagger': -1.1826036918062992, 'training_batch_size': 8, 'training_p': 2, 'p_order_W': 4, 'p_order_D': 4, 'p_order_D_dagger': 3}

	 epoch  0 training error:  tensor(27.4769, grad_fn=<ToCopyBackward0>)
Memory status after this epoch: 
Memory allocated:  2.03662109375
Memory cached:  6.0
	 epoch  10 training error:  tensor(1.3219, grad_fn=<ToCopyBackward0>)
Memory status after this epoch: 
Memory allocated:  2.03662109375
Memory cached:  6.0
	 epoch  20 training error:  tensor(0.4678, grad_fn=<ToCopyBackward0>)
Memory status after this epoch: 
Memory allocated:  2.03662109375
Memory cached:  6.0
	 epoch  30 training error:  tensor(0.4172, grad_fn=<ToCopyBackward0>)
Memory status after this epoch: 
Memory allocated:  2.03662109375
Memory cached:  6.0
	 epoch  40 training error:  tensor(0.3472, grad_fn=<ToCopyBackward0>)
Memory status after this epoch: 
Memory allocated:  2.03662109375
Memory cached:  6.0
	 epoch  50 training error:  tensor(0.3138, grad_fn=<ToCopyBackward0>)
Memory status after this epoch: 
Memory allocated:  2.03662109375
Memory cached:  6.0
	 epoch  60 training error:  tensor(0.3029, grad_fn=<ToCopyBackward0>)
Memory status after this epoch: 
Memory allocated:  2.03662109375
Memory cached:  6.0
	 epoch  70 training error:  tensor(0.2964, grad_fn=<ToCopyBackward0>)
Memory status after this epoch: 
Memory allocated:  2.03662109375
Memory cached:  6.0
	 epoch  80 training error:  tensor(0.2943, grad_fn=<ToCopyBackward0>)
Memory status after this epoch: 
Memory allocated:  2.03662109375
Memory cached:  6.0
	 epoch  90 training error:  tensor(0.2930, grad_fn=<ToCopyBackward0>)
Memory status after this epoch: 
Memory allocated:  2.03662109375
Memory cached:  6.0
