[I 2023-12-07 03:50:12,880] Trial 18 finished with value: 0.6337321400642395 and parameters: {'W_layers': 5, 'W_layer_units_exponent_0': 9, 'W_layer_units_exponent_1': 9, 'W_layer_units_exponent_2': 9, 'W_layer_units_exponent_3': 8, 'W_layer_units_exponent_4': 10, 'D_layers': 3, 'D_layer_units_exponent_0': 10, 'D_layer_units_exponent_1': 6, 'D_layer_units_exponent_2': 6, 'D_dagger_layers': 7, 'D_dagger_layer_units_exponent_0': 5, 'D_dagger_layer_units_exponent_1': 9, 'D_dagger_layer_units_exponent_2': 7, 'D_dagger_layer_units_exponent_3': 8, 'D_dagger_layer_units_exponent_4': 6, 'D_dagger_layer_units_exponent_5': 5, 'D_dagger_layer_units_exponent_6': 8, 'log_learning_rate': -2.409762526705916, 'log_learning_rate_D': -4.493781291904714, 'log_learning_rate_D_dagger': -3.4324870662946223, 'training_batch_size': 10, 'training_p': 4}. Best is trial 16 with value: 0.533810019493103.
Time for this trial:  20.83257246017456
Memory status after this trial: 
Memory allocated:  526.91357421875
Memory cached:  562.0
--------------------  Trial  19   --------------------
Start timing: 
Parameters: 
{'W_layers': 7, 'W_layer_units_exponent_0': 6, 'W_layer_units_exponent_1': 8, 'W_layer_units_exponent_2': 9, 'W_layer_units_exponent_3': 9, 'W_layer_units_exponent_4': 8, 'W_layer_units_exponent_5': 10, 'W_layer_units_exponent_6': 10, 'D_layers': 3, 'D_layer_units_exponent_0': 4, 'D_layer_units_exponent_1': 8, 'D_layer_units_exponent_2': 7, 'D_dagger_layers': 5, 'D_dagger_layer_units_exponent_0': 9, 'D_dagger_layer_units_exponent_1': 6, 'D_dagger_layer_units_exponent_2': 4, 'D_dagger_layer_units_exponent_3': 6, 'D_dagger_layer_units_exponent_4': 5, 'log_learning_rate': -3.192691369118276, 'log_learning_rate_D': -4.065890545037403, 'log_learning_rate_D_dagger': -4.81651230793129, 'training_batch_size': 11, 'training_p': 3}
	 epoch  0 training error:  tensor(0.9916, device='cuda:0', grad_fn=<DivBackward0>)
Memory status after this epoch: 
Memory allocated:  336.22412109375
Memory cached:  476.0
	 epoch  10 training error:  tensor(0.9703, device='cuda:0', grad_fn=<DivBackward0>)
Memory status after this epoch: 
Memory allocated:  336.22412109375
Memory cached:  476.0
	 epoch  20 training error:  tensor(0.9679, device='cuda:0', grad_fn=<DivBackward0>)
Memory status after this epoch: 
Memory allocated:  336.22412109375
Memory cached:  476.0
	 epoch  30 training error:  tensor(0.9658, device='cuda:0', grad_fn=<DivBackward0>)
Memory status after this epoch: 
Memory allocated:  336.22412109375
Memory cached:  476.0
	 epoch  40 training error:  tensor(0.9632, device='cuda:0', grad_fn=<DivBackward0>)
Memory status after this epoch: 
Memory allocated:  336.22412109375
Memory cached:  476.0
	 epoch  50 training error:  tensor(0.9603, device='cuda:0', grad_fn=<DivBackward0>)
Memory status after this epoch: 
Memory allocated:  336.22412109375
Memory cached:  476.0
	 epoch  60 training error:  tensor(0.9571, device='cuda:0', grad_fn=<DivBackward0>)
Memory status after this epoch: 
Memory allocated:  336.22412109375
Memory cached:  476.0
	 epoch  70 training error:  tensor(0.9535, device='cuda:0', grad_fn=<DivBackward0>)
Memory status after this epoch: 
Memory allocated:  336.22412109375
Memory cached:  476.0
	 epoch  80 training error:  tensor(0.9492, device='cuda:0', grad_fn=<DivBackward0>)
Memory status after this epoch: 
Memory allocated:  336.22412109375
Memory cached:  476.0
	 epoch  90 training error:  tensor(0.9442, device='cuda:0', grad_fn=<DivBackward0>)
Memory status after this epoch: 
Memory allocated:  336.22412109375
Memory cached:  476.0
[I 2023-12-07 03:50:33,737] Trial 19 finished with value: 0.8407196402549744 and parameters: {'W_layers': 7, 'W_layer_units_exponent_0': 6, 'W_layer_units_exponent_1': 8, 'W_layer_units_exponent_2': 9, 'W_layer_units_exponent_3': 9, 'W_layer_units_exponent_4': 8, 'W_layer_units_exponent_5': 10, 'W_layer_units_exponent_6': 10, 'D_layers': 3, 'D_layer_units_exponent_0': 4, 'D_layer_units_exponent_1': 8, 'D_layer_units_exponent_2': 7, 'D_dagger_layers': 5, 'D_dagger_layer_units_exponent_0': 9, 'D_dagger_layer_units_exponent_1': 6, 'D_dagger_layer_units_exponent_2': 4, 'D_dagger_layer_units_exponent_3': 6, 'D_dagger_layer_units_exponent_4': 5, 'log_learning_rate': -3.192691369118276, 'log_learning_rate_D': -4.065890545037403, 'log_learning_rate_D_dagger': -4.81651230793129, 'training_batch_size': 11, 'training_p': 3}. Best is trial 16 with value: 0.533810019493103.
Time for this trial:  20.67128896713257
Memory status after this trial: 
Memory allocated:  547.95751953125
Memory cached:  574.0
--------------------  Trial  20   --------------------
Start timing: 
Parameters: 
{'W_layers': 5, 'W_layer_units_exponent_0': 6, 'W_layer_units_exponent_1': 9, 'W_layer_units_exponent_2': 10, 'W_layer_units_exponent_3': 7, 'W_layer_units_exponent_4': 7, 'D_layers': 2, 'D_layer_units_exponent_0': 7, 'D_layer_units_exponent_1': 6, 'D_dagger_layers': 4, 'D_dagger_layer_units_exponent_0': 4, 'D_dagger_layer_units_exponent_1': 9, 'D_dagger_layer_units_exponent_2': 9, 'D_dagger_layer_units_exponent_3': 9, 'log_learning_rate': -2.3238954089978012, 'log_learning_rate_D': -4.626880324232479, 'log_learning_rate_D_dagger': -3.7329772094766263, 'training_batch_size': 6, 'training_p': 4}
	 epoch  0 training error:  tensor(1.6690, device='cuda:0', grad_fn=<DivBackward0>)
Memory status after this epoch: 
Memory allocated:  324.99560546875
Memory cached:  456.0
	 epoch  10 training error:  tensor(0.9168, device='cuda:0', grad_fn=<DivBackward0>)
Memory status after this epoch: 
Memory allocated:  324.99560546875
Memory cached:  456.0
	 epoch  20 training error:  tensor(0.8202, device='cuda:0', grad_fn=<DivBackward0>)
Memory status after this epoch: 
Memory allocated:  324.99560546875
Memory cached:  456.0
	 epoch  30 training error:  tensor(0.8085, device='cuda:0', grad_fn=<DivBackward0>)
Memory status after this epoch: 
Memory allocated:  324.99560546875
Memory cached:  456.0
	 epoch  40 training error:  tensor(0.8011, device='cuda:0', grad_fn=<DivBackward0>)
Memory status after this epoch: 
Memory allocated:  324.99560546875
Memory cached:  456.0
	 epoch  50 training error:  tensor(0.7950, device='cuda:0', grad_fn=<DivBackward0>)
Memory status after this epoch: 
Memory allocated:  324.99560546875
Memory cached:  456.0
	 epoch  60 training error:  tensor(0.7865, device='cuda:0', grad_fn=<DivBackward0>)
Memory status after this epoch: 
Memory allocated:  324.99560546875
Memory cached:  456.0
	 epoch  70 training error:  tensor(0.7779, device='cuda:0', grad_fn=<DivBackward0>)
Memory status after this epoch: 
Memory allocated:  324.99560546875
Memory cached:  456.0
	 epoch  80 training error:  tensor(0.7681, device='cuda:0', grad_fn=<DivBackward0>)
Memory status after this epoch: 
Memory allocated:  324.99560546875
Memory cached:  456.0
	 epoch  90 training error:  tensor(0.7500, device='cuda:0', grad_fn=<DivBackward0>)
Memory status after this epoch: 
Memory allocated:  324.99560546875
Memory cached:  456.0
[I 2023-12-07 03:50:56,819] Trial 20 finished with value: 0.6903378963470459 and parameters: {'W_layers': 5, 'W_layer_units_exponent_0': 6, 'W_layer_units_exponent_1': 9, 'W_layer_units_exponent_2': 10, 'W_layer_units_exponent_3': 7, 'W_layer_units_exponent_4': 7, 'D_layers': 2, 'D_layer_units_exponent_0': 7, 'D_layer_units_exponent_1': 6, 'D_dagger_layers': 4, 'D_dagger_layer_units_exponent_0': 4, 'D_dagger_layer_units_exponent_1': 9, 'D_dagger_layer_units_exponent_2': 9, 'D_dagger_layer_units_exponent_3': 9, 'log_learning_rate': -2.3238954089978012, 'log_learning_rate_D': -4.626880324232479, 'log_learning_rate_D_dagger': -3.7329772094766263, 'training_batch_size': 6, 'training_p': 4}. Best is trial 16 with value: 0.533810019493103.
Time for this trial:  22.91199016571045
Memory status after this trial: 
Memory allocated:  496.24267578125
Memory cached:  522.0
--------------------  Trial  21   --------------------
Start timing: 
Parameters: 
{'W_layers': 6, 'W_layer_units_exponent_0': 10, 'W_layer_units_exponent_1': 9, 'W_layer_units_exponent_2': 9, 'W_layer_units_exponent_3': 9, 'W_layer_units_exponent_4': 10, 'W_layer_units_exponent_5': 10, 'D_layers': 5, 'D_layer_units_exponent_0': 4, 'D_layer_units_exponent_1': 5, 'D_layer_units_exponent_2': 5, 'D_layer_units_exponent_3': 8, 'D_layer_units_exponent_4': 4, 'D_dagger_layers': 7, 'D_dagger_layer_units_exponent_0': 6, 'D_dagger_layer_units_exponent_1': 10, 'D_dagger_layer_units_exponent_2': 8, 'D_dagger_layer_units_exponent_3': 9, 'D_dagger_layer_units_exponent_4': 5, 'D_dagger_layer_units_exponent_5': 5, 'D_dagger_layer_units_exponent_6': 10, 'log_learning_rate': -1.8333079773221523, 'log_learning_rate_D': -4.3349999169800615, 'log_learning_rate_D_dagger': -3.9484842570291283, 'training_batch_size': 11, 'training_p': 3}
	 epoch  0 training error:  tensor(0.9984, device='cuda:0', grad_fn=<DivBackward0>)
Memory status after this epoch: 
Memory allocated:  355.90869140625
Memory cached:  476.0
	 epoch  10 training error:  tensor(316.6283, device='cuda:0', grad_fn=<DivBackward0>)
Memory status after this epoch: 
Memory allocated:  355.90869140625
Memory cached:  478.0
	 epoch  20 training error:  tensor(59.0757, device='cuda:0', grad_fn=<DivBackward0>)
Memory status after this epoch: 
Memory allocated:  355.90869140625
Memory cached:  478.0
	 epoch  30 training error:  tensor(51.9518, device='cuda:0', grad_fn=<DivBackward0>)
Memory status after this epoch: 
Memory allocated:  355.90869140625
Memory cached:  478.0
	 epoch  40 training error:  tensor(228.5063, device='cuda:0', grad_fn=<DivBackward0>)
Memory status after this epoch: 
Memory allocated:  355.90869140625
Memory cached:  478.0
	 epoch  50 training error:  tensor(2.0922, device='cuda:0', grad_fn=<DivBackward0>)
Memory status after this epoch: 
Memory allocated:  355.90869140625
Memory cached:  478.0
	 epoch  60 training error:  tensor(76.5321, device='cuda:0', grad_fn=<DivBackward0>)
Memory status after this epoch: 
Memory allocated:  355.90869140625
Memory cached:  478.0
	 epoch  70 training error:  tensor(80.3727, device='cuda:0', grad_fn=<DivBackward0>)
Memory status after this epoch: 
Memory allocated:  355.90869140625
Memory cached:  478.0
	 epoch  80 training error:  tensor(1.5015, device='cuda:0', grad_fn=<DivBackward0>)
Memory status after this epoch: 
Memory allocated:  355.90869140625
Memory cached:  478.0
	 epoch  90 training error:  tensor(5.0758, device='cuda:0', grad_fn=<DivBackward0>)
Memory status after this epoch: 
Memory allocated:  355.90869140625
Memory cached:  478.0
[I 2023-12-07 03:51:20,497] Trial 21 finished with value: 3.010343551635742 and parameters: {'W_layers': 6, 'W_layer_units_exponent_0': 10, 'W_layer_units_exponent_1': 9, 'W_layer_units_exponent_2': 9, 'W_layer_units_exponent_3': 9, 'W_layer_units_exponent_4': 10, 'W_layer_units_exponent_5': 10, 'D_layers': 5, 'D_layer_units_exponent_0': 4, 'D_layer_units_exponent_1': 5, 'D_layer_units_exponent_2': 5, 'D_layer_units_exponent_3': 8, 'D_layer_units_exponent_4': 4, 'D_dagger_layers': 7, 'D_dagger_layer_units_exponent_0': 6, 'D_dagger_layer_units_exponent_1': 10, 'D_dagger_layer_units_exponent_2': 8, 'D_dagger_layer_units_exponent_3': 9, 'D_dagger_layer_units_exponent_4': 5, 'D_dagger_layer_units_exponent_5': 5, 'D_dagger_layer_units_exponent_6': 10, 'log_learning_rate': -1.8333079773221523, 'log_learning_rate_D': -4.3349999169800615, 'log_learning_rate_D_dagger': -3.9484842570291283, 'training_batch_size': 11, 'training_p': 3}. Best is trial 16 with value: 0.533810019493103.
Time for this trial:  23.422698259353638
Memory status after this trial: 
Memory allocated:  725.16845703125
Memory cached:  782.0
--------------------  Trial  22   --------------------
Start timing: 
Parameters: 
{'W_layers': 3, 'W_layer_units_exponent_0': 10, 'W_layer_units_exponent_1': 8, 'W_layer_units_exponent_2': 7, 'D_layers': 4, 'D_layer_units_exponent_0': 5, 'D_layer_units_exponent_1': 5, 'D_layer_units_exponent_2': 7, 'D_layer_units_exponent_3': 8, 'D_dagger_layers': 7, 'D_dagger_layer_units_exponent_0': 7, 'D_dagger_layer_units_exponent_1': 10, 'D_dagger_layer_units_exponent_2': 7, 'D_dagger_layer_units_exponent_3': 8, 'D_dagger_layer_units_exponent_4': 4, 'D_dagger_layer_units_exponent_5': 8, 'D_dagger_layer_units_exponent_6': 10, 'log_learning_rate': -1.523055230724328, 'log_learning_rate_D': -4.959149362660555, 'log_learning_rate_D_dagger': -3.6283977180721254, 'training_batch_size': 11, 'training_p': 3}
	 epoch  0 training error:  tensor(0.9950, device='cuda:0', grad_fn=<DivBackward0>)
Memory status after this epoch: 
Memory allocated:  319.04345703125
Memory cached:  456.0
	 epoch  10 training error:  tensor(2.7231, device='cuda:0', grad_fn=<DivBackward0>)
Memory status after this epoch: 
Memory allocated:  319.04345703125
Memory cached:  456.0
	 epoch  20 training error:  tensor(4.8067, device='cuda:0', grad_fn=<DivBackward0>)
Memory status after this epoch: 
Memory allocated:  319.04345703125
Memory cached:  456.0
	 epoch  30 training error:  tensor(5.0957, device='cuda:0', grad_fn=<DivBackward0>)
Memory status after this epoch: 
Memory allocated:  319.04345703125
Memory cached:  456.0
	 epoch  40 training error:  tensor(5.2957, device='cuda:0', grad_fn=<DivBackward0>)
Memory status after this epoch: 
Memory allocated:  319.04345703125
Memory cached:  456.0
	 epoch  50 training error:  tensor(1.1450, device='cuda:0', grad_fn=<DivBackward0>)
Memory status after this epoch: 
Memory allocated:  319.04345703125
Memory cached:  456.0
	 epoch  60 training error:  tensor(0.9520, device='cuda:0', grad_fn=<DivBackward0>)
Memory status after this epoch: 
Memory allocated:  319.04345703125
Memory cached:  456.0
	 epoch  70 training error:  tensor(0.8729, device='cuda:0', grad_fn=<DivBackward0>)
Memory status after this epoch: 
Memory allocated:  319.04345703125
Memory cached:  456.0
	 epoch  80 training error:  tensor(0.8122, device='cuda:0', grad_fn=<DivBackward0>)
Memory status after this epoch: 
Memory allocated:  319.04345703125
Memory cached:  456.0
	 epoch  90 training error:  tensor(0.7669, device='cuda:0', grad_fn=<DivBackward0>)
Memory status after this epoch: 
Memory allocated:  319.04345703125
Memory cached:  456.0
[I 2023-12-07 03:51:40,513] Trial 22 finished with value: 0.6583523154258728 and parameters: {'W_layers': 3, 'W_layer_units_exponent_0': 10, 'W_layer_units_exponent_1': 8, 'W_layer_units_exponent_2': 7, 'D_layers': 4, 'D_layer_units_exponent_0': 5, 'D_layer_units_exponent_1': 5, 'D_layer_units_exponent_2': 7, 'D_layer_units_exponent_3': 8, 'D_dagger_layers': 7, 'D_dagger_layer_units_exponent_0': 7, 'D_dagger_layer_units_exponent_1': 10, 'D_dagger_layer_units_exponent_2': 7, 'D_dagger_layer_units_exponent_3': 8, 'D_dagger_layer_units_exponent_4': 4, 'D_dagger_layer_units_exponent_5': 8, 'D_dagger_layer_units_exponent_6': 10, 'log_learning_rate': -1.523055230724328, 'log_learning_rate_D': -4.959149362660555, 'log_learning_rate_D_dagger': -3.6283977180721254, 'training_batch_size': 11, 'training_p': 3}. Best is trial 16 with value: 0.533810019493103.
Time for this trial:  19.83173108100891
Memory status after this trial: 
Memory allocated:  533.97412109375
Memory cached:  564.0
--------------------  Trial  23   --------------------
Start timing: 
Parameters: 
{'W_layers': 3, 'W_layer_units_exponent_0': 9, 'W_layer_units_exponent_1': 5, 'W_layer_units_exponent_2': 8, 'D_layers': 5, 'D_layer_units_exponent_0': 4, 'D_layer_units_exponent_1': 5, 'D_layer_units_exponent_2': 7, 'D_layer_units_exponent_3': 10, 'D_layer_units_exponent_4': 6, 'D_dagger_layers': 7, 'D_dagger_layer_units_exponent_0': 5, 'D_dagger_layer_units_exponent_1': 10, 'D_dagger_layer_units_exponent_2': 8, 'D_dagger_layer_units_exponent_3': 9, 'D_dagger_layer_units_exponent_4': 5, 'D_dagger_layer_units_exponent_5': 4, 'D_dagger_layer_units_exponent_6': 8, 'log_learning_rate': -2.0662461590718553, 'log_learning_rate_D': -4.485019256003872, 'log_learning_rate_D_dagger': -4.28241593601058, 'training_batch_size': 10, 'training_p': 2}
	 epoch  0 training error:  tensor(0.9694, device='cuda:0', grad_fn=<DivBackward0>)
Memory status after this epoch: 
Memory allocated:  313.70654296875
Memory cached:  458.0
	 epoch  10 training error:  tensor(1.0065, device='cuda:0', grad_fn=<DivBackward0>)
Memory status after this epoch: 
Memory allocated:  313.70654296875
Memory cached:  458.0
	 epoch  20 training error:  tensor(0.9234, device='cuda:0', grad_fn=<DivBackward0>)
Memory status after this epoch: 
Memory allocated:  313.70654296875
Memory cached:  458.0
	 epoch  30 training error:  tensor(0.8953, device='cuda:0', grad_fn=<DivBackward0>)
Memory status after this epoch: 
Memory allocated:  313.70654296875
Memory cached:  458.0
	 epoch  40 training error:  tensor(0.8544, device='cuda:0', grad_fn=<DivBackward0>)
Memory status after this epoch: 
Memory allocated:  313.70654296875
Memory cached:  458.0
	 epoch  50 training error:  tensor(0.7871, device='cuda:0', grad_fn=<DivBackward0>)
Memory status after this epoch: 
Memory allocated:  313.70654296875
Memory cached:  458.0
	 epoch  60 training error:  tensor(0.7286, device='cuda:0', grad_fn=<DivBackward0>)
Memory status after this epoch: 
Memory allocated:  313.70654296875
Memory cached:  458.0
	 epoch  70 training error:  tensor(0.7251, device='cuda:0', grad_fn=<DivBackward0>)
Memory status after this epoch: 
Memory allocated:  313.70654296875
Memory cached:  458.0
	 epoch  80 training error:  tensor(0.7177, device='cuda:0', grad_fn=<DivBackward0>)
Memory status after this epoch: 
Memory allocated:  313.70654296875
Memory cached:  458.0
	 epoch  90 training error:  tensor(0.7114, device='cuda:0', grad_fn=<DivBackward0>)
Memory status after this epoch: 
Memory allocated:  313.70654296875
Memory cached:  458.0
[I 2023-12-07 03:52:00,450] Trial 23 finished with value: 0.6938630938529968 and parameters: {'W_layers': 3, 'W_layer_units_exponent_0': 9, 'W_layer_units_exponent_1': 5, 'W_layer_units_exponent_2': 8, 'D_layers': 5, 'D_layer_units_exponent_0': 4, 'D_layer_units_exponent_1': 5, 'D_layer_units_exponent_2': 7, 'D_layer_units_exponent_3': 10, 'D_layer_units_exponent_4': 6, 'D_dagger_layers': 7, 'D_dagger_layer_units_exponent_0': 5, 'D_dagger_layer_units_exponent_1': 10, 'D_dagger_layer_units_exponent_2': 8, 'D_dagger_layer_units_exponent_3': 9, 'D_dagger_layer_units_exponent_4': 5, 'D_dagger_layer_units_exponent_5': 4, 'D_dagger_layer_units_exponent_6': 8, 'log_learning_rate': -2.0662461590718553, 'log_learning_rate_D': -4.485019256003872, 'log_learning_rate_D_dagger': -4.28241593601058, 'training_batch_size': 10, 'training_p': 2}. Best is trial 16 with value: 0.533810019493103.
Time for this trial:  19.740794897079468
Memory status after this trial: 
Memory allocated:  464.11962890625
Memory cached:  498.0
--------------------  Trial  24   --------------------
Start timing: 
Parameters: 
{'W_layers': 5, 'W_layer_units_exponent_0': 10, 'W_layer_units_exponent_1': 7, 'W_layer_units_exponent_2': 9, 'W_layer_units_exponent_3': 6, 'W_layer_units_exponent_4': 7, 'D_layers': 6, 'D_layer_units_exponent_0': 6, 'D_layer_units_exponent_1': 6, 'D_layer_units_exponent_2': 5, 'D_layer_units_exponent_3': 8, 'D_layer_units_exponent_4': 6, 'D_layer_units_exponent_5': 10, 'D_dagger_layers': 8, 'D_dagger_layer_units_exponent_0': 7, 'D_dagger_layer_units_exponent_1': 8, 'D_dagger_layer_units_exponent_2': 9, 'D_dagger_layer_units_exponent_3': 7, 'D_dagger_layer_units_exponent_4': 6, 'D_dagger_layer_units_exponent_5': 5, 'D_dagger_layer_units_exponent_6': 9, 'D_dagger_layer_units_exponent_7': 9, 'log_learning_rate': -2.507788815439584, 'log_learning_rate_D': -3.9391523850902592, 'log_learning_rate_D_dagger': -3.2515236799519607, 'training_batch_size': 9, 'training_p': 4}
	 epoch  0 training error:  tensor(0.9999, device='cuda:0', grad_fn=<DivBackward0>)
Memory status after this epoch: 
Memory allocated:  317.669921875
Memory cached:  456.0
	 epoch  10 training error:  tensor(0.9530, device='cuda:0', grad_fn=<DivBackward0>)
Memory status after this epoch: 
Memory allocated:  317.669921875
Memory cached:  456.0
	 epoch  20 training error:  tensor(0.8247, device='cuda:0', grad_fn=<DivBackward0>)
Memory status after this epoch: 
Memory allocated:  317.669921875
Memory cached:  456.0
	 epoch  30 training error:  tensor(0.8083, device='cuda:0', grad_fn=<DivBackward0>)
Memory status after this epoch: 
Memory allocated:  317.669921875
Memory cached:  456.0
	 epoch  40 training error:  tensor(0.7936, device='cuda:0', grad_fn=<DivBackward0>)
Memory status after this epoch: 
Memory allocated:  317.669921875
Memory cached:  456.0
	 epoch  50 training error:  tensor(0.7769, device='cuda:0', grad_fn=<DivBackward0>)
Memory status after this epoch: 
Memory allocated:  317.669921875
Memory cached:  456.0
	 epoch  60 training error:  tensor(0.7794, device='cuda:0', grad_fn=<DivBackward0>)
Memory status after this epoch: 
Memory allocated:  317.669921875
Memory cached:  456.0
	 epoch  70 training error:  tensor(0.7200, device='cuda:0', grad_fn=<DivBackward0>)
Memory status after this epoch: 
Memory allocated:  317.669921875
Memory cached:  456.0
	 epoch  80 training error:  tensor(0.6815, device='cuda:0', grad_fn=<DivBackward0>)
Memory status after this epoch: 
Memory allocated:  317.669921875
Memory cached:  456.0
	 epoch  90 training error:  tensor(0.7427, device='cuda:0', grad_fn=<DivBackward0>)
Memory status after this epoch: 
Memory allocated:  317.669921875
Memory cached:  456.0
