[I 2024-01-11 05:17:45,803] Trial 143 finished with value: 0.08495467156171799 and parameters: {'W_layers': 2, 'W_layer_units_exponent_0': 8, 'W_layer_units_exponent_1': 5, 'D_layers': 4, 'D_layer_units_exponent_0': 8, 'D_layer_units_exponent_1': 6, 'D_layer_units_exponent_2': 8, 'D_layer_units_exponent_3': 4, 'D_dagger_layers': 4, 'D_dagger_layer_units_exponent_0': 10, 'D_dagger_layer_units_exponent_1': 6, 'D_dagger_layer_units_exponent_2': 5, 'D_dagger_layer_units_exponent_3': 7, 'log_learning_rate': -3.6055430353053914, 'log_learning_rate_D': -2.583310611661342, 'log_learning_rate_D_dagger': -2.9188927848579516, 'training_batch_size': 6, 'training_p': 8}. Best is trial 129 with value: 0.06846926361322403.
Time for this trial:  392.03547167778015
Memory status after this trial: 
Memory allocated:  538.4794921875
Memory cached:  562.0
--------------------  Trial  144   --------------------
Start timing: 
Parameters: 
{'W_layers': 2, 'W_layer_units_exponent_0': 8, 'W_layer_units_exponent_1': 5, 'D_layers': 4, 'D_layer_units_exponent_0': 8, 'D_layer_units_exponent_1': 6, 'D_layer_units_exponent_2': 8, 'D_layer_units_exponent_3': 5, 'D_dagger_layers': 4, 'D_dagger_layer_units_exponent_0': 10, 'D_dagger_layer_units_exponent_1': 6, 'D_dagger_layer_units_exponent_2': 5, 'D_dagger_layer_units_exponent_3': 7, 'log_learning_rate': -3.776882772835962, 'log_learning_rate_D': -2.234506172654936, 'log_learning_rate_D_dagger': -2.962473109905521, 'training_batch_size': 6, 'training_p': 8}
	 epoch  0 training error:  tensor(0.7140, device='cuda:0', grad_fn=<DivBackward0>)
Memory status after this epoch: 
Memory allocated:  315.1533203125
Memory cached:  560.0
	 epoch  10 training error:  tensor(0.3921, device='cuda:0', grad_fn=<DivBackward0>)
Memory status after this epoch: 
Memory allocated:  315.1533203125
Memory cached:  570.0
	 epoch  20 training error:  tensor(0.3794, device='cuda:0', grad_fn=<DivBackward0>)
Memory status after this epoch: 
Memory allocated:  315.1533203125
Memory cached:  566.0
	 epoch  30 training error:  tensor(0.3753, device='cuda:0', grad_fn=<DivBackward0>)
Memory status after this epoch: 
Memory allocated:  315.1533203125
Memory cached:  566.0
	 epoch  40 training error:  tensor(0.3574, device='cuda:0', grad_fn=<DivBackward0>)
Memory status after this epoch: 
Memory allocated:  315.1533203125
Memory cached:  562.0
	 epoch  50 training error:  tensor(0.3568, device='cuda:0', grad_fn=<DivBackward0>)
Memory status after this epoch: 
Memory allocated:  315.1533203125
Memory cached:  562.0
	 epoch  60 training error:  tensor(0.2455, device='cuda:0', grad_fn=<DivBackward0>)
Memory status after this epoch: 
Memory allocated:  315.1533203125
Memory cached:  562.0
	 epoch  70 training error:  tensor(0.2235, device='cuda:0', grad_fn=<DivBackward0>)
Memory status after this epoch: 
Memory allocated:  315.1533203125
Memory cached:  562.0
	 epoch  80 training error:  tensor(0.1711, device='cuda:0', grad_fn=<DivBackward0>)
Memory status after this epoch: 
Memory allocated:  315.1533203125
Memory cached:  562.0
	 epoch  90 training error:  tensor(0.2047, device='cuda:0', grad_fn=<DivBackward0>)
Memory status after this epoch: 
Memory allocated:  315.1533203125
Memory cached:  562.0
[I 2024-01-11 05:24:19,195] Trial 144 finished with value: 0.09817615151405334 and parameters: {'W_layers': 2, 'W_layer_units_exponent_0': 8, 'W_layer_units_exponent_1': 5, 'D_layers': 4, 'D_layer_units_exponent_0': 8, 'D_layer_units_exponent_1': 6, 'D_layer_units_exponent_2': 8, 'D_layer_units_exponent_3': 5, 'D_dagger_layers': 4, 'D_dagger_layer_units_exponent_0': 10, 'D_dagger_layer_units_exponent_1': 6, 'D_dagger_layer_units_exponent_2': 5, 'D_dagger_layer_units_exponent_3': 7, 'log_learning_rate': -3.776882772835962, 'log_learning_rate_D': -2.234506172654936, 'log_learning_rate_D_dagger': -2.962473109905521, 'training_batch_size': 6, 'training_p': 8}. Best is trial 129 with value: 0.06846926361322403.
Time for this trial:  392.9904999732971
Memory status after this trial: 
Memory allocated:  539.9609375
Memory cached:  562.0
--------------------  Trial  145   --------------------
Start timing: 
Parameters: 
{'W_layers': 2, 'W_layer_units_exponent_0': 8, 'W_layer_units_exponent_1': 5, 'D_layers': 4, 'D_layer_units_exponent_0': 8, 'D_layer_units_exponent_1': 6, 'D_layer_units_exponent_2': 8, 'D_layer_units_exponent_3': 5, 'D_dagger_layers': 4, 'D_dagger_layer_units_exponent_0': 10, 'D_dagger_layer_units_exponent_1': 6, 'D_dagger_layer_units_exponent_2': 5, 'D_dagger_layer_units_exponent_3': 7, 'log_learning_rate': -3.774945524984745, 'log_learning_rate_D': -2.3872051773845624, 'log_learning_rate_D_dagger': -2.9845640305590417, 'training_batch_size': 6, 'training_p': 8}
	 epoch  0 training error:  tensor(0.9350, device='cuda:0', grad_fn=<DivBackward0>)
Memory status after this epoch: 
Memory allocated:  315.1533203125
Memory cached:  560.0
	 epoch  10 training error:  tensor(0.3780, device='cuda:0', grad_fn=<DivBackward0>)
Memory status after this epoch: 
Memory allocated:  315.1533203125
Memory cached:  570.0
	 epoch  20 training error:  tensor(0.3772, device='cuda:0', grad_fn=<DivBackward0>)
Memory status after this epoch: 
Memory allocated:  315.1533203125
Memory cached:  566.0
	 epoch  30 training error:  tensor(0.3494, device='cuda:0', grad_fn=<DivBackward0>)
Memory status after this epoch: 
Memory allocated:  315.1533203125
Memory cached:  566.0
	 epoch  40 training error:  tensor(0.2422, device='cuda:0', grad_fn=<DivBackward0>)
Memory status after this epoch: 
Memory allocated:  315.1533203125
Memory cached:  562.0
	 epoch  50 training error:  tensor(0.2187, device='cuda:0', grad_fn=<DivBackward0>)
Memory status after this epoch: 
Memory allocated:  315.1533203125
Memory cached:  562.0
	 epoch  60 training error:  tensor(0.2024, device='cuda:0', grad_fn=<DivBackward0>)
Memory status after this epoch: 
Memory allocated:  315.1533203125
Memory cached:  562.0
	 epoch  70 training error:  tensor(0.1699, device='cuda:0', grad_fn=<DivBackward0>)
Memory status after this epoch: 
Memory allocated:  315.1533203125
Memory cached:  562.0
	 epoch  80 training error:  tensor(0.1975, device='cuda:0', grad_fn=<DivBackward0>)
Memory status after this epoch: 
Memory allocated:  315.1533203125
Memory cached:  562.0
	 epoch  90 training error:  tensor(0.1752, device='cuda:0', grad_fn=<DivBackward0>)
Memory status after this epoch: 
Memory allocated:  315.1533203125
Memory cached:  562.0
[I 2024-01-11 05:30:53,332] Trial 145 finished with value: 0.0653865784406662 and parameters: {'W_layers': 2, 'W_layer_units_exponent_0': 8, 'W_layer_units_exponent_1': 5, 'D_layers': 4, 'D_layer_units_exponent_0': 8, 'D_layer_units_exponent_1': 6, 'D_layer_units_exponent_2': 8, 'D_layer_units_exponent_3': 5, 'D_dagger_layers': 4, 'D_dagger_layer_units_exponent_0': 10, 'D_dagger_layer_units_exponent_1': 6, 'D_dagger_layer_units_exponent_2': 5, 'D_dagger_layer_units_exponent_3': 7, 'log_learning_rate': -3.774945524984745, 'log_learning_rate_D': -2.3872051773845624, 'log_learning_rate_D_dagger': -2.9845640305590417, 'training_batch_size': 6, 'training_p': 8}. Best is trial 145 with value: 0.0653865784406662.
res:  tensor(0.0654, device='cuda:0', grad_fn=<DivBackward0>)
self.bestValue:  tensor(0.0685, device='cuda:0', grad_fn=<DivBackward0>)
Save this model!
Time for this trial:  393.71998596191406
Memory status after this trial: 
Memory allocated:  226.9599609375
Memory cached:  430.0
--------------------  Trial  146   --------------------
Start timing: 
Parameters: 
{'W_layers': 2, 'W_layer_units_exponent_0': 8, 'W_layer_units_exponent_1': 5, 'D_layers': 4, 'D_layer_units_exponent_0': 8, 'D_layer_units_exponent_1': 6, 'D_layer_units_exponent_2': 8, 'D_layer_units_exponent_3': 5, 'D_dagger_layers': 4, 'D_dagger_layer_units_exponent_0': 10, 'D_dagger_layer_units_exponent_1': 6, 'D_dagger_layer_units_exponent_2': 5, 'D_dagger_layer_units_exponent_3': 7, 'log_learning_rate': -3.755621050595411, 'log_learning_rate_D': -2.2800367107318538, 'log_learning_rate_D_dagger': -3.0569240789537155, 'training_batch_size': 6, 'training_p': 8}
	 epoch  0 training error:  tensor(0.6686, device='cuda:0', grad_fn=<DivBackward0>)
Memory status after this epoch: 
Memory allocated:  228.9013671875
Memory cached:  432.0
	 epoch  10 training error:  tensor(0.3952, device='cuda:0', grad_fn=<DivBackward0>)
Memory status after this epoch: 
Memory allocated:  228.9013671875
Memory cached:  438.0
	 epoch  20 training error:  tensor(0.3780, device='cuda:0', grad_fn=<DivBackward0>)
Memory status after this epoch: 
Memory allocated:  228.9013671875
Memory cached:  434.0
	 epoch  30 training error:  tensor(0.3680, device='cuda:0', grad_fn=<DivBackward0>)
Memory status after this epoch: 
Memory allocated:  228.9013671875
Memory cached:  438.0
	 epoch  40 training error:  tensor(0.3633, device='cuda:0', grad_fn=<DivBackward0>)
Memory status after this epoch: 
Memory allocated:  228.9013671875
Memory cached:  438.0
	 epoch  50 training error:  tensor(0.3450, device='cuda:0', grad_fn=<DivBackward0>)
Memory status after this epoch: 
Memory allocated:  228.9013671875
Memory cached:  440.0
	 epoch  60 training error:  tensor(0.2617, device='cuda:0', grad_fn=<DivBackward0>)
Memory status after this epoch: 
Memory allocated:  228.9013671875
Memory cached:  438.0
	 epoch  70 training error:  tensor(0.1947, device='cuda:0', grad_fn=<DivBackward0>)
Memory status after this epoch: 
Memory allocated:  228.9013671875
Memory cached:  436.0
	 epoch  80 training error:  tensor(0.1569, device='cuda:0', grad_fn=<DivBackward0>)
Memory status after this epoch: 
Memory allocated:  228.9013671875
Memory cached:  438.0
	 epoch  90 training error:  tensor(0.1304, device='cuda:0', grad_fn=<DivBackward0>)
Memory status after this epoch: 
Memory allocated:  228.9013671875
Memory cached:  438.0
[I 2024-01-11 05:37:27,176] Trial 146 finished with value: 0.09474296867847443 and parameters: {'W_layers': 2, 'W_layer_units_exponent_0': 8, 'W_layer_units_exponent_1': 5, 'D_layers': 4, 'D_layer_units_exponent_0': 8, 'D_layer_units_exponent_1': 6, 'D_layer_units_exponent_2': 8, 'D_layer_units_exponent_3': 5, 'D_dagger_layers': 4, 'D_dagger_layer_units_exponent_0': 10, 'D_dagger_layer_units_exponent_1': 6, 'D_dagger_layer_units_exponent_2': 5, 'D_dagger_layer_units_exponent_3': 7, 'log_learning_rate': -3.755621050595411, 'log_learning_rate_D': -2.2800367107318538, 'log_learning_rate_D_dagger': -3.0569240789537155, 'training_batch_size': 6, 'training_p': 8}. Best is trial 145 with value: 0.0653865784406662.
Time for this trial:  393.4587149620056
Memory status after this trial: 
Memory allocated:  453.708984375
Memory cached:  456.0
--------------------  Trial  147   --------------------
Start timing: 
Parameters: 
{'W_layers': 2, 'W_layer_units_exponent_0': 8, 'W_layer_units_exponent_1': 5, 'D_layers': 4, 'D_layer_units_exponent_0': 8, 'D_layer_units_exponent_1': 6, 'D_layer_units_exponent_2': 8, 'D_layer_units_exponent_3': 5, 'D_dagger_layers': 4, 'D_dagger_layer_units_exponent_0': 10, 'D_dagger_layer_units_exponent_1': 6, 'D_dagger_layer_units_exponent_2': 5, 'D_dagger_layer_units_exponent_3': 7, 'log_learning_rate': -3.8077555027246777, 'log_learning_rate_D': -2.1751139328177174, 'log_learning_rate_D_dagger': -3.1700468793505836, 'training_batch_size': 6, 'training_p': 8}
	 epoch  0 training error:  tensor(0.6998, device='cuda:0', grad_fn=<DivBackward0>)
Memory status after this epoch: 
Memory allocated:  228.9013671875
Memory cached:  432.0
	 epoch  10 training error:  tensor(0.4105, device='cuda:0', grad_fn=<DivBackward0>)
Memory status after this epoch: 
Memory allocated:  228.9013671875
Memory cached:  440.0
	 epoch  20 training error:  tensor(0.3748, device='cuda:0', grad_fn=<DivBackward0>)
Memory status after this epoch: 
Memory allocated:  228.9013671875
Memory cached:  440.0
	 epoch  30 training error:  tensor(0.3879, device='cuda:0', grad_fn=<DivBackward0>)
Memory status after this epoch: 
Memory allocated:  228.9013671875
Memory cached:  440.0
	 epoch  40 training error:  tensor(0.3673, device='cuda:0', grad_fn=<DivBackward0>)
Memory status after this epoch: 
Memory allocated:  228.9013671875
Memory cached:  440.0
	 epoch  50 training error:  tensor(0.3628, device='cuda:0', grad_fn=<DivBackward0>)
Memory status after this epoch: 
Memory allocated:  228.9013671875
Memory cached:  442.0
	 epoch  60 training error:  tensor(0.3316, device='cuda:0', grad_fn=<DivBackward0>)
Memory status after this epoch: 
Memory allocated:  228.9013671875
Memory cached:  436.0
	 epoch  70 training error:  tensor(0.7609, device='cuda:0', grad_fn=<DivBackward0>)
Memory status after this epoch: 
Memory allocated:  228.9013671875
Memory cached:  436.0
	 epoch  80 training error:  tensor(0.7220, device='cuda:0', grad_fn=<DivBackward0>)
Memory status after this epoch: 
Memory allocated:  228.9013671875
Memory cached:  436.0
	 epoch  90 training error:  tensor(0.7196, device='cuda:0', grad_fn=<DivBackward0>)
Memory status after this epoch: 
Memory allocated:  228.9013671875
Memory cached:  440.0
[I 2024-01-11 05:44:01,568] Trial 147 finished with value: 0.629325807094574 and parameters: {'W_layers': 2, 'W_layer_units_exponent_0': 8, 'W_layer_units_exponent_1': 5, 'D_layers': 4, 'D_layer_units_exponent_0': 8, 'D_layer_units_exponent_1': 6, 'D_layer_units_exponent_2': 8, 'D_layer_units_exponent_3': 5, 'D_dagger_layers': 4, 'D_dagger_layer_units_exponent_0': 10, 'D_dagger_layer_units_exponent_1': 6, 'D_dagger_layer_units_exponent_2': 5, 'D_dagger_layer_units_exponent_3': 7, 'log_learning_rate': -3.8077555027246777, 'log_learning_rate_D': -2.1751139328177174, 'log_learning_rate_D_dagger': -3.1700468793505836, 'training_batch_size': 6, 'training_p': 8}. Best is trial 145 with value: 0.0653865784406662.
Time for this trial:  394.01158905029297
Memory status after this trial: 
Memory allocated:  453.708984375
Memory cached:  456.0
--------------------  Trial  148   --------------------
Start timing: 
Parameters: 
{'W_layers': 2, 'W_layer_units_exponent_0': 8, 'W_layer_units_exponent_1': 5, 'D_layers': 4, 'D_layer_units_exponent_0': 7, 'D_layer_units_exponent_1': 6, 'D_layer_units_exponent_2': 8, 'D_layer_units_exponent_3': 5, 'D_dagger_layers': 4, 'D_dagger_layer_units_exponent_0': 10, 'D_dagger_layer_units_exponent_1': 6, 'D_dagger_layer_units_exponent_2': 5, 'D_dagger_layer_units_exponent_3': 7, 'log_learning_rate': -3.8797848780492243, 'log_learning_rate_D': -2.2209694341736954, 'log_learning_rate_D_dagger': -3.035324251089314, 'training_batch_size': 6, 'training_p': 8}
	 epoch  0 training error:  tensor(0.7113, device='cuda:0', grad_fn=<DivBackward0>)
Memory status after this epoch: 
Memory allocated:  228.7724609375
Memory cached:  428.0
	 epoch  10 training error:  tensor(0.3926, device='cuda:0', grad_fn=<DivBackward0>)
Memory status after this epoch: 
Memory allocated:  228.7724609375
Memory cached:  428.0
	 epoch  20 training error:  tensor(0.3677, device='cuda:0', grad_fn=<DivBackward0>)
Memory status after this epoch: 
Memory allocated:  228.7724609375
Memory cached:  428.0
	 epoch  30 training error:  tensor(0.3631, device='cuda:0', grad_fn=<DivBackward0>)
Memory status after this epoch: 
Memory allocated:  228.7724609375
Memory cached:  430.0
	 epoch  40 training error:  tensor(0.3522, device='cuda:0', grad_fn=<DivBackward0>)
Memory status after this epoch: 
Memory allocated:  228.7724609375
Memory cached:  428.0
	 epoch  50 training error:  tensor(0.2948, device='cuda:0', grad_fn=<DivBackward0>)
Memory status after this epoch: 
Memory allocated:  228.7724609375
Memory cached:  430.0
	 epoch  60 training error:  tensor(0.2216, device='cuda:0', grad_fn=<DivBackward0>)
Memory status after this epoch: 
Memory allocated:  228.7724609375
Memory cached:  430.0
	 epoch  70 training error:  tensor(0.2748, device='cuda:0', grad_fn=<DivBackward0>)
Memory status after this epoch: 
Memory allocated:  228.7724609375
Memory cached:  428.0
	 epoch  80 training error:  tensor(0.2135, device='cuda:0', grad_fn=<DivBackward0>)
Memory status after this epoch: 
Memory allocated:  228.7724609375
Memory cached:  428.0
	 epoch  90 training error:  tensor(0.1784, device='cuda:0', grad_fn=<DivBackward0>)
Memory status after this epoch: 
Memory allocated:  228.7724609375
Memory cached:  428.0
[I 2024-01-11 05:50:34,754] Trial 148 finished with value: 0.11443796008825302 and parameters: {'W_layers': 2, 'W_layer_units_exponent_0': 8, 'W_layer_units_exponent_1': 5, 'D_layers': 4, 'D_layer_units_exponent_0': 7, 'D_layer_units_exponent_1': 6, 'D_layer_units_exponent_2': 8, 'D_layer_units_exponent_3': 5, 'D_dagger_layers': 4, 'D_dagger_layer_units_exponent_0': 10, 'D_dagger_layer_units_exponent_1': 6, 'D_dagger_layer_units_exponent_2': 5, 'D_dagger_layer_units_exponent_3': 7, 'log_learning_rate': -3.8797848780492243, 'log_learning_rate_D': -2.2209694341736954, 'log_learning_rate_D_dagger': -3.035324251089314, 'training_batch_size': 6, 'training_p': 8}. Best is trial 145 with value: 0.0653865784406662.
Time for this trial:  392.80326223373413
Memory status after this trial: 
Memory allocated:  440.109375
Memory cached:  444.0
--------------------  Trial  149   --------------------
Start timing: 
Parameters: 
{'W_layers': 2, 'W_layer_units_exponent_0': 8, 'W_layer_units_exponent_1': 5, 'D_layers': 4, 'D_layer_units_exponent_0': 8, 'D_layer_units_exponent_1': 6, 'D_layer_units_exponent_2': 8, 'D_layer_units_exponent_3': 5, 'D_dagger_layers': 4, 'D_dagger_layer_units_exponent_0': 10, 'D_dagger_layer_units_exponent_1': 6, 'D_dagger_layer_units_exponent_2': 5, 'D_dagger_layer_units_exponent_3': 7, 'log_learning_rate': -3.7758520038172185, 'log_learning_rate_D': -2.331819576573489, 'log_learning_rate_D_dagger': -2.956562458281535, 'training_batch_size': 6, 'training_p': 8}
	 epoch  0 training error:  tensor(0.9253, device='cuda:0', grad_fn=<DivBackward0>)
Memory status after this epoch: 
Memory allocated:  228.9013671875
Memory cached:  432.0
	 epoch  10 training error:  tensor(0.3869, device='cuda:0', grad_fn=<DivBackward0>)
Memory status after this epoch: 
Memory allocated:  228.9013671875
Memory cached:  436.0
	 epoch  20 training error:  tensor(0.3760, device='cuda:0', grad_fn=<DivBackward0>)
Memory status after this epoch: 
Memory allocated:  228.9013671875
Memory cached:  436.0
	 epoch  30 training error:  tensor(0.2939, device='cuda:0', grad_fn=<DivBackward0>)
Memory status after this epoch: 
Memory allocated:  228.9013671875
Memory cached:  436.0
	 epoch  40 training error:  tensor(0.3075, device='cuda:0', grad_fn=<DivBackward0>)
Memory status after this epoch: 
Memory allocated:  228.9013671875
Memory cached:  438.0
	 epoch  50 training error:  tensor(0.2270, device='cuda:0', grad_fn=<DivBackward0>)
Memory status after this epoch: 
Memory allocated:  228.9013671875
Memory cached:  440.0
	 epoch  60 training error:  tensor(0.1993, device='cuda:0', grad_fn=<DivBackward0>)
Memory status after this epoch: 
Memory allocated:  228.9013671875
Memory cached:  438.0
	 epoch  70 training error:  tensor(0.2226, device='cuda:0', grad_fn=<DivBackward0>)
Memory status after this epoch: 
Memory allocated:  228.9013671875
Memory cached:  438.0
	 epoch  80 training error:  tensor(0.1660, device='cuda:0', grad_fn=<DivBackward0>)
Memory status after this epoch: 
Memory allocated:  228.9013671875
Memory cached:  438.0
	 epoch  90 training error:  tensor(0.1651, device='cuda:0', grad_fn=<DivBackward0>)
Memory status after this epoch: 
Memory allocated:  228.9013671875
Memory cached:  436.0
