[I 2023-12-05 01:02:24,553] Trial 5 finished with value: 0.9202055335044861 and parameters: {'W_layers': 2, 'W_layer_units_exponent_0': 7, 'W_layer_units_exponent_1': 8, 'D_layers': 8, 'D_layer_units_exponent_0': 8, 'D_layer_units_exponent_1': 6, 'D_layer_units_exponent_2': 5, 'D_layer_units_exponent_3': 5, 'D_layer_units_exponent_4': 9, 'D_layer_units_exponent_5': 9, 'D_layer_units_exponent_6': 8, 'D_layer_units_exponent_7': 8, 'log_learning_rate': -4.852524066192176, 'log_learning_rate_D': -3.199569230019129, 'training_batch_size': 9, 'training_p': 8}. Best is trial 4 with value: 0.5315448641777039.
Time for this trial:  47.481396436691284
Memory status after this trial: 
Memory allocated:  176.26123046875
Memory cached:  206.0
--------------------  Trial  6   --------------------
Start timing: 
Parameters: 
{'W_layers': 7, 'W_layer_units_exponent_0': 8, 'W_layer_units_exponent_1': 9, 'W_layer_units_exponent_2': 8, 'W_layer_units_exponent_3': 7, 'W_layer_units_exponent_4': 6, 'W_layer_units_exponent_5': 6, 'W_layer_units_exponent_6': 9, 'D_layers': 7, 'D_layer_units_exponent_0': 4, 'D_layer_units_exponent_1': 5, 'D_layer_units_exponent_2': 8, 'D_layer_units_exponent_3': 8, 'D_layer_units_exponent_4': 9, 'D_layer_units_exponent_5': 6, 'D_layer_units_exponent_6': 9, 'log_learning_rate': -3.4033078693128362, 'log_learning_rate_D': -1.6133517152573655, 'training_batch_size': 11, 'training_p': 7}
	 epoch  0 training error:  tensor(1.0170, device='cuda:0', grad_fn=<DivBackward0>)
Memory status after this epoch: 
Memory allocated:  129.2294921875
Memory cached:  206.0
[W 2023-12-05 01:02:28,290] Trial 6 failed with parameters: {'W_layers': 7, 'W_layer_units_exponent_0': 8, 'W_layer_units_exponent_1': 9, 'W_layer_units_exponent_2': 8, 'W_layer_units_exponent_3': 7, 'W_layer_units_exponent_4': 6, 'W_layer_units_exponent_5': 6, 'W_layer_units_exponent_6': 9, 'D_layers': 7, 'D_layer_units_exponent_0': 4, 'D_layer_units_exponent_1': 5, 'D_layer_units_exponent_2': 8, 'D_layer_units_exponent_3': 8, 'D_layer_units_exponent_4': 9, 'D_layer_units_exponent_5': 6, 'D_layer_units_exponent_6': 9, 'log_learning_rate': -3.4033078693128362, 'log_learning_rate_D': -1.6133517152573655, 'training_batch_size': 11, 'training_p': 7} because of the following error: The value nan is not acceptable.
[W 2023-12-05 01:02:28,291] Trial 6 failed with value tensor(nan, device='cuda:0', grad_fn=<DivBackward0>).
Time for this trial:  3.6214346885681152
Memory status after this trial: 
Memory allocated:  203.04541015625
Memory cached:  220.0
--------------------  Trial  7   --------------------
Start timing: 
Parameters: 
{'W_layers': 3, 'W_layer_units_exponent_0': 8, 'W_layer_units_exponent_1': 8, 'W_layer_units_exponent_2': 9, 'D_layers': 5, 'D_layer_units_exponent_0': 4, 'D_layer_units_exponent_1': 9, 'D_layer_units_exponent_2': 8, 'D_layer_units_exponent_3': 9, 'D_layer_units_exponent_4': 5, 'log_learning_rate': -1.8051081618356588, 'log_learning_rate_D': -4.835281240357316, 'training_batch_size': 11, 'training_p': 2}
	 epoch  0 training error:  tensor(1.0166, device='cuda:0', grad_fn=<DivBackward0>)
Memory status after this epoch: 
Memory allocated:  127.2587890625
Memory cached:  208.0
	 epoch  10 training error:  tensor(4.1048, device='cuda:0', grad_fn=<DivBackward0>)
Memory status after this epoch: 
Memory allocated:  127.2587890625
Memory cached:  210.0
	 epoch  20 training error:  tensor(0.8997, device='cuda:0', grad_fn=<DivBackward0>)
Memory status after this epoch: 
Memory allocated:  127.2587890625
Memory cached:  210.0
	 epoch  30 training error:  tensor(0.9400, device='cuda:0', grad_fn=<DivBackward0>)
Memory status after this epoch: 
Memory allocated:  127.2587890625
Memory cached:  210.0
	 epoch  40 training error:  tensor(0.8026, device='cuda:0', grad_fn=<DivBackward0>)
Memory status after this epoch: 
Memory allocated:  127.2587890625
Memory cached:  210.0
	 epoch  50 training error:  tensor(0.7672, device='cuda:0', grad_fn=<DivBackward0>)
Memory status after this epoch: 
Memory allocated:  127.2587890625
Memory cached:  210.0
	 epoch  60 training error:  tensor(0.7240, device='cuda:0', grad_fn=<DivBackward0>)
Memory status after this epoch: 
Memory allocated:  127.2587890625
Memory cached:  210.0
	 epoch  70 training error:  tensor(0.9038, device='cuda:0', grad_fn=<DivBackward0>)
Memory status after this epoch: 
Memory allocated:  127.2587890625
Memory cached:  210.0
	 epoch  80 training error:  tensor(0.7354, device='cuda:0', grad_fn=<DivBackward0>)
Memory status after this epoch: 
Memory allocated:  127.2587890625
Memory cached:  210.0
	 epoch  90 training error:  tensor(0.7356, device='cuda:0', grad_fn=<DivBackward0>)
Memory status after this epoch: 
Memory allocated:  127.2587890625
Memory cached:  210.0
[I 2023-12-05 01:03:11,129] Trial 7 finished with value: 0.8710441589355469 and parameters: {'W_layers': 3, 'W_layer_units_exponent_0': 8, 'W_layer_units_exponent_1': 8, 'W_layer_units_exponent_2': 9, 'D_layers': 5, 'D_layer_units_exponent_0': 4, 'D_layer_units_exponent_1': 9, 'D_layer_units_exponent_2': 8, 'D_layer_units_exponent_3': 9, 'D_layer_units_exponent_4': 5, 'log_learning_rate': -1.8051081618356588, 'log_learning_rate_D': -4.835281240357316, 'training_batch_size': 11, 'training_p': 2}. Best is trial 4 with value: 0.5315448641777039.
Time for this trial:  42.71631622314453
Memory status after this trial: 
Memory allocated:  177.23095703125
Memory cached:  208.0
--------------------  Trial  8   --------------------
Start timing: 
Parameters: 
{'W_layers': 5, 'W_layer_units_exponent_0': 7, 'W_layer_units_exponent_1': 6, 'W_layer_units_exponent_2': 6, 'W_layer_units_exponent_3': 6, 'W_layer_units_exponent_4': 4, 'D_layers': 3, 'D_layer_units_exponent_0': 6, 'D_layer_units_exponent_1': 8, 'D_layer_units_exponent_2': 6, 'log_learning_rate': -3.179282869718911, 'log_learning_rate_D': -2.993992268017272, 'training_batch_size': 6, 'training_p': 3}
	 epoch  0 training error:  tensor(1.0798, device='cuda:0', grad_fn=<DivBackward0>)
Memory status after this epoch: 
Memory allocated:  120.59375
Memory cached:  204.0
	 epoch  10 training error:  tensor(0.8512, device='cuda:0', grad_fn=<DivBackward0>)
Memory status after this epoch: 
Memory allocated:  120.59375
Memory cached:  204.0
	 epoch  20 training error:  tensor(0.7116, device='cuda:0', grad_fn=<DivBackward0>)
Memory status after this epoch: 
Memory allocated:  120.59375
Memory cached:  204.0
	 epoch  30 training error:  tensor(0.5851, device='cuda:0', grad_fn=<DivBackward0>)
Memory status after this epoch: 
Memory allocated:  120.59375
Memory cached:  204.0
	 epoch  40 training error:  tensor(0.5701, device='cuda:0', grad_fn=<DivBackward0>)
Memory status after this epoch: 
Memory allocated:  120.59375
Memory cached:  204.0
	 epoch  50 training error:  tensor(0.5593, device='cuda:0', grad_fn=<DivBackward0>)
Memory status after this epoch: 
Memory allocated:  120.59375
Memory cached:  204.0
	 epoch  60 training error:  tensor(0.5497, device='cuda:0', grad_fn=<DivBackward0>)
Memory status after this epoch: 
Memory allocated:  120.59375
Memory cached:  204.0
	 epoch  70 training error:  tensor(0.5169, device='cuda:0', grad_fn=<DivBackward0>)
Memory status after this epoch: 
Memory allocated:  120.59375
Memory cached:  204.0
	 epoch  80 training error:  tensor(0.4038, device='cuda:0', grad_fn=<DivBackward0>)
Memory status after this epoch: 
Memory allocated:  120.59375
Memory cached:  204.0
	 epoch  90 training error:  tensor(0.5684, device='cuda:0', grad_fn=<DivBackward0>)
Memory status after this epoch: 
Memory allocated:  120.59375
Memory cached:  204.0
[I 2023-12-05 01:04:15,688] Trial 8 finished with value: 0.17762570083141327 and parameters: {'W_layers': 5, 'W_layer_units_exponent_0': 7, 'W_layer_units_exponent_1': 6, 'W_layer_units_exponent_2': 6, 'W_layer_units_exponent_3': 6, 'W_layer_units_exponent_4': 4, 'D_layers': 3, 'D_layer_units_exponent_0': 6, 'D_layer_units_exponent_1': 8, 'D_layer_units_exponent_2': 6, 'log_learning_rate': -3.179282869718911, 'log_learning_rate_D': -2.993992268017272, 'training_batch_size': 6, 'training_p': 3}. Best is trial 8 with value: 0.17762570083141327.
res:  tensor(0.1776, device='cuda:0', grad_fn=<DivBackward0>)
self.bestValue:  tensor(0.5315, device='cuda:0', grad_fn=<DivBackward0>)
Save this model!
Time for this trial:  64.44751644134521
Memory status after this trial: 
Memory allocated:  16.98779296875
Memory cached:  164.0
--------------------  Trial  9   --------------------
Start timing: 
Parameters: 
{'W_layers': 2, 'W_layer_units_exponent_0': 5, 'W_layer_units_exponent_1': 9, 'D_layers': 7, 'D_layer_units_exponent_0': 5, 'D_layer_units_exponent_1': 7, 'D_layer_units_exponent_2': 7, 'D_layer_units_exponent_3': 5, 'D_layer_units_exponent_4': 6, 'D_layer_units_exponent_5': 4, 'D_layer_units_exponent_6': 10, 'log_learning_rate': -4.142985268874375, 'log_learning_rate_D': -4.194159404074121, 'training_batch_size': 7, 'training_p': 7}
	 epoch  0 training error:  tensor(1.0347, device='cuda:0', grad_fn=<DivBackward0>)
Memory status after this epoch: 
Memory allocated:  18.0087890625
Memory cached:  166.0
	 epoch  10 training error:  tensor(0.9687, device='cuda:0', grad_fn=<DivBackward0>)
Memory status after this epoch: 
Memory allocated:  18.0087890625
Memory cached:  166.0
	 epoch  20 training error:  tensor(0.9415, device='cuda:0', grad_fn=<DivBackward0>)
Memory status after this epoch: 
Memory allocated:  18.0087890625
Memory cached:  166.0
	 epoch  30 training error:  tensor(0.9242, device='cuda:0', grad_fn=<DivBackward0>)
Memory status after this epoch: 
Memory allocated:  18.0087890625
Memory cached:  166.0
	 epoch  40 training error:  tensor(0.9077, device='cuda:0', grad_fn=<DivBackward0>)
Memory status after this epoch: 
Memory allocated:  18.0087890625
Memory cached:  166.0
	 epoch  50 training error:  tensor(0.8920, device='cuda:0', grad_fn=<DivBackward0>)
Memory status after this epoch: 
Memory allocated:  18.0087890625
Memory cached:  166.0
	 epoch  60 training error:  tensor(0.8764, device='cuda:0', grad_fn=<DivBackward0>)
Memory status after this epoch: 
Memory allocated:  18.0087890625
Memory cached:  166.0
	 epoch  70 training error:  tensor(0.8601, device='cuda:0', grad_fn=<DivBackward0>)
Memory status after this epoch: 
Memory allocated:  18.0087890625
Memory cached:  166.0
	 epoch  80 training error:  tensor(0.8435, device='cuda:0', grad_fn=<DivBackward0>)
Memory status after this epoch: 
Memory allocated:  18.0087890625
Memory cached:  166.0
	 epoch  90 training error:  tensor(0.8242, device='cuda:0', grad_fn=<DivBackward0>)
Memory status after this epoch: 
Memory allocated:  18.0087890625
Memory cached:  166.0
[I 2023-12-05 01:04:58,267] Trial 9 finished with value: 0.6339954733848572 and parameters: {'W_layers': 2, 'W_layer_units_exponent_0': 5, 'W_layer_units_exponent_1': 9, 'D_layers': 7, 'D_layer_units_exponent_0': 5, 'D_layer_units_exponent_1': 7, 'D_layer_units_exponent_2': 7, 'D_layer_units_exponent_3': 5, 'D_layer_units_exponent_4': 6, 'D_layer_units_exponent_5': 4, 'D_layer_units_exponent_6': 10, 'log_learning_rate': -4.142985268874375, 'log_learning_rate_D': -4.194159404074121, 'training_batch_size': 7, 'training_p': 7}. Best is trial 8 with value: 0.17762570083141327.
Time for this trial:  42.47867202758789
Memory status after this trial: 
Memory allocated:  62.3955078125
Memory cached:  166.0
--------------------  Trial  10   --------------------
Start timing: 
Parameters: 
{'W_layers': 5, 'W_layer_units_exponent_0': 9, 'W_layer_units_exponent_1': 8, 'W_layer_units_exponent_2': 7, 'W_layer_units_exponent_3': 4, 'W_layer_units_exponent_4': 7, 'D_layers': 4, 'D_layer_units_exponent_0': 4, 'D_layer_units_exponent_1': 5, 'D_layer_units_exponent_2': 10, 'D_layer_units_exponent_3': 4, 'log_learning_rate': -2.0435292958685656, 'log_learning_rate_D': -2.3867303909270494, 'training_batch_size': 6, 'training_p': 6}
	 epoch  0 training error:  tensor(1.1074, device='cuda:0', grad_fn=<DivBackward0>)
Memory status after this epoch: 
Memory allocated:  20.38671875
Memory cached:  164.0
	 epoch  10 training error:  tensor(0.9827, device='cuda:0', grad_fn=<DivBackward0>)
Memory status after this epoch: 
Memory allocated:  20.38671875
Memory cached:  164.0
	 epoch  20 training error:  tensor(0.9735, device='cuda:0', grad_fn=<DivBackward0>)
Memory status after this epoch: 
Memory allocated:  20.38671875
Memory cached:  164.0
	 epoch  30 training error:  tensor(0.9127, device='cuda:0', grad_fn=<DivBackward0>)
Memory status after this epoch: 
Memory allocated:  20.38671875
Memory cached:  164.0
	 epoch  40 training error:  tensor(0.6459, device='cuda:0', grad_fn=<DivBackward0>)
Memory status after this epoch: 
Memory allocated:  20.38671875
Memory cached:  164.0
	 epoch  50 training error:  tensor(0.8490, device='cuda:0', grad_fn=<DivBackward0>)
Memory status after this epoch: 
Memory allocated:  20.38671875
Memory cached:  164.0
	 epoch  60 training error:  tensor(0.4279, device='cuda:0', grad_fn=<DivBackward0>)
Memory status after this epoch: 
Memory allocated:  20.38671875
Memory cached:  164.0
	 epoch  70 training error:  tensor(0.3951, device='cuda:0', grad_fn=<DivBackward0>)
Memory status after this epoch: 
Memory allocated:  20.38671875
Memory cached:  164.0
	 epoch  80 training error:  tensor(0.4025, device='cuda:0', grad_fn=<DivBackward0>)
Memory status after this epoch: 
Memory allocated:  20.38671875
Memory cached:  164.0
	 epoch  90 training error:  tensor(0.4608, device='cuda:0', grad_fn=<DivBackward0>)
Memory status after this epoch: 
Memory allocated:  20.38671875
Memory cached:  164.0
[I 2023-12-05 01:06:07,376] Trial 10 finished with value: 0.47557035088539124 and parameters: {'W_layers': 5, 'W_layer_units_exponent_0': 9, 'W_layer_units_exponent_1': 8, 'W_layer_units_exponent_2': 7, 'W_layer_units_exponent_3': 4, 'W_layer_units_exponent_4': 7, 'D_layers': 4, 'D_layer_units_exponent_0': 4, 'D_layer_units_exponent_1': 5, 'D_layer_units_exponent_2': 10, 'D_layer_units_exponent_3': 4, 'log_learning_rate': -2.0435292958685656, 'log_learning_rate_D': -2.3867303909270494, 'training_batch_size': 6, 'training_p': 6}. Best is trial 8 with value: 0.17762570083141327.
Time for this trial:  68.9891631603241
Memory status after this trial: 
Memory allocated:  67.4814453125
Memory cached:  164.0
--------------------  Trial  11   --------------------
Start timing: 
Parameters: 
{'W_layers': 4, 'W_layer_units_exponent_0': 5, 'W_layer_units_exponent_1': 6, 'W_layer_units_exponent_2': 6, 'W_layer_units_exponent_3': 6, 'D_layers': 2, 'D_layer_units_exponent_0': 7, 'D_layer_units_exponent_1': 8, 'log_learning_rate': -3.4260606752014926, 'log_learning_rate_D': -1.1568785610634325, 'training_batch_size': 12, 'training_p': 2}
	 epoch  0 training error:  tensor(1.1058, device='cuda:0', grad_fn=<DivBackward0>)
Memory status after this epoch: 
Memory allocated:  17.7060546875
Memory cached:  164.0
	 epoch  10 training error:  tensor(1.0203, device='cuda:0', grad_fn=<DivBackward0>)
Memory status after this epoch: 
Memory allocated:  17.7060546875
Memory cached:  164.0
	 epoch  20 training error:  tensor(5.6651, device='cuda:0', grad_fn=<DivBackward0>)
Memory status after this epoch: 
Memory allocated:  17.7060546875
Memory cached:  164.0
	 epoch  30 training error:  tensor(0.9408, device='cuda:0', grad_fn=<DivBackward0>)
Memory status after this epoch: 
Memory allocated:  17.7060546875
Memory cached:  164.0
	 epoch  40 training error:  tensor(0.9190, device='cuda:0', grad_fn=<DivBackward0>)
Memory status after this epoch: 
Memory allocated:  17.7060546875
Memory cached:  164.0
	 epoch  50 training error:  tensor(0.9066, device='cuda:0', grad_fn=<DivBackward0>)
Memory status after this epoch: 
Memory allocated:  17.7060546875
Memory cached:  164.0
	 epoch  60 training error:  tensor(0.8945, device='cuda:0', grad_fn=<DivBackward0>)
Memory status after this epoch: 
Memory allocated:  17.7060546875
Memory cached:  164.0
	 epoch  70 training error:  tensor(0.8802, device='cuda:0', grad_fn=<DivBackward0>)
Memory status after this epoch: 
Memory allocated:  17.7060546875
Memory cached:  164.0
	 epoch  80 training error:  tensor(0.8627, device='cuda:0', grad_fn=<DivBackward0>)
Memory status after this epoch: 
Memory allocated:  17.7060546875
Memory cached:  164.0
	 epoch  90 training error:  tensor(0.8402, device='cuda:0', grad_fn=<DivBackward0>)
Memory status after this epoch: 
Memory allocated:  17.7060546875
Memory cached:  164.0
[I 2023-12-05 01:06:42,742] Trial 11 finished with value: 0.7208766937255859 and parameters: {'W_layers': 4, 'W_layer_units_exponent_0': 5, 'W_layer_units_exponent_1': 6, 'W_layer_units_exponent_2': 6, 'W_layer_units_exponent_3': 6, 'D_layers': 2, 'D_layer_units_exponent_0': 7, 'D_layer_units_exponent_1': 8, 'log_learning_rate': -3.4260606752014926, 'log_learning_rate_D': -1.1568785610634325, 'training_batch_size': 12, 'training_p': 2}. Best is trial 8 with value: 0.17762570083141327.
Time for this trial:  35.20184135437012
Memory status after this trial: 
Memory allocated:  31.28173828125
Memory cached:  164.0
--------------------  Trial  12   --------------------
Start timing: 
Parameters: 
{'W_layers': 5, 'W_layer_units_exponent_0': 7, 'W_layer_units_exponent_1': 7, 'W_layer_units_exponent_2': 7, 'W_layer_units_exponent_3': 4, 'W_layer_units_exponent_4': 7, 'D_layers': 3, 'D_layer_units_exponent_0': 7, 'D_layer_units_exponent_1': 6, 'D_layer_units_exponent_2': 10, 'log_learning_rate': -2.88577218569388, 'log_learning_rate_D': -2.098191312515654, 'training_batch_size': 6, 'training_p': 4}
	 epoch  0 training error:  tensor(1.0531, device='cuda:0', grad_fn=<DivBackward0>)
Memory status after this epoch: 
Memory allocated:  18.744140625
Memory cached:  164.0
	 epoch  10 training error:  tensor(0.7502, device='cuda:0', grad_fn=<DivBackward0>)
Memory status after this epoch: 
Memory allocated:  18.744140625
Memory cached:  164.0
	 epoch  20 training error:  tensor(0.6507, device='cuda:0', grad_fn=<DivBackward0>)
Memory status after this epoch: 
Memory allocated:  18.744140625
Memory cached:  164.0
	 epoch  30 training error:  tensor(0.6371, device='cuda:0', grad_fn=<DivBackward0>)
Memory status after this epoch: 
Memory allocated:  18.744140625
Memory cached:  164.0
	 epoch  40 training error:  tensor(0.4054, device='cuda:0', grad_fn=<DivBackward0>)
Memory status after this epoch: 
Memory allocated:  18.744140625
Memory cached:  164.0
	 epoch  50 training error:  tensor(0.4819, device='cuda:0', grad_fn=<DivBackward0>)
Memory status after this epoch: 
Memory allocated:  18.744140625
Memory cached:  164.0
	 epoch  60 training error:  tensor(0.8762, device='cuda:0', grad_fn=<DivBackward0>)
Memory status after this epoch: 
Memory allocated:  18.744140625
Memory cached:  164.0
	 epoch  70 training error:  tensor(0.3671, device='cuda:0', grad_fn=<DivBackward0>)
Memory status after this epoch: 
Memory allocated:  18.744140625
Memory cached:  164.0
	 epoch  80 training error:  tensor(0.3763, device='cuda:0', grad_fn=<DivBackward0>)
Memory status after this epoch: 
Memory allocated:  18.744140625
Memory cached:  164.0
	 epoch  90 training error:  tensor(0.5862, device='cuda:0', grad_fn=<DivBackward0>)
Memory status after this epoch: 
Memory allocated:  18.744140625
Memory cached:  164.0
