[I 2024-01-13 14:20:39,406] Trial 21 finished with value: 0.29165032505989075 and parameters: {'W_layers': 7, 'W_layer_units_exponent_0': 9, 'W_layer_units_exponent_1': 9, 'W_layer_units_exponent_2': 5, 'W_layer_units_exponent_3': 9, 'W_layer_units_exponent_4': 6, 'W_layer_units_exponent_5': 5, 'W_layer_units_exponent_6': 4, 'D_layers': 7, 'D_layer_units_exponent_0': 7, 'D_layer_units_exponent_1': 8, 'D_layer_units_exponent_2': 9, 'D_layer_units_exponent_3': 8, 'D_layer_units_exponent_4': 10, 'D_layer_units_exponent_5': 5, 'D_layer_units_exponent_6': 10, 'D_dagger_layers': 3, 'D_dagger_layer_units_exponent_0': 7, 'D_dagger_layer_units_exponent_1': 4, 'D_dagger_layer_units_exponent_2': 6, 'log_learning_rate': -4.9815199822437055, 'log_learning_rate_D': -3.728605177102418, 'log_learning_rate_D_dagger': -3.408752996752762, 'training_batch_size': 9, 'training_p': 2}. Best is trial 5 with value: 0.289172500371933.
Time for this trial:  29.674654006958008
Memory status after this trial: 
Memory allocated:  574.07275390625
Memory cached:  616.0
--------------------  Trial  22   --------------------
Start timing: 
Parameters: 
{'W_layers': 7, 'W_layer_units_exponent_0': 9, 'W_layer_units_exponent_1': 9, 'W_layer_units_exponent_2': 4, 'W_layer_units_exponent_3': 9, 'W_layer_units_exponent_4': 7, 'W_layer_units_exponent_5': 6, 'W_layer_units_exponent_6': 4, 'D_layers': 7, 'D_layer_units_exponent_0': 7, 'D_layer_units_exponent_1': 8, 'D_layer_units_exponent_2': 9, 'D_layer_units_exponent_3': 8, 'D_layer_units_exponent_4': 8, 'D_layer_units_exponent_5': 6, 'D_layer_units_exponent_6': 10, 'D_dagger_layers': 3, 'D_dagger_layer_units_exponent_0': 8, 'D_dagger_layer_units_exponent_1': 4, 'D_dagger_layer_units_exponent_2': 6, 'log_learning_rate': -4.364663032010482, 'log_learning_rate_D': -3.8793644717784805, 'log_learning_rate_D_dagger': -3.5353294613163584, 'training_batch_size': 9, 'training_p': 3}
	 epoch  0 training error:  tensor(0.9254, device='cuda:0', grad_fn=<DivBackward0>)
Memory status after this epoch: 
Memory allocated:  376.39697265625
Memory cached:  512.0
	 epoch  10 training error:  tensor(0.5043, device='cuda:0', grad_fn=<DivBackward0>)
Memory status after this epoch: 
Memory allocated:  376.39697265625
Memory cached:  512.0
	 epoch  20 training error:  tensor(0.4309, device='cuda:0', grad_fn=<DivBackward0>)
Memory status after this epoch: 
Memory allocated:  376.39697265625
Memory cached:  512.0
	 epoch  30 training error:  tensor(0.3857, device='cuda:0', grad_fn=<DivBackward0>)
Memory status after this epoch: 
Memory allocated:  376.39697265625
Memory cached:  512.0
	 epoch  40 training error:  tensor(0.3701, device='cuda:0', grad_fn=<DivBackward0>)
Memory status after this epoch: 
Memory allocated:  376.39697265625
Memory cached:  512.0
	 epoch  50 training error:  tensor(0.3746, device='cuda:0', grad_fn=<DivBackward0>)
Memory status after this epoch: 
Memory allocated:  376.39697265625
Memory cached:  512.0
	 epoch  60 training error:  tensor(0.3683, device='cuda:0', grad_fn=<DivBackward0>)
Memory status after this epoch: 
Memory allocated:  376.39697265625
Memory cached:  512.0
	 epoch  70 training error:  tensor(0.3704, device='cuda:0', grad_fn=<DivBackward0>)
Memory status after this epoch: 
Memory allocated:  376.39697265625
Memory cached:  512.0
	 epoch  80 training error:  tensor(0.3683, device='cuda:0', grad_fn=<DivBackward0>)
Memory status after this epoch: 
Memory allocated:  376.39697265625
Memory cached:  512.0
	 epoch  90 training error:  tensor(0.3670, device='cuda:0', grad_fn=<DivBackward0>)
Memory status after this epoch: 
Memory allocated:  376.39697265625
Memory cached:  512.0
[I 2024-01-13 14:21:18,574] Trial 22 finished with value: 0.304792582988739 and parameters: {'W_layers': 7, 'W_layer_units_exponent_0': 9, 'W_layer_units_exponent_1': 9, 'W_layer_units_exponent_2': 4, 'W_layer_units_exponent_3': 9, 'W_layer_units_exponent_4': 7, 'W_layer_units_exponent_5': 6, 'W_layer_units_exponent_6': 4, 'D_layers': 7, 'D_layer_units_exponent_0': 7, 'D_layer_units_exponent_1': 8, 'D_layer_units_exponent_2': 9, 'D_layer_units_exponent_3': 8, 'D_layer_units_exponent_4': 8, 'D_layer_units_exponent_5': 6, 'D_layer_units_exponent_6': 10, 'D_dagger_layers': 3, 'D_dagger_layer_units_exponent_0': 8, 'D_dagger_layer_units_exponent_1': 4, 'D_dagger_layer_units_exponent_2': 6, 'log_learning_rate': -4.364663032010482, 'log_learning_rate_D': -3.8793644717784805, 'log_learning_rate_D_dagger': -3.5353294613163584, 'training_batch_size': 9, 'training_p': 3}. Best is trial 5 with value: 0.289172500371933.
Time for this trial:  38.79409384727478
Memory status after this trial: 
Memory allocated:  598.35791015625
Memory cached:  610.0
--------------------  Trial  23   --------------------
Start timing: 
Parameters: 
{'W_layers': 6, 'W_layer_units_exponent_0': 9, 'W_layer_units_exponent_1': 9, 'W_layer_units_exponent_2': 5, 'W_layer_units_exponent_3': 10, 'W_layer_units_exponent_4': 6, 'W_layer_units_exponent_5': 5, 'D_layers': 7, 'D_layer_units_exponent_0': 6, 'D_layer_units_exponent_1': 7, 'D_layer_units_exponent_2': 8, 'D_layer_units_exponent_3': 9, 'D_layer_units_exponent_4': 10, 'D_layer_units_exponent_5': 5, 'D_layer_units_exponent_6': 9, 'D_dagger_layers': 3, 'D_dagger_layer_units_exponent_0': 7, 'D_dagger_layer_units_exponent_1': 4, 'D_dagger_layer_units_exponent_2': 7, 'log_learning_rate': -3.970304944138781, 'log_learning_rate_D': -3.404946469450733, 'log_learning_rate_D_dagger': -4.0013863834201, 'training_batch_size': 11, 'training_p': 2}
	 epoch  0 training error:  tensor(0.8849, device='cuda:0', grad_fn=<DivBackward0>)
Memory status after this epoch: 
Memory allocated:  377.9287109375
Memory cached:  510.0
	 epoch  10 training error:  tensor(0.5346, device='cuda:0', grad_fn=<DivBackward0>)
Memory status after this epoch: 
Memory allocated:  377.9287109375
Memory cached:  510.0
	 epoch  20 training error:  tensor(0.4705, device='cuda:0', grad_fn=<DivBackward0>)
Memory status after this epoch: 
Memory allocated:  377.9287109375
Memory cached:  510.0
	 epoch  30 training error:  tensor(0.4375, device='cuda:0', grad_fn=<DivBackward0>)
Memory status after this epoch: 
Memory allocated:  377.9287109375
Memory cached:  510.0
	 epoch  40 training error:  tensor(0.4094, device='cuda:0', grad_fn=<DivBackward0>)
Memory status after this epoch: 
Memory allocated:  377.9287109375
Memory cached:  510.0
	 epoch  50 training error:  tensor(0.3928, device='cuda:0', grad_fn=<DivBackward0>)
Memory status after this epoch: 
Memory allocated:  377.9287109375
Memory cached:  510.0
	 epoch  60 training error:  tensor(0.3726, device='cuda:0', grad_fn=<DivBackward0>)
Memory status after this epoch: 
Memory allocated:  377.9287109375
Memory cached:  510.0
	 epoch  70 training error:  tensor(0.3530, device='cuda:0', grad_fn=<DivBackward0>)
Memory status after this epoch: 
Memory allocated:  377.9287109375
Memory cached:  510.0
	 epoch  80 training error:  tensor(0.3315, device='cuda:0', grad_fn=<DivBackward0>)
Memory status after this epoch: 
Memory allocated:  377.9287109375
Memory cached:  510.0
	 epoch  90 training error:  tensor(0.3136, device='cuda:0', grad_fn=<DivBackward0>)
Memory status after this epoch: 
Memory allocated:  377.9287109375
Memory cached:  510.0
[I 2024-01-13 14:21:39,261] Trial 23 finished with value: 0.3062019348144531 and parameters: {'W_layers': 6, 'W_layer_units_exponent_0': 9, 'W_layer_units_exponent_1': 9, 'W_layer_units_exponent_2': 5, 'W_layer_units_exponent_3': 10, 'W_layer_units_exponent_4': 6, 'W_layer_units_exponent_5': 5, 'D_layers': 7, 'D_layer_units_exponent_0': 6, 'D_layer_units_exponent_1': 7, 'D_layer_units_exponent_2': 8, 'D_layer_units_exponent_3': 9, 'D_layer_units_exponent_4': 10, 'D_layer_units_exponent_5': 5, 'D_layer_units_exponent_6': 9, 'D_dagger_layers': 3, 'D_dagger_layer_units_exponent_0': 7, 'D_dagger_layer_units_exponent_1': 4, 'D_dagger_layer_units_exponent_2': 7, 'log_learning_rate': -3.970304944138781, 'log_learning_rate_D': -3.404946469450733, 'log_learning_rate_D_dagger': -4.0013863834201, 'training_batch_size': 11, 'training_p': 2}. Best is trial 5 with value: 0.289172500371933.
Time for this trial:  20.259459257125854
Memory status after this trial: 
Memory allocated:  636.09521484375
Memory cached:  658.0
--------------------  Trial  24   --------------------
Start timing: 
Parameters: 
{'W_layers': 7, 'W_layer_units_exponent_0': 8, 'W_layer_units_exponent_1': 10, 'W_layer_units_exponent_2': 4, 'W_layer_units_exponent_3': 9, 'W_layer_units_exponent_4': 6, 'W_layer_units_exponent_5': 5, 'W_layer_units_exponent_6': 5, 'D_layers': 8, 'D_layer_units_exponent_0': 7, 'D_layer_units_exponent_1': 8, 'D_layer_units_exponent_2': 9, 'D_layer_units_exponent_3': 10, 'D_layer_units_exponent_4': 9, 'D_layer_units_exponent_5': 7, 'D_layer_units_exponent_6': 9, 'D_layer_units_exponent_7': 10, 'D_dagger_layers': 3, 'D_dagger_layer_units_exponent_0': 8, 'D_dagger_layer_units_exponent_1': 4, 'D_dagger_layer_units_exponent_2': 8, 'log_learning_rate': -4.639440520668962, 'log_learning_rate_D': -4.353276970552773, 'log_learning_rate_D_dagger': -3.2235945505608044, 'training_batch_size': 9, 'training_p': 3}
	 epoch  0 training error:  tensor(1.0362, device='cuda:0', grad_fn=<DivBackward0>)
Memory status after this epoch: 
Memory allocated:  381.79736328125
Memory cached:  514.0
	 epoch  10 training error:  tensor(0.4211, device='cuda:0', grad_fn=<DivBackward0>)
Memory status after this epoch: 
Memory allocated:  381.79736328125
Memory cached:  514.0
	 epoch  20 training error:  tensor(0.4046, device='cuda:0', grad_fn=<DivBackward0>)
Memory status after this epoch: 
Memory allocated:  381.79736328125
Memory cached:  514.0
	 epoch  30 training error:  tensor(0.3862, device='cuda:0', grad_fn=<DivBackward0>)
Memory status after this epoch: 
Memory allocated:  381.79736328125
Memory cached:  514.0
	 epoch  40 training error:  tensor(0.3680, device='cuda:0', grad_fn=<DivBackward0>)
Memory status after this epoch: 
Memory allocated:  381.79736328125
Memory cached:  514.0
	 epoch  50 training error:  tensor(0.3687, device='cuda:0', grad_fn=<DivBackward0>)
Memory status after this epoch: 
Memory allocated:  381.79736328125
Memory cached:  514.0
	 epoch  60 training error:  tensor(0.3720, device='cuda:0', grad_fn=<DivBackward0>)
Memory status after this epoch: 
Memory allocated:  381.79736328125
Memory cached:  514.0
	 epoch  70 training error:  tensor(0.3685, device='cuda:0', grad_fn=<DivBackward0>)
Memory status after this epoch: 
Memory allocated:  381.79736328125
Memory cached:  514.0
	 epoch  80 training error:  tensor(0.3705, device='cuda:0', grad_fn=<DivBackward0>)
Memory status after this epoch: 
Memory allocated:  381.79736328125
Memory cached:  514.0
	 epoch  90 training error:  tensor(0.3678, device='cuda:0', grad_fn=<DivBackward0>)
Memory status after this epoch: 
Memory allocated:  381.79736328125
Memory cached:  514.0
[I 2024-01-13 14:22:01,224] Trial 24 finished with value: 0.3039255142211914 and parameters: {'W_layers': 7, 'W_layer_units_exponent_0': 8, 'W_layer_units_exponent_1': 10, 'W_layer_units_exponent_2': 4, 'W_layer_units_exponent_3': 9, 'W_layer_units_exponent_4': 6, 'W_layer_units_exponent_5': 5, 'W_layer_units_exponent_6': 5, 'D_layers': 8, 'D_layer_units_exponent_0': 7, 'D_layer_units_exponent_1': 8, 'D_layer_units_exponent_2': 9, 'D_layer_units_exponent_3': 10, 'D_layer_units_exponent_4': 9, 'D_layer_units_exponent_5': 7, 'D_layer_units_exponent_6': 9, 'D_layer_units_exponent_7': 10, 'D_dagger_layers': 3, 'D_dagger_layer_units_exponent_0': 8, 'D_dagger_layer_units_exponent_1': 4, 'D_dagger_layer_units_exponent_2': 8, 'log_learning_rate': -4.639440520668962, 'log_learning_rate_D': -4.353276970552773, 'log_learning_rate_D_dagger': -3.2235945505608044, 'training_batch_size': 9, 'training_p': 3}. Best is trial 5 with value: 0.289172500371933.
Time for this trial:  21.568151235580444
Memory status after this trial: 
Memory allocated:  635.03173828125
Memory cached:  664.0
--------------------  Trial  25   --------------------
Start timing: 
Parameters: 
{'W_layers': 6, 'W_layer_units_exponent_0': 9, 'W_layer_units_exponent_1': 9, 'W_layer_units_exponent_2': 5, 'W_layer_units_exponent_3': 10, 'W_layer_units_exponent_4': 7, 'W_layer_units_exponent_5': 8, 'D_layers': 7, 'D_layer_units_exponent_0': 7, 'D_layer_units_exponent_1': 9, 'D_layer_units_exponent_2': 8, 'D_layer_units_exponent_3': 8, 'D_layer_units_exponent_4': 9, 'D_layer_units_exponent_5': 5, 'D_layer_units_exponent_6': 10, 'D_dagger_layers': 4, 'D_dagger_layer_units_exponent_0': 7, 'D_dagger_layer_units_exponent_1': 6, 'D_dagger_layer_units_exponent_2': 6, 'D_dagger_layer_units_exponent_3': 10, 'log_learning_rate': -3.7161749375208464, 'log_learning_rate_D': -4.082974582870441, 'log_learning_rate_D_dagger': -3.341124643185419, 'training_batch_size': 10, 'training_p': 2}
	 epoch  0 training error:  tensor(1.0890, device='cuda:0', grad_fn=<DivBackward0>)
Memory status after this epoch: 
Memory allocated:  379.40185546875
Memory cached:  510.0
	 epoch  10 training error:  tensor(0.3560, device='cuda:0', grad_fn=<DivBackward0>)
Memory status after this epoch: 
Memory allocated:  379.40185546875
Memory cached:  510.0
	 epoch  20 training error:  tensor(0.2991, device='cuda:0', grad_fn=<DivBackward0>)
Memory status after this epoch: 
Memory allocated:  379.40185546875
Memory cached:  510.0
	 epoch  30 training error:  tensor(0.2946, device='cuda:0', grad_fn=<DivBackward0>)
Memory status after this epoch: 
Memory allocated:  379.40185546875
Memory cached:  510.0
	 epoch  40 training error:  tensor(0.2879, device='cuda:0', grad_fn=<DivBackward0>)
Memory status after this epoch: 
Memory allocated:  379.40185546875
Memory cached:  510.0
	 epoch  50 training error:  tensor(0.2883, device='cuda:0', grad_fn=<DivBackward0>)
Memory status after this epoch: 
Memory allocated:  379.40185546875
Memory cached:  510.0
	 epoch  60 training error:  tensor(0.2843, device='cuda:0', grad_fn=<DivBackward0>)
Memory status after this epoch: 
Memory allocated:  379.40185546875
Memory cached:  510.0
	 epoch  70 training error:  tensor(0.2828, device='cuda:0', grad_fn=<DivBackward0>)
Memory status after this epoch: 
Memory allocated:  379.40185546875
Memory cached:  510.0
	 epoch  80 training error:  tensor(0.2836, device='cuda:0', grad_fn=<DivBackward0>)
Memory status after this epoch: 
Memory allocated:  379.40185546875
Memory cached:  510.0
	 epoch  90 training error:  tensor(0.2870, device='cuda:0', grad_fn=<DivBackward0>)
Memory status after this epoch: 
Memory allocated:  379.40185546875
Memory cached:  510.0
[I 2024-01-13 14:22:32,387] Trial 25 finished with value: 0.29096314311027527 and parameters: {'W_layers': 6, 'W_layer_units_exponent_0': 9, 'W_layer_units_exponent_1': 9, 'W_layer_units_exponent_2': 5, 'W_layer_units_exponent_3': 10, 'W_layer_units_exponent_4': 7, 'W_layer_units_exponent_5': 8, 'D_layers': 7, 'D_layer_units_exponent_0': 7, 'D_layer_units_exponent_1': 9, 'D_layer_units_exponent_2': 8, 'D_layer_units_exponent_3': 8, 'D_layer_units_exponent_4': 9, 'D_layer_units_exponent_5': 5, 'D_layer_units_exponent_6': 10, 'D_dagger_layers': 4, 'D_dagger_layer_units_exponent_0': 7, 'D_dagger_layer_units_exponent_1': 6, 'D_dagger_layer_units_exponent_2': 6, 'D_dagger_layer_units_exponent_3': 10, 'log_learning_rate': -3.7161749375208464, 'log_learning_rate_D': -4.082974582870441, 'log_learning_rate_D_dagger': -3.341124643185419, 'training_batch_size': 10, 'training_p': 2}. Best is trial 5 with value: 0.289172500371933.
Time for this trial:  30.790336847305298
Memory status after this trial: 
Memory allocated:  760.76220703125
Memory cached:  788.0
--------------------  Trial  26   --------------------
Start timing: 
Parameters: 
{'W_layers': 6, 'W_layer_units_exponent_0': 10, 'W_layer_units_exponent_1': 8, 'W_layer_units_exponent_2': 6, 'W_layer_units_exponent_3': 10, 'W_layer_units_exponent_4': 7, 'W_layer_units_exponent_5': 8, 'D_layers': 5, 'D_layer_units_exponent_0': 8, 'D_layer_units_exponent_1': 9, 'D_layer_units_exponent_2': 7, 'D_layer_units_exponent_3': 9, 'D_layer_units_exponent_4': 8, 'D_dagger_layers': 4, 'D_dagger_layer_units_exponent_0': 9, 'D_dagger_layer_units_exponent_1': 6, 'D_dagger_layer_units_exponent_2': 6, 'D_dagger_layer_units_exponent_3': 10, 'log_learning_rate': -3.5237911073163857, 'log_learning_rate_D': -4.819075144558903, 'log_learning_rate_D_dagger': -3.8776945952077986, 'training_batch_size': 11, 'training_p': 3}
	 epoch  0 training error:  tensor(0.9240, device='cuda:0', grad_fn=<DivBackward0>)
Memory status after this epoch: 
Memory allocated:  380.10546875
Memory cached:  510.0
	 epoch  10 training error:  tensor(0.4325, device='cuda:0', grad_fn=<DivBackward0>)
Memory status after this epoch: 
Memory allocated:  380.10546875
Memory cached:  510.0
	 epoch  20 training error:  tensor(0.3834, device='cuda:0', grad_fn=<DivBackward0>)
Memory status after this epoch: 
Memory allocated:  380.10546875
Memory cached:  510.0
	 epoch  30 training error:  tensor(0.3756, device='cuda:0', grad_fn=<DivBackward0>)
Memory status after this epoch: 
Memory allocated:  380.10546875
Memory cached:  510.0
	 epoch  40 training error:  tensor(0.3722, device='cuda:0', grad_fn=<DivBackward0>)
Memory status after this epoch: 
Memory allocated:  380.10546875
Memory cached:  510.0
	 epoch  50 training error:  tensor(0.3691, device='cuda:0', grad_fn=<DivBackward0>)
Memory status after this epoch: 
Memory allocated:  380.10546875
Memory cached:  510.0
	 epoch  60 training error:  tensor(0.3693, device='cuda:0', grad_fn=<DivBackward0>)
Memory status after this epoch: 
Memory allocated:  380.10546875
Memory cached:  510.0
	 epoch  70 training error:  tensor(0.3694, device='cuda:0', grad_fn=<DivBackward0>)
Memory status after this epoch: 
Memory allocated:  380.10546875
Memory cached:  510.0
	 epoch  80 training error:  tensor(0.3682, device='cuda:0', grad_fn=<DivBackward0>)
Memory status after this epoch: 
Memory allocated:  380.10546875
Memory cached:  510.0
	 epoch  90 training error:  tensor(0.3675, device='cuda:0', grad_fn=<DivBackward0>)
Memory status after this epoch: 
Memory allocated:  380.10546875
Memory cached:  510.0
[I 2024-01-13 14:23:14,575] Trial 26 finished with value: 0.3046385943889618 and parameters: {'W_layers': 6, 'W_layer_units_exponent_0': 10, 'W_layer_units_exponent_1': 8, 'W_layer_units_exponent_2': 6, 'W_layer_units_exponent_3': 10, 'W_layer_units_exponent_4': 7, 'W_layer_units_exponent_5': 8, 'D_layers': 5, 'D_layer_units_exponent_0': 8, 'D_layer_units_exponent_1': 9, 'D_layer_units_exponent_2': 7, 'D_layer_units_exponent_3': 9, 'D_layer_units_exponent_4': 8, 'D_dagger_layers': 4, 'D_dagger_layer_units_exponent_0': 9, 'D_dagger_layer_units_exponent_1': 6, 'D_dagger_layer_units_exponent_2': 6, 'D_dagger_layer_units_exponent_3': 10, 'log_learning_rate': -3.5237911073163857, 'log_learning_rate_D': -4.819075144558903, 'log_learning_rate_D_dagger': -3.8776945952077986, 'training_batch_size': 11, 'training_p': 3}. Best is trial 5 with value: 0.289172500371933.
Time for this trial:  41.844560861587524
Memory status after this trial: 
Memory allocated:  835.42626953125
Memory cached:  862.0
--------------------  Trial  27   --------------------
Start timing: 
Parameters: 
{'W_layers': 4, 'W_layer_units_exponent_0': 7, 'W_layer_units_exponent_1': 10, 'W_layer_units_exponent_2': 5, 'W_layer_units_exponent_3': 10, 'D_layers': 6, 'D_layer_units_exponent_0': 5, 'D_layer_units_exponent_1': 9, 'D_layer_units_exponent_2': 8, 'D_layer_units_exponent_3': 8, 'D_layer_units_exponent_4': 9, 'D_layer_units_exponent_5': 6, 'D_dagger_layers': 5, 'D_dagger_layer_units_exponent_0': 7, 'D_dagger_layer_units_exponent_1': 7, 'D_dagger_layer_units_exponent_2': 7, 'D_dagger_layer_units_exponent_3': 8, 'D_dagger_layer_units_exponent_4': 6, 'log_learning_rate': -3.0444988465015017, 'log_learning_rate_D': -4.273301531287629, 'log_learning_rate_D_dagger': -4.230081338937728, 'training_batch_size': 10, 'training_p': 2}
	 epoch  0 training error:  tensor(0.9229, device='cuda:0', grad_fn=<DivBackward0>)
Memory status after this epoch: 
Memory allocated:  374.935546875
Memory cached:  510.0
	 epoch  10 training error:  tensor(0.4842, device='cuda:0', grad_fn=<DivBackward0>)
Memory status after this epoch: 
Memory allocated:  374.935546875
Memory cached:  510.0
	 epoch  20 training error:  tensor(0.4341, device='cuda:0', grad_fn=<DivBackward0>)
Memory status after this epoch: 
Memory allocated:  374.935546875
Memory cached:  510.0
	 epoch  30 training error:  tensor(0.4042, device='cuda:0', grad_fn=<DivBackward0>)
Memory status after this epoch: 
Memory allocated:  374.935546875
Memory cached:  510.0
	 epoch  40 training error:  tensor(0.3711, device='cuda:0', grad_fn=<DivBackward0>)
Memory status after this epoch: 
Memory allocated:  374.935546875
Memory cached:  510.0
	 epoch  50 training error:  tensor(0.3554, device='cuda:0', grad_fn=<DivBackward0>)
Memory status after this epoch: 
Memory allocated:  374.935546875
Memory cached:  510.0
	 epoch  60 training error:  tensor(0.3011, device='cuda:0', grad_fn=<DivBackward0>)
Memory status after this epoch: 
Memory allocated:  374.935546875
Memory cached:  510.0
	 epoch  70 training error:  tensor(0.2883, device='cuda:0', grad_fn=<DivBackward0>)
Memory status after this epoch: 
Memory allocated:  374.935546875
Memory cached:  510.0
	 epoch  80 training error:  tensor(0.2870, device='cuda:0', grad_fn=<DivBackward0>)
Memory status after this epoch: 
Memory allocated:  374.935546875
Memory cached:  510.0
	 epoch  90 training error:  tensor(0.2936, device='cuda:0', grad_fn=<DivBackward0>)
Memory status after this epoch: 
Memory allocated:  374.935546875
Memory cached:  510.0
