[I 2024-02-18 07:07:49,273] Trial 184 finished with value: 0.3016231060028076 and parameters: {'W_layers': 3, 'W_layer_units_exponent_0': 5, 'W_layer_units_exponent_1': 6, 'W_layer_units_exponent_2': 7, 'D_layers': 2, 'D_layer_units_exponent_0': 10, 'D_layer_units_exponent_1': 5, 'D_dagger_layers': 5, 'D_dagger_layer_units_exponent_0': 10, 'D_dagger_layer_units_exponent_1': 7, 'D_dagger_layer_units_exponent_2': 4, 'D_dagger_layer_units_exponent_3': 6, 'D_dagger_layer_units_exponent_4': 5, 'log_learning_rate': -3.344389696268395, 'log_learning_rate_D': -3.9967318684314366, 'log_learning_rate_D_dagger': -3.899693012055628, 'training_batch_size': 12, 'training_p': 2}. Best is trial 151 with value: 0.29889023303985596.
Time for this trial:  19.79991316795349
Memory status after this trial: 
Memory allocated:  1073.54345703125
Memory cached:  1190.0
--------------------  Trial  185   --------------------
Start timing: 
Parameters: 
{'W_layers': 3, 'W_layer_units_exponent_0': 5, 'W_layer_units_exponent_1': 6, 'W_layer_units_exponent_2': 7, 'D_layers': 2, 'D_layer_units_exponent_0': 10, 'D_layer_units_exponent_1': 5, 'D_dagger_layers': 5, 'D_dagger_layer_units_exponent_0': 10, 'D_dagger_layer_units_exponent_1': 7, 'D_dagger_layer_units_exponent_2': 4, 'D_dagger_layer_units_exponent_3': 6, 'D_dagger_layer_units_exponent_4': 5, 'log_learning_rate': -3.701959647992505, 'log_learning_rate_D': -4.060851068497267, 'log_learning_rate_D_dagger': -4.066250146934236, 'training_batch_size': 6, 'training_p': 2}
	 epoch  0 training error:  tensor(0.8465, device='cuda:0', grad_fn=<DivBackward0>)
Memory status after this epoch: 
Memory allocated:  753.54150390625
Memory cached:  966.0
	 epoch  10 training error:  tensor(0.3101, device='cuda:0', grad_fn=<DivBackward0>)
Memory status after this epoch: 
Memory allocated:  753.54150390625
Memory cached:  966.0
	 epoch  20 training error:  tensor(0.2970, device='cuda:0', grad_fn=<DivBackward0>)
Memory status after this epoch: 
Memory allocated:  753.54150390625
Memory cached:  966.0
	 epoch  30 training error:  tensor(0.2930, device='cuda:0', grad_fn=<DivBackward0>)
Memory status after this epoch: 
Memory allocated:  753.54150390625
Memory cached:  966.0
	 epoch  40 training error:  tensor(0.2892, device='cuda:0', grad_fn=<DivBackward0>)
Memory status after this epoch: 
Memory allocated:  753.54150390625
Memory cached:  966.0
	 epoch  50 training error:  tensor(0.2892, device='cuda:0', grad_fn=<DivBackward0>)
Memory status after this epoch: 
Memory allocated:  753.54150390625
Memory cached:  966.0
	 epoch  60 training error:  tensor(0.2863, device='cuda:0', grad_fn=<DivBackward0>)
Memory status after this epoch: 
Memory allocated:  753.54150390625
Memory cached:  966.0
	 epoch  70 training error:  tensor(0.2855, device='cuda:0', grad_fn=<DivBackward0>)
Memory status after this epoch: 
Memory allocated:  753.54150390625
Memory cached:  966.0
	 epoch  80 training error:  tensor(0.2838, device='cuda:0', grad_fn=<DivBackward0>)
Memory status after this epoch: 
Memory allocated:  753.54150390625
Memory cached:  966.0
	 epoch  90 training error:  tensor(0.2836, device='cuda:0', grad_fn=<DivBackward0>)
Memory status after this epoch: 
Memory allocated:  753.54150390625
Memory cached:  966.0
[I 2024-02-18 07:08:15,036] Trial 185 finished with value: 0.30089280009269714 and parameters: {'W_layers': 3, 'W_layer_units_exponent_0': 5, 'W_layer_units_exponent_1': 6, 'W_layer_units_exponent_2': 7, 'D_layers': 2, 'D_layer_units_exponent_0': 10, 'D_layer_units_exponent_1': 5, 'D_dagger_layers': 5, 'D_dagger_layer_units_exponent_0': 10, 'D_dagger_layer_units_exponent_1': 7, 'D_dagger_layer_units_exponent_2': 4, 'D_dagger_layer_units_exponent_3': 6, 'D_dagger_layer_units_exponent_4': 5, 'log_learning_rate': -3.701959647992505, 'log_learning_rate_D': -4.060851068497267, 'log_learning_rate_D_dagger': -4.066250146934236, 'training_batch_size': 6, 'training_p': 2}. Best is trial 151 with value: 0.29889023303985596.
Time for this trial:  25.35280179977417
Memory status after this trial: 
Memory allocated:  1073.54345703125
Memory cached:  1190.0
--------------------  Trial  186   --------------------
Start timing: 
Parameters: 
{'W_layers': 4, 'W_layer_units_exponent_0': 5, 'W_layer_units_exponent_1': 6, 'W_layer_units_exponent_2': 7, 'W_layer_units_exponent_3': 6, 'D_layers': 2, 'D_layer_units_exponent_0': 10, 'D_layer_units_exponent_1': 5, 'D_dagger_layers': 5, 'D_dagger_layer_units_exponent_0': 10, 'D_dagger_layer_units_exponent_1': 7, 'D_dagger_layer_units_exponent_2': 4, 'D_dagger_layer_units_exponent_3': 6, 'D_dagger_layer_units_exponent_4': 6, 'log_learning_rate': -3.1617640108573104, 'log_learning_rate_D': -4.244639050872494, 'log_learning_rate_D_dagger': -4.320882249400563, 'training_batch_size': 6, 'training_p': 2}
	 epoch  0 training error:  tensor(0.8376, device='cuda:0', grad_fn=<DivBackward0>)
Memory status after this epoch: 
Memory allocated:  753.69970703125
Memory cached:  966.0
	 epoch  10 training error:  tensor(0.3168, device='cuda:0', grad_fn=<DivBackward0>)
Memory status after this epoch: 
Memory allocated:  753.69970703125
Memory cached:  966.0
	 epoch  20 training error:  tensor(0.3055, device='cuda:0', grad_fn=<DivBackward0>)
Memory status after this epoch: 
Memory allocated:  753.69970703125
Memory cached:  966.0
	 epoch  30 training error:  tensor(0.2956, device='cuda:0', grad_fn=<DivBackward0>)
Memory status after this epoch: 
Memory allocated:  753.69970703125
Memory cached:  966.0
	 epoch  40 training error:  tensor(0.2887, device='cuda:0', grad_fn=<DivBackward0>)
Memory status after this epoch: 
Memory allocated:  753.69970703125
Memory cached:  966.0
	 epoch  50 training error:  tensor(0.2877, device='cuda:0', grad_fn=<DivBackward0>)
Memory status after this epoch: 
Memory allocated:  753.69970703125
Memory cached:  966.0
	 epoch  60 training error:  tensor(0.2859, device='cuda:0', grad_fn=<DivBackward0>)
Memory status after this epoch: 
Memory allocated:  753.69970703125
Memory cached:  966.0
	 epoch  70 training error:  tensor(0.2848, device='cuda:0', grad_fn=<DivBackward0>)
Memory status after this epoch: 
Memory allocated:  753.69970703125
Memory cached:  966.0
	 epoch  80 training error:  tensor(0.2835, device='cuda:0', grad_fn=<DivBackward0>)
Memory status after this epoch: 
Memory allocated:  753.69970703125
Memory cached:  966.0
	 epoch  90 training error:  tensor(0.2829, device='cuda:0', grad_fn=<DivBackward0>)
Memory status after this epoch: 
Memory allocated:  753.69970703125
Memory cached:  966.0
[I 2024-02-18 07:08:41,631] Trial 186 finished with value: 0.3033815920352936 and parameters: {'W_layers': 4, 'W_layer_units_exponent_0': 5, 'W_layer_units_exponent_1': 6, 'W_layer_units_exponent_2': 7, 'W_layer_units_exponent_3': 6, 'D_layers': 2, 'D_layer_units_exponent_0': 10, 'D_layer_units_exponent_1': 5, 'D_dagger_layers': 5, 'D_dagger_layer_units_exponent_0': 10, 'D_dagger_layer_units_exponent_1': 7, 'D_dagger_layer_units_exponent_2': 4, 'D_dagger_layer_units_exponent_3': 6, 'D_dagger_layer_units_exponent_4': 6, 'log_learning_rate': -3.1617640108573104, 'log_learning_rate_D': -4.244639050872494, 'log_learning_rate_D_dagger': -4.320882249400563, 'training_batch_size': 6, 'training_p': 2}. Best is trial 151 with value: 0.29889023303985596.
Time for this trial:  26.222162008285522
Memory status after this trial: 
Memory allocated:  1095.57568359375
Memory cached:  1190.0
--------------------  Trial  187   --------------------
Start timing: 
Parameters: 
{'W_layers': 3, 'W_layer_units_exponent_0': 5, 'W_layer_units_exponent_1': 5, 'W_layer_units_exponent_2': 7, 'D_layers': 2, 'D_layer_units_exponent_0': 10, 'D_layer_units_exponent_1': 5, 'D_dagger_layers': 5, 'D_dagger_layer_units_exponent_0': 10, 'D_dagger_layer_units_exponent_1': 7, 'D_dagger_layer_units_exponent_2': 4, 'D_dagger_layer_units_exponent_3': 6, 'D_dagger_layer_units_exponent_4': 5, 'log_learning_rate': -3.4604356521022313, 'log_learning_rate_D': -4.135743207748157, 'log_learning_rate_D_dagger': -3.9882227808886195, 'training_batch_size': 6, 'training_p': 2}
	 epoch  0 training error:  tensor(0.7714, device='cuda:0', grad_fn=<DivBackward0>)
Memory status after this epoch: 
Memory allocated:  753.46337890625
Memory cached:  966.0
	 epoch  10 training error:  tensor(0.3066, device='cuda:0', grad_fn=<DivBackward0>)
Memory status after this epoch: 
Memory allocated:  753.46337890625
Memory cached:  966.0
	 epoch  20 training error:  tensor(0.2963, device='cuda:0', grad_fn=<DivBackward0>)
Memory status after this epoch: 
Memory allocated:  753.46337890625
Memory cached:  966.0
	 epoch  30 training error:  tensor(0.2891, device='cuda:0', grad_fn=<DivBackward0>)
Memory status after this epoch: 
Memory allocated:  753.46337890625
Memory cached:  966.0
	 epoch  40 training error:  tensor(0.2876, device='cuda:0', grad_fn=<DivBackward0>)
Memory status after this epoch: 
Memory allocated:  753.46337890625
Memory cached:  966.0
	 epoch  50 training error:  tensor(0.2860, device='cuda:0', grad_fn=<DivBackward0>)
Memory status after this epoch: 
Memory allocated:  753.46337890625
Memory cached:  966.0
	 epoch  60 training error:  tensor(0.2841, device='cuda:0', grad_fn=<DivBackward0>)
Memory status after this epoch: 
Memory allocated:  753.46337890625
Memory cached:  966.0
	 epoch  70 training error:  tensor(0.2865, device='cuda:0', grad_fn=<DivBackward0>)
Memory status after this epoch: 
Memory allocated:  753.46337890625
Memory cached:  966.0
	 epoch  80 training error:  tensor(0.2844, device='cuda:0', grad_fn=<DivBackward0>)
Memory status after this epoch: 
Memory allocated:  753.46337890625
Memory cached:  966.0
	 epoch  90 training error:  tensor(0.2842, device='cuda:0', grad_fn=<DivBackward0>)
Memory status after this epoch: 
Memory allocated:  753.46337890625
Memory cached:  966.0
[I 2024-02-18 07:09:07,231] Trial 187 finished with value: 0.30001118779182434 and parameters: {'W_layers': 3, 'W_layer_units_exponent_0': 5, 'W_layer_units_exponent_1': 5, 'W_layer_units_exponent_2': 7, 'D_layers': 2, 'D_layer_units_exponent_0': 10, 'D_layer_units_exponent_1': 5, 'D_dagger_layers': 5, 'D_dagger_layer_units_exponent_0': 10, 'D_dagger_layer_units_exponent_1': 7, 'D_dagger_layer_units_exponent_2': 4, 'D_dagger_layer_units_exponent_3': 6, 'D_dagger_layer_units_exponent_4': 5, 'log_learning_rate': -3.4604356521022313, 'log_learning_rate_D': -4.135743207748157, 'log_learning_rate_D_dagger': -3.9882227808886195, 'training_batch_size': 6, 'training_p': 2}. Best is trial 151 with value: 0.29889023303985596.
Time for this trial:  25.26414179801941
Memory status after this trial: 
Memory allocated:  1065.73095703125
Memory cached:  1190.0
--------------------  Trial  188   --------------------
Start timing: 
Parameters: 
{'W_layers': 3, 'W_layer_units_exponent_0': 5, 'W_layer_units_exponent_1': 5, 'W_layer_units_exponent_2': 7, 'D_layers': 2, 'D_layer_units_exponent_0': 10, 'D_layer_units_exponent_1': 5, 'D_dagger_layers': 5, 'D_dagger_layer_units_exponent_0': 10, 'D_dagger_layer_units_exponent_1': 7, 'D_dagger_layer_units_exponent_2': 4, 'D_dagger_layer_units_exponent_3': 6, 'D_dagger_layer_units_exponent_4': 6, 'log_learning_rate': -3.4024943117703375, 'log_learning_rate_D': -3.932796424648995, 'log_learning_rate_D_dagger': -4.137157161521477, 'training_batch_size': 6, 'training_p': 2}
	 epoch  0 training error:  tensor(0.9219, device='cuda:0', grad_fn=<DivBackward0>)
Memory status after this epoch: 
Memory allocated:  753.49462890625
Memory cached:  966.0
	 epoch  10 training error:  tensor(0.3120, device='cuda:0', grad_fn=<DivBackward0>)
Memory status after this epoch: 
Memory allocated:  753.49462890625
Memory cached:  966.0
	 epoch  20 training error:  tensor(0.2970, device='cuda:0', grad_fn=<DivBackward0>)
Memory status after this epoch: 
Memory allocated:  753.49462890625
Memory cached:  966.0
	 epoch  30 training error:  tensor(0.2904, device='cuda:0', grad_fn=<DivBackward0>)
Memory status after this epoch: 
Memory allocated:  753.49462890625
Memory cached:  966.0
	 epoch  40 training error:  tensor(0.2869, device='cuda:0', grad_fn=<DivBackward0>)
Memory status after this epoch: 
Memory allocated:  753.49462890625
Memory cached:  966.0
	 epoch  50 training error:  tensor(0.2852, device='cuda:0', grad_fn=<DivBackward0>)
Memory status after this epoch: 
Memory allocated:  753.49462890625
Memory cached:  966.0
	 epoch  60 training error:  tensor(0.2856, device='cuda:0', grad_fn=<DivBackward0>)
Memory status after this epoch: 
Memory allocated:  753.49462890625
Memory cached:  966.0
	 epoch  70 training error:  tensor(0.2848, device='cuda:0', grad_fn=<DivBackward0>)
Memory status after this epoch: 
Memory allocated:  753.49462890625
Memory cached:  966.0
	 epoch  80 training error:  tensor(0.2869, device='cuda:0', grad_fn=<DivBackward0>)
Memory status after this epoch: 
Memory allocated:  753.49462890625
Memory cached:  966.0
	 epoch  90 training error:  tensor(0.2840, device='cuda:0', grad_fn=<DivBackward0>)
Memory status after this epoch: 
Memory allocated:  753.49462890625
Memory cached:  966.0
[I 2024-02-18 07:09:33,074] Trial 188 finished with value: 0.2999317944049835 and parameters: {'W_layers': 3, 'W_layer_units_exponent_0': 5, 'W_layer_units_exponent_1': 5, 'W_layer_units_exponent_2': 7, 'D_layers': 2, 'D_layer_units_exponent_0': 10, 'D_layer_units_exponent_1': 5, 'D_dagger_layers': 5, 'D_dagger_layer_units_exponent_0': 10, 'D_dagger_layer_units_exponent_1': 7, 'D_dagger_layer_units_exponent_2': 4, 'D_dagger_layer_units_exponent_3': 6, 'D_dagger_layer_units_exponent_4': 6, 'log_learning_rate': -3.4024943117703375, 'log_learning_rate_D': -3.932796424648995, 'log_learning_rate_D_dagger': -4.137157161521477, 'training_batch_size': 6, 'training_p': 2}. Best is trial 151 with value: 0.29889023303985596.
Time for this trial:  25.49612307548523
Memory status after this trial: 
Memory allocated:  1072.54345703125
Memory cached:  1190.0
--------------------  Trial  189   --------------------
Start timing: 
Parameters: 
{'W_layers': 4, 'W_layer_units_exponent_0': 5, 'W_layer_units_exponent_1': 5, 'W_layer_units_exponent_2': 7, 'W_layer_units_exponent_3': 6, 'D_layers': 2, 'D_layer_units_exponent_0': 10, 'D_layer_units_exponent_1': 5, 'D_dagger_layers': 5, 'D_dagger_layer_units_exponent_0': 7, 'D_dagger_layer_units_exponent_1': 7, 'D_dagger_layer_units_exponent_2': 4, 'D_dagger_layer_units_exponent_3': 6, 'D_dagger_layer_units_exponent_4': 6, 'log_learning_rate': -3.2205729018396716, 'log_learning_rate_D': -3.837252064188986, 'log_learning_rate_D_dagger': -3.8251342482338297, 'training_batch_size': 6, 'training_p': 2}
	 epoch  0 training error:  tensor(0.6950, device='cuda:0', grad_fn=<DivBackward0>)
Memory status after this epoch: 
Memory allocated:  751.84423828125
Memory cached:  966.0
	 epoch  10 training error:  tensor(0.3130, device='cuda:0', grad_fn=<DivBackward0>)
Memory status after this epoch: 
Memory allocated:  751.84423828125
Memory cached:  966.0
	 epoch  20 training error:  tensor(0.2965, device='cuda:0', grad_fn=<DivBackward0>)
Memory status after this epoch: 
Memory allocated:  751.84423828125
Memory cached:  966.0
	 epoch  30 training error:  tensor(0.2896, device='cuda:0', grad_fn=<DivBackward0>)
Memory status after this epoch: 
Memory allocated:  751.84423828125
Memory cached:  966.0
	 epoch  40 training error:  tensor(0.2875, device='cuda:0', grad_fn=<DivBackward0>)
Memory status after this epoch: 
Memory allocated:  751.84423828125
Memory cached:  966.0
	 epoch  50 training error:  tensor(0.2878, device='cuda:0', grad_fn=<DivBackward0>)
Memory status after this epoch: 
Memory allocated:  751.84423828125
Memory cached:  966.0
	 epoch  60 training error:  tensor(0.2846, device='cuda:0', grad_fn=<DivBackward0>)
Memory status after this epoch: 
Memory allocated:  751.84423828125
Memory cached:  966.0
	 epoch  70 training error:  tensor(0.2848, device='cuda:0', grad_fn=<DivBackward0>)
Memory status after this epoch: 
Memory allocated:  751.84423828125
Memory cached:  966.0
	 epoch  80 training error:  tensor(0.2847, device='cuda:0', grad_fn=<DivBackward0>)
Memory status after this epoch: 
Memory allocated:  751.84423828125
Memory cached:  966.0
	 epoch  90 training error:  tensor(0.2833, device='cuda:0', grad_fn=<DivBackward0>)
Memory status after this epoch: 
Memory allocated:  751.84423828125
Memory cached:  966.0
[I 2024-02-18 07:09:58,357] Trial 189 finished with value: 0.30023688077926636 and parameters: {'W_layers': 4, 'W_layer_units_exponent_0': 5, 'W_layer_units_exponent_1': 5, 'W_layer_units_exponent_2': 7, 'W_layer_units_exponent_3': 6, 'D_layers': 2, 'D_layer_units_exponent_0': 10, 'D_layer_units_exponent_1': 5, 'D_dagger_layers': 5, 'D_dagger_layer_units_exponent_0': 7, 'D_dagger_layer_units_exponent_1': 7, 'D_dagger_layer_units_exponent_2': 4, 'D_dagger_layer_units_exponent_3': 6, 'D_dagger_layer_units_exponent_4': 6, 'log_learning_rate': -3.2205729018396716, 'log_learning_rate_D': -3.837252064188986, 'log_learning_rate_D_dagger': -3.8251342482338297, 'training_batch_size': 6, 'training_p': 2}. Best is trial 151 with value: 0.29889023303985596.
Time for this trial:  24.89078974723816
Memory status after this trial: 
Memory allocated:  890.59326171875
Memory cached:  966.0
--------------------  Trial  190   --------------------
Start timing: 
Parameters: 
{'W_layers': 3, 'W_layer_units_exponent_0': 5, 'W_layer_units_exponent_1': 5, 'W_layer_units_exponent_2': 7, 'D_layers': 2, 'D_layer_units_exponent_0': 10, 'D_layer_units_exponent_1': 5, 'D_dagger_layers': 5, 'D_dagger_layer_units_exponent_0': 10, 'D_dagger_layer_units_exponent_1': 7, 'D_dagger_layer_units_exponent_2': 4, 'D_dagger_layer_units_exponent_3': 6, 'D_dagger_layer_units_exponent_4': 6, 'log_learning_rate': -3.385759078182902, 'log_learning_rate_D': -3.9125350236746472, 'log_learning_rate_D_dagger': -4.053265964717702, 'training_batch_size': 10, 'training_p': 2}
	 epoch  0 training error:  tensor(0.9150, device='cuda:0', grad_fn=<DivBackward0>)
Memory status after this epoch: 
Memory allocated:  753.59228515625
Memory cached:  966.0
	 epoch  10 training error:  tensor(0.4028, device='cuda:0', grad_fn=<DivBackward0>)
Memory status after this epoch: 
Memory allocated:  753.59228515625
Memory cached:  966.0
	 epoch  20 training error:  tensor(0.3579, device='cuda:0', grad_fn=<DivBackward0>)
Memory status after this epoch: 
Memory allocated:  753.59228515625
Memory cached:  966.0
	 epoch  30 training error:  tensor(0.3263, device='cuda:0', grad_fn=<DivBackward0>)
Memory status after this epoch: 
Memory allocated:  753.59228515625
Memory cached:  966.0
	 epoch  40 training error:  tensor(0.3211, device='cuda:0', grad_fn=<DivBackward0>)
Memory status after this epoch: 
Memory allocated:  753.59228515625
Memory cached:  966.0
	 epoch  50 training error:  tensor(0.3177, device='cuda:0', grad_fn=<DivBackward0>)
Memory status after this epoch: 
Memory allocated:  753.59228515625
Memory cached:  966.0
	 epoch  60 training error:  tensor(0.3130, device='cuda:0', grad_fn=<DivBackward0>)
Memory status after this epoch: 
Memory allocated:  753.59228515625
Memory cached:  966.0
	 epoch  70 training error:  tensor(0.3094, device='cuda:0', grad_fn=<DivBackward0>)
Memory status after this epoch: 
Memory allocated:  753.59228515625
Memory cached:  966.0
	 epoch  80 training error:  tensor(0.3052, device='cuda:0', grad_fn=<DivBackward0>)
Memory status after this epoch: 
Memory allocated:  753.59228515625
Memory cached:  966.0
	 epoch  90 training error:  tensor(0.3037, device='cuda:0', grad_fn=<DivBackward0>)
Memory status after this epoch: 
Memory allocated:  753.59228515625
Memory cached:  966.0
