[I 2023-12-03 00:08:31,057] Trial 18 finished with value: 0.047891389578580856 and parameters: {'W_layers': 4, 'W_layer_units_exponent_0': 9, 'W_layer_units_exponent_1': 9, 'W_layer_units_exponent_2': 6, 'W_layer_units_exponent_3': 6, 'D_layers': 5, 'D_layer_units_exponent_0': 5, 'D_layer_units_exponent_1': 5, 'D_layer_units_exponent_2': 6, 'D_layer_units_exponent_3': 7, 'D_layer_units_exponent_4': 9, 'D_dagger_layers': 6, 'D_dagger_layer_units_exponent_0': 9, 'D_dagger_layer_units_exponent_1': 7, 'D_dagger_layer_units_exponent_2': 6, 'D_dagger_layer_units_exponent_3': 4, 'D_dagger_layer_units_exponent_4': 6, 'D_dagger_layer_units_exponent_5': 5, 'log_learning_rate': -4.086349081620573, 'log_learning_rate_D': -4.004985457092912, 'log_learning_rate_D_dagger': -4.035541112712686, 'training_batch_size': 11, 'training_p': 3}. Best is trial 13 with value: 0.042232122272253036.
Time for this trial:  185.02723908424377
Memory status after this trial: 
Memory allocated:  566.978515625
Memory cached:  716.0
--------------------  Trial  19   --------------------
Start timing: 
Parameters: 
{'W_layers': 4, 'W_layer_units_exponent_0': 4, 'W_layer_units_exponent_1': 9, 'W_layer_units_exponent_2': 6, 'W_layer_units_exponent_3': 6, 'D_layers': 5, 'D_layer_units_exponent_0': 4, 'D_layer_units_exponent_1': 5, 'D_layer_units_exponent_2': 6, 'D_layer_units_exponent_3': 8, 'D_layer_units_exponent_4': 8, 'D_dagger_layers': 6, 'D_dagger_layer_units_exponent_0': 9, 'D_dagger_layer_units_exponent_1': 7, 'D_dagger_layer_units_exponent_2': 9, 'D_dagger_layer_units_exponent_3': 4, 'D_dagger_layer_units_exponent_4': 4, 'D_dagger_layer_units_exponent_5': 4, 'log_learning_rate': -3.1900066724584457, 'log_learning_rate_D': -4.241141468231162, 'log_learning_rate_D_dagger': -4.349540289612081, 'training_batch_size': 12, 'training_p': 6}
	 epoch  0 training error:  tensor(1.0116, device='cuda:0', grad_fn=<DivBackward0>)
Memory status after this epoch: 
Memory allocated:  426.08837890625
Memory cached:  708.0
	 epoch  10 training error:  tensor(0.1532, device='cuda:0', grad_fn=<DivBackward0>)
Memory status after this epoch: 
Memory allocated:  426.08837890625
Memory cached:  750.0
	 epoch  20 training error:  tensor(0.1346, device='cuda:0', grad_fn=<DivBackward0>)
Memory status after this epoch: 
Memory allocated:  426.08837890625
Memory cached:  732.0
	 epoch  30 training error:  tensor(0.1102, device='cuda:0', grad_fn=<DivBackward0>)
Memory status after this epoch: 
Memory allocated:  426.08837890625
Memory cached:  738.0
	 epoch  40 training error:  tensor(0.0991, device='cuda:0', grad_fn=<DivBackward0>)
Memory status after this epoch: 
Memory allocated:  426.08837890625
Memory cached:  730.0
	 epoch  50 training error:  tensor(0.0950, device='cuda:0', grad_fn=<DivBackward0>)
Memory status after this epoch: 
Memory allocated:  426.08837890625
Memory cached:  732.0
	 epoch  60 training error:  tensor(0.0847, device='cuda:0', grad_fn=<DivBackward0>)
Memory status after this epoch: 
Memory allocated:  426.08837890625
Memory cached:  728.0
	 epoch  70 training error:  tensor(0.0755, device='cuda:0', grad_fn=<DivBackward0>)
Memory status after this epoch: 
Memory allocated:  426.08837890625
Memory cached:  740.0
	 epoch  80 training error:  tensor(0.0703, device='cuda:0', grad_fn=<DivBackward0>)
Memory status after this epoch: 
Memory allocated:  426.08837890625
Memory cached:  734.0
	 epoch  90 training error:  tensor(0.0683, device='cuda:0', grad_fn=<DivBackward0>)
Memory status after this epoch: 
Memory allocated:  426.08837890625
Memory cached:  732.0
[I 2023-12-03 00:11:35,499] Trial 19 finished with value: 0.054985880851745605 and parameters: {'W_layers': 4, 'W_layer_units_exponent_0': 4, 'W_layer_units_exponent_1': 9, 'W_layer_units_exponent_2': 6, 'W_layer_units_exponent_3': 6, 'D_layers': 5, 'D_layer_units_exponent_0': 4, 'D_layer_units_exponent_1': 5, 'D_layer_units_exponent_2': 6, 'D_layer_units_exponent_3': 8, 'D_layer_units_exponent_4': 8, 'D_dagger_layers': 6, 'D_dagger_layer_units_exponent_0': 9, 'D_dagger_layer_units_exponent_1': 7, 'D_dagger_layer_units_exponent_2': 9, 'D_dagger_layer_units_exponent_3': 4, 'D_dagger_layer_units_exponent_4': 4, 'D_dagger_layer_units_exponent_5': 4, 'log_learning_rate': -3.1900066724584457, 'log_learning_rate_D': -4.241141468231162, 'log_learning_rate_D_dagger': -4.349540289612081, 'training_batch_size': 12, 'training_p': 6}. Best is trial 13 with value: 0.042232122272253036.
Time for this trial:  184.1682744026184
Memory status after this trial: 
Memory allocated:  554.6845703125
Memory cached:  720.0
--------------------  Trial  20   --------------------
Start timing: 
Parameters: 
{'W_layers': 3, 'W_layer_units_exponent_0': 9, 'W_layer_units_exponent_1': 10, 'W_layer_units_exponent_2': 6, 'D_layers': 4, 'D_layer_units_exponent_0': 5, 'D_layer_units_exponent_1': 5, 'D_layer_units_exponent_2': 5, 'D_layer_units_exponent_3': 5, 'D_dagger_layers': 7, 'D_dagger_layer_units_exponent_0': 9, 'D_dagger_layer_units_exponent_1': 6, 'D_dagger_layer_units_exponent_2': 4, 'D_dagger_layer_units_exponent_3': 4, 'D_dagger_layer_units_exponent_4': 6, 'D_dagger_layer_units_exponent_5': 5, 'D_dagger_layer_units_exponent_6': 4, 'log_learning_rate': -3.6055032942441634, 'log_learning_rate_D': -4.37815455311331, 'log_learning_rate_D_dagger': -4.641435885908658, 'training_batch_size': 10, 'training_p': 5}
	 epoch  0 training error:  tensor(1.6080, device='cuda:0', grad_fn=<DivBackward0>)
Memory status after this epoch: 
Memory allocated:  431.60595703125
Memory cached:  708.0
	 epoch  10 training error:  tensor(1.5439, device='cuda:0', grad_fn=<DivBackward0>)
Memory status after this epoch: 
Memory allocated:  431.60595703125
Memory cached:  722.0
	 epoch  20 training error:  tensor(0.5676, device='cuda:0', grad_fn=<DivBackward0>)
Memory status after this epoch: 
Memory allocated:  431.60595703125
Memory cached:  724.0
	 epoch  30 training error:  tensor(0.3331, device='cuda:0', grad_fn=<DivBackward0>)
Memory status after this epoch: 
Memory allocated:  431.60595703125
Memory cached:  734.0
	 epoch  40 training error:  tensor(0.2309, device='cuda:0', grad_fn=<DivBackward0>)
Memory status after this epoch: 
Memory allocated:  431.60595703125
Memory cached:  722.0
	 epoch  50 training error:  tensor(0.1656, device='cuda:0', grad_fn=<DivBackward0>)
Memory status after this epoch: 
Memory allocated:  431.60595703125
Memory cached:  728.0
	 epoch  60 training error:  tensor(0.1268, device='cuda:0', grad_fn=<DivBackward0>)
Memory status after this epoch: 
Memory allocated:  431.60595703125
Memory cached:  734.0
	 epoch  70 training error:  tensor(0.1249, device='cuda:0', grad_fn=<DivBackward0>)
Memory status after this epoch: 
Memory allocated:  431.60595703125
Memory cached:  734.0
	 epoch  80 training error:  tensor(0.1165, device='cuda:0', grad_fn=<DivBackward0>)
Memory status after this epoch: 
Memory allocated:  431.60595703125
Memory cached:  722.0
	 epoch  90 training error:  tensor(0.1086, device='cuda:0', grad_fn=<DivBackward0>)
Memory status after this epoch: 
Memory allocated:  431.60595703125
Memory cached:  726.0
[I 2023-12-03 00:14:31,306] Trial 20 finished with value: 0.09736348688602448 and parameters: {'W_layers': 3, 'W_layer_units_exponent_0': 9, 'W_layer_units_exponent_1': 10, 'W_layer_units_exponent_2': 6, 'D_layers': 4, 'D_layer_units_exponent_0': 5, 'D_layer_units_exponent_1': 5, 'D_layer_units_exponent_2': 5, 'D_layer_units_exponent_3': 5, 'D_dagger_layers': 7, 'D_dagger_layer_units_exponent_0': 9, 'D_dagger_layer_units_exponent_1': 6, 'D_dagger_layer_units_exponent_2': 4, 'D_dagger_layer_units_exponent_3': 4, 'D_dagger_layer_units_exponent_4': 6, 'D_dagger_layer_units_exponent_5': 5, 'D_dagger_layer_units_exponent_6': 4, 'log_learning_rate': -3.6055032942441634, 'log_learning_rate_D': -4.37815455311331, 'log_learning_rate_D_dagger': -4.641435885908658, 'training_batch_size': 10, 'training_p': 5}. Best is trial 13 with value: 0.042232122272253036.
Time for this trial:  175.5507469177246
Memory status after this trial: 
Memory allocated:  557.35107421875
Memory cached:  712.0
--------------------  Trial  21   --------------------
Start timing: 
Parameters: 
{'W_layers': 5, 'W_layer_units_exponent_0': 9, 'W_layer_units_exponent_1': 8, 'W_layer_units_exponent_2': 7, 'W_layer_units_exponent_3': 6, 'W_layer_units_exponent_4': 6, 'D_layers': 6, 'D_layer_units_exponent_0': 5, 'D_layer_units_exponent_1': 4, 'D_layer_units_exponent_2': 6, 'D_layer_units_exponent_3': 7, 'D_layer_units_exponent_4': 9, 'D_layer_units_exponent_5': 6, 'D_dagger_layers': 8, 'D_dagger_layer_units_exponent_0': 8, 'D_dagger_layer_units_exponent_1': 9, 'D_dagger_layer_units_exponent_2': 6, 'D_dagger_layer_units_exponent_3': 6, 'D_dagger_layer_units_exponent_4': 6, 'D_dagger_layer_units_exponent_5': 6, 'D_dagger_layer_units_exponent_6': 8, 'D_dagger_layer_units_exponent_7': 4, 'log_learning_rate': -4.115609569658503, 'log_learning_rate_D': -3.4663030444069425, 'log_learning_rate_D_dagger': -3.9220701124246284, 'training_batch_size': 11, 'training_p': 3}
	 epoch  0 training error:  tensor(1.2597, device='cuda:0', grad_fn=<DivBackward0>)
Memory status after this epoch: 
Memory allocated:  429.32080078125
Memory cached:  716.0
	 epoch  10 training error:  tensor(0.3626, device='cuda:0', grad_fn=<DivBackward0>)
Memory status after this epoch: 
Memory allocated:  429.32080078125
Memory cached:  738.0
	 epoch  20 training error:  tensor(0.2000, device='cuda:0', grad_fn=<DivBackward0>)
Memory status after this epoch: 
Memory allocated:  429.32080078125
Memory cached:  748.0
	 epoch  30 training error:  tensor(0.1344, device='cuda:0', grad_fn=<DivBackward0>)
Memory status after this epoch: 
Memory allocated:  429.32080078125
Memory cached:  744.0
	 epoch  40 training error:  tensor(0.1045, device='cuda:0', grad_fn=<DivBackward0>)
Memory status after this epoch: 
Memory allocated:  429.32080078125
Memory cached:  748.0
	 epoch  50 training error:  tensor(0.0901, device='cuda:0', grad_fn=<DivBackward0>)
Memory status after this epoch: 
Memory allocated:  429.32080078125
Memory cached:  742.0
	 epoch  60 training error:  tensor(0.0716, device='cuda:0', grad_fn=<DivBackward0>)
Memory status after this epoch: 
Memory allocated:  429.32080078125
Memory cached:  742.0
	 epoch  70 training error:  tensor(0.0632, device='cuda:0', grad_fn=<DivBackward0>)
Memory status after this epoch: 
Memory allocated:  429.32080078125
Memory cached:  740.0
	 epoch  80 training error:  tensor(0.0578, device='cuda:0', grad_fn=<DivBackward0>)
Memory status after this epoch: 
Memory allocated:  429.32080078125
Memory cached:  746.0
	 epoch  90 training error:  tensor(0.0559, device='cuda:0', grad_fn=<DivBackward0>)
Memory status after this epoch: 
Memory allocated:  429.32080078125
Memory cached:  742.0
[I 2023-12-03 00:18:10,319] Trial 21 finished with value: 0.052277352660894394 and parameters: {'W_layers': 5, 'W_layer_units_exponent_0': 9, 'W_layer_units_exponent_1': 8, 'W_layer_units_exponent_2': 7, 'W_layer_units_exponent_3': 6, 'W_layer_units_exponent_4': 6, 'D_layers': 6, 'D_layer_units_exponent_0': 5, 'D_layer_units_exponent_1': 4, 'D_layer_units_exponent_2': 6, 'D_layer_units_exponent_3': 7, 'D_layer_units_exponent_4': 9, 'D_layer_units_exponent_5': 6, 'D_dagger_layers': 8, 'D_dagger_layer_units_exponent_0': 8, 'D_dagger_layer_units_exponent_1': 9, 'D_dagger_layer_units_exponent_2': 6, 'D_dagger_layer_units_exponent_3': 6, 'D_dagger_layer_units_exponent_4': 6, 'D_dagger_layer_units_exponent_5': 6, 'D_dagger_layer_units_exponent_6': 8, 'D_dagger_layer_units_exponent_7': 4, 'log_learning_rate': -4.115609569658503, 'log_learning_rate_D': -3.4663030444069425, 'log_learning_rate_D_dagger': -3.9220701124246284, 'training_batch_size': 11, 'training_p': 3}. Best is trial 13 with value: 0.042232122272253036.
Time for this trial:  218.72449326515198
Memory status after this trial: 
Memory allocated:  592.169921875
Memory cached:  732.0
--------------------  Trial  22   --------------------
Start timing: 
Parameters: 
{'W_layers': 5, 'W_layer_units_exponent_0': 10, 'W_layer_units_exponent_1': 9, 'W_layer_units_exponent_2': 6, 'W_layer_units_exponent_3': 7, 'W_layer_units_exponent_4': 5, 'D_layers': 6, 'D_layer_units_exponent_0': 7, 'D_layer_units_exponent_1': 4, 'D_layer_units_exponent_2': 7, 'D_layer_units_exponent_3': 7, 'D_layer_units_exponent_4': 10, 'D_layer_units_exponent_5': 6, 'D_dagger_layers': 7, 'D_dagger_layer_units_exponent_0': 7, 'D_dagger_layer_units_exponent_1': 7, 'D_dagger_layer_units_exponent_2': 6, 'D_dagger_layer_units_exponent_3': 9, 'D_dagger_layer_units_exponent_4': 9, 'D_dagger_layer_units_exponent_5': 6, 'D_dagger_layer_units_exponent_6': 7, 'log_learning_rate': -3.983621539070144, 'log_learning_rate_D': -2.9269419609728455, 'log_learning_rate_D_dagger': -4.006045213942007, 'training_batch_size': 11, 'training_p': 3}
	 epoch  0 training error:  tensor(0.9823, device='cuda:0', grad_fn=<DivBackward0>)
Memory status after this epoch: 
Memory allocated:  439.50830078125
Memory cached:  702.0
	 epoch  10 training error:  tensor(0.1297, device='cuda:0', grad_fn=<DivBackward0>)
Memory status after this epoch: 
Memory allocated:  439.50830078125
Memory cached:  736.0
	 epoch  20 training error:  tensor(0.1039, device='cuda:0', grad_fn=<DivBackward0>)
Memory status after this epoch: 
Memory allocated:  439.50830078125
Memory cached:  740.0
	 epoch  30 training error:  tensor(0.0894, device='cuda:0', grad_fn=<DivBackward0>)
Memory status after this epoch: 
Memory allocated:  439.50830078125
Memory cached:  734.0
	 epoch  40 training error:  tensor(0.0721, device='cuda:0', grad_fn=<DivBackward0>)
Memory status after this epoch: 
Memory allocated:  439.50830078125
Memory cached:  732.0
	 epoch  50 training error:  tensor(0.0659, device='cuda:0', grad_fn=<DivBackward0>)
Memory status after this epoch: 
Memory allocated:  439.50830078125
Memory cached:  728.0
	 epoch  60 training error:  tensor(0.0594, device='cuda:0', grad_fn=<DivBackward0>)
Memory status after this epoch: 
Memory allocated:  439.50830078125
Memory cached:  734.0
	 epoch  70 training error:  tensor(0.0562, device='cuda:0', grad_fn=<DivBackward0>)
Memory status after this epoch: 
Memory allocated:  439.50830078125
Memory cached:  738.0
	 epoch  80 training error:  tensor(0.0536, device='cuda:0', grad_fn=<DivBackward0>)
Memory status after this epoch: 
Memory allocated:  439.50830078125
Memory cached:  732.0
	 epoch  90 training error:  tensor(0.0508, device='cuda:0', grad_fn=<DivBackward0>)
Memory status after this epoch: 
Memory allocated:  439.50830078125
Memory cached:  732.0
[I 2023-12-03 00:21:55,601] Trial 22 finished with value: 0.05038820579648018 and parameters: {'W_layers': 5, 'W_layer_units_exponent_0': 10, 'W_layer_units_exponent_1': 9, 'W_layer_units_exponent_2': 6, 'W_layer_units_exponent_3': 7, 'W_layer_units_exponent_4': 5, 'D_layers': 6, 'D_layer_units_exponent_0': 7, 'D_layer_units_exponent_1': 4, 'D_layer_units_exponent_2': 7, 'D_layer_units_exponent_3': 7, 'D_layer_units_exponent_4': 10, 'D_layer_units_exponent_5': 6, 'D_dagger_layers': 7, 'D_dagger_layer_units_exponent_0': 7, 'D_dagger_layer_units_exponent_1': 7, 'D_dagger_layer_units_exponent_2': 6, 'D_dagger_layer_units_exponent_3': 9, 'D_dagger_layer_units_exponent_4': 9, 'D_dagger_layer_units_exponent_5': 6, 'D_dagger_layer_units_exponent_6': 7, 'log_learning_rate': -3.983621539070144, 'log_learning_rate_D': -2.9269419609728455, 'log_learning_rate_D_dagger': -4.006045213942007, 'training_batch_size': 11, 'training_p': 3}. Best is trial 13 with value: 0.042232122272253036.
Time for this trial:  224.97458362579346
Memory status after this trial: 
Memory allocated:  684.16064453125
Memory cached:  720.0
--------------------  Trial  23   --------------------
Start timing: 
Parameters: 
{'W_layers': 4, 'W_layer_units_exponent_0': 9, 'W_layer_units_exponent_1': 7, 'W_layer_units_exponent_2': 8, 'W_layer_units_exponent_3': 8, 'D_layers': 7, 'D_layer_units_exponent_0': 7, 'D_layer_units_exponent_1': 6, 'D_layer_units_exponent_2': 8, 'D_layer_units_exponent_3': 7, 'D_layer_units_exponent_4': 8, 'D_layer_units_exponent_5': 8, 'D_layer_units_exponent_6': 4, 'D_dagger_layers': 8, 'D_dagger_layer_units_exponent_0': 8, 'D_dagger_layer_units_exponent_1': 6, 'D_dagger_layer_units_exponent_2': 5, 'D_dagger_layer_units_exponent_3': 7, 'D_dagger_layer_units_exponent_4': 6, 'D_dagger_layer_units_exponent_5': 5, 'D_dagger_layer_units_exponent_6': 8, 'D_dagger_layer_units_exponent_7': 6, 'log_learning_rate': -4.274127434651072, 'log_learning_rate_D': -3.051815963615662, 'log_learning_rate_D_dagger': -4.578984274335711, 'training_batch_size': 10, 'training_p': 4}
	 epoch  0 training error:  tensor(1.3375, device='cuda:0', grad_fn=<DivBackward0>)
Memory status after this epoch: 
Memory allocated:  427.79541015625
Memory cached:  710.0
	 epoch  10 training error:  tensor(0.3777, device='cuda:0', grad_fn=<DivBackward0>)
Memory status after this epoch: 
Memory allocated:  427.79541015625
Memory cached:  746.0
	 epoch  20 training error:  tensor(0.1638, device='cuda:0', grad_fn=<DivBackward0>)
Memory status after this epoch: 
Memory allocated:  427.79541015625
Memory cached:  748.0
	 epoch  30 training error:  tensor(0.1298, device='cuda:0', grad_fn=<DivBackward0>)
Memory status after this epoch: 
Memory allocated:  427.79541015625
Memory cached:  746.0
	 epoch  40 training error:  tensor(0.1263, device='cuda:0', grad_fn=<DivBackward0>)
Memory status after this epoch: 
Memory allocated:  427.79541015625
Memory cached:  746.0
	 epoch  50 training error:  tensor(0.1105, device='cuda:0', grad_fn=<DivBackward0>)
Memory status after this epoch: 
Memory allocated:  427.79541015625
Memory cached:  742.0
	 epoch  60 training error:  tensor(0.1036, device='cuda:0', grad_fn=<DivBackward0>)
Memory status after this epoch: 
Memory allocated:  427.79541015625
Memory cached:  742.0
	 epoch  70 training error:  tensor(0.0936, device='cuda:0', grad_fn=<DivBackward0>)
Memory status after this epoch: 
Memory allocated:  427.79541015625
Memory cached:  746.0
	 epoch  80 training error:  tensor(0.0819, device='cuda:0', grad_fn=<DivBackward0>)
Memory status after this epoch: 
Memory allocated:  427.79541015625
Memory cached:  746.0
	 epoch  90 training error:  tensor(0.0718, device='cuda:0', grad_fn=<DivBackward0>)
Memory status after this epoch: 
Memory allocated:  427.79541015625
Memory cached:  742.0
