[I 2024-05-18 14:40:16,691] Trial 65 finished with value: 0.048688989132642746 and parameters: {'W_layers': 4, 'W_layer_units_exponent_0': 5, 'W_layer_units_exponent_1': 10, 'W_layer_units_exponent_2': 4, 'W_layer_units_exponent_3': 4, 'D_layers': 4, 'D_layer_units_exponent_0': 7, 'D_layer_units_exponent_1': 10, 'D_layer_units_exponent_2': 5, 'D_layer_units_exponent_3': 5, 'D_dagger_layers': 2, 'D_dagger_layer_units_exponent_0': 6, 'D_dagger_layer_units_exponent_1': 8, 'log_learning_rate': -1.698909474047546, 'log_learning_rate_D': -2.766958932830365, 'log_learning_rate_D_dagger': -2.5836926300881347, 'training_batch_size': 6, 'training_p': 5}. Best is trial 35 with value: 0.04377790540456772.
Time for this trial:  1537.647028684616
Memory status after this trial: 
Memory allocated:  3330.5888671875
Memory cached:  3346.0
--------------------  Trial  66   --------------------
Start timing: 
Parameters: 
{'W_layers': 3, 'W_layer_units_exponent_0': 7, 'W_layer_units_exponent_1': 10, 'W_layer_units_exponent_2': 4, 'D_layers': 5, 'D_layer_units_exponent_0': 7, 'D_layer_units_exponent_1': 10, 'D_layer_units_exponent_2': 6, 'D_layer_units_exponent_3': 4, 'D_layer_units_exponent_4': 5, 'D_dagger_layers': 2, 'D_dagger_layer_units_exponent_0': 6, 'D_dagger_layer_units_exponent_1': 8, 'log_learning_rate': -1.7353433163304954, 'log_learning_rate_D': -2.7473028592042654, 'log_learning_rate_D_dagger': -2.564034526619554, 'training_batch_size': 6, 'training_p': 5}
	 epoch  0 training error:  tensor(4.0002, grad_fn=<ToCopyBackward0>)
Memory status after this epoch: 
Memory allocated:  2236.31396484375
Memory cached:  2580.0
	 epoch  10 training error:  tensor(0.3749, grad_fn=<ToCopyBackward0>)
Memory status after this epoch: 
Memory allocated:  2236.31396484375
Memory cached:  2586.0
	 epoch  20 training error:  tensor(0.3691, grad_fn=<ToCopyBackward0>)
Memory status after this epoch: 
Memory allocated:  2236.31396484375
Memory cached:  2576.0
	 epoch  30 training error:  tensor(0.3673, grad_fn=<ToCopyBackward0>)
Memory status after this epoch: 
Memory allocated:  2236.31396484375
Memory cached:  2576.0
	 epoch  40 training error:  tensor(0.3725, grad_fn=<ToCopyBackward0>)
Memory status after this epoch: 
Memory allocated:  2236.31396484375
Memory cached:  2576.0
	 epoch  50 training error:  tensor(0.3683, grad_fn=<ToCopyBackward0>)
Memory status after this epoch: 
Memory allocated:  2236.31396484375
Memory cached:  2578.0
	 epoch  60 training error:  tensor(0.3640, grad_fn=<ToCopyBackward0>)
Memory status after this epoch: 
Memory allocated:  2236.31396484375
Memory cached:  2576.0
	 epoch  70 training error:  tensor(0.3648, grad_fn=<ToCopyBackward0>)
Memory status after this epoch: 
Memory allocated:  2236.31396484375
Memory cached:  2574.0
	 epoch  80 training error:  tensor(0.2351, grad_fn=<ToCopyBackward0>)
Memory status after this epoch: 
Memory allocated:  2236.31396484375
Memory cached:  2578.0
	 epoch  90 training error:  tensor(0.1534, grad_fn=<ToCopyBackward0>)
Memory status after this epoch: 
Memory allocated:  2236.31396484375
Memory cached:  2580.0
[I 2024-05-18 15:06:01,558] Trial 66 finished with value: 0.07883092015981674 and parameters: {'W_layers': 3, 'W_layer_units_exponent_0': 7, 'W_layer_units_exponent_1': 10, 'W_layer_units_exponent_2': 4, 'D_layers': 5, 'D_layer_units_exponent_0': 7, 'D_layer_units_exponent_1': 10, 'D_layer_units_exponent_2': 6, 'D_layer_units_exponent_3': 4, 'D_layer_units_exponent_4': 5, 'D_dagger_layers': 2, 'D_dagger_layer_units_exponent_0': 6, 'D_dagger_layer_units_exponent_1': 8, 'log_learning_rate': -1.7353433163304954, 'log_learning_rate_D': -2.7473028592042654, 'log_learning_rate_D_dagger': -2.564034526619554, 'training_batch_size': 6, 'training_p': 5}. Best is trial 35 with value: 0.04377790540456772.
Time for this trial:  1544.2938258647919
Memory status after this trial: 
Memory allocated:  3386.0732421875
Memory cached:  3402.0
--------------------  Trial  67   --------------------
Start timing: 
Parameters: 
{'W_layers': 4, 'W_layer_units_exponent_0': 5, 'W_layer_units_exponent_1': 10, 'W_layer_units_exponent_2': 4, 'W_layer_units_exponent_3': 5, 'D_layers': 3, 'D_layer_units_exponent_0': 6, 'D_layer_units_exponent_1': 10, 'D_layer_units_exponent_2': 5, 'D_dagger_layers': 2, 'D_dagger_layer_units_exponent_0': 6, 'D_dagger_layer_units_exponent_1': 9, 'log_learning_rate': -1.3638321380267748, 'log_learning_rate_D': -2.8219032319138817, 'log_learning_rate_D_dagger': -2.2802383562107833, 'training_batch_size': 7, 'training_p': 5}
	 epoch  0 training error:  tensor(8.2674, grad_fn=<ToCopyBackward0>)
Memory status after this epoch: 
Memory allocated:  2233.32958984375
Memory cached:  2568.0
	 epoch  10 training error:  tensor(0.3802, grad_fn=<ToCopyBackward0>)
Memory status after this epoch: 
Memory allocated:  2233.32958984375
Memory cached:  2568.0
	 epoch  20 training error:  tensor(0.3672, grad_fn=<ToCopyBackward0>)
Memory status after this epoch: 
Memory allocated:  2233.32958984375
Memory cached:  2568.0
	 epoch  30 training error:  tensor(0.3648, grad_fn=<ToCopyBackward0>)
Memory status after this epoch: 
Memory allocated:  2233.32958984375
Memory cached:  2568.0
	 epoch  40 training error:  tensor(0.3734, grad_fn=<ToCopyBackward0>)
Memory status after this epoch: 
Memory allocated:  2233.32958984375
Memory cached:  2568.0
	 epoch  50 training error:  tensor(0.2410, grad_fn=<ToCopyBackward0>)
Memory status after this epoch: 
Memory allocated:  2233.32958984375
Memory cached:  2568.0
	 epoch  60 training error:  tensor(0.2064, grad_fn=<ToCopyBackward0>)
Memory status after this epoch: 
Memory allocated:  2233.32958984375
Memory cached:  2568.0
	 epoch  70 training error:  tensor(0.1611, grad_fn=<ToCopyBackward0>)
Memory status after this epoch: 
Memory allocated:  2233.32958984375
Memory cached:  2568.0
	 epoch  80 training error:  tensor(0.1820, grad_fn=<ToCopyBackward0>)
Memory status after this epoch: 
Memory allocated:  2233.32958984375
Memory cached:  2568.0
	 epoch  90 training error:  tensor(0.1100, grad_fn=<ToCopyBackward0>)
Memory status after this epoch: 
Memory allocated:  2233.32958984375
Memory cached:  2568.0
[I 2024-05-18 15:19:10,486] Trial 67 finished with value: 0.08663749694824219 and parameters: {'W_layers': 4, 'W_layer_units_exponent_0': 5, 'W_layer_units_exponent_1': 10, 'W_layer_units_exponent_2': 4, 'W_layer_units_exponent_3': 5, 'D_layers': 3, 'D_layer_units_exponent_0': 6, 'D_layer_units_exponent_1': 10, 'D_layer_units_exponent_2': 5, 'D_dagger_layers': 2, 'D_dagger_layer_units_exponent_0': 6, 'D_dagger_layer_units_exponent_1': 9, 'log_learning_rate': -1.3638321380267748, 'log_learning_rate_D': -2.8219032319138817, 'log_learning_rate_D_dagger': -2.2802383562107833, 'training_batch_size': 7, 'training_p': 5}. Best is trial 35 with value: 0.04377790540456772.
Time for this trial:  788.5089089870453
Memory status after this trial: 
Memory allocated:  3388.9658203125
Memory cached:  3404.0
--------------------  Trial  68   --------------------
Start timing: 
Parameters: 
{'W_layers': 4, 'W_layer_units_exponent_0': 9, 'W_layer_units_exponent_1': 10, 'W_layer_units_exponent_2': 4, 'W_layer_units_exponent_3': 4, 'D_layers': 4, 'D_layer_units_exponent_0': 7, 'D_layer_units_exponent_1': 10, 'D_layer_units_exponent_2': 7, 'D_layer_units_exponent_3': 4, 'D_dagger_layers': 2, 'D_dagger_layer_units_exponent_0': 6, 'D_dagger_layer_units_exponent_1': 8, 'log_learning_rate': -1.9612442034680253, 'log_learning_rate_D': -2.35690607366365, 'log_learning_rate_D_dagger': -2.6852490831267817, 'training_batch_size': 6, 'training_p': 5}
	 epoch  0 training error:  tensor(2.9460, grad_fn=<ToCopyBackward0>)
Memory status after this epoch: 
Memory allocated:  2243.33740234375
Memory cached:  2594.0
	 epoch  10 training error:  tensor(0.3687, grad_fn=<ToCopyBackward0>)
Memory status after this epoch: 
Memory allocated:  2243.33740234375
Memory cached:  2598.0
	 epoch  20 training error:  tensor(0.3693, grad_fn=<ToCopyBackward0>)
Memory status after this epoch: 
Memory allocated:  2243.33740234375
Memory cached:  2594.0
	 epoch  30 training error:  tensor(0.3683, grad_fn=<ToCopyBackward0>)
Memory status after this epoch: 
Memory allocated:  2243.33740234375
Memory cached:  2600.0
	 epoch  40 training error:  tensor(0.3354, grad_fn=<ToCopyBackward0>)
Memory status after this epoch: 
Memory allocated:  2243.33740234375
Memory cached:  2590.0
	 epoch  50 training error:  tensor(0.1973, grad_fn=<ToCopyBackward0>)
Memory status after this epoch: 
Memory allocated:  2243.33740234375
Memory cached:  2598.0
	 epoch  60 training error:  tensor(0.1509, grad_fn=<ToCopyBackward0>)
Memory status after this epoch: 
Memory allocated:  2243.33740234375
Memory cached:  2600.0
	 epoch  70 training error:  tensor(0.4198, grad_fn=<ToCopyBackward0>)
Memory status after this epoch: 
Memory allocated:  2243.33740234375
Memory cached:  2592.0
	 epoch  80 training error:  tensor(0.3906, grad_fn=<ToCopyBackward0>)
Memory status after this epoch: 
Memory allocated:  2243.33740234375
Memory cached:  2592.0
	 epoch  90 training error:  tensor(0.3627, grad_fn=<ToCopyBackward0>)
Memory status after this epoch: 
Memory allocated:  2243.33740234375
Memory cached:  2594.0
[I 2024-05-18 15:45:00,875] Trial 68 finished with value: 0.2536270022392273 and parameters: {'W_layers': 4, 'W_layer_units_exponent_0': 9, 'W_layer_units_exponent_1': 10, 'W_layer_units_exponent_2': 4, 'W_layer_units_exponent_3': 4, 'D_layers': 4, 'D_layer_units_exponent_0': 7, 'D_layer_units_exponent_1': 10, 'D_layer_units_exponent_2': 7, 'D_layer_units_exponent_3': 4, 'D_dagger_layers': 2, 'D_dagger_layer_units_exponent_0': 6, 'D_dagger_layer_units_exponent_1': 8, 'log_learning_rate': -1.9612442034680253, 'log_learning_rate_D': -2.35690607366365, 'log_learning_rate_D_dagger': -2.6852490831267817, 'training_batch_size': 6, 'training_p': 5}. Best is trial 35 with value: 0.04377790540456772.
Time for this trial:  1549.8790402412415
Memory status after this trial: 
Memory allocated:  3574.9853515625
Memory cached:  3608.0
--------------------  Trial  69   --------------------
Start timing: 
Parameters: 
{'W_layers': 4, 'W_layer_units_exponent_0': 4, 'W_layer_units_exponent_1': 10, 'W_layer_units_exponent_2': 6, 'W_layer_units_exponent_3': 6, 'D_layers': 5, 'D_layer_units_exponent_0': 7, 'D_layer_units_exponent_1': 8, 'D_layer_units_exponent_2': 5, 'D_layer_units_exponent_3': 5, 'D_layer_units_exponent_4': 8, 'D_dagger_layers': 2, 'D_dagger_layer_units_exponent_0': 10, 'D_dagger_layer_units_exponent_1': 9, 'log_learning_rate': -1.4693489739868895, 'log_learning_rate_D': -2.9662436837520394, 'log_learning_rate_D_dagger': -2.4677113301715385, 'training_batch_size': 7, 'training_p': 6}
	 epoch  0 training error:  tensor(9.0940, grad_fn=<ToCopyBackward0>)
Memory status after this epoch: 
Memory allocated:  2240.68896484375
Memory cached:  2588.0
	 epoch  10 training error:  tensor(0.6838, grad_fn=<ToCopyBackward0>)
Memory status after this epoch: 
Memory allocated:  2240.68896484375
Memory cached:  2590.0
	 epoch  20 training error:  tensor(0.3771, grad_fn=<ToCopyBackward0>)
Memory status after this epoch: 
Memory allocated:  2240.68896484375
Memory cached:  2588.0
	 epoch  30 training error:  tensor(0.2811, grad_fn=<ToCopyBackward0>)
Memory status after this epoch: 
Memory allocated:  2240.68896484375
Memory cached:  2588.0
	 epoch  40 training error:  tensor(0.2622, grad_fn=<ToCopyBackward0>)
Memory status after this epoch: 
Memory allocated:  2240.68896484375
Memory cached:  2588.0
	 epoch  50 training error:  tensor(0.2182, grad_fn=<ToCopyBackward0>)
Memory status after this epoch: 
Memory allocated:  2240.68896484375
Memory cached:  2588.0
	 epoch  60 training error:  tensor(0.1898, grad_fn=<ToCopyBackward0>)
Memory status after this epoch: 
Memory allocated:  2240.68896484375
Memory cached:  2588.0
	 epoch  70 training error:  tensor(0.1645, grad_fn=<ToCopyBackward0>)
Memory status after this epoch: 
Memory allocated:  2240.68896484375
Memory cached:  2588.0
	 epoch  80 training error:  tensor(0.1461, grad_fn=<ToCopyBackward0>)
Memory status after this epoch: 
Memory allocated:  2240.68896484375
Memory cached:  2588.0
	 epoch  90 training error:  tensor(0.1432, grad_fn=<ToCopyBackward0>)
Memory status after this epoch: 
Memory allocated:  2240.68896484375
Memory cached:  2588.0
[I 2024-05-18 15:59:18,755] Trial 69 finished with value: 0.10094260424375534 and parameters: {'W_layers': 4, 'W_layer_units_exponent_0': 4, 'W_layer_units_exponent_1': 10, 'W_layer_units_exponent_2': 6, 'W_layer_units_exponent_3': 6, 'D_layers': 5, 'D_layer_units_exponent_0': 7, 'D_layer_units_exponent_1': 8, 'D_layer_units_exponent_2': 5, 'D_layer_units_exponent_3': 5, 'D_layer_units_exponent_4': 8, 'D_dagger_layers': 2, 'D_dagger_layer_units_exponent_0': 10, 'D_dagger_layer_units_exponent_1': 9, 'log_learning_rate': -1.4693489739868895, 'log_learning_rate_D': -2.9662436837520394, 'log_learning_rate_D_dagger': -2.4677113301715385, 'training_batch_size': 7, 'training_p': 6}. Best is trial 35 with value: 0.04377790540456772.
Time for this trial:  857.4312348365784
Memory status after this trial: 
Memory allocated:  3638.7001953125
Memory cached:  3670.0
--------------------  Trial  70   --------------------
Start timing: 
Parameters: 
{'W_layers': 6, 'W_layer_units_exponent_0': 6, 'W_layer_units_exponent_1': 9, 'W_layer_units_exponent_2': 6, 'W_layer_units_exponent_3': 4, 'W_layer_units_exponent_4': 7, 'W_layer_units_exponent_5': 6, 'D_layers': 6, 'D_layer_units_exponent_0': 6, 'D_layer_units_exponent_1': 9, 'D_layer_units_exponent_2': 4, 'D_layer_units_exponent_3': 5, 'D_layer_units_exponent_4': 9, 'D_layer_units_exponent_5': 7, 'D_dagger_layers': 3, 'D_dagger_layer_units_exponent_0': 7, 'D_dagger_layer_units_exponent_1': 8, 'D_dagger_layer_units_exponent_2': 6, 'log_learning_rate': -1.626215069324297, 'log_learning_rate_D': -2.64307533767652, 'log_learning_rate_D_dagger': -3.048773625448973, 'training_batch_size': 6, 'training_p': 3}
	 epoch  0 training error:  tensor(1.4259, grad_fn=<ToCopyBackward0>)
Memory status after this epoch: 
Memory allocated:  2234.59521484375
Memory cached:  2574.0
	 epoch  10 training error:  tensor(0.2940, grad_fn=<ToCopyBackward0>)
Memory status after this epoch: 
Memory allocated:  2234.59521484375
Memory cached:  2592.0
	 epoch  20 training error:  tensor(0.2909, grad_fn=<ToCopyBackward0>)
Memory status after this epoch: 
Memory allocated:  2234.59521484375
Memory cached:  2578.0
	 epoch  30 training error:  tensor(0.2905, grad_fn=<ToCopyBackward0>)
Memory status after this epoch: 
Memory allocated:  2234.59521484375
Memory cached:  2580.0
	 epoch  40 training error:  tensor(0.2468, grad_fn=<ToCopyBackward0>)
Memory status after this epoch: 
Memory allocated:  2234.59521484375
Memory cached:  2582.0
	 epoch  50 training error:  tensor(0.1346, grad_fn=<ToCopyBackward0>)
Memory status after this epoch: 
Memory allocated:  2234.59521484375
Memory cached:  2574.0
	 epoch  60 training error:  tensor(0.1033, grad_fn=<ToCopyBackward0>)
Memory status after this epoch: 
Memory allocated:  2234.59521484375
Memory cached:  2570.0
	 epoch  70 training error:  tensor(0.1158, grad_fn=<ToCopyBackward0>)
Memory status after this epoch: 
Memory allocated:  2234.59521484375
Memory cached:  2574.0
	 epoch  80 training error:  tensor(0.0888, grad_fn=<ToCopyBackward0>)
Memory status after this epoch: 
Memory allocated:  2234.59521484375
Memory cached:  2572.0
	 epoch  90 training error:  tensor(0.1097, grad_fn=<ToCopyBackward0>)
Memory status after this epoch: 
Memory allocated:  2234.59521484375
Memory cached:  2574.0
[I 2024-05-18 16:31:30,000] Trial 70 finished with value: 0.06103929504752159 and parameters: {'W_layers': 6, 'W_layer_units_exponent_0': 6, 'W_layer_units_exponent_1': 9, 'W_layer_units_exponent_2': 6, 'W_layer_units_exponent_3': 4, 'W_layer_units_exponent_4': 7, 'W_layer_units_exponent_5': 6, 'D_layers': 6, 'D_layer_units_exponent_0': 6, 'D_layer_units_exponent_1': 9, 'D_layer_units_exponent_2': 4, 'D_layer_units_exponent_3': 5, 'D_layer_units_exponent_4': 9, 'D_layer_units_exponent_5': 7, 'D_dagger_layers': 3, 'D_dagger_layer_units_exponent_0': 7, 'D_dagger_layer_units_exponent_1': 8, 'D_dagger_layer_units_exponent_2': 6, 'log_learning_rate': -1.626215069324297, 'log_learning_rate_D': -2.64307533767652, 'log_learning_rate_D_dagger': -3.048773625448973, 'training_batch_size': 6, 'training_p': 3}. Best is trial 35 with value: 0.04377790540456772.
Time for this trial:  1930.3682045936584
Memory status after this trial: 
Memory allocated:  3306.1708984375
Memory cached:  3322.0
--------------------  Trial  71   --------------------
Start timing: 
Parameters: 
{'W_layers': 5, 'W_layer_units_exponent_0': 5, 'W_layer_units_exponent_1': 9, 'W_layer_units_exponent_2': 5, 'W_layer_units_exponent_3': 4, 'W_layer_units_exponent_4': 10, 'D_layers': 4, 'D_layer_units_exponent_0': 8, 'D_layer_units_exponent_1': 9, 'D_layer_units_exponent_2': 5, 'D_layer_units_exponent_3': 8, 'D_dagger_layers': 3, 'D_dagger_layer_units_exponent_0': 5, 'D_dagger_layer_units_exponent_1': 7, 'D_dagger_layer_units_exponent_2': 10, 'log_learning_rate': -1.8275293121763305, 'log_learning_rate_D': -2.55015041751185, 'log_learning_rate_D_dagger': -2.8937950206809777, 'training_batch_size': 6, 'training_p': 4}
	 epoch  0 training error:  tensor(2.6188, grad_fn=<ToCopyBackward0>)
Memory status after this epoch: 
Memory allocated:  2236.03271484375
Memory cached:  2614.0
	 epoch  10 training error:  tensor(0.3349, grad_fn=<ToCopyBackward0>)
Memory status after this epoch: 
Memory allocated:  2236.03271484375
Memory cached:  2706.0
	 epoch  20 training error:  tensor(0.3332, grad_fn=<ToCopyBackward0>)
Memory status after this epoch: 
Memory allocated:  2236.03271484375
Memory cached:  2700.0
	 epoch  30 training error:  tensor(0.3384, grad_fn=<ToCopyBackward0>)
Memory status after this epoch: 
Memory allocated:  2236.03271484375
Memory cached:  2700.0
	 epoch  40 training error:  tensor(0.3323, grad_fn=<ToCopyBackward0>)
Memory status after this epoch: 
Memory allocated:  2236.03271484375
Memory cached:  2698.0
	 epoch  50 training error:  tensor(0.3311, grad_fn=<ToCopyBackward0>)
Memory status after this epoch: 
Memory allocated:  2236.03271484375
Memory cached:  2700.0
	 epoch  60 training error:  tensor(0.2691, grad_fn=<ToCopyBackward0>)
Memory status after this epoch: 
Memory allocated:  2236.03271484375
Memory cached:  2702.0
	 epoch  70 training error:  tensor(0.1961, grad_fn=<ToCopyBackward0>)
Memory status after this epoch: 
Memory allocated:  2236.03271484375
Memory cached:  2700.0
	 epoch  80 training error:  tensor(0.1430, grad_fn=<ToCopyBackward0>)
Memory status after this epoch: 
Memory allocated:  2236.03271484375
Memory cached:  2694.0
	 epoch  90 training error:  tensor(0.1357, grad_fn=<ToCopyBackward0>)
Memory status after this epoch: 
Memory allocated:  2236.03271484375
Memory cached:  2702.0
[I 2024-05-18 17:00:10,105] Trial 71 finished with value: 0.08635472506284714 and parameters: {'W_layers': 5, 'W_layer_units_exponent_0': 5, 'W_layer_units_exponent_1': 9, 'W_layer_units_exponent_2': 5, 'W_layer_units_exponent_3': 4, 'W_layer_units_exponent_4': 10, 'D_layers': 4, 'D_layer_units_exponent_0': 8, 'D_layer_units_exponent_1': 9, 'D_layer_units_exponent_2': 5, 'D_layer_units_exponent_3': 8, 'D_dagger_layers': 3, 'D_dagger_layer_units_exponent_0': 5, 'D_dagger_layer_units_exponent_1': 7, 'D_dagger_layer_units_exponent_2': 10, 'log_learning_rate': -1.8275293121763305, 'log_learning_rate_D': -2.55015041751185, 'log_learning_rate_D_dagger': -2.8937950206809777, 'training_batch_size': 6, 'training_p': 4}. Best is trial 35 with value: 0.04377790540456772.
Time for this trial:  1719.4497215747833
Memory status after this trial: 
Memory allocated:  3736.5673828125
Memory cached:  3756.0
--------------------  Trial  72   --------------------
Start timing: 
Parameters: 
{'W_layers': 5, 'W_layer_units_exponent_0': 5, 'W_layer_units_exponent_1': 10, 'W_layer_units_exponent_2': 5, 'W_layer_units_exponent_3': 4, 'W_layer_units_exponent_4': 8, 'D_layers': 4, 'D_layer_units_exponent_0': 8, 'D_layer_units_exponent_1': 9, 'D_layer_units_exponent_2': 5, 'D_layer_units_exponent_3': 5, 'D_dagger_layers': 2, 'D_dagger_layer_units_exponent_0': 6, 'D_dagger_layer_units_exponent_1': 6, 'log_learning_rate': -2.4268958841258907, 'log_learning_rate_D': -2.419653686190043, 'log_learning_rate_D_dagger': -3.4619116639711303, 'training_batch_size': 6, 'training_p': 4}
	 epoch  0 training error:  tensor(0.8112, grad_fn=<ToCopyBackward0>)
Memory status after this epoch: 
Memory allocated:  2234.18701171875
Memory cached:  2590.0
	 epoch  10 training error:  tensor(0.3367, grad_fn=<ToCopyBackward0>)
Memory status after this epoch: 
Memory allocated:  2234.18701171875
Memory cached:  2592.0
	 epoch  20 training error:  tensor(0.3342, grad_fn=<ToCopyBackward0>)
Memory status after this epoch: 
Memory allocated:  2234.18701171875
Memory cached:  2592.0
	 epoch  30 training error:  tensor(0.3310, grad_fn=<ToCopyBackward0>)
Memory status after this epoch: 
Memory allocated:  2234.18701171875
Memory cached:  2592.0
	 epoch  40 training error:  tensor(0.2989, grad_fn=<ToCopyBackward0>)
Memory status after this epoch: 
Memory allocated:  2234.18701171875
Memory cached:  2592.0
