[I 2023-12-03 00:33:59,036] Trial 2 finished with value: 0.04015466198325157 and parameters: {'W_layers': 3, 'W_layer_units_exponent_0': 10, 'W_layer_units_exponent_1': 8, 'W_layer_units_exponent_2': 7, 'D_layers': 5, 'D_layer_units_exponent_0': 10, 'D_layer_units_exponent_1': 4, 'D_layer_units_exponent_2': 7, 'D_layer_units_exponent_3': 10, 'D_layer_units_exponent_4': 10, 'log_learning_rate': -4.722400504521584, 'log_learning_rate_D': -2.7818809988269524, 'training_batch_size': 8, 'training_p': 6}. Best is trial 2 with value: 0.04015466198325157.
res:  tensor(0.0402, device='cuda:0', grad_fn=<DivBackward0>)
self.bestValue:  tensor(0.0490, device='cuda:0', grad_fn=<DivBackward0>)
Save this model!
Time for this trial:  50.895748138427734
Memory status after this trial: 
Memory allocated:  116.9912109375
Memory cached:  160.0
--------------------  Trial  3   --------------------
Start timing: 
Parameters: 
{'W_layers': 3, 'W_layer_units_exponent_0': 4, 'W_layer_units_exponent_1': 8, 'W_layer_units_exponent_2': 4, 'D_layers': 7, 'D_layer_units_exponent_0': 10, 'D_layer_units_exponent_1': 10, 'D_layer_units_exponent_2': 5, 'D_layer_units_exponent_3': 8, 'D_layer_units_exponent_4': 4, 'D_layer_units_exponent_5': 9, 'D_layer_units_exponent_6': 6, 'log_learning_rate': -4.258355823250742, 'log_learning_rate_D': -4.9741812172801865, 'training_batch_size': 11, 'training_p': 2}
	 epoch  0 training error:  tensor(2.2564, device='cuda:0', grad_fn=<DivBackward0>)
Memory status after this epoch: 
Memory allocated:  134.68994140625
Memory cached:  182.0
	 epoch  10 training error:  tensor(1.8530, device='cuda:0', grad_fn=<DivBackward0>)
Memory status after this epoch: 
Memory allocated:  134.68994140625
Memory cached:  186.0
	 epoch  20 training error:  tensor(1.4478, device='cuda:0', grad_fn=<DivBackward0>)
Memory status after this epoch: 
Memory allocated:  134.68994140625
Memory cached:  186.0
	 epoch  30 training error:  tensor(1.0381, device='cuda:0', grad_fn=<DivBackward0>)
Memory status after this epoch: 
Memory allocated:  134.68994140625
Memory cached:  186.0
	 epoch  40 training error:  tensor(0.6198, device='cuda:0', grad_fn=<DivBackward0>)
Memory status after this epoch: 
Memory allocated:  134.68994140625
Memory cached:  186.0
	 epoch  50 training error:  tensor(0.1951, device='cuda:0', grad_fn=<DivBackward0>)
Memory status after this epoch: 
Memory allocated:  134.68994140625
Memory cached:  186.0
	 epoch  60 training error:  tensor(0.1416, device='cuda:0', grad_fn=<DivBackward0>)
Memory status after this epoch: 
Memory allocated:  134.68994140625
Memory cached:  186.0
	 epoch  70 training error:  tensor(0.0637, device='cuda:0', grad_fn=<DivBackward0>)
Memory status after this epoch: 
Memory allocated:  134.68994140625
Memory cached:  186.0
	 epoch  80 training error:  tensor(0.0647, device='cuda:0', grad_fn=<DivBackward0>)
Memory status after this epoch: 
Memory allocated:  134.68994140625
Memory cached:  186.0
	 epoch  90 training error:  tensor(0.0567, device='cuda:0', grad_fn=<DivBackward0>)
Memory status after this epoch: 
Memory allocated:  134.68994140625
Memory cached:  186.0
[I 2023-12-03 00:34:49,440] Trial 3 finished with value: 0.05640412122011185 and parameters: {'W_layers': 3, 'W_layer_units_exponent_0': 4, 'W_layer_units_exponent_1': 8, 'W_layer_units_exponent_2': 4, 'D_layers': 7, 'D_layer_units_exponent_0': 10, 'D_layer_units_exponent_1': 10, 'D_layer_units_exponent_2': 5, 'D_layer_units_exponent_3': 8, 'D_layer_units_exponent_4': 4, 'D_layer_units_exponent_5': 9, 'D_layer_units_exponent_6': 6, 'log_learning_rate': -4.258355823250742, 'log_learning_rate_D': -4.9741812172801865, 'training_batch_size': 11, 'training_p': 2}. Best is trial 2 with value: 0.04015466198325157.
Time for this trial:  50.292264461517334
Memory status after this trial: 
Memory allocated:  199.1533203125
Memory cached:  206.0
--------------------  Trial  4   --------------------
Start timing: 
Parameters: 
{'W_layers': 7, 'W_layer_units_exponent_0': 5, 'W_layer_units_exponent_1': 10, 'W_layer_units_exponent_2': 5, 'W_layer_units_exponent_3': 7, 'W_layer_units_exponent_4': 6, 'W_layer_units_exponent_5': 4, 'W_layer_units_exponent_6': 5, 'D_layers': 8, 'D_layer_units_exponent_0': 4, 'D_layer_units_exponent_1': 6, 'D_layer_units_exponent_2': 10, 'D_layer_units_exponent_3': 4, 'D_layer_units_exponent_4': 6, 'D_layer_units_exponent_5': 4, 'D_layer_units_exponent_6': 5, 'D_layer_units_exponent_7': 5, 'log_learning_rate': -2.004270505426973, 'log_learning_rate_D': -1.2406949177912412, 'training_batch_size': 7, 'training_p': 6}
	 epoch  0 training error:  tensor(0.1521, device='cuda:0', grad_fn=<DivBackward0>)
Memory status after this epoch: 
Memory allocated:  119.62939453125
Memory cached:  162.0
[W 2023-12-03 00:34:55,796] Trial 4 failed with parameters: {'W_layers': 7, 'W_layer_units_exponent_0': 5, 'W_layer_units_exponent_1': 10, 'W_layer_units_exponent_2': 5, 'W_layer_units_exponent_3': 7, 'W_layer_units_exponent_4': 6, 'W_layer_units_exponent_5': 4, 'W_layer_units_exponent_6': 5, 'D_layers': 8, 'D_layer_units_exponent_0': 4, 'D_layer_units_exponent_1': 6, 'D_layer_units_exponent_2': 10, 'D_layer_units_exponent_3': 4, 'D_layer_units_exponent_4': 6, 'D_layer_units_exponent_5': 4, 'D_layer_units_exponent_6': 5, 'D_layer_units_exponent_7': 5, 'log_learning_rate': -2.004270505426973, 'log_learning_rate_D': -1.2406949177912412, 'training_batch_size': 7, 'training_p': 6} because of the following error: The value nan is not acceptable.
[W 2023-12-03 00:34:55,797] Trial 4 failed with value tensor(nan, device='cuda:0', grad_fn=<DivBackward0>).
Time for this trial:  6.219133615493774
Memory status after this trial: 
Memory allocated:  177.79345703125
Memory cached:  192.0
--------------------  Trial  5   --------------------
Start timing: 
Parameters: 
{'W_layers': 8, 'W_layer_units_exponent_0': 9, 'W_layer_units_exponent_1': 7, 'W_layer_units_exponent_2': 4, 'W_layer_units_exponent_3': 8, 'W_layer_units_exponent_4': 8, 'W_layer_units_exponent_5': 7, 'W_layer_units_exponent_6': 7, 'W_layer_units_exponent_7': 6, 'D_layers': 4, 'D_layer_units_exponent_0': 9, 'D_layer_units_exponent_1': 6, 'D_layer_units_exponent_2': 7, 'D_layer_units_exponent_3': 9, 'log_learning_rate': -4.601509927752373, 'log_learning_rate_D': -1.571676890378371, 'training_batch_size': 9, 'training_p': 8}
	 epoch  0 training error:  tensor(1.2043, device='cuda:0', grad_fn=<DivBackward0>)
Memory status after this epoch: 
Memory allocated:  121.88525390625
Memory cached:  162.0
[W 2023-12-03 00:34:58,409] Trial 5 failed with parameters: {'W_layers': 8, 'W_layer_units_exponent_0': 9, 'W_layer_units_exponent_1': 7, 'W_layer_units_exponent_2': 4, 'W_layer_units_exponent_3': 8, 'W_layer_units_exponent_4': 8, 'W_layer_units_exponent_5': 7, 'W_layer_units_exponent_6': 7, 'W_layer_units_exponent_7': 6, 'D_layers': 4, 'D_layer_units_exponent_0': 9, 'D_layer_units_exponent_1': 6, 'D_layer_units_exponent_2': 7, 'D_layer_units_exponent_3': 9, 'log_learning_rate': -4.601509927752373, 'log_learning_rate_D': -1.571676890378371, 'training_batch_size': 9, 'training_p': 8} because of the following error: The value nan is not acceptable.
[W 2023-12-03 00:34:58,410] Trial 5 failed with value tensor(nan, device='cuda:0', grad_fn=<DivBackward0>).
Time for this trial:  2.4731552600860596
Memory status after this trial: 
Memory allocated:  181.2783203125
Memory cached:  196.0
--------------------  Trial  6   --------------------
Start timing: 
Parameters: 
{'W_layers': 6, 'W_layer_units_exponent_0': 10, 'W_layer_units_exponent_1': 5, 'W_layer_units_exponent_2': 9, 'W_layer_units_exponent_3': 7, 'W_layer_units_exponent_4': 10, 'W_layer_units_exponent_5': 6, 'D_layers': 8, 'D_layer_units_exponent_0': 8, 'D_layer_units_exponent_1': 7, 'D_layer_units_exponent_2': 5, 'D_layer_units_exponent_3': 9, 'D_layer_units_exponent_4': 9, 'D_layer_units_exponent_5': 9, 'D_layer_units_exponent_6': 4, 'D_layer_units_exponent_7': 8, 'log_learning_rate': -4.228770269695037, 'log_learning_rate_D': -1.0213206117617148, 'training_batch_size': 9, 'training_p': 8}
	 epoch  0 training error:  tensor(0.3385, device='cuda:0', grad_fn=<DivBackward0>)
Memory status after this epoch: 
Memory allocated:  131.08642578125
Memory cached:  166.0
[W 2023-12-03 00:35:00,729] Trial 6 failed with parameters: {'W_layers': 6, 'W_layer_units_exponent_0': 10, 'W_layer_units_exponent_1': 5, 'W_layer_units_exponent_2': 9, 'W_layer_units_exponent_3': 7, 'W_layer_units_exponent_4': 10, 'W_layer_units_exponent_5': 6, 'D_layers': 8, 'D_layer_units_exponent_0': 8, 'D_layer_units_exponent_1': 7, 'D_layer_units_exponent_2': 5, 'D_layer_units_exponent_3': 9, 'D_layer_units_exponent_4': 9, 'D_layer_units_exponent_5': 9, 'D_layer_units_exponent_6': 4, 'D_layer_units_exponent_7': 8, 'log_learning_rate': -4.228770269695037, 'log_learning_rate_D': -1.0213206117617148, 'training_batch_size': 9, 'training_p': 8} because of the following error: The value nan is not acceptable.
[W 2023-12-03 00:35:00,730] Trial 6 failed with value tensor(nan, device='cuda:0', grad_fn=<DivBackward0>).
Time for this trial:  2.191272020339966
Memory status after this trial: 
Memory allocated:  238.3818359375
Memory cached:  256.0
--------------------  Trial  7   --------------------
Start timing: 
Parameters: 
{'W_layers': 8, 'W_layer_units_exponent_0': 8, 'W_layer_units_exponent_1': 4, 'W_layer_units_exponent_2': 9, 'W_layer_units_exponent_3': 7, 'W_layer_units_exponent_4': 5, 'W_layer_units_exponent_5': 9, 'W_layer_units_exponent_6': 10, 'W_layer_units_exponent_7': 8, 'D_layers': 5, 'D_layer_units_exponent_0': 9, 'D_layer_units_exponent_1': 10, 'D_layer_units_exponent_2': 10, 'D_layer_units_exponent_3': 10, 'D_layer_units_exponent_4': 6, 'log_learning_rate': -1.2799937547299467, 'log_learning_rate_D': -3.97841247347475, 'training_batch_size': 11, 'training_p': 7}
	 epoch  0 training error:  tensor(0.6396, device='cuda:0', grad_fn=<DivBackward0>)
Memory status after this epoch: 
Memory allocated:  171.75634765625
Memory cached:  202.0
[W 2023-12-03 00:35:05,578] Trial 7 failed with parameters: {'W_layers': 8, 'W_layer_units_exponent_0': 8, 'W_layer_units_exponent_1': 4, 'W_layer_units_exponent_2': 9, 'W_layer_units_exponent_3': 7, 'W_layer_units_exponent_4': 5, 'W_layer_units_exponent_5': 9, 'W_layer_units_exponent_6': 10, 'W_layer_units_exponent_7': 8, 'D_layers': 5, 'D_layer_units_exponent_0': 9, 'D_layer_units_exponent_1': 10, 'D_layer_units_exponent_2': 10, 'D_layer_units_exponent_3': 10, 'D_layer_units_exponent_4': 6, 'log_learning_rate': -1.2799937547299467, 'log_learning_rate_D': -3.97841247347475, 'training_batch_size': 11, 'training_p': 7} because of the following error: The value nan is not acceptable.
[W 2023-12-03 00:35:05,579] Trial 7 failed with value tensor(nan, device='cuda:0', grad_fn=<DivBackward0>).
Time for this trial:  4.709439039230347
Memory status after this trial: 
Memory allocated:  289.8857421875
Memory cached:  322.0
--------------------  Trial  8   --------------------
Start timing: 
Parameters: 
{'W_layers': 5, 'W_layer_units_exponent_0': 5, 'W_layer_units_exponent_1': 10, 'W_layer_units_exponent_2': 9, 'W_layer_units_exponent_3': 7, 'W_layer_units_exponent_4': 6, 'D_layers': 2, 'D_layer_units_exponent_0': 5, 'D_layer_units_exponent_1': 4, 'log_learning_rate': -3.6923315432067145, 'log_learning_rate_D': -3.666005096266538, 'training_batch_size': 9, 'training_p': 3}
	 epoch  0 training error:  tensor(0.4648, device='cuda:0', grad_fn=<DivBackward0>)
Memory status after this epoch: 
Memory allocated:  126.70751953125
Memory cached:  164.0
	 epoch  10 training error:  tensor(0.0748, device='cuda:0', grad_fn=<DivBackward0>)
Memory status after this epoch: 
Memory allocated:  126.70751953125
Memory cached:  164.0
	 epoch  20 training error:  tensor(0.0628, device='cuda:0', grad_fn=<DivBackward0>)
Memory status after this epoch: 
Memory allocated:  126.70751953125
Memory cached:  164.0
	 epoch  30 training error:  tensor(0.0631, device='cuda:0', grad_fn=<DivBackward0>)
Memory status after this epoch: 
Memory allocated:  126.70751953125
Memory cached:  164.0
	 epoch  40 training error:  tensor(0.0560, device='cuda:0', grad_fn=<DivBackward0>)
Memory status after this epoch: 
Memory allocated:  126.70751953125
Memory cached:  164.0
	 epoch  50 training error:  tensor(0.0529, device='cuda:0', grad_fn=<DivBackward0>)
Memory status after this epoch: 
Memory allocated:  126.70751953125
Memory cached:  164.0
	 epoch  60 training error:  tensor(0.0502, device='cuda:0', grad_fn=<DivBackward0>)
Memory status after this epoch: 
Memory allocated:  126.70751953125
Memory cached:  164.0
	 epoch  70 training error:  tensor(0.0516, device='cuda:0', grad_fn=<DivBackward0>)
Memory status after this epoch: 
Memory allocated:  126.70751953125
Memory cached:  164.0
	 epoch  80 training error:  tensor(0.0477, device='cuda:0', grad_fn=<DivBackward0>)
Memory status after this epoch: 
Memory allocated:  126.70751953125
Memory cached:  164.0
	 epoch  90 training error:  tensor(0.0480, device='cuda:0', grad_fn=<DivBackward0>)
Memory status after this epoch: 
Memory allocated:  126.70751953125
Memory cached:  164.0
[I 2023-12-03 00:35:45,656] Trial 8 finished with value: 0.05160107836127281 and parameters: {'W_layers': 5, 'W_layer_units_exponent_0': 5, 'W_layer_units_exponent_1': 10, 'W_layer_units_exponent_2': 9, 'W_layer_units_exponent_3': 7, 'W_layer_units_exponent_4': 6, 'D_layers': 2, 'D_layer_units_exponent_0': 5, 'D_layer_units_exponent_1': 4, 'log_learning_rate': -3.6923315432067145, 'log_learning_rate_D': -3.666005096266538, 'training_batch_size': 9, 'training_p': 3}. Best is trial 2 with value: 0.04015466198325157.
Time for this trial:  39.94885206222534
Memory status after this trial: 
Memory allocated:  163.4482421875
Memory cached:  174.0
--------------------  Trial  9   --------------------
Start timing: 
Parameters: 
{'W_layers': 8, 'W_layer_units_exponent_0': 7, 'W_layer_units_exponent_1': 5, 'W_layer_units_exponent_2': 6, 'W_layer_units_exponent_3': 5, 'W_layer_units_exponent_4': 6, 'W_layer_units_exponent_5': 5, 'W_layer_units_exponent_6': 5, 'W_layer_units_exponent_7': 10, 'D_layers': 8, 'D_layer_units_exponent_0': 8, 'D_layer_units_exponent_1': 10, 'D_layer_units_exponent_2': 6, 'D_layer_units_exponent_3': 10, 'D_layer_units_exponent_4': 8, 'D_layer_units_exponent_5': 4, 'D_layer_units_exponent_6': 4, 'D_layer_units_exponent_7': 10, 'log_learning_rate': -4.348563459432441, 'log_learning_rate_D': -2.324137701808228, 'training_batch_size': 8, 'training_p': 5}
	 epoch  0 training error:  tensor(1.5015, device='cuda:0', grad_fn=<DivBackward0>)
Memory status after this epoch: 
Memory allocated:  128.33447265625
Memory cached:  166.0
	 epoch  10 training error:  tensor(1.1385, device='cuda:0', grad_fn=<DivBackward0>)
Memory status after this epoch: 
Memory allocated:  128.33447265625
Memory cached:  168.0
	 epoch  20 training error:  tensor(0.8270, device='cuda:0', grad_fn=<DivBackward0>)
Memory status after this epoch: 
Memory allocated:  128.33447265625
Memory cached:  168.0
	 epoch  30 training error:  tensor(0.4997, device='cuda:0', grad_fn=<DivBackward0>)
Memory status after this epoch: 
Memory allocated:  128.33447265625
Memory cached:  168.0
	 epoch  40 training error:  tensor(0.1832, device='cuda:0', grad_fn=<DivBackward0>)
Memory status after this epoch: 
Memory allocated:  128.33447265625
Memory cached:  168.0
	 epoch  50 training error:  tensor(0.1300, device='cuda:0', grad_fn=<DivBackward0>)
Memory status after this epoch: 
Memory allocated:  128.33447265625
Memory cached:  168.0
	 epoch  60 training error:  tensor(0.1060, device='cuda:0', grad_fn=<DivBackward0>)
Memory status after this epoch: 
Memory allocated:  128.33447265625
Memory cached:  168.0
	 epoch  70 training error:  tensor(0.0960, device='cuda:0', grad_fn=<DivBackward0>)
Memory status after this epoch: 
Memory allocated:  128.33447265625
Memory cached:  168.0
	 epoch  80 training error:  tensor(0.0869, device='cuda:0', grad_fn=<DivBackward0>)
Memory status after this epoch: 
Memory allocated:  128.33447265625
Memory cached:  168.0
	 epoch  90 training error:  tensor(0.0808, device='cuda:0', grad_fn=<DivBackward0>)
Memory status after this epoch: 
Memory allocated:  128.33447265625
Memory cached:  168.0
[I 2023-12-03 00:36:52,702] Trial 9 finished with value: 0.07370220869779587 and parameters: {'W_layers': 8, 'W_layer_units_exponent_0': 7, 'W_layer_units_exponent_1': 5, 'W_layer_units_exponent_2': 6, 'W_layer_units_exponent_3': 5, 'W_layer_units_exponent_4': 6, 'W_layer_units_exponent_5': 5, 'W_layer_units_exponent_6': 5, 'W_layer_units_exponent_7': 10, 'D_layers': 8, 'D_layer_units_exponent_0': 8, 'D_layer_units_exponent_1': 10, 'D_layer_units_exponent_2': 6, 'D_layer_units_exponent_3': 10, 'D_layer_units_exponent_4': 8, 'D_layer_units_exponent_5': 4, 'D_layer_units_exponent_6': 4, 'D_layer_units_exponent_7': 10, 'log_learning_rate': -4.348563459432441, 'log_learning_rate_D': -2.324137701808228, 'training_batch_size': 8, 'training_p': 5}. Best is trial 2 with value: 0.04015466198325157.
Time for this trial:  66.92061805725098
Memory status after this trial: 
Memory allocated:  238.576171875
Memory cached:  254.0
--------------------  Trial  10   --------------------
Start timing: 
Parameters: 
{'W_layers': 8, 'W_layer_units_exponent_0': 4, 'W_layer_units_exponent_1': 4, 'W_layer_units_exponent_2': 6, 'W_layer_units_exponent_3': 4, 'W_layer_units_exponent_4': 8, 'W_layer_units_exponent_5': 8, 'W_layer_units_exponent_6': 4, 'W_layer_units_exponent_7': 4, 'D_layers': 5, 'D_layer_units_exponent_0': 8, 'D_layer_units_exponent_1': 9, 'D_layer_units_exponent_2': 5, 'D_layer_units_exponent_3': 5, 'D_layer_units_exponent_4': 6, 'log_learning_rate': -4.053493411869251, 'log_learning_rate_D': -1.9040062307303272, 'training_batch_size': 8, 'training_p': 8}
	 epoch  0 training error:  tensor(1.5574, device='cuda:0', grad_fn=<DivBackward0>)
Memory status after this epoch: 
Memory allocated:  120.57666015625
Memory cached:  164.0
	 epoch  10 training error:  tensor(0.9122, device='cuda:0', grad_fn=<DivBackward0>)
Memory status after this epoch: 
Memory allocated:  120.57666015625
Memory cached:  166.0
	 epoch  20 training error:  tensor(0.2803, device='cuda:0', grad_fn=<DivBackward0>)
Memory status after this epoch: 
Memory allocated:  120.57666015625
Memory cached:  166.0
	 epoch  30 training error:  tensor(0.1189, device='cuda:0', grad_fn=<DivBackward0>)
Memory status after this epoch: 
Memory allocated:  120.57666015625
Memory cached:  166.0
	 epoch  40 training error:  tensor(0.0873, device='cuda:0', grad_fn=<DivBackward0>)
Memory status after this epoch: 
Memory allocated:  120.57666015625
Memory cached:  166.0
	 epoch  50 training error:  tensor(0.0886, device='cuda:0', grad_fn=<DivBackward0>)
Memory status after this epoch: 
Memory allocated:  120.57666015625
Memory cached:  166.0
	 epoch  60 training error:  tensor(0.0727, device='cuda:0', grad_fn=<DivBackward0>)
Memory status after this epoch: 
Memory allocated:  120.57666015625
Memory cached:  166.0
	 epoch  70 training error:  tensor(0.0559, device='cuda:0', grad_fn=<DivBackward0>)
Memory status after this epoch: 
Memory allocated:  120.57666015625
Memory cached:  166.0
	 epoch  80 training error:  tensor(0.0500, device='cuda:0', grad_fn=<DivBackward0>)
Memory status after this epoch: 
Memory allocated:  120.57666015625
Memory cached:  166.0
	 epoch  90 training error:  tensor(0.0530, device='cuda:0', grad_fn=<DivBackward0>)
Memory status after this epoch: 
Memory allocated:  120.57666015625
Memory cached:  166.0
