[I 2024-01-03 17:02:10,150] Trial 48 finished with value: 0.2512442171573639 and parameters: {'W_layers': 4, 'W_layer_units_exponent_0': 10, 'W_layer_units_exponent_1': 5, 'W_layer_units_exponent_2': 9, 'W_layer_units_exponent_3': 8, 'D_layers': 4, 'D_layer_units_exponent_0': 4, 'D_layer_units_exponent_1': 4, 'D_layer_units_exponent_2': 9, 'D_layer_units_exponent_3': 9, 'D_dagger_layers': 4, 'D_dagger_layer_units_exponent_0': 10, 'D_dagger_layer_units_exponent_1': 9, 'D_dagger_layer_units_exponent_2': 5, 'D_dagger_layer_units_exponent_3': 5, 'log_learning_rate': -3.9802944342971243, 'log_learning_rate_D': -3.0176407170594106, 'log_learning_rate_D_dagger': -3.038232758814907, 'training_batch_size': 10, 'training_p': 4}. Best is trial 45 with value: 0.13349680602550507.
Time for this trial:  184.6095588207245
Memory status after this trial: 
Memory allocated:  570.22021484375
Memory cached:  664.0
--------------------  Trial  49   --------------------
Start timing: 
Parameters: 
{'W_layers': 5, 'W_layer_units_exponent_0': 10, 'W_layer_units_exponent_1': 6, 'W_layer_units_exponent_2': 10, 'W_layer_units_exponent_3': 4, 'W_layer_units_exponent_4': 9, 'D_layers': 6, 'D_layer_units_exponent_0': 9, 'D_layer_units_exponent_1': 5, 'D_layer_units_exponent_2': 8, 'D_layer_units_exponent_3': 9, 'D_layer_units_exponent_4': 8, 'D_layer_units_exponent_5': 9, 'D_dagger_layers': 3, 'D_dagger_layer_units_exponent_0': 10, 'D_dagger_layer_units_exponent_1': 8, 'D_dagger_layer_units_exponent_2': 4, 'log_learning_rate': -4.1348549131998045, 'log_learning_rate_D': -2.6811118699332295, 'log_learning_rate_D_dagger': -3.298839298900937, 'training_batch_size': 11, 'training_p': 4}
	 epoch  0 training error:  tensor(1.0016, device='cuda:0', grad_fn=<DivBackward0>)
Memory status after this epoch: 
Memory allocated:  342.34765625
Memory cached:  664.0
	 epoch  10 training error:  tensor(0.4688, device='cuda:0', grad_fn=<DivBackward0>)
Memory status after this epoch: 
Memory allocated:  342.34765625
Memory cached:  720.0
	 epoch  20 training error:  tensor(0.4405, device='cuda:0', grad_fn=<DivBackward0>)
Memory status after this epoch: 
Memory allocated:  342.34765625
Memory cached:  710.0
	 epoch  30 training error:  tensor(0.4458, device='cuda:0', grad_fn=<DivBackward0>)
Memory status after this epoch: 
Memory allocated:  342.34765625
Memory cached:  702.0
	 epoch  40 training error:  tensor(0.4355, device='cuda:0', grad_fn=<DivBackward0>)
Memory status after this epoch: 
Memory allocated:  342.34765625
Memory cached:  700.0
	 epoch  50 training error:  tensor(0.4349, device='cuda:0', grad_fn=<DivBackward0>)
Memory status after this epoch: 
Memory allocated:  342.34765625
Memory cached:  710.0
	 epoch  60 training error:  tensor(0.4415, device='cuda:0', grad_fn=<DivBackward0>)
Memory status after this epoch: 
Memory allocated:  342.34765625
Memory cached:  706.0
	 epoch  70 training error:  tensor(0.4353, device='cuda:0', grad_fn=<DivBackward0>)
Memory status after this epoch: 
Memory allocated:  342.34765625
Memory cached:  720.0
	 epoch  80 training error:  tensor(0.4318, device='cuda:0', grad_fn=<DivBackward0>)
Memory status after this epoch: 
Memory allocated:  342.34765625
Memory cached:  710.0
	 epoch  90 training error:  tensor(0.4304, device='cuda:0', grad_fn=<DivBackward0>)
Memory status after this epoch: 
Memory allocated:  342.34765625
Memory cached:  716.0
[I 2024-01-03 17:05:41,771] Trial 49 finished with value: 0.3505740463733673 and parameters: {'W_layers': 5, 'W_layer_units_exponent_0': 10, 'W_layer_units_exponent_1': 6, 'W_layer_units_exponent_2': 10, 'W_layer_units_exponent_3': 4, 'W_layer_units_exponent_4': 9, 'D_layers': 6, 'D_layer_units_exponent_0': 9, 'D_layer_units_exponent_1': 5, 'D_layer_units_exponent_2': 8, 'D_layer_units_exponent_3': 9, 'D_layer_units_exponent_4': 8, 'D_layer_units_exponent_5': 9, 'D_dagger_layers': 3, 'D_dagger_layer_units_exponent_0': 10, 'D_dagger_layer_units_exponent_1': 8, 'D_dagger_layer_units_exponent_2': 4, 'log_learning_rate': -4.1348549131998045, 'log_learning_rate_D': -2.6811118699332295, 'log_learning_rate_D_dagger': -3.298839298900937, 'training_batch_size': 11, 'training_p': 4}. Best is trial 45 with value: 0.13349680602550507.
Time for this trial:  211.244802236557
Memory status after this trial: 
Memory allocated:  648.7138671875
Memory cached:  672.0
--------------------  Trial  50   --------------------
Start timing: 
Parameters: 
{'W_layers': 7, 'W_layer_units_exponent_0': 9, 'W_layer_units_exponent_1': 8, 'W_layer_units_exponent_2': 8, 'W_layer_units_exponent_3': 6, 'W_layer_units_exponent_4': 9, 'W_layer_units_exponent_5': 9, 'W_layer_units_exponent_6': 7, 'D_layers': 5, 'D_layer_units_exponent_0': 10, 'D_layer_units_exponent_1': 6, 'D_layer_units_exponent_2': 10, 'D_layer_units_exponent_3': 10, 'D_layer_units_exponent_4': 7, 'D_dagger_layers': 5, 'D_dagger_layer_units_exponent_0': 10, 'D_dagger_layer_units_exponent_1': 10, 'D_dagger_layer_units_exponent_2': 5, 'D_dagger_layer_units_exponent_3': 4, 'D_dagger_layer_units_exponent_4': 10, 'log_learning_rate': -3.372479634700874, 'log_learning_rate_D': -2.4633543557897943, 'log_learning_rate_D_dagger': -3.381387237715129, 'training_batch_size': 12, 'training_p': 8}
	 epoch  0 training error:  tensor(0.9977, device='cuda:0', grad_fn=<DivBackward0>)
Memory status after this epoch: 
Memory allocated:  375.107421875
Memory cached:  676.0
	 epoch  10 training error:  tensor(0.6170, device='cuda:0', grad_fn=<DivBackward0>)
Memory status after this epoch: 
Memory allocated:  375.107421875
Memory cached:  726.0
	 epoch  20 training error:  tensor(0.5825, device='cuda:0', grad_fn=<DivBackward0>)
Memory status after this epoch: 
Memory allocated:  375.107421875
Memory cached:  726.0
	 epoch  30 training error:  tensor(0.5911, device='cuda:0', grad_fn=<DivBackward0>)
Memory status after this epoch: 
Memory allocated:  375.107421875
Memory cached:  730.0
	 epoch  40 training error:  tensor(0.6005, device='cuda:0', grad_fn=<DivBackward0>)
Memory status after this epoch: 
Memory allocated:  375.107421875
Memory cached:  726.0
	 epoch  50 training error:  tensor(0.5959, device='cuda:0', grad_fn=<DivBackward0>)
Memory status after this epoch: 
Memory allocated:  375.107421875
Memory cached:  724.0
	 epoch  60 training error:  tensor(0.5835, device='cuda:0', grad_fn=<DivBackward0>)
Memory status after this epoch: 
Memory allocated:  375.107421875
Memory cached:  730.0
	 epoch  70 training error:  tensor(0.6127, device='cuda:0', grad_fn=<DivBackward0>)
Memory status after this epoch: 
Memory allocated:  375.107421875
Memory cached:  734.0
	 epoch  80 training error:  tensor(0.5778, device='cuda:0', grad_fn=<DivBackward0>)
Memory status after this epoch: 
Memory allocated:  375.107421875
Memory cached:  730.0
	 epoch  90 training error:  tensor(0.5786, device='cuda:0', grad_fn=<DivBackward0>)
Memory status after this epoch: 
Memory allocated:  375.107421875
Memory cached:  726.0
[I 2024-01-03 17:09:56,891] Trial 50 finished with value: 0.531895101070404 and parameters: {'W_layers': 7, 'W_layer_units_exponent_0': 9, 'W_layer_units_exponent_1': 8, 'W_layer_units_exponent_2': 8, 'W_layer_units_exponent_3': 6, 'W_layer_units_exponent_4': 9, 'W_layer_units_exponent_5': 9, 'W_layer_units_exponent_6': 7, 'D_layers': 5, 'D_layer_units_exponent_0': 10, 'D_layer_units_exponent_1': 6, 'D_layer_units_exponent_2': 10, 'D_layer_units_exponent_3': 10, 'D_layer_units_exponent_4': 7, 'D_dagger_layers': 5, 'D_dagger_layer_units_exponent_0': 10, 'D_dagger_layer_units_exponent_1': 10, 'D_dagger_layer_units_exponent_2': 5, 'D_dagger_layer_units_exponent_3': 4, 'D_dagger_layer_units_exponent_4': 10, 'log_learning_rate': -3.372479634700874, 'log_learning_rate_D': -2.4633543557897943, 'log_learning_rate_D_dagger': -3.381387237715129, 'training_batch_size': 12, 'training_p': 8}. Best is trial 45 with value: 0.13349680602550507.
Time for this trial:  254.69581389427185
Memory status after this trial: 
Memory allocated:  801.73681640625
Memory cached:  830.0
--------------------  Trial  51   --------------------
Start timing: 
Parameters: 
{'W_layers': 4, 'W_layer_units_exponent_0': 4, 'W_layer_units_exponent_1': 5, 'W_layer_units_exponent_2': 9, 'W_layer_units_exponent_3': 9, 'D_layers': 4, 'D_layer_units_exponent_0': 4, 'D_layer_units_exponent_1': 4, 'D_layer_units_exponent_2': 9, 'D_layer_units_exponent_3': 9, 'D_dagger_layers': 4, 'D_dagger_layer_units_exponent_0': 10, 'D_dagger_layer_units_exponent_1': 9, 'D_dagger_layer_units_exponent_2': 5, 'D_dagger_layer_units_exponent_3': 5, 'log_learning_rate': -4.003374404694405, 'log_learning_rate_D': -3.0424065520900925, 'log_learning_rate_D_dagger': -3.0085336062807997, 'training_batch_size': 10, 'training_p': 4}
	 epoch  0 training error:  tensor(0.9005, device='cuda:0', grad_fn=<DivBackward0>)
Memory status after this epoch: 
Memory allocated:  346.11328125
Memory cached:  654.0
	 epoch  10 training error:  tensor(0.4871, device='cuda:0', grad_fn=<DivBackward0>)
Memory status after this epoch: 
Memory allocated:  346.11328125
Memory cached:  692.0
	 epoch  20 training error:  tensor(0.4421, device='cuda:0', grad_fn=<DivBackward0>)
Memory status after this epoch: 
Memory allocated:  346.11328125
Memory cached:  684.0
	 epoch  30 training error:  tensor(0.4547, device='cuda:0', grad_fn=<DivBackward0>)
Memory status after this epoch: 
Memory allocated:  346.11328125
Memory cached:  690.0
	 epoch  40 training error:  tensor(0.4288, device='cuda:0', grad_fn=<DivBackward0>)
Memory status after this epoch: 
Memory allocated:  346.11328125
Memory cached:  692.0
	 epoch  50 training error:  tensor(0.4236, device='cuda:0', grad_fn=<DivBackward0>)
Memory status after this epoch: 
Memory allocated:  346.11328125
Memory cached:  692.0
	 epoch  60 training error:  tensor(0.4192, device='cuda:0', grad_fn=<DivBackward0>)
Memory status after this epoch: 
Memory allocated:  346.11328125
Memory cached:  698.0
	 epoch  70 training error:  tensor(0.4157, device='cuda:0', grad_fn=<DivBackward0>)
Memory status after this epoch: 
Memory allocated:  346.11328125
Memory cached:  696.0
	 epoch  80 training error:  tensor(0.4070, device='cuda:0', grad_fn=<DivBackward0>)
Memory status after this epoch: 
Memory allocated:  346.11328125
Memory cached:  690.0
	 epoch  90 training error:  tensor(0.3883, device='cuda:0', grad_fn=<DivBackward0>)
Memory status after this epoch: 
Memory allocated:  346.11328125
Memory cached:  686.0
[I 2024-01-03 17:12:55,280] Trial 51 finished with value: 0.3147617280483246 and parameters: {'W_layers': 4, 'W_layer_units_exponent_0': 4, 'W_layer_units_exponent_1': 5, 'W_layer_units_exponent_2': 9, 'W_layer_units_exponent_3': 9, 'D_layers': 4, 'D_layer_units_exponent_0': 4, 'D_layer_units_exponent_1': 4, 'D_layer_units_exponent_2': 9, 'D_layer_units_exponent_3': 9, 'D_dagger_layers': 4, 'D_dagger_layer_units_exponent_0': 10, 'D_dagger_layer_units_exponent_1': 9, 'D_dagger_layer_units_exponent_2': 5, 'D_dagger_layer_units_exponent_3': 5, 'log_learning_rate': -4.003374404694405, 'log_learning_rate_D': -3.0424065520900925, 'log_learning_rate_D_dagger': -3.0085336062807997, 'training_batch_size': 10, 'training_p': 4}. Best is trial 45 with value: 0.13349680602550507.
Time for this trial:  177.97663688659668
Memory status after this trial: 
Memory allocated:  529.02099609375
Memory cached:  658.0
--------------------  Trial  52   --------------------
Start timing: 
Parameters: 
{'W_layers': 4, 'W_layer_units_exponent_0': 10, 'W_layer_units_exponent_1': 5, 'W_layer_units_exponent_2': 9, 'W_layer_units_exponent_3': 8, 'D_layers': 3, 'D_layer_units_exponent_0': 6, 'D_layer_units_exponent_1': 4, 'D_layer_units_exponent_2': 9, 'D_dagger_layers': 4, 'D_dagger_layer_units_exponent_0': 10, 'D_dagger_layer_units_exponent_1': 9, 'D_dagger_layer_units_exponent_2': 6, 'D_dagger_layer_units_exponent_3': 6, 'log_learning_rate': -3.6373036243520547, 'log_learning_rate_D': -2.971155855142438, 'log_learning_rate_D_dagger': -3.063054010045157, 'training_batch_size': 10, 'training_p': 4}
	 epoch  0 training error:  tensor(0.9349, device='cuda:0', grad_fn=<DivBackward0>)
Memory status after this epoch: 
Memory allocated:  340.927734375
Memory cached:  664.0
	 epoch  10 training error:  tensor(0.4910, device='cuda:0', grad_fn=<DivBackward0>)
Memory status after this epoch: 
Memory allocated:  340.927734375
Memory cached:  704.0
	 epoch  20 training error:  tensor(0.4495, device='cuda:0', grad_fn=<DivBackward0>)
Memory status after this epoch: 
Memory allocated:  340.927734375
Memory cached:  704.0
	 epoch  30 training error:  tensor(0.4378, device='cuda:0', grad_fn=<DivBackward0>)
Memory status after this epoch: 
Memory allocated:  340.927734375
Memory cached:  700.0
	 epoch  40 training error:  tensor(0.4362, device='cuda:0', grad_fn=<DivBackward0>)
Memory status after this epoch: 
Memory allocated:  340.927734375
Memory cached:  698.0
	 epoch  50 training error:  tensor(0.4328, device='cuda:0', grad_fn=<DivBackward0>)
Memory status after this epoch: 
Memory allocated:  340.927734375
Memory cached:  706.0
	 epoch  60 training error:  tensor(0.4316, device='cuda:0', grad_fn=<DivBackward0>)
Memory status after this epoch: 
Memory allocated:  340.927734375
Memory cached:  710.0
	 epoch  70 training error:  tensor(0.4385, device='cuda:0', grad_fn=<DivBackward0>)
Memory status after this epoch: 
Memory allocated:  340.927734375
Memory cached:  704.0
	 epoch  80 training error:  tensor(0.4316, device='cuda:0', grad_fn=<DivBackward0>)
Memory status after this epoch: 
Memory allocated:  340.927734375
Memory cached:  710.0
	 epoch  90 training error:  tensor(0.4167, device='cuda:0', grad_fn=<DivBackward0>)
Memory status after this epoch: 
Memory allocated:  340.927734375
Memory cached:  710.0
[I 2024-01-03 17:15:48,901] Trial 52 finished with value: 0.32544198632240295 and parameters: {'W_layers': 4, 'W_layer_units_exponent_0': 10, 'W_layer_units_exponent_1': 5, 'W_layer_units_exponent_2': 9, 'W_layer_units_exponent_3': 8, 'D_layers': 3, 'D_layer_units_exponent_0': 6, 'D_layer_units_exponent_1': 4, 'D_layer_units_exponent_2': 9, 'D_dagger_layers': 4, 'D_dagger_layer_units_exponent_0': 10, 'D_dagger_layer_units_exponent_1': 9, 'D_dagger_layer_units_exponent_2': 6, 'D_dagger_layer_units_exponent_3': 6, 'log_learning_rate': -3.6373036243520547, 'log_learning_rate_D': -2.971155855142438, 'log_learning_rate_D_dagger': -3.063054010045157, 'training_batch_size': 10, 'training_p': 4}. Best is trial 45 with value: 0.13349680602550507.
Time for this trial:  173.26416730880737
Memory status after this trial: 
Memory allocated:  546.84375
Memory cached:  668.0
--------------------  Trial  53   --------------------
Start timing: 
Parameters: 
{'W_layers': 4, 'W_layer_units_exponent_0': 10, 'W_layer_units_exponent_1': 6, 'W_layer_units_exponent_2': 9, 'W_layer_units_exponent_3': 8, 'D_layers': 4, 'D_layer_units_exponent_0': 4, 'D_layer_units_exponent_1': 5, 'D_layer_units_exponent_2': 8, 'D_layer_units_exponent_3': 8, 'D_dagger_layers': 3, 'D_dagger_layer_units_exponent_0': 9, 'D_dagger_layer_units_exponent_1': 9, 'D_dagger_layer_units_exponent_2': 5, 'log_learning_rate': -3.86102570721515, 'log_learning_rate_D': -3.3436513957475698, 'log_learning_rate_D_dagger': -3.2123756609082768, 'training_batch_size': 10, 'training_p': 7}
	 epoch  0 training error:  tensor(1.0742, device='cuda:0', grad_fn=<DivBackward0>)
Memory status after this epoch: 
Memory allocated:  338.302734375
Memory cached:  662.0
	 epoch  10 training error:  tensor(0.6239, device='cuda:0', grad_fn=<DivBackward0>)
Memory status after this epoch: 
Memory allocated:  338.302734375
Memory cached:  718.0
	 epoch  20 training error:  tensor(0.5636, device='cuda:0', grad_fn=<DivBackward0>)
Memory status after this epoch: 
Memory allocated:  338.302734375
Memory cached:  720.0
	 epoch  30 training error:  tensor(0.5585, device='cuda:0', grad_fn=<DivBackward0>)
Memory status after this epoch: 
Memory allocated:  338.302734375
Memory cached:  720.0
	 epoch  40 training error:  tensor(0.5409, device='cuda:0', grad_fn=<DivBackward0>)
Memory status after this epoch: 
Memory allocated:  338.302734375
Memory cached:  720.0
	 epoch  50 training error:  tensor(0.5325, device='cuda:0', grad_fn=<DivBackward0>)
Memory status after this epoch: 
Memory allocated:  338.302734375
Memory cached:  718.0
	 epoch  60 training error:  tensor(0.5348, device='cuda:0', grad_fn=<DivBackward0>)
Memory status after this epoch: 
Memory allocated:  338.302734375
Memory cached:  716.0
	 epoch  70 training error:  tensor(0.5290, device='cuda:0', grad_fn=<DivBackward0>)
Memory status after this epoch: 
Memory allocated:  338.302734375
Memory cached:  722.0
	 epoch  80 training error:  tensor(0.5318, device='cuda:0', grad_fn=<DivBackward0>)
Memory status after this epoch: 
Memory allocated:  338.302734375
Memory cached:  720.0
	 epoch  90 training error:  tensor(0.5340, device='cuda:0', grad_fn=<DivBackward0>)
Memory status after this epoch: 
Memory allocated:  338.302734375
Memory cached:  724.0
[I 2024-01-03 17:18:39,085] Trial 53 finished with value: 0.4195190370082855 and parameters: {'W_layers': 4, 'W_layer_units_exponent_0': 10, 'W_layer_units_exponent_1': 6, 'W_layer_units_exponent_2': 9, 'W_layer_units_exponent_3': 8, 'D_layers': 4, 'D_layer_units_exponent_0': 4, 'D_layer_units_exponent_1': 5, 'D_layer_units_exponent_2': 8, 'D_layer_units_exponent_3': 8, 'D_dagger_layers': 3, 'D_dagger_layer_units_exponent_0': 9, 'D_dagger_layer_units_exponent_1': 9, 'D_dagger_layer_units_exponent_2': 5, 'log_learning_rate': -3.86102570721515, 'log_learning_rate_D': -3.3436513957475698, 'log_learning_rate_D_dagger': -3.2123756609082768, 'training_batch_size': 10, 'training_p': 7}. Best is trial 45 with value: 0.13349680602550507.
Time for this trial:  169.7453899383545
Memory status after this trial: 
Memory allocated:  515.25537109375
Memory cached:  678.0
--------------------  Trial  54   --------------------
Start timing: 
Parameters: 
{'W_layers': 5, 'W_layer_units_exponent_0': 10, 'W_layer_units_exponent_1': 6, 'W_layer_units_exponent_2': 8, 'W_layer_units_exponent_3': 9, 'W_layer_units_exponent_4': 10, 'D_layers': 5, 'D_layer_units_exponent_0': 5, 'D_layer_units_exponent_1': 4, 'D_layer_units_exponent_2': 9, 'D_layer_units_exponent_3': 7, 'D_layer_units_exponent_4': 8, 'D_dagger_layers': 5, 'D_dagger_layer_units_exponent_0': 10, 'D_dagger_layer_units_exponent_1': 8, 'D_dagger_layer_units_exponent_2': 4, 'D_dagger_layer_units_exponent_3': 4, 'D_dagger_layer_units_exponent_4': 9, 'log_learning_rate': -3.9859395396597295, 'log_learning_rate_D': -2.786783888804363, 'log_learning_rate_D_dagger': -2.9500717445513183, 'training_batch_size': 11, 'training_p': 4}
	 epoch  0 training error:  tensor(1.0295, device='cuda:0', grad_fn=<DivBackward0>)
Memory status after this epoch: 
Memory allocated:  346.5859375
Memory cached:  652.0
	 epoch  10 training error:  tensor(0.4629, device='cuda:0', grad_fn=<DivBackward0>)
Memory status after this epoch: 
Memory allocated:  346.5859375
Memory cached:  708.0
	 epoch  20 training error:  tensor(0.4584, device='cuda:0', grad_fn=<DivBackward0>)
Memory status after this epoch: 
Memory allocated:  346.5859375
Memory cached:  720.0
	 epoch  30 training error:  tensor(0.4348, device='cuda:0', grad_fn=<DivBackward0>)
Memory status after this epoch: 
Memory allocated:  346.5859375
Memory cached:  706.0
	 epoch  40 training error:  tensor(0.4207, device='cuda:0', grad_fn=<DivBackward0>)
Memory status after this epoch: 
Memory allocated:  346.5859375
Memory cached:  714.0
	 epoch  50 training error:  tensor(0.4200, device='cuda:0', grad_fn=<DivBackward0>)
Memory status after this epoch: 
Memory allocated:  346.5859375
Memory cached:  716.0
	 epoch  60 training error:  tensor(0.4321, device='cuda:0', grad_fn=<DivBackward0>)
Memory status after this epoch: 
Memory allocated:  346.5859375
Memory cached:  710.0
	 epoch  70 training error:  tensor(0.4093, device='cuda:0', grad_fn=<DivBackward0>)
Memory status after this epoch: 
Memory allocated:  346.5859375
Memory cached:  718.0
	 epoch  80 training error:  tensor(0.4086, device='cuda:0', grad_fn=<DivBackward0>)
Memory status after this epoch: 
Memory allocated:  346.5859375
Memory cached:  704.0
	 epoch  90 training error:  tensor(0.4042, device='cuda:0', grad_fn=<DivBackward0>)
Memory status after this epoch: 
Memory allocated:  346.5859375
Memory cached:  718.0
