[I 2024-01-11 12:07:37,113] Trial 85 finished with value: 0.21115832030773163 and parameters: {'W_layers': 7, 'W_layer_units_exponent_0': 8, 'W_layer_units_exponent_1': 6, 'W_layer_units_exponent_2': 10, 'W_layer_units_exponent_3': 5, 'W_layer_units_exponent_4': 4, 'W_layer_units_exponent_5': 5, 'W_layer_units_exponent_6': 5, 'D_layers': 3, 'D_layer_units_exponent_0': 5, 'D_layer_units_exponent_1': 10, 'D_layer_units_exponent_2': 8, 'D_dagger_layers': 3, 'D_dagger_layer_units_exponent_0': 4, 'D_dagger_layer_units_exponent_1': 10, 'D_dagger_layer_units_exponent_2': 5, 'log_learning_rate': -2.2779394383225235, 'log_learning_rate_D': -2.4702521864556886, 'log_learning_rate_D_dagger': -3.628309727533342, 'training_batch_size': 8, 'training_p': 2}. Best is trial 76 with value: 0.2073042392730713.
Time for this trial:  21.546478271484375
Memory status after this trial: 
Memory allocated:  493.68017578125
Memory cached:  552.0
--------------------  Trial  86   --------------------
Start timing: 
Parameters: 
{'W_layers': 7, 'W_layer_units_exponent_0': 8, 'W_layer_units_exponent_1': 5, 'W_layer_units_exponent_2': 10, 'W_layer_units_exponent_3': 4, 'W_layer_units_exponent_4': 4, 'W_layer_units_exponent_5': 5, 'W_layer_units_exponent_6': 5, 'D_layers': 2, 'D_layer_units_exponent_0': 6, 'D_layer_units_exponent_1': 10, 'D_dagger_layers': 3, 'D_dagger_layer_units_exponent_0': 4, 'D_dagger_layer_units_exponent_1': 10, 'D_dagger_layer_units_exponent_2': 5, 'log_learning_rate': -2.1389217777797964, 'log_learning_rate_D': -2.1999387706593323, 'log_learning_rate_D_dagger': -3.357591011413407, 'training_batch_size': 8, 'training_p': 2}
	 epoch  0 training error:  tensor(0.9326, device='cuda:0', grad_fn=<DivBackward0>)
Memory status after this epoch: 
Memory allocated:  220.2314453125
Memory cached:  340.0
	 epoch  10 training error:  tensor(0.2769, device='cuda:0', grad_fn=<DivBackward0>)
Memory status after this epoch: 
Memory allocated:  220.2314453125
Memory cached:  340.0
	 epoch  20 training error:  tensor(0.2283, device='cuda:0', grad_fn=<DivBackward0>)
Memory status after this epoch: 
Memory allocated:  220.2314453125
Memory cached:  340.0
	 epoch  30 training error:  tensor(0.2183, device='cuda:0', grad_fn=<DivBackward0>)
Memory status after this epoch: 
Memory allocated:  220.2314453125
Memory cached:  340.0
	 epoch  40 training error:  tensor(0.1996, device='cuda:0', grad_fn=<DivBackward0>)
Memory status after this epoch: 
Memory allocated:  220.2314453125
Memory cached:  340.0
	 epoch  50 training error:  tensor(0.1903, device='cuda:0', grad_fn=<DivBackward0>)
Memory status after this epoch: 
Memory allocated:  220.2314453125
Memory cached:  340.0
	 epoch  60 training error:  tensor(0.1857, device='cuda:0', grad_fn=<DivBackward0>)
Memory status after this epoch: 
Memory allocated:  220.2314453125
Memory cached:  340.0
	 epoch  70 training error:  tensor(0.1847, device='cuda:0', grad_fn=<DivBackward0>)
Memory status after this epoch: 
Memory allocated:  220.2314453125
Memory cached:  340.0
	 epoch  80 training error:  tensor(0.1851, device='cuda:0', grad_fn=<DivBackward0>)
Memory status after this epoch: 
Memory allocated:  220.2314453125
Memory cached:  340.0
	 epoch  90 training error:  tensor(0.1857, device='cuda:0', grad_fn=<DivBackward0>)
Memory status after this epoch: 
Memory allocated:  220.2314453125
Memory cached:  340.0
[I 2024-01-11 12:07:58,781] Trial 86 finished with value: 0.20842663943767548 and parameters: {'W_layers': 7, 'W_layer_units_exponent_0': 8, 'W_layer_units_exponent_1': 5, 'W_layer_units_exponent_2': 10, 'W_layer_units_exponent_3': 4, 'W_layer_units_exponent_4': 4, 'W_layer_units_exponent_5': 5, 'W_layer_units_exponent_6': 5, 'D_layers': 2, 'D_layer_units_exponent_0': 6, 'D_layer_units_exponent_1': 10, 'D_dagger_layers': 3, 'D_dagger_layer_units_exponent_0': 4, 'D_dagger_layer_units_exponent_1': 10, 'D_dagger_layer_units_exponent_2': 5, 'log_learning_rate': -2.1389217777797964, 'log_learning_rate_D': -2.1999387706593323, 'log_learning_rate_D_dagger': -3.357591011413407, 'training_batch_size': 8, 'training_p': 2}. Best is trial 76 with value: 0.2073042392730713.
Time for this trial:  21.353987455368042
Memory status after this trial: 
Memory allocated:  488.11376953125
Memory cached:  544.0
--------------------  Trial  87   --------------------
Start timing: 
Parameters: 
{'W_layers': 7, 'W_layer_units_exponent_0': 7, 'W_layer_units_exponent_1': 6, 'W_layer_units_exponent_2': 10, 'W_layer_units_exponent_3': 5, 'W_layer_units_exponent_4': 4, 'W_layer_units_exponent_5': 6, 'W_layer_units_exponent_6': 6, 'D_layers': 3, 'D_layer_units_exponent_0': 7, 'D_layer_units_exponent_1': 10, 'D_layer_units_exponent_2': 8, 'D_dagger_layers': 3, 'D_dagger_layer_units_exponent_0': 4, 'D_dagger_layer_units_exponent_1': 10, 'D_dagger_layer_units_exponent_2': 5, 'log_learning_rate': -2.339214997337217, 'log_learning_rate_D': -2.3410835428941015, 'log_learning_rate_D_dagger': -3.2387431661824193, 'training_batch_size': 8, 'training_p': 2}
	 epoch  0 training error:  tensor(1.0940, device='cuda:0', grad_fn=<DivBackward0>)
Memory status after this epoch: 
Memory allocated:  222.2841796875
Memory cached:  340.0
	 epoch  10 training error:  tensor(0.2506, device='cuda:0', grad_fn=<DivBackward0>)
Memory status after this epoch: 
Memory allocated:  222.2841796875
Memory cached:  340.0
	 epoch  20 training error:  tensor(0.2161, device='cuda:0', grad_fn=<DivBackward0>)
Memory status after this epoch: 
Memory allocated:  222.2841796875
Memory cached:  340.0
	 epoch  30 training error:  tensor(0.1966, device='cuda:0', grad_fn=<DivBackward0>)
Memory status after this epoch: 
Memory allocated:  222.2841796875
Memory cached:  340.0
	 epoch  40 training error:  tensor(0.1860, device='cuda:0', grad_fn=<DivBackward0>)
Memory status after this epoch: 
Memory allocated:  222.2841796875
Memory cached:  340.0
	 epoch  50 training error:  tensor(0.1892, device='cuda:0', grad_fn=<DivBackward0>)
Memory status after this epoch: 
Memory allocated:  222.2841796875
Memory cached:  340.0
	 epoch  60 training error:  tensor(0.1860, device='cuda:0', grad_fn=<DivBackward0>)
Memory status after this epoch: 
Memory allocated:  222.2841796875
Memory cached:  340.0
	 epoch  70 training error:  tensor(0.1849, device='cuda:0', grad_fn=<DivBackward0>)
Memory status after this epoch: 
Memory allocated:  222.2841796875
Memory cached:  340.0
	 epoch  80 training error:  tensor(0.1844, device='cuda:0', grad_fn=<DivBackward0>)
Memory status after this epoch: 
Memory allocated:  222.2841796875
Memory cached:  340.0
	 epoch  90 training error:  tensor(0.1850, device='cuda:0', grad_fn=<DivBackward0>)
Memory status after this epoch: 
Memory allocated:  222.2841796875
Memory cached:  340.0
[I 2024-01-11 12:08:20,241] Trial 87 finished with value: 0.20758084952831268 and parameters: {'W_layers': 7, 'W_layer_units_exponent_0': 7, 'W_layer_units_exponent_1': 6, 'W_layer_units_exponent_2': 10, 'W_layer_units_exponent_3': 5, 'W_layer_units_exponent_4': 4, 'W_layer_units_exponent_5': 6, 'W_layer_units_exponent_6': 6, 'D_layers': 3, 'D_layer_units_exponent_0': 7, 'D_layer_units_exponent_1': 10, 'D_layer_units_exponent_2': 8, 'D_dagger_layers': 3, 'D_dagger_layer_units_exponent_0': 4, 'D_dagger_layer_units_exponent_1': 10, 'D_dagger_layer_units_exponent_2': 5, 'log_learning_rate': -2.339214997337217, 'log_learning_rate_D': -2.3410835428941015, 'log_learning_rate_D_dagger': -3.2387431661824193, 'training_batch_size': 8, 'training_p': 2}. Best is trial 76 with value: 0.2073042392730713.
Time for this trial:  21.052475690841675
Memory status after this trial: 
Memory allocated:  486.31884765625
Memory cached:  558.0
--------------------  Trial  88   --------------------
Start timing: 
Parameters: 
{'W_layers': 7, 'W_layer_units_exponent_0': 7, 'W_layer_units_exponent_1': 6, 'W_layer_units_exponent_2': 10, 'W_layer_units_exponent_3': 5, 'W_layer_units_exponent_4': 5, 'W_layer_units_exponent_5': 6, 'W_layer_units_exponent_6': 6, 'D_layers': 2, 'D_layer_units_exponent_0': 7, 'D_layer_units_exponent_1': 10, 'D_dagger_layers': 3, 'D_dagger_layer_units_exponent_0': 4, 'D_dagger_layer_units_exponent_1': 10, 'D_dagger_layer_units_exponent_2': 5, 'log_learning_rate': -2.3730568882932945, 'log_learning_rate_D': -2.335232523137953, 'log_learning_rate_D_dagger': -3.191006414040335, 'training_batch_size': 7, 'training_p': 2}
	 epoch  0 training error:  tensor(1.0393, device='cuda:0', grad_fn=<DivBackward0>)
Memory status after this epoch: 
Memory allocated:  221.2607421875
Memory cached:  340.0
	 epoch  10 training error:  tensor(0.2484, device='cuda:0', grad_fn=<DivBackward0>)
Memory status after this epoch: 
Memory allocated:  221.2607421875
Memory cached:  340.0
	 epoch  20 training error:  tensor(0.2072, device='cuda:0', grad_fn=<DivBackward0>)
Memory status after this epoch: 
Memory allocated:  221.2607421875
Memory cached:  340.0
	 epoch  30 training error:  tensor(0.1958, device='cuda:0', grad_fn=<DivBackward0>)
Memory status after this epoch: 
Memory allocated:  221.2607421875
Memory cached:  340.0
	 epoch  40 training error:  tensor(0.1913, device='cuda:0', grad_fn=<DivBackward0>)
Memory status after this epoch: 
Memory allocated:  221.2607421875
Memory cached:  340.0
	 epoch  50 training error:  tensor(0.1886, device='cuda:0', grad_fn=<DivBackward0>)
Memory status after this epoch: 
Memory allocated:  221.2607421875
Memory cached:  340.0
	 epoch  60 training error:  tensor(0.1904, device='cuda:0', grad_fn=<DivBackward0>)
Memory status after this epoch: 
Memory allocated:  221.2607421875
Memory cached:  340.0
	 epoch  70 training error:  tensor(0.1899, device='cuda:0', grad_fn=<DivBackward0>)
Memory status after this epoch: 
Memory allocated:  221.2607421875
Memory cached:  340.0
	 epoch  80 training error:  tensor(0.1855, device='cuda:0', grad_fn=<DivBackward0>)
Memory status after this epoch: 
Memory allocated:  221.2607421875
Memory cached:  340.0
	 epoch  90 training error:  tensor(0.1925, device='cuda:0', grad_fn=<DivBackward0>)
Memory status after this epoch: 
Memory allocated:  221.2607421875
Memory cached:  340.0
[I 2024-01-11 12:08:45,147] Trial 88 finished with value: 0.21536412835121155 and parameters: {'W_layers': 7, 'W_layer_units_exponent_0': 7, 'W_layer_units_exponent_1': 6, 'W_layer_units_exponent_2': 10, 'W_layer_units_exponent_3': 5, 'W_layer_units_exponent_4': 5, 'W_layer_units_exponent_5': 6, 'W_layer_units_exponent_6': 6, 'D_layers': 2, 'D_layer_units_exponent_0': 7, 'D_layer_units_exponent_1': 10, 'D_dagger_layers': 3, 'D_dagger_layer_units_exponent_0': 4, 'D_dagger_layer_units_exponent_1': 10, 'D_dagger_layer_units_exponent_2': 5, 'log_learning_rate': -2.3730568882932945, 'log_learning_rate_D': -2.335232523137953, 'log_learning_rate_D_dagger': -3.191006414040335, 'training_batch_size': 7, 'training_p': 2}. Best is trial 76 with value: 0.2073042392730713.
Time for this trial:  24.568721771240234
Memory status after this trial: 
Memory allocated:  488.03955078125
Memory cached:  558.0
--------------------  Trial  89   --------------------
Start timing: 
Parameters: 
{'W_layers': 7, 'W_layer_units_exponent_0': 7, 'W_layer_units_exponent_1': 6, 'W_layer_units_exponent_2': 10, 'W_layer_units_exponent_3': 5, 'W_layer_units_exponent_4': 4, 'W_layer_units_exponent_5': 6, 'W_layer_units_exponent_6': 6, 'D_layers': 3, 'D_layer_units_exponent_0': 7, 'D_layer_units_exponent_1': 9, 'D_layer_units_exponent_2': 7, 'D_dagger_layers': 3, 'D_dagger_layer_units_exponent_0': 4, 'D_dagger_layer_units_exponent_1': 10, 'D_dagger_layer_units_exponent_2': 5, 'log_learning_rate': -2.068697997458528, 'log_learning_rate_D': -2.7089489563656066, 'log_learning_rate_D_dagger': -3.640475465779549, 'training_batch_size': 8, 'training_p': 2}
	 epoch  0 training error:  tensor(0.8948, device='cuda:0', grad_fn=<DivBackward0>)
Memory status after this epoch: 
Memory allocated:  221.28125
Memory cached:  340.0
	 epoch  10 training error:  tensor(0.2842, device='cuda:0', grad_fn=<DivBackward0>)
Memory status after this epoch: 
Memory allocated:  221.28125
Memory cached:  340.0
	 epoch  20 training error:  tensor(0.2566, device='cuda:0', grad_fn=<DivBackward0>)
Memory status after this epoch: 
Memory allocated:  221.28125
Memory cached:  340.0
	 epoch  30 training error:  tensor(0.2271, device='cuda:0', grad_fn=<DivBackward0>)
Memory status after this epoch: 
Memory allocated:  221.28125
Memory cached:  340.0
	 epoch  40 training error:  tensor(0.2168, device='cuda:0', grad_fn=<DivBackward0>)
Memory status after this epoch: 
Memory allocated:  221.28125
Memory cached:  340.0
	 epoch  50 training error:  tensor(0.2086, device='cuda:0', grad_fn=<DivBackward0>)
Memory status after this epoch: 
Memory allocated:  221.28125
Memory cached:  340.0
	 epoch  60 training error:  tensor(0.2058, device='cuda:0', grad_fn=<DivBackward0>)
Memory status after this epoch: 
Memory allocated:  221.28125
Memory cached:  340.0
	 epoch  70 training error:  tensor(0.2048, device='cuda:0', grad_fn=<DivBackward0>)
Memory status after this epoch: 
Memory allocated:  221.28125
Memory cached:  340.0
	 epoch  80 training error:  tensor(0.1919, device='cuda:0', grad_fn=<DivBackward0>)
Memory status after this epoch: 
Memory allocated:  221.28125
Memory cached:  340.0
	 epoch  90 training error:  tensor(0.1877, device='cuda:0', grad_fn=<DivBackward0>)
Memory status after this epoch: 
Memory allocated:  221.28125
Memory cached:  340.0
[I 2024-01-11 12:09:06,579] Trial 89 finished with value: 0.20964303612709045 and parameters: {'W_layers': 7, 'W_layer_units_exponent_0': 7, 'W_layer_units_exponent_1': 6, 'W_layer_units_exponent_2': 10, 'W_layer_units_exponent_3': 5, 'W_layer_units_exponent_4': 4, 'W_layer_units_exponent_5': 6, 'W_layer_units_exponent_6': 6, 'D_layers': 3, 'D_layer_units_exponent_0': 7, 'D_layer_units_exponent_1': 9, 'D_layer_units_exponent_2': 7, 'D_dagger_layers': 3, 'D_dagger_layer_units_exponent_0': 4, 'D_dagger_layer_units_exponent_1': 10, 'D_dagger_layer_units_exponent_2': 5, 'log_learning_rate': -2.068697997458528, 'log_learning_rate_D': -2.7089489563656066, 'log_learning_rate_D_dagger': -3.640475465779549, 'training_batch_size': 8, 'training_p': 2}. Best is trial 76 with value: 0.2073042392730713.
Time for this trial:  21.081862926483154
Memory status after this trial: 
Memory allocated:  486.31884765625
Memory cached:  558.0
--------------------  Trial  90   --------------------
Start timing: 
Parameters: 
{'W_layers': 7, 'W_layer_units_exponent_0': 7, 'W_layer_units_exponent_1': 5, 'W_layer_units_exponent_2': 10, 'W_layer_units_exponent_3': 4, 'W_layer_units_exponent_4': 5, 'W_layer_units_exponent_5': 5, 'W_layer_units_exponent_6': 5, 'D_layers': 3, 'D_layer_units_exponent_0': 5, 'D_layer_units_exponent_1': 10, 'D_layer_units_exponent_2': 8, 'D_dagger_layers': 3, 'D_dagger_layer_units_exponent_0': 4, 'D_dagger_layer_units_exponent_1': 10, 'D_dagger_layer_units_exponent_2': 5, 'log_learning_rate': -2.2643792990731053, 'log_learning_rate_D': -2.803074536904174, 'log_learning_rate_D_dagger': -3.4849234336367765, 'training_batch_size': 8, 'training_p': 3}
	 epoch  0 training error:  tensor(1.1571, device='cuda:0', grad_fn=<DivBackward0>)
Memory status after this epoch: 
Memory allocated:  221.0498046875
Memory cached:  340.0
	 epoch  10 training error:  tensor(0.3173, device='cuda:0', grad_fn=<DivBackward0>)
Memory status after this epoch: 
Memory allocated:  221.0498046875
Memory cached:  340.0
	 epoch  20 training error:  tensor(0.2701, device='cuda:0', grad_fn=<DivBackward0>)
Memory status after this epoch: 
Memory allocated:  221.0498046875
Memory cached:  340.0
	 epoch  30 training error:  tensor(0.2608, device='cuda:0', grad_fn=<DivBackward0>)
Memory status after this epoch: 
Memory allocated:  221.0498046875
Memory cached:  340.0
	 epoch  40 training error:  tensor(0.2545, device='cuda:0', grad_fn=<DivBackward0>)
Memory status after this epoch: 
Memory allocated:  221.0498046875
Memory cached:  340.0
	 epoch  50 training error:  tensor(0.2479, device='cuda:0', grad_fn=<DivBackward0>)
Memory status after this epoch: 
Memory allocated:  221.0498046875
Memory cached:  340.0
	 epoch  60 training error:  tensor(0.2430, device='cuda:0', grad_fn=<DivBackward0>)
Memory status after this epoch: 
Memory allocated:  221.0498046875
Memory cached:  340.0
	 epoch  70 training error:  tensor(0.2418, device='cuda:0', grad_fn=<DivBackward0>)
Memory status after this epoch: 
Memory allocated:  221.0498046875
Memory cached:  340.0
	 epoch  80 training error:  tensor(0.2416, device='cuda:0', grad_fn=<DivBackward0>)
Memory status after this epoch: 
Memory allocated:  221.0498046875
Memory cached:  340.0
	 epoch  90 training error:  tensor(0.2411, device='cuda:0', grad_fn=<DivBackward0>)
Memory status after this epoch: 
Memory allocated:  221.0498046875
Memory cached:  340.0
[I 2024-01-11 12:09:28,051] Trial 90 finished with value: 0.21031735837459564 and parameters: {'W_layers': 7, 'W_layer_units_exponent_0': 7, 'W_layer_units_exponent_1': 5, 'W_layer_units_exponent_2': 10, 'W_layer_units_exponent_3': 4, 'W_layer_units_exponent_4': 5, 'W_layer_units_exponent_5': 5, 'W_layer_units_exponent_6': 5, 'D_layers': 3, 'D_layer_units_exponent_0': 5, 'D_layer_units_exponent_1': 10, 'D_layer_units_exponent_2': 8, 'D_dagger_layers': 3, 'D_dagger_layer_units_exponent_0': 4, 'D_dagger_layer_units_exponent_1': 10, 'D_dagger_layer_units_exponent_2': 5, 'log_learning_rate': -2.2643792990731053, 'log_learning_rate_D': -2.803074536904174, 'log_learning_rate_D_dagger': -3.4849234336367765, 'training_batch_size': 8, 'training_p': 3}. Best is trial 76 with value: 0.2073042392730713.
Time for this trial:  21.127898931503296
Memory status after this trial: 
Memory allocated:  476.12353515625
Memory cached:  546.0
--------------------  Trial  91   --------------------
Start timing: 
Parameters: 
{'W_layers': 7, 'W_layer_units_exponent_0': 8, 'W_layer_units_exponent_1': 6, 'W_layer_units_exponent_2': 10, 'W_layer_units_exponent_3': 5, 'W_layer_units_exponent_4': 4, 'W_layer_units_exponent_5': 5, 'W_layer_units_exponent_6': 6, 'D_layers': 3, 'D_layer_units_exponent_0': 6, 'D_layer_units_exponent_1': 10, 'D_layer_units_exponent_2': 8, 'D_dagger_layers': 3, 'D_dagger_layer_units_exponent_0': 4, 'D_dagger_layer_units_exponent_1': 10, 'D_dagger_layer_units_exponent_2': 5, 'log_learning_rate': -2.1893030076664406, 'log_learning_rate_D': -2.50526651745299, 'log_learning_rate_D_dagger': -3.30784632261698, 'training_batch_size': 8, 'training_p': 2}
	 epoch  0 training error:  tensor(1.0722, device='cuda:0', grad_fn=<DivBackward0>)
Memory status after this epoch: 
Memory allocated:  222.1240234375
Memory cached:  340.0
	 epoch  10 training error:  tensor(0.2501, device='cuda:0', grad_fn=<DivBackward0>)
Memory status after this epoch: 
Memory allocated:  222.1240234375
Memory cached:  340.0
	 epoch  20 training error:  tensor(0.2129, device='cuda:0', grad_fn=<DivBackward0>)
Memory status after this epoch: 
Memory allocated:  222.1240234375
Memory cached:  340.0
	 epoch  30 training error:  tensor(0.2064, device='cuda:0', grad_fn=<DivBackward0>)
Memory status after this epoch: 
Memory allocated:  222.1240234375
Memory cached:  340.0
	 epoch  40 training error:  tensor(0.2036, device='cuda:0', grad_fn=<DivBackward0>)
Memory status after this epoch: 
Memory allocated:  222.1240234375
Memory cached:  340.0
	 epoch  50 training error:  tensor(0.1882, device='cuda:0', grad_fn=<DivBackward0>)
Memory status after this epoch: 
Memory allocated:  222.1240234375
Memory cached:  340.0
	 epoch  60 training error:  tensor(0.1845, device='cuda:0', grad_fn=<DivBackward0>)
Memory status after this epoch: 
Memory allocated:  222.1240234375
Memory cached:  340.0
	 epoch  70 training error:  tensor(0.1863, device='cuda:0', grad_fn=<DivBackward0>)
Memory status after this epoch: 
Memory allocated:  222.1240234375
Memory cached:  340.0
	 epoch  80 training error:  tensor(0.1961, device='cuda:0', grad_fn=<DivBackward0>)
Memory status after this epoch: 
Memory allocated:  222.1240234375
Memory cached:  340.0
	 epoch  90 training error:  tensor(0.1955, device='cuda:0', grad_fn=<DivBackward0>)
Memory status after this epoch: 
Memory allocated:  222.1240234375
Memory cached:  340.0
