[I 2023-12-03 00:12:53,364] Trial 14 finished with value: 0.09220067411661148 and parameters: {'W_layers': 7, 'W_layer_units_exponent_0': 8, 'W_layer_units_exponent_1': 6, 'W_layer_units_exponent_2': 9, 'W_layer_units_exponent_3': 10, 'W_layer_units_exponent_4': 7, 'W_layer_units_exponent_5': 6, 'W_layer_units_exponent_6': 9, 'D_layers': 7, 'D_layer_units_exponent_0': 9, 'D_layer_units_exponent_1': 6, 'D_layer_units_exponent_2': 7, 'D_layer_units_exponent_3': 7, 'D_layer_units_exponent_4': 4, 'D_layer_units_exponent_5': 9, 'D_layer_units_exponent_6': 10, 'D_dagger_layers': 3, 'D_dagger_layer_units_exponent_0': 4, 'D_dagger_layer_units_exponent_1': 9, 'D_dagger_layer_units_exponent_2': 6, 'log_learning_rate': -3.5846237793032962, 'log_learning_rate_D': -3.0099315133565168, 'log_learning_rate_D_dagger': -3.4935782288396737, 'training_batch_size': 6, 'training_p': 2}. Best is trial 14 with value: 0.09220067411661148.
res:  tensor(0.0922, device='cuda:0', grad_fn=<DivBackward0>)
self.bestValue:  tensor(0.0970, device='cuda:0', grad_fn=<DivBackward0>)
Save this model!
Time for this trial:  380.5626275539398
Memory status after this trial: 
Memory allocated:  293.62890625
Memory cached:  522.0
--------------------  Trial  15   --------------------
Start timing: 
Parameters: 
{'W_layers': 7, 'W_layer_units_exponent_0': 8, 'W_layer_units_exponent_1': 6, 'W_layer_units_exponent_2': 9, 'W_layer_units_exponent_3': 9, 'W_layer_units_exponent_4': 8, 'W_layer_units_exponent_5': 6, 'W_layer_units_exponent_6': 7, 'D_layers': 7, 'D_layer_units_exponent_0': 9, 'D_layer_units_exponent_1': 7, 'D_layer_units_exponent_2': 7, 'D_layer_units_exponent_3': 6, 'D_layer_units_exponent_4': 4, 'D_layer_units_exponent_5': 10, 'D_layer_units_exponent_6': 8, 'D_dagger_layers': 3, 'D_dagger_layer_units_exponent_0': 8, 'D_dagger_layer_units_exponent_1': 10, 'D_dagger_layer_units_exponent_2': 8, 'log_learning_rate': -3.730087478659779, 'log_learning_rate_D': -2.7710290343607813, 'log_learning_rate_D_dagger': -3.4319190214114044, 'training_batch_size': 7, 'training_p': 2}
	 epoch  0 training error:  tensor(0.9974, device='cuda:0', grad_fn=<DivBackward0>)
Memory status after this epoch: 
Memory allocated:  314.494140625
Memory cached:  500.0
	 epoch  10 training error:  tensor(0.1213, device='cuda:0', grad_fn=<DivBackward0>)
Memory status after this epoch: 
Memory allocated:  314.494140625
Memory cached:  508.0
	 epoch  20 training error:  tensor(0.0925, device='cuda:0', grad_fn=<DivBackward0>)
Memory status after this epoch: 
Memory allocated:  314.494140625
Memory cached:  510.0
	 epoch  30 training error:  tensor(0.0928, device='cuda:0', grad_fn=<DivBackward0>)
Memory status after this epoch: 
Memory allocated:  314.494140625
Memory cached:  508.0
	 epoch  40 training error:  tensor(0.0878, device='cuda:0', grad_fn=<DivBackward0>)
Memory status after this epoch: 
Memory allocated:  314.494140625
Memory cached:  510.0
	 epoch  50 training error:  tensor(0.0857, device='cuda:0', grad_fn=<DivBackward0>)
Memory status after this epoch: 
Memory allocated:  314.494140625
Memory cached:  510.0
	 epoch  60 training error:  tensor(0.0799, device='cuda:0', grad_fn=<DivBackward0>)
Memory status after this epoch: 
Memory allocated:  314.494140625
Memory cached:  512.0
	 epoch  70 training error:  tensor(0.0627, device='cuda:0', grad_fn=<DivBackward0>)
Memory status after this epoch: 
Memory allocated:  314.494140625
Memory cached:  508.0
	 epoch  80 training error:  tensor(0.0538, device='cuda:0', grad_fn=<DivBackward0>)
Memory status after this epoch: 
Memory allocated:  314.494140625
Memory cached:  510.0
	 epoch  90 training error:  tensor(0.0342, device='cuda:0', grad_fn=<DivBackward0>)
Memory status after this epoch: 
Memory allocated:  314.494140625
Memory cached:  508.0
[I 2023-12-03 00:16:39,946] Trial 15 finished with value: 0.027088839560747147 and parameters: {'W_layers': 7, 'W_layer_units_exponent_0': 8, 'W_layer_units_exponent_1': 6, 'W_layer_units_exponent_2': 9, 'W_layer_units_exponent_3': 9, 'W_layer_units_exponent_4': 8, 'W_layer_units_exponent_5': 6, 'W_layer_units_exponent_6': 7, 'D_layers': 7, 'D_layer_units_exponent_0': 9, 'D_layer_units_exponent_1': 7, 'D_layer_units_exponent_2': 7, 'D_layer_units_exponent_3': 6, 'D_layer_units_exponent_4': 4, 'D_layer_units_exponent_5': 10, 'D_layer_units_exponent_6': 8, 'D_dagger_layers': 3, 'D_dagger_layer_units_exponent_0': 8, 'D_dagger_layer_units_exponent_1': 10, 'D_dagger_layer_units_exponent_2': 8, 'log_learning_rate': -3.730087478659779, 'log_learning_rate_D': -2.7710290343607813, 'log_learning_rate_D_dagger': -3.4319190214114044, 'training_batch_size': 7, 'training_p': 2}. Best is trial 15 with value: 0.027088839560747147.
res:  tensor(0.0271, device='cuda:0', grad_fn=<DivBackward0>)
self.bestValue:  tensor(0.0922, device='cuda:0', grad_fn=<DivBackward0>)
Save this model!
Time for this trial:  226.34226489067078
Memory status after this trial: 
Memory allocated:  296.3984375
Memory cached:  568.0
--------------------  Trial  16   --------------------
Start timing: 
Parameters: 
{'W_layers': 6, 'W_layer_units_exponent_0': 8, 'W_layer_units_exponent_1': 7, 'W_layer_units_exponent_2': 8, 'W_layer_units_exponent_3': 8, 'W_layer_units_exponent_4': 8, 'W_layer_units_exponent_5': 7, 'D_layers': 6, 'D_layer_units_exponent_0': 9, 'D_layer_units_exponent_1': 7, 'D_layer_units_exponent_2': 7, 'D_layer_units_exponent_3': 6, 'D_layer_units_exponent_4': 4, 'D_layer_units_exponent_5': 10, 'D_dagger_layers': 3, 'D_dagger_layer_units_exponent_0': 8, 'D_dagger_layer_units_exponent_1': 10, 'D_dagger_layer_units_exponent_2': 8, 'log_learning_rate': -4.9201782264323, 'log_learning_rate_D': -2.75006055554051, 'log_learning_rate_D_dagger': -3.394312668699472, 'training_batch_size': 7, 'training_p': 2}
	 epoch  0 training error:  tensor(1.0203, device='cuda:0', grad_fn=<DivBackward0>)
Memory status after this epoch: 
Memory allocated:  309.6865234375
Memory cached:  568.0
	 epoch  10 training error:  tensor(0.1038, device='cuda:0', grad_fn=<DivBackward0>)
Memory status after this epoch: 
Memory allocated:  309.6865234375
Memory cached:  582.0
	 epoch  20 training error:  tensor(0.0999, device='cuda:0', grad_fn=<DivBackward0>)
Memory status after this epoch: 
Memory allocated:  309.6865234375
Memory cached:  582.0
	 epoch  30 training error:  tensor(0.0901, device='cuda:0', grad_fn=<DivBackward0>)
Memory status after this epoch: 
Memory allocated:  309.6865234375
Memory cached:  582.0
	 epoch  40 training error:  tensor(0.0870, device='cuda:0', grad_fn=<DivBackward0>)
Memory status after this epoch: 
Memory allocated:  309.6865234375
Memory cached:  582.0
	 epoch  50 training error:  tensor(0.0783, device='cuda:0', grad_fn=<DivBackward0>)
Memory status after this epoch: 
Memory allocated:  309.6865234375
Memory cached:  582.0
	 epoch  60 training error:  tensor(0.0355, device='cuda:0', grad_fn=<DivBackward0>)
Memory status after this epoch: 
Memory allocated:  309.6865234375
Memory cached:  582.0
	 epoch  70 training error:  tensor(0.0567, device='cuda:0', grad_fn=<DivBackward0>)
Memory status after this epoch: 
Memory allocated:  309.6865234375
Memory cached:  582.0
	 epoch  80 training error:  tensor(0.0335, device='cuda:0', grad_fn=<DivBackward0>)
Memory status after this epoch: 
Memory allocated:  309.6865234375
Memory cached:  582.0
	 epoch  90 training error:  tensor(0.0234, device='cuda:0', grad_fn=<DivBackward0>)
Memory status after this epoch: 
Memory allocated:  309.6865234375
Memory cached:  582.0
[I 2023-12-03 00:20:03,270] Trial 16 finished with value: 0.07568705081939697 and parameters: {'W_layers': 6, 'W_layer_units_exponent_0': 8, 'W_layer_units_exponent_1': 7, 'W_layer_units_exponent_2': 8, 'W_layer_units_exponent_3': 8, 'W_layer_units_exponent_4': 8, 'W_layer_units_exponent_5': 7, 'D_layers': 6, 'D_layer_units_exponent_0': 9, 'D_layer_units_exponent_1': 7, 'D_layer_units_exponent_2': 7, 'D_layer_units_exponent_3': 6, 'D_layer_units_exponent_4': 4, 'D_layer_units_exponent_5': 10, 'D_dagger_layers': 3, 'D_dagger_layer_units_exponent_0': 8, 'D_dagger_layer_units_exponent_1': 10, 'D_dagger_layer_units_exponent_2': 8, 'log_learning_rate': -4.9201782264323, 'log_learning_rate_D': -2.75006055554051, 'log_learning_rate_D_dagger': -3.394312668699472, 'training_batch_size': 7, 'training_p': 2}. Best is trial 15 with value: 0.027088839560747147.
Time for this trial:  203.09783053398132
Memory status after this trial: 
Memory allocated:  542.22265625
Memory cached:  576.0
--------------------  Trial  17   --------------------
Start timing: 
Parameters: 
{'W_layers': 6, 'W_layer_units_exponent_0': 8, 'W_layer_units_exponent_1': 10, 'W_layer_units_exponent_2': 8, 'W_layer_units_exponent_3': 8, 'W_layer_units_exponent_4': 9, 'W_layer_units_exponent_5': 7, 'D_layers': 6, 'D_layer_units_exponent_0': 9, 'D_layer_units_exponent_1': 7, 'D_layer_units_exponent_2': 7, 'D_layer_units_exponent_3': 5, 'D_layer_units_exponent_4': 5, 'D_layer_units_exponent_5': 10, 'D_dagger_layers': 4, 'D_dagger_layer_units_exponent_0': 8, 'D_dagger_layer_units_exponent_1': 10, 'D_dagger_layer_units_exponent_2': 9, 'D_dagger_layer_units_exponent_3': 10, 'log_learning_rate': -4.971891920093036, 'log_learning_rate_D': -2.666352405981372, 'log_learning_rate_D_dagger': -3.216233503914771, 'training_batch_size': 7, 'training_p': 3}
	 epoch  0 training error:  tensor(0.9926, device='cuda:0', grad_fn=<DivBackward0>)
Memory status after this epoch: 
Memory allocated:  330.4228515625
Memory cached:  590.0
	 epoch  10 training error:  tensor(0.1490, device='cuda:0', grad_fn=<DivBackward0>)
Memory status after this epoch: 
Memory allocated:  330.4228515625
Memory cached:  596.0
	 epoch  20 training error:  tensor(0.1199, device='cuda:0', grad_fn=<DivBackward0>)
Memory status after this epoch: 
Memory allocated:  330.4228515625
Memory cached:  596.0
	 epoch  30 training error:  tensor(0.1270, device='cuda:0', grad_fn=<DivBackward0>)
Memory status after this epoch: 
Memory allocated:  330.4228515625
Memory cached:  596.0
	 epoch  40 training error:  tensor(0.1149, device='cuda:0', grad_fn=<DivBackward0>)
Memory status after this epoch: 
Memory allocated:  330.4228515625
Memory cached:  596.0
	 epoch  50 training error:  tensor(0.1123, device='cuda:0', grad_fn=<DivBackward0>)
Memory status after this epoch: 
Memory allocated:  330.4228515625
Memory cached:  598.0
	 epoch  60 training error:  tensor(0.0821, device='cuda:0', grad_fn=<DivBackward0>)
Memory status after this epoch: 
Memory allocated:  330.4228515625
Memory cached:  598.0
	 epoch  70 training error:  tensor(0.1020, device='cuda:0', grad_fn=<DivBackward0>)
Memory status after this epoch: 
Memory allocated:  330.4228515625
Memory cached:  600.0
	 epoch  80 training error:  tensor(0.0415, device='cuda:0', grad_fn=<DivBackward0>)
Memory status after this epoch: 
Memory allocated:  330.4228515625
Memory cached:  598.0
	 epoch  90 training error:  tensor(0.0427, device='cuda:0', grad_fn=<DivBackward0>)
Memory status after this epoch: 
Memory allocated:  330.4228515625
Memory cached:  598.0
[I 2023-12-03 00:23:52,427] Trial 17 finished with value: 0.08314696699380875 and parameters: {'W_layers': 6, 'W_layer_units_exponent_0': 8, 'W_layer_units_exponent_1': 10, 'W_layer_units_exponent_2': 8, 'W_layer_units_exponent_3': 8, 'W_layer_units_exponent_4': 9, 'W_layer_units_exponent_5': 7, 'D_layers': 6, 'D_layer_units_exponent_0': 9, 'D_layer_units_exponent_1': 7, 'D_layer_units_exponent_2': 7, 'D_layer_units_exponent_3': 5, 'D_layer_units_exponent_4': 5, 'D_layer_units_exponent_5': 10, 'D_dagger_layers': 4, 'D_dagger_layer_units_exponent_0': 8, 'D_dagger_layer_units_exponent_1': 10, 'D_dagger_layer_units_exponent_2': 9, 'D_dagger_layer_units_exponent_3': 10, 'log_learning_rate': -4.971891920093036, 'log_learning_rate_D': -2.666352405981372, 'log_learning_rate_D_dagger': -3.216233503914771, 'training_batch_size': 7, 'training_p': 3}. Best is trial 15 with value: 0.027088839560747147.
Time for this trial:  228.8767762184143
Memory status after this trial: 
Memory allocated:  675.59912109375
Memory cached:  698.0
--------------------  Trial  18   --------------------
Start timing: 
Parameters: 
{'W_layers': 5, 'W_layer_units_exponent_0': 10, 'W_layer_units_exponent_1': 7, 'W_layer_units_exponent_2': 6, 'W_layer_units_exponent_3': 7, 'W_layer_units_exponent_4': 8, 'D_layers': 7, 'D_layer_units_exponent_0': 7, 'D_layer_units_exponent_1': 7, 'D_layer_units_exponent_2': 6, 'D_layer_units_exponent_3': 6, 'D_layer_units_exponent_4': 5, 'D_layer_units_exponent_5': 10, 'D_layer_units_exponent_6': 7, 'D_dagger_layers': 3, 'D_dagger_layer_units_exponent_0': 8, 'D_dagger_layer_units_exponent_1': 10, 'D_dagger_layer_units_exponent_2': 8, 'log_learning_rate': -4.127513173912057, 'log_learning_rate_D': -2.6956016730521397, 'log_learning_rate_D_dagger': -4.263860540838122, 'training_batch_size': 10, 'training_p': 3}
	 epoch  0 training error:  tensor(1.0342, device='cuda:0', grad_fn=<DivBackward0>)
Memory status after this epoch: 
Memory allocated:  310.2607421875
Memory cached:  566.0
	 epoch  10 training error:  tensor(0.4950, device='cuda:0', grad_fn=<DivBackward0>)
Memory status after this epoch: 
Memory allocated:  310.2607421875
Memory cached:  582.0
	 epoch  20 training error:  tensor(0.1956, device='cuda:0', grad_fn=<DivBackward0>)
Memory status after this epoch: 
Memory allocated:  310.2607421875
Memory cached:  584.0
	 epoch  30 training error:  tensor(0.1306, device='cuda:0', grad_fn=<DivBackward0>)
Memory status after this epoch: 
Memory allocated:  310.2607421875
Memory cached:  582.0
	 epoch  40 training error:  tensor(0.1144, device='cuda:0', grad_fn=<DivBackward0>)
Memory status after this epoch: 
Memory allocated:  310.2607421875
Memory cached:  586.0
	 epoch  50 training error:  tensor(0.1142, device='cuda:0', grad_fn=<DivBackward0>)
Memory status after this epoch: 
Memory allocated:  310.2607421875
Memory cached:  578.0
	 epoch  60 training error:  tensor(0.1094, device='cuda:0', grad_fn=<DivBackward0>)
Memory status after this epoch: 
Memory allocated:  310.2607421875
Memory cached:  580.0
	 epoch  70 training error:  tensor(0.1073, device='cuda:0', grad_fn=<DivBackward0>)
Memory status after this epoch: 
Memory allocated:  310.2607421875
Memory cached:  582.0
	 epoch  80 training error:  tensor(0.0997, device='cuda:0', grad_fn=<DivBackward0>)
Memory status after this epoch: 
Memory allocated:  310.2607421875
Memory cached:  584.0
	 epoch  90 training error:  tensor(0.0875, device='cuda:0', grad_fn=<DivBackward0>)
Memory status after this epoch: 
Memory allocated:  310.2607421875
Memory cached:  584.0
[I 2023-12-03 00:27:14,755] Trial 18 finished with value: 0.05076291784644127 and parameters: {'W_layers': 5, 'W_layer_units_exponent_0': 10, 'W_layer_units_exponent_1': 7, 'W_layer_units_exponent_2': 6, 'W_layer_units_exponent_3': 7, 'W_layer_units_exponent_4': 8, 'D_layers': 7, 'D_layer_units_exponent_0': 7, 'D_layer_units_exponent_1': 7, 'D_layer_units_exponent_2': 6, 'D_layer_units_exponent_3': 6, 'D_layer_units_exponent_4': 5, 'D_layer_units_exponent_5': 10, 'D_layer_units_exponent_6': 7, 'D_dagger_layers': 3, 'D_dagger_layer_units_exponent_0': 8, 'D_dagger_layer_units_exponent_1': 10, 'D_dagger_layer_units_exponent_2': 8, 'log_learning_rate': -4.127513173912057, 'log_learning_rate_D': -2.6956016730521397, 'log_learning_rate_D_dagger': -4.263860540838122, 'training_batch_size': 10, 'training_p': 3}. Best is trial 15 with value: 0.027088839560747147.
Time for this trial:  202.05407404899597
Memory status after this trial: 
Memory allocated:  549.1484375
Memory cached:  574.0
--------------------  Trial  19   --------------------
Start timing: 
Parameters: 
{'W_layers': 5, 'W_layer_units_exponent_0': 10, 'W_layer_units_exponent_1': 8, 'W_layer_units_exponent_2': 6, 'W_layer_units_exponent_3': 7, 'W_layer_units_exponent_4': 8, 'D_layers': 7, 'D_layer_units_exponent_0': 7, 'D_layer_units_exponent_1': 7, 'D_layer_units_exponent_2': 6, 'D_layer_units_exponent_3': 6, 'D_layer_units_exponent_4': 6, 'D_layer_units_exponent_5': 10, 'D_layer_units_exponent_6': 7, 'D_dagger_layers': 4, 'D_dagger_layer_units_exponent_0': 8, 'D_dagger_layer_units_exponent_1': 9, 'D_dagger_layer_units_exponent_2': 8, 'D_dagger_layer_units_exponent_3': 4, 'log_learning_rate': -3.8717104510596116, 'log_learning_rate_D': -2.051217962555649, 'log_learning_rate_D_dagger': -4.2452371455161755, 'training_batch_size': 10, 'training_p': 3}
	 epoch  0 training error:  tensor(1.0287, device='cuda:0', grad_fn=<DivBackward0>)
Memory status after this epoch: 
Memory allocated:  308.9736328125
Memory cached:  570.0
	 epoch  10 training error:  tensor(0.3675, device='cuda:0', grad_fn=<DivBackward0>)
Memory status after this epoch: 
Memory allocated:  308.9736328125
Memory cached:  588.0
	 epoch  20 training error:  tensor(0.1529, device='cuda:0', grad_fn=<DivBackward0>)
Memory status after this epoch: 
Memory allocated:  308.9736328125
Memory cached:  588.0
	 epoch  30 training error:  tensor(0.1534, device='cuda:0', grad_fn=<DivBackward0>)
Memory status after this epoch: 
Memory allocated:  308.9736328125
Memory cached:  590.0
	 epoch  40 training error:  tensor(0.1418, device='cuda:0', grad_fn=<DivBackward0>)
Memory status after this epoch: 
Memory allocated:  308.9736328125
Memory cached:  590.0
	 epoch  50 training error:  tensor(0.1430, device='cuda:0', grad_fn=<DivBackward0>)
Memory status after this epoch: 
Memory allocated:  308.9736328125
Memory cached:  590.0
	 epoch  60 training error:  tensor(0.1418, device='cuda:0', grad_fn=<DivBackward0>)
Memory status after this epoch: 
Memory allocated:  308.9736328125
Memory cached:  590.0
	 epoch  70 training error:  tensor(0.1416, device='cuda:0', grad_fn=<DivBackward0>)
Memory status after this epoch: 
Memory allocated:  308.9736328125
Memory cached:  586.0
	 epoch  80 training error:  tensor(0.1415, device='cuda:0', grad_fn=<DivBackward0>)
Memory status after this epoch: 
Memory allocated:  308.9736328125
Memory cached:  588.0
	 epoch  90 training error:  tensor(0.1415, device='cuda:0', grad_fn=<DivBackward0>)
Memory status after this epoch: 
Memory allocated:  308.9736328125
Memory cached:  590.0
[I 2023-12-03 00:30:43,060] Trial 19 finished with value: 0.11604354530572891 and parameters: {'W_layers': 5, 'W_layer_units_exponent_0': 10, 'W_layer_units_exponent_1': 8, 'W_layer_units_exponent_2': 6, 'W_layer_units_exponent_3': 7, 'W_layer_units_exponent_4': 8, 'D_layers': 7, 'D_layer_units_exponent_0': 7, 'D_layer_units_exponent_1': 7, 'D_layer_units_exponent_2': 6, 'D_layer_units_exponent_3': 6, 'D_layer_units_exponent_4': 6, 'D_layer_units_exponent_5': 10, 'D_layer_units_exponent_6': 7, 'D_dagger_layers': 4, 'D_dagger_layer_units_exponent_0': 8, 'D_dagger_layer_units_exponent_1': 9, 'D_dagger_layer_units_exponent_2': 8, 'D_dagger_layer_units_exponent_3': 4, 'log_learning_rate': -3.8717104510596116, 'log_learning_rate_D': -2.051217962555649, 'log_learning_rate_D_dagger': -4.2452371455161755, 'training_batch_size': 10, 'training_p': 3}. Best is trial 15 with value: 0.027088839560747147.
Time for this trial:  208.04321312904358
Memory status after this trial: 
Memory allocated:  532.52099609375
Memory cached:  578.0
--------------------  Trial  20   --------------------
Start timing: 
Parameters: 
{'W_layers': 5, 'W_layer_units_exponent_0': 10, 'W_layer_units_exponent_1': 7, 'W_layer_units_exponent_2': 6, 'W_layer_units_exponent_3': 9, 'W_layer_units_exponent_4': 4, 'D_layers': 5, 'D_layer_units_exponent_0': 6, 'D_layer_units_exponent_1': 8, 'D_layer_units_exponent_2': 6, 'D_layer_units_exponent_3': 4, 'D_layer_units_exponent_4': 5, 'D_dagger_layers': 2, 'D_dagger_layer_units_exponent_0': 10, 'D_dagger_layer_units_exponent_1': 10, 'log_learning_rate': -4.106654502371337, 'log_learning_rate_D': -2.49361210712472, 'log_learning_rate_D_dagger': -4.299845579242831, 'training_batch_size': 10, 'training_p': 3}
	 epoch  0 training error:  tensor(1.0319, device='cuda:0', grad_fn=<DivBackward0>)
Memory status after this epoch: 
Memory allocated:  315.8447265625
Memory cached:  590.0
	 epoch  10 training error:  tensor(0.1875, device='cuda:0', grad_fn=<DivBackward0>)
Memory status after this epoch: 
Memory allocated:  315.8447265625
Memory cached:  600.0
	 epoch  20 training error:  tensor(0.1152, device='cuda:0', grad_fn=<DivBackward0>)
Memory status after this epoch: 
Memory allocated:  315.8447265625
Memory cached:  600.0
	 epoch  30 training error:  tensor(0.1165, device='cuda:0', grad_fn=<DivBackward0>)
Memory status after this epoch: 
Memory allocated:  315.8447265625
Memory cached:  602.0
	 epoch  40 training error:  tensor(0.1153, device='cuda:0', grad_fn=<DivBackward0>)
Memory status after this epoch: 
Memory allocated:  315.8447265625
Memory cached:  602.0
	 epoch  50 training error:  tensor(0.1149, device='cuda:0', grad_fn=<DivBackward0>)
Memory status after this epoch: 
Memory allocated:  315.8447265625
Memory cached:  602.0
	 epoch  60 training error:  tensor(0.1130, device='cuda:0', grad_fn=<DivBackward0>)
Memory status after this epoch: 
Memory allocated:  315.8447265625
Memory cached:  604.0
	 epoch  70 training error:  tensor(0.1099, device='cuda:0', grad_fn=<DivBackward0>)
Memory status after this epoch: 
Memory allocated:  315.8447265625
Memory cached:  604.0
	 epoch  80 training error:  tensor(0.1082, device='cuda:0', grad_fn=<DivBackward0>)
Memory status after this epoch: 
Memory allocated:  315.8447265625
Memory cached:  606.0
	 epoch  90 training error:  tensor(0.1027, device='cuda:0', grad_fn=<DivBackward0>)
Memory status after this epoch: 
Memory allocated:  315.8447265625
Memory cached:  602.0
