[I 2024-02-17 10:47:41,122] Trial 119 finished with value: 0.17508737742900848 and parameters: {'W_layers': 2, 'W_layer_units_exponent_0': 8, 'W_layer_units_exponent_1': 6, 'D_layers': 3, 'D_layer_units_exponent_0': 6, 'D_layer_units_exponent_1': 8, 'D_layer_units_exponent_2': 10, 'D_dagger_layers': 7, 'D_dagger_layer_units_exponent_0': 10, 'D_dagger_layer_units_exponent_1': 8, 'D_dagger_layer_units_exponent_2': 6, 'D_dagger_layer_units_exponent_3': 6, 'D_dagger_layer_units_exponent_4': 5, 'D_dagger_layer_units_exponent_5': 8, 'D_dagger_layer_units_exponent_6': 10, 'log_learning_rate': -4.189614361506266, 'log_learning_rate_D': -3.253273472965306, 'log_learning_rate_D_dagger': -2.4072808179482323, 'training_batch_size': 6, 'training_p': 6}. Best is trial 45 with value: 0.03961218520998955.
Time for this trial:  731.0919907093048
Memory status after this trial: 
Memory allocated:  1630.49169921875
Memory cached:  1644.0
--------------------  Trial  120   --------------------
Start timing: 
Parameters: 
{'W_layers': 3, 'W_layer_units_exponent_0': 9, 'W_layer_units_exponent_1': 5, 'W_layer_units_exponent_2': 4, 'D_layers': 4, 'D_layer_units_exponent_0': 7, 'D_layer_units_exponent_1': 8, 'D_layer_units_exponent_2': 9, 'D_layer_units_exponent_3': 7, 'D_dagger_layers': 5, 'D_dagger_layer_units_exponent_0': 10, 'D_dagger_layer_units_exponent_1': 9, 'D_dagger_layer_units_exponent_2': 8, 'D_dagger_layer_units_exponent_3': 7, 'D_dagger_layer_units_exponent_4': 6, 'log_learning_rate': -4.485839980890934, 'log_learning_rate_D': -3.714422174563246, 'log_learning_rate_D_dagger': -2.654485829087617, 'training_batch_size': 6, 'training_p': 5}
	 epoch  0 training error:  tensor(1.1391, device='cuda:0', grad_fn=<DivBackward0>)
Memory status after this epoch: 
Memory allocated:  768.4736328125
Memory cached:  1352.0
	 epoch  10 training error:  tensor(0.4692, device='cuda:0', grad_fn=<DivBackward0>)
Memory status after this epoch: 
Memory allocated:  768.4736328125
Memory cached:  1354.0
	 epoch  20 training error:  tensor(0.3335, device='cuda:0', grad_fn=<DivBackward0>)
Memory status after this epoch: 
Memory allocated:  768.4736328125
Memory cached:  1358.0
	 epoch  30 training error:  tensor(0.1939, device='cuda:0', grad_fn=<DivBackward0>)
Memory status after this epoch: 
Memory allocated:  768.4736328125
Memory cached:  1360.0
	 epoch  40 training error:  tensor(0.1321, device='cuda:0', grad_fn=<DivBackward0>)
Memory status after this epoch: 
Memory allocated:  768.4736328125
Memory cached:  1356.0
	 epoch  50 training error:  tensor(0.1141, device='cuda:0', grad_fn=<DivBackward0>)
Memory status after this epoch: 
Memory allocated:  768.4736328125
Memory cached:  1352.0
	 epoch  60 training error:  tensor(0.1253, device='cuda:0', grad_fn=<DivBackward0>)
Memory status after this epoch: 
Memory allocated:  768.4736328125
Memory cached:  1364.0
	 epoch  70 training error:  tensor(0.1348, device='cuda:0', grad_fn=<DivBackward0>)
Memory status after this epoch: 
Memory allocated:  768.4736328125
Memory cached:  1358.0
	 epoch  80 training error:  tensor(0.0768, device='cuda:0', grad_fn=<DivBackward0>)
Memory status after this epoch: 
Memory allocated:  768.4736328125
Memory cached:  1358.0
	 epoch  90 training error:  tensor(0.1066, device='cuda:0', grad_fn=<DivBackward0>)
Memory status after this epoch: 
Memory allocated:  768.4736328125
Memory cached:  1358.0
[I 2024-02-17 10:59:46,152] Trial 120 finished with value: 0.0694214478135109 and parameters: {'W_layers': 3, 'W_layer_units_exponent_0': 9, 'W_layer_units_exponent_1': 5, 'W_layer_units_exponent_2': 4, 'D_layers': 4, 'D_layer_units_exponent_0': 7, 'D_layer_units_exponent_1': 8, 'D_layer_units_exponent_2': 9, 'D_layer_units_exponent_3': 7, 'D_dagger_layers': 5, 'D_dagger_layer_units_exponent_0': 10, 'D_dagger_layer_units_exponent_1': 9, 'D_dagger_layer_units_exponent_2': 8, 'D_dagger_layer_units_exponent_3': 7, 'D_dagger_layer_units_exponent_4': 6, 'log_learning_rate': -4.485839980890934, 'log_learning_rate_D': -3.714422174563246, 'log_learning_rate_D_dagger': -2.654485829087617, 'training_batch_size': 6, 'training_p': 5}. Best is trial 45 with value: 0.03961218520998955.
Time for this trial:  724.5869514942169
Memory status after this trial: 
Memory allocated:  1515.37939453125
Memory cached:  1538.0
--------------------  Trial  121   --------------------
Start timing: 
Parameters: 
{'W_layers': 4, 'W_layer_units_exponent_0': 8, 'W_layer_units_exponent_1': 6, 'W_layer_units_exponent_2': 4, 'W_layer_units_exponent_3': 10, 'D_layers': 3, 'D_layer_units_exponent_0': 7, 'D_layer_units_exponent_1': 6, 'D_layer_units_exponent_2': 8, 'D_dagger_layers': 3, 'D_dagger_layer_units_exponent_0': 9, 'D_dagger_layer_units_exponent_1': 5, 'D_dagger_layer_units_exponent_2': 8, 'log_learning_rate': -4.32719955591389, 'log_learning_rate_D': -3.014235653330094, 'log_learning_rate_D_dagger': -2.761753891801663, 'training_batch_size': 6, 'training_p': 6}
	 epoch  0 training error:  tensor(0.6782, device='cuda:0', grad_fn=<DivBackward0>)
Memory status after this epoch: 
Memory allocated:  755.3408203125
Memory cached:  1330.0
	 epoch  10 training error:  tensor(0.4832, device='cuda:0', grad_fn=<DivBackward0>)
Memory status after this epoch: 
Memory allocated:  755.3408203125
Memory cached:  1330.0
	 epoch  20 training error:  tensor(0.2604, device='cuda:0', grad_fn=<DivBackward0>)
Memory status after this epoch: 
Memory allocated:  755.3408203125
Memory cached:  1330.0
	 epoch  30 training error:  tensor(0.2132, device='cuda:0', grad_fn=<DivBackward0>)
Memory status after this epoch: 
Memory allocated:  755.3408203125
Memory cached:  1330.0
	 epoch  40 training error:  tensor(0.1624, device='cuda:0', grad_fn=<DivBackward0>)
Memory status after this epoch: 
Memory allocated:  755.3408203125
Memory cached:  1330.0
	 epoch  50 training error:  tensor(0.1088, device='cuda:0', grad_fn=<DivBackward0>)
Memory status after this epoch: 
Memory allocated:  755.3408203125
Memory cached:  1330.0
	 epoch  60 training error:  tensor(0.1272, device='cuda:0', grad_fn=<DivBackward0>)
Memory status after this epoch: 
Memory allocated:  755.3408203125
Memory cached:  1330.0
	 epoch  70 training error:  tensor(0.0800, device='cuda:0', grad_fn=<DivBackward0>)
Memory status after this epoch: 
Memory allocated:  755.3408203125
Memory cached:  1330.0
	 epoch  80 training error:  tensor(0.1215, device='cuda:0', grad_fn=<DivBackward0>)
Memory status after this epoch: 
Memory allocated:  755.3408203125
Memory cached:  1330.0
	 epoch  90 training error:  tensor(0.1077, device='cuda:0', grad_fn=<DivBackward0>)
Memory status after this epoch: 
Memory allocated:  755.3408203125
Memory cached:  1330.0
[I 2024-02-17 11:10:32,926] Trial 121 finished with value: 0.10316469520330429 and parameters: {'W_layers': 4, 'W_layer_units_exponent_0': 8, 'W_layer_units_exponent_1': 6, 'W_layer_units_exponent_2': 4, 'W_layer_units_exponent_3': 10, 'D_layers': 3, 'D_layer_units_exponent_0': 7, 'D_layer_units_exponent_1': 6, 'D_layer_units_exponent_2': 8, 'D_dagger_layers': 3, 'D_dagger_layer_units_exponent_0': 9, 'D_dagger_layer_units_exponent_1': 5, 'D_dagger_layer_units_exponent_2': 8, 'log_learning_rate': -4.32719955591389, 'log_learning_rate_D': -3.014235653330094, 'log_learning_rate_D_dagger': -2.761753891801663, 'training_batch_size': 6, 'training_p': 6}. Best is trial 45 with value: 0.03961218520998955.
Time for this trial:  646.3254704475403
Memory status after this trial: 
Memory allocated:  1264.47705078125
Memory cached:  1330.0
--------------------  Trial  122   --------------------
Start timing: 
Parameters: 
{'W_layers': 3, 'W_layer_units_exponent_0': 8, 'W_layer_units_exponent_1': 6, 'W_layer_units_exponent_2': 4, 'D_layers': 3, 'D_layer_units_exponent_0': 8, 'D_layer_units_exponent_1': 5, 'D_layer_units_exponent_2': 8, 'D_dagger_layers': 3, 'D_dagger_layer_units_exponent_0': 10, 'D_dagger_layer_units_exponent_1': 4, 'D_dagger_layer_units_exponent_2': 9, 'log_learning_rate': -4.394452667036611, 'log_learning_rate_D': -3.2085315177207607, 'log_learning_rate_D_dagger': -2.9282901480482213, 'training_batch_size': 6, 'training_p': 7}
	 epoch  0 training error:  tensor(0.7085, device='cuda:0', grad_fn=<DivBackward0>)
Memory status after this epoch: 
Memory allocated:  754.9716796875
Memory cached:  1330.0
	 epoch  10 training error:  tensor(0.5404, device='cuda:0', grad_fn=<DivBackward0>)
Memory status after this epoch: 
Memory allocated:  754.9716796875
Memory cached:  1330.0
	 epoch  20 training error:  tensor(0.4893, device='cuda:0', grad_fn=<DivBackward0>)
Memory status after this epoch: 
Memory allocated:  754.9716796875
Memory cached:  1330.0
	 epoch  30 training error:  tensor(0.2924, device='cuda:0', grad_fn=<DivBackward0>)
Memory status after this epoch: 
Memory allocated:  754.9716796875
Memory cached:  1330.0
	 epoch  40 training error:  tensor(0.1901, device='cuda:0', grad_fn=<DivBackward0>)
Memory status after this epoch: 
Memory allocated:  754.9716796875
Memory cached:  1330.0
	 epoch  50 training error:  tensor(0.1562, device='cuda:0', grad_fn=<DivBackward0>)
Memory status after this epoch: 
Memory allocated:  754.9716796875
Memory cached:  1330.0
	 epoch  60 training error:  tensor(0.1276, device='cuda:0', grad_fn=<DivBackward0>)
Memory status after this epoch: 
Memory allocated:  754.9716796875
Memory cached:  1330.0
	 epoch  70 training error:  tensor(0.1644, device='cuda:0', grad_fn=<DivBackward0>)
Memory status after this epoch: 
Memory allocated:  754.9716796875
Memory cached:  1330.0
	 epoch  80 training error:  tensor(0.1164, device='cuda:0', grad_fn=<DivBackward0>)
Memory status after this epoch: 
Memory allocated:  754.9716796875
Memory cached:  1330.0
	 epoch  90 training error:  tensor(0.1224, device='cuda:0', grad_fn=<DivBackward0>)
Memory status after this epoch: 
Memory allocated:  754.9716796875
Memory cached:  1330.0
[I 2024-02-17 11:20:38,114] Trial 122 finished with value: 0.16617393493652344 and parameters: {'W_layers': 3, 'W_layer_units_exponent_0': 8, 'W_layer_units_exponent_1': 6, 'W_layer_units_exponent_2': 4, 'D_layers': 3, 'D_layer_units_exponent_0': 8, 'D_layer_units_exponent_1': 5, 'D_layer_units_exponent_2': 8, 'D_dagger_layers': 3, 'D_dagger_layer_units_exponent_0': 10, 'D_dagger_layer_units_exponent_1': 4, 'D_dagger_layer_units_exponent_2': 9, 'log_learning_rate': -4.394452667036611, 'log_learning_rate_D': -3.2085315177207607, 'log_learning_rate_D_dagger': -2.9282901480482213, 'training_batch_size': 6, 'training_p': 7}. Best is trial 45 with value: 0.03961218520998955.
Time for this trial:  604.6390705108643
Memory status after this trial: 
Memory allocated:  1249.43896484375
Memory cached:  1330.0
--------------------  Trial  123   --------------------
Start timing: 
Parameters: 
{'W_layers': 4, 'W_layer_units_exponent_0': 8, 'W_layer_units_exponent_1': 7, 'W_layer_units_exponent_2': 4, 'W_layer_units_exponent_3': 9, 'D_layers': 3, 'D_layer_units_exponent_0': 8, 'D_layer_units_exponent_1': 4, 'D_layer_units_exponent_2': 8, 'D_dagger_layers': 3, 'D_dagger_layer_units_exponent_0': 10, 'D_dagger_layer_units_exponent_1': 10, 'D_dagger_layer_units_exponent_2': 8, 'log_learning_rate': -4.145108265969853, 'log_learning_rate_D': -3.3217140061752555, 'log_learning_rate_D_dagger': -2.5112168734511955, 'training_batch_size': 6, 'training_p': 7}
	 epoch  0 training error:  tensor(6.9625, device='cuda:0', grad_fn=<DivBackward0>)
Memory status after this epoch: 
Memory allocated:  774.8818359375
Memory cached:  1350.0
	 epoch  10 training error:  tensor(0.5137, device='cuda:0', grad_fn=<DivBackward0>)
Memory status after this epoch: 
Memory allocated:  774.8818359375
Memory cached:  1350.0
	 epoch  20 training error:  tensor(0.5118, device='cuda:0', grad_fn=<DivBackward0>)
Memory status after this epoch: 
Memory allocated:  774.8818359375
Memory cached:  1350.0
	 epoch  30 training error:  tensor(0.4542, device='cuda:0', grad_fn=<DivBackward0>)
Memory status after this epoch: 
Memory allocated:  774.8818359375
Memory cached:  1350.0
	 epoch  40 training error:  tensor(0.3198, device='cuda:0', grad_fn=<DivBackward0>)
Memory status after this epoch: 
Memory allocated:  774.8818359375
Memory cached:  1350.0
	 epoch  50 training error:  tensor(0.2438, device='cuda:0', grad_fn=<DivBackward0>)
Memory status after this epoch: 
Memory allocated:  774.8818359375
Memory cached:  1350.0
	 epoch  60 training error:  tensor(0.2231, device='cuda:0', grad_fn=<DivBackward0>)
Memory status after this epoch: 
Memory allocated:  774.8818359375
Memory cached:  1350.0
	 epoch  70 training error:  tensor(0.1933, device='cuda:0', grad_fn=<DivBackward0>)
Memory status after this epoch: 
Memory allocated:  774.8818359375
Memory cached:  1350.0
	 epoch  80 training error:  tensor(0.1890, device='cuda:0', grad_fn=<DivBackward0>)
Memory status after this epoch: 
Memory allocated:  774.8818359375
Memory cached:  1350.0
	 epoch  90 training error:  tensor(0.1516, device='cuda:0', grad_fn=<DivBackward0>)
Memory status after this epoch: 
Memory allocated:  774.8818359375
Memory cached:  1350.0
[I 2024-02-17 11:31:30,052] Trial 123 finished with value: 0.09647715836763382 and parameters: {'W_layers': 4, 'W_layer_units_exponent_0': 8, 'W_layer_units_exponent_1': 7, 'W_layer_units_exponent_2': 4, 'W_layer_units_exponent_3': 9, 'D_layers': 3, 'D_layer_units_exponent_0': 8, 'D_layer_units_exponent_1': 4, 'D_layer_units_exponent_2': 8, 'D_dagger_layers': 3, 'D_dagger_layer_units_exponent_0': 10, 'D_dagger_layer_units_exponent_1': 10, 'D_dagger_layer_units_exponent_2': 8, 'log_learning_rate': -4.145108265969853, 'log_learning_rate_D': -3.3217140061752555, 'log_learning_rate_D_dagger': -2.5112168734511955, 'training_batch_size': 6, 'training_p': 7}. Best is trial 45 with value: 0.03961218520998955.
Time for this trial:  651.4558072090149
Memory status after this trial: 
Memory allocated:  1532.37744140625
Memory cached:  1552.0
--------------------  Trial  124   --------------------
Start timing: 
Parameters: 
{'W_layers': 8, 'W_layer_units_exponent_0': 8, 'W_layer_units_exponent_1': 9, 'W_layer_units_exponent_2': 5, 'W_layer_units_exponent_3': 8, 'W_layer_units_exponent_4': 7, 'W_layer_units_exponent_5': 6, 'W_layer_units_exponent_6': 9, 'W_layer_units_exponent_7': 4, 'D_layers': 3, 'D_layer_units_exponent_0': 7, 'D_layer_units_exponent_1': 5, 'D_layer_units_exponent_2': 8, 'D_dagger_layers': 3, 'D_dagger_layer_units_exponent_0': 9, 'D_dagger_layer_units_exponent_1': 5, 'D_dagger_layer_units_exponent_2': 7, 'log_learning_rate': -4.029864606545623, 'log_learning_rate_D': -2.9156428446660714, 'log_learning_rate_D_dagger': -2.8164541932472957, 'training_batch_size': 6, 'training_p': 5}
	 epoch  0 training error:  tensor(0.7244, device='cuda:0', grad_fn=<DivBackward0>)
Memory status after this epoch: 
Memory allocated:  758.1904296875
Memory cached:  1330.0
	 epoch  10 training error:  tensor(0.4623, device='cuda:0', grad_fn=<DivBackward0>)
Memory status after this epoch: 
Memory allocated:  758.1904296875
Memory cached:  1330.0
	 epoch  20 training error:  tensor(0.4215, device='cuda:0', grad_fn=<DivBackward0>)
Memory status after this epoch: 
Memory allocated:  758.1904296875
Memory cached:  1330.0
	 epoch  30 training error:  tensor(0.2741, device='cuda:0', grad_fn=<DivBackward0>)
Memory status after this epoch: 
Memory allocated:  758.1904296875
Memory cached:  1330.0
	 epoch  40 training error:  tensor(0.1797, device='cuda:0', grad_fn=<DivBackward0>)
Memory status after this epoch: 
Memory allocated:  758.1904296875
Memory cached:  1330.0
	 epoch  50 training error:  tensor(0.1465, device='cuda:0', grad_fn=<DivBackward0>)
Memory status after this epoch: 
Memory allocated:  758.1904296875
Memory cached:  1330.0
	 epoch  60 training error:  tensor(0.1270, device='cuda:0', grad_fn=<DivBackward0>)
Memory status after this epoch: 
Memory allocated:  758.1904296875
Memory cached:  1330.0
	 epoch  70 training error:  tensor(0.1105, device='cuda:0', grad_fn=<DivBackward0>)
Memory status after this epoch: 
Memory allocated:  758.1904296875
Memory cached:  1330.0
	 epoch  80 training error:  tensor(0.0891, device='cuda:0', grad_fn=<DivBackward0>)
Memory status after this epoch: 
Memory allocated:  758.1904296875
Memory cached:  1330.0
	 epoch  90 training error:  tensor(0.0889, device='cuda:0', grad_fn=<DivBackward0>)
Memory status after this epoch: 
Memory allocated:  758.1904296875
Memory cached:  1330.0
[I 2024-02-17 11:44:50,068] Trial 124 finished with value: 0.0827312022447586 and parameters: {'W_layers': 8, 'W_layer_units_exponent_0': 8, 'W_layer_units_exponent_1': 9, 'W_layer_units_exponent_2': 5, 'W_layer_units_exponent_3': 8, 'W_layer_units_exponent_4': 7, 'W_layer_units_exponent_5': 6, 'W_layer_units_exponent_6': 9, 'W_layer_units_exponent_7': 4, 'D_layers': 3, 'D_layer_units_exponent_0': 7, 'D_layer_units_exponent_1': 5, 'D_layer_units_exponent_2': 8, 'D_dagger_layers': 3, 'D_dagger_layer_units_exponent_0': 9, 'D_dagger_layer_units_exponent_1': 5, 'D_dagger_layer_units_exponent_2': 7, 'log_learning_rate': -4.029864606545623, 'log_learning_rate_D': -2.9156428446660714, 'log_learning_rate_D_dagger': -2.8164541932472957, 'training_batch_size': 6, 'training_p': 5}. Best is trial 45 with value: 0.03961218520998955.
Time for this trial:  799.4004709720612
Memory status after this trial: 
Memory allocated:  1355.32568359375
Memory cached:  1362.0
--------------------  Trial  125   --------------------
Start timing: 
Parameters: 
{'W_layers': 4, 'W_layer_units_exponent_0': 4, 'W_layer_units_exponent_1': 8, 'W_layer_units_exponent_2': 6, 'W_layer_units_exponent_3': 10, 'D_layers': 3, 'D_layer_units_exponent_0': 8, 'D_layer_units_exponent_1': 7, 'D_layer_units_exponent_2': 7, 'D_dagger_layers': 2, 'D_dagger_layer_units_exponent_0': 9, 'D_dagger_layer_units_exponent_1': 4, 'log_learning_rate': -3.7817223056568388, 'log_learning_rate_D': -3.1184473113487927, 'log_learning_rate_D_dagger': -2.6178540692045615, 'training_batch_size': 6, 'training_p': 6}
	 epoch  0 training error:  tensor(0.7708, device='cuda:0', grad_fn=<DivBackward0>)
Memory status after this epoch: 
Memory allocated:  756.2548828125
Memory cached:  1330.0
	 epoch  10 training error:  tensor(0.5073, device='cuda:0', grad_fn=<DivBackward0>)
Memory status after this epoch: 
Memory allocated:  756.2548828125
Memory cached:  1330.0
	 epoch  20 training error:  tensor(0.4867, device='cuda:0', grad_fn=<DivBackward0>)
Memory status after this epoch: 
Memory allocated:  756.2548828125
Memory cached:  1330.0
	 epoch  30 training error:  tensor(0.3423, device='cuda:0', grad_fn=<DivBackward0>)
Memory status after this epoch: 
Memory allocated:  756.2548828125
Memory cached:  1330.0
	 epoch  40 training error:  tensor(0.2837, device='cuda:0', grad_fn=<DivBackward0>)
Memory status after this epoch: 
Memory allocated:  756.2548828125
Memory cached:  1330.0
	 epoch  50 training error:  tensor(0.2139, device='cuda:0', grad_fn=<DivBackward0>)
Memory status after this epoch: 
Memory allocated:  756.2548828125
Memory cached:  1330.0
	 epoch  60 training error:  tensor(0.1666, device='cuda:0', grad_fn=<DivBackward0>)
Memory status after this epoch: 
Memory allocated:  756.2548828125
Memory cached:  1330.0
	 epoch  70 training error:  tensor(0.1501, device='cuda:0', grad_fn=<DivBackward0>)
Memory status after this epoch: 
Memory allocated:  756.2548828125
Memory cached:  1330.0
	 epoch  80 training error:  tensor(0.1866, device='cuda:0', grad_fn=<DivBackward0>)
Memory status after this epoch: 
Memory allocated:  756.2548828125
Memory cached:  1330.0
	 epoch  90 training error:  tensor(0.1419, device='cuda:0', grad_fn=<DivBackward0>)
Memory status after this epoch: 
Memory allocated:  756.2548828125
Memory cached:  1330.0
