[I 2023-12-05 00:48:38,077] Trial 20 finished with value: 0.1310364305973053 and parameters: {'W_layers': 8, 'W_layer_units_exponent_0': 6, 'W_layer_units_exponent_1': 7, 'W_layer_units_exponent_2': 4, 'W_layer_units_exponent_3': 8, 'W_layer_units_exponent_4': 4, 'W_layer_units_exponent_5': 4, 'W_layer_units_exponent_6': 10, 'W_layer_units_exponent_7': 4, 'D_layers': 4, 'D_layer_units_exponent_0': 7, 'D_layer_units_exponent_1': 8, 'D_layer_units_exponent_2': 6, 'D_layer_units_exponent_3': 4, 'log_learning_rate': -2.445173826817306, 'log_learning_rate_D': -2.589931336566825, 'training_batch_size': 7, 'training_p': 5}. Best is trial 19 with value: 0.05131257697939873.
Time for this trial:  52.536224603652954
Memory status after this trial: 
Memory allocated:  107.54248046875
Memory cached:  170.0
--------------------  Trial  21   --------------------
Start timing: 
Parameters: 
{'W_layers': 3, 'W_layer_units_exponent_0': 7, 'W_layer_units_exponent_1': 4, 'W_layer_units_exponent_2': 5, 'D_layers': 6, 'D_layer_units_exponent_0': 10, 'D_layer_units_exponent_1': 6, 'D_layer_units_exponent_2': 7, 'D_layer_units_exponent_3': 6, 'D_layer_units_exponent_4': 10, 'D_layer_units_exponent_5': 10, 'log_learning_rate': -3.4233269455984456, 'log_learning_rate_D': -3.1018119525077914, 'training_batch_size': 8, 'training_p': 4}
	 epoch  0 training error:  tensor(1.0705, device='cuda:0', grad_fn=<DivBackward0>)
Memory status after this epoch: 
Memory allocated:  79.03271484375
Memory cached:  172.0
	 epoch  10 training error:  tensor(0.7450, device='cuda:0', grad_fn=<DivBackward0>)
Memory status after this epoch: 
Memory allocated:  79.03271484375
Memory cached:  172.0
	 epoch  20 training error:  tensor(0.7289, device='cuda:0', grad_fn=<DivBackward0>)
Memory status after this epoch: 
Memory allocated:  79.03271484375
Memory cached:  172.0
	 epoch  30 training error:  tensor(0.7076, device='cuda:0', grad_fn=<DivBackward0>)
Memory status after this epoch: 
Memory allocated:  79.03271484375
Memory cached:  172.0
	 epoch  40 training error:  tensor(0.6506, device='cuda:0', grad_fn=<DivBackward0>)
Memory status after this epoch: 
Memory allocated:  79.03271484375
Memory cached:  172.0
	 epoch  50 training error:  tensor(0.6387, device='cuda:0', grad_fn=<DivBackward0>)
Memory status after this epoch: 
Memory allocated:  79.03271484375
Memory cached:  172.0
	 epoch  60 training error:  tensor(0.6344, device='cuda:0', grad_fn=<DivBackward0>)
Memory status after this epoch: 
Memory allocated:  79.03271484375
Memory cached:  172.0
	 epoch  70 training error:  tensor(0.6007, device='cuda:0', grad_fn=<DivBackward0>)
Memory status after this epoch: 
Memory allocated:  79.03271484375
Memory cached:  172.0
	 epoch  80 training error:  tensor(0.5760, device='cuda:0', grad_fn=<DivBackward0>)
Memory status after this epoch: 
Memory allocated:  79.03271484375
Memory cached:  172.0
	 epoch  90 training error:  tensor(0.5300, device='cuda:0', grad_fn=<DivBackward0>)
Memory status after this epoch: 
Memory allocated:  79.03271484375
Memory cached:  172.0
[I 2023-12-05 00:49:27,095] Trial 21 finished with value: 0.3257427215576172 and parameters: {'W_layers': 3, 'W_layer_units_exponent_0': 7, 'W_layer_units_exponent_1': 4, 'W_layer_units_exponent_2': 5, 'D_layers': 6, 'D_layer_units_exponent_0': 10, 'D_layer_units_exponent_1': 6, 'D_layer_units_exponent_2': 7, 'D_layer_units_exponent_3': 6, 'D_layer_units_exponent_4': 10, 'D_layer_units_exponent_5': 10, 'log_learning_rate': -3.4233269455984456, 'log_learning_rate_D': -3.1018119525077914, 'training_batch_size': 8, 'training_p': 4}. Best is trial 19 with value: 0.05131257697939873.
Time for this trial:  48.820014238357544
Memory status after this trial: 
Memory allocated:  149.4248046875
Memory cached:  172.0
--------------------  Trial  22   --------------------
Start timing: 
Parameters: 
{'W_layers': 5, 'W_layer_units_exponent_0': 5, 'W_layer_units_exponent_1': 7, 'W_layer_units_exponent_2': 6, 'W_layer_units_exponent_3': 8, 'W_layer_units_exponent_4': 5, 'D_layers': 5, 'D_layer_units_exponent_0': 9, 'D_layer_units_exponent_1': 8, 'D_layer_units_exponent_2': 5, 'D_layer_units_exponent_3': 4, 'D_layer_units_exponent_4': 4, 'log_learning_rate': -1.034018989808914, 'log_learning_rate_D': -2.205180842595624, 'training_batch_size': 10, 'training_p': 6}
	 epoch  0 training error:  tensor(0.9135, device='cuda:0', grad_fn=<DivBackward0>)
Memory status after this epoch: 
Memory allocated:  63.37255859375
Memory cached:  172.0
	 epoch  10 training error:  tensor(231.1701, device='cuda:0', grad_fn=<DivBackward0>)
Memory status after this epoch: 
Memory allocated:  63.37255859375
Memory cached:  172.0
	 epoch  20 training error:  tensor(56.2623, device='cuda:0', grad_fn=<DivBackward0>)
Memory status after this epoch: 
Memory allocated:  63.37255859375
Memory cached:  172.0
	 epoch  30 training error:  tensor(50.1190, device='cuda:0', grad_fn=<DivBackward0>)
Memory status after this epoch: 
Memory allocated:  63.37255859375
Memory cached:  172.0
	 epoch  40 training error:  tensor(1.9039, device='cuda:0', grad_fn=<DivBackward0>)
Memory status after this epoch: 
Memory allocated:  63.37255859375
Memory cached:  172.0
	 epoch  50 training error:  tensor(1.0272, device='cuda:0', grad_fn=<DivBackward0>)
Memory status after this epoch: 
Memory allocated:  63.37255859375
Memory cached:  172.0
	 epoch  60 training error:  tensor(0.9228, device='cuda:0', grad_fn=<DivBackward0>)
Memory status after this epoch: 
Memory allocated:  63.37255859375
Memory cached:  172.0
	 epoch  70 training error:  tensor(0.7772, device='cuda:0', grad_fn=<DivBackward0>)
Memory status after this epoch: 
Memory allocated:  63.37255859375
Memory cached:  172.0
	 epoch  80 training error:  tensor(0.7846, device='cuda:0', grad_fn=<DivBackward0>)
Memory status after this epoch: 
Memory allocated:  63.37255859375
Memory cached:  172.0
	 epoch  90 training error:  tensor(0.7803, device='cuda:0', grad_fn=<DivBackward0>)
Memory status after this epoch: 
Memory allocated:  63.37255859375
Memory cached:  172.0
[I 2023-12-05 00:50:15,080] Trial 22 finished with value: 0.46304890513420105 and parameters: {'W_layers': 5, 'W_layer_units_exponent_0': 5, 'W_layer_units_exponent_1': 7, 'W_layer_units_exponent_2': 6, 'W_layer_units_exponent_3': 8, 'W_layer_units_exponent_4': 5, 'D_layers': 5, 'D_layer_units_exponent_0': 9, 'D_layer_units_exponent_1': 8, 'D_layer_units_exponent_2': 5, 'D_layer_units_exponent_3': 4, 'D_layer_units_exponent_4': 4, 'log_learning_rate': -1.034018989808914, 'log_learning_rate_D': -2.205180842595624, 'training_batch_size': 10, 'training_p': 6}. Best is trial 19 with value: 0.05131257697939873.
Time for this trial:  47.79110836982727
Memory status after this trial: 
Memory allocated:  92.79931640625
Memory cached:  170.0
--------------------  Trial  23   --------------------
Start timing: 
Parameters: 
{'W_layers': 6, 'W_layer_units_exponent_0': 7, 'W_layer_units_exponent_1': 9, 'W_layer_units_exponent_2': 6, 'W_layer_units_exponent_3': 5, 'W_layer_units_exponent_4': 8, 'W_layer_units_exponent_5': 7, 'D_layers': 3, 'D_layer_units_exponent_0': 6, 'D_layer_units_exponent_1': 4, 'D_layer_units_exponent_2': 7, 'log_learning_rate': -2.976861953766647, 'log_learning_rate_D': -1.6662211629017487, 'training_batch_size': 6, 'training_p': 3}
	 epoch  0 training error:  tensor(0.9771, device='cuda:0', grad_fn=<DivBackward0>)
Memory status after this epoch: 
Memory allocated:  62.83251953125
Memory cached:  168.0
	 epoch  10 training error:  tensor(0.4404, device='cuda:0', grad_fn=<DivBackward0>)
Memory status after this epoch: 
Memory allocated:  62.83251953125
Memory cached:  168.0
	 epoch  20 training error:  tensor(0.3270, device='cuda:0', grad_fn=<DivBackward0>)
Memory status after this epoch: 
Memory allocated:  62.83251953125
Memory cached:  168.0
	 epoch  30 training error:  tensor(0.1534, device='cuda:0', grad_fn=<DivBackward0>)
Memory status after this epoch: 
Memory allocated:  62.83251953125
Memory cached:  168.0
	 epoch  40 training error:  tensor(0.3271, device='cuda:0', grad_fn=<DivBackward0>)
Memory status after this epoch: 
Memory allocated:  62.83251953125
Memory cached:  168.0
	 epoch  50 training error:  tensor(0.2417, device='cuda:0', grad_fn=<DivBackward0>)
Memory status after this epoch: 
Memory allocated:  62.83251953125
Memory cached:  168.0
	 epoch  60 training error:  tensor(0.0837, device='cuda:0', grad_fn=<DivBackward0>)
Memory status after this epoch: 
Memory allocated:  62.83251953125
Memory cached:  168.0
	 epoch  70 training error:  tensor(0.1157, device='cuda:0', grad_fn=<DivBackward0>)
Memory status after this epoch: 
Memory allocated:  62.83251953125
Memory cached:  168.0
	 epoch  80 training error:  tensor(0.1013, device='cuda:0', grad_fn=<DivBackward0>)
Memory status after this epoch: 
Memory allocated:  62.83251953125
Memory cached:  168.0
	 epoch  90 training error:  tensor(0.0745, device='cuda:0', grad_fn=<DivBackward0>)
Memory status after this epoch: 
Memory allocated:  62.83251953125
Memory cached:  168.0
[I 2023-12-05 00:51:29,331] Trial 23 finished with value: 0.09173347055912018 and parameters: {'W_layers': 6, 'W_layer_units_exponent_0': 7, 'W_layer_units_exponent_1': 9, 'W_layer_units_exponent_2': 6, 'W_layer_units_exponent_3': 5, 'W_layer_units_exponent_4': 8, 'W_layer_units_exponent_5': 7, 'D_layers': 3, 'D_layer_units_exponent_0': 6, 'D_layer_units_exponent_1': 4, 'D_layer_units_exponent_2': 7, 'log_learning_rate': -2.976861953766647, 'log_learning_rate_D': -1.6662211629017487, 'training_batch_size': 6, 'training_p': 3}. Best is trial 19 with value: 0.05131257697939873.
Time for this trial:  74.06963515281677
Memory status after this trial: 
Memory allocated:  92.24560546875
Memory cached:  168.0
--------------------  Trial  24   --------------------
Start timing: 
Parameters: 
{'W_layers': 3, 'W_layer_units_exponent_0': 5, 'W_layer_units_exponent_1': 5, 'W_layer_units_exponent_2': 8, 'D_layers': 7, 'D_layer_units_exponent_0': 8, 'D_layer_units_exponent_1': 7, 'D_layer_units_exponent_2': 5, 'D_layer_units_exponent_3': 5, 'D_layer_units_exponent_4': 9, 'D_layer_units_exponent_5': 8, 'D_layer_units_exponent_6': 7, 'log_learning_rate': -3.820542652677424, 'log_learning_rate_D': -2.834327681557752, 'training_batch_size': 7, 'training_p': 4}
	 epoch  0 training error:  tensor(1.0130, device='cuda:0', grad_fn=<DivBackward0>)
Memory status after this epoch: 
Memory allocated:  64.13427734375
Memory cached:  170.0
	 epoch  10 training error:  tensor(0.7530, device='cuda:0', grad_fn=<DivBackward0>)
Memory status after this epoch: 
Memory allocated:  64.13427734375
Memory cached:  170.0
	 epoch  20 training error:  tensor(0.7380, device='cuda:0', grad_fn=<DivBackward0>)
Memory status after this epoch: 
Memory allocated:  64.13427734375
Memory cached:  170.0
	 epoch  30 training error:  tensor(0.7257, device='cuda:0', grad_fn=<DivBackward0>)
Memory status after this epoch: 
Memory allocated:  64.13427734375
Memory cached:  170.0
	 epoch  40 training error:  tensor(0.7120, device='cuda:0', grad_fn=<DivBackward0>)
Memory status after this epoch: 
Memory allocated:  64.13427734375
Memory cached:  170.0
	 epoch  50 training error:  tensor(0.6946, device='cuda:0', grad_fn=<DivBackward0>)
Memory status after this epoch: 
Memory allocated:  64.13427734375
Memory cached:  170.0
	 epoch  60 training error:  tensor(0.6496, device='cuda:0', grad_fn=<DivBackward0>)
Memory status after this epoch: 
Memory allocated:  64.13427734375
Memory cached:  170.0
	 epoch  70 training error:  tensor(0.5285, device='cuda:0', grad_fn=<DivBackward0>)
Memory status after this epoch: 
Memory allocated:  64.13427734375
Memory cached:  170.0
	 epoch  80 training error:  tensor(0.4714, device='cuda:0', grad_fn=<DivBackward0>)
Memory status after this epoch: 
Memory allocated:  64.13427734375
Memory cached:  170.0
	 epoch  90 training error:  tensor(0.4156, device='cuda:0', grad_fn=<DivBackward0>)
Memory status after this epoch: 
Memory allocated:  64.13427734375
Memory cached:  170.0
[I 2023-12-05 00:52:16,720] Trial 24 finished with value: 0.30724576115608215 and parameters: {'W_layers': 3, 'W_layer_units_exponent_0': 5, 'W_layer_units_exponent_1': 5, 'W_layer_units_exponent_2': 8, 'D_layers': 7, 'D_layer_units_exponent_0': 8, 'D_layer_units_exponent_1': 7, 'D_layer_units_exponent_2': 5, 'D_layer_units_exponent_3': 5, 'D_layer_units_exponent_4': 9, 'D_layer_units_exponent_5': 8, 'D_layer_units_exponent_6': 7, 'log_learning_rate': -3.820542652677424, 'log_learning_rate_D': -2.834327681557752, 'training_batch_size': 7, 'training_p': 4}. Best is trial 19 with value: 0.05131257697939873.
Time for this trial:  47.202240228652954
Memory status after this trial: 
Memory allocated:  100.2421875
Memory cached:  170.0
--------------------  Trial  25   --------------------
Start timing: 
Parameters: 
{'W_layers': 7, 'W_layer_units_exponent_0': 6, 'W_layer_units_exponent_1': 9, 'W_layer_units_exponent_2': 4, 'W_layer_units_exponent_3': 9, 'W_layer_units_exponent_4': 6, 'W_layer_units_exponent_5': 10, 'W_layer_units_exponent_6': 9, 'D_layers': 6, 'D_layer_units_exponent_0': 10, 'D_layer_units_exponent_1': 9, 'D_layer_units_exponent_2': 10, 'D_layer_units_exponent_3': 6, 'D_layer_units_exponent_4': 6, 'D_layer_units_exponent_5': 8, 'log_learning_rate': -2.3977949020480436, 'log_learning_rate_D': -3.2790602472720187, 'training_batch_size': 10, 'training_p': 7}
	 epoch  0 training error:  tensor(0.9615, device='cuda:0', grad_fn=<DivBackward0>)
Memory status after this epoch: 
Memory allocated:  88.33154296875
Memory cached:  192.0
	 epoch  10 training error:  tensor(3.2558, device='cuda:0', grad_fn=<DivBackward0>)
Memory status after this epoch: 
Memory allocated:  88.33154296875
Memory cached:  196.0
	 epoch  20 training error:  tensor(1.1183, device='cuda:0', grad_fn=<DivBackward0>)
Memory status after this epoch: 
Memory allocated:  88.33154296875
Memory cached:  196.0
	 epoch  30 training error:  tensor(0.8385, device='cuda:0', grad_fn=<DivBackward0>)
Memory status after this epoch: 
Memory allocated:  88.33154296875
Memory cached:  196.0
	 epoch  40 training error:  tensor(0.7863, device='cuda:0', grad_fn=<DivBackward0>)
Memory status after this epoch: 
Memory allocated:  88.33154296875
Memory cached:  196.0
	 epoch  50 training error:  tensor(0.4427, device='cuda:0', grad_fn=<DivBackward0>)
Memory status after this epoch: 
Memory allocated:  88.33154296875
Memory cached:  196.0
	 epoch  60 training error:  tensor(0.1847, device='cuda:0', grad_fn=<DivBackward0>)
Memory status after this epoch: 
Memory allocated:  88.33154296875
Memory cached:  196.0
	 epoch  70 training error:  tensor(0.3936, device='cuda:0', grad_fn=<DivBackward0>)
Memory status after this epoch: 
Memory allocated:  88.33154296875
Memory cached:  196.0
	 epoch  80 training error:  tensor(0.3209, device='cuda:0', grad_fn=<DivBackward0>)
Memory status after this epoch: 
Memory allocated:  88.33154296875
Memory cached:  196.0
	 epoch  90 training error:  tensor(0.2079, device='cuda:0', grad_fn=<DivBackward0>)
Memory status after this epoch: 
Memory allocated:  88.33154296875
Memory cached:  196.0
[I 2023-12-05 00:53:15,680] Trial 25 finished with value: 0.15952670574188232 and parameters: {'W_layers': 7, 'W_layer_units_exponent_0': 6, 'W_layer_units_exponent_1': 9, 'W_layer_units_exponent_2': 4, 'W_layer_units_exponent_3': 9, 'W_layer_units_exponent_4': 6, 'W_layer_units_exponent_5': 10, 'W_layer_units_exponent_6': 9, 'D_layers': 6, 'D_layer_units_exponent_0': 10, 'D_layer_units_exponent_1': 9, 'D_layer_units_exponent_2': 10, 'D_layer_units_exponent_3': 6, 'D_layer_units_exponent_4': 6, 'D_layer_units_exponent_5': 8, 'log_learning_rate': -2.3977949020480436, 'log_learning_rate_D': -3.2790602472720187, 'training_batch_size': 10, 'training_p': 7}. Best is trial 19 with value: 0.05131257697939873.
Time for this trial:  58.760157108306885
Memory status after this trial: 
Memory allocated:  203.234375
Memory cached:  210.0
--------------------  Trial  26   --------------------
Start timing: 
Parameters: 
{'W_layers': 3, 'W_layer_units_exponent_0': 7, 'W_layer_units_exponent_1': 7, 'W_layer_units_exponent_2': 6, 'D_layers': 3, 'D_layer_units_exponent_0': 6, 'D_layer_units_exponent_1': 5, 'D_layer_units_exponent_2': 5, 'log_learning_rate': -3.126165278267515, 'log_learning_rate_D': -2.3136914976116696, 'training_batch_size': 9, 'training_p': 5}
	 epoch  0 training error:  tensor(0.9376, device='cuda:0', grad_fn=<DivBackward0>)
Memory status after this epoch: 
Memory allocated:  61.06201171875
Memory cached:  168.0
	 epoch  10 training error:  tensor(0.5958, device='cuda:0', grad_fn=<DivBackward0>)
Memory status after this epoch: 
Memory allocated:  61.06201171875
Memory cached:  168.0
	 epoch  20 training error:  tensor(0.5382, device='cuda:0', grad_fn=<DivBackward0>)
Memory status after this epoch: 
Memory allocated:  61.06201171875
Memory cached:  168.0
	 epoch  30 training error:  tensor(0.4265, device='cuda:0', grad_fn=<DivBackward0>)
Memory status after this epoch: 
Memory allocated:  61.06201171875
Memory cached:  168.0
	 epoch  40 training error:  tensor(0.2054, device='cuda:0', grad_fn=<DivBackward0>)
Memory status after this epoch: 
Memory allocated:  61.06201171875
Memory cached:  168.0
	 epoch  50 training error:  tensor(0.1476, device='cuda:0', grad_fn=<DivBackward0>)
Memory status after this epoch: 
Memory allocated:  61.06201171875
Memory cached:  168.0
	 epoch  60 training error:  tensor(0.1193, device='cuda:0', grad_fn=<DivBackward0>)
Memory status after this epoch: 
Memory allocated:  61.06201171875
Memory cached:  168.0
	 epoch  70 training error:  tensor(0.1006, device='cuda:0', grad_fn=<DivBackward0>)
Memory status after this epoch: 
Memory allocated:  61.06201171875
Memory cached:  168.0
	 epoch  80 training error:  tensor(0.1153, device='cuda:0', grad_fn=<DivBackward0>)
Memory status after this epoch: 
Memory allocated:  61.06201171875
Memory cached:  168.0
	 epoch  90 training error:  tensor(0.1355, device='cuda:0', grad_fn=<DivBackward0>)
Memory status after this epoch: 
Memory allocated:  61.06201171875
Memory cached:  168.0
[I 2023-12-05 00:53:53,335] Trial 26 finished with value: 0.17893467843532562 and parameters: {'W_layers': 3, 'W_layer_units_exponent_0': 7, 'W_layer_units_exponent_1': 7, 'W_layer_units_exponent_2': 6, 'D_layers': 3, 'D_layer_units_exponent_0': 6, 'D_layer_units_exponent_1': 5, 'D_layer_units_exponent_2': 5, 'log_learning_rate': -3.126165278267515, 'log_learning_rate_D': -2.3136914976116696, 'training_batch_size': 9, 'training_p': 5}. Best is trial 19 with value: 0.05131257697939873.
Time for this trial:  37.478519439697266
Memory status after this trial: 
Memory allocated:  71.15234375
Memory cached:  168.0
--------------------  Trial  27   --------------------
Start timing: 
Parameters: 
{'W_layers': 6, 'W_layer_units_exponent_0': 7, 'W_layer_units_exponent_1': 9, 'W_layer_units_exponent_2': 6, 'W_layer_units_exponent_3': 5, 'W_layer_units_exponent_4': 9, 'W_layer_units_exponent_5': 7, 'D_layers': 3, 'D_layer_units_exponent_0': 6, 'D_layer_units_exponent_1': 4, 'D_layer_units_exponent_2': 7, 'log_learning_rate': -3.069593465872398, 'log_learning_rate_D': -1.745042387313135, 'training_batch_size': 6, 'training_p': 3}
	 epoch  0 training error:  tensor(0.8966, device='cuda:0', grad_fn=<DivBackward0>)
Memory status after this epoch: 
Memory allocated:  63.46142578125
Memory cached:  168.0
	 epoch  10 training error:  tensor(0.3358, device='cuda:0', grad_fn=<DivBackward0>)
Memory status after this epoch: 
Memory allocated:  63.46142578125
Memory cached:  168.0
	 epoch  20 training error:  tensor(0.1780, device='cuda:0', grad_fn=<DivBackward0>)
Memory status after this epoch: 
Memory allocated:  63.46142578125
Memory cached:  168.0
	 epoch  30 training error:  tensor(0.2730, device='cuda:0', grad_fn=<DivBackward0>)
Memory status after this epoch: 
Memory allocated:  63.46142578125
Memory cached:  168.0
	 epoch  40 training error:  tensor(0.1033, device='cuda:0', grad_fn=<DivBackward0>)
Memory status after this epoch: 
Memory allocated:  63.46142578125
Memory cached:  168.0
	 epoch  50 training error:  tensor(0.1238, device='cuda:0', grad_fn=<DivBackward0>)
Memory status after this epoch: 
Memory allocated:  63.46142578125
Memory cached:  168.0
	 epoch  60 training error:  tensor(0.0864, device='cuda:0', grad_fn=<DivBackward0>)
Memory status after this epoch: 
Memory allocated:  63.46142578125
Memory cached:  168.0
	 epoch  70 training error:  tensor(0.0809, device='cuda:0', grad_fn=<DivBackward0>)
Memory status after this epoch: 
Memory allocated:  63.46142578125
Memory cached:  168.0
	 epoch  80 training error:  tensor(0.0829, device='cuda:0', grad_fn=<DivBackward0>)
Memory status after this epoch: 
Memory allocated:  63.46142578125
Memory cached:  168.0
	 epoch  90 training error:  tensor(0.0876, device='cuda:0', grad_fn=<DivBackward0>)
Memory status after this epoch: 
Memory allocated:  63.46142578125
Memory cached:  168.0
