[I 2023-12-06 12:02:10,750] Trial 66 finished with value: 0.6546172499656677 and parameters: {'W_layers': 5, 'W_layer_units_exponent_0': 6, 'W_layer_units_exponent_1': 9, 'W_layer_units_exponent_2': 4, 'W_layer_units_exponent_3': 6, 'W_layer_units_exponent_4': 8, 'D_layers': 4, 'D_layer_units_exponent_0': 7, 'D_layer_units_exponent_1': 4, 'D_layer_units_exponent_2': 9, 'D_layer_units_exponent_3': 7, 'log_learning_rate': -1.6082873643599966, 'log_learning_rate_D': -1.792340093629083, 'training_batch_size': 9, 'training_p': 2}. Best is trial 54 with value: 0.3324073851108551.
Time for this trial:  15.60546064376831
Memory status after this trial: 
Memory allocated:  31.95458984375
Memory cached:  58.0
--------------------  Trial  67   --------------------
Start timing: 
Parameters: 
{'W_layers': 4, 'W_layer_units_exponent_0': 6, 'W_layer_units_exponent_1': 7, 'W_layer_units_exponent_2': 4, 'W_layer_units_exponent_3': 5, 'D_layers': 5, 'D_layer_units_exponent_0': 10, 'D_layer_units_exponent_1': 5, 'D_layer_units_exponent_2': 10, 'D_layer_units_exponent_3': 7, 'D_layer_units_exponent_4': 8, 'log_learning_rate': -2.200765285485877, 'log_learning_rate_D': -1.928396114879584, 'training_batch_size': 10, 'training_p': 3}
	 epoch  0 training error:  tensor(1.1669, device='cuda:0', grad_fn=<DivBackward0>)
Memory status after this epoch: 
Memory allocated:  11.63623046875
Memory cached:  38.0
	 epoch  10 training error:  tensor(0.4674, device='cuda:0', grad_fn=<DivBackward0>)
Memory status after this epoch: 
Memory allocated:  11.63623046875
Memory cached:  38.0
	 epoch  20 training error:  tensor(0.4493, device='cuda:0', grad_fn=<DivBackward0>)
Memory status after this epoch: 
Memory allocated:  11.63623046875
Memory cached:  38.0
	 epoch  30 training error:  tensor(0.3994, device='cuda:0', grad_fn=<DivBackward0>)
Memory status after this epoch: 
Memory allocated:  11.63623046875
Memory cached:  38.0
	 epoch  40 training error:  tensor(0.3801, device='cuda:0', grad_fn=<DivBackward0>)
Memory status after this epoch: 
Memory allocated:  11.63623046875
Memory cached:  38.0
	 epoch  50 training error:  tensor(0.3708, device='cuda:0', grad_fn=<DivBackward0>)
Memory status after this epoch: 
Memory allocated:  11.63623046875
Memory cached:  38.0
	 epoch  60 training error:  tensor(0.3662, device='cuda:0', grad_fn=<DivBackward0>)
Memory status after this epoch: 
Memory allocated:  11.63623046875
Memory cached:  38.0
	 epoch  70 training error:  tensor(0.3628, device='cuda:0', grad_fn=<DivBackward0>)
Memory status after this epoch: 
Memory allocated:  11.63623046875
Memory cached:  38.0
	 epoch  80 training error:  tensor(0.3603, device='cuda:0', grad_fn=<DivBackward0>)
Memory status after this epoch: 
Memory allocated:  11.63623046875
Memory cached:  38.0
	 epoch  90 training error:  tensor(0.3585, device='cuda:0', grad_fn=<DivBackward0>)
Memory status after this epoch: 
Memory allocated:  11.63623046875
Memory cached:  38.0
[I 2023-12-06 12:02:25,699] Trial 67 finished with value: 0.33842816948890686 and parameters: {'W_layers': 4, 'W_layer_units_exponent_0': 6, 'W_layer_units_exponent_1': 7, 'W_layer_units_exponent_2': 4, 'W_layer_units_exponent_3': 5, 'D_layers': 5, 'D_layer_units_exponent_0': 10, 'D_layer_units_exponent_1': 5, 'D_layer_units_exponent_2': 10, 'D_layer_units_exponent_3': 7, 'D_layer_units_exponent_4': 8, 'log_learning_rate': -2.200765285485877, 'log_learning_rate_D': -1.928396114879584, 'training_batch_size': 10, 'training_p': 3}. Best is trial 54 with value: 0.3324073851108551.
Time for this trial:  14.773422002792358
Memory status after this trial: 
Memory allocated:  16.15771484375
Memory cached:  38.0
--------------------  Trial  68   --------------------
Start timing: 
Parameters: 
{'W_layers': 4, 'W_layer_units_exponent_0': 5, 'W_layer_units_exponent_1': 10, 'W_layer_units_exponent_2': 5, 'W_layer_units_exponent_3': 5, 'D_layers': 4, 'D_layer_units_exponent_0': 8, 'D_layer_units_exponent_1': 4, 'D_layer_units_exponent_2': 9, 'D_layer_units_exponent_3': 10, 'log_learning_rate': -1.8186619069380137, 'log_learning_rate_D': -1.6635266828448185, 'training_batch_size': 11, 'training_p': 4}
	 epoch  0 training error:  tensor(1.2809, device='cuda:0', grad_fn=<DivBackward0>)
Memory status after this epoch: 
Memory allocated:  13.6650390625
Memory cached:  38.0
	 epoch  10 training error:  tensor(2.0889, device='cuda:0', grad_fn=<DivBackward0>)
Memory status after this epoch: 
Memory allocated:  13.6650390625
Memory cached:  38.0
	 epoch  20 training error:  tensor(0.4479, device='cuda:0', grad_fn=<DivBackward0>)
Memory status after this epoch: 
Memory allocated:  13.6650390625
Memory cached:  38.0
	 epoch  30 training error:  tensor(0.4009, device='cuda:0', grad_fn=<DivBackward0>)
Memory status after this epoch: 
Memory allocated:  13.6650390625
Memory cached:  38.0
	 epoch  40 training error:  tensor(0.3751, device='cuda:0', grad_fn=<DivBackward0>)
Memory status after this epoch: 
Memory allocated:  13.6650390625
Memory cached:  38.0
	 epoch  50 training error:  tensor(0.3666, device='cuda:0', grad_fn=<DivBackward0>)
Memory status after this epoch: 
Memory allocated:  13.6650390625
Memory cached:  38.0
	 epoch  60 training error:  tensor(0.3634, device='cuda:0', grad_fn=<DivBackward0>)
Memory status after this epoch: 
Memory allocated:  13.6650390625
Memory cached:  38.0
	 epoch  70 training error:  tensor(0.3614, device='cuda:0', grad_fn=<DivBackward0>)
Memory status after this epoch: 
Memory allocated:  13.6650390625
Memory cached:  38.0
	 epoch  80 training error:  tensor(0.3605, device='cuda:0', grad_fn=<DivBackward0>)
Memory status after this epoch: 
Memory allocated:  13.6650390625
Memory cached:  38.0
	 epoch  90 training error:  tensor(0.3601, device='cuda:0', grad_fn=<DivBackward0>)
Memory status after this epoch: 
Memory allocated:  13.6650390625
Memory cached:  38.0
[I 2023-12-06 12:02:41,535] Trial 68 finished with value: 0.3323483467102051 and parameters: {'W_layers': 4, 'W_layer_units_exponent_0': 5, 'W_layer_units_exponent_1': 10, 'W_layer_units_exponent_2': 5, 'W_layer_units_exponent_3': 5, 'D_layers': 4, 'D_layer_units_exponent_0': 8, 'D_layer_units_exponent_1': 4, 'D_layer_units_exponent_2': 9, 'D_layer_units_exponent_3': 10, 'log_learning_rate': -1.8186619069380137, 'log_learning_rate_D': -1.6635266828448185, 'training_batch_size': 11, 'training_p': 4}. Best is trial 68 with value: 0.3323483467102051.
res:  tensor(0.3323, device='cuda:0', grad_fn=<DivBackward0>)
self.bestValue:  tensor(0.3324, device='cuda:0', grad_fn=<DivBackward0>)
Save this model!
Time for this trial:  15.67564082145691
Memory status after this trial: 
Memory allocated:  26.197265625
Memory cached:  50.0
--------------------  Trial  69   --------------------
Start timing: 
Parameters: 
{'W_layers': 5, 'W_layer_units_exponent_0': 4, 'W_layer_units_exponent_1': 10, 'W_layer_units_exponent_2': 4, 'W_layer_units_exponent_3': 5, 'W_layer_units_exponent_4': 9, 'D_layers': 2, 'D_layer_units_exponent_0': 7, 'D_layer_units_exponent_1': 4, 'log_learning_rate': -1.3212558409359663, 'log_learning_rate_D': -1.783570533968593, 'training_batch_size': 11, 'training_p': 4}
	 epoch  0 training error:  tensor(1.0198, device='cuda:0', grad_fn=<DivBackward0>)
Memory status after this epoch: 
Memory allocated:  27.03662109375
Memory cached:  50.0
	 epoch  10 training error:  tensor(41.8437, device='cuda:0', grad_fn=<DivBackward0>)
Memory status after this epoch: 
Memory allocated:  27.03662109375
Memory cached:  50.0
	 epoch  20 training error:  tensor(7.8558, device='cuda:0', grad_fn=<DivBackward0>)
Memory status after this epoch: 
Memory allocated:  27.03662109375
Memory cached:  50.0
	 epoch  30 training error:  tensor(2.0045, device='cuda:0', grad_fn=<DivBackward0>)
Memory status after this epoch: 
Memory allocated:  27.03662109375
Memory cached:  50.0
	 epoch  40 training error:  tensor(3.8495, device='cuda:0', grad_fn=<DivBackward0>)
Memory status after this epoch: 
Memory allocated:  27.03662109375
Memory cached:  50.0
	 epoch  50 training error:  tensor(2.1933, device='cuda:0', grad_fn=<DivBackward0>)
Memory status after this epoch: 
Memory allocated:  27.03662109375
Memory cached:  50.0
	 epoch  60 training error:  tensor(2.9761, device='cuda:0', grad_fn=<DivBackward0>)
Memory status after this epoch: 
Memory allocated:  27.03662109375
Memory cached:  50.0
	 epoch  70 training error:  tensor(2.1647, device='cuda:0', grad_fn=<DivBackward0>)
Memory status after this epoch: 
Memory allocated:  27.03662109375
Memory cached:  50.0
	 epoch  80 training error:  tensor(2.4692, device='cuda:0', grad_fn=<DivBackward0>)
Memory status after this epoch: 
Memory allocated:  27.03662109375
Memory cached:  50.0
	 epoch  90 training error:  tensor(1.8898, device='cuda:0', grad_fn=<DivBackward0>)
Memory status after this epoch: 
Memory allocated:  27.03662109375
Memory cached:  50.0
[I 2023-12-06 12:02:58,310] Trial 69 finished with value: 2.419456958770752 and parameters: {'W_layers': 5, 'W_layer_units_exponent_0': 4, 'W_layer_units_exponent_1': 10, 'W_layer_units_exponent_2': 4, 'W_layer_units_exponent_3': 5, 'W_layer_units_exponent_4': 9, 'D_layers': 2, 'D_layer_units_exponent_0': 7, 'D_layer_units_exponent_1': 4, 'log_learning_rate': -1.3212558409359663, 'log_learning_rate_D': -1.783570533968593, 'training_batch_size': 11, 'training_p': 4}. Best is trial 68 with value: 0.3323483467102051.
Time for this trial:  16.606071710586548
Memory status after this trial: 
Memory allocated:  64.19580078125
Memory cached:  90.0
--------------------  Trial  70   --------------------
Start timing: 
Parameters: 
{'W_layers': 5, 'W_layer_units_exponent_0': 6, 'W_layer_units_exponent_1': 10, 'W_layer_units_exponent_2': 5, 'W_layer_units_exponent_3': 6, 'W_layer_units_exponent_4': 8, 'D_layers': 5, 'D_layer_units_exponent_0': 9, 'D_layer_units_exponent_1': 4, 'D_layer_units_exponent_2': 9, 'D_layer_units_exponent_3': 10, 'D_layer_units_exponent_4': 9, 'log_learning_rate': -2.0146915121792337, 'log_learning_rate_D': -2.0415421323569287, 'training_batch_size': 11, 'training_p': 4}
	 epoch  0 training error:  tensor(0.9693, device='cuda:0', grad_fn=<DivBackward0>)
Memory status after this epoch: 
Memory allocated:  32.119140625
Memory cached:  50.0
	 epoch  10 training error:  tensor(0.6165, device='cuda:0', grad_fn=<DivBackward0>)
Memory status after this epoch: 
Memory allocated:  32.119140625
Memory cached:  50.0
	 epoch  20 training error:  tensor(0.7246, device='cuda:0', grad_fn=<DivBackward0>)
Memory status after this epoch: 
Memory allocated:  32.119140625
Memory cached:  50.0
	 epoch  30 training error:  tensor(0.4409, device='cuda:0', grad_fn=<DivBackward0>)
Memory status after this epoch: 
Memory allocated:  32.119140625
Memory cached:  50.0
	 epoch  40 training error:  tensor(0.4467, device='cuda:0', grad_fn=<DivBackward0>)
Memory status after this epoch: 
Memory allocated:  32.119140625
Memory cached:  50.0
	 epoch  50 training error:  tensor(0.3723, device='cuda:0', grad_fn=<DivBackward0>)
Memory status after this epoch: 
Memory allocated:  32.119140625
Memory cached:  50.0
	 epoch  60 training error:  tensor(0.3689, device='cuda:0', grad_fn=<DivBackward0>)
Memory status after this epoch: 
Memory allocated:  32.119140625
Memory cached:  50.0
	 epoch  70 training error:  tensor(0.3760, device='cuda:0', grad_fn=<DivBackward0>)
Memory status after this epoch: 
Memory allocated:  32.119140625
Memory cached:  50.0
	 epoch  80 training error:  tensor(0.3717, device='cuda:0', grad_fn=<DivBackward0>)
Memory status after this epoch: 
Memory allocated:  32.119140625
Memory cached:  50.0
	 epoch  90 training error:  tensor(0.3672, device='cuda:0', grad_fn=<DivBackward0>)
Memory status after this epoch: 
Memory allocated:  32.119140625
Memory cached:  50.0
[I 2023-12-06 12:03:14,783] Trial 70 finished with value: 0.3335835933685303 and parameters: {'W_layers': 5, 'W_layer_units_exponent_0': 6, 'W_layer_units_exponent_1': 10, 'W_layer_units_exponent_2': 5, 'W_layer_units_exponent_3': 6, 'W_layer_units_exponent_4': 8, 'D_layers': 5, 'D_layer_units_exponent_0': 9, 'D_layer_units_exponent_1': 4, 'D_layer_units_exponent_2': 9, 'D_layer_units_exponent_3': 10, 'D_layer_units_exponent_4': 9, 'log_learning_rate': -2.0146915121792337, 'log_learning_rate_D': -2.0415421323569287, 'training_batch_size': 11, 'training_p': 4}. Best is trial 68 with value: 0.3323483467102051.
Time for this trial:  16.25905156135559
Memory status after this trial: 
Memory allocated:  60.94775390625
Memory cached:  70.0
--------------------  Trial  71   --------------------
Start timing: 
Parameters: 
{'W_layers': 5, 'W_layer_units_exponent_0': 6, 'W_layer_units_exponent_1': 10, 'W_layer_units_exponent_2': 5, 'W_layer_units_exponent_3': 6, 'W_layer_units_exponent_4': 9, 'D_layers': 5, 'D_layer_units_exponent_0': 9, 'D_layer_units_exponent_1': 4, 'D_layer_units_exponent_2': 9, 'D_layer_units_exponent_3': 10, 'D_layer_units_exponent_4': 9, 'log_learning_rate': -1.984965183978519, 'log_learning_rate_D': -2.0715509641635013, 'training_batch_size': 11, 'training_p': 4}
	 epoch  0 training error:  tensor(1.0924, device='cuda:0', grad_fn=<DivBackward0>)
Memory status after this epoch: 
Memory allocated:  32.376953125
Memory cached:  50.0
	 epoch  10 training error:  tensor(0.8279, device='cuda:0', grad_fn=<DivBackward0>)
Memory status after this epoch: 
Memory allocated:  32.376953125
Memory cached:  50.0
	 epoch  20 training error:  tensor(0.4694, device='cuda:0', grad_fn=<DivBackward0>)
Memory status after this epoch: 
Memory allocated:  32.376953125
Memory cached:  50.0
	 epoch  30 training error:  tensor(0.6125, device='cuda:0', grad_fn=<DivBackward0>)
Memory status after this epoch: 
Memory allocated:  32.376953125
Memory cached:  50.0
	 epoch  40 training error:  tensor(0.4072, device='cuda:0', grad_fn=<DivBackward0>)
Memory status after this epoch: 
Memory allocated:  32.376953125
Memory cached:  50.0
	 epoch  50 training error:  tensor(0.3994, device='cuda:0', grad_fn=<DivBackward0>)
Memory status after this epoch: 
Memory allocated:  32.376953125
Memory cached:  50.0
	 epoch  60 training error:  tensor(0.3871, device='cuda:0', grad_fn=<DivBackward0>)
Memory status after this epoch: 
Memory allocated:  32.376953125
Memory cached:  50.0
	 epoch  70 training error:  tensor(0.3697, device='cuda:0', grad_fn=<DivBackward0>)
Memory status after this epoch: 
Memory allocated:  32.376953125
Memory cached:  50.0
	 epoch  80 training error:  tensor(0.3707, device='cuda:0', grad_fn=<DivBackward0>)
Memory status after this epoch: 
Memory allocated:  32.376953125
Memory cached:  50.0
	 epoch  90 training error:  tensor(0.3706, device='cuda:0', grad_fn=<DivBackward0>)
Memory status after this epoch: 
Memory allocated:  32.376953125
Memory cached:  50.0
[I 2023-12-06 12:03:31,625] Trial 71 finished with value: 0.3466048836708069 and parameters: {'W_layers': 5, 'W_layer_units_exponent_0': 6, 'W_layer_units_exponent_1': 10, 'W_layer_units_exponent_2': 5, 'W_layer_units_exponent_3': 6, 'W_layer_units_exponent_4': 9, 'D_layers': 5, 'D_layer_units_exponent_0': 9, 'D_layer_units_exponent_1': 4, 'D_layer_units_exponent_2': 9, 'D_layer_units_exponent_3': 10, 'D_layer_units_exponent_4': 9, 'log_learning_rate': -1.984965183978519, 'log_learning_rate_D': -2.0715509641635013, 'training_batch_size': 11, 'training_p': 4}. Best is trial 68 with value: 0.3323483467102051.
Time for this trial:  16.660948753356934
Memory status after this trial: 
Memory allocated:  66.56103515625
Memory cached:  90.0
--------------------  Trial  72   --------------------
Start timing: 
Parameters: 
{'W_layers': 5, 'W_layer_units_exponent_0': 5, 'W_layer_units_exponent_1': 10, 'W_layer_units_exponent_2': 5, 'W_layer_units_exponent_3': 6, 'W_layer_units_exponent_4': 8, 'D_layers': 5, 'D_layer_units_exponent_0': 10, 'D_layer_units_exponent_1': 4, 'D_layer_units_exponent_2': 9, 'D_layer_units_exponent_3': 10, 'D_layer_units_exponent_4': 10, 'log_learning_rate': -1.8512917341540234, 'log_learning_rate_D': -1.9605589890854846, 'training_batch_size': 11, 'training_p': 4}
	 epoch  0 training error:  tensor(0.8628, device='cuda:0', grad_fn=<DivBackward0>)
Memory status after this epoch: 
Memory allocated:  34.033203125
Memory cached:  50.0
	 epoch  10 training error:  tensor(3.3475, device='cuda:0', grad_fn=<DivBackward0>)
Memory status after this epoch: 
Memory allocated:  34.033203125
Memory cached:  50.0
	 epoch  20 training error:  tensor(1.1282, device='cuda:0', grad_fn=<DivBackward0>)
Memory status after this epoch: 
Memory allocated:  34.033203125
Memory cached:  50.0
	 epoch  30 training error:  tensor(0.6188, device='cuda:0', grad_fn=<DivBackward0>)
Memory status after this epoch: 
Memory allocated:  34.033203125
Memory cached:  50.0
	 epoch  40 training error:  tensor(0.4631, device='cuda:0', grad_fn=<DivBackward0>)
Memory status after this epoch: 
Memory allocated:  34.033203125
Memory cached:  50.0
	 epoch  50 training error:  tensor(0.6187, device='cuda:0', grad_fn=<DivBackward0>)
Memory status after this epoch: 
Memory allocated:  34.033203125
Memory cached:  50.0
	 epoch  60 training error:  tensor(0.4188, device='cuda:0', grad_fn=<DivBackward0>)
Memory status after this epoch: 
Memory allocated:  34.033203125
Memory cached:  50.0
	 epoch  70 training error:  tensor(0.3720, device='cuda:0', grad_fn=<DivBackward0>)
Memory status after this epoch: 
Memory allocated:  34.033203125
Memory cached:  50.0
	 epoch  80 training error:  tensor(0.4268, device='cuda:0', grad_fn=<DivBackward0>)
Memory status after this epoch: 
Memory allocated:  34.033203125
Memory cached:  50.0
	 epoch  90 training error:  tensor(0.3719, device='cuda:0', grad_fn=<DivBackward0>)
Memory status after this epoch: 
Memory allocated:  34.033203125
Memory cached:  50.0
[I 2023-12-06 12:03:48,089] Trial 72 finished with value: 0.3381791114807129 and parameters: {'W_layers': 5, 'W_layer_units_exponent_0': 5, 'W_layer_units_exponent_1': 10, 'W_layer_units_exponent_2': 5, 'W_layer_units_exponent_3': 6, 'W_layer_units_exponent_4': 8, 'D_layers': 5, 'D_layer_units_exponent_0': 10, 'D_layer_units_exponent_1': 4, 'D_layer_units_exponent_2': 9, 'D_layer_units_exponent_3': 10, 'D_layer_units_exponent_4': 10, 'log_learning_rate': -1.8512917341540234, 'log_learning_rate_D': -1.9605589890854846, 'training_batch_size': 11, 'training_p': 4}. Best is trial 68 with value: 0.3323483467102051.
Time for this trial:  16.289061307907104
Memory status after this trial: 
Memory allocated:  60.01220703125
Memory cached:  68.0
--------------------  Trial  73   --------------------
Start timing: 
Parameters: 
{'W_layers': 4, 'W_layer_units_exponent_0': 6, 'W_layer_units_exponent_1': 10, 'W_layer_units_exponent_2': 4, 'W_layer_units_exponent_3': 6, 'D_layers': 5, 'D_layer_units_exponent_0': 8, 'D_layer_units_exponent_1': 4, 'D_layer_units_exponent_2': 10, 'D_layer_units_exponent_3': 10, 'D_layer_units_exponent_4': 8, 'log_learning_rate': -2.0518303479931963, 'log_learning_rate_D': -1.8176958437397592, 'training_batch_size': 11, 'training_p': 4}
	 epoch  0 training error:  tensor(0.7392, device='cuda:0', grad_fn=<DivBackward0>)
Memory status after this epoch: 
Memory allocated:  32.986328125
Memory cached:  50.0
	 epoch  10 training error:  tensor(0.6368, device='cuda:0', grad_fn=<DivBackward0>)
Memory status after this epoch: 
Memory allocated:  32.986328125
Memory cached:  50.0
	 epoch  20 training error:  tensor(0.4375, device='cuda:0', grad_fn=<DivBackward0>)
Memory status after this epoch: 
Memory allocated:  32.986328125
Memory cached:  50.0
	 epoch  30 training error:  tensor(0.3787, device='cuda:0', grad_fn=<DivBackward0>)
Memory status after this epoch: 
Memory allocated:  32.986328125
Memory cached:  50.0
	 epoch  40 training error:  tensor(0.3776, device='cuda:0', grad_fn=<DivBackward0>)
Memory status after this epoch: 
Memory allocated:  32.986328125
Memory cached:  50.0
	 epoch  50 training error:  tensor(0.3643, device='cuda:0', grad_fn=<DivBackward0>)
Memory status after this epoch: 
Memory allocated:  32.986328125
Memory cached:  50.0
	 epoch  60 training error:  tensor(0.3615, device='cuda:0', grad_fn=<DivBackward0>)
Memory status after this epoch: 
Memory allocated:  32.986328125
Memory cached:  50.0
	 epoch  70 training error:  tensor(0.3604, device='cuda:0', grad_fn=<DivBackward0>)
Memory status after this epoch: 
Memory allocated:  32.986328125
Memory cached:  50.0
	 epoch  80 training error:  tensor(0.3618, device='cuda:0', grad_fn=<DivBackward0>)
Memory status after this epoch: 
Memory allocated:  32.986328125
Memory cached:  50.0
	 epoch  90 training error:  tensor(0.3594, device='cuda:0', grad_fn=<DivBackward0>)
Memory status after this epoch: 
Memory allocated:  32.986328125
Memory cached:  50.0
