[I 2024-01-10 19:11:32,322] Trial 45 finished with value: 0.5749891400337219 and parameters: {'W_layers': 8, 'W_layer_units_exponent_0': 8, 'W_layer_units_exponent_1': 6, 'W_layer_units_exponent_2': 9, 'W_layer_units_exponent_3': 4, 'W_layer_units_exponent_4': 8, 'W_layer_units_exponent_5': 4, 'W_layer_units_exponent_6': 5, 'W_layer_units_exponent_7': 10, 'D_layers': 7, 'D_layer_units_exponent_0': 9, 'D_layer_units_exponent_1': 9, 'D_layer_units_exponent_2': 4, 'D_layer_units_exponent_3': 9, 'D_layer_units_exponent_4': 4, 'D_layer_units_exponent_5': 9, 'D_layer_units_exponent_6': 8, 'D_dagger_layers': 4, 'D_dagger_layer_units_exponent_0': 5, 'D_dagger_layer_units_exponent_1': 6, 'D_dagger_layer_units_exponent_2': 5, 'D_dagger_layer_units_exponent_3': 5, 'log_learning_rate': -4.95575871512452, 'log_learning_rate_D': -1.1890332009777937, 'log_learning_rate_D_dagger': -3.3889869125748158, 'training_batch_size': 9, 'training_p': 3}. Best is trial 9 with value: 0.18485425412654877.
Time for this trial:  269.2646048069
Memory status after this trial: 
Memory allocated:  842.94677734375
Memory cached:  860.0
--------------------  Trial  46   --------------------
Start timing: 
Parameters: 
{'W_layers': 7, 'W_layer_units_exponent_0': 6, 'W_layer_units_exponent_1': 8, 'W_layer_units_exponent_2': 10, 'W_layer_units_exponent_3': 5, 'W_layer_units_exponent_4': 5, 'W_layer_units_exponent_5': 5, 'W_layer_units_exponent_6': 8, 'D_layers': 6, 'D_layer_units_exponent_0': 4, 'D_layer_units_exponent_1': 5, 'D_layer_units_exponent_2': 6, 'D_layer_units_exponent_3': 7, 'D_layer_units_exponent_4': 6, 'D_layer_units_exponent_5': 6, 'D_dagger_layers': 6, 'D_dagger_layer_units_exponent_0': 8, 'D_dagger_layer_units_exponent_1': 8, 'D_dagger_layer_units_exponent_2': 9, 'D_dagger_layer_units_exponent_3': 7, 'D_dagger_layer_units_exponent_4': 6, 'D_dagger_layer_units_exponent_5': 5, 'log_learning_rate': -4.585493888485614, 'log_learning_rate_D': -2.512697344668881, 'log_learning_rate_D_dagger': -2.429840211234022, 'training_batch_size': 8, 'training_p': 4}
	 epoch  0 training error:  tensor(0.9875, device='cuda:0', grad_fn=<DivBackward0>)
Memory status after this epoch: 
Memory allocated:  371.50048828125
Memory cached:  642.0
	 epoch  10 training error:  tensor(0.3545, device='cuda:0', grad_fn=<DivBackward0>)
Memory status after this epoch: 
Memory allocated:  371.50048828125
Memory cached:  650.0
	 epoch  20 training error:  tensor(0.3522, device='cuda:0', grad_fn=<DivBackward0>)
Memory status after this epoch: 
Memory allocated:  371.50048828125
Memory cached:  652.0
	 epoch  30 training error:  tensor(0.3060, device='cuda:0', grad_fn=<DivBackward0>)
Memory status after this epoch: 
Memory allocated:  371.50048828125
Memory cached:  656.0
	 epoch  40 training error:  tensor(0.3055, device='cuda:0', grad_fn=<DivBackward0>)
Memory status after this epoch: 
Memory allocated:  371.50048828125
Memory cached:  654.0
	 epoch  50 training error:  tensor(0.3186, device='cuda:0', grad_fn=<DivBackward0>)
Memory status after this epoch: 
Memory allocated:  371.50048828125
Memory cached:  658.0
	 epoch  60 training error:  tensor(0.3093, device='cuda:0', grad_fn=<DivBackward0>)
Memory status after this epoch: 
Memory allocated:  371.50048828125
Memory cached:  658.0
	 epoch  70 training error:  tensor(0.3036, device='cuda:0', grad_fn=<DivBackward0>)
Memory status after this epoch: 
Memory allocated:  371.50048828125
Memory cached:  656.0
	 epoch  80 training error:  tensor(0.2981, device='cuda:0', grad_fn=<DivBackward0>)
Memory status after this epoch: 
Memory allocated:  371.50048828125
Memory cached:  654.0
	 epoch  90 training error:  tensor(0.2992, device='cuda:0', grad_fn=<DivBackward0>)
Memory status after this epoch: 
Memory allocated:  371.50048828125
Memory cached:  656.0
[I 2024-01-10 19:15:46,046] Trial 46 finished with value: 0.21279668807983398 and parameters: {'W_layers': 7, 'W_layer_units_exponent_0': 6, 'W_layer_units_exponent_1': 8, 'W_layer_units_exponent_2': 10, 'W_layer_units_exponent_3': 5, 'W_layer_units_exponent_4': 5, 'W_layer_units_exponent_5': 5, 'W_layer_units_exponent_6': 8, 'D_layers': 6, 'D_layer_units_exponent_0': 4, 'D_layer_units_exponent_1': 5, 'D_layer_units_exponent_2': 6, 'D_layer_units_exponent_3': 7, 'D_layer_units_exponent_4': 6, 'D_layer_units_exponent_5': 6, 'D_dagger_layers': 6, 'D_dagger_layer_units_exponent_0': 8, 'D_dagger_layer_units_exponent_1': 8, 'D_dagger_layer_units_exponent_2': 9, 'D_dagger_layer_units_exponent_3': 7, 'D_dagger_layer_units_exponent_4': 6, 'D_dagger_layer_units_exponent_5': 5, 'log_learning_rate': -4.585493888485614, 'log_learning_rate_D': -2.512697344668881, 'log_learning_rate_D_dagger': -2.429840211234022, 'training_batch_size': 8, 'training_p': 4}. Best is trial 9 with value: 0.18485425412654877.
Time for this trial:  253.28160285949707
Memory status after this trial: 
Memory allocated:  715.0498046875
Memory cached:  734.0
--------------------  Trial  47   --------------------
Start timing: 
Parameters: 
{'W_layers': 5, 'W_layer_units_exponent_0': 10, 'W_layer_units_exponent_1': 5, 'W_layer_units_exponent_2': 5, 'W_layer_units_exponent_3': 4, 'W_layer_units_exponent_4': 7, 'D_layers': 4, 'D_layer_units_exponent_0': 10, 'D_layer_units_exponent_1': 4, 'D_layer_units_exponent_2': 5, 'D_layer_units_exponent_3': 6, 'D_dagger_layers': 3, 'D_dagger_layer_units_exponent_0': 10, 'D_dagger_layer_units_exponent_1': 7, 'D_dagger_layer_units_exponent_2': 5, 'log_learning_rate': -3.677476680969366, 'log_learning_rate_D': -2.1194577934638796, 'log_learning_rate_D_dagger': -2.707516649578463, 'training_batch_size': 6, 'training_p': 2}
	 epoch  0 training error:  tensor(0.9213, device='cuda:0', grad_fn=<DivBackward0>)
Memory status after this epoch: 
Memory allocated:  365.04248046875
Memory cached:  642.0
	 epoch  10 training error:  tensor(0.2309, device='cuda:0', grad_fn=<DivBackward0>)
Memory status after this epoch: 
Memory allocated:  365.04248046875
Memory cached:  670.0
	 epoch  20 training error:  tensor(0.2018, device='cuda:0', grad_fn=<DivBackward0>)
Memory status after this epoch: 
Memory allocated:  365.04248046875
Memory cached:  670.0
	 epoch  30 training error:  tensor(0.1770, device='cuda:0', grad_fn=<DivBackward0>)
Memory status after this epoch: 
Memory allocated:  365.04248046875
Memory cached:  672.0
	 epoch  40 training error:  tensor(0.1913, device='cuda:0', grad_fn=<DivBackward0>)
Memory status after this epoch: 
Memory allocated:  365.04248046875
Memory cached:  668.0
	 epoch  50 training error:  tensor(0.1501, device='cuda:0', grad_fn=<DivBackward0>)
Memory status after this epoch: 
Memory allocated:  365.04248046875
Memory cached:  668.0
	 epoch  60 training error:  tensor(0.1273, device='cuda:0', grad_fn=<DivBackward0>)
Memory status after this epoch: 
Memory allocated:  365.04248046875
Memory cached:  670.0
	 epoch  70 training error:  tensor(0.1222, device='cuda:0', grad_fn=<DivBackward0>)
Memory status after this epoch: 
Memory allocated:  365.04248046875
Memory cached:  664.0
	 epoch  80 training error:  tensor(0.1012, device='cuda:0', grad_fn=<DivBackward0>)
Memory status after this epoch: 
Memory allocated:  365.04248046875
Memory cached:  660.0
	 epoch  90 training error:  tensor(0.1005, device='cuda:0', grad_fn=<DivBackward0>)
Memory status after this epoch: 
Memory allocated:  365.04248046875
Memory cached:  664.0
[I 2024-01-10 19:23:10,093] Trial 47 finished with value: 0.16638340055942535 and parameters: {'W_layers': 5, 'W_layer_units_exponent_0': 10, 'W_layer_units_exponent_1': 5, 'W_layer_units_exponent_2': 5, 'W_layer_units_exponent_3': 4, 'W_layer_units_exponent_4': 7, 'D_layers': 4, 'D_layer_units_exponent_0': 10, 'D_layer_units_exponent_1': 4, 'D_layer_units_exponent_2': 5, 'D_layer_units_exponent_3': 6, 'D_dagger_layers': 3, 'D_dagger_layer_units_exponent_0': 10, 'D_dagger_layer_units_exponent_1': 7, 'D_dagger_layer_units_exponent_2': 5, 'log_learning_rate': -3.677476680969366, 'log_learning_rate_D': -2.1194577934638796, 'log_learning_rate_D_dagger': -2.707516649578463, 'training_batch_size': 6, 'training_p': 2}. Best is trial 47 with value: 0.16638340055942535.
res:  tensor(0.1664, device='cuda:0', grad_fn=<DivBackward0>)
self.bestValue:  tensor(0.1849, device='cuda:0', grad_fn=<DivBackward0>)
Save this model!
Time for this trial:  443.59654450416565
Memory status after this trial: 
Memory allocated:  376.85888671875
Memory cached:  664.0
--------------------  Trial  48   --------------------
Start timing: 
Parameters: 
{'W_layers': 5, 'W_layer_units_exponent_0': 10, 'W_layer_units_exponent_1': 5, 'W_layer_units_exponent_2': 4, 'W_layer_units_exponent_3': 6, 'W_layer_units_exponent_4': 8, 'D_layers': 2, 'D_layer_units_exponent_0': 10, 'D_layer_units_exponent_1': 5, 'D_dagger_layers': 2, 'D_dagger_layer_units_exponent_0': 10, 'D_dagger_layer_units_exponent_1': 7, 'log_learning_rate': -4.09409890070659, 'log_learning_rate_D': -1.4774605885888237, 'log_learning_rate_D_dagger': -2.7623657115888824, 'training_batch_size': 6, 'training_p': 2}
	 epoch  0 training error:  tensor(1.2063, device='cuda:0', grad_fn=<DivBackward0>)
Memory status after this epoch: 
Memory allocated:  380.27685546875
Memory cached:  656.0
	 epoch  10 training error:  tensor(0.2924, device='cuda:0', grad_fn=<DivBackward0>)
Memory status after this epoch: 
Memory allocated:  380.27685546875
Memory cached:  656.0
	 epoch  20 training error:  tensor(0.2635, device='cuda:0', grad_fn=<DivBackward0>)
Memory status after this epoch: 
Memory allocated:  380.27685546875
Memory cached:  662.0
	 epoch  30 training error:  tensor(0.5638, device='cuda:0', grad_fn=<DivBackward0>)
Memory status after this epoch: 
Memory allocated:  380.27685546875
Memory cached:  658.0
	 epoch  40 training error:  tensor(0.5365, device='cuda:0', grad_fn=<DivBackward0>)
Memory status after this epoch: 
Memory allocated:  380.27685546875
Memory cached:  658.0
	 epoch  50 training error:  tensor(0.5384, device='cuda:0', grad_fn=<DivBackward0>)
Memory status after this epoch: 
Memory allocated:  380.27685546875
Memory cached:  654.0
	 epoch  60 training error:  tensor(0.5388, device='cuda:0', grad_fn=<DivBackward0>)
Memory status after this epoch: 
Memory allocated:  380.27685546875
Memory cached:  666.0
	 epoch  70 training error:  tensor(0.5385, device='cuda:0', grad_fn=<DivBackward0>)
Memory status after this epoch: 
Memory allocated:  380.27685546875
Memory cached:  654.0
	 epoch  80 training error:  tensor(0.5385, device='cuda:0', grad_fn=<DivBackward0>)
Memory status after this epoch: 
Memory allocated:  380.27685546875
Memory cached:  658.0
	 epoch  90 training error:  tensor(0.5385, device='cuda:0', grad_fn=<DivBackward0>)
Memory status after this epoch: 
Memory allocated:  380.27685546875
Memory cached:  662.0
[I 2024-01-10 19:29:29,860] Trial 48 finished with value: 0.4997163712978363 and parameters: {'W_layers': 5, 'W_layer_units_exponent_0': 10, 'W_layer_units_exponent_1': 5, 'W_layer_units_exponent_2': 4, 'W_layer_units_exponent_3': 6, 'W_layer_units_exponent_4': 8, 'D_layers': 2, 'D_layer_units_exponent_0': 10, 'D_layer_units_exponent_1': 5, 'D_dagger_layers': 2, 'D_dagger_layer_units_exponent_0': 10, 'D_dagger_layer_units_exponent_1': 7, 'log_learning_rate': -4.09409890070659, 'log_learning_rate_D': -1.4774605885888237, 'log_learning_rate_D_dagger': -2.7623657115888824, 'training_batch_size': 6, 'training_p': 2}. Best is trial 47 with value: 0.16638340055942535.
Time for this trial:  379.40404772758484
Memory status after this trial: 
Memory allocated:  755.96728515625
Memory cached:  760.0
--------------------  Trial  49   --------------------
Start timing: 
Parameters: 
{'W_layers': 4, 'W_layer_units_exponent_0': 10, 'W_layer_units_exponent_1': 4, 'W_layer_units_exponent_2': 5, 'W_layer_units_exponent_3': 5, 'D_layers': 4, 'D_layer_units_exponent_0': 10, 'D_layer_units_exponent_1': 4, 'D_layer_units_exponent_2': 5, 'D_layer_units_exponent_3': 6, 'D_dagger_layers': 3, 'D_dagger_layer_units_exponent_0': 9, 'D_dagger_layer_units_exponent_1': 7, 'D_dagger_layer_units_exponent_2': 8, 'log_learning_rate': -3.600050680274075, 'log_learning_rate_D': -2.101065068278715, 'log_learning_rate_D_dagger': -2.6269999859109197, 'training_batch_size': 6, 'training_p': 2}
	 epoch  0 training error:  tensor(0.9277, device='cuda:0', grad_fn=<DivBackward0>)
Memory status after this epoch: 
Memory allocated:  379.04638671875
Memory cached:  644.0
	 epoch  10 training error:  tensor(0.2030, device='cuda:0', grad_fn=<DivBackward0>)
Memory status after this epoch: 
Memory allocated:  379.04638671875
Memory cached:  650.0
	 epoch  20 training error:  tensor(0.1896, device='cuda:0', grad_fn=<DivBackward0>)
Memory status after this epoch: 
Memory allocated:  379.04638671875
Memory cached:  652.0
	 epoch  30 training error:  tensor(0.1979, device='cuda:0', grad_fn=<DivBackward0>)
Memory status after this epoch: 
Memory allocated:  379.04638671875
Memory cached:  652.0
	 epoch  40 training error:  tensor(0.1923, device='cuda:0', grad_fn=<DivBackward0>)
Memory status after this epoch: 
Memory allocated:  379.04638671875
Memory cached:  652.0
	 epoch  50 training error:  tensor(0.1819, device='cuda:0', grad_fn=<DivBackward0>)
Memory status after this epoch: 
Memory allocated:  379.04638671875
Memory cached:  652.0
	 epoch  60 training error:  tensor(0.1809, device='cuda:0', grad_fn=<DivBackward0>)
Memory status after this epoch: 
Memory allocated:  379.04638671875
Memory cached:  652.0
	 epoch  70 training error:  tensor(0.1877, device='cuda:0', grad_fn=<DivBackward0>)
Memory status after this epoch: 
Memory allocated:  379.04638671875
Memory cached:  650.0
	 epoch  80 training error:  tensor(0.1899, device='cuda:0', grad_fn=<DivBackward0>)
Memory status after this epoch: 
Memory allocated:  379.04638671875
Memory cached:  652.0
	 epoch  90 training error:  tensor(0.1821, device='cuda:0', grad_fn=<DivBackward0>)
Memory status after this epoch: 
Memory allocated:  379.04638671875
Memory cached:  650.0
[I 2024-01-10 19:36:32,367] Trial 49 finished with value: 0.19230538606643677 and parameters: {'W_layers': 4, 'W_layer_units_exponent_0': 10, 'W_layer_units_exponent_1': 4, 'W_layer_units_exponent_2': 5, 'W_layer_units_exponent_3': 5, 'D_layers': 4, 'D_layer_units_exponent_0': 10, 'D_layer_units_exponent_1': 4, 'D_layer_units_exponent_2': 5, 'D_layer_units_exponent_3': 6, 'D_dagger_layers': 3, 'D_dagger_layer_units_exponent_0': 9, 'D_dagger_layer_units_exponent_1': 7, 'D_dagger_layer_units_exponent_2': 8, 'log_learning_rate': -3.600050680274075, 'log_learning_rate_D': -2.101065068278715, 'log_learning_rate_D_dagger': -2.6269999859109197, 'training_batch_size': 6, 'training_p': 2}. Best is trial 47 with value: 0.16638340055942535.
Time for this trial:  422.07416701316833
Memory status after this trial: 
Memory allocated:  706.6875
Memory cached:  710.0
--------------------  Trial  50   --------------------
Start timing: 
Parameters: 
{'W_layers': 4, 'W_layer_units_exponent_0': 10, 'W_layer_units_exponent_1': 4, 'W_layer_units_exponent_2': 5, 'W_layer_units_exponent_3': 5, 'D_layers': 3, 'D_layer_units_exponent_0': 10, 'D_layer_units_exponent_1': 4, 'D_layer_units_exponent_2': 5, 'D_dagger_layers': 3, 'D_dagger_layer_units_exponent_0': 10, 'D_dagger_layer_units_exponent_1': 7, 'D_dagger_layer_units_exponent_2': 8, 'log_learning_rate': -3.715505478716288, 'log_learning_rate_D': -2.9857960449531005, 'log_learning_rate_D_dagger': -2.3289191151001827, 'training_batch_size': 6, 'training_p': 2}
	 epoch  0 training error:  tensor(2.9174, device='cuda:0', grad_fn=<DivBackward0>)
Memory status after this epoch: 
Memory allocated:  380.03662109375
Memory cached:  648.0
	 epoch  10 training error:  tensor(0.2330, device='cuda:0', grad_fn=<DivBackward0>)
Memory status after this epoch: 
Memory allocated:  380.03662109375
Memory cached:  658.0
	 epoch  20 training error:  tensor(0.2101, device='cuda:0', grad_fn=<DivBackward0>)
Memory status after this epoch: 
Memory allocated:  380.03662109375
Memory cached:  656.0
	 epoch  30 training error:  tensor(0.2021, device='cuda:0', grad_fn=<DivBackward0>)
Memory status after this epoch: 
Memory allocated:  380.03662109375
Memory cached:  656.0
	 epoch  40 training error:  tensor(0.2104, device='cuda:0', grad_fn=<DivBackward0>)
Memory status after this epoch: 
Memory allocated:  380.03662109375
Memory cached:  656.0
	 epoch  50 training error:  tensor(0.1300, device='cuda:0', grad_fn=<DivBackward0>)
Memory status after this epoch: 
Memory allocated:  380.03662109375
Memory cached:  656.0
	 epoch  60 training error:  tensor(0.1352, device='cuda:0', grad_fn=<DivBackward0>)
Memory status after this epoch: 
Memory allocated:  380.03662109375
Memory cached:  656.0
	 epoch  70 training error:  tensor(0.2129, device='cuda:0', grad_fn=<DivBackward0>)
Memory status after this epoch: 
Memory allocated:  380.03662109375
Memory cached:  658.0
	 epoch  80 training error:  tensor(0.1894, device='cuda:0', grad_fn=<DivBackward0>)
Memory status after this epoch: 
Memory allocated:  380.03662109375
Memory cached:  656.0
	 epoch  90 training error:  tensor(0.1077, device='cuda:0', grad_fn=<DivBackward0>)
Memory status after this epoch: 
Memory allocated:  380.03662109375
Memory cached:  656.0
[I 2024-01-10 19:43:15,497] Trial 50 finished with value: 0.14806878566741943 and parameters: {'W_layers': 4, 'W_layer_units_exponent_0': 10, 'W_layer_units_exponent_1': 4, 'W_layer_units_exponent_2': 5, 'W_layer_units_exponent_3': 5, 'D_layers': 3, 'D_layer_units_exponent_0': 10, 'D_layer_units_exponent_1': 4, 'D_layer_units_exponent_2': 5, 'D_dagger_layers': 3, 'D_dagger_layer_units_exponent_0': 10, 'D_dagger_layer_units_exponent_1': 7, 'D_dagger_layer_units_exponent_2': 8, 'log_learning_rate': -3.715505478716288, 'log_learning_rate_D': -2.9857960449531005, 'log_learning_rate_D_dagger': -2.3289191151001827, 'training_batch_size': 6, 'training_p': 2}. Best is trial 50 with value: 0.14806878566741943.
res:  tensor(0.1481, device='cuda:0', grad_fn=<DivBackward0>)
self.bestValue:  tensor(0.1664, device='cuda:0', grad_fn=<DivBackward0>)
Save this model!
Time for this trial:  402.7650842666626
Memory status after this trial: 
Memory allocated:  378.93798828125
Memory cached:  660.0
--------------------  Trial  51   --------------------
Start timing: 
Parameters: 
{'W_layers': 4, 'W_layer_units_exponent_0': 10, 'W_layer_units_exponent_1': 4, 'W_layer_units_exponent_2': 5, 'W_layer_units_exponent_3': 5, 'D_layers': 3, 'D_layer_units_exponent_0': 10, 'D_layer_units_exponent_1': 4, 'D_layer_units_exponent_2': 5, 'D_dagger_layers': 3, 'D_dagger_layer_units_exponent_0': 10, 'D_dagger_layer_units_exponent_1': 7, 'D_dagger_layer_units_exponent_2': 8, 'log_learning_rate': -3.7360108734041084, 'log_learning_rate_D': -2.9866754565637113, 'log_learning_rate_D_dagger': -2.3223971523438784, 'training_batch_size': 6, 'training_p': 2}
	 epoch  0 training error:  tensor(2.7315, device='cuda:0', grad_fn=<DivBackward0>)
Memory status after this epoch: 
Memory allocated:  382.11572265625
Memory cached:  646.0
	 epoch  10 training error:  tensor(0.2246, device='cuda:0', grad_fn=<DivBackward0>)
Memory status after this epoch: 
Memory allocated:  382.11572265625
Memory cached:  652.0
	 epoch  20 training error:  tensor(0.2109, device='cuda:0', grad_fn=<DivBackward0>)
Memory status after this epoch: 
Memory allocated:  382.11572265625
Memory cached:  656.0
	 epoch  30 training error:  tensor(0.1854, device='cuda:0', grad_fn=<DivBackward0>)
Memory status after this epoch: 
Memory allocated:  382.11572265625
Memory cached:  652.0
	 epoch  40 training error:  tensor(0.1896, device='cuda:0', grad_fn=<DivBackward0>)
Memory status after this epoch: 
Memory allocated:  382.11572265625
Memory cached:  656.0
	 epoch  50 training error:  tensor(0.1921, device='cuda:0', grad_fn=<DivBackward0>)
Memory status after this epoch: 
Memory allocated:  382.11572265625
Memory cached:  656.0
	 epoch  60 training error:  tensor(0.1936, device='cuda:0', grad_fn=<DivBackward0>)
Memory status after this epoch: 
Memory allocated:  382.11572265625
Memory cached:  650.0
	 epoch  70 training error:  tensor(0.1927, device='cuda:0', grad_fn=<DivBackward0>)
Memory status after this epoch: 
Memory allocated:  382.11572265625
Memory cached:  654.0
	 epoch  80 training error:  tensor(0.2213, device='cuda:0', grad_fn=<DivBackward0>)
Memory status after this epoch: 
Memory allocated:  382.11572265625
Memory cached:  652.0
	 epoch  90 training error:  tensor(0.2187, device='cuda:0', grad_fn=<DivBackward0>)
Memory status after this epoch: 
Memory allocated:  382.11572265625
Memory cached:  654.0
