[I 2023-12-20 13:18:16,122] Trial 146 finished with value: 0.19524140655994415 and parameters: {'W_layers': 5, 'W_layer_units_exponent_0': 8, 'W_layer_units_exponent_1': 10, 'W_layer_units_exponent_2': 6, 'W_layer_units_exponent_3': 6, 'W_layer_units_exponent_4': 4, 'D_layers': 6, 'D_layer_units_exponent_0': 7, 'D_layer_units_exponent_1': 9, 'D_layer_units_exponent_2': 8, 'D_layer_units_exponent_3': 8, 'D_layer_units_exponent_4': 5, 'D_layer_units_exponent_5': 5, 'D_dagger_layers': 3, 'D_dagger_layer_units_exponent_0': 9, 'D_dagger_layer_units_exponent_1': 4, 'D_dagger_layer_units_exponent_2': 5, 'log_learning_rate': -2.5950491315082056, 'log_learning_rate_D': -3.650238083999006, 'log_learning_rate_D_dagger': -2.2964460502215833, 'training_batch_size': 6, 'training_p': 7}. Best is trial 116 with value: 0.12582257390022278.
Time for this trial:  336.9880003929138
Memory status after this trial: 
Memory allocated:  395.73388671875
Memory cached:  414.0
--------------------  Trial  147   --------------------
Start timing: 
Parameters: 
{'W_layers': 5, 'W_layer_units_exponent_0': 9, 'W_layer_units_exponent_1': 10, 'W_layer_units_exponent_2': 6, 'W_layer_units_exponent_3': 6, 'W_layer_units_exponent_4': 5, 'D_layers': 5, 'D_layer_units_exponent_0': 7, 'D_layer_units_exponent_1': 9, 'D_layer_units_exponent_2': 8, 'D_layer_units_exponent_3': 8, 'D_layer_units_exponent_4': 6, 'D_dagger_layers': 3, 'D_dagger_layer_units_exponent_0': 9, 'D_dagger_layer_units_exponent_1': 4, 'D_dagger_layer_units_exponent_2': 5, 'log_learning_rate': -2.20170979881863, 'log_learning_rate_D': -3.591569767012071, 'log_learning_rate_D_dagger': -2.5430164947663294, 'training_batch_size': 6, 'training_p': 7}
	 epoch  0 training error:  tensor(2.2884, device='cuda:0', grad_fn=<DivBackward0>)
Memory status after this epoch: 
Memory allocated:  234.30810546875
Memory cached:  408.0
	 epoch  10 training error:  tensor(0.5846, device='cuda:0', grad_fn=<DivBackward0>)
Memory status after this epoch: 
Memory allocated:  234.30810546875
Memory cached:  410.0
	 epoch  20 training error:  tensor(0.5485, device='cuda:0', grad_fn=<DivBackward0>)
Memory status after this epoch: 
Memory allocated:  234.30810546875
Memory cached:  408.0
	 epoch  30 training error:  tensor(0.5418, device='cuda:0', grad_fn=<DivBackward0>)
Memory status after this epoch: 
Memory allocated:  234.30810546875
Memory cached:  408.0
	 epoch  40 training error:  tensor(0.5296, device='cuda:0', grad_fn=<DivBackward0>)
Memory status after this epoch: 
Memory allocated:  234.30810546875
Memory cached:  408.0
	 epoch  50 training error:  tensor(0.5240, device='cuda:0', grad_fn=<DivBackward0>)
Memory status after this epoch: 
Memory allocated:  234.30810546875
Memory cached:  408.0
	 epoch  60 training error:  tensor(0.5165, device='cuda:0', grad_fn=<DivBackward0>)
Memory status after this epoch: 
Memory allocated:  234.30810546875
Memory cached:  408.0
	 epoch  70 training error:  tensor(0.4902, device='cuda:0', grad_fn=<DivBackward0>)
Memory status after this epoch: 
Memory allocated:  234.30810546875
Memory cached:  408.0
	 epoch  80 training error:  tensor(0.3454, device='cuda:0', grad_fn=<DivBackward0>)
Memory status after this epoch: 
Memory allocated:  234.30810546875
Memory cached:  408.0
	 epoch  90 training error:  tensor(0.2958, device='cuda:0', grad_fn=<DivBackward0>)
Memory status after this epoch: 
Memory allocated:  234.30810546875
Memory cached:  408.0
[I 2023-12-20 13:23:40,570] Trial 147 finished with value: 0.24871726334095 and parameters: {'W_layers': 5, 'W_layer_units_exponent_0': 9, 'W_layer_units_exponent_1': 10, 'W_layer_units_exponent_2': 6, 'W_layer_units_exponent_3': 6, 'W_layer_units_exponent_4': 5, 'D_layers': 5, 'D_layer_units_exponent_0': 7, 'D_layer_units_exponent_1': 9, 'D_layer_units_exponent_2': 8, 'D_layer_units_exponent_3': 8, 'D_layer_units_exponent_4': 6, 'D_dagger_layers': 3, 'D_dagger_layer_units_exponent_0': 9, 'D_dagger_layer_units_exponent_1': 4, 'D_dagger_layer_units_exponent_2': 5, 'log_learning_rate': -2.20170979881863, 'log_learning_rate_D': -3.591569767012071, 'log_learning_rate_D_dagger': -2.5430164947663294, 'training_batch_size': 6, 'training_p': 7}. Best is trial 116 with value: 0.12582257390022278.
Time for this trial:  324.0177059173584
Memory status after this trial: 
Memory allocated:  411.8154296875
Memory cached:  424.0
--------------------  Trial  148   --------------------
Start timing: 
Parameters: 
{'W_layers': 5, 'W_layer_units_exponent_0': 9, 'W_layer_units_exponent_1': 10, 'W_layer_units_exponent_2': 6, 'W_layer_units_exponent_3': 6, 'W_layer_units_exponent_4': 5, 'D_layers': 5, 'D_layer_units_exponent_0': 7, 'D_layer_units_exponent_1': 9, 'D_layer_units_exponent_2': 8, 'D_layer_units_exponent_3': 8, 'D_layer_units_exponent_4': 5, 'D_dagger_layers': 3, 'D_dagger_layer_units_exponent_0': 9, 'D_dagger_layer_units_exponent_1': 4, 'D_dagger_layer_units_exponent_2': 5, 'log_learning_rate': -2.4831563329560096, 'log_learning_rate_D': -3.8773115353786105, 'log_learning_rate_D_dagger': -2.6752015894157255, 'training_batch_size': 6, 'training_p': 8}
	 epoch  0 training error:  tensor(1.3512, device='cuda:0', grad_fn=<DivBackward0>)
Memory status after this epoch: 
Memory allocated:  234.18310546875
Memory cached:  408.0
	 epoch  10 training error:  tensor(0.6127, device='cuda:0', grad_fn=<DivBackward0>)
Memory status after this epoch: 
Memory allocated:  234.18310546875
Memory cached:  410.0
	 epoch  20 training error:  tensor(0.5573, device='cuda:0', grad_fn=<DivBackward0>)
Memory status after this epoch: 
Memory allocated:  234.18310546875
Memory cached:  408.0
	 epoch  30 training error:  tensor(0.5658, device='cuda:0', grad_fn=<DivBackward0>)
Memory status after this epoch: 
Memory allocated:  234.18310546875
Memory cached:  408.0
	 epoch  40 training error:  tensor(0.5302, device='cuda:0', grad_fn=<DivBackward0>)
Memory status after this epoch: 
Memory allocated:  234.18310546875
Memory cached:  408.0
	 epoch  50 training error:  tensor(0.4269, device='cuda:0', grad_fn=<DivBackward0>)
Memory status after this epoch: 
Memory allocated:  234.18310546875
Memory cached:  410.0
	 epoch  60 training error:  tensor(0.3584, device='cuda:0', grad_fn=<DivBackward0>)
Memory status after this epoch: 
Memory allocated:  234.18310546875
Memory cached:  408.0
	 epoch  70 training error:  tensor(0.2825, device='cuda:0', grad_fn=<DivBackward0>)
Memory status after this epoch: 
Memory allocated:  234.18310546875
Memory cached:  408.0
	 epoch  80 training error:  tensor(0.2711, device='cuda:0', grad_fn=<DivBackward0>)
Memory status after this epoch: 
Memory allocated:  234.18310546875
Memory cached:  410.0
	 epoch  90 training error:  tensor(0.3067, device='cuda:0', grad_fn=<DivBackward0>)
Memory status after this epoch: 
Memory allocated:  234.18310546875
Memory cached:  408.0
[I 2023-12-20 13:29:04,596] Trial 148 finished with value: 0.15252795815467834 and parameters: {'W_layers': 5, 'W_layer_units_exponent_0': 9, 'W_layer_units_exponent_1': 10, 'W_layer_units_exponent_2': 6, 'W_layer_units_exponent_3': 6, 'W_layer_units_exponent_4': 5, 'D_layers': 5, 'D_layer_units_exponent_0': 7, 'D_layer_units_exponent_1': 9, 'D_layer_units_exponent_2': 8, 'D_layer_units_exponent_3': 8, 'D_layer_units_exponent_4': 5, 'D_dagger_layers': 3, 'D_dagger_layer_units_exponent_0': 9, 'D_dagger_layer_units_exponent_1': 4, 'D_dagger_layer_units_exponent_2': 5, 'log_learning_rate': -2.4831563329560096, 'log_learning_rate_D': -3.8773115353786105, 'log_learning_rate_D_dagger': -2.6752015894157255, 'training_batch_size': 6, 'training_p': 8}. Best is trial 116 with value: 0.12582257390022278.
Time for this trial:  323.61351776123047
Memory status after this trial: 
Memory allocated:  410.302734375
Memory cached:  422.0
--------------------  Trial  149   --------------------
Start timing: 
Parameters: 
{'W_layers': 5, 'W_layer_units_exponent_0': 10, 'W_layer_units_exponent_1': 10, 'W_layer_units_exponent_2': 6, 'W_layer_units_exponent_3': 6, 'W_layer_units_exponent_4': 5, 'D_layers': 6, 'D_layer_units_exponent_0': 7, 'D_layer_units_exponent_1': 9, 'D_layer_units_exponent_2': 8, 'D_layer_units_exponent_3': 8, 'D_layer_units_exponent_4': 5, 'D_layer_units_exponent_5': 6, 'D_dagger_layers': 3, 'D_dagger_layer_units_exponent_0': 9, 'D_dagger_layer_units_exponent_1': 4, 'D_dagger_layer_units_exponent_2': 5, 'log_learning_rate': -2.7205180336360364, 'log_learning_rate_D': -3.8491288211980503, 'log_learning_rate_D_dagger': -2.4539059371551306, 'training_batch_size': 6, 'training_p': 7}
	 epoch  0 training error:  tensor(1.1642, device='cuda:0', grad_fn=<DivBackward0>)
Memory status after this epoch: 
Memory allocated:  242.23193359375
Memory cached:  430.0
	 epoch  10 training error:  tensor(0.5571, device='cuda:0', grad_fn=<DivBackward0>)
Memory status after this epoch: 
Memory allocated:  242.23193359375
Memory cached:  430.0
	 epoch  20 training error:  tensor(0.5535, device='cuda:0', grad_fn=<DivBackward0>)
Memory status after this epoch: 
Memory allocated:  242.23193359375
Memory cached:  430.0
	 epoch  30 training error:  tensor(0.5374, device='cuda:0', grad_fn=<DivBackward0>)
Memory status after this epoch: 
Memory allocated:  242.23193359375
Memory cached:  430.0
	 epoch  40 training error:  tensor(0.5345, device='cuda:0', grad_fn=<DivBackward0>)
Memory status after this epoch: 
Memory allocated:  242.23193359375
Memory cached:  430.0
	 epoch  50 training error:  tensor(0.5378, device='cuda:0', grad_fn=<DivBackward0>)
Memory status after this epoch: 
Memory allocated:  242.23193359375
Memory cached:  430.0
	 epoch  60 training error:  tensor(0.5246, device='cuda:0', grad_fn=<DivBackward0>)
Memory status after this epoch: 
Memory allocated:  242.23193359375
Memory cached:  430.0
	 epoch  70 training error:  tensor(0.5352, device='cuda:0', grad_fn=<DivBackward0>)
Memory status after this epoch: 
Memory allocated:  242.23193359375
Memory cached:  430.0
	 epoch  80 training error:  tensor(0.4098, device='cuda:0', grad_fn=<DivBackward0>)
Memory status after this epoch: 
Memory allocated:  242.23193359375
Memory cached:  430.0
	 epoch  90 training error:  tensor(0.3397, device='cuda:0', grad_fn=<DivBackward0>)
Memory status after this epoch: 
Memory allocated:  242.23193359375
Memory cached:  430.0
[I 2023-12-20 13:34:44,987] Trial 149 finished with value: 0.156069815158844 and parameters: {'W_layers': 5, 'W_layer_units_exponent_0': 10, 'W_layer_units_exponent_1': 10, 'W_layer_units_exponent_2': 6, 'W_layer_units_exponent_3': 6, 'W_layer_units_exponent_4': 5, 'D_layers': 6, 'D_layer_units_exponent_0': 7, 'D_layer_units_exponent_1': 9, 'D_layer_units_exponent_2': 8, 'D_layer_units_exponent_3': 8, 'D_layer_units_exponent_4': 5, 'D_layer_units_exponent_5': 6, 'D_dagger_layers': 3, 'D_dagger_layer_units_exponent_0': 9, 'D_dagger_layer_units_exponent_1': 4, 'D_dagger_layer_units_exponent_2': 5, 'log_learning_rate': -2.7205180336360364, 'log_learning_rate_D': -3.8491288211980503, 'log_learning_rate_D_dagger': -2.4539059371551306, 'training_batch_size': 6, 'training_p': 7}. Best is trial 116 with value: 0.12582257390022278.
Time for this trial:  339.96467328071594
Memory status after this trial: 
Memory allocated:  444.81298828125
Memory cached:  452.0
--------------------  Trial  150   --------------------
Start timing: 
Parameters: 
{'W_layers': 5, 'W_layer_units_exponent_0': 9, 'W_layer_units_exponent_1': 10, 'W_layer_units_exponent_2': 6, 'W_layer_units_exponent_3': 6, 'W_layer_units_exponent_4': 5, 'D_layers': 5, 'D_layer_units_exponent_0': 7, 'D_layer_units_exponent_1': 9, 'D_layer_units_exponent_2': 8, 'D_layer_units_exponent_3': 8, 'D_layer_units_exponent_4': 5, 'D_dagger_layers': 3, 'D_dagger_layer_units_exponent_0': 9, 'D_dagger_layer_units_exponent_1': 4, 'D_dagger_layer_units_exponent_2': 5, 'log_learning_rate': -2.4964180392331863, 'log_learning_rate_D': -3.5571655508547297, 'log_learning_rate_D_dagger': -2.2515596031236558, 'training_batch_size': 6, 'training_p': 8}
	 epoch  0 training error:  tensor(1.4964, device='cuda:0', grad_fn=<DivBackward0>)
Memory status after this epoch: 
Memory allocated:  234.18310546875
Memory cached:  408.0
	 epoch  10 training error:  tensor(0.5952, device='cuda:0', grad_fn=<DivBackward0>)
Memory status after this epoch: 
Memory allocated:  234.18310546875
Memory cached:  408.0
	 epoch  20 training error:  tensor(0.5636, device='cuda:0', grad_fn=<DivBackward0>)
Memory status after this epoch: 
Memory allocated:  234.18310546875
Memory cached:  410.0
	 epoch  30 training error:  tensor(0.5586, device='cuda:0', grad_fn=<DivBackward0>)
Memory status after this epoch: 
Memory allocated:  234.18310546875
Memory cached:  408.0
	 epoch  40 training error:  tensor(0.5361, device='cuda:0', grad_fn=<DivBackward0>)
Memory status after this epoch: 
Memory allocated:  234.18310546875
Memory cached:  408.0
	 epoch  50 training error:  tensor(0.4361, device='cuda:0', grad_fn=<DivBackward0>)
Memory status after this epoch: 
Memory allocated:  234.18310546875
Memory cached:  408.0
	 epoch  60 training error:  tensor(0.4164, device='cuda:0', grad_fn=<DivBackward0>)
Memory status after this epoch: 
Memory allocated:  234.18310546875
Memory cached:  408.0
	 epoch  70 training error:  tensor(0.2974, device='cuda:0', grad_fn=<DivBackward0>)
Memory status after this epoch: 
Memory allocated:  234.18310546875
Memory cached:  412.0
	 epoch  80 training error:  tensor(0.2929, device='cuda:0', grad_fn=<DivBackward0>)
Memory status after this epoch: 
Memory allocated:  234.18310546875
Memory cached:  410.0
	 epoch  90 training error:  tensor(0.2884, device='cuda:0', grad_fn=<DivBackward0>)
Memory status after this epoch: 
Memory allocated:  234.18310546875
Memory cached:  408.0
[I 2023-12-20 13:40:08,990] Trial 150 finished with value: 0.17635221779346466 and parameters: {'W_layers': 5, 'W_layer_units_exponent_0': 9, 'W_layer_units_exponent_1': 10, 'W_layer_units_exponent_2': 6, 'W_layer_units_exponent_3': 6, 'W_layer_units_exponent_4': 5, 'D_layers': 5, 'D_layer_units_exponent_0': 7, 'D_layer_units_exponent_1': 9, 'D_layer_units_exponent_2': 8, 'D_layer_units_exponent_3': 8, 'D_layer_units_exponent_4': 5, 'D_dagger_layers': 3, 'D_dagger_layer_units_exponent_0': 9, 'D_dagger_layer_units_exponent_1': 4, 'D_dagger_layer_units_exponent_2': 5, 'log_learning_rate': -2.4964180392331863, 'log_learning_rate_D': -3.5571655508547297, 'log_learning_rate_D_dagger': -2.2515596031236558, 'training_batch_size': 6, 'training_p': 8}. Best is trial 116 with value: 0.12582257390022278.
Time for this trial:  323.5926458835602
Memory status after this trial: 
Memory allocated:  410.302734375
Memory cached:  422.0
--------------------  Trial  151   --------------------
Start timing: 
Parameters: 
{'W_layers': 5, 'W_layer_units_exponent_0': 10, 'W_layer_units_exponent_1': 10, 'W_layer_units_exponent_2': 6, 'W_layer_units_exponent_3': 6, 'W_layer_units_exponent_4': 5, 'D_layers': 6, 'D_layer_units_exponent_0': 7, 'D_layer_units_exponent_1': 9, 'D_layer_units_exponent_2': 8, 'D_layer_units_exponent_3': 8, 'D_layer_units_exponent_4': 5, 'D_layer_units_exponent_5': 6, 'D_dagger_layers': 3, 'D_dagger_layer_units_exponent_0': 9, 'D_dagger_layer_units_exponent_1': 4, 'D_dagger_layer_units_exponent_2': 5, 'log_learning_rate': -2.9169523473256547, 'log_learning_rate_D': -3.865385390301292, 'log_learning_rate_D_dagger': -2.44994469643042, 'training_batch_size': 6, 'training_p': 7}
	 epoch  0 training error:  tensor(1.1007, device='cuda:0', grad_fn=<DivBackward0>)
Memory status after this epoch: 
Memory allocated:  242.23193359375
Memory cached:  430.0
	 epoch  10 training error:  tensor(0.5948, device='cuda:0', grad_fn=<DivBackward0>)
Memory status after this epoch: 
Memory allocated:  242.23193359375
Memory cached:  430.0
	 epoch  20 training error:  tensor(0.5542, device='cuda:0', grad_fn=<DivBackward0>)
Memory status after this epoch: 
Memory allocated:  242.23193359375
Memory cached:  430.0
	 epoch  30 training error:  tensor(0.5647, device='cuda:0', grad_fn=<DivBackward0>)
Memory status after this epoch: 
Memory allocated:  242.23193359375
Memory cached:  430.0
	 epoch  40 training error:  tensor(0.5382, device='cuda:0', grad_fn=<DivBackward0>)
Memory status after this epoch: 
Memory allocated:  242.23193359375
Memory cached:  430.0
	 epoch  50 training error:  tensor(0.5464, device='cuda:0', grad_fn=<DivBackward0>)
Memory status after this epoch: 
Memory allocated:  242.23193359375
Memory cached:  430.0
	 epoch  60 training error:  tensor(0.5432, device='cuda:0', grad_fn=<DivBackward0>)
Memory status after this epoch: 
Memory allocated:  242.23193359375
Memory cached:  430.0
	 epoch  70 training error:  tensor(0.5323, device='cuda:0', grad_fn=<DivBackward0>)
Memory status after this epoch: 
Memory allocated:  242.23193359375
Memory cached:  430.0
	 epoch  80 training error:  tensor(0.4770, device='cuda:0', grad_fn=<DivBackward0>)
Memory status after this epoch: 
Memory allocated:  242.23193359375
Memory cached:  430.0
	 epoch  90 training error:  tensor(0.4118, device='cuda:0', grad_fn=<DivBackward0>)
Memory status after this epoch: 
Memory allocated:  242.23193359375
Memory cached:  430.0
[I 2023-12-20 13:45:45,925] Trial 151 finished with value: 0.2110954374074936 and parameters: {'W_layers': 5, 'W_layer_units_exponent_0': 10, 'W_layer_units_exponent_1': 10, 'W_layer_units_exponent_2': 6, 'W_layer_units_exponent_3': 6, 'W_layer_units_exponent_4': 5, 'D_layers': 6, 'D_layer_units_exponent_0': 7, 'D_layer_units_exponent_1': 9, 'D_layer_units_exponent_2': 8, 'D_layer_units_exponent_3': 8, 'D_layer_units_exponent_4': 5, 'D_layer_units_exponent_5': 6, 'D_dagger_layers': 3, 'D_dagger_layer_units_exponent_0': 9, 'D_dagger_layer_units_exponent_1': 4, 'D_dagger_layer_units_exponent_2': 5, 'log_learning_rate': -2.9169523473256547, 'log_learning_rate_D': -3.865385390301292, 'log_learning_rate_D_dagger': -2.44994469643042, 'training_batch_size': 6, 'training_p': 7}. Best is trial 116 with value: 0.12582257390022278.
Time for this trial:  336.47970032691956
Memory status after this trial: 
Memory allocated:  444.81298828125
Memory cached:  452.0
--------------------  Trial  152   --------------------
Start timing: 
Parameters: 
{'W_layers': 5, 'W_layer_units_exponent_0': 9, 'W_layer_units_exponent_1': 10, 'W_layer_units_exponent_2': 6, 'W_layer_units_exponent_3': 6, 'W_layer_units_exponent_4': 5, 'D_layers': 6, 'D_layer_units_exponent_0': 7, 'D_layer_units_exponent_1': 9, 'D_layer_units_exponent_2': 8, 'D_layer_units_exponent_3': 8, 'D_layer_units_exponent_4': 5, 'D_layer_units_exponent_5': 5, 'D_dagger_layers': 2, 'D_dagger_layer_units_exponent_0': 9, 'D_dagger_layer_units_exponent_1': 4, 'log_learning_rate': -2.6949202619260264, 'log_learning_rate_D': -3.768514840022312, 'log_learning_rate_D_dagger': -2.3472387486614985, 'training_batch_size': 6, 'training_p': 7}
	 epoch  0 training error:  tensor(1.1861, device='cuda:0', grad_fn=<DivBackward0>)
Memory status after this epoch: 
Memory allocated:  234.19091796875
Memory cached:  408.0
	 epoch  10 training error:  tensor(0.5639, device='cuda:0', grad_fn=<DivBackward0>)
Memory status after this epoch: 
Memory allocated:  234.19091796875
Memory cached:  408.0
	 epoch  20 training error:  tensor(0.5686, device='cuda:0', grad_fn=<DivBackward0>)
Memory status after this epoch: 
Memory allocated:  234.19091796875
Memory cached:  408.0
	 epoch  30 training error:  tensor(0.5625, device='cuda:0', grad_fn=<DivBackward0>)
Memory status after this epoch: 
Memory allocated:  234.19091796875
Memory cached:  408.0
	 epoch  40 training error:  tensor(0.5348, device='cuda:0', grad_fn=<DivBackward0>)
Memory status after this epoch: 
Memory allocated:  234.19091796875
Memory cached:  408.0
	 epoch  50 training error:  tensor(0.5306, device='cuda:0', grad_fn=<DivBackward0>)
Memory status after this epoch: 
Memory allocated:  234.19091796875
Memory cached:  408.0
	 epoch  60 training error:  tensor(0.5301, device='cuda:0', grad_fn=<DivBackward0>)
Memory status after this epoch: 
Memory allocated:  234.19091796875
Memory cached:  410.0
	 epoch  70 training error:  tensor(0.5111, device='cuda:0', grad_fn=<DivBackward0>)
Memory status after this epoch: 
Memory allocated:  234.19091796875
Memory cached:  408.0
	 epoch  80 training error:  tensor(0.4584, device='cuda:0', grad_fn=<DivBackward0>)
Memory status after this epoch: 
Memory allocated:  234.19091796875
Memory cached:  408.0
	 epoch  90 training error:  tensor(0.4137, device='cuda:0', grad_fn=<DivBackward0>)
Memory status after this epoch: 
Memory allocated:  234.19091796875
Memory cached:  408.0
