[I 2024-02-18 09:56:04,410] Trial 36 finished with value: 0.08390302956104279 and parameters: {'W_layers': 5, 'W_layer_units_exponent_0': 5, 'W_layer_units_exponent_1': 10, 'W_layer_units_exponent_2': 9, 'W_layer_units_exponent_3': 8, 'W_layer_units_exponent_4': 5, 'D_layers': 3, 'D_layer_units_exponent_0': 10, 'D_layer_units_exponent_1': 10, 'D_layer_units_exponent_2': 10, 'D_dagger_layers': 4, 'D_dagger_layer_units_exponent_0': 4, 'D_dagger_layer_units_exponent_1': 5, 'D_dagger_layer_units_exponent_2': 6, 'D_dagger_layer_units_exponent_3': 10, 'log_learning_rate': -2.0141643912097815, 'log_learning_rate_D': -1.402279625453019, 'log_learning_rate_D_dagger': -3.0627722630276466, 'training_batch_size': 6, 'training_p': 2}. Best is trial 26 with value: 0.0832114964723587.
Time for this trial:  28.27943515777588
Memory status after this trial: 
Memory allocated:  1102.95068359375
Memory cached:  1146.0
--------------------  Trial  37   --------------------
Start timing: 
Parameters: 
{'W_layers': 6, 'W_layer_units_exponent_0': 5, 'W_layer_units_exponent_1': 9, 'W_layer_units_exponent_2': 9, 'W_layer_units_exponent_3': 8, 'W_layer_units_exponent_4': 4, 'W_layer_units_exponent_5': 10, 'D_layers': 4, 'D_layer_units_exponent_0': 10, 'D_layer_units_exponent_1': 9, 'D_layer_units_exponent_2': 10, 'D_layer_units_exponent_3': 6, 'D_dagger_layers': 4, 'D_dagger_layer_units_exponent_0': 4, 'D_dagger_layer_units_exponent_1': 5, 'D_dagger_layer_units_exponent_2': 7, 'D_dagger_layer_units_exponent_3': 10, 'log_learning_rate': -2.3436626962285203, 'log_learning_rate_D': -1.4859883152843067, 'log_learning_rate_D_dagger': -3.6387689052891217, 'training_batch_size': 6, 'training_p': 6}
	 epoch  0 training error:  tensor(3.3542, device='cuda:0', grad_fn=<DivBackward0>)
Memory status after this epoch: 
Memory allocated:  489.88232421875
Memory cached:  592.0
	 epoch  10 training error:  tensor(0.1602, device='cuda:0', grad_fn=<DivBackward0>)
Memory status after this epoch: 
Memory allocated:  489.88232421875
Memory cached:  592.0
	 epoch  20 training error:  tensor(0.1205, device='cuda:0', grad_fn=<DivBackward0>)
Memory status after this epoch: 
Memory allocated:  489.88232421875
Memory cached:  592.0
	 epoch  30 training error:  tensor(0.1174, device='cuda:0', grad_fn=<DivBackward0>)
Memory status after this epoch: 
Memory allocated:  489.88232421875
Memory cached:  592.0
	 epoch  40 training error:  tensor(0.1155, device='cuda:0', grad_fn=<DivBackward0>)
Memory status after this epoch: 
Memory allocated:  489.88232421875
Memory cached:  592.0
	 epoch  50 training error:  tensor(0.1182, device='cuda:0', grad_fn=<DivBackward0>)
Memory status after this epoch: 
Memory allocated:  489.88232421875
Memory cached:  592.0
	 epoch  60 training error:  tensor(0.1152, device='cuda:0', grad_fn=<DivBackward0>)
Memory status after this epoch: 
Memory allocated:  489.88232421875
Memory cached:  592.0
	 epoch  70 training error:  tensor(0.1140, device='cuda:0', grad_fn=<DivBackward0>)
Memory status after this epoch: 
Memory allocated:  489.88232421875
Memory cached:  592.0
	 epoch  80 training error:  tensor(0.1148, device='cuda:0', grad_fn=<DivBackward0>)
Memory status after this epoch: 
Memory allocated:  489.88232421875
Memory cached:  592.0
	 epoch  90 training error:  tensor(0.1140, device='cuda:0', grad_fn=<DivBackward0>)
Memory status after this epoch: 
Memory allocated:  489.88232421875
Memory cached:  592.0
[I 2024-02-18 09:56:33,990] Trial 37 finished with value: 0.0922304019331932 and parameters: {'W_layers': 6, 'W_layer_units_exponent_0': 5, 'W_layer_units_exponent_1': 9, 'W_layer_units_exponent_2': 9, 'W_layer_units_exponent_3': 8, 'W_layer_units_exponent_4': 4, 'W_layer_units_exponent_5': 10, 'D_layers': 4, 'D_layer_units_exponent_0': 10, 'D_layer_units_exponent_1': 9, 'D_layer_units_exponent_2': 10, 'D_layer_units_exponent_3': 6, 'D_dagger_layers': 4, 'D_dagger_layer_units_exponent_0': 4, 'D_dagger_layer_units_exponent_1': 5, 'D_dagger_layer_units_exponent_2': 7, 'D_dagger_layer_units_exponent_3': 10, 'log_learning_rate': -2.3436626962285203, 'log_learning_rate_D': -1.4859883152843067, 'log_learning_rate_D_dagger': -3.6387689052891217, 'training_batch_size': 6, 'training_p': 6}. Best is trial 26 with value: 0.0832114964723587.
Time for this trial:  29.221721649169922
Memory status after this trial: 
Memory allocated:  1192.44189453125
Memory cached:  1230.0
--------------------  Trial  38   --------------------
Start timing: 
Parameters: 
{'W_layers': 5, 'W_layer_units_exponent_0': 5, 'W_layer_units_exponent_1': 10, 'W_layer_units_exponent_2': 9, 'W_layer_units_exponent_3': 7, 'W_layer_units_exponent_4': 5, 'D_layers': 3, 'D_layer_units_exponent_0': 10, 'D_layer_units_exponent_1': 4, 'D_layer_units_exponent_2': 9, 'D_dagger_layers': 4, 'D_dagger_layer_units_exponent_0': 4, 'D_dagger_layer_units_exponent_1': 4, 'D_dagger_layer_units_exponent_2': 6, 'D_dagger_layer_units_exponent_3': 9, 'log_learning_rate': -2.0454238303193577, 'log_learning_rate_D': -1.351719711564975, 'log_learning_rate_D_dagger': -3.114162076801668, 'training_batch_size': 6, 'training_p': 2}
	 epoch  0 training error:  tensor(3.3401, device='cuda:0', grad_fn=<DivBackward0>)
Memory status after this epoch: 
Memory allocated:  487.5087890625
Memory cached:  590.0
	 epoch  10 training error:  tensor(0.1091, device='cuda:0', grad_fn=<DivBackward0>)
Memory status after this epoch: 
Memory allocated:  487.5087890625
Memory cached:  590.0
	 epoch  20 training error:  tensor(0.0866, device='cuda:0', grad_fn=<DivBackward0>)
Memory status after this epoch: 
Memory allocated:  487.5087890625
Memory cached:  590.0
	 epoch  30 training error:  tensor(0.0856, device='cuda:0', grad_fn=<DivBackward0>)
Memory status after this epoch: 
Memory allocated:  487.5087890625
Memory cached:  590.0
	 epoch  40 training error:  tensor(0.0833, device='cuda:0', grad_fn=<DivBackward0>)
Memory status after this epoch: 
Memory allocated:  487.5087890625
Memory cached:  590.0
	 epoch  50 training error:  tensor(0.0830, device='cuda:0', grad_fn=<DivBackward0>)
Memory status after this epoch: 
Memory allocated:  487.5087890625
Memory cached:  590.0
	 epoch  60 training error:  tensor(0.0830, device='cuda:0', grad_fn=<DivBackward0>)
Memory status after this epoch: 
Memory allocated:  487.5087890625
Memory cached:  590.0
	 epoch  70 training error:  tensor(0.0829, device='cuda:0', grad_fn=<DivBackward0>)
Memory status after this epoch: 
Memory allocated:  487.5087890625
Memory cached:  590.0
	 epoch  80 training error:  tensor(0.0837, device='cuda:0', grad_fn=<DivBackward0>)
Memory status after this epoch: 
Memory allocated:  487.5087890625
Memory cached:  590.0
	 epoch  90 training error:  tensor(0.0837, device='cuda:0', grad_fn=<DivBackward0>)
Memory status after this epoch: 
Memory allocated:  487.5087890625
Memory cached:  590.0
[I 2024-02-18 09:57:02,158] Trial 38 finished with value: 0.08820940554141998 and parameters: {'W_layers': 5, 'W_layer_units_exponent_0': 5, 'W_layer_units_exponent_1': 10, 'W_layer_units_exponent_2': 9, 'W_layer_units_exponent_3': 7, 'W_layer_units_exponent_4': 5, 'D_layers': 3, 'D_layer_units_exponent_0': 10, 'D_layer_units_exponent_1': 4, 'D_layer_units_exponent_2': 9, 'D_dagger_layers': 4, 'D_dagger_layer_units_exponent_0': 4, 'D_dagger_layer_units_exponent_1': 4, 'D_dagger_layer_units_exponent_2': 6, 'D_dagger_layer_units_exponent_3': 9, 'log_learning_rate': -2.0454238303193577, 'log_learning_rate_D': -1.351719711564975, 'log_learning_rate_D_dagger': -3.114162076801668, 'training_batch_size': 6, 'training_p': 2}. Best is trial 26 with value: 0.0832114964723587.
Time for this trial:  27.84408187866211
Memory status after this trial: 
Memory allocated:  975.06103515625
Memory cached:  1038.0
--------------------  Trial  39   --------------------
Start timing: 
Parameters: 
{'W_layers': 5, 'W_layer_units_exponent_0': 4, 'W_layer_units_exponent_1': 10, 'W_layer_units_exponent_2': 10, 'W_layer_units_exponent_3': 9, 'W_layer_units_exponent_4': 5, 'D_layers': 4, 'D_layer_units_exponent_0': 7, 'D_layer_units_exponent_1': 9, 'D_layer_units_exponent_2': 10, 'D_layer_units_exponent_3': 5, 'D_dagger_layers': 4, 'D_dagger_layer_units_exponent_0': 5, 'D_dagger_layer_units_exponent_1': 5, 'D_dagger_layer_units_exponent_2': 6, 'D_dagger_layer_units_exponent_3': 10, 'log_learning_rate': -2.345600472124067, 'log_learning_rate_D': -1.0050261806328302, 'log_learning_rate_D_dagger': -2.6641918955444353, 'training_batch_size': 9, 'training_p': 7}
	 epoch  0 training error:  tensor(0.9808, device='cuda:0', grad_fn=<DivBackward0>)
Memory status after this epoch: 
Memory allocated:  505.708984375
Memory cached:  588.0
	 epoch  10 training error:  tensor(0.2562, device='cuda:0', grad_fn=<DivBackward0>)
Memory status after this epoch: 
Memory allocated:  505.708984375
Memory cached:  588.0
	 epoch  20 training error:  tensor(0.1944, device='cuda:0', grad_fn=<DivBackward0>)
Memory status after this epoch: 
Memory allocated:  505.708984375
Memory cached:  588.0
	 epoch  30 training error:  tensor(0.1674, device='cuda:0', grad_fn=<DivBackward0>)
Memory status after this epoch: 
Memory allocated:  505.708984375
Memory cached:  588.0
	 epoch  40 training error:  tensor(0.1313, device='cuda:0', grad_fn=<DivBackward0>)
Memory status after this epoch: 
Memory allocated:  505.708984375
Memory cached:  588.0
	 epoch  50 training error:  tensor(0.1319, device='cuda:0', grad_fn=<DivBackward0>)
Memory status after this epoch: 
Memory allocated:  505.708984375
Memory cached:  588.0
	 epoch  60 training error:  tensor(0.1206, device='cuda:0', grad_fn=<DivBackward0>)
Memory status after this epoch: 
Memory allocated:  505.708984375
Memory cached:  588.0
	 epoch  70 training error:  tensor(0.1232, device='cuda:0', grad_fn=<DivBackward0>)
Memory status after this epoch: 
Memory allocated:  505.708984375
Memory cached:  588.0
	 epoch  80 training error:  tensor(0.1220, device='cuda:0', grad_fn=<DivBackward0>)
Memory status after this epoch: 
Memory allocated:  505.708984375
Memory cached:  588.0
	 epoch  90 training error:  tensor(0.1177, device='cuda:0', grad_fn=<DivBackward0>)
Memory status after this epoch: 
Memory allocated:  505.708984375
Memory cached:  588.0
[I 2024-02-18 09:57:27,941] Trial 39 finished with value: 0.08937902748584747 and parameters: {'W_layers': 5, 'W_layer_units_exponent_0': 4, 'W_layer_units_exponent_1': 10, 'W_layer_units_exponent_2': 10, 'W_layer_units_exponent_3': 9, 'W_layer_units_exponent_4': 5, 'D_layers': 4, 'D_layer_units_exponent_0': 7, 'D_layer_units_exponent_1': 9, 'D_layer_units_exponent_2': 10, 'D_layer_units_exponent_3': 5, 'D_dagger_layers': 4, 'D_dagger_layer_units_exponent_0': 5, 'D_dagger_layer_units_exponent_1': 5, 'D_dagger_layer_units_exponent_2': 6, 'D_dagger_layer_units_exponent_3': 10, 'log_learning_rate': -2.345600472124067, 'log_learning_rate_D': -1.0050261806328302, 'log_learning_rate_D_dagger': -2.6641918955444353, 'training_batch_size': 9, 'training_p': 7}. Best is trial 26 with value: 0.0832114964723587.
Time for this trial:  25.374895095825195
Memory status after this trial: 
Memory allocated:  1278.88232421875
Memory cached:  1352.0
--------------------  Trial  40   --------------------
Start timing: 
Parameters: 
{'W_layers': 7, 'W_layer_units_exponent_0': 7, 'W_layer_units_exponent_1': 9, 'W_layer_units_exponent_2': 9, 'W_layer_units_exponent_3': 8, 'W_layer_units_exponent_4': 4, 'W_layer_units_exponent_5': 6, 'W_layer_units_exponent_6': 8, 'D_layers': 3, 'D_layer_units_exponent_0': 10, 'D_layer_units_exponent_1': 6, 'D_layer_units_exponent_2': 10, 'D_dagger_layers': 4, 'D_dagger_layer_units_exponent_0': 4, 'D_dagger_layer_units_exponent_1': 4, 'D_dagger_layer_units_exponent_2': 7, 'D_dagger_layer_units_exponent_3': 8, 'log_learning_rate': -1.9197883182193274, 'log_learning_rate_D': -2.1515115812308614, 'log_learning_rate_D_dagger': -2.9675963306797497, 'training_batch_size': 8, 'training_p': 3}
	 epoch  0 training error:  tensor(1.8771, device='cuda:0', grad_fn=<DivBackward0>)
Memory status after this epoch: 
Memory allocated:  484.8974609375
Memory cached:  588.0
	 epoch  10 training error:  tensor(0.7637, device='cuda:0', grad_fn=<DivBackward0>)
Memory status after this epoch: 
Memory allocated:  484.8974609375
Memory cached:  588.0
	 epoch  20 training error:  tensor(0.8930, device='cuda:0', grad_fn=<DivBackward0>)
Memory status after this epoch: 
Memory allocated:  484.8974609375
Memory cached:  588.0
	 epoch  30 training error:  tensor(1.4456, device='cuda:0', grad_fn=<DivBackward0>)
Memory status after this epoch: 
Memory allocated:  484.8974609375
Memory cached:  588.0
	 epoch  40 training error:  tensor(0.2040, device='cuda:0', grad_fn=<DivBackward0>)
Memory status after this epoch: 
Memory allocated:  484.8974609375
Memory cached:  588.0
	 epoch  50 training error:  tensor(0.1537, device='cuda:0', grad_fn=<DivBackward0>)
Memory status after this epoch: 
Memory allocated:  484.8974609375
Memory cached:  588.0
	 epoch  60 training error:  tensor(0.1335, device='cuda:0', grad_fn=<DivBackward0>)
Memory status after this epoch: 
Memory allocated:  484.8974609375
Memory cached:  588.0
	 epoch  70 training error:  tensor(0.1188, device='cuda:0', grad_fn=<DivBackward0>)
Memory status after this epoch: 
Memory allocated:  484.8974609375
Memory cached:  588.0
	 epoch  80 training error:  tensor(0.1049, device='cuda:0', grad_fn=<DivBackward0>)
Memory status after this epoch: 
Memory allocated:  484.8974609375
Memory cached:  588.0
	 epoch  90 training error:  tensor(0.0996, device='cuda:0', grad_fn=<DivBackward0>)
Memory status after this epoch: 
Memory allocated:  484.8974609375
Memory cached:  588.0
[I 2024-02-18 09:57:55,588] Trial 40 finished with value: 0.0882715955376625 and parameters: {'W_layers': 7, 'W_layer_units_exponent_0': 7, 'W_layer_units_exponent_1': 9, 'W_layer_units_exponent_2': 9, 'W_layer_units_exponent_3': 8, 'W_layer_units_exponent_4': 4, 'W_layer_units_exponent_5': 6, 'W_layer_units_exponent_6': 8, 'D_layers': 3, 'D_layer_units_exponent_0': 10, 'D_layer_units_exponent_1': 6, 'D_layer_units_exponent_2': 10, 'D_dagger_layers': 4, 'D_dagger_layer_units_exponent_0': 4, 'D_dagger_layer_units_exponent_1': 4, 'D_dagger_layer_units_exponent_2': 7, 'D_dagger_layer_units_exponent_3': 8, 'log_learning_rate': -1.9197883182193274, 'log_learning_rate_D': -2.1515115812308614, 'log_learning_rate_D_dagger': -2.9675963306797497, 'training_batch_size': 8, 'training_p': 3}. Best is trial 26 with value: 0.0832114964723587.
Time for this trial:  27.303066968917847
Memory status after this trial: 
Memory allocated:  936.57763671875
Memory cached:  964.0
--------------------  Trial  41   --------------------
Start timing: 
Parameters: 
{'W_layers': 5, 'W_layer_units_exponent_0': 6, 'W_layer_units_exponent_1': 10, 'W_layer_units_exponent_2': 8, 'W_layer_units_exponent_3': 8, 'W_layer_units_exponent_4': 6, 'D_layers': 3, 'D_layer_units_exponent_0': 9, 'D_layer_units_exponent_1': 10, 'D_layer_units_exponent_2': 10, 'D_dagger_layers': 3, 'D_dagger_layer_units_exponent_0': 5, 'D_dagger_layer_units_exponent_1': 4, 'D_dagger_layer_units_exponent_2': 7, 'log_learning_rate': -1.6895152917837906, 'log_learning_rate_D': -1.6875894200068058, 'log_learning_rate_D_dagger': -2.8368315301253557, 'training_batch_size': 7, 'training_p': 2}
	 epoch  0 training error:  tensor(34.6603, device='cuda:0', grad_fn=<DivBackward0>)
Memory status after this epoch: 
Memory allocated:  489.61181640625
Memory cached:  588.0
	 epoch  10 training error:  tensor(0.3714, device='cuda:0', grad_fn=<DivBackward0>)
Memory status after this epoch: 
Memory allocated:  489.61181640625
Memory cached:  588.0
	 epoch  20 training error:  tensor(0.1672, device='cuda:0', grad_fn=<DivBackward0>)
Memory status after this epoch: 
Memory allocated:  489.61181640625
Memory cached:  588.0
	 epoch  30 training error:  tensor(0.1034, device='cuda:0', grad_fn=<DivBackward0>)
Memory status after this epoch: 
Memory allocated:  489.61181640625
Memory cached:  588.0
	 epoch  40 training error:  tensor(0.0913, device='cuda:0', grad_fn=<DivBackward0>)
Memory status after this epoch: 
Memory allocated:  489.61181640625
Memory cached:  588.0
	 epoch  50 training error:  tensor(0.0858, device='cuda:0', grad_fn=<DivBackward0>)
Memory status after this epoch: 
Memory allocated:  489.61181640625
Memory cached:  588.0
	 epoch  60 training error:  tensor(0.0846, device='cuda:0', grad_fn=<DivBackward0>)
Memory status after this epoch: 
Memory allocated:  489.61181640625
Memory cached:  588.0
	 epoch  70 training error:  tensor(0.0918, device='cuda:0', grad_fn=<DivBackward0>)
Memory status after this epoch: 
Memory allocated:  489.61181640625
Memory cached:  588.0
	 epoch  80 training error:  tensor(0.0825, device='cuda:0', grad_fn=<DivBackward0>)
Memory status after this epoch: 
Memory allocated:  489.61181640625
Memory cached:  588.0
	 epoch  90 training error:  tensor(0.0826, device='cuda:0', grad_fn=<DivBackward0>)
Memory status after this epoch: 
Memory allocated:  489.61181640625
Memory cached:  588.0
[I 2024-02-18 09:58:20,308] Trial 41 finished with value: 0.10127399116754532 and parameters: {'W_layers': 5, 'W_layer_units_exponent_0': 6, 'W_layer_units_exponent_1': 10, 'W_layer_units_exponent_2': 8, 'W_layer_units_exponent_3': 8, 'W_layer_units_exponent_4': 6, 'D_layers': 3, 'D_layer_units_exponent_0': 9, 'D_layer_units_exponent_1': 10, 'D_layer_units_exponent_2': 10, 'D_dagger_layers': 3, 'D_dagger_layer_units_exponent_0': 5, 'D_dagger_layer_units_exponent_1': 4, 'D_dagger_layer_units_exponent_2': 7, 'log_learning_rate': -1.6895152917837906, 'log_learning_rate_D': -1.6875894200068058, 'log_learning_rate_D_dagger': -2.8368315301253557, 'training_batch_size': 7, 'training_p': 2}. Best is trial 26 with value: 0.0832114964723587.
Time for this trial:  24.38653540611267
Memory status after this trial: 
Memory allocated:  875.59814453125
Memory cached:  906.0
--------------------  Trial  42   --------------------
Start timing: 
Parameters: 
{'W_layers': 5, 'W_layer_units_exponent_0': 5, 'W_layer_units_exponent_1': 10, 'W_layer_units_exponent_2': 7, 'W_layer_units_exponent_3': 8, 'W_layer_units_exponent_4': 5, 'D_layers': 2, 'D_layer_units_exponent_0': 8, 'D_layer_units_exponent_1': 10, 'D_dagger_layers': 2, 'D_dagger_layer_units_exponent_0': 4, 'D_dagger_layer_units_exponent_1': 4, 'log_learning_rate': -2.164309655525928, 'log_learning_rate_D': -1.9515585085991973, 'log_learning_rate_D_dagger': -2.7218448443073076, 'training_batch_size': 6, 'training_p': 2}
	 epoch  0 training error:  tensor(2.3141, device='cuda:0', grad_fn=<DivBackward0>)
Memory status after this epoch: 
Memory allocated:  480.64599609375
Memory cached:  590.0
	 epoch  10 training error:  tensor(0.1573, device='cuda:0', grad_fn=<DivBackward0>)
Memory status after this epoch: 
Memory allocated:  480.64599609375
Memory cached:  588.0
	 epoch  20 training error:  tensor(0.1105, device='cuda:0', grad_fn=<DivBackward0>)
Memory status after this epoch: 
Memory allocated:  480.64599609375
Memory cached:  588.0
	 epoch  30 training error:  tensor(0.0921, device='cuda:0', grad_fn=<DivBackward0>)
Memory status after this epoch: 
Memory allocated:  480.64599609375
Memory cached:  588.0
	 epoch  40 training error:  tensor(0.0883, device='cuda:0', grad_fn=<DivBackward0>)
Memory status after this epoch: 
Memory allocated:  480.64599609375
Memory cached:  588.0
	 epoch  50 training error:  tensor(0.0866, device='cuda:0', grad_fn=<DivBackward0>)
Memory status after this epoch: 
Memory allocated:  480.64599609375
Memory cached:  588.0
	 epoch  60 training error:  tensor(0.0852, device='cuda:0', grad_fn=<DivBackward0>)
Memory status after this epoch: 
Memory allocated:  480.64599609375
Memory cached:  588.0
	 epoch  70 training error:  tensor(0.0844, device='cuda:0', grad_fn=<DivBackward0>)
Memory status after this epoch: 
Memory allocated:  480.64599609375
Memory cached:  588.0
	 epoch  80 training error:  tensor(0.0839, device='cuda:0', grad_fn=<DivBackward0>)
Memory status after this epoch: 
Memory allocated:  480.64599609375
Memory cached:  588.0
	 epoch  90 training error:  tensor(0.0836, device='cuda:0', grad_fn=<DivBackward0>)
Memory status after this epoch: 
Memory allocated:  480.64599609375
Memory cached:  588.0
