[I 2023-12-05 01:43:19,177] Trial 63 finished with value: 0.0938287153840065 and parameters: {'W_layers': 3, 'W_layer_units_exponent_0': 10, 'W_layer_units_exponent_1': 4, 'W_layer_units_exponent_2': 4, 'D_layers': 2, 'D_layer_units_exponent_0': 10, 'D_layer_units_exponent_1': 7, 'log_learning_rate': -2.573494345047948, 'log_learning_rate_D': -3.1573217869823114, 'training_batch_size': 10, 'training_p': 3}. Best is trial 33 with value: 0.05789090320467949.
Time for this trial:  36.040030002593994
Memory status after this trial: 
Memory allocated:  110.09765625
Memory cached:  114.0
--------------------  Trial  64   --------------------
Start timing: 
Parameters: 
{'W_layers': 3, 'W_layer_units_exponent_0': 7, 'W_layer_units_exponent_1': 4, 'W_layer_units_exponent_2': 4, 'D_layers': 2, 'D_layer_units_exponent_0': 10, 'D_layer_units_exponent_1': 6, 'log_learning_rate': -2.6016095815294435, 'log_learning_rate_D': -3.416217174650096, 'training_batch_size': 9, 'training_p': 3}
	 epoch  0 training error:  tensor(0.9707, device='cuda:0', grad_fn=<DivBackward0>)
Memory status after this epoch: 
Memory allocated:  59.50927734375
Memory cached:  90.0
	 epoch  10 training error:  tensor(0.7952, device='cuda:0', grad_fn=<DivBackward0>)
Memory status after this epoch: 
Memory allocated:  59.50927734375
Memory cached:  88.0
	 epoch  20 training error:  tensor(0.6774, device='cuda:0', grad_fn=<DivBackward0>)
Memory status after this epoch: 
Memory allocated:  59.50927734375
Memory cached:  88.0
	 epoch  30 training error:  tensor(0.5844, device='cuda:0', grad_fn=<DivBackward0>)
Memory status after this epoch: 
Memory allocated:  59.50927734375
Memory cached:  88.0
	 epoch  40 training error:  tensor(0.5742, device='cuda:0', grad_fn=<DivBackward0>)
Memory status after this epoch: 
Memory allocated:  59.50927734375
Memory cached:  88.0
	 epoch  50 training error:  tensor(0.5667, device='cuda:0', grad_fn=<DivBackward0>)
Memory status after this epoch: 
Memory allocated:  59.50927734375
Memory cached:  88.0
	 epoch  60 training error:  tensor(0.5560, device='cuda:0', grad_fn=<DivBackward0>)
Memory status after this epoch: 
Memory allocated:  59.50927734375
Memory cached:  88.0
	 epoch  70 training error:  tensor(0.5403, device='cuda:0', grad_fn=<DivBackward0>)
Memory status after this epoch: 
Memory allocated:  59.50927734375
Memory cached:  88.0
	 epoch  80 training error:  tensor(0.5089, device='cuda:0', grad_fn=<DivBackward0>)
Memory status after this epoch: 
Memory allocated:  59.50927734375
Memory cached:  88.0
	 epoch  90 training error:  tensor(0.4472, device='cuda:0', grad_fn=<DivBackward0>)
Memory status after this epoch: 
Memory allocated:  59.50927734375
Memory cached:  88.0
[I 2023-12-05 01:43:53,335] Trial 64 finished with value: 0.3106750547885895 and parameters: {'W_layers': 3, 'W_layer_units_exponent_0': 7, 'W_layer_units_exponent_1': 4, 'W_layer_units_exponent_2': 4, 'D_layers': 2, 'D_layer_units_exponent_0': 10, 'D_layer_units_exponent_1': 6, 'log_learning_rate': -2.6016095815294435, 'log_learning_rate_D': -3.416217174650096, 'training_batch_size': 9, 'training_p': 3}. Best is trial 33 with value: 0.05789090320467949.
Time for this trial:  33.987550020217896
Memory status after this trial: 
Memory allocated:  87.5029296875
Memory cached:  90.0
--------------------  Trial  65   --------------------
Start timing: 
Parameters: 
{'W_layers': 4, 'W_layer_units_exponent_0': 9, 'W_layer_units_exponent_1': 4, 'W_layer_units_exponent_2': 4, 'W_layer_units_exponent_3': 5, 'D_layers': 3, 'D_layer_units_exponent_0': 9, 'D_layer_units_exponent_1': 7, 'D_layer_units_exponent_2': 6, 'log_learning_rate': -2.7604831160864824, 'log_learning_rate_D': -3.5603407477962996, 'training_batch_size': 10, 'training_p': 3}
	 epoch  0 training error:  tensor(0.9729, device='cuda:0', grad_fn=<DivBackward0>)
Memory status after this epoch: 
Memory allocated:  59.73193359375
Memory cached:  92.0
	 epoch  10 training error:  tensor(0.7833, device='cuda:0', grad_fn=<DivBackward0>)
Memory status after this epoch: 
Memory allocated:  59.73193359375
Memory cached:  92.0
	 epoch  20 training error:  tensor(0.6721, device='cuda:0', grad_fn=<DivBackward0>)
Memory status after this epoch: 
Memory allocated:  59.73193359375
Memory cached:  92.0
	 epoch  30 training error:  tensor(0.6174, device='cuda:0', grad_fn=<DivBackward0>)
Memory status after this epoch: 
Memory allocated:  59.73193359375
Memory cached:  92.0
	 epoch  40 training error:  tensor(0.5592, device='cuda:0', grad_fn=<DivBackward0>)
Memory status after this epoch: 
Memory allocated:  59.73193359375
Memory cached:  92.0
	 epoch  50 training error:  tensor(0.4478, device='cuda:0', grad_fn=<DivBackward0>)
Memory status after this epoch: 
Memory allocated:  59.73193359375
Memory cached:  92.0
	 epoch  60 training error:  tensor(0.2344, device='cuda:0', grad_fn=<DivBackward0>)
Memory status after this epoch: 
Memory allocated:  59.73193359375
Memory cached:  92.0
	 epoch  70 training error:  tensor(0.2177, device='cuda:0', grad_fn=<DivBackward0>)
Memory status after this epoch: 
Memory allocated:  59.73193359375
Memory cached:  92.0
	 epoch  80 training error:  tensor(0.1254, device='cuda:0', grad_fn=<DivBackward0>)
Memory status after this epoch: 
Memory allocated:  59.73193359375
Memory cached:  92.0
	 epoch  90 training error:  tensor(0.1270, device='cuda:0', grad_fn=<DivBackward0>)
Memory status after this epoch: 
Memory allocated:  59.73193359375
Memory cached:  92.0
[I 2023-12-05 01:44:32,034] Trial 65 finished with value: 0.07867618650197983 and parameters: {'W_layers': 4, 'W_layer_units_exponent_0': 9, 'W_layer_units_exponent_1': 4, 'W_layer_units_exponent_2': 4, 'W_layer_units_exponent_3': 5, 'D_layers': 3, 'D_layer_units_exponent_0': 9, 'D_layer_units_exponent_1': 7, 'D_layer_units_exponent_2': 6, 'log_learning_rate': -2.7604831160864824, 'log_learning_rate_D': -3.5603407477962996, 'training_batch_size': 10, 'training_p': 3}. Best is trial 33 with value: 0.05789090320467949.
Time for this trial:  38.53916907310486
Memory status after this trial: 
Memory allocated:  88.4345703125
Memory cached:  92.0
--------------------  Trial  66   --------------------
Start timing: 
Parameters: 
{'W_layers': 4, 'W_layer_units_exponent_0': 9, 'W_layer_units_exponent_1': 4, 'W_layer_units_exponent_2': 4, 'W_layer_units_exponent_3': 5, 'D_layers': 3, 'D_layer_units_exponent_0': 9, 'D_layer_units_exponent_1': 7, 'D_layer_units_exponent_2': 6, 'log_learning_rate': -3.072180175443188, 'log_learning_rate_D': -3.561808056596088, 'training_batch_size': 10, 'training_p': 3}
	 epoch  0 training error:  tensor(1.0176, device='cuda:0', grad_fn=<DivBackward0>)
Memory status after this epoch: 
Memory allocated:  59.73193359375
Memory cached:  90.0
	 epoch  10 training error:  tensor(0.8598, device='cuda:0', grad_fn=<DivBackward0>)
Memory status after this epoch: 
Memory allocated:  59.73193359375
Memory cached:  94.0
	 epoch  20 training error:  tensor(0.7706, device='cuda:0', grad_fn=<DivBackward0>)
Memory status after this epoch: 
Memory allocated:  59.73193359375
Memory cached:  94.0
	 epoch  30 training error:  tensor(0.6784, device='cuda:0', grad_fn=<DivBackward0>)
Memory status after this epoch: 
Memory allocated:  59.73193359375
Memory cached:  94.0
	 epoch  40 training error:  tensor(0.6391, device='cuda:0', grad_fn=<DivBackward0>)
Memory status after this epoch: 
Memory allocated:  59.73193359375
Memory cached:  94.0
	 epoch  50 training error:  tensor(0.5949, device='cuda:0', grad_fn=<DivBackward0>)
Memory status after this epoch: 
Memory allocated:  59.73193359375
Memory cached:  94.0
	 epoch  60 training error:  tensor(0.5634, device='cuda:0', grad_fn=<DivBackward0>)
Memory status after this epoch: 
Memory allocated:  59.73193359375
Memory cached:  94.0
	 epoch  70 training error:  tensor(0.5360, device='cuda:0', grad_fn=<DivBackward0>)
Memory status after this epoch: 
Memory allocated:  59.73193359375
Memory cached:  94.0
	 epoch  80 training error:  tensor(0.4704, device='cuda:0', grad_fn=<DivBackward0>)
Memory status after this epoch: 
Memory allocated:  59.73193359375
Memory cached:  94.0
	 epoch  90 training error:  tensor(0.3602, device='cuda:0', grad_fn=<DivBackward0>)
Memory status after this epoch: 
Memory allocated:  59.73193359375
Memory cached:  94.0
[I 2023-12-05 01:45:10,786] Trial 66 finished with value: 0.15782420337200165 and parameters: {'W_layers': 4, 'W_layer_units_exponent_0': 9, 'W_layer_units_exponent_1': 4, 'W_layer_units_exponent_2': 4, 'W_layer_units_exponent_3': 5, 'D_layers': 3, 'D_layer_units_exponent_0': 9, 'D_layer_units_exponent_1': 7, 'D_layer_units_exponent_2': 6, 'log_learning_rate': -3.072180175443188, 'log_learning_rate_D': -3.561808056596088, 'training_batch_size': 10, 'training_p': 3}. Best is trial 33 with value: 0.05789090320467949.
Time for this trial:  38.587636947631836
Memory status after this trial: 
Memory allocated:  88.4345703125
Memory cached:  92.0
--------------------  Trial  67   --------------------
Start timing: 
Parameters: 
{'W_layers': 3, 'W_layer_units_exponent_0': 10, 'W_layer_units_exponent_1': 5, 'W_layer_units_exponent_2': 4, 'D_layers': 8, 'D_layer_units_exponent_0': 9, 'D_layer_units_exponent_1': 7, 'D_layer_units_exponent_2': 7, 'D_layer_units_exponent_3': 8, 'D_layer_units_exponent_4': 9, 'D_layer_units_exponent_5': 5, 'D_layer_units_exponent_6': 8, 'D_layer_units_exponent_7': 4, 'log_learning_rate': -2.7724555010681566, 'log_learning_rate_D': -3.762683088262015, 'training_batch_size': 10, 'training_p': 5}
	 epoch  0 training error:  tensor(1.0407, device='cuda:0', grad_fn=<DivBackward0>)
Memory status after this epoch: 
Memory allocated:  63.21435546875
Memory cached:  90.0
	 epoch  10 training error:  tensor(0.8186, device='cuda:0', grad_fn=<DivBackward0>)
Memory status after this epoch: 
Memory allocated:  63.21435546875
Memory cached:  92.0
	 epoch  20 training error:  tensor(0.7248, device='cuda:0', grad_fn=<DivBackward0>)
Memory status after this epoch: 
Memory allocated:  63.21435546875
Memory cached:  92.0
	 epoch  30 training error:  tensor(0.5763, device='cuda:0', grad_fn=<DivBackward0>)
Memory status after this epoch: 
Memory allocated:  63.21435546875
Memory cached:  92.0
	 epoch  40 training error:  tensor(0.4289, device='cuda:0', grad_fn=<DivBackward0>)
Memory status after this epoch: 
Memory allocated:  63.21435546875
Memory cached:  92.0
	 epoch  50 training error:  tensor(0.3893, device='cuda:0', grad_fn=<DivBackward0>)
Memory status after this epoch: 
Memory allocated:  63.21435546875
Memory cached:  92.0
	 epoch  60 training error:  tensor(0.2911, device='cuda:0', grad_fn=<DivBackward0>)
Memory status after this epoch: 
Memory allocated:  63.21435546875
Memory cached:  92.0
	 epoch  70 training error:  tensor(0.2263, device='cuda:0', grad_fn=<DivBackward0>)
Memory status after this epoch: 
Memory allocated:  63.21435546875
Memory cached:  92.0
	 epoch  80 training error:  tensor(0.2004, device='cuda:0', grad_fn=<DivBackward0>)
Memory status after this epoch: 
Memory allocated:  63.21435546875
Memory cached:  92.0
	 epoch  90 training error:  tensor(0.1935, device='cuda:0', grad_fn=<DivBackward0>)
Memory status after this epoch: 
Memory allocated:  63.21435546875
Memory cached:  92.0
[I 2023-12-05 01:45:59,680] Trial 67 finished with value: 0.1612943559885025 and parameters: {'W_layers': 3, 'W_layer_units_exponent_0': 10, 'W_layer_units_exponent_1': 5, 'W_layer_units_exponent_2': 4, 'D_layers': 8, 'D_layer_units_exponent_0': 9, 'D_layer_units_exponent_1': 7, 'D_layer_units_exponent_2': 7, 'D_layer_units_exponent_3': 8, 'D_layer_units_exponent_4': 9, 'D_layer_units_exponent_5': 5, 'D_layer_units_exponent_6': 8, 'D_layer_units_exponent_7': 4, 'log_learning_rate': -2.7724555010681566, 'log_learning_rate_D': -3.762683088262015, 'training_batch_size': 10, 'training_p': 5}. Best is trial 33 with value: 0.05789090320467949.
Time for this trial:  48.712056159973145
Memory status after this trial: 
Memory allocated:  127.2685546875
Memory cached:  130.0
--------------------  Trial  68   --------------------
Start timing: 
Parameters: 
{'W_layers': 3, 'W_layer_units_exponent_0': 9, 'W_layer_units_exponent_1': 4, 'W_layer_units_exponent_2': 4, 'D_layers': 2, 'D_layer_units_exponent_0': 10, 'D_layer_units_exponent_1': 6, 'log_learning_rate': -3.007652725606717, 'log_learning_rate_D': -3.2969588287106464, 'training_batch_size': 9, 'training_p': 8}
	 epoch  0 training error:  tensor(1.0598, device='cuda:0', grad_fn=<DivBackward0>)
Memory status after this epoch: 
Memory allocated:  59.62646484375
Memory cached:  90.0
	 epoch  10 training error:  tensor(0.8460, device='cuda:0', grad_fn=<DivBackward0>)
Memory status after this epoch: 
Memory allocated:  59.62646484375
Memory cached:  92.0
	 epoch  20 training error:  tensor(0.6667, device='cuda:0', grad_fn=<DivBackward0>)
Memory status after this epoch: 
Memory allocated:  59.62646484375
Memory cached:  92.0
	 epoch  30 training error:  tensor(0.5373, device='cuda:0', grad_fn=<DivBackward0>)
Memory status after this epoch: 
Memory allocated:  59.62646484375
Memory cached:  92.0
	 epoch  40 training error:  tensor(0.5331, device='cuda:0', grad_fn=<DivBackward0>)
Memory status after this epoch: 
Memory allocated:  59.62646484375
Memory cached:  92.0
	 epoch  50 training error:  tensor(0.5155, device='cuda:0', grad_fn=<DivBackward0>)
Memory status after this epoch: 
Memory allocated:  59.62646484375
Memory cached:  92.0
	 epoch  60 training error:  tensor(0.5020, device='cuda:0', grad_fn=<DivBackward0>)
Memory status after this epoch: 
Memory allocated:  59.62646484375
Memory cached:  92.0
	 epoch  70 training error:  tensor(0.4807, device='cuda:0', grad_fn=<DivBackward0>)
Memory status after this epoch: 
Memory allocated:  59.62646484375
Memory cached:  92.0
	 epoch  80 training error:  tensor(0.4437, device='cuda:0', grad_fn=<DivBackward0>)
Memory status after this epoch: 
Memory allocated:  59.62646484375
Memory cached:  92.0
	 epoch  90 training error:  tensor(0.4199, device='cuda:0', grad_fn=<DivBackward0>)
Memory status after this epoch: 
Memory allocated:  59.62646484375
Memory cached:  92.0
[I 2023-12-05 01:46:34,872] Trial 68 finished with value: 0.39537015557289124 and parameters: {'W_layers': 3, 'W_layer_units_exponent_0': 9, 'W_layer_units_exponent_1': 4, 'W_layer_units_exponent_2': 4, 'D_layers': 2, 'D_layer_units_exponent_0': 10, 'D_layer_units_exponent_1': 6, 'log_learning_rate': -3.007652725606717, 'log_learning_rate_D': -3.2969588287106464, 'training_batch_size': 9, 'training_p': 8}. Best is trial 33 with value: 0.05789090320467949.
Time for this trial:  35.00898599624634
Memory status after this trial: 
Memory allocated:  96.3505859375
Memory cached:  98.0
--------------------  Trial  69   --------------------
Start timing: 
Parameters: 
{'W_layers': 4, 'W_layer_units_exponent_0': 9, 'W_layer_units_exponent_1': 5, 'W_layer_units_exponent_2': 4, 'W_layer_units_exponent_3': 5, 'D_layers': 4, 'D_layer_units_exponent_0': 10, 'D_layer_units_exponent_1': 7, 'D_layer_units_exponent_2': 6, 'D_layer_units_exponent_3': 10, 'log_learning_rate': -2.727996999233704, 'log_learning_rate_D': -3.466796745529264, 'training_batch_size': 10, 'training_p': 3}
	 epoch  0 training error:  tensor(0.9869, device='cuda:0', grad_fn=<DivBackward0>)
Memory status after this epoch: 
Memory allocated:  61.92138671875
Memory cached:  90.0
	 epoch  10 training error:  tensor(0.7991, device='cuda:0', grad_fn=<DivBackward0>)
Memory status after this epoch: 
Memory allocated:  61.92138671875
Memory cached:  90.0
	 epoch  20 training error:  tensor(0.6945, device='cuda:0', grad_fn=<DivBackward0>)
Memory status after this epoch: 
Memory allocated:  61.92138671875
Memory cached:  90.0
	 epoch  30 training error:  tensor(0.6296, device='cuda:0', grad_fn=<DivBackward0>)
Memory status after this epoch: 
Memory allocated:  61.92138671875
Memory cached:  90.0
	 epoch  40 training error:  tensor(0.5469, device='cuda:0', grad_fn=<DivBackward0>)
Memory status after this epoch: 
Memory allocated:  61.92138671875
Memory cached:  90.0
	 epoch  50 training error:  tensor(0.4336, device='cuda:0', grad_fn=<DivBackward0>)
Memory status after this epoch: 
Memory allocated:  61.92138671875
Memory cached:  90.0
	 epoch  60 training error:  tensor(0.3175, device='cuda:0', grad_fn=<DivBackward0>)
Memory status after this epoch: 
Memory allocated:  61.92138671875
Memory cached:  90.0
	 epoch  70 training error:  tensor(0.1683, device='cuda:0', grad_fn=<DivBackward0>)
Memory status after this epoch: 
Memory allocated:  61.92138671875
Memory cached:  90.0
	 epoch  80 training error:  tensor(0.1137, device='cuda:0', grad_fn=<DivBackward0>)
Memory status after this epoch: 
Memory allocated:  61.92138671875
Memory cached:  90.0
	 epoch  90 training error:  tensor(0.0815, device='cuda:0', grad_fn=<DivBackward0>)
Memory status after this epoch: 
Memory allocated:  61.92138671875
Memory cached:  90.0
[I 2023-12-05 01:47:18,117] Trial 69 finished with value: 0.2166065275669098 and parameters: {'W_layers': 4, 'W_layer_units_exponent_0': 9, 'W_layer_units_exponent_1': 5, 'W_layer_units_exponent_2': 4, 'W_layer_units_exponent_3': 5, 'D_layers': 4, 'D_layer_units_exponent_0': 10, 'D_layer_units_exponent_1': 7, 'D_layer_units_exponent_2': 6, 'D_layer_units_exponent_3': 10, 'log_learning_rate': -2.727996999233704, 'log_learning_rate_D': -3.466796745529264, 'training_batch_size': 10, 'training_p': 3}. Best is trial 33 with value: 0.05789090320467949.
Time for this trial:  43.07769823074341
Memory status after this trial: 
Memory allocated:  124.626953125
Memory cached:  128.0
--------------------  Trial  70   --------------------
Start timing: 
Parameters: 
{'W_layers': 3, 'W_layer_units_exponent_0': 10, 'W_layer_units_exponent_1': 4, 'W_layer_units_exponent_2': 5, 'D_layers': 2, 'D_layer_units_exponent_0': 9, 'D_layer_units_exponent_1': 7, 'log_learning_rate': -2.9055790329707816, 'log_learning_rate_D': -3.170249088353109, 'training_batch_size': 9, 'training_p': 6}
	 epoch  0 training error:  tensor(1.0312, device='cuda:0', grad_fn=<DivBackward0>)
Memory status after this epoch: 
Memory allocated:  59.75537109375
Memory cached:  90.0
	 epoch  10 training error:  tensor(0.7727, device='cuda:0', grad_fn=<DivBackward0>)
Memory status after this epoch: 
Memory allocated:  59.75537109375
Memory cached:  90.0
	 epoch  20 training error:  tensor(0.6674, device='cuda:0', grad_fn=<DivBackward0>)
Memory status after this epoch: 
Memory allocated:  59.75537109375
Memory cached:  90.0
	 epoch  30 training error:  tensor(0.5790, device='cuda:0', grad_fn=<DivBackward0>)
Memory status after this epoch: 
Memory allocated:  59.75537109375
Memory cached:  90.0
	 epoch  40 training error:  tensor(0.5439, device='cuda:0', grad_fn=<DivBackward0>)
Memory status after this epoch: 
Memory allocated:  59.75537109375
Memory cached:  90.0
	 epoch  50 training error:  tensor(0.5286, device='cuda:0', grad_fn=<DivBackward0>)
Memory status after this epoch: 
Memory allocated:  59.75537109375
Memory cached:  90.0
	 epoch  60 training error:  tensor(0.4971, device='cuda:0', grad_fn=<DivBackward0>)
Memory status after this epoch: 
Memory allocated:  59.75537109375
Memory cached:  90.0
	 epoch  70 training error:  tensor(0.4533, device='cuda:0', grad_fn=<DivBackward0>)
Memory status after this epoch: 
Memory allocated:  59.75537109375
Memory cached:  90.0
	 epoch  80 training error:  tensor(0.3689, device='cuda:0', grad_fn=<DivBackward0>)
Memory status after this epoch: 
Memory allocated:  59.75537109375
Memory cached:  90.0
	 epoch  90 training error:  tensor(0.3072, device='cuda:0', grad_fn=<DivBackward0>)
Memory status after this epoch: 
Memory allocated:  59.75537109375
Memory cached:  90.0
