[I 2024-01-03 19:19:18,542] Trial 78 finished with value: 0.24391065537929535 and parameters: {'W_layers': 7, 'W_layer_units_exponent_0': 10, 'W_layer_units_exponent_1': 6, 'W_layer_units_exponent_2': 7, 'W_layer_units_exponent_3': 5, 'W_layer_units_exponent_4': 9, 'W_layer_units_exponent_5': 8, 'W_layer_units_exponent_6': 6, 'D_layers': 6, 'D_layer_units_exponent_0': 10, 'D_layer_units_exponent_1': 6, 'D_layer_units_exponent_2': 4, 'D_layer_units_exponent_3': 8, 'D_layer_units_exponent_4': 7, 'D_layer_units_exponent_5': 10, 'D_dagger_layers': 6, 'D_dagger_layer_units_exponent_0': 10, 'D_dagger_layer_units_exponent_1': 9, 'D_dagger_layer_units_exponent_2': 8, 'D_dagger_layer_units_exponent_3': 7, 'D_dagger_layer_units_exponent_4': 7, 'D_dagger_layer_units_exponent_5': 9, 'log_learning_rate': -3.6661997382810503, 'log_learning_rate_D': -3.1620015282503933, 'log_learning_rate_D_dagger': -3.3953765557434723, 'training_batch_size': 6, 'training_p': 3}. Best is trial 71 with value: 0.1314663589000702.
Time for this trial:  434.19880628585815
Memory status after this trial: 
Memory allocated:  731.3115234375
Memory cached:  758.0
--------------------  Trial  79   --------------------
Start timing: 
Parameters: 
{'W_layers': 6, 'W_layer_units_exponent_0': 9, 'W_layer_units_exponent_1': 6, 'W_layer_units_exponent_2': 8, 'W_layer_units_exponent_3': 4, 'W_layer_units_exponent_4': 8, 'W_layer_units_exponent_5': 5, 'D_layers': 5, 'D_layer_units_exponent_0': 9, 'D_layer_units_exponent_1': 7, 'D_layer_units_exponent_2': 6, 'D_layer_units_exponent_3': 7, 'D_layer_units_exponent_4': 6, 'D_dagger_layers': 7, 'D_dagger_layer_units_exponent_0': 5, 'D_dagger_layer_units_exponent_1': 7, 'D_dagger_layer_units_exponent_2': 7, 'D_dagger_layer_units_exponent_3': 5, 'D_dagger_layer_units_exponent_4': 8, 'D_dagger_layer_units_exponent_5': 8, 'D_dagger_layer_units_exponent_6': 10, 'log_learning_rate': -3.44019046746068, 'log_learning_rate_D': -2.7278655472442193, 'log_learning_rate_D_dagger': -3.63010837756364, 'training_batch_size': 6, 'training_p': 4}
	 epoch  0 training error:  tensor(0.9978, device='cuda:0', grad_fn=<DivBackward0>)
Memory status after this epoch: 
Memory allocated:  360.6875
Memory cached:  672.0
	 epoch  10 training error:  tensor(0.4786, device='cuda:0', grad_fn=<DivBackward0>)
Memory status after this epoch: 
Memory allocated:  360.6875
Memory cached:  700.0
	 epoch  20 training error:  tensor(0.4391, device='cuda:0', grad_fn=<DivBackward0>)
Memory status after this epoch: 
Memory allocated:  360.6875
Memory cached:  692.0
	 epoch  30 training error:  tensor(0.4538, device='cuda:0', grad_fn=<DivBackward0>)
Memory status after this epoch: 
Memory allocated:  360.6875
Memory cached:  704.0
	 epoch  40 training error:  tensor(0.4387, device='cuda:0', grad_fn=<DivBackward0>)
Memory status after this epoch: 
Memory allocated:  360.6875
Memory cached:  692.0
	 epoch  50 training error:  tensor(0.4357, device='cuda:0', grad_fn=<DivBackward0>)
Memory status after this epoch: 
Memory allocated:  360.6875
Memory cached:  708.0
	 epoch  60 training error:  tensor(0.4417, device='cuda:0', grad_fn=<DivBackward0>)
Memory status after this epoch: 
Memory allocated:  360.6875
Memory cached:  708.0
	 epoch  70 training error:  tensor(0.4329, device='cuda:0', grad_fn=<DivBackward0>)
Memory status after this epoch: 
Memory allocated:  360.6875
Memory cached:  690.0
	 epoch  80 training error:  tensor(0.4344, device='cuda:0', grad_fn=<DivBackward0>)
Memory status after this epoch: 
Memory allocated:  360.6875
Memory cached:  698.0
	 epoch  90 training error:  tensor(0.4351, device='cuda:0', grad_fn=<DivBackward0>)
Memory status after this epoch: 
Memory allocated:  360.6875
Memory cached:  704.0
[I 2024-01-03 19:25:54,391] Trial 79 finished with value: 0.39016053080558777 and parameters: {'W_layers': 6, 'W_layer_units_exponent_0': 9, 'W_layer_units_exponent_1': 6, 'W_layer_units_exponent_2': 8, 'W_layer_units_exponent_3': 4, 'W_layer_units_exponent_4': 8, 'W_layer_units_exponent_5': 5, 'D_layers': 5, 'D_layer_units_exponent_0': 9, 'D_layer_units_exponent_1': 7, 'D_layer_units_exponent_2': 6, 'D_layer_units_exponent_3': 7, 'D_layer_units_exponent_4': 6, 'D_dagger_layers': 7, 'D_dagger_layer_units_exponent_0': 5, 'D_dagger_layer_units_exponent_1': 7, 'D_dagger_layer_units_exponent_2': 7, 'D_dagger_layer_units_exponent_3': 5, 'D_dagger_layer_units_exponent_4': 8, 'D_dagger_layer_units_exponent_5': 8, 'D_dagger_layer_units_exponent_6': 10, 'log_learning_rate': -3.44019046746068, 'log_learning_rate_D': -2.7278655472442193, 'log_learning_rate_D_dagger': -3.63010837756364, 'training_batch_size': 6, 'training_p': 4}. Best is trial 71 with value: 0.1314663589000702.
Time for this trial:  395.3051927089691
Memory status after this trial: 
Memory allocated:  555.79541015625
Memory cached:  692.0
--------------------  Trial  80   --------------------
Start timing: 
Parameters: 
{'W_layers': 8, 'W_layer_units_exponent_0': 7, 'W_layer_units_exponent_1': 6, 'W_layer_units_exponent_2': 9, 'W_layer_units_exponent_3': 4, 'W_layer_units_exponent_4': 9, 'W_layer_units_exponent_5': 6, 'W_layer_units_exponent_6': 9, 'W_layer_units_exponent_7': 10, 'D_layers': 6, 'D_layer_units_exponent_0': 10, 'D_layer_units_exponent_1': 5, 'D_layer_units_exponent_2': 4, 'D_layer_units_exponent_3': 7, 'D_layer_units_exponent_4': 8, 'D_layer_units_exponent_5': 8, 'D_dagger_layers': 5, 'D_dagger_layer_units_exponent_0': 8, 'D_dagger_layer_units_exponent_1': 10, 'D_dagger_layer_units_exponent_2': 10, 'D_dagger_layer_units_exponent_3': 4, 'D_dagger_layer_units_exponent_4': 6, 'log_learning_rate': -3.5990412776361573, 'log_learning_rate_D': -2.259372639065862, 'log_learning_rate_D_dagger': -2.921134579609582, 'training_batch_size': 9, 'training_p': 5}
	 epoch  0 training error:  tensor(0.9945, device='cuda:0', grad_fn=<DivBackward0>)
Memory status after this epoch: 
Memory allocated:  385.0576171875
Memory cached:  678.0
	 epoch  10 training error:  tensor(0.5919, device='cuda:0', grad_fn=<DivBackward0>)
Memory status after this epoch: 
Memory allocated:  385.0576171875
Memory cached:  722.0
	 epoch  20 training error:  tensor(0.5518, device='cuda:0', grad_fn=<DivBackward0>)
Memory status after this epoch: 
Memory allocated:  385.0576171875
Memory cached:  718.0
	 epoch  30 training error:  tensor(0.5145, device='cuda:0', grad_fn=<DivBackward0>)
Memory status after this epoch: 
Memory allocated:  385.0576171875
Memory cached:  730.0
	 epoch  40 training error:  tensor(0.5203, device='cuda:0', grad_fn=<DivBackward0>)
Memory status after this epoch: 
Memory allocated:  385.0576171875
Memory cached:  726.0
	 epoch  50 training error:  tensor(0.4904, device='cuda:0', grad_fn=<DivBackward0>)
Memory status after this epoch: 
Memory allocated:  385.0576171875
Memory cached:  726.0
	 epoch  60 training error:  tensor(0.4811, device='cuda:0', grad_fn=<DivBackward0>)
Memory status after this epoch: 
Memory allocated:  385.0576171875
Memory cached:  720.0
	 epoch  70 training error:  tensor(0.4696, device='cuda:0', grad_fn=<DivBackward0>)
Memory status after this epoch: 
Memory allocated:  385.0576171875
Memory cached:  720.0
	 epoch  80 training error:  tensor(0.4805, device='cuda:0', grad_fn=<DivBackward0>)
Memory status after this epoch: 
Memory allocated:  385.0576171875
Memory cached:  720.0
	 epoch  90 training error:  tensor(0.4876, device='cuda:0', grad_fn=<DivBackward0>)
Memory status after this epoch: 
Memory allocated:  385.0576171875
Memory cached:  712.0
[I 2024-01-03 19:30:10,391] Trial 80 finished with value: 0.36165687441825867 and parameters: {'W_layers': 8, 'W_layer_units_exponent_0': 7, 'W_layer_units_exponent_1': 6, 'W_layer_units_exponent_2': 9, 'W_layer_units_exponent_3': 4, 'W_layer_units_exponent_4': 9, 'W_layer_units_exponent_5': 6, 'W_layer_units_exponent_6': 9, 'W_layer_units_exponent_7': 10, 'D_layers': 6, 'D_layer_units_exponent_0': 10, 'D_layer_units_exponent_1': 5, 'D_layer_units_exponent_2': 4, 'D_layer_units_exponent_3': 7, 'D_layer_units_exponent_4': 8, 'D_layer_units_exponent_5': 8, 'D_dagger_layers': 5, 'D_dagger_layer_units_exponent_0': 8, 'D_dagger_layer_units_exponent_1': 10, 'D_dagger_layer_units_exponent_2': 10, 'D_dagger_layer_units_exponent_3': 4, 'D_dagger_layer_units_exponent_4': 6, 'log_learning_rate': -3.5990412776361573, 'log_learning_rate_D': -2.259372639065862, 'log_learning_rate_D_dagger': -2.921134579609582, 'training_batch_size': 9, 'training_p': 5}. Best is trial 71 with value: 0.1314663589000702.
Time for this trial:  255.50120377540588
Memory status after this trial: 
Memory allocated:  728.50732421875
Memory cached:  746.0
--------------------  Trial  81   --------------------
Start timing: 
Parameters: 
{'W_layers': 5, 'W_layer_units_exponent_0': 9, 'W_layer_units_exponent_1': 7, 'W_layer_units_exponent_2': 9, 'W_layer_units_exponent_3': 5, 'W_layer_units_exponent_4': 9, 'D_layers': 5, 'D_layer_units_exponent_0': 10, 'D_layer_units_exponent_1': 8, 'D_layer_units_exponent_2': 7, 'D_layer_units_exponent_3': 9, 'D_layer_units_exponent_4': 7, 'D_dagger_layers': 5, 'D_dagger_layer_units_exponent_0': 10, 'D_dagger_layer_units_exponent_1': 9, 'D_dagger_layer_units_exponent_2': 10, 'D_dagger_layer_units_exponent_3': 10, 'D_dagger_layer_units_exponent_4': 7, 'log_learning_rate': -3.7762735876715454, 'log_learning_rate_D': -3.030818773324806, 'log_learning_rate_D_dagger': -3.5223029315399623, 'training_batch_size': 7, 'training_p': 4}
	 epoch  0 training error:  tensor(0.9909, device='cuda:0', grad_fn=<DivBackward0>)
Memory status after this epoch: 
Memory allocated:  395.9326171875
Memory cached:  688.0
	 epoch  10 training error:  tensor(0.4637, device='cuda:0', grad_fn=<DivBackward0>)
Memory status after this epoch: 
Memory allocated:  395.9326171875
Memory cached:  694.0
	 epoch  20 training error:  tensor(0.4437, device='cuda:0', grad_fn=<DivBackward0>)
Memory status after this epoch: 
Memory allocated:  395.9326171875
Memory cached:  690.0
	 epoch  30 training error:  tensor(0.4403, device='cuda:0', grad_fn=<DivBackward0>)
Memory status after this epoch: 
Memory allocated:  395.9326171875
Memory cached:  696.0
	 epoch  40 training error:  tensor(0.4488, device='cuda:0', grad_fn=<DivBackward0>)
Memory status after this epoch: 
Memory allocated:  395.9326171875
Memory cached:  692.0
	 epoch  50 training error:  tensor(0.4385, device='cuda:0', grad_fn=<DivBackward0>)
Memory status after this epoch: 
Memory allocated:  395.9326171875
Memory cached:  694.0
	 epoch  60 training error:  tensor(0.4495, device='cuda:0', grad_fn=<DivBackward0>)
Memory status after this epoch: 
Memory allocated:  395.9326171875
Memory cached:  698.0
	 epoch  70 training error:  tensor(0.4430, device='cuda:0', grad_fn=<DivBackward0>)
Memory status after this epoch: 
Memory allocated:  395.9326171875
Memory cached:  692.0
	 epoch  80 training error:  tensor(0.4351, device='cuda:0', grad_fn=<DivBackward0>)
Memory status after this epoch: 
Memory allocated:  395.9326171875
Memory cached:  692.0
	 epoch  90 training error:  tensor(0.4404, device='cuda:0', grad_fn=<DivBackward0>)
Memory status after this epoch: 
Memory allocated:  395.9326171875
Memory cached:  696.0
[I 2024-01-03 19:34:04,881] Trial 81 finished with value: 0.3783411979675293 and parameters: {'W_layers': 5, 'W_layer_units_exponent_0': 9, 'W_layer_units_exponent_1': 7, 'W_layer_units_exponent_2': 9, 'W_layer_units_exponent_3': 5, 'W_layer_units_exponent_4': 9, 'D_layers': 5, 'D_layer_units_exponent_0': 10, 'D_layer_units_exponent_1': 8, 'D_layer_units_exponent_2': 7, 'D_layer_units_exponent_3': 9, 'D_layer_units_exponent_4': 7, 'D_dagger_layers': 5, 'D_dagger_layer_units_exponent_0': 10, 'D_dagger_layer_units_exponent_1': 9, 'D_dagger_layer_units_exponent_2': 10, 'D_dagger_layer_units_exponent_3': 10, 'D_dagger_layer_units_exponent_4': 7, 'log_learning_rate': -3.7762735876715454, 'log_learning_rate_D': -3.030818773324806, 'log_learning_rate_D_dagger': -3.5223029315399623, 'training_batch_size': 7, 'training_p': 4}. Best is trial 71 with value: 0.1314663589000702.
Time for this trial:  234.02112126350403
Memory status after this trial: 
Memory allocated:  765.83740234375
Memory cached:  800.0
--------------------  Trial  82   --------------------
Start timing: 
Parameters: 
{'W_layers': 5, 'W_layer_units_exponent_0': 9, 'W_layer_units_exponent_1': 6, 'W_layer_units_exponent_2': 9, 'W_layer_units_exponent_3': 4, 'W_layer_units_exponent_4': 9, 'D_layers': 5, 'D_layer_units_exponent_0': 10, 'D_layer_units_exponent_1': 5, 'D_layer_units_exponent_2': 5, 'D_layer_units_exponent_3': 8, 'D_layer_units_exponent_4': 7, 'D_dagger_layers': 5, 'D_dagger_layer_units_exponent_0': 10, 'D_dagger_layer_units_exponent_1': 9, 'D_dagger_layer_units_exponent_2': 9, 'D_dagger_layer_units_exponent_3': 6, 'D_dagger_layer_units_exponent_4': 7, 'log_learning_rate': -3.895071474969906, 'log_learning_rate_D': -2.9283435238455615, 'log_learning_rate_D_dagger': -3.5028648062672345, 'training_batch_size': 6, 'training_p': 4}
	 epoch  0 training error:  tensor(1.0123, device='cuda:0', grad_fn=<DivBackward0>)
Memory status after this epoch: 
Memory allocated:  367.9453125
Memory cached:  680.0
	 epoch  10 training error:  tensor(0.4408, device='cuda:0', grad_fn=<DivBackward0>)
Memory status after this epoch: 
Memory allocated:  367.9453125
Memory cached:  734.0
	 epoch  20 training error:  tensor(0.4525, device='cuda:0', grad_fn=<DivBackward0>)
Memory status after this epoch: 
Memory allocated:  367.9453125
Memory cached:  732.0
	 epoch  30 training error:  tensor(0.4467, device='cuda:0', grad_fn=<DivBackward0>)
Memory status after this epoch: 
Memory allocated:  367.9453125
Memory cached:  736.0
	 epoch  40 training error:  tensor(0.4541, device='cuda:0', grad_fn=<DivBackward0>)
Memory status after this epoch: 
Memory allocated:  367.9453125
Memory cached:  734.0
	 epoch  50 training error:  tensor(0.4368, device='cuda:0', grad_fn=<DivBackward0>)
Memory status after this epoch: 
Memory allocated:  367.9453125
Memory cached:  744.0
	 epoch  60 training error:  tensor(0.4274, device='cuda:0', grad_fn=<DivBackward0>)
Memory status after this epoch: 
Memory allocated:  367.9453125
Memory cached:  736.0
	 epoch  70 training error:  tensor(0.4203, device='cuda:0', grad_fn=<DivBackward0>)
Memory status after this epoch: 
Memory allocated:  367.9453125
Memory cached:  732.0
	 epoch  80 training error:  tensor(0.4410, device='cuda:0', grad_fn=<DivBackward0>)
Memory status after this epoch: 
Memory allocated:  367.9453125
Memory cached:  734.0
	 epoch  90 training error:  tensor(0.4266, device='cuda:0', grad_fn=<DivBackward0>)
Memory status after this epoch: 
Memory allocated:  367.9453125
Memory cached:  736.0
[I 2024-01-03 19:40:08,925] Trial 82 finished with value: 0.2883433401584625 and parameters: {'W_layers': 5, 'W_layer_units_exponent_0': 9, 'W_layer_units_exponent_1': 6, 'W_layer_units_exponent_2': 9, 'W_layer_units_exponent_3': 4, 'W_layer_units_exponent_4': 9, 'D_layers': 5, 'D_layer_units_exponent_0': 10, 'D_layer_units_exponent_1': 5, 'D_layer_units_exponent_2': 5, 'D_layer_units_exponent_3': 8, 'D_layer_units_exponent_4': 7, 'D_dagger_layers': 5, 'D_dagger_layer_units_exponent_0': 10, 'D_dagger_layer_units_exponent_1': 9, 'D_dagger_layer_units_exponent_2': 9, 'D_dagger_layer_units_exponent_3': 6, 'D_dagger_layer_units_exponent_4': 7, 'log_learning_rate': -3.895071474969906, 'log_learning_rate_D': -2.9283435238455615, 'log_learning_rate_D_dagger': -3.5028648062672345, 'training_batch_size': 6, 'training_p': 4}. Best is trial 71 with value: 0.1314663589000702.
Time for this trial:  363.61625576019287
Memory status after this trial: 
Memory allocated:  638.71142578125
Memory cached:  720.0
--------------------  Trial  83   --------------------
Start timing: 
Parameters: 
{'W_layers': 5, 'W_layer_units_exponent_0': 9, 'W_layer_units_exponent_1': 6, 'W_layer_units_exponent_2': 9, 'W_layer_units_exponent_3': 4, 'W_layer_units_exponent_4': 9, 'D_layers': 5, 'D_layer_units_exponent_0': 10, 'D_layer_units_exponent_1': 6, 'D_layer_units_exponent_2': 4, 'D_layer_units_exponent_3': 9, 'D_layer_units_exponent_4': 7, 'D_dagger_layers': 5, 'D_dagger_layer_units_exponent_0': 10, 'D_dagger_layer_units_exponent_1': 9, 'D_dagger_layer_units_exponent_2': 6, 'D_dagger_layer_units_exponent_3': 6, 'D_dagger_layer_units_exponent_4': 7, 'log_learning_rate': -4.046116278497773, 'log_learning_rate_D': -2.620526114863318, 'log_learning_rate_D_dagger': -3.73220754265446, 'training_batch_size': 10, 'training_p': 4}
	 epoch  0 training error:  tensor(0.9945, device='cuda:0', grad_fn=<DivBackward0>)
Memory status after this epoch: 
Memory allocated:  364.9814453125
Memory cached:  694.0
	 epoch  10 training error:  tensor(0.4865, device='cuda:0', grad_fn=<DivBackward0>)
Memory status after this epoch: 
Memory allocated:  364.9814453125
Memory cached:  730.0
	 epoch  20 training error:  tensor(0.4614, device='cuda:0', grad_fn=<DivBackward0>)
Memory status after this epoch: 
Memory allocated:  364.9814453125
Memory cached:  722.0
	 epoch  30 training error:  tensor(0.4390, device='cuda:0', grad_fn=<DivBackward0>)
Memory status after this epoch: 
Memory allocated:  364.9814453125
Memory cached:  736.0
	 epoch  40 training error:  tensor(0.4412, device='cuda:0', grad_fn=<DivBackward0>)
Memory status after this epoch: 
Memory allocated:  364.9814453125
Memory cached:  726.0
	 epoch  50 training error:  tensor(0.4366, device='cuda:0', grad_fn=<DivBackward0>)
Memory status after this epoch: 
Memory allocated:  364.9814453125
Memory cached:  730.0
	 epoch  60 training error:  tensor(0.4356, device='cuda:0', grad_fn=<DivBackward0>)
Memory status after this epoch: 
Memory allocated:  364.9814453125
Memory cached:  730.0
	 epoch  70 training error:  tensor(0.4397, device='cuda:0', grad_fn=<DivBackward0>)
Memory status after this epoch: 
Memory allocated:  364.9814453125
Memory cached:  728.0
	 epoch  80 training error:  tensor(0.4336, device='cuda:0', grad_fn=<DivBackward0>)
Memory status after this epoch: 
Memory allocated:  364.9814453125
Memory cached:  730.0
	 epoch  90 training error:  tensor(0.4417, device='cuda:0', grad_fn=<DivBackward0>)
Memory status after this epoch: 
Memory allocated:  364.9814453125
Memory cached:  730.0
[I 2024-01-03 19:43:43,160] Trial 83 finished with value: 0.36341962218284607 and parameters: {'W_layers': 5, 'W_layer_units_exponent_0': 9, 'W_layer_units_exponent_1': 6, 'W_layer_units_exponent_2': 9, 'W_layer_units_exponent_3': 4, 'W_layer_units_exponent_4': 9, 'D_layers': 5, 'D_layer_units_exponent_0': 10, 'D_layer_units_exponent_1': 6, 'D_layer_units_exponent_2': 4, 'D_layer_units_exponent_3': 9, 'D_layer_units_exponent_4': 7, 'D_dagger_layers': 5, 'D_dagger_layer_units_exponent_0': 10, 'D_dagger_layer_units_exponent_1': 9, 'D_dagger_layer_units_exponent_2': 6, 'D_dagger_layer_units_exponent_3': 6, 'D_dagger_layer_units_exponent_4': 7, 'log_learning_rate': -4.046116278497773, 'log_learning_rate_D': -2.620526114863318, 'log_learning_rate_D_dagger': -3.73220754265446, 'training_batch_size': 10, 'training_p': 4}. Best is trial 71 with value: 0.1314663589000702.
Time for this trial:  213.77858185768127
Memory status after this trial: 
Memory allocated:  627.8173828125
Memory cached:  698.0
--------------------  Trial  84   --------------------
Start timing: 
Parameters: 
{'W_layers': 6, 'W_layer_units_exponent_0': 10, 'W_layer_units_exponent_1': 7, 'W_layer_units_exponent_2': 8, 'W_layer_units_exponent_3': 6, 'W_layer_units_exponent_4': 6, 'W_layer_units_exponent_5': 7, 'D_layers': 5, 'D_layer_units_exponent_0': 10, 'D_layer_units_exponent_1': 5, 'D_layer_units_exponent_2': 9, 'D_layer_units_exponent_3': 10, 'D_layer_units_exponent_4': 7, 'D_dagger_layers': 6, 'D_dagger_layer_units_exponent_0': 10, 'D_dagger_layer_units_exponent_1': 10, 'D_dagger_layer_units_exponent_2': 8, 'D_dagger_layer_units_exponent_3': 7, 'D_dagger_layer_units_exponent_4': 7, 'D_dagger_layer_units_exponent_5': 10, 'log_learning_rate': -3.778281694121645, 'log_learning_rate_D': -3.2359980423926173, 'log_learning_rate_D_dagger': -3.251234931948926, 'training_batch_size': 12, 'training_p': 3}
	 epoch  0 training error:  tensor(0.9916, device='cuda:0', grad_fn=<DivBackward0>)
Memory status after this epoch: 
Memory allocated:  389.3955078125
Memory cached:  672.0
	 epoch  10 training error:  tensor(0.4232, device='cuda:0', grad_fn=<DivBackward0>)
Memory status after this epoch: 
Memory allocated:  389.3955078125
Memory cached:  680.0
	 epoch  20 training error:  tensor(0.4000, device='cuda:0', grad_fn=<DivBackward0>)
Memory status after this epoch: 
Memory allocated:  389.3955078125
Memory cached:  680.0
	 epoch  30 training error:  tensor(0.3861, device='cuda:0', grad_fn=<DivBackward0>)
Memory status after this epoch: 
Memory allocated:  389.3955078125
Memory cached:  678.0
	 epoch  40 training error:  tensor(0.3800, device='cuda:0', grad_fn=<DivBackward0>)
Memory status after this epoch: 
Memory allocated:  389.3955078125
Memory cached:  678.0
	 epoch  50 training error:  tensor(0.3653, device='cuda:0', grad_fn=<DivBackward0>)
Memory status after this epoch: 
Memory allocated:  389.3955078125
Memory cached:  680.0
	 epoch  60 training error:  tensor(0.3660, device='cuda:0', grad_fn=<DivBackward0>)
Memory status after this epoch: 
Memory allocated:  389.3955078125
Memory cached:  684.0
	 epoch  70 training error:  tensor(0.3682, device='cuda:0', grad_fn=<DivBackward0>)
Memory status after this epoch: 
Memory allocated:  389.3955078125
Memory cached:  674.0
	 epoch  80 training error:  tensor(0.3637, device='cuda:0', grad_fn=<DivBackward0>)
Memory status after this epoch: 
Memory allocated:  389.3955078125
Memory cached:  680.0
	 epoch  90 training error:  tensor(0.3639, device='cuda:0', grad_fn=<DivBackward0>)
Memory status after this epoch: 
Memory allocated:  389.3955078125
Memory cached:  686.0
