[I 2024-02-17 02:37:33,300] Trial 71 finished with value: 0.07794446498155594 and parameters: {'W_layers': 4, 'W_layer_units_exponent_0': 4, 'W_layer_units_exponent_1': 5, 'W_layer_units_exponent_2': 10, 'W_layer_units_exponent_3': 4, 'D_layers': 3, 'D_layer_units_exponent_0': 8, 'D_layer_units_exponent_1': 10, 'D_layer_units_exponent_2': 10, 'D_dagger_layers': 2, 'D_dagger_layer_units_exponent_0': 5, 'D_dagger_layer_units_exponent_1': 10, 'log_learning_rate': -4.619533344363588, 'log_learning_rate_D': -4.445724650935041, 'log_learning_rate_D_dagger': -3.5857731950263227, 'training_batch_size': 7, 'training_p': 4}. Best is trial 67 with value: 0.07194268703460693.
Time for this trial:  413.671156167984
Memory status after this trial: 
Memory allocated:  1660.52197265625
Memory cached:  1696.0
--------------------  Trial  72   --------------------
Start timing: 
Parameters: 
{'W_layers': 4, 'W_layer_units_exponent_0': 4, 'W_layer_units_exponent_1': 5, 'W_layer_units_exponent_2': 10, 'W_layer_units_exponent_3': 4, 'D_layers': 3, 'D_layer_units_exponent_0': 8, 'D_layer_units_exponent_1': 10, 'D_layer_units_exponent_2': 10, 'D_dagger_layers': 2, 'D_dagger_layer_units_exponent_0': 5, 'D_dagger_layer_units_exponent_1': 10, 'log_learning_rate': -4.671801971539693, 'log_learning_rate_D': -4.448862813814086, 'log_learning_rate_D_dagger': -3.562713014486127, 'training_batch_size': 6, 'training_p': 4}
	 epoch  0 training error:  tensor(0.8669, device='cuda:0', grad_fn=<DivBackward0>)
Memory status after this epoch: 
Memory allocated:  788.271484375
Memory cached:  1182.0
	 epoch  10 training error:  tensor(0.1657, device='cuda:0', grad_fn=<DivBackward0>)
Memory status after this epoch: 
Memory allocated:  788.271484375
Memory cached:  1182.0
	 epoch  20 training error:  tensor(0.1201, device='cuda:0', grad_fn=<DivBackward0>)
Memory status after this epoch: 
Memory allocated:  788.271484375
Memory cached:  1182.0
	 epoch  30 training error:  tensor(0.0968, device='cuda:0', grad_fn=<DivBackward0>)
Memory status after this epoch: 
Memory allocated:  788.271484375
Memory cached:  1182.0
	 epoch  40 training error:  tensor(0.0982, device='cuda:0', grad_fn=<DivBackward0>)
Memory status after this epoch: 
Memory allocated:  788.271484375
Memory cached:  1182.0
	 epoch  50 training error:  tensor(0.0933, device='cuda:0', grad_fn=<DivBackward0>)
Memory status after this epoch: 
Memory allocated:  788.271484375
Memory cached:  1182.0
	 epoch  60 training error:  tensor(0.0926, device='cuda:0', grad_fn=<DivBackward0>)
Memory status after this epoch: 
Memory allocated:  788.271484375
Memory cached:  1182.0
	 epoch  70 training error:  tensor(0.0931, device='cuda:0', grad_fn=<DivBackward0>)
Memory status after this epoch: 
Memory allocated:  788.271484375
Memory cached:  1182.0
	 epoch  80 training error:  tensor(0.0906, device='cuda:0', grad_fn=<DivBackward0>)
Memory status after this epoch: 
Memory allocated:  788.271484375
Memory cached:  1182.0
	 epoch  90 training error:  tensor(0.0915, device='cuda:0', grad_fn=<DivBackward0>)
Memory status after this epoch: 
Memory allocated:  788.271484375
Memory cached:  1182.0
[I 2024-02-17 02:47:56,083] Trial 72 finished with value: 0.07294795662164688 and parameters: {'W_layers': 4, 'W_layer_units_exponent_0': 4, 'W_layer_units_exponent_1': 5, 'W_layer_units_exponent_2': 10, 'W_layer_units_exponent_3': 4, 'D_layers': 3, 'D_layer_units_exponent_0': 8, 'D_layer_units_exponent_1': 10, 'D_layer_units_exponent_2': 10, 'D_dagger_layers': 2, 'D_dagger_layer_units_exponent_0': 5, 'D_dagger_layer_units_exponent_1': 10, 'log_learning_rate': -4.671801971539693, 'log_learning_rate_D': -4.448862813814086, 'log_learning_rate_D_dagger': -3.562713014486127, 'training_batch_size': 6, 'training_p': 4}. Best is trial 67 with value: 0.07194268703460693.
Time for this trial:  622.365077495575
Memory status after this trial: 
Memory allocated:  1660.62158203125
Memory cached:  1696.0
--------------------  Trial  73   --------------------
Start timing: 
Parameters: 
{'W_layers': 4, 'W_layer_units_exponent_0': 4, 'W_layer_units_exponent_1': 5, 'W_layer_units_exponent_2': 10, 'W_layer_units_exponent_3': 4, 'D_layers': 3, 'D_layer_units_exponent_0': 8, 'D_layer_units_exponent_1': 10, 'D_layer_units_exponent_2': 10, 'D_dagger_layers': 2, 'D_dagger_layer_units_exponent_0': 5, 'D_dagger_layer_units_exponent_1': 10, 'log_learning_rate': -4.622905306657081, 'log_learning_rate_D': -4.828274286039343, 'log_learning_rate_D_dagger': -3.5782085398402645, 'training_batch_size': 7, 'training_p': 4}
	 epoch  0 training error:  tensor(0.7720, device='cuda:0', grad_fn=<DivBackward0>)
Memory status after this epoch: 
Memory allocated:  788.171875
Memory cached:  1184.0
	 epoch  10 training error:  tensor(0.2030, device='cuda:0', grad_fn=<DivBackward0>)
Memory status after this epoch: 
Memory allocated:  788.171875
Memory cached:  1184.0
	 epoch  20 training error:  tensor(0.1604, device='cuda:0', grad_fn=<DivBackward0>)
Memory status after this epoch: 
Memory allocated:  788.171875
Memory cached:  1184.0
	 epoch  30 training error:  tensor(0.1416, device='cuda:0', grad_fn=<DivBackward0>)
Memory status after this epoch: 
Memory allocated:  788.171875
Memory cached:  1184.0
	 epoch  40 training error:  tensor(0.1245, device='cuda:0', grad_fn=<DivBackward0>)
Memory status after this epoch: 
Memory allocated:  788.171875
Memory cached:  1184.0
	 epoch  50 training error:  tensor(0.1151, device='cuda:0', grad_fn=<DivBackward0>)
Memory status after this epoch: 
Memory allocated:  788.171875
Memory cached:  1184.0
	 epoch  60 training error:  tensor(0.1102, device='cuda:0', grad_fn=<DivBackward0>)
Memory status after this epoch: 
Memory allocated:  788.171875
Memory cached:  1184.0
	 epoch  70 training error:  tensor(0.1075, device='cuda:0', grad_fn=<DivBackward0>)
Memory status after this epoch: 
Memory allocated:  788.171875
Memory cached:  1184.0
	 epoch  80 training error:  tensor(0.1055, device='cuda:0', grad_fn=<DivBackward0>)
Memory status after this epoch: 
Memory allocated:  788.171875
Memory cached:  1184.0
	 epoch  90 training error:  tensor(0.1053, device='cuda:0', grad_fn=<DivBackward0>)
Memory status after this epoch: 
Memory allocated:  788.171875
Memory cached:  1184.0
[I 2024-02-17 02:54:52,906] Trial 73 finished with value: 0.08479417860507965 and parameters: {'W_layers': 4, 'W_layer_units_exponent_0': 4, 'W_layer_units_exponent_1': 5, 'W_layer_units_exponent_2': 10, 'W_layer_units_exponent_3': 4, 'D_layers': 3, 'D_layer_units_exponent_0': 8, 'D_layer_units_exponent_1': 10, 'D_layer_units_exponent_2': 10, 'D_dagger_layers': 2, 'D_dagger_layer_units_exponent_0': 5, 'D_dagger_layer_units_exponent_1': 10, 'log_learning_rate': -4.622905306657081, 'log_learning_rate_D': -4.828274286039343, 'log_learning_rate_D_dagger': -3.5782085398402645, 'training_batch_size': 7, 'training_p': 4}. Best is trial 67 with value: 0.07194268703460693.
Time for this trial:  416.4630241394043
Memory status after this trial: 
Memory allocated:  1660.52197265625
Memory cached:  1696.0
--------------------  Trial  74   --------------------
Start timing: 
Parameters: 
{'W_layers': 4, 'W_layer_units_exponent_0': 4, 'W_layer_units_exponent_1': 5, 'W_layer_units_exponent_2': 10, 'W_layer_units_exponent_3': 4, 'D_layers': 3, 'D_layer_units_exponent_0': 8, 'D_layer_units_exponent_1': 10, 'D_layer_units_exponent_2': 10, 'D_dagger_layers': 2, 'D_dagger_layer_units_exponent_0': 5, 'D_dagger_layer_units_exponent_1': 10, 'log_learning_rate': -4.898703917387154, 'log_learning_rate_D': -4.412814162106571, 'log_learning_rate_D_dagger': -3.2535767310995936, 'training_batch_size': 6, 'training_p': 3}
	 epoch  0 training error:  tensor(0.7447, device='cuda:0', grad_fn=<DivBackward0>)
Memory status after this epoch: 
Memory allocated:  788.271484375
Memory cached:  1182.0
	 epoch  10 training error:  tensor(0.1324, device='cuda:0', grad_fn=<DivBackward0>)
Memory status after this epoch: 
Memory allocated:  788.271484375
Memory cached:  1182.0
	 epoch  20 training error:  tensor(0.0975, device='cuda:0', grad_fn=<DivBackward0>)
Memory status after this epoch: 
Memory allocated:  788.271484375
Memory cached:  1182.0
	 epoch  30 training error:  tensor(0.0901, device='cuda:0', grad_fn=<DivBackward0>)
Memory status after this epoch: 
Memory allocated:  788.271484375
Memory cached:  1182.0
	 epoch  40 training error:  tensor(0.0862, device='cuda:0', grad_fn=<DivBackward0>)
Memory status after this epoch: 
Memory allocated:  788.271484375
Memory cached:  1182.0
	 epoch  50 training error:  tensor(0.0849, device='cuda:0', grad_fn=<DivBackward0>)
Memory status after this epoch: 
Memory allocated:  788.271484375
Memory cached:  1182.0
	 epoch  60 training error:  tensor(0.0873, device='cuda:0', grad_fn=<DivBackward0>)
Memory status after this epoch: 
Memory allocated:  788.271484375
Memory cached:  1182.0
	 epoch  70 training error:  tensor(0.0844, device='cuda:0', grad_fn=<DivBackward0>)
Memory status after this epoch: 
Memory allocated:  788.271484375
Memory cached:  1182.0
	 epoch  80 training error:  tensor(0.0852, device='cuda:0', grad_fn=<DivBackward0>)
Memory status after this epoch: 
Memory allocated:  788.271484375
Memory cached:  1182.0
	 epoch  90 training error:  tensor(0.0854, device='cuda:0', grad_fn=<DivBackward0>)
Memory status after this epoch: 
Memory allocated:  788.271484375
Memory cached:  1182.0
[I 2024-02-17 03:05:15,996] Trial 74 finished with value: 0.07583122700452805 and parameters: {'W_layers': 4, 'W_layer_units_exponent_0': 4, 'W_layer_units_exponent_1': 5, 'W_layer_units_exponent_2': 10, 'W_layer_units_exponent_3': 4, 'D_layers': 3, 'D_layer_units_exponent_0': 8, 'D_layer_units_exponent_1': 10, 'D_layer_units_exponent_2': 10, 'D_dagger_layers': 2, 'D_dagger_layer_units_exponent_0': 5, 'D_dagger_layer_units_exponent_1': 10, 'log_learning_rate': -4.898703917387154, 'log_learning_rate_D': -4.412814162106571, 'log_learning_rate_D_dagger': -3.2535767310995936, 'training_batch_size': 6, 'training_p': 3}. Best is trial 67 with value: 0.07194268703460693.
Time for this trial:  622.6942071914673
Memory status after this trial: 
Memory allocated:  1660.62158203125
Memory cached:  1696.0
--------------------  Trial  75   --------------------
Start timing: 
Parameters: 
{'W_layers': 4, 'W_layer_units_exponent_0': 4, 'W_layer_units_exponent_1': 4, 'W_layer_units_exponent_2': 10, 'W_layer_units_exponent_3': 4, 'D_layers': 3, 'D_layer_units_exponent_0': 8, 'D_layer_units_exponent_1': 10, 'D_layer_units_exponent_2': 10, 'D_dagger_layers': 2, 'D_dagger_layer_units_exponent_0': 5, 'D_dagger_layer_units_exponent_1': 10, 'log_learning_rate': -4.890607462933396, 'log_learning_rate_D': -4.452990163200513, 'log_learning_rate_D_dagger': -3.2329369561076344, 'training_batch_size': 6, 'training_p': 3}
	 epoch  0 training error:  tensor(0.5161, device='cuda:0', grad_fn=<DivBackward0>)
Memory status after this epoch: 
Memory allocated:  788.017578125
Memory cached:  1182.0
	 epoch  10 training error:  tensor(0.1293, device='cuda:0', grad_fn=<DivBackward0>)
Memory status after this epoch: 
Memory allocated:  788.017578125
Memory cached:  1182.0
	 epoch  20 training error:  tensor(0.1031, device='cuda:0', grad_fn=<DivBackward0>)
Memory status after this epoch: 
Memory allocated:  788.017578125
Memory cached:  1182.0
	 epoch  30 training error:  tensor(0.1043, device='cuda:0', grad_fn=<DivBackward0>)
Memory status after this epoch: 
Memory allocated:  788.017578125
Memory cached:  1182.0
	 epoch  40 training error:  tensor(0.0949, device='cuda:0', grad_fn=<DivBackward0>)
Memory status after this epoch: 
Memory allocated:  788.017578125
Memory cached:  1182.0
	 epoch  50 training error:  tensor(0.0953, device='cuda:0', grad_fn=<DivBackward0>)
Memory status after this epoch: 
Memory allocated:  788.017578125
Memory cached:  1182.0
	 epoch  60 training error:  tensor(0.0949, device='cuda:0', grad_fn=<DivBackward0>)
Memory status after this epoch: 
Memory allocated:  788.017578125
Memory cached:  1182.0
	 epoch  70 training error:  tensor(0.0990, device='cuda:0', grad_fn=<DivBackward0>)
Memory status after this epoch: 
Memory allocated:  788.017578125
Memory cached:  1182.0
	 epoch  80 training error:  tensor(0.0968, device='cuda:0', grad_fn=<DivBackward0>)
Memory status after this epoch: 
Memory allocated:  788.017578125
Memory cached:  1182.0
	 epoch  90 training error:  tensor(0.0984, device='cuda:0', grad_fn=<DivBackward0>)
Memory status after this epoch: 
Memory allocated:  788.017578125
Memory cached:  1182.0
[I 2024-02-17 03:15:37,510] Trial 75 finished with value: 0.08131338655948639 and parameters: {'W_layers': 4, 'W_layer_units_exponent_0': 4, 'W_layer_units_exponent_1': 4, 'W_layer_units_exponent_2': 10, 'W_layer_units_exponent_3': 4, 'D_layers': 3, 'D_layer_units_exponent_0': 8, 'D_layer_units_exponent_1': 10, 'D_layer_units_exponent_2': 10, 'D_dagger_layers': 2, 'D_dagger_layer_units_exponent_0': 5, 'D_dagger_layer_units_exponent_1': 10, 'log_learning_rate': -4.890607462933396, 'log_learning_rate_D': -4.452990163200513, 'log_learning_rate_D_dagger': -3.2329369561076344, 'training_batch_size': 6, 'training_p': 3}. Best is trial 67 with value: 0.07194268703460693.
Time for this trial:  621.1218972206116
Memory status after this trial: 
Memory allocated:  1657.07666015625
Memory cached:  1696.0
--------------------  Trial  76   --------------------
Start timing: 
Parameters: 
{'W_layers': 5, 'W_layer_units_exponent_0': 4, 'W_layer_units_exponent_1': 5, 'W_layer_units_exponent_2': 10, 'W_layer_units_exponent_3': 4, 'W_layer_units_exponent_4': 9, 'D_layers': 3, 'D_layer_units_exponent_0': 7, 'D_layer_units_exponent_1': 10, 'D_layer_units_exponent_2': 10, 'D_dagger_layers': 8, 'D_dagger_layer_units_exponent_0': 5, 'D_dagger_layer_units_exponent_1': 10, 'D_dagger_layer_units_exponent_2': 5, 'D_dagger_layer_units_exponent_3': 9, 'D_dagger_layer_units_exponent_4': 9, 'D_dagger_layer_units_exponent_5': 4, 'D_dagger_layer_units_exponent_6': 5, 'D_dagger_layer_units_exponent_7': 7, 'log_learning_rate': -4.765158590090059, 'log_learning_rate_D': -4.60929434281855, 'log_learning_rate_D_dagger': -3.3283661280383994, 'training_batch_size': 6, 'training_p': 3}
	 epoch  0 training error:  tensor(0.8742, device='cuda:0', grad_fn=<DivBackward0>)
Memory status after this epoch: 
Memory allocated:  791.361328125
Memory cached:  1220.0
	 epoch  10 training error:  tensor(0.1495, device='cuda:0', grad_fn=<DivBackward0>)
Memory status after this epoch: 
Memory allocated:  791.361328125
Memory cached:  1318.0
	 epoch  20 training error:  tensor(0.1045, device='cuda:0', grad_fn=<DivBackward0>)
Memory status after this epoch: 
Memory allocated:  791.361328125
Memory cached:  1300.0
	 epoch  30 training error:  tensor(0.0966, device='cuda:0', grad_fn=<DivBackward0>)
Memory status after this epoch: 
Memory allocated:  791.361328125
Memory cached:  1308.0
	 epoch  40 training error:  tensor(0.0958, device='cuda:0', grad_fn=<DivBackward0>)
Memory status after this epoch: 
Memory allocated:  791.361328125
Memory cached:  1298.0
	 epoch  50 training error:  tensor(0.0928, device='cuda:0', grad_fn=<DivBackward0>)
Memory status after this epoch: 
Memory allocated:  791.361328125
Memory cached:  1306.0
	 epoch  60 training error:  tensor(0.0924, device='cuda:0', grad_fn=<DivBackward0>)
Memory status after this epoch: 
Memory allocated:  791.361328125
Memory cached:  1294.0
	 epoch  70 training error:  tensor(0.0934, device='cuda:0', grad_fn=<DivBackward0>)
Memory status after this epoch: 
Memory allocated:  791.361328125
Memory cached:  1302.0
	 epoch  80 training error:  tensor(0.0939, device='cuda:0', grad_fn=<DivBackward0>)
Memory status after this epoch: 
Memory allocated:  791.361328125
Memory cached:  1318.0
	 epoch  90 training error:  tensor(0.0924, device='cuda:0', grad_fn=<DivBackward0>)
Memory status after this epoch: 
Memory allocated:  791.361328125
Memory cached:  1314.0
[I 2024-02-17 03:30:23,773] Trial 76 finished with value: 0.08838821947574615 and parameters: {'W_layers': 5, 'W_layer_units_exponent_0': 4, 'W_layer_units_exponent_1': 5, 'W_layer_units_exponent_2': 10, 'W_layer_units_exponent_3': 4, 'W_layer_units_exponent_4': 9, 'D_layers': 3, 'D_layer_units_exponent_0': 7, 'D_layer_units_exponent_1': 10, 'D_layer_units_exponent_2': 10, 'D_dagger_layers': 8, 'D_dagger_layer_units_exponent_0': 5, 'D_dagger_layer_units_exponent_1': 10, 'D_dagger_layer_units_exponent_2': 5, 'D_dagger_layer_units_exponent_3': 9, 'D_dagger_layer_units_exponent_4': 9, 'D_dagger_layer_units_exponent_5': 4, 'D_dagger_layer_units_exponent_6': 5, 'D_dagger_layer_units_exponent_7': 7, 'log_learning_rate': -4.765158590090059, 'log_learning_rate_D': -4.60929434281855, 'log_learning_rate_D_dagger': -3.3283661280383994, 'training_batch_size': 6, 'training_p': 3}. Best is trial 67 with value: 0.07194268703460693.
Time for this trial:  885.7686505317688
Memory status after this trial: 
Memory allocated:  2019.86181640625
Memory cached:  2052.0
--------------------  Trial  77   --------------------
Start timing: 
Parameters: 
{'W_layers': 4, 'W_layer_units_exponent_0': 4, 'W_layer_units_exponent_1': 5, 'W_layer_units_exponent_2': 9, 'W_layer_units_exponent_3': 4, 'D_layers': 4, 'D_layer_units_exponent_0': 7, 'D_layer_units_exponent_1': 10, 'D_layer_units_exponent_2': 10, 'D_layer_units_exponent_3': 5, 'D_dagger_layers': 2, 'D_dagger_layer_units_exponent_0': 5, 'D_dagger_layer_units_exponent_1': 10, 'log_learning_rate': -4.9352998545310065, 'log_learning_rate_D': -4.263210388669079, 'log_learning_rate_D_dagger': -3.8643064634181896, 'training_batch_size': 6, 'training_p': 3}
	 epoch  0 training error:  tensor(0.8413, device='cuda:0', grad_fn=<DivBackward0>)
Memory status after this epoch: 
Memory allocated:  786.373046875
Memory cached:  1196.0
	 epoch  10 training error:  tensor(0.2052, device='cuda:0', grad_fn=<DivBackward0>)
Memory status after this epoch: 
Memory allocated:  786.373046875
Memory cached:  1236.0
	 epoch  20 training error:  tensor(0.1559, device='cuda:0', grad_fn=<DivBackward0>)
Memory status after this epoch: 
Memory allocated:  786.373046875
Memory cached:  1250.0
	 epoch  30 training error:  tensor(0.1282, device='cuda:0', grad_fn=<DivBackward0>)
Memory status after this epoch: 
Memory allocated:  786.373046875
Memory cached:  1240.0
	 epoch  40 training error:  tensor(0.1074, device='cuda:0', grad_fn=<DivBackward0>)
Memory status after this epoch: 
Memory allocated:  786.373046875
Memory cached:  1248.0
	 epoch  50 training error:  tensor(0.0992, device='cuda:0', grad_fn=<DivBackward0>)
Memory status after this epoch: 
Memory allocated:  786.373046875
Memory cached:  1250.0
	 epoch  60 training error:  tensor(0.0951, device='cuda:0', grad_fn=<DivBackward0>)
Memory status after this epoch: 
Memory allocated:  786.373046875
Memory cached:  1244.0
	 epoch  70 training error:  tensor(0.0917, device='cuda:0', grad_fn=<DivBackward0>)
Memory status after this epoch: 
Memory allocated:  786.373046875
Memory cached:  1250.0
	 epoch  80 training error:  tensor(0.0914, device='cuda:0', grad_fn=<DivBackward0>)
Memory status after this epoch: 
Memory allocated:  786.373046875
Memory cached:  1256.0
	 epoch  90 training error:  tensor(0.0878, device='cuda:0', grad_fn=<DivBackward0>)
Memory status after this epoch: 
Memory allocated:  786.373046875
Memory cached:  1246.0
