[I 2024-02-18 05:51:39,548] Trial 28 finished with value: 0.334270179271698 and parameters: {'W_layers': 7, 'W_layer_units_exponent_0': 10, 'W_layer_units_exponent_1': 5, 'W_layer_units_exponent_2': 5, 'W_layer_units_exponent_3': 7, 'W_layer_units_exponent_4': 6, 'W_layer_units_exponent_5': 6, 'W_layer_units_exponent_6': 7, 'D_layers': 2, 'D_layer_units_exponent_0': 10, 'D_layer_units_exponent_1': 10, 'D_dagger_layers': 3, 'D_dagger_layer_units_exponent_0': 7, 'D_dagger_layer_units_exponent_1': 6, 'D_dagger_layer_units_exponent_2': 5, 'log_learning_rate': -2.462518513724959, 'log_learning_rate_D': -2.2059476978725203, 'log_learning_rate_D_dagger': -3.4902370321794534, 'training_batch_size': 6, 'training_p': 4}. Best is trial 23 with value: 0.3015700876712799.
Time for this trial:  27.387091875076294
Memory status after this trial: 
Memory allocated:  819.24267578125
Memory cached:  916.0
--------------------  Trial  29   --------------------
Start timing: 
Parameters: 
{'W_layers': 6, 'W_layer_units_exponent_0': 10, 'W_layer_units_exponent_1': 7, 'W_layer_units_exponent_2': 6, 'W_layer_units_exponent_3': 8, 'W_layer_units_exponent_4': 6, 'W_layer_units_exponent_5': 5, 'D_layers': 3, 'D_layer_units_exponent_0': 10, 'D_layer_units_exponent_1': 6, 'D_layer_units_exponent_2': 4, 'D_dagger_layers': 3, 'D_dagger_layer_units_exponent_0': 7, 'D_dagger_layer_units_exponent_1': 6, 'D_dagger_layer_units_exponent_2': 5, 'log_learning_rate': -3.5335077610316974, 'log_learning_rate_D': -3.0917209136796764, 'log_learning_rate_D_dagger': -4.367266691861561, 'training_batch_size': 6, 'training_p': 3}
	 epoch  0 training error:  tensor(0.7915, device='cuda:0', grad_fn=<DivBackward0>)
Memory status after this epoch: 
Memory allocated:  455.7822265625
Memory cached:  684.0
	 epoch  10 training error:  tensor(0.4705, device='cuda:0', grad_fn=<DivBackward0>)
Memory status after this epoch: 
Memory allocated:  455.7822265625
Memory cached:  684.0
	 epoch  20 training error:  tensor(0.4360, device='cuda:0', grad_fn=<DivBackward0>)
Memory status after this epoch: 
Memory allocated:  455.7822265625
Memory cached:  684.0
	 epoch  30 training error:  tensor(0.4133, device='cuda:0', grad_fn=<DivBackward0>)
Memory status after this epoch: 
Memory allocated:  455.7822265625
Memory cached:  684.0
	 epoch  40 training error:  tensor(0.3848, device='cuda:0', grad_fn=<DivBackward0>)
Memory status after this epoch: 
Memory allocated:  455.7822265625
Memory cached:  684.0
	 epoch  50 training error:  tensor(0.3751, device='cuda:0', grad_fn=<DivBackward0>)
Memory status after this epoch: 
Memory allocated:  455.7822265625
Memory cached:  684.0
	 epoch  60 training error:  tensor(0.3736, device='cuda:0', grad_fn=<DivBackward0>)
Memory status after this epoch: 
Memory allocated:  455.7822265625
Memory cached:  684.0
	 epoch  70 training error:  tensor(0.3709, device='cuda:0', grad_fn=<DivBackward0>)
Memory status after this epoch: 
Memory allocated:  455.7822265625
Memory cached:  684.0
	 epoch  80 training error:  tensor(0.3715, device='cuda:0', grad_fn=<DivBackward0>)
Memory status after this epoch: 
Memory allocated:  455.7822265625
Memory cached:  684.0
	 epoch  90 training error:  tensor(0.3710, device='cuda:0', grad_fn=<DivBackward0>)
Memory status after this epoch: 
Memory allocated:  455.7822265625
Memory cached:  684.0
[I 2024-02-18 05:52:06,059] Trial 29 finished with value: 0.320779949426651 and parameters: {'W_layers': 6, 'W_layer_units_exponent_0': 10, 'W_layer_units_exponent_1': 7, 'W_layer_units_exponent_2': 6, 'W_layer_units_exponent_3': 8, 'W_layer_units_exponent_4': 6, 'W_layer_units_exponent_5': 5, 'D_layers': 3, 'D_layer_units_exponent_0': 10, 'D_layer_units_exponent_1': 6, 'D_layer_units_exponent_2': 4, 'D_dagger_layers': 3, 'D_dagger_layer_units_exponent_0': 7, 'D_dagger_layer_units_exponent_1': 6, 'D_dagger_layer_units_exponent_2': 5, 'log_learning_rate': -3.5335077610316974, 'log_learning_rate_D': -3.0917209136796764, 'log_learning_rate_D_dagger': -4.367266691861561, 'training_batch_size': 6, 'training_p': 3}. Best is trial 23 with value: 0.3015700876712799.
Time for this trial:  26.19659113883972
Memory status after this trial: 
Memory allocated:  844.03173828125
Memory cached:  910.0
--------------------  Trial  30   --------------------
Start timing: 
Parameters: 
{'W_layers': 8, 'W_layer_units_exponent_0': 9, 'W_layer_units_exponent_1': 4, 'W_layer_units_exponent_2': 4, 'W_layer_units_exponent_3': 6, 'W_layer_units_exponent_4': 5, 'W_layer_units_exponent_5': 4, 'W_layer_units_exponent_6': 5, 'W_layer_units_exponent_7': 7, 'D_layers': 5, 'D_layer_units_exponent_0': 7, 'D_layer_units_exponent_1': 10, 'D_layer_units_exponent_2': 4, 'D_layer_units_exponent_3': 6, 'D_layer_units_exponent_4': 6, 'D_dagger_layers': 3, 'D_dagger_layer_units_exponent_0': 9, 'D_dagger_layer_units_exponent_1': 7, 'D_dagger_layer_units_exponent_2': 5, 'log_learning_rate': -3.048778555078501, 'log_learning_rate_D': -3.612106679966347, 'log_learning_rate_D_dagger': -2.5485859819603656, 'training_batch_size': 6, 'training_p': 6}
	 epoch  0 training error:  tensor(0.8986, device='cuda:0', grad_fn=<DivBackward0>)
Memory status after this epoch: 
Memory allocated:  454.61328125
Memory cached:  688.0
	 epoch  10 training error:  tensor(0.5095, device='cuda:0', grad_fn=<DivBackward0>)
Memory status after this epoch: 
Memory allocated:  454.61328125
Memory cached:  688.0
	 epoch  20 training error:  tensor(0.5097, device='cuda:0', grad_fn=<DivBackward0>)
Memory status after this epoch: 
Memory allocated:  454.61328125
Memory cached:  690.0
	 epoch  30 training error:  tensor(0.5018, device='cuda:0', grad_fn=<DivBackward0>)
Memory status after this epoch: 
Memory allocated:  454.61328125
Memory cached:  690.0
	 epoch  40 training error:  tensor(0.5047, device='cuda:0', grad_fn=<DivBackward0>)
Memory status after this epoch: 
Memory allocated:  454.61328125
Memory cached:  690.0
	 epoch  50 training error:  tensor(0.4996, device='cuda:0', grad_fn=<DivBackward0>)
Memory status after this epoch: 
Memory allocated:  454.61328125
Memory cached:  690.0
	 epoch  60 training error:  tensor(0.5045, device='cuda:0', grad_fn=<DivBackward0>)
Memory status after this epoch: 
Memory allocated:  454.61328125
Memory cached:  690.0
	 epoch  70 training error:  tensor(0.5053, device='cuda:0', grad_fn=<DivBackward0>)
Memory status after this epoch: 
Memory allocated:  454.61328125
Memory cached:  690.0
	 epoch  80 training error:  tensor(0.4994, device='cuda:0', grad_fn=<DivBackward0>)
Memory status after this epoch: 
Memory allocated:  454.61328125
Memory cached:  690.0
	 epoch  90 training error:  tensor(0.5020, device='cuda:0', grad_fn=<DivBackward0>)
Memory status after this epoch: 
Memory allocated:  454.61328125
Memory cached:  690.0
[I 2024-02-18 05:52:34,479] Trial 30 finished with value: 0.3815518915653229 and parameters: {'W_layers': 8, 'W_layer_units_exponent_0': 9, 'W_layer_units_exponent_1': 4, 'W_layer_units_exponent_2': 4, 'W_layer_units_exponent_3': 6, 'W_layer_units_exponent_4': 5, 'W_layer_units_exponent_5': 4, 'W_layer_units_exponent_6': 5, 'W_layer_units_exponent_7': 7, 'D_layers': 5, 'D_layer_units_exponent_0': 7, 'D_layer_units_exponent_1': 10, 'D_layer_units_exponent_2': 4, 'D_layer_units_exponent_3': 6, 'D_layer_units_exponent_4': 6, 'D_dagger_layers': 3, 'D_dagger_layer_units_exponent_0': 9, 'D_dagger_layer_units_exponent_1': 7, 'D_dagger_layer_units_exponent_2': 5, 'log_learning_rate': -3.048778555078501, 'log_learning_rate_D': -3.612106679966347, 'log_learning_rate_D_dagger': -2.5485859819603656, 'training_batch_size': 6, 'training_p': 6}. Best is trial 23 with value: 0.3015700876712799.
Time for this trial:  28.04569435119629
Memory status after this trial: 
Memory allocated:  771.47412109375
Memory cached:  820.0
--------------------  Trial  31   --------------------
Start timing: 
Parameters: 
{'W_layers': 8, 'W_layer_units_exponent_0': 6, 'W_layer_units_exponent_1': 4, 'W_layer_units_exponent_2': 6, 'W_layer_units_exponent_3': 7, 'W_layer_units_exponent_4': 8, 'W_layer_units_exponent_5': 4, 'W_layer_units_exponent_6': 5, 'W_layer_units_exponent_7': 4, 'D_layers': 4, 'D_layer_units_exponent_0': 9, 'D_layer_units_exponent_1': 9, 'D_layer_units_exponent_2': 5, 'D_layer_units_exponent_3': 9, 'D_dagger_layers': 6, 'D_dagger_layer_units_exponent_0': 7, 'D_dagger_layer_units_exponent_1': 5, 'D_dagger_layer_units_exponent_2': 7, 'D_dagger_layer_units_exponent_3': 8, 'D_dagger_layer_units_exponent_4': 7, 'D_dagger_layer_units_exponent_5': 10, 'log_learning_rate': -2.602781751727812, 'log_learning_rate_D': -2.6975675211852916, 'log_learning_rate_D_dagger': -3.944230072584608, 'training_batch_size': 7, 'training_p': 2}
	 epoch  0 training error:  tensor(0.9382, device='cuda:0', grad_fn=<DivBackward0>)
Memory status after this epoch: 
Memory allocated:  457.71484375
Memory cached:  686.0
	 epoch  10 training error:  tensor(0.3167, device='cuda:0', grad_fn=<DivBackward0>)
Memory status after this epoch: 
Memory allocated:  457.71484375
Memory cached:  688.0
	 epoch  20 training error:  tensor(0.2896, device='cuda:0', grad_fn=<DivBackward0>)
Memory status after this epoch: 
Memory allocated:  457.71484375
Memory cached:  686.0
	 epoch  30 training error:  tensor(0.2896, device='cuda:0', grad_fn=<DivBackward0>)
Memory status after this epoch: 
Memory allocated:  457.71484375
Memory cached:  686.0
	 epoch  40 training error:  tensor(0.2923, device='cuda:0', grad_fn=<DivBackward0>)
Memory status after this epoch: 
Memory allocated:  457.71484375
Memory cached:  686.0
	 epoch  50 training error:  tensor(0.2877, device='cuda:0', grad_fn=<DivBackward0>)
Memory status after this epoch: 
Memory allocated:  457.71484375
Memory cached:  686.0
	 epoch  60 training error:  tensor(0.2896, device='cuda:0', grad_fn=<DivBackward0>)
Memory status after this epoch: 
Memory allocated:  457.71484375
Memory cached:  686.0
	 epoch  70 training error:  tensor(0.2902, device='cuda:0', grad_fn=<DivBackward0>)
Memory status after this epoch: 
Memory allocated:  457.71484375
Memory cached:  686.0
	 epoch  80 training error:  tensor(0.2855, device='cuda:0', grad_fn=<DivBackward0>)
Memory status after this epoch: 
Memory allocated:  457.71484375
Memory cached:  686.0
	 epoch  90 training error:  tensor(0.2871, device='cuda:0', grad_fn=<DivBackward0>)
Memory status after this epoch: 
Memory allocated:  457.71484375
Memory cached:  686.0
[I 2024-02-18 05:53:02,422] Trial 31 finished with value: 0.30623021721839905 and parameters: {'W_layers': 8, 'W_layer_units_exponent_0': 6, 'W_layer_units_exponent_1': 4, 'W_layer_units_exponent_2': 6, 'W_layer_units_exponent_3': 7, 'W_layer_units_exponent_4': 8, 'W_layer_units_exponent_5': 4, 'W_layer_units_exponent_6': 5, 'W_layer_units_exponent_7': 4, 'D_layers': 4, 'D_layer_units_exponent_0': 9, 'D_layer_units_exponent_1': 9, 'D_layer_units_exponent_2': 5, 'D_layer_units_exponent_3': 9, 'D_dagger_layers': 6, 'D_dagger_layer_units_exponent_0': 7, 'D_dagger_layer_units_exponent_1': 5, 'D_dagger_layer_units_exponent_2': 7, 'D_dagger_layer_units_exponent_3': 8, 'D_dagger_layer_units_exponent_4': 7, 'D_dagger_layer_units_exponent_5': 10, 'log_learning_rate': -2.602781751727812, 'log_learning_rate_D': -2.6975675211852916, 'log_learning_rate_D_dagger': -3.944230072584608, 'training_batch_size': 7, 'training_p': 2}. Best is trial 23 with value: 0.3015700876712799.
Time for this trial:  27.560662031173706
Memory status after this trial: 
Memory allocated:  921.48291015625
Memory cached:  946.0
--------------------  Trial  32   --------------------
Start timing: 
Parameters: 
{'W_layers': 8, 'W_layer_units_exponent_0': 9, 'W_layer_units_exponent_1': 4, 'W_layer_units_exponent_2': 6, 'W_layer_units_exponent_3': 9, 'W_layer_units_exponent_4': 7, 'W_layer_units_exponent_5': 4, 'W_layer_units_exponent_6': 4, 'W_layer_units_exponent_7': 5, 'D_layers': 3, 'D_layer_units_exponent_0': 8, 'D_layer_units_exponent_1': 10, 'D_layer_units_exponent_2': 6, 'D_dagger_layers': 4, 'D_dagger_layer_units_exponent_0': 8, 'D_dagger_layer_units_exponent_1': 4, 'D_dagger_layer_units_exponent_2': 8, 'D_dagger_layer_units_exponent_3': 9, 'log_learning_rate': -2.9221518529629287, 'log_learning_rate_D': -2.9032141017889956, 'log_learning_rate_D_dagger': -3.2761676724655295, 'training_batch_size': 8, 'training_p': 2}
	 epoch  0 training error:  tensor(0.9732, device='cuda:0', grad_fn=<DivBackward0>)
Memory status after this epoch: 
Memory allocated:  457.78662109375
Memory cached:  686.0
	 epoch  10 training error:  tensor(0.3140, device='cuda:0', grad_fn=<DivBackward0>)
Memory status after this epoch: 
Memory allocated:  457.78662109375
Memory cached:  686.0
	 epoch  20 training error:  tensor(0.2868, device='cuda:0', grad_fn=<DivBackward0>)
Memory status after this epoch: 
Memory allocated:  457.78662109375
Memory cached:  686.0
	 epoch  30 training error:  tensor(0.2930, device='cuda:0', grad_fn=<DivBackward0>)
Memory status after this epoch: 
Memory allocated:  457.78662109375
Memory cached:  686.0
	 epoch  40 training error:  tensor(0.2887, device='cuda:0', grad_fn=<DivBackward0>)
Memory status after this epoch: 
Memory allocated:  457.78662109375
Memory cached:  686.0
	 epoch  50 training error:  tensor(0.2883, device='cuda:0', grad_fn=<DivBackward0>)
Memory status after this epoch: 
Memory allocated:  457.78662109375
Memory cached:  686.0
	 epoch  60 training error:  tensor(0.2882, device='cuda:0', grad_fn=<DivBackward0>)
Memory status after this epoch: 
Memory allocated:  457.78662109375
Memory cached:  686.0
	 epoch  70 training error:  tensor(0.2890, device='cuda:0', grad_fn=<DivBackward0>)
Memory status after this epoch: 
Memory allocated:  457.78662109375
Memory cached:  686.0
	 epoch  80 training error:  tensor(0.2860, device='cuda:0', grad_fn=<DivBackward0>)
Memory status after this epoch: 
Memory allocated:  457.78662109375
Memory cached:  686.0
	 epoch  90 training error:  tensor(0.2877, device='cuda:0', grad_fn=<DivBackward0>)
Memory status after this epoch: 
Memory allocated:  457.78662109375
Memory cached:  686.0
[I 2024-02-18 05:53:30,535] Trial 32 finished with value: 0.3030772805213928 and parameters: {'W_layers': 8, 'W_layer_units_exponent_0': 9, 'W_layer_units_exponent_1': 4, 'W_layer_units_exponent_2': 6, 'W_layer_units_exponent_3': 9, 'W_layer_units_exponent_4': 7, 'W_layer_units_exponent_5': 4, 'W_layer_units_exponent_6': 4, 'W_layer_units_exponent_7': 5, 'D_layers': 3, 'D_layer_units_exponent_0': 8, 'D_layer_units_exponent_1': 10, 'D_layer_units_exponent_2': 6, 'D_dagger_layers': 4, 'D_dagger_layer_units_exponent_0': 8, 'D_dagger_layer_units_exponent_1': 4, 'D_dagger_layer_units_exponent_2': 8, 'D_dagger_layer_units_exponent_3': 9, 'log_learning_rate': -2.9221518529629287, 'log_learning_rate_D': -2.9032141017889956, 'log_learning_rate_D_dagger': -3.2761676724655295, 'training_batch_size': 8, 'training_p': 2}. Best is trial 23 with value: 0.3015700876712799.
Time for this trial:  27.728357791900635
Memory status after this trial: 
Memory allocated:  947.69189453125
Memory cached:  978.0
--------------------  Trial  33   --------------------
Start timing: 
Parameters: 
{'W_layers': 8, 'W_layer_units_exponent_0': 9, 'W_layer_units_exponent_1': 5, 'W_layer_units_exponent_2': 5, 'W_layer_units_exponent_3': 9, 'W_layer_units_exponent_4': 7, 'W_layer_units_exponent_5': 5, 'W_layer_units_exponent_6': 4, 'W_layer_units_exponent_7': 5, 'D_layers': 3, 'D_layer_units_exponent_0': 8, 'D_layer_units_exponent_1': 10, 'D_layer_units_exponent_2': 6, 'D_dagger_layers': 2, 'D_dagger_layer_units_exponent_0': 9, 'D_dagger_layer_units_exponent_1': 4, 'log_learning_rate': -2.8824776304643818, 'log_learning_rate_D': -3.0113452739336197, 'log_learning_rate_D_dagger': -3.186865242097021, 'training_batch_size': 7, 'training_p': 2}
	 epoch  0 training error:  tensor(0.5847, device='cuda:0', grad_fn=<DivBackward0>)
Memory status after this epoch: 
Memory allocated:  455.68701171875
Memory cached:  684.0
	 epoch  10 training error:  tensor(0.3023, device='cuda:0', grad_fn=<DivBackward0>)
Memory status after this epoch: 
Memory allocated:  455.68701171875
Memory cached:  684.0
	 epoch  20 training error:  tensor(0.2893, device='cuda:0', grad_fn=<DivBackward0>)
Memory status after this epoch: 
Memory allocated:  455.68701171875
Memory cached:  684.0
	 epoch  30 training error:  tensor(0.2873, device='cuda:0', grad_fn=<DivBackward0>)
Memory status after this epoch: 
Memory allocated:  455.68701171875
Memory cached:  684.0
	 epoch  40 training error:  tensor(0.2870, device='cuda:0', grad_fn=<DivBackward0>)
Memory status after this epoch: 
Memory allocated:  455.68701171875
Memory cached:  684.0
	 epoch  50 training error:  tensor(0.2911, device='cuda:0', grad_fn=<DivBackward0>)
Memory status after this epoch: 
Memory allocated:  455.68701171875
Memory cached:  684.0
	 epoch  60 training error:  tensor(0.2876, device='cuda:0', grad_fn=<DivBackward0>)
Memory status after this epoch: 
Memory allocated:  455.68701171875
Memory cached:  684.0
	 epoch  70 training error:  tensor(0.2952, device='cuda:0', grad_fn=<DivBackward0>)
Memory status after this epoch: 
Memory allocated:  455.68701171875
Memory cached:  684.0
	 epoch  80 training error:  tensor(0.2916, device='cuda:0', grad_fn=<DivBackward0>)
Memory status after this epoch: 
Memory allocated:  455.68701171875
Memory cached:  684.0
	 epoch  90 training error:  tensor(0.2849, device='cuda:0', grad_fn=<DivBackward0>)
Memory status after this epoch: 
Memory allocated:  455.68701171875
Memory cached:  684.0
[I 2024-02-18 05:53:55,911] Trial 33 finished with value: 0.30174994468688965 and parameters: {'W_layers': 8, 'W_layer_units_exponent_0': 9, 'W_layer_units_exponent_1': 5, 'W_layer_units_exponent_2': 5, 'W_layer_units_exponent_3': 9, 'W_layer_units_exponent_4': 7, 'W_layer_units_exponent_5': 5, 'W_layer_units_exponent_6': 4, 'W_layer_units_exponent_7': 5, 'D_layers': 3, 'D_layer_units_exponent_0': 8, 'D_layer_units_exponent_1': 10, 'D_layer_units_exponent_2': 6, 'D_dagger_layers': 2, 'D_dagger_layer_units_exponent_0': 9, 'D_dagger_layer_units_exponent_1': 4, 'log_learning_rate': -2.8824776304643818, 'log_learning_rate_D': -3.0113452739336197, 'log_learning_rate_D_dagger': -3.186865242097021, 'training_batch_size': 7, 'training_p': 2}. Best is trial 23 with value: 0.3015700876712799.
Time for this trial:  25.012253284454346
Memory status after this trial: 
Memory allocated:  848.41943359375
Memory cached:  942.0
--------------------  Trial  34   --------------------
Start timing: 
Parameters: 
{'W_layers': 7, 'W_layer_units_exponent_0': 9, 'W_layer_units_exponent_1': 6, 'W_layer_units_exponent_2': 5, 'W_layer_units_exponent_3': 9, 'W_layer_units_exponent_4': 6, 'W_layer_units_exponent_5': 4, 'W_layer_units_exponent_6': 4, 'D_layers': 2, 'D_layer_units_exponent_0': 8, 'D_layer_units_exponent_1': 10, 'D_dagger_layers': 2, 'D_dagger_layer_units_exponent_0': 8, 'D_dagger_layer_units_exponent_1': 4, 'log_learning_rate': -2.8899626869173334, 'log_learning_rate_D': -3.1917451958086835, 'log_learning_rate_D_dagger': -3.2546622366801117, 'training_batch_size': 7, 'training_p': 3}
	 epoch  0 training error:  tensor(0.6998, device='cuda:0', grad_fn=<DivBackward0>)
Memory status after this epoch: 
Memory allocated:  455.07470703125
Memory cached:  684.0
	 epoch  10 training error:  tensor(0.3810, device='cuda:0', grad_fn=<DivBackward0>)
Memory status after this epoch: 
Memory allocated:  455.07470703125
Memory cached:  686.0
	 epoch  20 training error:  tensor(0.3721, device='cuda:0', grad_fn=<DivBackward0>)
Memory status after this epoch: 
Memory allocated:  455.07470703125
Memory cached:  684.0
	 epoch  30 training error:  tensor(0.3725, device='cuda:0', grad_fn=<DivBackward0>)
Memory status after this epoch: 
Memory allocated:  455.07470703125
Memory cached:  684.0
	 epoch  40 training error:  tensor(0.3698, device='cuda:0', grad_fn=<DivBackward0>)
Memory status after this epoch: 
Memory allocated:  455.07470703125
Memory cached:  684.0
	 epoch  50 training error:  tensor(0.3707, device='cuda:0', grad_fn=<DivBackward0>)
Memory status after this epoch: 
Memory allocated:  455.07470703125
Memory cached:  684.0
	 epoch  60 training error:  tensor(0.3714, device='cuda:0', grad_fn=<DivBackward0>)
Memory status after this epoch: 
Memory allocated:  455.07470703125
Memory cached:  684.0
	 epoch  70 training error:  tensor(0.3717, device='cuda:0', grad_fn=<DivBackward0>)
Memory status after this epoch: 
Memory allocated:  455.07470703125
Memory cached:  684.0
	 epoch  80 training error:  tensor(0.3746, device='cuda:0', grad_fn=<DivBackward0>)
Memory status after this epoch: 
Memory allocated:  455.07470703125
Memory cached:  684.0
	 epoch  90 training error:  tensor(0.3722, device='cuda:0', grad_fn=<DivBackward0>)
Memory status after this epoch: 
Memory allocated:  455.07470703125
Memory cached:  684.0
