[I 2024-01-10 15:56:12,400] Trial 4 finished with value: 0.5780404806137085 and parameters: {'W_layers': 3, 'W_layer_units_exponent_0': 4, 'W_layer_units_exponent_1': 10, 'W_layer_units_exponent_2': 5, 'D_layers': 5, 'D_layer_units_exponent_0': 9, 'D_layer_units_exponent_1': 7, 'D_layer_units_exponent_2': 10, 'D_layer_units_exponent_3': 8, 'D_layer_units_exponent_4': 4, 'D_dagger_layers': 6, 'D_dagger_layer_units_exponent_0': 5, 'D_dagger_layer_units_exponent_1': 6, 'D_dagger_layer_units_exponent_2': 5, 'D_dagger_layer_units_exponent_3': 7, 'D_dagger_layer_units_exponent_4': 9, 'D_dagger_layer_units_exponent_5': 10, 'log_learning_rate': -2.486083806530283, 'log_learning_rate_D': -1.6424447935196729, 'log_learning_rate_D_dagger': -4.702178096026538, 'training_batch_size': 7, 'training_p': 5}. Best is trial 1 with value: 0.22719541192054749.
Time for this trial:  373.14243626594543
Memory status after this trial: 
Memory allocated:  1103.85400390625
Memory cached:  1122.0
--------------------  Trial  5   --------------------
Start timing: 
Parameters: 
{'W_layers': 8, 'W_layer_units_exponent_0': 7, 'W_layer_units_exponent_1': 9, 'W_layer_units_exponent_2': 5, 'W_layer_units_exponent_3': 8, 'W_layer_units_exponent_4': 8, 'W_layer_units_exponent_5': 8, 'W_layer_units_exponent_6': 4, 'W_layer_units_exponent_7': 6, 'D_layers': 5, 'D_layer_units_exponent_0': 9, 'D_layer_units_exponent_1': 8, 'D_layer_units_exponent_2': 9, 'D_layer_units_exponent_3': 5, 'D_layer_units_exponent_4': 9, 'D_dagger_layers': 8, 'D_dagger_layer_units_exponent_0': 5, 'D_dagger_layer_units_exponent_1': 5, 'D_dagger_layer_units_exponent_2': 5, 'D_dagger_layer_units_exponent_3': 6, 'D_dagger_layer_units_exponent_4': 4, 'D_dagger_layer_units_exponent_5': 8, 'D_dagger_layer_units_exponent_6': 7, 'D_dagger_layer_units_exponent_7': 9, 'log_learning_rate': -2.3829690313998984, 'log_learning_rate_D': -2.810975205549322, 'log_learning_rate_D_dagger': -4.082651450564318, 'training_batch_size': 8, 'training_p': 5}
	 epoch  0 training error:  tensor(1.0092, device='cuda:0', grad_fn=<DivBackward0>)
Memory status after this epoch: 
Memory allocated:  610.46630859375
Memory cached:  864.0
	 epoch  10 training error:  tensor(0.6579, device='cuda:0', grad_fn=<DivBackward0>)
Memory status after this epoch: 
Memory allocated:  610.46630859375
Memory cached:  902.0
	 epoch  20 training error:  tensor(0.6380, device='cuda:0', grad_fn=<DivBackward0>)
Memory status after this epoch: 
Memory allocated:  610.46630859375
Memory cached:  896.0
	 epoch  30 training error:  tensor(0.6247, device='cuda:0', grad_fn=<DivBackward0>)
Memory status after this epoch: 
Memory allocated:  610.46630859375
Memory cached:  896.0
	 epoch  40 training error:  tensor(0.5706, device='cuda:0', grad_fn=<DivBackward0>)
Memory status after this epoch: 
Memory allocated:  610.46630859375
Memory cached:  902.0
	 epoch  50 training error:  tensor(0.4865, device='cuda:0', grad_fn=<DivBackward0>)
Memory status after this epoch: 
Memory allocated:  610.46630859375
Memory cached:  904.0
	 epoch  60 training error:  tensor(0.3554, device='cuda:0', grad_fn=<DivBackward0>)
Memory status after this epoch: 
Memory allocated:  610.46630859375
Memory cached:  904.0
	 epoch  70 training error:  tensor(0.3590, device='cuda:0', grad_fn=<DivBackward0>)
Memory status after this epoch: 
Memory allocated:  610.46630859375
Memory cached:  898.0
	 epoch  80 training error:  tensor(0.3440, device='cuda:0', grad_fn=<DivBackward0>)
Memory status after this epoch: 
Memory allocated:  610.46630859375
Memory cached:  900.0
	 epoch  90 training error:  tensor(0.3412, device='cuda:0', grad_fn=<DivBackward0>)
Memory status after this epoch: 
Memory allocated:  610.46630859375
Memory cached:  892.0
[I 2024-01-10 16:00:59,653] Trial 5 finished with value: 0.24181874096393585 and parameters: {'W_layers': 8, 'W_layer_units_exponent_0': 7, 'W_layer_units_exponent_1': 9, 'W_layer_units_exponent_2': 5, 'W_layer_units_exponent_3': 8, 'W_layer_units_exponent_4': 8, 'W_layer_units_exponent_5': 8, 'W_layer_units_exponent_6': 4, 'W_layer_units_exponent_7': 6, 'D_layers': 5, 'D_layer_units_exponent_0': 9, 'D_layer_units_exponent_1': 8, 'D_layer_units_exponent_2': 9, 'D_layer_units_exponent_3': 5, 'D_layer_units_exponent_4': 9, 'D_dagger_layers': 8, 'D_dagger_layer_units_exponent_0': 5, 'D_dagger_layer_units_exponent_1': 5, 'D_dagger_layer_units_exponent_2': 5, 'D_dagger_layer_units_exponent_3': 6, 'D_dagger_layer_units_exponent_4': 4, 'D_dagger_layer_units_exponent_5': 8, 'D_dagger_layer_units_exponent_6': 7, 'D_dagger_layer_units_exponent_7': 9, 'log_learning_rate': -2.3829690313998984, 'log_learning_rate_D': -2.810975205549322, 'log_learning_rate_D_dagger': -4.082651450564318, 'training_batch_size': 8, 'training_p': 5}. Best is trial 1 with value: 0.22719541192054749.
Time for this trial:  286.93969345092773
Memory status after this trial: 
Memory allocated:  1059.11572265625
Memory cached:  1082.0
--------------------  Trial  6   --------------------
Start timing: 
Parameters: 
{'W_layers': 4, 'W_layer_units_exponent_0': 10, 'W_layer_units_exponent_1': 4, 'W_layer_units_exponent_2': 6, 'W_layer_units_exponent_3': 6, 'D_layers': 8, 'D_layer_units_exponent_0': 6, 'D_layer_units_exponent_1': 9, 'D_layer_units_exponent_2': 9, 'D_layer_units_exponent_3': 9, 'D_layer_units_exponent_4': 7, 'D_layer_units_exponent_5': 5, 'D_layer_units_exponent_6': 10, 'D_layer_units_exponent_7': 4, 'D_dagger_layers': 6, 'D_dagger_layer_units_exponent_0': 6, 'D_dagger_layer_units_exponent_1': 10, 'D_dagger_layer_units_exponent_2': 8, 'D_dagger_layer_units_exponent_3': 8, 'D_dagger_layer_units_exponent_4': 7, 'D_dagger_layer_units_exponent_5': 10, 'log_learning_rate': -4.195807595472401, 'log_learning_rate_D': -1.8300135076346447, 'log_learning_rate_D_dagger': -3.174568403922925, 'training_batch_size': 12, 'training_p': 8}
	 epoch  0 training error:  tensor(1.0547, device='cuda:0', grad_fn=<DivBackward0>)
Memory status after this epoch: 
Memory allocated:  620.05419921875
Memory cached:  884.0
	 epoch  10 training error:  tensor(0.7237, device='cuda:0', grad_fn=<DivBackward0>)
Memory status after this epoch: 
Memory allocated:  620.05419921875
Memory cached:  918.0
	 epoch  20 training error:  tensor(0.6954, device='cuda:0', grad_fn=<DivBackward0>)
Memory status after this epoch: 
Memory allocated:  620.05419921875
Memory cached:  938.0
	 epoch  30 training error:  tensor(0.6806, device='cuda:0', grad_fn=<DivBackward0>)
Memory status after this epoch: 
Memory allocated:  620.05419921875
Memory cached:  932.0
	 epoch  40 training error:  tensor(0.6808, device='cuda:0', grad_fn=<DivBackward0>)
Memory status after this epoch: 
Memory allocated:  620.05419921875
Memory cached:  928.0
	 epoch  50 training error:  tensor(0.6787, device='cuda:0', grad_fn=<DivBackward0>)
Memory status after this epoch: 
Memory allocated:  620.05419921875
Memory cached:  932.0
	 epoch  60 training error:  tensor(0.6755, device='cuda:0', grad_fn=<DivBackward0>)
Memory status after this epoch: 
Memory allocated:  620.05419921875
Memory cached:  936.0
	 epoch  70 training error:  tensor(0.6752, device='cuda:0', grad_fn=<DivBackward0>)
Memory status after this epoch: 
Memory allocated:  620.05419921875
Memory cached:  938.0
	 epoch  80 training error:  tensor(0.6765, device='cuda:0', grad_fn=<DivBackward0>)
Memory status after this epoch: 
Memory allocated:  620.05419921875
Memory cached:  926.0
	 epoch  90 training error:  tensor(0.6748, device='cuda:0', grad_fn=<DivBackward0>)
Memory status after this epoch: 
Memory allocated:  620.05419921875
Memory cached:  928.0
[I 2024-01-10 16:05:58,765] Trial 6 finished with value: 0.5469422340393066 and parameters: {'W_layers': 4, 'W_layer_units_exponent_0': 10, 'W_layer_units_exponent_1': 4, 'W_layer_units_exponent_2': 6, 'W_layer_units_exponent_3': 6, 'D_layers': 8, 'D_layer_units_exponent_0': 6, 'D_layer_units_exponent_1': 9, 'D_layer_units_exponent_2': 9, 'D_layer_units_exponent_3': 9, 'D_layer_units_exponent_4': 7, 'D_layer_units_exponent_5': 5, 'D_layer_units_exponent_6': 10, 'D_layer_units_exponent_7': 4, 'D_dagger_layers': 6, 'D_dagger_layer_units_exponent_0': 6, 'D_dagger_layer_units_exponent_1': 10, 'D_dagger_layer_units_exponent_2': 8, 'D_dagger_layer_units_exponent_3': 8, 'D_dagger_layer_units_exponent_4': 7, 'D_dagger_layer_units_exponent_5': 10, 'log_learning_rate': -4.195807595472401, 'log_learning_rate_D': -1.8300135076346447, 'log_learning_rate_D_dagger': -3.174568403922925, 'training_batch_size': 12, 'training_p': 8}. Best is trial 1 with value: 0.22719541192054749.
Time for this trial:  298.77017617225647
Memory status after this trial: 
Memory allocated:  1308.64111328125
Memory cached:  1336.0
--------------------  Trial  7   --------------------
Start timing: 
Parameters: 
{'W_layers': 6, 'W_layer_units_exponent_0': 10, 'W_layer_units_exponent_1': 10, 'W_layer_units_exponent_2': 4, 'W_layer_units_exponent_3': 4, 'W_layer_units_exponent_4': 4, 'W_layer_units_exponent_5': 7, 'D_layers': 4, 'D_layer_units_exponent_0': 8, 'D_layer_units_exponent_1': 9, 'D_layer_units_exponent_2': 6, 'D_layer_units_exponent_3': 8, 'D_dagger_layers': 7, 'D_dagger_layer_units_exponent_0': 7, 'D_dagger_layer_units_exponent_1': 4, 'D_dagger_layer_units_exponent_2': 9, 'D_dagger_layer_units_exponent_3': 9, 'D_dagger_layer_units_exponent_4': 7, 'D_dagger_layer_units_exponent_5': 4, 'D_dagger_layer_units_exponent_6': 6, 'log_learning_rate': -4.988050055739965, 'log_learning_rate_D': -1.5413283945588936, 'log_learning_rate_D_dagger': -4.18285588023261, 'training_batch_size': 9, 'training_p': 2}
	 epoch  0 training error:  tensor(1.0096, device='cuda:0', grad_fn=<DivBackward0>)
Memory status after this epoch: 
Memory allocated:  625.11865234375
Memory cached:  880.0
	 epoch  10 training error:  tensor(0.8988, device='cuda:0', grad_fn=<DivBackward0>)
Memory status after this epoch: 
Memory allocated:  625.11865234375
Memory cached:  918.0
	 epoch  20 training error:  tensor(0.8040, device='cuda:0', grad_fn=<DivBackward0>)
Memory status after this epoch: 
Memory allocated:  625.11865234375
Memory cached:  928.0
	 epoch  30 training error:  tensor(0.5529, device='cuda:0', grad_fn=<DivBackward0>)
Memory status after this epoch: 
Memory allocated:  625.11865234375
Memory cached:  928.0
	 epoch  40 training error:  tensor(0.5032, device='cuda:0', grad_fn=<DivBackward0>)
Memory status after this epoch: 
Memory allocated:  625.11865234375
Memory cached:  930.0
	 epoch  50 training error:  tensor(0.3249, device='cuda:0', grad_fn=<DivBackward0>)
Memory status after this epoch: 
Memory allocated:  625.11865234375
Memory cached:  922.0
	 epoch  60 training error:  tensor(0.2769, device='cuda:0', grad_fn=<DivBackward0>)
Memory status after this epoch: 
Memory allocated:  625.11865234375
Memory cached:  924.0
	 epoch  70 training error:  tensor(0.2643, device='cuda:0', grad_fn=<DivBackward0>)
Memory status after this epoch: 
Memory allocated:  625.11865234375
Memory cached:  924.0
	 epoch  80 training error:  tensor(0.2515, device='cuda:0', grad_fn=<DivBackward0>)
Memory status after this epoch: 
Memory allocated:  625.11865234375
Memory cached:  926.0
	 epoch  90 training error:  tensor(0.2403, device='cuda:0', grad_fn=<DivBackward0>)
Memory status after this epoch: 
Memory allocated:  625.11865234375
Memory cached:  928.0
[I 2024-01-10 16:10:20,550] Trial 7 finished with value: 0.23728223145008087 and parameters: {'W_layers': 6, 'W_layer_units_exponent_0': 10, 'W_layer_units_exponent_1': 10, 'W_layer_units_exponent_2': 4, 'W_layer_units_exponent_3': 4, 'W_layer_units_exponent_4': 4, 'W_layer_units_exponent_5': 7, 'D_layers': 4, 'D_layer_units_exponent_0': 8, 'D_layer_units_exponent_1': 9, 'D_layer_units_exponent_2': 6, 'D_layer_units_exponent_3': 8, 'D_dagger_layers': 7, 'D_dagger_layer_units_exponent_0': 7, 'D_dagger_layer_units_exponent_1': 4, 'D_dagger_layer_units_exponent_2': 9, 'D_dagger_layer_units_exponent_3': 9, 'D_dagger_layer_units_exponent_4': 7, 'D_dagger_layer_units_exponent_5': 4, 'D_dagger_layer_units_exponent_6': 6, 'log_learning_rate': -4.988050055739965, 'log_learning_rate_D': -1.5413283945588936, 'log_learning_rate_D_dagger': -4.18285588023261, 'training_batch_size': 9, 'training_p': 2}. Best is trial 1 with value: 0.22719541192054749.
Time for this trial:  261.4538486003876
Memory status after this trial: 
Memory allocated:  1106.00732421875
Memory cached:  1120.0
--------------------  Trial  8   --------------------
Start timing: 
Parameters: 
{'W_layers': 3, 'W_layer_units_exponent_0': 9, 'W_layer_units_exponent_1': 7, 'W_layer_units_exponent_2': 8, 'D_layers': 6, 'D_layer_units_exponent_0': 4, 'D_layer_units_exponent_1': 6, 'D_layer_units_exponent_2': 6, 'D_layer_units_exponent_3': 10, 'D_layer_units_exponent_4': 8, 'D_layer_units_exponent_5': 7, 'D_dagger_layers': 8, 'D_dagger_layer_units_exponent_0': 6, 'D_dagger_layer_units_exponent_1': 4, 'D_dagger_layer_units_exponent_2': 9, 'D_dagger_layer_units_exponent_3': 7, 'D_dagger_layer_units_exponent_4': 7, 'D_dagger_layer_units_exponent_5': 9, 'D_dagger_layer_units_exponent_6': 6, 'D_dagger_layer_units_exponent_7': 6, 'log_learning_rate': -4.981129902770023, 'log_learning_rate_D': -3.206442468030451, 'log_learning_rate_D_dagger': -4.546094868883941, 'training_batch_size': 8, 'training_p': 2}
	 epoch  0 training error:  tensor(1.0121, device='cuda:0', grad_fn=<DivBackward0>)
Memory status after this epoch: 
Memory allocated:  610.88232421875
Memory cached:  884.0
	 epoch  10 training error:  tensor(0.8521, device='cuda:0', grad_fn=<DivBackward0>)
Memory status after this epoch: 
Memory allocated:  610.88232421875
Memory cached:  924.0
	 epoch  20 training error:  tensor(0.7224, device='cuda:0', grad_fn=<DivBackward0>)
Memory status after this epoch: 
Memory allocated:  610.88232421875
Memory cached:  920.0
	 epoch  30 training error:  tensor(0.6335, device='cuda:0', grad_fn=<DivBackward0>)
Memory status after this epoch: 
Memory allocated:  610.88232421875
Memory cached:  934.0
	 epoch  40 training error:  tensor(0.5763, device='cuda:0', grad_fn=<DivBackward0>)
Memory status after this epoch: 
Memory allocated:  610.88232421875
Memory cached:  930.0
	 epoch  50 training error:  tensor(0.5345, device='cuda:0', grad_fn=<DivBackward0>)
Memory status after this epoch: 
Memory allocated:  610.88232421875
Memory cached:  918.0
	 epoch  60 training error:  tensor(0.5056, device='cuda:0', grad_fn=<DivBackward0>)
Memory status after this epoch: 
Memory allocated:  610.88232421875
Memory cached:  920.0
	 epoch  70 training error:  tensor(0.4624, device='cuda:0', grad_fn=<DivBackward0>)
Memory status after this epoch: 
Memory allocated:  610.88232421875
Memory cached:  922.0
	 epoch  80 training error:  tensor(0.4066, device='cuda:0', grad_fn=<DivBackward0>)
Memory status after this epoch: 
Memory allocated:  610.88232421875
Memory cached:  920.0
	 epoch  90 training error:  tensor(0.3393, device='cuda:0', grad_fn=<DivBackward0>)
Memory status after this epoch: 
Memory allocated:  610.88232421875
Memory cached:  924.0
[I 2024-01-10 16:14:29,921] Trial 8 finished with value: 0.2650574743747711 and parameters: {'W_layers': 3, 'W_layer_units_exponent_0': 9, 'W_layer_units_exponent_1': 7, 'W_layer_units_exponent_2': 8, 'D_layers': 6, 'D_layer_units_exponent_0': 4, 'D_layer_units_exponent_1': 6, 'D_layer_units_exponent_2': 6, 'D_layer_units_exponent_3': 10, 'D_layer_units_exponent_4': 8, 'D_layer_units_exponent_5': 7, 'D_dagger_layers': 8, 'D_dagger_layer_units_exponent_0': 6, 'D_dagger_layer_units_exponent_1': 4, 'D_dagger_layer_units_exponent_2': 9, 'D_dagger_layer_units_exponent_3': 7, 'D_dagger_layer_units_exponent_4': 7, 'D_dagger_layer_units_exponent_5': 9, 'D_dagger_layer_units_exponent_6': 6, 'D_dagger_layer_units_exponent_7': 6, 'log_learning_rate': -4.981129902770023, 'log_learning_rate_D': -3.206442468030451, 'log_learning_rate_D_dagger': -4.546094868883941, 'training_batch_size': 8, 'training_p': 2}. Best is trial 1 with value: 0.22719541192054749.
Time for this trial:  249.0397391319275
Memory status after this trial: 
Memory allocated:  1018.0517578125
Memory cached:  1040.0
--------------------  Trial  9   --------------------
Start timing: 
Parameters: 
{'W_layers': 3, 'W_layer_units_exponent_0': 5, 'W_layer_units_exponent_1': 6, 'W_layer_units_exponent_2': 7, 'D_layers': 2, 'D_layer_units_exponent_0': 4, 'D_layer_units_exponent_1': 4, 'D_dagger_layers': 4, 'D_dagger_layer_units_exponent_0': 10, 'D_dagger_layer_units_exponent_1': 7, 'D_dagger_layer_units_exponent_2': 10, 'D_dagger_layer_units_exponent_3': 10, 'log_learning_rate': -4.103658802396703, 'log_learning_rate_D': -1.7489090583354558, 'log_learning_rate_D_dagger': -2.825708972285584, 'training_batch_size': 6, 'training_p': 6}
	 epoch  0 training error:  tensor(2.5630, device='cuda:0', grad_fn=<DivBackward0>)
Memory status after this epoch: 
Memory allocated:  621.03759765625
Memory cached:  888.0
	 epoch  10 training error:  tensor(0.4580, device='cuda:0', grad_fn=<DivBackward0>)
Memory status after this epoch: 
Memory allocated:  621.03759765625
Memory cached:  904.0
	 epoch  20 training error:  tensor(0.3493, device='cuda:0', grad_fn=<DivBackward0>)
Memory status after this epoch: 
Memory allocated:  621.03759765625
Memory cached:  908.0
	 epoch  30 training error:  tensor(0.3635, device='cuda:0', grad_fn=<DivBackward0>)
Memory status after this epoch: 
Memory allocated:  621.03759765625
Memory cached:  910.0
	 epoch  40 training error:  tensor(0.3545, device='cuda:0', grad_fn=<DivBackward0>)
Memory status after this epoch: 
Memory allocated:  621.03759765625
Memory cached:  910.0
	 epoch  50 training error:  tensor(0.3367, device='cuda:0', grad_fn=<DivBackward0>)
Memory status after this epoch: 
Memory allocated:  621.03759765625
Memory cached:  908.0
	 epoch  60 training error:  tensor(0.3141, device='cuda:0', grad_fn=<DivBackward0>)
Memory status after this epoch: 
Memory allocated:  621.03759765625
Memory cached:  908.0
	 epoch  70 training error:  tensor(0.2645, device='cuda:0', grad_fn=<DivBackward0>)
Memory status after this epoch: 
Memory allocated:  621.03759765625
Memory cached:  904.0
	 epoch  80 training error:  tensor(0.2540, device='cuda:0', grad_fn=<DivBackward0>)
Memory status after this epoch: 
Memory allocated:  621.03759765625
Memory cached:  908.0
	 epoch  90 training error:  tensor(0.2041, device='cuda:0', grad_fn=<DivBackward0>)
Memory status after this epoch: 
Memory allocated:  621.03759765625
Memory cached:  912.0
[I 2024-01-10 16:20:48,833] Trial 9 finished with value: 0.18485425412654877 and parameters: {'W_layers': 3, 'W_layer_units_exponent_0': 5, 'W_layer_units_exponent_1': 6, 'W_layer_units_exponent_2': 7, 'D_layers': 2, 'D_layer_units_exponent_0': 4, 'D_layer_units_exponent_1': 4, 'D_dagger_layers': 4, 'D_dagger_layer_units_exponent_0': 10, 'D_dagger_layer_units_exponent_1': 7, 'D_dagger_layer_units_exponent_2': 10, 'D_dagger_layer_units_exponent_3': 10, 'log_learning_rate': -4.103658802396703, 'log_learning_rate_D': -1.7489090583354558, 'log_learning_rate_D_dagger': -2.825708972285584, 'training_batch_size': 6, 'training_p': 6}. Best is trial 9 with value: 0.18485425412654877.
res:  tensor(0.1849, device='cuda:0', grad_fn=<DivBackward0>)
self.bestValue:  tensor(0.2272, device='cuda:0', grad_fn=<DivBackward0>)
Save this model!
Time for this trial:  378.6055784225464
Memory status after this trial: 
Memory allocated:  361.98974609375
Memory cached:  642.0
--------------------  Trial  10   --------------------
Start timing: 
Parameters: 
{'W_layers': 2, 'W_layer_units_exponent_0': 6, 'W_layer_units_exponent_1': 6, 'D_layers': 2, 'D_layer_units_exponent_0': 4, 'D_layer_units_exponent_1': 4, 'D_dagger_layers': 2, 'D_dagger_layer_units_exponent_0': 10, 'D_dagger_layer_units_exponent_1': 7, 'log_learning_rate': -1.320906628956243, 'log_learning_rate_D': -1.0211371977512635, 'log_learning_rate_D_dagger': -1.4381688382409248, 'training_batch_size': 6, 'training_p': 8}
	 epoch  0 training error:  tensor(24.9309, device='cuda:0', grad_fn=<DivBackward0>)
Memory status after this epoch: 
Memory allocated:  364.13623046875
Memory cached:  630.0
	 epoch  10 training error:  tensor(0.7252, device='cuda:0', grad_fn=<DivBackward0>)
Memory status after this epoch: 
Memory allocated:  364.13623046875
Memory cached:  630.0
	 epoch  20 training error:  tensor(0.6706, device='cuda:0', grad_fn=<DivBackward0>)
Memory status after this epoch: 
Memory allocated:  364.13623046875
Memory cached:  630.0
	 epoch  30 training error:  tensor(0.6718, device='cuda:0', grad_fn=<DivBackward0>)
Memory status after this epoch: 
Memory allocated:  364.13623046875
Memory cached:  630.0
	 epoch  40 training error:  tensor(0.6761, device='cuda:0', grad_fn=<DivBackward0>)
Memory status after this epoch: 
Memory allocated:  364.13623046875
Memory cached:  630.0
	 epoch  50 training error:  tensor(0.6722, device='cuda:0', grad_fn=<DivBackward0>)
Memory status after this epoch: 
Memory allocated:  364.13623046875
Memory cached:  630.0
	 epoch  60 training error:  tensor(0.6747, device='cuda:0', grad_fn=<DivBackward0>)
Memory status after this epoch: 
Memory allocated:  364.13623046875
Memory cached:  630.0
	 epoch  70 training error:  tensor(0.6751, device='cuda:0', grad_fn=<DivBackward0>)
Memory status after this epoch: 
Memory allocated:  364.13623046875
Memory cached:  630.0
	 epoch  80 training error:  tensor(0.6515, device='cuda:0', grad_fn=<DivBackward0>)
Memory status after this epoch: 
Memory allocated:  364.13623046875
Memory cached:  630.0
	 epoch  90 training error:  tensor(0.5970, device='cuda:0', grad_fn=<DivBackward0>)
Memory status after this epoch: 
Memory allocated:  364.13623046875
Memory cached:  630.0
