[I 2024-05-17 22:03:01,989] Trial 23 finished with value: 0.08609605580568314 and parameters: {'W_layers': 5, 'W_layer_units_exponent_0': 6, 'W_layer_units_exponent_1': 9, 'W_layer_units_exponent_2': 5, 'W_layer_units_exponent_3': 4, 'W_layer_units_exponent_4': 9, 'D_layers': 5, 'D_layer_units_exponent_0': 8, 'D_layer_units_exponent_1': 10, 'D_layer_units_exponent_2': 5, 'D_layer_units_exponent_3': 9, 'D_layer_units_exponent_4': 4, 'D_dagger_layers': 3, 'D_dagger_layer_units_exponent_0': 6, 'D_dagger_layer_units_exponent_1': 7, 'D_dagger_layer_units_exponent_2': 9, 'log_learning_rate': -2.3481612530677918, 'log_learning_rate_D': -2.516077907055577, 'log_learning_rate_D_dagger': -3.340058274932831, 'training_batch_size': 6, 'training_p': 4}. Best is trial 22 with value: 0.060674648731946945.
Time for this trial:  1762.7973635196686
Memory status after this trial: 
Memory allocated:  2964.349609375
Memory cached:  2980.0
--------------------  Trial  24   --------------------
Start timing: 
Parameters: 
{'W_layers': 4, 'W_layer_units_exponent_0': 7, 'W_layer_units_exponent_1': 10, 'W_layer_units_exponent_2': 5, 'W_layer_units_exponent_3': 5, 'D_layers': 5, 'D_layer_units_exponent_0': 7, 'D_layer_units_exponent_1': 10, 'D_layer_units_exponent_2': 5, 'D_layer_units_exponent_3': 9, 'D_layer_units_exponent_4': 4, 'D_dagger_layers': 6, 'D_dagger_layer_units_exponent_0': 6, 'D_dagger_layer_units_exponent_1': 9, 'D_dagger_layer_units_exponent_2': 9, 'D_dagger_layer_units_exponent_3': 9, 'D_dagger_layer_units_exponent_4': 8, 'D_dagger_layer_units_exponent_5': 6, 'log_learning_rate': -2.2400117118940606, 'log_learning_rate_D': -2.3912743597948563, 'log_learning_rate_D_dagger': -3.380202588916821, 'training_batch_size': 6, 'training_p': 4}
	 epoch  0 training error:  tensor(0.8850, grad_fn=<ToCopyBackward0>)
Memory status after this epoch: 
Memory allocated:  1475.45361328125
Memory cached:  1776.0
	 epoch  10 training error:  tensor(0.3349, grad_fn=<ToCopyBackward0>)
Memory status after this epoch: 
Memory allocated:  1475.45361328125
Memory cached:  1914.0
	 epoch  20 training error:  tensor(0.3410, grad_fn=<ToCopyBackward0>)
Memory status after this epoch: 
Memory allocated:  1475.45361328125
Memory cached:  1924.0
	 epoch  30 training error:  tensor(0.3359, grad_fn=<ToCopyBackward0>)
Memory status after this epoch: 
Memory allocated:  1475.45361328125
Memory cached:  1928.0
	 epoch  40 training error:  tensor(0.3383, grad_fn=<ToCopyBackward0>)
Memory status after this epoch: 
Memory allocated:  1475.45361328125
Memory cached:  1928.0
	 epoch  50 training error:  tensor(0.3350, grad_fn=<ToCopyBackward0>)
Memory status after this epoch: 
Memory allocated:  1475.45361328125
Memory cached:  1930.0
	 epoch  60 training error:  tensor(0.3384, grad_fn=<ToCopyBackward0>)
Memory status after this epoch: 
Memory allocated:  1475.45361328125
Memory cached:  1930.0
	 epoch  70 training error:  tensor(0.3344, grad_fn=<ToCopyBackward0>)
Memory status after this epoch: 
Memory allocated:  1475.45361328125
Memory cached:  1930.0
	 epoch  80 training error:  tensor(0.3341, grad_fn=<ToCopyBackward0>)
Memory status after this epoch: 
Memory allocated:  1475.45361328125
Memory cached:  1930.0
	 epoch  90 training error:  tensor(0.3359, grad_fn=<ToCopyBackward0>)
Memory status after this epoch: 
Memory allocated:  1475.45361328125
Memory cached:  1932.0
[I 2024-05-17 22:35:22,947] Trial 24 finished with value: 0.24883055686950684 and parameters: {'W_layers': 4, 'W_layer_units_exponent_0': 7, 'W_layer_units_exponent_1': 10, 'W_layer_units_exponent_2': 5, 'W_layer_units_exponent_3': 5, 'D_layers': 5, 'D_layer_units_exponent_0': 7, 'D_layer_units_exponent_1': 10, 'D_layer_units_exponent_2': 5, 'D_layer_units_exponent_3': 9, 'D_layer_units_exponent_4': 4, 'D_dagger_layers': 6, 'D_dagger_layer_units_exponent_0': 6, 'D_dagger_layer_units_exponent_1': 9, 'D_dagger_layer_units_exponent_2': 9, 'D_dagger_layer_units_exponent_3': 9, 'D_dagger_layer_units_exponent_4': 8, 'D_dagger_layer_units_exponent_5': 6, 'log_learning_rate': -2.2400117118940606, 'log_learning_rate_D': -2.3912743597948563, 'log_learning_rate_D_dagger': -3.380202588916821, 'training_batch_size': 6, 'training_p': 4}. Best is trial 22 with value: 0.060674648731946945.
Time for this trial:  1940.2802119255066
Memory status after this trial: 
Memory allocated:  3525.19140625
Memory cached:  3548.0
--------------------  Trial  25   --------------------
Start timing: 
Parameters: 
{'W_layers': 6, 'W_layer_units_exponent_0': 6, 'W_layer_units_exponent_1': 9, 'W_layer_units_exponent_2': 5, 'W_layer_units_exponent_3': 4, 'W_layer_units_exponent_4': 9, 'W_layer_units_exponent_5': 4, 'D_layers': 6, 'D_layer_units_exponent_0': 8, 'D_layer_units_exponent_1': 9, 'D_layer_units_exponent_2': 5, 'D_layer_units_exponent_3': 7, 'D_layer_units_exponent_4': 4, 'D_layer_units_exponent_5': 10, 'D_dagger_layers': 2, 'D_dagger_layer_units_exponent_0': 6, 'D_dagger_layer_units_exponent_1': 7, 'log_learning_rate': -1.6681175118512575, 'log_learning_rate_D': -2.969652074006615, 'log_learning_rate_D_dagger': -2.7652921134068715, 'training_batch_size': 6, 'training_p': 4}
	 epoch  0 training error:  tensor(1.9164, grad_fn=<ToCopyBackward0>)
Memory status after this epoch: 
Memory allocated:  1463.03369140625
Memory cached:  1780.0
	 epoch  10 training error:  tensor(0.3341, grad_fn=<ToCopyBackward0>)
Memory status after this epoch: 
Memory allocated:  1463.03369140625
Memory cached:  1876.0
	 epoch  20 training error:  tensor(0.3311, grad_fn=<ToCopyBackward0>)
Memory status after this epoch: 
Memory allocated:  1463.03369140625
Memory cached:  1878.0
	 epoch  30 training error:  tensor(0.1946, grad_fn=<ToCopyBackward0>)
Memory status after this epoch: 
Memory allocated:  1463.03369140625
Memory cached:  1878.0
	 epoch  40 training error:  tensor(0.1367, grad_fn=<ToCopyBackward0>)
Memory status after this epoch: 
Memory allocated:  1463.03369140625
Memory cached:  1882.0
	 epoch  50 training error:  tensor(0.1129, grad_fn=<ToCopyBackward0>)
Memory status after this epoch: 
Memory allocated:  1463.03369140625
Memory cached:  1882.0
	 epoch  60 training error:  tensor(0.1023, grad_fn=<ToCopyBackward0>)
Memory status after this epoch: 
Memory allocated:  1463.03369140625
Memory cached:  1884.0
	 epoch  70 training error:  tensor(0.0864, grad_fn=<ToCopyBackward0>)
Memory status after this epoch: 
Memory allocated:  1463.03369140625
Memory cached:  1884.0
	 epoch  80 training error:  tensor(0.1086, grad_fn=<ToCopyBackward0>)
Memory status after this epoch: 
Memory allocated:  1463.03369140625
Memory cached:  1884.0
	 epoch  90 training error:  tensor(0.0677, grad_fn=<ToCopyBackward0>)
Memory status after this epoch: 
Memory allocated:  1463.03369140625
Memory cached:  1882.0
[I 2024-05-17 23:06:04,125] Trial 25 finished with value: 0.04969538748264313 and parameters: {'W_layers': 6, 'W_layer_units_exponent_0': 6, 'W_layer_units_exponent_1': 9, 'W_layer_units_exponent_2': 5, 'W_layer_units_exponent_3': 4, 'W_layer_units_exponent_4': 9, 'W_layer_units_exponent_5': 4, 'D_layers': 6, 'D_layer_units_exponent_0': 8, 'D_layer_units_exponent_1': 9, 'D_layer_units_exponent_2': 5, 'D_layer_units_exponent_3': 7, 'D_layer_units_exponent_4': 4, 'D_layer_units_exponent_5': 10, 'D_dagger_layers': 2, 'D_dagger_layer_units_exponent_0': 6, 'D_dagger_layer_units_exponent_1': 7, 'log_learning_rate': -1.6681175118512575, 'log_learning_rate_D': -2.969652074006615, 'log_learning_rate_D_dagger': -2.7652921134068715, 'training_batch_size': 6, 'training_p': 4}. Best is trial 25 with value: 0.04969538748264313.
res:  tensor(0.0497, grad_fn=<ToCopyBackward0>)
self.bestValue:  tensor(0.0607, grad_fn=<ToCopyBackward0>)
Save this model!
Time for this trial:  1840.4910864830017
Memory status after this trial: 
Memory allocated:  1339.3486328125
Memory cached:  1504.0
--------------------  Trial  26   --------------------
Start timing: 
Parameters: 
{'W_layers': 7, 'W_layer_units_exponent_0': 6, 'W_layer_units_exponent_1': 9, 'W_layer_units_exponent_2': 5, 'W_layer_units_exponent_3': 4, 'W_layer_units_exponent_4': 9, 'W_layer_units_exponent_5': 4, 'W_layer_units_exponent_6': 6, 'D_layers': 6, 'D_layer_units_exponent_0': 6, 'D_layer_units_exponent_1': 9, 'D_layer_units_exponent_2': 5, 'D_layer_units_exponent_3': 7, 'D_layer_units_exponent_4': 4, 'D_layer_units_exponent_5': 10, 'D_dagger_layers': 2, 'D_dagger_layer_units_exponent_0': 7, 'D_dagger_layer_units_exponent_1': 7, 'log_learning_rate': -1.7234414302602379, 'log_learning_rate_D': -3.1459515676573555, 'log_learning_rate_D_dagger': -2.7434054498821046, 'training_batch_size': 9, 'training_p': 4}
	 epoch  0 training error:  tensor(2.5522, grad_fn=<ToCopyBackward0>)
Memory status after this epoch: 
Memory allocated:  1341.60498046875
Memory cached:  1474.0
	 epoch  10 training error:  tensor(0.4218, grad_fn=<ToCopyBackward0>)
Memory status after this epoch: 
Memory allocated:  1341.60498046875
Memory cached:  1474.0
	 epoch  20 training error:  tensor(0.3447, grad_fn=<ToCopyBackward0>)
Memory status after this epoch: 
Memory allocated:  1341.60498046875
Memory cached:  1474.0
	 epoch  30 training error:  tensor(0.3385, grad_fn=<ToCopyBackward0>)
Memory status after this epoch: 
Memory allocated:  1341.60498046875
Memory cached:  1474.0
	 epoch  40 training error:  tensor(0.3353, grad_fn=<ToCopyBackward0>)
Memory status after this epoch: 
Memory allocated:  1341.60498046875
Memory cached:  1474.0
	 epoch  50 training error:  tensor(0.3355, grad_fn=<ToCopyBackward0>)
Memory status after this epoch: 
Memory allocated:  1341.60498046875
Memory cached:  1474.0
	 epoch  60 training error:  tensor(0.3346, grad_fn=<ToCopyBackward0>)
Memory status after this epoch: 
Memory allocated:  1341.60498046875
Memory cached:  1474.0
	 epoch  70 training error:  tensor(0.3336, grad_fn=<ToCopyBackward0>)
Memory status after this epoch: 
Memory allocated:  1341.60498046875
Memory cached:  1474.0
	 epoch  80 training error:  tensor(0.3368, grad_fn=<ToCopyBackward0>)
Memory status after this epoch: 
Memory allocated:  1341.60498046875
Memory cached:  1474.0
	 epoch  90 training error:  tensor(0.3344, grad_fn=<ToCopyBackward0>)
Memory status after this epoch: 
Memory allocated:  1341.60498046875
Memory cached:  1474.0
[I 2024-05-17 23:14:48,740] Trial 26 finished with value: 0.24432916939258575 and parameters: {'W_layers': 7, 'W_layer_units_exponent_0': 6, 'W_layer_units_exponent_1': 9, 'W_layer_units_exponent_2': 5, 'W_layer_units_exponent_3': 4, 'W_layer_units_exponent_4': 9, 'W_layer_units_exponent_5': 4, 'W_layer_units_exponent_6': 6, 'D_layers': 6, 'D_layer_units_exponent_0': 6, 'D_layer_units_exponent_1': 9, 'D_layer_units_exponent_2': 5, 'D_layer_units_exponent_3': 7, 'D_layer_units_exponent_4': 4, 'D_layer_units_exponent_5': 10, 'D_dagger_layers': 2, 'D_dagger_layer_units_exponent_0': 7, 'D_dagger_layer_units_exponent_1': 7, 'log_learning_rate': -1.7234414302602379, 'log_learning_rate_D': -3.1459515676573555, 'log_learning_rate_D_dagger': -2.7434054498821046, 'training_batch_size': 9, 'training_p': 4}. Best is trial 25 with value: 0.04969538748264313.
Time for this trial:  524.2380926609039
Memory status after this trial: 
Memory allocated:  2647.5732421875
Memory cached:  2660.0
--------------------  Trial  27   --------------------
Start timing: 
Parameters: 
{'W_layers': 3, 'W_layer_units_exponent_0': 7, 'W_layer_units_exponent_1': 9, 'W_layer_units_exponent_2': 5, 'D_layers': 7, 'D_layer_units_exponent_0': 8, 'D_layer_units_exponent_1': 10, 'D_layer_units_exponent_2': 5, 'D_layer_units_exponent_3': 7, 'D_layer_units_exponent_4': 4, 'D_layer_units_exponent_5': 10, 'D_layer_units_exponent_6': 10, 'D_dagger_layers': 2, 'D_dagger_layer_units_exponent_0': 4, 'D_dagger_layer_units_exponent_1': 8, 'log_learning_rate': -1.7179942948085452, 'log_learning_rate_D': -2.3031446660991963, 'log_learning_rate_D_dagger': -2.9107091648106804, 'training_batch_size': 6, 'training_p': 4}
	 epoch  0 training error:  tensor(6.0090, grad_fn=<ToCopyBackward0>)
Memory status after this epoch: 
Memory allocated:  1361.63427734375
Memory cached:  1494.0
	 epoch  10 training error:  tensor(0.4015, grad_fn=<ToCopyBackward0>)
Memory status after this epoch: 
Memory allocated:  1361.63427734375
Memory cached:  1600.0
	 epoch  20 training error:  tensor(0.4028, grad_fn=<ToCopyBackward0>)
Memory status after this epoch: 
Memory allocated:  1361.63427734375
Memory cached:  1606.0
	 epoch  30 training error:  tensor(0.4045, grad_fn=<ToCopyBackward0>)
Memory status after this epoch: 
Memory allocated:  1361.63427734375
Memory cached:  1608.0
	 epoch  40 training error:  tensor(0.4019, grad_fn=<ToCopyBackward0>)
Memory status after this epoch: 
Memory allocated:  1361.63427734375
Memory cached:  1606.0
	 epoch  50 training error:  tensor(0.4038, grad_fn=<ToCopyBackward0>)
Memory status after this epoch: 
Memory allocated:  1361.63427734375
Memory cached:  1604.0
	 epoch  60 training error:  tensor(0.4016, grad_fn=<ToCopyBackward0>)
Memory status after this epoch: 
Memory allocated:  1361.63427734375
Memory cached:  1602.0
	 epoch  70 training error:  tensor(0.4018, grad_fn=<ToCopyBackward0>)
Memory status after this epoch: 
Memory allocated:  1361.63427734375
Memory cached:  1598.0
	 epoch  80 training error:  tensor(0.4009, grad_fn=<ToCopyBackward0>)
Memory status after this epoch: 
Memory allocated:  1361.63427734375
Memory cached:  1602.0
	 epoch  90 training error:  tensor(0.4027, grad_fn=<ToCopyBackward0>)
Memory status after this epoch: 
Memory allocated:  1361.63427734375
Memory cached:  1612.0
[I 2024-05-17 23:43:09,217] Trial 27 finished with value: 0.35250648856163025 and parameters: {'W_layers': 3, 'W_layer_units_exponent_0': 7, 'W_layer_units_exponent_1': 9, 'W_layer_units_exponent_2': 5, 'D_layers': 7, 'D_layer_units_exponent_0': 8, 'D_layer_units_exponent_1': 10, 'D_layer_units_exponent_2': 5, 'D_layer_units_exponent_3': 7, 'D_layer_units_exponent_4': 4, 'D_layer_units_exponent_5': 10, 'D_layer_units_exponent_6': 10, 'D_dagger_layers': 2, 'D_dagger_layer_units_exponent_0': 4, 'D_dagger_layer_units_exponent_1': 8, 'log_learning_rate': -1.7179942948085452, 'log_learning_rate_D': -2.3031446660991963, 'log_learning_rate_D_dagger': -2.9107091648106804, 'training_batch_size': 6, 'training_p': 4}. Best is trial 25 with value: 0.04969538748264313.
Time for this trial:  1699.9405522346497
Memory status after this trial: 
Memory allocated:  3157.177734375
Memory cached:  3186.0
--------------------  Trial  28   --------------------
Start timing: 
Parameters: 
{'W_layers': 6, 'W_layer_units_exponent_0': 4, 'W_layer_units_exponent_1': 10, 'W_layer_units_exponent_2': 5, 'W_layer_units_exponent_3': 7, 'W_layer_units_exponent_4': 9, 'W_layer_units_exponent_5': 4, 'D_layers': 5, 'D_layer_units_exponent_0': 6, 'D_layer_units_exponent_1': 9, 'D_layer_units_exponent_2': 4, 'D_layer_units_exponent_3': 9, 'D_layer_units_exponent_4': 6, 'D_dagger_layers': 3, 'D_dagger_layer_units_exponent_0': 7, 'D_dagger_layer_units_exponent_1': 7, 'D_dagger_layer_units_exponent_2': 10, 'log_learning_rate': -2.3040587074565693, 'log_learning_rate_D': -3.068541927714336, 'log_learning_rate_D_dagger': -2.4783555295592903, 'training_batch_size': 8, 'training_p': 5}
	 epoch  0 training error:  tensor(2.4380, grad_fn=<ToCopyBackward0>)
Memory status after this epoch: 
Memory allocated:  1344.68701171875
Memory cached:  1474.0
	 epoch  10 training error:  tensor(0.3750, grad_fn=<ToCopyBackward0>)
Memory status after this epoch: 
Memory allocated:  1344.68701171875
Memory cached:  1474.0
	 epoch  20 training error:  tensor(0.3875, grad_fn=<ToCopyBackward0>)
Memory status after this epoch: 
Memory allocated:  1344.68701171875
Memory cached:  1474.0
	 epoch  30 training error:  tensor(0.3656, grad_fn=<ToCopyBackward0>)
Memory status after this epoch: 
Memory allocated:  1344.68701171875
Memory cached:  1474.0
	 epoch  40 training error:  tensor(0.3658, grad_fn=<ToCopyBackward0>)
Memory status after this epoch: 
Memory allocated:  1344.68701171875
Memory cached:  1474.0
	 epoch  50 training error:  tensor(0.3793, grad_fn=<ToCopyBackward0>)
Memory status after this epoch: 
Memory allocated:  1344.68701171875
Memory cached:  1474.0
	 epoch  60 training error:  tensor(0.4449, grad_fn=<ToCopyBackward0>)
Memory status after this epoch: 
Memory allocated:  1344.68701171875
Memory cached:  1474.0
	 epoch  70 training error:  tensor(0.3801, grad_fn=<ToCopyBackward0>)
Memory status after this epoch: 
Memory allocated:  1344.68701171875
Memory cached:  1474.0
	 epoch  80 training error:  tensor(0.3743, grad_fn=<ToCopyBackward0>)
Memory status after this epoch: 
Memory allocated:  1344.68701171875
Memory cached:  1474.0
	 epoch  90 training error:  tensor(0.3754, grad_fn=<ToCopyBackward0>)
Memory status after this epoch: 
Memory allocated:  1344.68701171875
Memory cached:  1474.0
[I 2024-05-17 23:54:26,356] Trial 28 finished with value: 0.2822246551513672 and parameters: {'W_layers': 6, 'W_layer_units_exponent_0': 4, 'W_layer_units_exponent_1': 10, 'W_layer_units_exponent_2': 5, 'W_layer_units_exponent_3': 7, 'W_layer_units_exponent_4': 9, 'W_layer_units_exponent_5': 4, 'D_layers': 5, 'D_layer_units_exponent_0': 6, 'D_layer_units_exponent_1': 9, 'D_layer_units_exponent_2': 4, 'D_layer_units_exponent_3': 9, 'D_layer_units_exponent_4': 6, 'D_dagger_layers': 3, 'D_dagger_layer_units_exponent_0': 7, 'D_dagger_layer_units_exponent_1': 7, 'D_dagger_layer_units_exponent_2': 10, 'log_learning_rate': -2.3040587074565693, 'log_learning_rate_D': -3.068541927714336, 'log_learning_rate_D_dagger': -2.4783555295592903, 'training_batch_size': 8, 'training_p': 5}. Best is trial 25 with value: 0.04969538748264313.
Time for this trial:  676.7031829357147
Memory status after this trial: 
Memory allocated:  3054.4462890625
Memory cached:  3070.0
--------------------  Trial  29   --------------------
Start timing: 
Parameters: 
{'W_layers': 5, 'W_layer_units_exponent_0': 10, 'W_layer_units_exponent_1': 8, 'W_layer_units_exponent_2': 5, 'W_layer_units_exponent_3': 4, 'W_layer_units_exponent_4': 9, 'D_layers': 7, 'D_layer_units_exponent_0': 7, 'D_layer_units_exponent_1': 9, 'D_layer_units_exponent_2': 5, 'D_layer_units_exponent_3': 8, 'D_layer_units_exponent_4': 6, 'D_layer_units_exponent_5': 8, 'D_layer_units_exponent_6': 8, 'D_dagger_layers': 2, 'D_dagger_layer_units_exponent_0': 10, 'D_dagger_layer_units_exponent_1': 9, 'log_learning_rate': -2.0445093994242605, 'log_learning_rate_D': -2.5681099765661184, 'log_learning_rate_D_dagger': -2.3834142901430804, 'training_batch_size': 6, 'training_p': 3}
	 epoch  0 training error:  tensor(5.8948, grad_fn=<ToCopyBackward0>)
Memory status after this epoch: 
Memory allocated:  1354.65576171875
Memory cached:  1498.0
	 epoch  10 training error:  tensor(0.2677, grad_fn=<ToCopyBackward0>)
Memory status after this epoch: 
Memory allocated:  1354.65576171875
Memory cached:  1616.0
	 epoch  20 training error:  tensor(0.1697, grad_fn=<ToCopyBackward0>)
Memory status after this epoch: 
Memory allocated:  1354.65576171875
Memory cached:  1622.0
	 epoch  30 training error:  tensor(0.2174, grad_fn=<ToCopyBackward0>)
Memory status after this epoch: 
Memory allocated:  1354.65576171875
Memory cached:  1628.0
	 epoch  40 training error:  tensor(0.1062, grad_fn=<ToCopyBackward0>)
Memory status after this epoch: 
Memory allocated:  1354.65576171875
Memory cached:  1630.0
	 epoch  50 training error:  tensor(0.1382, grad_fn=<ToCopyBackward0>)
Memory status after this epoch: 
Memory allocated:  1354.65576171875
Memory cached:  1634.0
	 epoch  60 training error:  tensor(0.1362, grad_fn=<ToCopyBackward0>)
Memory status after this epoch: 
Memory allocated:  1354.65576171875
Memory cached:  1624.0
	 epoch  70 training error:  tensor(0.0897, grad_fn=<ToCopyBackward0>)
Memory status after this epoch: 
Memory allocated:  1354.65576171875
Memory cached:  1634.0
	 epoch  80 training error:  tensor(0.1077, grad_fn=<ToCopyBackward0>)
Memory status after this epoch: 
Memory allocated:  1354.65576171875
Memory cached:  1630.0
	 epoch  90 training error:  tensor(0.0625, grad_fn=<ToCopyBackward0>)
Memory status after this epoch: 
Memory allocated:  1354.65576171875
Memory cached:  1628.0
