[I 2023-12-07 05:03:38,484] Trial 67 finished with value: 0.33390945196151733 and parameters: {'W_layers': 8, 'W_layer_units_exponent_0': 7, 'W_layer_units_exponent_1': 6, 'W_layer_units_exponent_2': 6, 'W_layer_units_exponent_3': 6, 'W_layer_units_exponent_4': 8, 'W_layer_units_exponent_5': 10, 'W_layer_units_exponent_6': 5, 'W_layer_units_exponent_7': 6, 'D_layers': 7, 'D_layer_units_exponent_0': 8, 'D_layer_units_exponent_1': 7, 'D_layer_units_exponent_2': 10, 'D_layer_units_exponent_3': 8, 'D_layer_units_exponent_4': 10, 'D_layer_units_exponent_5': 7, 'D_layer_units_exponent_6': 6, 'D_dagger_layers': 5, 'D_dagger_layer_units_exponent_0': 6, 'D_dagger_layer_units_exponent_1': 8, 'D_dagger_layer_units_exponent_2': 5, 'D_dagger_layer_units_exponent_3': 5, 'D_dagger_layer_units_exponent_4': 4, 'log_learning_rate': -4.666704812710752, 'log_learning_rate_D': -3.8710208032662083, 'log_learning_rate_D_dagger': -2.705457494634143, 'training_batch_size': 8, 'training_p': 3}. Best is trial 25 with value: 0.33126506209373474.
Time for this trial:  18.854161977767944
Memory status after this trial: 
Memory allocated:  276.87646484375
Memory cached:  312.0
--------------------  Trial  68   --------------------
Start timing: 
Parameters: 
{'W_layers': 7, 'W_layer_units_exponent_0': 8, 'W_layer_units_exponent_1': 10, 'W_layer_units_exponent_2': 7, 'W_layer_units_exponent_3': 7, 'W_layer_units_exponent_4': 7, 'W_layer_units_exponent_5': 7, 'W_layer_units_exponent_6': 7, 'D_layers': 6, 'D_layer_units_exponent_0': 7, 'D_layer_units_exponent_1': 4, 'D_layer_units_exponent_2': 5, 'D_layer_units_exponent_3': 6, 'D_layer_units_exponent_4': 9, 'D_layer_units_exponent_5': 8, 'D_dagger_layers': 8, 'D_dagger_layer_units_exponent_0': 9, 'D_dagger_layer_units_exponent_1': 6, 'D_dagger_layer_units_exponent_2': 8, 'D_dagger_layer_units_exponent_3': 6, 'D_dagger_layer_units_exponent_4': 5, 'D_dagger_layer_units_exponent_5': 8, 'D_dagger_layer_units_exponent_6': 7, 'D_dagger_layer_units_exponent_7': 4, 'log_learning_rate': -4.505867552379646, 'log_learning_rate_D': -3.0482560298903434, 'log_learning_rate_D_dagger': -1.7155763260898416, 'training_batch_size': 10, 'training_p': 2}
	 epoch  0 training error:  tensor(0.9941, device='cuda:0', grad_fn=<DivBackward0>)
Memory status after this epoch: 
Memory allocated:  170.189453125
Memory cached:  294.0
	 epoch  10 training error:  tensor(0.5969, device='cuda:0', grad_fn=<DivBackward0>)
Memory status after this epoch: 
Memory allocated:  170.189453125
Memory cached:  300.0
	 epoch  20 training error:  tensor(0.8212, device='cuda:0', grad_fn=<DivBackward0>)
Memory status after this epoch: 
Memory allocated:  170.189453125
Memory cached:  300.0
	 epoch  30 training error:  tensor(0.5862, device='cuda:0', grad_fn=<DivBackward0>)
Memory status after this epoch: 
Memory allocated:  170.189453125
Memory cached:  300.0
	 epoch  40 training error:  tensor(0.4837, device='cuda:0', grad_fn=<DivBackward0>)
Memory status after this epoch: 
Memory allocated:  170.189453125
Memory cached:  300.0
	 epoch  50 training error:  tensor(0.4034, device='cuda:0', grad_fn=<DivBackward0>)
Memory status after this epoch: 
Memory allocated:  170.189453125
Memory cached:  300.0
	 epoch  60 training error:  tensor(0.3820, device='cuda:0', grad_fn=<DivBackward0>)
Memory status after this epoch: 
Memory allocated:  170.189453125
Memory cached:  300.0
	 epoch  70 training error:  tensor(0.3630, device='cuda:0', grad_fn=<DivBackward0>)
Memory status after this epoch: 
Memory allocated:  170.189453125
Memory cached:  300.0
	 epoch  80 training error:  tensor(0.3603, device='cuda:0', grad_fn=<DivBackward0>)
Memory status after this epoch: 
Memory allocated:  170.189453125
Memory cached:  300.0
	 epoch  90 training error:  tensor(0.3462, device='cuda:0', grad_fn=<DivBackward0>)
Memory status after this epoch: 
Memory allocated:  170.189453125
Memory cached:  300.0
[I 2023-12-07 05:03:58,831] Trial 68 finished with value: 0.33502236008644104 and parameters: {'W_layers': 7, 'W_layer_units_exponent_0': 8, 'W_layer_units_exponent_1': 10, 'W_layer_units_exponent_2': 7, 'W_layer_units_exponent_3': 7, 'W_layer_units_exponent_4': 7, 'W_layer_units_exponent_5': 7, 'W_layer_units_exponent_6': 7, 'D_layers': 6, 'D_layer_units_exponent_0': 7, 'D_layer_units_exponent_1': 4, 'D_layer_units_exponent_2': 5, 'D_layer_units_exponent_3': 6, 'D_layer_units_exponent_4': 9, 'D_layer_units_exponent_5': 8, 'D_dagger_layers': 8, 'D_dagger_layer_units_exponent_0': 9, 'D_dagger_layer_units_exponent_1': 6, 'D_dagger_layer_units_exponent_2': 8, 'D_dagger_layer_units_exponent_3': 6, 'D_dagger_layer_units_exponent_4': 5, 'D_dagger_layer_units_exponent_5': 8, 'D_dagger_layer_units_exponent_6': 7, 'D_dagger_layer_units_exponent_7': 4, 'log_learning_rate': -4.505867552379646, 'log_learning_rate_D': -3.0482560298903434, 'log_learning_rate_D_dagger': -1.7155763260898416, 'training_batch_size': 10, 'training_p': 2}. Best is trial 25 with value: 0.33126506209373474.
Time for this trial:  20.100968599319458
Memory status after this trial: 
Memory allocated:  340.81591796875
Memory cached:  350.0
--------------------  Trial  69   --------------------
Start timing: 
Parameters: 
{'W_layers': 6, 'W_layer_units_exponent_0': 9, 'W_layer_units_exponent_1': 9, 'W_layer_units_exponent_2': 10, 'W_layer_units_exponent_3': 5, 'W_layer_units_exponent_4': 9, 'W_layer_units_exponent_5': 9, 'D_layers': 4, 'D_layer_units_exponent_0': 10, 'D_layer_units_exponent_1': 5, 'D_layer_units_exponent_2': 7, 'D_layer_units_exponent_3': 7, 'D_dagger_layers': 6, 'D_dagger_layer_units_exponent_0': 10, 'D_dagger_layer_units_exponent_1': 7, 'D_dagger_layer_units_exponent_2': 6, 'D_dagger_layer_units_exponent_3': 7, 'D_dagger_layer_units_exponent_4': 4, 'D_dagger_layer_units_exponent_5': 7, 'log_learning_rate': -3.761179096012568, 'log_learning_rate_D': -3.46979452940283, 'log_learning_rate_D_dagger': -2.1699668884644474, 'training_batch_size': 7, 'training_p': 4}
	 epoch  0 training error:  tensor(0.9485, device='cuda:0', grad_fn=<DivBackward0>)
Memory status after this epoch: 
Memory allocated:  180.537109375
Memory cached:  296.0
	 epoch  10 training error:  tensor(0.6199, device='cuda:0', grad_fn=<DivBackward0>)
Memory status after this epoch: 
Memory allocated:  180.537109375
Memory cached:  298.0
	 epoch  20 training error:  tensor(0.5469, device='cuda:0', grad_fn=<DivBackward0>)
Memory status after this epoch: 
Memory allocated:  180.537109375
Memory cached:  298.0
	 epoch  30 training error:  tensor(0.3970, device='cuda:0', grad_fn=<DivBackward0>)
Memory status after this epoch: 
Memory allocated:  180.537109375
Memory cached:  298.0
	 epoch  40 training error:  tensor(0.3774, device='cuda:0', grad_fn=<DivBackward0>)
Memory status after this epoch: 
Memory allocated:  180.537109375
Memory cached:  298.0
	 epoch  50 training error:  tensor(0.4004, device='cuda:0', grad_fn=<DivBackward0>)
Memory status after this epoch: 
Memory allocated:  180.537109375
Memory cached:  298.0
	 epoch  60 training error:  tensor(0.3809, device='cuda:0', grad_fn=<DivBackward0>)
Memory status after this epoch: 
Memory allocated:  180.537109375
Memory cached:  298.0
	 epoch  70 training error:  tensor(0.3814, device='cuda:0', grad_fn=<DivBackward0>)
Memory status after this epoch: 
Memory allocated:  180.537109375
Memory cached:  298.0
	 epoch  80 training error:  tensor(0.3672, device='cuda:0', grad_fn=<DivBackward0>)
Memory status after this epoch: 
Memory allocated:  180.537109375
Memory cached:  298.0
	 epoch  90 training error:  tensor(0.3707, device='cuda:0', grad_fn=<DivBackward0>)
Memory status after this epoch: 
Memory allocated:  180.537109375
Memory cached:  298.0
[I 2023-12-07 05:04:19,496] Trial 69 finished with value: 0.3443910479545593 and parameters: {'W_layers': 6, 'W_layer_units_exponent_0': 9, 'W_layer_units_exponent_1': 9, 'W_layer_units_exponent_2': 10, 'W_layer_units_exponent_3': 5, 'W_layer_units_exponent_4': 9, 'W_layer_units_exponent_5': 9, 'D_layers': 4, 'D_layer_units_exponent_0': 10, 'D_layer_units_exponent_1': 5, 'D_layer_units_exponent_2': 7, 'D_layer_units_exponent_3': 7, 'D_dagger_layers': 6, 'D_dagger_layer_units_exponent_0': 10, 'D_dagger_layer_units_exponent_1': 7, 'D_dagger_layer_units_exponent_2': 6, 'D_dagger_layer_units_exponent_3': 7, 'D_dagger_layer_units_exponent_4': 4, 'D_dagger_layer_units_exponent_5': 7, 'log_learning_rate': -3.761179096012568, 'log_learning_rate_D': -3.46979452940283, 'log_learning_rate_D_dagger': -2.1699668884644474, 'training_batch_size': 7, 'training_p': 4}. Best is trial 25 with value: 0.33126506209373474.
Time for this trial:  20.44343876838684
Memory status after this trial: 
Memory allocated:  415.23388671875
Memory cached:  448.0
--------------------  Trial  70   --------------------
Start timing: 
Parameters: 
{'W_layers': 8, 'W_layer_units_exponent_0': 8, 'W_layer_units_exponent_1': 4, 'W_layer_units_exponent_2': 6, 'W_layer_units_exponent_3': 4, 'W_layer_units_exponent_4': 10, 'W_layer_units_exponent_5': 10, 'W_layer_units_exponent_6': 8, 'W_layer_units_exponent_7': 8, 'D_layers': 5, 'D_layer_units_exponent_0': 6, 'D_layer_units_exponent_1': 10, 'D_layer_units_exponent_2': 4, 'D_layer_units_exponent_3': 7, 'D_layer_units_exponent_4': 6, 'D_dagger_layers': 7, 'D_dagger_layer_units_exponent_0': 7, 'D_dagger_layer_units_exponent_1': 8, 'D_dagger_layer_units_exponent_2': 7, 'D_dagger_layer_units_exponent_3': 5, 'D_dagger_layer_units_exponent_4': 5, 'D_dagger_layer_units_exponent_5': 9, 'D_dagger_layer_units_exponent_6': 7, 'log_learning_rate': -4.099221878795219, 'log_learning_rate_D': -3.289872164532043, 'log_learning_rate_D_dagger': -1.921982985880271, 'training_batch_size': 9, 'training_p': 2}
	 epoch  0 training error:  tensor(1.0003, device='cuda:0', grad_fn=<DivBackward0>)
Memory status after this epoch: 
Memory allocated:  185.64501953125
Memory cached:  296.0
	 epoch  10 training error:  tensor(0.7984, device='cuda:0', grad_fn=<DivBackward0>)
Memory status after this epoch: 
Memory allocated:  185.64501953125
Memory cached:  296.0
	 epoch  20 training error:  tensor(0.5385, device='cuda:0', grad_fn=<DivBackward0>)
Memory status after this epoch: 
Memory allocated:  185.64501953125
Memory cached:  296.0
	 epoch  30 training error:  tensor(0.4041, device='cuda:0', grad_fn=<DivBackward0>)
Memory status after this epoch: 
Memory allocated:  185.64501953125
Memory cached:  296.0
	 epoch  40 training error:  tensor(0.3756, device='cuda:0', grad_fn=<DivBackward0>)
Memory status after this epoch: 
Memory allocated:  185.64501953125
Memory cached:  296.0
	 epoch  50 training error:  tensor(0.3668, device='cuda:0', grad_fn=<DivBackward0>)
Memory status after this epoch: 
Memory allocated:  185.64501953125
Memory cached:  296.0
	 epoch  60 training error:  tensor(0.3625, device='cuda:0', grad_fn=<DivBackward0>)
Memory status after this epoch: 
Memory allocated:  185.64501953125
Memory cached:  296.0
	 epoch  70 training error:  tensor(0.3964, device='cuda:0', grad_fn=<DivBackward0>)
Memory status after this epoch: 
Memory allocated:  185.64501953125
Memory cached:  296.0
	 epoch  80 training error:  tensor(0.3531, device='cuda:0', grad_fn=<DivBackward0>)
Memory status after this epoch: 
Memory allocated:  185.64501953125
Memory cached:  296.0
	 epoch  90 training error:  tensor(0.3521, device='cuda:0', grad_fn=<DivBackward0>)
Memory status after this epoch: 
Memory allocated:  185.64501953125
Memory cached:  296.0
[I 2023-12-07 05:04:41,342] Trial 70 finished with value: 0.3399328291416168 and parameters: {'W_layers': 8, 'W_layer_units_exponent_0': 8, 'W_layer_units_exponent_1': 4, 'W_layer_units_exponent_2': 6, 'W_layer_units_exponent_3': 4, 'W_layer_units_exponent_4': 10, 'W_layer_units_exponent_5': 10, 'W_layer_units_exponent_6': 8, 'W_layer_units_exponent_7': 8, 'D_layers': 5, 'D_layer_units_exponent_0': 6, 'D_layer_units_exponent_1': 10, 'D_layer_units_exponent_2': 4, 'D_layer_units_exponent_3': 7, 'D_layer_units_exponent_4': 6, 'D_dagger_layers': 7, 'D_dagger_layer_units_exponent_0': 7, 'D_dagger_layer_units_exponent_1': 8, 'D_dagger_layer_units_exponent_2': 7, 'D_dagger_layer_units_exponent_3': 5, 'D_dagger_layer_units_exponent_4': 5, 'D_dagger_layer_units_exponent_5': 9, 'D_dagger_layer_units_exponent_6': 7, 'log_learning_rate': -4.099221878795219, 'log_learning_rate_D': -3.289872164532043, 'log_learning_rate_D_dagger': -1.921982985880271, 'training_batch_size': 9, 'training_p': 2}. Best is trial 25 with value: 0.33126506209373474.
Time for this trial:  21.598484992980957
Memory status after this trial: 
Memory allocated:  394.55810546875
Memory cached:  422.0
--------------------  Trial  71   --------------------
Start timing: 
Parameters: 
{'W_layers': 8, 'W_layer_units_exponent_0': 9, 'W_layer_units_exponent_1': 8, 'W_layer_units_exponent_2': 6, 'W_layer_units_exponent_3': 5, 'W_layer_units_exponent_4': 8, 'W_layer_units_exponent_5': 8, 'W_layer_units_exponent_6': 6, 'W_layer_units_exponent_7': 7, 'D_layers': 7, 'D_layer_units_exponent_0': 8, 'D_layer_units_exponent_1': 5, 'D_layer_units_exponent_2': 5, 'D_layer_units_exponent_3': 7, 'D_layer_units_exponent_4': 8, 'D_layer_units_exponent_5': 9, 'D_layer_units_exponent_6': 8, 'D_dagger_layers': 3, 'D_dagger_layer_units_exponent_0': 10, 'D_dagger_layer_units_exponent_1': 7, 'D_dagger_layer_units_exponent_2': 5, 'log_learning_rate': -4.234876107901745, 'log_learning_rate_D': -2.993892498596239, 'log_learning_rate_D_dagger': -2.3842242414818364, 'training_batch_size': 9, 'training_p': 2}
	 epoch  0 training error:  tensor(0.9734, device='cuda:0', grad_fn=<DivBackward0>)
Memory status after this epoch: 
Memory allocated:  167.88427734375
Memory cached:  296.0
	 epoch  10 training error:  tensor(0.5168, device='cuda:0', grad_fn=<DivBackward0>)
Memory status after this epoch: 
Memory allocated:  167.88427734375
Memory cached:  296.0
	 epoch  20 training error:  tensor(0.4153, device='cuda:0', grad_fn=<DivBackward0>)
Memory status after this epoch: 
Memory allocated:  167.88427734375
Memory cached:  296.0
	 epoch  30 training error:  tensor(0.3902, device='cuda:0', grad_fn=<DivBackward0>)
Memory status after this epoch: 
Memory allocated:  167.88427734375
Memory cached:  296.0
	 epoch  40 training error:  tensor(0.3753, device='cuda:0', grad_fn=<DivBackward0>)
Memory status after this epoch: 
Memory allocated:  167.88427734375
Memory cached:  296.0
	 epoch  50 training error:  tensor(0.3606, device='cuda:0', grad_fn=<DivBackward0>)
Memory status after this epoch: 
Memory allocated:  167.88427734375
Memory cached:  296.0
	 epoch  60 training error:  tensor(0.3495, device='cuda:0', grad_fn=<DivBackward0>)
Memory status after this epoch: 
Memory allocated:  167.88427734375
Memory cached:  296.0
	 epoch  70 training error:  tensor(0.3447, device='cuda:0', grad_fn=<DivBackward0>)
Memory status after this epoch: 
Memory allocated:  167.88427734375
Memory cached:  296.0
	 epoch  80 training error:  tensor(0.3416, device='cuda:0', grad_fn=<DivBackward0>)
Memory status after this epoch: 
Memory allocated:  167.88427734375
Memory cached:  296.0
	 epoch  90 training error:  tensor(0.3468, device='cuda:0', grad_fn=<DivBackward0>)
Memory status after this epoch: 
Memory allocated:  167.88427734375
Memory cached:  296.0
[I 2023-12-07 05:05:00,256] Trial 71 finished with value: 0.3502487540245056 and parameters: {'W_layers': 8, 'W_layer_units_exponent_0': 9, 'W_layer_units_exponent_1': 8, 'W_layer_units_exponent_2': 6, 'W_layer_units_exponent_3': 5, 'W_layer_units_exponent_4': 8, 'W_layer_units_exponent_5': 8, 'W_layer_units_exponent_6': 6, 'W_layer_units_exponent_7': 7, 'D_layers': 7, 'D_layer_units_exponent_0': 8, 'D_layer_units_exponent_1': 5, 'D_layer_units_exponent_2': 5, 'D_layer_units_exponent_3': 7, 'D_layer_units_exponent_4': 8, 'D_layer_units_exponent_5': 9, 'D_layer_units_exponent_6': 8, 'D_dagger_layers': 3, 'D_dagger_layer_units_exponent_0': 10, 'D_dagger_layer_units_exponent_1': 7, 'D_dagger_layer_units_exponent_2': 5, 'log_learning_rate': -4.234876107901745, 'log_learning_rate_D': -2.993892498596239, 'log_learning_rate_D_dagger': -2.3842242414818364, 'training_batch_size': 9, 'training_p': 2}. Best is trial 25 with value: 0.33126506209373474.
Time for this trial:  18.67843270301819
Memory status after this trial: 
Memory allocated:  312.40966796875
Memory cached:  324.0
--------------------  Trial  72   --------------------
Start timing: 
Parameters: 
{'W_layers': 8, 'W_layer_units_exponent_0': 10, 'W_layer_units_exponent_1': 7, 'W_layer_units_exponent_2': 6, 'W_layer_units_exponent_3': 5, 'W_layer_units_exponent_4': 8, 'W_layer_units_exponent_5': 8, 'W_layer_units_exponent_6': 6, 'W_layer_units_exponent_7': 7, 'D_layers': 3, 'D_layer_units_exponent_0': 8, 'D_layer_units_exponent_1': 5, 'D_layer_units_exponent_2': 5, 'D_dagger_layers': 2, 'D_dagger_layer_units_exponent_0': 10, 'D_dagger_layer_units_exponent_1': 7, 'log_learning_rate': -4.337691092355269, 'log_learning_rate_D': -2.8704867817390336, 'log_learning_rate_D_dagger': -2.4939328093767843, 'training_batch_size': 9, 'training_p': 2}
	 epoch  0 training error:  tensor(1.2794, device='cuda:0', grad_fn=<DivBackward0>)
Memory status after this epoch: 
Memory allocated:  166.56298828125
Memory cached:  294.0
	 epoch  10 training error:  tensor(0.5851, device='cuda:0', grad_fn=<DivBackward0>)
Memory status after this epoch: 
Memory allocated:  166.56298828125
Memory cached:  294.0
	 epoch  20 training error:  tensor(0.5339, device='cuda:0', grad_fn=<DivBackward0>)
Memory status after this epoch: 
Memory allocated:  166.56298828125
Memory cached:  294.0
	 epoch  30 training error:  tensor(0.4112, device='cuda:0', grad_fn=<DivBackward0>)
Memory status after this epoch: 
Memory allocated:  166.56298828125
Memory cached:  294.0
	 epoch  40 training error:  tensor(0.3763, device='cuda:0', grad_fn=<DivBackward0>)
Memory status after this epoch: 
Memory allocated:  166.56298828125
Memory cached:  294.0
	 epoch  50 training error:  tensor(0.3532, device='cuda:0', grad_fn=<DivBackward0>)
Memory status after this epoch: 
Memory allocated:  166.56298828125
Memory cached:  294.0
	 epoch  60 training error:  tensor(0.3544, device='cuda:0', grad_fn=<DivBackward0>)
Memory status after this epoch: 
Memory allocated:  166.56298828125
Memory cached:  294.0
	 epoch  70 training error:  tensor(0.3448, device='cuda:0', grad_fn=<DivBackward0>)
Memory status after this epoch: 
Memory allocated:  166.56298828125
Memory cached:  294.0
	 epoch  80 training error:  tensor(0.3424, device='cuda:0', grad_fn=<DivBackward0>)
Memory status after this epoch: 
Memory allocated:  166.56298828125
Memory cached:  294.0
	 epoch  90 training error:  tensor(0.3416, device='cuda:0', grad_fn=<DivBackward0>)
Memory status after this epoch: 
Memory allocated:  166.56298828125
Memory cached:  294.0
