[I 2024-01-13 07:25:23,736] Trial 143 finished with value: 0.12519797682762146 and parameters: {'W_layers': 2, 'W_layer_units_exponent_0': 7, 'W_layer_units_exponent_1': 4, 'D_layers': 4, 'D_layer_units_exponent_0': 5, 'D_layer_units_exponent_1': 4, 'D_layer_units_exponent_2': 7, 'D_layer_units_exponent_3': 10, 'D_dagger_layers': 5, 'D_dagger_layer_units_exponent_0': 9, 'D_dagger_layer_units_exponent_1': 8, 'D_dagger_layer_units_exponent_2': 6, 'D_dagger_layer_units_exponent_3': 6, 'D_dagger_layer_units_exponent_4': 5, 'log_learning_rate': -4.622823286245832, 'log_learning_rate_D': -3.2939814219133665, 'log_learning_rate_D_dagger': -2.75664538266374, 'training_batch_size': 6, 'training_p': 6}. Best is trial 113 with value: 0.08055218309164047.
Time for this trial:  410.76901268959045
Memory status after this trial: 
Memory allocated:  478.5048828125
Memory cached:  482.0
--------------------  Trial  144   --------------------
Start timing: 
Parameters: 
{'W_layers': 2, 'W_layer_units_exponent_0': 6, 'W_layer_units_exponent_1': 4, 'D_layers': 4, 'D_layer_units_exponent_0': 5, 'D_layer_units_exponent_1': 5, 'D_layer_units_exponent_2': 9, 'D_layer_units_exponent_3': 10, 'D_dagger_layers': 8, 'D_dagger_layer_units_exponent_0': 9, 'D_dagger_layer_units_exponent_1': 8, 'D_dagger_layer_units_exponent_2': 6, 'D_dagger_layer_units_exponent_3': 7, 'D_dagger_layer_units_exponent_4': 7, 'D_dagger_layer_units_exponent_5': 6, 'D_dagger_layer_units_exponent_6': 7, 'D_dagger_layer_units_exponent_7': 8, 'log_learning_rate': -4.263720648585197, 'log_learning_rate_D': -2.893252392443437, 'log_learning_rate_D_dagger': -2.885408272608009, 'training_batch_size': 6, 'training_p': 8}
	 epoch  0 training error:  tensor(0.7341, device='cuda:0', grad_fn=<DivBackward0>)
Memory status after this epoch: 
Memory allocated:  262.47607421875
Memory cached:  486.0
	 epoch  10 training error:  tensor(0.5706, device='cuda:0', grad_fn=<DivBackward0>)
Memory status after this epoch: 
Memory allocated:  262.47607421875
Memory cached:  514.0
	 epoch  20 training error:  tensor(0.5494, device='cuda:0', grad_fn=<DivBackward0>)
Memory status after this epoch: 
Memory allocated:  262.47607421875
Memory cached:  510.0
	 epoch  30 training error:  tensor(0.5345, device='cuda:0', grad_fn=<DivBackward0>)
Memory status after this epoch: 
Memory allocated:  262.47607421875
Memory cached:  504.0
	 epoch  40 training error:  tensor(0.5181, device='cuda:0', grad_fn=<DivBackward0>)
Memory status after this epoch: 
Memory allocated:  262.47607421875
Memory cached:  506.0
	 epoch  50 training error:  tensor(0.5348, device='cuda:0', grad_fn=<DivBackward0>)
Memory status after this epoch: 
Memory allocated:  262.47607421875
Memory cached:  504.0
	 epoch  60 training error:  tensor(0.3743, device='cuda:0', grad_fn=<DivBackward0>)
Memory status after this epoch: 
Memory allocated:  262.47607421875
Memory cached:  510.0
	 epoch  70 training error:  tensor(0.2110, device='cuda:0', grad_fn=<DivBackward0>)
Memory status after this epoch: 
Memory allocated:  262.47607421875
Memory cached:  502.0
	 epoch  80 training error:  tensor(0.2057, device='cuda:0', grad_fn=<DivBackward0>)
Memory status after this epoch: 
Memory allocated:  262.47607421875
Memory cached:  514.0
	 epoch  90 training error:  tensor(0.1580, device='cuda:0', grad_fn=<DivBackward0>)
Memory status after this epoch: 
Memory allocated:  262.47607421875
Memory cached:  506.0
[I 2024-01-13 07:33:26,403] Trial 144 finished with value: 0.14028304815292358 and parameters: {'W_layers': 2, 'W_layer_units_exponent_0': 6, 'W_layer_units_exponent_1': 4, 'D_layers': 4, 'D_layer_units_exponent_0': 5, 'D_layer_units_exponent_1': 5, 'D_layer_units_exponent_2': 9, 'D_layer_units_exponent_3': 10, 'D_dagger_layers': 8, 'D_dagger_layer_units_exponent_0': 9, 'D_dagger_layer_units_exponent_1': 8, 'D_dagger_layer_units_exponent_2': 6, 'D_dagger_layer_units_exponent_3': 7, 'D_dagger_layer_units_exponent_4': 7, 'D_dagger_layer_units_exponent_5': 6, 'D_dagger_layer_units_exponent_6': 7, 'D_dagger_layer_units_exponent_7': 8, 'log_learning_rate': -4.263720648585197, 'log_learning_rate_D': -2.893252392443437, 'log_learning_rate_D_dagger': -2.885408272608009, 'training_batch_size': 6, 'training_p': 8}. Best is trial 113 with value: 0.08055218309164047.
Time for this trial:  482.1823425292969
Memory status after this trial: 
Memory allocated:  579.11865234375
Memory cached:  598.0
--------------------  Trial  145   --------------------
Start timing: 
Parameters: 
{'W_layers': 2, 'W_layer_units_exponent_0': 7, 'W_layer_units_exponent_1': 4, 'D_layers': 3, 'D_layer_units_exponent_0': 5, 'D_layer_units_exponent_1': 4, 'D_layer_units_exponent_2': 8, 'D_dagger_layers': 7, 'D_dagger_layer_units_exponent_0': 9, 'D_dagger_layer_units_exponent_1': 9, 'D_dagger_layer_units_exponent_2': 5, 'D_dagger_layer_units_exponent_3': 5, 'D_dagger_layer_units_exponent_4': 8, 'D_dagger_layer_units_exponent_5': 6, 'D_dagger_layer_units_exponent_6': 10, 'log_learning_rate': -4.511715883831143, 'log_learning_rate_D': -2.802210225637082, 'log_learning_rate_D_dagger': -3.1487088115394775, 'training_batch_size': 6, 'training_p': 6}
	 epoch  0 training error:  tensor(0.7322, device='cuda:0', grad_fn=<DivBackward0>)
Memory status after this epoch: 
Memory allocated:  256.55810546875
Memory cached:  462.0
	 epoch  10 training error:  tensor(0.5045, device='cuda:0', grad_fn=<DivBackward0>)
Memory status after this epoch: 
Memory allocated:  256.55810546875
Memory cached:  490.0
	 epoch  20 training error:  tensor(0.5212, device='cuda:0', grad_fn=<DivBackward0>)
Memory status after this epoch: 
Memory allocated:  256.55810546875
Memory cached:  480.0
	 epoch  30 training error:  tensor(0.5043, device='cuda:0', grad_fn=<DivBackward0>)
Memory status after this epoch: 
Memory allocated:  256.55810546875
Memory cached:  484.0
	 epoch  40 training error:  tensor(0.4903, device='cuda:0', grad_fn=<DivBackward0>)
Memory status after this epoch: 
Memory allocated:  256.55810546875
Memory cached:  484.0
	 epoch  50 training error:  tensor(0.4888, device='cuda:0', grad_fn=<DivBackward0>)
Memory status after this epoch: 
Memory allocated:  256.55810546875
Memory cached:  488.0
	 epoch  60 training error:  tensor(0.3997, device='cuda:0', grad_fn=<DivBackward0>)
Memory status after this epoch: 
Memory allocated:  256.55810546875
Memory cached:  484.0
	 epoch  70 training error:  tensor(0.3320, device='cuda:0', grad_fn=<DivBackward0>)
Memory status after this epoch: 
Memory allocated:  256.55810546875
Memory cached:  484.0
	 epoch  80 training error:  tensor(0.2728, device='cuda:0', grad_fn=<DivBackward0>)
Memory status after this epoch: 
Memory allocated:  256.55810546875
Memory cached:  482.0
	 epoch  90 training error:  tensor(0.1782, device='cuda:0', grad_fn=<DivBackward0>)
Memory status after this epoch: 
Memory allocated:  256.55810546875
Memory cached:  482.0
[I 2024-01-13 07:40:44,153] Trial 145 finished with value: 0.12876442074775696 and parameters: {'W_layers': 2, 'W_layer_units_exponent_0': 7, 'W_layer_units_exponent_1': 4, 'D_layers': 3, 'D_layer_units_exponent_0': 5, 'D_layer_units_exponent_1': 4, 'D_layer_units_exponent_2': 8, 'D_dagger_layers': 7, 'D_dagger_layer_units_exponent_0': 9, 'D_dagger_layer_units_exponent_1': 9, 'D_dagger_layer_units_exponent_2': 5, 'D_dagger_layer_units_exponent_3': 5, 'D_dagger_layer_units_exponent_4': 8, 'D_dagger_layer_units_exponent_5': 6, 'D_dagger_layer_units_exponent_6': 10, 'log_learning_rate': -4.511715883831143, 'log_learning_rate_D': -2.802210225637082, 'log_learning_rate_D_dagger': -3.1487088115394775, 'training_batch_size': 6, 'training_p': 6}. Best is trial 113 with value: 0.08055218309164047.
Time for this trial:  437.3173518180847
Memory status after this trial: 
Memory allocated:  541.5380859375
Memory cached:  546.0
--------------------  Trial  146   --------------------
Start timing: 
Parameters: 
{'W_layers': 2, 'W_layer_units_exponent_0': 6, 'W_layer_units_exponent_1': 4, 'D_layers': 5, 'D_layer_units_exponent_0': 6, 'D_layer_units_exponent_1': 5, 'D_layer_units_exponent_2': 8, 'D_layer_units_exponent_3': 10, 'D_layer_units_exponent_4': 5, 'D_dagger_layers': 6, 'D_dagger_layer_units_exponent_0': 9, 'D_dagger_layer_units_exponent_1': 8, 'D_dagger_layer_units_exponent_2': 7, 'D_dagger_layer_units_exponent_3': 6, 'D_dagger_layer_units_exponent_4': 4, 'D_dagger_layer_units_exponent_5': 8, 'log_learning_rate': -4.794779312705362, 'log_learning_rate_D': -3.230734777436415, 'log_learning_rate_D_dagger': -2.621986037999972, 'training_batch_size': 6, 'training_p': 7}
	 epoch  0 training error:  tensor(0.9526, device='cuda:0', grad_fn=<DivBackward0>)
Memory status after this epoch: 
Memory allocated:  258.17529296875
Memory cached:  470.0
	 epoch  10 training error:  tensor(0.5505, device='cuda:0', grad_fn=<DivBackward0>)
Memory status after this epoch: 
Memory allocated:  258.17529296875
Memory cached:  486.0
	 epoch  20 training error:  tensor(0.5397, device='cuda:0', grad_fn=<DivBackward0>)
Memory status after this epoch: 
Memory allocated:  258.17529296875
Memory cached:  482.0
	 epoch  30 training error:  tensor(0.5220, device='cuda:0', grad_fn=<DivBackward0>)
Memory status after this epoch: 
Memory allocated:  258.17529296875
Memory cached:  484.0
	 epoch  40 training error:  tensor(0.5257, device='cuda:0', grad_fn=<DivBackward0>)
Memory status after this epoch: 
Memory allocated:  258.17529296875
Memory cached:  488.0
	 epoch  50 training error:  tensor(0.5198, device='cuda:0', grad_fn=<DivBackward0>)
Memory status after this epoch: 
Memory allocated:  258.17529296875
Memory cached:  478.0
	 epoch  60 training error:  tensor(0.3906, device='cuda:0', grad_fn=<DivBackward0>)
Memory status after this epoch: 
Memory allocated:  258.17529296875
Memory cached:  488.0
	 epoch  70 training error:  tensor(0.2422, device='cuda:0', grad_fn=<DivBackward0>)
Memory status after this epoch: 
Memory allocated:  258.17529296875
Memory cached:  490.0
	 epoch  80 training error:  tensor(0.2059, device='cuda:0', grad_fn=<DivBackward0>)
Memory status after this epoch: 
Memory allocated:  258.17529296875
Memory cached:  486.0
	 epoch  90 training error:  tensor(0.1670, device='cuda:0', grad_fn=<DivBackward0>)
Memory status after this epoch: 
Memory allocated:  258.17529296875
Memory cached:  488.0
[I 2024-01-13 07:48:22,711] Trial 146 finished with value: 0.10334277153015137 and parameters: {'W_layers': 2, 'W_layer_units_exponent_0': 6, 'W_layer_units_exponent_1': 4, 'D_layers': 5, 'D_layer_units_exponent_0': 6, 'D_layer_units_exponent_1': 5, 'D_layer_units_exponent_2': 8, 'D_layer_units_exponent_3': 10, 'D_layer_units_exponent_4': 5, 'D_dagger_layers': 6, 'D_dagger_layer_units_exponent_0': 9, 'D_dagger_layer_units_exponent_1': 8, 'D_dagger_layer_units_exponent_2': 7, 'D_dagger_layer_units_exponent_3': 6, 'D_dagger_layer_units_exponent_4': 4, 'D_dagger_layer_units_exponent_5': 8, 'log_learning_rate': -4.794779312705362, 'log_learning_rate_D': -3.230734777436415, 'log_learning_rate_D_dagger': -2.621986037999972, 'training_batch_size': 6, 'training_p': 7}. Best is trial 113 with value: 0.08055218309164047.
Time for this trial:  458.05923795700073
Memory status after this trial: 
Memory allocated:  539.18017578125
Memory cached:  544.0
--------------------  Trial  147   --------------------
Start timing: 
Parameters: 
{'W_layers': 2, 'W_layer_units_exponent_0': 6, 'W_layer_units_exponent_1': 4, 'D_layers': 4, 'D_layer_units_exponent_0': 5, 'D_layer_units_exponent_1': 4, 'D_layer_units_exponent_2': 7, 'D_layer_units_exponent_3': 10, 'D_dagger_layers': 7, 'D_dagger_layer_units_exponent_0': 9, 'D_dagger_layer_units_exponent_1': 7, 'D_dagger_layer_units_exponent_2': 6, 'D_dagger_layer_units_exponent_3': 6, 'D_dagger_layer_units_exponent_4': 6, 'D_dagger_layer_units_exponent_5': 5, 'D_dagger_layer_units_exponent_6': 8, 'log_learning_rate': -4.371690688898542, 'log_learning_rate_D': -3.0713325693748286, 'log_learning_rate_D_dagger': -3.2126346823594236, 'training_batch_size': 6, 'training_p': 8}
	 epoch  0 training error:  tensor(0.9497, device='cuda:0', grad_fn=<DivBackward0>)
Memory status after this epoch: 
Memory allocated:  254.27099609375
Memory cached:  462.0
	 epoch  10 training error:  tensor(0.5624, device='cuda:0', grad_fn=<DivBackward0>)
Memory status after this epoch: 
Memory allocated:  254.27099609375
Memory cached:  472.0
	 epoch  20 training error:  tensor(0.5342, device='cuda:0', grad_fn=<DivBackward0>)
Memory status after this epoch: 
Memory allocated:  254.27099609375
Memory cached:  472.0
	 epoch  30 training error:  tensor(0.5274, device='cuda:0', grad_fn=<DivBackward0>)
Memory status after this epoch: 
Memory allocated:  254.27099609375
Memory cached:  470.0
	 epoch  40 training error:  tensor(0.5288, device='cuda:0', grad_fn=<DivBackward0>)
Memory status after this epoch: 
Memory allocated:  254.27099609375
Memory cached:  476.0
	 epoch  50 training error:  tensor(0.5136, device='cuda:0', grad_fn=<DivBackward0>)
Memory status after this epoch: 
Memory allocated:  254.27099609375
Memory cached:  472.0
	 epoch  60 training error:  tensor(0.5682, device='cuda:0', grad_fn=<DivBackward0>)
Memory status after this epoch: 
Memory allocated:  254.27099609375
Memory cached:  472.0
	 epoch  70 training error:  tensor(0.3902, device='cuda:0', grad_fn=<DivBackward0>)
Memory status after this epoch: 
Memory allocated:  254.27099609375
Memory cached:  476.0
	 epoch  80 training error:  tensor(0.2561, device='cuda:0', grad_fn=<DivBackward0>)
Memory status after this epoch: 
Memory allocated:  254.27099609375
Memory cached:  476.0
	 epoch  90 training error:  tensor(0.1918, device='cuda:0', grad_fn=<DivBackward0>)
Memory status after this epoch: 
Memory allocated:  254.27099609375
Memory cached:  472.0
[I 2024-01-13 07:55:55,150] Trial 147 finished with value: 0.15994498133659363 and parameters: {'W_layers': 2, 'W_layer_units_exponent_0': 6, 'W_layer_units_exponent_1': 4, 'D_layers': 4, 'D_layer_units_exponent_0': 5, 'D_layer_units_exponent_1': 4, 'D_layer_units_exponent_2': 7, 'D_layer_units_exponent_3': 10, 'D_dagger_layers': 7, 'D_dagger_layer_units_exponent_0': 9, 'D_dagger_layer_units_exponent_1': 7, 'D_dagger_layer_units_exponent_2': 6, 'D_dagger_layer_units_exponent_3': 6, 'D_dagger_layer_units_exponent_4': 6, 'D_dagger_layer_units_exponent_5': 5, 'D_dagger_layer_units_exponent_6': 8, 'log_learning_rate': -4.371690688898542, 'log_learning_rate_D': -3.0713325693748286, 'log_learning_rate_D_dagger': -3.2126346823594236, 'training_batch_size': 6, 'training_p': 8}. Best is trial 113 with value: 0.08055218309164047.
Time for this trial:  452.0168697834015
Memory status after this trial: 
Memory allocated:  488.28515625
Memory cached:  492.0
--------------------  Trial  148   --------------------
Start timing: 
Parameters: 
{'W_layers': 2, 'W_layer_units_exponent_0': 8, 'W_layer_units_exponent_1': 4, 'D_layers': 3, 'D_layer_units_exponent_0': 5, 'D_layer_units_exponent_1': 5, 'D_layer_units_exponent_2': 8, 'D_dagger_layers': 7, 'D_dagger_layer_units_exponent_0': 8, 'D_dagger_layer_units_exponent_1': 8, 'D_dagger_layer_units_exponent_2': 4, 'D_dagger_layer_units_exponent_3': 7, 'D_dagger_layer_units_exponent_4': 5, 'D_dagger_layer_units_exponent_5': 7, 'D_dagger_layer_units_exponent_6': 6, 'log_learning_rate': -4.600501280249127, 'log_learning_rate_D': -2.9734326878958006, 'log_learning_rate_D_dagger': -3.0290320435332263, 'training_batch_size': 6, 'training_p': 6}
	 epoch  0 training error:  tensor(1.0360, device='cuda:0', grad_fn=<DivBackward0>)
Memory status after this epoch: 
Memory allocated:  252.32177734375
Memory cached:  454.0
	 epoch  10 training error:  tensor(0.5342, device='cuda:0', grad_fn=<DivBackward0>)
Memory status after this epoch: 
Memory allocated:  252.32177734375
Memory cached:  452.0
	 epoch  20 training error:  tensor(0.5034, device='cuda:0', grad_fn=<DivBackward0>)
Memory status after this epoch: 
Memory allocated:  252.32177734375
Memory cached:  452.0
	 epoch  30 training error:  tensor(0.4973, device='cuda:0', grad_fn=<DivBackward0>)
Memory status after this epoch: 
Memory allocated:  252.32177734375
Memory cached:  452.0
	 epoch  40 training error:  tensor(0.4807, device='cuda:0', grad_fn=<DivBackward0>)
Memory status after this epoch: 
Memory allocated:  252.32177734375
Memory cached:  452.0
	 epoch  50 training error:  tensor(0.5401, device='cuda:0', grad_fn=<DivBackward0>)
Memory status after this epoch: 
Memory allocated:  252.32177734375
Memory cached:  452.0
	 epoch  60 training error:  tensor(0.3453, device='cuda:0', grad_fn=<DivBackward0>)
Memory status after this epoch: 
Memory allocated:  252.32177734375
Memory cached:  452.0
	 epoch  70 training error:  tensor(0.2387, device='cuda:0', grad_fn=<DivBackward0>)
Memory status after this epoch: 
Memory allocated:  252.32177734375
Memory cached:  452.0
	 epoch  80 training error:  tensor(0.1950, device='cuda:0', grad_fn=<DivBackward0>)
Memory status after this epoch: 
Memory allocated:  252.32177734375
Memory cached:  452.0
	 epoch  90 training error:  tensor(0.1557, device='cuda:0', grad_fn=<DivBackward0>)
Memory status after this epoch: 
Memory allocated:  252.32177734375
Memory cached:  452.0
[I 2024-01-13 08:03:02,725] Trial 148 finished with value: 0.11057787388563156 and parameters: {'W_layers': 2, 'W_layer_units_exponent_0': 8, 'W_layer_units_exponent_1': 4, 'D_layers': 3, 'D_layer_units_exponent_0': 5, 'D_layer_units_exponent_1': 5, 'D_layer_units_exponent_2': 8, 'D_dagger_layers': 7, 'D_dagger_layer_units_exponent_0': 8, 'D_dagger_layer_units_exponent_1': 8, 'D_dagger_layer_units_exponent_2': 4, 'D_dagger_layer_units_exponent_3': 7, 'D_dagger_layer_units_exponent_4': 5, 'D_dagger_layer_units_exponent_5': 7, 'D_dagger_layer_units_exponent_6': 6, 'log_learning_rate': -4.600501280249127, 'log_learning_rate_D': -2.9734326878958006, 'log_learning_rate_D_dagger': -3.0290320435332263, 'training_batch_size': 6, 'training_p': 6}. Best is trial 113 with value: 0.08055218309164047.
Time for this trial:  427.1511857509613
Memory status after this trial: 
Memory allocated:  403.66064453125
Memory cached:  452.0
--------------------  Trial  149   --------------------
Start timing: 
Parameters: 
{'W_layers': 2, 'W_layer_units_exponent_0': 10, 'W_layer_units_exponent_1': 4, 'D_layers': 5, 'D_layer_units_exponent_0': 4, 'D_layer_units_exponent_1': 4, 'D_layer_units_exponent_2': 9, 'D_layer_units_exponent_3': 10, 'D_layer_units_exponent_4': 4, 'D_dagger_layers': 7, 'D_dagger_layer_units_exponent_0': 9, 'D_dagger_layer_units_exponent_1': 7, 'D_dagger_layer_units_exponent_2': 7, 'D_dagger_layer_units_exponent_3': 5, 'D_dagger_layer_units_exponent_4': 6, 'D_dagger_layer_units_exponent_5': 7, 'D_dagger_layer_units_exponent_6': 7, 'log_learning_rate': -2.999679182818838, 'log_learning_rate_D': -3.173914080583939, 'log_learning_rate_D_dagger': -2.7265628993302777, 'training_batch_size': 6, 'training_p': 8}
	 epoch  0 training error:  tensor(0.9379, device='cuda:0', grad_fn=<DivBackward0>)
Memory status after this epoch: 
Memory allocated:  261.17529296875
Memory cached:  480.0
	 epoch  10 training error:  tensor(0.5671, device='cuda:0', grad_fn=<DivBackward0>)
Memory status after this epoch: 
Memory allocated:  261.17529296875
Memory cached:  500.0
	 epoch  20 training error:  tensor(0.5883, device='cuda:0', grad_fn=<DivBackward0>)
Memory status after this epoch: 
Memory allocated:  261.17529296875
Memory cached:  506.0
	 epoch  30 training error:  tensor(0.5281, device='cuda:0', grad_fn=<DivBackward0>)
Memory status after this epoch: 
Memory allocated:  261.17529296875
Memory cached:  504.0
	 epoch  40 training error:  tensor(0.5815, device='cuda:0', grad_fn=<DivBackward0>)
Memory status after this epoch: 
Memory allocated:  261.17529296875
Memory cached:  500.0
	 epoch  50 training error:  tensor(0.5241, device='cuda:0', grad_fn=<DivBackward0>)
Memory status after this epoch: 
Memory allocated:  261.17529296875
Memory cached:  500.0
	 epoch  60 training error:  tensor(0.4008, device='cuda:0', grad_fn=<DivBackward0>)
Memory status after this epoch: 
Memory allocated:  261.17529296875
Memory cached:  508.0
	 epoch  70 training error:  tensor(0.3839, device='cuda:0', grad_fn=<DivBackward0>)
Memory status after this epoch: 
Memory allocated:  261.17529296875
Memory cached:  504.0
	 epoch  80 training error:  tensor(0.3132, device='cuda:0', grad_fn=<DivBackward0>)
Memory status after this epoch: 
Memory allocated:  261.17529296875
Memory cached:  496.0
	 epoch  90 training error:  tensor(0.2158, device='cuda:0', grad_fn=<DivBackward0>)
Memory status after this epoch: 
Memory allocated:  261.17529296875
Memory cached:  506.0
