[I 2024-01-02 02:26:28,876] Trial 393 finished with value: 0.38882407546043396 and parameters: {'W_layers': 5, 'W_layer_units_exponent_0': 7, 'W_layer_units_exponent_1': 10, 'W_layer_units_exponent_2': 6, 'W_layer_units_exponent_3': 6, 'W_layer_units_exponent_4': 6, 'D_layers': 5, 'D_layer_units_exponent_0': 7, 'D_layer_units_exponent_1': 9, 'D_layer_units_exponent_2': 8, 'D_layer_units_exponent_3': 8, 'D_layer_units_exponent_4': 5, 'D_dagger_layers': 6, 'D_dagger_layer_units_exponent_0': 10, 'D_dagger_layer_units_exponent_1': 5, 'D_dagger_layer_units_exponent_2': 4, 'D_dagger_layer_units_exponent_3': 7, 'D_dagger_layer_units_exponent_4': 9, 'D_dagger_layer_units_exponent_5': 10, 'log_learning_rate': -3.3296579301937124, 'log_learning_rate_D': -4.18042409080155, 'log_learning_rate_D_dagger': -4.367406914010409, 'training_batch_size': 6, 'training_p': 5}. Best is trial 220 with value: 0.11745021492242813.
Time for this trial:  376.1890847682953
Memory status after this trial: 
Memory allocated:  483.1708984375
Memory cached:  504.0
--------------------  Trial  394   --------------------
Start timing: 
Parameters: 
{'W_layers': 5, 'W_layer_units_exponent_0': 8, 'W_layer_units_exponent_1': 7, 'W_layer_units_exponent_2': 6, 'W_layer_units_exponent_3': 4, 'W_layer_units_exponent_4': 5, 'D_layers': 5, 'D_layer_units_exponent_0': 7, 'D_layer_units_exponent_1': 9, 'D_layer_units_exponent_2': 10, 'D_layer_units_exponent_3': 8, 'D_layer_units_exponent_4': 5, 'D_dagger_layers': 2, 'D_dagger_layer_units_exponent_0': 9, 'D_dagger_layer_units_exponent_1': 7, 'log_learning_rate': -3.016223062900545, 'log_learning_rate_D': -3.747123816074539, 'log_learning_rate_D_dagger': -1.8193732631270618, 'training_batch_size': 6, 'training_p': 7}
	 epoch  0 training error:  tensor(2.9276, device='cuda:0', grad_fn=<DivBackward0>)
Memory status after this epoch: 
Memory allocated:  217.11767578125
Memory cached:  438.0
	 epoch  10 training error:  tensor(0.6059, device='cuda:0', grad_fn=<DivBackward0>)
Memory status after this epoch: 
Memory allocated:  217.11767578125
Memory cached:  478.0
	 epoch  20 training error:  tensor(0.5702, device='cuda:0', grad_fn=<DivBackward0>)
Memory status after this epoch: 
Memory allocated:  217.11767578125
Memory cached:  464.0
	 epoch  30 training error:  tensor(0.5486, device='cuda:0', grad_fn=<DivBackward0>)
Memory status after this epoch: 
Memory allocated:  217.11767578125
Memory cached:  470.0
	 epoch  40 training error:  tensor(0.5876, device='cuda:0', grad_fn=<DivBackward0>)
Memory status after this epoch: 
Memory allocated:  217.11767578125
Memory cached:  466.0
	 epoch  50 training error:  tensor(0.5677, device='cuda:0', grad_fn=<DivBackward0>)
Memory status after this epoch: 
Memory allocated:  217.11767578125
Memory cached:  472.0
	 epoch  60 training error:  tensor(0.5612, device='cuda:0', grad_fn=<DivBackward0>)
Memory status after this epoch: 
Memory allocated:  217.11767578125
Memory cached:  462.0
	 epoch  70 training error:  tensor(0.5610, device='cuda:0', grad_fn=<DivBackward0>)
Memory status after this epoch: 
Memory allocated:  217.11767578125
Memory cached:  466.0
	 epoch  80 training error:  tensor(0.5607, device='cuda:0', grad_fn=<DivBackward0>)
Memory status after this epoch: 
Memory allocated:  217.11767578125
Memory cached:  462.0
	 epoch  90 training error:  tensor(0.5542, device='cuda:0', grad_fn=<DivBackward0>)
Memory status after this epoch: 
Memory allocated:  217.11767578125
Memory cached:  466.0
[I 2024-01-02 02:31:32,763] Trial 394 finished with value: 0.47194644808769226 and parameters: {'W_layers': 5, 'W_layer_units_exponent_0': 8, 'W_layer_units_exponent_1': 7, 'W_layer_units_exponent_2': 6, 'W_layer_units_exponent_3': 4, 'W_layer_units_exponent_4': 5, 'D_layers': 5, 'D_layer_units_exponent_0': 7, 'D_layer_units_exponent_1': 9, 'D_layer_units_exponent_2': 10, 'D_layer_units_exponent_3': 8, 'D_layer_units_exponent_4': 5, 'D_dagger_layers': 2, 'D_dagger_layer_units_exponent_0': 9, 'D_dagger_layer_units_exponent_1': 7, 'log_learning_rate': -3.016223062900545, 'log_learning_rate_D': -3.747123816074539, 'log_learning_rate_D_dagger': -1.8193732631270618, 'training_batch_size': 6, 'training_p': 7}. Best is trial 220 with value: 0.11745021492242813.
Time for this trial:  303.340047121048
Memory status after this trial: 
Memory allocated:  372.5908203125
Memory cached:  448.0
--------------------  Trial  395   --------------------
Start timing: 
Parameters: 
{'W_layers': 5, 'W_layer_units_exponent_0': 8, 'W_layer_units_exponent_1': 8, 'W_layer_units_exponent_2': 6, 'W_layer_units_exponent_3': 6, 'W_layer_units_exponent_4': 5, 'D_layers': 5, 'D_layer_units_exponent_0': 10, 'D_layer_units_exponent_1': 9, 'D_layer_units_exponent_2': 8, 'D_layer_units_exponent_3': 8, 'D_layer_units_exponent_4': 4, 'D_dagger_layers': 3, 'D_dagger_layer_units_exponent_0': 9, 'D_dagger_layer_units_exponent_1': 4, 'D_dagger_layer_units_exponent_2': 5, 'log_learning_rate': -2.232240409279531, 'log_learning_rate_D': -2.483640441052452, 'log_learning_rate_D_dagger': -2.339508555146782, 'training_batch_size': 6, 'training_p': 7}
	 epoch  0 training error:  tensor(1.0237, device='cuda:0', grad_fn=<DivBackward0>)
Memory status after this epoch: 
Memory allocated:  214.90283203125
Memory cached:  416.0
	 epoch  10 training error:  tensor(0.6072, device='cuda:0', grad_fn=<DivBackward0>)
Memory status after this epoch: 
Memory allocated:  214.90283203125
Memory cached:  476.0
	 epoch  20 training error:  tensor(0.5745, device='cuda:0', grad_fn=<DivBackward0>)
Memory status after this epoch: 
Memory allocated:  214.90283203125
Memory cached:  470.0
	 epoch  30 training error:  tensor(0.5709, device='cuda:0', grad_fn=<DivBackward0>)
Memory status after this epoch: 
Memory allocated:  214.90283203125
Memory cached:  474.0
	 epoch  40 training error:  tensor(0.5715, device='cuda:0', grad_fn=<DivBackward0>)
Memory status after this epoch: 
Memory allocated:  214.90283203125
Memory cached:  470.0
	 epoch  50 training error:  tensor(0.5472, device='cuda:0', grad_fn=<DivBackward0>)
Memory status after this epoch: 
Memory allocated:  214.90283203125
Memory cached:  476.0
	 epoch  60 training error:  tensor(0.5498, device='cuda:0', grad_fn=<DivBackward0>)
Memory status after this epoch: 
Memory allocated:  214.90283203125
Memory cached:  470.0
	 epoch  70 training error:  tensor(0.5442, device='cuda:0', grad_fn=<DivBackward0>)
Memory status after this epoch: 
Memory allocated:  214.90283203125
Memory cached:  472.0
	 epoch  80 training error:  tensor(0.5407, device='cuda:0', grad_fn=<DivBackward0>)
Memory status after this epoch: 
Memory allocated:  214.90283203125
Memory cached:  476.0
	 epoch  90 training error:  tensor(0.5480, device='cuda:0', grad_fn=<DivBackward0>)
Memory status after this epoch: 
Memory allocated:  214.90283203125
Memory cached:  476.0
[I 2024-01-02 02:36:54,735] Trial 395 finished with value: 0.44979485869407654 and parameters: {'W_layers': 5, 'W_layer_units_exponent_0': 8, 'W_layer_units_exponent_1': 8, 'W_layer_units_exponent_2': 6, 'W_layer_units_exponent_3': 6, 'W_layer_units_exponent_4': 5, 'D_layers': 5, 'D_layer_units_exponent_0': 10, 'D_layer_units_exponent_1': 9, 'D_layer_units_exponent_2': 8, 'D_layer_units_exponent_3': 8, 'D_layer_units_exponent_4': 4, 'D_dagger_layers': 3, 'D_dagger_layer_units_exponent_0': 9, 'D_dagger_layer_units_exponent_1': 4, 'D_dagger_layer_units_exponent_2': 5, 'log_learning_rate': -2.232240409279531, 'log_learning_rate_D': -2.483640441052452, 'log_learning_rate_D_dagger': -2.339508555146782, 'training_batch_size': 6, 'training_p': 7}. Best is trial 220 with value: 0.11745021492242813.
Time for this trial:  321.4805488586426
Memory status after this trial: 
Memory allocated:  383.5302734375
Memory cached:  452.0
--------------------  Trial  396   --------------------
Start timing: 
Parameters: 
{'W_layers': 5, 'W_layer_units_exponent_0': 7, 'W_layer_units_exponent_1': 10, 'W_layer_units_exponent_2': 6, 'W_layer_units_exponent_3': 5, 'W_layer_units_exponent_4': 4, 'D_layers': 5, 'D_layer_units_exponent_0': 7, 'D_layer_units_exponent_1': 9, 'D_layer_units_exponent_2': 10, 'D_layer_units_exponent_3': 8, 'D_layer_units_exponent_4': 5, 'D_dagger_layers': 3, 'D_dagger_layer_units_exponent_0': 6, 'D_dagger_layer_units_exponent_1': 7, 'D_dagger_layer_units_exponent_2': 5, 'log_learning_rate': -1.4109893815126346, 'log_learning_rate_D': -4.065093349278218, 'log_learning_rate_D_dagger': -2.57727950660803, 'training_batch_size': 6, 'training_p': 5}
	 epoch  0 training error:  tensor(1.7208, device='cuda:0', grad_fn=<DivBackward0>)
Memory status after this epoch: 
Memory allocated:  218.68798828125
Memory cached:  414.0
	 epoch  10 training error:  tensor(2.7051, device='cuda:0', grad_fn=<DivBackward0>)
Memory status after this epoch: 
Memory allocated:  218.68798828125
Memory cached:  432.0
	 epoch  20 training error:  tensor(0.5439, device='cuda:0', grad_fn=<DivBackward0>)
Memory status after this epoch: 
Memory allocated:  218.68798828125
Memory cached:  420.0
	 epoch  30 training error:  tensor(0.4802, device='cuda:0', grad_fn=<DivBackward0>)
Memory status after this epoch: 
Memory allocated:  218.68798828125
Memory cached:  430.0
	 epoch  40 training error:  tensor(0.4814, device='cuda:0', grad_fn=<DivBackward0>)
Memory status after this epoch: 
Memory allocated:  218.68798828125
Memory cached:  430.0
	 epoch  50 training error:  tensor(0.4790, device='cuda:0', grad_fn=<DivBackward0>)
Memory status after this epoch: 
Memory allocated:  218.68798828125
Memory cached:  420.0
	 epoch  60 training error:  tensor(0.4779, device='cuda:0', grad_fn=<DivBackward0>)
Memory status after this epoch: 
Memory allocated:  218.68798828125
Memory cached:  426.0
	 epoch  70 training error:  tensor(0.4834, device='cuda:0', grad_fn=<DivBackward0>)
Memory status after this epoch: 
Memory allocated:  218.68798828125
Memory cached:  426.0
	 epoch  80 training error:  tensor(0.4865, device='cuda:0', grad_fn=<DivBackward0>)
Memory status after this epoch: 
Memory allocated:  218.68798828125
Memory cached:  434.0
	 epoch  90 training error:  tensor(0.4900, device='cuda:0', grad_fn=<DivBackward0>)
Memory status after this epoch: 
Memory allocated:  218.68798828125
Memory cached:  422.0
[I 2024-01-02 02:42:15,389] Trial 396 finished with value: 0.4042331874370575 and parameters: {'W_layers': 5, 'W_layer_units_exponent_0': 7, 'W_layer_units_exponent_1': 10, 'W_layer_units_exponent_2': 6, 'W_layer_units_exponent_3': 5, 'W_layer_units_exponent_4': 4, 'D_layers': 5, 'D_layer_units_exponent_0': 7, 'D_layer_units_exponent_1': 9, 'D_layer_units_exponent_2': 10, 'D_layer_units_exponent_3': 8, 'D_layer_units_exponent_4': 5, 'D_dagger_layers': 3, 'D_dagger_layer_units_exponent_0': 6, 'D_dagger_layer_units_exponent_1': 7, 'D_dagger_layer_units_exponent_2': 5, 'log_learning_rate': -1.4109893815126346, 'log_learning_rate_D': -4.065093349278218, 'log_learning_rate_D_dagger': -2.57727950660803, 'training_batch_size': 6, 'training_p': 5}. Best is trial 220 with value: 0.11745021492242813.
Time for this trial:  320.08454418182373
Memory status after this trial: 
Memory allocated:  393.0048828125
Memory cached:  414.0
--------------------  Trial  397   --------------------
Start timing: 
Parameters: 
{'W_layers': 5, 'W_layer_units_exponent_0': 8, 'W_layer_units_exponent_1': 10, 'W_layer_units_exponent_2': 6, 'W_layer_units_exponent_3': 6, 'W_layer_units_exponent_4': 5, 'D_layers': 5, 'D_layer_units_exponent_0': 9, 'D_layer_units_exponent_1': 9, 'D_layer_units_exponent_2': 10, 'D_layer_units_exponent_3': 8, 'D_layer_units_exponent_4': 5, 'D_dagger_layers': 4, 'D_dagger_layer_units_exponent_0': 7, 'D_dagger_layer_units_exponent_1': 5, 'D_dagger_layer_units_exponent_2': 4, 'D_dagger_layer_units_exponent_3': 5, 'log_learning_rate': -2.7902736988885817, 'log_learning_rate_D': -2.753484319337257, 'log_learning_rate_D_dagger': -2.201865116231952, 'training_batch_size': 10, 'training_p': 7}
	 epoch  0 training error:  tensor(0.9699, device='cuda:0', grad_fn=<DivBackward0>)
Memory status after this epoch: 
Memory allocated:  223.62744140625
Memory cached:  412.0
	 epoch  10 training error:  tensor(0.5932, device='cuda:0', grad_fn=<DivBackward0>)
Memory status after this epoch: 
Memory allocated:  223.62744140625
Memory cached:  464.0
	 epoch  20 training error:  tensor(0.5908, device='cuda:0', grad_fn=<DivBackward0>)
Memory status after this epoch: 
Memory allocated:  223.62744140625
Memory cached:  462.0
	 epoch  30 training error:  tensor(0.5840, device='cuda:0', grad_fn=<DivBackward0>)
Memory status after this epoch: 
Memory allocated:  223.62744140625
Memory cached:  462.0
	 epoch  40 training error:  tensor(0.5679, device='cuda:0', grad_fn=<DivBackward0>)
Memory status after this epoch: 
Memory allocated:  223.62744140625
Memory cached:  466.0
	 epoch  50 training error:  tensor(0.5649, device='cuda:0', grad_fn=<DivBackward0>)
Memory status after this epoch: 
Memory allocated:  223.62744140625
Memory cached:  468.0
	 epoch  60 training error:  tensor(0.5746, device='cuda:0', grad_fn=<DivBackward0>)
Memory status after this epoch: 
Memory allocated:  223.62744140625
Memory cached:  464.0
	 epoch  70 training error:  tensor(0.5777, device='cuda:0', grad_fn=<DivBackward0>)
Memory status after this epoch: 
Memory allocated:  223.62744140625
Memory cached:  464.0
	 epoch  80 training error:  tensor(0.5774, device='cuda:0', grad_fn=<DivBackward0>)
Memory status after this epoch: 
Memory allocated:  223.62744140625
Memory cached:  464.0
	 epoch  90 training error:  tensor(0.5726, device='cuda:0', grad_fn=<DivBackward0>)
Memory status after this epoch: 
Memory allocated:  223.62744140625
Memory cached:  464.0
[I 2024-01-02 02:45:29,235] Trial 397 finished with value: 0.5242390632629395 and parameters: {'W_layers': 5, 'W_layer_units_exponent_0': 8, 'W_layer_units_exponent_1': 10, 'W_layer_units_exponent_2': 6, 'W_layer_units_exponent_3': 6, 'W_layer_units_exponent_4': 5, 'D_layers': 5, 'D_layer_units_exponent_0': 9, 'D_layer_units_exponent_1': 9, 'D_layer_units_exponent_2': 10, 'D_layer_units_exponent_3': 8, 'D_layer_units_exponent_4': 5, 'D_dagger_layers': 4, 'D_dagger_layer_units_exponent_0': 7, 'D_dagger_layer_units_exponent_1': 5, 'D_dagger_layer_units_exponent_2': 4, 'D_dagger_layer_units_exponent_3': 5, 'log_learning_rate': -2.7902736988885817, 'log_learning_rate_D': -2.753484319337257, 'log_learning_rate_D_dagger': -2.201865116231952, 'training_batch_size': 10, 'training_p': 7}. Best is trial 220 with value: 0.11745021492242813.
Time for this trial:  193.33996891975403
Memory status after this trial: 
Memory allocated:  424.1875
Memory cached:  454.0
--------------------  Trial  398   --------------------
Start timing: 
Parameters: 
{'W_layers': 5, 'W_layer_units_exponent_0': 8, 'W_layer_units_exponent_1': 5, 'W_layer_units_exponent_2': 6, 'W_layer_units_exponent_3': 4, 'W_layer_units_exponent_4': 5, 'D_layers': 6, 'D_layer_units_exponent_0': 4, 'D_layer_units_exponent_1': 9, 'D_layer_units_exponent_2': 8, 'D_layer_units_exponent_3': 8, 'D_layer_units_exponent_4': 4, 'D_layer_units_exponent_5': 8, 'D_dagger_layers': 3, 'D_dagger_layer_units_exponent_0': 9, 'D_dagger_layer_units_exponent_1': 5, 'D_dagger_layer_units_exponent_2': 5, 'log_learning_rate': -4.983177086481664, 'log_learning_rate_D': -3.820585318665256, 'log_learning_rate_D_dagger': -2.400217304487458, 'training_batch_size': 6, 'training_p': 7}
	 epoch  0 training error:  tensor(0.9864, device='cuda:0', grad_fn=<DivBackward0>)
Memory status after this epoch: 
Memory allocated:  206.03564453125
Memory cached:  408.0
	 epoch  10 training error:  tensor(0.5748, device='cuda:0', grad_fn=<DivBackward0>)
Memory status after this epoch: 
Memory allocated:  206.03564453125
Memory cached:  442.0
	 epoch  20 training error:  tensor(0.5288, device='cuda:0', grad_fn=<DivBackward0>)
Memory status after this epoch: 
Memory allocated:  206.03564453125
Memory cached:  436.0
	 epoch  30 training error:  tensor(0.5188, device='cuda:0', grad_fn=<DivBackward0>)
Memory status after this epoch: 
Memory allocated:  206.03564453125
Memory cached:  434.0
	 epoch  40 training error:  tensor(0.4779, device='cuda:0', grad_fn=<DivBackward0>)
Memory status after this epoch: 
Memory allocated:  206.03564453125
Memory cached:  444.0
	 epoch  50 training error:  tensor(0.5021, device='cuda:0', grad_fn=<DivBackward0>)
Memory status after this epoch: 
Memory allocated:  206.03564453125
Memory cached:  434.0
	 epoch  60 training error:  tensor(0.3058, device='cuda:0', grad_fn=<DivBackward0>)
Memory status after this epoch: 
Memory allocated:  206.03564453125
Memory cached:  436.0
	 epoch  70 training error:  tensor(0.2802, device='cuda:0', grad_fn=<DivBackward0>)
Memory status after this epoch: 
Memory allocated:  206.03564453125
Memory cached:  436.0
	 epoch  80 training error:  tensor(0.3071, device='cuda:0', grad_fn=<DivBackward0>)
Memory status after this epoch: 
Memory allocated:  206.03564453125
Memory cached:  446.0
	 epoch  90 training error:  tensor(0.2414, device='cuda:0', grad_fn=<DivBackward0>)
Memory status after this epoch: 
Memory allocated:  206.03564453125
Memory cached:  430.0
[I 2024-01-02 02:50:57,135] Trial 398 finished with value: 0.20724554359912872 and parameters: {'W_layers': 5, 'W_layer_units_exponent_0': 8, 'W_layer_units_exponent_1': 5, 'W_layer_units_exponent_2': 6, 'W_layer_units_exponent_3': 4, 'W_layer_units_exponent_4': 5, 'D_layers': 6, 'D_layer_units_exponent_0': 4, 'D_layer_units_exponent_1': 9, 'D_layer_units_exponent_2': 8, 'D_layer_units_exponent_3': 8, 'D_layer_units_exponent_4': 4, 'D_layer_units_exponent_5': 8, 'D_dagger_layers': 3, 'D_dagger_layer_units_exponent_0': 9, 'D_dagger_layer_units_exponent_1': 5, 'D_dagger_layer_units_exponent_2': 5, 'log_learning_rate': -4.983177086481664, 'log_learning_rate_D': -3.820585318665256, 'log_learning_rate_D_dagger': -2.400217304487458, 'training_batch_size': 6, 'training_p': 7}. Best is trial 220 with value: 0.11745021492242813.
Time for this trial:  327.2415916919708
Memory status after this trial: 
Memory allocated:  324.0458984375
Memory cached:  430.0
--------------------  Trial  399   --------------------
Start timing: 
Parameters: 
{'W_layers': 5, 'W_layer_units_exponent_0': 7, 'W_layer_units_exponent_1': 10, 'W_layer_units_exponent_2': 6, 'W_layer_units_exponent_3': 6, 'W_layer_units_exponent_4': 5, 'D_layers': 5, 'D_layer_units_exponent_0': 6, 'D_layer_units_exponent_1': 9, 'D_layer_units_exponent_2': 10, 'D_layer_units_exponent_3': 9, 'D_layer_units_exponent_4': 5, 'D_dagger_layers': 3, 'D_dagger_layer_units_exponent_0': 10, 'D_dagger_layer_units_exponent_1': 4, 'D_dagger_layer_units_exponent_2': 5, 'log_learning_rate': -2.54845665017438, 'log_learning_rate_D': -3.9886634848013056, 'log_learning_rate_D_dagger': -2.2592555547299873, 'training_batch_size': 6, 'training_p': 8}
	 epoch  0 training error:  tensor(1.1991, device='cuda:0', grad_fn=<DivBackward0>)
Memory status after this epoch: 
Memory allocated:  222.48486328125
Memory cached:  416.0
	 epoch  10 training error:  tensor(0.6438, device='cuda:0', grad_fn=<DivBackward0>)
Memory status after this epoch: 
Memory allocated:  222.48486328125
Memory cached:  430.0
	 epoch  20 training error:  tensor(0.5624, device='cuda:0', grad_fn=<DivBackward0>)
Memory status after this epoch: 
Memory allocated:  222.48486328125
Memory cached:  432.0
	 epoch  30 training error:  tensor(0.5869, device='cuda:0', grad_fn=<DivBackward0>)
Memory status after this epoch: 
Memory allocated:  222.48486328125
Memory cached:  430.0
	 epoch  40 training error:  tensor(0.5502, device='cuda:0', grad_fn=<DivBackward0>)
Memory status after this epoch: 
Memory allocated:  222.48486328125
Memory cached:  422.0
	 epoch  50 training error:  tensor(0.5535, device='cuda:0', grad_fn=<DivBackward0>)
Memory status after this epoch: 
Memory allocated:  222.48486328125
Memory cached:  432.0
	 epoch  60 training error:  tensor(0.5683, device='cuda:0', grad_fn=<DivBackward0>)
Memory status after this epoch: 
Memory allocated:  222.48486328125
Memory cached:  432.0
	 epoch  70 training error:  tensor(0.5403, device='cuda:0', grad_fn=<DivBackward0>)
Memory status after this epoch: 
Memory allocated:  222.48486328125
Memory cached:  448.0
	 epoch  80 training error:  tensor(0.5520, device='cuda:0', grad_fn=<DivBackward0>)
Memory status after this epoch: 
Memory allocated:  222.48486328125
Memory cached:  448.0
	 epoch  90 training error:  tensor(0.4619, device='cuda:0', grad_fn=<DivBackward0>)
Memory status after this epoch: 
Memory allocated:  222.48486328125
Memory cached:  452.0
