[I 2024-01-14 00:09:49,810] Trial 72 finished with value: 0.08857446163892746 and parameters: {'W_layers': 3, 'W_layer_units_exponent_0': 4, 'W_layer_units_exponent_1': 4, 'W_layer_units_exponent_2': 9, 'D_layers': 2, 'D_layer_units_exponent_0': 9, 'D_layer_units_exponent_1': 5, 'D_dagger_layers': 5, 'D_dagger_layer_units_exponent_0': 10, 'D_dagger_layer_units_exponent_1': 7, 'D_dagger_layer_units_exponent_2': 5, 'D_dagger_layer_units_exponent_3': 4, 'D_dagger_layer_units_exponent_4': 8, 'log_learning_rate': -1.2437727203982243, 'log_learning_rate_D': -3.422951083451196, 'log_learning_rate_D_dagger': -3.2062902432721505, 'training_batch_size': 10, 'training_p': 2}. Best is trial 33 with value: 0.08818560093641281.
Time for this trial:  38.445247411727905
Memory status after this trial: 
Memory allocated:  467.08056640625
Memory cached:  498.0
--------------------  Trial  73   --------------------
Start timing: 
Parameters: 
{'W_layers': 3, 'W_layer_units_exponent_0': 4, 'W_layer_units_exponent_1': 4, 'W_layer_units_exponent_2': 9, 'D_layers': 2, 'D_layer_units_exponent_0': 10, 'D_layer_units_exponent_1': 4, 'D_dagger_layers': 4, 'D_dagger_layer_units_exponent_0': 9, 'D_dagger_layer_units_exponent_1': 8, 'D_dagger_layer_units_exponent_2': 6, 'D_dagger_layer_units_exponent_3': 4, 'log_learning_rate': -1.610718007603956, 'log_learning_rate_D': -3.5578150210323916, 'log_learning_rate_D_dagger': -3.4136648395911786, 'training_batch_size': 9, 'training_p': 2}
	 epoch  0 training error:  tensor(0.8897, device='cuda:0', grad_fn=<DivBackward0>)
Memory status after this epoch: 
Memory allocated:  260.50341796875
Memory cached:  382.0
	 epoch  10 training error:  tensor(0.9881, device='cuda:0', grad_fn=<DivBackward0>)
Memory status after this epoch: 
Memory allocated:  260.50341796875
Memory cached:  382.0
	 epoch  20 training error:  tensor(0.2866, device='cuda:0', grad_fn=<DivBackward0>)
Memory status after this epoch: 
Memory allocated:  260.50341796875
Memory cached:  382.0
	 epoch  30 training error:  tensor(0.1583, device='cuda:0', grad_fn=<DivBackward0>)
Memory status after this epoch: 
Memory allocated:  260.50341796875
Memory cached:  382.0
	 epoch  40 training error:  tensor(0.1317, device='cuda:0', grad_fn=<DivBackward0>)
Memory status after this epoch: 
Memory allocated:  260.50341796875
Memory cached:  382.0
	 epoch  50 training error:  tensor(0.0952, device='cuda:0', grad_fn=<DivBackward0>)
Memory status after this epoch: 
Memory allocated:  260.50341796875
Memory cached:  382.0
	 epoch  60 training error:  tensor(0.0891, device='cuda:0', grad_fn=<DivBackward0>)
Memory status after this epoch: 
Memory allocated:  260.50341796875
Memory cached:  382.0
	 epoch  70 training error:  tensor(0.0852, device='cuda:0', grad_fn=<DivBackward0>)
Memory status after this epoch: 
Memory allocated:  260.50341796875
Memory cached:  382.0
	 epoch  80 training error:  tensor(0.0843, device='cuda:0', grad_fn=<DivBackward0>)
Memory status after this epoch: 
Memory allocated:  260.50341796875
Memory cached:  382.0
	 epoch  90 training error:  tensor(0.0835, device='cuda:0', grad_fn=<DivBackward0>)
Memory status after this epoch: 
Memory allocated:  260.50341796875
Memory cached:  382.0
[I 2024-01-14 00:10:27,224] Trial 73 finished with value: 0.08847469091415405 and parameters: {'W_layers': 3, 'W_layer_units_exponent_0': 4, 'W_layer_units_exponent_1': 4, 'W_layer_units_exponent_2': 9, 'D_layers': 2, 'D_layer_units_exponent_0': 10, 'D_layer_units_exponent_1': 4, 'D_dagger_layers': 4, 'D_dagger_layer_units_exponent_0': 9, 'D_dagger_layer_units_exponent_1': 8, 'D_dagger_layer_units_exponent_2': 6, 'D_dagger_layer_units_exponent_3': 4, 'log_learning_rate': -1.610718007603956, 'log_learning_rate_D': -3.5578150210323916, 'log_learning_rate_D_dagger': -3.4136648395911786, 'training_batch_size': 9, 'training_p': 2}. Best is trial 33 with value: 0.08818560093641281.
Time for this trial:  37.14348888397217
Memory status after this trial: 
Memory allocated:  403.42041015625
Memory cached:  438.0
--------------------  Trial  74   --------------------
Start timing: 
Parameters: 
{'W_layers': 2, 'W_layer_units_exponent_0': 5, 'W_layer_units_exponent_1': 4, 'D_layers': 2, 'D_layer_units_exponent_0': 10, 'D_layer_units_exponent_1': 4, 'D_dagger_layers': 5, 'D_dagger_layer_units_exponent_0': 10, 'D_dagger_layer_units_exponent_1': 8, 'D_dagger_layer_units_exponent_2': 6, 'D_dagger_layer_units_exponent_3': 4, 'D_dagger_layer_units_exponent_4': 5, 'log_learning_rate': -1.3482746497050773, 'log_learning_rate_D': -3.2719871403694794, 'log_learning_rate_D_dagger': -2.8414876027193277, 'training_batch_size': 11, 'training_p': 2}
	 epoch  0 training error:  tensor(1.1087, device='cuda:0', grad_fn=<DivBackward0>)
Memory status after this epoch: 
Memory allocated:  262.39404296875
Memory cached:  382.0
	 epoch  10 training error:  tensor(0.3427, device='cuda:0', grad_fn=<DivBackward0>)
Memory status after this epoch: 
Memory allocated:  262.39404296875
Memory cached:  382.0
	 epoch  20 training error:  tensor(0.2141, device='cuda:0', grad_fn=<DivBackward0>)
Memory status after this epoch: 
Memory allocated:  262.39404296875
Memory cached:  382.0
	 epoch  30 training error:  tensor(0.1246, device='cuda:0', grad_fn=<DivBackward0>)
Memory status after this epoch: 
Memory allocated:  262.39404296875
Memory cached:  382.0
	 epoch  40 training error:  tensor(0.0950, device='cuda:0', grad_fn=<DivBackward0>)
Memory status after this epoch: 
Memory allocated:  262.39404296875
Memory cached:  382.0
	 epoch  50 training error:  tensor(0.0990, device='cuda:0', grad_fn=<DivBackward0>)
Memory status after this epoch: 
Memory allocated:  262.39404296875
Memory cached:  382.0
	 epoch  60 training error:  tensor(0.1026, device='cuda:0', grad_fn=<DivBackward0>)
Memory status after this epoch: 
Memory allocated:  262.39404296875
Memory cached:  382.0
	 epoch  70 training error:  tensor(0.0861, device='cuda:0', grad_fn=<DivBackward0>)
Memory status after this epoch: 
Memory allocated:  262.39404296875
Memory cached:  382.0
	 epoch  80 training error:  tensor(0.0842, device='cuda:0', grad_fn=<DivBackward0>)
Memory status after this epoch: 
Memory allocated:  262.39404296875
Memory cached:  382.0
	 epoch  90 training error:  tensor(0.0840, device='cuda:0', grad_fn=<DivBackward0>)
Memory status after this epoch: 
Memory allocated:  262.39404296875
Memory cached:  382.0
[I 2024-01-14 00:11:05,255] Trial 74 finished with value: 0.09625685960054398 and parameters: {'W_layers': 2, 'W_layer_units_exponent_0': 5, 'W_layer_units_exponent_1': 4, 'D_layers': 2, 'D_layer_units_exponent_0': 10, 'D_layer_units_exponent_1': 4, 'D_dagger_layers': 5, 'D_dagger_layer_units_exponent_0': 10, 'D_dagger_layer_units_exponent_1': 8, 'D_dagger_layer_units_exponent_2': 6, 'D_dagger_layer_units_exponent_3': 4, 'D_dagger_layer_units_exponent_4': 5, 'log_learning_rate': -1.3482746497050773, 'log_learning_rate_D': -3.2719871403694794, 'log_learning_rate_D_dagger': -2.8414876027193277, 'training_batch_size': 11, 'training_p': 2}. Best is trial 33 with value: 0.08818560093641281.
Time for this trial:  37.72736310958862
Memory status after this trial: 
Memory allocated:  417.75439453125
Memory cached:  480.0
--------------------  Trial  75   --------------------
Start timing: 
Parameters: 
{'W_layers': 3, 'W_layer_units_exponent_0': 4, 'W_layer_units_exponent_1': 4, 'W_layer_units_exponent_2': 4, 'D_layers': 2, 'D_layer_units_exponent_0': 10, 'D_layer_units_exponent_1': 4, 'D_dagger_layers': 4, 'D_dagger_layer_units_exponent_0': 4, 'D_dagger_layer_units_exponent_1': 9, 'D_dagger_layer_units_exponent_2': 6, 'D_dagger_layer_units_exponent_3': 4, 'log_learning_rate': -1.1449915582575205, 'log_learning_rate_D': -3.558106652320585, 'log_learning_rate_D_dagger': -2.6660957033423287, 'training_batch_size': 9, 'training_p': 3}
	 epoch  0 training error:  tensor(0.9260, device='cuda:0', grad_fn=<DivBackward0>)
Memory status after this epoch: 
Memory allocated:  258.73779296875
Memory cached:  384.0
	 epoch  10 training error:  tensor(0.1911, device='cuda:0', grad_fn=<DivBackward0>)
Memory status after this epoch: 
Memory allocated:  258.73779296875
Memory cached:  384.0
	 epoch  20 training error:  tensor(0.1503, device='cuda:0', grad_fn=<DivBackward0>)
Memory status after this epoch: 
Memory allocated:  258.73779296875
Memory cached:  384.0
	 epoch  30 training error:  tensor(0.1085, device='cuda:0', grad_fn=<DivBackward0>)
Memory status after this epoch: 
Memory allocated:  258.73779296875
Memory cached:  384.0
	 epoch  40 training error:  tensor(0.1036, device='cuda:0', grad_fn=<DivBackward0>)
Memory status after this epoch: 
Memory allocated:  258.73779296875
Memory cached:  384.0
	 epoch  50 training error:  tensor(0.0984, device='cuda:0', grad_fn=<DivBackward0>)
Memory status after this epoch: 
Memory allocated:  258.73779296875
Memory cached:  384.0
	 epoch  60 training error:  tensor(0.0966, device='cuda:0', grad_fn=<DivBackward0>)
Memory status after this epoch: 
Memory allocated:  258.73779296875
Memory cached:  384.0
	 epoch  70 training error:  tensor(0.0971, device='cuda:0', grad_fn=<DivBackward0>)
Memory status after this epoch: 
Memory allocated:  258.73779296875
Memory cached:  384.0
	 epoch  80 training error:  tensor(0.0964, device='cuda:0', grad_fn=<DivBackward0>)
Memory status after this epoch: 
Memory allocated:  258.73779296875
Memory cached:  384.0
	 epoch  90 training error:  tensor(0.0960, device='cuda:0', grad_fn=<DivBackward0>)
Memory status after this epoch: 
Memory allocated:  258.73779296875
Memory cached:  384.0
[I 2024-01-14 00:11:42,038] Trial 75 finished with value: 0.08968652039766312 and parameters: {'W_layers': 3, 'W_layer_units_exponent_0': 4, 'W_layer_units_exponent_1': 4, 'W_layer_units_exponent_2': 4, 'D_layers': 2, 'D_layer_units_exponent_0': 10, 'D_layer_units_exponent_1': 4, 'D_dagger_layers': 4, 'D_dagger_layer_units_exponent_0': 4, 'D_dagger_layer_units_exponent_1': 9, 'D_dagger_layer_units_exponent_2': 6, 'D_dagger_layer_units_exponent_3': 4, 'log_learning_rate': -1.1449915582575205, 'log_learning_rate_D': -3.558106652320585, 'log_learning_rate_D_dagger': -2.6660957033423287, 'training_batch_size': 9, 'training_p': 3}. Best is trial 33 with value: 0.08818560093641281.
Time for this trial:  36.47158241271973
Memory status after this trial: 
Memory allocated:  328.77392578125
Memory cached:  384.0
--------------------  Trial  76   --------------------
Start timing: 
Parameters: 
{'W_layers': 3, 'W_layer_units_exponent_0': 4, 'W_layer_units_exponent_1': 4, 'W_layer_units_exponent_2': 9, 'D_layers': 2, 'D_layer_units_exponent_0': 10, 'D_layer_units_exponent_1': 4, 'D_dagger_layers': 5, 'D_dagger_layer_units_exponent_0': 8, 'D_dagger_layer_units_exponent_1': 8, 'D_dagger_layer_units_exponent_2': 6, 'D_dagger_layer_units_exponent_3': 5, 'D_dagger_layer_units_exponent_4': 6, 'log_learning_rate': -1.6351657571211846, 'log_learning_rate_D': -4.028484087830283, 'log_learning_rate_D_dagger': -3.3091464656102603, 'training_batch_size': 10, 'training_p': 2}
	 epoch  0 training error:  tensor(1.0494, device='cuda:0', grad_fn=<DivBackward0>)
Memory status after this epoch: 
Memory allocated:  259.54443359375
Memory cached:  382.0
	 epoch  10 training error:  tensor(0.8804, device='cuda:0', grad_fn=<DivBackward0>)
Memory status after this epoch: 
Memory allocated:  259.54443359375
Memory cached:  382.0
	 epoch  20 training error:  tensor(0.3246, device='cuda:0', grad_fn=<DivBackward0>)
Memory status after this epoch: 
Memory allocated:  259.54443359375
Memory cached:  382.0
	 epoch  30 training error:  tensor(0.1915, device='cuda:0', grad_fn=<DivBackward0>)
Memory status after this epoch: 
Memory allocated:  259.54443359375
Memory cached:  382.0
	 epoch  40 training error:  tensor(0.1224, device='cuda:0', grad_fn=<DivBackward0>)
Memory status after this epoch: 
Memory allocated:  259.54443359375
Memory cached:  382.0
	 epoch  50 training error:  tensor(0.0897, device='cuda:0', grad_fn=<DivBackward0>)
Memory status after this epoch: 
Memory allocated:  259.54443359375
Memory cached:  382.0
	 epoch  60 training error:  tensor(0.0856, device='cuda:0', grad_fn=<DivBackward0>)
Memory status after this epoch: 
Memory allocated:  259.54443359375
Memory cached:  382.0
	 epoch  70 training error:  tensor(0.0855, device='cuda:0', grad_fn=<DivBackward0>)
Memory status after this epoch: 
Memory allocated:  259.54443359375
Memory cached:  382.0
	 epoch  80 training error:  tensor(0.0833, device='cuda:0', grad_fn=<DivBackward0>)
Memory status after this epoch: 
Memory allocated:  259.54443359375
Memory cached:  382.0
	 epoch  90 training error:  tensor(0.0834, device='cuda:0', grad_fn=<DivBackward0>)
Memory status after this epoch: 
Memory allocated:  259.54443359375
Memory cached:  382.0
[I 2024-01-14 00:12:19,828] Trial 76 finished with value: 0.08875056356191635 and parameters: {'W_layers': 3, 'W_layer_units_exponent_0': 4, 'W_layer_units_exponent_1': 4, 'W_layer_units_exponent_2': 9, 'D_layers': 2, 'D_layer_units_exponent_0': 10, 'D_layer_units_exponent_1': 4, 'D_dagger_layers': 5, 'D_dagger_layer_units_exponent_0': 8, 'D_dagger_layer_units_exponent_1': 8, 'D_dagger_layer_units_exponent_2': 6, 'D_dagger_layer_units_exponent_3': 5, 'D_dagger_layer_units_exponent_4': 6, 'log_learning_rate': -1.6351657571211846, 'log_learning_rate_D': -4.028484087830283, 'log_learning_rate_D_dagger': -3.3091464656102603, 'training_batch_size': 10, 'training_p': 2}. Best is trial 33 with value: 0.08818560093641281.
Time for this trial:  37.476834297180176
Memory status after this trial: 
Memory allocated:  384.06591796875
Memory cached:  402.0
--------------------  Trial  77   --------------------
Start timing: 
Parameters: 
{'W_layers': 6, 'W_layer_units_exponent_0': 4, 'W_layer_units_exponent_1': 5, 'W_layer_units_exponent_2': 10, 'W_layer_units_exponent_3': 6, 'W_layer_units_exponent_4': 10, 'W_layer_units_exponent_5': 9, 'D_layers': 2, 'D_layer_units_exponent_0': 10, 'D_layer_units_exponent_1': 4, 'D_dagger_layers': 4, 'D_dagger_layer_units_exponent_0': 10, 'D_dagger_layer_units_exponent_1': 9, 'D_dagger_layer_units_exponent_2': 7, 'D_dagger_layer_units_exponent_3': 4, 'log_learning_rate': -1.0538006939119533, 'log_learning_rate_D': -3.7792854042440864, 'log_learning_rate_D_dagger': -2.9934901992428578, 'training_batch_size': 11, 'training_p': 2}
	 epoch  0 training error:  tensor(0.9447, device='cuda:0', grad_fn=<DivBackward0>)
Memory status after this epoch: 
Memory allocated:  278.82568359375
Memory cached:  382.0
	 epoch  10 training error:  tensor(7157.3296, device='cuda:0', grad_fn=<DivBackward0>)
Memory status after this epoch: 
Memory allocated:  278.82568359375
Memory cached:  382.0
	 epoch  20 training error:  tensor(0.8391, device='cuda:0', grad_fn=<DivBackward0>)
Memory status after this epoch: 
Memory allocated:  278.82568359375
Memory cached:  382.0
	 epoch  30 training error:  tensor(0.2933, device='cuda:0', grad_fn=<DivBackward0>)
Memory status after this epoch: 
Memory allocated:  278.82568359375
Memory cached:  382.0
	 epoch  40 training error:  tensor(0.1547, device='cuda:0', grad_fn=<DivBackward0>)
Memory status after this epoch: 
Memory allocated:  278.82568359375
Memory cached:  382.0
	 epoch  50 training error:  tensor(0.0952, device='cuda:0', grad_fn=<DivBackward0>)
Memory status after this epoch: 
Memory allocated:  278.82568359375
Memory cached:  382.0
	 epoch  60 training error:  tensor(0.0865, device='cuda:0', grad_fn=<DivBackward0>)
Memory status after this epoch: 
Memory allocated:  278.82568359375
Memory cached:  382.0
	 epoch  70 training error:  tensor(0.0854, device='cuda:0', grad_fn=<DivBackward0>)
Memory status after this epoch: 
Memory allocated:  278.82568359375
Memory cached:  382.0
	 epoch  80 training error:  tensor(0.0841, device='cuda:0', grad_fn=<DivBackward0>)
Memory status after this epoch: 
Memory allocated:  278.82568359375
Memory cached:  382.0
	 epoch  90 training error:  tensor(0.0836, device='cuda:0', grad_fn=<DivBackward0>)
Memory status after this epoch: 
Memory allocated:  278.82568359375
Memory cached:  382.0
[I 2024-01-14 00:13:15,358] Trial 77 finished with value: 0.08861633390188217 and parameters: {'W_layers': 6, 'W_layer_units_exponent_0': 4, 'W_layer_units_exponent_1': 5, 'W_layer_units_exponent_2': 10, 'W_layer_units_exponent_3': 6, 'W_layer_units_exponent_4': 10, 'W_layer_units_exponent_5': 9, 'D_layers': 2, 'D_layer_units_exponent_0': 10, 'D_layer_units_exponent_1': 4, 'D_dagger_layers': 4, 'D_dagger_layer_units_exponent_0': 10, 'D_dagger_layer_units_exponent_1': 9, 'D_dagger_layer_units_exponent_2': 7, 'D_dagger_layer_units_exponent_3': 4, 'log_learning_rate': -1.0538006939119533, 'log_learning_rate_D': -3.7792854042440864, 'log_learning_rate_D_dagger': -2.9934901992428578, 'training_batch_size': 11, 'training_p': 2}. Best is trial 33 with value: 0.08818560093641281.
Time for this trial:  55.1877543926239
Memory status after this trial: 
Memory allocated:  734.88427734375
Memory cached:  790.0
--------------------  Trial  78   --------------------
Start timing: 
Parameters: 
{'W_layers': 7, 'W_layer_units_exponent_0': 6, 'W_layer_units_exponent_1': 4, 'W_layer_units_exponent_2': 8, 'W_layer_units_exponent_3': 7, 'W_layer_units_exponent_4': 7, 'W_layer_units_exponent_5': 10, 'W_layer_units_exponent_6': 5, 'D_layers': 3, 'D_layer_units_exponent_0': 10, 'D_layer_units_exponent_1': 4, 'D_layer_units_exponent_2': 9, 'D_dagger_layers': 3, 'D_dagger_layer_units_exponent_0': 5, 'D_dagger_layer_units_exponent_1': 8, 'D_dagger_layer_units_exponent_2': 6, 'log_learning_rate': -1.9273077436307995, 'log_learning_rate_D': -4.380001430347581, 'log_learning_rate_D_dagger': -3.619193617897813, 'training_batch_size': 9, 'training_p': 2}
	 epoch  0 training error:  tensor(0.9254, device='cuda:0', grad_fn=<DivBackward0>)
Memory status after this epoch: 
Memory allocated:  261.8447265625
Memory cached:  382.0
	 epoch  10 training error:  tensor(0.5025, device='cuda:0', grad_fn=<DivBackward0>)
Memory status after this epoch: 
Memory allocated:  261.8447265625
Memory cached:  382.0
	 epoch  20 training error:  tensor(0.2594, device='cuda:0', grad_fn=<DivBackward0>)
Memory status after this epoch: 
Memory allocated:  261.8447265625
Memory cached:  382.0
	 epoch  30 training error:  tensor(0.2449, device='cuda:0', grad_fn=<DivBackward0>)
Memory status after this epoch: 
Memory allocated:  261.8447265625
Memory cached:  382.0
	 epoch  40 training error:  tensor(0.1620, device='cuda:0', grad_fn=<DivBackward0>)
Memory status after this epoch: 
Memory allocated:  261.8447265625
Memory cached:  382.0
	 epoch  50 training error:  tensor(0.1478, device='cuda:0', grad_fn=<DivBackward0>)
Memory status after this epoch: 
Memory allocated:  261.8447265625
Memory cached:  382.0
	 epoch  60 training error:  tensor(0.1345, device='cuda:0', grad_fn=<DivBackward0>)
Memory status after this epoch: 
Memory allocated:  261.8447265625
Memory cached:  382.0
	 epoch  70 training error:  tensor(0.1209, device='cuda:0', grad_fn=<DivBackward0>)
Memory status after this epoch: 
Memory allocated:  261.8447265625
Memory cached:  382.0
	 epoch  80 training error:  tensor(0.1086, device='cuda:0', grad_fn=<DivBackward0>)
Memory status after this epoch: 
Memory allocated:  261.8447265625
Memory cached:  382.0
	 epoch  90 training error:  tensor(0.0993, device='cuda:0', grad_fn=<DivBackward0>)
Memory status after this epoch: 
Memory allocated:  261.8447265625
Memory cached:  382.0
