[I 2023-12-05 02:22:52,698] Trial 59 finished with value: 0.5100829005241394 and parameters: {'W_layers': 8, 'W_layer_units_exponent_0': 8, 'W_layer_units_exponent_1': 7, 'W_layer_units_exponent_2': 4, 'W_layer_units_exponent_3': 9, 'W_layer_units_exponent_4': 5, 'W_layer_units_exponent_5': 8, 'W_layer_units_exponent_6': 4, 'W_layer_units_exponent_7': 8, 'D_layers': 4, 'D_layer_units_exponent_0': 9, 'D_layer_units_exponent_1': 6, 'D_layer_units_exponent_2': 7, 'D_layer_units_exponent_3': 4, 'log_learning_rate': -2.8685344207912813, 'log_learning_rate_D': -1.0126219170271644, 'training_batch_size': 11, 'training_p': 2}. Best is trial 36 with value: 0.5074478983879089.
Time for this trial:  14.672102928161621
Memory status after this trial: 
Memory allocated:  73.51611328125
Memory cached:  84.0
--------------------  Trial  60   --------------------
Start timing: 
Parameters: 
{'W_layers': 5, 'W_layer_units_exponent_0': 7, 'W_layer_units_exponent_1': 5, 'W_layer_units_exponent_2': 8, 'W_layer_units_exponent_3': 10, 'W_layer_units_exponent_4': 4, 'D_layers': 7, 'D_layer_units_exponent_0': 7, 'D_layer_units_exponent_1': 10, 'D_layer_units_exponent_2': 6, 'D_layer_units_exponent_3': 5, 'D_layer_units_exponent_4': 5, 'D_layer_units_exponent_5': 8, 'D_layer_units_exponent_6': 9, 'log_learning_rate': -3.157443385322651, 'log_learning_rate_D': -1.1551816039679959, 'training_batch_size': 7, 'training_p': 3}
	 epoch  0 training error:  tensor(0.9776, device='cuda:0', grad_fn=<DivBackward0>)
Memory status after this epoch: 
Memory allocated:  44.42724609375
Memory cached:  84.0
	 epoch  10 training error:  tensor(0.7963, device='cuda:0', grad_fn=<DivBackward0>)
Memory status after this epoch: 
Memory allocated:  44.42724609375
Memory cached:  84.0
	 epoch  20 training error:  tensor(0.7880, device='cuda:0', grad_fn=<DivBackward0>)
Memory status after this epoch: 
Memory allocated:  44.42724609375
Memory cached:  84.0
	 epoch  30 training error:  tensor(0.7836, device='cuda:0', grad_fn=<DivBackward0>)
Memory status after this epoch: 
Memory allocated:  44.42724609375
Memory cached:  84.0
	 epoch  40 training error:  tensor(0.7678, device='cuda:0', grad_fn=<DivBackward0>)
Memory status after this epoch: 
Memory allocated:  44.42724609375
Memory cached:  84.0
	 epoch  50 training error:  tensor(0.7263, device='cuda:0', grad_fn=<DivBackward0>)
Memory status after this epoch: 
Memory allocated:  44.42724609375
Memory cached:  84.0
	 epoch  60 training error:  tensor(0.6446, device='cuda:0', grad_fn=<DivBackward0>)
Memory status after this epoch: 
Memory allocated:  44.42724609375
Memory cached:  84.0
	 epoch  70 training error:  tensor(0.6340, device='cuda:0', grad_fn=<DivBackward0>)
Memory status after this epoch: 
Memory allocated:  44.42724609375
Memory cached:  84.0
	 epoch  80 training error:  tensor(0.6272, device='cuda:0', grad_fn=<DivBackward0>)
Memory status after this epoch: 
Memory allocated:  44.42724609375
Memory cached:  84.0
	 epoch  90 training error:  tensor(0.6255, device='cuda:0', grad_fn=<DivBackward0>)
Memory status after this epoch: 
Memory allocated:  44.42724609375
Memory cached:  84.0
[I 2023-12-05 02:23:07,237] Trial 60 finished with value: 0.5477575659751892 and parameters: {'W_layers': 5, 'W_layer_units_exponent_0': 7, 'W_layer_units_exponent_1': 5, 'W_layer_units_exponent_2': 8, 'W_layer_units_exponent_3': 10, 'W_layer_units_exponent_4': 4, 'D_layers': 7, 'D_layer_units_exponent_0': 7, 'D_layer_units_exponent_1': 10, 'D_layer_units_exponent_2': 6, 'D_layer_units_exponent_3': 5, 'D_layer_units_exponent_4': 5, 'D_layer_units_exponent_5': 8, 'D_layer_units_exponent_6': 9, 'log_learning_rate': -3.157443385322651, 'log_learning_rate_D': -1.1551816039679959, 'training_batch_size': 7, 'training_p': 3}. Best is trial 36 with value: 0.5074478983879089.
Time for this trial:  14.344709873199463
Memory status after this trial: 
Memory allocated:  74.22412109375
Memory cached:  104.0
--------------------  Trial  61   --------------------
Start timing: 
Parameters: 
{'W_layers': 6, 'W_layer_units_exponent_0': 9, 'W_layer_units_exponent_1': 5, 'W_layer_units_exponent_2': 7, 'W_layer_units_exponent_3': 10, 'W_layer_units_exponent_4': 6, 'W_layer_units_exponent_5': 8, 'D_layers': 5, 'D_layer_units_exponent_0': 10, 'D_layer_units_exponent_1': 9, 'D_layer_units_exponent_2': 10, 'D_layer_units_exponent_3': 6, 'D_layer_units_exponent_4': 4, 'log_learning_rate': -2.5786200681730898, 'log_learning_rate_D': -2.812623794215777, 'training_batch_size': 7, 'training_p': 2}
	 epoch  0 training error:  tensor(0.9912, device='cuda:0', grad_fn=<DivBackward0>)
Memory status after this epoch: 
Memory allocated:  46.54345703125
Memory cached:  84.0
	 epoch  10 training error:  tensor(0.8094, device='cuda:0', grad_fn=<DivBackward0>)
Memory status after this epoch: 
Memory allocated:  46.54345703125
Memory cached:  84.0
	 epoch  20 training error:  tensor(0.7182, device='cuda:0', grad_fn=<DivBackward0>)
Memory status after this epoch: 
Memory allocated:  46.54345703125
Memory cached:  84.0
	 epoch  30 training error:  tensor(0.6151, device='cuda:0', grad_fn=<DivBackward0>)
Memory status after this epoch: 
Memory allocated:  46.54345703125
Memory cached:  84.0
	 epoch  40 training error:  tensor(0.7215, device='cuda:0', grad_fn=<DivBackward0>)
Memory status after this epoch: 
Memory allocated:  46.54345703125
Memory cached:  84.0
	 epoch  50 training error:  tensor(0.5818, device='cuda:0', grad_fn=<DivBackward0>)
Memory status after this epoch: 
Memory allocated:  46.54345703125
Memory cached:  84.0
	 epoch  60 training error:  tensor(0.5765, device='cuda:0', grad_fn=<DivBackward0>)
Memory status after this epoch: 
Memory allocated:  46.54345703125
Memory cached:  84.0
	 epoch  70 training error:  tensor(0.5725, device='cuda:0', grad_fn=<DivBackward0>)
Memory status after this epoch: 
Memory allocated:  46.54345703125
Memory cached:  84.0
	 epoch  80 training error:  tensor(0.5692, device='cuda:0', grad_fn=<DivBackward0>)
Memory status after this epoch: 
Memory allocated:  46.54345703125
Memory cached:  84.0
	 epoch  90 training error:  tensor(0.5685, device='cuda:0', grad_fn=<DivBackward0>)
Memory status after this epoch: 
Memory allocated:  46.54345703125
Memory cached:  84.0
[I 2023-12-05 02:23:22,437] Trial 61 finished with value: 0.5099512338638306 and parameters: {'W_layers': 6, 'W_layer_units_exponent_0': 9, 'W_layer_units_exponent_1': 5, 'W_layer_units_exponent_2': 7, 'W_layer_units_exponent_3': 10, 'W_layer_units_exponent_4': 6, 'W_layer_units_exponent_5': 8, 'D_layers': 5, 'D_layer_units_exponent_0': 10, 'D_layer_units_exponent_1': 9, 'D_layer_units_exponent_2': 10, 'D_layer_units_exponent_3': 6, 'D_layer_units_exponent_4': 4, 'log_learning_rate': -2.5786200681730898, 'log_learning_rate_D': -2.812623794215777, 'training_batch_size': 7, 'training_p': 2}. Best is trial 36 with value: 0.5074478983879089.
Time for this trial:  15.005754947662354
Memory status after this trial: 
Memory allocated:  87.13037109375
Memory cached:  104.0
--------------------  Trial  62   --------------------
Start timing: 
Parameters: 
{'W_layers': 6, 'W_layer_units_exponent_0': 9, 'W_layer_units_exponent_1': 5, 'W_layer_units_exponent_2': 7, 'W_layer_units_exponent_3': 10, 'W_layer_units_exponent_4': 6, 'W_layer_units_exponent_5': 8, 'D_layers': 5, 'D_layer_units_exponent_0': 10, 'D_layer_units_exponent_1': 9, 'D_layer_units_exponent_2': 10, 'D_layer_units_exponent_3': 6, 'D_layer_units_exponent_4': 4, 'log_learning_rate': -3.0460542621110966, 'log_learning_rate_D': -2.8543128556771755, 'training_batch_size': 7, 'training_p': 2}
	 epoch  0 training error:  tensor(0.9977, device='cuda:0', grad_fn=<DivBackward0>)
Memory status after this epoch: 
Memory allocated:  46.54345703125
Memory cached:  84.0
	 epoch  10 training error:  tensor(0.7417, device='cuda:0', grad_fn=<DivBackward0>)
Memory status after this epoch: 
Memory allocated:  46.54345703125
Memory cached:  84.0
	 epoch  20 training error:  tensor(0.7186, device='cuda:0', grad_fn=<DivBackward0>)
Memory status after this epoch: 
Memory allocated:  46.54345703125
Memory cached:  84.0
	 epoch  30 training error:  tensor(0.6867, device='cuda:0', grad_fn=<DivBackward0>)
Memory status after this epoch: 
Memory allocated:  46.54345703125
Memory cached:  84.0
	 epoch  40 training error:  tensor(0.5890, device='cuda:0', grad_fn=<DivBackward0>)
Memory status after this epoch: 
Memory allocated:  46.54345703125
Memory cached:  84.0
	 epoch  50 training error:  tensor(0.5753, device='cuda:0', grad_fn=<DivBackward0>)
Memory status after this epoch: 
Memory allocated:  46.54345703125
Memory cached:  84.0
	 epoch  60 training error:  tensor(0.5743, device='cuda:0', grad_fn=<DivBackward0>)
Memory status after this epoch: 
Memory allocated:  46.54345703125
Memory cached:  84.0
	 epoch  70 training error:  tensor(0.5684, device='cuda:0', grad_fn=<DivBackward0>)
Memory status after this epoch: 
Memory allocated:  46.54345703125
Memory cached:  84.0
	 epoch  80 training error:  tensor(0.5687, device='cuda:0', grad_fn=<DivBackward0>)
Memory status after this epoch: 
Memory allocated:  46.54345703125
Memory cached:  84.0
	 epoch  90 training error:  tensor(0.5684, device='cuda:0', grad_fn=<DivBackward0>)
Memory status after this epoch: 
Memory allocated:  46.54345703125
Memory cached:  84.0
[I 2023-12-05 02:23:37,687] Trial 62 finished with value: 0.5102531313896179 and parameters: {'W_layers': 6, 'W_layer_units_exponent_0': 9, 'W_layer_units_exponent_1': 5, 'W_layer_units_exponent_2': 7, 'W_layer_units_exponent_3': 10, 'W_layer_units_exponent_4': 6, 'W_layer_units_exponent_5': 8, 'D_layers': 5, 'D_layer_units_exponent_0': 10, 'D_layer_units_exponent_1': 9, 'D_layer_units_exponent_2': 10, 'D_layer_units_exponent_3': 6, 'D_layer_units_exponent_4': 4, 'log_learning_rate': -3.0460542621110966, 'log_learning_rate_D': -2.8543128556771755, 'training_batch_size': 7, 'training_p': 2}. Best is trial 36 with value: 0.5074478983879089.
Time for this trial:  15.049285888671875
Memory status after this trial: 
Memory allocated:  87.13037109375
Memory cached:  104.0
--------------------  Trial  63   --------------------
Start timing: 
Parameters: 
{'W_layers': 7, 'W_layer_units_exponent_0': 9, 'W_layer_units_exponent_1': 5, 'W_layer_units_exponent_2': 7, 'W_layer_units_exponent_3': 10, 'W_layer_units_exponent_4': 6, 'W_layer_units_exponent_5': 7, 'W_layer_units_exponent_6': 5, 'D_layers': 6, 'D_layer_units_exponent_0': 10, 'D_layer_units_exponent_1': 10, 'D_layer_units_exponent_2': 10, 'D_layer_units_exponent_3': 7, 'D_layer_units_exponent_4': 4, 'D_layer_units_exponent_5': 5, 'log_learning_rate': -2.7051450762426352, 'log_learning_rate_D': -3.0935765349748605, 'training_batch_size': 7, 'training_p': 2}
	 epoch  0 training error:  tensor(1.0051, device='cuda:0', grad_fn=<DivBackward0>)
Memory status after this epoch: 
Memory allocated:  50.7373046875
Memory cached:  84.0
	 epoch  10 training error:  tensor(0.7511, device='cuda:0', grad_fn=<DivBackward0>)
Memory status after this epoch: 
Memory allocated:  50.7373046875
Memory cached:  84.0
	 epoch  20 training error:  tensor(0.7239, device='cuda:0', grad_fn=<DivBackward0>)
Memory status after this epoch: 
Memory allocated:  50.7373046875
Memory cached:  84.0
	 epoch  30 training error:  tensor(0.5819, device='cuda:0', grad_fn=<DivBackward0>)
Memory status after this epoch: 
Memory allocated:  50.7373046875
Memory cached:  84.0
	 epoch  40 training error:  tensor(0.6172, device='cuda:0', grad_fn=<DivBackward0>)
Memory status after this epoch: 
Memory allocated:  50.7373046875
Memory cached:  84.0
	 epoch  50 training error:  tensor(0.5792, device='cuda:0', grad_fn=<DivBackward0>)
Memory status after this epoch: 
Memory allocated:  50.7373046875
Memory cached:  84.0
	 epoch  60 training error:  tensor(0.5688, device='cuda:0', grad_fn=<DivBackward0>)
Memory status after this epoch: 
Memory allocated:  50.7373046875
Memory cached:  84.0
	 epoch  70 training error:  tensor(0.5691, device='cuda:0', grad_fn=<DivBackward0>)
Memory status after this epoch: 
Memory allocated:  50.7373046875
Memory cached:  84.0
	 epoch  80 training error:  tensor(0.5687, device='cuda:0', grad_fn=<DivBackward0>)
Memory status after this epoch: 
Memory allocated:  50.7373046875
Memory cached:  84.0
	 epoch  90 training error:  tensor(0.5683, device='cuda:0', grad_fn=<DivBackward0>)
Memory status after this epoch: 
Memory allocated:  50.7373046875
Memory cached:  84.0
[I 2023-12-05 02:23:52,936] Trial 63 finished with value: 0.5105605721473694 and parameters: {'W_layers': 7, 'W_layer_units_exponent_0': 9, 'W_layer_units_exponent_1': 5, 'W_layer_units_exponent_2': 7, 'W_layer_units_exponent_3': 10, 'W_layer_units_exponent_4': 6, 'W_layer_units_exponent_5': 7, 'W_layer_units_exponent_6': 5, 'D_layers': 6, 'D_layer_units_exponent_0': 10, 'D_layer_units_exponent_1': 10, 'D_layer_units_exponent_2': 10, 'D_layer_units_exponent_3': 7, 'D_layer_units_exponent_4': 4, 'D_layer_units_exponent_5': 5, 'log_learning_rate': -2.7051450762426352, 'log_learning_rate_D': -3.0935765349748605, 'training_batch_size': 7, 'training_p': 2}. Best is trial 36 with value: 0.5074478983879089.
Time for this trial:  15.050612211227417
Memory status after this trial: 
Memory allocated:  84.38525390625
Memory cached:  124.0
--------------------  Trial  64   --------------------
Start timing: 
Parameters: 
{'W_layers': 6, 'W_layer_units_exponent_0': 8, 'W_layer_units_exponent_1': 6, 'W_layer_units_exponent_2': 8, 'W_layer_units_exponent_3': 9, 'W_layer_units_exponent_4': 5, 'W_layer_units_exponent_5': 8, 'D_layers': 5, 'D_layer_units_exponent_0': 10, 'D_layer_units_exponent_1': 9, 'D_layer_units_exponent_2': 9, 'D_layer_units_exponent_3': 7, 'D_layer_units_exponent_4': 9, 'log_learning_rate': -3.3613817952699585, 'log_learning_rate_D': -1.3309873911655894, 'training_batch_size': 8, 'training_p': 2}
	 epoch  0 training error:  tensor(1.0619, device='cuda:0', grad_fn=<DivBackward0>)
Memory status after this epoch: 
Memory allocated:  45.083984375
Memory cached:  84.0
	 epoch  10 training error:  tensor(0.7444, device='cuda:0', grad_fn=<DivBackward0>)
Memory status after this epoch: 
Memory allocated:  45.083984375
Memory cached:  84.0
	 epoch  20 training error:  tensor(0.7277, device='cuda:0', grad_fn=<DivBackward0>)
Memory status after this epoch: 
Memory allocated:  45.083984375
Memory cached:  84.0
	 epoch  30 training error:  tensor(0.7244, device='cuda:0', grad_fn=<DivBackward0>)
Memory status after this epoch: 
Memory allocated:  45.083984375
Memory cached:  84.0
	 epoch  40 training error:  tensor(0.7186, device='cuda:0', grad_fn=<DivBackward0>)
Memory status after this epoch: 
Memory allocated:  45.083984375
Memory cached:  84.0
	 epoch  50 training error:  tensor(0.7076, device='cuda:0', grad_fn=<DivBackward0>)
Memory status after this epoch: 
Memory allocated:  45.083984375
Memory cached:  84.0
	 epoch  60 training error:  tensor(0.6786, device='cuda:0', grad_fn=<DivBackward0>)
Memory status after this epoch: 
Memory allocated:  45.083984375
Memory cached:  84.0
	 epoch  70 training error:  tensor(0.5946, device='cuda:0', grad_fn=<DivBackward0>)
Memory status after this epoch: 
Memory allocated:  45.083984375
Memory cached:  84.0
	 epoch  80 training error:  tensor(0.5889, device='cuda:0', grad_fn=<DivBackward0>)
Memory status after this epoch: 
Memory allocated:  45.083984375
Memory cached:  84.0
	 epoch  90 training error:  tensor(0.5689, device='cuda:0', grad_fn=<DivBackward0>)
Memory status after this epoch: 
Memory allocated:  45.083984375
Memory cached:  84.0
[I 2023-12-05 02:24:07,712] Trial 64 finished with value: 0.5164069533348083 and parameters: {'W_layers': 6, 'W_layer_units_exponent_0': 8, 'W_layer_units_exponent_1': 6, 'W_layer_units_exponent_2': 8, 'W_layer_units_exponent_3': 9, 'W_layer_units_exponent_4': 5, 'W_layer_units_exponent_5': 8, 'D_layers': 5, 'D_layer_units_exponent_0': 10, 'D_layer_units_exponent_1': 9, 'D_layer_units_exponent_2': 9, 'D_layer_units_exponent_3': 7, 'D_layer_units_exponent_4': 9, 'log_learning_rate': -3.3613817952699585, 'log_learning_rate_D': -1.3309873911655894, 'training_batch_size': 8, 'training_p': 2}. Best is trial 36 with value: 0.5074478983879089.
Time for this trial:  14.602637767791748
Memory status after this trial: 
Memory allocated:  72.17626953125
Memory cached:  104.0
--------------------  Trial  65   --------------------
Start timing: 
Parameters: 
{'W_layers': 6, 'W_layer_units_exponent_0': 9, 'W_layer_units_exponent_1': 8, 'W_layer_units_exponent_2': 6, 'W_layer_units_exponent_3': 10, 'W_layer_units_exponent_4': 7, 'W_layer_units_exponent_5': 9, 'D_layers': 4, 'D_layer_units_exponent_0': 9, 'D_layer_units_exponent_1': 8, 'D_layer_units_exponent_2': 10, 'D_layer_units_exponent_3': 6, 'log_learning_rate': -3.5968738411721857, 'log_learning_rate_D': -1.8170132759444024, 'training_batch_size': 6, 'training_p': 2}
	 epoch  0 training error:  tensor(0.9681, device='cuda:0', grad_fn=<DivBackward0>)
Memory status after this epoch: 
Memory allocated:  46.705078125
Memory cached:  84.0
	 epoch  10 training error:  tensor(0.7375, device='cuda:0', grad_fn=<DivBackward0>)
Memory status after this epoch: 
Memory allocated:  46.705078125
Memory cached:  84.0
	 epoch  20 training error:  tensor(0.7236, device='cuda:0', grad_fn=<DivBackward0>)
Memory status after this epoch: 
Memory allocated:  46.705078125
Memory cached:  84.0
	 epoch  30 training error:  tensor(0.7044, device='cuda:0', grad_fn=<DivBackward0>)
Memory status after this epoch: 
Memory allocated:  46.705078125
Memory cached:  84.0
	 epoch  40 training error:  tensor(0.6163, device='cuda:0', grad_fn=<DivBackward0>)
Memory status after this epoch: 
Memory allocated:  46.705078125
Memory cached:  84.0
	 epoch  50 training error:  tensor(0.5806, device='cuda:0', grad_fn=<DivBackward0>)
Memory status after this epoch: 
Memory allocated:  46.705078125
Memory cached:  84.0
	 epoch  60 training error:  tensor(0.5701, device='cuda:0', grad_fn=<DivBackward0>)
Memory status after this epoch: 
Memory allocated:  46.705078125
Memory cached:  84.0
	 epoch  70 training error:  tensor(0.5710, device='cuda:0', grad_fn=<DivBackward0>)
Memory status after this epoch: 
Memory allocated:  46.705078125
Memory cached:  84.0
	 epoch  80 training error:  tensor(0.5688, device='cuda:0', grad_fn=<DivBackward0>)
Memory status after this epoch: 
Memory allocated:  46.705078125
Memory cached:  84.0
	 epoch  90 training error:  tensor(0.5689, device='cuda:0', grad_fn=<DivBackward0>)
Memory status after this epoch: 
Memory allocated:  46.705078125
Memory cached:  84.0
[I 2023-12-05 02:24:24,532] Trial 65 finished with value: 0.5154817700386047 and parameters: {'W_layers': 6, 'W_layer_units_exponent_0': 9, 'W_layer_units_exponent_1': 8, 'W_layer_units_exponent_2': 6, 'W_layer_units_exponent_3': 10, 'W_layer_units_exponent_4': 7, 'W_layer_units_exponent_5': 9, 'D_layers': 4, 'D_layer_units_exponent_0': 9, 'D_layer_units_exponent_1': 8, 'D_layer_units_exponent_2': 10, 'D_layer_units_exponent_3': 6, 'log_learning_rate': -3.5968738411721857, 'log_learning_rate_D': -1.8170132759444024, 'training_batch_size': 6, 'training_p': 2}. Best is trial 36 with value: 0.5074478983879089.
Time for this trial:  16.621240615844727
Memory status after this trial: 
Memory allocated:  99.98095703125
Memory cached:  124.0
--------------------  Trial  66   --------------------
Start timing: 
Parameters: 
{'W_layers': 5, 'W_layer_units_exponent_0': 8, 'W_layer_units_exponent_1': 5, 'W_layer_units_exponent_2': 8, 'W_layer_units_exponent_3': 9, 'W_layer_units_exponent_4': 5, 'D_layers': 3, 'D_layer_units_exponent_0': 10, 'D_layer_units_exponent_1': 10, 'D_layer_units_exponent_2': 9, 'log_learning_rate': -2.9500747531199822, 'log_learning_rate_D': -1.4451590811580912, 'training_batch_size': 9, 'training_p': 2}
	 epoch  0 training error:  tensor(0.9967, device='cuda:0', grad_fn=<DivBackward0>)
Memory status after this epoch: 
Memory allocated:  47.20263671875
Memory cached:  84.0
	 epoch  10 training error:  tensor(0.7599, device='cuda:0', grad_fn=<DivBackward0>)
Memory status after this epoch: 
Memory allocated:  47.20263671875
Memory cached:  84.0
	 epoch  20 training error:  tensor(0.7282, device='cuda:0', grad_fn=<DivBackward0>)
Memory status after this epoch: 
Memory allocated:  47.20263671875
Memory cached:  84.0
	 epoch  30 training error:  tensor(0.7315, device='cuda:0', grad_fn=<DivBackward0>)
Memory status after this epoch: 
Memory allocated:  47.20263671875
Memory cached:  84.0
	 epoch  40 training error:  tensor(0.7217, device='cuda:0', grad_fn=<DivBackward0>)
Memory status after this epoch: 
Memory allocated:  47.20263671875
Memory cached:  84.0
	 epoch  50 training error:  tensor(0.7060, device='cuda:0', grad_fn=<DivBackward0>)
Memory status after this epoch: 
Memory allocated:  47.20263671875
Memory cached:  84.0
	 epoch  60 training error:  tensor(0.6581, device='cuda:0', grad_fn=<DivBackward0>)
Memory status after this epoch: 
Memory allocated:  47.20263671875
Memory cached:  84.0
	 epoch  70 training error:  tensor(0.5953, device='cuda:0', grad_fn=<DivBackward0>)
Memory status after this epoch: 
Memory allocated:  47.20263671875
Memory cached:  84.0
	 epoch  80 training error:  tensor(0.5746, device='cuda:0', grad_fn=<DivBackward0>)
Memory status after this epoch: 
Memory allocated:  47.20263671875
Memory cached:  84.0
	 epoch  90 training error:  tensor(0.5717, device='cuda:0', grad_fn=<DivBackward0>)
Memory status after this epoch: 
Memory allocated:  47.20263671875
Memory cached:  84.0
