[I 2023-12-05 01:34:06,929] Trial 48 finished with value: 0.14220158755779266 and parameters: {'W_layers': 3, 'W_layer_units_exponent_0': 10, 'W_layer_units_exponent_1': 4, 'W_layer_units_exponent_2': 4, 'D_layers': 2, 'D_layer_units_exponent_0': 10, 'D_layer_units_exponent_1': 6, 'log_learning_rate': -2.720968866338411, 'log_learning_rate_D': -3.626849777464974, 'training_batch_size': 9, 'training_p': 4}. Best is trial 33 with value: 0.05789090320467949.
Time for this trial:  35.97539305686951
Memory status after this trial: 
Memory allocated:  108.1474609375
Memory cached:  112.0
--------------------  Trial  49   --------------------
Start timing: 
Parameters: 
{'W_layers': 2, 'W_layer_units_exponent_0': 9, 'W_layer_units_exponent_1': 9, 'D_layers': 3, 'D_layer_units_exponent_0': 10, 'D_layer_units_exponent_1': 5, 'D_layer_units_exponent_2': 7, 'log_learning_rate': -2.830902737112173, 'log_learning_rate_D': -2.860721178617709, 'training_batch_size': 12, 'training_p': 4}
	 epoch  0 training error:  tensor(0.9707, device='cuda:0', grad_fn=<DivBackward0>)
Memory status after this epoch: 
Memory allocated:  63.07177734375
Memory cached:  88.0
	 epoch  10 training error:  tensor(0.8067, device='cuda:0', grad_fn=<DivBackward0>)
Memory status after this epoch: 
Memory allocated:  63.07177734375
Memory cached:  90.0
	 epoch  20 training error:  tensor(0.6455, device='cuda:0', grad_fn=<DivBackward0>)
Memory status after this epoch: 
Memory allocated:  63.07177734375
Memory cached:  90.0
	 epoch  30 training error:  tensor(0.5795, device='cuda:0', grad_fn=<DivBackward0>)
Memory status after this epoch: 
Memory allocated:  63.07177734375
Memory cached:  90.0
	 epoch  40 training error:  tensor(0.5538, device='cuda:0', grad_fn=<DivBackward0>)
Memory status after this epoch: 
Memory allocated:  63.07177734375
Memory cached:  90.0
	 epoch  50 training error:  tensor(0.5431, device='cuda:0', grad_fn=<DivBackward0>)
Memory status after this epoch: 
Memory allocated:  63.07177734375
Memory cached:  90.0
	 epoch  60 training error:  tensor(0.5287, device='cuda:0', grad_fn=<DivBackward0>)
Memory status after this epoch: 
Memory allocated:  63.07177734375
Memory cached:  90.0
	 epoch  70 training error:  tensor(0.5107, device='cuda:0', grad_fn=<DivBackward0>)
Memory status after this epoch: 
Memory allocated:  63.07177734375
Memory cached:  90.0
	 epoch  80 training error:  tensor(0.4799, device='cuda:0', grad_fn=<DivBackward0>)
Memory status after this epoch: 
Memory allocated:  63.07177734375
Memory cached:  90.0
	 epoch  90 training error:  tensor(0.4181, device='cuda:0', grad_fn=<DivBackward0>)
Memory status after this epoch: 
Memory allocated:  63.07177734375
Memory cached:  90.0
[I 2023-12-05 01:34:42,555] Trial 49 finished with value: 0.477517694234848 and parameters: {'W_layers': 2, 'W_layer_units_exponent_0': 9, 'W_layer_units_exponent_1': 9, 'D_layers': 3, 'D_layer_units_exponent_0': 10, 'D_layer_units_exponent_1': 5, 'D_layer_units_exponent_2': 7, 'log_learning_rate': -2.830902737112173, 'log_learning_rate_D': -2.860721178617709, 'training_batch_size': 12, 'training_p': 4}. Best is trial 33 with value: 0.05789090320467949.
Time for this trial:  35.46414065361023
Memory status after this trial: 
Memory allocated:  111.08837890625
Memory cached:  114.0
--------------------  Trial  50   --------------------
Start timing: 
Parameters: 
{'W_layers': 3, 'W_layer_units_exponent_0': 10, 'W_layer_units_exponent_1': 7, 'W_layer_units_exponent_2': 4, 'D_layers': 2, 'D_layer_units_exponent_0': 9, 'D_layer_units_exponent_1': 7, 'log_learning_rate': -2.5921243405135472, 'log_learning_rate_D': -3.3421818720451912, 'training_batch_size': 10, 'training_p': 5}
	 epoch  0 training error:  tensor(1.0429, device='cuda:0', grad_fn=<DivBackward0>)
Memory status after this epoch: 
Memory allocated:  61.52880859375
Memory cached:  88.0
	 epoch  10 training error:  tensor(0.8188, device='cuda:0', grad_fn=<DivBackward0>)
Memory status after this epoch: 
Memory allocated:  61.52880859375
Memory cached:  88.0
	 epoch  20 training error:  tensor(0.7212, device='cuda:0', grad_fn=<DivBackward0>)
Memory status after this epoch: 
Memory allocated:  61.52880859375
Memory cached:  88.0
	 epoch  30 training error:  tensor(0.5155, device='cuda:0', grad_fn=<DivBackward0>)
Memory status after this epoch: 
Memory allocated:  61.52880859375
Memory cached:  88.0
	 epoch  40 training error:  tensor(0.3114, device='cuda:0', grad_fn=<DivBackward0>)
Memory status after this epoch: 
Memory allocated:  61.52880859375
Memory cached:  88.0
	 epoch  50 training error:  tensor(0.1962, device='cuda:0', grad_fn=<DivBackward0>)
Memory status after this epoch: 
Memory allocated:  61.52880859375
Memory cached:  88.0
	 epoch  60 training error:  tensor(0.3323, device='cuda:0', grad_fn=<DivBackward0>)
Memory status after this epoch: 
Memory allocated:  61.52880859375
Memory cached:  88.0
	 epoch  70 training error:  tensor(0.2227, device='cuda:0', grad_fn=<DivBackward0>)
Memory status after this epoch: 
Memory allocated:  61.52880859375
Memory cached:  88.0
	 epoch  80 training error:  tensor(0.1700, device='cuda:0', grad_fn=<DivBackward0>)
Memory status after this epoch: 
Memory allocated:  61.52880859375
Memory cached:  88.0
	 epoch  90 training error:  tensor(0.1107, device='cuda:0', grad_fn=<DivBackward0>)
Memory status after this epoch: 
Memory allocated:  61.52880859375
Memory cached:  88.0
[I 2023-12-05 01:35:18,348] Trial 50 finished with value: 0.18811912834644318 and parameters: {'W_layers': 3, 'W_layer_units_exponent_0': 10, 'W_layer_units_exponent_1': 7, 'W_layer_units_exponent_2': 4, 'D_layers': 2, 'D_layer_units_exponent_0': 9, 'D_layer_units_exponent_1': 7, 'log_learning_rate': -2.5921243405135472, 'log_learning_rate_D': -3.3421818720451912, 'training_batch_size': 10, 'training_p': 5}. Best is trial 33 with value: 0.05789090320467949.
Time for this trial:  35.64660048484802
Memory status after this trial: 
Memory allocated:  101.359375
Memory cached:  104.0
--------------------  Trial  51   --------------------
Start timing: 
Parameters: 
{'W_layers': 2, 'W_layer_units_exponent_0': 10, 'W_layer_units_exponent_1': 5, 'D_layers': 3, 'D_layer_units_exponent_0': 10, 'D_layer_units_exponent_1': 8, 'D_layer_units_exponent_2': 8, 'log_learning_rate': -2.2991031018000414, 'log_learning_rate_D': -3.6491732854246193, 'training_batch_size': 10, 'training_p': 7}
	 epoch  0 training error:  tensor(0.9930, device='cuda:0', grad_fn=<DivBackward0>)
Memory status after this epoch: 
Memory allocated:  64.03466796875
Memory cached:  90.0
	 epoch  10 training error:  tensor(0.8985, device='cuda:0', grad_fn=<DivBackward0>)
Memory status after this epoch: 
Memory allocated:  64.03466796875
Memory cached:  92.0
	 epoch  20 training error:  tensor(0.7104, device='cuda:0', grad_fn=<DivBackward0>)
Memory status after this epoch: 
Memory allocated:  64.03466796875
Memory cached:  92.0
	 epoch  30 training error:  tensor(0.6034, device='cuda:0', grad_fn=<DivBackward0>)
Memory status after this epoch: 
Memory allocated:  64.03466796875
Memory cached:  92.0
	 epoch  40 training error:  tensor(0.5417, device='cuda:0', grad_fn=<DivBackward0>)
Memory status after this epoch: 
Memory allocated:  64.03466796875
Memory cached:  92.0
	 epoch  50 training error:  tensor(0.4922, device='cuda:0', grad_fn=<DivBackward0>)
Memory status after this epoch: 
Memory allocated:  64.03466796875
Memory cached:  92.0
	 epoch  60 training error:  tensor(0.4684, device='cuda:0', grad_fn=<DivBackward0>)
Memory status after this epoch: 
Memory allocated:  64.03466796875
Memory cached:  92.0
	 epoch  70 training error:  tensor(0.3206, device='cuda:0', grad_fn=<DivBackward0>)
Memory status after this epoch: 
Memory allocated:  64.03466796875
Memory cached:  92.0
	 epoch  80 training error:  tensor(0.3957, device='cuda:0', grad_fn=<DivBackward0>)
Memory status after this epoch: 
Memory allocated:  64.03466796875
Memory cached:  92.0
	 epoch  90 training error:  tensor(0.1836, device='cuda:0', grad_fn=<DivBackward0>)
Memory status after this epoch: 
Memory allocated:  64.03466796875
Memory cached:  92.0
[I 2023-12-05 01:35:55,248] Trial 51 finished with value: 0.1215536966919899 and parameters: {'W_layers': 2, 'W_layer_units_exponent_0': 10, 'W_layer_units_exponent_1': 5, 'D_layers': 3, 'D_layer_units_exponent_0': 10, 'D_layer_units_exponent_1': 8, 'D_layer_units_exponent_2': 8, 'log_learning_rate': -2.2991031018000414, 'log_learning_rate_D': -3.6491732854246193, 'training_batch_size': 10, 'training_p': 7}. Best is trial 33 with value: 0.05789090320467949.
Time for this trial:  36.74317717552185
Memory status after this trial: 
Memory allocated:  120.2783203125
Memory cached:  124.0
--------------------  Trial  52   --------------------
Start timing: 
Parameters: 
{'W_layers': 2, 'W_layer_units_exponent_0': 10, 'W_layer_units_exponent_1': 5, 'D_layers': 3, 'D_layer_units_exponent_0': 10, 'D_layer_units_exponent_1': 8, 'D_layer_units_exponent_2': 9, 'log_learning_rate': -2.305310406060243, 'log_learning_rate_D': -3.520405939204035, 'training_batch_size': 10, 'training_p': 7}
	 epoch  0 training error:  tensor(1.1265, device='cuda:0', grad_fn=<DivBackward0>)
Memory status after this epoch: 
Memory allocated:  65.04248046875
Memory cached:  90.0
	 epoch  10 training error:  tensor(0.9780, device='cuda:0', grad_fn=<DivBackward0>)
Memory status after this epoch: 
Memory allocated:  65.04248046875
Memory cached:  92.0
	 epoch  20 training error:  tensor(0.9163, device='cuda:0', grad_fn=<DivBackward0>)
Memory status after this epoch: 
Memory allocated:  65.04248046875
Memory cached:  92.0
	 epoch  30 training error:  tensor(0.6648, device='cuda:0', grad_fn=<DivBackward0>)
Memory status after this epoch: 
Memory allocated:  65.04248046875
Memory cached:  92.0
	 epoch  40 training error:  tensor(0.5086, device='cuda:0', grad_fn=<DivBackward0>)
Memory status after this epoch: 
Memory allocated:  65.04248046875
Memory cached:  92.0
	 epoch  50 training error:  tensor(0.4103, device='cuda:0', grad_fn=<DivBackward0>)
Memory status after this epoch: 
Memory allocated:  65.04248046875
Memory cached:  92.0
	 epoch  60 training error:  tensor(0.3005, device='cuda:0', grad_fn=<DivBackward0>)
Memory status after this epoch: 
Memory allocated:  65.04248046875
Memory cached:  92.0
	 epoch  70 training error:  tensor(0.4382, device='cuda:0', grad_fn=<DivBackward0>)
Memory status after this epoch: 
Memory allocated:  65.04248046875
Memory cached:  92.0
	 epoch  80 training error:  tensor(0.4266, device='cuda:0', grad_fn=<DivBackward0>)
Memory status after this epoch: 
Memory allocated:  65.04248046875
Memory cached:  92.0
	 epoch  90 training error:  tensor(0.2210, device='cuda:0', grad_fn=<DivBackward0>)
Memory status after this epoch: 
Memory allocated:  65.04248046875
Memory cached:  92.0
[I 2023-12-05 01:36:32,742] Trial 52 finished with value: 0.20318594574928284 and parameters: {'W_layers': 2, 'W_layer_units_exponent_0': 10, 'W_layer_units_exponent_1': 5, 'D_layers': 3, 'D_layer_units_exponent_0': 10, 'D_layer_units_exponent_1': 8, 'D_layer_units_exponent_2': 9, 'log_learning_rate': -2.305310406060243, 'log_learning_rate_D': -3.520405939204035, 'training_batch_size': 10, 'training_p': 7}. Best is trial 33 with value: 0.05789090320467949.
Time for this trial:  37.321521520614624
Memory status after this trial: 
Memory allocated:  126.5830078125
Memory cached:  132.0
--------------------  Trial  53   --------------------
Start timing: 
Parameters: 
{'W_layers': 2, 'W_layer_units_exponent_0': 10, 'W_layer_units_exponent_1': 5, 'D_layers': 3, 'D_layer_units_exponent_0': 9, 'D_layer_units_exponent_1': 8, 'D_layer_units_exponent_2': 8, 'log_learning_rate': -2.0838821320266816, 'log_learning_rate_D': -4.04134641623302, 'training_batch_size': 11, 'training_p': 7}
	 epoch  0 training error:  tensor(1.0317, device='cuda:0', grad_fn=<DivBackward0>)
Memory status after this epoch: 
Memory allocated:  62.00341796875
Memory cached:  88.0
	 epoch  10 training error:  tensor(0.9289, device='cuda:0', grad_fn=<DivBackward0>)
Memory status after this epoch: 
Memory allocated:  62.00341796875
Memory cached:  90.0
	 epoch  20 training error:  tensor(0.8612, device='cuda:0', grad_fn=<DivBackward0>)
Memory status after this epoch: 
Memory allocated:  62.00341796875
Memory cached:  90.0
	 epoch  30 training error:  tensor(0.7691, device='cuda:0', grad_fn=<DivBackward0>)
Memory status after this epoch: 
Memory allocated:  62.00341796875
Memory cached:  90.0
	 epoch  40 training error:  tensor(0.6802, device='cuda:0', grad_fn=<DivBackward0>)
Memory status after this epoch: 
Memory allocated:  62.00341796875
Memory cached:  90.0
	 epoch  50 training error:  tensor(0.6384, device='cuda:0', grad_fn=<DivBackward0>)
Memory status after this epoch: 
Memory allocated:  62.00341796875
Memory cached:  90.0
	 epoch  60 training error:  tensor(0.6038, device='cuda:0', grad_fn=<DivBackward0>)
Memory status after this epoch: 
Memory allocated:  62.00341796875
Memory cached:  90.0
	 epoch  70 training error:  tensor(0.5714, device='cuda:0', grad_fn=<DivBackward0>)
Memory status after this epoch: 
Memory allocated:  62.00341796875
Memory cached:  90.0
	 epoch  80 training error:  tensor(0.5461, device='cuda:0', grad_fn=<DivBackward0>)
Memory status after this epoch: 
Memory allocated:  62.00341796875
Memory cached:  90.0
	 epoch  90 training error:  tensor(0.5263, device='cuda:0', grad_fn=<DivBackward0>)
Memory status after this epoch: 
Memory allocated:  62.00341796875
Memory cached:  90.0
[I 2023-12-05 01:37:09,270] Trial 53 finished with value: 0.5373627543449402 and parameters: {'W_layers': 2, 'W_layer_units_exponent_0': 10, 'W_layer_units_exponent_1': 5, 'D_layers': 3, 'D_layer_units_exponent_0': 9, 'D_layer_units_exponent_1': 8, 'D_layer_units_exponent_2': 8, 'log_learning_rate': -2.0838821320266816, 'log_learning_rate_D': -4.04134641623302, 'training_batch_size': 11, 'training_p': 7}. Best is trial 33 with value: 0.05789090320467949.
Time for this trial:  36.3423125743866
Memory status after this trial: 
Memory allocated:  107.6611328125
Memory cached:  110.0
--------------------  Trial  54   --------------------
Start timing: 
Parameters: 
{'W_layers': 3, 'W_layer_units_exponent_0': 10, 'W_layer_units_exponent_1': 4, 'W_layer_units_exponent_2': 4, 'D_layers': 2, 'D_layer_units_exponent_0': 10, 'D_layer_units_exponent_1': 8, 'log_learning_rate': -2.9082999832996967, 'log_learning_rate_D': -3.3455736709091157, 'training_batch_size': 9, 'training_p': 8}
	 epoch  0 training error:  tensor(1.0254, device='cuda:0', grad_fn=<DivBackward0>)
Memory status after this epoch: 
Memory allocated:  62.78662109375
Memory cached:  92.0
	 epoch  10 training error:  tensor(0.8089, device='cuda:0', grad_fn=<DivBackward0>)
Memory status after this epoch: 
Memory allocated:  62.78662109375
Memory cached:  92.0
	 epoch  20 training error:  tensor(0.5398, device='cuda:0', grad_fn=<DivBackward0>)
Memory status after this epoch: 
Memory allocated:  62.78662109375
Memory cached:  92.0
	 epoch  30 training error:  tensor(0.5122, device='cuda:0', grad_fn=<DivBackward0>)
Memory status after this epoch: 
Memory allocated:  62.78662109375
Memory cached:  92.0
	 epoch  40 training error:  tensor(0.5105, device='cuda:0', grad_fn=<DivBackward0>)
Memory status after this epoch: 
Memory allocated:  62.78662109375
Memory cached:  92.0
	 epoch  50 training error:  tensor(0.3899, device='cuda:0', grad_fn=<DivBackward0>)
Memory status after this epoch: 
Memory allocated:  62.78662109375
Memory cached:  92.0
	 epoch  60 training error:  tensor(0.2906, device='cuda:0', grad_fn=<DivBackward0>)
Memory status after this epoch: 
Memory allocated:  62.78662109375
Memory cached:  92.0
	 epoch  70 training error:  tensor(0.1883, device='cuda:0', grad_fn=<DivBackward0>)
Memory status after this epoch: 
Memory allocated:  62.78662109375
Memory cached:  92.0
	 epoch  80 training error:  tensor(0.1257, device='cuda:0', grad_fn=<DivBackward0>)
Memory status after this epoch: 
Memory allocated:  62.78662109375
Memory cached:  92.0
	 epoch  90 training error:  tensor(0.1222, device='cuda:0', grad_fn=<DivBackward0>)
Memory status after this epoch: 
Memory allocated:  62.78662109375
Memory cached:  92.0
[I 2023-12-05 01:37:45,734] Trial 54 finished with value: 0.0626552402973175 and parameters: {'W_layers': 3, 'W_layer_units_exponent_0': 10, 'W_layer_units_exponent_1': 4, 'W_layer_units_exponent_2': 4, 'D_layers': 2, 'D_layer_units_exponent_0': 10, 'D_layer_units_exponent_1': 8, 'log_learning_rate': -2.9082999832996967, 'log_learning_rate_D': -3.3455736709091157, 'training_batch_size': 9, 'training_p': 8}. Best is trial 33 with value: 0.05789090320467949.
Time for this trial:  36.29188847541809
Memory status after this trial: 
Memory allocated:  114.0
Memory cached:  118.0
--------------------  Trial  55   --------------------
Start timing: 
Parameters: 
{'W_layers': 3, 'W_layer_units_exponent_0': 9, 'W_layer_units_exponent_1': 4, 'W_layer_units_exponent_2': 4, 'D_layers': 2, 'D_layer_units_exponent_0': 10, 'D_layer_units_exponent_1': 9, 'log_learning_rate': -2.967315425014104, 'log_learning_rate_D': -3.3744953883974844, 'training_batch_size': 9, 'training_p': 8}
	 epoch  0 training error:  tensor(1.0105, device='cuda:0', grad_fn=<DivBackward0>)
Memory status after this epoch: 
Memory allocated:  66.63818359375
Memory cached:  106.0
	 epoch  10 training error:  tensor(0.6307, device='cuda:0', grad_fn=<DivBackward0>)
Memory status after this epoch: 
Memory allocated:  66.63818359375
Memory cached:  106.0
	 epoch  20 training error:  tensor(0.5519, device='cuda:0', grad_fn=<DivBackward0>)
Memory status after this epoch: 
Memory allocated:  66.63818359375
Memory cached:  106.0
	 epoch  30 training error:  tensor(0.5267, device='cuda:0', grad_fn=<DivBackward0>)
Memory status after this epoch: 
Memory allocated:  66.63818359375
Memory cached:  106.0
	 epoch  40 training error:  tensor(0.5272, device='cuda:0', grad_fn=<DivBackward0>)
Memory status after this epoch: 
Memory allocated:  66.63818359375
Memory cached:  106.0
	 epoch  50 training error:  tensor(0.5183, device='cuda:0', grad_fn=<DivBackward0>)
Memory status after this epoch: 
Memory allocated:  66.63818359375
Memory cached:  106.0
	 epoch  60 training error:  tensor(0.5055, device='cuda:0', grad_fn=<DivBackward0>)
Memory status after this epoch: 
Memory allocated:  66.63818359375
Memory cached:  106.0
	 epoch  70 training error:  tensor(0.4973, device='cuda:0', grad_fn=<DivBackward0>)
Memory status after this epoch: 
Memory allocated:  66.63818359375
Memory cached:  106.0
	 epoch  80 training error:  tensor(0.4815, device='cuda:0', grad_fn=<DivBackward0>)
Memory status after this epoch: 
Memory allocated:  66.63818359375
Memory cached:  106.0
	 epoch  90 training error:  tensor(0.4579, device='cuda:0', grad_fn=<DivBackward0>)
Memory status after this epoch: 
Memory allocated:  66.63818359375
Memory cached:  106.0
[I 2023-12-05 01:38:22,102] Trial 55 finished with value: 0.5101131796836853 and parameters: {'W_layers': 3, 'W_layer_units_exponent_0': 9, 'W_layer_units_exponent_1': 4, 'W_layer_units_exponent_2': 4, 'D_layers': 2, 'D_layer_units_exponent_0': 10, 'D_layer_units_exponent_1': 9, 'log_learning_rate': -2.967315425014104, 'log_learning_rate_D': -3.3744953883974844, 'training_batch_size': 9, 'training_p': 8}. Best is trial 33 with value: 0.05789090320467949.
Time for this trial:  36.192381858825684
Memory status after this trial: 
Memory allocated:  110.0078125
Memory cached:  128.0
--------------------  Trial  56   --------------------
Start timing: 
Parameters: 
{'W_layers': 3, 'W_layer_units_exponent_0': 10, 'W_layer_units_exponent_1': 4, 'W_layer_units_exponent_2': 4, 'D_layers': 2, 'D_layer_units_exponent_0': 9, 'D_layer_units_exponent_1': 7, 'log_learning_rate': -2.845742060366433, 'log_learning_rate_D': -3.0634827331502827, 'training_batch_size': 9, 'training_p': 6}
	 epoch  0 training error:  tensor(1.0137, device='cuda:0', grad_fn=<DivBackward0>)
Memory status after this epoch: 
Memory allocated:  59.75146484375
Memory cached:  88.0
	 epoch  10 training error:  tensor(0.7775, device='cuda:0', grad_fn=<DivBackward0>)
Memory status after this epoch: 
Memory allocated:  59.75146484375
Memory cached:  88.0
	 epoch  20 training error:  tensor(0.5793, device='cuda:0', grad_fn=<DivBackward0>)
Memory status after this epoch: 
Memory allocated:  59.75146484375
Memory cached:  88.0
	 epoch  30 training error:  tensor(0.5332, device='cuda:0', grad_fn=<DivBackward0>)
Memory status after this epoch: 
Memory allocated:  59.75146484375
Memory cached:  88.0
	 epoch  40 training error:  tensor(0.4699, device='cuda:0', grad_fn=<DivBackward0>)
Memory status after this epoch: 
Memory allocated:  59.75146484375
Memory cached:  88.0
	 epoch  50 training error:  tensor(0.3835, device='cuda:0', grad_fn=<DivBackward0>)
Memory status after this epoch: 
Memory allocated:  59.75146484375
Memory cached:  88.0
	 epoch  60 training error:  tensor(0.2925, device='cuda:0', grad_fn=<DivBackward0>)
Memory status after this epoch: 
Memory allocated:  59.75146484375
Memory cached:  88.0
	 epoch  70 training error:  tensor(0.2318, device='cuda:0', grad_fn=<DivBackward0>)
Memory status after this epoch: 
Memory allocated:  59.75146484375
Memory cached:  88.0
	 epoch  80 training error:  tensor(0.3136, device='cuda:0', grad_fn=<DivBackward0>)
Memory status after this epoch: 
Memory allocated:  59.75146484375
Memory cached:  88.0
	 epoch  90 training error:  tensor(0.1750, device='cuda:0', grad_fn=<DivBackward0>)
Memory status after this epoch: 
Memory allocated:  59.75146484375
Memory cached:  88.0
