[I 2024-03-12 16:59:31,893] Trial 102 finished with value: 0.37992164492607117 and parameters: {'log_learning_rate': -2.029749768996494, 'log_learning_rate_D': -3.4323573324066685, 'log_learning_rate_D_dagger': -1.4974159390871338, 'training_batch_size': 8, 'training_p': 3, 'p_order_W': 5, 'p_order_D': 4, 'p_order_D_dagger': 3}. Best is trial 98 with value: 0.3268338143825531.
Time for this trial:  217.3412048816681
Memory status after this trial: 
Memory allocated:  3.4677734375
Memory cached:  4.0
--------------------  Trial  103   --------------------
Start timing: 
Parameters: 
{'log_learning_rate': -1.8415523124519577, 'log_learning_rate_D': -3.5069667056544453, 'log_learning_rate_D_dagger': -1.3534011124849137, 'training_batch_size': 8, 'training_p': 4, 'p_order_W': 5, 'p_order_D': 4, 'p_order_D_dagger': 3}

	 epoch  0 training error:  tensor(402.9144, grad_fn=<ToCopyBackward0>)
Memory status after this epoch: 
Memory allocated:  1.56884765625
Memory cached:  4.0
	 epoch  10 training error:  tensor(5.0373, grad_fn=<ToCopyBackward0>)
Memory status after this epoch: 
Memory allocated:  1.56884765625
Memory cached:  6.0
	 epoch  20 training error:  tensor(4.3131, grad_fn=<ToCopyBackward0>)
Memory status after this epoch: 
Memory allocated:  1.56884765625
Memory cached:  4.0
	 epoch  30 training error:  tensor(1.3638, grad_fn=<ToCopyBackward0>)
Memory status after this epoch: 
Memory allocated:  1.56884765625
Memory cached:  4.0
	 epoch  40 training error:  tensor(0.9770, grad_fn=<ToCopyBackward0>)
Memory status after this epoch: 
Memory allocated:  1.56884765625
Memory cached:  4.0
	 epoch  50 training error:  tensor(0.7682, grad_fn=<ToCopyBackward0>)
Memory status after this epoch: 
Memory allocated:  1.56884765625
Memory cached:  4.0
	 epoch  60 training error:  tensor(0.6345, grad_fn=<ToCopyBackward0>)
Memory status after this epoch: 
Memory allocated:  1.56884765625
Memory cached:  4.0
	 epoch  70 training error:  tensor(0.5511, grad_fn=<ToCopyBackward0>)
Memory status after this epoch: 
Memory allocated:  1.56884765625
Memory cached:  4.0
	 epoch  80 training error:  tensor(0.5145, grad_fn=<ToCopyBackward0>)
Memory status after this epoch: 
Memory allocated:  1.56884765625
Memory cached:  4.0
	 epoch  90 training error:  tensor(0.5057, grad_fn=<ToCopyBackward0>)
Memory status after this epoch: 
Memory allocated:  1.56884765625
Memory cached:  6.0
[I 2024-03-12 17:03:09,996] Trial 103 finished with value: 0.45954981446266174 and parameters: {'log_learning_rate': -1.8415523124519577, 'log_learning_rate_D': -3.5069667056544453, 'log_learning_rate_D_dagger': -1.3534011124849137, 'training_batch_size': 8, 'training_p': 4, 'p_order_W': 5, 'p_order_D': 4, 'p_order_D_dagger': 3}. Best is trial 98 with value: 0.3268338143825531.
Time for this trial:  217.8440501689911
Memory status after this trial: 
Memory allocated:  3.4677734375
Memory cached:  4.0
--------------------  Trial  104   --------------------
Start timing: 
Parameters: 
{'log_learning_rate': -2.420996532796362, 'log_learning_rate_D': -3.3764886893808024, 'log_learning_rate_D_dagger': -1.503727250359543, 'training_batch_size': 8, 'training_p': 4, 'p_order_W': 5, 'p_order_D': 4, 'p_order_D_dagger': 3}

	 epoch  0 training error:  tensor(333.6473, grad_fn=<ToCopyBackward0>)
Memory status after this epoch: 
Memory allocated:  1.56884765625
Memory cached:  4.0
	 epoch  10 training error:  tensor(18.7870, grad_fn=<ToCopyBackward0>)
Memory status after this epoch: 
Memory allocated:  1.56884765625
Memory cached:  6.0
	 epoch  20 training error:  tensor(5.9352, grad_fn=<ToCopyBackward0>)
Memory status after this epoch: 
Memory allocated:  1.56884765625
Memory cached:  4.0
	 epoch  30 training error:  tensor(0.7927, grad_fn=<ToCopyBackward0>)
Memory status after this epoch: 
Memory allocated:  1.56884765625
Memory cached:  4.0
	 epoch  40 training error:  tensor(0.7151, grad_fn=<ToCopyBackward0>)
Memory status after this epoch: 
Memory allocated:  1.56884765625
Memory cached:  4.0
	 epoch  50 training error:  tensor(0.5615, grad_fn=<ToCopyBackward0>)
Memory status after this epoch: 
Memory allocated:  1.56884765625
Memory cached:  4.0
	 epoch  60 training error:  tensor(0.5251, grad_fn=<ToCopyBackward0>)
Memory status after this epoch: 
Memory allocated:  1.56884765625
Memory cached:  4.0
	 epoch  70 training error:  tensor(0.5130, grad_fn=<ToCopyBackward0>)
Memory status after this epoch: 
Memory allocated:  1.56884765625
Memory cached:  4.0
	 epoch  80 training error:  tensor(0.5048, grad_fn=<ToCopyBackward0>)
Memory status after this epoch: 
Memory allocated:  1.56884765625
Memory cached:  4.0
	 epoch  90 training error:  tensor(0.4988, grad_fn=<ToCopyBackward0>)
Memory status after this epoch: 
Memory allocated:  1.56884765625
Memory cached:  6.0
[I 2024-03-12 17:06:48,208] Trial 104 finished with value: 0.4522092044353485 and parameters: {'log_learning_rate': -2.420996532796362, 'log_learning_rate_D': -3.3764886893808024, 'log_learning_rate_D_dagger': -1.503727250359543, 'training_batch_size': 8, 'training_p': 4, 'p_order_W': 5, 'p_order_D': 4, 'p_order_D_dagger': 3}. Best is trial 98 with value: 0.3268338143825531.
Time for this trial:  217.93915057182312
Memory status after this trial: 
Memory allocated:  3.4677734375
Memory cached:  4.0
--------------------  Trial  105   --------------------
Start timing: 
Parameters: 
{'log_learning_rate': -1.6191079133700692, 'log_learning_rate_D': -3.553409303641471, 'log_learning_rate_D_dagger': -1.2397546780745579, 'training_batch_size': 7, 'training_p': 4, 'p_order_W': 2, 'p_order_D': 4, 'p_order_D_dagger': 3}

	 epoch  0 training error:  tensor(518.9807, grad_fn=<ToCopyBackward0>)
Memory status after this epoch: 
Memory allocated:  1.30029296875
Memory cached:  4.0
	 epoch  10 training error:  tensor(11.8977, grad_fn=<ToCopyBackward0>)
Memory status after this epoch: 
Memory allocated:  1.30029296875
Memory cached:  4.0
	 epoch  20 training error:  tensor(1.2304, grad_fn=<ToCopyBackward0>)
Memory status after this epoch: 
Memory allocated:  1.30029296875
Memory cached:  4.0
	 epoch  30 training error:  tensor(0.5471, grad_fn=<ToCopyBackward0>)
Memory status after this epoch: 
Memory allocated:  1.30029296875
Memory cached:  4.0
	 epoch  40 training error:  tensor(0.5058, grad_fn=<ToCopyBackward0>)
Memory status after this epoch: 
Memory allocated:  1.30029296875
Memory cached:  4.0
	 epoch  50 training error:  tensor(0.4887, grad_fn=<ToCopyBackward0>)
Memory status after this epoch: 
Memory allocated:  1.30029296875
Memory cached:  4.0
	 epoch  60 training error:  tensor(0.4766, grad_fn=<ToCopyBackward0>)
Memory status after this epoch: 
Memory allocated:  1.30029296875
Memory cached:  4.0
	 epoch  70 training error:  tensor(0.4672, grad_fn=<ToCopyBackward0>)
Memory status after this epoch: 
Memory allocated:  1.30029296875
Memory cached:  4.0
	 epoch  80 training error:  tensor(0.4584, grad_fn=<ToCopyBackward0>)
Memory status after this epoch: 
Memory allocated:  1.30029296875
Memory cached:  4.0
	 epoch  90 training error:  tensor(0.4504, grad_fn=<ToCopyBackward0>)
Memory status after this epoch: 
Memory allocated:  1.30029296875
Memory cached:  4.0
[I 2024-03-12 17:10:57,828] Trial 105 finished with value: 0.38375863432884216 and parameters: {'log_learning_rate': -1.6191079133700692, 'log_learning_rate_D': -3.553409303641471, 'log_learning_rate_D_dagger': -1.2397546780745579, 'training_batch_size': 7, 'training_p': 4, 'p_order_W': 2, 'p_order_D': 4, 'p_order_D_dagger': 3}. Best is trial 98 with value: 0.3268338143825531.
Time for this trial:  249.35767936706543
Memory status after this trial: 
Memory allocated:  2.537109375
Memory cached:  4.0
--------------------  Trial  106   --------------------
Start timing: 
Parameters: 
{'log_learning_rate': -2.258762232930978, 'log_learning_rate_D': -3.656407353844863, 'log_learning_rate_D_dagger': -1.0098042003823973, 'training_batch_size': 8, 'training_p': 3, 'p_order_W': 4, 'p_order_D': 4, 'p_order_D_dagger': 3}

[W 2024-03-12 17:11:00,892] Trial 106 failed with parameters: {'log_learning_rate': -2.258762232930978, 'log_learning_rate_D': -3.656407353844863, 'log_learning_rate_D_dagger': -1.0098042003823973, 'training_batch_size': 8, 'training_p': 3, 'p_order_W': 4, 'p_order_D': 4, 'p_order_D_dagger': 3} because of the following error: The value nan is not acceptable.
[W 2024-03-12 17:11:00,893] Trial 106 failed with value tensor(nan, grad_fn=<ToCopyBackward0>).
Time for this trial:  2.830822229385376
Memory status after this trial: 
Memory allocated:  3.2734375
Memory cached:  4.0
--------------------  Trial  107   --------------------
Start timing: 
Parameters: 
{'log_learning_rate': -2.2353730292316314, 'log_learning_rate_D': -3.668745503909372, 'log_learning_rate_D_dagger': -1.0195073617468213, 'training_batch_size': 8, 'training_p': 3, 'p_order_W': 4, 'p_order_D': 4, 'p_order_D_dagger': 3}

[W 2024-03-12 17:11:04,047] Trial 107 failed with parameters: {'log_learning_rate': -2.2353730292316314, 'log_learning_rate_D': -3.668745503909372, 'log_learning_rate_D_dagger': -1.0195073617468213, 'training_batch_size': 8, 'training_p': 3, 'p_order_W': 4, 'p_order_D': 4, 'p_order_D_dagger': 3} because of the following error: The value nan is not acceptable.
[W 2024-03-12 17:11:04,048] Trial 107 failed with value tensor(nan, grad_fn=<ToCopyBackward0>).
Time for this trial:  2.908267021179199
Memory status after this trial: 
Memory allocated:  3.2734375
Memory cached:  4.0
--------------------  Trial  108   --------------------
Start timing: 
Parameters: 
{'log_learning_rate': -2.216241931148286, 'log_learning_rate_D': -3.669361962098125, 'log_learning_rate_D_dagger': -1.0248670401984894, 'training_batch_size': 8, 'training_p': 3, 'p_order_W': 4, 'p_order_D': 4, 'p_order_D_dagger': 3}

[W 2024-03-12 17:11:07,057] Trial 108 failed with parameters: {'log_learning_rate': -2.216241931148286, 'log_learning_rate_D': -3.669361962098125, 'log_learning_rate_D_dagger': -1.0248670401984894, 'training_batch_size': 8, 'training_p': 3, 'p_order_W': 4, 'p_order_D': 4, 'p_order_D_dagger': 3} because of the following error: The value nan is not acceptable.
[W 2024-03-12 17:11:07,058] Trial 108 failed with value tensor(nan, grad_fn=<ToCopyBackward0>).
Time for this trial:  2.778545618057251
Memory status after this trial: 
Memory allocated:  3.2734375
Memory cached:  4.0
--------------------  Trial  109   --------------------
Start timing: 
Parameters: 
{'log_learning_rate': -1.9224182831219174, 'log_learning_rate_D': -3.6534245853486613, 'log_learning_rate_D_dagger': -1.0608193336107536, 'training_batch_size': 8, 'training_p': 3, 'p_order_W': 4, 'p_order_D': 4, 'p_order_D_dagger': 3}

	 epoch  0 training error:  tensor(33.3148, grad_fn=<ToCopyBackward0>)
Memory status after this epoch: 
Memory allocated:  1.56884765625
Memory cached:  4.0
	 epoch  10 training error:  tensor(1.8193, grad_fn=<ToCopyBackward0>)
Memory status after this epoch: 
Memory allocated:  1.56884765625
Memory cached:  4.0
	 epoch  20 training error:  tensor(0.4570, grad_fn=<ToCopyBackward0>)
Memory status after this epoch: 
Memory allocated:  1.56884765625
Memory cached:  4.0
	 epoch  30 training error:  tensor(0.4444, grad_fn=<ToCopyBackward0>)
Memory status after this epoch: 
Memory allocated:  1.56884765625
Memory cached:  4.0
	 epoch  40 training error:  tensor(0.4072, grad_fn=<ToCopyBackward0>)
Memory status after this epoch: 
Memory allocated:  1.56884765625
Memory cached:  4.0
	 epoch  50 training error:  tensor(0.3961, grad_fn=<ToCopyBackward0>)
Memory status after this epoch: 
Memory allocated:  1.56884765625
Memory cached:  4.0
	 epoch  60 training error:  tensor(0.3886, grad_fn=<ToCopyBackward0>)
Memory status after this epoch: 
Memory allocated:  1.56884765625
Memory cached:  4.0
	 epoch  70 training error:  tensor(0.3841, grad_fn=<ToCopyBackward0>)
Memory status after this epoch: 
Memory allocated:  1.56884765625
Memory cached:  4.0
	 epoch  80 training error:  tensor(0.3800, grad_fn=<ToCopyBackward0>)
Memory status after this epoch: 
Memory allocated:  1.56884765625
Memory cached:  4.0
	 epoch  90 training error:  tensor(0.3769, grad_fn=<ToCopyBackward0>)
Memory status after this epoch: 
Memory allocated:  1.56884765625
Memory cached:  4.0
[I 2024-03-12 17:14:30,865] Trial 109 finished with value: 0.3218425512313843 and parameters: {'log_learning_rate': -1.9224182831219174, 'log_learning_rate_D': -3.6534245853486613, 'log_learning_rate_D_dagger': -1.0608193336107536, 'training_batch_size': 8, 'training_p': 3, 'p_order_W': 4, 'p_order_D': 4, 'p_order_D_dagger': 3}. Best is trial 109 with value: 0.3218425512313843.
res:  tensor(0.3218, grad_fn=<ToCopyBackward0>)
self.bestValue:  tensor(0.3268, grad_fn=<ToCopyBackward0>)
Save this model!
Time for this trial:  203.5760519504547
Memory status after this trial: 
Memory allocated:  2.00634765625
Memory cached:  4.0
--------------------  Trial  110   --------------------
Start timing: 
Parameters: 
{'log_learning_rate': -2.23077723794615, 'log_learning_rate_D': -3.6956009214593672, 'log_learning_rate_D_dagger': -1.3105841869150683, 'training_batch_size': 8, 'training_p': 3, 'p_order_W': 4, 'p_order_D': 4, 'p_order_D_dagger': 3}

[W 2024-03-12 17:14:33,963] Trial 110 failed with parameters: {'log_learning_rate': -2.23077723794615, 'log_learning_rate_D': -3.6956009214593672, 'log_learning_rate_D_dagger': -1.3105841869150683, 'training_batch_size': 8, 'training_p': 3, 'p_order_W': 4, 'p_order_D': 4, 'p_order_D_dagger': 3} because of the following error: The value nan is not acceptable.
[W 2024-03-12 17:14:33,963] Trial 110 failed with value tensor(nan, grad_fn=<ToCopyBackward0>).
Time for this trial:  2.8731577396392822
Memory status after this trial: 
Memory allocated:  3.7412109375
Memory cached:  4.0
--------------------  Trial  111   --------------------
Start timing: 
Parameters: 
{'log_learning_rate': -2.175186603318816, 'log_learning_rate_D': -3.7231730588922605, 'log_learning_rate_D_dagger': -1.592412850997118, 'training_batch_size': 8, 'training_p': 3, 'p_order_W': 4, 'p_order_D': 4, 'p_order_D_dagger': 3}

[W 2024-03-12 17:14:37,035] Trial 111 failed with parameters: {'log_learning_rate': -2.175186603318816, 'log_learning_rate_D': -3.7231730588922605, 'log_learning_rate_D_dagger': -1.592412850997118, 'training_batch_size': 8, 'training_p': 3, 'p_order_W': 4, 'p_order_D': 4, 'p_order_D_dagger': 3} because of the following error: The value nan is not acceptable.
[W 2024-03-12 17:14:37,036] Trial 111 failed with value tensor(nan, grad_fn=<ToCopyBackward0>).
Time for this trial:  2.828707218170166
Memory status after this trial: 
Memory allocated:  3.7412109375
Memory cached:  4.0
--------------------  Trial  112   --------------------
Start timing: 
Parameters: 
{'log_learning_rate': -2.2083086627697184, 'log_learning_rate_D': -3.6891457360048934, 'log_learning_rate_D_dagger': -1.7976675861309988, 'training_batch_size': 8, 'training_p': 3, 'p_order_W': 4, 'p_order_D': 4, 'p_order_D_dagger': 3}

	 epoch  0 training error:  tensor(96.6956, grad_fn=<ToCopyBackward0>)
Memory status after this epoch: 
Memory allocated:  2.03662109375
Memory cached:  4.0
	 epoch  10 training error:  tensor(15.2291, grad_fn=<ToCopyBackward0>)
Memory status after this epoch: 
Memory allocated:  2.03662109375
Memory cached:  6.0
	 epoch  20 training error:  tensor(3.2756, grad_fn=<ToCopyBackward0>)
Memory status after this epoch: 
Memory allocated:  2.03662109375
Memory cached:  6.0
	 epoch  30 training error:  tensor(1.6932, grad_fn=<ToCopyBackward0>)
Memory status after this epoch: 
Memory allocated:  2.03662109375
Memory cached:  6.0
	 epoch  40 training error:  tensor(0.9625, grad_fn=<ToCopyBackward0>)
Memory status after this epoch: 
Memory allocated:  2.03662109375
Memory cached:  6.0
	 epoch  50 training error:  tensor(0.6324, grad_fn=<ToCopyBackward0>)
Memory status after this epoch: 
Memory allocated:  2.03662109375
Memory cached:  6.0
	 epoch  60 training error:  tensor(0.5704, grad_fn=<ToCopyBackward0>)
Memory status after this epoch: 
Memory allocated:  2.03662109375
Memory cached:  6.0
	 epoch  70 training error:  tensor(0.5819, grad_fn=<ToCopyBackward0>)
Memory status after this epoch: 
Memory allocated:  2.03662109375
Memory cached:  6.0
	 epoch  80 training error:  tensor(0.5570, grad_fn=<ToCopyBackward0>)
Memory status after this epoch: 
Memory allocated:  2.03662109375
Memory cached:  6.0
	 epoch  90 training error:  tensor(0.6610, grad_fn=<ToCopyBackward0>)
Memory status after this epoch: 
Memory allocated:  2.03662109375
Memory cached:  6.0
[I 2024-03-12 17:18:02,082] Trial 112 finished with value: 0.4793102443218231 and parameters: {'log_learning_rate': -2.2083086627697184, 'log_learning_rate_D': -3.6891457360048934, 'log_learning_rate_D_dagger': -1.7976675861309988, 'training_batch_size': 8, 'training_p': 3, 'p_order_W': 4, 'p_order_D': 4, 'p_order_D_dagger': 3}. Best is trial 109 with value: 0.3218425512313843.
Time for this trial:  204.79595112800598
Memory status after this trial: 
Memory allocated:  3.7412109375
Memory cached:  6.0
--------------------  Trial  113   --------------------
Start timing: 
Parameters: 
{'log_learning_rate': -2.0446783639240502, 'log_learning_rate_D': -3.7748408428090765, 'log_learning_rate_D_dagger': -1.5777578674849315, 'training_batch_size': 9, 'training_p': 3, 'p_order_W': 4, 'p_order_D': 4, 'p_order_D_dagger': 3}

	 epoch  0 training error:  tensor(73.0934, grad_fn=<ToCopyBackward0>)
Memory status after this epoch: 
Memory allocated:  2.13427734375
Memory cached:  8.0
[W 2024-03-12 17:18:05,320] Trial 113 failed with parameters: {'log_learning_rate': -2.0446783639240502, 'log_learning_rate_D': -3.7748408428090765, 'log_learning_rate_D_dagger': -1.5777578674849315, 'training_batch_size': 9, 'training_p': 3, 'p_order_W': 4, 'p_order_D': 4, 'p_order_D_dagger': 3} because of the following error: The value nan is not acceptable.
[W 2024-03-12 17:18:05,320] Trial 113 failed with value tensor(nan, grad_fn=<ToCopyBackward0>).
Time for this trial:  3.005619525909424
Memory status after this trial: 
Memory allocated:  3.7412109375
Memory cached:  8.0
--------------------  Trial  114   --------------------
Start timing: 
Parameters: 
{'log_learning_rate': -2.061239013757473, 'log_learning_rate_D': -3.587790134701721, 'log_learning_rate_D_dagger': -1.3303441685108073, 'training_batch_size': 9, 'training_p': 3, 'p_order_W': 4, 'p_order_D': 4, 'p_order_D_dagger': 3}

	 epoch  0 training error:  tensor(188.0656, grad_fn=<ToCopyBackward0>)
Memory status after this epoch: 
Memory allocated:  2.13427734375
Memory cached:  8.0
	 epoch  10 training error:  tensor(22.3538, grad_fn=<ToCopyBackward0>)
Memory status after this epoch: 
Memory allocated:  2.13427734375
Memory cached:  8.0
	 epoch  20 training error:  tensor(5.7585, grad_fn=<ToCopyBackward0>)
Memory status after this epoch: 
Memory allocated:  2.13427734375
Memory cached:  8.0
	 epoch  30 training error:  tensor(0.4983, grad_fn=<ToCopyBackward0>)
Memory status after this epoch: 
Memory allocated:  2.13427734375
Memory cached:  8.0
	 epoch  40 training error:  tensor(0.8780, grad_fn=<ToCopyBackward0>)
Memory status after this epoch: 
Memory allocated:  2.13427734375
Memory cached:  8.0
	 epoch  50 training error:  tensor(0.5042, grad_fn=<ToCopyBackward0>)
Memory status after this epoch: 
Memory allocated:  2.13427734375
Memory cached:  8.0
	 epoch  60 training error:  tensor(0.6142, grad_fn=<ToCopyBackward0>)
Memory status after this epoch: 
Memory allocated:  2.13427734375
Memory cached:  8.0
	 epoch  70 training error:  tensor(0.4149, grad_fn=<ToCopyBackward0>)
Memory status after this epoch: 
Memory allocated:  2.13427734375
Memory cached:  8.0
	 epoch  80 training error:  tensor(0.4296, grad_fn=<ToCopyBackward0>)
Memory status after this epoch: 
Memory allocated:  2.13427734375
Memory cached:  8.0
	 epoch  90 training error:  tensor(0.4123, grad_fn=<ToCopyBackward0>)
Memory status after this epoch: 
Memory allocated:  2.13427734375
Memory cached:  8.0
