[I 2023-12-20 05:52:32,751] Trial 62 finished with value: 0.23085716366767883 and parameters: {'W_layers': 6, 'W_layer_units_exponent_0': 7, 'W_layer_units_exponent_1': 9, 'W_layer_units_exponent_2': 6, 'W_layer_units_exponent_3': 7, 'W_layer_units_exponent_4': 7, 'W_layer_units_exponent_5': 6, 'D_layers': 8, 'D_layer_units_exponent_0': 7, 'D_layer_units_exponent_1': 6, 'D_layer_units_exponent_2': 4, 'D_layer_units_exponent_3': 6, 'D_layer_units_exponent_4': 8, 'D_layer_units_exponent_5': 10, 'D_layer_units_exponent_6': 7, 'D_layer_units_exponent_7': 8, 'D_dagger_layers': 4, 'D_dagger_layer_units_exponent_0': 10, 'D_dagger_layer_units_exponent_1': 7, 'D_dagger_layer_units_exponent_2': 5, 'D_dagger_layer_units_exponent_3': 6, 'log_learning_rate': -2.5390169133280325, 'log_learning_rate_D': -3.918163738629624, 'log_learning_rate_D_dagger': -2.520169618001694, 'training_batch_size': 6, 'training_p': 8}. Best is trial 11 with value: 0.14480963349342346.
Time for this trial:  395.98258924484253
Memory status after this trial: 
Memory allocated:  409.16943359375
Memory cached:  416.0
--------------------  Trial  63   --------------------
Start timing: 
Parameters: 
{'W_layers': 6, 'W_layer_units_exponent_0': 6, 'W_layer_units_exponent_1': 8, 'W_layer_units_exponent_2': 6, 'W_layer_units_exponent_3': 8, 'W_layer_units_exponent_4': 8, 'W_layer_units_exponent_5': 5, 'D_layers': 4, 'D_layer_units_exponent_0': 7, 'D_layer_units_exponent_1': 7, 'D_layer_units_exponent_2': 5, 'D_layer_units_exponent_3': 8, 'D_dagger_layers': 4, 'D_dagger_layer_units_exponent_0': 9, 'D_dagger_layer_units_exponent_1': 8, 'D_dagger_layer_units_exponent_2': 5, 'D_dagger_layer_units_exponent_3': 6, 'log_learning_rate': -2.5530786270471504, 'log_learning_rate_D': -4.0307915769410165, 'log_learning_rate_D_dagger': -2.1011570170404807, 'training_batch_size': 6, 'training_p': 8}
	 epoch  0 training error:  tensor(1.3871, device='cuda:0', grad_fn=<DivBackward0>)
Memory status after this epoch: 
Memory allocated:  186.87744140625
Memory cached:  390.0
	 epoch  10 training error:  tensor(0.6786, device='cuda:0', grad_fn=<DivBackward0>)
Memory status after this epoch: 
Memory allocated:  186.87744140625
Memory cached:  414.0
	 epoch  20 training error:  tensor(0.6064, device='cuda:0', grad_fn=<DivBackward0>)
Memory status after this epoch: 
Memory allocated:  186.87744140625
Memory cached:  418.0
	 epoch  30 training error:  tensor(0.5616, device='cuda:0', grad_fn=<DivBackward0>)
Memory status after this epoch: 
Memory allocated:  186.87744140625
Memory cached:  416.0
	 epoch  40 training error:  tensor(0.5653, device='cuda:0', grad_fn=<DivBackward0>)
Memory status after this epoch: 
Memory allocated:  186.87744140625
Memory cached:  402.0
	 epoch  50 training error:  tensor(0.5648, device='cuda:0', grad_fn=<DivBackward0>)
Memory status after this epoch: 
Memory allocated:  186.87744140625
Memory cached:  410.0
	 epoch  60 training error:  tensor(0.5444, device='cuda:0', grad_fn=<DivBackward0>)
Memory status after this epoch: 
Memory allocated:  186.87744140625
Memory cached:  416.0
	 epoch  70 training error:  tensor(0.5584, device='cuda:0', grad_fn=<DivBackward0>)
Memory status after this epoch: 
Memory allocated:  186.87744140625
Memory cached:  412.0
	 epoch  80 training error:  tensor(0.5404, device='cuda:0', grad_fn=<DivBackward0>)
Memory status after this epoch: 
Memory allocated:  186.87744140625
Memory cached:  412.0
	 epoch  90 training error:  tensor(0.5870, device='cuda:0', grad_fn=<DivBackward0>)
Memory status after this epoch: 
Memory allocated:  186.87744140625
Memory cached:  414.0
[I 2023-12-20 05:58:02,010] Trial 63 finished with value: 0.47700271010398865 and parameters: {'W_layers': 6, 'W_layer_units_exponent_0': 6, 'W_layer_units_exponent_1': 8, 'W_layer_units_exponent_2': 6, 'W_layer_units_exponent_3': 8, 'W_layer_units_exponent_4': 8, 'W_layer_units_exponent_5': 5, 'D_layers': 4, 'D_layer_units_exponent_0': 7, 'D_layer_units_exponent_1': 7, 'D_layer_units_exponent_2': 5, 'D_layer_units_exponent_3': 8, 'D_dagger_layers': 4, 'D_dagger_layer_units_exponent_0': 9, 'D_dagger_layer_units_exponent_1': 8, 'D_dagger_layer_units_exponent_2': 5, 'D_dagger_layer_units_exponent_3': 6, 'log_learning_rate': -2.5530786270471504, 'log_learning_rate_D': -4.0307915769410165, 'log_learning_rate_D_dagger': -2.1011570170404807, 'training_batch_size': 6, 'training_p': 8}. Best is trial 11 with value: 0.14480963349342346.
Time for this trial:  328.78169560432434
Memory status after this trial: 
Memory allocated:  306.72412109375
Memory cached:  400.0
--------------------  Trial  64   --------------------
Start timing: 
Parameters: 
{'W_layers': 6, 'W_layer_units_exponent_0': 7, 'W_layer_units_exponent_1': 9, 'W_layer_units_exponent_2': 5, 'W_layer_units_exponent_3': 9, 'W_layer_units_exponent_4': 7, 'W_layer_units_exponent_5': 7, 'D_layers': 8, 'D_layer_units_exponent_0': 7, 'D_layer_units_exponent_1': 5, 'D_layer_units_exponent_2': 4, 'D_layer_units_exponent_3': 10, 'D_layer_units_exponent_4': 7, 'D_layer_units_exponent_5': 10, 'D_layer_units_exponent_6': 7, 'D_layer_units_exponent_7': 8, 'D_dagger_layers': 5, 'D_dagger_layer_units_exponent_0': 10, 'D_dagger_layer_units_exponent_1': 7, 'D_dagger_layer_units_exponent_2': 5, 'D_dagger_layer_units_exponent_3': 7, 'D_dagger_layer_units_exponent_4': 7, 'log_learning_rate': -2.5269579891236775, 'log_learning_rate_D': -3.610756629752574, 'log_learning_rate_D_dagger': -2.463601293516675, 'training_batch_size': 7, 'training_p': 8}
	 epoch  0 training error:  tensor(0.9464, device='cuda:0', grad_fn=<DivBackward0>)
Memory status after this epoch: 
Memory allocated:  194.39306640625
Memory cached:  388.0
	 epoch  10 training error:  tensor(0.6145, device='cuda:0', grad_fn=<DivBackward0>)
Memory status after this epoch: 
Memory allocated:  194.39306640625
Memory cached:  426.0
	 epoch  20 training error:  tensor(0.6271, device='cuda:0', grad_fn=<DivBackward0>)
Memory status after this epoch: 
Memory allocated:  194.39306640625
Memory cached:  420.0
	 epoch  30 training error:  tensor(0.5582, device='cuda:0', grad_fn=<DivBackward0>)
Memory status after this epoch: 
Memory allocated:  194.39306640625
Memory cached:  420.0
	 epoch  40 training error:  tensor(0.5552, device='cuda:0', grad_fn=<DivBackward0>)
Memory status after this epoch: 
Memory allocated:  194.39306640625
Memory cached:  412.0
	 epoch  50 training error:  tensor(0.5514, device='cuda:0', grad_fn=<DivBackward0>)
Memory status after this epoch: 
Memory allocated:  194.39306640625
Memory cached:  416.0
	 epoch  60 training error:  tensor(0.5685, device='cuda:0', grad_fn=<DivBackward0>)
Memory status after this epoch: 
Memory allocated:  194.39306640625
Memory cached:  416.0
	 epoch  70 training error:  tensor(0.5419, device='cuda:0', grad_fn=<DivBackward0>)
Memory status after this epoch: 
Memory allocated:  194.39306640625
Memory cached:  424.0
	 epoch  80 training error:  tensor(0.5343, device='cuda:0', grad_fn=<DivBackward0>)
Memory status after this epoch: 
Memory allocated:  194.39306640625
Memory cached:  418.0
	 epoch  90 training error:  tensor(0.5513, device='cuda:0', grad_fn=<DivBackward0>)
Memory status after this epoch: 
Memory allocated:  194.39306640625
Memory cached:  412.0
[I 2023-12-20 06:02:07,828] Trial 64 finished with value: 0.4315323829650879 and parameters: {'W_layers': 6, 'W_layer_units_exponent_0': 7, 'W_layer_units_exponent_1': 9, 'W_layer_units_exponent_2': 5, 'W_layer_units_exponent_3': 9, 'W_layer_units_exponent_4': 7, 'W_layer_units_exponent_5': 7, 'D_layers': 8, 'D_layer_units_exponent_0': 7, 'D_layer_units_exponent_1': 5, 'D_layer_units_exponent_2': 4, 'D_layer_units_exponent_3': 10, 'D_layer_units_exponent_4': 7, 'D_layer_units_exponent_5': 10, 'D_layer_units_exponent_6': 7, 'D_layer_units_exponent_7': 8, 'D_dagger_layers': 5, 'D_dagger_layer_units_exponent_0': 10, 'D_dagger_layer_units_exponent_1': 7, 'D_dagger_layer_units_exponent_2': 5, 'D_dagger_layer_units_exponent_3': 7, 'D_dagger_layer_units_exponent_4': 7, 'log_learning_rate': -2.5269579891236775, 'log_learning_rate_D': -3.610756629752574, 'log_learning_rate_D_dagger': -2.463601293516675, 'training_batch_size': 7, 'training_p': 8}. Best is trial 11 with value: 0.14480963349342346.
Time for this trial:  245.3509316444397
Memory status after this trial: 
Memory allocated:  483.3935546875
Memory cached:  490.0
--------------------  Trial  65   --------------------
Start timing: 
Parameters: 
{'W_layers': 5, 'W_layer_units_exponent_0': 6, 'W_layer_units_exponent_1': 9, 'W_layer_units_exponent_2': 6, 'W_layer_units_exponent_3': 10, 'W_layer_units_exponent_4': 7, 'D_layers': 7, 'D_layer_units_exponent_0': 8, 'D_layer_units_exponent_1': 6, 'D_layer_units_exponent_2': 5, 'D_layer_units_exponent_3': 6, 'D_layer_units_exponent_4': 8, 'D_layer_units_exponent_5': 9, 'D_layer_units_exponent_6': 9, 'D_dagger_layers': 4, 'D_dagger_layer_units_exponent_0': 9, 'D_dagger_layer_units_exponent_1': 6, 'D_dagger_layer_units_exponent_2': 4, 'D_dagger_layer_units_exponent_3': 5, 'log_learning_rate': -2.3410989087713574, 'log_learning_rate_D': -4.14020198612988, 'log_learning_rate_D_dagger': -2.816137032785172, 'training_batch_size': 6, 'training_p': 6}
	 epoch  0 training error:  tensor(1.2713, device='cuda:0', grad_fn=<DivBackward0>)
Memory status after this epoch: 
Memory allocated:  193.52978515625
Memory cached:  404.0
	 epoch  10 training error:  tensor(0.5349, device='cuda:0', grad_fn=<DivBackward0>)
Memory status after this epoch: 
Memory allocated:  193.52978515625
Memory cached:  448.0
	 epoch  20 training error:  tensor(0.5232, device='cuda:0', grad_fn=<DivBackward0>)
Memory status after this epoch: 
Memory allocated:  193.52978515625
Memory cached:  450.0
	 epoch  30 training error:  tensor(0.5070, device='cuda:0', grad_fn=<DivBackward0>)
Memory status after this epoch: 
Memory allocated:  193.52978515625
Memory cached:  446.0
	 epoch  40 training error:  tensor(0.5058, device='cuda:0', grad_fn=<DivBackward0>)
Memory status after this epoch: 
Memory allocated:  193.52978515625
Memory cached:  446.0
	 epoch  50 training error:  tensor(0.4973, device='cuda:0', grad_fn=<DivBackward0>)
Memory status after this epoch: 
Memory allocated:  193.52978515625
Memory cached:  452.0
	 epoch  60 training error:  tensor(0.5031, device='cuda:0', grad_fn=<DivBackward0>)
Memory status after this epoch: 
Memory allocated:  193.52978515625
Memory cached:  444.0
	 epoch  70 training error:  tensor(0.4864, device='cuda:0', grad_fn=<DivBackward0>)
Memory status after this epoch: 
Memory allocated:  193.52978515625
Memory cached:  450.0
	 epoch  80 training error:  tensor(0.3643, device='cuda:0', grad_fn=<DivBackward0>)
Memory status after this epoch: 
Memory allocated:  193.52978515625
Memory cached:  454.0
	 epoch  90 training error:  tensor(0.2946, device='cuda:0', grad_fn=<DivBackward0>)
Memory status after this epoch: 
Memory allocated:  193.52978515625
Memory cached:  462.0
[I 2023-12-20 06:08:15,468] Trial 65 finished with value: 0.16873323917388916 and parameters: {'W_layers': 5, 'W_layer_units_exponent_0': 6, 'W_layer_units_exponent_1': 9, 'W_layer_units_exponent_2': 6, 'W_layer_units_exponent_3': 10, 'W_layer_units_exponent_4': 7, 'D_layers': 7, 'D_layer_units_exponent_0': 8, 'D_layer_units_exponent_1': 6, 'D_layer_units_exponent_2': 5, 'D_layer_units_exponent_3': 6, 'D_layer_units_exponent_4': 8, 'D_layer_units_exponent_5': 9, 'D_layer_units_exponent_6': 9, 'D_dagger_layers': 4, 'D_dagger_layer_units_exponent_0': 9, 'D_dagger_layer_units_exponent_1': 6, 'D_dagger_layer_units_exponent_2': 4, 'D_dagger_layer_units_exponent_3': 5, 'log_learning_rate': -2.3410989087713574, 'log_learning_rate_D': -4.14020198612988, 'log_learning_rate_D_dagger': -2.816137032785172, 'training_batch_size': 6, 'training_p': 6}. Best is trial 11 with value: 0.14480963349342346.
Time for this trial:  367.2166564464569
Memory status after this trial: 
Memory allocated:  402.03271484375
Memory cached:  448.0
--------------------  Trial  66   --------------------
Start timing: 
Parameters: 
{'W_layers': 6, 'W_layer_units_exponent_0': 6, 'W_layer_units_exponent_1': 10, 'W_layer_units_exponent_2': 6, 'W_layer_units_exponent_3': 6, 'W_layer_units_exponent_4': 7, 'W_layer_units_exponent_5': 6, 'D_layers': 7, 'D_layer_units_exponent_0': 8, 'D_layer_units_exponent_1': 6, 'D_layer_units_exponent_2': 5, 'D_layer_units_exponent_3': 6, 'D_layer_units_exponent_4': 8, 'D_layer_units_exponent_5': 9, 'D_layer_units_exponent_6': 8, 'D_dagger_layers': 4, 'D_dagger_layer_units_exponent_0': 9, 'D_dagger_layer_units_exponent_1': 8, 'D_dagger_layer_units_exponent_2': 4, 'D_dagger_layer_units_exponent_3': 5, 'log_learning_rate': -2.3281072730205294, 'log_learning_rate_D': -4.192085725382323, 'log_learning_rate_D_dagger': -2.8324650752622, 'training_batch_size': 6, 'training_p': 6}
	 epoch  0 training error:  tensor(0.9536, device='cuda:0', grad_fn=<DivBackward0>)
Memory status after this epoch: 
Memory allocated:  191.37939453125
Memory cached:  396.0
	 epoch  10 training error:  tensor(0.5200, device='cuda:0', grad_fn=<DivBackward0>)
Memory status after this epoch: 
Memory allocated:  191.37939453125
Memory cached:  434.0
	 epoch  20 training error:  tensor(0.5124, device='cuda:0', grad_fn=<DivBackward0>)
Memory status after this epoch: 
Memory allocated:  191.37939453125
Memory cached:  444.0
	 epoch  30 training error:  tensor(0.5134, device='cuda:0', grad_fn=<DivBackward0>)
Memory status after this epoch: 
Memory allocated:  191.37939453125
Memory cached:  434.0
	 epoch  40 training error:  tensor(0.5313, device='cuda:0', grad_fn=<DivBackward0>)
Memory status after this epoch: 
Memory allocated:  191.37939453125
Memory cached:  444.0
	 epoch  50 training error:  tensor(0.5287, device='cuda:0', grad_fn=<DivBackward0>)
Memory status after this epoch: 
Memory allocated:  191.37939453125
Memory cached:  442.0
	 epoch  60 training error:  tensor(0.5160, device='cuda:0', grad_fn=<DivBackward0>)
Memory status after this epoch: 
Memory allocated:  191.37939453125
Memory cached:  440.0
	 epoch  70 training error:  tensor(0.4988, device='cuda:0', grad_fn=<DivBackward0>)
Memory status after this epoch: 
Memory allocated:  191.37939453125
Memory cached:  446.0
	 epoch  80 training error:  tensor(0.5176, device='cuda:0', grad_fn=<DivBackward0>)
Memory status after this epoch: 
Memory allocated:  191.37939453125
Memory cached:  436.0
	 epoch  90 training error:  tensor(0.4889, device='cuda:0', grad_fn=<DivBackward0>)
Memory status after this epoch: 
Memory allocated:  191.37939453125
Memory cached:  438.0
[I 2023-12-20 06:14:33,973] Trial 66 finished with value: 0.32150474190711975 and parameters: {'W_layers': 6, 'W_layer_units_exponent_0': 6, 'W_layer_units_exponent_1': 10, 'W_layer_units_exponent_2': 6, 'W_layer_units_exponent_3': 6, 'W_layer_units_exponent_4': 7, 'W_layer_units_exponent_5': 6, 'D_layers': 7, 'D_layer_units_exponent_0': 8, 'D_layer_units_exponent_1': 6, 'D_layer_units_exponent_2': 5, 'D_layer_units_exponent_3': 6, 'D_layer_units_exponent_4': 8, 'D_layer_units_exponent_5': 9, 'D_layer_units_exponent_6': 8, 'D_dagger_layers': 4, 'D_dagger_layer_units_exponent_0': 9, 'D_dagger_layer_units_exponent_1': 8, 'D_dagger_layer_units_exponent_2': 4, 'D_dagger_layer_units_exponent_3': 5, 'log_learning_rate': -2.3281072730205294, 'log_learning_rate_D': -4.192085725382323, 'log_learning_rate_D_dagger': -2.8324650752622, 'training_batch_size': 6, 'training_p': 6}. Best is trial 11 with value: 0.14480963349342346.
Time for this trial:  378.0545868873596
Memory status after this trial: 
Memory allocated:  379.59033203125
Memory cached:  426.0
--------------------  Trial  67   --------------------
Start timing: 
Parameters: 
{'W_layers': 5, 'W_layer_units_exponent_0': 7, 'W_layer_units_exponent_1': 9, 'W_layer_units_exponent_2': 7, 'W_layer_units_exponent_3': 7, 'W_layer_units_exponent_4': 8, 'D_layers': 5, 'D_layer_units_exponent_0': 8, 'D_layer_units_exponent_1': 7, 'D_layer_units_exponent_2': 6, 'D_layer_units_exponent_3': 6, 'D_layer_units_exponent_4': 8, 'D_dagger_layers': 4, 'D_dagger_layer_units_exponent_0': 10, 'D_dagger_layer_units_exponent_1': 5, 'D_dagger_layer_units_exponent_2': 4, 'D_dagger_layer_units_exponent_3': 4, 'log_learning_rate': -2.734437671693882, 'log_learning_rate_D': -4.367119696925026, 'log_learning_rate_D_dagger': -2.9910889952634565, 'training_batch_size': 6, 'training_p': 5}
	 epoch  0 training error:  tensor(0.9340, device='cuda:0', grad_fn=<DivBackward0>)
Memory status after this epoch: 
Memory allocated:  186.63720703125
Memory cached:  406.0
	 epoch  10 training error:  tensor(0.5262, device='cuda:0', grad_fn=<DivBackward0>)
Memory status after this epoch: 
Memory allocated:  186.63720703125
Memory cached:  446.0
	 epoch  20 training error:  tensor(0.4923, device='cuda:0', grad_fn=<DivBackward0>)
Memory status after this epoch: 
Memory allocated:  186.63720703125
Memory cached:  454.0
	 epoch  30 training error:  tensor(0.4801, device='cuda:0', grad_fn=<DivBackward0>)
Memory status after this epoch: 
Memory allocated:  186.63720703125
Memory cached:  448.0
	 epoch  40 training error:  tensor(0.4775, device='cuda:0', grad_fn=<DivBackward0>)
Memory status after this epoch: 
Memory allocated:  186.63720703125
Memory cached:  458.0
	 epoch  50 training error:  tensor(0.4730, device='cuda:0', grad_fn=<DivBackward0>)
Memory status after this epoch: 
Memory allocated:  186.63720703125
Memory cached:  452.0
	 epoch  60 training error:  tensor(0.4668, device='cuda:0', grad_fn=<DivBackward0>)
Memory status after this epoch: 
Memory allocated:  186.63720703125
Memory cached:  448.0
	 epoch  70 training error:  tensor(0.4566, device='cuda:0', grad_fn=<DivBackward0>)
Memory status after this epoch: 
Memory allocated:  186.63720703125
Memory cached:  450.0
	 epoch  80 training error:  tensor(0.4277, device='cuda:0', grad_fn=<DivBackward0>)
Memory status after this epoch: 
Memory allocated:  186.63720703125
Memory cached:  452.0
	 epoch  90 training error:  tensor(0.3813, device='cuda:0', grad_fn=<DivBackward0>)
Memory status after this epoch: 
Memory allocated:  186.63720703125
Memory cached:  446.0
[I 2023-12-20 06:20:01,484] Trial 67 finished with value: 0.18250028789043427 and parameters: {'W_layers': 5, 'W_layer_units_exponent_0': 7, 'W_layer_units_exponent_1': 9, 'W_layer_units_exponent_2': 7, 'W_layer_units_exponent_3': 7, 'W_layer_units_exponent_4': 8, 'D_layers': 5, 'D_layer_units_exponent_0': 8, 'D_layer_units_exponent_1': 7, 'D_layer_units_exponent_2': 6, 'D_layer_units_exponent_3': 6, 'D_layer_units_exponent_4': 8, 'D_dagger_layers': 4, 'D_dagger_layer_units_exponent_0': 10, 'D_dagger_layer_units_exponent_1': 5, 'D_dagger_layer_units_exponent_2': 4, 'D_dagger_layer_units_exponent_3': 4, 'log_learning_rate': -2.734437671693882, 'log_learning_rate_D': -4.367119696925026, 'log_learning_rate_D_dagger': -2.9910889952634565, 'training_batch_size': 6, 'training_p': 5}. Best is trial 11 with value: 0.14480963349342346.
Time for this trial:  327.069846868515
Memory status after this trial: 
Memory allocated:  341.34765625
Memory cached:  436.0
--------------------  Trial  68   --------------------
Start timing: 
Parameters: 
{'W_layers': 5, 'W_layer_units_exponent_0': 8, 'W_layer_units_exponent_1': 10, 'W_layer_units_exponent_2': 8, 'W_layer_units_exponent_3': 9, 'W_layer_units_exponent_4': 8, 'D_layers': 5, 'D_layer_units_exponent_0': 9, 'D_layer_units_exponent_1': 8, 'D_layer_units_exponent_2': 6, 'D_layer_units_exponent_3': 7, 'D_layer_units_exponent_4': 8, 'D_dagger_layers': 5, 'D_dagger_layer_units_exponent_0': 9, 'D_dagger_layer_units_exponent_1': 5, 'D_dagger_layer_units_exponent_2': 4, 'D_dagger_layer_units_exponent_3': 4, 'D_dagger_layer_units_exponent_4': 5, 'log_learning_rate': -2.682766761923111, 'log_learning_rate_D': -4.395430015830791, 'log_learning_rate_D_dagger': -3.035127031738003, 'training_batch_size': 6, 'training_p': 4}
	 epoch  0 training error:  tensor(1.3782, device='cuda:0', grad_fn=<DivBackward0>)
Memory status after this epoch: 
Memory allocated:  197.59033203125
Memory cached:  388.0
	 epoch  10 training error:  tensor(0.4886, device='cuda:0', grad_fn=<DivBackward0>)
Memory status after this epoch: 
Memory allocated:  197.59033203125
Memory cached:  428.0
	 epoch  20 training error:  tensor(0.4481, device='cuda:0', grad_fn=<DivBackward0>)
Memory status after this epoch: 
Memory allocated:  197.59033203125
Memory cached:  432.0
	 epoch  30 training error:  tensor(0.4441, device='cuda:0', grad_fn=<DivBackward0>)
Memory status after this epoch: 
Memory allocated:  197.59033203125
Memory cached:  428.0
	 epoch  40 training error:  tensor(0.4398, device='cuda:0', grad_fn=<DivBackward0>)
Memory status after this epoch: 
Memory allocated:  197.59033203125
Memory cached:  426.0
	 epoch  50 training error:  tensor(0.4317, device='cuda:0', grad_fn=<DivBackward0>)
Memory status after this epoch: 
Memory allocated:  197.59033203125
Memory cached:  420.0
	 epoch  60 training error:  tensor(0.4343, device='cuda:0', grad_fn=<DivBackward0>)
Memory status after this epoch: 
Memory allocated:  197.59033203125
Memory cached:  432.0
	 epoch  70 training error:  tensor(0.4274, device='cuda:0', grad_fn=<DivBackward0>)
Memory status after this epoch: 
Memory allocated:  197.59033203125
Memory cached:  430.0
	 epoch  80 training error:  tensor(0.4206, device='cuda:0', grad_fn=<DivBackward0>)
Memory status after this epoch: 
Memory allocated:  197.59033203125
Memory cached:  422.0
	 epoch  90 training error:  tensor(0.4202, device='cuda:0', grad_fn=<DivBackward0>)
Memory status after this epoch: 
Memory allocated:  197.59033203125
Memory cached:  426.0
