[I 2023-12-05 02:14:13,675] Trial 25 finished with value: 0.7000901699066162 and parameters: {'W_layers': 5, 'W_layer_units_exponent_0': 5, 'W_layer_units_exponent_1': 6, 'W_layer_units_exponent_2': 7, 'W_layer_units_exponent_3': 7, 'W_layer_units_exponent_4': 8, 'D_layers': 7, 'D_layer_units_exponent_0': 10, 'D_layer_units_exponent_1': 8, 'D_layer_units_exponent_2': 10, 'D_layer_units_exponent_3': 7, 'D_layer_units_exponent_4': 5, 'D_layer_units_exponent_5': 5, 'D_layer_units_exponent_6': 4, 'log_learning_rate': -3.6630954168948673, 'log_learning_rate_D': -1.4115042968471965, 'training_batch_size': 7, 'training_p': 2}. Best is trial 14 with value: 0.5089516043663025.
Time for this trial:  14.068017959594727
Memory status after this trial: 
Memory allocated:  42.54638671875
Memory cached:  84.0
--------------------  Trial  26   --------------------
Start timing: 
Parameters: 
{'W_layers': 8, 'W_layer_units_exponent_0': 9, 'W_layer_units_exponent_1': 7, 'W_layer_units_exponent_2': 9, 'W_layer_units_exponent_3': 9, 'W_layer_units_exponent_4': 6, 'W_layer_units_exponent_5': 9, 'W_layer_units_exponent_6': 8, 'W_layer_units_exponent_7': 4, 'D_layers': 6, 'D_layer_units_exponent_0': 9, 'D_layer_units_exponent_1': 10, 'D_layer_units_exponent_2': 9, 'D_layer_units_exponent_3': 5, 'D_layer_units_exponent_4': 8, 'D_layer_units_exponent_5': 9, 'log_learning_rate': -3.267833401208848, 'log_learning_rate_D': -2.2051144464424164, 'training_batch_size': 8, 'training_p': 3}
	 epoch  0 training error:  tensor(1.0350, device='cuda:0', grad_fn=<DivBackward0>)
Memory status after this epoch: 
Memory allocated:  41.8427734375
Memory cached:  80.0
	 epoch  10 training error:  tensor(0.7936, device='cuda:0', grad_fn=<DivBackward0>)
Memory status after this epoch: 
Memory allocated:  41.8427734375
Memory cached:  80.0
	 epoch  20 training error:  tensor(0.7613, device='cuda:0', grad_fn=<DivBackward0>)
Memory status after this epoch: 
Memory allocated:  41.8427734375
Memory cached:  80.0
	 epoch  30 training error:  tensor(0.6320, device='cuda:0', grad_fn=<DivBackward0>)
Memory status after this epoch: 
Memory allocated:  41.8427734375
Memory cached:  80.0
	 epoch  40 training error:  tensor(0.6443, device='cuda:0', grad_fn=<DivBackward0>)
Memory status after this epoch: 
Memory allocated:  41.8427734375
Memory cached:  80.0
	 epoch  50 training error:  tensor(0.6330, device='cuda:0', grad_fn=<DivBackward0>)
Memory status after this epoch: 
Memory allocated:  41.8427734375
Memory cached:  80.0
	 epoch  60 training error:  tensor(0.6264, device='cuda:0', grad_fn=<DivBackward0>)
Memory status after this epoch: 
Memory allocated:  41.8427734375
Memory cached:  80.0
	 epoch  70 training error:  tensor(0.6248, device='cuda:0', grad_fn=<DivBackward0>)
Memory status after this epoch: 
Memory allocated:  41.8427734375
Memory cached:  80.0
	 epoch  80 training error:  tensor(0.6246, device='cuda:0', grad_fn=<DivBackward0>)
Memory status after this epoch: 
Memory allocated:  41.8427734375
Memory cached:  80.0
	 epoch  90 training error:  tensor(0.6244, device='cuda:0', grad_fn=<DivBackward0>)
Memory status after this epoch: 
Memory allocated:  41.8427734375
Memory cached:  80.0
[I 2023-12-05 02:14:29,390] Trial 26 finished with value: 0.5500080585479736 and parameters: {'W_layers': 8, 'W_layer_units_exponent_0': 9, 'W_layer_units_exponent_1': 7, 'W_layer_units_exponent_2': 9, 'W_layer_units_exponent_3': 9, 'W_layer_units_exponent_4': 6, 'W_layer_units_exponent_5': 9, 'W_layer_units_exponent_6': 8, 'W_layer_units_exponent_7': 4, 'D_layers': 6, 'D_layer_units_exponent_0': 9, 'D_layer_units_exponent_1': 10, 'D_layer_units_exponent_2': 9, 'D_layer_units_exponent_3': 5, 'D_layer_units_exponent_4': 8, 'D_layer_units_exponent_5': 9, 'log_learning_rate': -3.267833401208848, 'log_learning_rate_D': -2.2051144464424164, 'training_batch_size': 8, 'training_p': 3}. Best is trial 14 with value: 0.5089516043663025.
Time for this trial:  15.53383469581604
Memory status after this trial: 
Memory allocated:  90.17724609375
Memory cached:  104.0
--------------------  Trial  27   --------------------
Start timing: 
Parameters: 
{'W_layers': 5, 'W_layer_units_exponent_0': 6, 'W_layer_units_exponent_1': 5, 'W_layer_units_exponent_2': 8, 'W_layer_units_exponent_3': 7, 'W_layer_units_exponent_4': 7, 'D_layers': 4, 'D_layer_units_exponent_0': 7, 'D_layer_units_exponent_1': 9, 'D_layer_units_exponent_2': 7, 'D_layer_units_exponent_3': 8, 'log_learning_rate': -2.943307128447706, 'log_learning_rate_D': -1.7732445573250326, 'training_batch_size': 6, 'training_p': 2}
	 epoch  0 training error:  tensor(0.9616, device='cuda:0', grad_fn=<DivBackward0>)
Memory status after this epoch: 
Memory allocated:  29.26513671875
Memory cached:  76.0
	 epoch  10 training error:  tensor(0.7429, device='cuda:0', grad_fn=<DivBackward0>)
Memory status after this epoch: 
Memory allocated:  29.26513671875
Memory cached:  76.0
	 epoch  20 training error:  tensor(0.7284, device='cuda:0', grad_fn=<DivBackward0>)
Memory status after this epoch: 
Memory allocated:  29.26513671875
Memory cached:  76.0
	 epoch  30 training error:  tensor(0.7235, device='cuda:0', grad_fn=<DivBackward0>)
Memory status after this epoch: 
Memory allocated:  29.26513671875
Memory cached:  76.0
	 epoch  40 training error:  tensor(0.7211, device='cuda:0', grad_fn=<DivBackward0>)
Memory status after this epoch: 
Memory allocated:  29.26513671875
Memory cached:  76.0
	 epoch  50 training error:  tensor(0.6997, device='cuda:0', grad_fn=<DivBackward0>)
Memory status after this epoch: 
Memory allocated:  29.26513671875
Memory cached:  76.0
	 epoch  60 training error:  tensor(0.6715, device='cuda:0', grad_fn=<DivBackward0>)
Memory status after this epoch: 
Memory allocated:  29.26513671875
Memory cached:  76.0
	 epoch  70 training error:  tensor(0.6036, device='cuda:0', grad_fn=<DivBackward0>)
Memory status after this epoch: 
Memory allocated:  29.26513671875
Memory cached:  76.0
	 epoch  80 training error:  tensor(0.5718, device='cuda:0', grad_fn=<DivBackward0>)
Memory status after this epoch: 
Memory allocated:  29.26513671875
Memory cached:  76.0
	 epoch  90 training error:  tensor(0.5695, device='cuda:0', grad_fn=<DivBackward0>)
Memory status after this epoch: 
Memory allocated:  29.26513671875
Memory cached:  76.0
[I 2023-12-05 02:14:44,962] Trial 27 finished with value: 0.5169421434402466 and parameters: {'W_layers': 5, 'W_layer_units_exponent_0': 6, 'W_layer_units_exponent_1': 5, 'W_layer_units_exponent_2': 8, 'W_layer_units_exponent_3': 7, 'W_layer_units_exponent_4': 7, 'D_layers': 4, 'D_layer_units_exponent_0': 7, 'D_layer_units_exponent_1': 9, 'D_layer_units_exponent_2': 7, 'D_layer_units_exponent_3': 8, 'log_learning_rate': -2.943307128447706, 'log_learning_rate_D': -1.7732445573250326, 'training_batch_size': 6, 'training_p': 2}. Best is trial 14 with value: 0.5089516043663025.
Time for this trial:  15.399974584579468
Memory status after this trial: 
Memory allocated:  42.54541015625
Memory cached:  82.0
--------------------  Trial  28   --------------------
Start timing: 
Parameters: 
{'W_layers': 7, 'W_layer_units_exponent_0': 8, 'W_layer_units_exponent_1': 8, 'W_layer_units_exponent_2': 10, 'W_layer_units_exponent_3': 10, 'W_layer_units_exponent_4': 9, 'W_layer_units_exponent_5': 9, 'W_layer_units_exponent_6': 5, 'D_layers': 5, 'D_layer_units_exponent_0': 8, 'D_layer_units_exponent_1': 10, 'D_layer_units_exponent_2': 10, 'D_layer_units_exponent_3': 9, 'D_layer_units_exponent_4': 5, 'log_learning_rate': -2.121418609223972, 'log_learning_rate_D': -1.3430046876873925, 'training_batch_size': 7, 'training_p': 4}
	 epoch  0 training error:  tensor(0.9826, device='cuda:0', grad_fn=<DivBackward0>)
Memory status after this epoch: 
Memory allocated:  69.0673828125
Memory cached:  104.0
	 epoch  10 training error:  tensor(1.0075, device='cuda:0', grad_fn=<DivBackward0>)
Memory status after this epoch: 
Memory allocated:  69.0673828125
Memory cached:  104.0
	 epoch  20 training error:  tensor(0.8293, device='cuda:0', grad_fn=<DivBackward0>)
Memory status after this epoch: 
Memory allocated:  69.0673828125
Memory cached:  104.0
	 epoch  30 training error:  tensor(0.8522, device='cuda:0', grad_fn=<DivBackward0>)
Memory status after this epoch: 
Memory allocated:  69.0673828125
Memory cached:  104.0
	 epoch  40 training error:  tensor(1.0385, device='cuda:0', grad_fn=<DivBackward0>)
Memory status after this epoch: 
Memory allocated:  69.0673828125
Memory cached:  104.0
	 epoch  50 training error:  tensor(0.9847, device='cuda:0', grad_fn=<DivBackward0>)
Memory status after this epoch: 
Memory allocated:  69.0673828125
Memory cached:  104.0
	 epoch  60 training error:  tensor(0.9863, device='cuda:0', grad_fn=<DivBackward0>)
Memory status after this epoch: 
Memory allocated:  69.0673828125
Memory cached:  104.0
	 epoch  70 training error:  tensor(0.9854, device='cuda:0', grad_fn=<DivBackward0>)
Memory status after this epoch: 
Memory allocated:  69.0673828125
Memory cached:  104.0
	 epoch  80 training error:  tensor(0.9827, device='cuda:0', grad_fn=<DivBackward0>)
Memory status after this epoch: 
Memory allocated:  69.0673828125
Memory cached:  104.0
	 epoch  90 training error:  tensor(0.9829, device='cuda:0', grad_fn=<DivBackward0>)
Memory status after this epoch: 
Memory allocated:  69.0673828125
Memory cached:  104.0
[I 2023-12-05 02:15:01,206] Trial 28 finished with value: 0.912263035774231 and parameters: {'W_layers': 7, 'W_layer_units_exponent_0': 8, 'W_layer_units_exponent_1': 8, 'W_layer_units_exponent_2': 10, 'W_layer_units_exponent_3': 10, 'W_layer_units_exponent_4': 9, 'W_layer_units_exponent_5': 9, 'W_layer_units_exponent_6': 5, 'D_layers': 5, 'D_layer_units_exponent_0': 8, 'D_layer_units_exponent_1': 10, 'D_layer_units_exponent_2': 10, 'D_layer_units_exponent_3': 9, 'D_layer_units_exponent_4': 5, 'log_learning_rate': -2.121418609223972, 'log_learning_rate_D': -1.3430046876873925, 'training_batch_size': 7, 'training_p': 4}. Best is trial 14 with value: 0.5089516043663025.
Time for this trial:  16.04780626296997
Memory status after this trial: 
Memory allocated:  129.32470703125
Memory cached:  160.0
--------------------  Trial  29   --------------------
Start timing: 
Parameters: 
{'W_layers': 3, 'W_layer_units_exponent_0': 7, 'W_layer_units_exponent_1': 4, 'W_layer_units_exponent_2': 7, 'D_layers': 6, 'D_layer_units_exponent_0': 9, 'D_layer_units_exponent_1': 9, 'D_layer_units_exponent_2': 9, 'D_layer_units_exponent_3': 7, 'D_layer_units_exponent_4': 8, 'D_layer_units_exponent_5': 5, 'log_learning_rate': -3.5736761806218524, 'log_learning_rate_D': -2.3043723791912334, 'training_batch_size': 8, 'training_p': 2}
	 epoch  0 training error:  tensor(0.9332, device='cuda:0', grad_fn=<DivBackward0>)
Memory status after this epoch: 
Memory allocated:  30.22998046875
Memory cached:  76.0
	 epoch  10 training error:  tensor(0.8444, device='cuda:0', grad_fn=<DivBackward0>)
Memory status after this epoch: 
Memory allocated:  30.22998046875
Memory cached:  76.0
	 epoch  20 training error:  tensor(0.7919, device='cuda:0', grad_fn=<DivBackward0>)
Memory status after this epoch: 
Memory allocated:  30.22998046875
Memory cached:  76.0
	 epoch  30 training error:  tensor(0.7451, device='cuda:0', grad_fn=<DivBackward0>)
Memory status after this epoch: 
Memory allocated:  30.22998046875
Memory cached:  76.0
	 epoch  40 training error:  tensor(0.7283, device='cuda:0', grad_fn=<DivBackward0>)
Memory status after this epoch: 
Memory allocated:  30.22998046875
Memory cached:  76.0
	 epoch  50 training error:  tensor(0.7277, device='cuda:0', grad_fn=<DivBackward0>)
Memory status after this epoch: 
Memory allocated:  30.22998046875
Memory cached:  76.0
	 epoch  60 training error:  tensor(0.7269, device='cuda:0', grad_fn=<DivBackward0>)
Memory status after this epoch: 
Memory allocated:  30.22998046875
Memory cached:  76.0
	 epoch  70 training error:  tensor(0.7256, device='cuda:0', grad_fn=<DivBackward0>)
Memory status after this epoch: 
Memory allocated:  30.22998046875
Memory cached:  76.0
	 epoch  80 training error:  tensor(0.7253, device='cuda:0', grad_fn=<DivBackward0>)
Memory status after this epoch: 
Memory allocated:  30.22998046875
Memory cached:  76.0
	 epoch  90 training error:  tensor(0.7248, device='cuda:0', grad_fn=<DivBackward0>)
Memory status after this epoch: 
Memory allocated:  30.22998046875
Memory cached:  76.0
[I 2023-12-05 02:15:14,889] Trial 29 finished with value: 0.6965842247009277 and parameters: {'W_layers': 3, 'W_layer_units_exponent_0': 7, 'W_layer_units_exponent_1': 4, 'W_layer_units_exponent_2': 7, 'D_layers': 6, 'D_layer_units_exponent_0': 9, 'D_layer_units_exponent_1': 9, 'D_layer_units_exponent_2': 9, 'D_layer_units_exponent_3': 7, 'D_layer_units_exponent_4': 8, 'D_layer_units_exponent_5': 5, 'log_learning_rate': -3.5736761806218524, 'log_learning_rate_D': -2.3043723791912334, 'training_batch_size': 8, 'training_p': 2}. Best is trial 14 with value: 0.5089516043663025.
Time for this trial:  13.502450227737427
Memory status after this trial: 
Memory allocated:  34.00927734375
Memory cached:  82.0
--------------------  Trial  30   --------------------
Start timing: 
Parameters: 
{'W_layers': 4, 'W_layer_units_exponent_0': 7, 'W_layer_units_exponent_1': 6, 'W_layer_units_exponent_2': 8, 'W_layer_units_exponent_3': 9, 'D_layers': 7, 'D_layer_units_exponent_0': 5, 'D_layer_units_exponent_1': 8, 'D_layer_units_exponent_2': 8, 'D_layer_units_exponent_3': 5, 'D_layer_units_exponent_4': 7, 'D_layer_units_exponent_5': 5, 'D_layer_units_exponent_6': 6, 'log_learning_rate': -3.1578297909862423, 'log_learning_rate_D': -1.9798932530870044, 'training_batch_size': 7, 'training_p': 8}
	 epoch  0 training error:  tensor(0.9958, device='cuda:0', grad_fn=<DivBackward0>)
Memory status after this epoch: 
Memory allocated:  30.49658203125
Memory cached:  76.0
	 epoch  10 training error:  tensor(0.8400, device='cuda:0', grad_fn=<DivBackward0>)
Memory status after this epoch: 
Memory allocated:  30.49658203125
Memory cached:  76.0
	 epoch  20 training error:  tensor(0.8332, device='cuda:0', grad_fn=<DivBackward0>)
Memory status after this epoch: 
Memory allocated:  30.49658203125
Memory cached:  76.0
	 epoch  30 training error:  tensor(0.8322, device='cuda:0', grad_fn=<DivBackward0>)
Memory status after this epoch: 
Memory allocated:  30.49658203125
Memory cached:  76.0
	 epoch  40 training error:  tensor(0.8280, device='cuda:0', grad_fn=<DivBackward0>)
Memory status after this epoch: 
Memory allocated:  30.49658203125
Memory cached:  76.0
	 epoch  50 training error:  tensor(0.8242, device='cuda:0', grad_fn=<DivBackward0>)
Memory status after this epoch: 
Memory allocated:  30.49658203125
Memory cached:  76.0
	 epoch  60 training error:  tensor(0.8181, device='cuda:0', grad_fn=<DivBackward0>)
Memory status after this epoch: 
Memory allocated:  30.49658203125
Memory cached:  76.0
	 epoch  70 training error:  tensor(0.8059, device='cuda:0', grad_fn=<DivBackward0>)
Memory status after this epoch: 
Memory allocated:  30.49658203125
Memory cached:  76.0
	 epoch  80 training error:  tensor(0.7939, device='cuda:0', grad_fn=<DivBackward0>)
Memory status after this epoch: 
Memory allocated:  30.49658203125
Memory cached:  76.0
	 epoch  90 training error:  tensor(0.7605, device='cuda:0', grad_fn=<DivBackward0>)
Memory status after this epoch: 
Memory allocated:  30.49658203125
Memory cached:  76.0
[I 2023-12-05 02:15:29,296] Trial 30 finished with value: 0.6835616827011108 and parameters: {'W_layers': 4, 'W_layer_units_exponent_0': 7, 'W_layer_units_exponent_1': 6, 'W_layer_units_exponent_2': 8, 'W_layer_units_exponent_3': 9, 'D_layers': 7, 'D_layer_units_exponent_0': 5, 'D_layer_units_exponent_1': 8, 'D_layer_units_exponent_2': 8, 'D_layer_units_exponent_3': 5, 'D_layer_units_exponent_4': 7, 'D_layer_units_exponent_5': 5, 'D_layer_units_exponent_6': 6, 'log_learning_rate': -3.1578297909862423, 'log_learning_rate_D': -1.9798932530870044, 'training_batch_size': 7, 'training_p': 8}. Best is trial 14 with value: 0.5089516043663025.
Time for this trial:  14.225619554519653
Memory status after this trial: 
Memory allocated:  51.71728515625
Memory cached:  78.0
--------------------  Trial  31   --------------------
Start timing: 
Parameters: 
{'W_layers': 7, 'W_layer_units_exponent_0': 6, 'W_layer_units_exponent_1': 4, 'W_layer_units_exponent_2': 8, 'W_layer_units_exponent_3': 9, 'W_layer_units_exponent_4': 10, 'W_layer_units_exponent_5': 4, 'W_layer_units_exponent_6': 6, 'D_layers': 4, 'D_layer_units_exponent_0': 9, 'D_layer_units_exponent_1': 10, 'D_layer_units_exponent_2': 10, 'D_layer_units_exponent_3': 8, 'log_learning_rate': -2.559302596644221, 'log_learning_rate_D': -2.340386025810648, 'training_batch_size': 7, 'training_p': 2}
	 epoch  0 training error:  tensor(1.0063, device='cuda:0', grad_fn=<DivBackward0>)
Memory status after this epoch: 
Memory allocated:  45.69775390625
Memory cached:  76.0
	 epoch  10 training error:  tensor(0.7087, device='cuda:0', grad_fn=<DivBackward0>)
Memory status after this epoch: 
Memory allocated:  45.69775390625
Memory cached:  76.0
	 epoch  20 training error:  tensor(0.5907, device='cuda:0', grad_fn=<DivBackward0>)
Memory status after this epoch: 
Memory allocated:  45.69775390625
Memory cached:  76.0
	 epoch  30 training error:  tensor(0.5848, device='cuda:0', grad_fn=<DivBackward0>)
Memory status after this epoch: 
Memory allocated:  45.69775390625
Memory cached:  76.0
	 epoch  40 training error:  tensor(0.5754, device='cuda:0', grad_fn=<DivBackward0>)
Memory status after this epoch: 
Memory allocated:  45.69775390625
Memory cached:  76.0
	 epoch  50 training error:  tensor(0.5704, device='cuda:0', grad_fn=<DivBackward0>)
Memory status after this epoch: 
Memory allocated:  45.69775390625
Memory cached:  76.0
	 epoch  60 training error:  tensor(0.5688, device='cuda:0', grad_fn=<DivBackward0>)
Memory status after this epoch: 
Memory allocated:  45.69775390625
Memory cached:  76.0
	 epoch  70 training error:  tensor(0.5684, device='cuda:0', grad_fn=<DivBackward0>)
Memory status after this epoch: 
Memory allocated:  45.69775390625
Memory cached:  76.0
	 epoch  80 training error:  tensor(0.5682, device='cuda:0', grad_fn=<DivBackward0>)
Memory status after this epoch: 
Memory allocated:  45.69775390625
Memory cached:  76.0
	 epoch  90 training error:  tensor(0.5682, device='cuda:0', grad_fn=<DivBackward0>)
Memory status after this epoch: 
Memory allocated:  45.69775390625
Memory cached:  76.0
[I 2023-12-05 02:15:44,761] Trial 31 finished with value: 0.5108607411384583 and parameters: {'W_layers': 7, 'W_layer_units_exponent_0': 6, 'W_layer_units_exponent_1': 4, 'W_layer_units_exponent_2': 8, 'W_layer_units_exponent_3': 9, 'W_layer_units_exponent_4': 10, 'W_layer_units_exponent_5': 4, 'W_layer_units_exponent_6': 6, 'D_layers': 4, 'D_layer_units_exponent_0': 9, 'D_layer_units_exponent_1': 10, 'D_layer_units_exponent_2': 10, 'D_layer_units_exponent_3': 8, 'log_learning_rate': -2.559302596644221, 'log_learning_rate_D': -2.340386025810648, 'training_batch_size': 7, 'training_p': 2}. Best is trial 14 with value: 0.5089516043663025.
Time for this trial:  15.289568185806274
Memory status after this trial: 
Memory allocated:  77.99072265625
Memory cached:  118.0
--------------------  Trial  32   --------------------
Start timing: 
Parameters: 
{'W_layers': 6, 'W_layer_units_exponent_0': 5, 'W_layer_units_exponent_1': 4, 'W_layer_units_exponent_2': 9, 'W_layer_units_exponent_3': 8, 'W_layer_units_exponent_4': 10, 'W_layer_units_exponent_5': 4, 'D_layers': 4, 'D_layer_units_exponent_0': 10, 'D_layer_units_exponent_1': 10, 'D_layer_units_exponent_2': 10, 'D_layer_units_exponent_3': 7, 'log_learning_rate': -2.4481459097572285, 'log_learning_rate_D': -1.3268063487985717, 'training_batch_size': 6, 'training_p': 2}
	 epoch  0 training error:  tensor(1.0697, device='cuda:0', grad_fn=<DivBackward0>)
Memory status after this epoch: 
Memory allocated:  42.8408203125
Memory cached:  80.0
	 epoch  10 training error:  tensor(0.6491, device='cuda:0', grad_fn=<DivBackward0>)
Memory status after this epoch: 
Memory allocated:  42.8408203125
Memory cached:  80.0
	 epoch  20 training error:  tensor(0.7571, device='cuda:0', grad_fn=<DivBackward0>)
Memory status after this epoch: 
Memory allocated:  42.8408203125
Memory cached:  80.0
	 epoch  30 training error:  tensor(0.8126, device='cuda:0', grad_fn=<DivBackward0>)
Memory status after this epoch: 
Memory allocated:  42.8408203125
Memory cached:  80.0
	 epoch  40 training error:  tensor(0.5778, device='cuda:0', grad_fn=<DivBackward0>)
Memory status after this epoch: 
Memory allocated:  42.8408203125
Memory cached:  80.0
	 epoch  50 training error:  tensor(0.5706, device='cuda:0', grad_fn=<DivBackward0>)
Memory status after this epoch: 
Memory allocated:  42.8408203125
Memory cached:  80.0
	 epoch  60 training error:  tensor(0.5693, device='cuda:0', grad_fn=<DivBackward0>)
Memory status after this epoch: 
Memory allocated:  42.8408203125
Memory cached:  80.0
	 epoch  70 training error:  tensor(0.5692, device='cuda:0', grad_fn=<DivBackward0>)
Memory status after this epoch: 
Memory allocated:  42.8408203125
Memory cached:  80.0
	 epoch  80 training error:  tensor(0.5685, device='cuda:0', grad_fn=<DivBackward0>)
Memory status after this epoch: 
Memory allocated:  42.8408203125
Memory cached:  80.0
	 epoch  90 training error:  tensor(0.5712, device='cuda:0', grad_fn=<DivBackward0>)
Memory status after this epoch: 
Memory allocated:  42.8408203125
Memory cached:  80.0
