[I 2023-12-02 23:53:29,165] Trial 3 finished with value: 0.05743039399385452 and parameters: {'W_layers': 7, 'W_layer_units_exponent_0': 4, 'W_layer_units_exponent_1': 9, 'W_layer_units_exponent_2': 6, 'W_layer_units_exponent_3': 6, 'W_layer_units_exponent_4': 9, 'W_layer_units_exponent_5': 8, 'W_layer_units_exponent_6': 6, 'D_layers': 5, 'D_layer_units_exponent_0': 9, 'D_layer_units_exponent_1': 5, 'D_layer_units_exponent_2': 10, 'D_layer_units_exponent_3': 7, 'D_layer_units_exponent_4': 9, 'log_learning_rate': -4.982574324184075, 'log_learning_rate_D': -4.670966448811283, 'training_batch_size': 9, 'training_p': 3}. Best is trial 0 with value: 0.05080590397119522.
Time for this trial:  58.34413766860962
Memory status after this trial: 
Memory allocated:  144.5234375
Memory cached:  150.0
--------------------  Trial  4   --------------------
Start timing: 
Parameters: 
{'W_layers': 8, 'W_layer_units_exponent_0': 8, 'W_layer_units_exponent_1': 4, 'W_layer_units_exponent_2': 9, 'W_layer_units_exponent_3': 9, 'W_layer_units_exponent_4': 7, 'W_layer_units_exponent_5': 7, 'W_layer_units_exponent_6': 7, 'W_layer_units_exponent_7': 9, 'D_layers': 2, 'D_layer_units_exponent_0': 7, 'D_layer_units_exponent_1': 5, 'log_learning_rate': -1.6105011606442576, 'log_learning_rate_D': -2.71944625499957, 'training_batch_size': 8, 'training_p': 4}
	 epoch  0 training error:  tensor(0.4102, device='cuda:0', grad_fn=<DivBackward0>)
Memory status after this epoch: 
Memory allocated:  63.439453125
Memory cached:  70.0
	 epoch  10 training error:  tensor(98.0835, device='cuda:0', grad_fn=<DivBackward0>)
Memory status after this epoch: 
Memory allocated:  63.439453125
Memory cached:  74.0
	 epoch  20 training error:  tensor(125.4429, device='cuda:0', grad_fn=<DivBackward0>)
Memory status after this epoch: 
Memory allocated:  63.439453125
Memory cached:  74.0
	 epoch  30 training error:  tensor(65.8826, device='cuda:0', grad_fn=<DivBackward0>)
Memory status after this epoch: 
Memory allocated:  63.439453125
Memory cached:  74.0
	 epoch  40 training error:  tensor(50.4293, device='cuda:0', grad_fn=<DivBackward0>)
Memory status after this epoch: 
Memory allocated:  63.439453125
Memory cached:  74.0
	 epoch  50 training error:  tensor(35.6993, device='cuda:0', grad_fn=<DivBackward0>)
Memory status after this epoch: 
Memory allocated:  63.439453125
Memory cached:  74.0
	 epoch  60 training error:  tensor(34.1703, device='cuda:0', grad_fn=<DivBackward0>)
Memory status after this epoch: 
Memory allocated:  63.439453125
Memory cached:  74.0
	 epoch  70 training error:  tensor(33.0295, device='cuda:0', grad_fn=<DivBackward0>)
Memory status after this epoch: 
Memory allocated:  63.439453125
Memory cached:  74.0
	 epoch  80 training error:  tensor(3.7759, device='cuda:0', grad_fn=<DivBackward0>)
Memory status after this epoch: 
Memory allocated:  63.439453125
Memory cached:  74.0
	 epoch  90 training error:  tensor(41.0379, device='cuda:0', grad_fn=<DivBackward0>)
Memory status after this epoch: 
Memory allocated:  63.439453125
Memory cached:  74.0
[I 2023-12-02 23:54:18,846] Trial 4 finished with value: 2.26318621635437 and parameters: {'W_layers': 8, 'W_layer_units_exponent_0': 8, 'W_layer_units_exponent_1': 4, 'W_layer_units_exponent_2': 9, 'W_layer_units_exponent_3': 9, 'W_layer_units_exponent_4': 7, 'W_layer_units_exponent_5': 7, 'W_layer_units_exponent_6': 7, 'W_layer_units_exponent_7': 9, 'D_layers': 2, 'D_layer_units_exponent_0': 7, 'D_layer_units_exponent_1': 5, 'log_learning_rate': -1.6105011606442576, 'log_learning_rate_D': -2.71944625499957, 'training_batch_size': 8, 'training_p': 4}. Best is trial 0 with value: 0.05080590397119522.
Time for this trial:  49.545706033706665
Memory status after this trial: 
Memory allocated:  113.9814453125
Memory cached:  118.0
--------------------  Trial  5   --------------------
Start timing: 
Parameters: 
{'W_layers': 7, 'W_layer_units_exponent_0': 7, 'W_layer_units_exponent_1': 9, 'W_layer_units_exponent_2': 10, 'W_layer_units_exponent_3': 9, 'W_layer_units_exponent_4': 7, 'W_layer_units_exponent_5': 10, 'W_layer_units_exponent_6': 10, 'D_layers': 8, 'D_layer_units_exponent_0': 6, 'D_layer_units_exponent_1': 5, 'D_layer_units_exponent_2': 4, 'D_layer_units_exponent_3': 10, 'D_layer_units_exponent_4': 9, 'D_layer_units_exponent_5': 6, 'D_layer_units_exponent_6': 5, 'D_layer_units_exponent_7': 5, 'log_learning_rate': -4.387551574477994, 'log_learning_rate_D': -2.891509157936077, 'training_batch_size': 7, 'training_p': 5}
	 epoch  0 training error:  tensor(1.0183, device='cuda:0', grad_fn=<DivBackward0>)
Memory status after this epoch: 
Memory allocated:  101.578125
Memory cached:  114.0
	 epoch  10 training error:  tensor(0.1902, device='cuda:0', grad_fn=<DivBackward0>)
Memory status after this epoch: 
Memory allocated:  101.578125
Memory cached:  118.0
	 epoch  20 training error:  tensor(0.1036, device='cuda:0', grad_fn=<DivBackward0>)
Memory status after this epoch: 
Memory allocated:  101.578125
Memory cached:  118.0
	 epoch  30 training error:  tensor(0.0666, device='cuda:0', grad_fn=<DivBackward0>)
Memory status after this epoch: 
Memory allocated:  101.578125
Memory cached:  118.0
	 epoch  40 training error:  tensor(0.0623, device='cuda:0', grad_fn=<DivBackward0>)
Memory status after this epoch: 
Memory allocated:  101.578125
Memory cached:  118.0
	 epoch  50 training error:  tensor(0.0608, device='cuda:0', grad_fn=<DivBackward0>)
Memory status after this epoch: 
Memory allocated:  101.578125
Memory cached:  118.0
	 epoch  60 training error:  tensor(0.0562, device='cuda:0', grad_fn=<DivBackward0>)
Memory status after this epoch: 
Memory allocated:  101.578125
Memory cached:  118.0
	 epoch  70 training error:  tensor(0.0486, device='cuda:0', grad_fn=<DivBackward0>)
Memory status after this epoch: 
Memory allocated:  101.578125
Memory cached:  118.0
	 epoch  80 training error:  tensor(0.0428, device='cuda:0', grad_fn=<DivBackward0>)
Memory status after this epoch: 
Memory allocated:  101.578125
Memory cached:  118.0
	 epoch  90 training error:  tensor(0.0438, device='cuda:0', grad_fn=<DivBackward0>)
Memory status after this epoch: 
Memory allocated:  101.578125
Memory cached:  118.0
[I 2023-12-02 23:55:30,453] Trial 5 finished with value: 0.039839114993810654 and parameters: {'W_layers': 7, 'W_layer_units_exponent_0': 7, 'W_layer_units_exponent_1': 9, 'W_layer_units_exponent_2': 10, 'W_layer_units_exponent_3': 9, 'W_layer_units_exponent_4': 7, 'W_layer_units_exponent_5': 10, 'W_layer_units_exponent_6': 10, 'D_layers': 8, 'D_layer_units_exponent_0': 6, 'D_layer_units_exponent_1': 5, 'D_layer_units_exponent_2': 4, 'D_layer_units_exponent_3': 10, 'D_layer_units_exponent_4': 9, 'D_layer_units_exponent_5': 6, 'D_layer_units_exponent_6': 5, 'D_layer_units_exponent_7': 5, 'log_learning_rate': -4.387551574477994, 'log_learning_rate_D': -2.891509157936077, 'training_batch_size': 7, 'training_p': 5}. Best is trial 5 with value: 0.039839114993810654.
res:  tensor(0.0398, device='cuda:0', grad_fn=<DivBackward0>)
self.bestValue:  tensor(0.0508, device='cuda:0', grad_fn=<DivBackward0>)
Save this model!
Time for this trial:  71.47735118865967
Memory status after this trial: 
Memory allocated:  162.53564453125
Memory cached:  240.0
--------------------  Trial  6   --------------------
Start timing: 
Parameters: 
{'W_layers': 4, 'W_layer_units_exponent_0': 6, 'W_layer_units_exponent_1': 4, 'W_layer_units_exponent_2': 7, 'W_layer_units_exponent_3': 7, 'D_layers': 4, 'D_layer_units_exponent_0': 6, 'D_layer_units_exponent_1': 10, 'D_layer_units_exponent_2': 5, 'D_layer_units_exponent_3': 7, 'log_learning_rate': -3.4017531579786464, 'log_learning_rate_D': -3.5416725005629153, 'training_batch_size': 12, 'training_p': 6}
	 epoch  0 training error:  tensor(1.3502, device='cuda:0', grad_fn=<DivBackward0>)
Memory status after this epoch: 
Memory allocated:  164.48046875
Memory cached:  240.0
	 epoch  10 training error:  tensor(0.2003, device='cuda:0', grad_fn=<DivBackward0>)
Memory status after this epoch: 
Memory allocated:  164.48046875
Memory cached:  240.0
	 epoch  20 training error:  tensor(0.1301, device='cuda:0', grad_fn=<DivBackward0>)
Memory status after this epoch: 
Memory allocated:  164.48046875
Memory cached:  240.0
	 epoch  30 training error:  tensor(0.0730, device='cuda:0', grad_fn=<DivBackward0>)
Memory status after this epoch: 
Memory allocated:  164.48046875
Memory cached:  240.0
	 epoch  40 training error:  tensor(0.0737, device='cuda:0', grad_fn=<DivBackward0>)
Memory status after this epoch: 
Memory allocated:  164.48046875
Memory cached:  240.0
	 epoch  50 training error:  tensor(0.0709, device='cuda:0', grad_fn=<DivBackward0>)
Memory status after this epoch: 
Memory allocated:  164.48046875
Memory cached:  240.0
	 epoch  60 training error:  tensor(0.0639, device='cuda:0', grad_fn=<DivBackward0>)
Memory status after this epoch: 
Memory allocated:  164.48046875
Memory cached:  240.0
	 epoch  70 training error:  tensor(0.0618, device='cuda:0', grad_fn=<DivBackward0>)
Memory status after this epoch: 
Memory allocated:  164.48046875
Memory cached:  240.0
	 epoch  80 training error:  tensor(0.0594, device='cuda:0', grad_fn=<DivBackward0>)
Memory status after this epoch: 
Memory allocated:  164.48046875
Memory cached:  240.0
	 epoch  90 training error:  tensor(0.0570, device='cuda:0', grad_fn=<DivBackward0>)
Memory status after this epoch: 
Memory allocated:  164.48046875
Memory cached:  240.0
[I 2023-12-02 23:56:11,614] Trial 6 finished with value: 0.045749273151159286 and parameters: {'W_layers': 4, 'W_layer_units_exponent_0': 6, 'W_layer_units_exponent_1': 4, 'W_layer_units_exponent_2': 7, 'W_layer_units_exponent_3': 7, 'D_layers': 4, 'D_layer_units_exponent_0': 6, 'D_layer_units_exponent_1': 10, 'D_layer_units_exponent_2': 5, 'D_layer_units_exponent_3': 7, 'log_learning_rate': -3.4017531579786464, 'log_learning_rate_D': -3.5416725005629153, 'training_batch_size': 12, 'training_p': 6}. Best is trial 5 with value: 0.039839114993810654.
Time for this trial:  41.0341899394989
Memory status after this trial: 
Memory allocated:  199.6572265625
Memory cached:  240.0
--------------------  Trial  7   --------------------
Start timing: 
Parameters: 
{'W_layers': 4, 'W_layer_units_exponent_0': 5, 'W_layer_units_exponent_1': 7, 'W_layer_units_exponent_2': 10, 'W_layer_units_exponent_3': 6, 'D_layers': 7, 'D_layer_units_exponent_0': 5, 'D_layer_units_exponent_1': 6, 'D_layer_units_exponent_2': 6, 'D_layer_units_exponent_3': 9, 'D_layer_units_exponent_4': 6, 'D_layer_units_exponent_5': 10, 'D_layer_units_exponent_6': 6, 'log_learning_rate': -4.055924030481669, 'log_learning_rate_D': -3.054732428336288, 'training_batch_size': 9, 'training_p': 6}
	 epoch  0 training error:  tensor(1.0003, device='cuda:0', grad_fn=<DivBackward0>)
Memory status after this epoch: 
Memory allocated:  168.794921875
Memory cached:  240.0
	 epoch  10 training error:  tensor(0.1432, device='cuda:0', grad_fn=<DivBackward0>)
Memory status after this epoch: 
Memory allocated:  168.794921875
Memory cached:  240.0
	 epoch  20 training error:  tensor(0.1147, device='cuda:0', grad_fn=<DivBackward0>)
Memory status after this epoch: 
Memory allocated:  168.794921875
Memory cached:  240.0
	 epoch  30 training error:  tensor(0.0878, device='cuda:0', grad_fn=<DivBackward0>)
Memory status after this epoch: 
Memory allocated:  168.794921875
Memory cached:  240.0
	 epoch  40 training error:  tensor(0.0610, device='cuda:0', grad_fn=<DivBackward0>)
Memory status after this epoch: 
Memory allocated:  168.794921875
Memory cached:  240.0
	 epoch  50 training error:  tensor(0.0569, device='cuda:0', grad_fn=<DivBackward0>)
Memory status after this epoch: 
Memory allocated:  168.794921875
Memory cached:  240.0
	 epoch  60 training error:  tensor(0.0497, device='cuda:0', grad_fn=<DivBackward0>)
Memory status after this epoch: 
Memory allocated:  168.794921875
Memory cached:  240.0
	 epoch  70 training error:  tensor(0.0464, device='cuda:0', grad_fn=<DivBackward0>)
Memory status after this epoch: 
Memory allocated:  168.794921875
Memory cached:  240.0
	 epoch  80 training error:  tensor(0.0514, device='cuda:0', grad_fn=<DivBackward0>)
Memory status after this epoch: 
Memory allocated:  168.794921875
Memory cached:  240.0
	 epoch  90 training error:  tensor(0.0455, device='cuda:0', grad_fn=<DivBackward0>)
Memory status after this epoch: 
Memory allocated:  168.794921875
Memory cached:  240.0
[I 2023-12-02 23:57:04,301] Trial 7 finished with value: 0.044243570417165756 and parameters: {'W_layers': 4, 'W_layer_units_exponent_0': 5, 'W_layer_units_exponent_1': 7, 'W_layer_units_exponent_2': 10, 'W_layer_units_exponent_3': 6, 'D_layers': 7, 'D_layer_units_exponent_0': 5, 'D_layer_units_exponent_1': 6, 'D_layer_units_exponent_2': 6, 'D_layer_units_exponent_3': 9, 'D_layer_units_exponent_4': 6, 'D_layer_units_exponent_5': 10, 'D_layer_units_exponent_6': 6, 'log_learning_rate': -4.055924030481669, 'log_learning_rate_D': -3.054732428336288, 'training_batch_size': 9, 'training_p': 6}. Best is trial 5 with value: 0.039839114993810654.
Time for this trial:  52.55794596672058
Memory status after this trial: 
Memory allocated:  235.6669921875
Memory cached:  260.0
--------------------  Trial  8   --------------------
Start timing: 
Parameters: 
{'W_layers': 2, 'W_layer_units_exponent_0': 7, 'W_layer_units_exponent_1': 7, 'D_layers': 7, 'D_layer_units_exponent_0': 9, 'D_layer_units_exponent_1': 7, 'D_layer_units_exponent_2': 7, 'D_layer_units_exponent_3': 9, 'D_layer_units_exponent_4': 5, 'D_layer_units_exponent_5': 9, 'D_layer_units_exponent_6': 5, 'log_learning_rate': -1.6344884577569228, 'log_learning_rate_D': -2.7280370058360806, 'training_batch_size': 11, 'training_p': 2}
	 epoch  0 training error:  tensor(0.5929, device='cuda:0', grad_fn=<DivBackward0>)
Memory status after this epoch: 
Memory allocated:  165.91796875
Memory cached:  240.0
	 epoch  10 training error:  tensor(1.5724, device='cuda:0', grad_fn=<DivBackward0>)
Memory status after this epoch: 
Memory allocated:  165.91796875
Memory cached:  240.0
	 epoch  20 training error:  tensor(1.1879, device='cuda:0', grad_fn=<DivBackward0>)
Memory status after this epoch: 
Memory allocated:  165.91796875
Memory cached:  240.0
	 epoch  30 training error:  tensor(1.0593, device='cuda:0', grad_fn=<DivBackward0>)
Memory status after this epoch: 
Memory allocated:  165.91796875
Memory cached:  240.0
	 epoch  40 training error:  tensor(0.7281, device='cuda:0', grad_fn=<DivBackward0>)
Memory status after this epoch: 
Memory allocated:  165.91796875
Memory cached:  240.0
	 epoch  50 training error:  tensor(0.1270, device='cuda:0', grad_fn=<DivBackward0>)
Memory status after this epoch: 
Memory allocated:  165.91796875
Memory cached:  240.0
	 epoch  60 training error:  tensor(0.0662, device='cuda:0', grad_fn=<DivBackward0>)
Memory status after this epoch: 
Memory allocated:  165.91796875
Memory cached:  240.0
	 epoch  70 training error:  tensor(0.1325, device='cuda:0', grad_fn=<DivBackward0>)
Memory status after this epoch: 
Memory allocated:  165.91796875
Memory cached:  240.0
	 epoch  80 training error:  tensor(0.1427, device='cuda:0', grad_fn=<DivBackward0>)
Memory status after this epoch: 
Memory allocated:  165.91796875
Memory cached:  240.0
	 epoch  90 training error:  tensor(0.1574, device='cuda:0', grad_fn=<DivBackward0>)
Memory status after this epoch: 
Memory allocated:  165.91796875
Memory cached:  240.0
[I 2023-12-02 23:57:49,363] Trial 8 finished with value: 0.09860589355230331 and parameters: {'W_layers': 2, 'W_layer_units_exponent_0': 7, 'W_layer_units_exponent_1': 7, 'D_layers': 7, 'D_layer_units_exponent_0': 9, 'D_layer_units_exponent_1': 7, 'D_layer_units_exponent_2': 7, 'D_layer_units_exponent_3': 9, 'D_layer_units_exponent_4': 5, 'D_layer_units_exponent_5': 9, 'D_layer_units_exponent_6': 5, 'log_learning_rate': -1.6344884577569228, 'log_learning_rate_D': -2.7280370058360806, 'training_batch_size': 11, 'training_p': 2}. Best is trial 5 with value: 0.039839114993810654.
Time for this trial:  44.93851351737976
Memory status after this trial: 
Memory allocated:  212.24853515625
Memory cached:  240.0
--------------------  Trial  9   --------------------
Start timing: 
Parameters: 
{'W_layers': 6, 'W_layer_units_exponent_0': 9, 'W_layer_units_exponent_1': 7, 'W_layer_units_exponent_2': 4, 'W_layer_units_exponent_3': 4, 'W_layer_units_exponent_4': 7, 'W_layer_units_exponent_5': 7, 'D_layers': 7, 'D_layer_units_exponent_0': 5, 'D_layer_units_exponent_1': 4, 'D_layer_units_exponent_2': 10, 'D_layer_units_exponent_3': 6, 'D_layer_units_exponent_4': 6, 'D_layer_units_exponent_5': 10, 'D_layer_units_exponent_6': 7, 'log_learning_rate': -2.1583567589878028, 'log_learning_rate_D': -1.5793808447765207, 'training_batch_size': 11, 'training_p': 4}
	 epoch  0 training error:  tensor(1.6419, device='cuda:0', grad_fn=<DivBackward0>)
Memory status after this epoch: 
Memory allocated:  168.326171875
Memory cached:  242.0
	 epoch  10 training error:  tensor(279.8609, device='cuda:0', grad_fn=<DivBackward0>)
Memory status after this epoch: 
Memory allocated:  168.326171875
Memory cached:  242.0
[W 2023-12-02 23:57:57,824] Trial 9 failed with parameters: {'W_layers': 6, 'W_layer_units_exponent_0': 9, 'W_layer_units_exponent_1': 7, 'W_layer_units_exponent_2': 4, 'W_layer_units_exponent_3': 4, 'W_layer_units_exponent_4': 7, 'W_layer_units_exponent_5': 7, 'D_layers': 7, 'D_layer_units_exponent_0': 5, 'D_layer_units_exponent_1': 4, 'D_layer_units_exponent_2': 10, 'D_layer_units_exponent_3': 6, 'D_layer_units_exponent_4': 6, 'D_layer_units_exponent_5': 10, 'D_layer_units_exponent_6': 7, 'log_learning_rate': -2.1583567589878028, 'log_learning_rate_D': -1.5793808447765207, 'training_batch_size': 11, 'training_p': 4} because of the following error: The value nan is not acceptable.
[W 2023-12-02 23:57:57,825] Trial 9 failed with value tensor(nan, device='cuda:0', grad_fn=<DivBackward0>).
Time for this trial:  8.319855213165283
Memory status after this trial: 
Memory allocated:  240.29150390625
Memory cached:  264.0
--------------------  Trial  10   --------------------
Start timing: 
Parameters: 
{'W_layers': 7, 'W_layer_units_exponent_0': 5, 'W_layer_units_exponent_1': 6, 'W_layer_units_exponent_2': 7, 'W_layer_units_exponent_3': 9, 'W_layer_units_exponent_4': 4, 'W_layer_units_exponent_5': 8, 'W_layer_units_exponent_6': 5, 'D_layers': 5, 'D_layer_units_exponent_0': 4, 'D_layer_units_exponent_1': 5, 'D_layer_units_exponent_2': 9, 'D_layer_units_exponent_3': 8, 'D_layer_units_exponent_4': 5, 'log_learning_rate': -2.2795834727435116, 'log_learning_rate_D': -4.155211323805128, 'training_batch_size': 12, 'training_p': 3}
	 epoch  0 training error:  tensor(1.0601, device='cuda:0', grad_fn=<DivBackward0>)
Memory status after this epoch: 
Memory allocated:  166.470703125
Memory cached:  240.0
	 epoch  10 training error:  tensor(0.4238, device='cuda:0', grad_fn=<DivBackward0>)
Memory status after this epoch: 
Memory allocated:  166.470703125
Memory cached:  244.0
	 epoch  20 training error:  tensor(0.1337, device='cuda:0', grad_fn=<DivBackward0>)
Memory status after this epoch: 
Memory allocated:  166.470703125
Memory cached:  244.0
	 epoch  30 training error:  tensor(0.1449, device='cuda:0', grad_fn=<DivBackward0>)
Memory status after this epoch: 
Memory allocated:  166.470703125
Memory cached:  244.0
	 epoch  40 training error:  tensor(0.1541, device='cuda:0', grad_fn=<DivBackward0>)
Memory status after this epoch: 
Memory allocated:  166.470703125
Memory cached:  244.0
	 epoch  50 training error:  tensor(0.0594, device='cuda:0', grad_fn=<DivBackward0>)
Memory status after this epoch: 
Memory allocated:  166.470703125
Memory cached:  244.0
	 epoch  60 training error:  tensor(0.0581, device='cuda:0', grad_fn=<DivBackward0>)
Memory status after this epoch: 
Memory allocated:  166.470703125
Memory cached:  244.0
	 epoch  70 training error:  tensor(0.0534, device='cuda:0', grad_fn=<DivBackward0>)
Memory status after this epoch: 
Memory allocated:  166.470703125
Memory cached:  244.0
	 epoch  80 training error:  tensor(0.0510, device='cuda:0', grad_fn=<DivBackward0>)
Memory status after this epoch: 
Memory allocated:  166.470703125
Memory cached:  244.0
	 epoch  90 training error:  tensor(0.0485, device='cuda:0', grad_fn=<DivBackward0>)
Memory status after this epoch: 
Memory allocated:  166.470703125
Memory cached:  244.0
