[I 2023-12-03 01:45:06,790] Trial 44 finished with value: 0.15612724423408508 and parameters: {'W_layers': 3, 'W_layer_units_exponent_0': 8, 'W_layer_units_exponent_1': 4, 'W_layer_units_exponent_2': 9, 'D_layers': 6, 'D_layer_units_exponent_0': 8, 'D_layer_units_exponent_1': 6, 'D_layer_units_exponent_2': 6, 'D_layer_units_exponent_3': 4, 'D_layer_units_exponent_4': 5, 'D_layer_units_exponent_5': 8, 'D_dagger_layers': 6, 'D_dagger_layer_units_exponent_0': 6, 'D_dagger_layer_units_exponent_1': 9, 'D_dagger_layer_units_exponent_2': 9, 'D_dagger_layer_units_exponent_3': 9, 'D_dagger_layer_units_exponent_4': 9, 'D_dagger_layer_units_exponent_5': 5, 'log_learning_rate': -3.466894495252279, 'log_learning_rate_D': -1.8702058372984833, 'log_learning_rate_D_dagger': -3.394159622271869, 'training_batch_size': 9, 'training_p': 6}. Best is trial 28 with value: 0.010422646068036556.
Time for this trial:  195.94336366653442
Memory status after this trial: 
Memory allocated:  299.63720703125
Memory cached:  468.0
--------------------  Trial  45   --------------------
Start timing: 
Parameters: 
{'W_layers': 4, 'W_layer_units_exponent_0': 5, 'W_layer_units_exponent_1': 6, 'W_layer_units_exponent_2': 4, 'W_layer_units_exponent_3': 4, 'D_layers': 7, 'D_layer_units_exponent_0': 6, 'D_layer_units_exponent_1': 5, 'D_layer_units_exponent_2': 5, 'D_layer_units_exponent_3': 5, 'D_layer_units_exponent_4': 8, 'D_layer_units_exponent_5': 9, 'D_layer_units_exponent_6': 9, 'D_dagger_layers': 5, 'D_dagger_layer_units_exponent_0': 8, 'D_dagger_layer_units_exponent_1': 4, 'D_dagger_layer_units_exponent_2': 10, 'D_dagger_layer_units_exponent_3': 7, 'D_dagger_layer_units_exponent_4': 6, 'log_learning_rate': -4.720597727555474, 'log_learning_rate_D': -1.16136194778267, 'log_learning_rate_D_dagger': -3.7088467701305126, 'training_batch_size': 12, 'training_p': 5}
	 epoch  0 training error:  tensor(0.9961, device='cuda:0', grad_fn=<DivBackward0>)
Memory status after this epoch: 
Memory allocated:  114.357421875
Memory cached:  464.0
	 epoch  10 training error:  tensor(0.9847, device='cuda:0', grad_fn=<DivBackward0>)
Memory status after this epoch: 
Memory allocated:  114.357421875
Memory cached:  476.0
	 epoch  20 training error:  tensor(0.9540, device='cuda:0', grad_fn=<DivBackward0>)
Memory status after this epoch: 
Memory allocated:  114.357421875
Memory cached:  470.0
	 epoch  30 training error:  tensor(0.8606, device='cuda:0', grad_fn=<DivBackward0>)
Memory status after this epoch: 
Memory allocated:  114.357421875
Memory cached:  472.0
	 epoch  40 training error:  tensor(0.6489, device='cuda:0', grad_fn=<DivBackward0>)
Memory status after this epoch: 
Memory allocated:  114.357421875
Memory cached:  478.0
	 epoch  50 training error:  tensor(0.6473, device='cuda:0', grad_fn=<DivBackward0>)
Memory status after this epoch: 
Memory allocated:  114.357421875
Memory cached:  472.0
	 epoch  60 training error:  tensor(0.4782, device='cuda:0', grad_fn=<DivBackward0>)
Memory status after this epoch: 
Memory allocated:  114.357421875
Memory cached:  476.0
	 epoch  70 training error:  tensor(0.1896, device='cuda:0', grad_fn=<DivBackward0>)
Memory status after this epoch: 
Memory allocated:  114.357421875
Memory cached:  474.0
	 epoch  80 training error:  tensor(0.1890, device='cuda:0', grad_fn=<DivBackward0>)
Memory status after this epoch: 
Memory allocated:  114.357421875
Memory cached:  470.0
	 epoch  90 training error:  tensor(0.1849, device='cuda:0', grad_fn=<DivBackward0>)
Memory status after this epoch: 
Memory allocated:  114.357421875
Memory cached:  474.0
[I 2023-12-03 01:48:24,754] Trial 45 finished with value: 0.14260131120681763 and parameters: {'W_layers': 4, 'W_layer_units_exponent_0': 5, 'W_layer_units_exponent_1': 6, 'W_layer_units_exponent_2': 4, 'W_layer_units_exponent_3': 4, 'D_layers': 7, 'D_layer_units_exponent_0': 6, 'D_layer_units_exponent_1': 5, 'D_layer_units_exponent_2': 5, 'D_layer_units_exponent_3': 5, 'D_layer_units_exponent_4': 8, 'D_layer_units_exponent_5': 9, 'D_layer_units_exponent_6': 9, 'D_dagger_layers': 5, 'D_dagger_layer_units_exponent_0': 8, 'D_dagger_layer_units_exponent_1': 4, 'D_dagger_layer_units_exponent_2': 10, 'D_dagger_layer_units_exponent_3': 7, 'D_dagger_layer_units_exponent_4': 6, 'log_learning_rate': -4.720597727555474, 'log_learning_rate_D': -1.16136194778267, 'log_learning_rate_D_dagger': -3.7088467701305126, 'training_batch_size': 12, 'training_p': 5}. Best is trial 28 with value: 0.010422646068036556.
Time for this trial:  197.68716597557068
Memory status after this trial: 
Memory allocated:  268.7197265625
Memory cached:  468.0
--------------------  Trial  46   --------------------
Start timing: 
Parameters: 
{'W_layers': 2, 'W_layer_units_exponent_0': 7, 'W_layer_units_exponent_1': 7, 'D_layers': 8, 'D_layer_units_exponent_0': 6, 'D_layer_units_exponent_1': 7, 'D_layer_units_exponent_2': 4, 'D_layer_units_exponent_3': 4, 'D_layer_units_exponent_4': 7, 'D_layer_units_exponent_5': 10, 'D_layer_units_exponent_6': 8, 'D_layer_units_exponent_7': 4, 'D_dagger_layers': 3, 'D_dagger_layer_units_exponent_0': 7, 'D_dagger_layer_units_exponent_1': 8, 'D_dagger_layer_units_exponent_2': 9, 'log_learning_rate': -4.436992494435291, 'log_learning_rate_D': -2.152333417971626, 'log_learning_rate_D_dagger': -2.7543494252057914, 'training_batch_size': 10, 'training_p': 4}
	 epoch  0 training error:  tensor(1.0657, device='cuda:0', grad_fn=<DivBackward0>)
Memory status after this epoch: 
Memory allocated:  114.669921875
Memory cached:  462.0
	 epoch  10 training error:  tensor(0.3451, device='cuda:0', grad_fn=<DivBackward0>)
Memory status after this epoch: 
Memory allocated:  114.669921875
Memory cached:  472.0
	 epoch  20 training error:  tensor(0.1627, device='cuda:0', grad_fn=<DivBackward0>)
Memory status after this epoch: 
Memory allocated:  114.669921875
Memory cached:  468.0
	 epoch  30 training error:  tensor(0.1306, device='cuda:0', grad_fn=<DivBackward0>)
Memory status after this epoch: 
Memory allocated:  114.669921875
Memory cached:  470.0
	 epoch  40 training error:  tensor(0.1318, device='cuda:0', grad_fn=<DivBackward0>)
Memory status after this epoch: 
Memory allocated:  114.669921875
Memory cached:  468.0
	 epoch  50 training error:  tensor(0.1315, device='cuda:0', grad_fn=<DivBackward0>)
Memory status after this epoch: 
Memory allocated:  114.669921875
Memory cached:  470.0
	 epoch  60 training error:  tensor(0.1292, device='cuda:0', grad_fn=<DivBackward0>)
Memory status after this epoch: 
Memory allocated:  114.669921875
Memory cached:  470.0
	 epoch  70 training error:  tensor(0.1293, device='cuda:0', grad_fn=<DivBackward0>)
Memory status after this epoch: 
Memory allocated:  114.669921875
Memory cached:  468.0
	 epoch  80 training error:  tensor(0.1292, device='cuda:0', grad_fn=<DivBackward0>)
Memory status after this epoch: 
Memory allocated:  114.669921875
Memory cached:  466.0
	 epoch  90 training error:  tensor(0.1292, device='cuda:0', grad_fn=<DivBackward0>)
Memory status after this epoch: 
Memory allocated:  114.669921875
Memory cached:  468.0
[I 2023-12-03 01:51:19,111] Trial 46 finished with value: 0.10605799406766891 and parameters: {'W_layers': 2, 'W_layer_units_exponent_0': 7, 'W_layer_units_exponent_1': 7, 'D_layers': 8, 'D_layer_units_exponent_0': 6, 'D_layer_units_exponent_1': 7, 'D_layer_units_exponent_2': 4, 'D_layer_units_exponent_3': 4, 'D_layer_units_exponent_4': 7, 'D_layer_units_exponent_5': 10, 'D_layer_units_exponent_6': 8, 'D_layer_units_exponent_7': 4, 'D_dagger_layers': 3, 'D_dagger_layer_units_exponent_0': 7, 'D_dagger_layer_units_exponent_1': 8, 'D_dagger_layer_units_exponent_2': 9, 'log_learning_rate': -4.436992494435291, 'log_learning_rate_D': -2.152333417971626, 'log_learning_rate_D_dagger': -2.7543494252057914, 'training_batch_size': 10, 'training_p': 4}. Best is trial 28 with value: 0.010422646068036556.
Time for this trial:  174.09861421585083
Memory status after this trial: 
Memory allocated:  254.56201171875
Memory cached:  464.0
--------------------  Trial  47   --------------------
Start timing: 
Parameters: 
{'W_layers': 4, 'W_layer_units_exponent_0': 5, 'W_layer_units_exponent_1': 5, 'W_layer_units_exponent_2': 6, 'W_layer_units_exponent_3': 6, 'D_layers': 6, 'D_layer_units_exponent_0': 4, 'D_layer_units_exponent_1': 6, 'D_layer_units_exponent_2': 8, 'D_layer_units_exponent_3': 5, 'D_layer_units_exponent_4': 6, 'D_layer_units_exponent_5': 7, 'D_dagger_layers': 4, 'D_dagger_layer_units_exponent_0': 6, 'D_dagger_layer_units_exponent_1': 7, 'D_dagger_layer_units_exponent_2': 10, 'D_dagger_layer_units_exponent_3': 8, 'log_learning_rate': -3.7339950886674007, 'log_learning_rate_D': -1.9479394178912752, 'log_learning_rate_D_dagger': -3.0591098585572047, 'training_batch_size': 11, 'training_p': 4}
	 epoch  0 training error:  tensor(0.9917, device='cuda:0', grad_fn=<DivBackward0>)
Memory status after this epoch: 
Memory allocated:  112.4375
Memory cached:  464.0
	 epoch  10 training error:  tensor(0.1367, device='cuda:0', grad_fn=<DivBackward0>)
Memory status after this epoch: 
Memory allocated:  112.4375
Memory cached:  466.0
	 epoch  20 training error:  tensor(0.1443, device='cuda:0', grad_fn=<DivBackward0>)
Memory status after this epoch: 
Memory allocated:  112.4375
Memory cached:  462.0
	 epoch  30 training error:  tensor(0.1371, device='cuda:0', grad_fn=<DivBackward0>)
Memory status after this epoch: 
Memory allocated:  112.4375
Memory cached:  462.0
	 epoch  40 training error:  tensor(0.1321, device='cuda:0', grad_fn=<DivBackward0>)
Memory status after this epoch: 
Memory allocated:  112.4375
Memory cached:  466.0
	 epoch  50 training error:  tensor(0.1279, device='cuda:0', grad_fn=<DivBackward0>)
Memory status after this epoch: 
Memory allocated:  112.4375
Memory cached:  466.0
	 epoch  60 training error:  tensor(0.1277, device='cuda:0', grad_fn=<DivBackward0>)
Memory status after this epoch: 
Memory allocated:  112.4375
Memory cached:  462.0
	 epoch  70 training error:  tensor(0.0887, device='cuda:0', grad_fn=<DivBackward0>)
Memory status after this epoch: 
Memory allocated:  112.4375
Memory cached:  470.0
	 epoch  80 training error:  tensor(0.1383, device='cuda:0', grad_fn=<DivBackward0>)
Memory status after this epoch: 
Memory allocated:  112.4375
Memory cached:  464.0
	 epoch  90 training error:  tensor(0.0803, device='cuda:0', grad_fn=<DivBackward0>)
Memory status after this epoch: 
Memory allocated:  112.4375
Memory cached:  464.0
[I 2023-12-03 01:54:16,134] Trial 47 finished with value: 0.045290060341358185 and parameters: {'W_layers': 4, 'W_layer_units_exponent_0': 5, 'W_layer_units_exponent_1': 5, 'W_layer_units_exponent_2': 6, 'W_layer_units_exponent_3': 6, 'D_layers': 6, 'D_layer_units_exponent_0': 4, 'D_layer_units_exponent_1': 6, 'D_layer_units_exponent_2': 8, 'D_layer_units_exponent_3': 5, 'D_layer_units_exponent_4': 6, 'D_layer_units_exponent_5': 7, 'D_dagger_layers': 4, 'D_dagger_layer_units_exponent_0': 6, 'D_dagger_layer_units_exponent_1': 7, 'D_dagger_layer_units_exponent_2': 10, 'D_dagger_layer_units_exponent_3': 8, 'log_learning_rate': -3.7339950886674007, 'log_learning_rate_D': -1.9479394178912752, 'log_learning_rate_D_dagger': -3.0591098585572047, 'training_batch_size': 11, 'training_p': 4}. Best is trial 28 with value: 0.010422646068036556.
Time for this trial:  176.74808812141418
Memory status after this trial: 
Memory allocated:  224.54638671875
Memory cached:  462.0
--------------------  Trial  48   --------------------
Start timing: 
Parameters: 
{'W_layers': 2, 'W_layer_units_exponent_0': 8, 'W_layer_units_exponent_1': 7, 'D_layers': 2, 'D_layer_units_exponent_0': 10, 'D_layer_units_exponent_1': 4, 'D_dagger_layers': 6, 'D_dagger_layer_units_exponent_0': 9, 'D_dagger_layer_units_exponent_1': 9, 'D_dagger_layer_units_exponent_2': 8, 'D_dagger_layer_units_exponent_3': 7, 'D_dagger_layer_units_exponent_4': 4, 'D_dagger_layer_units_exponent_5': 7, 'log_learning_rate': -3.0855143545441717, 'log_learning_rate_D': -1.3586295471044159, 'log_learning_rate_D_dagger': -3.489455820868511, 'training_batch_size': 12, 'training_p': 5}
	 epoch  0 training error:  tensor(1.0310, device='cuda:0', grad_fn=<DivBackward0>)
Memory status after this epoch: 
Memory allocated:  113.0
Memory cached:  464.0
	 epoch  10 training error:  tensor(0.1962, device='cuda:0', grad_fn=<DivBackward0>)
Memory status after this epoch: 
Memory allocated:  113.0
Memory cached:  480.0
	 epoch  20 training error:  tensor(0.1981, device='cuda:0', grad_fn=<DivBackward0>)
Memory status after this epoch: 
Memory allocated:  113.0
Memory cached:  474.0
	 epoch  30 training error:  tensor(0.1817, device='cuda:0', grad_fn=<DivBackward0>)
Memory status after this epoch: 
Memory allocated:  113.0
Memory cached:  480.0
	 epoch  40 training error:  tensor(0.1838, device='cuda:0', grad_fn=<DivBackward0>)
Memory status after this epoch: 
Memory allocated:  113.0
Memory cached:  472.0
	 epoch  50 training error:  tensor(0.1814, device='cuda:0', grad_fn=<DivBackward0>)
Memory status after this epoch: 
Memory allocated:  113.0
Memory cached:  476.0
	 epoch  60 training error:  tensor(0.1813, device='cuda:0', grad_fn=<DivBackward0>)
Memory status after this epoch: 
Memory allocated:  113.0
Memory cached:  478.0
	 epoch  70 training error:  tensor(0.1813, device='cuda:0', grad_fn=<DivBackward0>)
Memory status after this epoch: 
Memory allocated:  113.0
Memory cached:  476.0
	 epoch  80 training error:  tensor(0.1812, device='cuda:0', grad_fn=<DivBackward0>)
Memory status after this epoch: 
Memory allocated:  113.0
Memory cached:  480.0
	 epoch  90 training error:  tensor(0.1811, device='cuda:0', grad_fn=<DivBackward0>)
Memory status after this epoch: 
Memory allocated:  113.0
Memory cached:  472.0
[I 2023-12-03 01:56:51,235] Trial 48 finished with value: 0.11526276171207428 and parameters: {'W_layers': 2, 'W_layer_units_exponent_0': 8, 'W_layer_units_exponent_1': 7, 'D_layers': 2, 'D_layer_units_exponent_0': 10, 'D_layer_units_exponent_1': 4, 'D_dagger_layers': 6, 'D_dagger_layer_units_exponent_0': 9, 'D_dagger_layer_units_exponent_1': 9, 'D_dagger_layer_units_exponent_2': 8, 'D_dagger_layer_units_exponent_3': 7, 'D_dagger_layer_units_exponent_4': 4, 'D_dagger_layer_units_exponent_5': 7, 'log_learning_rate': -3.0855143545441717, 'log_learning_rate_D': -1.3586295471044159, 'log_learning_rate_D_dagger': -3.489455820868511, 'training_batch_size': 12, 'training_p': 5}. Best is trial 28 with value: 0.010422646068036556.
Time for this trial:  154.87111377716064
Memory status after this trial: 
Memory allocated:  266.21337890625
Memory cached:  470.0
--------------------  Trial  49   --------------------
Start timing: 
Parameters: 
{'W_layers': 3, 'W_layer_units_exponent_0': 6, 'W_layer_units_exponent_1': 6, 'W_layer_units_exponent_2': 7, 'D_layers': 4, 'D_layer_units_exponent_0': 5, 'D_layer_units_exponent_1': 7, 'D_layer_units_exponent_2': 6, 'D_layer_units_exponent_3': 6, 'D_dagger_layers': 4, 'D_dagger_layer_units_exponent_0': 4, 'D_dagger_layer_units_exponent_1': 10, 'D_dagger_layer_units_exponent_2': 7, 'D_dagger_layer_units_exponent_3': 9, 'log_learning_rate': -4.262330288222148, 'log_learning_rate_D': -1.7374632347178165, 'log_learning_rate_D_dagger': -3.1421121690235423, 'training_batch_size': 8, 'training_p': 6}
	 epoch  0 training error:  tensor(0.9552, device='cuda:0', grad_fn=<DivBackward0>)
Memory status after this epoch: 
Memory allocated:  109.34375
Memory cached:  460.0
	 epoch  10 training error:  tensor(0.2200, device='cuda:0', grad_fn=<DivBackward0>)
Memory status after this epoch: 
Memory allocated:  109.34375
Memory cached:  460.0
	 epoch  20 training error:  tensor(0.1746, device='cuda:0', grad_fn=<DivBackward0>)
Memory status after this epoch: 
Memory allocated:  109.34375
Memory cached:  462.0
	 epoch  30 training error:  tensor(0.1569, device='cuda:0', grad_fn=<DivBackward0>)
Memory status after this epoch: 
Memory allocated:  109.34375
Memory cached:  462.0
	 epoch  40 training error:  tensor(0.1469, device='cuda:0', grad_fn=<DivBackward0>)
Memory status after this epoch: 
Memory allocated:  109.34375
Memory cached:  464.0
	 epoch  50 training error:  tensor(0.1440, device='cuda:0', grad_fn=<DivBackward0>)
Memory status after this epoch: 
Memory allocated:  109.34375
Memory cached:  462.0
	 epoch  60 training error:  tensor(0.1417, device='cuda:0', grad_fn=<DivBackward0>)
Memory status after this epoch: 
Memory allocated:  109.34375
Memory cached:  464.0
	 epoch  70 training error:  tensor(0.1411, device='cuda:0', grad_fn=<DivBackward0>)
Memory status after this epoch: 
Memory allocated:  109.34375
Memory cached:  462.0
	 epoch  80 training error:  tensor(0.1406, device='cuda:0', grad_fn=<DivBackward0>)
Memory status after this epoch: 
Memory allocated:  109.34375
Memory cached:  460.0
	 epoch  90 training error:  tensor(0.1400, device='cuda:0', grad_fn=<DivBackward0>)
Memory status after this epoch: 
Memory allocated:  109.34375
Memory cached:  462.0
[I 2023-12-03 01:59:25,610] Trial 49 finished with value: 0.11313142627477646 and parameters: {'W_layers': 3, 'W_layer_units_exponent_0': 6, 'W_layer_units_exponent_1': 6, 'W_layer_units_exponent_2': 7, 'D_layers': 4, 'D_layer_units_exponent_0': 5, 'D_layer_units_exponent_1': 7, 'D_layer_units_exponent_2': 6, 'D_layer_units_exponent_3': 6, 'D_dagger_layers': 4, 'D_dagger_layer_units_exponent_0': 4, 'D_dagger_layer_units_exponent_1': 10, 'D_dagger_layer_units_exponent_2': 7, 'D_dagger_layer_units_exponent_3': 9, 'log_learning_rate': -4.262330288222148, 'log_learning_rate_D': -1.7374632347178165, 'log_learning_rate_D_dagger': -3.1421121690235423, 'training_batch_size': 8, 'training_p': 6}. Best is trial 28 with value: 0.010422646068036556.
[I 2023-12-03 01:59:25,679] A new study created in memory with name: no-name-c0a808b9-074a-4755-8a18-c7e15a7dd5f4
Time for this trial:  154.13399744033813
Memory status after this trial: 
Memory allocated:  221.1884765625
Memory cached:  458.0
--------------------  Trial  0   --------------------
Start timing: 
Parameters: 
{'W_layers': 7, 'W_layer_units_exponent_0': 6, 'W_layer_units_exponent_1': 5, 'W_layer_units_exponent_2': 8, 'W_layer_units_exponent_3': 7, 'W_layer_units_exponent_4': 4, 'W_layer_units_exponent_5': 4, 'W_layer_units_exponent_6': 10, 'D_layers': 2, 'D_layer_units_exponent_0': 10, 'D_layer_units_exponent_1': 5, 'D_dagger_layers': 3, 'D_dagger_layer_units_exponent_0': 8, 'D_dagger_layer_units_exponent_1': 6, 'D_dagger_layer_units_exponent_2': 10, 'log_learning_rate': -4.721797990256418, 'log_learning_rate_D': -4.343420888937276, 'log_learning_rate_D_dagger': -4.984662305318376, 'training_batch_size': 7, 'training_p': 7}
	 epoch  0 training error:  tensor(0.9965, device='cuda:0', grad_fn=<DivBackward0>)
Memory status after this epoch: 
Memory allocated:  2.9521484375
Memory cached:  130.0
	 epoch  10 training error:  tensor(0.9764, device='cuda:0', grad_fn=<DivBackward0>)
Memory status after this epoch: 
Memory allocated:  2.9521484375
Memory cached:  206.0
	 epoch  20 training error:  tensor(0.9570, device='cuda:0', grad_fn=<DivBackward0>)
Memory status after this epoch: 
Memory allocated:  2.9521484375
Memory cached:  216.0
	 epoch  30 training error:  tensor(0.9369, device='cuda:0', grad_fn=<DivBackward0>)
Memory status after this epoch: 
Memory allocated:  2.9521484375
Memory cached:  196.0
	 epoch  40 training error:  tensor(0.9147, device='cuda:0', grad_fn=<DivBackward0>)
Memory status after this epoch: 
Memory allocated:  2.9521484375
Memory cached:  210.0
	 epoch  50 training error:  tensor(0.8891, device='cuda:0', grad_fn=<DivBackward0>)
Memory status after this epoch: 
Memory allocated:  2.9521484375
Memory cached:  206.0
	 epoch  60 training error:  tensor(0.8590, device='cuda:0', grad_fn=<DivBackward0>)
Memory status after this epoch: 
Memory allocated:  2.9521484375
Memory cached:  212.0
	 epoch  70 training error:  tensor(0.8234, device='cuda:0', grad_fn=<DivBackward0>)
Memory status after this epoch: 
Memory allocated:  2.9521484375
Memory cached:  214.0
	 epoch  80 training error:  tensor(0.7813, device='cuda:0', grad_fn=<DivBackward0>)
Memory status after this epoch: 
Memory allocated:  2.9521484375
Memory cached:  212.0
	 epoch  90 training error:  tensor(0.7316, device='cuda:0', grad_fn=<DivBackward0>)
Memory status after this epoch: 
Memory allocated:  2.9521484375
Memory cached:  216.0
