[I 2023-12-05 00:58:10,219] Trial 30 finished with value: 0.21308103203773499 and parameters: {'W_layers': 7, 'W_layer_units_exponent_0': 6, 'W_layer_units_exponent_1': 9, 'W_layer_units_exponent_2': 8, 'W_layer_units_exponent_3': 5, 'W_layer_units_exponent_4': 10, 'W_layer_units_exponent_5': 6, 'W_layer_units_exponent_6': 8, 'D_layers': 3, 'D_layer_units_exponent_0': 4, 'D_layer_units_exponent_1': 6, 'D_layer_units_exponent_2': 6, 'log_learning_rate': -3.243636606967998, 'log_learning_rate_D': -3.33162349745811, 'training_batch_size': 8, 'training_p': 4}. Best is trial 28 with value: 0.04170798510313034.
Time for this trial:  48.92237091064453
Memory status after this trial: 
Memory allocated:  110.12890625
Memory cached:  150.0
--------------------  Trial  31   --------------------
Start timing: 
Parameters: 
{'W_layers': 8, 'W_layer_units_exponent_0': 9, 'W_layer_units_exponent_1': 10, 'W_layer_units_exponent_2': 9, 'W_layer_units_exponent_3': 7, 'W_layer_units_exponent_4': 8, 'W_layer_units_exponent_5': 8, 'W_layer_units_exponent_6': 6, 'W_layer_units_exponent_7': 5, 'D_layers': 5, 'D_layer_units_exponent_0': 5, 'D_layer_units_exponent_1': 4, 'D_layer_units_exponent_2': 7, 'D_layer_units_exponent_3': 9, 'D_layer_units_exponent_4': 9, 'log_learning_rate': -2.7570831306423114, 'log_learning_rate_D': -1.0933340079840237, 'training_batch_size': 6, 'training_p': 3}
	 epoch  0 training error:  tensor(0.8009, device='cuda:0', grad_fn=<DivBackward0>)
Memory status after this epoch: 
Memory allocated:  77.810546875
Memory cached:  168.0
[W 2023-12-05 00:58:12,499] Trial 31 failed with parameters: {'W_layers': 8, 'W_layer_units_exponent_0': 9, 'W_layer_units_exponent_1': 10, 'W_layer_units_exponent_2': 9, 'W_layer_units_exponent_3': 7, 'W_layer_units_exponent_4': 8, 'W_layer_units_exponent_5': 8, 'W_layer_units_exponent_6': 6, 'W_layer_units_exponent_7': 5, 'D_layers': 5, 'D_layer_units_exponent_0': 5, 'D_layer_units_exponent_1': 4, 'D_layer_units_exponent_2': 7, 'D_layer_units_exponent_3': 9, 'D_layer_units_exponent_4': 9, 'log_learning_rate': -2.7570831306423114, 'log_learning_rate_D': -1.0933340079840237, 'training_batch_size': 6, 'training_p': 3} because of the following error: The value nan is not acceptable.
[W 2023-12-05 00:58:12,500] Trial 31 failed with value tensor(nan, device='cuda:0', grad_fn=<DivBackward0>).
Time for this trial:  2.065159797668457
Memory status after this trial: 
Memory allocated:  156.94775390625
Memory cached:  174.0
--------------------  Trial  32   --------------------
Start timing: 
Parameters: 
{'W_layers': 8, 'W_layer_units_exponent_0': 9, 'W_layer_units_exponent_1': 10, 'W_layer_units_exponent_2': 9, 'W_layer_units_exponent_3': 7, 'W_layer_units_exponent_4': 8, 'W_layer_units_exponent_5': 8, 'W_layer_units_exponent_6': 6, 'W_layer_units_exponent_7': 5, 'D_layers': 5, 'D_layer_units_exponent_0': 5, 'D_layer_units_exponent_1': 4, 'D_layer_units_exponent_2': 7, 'D_layer_units_exponent_3': 8, 'D_layer_units_exponent_4': 9, 'log_learning_rate': -2.748211302296272, 'log_learning_rate_D': -1.2128471664696683, 'training_batch_size': 6, 'training_p': 3}
	 epoch  0 training error:  tensor(0.9375, device='cuda:0', grad_fn=<DivBackward0>)
Memory status after this epoch: 
Memory allocated:  75.306640625
Memory cached:  170.0
[W 2023-12-05 00:58:15,708] Trial 32 failed with parameters: {'W_layers': 8, 'W_layer_units_exponent_0': 9, 'W_layer_units_exponent_1': 10, 'W_layer_units_exponent_2': 9, 'W_layer_units_exponent_3': 7, 'W_layer_units_exponent_4': 8, 'W_layer_units_exponent_5': 8, 'W_layer_units_exponent_6': 6, 'W_layer_units_exponent_7': 5, 'D_layers': 5, 'D_layer_units_exponent_0': 5, 'D_layer_units_exponent_1': 4, 'D_layer_units_exponent_2': 7, 'D_layer_units_exponent_3': 8, 'D_layer_units_exponent_4': 9, 'log_learning_rate': -2.748211302296272, 'log_learning_rate_D': -1.2128471664696683, 'training_batch_size': 6, 'training_p': 3} because of the following error: The value nan is not acceptable.
[W 2023-12-05 00:58:15,709] Trial 32 failed with value tensor(nan, device='cuda:0', grad_fn=<DivBackward0>).
Time for this trial:  2.9801883697509766
Memory status after this trial: 
Memory allocated:  149.89501953125
Memory cached:  170.0
--------------------  Trial  33   --------------------
Start timing: 
Parameters: 
{'W_layers': 8, 'W_layer_units_exponent_0': 9, 'W_layer_units_exponent_1': 10, 'W_layer_units_exponent_2': 9, 'W_layer_units_exponent_3': 7, 'W_layer_units_exponent_4': 8, 'W_layer_units_exponent_5': 8, 'W_layer_units_exponent_6': 6, 'W_layer_units_exponent_7': 5, 'D_layers': 5, 'D_layer_units_exponent_0': 5, 'D_layer_units_exponent_1': 4, 'D_layer_units_exponent_2': 7, 'D_layer_units_exponent_3': 8, 'D_layer_units_exponent_4': 9, 'log_learning_rate': -2.803945762093733, 'log_learning_rate_D': -1.880886299828004, 'training_batch_size': 6, 'training_p': 3}
	 epoch  0 training error:  tensor(1.0433, device='cuda:0', grad_fn=<DivBackward0>)
Memory status after this epoch: 
Memory allocated:  75.306640625
Memory cached:  170.0
	 epoch  10 training error:  tensor(0.6098, device='cuda:0', grad_fn=<DivBackward0>)
Memory status after this epoch: 
Memory allocated:  75.306640625
Memory cached:  170.0
	 epoch  20 training error:  tensor(0.5926, device='cuda:0', grad_fn=<DivBackward0>)
Memory status after this epoch: 
Memory allocated:  75.306640625
Memory cached:  170.0
	 epoch  30 training error:  tensor(0.6030, device='cuda:0', grad_fn=<DivBackward0>)
Memory status after this epoch: 
Memory allocated:  75.306640625
Memory cached:  170.0
	 epoch  40 training error:  tensor(0.5522, device='cuda:0', grad_fn=<DivBackward0>)
Memory status after this epoch: 
Memory allocated:  75.306640625
Memory cached:  170.0
	 epoch  50 training error:  tensor(0.5549, device='cuda:0', grad_fn=<DivBackward0>)
Memory status after this epoch: 
Memory allocated:  75.306640625
Memory cached:  170.0
	 epoch  60 training error:  tensor(0.5556, device='cuda:0', grad_fn=<DivBackward0>)
Memory status after this epoch: 
Memory allocated:  75.306640625
Memory cached:  170.0
	 epoch  70 training error:  tensor(0.5106, device='cuda:0', grad_fn=<DivBackward0>)
Memory status after this epoch: 
Memory allocated:  75.306640625
Memory cached:  170.0
	 epoch  80 training error:  tensor(0.5784, device='cuda:0', grad_fn=<DivBackward0>)
Memory status after this epoch: 
Memory allocated:  75.306640625
Memory cached:  170.0
	 epoch  90 training error:  tensor(inf, device='cuda:0', grad_fn=<DivBackward0>)
Memory status after this epoch: 
Memory allocated:  75.306640625
Memory cached:  170.0
[W 2023-12-05 00:59:39,334] Trial 33 failed with parameters: {'W_layers': 8, 'W_layer_units_exponent_0': 9, 'W_layer_units_exponent_1': 10, 'W_layer_units_exponent_2': 9, 'W_layer_units_exponent_3': 7, 'W_layer_units_exponent_4': 8, 'W_layer_units_exponent_5': 8, 'W_layer_units_exponent_6': 6, 'W_layer_units_exponent_7': 5, 'D_layers': 5, 'D_layer_units_exponent_0': 5, 'D_layer_units_exponent_1': 4, 'D_layer_units_exponent_2': 7, 'D_layer_units_exponent_3': 8, 'D_layer_units_exponent_4': 9, 'log_learning_rate': -2.803945762093733, 'log_learning_rate_D': -1.880886299828004, 'training_batch_size': 6, 'training_p': 3} because of the following error: The value nan is not acceptable.
[W 2023-12-05 00:59:39,335] Trial 33 failed with value tensor(nan, device='cuda:0', grad_fn=<DivBackward0>).
Time for this trial:  83.41662096977234
Memory status after this trial: 
Memory allocated:  149.89501953125
Memory cached:  170.0
--------------------  Trial  34   --------------------
Start timing: 
Parameters: 
{'W_layers': 8, 'W_layer_units_exponent_0': 9, 'W_layer_units_exponent_1': 10, 'W_layer_units_exponent_2': 9, 'W_layer_units_exponent_3': 7, 'W_layer_units_exponent_4': 8, 'W_layer_units_exponent_5': 8, 'W_layer_units_exponent_6': 6, 'W_layer_units_exponent_7': 5, 'D_layers': 5, 'D_layer_units_exponent_0': 5, 'D_layer_units_exponent_1': 4, 'D_layer_units_exponent_2': 7, 'D_layer_units_exponent_3': 8, 'D_layer_units_exponent_4': 9, 'log_learning_rate': -2.7092086654682537, 'log_learning_rate_D': -1.0434788821431762, 'training_batch_size': 6, 'training_p': 3}
	 epoch  0 training error:  tensor(1.0272, device='cuda:0', grad_fn=<DivBackward0>)
Memory status after this epoch: 
Memory allocated:  75.306640625
Memory cached:  170.0
[W 2023-12-05 00:59:41,656] Trial 34 failed with parameters: {'W_layers': 8, 'W_layer_units_exponent_0': 9, 'W_layer_units_exponent_1': 10, 'W_layer_units_exponent_2': 9, 'W_layer_units_exponent_3': 7, 'W_layer_units_exponent_4': 8, 'W_layer_units_exponent_5': 8, 'W_layer_units_exponent_6': 6, 'W_layer_units_exponent_7': 5, 'D_layers': 5, 'D_layer_units_exponent_0': 5, 'D_layer_units_exponent_1': 4, 'D_layer_units_exponent_2': 7, 'D_layer_units_exponent_3': 8, 'D_layer_units_exponent_4': 9, 'log_learning_rate': -2.7092086654682537, 'log_learning_rate_D': -1.0434788821431762, 'training_batch_size': 6, 'training_p': 3} because of the following error: The value nan is not acceptable.
[W 2023-12-05 00:59:41,658] Trial 34 failed with value tensor(nan, device='cuda:0', grad_fn=<DivBackward0>).
Time for this trial:  2.1092350482940674
Memory status after this trial: 
Memory allocated:  149.89501953125
Memory cached:  170.0
--------------------  Trial  35   --------------------
Start timing: 
Parameters: 
{'W_layers': 8, 'W_layer_units_exponent_0': 9, 'W_layer_units_exponent_1': 10, 'W_layer_units_exponent_2': 9, 'W_layer_units_exponent_3': 7, 'W_layer_units_exponent_4': 8, 'W_layer_units_exponent_5': 8, 'W_layer_units_exponent_6': 6, 'W_layer_units_exponent_7': 5, 'D_layers': 5, 'D_layer_units_exponent_0': 5, 'D_layer_units_exponent_1': 4, 'D_layer_units_exponent_2': 7, 'D_layer_units_exponent_3': 8, 'D_layer_units_exponent_4': 9, 'log_learning_rate': -2.797709024540008, 'log_learning_rate_D': -1.8755774451588032, 'training_batch_size': 6, 'training_p': 3}
	 epoch  0 training error:  tensor(0.8893, device='cuda:0', grad_fn=<DivBackward0>)
Memory status after this epoch: 
Memory allocated:  75.306640625
Memory cached:  170.0
	 epoch  10 training error:  tensor(0.7076, device='cuda:0', grad_fn=<DivBackward0>)
Memory status after this epoch: 
Memory allocated:  75.306640625
Memory cached:  170.0
[W 2023-12-05 00:59:59,565] Trial 35 failed with parameters: {'W_layers': 8, 'W_layer_units_exponent_0': 9, 'W_layer_units_exponent_1': 10, 'W_layer_units_exponent_2': 9, 'W_layer_units_exponent_3': 7, 'W_layer_units_exponent_4': 8, 'W_layer_units_exponent_5': 8, 'W_layer_units_exponent_6': 6, 'W_layer_units_exponent_7': 5, 'D_layers': 5, 'D_layer_units_exponent_0': 5, 'D_layer_units_exponent_1': 4, 'D_layer_units_exponent_2': 7, 'D_layer_units_exponent_3': 8, 'D_layer_units_exponent_4': 9, 'log_learning_rate': -2.797709024540008, 'log_learning_rate_D': -1.8755774451588032, 'training_batch_size': 6, 'training_p': 3} because of the following error: The value nan is not acceptable.
[W 2023-12-05 00:59:59,566] Trial 35 failed with value tensor(nan, device='cuda:0', grad_fn=<DivBackward0>).
Time for this trial:  17.686480283737183
Memory status after this trial: 
Memory allocated:  149.89501953125
Memory cached:  170.0
--------------------  Trial  36   --------------------
Start timing: 
Parameters: 
{'W_layers': 8, 'W_layer_units_exponent_0': 9, 'W_layer_units_exponent_1': 7, 'W_layer_units_exponent_2': 9, 'W_layer_units_exponent_3': 7, 'W_layer_units_exponent_4': 8, 'W_layer_units_exponent_5': 8, 'W_layer_units_exponent_6': 6, 'W_layer_units_exponent_7': 5, 'D_layers': 5, 'D_layer_units_exponent_0': 5, 'D_layer_units_exponent_1': 4, 'D_layer_units_exponent_2': 7, 'D_layer_units_exponent_3': 8, 'D_layer_units_exponent_4': 9, 'log_learning_rate': -2.8276109992040643, 'log_learning_rate_D': -1.0806210784100307, 'training_batch_size': 6, 'training_p': 3}
	 epoch  0 training error:  tensor(0.7542, device='cuda:0', grad_fn=<DivBackward0>)
Memory status after this epoch: 
Memory allocated:  61.29296875
Memory cached:  148.0
[W 2023-12-05 01:00:02,806] Trial 36 failed with parameters: {'W_layers': 8, 'W_layer_units_exponent_0': 9, 'W_layer_units_exponent_1': 7, 'W_layer_units_exponent_2': 9, 'W_layer_units_exponent_3': 7, 'W_layer_units_exponent_4': 8, 'W_layer_units_exponent_5': 8, 'W_layer_units_exponent_6': 6, 'W_layer_units_exponent_7': 5, 'D_layers': 5, 'D_layer_units_exponent_0': 5, 'D_layer_units_exponent_1': 4, 'D_layer_units_exponent_2': 7, 'D_layer_units_exponent_3': 8, 'D_layer_units_exponent_4': 9, 'log_learning_rate': -2.8276109992040643, 'log_learning_rate_D': -1.0806210784100307, 'training_batch_size': 6, 'training_p': 3} because of the following error: The value nan is not acceptable.
[W 2023-12-05 01:00:02,808] Trial 36 failed with value tensor(nan, device='cuda:0', grad_fn=<DivBackward0>).
Time for this trial:  3.016923427581787
Memory status after this trial: 
Memory allocated:  122.38037109375
Memory cached:  148.0
--------------------  Trial  37   --------------------
Start timing: 
Parameters: 
{'W_layers': 8, 'W_layer_units_exponent_0': 9, 'W_layer_units_exponent_1': 10, 'W_layer_units_exponent_2': 9, 'W_layer_units_exponent_3': 7, 'W_layer_units_exponent_4': 8, 'W_layer_units_exponent_5': 8, 'W_layer_units_exponent_6': 6, 'W_layer_units_exponent_7': 5, 'D_layers': 5, 'D_layer_units_exponent_0': 5, 'D_layer_units_exponent_1': 4, 'D_layer_units_exponent_2': 7, 'D_layer_units_exponent_3': 8, 'D_layer_units_exponent_4': 9, 'log_learning_rate': -2.6597751422116183, 'log_learning_rate_D': -1.0632273781084882, 'training_batch_size': 6, 'training_p': 3}
	 epoch  0 training error:  tensor(0.7981, device='cuda:0', grad_fn=<DivBackward0>)
Memory status after this epoch: 
Memory allocated:  75.306640625
Memory cached:  170.0
[W 2023-12-05 01:00:06,096] Trial 37 failed with parameters: {'W_layers': 8, 'W_layer_units_exponent_0': 9, 'W_layer_units_exponent_1': 10, 'W_layer_units_exponent_2': 9, 'W_layer_units_exponent_3': 7, 'W_layer_units_exponent_4': 8, 'W_layer_units_exponent_5': 8, 'W_layer_units_exponent_6': 6, 'W_layer_units_exponent_7': 5, 'D_layers': 5, 'D_layer_units_exponent_0': 5, 'D_layer_units_exponent_1': 4, 'D_layer_units_exponent_2': 7, 'D_layer_units_exponent_3': 8, 'D_layer_units_exponent_4': 9, 'log_learning_rate': -2.6597751422116183, 'log_learning_rate_D': -1.0632273781084882, 'training_batch_size': 6, 'training_p': 3} because of the following error: The value nan is not acceptable.
[W 2023-12-05 01:00:06,097] Trial 37 failed with value tensor(nan, device='cuda:0', grad_fn=<DivBackward0>).
Time for this trial:  3.0694031715393066
Memory status after this trial: 
Memory allocated:  149.89501953125
Memory cached:  170.0
--------------------  Trial  38   --------------------
Start timing: 
Parameters: 
{'W_layers': 8, 'W_layer_units_exponent_0': 9, 'W_layer_units_exponent_1': 10, 'W_layer_units_exponent_2': 9, 'W_layer_units_exponent_3': 7, 'W_layer_units_exponent_4': 8, 'W_layer_units_exponent_5': 8, 'W_layer_units_exponent_6': 6, 'W_layer_units_exponent_7': 5, 'D_layers': 5, 'D_layer_units_exponent_0': 5, 'D_layer_units_exponent_1': 4, 'D_layer_units_exponent_2': 7, 'D_layer_units_exponent_3': 8, 'D_layer_units_exponent_4': 9, 'log_learning_rate': -2.747524335002062, 'log_learning_rate_D': -1.1804251506845427, 'training_batch_size': 6, 'training_p': 3}
	 epoch  0 training error:  tensor(0.8799, device='cuda:0', grad_fn=<DivBackward0>)
Memory status after this epoch: 
Memory allocated:  75.306640625
Memory cached:  170.0
[W 2023-12-05 01:00:09,192] Trial 38 failed with parameters: {'W_layers': 8, 'W_layer_units_exponent_0': 9, 'W_layer_units_exponent_1': 10, 'W_layer_units_exponent_2': 9, 'W_layer_units_exponent_3': 7, 'W_layer_units_exponent_4': 8, 'W_layer_units_exponent_5': 8, 'W_layer_units_exponent_6': 6, 'W_layer_units_exponent_7': 5, 'D_layers': 5, 'D_layer_units_exponent_0': 5, 'D_layer_units_exponent_1': 4, 'D_layer_units_exponent_2': 7, 'D_layer_units_exponent_3': 8, 'D_layer_units_exponent_4': 9, 'log_learning_rate': -2.747524335002062, 'log_learning_rate_D': -1.1804251506845427, 'training_batch_size': 6, 'training_p': 3} because of the following error: The value nan is not acceptable.
[W 2023-12-05 01:00:09,193] Trial 38 failed with value tensor(nan, device='cuda:0', grad_fn=<DivBackward0>).
Time for this trial:  2.8865978717803955
Memory status after this trial: 
Memory allocated:  149.89501953125
Memory cached:  170.0
--------------------  Trial  39   --------------------
Start timing: 
Parameters: 
{'W_layers': 8, 'W_layer_units_exponent_0': 9, 'W_layer_units_exponent_1': 10, 'W_layer_units_exponent_2': 8, 'W_layer_units_exponent_3': 7, 'W_layer_units_exponent_4': 8, 'W_layer_units_exponent_5': 5, 'W_layer_units_exponent_6': 6, 'W_layer_units_exponent_7': 5, 'D_layers': 5, 'D_layer_units_exponent_0': 5, 'D_layer_units_exponent_1': 4, 'D_layer_units_exponent_2': 7, 'D_layer_units_exponent_3': 8, 'D_layer_units_exponent_4': 9, 'log_learning_rate': -2.775515022633741, 'log_learning_rate_D': -1.9124456399687144, 'training_batch_size': 6, 'training_p': 3}
	 epoch  0 training error:  tensor(1.2660, device='cuda:0', grad_fn=<DivBackward0>)
Memory status after this epoch: 
Memory allocated:  69.70703125
Memory cached:  170.0
	 epoch  10 training error:  tensor(0.6915, device='cuda:0', grad_fn=<DivBackward0>)
Memory status after this epoch: 
Memory allocated:  69.70703125
Memory cached:  170.0
	 epoch  20 training error:  tensor(1.2590e+09, device='cuda:0', grad_fn=<DivBackward0>)
Memory status after this epoch: 
Memory allocated:  69.70703125
Memory cached:  170.0
	 epoch  30 training error:  tensor(1.9191, device='cuda:0', grad_fn=<DivBackward0>)
Memory status after this epoch: 
Memory allocated:  69.70703125
Memory cached:  170.0
	 epoch  40 training error:  tensor(948.3989, device='cuda:0', grad_fn=<DivBackward0>)
Memory status after this epoch: 
Memory allocated:  69.70703125
Memory cached:  170.0
	 epoch  50 training error:  tensor(104.2256, device='cuda:0', grad_fn=<DivBackward0>)
Memory status after this epoch: 
Memory allocated:  69.70703125
Memory cached:  170.0
	 epoch  60 training error:  tensor(24.1078, device='cuda:0', grad_fn=<DivBackward0>)
Memory status after this epoch: 
Memory allocated:  69.70703125
Memory cached:  170.0
	 epoch  70 training error:  tensor(52.2978, device='cuda:0', grad_fn=<DivBackward0>)
Memory status after this epoch: 
Memory allocated:  69.70703125
Memory cached:  170.0
	 epoch  80 training error:  tensor(75.4846, device='cuda:0', grad_fn=<DivBackward0>)
Memory status after this epoch: 
Memory allocated:  69.70703125
Memory cached:  170.0
	 epoch  90 training error:  tensor(25.9901, device='cuda:0', grad_fn=<DivBackward0>)
Memory status after this epoch: 
Memory allocated:  69.70703125
Memory cached:  170.0
