[I 2024-02-16 21:37:52,135] Trial 41 finished with value: 0.08060409873723984 and parameters: {'W_layers': 8, 'W_layer_units_exponent_0': 6, 'W_layer_units_exponent_1': 7, 'W_layer_units_exponent_2': 7, 'W_layer_units_exponent_3': 4, 'W_layer_units_exponent_4': 4, 'W_layer_units_exponent_5': 6, 'W_layer_units_exponent_6': 6, 'W_layer_units_exponent_7': 4, 'D_layers': 2, 'D_layer_units_exponent_0': 9, 'D_layer_units_exponent_1': 8, 'D_dagger_layers': 2, 'D_dagger_layer_units_exponent_0': 5, 'D_dagger_layer_units_exponent_1': 4, 'log_learning_rate': -4.988913357427633, 'log_learning_rate_D': -3.620315420710474, 'log_learning_rate_D_dagger': -1.6292875177900163, 'training_batch_size': 10, 'training_p': 3}. Best is trial 10 with value: 0.07346499711275101.
Time for this trial:  186.56275296211243
Memory status after this trial: 
Memory allocated:  654.53173828125
Memory cached:  1034.0
--------------------  Trial  42   --------------------
Start timing: 
Parameters: 
{'W_layers': 8, 'W_layer_units_exponent_0': 7, 'W_layer_units_exponent_1': 7, 'W_layer_units_exponent_2': 6, 'W_layer_units_exponent_3': 5, 'W_layer_units_exponent_4': 5, 'W_layer_units_exponent_5': 7, 'W_layer_units_exponent_6': 6, 'W_layer_units_exponent_7': 7, 'D_layers': 2, 'D_layer_units_exponent_0': 10, 'D_layer_units_exponent_1': 8, 'D_dagger_layers': 3, 'D_dagger_layer_units_exponent_0': 4, 'D_dagger_layer_units_exponent_1': 5, 'D_dagger_layer_units_exponent_2': 10, 'log_learning_rate': -4.311193658024398, 'log_learning_rate_D': -3.74511133860846, 'log_learning_rate_D_dagger': -2.302107942585505, 'training_batch_size': 6, 'training_p': 2}
	 epoch  0 training error:  tensor(0.4973, device='cuda:0', grad_fn=<DivBackward0>)
Memory status after this epoch: 
Memory allocated:  388.3271484375
Memory cached:  1026.0
	 epoch  10 training error:  tensor(0.0967, device='cuda:0', grad_fn=<DivBackward0>)
Memory status after this epoch: 
Memory allocated:  388.3271484375
Memory cached:  1026.0
	 epoch  20 training error:  tensor(0.0861, device='cuda:0', grad_fn=<DivBackward0>)
Memory status after this epoch: 
Memory allocated:  388.3271484375
Memory cached:  1026.0
	 epoch  30 training error:  tensor(0.0874, device='cuda:0', grad_fn=<DivBackward0>)
Memory status after this epoch: 
Memory allocated:  388.3271484375
Memory cached:  1026.0
	 epoch  40 training error:  tensor(0.0869, device='cuda:0', grad_fn=<DivBackward0>)
Memory status after this epoch: 
Memory allocated:  388.3271484375
Memory cached:  1026.0
	 epoch  50 training error:  tensor(0.0950, device='cuda:0', grad_fn=<DivBackward0>)
Memory status after this epoch: 
Memory allocated:  388.3271484375
Memory cached:  1026.0
	 epoch  60 training error:  tensor(0.0805, device='cuda:0', grad_fn=<DivBackward0>)
Memory status after this epoch: 
Memory allocated:  388.3271484375
Memory cached:  1026.0
	 epoch  70 training error:  tensor(0.0856, device='cuda:0', grad_fn=<DivBackward0>)
Memory status after this epoch: 
Memory allocated:  388.3271484375
Memory cached:  1026.0
	 epoch  80 training error:  tensor(0.0798, device='cuda:0', grad_fn=<DivBackward0>)
Memory status after this epoch: 
Memory allocated:  388.3271484375
Memory cached:  1026.0
	 epoch  90 training error:  tensor(0.0799, device='cuda:0', grad_fn=<DivBackward0>)
Memory status after this epoch: 
Memory allocated:  388.3271484375
Memory cached:  1026.0
[I 2024-02-16 21:50:19,283] Trial 42 finished with value: 0.07902619987726212 and parameters: {'W_layers': 8, 'W_layer_units_exponent_0': 7, 'W_layer_units_exponent_1': 7, 'W_layer_units_exponent_2': 6, 'W_layer_units_exponent_3': 5, 'W_layer_units_exponent_4': 5, 'W_layer_units_exponent_5': 7, 'W_layer_units_exponent_6': 6, 'W_layer_units_exponent_7': 7, 'D_layers': 2, 'D_layer_units_exponent_0': 10, 'D_layer_units_exponent_1': 8, 'D_dagger_layers': 3, 'D_dagger_layer_units_exponent_0': 4, 'D_dagger_layer_units_exponent_1': 5, 'D_dagger_layer_units_exponent_2': 10, 'log_learning_rate': -4.311193658024398, 'log_learning_rate_D': -3.74511133860846, 'log_learning_rate_D_dagger': -2.302107942585505, 'training_batch_size': 6, 'training_p': 2}. Best is trial 10 with value: 0.07346499711275101.
Time for this trial:  746.6887156963348
Memory status after this trial: 
Memory allocated:  993.30419921875
Memory cached:  1026.0
--------------------  Trial  43   --------------------
Start timing: 
Parameters: 
{'W_layers': 8, 'W_layer_units_exponent_0': 7, 'W_layer_units_exponent_1': 7, 'W_layer_units_exponent_2': 6, 'W_layer_units_exponent_3': 5, 'W_layer_units_exponent_4': 5, 'W_layer_units_exponent_5': 7, 'W_layer_units_exponent_6': 6, 'W_layer_units_exponent_7': 7, 'D_layers': 2, 'D_layer_units_exponent_0': 9, 'D_layer_units_exponent_1': 8, 'D_dagger_layers': 2, 'D_dagger_layer_units_exponent_0': 4, 'D_dagger_layer_units_exponent_1': 5, 'log_learning_rate': -4.331205934246956, 'log_learning_rate_D': -3.813207423457931, 'log_learning_rate_D_dagger': -2.3214101373490132, 'training_batch_size': 6, 'training_p': 3}
	 epoch  0 training error:  tensor(0.8115, device='cuda:0', grad_fn=<DivBackward0>)
Memory status after this epoch: 
Memory allocated:  385.7822265625
Memory cached:  1026.0
	 epoch  10 training error:  tensor(0.1455, device='cuda:0', grad_fn=<DivBackward0>)
Memory status after this epoch: 
Memory allocated:  385.7822265625
Memory cached:  1026.0
	 epoch  20 training error:  tensor(0.1115, device='cuda:0', grad_fn=<DivBackward0>)
Memory status after this epoch: 
Memory allocated:  385.7822265625
Memory cached:  1026.0
	 epoch  30 training error:  tensor(0.0986, device='cuda:0', grad_fn=<DivBackward0>)
Memory status after this epoch: 
Memory allocated:  385.7822265625
Memory cached:  1026.0
	 epoch  40 training error:  tensor(0.0994, device='cuda:0', grad_fn=<DivBackward0>)
Memory status after this epoch: 
Memory allocated:  385.7822265625
Memory cached:  1026.0
	 epoch  50 training error:  tensor(0.0929, device='cuda:0', grad_fn=<DivBackward0>)
Memory status after this epoch: 
Memory allocated:  385.7822265625
Memory cached:  1026.0
	 epoch  60 training error:  tensor(0.0935, device='cuda:0', grad_fn=<DivBackward0>)
Memory status after this epoch: 
Memory allocated:  385.7822265625
Memory cached:  1026.0
	 epoch  70 training error:  tensor(0.0915, device='cuda:0', grad_fn=<DivBackward0>)
Memory status after this epoch: 
Memory allocated:  385.7822265625
Memory cached:  1026.0
	 epoch  80 training error:  tensor(0.0936, device='cuda:0', grad_fn=<DivBackward0>)
Memory status after this epoch: 
Memory allocated:  385.7822265625
Memory cached:  1026.0
	 epoch  90 training error:  tensor(0.0912, device='cuda:0', grad_fn=<DivBackward0>)
Memory status after this epoch: 
Memory allocated:  385.7822265625
Memory cached:  1026.0
[I 2024-02-16 22:02:00,289] Trial 43 finished with value: 0.0845785066485405 and parameters: {'W_layers': 8, 'W_layer_units_exponent_0': 7, 'W_layer_units_exponent_1': 7, 'W_layer_units_exponent_2': 6, 'W_layer_units_exponent_3': 5, 'W_layer_units_exponent_4': 5, 'W_layer_units_exponent_5': 7, 'W_layer_units_exponent_6': 6, 'W_layer_units_exponent_7': 7, 'D_layers': 2, 'D_layer_units_exponent_0': 9, 'D_layer_units_exponent_1': 8, 'D_dagger_layers': 2, 'D_dagger_layer_units_exponent_0': 4, 'D_dagger_layer_units_exponent_1': 5, 'log_learning_rate': -4.331205934246956, 'log_learning_rate_D': -3.813207423457931, 'log_learning_rate_D_dagger': -2.3214101373490132, 'training_batch_size': 6, 'training_p': 3}. Best is trial 10 with value: 0.07346499711275101.
Time for this trial:  700.5865099430084
Memory status after this trial: 
Memory allocated:  695.27392578125
Memory cached:  1026.0
--------------------  Trial  44   --------------------
Start timing: 
Parameters: 
{'W_layers': 8, 'W_layer_units_exponent_0': 7, 'W_layer_units_exponent_1': 6, 'W_layer_units_exponent_2': 6, 'W_layer_units_exponent_3': 4, 'W_layer_units_exponent_4': 5, 'W_layer_units_exponent_5': 8, 'W_layer_units_exponent_6': 6, 'W_layer_units_exponent_7': 6, 'D_layers': 2, 'D_layer_units_exponent_0': 10, 'D_layer_units_exponent_1': 8, 'D_dagger_layers': 3, 'D_dagger_layer_units_exponent_0': 4, 'D_dagger_layer_units_exponent_1': 5, 'D_dagger_layer_units_exponent_2': 10, 'log_learning_rate': -4.345291939209176, 'log_learning_rate_D': -3.553104937676691, 'log_learning_rate_D_dagger': -2.057432232687979, 'training_batch_size': 6, 'training_p': 2}
	 epoch  0 training error:  tensor(0.9347, device='cuda:0', grad_fn=<DivBackward0>)
Memory status after this epoch: 
Memory allocated:  388.2431640625
Memory cached:  1026.0
	 epoch  10 training error:  tensor(0.1189, device='cuda:0', grad_fn=<DivBackward0>)
Memory status after this epoch: 
Memory allocated:  388.2431640625
Memory cached:  1026.0
	 epoch  20 training error:  tensor(0.0903, device='cuda:0', grad_fn=<DivBackward0>)
Memory status after this epoch: 
Memory allocated:  388.2431640625
Memory cached:  1026.0
	 epoch  30 training error:  tensor(0.0849, device='cuda:0', grad_fn=<DivBackward0>)
Memory status after this epoch: 
Memory allocated:  388.2431640625
Memory cached:  1026.0
	 epoch  40 training error:  tensor(0.0839, device='cuda:0', grad_fn=<DivBackward0>)
Memory status after this epoch: 
Memory allocated:  388.2431640625
Memory cached:  1026.0
	 epoch  50 training error:  tensor(0.0865, device='cuda:0', grad_fn=<DivBackward0>)
Memory status after this epoch: 
Memory allocated:  388.2431640625
Memory cached:  1026.0
	 epoch  60 training error:  tensor(0.0924, device='cuda:0', grad_fn=<DivBackward0>)
Memory status after this epoch: 
Memory allocated:  388.2431640625
Memory cached:  1026.0
	 epoch  70 training error:  tensor(0.0815, device='cuda:0', grad_fn=<DivBackward0>)
Memory status after this epoch: 
Memory allocated:  388.2431640625
Memory cached:  1026.0
	 epoch  80 training error:  tensor(0.1056, device='cuda:0', grad_fn=<DivBackward0>)
Memory status after this epoch: 
Memory allocated:  388.2431640625
Memory cached:  1026.0
	 epoch  90 training error:  tensor(0.0844, device='cuda:0', grad_fn=<DivBackward0>)
Memory status after this epoch: 
Memory allocated:  388.2431640625
Memory cached:  1026.0
[I 2024-02-16 22:14:32,823] Trial 44 finished with value: 0.08082070201635361 and parameters: {'W_layers': 8, 'W_layer_units_exponent_0': 7, 'W_layer_units_exponent_1': 6, 'W_layer_units_exponent_2': 6, 'W_layer_units_exponent_3': 4, 'W_layer_units_exponent_4': 5, 'W_layer_units_exponent_5': 8, 'W_layer_units_exponent_6': 6, 'W_layer_units_exponent_7': 6, 'D_layers': 2, 'D_layer_units_exponent_0': 10, 'D_layer_units_exponent_1': 8, 'D_dagger_layers': 3, 'D_dagger_layer_units_exponent_0': 4, 'D_dagger_layer_units_exponent_1': 5, 'D_dagger_layer_units_exponent_2': 10, 'log_learning_rate': -4.345291939209176, 'log_learning_rate_D': -3.553104937676691, 'log_learning_rate_D_dagger': -2.057432232687979, 'training_batch_size': 6, 'training_p': 2}. Best is trial 10 with value: 0.07346499711275101.
Time for this trial:  752.0776493549347
Memory status after this trial: 
Memory allocated:  991.79736328125
Memory cached:  1026.0
--------------------  Trial  45   --------------------
Start timing: 
Parameters: 
{'W_layers': 3, 'W_layer_units_exponent_0': 6, 'W_layer_units_exponent_1': 7, 'W_layer_units_exponent_2': 7, 'D_layers': 2, 'D_layer_units_exponent_0': 9, 'D_layer_units_exponent_1': 9, 'D_dagger_layers': 2, 'D_dagger_layer_units_exponent_0': 5, 'D_dagger_layer_units_exponent_1': 4, 'log_learning_rate': -4.544079487167183, 'log_learning_rate_D': -3.286408091707725, 'log_learning_rate_D_dagger': -2.5278612467645427, 'training_batch_size': 7, 'training_p': 2}
	 epoch  0 training error:  tensor(0.9666, device='cuda:0', grad_fn=<DivBackward0>)
Memory status after this epoch: 
Memory allocated:  387.3212890625
Memory cached:  1026.0
	 epoch  10 training error:  tensor(0.1742, device='cuda:0', grad_fn=<DivBackward0>)
Memory status after this epoch: 
Memory allocated:  387.3212890625
Memory cached:  1026.0
	 epoch  20 training error:  tensor(0.1305, device='cuda:0', grad_fn=<DivBackward0>)
Memory status after this epoch: 
Memory allocated:  387.3212890625
Memory cached:  1026.0
	 epoch  30 training error:  tensor(0.0967, device='cuda:0', grad_fn=<DivBackward0>)
Memory status after this epoch: 
Memory allocated:  387.3212890625
Memory cached:  1026.0
	 epoch  40 training error:  tensor(0.0842, device='cuda:0', grad_fn=<DivBackward0>)
Memory status after this epoch: 
Memory allocated:  387.3212890625
Memory cached:  1026.0
	 epoch  50 training error:  tensor(0.0819, device='cuda:0', grad_fn=<DivBackward0>)
Memory status after this epoch: 
Memory allocated:  387.3212890625
Memory cached:  1026.0
	 epoch  60 training error:  tensor(0.0803, device='cuda:0', grad_fn=<DivBackward0>)
Memory status after this epoch: 
Memory allocated:  387.3212890625
Memory cached:  1026.0
	 epoch  70 training error:  tensor(0.0798, device='cuda:0', grad_fn=<DivBackward0>)
Memory status after this epoch: 
Memory allocated:  387.3212890625
Memory cached:  1026.0
	 epoch  80 training error:  tensor(0.0803, device='cuda:0', grad_fn=<DivBackward0>)
Memory status after this epoch: 
Memory allocated:  387.3212890625
Memory cached:  1026.0
	 epoch  90 training error:  tensor(0.0799, device='cuda:0', grad_fn=<DivBackward0>)
Memory status after this epoch: 
Memory allocated:  387.3212890625
Memory cached:  1026.0
[I 2024-02-16 22:20:01,728] Trial 45 finished with value: 0.08010062575340271 and parameters: {'W_layers': 3, 'W_layer_units_exponent_0': 6, 'W_layer_units_exponent_1': 7, 'W_layer_units_exponent_2': 7, 'D_layers': 2, 'D_layer_units_exponent_0': 9, 'D_layer_units_exponent_1': 9, 'D_dagger_layers': 2, 'D_dagger_layer_units_exponent_0': 5, 'D_dagger_layer_units_exponent_1': 4, 'log_learning_rate': -4.544079487167183, 'log_learning_rate_D': -3.286408091707725, 'log_learning_rate_D_dagger': -2.5278612467645427, 'training_batch_size': 7, 'training_p': 2}. Best is trial 10 with value: 0.07346499711275101.
Time for this trial:  328.49892377853394
Memory status after this trial: 
Memory allocated:  660.85693359375
Memory cached:  1026.0
--------------------  Trial  46   --------------------
Start timing: 
Parameters: 
{'W_layers': 8, 'W_layer_units_exponent_0': 7, 'W_layer_units_exponent_1': 6, 'W_layer_units_exponent_2': 6, 'W_layer_units_exponent_3': 5, 'W_layer_units_exponent_4': 4, 'W_layer_units_exponent_5': 6, 'W_layer_units_exponent_6': 4, 'W_layer_units_exponent_7': 8, 'D_layers': 3, 'D_layer_units_exponent_0': 10, 'D_layer_units_exponent_1': 8, 'D_layer_units_exponent_2': 6, 'D_dagger_layers': 3, 'D_dagger_layer_units_exponent_0': 6, 'D_dagger_layer_units_exponent_1': 4, 'D_dagger_layer_units_exponent_2': 10, 'log_learning_rate': -4.229540233537111, 'log_learning_rate_D': -3.9040496263273345, 'log_learning_rate_D_dagger': -2.673046816652781, 'training_batch_size': 6, 'training_p': 2}
	 epoch  0 training error:  tensor(0.5568, device='cuda:0', grad_fn=<DivBackward0>)
Memory status after this epoch: 
Memory allocated:  387.9248046875
Memory cached:  1026.0
	 epoch  10 training error:  tensor(0.0964, device='cuda:0', grad_fn=<DivBackward0>)
Memory status after this epoch: 
Memory allocated:  387.9248046875
Memory cached:  1026.0
	 epoch  20 training error:  tensor(0.0870, device='cuda:0', grad_fn=<DivBackward0>)
Memory status after this epoch: 
Memory allocated:  387.9248046875
Memory cached:  1026.0
	 epoch  30 training error:  tensor(0.0898, device='cuda:0', grad_fn=<DivBackward0>)
Memory status after this epoch: 
Memory allocated:  387.9248046875
Memory cached:  1026.0
	 epoch  40 training error:  tensor(0.0856, device='cuda:0', grad_fn=<DivBackward0>)
Memory status after this epoch: 
Memory allocated:  387.9248046875
Memory cached:  1026.0
	 epoch  50 training error:  tensor(0.0813, device='cuda:0', grad_fn=<DivBackward0>)
Memory status after this epoch: 
Memory allocated:  387.9248046875
Memory cached:  1026.0
	 epoch  60 training error:  tensor(0.0866, device='cuda:0', grad_fn=<DivBackward0>)
Memory status after this epoch: 
Memory allocated:  387.9248046875
Memory cached:  1026.0
	 epoch  70 training error:  tensor(0.0849, device='cuda:0', grad_fn=<DivBackward0>)
Memory status after this epoch: 
Memory allocated:  387.9248046875
Memory cached:  1026.0
	 epoch  80 training error:  tensor(0.0835, device='cuda:0', grad_fn=<DivBackward0>)
Memory status after this epoch: 
Memory allocated:  387.9248046875
Memory cached:  1026.0
	 epoch  90 training error:  tensor(0.0850, device='cuda:0', grad_fn=<DivBackward0>)
Memory status after this epoch: 
Memory allocated:  387.9248046875
Memory cached:  1026.0
[I 2024-02-16 22:33:12,955] Trial 46 finished with value: 0.08187638968229294 and parameters: {'W_layers': 8, 'W_layer_units_exponent_0': 7, 'W_layer_units_exponent_1': 6, 'W_layer_units_exponent_2': 6, 'W_layer_units_exponent_3': 5, 'W_layer_units_exponent_4': 4, 'W_layer_units_exponent_5': 6, 'W_layer_units_exponent_6': 4, 'W_layer_units_exponent_7': 8, 'D_layers': 3, 'D_layer_units_exponent_0': 10, 'D_layer_units_exponent_1': 8, 'D_layer_units_exponent_2': 6, 'D_dagger_layers': 3, 'D_dagger_layer_units_exponent_0': 6, 'D_dagger_layer_units_exponent_1': 4, 'D_dagger_layer_units_exponent_2': 10, 'log_learning_rate': -4.229540233537111, 'log_learning_rate_D': -3.9040496263273345, 'log_learning_rate_D_dagger': -2.673046816652781, 'training_batch_size': 6, 'training_p': 2}. Best is trial 10 with value: 0.07346499711275101.
Time for this trial:  790.7505090236664
Memory status after this trial: 
Memory allocated:  1001.69677734375
Memory cached:  1026.0
--------------------  Trial  47   --------------------
Start timing: 
Parameters: 
{'W_layers': 5, 'W_layer_units_exponent_0': 5, 'W_layer_units_exponent_1': 8, 'W_layer_units_exponent_2': 8, 'W_layer_units_exponent_3': 5, 'W_layer_units_exponent_4': 7, 'D_layers': 2, 'D_layer_units_exponent_0': 9, 'D_layer_units_exponent_1': 9, 'D_dagger_layers': 2, 'D_dagger_layer_units_exponent_0': 5, 'D_dagger_layer_units_exponent_1': 5, 'log_learning_rate': -4.659588544036097, 'log_learning_rate_D': -3.5454366055896704, 'log_learning_rate_D_dagger': -2.3172474749089167, 'training_batch_size': 12, 'training_p': 3}
	 epoch  0 training error:  tensor(0.9300, device='cuda:0', grad_fn=<DivBackward0>)
Memory status after this epoch: 
Memory allocated:  388.3720703125
Memory cached:  1030.0
	 epoch  10 training error:  tensor(0.2229, device='cuda:0', grad_fn=<DivBackward0>)
Memory status after this epoch: 
Memory allocated:  388.3720703125
Memory cached:  1030.0
	 epoch  20 training error:  tensor(0.1979, device='cuda:0', grad_fn=<DivBackward0>)
Memory status after this epoch: 
Memory allocated:  388.3720703125
Memory cached:  1030.0
	 epoch  30 training error:  tensor(0.1677, device='cuda:0', grad_fn=<DivBackward0>)
Memory status after this epoch: 
Memory allocated:  388.3720703125
Memory cached:  1030.0
	 epoch  40 training error:  tensor(0.1529, device='cuda:0', grad_fn=<DivBackward0>)
Memory status after this epoch: 
Memory allocated:  388.3720703125
Memory cached:  1032.0
	 epoch  50 training error:  tensor(0.1387, device='cuda:0', grad_fn=<DivBackward0>)
Memory status after this epoch: 
Memory allocated:  388.3720703125
Memory cached:  1030.0
	 epoch  60 training error:  tensor(0.1269, device='cuda:0', grad_fn=<DivBackward0>)
Memory status after this epoch: 
Memory allocated:  388.3720703125
Memory cached:  1030.0
	 epoch  70 training error:  tensor(0.1153, device='cuda:0', grad_fn=<DivBackward0>)
Memory status after this epoch: 
Memory allocated:  388.3720703125
Memory cached:  1032.0
	 epoch  80 training error:  tensor(0.1079, device='cuda:0', grad_fn=<DivBackward0>)
Memory status after this epoch: 
Memory allocated:  388.3720703125
Memory cached:  1032.0
	 epoch  90 training error:  tensor(0.1034, device='cuda:0', grad_fn=<DivBackward0>)
Memory status after this epoch: 
Memory allocated:  388.3720703125
Memory cached:  1032.0
