[I 2024-01-10 23:36:03,201] Trial 89 finished with value: 0.1936819851398468 and parameters: {'W_layers': 2, 'W_layer_units_exponent_0': 9, 'W_layer_units_exponent_1': 4, 'D_layers': 4, 'D_layer_units_exponent_0': 10, 'D_layer_units_exponent_1': 6, 'D_layer_units_exponent_2': 8, 'D_layer_units_exponent_3': 5, 'D_dagger_layers': 3, 'D_dagger_layer_units_exponent_0': 10, 'D_dagger_layer_units_exponent_1': 6, 'D_dagger_layer_units_exponent_2': 6, 'log_learning_rate': -3.4274037438795237, 'log_learning_rate_D': -2.5740749877402833, 'log_learning_rate_D_dagger': -2.9460910728241654, 'training_batch_size': 7, 'training_p': 2}. Best is trial 52 with value: 0.08483626693487167.
Time for this trial:  279.2690598964691
Memory status after this trial: 
Memory allocated:  675.033203125
Memory cached:  678.0
--------------------  Trial  90   --------------------
Start timing: 
Parameters: 
{'W_layers': 3, 'W_layer_units_exponent_0': 9, 'W_layer_units_exponent_1': 4, 'W_layer_units_exponent_2': 5, 'D_layers': 5, 'D_layer_units_exponent_0': 9, 'D_layer_units_exponent_1': 6, 'D_layer_units_exponent_2': 6, 'D_layer_units_exponent_3': 4, 'D_layer_units_exponent_4': 4, 'D_dagger_layers': 3, 'D_dagger_layer_units_exponent_0': 10, 'D_dagger_layer_units_exponent_1': 6, 'D_dagger_layer_units_exponent_2': 5, 'log_learning_rate': -4.137905128397728, 'log_learning_rate_D': -2.455538258784943, 'log_learning_rate_D_dagger': -3.0981070506620942, 'training_batch_size': 6, 'training_p': 3}
	 epoch  0 training error:  tensor(0.6569, device='cuda:0', grad_fn=<DivBackward0>)
Memory status after this epoch: 
Memory allocated:  352.0068359375
Memory cached:  640.0
	 epoch  10 training error:  tensor(0.2616, device='cuda:0', grad_fn=<DivBackward0>)
Memory status after this epoch: 
Memory allocated:  352.0068359375
Memory cached:  636.0
	 epoch  20 training error:  tensor(0.2457, device='cuda:0', grad_fn=<DivBackward0>)
Memory status after this epoch: 
Memory allocated:  352.0068359375
Memory cached:  636.0
	 epoch  30 training error:  tensor(0.2362, device='cuda:0', grad_fn=<DivBackward0>)
Memory status after this epoch: 
Memory allocated:  352.0068359375
Memory cached:  636.0
	 epoch  40 training error:  tensor(0.2168, device='cuda:0', grad_fn=<DivBackward0>)
Memory status after this epoch: 
Memory allocated:  352.0068359375
Memory cached:  636.0
	 epoch  50 training error:  tensor(0.2426, device='cuda:0', grad_fn=<DivBackward0>)
Memory status after this epoch: 
Memory allocated:  352.0068359375
Memory cached:  638.0
	 epoch  60 training error:  tensor(0.1961, device='cuda:0', grad_fn=<DivBackward0>)
Memory status after this epoch: 
Memory allocated:  352.0068359375
Memory cached:  636.0
	 epoch  70 training error:  tensor(0.1656, device='cuda:0', grad_fn=<DivBackward0>)
Memory status after this epoch: 
Memory allocated:  352.0068359375
Memory cached:  636.0
	 epoch  80 training error:  tensor(0.1434, device='cuda:0', grad_fn=<DivBackward0>)
Memory status after this epoch: 
Memory allocated:  352.0068359375
Memory cached:  636.0
	 epoch  90 training error:  tensor(0.1205, device='cuda:0', grad_fn=<DivBackward0>)
Memory status after this epoch: 
Memory allocated:  352.0068359375
Memory cached:  638.0
[I 2024-01-10 23:42:55,270] Trial 90 finished with value: 0.17097023129463196 and parameters: {'W_layers': 3, 'W_layer_units_exponent_0': 9, 'W_layer_units_exponent_1': 4, 'W_layer_units_exponent_2': 5, 'D_layers': 5, 'D_layer_units_exponent_0': 9, 'D_layer_units_exponent_1': 6, 'D_layer_units_exponent_2': 6, 'D_layer_units_exponent_3': 4, 'D_layer_units_exponent_4': 4, 'D_dagger_layers': 3, 'D_dagger_layer_units_exponent_0': 10, 'D_dagger_layer_units_exponent_1': 6, 'D_dagger_layer_units_exponent_2': 5, 'log_learning_rate': -4.137905128397728, 'log_learning_rate_D': -2.455538258784943, 'log_learning_rate_D_dagger': -3.0981070506620942, 'training_batch_size': 6, 'training_p': 3}. Best is trial 52 with value: 0.08483626693487167.
Time for this trial:  411.67793440818787
Memory status after this trial: 
Memory allocated:  600.71044921875
Memory cached:  636.0
--------------------  Trial  91   --------------------
Start timing: 
Parameters: 
{'W_layers': 3, 'W_layer_units_exponent_0': 9, 'W_layer_units_exponent_1': 4, 'W_layer_units_exponent_2': 5, 'D_layers': 4, 'D_layer_units_exponent_0': 10, 'D_layer_units_exponent_1': 7, 'D_layer_units_exponent_2': 7, 'D_layer_units_exponent_3': 5, 'D_dagger_layers': 3, 'D_dagger_layer_units_exponent_0': 10, 'D_dagger_layer_units_exponent_1': 6, 'D_dagger_layer_units_exponent_2': 6, 'log_learning_rate': -3.564833999258814, 'log_learning_rate_D': -2.7058192618242027, 'log_learning_rate_D_dagger': -2.732499277972727, 'training_batch_size': 7, 'training_p': 2}
	 epoch  0 training error:  tensor(1.0104, device='cuda:0', grad_fn=<DivBackward0>)
Memory status after this epoch: 
Memory allocated:  353.732421875
Memory cached:  636.0
	 epoch  10 training error:  tensor(0.2307, device='cuda:0', grad_fn=<DivBackward0>)
Memory status after this epoch: 
Memory allocated:  353.732421875
Memory cached:  650.0
	 epoch  20 training error:  tensor(0.2033, device='cuda:0', grad_fn=<DivBackward0>)
Memory status after this epoch: 
Memory allocated:  353.732421875
Memory cached:  642.0
	 epoch  30 training error:  tensor(0.1951, device='cuda:0', grad_fn=<DivBackward0>)
Memory status after this epoch: 
Memory allocated:  353.732421875
Memory cached:  644.0
	 epoch  40 training error:  tensor(0.1961, device='cuda:0', grad_fn=<DivBackward0>)
Memory status after this epoch: 
Memory allocated:  353.732421875
Memory cached:  646.0
	 epoch  50 training error:  tensor(0.1852, device='cuda:0', grad_fn=<DivBackward0>)
Memory status after this epoch: 
Memory allocated:  353.732421875
Memory cached:  642.0
	 epoch  60 training error:  tensor(0.1876, device='cuda:0', grad_fn=<DivBackward0>)
Memory status after this epoch: 
Memory allocated:  353.732421875
Memory cached:  646.0
	 epoch  70 training error:  tensor(0.1883, device='cuda:0', grad_fn=<DivBackward0>)
Memory status after this epoch: 
Memory allocated:  353.732421875
Memory cached:  642.0
	 epoch  80 training error:  tensor(0.1762, device='cuda:0', grad_fn=<DivBackward0>)
Memory status after this epoch: 
Memory allocated:  353.732421875
Memory cached:  646.0
	 epoch  90 training error:  tensor(0.1874, device='cuda:0', grad_fn=<DivBackward0>)
Memory status after this epoch: 
Memory allocated:  353.732421875
Memory cached:  648.0
[I 2024-01-10 23:47:47,664] Trial 91 finished with value: 0.3139817416667938 and parameters: {'W_layers': 3, 'W_layer_units_exponent_0': 9, 'W_layer_units_exponent_1': 4, 'W_layer_units_exponent_2': 5, 'D_layers': 4, 'D_layer_units_exponent_0': 10, 'D_layer_units_exponent_1': 7, 'D_layer_units_exponent_2': 7, 'D_layer_units_exponent_3': 5, 'D_dagger_layers': 3, 'D_dagger_layer_units_exponent_0': 10, 'D_dagger_layer_units_exponent_1': 6, 'D_dagger_layer_units_exponent_2': 6, 'log_learning_rate': -3.564833999258814, 'log_learning_rate_D': -2.7058192618242027, 'log_learning_rate_D_dagger': -2.732499277972727, 'training_batch_size': 7, 'training_p': 2}. Best is trial 52 with value: 0.08483626693487167.
Time for this trial:  291.97817730903625
Memory status after this trial: 
Memory allocated:  671.912109375
Memory cached:  676.0
--------------------  Trial  92   --------------------
Start timing: 
Parameters: 
{'W_layers': 3, 'W_layer_units_exponent_0': 8, 'W_layer_units_exponent_1': 4, 'W_layer_units_exponent_2': 5, 'D_layers': 4, 'D_layer_units_exponent_0': 9, 'D_layer_units_exponent_1': 7, 'D_layer_units_exponent_2': 7, 'D_layer_units_exponent_3': 4, 'D_dagger_layers': 3, 'D_dagger_layer_units_exponent_0': 10, 'D_dagger_layer_units_exponent_1': 6, 'D_dagger_layer_units_exponent_2': 6, 'log_learning_rate': -3.517873375955066, 'log_learning_rate_D': -2.780189738067802, 'log_learning_rate_D_dagger': -2.7726206125409587, 'training_batch_size': 7, 'training_p': 4}
	 epoch  0 training error:  tensor(0.9106, device='cuda:0', grad_fn=<DivBackward0>)
Memory status after this epoch: 
Memory allocated:  352.615234375
Memory cached:  636.0
	 epoch  10 training error:  tensor(0.3041, device='cuda:0', grad_fn=<DivBackward0>)
Memory status after this epoch: 
Memory allocated:  352.615234375
Memory cached:  640.0
	 epoch  20 training error:  tensor(0.2799, device='cuda:0', grad_fn=<DivBackward0>)
Memory status after this epoch: 
Memory allocated:  352.615234375
Memory cached:  642.0
	 epoch  30 training error:  tensor(0.2380, device='cuda:0', grad_fn=<DivBackward0>)
Memory status after this epoch: 
Memory allocated:  352.615234375
Memory cached:  638.0
	 epoch  40 training error:  tensor(0.2533, device='cuda:0', grad_fn=<DivBackward0>)
Memory status after this epoch: 
Memory allocated:  352.615234375
Memory cached:  640.0
	 epoch  50 training error:  tensor(0.1667, device='cuda:0', grad_fn=<DivBackward0>)
Memory status after this epoch: 
Memory allocated:  352.615234375
Memory cached:  640.0
	 epoch  60 training error:  tensor(0.1905, device='cuda:0', grad_fn=<DivBackward0>)
Memory status after this epoch: 
Memory allocated:  352.615234375
Memory cached:  640.0
	 epoch  70 training error:  tensor(0.1877, device='cuda:0', grad_fn=<DivBackward0>)
Memory status after this epoch: 
Memory allocated:  352.615234375
Memory cached:  640.0
	 epoch  80 training error:  tensor(0.1517, device='cuda:0', grad_fn=<DivBackward0>)
Memory status after this epoch: 
Memory allocated:  352.615234375
Memory cached:  640.0
	 epoch  90 training error:  tensor(0.1663, device='cuda:0', grad_fn=<DivBackward0>)
Memory status after this epoch: 
Memory allocated:  352.615234375
Memory cached:  640.0
[I 2024-01-10 23:52:30,595] Trial 92 finished with value: 0.1036607027053833 and parameters: {'W_layers': 3, 'W_layer_units_exponent_0': 8, 'W_layer_units_exponent_1': 4, 'W_layer_units_exponent_2': 5, 'D_layers': 4, 'D_layer_units_exponent_0': 9, 'D_layer_units_exponent_1': 7, 'D_layer_units_exponent_2': 7, 'D_layer_units_exponent_3': 4, 'D_dagger_layers': 3, 'D_dagger_layer_units_exponent_0': 10, 'D_dagger_layer_units_exponent_1': 6, 'D_dagger_layer_units_exponent_2': 6, 'log_learning_rate': -3.517873375955066, 'log_learning_rate_D': -2.780189738067802, 'log_learning_rate_D_dagger': -2.7726206125409587, 'training_batch_size': 7, 'training_p': 4}. Best is trial 52 with value: 0.08483626693487167.
Time for this trial:  282.5560088157654
Memory status after this trial: 
Memory allocated:  588.4189453125
Memory cached:  636.0
--------------------  Trial  93   --------------------
Start timing: 
Parameters: 
{'W_layers': 2, 'W_layer_units_exponent_0': 8, 'W_layer_units_exponent_1': 4, 'D_layers': 5, 'D_layer_units_exponent_0': 10, 'D_layer_units_exponent_1': 8, 'D_layer_units_exponent_2': 7, 'D_layer_units_exponent_3': 4, 'D_layer_units_exponent_4': 9, 'D_dagger_layers': 3, 'D_dagger_layer_units_exponent_0': 10, 'D_dagger_layer_units_exponent_1': 6, 'D_dagger_layer_units_exponent_2': 5, 'log_learning_rate': -3.8267117957294206, 'log_learning_rate_D': -2.774668678545987, 'log_learning_rate_D_dagger': -2.8209013430330447, 'training_batch_size': 7, 'training_p': 4}
	 epoch  0 training error:  tensor(1.1005, device='cuda:0', grad_fn=<DivBackward0>)
Memory status after this epoch: 
Memory allocated:  355.98046875
Memory cached:  636.0
	 epoch  10 training error:  tensor(0.3280, device='cuda:0', grad_fn=<DivBackward0>)
Memory status after this epoch: 
Memory allocated:  355.98046875
Memory cached:  638.0
	 epoch  20 training error:  tensor(0.3107, device='cuda:0', grad_fn=<DivBackward0>)
Memory status after this epoch: 
Memory allocated:  355.98046875
Memory cached:  640.0
	 epoch  30 training error:  tensor(0.2924, device='cuda:0', grad_fn=<DivBackward0>)
Memory status after this epoch: 
Memory allocated:  355.98046875
Memory cached:  636.0
	 epoch  40 training error:  tensor(0.2800, device='cuda:0', grad_fn=<DivBackward0>)
Memory status after this epoch: 
Memory allocated:  355.98046875
Memory cached:  636.0
	 epoch  50 training error:  tensor(0.2861, device='cuda:0', grad_fn=<DivBackward0>)
Memory status after this epoch: 
Memory allocated:  355.98046875
Memory cached:  636.0
	 epoch  60 training error:  tensor(0.2845, device='cuda:0', grad_fn=<DivBackward0>)
Memory status after this epoch: 
Memory allocated:  355.98046875
Memory cached:  636.0
	 epoch  70 training error:  tensor(0.2810, device='cuda:0', grad_fn=<DivBackward0>)
Memory status after this epoch: 
Memory allocated:  355.98046875
Memory cached:  636.0
	 epoch  80 training error:  tensor(0.2714, device='cuda:0', grad_fn=<DivBackward0>)
Memory status after this epoch: 
Memory allocated:  355.98046875
Memory cached:  636.0
	 epoch  90 training error:  tensor(0.2732, device='cuda:0', grad_fn=<DivBackward0>)
Memory status after this epoch: 
Memory allocated:  355.98046875
Memory cached:  638.0
[I 2024-01-10 23:57:27,121] Trial 93 finished with value: 0.2920807898044586 and parameters: {'W_layers': 2, 'W_layer_units_exponent_0': 8, 'W_layer_units_exponent_1': 4, 'D_layers': 5, 'D_layer_units_exponent_0': 10, 'D_layer_units_exponent_1': 8, 'D_layer_units_exponent_2': 7, 'D_layer_units_exponent_3': 4, 'D_layer_units_exponent_4': 9, 'D_dagger_layers': 3, 'D_dagger_layer_units_exponent_0': 10, 'D_dagger_layer_units_exponent_1': 6, 'D_dagger_layer_units_exponent_2': 5, 'log_learning_rate': -3.8267117957294206, 'log_learning_rate_D': -2.774668678545987, 'log_learning_rate_D_dagger': -2.8209013430330447, 'training_batch_size': 7, 'training_p': 4}. Best is trial 52 with value: 0.08483626693487167.
Time for this trial:  296.15368485450745
Memory status after this trial: 
Memory allocated:  698.32177734375
Memory cached:  702.0
--------------------  Trial  94   --------------------
Start timing: 
Parameters: 
{'W_layers': 3, 'W_layer_units_exponent_0': 8, 'W_layer_units_exponent_1': 4, 'W_layer_units_exponent_2': 5, 'D_layers': 4, 'D_layer_units_exponent_0': 10, 'D_layer_units_exponent_1': 8, 'D_layer_units_exponent_2': 6, 'D_layer_units_exponent_3': 4, 'D_dagger_layers': 4, 'D_dagger_layer_units_exponent_0': 10, 'D_dagger_layer_units_exponent_1': 5, 'D_dagger_layer_units_exponent_2': 5, 'D_dagger_layer_units_exponent_3': 8, 'log_learning_rate': -3.6276794571619804, 'log_learning_rate_D': -2.915160439677032, 'log_learning_rate_D_dagger': -2.6404115493564277, 'training_batch_size': 6, 'training_p': 4}
	 epoch  0 training error:  tensor(0.8743, device='cuda:0', grad_fn=<DivBackward0>)
Memory status after this epoch: 
Memory allocated:  355.2509765625
Memory cached:  638.0
	 epoch  10 training error:  tensor(0.3064, device='cuda:0', grad_fn=<DivBackward0>)
Memory status after this epoch: 
Memory allocated:  355.2509765625
Memory cached:  636.0
	 epoch  20 training error:  tensor(0.2642, device='cuda:0', grad_fn=<DivBackward0>)
Memory status after this epoch: 
Memory allocated:  355.2509765625
Memory cached:  636.0
	 epoch  30 training error:  tensor(0.2444, device='cuda:0', grad_fn=<DivBackward0>)
Memory status after this epoch: 
Memory allocated:  355.2509765625
Memory cached:  636.0
	 epoch  40 training error:  tensor(0.1751, device='cuda:0', grad_fn=<DivBackward0>)
Memory status after this epoch: 
Memory allocated:  355.2509765625
Memory cached:  636.0
	 epoch  50 training error:  tensor(0.1606, device='cuda:0', grad_fn=<DivBackward0>)
Memory status after this epoch: 
Memory allocated:  355.2509765625
Memory cached:  636.0
	 epoch  60 training error:  tensor(0.1544, device='cuda:0', grad_fn=<DivBackward0>)
Memory status after this epoch: 
Memory allocated:  355.2509765625
Memory cached:  636.0
	 epoch  70 training error:  tensor(0.1447, device='cuda:0', grad_fn=<DivBackward0>)
Memory status after this epoch: 
Memory allocated:  355.2509765625
Memory cached:  636.0
	 epoch  80 training error:  tensor(0.1523, device='cuda:0', grad_fn=<DivBackward0>)
Memory status after this epoch: 
Memory allocated:  355.2509765625
Memory cached:  636.0
	 epoch  90 training error:  tensor(0.1239, device='cuda:0', grad_fn=<DivBackward0>)
Memory status after this epoch: 
Memory allocated:  355.2509765625
Memory cached:  636.0
[I 2024-01-11 00:04:22,832] Trial 94 finished with value: 0.10158927738666534 and parameters: {'W_layers': 3, 'W_layer_units_exponent_0': 8, 'W_layer_units_exponent_1': 4, 'W_layer_units_exponent_2': 5, 'D_layers': 4, 'D_layer_units_exponent_0': 10, 'D_layer_units_exponent_1': 8, 'D_layer_units_exponent_2': 6, 'D_layer_units_exponent_3': 4, 'D_dagger_layers': 4, 'D_dagger_layer_units_exponent_0': 10, 'D_dagger_layer_units_exponent_1': 5, 'D_dagger_layer_units_exponent_2': 5, 'D_dagger_layer_units_exponent_3': 8, 'log_learning_rate': -3.6276794571619804, 'log_learning_rate_D': -2.915160439677032, 'log_learning_rate_D_dagger': -2.6404115493564277, 'training_batch_size': 6, 'training_p': 4}. Best is trial 52 with value: 0.08483626693487167.
Time for this trial:  415.2968511581421
Memory status after this trial: 
Memory allocated:  668.248046875
Memory cached:  672.0
--------------------  Trial  95   --------------------
Start timing: 
Parameters: 
{'W_layers': 3, 'W_layer_units_exponent_0': 8, 'W_layer_units_exponent_1': 4, 'W_layer_units_exponent_2': 5, 'D_layers': 4, 'D_layer_units_exponent_0': 10, 'D_layer_units_exponent_1': 8, 'D_layer_units_exponent_2': 6, 'D_layer_units_exponent_3': 4, 'D_dagger_layers': 4, 'D_dagger_layer_units_exponent_0': 10, 'D_dagger_layer_units_exponent_1': 5, 'D_dagger_layer_units_exponent_2': 6, 'D_dagger_layer_units_exponent_3': 8, 'log_learning_rate': -3.9337122088556726, 'log_learning_rate_D': -2.839818477777141, 'log_learning_rate_D_dagger': -2.5943798577928954, 'training_batch_size': 6, 'training_p': 5}
	 epoch  0 training error:  tensor(0.9034, device='cuda:0', grad_fn=<DivBackward0>)
Memory status after this epoch: 
Memory allocated:  355.3916015625
Memory cached:  642.0
	 epoch  10 training error:  tensor(0.3687, device='cuda:0', grad_fn=<DivBackward0>)
Memory status after this epoch: 
Memory allocated:  355.3916015625
Memory cached:  638.0
	 epoch  20 training error:  tensor(0.3353, device='cuda:0', grad_fn=<DivBackward0>)
Memory status after this epoch: 
Memory allocated:  355.3916015625
Memory cached:  636.0
	 epoch  30 training error:  tensor(0.3377, device='cuda:0', grad_fn=<DivBackward0>)
Memory status after this epoch: 
Memory allocated:  355.3916015625
Memory cached:  636.0
	 epoch  40 training error:  tensor(0.3260, device='cuda:0', grad_fn=<DivBackward0>)
Memory status after this epoch: 
Memory allocated:  355.3916015625
Memory cached:  638.0
	 epoch  50 training error:  tensor(0.3127, device='cuda:0', grad_fn=<DivBackward0>)
Memory status after this epoch: 
Memory allocated:  355.3916015625
Memory cached:  636.0
	 epoch  60 training error:  tensor(0.3101, device='cuda:0', grad_fn=<DivBackward0>)
Memory status after this epoch: 
Memory allocated:  355.3916015625
Memory cached:  636.0
	 epoch  70 training error:  tensor(0.3051, device='cuda:0', grad_fn=<DivBackward0>)
Memory status after this epoch: 
Memory allocated:  355.3916015625
Memory cached:  636.0
	 epoch  80 training error:  tensor(0.2732, device='cuda:0', grad_fn=<DivBackward0>)
Memory status after this epoch: 
Memory allocated:  355.3916015625
Memory cached:  638.0
	 epoch  90 training error:  tensor(0.1826, device='cuda:0', grad_fn=<DivBackward0>)
Memory status after this epoch: 
Memory allocated:  355.3916015625
Memory cached:  636.0
