[I 2023-12-07 04:01:50,004] Trial 88 finished with value: 0.30572032928466797 and parameters: {'W_layers': 4, 'W_layer_units_exponent_0': 4, 'W_layer_units_exponent_1': 5, 'W_layer_units_exponent_2': 6, 'W_layer_units_exponent_3': 8, 'D_layers': 5, 'D_layer_units_exponent_0': 10, 'D_layer_units_exponent_1': 8, 'D_layer_units_exponent_2': 5, 'D_layer_units_exponent_3': 7, 'D_layer_units_exponent_4': 10, 'D_dagger_layers': 8, 'D_dagger_layer_units_exponent_0': 7, 'D_dagger_layer_units_exponent_1': 4, 'D_dagger_layer_units_exponent_2': 8, 'D_dagger_layer_units_exponent_3': 4, 'D_dagger_layer_units_exponent_4': 6, 'D_dagger_layer_units_exponent_5': 5, 'D_dagger_layer_units_exponent_6': 6, 'D_dagger_layer_units_exponent_7': 10, 'log_learning_rate': -3.1610605349347045, 'log_learning_rate_D': -3.4948422971804143, 'log_learning_rate_D_dagger': -3.6152689059233154, 'training_batch_size': 11, 'training_p': 4}. Best is trial 45 with value: 0.17419132590293884.
Time for this trial:  212.87081241607666
Memory status after this trial: 
Memory allocated:  661.802734375
Memory cached:  812.0
--------------------  Trial  89   --------------------
Start timing: 
Parameters: 
{'W_layers': 6, 'W_layer_units_exponent_0': 5, 'W_layer_units_exponent_1': 4, 'W_layer_units_exponent_2': 7, 'W_layer_units_exponent_3': 9, 'W_layer_units_exponent_4': 9, 'W_layer_units_exponent_5': 4, 'D_layers': 4, 'D_layer_units_exponent_0': 10, 'D_layer_units_exponent_1': 6, 'D_layer_units_exponent_2': 6, 'D_layer_units_exponent_3': 8, 'D_dagger_layers': 7, 'D_dagger_layer_units_exponent_0': 10, 'D_dagger_layer_units_exponent_1': 5, 'D_dagger_layer_units_exponent_2': 9, 'D_dagger_layer_units_exponent_3': 5, 'D_dagger_layer_units_exponent_4': 7, 'D_dagger_layer_units_exponent_5': 7, 'D_dagger_layer_units_exponent_6': 7, 'log_learning_rate': -2.8819970627061475, 'log_learning_rate_D': -3.1495959256392263, 'log_learning_rate_D_dagger': -3.1127115206228324, 'training_batch_size': 11, 'training_p': 5}
	 epoch  0 training error:  tensor(0.9741, device='cuda:0', grad_fn=<DivBackward0>)
Memory status after this epoch: 
Memory allocated:  447.37109375
Memory cached:  776.0
	 epoch  10 training error:  tensor(0.4817, device='cuda:0', grad_fn=<DivBackward0>)
Memory status after this epoch: 
Memory allocated:  447.37109375
Memory cached:  822.0
	 epoch  20 training error:  tensor(0.4010, device='cuda:0', grad_fn=<DivBackward0>)
Memory status after this epoch: 
Memory allocated:  447.37109375
Memory cached:  816.0
	 epoch  30 training error:  tensor(0.3617, device='cuda:0', grad_fn=<DivBackward0>)
Memory status after this epoch: 
Memory allocated:  447.37109375
Memory cached:  810.0
	 epoch  40 training error:  tensor(0.3390, device='cuda:0', grad_fn=<DivBackward0>)
Memory status after this epoch: 
Memory allocated:  447.37109375
Memory cached:  816.0
	 epoch  50 training error:  tensor(0.3152, device='cuda:0', grad_fn=<DivBackward0>)
Memory status after this epoch: 
Memory allocated:  447.37109375
Memory cached:  814.0
	 epoch  60 training error:  tensor(0.3054, device='cuda:0', grad_fn=<DivBackward0>)
Memory status after this epoch: 
Memory allocated:  447.37109375
Memory cached:  816.0
	 epoch  70 training error:  tensor(0.2841, device='cuda:0', grad_fn=<DivBackward0>)
Memory status after this epoch: 
Memory allocated:  447.37109375
Memory cached:  818.0
	 epoch  80 training error:  tensor(0.3018, device='cuda:0', grad_fn=<DivBackward0>)
Memory status after this epoch: 
Memory allocated:  447.37109375
Memory cached:  816.0
	 epoch  90 training error:  tensor(0.2592, device='cuda:0', grad_fn=<DivBackward0>)
Memory status after this epoch: 
Memory allocated:  447.37109375
Memory cached:  812.0
[I 2023-12-07 04:05:27,412] Trial 89 finished with value: 0.29786011576652527 and parameters: {'W_layers': 6, 'W_layer_units_exponent_0': 5, 'W_layer_units_exponent_1': 4, 'W_layer_units_exponent_2': 7, 'W_layer_units_exponent_3': 9, 'W_layer_units_exponent_4': 9, 'W_layer_units_exponent_5': 4, 'D_layers': 4, 'D_layer_units_exponent_0': 10, 'D_layer_units_exponent_1': 6, 'D_layer_units_exponent_2': 6, 'D_layer_units_exponent_3': 8, 'D_dagger_layers': 7, 'D_dagger_layer_units_exponent_0': 10, 'D_dagger_layer_units_exponent_1': 5, 'D_dagger_layer_units_exponent_2': 9, 'D_dagger_layer_units_exponent_3': 5, 'D_dagger_layer_units_exponent_4': 7, 'D_dagger_layer_units_exponent_5': 7, 'D_dagger_layer_units_exponent_6': 7, 'log_learning_rate': -2.8819970627061475, 'log_learning_rate_D': -3.1495959256392263, 'log_learning_rate_D_dagger': -3.1127115206228324, 'training_batch_size': 11, 'training_p': 5}. Best is trial 45 with value: 0.17419132590293884.
Time for this trial:  217.10418224334717
Memory status after this trial: 
Memory allocated:  686.20263671875
Memory cached:  790.0
--------------------  Trial  90   --------------------
Start timing: 
Parameters: 
{'W_layers': 6, 'W_layer_units_exponent_0': 6, 'W_layer_units_exponent_1': 5, 'W_layer_units_exponent_2': 4, 'W_layer_units_exponent_3': 9, 'W_layer_units_exponent_4': 10, 'W_layer_units_exponent_5': 4, 'D_layers': 5, 'D_layer_units_exponent_0': 9, 'D_layer_units_exponent_1': 7, 'D_layer_units_exponent_2': 6, 'D_layer_units_exponent_3': 8, 'D_layer_units_exponent_4': 9, 'D_dagger_layers': 6, 'D_dagger_layer_units_exponent_0': 8, 'D_dagger_layer_units_exponent_1': 4, 'D_dagger_layer_units_exponent_2': 10, 'D_dagger_layer_units_exponent_3': 6, 'D_dagger_layer_units_exponent_4': 8, 'D_dagger_layer_units_exponent_5': 5, 'log_learning_rate': -3.0872531592704733, 'log_learning_rate_D': -2.9522800777835596, 'log_learning_rate_D_dagger': -3.6850794397520086, 'training_batch_size': 10, 'training_p': 5}
	 epoch  0 training error:  tensor(1.0188, device='cuda:0', grad_fn=<DivBackward0>)
Memory status after this epoch: 
Memory allocated:  452.78515625
Memory cached:  778.0
	 epoch  10 training error:  tensor(0.5517, device='cuda:0', grad_fn=<DivBackward0>)
Memory status after this epoch: 
Memory allocated:  452.78515625
Memory cached:  800.0
	 epoch  20 training error:  tensor(0.4627, device='cuda:0', grad_fn=<DivBackward0>)
Memory status after this epoch: 
Memory allocated:  452.78515625
Memory cached:  806.0
	 epoch  30 training error:  tensor(0.4325, device='cuda:0', grad_fn=<DivBackward0>)
Memory status after this epoch: 
Memory allocated:  452.78515625
Memory cached:  802.0
	 epoch  40 training error:  tensor(0.4185, device='cuda:0', grad_fn=<DivBackward0>)
Memory status after this epoch: 
Memory allocated:  452.78515625
Memory cached:  812.0
	 epoch  50 training error:  tensor(0.4012, device='cuda:0', grad_fn=<DivBackward0>)
Memory status after this epoch: 
Memory allocated:  452.78515625
Memory cached:  802.0
	 epoch  60 training error:  tensor(0.3873, device='cuda:0', grad_fn=<DivBackward0>)
Memory status after this epoch: 
Memory allocated:  452.78515625
Memory cached:  808.0
	 epoch  70 training error:  tensor(0.3733, device='cuda:0', grad_fn=<DivBackward0>)
Memory status after this epoch: 
Memory allocated:  452.78515625
Memory cached:  810.0
	 epoch  80 training error:  tensor(0.3455, device='cuda:0', grad_fn=<DivBackward0>)
Memory status after this epoch: 
Memory allocated:  452.78515625
Memory cached:  800.0
	 epoch  90 training error:  tensor(0.3158, device='cuda:0', grad_fn=<DivBackward0>)
Memory status after this epoch: 
Memory allocated:  452.78515625
Memory cached:  806.0
[I 2023-12-07 04:09:05,312] Trial 90 finished with value: 0.2684204578399658 and parameters: {'W_layers': 6, 'W_layer_units_exponent_0': 6, 'W_layer_units_exponent_1': 5, 'W_layer_units_exponent_2': 4, 'W_layer_units_exponent_3': 9, 'W_layer_units_exponent_4': 10, 'W_layer_units_exponent_5': 4, 'D_layers': 5, 'D_layer_units_exponent_0': 9, 'D_layer_units_exponent_1': 7, 'D_layer_units_exponent_2': 6, 'D_layer_units_exponent_3': 8, 'D_layer_units_exponent_4': 9, 'D_dagger_layers': 6, 'D_dagger_layer_units_exponent_0': 8, 'D_dagger_layer_units_exponent_1': 4, 'D_dagger_layer_units_exponent_2': 10, 'D_dagger_layer_units_exponent_3': 6, 'D_dagger_layer_units_exponent_4': 8, 'D_dagger_layer_units_exponent_5': 5, 'log_learning_rate': -3.0872531592704733, 'log_learning_rate_D': -2.9522800777835596, 'log_learning_rate_D_dagger': -3.6850794397520086, 'training_batch_size': 10, 'training_p': 5}. Best is trial 45 with value: 0.17419132590293884.
Time for this trial:  217.5960021018982
Memory status after this trial: 
Memory allocated:  697.24462890625
Memory cached:  794.0
--------------------  Trial  91   --------------------
Start timing: 
Parameters: 
{'W_layers': 7, 'W_layer_units_exponent_0': 6, 'W_layer_units_exponent_1': 6, 'W_layer_units_exponent_2': 5, 'W_layer_units_exponent_3': 6, 'W_layer_units_exponent_4': 9, 'W_layer_units_exponent_5': 4, 'W_layer_units_exponent_6': 7, 'D_layers': 3, 'D_layer_units_exponent_0': 9, 'D_layer_units_exponent_1': 6, 'D_layer_units_exponent_2': 4, 'D_dagger_layers': 7, 'D_dagger_layer_units_exponent_0': 9, 'D_dagger_layer_units_exponent_1': 10, 'D_dagger_layer_units_exponent_2': 9, 'D_dagger_layer_units_exponent_3': 6, 'D_dagger_layer_units_exponent_4': 9, 'D_dagger_layer_units_exponent_5': 6, 'D_dagger_layer_units_exponent_6': 6, 'log_learning_rate': -3.2290845677791036, 'log_learning_rate_D': -3.25352044116053, 'log_learning_rate_D_dagger': -3.217565465544225, 'training_batch_size': 12, 'training_p': 5}
	 epoch  0 training error:  tensor(1.0114, device='cuda:0', grad_fn=<DivBackward0>)
Memory status after this epoch: 
Memory allocated:  458.162109375
Memory cached:  774.0
	 epoch  10 training error:  tensor(0.4915, device='cuda:0', grad_fn=<DivBackward0>)
Memory status after this epoch: 
Memory allocated:  458.162109375
Memory cached:  794.0
	 epoch  20 training error:  tensor(0.4415, device='cuda:0', grad_fn=<DivBackward0>)
Memory status after this epoch: 
Memory allocated:  458.162109375
Memory cached:  798.0
	 epoch  30 training error:  tensor(0.3974, device='cuda:0', grad_fn=<DivBackward0>)
Memory status after this epoch: 
Memory allocated:  458.162109375
Memory cached:  800.0
	 epoch  40 training error:  tensor(0.3576, device='cuda:0', grad_fn=<DivBackward0>)
Memory status after this epoch: 
Memory allocated:  458.162109375
Memory cached:  792.0
	 epoch  50 training error:  tensor(0.3349, device='cuda:0', grad_fn=<DivBackward0>)
Memory status after this epoch: 
Memory allocated:  458.162109375
Memory cached:  804.0
	 epoch  60 training error:  tensor(0.3395, device='cuda:0', grad_fn=<DivBackward0>)
Memory status after this epoch: 
Memory allocated:  458.162109375
Memory cached:  804.0
	 epoch  70 training error:  tensor(0.3059, device='cuda:0', grad_fn=<DivBackward0>)
Memory status after this epoch: 
Memory allocated:  458.162109375
Memory cached:  794.0
	 epoch  80 training error:  tensor(0.3148, device='cuda:0', grad_fn=<DivBackward0>)
Memory status after this epoch: 
Memory allocated:  458.162109375
Memory cached:  794.0
	 epoch  90 training error:  tensor(0.3223, device='cuda:0', grad_fn=<DivBackward0>)
Memory status after this epoch: 
Memory allocated:  458.162109375
Memory cached:  794.0
[I 2023-12-07 04:12:36,959] Trial 91 finished with value: 0.26089850068092346 and parameters: {'W_layers': 7, 'W_layer_units_exponent_0': 6, 'W_layer_units_exponent_1': 6, 'W_layer_units_exponent_2': 5, 'W_layer_units_exponent_3': 6, 'W_layer_units_exponent_4': 9, 'W_layer_units_exponent_5': 4, 'W_layer_units_exponent_6': 7, 'D_layers': 3, 'D_layer_units_exponent_0': 9, 'D_layer_units_exponent_1': 6, 'D_layer_units_exponent_2': 4, 'D_dagger_layers': 7, 'D_dagger_layer_units_exponent_0': 9, 'D_dagger_layer_units_exponent_1': 10, 'D_dagger_layer_units_exponent_2': 9, 'D_dagger_layer_units_exponent_3': 6, 'D_dagger_layer_units_exponent_4': 9, 'D_dagger_layer_units_exponent_5': 6, 'D_dagger_layer_units_exponent_6': 6, 'log_learning_rate': -3.2290845677791036, 'log_learning_rate_D': -3.25352044116053, 'log_learning_rate_D_dagger': -3.217565465544225, 'training_batch_size': 12, 'training_p': 5}. Best is trial 45 with value: 0.17419132590293884.
Time for this trial:  211.33412075042725
Memory status after this trial: 
Memory allocated:  672.97119140625
Memory cached:  788.0
--------------------  Trial  92   --------------------
Start timing: 
Parameters: 
{'W_layers': 7, 'W_layer_units_exponent_0': 7, 'W_layer_units_exponent_1': 5, 'W_layer_units_exponent_2': 10, 'W_layer_units_exponent_3': 9, 'W_layer_units_exponent_4': 9, 'W_layer_units_exponent_5': 4, 'W_layer_units_exponent_6': 4, 'D_layers': 6, 'D_layer_units_exponent_0': 9, 'D_layer_units_exponent_1': 4, 'D_layer_units_exponent_2': 5, 'D_layer_units_exponent_3': 7, 'D_layer_units_exponent_4': 4, 'D_layer_units_exponent_5': 6, 'D_dagger_layers': 7, 'D_dagger_layer_units_exponent_0': 8, 'D_dagger_layer_units_exponent_1': 7, 'D_dagger_layer_units_exponent_2': 9, 'D_dagger_layer_units_exponent_3': 7, 'D_dagger_layer_units_exponent_4': 9, 'D_dagger_layer_units_exponent_5': 6, 'D_dagger_layer_units_exponent_6': 7, 'log_learning_rate': -3.3854257734630746, 'log_learning_rate_D': -3.243170641438594, 'log_learning_rate_D_dagger': -3.472897354204324, 'training_batch_size': 12, 'training_p': 5}
	 epoch  0 training error:  tensor(0.9803, device='cuda:0', grad_fn=<DivBackward0>)
Memory status after this epoch: 
Memory allocated:  456.361328125
Memory cached:  774.0
	 epoch  10 training error:  tensor(0.4880, device='cuda:0', grad_fn=<DivBackward0>)
Memory status after this epoch: 
Memory allocated:  456.361328125
Memory cached:  802.0
	 epoch  20 training error:  tensor(0.4325, device='cuda:0', grad_fn=<DivBackward0>)
Memory status after this epoch: 
Memory allocated:  456.361328125
Memory cached:  810.0
	 epoch  30 training error:  tensor(0.4065, device='cuda:0', grad_fn=<DivBackward0>)
Memory status after this epoch: 
Memory allocated:  456.361328125
Memory cached:  798.0
	 epoch  40 training error:  tensor(0.3861, device='cuda:0', grad_fn=<DivBackward0>)
Memory status after this epoch: 
Memory allocated:  456.361328125
Memory cached:  796.0
	 epoch  50 training error:  tensor(0.3667, device='cuda:0', grad_fn=<DivBackward0>)
Memory status after this epoch: 
Memory allocated:  456.361328125
Memory cached:  800.0
	 epoch  60 training error:  tensor(0.3461, device='cuda:0', grad_fn=<DivBackward0>)
Memory status after this epoch: 
Memory allocated:  456.361328125
Memory cached:  802.0
	 epoch  70 training error:  tensor(0.3434, device='cuda:0', grad_fn=<DivBackward0>)
Memory status after this epoch: 
Memory allocated:  456.361328125
Memory cached:  798.0
	 epoch  80 training error:  tensor(0.3256, device='cuda:0', grad_fn=<DivBackward0>)
Memory status after this epoch: 
Memory allocated:  456.361328125
Memory cached:  806.0
	 epoch  90 training error:  tensor(0.2935, device='cuda:0', grad_fn=<DivBackward0>)
Memory status after this epoch: 
Memory allocated:  456.361328125
Memory cached:  810.0
[I 2023-12-07 04:16:32,931] Trial 92 finished with value: 0.276297390460968 and parameters: {'W_layers': 7, 'W_layer_units_exponent_0': 7, 'W_layer_units_exponent_1': 5, 'W_layer_units_exponent_2': 10, 'W_layer_units_exponent_3': 9, 'W_layer_units_exponent_4': 9, 'W_layer_units_exponent_5': 4, 'W_layer_units_exponent_6': 4, 'D_layers': 6, 'D_layer_units_exponent_0': 9, 'D_layer_units_exponent_1': 4, 'D_layer_units_exponent_2': 5, 'D_layer_units_exponent_3': 7, 'D_layer_units_exponent_4': 4, 'D_layer_units_exponent_5': 6, 'D_dagger_layers': 7, 'D_dagger_layer_units_exponent_0': 8, 'D_dagger_layer_units_exponent_1': 7, 'D_dagger_layer_units_exponent_2': 9, 'D_dagger_layer_units_exponent_3': 7, 'D_dagger_layer_units_exponent_4': 9, 'D_dagger_layer_units_exponent_5': 6, 'D_dagger_layer_units_exponent_6': 7, 'log_learning_rate': -3.3854257734630746, 'log_learning_rate_D': -3.243170641438594, 'log_learning_rate_D_dagger': -3.472897354204324, 'training_batch_size': 12, 'training_p': 5}. Best is trial 45 with value: 0.17419132590293884.
Time for this trial:  235.62554454803467
Memory status after this trial: 
Memory allocated:  699.6640625
Memory cached:  792.0
--------------------  Trial  93   --------------------
Start timing: 
Parameters: 
{'W_layers': 7, 'W_layer_units_exponent_0': 8, 'W_layer_units_exponent_1': 6, 'W_layer_units_exponent_2': 6, 'W_layer_units_exponent_3': 6, 'W_layer_units_exponent_4': 7, 'W_layer_units_exponent_5': 4, 'W_layer_units_exponent_6': 8, 'D_layers': 5, 'D_layer_units_exponent_0': 9, 'D_layer_units_exponent_1': 6, 'D_layer_units_exponent_2': 6, 'D_layer_units_exponent_3': 9, 'D_layer_units_exponent_4': 10, 'D_dagger_layers': 7, 'D_dagger_layer_units_exponent_0': 9, 'D_dagger_layer_units_exponent_1': 4, 'D_dagger_layer_units_exponent_2': 9, 'D_dagger_layer_units_exponent_3': 6, 'D_dagger_layer_units_exponent_4': 9, 'D_dagger_layer_units_exponent_5': 6, 'D_dagger_layer_units_exponent_6': 6, 'log_learning_rate': -2.9711445509532877, 'log_learning_rate_D': -3.387766760299716, 'log_learning_rate_D_dagger': -3.302301473807482, 'training_batch_size': 12, 'training_p': 5}
	 epoch  0 training error:  tensor(1.0267, device='cuda:0', grad_fn=<DivBackward0>)
Memory status after this epoch: 
Memory allocated:  450.796875
Memory cached:  772.0
	 epoch  10 training error:  tensor(0.4679, device='cuda:0', grad_fn=<DivBackward0>)
Memory status after this epoch: 
Memory allocated:  450.796875
Memory cached:  808.0
	 epoch  20 training error:  tensor(0.4294, device='cuda:0', grad_fn=<DivBackward0>)
Memory status after this epoch: 
Memory allocated:  450.796875
Memory cached:  804.0
	 epoch  30 training error:  tensor(0.4077, device='cuda:0', grad_fn=<DivBackward0>)
Memory status after this epoch: 
Memory allocated:  450.796875
Memory cached:  800.0
	 epoch  40 training error:  tensor(0.3865, device='cuda:0', grad_fn=<DivBackward0>)
Memory status after this epoch: 
Memory allocated:  450.796875
Memory cached:  806.0
	 epoch  50 training error:  tensor(0.3549, device='cuda:0', grad_fn=<DivBackward0>)
Memory status after this epoch: 
Memory allocated:  450.796875
Memory cached:  810.0
	 epoch  60 training error:  tensor(0.3243, device='cuda:0', grad_fn=<DivBackward0>)
Memory status after this epoch: 
Memory allocated:  450.796875
Memory cached:  804.0
	 epoch  70 training error:  tensor(0.3176, device='cuda:0', grad_fn=<DivBackward0>)
Memory status after this epoch: 
Memory allocated:  450.796875
Memory cached:  804.0
	 epoch  80 training error:  tensor(0.2914, device='cuda:0', grad_fn=<DivBackward0>)
Memory status after this epoch: 
Memory allocated:  450.796875
Memory cached:  800.0
	 epoch  90 training error:  tensor(0.3061, device='cuda:0', grad_fn=<DivBackward0>)
Memory status after this epoch: 
Memory allocated:  450.796875
Memory cached:  814.0
