[I 2023-12-20 18:22:54,797] Trial 33 finished with value: 0.32856521010398865 and parameters: {'W_layers': 6, 'W_layer_units_exponent_0': 9, 'W_layer_units_exponent_1': 5, 'W_layer_units_exponent_2': 10, 'W_layer_units_exponent_3': 6, 'W_layer_units_exponent_4': 4, 'W_layer_units_exponent_5': 5, 'D_layers': 5, 'D_layer_units_exponent_0': 8, 'D_layer_units_exponent_1': 7, 'D_layer_units_exponent_2': 5, 'D_layer_units_exponent_3': 8, 'D_layer_units_exponent_4': 5, 'D_dagger_layers': 6, 'D_dagger_layer_units_exponent_0': 4, 'D_dagger_layer_units_exponent_1': 9, 'D_dagger_layer_units_exponent_2': 6, 'D_dagger_layer_units_exponent_3': 9, 'D_dagger_layer_units_exponent_4': 9, 'D_dagger_layer_units_exponent_5': 7, 'log_learning_rate': -3.636999481560559, 'log_learning_rate_D': -3.4357071372361125, 'log_learning_rate_D_dagger': -3.815999717010077, 'training_batch_size': 9, 'training_p': 2}. Best is trial 6 with value: 0.3267160654067993.
Time for this trial:  22.750169038772583
Memory status after this trial: 
Memory allocated:  319.75634765625
Memory cached:  346.0
--------------------  Trial  34   --------------------
Start timing: 
Parameters: 
{'W_layers': 6, 'W_layer_units_exponent_0': 9, 'W_layer_units_exponent_1': 6, 'W_layer_units_exponent_2': 10, 'W_layer_units_exponent_3': 6, 'W_layer_units_exponent_4': 4, 'W_layer_units_exponent_5': 5, 'D_layers': 6, 'D_layer_units_exponent_0': 8, 'D_layer_units_exponent_1': 7, 'D_layer_units_exponent_2': 5, 'D_layer_units_exponent_3': 7, 'D_layer_units_exponent_4': 4, 'D_layer_units_exponent_5': 5, 'D_dagger_layers': 6, 'D_dagger_layer_units_exponent_0': 5, 'D_dagger_layer_units_exponent_1': 9, 'D_dagger_layer_units_exponent_2': 5, 'D_dagger_layer_units_exponent_3': 9, 'D_dagger_layer_units_exponent_4': 9, 'D_dagger_layer_units_exponent_5': 6, 'log_learning_rate': -3.6125339837001986, 'log_learning_rate_D': -3.2759852675083763, 'log_learning_rate_D_dagger': -3.4663322355285056, 'training_batch_size': 9, 'training_p': 2}
	 epoch  0 training error:  tensor(0.9474, device='cuda:0', grad_fn=<DivBackward0>)
Memory status after this epoch: 
Memory allocated:  138.0126953125
Memory cached:  184.0
	 epoch  10 training error:  tensor(0.3933, device='cuda:0', grad_fn=<DivBackward0>)
Memory status after this epoch: 
Memory allocated:  138.0126953125
Memory cached:  184.0
	 epoch  20 training error:  tensor(0.3506, device='cuda:0', grad_fn=<DivBackward0>)
Memory status after this epoch: 
Memory allocated:  138.0126953125
Memory cached:  184.0
	 epoch  30 training error:  tensor(0.3074, device='cuda:0', grad_fn=<DivBackward0>)
Memory status after this epoch: 
Memory allocated:  138.0126953125
Memory cached:  184.0
	 epoch  40 training error:  tensor(0.2956, device='cuda:0', grad_fn=<DivBackward0>)
Memory status after this epoch: 
Memory allocated:  138.0126953125
Memory cached:  184.0
	 epoch  50 training error:  tensor(0.2902, device='cuda:0', grad_fn=<DivBackward0>)
Memory status after this epoch: 
Memory allocated:  138.0126953125
Memory cached:  184.0
	 epoch  60 training error:  tensor(0.2901, device='cuda:0', grad_fn=<DivBackward0>)
Memory status after this epoch: 
Memory allocated:  138.0126953125
Memory cached:  184.0
	 epoch  70 training error:  tensor(0.2849, device='cuda:0', grad_fn=<DivBackward0>)
Memory status after this epoch: 
Memory allocated:  138.0126953125
Memory cached:  184.0
	 epoch  80 training error:  tensor(0.2858, device='cuda:0', grad_fn=<DivBackward0>)
Memory status after this epoch: 
Memory allocated:  138.0126953125
Memory cached:  184.0
	 epoch  90 training error:  tensor(0.2915, device='cuda:0', grad_fn=<DivBackward0>)
Memory status after this epoch: 
Memory allocated:  138.0126953125
Memory cached:  184.0
[I 2023-12-20 18:23:17,683] Trial 34 finished with value: 0.32803159952163696 and parameters: {'W_layers': 6, 'W_layer_units_exponent_0': 9, 'W_layer_units_exponent_1': 6, 'W_layer_units_exponent_2': 10, 'W_layer_units_exponent_3': 6, 'W_layer_units_exponent_4': 4, 'W_layer_units_exponent_5': 5, 'D_layers': 6, 'D_layer_units_exponent_0': 8, 'D_layer_units_exponent_1': 7, 'D_layer_units_exponent_2': 5, 'D_layer_units_exponent_3': 7, 'D_layer_units_exponent_4': 4, 'D_layer_units_exponent_5': 5, 'D_dagger_layers': 6, 'D_dagger_layer_units_exponent_0': 5, 'D_dagger_layer_units_exponent_1': 9, 'D_dagger_layer_units_exponent_2': 5, 'D_dagger_layer_units_exponent_3': 9, 'D_dagger_layer_units_exponent_4': 9, 'D_dagger_layer_units_exponent_5': 6, 'log_learning_rate': -3.6125339837001986, 'log_learning_rate_D': -3.2759852675083763, 'log_learning_rate_D_dagger': -3.4663322355285056, 'training_batch_size': 9, 'training_p': 2}. Best is trial 6 with value: 0.3267160654067993.
Time for this trial:  22.524831771850586
Memory status after this trial: 
Memory allocated:  317.61865234375
Memory cached:  342.0
--------------------  Trial  35   --------------------
Start timing: 
Parameters: 
{'W_layers': 7, 'W_layer_units_exponent_0': 9, 'W_layer_units_exponent_1': 6, 'W_layer_units_exponent_2': 10, 'W_layer_units_exponent_3': 6, 'W_layer_units_exponent_4': 4, 'W_layer_units_exponent_5': 5, 'W_layer_units_exponent_6': 8, 'D_layers': 4, 'D_layer_units_exponent_0': 8, 'D_layer_units_exponent_1': 5, 'D_layer_units_exponent_2': 5, 'D_layer_units_exponent_3': 8, 'D_dagger_layers': 6, 'D_dagger_layer_units_exponent_0': 4, 'D_dagger_layer_units_exponent_1': 10, 'D_dagger_layer_units_exponent_2': 5, 'D_dagger_layer_units_exponent_3': 8, 'D_dagger_layer_units_exponent_4': 9, 'D_dagger_layer_units_exponent_5': 6, 'log_learning_rate': -3.5320286461314265, 'log_learning_rate_D': -3.2622807093527837, 'log_learning_rate_D_dagger': -3.4362782817321578, 'training_batch_size': 9, 'training_p': 3}
	 epoch  0 training error:  tensor(1.0180, device='cuda:0', grad_fn=<DivBackward0>)
Memory status after this epoch: 
Memory allocated:  136.1728515625
Memory cached:  182.0
	 epoch  10 training error:  tensor(0.4632, device='cuda:0', grad_fn=<DivBackward0>)
Memory status after this epoch: 
Memory allocated:  136.1728515625
Memory cached:  186.0
	 epoch  20 training error:  tensor(0.4104, device='cuda:0', grad_fn=<DivBackward0>)
Memory status after this epoch: 
Memory allocated:  136.1728515625
Memory cached:  186.0
	 epoch  30 training error:  tensor(0.3917, device='cuda:0', grad_fn=<DivBackward0>)
Memory status after this epoch: 
Memory allocated:  136.1728515625
Memory cached:  186.0
	 epoch  40 training error:  tensor(0.3837, device='cuda:0', grad_fn=<DivBackward0>)
Memory status after this epoch: 
Memory allocated:  136.1728515625
Memory cached:  186.0
	 epoch  50 training error:  tensor(0.3749, device='cuda:0', grad_fn=<DivBackward0>)
Memory status after this epoch: 
Memory allocated:  136.1728515625
Memory cached:  186.0
	 epoch  60 training error:  tensor(0.3812, device='cuda:0', grad_fn=<DivBackward0>)
Memory status after this epoch: 
Memory allocated:  136.1728515625
Memory cached:  186.0
	 epoch  70 training error:  tensor(0.3751, device='cuda:0', grad_fn=<DivBackward0>)
Memory status after this epoch: 
Memory allocated:  136.1728515625
Memory cached:  186.0
	 epoch  80 training error:  tensor(0.3750, device='cuda:0', grad_fn=<DivBackward0>)
Memory status after this epoch: 
Memory allocated:  136.1728515625
Memory cached:  186.0
	 epoch  90 training error:  tensor(0.3812, device='cuda:0', grad_fn=<DivBackward0>)
Memory status after this epoch: 
Memory allocated:  136.1728515625
Memory cached:  186.0
[I 2023-12-20 18:23:40,276] Trial 35 finished with value: 0.34516602754592896 and parameters: {'W_layers': 7, 'W_layer_units_exponent_0': 9, 'W_layer_units_exponent_1': 6, 'W_layer_units_exponent_2': 10, 'W_layer_units_exponent_3': 6, 'W_layer_units_exponent_4': 4, 'W_layer_units_exponent_5': 5, 'W_layer_units_exponent_6': 8, 'D_layers': 4, 'D_layer_units_exponent_0': 8, 'D_layer_units_exponent_1': 5, 'D_layer_units_exponent_2': 5, 'D_layer_units_exponent_3': 8, 'D_dagger_layers': 6, 'D_dagger_layer_units_exponent_0': 4, 'D_dagger_layer_units_exponent_1': 10, 'D_dagger_layer_units_exponent_2': 5, 'D_dagger_layer_units_exponent_3': 8, 'D_dagger_layer_units_exponent_4': 9, 'D_dagger_layer_units_exponent_5': 6, 'log_learning_rate': -3.5320286461314265, 'log_learning_rate_D': -3.2622807093527837, 'log_learning_rate_D_dagger': -3.4362782817321578, 'training_batch_size': 9, 'training_p': 3}. Best is trial 6 with value: 0.3267160654067993.
Time for this trial:  22.26684546470642
Memory status after this trial: 
Memory allocated:  341.06005859375
Memory cached:  360.0
--------------------  Trial  36   --------------------
Start timing: 
Parameters: 
{'W_layers': 6, 'W_layer_units_exponent_0': 10, 'W_layer_units_exponent_1': 6, 'W_layer_units_exponent_2': 10, 'W_layer_units_exponent_3': 7, 'W_layer_units_exponent_4': 5, 'W_layer_units_exponent_5': 4, 'D_layers': 5, 'D_layer_units_exponent_0': 9, 'D_layer_units_exponent_1': 7, 'D_layer_units_exponent_2': 5, 'D_layer_units_exponent_3': 6, 'D_layer_units_exponent_4': 4, 'D_dagger_layers': 6, 'D_dagger_layer_units_exponent_0': 5, 'D_dagger_layer_units_exponent_1': 9, 'D_dagger_layer_units_exponent_2': 6, 'D_dagger_layer_units_exponent_3': 9, 'D_dagger_layer_units_exponent_4': 10, 'D_dagger_layer_units_exponent_5': 7, 'log_learning_rate': -3.229180715343451, 'log_learning_rate_D': -2.9838489013042064, 'log_learning_rate_D_dagger': -3.229415055078141, 'training_batch_size': 8, 'training_p': 2}
	 epoch  0 training error:  tensor(1.0159, device='cuda:0', grad_fn=<DivBackward0>)
Memory status after this epoch: 
Memory allocated:  146.49169921875
Memory cached:  200.0
	 epoch  10 training error:  tensor(0.2883, device='cuda:0', grad_fn=<DivBackward0>)
Memory status after this epoch: 
Memory allocated:  146.49169921875
Memory cached:  202.0
	 epoch  20 training error:  tensor(0.2968, device='cuda:0', grad_fn=<DivBackward0>)
Memory status after this epoch: 
Memory allocated:  146.49169921875
Memory cached:  202.0
	 epoch  30 training error:  tensor(0.2886, device='cuda:0', grad_fn=<DivBackward0>)
Memory status after this epoch: 
Memory allocated:  146.49169921875
Memory cached:  202.0
	 epoch  40 training error:  tensor(0.2848, device='cuda:0', grad_fn=<DivBackward0>)
Memory status after this epoch: 
Memory allocated:  146.49169921875
Memory cached:  202.0
	 epoch  50 training error:  tensor(0.2870, device='cuda:0', grad_fn=<DivBackward0>)
Memory status after this epoch: 
Memory allocated:  146.49169921875
Memory cached:  202.0
	 epoch  60 training error:  tensor(0.2837, device='cuda:0', grad_fn=<DivBackward0>)
Memory status after this epoch: 
Memory allocated:  146.49169921875
Memory cached:  202.0
	 epoch  70 training error:  tensor(0.2866, device='cuda:0', grad_fn=<DivBackward0>)
Memory status after this epoch: 
Memory allocated:  146.49169921875
Memory cached:  202.0
	 epoch  80 training error:  tensor(0.2877, device='cuda:0', grad_fn=<DivBackward0>)
Memory status after this epoch: 
Memory allocated:  146.49169921875
Memory cached:  202.0
	 epoch  90 training error:  tensor(0.2887, device='cuda:0', grad_fn=<DivBackward0>)
Memory status after this epoch: 
Memory allocated:  146.49169921875
Memory cached:  202.0
[I 2023-12-20 18:24:03,736] Trial 36 finished with value: 0.3283274173736572 and parameters: {'W_layers': 6, 'W_layer_units_exponent_0': 10, 'W_layer_units_exponent_1': 6, 'W_layer_units_exponent_2': 10, 'W_layer_units_exponent_3': 7, 'W_layer_units_exponent_4': 5, 'W_layer_units_exponent_5': 4, 'D_layers': 5, 'D_layer_units_exponent_0': 9, 'D_layer_units_exponent_1': 7, 'D_layer_units_exponent_2': 5, 'D_layer_units_exponent_3': 6, 'D_layer_units_exponent_4': 4, 'D_dagger_layers': 6, 'D_dagger_layer_units_exponent_0': 5, 'D_dagger_layer_units_exponent_1': 9, 'D_dagger_layer_units_exponent_2': 6, 'D_dagger_layer_units_exponent_3': 9, 'D_dagger_layer_units_exponent_4': 10, 'D_dagger_layer_units_exponent_5': 7, 'log_learning_rate': -3.229180715343451, 'log_learning_rate_D': -2.9838489013042064, 'log_learning_rate_D_dagger': -3.229415055078141, 'training_batch_size': 8, 'training_p': 2}. Best is trial 6 with value: 0.3267160654067993.
Time for this trial:  23.123027563095093
Memory status after this trial: 
Memory allocated:  385.06689453125
Memory cached:  406.0
--------------------  Trial  37   --------------------
Start timing: 
Parameters: 
{'W_layers': 5, 'W_layer_units_exponent_0': 10, 'W_layer_units_exponent_1': 7, 'W_layer_units_exponent_2': 10, 'W_layer_units_exponent_3': 7, 'W_layer_units_exponent_4': 5, 'D_layers': 6, 'D_layer_units_exponent_0': 9, 'D_layer_units_exponent_1': 10, 'D_layer_units_exponent_2': 5, 'D_layer_units_exponent_3': 6, 'D_layer_units_exponent_4': 4, 'D_layer_units_exponent_5': 6, 'D_dagger_layers': 5, 'D_dagger_layer_units_exponent_0': 5, 'D_dagger_layer_units_exponent_1': 10, 'D_dagger_layer_units_exponent_2': 7, 'D_dagger_layer_units_exponent_3': 8, 'D_dagger_layer_units_exponent_4': 10, 'log_learning_rate': -3.3138874732126773, 'log_learning_rate_D': -2.849952480674493, 'log_learning_rate_D_dagger': -3.170943304168256, 'training_batch_size': 8, 'training_p': 3}
	 epoch  0 training error:  tensor(0.9996, device='cuda:0', grad_fn=<DivBackward0>)
Memory status after this epoch: 
Memory allocated:  145.31787109375
Memory cached:  180.0
	 epoch  10 training error:  tensor(0.4068, device='cuda:0', grad_fn=<DivBackward0>)
Memory status after this epoch: 
Memory allocated:  145.31787109375
Memory cached:  182.0
	 epoch  20 training error:  tensor(0.3769, device='cuda:0', grad_fn=<DivBackward0>)
Memory status after this epoch: 
Memory allocated:  145.31787109375
Memory cached:  182.0
	 epoch  30 training error:  tensor(0.3953, device='cuda:0', grad_fn=<DivBackward0>)
Memory status after this epoch: 
Memory allocated:  145.31787109375
Memory cached:  182.0
	 epoch  40 training error:  tensor(0.3834, device='cuda:0', grad_fn=<DivBackward0>)
Memory status after this epoch: 
Memory allocated:  145.31787109375
Memory cached:  182.0
	 epoch  50 training error:  tensor(0.3811, device='cuda:0', grad_fn=<DivBackward0>)
Memory status after this epoch: 
Memory allocated:  145.31787109375
Memory cached:  182.0
	 epoch  60 training error:  tensor(0.3926, device='cuda:0', grad_fn=<DivBackward0>)
Memory status after this epoch: 
Memory allocated:  145.31787109375
Memory cached:  182.0
	 epoch  70 training error:  tensor(0.3749, device='cuda:0', grad_fn=<DivBackward0>)
Memory status after this epoch: 
Memory allocated:  145.31787109375
Memory cached:  182.0
	 epoch  80 training error:  tensor(0.3787, device='cuda:0', grad_fn=<DivBackward0>)
Memory status after this epoch: 
Memory allocated:  145.31787109375
Memory cached:  182.0
	 epoch  90 training error:  tensor(0.3926, device='cuda:0', grad_fn=<DivBackward0>)
Memory status after this epoch: 
Memory allocated:  145.31787109375
Memory cached:  182.0
[I 2023-12-20 18:24:26,330] Trial 37 finished with value: 0.33662381768226624 and parameters: {'W_layers': 5, 'W_layer_units_exponent_0': 10, 'W_layer_units_exponent_1': 7, 'W_layer_units_exponent_2': 10, 'W_layer_units_exponent_3': 7, 'W_layer_units_exponent_4': 5, 'D_layers': 6, 'D_layer_units_exponent_0': 9, 'D_layer_units_exponent_1': 10, 'D_layer_units_exponent_2': 5, 'D_layer_units_exponent_3': 6, 'D_layer_units_exponent_4': 4, 'D_layer_units_exponent_5': 6, 'D_dagger_layers': 5, 'D_dagger_layer_units_exponent_0': 5, 'D_dagger_layer_units_exponent_1': 10, 'D_dagger_layer_units_exponent_2': 7, 'D_dagger_layer_units_exponent_3': 8, 'D_dagger_layer_units_exponent_4': 10, 'log_learning_rate': -3.3138874732126773, 'log_learning_rate_D': -2.849952480674493, 'log_learning_rate_D_dagger': -3.170943304168256, 'training_batch_size': 8, 'training_p': 3}. Best is trial 6 with value: 0.3267160654067993.
Time for this trial:  22.261469841003418
Memory status after this trial: 
Memory allocated:  387.41357421875
Memory cached:  448.0
--------------------  Trial  38   --------------------
Start timing: 
Parameters: 
{'W_layers': 7, 'W_layer_units_exponent_0': 10, 'W_layer_units_exponent_1': 6, 'W_layer_units_exponent_2': 10, 'W_layer_units_exponent_3': 7, 'W_layer_units_exponent_4': 5, 'W_layer_units_exponent_5': 4, 'W_layer_units_exponent_6': 6, 'D_layers': 3, 'D_layer_units_exponent_0': 10, 'D_layer_units_exponent_1': 6, 'D_layer_units_exponent_2': 6, 'D_dagger_layers': 6, 'D_dagger_layer_units_exponent_0': 6, 'D_dagger_layer_units_exponent_1': 9, 'D_dagger_layer_units_exponent_2': 7, 'D_dagger_layer_units_exponent_3': 7, 'D_dagger_layer_units_exponent_4': 10, 'D_dagger_layer_units_exponent_5': 5, 'log_learning_rate': -3.2645804573262835, 'log_learning_rate_D': -2.6128535802505874, 'log_learning_rate_D_dagger': -2.962548309168226, 'training_batch_size': 6, 'training_p': 6}
	 epoch  0 training error:  tensor(0.9264, device='cuda:0', grad_fn=<DivBackward0>)
Memory status after this epoch: 
Memory allocated:  138.67138671875
Memory cached:  180.0
	 epoch  10 training error:  tensor(0.5281, device='cuda:0', grad_fn=<DivBackward0>)
Memory status after this epoch: 
Memory allocated:  138.67138671875
Memory cached:  180.0
	 epoch  20 training error:  tensor(0.5181, device='cuda:0', grad_fn=<DivBackward0>)
Memory status after this epoch: 
Memory allocated:  138.67138671875
Memory cached:  180.0
	 epoch  30 training error:  tensor(0.5665, device='cuda:0', grad_fn=<DivBackward0>)
Memory status after this epoch: 
Memory allocated:  138.67138671875
Memory cached:  182.0
	 epoch  40 training error:  tensor(0.5295, device='cuda:0', grad_fn=<DivBackward0>)
Memory status after this epoch: 
Memory allocated:  138.67138671875
Memory cached:  182.0
	 epoch  50 training error:  tensor(0.5282, device='cuda:0', grad_fn=<DivBackward0>)
Memory status after this epoch: 
Memory allocated:  138.67138671875
Memory cached:  182.0
	 epoch  60 training error:  tensor(0.5401, device='cuda:0', grad_fn=<DivBackward0>)
Memory status after this epoch: 
Memory allocated:  138.67138671875
Memory cached:  180.0
	 epoch  70 training error:  tensor(0.5238, device='cuda:0', grad_fn=<DivBackward0>)
Memory status after this epoch: 
Memory allocated:  138.67138671875
Memory cached:  180.0
	 epoch  80 training error:  tensor(0.5491, device='cuda:0', grad_fn=<DivBackward0>)
Memory status after this epoch: 
Memory allocated:  138.67138671875
Memory cached:  180.0
	 epoch  90 training error:  tensor(0.5141, device='cuda:0', grad_fn=<DivBackward0>)
Memory status after this epoch: 
Memory allocated:  138.67138671875
Memory cached:  180.0
