[I 2023-12-02 23:15:18,861] Trial 15 finished with value: 0.05825146660208702 and parameters: {'W_layers': 5, 'W_layer_units_exponent_0': 7, 'W_layer_units_exponent_1': 6, 'W_layer_units_exponent_2': 8, 'W_layer_units_exponent_3': 10, 'W_layer_units_exponent_4': 8, 'D_layers': 6, 'D_layer_units_exponent_0': 10, 'D_layer_units_exponent_1': 7, 'D_layer_units_exponent_2': 5, 'D_layer_units_exponent_3': 10, 'D_layer_units_exponent_4': 6, 'D_layer_units_exponent_5': 7, 'log_learning_rate': -3.405349279619728, 'log_learning_rate_D': -4.806866810859981, 'training_batch_size': 12, 'training_p': 2}. Best is trial 0 with value: 0.04481872171163559.
Time for this trial:  60.01980471611023
Memory status after this trial: 
Memory allocated:  138.1201171875
Memory cached:  144.0
--------------------  Trial  16   --------------------
Start timing: 
Parameters: 
{'W_layers': 8, 'W_layer_units_exponent_0': 6, 'W_layer_units_exponent_1': 6, 'W_layer_units_exponent_2': 6, 'W_layer_units_exponent_3': 6, 'W_layer_units_exponent_4': 7, 'W_layer_units_exponent_5': 4, 'W_layer_units_exponent_6': 4, 'W_layer_units_exponent_7': 10, 'D_layers': 7, 'D_layer_units_exponent_0': 9, 'D_layer_units_exponent_1': 7, 'D_layer_units_exponent_2': 6, 'D_layer_units_exponent_3': 10, 'D_layer_units_exponent_4': 7, 'D_layer_units_exponent_5': 6, 'D_layer_units_exponent_6': 10, 'log_learning_rate': -3.3939298202719237, 'log_learning_rate_D': -3.8476854788519437, 'training_batch_size': 11, 'training_p': 3}
	 epoch  0 training error:  tensor(0.8958, device='cuda:0', grad_fn=<DivBackward0>)
Memory status after this epoch: 
Memory allocated:  44.0
Memory cached:  48.0
	 epoch  10 training error:  tensor(0.1125, device='cuda:0', grad_fn=<DivBackward0>)
Memory status after this epoch: 
Memory allocated:  44.0
Memory cached:  52.0
	 epoch  20 training error:  tensor(0.1297, device='cuda:0', grad_fn=<DivBackward0>)
Memory status after this epoch: 
Memory allocated:  44.0
Memory cached:  52.0
	 epoch  30 training error:  tensor(0.0871, device='cuda:0', grad_fn=<DivBackward0>)
Memory status after this epoch: 
Memory allocated:  44.0
Memory cached:  52.0
	 epoch  40 training error:  tensor(0.0730, device='cuda:0', grad_fn=<DivBackward0>)
Memory status after this epoch: 
Memory allocated:  44.0
Memory cached:  52.0
	 epoch  50 training error:  tensor(0.0592, device='cuda:0', grad_fn=<DivBackward0>)
Memory status after this epoch: 
Memory allocated:  44.0
Memory cached:  52.0
	 epoch  60 training error:  tensor(0.0502, device='cuda:0', grad_fn=<DivBackward0>)
Memory status after this epoch: 
Memory allocated:  44.0
Memory cached:  52.0
	 epoch  70 training error:  tensor(0.0455, device='cuda:0', grad_fn=<DivBackward0>)
Memory status after this epoch: 
Memory allocated:  44.0
Memory cached:  52.0
	 epoch  80 training error:  tensor(0.0412, device='cuda:0', grad_fn=<DivBackward0>)
Memory status after this epoch: 
Memory allocated:  44.0
Memory cached:  52.0
	 epoch  90 training error:  tensor(0.0433, device='cuda:0', grad_fn=<DivBackward0>)
Memory status after this epoch: 
Memory allocated:  44.0
Memory cached:  52.0
[I 2023-12-02 23:16:28,716] Trial 16 finished with value: 0.03763080760836601 and parameters: {'W_layers': 8, 'W_layer_units_exponent_0': 6, 'W_layer_units_exponent_1': 6, 'W_layer_units_exponent_2': 6, 'W_layer_units_exponent_3': 6, 'W_layer_units_exponent_4': 7, 'W_layer_units_exponent_5': 4, 'W_layer_units_exponent_6': 4, 'W_layer_units_exponent_7': 10, 'D_layers': 7, 'D_layer_units_exponent_0': 9, 'D_layer_units_exponent_1': 7, 'D_layer_units_exponent_2': 6, 'D_layer_units_exponent_3': 10, 'D_layer_units_exponent_4': 7, 'D_layer_units_exponent_5': 6, 'D_layer_units_exponent_6': 10, 'log_learning_rate': -3.3939298202719237, 'log_learning_rate_D': -3.8476854788519437, 'training_batch_size': 11, 'training_p': 3}. Best is trial 16 with value: 0.03763080760836601.
res:  tensor(0.0376, device='cuda:0', grad_fn=<DivBackward0>)
self.bestValue:  tensor(0.0448, device='cuda:0', grad_fn=<DivBackward0>)
Save this model!
Time for this trial:  69.63341903686523
Memory status after this trial: 
Memory allocated:  102.94189453125
Memory cached:  144.0
--------------------  Trial  17   --------------------
Start timing: 
Parameters: 
{'W_layers': 8, 'W_layer_units_exponent_0': 5, 'W_layer_units_exponent_1': 6, 'W_layer_units_exponent_2': 5, 'W_layer_units_exponent_3': 6, 'W_layer_units_exponent_4': 6, 'W_layer_units_exponent_5': 4, 'W_layer_units_exponent_6': 4, 'W_layer_units_exponent_7': 10, 'D_layers': 7, 'D_layer_units_exponent_0': 9, 'D_layer_units_exponent_1': 7, 'D_layer_units_exponent_2': 6, 'D_layer_units_exponent_3': 8, 'D_layer_units_exponent_4': 8, 'D_layer_units_exponent_5': 6, 'D_layer_units_exponent_6': 10, 'log_learning_rate': -3.1145476070845124, 'log_learning_rate_D': -3.8161736437481983, 'training_batch_size': 10, 'training_p': 3}
	 epoch  0 training error:  tensor(1.3207, device='cuda:0', grad_fn=<DivBackward0>)
Memory status after this epoch: 
Memory allocated:  107.173828125
Memory cached:  146.0
	 epoch  10 training error:  tensor(0.2648, device='cuda:0', grad_fn=<DivBackward0>)
Memory status after this epoch: 
Memory allocated:  107.173828125
Memory cached:  148.0
	 epoch  20 training error:  tensor(0.1065, device='cuda:0', grad_fn=<DivBackward0>)
Memory status after this epoch: 
Memory allocated:  107.173828125
Memory cached:  148.0
	 epoch  30 training error:  tensor(0.1252, device='cuda:0', grad_fn=<DivBackward0>)
Memory status after this epoch: 
Memory allocated:  107.173828125
Memory cached:  148.0
	 epoch  40 training error:  tensor(0.0877, device='cuda:0', grad_fn=<DivBackward0>)
Memory status after this epoch: 
Memory allocated:  107.173828125
Memory cached:  148.0
	 epoch  50 training error:  tensor(0.0704, device='cuda:0', grad_fn=<DivBackward0>)
Memory status after this epoch: 
Memory allocated:  107.173828125
Memory cached:  148.0
	 epoch  60 training error:  tensor(0.0569, device='cuda:0', grad_fn=<DivBackward0>)
Memory status after this epoch: 
Memory allocated:  107.173828125
Memory cached:  148.0
	 epoch  70 training error:  tensor(0.0485, device='cuda:0', grad_fn=<DivBackward0>)
Memory status after this epoch: 
Memory allocated:  107.173828125
Memory cached:  148.0
	 epoch  80 training error:  tensor(0.0451, device='cuda:0', grad_fn=<DivBackward0>)
Memory status after this epoch: 
Memory allocated:  107.173828125
Memory cached:  148.0
	 epoch  90 training error:  tensor(0.0406, device='cuda:0', grad_fn=<DivBackward0>)
Memory status after this epoch: 
Memory allocated:  107.173828125
Memory cached:  148.0
[I 2023-12-02 23:17:30,301] Trial 17 finished with value: 0.04288538917899132 and parameters: {'W_layers': 8, 'W_layer_units_exponent_0': 5, 'W_layer_units_exponent_1': 6, 'W_layer_units_exponent_2': 5, 'W_layer_units_exponent_3': 6, 'W_layer_units_exponent_4': 6, 'W_layer_units_exponent_5': 4, 'W_layer_units_exponent_6': 4, 'W_layer_units_exponent_7': 10, 'D_layers': 7, 'D_layer_units_exponent_0': 9, 'D_layer_units_exponent_1': 7, 'D_layer_units_exponent_2': 6, 'D_layer_units_exponent_3': 8, 'D_layer_units_exponent_4': 8, 'D_layer_units_exponent_5': 6, 'D_layer_units_exponent_6': 10, 'log_learning_rate': -3.1145476070845124, 'log_learning_rate_D': -3.8161736437481983, 'training_batch_size': 10, 'training_p': 3}. Best is trial 16 with value: 0.03763080760836601.
Time for this trial:  61.37698793411255
Memory status after this trial: 
Memory allocated:  187.54736328125
Memory cached:  190.0
--------------------  Trial  18   --------------------
Start timing: 
Parameters: 
{'W_layers': 8, 'W_layer_units_exponent_0': 4, 'W_layer_units_exponent_1': 7, 'W_layer_units_exponent_2': 5, 'W_layer_units_exponent_3': 7, 'W_layer_units_exponent_4': 6, 'W_layer_units_exponent_5': 4, 'W_layer_units_exponent_6': 4, 'W_layer_units_exponent_7': 10, 'D_layers': 7, 'D_layer_units_exponent_0': 8, 'D_layer_units_exponent_1': 7, 'D_layer_units_exponent_2': 6, 'D_layer_units_exponent_3': 9, 'D_layer_units_exponent_4': 7, 'D_layer_units_exponent_5': 7, 'D_layer_units_exponent_6': 10, 'log_learning_rate': -3.189689567809538, 'log_learning_rate_D': -3.742285178014071, 'training_batch_size': 11, 'training_p': 8}
	 epoch  0 training error:  tensor(0.6472, device='cuda:0', grad_fn=<DivBackward0>)
Memory status after this epoch: 
Memory allocated:  108.03125
Memory cached:  146.0
	 epoch  10 training error:  tensor(0.1232, device='cuda:0', grad_fn=<DivBackward0>)
Memory status after this epoch: 
Memory allocated:  108.03125
Memory cached:  148.0
	 epoch  20 training error:  tensor(0.1211, device='cuda:0', grad_fn=<DivBackward0>)
Memory status after this epoch: 
Memory allocated:  108.03125
Memory cached:  148.0
	 epoch  30 training error:  tensor(0.0836, device='cuda:0', grad_fn=<DivBackward0>)
Memory status after this epoch: 
Memory allocated:  108.03125
Memory cached:  148.0
	 epoch  40 training error:  tensor(0.0743, device='cuda:0', grad_fn=<DivBackward0>)
Memory status after this epoch: 
Memory allocated:  108.03125
Memory cached:  148.0
	 epoch  50 training error:  tensor(0.0653, device='cuda:0', grad_fn=<DivBackward0>)
Memory status after this epoch: 
Memory allocated:  108.03125
Memory cached:  148.0
	 epoch  60 training error:  tensor(0.0699, device='cuda:0', grad_fn=<DivBackward0>)
Memory status after this epoch: 
Memory allocated:  108.03125
Memory cached:  148.0
	 epoch  70 training error:  tensor(0.0634, device='cuda:0', grad_fn=<DivBackward0>)
Memory status after this epoch: 
Memory allocated:  108.03125
Memory cached:  148.0
	 epoch  80 training error:  tensor(0.0531, device='cuda:0', grad_fn=<DivBackward0>)
Memory status after this epoch: 
Memory allocated:  108.03125
Memory cached:  148.0
	 epoch  90 training error:  tensor(0.0502, device='cuda:0', grad_fn=<DivBackward0>)
Memory status after this epoch: 
Memory allocated:  108.03125
Memory cached:  148.0
[I 2023-12-02 23:18:31,564] Trial 18 finished with value: 0.05508735775947571 and parameters: {'W_layers': 8, 'W_layer_units_exponent_0': 4, 'W_layer_units_exponent_1': 7, 'W_layer_units_exponent_2': 5, 'W_layer_units_exponent_3': 7, 'W_layer_units_exponent_4': 6, 'W_layer_units_exponent_5': 4, 'W_layer_units_exponent_6': 4, 'W_layer_units_exponent_7': 10, 'D_layers': 7, 'D_layer_units_exponent_0': 8, 'D_layer_units_exponent_1': 7, 'D_layer_units_exponent_2': 6, 'D_layer_units_exponent_3': 9, 'D_layer_units_exponent_4': 7, 'D_layer_units_exponent_5': 7, 'D_layer_units_exponent_6': 10, 'log_learning_rate': -3.189689567809538, 'log_learning_rate_D': -3.742285178014071, 'training_batch_size': 11, 'training_p': 8}. Best is trial 16 with value: 0.03763080760836601.
Time for this trial:  61.0415301322937
Memory status after this trial: 
Memory allocated:  189.16259765625
Memory cached:  192.0
--------------------  Trial  19   --------------------
Start timing: 
Parameters: 
{'W_layers': 8, 'W_layer_units_exponent_0': 5, 'W_layer_units_exponent_1': 10, 'W_layer_units_exponent_2': 5, 'W_layer_units_exponent_3': 6, 'W_layer_units_exponent_4': 6, 'W_layer_units_exponent_5': 4, 'W_layer_units_exponent_6': 6, 'W_layer_units_exponent_7': 10, 'D_layers': 7, 'D_layer_units_exponent_0': 9, 'D_layer_units_exponent_1': 8, 'D_layer_units_exponent_2': 7, 'D_layer_units_exponent_3': 9, 'D_layer_units_exponent_4': 7, 'D_layer_units_exponent_5': 6, 'D_layer_units_exponent_6': 10, 'log_learning_rate': -3.6408304520435375, 'log_learning_rate_D': -3.850419691034377, 'training_batch_size': 9, 'training_p': 3}
	 epoch  0 training error:  tensor(1.1908, device='cuda:0', grad_fn=<DivBackward0>)
Memory status after this epoch: 
Memory allocated:  110.890625
Memory cached:  148.0
	 epoch  10 training error:  tensor(0.1488, device='cuda:0', grad_fn=<DivBackward0>)
Memory status after this epoch: 
Memory allocated:  110.890625
Memory cached:  148.0
	 epoch  20 training error:  tensor(0.1763, device='cuda:0', grad_fn=<DivBackward0>)
Memory status after this epoch: 
Memory allocated:  110.890625
Memory cached:  148.0
	 epoch  30 training error:  tensor(0.1303, device='cuda:0', grad_fn=<DivBackward0>)
Memory status after this epoch: 
Memory allocated:  110.890625
Memory cached:  148.0
	 epoch  40 training error:  tensor(0.0865, device='cuda:0', grad_fn=<DivBackward0>)
Memory status after this epoch: 
Memory allocated:  110.890625
Memory cached:  148.0
	 epoch  50 training error:  tensor(0.0643, device='cuda:0', grad_fn=<DivBackward0>)
Memory status after this epoch: 
Memory allocated:  110.890625
Memory cached:  148.0
	 epoch  60 training error:  tensor(0.0524, device='cuda:0', grad_fn=<DivBackward0>)
Memory status after this epoch: 
Memory allocated:  110.890625
Memory cached:  148.0
	 epoch  70 training error:  tensor(0.0465, device='cuda:0', grad_fn=<DivBackward0>)
Memory status after this epoch: 
Memory allocated:  110.890625
Memory cached:  148.0
	 epoch  80 training error:  tensor(0.0403, device='cuda:0', grad_fn=<DivBackward0>)
Memory status after this epoch: 
Memory allocated:  110.890625
Memory cached:  148.0
	 epoch  90 training error:  tensor(0.0353, device='cuda:0', grad_fn=<DivBackward0>)
Memory status after this epoch: 
Memory allocated:  110.890625
Memory cached:  148.0
[I 2023-12-02 23:19:35,342] Trial 19 finished with value: 0.034339454025030136 and parameters: {'W_layers': 8, 'W_layer_units_exponent_0': 5, 'W_layer_units_exponent_1': 10, 'W_layer_units_exponent_2': 5, 'W_layer_units_exponent_3': 6, 'W_layer_units_exponent_4': 6, 'W_layer_units_exponent_5': 4, 'W_layer_units_exponent_6': 6, 'W_layer_units_exponent_7': 10, 'D_layers': 7, 'D_layer_units_exponent_0': 9, 'D_layer_units_exponent_1': 8, 'D_layer_units_exponent_2': 7, 'D_layer_units_exponent_3': 9, 'D_layer_units_exponent_4': 7, 'D_layer_units_exponent_5': 6, 'D_layer_units_exponent_6': 10, 'log_learning_rate': -3.6408304520435375, 'log_learning_rate_D': -3.850419691034377, 'training_batch_size': 9, 'training_p': 3}. Best is trial 19 with value: 0.034339454025030136.
res:  tensor(0.0343, device='cuda:0', grad_fn=<DivBackward0>)
self.bestValue:  tensor(0.0376, device='cuda:0', grad_fn=<DivBackward0>)
Save this model!
Time for this trial:  63.54137301445007
Memory status after this trial: 
Memory allocated:  116.71337890625
Memory cached:  182.0
--------------------  Trial  20   --------------------
Start timing: 
Parameters: 
{'W_layers': 8, 'W_layer_units_exponent_0': 5, 'W_layer_units_exponent_1': 10, 'W_layer_units_exponent_2': 5, 'W_layer_units_exponent_3': 6, 'W_layer_units_exponent_4': 7, 'W_layer_units_exponent_5': 5, 'W_layer_units_exponent_6': 6, 'W_layer_units_exponent_7': 9, 'D_layers': 7, 'D_layer_units_exponent_0': 9, 'D_layer_units_exponent_1': 8, 'D_layer_units_exponent_2': 10, 'D_layer_units_exponent_3': 10, 'D_layer_units_exponent_4': 7, 'D_layer_units_exponent_5': 9, 'D_layer_units_exponent_6': 8, 'log_learning_rate': -3.717472195160434, 'log_learning_rate_D': -3.853000914581507, 'training_batch_size': 9, 'training_p': 2}
	 epoch  0 training error:  tensor(1.2770, device='cuda:0', grad_fn=<DivBackward0>)
Memory status after this epoch: 
Memory allocated:  145.638671875
Memory cached:  204.0
	 epoch  10 training error:  tensor(0.3365, device='cuda:0', grad_fn=<DivBackward0>)
Memory status after this epoch: 
Memory allocated:  145.638671875
Memory cached:  204.0
	 epoch  20 training error:  tensor(0.1514, device='cuda:0', grad_fn=<DivBackward0>)
Memory status after this epoch: 
Memory allocated:  145.638671875
Memory cached:  204.0
	 epoch  30 training error:  tensor(0.0806, device='cuda:0', grad_fn=<DivBackward0>)
Memory status after this epoch: 
Memory allocated:  145.638671875
Memory cached:  204.0
	 epoch  40 training error:  tensor(0.0874, device='cuda:0', grad_fn=<DivBackward0>)
Memory status after this epoch: 
Memory allocated:  145.638671875
Memory cached:  204.0
	 epoch  50 training error:  tensor(0.0713, device='cuda:0', grad_fn=<DivBackward0>)
Memory status after this epoch: 
Memory allocated:  145.638671875
Memory cached:  204.0
	 epoch  60 training error:  tensor(0.0532, device='cuda:0', grad_fn=<DivBackward0>)
Memory status after this epoch: 
Memory allocated:  145.638671875
Memory cached:  204.0
	 epoch  70 training error:  tensor(0.0423, device='cuda:0', grad_fn=<DivBackward0>)
Memory status after this epoch: 
Memory allocated:  145.638671875
Memory cached:  204.0
	 epoch  80 training error:  tensor(0.0355, device='cuda:0', grad_fn=<DivBackward0>)
Memory status after this epoch: 
Memory allocated:  145.638671875
Memory cached:  204.0
	 epoch  90 training error:  tensor(0.0326, device='cuda:0', grad_fn=<DivBackward0>)
Memory status after this epoch: 
Memory allocated:  145.638671875
Memory cached:  204.0
[I 2023-12-02 23:20:40,363] Trial 20 finished with value: 0.03435218706727028 and parameters: {'W_layers': 8, 'W_layer_units_exponent_0': 5, 'W_layer_units_exponent_1': 10, 'W_layer_units_exponent_2': 5, 'W_layer_units_exponent_3': 6, 'W_layer_units_exponent_4': 7, 'W_layer_units_exponent_5': 5, 'W_layer_units_exponent_6': 6, 'W_layer_units_exponent_7': 9, 'D_layers': 7, 'D_layer_units_exponent_0': 9, 'D_layer_units_exponent_1': 8, 'D_layer_units_exponent_2': 10, 'D_layer_units_exponent_3': 10, 'D_layer_units_exponent_4': 7, 'D_layer_units_exponent_5': 9, 'D_layer_units_exponent_6': 8, 'log_learning_rate': -3.717472195160434, 'log_learning_rate_D': -3.853000914581507, 'training_batch_size': 9, 'training_p': 2}. Best is trial 19 with value: 0.034339454025030136.
Time for this trial:  64.80965113639832
Memory status after this trial: 
Memory allocated:  258.60693359375
Memory cached:  278.0
--------------------  Trial  21   --------------------
Start timing: 
Parameters: 
{'W_layers': 6, 'W_layer_units_exponent_0': 5, 'W_layer_units_exponent_1': 10, 'W_layer_units_exponent_2': 5, 'W_layer_units_exponent_3': 7, 'W_layer_units_exponent_4': 8, 'W_layer_units_exponent_5': 6, 'D_layers': 8, 'D_layer_units_exponent_0': 4, 'D_layer_units_exponent_1': 8, 'D_layer_units_exponent_2': 10, 'D_layer_units_exponent_3': 9, 'D_layer_units_exponent_4': 6, 'D_layer_units_exponent_5': 10, 'D_layer_units_exponent_6': 7, 'D_layer_units_exponent_7': 5, 'log_learning_rate': -3.816555039909791, 'log_learning_rate_D': -3.3847298800796057, 'training_batch_size': 8, 'training_p': 2}
	 epoch  0 training error:  tensor(1.5593, device='cuda:0', grad_fn=<DivBackward0>)
Memory status after this epoch: 
Memory allocated:  134.271484375
Memory cached:  206.0
	 epoch  10 training error:  tensor(0.3854, device='cuda:0', grad_fn=<DivBackward0>)
Memory status after this epoch: 
Memory allocated:  134.271484375
Memory cached:  204.0
	 epoch  20 training error:  tensor(0.0960, device='cuda:0', grad_fn=<DivBackward0>)
Memory status after this epoch: 
Memory allocated:  134.271484375
Memory cached:  204.0
	 epoch  30 training error:  tensor(0.0958, device='cuda:0', grad_fn=<DivBackward0>)
Memory status after this epoch: 
Memory allocated:  134.271484375
Memory cached:  204.0
	 epoch  40 training error:  tensor(0.0770, device='cuda:0', grad_fn=<DivBackward0>)
Memory status after this epoch: 
Memory allocated:  134.271484375
Memory cached:  204.0
	 epoch  50 training error:  tensor(0.0519, device='cuda:0', grad_fn=<DivBackward0>)
Memory status after this epoch: 
Memory allocated:  134.271484375
Memory cached:  204.0
	 epoch  60 training error:  tensor(0.0513, device='cuda:0', grad_fn=<DivBackward0>)
Memory status after this epoch: 
Memory allocated:  134.271484375
Memory cached:  204.0
	 epoch  70 training error:  tensor(0.0447, device='cuda:0', grad_fn=<DivBackward0>)
Memory status after this epoch: 
Memory allocated:  134.271484375
Memory cached:  204.0
	 epoch  80 training error:  tensor(0.0399, device='cuda:0', grad_fn=<DivBackward0>)
Memory status after this epoch: 
Memory allocated:  134.271484375
Memory cached:  204.0
	 epoch  90 training error:  tensor(0.0343, device='cuda:0', grad_fn=<DivBackward0>)
Memory status after this epoch: 
Memory allocated:  134.271484375
Memory cached:  204.0
