[I 2023-12-20 10:08:04,082] Trial 110 finished with value: 0.24560455977916718 and parameters: {'W_layers': 5, 'W_layer_units_exponent_0': 6, 'W_layer_units_exponent_1': 9, 'W_layer_units_exponent_2': 6, 'W_layer_units_exponent_3': 4, 'W_layer_units_exponent_4': 6, 'D_layers': 5, 'D_layer_units_exponent_0': 10, 'D_layer_units_exponent_1': 10, 'D_layer_units_exponent_2': 5, 'D_layer_units_exponent_3': 5, 'D_layer_units_exponent_4': 4, 'D_dagger_layers': 3, 'D_dagger_layer_units_exponent_0': 10, 'D_dagger_layer_units_exponent_1': 6, 'D_dagger_layer_units_exponent_2': 5, 'log_learning_rate': -2.193134491918899, 'log_learning_rate_D': -4.273939300046028, 'log_learning_rate_D_dagger': -2.707415778518711, 'training_batch_size': 7, 'training_p': 3}. Best is trial 102 with value: 0.13158240914344788.
Time for this trial:  193.23973965644836
Memory status after this trial: 
Memory allocated:  393.0791015625
Memory cached:  408.0
--------------------  Trial  111   --------------------
Start timing: 
Parameters: 
{'W_layers': 8, 'W_layer_units_exponent_0': 7, 'W_layer_units_exponent_1': 9, 'W_layer_units_exponent_2': 6, 'W_layer_units_exponent_3': 10, 'W_layer_units_exponent_4': 6, 'W_layer_units_exponent_5': 5, 'W_layer_units_exponent_6': 5, 'W_layer_units_exponent_7': 7, 'D_layers': 7, 'D_layer_units_exponent_0': 7, 'D_layer_units_exponent_1': 9, 'D_layer_units_exponent_2': 4, 'D_layer_units_exponent_3': 9, 'D_layer_units_exponent_4': 9, 'D_layer_units_exponent_5': 10, 'D_layer_units_exponent_6': 9, 'D_dagger_layers': 3, 'D_dagger_layer_units_exponent_0': 9, 'D_dagger_layer_units_exponent_1': 7, 'D_dagger_layer_units_exponent_2': 6, 'log_learning_rate': -1.9352220400803684, 'log_learning_rate_D': -4.042819516044139, 'log_learning_rate_D_dagger': -2.44945565606658, 'training_batch_size': 6, 'training_p': 6}
	 epoch  0 training error:  tensor(1.4448, device='cuda:0', grad_fn=<DivBackward0>)
Memory status after this epoch: 
Memory allocated:  199.32861328125
Memory cached:  406.0
	 epoch  10 training error:  tensor(0.5950, device='cuda:0', grad_fn=<DivBackward0>)
Memory status after this epoch: 
Memory allocated:  199.32861328125
Memory cached:  418.0
	 epoch  20 training error:  tensor(0.5913, device='cuda:0', grad_fn=<DivBackward0>)
Memory status after this epoch: 
Memory allocated:  199.32861328125
Memory cached:  422.0
	 epoch  30 training error:  tensor(0.5239, device='cuda:0', grad_fn=<DivBackward0>)
Memory status after this epoch: 
Memory allocated:  199.32861328125
Memory cached:  416.0
	 epoch  40 training error:  tensor(0.5137, device='cuda:0', grad_fn=<DivBackward0>)
Memory status after this epoch: 
Memory allocated:  199.32861328125
Memory cached:  422.0
	 epoch  50 training error:  tensor(0.5002, device='cuda:0', grad_fn=<DivBackward0>)
Memory status after this epoch: 
Memory allocated:  199.32861328125
Memory cached:  416.0
	 epoch  60 training error:  tensor(0.5085, device='cuda:0', grad_fn=<DivBackward0>)
Memory status after this epoch: 
Memory allocated:  199.32861328125
Memory cached:  420.0
	 epoch  70 training error:  tensor(0.4837, device='cuda:0', grad_fn=<DivBackward0>)
Memory status after this epoch: 
Memory allocated:  199.32861328125
Memory cached:  424.0
	 epoch  80 training error:  tensor(0.4149, device='cuda:0', grad_fn=<DivBackward0>)
Memory status after this epoch: 
Memory allocated:  199.32861328125
Memory cached:  418.0
	 epoch  90 training error:  tensor(0.2964, device='cuda:0', grad_fn=<DivBackward0>)
Memory status after this epoch: 
Memory allocated:  199.32861328125
Memory cached:  424.0
[I 2023-12-20 10:14:52,330] Trial 111 finished with value: 0.29856130480766296 and parameters: {'W_layers': 8, 'W_layer_units_exponent_0': 7, 'W_layer_units_exponent_1': 9, 'W_layer_units_exponent_2': 6, 'W_layer_units_exponent_3': 10, 'W_layer_units_exponent_4': 6, 'W_layer_units_exponent_5': 5, 'W_layer_units_exponent_6': 5, 'W_layer_units_exponent_7': 7, 'D_layers': 7, 'D_layer_units_exponent_0': 7, 'D_layer_units_exponent_1': 9, 'D_layer_units_exponent_2': 4, 'D_layer_units_exponent_3': 9, 'D_layer_units_exponent_4': 9, 'D_layer_units_exponent_5': 10, 'D_layer_units_exponent_6': 9, 'D_dagger_layers': 3, 'D_dagger_layer_units_exponent_0': 9, 'D_dagger_layer_units_exponent_1': 7, 'D_dagger_layer_units_exponent_2': 6, 'log_learning_rate': -1.9352220400803684, 'log_learning_rate_D': -4.042819516044139, 'log_learning_rate_D_dagger': -2.44945565606658, 'training_batch_size': 6, 'training_p': 6}. Best is trial 102 with value: 0.13158240914344788.
Time for this trial:  407.79657006263733
Memory status after this trial: 
Memory allocated:  495.01611328125
Memory cached:  514.0
--------------------  Trial  112   --------------------
Start timing: 
Parameters: 
{'W_layers': 5, 'W_layer_units_exponent_0': 7, 'W_layer_units_exponent_1': 9, 'W_layer_units_exponent_2': 6, 'W_layer_units_exponent_3': 8, 'W_layer_units_exponent_4': 6, 'D_layers': 5, 'D_layer_units_exponent_0': 7, 'D_layer_units_exponent_1': 10, 'D_layer_units_exponent_2': 10, 'D_layer_units_exponent_3': 4, 'D_layer_units_exponent_4': 4, 'D_dagger_layers': 3, 'D_dagger_layer_units_exponent_0': 9, 'D_dagger_layer_units_exponent_1': 7, 'D_dagger_layer_units_exponent_2': 4, 'log_learning_rate': -2.059288809751129, 'log_learning_rate_D': -3.9098038213055823, 'log_learning_rate_D_dagger': -2.525482538878388, 'training_batch_size': 6, 'training_p': 7}
	 epoch  0 training error:  tensor(1.1610, device='cuda:0', grad_fn=<DivBackward0>)
Memory status after this epoch: 
Memory allocated:  194.59228515625
Memory cached:  386.0
	 epoch  10 training error:  tensor(0.5697, device='cuda:0', grad_fn=<DivBackward0>)
Memory status after this epoch: 
Memory allocated:  194.59228515625
Memory cached:  398.0
	 epoch  20 training error:  tensor(0.5362, device='cuda:0', grad_fn=<DivBackward0>)
Memory status after this epoch: 
Memory allocated:  194.59228515625
Memory cached:  394.0
	 epoch  30 training error:  tensor(0.5420, device='cuda:0', grad_fn=<DivBackward0>)
Memory status after this epoch: 
Memory allocated:  194.59228515625
Memory cached:  398.0
	 epoch  40 training error:  tensor(0.5358, device='cuda:0', grad_fn=<DivBackward0>)
Memory status after this epoch: 
Memory allocated:  194.59228515625
Memory cached:  394.0
	 epoch  50 training error:  tensor(0.4901, device='cuda:0', grad_fn=<DivBackward0>)
Memory status after this epoch: 
Memory allocated:  194.59228515625
Memory cached:  398.0
	 epoch  60 training error:  tensor(0.3821, device='cuda:0', grad_fn=<DivBackward0>)
Memory status after this epoch: 
Memory allocated:  194.59228515625
Memory cached:  390.0
	 epoch  70 training error:  tensor(0.2698, device='cuda:0', grad_fn=<DivBackward0>)
Memory status after this epoch: 
Memory allocated:  194.59228515625
Memory cached:  394.0
	 epoch  80 training error:  tensor(0.2604, device='cuda:0', grad_fn=<DivBackward0>)
Memory status after this epoch: 
Memory allocated:  194.59228515625
Memory cached:  394.0
	 epoch  90 training error:  tensor(0.2388, device='cuda:0', grad_fn=<DivBackward0>)
Memory status after this epoch: 
Memory allocated:  194.59228515625
Memory cached:  392.0
[I 2023-12-20 10:20:16,830] Trial 112 finished with value: 0.14185114204883575 and parameters: {'W_layers': 5, 'W_layer_units_exponent_0': 7, 'W_layer_units_exponent_1': 9, 'W_layer_units_exponent_2': 6, 'W_layer_units_exponent_3': 8, 'W_layer_units_exponent_4': 6, 'D_layers': 5, 'D_layer_units_exponent_0': 7, 'D_layer_units_exponent_1': 10, 'D_layer_units_exponent_2': 10, 'D_layer_units_exponent_3': 4, 'D_layer_units_exponent_4': 4, 'D_dagger_layers': 3, 'D_dagger_layer_units_exponent_0': 9, 'D_dagger_layer_units_exponent_1': 7, 'D_dagger_layer_units_exponent_2': 4, 'log_learning_rate': -2.059288809751129, 'log_learning_rate_D': -3.9098038213055823, 'log_learning_rate_D_dagger': -2.525482538878388, 'training_batch_size': 6, 'training_p': 7}. Best is trial 102 with value: 0.13158240914344788.
Time for this trial:  324.0904607772827
Memory status after this trial: 
Memory allocated:  390.41259765625
Memory cached:  406.0
--------------------  Trial  113   --------------------
Start timing: 
Parameters: 
{'W_layers': 5, 'W_layer_units_exponent_0': 7, 'W_layer_units_exponent_1': 9, 'W_layer_units_exponent_2': 6, 'W_layer_units_exponent_3': 9, 'W_layer_units_exponent_4': 6, 'D_layers': 5, 'D_layer_units_exponent_0': 7, 'D_layer_units_exponent_1': 10, 'D_layer_units_exponent_2': 10, 'D_layer_units_exponent_3': 4, 'D_layer_units_exponent_4': 4, 'D_dagger_layers': 3, 'D_dagger_layer_units_exponent_0': 9, 'D_dagger_layer_units_exponent_1': 7, 'D_dagger_layer_units_exponent_2': 4, 'log_learning_rate': -1.9994881349468776, 'log_learning_rate_D': -3.9203448927999425, 'log_learning_rate_D_dagger': -2.554689023306896, 'training_batch_size': 6, 'training_p': 7}
	 epoch  0 training error:  tensor(3.0823, device='cuda:0', grad_fn=<DivBackward0>)
Memory status after this epoch: 
Memory allocated:  195.09619140625
Memory cached:  386.0
	 epoch  10 training error:  tensor(1.1619, device='cuda:0', grad_fn=<DivBackward0>)
Memory status after this epoch: 
Memory allocated:  195.09619140625
Memory cached:  386.0
	 epoch  20 training error:  tensor(0.5727, device='cuda:0', grad_fn=<DivBackward0>)
Memory status after this epoch: 
Memory allocated:  195.09619140625
Memory cached:  388.0
	 epoch  30 training error:  tensor(0.5469, device='cuda:0', grad_fn=<DivBackward0>)
Memory status after this epoch: 
Memory allocated:  195.09619140625
Memory cached:  394.0
	 epoch  40 training error:  tensor(0.5465, device='cuda:0', grad_fn=<DivBackward0>)
Memory status after this epoch: 
Memory allocated:  195.09619140625
Memory cached:  390.0
	 epoch  50 training error:  tensor(0.5335, device='cuda:0', grad_fn=<DivBackward0>)
Memory status after this epoch: 
Memory allocated:  195.09619140625
Memory cached:  390.0
	 epoch  60 training error:  tensor(0.5156, device='cuda:0', grad_fn=<DivBackward0>)
Memory status after this epoch: 
Memory allocated:  195.09619140625
Memory cached:  390.0
	 epoch  70 training error:  tensor(0.4752, device='cuda:0', grad_fn=<DivBackward0>)
Memory status after this epoch: 
Memory allocated:  195.09619140625
Memory cached:  390.0
	 epoch  80 training error:  tensor(0.4095, device='cuda:0', grad_fn=<DivBackward0>)
Memory status after this epoch: 
Memory allocated:  195.09619140625
Memory cached:  390.0
	 epoch  90 training error:  tensor(0.3072, device='cuda:0', grad_fn=<DivBackward0>)
Memory status after this epoch: 
Memory allocated:  195.09619140625
Memory cached:  386.0
[I 2023-12-20 10:25:44,317] Trial 113 finished with value: 0.1778154820203781 and parameters: {'W_layers': 5, 'W_layer_units_exponent_0': 7, 'W_layer_units_exponent_1': 9, 'W_layer_units_exponent_2': 6, 'W_layer_units_exponent_3': 9, 'W_layer_units_exponent_4': 6, 'D_layers': 5, 'D_layer_units_exponent_0': 7, 'D_layer_units_exponent_1': 10, 'D_layer_units_exponent_2': 10, 'D_layer_units_exponent_3': 4, 'D_layer_units_exponent_4': 4, 'D_dagger_layers': 3, 'D_dagger_layer_units_exponent_0': 9, 'D_dagger_layer_units_exponent_1': 7, 'D_dagger_layer_units_exponent_2': 4, 'log_learning_rate': -1.9994881349468776, 'log_learning_rate_D': -3.9203448927999425, 'log_learning_rate_D_dagger': -2.554689023306896, 'training_batch_size': 6, 'training_p': 7}. Best is trial 102 with value: 0.13158240914344788.
Time for this trial:  327.03964376449585
Memory status after this trial: 
Memory allocated:  404.33642578125
Memory cached:  420.0
--------------------  Trial  114   --------------------
Start timing: 
Parameters: 
{'W_layers': 5, 'W_layer_units_exponent_0': 7, 'W_layer_units_exponent_1': 9, 'W_layer_units_exponent_2': 7, 'W_layer_units_exponent_3': 10, 'W_layer_units_exponent_4': 10, 'D_layers': 5, 'D_layer_units_exponent_0': 6, 'D_layer_units_exponent_1': 10, 'D_layer_units_exponent_2': 10, 'D_layer_units_exponent_3': 4, 'D_layer_units_exponent_4': 4, 'D_dagger_layers': 3, 'D_dagger_layer_units_exponent_0': 9, 'D_dagger_layer_units_exponent_1': 7, 'D_dagger_layer_units_exponent_2': 4, 'log_learning_rate': -1.7931672362797428, 'log_learning_rate_D': -3.755351123078408, 'log_learning_rate_D_dagger': -2.8045342890248643, 'training_batch_size': 6, 'training_p': 7}
	 epoch  0 training error:  tensor(4.3281, device='cuda:0', grad_fn=<DivBackward0>)
Memory status after this epoch: 
Memory allocated:  211.63134765625
Memory cached:  418.0
	 epoch  10 training error:  tensor(5.8359, device='cuda:0', grad_fn=<DivBackward0>)
Memory status after this epoch: 
Memory allocated:  211.63134765625
Memory cached:  440.0
	 epoch  20 training error:  tensor(11.4265, device='cuda:0', grad_fn=<DivBackward0>)
Memory status after this epoch: 
Memory allocated:  211.63134765625
Memory cached:  438.0
	 epoch  30 training error:  tensor(0.8046, device='cuda:0', grad_fn=<DivBackward0>)
Memory status after this epoch: 
Memory allocated:  211.63134765625
Memory cached:  432.0
	 epoch  40 training error:  tensor(0.5704, device='cuda:0', grad_fn=<DivBackward0>)
Memory status after this epoch: 
Memory allocated:  211.63134765625
Memory cached:  430.0
	 epoch  50 training error:  tensor(1.2371, device='cuda:0', grad_fn=<DivBackward0>)
Memory status after this epoch: 
Memory allocated:  211.63134765625
Memory cached:  432.0
	 epoch  60 training error:  tensor(0.8380, device='cuda:0', grad_fn=<DivBackward0>)
Memory status after this epoch: 
Memory allocated:  211.63134765625
Memory cached:  430.0
	 epoch  70 training error:  tensor(0.5897, device='cuda:0', grad_fn=<DivBackward0>)
Memory status after this epoch: 
Memory allocated:  211.63134765625
Memory cached:  434.0
	 epoch  80 training error:  tensor(0.5306, device='cuda:0', grad_fn=<DivBackward0>)
Memory status after this epoch: 
Memory allocated:  211.63134765625
Memory cached:  434.0
	 epoch  90 training error:  tensor(0.5323, device='cuda:0', grad_fn=<DivBackward0>)
Memory status after this epoch: 
Memory allocated:  211.63134765625
Memory cached:  428.0
[I 2023-12-20 10:31:17,295] Trial 114 finished with value: 0.40284743905067444 and parameters: {'W_layers': 5, 'W_layer_units_exponent_0': 7, 'W_layer_units_exponent_1': 9, 'W_layer_units_exponent_2': 7, 'W_layer_units_exponent_3': 10, 'W_layer_units_exponent_4': 10, 'D_layers': 5, 'D_layer_units_exponent_0': 6, 'D_layer_units_exponent_1': 10, 'D_layer_units_exponent_2': 10, 'D_layer_units_exponent_3': 4, 'D_layer_units_exponent_4': 4, 'D_dagger_layers': 3, 'D_dagger_layer_units_exponent_0': 9, 'D_dagger_layer_units_exponent_1': 7, 'D_dagger_layer_units_exponent_2': 4, 'log_learning_rate': -1.7931672362797428, 'log_learning_rate_D': -3.755351123078408, 'log_learning_rate_D_dagger': -2.8045342890248643, 'training_batch_size': 6, 'training_p': 7}. Best is trial 102 with value: 0.13158240914344788.
Time for this trial:  332.5915193557739
Memory status after this trial: 
Memory allocated:  483.92724609375
Memory cached:  492.0
--------------------  Trial  115   --------------------
Start timing: 
Parameters: 
{'W_layers': 5, 'W_layer_units_exponent_0': 7, 'W_layer_units_exponent_1': 9, 'W_layer_units_exponent_2': 5, 'W_layer_units_exponent_3': 7, 'W_layer_units_exponent_4': 5, 'D_layers': 5, 'D_layer_units_exponent_0': 7, 'D_layer_units_exponent_1': 10, 'D_layer_units_exponent_2': 10, 'D_layer_units_exponent_3': 4, 'D_layer_units_exponent_4': 4, 'D_dagger_layers': 4, 'D_dagger_layer_units_exponent_0': 8, 'D_dagger_layer_units_exponent_1': 8, 'D_dagger_layer_units_exponent_2': 4, 'D_dagger_layer_units_exponent_3': 4, 'log_learning_rate': -2.2982899465310926, 'log_learning_rate_D': -4.1897951162986695, 'log_learning_rate_D_dagger': -2.409469368363071, 'training_batch_size': 6, 'training_p': 6}
	 epoch  0 training error:  tensor(1.1607, device='cuda:0', grad_fn=<DivBackward0>)
Memory status after this epoch: 
Memory allocated:  193.99267578125
Memory cached:  384.0
	 epoch  10 training error:  tensor(0.5284, device='cuda:0', grad_fn=<DivBackward0>)
Memory status after this epoch: 
Memory allocated:  193.99267578125
Memory cached:  394.0
	 epoch  20 training error:  tensor(0.5228, device='cuda:0', grad_fn=<DivBackward0>)
Memory status after this epoch: 
Memory allocated:  193.99267578125
Memory cached:  402.0
	 epoch  30 training error:  tensor(0.5081, device='cuda:0', grad_fn=<DivBackward0>)
Memory status after this epoch: 
Memory allocated:  193.99267578125
Memory cached:  400.0
	 epoch  40 training error:  tensor(0.4995, device='cuda:0', grad_fn=<DivBackward0>)
Memory status after this epoch: 
Memory allocated:  193.99267578125
Memory cached:  406.0
	 epoch  50 training error:  tensor(0.4785, device='cuda:0', grad_fn=<DivBackward0>)
Memory status after this epoch: 
Memory allocated:  193.99267578125
Memory cached:  394.0
	 epoch  60 training error:  tensor(0.4359, device='cuda:0', grad_fn=<DivBackward0>)
Memory status after this epoch: 
Memory allocated:  193.99267578125
Memory cached:  404.0
	 epoch  70 training error:  tensor(0.3049, device='cuda:0', grad_fn=<DivBackward0>)
Memory status after this epoch: 
Memory allocated:  193.99267578125
Memory cached:  402.0
	 epoch  80 training error:  tensor(0.3073, device='cuda:0', grad_fn=<DivBackward0>)
Memory status after this epoch: 
Memory allocated:  193.99267578125
Memory cached:  400.0
	 epoch  90 training error:  tensor(0.2481, device='cuda:0', grad_fn=<DivBackward0>)
Memory status after this epoch: 
Memory allocated:  193.99267578125
Memory cached:  400.0
[I 2023-12-20 10:36:54,776] Trial 115 finished with value: 0.16259725391864777 and parameters: {'W_layers': 5, 'W_layer_units_exponent_0': 7, 'W_layer_units_exponent_1': 9, 'W_layer_units_exponent_2': 5, 'W_layer_units_exponent_3': 7, 'W_layer_units_exponent_4': 5, 'D_layers': 5, 'D_layer_units_exponent_0': 7, 'D_layer_units_exponent_1': 10, 'D_layer_units_exponent_2': 10, 'D_layer_units_exponent_3': 4, 'D_layer_units_exponent_4': 4, 'D_dagger_layers': 4, 'D_dagger_layer_units_exponent_0': 8, 'D_dagger_layer_units_exponent_1': 8, 'D_dagger_layer_units_exponent_2': 4, 'D_dagger_layer_units_exponent_3': 4, 'log_learning_rate': -2.2982899465310926, 'log_learning_rate_D': -4.1897951162986695, 'log_learning_rate_D_dagger': -2.409469368363071, 'training_batch_size': 6, 'training_p': 6}. Best is trial 102 with value: 0.13158240914344788.
Time for this trial:  336.9541690349579
Memory status after this trial: 
Memory allocated:  374.29248046875
Memory cached:  394.0
--------------------  Trial  116   --------------------
Start timing: 
Parameters: 
{'W_layers': 5, 'W_layer_units_exponent_0': 8, 'W_layer_units_exponent_1': 9, 'W_layer_units_exponent_2': 5, 'W_layer_units_exponent_3': 7, 'W_layer_units_exponent_4': 5, 'D_layers': 4, 'D_layer_units_exponent_0': 7, 'D_layer_units_exponent_1': 10, 'D_layer_units_exponent_2': 10, 'D_layer_units_exponent_3': 8, 'D_dagger_layers': 4, 'D_dagger_layer_units_exponent_0': 8, 'D_dagger_layer_units_exponent_1': 8, 'D_dagger_layer_units_exponent_2': 4, 'D_dagger_layer_units_exponent_3': 5, 'log_learning_rate': -2.606385600258726, 'log_learning_rate_D': -4.1706692301801604, 'log_learning_rate_D_dagger': -2.3763929503918044, 'training_batch_size': 6, 'training_p': 6}
	 epoch  0 training error:  tensor(1.0824, device='cuda:0', grad_fn=<DivBackward0>)
Memory status after this epoch: 
Memory allocated:  198.74853515625
Memory cached:  382.0
	 epoch  10 training error:  tensor(0.5455, device='cuda:0', grad_fn=<DivBackward0>)
Memory status after this epoch: 
Memory allocated:  198.74853515625
Memory cached:  382.0
	 epoch  20 training error:  tensor(0.5207, device='cuda:0', grad_fn=<DivBackward0>)
Memory status after this epoch: 
Memory allocated:  198.74853515625
Memory cached:  382.0
	 epoch  30 training error:  tensor(0.5250, device='cuda:0', grad_fn=<DivBackward0>)
Memory status after this epoch: 
Memory allocated:  198.74853515625
Memory cached:  386.0
	 epoch  40 training error:  tensor(0.5075, device='cuda:0', grad_fn=<DivBackward0>)
Memory status after this epoch: 
Memory allocated:  198.74853515625
Memory cached:  386.0
	 epoch  50 training error:  tensor(0.4945, device='cuda:0', grad_fn=<DivBackward0>)
Memory status after this epoch: 
Memory allocated:  198.74853515625
Memory cached:  386.0
	 epoch  60 training error:  tensor(0.3904, device='cuda:0', grad_fn=<DivBackward0>)
Memory status after this epoch: 
Memory allocated:  198.74853515625
Memory cached:  382.0
	 epoch  70 training error:  tensor(0.4608, device='cuda:0', grad_fn=<DivBackward0>)
Memory status after this epoch: 
Memory allocated:  198.74853515625
Memory cached:  384.0
	 epoch  80 training error:  tensor(0.2916, device='cuda:0', grad_fn=<DivBackward0>)
Memory status after this epoch: 
Memory allocated:  198.74853515625
Memory cached:  384.0
	 epoch  90 training error:  tensor(0.2420, device='cuda:0', grad_fn=<DivBackward0>)
Memory status after this epoch: 
Memory allocated:  198.74853515625
Memory cached:  384.0
