[I 2023-12-05 01:38:57,708] Trial 56 finished with value: 0.09629663079977036 and parameters: {'W_layers': 3, 'W_layer_units_exponent_0': 10, 'W_layer_units_exponent_1': 4, 'W_layer_units_exponent_2': 4, 'D_layers': 2, 'D_layer_units_exponent_0': 9, 'D_layer_units_exponent_1': 7, 'log_learning_rate': -2.845742060366433, 'log_learning_rate_D': -3.0634827331502827, 'training_batch_size': 9, 'training_p': 6}. Best is trial 33 with value: 0.05789090320467949.
Time for this trial:  35.428317070007324
Memory status after this trial: 
Memory allocated:  97.98046875
Memory cached:  100.0
--------------------  Trial  57   --------------------
Start timing: 
Parameters: 
{'W_layers': 3, 'W_layer_units_exponent_0': 8, 'W_layer_units_exponent_1': 4, 'W_layer_units_exponent_2': 4, 'D_layers': 2, 'D_layer_units_exponent_0': 9, 'D_layer_units_exponent_1': 8, 'log_learning_rate': -2.8680433998621684, 'log_learning_rate_D': -3.097451829523316, 'training_batch_size': 9, 'training_p': 8}
	 epoch  0 training error:  tensor(1.0285, device='cuda:0', grad_fn=<DivBackward0>)
Memory status after this epoch: 
Memory allocated:  60.52099609375
Memory cached:  88.0
	 epoch  10 training error:  tensor(0.8308, device='cuda:0', grad_fn=<DivBackward0>)
Memory status after this epoch: 
Memory allocated:  60.52099609375
Memory cached:  86.0
	 epoch  20 training error:  tensor(0.5704, device='cuda:0', grad_fn=<DivBackward0>)
Memory status after this epoch: 
Memory allocated:  60.52099609375
Memory cached:  86.0
	 epoch  30 training error:  tensor(0.5411, device='cuda:0', grad_fn=<DivBackward0>)
Memory status after this epoch: 
Memory allocated:  60.52099609375
Memory cached:  86.0
	 epoch  40 training error:  tensor(0.5460, device='cuda:0', grad_fn=<DivBackward0>)
Memory status after this epoch: 
Memory allocated:  60.52099609375
Memory cached:  86.0
	 epoch  50 training error:  tensor(0.5296, device='cuda:0', grad_fn=<DivBackward0>)
Memory status after this epoch: 
Memory allocated:  60.52099609375
Memory cached:  86.0
	 epoch  60 training error:  tensor(0.5174, device='cuda:0', grad_fn=<DivBackward0>)
Memory status after this epoch: 
Memory allocated:  60.52099609375
Memory cached:  86.0
	 epoch  70 training error:  tensor(0.5113, device='cuda:0', grad_fn=<DivBackward0>)
Memory status after this epoch: 
Memory allocated:  60.52099609375
Memory cached:  86.0
	 epoch  80 training error:  tensor(0.5034, device='cuda:0', grad_fn=<DivBackward0>)
Memory status after this epoch: 
Memory allocated:  60.52099609375
Memory cached:  86.0
	 epoch  90 training error:  tensor(0.4932, device='cuda:0', grad_fn=<DivBackward0>)
Memory status after this epoch: 
Memory allocated:  60.52099609375
Memory cached:  86.0
[I 2023-12-05 01:39:32,488] Trial 57 finished with value: 0.5452300906181335 and parameters: {'W_layers': 3, 'W_layer_units_exponent_0': 8, 'W_layer_units_exponent_1': 4, 'W_layer_units_exponent_2': 4, 'D_layers': 2, 'D_layer_units_exponent_0': 9, 'D_layer_units_exponent_1': 8, 'log_learning_rate': -2.8680433998621684, 'log_learning_rate_D': -3.097451829523316, 'training_batch_size': 9, 'training_p': 8}. Best is trial 33 with value: 0.05789090320467949.
Time for this trial:  34.60384249687195
Memory status after this trial: 
Memory allocated:  83.6875
Memory cached:  86.0
--------------------  Trial  58   --------------------
Start timing: 
Parameters: 
{'W_layers': 4, 'W_layer_units_exponent_0': 9, 'W_layer_units_exponent_1': 4, 'W_layer_units_exponent_2': 4, 'W_layer_units_exponent_3': 10, 'D_layers': 4, 'D_layer_units_exponent_0': 8, 'D_layer_units_exponent_1': 6, 'D_layer_units_exponent_2': 7, 'D_layer_units_exponent_3': 9, 'log_learning_rate': -3.1446002972043883, 'log_learning_rate_D': -3.3828369596791115, 'training_batch_size': 8, 'training_p': 6}
	 epoch  0 training error:  tensor(1.0166, device='cuda:0', grad_fn=<DivBackward0>)
Memory status after this epoch: 
Memory allocated:  60.24951171875
Memory cached:  90.0
	 epoch  10 training error:  tensor(0.8279, device='cuda:0', grad_fn=<DivBackward0>)
Memory status after this epoch: 
Memory allocated:  60.24951171875
Memory cached:  90.0
	 epoch  20 training error:  tensor(0.7617, device='cuda:0', grad_fn=<DivBackward0>)
Memory status after this epoch: 
Memory allocated:  60.24951171875
Memory cached:  90.0
	 epoch  30 training error:  tensor(0.6237, device='cuda:0', grad_fn=<DivBackward0>)
Memory status after this epoch: 
Memory allocated:  60.24951171875
Memory cached:  90.0
	 epoch  40 training error:  tensor(0.5733, device='cuda:0', grad_fn=<DivBackward0>)
Memory status after this epoch: 
Memory allocated:  60.24951171875
Memory cached:  90.0
	 epoch  50 training error:  tensor(0.5064, device='cuda:0', grad_fn=<DivBackward0>)
Memory status after this epoch: 
Memory allocated:  60.24951171875
Memory cached:  90.0
	 epoch  60 training error:  tensor(0.4523, device='cuda:0', grad_fn=<DivBackward0>)
Memory status after this epoch: 
Memory allocated:  60.24951171875
Memory cached:  90.0
	 epoch  70 training error:  tensor(0.2846, device='cuda:0', grad_fn=<DivBackward0>)
Memory status after this epoch: 
Memory allocated:  60.24951171875
Memory cached:  90.0
	 epoch  80 training error:  tensor(0.1953, device='cuda:0', grad_fn=<DivBackward0>)
Memory status after this epoch: 
Memory allocated:  60.24951171875
Memory cached:  90.0
	 epoch  90 training error:  tensor(0.2327, device='cuda:0', grad_fn=<DivBackward0>)
Memory status after this epoch: 
Memory allocated:  60.24951171875
Memory cached:  90.0
[I 2023-12-05 01:40:15,374] Trial 58 finished with value: 0.12507645785808563 and parameters: {'W_layers': 4, 'W_layer_units_exponent_0': 9, 'W_layer_units_exponent_1': 4, 'W_layer_units_exponent_2': 4, 'W_layer_units_exponent_3': 10, 'D_layers': 4, 'D_layer_units_exponent_0': 8, 'D_layer_units_exponent_1': 6, 'D_layer_units_exponent_2': 7, 'D_layer_units_exponent_3': 9, 'log_learning_rate': -3.1446002972043883, 'log_learning_rate_D': -3.3828369596791115, 'training_batch_size': 8, 'training_p': 6}. Best is trial 33 with value: 0.05789090320467949.
Time for this trial:  42.72130346298218
Memory status after this trial: 
Memory allocated:  117.19921875
Memory cached:  120.0
--------------------  Trial  59   --------------------
Start timing: 
Parameters: 
{'W_layers': 3, 'W_layer_units_exponent_0': 10, 'W_layer_units_exponent_1': 8, 'W_layer_units_exponent_2': 5, 'D_layers': 2, 'D_layer_units_exponent_0': 9, 'D_layer_units_exponent_1': 9, 'log_learning_rate': -2.6954542857563206, 'log_learning_rate_D': -2.879817889631381, 'training_batch_size': 9, 'training_p': 6}
	 epoch  0 training error:  tensor(0.9807, device='cuda:0', grad_fn=<DivBackward0>)
Memory status after this epoch: 
Memory allocated:  66.63623046875
Memory cached:  92.0
	 epoch  10 training error:  tensor(0.8656, device='cuda:0', grad_fn=<DivBackward0>)
Memory status after this epoch: 
Memory allocated:  66.63623046875
Memory cached:  94.0
	 epoch  20 training error:  tensor(0.7264, device='cuda:0', grad_fn=<DivBackward0>)
Memory status after this epoch: 
Memory allocated:  66.63623046875
Memory cached:  94.0
	 epoch  30 training error:  tensor(0.6365, device='cuda:0', grad_fn=<DivBackward0>)
Memory status after this epoch: 
Memory allocated:  66.63623046875
Memory cached:  94.0
	 epoch  40 training error:  tensor(0.5084, device='cuda:0', grad_fn=<DivBackward0>)
Memory status after this epoch: 
Memory allocated:  66.63623046875
Memory cached:  94.0
	 epoch  50 training error:  tensor(0.4002, device='cuda:0', grad_fn=<DivBackward0>)
Memory status after this epoch: 
Memory allocated:  66.63623046875
Memory cached:  94.0
	 epoch  60 training error:  tensor(0.5241, device='cuda:0', grad_fn=<DivBackward0>)
Memory status after this epoch: 
Memory allocated:  66.63623046875
Memory cached:  94.0
	 epoch  70 training error:  tensor(0.2561, device='cuda:0', grad_fn=<DivBackward0>)
Memory status after this epoch: 
Memory allocated:  66.63623046875
Memory cached:  94.0
	 epoch  80 training error:  tensor(0.2727, device='cuda:0', grad_fn=<DivBackward0>)
Memory status after this epoch: 
Memory allocated:  66.63623046875
Memory cached:  94.0
	 epoch  90 training error:  tensor(0.2171, device='cuda:0', grad_fn=<DivBackward0>)
Memory status after this epoch: 
Memory allocated:  66.63623046875
Memory cached:  94.0
[I 2023-12-05 01:40:52,113] Trial 59 finished with value: 0.2939135432243347 and parameters: {'W_layers': 3, 'W_layer_units_exponent_0': 10, 'W_layer_units_exponent_1': 8, 'W_layer_units_exponent_2': 5, 'D_layers': 2, 'D_layer_units_exponent_0': 9, 'D_layer_units_exponent_1': 9, 'log_learning_rate': -2.6954542857563206, 'log_learning_rate_D': -2.879817889631381, 'training_batch_size': 9, 'training_p': 6}. Best is trial 33 with value: 0.05789090320467949.
Time for this trial:  36.58692932128906
Memory status after this trial: 
Memory allocated:  115.8369140625
Memory cached:  120.0
--------------------  Trial  60   --------------------
Start timing: 
Parameters: 
{'W_layers': 4, 'W_layer_units_exponent_0': 4, 'W_layer_units_exponent_1': 4, 'W_layer_units_exponent_2': 4, 'W_layer_units_exponent_3': 5, 'D_layers': 3, 'D_layer_units_exponent_0': 8, 'D_layer_units_exponent_1': 8, 'D_layer_units_exponent_2': 5, 'log_learning_rate': -3.2551491578218688, 'log_learning_rate_D': -2.6938321924234687, 'training_batch_size': 9, 'training_p': 3}
	 epoch  0 training error:  tensor(0.9738, device='cuda:0', grad_fn=<DivBackward0>)
Memory status after this epoch: 
Memory allocated:  59.56982421875
Memory cached:  88.0
	 epoch  10 training error:  tensor(0.9611, device='cuda:0', grad_fn=<DivBackward0>)
Memory status after this epoch: 
Memory allocated:  59.56982421875
Memory cached:  88.0
	 epoch  20 training error:  tensor(0.9482, device='cuda:0', grad_fn=<DivBackward0>)
Memory status after this epoch: 
Memory allocated:  59.56982421875
Memory cached:  88.0
	 epoch  30 training error:  tensor(0.9303, device='cuda:0', grad_fn=<DivBackward0>)
Memory status after this epoch: 
Memory allocated:  59.56982421875
Memory cached:  88.0
	 epoch  40 training error:  tensor(0.9044, device='cuda:0', grad_fn=<DivBackward0>)
Memory status after this epoch: 
Memory allocated:  59.56982421875
Memory cached:  88.0
	 epoch  50 training error:  tensor(0.8651, device='cuda:0', grad_fn=<DivBackward0>)
Memory status after this epoch: 
Memory allocated:  59.56982421875
Memory cached:  88.0
	 epoch  60 training error:  tensor(0.8088, device='cuda:0', grad_fn=<DivBackward0>)
Memory status after this epoch: 
Memory allocated:  59.56982421875
Memory cached:  88.0
	 epoch  70 training error:  tensor(0.7337, device='cuda:0', grad_fn=<DivBackward0>)
Memory status after this epoch: 
Memory allocated:  59.56982421875
Memory cached:  88.0
	 epoch  80 training error:  tensor(0.6373, device='cuda:0', grad_fn=<DivBackward0>)
Memory status after this epoch: 
Memory allocated:  59.56982421875
Memory cached:  88.0
	 epoch  90 training error:  tensor(0.5580, device='cuda:0', grad_fn=<DivBackward0>)
Memory status after this epoch: 
Memory allocated:  59.56982421875
Memory cached:  88.0
[I 2023-12-05 01:41:29,514] Trial 60 finished with value: 0.44985324144363403 and parameters: {'W_layers': 4, 'W_layer_units_exponent_0': 4, 'W_layer_units_exponent_1': 4, 'W_layer_units_exponent_2': 4, 'W_layer_units_exponent_3': 5, 'D_layers': 3, 'D_layer_units_exponent_0': 8, 'D_layer_units_exponent_1': 8, 'D_layer_units_exponent_2': 5, 'log_learning_rate': -3.2551491578218688, 'log_learning_rate_D': -2.6938321924234687, 'training_batch_size': 9, 'training_p': 3}. Best is trial 33 with value: 0.05789090320467949.
Time for this trial:  37.23346996307373
Memory status after this trial: 
Memory allocated:  73.44873046875
Memory cached:  86.0
--------------------  Trial  61   --------------------
Start timing: 
Parameters: 
{'W_layers': 3, 'W_layer_units_exponent_0': 10, 'W_layer_units_exponent_1': 6, 'W_layer_units_exponent_2': 9, 'D_layers': 2, 'D_layer_units_exponent_0': 9, 'D_layer_units_exponent_1': 9, 'log_learning_rate': -2.8689617112208823, 'log_learning_rate_D': -3.221910457315241, 'training_batch_size': 8, 'training_p': 7}
	 epoch  0 training error:  tensor(0.9750, device='cuda:0', grad_fn=<DivBackward0>)
Memory status after this epoch: 
Memory allocated:  64.02099609375
Memory cached:  88.0
	 epoch  10 training error:  tensor(0.7248, device='cuda:0', grad_fn=<DivBackward0>)
Memory status after this epoch: 
Memory allocated:  64.02099609375
Memory cached:  90.0
	 epoch  20 training error:  tensor(0.5763, device='cuda:0', grad_fn=<DivBackward0>)
Memory status after this epoch: 
Memory allocated:  64.02099609375
Memory cached:  90.0
	 epoch  30 training error:  tensor(0.4865, device='cuda:0', grad_fn=<DivBackward0>)
Memory status after this epoch: 
Memory allocated:  64.02099609375
Memory cached:  90.0
	 epoch  40 training error:  tensor(0.4120, device='cuda:0', grad_fn=<DivBackward0>)
Memory status after this epoch: 
Memory allocated:  64.02099609375
Memory cached:  90.0
	 epoch  50 training error:  tensor(0.2365, device='cuda:0', grad_fn=<DivBackward0>)
Memory status after this epoch: 
Memory allocated:  64.02099609375
Memory cached:  90.0
	 epoch  60 training error:  tensor(0.6797, device='cuda:0', grad_fn=<DivBackward0>)
Memory status after this epoch: 
Memory allocated:  64.02099609375
Memory cached:  90.0
	 epoch  70 training error:  tensor(0.3903, device='cuda:0', grad_fn=<DivBackward0>)
Memory status after this epoch: 
Memory allocated:  64.02099609375
Memory cached:  90.0
	 epoch  80 training error:  tensor(0.2943, device='cuda:0', grad_fn=<DivBackward0>)
Memory status after this epoch: 
Memory allocated:  64.02099609375
Memory cached:  90.0
	 epoch  90 training error:  tensor(0.1420, device='cuda:0', grad_fn=<DivBackward0>)
Memory status after this epoch: 
Memory allocated:  64.02099609375
Memory cached:  90.0
[I 2023-12-05 01:42:06,903] Trial 61 finished with value: 0.2479553520679474 and parameters: {'W_layers': 3, 'W_layer_units_exponent_0': 10, 'W_layer_units_exponent_1': 6, 'W_layer_units_exponent_2': 9, 'D_layers': 2, 'D_layer_units_exponent_0': 9, 'D_layer_units_exponent_1': 9, 'log_learning_rate': -2.8689617112208823, 'log_learning_rate_D': -3.221910457315241, 'training_batch_size': 8, 'training_p': 7}. Best is trial 33 with value: 0.05789090320467949.
Time for this trial:  37.237356185913086
Memory status after this trial: 
Memory allocated:  121.12109375
Memory cached:  126.0
--------------------  Trial  62   --------------------
Start timing: 
Parameters: 
{'W_layers': 3, 'W_layer_units_exponent_0': 10, 'W_layer_units_exponent_1': 4, 'W_layer_units_exponent_2': 5, 'D_layers': 2, 'D_layer_units_exponent_0': 10, 'D_layer_units_exponent_1': 7, 'log_learning_rate': -2.5015133538350995, 'log_learning_rate_D': -3.0234203285300776, 'training_batch_size': 9, 'training_p': 4}
	 epoch  0 training error:  tensor(1.0180, device='cuda:0', grad_fn=<DivBackward0>)
Memory status after this epoch: 
Memory allocated:  60.78662109375
Memory cached:  88.0
	 epoch  10 training error:  tensor(0.8167, device='cuda:0', grad_fn=<DivBackward0>)
Memory status after this epoch: 
Memory allocated:  60.78662109375
Memory cached:  88.0
	 epoch  20 training error:  tensor(0.7910, device='cuda:0', grad_fn=<DivBackward0>)
Memory status after this epoch: 
Memory allocated:  60.78662109375
Memory cached:  88.0
	 epoch  30 training error:  tensor(0.6777, device='cuda:0', grad_fn=<DivBackward0>)
Memory status after this epoch: 
Memory allocated:  60.78662109375
Memory cached:  88.0
	 epoch  40 training error:  tensor(0.4736, device='cuda:0', grad_fn=<DivBackward0>)
Memory status after this epoch: 
Memory allocated:  60.78662109375
Memory cached:  88.0
	 epoch  50 training error:  tensor(0.4018, device='cuda:0', grad_fn=<DivBackward0>)
Memory status after this epoch: 
Memory allocated:  60.78662109375
Memory cached:  88.0
	 epoch  60 training error:  tensor(0.1400, device='cuda:0', grad_fn=<DivBackward0>)
Memory status after this epoch: 
Memory allocated:  60.78662109375
Memory cached:  88.0
	 epoch  70 training error:  tensor(0.2921, device='cuda:0', grad_fn=<DivBackward0>)
Memory status after this epoch: 
Memory allocated:  60.78662109375
Memory cached:  88.0
	 epoch  80 training error:  tensor(0.2470, device='cuda:0', grad_fn=<DivBackward0>)
Memory status after this epoch: 
Memory allocated:  60.78662109375
Memory cached:  88.0
	 epoch  90 training error:  tensor(0.1434, device='cuda:0', grad_fn=<DivBackward0>)
Memory status after this epoch: 
Memory allocated:  60.78662109375
Memory cached:  88.0
[I 2023-12-05 01:42:42,974] Trial 62 finished with value: 0.13473528623580933 and parameters: {'W_layers': 3, 'W_layer_units_exponent_0': 10, 'W_layer_units_exponent_1': 4, 'W_layer_units_exponent_2': 5, 'D_layers': 2, 'D_layer_units_exponent_0': 10, 'D_layer_units_exponent_1': 7, 'log_learning_rate': -2.5015133538350995, 'log_learning_rate_D': -3.0234203285300776, 'training_batch_size': 9, 'training_p': 4}. Best is trial 33 with value: 0.05789090320467949.
Time for this trial:  35.90069913864136
Memory status after this trial: 
Memory allocated:  110.392578125
Memory cached:  114.0
--------------------  Trial  63   --------------------
Start timing: 
Parameters: 
{'W_layers': 3, 'W_layer_units_exponent_0': 10, 'W_layer_units_exponent_1': 4, 'W_layer_units_exponent_2': 4, 'D_layers': 2, 'D_layer_units_exponent_0': 10, 'D_layer_units_exponent_1': 7, 'log_learning_rate': -2.573494345047948, 'log_learning_rate_D': -3.1573217869823114, 'training_batch_size': 10, 'training_p': 3}
	 epoch  0 training error:  tensor(0.9816, device='cuda:0', grad_fn=<DivBackward0>)
Memory status after this epoch: 
Memory allocated:  60.78271484375
Memory cached:  88.0
	 epoch  10 training error:  tensor(0.7967, device='cuda:0', grad_fn=<DivBackward0>)
Memory status after this epoch: 
Memory allocated:  60.78271484375
Memory cached:  90.0
	 epoch  20 training error:  tensor(0.6984, device='cuda:0', grad_fn=<DivBackward0>)
Memory status after this epoch: 
Memory allocated:  60.78271484375
Memory cached:  90.0
	 epoch  30 training error:  tensor(0.5327, device='cuda:0', grad_fn=<DivBackward0>)
Memory status after this epoch: 
Memory allocated:  60.78271484375
Memory cached:  90.0
	 epoch  40 training error:  tensor(0.3932, device='cuda:0', grad_fn=<DivBackward0>)
Memory status after this epoch: 
Memory allocated:  60.78271484375
Memory cached:  90.0
	 epoch  50 training error:  tensor(0.2855, device='cuda:0', grad_fn=<DivBackward0>)
Memory status after this epoch: 
Memory allocated:  60.78271484375
Memory cached:  90.0
	 epoch  60 training error:  tensor(0.3642, device='cuda:0', grad_fn=<DivBackward0>)
Memory status after this epoch: 
Memory allocated:  60.78271484375
Memory cached:  90.0
	 epoch  70 training error:  tensor(0.2813, device='cuda:0', grad_fn=<DivBackward0>)
Memory status after this epoch: 
Memory allocated:  60.78271484375
Memory cached:  90.0
	 epoch  80 training error:  tensor(0.1524, device='cuda:0', grad_fn=<DivBackward0>)
Memory status after this epoch: 
Memory allocated:  60.78271484375
Memory cached:  90.0
	 epoch  90 training error:  tensor(0.1427, device='cuda:0', grad_fn=<DivBackward0>)
Memory status after this epoch: 
Memory allocated:  60.78271484375
Memory cached:  90.0
