[I 2023-12-04 00:43:13,832] Trial 40 finished with value: 0.15767168998718262 and parameters: {'W_layers': 6, 'W_layer_units_exponent_0': 7, 'W_layer_units_exponent_1': 4, 'W_layer_units_exponent_2': 8, 'W_layer_units_exponent_3': 9, 'W_layer_units_exponent_4': 5, 'W_layer_units_exponent_5': 10, 'D_layers': 4, 'D_layer_units_exponent_0': 4, 'D_layer_units_exponent_1': 8, 'D_layer_units_exponent_2': 9, 'D_layer_units_exponent_3': 9, 'log_learning_rate': -1.9205569290174407, 'log_learning_rate_D': -4.395412373033371, 'training_batch_size': 9, 'training_p': 5}. Best is trial 39 with value: 0.015849515795707703.
Time for this trial:  46.69897103309631
Memory status after this trial: 
Memory allocated:  175.41845703125
Memory cached:  198.0
--------------------  Trial  41   --------------------
Start timing: 
Parameters: 
{'W_layers': 7, 'W_layer_units_exponent_0': 8, 'W_layer_units_exponent_1': 5, 'W_layer_units_exponent_2': 4, 'W_layer_units_exponent_3': 10, 'W_layer_units_exponent_4': 5, 'W_layer_units_exponent_5': 10, 'W_layer_units_exponent_6': 10, 'D_layers': 5, 'D_layer_units_exponent_0': 10, 'D_layer_units_exponent_1': 7, 'D_layer_units_exponent_2': 7, 'D_layer_units_exponent_3': 9, 'D_layer_units_exponent_4': 10, 'log_learning_rate': -2.6128500206065786, 'log_learning_rate_D': -3.6718889302856224, 'training_batch_size': 11, 'training_p': 5}
	 epoch  0 training error:  tensor(1.0097, device='cuda:0', grad_fn=<DivBackward0>)
Memory status after this epoch: 
Memory allocated:  125.09912109375
Memory cached:  198.0
	 epoch  10 training error:  tensor(0.2399, device='cuda:0', grad_fn=<DivBackward0>)
Memory status after this epoch: 
Memory allocated:  125.09912109375
Memory cached:  198.0
	 epoch  20 training error:  tensor(0.1563, device='cuda:0', grad_fn=<DivBackward0>)
Memory status after this epoch: 
Memory allocated:  125.09912109375
Memory cached:  198.0
	 epoch  30 training error:  tensor(0.1719, device='cuda:0', grad_fn=<DivBackward0>)
Memory status after this epoch: 
Memory allocated:  125.09912109375
Memory cached:  198.0
	 epoch  40 training error:  tensor(0.1444, device='cuda:0', grad_fn=<DivBackward0>)
Memory status after this epoch: 
Memory allocated:  125.09912109375
Memory cached:  198.0
	 epoch  50 training error:  tensor(0.1053, device='cuda:0', grad_fn=<DivBackward0>)
Memory status after this epoch: 
Memory allocated:  125.09912109375
Memory cached:  198.0
	 epoch  60 training error:  tensor(0.0647, device='cuda:0', grad_fn=<DivBackward0>)
Memory status after this epoch: 
Memory allocated:  125.09912109375
Memory cached:  198.0
	 epoch  70 training error:  tensor(0.0730, device='cuda:0', grad_fn=<DivBackward0>)
Memory status after this epoch: 
Memory allocated:  125.09912109375
Memory cached:  198.0
	 epoch  80 training error:  tensor(0.0657, device='cuda:0', grad_fn=<DivBackward0>)
Memory status after this epoch: 
Memory allocated:  125.09912109375
Memory cached:  198.0
	 epoch  90 training error:  tensor(0.0952, device='cuda:0', grad_fn=<DivBackward0>)
Memory status after this epoch: 
Memory allocated:  125.09912109375
Memory cached:  198.0
[I 2023-12-04 00:44:09,224] Trial 41 finished with value: 0.025351842865347862 and parameters: {'W_layers': 7, 'W_layer_units_exponent_0': 8, 'W_layer_units_exponent_1': 5, 'W_layer_units_exponent_2': 4, 'W_layer_units_exponent_3': 10, 'W_layer_units_exponent_4': 5, 'W_layer_units_exponent_5': 10, 'W_layer_units_exponent_6': 10, 'D_layers': 5, 'D_layer_units_exponent_0': 10, 'D_layer_units_exponent_1': 7, 'D_layer_units_exponent_2': 7, 'D_layer_units_exponent_3': 9, 'D_layer_units_exponent_4': 10, 'log_learning_rate': -2.6128500206065786, 'log_learning_rate_D': -3.6718889302856224, 'training_batch_size': 11, 'training_p': 5}. Best is trial 39 with value: 0.015849515795707703.
Time for this trial:  55.21190309524536
Memory status after this trial: 
Memory allocated:  252.662109375
Memory cached:  280.0
--------------------  Trial  42   --------------------
Start timing: 
Parameters: 
{'W_layers': 6, 'W_layer_units_exponent_0': 8, 'W_layer_units_exponent_1': 4, 'W_layer_units_exponent_2': 10, 'W_layer_units_exponent_3': 9, 'W_layer_units_exponent_4': 6, 'W_layer_units_exponent_5': 4, 'D_layers': 4, 'D_layer_units_exponent_0': 4, 'D_layer_units_exponent_1': 6, 'D_layer_units_exponent_2': 10, 'D_layer_units_exponent_3': 8, 'log_learning_rate': -2.9948656057999212, 'log_learning_rate_D': -4.115674147694736, 'training_batch_size': 7, 'training_p': 4}
	 epoch  0 training error:  tensor(0.9714, device='cuda:0', grad_fn=<DivBackward0>)
Memory status after this epoch: 
Memory allocated:  110.19677734375
Memory cached:  178.0
	 epoch  10 training error:  tensor(0.2083, device='cuda:0', grad_fn=<DivBackward0>)
Memory status after this epoch: 
Memory allocated:  110.19677734375
Memory cached:  178.0
	 epoch  20 training error:  tensor(0.1532, device='cuda:0', grad_fn=<DivBackward0>)
Memory status after this epoch: 
Memory allocated:  110.19677734375
Memory cached:  178.0
	 epoch  30 training error:  tensor(0.1375, device='cuda:0', grad_fn=<DivBackward0>)
Memory status after this epoch: 
Memory allocated:  110.19677734375
Memory cached:  178.0
	 epoch  40 training error:  tensor(0.1291, device='cuda:0', grad_fn=<DivBackward0>)
Memory status after this epoch: 
Memory allocated:  110.19677734375
Memory cached:  178.0
	 epoch  50 training error:  tensor(0.1102, device='cuda:0', grad_fn=<DivBackward0>)
Memory status after this epoch: 
Memory allocated:  110.19677734375
Memory cached:  178.0
	 epoch  60 training error:  tensor(0.0962, device='cuda:0', grad_fn=<DivBackward0>)
Memory status after this epoch: 
Memory allocated:  110.19677734375
Memory cached:  178.0
	 epoch  70 training error:  tensor(0.0824, device='cuda:0', grad_fn=<DivBackward0>)
Memory status after this epoch: 
Memory allocated:  110.19677734375
Memory cached:  178.0
	 epoch  80 training error:  tensor(0.0749, device='cuda:0', grad_fn=<DivBackward0>)
Memory status after this epoch: 
Memory allocated:  110.19677734375
Memory cached:  178.0
	 epoch  90 training error:  tensor(0.0675, device='cuda:0', grad_fn=<DivBackward0>)
Memory status after this epoch: 
Memory allocated:  110.19677734375
Memory cached:  178.0
[I 2023-12-04 00:44:55,825] Trial 42 finished with value: 0.05451011285185814 and parameters: {'W_layers': 6, 'W_layer_units_exponent_0': 8, 'W_layer_units_exponent_1': 4, 'W_layer_units_exponent_2': 10, 'W_layer_units_exponent_3': 9, 'W_layer_units_exponent_4': 6, 'W_layer_units_exponent_5': 4, 'D_layers': 4, 'D_layer_units_exponent_0': 4, 'D_layer_units_exponent_1': 6, 'D_layer_units_exponent_2': 10, 'D_layer_units_exponent_3': 8, 'log_learning_rate': -2.9948656057999212, 'log_learning_rate_D': -4.115674147694736, 'training_batch_size': 7, 'training_p': 4}. Best is trial 39 with value: 0.015849515795707703.
Time for this trial:  46.40877366065979
Memory status after this trial: 
Memory allocated:  177.57470703125
Memory cached:  194.0
--------------------  Trial  43   --------------------
Start timing: 
Parameters: 
{'W_layers': 8, 'W_layer_units_exponent_0': 9, 'W_layer_units_exponent_1': 5, 'W_layer_units_exponent_2': 9, 'W_layer_units_exponent_3': 5, 'W_layer_units_exponent_4': 4, 'W_layer_units_exponent_5': 6, 'W_layer_units_exponent_6': 4, 'W_layer_units_exponent_7': 10, 'D_layers': 8, 'D_layer_units_exponent_0': 5, 'D_layer_units_exponent_1': 8, 'D_layer_units_exponent_2': 8, 'D_layer_units_exponent_3': 10, 'D_layer_units_exponent_4': 8, 'D_layer_units_exponent_5': 10, 'D_layer_units_exponent_6': 10, 'D_layer_units_exponent_7': 10, 'log_learning_rate': -2.3553187281226173, 'log_learning_rate_D': -3.771714560791094, 'training_batch_size': 9, 'training_p': 5}
	 epoch  0 training error:  tensor(0.9603, device='cuda:0', grad_fn=<DivBackward0>)
Memory status after this epoch: 
Memory allocated:  142.61474609375
Memory cached:  198.0
	 epoch  10 training error:  tensor(0.1823, device='cuda:0', grad_fn=<DivBackward0>)
Memory status after this epoch: 
Memory allocated:  142.61474609375
Memory cached:  198.0
	 epoch  20 training error:  tensor(0.1461, device='cuda:0', grad_fn=<DivBackward0>)
Memory status after this epoch: 
Memory allocated:  142.61474609375
Memory cached:  198.0
	 epoch  30 training error:  tensor(0.1575, device='cuda:0', grad_fn=<DivBackward0>)
Memory status after this epoch: 
Memory allocated:  142.61474609375
Memory cached:  198.0
	 epoch  40 training error:  tensor(0.1408, device='cuda:0', grad_fn=<DivBackward0>)
Memory status after this epoch: 
Memory allocated:  142.61474609375
Memory cached:  198.0
	 epoch  50 training error:  tensor(0.1093, device='cuda:0', grad_fn=<DivBackward0>)
Memory status after this epoch: 
Memory allocated:  142.61474609375
Memory cached:  198.0
	 epoch  60 training error:  tensor(0.0986, device='cuda:0', grad_fn=<DivBackward0>)
Memory status after this epoch: 
Memory allocated:  142.61474609375
Memory cached:  198.0
	 epoch  70 training error:  tensor(0.0798, device='cuda:0', grad_fn=<DivBackward0>)
Memory status after this epoch: 
Memory allocated:  142.61474609375
Memory cached:  198.0
	 epoch  80 training error:  tensor(0.0416, device='cuda:0', grad_fn=<DivBackward0>)
Memory status after this epoch: 
Memory allocated:  142.61474609375
Memory cached:  198.0
	 epoch  90 training error:  tensor(0.0417, device='cuda:0', grad_fn=<DivBackward0>)
Memory status after this epoch: 
Memory allocated:  142.61474609375
Memory cached:  198.0
[I 2023-12-04 00:46:00,811] Trial 43 finished with value: 0.040051817893981934 and parameters: {'W_layers': 8, 'W_layer_units_exponent_0': 9, 'W_layer_units_exponent_1': 5, 'W_layer_units_exponent_2': 9, 'W_layer_units_exponent_3': 5, 'W_layer_units_exponent_4': 4, 'W_layer_units_exponent_5': 6, 'W_layer_units_exponent_6': 4, 'W_layer_units_exponent_7': 10, 'D_layers': 8, 'D_layer_units_exponent_0': 5, 'D_layer_units_exponent_1': 8, 'D_layer_units_exponent_2': 8, 'D_layer_units_exponent_3': 10, 'D_layer_units_exponent_4': 8, 'D_layer_units_exponent_5': 10, 'D_layer_units_exponent_6': 10, 'D_layer_units_exponent_7': 10, 'log_learning_rate': -2.3553187281226173, 'log_learning_rate_D': -3.771714560791094, 'training_batch_size': 9, 'training_p': 5}. Best is trial 39 with value: 0.015849515795707703.
Time for this trial:  64.77201676368713
Memory status after this trial: 
Memory allocated:  281.15869140625
Memory cached:  310.0
--------------------  Trial  44   --------------------
Start timing: 
Parameters: 
{'W_layers': 6, 'W_layer_units_exponent_0': 9, 'W_layer_units_exponent_1': 4, 'W_layer_units_exponent_2': 7, 'W_layer_units_exponent_3': 7, 'W_layer_units_exponent_4': 5, 'W_layer_units_exponent_5': 10, 'D_layers': 6, 'D_layer_units_exponent_0': 4, 'D_layer_units_exponent_1': 9, 'D_layer_units_exponent_2': 9, 'D_layer_units_exponent_3': 7, 'D_layer_units_exponent_4': 4, 'D_layer_units_exponent_5': 6, 'log_learning_rate': -3.5507338872546415, 'log_learning_rate_D': -4.5921796797651595, 'training_batch_size': 8, 'training_p': 6}
	 epoch  0 training error:  tensor(1.0263, device='cuda:0', grad_fn=<DivBackward0>)
Memory status after this epoch: 
Memory allocated:  102.51513671875
Memory cached:  178.0
	 epoch  10 training error:  tensor(0.7521, device='cuda:0', grad_fn=<DivBackward0>)
Memory status after this epoch: 
Memory allocated:  102.51513671875
Memory cached:  180.0
	 epoch  20 training error:  tensor(0.2356, device='cuda:0', grad_fn=<DivBackward0>)
Memory status after this epoch: 
Memory allocated:  102.51513671875
Memory cached:  180.0
	 epoch  30 training error:  tensor(0.2187, device='cuda:0', grad_fn=<DivBackward0>)
Memory status after this epoch: 
Memory allocated:  102.51513671875
Memory cached:  180.0
	 epoch  40 training error:  tensor(0.1939, device='cuda:0', grad_fn=<DivBackward0>)
Memory status after this epoch: 
Memory allocated:  102.51513671875
Memory cached:  180.0
	 epoch  50 training error:  tensor(0.1691, device='cuda:0', grad_fn=<DivBackward0>)
Memory status after this epoch: 
Memory allocated:  102.51513671875
Memory cached:  180.0
	 epoch  60 training error:  tensor(0.1524, device='cuda:0', grad_fn=<DivBackward0>)
Memory status after this epoch: 
Memory allocated:  102.51513671875
Memory cached:  180.0
	 epoch  70 training error:  tensor(0.1470, device='cuda:0', grad_fn=<DivBackward0>)
Memory status after this epoch: 
Memory allocated:  102.51513671875
Memory cached:  180.0
	 epoch  80 training error:  tensor(0.1456, device='cuda:0', grad_fn=<DivBackward0>)
Memory status after this epoch: 
Memory allocated:  102.51513671875
Memory cached:  180.0
	 epoch  90 training error:  tensor(0.1451, device='cuda:0', grad_fn=<DivBackward0>)
Memory status after this epoch: 
Memory allocated:  102.51513671875
Memory cached:  180.0
[I 2023-12-04 00:46:51,438] Trial 44 finished with value: 0.11588316410779953 and parameters: {'W_layers': 6, 'W_layer_units_exponent_0': 9, 'W_layer_units_exponent_1': 4, 'W_layer_units_exponent_2': 7, 'W_layer_units_exponent_3': 7, 'W_layer_units_exponent_4': 5, 'W_layer_units_exponent_5': 10, 'D_layers': 6, 'D_layer_units_exponent_0': 4, 'D_layer_units_exponent_1': 9, 'D_layer_units_exponent_2': 9, 'D_layer_units_exponent_3': 7, 'D_layer_units_exponent_4': 4, 'D_layer_units_exponent_5': 6, 'log_learning_rate': -3.5507338872546415, 'log_learning_rate_D': -4.5921796797651595, 'training_batch_size': 8, 'training_p': 6}. Best is trial 39 with value: 0.015849515795707703.
Time for this trial:  50.42228651046753
Memory status after this trial: 
Memory allocated:  170.0966796875
Memory cached:  190.0
--------------------  Trial  45   --------------------
Start timing: 
Parameters: 
{'W_layers': 3, 'W_layer_units_exponent_0': 9, 'W_layer_units_exponent_1': 4, 'W_layer_units_exponent_2': 4, 'D_layers': 3, 'D_layer_units_exponent_0': 4, 'D_layer_units_exponent_1': 9, 'D_layer_units_exponent_2': 10, 'log_learning_rate': -2.510649173045727, 'log_learning_rate_D': -3.4252829226266144, 'training_batch_size': 9, 'training_p': 7}
	 epoch  0 training error:  tensor(1.0783, device='cuda:0', grad_fn=<DivBackward0>)
Memory status after this epoch: 
Memory allocated:  104.61083984375
Memory cached:  176.0
	 epoch  10 training error:  tensor(0.2867, device='cuda:0', grad_fn=<DivBackward0>)
Memory status after this epoch: 
Memory allocated:  104.61083984375
Memory cached:  176.0
	 epoch  20 training error:  tensor(0.1974, device='cuda:0', grad_fn=<DivBackward0>)
Memory status after this epoch: 
Memory allocated:  104.61083984375
Memory cached:  176.0
	 epoch  30 training error:  tensor(0.1599, device='cuda:0', grad_fn=<DivBackward0>)
Memory status after this epoch: 
Memory allocated:  104.61083984375
Memory cached:  176.0
	 epoch  40 training error:  tensor(0.1330, device='cuda:0', grad_fn=<DivBackward0>)
Memory status after this epoch: 
Memory allocated:  104.61083984375
Memory cached:  176.0
	 epoch  50 training error:  tensor(0.0825, device='cuda:0', grad_fn=<DivBackward0>)
Memory status after this epoch: 
Memory allocated:  104.61083984375
Memory cached:  176.0
	 epoch  60 training error:  tensor(0.0577, device='cuda:0', grad_fn=<DivBackward0>)
Memory status after this epoch: 
Memory allocated:  104.61083984375
Memory cached:  176.0
	 epoch  70 training error:  tensor(0.0381, device='cuda:0', grad_fn=<DivBackward0>)
Memory status after this epoch: 
Memory allocated:  104.61083984375
Memory cached:  176.0
	 epoch  80 training error:  tensor(0.0312, device='cuda:0', grad_fn=<DivBackward0>)
Memory status after this epoch: 
Memory allocated:  104.61083984375
Memory cached:  176.0
	 epoch  90 training error:  tensor(0.0397, device='cuda:0', grad_fn=<DivBackward0>)
Memory status after this epoch: 
Memory allocated:  104.61083984375
Memory cached:  176.0
[I 2023-12-04 00:47:28,408] Trial 45 finished with value: 0.012832405976951122 and parameters: {'W_layers': 3, 'W_layer_units_exponent_0': 9, 'W_layer_units_exponent_1': 4, 'W_layer_units_exponent_2': 4, 'D_layers': 3, 'D_layer_units_exponent_0': 4, 'D_layer_units_exponent_1': 9, 'D_layer_units_exponent_2': 10, 'log_learning_rate': -2.510649173045727, 'log_learning_rate_D': -3.4252829226266144, 'training_batch_size': 9, 'training_p': 7}. Best is trial 45 with value: 0.012832405976951122.
res:  tensor(0.0128, device='cuda:0', grad_fn=<DivBackward0>)
self.bestValue:  tensor(0.0158, device='cuda:0', grad_fn=<DivBackward0>)
Save this model!
Time for this trial:  36.80108833312988
Memory status after this trial: 
Memory allocated:  52.12890625
Memory cached:  152.0
--------------------  Trial  46   --------------------
Start timing: 
Parameters: 
{'W_layers': 3, 'W_layer_units_exponent_0': 9, 'W_layer_units_exponent_1': 4, 'W_layer_units_exponent_2': 4, 'D_layers': 3, 'D_layer_units_exponent_0': 4, 'D_layer_units_exponent_1': 9, 'D_layer_units_exponent_2': 10, 'log_learning_rate': -2.779688527570594, 'log_learning_rate_D': -3.4135174794254945, 'training_batch_size': 9, 'training_p': 6}
	 epoch  0 training error:  tensor(0.9429, device='cuda:0', grad_fn=<DivBackward0>)
Memory status after this epoch: 
Memory allocated:  60.49755859375
Memory cached:  152.0
	 epoch  10 training error:  tensor(0.2570, device='cuda:0', grad_fn=<DivBackward0>)
Memory status after this epoch: 
Memory allocated:  60.49755859375
Memory cached:  152.0
	 epoch  20 training error:  tensor(0.2143, device='cuda:0', grad_fn=<DivBackward0>)
Memory status after this epoch: 
Memory allocated:  60.49755859375
Memory cached:  152.0
	 epoch  30 training error:  tensor(0.1878, device='cuda:0', grad_fn=<DivBackward0>)
Memory status after this epoch: 
Memory allocated:  60.49755859375
Memory cached:  152.0
	 epoch  40 training error:  tensor(0.1680, device='cuda:0', grad_fn=<DivBackward0>)
Memory status after this epoch: 
Memory allocated:  60.49755859375
Memory cached:  152.0
	 epoch  50 training error:  tensor(0.1487, device='cuda:0', grad_fn=<DivBackward0>)
Memory status after this epoch: 
Memory allocated:  60.49755859375
Memory cached:  152.0
	 epoch  60 training error:  tensor(0.1453, device='cuda:0', grad_fn=<DivBackward0>)
Memory status after this epoch: 
Memory allocated:  60.49755859375
Memory cached:  152.0
	 epoch  70 training error:  tensor(0.1398, device='cuda:0', grad_fn=<DivBackward0>)
Memory status after this epoch: 
Memory allocated:  60.49755859375
Memory cached:  152.0
	 epoch  80 training error:  tensor(0.1338, device='cuda:0', grad_fn=<DivBackward0>)
Memory status after this epoch: 
Memory allocated:  60.49755859375
Memory cached:  152.0
	 epoch  90 training error:  tensor(0.1207, device='cuda:0', grad_fn=<DivBackward0>)
Memory status after this epoch: 
Memory allocated:  60.49755859375
Memory cached:  152.0
[I 2023-12-04 00:48:05,153] Trial 46 finished with value: 0.067780040204525 and parameters: {'W_layers': 3, 'W_layer_units_exponent_0': 9, 'W_layer_units_exponent_1': 4, 'W_layer_units_exponent_2': 4, 'D_layers': 3, 'D_layer_units_exponent_0': 4, 'D_layer_units_exponent_1': 9, 'D_layer_units_exponent_2': 10, 'log_learning_rate': -2.779688527570594, 'log_learning_rate_D': -3.4135174794254945, 'training_batch_size': 9, 'training_p': 6}. Best is trial 45 with value: 0.012832405976951122.
Time for this trial:  36.60436487197876
Memory status after this trial: 
Memory allocated:  104.25732421875
Memory cached:  152.0
--------------------  Trial  47   --------------------
Start timing: 
Parameters: 
{'W_layers': 2, 'W_layer_units_exponent_0': 8, 'W_layer_units_exponent_1': 4, 'D_layers': 3, 'D_layer_units_exponent_0': 5, 'D_layer_units_exponent_1': 7, 'D_layer_units_exponent_2': 10, 'log_learning_rate': -2.4507435665157824, 'log_learning_rate_D': -3.168284494483798, 'training_batch_size': 10, 'training_p': 4}
	 epoch  0 training error:  tensor(1.0159, device='cuda:0', grad_fn=<DivBackward0>)
Memory status after this epoch: 
Memory allocated:  54.34521484375
Memory cached:  156.0
	 epoch  10 training error:  tensor(0.2060, device='cuda:0', grad_fn=<DivBackward0>)
Memory status after this epoch: 
Memory allocated:  54.34521484375
Memory cached:  156.0
	 epoch  20 training error:  tensor(0.1554, device='cuda:0', grad_fn=<DivBackward0>)
Memory status after this epoch: 
Memory allocated:  54.34521484375
Memory cached:  156.0
	 epoch  30 training error:  tensor(0.1324, device='cuda:0', grad_fn=<DivBackward0>)
Memory status after this epoch: 
Memory allocated:  54.34521484375
Memory cached:  156.0
	 epoch  40 training error:  tensor(0.1214, device='cuda:0', grad_fn=<DivBackward0>)
Memory status after this epoch: 
Memory allocated:  54.34521484375
Memory cached:  156.0
	 epoch  50 training error:  tensor(0.0905, device='cuda:0', grad_fn=<DivBackward0>)
Memory status after this epoch: 
Memory allocated:  54.34521484375
Memory cached:  156.0
	 epoch  60 training error:  tensor(0.0563, device='cuda:0', grad_fn=<DivBackward0>)
Memory status after this epoch: 
Memory allocated:  54.34521484375
Memory cached:  156.0
	 epoch  70 training error:  tensor(0.0302, device='cuda:0', grad_fn=<DivBackward0>)
Memory status after this epoch: 
Memory allocated:  54.34521484375
Memory cached:  156.0
	 epoch  80 training error:  tensor(0.0242, device='cuda:0', grad_fn=<DivBackward0>)
Memory status after this epoch: 
Memory allocated:  54.34521484375
Memory cached:  156.0
	 epoch  90 training error:  tensor(0.0270, device='cuda:0', grad_fn=<DivBackward0>)
Memory status after this epoch: 
Memory allocated:  54.34521484375
Memory cached:  156.0
