[I 2023-12-03 00:33:41,607] Trial 20 finished with value: 0.07106689363718033 and parameters: {'W_layers': 5, 'W_layer_units_exponent_0': 10, 'W_layer_units_exponent_1': 7, 'W_layer_units_exponent_2': 6, 'W_layer_units_exponent_3': 9, 'W_layer_units_exponent_4': 4, 'D_layers': 5, 'D_layer_units_exponent_0': 6, 'D_layer_units_exponent_1': 8, 'D_layer_units_exponent_2': 6, 'D_layer_units_exponent_3': 4, 'D_layer_units_exponent_4': 5, 'D_dagger_layers': 2, 'D_dagger_layer_units_exponent_0': 10, 'D_dagger_layer_units_exponent_1': 10, 'log_learning_rate': -4.106654502371337, 'log_learning_rate_D': -2.49361210712472, 'log_learning_rate_D_dagger': -4.299845579242831, 'training_batch_size': 10, 'training_p': 3}. Best is trial 15 with value: 0.027088839560747147.
Time for this trial:  178.28094577789307
Memory status after this trial: 
Memory allocated:  523.9248046875
Memory cached:  604.0
--------------------  Trial  21   --------------------
Start timing: 
Parameters: 
{'W_layers': 5, 'W_layer_units_exponent_0': 10, 'W_layer_units_exponent_1': 7, 'W_layer_units_exponent_2': 6, 'W_layer_units_exponent_3': 9, 'W_layer_units_exponent_4': 4, 'D_layers': 5, 'D_layer_units_exponent_0': 6, 'D_layer_units_exponent_1': 8, 'D_layer_units_exponent_2': 6, 'D_layer_units_exponent_3': 4, 'D_layer_units_exponent_4': 5, 'D_dagger_layers': 2, 'D_dagger_layer_units_exponent_0': 10, 'D_dagger_layer_units_exponent_1': 10, 'log_learning_rate': -4.118471085433809, 'log_learning_rate_D': -2.396876585215022, 'log_learning_rate_D_dagger': -4.319533513033006, 'training_batch_size': 10, 'training_p': 3}
	 epoch  0 training error:  tensor(1.0263, device='cuda:0', grad_fn=<DivBackward0>)
Memory status after this epoch: 
Memory allocated:  315.8447265625
Memory cached:  590.0
	 epoch  10 training error:  tensor(0.1451, device='cuda:0', grad_fn=<DivBackward0>)
Memory status after this epoch: 
Memory allocated:  315.8447265625
Memory cached:  600.0
	 epoch  20 training error:  tensor(0.1272, device='cuda:0', grad_fn=<DivBackward0>)
Memory status after this epoch: 
Memory allocated:  315.8447265625
Memory cached:  602.0
	 epoch  30 training error:  tensor(0.1182, device='cuda:0', grad_fn=<DivBackward0>)
Memory status after this epoch: 
Memory allocated:  315.8447265625
Memory cached:  606.0
	 epoch  40 training error:  tensor(0.1160, device='cuda:0', grad_fn=<DivBackward0>)
Memory status after this epoch: 
Memory allocated:  315.8447265625
Memory cached:  602.0
	 epoch  50 training error:  tensor(0.1116, device='cuda:0', grad_fn=<DivBackward0>)
Memory status after this epoch: 
Memory allocated:  315.8447265625
Memory cached:  598.0
	 epoch  60 training error:  tensor(0.1093, device='cuda:0', grad_fn=<DivBackward0>)
Memory status after this epoch: 
Memory allocated:  315.8447265625
Memory cached:  600.0
	 epoch  70 training error:  tensor(0.1057, device='cuda:0', grad_fn=<DivBackward0>)
Memory status after this epoch: 
Memory allocated:  315.8447265625
Memory cached:  598.0
	 epoch  80 training error:  tensor(0.0939, device='cuda:0', grad_fn=<DivBackward0>)
Memory status after this epoch: 
Memory allocated:  315.8447265625
Memory cached:  602.0
	 epoch  90 training error:  tensor(0.0825, device='cuda:0', grad_fn=<DivBackward0>)
Memory status after this epoch: 
Memory allocated:  315.8447265625
Memory cached:  604.0
[I 2023-12-03 00:36:39,528] Trial 21 finished with value: 0.04555198550224304 and parameters: {'W_layers': 5, 'W_layer_units_exponent_0': 10, 'W_layer_units_exponent_1': 7, 'W_layer_units_exponent_2': 6, 'W_layer_units_exponent_3': 9, 'W_layer_units_exponent_4': 4, 'D_layers': 5, 'D_layer_units_exponent_0': 6, 'D_layer_units_exponent_1': 8, 'D_layer_units_exponent_2': 6, 'D_layer_units_exponent_3': 4, 'D_layer_units_exponent_4': 5, 'D_dagger_layers': 2, 'D_dagger_layer_units_exponent_0': 10, 'D_dagger_layer_units_exponent_1': 10, 'log_learning_rate': -4.118471085433809, 'log_learning_rate_D': -2.396876585215022, 'log_learning_rate_D_dagger': -4.319533513033006, 'training_batch_size': 10, 'training_p': 3}. Best is trial 15 with value: 0.027088839560747147.
Time for this trial:  177.66516494750977
Memory status after this trial: 
Memory allocated:  523.9248046875
Memory cached:  604.0
--------------------  Trial  22   --------------------
Start timing: 
Parameters: 
{'W_layers': 5, 'W_layer_units_exponent_0': 10, 'W_layer_units_exponent_1': 6, 'W_layer_units_exponent_2': 5, 'W_layer_units_exponent_3': 7, 'W_layer_units_exponent_4': 9, 'D_layers': 7, 'D_layer_units_exponent_0': 6, 'D_layer_units_exponent_1': 8, 'D_layer_units_exponent_2': 6, 'D_layer_units_exponent_3': 5, 'D_layer_units_exponent_4': 5, 'D_layer_units_exponent_5': 9, 'D_layer_units_exponent_6': 7, 'D_dagger_layers': 3, 'D_dagger_layer_units_exponent_0': 9, 'D_dagger_layer_units_exponent_1': 9, 'D_dagger_layer_units_exponent_2': 10, 'log_learning_rate': -4.468526336952027, 'log_learning_rate_D': -3.0061790685063996, 'log_learning_rate_D_dagger': -4.5678234416482955, 'training_batch_size': 11, 'training_p': 3}
	 epoch  0 training error:  tensor(0.9928, device='cuda:0', grad_fn=<DivBackward0>)
Memory status after this epoch: 
Memory allocated:  312.4619140625
Memory cached:  592.0
	 epoch  10 training error:  tensor(0.7085, device='cuda:0', grad_fn=<DivBackward0>)
Memory status after this epoch: 
Memory allocated:  312.4619140625
Memory cached:  608.0
	 epoch  20 training error:  tensor(0.3843, device='cuda:0', grad_fn=<DivBackward0>)
Memory status after this epoch: 
Memory allocated:  312.4619140625
Memory cached:  604.0
	 epoch  30 training error:  tensor(0.1288, device='cuda:0', grad_fn=<DivBackward0>)
Memory status after this epoch: 
Memory allocated:  312.4619140625
Memory cached:  608.0
	 epoch  40 training error:  tensor(0.1335, device='cuda:0', grad_fn=<DivBackward0>)
Memory status after this epoch: 
Memory allocated:  312.4619140625
Memory cached:  606.0
	 epoch  50 training error:  tensor(0.1137, device='cuda:0', grad_fn=<DivBackward0>)
Memory status after this epoch: 
Memory allocated:  312.4619140625
Memory cached:  604.0
	 epoch  60 training error:  tensor(0.1144, device='cuda:0', grad_fn=<DivBackward0>)
Memory status after this epoch: 
Memory allocated:  312.4619140625
Memory cached:  606.0
	 epoch  70 training error:  tensor(0.1124, device='cuda:0', grad_fn=<DivBackward0>)
Memory status after this epoch: 
Memory allocated:  312.4619140625
Memory cached:  606.0
	 epoch  80 training error:  tensor(0.1107, device='cuda:0', grad_fn=<DivBackward0>)
Memory status after this epoch: 
Memory allocated:  312.4619140625
Memory cached:  600.0
	 epoch  90 training error:  tensor(0.1091, device='cuda:0', grad_fn=<DivBackward0>)
Memory status after this epoch: 
Memory allocated:  312.4619140625
Memory cached:  600.0
[I 2023-12-03 00:40:04,268] Trial 22 finished with value: 0.0913286879658699 and parameters: {'W_layers': 5, 'W_layer_units_exponent_0': 10, 'W_layer_units_exponent_1': 6, 'W_layer_units_exponent_2': 5, 'W_layer_units_exponent_3': 7, 'W_layer_units_exponent_4': 9, 'D_layers': 7, 'D_layer_units_exponent_0': 6, 'D_layer_units_exponent_1': 8, 'D_layer_units_exponent_2': 6, 'D_layer_units_exponent_3': 5, 'D_layer_units_exponent_4': 5, 'D_layer_units_exponent_5': 9, 'D_layer_units_exponent_6': 7, 'D_dagger_layers': 3, 'D_dagger_layer_units_exponent_0': 9, 'D_dagger_layer_units_exponent_1': 9, 'D_dagger_layer_units_exponent_2': 10, 'log_learning_rate': -4.468526336952027, 'log_learning_rate_D': -3.0061790685063996, 'log_learning_rate_D_dagger': -4.5678234416482955, 'training_batch_size': 11, 'training_p': 3}. Best is trial 15 with value: 0.027088839560747147.
Time for this trial:  204.4661407470703
Memory status after this trial: 
Memory allocated:  552.94677734375
Memory cached:  594.0
--------------------  Trial  23   --------------------
Start timing: 
Parameters: 
{'W_layers': 7, 'W_layer_units_exponent_0': 9, 'W_layer_units_exponent_1': 7, 'W_layer_units_exponent_2': 5, 'W_layer_units_exponent_3': 9, 'W_layer_units_exponent_4': 4, 'W_layer_units_exponent_5': 10, 'W_layer_units_exponent_6': 7, 'D_layers': 5, 'D_layer_units_exponent_0': 5, 'D_layer_units_exponent_1': 9, 'D_layer_units_exponent_2': 8, 'D_layer_units_exponent_3': 4, 'D_layer_units_exponent_4': 6, 'D_dagger_layers': 2, 'D_dagger_layer_units_exponent_0': 9, 'D_dagger_layer_units_exponent_1': 10, 'log_learning_rate': -4.0493051109987475, 'log_learning_rate_D': -2.321687055621502, 'log_learning_rate_D_dagger': -3.946680299260706, 'training_batch_size': 11, 'training_p': 2}
	 epoch  0 training error:  tensor(1.0046, device='cuda:0', grad_fn=<DivBackward0>)
Memory status after this epoch: 
Memory allocated:  310.5712890625
Memory cached:  594.0
	 epoch  10 training error:  tensor(0.2420, device='cuda:0', grad_fn=<DivBackward0>)
Memory status after this epoch: 
Memory allocated:  310.5712890625
Memory cached:  604.0
	 epoch  20 training error:  tensor(0.1129, device='cuda:0', grad_fn=<DivBackward0>)
Memory status after this epoch: 
Memory allocated:  310.5712890625
Memory cached:  606.0
	 epoch  30 training error:  tensor(0.0946, device='cuda:0', grad_fn=<DivBackward0>)
Memory status after this epoch: 
Memory allocated:  310.5712890625
Memory cached:  606.0
	 epoch  40 training error:  tensor(0.0899, device='cuda:0', grad_fn=<DivBackward0>)
Memory status after this epoch: 
Memory allocated:  310.5712890625
Memory cached:  608.0
	 epoch  50 training error:  tensor(0.0890, device='cuda:0', grad_fn=<DivBackward0>)
Memory status after this epoch: 
Memory allocated:  310.5712890625
Memory cached:  606.0
	 epoch  60 training error:  tensor(0.0876, device='cuda:0', grad_fn=<DivBackward0>)
Memory status after this epoch: 
Memory allocated:  310.5712890625
Memory cached:  606.0
	 epoch  70 training error:  tensor(0.0830, device='cuda:0', grad_fn=<DivBackward0>)
Memory status after this epoch: 
Memory allocated:  310.5712890625
Memory cached:  608.0
	 epoch  80 training error:  tensor(0.0738, device='cuda:0', grad_fn=<DivBackward0>)
Memory status after this epoch: 
Memory allocated:  310.5712890625
Memory cached:  604.0
	 epoch  90 training error:  tensor(0.0970, device='cuda:0', grad_fn=<DivBackward0>)
Memory status after this epoch: 
Memory allocated:  310.5712890625
Memory cached:  604.0
[I 2023-12-03 00:43:20,984] Trial 23 finished with value: 0.06646230071783066 and parameters: {'W_layers': 7, 'W_layer_units_exponent_0': 9, 'W_layer_units_exponent_1': 7, 'W_layer_units_exponent_2': 5, 'W_layer_units_exponent_3': 9, 'W_layer_units_exponent_4': 4, 'W_layer_units_exponent_5': 10, 'W_layer_units_exponent_6': 7, 'D_layers': 5, 'D_layer_units_exponent_0': 5, 'D_layer_units_exponent_1': 9, 'D_layer_units_exponent_2': 8, 'D_layer_units_exponent_3': 4, 'D_layer_units_exponent_4': 6, 'D_dagger_layers': 2, 'D_dagger_layer_units_exponent_0': 9, 'D_dagger_layer_units_exponent_1': 10, 'log_learning_rate': -4.0493051109987475, 'log_learning_rate_D': -2.321687055621502, 'log_learning_rate_D_dagger': -3.946680299260706, 'training_batch_size': 11, 'training_p': 2}. Best is trial 15 with value: 0.027088839560747147.
Time for this trial:  196.44429779052734
Memory status after this trial: 
Memory allocated:  549.02978515625
Memory cached:  598.0
--------------------  Trial  24   --------------------
Start timing: 
Parameters: 
{'W_layers': 5, 'W_layer_units_exponent_0': 9, 'W_layer_units_exponent_1': 7, 'W_layer_units_exponent_2': 5, 'W_layer_units_exponent_3': 9, 'W_layer_units_exponent_4': 6, 'D_layers': 6, 'D_layer_units_exponent_0': 6, 'D_layer_units_exponent_1': 7, 'D_layer_units_exponent_2': 6, 'D_layer_units_exponent_3': 6, 'D_layer_units_exponent_4': 5, 'D_layer_units_exponent_5': 8, 'D_dagger_layers': 3, 'D_dagger_layer_units_exponent_0': 10, 'D_dagger_layer_units_exponent_1': 9, 'D_dagger_layer_units_exponent_2': 9, 'log_learning_rate': -4.5333452113134625, 'log_learning_rate_D': -2.8197876122523597, 'log_learning_rate_D_dagger': -4.5447106285283, 'training_batch_size': 10, 'training_p': 3}
	 epoch  0 training error:  tensor(1.0700, device='cuda:0', grad_fn=<DivBackward0>)
Memory status after this epoch: 
Memory allocated:  310.8330078125
Memory cached:  590.0
	 epoch  10 training error:  tensor(0.7060, device='cuda:0', grad_fn=<DivBackward0>)
Memory status after this epoch: 
Memory allocated:  310.8330078125
Memory cached:  588.0
	 epoch  20 training error:  tensor(0.3128, device='cuda:0', grad_fn=<DivBackward0>)
Memory status after this epoch: 
Memory allocated:  310.8330078125
Memory cached:  596.0
	 epoch  30 training error:  tensor(0.1775, device='cuda:0', grad_fn=<DivBackward0>)
Memory status after this epoch: 
Memory allocated:  310.8330078125
Memory cached:  596.0
	 epoch  40 training error:  tensor(0.1202, device='cuda:0', grad_fn=<DivBackward0>)
Memory status after this epoch: 
Memory allocated:  310.8330078125
Memory cached:  594.0
	 epoch  50 training error:  tensor(0.1160, device='cuda:0', grad_fn=<DivBackward0>)
Memory status after this epoch: 
Memory allocated:  310.8330078125
Memory cached:  594.0
	 epoch  60 training error:  tensor(0.1156, device='cuda:0', grad_fn=<DivBackward0>)
Memory status after this epoch: 
Memory allocated:  310.8330078125
Memory cached:  592.0
	 epoch  70 training error:  tensor(0.1153, device='cuda:0', grad_fn=<DivBackward0>)
Memory status after this epoch: 
Memory allocated:  310.8330078125
Memory cached:  594.0
	 epoch  80 training error:  tensor(0.1145, device='cuda:0', grad_fn=<DivBackward0>)
Memory status after this epoch: 
Memory allocated:  310.8330078125
Memory cached:  592.0
	 epoch  90 training error:  tensor(0.1121, device='cuda:0', grad_fn=<DivBackward0>)
Memory status after this epoch: 
Memory allocated:  310.8330078125
Memory cached:  596.0
[I 2023-12-03 00:46:31,268] Trial 24 finished with value: 0.09458914399147034 and parameters: {'W_layers': 5, 'W_layer_units_exponent_0': 9, 'W_layer_units_exponent_1': 7, 'W_layer_units_exponent_2': 5, 'W_layer_units_exponent_3': 9, 'W_layer_units_exponent_4': 6, 'D_layers': 6, 'D_layer_units_exponent_0': 6, 'D_layer_units_exponent_1': 7, 'D_layer_units_exponent_2': 6, 'D_layer_units_exponent_3': 6, 'D_layer_units_exponent_4': 5, 'D_layer_units_exponent_5': 8, 'D_dagger_layers': 3, 'D_dagger_layer_units_exponent_0': 10, 'D_dagger_layer_units_exponent_1': 9, 'D_dagger_layer_units_exponent_2': 9, 'log_learning_rate': -4.5333452113134625, 'log_learning_rate_D': -2.8197876122523597, 'log_learning_rate_D_dagger': -4.5447106285283, 'training_batch_size': 10, 'training_p': 3}. Best is trial 15 with value: 0.027088839560747147.
Time for this trial:  190.01546621322632
Memory status after this trial: 
Memory allocated:  505.767578125
Memory cached:  592.0
--------------------  Trial  25   --------------------
Start timing: 
Parameters: 
{'W_layers': 4, 'W_layer_units_exponent_0': 10, 'W_layer_units_exponent_1': 8, 'W_layer_units_exponent_2': 6, 'W_layer_units_exponent_3': 6, 'D_layers': 7, 'D_layer_units_exponent_0': 7, 'D_layer_units_exponent_1': 5, 'D_layer_units_exponent_2': 5, 'D_layer_units_exponent_3': 8, 'D_layer_units_exponent_4': 4, 'D_layer_units_exponent_5': 4, 'D_layer_units_exponent_6': 6, 'D_dagger_layers': 4, 'D_dagger_layer_units_exponent_0': 7, 'D_dagger_layer_units_exponent_1': 10, 'D_dagger_layer_units_exponent_2': 8, 'D_dagger_layer_units_exponent_3': 6, 'log_learning_rate': -3.2520667656123154, 'log_learning_rate_D': -1.8500274836896802, 'log_learning_rate_D_dagger': -3.935115938369905, 'training_batch_size': 9, 'training_p': 5}
	 epoch  0 training error:  tensor(0.9747, device='cuda:0', grad_fn=<DivBackward0>)
Memory status after this epoch: 
Memory allocated:  307.3681640625
Memory cached:  568.0
	 epoch  10 training error:  tensor(0.2402, device='cuda:0', grad_fn=<DivBackward0>)
Memory status after this epoch: 
Memory allocated:  307.3681640625
Memory cached:  584.0
	 epoch  20 training error:  tensor(0.1453, device='cuda:0', grad_fn=<DivBackward0>)
Memory status after this epoch: 
Memory allocated:  307.3681640625
Memory cached:  586.0
	 epoch  30 training error:  tensor(0.1363, device='cuda:0', grad_fn=<DivBackward0>)
Memory status after this epoch: 
Memory allocated:  307.3681640625
Memory cached:  586.0
	 epoch  40 training error:  tensor(0.1341, device='cuda:0', grad_fn=<DivBackward0>)
Memory status after this epoch: 
Memory allocated:  307.3681640625
Memory cached:  586.0
	 epoch  50 training error:  tensor(0.1330, device='cuda:0', grad_fn=<DivBackward0>)
Memory status after this epoch: 
Memory allocated:  307.3681640625
Memory cached:  588.0
	 epoch  60 training error:  tensor(0.1340, device='cuda:0', grad_fn=<DivBackward0>)
Memory status after this epoch: 
Memory allocated:  307.3681640625
Memory cached:  590.0
	 epoch  70 training error:  tensor(0.1335, device='cuda:0', grad_fn=<DivBackward0>)
Memory status after this epoch: 
Memory allocated:  307.3681640625
Memory cached:  582.0
	 epoch  80 training error:  tensor(0.1331, device='cuda:0', grad_fn=<DivBackward0>)
Memory status after this epoch: 
Memory allocated:  307.3681640625
Memory cached:  584.0
	 epoch  90 training error:  tensor(0.1323, device='cuda:0', grad_fn=<DivBackward0>)
Memory status after this epoch: 
Memory allocated:  307.3681640625
Memory cached:  584.0
[I 2023-12-03 00:49:44,205] Trial 25 finished with value: 0.10533839464187622 and parameters: {'W_layers': 4, 'W_layer_units_exponent_0': 10, 'W_layer_units_exponent_1': 8, 'W_layer_units_exponent_2': 6, 'W_layer_units_exponent_3': 6, 'D_layers': 7, 'D_layer_units_exponent_0': 7, 'D_layer_units_exponent_1': 5, 'D_layer_units_exponent_2': 5, 'D_layer_units_exponent_3': 8, 'D_layer_units_exponent_4': 4, 'D_layer_units_exponent_5': 4, 'D_layer_units_exponent_6': 6, 'D_dagger_layers': 4, 'D_dagger_layer_units_exponent_0': 7, 'D_dagger_layer_units_exponent_1': 10, 'D_dagger_layer_units_exponent_2': 8, 'D_dagger_layer_units_exponent_3': 6, 'log_learning_rate': -3.2520667656123154, 'log_learning_rate_D': -1.8500274836896802, 'log_learning_rate_D_dagger': -3.935115938369905, 'training_batch_size': 9, 'training_p': 5}. Best is trial 15 with value: 0.027088839560747147.
Time for this trial:  192.66191625595093
Memory status after this trial: 
Memory allocated:  483.64111328125
Memory cached:  576.0
--------------------  Trial  26   --------------------
Start timing: 
Parameters: 
{'W_layers': 6, 'W_layer_units_exponent_0': 9, 'W_layer_units_exponent_1': 6, 'W_layer_units_exponent_2': 7, 'W_layer_units_exponent_3': 9, 'W_layer_units_exponent_4': 9, 'W_layer_units_exponent_5': 6, 'D_layers': 5, 'D_layer_units_exponent_0': 8, 'D_layer_units_exponent_1': 8, 'D_layer_units_exponent_2': 8, 'D_layer_units_exponent_3': 5, 'D_layer_units_exponent_4': 7, 'D_dagger_layers': 2, 'D_dagger_layer_units_exponent_0': 8, 'D_dagger_layer_units_exponent_1': 9, 'log_learning_rate': -4.026316707976842, 'log_learning_rate_D': -2.42551806966587, 'log_learning_rate_D_dagger': -4.02620301497208, 'training_batch_size': 12, 'training_p': 2}
	 epoch  0 training error:  tensor(0.9855, device='cuda:0', grad_fn=<DivBackward0>)
Memory status after this epoch: 
Memory allocated:  306.8310546875
Memory cached:  568.0
	 epoch  10 training error:  tensor(0.3803, device='cuda:0', grad_fn=<DivBackward0>)
Memory status after this epoch: 
Memory allocated:  306.8310546875
Memory cached:  570.0
	 epoch  20 training error:  tensor(0.1802, device='cuda:0', grad_fn=<DivBackward0>)
Memory status after this epoch: 
Memory allocated:  306.8310546875
Memory cached:  570.0
	 epoch  30 training error:  tensor(0.0999, device='cuda:0', grad_fn=<DivBackward0>)
Memory status after this epoch: 
Memory allocated:  306.8310546875
Memory cached:  570.0
	 epoch  40 training error:  tensor(0.0988, device='cuda:0', grad_fn=<DivBackward0>)
Memory status after this epoch: 
Memory allocated:  306.8310546875
Memory cached:  570.0
	 epoch  50 training error:  tensor(0.0944, device='cuda:0', grad_fn=<DivBackward0>)
Memory status after this epoch: 
Memory allocated:  306.8310546875
Memory cached:  570.0
	 epoch  60 training error:  tensor(0.0918, device='cuda:0', grad_fn=<DivBackward0>)
Memory status after this epoch: 
Memory allocated:  306.8310546875
Memory cached:  570.0
	 epoch  70 training error:  tensor(0.0906, device='cuda:0', grad_fn=<DivBackward0>)
Memory status after this epoch: 
Memory allocated:  306.8310546875
Memory cached:  570.0
	 epoch  80 training error:  tensor(0.0890, device='cuda:0', grad_fn=<DivBackward0>)
Memory status after this epoch: 
Memory allocated:  306.8310546875
Memory cached:  570.0
	 epoch  90 training error:  tensor(0.0791, device='cuda:0', grad_fn=<DivBackward0>)
Memory status after this epoch: 
Memory allocated:  306.8310546875
Memory cached:  570.0
