[I 2024-02-18 05:46:26,317] Trial 17 finished with value: 0.31100448966026306 and parameters: {'W_layers': 6, 'W_layer_units_exponent_0': 5, 'W_layer_units_exponent_1': 6, 'W_layer_units_exponent_2': 8, 'W_layer_units_exponent_3': 5, 'W_layer_units_exponent_4': 9, 'W_layer_units_exponent_5': 6, 'D_layers': 4, 'D_layer_units_exponent_0': 4, 'D_layer_units_exponent_1': 8, 'D_layer_units_exponent_2': 6, 'D_layer_units_exponent_3': 10, 'D_dagger_layers': 7, 'D_dagger_layer_units_exponent_0': 8, 'D_dagger_layer_units_exponent_1': 5, 'D_dagger_layer_units_exponent_2': 8, 'D_dagger_layer_units_exponent_3': 5, 'D_dagger_layer_units_exponent_4': 8, 'D_dagger_layer_units_exponent_5': 6, 'D_dagger_layer_units_exponent_6': 7, 'log_learning_rate': -1.9668861342432096, 'log_learning_rate_D': -2.5407700144695493, 'log_learning_rate_D_dagger': -2.8466742820873296, 'training_batch_size': 10, 'training_p': 3}. Best is trial 16 with value: 0.3040944039821625.
Time for this trial:  23.835060834884644
Memory status after this trial: 
Memory allocated:  859.75537109375
Memory cached:  896.0
--------------------  Trial  18   --------------------
Start timing: 
Parameters: 
{'W_layers': 7, 'W_layer_units_exponent_0': 7, 'W_layer_units_exponent_1': 5, 'W_layer_units_exponent_2': 8, 'W_layer_units_exponent_3': 5, 'W_layer_units_exponent_4': 8, 'W_layer_units_exponent_5': 6, 'W_layer_units_exponent_6': 6, 'D_layers': 4, 'D_layer_units_exponent_0': 5, 'D_layer_units_exponent_1': 8, 'D_layer_units_exponent_2': 5, 'D_layer_units_exponent_3': 7, 'D_dagger_layers': 5, 'D_dagger_layer_units_exponent_0': 8, 'D_dagger_layer_units_exponent_1': 8, 'D_dagger_layer_units_exponent_2': 10, 'D_dagger_layer_units_exponent_3': 5, 'D_dagger_layer_units_exponent_4': 5, 'log_learning_rate': -1.0744933100487812, 'log_learning_rate_D': -2.4046623509669134, 'log_learning_rate_D_dagger': -3.4916463001306517, 'training_batch_size': 12, 'training_p': 5}
	 epoch  0 training error:  tensor(0.9959, device='cuda:0', grad_fn=<DivBackward0>)
Memory status after this epoch: 
Memory allocated:  438.30322265625
Memory cached:  526.0
	 epoch  10 training error:  tensor(2341.4226, device='cuda:0', grad_fn=<DivBackward0>)
Memory status after this epoch: 
Memory allocated:  438.30322265625
Memory cached:  526.0
	 epoch  20 training error:  tensor(176.6330, device='cuda:0', grad_fn=<DivBackward0>)
Memory status after this epoch: 
Memory allocated:  438.30322265625
Memory cached:  526.0
	 epoch  30 training error:  tensor(3.1243, device='cuda:0', grad_fn=<DivBackward0>)
Memory status after this epoch: 
Memory allocated:  438.30322265625
Memory cached:  526.0
	 epoch  40 training error:  tensor(0.5511, device='cuda:0', grad_fn=<DivBackward0>)
Memory status after this epoch: 
Memory allocated:  438.30322265625
Memory cached:  526.0
	 epoch  50 training error:  tensor(0.4734, device='cuda:0', grad_fn=<DivBackward0>)
Memory status after this epoch: 
Memory allocated:  438.30322265625
Memory cached:  526.0
	 epoch  60 training error:  tensor(0.4872, device='cuda:0', grad_fn=<DivBackward0>)
Memory status after this epoch: 
Memory allocated:  438.30322265625
Memory cached:  526.0
	 epoch  70 training error:  tensor(0.4805, device='cuda:0', grad_fn=<DivBackward0>)
Memory status after this epoch: 
Memory allocated:  438.30322265625
Memory cached:  526.0
	 epoch  80 training error:  tensor(0.4724, device='cuda:0', grad_fn=<DivBackward0>)
Memory status after this epoch: 
Memory allocated:  438.30322265625
Memory cached:  526.0
	 epoch  90 training error:  tensor(0.4703, device='cuda:0', grad_fn=<DivBackward0>)
Memory status after this epoch: 
Memory allocated:  438.30322265625
Memory cached:  526.0
[I 2024-02-18 05:46:50,419] Trial 18 finished with value: 0.3632524907588959 and parameters: {'W_layers': 7, 'W_layer_units_exponent_0': 7, 'W_layer_units_exponent_1': 5, 'W_layer_units_exponent_2': 8, 'W_layer_units_exponent_3': 5, 'W_layer_units_exponent_4': 8, 'W_layer_units_exponent_5': 6, 'W_layer_units_exponent_6': 6, 'D_layers': 4, 'D_layer_units_exponent_0': 5, 'D_layer_units_exponent_1': 8, 'D_layer_units_exponent_2': 5, 'D_layer_units_exponent_3': 7, 'D_dagger_layers': 5, 'D_dagger_layer_units_exponent_0': 8, 'D_dagger_layer_units_exponent_1': 8, 'D_dagger_layer_units_exponent_2': 10, 'D_dagger_layer_units_exponent_3': 5, 'D_dagger_layer_units_exponent_4': 5, 'log_learning_rate': -1.0744933100487812, 'log_learning_rate_D': -2.4046623509669134, 'log_learning_rate_D_dagger': -3.4916463001306517, 'training_batch_size': 12, 'training_p': 5}. Best is trial 16 with value: 0.3040944039821625.
Time for this trial:  23.692389965057373
Memory status after this trial: 
Memory allocated:  964.35205078125
Memory cached:  992.0
--------------------  Trial  19   --------------------
Start timing: 
Parameters: 
{'W_layers': 8, 'W_layer_units_exponent_0': 6, 'W_layer_units_exponent_1': 4, 'W_layer_units_exponent_2': 6, 'W_layer_units_exponent_3': 10, 'W_layer_units_exponent_4': 8, 'W_layer_units_exponent_5': 4, 'W_layer_units_exponent_6': 5, 'W_layer_units_exponent_7': 4, 'D_layers': 4, 'D_layer_units_exponent_0': 9, 'D_layer_units_exponent_1': 9, 'D_layer_units_exponent_2': 5, 'D_layer_units_exponent_3': 9, 'D_dagger_layers': 5, 'D_dagger_layer_units_exponent_0': 8, 'D_dagger_layer_units_exponent_1': 5, 'D_dagger_layer_units_exponent_2': 7, 'D_dagger_layer_units_exponent_3': 8, 'D_dagger_layer_units_exponent_4': 8, 'log_learning_rate': -2.6958158239419894, 'log_learning_rate_D': -2.7298770740214047, 'log_learning_rate_D_dagger': -4.011639607456232, 'training_batch_size': 8, 'training_p': 2}
	 epoch  0 training error:  tensor(0.9165, device='cuda:0', grad_fn=<DivBackward0>)
Memory status after this epoch: 
Memory allocated:  439.79296875
Memory cached:  526.0
	 epoch  10 training error:  tensor(0.3800, device='cuda:0', grad_fn=<DivBackward0>)
Memory status after this epoch: 
Memory allocated:  439.79296875
Memory cached:  526.0
	 epoch  20 training error:  tensor(0.3006, device='cuda:0', grad_fn=<DivBackward0>)
Memory status after this epoch: 
Memory allocated:  439.79296875
Memory cached:  526.0
	 epoch  30 training error:  tensor(0.2884, device='cuda:0', grad_fn=<DivBackward0>)
Memory status after this epoch: 
Memory allocated:  439.79296875
Memory cached:  526.0
	 epoch  40 training error:  tensor(0.2874, device='cuda:0', grad_fn=<DivBackward0>)
Memory status after this epoch: 
Memory allocated:  439.79296875
Memory cached:  526.0
	 epoch  50 training error:  tensor(0.2869, device='cuda:0', grad_fn=<DivBackward0>)
Memory status after this epoch: 
Memory allocated:  439.79296875
Memory cached:  526.0
	 epoch  60 training error:  tensor(0.2874, device='cuda:0', grad_fn=<DivBackward0>)
Memory status after this epoch: 
Memory allocated:  439.79296875
Memory cached:  526.0
	 epoch  70 training error:  tensor(0.2886, device='cuda:0', grad_fn=<DivBackward0>)
Memory status after this epoch: 
Memory allocated:  439.79296875
Memory cached:  526.0
	 epoch  80 training error:  tensor(0.2873, device='cuda:0', grad_fn=<DivBackward0>)
Memory status after this epoch: 
Memory allocated:  439.79296875
Memory cached:  526.0
	 epoch  90 training error:  tensor(0.2863, device='cuda:0', grad_fn=<DivBackward0>)
Memory status after this epoch: 
Memory allocated:  439.79296875
Memory cached:  526.0
[I 2024-02-18 05:47:20,247] Trial 19 finished with value: 0.3036678433418274 and parameters: {'W_layers': 8, 'W_layer_units_exponent_0': 6, 'W_layer_units_exponent_1': 4, 'W_layer_units_exponent_2': 6, 'W_layer_units_exponent_3': 10, 'W_layer_units_exponent_4': 8, 'W_layer_units_exponent_5': 4, 'W_layer_units_exponent_6': 5, 'W_layer_units_exponent_7': 4, 'D_layers': 4, 'D_layer_units_exponent_0': 9, 'D_layer_units_exponent_1': 9, 'D_layer_units_exponent_2': 5, 'D_layer_units_exponent_3': 9, 'D_dagger_layers': 5, 'D_dagger_layer_units_exponent_0': 8, 'D_dagger_layer_units_exponent_1': 5, 'D_dagger_layer_units_exponent_2': 7, 'D_dagger_layer_units_exponent_3': 8, 'D_dagger_layer_units_exponent_4': 8, 'log_learning_rate': -2.6958158239419894, 'log_learning_rate_D': -2.7298770740214047, 'log_learning_rate_D_dagger': -4.011639607456232, 'training_batch_size': 8, 'training_p': 2}. Best is trial 19 with value: 0.3036678433418274.
res:  tensor(0.3037, device='cuda:0', grad_fn=<DivBackward0>)
self.bestValue:  tensor(0.3041, device='cuda:0', grad_fn=<DivBackward0>)
Save this model!
Time for this trial:  29.422186851501465
Memory status after this trial: 
Memory allocated:  524.634765625
Memory cached:  720.0
--------------------  Trial  20   --------------------
Start timing: 
Parameters: 
{'W_layers': 7, 'W_layer_units_exponent_0': 6, 'W_layer_units_exponent_1': 7, 'W_layer_units_exponent_2': 6, 'W_layer_units_exponent_3': 10, 'W_layer_units_exponent_4': 4, 'W_layer_units_exponent_5': 4, 'W_layer_units_exponent_6': 4, 'D_layers': 3, 'D_layer_units_exponent_0': 7, 'D_layer_units_exponent_1': 9, 'D_layer_units_exponent_2': 5, 'D_dagger_layers': 5, 'D_dagger_layer_units_exponent_0': 8, 'D_dagger_layer_units_exponent_1': 5, 'D_dagger_layer_units_exponent_2': 9, 'D_dagger_layer_units_exponent_3': 8, 'D_dagger_layer_units_exponent_4': 8, 'log_learning_rate': -2.7901174483151827, 'log_learning_rate_D': -2.685468128387773, 'log_learning_rate_D_dagger': -4.074529942909032, 'training_batch_size': 8, 'training_p': 4}
	 epoch  0 training error:  tensor(0.9469, device='cuda:0', grad_fn=<DivBackward0>)
Memory status after this epoch: 
Memory allocated:  529.919921875
Memory cached:  716.0
	 epoch  10 training error:  tensor(0.4469, device='cuda:0', grad_fn=<DivBackward0>)
Memory status after this epoch: 
Memory allocated:  529.919921875
Memory cached:  718.0
	 epoch  20 training error:  tensor(0.4352, device='cuda:0', grad_fn=<DivBackward0>)
Memory status after this epoch: 
Memory allocated:  529.919921875
Memory cached:  716.0
	 epoch  30 training error:  tensor(0.4383, device='cuda:0', grad_fn=<DivBackward0>)
Memory status after this epoch: 
Memory allocated:  529.919921875
Memory cached:  718.0
	 epoch  40 training error:  tensor(0.4351, device='cuda:0', grad_fn=<DivBackward0>)
Memory status after this epoch: 
Memory allocated:  529.919921875
Memory cached:  718.0
	 epoch  50 training error:  tensor(0.4278, device='cuda:0', grad_fn=<DivBackward0>)
Memory status after this epoch: 
Memory allocated:  529.919921875
Memory cached:  716.0
	 epoch  60 training error:  tensor(0.4278, device='cuda:0', grad_fn=<DivBackward0>)
Memory status after this epoch: 
Memory allocated:  529.919921875
Memory cached:  716.0
	 epoch  70 training error:  tensor(0.4273, device='cuda:0', grad_fn=<DivBackward0>)
Memory status after this epoch: 
Memory allocated:  529.919921875
Memory cached:  716.0
	 epoch  80 training error:  tensor(0.4308, device='cuda:0', grad_fn=<DivBackward0>)
Memory status after this epoch: 
Memory allocated:  529.919921875
Memory cached:  718.0
	 epoch  90 training error:  tensor(0.4279, device='cuda:0', grad_fn=<DivBackward0>)
Memory status after this epoch: 
Memory allocated:  529.919921875
Memory cached:  716.0
[I 2024-02-18 05:47:49,639] Trial 20 finished with value: 0.33383214473724365 and parameters: {'W_layers': 7, 'W_layer_units_exponent_0': 6, 'W_layer_units_exponent_1': 7, 'W_layer_units_exponent_2': 6, 'W_layer_units_exponent_3': 10, 'W_layer_units_exponent_4': 4, 'W_layer_units_exponent_5': 4, 'W_layer_units_exponent_6': 4, 'D_layers': 3, 'D_layer_units_exponent_0': 7, 'D_layer_units_exponent_1': 9, 'D_layer_units_exponent_2': 5, 'D_dagger_layers': 5, 'D_dagger_layer_units_exponent_0': 8, 'D_dagger_layer_units_exponent_1': 5, 'D_dagger_layer_units_exponent_2': 9, 'D_dagger_layer_units_exponent_3': 8, 'D_dagger_layer_units_exponent_4': 8, 'log_learning_rate': -2.7901174483151827, 'log_learning_rate_D': -2.685468128387773, 'log_learning_rate_D_dagger': -4.074529942909032, 'training_batch_size': 8, 'training_p': 4}. Best is trial 19 with value: 0.3036678433418274.
Time for this trial:  29.048420906066895
Memory status after this trial: 
Memory allocated:  1093.98876953125
Memory cached:  1128.0
--------------------  Trial  21   --------------------
Start timing: 
Parameters: 
{'W_layers': 8, 'W_layer_units_exponent_0': 4, 'W_layer_units_exponent_1': 4, 'W_layer_units_exponent_2': 6, 'W_layer_units_exponent_3': 7, 'W_layer_units_exponent_4': 8, 'W_layer_units_exponent_5': 5, 'W_layer_units_exponent_6': 6, 'W_layer_units_exponent_7': 4, 'D_layers': 4, 'D_layer_units_exponent_0': 9, 'D_layer_units_exponent_1': 10, 'D_layer_units_exponent_2': 5, 'D_layer_units_exponent_3': 9, 'D_dagger_layers': 6, 'D_dagger_layer_units_exponent_0': 9, 'D_dagger_layer_units_exponent_1': 6, 'D_dagger_layer_units_exponent_2': 7, 'D_dagger_layer_units_exponent_3': 8, 'D_dagger_layer_units_exponent_4': 8, 'D_dagger_layer_units_exponent_5': 8, 'log_learning_rate': -2.4352808393257037, 'log_learning_rate_D': -2.811781149061464, 'log_learning_rate_D_dagger': -3.155573218897412, 'training_batch_size': 8, 'training_p': 2}
	 epoch  0 training error:  tensor(0.8888, device='cuda:0', grad_fn=<DivBackward0>)
Memory status after this epoch: 
Memory allocated:  530.8564453125
Memory cached:  716.0
	 epoch  10 training error:  tensor(0.3408, device='cuda:0', grad_fn=<DivBackward0>)
Memory status after this epoch: 
Memory allocated:  530.8564453125
Memory cached:  716.0
	 epoch  20 training error:  tensor(0.2912, device='cuda:0', grad_fn=<DivBackward0>)
Memory status after this epoch: 
Memory allocated:  530.8564453125
Memory cached:  716.0
	 epoch  30 training error:  tensor(0.2904, device='cuda:0', grad_fn=<DivBackward0>)
Memory status after this epoch: 
Memory allocated:  530.8564453125
Memory cached:  716.0
	 epoch  40 training error:  tensor(0.3127, device='cuda:0', grad_fn=<DivBackward0>)
Memory status after this epoch: 
Memory allocated:  530.8564453125
Memory cached:  716.0
	 epoch  50 training error:  tensor(0.3008, device='cuda:0', grad_fn=<DivBackward0>)
Memory status after this epoch: 
Memory allocated:  530.8564453125
Memory cached:  716.0
	 epoch  60 training error:  tensor(0.2867, device='cuda:0', grad_fn=<DivBackward0>)
Memory status after this epoch: 
Memory allocated:  530.8564453125
Memory cached:  716.0
	 epoch  70 training error:  tensor(0.2844, device='cuda:0', grad_fn=<DivBackward0>)
Memory status after this epoch: 
Memory allocated:  530.8564453125
Memory cached:  716.0
	 epoch  80 training error:  tensor(0.2865, device='cuda:0', grad_fn=<DivBackward0>)
Memory status after this epoch: 
Memory allocated:  530.8564453125
Memory cached:  716.0
	 epoch  90 training error:  tensor(0.2854, device='cuda:0', grad_fn=<DivBackward0>)
Memory status after this epoch: 
Memory allocated:  530.8564453125
Memory cached:  716.0
[I 2024-02-18 05:48:17,957] Trial 21 finished with value: 0.30362367630004883 and parameters: {'W_layers': 8, 'W_layer_units_exponent_0': 4, 'W_layer_units_exponent_1': 4, 'W_layer_units_exponent_2': 6, 'W_layer_units_exponent_3': 7, 'W_layer_units_exponent_4': 8, 'W_layer_units_exponent_5': 5, 'W_layer_units_exponent_6': 6, 'W_layer_units_exponent_7': 4, 'D_layers': 4, 'D_layer_units_exponent_0': 9, 'D_layer_units_exponent_1': 10, 'D_layer_units_exponent_2': 5, 'D_layer_units_exponent_3': 9, 'D_dagger_layers': 6, 'D_dagger_layer_units_exponent_0': 9, 'D_dagger_layer_units_exponent_1': 6, 'D_dagger_layer_units_exponent_2': 7, 'D_dagger_layer_units_exponent_3': 8, 'D_dagger_layer_units_exponent_4': 8, 'D_dagger_layer_units_exponent_5': 8, 'log_learning_rate': -2.4352808393257037, 'log_learning_rate_D': -2.811781149061464, 'log_learning_rate_D_dagger': -3.155573218897412, 'training_batch_size': 8, 'training_p': 2}. Best is trial 21 with value: 0.30362367630004883.
res:  tensor(0.3036, device='cuda:0', grad_fn=<DivBackward0>)
self.bestValue:  tensor(0.3037, device='cuda:0', grad_fn=<DivBackward0>)
Save this model!
Time for this trial:  27.945080041885376
Memory status after this trial: 
Memory allocated:  443.9326171875
Memory cached:  586.0
--------------------  Trial  22   --------------------
Start timing: 
Parameters: 
{'W_layers': 8, 'W_layer_units_exponent_0': 5, 'W_layer_units_exponent_1': 4, 'W_layer_units_exponent_2': 6, 'W_layer_units_exponent_3': 7, 'W_layer_units_exponent_4': 8, 'W_layer_units_exponent_5': 5, 'W_layer_units_exponent_6': 5, 'W_layer_units_exponent_7': 4, 'D_layers': 4, 'D_layer_units_exponent_0': 9, 'D_layer_units_exponent_1': 9, 'D_layer_units_exponent_2': 5, 'D_layer_units_exponent_3': 9, 'D_dagger_layers': 6, 'D_dagger_layer_units_exponent_0': 9, 'D_dagger_layer_units_exponent_1': 7, 'D_dagger_layer_units_exponent_2': 7, 'D_dagger_layer_units_exponent_3': 8, 'D_dagger_layer_units_exponent_4': 8, 'D_dagger_layer_units_exponent_5': 8, 'log_learning_rate': -2.184528687514574, 'log_learning_rate_D': -2.8045553871521185, 'log_learning_rate_D_dagger': -3.0015090596605534, 'training_batch_size': 8, 'training_p': 3}
	 epoch  0 training error:  tensor(0.9134, device='cuda:0', grad_fn=<DivBackward0>)
Memory status after this epoch: 
Memory allocated:  449.6953125
Memory cached:  588.0
	 epoch  10 training error:  tensor(0.3834, device='cuda:0', grad_fn=<DivBackward0>)
Memory status after this epoch: 
Memory allocated:  449.6953125
Memory cached:  588.0
	 epoch  20 training error:  tensor(0.3926, device='cuda:0', grad_fn=<DivBackward0>)
Memory status after this epoch: 
Memory allocated:  449.6953125
Memory cached:  588.0
	 epoch  30 training error:  tensor(0.3968, device='cuda:0', grad_fn=<DivBackward0>)
Memory status after this epoch: 
Memory allocated:  449.6953125
Memory cached:  588.0
	 epoch  40 training error:  tensor(0.3754, device='cuda:0', grad_fn=<DivBackward0>)
Memory status after this epoch: 
Memory allocated:  449.6953125
Memory cached:  588.0
	 epoch  50 training error:  tensor(0.3818, device='cuda:0', grad_fn=<DivBackward0>)
Memory status after this epoch: 
Memory allocated:  449.6953125
Memory cached:  588.0
	 epoch  60 training error:  tensor(0.3727, device='cuda:0', grad_fn=<DivBackward0>)
Memory status after this epoch: 
Memory allocated:  449.6953125
Memory cached:  588.0
	 epoch  70 training error:  tensor(0.3762, device='cuda:0', grad_fn=<DivBackward0>)
Memory status after this epoch: 
Memory allocated:  449.6953125
Memory cached:  588.0
	 epoch  80 training error:  tensor(0.3696, device='cuda:0', grad_fn=<DivBackward0>)
Memory status after this epoch: 
Memory allocated:  449.6953125
Memory cached:  588.0
	 epoch  90 training error:  tensor(0.3713, device='cuda:0', grad_fn=<DivBackward0>)
Memory status after this epoch: 
Memory allocated:  449.6953125
Memory cached:  588.0
