[I 2023-12-02 23:04:44,070] Trial 0 finished with value: 0.04481872171163559 and parameters: {'W_layers': 4, 'W_layer_units_exponent_0': 6, 'W_layer_units_exponent_1': 5, 'W_layer_units_exponent_2': 6, 'W_layer_units_exponent_3': 5, 'D_layers': 6, 'D_layer_units_exponent_0': 9, 'D_layer_units_exponent_1': 6, 'D_layer_units_exponent_2': 5, 'D_layer_units_exponent_3': 8, 'D_layer_units_exponent_4': 9, 'D_layer_units_exponent_5': 5, 'log_learning_rate': -1.54003497736818, 'log_learning_rate_D': -4.486378287490266, 'training_batch_size': 10, 'training_p': 3}. Best is trial 0 with value: 0.04481872171163559.
res:  tensor(0.0448, device='cuda:0', grad_fn=<DivBackward0>)
self.bestValue:  10000000.0
Save this model!
Time for this trial:  45.628013134002686
Memory status after this trial: 
Memory allocated:  37.95947265625
Memory cached:  40.0
--------------------  Trial  1   --------------------
Start timing: 
Parameters: 
{'W_layers': 4, 'W_layer_units_exponent_0': 4, 'W_layer_units_exponent_1': 4, 'W_layer_units_exponent_2': 6, 'W_layer_units_exponent_3': 8, 'D_layers': 4, 'D_layer_units_exponent_0': 6, 'D_layer_units_exponent_1': 10, 'D_layer_units_exponent_2': 10, 'D_layer_units_exponent_3': 6, 'log_learning_rate': -4.858875704519524, 'log_learning_rate_D': -4.36667046679581, 'training_batch_size': 8, 'training_p': 4}
	 epoch  0 training error:  tensor(1.1852, device='cuda:0', grad_fn=<DivBackward0>)
Memory status after this epoch: 
Memory allocated:  56.3203125
Memory cached:  64.0
	 epoch  10 training error:  tensor(1.0296, device='cuda:0', grad_fn=<DivBackward0>)
Memory status after this epoch: 
Memory allocated:  56.3203125
Memory cached:  66.0
	 epoch  20 training error:  tensor(0.8814, device='cuda:0', grad_fn=<DivBackward0>)
Memory status after this epoch: 
Memory allocated:  56.3203125
Memory cached:  66.0
	 epoch  30 training error:  tensor(0.7143, device='cuda:0', grad_fn=<DivBackward0>)
Memory status after this epoch: 
Memory allocated:  56.3203125
Memory cached:  66.0
	 epoch  40 training error:  tensor(0.5221, device='cuda:0', grad_fn=<DivBackward0>)
Memory status after this epoch: 
Memory allocated:  56.3203125
Memory cached:  66.0
	 epoch  50 training error:  tensor(0.3950, device='cuda:0', grad_fn=<DivBackward0>)
Memory status after this epoch: 
Memory allocated:  56.3203125
Memory cached:  66.0
	 epoch  60 training error:  tensor(0.3091, device='cuda:0', grad_fn=<DivBackward0>)
Memory status after this epoch: 
Memory allocated:  56.3203125
Memory cached:  66.0
	 epoch  70 training error:  tensor(0.2537, device='cuda:0', grad_fn=<DivBackward0>)
Memory status after this epoch: 
Memory allocated:  56.3203125
Memory cached:  66.0
	 epoch  80 training error:  tensor(0.2110, device='cuda:0', grad_fn=<DivBackward0>)
Memory status after this epoch: 
Memory allocated:  56.3203125
Memory cached:  66.0
	 epoch  90 training error:  tensor(0.1764, device='cuda:0', grad_fn=<DivBackward0>)
Memory status after this epoch: 
Memory allocated:  56.3203125
Memory cached:  66.0
[I 2023-12-02 23:05:30,224] Trial 1 finished with value: 0.10690043121576309 and parameters: {'W_layers': 4, 'W_layer_units_exponent_0': 4, 'W_layer_units_exponent_1': 4, 'W_layer_units_exponent_2': 6, 'W_layer_units_exponent_3': 8, 'D_layers': 4, 'D_layer_units_exponent_0': 6, 'D_layer_units_exponent_1': 10, 'D_layer_units_exponent_2': 10, 'D_layer_units_exponent_3': 6, 'log_learning_rate': -4.858875704519524, 'log_learning_rate_D': -4.36667046679581, 'training_batch_size': 8, 'training_p': 4}. Best is trial 0 with value: 0.04481872171163559.
Time for this trial:  46.039466857910156
Memory status after this trial: 
Memory allocated:  104.75634765625
Memory cached:  120.0
--------------------  Trial  2   --------------------
Start timing: 
Parameters: 
{'W_layers': 2, 'W_layer_units_exponent_0': 6, 'W_layer_units_exponent_1': 8, 'D_layers': 3, 'D_layer_units_exponent_0': 5, 'D_layer_units_exponent_1': 4, 'D_layer_units_exponent_2': 7, 'log_learning_rate': -1.8649794316808466, 'log_learning_rate_D': -4.860155589600653, 'training_batch_size': 7, 'training_p': 4}
	 epoch  0 training error:  tensor(1.1167, device='cuda:0', grad_fn=<DivBackward0>)
Memory status after this epoch: 
Memory allocated:  38.30859375
Memory cached:  42.0
	 epoch  10 training error:  tensor(2.4499, device='cuda:0', grad_fn=<DivBackward0>)
Memory status after this epoch: 
Memory allocated:  38.30859375
Memory cached:  46.0
	 epoch  20 training error:  tensor(0.6775, device='cuda:0', grad_fn=<DivBackward0>)
Memory status after this epoch: 
Memory allocated:  38.30859375
Memory cached:  46.0
	 epoch  30 training error:  tensor(0.4630, device='cuda:0', grad_fn=<DivBackward0>)
Memory status after this epoch: 
Memory allocated:  38.30859375
Memory cached:  46.0
	 epoch  40 training error:  tensor(0.0649, device='cuda:0', grad_fn=<DivBackward0>)
Memory status after this epoch: 
Memory allocated:  38.30859375
Memory cached:  46.0
	 epoch  50 training error:  tensor(0.0698, device='cuda:0', grad_fn=<DivBackward0>)
Memory status after this epoch: 
Memory allocated:  38.30859375
Memory cached:  46.0
	 epoch  60 training error:  tensor(0.3165, device='cuda:0', grad_fn=<DivBackward0>)
Memory status after this epoch: 
Memory allocated:  38.30859375
Memory cached:  46.0
	 epoch  70 training error:  tensor(0.1069, device='cuda:0', grad_fn=<DivBackward0>)
Memory status after this epoch: 
Memory allocated:  38.30859375
Memory cached:  46.0
	 epoch  80 training error:  tensor(0.0833, device='cuda:0', grad_fn=<DivBackward0>)
Memory status after this epoch: 
Memory allocated:  38.30859375
Memory cached:  46.0
	 epoch  90 training error:  tensor(0.0737, device='cuda:0', grad_fn=<DivBackward0>)
Memory status after this epoch: 
Memory allocated:  38.30859375
Memory cached:  46.0
[I 2023-12-02 23:06:03,654] Trial 2 finished with value: 0.06203735992312431 and parameters: {'W_layers': 2, 'W_layer_units_exponent_0': 6, 'W_layer_units_exponent_1': 8, 'D_layers': 3, 'D_layer_units_exponent_0': 5, 'D_layer_units_exponent_1': 4, 'D_layer_units_exponent_2': 7, 'log_learning_rate': -1.8649794316808466, 'log_learning_rate_D': -4.860155589600653, 'training_batch_size': 7, 'training_p': 4}. Best is trial 0 with value: 0.04481872171163559.
Time for this trial:  33.3208954334259
Memory status after this trial: 
Memory allocated:  49.62548828125
Memory cached:  50.0
--------------------  Trial  3   --------------------
Start timing: 
Parameters: 
{'W_layers': 4, 'W_layer_units_exponent_0': 4, 'W_layer_units_exponent_1': 10, 'W_layer_units_exponent_2': 4, 'W_layer_units_exponent_3': 5, 'D_layers': 6, 'D_layer_units_exponent_0': 4, 'D_layer_units_exponent_1': 9, 'D_layer_units_exponent_2': 4, 'D_layer_units_exponent_3': 9, 'D_layer_units_exponent_4': 6, 'D_layer_units_exponent_5': 7, 'log_learning_rate': -1.5344768529839734, 'log_learning_rate_D': -1.1441610559688948, 'training_batch_size': 11, 'training_p': 5}
	 epoch  0 training error:  tensor(0.7714, device='cuda:0', grad_fn=<DivBackward0>)
Memory status after this epoch: 
Memory allocated:  39.556640625
Memory cached:  46.0
[W 2023-12-02 23:06:06,082] Trial 3 failed with parameters: {'W_layers': 4, 'W_layer_units_exponent_0': 4, 'W_layer_units_exponent_1': 10, 'W_layer_units_exponent_2': 4, 'W_layer_units_exponent_3': 5, 'D_layers': 6, 'D_layer_units_exponent_0': 4, 'D_layer_units_exponent_1': 9, 'D_layer_units_exponent_2': 4, 'D_layer_units_exponent_3': 9, 'D_layer_units_exponent_4': 6, 'D_layer_units_exponent_5': 7, 'log_learning_rate': -1.5344768529839734, 'log_learning_rate_D': -1.1441610559688948, 'training_batch_size': 11, 'training_p': 5} because of the following error: The value nan is not acceptable.
[W 2023-12-02 23:06:06,087] Trial 3 failed with value tensor(nan, device='cuda:0', grad_fn=<DivBackward0>).
Time for this trial:  2.2981905937194824
Memory status after this trial: 
Memory allocated:  92.33740234375
Memory cached:  94.0
--------------------  Trial  4   --------------------
Start timing: 
Parameters: 
{'W_layers': 3, 'W_layer_units_exponent_0': 10, 'W_layer_units_exponent_1': 9, 'W_layer_units_exponent_2': 6, 'D_layers': 5, 'D_layer_units_exponent_0': 6, 'D_layer_units_exponent_1': 10, 'D_layer_units_exponent_2': 4, 'D_layer_units_exponent_3': 6, 'D_layer_units_exponent_4': 9, 'log_learning_rate': -2.2752431206043866, 'log_learning_rate_D': -3.386591826192336, 'training_batch_size': 10, 'training_p': 4}
	 epoch  0 training error:  tensor(1.5487, device='cuda:0', grad_fn=<DivBackward0>)
Memory status after this epoch: 
Memory allocated:  48.3984375
Memory cached:  66.0
	 epoch  10 training error:  tensor(1.4892, device='cuda:0', grad_fn=<DivBackward0>)
Memory status after this epoch: 
Memory allocated:  48.3984375
Memory cached:  66.0
	 epoch  20 training error:  tensor(0.3116, device='cuda:0', grad_fn=<DivBackward0>)
Memory status after this epoch: 
Memory allocated:  48.3984375
Memory cached:  66.0
	 epoch  30 training error:  tensor(0.2057, device='cuda:0', grad_fn=<DivBackward0>)
Memory status after this epoch: 
Memory allocated:  48.3984375
Memory cached:  66.0
	 epoch  40 training error:  tensor(0.2342, device='cuda:0', grad_fn=<DivBackward0>)
Memory status after this epoch: 
Memory allocated:  48.3984375
Memory cached:  66.0
	 epoch  50 training error:  tensor(0.1333, device='cuda:0', grad_fn=<DivBackward0>)
Memory status after this epoch: 
Memory allocated:  48.3984375
Memory cached:  66.0
	 epoch  60 training error:  tensor(0.1478, device='cuda:0', grad_fn=<DivBackward0>)
Memory status after this epoch: 
Memory allocated:  48.3984375
Memory cached:  66.0
	 epoch  70 training error:  tensor(0.1348, device='cuda:0', grad_fn=<DivBackward0>)
Memory status after this epoch: 
Memory allocated:  48.3984375
Memory cached:  66.0
	 epoch  80 training error:  tensor(0.1307, device='cuda:0', grad_fn=<DivBackward0>)
Memory status after this epoch: 
Memory allocated:  48.3984375
Memory cached:  66.0
	 epoch  90 training error:  tensor(0.1296, device='cuda:0', grad_fn=<DivBackward0>)
Memory status after this epoch: 
Memory allocated:  48.3984375
Memory cached:  66.0
[I 2023-12-02 23:06:55,839] Trial 4 finished with value: 0.18966372311115265 and parameters: {'W_layers': 3, 'W_layer_units_exponent_0': 10, 'W_layer_units_exponent_1': 9, 'W_layer_units_exponent_2': 6, 'D_layers': 5, 'D_layer_units_exponent_0': 6, 'D_layer_units_exponent_1': 10, 'D_layer_units_exponent_2': 4, 'D_layer_units_exponent_3': 6, 'D_layer_units_exponent_4': 9, 'log_learning_rate': -2.2752431206043866, 'log_learning_rate_D': -3.386591826192336, 'training_batch_size': 10, 'training_p': 4}. Best is trial 0 with value: 0.04481872171163559.
Time for this trial:  49.62290668487549
Memory status after this trial: 
Memory allocated:  118.046875
Memory cached:  136.0
--------------------  Trial  5   --------------------
Start timing: 
Parameters: 
{'W_layers': 7, 'W_layer_units_exponent_0': 7, 'W_layer_units_exponent_1': 5, 'W_layer_units_exponent_2': 7, 'W_layer_units_exponent_3': 10, 'W_layer_units_exponent_4': 8, 'W_layer_units_exponent_5': 7, 'W_layer_units_exponent_6': 4, 'D_layers': 5, 'D_layer_units_exponent_0': 10, 'D_layer_units_exponent_1': 9, 'D_layer_units_exponent_2': 5, 'D_layer_units_exponent_3': 10, 'D_layer_units_exponent_4': 6, 'log_learning_rate': -4.089720484580441, 'log_learning_rate_D': -4.27428524231958, 'training_batch_size': 12, 'training_p': 3}
	 epoch  0 training error:  tensor(0.7964, device='cuda:0', grad_fn=<DivBackward0>)
Memory status after this epoch: 
Memory allocated:  54.546875
Memory cached:  70.0
	 epoch  10 training error:  tensor(0.1873, device='cuda:0', grad_fn=<DivBackward0>)
Memory status after this epoch: 
Memory allocated:  54.546875
Memory cached:  72.0
	 epoch  20 training error:  tensor(0.1087, device='cuda:0', grad_fn=<DivBackward0>)
Memory status after this epoch: 
Memory allocated:  54.546875
Memory cached:  72.0
	 epoch  30 training error:  tensor(0.0715, device='cuda:0', grad_fn=<DivBackward0>)
Memory status after this epoch: 
Memory allocated:  54.546875
Memory cached:  72.0
	 epoch  40 training error:  tensor(0.0700, device='cuda:0', grad_fn=<DivBackward0>)
Memory status after this epoch: 
Memory allocated:  54.546875
Memory cached:  72.0
	 epoch  50 training error:  tensor(0.0613, device='cuda:0', grad_fn=<DivBackward0>)
Memory status after this epoch: 
Memory allocated:  54.546875
Memory cached:  72.0
	 epoch  60 training error:  tensor(0.0604, device='cuda:0', grad_fn=<DivBackward0>)
Memory status after this epoch: 
Memory allocated:  54.546875
Memory cached:  72.0
	 epoch  70 training error:  tensor(0.0586, device='cuda:0', grad_fn=<DivBackward0>)
Memory status after this epoch: 
Memory allocated:  54.546875
Memory cached:  72.0
	 epoch  80 training error:  tensor(0.0561, device='cuda:0', grad_fn=<DivBackward0>)
Memory status after this epoch: 
Memory allocated:  54.546875
Memory cached:  72.0
	 epoch  90 training error:  tensor(0.0529, device='cuda:0', grad_fn=<DivBackward0>)
Memory status after this epoch: 
Memory allocated:  54.546875
Memory cached:  72.0
[I 2023-12-02 23:07:57,862] Trial 5 finished with value: 0.050875186920166016 and parameters: {'W_layers': 7, 'W_layer_units_exponent_0': 7, 'W_layer_units_exponent_1': 5, 'W_layer_units_exponent_2': 7, 'W_layer_units_exponent_3': 10, 'W_layer_units_exponent_4': 8, 'W_layer_units_exponent_5': 7, 'W_layer_units_exponent_6': 4, 'D_layers': 5, 'D_layer_units_exponent_0': 10, 'D_layer_units_exponent_1': 9, 'D_layer_units_exponent_2': 5, 'D_layer_units_exponent_3': 10, 'D_layer_units_exponent_4': 6, 'log_learning_rate': -4.089720484580441, 'log_learning_rate_D': -4.27428524231958, 'training_batch_size': 12, 'training_p': 3}. Best is trial 0 with value: 0.04481872171163559.
Time for this trial:  61.91473865509033
Memory status after this trial: 
Memory allocated:  145.80078125
Memory cached:  168.0
--------------------  Trial  6   --------------------
Start timing: 
Parameters: 
{'W_layers': 6, 'W_layer_units_exponent_0': 8, 'W_layer_units_exponent_1': 4, 'W_layer_units_exponent_2': 9, 'W_layer_units_exponent_3': 8, 'W_layer_units_exponent_4': 5, 'W_layer_units_exponent_5': 7, 'D_layers': 2, 'D_layer_units_exponent_0': 8, 'D_layer_units_exponent_1': 9, 'log_learning_rate': -4.760787417483575, 'log_learning_rate_D': -3.0840738001351826, 'training_batch_size': 9, 'training_p': 7}
	 epoch  0 training error:  tensor(0.7597, device='cuda:0', grad_fn=<DivBackward0>)
Memory status after this epoch: 
Memory allocated:  42.451171875
Memory cached:  44.0
	 epoch  10 training error:  tensor(0.2937, device='cuda:0', grad_fn=<DivBackward0>)
Memory status after this epoch: 
Memory allocated:  42.451171875
Memory cached:  48.0
	 epoch  20 training error:  tensor(0.1585, device='cuda:0', grad_fn=<DivBackward0>)
Memory status after this epoch: 
Memory allocated:  42.451171875
Memory cached:  48.0
	 epoch  30 training error:  tensor(0.1016, device='cuda:0', grad_fn=<DivBackward0>)
Memory status after this epoch: 
Memory allocated:  42.451171875
Memory cached:  48.0
	 epoch  40 training error:  tensor(0.0909, device='cuda:0', grad_fn=<DivBackward0>)
Memory status after this epoch: 
Memory allocated:  42.451171875
Memory cached:  48.0
	 epoch  50 training error:  tensor(0.0815, device='cuda:0', grad_fn=<DivBackward0>)
Memory status after this epoch: 
Memory allocated:  42.451171875
Memory cached:  48.0
	 epoch  60 training error:  tensor(0.0738, device='cuda:0', grad_fn=<DivBackward0>)
Memory status after this epoch: 
Memory allocated:  42.451171875
Memory cached:  48.0
	 epoch  70 training error:  tensor(0.0690, device='cuda:0', grad_fn=<DivBackward0>)
Memory status after this epoch: 
Memory allocated:  42.451171875
Memory cached:  48.0
	 epoch  80 training error:  tensor(0.0663, device='cuda:0', grad_fn=<DivBackward0>)
Memory status after this epoch: 
Memory allocated:  42.451171875
Memory cached:  48.0
	 epoch  90 training error:  tensor(0.0652, device='cuda:0', grad_fn=<DivBackward0>)
Memory status after this epoch: 
Memory allocated:  42.451171875
Memory cached:  48.0
[I 2023-12-02 23:08:42,779] Trial 6 finished with value: 0.05643312260508537 and parameters: {'W_layers': 6, 'W_layer_units_exponent_0': 8, 'W_layer_units_exponent_1': 4, 'W_layer_units_exponent_2': 9, 'W_layer_units_exponent_3': 8, 'W_layer_units_exponent_4': 5, 'W_layer_units_exponent_5': 7, 'D_layers': 2, 'D_layer_units_exponent_0': 8, 'D_layer_units_exponent_1': 9, 'log_learning_rate': -4.760787417483575, 'log_learning_rate_D': -3.0840738001351826, 'training_batch_size': 9, 'training_p': 7}. Best is trial 0 with value: 0.04481872171163559.
Time for this trial:  44.787070989608765
Memory status after this trial: 
Memory allocated:  85.25341796875
Memory cached:  88.0
--------------------  Trial  7   --------------------
Start timing: 
Parameters: 
{'W_layers': 7, 'W_layer_units_exponent_0': 5, 'W_layer_units_exponent_1': 5, 'W_layer_units_exponent_2': 4, 'W_layer_units_exponent_3': 9, 'W_layer_units_exponent_4': 10, 'W_layer_units_exponent_5': 8, 'W_layer_units_exponent_6': 8, 'D_layers': 8, 'D_layer_units_exponent_0': 5, 'D_layer_units_exponent_1': 5, 'D_layer_units_exponent_2': 8, 'D_layer_units_exponent_3': 7, 'D_layer_units_exponent_4': 4, 'D_layer_units_exponent_5': 4, 'D_layer_units_exponent_6': 8, 'D_layer_units_exponent_7': 9, 'log_learning_rate': -2.530423393448543, 'log_learning_rate_D': -2.595566738506001, 'training_batch_size': 7, 'training_p': 5}
	 epoch  0 training error:  tensor(0.8408, device='cuda:0', grad_fn=<DivBackward0>)
Memory status after this epoch: 
Memory allocated:  53.966796875
Memory cached:  72.0
	 epoch  10 training error:  tensor(1.9071, device='cuda:0', grad_fn=<DivBackward0>)
Memory status after this epoch: 
Memory allocated:  53.966796875
Memory cached:  72.0
	 epoch  20 training error:  tensor(0.5462, device='cuda:0', grad_fn=<DivBackward0>)
Memory status after this epoch: 
Memory allocated:  53.966796875
Memory cached:  72.0
	 epoch  30 training error:  tensor(0.2747, device='cuda:0', grad_fn=<DivBackward0>)
Memory status after this epoch: 
Memory allocated:  53.966796875
Memory cached:  72.0
	 epoch  40 training error:  tensor(0.2037, device='cuda:0', grad_fn=<DivBackward0>)
Memory status after this epoch: 
Memory allocated:  53.966796875
Memory cached:  72.0
	 epoch  50 training error:  tensor(0.1420, device='cuda:0', grad_fn=<DivBackward0>)
Memory status after this epoch: 
Memory allocated:  53.966796875
Memory cached:  72.0
	 epoch  60 training error:  tensor(0.1192, device='cuda:0', grad_fn=<DivBackward0>)
Memory status after this epoch: 
Memory allocated:  53.966796875
Memory cached:  72.0
	 epoch  70 training error:  tensor(0.0774, device='cuda:0', grad_fn=<DivBackward0>)
Memory status after this epoch: 
Memory allocated:  53.966796875
Memory cached:  72.0
	 epoch  80 training error:  tensor(0.0716, device='cuda:0', grad_fn=<DivBackward0>)
Memory status after this epoch: 
Memory allocated:  53.966796875
Memory cached:  72.0
	 epoch  90 training error:  tensor(0.0547, device='cuda:0', grad_fn=<DivBackward0>)
Memory status after this epoch: 
Memory allocated:  53.966796875
Memory cached:  72.0
