[I 2024-01-11 02:45:31,570] Trial 119 finished with value: 0.16369587182998657 and parameters: {'W_layers': 3, 'W_layer_units_exponent_0': 8, 'W_layer_units_exponent_1': 4, 'W_layer_units_exponent_2': 8, 'D_layers': 4, 'D_layer_units_exponent_0': 10, 'D_layer_units_exponent_1': 8, 'D_layer_units_exponent_2': 7, 'D_layer_units_exponent_3': 4, 'D_dagger_layers': 4, 'D_dagger_layer_units_exponent_0': 10, 'D_dagger_layer_units_exponent_1': 7, 'D_dagger_layer_units_exponent_2': 5, 'D_dagger_layer_units_exponent_3': 9, 'log_learning_rate': -3.4208321156442256, 'log_learning_rate_D': -2.6668255577955886, 'log_learning_rate_D_dagger': -2.5153060005347245, 'training_batch_size': 6, 'training_p': 5}. Best is trial 113 with value: 0.07463232427835464.
Time for this trial:  402.78531861305237
Memory status after this trial: 
Memory allocated:  668.8544921875
Memory cached:  674.0
--------------------  Trial  120   --------------------
Start timing: 
Parameters: 
{'W_layers': 2, 'W_layer_units_exponent_0': 8, 'W_layer_units_exponent_1': 5, 'D_layers': 4, 'D_layer_units_exponent_0': 8, 'D_layer_units_exponent_1': 6, 'D_layer_units_exponent_2': 8, 'D_layer_units_exponent_3': 4, 'D_dagger_layers': 4, 'D_dagger_layer_units_exponent_0': 10, 'D_dagger_layer_units_exponent_1': 6, 'D_dagger_layer_units_exponent_2': 6, 'D_dagger_layer_units_exponent_3': 6, 'log_learning_rate': -3.5663163970580087, 'log_learning_rate_D': -2.8175493256009556, 'log_learning_rate_D_dagger': -2.612071076825215, 'training_batch_size': 6, 'training_p': 6}
	 epoch  0 training error:  tensor(0.6881, device='cuda:0', grad_fn=<DivBackward0>)
Memory status after this epoch: 
Memory allocated:  290.6953125
Memory cached:  550.0
	 epoch  10 training error:  tensor(0.3671, device='cuda:0', grad_fn=<DivBackward0>)
Memory status after this epoch: 
Memory allocated:  290.6953125
Memory cached:  550.0
	 epoch  20 training error:  tensor(0.3258, device='cuda:0', grad_fn=<DivBackward0>)
Memory status after this epoch: 
Memory allocated:  290.6953125
Memory cached:  550.0
	 epoch  30 training error:  tensor(0.2821, device='cuda:0', grad_fn=<DivBackward0>)
Memory status after this epoch: 
Memory allocated:  290.6953125
Memory cached:  550.0
	 epoch  40 training error:  tensor(0.2191, device='cuda:0', grad_fn=<DivBackward0>)
Memory status after this epoch: 
Memory allocated:  290.6953125
Memory cached:  550.0
	 epoch  50 training error:  tensor(0.2130, device='cuda:0', grad_fn=<DivBackward0>)
Memory status after this epoch: 
Memory allocated:  290.6953125
Memory cached:  550.0
	 epoch  60 training error:  tensor(0.1859, device='cuda:0', grad_fn=<DivBackward0>)
Memory status after this epoch: 
Memory allocated:  290.6953125
Memory cached:  550.0
	 epoch  70 training error:  tensor(0.1706, device='cuda:0', grad_fn=<DivBackward0>)
Memory status after this epoch: 
Memory allocated:  290.6953125
Memory cached:  550.0
	 epoch  80 training error:  tensor(0.1968, device='cuda:0', grad_fn=<DivBackward0>)
Memory status after this epoch: 
Memory allocated:  290.6953125
Memory cached:  550.0
	 epoch  90 training error:  tensor(0.1513, device='cuda:0', grad_fn=<DivBackward0>)
Memory status after this epoch: 
Memory allocated:  290.6953125
Memory cached:  550.0
[I 2024-01-11 02:52:01,252] Trial 120 finished with value: 0.08399920910596848 and parameters: {'W_layers': 2, 'W_layer_units_exponent_0': 8, 'W_layer_units_exponent_1': 5, 'D_layers': 4, 'D_layer_units_exponent_0': 8, 'D_layer_units_exponent_1': 6, 'D_layer_units_exponent_2': 8, 'D_layer_units_exponent_3': 4, 'D_dagger_layers': 4, 'D_dagger_layer_units_exponent_0': 10, 'D_dagger_layer_units_exponent_1': 6, 'D_dagger_layer_units_exponent_2': 6, 'D_dagger_layer_units_exponent_3': 6, 'log_learning_rate': -3.5663163970580087, 'log_learning_rate_D': -2.8175493256009556, 'log_learning_rate_D_dagger': -2.612071076825215, 'training_batch_size': 6, 'training_p': 6}. Best is trial 113 with value: 0.07463232427835464.
Time for this trial:  389.2383396625519
Memory status after this trial: 
Memory allocated:  511.626953125
Memory cached:  550.0
--------------------  Trial  121   --------------------
Start timing: 
Parameters: 
{'W_layers': 2, 'W_layer_units_exponent_0': 8, 'W_layer_units_exponent_1': 5, 'D_layers': 4, 'D_layer_units_exponent_0': 8, 'D_layer_units_exponent_1': 6, 'D_layer_units_exponent_2': 8, 'D_layer_units_exponent_3': 4, 'D_dagger_layers': 4, 'D_dagger_layer_units_exponent_0': 10, 'D_dagger_layer_units_exponent_1': 6, 'D_dagger_layer_units_exponent_2': 6, 'D_dagger_layer_units_exponent_3': 6, 'log_learning_rate': -3.5252898108324695, 'log_learning_rate_D': -2.814788167866752, 'log_learning_rate_D_dagger': -2.5919602177067795, 'training_batch_size': 6, 'training_p': 6}
	 epoch  0 training error:  tensor(0.7002, device='cuda:0', grad_fn=<DivBackward0>)
Memory status after this epoch: 
Memory allocated:  290.6953125
Memory cached:  552.0
	 epoch  10 training error:  tensor(0.3628, device='cuda:0', grad_fn=<DivBackward0>)
Memory status after this epoch: 
Memory allocated:  290.6953125
Memory cached:  552.0
	 epoch  20 training error:  tensor(0.3540, device='cuda:0', grad_fn=<DivBackward0>)
Memory status after this epoch: 
Memory allocated:  290.6953125
Memory cached:  552.0
	 epoch  30 training error:  tensor(0.3082, device='cuda:0', grad_fn=<DivBackward0>)
Memory status after this epoch: 
Memory allocated:  290.6953125
Memory cached:  552.0
	 epoch  40 training error:  tensor(0.2207, device='cuda:0', grad_fn=<DivBackward0>)
Memory status after this epoch: 
Memory allocated:  290.6953125
Memory cached:  552.0
	 epoch  50 training error:  tensor(0.2143, device='cuda:0', grad_fn=<DivBackward0>)
Memory status after this epoch: 
Memory allocated:  290.6953125
Memory cached:  552.0
	 epoch  60 training error:  tensor(0.1641, device='cuda:0', grad_fn=<DivBackward0>)
Memory status after this epoch: 
Memory allocated:  290.6953125
Memory cached:  552.0
	 epoch  70 training error:  tensor(0.1300, device='cuda:0', grad_fn=<DivBackward0>)
Memory status after this epoch: 
Memory allocated:  290.6953125
Memory cached:  552.0
	 epoch  80 training error:  tensor(0.1193, device='cuda:0', grad_fn=<DivBackward0>)
Memory status after this epoch: 
Memory allocated:  290.6953125
Memory cached:  552.0
	 epoch  90 training error:  tensor(0.1318, device='cuda:0', grad_fn=<DivBackward0>)
Memory status after this epoch: 
Memory allocated:  290.6953125
Memory cached:  552.0
[I 2024-01-11 02:58:24,735] Trial 121 finished with value: 0.07877501100301743 and parameters: {'W_layers': 2, 'W_layer_units_exponent_0': 8, 'W_layer_units_exponent_1': 5, 'D_layers': 4, 'D_layer_units_exponent_0': 8, 'D_layer_units_exponent_1': 6, 'D_layer_units_exponent_2': 8, 'D_layer_units_exponent_3': 4, 'D_dagger_layers': 4, 'D_dagger_layer_units_exponent_0': 10, 'D_dagger_layer_units_exponent_1': 6, 'D_dagger_layer_units_exponent_2': 6, 'D_dagger_layer_units_exponent_3': 6, 'log_learning_rate': -3.5252898108324695, 'log_learning_rate_D': -2.814788167866752, 'log_learning_rate_D_dagger': -2.5919602177067795, 'training_batch_size': 6, 'training_p': 6}. Best is trial 113 with value: 0.07463232427835464.
Time for this trial:  383.1056299209595
Memory status after this trial: 
Memory allocated:  511.626953125
Memory cached:  552.0
--------------------  Trial  122   --------------------
Start timing: 
Parameters: 
{'W_layers': 2, 'W_layer_units_exponent_0': 8, 'W_layer_units_exponent_1': 4, 'D_layers': 4, 'D_layer_units_exponent_0': 8, 'D_layer_units_exponent_1': 6, 'D_layer_units_exponent_2': 8, 'D_layer_units_exponent_3': 4, 'D_dagger_layers': 4, 'D_dagger_layer_units_exponent_0': 10, 'D_dagger_layer_units_exponent_1': 6, 'D_dagger_layer_units_exponent_2': 6, 'D_dagger_layer_units_exponent_3': 6, 'log_learning_rate': -3.5740395964095044, 'log_learning_rate_D': -2.9487442549157854, 'log_learning_rate_D_dagger': -2.6009622538294095, 'training_batch_size': 6, 'training_p': 6}
	 epoch  0 training error:  tensor(0.7065, device='cuda:0', grad_fn=<DivBackward0>)
Memory status after this epoch: 
Memory allocated:  290.6328125
Memory cached:  550.0
	 epoch  10 training error:  tensor(0.3554, device='cuda:0', grad_fn=<DivBackward0>)
Memory status after this epoch: 
Memory allocated:  290.6328125
Memory cached:  554.0
	 epoch  20 training error:  tensor(0.3245, device='cuda:0', grad_fn=<DivBackward0>)
Memory status after this epoch: 
Memory allocated:  290.6328125
Memory cached:  554.0
	 epoch  30 training error:  tensor(0.2589, device='cuda:0', grad_fn=<DivBackward0>)
Memory status after this epoch: 
Memory allocated:  290.6328125
Memory cached:  552.0
	 epoch  40 training error:  tensor(0.1944, device='cuda:0', grad_fn=<DivBackward0>)
Memory status after this epoch: 
Memory allocated:  290.6328125
Memory cached:  550.0
	 epoch  50 training error:  tensor(0.1947, device='cuda:0', grad_fn=<DivBackward0>)
Memory status after this epoch: 
Memory allocated:  290.6328125
Memory cached:  550.0
	 epoch  60 training error:  tensor(0.1728, device='cuda:0', grad_fn=<DivBackward0>)
Memory status after this epoch: 
Memory allocated:  290.6328125
Memory cached:  550.0
	 epoch  70 training error:  tensor(0.1532, device='cuda:0', grad_fn=<DivBackward0>)
Memory status after this epoch: 
Memory allocated:  290.6328125
Memory cached:  552.0
	 epoch  80 training error:  tensor(0.1286, device='cuda:0', grad_fn=<DivBackward0>)
Memory status after this epoch: 
Memory allocated:  290.6328125
Memory cached:  550.0
	 epoch  90 training error:  tensor(0.1099, device='cuda:0', grad_fn=<DivBackward0>)
Memory status after this epoch: 
Memory allocated:  290.6328125
Memory cached:  552.0
[I 2024-01-11 03:04:56,184] Trial 122 finished with value: 0.09079398214817047 and parameters: {'W_layers': 2, 'W_layer_units_exponent_0': 8, 'W_layer_units_exponent_1': 4, 'D_layers': 4, 'D_layer_units_exponent_0': 8, 'D_layer_units_exponent_1': 6, 'D_layer_units_exponent_2': 8, 'D_layer_units_exponent_3': 4, 'D_dagger_layers': 4, 'D_dagger_layer_units_exponent_0': 10, 'D_dagger_layer_units_exponent_1': 6, 'D_dagger_layer_units_exponent_2': 6, 'D_dagger_layer_units_exponent_3': 6, 'log_learning_rate': -3.5740395964095044, 'log_learning_rate_D': -2.9487442549157854, 'log_learning_rate_D_dagger': -2.6009622538294095, 'training_batch_size': 6, 'training_p': 6}. Best is trial 113 with value: 0.07463232427835464.
Time for this trial:  391.028639793396
Memory status after this trial: 
Memory allocated:  510.130859375
Memory cached:  550.0
--------------------  Trial  123   --------------------
Start timing: 
Parameters: 
{'W_layers': 2, 'W_layer_units_exponent_0': 8, 'W_layer_units_exponent_1': 4, 'D_layers': 4, 'D_layer_units_exponent_0': 8, 'D_layer_units_exponent_1': 6, 'D_layer_units_exponent_2': 9, 'D_layer_units_exponent_3': 4, 'D_dagger_layers': 4, 'D_dagger_layer_units_exponent_0': 10, 'D_dagger_layer_units_exponent_1': 6, 'D_dagger_layer_units_exponent_2': 6, 'D_dagger_layer_units_exponent_3': 6, 'log_learning_rate': -3.6377581357577444, 'log_learning_rate_D': -2.7585622035643755, 'log_learning_rate_D_dagger': -2.5540089831771775, 'training_batch_size': 6, 'training_p': 6}
	 epoch  0 training error:  tensor(0.7468, device='cuda:0', grad_fn=<DivBackward0>)
Memory status after this epoch: 
Memory allocated:  290.94921875
Memory cached:  552.0
	 epoch  10 training error:  tensor(0.3566, device='cuda:0', grad_fn=<DivBackward0>)
Memory status after this epoch: 
Memory allocated:  290.94921875
Memory cached:  550.0
	 epoch  20 training error:  tensor(0.3462, device='cuda:0', grad_fn=<DivBackward0>)
Memory status after this epoch: 
Memory allocated:  290.94921875
Memory cached:  550.0
	 epoch  30 training error:  tensor(0.3211, device='cuda:0', grad_fn=<DivBackward0>)
Memory status after this epoch: 
Memory allocated:  290.94921875
Memory cached:  550.0
	 epoch  40 training error:  tensor(0.2409, device='cuda:0', grad_fn=<DivBackward0>)
Memory status after this epoch: 
Memory allocated:  290.94921875
Memory cached:  550.0
	 epoch  50 training error:  tensor(0.1957, device='cuda:0', grad_fn=<DivBackward0>)
Memory status after this epoch: 
Memory allocated:  290.94921875
Memory cached:  550.0
	 epoch  60 training error:  tensor(0.2421, device='cuda:0', grad_fn=<DivBackward0>)
Memory status after this epoch: 
Memory allocated:  290.94921875
Memory cached:  550.0
	 epoch  70 training error:  tensor(0.2472, device='cuda:0', grad_fn=<DivBackward0>)
Memory status after this epoch: 
Memory allocated:  290.94921875
Memory cached:  550.0
	 epoch  80 training error:  tensor(0.2127, device='cuda:0', grad_fn=<DivBackward0>)
Memory status after this epoch: 
Memory allocated:  290.94921875
Memory cached:  550.0
	 epoch  90 training error:  tensor(0.1926, device='cuda:0', grad_fn=<DivBackward0>)
Memory status after this epoch: 
Memory allocated:  290.94921875
Memory cached:  550.0
[I 2024-01-11 03:11:28,453] Trial 123 finished with value: 0.1628641039133072 and parameters: {'W_layers': 2, 'W_layer_units_exponent_0': 8, 'W_layer_units_exponent_1': 4, 'D_layers': 4, 'D_layer_units_exponent_0': 8, 'D_layer_units_exponent_1': 6, 'D_layer_units_exponent_2': 9, 'D_layer_units_exponent_3': 4, 'D_dagger_layers': 4, 'D_dagger_layer_units_exponent_0': 10, 'D_dagger_layer_units_exponent_1': 6, 'D_dagger_layer_units_exponent_2': 6, 'D_dagger_layer_units_exponent_3': 6, 'log_learning_rate': -3.6377581357577444, 'log_learning_rate_D': -2.7585622035643755, 'log_learning_rate_D_dagger': -2.5540089831771775, 'training_batch_size': 6, 'training_p': 6}. Best is trial 113 with value: 0.07463232427835464.
Time for this trial:  391.89516711235046
Memory status after this trial: 
Memory allocated:  537.359375
Memory cached:  550.0
--------------------  Trial  124   --------------------
Start timing: 
Parameters: 
{'W_layers': 2, 'W_layer_units_exponent_0': 8, 'W_layer_units_exponent_1': 5, 'D_layers': 4, 'D_layer_units_exponent_0': 8, 'D_layer_units_exponent_1': 6, 'D_layer_units_exponent_2': 8, 'D_layer_units_exponent_3': 4, 'D_dagger_layers': 4, 'D_dagger_layer_units_exponent_0': 10, 'D_dagger_layer_units_exponent_1': 6, 'D_dagger_layer_units_exponent_2': 6, 'D_dagger_layer_units_exponent_3': 6, 'log_learning_rate': -3.2488921070898993, 'log_learning_rate_D': -2.814259489618417, 'log_learning_rate_D_dagger': -2.8011002888062055, 'training_batch_size': 6, 'training_p': 6}
	 epoch  0 training error:  tensor(0.8595, device='cuda:0', grad_fn=<DivBackward0>)
Memory status after this epoch: 
Memory allocated:  290.6953125
Memory cached:  552.0
	 epoch  10 training error:  tensor(0.3718, device='cuda:0', grad_fn=<DivBackward0>)
Memory status after this epoch: 
Memory allocated:  290.6953125
Memory cached:  552.0
	 epoch  20 training error:  tensor(0.3677, device='cuda:0', grad_fn=<DivBackward0>)
Memory status after this epoch: 
Memory allocated:  290.6953125
Memory cached:  552.0
	 epoch  30 training error:  tensor(0.3501, device='cuda:0', grad_fn=<DivBackward0>)
Memory status after this epoch: 
Memory allocated:  290.6953125
Memory cached:  552.0
	 epoch  40 training error:  tensor(0.3724, device='cuda:0', grad_fn=<DivBackward0>)
Memory status after this epoch: 
Memory allocated:  290.6953125
Memory cached:  552.0
	 epoch  50 training error:  tensor(0.3241, device='cuda:0', grad_fn=<DivBackward0>)
Memory status after this epoch: 
Memory allocated:  290.6953125
Memory cached:  552.0
	 epoch  60 training error:  tensor(0.2906, device='cuda:0', grad_fn=<DivBackward0>)
Memory status after this epoch: 
Memory allocated:  290.6953125
Memory cached:  552.0
	 epoch  70 training error:  tensor(0.3583, device='cuda:0', grad_fn=<DivBackward0>)
Memory status after this epoch: 
Memory allocated:  290.6953125
Memory cached:  552.0
	 epoch  80 training error:  tensor(0.1803, device='cuda:0', grad_fn=<DivBackward0>)
Memory status after this epoch: 
Memory allocated:  290.6953125
Memory cached:  552.0
	 epoch  90 training error:  tensor(0.1705, device='cuda:0', grad_fn=<DivBackward0>)
Memory status after this epoch: 
Memory allocated:  290.6953125
Memory cached:  552.0
[I 2024-01-11 03:18:01,219] Trial 124 finished with value: 0.18779698014259338 and parameters: {'W_layers': 2, 'W_layer_units_exponent_0': 8, 'W_layer_units_exponent_1': 5, 'D_layers': 4, 'D_layer_units_exponent_0': 8, 'D_layer_units_exponent_1': 6, 'D_layer_units_exponent_2': 8, 'D_layer_units_exponent_3': 4, 'D_dagger_layers': 4, 'D_dagger_layer_units_exponent_0': 10, 'D_dagger_layer_units_exponent_1': 6, 'D_dagger_layer_units_exponent_2': 6, 'D_dagger_layer_units_exponent_3': 6, 'log_learning_rate': -3.2488921070898993, 'log_learning_rate_D': -2.814259489618417, 'log_learning_rate_D_dagger': -2.8011002888062055, 'training_batch_size': 6, 'training_p': 6}. Best is trial 113 with value: 0.07463232427835464.
Time for this trial:  392.30320167541504
Memory status after this trial: 
Memory allocated:  511.626953125
Memory cached:  552.0
--------------------  Trial  125   --------------------
Start timing: 
Parameters: 
{'W_layers': 2, 'W_layer_units_exponent_0': 8, 'W_layer_units_exponent_1': 4, 'D_layers': 4, 'D_layer_units_exponent_0': 8, 'D_layer_units_exponent_1': 6, 'D_layer_units_exponent_2': 8, 'D_layer_units_exponent_3': 5, 'D_dagger_layers': 4, 'D_dagger_layer_units_exponent_0': 10, 'D_dagger_layer_units_exponent_1': 6, 'D_dagger_layer_units_exponent_2': 6, 'D_dagger_layer_units_exponent_3': 6, 'log_learning_rate': -3.550401864652265, 'log_learning_rate_D': -2.6973666510872825, 'log_learning_rate_D_dagger': -2.347291858485527, 'training_batch_size': 6, 'training_p': 7}
	 epoch  0 training error:  tensor(0.9721, device='cuda:0', grad_fn=<DivBackward0>)
Memory status after this epoch: 
Memory allocated:  290.6953125
Memory cached:  552.0
	 epoch  10 training error:  tensor(0.4118, device='cuda:0', grad_fn=<DivBackward0>)
Memory status after this epoch: 
Memory allocated:  290.6953125
Memory cached:  552.0
	 epoch  20 training error:  tensor(0.3713, device='cuda:0', grad_fn=<DivBackward0>)
Memory status after this epoch: 
Memory allocated:  290.6953125
Memory cached:  552.0
	 epoch  30 training error:  tensor(0.3372, device='cuda:0', grad_fn=<DivBackward0>)
Memory status after this epoch: 
Memory allocated:  290.6953125
Memory cached:  552.0
	 epoch  40 training error:  tensor(0.3528, device='cuda:0', grad_fn=<DivBackward0>)
Memory status after this epoch: 
Memory allocated:  290.6953125
Memory cached:  552.0
	 epoch  50 training error:  tensor(0.2554, device='cuda:0', grad_fn=<DivBackward0>)
Memory status after this epoch: 
Memory allocated:  290.6953125
Memory cached:  552.0
	 epoch  60 training error:  tensor(0.2551, device='cuda:0', grad_fn=<DivBackward0>)
Memory status after this epoch: 
Memory allocated:  290.6953125
Memory cached:  552.0
	 epoch  70 training error:  tensor(0.2510, device='cuda:0', grad_fn=<DivBackward0>)
Memory status after this epoch: 
Memory allocated:  290.6953125
Memory cached:  552.0
	 epoch  80 training error:  tensor(0.1962, device='cuda:0', grad_fn=<DivBackward0>)
Memory status after this epoch: 
Memory allocated:  290.6953125
Memory cached:  552.0
	 epoch  90 training error:  tensor(0.1686, device='cuda:0', grad_fn=<DivBackward0>)
Memory status after this epoch: 
Memory allocated:  290.6953125
Memory cached:  552.0
