[I 2023-12-20 18:41:14,081] Trial 82 finished with value: 0.32658275961875916 and parameters: {'W_layers': 6, 'W_layer_units_exponent_0': 9, 'W_layer_units_exponent_1': 8, 'W_layer_units_exponent_2': 7, 'W_layer_units_exponent_3': 7, 'W_layer_units_exponent_4': 5, 'W_layer_units_exponent_5': 9, 'D_layers': 7, 'D_layer_units_exponent_0': 7, 'D_layer_units_exponent_1': 8, 'D_layer_units_exponent_2': 8, 'D_layer_units_exponent_3': 8, 'D_layer_units_exponent_4': 5, 'D_layer_units_exponent_5': 10, 'D_layer_units_exponent_6': 8, 'D_dagger_layers': 4, 'D_dagger_layer_units_exponent_0': 5, 'D_dagger_layer_units_exponent_1': 8, 'D_dagger_layer_units_exponent_2': 9, 'D_dagger_layer_units_exponent_3': 5, 'log_learning_rate': -3.0895415580179137, 'log_learning_rate_D': -3.8501550955356554, 'log_learning_rate_D_dagger': -3.6930349788849517, 'training_batch_size': 10, 'training_p': 2}. Best is trial 82 with value: 0.32658275961875916.
res:  tensor(0.3266, device='cuda:0', grad_fn=<DivBackward0>)
self.bestValue:  tensor(0.3267, device='cuda:0', grad_fn=<DivBackward0>)
Save this model!
Time for this trial:  21.250574111938477
Memory status after this trial: 
Memory allocated:  129.28125
Memory cached:  216.0
--------------------  Trial  83   --------------------
Start timing: 
Parameters: 
{'W_layers': 6, 'W_layer_units_exponent_0': 9, 'W_layer_units_exponent_1': 8, 'W_layer_units_exponent_2': 7, 'W_layer_units_exponent_3': 7, 'W_layer_units_exponent_4': 5, 'W_layer_units_exponent_5': 9, 'D_layers': 7, 'D_layer_units_exponent_0': 8, 'D_layer_units_exponent_1': 8, 'D_layer_units_exponent_2': 8, 'D_layer_units_exponent_3': 8, 'D_layer_units_exponent_4': 5, 'D_layer_units_exponent_5': 6, 'D_layer_units_exponent_6': 8, 'D_dagger_layers': 4, 'D_dagger_layer_units_exponent_0': 5, 'D_dagger_layer_units_exponent_1': 8, 'D_dagger_layer_units_exponent_2': 10, 'D_dagger_layer_units_exponent_3': 5, 'log_learning_rate': -3.090274718498623, 'log_learning_rate_D': -3.9731966540907915, 'log_learning_rate_D_dagger': -3.7199725934094983, 'training_batch_size': 10, 'training_p': 2}
	 epoch  0 training error:  tensor(1.0561, device='cuda:0', grad_fn=<DivBackward0>)
Memory status after this epoch: 
Memory allocated:  137.927734375
Memory cached:  220.0
	 epoch  10 training error:  tensor(0.3307, device='cuda:0', grad_fn=<DivBackward0>)
Memory status after this epoch: 
Memory allocated:  137.927734375
Memory cached:  226.0
	 epoch  20 training error:  tensor(0.3047, device='cuda:0', grad_fn=<DivBackward0>)
Memory status after this epoch: 
Memory allocated:  137.927734375
Memory cached:  226.0
	 epoch  30 training error:  tensor(0.2922, device='cuda:0', grad_fn=<DivBackward0>)
Memory status after this epoch: 
Memory allocated:  137.927734375
Memory cached:  226.0
	 epoch  40 training error:  tensor(0.2871, device='cuda:0', grad_fn=<DivBackward0>)
Memory status after this epoch: 
Memory allocated:  137.927734375
Memory cached:  226.0
	 epoch  50 training error:  tensor(0.2863, device='cuda:0', grad_fn=<DivBackward0>)
Memory status after this epoch: 
Memory allocated:  137.927734375
Memory cached:  226.0
	 epoch  60 training error:  tensor(0.2881, device='cuda:0', grad_fn=<DivBackward0>)
Memory status after this epoch: 
Memory allocated:  137.927734375
Memory cached:  226.0
	 epoch  70 training error:  tensor(0.2848, device='cuda:0', grad_fn=<DivBackward0>)
Memory status after this epoch: 
Memory allocated:  137.927734375
Memory cached:  226.0
	 epoch  80 training error:  tensor(0.2854, device='cuda:0', grad_fn=<DivBackward0>)
Memory status after this epoch: 
Memory allocated:  137.927734375
Memory cached:  226.0
	 epoch  90 training error:  tensor(0.2879, device='cuda:0', grad_fn=<DivBackward0>)
Memory status after this epoch: 
Memory allocated:  137.927734375
Memory cached:  226.0
[I 2023-12-20 18:41:36,145] Trial 83 finished with value: 0.33012405037879944 and parameters: {'W_layers': 6, 'W_layer_units_exponent_0': 9, 'W_layer_units_exponent_1': 8, 'W_layer_units_exponent_2': 7, 'W_layer_units_exponent_3': 7, 'W_layer_units_exponent_4': 5, 'W_layer_units_exponent_5': 9, 'D_layers': 7, 'D_layer_units_exponent_0': 8, 'D_layer_units_exponent_1': 8, 'D_layer_units_exponent_2': 8, 'D_layer_units_exponent_3': 8, 'D_layer_units_exponent_4': 5, 'D_layer_units_exponent_5': 6, 'D_layer_units_exponent_6': 8, 'D_dagger_layers': 4, 'D_dagger_layer_units_exponent_0': 5, 'D_dagger_layer_units_exponent_1': 8, 'D_dagger_layer_units_exponent_2': 10, 'D_dagger_layer_units_exponent_3': 5, 'log_learning_rate': -3.090274718498623, 'log_learning_rate_D': -3.9731966540907915, 'log_learning_rate_D_dagger': -3.7199725934094983, 'training_batch_size': 10, 'training_p': 2}. Best is trial 82 with value: 0.32658275961875916.
Time for this trial:  21.69903302192688
Memory status after this trial: 
Memory allocated:  287.84912109375
Memory cached:  310.0
--------------------  Trial  84   --------------------
Start timing: 
Parameters: 
{'W_layers': 6, 'W_layer_units_exponent_0': 9, 'W_layer_units_exponent_1': 8, 'W_layer_units_exponent_2': 6, 'W_layer_units_exponent_3': 9, 'W_layer_units_exponent_4': 7, 'W_layer_units_exponent_5': 10, 'D_layers': 8, 'D_layer_units_exponent_0': 7, 'D_layer_units_exponent_1': 8, 'D_layer_units_exponent_2': 8, 'D_layer_units_exponent_3': 9, 'D_layer_units_exponent_4': 5, 'D_layer_units_exponent_5': 10, 'D_layer_units_exponent_6': 8, 'D_layer_units_exponent_7': 9, 'D_dagger_layers': 4, 'D_dagger_layer_units_exponent_0': 6, 'D_dagger_layer_units_exponent_1': 7, 'D_dagger_layer_units_exponent_2': 9, 'D_dagger_layer_units_exponent_3': 4, 'log_learning_rate': -2.8148378941811982, 'log_learning_rate_D': -3.535053786434381, 'log_learning_rate_D_dagger': -3.9859928197977137, 'training_batch_size': 10, 'training_p': 2}
	 epoch  0 training error:  tensor(0.9293, device='cuda:0', grad_fn=<DivBackward0>)
Memory status after this epoch: 
Memory allocated:  138.9697265625
Memory cached:  216.0
	 epoch  10 training error:  tensor(0.5045, device='cuda:0', grad_fn=<DivBackward0>)
Memory status after this epoch: 
Memory allocated:  138.9697265625
Memory cached:  216.0
	 epoch  20 training error:  tensor(0.3585, device='cuda:0', grad_fn=<DivBackward0>)
Memory status after this epoch: 
Memory allocated:  138.9697265625
Memory cached:  216.0
	 epoch  30 training error:  tensor(0.3304, device='cuda:0', grad_fn=<DivBackward0>)
Memory status after this epoch: 
Memory allocated:  138.9697265625
Memory cached:  216.0
	 epoch  40 training error:  tensor(0.2943, device='cuda:0', grad_fn=<DivBackward0>)
Memory status after this epoch: 
Memory allocated:  138.9697265625
Memory cached:  216.0
	 epoch  50 training error:  tensor(0.2893, device='cuda:0', grad_fn=<DivBackward0>)
Memory status after this epoch: 
Memory allocated:  138.9697265625
Memory cached:  216.0
	 epoch  60 training error:  tensor(0.2877, device='cuda:0', grad_fn=<DivBackward0>)
Memory status after this epoch: 
Memory allocated:  138.9697265625
Memory cached:  216.0
	 epoch  70 training error:  tensor(0.2881, device='cuda:0', grad_fn=<DivBackward0>)
Memory status after this epoch: 
Memory allocated:  138.9697265625
Memory cached:  216.0
	 epoch  80 training error:  tensor(0.2877, device='cuda:0', grad_fn=<DivBackward0>)
Memory status after this epoch: 
Memory allocated:  138.9697265625
Memory cached:  216.0
	 epoch  90 training error:  tensor(0.2913, device='cuda:0', grad_fn=<DivBackward0>)
Memory status after this epoch: 
Memory allocated:  138.9697265625
Memory cached:  216.0
[I 2023-12-20 18:41:58,704] Trial 84 finished with value: 0.32802221179008484 and parameters: {'W_layers': 6, 'W_layer_units_exponent_0': 9, 'W_layer_units_exponent_1': 8, 'W_layer_units_exponent_2': 6, 'W_layer_units_exponent_3': 9, 'W_layer_units_exponent_4': 7, 'W_layer_units_exponent_5': 10, 'D_layers': 8, 'D_layer_units_exponent_0': 7, 'D_layer_units_exponent_1': 8, 'D_layer_units_exponent_2': 8, 'D_layer_units_exponent_3': 9, 'D_layer_units_exponent_4': 5, 'D_layer_units_exponent_5': 10, 'D_layer_units_exponent_6': 8, 'D_layer_units_exponent_7': 9, 'D_dagger_layers': 4, 'D_dagger_layer_units_exponent_0': 6, 'D_dagger_layer_units_exponent_1': 7, 'D_dagger_layer_units_exponent_2': 9, 'D_dagger_layer_units_exponent_3': 4, 'log_learning_rate': -2.8148378941811982, 'log_learning_rate_D': -3.535053786434381, 'log_learning_rate_D_dagger': -3.9859928197977137, 'training_batch_size': 10, 'training_p': 2}. Best is trial 82 with value: 0.32658275961875916.
Time for this trial:  22.168447732925415
Memory status after this trial: 
Memory allocated:  299.96240234375
Memory cached:  330.0
--------------------  Trial  85   --------------------
Start timing: 
Parameters: 
{'W_layers': 6, 'W_layer_units_exponent_0': 10, 'W_layer_units_exponent_1': 9, 'W_layer_units_exponent_2': 7, 'W_layer_units_exponent_3': 7, 'W_layer_units_exponent_4': 5, 'W_layer_units_exponent_5': 9, 'D_layers': 7, 'D_layer_units_exponent_0': 6, 'D_layer_units_exponent_1': 8, 'D_layer_units_exponent_2': 7, 'D_layer_units_exponent_3': 8, 'D_layer_units_exponent_4': 4, 'D_layer_units_exponent_5': 10, 'D_layer_units_exponent_6': 9, 'D_dagger_layers': 3, 'D_dagger_layer_units_exponent_0': 5, 'D_dagger_layer_units_exponent_1': 8, 'D_dagger_layer_units_exponent_2': 10, 'log_learning_rate': -3.295147059314482, 'log_learning_rate_D': -3.2482829432734364, 'log_learning_rate_D_dagger': -3.7453057462898087, 'training_batch_size': 10, 'training_p': 2}
	 epoch  0 training error:  tensor(1.0787, device='cuda:0', grad_fn=<DivBackward0>)
Memory status after this epoch: 
Memory allocated:  145.87744140625
Memory cached:  218.0
	 epoch  10 training error:  tensor(0.3404, device='cuda:0', grad_fn=<DivBackward0>)
Memory status after this epoch: 
Memory allocated:  145.87744140625
Memory cached:  220.0
	 epoch  20 training error:  tensor(0.3082, device='cuda:0', grad_fn=<DivBackward0>)
Memory status after this epoch: 
Memory allocated:  145.87744140625
Memory cached:  220.0
	 epoch  30 training error:  tensor(0.2994, device='cuda:0', grad_fn=<DivBackward0>)
Memory status after this epoch: 
Memory allocated:  145.87744140625
Memory cached:  220.0
	 epoch  40 training error:  tensor(0.2971, device='cuda:0', grad_fn=<DivBackward0>)
Memory status after this epoch: 
Memory allocated:  145.87744140625
Memory cached:  220.0
	 epoch  50 training error:  tensor(0.2907, device='cuda:0', grad_fn=<DivBackward0>)
Memory status after this epoch: 
Memory allocated:  145.87744140625
Memory cached:  220.0
	 epoch  60 training error:  tensor(0.3031, device='cuda:0', grad_fn=<DivBackward0>)
Memory status after this epoch: 
Memory allocated:  145.87744140625
Memory cached:  220.0
	 epoch  70 training error:  tensor(0.2899, device='cuda:0', grad_fn=<DivBackward0>)
Memory status after this epoch: 
Memory allocated:  145.87744140625
Memory cached:  220.0
	 epoch  80 training error:  tensor(0.3032, device='cuda:0', grad_fn=<DivBackward0>)
Memory status after this epoch: 
Memory allocated:  145.87744140625
Memory cached:  220.0
	 epoch  90 training error:  tensor(0.2883, device='cuda:0', grad_fn=<DivBackward0>)
Memory status after this epoch: 
Memory allocated:  145.87744140625
Memory cached:  220.0
[I 2023-12-20 18:42:21,074] Trial 85 finished with value: 0.3367248475551605 and parameters: {'W_layers': 6, 'W_layer_units_exponent_0': 10, 'W_layer_units_exponent_1': 9, 'W_layer_units_exponent_2': 7, 'W_layer_units_exponent_3': 7, 'W_layer_units_exponent_4': 5, 'W_layer_units_exponent_5': 9, 'D_layers': 7, 'D_layer_units_exponent_0': 6, 'D_layer_units_exponent_1': 8, 'D_layer_units_exponent_2': 7, 'D_layer_units_exponent_3': 8, 'D_layer_units_exponent_4': 4, 'D_layer_units_exponent_5': 10, 'D_layer_units_exponent_6': 9, 'D_dagger_layers': 3, 'D_dagger_layer_units_exponent_0': 5, 'D_dagger_layer_units_exponent_1': 8, 'D_dagger_layer_units_exponent_2': 10, 'log_learning_rate': -3.295147059314482, 'log_learning_rate_D': -3.2482829432734364, 'log_learning_rate_D_dagger': -3.7453057462898087, 'training_batch_size': 10, 'training_p': 2}. Best is trial 82 with value: 0.32658275961875916.
Time for this trial:  22.0093936920166
Memory status after this trial: 
Memory allocated:  323.44677734375
Memory cached:  362.0
--------------------  Trial  86   --------------------
Start timing: 
Parameters: 
{'W_layers': 5, 'W_layer_units_exponent_0': 9, 'W_layer_units_exponent_1': 8, 'W_layer_units_exponent_2': 7, 'W_layer_units_exponent_3': 8, 'W_layer_units_exponent_4': 5, 'D_layers': 8, 'D_layer_units_exponent_0': 7, 'D_layer_units_exponent_1': 9, 'D_layer_units_exponent_2': 9, 'D_layer_units_exponent_3': 8, 'D_layer_units_exponent_4': 6, 'D_layer_units_exponent_5': 5, 'D_layer_units_exponent_6': 7, 'D_layer_units_exponent_7': 7, 'D_dagger_layers': 5, 'D_dagger_layer_units_exponent_0': 6, 'D_dagger_layer_units_exponent_1': 7, 'D_dagger_layer_units_exponent_2': 9, 'D_dagger_layer_units_exponent_3': 5, 'D_dagger_layer_units_exponent_4': 6, 'log_learning_rate': -3.6400385369563124, 'log_learning_rate_D': -3.6624249488411427, 'log_learning_rate_D_dagger': -3.5896767324135155, 'training_batch_size': 10, 'training_p': 2}
	 epoch  0 training error:  tensor(1.0122, device='cuda:0', grad_fn=<DivBackward0>)
Memory status after this epoch: 
Memory allocated:  135.7998046875
Memory cached:  220.0
	 epoch  10 training error:  tensor(0.3863, device='cuda:0', grad_fn=<DivBackward0>)
Memory status after this epoch: 
Memory allocated:  135.7998046875
Memory cached:  222.0
	 epoch  20 training error:  tensor(0.3442, device='cuda:0', grad_fn=<DivBackward0>)
Memory status after this epoch: 
Memory allocated:  135.7998046875
Memory cached:  222.0
	 epoch  30 training error:  tensor(0.3109, device='cuda:0', grad_fn=<DivBackward0>)
Memory status after this epoch: 
Memory allocated:  135.7998046875
Memory cached:  222.0
	 epoch  40 training error:  tensor(0.2972, device='cuda:0', grad_fn=<DivBackward0>)
Memory status after this epoch: 
Memory allocated:  135.7998046875
Memory cached:  222.0
	 epoch  50 training error:  tensor(0.2920, device='cuda:0', grad_fn=<DivBackward0>)
Memory status after this epoch: 
Memory allocated:  135.7998046875
Memory cached:  222.0
	 epoch  60 training error:  tensor(0.2900, device='cuda:0', grad_fn=<DivBackward0>)
Memory status after this epoch: 
Memory allocated:  135.7998046875
Memory cached:  222.0
	 epoch  70 training error:  tensor(0.2889, device='cuda:0', grad_fn=<DivBackward0>)
Memory status after this epoch: 
Memory allocated:  135.7998046875
Memory cached:  222.0
	 epoch  80 training error:  tensor(0.2876, device='cuda:0', grad_fn=<DivBackward0>)
Memory status after this epoch: 
Memory allocated:  135.7998046875
Memory cached:  222.0
	 epoch  90 training error:  tensor(0.2882, device='cuda:0', grad_fn=<DivBackward0>)
Memory status after this epoch: 
Memory allocated:  135.7998046875
Memory cached:  222.0
[I 2023-12-20 18:42:42,117] Trial 86 finished with value: 0.32957831025123596 and parameters: {'W_layers': 5, 'W_layer_units_exponent_0': 9, 'W_layer_units_exponent_1': 8, 'W_layer_units_exponent_2': 7, 'W_layer_units_exponent_3': 8, 'W_layer_units_exponent_4': 5, 'D_layers': 8, 'D_layer_units_exponent_0': 7, 'D_layer_units_exponent_1': 9, 'D_layer_units_exponent_2': 9, 'D_layer_units_exponent_3': 8, 'D_layer_units_exponent_4': 6, 'D_layer_units_exponent_5': 5, 'D_layer_units_exponent_6': 7, 'D_layer_units_exponent_7': 7, 'D_dagger_layers': 5, 'D_dagger_layer_units_exponent_0': 6, 'D_dagger_layer_units_exponent_1': 7, 'D_dagger_layer_units_exponent_2': 9, 'D_dagger_layer_units_exponent_3': 5, 'D_dagger_layer_units_exponent_4': 6, 'log_learning_rate': -3.6400385369563124, 'log_learning_rate_D': -3.6624249488411427, 'log_learning_rate_D_dagger': -3.5896767324135155, 'training_batch_size': 10, 'training_p': 2}. Best is trial 82 with value: 0.32658275961875916.
Time for this trial:  20.65544605255127
Memory status after this trial: 
Memory allocated:  238.71240234375
Memory cached:  254.0
--------------------  Trial  87   --------------------
Start timing: 
Parameters: 
{'W_layers': 6, 'W_layer_units_exponent_0': 9, 'W_layer_units_exponent_1': 9, 'W_layer_units_exponent_2': 5, 'W_layer_units_exponent_3': 7, 'W_layer_units_exponent_4': 6, 'W_layer_units_exponent_5': 8, 'D_layers': 7, 'D_layer_units_exponent_0': 8, 'D_layer_units_exponent_1': 8, 'D_layer_units_exponent_2': 8, 'D_layer_units_exponent_3': 9, 'D_layer_units_exponent_4': 7, 'D_layer_units_exponent_5': 4, 'D_layer_units_exponent_6': 7, 'D_dagger_layers': 2, 'D_dagger_layer_units_exponent_0': 5, 'D_dagger_layer_units_exponent_1': 8, 'log_learning_rate': -3.788188614774646, 'log_learning_rate_D': -3.406272381016675, 'log_learning_rate_D_dagger': -3.8706770468604206, 'training_batch_size': 11, 'training_p': 3}
	 epoch  0 training error:  tensor(0.8657, device='cuda:0', grad_fn=<DivBackward0>)
Memory status after this epoch: 
Memory allocated:  135.447265625
Memory cached:  218.0
	 epoch  10 training error:  tensor(0.5091, device='cuda:0', grad_fn=<DivBackward0>)
Memory status after this epoch: 
Memory allocated:  135.447265625
Memory cached:  222.0
	 epoch  20 training error:  tensor(0.4478, device='cuda:0', grad_fn=<DivBackward0>)
Memory status after this epoch: 
Memory allocated:  135.447265625
Memory cached:  220.0
	 epoch  30 training error:  tensor(0.4231, device='cuda:0', grad_fn=<DivBackward0>)
Memory status after this epoch: 
Memory allocated:  135.447265625
Memory cached:  222.0
	 epoch  40 training error:  tensor(0.4107, device='cuda:0', grad_fn=<DivBackward0>)
Memory status after this epoch: 
Memory allocated:  135.447265625
Memory cached:  220.0
	 epoch  50 training error:  tensor(0.3987, device='cuda:0', grad_fn=<DivBackward0>)
Memory status after this epoch: 
Memory allocated:  135.447265625
Memory cached:  220.0
	 epoch  60 training error:  tensor(0.3924, device='cuda:0', grad_fn=<DivBackward0>)
Memory status after this epoch: 
Memory allocated:  135.447265625
Memory cached:  222.0
	 epoch  70 training error:  tensor(0.3854, device='cuda:0', grad_fn=<DivBackward0>)
Memory status after this epoch: 
Memory allocated:  135.447265625
Memory cached:  222.0
	 epoch  80 training error:  tensor(0.3809, device='cuda:0', grad_fn=<DivBackward0>)
Memory status after this epoch: 
Memory allocated:  135.447265625
Memory cached:  220.0
	 epoch  90 training error:  tensor(0.3783, device='cuda:0', grad_fn=<DivBackward0>)
Memory status after this epoch: 
Memory allocated:  135.447265625
Memory cached:  222.0
