[I 2023-12-20 18:21:06,398] Trial 28 finished with value: 0.3455524444580078 and parameters: {'W_layers': 6, 'W_layer_units_exponent_0': 7, 'W_layer_units_exponent_1': 5, 'W_layer_units_exponent_2': 10, 'W_layer_units_exponent_3': 7, 'W_layer_units_exponent_4': 4, 'W_layer_units_exponent_5': 5, 'D_layers': 6, 'D_layer_units_exponent_0': 10, 'D_layer_units_exponent_1': 7, 'D_layer_units_exponent_2': 9, 'D_layer_units_exponent_3': 5, 'D_layer_units_exponent_4': 6, 'D_layer_units_exponent_5': 5, 'D_dagger_layers': 5, 'D_dagger_layer_units_exponent_0': 5, 'D_dagger_layer_units_exponent_1': 5, 'D_dagger_layer_units_exponent_2': 4, 'D_dagger_layer_units_exponent_3': 9, 'D_dagger_layer_units_exponent_4': 9, 'log_learning_rate': -3.539939775088904, 'log_learning_rate_D': -4.217784091087592, 'log_learning_rate_D_dagger': -3.683000638140193, 'training_batch_size': 10, 'training_p': 3}. Best is trial 6 with value: 0.3267160654067993.
Time for this trial:  21.611037731170654
Memory status after this trial: 
Memory allocated:  263.10107421875
Memory cached:  288.0
--------------------  Trial  29   --------------------
Start timing: 
Parameters: 
{'W_layers': 7, 'W_layer_units_exponent_0': 7, 'W_layer_units_exponent_1': 6, 'W_layer_units_exponent_2': 9, 'W_layer_units_exponent_3': 6, 'W_layer_units_exponent_4': 5, 'W_layer_units_exponent_5': 8, 'W_layer_units_exponent_6': 8, 'D_layers': 7, 'D_layer_units_exponent_0': 8, 'D_layer_units_exponent_1': 9, 'D_layer_units_exponent_2': 9, 'D_layer_units_exponent_3': 5, 'D_layer_units_exponent_4': 7, 'D_layer_units_exponent_5': 6, 'D_layer_units_exponent_6': 7, 'D_dagger_layers': 4, 'D_dagger_layer_units_exponent_0': 5, 'D_dagger_layer_units_exponent_1': 6, 'D_dagger_layer_units_exponent_2': 4, 'D_dagger_layer_units_exponent_3': 5, 'log_learning_rate': -4.477147432836896, 'log_learning_rate_D': -3.895649146847891, 'log_learning_rate_D_dagger': -3.1088770865285706, 'training_batch_size': 11, 'training_p': 2}
	 epoch  0 training error:  tensor(0.9578, device='cuda:0', grad_fn=<DivBackward0>)
Memory status after this epoch: 
Memory allocated:  134.02001953125
Memory cached:  182.0
	 epoch  10 training error:  tensor(0.5960, device='cuda:0', grad_fn=<DivBackward0>)
Memory status after this epoch: 
Memory allocated:  134.02001953125
Memory cached:  182.0
	 epoch  20 training error:  tensor(0.3611, device='cuda:0', grad_fn=<DivBackward0>)
Memory status after this epoch: 
Memory allocated:  134.02001953125
Memory cached:  182.0
	 epoch  30 training error:  tensor(0.3018, device='cuda:0', grad_fn=<DivBackward0>)
Memory status after this epoch: 
Memory allocated:  134.02001953125
Memory cached:  182.0
	 epoch  40 training error:  tensor(0.2983, device='cuda:0', grad_fn=<DivBackward0>)
Memory status after this epoch: 
Memory allocated:  134.02001953125
Memory cached:  182.0
	 epoch  50 training error:  tensor(0.2925, device='cuda:0', grad_fn=<DivBackward0>)
Memory status after this epoch: 
Memory allocated:  134.02001953125
Memory cached:  182.0
	 epoch  60 training error:  tensor(0.2899, device='cuda:0', grad_fn=<DivBackward0>)
Memory status after this epoch: 
Memory allocated:  134.02001953125
Memory cached:  182.0
	 epoch  70 training error:  tensor(0.2899, device='cuda:0', grad_fn=<DivBackward0>)
Memory status after this epoch: 
Memory allocated:  134.02001953125
Memory cached:  182.0
	 epoch  80 training error:  tensor(0.2901, device='cuda:0', grad_fn=<DivBackward0>)
Memory status after this epoch: 
Memory allocated:  134.02001953125
Memory cached:  182.0
	 epoch  90 training error:  tensor(0.2882, device='cuda:0', grad_fn=<DivBackward0>)
Memory status after this epoch: 
Memory allocated:  134.02001953125
Memory cached:  182.0
[I 2023-12-20 18:21:26,694] Trial 29 finished with value: 0.3293415606021881 and parameters: {'W_layers': 7, 'W_layer_units_exponent_0': 7, 'W_layer_units_exponent_1': 6, 'W_layer_units_exponent_2': 9, 'W_layer_units_exponent_3': 6, 'W_layer_units_exponent_4': 5, 'W_layer_units_exponent_5': 8, 'W_layer_units_exponent_6': 8, 'D_layers': 7, 'D_layer_units_exponent_0': 8, 'D_layer_units_exponent_1': 9, 'D_layer_units_exponent_2': 9, 'D_layer_units_exponent_3': 5, 'D_layer_units_exponent_4': 7, 'D_layer_units_exponent_5': 6, 'D_layer_units_exponent_6': 7, 'D_dagger_layers': 4, 'D_dagger_layer_units_exponent_0': 5, 'D_dagger_layer_units_exponent_1': 6, 'D_dagger_layer_units_exponent_2': 4, 'D_dagger_layer_units_exponent_3': 5, 'log_learning_rate': -4.477147432836896, 'log_learning_rate_D': -3.895649146847891, 'log_learning_rate_D_dagger': -3.1088770865285706, 'training_batch_size': 11, 'training_p': 2}. Best is trial 6 with value: 0.3267160654067993.
Time for this trial:  19.96894907951355
Memory status after this trial: 
Memory allocated:  207.69189453125
Memory cached:  230.0
--------------------  Trial  30   --------------------
Start timing: 
Parameters: 
{'W_layers': 8, 'W_layer_units_exponent_0': 5, 'W_layer_units_exponent_1': 5, 'W_layer_units_exponent_2': 8, 'W_layer_units_exponent_3': 5, 'W_layer_units_exponent_4': 4, 'W_layer_units_exponent_5': 6, 'W_layer_units_exponent_6': 5, 'W_layer_units_exponent_7': 7, 'D_layers': 6, 'D_layer_units_exponent_0': 9, 'D_layer_units_exponent_1': 6, 'D_layer_units_exponent_2': 7, 'D_layer_units_exponent_3': 7, 'D_layer_units_exponent_4': 6, 'D_layer_units_exponent_5': 4, 'D_dagger_layers': 5, 'D_dagger_layer_units_exponent_0': 6, 'D_dagger_layer_units_exponent_1': 4, 'D_dagger_layer_units_exponent_2': 5, 'D_dagger_layer_units_exponent_3': 9, 'D_dagger_layer_units_exponent_4': 9, 'log_learning_rate': -2.550671329441378, 'log_learning_rate_D': -4.271291397355588, 'log_learning_rate_D_dagger': -3.544851180203205, 'training_batch_size': 10, 'training_p': 3}
	 epoch  0 training error:  tensor(1.0114, device='cuda:0', grad_fn=<DivBackward0>)
Memory status after this epoch: 
Memory allocated:  134.962890625
Memory cached:  186.0
	 epoch  10 training error:  tensor(0.3805, device='cuda:0', grad_fn=<DivBackward0>)
Memory status after this epoch: 
Memory allocated:  134.962890625
Memory cached:  188.0
	 epoch  20 training error:  tensor(0.4053, device='cuda:0', grad_fn=<DivBackward0>)
Memory status after this epoch: 
Memory allocated:  134.962890625
Memory cached:  188.0
	 epoch  30 training error:  tensor(0.3793, device='cuda:0', grad_fn=<DivBackward0>)
Memory status after this epoch: 
Memory allocated:  134.962890625
Memory cached:  188.0
	 epoch  40 training error:  tensor(0.3767, device='cuda:0', grad_fn=<DivBackward0>)
Memory status after this epoch: 
Memory allocated:  134.962890625
Memory cached:  188.0
	 epoch  50 training error:  tensor(0.3768, device='cuda:0', grad_fn=<DivBackward0>)
Memory status after this epoch: 
Memory allocated:  134.962890625
Memory cached:  188.0
	 epoch  60 training error:  tensor(0.3728, device='cuda:0', grad_fn=<DivBackward0>)
Memory status after this epoch: 
Memory allocated:  134.962890625
Memory cached:  188.0
	 epoch  70 training error:  tensor(0.3763, device='cuda:0', grad_fn=<DivBackward0>)
Memory status after this epoch: 
Memory allocated:  134.962890625
Memory cached:  188.0
	 epoch  80 training error:  tensor(0.3710, device='cuda:0', grad_fn=<DivBackward0>)
Memory status after this epoch: 
Memory allocated:  134.962890625
Memory cached:  188.0
	 epoch  90 training error:  tensor(0.3713, device='cuda:0', grad_fn=<DivBackward0>)
Memory status after this epoch: 
Memory allocated:  134.962890625
Memory cached:  188.0
[I 2023-12-20 18:21:47,896] Trial 30 finished with value: 0.3407561480998993 and parameters: {'W_layers': 8, 'W_layer_units_exponent_0': 5, 'W_layer_units_exponent_1': 5, 'W_layer_units_exponent_2': 8, 'W_layer_units_exponent_3': 5, 'W_layer_units_exponent_4': 4, 'W_layer_units_exponent_5': 6, 'W_layer_units_exponent_6': 5, 'W_layer_units_exponent_7': 7, 'D_layers': 6, 'D_layer_units_exponent_0': 9, 'D_layer_units_exponent_1': 6, 'D_layer_units_exponent_2': 7, 'D_layer_units_exponent_3': 7, 'D_layer_units_exponent_4': 6, 'D_layer_units_exponent_5': 4, 'D_dagger_layers': 5, 'D_dagger_layer_units_exponent_0': 6, 'D_dagger_layer_units_exponent_1': 4, 'D_dagger_layer_units_exponent_2': 5, 'D_dagger_layer_units_exponent_3': 9, 'D_dagger_layer_units_exponent_4': 9, 'log_learning_rate': -2.550671329441378, 'log_learning_rate_D': -4.271291397355588, 'log_learning_rate_D_dagger': -3.544851180203205, 'training_batch_size': 10, 'training_p': 3}. Best is trial 6 with value: 0.3267160654067993.
Time for this trial:  20.8660728931427
Memory status after this trial: 
Memory allocated:  221.16748046875
Memory cached:  230.0
--------------------  Trial  31   --------------------
Start timing: 
Parameters: 
{'W_layers': 7, 'W_layer_units_exponent_0': 6, 'W_layer_units_exponent_1': 8, 'W_layer_units_exponent_2': 9, 'W_layer_units_exponent_3': 8, 'W_layer_units_exponent_4': 5, 'W_layer_units_exponent_5': 8, 'W_layer_units_exponent_6': 8, 'D_layers': 7, 'D_layer_units_exponent_0': 6, 'D_layer_units_exponent_1': 7, 'D_layer_units_exponent_2': 8, 'D_layer_units_exponent_3': 7, 'D_layer_units_exponent_4': 8, 'D_layer_units_exponent_5': 6, 'D_layer_units_exponent_6': 6, 'D_dagger_layers': 8, 'D_dagger_layer_units_exponent_0': 6, 'D_dagger_layer_units_exponent_1': 6, 'D_dagger_layer_units_exponent_2': 4, 'D_dagger_layer_units_exponent_3': 7, 'D_dagger_layer_units_exponent_4': 6, 'D_dagger_layer_units_exponent_5': 6, 'D_dagger_layer_units_exponent_6': 4, 'D_dagger_layer_units_exponent_7': 10, 'log_learning_rate': -3.3383117578354673, 'log_learning_rate_D': -2.798518862863605, 'log_learning_rate_D_dagger': -3.3834717125001763, 'training_batch_size': 12, 'training_p': 4}
	 epoch  0 training error:  tensor(0.9848, device='cuda:0', grad_fn=<DivBackward0>)
Memory status after this epoch: 
Memory allocated:  136.626953125
Memory cached:  180.0
	 epoch  10 training error:  tensor(0.5134, device='cuda:0', grad_fn=<DivBackward0>)
Memory status after this epoch: 
Memory allocated:  136.626953125
Memory cached:  180.0
	 epoch  20 training error:  tensor(0.4923, device='cuda:0', grad_fn=<DivBackward0>)
Memory status after this epoch: 
Memory allocated:  136.626953125
Memory cached:  180.0
	 epoch  30 training error:  tensor(0.4586, device='cuda:0', grad_fn=<DivBackward0>)
Memory status after this epoch: 
Memory allocated:  136.626953125
Memory cached:  180.0
	 epoch  40 training error:  tensor(0.4559, device='cuda:0', grad_fn=<DivBackward0>)
Memory status after this epoch: 
Memory allocated:  136.626953125
Memory cached:  180.0
	 epoch  50 training error:  tensor(0.4415, device='cuda:0', grad_fn=<DivBackward0>)
Memory status after this epoch: 
Memory allocated:  136.626953125
Memory cached:  180.0
	 epoch  60 training error:  tensor(0.4367, device='cuda:0', grad_fn=<DivBackward0>)
Memory status after this epoch: 
Memory allocated:  136.626953125
Memory cached:  180.0
	 epoch  70 training error:  tensor(0.4399, device='cuda:0', grad_fn=<DivBackward0>)
Memory status after this epoch: 
Memory allocated:  136.626953125
Memory cached:  180.0
	 epoch  80 training error:  tensor(0.4407, device='cuda:0', grad_fn=<DivBackward0>)
Memory status after this epoch: 
Memory allocated:  136.626953125
Memory cached:  180.0
	 epoch  90 training error:  tensor(0.4411, device='cuda:0', grad_fn=<DivBackward0>)
Memory status after this epoch: 
Memory allocated:  136.626953125
Memory cached:  180.0
[I 2023-12-20 18:22:10,436] Trial 31 finished with value: 0.3704994022846222 and parameters: {'W_layers': 7, 'W_layer_units_exponent_0': 6, 'W_layer_units_exponent_1': 8, 'W_layer_units_exponent_2': 9, 'W_layer_units_exponent_3': 8, 'W_layer_units_exponent_4': 5, 'W_layer_units_exponent_5': 8, 'W_layer_units_exponent_6': 8, 'D_layers': 7, 'D_layer_units_exponent_0': 6, 'D_layer_units_exponent_1': 7, 'D_layer_units_exponent_2': 8, 'D_layer_units_exponent_3': 7, 'D_layer_units_exponent_4': 8, 'D_layer_units_exponent_5': 6, 'D_layer_units_exponent_6': 6, 'D_dagger_layers': 8, 'D_dagger_layer_units_exponent_0': 6, 'D_dagger_layer_units_exponent_1': 6, 'D_dagger_layer_units_exponent_2': 4, 'D_dagger_layer_units_exponent_3': 7, 'D_dagger_layer_units_exponent_4': 6, 'D_dagger_layer_units_exponent_5': 6, 'D_dagger_layer_units_exponent_6': 4, 'D_dagger_layer_units_exponent_7': 10, 'log_learning_rate': -3.3383117578354673, 'log_learning_rate_D': -2.798518862863605, 'log_learning_rate_D_dagger': -3.3834717125001763, 'training_batch_size': 12, 'training_p': 4}. Best is trial 6 with value: 0.3267160654067993.
Time for this trial:  22.170542001724243
Memory status after this trial: 
Memory allocated:  289.71630859375
Memory cached:  316.0
--------------------  Trial  32   --------------------
Start timing: 
Parameters: 
{'W_layers': 5, 'W_layer_units_exponent_0': 8, 'W_layer_units_exponent_1': 4, 'W_layer_units_exponent_2': 8, 'W_layer_units_exponent_3': 5, 'W_layer_units_exponent_4': 6, 'D_layers': 5, 'D_layer_units_exponent_0': 7, 'D_layer_units_exponent_1': 8, 'D_layer_units_exponent_2': 4, 'D_layer_units_exponent_3': 9, 'D_layer_units_exponent_4': 5, 'D_dagger_layers': 6, 'D_dagger_layer_units_exponent_0': 4, 'D_dagger_layer_units_exponent_1': 7, 'D_dagger_layer_units_exponent_2': 5, 'D_dagger_layer_units_exponent_3': 10, 'D_dagger_layer_units_exponent_4': 8, 'D_dagger_layer_units_exponent_5': 7, 'log_learning_rate': -3.913489034151326, 'log_learning_rate_D': -3.5199930959469596, 'log_learning_rate_D_dagger': -3.7926487969646163, 'training_batch_size': 10, 'training_p': 2}
	 epoch  0 training error:  tensor(0.9685, device='cuda:0', grad_fn=<DivBackward0>)
Memory status after this epoch: 
Memory allocated:  135.66015625
Memory cached:  182.0
	 epoch  10 training error:  tensor(0.3517, device='cuda:0', grad_fn=<DivBackward0>)
Memory status after this epoch: 
Memory allocated:  135.66015625
Memory cached:  182.0
	 epoch  20 training error:  tensor(0.3161, device='cuda:0', grad_fn=<DivBackward0>)
Memory status after this epoch: 
Memory allocated:  135.66015625
Memory cached:  182.0
	 epoch  30 training error:  tensor(0.3050, device='cuda:0', grad_fn=<DivBackward0>)
Memory status after this epoch: 
Memory allocated:  135.66015625
Memory cached:  182.0
	 epoch  40 training error:  tensor(0.3025, device='cuda:0', grad_fn=<DivBackward0>)
Memory status after this epoch: 
Memory allocated:  135.66015625
Memory cached:  182.0
	 epoch  50 training error:  tensor(0.2916, device='cuda:0', grad_fn=<DivBackward0>)
Memory status after this epoch: 
Memory allocated:  135.66015625
Memory cached:  182.0
	 epoch  60 training error:  tensor(0.2900, device='cuda:0', grad_fn=<DivBackward0>)
Memory status after this epoch: 
Memory allocated:  135.66015625
Memory cached:  182.0
	 epoch  70 training error:  tensor(0.2889, device='cuda:0', grad_fn=<DivBackward0>)
Memory status after this epoch: 
Memory allocated:  135.66015625
Memory cached:  182.0
	 epoch  80 training error:  tensor(0.2899, device='cuda:0', grad_fn=<DivBackward0>)
Memory status after this epoch: 
Memory allocated:  135.66015625
Memory cached:  182.0
	 epoch  90 training error:  tensor(0.2910, device='cuda:0', grad_fn=<DivBackward0>)
Memory status after this epoch: 
Memory allocated:  135.66015625
Memory cached:  182.0
[I 2023-12-20 18:22:31,675] Trial 32 finished with value: 0.33165135979652405 and parameters: {'W_layers': 5, 'W_layer_units_exponent_0': 8, 'W_layer_units_exponent_1': 4, 'W_layer_units_exponent_2': 8, 'W_layer_units_exponent_3': 5, 'W_layer_units_exponent_4': 6, 'D_layers': 5, 'D_layer_units_exponent_0': 7, 'D_layer_units_exponent_1': 8, 'D_layer_units_exponent_2': 4, 'D_layer_units_exponent_3': 9, 'D_layer_units_exponent_4': 5, 'D_dagger_layers': 6, 'D_dagger_layer_units_exponent_0': 4, 'D_dagger_layer_units_exponent_1': 7, 'D_dagger_layer_units_exponent_2': 5, 'D_dagger_layer_units_exponent_3': 10, 'D_dagger_layer_units_exponent_4': 8, 'D_dagger_layer_units_exponent_5': 7, 'log_learning_rate': -3.913489034151326, 'log_learning_rate_D': -3.5199930959469596, 'log_learning_rate_D_dagger': -3.7926487969646163, 'training_batch_size': 10, 'training_p': 2}. Best is trial 6 with value: 0.3267160654067993.
Time for this trial:  20.92710018157959
Memory status after this trial: 
Memory allocated:  250.57861328125
Memory cached:  270.0
--------------------  Trial  33   --------------------
Start timing: 
Parameters: 
{'W_layers': 6, 'W_layer_units_exponent_0': 9, 'W_layer_units_exponent_1': 5, 'W_layer_units_exponent_2': 10, 'W_layer_units_exponent_3': 6, 'W_layer_units_exponent_4': 4, 'W_layer_units_exponent_5': 5, 'D_layers': 5, 'D_layer_units_exponent_0': 8, 'D_layer_units_exponent_1': 7, 'D_layer_units_exponent_2': 5, 'D_layer_units_exponent_3': 8, 'D_layer_units_exponent_4': 5, 'D_dagger_layers': 6, 'D_dagger_layer_units_exponent_0': 4, 'D_dagger_layer_units_exponent_1': 9, 'D_dagger_layer_units_exponent_2': 6, 'D_dagger_layer_units_exponent_3': 9, 'D_dagger_layer_units_exponent_4': 9, 'D_dagger_layer_units_exponent_5': 7, 'log_learning_rate': -3.636999481560559, 'log_learning_rate_D': -3.4357071372361125, 'log_learning_rate_D_dagger': -3.815999717010077, 'training_batch_size': 9, 'training_p': 2}
	 epoch  0 training error:  tensor(1.0688, device='cuda:0', grad_fn=<DivBackward0>)
Memory status after this epoch: 
Memory allocated:  138.1748046875
Memory cached:  184.0
	 epoch  10 training error:  tensor(0.4638, device='cuda:0', grad_fn=<DivBackward0>)
Memory status after this epoch: 
Memory allocated:  138.1748046875
Memory cached:  184.0
	 epoch  20 training error:  tensor(0.3414, device='cuda:0', grad_fn=<DivBackward0>)
Memory status after this epoch: 
Memory allocated:  138.1748046875
Memory cached:  188.0
	 epoch  30 training error:  tensor(0.2895, device='cuda:0', grad_fn=<DivBackward0>)
Memory status after this epoch: 
Memory allocated:  138.1748046875
Memory cached:  190.0
	 epoch  40 training error:  tensor(0.2900, device='cuda:0', grad_fn=<DivBackward0>)
Memory status after this epoch: 
Memory allocated:  138.1748046875
Memory cached:  188.0
	 epoch  50 training error:  tensor(0.2913, device='cuda:0', grad_fn=<DivBackward0>)
Memory status after this epoch: 
Memory allocated:  138.1748046875
Memory cached:  190.0
	 epoch  60 training error:  tensor(0.2942, device='cuda:0', grad_fn=<DivBackward0>)
Memory status after this epoch: 
Memory allocated:  138.1748046875
Memory cached:  188.0
	 epoch  70 training error:  tensor(0.2903, device='cuda:0', grad_fn=<DivBackward0>)
Memory status after this epoch: 
Memory allocated:  138.1748046875
Memory cached:  190.0
	 epoch  80 training error:  tensor(0.2853, device='cuda:0', grad_fn=<DivBackward0>)
Memory status after this epoch: 
Memory allocated:  138.1748046875
Memory cached:  188.0
	 epoch  90 training error:  tensor(0.2884, device='cuda:0', grad_fn=<DivBackward0>)
Memory status after this epoch: 
Memory allocated:  138.1748046875
Memory cached:  190.0
