[I 2023-12-05 01:13:15,905] Trial 19 finished with value: 0.6967532634735107 and parameters: {'W_layers': 6, 'W_layer_units_exponent_0': 7, 'W_layer_units_exponent_1': 5, 'W_layer_units_exponent_2': 4, 'W_layer_units_exponent_3': 4, 'W_layer_units_exponent_4': 4, 'W_layer_units_exponent_5': 7, 'D_layers': 2, 'D_layer_units_exponent_0': 8, 'D_layer_units_exponent_1': 9, 'log_learning_rate': -3.728235207833353, 'log_learning_rate_D': -3.3826830198132822, 'training_batch_size': 8, 'training_p': 2}. Best is trial 14 with value: 0.16053257882595062.
Time for this trial:  39.623348236083984
Memory status after this trial: 
Memory allocated:  39.802734375
Memory cached:  124.0
--------------------  Trial  20   --------------------
Start timing: 
Parameters: 
{'W_layers': 3, 'W_layer_units_exponent_0': 9, 'W_layer_units_exponent_1': 6, 'W_layer_units_exponent_2': 8, 'D_layers': 5, 'D_layer_units_exponent_0': 6, 'D_layer_units_exponent_1': 7, 'D_layer_units_exponent_2': 6, 'D_layer_units_exponent_3': 7, 'D_layer_units_exponent_4': 7, 'log_learning_rate': -2.9484280984989875, 'log_learning_rate_D': -3.7562242877857095, 'training_batch_size': 10, 'training_p': 5}
	 epoch  0 training error:  tensor(1.0282, device='cuda:0', grad_fn=<DivBackward0>)
Memory status after this epoch: 
Memory allocated:  14.75244140625
Memory cached:  126.0
	 epoch  10 training error:  tensor(0.8277, device='cuda:0', grad_fn=<DivBackward0>)
Memory status after this epoch: 
Memory allocated:  14.75244140625
Memory cached:  126.0
	 epoch  20 training error:  tensor(0.8057, device='cuda:0', grad_fn=<DivBackward0>)
Memory status after this epoch: 
Memory allocated:  14.75244140625
Memory cached:  126.0
	 epoch  30 training error:  tensor(0.7214, device='cuda:0', grad_fn=<DivBackward0>)
Memory status after this epoch: 
Memory allocated:  14.75244140625
Memory cached:  126.0
	 epoch  40 training error:  tensor(0.6214, device='cuda:0', grad_fn=<DivBackward0>)
Memory status after this epoch: 
Memory allocated:  14.75244140625
Memory cached:  126.0
	 epoch  50 training error:  tensor(0.5241, device='cuda:0', grad_fn=<DivBackward0>)
Memory status after this epoch: 
Memory allocated:  14.75244140625
Memory cached:  126.0
	 epoch  60 training error:  tensor(0.4240, device='cuda:0', grad_fn=<DivBackward0>)
Memory status after this epoch: 
Memory allocated:  14.75244140625
Memory cached:  126.0
	 epoch  70 training error:  tensor(0.3529, device='cuda:0', grad_fn=<DivBackward0>)
Memory status after this epoch: 
Memory allocated:  14.75244140625
Memory cached:  126.0
	 epoch  80 training error:  tensor(0.3225, device='cuda:0', grad_fn=<DivBackward0>)
Memory status after this epoch: 
Memory allocated:  14.75244140625
Memory cached:  126.0
	 epoch  90 training error:  tensor(0.2907, device='cuda:0', grad_fn=<DivBackward0>)
Memory status after this epoch: 
Memory allocated:  14.75244140625
Memory cached:  126.0
[I 2023-12-05 01:13:56,125] Trial 20 finished with value: 0.1808537095785141 and parameters: {'W_layers': 3, 'W_layer_units_exponent_0': 9, 'W_layer_units_exponent_1': 6, 'W_layer_units_exponent_2': 8, 'D_layers': 5, 'D_layer_units_exponent_0': 6, 'D_layer_units_exponent_1': 7, 'D_layer_units_exponent_2': 6, 'D_layer_units_exponent_3': 7, 'D_layer_units_exponent_4': 7, 'log_learning_rate': -2.9484280984989875, 'log_learning_rate_D': -3.7562242877857095, 'training_batch_size': 10, 'training_p': 5}. Best is trial 14 with value: 0.16053257882595062.
Time for this trial:  40.02162837982178
Memory status after this trial: 
Memory allocated:  44.7705078125
Memory cached:  126.0
--------------------  Trial  21   --------------------
Start timing: 
Parameters: 
{'W_layers': 4, 'W_layer_units_exponent_0': 7, 'W_layer_units_exponent_1': 4, 'W_layer_units_exponent_2': 6, 'W_layer_units_exponent_3': 7, 'D_layers': 3, 'D_layer_units_exponent_0': 5, 'D_layer_units_exponent_1': 9, 'D_layer_units_exponent_2': 4, 'log_learning_rate': -2.4557888092249582, 'log_learning_rate_D': -3.0554993672349986, 'training_batch_size': 6, 'training_p': 3}
	 epoch  0 training error:  tensor(0.9981, device='cuda:0', grad_fn=<DivBackward0>)
Memory status after this epoch: 
Memory allocated:  13.87451171875
Memory cached:  124.0
	 epoch  10 training error:  tensor(0.6957, device='cuda:0', grad_fn=<DivBackward0>)
Memory status after this epoch: 
Memory allocated:  13.87451171875
Memory cached:  124.0
	 epoch  20 training error:  tensor(0.6455, device='cuda:0', grad_fn=<DivBackward0>)
Memory status after this epoch: 
Memory allocated:  13.87451171875
Memory cached:  124.0
	 epoch  30 training error:  tensor(0.6179, device='cuda:0', grad_fn=<DivBackward0>)
Memory status after this epoch: 
Memory allocated:  13.87451171875
Memory cached:  124.0
	 epoch  40 training error:  tensor(0.5529, device='cuda:0', grad_fn=<DivBackward0>)
Memory status after this epoch: 
Memory allocated:  13.87451171875
Memory cached:  124.0
	 epoch  50 training error:  tensor(0.3501, device='cuda:0', grad_fn=<DivBackward0>)
Memory status after this epoch: 
Memory allocated:  13.87451171875
Memory cached:  124.0
	 epoch  60 training error:  tensor(0.3420, device='cuda:0', grad_fn=<DivBackward0>)
Memory status after this epoch: 
Memory allocated:  13.87451171875
Memory cached:  124.0
	 epoch  70 training error:  tensor(0.2527, device='cuda:0', grad_fn=<DivBackward0>)
Memory status after this epoch: 
Memory allocated:  13.87451171875
Memory cached:  124.0
	 epoch  80 training error:  tensor(0.1713, device='cuda:0', grad_fn=<DivBackward0>)
Memory status after this epoch: 
Memory allocated:  13.87451171875
Memory cached:  124.0
	 epoch  90 training error:  tensor(0.1791, device='cuda:0', grad_fn=<DivBackward0>)
Memory status after this epoch: 
Memory allocated:  13.87451171875
Memory cached:  124.0
[I 2023-12-05 01:14:56,636] Trial 21 finished with value: 0.11125688999891281 and parameters: {'W_layers': 4, 'W_layer_units_exponent_0': 7, 'W_layer_units_exponent_1': 4, 'W_layer_units_exponent_2': 6, 'W_layer_units_exponent_3': 7, 'D_layers': 3, 'D_layer_units_exponent_0': 5, 'D_layer_units_exponent_1': 9, 'D_layer_units_exponent_2': 4, 'log_learning_rate': -2.4557888092249582, 'log_learning_rate_D': -3.0554993672349986, 'training_batch_size': 6, 'training_p': 3}. Best is trial 21 with value: 0.11125688999891281.
res:  tensor(0.1113, device='cuda:0', grad_fn=<DivBackward0>)
self.bestValue:  tensor(0.1605, device='cuda:0', grad_fn=<DivBackward0>)
Save this model!
Time for this trial:  60.32598114013672
Memory status after this trial: 
Memory allocated:  20.93896484375
Memory cached:  102.0
--------------------  Trial  22   --------------------
Start timing: 
Parameters: 
{'W_layers': 4, 'W_layer_units_exponent_0': 7, 'W_layer_units_exponent_1': 4, 'W_layer_units_exponent_2': 6, 'W_layer_units_exponent_3': 7, 'D_layers': 3, 'D_layer_units_exponent_0': 5, 'D_layer_units_exponent_1': 9, 'D_layer_units_exponent_2': 4, 'log_learning_rate': -2.4462402472952363, 'log_learning_rate_D': -3.138633281265015, 'training_batch_size': 6, 'training_p': 3}
	 epoch  0 training error:  tensor(0.9594, device='cuda:0', grad_fn=<DivBackward0>)
Memory status after this epoch: 
Memory allocated:  21.52734375
Memory cached:  102.0
	 epoch  10 training error:  tensor(0.7004, device='cuda:0', grad_fn=<DivBackward0>)
Memory status after this epoch: 
Memory allocated:  21.52734375
Memory cached:  102.0
	 epoch  20 training error:  tensor(0.6467, device='cuda:0', grad_fn=<DivBackward0>)
Memory status after this epoch: 
Memory allocated:  21.52734375
Memory cached:  102.0
	 epoch  30 training error:  tensor(0.6017, device='cuda:0', grad_fn=<DivBackward0>)
Memory status after this epoch: 
Memory allocated:  21.52734375
Memory cached:  102.0
	 epoch  40 training error:  tensor(0.5592, device='cuda:0', grad_fn=<DivBackward0>)
Memory status after this epoch: 
Memory allocated:  21.52734375
Memory cached:  102.0
	 epoch  50 training error:  tensor(0.4586, device='cuda:0', grad_fn=<DivBackward0>)
Memory status after this epoch: 
Memory allocated:  21.52734375
Memory cached:  102.0
	 epoch  60 training error:  tensor(0.2434, device='cuda:0', grad_fn=<DivBackward0>)
Memory status after this epoch: 
Memory allocated:  21.52734375
Memory cached:  102.0
	 epoch  70 training error:  tensor(0.1785, device='cuda:0', grad_fn=<DivBackward0>)
Memory status after this epoch: 
Memory allocated:  21.52734375
Memory cached:  102.0
	 epoch  80 training error:  tensor(0.1855, device='cuda:0', grad_fn=<DivBackward0>)
Memory status after this epoch: 
Memory allocated:  21.52734375
Memory cached:  102.0
	 epoch  90 training error:  tensor(0.1244, device='cuda:0', grad_fn=<DivBackward0>)
Memory status after this epoch: 
Memory allocated:  21.52734375
Memory cached:  102.0
[I 2023-12-05 01:15:56,542] Trial 22 finished with value: 0.13713403046131134 and parameters: {'W_layers': 4, 'W_layer_units_exponent_0': 7, 'W_layer_units_exponent_1': 4, 'W_layer_units_exponent_2': 6, 'W_layer_units_exponent_3': 7, 'D_layers': 3, 'D_layer_units_exponent_0': 5, 'D_layer_units_exponent_1': 9, 'D_layer_units_exponent_2': 4, 'log_learning_rate': -2.4462402472952363, 'log_learning_rate_D': -3.138633281265015, 'training_batch_size': 6, 'training_p': 3}. Best is trial 21 with value: 0.11125688999891281.
Time for this trial:  59.74414825439453
Memory status after this trial: 
Memory allocated:  41.87744140625
Memory cached:  102.0
--------------------  Trial  23   --------------------
Start timing: 
Parameters: 
{'W_layers': 4, 'W_layer_units_exponent_0': 6, 'W_layer_units_exponent_1': 4, 'W_layer_units_exponent_2': 5, 'W_layer_units_exponent_3': 10, 'D_layers': 4, 'D_layer_units_exponent_0': 5, 'D_layer_units_exponent_1': 9, 'D_layer_units_exponent_2': 4, 'D_layer_units_exponent_3': 8, 'log_learning_rate': -2.4563627501380476, 'log_learning_rate_D': -3.433738512663148, 'training_batch_size': 7, 'training_p': 4}
	 epoch  0 training error:  tensor(0.9935, device='cuda:0', grad_fn=<DivBackward0>)
Memory status after this epoch: 
Memory allocated:  21.9970703125
Memory cached:  104.0
	 epoch  10 training error:  tensor(0.8220, device='cuda:0', grad_fn=<DivBackward0>)
Memory status after this epoch: 
Memory allocated:  21.9970703125
Memory cached:  106.0
	 epoch  20 training error:  tensor(0.8376, device='cuda:0', grad_fn=<DivBackward0>)
Memory status after this epoch: 
Memory allocated:  21.9970703125
Memory cached:  104.0
	 epoch  30 training error:  tensor(0.7866, device='cuda:0', grad_fn=<DivBackward0>)
Memory status after this epoch: 
Memory allocated:  21.9970703125
Memory cached:  106.0
	 epoch  40 training error:  tensor(0.6845, device='cuda:0', grad_fn=<DivBackward0>)
Memory status after this epoch: 
Memory allocated:  21.9970703125
Memory cached:  104.0
	 epoch  50 training error:  tensor(0.6306, device='cuda:0', grad_fn=<DivBackward0>)
Memory status after this epoch: 
Memory allocated:  21.9970703125
Memory cached:  106.0
	 epoch  60 training error:  tensor(0.5714, device='cuda:0', grad_fn=<DivBackward0>)
Memory status after this epoch: 
Memory allocated:  21.9970703125
Memory cached:  104.0
	 epoch  70 training error:  tensor(0.5090, device='cuda:0', grad_fn=<DivBackward0>)
Memory status after this epoch: 
Memory allocated:  21.9970703125
Memory cached:  106.0
	 epoch  80 training error:  tensor(0.3773, device='cuda:0', grad_fn=<DivBackward0>)
Memory status after this epoch: 
Memory allocated:  21.9970703125
Memory cached:  104.0
	 epoch  90 training error:  tensor(0.6993, device='cuda:0', grad_fn=<DivBackward0>)
Memory status after this epoch: 
Memory allocated:  21.9970703125
Memory cached:  106.0
[I 2023-12-05 01:16:38,056] Trial 23 finished with value: 0.46162477135658264 and parameters: {'W_layers': 4, 'W_layer_units_exponent_0': 6, 'W_layer_units_exponent_1': 4, 'W_layer_units_exponent_2': 5, 'W_layer_units_exponent_3': 10, 'D_layers': 4, 'D_layer_units_exponent_0': 5, 'D_layer_units_exponent_1': 9, 'D_layer_units_exponent_2': 4, 'D_layer_units_exponent_3': 8, 'log_learning_rate': -2.4563627501380476, 'log_learning_rate_D': -3.433738512663148, 'training_batch_size': 7, 'training_p': 4}. Best is trial 21 with value: 0.11125688999891281.
Time for this trial:  41.326441526412964
Memory status after this trial: 
Memory allocated:  66.21142578125
Memory cached:  104.0
--------------------  Trial  24   --------------------
Start timing: 
Parameters: 
{'W_layers': 3, 'W_layer_units_exponent_0': 8, 'W_layer_units_exponent_1': 4, 'W_layer_units_exponent_2': 7, 'D_layers': 3, 'D_layer_units_exponent_0': 5, 'D_layer_units_exponent_1': 10, 'D_layer_units_exponent_2': 4, 'log_learning_rate': -2.2784199713726987, 'log_learning_rate_D': -3.1696215148358364, 'training_batch_size': 6, 'training_p': 3}
	 epoch  0 training error:  tensor(1.0601, device='cuda:0', grad_fn=<DivBackward0>)
Memory status after this epoch: 
Memory allocated:  21.837890625
Memory cached:  102.0
	 epoch  10 training error:  tensor(0.6475, device='cuda:0', grad_fn=<DivBackward0>)
Memory status after this epoch: 
Memory allocated:  21.837890625
Memory cached:  102.0
	 epoch  20 training error:  tensor(0.5159, device='cuda:0', grad_fn=<DivBackward0>)
Memory status after this epoch: 
Memory allocated:  21.837890625
Memory cached:  102.0
	 epoch  30 training error:  tensor(0.2930, device='cuda:0', grad_fn=<DivBackward0>)
Memory status after this epoch: 
Memory allocated:  21.837890625
Memory cached:  102.0
	 epoch  40 training error:  tensor(0.1959, device='cuda:0', grad_fn=<DivBackward0>)
Memory status after this epoch: 
Memory allocated:  21.837890625
Memory cached:  102.0
	 epoch  50 training error:  tensor(0.1442, device='cuda:0', grad_fn=<DivBackward0>)
Memory status after this epoch: 
Memory allocated:  21.837890625
Memory cached:  102.0
	 epoch  60 training error:  tensor(0.1343, device='cuda:0', grad_fn=<DivBackward0>)
Memory status after this epoch: 
Memory allocated:  21.837890625
Memory cached:  102.0
	 epoch  70 training error:  tensor(0.1504, device='cuda:0', grad_fn=<DivBackward0>)
Memory status after this epoch: 
Memory allocated:  21.837890625
Memory cached:  102.0
	 epoch  80 training error:  tensor(0.1199, device='cuda:0', grad_fn=<DivBackward0>)
Memory status after this epoch: 
Memory allocated:  21.837890625
Memory cached:  102.0
	 epoch  90 training error:  tensor(0.1109, device='cuda:0', grad_fn=<DivBackward0>)
Memory status after this epoch: 
Memory allocated:  21.837890625
Memory cached:  102.0
[I 2023-12-05 01:17:34,562] Trial 24 finished with value: 0.1785547286272049 and parameters: {'W_layers': 3, 'W_layer_units_exponent_0': 8, 'W_layer_units_exponent_1': 4, 'W_layer_units_exponent_2': 7, 'D_layers': 3, 'D_layer_units_exponent_0': 5, 'D_layer_units_exponent_1': 10, 'D_layer_units_exponent_2': 4, 'log_learning_rate': -2.2784199713726987, 'log_learning_rate_D': -3.1696215148358364, 'training_batch_size': 6, 'training_p': 3}. Best is trial 21 with value: 0.11125688999891281.
Time for this trial:  56.344276428222656
Memory status after this trial: 
Memory allocated:  55.09912109375
Memory cached:  102.0
--------------------  Trial  25   --------------------
Start timing: 
Parameters: 
{'W_layers': 4, 'W_layer_units_exponent_0': 7, 'W_layer_units_exponent_1': 5, 'W_layer_units_exponent_2': 6, 'W_layer_units_exponent_3': 7, 'D_layers': 2, 'D_layer_units_exponent_0': 4, 'D_layer_units_exponent_1': 9, 'log_learning_rate': -2.7721838622000528, 'log_learning_rate_D': -3.833905056166924, 'training_batch_size': 7, 'training_p': 2}
	 epoch  0 training error:  tensor(0.9678, device='cuda:0', grad_fn=<DivBackward0>)
Memory status after this epoch: 
Memory allocated:  21.3525390625
Memory cached:  102.0
	 epoch  10 training error:  tensor(0.7569, device='cuda:0', grad_fn=<DivBackward0>)
Memory status after this epoch: 
Memory allocated:  21.3525390625
Memory cached:  102.0
	 epoch  20 training error:  tensor(0.7156, device='cuda:0', grad_fn=<DivBackward0>)
Memory status after this epoch: 
Memory allocated:  21.3525390625
Memory cached:  102.0
	 epoch  30 training error:  tensor(0.6585, device='cuda:0', grad_fn=<DivBackward0>)
Memory status after this epoch: 
Memory allocated:  21.3525390625
Memory cached:  102.0
	 epoch  40 training error:  tensor(0.6275, device='cuda:0', grad_fn=<DivBackward0>)
Memory status after this epoch: 
Memory allocated:  21.3525390625
Memory cached:  102.0
	 epoch  50 training error:  tensor(0.6183, device='cuda:0', grad_fn=<DivBackward0>)
Memory status after this epoch: 
Memory allocated:  21.3525390625
Memory cached:  102.0
	 epoch  60 training error:  tensor(0.5976, device='cuda:0', grad_fn=<DivBackward0>)
Memory status after this epoch: 
Memory allocated:  21.3525390625
Memory cached:  102.0
	 epoch  70 training error:  tensor(0.5551, device='cuda:0', grad_fn=<DivBackward0>)
Memory status after this epoch: 
Memory allocated:  21.3525390625
Memory cached:  102.0
	 epoch  80 training error:  tensor(0.4358, device='cuda:0', grad_fn=<DivBackward0>)
Memory status after this epoch: 
Memory allocated:  21.3525390625
Memory cached:  102.0
	 epoch  90 training error:  tensor(0.3595, device='cuda:0', grad_fn=<DivBackward0>)
Memory status after this epoch: 
Memory allocated:  21.3525390625
Memory cached:  102.0
[I 2023-12-05 01:18:09,721] Trial 25 finished with value: 0.21916750073432922 and parameters: {'W_layers': 4, 'W_layer_units_exponent_0': 7, 'W_layer_units_exponent_1': 5, 'W_layer_units_exponent_2': 6, 'W_layer_units_exponent_3': 7, 'D_layers': 2, 'D_layer_units_exponent_0': 4, 'D_layer_units_exponent_1': 9, 'log_learning_rate': -2.7721838622000528, 'log_learning_rate_D': -3.833905056166924, 'training_batch_size': 7, 'training_p': 2}. Best is trial 21 with value: 0.11125688999891281.
Time for this trial:  35.008925437927246
Memory status after this trial: 
Memory allocated:  41.345703125
Memory cached:  102.0
--------------------  Trial  26   --------------------
Start timing: 
Parameters: 
{'W_layers': 3, 'W_layer_units_exponent_0': 5, 'W_layer_units_exponent_1': 4, 'W_layer_units_exponent_2': 8, 'D_layers': 6, 'D_layer_units_exponent_0': 5, 'D_layer_units_exponent_1': 10, 'D_layer_units_exponent_2': 5, 'D_layer_units_exponent_3': 9, 'D_layer_units_exponent_4': 8, 'D_layer_units_exponent_5': 10, 'log_learning_rate': -2.601502191910896, 'log_learning_rate_D': -2.8672108378660024, 'training_batch_size': 6, 'training_p': 5}
	 epoch  0 training error:  tensor(0.9754, device='cuda:0', grad_fn=<DivBackward0>)
Memory status after this epoch: 
Memory allocated:  28.34765625
Memory cached:  102.0
	 epoch  10 training error:  tensor(0.7222, device='cuda:0', grad_fn=<DivBackward0>)
Memory status after this epoch: 
Memory allocated:  28.34765625
Memory cached:  102.0
	 epoch  20 training error:  tensor(0.5755, device='cuda:0', grad_fn=<DivBackward0>)
Memory status after this epoch: 
Memory allocated:  28.34765625
Memory cached:  102.0
	 epoch  30 training error:  tensor(0.5291, device='cuda:0', grad_fn=<DivBackward0>)
Memory status after this epoch: 
Memory allocated:  28.34765625
Memory cached:  102.0
	 epoch  40 training error:  tensor(0.5694, device='cuda:0', grad_fn=<DivBackward0>)
Memory status after this epoch: 
Memory allocated:  28.34765625
Memory cached:  102.0
	 epoch  50 training error:  tensor(0.4993, device='cuda:0', grad_fn=<DivBackward0>)
Memory status after this epoch: 
Memory allocated:  28.34765625
Memory cached:  102.0
	 epoch  60 training error:  tensor(0.5061, device='cuda:0', grad_fn=<DivBackward0>)
Memory status after this epoch: 
Memory allocated:  28.34765625
Memory cached:  102.0
	 epoch  70 training error:  tensor(0.4772, device='cuda:0', grad_fn=<DivBackward0>)
Memory status after this epoch: 
Memory allocated:  28.34765625
Memory cached:  102.0
	 epoch  80 training error:  tensor(0.5208, device='cuda:0', grad_fn=<DivBackward0>)
Memory status after this epoch: 
Memory allocated:  28.34765625
Memory cached:  102.0
	 epoch  90 training error:  tensor(0.4500, device='cuda:0', grad_fn=<DivBackward0>)
Memory status after this epoch: 
Memory allocated:  28.34765625
Memory cached:  102.0
