[I 2023-12-07 02:22:25,190] Trial 69 finished with value: 0.3970338702201843 and parameters: {'W_layers': 5, 'W_layer_units_exponent_0': 9, 'W_layer_units_exponent_1': 7, 'W_layer_units_exponent_2': 4, 'W_layer_units_exponent_3': 7, 'W_layer_units_exponent_4': 6, 'D_layers': 3, 'D_layer_units_exponent_0': 6, 'D_layer_units_exponent_1': 9, 'D_layer_units_exponent_2': 9, 'D_dagger_layers': 2, 'D_dagger_layer_units_exponent_0': 7, 'D_dagger_layer_units_exponent_1': 8, 'log_learning_rate': -4.421422821749362, 'log_learning_rate_D': -3.3675255444736303, 'log_learning_rate_D_dagger': -2.5944162921280025, 'training_batch_size': 12, 'training_p': 3}. Best is trial 57 with value: 0.056275874376297.
Time for this trial:  151.9644410610199
Memory status after this trial: 
Memory allocated:  243.91845703125
Memory cached:  310.0
--------------------  Trial  70   --------------------
Start timing: 
Parameters: 
{'W_layers': 4, 'W_layer_units_exponent_0': 10, 'W_layer_units_exponent_1': 6, 'W_layer_units_exponent_2': 5, 'W_layer_units_exponent_3': 7, 'D_layers': 6, 'D_layer_units_exponent_0': 7, 'D_layer_units_exponent_1': 10, 'D_layer_units_exponent_2': 10, 'D_layer_units_exponent_3': 7, 'D_layer_units_exponent_4': 5, 'D_layer_units_exponent_5': 7, 'D_dagger_layers': 4, 'D_dagger_layer_units_exponent_0': 9, 'D_dagger_layer_units_exponent_1': 6, 'D_dagger_layer_units_exponent_2': 6, 'D_dagger_layer_units_exponent_3': 8, 'log_learning_rate': -4.896980155969834, 'log_learning_rate_D': -2.5673139868818597, 'log_learning_rate_D_dagger': -2.783250464023537, 'training_batch_size': 11, 'training_p': 4}
	 epoch  0 training error:  tensor(1.0052, device='cuda:0', grad_fn=<DivBackward0>)
Memory status after this epoch: 
Memory allocated:  145.46484375
Memory cached:  318.0
	 epoch  10 training error:  tensor(0.8242, device='cuda:0', grad_fn=<DivBackward0>)
Memory status after this epoch: 
Memory allocated:  145.46484375
Memory cached:  342.0
	 epoch  20 training error:  tensor(0.7159, device='cuda:0', grad_fn=<DivBackward0>)
Memory status after this epoch: 
Memory allocated:  145.46484375
Memory cached:  338.0
	 epoch  30 training error:  tensor(0.6670, device='cuda:0', grad_fn=<DivBackward0>)
Memory status after this epoch: 
Memory allocated:  145.46484375
Memory cached:  346.0
	 epoch  40 training error:  tensor(0.5608, device='cuda:0', grad_fn=<DivBackward0>)
Memory status after this epoch: 
Memory allocated:  145.46484375
Memory cached:  354.0
	 epoch  50 training error:  tensor(0.8193, device='cuda:0', grad_fn=<DivBackward0>)
Memory status after this epoch: 
Memory allocated:  145.46484375
Memory cached:  336.0
	 epoch  60 training error:  tensor(0.5075, device='cuda:0', grad_fn=<DivBackward0>)
Memory status after this epoch: 
Memory allocated:  145.46484375
Memory cached:  344.0
	 epoch  70 training error:  tensor(0.4664, device='cuda:0', grad_fn=<DivBackward0>)
Memory status after this epoch: 
Memory allocated:  145.46484375
Memory cached:  344.0
	 epoch  80 training error:  tensor(0.4141, device='cuda:0', grad_fn=<DivBackward0>)
Memory status after this epoch: 
Memory allocated:  145.46484375
Memory cached:  348.0
	 epoch  90 training error:  tensor(0.3454, device='cuda:0', grad_fn=<DivBackward0>)
Memory status after this epoch: 
Memory allocated:  145.46484375
Memory cached:  336.0
[I 2023-12-07 02:25:45,625] Trial 70 finished with value: 0.25163307785987854 and parameters: {'W_layers': 4, 'W_layer_units_exponent_0': 10, 'W_layer_units_exponent_1': 6, 'W_layer_units_exponent_2': 5, 'W_layer_units_exponent_3': 7, 'D_layers': 6, 'D_layer_units_exponent_0': 7, 'D_layer_units_exponent_1': 10, 'D_layer_units_exponent_2': 10, 'D_layer_units_exponent_3': 7, 'D_layer_units_exponent_4': 5, 'D_layer_units_exponent_5': 7, 'D_dagger_layers': 4, 'D_dagger_layer_units_exponent_0': 9, 'D_dagger_layer_units_exponent_1': 6, 'D_dagger_layer_units_exponent_2': 6, 'D_dagger_layer_units_exponent_3': 8, 'log_learning_rate': -4.896980155969834, 'log_learning_rate_D': -2.5673139868818597, 'log_learning_rate_D_dagger': -2.783250464023537, 'training_batch_size': 11, 'training_p': 4}. Best is trial 57 with value: 0.056275874376297.
Time for this trial:  200.1865541934967
Memory status after this trial: 
Memory allocated:  375.564453125
Memory cached:  392.0
--------------------  Trial  71   --------------------
Start timing: 
Parameters: 
{'W_layers': 4, 'W_layer_units_exponent_0': 10, 'W_layer_units_exponent_1': 8, 'W_layer_units_exponent_2': 5, 'W_layer_units_exponent_3': 6, 'D_layers': 3, 'D_layer_units_exponent_0': 7, 'D_layer_units_exponent_1': 10, 'D_layer_units_exponent_2': 7, 'D_dagger_layers': 3, 'D_dagger_layer_units_exponent_0': 9, 'D_dagger_layer_units_exponent_1': 7, 'D_dagger_layer_units_exponent_2': 5, 'log_learning_rate': -4.566733779428398, 'log_learning_rate_D': -2.964862484892918, 'log_learning_rate_D_dagger': -2.5368260527625925, 'training_batch_size': 12, 'training_p': 4}
	 epoch  0 training error:  tensor(1.0161, device='cuda:0', grad_fn=<DivBackward0>)
Memory status after this epoch: 
Memory allocated:  132.62890625
Memory cached:  288.0
	 epoch  10 training error:  tensor(0.9623, device='cuda:0', grad_fn=<DivBackward0>)
Memory status after this epoch: 
Memory allocated:  132.62890625
Memory cached:  294.0
	 epoch  20 training error:  tensor(0.9470, device='cuda:0', grad_fn=<DivBackward0>)
Memory status after this epoch: 
Memory allocated:  132.62890625
Memory cached:  298.0
	 epoch  30 training error:  tensor(0.8497, device='cuda:0', grad_fn=<DivBackward0>)
Memory status after this epoch: 
Memory allocated:  132.62890625
Memory cached:  292.0
	 epoch  40 training error:  tensor(0.7316, device='cuda:0', grad_fn=<DivBackward0>)
Memory status after this epoch: 
Memory allocated:  132.62890625
Memory cached:  292.0
	 epoch  50 training error:  tensor(0.7361, device='cuda:0', grad_fn=<DivBackward0>)
Memory status after this epoch: 
Memory allocated:  132.62890625
Memory cached:  298.0
	 epoch  60 training error:  tensor(0.7793, device='cuda:0', grad_fn=<DivBackward0>)
Memory status after this epoch: 
Memory allocated:  132.62890625
Memory cached:  298.0
	 epoch  70 training error:  tensor(0.6282, device='cuda:0', grad_fn=<DivBackward0>)
Memory status after this epoch: 
Memory allocated:  132.62890625
Memory cached:  296.0
	 epoch  80 training error:  tensor(0.4923, device='cuda:0', grad_fn=<DivBackward0>)
Memory status after this epoch: 
Memory allocated:  132.62890625
Memory cached:  292.0
	 epoch  90 training error:  tensor(0.1514, device='cuda:0', grad_fn=<DivBackward0>)
Memory status after this epoch: 
Memory allocated:  132.62890625
Memory cached:  294.0
[I 2023-12-07 02:28:27,834] Trial 71 finished with value: 0.10476191341876984 and parameters: {'W_layers': 4, 'W_layer_units_exponent_0': 10, 'W_layer_units_exponent_1': 8, 'W_layer_units_exponent_2': 5, 'W_layer_units_exponent_3': 6, 'D_layers': 3, 'D_layer_units_exponent_0': 7, 'D_layer_units_exponent_1': 10, 'D_layer_units_exponent_2': 7, 'D_dagger_layers': 3, 'D_dagger_layer_units_exponent_0': 9, 'D_dagger_layer_units_exponent_1': 7, 'D_dagger_layer_units_exponent_2': 5, 'log_learning_rate': -4.566733779428398, 'log_learning_rate_D': -2.964862484892918, 'log_learning_rate_D_dagger': -2.5368260527625925, 'training_batch_size': 12, 'training_p': 4}. Best is trial 57 with value: 0.056275874376297.
Time for this trial:  161.97385382652283
Memory status after this trial: 
Memory allocated:  303.61669921875
Memory cached:  310.0
--------------------  Trial  72   --------------------
Start timing: 
Parameters: 
{'W_layers': 4, 'W_layer_units_exponent_0': 10, 'W_layer_units_exponent_1': 8, 'W_layer_units_exponent_2': 5, 'W_layer_units_exponent_3': 7, 'D_layers': 3, 'D_layer_units_exponent_0': 7, 'D_layer_units_exponent_1': 10, 'D_layer_units_exponent_2': 7, 'D_dagger_layers': 3, 'D_dagger_layer_units_exponent_0': 9, 'D_dagger_layer_units_exponent_1': 7, 'D_dagger_layer_units_exponent_2': 5, 'log_learning_rate': -4.727217956803532, 'log_learning_rate_D': -3.063187604109536, 'log_learning_rate_D_dagger': -2.0584645619652004, 'training_batch_size': 12, 'training_p': 4}
	 epoch  0 training error:  tensor(1.0087, device='cuda:0', grad_fn=<DivBackward0>)
Memory status after this epoch: 
Memory allocated:  132.66015625
Memory cached:  298.0
	 epoch  10 training error:  tensor(0.9716, device='cuda:0', grad_fn=<DivBackward0>)
Memory status after this epoch: 
Memory allocated:  132.66015625
Memory cached:  324.0
	 epoch  20 training error:  tensor(0.7804, device='cuda:0', grad_fn=<DivBackward0>)
Memory status after this epoch: 
Memory allocated:  132.66015625
Memory cached:  320.0
	 epoch  30 training error:  tensor(0.7534, device='cuda:0', grad_fn=<DivBackward0>)
Memory status after this epoch: 
Memory allocated:  132.66015625
Memory cached:  322.0
	 epoch  40 training error:  tensor(0.6362, device='cuda:0', grad_fn=<DivBackward0>)
Memory status after this epoch: 
Memory allocated:  132.66015625
Memory cached:  322.0
	 epoch  50 training error:  tensor(0.5775, device='cuda:0', grad_fn=<DivBackward0>)
Memory status after this epoch: 
Memory allocated:  132.66015625
Memory cached:  322.0
	 epoch  60 training error:  tensor(0.5440, device='cuda:0', grad_fn=<DivBackward0>)
Memory status after this epoch: 
Memory allocated:  132.66015625
Memory cached:  316.0
	 epoch  70 training error:  tensor(0.6440, device='cuda:0', grad_fn=<DivBackward0>)
Memory status after this epoch: 
Memory allocated:  132.66015625
Memory cached:  332.0
	 epoch  80 training error:  tensor(0.5438, device='cuda:0', grad_fn=<DivBackward0>)
Memory status after this epoch: 
Memory allocated:  132.66015625
Memory cached:  324.0
	 epoch  90 training error:  tensor(0.2157, device='cuda:0', grad_fn=<DivBackward0>)
Memory status after this epoch: 
Memory allocated:  132.66015625
Memory cached:  326.0
[I 2023-12-07 02:31:08,936] Trial 72 finished with value: 0.23300190269947052 and parameters: {'W_layers': 4, 'W_layer_units_exponent_0': 10, 'W_layer_units_exponent_1': 8, 'W_layer_units_exponent_2': 5, 'W_layer_units_exponent_3': 7, 'D_layers': 3, 'D_layer_units_exponent_0': 7, 'D_layer_units_exponent_1': 10, 'D_layer_units_exponent_2': 7, 'D_dagger_layers': 3, 'D_dagger_layer_units_exponent_0': 9, 'D_dagger_layer_units_exponent_1': 7, 'D_dagger_layer_units_exponent_2': 5, 'log_learning_rate': -4.727217956803532, 'log_learning_rate_D': -3.063187604109536, 'log_learning_rate_D_dagger': -2.0584645619652004, 'training_batch_size': 12, 'training_p': 4}. Best is trial 57 with value: 0.056275874376297.
Time for this trial:  160.88509798049927
Memory status after this trial: 
Memory allocated:  306.56201171875
Memory cached:  312.0
--------------------  Trial  73   --------------------
Start timing: 
Parameters: 
{'W_layers': 5, 'W_layer_units_exponent_0': 9, 'W_layer_units_exponent_1': 8, 'W_layer_units_exponent_2': 5, 'W_layer_units_exponent_3': 6, 'W_layer_units_exponent_4': 6, 'D_layers': 3, 'D_layer_units_exponent_0': 6, 'D_layer_units_exponent_1': 10, 'D_layer_units_exponent_2': 9, 'D_dagger_layers': 3, 'D_dagger_layer_units_exponent_0': 9, 'D_dagger_layer_units_exponent_1': 7, 'D_dagger_layer_units_exponent_2': 8, 'log_learning_rate': -4.569660355005217, 'log_learning_rate_D': -3.193535933057531, 'log_learning_rate_D_dagger': -2.454270849950054, 'training_batch_size': 12, 'training_p': 3}
	 epoch  0 training error:  tensor(0.9812, device='cuda:0', grad_fn=<DivBackward0>)
Memory status after this epoch: 
Memory allocated:  136.130859375
Memory cached:  310.0
	 epoch  10 training error:  tensor(0.9643, device='cuda:0', grad_fn=<DivBackward0>)
Memory status after this epoch: 
Memory allocated:  136.130859375
Memory cached:  322.0
	 epoch  20 training error:  tensor(0.8287, device='cuda:0', grad_fn=<DivBackward0>)
Memory status after this epoch: 
Memory allocated:  136.130859375
Memory cached:  320.0
	 epoch  30 training error:  tensor(0.7126, device='cuda:0', grad_fn=<DivBackward0>)
Memory status after this epoch: 
Memory allocated:  136.130859375
Memory cached:  318.0
	 epoch  40 training error:  tensor(0.7851, device='cuda:0', grad_fn=<DivBackward0>)
Memory status after this epoch: 
Memory allocated:  136.130859375
Memory cached:  320.0
	 epoch  50 training error:  tensor(0.6563, device='cuda:0', grad_fn=<DivBackward0>)
Memory status after this epoch: 
Memory allocated:  136.130859375
Memory cached:  322.0
	 epoch  60 training error:  tensor(0.5233, device='cuda:0', grad_fn=<DivBackward0>)
Memory status after this epoch: 
Memory allocated:  136.130859375
Memory cached:  326.0
	 epoch  70 training error:  tensor(0.5559, device='cuda:0', grad_fn=<DivBackward0>)
Memory status after this epoch: 
Memory allocated:  136.130859375
Memory cached:  316.0
	 epoch  80 training error:  tensor(0.4933, device='cuda:0', grad_fn=<DivBackward0>)
Memory status after this epoch: 
Memory allocated:  136.130859375
Memory cached:  320.0
	 epoch  90 training error:  tensor(0.2949, device='cuda:0', grad_fn=<DivBackward0>)
Memory status after this epoch: 
Memory allocated:  136.130859375
Memory cached:  314.0
[I 2023-12-07 02:33:58,860] Trial 73 finished with value: 0.756340503692627 and parameters: {'W_layers': 5, 'W_layer_units_exponent_0': 9, 'W_layer_units_exponent_1': 8, 'W_layer_units_exponent_2': 5, 'W_layer_units_exponent_3': 6, 'W_layer_units_exponent_4': 6, 'D_layers': 3, 'D_layer_units_exponent_0': 6, 'D_layer_units_exponent_1': 10, 'D_layer_units_exponent_2': 9, 'D_dagger_layers': 3, 'D_dagger_layer_units_exponent_0': 9, 'D_dagger_layer_units_exponent_1': 7, 'D_dagger_layer_units_exponent_2': 8, 'log_learning_rate': -4.569660355005217, 'log_learning_rate_D': -3.193535933057531, 'log_learning_rate_D_dagger': -2.454270849950054, 'training_batch_size': 12, 'training_p': 3}. Best is trial 57 with value: 0.056275874376297.
Time for this trial:  169.6635603904724
Memory status after this trial: 
Memory allocated:  305.71435546875
Memory cached:  326.0
--------------------  Trial  74   --------------------
Start timing: 
Parameters: 
{'W_layers': 4, 'W_layer_units_exponent_0': 8, 'W_layer_units_exponent_1': 8, 'W_layer_units_exponent_2': 4, 'W_layer_units_exponent_3': 8, 'D_layers': 2, 'D_layer_units_exponent_0': 8, 'D_layer_units_exponent_1': 10, 'D_dagger_layers': 2, 'D_dagger_layer_units_exponent_0': 8, 'D_dagger_layer_units_exponent_1': 7, 'log_learning_rate': -4.992183399671288, 'log_learning_rate_D': -2.9428231332337145, 'log_learning_rate_D_dagger': -2.5569897604094365, 'training_batch_size': 11, 'training_p': 5}
	 epoch  0 training error:  tensor(1.0147, device='cuda:0', grad_fn=<DivBackward0>)
Memory status after this epoch: 
Memory allocated:  129.017578125
Memory cached:  286.0
	 epoch  10 training error:  tensor(0.9977, device='cuda:0', grad_fn=<DivBackward0>)
Memory status after this epoch: 
Memory allocated:  129.017578125
Memory cached:  288.0
	 epoch  20 training error:  tensor(0.9551, device='cuda:0', grad_fn=<DivBackward0>)
Memory status after this epoch: 
Memory allocated:  129.017578125
Memory cached:  288.0
	 epoch  30 training error:  tensor(0.8514, device='cuda:0', grad_fn=<DivBackward0>)
Memory status after this epoch: 
Memory allocated:  129.017578125
Memory cached:  290.0
	 epoch  40 training error:  tensor(0.7538, device='cuda:0', grad_fn=<DivBackward0>)
Memory status after this epoch: 
Memory allocated:  129.017578125
Memory cached:  288.0
	 epoch  50 training error:  tensor(0.7078, device='cuda:0', grad_fn=<DivBackward0>)
Memory status after this epoch: 
Memory allocated:  129.017578125
Memory cached:  290.0
	 epoch  60 training error:  tensor(0.5841, device='cuda:0', grad_fn=<DivBackward0>)
Memory status after this epoch: 
Memory allocated:  129.017578125
Memory cached:  290.0
	 epoch  70 training error:  tensor(0.4998, device='cuda:0', grad_fn=<DivBackward0>)
Memory status after this epoch: 
Memory allocated:  129.017578125
Memory cached:  290.0
	 epoch  80 training error:  tensor(0.3478, device='cuda:0', grad_fn=<DivBackward0>)
Memory status after this epoch: 
Memory allocated:  129.017578125
Memory cached:  288.0
	 epoch  90 training error:  tensor(0.3424, device='cuda:0', grad_fn=<DivBackward0>)
Memory status after this epoch: 
Memory allocated:  129.017578125
Memory cached:  288.0
[I 2023-12-07 02:36:19,405] Trial 74 finished with value: 0.2408452332019806 and parameters: {'W_layers': 4, 'W_layer_units_exponent_0': 8, 'W_layer_units_exponent_1': 8, 'W_layer_units_exponent_2': 4, 'W_layer_units_exponent_3': 8, 'D_layers': 2, 'D_layer_units_exponent_0': 8, 'D_layer_units_exponent_1': 10, 'D_dagger_layers': 2, 'D_dagger_layer_units_exponent_0': 8, 'D_dagger_layer_units_exponent_1': 7, 'log_learning_rate': -4.992183399671288, 'log_learning_rate_D': -2.9428231332337145, 'log_learning_rate_D_dagger': -2.5569897604094365, 'training_batch_size': 11, 'training_p': 5}. Best is trial 57 with value: 0.056275874376297.
Time for this trial:  140.32561492919922
Memory status after this trial: 
Memory allocated:  246.02001953125
Memory cached:  288.0
--------------------  Trial  75   --------------------
Start timing: 
Parameters: 
{'W_layers': 4, 'W_layer_units_exponent_0': 10, 'W_layer_units_exponent_1': 8, 'W_layer_units_exponent_2': 6, 'W_layer_units_exponent_3': 7, 'D_layers': 5, 'D_layer_units_exponent_0': 7, 'D_layer_units_exponent_1': 9, 'D_layer_units_exponent_2': 7, 'D_layer_units_exponent_3': 6, 'D_layer_units_exponent_4': 5, 'D_dagger_layers': 4, 'D_dagger_layer_units_exponent_0': 10, 'D_dagger_layer_units_exponent_1': 6, 'D_dagger_layer_units_exponent_2': 6, 'D_dagger_layer_units_exponent_3': 9, 'log_learning_rate': -4.298244186854266, 'log_learning_rate_D': -3.2523068475278234, 'log_learning_rate_D_dagger': -2.81116546739532, 'training_batch_size': 12, 'training_p': 4}
	 epoch  0 training error:  tensor(1.0087, device='cuda:0', grad_fn=<DivBackward0>)
Memory status after this epoch: 
Memory allocated:  131.537109375
Memory cached:  296.0
	 epoch  10 training error:  tensor(0.8070, device='cuda:0', grad_fn=<DivBackward0>)
Memory status after this epoch: 
Memory allocated:  131.537109375
Memory cached:  318.0
	 epoch  20 training error:  tensor(0.6231, device='cuda:0', grad_fn=<DivBackward0>)
Memory status after this epoch: 
Memory allocated:  131.537109375
Memory cached:  316.0
	 epoch  30 training error:  tensor(0.5687, device='cuda:0', grad_fn=<DivBackward0>)
Memory status after this epoch: 
Memory allocated:  131.537109375
Memory cached:  316.0
	 epoch  40 training error:  tensor(0.3656, device='cuda:0', grad_fn=<DivBackward0>)
Memory status after this epoch: 
Memory allocated:  131.537109375
Memory cached:  320.0
	 epoch  50 training error:  tensor(0.5822, device='cuda:0', grad_fn=<DivBackward0>)
Memory status after this epoch: 
Memory allocated:  131.537109375
Memory cached:  314.0
	 epoch  60 training error:  tensor(0.4652, device='cuda:0', grad_fn=<DivBackward0>)
Memory status after this epoch: 
Memory allocated:  131.537109375
Memory cached:  312.0
	 epoch  70 training error:  tensor(0.4074, device='cuda:0', grad_fn=<DivBackward0>)
Memory status after this epoch: 
Memory allocated:  131.537109375
Memory cached:  322.0
	 epoch  80 training error:  tensor(0.3555, device='cuda:0', grad_fn=<DivBackward0>)
Memory status after this epoch: 
Memory allocated:  131.537109375
Memory cached:  314.0
	 epoch  90 training error:  tensor(0.3573, device='cuda:0', grad_fn=<DivBackward0>)
Memory status after this epoch: 
Memory allocated:  131.537109375
Memory cached:  310.0
