[I 2023-12-04 00:54:09,058] Trial 4 finished with value: 0.11909878253936768 and parameters: {'W_layers': 4, 'W_layer_units_exponent_0': 8, 'W_layer_units_exponent_1': 8, 'W_layer_units_exponent_2': 7, 'W_layer_units_exponent_3': 6, 'D_layers': 5, 'D_layer_units_exponent_0': 5, 'D_layer_units_exponent_1': 6, 'D_layer_units_exponent_2': 10, 'D_layer_units_exponent_3': 4, 'D_layer_units_exponent_4': 5, 'log_learning_rate': -1.3963276604756505, 'log_learning_rate_D': -4.508498015464882, 'training_batch_size': 11, 'training_p': 6}. Best is trial 2 with value: 0.08791553974151611.
Time for this trial:  43.58896279335022
Memory status after this trial: 
Memory allocated:  90.4091796875
Memory cached:  94.0
--------------------  Trial  5   --------------------
Start timing: 
Parameters: 
{'W_layers': 6, 'W_layer_units_exponent_0': 5, 'W_layer_units_exponent_1': 9, 'W_layer_units_exponent_2': 9, 'W_layer_units_exponent_3': 8, 'W_layer_units_exponent_4': 6, 'W_layer_units_exponent_5': 7, 'D_layers': 5, 'D_layer_units_exponent_0': 9, 'D_layer_units_exponent_1': 5, 'D_layer_units_exponent_2': 4, 'D_layer_units_exponent_3': 9, 'D_layer_units_exponent_4': 5, 'log_learning_rate': -1.3070299780516361, 'log_learning_rate_D': -1.4701954222248257, 'training_batch_size': 6, 'training_p': 7}
	 epoch  0 training error:  tensor(0.9588, device='cuda:0', grad_fn=<DivBackward0>)
Memory status after this epoch: 
Memory allocated:  53.5
Memory cached:  90.0
[W 2023-12-04 00:54:13,853] Trial 5 failed with parameters: {'W_layers': 6, 'W_layer_units_exponent_0': 5, 'W_layer_units_exponent_1': 9, 'W_layer_units_exponent_2': 9, 'W_layer_units_exponent_3': 8, 'W_layer_units_exponent_4': 6, 'W_layer_units_exponent_5': 7, 'D_layers': 5, 'D_layer_units_exponent_0': 9, 'D_layer_units_exponent_1': 5, 'D_layer_units_exponent_2': 4, 'D_layer_units_exponent_3': 9, 'D_layer_units_exponent_4': 5, 'log_learning_rate': -1.3070299780516361, 'log_learning_rate_D': -1.4701954222248257, 'training_batch_size': 6, 'training_p': 7} because of the following error: The value nan is not acceptable.
[W 2023-12-04 00:54:13,854] Trial 5 failed with value tensor(nan, device='cuda:0', grad_fn=<DivBackward0>).
Time for this trial:  4.676304340362549
Memory status after this trial: 
Memory allocated:  109.455078125
Memory cached:  114.0
--------------------  Trial  6   --------------------
Start timing: 
Parameters: 
{'W_layers': 8, 'W_layer_units_exponent_0': 7, 'W_layer_units_exponent_1': 9, 'W_layer_units_exponent_2': 8, 'W_layer_units_exponent_3': 6, 'W_layer_units_exponent_4': 6, 'W_layer_units_exponent_5': 9, 'W_layer_units_exponent_6': 5, 'W_layer_units_exponent_7': 10, 'D_layers': 2, 'D_layer_units_exponent_0': 5, 'D_layer_units_exponent_1': 10, 'log_learning_rate': -3.8526651555195772, 'log_learning_rate_D': -2.051545509947061, 'training_batch_size': 6, 'training_p': 4}
	 epoch  0 training error:  tensor(0.9643, device='cuda:0', grad_fn=<DivBackward0>)
Memory status after this epoch: 
Memory allocated:  51.337890625
Memory cached:  90.0
	 epoch  10 training error:  tensor(0.5893, device='cuda:0', grad_fn=<DivBackward0>)
Memory status after this epoch: 
Memory allocated:  51.337890625
Memory cached:  90.0
	 epoch  20 training error:  tensor(0.1907, device='cuda:0', grad_fn=<DivBackward0>)
Memory status after this epoch: 
Memory allocated:  51.337890625
Memory cached:  90.0
	 epoch  30 training error:  tensor(0.1687, device='cuda:0', grad_fn=<DivBackward0>)
Memory status after this epoch: 
Memory allocated:  51.337890625
Memory cached:  90.0
	 epoch  40 training error:  tensor(0.1635, device='cuda:0', grad_fn=<DivBackward0>)
Memory status after this epoch: 
Memory allocated:  51.337890625
Memory cached:  90.0
	 epoch  50 training error:  tensor(0.1629, device='cuda:0', grad_fn=<DivBackward0>)
Memory status after this epoch: 
Memory allocated:  51.337890625
Memory cached:  90.0
	 epoch  60 training error:  tensor(0.1626, device='cuda:0', grad_fn=<DivBackward0>)
Memory status after this epoch: 
Memory allocated:  51.337890625
Memory cached:  90.0
	 epoch  70 training error:  tensor(0.1621, device='cuda:0', grad_fn=<DivBackward0>)
Memory status after this epoch: 
Memory allocated:  51.337890625
Memory cached:  90.0
	 epoch  80 training error:  tensor(0.1615, device='cuda:0', grad_fn=<DivBackward0>)
Memory status after this epoch: 
Memory allocated:  51.337890625
Memory cached:  90.0
	 epoch  90 training error:  tensor(0.1608, device='cuda:0', grad_fn=<DivBackward0>)
Memory status after this epoch: 
Memory allocated:  51.337890625
Memory cached:  90.0
[I 2023-12-04 00:55:28,797] Trial 6 finished with value: 0.11423250287771225 and parameters: {'W_layers': 8, 'W_layer_units_exponent_0': 7, 'W_layer_units_exponent_1': 9, 'W_layer_units_exponent_2': 8, 'W_layer_units_exponent_3': 6, 'W_layer_units_exponent_4': 6, 'W_layer_units_exponent_5': 9, 'W_layer_units_exponent_6': 5, 'W_layer_units_exponent_7': 10, 'D_layers': 2, 'D_layer_units_exponent_0': 5, 'D_layer_units_exponent_1': 10, 'log_learning_rate': -3.8526651555195772, 'log_learning_rate_D': -2.051545509947061, 'training_batch_size': 6, 'training_p': 4}. Best is trial 2 with value: 0.08791553974151611.
Time for this trial:  74.81810474395752
Memory status after this trial: 
Memory allocated:  132.1162109375
Memory cached:  136.0
--------------------  Trial  7   --------------------
Start timing: 
Parameters: 
{'W_layers': 4, 'W_layer_units_exponent_0': 10, 'W_layer_units_exponent_1': 9, 'W_layer_units_exponent_2': 5, 'W_layer_units_exponent_3': 4, 'D_layers': 7, 'D_layer_units_exponent_0': 9, 'D_layer_units_exponent_1': 6, 'D_layer_units_exponent_2': 6, 'D_layer_units_exponent_3': 7, 'D_layer_units_exponent_4': 5, 'D_layer_units_exponent_5': 10, 'D_layer_units_exponent_6': 5, 'log_learning_rate': -2.1173658571968406, 'log_learning_rate_D': -2.9960368505729806, 'training_batch_size': 9, 'training_p': 2}
	 epoch  0 training error:  tensor(1.0268, device='cuda:0', grad_fn=<DivBackward0>)
Memory status after this epoch: 
Memory allocated:  56.3486328125
Memory cached:  108.0
	 epoch  10 training error:  tensor(0.2134, device='cuda:0', grad_fn=<DivBackward0>)
Memory status after this epoch: 
Memory allocated:  56.3486328125
Memory cached:  108.0
	 epoch  20 training error:  tensor(0.1260, device='cuda:0', grad_fn=<DivBackward0>)
Memory status after this epoch: 
Memory allocated:  56.3486328125
Memory cached:  108.0
	 epoch  30 training error:  tensor(0.0997, device='cuda:0', grad_fn=<DivBackward0>)
Memory status after this epoch: 
Memory allocated:  56.3486328125
Memory cached:  108.0
	 epoch  40 training error:  tensor(0.0835, device='cuda:0', grad_fn=<DivBackward0>)
Memory status after this epoch: 
Memory allocated:  56.3486328125
Memory cached:  108.0
	 epoch  50 training error:  tensor(0.0639, device='cuda:0', grad_fn=<DivBackward0>)
Memory status after this epoch: 
Memory allocated:  56.3486328125
Memory cached:  108.0
	 epoch  60 training error:  tensor(0.0318, device='cuda:0', grad_fn=<DivBackward0>)
Memory status after this epoch: 
Memory allocated:  56.3486328125
Memory cached:  108.0
	 epoch  70 training error:  tensor(0.0199, device='cuda:0', grad_fn=<DivBackward0>)
Memory status after this epoch: 
Memory allocated:  56.3486328125
Memory cached:  108.0
	 epoch  80 training error:  tensor(0.0420, device='cuda:0', grad_fn=<DivBackward0>)
Memory status after this epoch: 
Memory allocated:  56.3486328125
Memory cached:  108.0
	 epoch  90 training error:  tensor(0.0474, device='cuda:0', grad_fn=<DivBackward0>)
Memory status after this epoch: 
Memory allocated:  56.3486328125
Memory cached:  108.0
[I 2023-12-04 00:56:18,420] Trial 7 finished with value: 0.10296209156513214 and parameters: {'W_layers': 4, 'W_layer_units_exponent_0': 10, 'W_layer_units_exponent_1': 9, 'W_layer_units_exponent_2': 5, 'W_layer_units_exponent_3': 4, 'D_layers': 7, 'D_layer_units_exponent_0': 9, 'D_layer_units_exponent_1': 6, 'D_layer_units_exponent_2': 6, 'D_layer_units_exponent_3': 7, 'D_layer_units_exponent_4': 5, 'D_layer_units_exponent_5': 10, 'D_layer_units_exponent_6': 5, 'log_learning_rate': -2.1173658571968406, 'log_learning_rate_D': -2.9960368505729806, 'training_batch_size': 9, 'training_p': 2}. Best is trial 2 with value: 0.08791553974151611.
Time for this trial:  49.52318477630615
Memory status after this trial: 
Memory allocated:  129.73876953125
Memory cached:  148.0
--------------------  Trial  8   --------------------
Start timing: 
Parameters: 
{'W_layers': 6, 'W_layer_units_exponent_0': 4, 'W_layer_units_exponent_1': 10, 'W_layer_units_exponent_2': 4, 'W_layer_units_exponent_3': 5, 'W_layer_units_exponent_4': 10, 'W_layer_units_exponent_5': 6, 'D_layers': 8, 'D_layer_units_exponent_0': 8, 'D_layer_units_exponent_1': 8, 'D_layer_units_exponent_2': 6, 'D_layer_units_exponent_3': 6, 'D_layer_units_exponent_4': 8, 'D_layer_units_exponent_5': 5, 'D_layer_units_exponent_6': 10, 'D_layer_units_exponent_7': 9, 'log_learning_rate': -2.1474877927374245, 'log_learning_rate_D': -3.68773667467294, 'training_batch_size': 7, 'training_p': 6}
	 epoch  0 training error:  tensor(0.9735, device='cuda:0', grad_fn=<DivBackward0>)
Memory status after this epoch: 
Memory allocated:  58.4931640625
Memory cached:  108.0
	 epoch  10 training error:  tensor(0.1941, device='cuda:0', grad_fn=<DivBackward0>)
Memory status after this epoch: 
Memory allocated:  58.4931640625
Memory cached:  108.0
	 epoch  20 training error:  tensor(0.1977, device='cuda:0', grad_fn=<DivBackward0>)
Memory status after this epoch: 
Memory allocated:  58.4931640625
Memory cached:  108.0
	 epoch  30 training error:  tensor(0.1479, device='cuda:0', grad_fn=<DivBackward0>)
Memory status after this epoch: 
Memory allocated:  58.4931640625
Memory cached:  108.0
	 epoch  40 training error:  tensor(0.1476, device='cuda:0', grad_fn=<DivBackward0>)
Memory status after this epoch: 
Memory allocated:  58.4931640625
Memory cached:  108.0
	 epoch  50 training error:  tensor(0.1424, device='cuda:0', grad_fn=<DivBackward0>)
Memory status after this epoch: 
Memory allocated:  58.4931640625
Memory cached:  108.0
	 epoch  60 training error:  tensor(0.1389, device='cuda:0', grad_fn=<DivBackward0>)
Memory status after this epoch: 
Memory allocated:  58.4931640625
Memory cached:  108.0
	 epoch  70 training error:  tensor(0.1185, device='cuda:0', grad_fn=<DivBackward0>)
Memory status after this epoch: 
Memory allocated:  58.4931640625
Memory cached:  108.0
	 epoch  80 training error:  tensor(0.1039, device='cuda:0', grad_fn=<DivBackward0>)
Memory status after this epoch: 
Memory allocated:  58.4931640625
Memory cached:  108.0
	 epoch  90 training error:  tensor(0.0733, device='cuda:0', grad_fn=<DivBackward0>)
Memory status after this epoch: 
Memory allocated:  58.4931640625
Memory cached:  108.0
[I 2023-12-04 00:57:15,994] Trial 8 finished with value: 0.08745536208152771 and parameters: {'W_layers': 6, 'W_layer_units_exponent_0': 4, 'W_layer_units_exponent_1': 10, 'W_layer_units_exponent_2': 4, 'W_layer_units_exponent_3': 5, 'W_layer_units_exponent_4': 10, 'W_layer_units_exponent_5': 6, 'D_layers': 8, 'D_layer_units_exponent_0': 8, 'D_layer_units_exponent_1': 8, 'D_layer_units_exponent_2': 6, 'D_layer_units_exponent_3': 6, 'D_layer_units_exponent_4': 8, 'D_layer_units_exponent_5': 5, 'D_layer_units_exponent_6': 10, 'D_layer_units_exponent_7': 9, 'log_learning_rate': -2.1474877927374245, 'log_learning_rate_D': -3.68773667467294, 'training_batch_size': 7, 'training_p': 6}. Best is trial 8 with value: 0.08745536208152771.
res:  tensor(0.0875, device='cuda:0', grad_fn=<DivBackward0>)
self.bestValue:  tensor(0.0879, device='cuda:0', grad_fn=<DivBackward0>)
Save this model!
Time for this trial:  57.45846509933472
Memory status after this trial: 
Memory allocated:  112.0634765625
Memory cached:  178.0
--------------------  Trial  9   --------------------
Start timing: 
Parameters: 
{'W_layers': 3, 'W_layer_units_exponent_0': 8, 'W_layer_units_exponent_1': 9, 'W_layer_units_exponent_2': 10, 'D_layers': 7, 'D_layer_units_exponent_0': 9, 'D_layer_units_exponent_1': 7, 'D_layer_units_exponent_2': 9, 'D_layer_units_exponent_3': 9, 'D_layer_units_exponent_4': 8, 'D_layer_units_exponent_5': 9, 'D_layer_units_exponent_6': 4, 'log_learning_rate': -4.984047746228413, 'log_learning_rate_D': -1.1493007824164394, 'training_batch_size': 7, 'training_p': 7}
	 epoch  0 training error:  tensor(0.9653, device='cuda:0', grad_fn=<DivBackward0>)
Memory status after this epoch: 
Memory allocated:  132.35400390625
Memory cached:  182.0
[W 2023-12-04 00:57:17,898] Trial 9 failed with parameters: {'W_layers': 3, 'W_layer_units_exponent_0': 8, 'W_layer_units_exponent_1': 9, 'W_layer_units_exponent_2': 10, 'D_layers': 7, 'D_layer_units_exponent_0': 9, 'D_layer_units_exponent_1': 7, 'D_layer_units_exponent_2': 9, 'D_layer_units_exponent_3': 9, 'D_layer_units_exponent_4': 8, 'D_layer_units_exponent_5': 9, 'D_layer_units_exponent_6': 4, 'log_learning_rate': -4.984047746228413, 'log_learning_rate_D': -1.1493007824164394, 'training_batch_size': 7, 'training_p': 7} because of the following error: The value nan is not acceptable.
[W 2023-12-04 00:57:17,899] Trial 9 failed with value tensor(nan, device='cuda:0', grad_fn=<DivBackward0>).
Time for this trial:  1.7980611324310303
Memory status after this trial: 
Memory allocated:  218.87353515625
Memory cached:  238.0
--------------------  Trial  10   --------------------
Start timing: 
Parameters: 
{'W_layers': 4, 'W_layer_units_exponent_0': 6, 'W_layer_units_exponent_1': 5, 'W_layer_units_exponent_2': 7, 'W_layer_units_exponent_3': 10, 'D_layers': 6, 'D_layer_units_exponent_0': 7, 'D_layer_units_exponent_1': 8, 'D_layer_units_exponent_2': 9, 'D_layer_units_exponent_3': 8, 'D_layer_units_exponent_4': 4, 'D_layer_units_exponent_5': 7, 'log_learning_rate': -2.8674736984942792, 'log_learning_rate_D': -2.1315450335760215, 'training_batch_size': 6, 'training_p': 6}
	 epoch  0 training error:  tensor(0.9858, device='cuda:0', grad_fn=<DivBackward0>)
Memory status after this epoch: 
Memory allocated:  118.83544921875
Memory cached:  180.0
	 epoch  10 training error:  tensor(0.2044, device='cuda:0', grad_fn=<DivBackward0>)
Memory status after this epoch: 
Memory allocated:  118.83544921875
Memory cached:  180.0
	 epoch  20 training error:  tensor(0.1052, device='cuda:0', grad_fn=<DivBackward0>)
Memory status after this epoch: 
Memory allocated:  118.83544921875
Memory cached:  180.0
	 epoch  30 training error:  tensor(0.0857, device='cuda:0', grad_fn=<DivBackward0>)
Memory status after this epoch: 
Memory allocated:  118.83544921875
Memory cached:  180.0
	 epoch  40 training error:  tensor(0.0751, device='cuda:0', grad_fn=<DivBackward0>)
Memory status after this epoch: 
Memory allocated:  118.83544921875
Memory cached:  180.0
	 epoch  50 training error:  tensor(0.1004, device='cuda:0', grad_fn=<DivBackward0>)
Memory status after this epoch: 
Memory allocated:  118.83544921875
Memory cached:  180.0
	 epoch  60 training error:  tensor(0.1267, device='cuda:0', grad_fn=<DivBackward0>)
Memory status after this epoch: 
Memory allocated:  118.83544921875
Memory cached:  180.0
	 epoch  70 training error:  tensor(0.0933, device='cuda:0', grad_fn=<DivBackward0>)
Memory status after this epoch: 
Memory allocated:  118.83544921875
Memory cached:  180.0
	 epoch  80 training error:  tensor(0.0844, device='cuda:0', grad_fn=<DivBackward0>)
Memory status after this epoch: 
Memory allocated:  118.83544921875
Memory cached:  180.0
	 epoch  90 training error:  tensor(0.0683, device='cuda:0', grad_fn=<DivBackward0>)
Memory status after this epoch: 
Memory allocated:  118.83544921875
Memory cached:  180.0
[I 2023-12-04 00:58:31,562] Trial 10 finished with value: 0.11182411760091782 and parameters: {'W_layers': 4, 'W_layer_units_exponent_0': 6, 'W_layer_units_exponent_1': 5, 'W_layer_units_exponent_2': 7, 'W_layer_units_exponent_3': 10, 'D_layers': 6, 'D_layer_units_exponent_0': 7, 'D_layer_units_exponent_1': 8, 'D_layer_units_exponent_2': 9, 'D_layer_units_exponent_3': 8, 'D_layer_units_exponent_4': 4, 'D_layer_units_exponent_5': 7, 'log_learning_rate': -2.8674736984942792, 'log_learning_rate_D': -2.1315450335760215, 'training_batch_size': 6, 'training_p': 6}. Best is trial 8 with value: 0.08745536208152771.
Time for this trial:  73.53935480117798
Memory status after this trial: 
Memory allocated:  173.57177734375
Memory cached:  194.0
--------------------  Trial  11   --------------------
Start timing: 
Parameters: 
{'W_layers': 3, 'W_layer_units_exponent_0': 5, 'W_layer_units_exponent_1': 5, 'W_layer_units_exponent_2': 10, 'D_layers': 7, 'D_layer_units_exponent_0': 8, 'D_layer_units_exponent_1': 5, 'D_layer_units_exponent_2': 9, 'D_layer_units_exponent_3': 10, 'D_layer_units_exponent_4': 10, 'D_layer_units_exponent_5': 8, 'D_layer_units_exponent_6': 8, 'log_learning_rate': -1.5916753982377094, 'log_learning_rate_D': -2.9806250710179745, 'training_batch_size': 9, 'training_p': 4}
	 epoch  0 training error:  tensor(0.9415, device='cuda:0', grad_fn=<DivBackward0>)
Memory status after this epoch: 
Memory allocated:  142.10205078125
Memory cached:  202.0
	 epoch  10 training error:  tensor(0.4811, device='cuda:0', grad_fn=<DivBackward0>)
Memory status after this epoch: 
Memory allocated:  142.10205078125
Memory cached:  204.0
	 epoch  20 training error:  tensor(0.3623, device='cuda:0', grad_fn=<DivBackward0>)
Memory status after this epoch: 
Memory allocated:  142.10205078125
Memory cached:  204.0
	 epoch  30 training error:  tensor(0.2104, device='cuda:0', grad_fn=<DivBackward0>)
Memory status after this epoch: 
Memory allocated:  142.10205078125
Memory cached:  204.0
	 epoch  40 training error:  tensor(0.1472, device='cuda:0', grad_fn=<DivBackward0>)
Memory status after this epoch: 
Memory allocated:  142.10205078125
Memory cached:  204.0
	 epoch  50 training error:  tensor(0.1328, device='cuda:0', grad_fn=<DivBackward0>)
Memory status after this epoch: 
Memory allocated:  142.10205078125
Memory cached:  204.0
	 epoch  60 training error:  tensor(0.1002, device='cuda:0', grad_fn=<DivBackward0>)
Memory status after this epoch: 
Memory allocated:  142.10205078125
Memory cached:  204.0
	 epoch  70 training error:  tensor(0.0753, device='cuda:0', grad_fn=<DivBackward0>)
Memory status after this epoch: 
Memory allocated:  142.10205078125
Memory cached:  204.0
	 epoch  80 training error:  tensor(0.0284, device='cuda:0', grad_fn=<DivBackward0>)
Memory status after this epoch: 
Memory allocated:  142.10205078125
Memory cached:  204.0
	 epoch  90 training error:  tensor(0.1154, device='cuda:0', grad_fn=<DivBackward0>)
Memory status after this epoch: 
Memory allocated:  142.10205078125
Memory cached:  204.0
