[I 2024-01-03 18:09:37,875] Trial 66 finished with value: 0.21882107853889465 and parameters: {'W_layers': 6, 'W_layer_units_exponent_0': 9, 'W_layer_units_exponent_1': 6, 'W_layer_units_exponent_2': 8, 'W_layer_units_exponent_3': 4, 'W_layer_units_exponent_4': 9, 'W_layer_units_exponent_5': 6, 'D_layers': 5, 'D_layer_units_exponent_0': 10, 'D_layer_units_exponent_1': 6, 'D_layer_units_exponent_2': 5, 'D_layer_units_exponent_3': 7, 'D_layer_units_exponent_4': 7, 'D_dagger_layers': 6, 'D_dagger_layer_units_exponent_0': 9, 'D_dagger_layer_units_exponent_1': 9, 'D_dagger_layer_units_exponent_2': 10, 'D_dagger_layer_units_exponent_3': 6, 'D_dagger_layer_units_exponent_4': 7, 'D_dagger_layer_units_exponent_5': 8, 'log_learning_rate': -4.063262828272816, 'log_learning_rate_D': -2.8101003535298936, 'log_learning_rate_D_dagger': -3.207927810191527, 'training_batch_size': 6, 'training_p': 4}. Best is trial 45 with value: 0.13349680602550507.
Time for this trial:  389.3480336666107
Memory status after this trial: 
Memory allocated:  616.806640625
Memory cached:  678.0
--------------------  Trial  67   --------------------
Start timing: 
Parameters: 
{'W_layers': 6, 'W_layer_units_exponent_0': 10, 'W_layer_units_exponent_1': 6, 'W_layer_units_exponent_2': 8, 'W_layer_units_exponent_3': 4, 'W_layer_units_exponent_4': 10, 'W_layer_units_exponent_5': 6, 'D_layers': 5, 'D_layer_units_exponent_0': 9, 'D_layer_units_exponent_1': 6, 'D_layer_units_exponent_2': 4, 'D_layer_units_exponent_3': 7, 'D_layer_units_exponent_4': 8, 'D_dagger_layers': 5, 'D_dagger_layer_units_exponent_0': 10, 'D_dagger_layer_units_exponent_1': 10, 'D_dagger_layer_units_exponent_2': 8, 'D_dagger_layer_units_exponent_3': 6, 'D_dagger_layer_units_exponent_4': 7, 'log_learning_rate': -4.098858023542198, 'log_learning_rate_D': -2.7596739353578226, 'log_learning_rate_D_dagger': -3.212758425957363, 'training_batch_size': 6, 'training_p': 4}
	 epoch  0 training error:  tensor(0.9292, device='cuda:0', grad_fn=<DivBackward0>)
Memory status after this epoch: 
Memory allocated:  353.5341796875
Memory cached:  626.0
	 epoch  10 training error:  tensor(0.4514, device='cuda:0', grad_fn=<DivBackward0>)
Memory status after this epoch: 
Memory allocated:  353.5341796875
Memory cached:  642.0
	 epoch  20 training error:  tensor(0.4617, device='cuda:0', grad_fn=<DivBackward0>)
Memory status after this epoch: 
Memory allocated:  353.5341796875
Memory cached:  632.0
	 epoch  30 training error:  tensor(0.4359, device='cuda:0', grad_fn=<DivBackward0>)
Memory status after this epoch: 
Memory allocated:  353.5341796875
Memory cached:  640.0
	 epoch  40 training error:  tensor(0.4432, device='cuda:0', grad_fn=<DivBackward0>)
Memory status after this epoch: 
Memory allocated:  353.5341796875
Memory cached:  640.0
	 epoch  50 training error:  tensor(0.4166, device='cuda:0', grad_fn=<DivBackward0>)
Memory status after this epoch: 
Memory allocated:  353.5341796875
Memory cached:  640.0
	 epoch  60 training error:  tensor(0.2936, device='cuda:0', grad_fn=<DivBackward0>)
Memory status after this epoch: 
Memory allocated:  353.5341796875
Memory cached:  634.0
	 epoch  70 training error:  tensor(0.3690, device='cuda:0', grad_fn=<DivBackward0>)
Memory status after this epoch: 
Memory allocated:  353.5341796875
Memory cached:  632.0
	 epoch  80 training error:  tensor(0.2660, device='cuda:0', grad_fn=<DivBackward0>)
Memory status after this epoch: 
Memory allocated:  353.5341796875
Memory cached:  638.0
	 epoch  90 training error:  tensor(0.2120, device='cuda:0', grad_fn=<DivBackward0>)
Memory status after this epoch: 
Memory allocated:  353.5341796875
Memory cached:  644.0
[I 2024-01-03 18:16:01,491] Trial 67 finished with value: 0.14480772614479065 and parameters: {'W_layers': 6, 'W_layer_units_exponent_0': 10, 'W_layer_units_exponent_1': 6, 'W_layer_units_exponent_2': 8, 'W_layer_units_exponent_3': 4, 'W_layer_units_exponent_4': 10, 'W_layer_units_exponent_5': 6, 'D_layers': 5, 'D_layer_units_exponent_0': 9, 'D_layer_units_exponent_1': 6, 'D_layer_units_exponent_2': 4, 'D_layer_units_exponent_3': 7, 'D_layer_units_exponent_4': 8, 'D_dagger_layers': 5, 'D_dagger_layer_units_exponent_0': 10, 'D_dagger_layer_units_exponent_1': 10, 'D_dagger_layer_units_exponent_2': 8, 'D_dagger_layer_units_exponent_3': 6, 'D_dagger_layer_units_exponent_4': 7, 'log_learning_rate': -4.098858023542198, 'log_learning_rate_D': -2.7596739353578226, 'log_learning_rate_D_dagger': -3.212758425957363, 'training_batch_size': 6, 'training_p': 4}. Best is trial 45 with value: 0.13349680602550507.
Time for this trial:  383.14940309524536
Memory status after this trial: 
Memory allocated:  654.326171875
Memory cached:  668.0
--------------------  Trial  68   --------------------
Start timing: 
Parameters: 
{'W_layers': 7, 'W_layer_units_exponent_0': 10, 'W_layer_units_exponent_1': 6, 'W_layer_units_exponent_2': 8, 'W_layer_units_exponent_3': 4, 'W_layer_units_exponent_4': 10, 'W_layer_units_exponent_5': 6, 'W_layer_units_exponent_6': 8, 'D_layers': 5, 'D_layer_units_exponent_0': 9, 'D_layer_units_exponent_1': 6, 'D_layer_units_exponent_2': 5, 'D_layer_units_exponent_3': 7, 'D_layer_units_exponent_4': 8, 'D_dagger_layers': 6, 'D_dagger_layer_units_exponent_0': 9, 'D_dagger_layer_units_exponent_1': 10, 'D_dagger_layer_units_exponent_2': 10, 'D_dagger_layer_units_exponent_3': 6, 'D_dagger_layer_units_exponent_4': 7, 'D_dagger_layer_units_exponent_5': 9, 'log_learning_rate': -4.445257092121217, 'log_learning_rate_D': -2.824291708266025, 'log_learning_rate_D_dagger': -3.2042610887315846, 'training_batch_size': 6, 'training_p': 4}
	 epoch  0 training error:  tensor(0.9654, device='cuda:0', grad_fn=<DivBackward0>)
Memory status after this epoch: 
Memory allocated:  359.5654296875
Memory cached:  660.0
	 epoch  10 training error:  tensor(0.4727, device='cuda:0', grad_fn=<DivBackward0>)
Memory status after this epoch: 
Memory allocated:  359.5654296875
Memory cached:  702.0
	 epoch  20 training error:  tensor(0.4611, device='cuda:0', grad_fn=<DivBackward0>)
Memory status after this epoch: 
Memory allocated:  359.5654296875
Memory cached:  700.0
	 epoch  30 training error:  tensor(0.4601, device='cuda:0', grad_fn=<DivBackward0>)
Memory status after this epoch: 
Memory allocated:  359.5654296875
Memory cached:  702.0
	 epoch  40 training error:  tensor(0.4289, device='cuda:0', grad_fn=<DivBackward0>)
Memory status after this epoch: 
Memory allocated:  359.5654296875
Memory cached:  702.0
	 epoch  50 training error:  tensor(0.4181, device='cuda:0', grad_fn=<DivBackward0>)
Memory status after this epoch: 
Memory allocated:  359.5654296875
Memory cached:  702.0
	 epoch  60 training error:  tensor(0.3175, device='cuda:0', grad_fn=<DivBackward0>)
Memory status after this epoch: 
Memory allocated:  359.5654296875
Memory cached:  710.0
	 epoch  70 training error:  tensor(0.3483, device='cuda:0', grad_fn=<DivBackward0>)
Memory status after this epoch: 
Memory allocated:  359.5654296875
Memory cached:  696.0
	 epoch  80 training error:  tensor(0.3224, device='cuda:0', grad_fn=<DivBackward0>)
Memory status after this epoch: 
Memory allocated:  359.5654296875
Memory cached:  702.0
	 epoch  90 training error:  tensor(0.2794, device='cuda:0', grad_fn=<DivBackward0>)
Memory status after this epoch: 
Memory allocated:  359.5654296875
Memory cached:  700.0
[I 2024-01-03 18:22:56,436] Trial 68 finished with value: 0.27242594957351685 and parameters: {'W_layers': 7, 'W_layer_units_exponent_0': 10, 'W_layer_units_exponent_1': 6, 'W_layer_units_exponent_2': 8, 'W_layer_units_exponent_3': 4, 'W_layer_units_exponent_4': 10, 'W_layer_units_exponent_5': 6, 'W_layer_units_exponent_6': 8, 'D_layers': 5, 'D_layer_units_exponent_0': 9, 'D_layer_units_exponent_1': 6, 'D_layer_units_exponent_2': 5, 'D_layer_units_exponent_3': 7, 'D_layer_units_exponent_4': 8, 'D_dagger_layers': 6, 'D_dagger_layer_units_exponent_0': 9, 'D_dagger_layer_units_exponent_1': 10, 'D_dagger_layer_units_exponent_2': 10, 'D_dagger_layer_units_exponent_3': 6, 'D_dagger_layer_units_exponent_4': 7, 'D_dagger_layer_units_exponent_5': 9, 'log_learning_rate': -4.445257092121217, 'log_learning_rate_D': -2.824291708266025, 'log_learning_rate_D_dagger': -3.2042610887315846, 'training_batch_size': 6, 'training_p': 4}. Best is trial 45 with value: 0.13349680602550507.
Time for this trial:  414.4591579437256
Memory status after this trial: 
Memory allocated:  708.3115234375
Memory cached:  736.0
--------------------  Trial  69   --------------------
Start timing: 
Parameters: 
{'W_layers': 7, 'W_layer_units_exponent_0': 10, 'W_layer_units_exponent_1': 6, 'W_layer_units_exponent_2': 8, 'W_layer_units_exponent_3': 5, 'W_layer_units_exponent_4': 10, 'W_layer_units_exponent_5': 5, 'W_layer_units_exponent_6': 6, 'D_layers': 6, 'D_layer_units_exponent_0': 9, 'D_layer_units_exponent_1': 7, 'D_layer_units_exponent_2': 4, 'D_layer_units_exponent_3': 6, 'D_layer_units_exponent_4': 8, 'D_layer_units_exponent_5': 10, 'D_dagger_layers': 2, 'D_dagger_layer_units_exponent_0': 10, 'D_dagger_layer_units_exponent_1': 10, 'log_learning_rate': -4.086102049139503, 'log_learning_rate_D': -2.6922153624273895, 'log_learning_rate_D_dagger': -2.854173301860734, 'training_batch_size': 6, 'training_p': 4}
	 epoch  0 training error:  tensor(1.7815, device='cuda:0', grad_fn=<DivBackward0>)
Memory status after this epoch: 
Memory allocated:  353.2880859375
Memory cached:  624.0
	 epoch  10 training error:  tensor(0.5256, device='cuda:0', grad_fn=<DivBackward0>)
Memory status after this epoch: 
Memory allocated:  353.2880859375
Memory cached:  666.0
	 epoch  20 training error:  tensor(0.5062, device='cuda:0', grad_fn=<DivBackward0>)
Memory status after this epoch: 
Memory allocated:  353.2880859375
Memory cached:  652.0
	 epoch  30 training error:  tensor(0.5029, device='cuda:0', grad_fn=<DivBackward0>)
Memory status after this epoch: 
Memory allocated:  353.2880859375
Memory cached:  664.0
	 epoch  40 training error:  tensor(0.4832, device='cuda:0', grad_fn=<DivBackward0>)
Memory status after this epoch: 
Memory allocated:  353.2880859375
Memory cached:  658.0
	 epoch  50 training error:  tensor(0.9748, device='cuda:0', grad_fn=<DivBackward0>)
Memory status after this epoch: 
Memory allocated:  353.2880859375
Memory cached:  654.0
	 epoch  60 training error:  tensor(0.5547, device='cuda:0', grad_fn=<DivBackward0>)
Memory status after this epoch: 
Memory allocated:  353.2880859375
Memory cached:  662.0
	 epoch  70 training error:  tensor(1.1670, device='cuda:0', grad_fn=<DivBackward0>)
Memory status after this epoch: 
Memory allocated:  353.2880859375
Memory cached:  668.0
	 epoch  80 training error:  tensor(1.0716, device='cuda:0', grad_fn=<DivBackward0>)
Memory status after this epoch: 
Memory allocated:  353.2880859375
Memory cached:  660.0
	 epoch  90 training error:  tensor(0.4603, device='cuda:0', grad_fn=<DivBackward0>)
Memory status after this epoch: 
Memory allocated:  353.2880859375
Memory cached:  656.0
[I 2024-01-03 18:29:08,486] Trial 69 finished with value: 0.41055384278297424 and parameters: {'W_layers': 7, 'W_layer_units_exponent_0': 10, 'W_layer_units_exponent_1': 6, 'W_layer_units_exponent_2': 8, 'W_layer_units_exponent_3': 5, 'W_layer_units_exponent_4': 10, 'W_layer_units_exponent_5': 5, 'W_layer_units_exponent_6': 6, 'D_layers': 6, 'D_layer_units_exponent_0': 9, 'D_layer_units_exponent_1': 7, 'D_layer_units_exponent_2': 4, 'D_layer_units_exponent_3': 6, 'D_layer_units_exponent_4': 8, 'D_layer_units_exponent_5': 10, 'D_dagger_layers': 2, 'D_dagger_layer_units_exponent_0': 10, 'D_dagger_layer_units_exponent_1': 10, 'log_learning_rate': -4.086102049139503, 'log_learning_rate_D': -2.6922153624273895, 'log_learning_rate_D_dagger': -2.854173301860734, 'training_batch_size': 6, 'training_p': 4}. Best is trial 45 with value: 0.13349680602550507.
Time for this trial:  371.5955698490143
Memory status after this trial: 
Memory allocated:  674.173828125
Memory cached:  688.0
--------------------  Trial  70   --------------------
Start timing: 
Parameters: 
{'W_layers': 6, 'W_layer_units_exponent_0': 10, 'W_layer_units_exponent_1': 6, 'W_layer_units_exponent_2': 8, 'W_layer_units_exponent_3': 4, 'W_layer_units_exponent_4': 10, 'W_layer_units_exponent_5': 6, 'D_layers': 5, 'D_layer_units_exponent_0': 10, 'D_layer_units_exponent_1': 6, 'D_layer_units_exponent_2': 5, 'D_layer_units_exponent_3': 7, 'D_layer_units_exponent_4': 9, 'D_dagger_layers': 5, 'D_dagger_layer_units_exponent_0': 6, 'D_dagger_layer_units_exponent_1': 10, 'D_dagger_layer_units_exponent_2': 10, 'D_dagger_layer_units_exponent_3': 7, 'D_dagger_layer_units_exponent_4': 6, 'log_learning_rate': -4.239469485623173, 'log_learning_rate_D': -2.5571041573878053, 'log_learning_rate_D_dagger': -3.094971829980823, 'training_batch_size': 6, 'training_p': 5}
	 epoch  0 training error:  tensor(0.9133, device='cuda:0', grad_fn=<DivBackward0>)
Memory status after this epoch: 
Memory allocated:  353.3037109375
Memory cached:  626.0
	 epoch  10 training error:  tensor(0.4933, device='cuda:0', grad_fn=<DivBackward0>)
Memory status after this epoch: 
Memory allocated:  353.3037109375
Memory cached:  668.0
	 epoch  20 training error:  tensor(0.4853, device='cuda:0', grad_fn=<DivBackward0>)
Memory status after this epoch: 
Memory allocated:  353.3037109375
Memory cached:  660.0
	 epoch  30 training error:  tensor(0.4904, device='cuda:0', grad_fn=<DivBackward0>)
Memory status after this epoch: 
Memory allocated:  353.3037109375
Memory cached:  656.0
	 epoch  40 training error:  tensor(0.5008, device='cuda:0', grad_fn=<DivBackward0>)
Memory status after this epoch: 
Memory allocated:  353.3037109375
Memory cached:  662.0
	 epoch  50 training error:  tensor(0.4799, device='cuda:0', grad_fn=<DivBackward0>)
Memory status after this epoch: 
Memory allocated:  353.3037109375
Memory cached:  672.0
	 epoch  60 training error:  tensor(0.5039, device='cuda:0', grad_fn=<DivBackward0>)
Memory status after this epoch: 
Memory allocated:  353.3037109375
Memory cached:  664.0
	 epoch  70 training error:  tensor(0.4801, device='cuda:0', grad_fn=<DivBackward0>)
Memory status after this epoch: 
Memory allocated:  353.3037109375
Memory cached:  656.0
	 epoch  80 training error:  tensor(0.4819, device='cuda:0', grad_fn=<DivBackward0>)
Memory status after this epoch: 
Memory allocated:  353.3037109375
Memory cached:  668.0
	 epoch  90 training error:  tensor(0.4743, device='cuda:0', grad_fn=<DivBackward0>)
Memory status after this epoch: 
Memory allocated:  353.3037109375
Memory cached:  670.0
[I 2024-01-03 18:35:35,006] Trial 70 finished with value: 0.4005267322063446 and parameters: {'W_layers': 6, 'W_layer_units_exponent_0': 10, 'W_layer_units_exponent_1': 6, 'W_layer_units_exponent_2': 8, 'W_layer_units_exponent_3': 4, 'W_layer_units_exponent_4': 10, 'W_layer_units_exponent_5': 6, 'D_layers': 5, 'D_layer_units_exponent_0': 10, 'D_layer_units_exponent_1': 6, 'D_layer_units_exponent_2': 5, 'D_layer_units_exponent_3': 7, 'D_layer_units_exponent_4': 9, 'D_dagger_layers': 5, 'D_dagger_layer_units_exponent_0': 6, 'D_dagger_layer_units_exponent_1': 10, 'D_dagger_layer_units_exponent_2': 10, 'D_dagger_layer_units_exponent_3': 7, 'D_dagger_layer_units_exponent_4': 6, 'log_learning_rate': -4.239469485623173, 'log_learning_rate_D': -2.5571041573878053, 'log_learning_rate_D_dagger': -3.094971829980823, 'training_batch_size': 6, 'training_p': 5}. Best is trial 45 with value: 0.13349680602550507.
Time for this trial:  386.0499949455261
Memory status after this trial: 
Memory allocated:  683.7939453125
Memory cached:  696.0
--------------------  Trial  71   --------------------
Start timing: 
Parameters: 
{'W_layers': 6, 'W_layer_units_exponent_0': 9, 'W_layer_units_exponent_1': 6, 'W_layer_units_exponent_2': 8, 'W_layer_units_exponent_3': 4, 'W_layer_units_exponent_4': 9, 'W_layer_units_exponent_5': 7, 'D_layers': 5, 'D_layer_units_exponent_0': 10, 'D_layer_units_exponent_1': 7, 'D_layer_units_exponent_2': 4, 'D_layer_units_exponent_3': 8, 'D_layer_units_exponent_4': 7, 'D_dagger_layers': 5, 'D_dagger_layer_units_exponent_0': 10, 'D_dagger_layer_units_exponent_1': 10, 'D_dagger_layer_units_exponent_2': 10, 'D_dagger_layer_units_exponent_3': 6, 'D_dagger_layer_units_exponent_4': 7, 'log_learning_rate': -4.057608355506997, 'log_learning_rate_D': -2.9259057481503326, 'log_learning_rate_D_dagger': -3.2893194764344718, 'training_batch_size': 6, 'training_p': 4}
	 epoch  0 training error:  tensor(0.9351, device='cuda:0', grad_fn=<DivBackward0>)
Memory status after this epoch: 
Memory allocated:  367.2314453125
Memory cached:  654.0
	 epoch  10 training error:  tensor(0.4620, device='cuda:0', grad_fn=<DivBackward0>)
Memory status after this epoch: 
Memory allocated:  367.2314453125
Memory cached:  678.0
	 epoch  20 training error:  tensor(0.4393, device='cuda:0', grad_fn=<DivBackward0>)
Memory status after this epoch: 
Memory allocated:  367.2314453125
Memory cached:  674.0
	 epoch  30 training error:  tensor(0.4516, device='cuda:0', grad_fn=<DivBackward0>)
Memory status after this epoch: 
Memory allocated:  367.2314453125
Memory cached:  664.0
	 epoch  40 training error:  tensor(0.4511, device='cuda:0', grad_fn=<DivBackward0>)
Memory status after this epoch: 
Memory allocated:  367.2314453125
Memory cached:  676.0
	 epoch  50 training error:  tensor(0.3096, device='cuda:0', grad_fn=<DivBackward0>)
Memory status after this epoch: 
Memory allocated:  367.2314453125
Memory cached:  670.0
	 epoch  60 training error:  tensor(0.4014, device='cuda:0', grad_fn=<DivBackward0>)
Memory status after this epoch: 
Memory allocated:  367.2314453125
Memory cached:  674.0
	 epoch  70 training error:  tensor(0.3194, device='cuda:0', grad_fn=<DivBackward0>)
Memory status after this epoch: 
Memory allocated:  367.2314453125
Memory cached:  668.0
	 epoch  80 training error:  tensor(0.3143, device='cuda:0', grad_fn=<DivBackward0>)
Memory status after this epoch: 
Memory allocated:  367.2314453125
Memory cached:  676.0
	 epoch  90 training error:  tensor(0.2551, device='cuda:0', grad_fn=<DivBackward0>)
Memory status after this epoch: 
Memory allocated:  367.2314453125
Memory cached:  678.0
[I 2024-01-03 18:41:58,386] Trial 71 finished with value: 0.1314663589000702 and parameters: {'W_layers': 6, 'W_layer_units_exponent_0': 9, 'W_layer_units_exponent_1': 6, 'W_layer_units_exponent_2': 8, 'W_layer_units_exponent_3': 4, 'W_layer_units_exponent_4': 9, 'W_layer_units_exponent_5': 7, 'D_layers': 5, 'D_layer_units_exponent_0': 10, 'D_layer_units_exponent_1': 7, 'D_layer_units_exponent_2': 4, 'D_layer_units_exponent_3': 8, 'D_layer_units_exponent_4': 7, 'D_dagger_layers': 5, 'D_dagger_layer_units_exponent_0': 10, 'D_dagger_layer_units_exponent_1': 10, 'D_dagger_layer_units_exponent_2': 10, 'D_dagger_layer_units_exponent_3': 6, 'D_dagger_layer_units_exponent_4': 7, 'log_learning_rate': -4.057608355506997, 'log_learning_rate_D': -2.9259057481503326, 'log_learning_rate_D_dagger': -3.2893194764344718, 'training_batch_size': 6, 'training_p': 4}. Best is trial 71 with value: 0.1314663589000702.
res:  tensor(0.1315, device='cuda:0', grad_fn=<DivBackward0>)
self.bestValue:  tensor(0.1335, device='cuda:0', grad_fn=<DivBackward0>)
Save this model!
Time for this trial:  382.9634642601013
Memory status after this trial: 
Memory allocated:  352.673828125
Memory cached:  678.0
--------------------  Trial  72   --------------------
Start timing: 
Parameters: 
{'W_layers': 6, 'W_layer_units_exponent_0': 10, 'W_layer_units_exponent_1': 6, 'W_layer_units_exponent_2': 8, 'W_layer_units_exponent_3': 4, 'W_layer_units_exponent_4': 9, 'W_layer_units_exponent_5': 7, 'D_layers': 4, 'D_layer_units_exponent_0': 10, 'D_layer_units_exponent_1': 7, 'D_layer_units_exponent_2': 4, 'D_layer_units_exponent_3': 8, 'D_dagger_layers': 5, 'D_dagger_layer_units_exponent_0': 10, 'D_dagger_layer_units_exponent_1': 10, 'D_dagger_layer_units_exponent_2': 10, 'D_dagger_layer_units_exponent_3': 6, 'D_dagger_layer_units_exponent_4': 7, 'log_learning_rate': -4.361959702411834, 'log_learning_rate_D': -2.9071066522597713, 'log_learning_rate_D_dagger': -3.359643790387993, 'training_batch_size': 6, 'training_p': 4}
	 epoch  0 training error:  tensor(0.9250, device='cuda:0', grad_fn=<DivBackward0>)
Memory status after this epoch: 
Memory allocated:  390.609375
Memory cached:  694.0
	 epoch  10 training error:  tensor(0.4621, device='cuda:0', grad_fn=<DivBackward0>)
Memory status after this epoch: 
Memory allocated:  390.609375
Memory cached:  722.0
	 epoch  20 training error:  tensor(0.4378, device='cuda:0', grad_fn=<DivBackward0>)
Memory status after this epoch: 
Memory allocated:  390.609375
Memory cached:  736.0
	 epoch  30 training error:  tensor(0.4427, device='cuda:0', grad_fn=<DivBackward0>)
Memory status after this epoch: 
Memory allocated:  390.609375
Memory cached:  728.0
	 epoch  40 training error:  tensor(0.4400, device='cuda:0', grad_fn=<DivBackward0>)
Memory status after this epoch: 
Memory allocated:  390.609375
Memory cached:  730.0
	 epoch  50 training error:  tensor(0.4567, device='cuda:0', grad_fn=<DivBackward0>)
Memory status after this epoch: 
Memory allocated:  390.609375
Memory cached:  728.0
	 epoch  60 training error:  tensor(0.4326, device='cuda:0', grad_fn=<DivBackward0>)
Memory status after this epoch: 
Memory allocated:  390.609375
Memory cached:  738.0
	 epoch  70 training error:  tensor(0.4403, device='cuda:0', grad_fn=<DivBackward0>)
Memory status after this epoch: 
Memory allocated:  390.609375
Memory cached:  736.0
	 epoch  80 training error:  tensor(0.4397, device='cuda:0', grad_fn=<DivBackward0>)
Memory status after this epoch: 
Memory allocated:  390.609375
Memory cached:  736.0
	 epoch  90 training error:  tensor(0.4285, device='cuda:0', grad_fn=<DivBackward0>)
Memory status after this epoch: 
Memory allocated:  390.609375
Memory cached:  734.0
