[I 2023-12-05 02:09:10,231] Trial 5 finished with value: 0.5480077266693115 and parameters: {'W_layers': 6, 'W_layer_units_exponent_0': 9, 'W_layer_units_exponent_1': 7, 'W_layer_units_exponent_2': 9, 'W_layer_units_exponent_3': 10, 'W_layer_units_exponent_4': 6, 'W_layer_units_exponent_5': 7, 'D_layers': 8, 'D_layer_units_exponent_0': 7, 'D_layer_units_exponent_1': 6, 'D_layer_units_exponent_2': 6, 'D_layer_units_exponent_3': 6, 'D_layer_units_exponent_4': 6, 'D_layer_units_exponent_5': 10, 'D_layer_units_exponent_6': 4, 'D_layer_units_exponent_7': 4, 'log_learning_rate': -3.1639692830202377, 'log_learning_rate_D': -1.258324249971713, 'training_batch_size': 9, 'training_p': 3}. Best is trial 5 with value: 0.5480077266693115.
res:  tensor(0.5480, device='cuda:0', grad_fn=<DivBackward0>)
self.bestValue:  tensor(0.5578, device='cuda:0', grad_fn=<DivBackward0>)
Save this model!
Time for this trial:  14.896384000778198
Memory status after this trial: 
Memory allocated:  60.2060546875
Memory cached:  112.0
--------------------  Trial  6   --------------------
Start timing: 
Parameters: 
{'W_layers': 8, 'W_layer_units_exponent_0': 10, 'W_layer_units_exponent_1': 6, 'W_layer_units_exponent_2': 9, 'W_layer_units_exponent_3': 6, 'W_layer_units_exponent_4': 4, 'W_layer_units_exponent_5': 10, 'W_layer_units_exponent_6': 10, 'W_layer_units_exponent_7': 5, 'D_layers': 8, 'D_layer_units_exponent_0': 6, 'D_layer_units_exponent_1': 7, 'D_layer_units_exponent_2': 9, 'D_layer_units_exponent_3': 10, 'D_layer_units_exponent_4': 10, 'D_layer_units_exponent_5': 7, 'D_layer_units_exponent_6': 10, 'D_layer_units_exponent_7': 6, 'log_learning_rate': -4.9684396580211025, 'log_learning_rate_D': -4.263633424572566, 'training_batch_size': 12, 'training_p': 6}
	 epoch  0 training error:  tensor(0.9939, device='cuda:0', grad_fn=<DivBackward0>)
Memory status after this epoch: 
Memory allocated:  87.3037109375
Memory cached:  114.0
	 epoch  10 training error:  tensor(0.9897, device='cuda:0', grad_fn=<DivBackward0>)
Memory status after this epoch: 
Memory allocated:  87.3037109375
Memory cached:  114.0
	 epoch  20 training error:  tensor(0.9854, device='cuda:0', grad_fn=<DivBackward0>)
Memory status after this epoch: 
Memory allocated:  87.3037109375
Memory cached:  114.0
	 epoch  30 training error:  tensor(0.9772, device='cuda:0', grad_fn=<DivBackward0>)
Memory status after this epoch: 
Memory allocated:  87.3037109375
Memory cached:  114.0
	 epoch  40 training error:  tensor(0.9628, device='cuda:0', grad_fn=<DivBackward0>)
Memory status after this epoch: 
Memory allocated:  87.3037109375
Memory cached:  114.0
	 epoch  50 training error:  tensor(0.9400, device='cuda:0', grad_fn=<DivBackward0>)
Memory status after this epoch: 
Memory allocated:  87.3037109375
Memory cached:  114.0
	 epoch  60 training error:  tensor(0.9080, device='cuda:0', grad_fn=<DivBackward0>)
Memory status after this epoch: 
Memory allocated:  87.3037109375
Memory cached:  114.0
	 epoch  70 training error:  tensor(0.8662, device='cuda:0', grad_fn=<DivBackward0>)
Memory status after this epoch: 
Memory allocated:  87.3037109375
Memory cached:  114.0
	 epoch  80 training error:  tensor(0.8383, device='cuda:0', grad_fn=<DivBackward0>)
Memory status after this epoch: 
Memory allocated:  87.3037109375
Memory cached:  114.0
	 epoch  90 training error:  tensor(0.8297, device='cuda:0', grad_fn=<DivBackward0>)
Memory status after this epoch: 
Memory allocated:  87.3037109375
Memory cached:  114.0
[I 2023-12-05 02:09:26,287] Trial 6 finished with value: 0.8144249320030212 and parameters: {'W_layers': 8, 'W_layer_units_exponent_0': 10, 'W_layer_units_exponent_1': 6, 'W_layer_units_exponent_2': 9, 'W_layer_units_exponent_3': 6, 'W_layer_units_exponent_4': 4, 'W_layer_units_exponent_5': 10, 'W_layer_units_exponent_6': 10, 'W_layer_units_exponent_7': 5, 'D_layers': 8, 'D_layer_units_exponent_0': 6, 'D_layer_units_exponent_1': 7, 'D_layer_units_exponent_2': 9, 'D_layer_units_exponent_3': 10, 'D_layer_units_exponent_4': 10, 'D_layer_units_exponent_5': 7, 'D_layer_units_exponent_6': 10, 'D_layer_units_exponent_7': 6, 'log_learning_rate': -4.9684396580211025, 'log_learning_rate_D': -4.263633424572566, 'training_batch_size': 12, 'training_p': 6}. Best is trial 5 with value: 0.5480077266693115.
Time for this trial:  15.9432053565979
Memory status after this trial: 
Memory allocated:  156.11279296875
Memory cached:  200.0
--------------------  Trial  7   --------------------
Start timing: 
Parameters: 
{'W_layers': 6, 'W_layer_units_exponent_0': 8, 'W_layer_units_exponent_1': 4, 'W_layer_units_exponent_2': 5, 'W_layer_units_exponent_3': 6, 'W_layer_units_exponent_4': 4, 'W_layer_units_exponent_5': 6, 'D_layers': 6, 'D_layer_units_exponent_0': 6, 'D_layer_units_exponent_1': 6, 'D_layer_units_exponent_2': 7, 'D_layer_units_exponent_3': 7, 'D_layer_units_exponent_4': 7, 'D_layer_units_exponent_5': 6, 'log_learning_rate': -1.3554413551938804, 'log_learning_rate_D': -2.667757466889907, 'training_batch_size': 9, 'training_p': 8}
	 epoch  0 training error:  tensor(1.0704, device='cuda:0', grad_fn=<DivBackward0>)
Memory status after this epoch: 
Memory allocated:  60.6015625
Memory cached:  114.0
	 epoch  10 training error:  tensor(1.0139, device='cuda:0', grad_fn=<DivBackward0>)
Memory status after this epoch: 
Memory allocated:  60.6015625
Memory cached:  114.0
	 epoch  20 training error:  tensor(1.0431, device='cuda:0', grad_fn=<DivBackward0>)
Memory status after this epoch: 
Memory allocated:  60.6015625
Memory cached:  114.0
	 epoch  30 training error:  tensor(0.9149, device='cuda:0', grad_fn=<DivBackward0>)
Memory status after this epoch: 
Memory allocated:  60.6015625
Memory cached:  114.0
	 epoch  40 training error:  tensor(0.8971, device='cuda:0', grad_fn=<DivBackward0>)
Memory status after this epoch: 
Memory allocated:  60.6015625
Memory cached:  114.0
	 epoch  50 training error:  tensor(0.8216, device='cuda:0', grad_fn=<DivBackward0>)
Memory status after this epoch: 
Memory allocated:  60.6015625
Memory cached:  114.0
	 epoch  60 training error:  tensor(0.7384, device='cuda:0', grad_fn=<DivBackward0>)
Memory status after this epoch: 
Memory allocated:  60.6015625
Memory cached:  114.0
	 epoch  70 training error:  tensor(0.6853, device='cuda:0', grad_fn=<DivBackward0>)
Memory status after this epoch: 
Memory allocated:  60.6015625
Memory cached:  114.0
	 epoch  80 training error:  tensor(0.6955, device='cuda:0', grad_fn=<DivBackward0>)
Memory status after this epoch: 
Memory allocated:  60.6015625
Memory cached:  114.0
	 epoch  90 training error:  tensor(0.6821, device='cuda:0', grad_fn=<DivBackward0>)
Memory status after this epoch: 
Memory allocated:  60.6015625
Memory cached:  114.0
[I 2023-12-05 02:09:40,420] Trial 7 finished with value: 0.7279672026634216 and parameters: {'W_layers': 6, 'W_layer_units_exponent_0': 8, 'W_layer_units_exponent_1': 4, 'W_layer_units_exponent_2': 5, 'W_layer_units_exponent_3': 6, 'W_layer_units_exponent_4': 4, 'W_layer_units_exponent_5': 6, 'D_layers': 6, 'D_layer_units_exponent_0': 6, 'D_layer_units_exponent_1': 6, 'D_layer_units_exponent_2': 7, 'D_layer_units_exponent_3': 7, 'D_layer_units_exponent_4': 7, 'D_layer_units_exponent_5': 6, 'log_learning_rate': -1.3554413551938804, 'log_learning_rate_D': -2.667757466889907, 'training_batch_size': 9, 'training_p': 8}. Best is trial 5 with value: 0.5480077266693115.
Time for this trial:  14.0452241897583
Memory status after this trial: 
Memory allocated:  71.04833984375
Memory cached:  116.0
--------------------  Trial  8   --------------------
Start timing: 
Parameters: 
{'W_layers': 5, 'W_layer_units_exponent_0': 7, 'W_layer_units_exponent_1': 10, 'W_layer_units_exponent_2': 6, 'W_layer_units_exponent_3': 4, 'W_layer_units_exponent_4': 6, 'D_layers': 8, 'D_layer_units_exponent_0': 10, 'D_layer_units_exponent_1': 5, 'D_layer_units_exponent_2': 4, 'D_layer_units_exponent_3': 4, 'D_layer_units_exponent_4': 8, 'D_layer_units_exponent_5': 7, 'D_layer_units_exponent_6': 8, 'D_layer_units_exponent_7': 7, 'log_learning_rate': -2.1205981223191164, 'log_learning_rate_D': -4.755692740759155, 'training_batch_size': 11, 'training_p': 6}
	 epoch  0 training error:  tensor(1.0070, device='cuda:0', grad_fn=<DivBackward0>)
Memory status after this epoch: 
Memory allocated:  63.833984375
Memory cached:  114.0
	 epoch  10 training error:  tensor(0.8420, device='cuda:0', grad_fn=<DivBackward0>)
Memory status after this epoch: 
Memory allocated:  63.833984375
Memory cached:  114.0
	 epoch  20 training error:  tensor(0.8562, device='cuda:0', grad_fn=<DivBackward0>)
Memory status after this epoch: 
Memory allocated:  63.833984375
Memory cached:  114.0
	 epoch  30 training error:  tensor(0.6781, device='cuda:0', grad_fn=<DivBackward0>)
Memory status after this epoch: 
Memory allocated:  63.833984375
Memory cached:  114.0
	 epoch  40 training error:  tensor(0.6765, device='cuda:0', grad_fn=<DivBackward0>)
Memory status after this epoch: 
Memory allocated:  63.833984375
Memory cached:  114.0
	 epoch  50 training error:  tensor(0.6696, device='cuda:0', grad_fn=<DivBackward0>)
Memory status after this epoch: 
Memory allocated:  63.833984375
Memory cached:  114.0
	 epoch  60 training error:  tensor(0.6672, device='cuda:0', grad_fn=<DivBackward0>)
Memory status after this epoch: 
Memory allocated:  63.833984375
Memory cached:  114.0
	 epoch  70 training error:  tensor(0.6673, device='cuda:0', grad_fn=<DivBackward0>)
Memory status after this epoch: 
Memory allocated:  63.833984375
Memory cached:  114.0
	 epoch  80 training error:  tensor(0.6672, device='cuda:0', grad_fn=<DivBackward0>)
Memory status after this epoch: 
Memory allocated:  63.833984375
Memory cached:  114.0
	 epoch  90 training error:  tensor(0.6671, device='cuda:0', grad_fn=<DivBackward0>)
Memory status after this epoch: 
Memory allocated:  63.833984375
Memory cached:  114.0
[I 2023-12-05 02:09:55,008] Trial 8 finished with value: 0.6708876490592957 and parameters: {'W_layers': 5, 'W_layer_units_exponent_0': 7, 'W_layer_units_exponent_1': 10, 'W_layer_units_exponent_2': 6, 'W_layer_units_exponent_3': 4, 'W_layer_units_exponent_4': 6, 'D_layers': 8, 'D_layer_units_exponent_0': 10, 'D_layer_units_exponent_1': 5, 'D_layer_units_exponent_2': 4, 'D_layer_units_exponent_3': 4, 'D_layer_units_exponent_4': 8, 'D_layer_units_exponent_5': 7, 'D_layer_units_exponent_6': 8, 'D_layer_units_exponent_7': 7, 'log_learning_rate': -2.1205981223191164, 'log_learning_rate_D': -4.755692740759155, 'training_batch_size': 11, 'training_p': 6}. Best is trial 5 with value: 0.5480077266693115.
Time for this trial:  14.4981689453125
Memory status after this trial: 
Memory allocated:  91.44091796875
Memory cached:  120.0
--------------------  Trial  9   --------------------
Start timing: 
Parameters: 
{'W_layers': 7, 'W_layer_units_exponent_0': 9, 'W_layer_units_exponent_1': 9, 'W_layer_units_exponent_2': 10, 'W_layer_units_exponent_3': 6, 'W_layer_units_exponent_4': 8, 'W_layer_units_exponent_5': 5, 'W_layer_units_exponent_6': 7, 'D_layers': 7, 'D_layer_units_exponent_0': 6, 'D_layer_units_exponent_1': 6, 'D_layer_units_exponent_2': 5, 'D_layer_units_exponent_3': 4, 'D_layer_units_exponent_4': 9, 'D_layer_units_exponent_5': 9, 'D_layer_units_exponent_6': 8, 'log_learning_rate': -4.88319280186945, 'log_learning_rate_D': -1.6793657141593163, 'training_batch_size': 11, 'training_p': 5}
	 epoch  0 training error:  tensor(0.9951, device='cuda:0', grad_fn=<DivBackward0>)
Memory status after this epoch: 
Memory allocated:  76.048828125
Memory cached:  118.0
	 epoch  10 training error:  tensor(0.9838, device='cuda:0', grad_fn=<DivBackward0>)
Memory status after this epoch: 
Memory allocated:  76.048828125
Memory cached:  118.0
	 epoch  20 training error:  tensor(0.9737, device='cuda:0', grad_fn=<DivBackward0>)
Memory status after this epoch: 
Memory allocated:  76.048828125
Memory cached:  118.0
	 epoch  30 training error:  tensor(0.9634, device='cuda:0', grad_fn=<DivBackward0>)
Memory status after this epoch: 
Memory allocated:  76.048828125
Memory cached:  118.0
	 epoch  40 training error:  tensor(0.9516, device='cuda:0', grad_fn=<DivBackward0>)
Memory status after this epoch: 
Memory allocated:  76.048828125
Memory cached:  118.0
	 epoch  50 training error:  tensor(0.9374, device='cuda:0', grad_fn=<DivBackward0>)
Memory status after this epoch: 
Memory allocated:  76.048828125
Memory cached:  118.0
	 epoch  60 training error:  tensor(0.9203, device='cuda:0', grad_fn=<DivBackward0>)
Memory status after this epoch: 
Memory allocated:  76.048828125
Memory cached:  118.0
	 epoch  70 training error:  tensor(0.9005, device='cuda:0', grad_fn=<DivBackward0>)
Memory status after this epoch: 
Memory allocated:  76.048828125
Memory cached:  118.0
	 epoch  80 training error:  tensor(0.8784, device='cuda:0', grad_fn=<DivBackward0>)
Memory status after this epoch: 
Memory allocated:  76.048828125
Memory cached:  118.0
	 epoch  90 training error:  tensor(0.8542, device='cuda:0', grad_fn=<DivBackward0>)
Memory status after this epoch: 
Memory allocated:  76.048828125
Memory cached:  118.0
[I 2023-12-05 02:10:10,731] Trial 9 finished with value: 0.6913051009178162 and parameters: {'W_layers': 7, 'W_layer_units_exponent_0': 9, 'W_layer_units_exponent_1': 9, 'W_layer_units_exponent_2': 10, 'W_layer_units_exponent_3': 6, 'W_layer_units_exponent_4': 8, 'W_layer_units_exponent_5': 5, 'W_layer_units_exponent_6': 7, 'D_layers': 7, 'D_layer_units_exponent_0': 6, 'D_layer_units_exponent_1': 6, 'D_layer_units_exponent_2': 5, 'D_layer_units_exponent_3': 4, 'D_layer_units_exponent_4': 9, 'D_layer_units_exponent_5': 9, 'D_layer_units_exponent_6': 8, 'log_learning_rate': -4.88319280186945, 'log_learning_rate_D': -1.6793657141593163, 'training_batch_size': 11, 'training_p': 5}. Best is trial 5 with value: 0.5480077266693115.
Time for this trial:  15.616067171096802
Memory status after this trial: 
Memory allocated:  126.21630859375
Memory cached:  142.0
--------------------  Trial  10   --------------------
Start timing: 
Parameters: 
{'W_layers': 2, 'W_layer_units_exponent_0': 4, 'W_layer_units_exponent_1': 7, 'D_layers': 4, 'D_layer_units_exponent_0': 4, 'D_layer_units_exponent_1': 9, 'D_layer_units_exponent_2': 6, 'D_layer_units_exponent_3': 9, 'log_learning_rate': -3.0448970514307057, 'log_learning_rate_D': -1.0576190921721857, 'training_batch_size': 7, 'training_p': 4}
	 epoch  0 training error:  tensor(1.0764, device='cuda:0', grad_fn=<DivBackward0>)
Memory status after this epoch: 
Memory allocated:  60.564453125
Memory cached:  112.0
	 epoch  10 training error:  tensor(0.9267, device='cuda:0', grad_fn=<DivBackward0>)
Memory status after this epoch: 
Memory allocated:  60.564453125
Memory cached:  112.0
	 epoch  20 training error:  tensor(0.8553, device='cuda:0', grad_fn=<DivBackward0>)
Memory status after this epoch: 
Memory allocated:  60.564453125
Memory cached:  112.0
	 epoch  30 training error:  tensor(0.8205, device='cuda:0', grad_fn=<DivBackward0>)
Memory status after this epoch: 
Memory allocated:  60.564453125
Memory cached:  112.0
	 epoch  40 training error:  tensor(0.8103, device='cuda:0', grad_fn=<DivBackward0>)
Memory status after this epoch: 
Memory allocated:  60.564453125
Memory cached:  112.0
	 epoch  50 training error:  tensor(0.8113, device='cuda:0', grad_fn=<DivBackward0>)
Memory status after this epoch: 
Memory allocated:  60.564453125
Memory cached:  112.0
	 epoch  60 training error:  tensor(0.8103, device='cuda:0', grad_fn=<DivBackward0>)
Memory status after this epoch: 
Memory allocated:  60.564453125
Memory cached:  112.0
	 epoch  70 training error:  tensor(0.8097, device='cuda:0', grad_fn=<DivBackward0>)
Memory status after this epoch: 
Memory allocated:  60.564453125
Memory cached:  112.0
	 epoch  80 training error:  tensor(0.8094, device='cuda:0', grad_fn=<DivBackward0>)
Memory status after this epoch: 
Memory allocated:  60.564453125
Memory cached:  112.0
	 epoch  90 training error:  tensor(0.8091, device='cuda:0', grad_fn=<DivBackward0>)
Memory status after this epoch: 
Memory allocated:  60.564453125
Memory cached:  112.0
[I 2023-12-05 02:10:24,381] Trial 10 finished with value: 0.7537436485290527 and parameters: {'W_layers': 2, 'W_layer_units_exponent_0': 4, 'W_layer_units_exponent_1': 7, 'D_layers': 4, 'D_layer_units_exponent_0': 4, 'D_layer_units_exponent_1': 9, 'D_layer_units_exponent_2': 6, 'D_layer_units_exponent_3': 9, 'log_learning_rate': -3.0448970514307057, 'log_learning_rate_D': -1.0576190921721857, 'training_batch_size': 7, 'training_p': 4}. Best is trial 5 with value: 0.5480077266693115.
Time for this trial:  13.49765920639038
Memory status after this trial: 
Memory allocated:  63.56298828125
Memory cached:  114.0
--------------------  Trial  11   --------------------
Start timing: 
Parameters: 
{'W_layers': 7, 'W_layer_units_exponent_0': 8, 'W_layer_units_exponent_1': 8, 'W_layer_units_exponent_2': 8, 'W_layer_units_exponent_3': 10, 'W_layer_units_exponent_4': 10, 'W_layer_units_exponent_5': 8, 'W_layer_units_exponent_6': 4, 'D_layers': 4, 'D_layer_units_exponent_0': 8, 'D_layer_units_exponent_1': 10, 'D_layer_units_exponent_2': 10, 'D_layer_units_exponent_3': 6, 'log_learning_rate': -3.654966276497232, 'log_learning_rate_D': -1.0471084004507287, 'training_batch_size': 7, 'training_p': 2}
	 epoch  0 training error:  tensor(1.0973, device='cuda:0', grad_fn=<DivBackward0>)
Memory status after this epoch: 
Memory allocated:  92.37109375
Memory cached:  122.0
	 epoch  10 training error:  tensor(0.7472, device='cuda:0', grad_fn=<DivBackward0>)
Memory status after this epoch: 
Memory allocated:  92.37109375
Memory cached:  122.0
	 epoch  20 training error:  tensor(0.7350, device='cuda:0', grad_fn=<DivBackward0>)
Memory status after this epoch: 
Memory allocated:  92.37109375
Memory cached:  122.0
	 epoch  30 training error:  tensor(0.7132, device='cuda:0', grad_fn=<DivBackward0>)
Memory status after this epoch: 
Memory allocated:  92.37109375
Memory cached:  122.0
	 epoch  40 training error:  tensor(0.6833, device='cuda:0', grad_fn=<DivBackward0>)
Memory status after this epoch: 
Memory allocated:  92.37109375
Memory cached:  122.0
	 epoch  50 training error:  tensor(0.5886, device='cuda:0', grad_fn=<DivBackward0>)
Memory status after this epoch: 
Memory allocated:  92.37109375
Memory cached:  122.0
	 epoch  60 training error:  tensor(0.5827, device='cuda:0', grad_fn=<DivBackward0>)
Memory status after this epoch: 
Memory allocated:  92.37109375
Memory cached:  122.0
	 epoch  70 training error:  tensor(0.5682, device='cuda:0', grad_fn=<DivBackward0>)
Memory status after this epoch: 
Memory allocated:  92.37109375
Memory cached:  122.0
	 epoch  80 training error:  tensor(0.5700, device='cuda:0', grad_fn=<DivBackward0>)
Memory status after this epoch: 
Memory allocated:  92.37109375
Memory cached:  122.0
	 epoch  90 training error:  tensor(0.5683, device='cuda:0', grad_fn=<DivBackward0>)
Memory status after this epoch: 
Memory allocated:  92.37109375
Memory cached:  122.0
