[I 2024-01-03 19:19:36,466] Trial 91 finished with value: 0.08422315865755081 and parameters: {'W_layers': 4, 'W_layer_units_exponent_0': 6, 'W_layer_units_exponent_1': 9, 'W_layer_units_exponent_2': 6, 'W_layer_units_exponent_3': 5, 'D_layers': 2, 'D_layer_units_exponent_0': 9, 'D_layer_units_exponent_1': 4, 'D_dagger_layers': 8, 'D_dagger_layer_units_exponent_0': 4, 'D_dagger_layer_units_exponent_1': 9, 'D_dagger_layer_units_exponent_2': 6, 'D_dagger_layer_units_exponent_3': 9, 'D_dagger_layer_units_exponent_4': 8, 'D_dagger_layer_units_exponent_5': 6, 'D_dagger_layer_units_exponent_6': 10, 'D_dagger_layer_units_exponent_7': 4, 'log_learning_rate': -3.434262937574795, 'log_learning_rate_D': -3.139433815852741, 'log_learning_rate_D_dagger': -3.694270439441535, 'training_batch_size': 10, 'training_p': 6}. Best is trial 90 with value: 0.07920932024717331.
Time for this trial:  189.8867483139038
Memory status after this trial: 
Memory allocated:  425.025390625
Memory cached:  520.0
--------------------  Trial  92   --------------------
Start timing: 
Parameters: 
{'W_layers': 4, 'W_layer_units_exponent_0': 6, 'W_layer_units_exponent_1': 9, 'W_layer_units_exponent_2': 6, 'W_layer_units_exponent_3': 5, 'D_layers': 2, 'D_layer_units_exponent_0': 9, 'D_layer_units_exponent_1': 4, 'D_dagger_layers': 8, 'D_dagger_layer_units_exponent_0': 4, 'D_dagger_layer_units_exponent_1': 9, 'D_dagger_layer_units_exponent_2': 5, 'D_dagger_layer_units_exponent_3': 9, 'D_dagger_layer_units_exponent_4': 8, 'D_dagger_layer_units_exponent_5': 6, 'D_dagger_layer_units_exponent_6': 10, 'D_dagger_layer_units_exponent_7': 4, 'log_learning_rate': -3.4624597999353246, 'log_learning_rate_D': -2.796580993706273, 'log_learning_rate_D_dagger': -3.5868017233937524, 'training_batch_size': 10, 'training_p': 6}
	 epoch  0 training error:  tensor(0.9851, device='cuda:0', grad_fn=<DivBackward0>)
Memory status after this epoch: 
Memory allocated:  231.80517578125
Memory cached:  484.0
	 epoch  10 training error:  tensor(0.5053, device='cuda:0', grad_fn=<DivBackward0>)
Memory status after this epoch: 
Memory allocated:  231.80517578125
Memory cached:  548.0
	 epoch  20 training error:  tensor(0.2776, device='cuda:0', grad_fn=<DivBackward0>)
Memory status after this epoch: 
Memory allocated:  231.80517578125
Memory cached:  540.0
	 epoch  30 training error:  tensor(0.1928, device='cuda:0', grad_fn=<DivBackward0>)
Memory status after this epoch: 
Memory allocated:  231.80517578125
Memory cached:  538.0
	 epoch  40 training error:  tensor(0.1631, device='cuda:0', grad_fn=<DivBackward0>)
Memory status after this epoch: 
Memory allocated:  231.80517578125
Memory cached:  550.0
	 epoch  50 training error:  tensor(0.1526, device='cuda:0', grad_fn=<DivBackward0>)
Memory status after this epoch: 
Memory allocated:  231.80517578125
Memory cached:  540.0
	 epoch  60 training error:  tensor(0.1464, device='cuda:0', grad_fn=<DivBackward0>)
Memory status after this epoch: 
Memory allocated:  231.80517578125
Memory cached:  550.0
	 epoch  70 training error:  tensor(0.1418, device='cuda:0', grad_fn=<DivBackward0>)
Memory status after this epoch: 
Memory allocated:  231.80517578125
Memory cached:  544.0
	 epoch  80 training error:  tensor(0.1298, device='cuda:0', grad_fn=<DivBackward0>)
Memory status after this epoch: 
Memory allocated:  231.80517578125
Memory cached:  538.0
	 epoch  90 training error:  tensor(0.1145, device='cuda:0', grad_fn=<DivBackward0>)
Memory status after this epoch: 
Memory allocated:  231.80517578125
Memory cached:  540.0
[I 2024-01-03 19:22:45,796] Trial 92 finished with value: 0.09511848539113998 and parameters: {'W_layers': 4, 'W_layer_units_exponent_0': 6, 'W_layer_units_exponent_1': 9, 'W_layer_units_exponent_2': 6, 'W_layer_units_exponent_3': 5, 'D_layers': 2, 'D_layer_units_exponent_0': 9, 'D_layer_units_exponent_1': 4, 'D_dagger_layers': 8, 'D_dagger_layer_units_exponent_0': 4, 'D_dagger_layer_units_exponent_1': 9, 'D_dagger_layer_units_exponent_2': 5, 'D_dagger_layer_units_exponent_3': 9, 'D_dagger_layer_units_exponent_4': 8, 'D_dagger_layer_units_exponent_5': 6, 'D_dagger_layer_units_exponent_6': 10, 'D_dagger_layer_units_exponent_7': 4, 'log_learning_rate': -3.4624597999353246, 'log_learning_rate_D': -2.796580993706273, 'log_learning_rate_D_dagger': -3.5868017233937524, 'training_batch_size': 10, 'training_p': 6}. Best is trial 90 with value: 0.07920932024717331.
Time for this trial:  188.85551023483276
Memory status after this trial: 
Memory allocated:  423.06640625
Memory cached:  508.0
--------------------  Trial  93   --------------------
Start timing: 
Parameters: 
{'W_layers': 4, 'W_layer_units_exponent_0': 6, 'W_layer_units_exponent_1': 9, 'W_layer_units_exponent_2': 6, 'W_layer_units_exponent_3': 5, 'D_layers': 2, 'D_layer_units_exponent_0': 9, 'D_layer_units_exponent_1': 4, 'D_dagger_layers': 8, 'D_dagger_layer_units_exponent_0': 4, 'D_dagger_layer_units_exponent_1': 10, 'D_dagger_layer_units_exponent_2': 5, 'D_dagger_layer_units_exponent_3': 9, 'D_dagger_layer_units_exponent_4': 8, 'D_dagger_layer_units_exponent_5': 6, 'D_dagger_layer_units_exponent_6': 10, 'D_dagger_layer_units_exponent_7': 5, 'log_learning_rate': -3.8233122702617797, 'log_learning_rate_D': -3.150171673460287, 'log_learning_rate_D_dagger': -3.7450411971940505, 'training_batch_size': 9, 'training_p': 6}
	 epoch  0 training error:  tensor(1.0430, device='cuda:0', grad_fn=<DivBackward0>)
Memory status after this epoch: 
Memory allocated:  232.43798828125
Memory cached:  484.0
	 epoch  10 training error:  tensor(0.5000, device='cuda:0', grad_fn=<DivBackward0>)
Memory status after this epoch: 
Memory allocated:  232.43798828125
Memory cached:  540.0
	 epoch  20 training error:  tensor(0.2493, device='cuda:0', grad_fn=<DivBackward0>)
Memory status after this epoch: 
Memory allocated:  232.43798828125
Memory cached:  536.0
	 epoch  30 training error:  tensor(0.2083, device='cuda:0', grad_fn=<DivBackward0>)
Memory status after this epoch: 
Memory allocated:  232.43798828125
Memory cached:  532.0
	 epoch  40 training error:  tensor(0.1775, device='cuda:0', grad_fn=<DivBackward0>)
Memory status after this epoch: 
Memory allocated:  232.43798828125
Memory cached:  538.0
	 epoch  50 training error:  tensor(0.1628, device='cuda:0', grad_fn=<DivBackward0>)
Memory status after this epoch: 
Memory allocated:  232.43798828125
Memory cached:  524.0
	 epoch  60 training error:  tensor(0.1581, device='cuda:0', grad_fn=<DivBackward0>)
Memory status after this epoch: 
Memory allocated:  232.43798828125
Memory cached:  546.0
	 epoch  70 training error:  tensor(0.1516, device='cuda:0', grad_fn=<DivBackward0>)
Memory status after this epoch: 
Memory allocated:  232.43798828125
Memory cached:  546.0
	 epoch  80 training error:  tensor(0.1456, device='cuda:0', grad_fn=<DivBackward0>)
Memory status after this epoch: 
Memory allocated:  232.43798828125
Memory cached:  524.0
	 epoch  90 training error:  tensor(0.1371, device='cuda:0', grad_fn=<DivBackward0>)
Memory status after this epoch: 
Memory allocated:  232.43798828125
Memory cached:  546.0
[I 2024-01-03 19:26:00,179] Trial 93 finished with value: 0.09624891728162766 and parameters: {'W_layers': 4, 'W_layer_units_exponent_0': 6, 'W_layer_units_exponent_1': 9, 'W_layer_units_exponent_2': 6, 'W_layer_units_exponent_3': 5, 'D_layers': 2, 'D_layer_units_exponent_0': 9, 'D_layer_units_exponent_1': 4, 'D_dagger_layers': 8, 'D_dagger_layer_units_exponent_0': 4, 'D_dagger_layer_units_exponent_1': 10, 'D_dagger_layer_units_exponent_2': 5, 'D_dagger_layer_units_exponent_3': 9, 'D_dagger_layer_units_exponent_4': 8, 'D_dagger_layer_units_exponent_5': 6, 'D_dagger_layer_units_exponent_6': 10, 'D_dagger_layer_units_exponent_7': 5, 'log_learning_rate': -3.8233122702617797, 'log_learning_rate_D': -3.150171673460287, 'log_learning_rate_D_dagger': -3.7450411971940505, 'training_batch_size': 9, 'training_p': 6}. Best is trial 90 with value: 0.07920932024717331.
Time for this trial:  193.97597789764404
Memory status after this trial: 
Memory allocated:  451.3125
Memory cached:  516.0
--------------------  Trial  94   --------------------
Start timing: 
Parameters: 
{'W_layers': 4, 'W_layer_units_exponent_0': 6, 'W_layer_units_exponent_1': 9, 'W_layer_units_exponent_2': 6, 'W_layer_units_exponent_3': 4, 'D_layers': 2, 'D_layer_units_exponent_0': 9, 'D_layer_units_exponent_1': 4, 'D_dagger_layers': 8, 'D_dagger_layer_units_exponent_0': 4, 'D_dagger_layer_units_exponent_1': 10, 'D_dagger_layer_units_exponent_2': 6, 'D_dagger_layer_units_exponent_3': 9, 'D_dagger_layer_units_exponent_4': 8, 'D_dagger_layer_units_exponent_5': 6, 'D_dagger_layer_units_exponent_6': 10, 'D_dagger_layer_units_exponent_7': 5, 'log_learning_rate': -3.617202192890476, 'log_learning_rate_D': -3.083981008981608, 'log_learning_rate_D_dagger': -3.6587941814169636, 'training_batch_size': 9, 'training_p': 6}
	 epoch  0 training error:  tensor(1.0621, device='cuda:0', grad_fn=<DivBackward0>)
Memory status after this epoch: 
Memory allocated:  233.17236328125
Memory cached:  484.0
	 epoch  10 training error:  tensor(0.5093, device='cuda:0', grad_fn=<DivBackward0>)
Memory status after this epoch: 
Memory allocated:  233.17236328125
Memory cached:  544.0
	 epoch  20 training error:  tensor(0.2733, device='cuda:0', grad_fn=<DivBackward0>)
Memory status after this epoch: 
Memory allocated:  233.17236328125
Memory cached:  532.0
	 epoch  30 training error:  tensor(0.1980, device='cuda:0', grad_fn=<DivBackward0>)
Memory status after this epoch: 
Memory allocated:  233.17236328125
Memory cached:  526.0
	 epoch  40 training error:  tensor(0.1564, device='cuda:0', grad_fn=<DivBackward0>)
Memory status after this epoch: 
Memory allocated:  233.17236328125
Memory cached:  526.0
	 epoch  50 training error:  tensor(0.1516, device='cuda:0', grad_fn=<DivBackward0>)
Memory status after this epoch: 
Memory allocated:  233.17236328125
Memory cached:  528.0
	 epoch  60 training error:  tensor(0.1444, device='cuda:0', grad_fn=<DivBackward0>)
Memory status after this epoch: 
Memory allocated:  233.17236328125
Memory cached:  536.0
	 epoch  70 training error:  tensor(0.1362, device='cuda:0', grad_fn=<DivBackward0>)
Memory status after this epoch: 
Memory allocated:  233.17236328125
Memory cached:  526.0
	 epoch  80 training error:  tensor(0.1288, device='cuda:0', grad_fn=<DivBackward0>)
Memory status after this epoch: 
Memory allocated:  233.17236328125
Memory cached:  526.0
	 epoch  90 training error:  tensor(0.1239, device='cuda:0', grad_fn=<DivBackward0>)
Memory status after this epoch: 
Memory allocated:  233.17236328125
Memory cached:  534.0
[I 2024-01-03 19:29:16,510] Trial 94 finished with value: 0.09751097112894058 and parameters: {'W_layers': 4, 'W_layer_units_exponent_0': 6, 'W_layer_units_exponent_1': 9, 'W_layer_units_exponent_2': 6, 'W_layer_units_exponent_3': 4, 'D_layers': 2, 'D_layer_units_exponent_0': 9, 'D_layer_units_exponent_1': 4, 'D_dagger_layers': 8, 'D_dagger_layer_units_exponent_0': 4, 'D_dagger_layer_units_exponent_1': 10, 'D_dagger_layer_units_exponent_2': 6, 'D_dagger_layer_units_exponent_3': 9, 'D_dagger_layer_units_exponent_4': 8, 'D_dagger_layer_units_exponent_5': 6, 'D_dagger_layer_units_exponent_6': 10, 'D_dagger_layer_units_exponent_7': 5, 'log_learning_rate': -3.617202192890476, 'log_learning_rate_D': -3.083981008981608, 'log_learning_rate_D_dagger': -3.6587941814169636, 'training_batch_size': 9, 'training_p': 6}. Best is trial 90 with value: 0.07920932024717331.
Time for this trial:  195.9191644191742
Memory status after this trial: 
Memory allocated:  452.802734375
Memory cached:  494.0
--------------------  Trial  95   --------------------
Start timing: 
Parameters: 
{'W_layers': 4, 'W_layer_units_exponent_0': 6, 'W_layer_units_exponent_1': 10, 'W_layer_units_exponent_2': 6, 'W_layer_units_exponent_3': 4, 'D_layers': 2, 'D_layer_units_exponent_0': 9, 'D_layer_units_exponent_1': 4, 'D_dagger_layers': 8, 'D_dagger_layer_units_exponent_0': 4, 'D_dagger_layer_units_exponent_1': 9, 'D_dagger_layer_units_exponent_2': 6, 'D_dagger_layer_units_exponent_3': 9, 'D_dagger_layer_units_exponent_4': 7, 'D_dagger_layer_units_exponent_5': 6, 'D_dagger_layer_units_exponent_6': 10, 'D_dagger_layer_units_exponent_7': 4, 'log_learning_rate': -3.308895568361872, 'log_learning_rate_D': -2.877779207722859, 'log_learning_rate_D_dagger': -3.443802296457852, 'training_batch_size': 10, 'training_p': 6}
	 epoch  0 training error:  tensor(1.0788, device='cuda:0', grad_fn=<DivBackward0>)
Memory status after this epoch: 
Memory allocated:  232.17041015625
Memory cached:  486.0
	 epoch  10 training error:  tensor(0.2423, device='cuda:0', grad_fn=<DivBackward0>)
Memory status after this epoch: 
Memory allocated:  232.17041015625
Memory cached:  534.0
	 epoch  20 training error:  tensor(0.1961, device='cuda:0', grad_fn=<DivBackward0>)
Memory status after this epoch: 
Memory allocated:  232.17041015625
Memory cached:  534.0
	 epoch  30 training error:  tensor(0.1653, device='cuda:0', grad_fn=<DivBackward0>)
Memory status after this epoch: 
Memory allocated:  232.17041015625
Memory cached:  524.0
	 epoch  40 training error:  tensor(0.1546, device='cuda:0', grad_fn=<DivBackward0>)
Memory status after this epoch: 
Memory allocated:  232.17041015625
Memory cached:  524.0
	 epoch  50 training error:  tensor(0.1465, device='cuda:0', grad_fn=<DivBackward0>)
Memory status after this epoch: 
Memory allocated:  232.17041015625
Memory cached:  528.0
	 epoch  60 training error:  tensor(0.1336, device='cuda:0', grad_fn=<DivBackward0>)
Memory status after this epoch: 
Memory allocated:  232.17041015625
Memory cached:  518.0
	 epoch  70 training error:  tensor(0.1215, device='cuda:0', grad_fn=<DivBackward0>)
Memory status after this epoch: 
Memory allocated:  232.17041015625
Memory cached:  534.0
	 epoch  80 training error:  tensor(0.1128, device='cuda:0', grad_fn=<DivBackward0>)
Memory status after this epoch: 
Memory allocated:  232.17041015625
Memory cached:  526.0
	 epoch  90 training error:  tensor(0.1077, device='cuda:0', grad_fn=<DivBackward0>)
Memory status after this epoch: 
Memory allocated:  232.17041015625
Memory cached:  532.0
[I 2024-01-03 19:32:32,038] Trial 95 finished with value: 0.08592329174280167 and parameters: {'W_layers': 4, 'W_layer_units_exponent_0': 6, 'W_layer_units_exponent_1': 10, 'W_layer_units_exponent_2': 6, 'W_layer_units_exponent_3': 4, 'D_layers': 2, 'D_layer_units_exponent_0': 9, 'D_layer_units_exponent_1': 4, 'D_dagger_layers': 8, 'D_dagger_layer_units_exponent_0': 4, 'D_dagger_layer_units_exponent_1': 9, 'D_dagger_layer_units_exponent_2': 6, 'D_dagger_layer_units_exponent_3': 9, 'D_dagger_layer_units_exponent_4': 7, 'D_dagger_layer_units_exponent_5': 6, 'D_dagger_layer_units_exponent_6': 10, 'D_dagger_layer_units_exponent_7': 4, 'log_learning_rate': -3.308895568361872, 'log_learning_rate_D': -2.877779207722859, 'log_learning_rate_D_dagger': -3.443802296457852, 'training_batch_size': 10, 'training_p': 6}. Best is trial 90 with value: 0.07920932024717331.
Time for this trial:  195.10579657554626
Memory status after this trial: 
Memory allocated:  444.8798828125
Memory cached:  506.0
--------------------  Trial  96   --------------------
Start timing: 
Parameters: 
{'W_layers': 3, 'W_layer_units_exponent_0': 6, 'W_layer_units_exponent_1': 9, 'W_layer_units_exponent_2': 6, 'D_layers': 2, 'D_layer_units_exponent_0': 10, 'D_layer_units_exponent_1': 5, 'D_dagger_layers': 8, 'D_dagger_layer_units_exponent_0': 4, 'D_dagger_layer_units_exponent_1': 10, 'D_dagger_layer_units_exponent_2': 6, 'D_dagger_layer_units_exponent_3': 9, 'D_dagger_layer_units_exponent_4': 8, 'D_dagger_layer_units_exponent_5': 5, 'D_dagger_layer_units_exponent_6': 10, 'D_dagger_layer_units_exponent_7': 5, 'log_learning_rate': -3.5345057909636526, 'log_learning_rate_D': -3.2180366977416006, 'log_learning_rate_D_dagger': -3.3519577369629734, 'training_batch_size': 10, 'training_p': 5}
	 epoch  0 training error:  tensor(0.8490, device='cuda:0', grad_fn=<DivBackward0>)
Memory status after this epoch: 
Memory allocated:  232.94384765625
Memory cached:  490.0
	 epoch  10 training error:  tensor(0.3664, device='cuda:0', grad_fn=<DivBackward0>)
Memory status after this epoch: 
Memory allocated:  232.94384765625
Memory cached:  530.0
	 epoch  20 training error:  tensor(0.1841, device='cuda:0', grad_fn=<DivBackward0>)
Memory status after this epoch: 
Memory allocated:  232.94384765625
Memory cached:  538.0
	 epoch  30 training error:  tensor(0.1749, device='cuda:0', grad_fn=<DivBackward0>)
Memory status after this epoch: 
Memory allocated:  232.94384765625
Memory cached:  518.0
	 epoch  40 training error:  tensor(0.1546, device='cuda:0', grad_fn=<DivBackward0>)
Memory status after this epoch: 
Memory allocated:  232.94384765625
Memory cached:  522.0
	 epoch  50 training error:  tensor(0.1373, device='cuda:0', grad_fn=<DivBackward0>)
Memory status after this epoch: 
Memory allocated:  232.94384765625
Memory cached:  528.0
	 epoch  60 training error:  tensor(0.1296, device='cuda:0', grad_fn=<DivBackward0>)
Memory status after this epoch: 
Memory allocated:  232.94384765625
Memory cached:  536.0
	 epoch  70 training error:  tensor(0.1369, device='cuda:0', grad_fn=<DivBackward0>)
Memory status after this epoch: 
Memory allocated:  232.94384765625
Memory cached:  526.0
	 epoch  80 training error:  tensor(0.1173, device='cuda:0', grad_fn=<DivBackward0>)
Memory status after this epoch: 
Memory allocated:  232.94384765625
Memory cached:  530.0
	 epoch  90 training error:  tensor(0.1119, device='cuda:0', grad_fn=<DivBackward0>)
Memory status after this epoch: 
Memory allocated:  232.94384765625
Memory cached:  524.0
[I 2024-01-03 19:35:44,668] Trial 96 finished with value: 0.11802873760461807 and parameters: {'W_layers': 3, 'W_layer_units_exponent_0': 6, 'W_layer_units_exponent_1': 9, 'W_layer_units_exponent_2': 6, 'D_layers': 2, 'D_layer_units_exponent_0': 10, 'D_layer_units_exponent_1': 5, 'D_dagger_layers': 8, 'D_dagger_layer_units_exponent_0': 4, 'D_dagger_layer_units_exponent_1': 10, 'D_dagger_layer_units_exponent_2': 6, 'D_dagger_layer_units_exponent_3': 9, 'D_dagger_layer_units_exponent_4': 8, 'D_dagger_layer_units_exponent_5': 5, 'D_dagger_layer_units_exponent_6': 10, 'D_dagger_layer_units_exponent_7': 5, 'log_learning_rate': -3.5345057909636526, 'log_learning_rate_D': -3.2180366977416006, 'log_learning_rate_D_dagger': -3.3519577369629734, 'training_batch_size': 10, 'training_p': 5}. Best is trial 90 with value: 0.07920932024717331.
Time for this trial:  192.15801906585693
Memory status after this trial: 
Memory allocated:  477.2626953125
Memory cached:  508.0
--------------------  Trial  97   --------------------
Start timing: 
Parameters: 
{'W_layers': 4, 'W_layer_units_exponent_0': 7, 'W_layer_units_exponent_1': 8, 'W_layer_units_exponent_2': 4, 'W_layer_units_exponent_3': 5, 'D_layers': 2, 'D_layer_units_exponent_0': 5, 'D_layer_units_exponent_1': 5, 'D_dagger_layers': 8, 'D_dagger_layer_units_exponent_0': 4, 'D_dagger_layer_units_exponent_1': 10, 'D_dagger_layer_units_exponent_2': 5, 'D_dagger_layer_units_exponent_3': 9, 'D_dagger_layer_units_exponent_4': 8, 'D_dagger_layer_units_exponent_5': 6, 'D_dagger_layer_units_exponent_6': 10, 'D_dagger_layer_units_exponent_7': 4, 'log_learning_rate': -3.955600889223757, 'log_learning_rate_D': -3.3988490094639783, 'log_learning_rate_D_dagger': -3.847339691336129, 'training_batch_size': 10, 'training_p': 5}
	 epoch  0 training error:  tensor(1.0296, device='cuda:0', grad_fn=<DivBackward0>)
Memory status after this epoch: 
Memory allocated:  231.57861328125
Memory cached:  488.0
	 epoch  10 training error:  tensor(0.4770, device='cuda:0', grad_fn=<DivBackward0>)
Memory status after this epoch: 
Memory allocated:  231.57861328125
Memory cached:  536.0
	 epoch  20 training error:  tensor(0.2922, device='cuda:0', grad_fn=<DivBackward0>)
Memory status after this epoch: 
Memory allocated:  231.57861328125
Memory cached:  530.0
	 epoch  30 training error:  tensor(0.2267, device='cuda:0', grad_fn=<DivBackward0>)
Memory status after this epoch: 
Memory allocated:  231.57861328125
Memory cached:  542.0
	 epoch  40 training error:  tensor(0.1982, device='cuda:0', grad_fn=<DivBackward0>)
Memory status after this epoch: 
Memory allocated:  231.57861328125
Memory cached:  534.0
	 epoch  50 training error:  tensor(0.1809, device='cuda:0', grad_fn=<DivBackward0>)
Memory status after this epoch: 
Memory allocated:  231.57861328125
Memory cached:  546.0
	 epoch  60 training error:  tensor(0.1669, device='cuda:0', grad_fn=<DivBackward0>)
Memory status after this epoch: 
Memory allocated:  231.57861328125
Memory cached:  540.0
	 epoch  70 training error:  tensor(0.1549, device='cuda:0', grad_fn=<DivBackward0>)
Memory status after this epoch: 
Memory allocated:  231.57861328125
Memory cached:  540.0
	 epoch  80 training error:  tensor(0.1484, device='cuda:0', grad_fn=<DivBackward0>)
Memory status after this epoch: 
Memory allocated:  231.57861328125
Memory cached:  544.0
	 epoch  90 training error:  tensor(0.1415, device='cuda:0', grad_fn=<DivBackward0>)
Memory status after this epoch: 
Memory allocated:  231.57861328125
Memory cached:  532.0
