[I 2024-01-26 08:00:49,623] Trial 314 finished with value: 0.166997030377388 and parameters: {'W_layers': 7, 'W_layer_units_exponent_0': 7, 'W_layer_units_exponent_1': 7, 'W_layer_units_exponent_2': 5, 'W_layer_units_exponent_3': 4, 'W_layer_units_exponent_4': 10, 'W_layer_units_exponent_5': 10, 'W_layer_units_exponent_6': 10, 'D_layers': 5, 'D_layer_units_exponent_0': 4, 'D_layer_units_exponent_1': 6, 'D_layer_units_exponent_2': 5, 'D_layer_units_exponent_3': 4, 'D_layer_units_exponent_4': 6, 'D_dagger_layers': 5, 'D_dagger_layer_units_exponent_0': 9, 'D_dagger_layer_units_exponent_1': 10, 'D_dagger_layer_units_exponent_2': 9, 'D_dagger_layer_units_exponent_3': 6, 'D_dagger_layer_units_exponent_4': 5, 'log_learning_rate': -3.366280352434158, 'log_learning_rate_D': -4.610049712569042, 'log_learning_rate_D_dagger': -3.3658302447229556, 'training_batch_size': 9, 'training_p': 2}. Best is trial 308 with value: 0.16571281850337982.
Time for this trial:  25.10098624229431
Memory status after this trial: 
Memory allocated:  1221.20556640625
Memory cached:  1282.0
--------------------  Trial  315   --------------------
Start timing: 
Parameters: 
{'W_layers': 7, 'W_layer_units_exponent_0': 7, 'W_layer_units_exponent_1': 7, 'W_layer_units_exponent_2': 5, 'W_layer_units_exponent_3': 4, 'W_layer_units_exponent_4': 10, 'W_layer_units_exponent_5': 10, 'W_layer_units_exponent_6': 10, 'D_layers': 5, 'D_layer_units_exponent_0': 4, 'D_layer_units_exponent_1': 6, 'D_layer_units_exponent_2': 5, 'D_layer_units_exponent_3': 4, 'D_layer_units_exponent_4': 6, 'D_dagger_layers': 5, 'D_dagger_layer_units_exponent_0': 9, 'D_dagger_layer_units_exponent_1': 7, 'D_dagger_layer_units_exponent_2': 9, 'D_dagger_layer_units_exponent_3': 6, 'D_dagger_layer_units_exponent_4': 4, 'log_learning_rate': -3.528427836770687, 'log_learning_rate_D': -4.374858598570514, 'log_learning_rate_D_dagger': -3.3811605306469965, 'training_batch_size': 9, 'training_p': 2}
	 epoch  0 training error:  tensor(0.9653, device='cuda:0', grad_fn=<DivBackward0>)
Memory status after this epoch: 
Memory allocated:  647.66162109375
Memory cached:  804.0
	 epoch  10 training error:  tensor(0.2947, device='cuda:0', grad_fn=<DivBackward0>)
Memory status after this epoch: 
Memory allocated:  647.66162109375
Memory cached:  804.0
	 epoch  20 training error:  tensor(0.2411, device='cuda:0', grad_fn=<DivBackward0>)
Memory status after this epoch: 
Memory allocated:  647.66162109375
Memory cached:  804.0
	 epoch  30 training error:  tensor(0.2240, device='cuda:0', grad_fn=<DivBackward0>)
Memory status after this epoch: 
Memory allocated:  647.66162109375
Memory cached:  804.0
	 epoch  40 training error:  tensor(0.2062, device='cuda:0', grad_fn=<DivBackward0>)
Memory status after this epoch: 
Memory allocated:  647.66162109375
Memory cached:  804.0
	 epoch  50 training error:  tensor(0.1994, device='cuda:0', grad_fn=<DivBackward0>)
Memory status after this epoch: 
Memory allocated:  647.66162109375
Memory cached:  804.0
	 epoch  60 training error:  tensor(0.1911, device='cuda:0', grad_fn=<DivBackward0>)
Memory status after this epoch: 
Memory allocated:  647.66162109375
Memory cached:  804.0
	 epoch  70 training error:  tensor(0.1883, device='cuda:0', grad_fn=<DivBackward0>)
Memory status after this epoch: 
Memory allocated:  647.66162109375
Memory cached:  804.0
	 epoch  80 training error:  tensor(0.1880, device='cuda:0', grad_fn=<DivBackward0>)
Memory status after this epoch: 
Memory allocated:  647.66162109375
Memory cached:  804.0
	 epoch  90 training error:  tensor(0.1874, device='cuda:0', grad_fn=<DivBackward0>)
Memory status after this epoch: 
Memory allocated:  647.66162109375
Memory cached:  804.0
[I 2024-01-26 08:01:14,555] Trial 315 finished with value: 0.16664288938045502 and parameters: {'W_layers': 7, 'W_layer_units_exponent_0': 7, 'W_layer_units_exponent_1': 7, 'W_layer_units_exponent_2': 5, 'W_layer_units_exponent_3': 4, 'W_layer_units_exponent_4': 10, 'W_layer_units_exponent_5': 10, 'W_layer_units_exponent_6': 10, 'D_layers': 5, 'D_layer_units_exponent_0': 4, 'D_layer_units_exponent_1': 6, 'D_layer_units_exponent_2': 5, 'D_layer_units_exponent_3': 4, 'D_layer_units_exponent_4': 6, 'D_dagger_layers': 5, 'D_dagger_layer_units_exponent_0': 9, 'D_dagger_layer_units_exponent_1': 7, 'D_dagger_layer_units_exponent_2': 9, 'D_dagger_layer_units_exponent_3': 6, 'D_dagger_layer_units_exponent_4': 4, 'log_learning_rate': -3.528427836770687, 'log_learning_rate_D': -4.374858598570514, 'log_learning_rate_D_dagger': -3.3811605306469965, 'training_batch_size': 9, 'training_p': 2}. Best is trial 308 with value: 0.16571281850337982.
Time for this trial:  24.452461004257202
Memory status after this trial: 
Memory allocated:  1116.41357421875
Memory cached:  1148.0
--------------------  Trial  316   --------------------
Start timing: 
Parameters: 
{'W_layers': 7, 'W_layer_units_exponent_0': 8, 'W_layer_units_exponent_1': 7, 'W_layer_units_exponent_2': 5, 'W_layer_units_exponent_3': 4, 'W_layer_units_exponent_4': 10, 'W_layer_units_exponent_5': 10, 'W_layer_units_exponent_6': 10, 'D_layers': 5, 'D_layer_units_exponent_0': 4, 'D_layer_units_exponent_1': 6, 'D_layer_units_exponent_2': 4, 'D_layer_units_exponent_3': 4, 'D_layer_units_exponent_4': 6, 'D_dagger_layers': 5, 'D_dagger_layer_units_exponent_0': 9, 'D_dagger_layer_units_exponent_1': 7, 'D_dagger_layer_units_exponent_2': 9, 'D_dagger_layer_units_exponent_3': 6, 'D_dagger_layer_units_exponent_4': 4, 'log_learning_rate': -3.5700763393512474, 'log_learning_rate_D': -4.593895965067385, 'log_learning_rate_D_dagger': -3.40111648681303, 'training_batch_size': 9, 'training_p': 2}
	 epoch  0 training error:  tensor(0.9282, device='cuda:0', grad_fn=<DivBackward0>)
Memory status after this epoch: 
Memory allocated:  647.53564453125
Memory cached:  806.0
	 epoch  10 training error:  tensor(0.2499, device='cuda:0', grad_fn=<DivBackward0>)
Memory status after this epoch: 
Memory allocated:  647.53564453125
Memory cached:  806.0
	 epoch  20 training error:  tensor(0.2384, device='cuda:0', grad_fn=<DivBackward0>)
Memory status after this epoch: 
Memory allocated:  647.53564453125
Memory cached:  806.0
	 epoch  30 training error:  tensor(0.2096, device='cuda:0', grad_fn=<DivBackward0>)
Memory status after this epoch: 
Memory allocated:  647.53564453125
Memory cached:  806.0
	 epoch  40 training error:  tensor(0.1925, device='cuda:0', grad_fn=<DivBackward0>)
Memory status after this epoch: 
Memory allocated:  647.53564453125
Memory cached:  806.0
	 epoch  50 training error:  tensor(0.1901, device='cuda:0', grad_fn=<DivBackward0>)
Memory status after this epoch: 
Memory allocated:  647.53564453125
Memory cached:  806.0
	 epoch  60 training error:  tensor(0.1867, device='cuda:0', grad_fn=<DivBackward0>)
Memory status after this epoch: 
Memory allocated:  647.53564453125
Memory cached:  806.0
	 epoch  70 training error:  tensor(0.1886, device='cuda:0', grad_fn=<DivBackward0>)
Memory status after this epoch: 
Memory allocated:  647.53564453125
Memory cached:  806.0
	 epoch  80 training error:  tensor(0.1874, device='cuda:0', grad_fn=<DivBackward0>)
Memory status after this epoch: 
Memory allocated:  647.53564453125
Memory cached:  806.0
	 epoch  90 training error:  tensor(0.1869, device='cuda:0', grad_fn=<DivBackward0>)
Memory status after this epoch: 
Memory allocated:  647.53564453125
Memory cached:  806.0
[I 2024-01-26 08:01:39,585] Trial 316 finished with value: 0.16666696965694427 and parameters: {'W_layers': 7, 'W_layer_units_exponent_0': 8, 'W_layer_units_exponent_1': 7, 'W_layer_units_exponent_2': 5, 'W_layer_units_exponent_3': 4, 'W_layer_units_exponent_4': 10, 'W_layer_units_exponent_5': 10, 'W_layer_units_exponent_6': 10, 'D_layers': 5, 'D_layer_units_exponent_0': 4, 'D_layer_units_exponent_1': 6, 'D_layer_units_exponent_2': 4, 'D_layer_units_exponent_3': 4, 'D_layer_units_exponent_4': 6, 'D_dagger_layers': 5, 'D_dagger_layer_units_exponent_0': 9, 'D_dagger_layer_units_exponent_1': 7, 'D_dagger_layer_units_exponent_2': 9, 'D_dagger_layer_units_exponent_3': 6, 'D_dagger_layer_units_exponent_4': 4, 'log_learning_rate': -3.5700763393512474, 'log_learning_rate_D': -4.593895965067385, 'log_learning_rate_D_dagger': -3.40111648681303, 'training_batch_size': 9, 'training_p': 2}. Best is trial 308 with value: 0.16571281850337982.
Time for this trial:  24.579196453094482
Memory status after this trial: 
Memory allocated:  1130.39990234375
Memory cached:  1164.0
--------------------  Trial  317   --------------------
Start timing: 
Parameters: 
{'W_layers': 7, 'W_layer_units_exponent_0': 7, 'W_layer_units_exponent_1': 7, 'W_layer_units_exponent_2': 5, 'W_layer_units_exponent_3': 4, 'W_layer_units_exponent_4': 10, 'W_layer_units_exponent_5': 10, 'W_layer_units_exponent_6': 10, 'D_layers': 5, 'D_layer_units_exponent_0': 4, 'D_layer_units_exponent_1': 6, 'D_layer_units_exponent_2': 4, 'D_layer_units_exponent_3': 4, 'D_layer_units_exponent_4': 6, 'D_dagger_layers': 5, 'D_dagger_layer_units_exponent_0': 9, 'D_dagger_layer_units_exponent_1': 7, 'D_dagger_layer_units_exponent_2': 9, 'D_dagger_layer_units_exponent_3': 6, 'D_dagger_layer_units_exponent_4': 6, 'log_learning_rate': -3.5845456624086625, 'log_learning_rate_D': -4.566274707521125, 'log_learning_rate_D_dagger': -3.3485030129443127, 'training_batch_size': 9, 'training_p': 2}
	 epoch  0 training error:  tensor(0.9493, device='cuda:0', grad_fn=<DivBackward0>)
Memory status after this epoch: 
Memory allocated:  647.70361328125
Memory cached:  804.0
	 epoch  10 training error:  tensor(0.2759, device='cuda:0', grad_fn=<DivBackward0>)
Memory status after this epoch: 
Memory allocated:  647.70361328125
Memory cached:  804.0
	 epoch  20 training error:  tensor(0.2248, device='cuda:0', grad_fn=<DivBackward0>)
Memory status after this epoch: 
Memory allocated:  647.70361328125
Memory cached:  804.0
	 epoch  30 training error:  tensor(0.2160, device='cuda:0', grad_fn=<DivBackward0>)
Memory status after this epoch: 
Memory allocated:  647.70361328125
Memory cached:  804.0
	 epoch  40 training error:  tensor(0.1994, device='cuda:0', grad_fn=<DivBackward0>)
Memory status after this epoch: 
Memory allocated:  647.70361328125
Memory cached:  804.0
	 epoch  50 training error:  tensor(0.1907, device='cuda:0', grad_fn=<DivBackward0>)
Memory status after this epoch: 
Memory allocated:  647.70361328125
Memory cached:  804.0
	 epoch  60 training error:  tensor(0.1875, device='cuda:0', grad_fn=<DivBackward0>)
Memory status after this epoch: 
Memory allocated:  647.70361328125
Memory cached:  804.0
	 epoch  70 training error:  tensor(0.1864, device='cuda:0', grad_fn=<DivBackward0>)
Memory status after this epoch: 
Memory allocated:  647.70361328125
Memory cached:  804.0
	 epoch  80 training error:  tensor(0.1862, device='cuda:0', grad_fn=<DivBackward0>)
Memory status after this epoch: 
Memory allocated:  647.70361328125
Memory cached:  804.0
	 epoch  90 training error:  tensor(0.1976, device='cuda:0', grad_fn=<DivBackward0>)
Memory status after this epoch: 
Memory allocated:  647.70361328125
Memory cached:  804.0
[I 2024-01-26 08:02:04,031] Trial 317 finished with value: 0.16624337434768677 and parameters: {'W_layers': 7, 'W_layer_units_exponent_0': 7, 'W_layer_units_exponent_1': 7, 'W_layer_units_exponent_2': 5, 'W_layer_units_exponent_3': 4, 'W_layer_units_exponent_4': 10, 'W_layer_units_exponent_5': 10, 'W_layer_units_exponent_6': 10, 'D_layers': 5, 'D_layer_units_exponent_0': 4, 'D_layer_units_exponent_1': 6, 'D_layer_units_exponent_2': 4, 'D_layer_units_exponent_3': 4, 'D_layer_units_exponent_4': 6, 'D_dagger_layers': 5, 'D_dagger_layer_units_exponent_0': 9, 'D_dagger_layer_units_exponent_1': 7, 'D_dagger_layer_units_exponent_2': 9, 'D_dagger_layer_units_exponent_3': 6, 'D_dagger_layer_units_exponent_4': 6, 'log_learning_rate': -3.5845456624086625, 'log_learning_rate_D': -4.566274707521125, 'log_learning_rate_D_dagger': -3.3485030129443127, 'training_batch_size': 9, 'training_p': 2}. Best is trial 308 with value: 0.16571281850337982.
Time for this trial:  24.017256498336792
Memory status after this trial: 
Memory allocated:  1120.83154296875
Memory cached:  1152.0
--------------------  Trial  318   --------------------
Start timing: 
Parameters: 
{'W_layers': 7, 'W_layer_units_exponent_0': 8, 'W_layer_units_exponent_1': 7, 'W_layer_units_exponent_2': 5, 'W_layer_units_exponent_3': 5, 'W_layer_units_exponent_4': 10, 'W_layer_units_exponent_5': 10, 'W_layer_units_exponent_6': 10, 'D_layers': 5, 'D_layer_units_exponent_0': 4, 'D_layer_units_exponent_1': 6, 'D_layer_units_exponent_2': 4, 'D_layer_units_exponent_3': 4, 'D_layer_units_exponent_4': 6, 'D_dagger_layers': 5, 'D_dagger_layer_units_exponent_0': 9, 'D_dagger_layer_units_exponent_1': 7, 'D_dagger_layer_units_exponent_2': 9, 'D_dagger_layer_units_exponent_3': 6, 'D_dagger_layer_units_exponent_4': 6, 'log_learning_rate': -3.722020823290184, 'log_learning_rate_D': -4.749516478133866, 'log_learning_rate_D_dagger': -3.435285595710857, 'training_batch_size': 9, 'training_p': 2}
	 epoch  0 training error:  tensor(0.9434, device='cuda:0', grad_fn=<DivBackward0>)
Memory status after this epoch: 
Memory allocated:  647.84033203125
Memory cached:  804.0
	 epoch  10 training error:  tensor(0.3224, device='cuda:0', grad_fn=<DivBackward0>)
Memory status after this epoch: 
Memory allocated:  647.84033203125
Memory cached:  804.0
	 epoch  20 training error:  tensor(0.2366, device='cuda:0', grad_fn=<DivBackward0>)
Memory status after this epoch: 
Memory allocated:  647.84033203125
Memory cached:  804.0
	 epoch  30 training error:  tensor(0.2161, device='cuda:0', grad_fn=<DivBackward0>)
Memory status after this epoch: 
Memory allocated:  647.84033203125
Memory cached:  804.0
	 epoch  40 training error:  tensor(0.2055, device='cuda:0', grad_fn=<DivBackward0>)
Memory status after this epoch: 
Memory allocated:  647.84033203125
Memory cached:  804.0
	 epoch  50 training error:  tensor(0.1933, device='cuda:0', grad_fn=<DivBackward0>)
Memory status after this epoch: 
Memory allocated:  647.84033203125
Memory cached:  804.0
	 epoch  60 training error:  tensor(0.1909, device='cuda:0', grad_fn=<DivBackward0>)
Memory status after this epoch: 
Memory allocated:  647.84033203125
Memory cached:  804.0
	 epoch  70 training error:  tensor(0.1873, device='cuda:0', grad_fn=<DivBackward0>)
Memory status after this epoch: 
Memory allocated:  647.84033203125
Memory cached:  804.0
	 epoch  80 training error:  tensor(0.1869, device='cuda:0', grad_fn=<DivBackward0>)
Memory status after this epoch: 
Memory allocated:  647.84033203125
Memory cached:  804.0
	 epoch  90 training error:  tensor(0.1917, device='cuda:0', grad_fn=<DivBackward0>)
Memory status after this epoch: 
Memory allocated:  647.84033203125
Memory cached:  804.0
[I 2024-01-26 08:02:28,706] Trial 318 finished with value: 0.16638468205928802 and parameters: {'W_layers': 7, 'W_layer_units_exponent_0': 8, 'W_layer_units_exponent_1': 7, 'W_layer_units_exponent_2': 5, 'W_layer_units_exponent_3': 5, 'W_layer_units_exponent_4': 10, 'W_layer_units_exponent_5': 10, 'W_layer_units_exponent_6': 10, 'D_layers': 5, 'D_layer_units_exponent_0': 4, 'D_layer_units_exponent_1': 6, 'D_layer_units_exponent_2': 4, 'D_layer_units_exponent_3': 4, 'D_layer_units_exponent_4': 6, 'D_dagger_layers': 5, 'D_dagger_layer_units_exponent_0': 9, 'D_dagger_layer_units_exponent_1': 7, 'D_dagger_layer_units_exponent_2': 9, 'D_dagger_layer_units_exponent_3': 6, 'D_dagger_layer_units_exponent_4': 6, 'log_learning_rate': -3.722020823290184, 'log_learning_rate_D': -4.749516478133866, 'log_learning_rate_D_dagger': -3.435285595710857, 'training_batch_size': 9, 'training_p': 2}. Best is trial 308 with value: 0.16571281850337982.
Time for this trial:  24.20673894882202
Memory status after this trial: 
Memory allocated:  1136.84326171875
Memory cached:  1174.0
--------------------  Trial  319   --------------------
Start timing: 
Parameters: 
{'W_layers': 7, 'W_layer_units_exponent_0': 8, 'W_layer_units_exponent_1': 7, 'W_layer_units_exponent_2': 5, 'W_layer_units_exponent_3': 5, 'W_layer_units_exponent_4': 10, 'W_layer_units_exponent_5': 10, 'W_layer_units_exponent_6': 10, 'D_layers': 5, 'D_layer_units_exponent_0': 4, 'D_layer_units_exponent_1': 6, 'D_layer_units_exponent_2': 4, 'D_layer_units_exponent_3': 4, 'D_layer_units_exponent_4': 6, 'D_dagger_layers': 5, 'D_dagger_layer_units_exponent_0': 9, 'D_dagger_layer_units_exponent_1': 7, 'D_dagger_layer_units_exponent_2': 9, 'D_dagger_layer_units_exponent_3': 6, 'D_dagger_layer_units_exponent_4': 4, 'log_learning_rate': -3.667575714760235, 'log_learning_rate_D': -4.6183512670457345, 'log_learning_rate_D_dagger': -3.4279669261263876, 'training_batch_size': 9, 'training_p': 2}
	 epoch  0 training error:  tensor(0.9617, device='cuda:0', grad_fn=<DivBackward0>)
Memory status after this epoch: 
Memory allocated:  648.07470703125
Memory cached:  820.0
	 epoch  10 training error:  tensor(0.3012, device='cuda:0', grad_fn=<DivBackward0>)
Memory status after this epoch: 
Memory allocated:  648.07470703125
Memory cached:  820.0
	 epoch  20 training error:  tensor(0.2275, device='cuda:0', grad_fn=<DivBackward0>)
Memory status after this epoch: 
Memory allocated:  648.07470703125
Memory cached:  820.0
	 epoch  30 training error:  tensor(0.2218, device='cuda:0', grad_fn=<DivBackward0>)
Memory status after this epoch: 
Memory allocated:  648.07470703125
Memory cached:  820.0
	 epoch  40 training error:  tensor(0.2000, device='cuda:0', grad_fn=<DivBackward0>)
Memory status after this epoch: 
Memory allocated:  648.07470703125
Memory cached:  820.0
	 epoch  50 training error:  tensor(0.1923, device='cuda:0', grad_fn=<DivBackward0>)
Memory status after this epoch: 
Memory allocated:  648.07470703125
Memory cached:  820.0
	 epoch  60 training error:  tensor(0.1877, device='cuda:0', grad_fn=<DivBackward0>)
Memory status after this epoch: 
Memory allocated:  648.07470703125
Memory cached:  820.0
	 epoch  70 training error:  tensor(0.1889, device='cuda:0', grad_fn=<DivBackward0>)
Memory status after this epoch: 
Memory allocated:  648.07470703125
Memory cached:  820.0
	 epoch  80 training error:  tensor(0.1895, device='cuda:0', grad_fn=<DivBackward0>)
Memory status after this epoch: 
Memory allocated:  648.07470703125
Memory cached:  820.0
	 epoch  90 training error:  tensor(0.1870, device='cuda:0', grad_fn=<DivBackward0>)
Memory status after this epoch: 
Memory allocated:  648.07470703125
Memory cached:  820.0
