[I 2024-03-11 23:29:08,854] Trial 105 finished with value: 0.40605735778808594 and parameters: {'log_learning_rate': -1.715431662013839, 'log_learning_rate_D': -3.8162890104957543, 'log_learning_rate_D_dagger': -1.6616710956746703, 'training_batch_size': 7, 'training_p': 2}. Best is trial 69 with value: 0.31162887811660767.
Time for this trial:  277.4810788631439
Memory status after this trial: 
Memory allocated:  3.3525390625
Memory cached:  4.0
--------------------  Trial  106   --------------------
Start timing: 
Parameters: 
{'log_learning_rate': -1.4548468374759782, 'log_learning_rate_D': -3.597427223349158, 'log_learning_rate_D_dagger': -1.4251511267266568, 'training_batch_size': 6, 'training_p': 3}
	 epoch  0 training error:  tensor(46.3133, grad_fn=<ToCopyBackward0>)
Memory status after this epoch: 
Memory allocated:  1.94189453125
Memory cached:  4.0
	 epoch  10 training error:  tensor(0.5368, grad_fn=<ToCopyBackward0>)
Memory status after this epoch: 
Memory allocated:  1.94189453125
Memory cached:  4.0
	 epoch  20 training error:  tensor(0.4328, grad_fn=<ToCopyBackward0>)
Memory status after this epoch: 
Memory allocated:  1.94189453125
Memory cached:  4.0
	 epoch  30 training error:  tensor(0.4857, grad_fn=<ToCopyBackward0>)
Memory status after this epoch: 
Memory allocated:  1.94189453125
Memory cached:  4.0
	 epoch  40 training error:  tensor(0.4629, grad_fn=<ToCopyBackward0>)
Memory status after this epoch: 
Memory allocated:  1.94189453125
Memory cached:  4.0
	 epoch  50 training error:  tensor(0.4143, grad_fn=<ToCopyBackward0>)
Memory status after this epoch: 
Memory allocated:  1.94189453125
Memory cached:  4.0
	 epoch  60 training error:  tensor(0.4142, grad_fn=<ToCopyBackward0>)
Memory status after this epoch: 
Memory allocated:  1.94189453125
Memory cached:  4.0
	 epoch  70 training error:  tensor(0.4131, grad_fn=<ToCopyBackward0>)
Memory status after this epoch: 
Memory allocated:  1.94189453125
Memory cached:  4.0
	 epoch  80 training error:  tensor(0.4050, grad_fn=<ToCopyBackward0>)
Memory status after this epoch: 
Memory allocated:  1.94189453125
Memory cached:  4.0
	 epoch  90 training error:  tensor(0.3956, grad_fn=<ToCopyBackward0>)
Memory status after this epoch: 
Memory allocated:  1.94189453125
Memory cached:  4.0
[I 2024-03-11 23:36:39,264] Trial 106 finished with value: 0.3598218858242035 and parameters: {'log_learning_rate': -1.4548468374759782, 'log_learning_rate_D': -3.597427223349158, 'log_learning_rate_D_dagger': -1.4251511267266568, 'training_batch_size': 6, 'training_p': 3}. Best is trial 69 with value: 0.31162887811660767.
Time for this trial:  450.1567060947418
Memory status after this trial: 
Memory allocated:  3.4521484375
Memory cached:  4.0
--------------------  Trial  107   --------------------
Start timing: 
Parameters: 
{'log_learning_rate': -1.2046243814978719, 'log_learning_rate_D': -3.143539175429765, 'log_learning_rate_D_dagger': -1.0018433870158763, 'training_batch_size': 7, 'training_p': 2}
	 epoch  0 training error:  tensor(98.3554, grad_fn=<ToCopyBackward0>)
Memory status after this epoch: 
Memory allocated:  1.84228515625
Memory cached:  4.0
	 epoch  10 training error:  tensor(1.3414, grad_fn=<ToCopyBackward0>)
Memory status after this epoch: 
Memory allocated:  1.84228515625
Memory cached:  4.0
	 epoch  20 training error:  tensor(0.7575, grad_fn=<ToCopyBackward0>)
Memory status after this epoch: 
Memory allocated:  1.84228515625
Memory cached:  4.0
	 epoch  30 training error:  tensor(0.5116, grad_fn=<ToCopyBackward0>)
Memory status after this epoch: 
Memory allocated:  1.84228515625
Memory cached:  4.0
	 epoch  40 training error:  tensor(0.4558, grad_fn=<ToCopyBackward0>)
Memory status after this epoch: 
Memory allocated:  1.84228515625
Memory cached:  4.0
	 epoch  50 training error:  tensor(0.4146, grad_fn=<ToCopyBackward0>)
Memory status after this epoch: 
Memory allocated:  1.84228515625
Memory cached:  4.0
	 epoch  60 training error:  tensor(0.3761, grad_fn=<ToCopyBackward0>)
Memory status after this epoch: 
Memory allocated:  1.84228515625
Memory cached:  4.0
	 epoch  70 training error:  tensor(0.4221, grad_fn=<ToCopyBackward0>)
Memory status after this epoch: 
Memory allocated:  1.84228515625
Memory cached:  4.0
	 epoch  80 training error:  tensor(0.3831, grad_fn=<ToCopyBackward0>)
Memory status after this epoch: 
Memory allocated:  1.84228515625
Memory cached:  4.0
	 epoch  90 training error:  tensor(0.3726, grad_fn=<ToCopyBackward0>)
Memory status after this epoch: 
Memory allocated:  1.84228515625
Memory cached:  4.0
[I 2024-03-11 23:41:18,019] Trial 107 finished with value: 0.3647417426109314 and parameters: {'log_learning_rate': -1.2046243814978719, 'log_learning_rate_D': -3.143539175429765, 'log_learning_rate_D_dagger': -1.0018433870158763, 'training_batch_size': 7, 'training_p': 2}. Best is trial 69 with value: 0.31162887811660767.
Time for this trial:  278.4930684566498
Memory status after this trial: 
Memory allocated:  3.3525390625
Memory cached:  4.0
--------------------  Trial  108   --------------------
Start timing: 
Parameters: 
{'log_learning_rate': -1.3156256066762422, 'log_learning_rate_D': -3.4709687149476856, 'log_learning_rate_D_dagger': -1.3011345255986222, 'training_batch_size': 6, 'training_p': 4}
	 epoch  0 training error:  tensor(202.0875, grad_fn=<ToCopyBackward0>)
Memory status after this epoch: 
Memory allocated:  1.94189453125
Memory cached:  4.0
	 epoch  10 training error:  tensor(1.4913, grad_fn=<ToCopyBackward0>)
Memory status after this epoch: 
Memory allocated:  1.94189453125
Memory cached:  4.0
	 epoch  20 training error:  tensor(0.4798, grad_fn=<ToCopyBackward0>)
Memory status after this epoch: 
Memory allocated:  1.94189453125
Memory cached:  4.0
	 epoch  30 training error:  tensor(0.4430, grad_fn=<ToCopyBackward0>)
Memory status after this epoch: 
Memory allocated:  1.94189453125
Memory cached:  4.0
	 epoch  40 training error:  tensor(0.4395, grad_fn=<ToCopyBackward0>)
Memory status after this epoch: 
Memory allocated:  1.94189453125
Memory cached:  4.0
	 epoch  50 training error:  tensor(0.4353, grad_fn=<ToCopyBackward0>)
Memory status after this epoch: 
Memory allocated:  1.94189453125
Memory cached:  4.0
	 epoch  60 training error:  tensor(0.4331, grad_fn=<ToCopyBackward0>)
Memory status after this epoch: 
Memory allocated:  1.94189453125
Memory cached:  4.0
	 epoch  70 training error:  tensor(0.4321, grad_fn=<ToCopyBackward0>)
Memory status after this epoch: 
Memory allocated:  1.94189453125
Memory cached:  4.0
	 epoch  80 training error:  tensor(0.4330, grad_fn=<ToCopyBackward0>)
Memory status after this epoch: 
Memory allocated:  1.94189453125
Memory cached:  4.0
	 epoch  90 training error:  tensor(0.4316, grad_fn=<ToCopyBackward0>)
Memory status after this epoch: 
Memory allocated:  1.94189453125
Memory cached:  4.0
[I 2024-03-11 23:48:50,141] Trial 108 finished with value: 0.334237277507782 and parameters: {'log_learning_rate': -1.3156256066762422, 'log_learning_rate_D': -3.4709687149476856, 'log_learning_rate_D_dagger': -1.3011345255986222, 'training_batch_size': 6, 'training_p': 4}. Best is trial 69 with value: 0.31162887811660767.
Time for this trial:  451.8540675640106
Memory status after this trial: 
Memory allocated:  3.4521484375
Memory cached:  4.0
--------------------  Trial  109   --------------------
Start timing: 
Parameters: 
{'log_learning_rate': -1.9616655834207477, 'log_learning_rate_D': -3.277146946987623, 'log_learning_rate_D_dagger': -1.6089969122377734, 'training_batch_size': 6, 'training_p': 2}
	 epoch  0 training error:  tensor(37.9891, grad_fn=<ToCopyBackward0>)
Memory status after this epoch: 
Memory allocated:  1.94189453125
Memory cached:  4.0
	 epoch  10 training error:  tensor(0.5630, grad_fn=<ToCopyBackward0>)
Memory status after this epoch: 
Memory allocated:  1.94189453125
Memory cached:  4.0
	 epoch  20 training error:  tensor(0.3755, grad_fn=<ToCopyBackward0>)
Memory status after this epoch: 
Memory allocated:  1.94189453125
Memory cached:  4.0
	 epoch  30 training error:  tensor(0.3019, grad_fn=<ToCopyBackward0>)
Memory status after this epoch: 
Memory allocated:  1.94189453125
Memory cached:  4.0
	 epoch  40 training error:  tensor(0.2917, grad_fn=<ToCopyBackward0>)
Memory status after this epoch: 
Memory allocated:  1.94189453125
Memory cached:  4.0
	 epoch  50 training error:  tensor(0.2922, grad_fn=<ToCopyBackward0>)
Memory status after this epoch: 
Memory allocated:  1.94189453125
Memory cached:  4.0
	 epoch  60 training error:  tensor(0.2931, grad_fn=<ToCopyBackward0>)
Memory status after this epoch: 
Memory allocated:  1.94189453125
Memory cached:  4.0
	 epoch  70 training error:  tensor(0.2916, grad_fn=<ToCopyBackward0>)
Memory status after this epoch: 
Memory allocated:  1.94189453125
Memory cached:  4.0
	 epoch  80 training error:  tensor(0.2939, grad_fn=<ToCopyBackward0>)
Memory status after this epoch: 
Memory allocated:  1.94189453125
Memory cached:  4.0
	 epoch  90 training error:  tensor(0.2921, grad_fn=<ToCopyBackward0>)
Memory status after this epoch: 
Memory allocated:  1.94189453125
Memory cached:  4.0
[I 2024-03-11 23:56:22,377] Trial 109 finished with value: 0.31147700548171997 and parameters: {'log_learning_rate': -1.9616655834207477, 'log_learning_rate_D': -3.277146946987623, 'log_learning_rate_D_dagger': -1.6089969122377734, 'training_batch_size': 6, 'training_p': 2}. Best is trial 109 with value: 0.31147700548171997.
res:  tensor(0.3115, grad_fn=<ToCopyBackward0>)
self.bestValue:  tensor(0.3116, grad_fn=<ToCopyBackward0>)
Save this model!
Time for this trial:  451.97583508491516
Memory status after this trial: 
Memory allocated:  1.91162109375
Memory cached:  4.0
--------------------  Trial  110   --------------------
Start timing: 
Parameters: 
{'log_learning_rate': -1.9564167641529635, 'log_learning_rate_D': -3.2469431704074787, 'log_learning_rate_D_dagger': -1.17491998157812, 'training_batch_size': 6, 'training_p': 2}
	 epoch  0 training error:  tensor(10.1319, grad_fn=<ToCopyBackward0>)
Memory status after this epoch: 
Memory allocated:  1.94189453125
Memory cached:  4.0
	 epoch  10 training error:  tensor(0.4248, grad_fn=<ToCopyBackward0>)
Memory status after this epoch: 
Memory allocated:  1.94189453125
Memory cached:  4.0
	 epoch  20 training error:  tensor(0.3363, grad_fn=<ToCopyBackward0>)
Memory status after this epoch: 
Memory allocated:  1.94189453125
Memory cached:  4.0
	 epoch  30 training error:  tensor(0.3110, grad_fn=<ToCopyBackward0>)
Memory status after this epoch: 
Memory allocated:  1.94189453125
Memory cached:  4.0
	 epoch  40 training error:  tensor(0.3135, grad_fn=<ToCopyBackward0>)
Memory status after this epoch: 
Memory allocated:  1.94189453125
Memory cached:  4.0
	 epoch  50 training error:  tensor(0.3109, grad_fn=<ToCopyBackward0>)
Memory status after this epoch: 
Memory allocated:  1.94189453125
Memory cached:  4.0
	 epoch  60 training error:  tensor(0.3144, grad_fn=<ToCopyBackward0>)
Memory status after this epoch: 
Memory allocated:  1.94189453125
Memory cached:  4.0
	 epoch  70 training error:  tensor(0.3117, grad_fn=<ToCopyBackward0>)
Memory status after this epoch: 
Memory allocated:  1.94189453125
Memory cached:  4.0
	 epoch  80 training error:  tensor(0.3122, grad_fn=<ToCopyBackward0>)
Memory status after this epoch: 
Memory allocated:  1.94189453125
Memory cached:  4.0
	 epoch  90 training error:  tensor(0.3111, grad_fn=<ToCopyBackward0>)
Memory status after this epoch: 
Memory allocated:  1.94189453125
Memory cached:  4.0
[I 2024-03-12 00:03:55,218] Trial 110 finished with value: 0.33248645067214966 and parameters: {'log_learning_rate': -1.9564167641529635, 'log_learning_rate_D': -3.2469431704074787, 'log_learning_rate_D_dagger': -1.17491998157812, 'training_batch_size': 6, 'training_p': 2}. Best is trial 109 with value: 0.31147700548171997.
Time for this trial:  452.5997722148895
Memory status after this trial: 
Memory allocated:  3.4521484375
Memory cached:  4.0
--------------------  Trial  111   --------------------
Start timing: 
Parameters: 
{'log_learning_rate': -2.0417410757882384, 'log_learning_rate_D': -3.3652349494387654, 'log_learning_rate_D_dagger': -1.5114829273493522, 'training_batch_size': 6, 'training_p': 2}
	 epoch  0 training error:  tensor(113.5280, grad_fn=<ToCopyBackward0>)
Memory status after this epoch: 
Memory allocated:  1.94189453125
Memory cached:  4.0
	 epoch  10 training error:  tensor(0.9450, grad_fn=<ToCopyBackward0>)
Memory status after this epoch: 
Memory allocated:  1.94189453125
Memory cached:  4.0
	 epoch  20 training error:  tensor(0.4007, grad_fn=<ToCopyBackward0>)
Memory status after this epoch: 
Memory allocated:  1.94189453125
Memory cached:  4.0
	 epoch  30 training error:  tensor(0.3869, grad_fn=<ToCopyBackward0>)
Memory status after this epoch: 
Memory allocated:  1.94189453125
Memory cached:  4.0
	 epoch  40 training error:  tensor(0.3632, grad_fn=<ToCopyBackward0>)
Memory status after this epoch: 
Memory allocated:  1.94189453125
Memory cached:  4.0
	 epoch  50 training error:  tensor(0.3701, grad_fn=<ToCopyBackward0>)
Memory status after this epoch: 
Memory allocated:  1.94189453125
Memory cached:  4.0
	 epoch  60 training error:  tensor(0.3456, grad_fn=<ToCopyBackward0>)
Memory status after this epoch: 
Memory allocated:  1.94189453125
Memory cached:  4.0
	 epoch  70 training error:  tensor(0.3407, grad_fn=<ToCopyBackward0>)
Memory status after this epoch: 
Memory allocated:  1.94189453125
Memory cached:  4.0
	 epoch  80 training error:  tensor(0.3468, grad_fn=<ToCopyBackward0>)
Memory status after this epoch: 
Memory allocated:  1.94189453125
Memory cached:  4.0
	 epoch  90 training error:  tensor(0.3550, grad_fn=<ToCopyBackward0>)
Memory status after this epoch: 
Memory allocated:  1.94189453125
Memory cached:  4.0
[I 2024-03-12 00:11:28,577] Trial 111 finished with value: 0.3390914499759674 and parameters: {'log_learning_rate': -2.0417410757882384, 'log_learning_rate_D': -3.3652349494387654, 'log_learning_rate_D_dagger': -1.5114829273493522, 'training_batch_size': 6, 'training_p': 2}. Best is trial 109 with value: 0.31147700548171997.
Time for this trial:  453.08448219299316
Memory status after this trial: 
Memory allocated:  3.4521484375
Memory cached:  4.0
--------------------  Trial  112   --------------------
Start timing: 
Parameters: 
{'log_learning_rate': -1.6842266225532607, 'log_learning_rate_D': -3.549408864446087, 'log_learning_rate_D_dagger': -1.5919441568060824, 'training_batch_size': 6, 'training_p': 2}
	 epoch  0 training error:  tensor(24.9121, grad_fn=<ToCopyBackward0>)
Memory status after this epoch: 
Memory allocated:  1.94189453125
Memory cached:  4.0
	 epoch  10 training error:  tensor(0.5238, grad_fn=<ToCopyBackward0>)
Memory status after this epoch: 
Memory allocated:  1.94189453125
Memory cached:  4.0
	 epoch  20 training error:  tensor(0.3727, grad_fn=<ToCopyBackward0>)
Memory status after this epoch: 
Memory allocated:  1.94189453125
Memory cached:  4.0
	 epoch  30 training error:  tensor(0.3212, grad_fn=<ToCopyBackward0>)
Memory status after this epoch: 
Memory allocated:  1.94189453125
Memory cached:  4.0
	 epoch  40 training error:  tensor(0.3139, grad_fn=<ToCopyBackward0>)
Memory status after this epoch: 
Memory allocated:  1.94189453125
Memory cached:  4.0
	 epoch  50 training error:  tensor(0.3106, grad_fn=<ToCopyBackward0>)
Memory status after this epoch: 
Memory allocated:  1.94189453125
Memory cached:  4.0
	 epoch  60 training error:  tensor(0.3128, grad_fn=<ToCopyBackward0>)
Memory status after this epoch: 
Memory allocated:  1.94189453125
Memory cached:  4.0
	 epoch  70 training error:  tensor(0.3136, grad_fn=<ToCopyBackward0>)
Memory status after this epoch: 
Memory allocated:  1.94189453125
Memory cached:  4.0
	 epoch  80 training error:  tensor(0.3119, grad_fn=<ToCopyBackward0>)
Memory status after this epoch: 
Memory allocated:  1.94189453125
Memory cached:  4.0
	 epoch  90 training error:  tensor(0.3104, grad_fn=<ToCopyBackward0>)
Memory status after this epoch: 
Memory allocated:  1.94189453125
Memory cached:  4.0
[I 2024-03-12 00:19:00,781] Trial 112 finished with value: 0.3298272490501404 and parameters: {'log_learning_rate': -1.6842266225532607, 'log_learning_rate_D': -3.549408864446087, 'log_learning_rate_D_dagger': -1.5919441568060824, 'training_batch_size': 6, 'training_p': 2}. Best is trial 109 with value: 0.31147700548171997.
Time for this trial:  451.9417304992676
Memory status after this trial: 
Memory allocated:  3.4521484375
Memory cached:  4.0
--------------------  Trial  113   --------------------
Start timing: 
Parameters: 
{'log_learning_rate': -1.5324442188911394, 'log_learning_rate_D': -3.705562409338596, 'log_learning_rate_D_dagger': -1.2538449496404194, 'training_batch_size': 6, 'training_p': 2}
	 epoch  0 training error:  tensor(163.1564, grad_fn=<ToCopyBackward0>)
Memory status after this epoch: 
Memory allocated:  1.94189453125
Memory cached:  4.0
	 epoch  10 training error:  tensor(1.0897, grad_fn=<ToCopyBackward0>)
Memory status after this epoch: 
Memory allocated:  1.94189453125
Memory cached:  4.0
	 epoch  20 training error:  tensor(0.3477, grad_fn=<ToCopyBackward0>)
Memory status after this epoch: 
Memory allocated:  1.94189453125
Memory cached:  4.0
	 epoch  30 training error:  tensor(0.2944, grad_fn=<ToCopyBackward0>)
Memory status after this epoch: 
Memory allocated:  1.94189453125
Memory cached:  4.0
	 epoch  40 training error:  tensor(0.2929, grad_fn=<ToCopyBackward0>)
Memory status after this epoch: 
Memory allocated:  1.94189453125
Memory cached:  4.0
	 epoch  50 training error:  tensor(0.2923, grad_fn=<ToCopyBackward0>)
Memory status after this epoch: 
Memory allocated:  1.94189453125
Memory cached:  4.0
	 epoch  60 training error:  tensor(0.2931, grad_fn=<ToCopyBackward0>)
Memory status after this epoch: 
Memory allocated:  1.94189453125
Memory cached:  4.0
	 epoch  70 training error:  tensor(0.2925, grad_fn=<ToCopyBackward0>)
Memory status after this epoch: 
Memory allocated:  1.94189453125
Memory cached:  4.0
	 epoch  80 training error:  tensor(0.2948, grad_fn=<ToCopyBackward0>)
Memory status after this epoch: 
Memory allocated:  1.94189453125
Memory cached:  4.0
	 epoch  90 training error:  tensor(0.2921, grad_fn=<ToCopyBackward0>)
Memory status after this epoch: 
Memory allocated:  1.94189453125
Memory cached:  4.0
[I 2024-03-12 00:26:32,865] Trial 113 finished with value: 0.31211820244789124 and parameters: {'log_learning_rate': -1.5324442188911394, 'log_learning_rate_D': -3.705562409338596, 'log_learning_rate_D_dagger': -1.2538449496404194, 'training_batch_size': 6, 'training_p': 2}. Best is trial 109 with value: 0.31147700548171997.
Time for this trial:  451.82674956321716
Memory status after this trial: 
Memory allocated:  3.4521484375
Memory cached:  4.0
--------------------  Trial  114   --------------------
Start timing: 
Parameters: 
{'log_learning_rate': -1.5111834137048645, 'log_learning_rate_D': -3.014515255219152, 'log_learning_rate_D_dagger': -1.1133689237970579, 'training_batch_size': 7, 'training_p': 2}
	 epoch  0 training error:  tensor(155.2517, grad_fn=<ToCopyBackward0>)
Memory status after this epoch: 
Memory allocated:  1.84228515625
Memory cached:  4.0
	 epoch  10 training error:  tensor(2.8759, grad_fn=<ToCopyBackward0>)
Memory status after this epoch: 
Memory allocated:  1.84228515625
Memory cached:  4.0
	 epoch  20 training error:  tensor(1.2414, grad_fn=<ToCopyBackward0>)
Memory status after this epoch: 
Memory allocated:  1.84228515625
Memory cached:  4.0
	 epoch  30 training error:  tensor(0.3258, grad_fn=<ToCopyBackward0>)
Memory status after this epoch: 
Memory allocated:  1.84228515625
Memory cached:  4.0
	 epoch  40 training error:  tensor(0.2965, grad_fn=<ToCopyBackward0>)
Memory status after this epoch: 
Memory allocated:  1.84228515625
Memory cached:  4.0
	 epoch  50 training error:  tensor(0.2962, grad_fn=<ToCopyBackward0>)
Memory status after this epoch: 
Memory allocated:  1.84228515625
Memory cached:  4.0
	 epoch  60 training error:  tensor(0.3225, grad_fn=<ToCopyBackward0>)
Memory status after this epoch: 
Memory allocated:  1.84228515625
Memory cached:  4.0
	 epoch  70 training error:  tensor(0.3177, grad_fn=<ToCopyBackward0>)
Memory status after this epoch: 
Memory allocated:  1.84228515625
Memory cached:  4.0
	 epoch  80 training error:  tensor(0.2981, grad_fn=<ToCopyBackward0>)
Memory status after this epoch: 
Memory allocated:  1.84228515625
Memory cached:  4.0
	 epoch  90 training error:  tensor(0.2929, grad_fn=<ToCopyBackward0>)
Memory status after this epoch: 
Memory allocated:  1.84228515625
Memory cached:  4.0
