[I 2023-12-04 00:05:21,472] Trial 6 finished with value: 0.1064554825425148 and parameters: {'W_layers': 3, 'W_layer_units_exponent_0': 10, 'W_layer_units_exponent_1': 9, 'W_layer_units_exponent_2': 8, 'D_layers': 7, 'D_layer_units_exponent_0': 4, 'D_layer_units_exponent_1': 5, 'D_layer_units_exponent_2': 8, 'D_layer_units_exponent_3': 10, 'D_layer_units_exponent_4': 4, 'D_layer_units_exponent_5': 9, 'D_layer_units_exponent_6': 6, 'log_learning_rate': -4.314115277831933, 'log_learning_rate_D': -4.080865798444872, 'training_batch_size': 9, 'training_p': 4}. Best is trial 3 with value: 0.09675099700689316.
Time for this trial:  13.92855978012085
Memory status after this trial: 
Memory allocated:  126.20751953125
Memory cached:  148.0
--------------------  Trial  7   --------------------
Start timing: 
Parameters: 
{'W_layers': 5, 'W_layer_units_exponent_0': 5, 'W_layer_units_exponent_1': 4, 'W_layer_units_exponent_2': 10, 'W_layer_units_exponent_3': 6, 'W_layer_units_exponent_4': 8, 'D_layers': 3, 'D_layer_units_exponent_0': 7, 'D_layer_units_exponent_1': 4, 'D_layer_units_exponent_2': 10, 'log_learning_rate': -2.6829885245361846, 'log_learning_rate_D': -2.177488510660156, 'training_batch_size': 12, 'training_p': 3}
	 epoch  0 training error:  tensor(1.0133, device='cuda:0', grad_fn=<DivBackward0>)
Memory status after this epoch: 
Memory allocated:  80.54833984375
Memory cached:  94.0
	 epoch  10 training error:  tensor(0.1591, device='cuda:0', grad_fn=<DivBackward0>)
Memory status after this epoch: 
Memory allocated:  80.54833984375
Memory cached:  94.0
	 epoch  20 training error:  tensor(0.1304, device='cuda:0', grad_fn=<DivBackward0>)
Memory status after this epoch: 
Memory allocated:  80.54833984375
Memory cached:  94.0
	 epoch  30 training error:  tensor(0.1305, device='cuda:0', grad_fn=<DivBackward0>)
Memory status after this epoch: 
Memory allocated:  80.54833984375
Memory cached:  94.0
	 epoch  40 training error:  tensor(0.1163, device='cuda:0', grad_fn=<DivBackward0>)
Memory status after this epoch: 
Memory allocated:  80.54833984375
Memory cached:  94.0
	 epoch  50 training error:  tensor(0.1171, device='cuda:0', grad_fn=<DivBackward0>)
Memory status after this epoch: 
Memory allocated:  80.54833984375
Memory cached:  94.0
	 epoch  60 training error:  tensor(0.1155, device='cuda:0', grad_fn=<DivBackward0>)
Memory status after this epoch: 
Memory allocated:  80.54833984375
Memory cached:  94.0
	 epoch  70 training error:  tensor(0.1155, device='cuda:0', grad_fn=<DivBackward0>)
Memory status after this epoch: 
Memory allocated:  80.54833984375
Memory cached:  94.0
	 epoch  80 training error:  tensor(0.1155, device='cuda:0', grad_fn=<DivBackward0>)
Memory status after this epoch: 
Memory allocated:  80.54833984375
Memory cached:  94.0
	 epoch  90 training error:  tensor(0.1154, device='cuda:0', grad_fn=<DivBackward0>)
Memory status after this epoch: 
Memory allocated:  80.54833984375
Memory cached:  94.0
[I 2023-12-04 00:05:35,481] Trial 7 finished with value: 0.09977451711893082 and parameters: {'W_layers': 5, 'W_layer_units_exponent_0': 5, 'W_layer_units_exponent_1': 4, 'W_layer_units_exponent_2': 10, 'W_layer_units_exponent_3': 6, 'W_layer_units_exponent_4': 8, 'D_layers': 3, 'D_layer_units_exponent_0': 7, 'D_layer_units_exponent_1': 4, 'D_layer_units_exponent_2': 10, 'log_learning_rate': -2.6829885245361846, 'log_learning_rate_D': -2.177488510660156, 'training_batch_size': 12, 'training_p': 3}. Best is trial 3 with value: 0.09675099700689316.
Time for this trial:  13.908690690994263
Memory status after this trial: 
Memory allocated:  112.50927734375
Memory cached:  134.0
--------------------  Trial  8   --------------------
Start timing: 
Parameters: 
{'W_layers': 5, 'W_layer_units_exponent_0': 8, 'W_layer_units_exponent_1': 8, 'W_layer_units_exponent_2': 7, 'W_layer_units_exponent_3': 9, 'W_layer_units_exponent_4': 5, 'D_layers': 5, 'D_layer_units_exponent_0': 4, 'D_layer_units_exponent_1': 9, 'D_layer_units_exponent_2': 4, 'D_layer_units_exponent_3': 9, 'D_layer_units_exponent_4': 10, 'log_learning_rate': -3.036513322864679, 'log_learning_rate_D': -1.3257417687595363, 'training_batch_size': 7, 'training_p': 5}
	 epoch  0 training error:  tensor(0.9241, device='cuda:0', grad_fn=<DivBackward0>)
Memory status after this epoch: 
Memory allocated:  84.2373046875
Memory cached:  92.0
	 epoch  10 training error:  tensor(0.2496, device='cuda:0', grad_fn=<DivBackward0>)
Memory status after this epoch: 
Memory allocated:  84.2373046875
Memory cached:  94.0
	 epoch  20 training error:  tensor(0.1686, device='cuda:0', grad_fn=<DivBackward0>)
Memory status after this epoch: 
Memory allocated:  84.2373046875
Memory cached:  94.0
	 epoch  30 training error:  tensor(0.1429, device='cuda:0', grad_fn=<DivBackward0>)
Memory status after this epoch: 
Memory allocated:  84.2373046875
Memory cached:  94.0
	 epoch  40 training error:  tensor(0.1440, device='cuda:0', grad_fn=<DivBackward0>)
Memory status after this epoch: 
Memory allocated:  84.2373046875
Memory cached:  94.0
	 epoch  50 training error:  tensor(0.1395, device='cuda:0', grad_fn=<DivBackward0>)
Memory status after this epoch: 
Memory allocated:  84.2373046875
Memory cached:  94.0
	 epoch  60 training error:  tensor(0.1387, device='cuda:0', grad_fn=<DivBackward0>)
Memory status after this epoch: 
Memory allocated:  84.2373046875
Memory cached:  94.0
	 epoch  70 training error:  tensor(0.1386, device='cuda:0', grad_fn=<DivBackward0>)
Memory status after this epoch: 
Memory allocated:  84.2373046875
Memory cached:  94.0
	 epoch  80 training error:  tensor(0.1386, device='cuda:0', grad_fn=<DivBackward0>)
Memory status after this epoch: 
Memory allocated:  84.2373046875
Memory cached:  94.0
	 epoch  90 training error:  tensor(0.1386, device='cuda:0', grad_fn=<DivBackward0>)
Memory status after this epoch: 
Memory allocated:  84.2373046875
Memory cached:  94.0
[I 2023-12-04 00:05:49,406] Trial 8 finished with value: 0.11248737573623657 and parameters: {'W_layers': 5, 'W_layer_units_exponent_0': 8, 'W_layer_units_exponent_1': 8, 'W_layer_units_exponent_2': 7, 'W_layer_units_exponent_3': 9, 'W_layer_units_exponent_4': 5, 'D_layers': 5, 'D_layer_units_exponent_0': 4, 'D_layer_units_exponent_1': 9, 'D_layer_units_exponent_2': 4, 'D_layer_units_exponent_3': 9, 'D_layer_units_exponent_4': 10, 'log_learning_rate': -3.036513322864679, 'log_learning_rate_D': -1.3257417687595363, 'training_batch_size': 7, 'training_p': 5}. Best is trial 3 with value: 0.09675099700689316.
Time for this trial:  13.83155345916748
Memory status after this trial: 
Memory allocated:  107.43115234375
Memory cached:  116.0
--------------------  Trial  9   --------------------
Start timing: 
Parameters: 
{'W_layers': 7, 'W_layer_units_exponent_0': 4, 'W_layer_units_exponent_1': 6, 'W_layer_units_exponent_2': 7, 'W_layer_units_exponent_3': 4, 'W_layer_units_exponent_4': 9, 'W_layer_units_exponent_5': 7, 'W_layer_units_exponent_6': 4, 'D_layers': 5, 'D_layer_units_exponent_0': 7, 'D_layer_units_exponent_1': 9, 'D_layer_units_exponent_2': 8, 'D_layer_units_exponent_3': 9, 'D_layer_units_exponent_4': 7, 'log_learning_rate': -1.4554379480624382, 'log_learning_rate_D': -4.43882087872071, 'training_batch_size': 7, 'training_p': 3}
	 epoch  0 training error:  tensor(1.0384, device='cuda:0', grad_fn=<DivBackward0>)
Memory status after this epoch: 
Memory allocated:  81.79150390625
Memory cached:  94.0
	 epoch  10 training error:  tensor(1.6844, device='cuda:0', grad_fn=<DivBackward0>)
Memory status after this epoch: 
Memory allocated:  81.79150390625
Memory cached:  94.0
	 epoch  20 training error:  tensor(0.3959, device='cuda:0', grad_fn=<DivBackward0>)
Memory status after this epoch: 
Memory allocated:  81.79150390625
Memory cached:  94.0
	 epoch  30 training error:  tensor(0.1899, device='cuda:0', grad_fn=<DivBackward0>)
Memory status after this epoch: 
Memory allocated:  81.79150390625
Memory cached:  94.0
	 epoch  40 training error:  tensor(0.1547, device='cuda:0', grad_fn=<DivBackward0>)
Memory status after this epoch: 
Memory allocated:  81.79150390625
Memory cached:  94.0
	 epoch  50 training error:  tensor(0.1357, device='cuda:0', grad_fn=<DivBackward0>)
Memory status after this epoch: 
Memory allocated:  81.79150390625
Memory cached:  94.0
	 epoch  60 training error:  tensor(0.2823, device='cuda:0', grad_fn=<DivBackward0>)
Memory status after this epoch: 
Memory allocated:  81.79150390625
Memory cached:  94.0
	 epoch  70 training error:  tensor(0.1412, device='cuda:0', grad_fn=<DivBackward0>)
Memory status after this epoch: 
Memory allocated:  81.79150390625
Memory cached:  94.0
	 epoch  80 training error:  tensor(0.1516, device='cuda:0', grad_fn=<DivBackward0>)
Memory status after this epoch: 
Memory allocated:  81.79150390625
Memory cached:  94.0
	 epoch  90 training error:  tensor(0.1482, device='cuda:0', grad_fn=<DivBackward0>)
Memory status after this epoch: 
Memory allocated:  81.79150390625
Memory cached:  94.0
[I 2023-12-04 00:06:03,272] Trial 9 finished with value: 0.12068722397089005 and parameters: {'W_layers': 7, 'W_layer_units_exponent_0': 4, 'W_layer_units_exponent_1': 6, 'W_layer_units_exponent_2': 7, 'W_layer_units_exponent_3': 4, 'W_layer_units_exponent_4': 9, 'W_layer_units_exponent_5': 7, 'W_layer_units_exponent_6': 4, 'D_layers': 5, 'D_layer_units_exponent_0': 7, 'D_layer_units_exponent_1': 9, 'D_layer_units_exponent_2': 8, 'D_layer_units_exponent_3': 9, 'D_layer_units_exponent_4': 7, 'log_learning_rate': -1.4554379480624382, 'log_learning_rate_D': -4.43882087872071, 'training_batch_size': 7, 'training_p': 3}. Best is trial 3 with value: 0.09675099700689316.
Time for this trial:  13.767669439315796
Memory status after this trial: 
Memory allocated:  99.75927734375
Memory cached:  120.0
--------------------  Trial  10   --------------------
Start timing: 
Parameters: 
{'W_layers': 4, 'W_layer_units_exponent_0': 10, 'W_layer_units_exponent_1': 10, 'W_layer_units_exponent_2': 10, 'W_layer_units_exponent_3': 10, 'D_layers': 2, 'D_layer_units_exponent_0': 10, 'D_layer_units_exponent_1': 7, 'log_learning_rate': -2.2717050731111152, 'log_learning_rate_D': -2.516108273627682, 'training_batch_size': 11, 'training_p': 8}
	 epoch  0 training error:  tensor(1.0081, device='cuda:0', grad_fn=<DivBackward0>)
Memory status after this epoch: 
Memory allocated:  127.5546875
Memory cached:  144.0
	 epoch  10 training error:  tensor(1.8361, device='cuda:0', grad_fn=<DivBackward0>)
Memory status after this epoch: 
Memory allocated:  127.5546875
Memory cached:  144.0
	 epoch  20 training error:  tensor(0.5175, device='cuda:0', grad_fn=<DivBackward0>)
Memory status after this epoch: 
Memory allocated:  127.5546875
Memory cached:  144.0
	 epoch  30 training error:  tensor(0.1984, device='cuda:0', grad_fn=<DivBackward0>)
Memory status after this epoch: 
Memory allocated:  127.5546875
Memory cached:  144.0
	 epoch  40 training error:  tensor(0.8798, device='cuda:0', grad_fn=<DivBackward0>)
Memory status after this epoch: 
Memory allocated:  127.5546875
Memory cached:  144.0
	 epoch  50 training error:  tensor(0.5496, device='cuda:0', grad_fn=<DivBackward0>)
Memory status after this epoch: 
Memory allocated:  127.5546875
Memory cached:  144.0
	 epoch  60 training error:  tensor(0.2699, device='cuda:0', grad_fn=<DivBackward0>)
Memory status after this epoch: 
Memory allocated:  127.5546875
Memory cached:  144.0
	 epoch  70 training error:  tensor(0.2077, device='cuda:0', grad_fn=<DivBackward0>)
Memory status after this epoch: 
Memory allocated:  127.5546875
Memory cached:  144.0
	 epoch  80 training error:  tensor(0.1547, device='cuda:0', grad_fn=<DivBackward0>)
Memory status after this epoch: 
Memory allocated:  127.5546875
Memory cached:  144.0
	 epoch  90 training error:  tensor(0.1960, device='cuda:0', grad_fn=<DivBackward0>)
Memory status after this epoch: 
Memory allocated:  127.5546875
Memory cached:  144.0
[I 2023-12-04 00:06:18,058] Trial 10 finished with value: 0.12415673583745956 and parameters: {'W_layers': 4, 'W_layer_units_exponent_0': 10, 'W_layer_units_exponent_1': 10, 'W_layer_units_exponent_2': 10, 'W_layer_units_exponent_3': 10, 'D_layers': 2, 'D_layer_units_exponent_0': 10, 'D_layer_units_exponent_1': 7, 'log_learning_rate': -2.2717050731111152, 'log_learning_rate_D': -2.516108273627682, 'training_batch_size': 11, 'training_p': 8}. Best is trial 3 with value: 0.09675099700689316.
Time for this trial:  14.63748812675476
Memory status after this trial: 
Memory allocated:  196.93408203125
Memory cached:  264.0
--------------------  Trial  11   --------------------
Start timing: 
Parameters: 
{'W_layers': 5, 'W_layer_units_exponent_0': 6, 'W_layer_units_exponent_1': 5, 'W_layer_units_exponent_2': 10, 'W_layer_units_exponent_3': 6, 'W_layer_units_exponent_4': 8, 'D_layers': 3, 'D_layer_units_exponent_0': 7, 'D_layer_units_exponent_1': 4, 'D_layer_units_exponent_2': 10, 'log_learning_rate': -2.5995876517726906, 'log_learning_rate_D': -2.236397915287114, 'training_batch_size': 10, 'training_p': 2}
	 epoch  0 training error:  tensor(1.0076, device='cuda:0', grad_fn=<DivBackward0>)
Memory status after this epoch: 
Memory allocated:  80.82177734375
Memory cached:  92.0
	 epoch  10 training error:  tensor(0.1066, device='cuda:0', grad_fn=<DivBackward0>)
Memory status after this epoch: 
Memory allocated:  80.82177734375
Memory cached:  92.0
	 epoch  20 training error:  tensor(0.0968, device='cuda:0', grad_fn=<DivBackward0>)
Memory status after this epoch: 
Memory allocated:  80.82177734375
Memory cached:  92.0
	 epoch  30 training error:  tensor(0.0955, device='cuda:0', grad_fn=<DivBackward0>)
Memory status after this epoch: 
Memory allocated:  80.82177734375
Memory cached:  92.0
	 epoch  40 training error:  tensor(0.0949, device='cuda:0', grad_fn=<DivBackward0>)
Memory status after this epoch: 
Memory allocated:  80.82177734375
Memory cached:  92.0
	 epoch  50 training error:  tensor(0.0941, device='cuda:0', grad_fn=<DivBackward0>)
Memory status after this epoch: 
Memory allocated:  80.82177734375
Memory cached:  92.0
	 epoch  60 training error:  tensor(0.0940, device='cuda:0', grad_fn=<DivBackward0>)
Memory status after this epoch: 
Memory allocated:  80.82177734375
Memory cached:  92.0
	 epoch  70 training error:  tensor(0.0940, device='cuda:0', grad_fn=<DivBackward0>)
Memory status after this epoch: 
Memory allocated:  80.82177734375
Memory cached:  92.0
	 epoch  80 training error:  tensor(0.0940, device='cuda:0', grad_fn=<DivBackward0>)
Memory status after this epoch: 
Memory allocated:  80.82177734375
Memory cached:  92.0
	 epoch  90 training error:  tensor(0.0940, device='cuda:0', grad_fn=<DivBackward0>)
Memory status after this epoch: 
Memory allocated:  80.82177734375
Memory cached:  92.0
[I 2023-12-04 00:06:32,377] Trial 11 finished with value: 0.09675443172454834 and parameters: {'W_layers': 5, 'W_layer_units_exponent_0': 6, 'W_layer_units_exponent_1': 5, 'W_layer_units_exponent_2': 10, 'W_layer_units_exponent_3': 6, 'W_layer_units_exponent_4': 8, 'D_layers': 3, 'D_layer_units_exponent_0': 7, 'D_layer_units_exponent_1': 4, 'D_layer_units_exponent_2': 10, 'log_learning_rate': -2.5995876517726906, 'log_learning_rate_D': -2.236397915287114, 'training_batch_size': 10, 'training_p': 2}. Best is trial 3 with value: 0.09675099700689316.
Time for this trial:  14.15181565284729
Memory status after this trial: 
Memory allocated:  113.74462890625
Memory cached:  134.0
--------------------  Trial  12   --------------------
Start timing: 
Parameters: 
{'W_layers': 6, 'W_layer_units_exponent_0': 7, 'W_layer_units_exponent_1': 6, 'W_layer_units_exponent_2': 9, 'W_layer_units_exponent_3': 6, 'W_layer_units_exponent_4': 4, 'W_layer_units_exponent_5': 4, 'D_layers': 3, 'D_layer_units_exponent_0': 6, 'D_layer_units_exponent_1': 6, 'D_layer_units_exponent_2': 10, 'log_learning_rate': -3.508056811749533, 'log_learning_rate_D': -2.452029013148326, 'training_batch_size': 10, 'training_p': 2}
	 epoch  0 training error:  tensor(1.0147, device='cuda:0', grad_fn=<DivBackward0>)
Memory status after this epoch: 
Memory allocated:  80.3720703125
Memory cached:  92.0
	 epoch  10 training error:  tensor(0.8542, device='cuda:0', grad_fn=<DivBackward0>)
Memory status after this epoch: 
Memory allocated:  80.3720703125
Memory cached:  92.0
	 epoch  20 training error:  tensor(0.5624, device='cuda:0', grad_fn=<DivBackward0>)
Memory status after this epoch: 
Memory allocated:  80.3720703125
Memory cached:  92.0
	 epoch  30 training error:  tensor(0.1565, device='cuda:0', grad_fn=<DivBackward0>)
Memory status after this epoch: 
Memory allocated:  80.3720703125
Memory cached:  92.0
	 epoch  40 training error:  tensor(0.1579, device='cuda:0', grad_fn=<DivBackward0>)
Memory status after this epoch: 
Memory allocated:  80.3720703125
Memory cached:  92.0
	 epoch  50 training error:  tensor(0.1359, device='cuda:0', grad_fn=<DivBackward0>)
Memory status after this epoch: 
Memory allocated:  80.3720703125
Memory cached:  92.0
	 epoch  60 training error:  tensor(0.1120, device='cuda:0', grad_fn=<DivBackward0>)
Memory status after this epoch: 
Memory allocated:  80.3720703125
Memory cached:  92.0
	 epoch  70 training error:  tensor(0.0987, device='cuda:0', grad_fn=<DivBackward0>)
Memory status after this epoch: 
Memory allocated:  80.3720703125
Memory cached:  92.0
	 epoch  80 training error:  tensor(0.0940, device='cuda:0', grad_fn=<DivBackward0>)
Memory status after this epoch: 
Memory allocated:  80.3720703125
Memory cached:  92.0
	 epoch  90 training error:  tensor(0.0941, device='cuda:0', grad_fn=<DivBackward0>)
Memory status after this epoch: 
Memory allocated:  80.3720703125
Memory cached:  92.0
[I 2023-12-04 00:06:46,194] Trial 12 finished with value: 0.09685258567333221 and parameters: {'W_layers': 6, 'W_layer_units_exponent_0': 7, 'W_layer_units_exponent_1': 6, 'W_layer_units_exponent_2': 9, 'W_layer_units_exponent_3': 6, 'W_layer_units_exponent_4': 4, 'W_layer_units_exponent_5': 4, 'D_layers': 3, 'D_layer_units_exponent_0': 6, 'D_layer_units_exponent_1': 6, 'D_layer_units_exponent_2': 10, 'log_learning_rate': -3.508056811749533, 'log_learning_rate_D': -2.452029013148326, 'training_batch_size': 10, 'training_p': 2}. Best is trial 3 with value: 0.09675099700689316.
Time for this trial:  13.655061960220337
Memory status after this trial: 
Memory allocated:  97.83642578125
Memory cached:  116.0
--------------------  Trial  13   --------------------
Start timing: 
Parameters: 
{'W_layers': 8, 'W_layer_units_exponent_0': 6, 'W_layer_units_exponent_1': 5, 'W_layer_units_exponent_2': 9, 'W_layer_units_exponent_3': 6, 'W_layer_units_exponent_4': 7, 'W_layer_units_exponent_5': 7, 'W_layer_units_exponent_6': 10, 'W_layer_units_exponent_7': 6, 'D_layers': 2, 'D_layer_units_exponent_0': 8, 'D_layer_units_exponent_1': 4, 'log_learning_rate': -2.584761351394823, 'log_learning_rate_D': -1.7639776779174936, 'training_batch_size': 10, 'training_p': 7}
	 epoch  0 training error:  tensor(0.9495, device='cuda:0', grad_fn=<DivBackward0>)
Memory status after this epoch: 
Memory allocated:  83.1474609375
Memory cached:  94.0
	 epoch  10 training error:  tensor(0.1778, device='cuda:0', grad_fn=<DivBackward0>)
Memory status after this epoch: 
Memory allocated:  83.1474609375
Memory cached:  94.0
	 epoch  20 training error:  tensor(0.1729, device='cuda:0', grad_fn=<DivBackward0>)
Memory status after this epoch: 
Memory allocated:  83.1474609375
Memory cached:  94.0
	 epoch  30 training error:  tensor(0.1565, device='cuda:0', grad_fn=<DivBackward0>)
Memory status after this epoch: 
Memory allocated:  83.1474609375
Memory cached:  94.0
	 epoch  40 training error:  tensor(0.1526, device='cuda:0', grad_fn=<DivBackward0>)
Memory status after this epoch: 
Memory allocated:  83.1474609375
Memory cached:  94.0
	 epoch  50 training error:  tensor(0.1508, device='cuda:0', grad_fn=<DivBackward0>)
Memory status after this epoch: 
Memory allocated:  83.1474609375
Memory cached:  94.0
	 epoch  60 training error:  tensor(0.1504, device='cuda:0', grad_fn=<DivBackward0>)
Memory status after this epoch: 
Memory allocated:  83.1474609375
Memory cached:  94.0
	 epoch  70 training error:  tensor(0.1503, device='cuda:0', grad_fn=<DivBackward0>)
Memory status after this epoch: 
Memory allocated:  83.1474609375
Memory cached:  94.0
	 epoch  80 training error:  tensor(0.1503, device='cuda:0', grad_fn=<DivBackward0>)
Memory status after this epoch: 
Memory allocated:  83.1474609375
Memory cached:  94.0
	 epoch  90 training error:  tensor(0.1503, device='cuda:0', grad_fn=<DivBackward0>)
Memory status after this epoch: 
Memory allocated:  83.1474609375
Memory cached:  94.0
