[I 2024-02-18 08:01:31,827] Trial 194 finished with value: 0.07054571807384491 and parameters: {'W_layers': 4, 'W_layer_units_exponent_0': 5, 'W_layer_units_exponent_1': 4, 'W_layer_units_exponent_2': 9, 'W_layer_units_exponent_3': 4, 'D_layers': 7, 'D_layer_units_exponent_0': 7, 'D_layer_units_exponent_1': 10, 'D_layer_units_exponent_2': 9, 'D_layer_units_exponent_3': 4, 'D_layer_units_exponent_4': 5, 'D_layer_units_exponent_5': 5, 'D_layer_units_exponent_6': 8, 'D_dagger_layers': 7, 'D_dagger_layer_units_exponent_0': 5, 'D_dagger_layer_units_exponent_1': 10, 'D_dagger_layer_units_exponent_2': 8, 'D_dagger_layer_units_exponent_3': 8, 'D_dagger_layer_units_exponent_4': 8, 'D_dagger_layer_units_exponent_5': 4, 'D_dagger_layer_units_exponent_6': 10, 'log_learning_rate': -4.036303475782017, 'log_learning_rate_D': -4.165965830898221, 'log_learning_rate_D_dagger': -4.0082195414668655, 'training_batch_size': 6, 'training_p': 4}. Best is trial 194 with value: 0.07054571807384491.
res:  tensor(0.0705, device='cuda:0', grad_fn=<DivBackward0>)
self.bestValue:  tensor(0.0709, device='cuda:0', grad_fn=<DivBackward0>)
Save this model!
Time for this trial:  967.6708867549896
Memory status after this trial: 
Memory allocated:  1127.93408203125
Memory cached:  1658.0
--------------------  Trial  195   --------------------
Start timing: 
Parameters: 
{'W_layers': 4, 'W_layer_units_exponent_0': 5, 'W_layer_units_exponent_1': 4, 'W_layer_units_exponent_2': 9, 'W_layer_units_exponent_3': 4, 'D_layers': 7, 'D_layer_units_exponent_0': 7, 'D_layer_units_exponent_1': 10, 'D_layer_units_exponent_2': 9, 'D_layer_units_exponent_3': 4, 'D_layer_units_exponent_4': 5, 'D_layer_units_exponent_5': 5, 'D_layer_units_exponent_6': 8, 'D_dagger_layers': 7, 'D_dagger_layer_units_exponent_0': 5, 'D_dagger_layer_units_exponent_1': 10, 'D_dagger_layer_units_exponent_2': 8, 'D_dagger_layer_units_exponent_3': 8, 'D_dagger_layer_units_exponent_4': 8, 'D_dagger_layer_units_exponent_5': 4, 'D_dagger_layer_units_exponent_6': 10, 'log_learning_rate': -4.135470748076737, 'log_learning_rate_D': -4.149427063969358, 'log_learning_rate_D_dagger': -4.010085785632342, 'training_batch_size': 6, 'training_p': 4}
	 epoch  0 training error:  tensor(0.8597, device='cuda:0', grad_fn=<DivBackward0>)
Memory status after this epoch: 
Memory allocated:  1145.4267578125
Memory cached:  1646.0
	 epoch  10 training error:  tensor(0.1693, device='cuda:0', grad_fn=<DivBackward0>)
Memory status after this epoch: 
Memory allocated:  1145.4267578125
Memory cached:  1678.0
	 epoch  20 training error:  tensor(0.1104, device='cuda:0', grad_fn=<DivBackward0>)
Memory status after this epoch: 
Memory allocated:  1145.4267578125
Memory cached:  1674.0
	 epoch  30 training error:  tensor(0.1040, device='cuda:0', grad_fn=<DivBackward0>)
Memory status after this epoch: 
Memory allocated:  1145.4267578125
Memory cached:  1680.0
	 epoch  40 training error:  tensor(0.1024, device='cuda:0', grad_fn=<DivBackward0>)
Memory status after this epoch: 
Memory allocated:  1145.4267578125
Memory cached:  1670.0
	 epoch  50 training error:  tensor(0.1029, device='cuda:0', grad_fn=<DivBackward0>)
Memory status after this epoch: 
Memory allocated:  1145.4267578125
Memory cached:  1668.0
	 epoch  60 training error:  tensor(0.1024, device='cuda:0', grad_fn=<DivBackward0>)
Memory status after this epoch: 
Memory allocated:  1145.4267578125
Memory cached:  1670.0
	 epoch  70 training error:  tensor(0.1007, device='cuda:0', grad_fn=<DivBackward0>)
Memory status after this epoch: 
Memory allocated:  1145.4267578125
Memory cached:  1670.0
	 epoch  80 training error:  tensor(0.1012, device='cuda:0', grad_fn=<DivBackward0>)
Memory status after this epoch: 
Memory allocated:  1145.4267578125
Memory cached:  1670.0
	 epoch  90 training error:  tensor(0.1013, device='cuda:0', grad_fn=<DivBackward0>)
Memory status after this epoch: 
Memory allocated:  1145.4267578125
Memory cached:  1670.0
[I 2024-02-18 08:17:41,810] Trial 195 finished with value: 0.07802778482437134 and parameters: {'W_layers': 4, 'W_layer_units_exponent_0': 5, 'W_layer_units_exponent_1': 4, 'W_layer_units_exponent_2': 9, 'W_layer_units_exponent_3': 4, 'D_layers': 7, 'D_layer_units_exponent_0': 7, 'D_layer_units_exponent_1': 10, 'D_layer_units_exponent_2': 9, 'D_layer_units_exponent_3': 4, 'D_layer_units_exponent_4': 5, 'D_layer_units_exponent_5': 5, 'D_layer_units_exponent_6': 8, 'D_dagger_layers': 7, 'D_dagger_layer_units_exponent_0': 5, 'D_dagger_layer_units_exponent_1': 10, 'D_dagger_layer_units_exponent_2': 8, 'D_dagger_layer_units_exponent_3': 8, 'D_dagger_layer_units_exponent_4': 8, 'D_dagger_layer_units_exponent_5': 4, 'D_dagger_layer_units_exponent_6': 10, 'log_learning_rate': -4.135470748076737, 'log_learning_rate_D': -4.149427063969358, 'log_learning_rate_D_dagger': -4.010085785632342, 'training_batch_size': 6, 'training_p': 4}. Best is trial 194 with value: 0.07054571807384491.
Time for this trial:  969.4050290584564
Memory status after this trial: 
Memory allocated:  2255.49658203125
Memory cached:  2278.0
--------------------  Trial  196   --------------------
Start timing: 
Parameters: 
{'W_layers': 4, 'W_layer_units_exponent_0': 5, 'W_layer_units_exponent_1': 4, 'W_layer_units_exponent_2': 9, 'W_layer_units_exponent_3': 4, 'D_layers': 7, 'D_layer_units_exponent_0': 7, 'D_layer_units_exponent_1': 10, 'D_layer_units_exponent_2': 9, 'D_layer_units_exponent_3': 4, 'D_layer_units_exponent_4': 5, 'D_layer_units_exponent_5': 4, 'D_layer_units_exponent_6': 8, 'D_dagger_layers': 7, 'D_dagger_layer_units_exponent_0': 5, 'D_dagger_layer_units_exponent_1': 10, 'D_dagger_layer_units_exponent_2': 8, 'D_dagger_layer_units_exponent_3': 8, 'D_dagger_layer_units_exponent_4': 8, 'D_dagger_layer_units_exponent_5': 4, 'D_dagger_layer_units_exponent_6': 10, 'log_learning_rate': -4.023679576162097, 'log_learning_rate_D': -4.183036435570055, 'log_learning_rate_D_dagger': -3.8975178915880764, 'training_batch_size': 6, 'training_p': 4}
	 epoch  0 training error:  tensor(0.9967, device='cuda:0', grad_fn=<DivBackward0>)
Memory status after this epoch: 
Memory allocated:  1145.3564453125
Memory cached:  1644.0
	 epoch  10 training error:  tensor(0.1616, device='cuda:0', grad_fn=<DivBackward0>)
Memory status after this epoch: 
Memory allocated:  1145.3564453125
Memory cached:  1668.0
	 epoch  20 training error:  tensor(0.1052, device='cuda:0', grad_fn=<DivBackward0>)
Memory status after this epoch: 
Memory allocated:  1145.3564453125
Memory cached:  1678.0
	 epoch  30 training error:  tensor(0.1012, device='cuda:0', grad_fn=<DivBackward0>)
Memory status after this epoch: 
Memory allocated:  1145.3564453125
Memory cached:  1672.0
	 epoch  40 training error:  tensor(0.1012, device='cuda:0', grad_fn=<DivBackward0>)
Memory status after this epoch: 
Memory allocated:  1145.3564453125
Memory cached:  1672.0
	 epoch  50 training error:  tensor(0.1011, device='cuda:0', grad_fn=<DivBackward0>)
Memory status after this epoch: 
Memory allocated:  1145.3564453125
Memory cached:  1674.0
	 epoch  60 training error:  tensor(0.1000, device='cuda:0', grad_fn=<DivBackward0>)
Memory status after this epoch: 
Memory allocated:  1145.3564453125
Memory cached:  1674.0
	 epoch  70 training error:  tensor(0.1006, device='cuda:0', grad_fn=<DivBackward0>)
Memory status after this epoch: 
Memory allocated:  1145.3564453125
Memory cached:  1676.0
	 epoch  80 training error:  tensor(0.1011, device='cuda:0', grad_fn=<DivBackward0>)
Memory status after this epoch: 
Memory allocated:  1145.3564453125
Memory cached:  1676.0
	 epoch  90 training error:  tensor(0.1007, device='cuda:0', grad_fn=<DivBackward0>)
Memory status after this epoch: 
Memory allocated:  1145.3564453125
Memory cached:  1672.0
[I 2024-02-18 08:33:53,486] Trial 196 finished with value: 0.08068978786468506 and parameters: {'W_layers': 4, 'W_layer_units_exponent_0': 5, 'W_layer_units_exponent_1': 4, 'W_layer_units_exponent_2': 9, 'W_layer_units_exponent_3': 4, 'D_layers': 7, 'D_layer_units_exponent_0': 7, 'D_layer_units_exponent_1': 10, 'D_layer_units_exponent_2': 9, 'D_layer_units_exponent_3': 4, 'D_layer_units_exponent_4': 5, 'D_layer_units_exponent_5': 4, 'D_layer_units_exponent_6': 8, 'D_dagger_layers': 7, 'D_dagger_layer_units_exponent_0': 5, 'D_dagger_layer_units_exponent_1': 10, 'D_dagger_layer_units_exponent_2': 8, 'D_dagger_layer_units_exponent_3': 8, 'D_dagger_layer_units_exponent_4': 8, 'D_dagger_layer_units_exponent_5': 4, 'D_dagger_layer_units_exponent_6': 10, 'log_learning_rate': -4.023679576162097, 'log_learning_rate_D': -4.183036435570055, 'log_learning_rate_D_dagger': -3.8975178915880764, 'training_batch_size': 6, 'training_p': 4}. Best is trial 194 with value: 0.07054571807384491.
Time for this trial:  971.0420055389404
Memory status after this trial: 
Memory allocated:  2252.07763671875
Memory cached:  2274.0
--------------------  Trial  197   --------------------
Start timing: 
Parameters: 
{'W_layers': 3, 'W_layer_units_exponent_0': 5, 'W_layer_units_exponent_1': 4, 'W_layer_units_exponent_2': 9, 'D_layers': 7, 'D_layer_units_exponent_0': 7, 'D_layer_units_exponent_1': 10, 'D_layer_units_exponent_2': 9, 'D_layer_units_exponent_3': 4, 'D_layer_units_exponent_4': 4, 'D_layer_units_exponent_5': 6, 'D_layer_units_exponent_6': 7, 'D_dagger_layers': 7, 'D_dagger_layer_units_exponent_0': 5, 'D_dagger_layer_units_exponent_1': 10, 'D_dagger_layer_units_exponent_2': 9, 'D_dagger_layer_units_exponent_3': 8, 'D_dagger_layer_units_exponent_4': 8, 'D_dagger_layer_units_exponent_5': 4, 'D_dagger_layer_units_exponent_6': 10, 'log_learning_rate': -3.956863777081657, 'log_learning_rate_D': -4.3284226370055165, 'log_learning_rate_D_dagger': -4.128502298950169, 'training_batch_size': 6, 'training_p': 4}
	 epoch  0 training error:  tensor(0.9671, device='cuda:0', grad_fn=<DivBackward0>)
Memory status after this epoch: 
Memory allocated:  1150.3017578125
Memory cached:  1644.0
	 epoch  10 training error:  tensor(0.1855, device='cuda:0', grad_fn=<DivBackward0>)
Memory status after this epoch: 
Memory allocated:  1150.3017578125
Memory cached:  1682.0
	 epoch  20 training error:  tensor(0.1158, device='cuda:0', grad_fn=<DivBackward0>)
Memory status after this epoch: 
Memory allocated:  1150.3017578125
Memory cached:  1672.0
	 epoch  30 training error:  tensor(0.1043, device='cuda:0', grad_fn=<DivBackward0>)
Memory status after this epoch: 
Memory allocated:  1150.3017578125
Memory cached:  1680.0
	 epoch  40 training error:  tensor(0.1029, device='cuda:0', grad_fn=<DivBackward0>)
Memory status after this epoch: 
Memory allocated:  1150.3017578125
Memory cached:  1676.0
	 epoch  50 training error:  tensor(0.1015, device='cuda:0', grad_fn=<DivBackward0>)
Memory status after this epoch: 
Memory allocated:  1150.3017578125
Memory cached:  1686.0
	 epoch  60 training error:  tensor(0.1007, device='cuda:0', grad_fn=<DivBackward0>)
Memory status after this epoch: 
Memory allocated:  1150.3017578125
Memory cached:  1682.0
	 epoch  70 training error:  tensor(0.1030, device='cuda:0', grad_fn=<DivBackward0>)
Memory status after this epoch: 
Memory allocated:  1150.3017578125
Memory cached:  1678.0
	 epoch  80 training error:  tensor(0.0968, device='cuda:0', grad_fn=<DivBackward0>)
Memory status after this epoch: 
Memory allocated:  1150.3017578125
Memory cached:  1680.0
	 epoch  90 training error:  tensor(0.0926, device='cuda:0', grad_fn=<DivBackward0>)
Memory status after this epoch: 
Memory allocated:  1150.3017578125
Memory cached:  1676.0
[I 2024-02-18 08:49:17,111] Trial 197 finished with value: 0.07433687895536423 and parameters: {'W_layers': 3, 'W_layer_units_exponent_0': 5, 'W_layer_units_exponent_1': 4, 'W_layer_units_exponent_2': 9, 'D_layers': 7, 'D_layer_units_exponent_0': 7, 'D_layer_units_exponent_1': 10, 'D_layer_units_exponent_2': 9, 'D_layer_units_exponent_3': 4, 'D_layer_units_exponent_4': 4, 'D_layer_units_exponent_5': 6, 'D_layer_units_exponent_6': 7, 'D_dagger_layers': 7, 'D_dagger_layer_units_exponent_0': 5, 'D_dagger_layer_units_exponent_1': 10, 'D_dagger_layer_units_exponent_2': 9, 'D_dagger_layer_units_exponent_3': 8, 'D_dagger_layer_units_exponent_4': 8, 'D_dagger_layer_units_exponent_5': 4, 'D_dagger_layer_units_exponent_6': 10, 'log_learning_rate': -3.956863777081657, 'log_learning_rate_D': -4.3284226370055165, 'log_learning_rate_D_dagger': -4.128502298950169, 'training_batch_size': 6, 'training_p': 4}. Best is trial 194 with value: 0.07054571807384491.
Time for this trial:  923.0148000717163
Memory status after this trial: 
Memory allocated:  2274.24755859375
Memory cached:  2290.0
--------------------  Trial  198   --------------------
Start timing: 
Parameters: 
{'W_layers': 4, 'W_layer_units_exponent_0': 5, 'W_layer_units_exponent_1': 4, 'W_layer_units_exponent_2': 9, 'W_layer_units_exponent_3': 4, 'D_layers': 6, 'D_layer_units_exponent_0': 7, 'D_layer_units_exponent_1': 10, 'D_layer_units_exponent_2': 9, 'D_layer_units_exponent_3': 4, 'D_layer_units_exponent_4': 5, 'D_layer_units_exponent_5': 4, 'D_dagger_layers': 7, 'D_dagger_layer_units_exponent_0': 5, 'D_dagger_layer_units_exponent_1': 10, 'D_dagger_layer_units_exponent_2': 8, 'D_dagger_layer_units_exponent_3': 9, 'D_dagger_layer_units_exponent_4': 8, 'D_dagger_layer_units_exponent_5': 4, 'D_dagger_layer_units_exponent_6': 7, 'log_learning_rate': -3.7944828671294037, 'log_learning_rate_D': -4.251236482241608, 'log_learning_rate_D_dagger': -4.431563966125962, 'training_batch_size': 6, 'training_p': 7}
	 epoch  0 training error:  tensor(0.7891, device='cuda:0', grad_fn=<DivBackward0>)
Memory status after this epoch: 
Memory allocated:  1147.0458984375
Memory cached:  1636.0
	 epoch  10 training error:  tensor(0.2072, device='cuda:0', grad_fn=<DivBackward0>)
Memory status after this epoch: 
Memory allocated:  1147.0458984375
Memory cached:  1630.0
	 epoch  20 training error:  tensor(0.1550, device='cuda:0', grad_fn=<DivBackward0>)
Memory status after this epoch: 
Memory allocated:  1147.0458984375
Memory cached:  1632.0
	 epoch  30 training error:  tensor(0.1299, device='cuda:0', grad_fn=<DivBackward0>)
Memory status after this epoch: 
Memory allocated:  1147.0458984375
Memory cached:  1628.0
	 epoch  40 training error:  tensor(0.1202, device='cuda:0', grad_fn=<DivBackward0>)
Memory status after this epoch: 
Memory allocated:  1147.0458984375
Memory cached:  1626.0
	 epoch  50 training error:  tensor(0.1142, device='cuda:0', grad_fn=<DivBackward0>)
Memory status after this epoch: 
Memory allocated:  1147.0458984375
Memory cached:  1628.0
	 epoch  60 training error:  tensor(0.1068, device='cuda:0', grad_fn=<DivBackward0>)
Memory status after this epoch: 
Memory allocated:  1147.0458984375
Memory cached:  1626.0
	 epoch  70 training error:  tensor(0.1056, device='cuda:0', grad_fn=<DivBackward0>)
Memory status after this epoch: 
Memory allocated:  1147.0458984375
Memory cached:  1636.0
	 epoch  80 training error:  tensor(0.1043, device='cuda:0', grad_fn=<DivBackward0>)
Memory status after this epoch: 
Memory allocated:  1147.0458984375
Memory cached:  1628.0
	 epoch  90 training error:  tensor(0.1039, device='cuda:0', grad_fn=<DivBackward0>)
Memory status after this epoch: 
Memory allocated:  1147.0458984375
Memory cached:  1632.0
[I 2024-02-18 09:04:43,588] Trial 198 finished with value: 0.0751025453209877 and parameters: {'W_layers': 4, 'W_layer_units_exponent_0': 5, 'W_layer_units_exponent_1': 4, 'W_layer_units_exponent_2': 9, 'W_layer_units_exponent_3': 4, 'D_layers': 6, 'D_layer_units_exponent_0': 7, 'D_layer_units_exponent_1': 10, 'D_layer_units_exponent_2': 9, 'D_layer_units_exponent_3': 4, 'D_layer_units_exponent_4': 5, 'D_layer_units_exponent_5': 4, 'D_dagger_layers': 7, 'D_dagger_layer_units_exponent_0': 5, 'D_dagger_layer_units_exponent_1': 10, 'D_dagger_layer_units_exponent_2': 8, 'D_dagger_layer_units_exponent_3': 9, 'D_dagger_layer_units_exponent_4': 8, 'D_dagger_layer_units_exponent_5': 4, 'D_dagger_layer_units_exponent_6': 7, 'log_learning_rate': -3.7944828671294037, 'log_learning_rate_D': -4.251236482241608, 'log_learning_rate_D_dagger': -4.431563966125962, 'training_batch_size': 6, 'training_p': 7}. Best is trial 194 with value: 0.07054571807384491.
Time for this trial:  925.8149926662445
Memory status after this trial: 
Memory allocated:  2096.65771484375
Memory cached:  2118.0
--------------------  Trial  199   --------------------
Start timing: 
Parameters: 
{'W_layers': 4, 'W_layer_units_exponent_0': 5, 'W_layer_units_exponent_1': 4, 'W_layer_units_exponent_2': 9, 'W_layer_units_exponent_3': 4, 'D_layers': 7, 'D_layer_units_exponent_0': 7, 'D_layer_units_exponent_1': 10, 'D_layer_units_exponent_2': 9, 'D_layer_units_exponent_3': 4, 'D_layer_units_exponent_4': 5, 'D_layer_units_exponent_5': 5, 'D_layer_units_exponent_6': 8, 'D_dagger_layers': 7, 'D_dagger_layer_units_exponent_0': 5, 'D_dagger_layer_units_exponent_1': 10, 'D_dagger_layer_units_exponent_2': 8, 'D_dagger_layer_units_exponent_3': 8, 'D_dagger_layer_units_exponent_4': 8, 'D_dagger_layer_units_exponent_5': 4, 'D_dagger_layer_units_exponent_6': 10, 'log_learning_rate': -4.124379685580704, 'log_learning_rate_D': -3.9783835313884834, 'log_learning_rate_D_dagger': -3.973182754960983, 'training_batch_size': 6, 'training_p': 5}
	 epoch  0 training error:  tensor(0.9201, device='cuda:0', grad_fn=<DivBackward0>)
Memory status after this epoch: 
Memory allocated:  1145.4267578125
Memory cached:  1654.0
	 epoch  10 training error:  tensor(0.1677, device='cuda:0', grad_fn=<DivBackward0>)
Memory status after this epoch: 
Memory allocated:  1145.4267578125
Memory cached:  1670.0
	 epoch  20 training error:  tensor(0.1174, device='cuda:0', grad_fn=<DivBackward0>)
Memory status after this epoch: 
Memory allocated:  1145.4267578125
Memory cached:  1674.0
	 epoch  30 training error:  tensor(0.1064, device='cuda:0', grad_fn=<DivBackward0>)
Memory status after this epoch: 
Memory allocated:  1145.4267578125
Memory cached:  1672.0
	 epoch  40 training error:  tensor(0.1011, device='cuda:0', grad_fn=<DivBackward0>)
Memory status after this epoch: 
Memory allocated:  1145.4267578125
Memory cached:  1672.0
	 epoch  50 training error:  tensor(0.0995, device='cuda:0', grad_fn=<DivBackward0>)
Memory status after this epoch: 
Memory allocated:  1145.4267578125
Memory cached:  1666.0
	 epoch  60 training error:  tensor(0.0973, device='cuda:0', grad_fn=<DivBackward0>)
Memory status after this epoch: 
Memory allocated:  1145.4267578125
Memory cached:  1676.0
	 epoch  70 training error:  tensor(0.0983, device='cuda:0', grad_fn=<DivBackward0>)
Memory status after this epoch: 
Memory allocated:  1145.4267578125
Memory cached:  1664.0
	 epoch  80 training error:  tensor(0.0961, device='cuda:0', grad_fn=<DivBackward0>)
Memory status after this epoch: 
Memory allocated:  1145.4267578125
Memory cached:  1676.0
	 epoch  90 training error:  tensor(0.0964, device='cuda:0', grad_fn=<DivBackward0>)
Memory status after this epoch: 
Memory allocated:  1145.4267578125
Memory cached:  1670.0
