[I 2024-01-02 03:17:34,373] Trial 239 finished with value: 0.3309036195278168 and parameters: {'W_layers': 7, 'W_layer_units_exponent_0': 9, 'W_layer_units_exponent_1': 9, 'W_layer_units_exponent_2': 6, 'W_layer_units_exponent_3': 7, 'W_layer_units_exponent_4': 7, 'W_layer_units_exponent_5': 9, 'W_layer_units_exponent_6': 10, 'D_layers': 7, 'D_layer_units_exponent_0': 9, 'D_layer_units_exponent_1': 6, 'D_layer_units_exponent_2': 8, 'D_layer_units_exponent_3': 8, 'D_layer_units_exponent_4': 5, 'D_layer_units_exponent_5': 5, 'D_layer_units_exponent_6': 8, 'D_dagger_layers': 4, 'D_dagger_layer_units_exponent_0': 8, 'D_dagger_layer_units_exponent_1': 10, 'D_dagger_layer_units_exponent_2': 10, 'D_dagger_layer_units_exponent_3': 5, 'log_learning_rate': -3.234617579100867, 'log_learning_rate_D': -1.26216782053967, 'log_learning_rate_D_dagger': -2.9267339808388395, 'training_batch_size': 10, 'training_p': 2}. Best is trial 143 with value: 0.325590580701828.
Time for this trial:  23.10632634162903
Memory status after this trial: 
Memory allocated:  500.27001953125
Memory cached:  538.0
--------------------  Trial  240   --------------------
Start timing: 
Parameters: 
{'W_layers': 6, 'W_layer_units_exponent_0': 6, 'W_layer_units_exponent_1': 9, 'W_layer_units_exponent_2': 4, 'W_layer_units_exponent_3': 9, 'W_layer_units_exponent_4': 7, 'W_layer_units_exponent_5': 6, 'D_layers': 7, 'D_layer_units_exponent_0': 9, 'D_layer_units_exponent_1': 9, 'D_layer_units_exponent_2': 8, 'D_layer_units_exponent_3': 8, 'D_layer_units_exponent_4': 5, 'D_layer_units_exponent_5': 5, 'D_layer_units_exponent_6': 5, 'D_dagger_layers': 4, 'D_dagger_layer_units_exponent_0': 8, 'D_dagger_layer_units_exponent_1': 9, 'D_dagger_layer_units_exponent_2': 6, 'D_dagger_layer_units_exponent_3': 4, 'log_learning_rate': -4.021531752138949, 'log_learning_rate_D': -1.6939154352581067, 'log_learning_rate_D_dagger': -3.883010091391465, 'training_batch_size': 6, 'training_p': 2}
	 epoch  0 training error:  tensor(0.9127, device='cuda:0', grad_fn=<DivBackward0>)
Memory status after this epoch: 
Memory allocated:  213.3779296875
Memory cached:  226.0
	 epoch  10 training error:  tensor(0.3131, device='cuda:0', grad_fn=<DivBackward0>)
Memory status after this epoch: 
Memory allocated:  213.3779296875
Memory cached:  226.0
	 epoch  20 training error:  tensor(0.2947, device='cuda:0', grad_fn=<DivBackward0>)
Memory status after this epoch: 
Memory allocated:  213.3779296875
Memory cached:  226.0
	 epoch  30 training error:  tensor(0.2873, device='cuda:0', grad_fn=<DivBackward0>)
Memory status after this epoch: 
Memory allocated:  213.3779296875
Memory cached:  226.0
	 epoch  40 training error:  tensor(0.2891, device='cuda:0', grad_fn=<DivBackward0>)
Memory status after this epoch: 
Memory allocated:  213.3779296875
Memory cached:  226.0
	 epoch  50 training error:  tensor(0.2895, device='cuda:0', grad_fn=<DivBackward0>)
Memory status after this epoch: 
Memory allocated:  213.3779296875
Memory cached:  226.0
	 epoch  60 training error:  tensor(0.2864, device='cuda:0', grad_fn=<DivBackward0>)
Memory status after this epoch: 
Memory allocated:  213.3779296875
Memory cached:  226.0
	 epoch  70 training error:  tensor(0.2848, device='cuda:0', grad_fn=<DivBackward0>)
Memory status after this epoch: 
Memory allocated:  213.3779296875
Memory cached:  226.0
	 epoch  80 training error:  tensor(0.2869, device='cuda:0', grad_fn=<DivBackward0>)
Memory status after this epoch: 
Memory allocated:  213.3779296875
Memory cached:  226.0
	 epoch  90 training error:  tensor(0.2865, device='cuda:0', grad_fn=<DivBackward0>)
Memory status after this epoch: 
Memory allocated:  213.3779296875
Memory cached:  226.0
[I 2024-01-02 03:17:57,824] Trial 240 finished with value: 0.3277936577796936 and parameters: {'W_layers': 6, 'W_layer_units_exponent_0': 6, 'W_layer_units_exponent_1': 9, 'W_layer_units_exponent_2': 4, 'W_layer_units_exponent_3': 9, 'W_layer_units_exponent_4': 7, 'W_layer_units_exponent_5': 6, 'D_layers': 7, 'D_layer_units_exponent_0': 9, 'D_layer_units_exponent_1': 9, 'D_layer_units_exponent_2': 8, 'D_layer_units_exponent_3': 8, 'D_layer_units_exponent_4': 5, 'D_layer_units_exponent_5': 5, 'D_layer_units_exponent_6': 5, 'D_dagger_layers': 4, 'D_dagger_layer_units_exponent_0': 8, 'D_dagger_layer_units_exponent_1': 9, 'D_dagger_layer_units_exponent_2': 6, 'D_dagger_layer_units_exponent_3': 4, 'log_learning_rate': -4.021531752138949, 'log_learning_rate_D': -1.6939154352581067, 'log_learning_rate_D_dagger': -3.883010091391465, 'training_batch_size': 6, 'training_p': 2}. Best is trial 143 with value: 0.325590580701828.
Time for this trial:  23.012565851211548
Memory status after this trial: 
Memory allocated:  325.16162109375
Memory cached:  342.0
--------------------  Trial  241   --------------------
Start timing: 
Parameters: 
{'W_layers': 6, 'W_layer_units_exponent_0': 6, 'W_layer_units_exponent_1': 9, 'W_layer_units_exponent_2': 4, 'W_layer_units_exponent_3': 9, 'W_layer_units_exponent_4': 7, 'W_layer_units_exponent_5': 5, 'D_layers': 7, 'D_layer_units_exponent_0': 7, 'D_layer_units_exponent_1': 8, 'D_layer_units_exponent_2': 7, 'D_layer_units_exponent_3': 8, 'D_layer_units_exponent_4': 5, 'D_layer_units_exponent_5': 5, 'D_layer_units_exponent_6': 9, 'D_dagger_layers': 5, 'D_dagger_layer_units_exponent_0': 9, 'D_dagger_layer_units_exponent_1': 10, 'D_dagger_layer_units_exponent_2': 10, 'D_dagger_layer_units_exponent_3': 4, 'D_dagger_layer_units_exponent_4': 4, 'log_learning_rate': -3.3405152847405564, 'log_learning_rate_D': -3.4262052839330552, 'log_learning_rate_D_dagger': -3.9453043160536283, 'training_batch_size': 10, 'training_p': 2}
	 epoch  0 training error:  tensor(1.0574, device='cuda:0', grad_fn=<DivBackward0>)
Memory status after this epoch: 
Memory allocated:  234.16796875
Memory cached:  254.0
	 epoch  10 training error:  tensor(0.3667, device='cuda:0', grad_fn=<DivBackward0>)
Memory status after this epoch: 
Memory allocated:  234.16796875
Memory cached:  256.0
	 epoch  20 training error:  tensor(0.3091, device='cuda:0', grad_fn=<DivBackward0>)
Memory status after this epoch: 
Memory allocated:  234.16796875
Memory cached:  256.0
	 epoch  30 training error:  tensor(0.2938, device='cuda:0', grad_fn=<DivBackward0>)
Memory status after this epoch: 
Memory allocated:  234.16796875
Memory cached:  256.0
	 epoch  40 training error:  tensor(0.2929, device='cuda:0', grad_fn=<DivBackward0>)
Memory status after this epoch: 
Memory allocated:  234.16796875
Memory cached:  256.0
	 epoch  50 training error:  tensor(0.2863, device='cuda:0', grad_fn=<DivBackward0>)
Memory status after this epoch: 
Memory allocated:  234.16796875
Memory cached:  256.0
	 epoch  60 training error:  tensor(0.2862, device='cuda:0', grad_fn=<DivBackward0>)
Memory status after this epoch: 
Memory allocated:  234.16796875
Memory cached:  256.0
	 epoch  70 training error:  tensor(0.2847, device='cuda:0', grad_fn=<DivBackward0>)
Memory status after this epoch: 
Memory allocated:  234.16796875
Memory cached:  256.0
	 epoch  80 training error:  tensor(0.2844, device='cuda:0', grad_fn=<DivBackward0>)
Memory status after this epoch: 
Memory allocated:  234.16796875
Memory cached:  256.0
	 epoch  90 training error:  tensor(0.2911, device='cuda:0', grad_fn=<DivBackward0>)
Memory status after this epoch: 
Memory allocated:  234.16796875
Memory cached:  256.0
[I 2024-01-02 03:18:21,046] Trial 241 finished with value: 0.3303631842136383 and parameters: {'W_layers': 6, 'W_layer_units_exponent_0': 6, 'W_layer_units_exponent_1': 9, 'W_layer_units_exponent_2': 4, 'W_layer_units_exponent_3': 9, 'W_layer_units_exponent_4': 7, 'W_layer_units_exponent_5': 5, 'D_layers': 7, 'D_layer_units_exponent_0': 7, 'D_layer_units_exponent_1': 8, 'D_layer_units_exponent_2': 7, 'D_layer_units_exponent_3': 8, 'D_layer_units_exponent_4': 5, 'D_layer_units_exponent_5': 5, 'D_layer_units_exponent_6': 9, 'D_dagger_layers': 5, 'D_dagger_layer_units_exponent_0': 9, 'D_dagger_layer_units_exponent_1': 10, 'D_dagger_layer_units_exponent_2': 10, 'D_dagger_layer_units_exponent_3': 4, 'D_dagger_layer_units_exponent_4': 4, 'log_learning_rate': -3.3405152847405564, 'log_learning_rate_D': -3.4262052839330552, 'log_learning_rate_D_dagger': -3.9453043160536283, 'training_batch_size': 10, 'training_p': 2}. Best is trial 143 with value: 0.325590580701828.
Time for this trial:  22.768446683883667
Memory status after this trial: 
Memory allocated:  430.31494140625
Memory cached:  454.0
--------------------  Trial  242   --------------------
Start timing: 
Parameters: 
{'W_layers': 7, 'W_layer_units_exponent_0': 6, 'W_layer_units_exponent_1': 9, 'W_layer_units_exponent_2': 4, 'W_layer_units_exponent_3': 9, 'W_layer_units_exponent_4': 7, 'W_layer_units_exponent_5': 5, 'W_layer_units_exponent_6': 10, 'D_layers': 7, 'D_layer_units_exponent_0': 9, 'D_layer_units_exponent_1': 9, 'D_layer_units_exponent_2': 7, 'D_layer_units_exponent_3': 8, 'D_layer_units_exponent_4': 5, 'D_layer_units_exponent_5': 5, 'D_layer_units_exponent_6': 7, 'D_dagger_layers': 4, 'D_dagger_layer_units_exponent_0': 8, 'D_dagger_layer_units_exponent_1': 10, 'D_dagger_layer_units_exponent_2': 8, 'D_dagger_layer_units_exponent_3': 4, 'log_learning_rate': -3.4065387255121684, 'log_learning_rate_D': -1.448676582496414, 'log_learning_rate_D_dagger': -3.944928266253129, 'training_batch_size': 10, 'training_p': 2}
	 epoch  0 training error:  tensor(0.9626, device='cuda:0', grad_fn=<DivBackward0>)
Memory status after this epoch: 
Memory allocated:  219.06201171875
Memory cached:  232.0
	 epoch  10 training error:  tensor(0.3397, device='cuda:0', grad_fn=<DivBackward0>)
Memory status after this epoch: 
Memory allocated:  219.06201171875
Memory cached:  238.0
	 epoch  20 training error:  tensor(0.3070, device='cuda:0', grad_fn=<DivBackward0>)
Memory status after this epoch: 
Memory allocated:  219.06201171875
Memory cached:  238.0
	 epoch  30 training error:  tensor(0.2943, device='cuda:0', grad_fn=<DivBackward0>)
Memory status after this epoch: 
Memory allocated:  219.06201171875
Memory cached:  238.0
	 epoch  40 training error:  tensor(0.2981, device='cuda:0', grad_fn=<DivBackward0>)
Memory status after this epoch: 
Memory allocated:  219.06201171875
Memory cached:  238.0
	 epoch  50 training error:  tensor(0.2967, device='cuda:0', grad_fn=<DivBackward0>)
Memory status after this epoch: 
Memory allocated:  219.06201171875
Memory cached:  238.0
	 epoch  60 training error:  tensor(0.2950, device='cuda:0', grad_fn=<DivBackward0>)
Memory status after this epoch: 
Memory allocated:  219.06201171875
Memory cached:  238.0
	 epoch  70 training error:  tensor(0.2869, device='cuda:0', grad_fn=<DivBackward0>)
Memory status after this epoch: 
Memory allocated:  219.06201171875
Memory cached:  238.0
	 epoch  80 training error:  tensor(0.2873, device='cuda:0', grad_fn=<DivBackward0>)
Memory status after this epoch: 
Memory allocated:  219.06201171875
Memory cached:  238.0
	 epoch  90 training error:  tensor(0.2841, device='cuda:0', grad_fn=<DivBackward0>)
Memory status after this epoch: 
Memory allocated:  219.06201171875
Memory cached:  238.0
[I 2024-01-02 03:18:43,835] Trial 242 finished with value: 0.3262340724468231 and parameters: {'W_layers': 7, 'W_layer_units_exponent_0': 6, 'W_layer_units_exponent_1': 9, 'W_layer_units_exponent_2': 4, 'W_layer_units_exponent_3': 9, 'W_layer_units_exponent_4': 7, 'W_layer_units_exponent_5': 5, 'W_layer_units_exponent_6': 10, 'D_layers': 7, 'D_layer_units_exponent_0': 9, 'D_layer_units_exponent_1': 9, 'D_layer_units_exponent_2': 7, 'D_layer_units_exponent_3': 8, 'D_layer_units_exponent_4': 5, 'D_layer_units_exponent_5': 5, 'D_layer_units_exponent_6': 7, 'D_dagger_layers': 4, 'D_dagger_layer_units_exponent_0': 8, 'D_dagger_layer_units_exponent_1': 10, 'D_dagger_layer_units_exponent_2': 8, 'D_dagger_layer_units_exponent_3': 4, 'log_learning_rate': -3.4065387255121684, 'log_learning_rate_D': -1.448676582496414, 'log_learning_rate_D_dagger': -3.944928266253129, 'training_batch_size': 10, 'training_p': 2}. Best is trial 143 with value: 0.325590580701828.
res:  tensor(0.3262, device='cuda:0', grad_fn=<DivBackward0>)
self.bestValue:  tensor(0.3264, device='cuda:0', grad_fn=<DivBackward0>)
Save this model!
Time for this trial:  22.308327436447144
Memory status after this trial: 
Memory allocated:  206.6650390625
Memory cached:  260.0
--------------------  Trial  243   --------------------
Start timing: 
Parameters: 
{'W_layers': 7, 'W_layer_units_exponent_0': 6, 'W_layer_units_exponent_1': 9, 'W_layer_units_exponent_2': 4, 'W_layer_units_exponent_3': 9, 'W_layer_units_exponent_4': 7, 'W_layer_units_exponent_5': 5, 'W_layer_units_exponent_6': 10, 'D_layers': 7, 'D_layer_units_exponent_0': 9, 'D_layer_units_exponent_1': 9, 'D_layer_units_exponent_2': 7, 'D_layer_units_exponent_3': 8, 'D_layer_units_exponent_4': 5, 'D_layer_units_exponent_5': 5, 'D_layer_units_exponent_6': 7, 'D_dagger_layers': 4, 'D_dagger_layer_units_exponent_0': 8, 'D_dagger_layer_units_exponent_1': 10, 'D_dagger_layer_units_exponent_2': 8, 'D_dagger_layer_units_exponent_3': 4, 'log_learning_rate': -3.606859502982104, 'log_learning_rate_D': -1.4849991593979508, 'log_learning_rate_D_dagger': -3.8389850575151647, 'training_batch_size': 10, 'training_p': 2}
	 epoch  0 training error:  tensor(0.9906, device='cuda:0', grad_fn=<DivBackward0>)
Memory status after this epoch: 
Memory allocated:  218.59326171875
Memory cached:  260.0
	 epoch  10 training error:  tensor(0.3130, device='cuda:0', grad_fn=<DivBackward0>)
Memory status after this epoch: 
Memory allocated:  218.59326171875
Memory cached:  262.0
	 epoch  20 training error:  tensor(0.3138, device='cuda:0', grad_fn=<DivBackward0>)
Memory status after this epoch: 
Memory allocated:  218.59326171875
Memory cached:  262.0
	 epoch  30 training error:  tensor(0.2891, device='cuda:0', grad_fn=<DivBackward0>)
Memory status after this epoch: 
Memory allocated:  218.59326171875
Memory cached:  262.0
	 epoch  40 training error:  tensor(0.2867, device='cuda:0', grad_fn=<DivBackward0>)
Memory status after this epoch: 
Memory allocated:  218.59326171875
Memory cached:  260.0
	 epoch  50 training error:  tensor(0.2859, device='cuda:0', grad_fn=<DivBackward0>)
Memory status after this epoch: 
Memory allocated:  218.59326171875
Memory cached:  262.0
	 epoch  60 training error:  tensor(0.2859, device='cuda:0', grad_fn=<DivBackward0>)
Memory status after this epoch: 
Memory allocated:  218.59326171875
Memory cached:  260.0
	 epoch  70 training error:  tensor(0.2856, device='cuda:0', grad_fn=<DivBackward0>)
Memory status after this epoch: 
Memory allocated:  218.59326171875
Memory cached:  262.0
	 epoch  80 training error:  tensor(0.2865, device='cuda:0', grad_fn=<DivBackward0>)
Memory status after this epoch: 
Memory allocated:  218.59326171875
Memory cached:  260.0
	 epoch  90 training error:  tensor(0.2842, device='cuda:0', grad_fn=<DivBackward0>)
Memory status after this epoch: 
Memory allocated:  218.59326171875
Memory cached:  262.0
[I 2024-01-02 03:19:06,475] Trial 243 finished with value: 0.326667845249176 and parameters: {'W_layers': 7, 'W_layer_units_exponent_0': 6, 'W_layer_units_exponent_1': 9, 'W_layer_units_exponent_2': 4, 'W_layer_units_exponent_3': 9, 'W_layer_units_exponent_4': 7, 'W_layer_units_exponent_5': 5, 'W_layer_units_exponent_6': 10, 'D_layers': 7, 'D_layer_units_exponent_0': 9, 'D_layer_units_exponent_1': 9, 'D_layer_units_exponent_2': 7, 'D_layer_units_exponent_3': 8, 'D_layer_units_exponent_4': 5, 'D_layer_units_exponent_5': 5, 'D_layer_units_exponent_6': 7, 'D_dagger_layers': 4, 'D_dagger_layer_units_exponent_0': 8, 'D_dagger_layer_units_exponent_1': 10, 'D_dagger_layer_units_exponent_2': 8, 'D_dagger_layer_units_exponent_3': 4, 'log_learning_rate': -3.606859502982104, 'log_learning_rate_D': -1.4849991593979508, 'log_learning_rate_D_dagger': -3.8389850575151647, 'training_batch_size': 10, 'training_p': 2}. Best is trial 143 with value: 0.325590580701828.
Time for this trial:  22.219179391860962
Memory status after this trial: 
Memory allocated:  413.67529296875
Memory cached:  438.0
--------------------  Trial  244   --------------------
Start timing: 
Parameters: 
{'W_layers': 7, 'W_layer_units_exponent_0': 6, 'W_layer_units_exponent_1': 9, 'W_layer_units_exponent_2': 4, 'W_layer_units_exponent_3': 9, 'W_layer_units_exponent_4': 7, 'W_layer_units_exponent_5': 5, 'W_layer_units_exponent_6': 10, 'D_layers': 7, 'D_layer_units_exponent_0': 9, 'D_layer_units_exponent_1': 9, 'D_layer_units_exponent_2': 7, 'D_layer_units_exponent_3': 8, 'D_layer_units_exponent_4': 5, 'D_layer_units_exponent_5': 5, 'D_layer_units_exponent_6': 7, 'D_dagger_layers': 4, 'D_dagger_layer_units_exponent_0': 8, 'D_dagger_layer_units_exponent_1': 10, 'D_dagger_layer_units_exponent_2': 8, 'D_dagger_layer_units_exponent_3': 4, 'log_learning_rate': -3.618946611435719, 'log_learning_rate_D': -1.3925815951772833, 'log_learning_rate_D_dagger': -3.8235122798272845, 'training_batch_size': 10, 'training_p': 2}
	 epoch  0 training error:  tensor(1.0028, device='cuda:0', grad_fn=<DivBackward0>)
Memory status after this epoch: 
Memory allocated:  218.59326171875
Memory cached:  260.0
	 epoch  10 training error:  tensor(0.3216, device='cuda:0', grad_fn=<DivBackward0>)
Memory status after this epoch: 
Memory allocated:  218.59326171875
Memory cached:  262.0
	 epoch  20 training error:  tensor(0.3051, device='cuda:0', grad_fn=<DivBackward0>)
Memory status after this epoch: 
Memory allocated:  218.59326171875
Memory cached:  262.0
	 epoch  30 training error:  tensor(0.3032, device='cuda:0', grad_fn=<DivBackward0>)
Memory status after this epoch: 
Memory allocated:  218.59326171875
Memory cached:  262.0
	 epoch  40 training error:  tensor(0.2890, device='cuda:0', grad_fn=<DivBackward0>)
Memory status after this epoch: 
Memory allocated:  218.59326171875
Memory cached:  260.0
	 epoch  50 training error:  tensor(0.2858, device='cuda:0', grad_fn=<DivBackward0>)
Memory status after this epoch: 
Memory allocated:  218.59326171875
Memory cached:  262.0
	 epoch  60 training error:  tensor(0.2845, device='cuda:0', grad_fn=<DivBackward0>)
Memory status after this epoch: 
Memory allocated:  218.59326171875
Memory cached:  260.0
	 epoch  70 training error:  tensor(0.2883, device='cuda:0', grad_fn=<DivBackward0>)
Memory status after this epoch: 
Memory allocated:  218.59326171875
Memory cached:  262.0
	 epoch  80 training error:  tensor(0.2844, device='cuda:0', grad_fn=<DivBackward0>)
Memory status after this epoch: 
Memory allocated:  218.59326171875
Memory cached:  260.0
	 epoch  90 training error:  tensor(0.2832, device='cuda:0', grad_fn=<DivBackward0>)
Memory status after this epoch: 
Memory allocated:  218.59326171875
Memory cached:  262.0
