[I 2024-01-26 03:25:39,135] Trial 438 finished with value: 0.5559905767440796 and parameters: {'W_layers': 8, 'W_layer_units_exponent_0': 4, 'W_layer_units_exponent_1': 4, 'W_layer_units_exponent_2': 6, 'W_layer_units_exponent_3': 6, 'W_layer_units_exponent_4': 10, 'W_layer_units_exponent_5': 8, 'W_layer_units_exponent_6': 10, 'W_layer_units_exponent_7': 10, 'D_layers': 7, 'D_layer_units_exponent_0': 9, 'D_layer_units_exponent_1': 7, 'D_layer_units_exponent_2': 5, 'D_layer_units_exponent_3': 8, 'D_layer_units_exponent_4': 10, 'D_layer_units_exponent_5': 7, 'D_layer_units_exponent_6': 8, 'D_dagger_layers': 7, 'D_dagger_layer_units_exponent_0': 8, 'D_dagger_layer_units_exponent_1': 10, 'D_dagger_layer_units_exponent_2': 5, 'D_dagger_layer_units_exponent_3': 4, 'D_dagger_layer_units_exponent_4': 10, 'D_dagger_layer_units_exponent_5': 8, 'D_dagger_layer_units_exponent_6': 6, 'log_learning_rate': -3.705095147856304, 'log_learning_rate_D': -1.4599658013994374, 'log_learning_rate_D_dagger': -4.828493435142421, 'training_batch_size': 6, 'training_p': 6}. Best is trial 332 with value: 0.05854595825076103.
Time for this trial:  699.9293801784515
Memory status after this trial: 
Memory allocated:  1627.63330078125
Memory cached:  1646.0
--------------------  Trial  439   --------------------
Start timing: 
Parameters: 
{'W_layers': 8, 'W_layer_units_exponent_0': 4, 'W_layer_units_exponent_1': 4, 'W_layer_units_exponent_2': 6, 'W_layer_units_exponent_3': 6, 'W_layer_units_exponent_4': 10, 'W_layer_units_exponent_5': 4, 'W_layer_units_exponent_6': 10, 'W_layer_units_exponent_7': 10, 'D_layers': 7, 'D_layer_units_exponent_0': 8, 'D_layer_units_exponent_1': 7, 'D_layer_units_exponent_2': 5, 'D_layer_units_exponent_3': 9, 'D_layer_units_exponent_4': 6, 'D_layer_units_exponent_5': 8, 'D_layer_units_exponent_6': 9, 'D_dagger_layers': 8, 'D_dagger_layer_units_exponent_0': 8, 'D_dagger_layer_units_exponent_1': 10, 'D_dagger_layer_units_exponent_2': 5, 'D_dagger_layer_units_exponent_3': 4, 'D_dagger_layer_units_exponent_4': 9, 'D_dagger_layer_units_exponent_5': 10, 'D_dagger_layer_units_exponent_6': 4, 'D_dagger_layer_units_exponent_7': 4, 'log_learning_rate': -3.8154997846829986, 'log_learning_rate_D': -3.6207829974856836, 'log_learning_rate_D_dagger': -3.7379096098915934, 'training_batch_size': 11, 'training_p': 8}
	 epoch  0 training error:  tensor(1.0047, device='cuda:0', grad_fn=<DivBackward0>)
Memory status after this epoch: 
Memory allocated:  756.01220703125
Memory cached:  1280.0
	 epoch  10 training error:  tensor(0.5728, device='cuda:0', grad_fn=<DivBackward0>)
Memory status after this epoch: 
Memory allocated:  756.01220703125
Memory cached:  1292.0
	 epoch  20 training error:  tensor(0.4405, device='cuda:0', grad_fn=<DivBackward0>)
Memory status after this epoch: 
Memory allocated:  756.01220703125
Memory cached:  1294.0
	 epoch  30 training error:  tensor(0.4165, device='cuda:0', grad_fn=<DivBackward0>)
Memory status after this epoch: 
Memory allocated:  756.01220703125
Memory cached:  1288.0
	 epoch  40 training error:  tensor(0.3966, device='cuda:0', grad_fn=<DivBackward0>)
Memory status after this epoch: 
Memory allocated:  756.01220703125
Memory cached:  1296.0
	 epoch  50 training error:  tensor(0.3731, device='cuda:0', grad_fn=<DivBackward0>)
Memory status after this epoch: 
Memory allocated:  756.01220703125
Memory cached:  1296.0
	 epoch  60 training error:  tensor(0.3553, device='cuda:0', grad_fn=<DivBackward0>)
Memory status after this epoch: 
Memory allocated:  756.01220703125
Memory cached:  1308.0
	 epoch  70 training error:  tensor(0.3516, device='cuda:0', grad_fn=<DivBackward0>)
Memory status after this epoch: 
Memory allocated:  756.01220703125
Memory cached:  1298.0
	 epoch  80 training error:  tensor(0.3457, device='cuda:0', grad_fn=<DivBackward0>)
Memory status after this epoch: 
Memory allocated:  756.01220703125
Memory cached:  1288.0
	 epoch  90 training error:  tensor(0.3439, device='cuda:0', grad_fn=<DivBackward0>)
Memory status after this epoch: 
Memory allocated:  756.01220703125
Memory cached:  1294.0
[I 2024-01-26 03:31:41,120] Trial 439 finished with value: 0.17091822624206543 and parameters: {'W_layers': 8, 'W_layer_units_exponent_0': 4, 'W_layer_units_exponent_1': 4, 'W_layer_units_exponent_2': 6, 'W_layer_units_exponent_3': 6, 'W_layer_units_exponent_4': 10, 'W_layer_units_exponent_5': 4, 'W_layer_units_exponent_6': 10, 'W_layer_units_exponent_7': 10, 'D_layers': 7, 'D_layer_units_exponent_0': 8, 'D_layer_units_exponent_1': 7, 'D_layer_units_exponent_2': 5, 'D_layer_units_exponent_3': 9, 'D_layer_units_exponent_4': 6, 'D_layer_units_exponent_5': 8, 'D_layer_units_exponent_6': 9, 'D_dagger_layers': 8, 'D_dagger_layer_units_exponent_0': 8, 'D_dagger_layer_units_exponent_1': 10, 'D_dagger_layer_units_exponent_2': 5, 'D_dagger_layer_units_exponent_3': 4, 'D_dagger_layer_units_exponent_4': 9, 'D_dagger_layer_units_exponent_5': 10, 'D_dagger_layer_units_exponent_6': 4, 'D_dagger_layer_units_exponent_7': 4, 'log_learning_rate': -3.8154997846829986, 'log_learning_rate_D': -3.6207829974856836, 'log_learning_rate_D_dagger': -3.7379096098915934, 'training_batch_size': 11, 'training_p': 8}. Best is trial 332 with value: 0.05854595825076103.
Time for this trial:  361.37457752227783
Memory status after this trial: 
Memory allocated:  1557.95654296875
Memory cached:  1584.0
--------------------  Trial  440   --------------------
Start timing: 
Parameters: 
{'W_layers': 8, 'W_layer_units_exponent_0': 4, 'W_layer_units_exponent_1': 4, 'W_layer_units_exponent_2': 6, 'W_layer_units_exponent_3': 6, 'W_layer_units_exponent_4': 10, 'W_layer_units_exponent_5': 4, 'W_layer_units_exponent_6': 10, 'W_layer_units_exponent_7': 7, 'D_layers': 7, 'D_layer_units_exponent_0': 8, 'D_layer_units_exponent_1': 7, 'D_layer_units_exponent_2': 5, 'D_layer_units_exponent_3': 9, 'D_layer_units_exponent_4': 10, 'D_layer_units_exponent_5': 7, 'D_layer_units_exponent_6': 9, 'D_dagger_layers': 8, 'D_dagger_layer_units_exponent_0': 8, 'D_dagger_layer_units_exponent_1': 10, 'D_dagger_layer_units_exponent_2': 5, 'D_dagger_layer_units_exponent_3': 4, 'D_dagger_layer_units_exponent_4': 10, 'D_dagger_layer_units_exponent_5': 6, 'D_dagger_layer_units_exponent_6': 4, 'D_dagger_layer_units_exponent_7': 8, 'log_learning_rate': -4.016838362789394, 'log_learning_rate_D': -3.2827059334367257, 'log_learning_rate_D_dagger': -3.4989958445531126, 'training_batch_size': 6, 'training_p': 8}
	 epoch  0 training error:  tensor(0.9786, device='cuda:0', grad_fn=<DivBackward0>)
Memory status after this epoch: 
Memory allocated:  743.19482421875
Memory cached:  1284.0
	 epoch  10 training error:  tensor(0.4212, device='cuda:0', grad_fn=<DivBackward0>)
Memory status after this epoch: 
Memory allocated:  743.19482421875
Memory cached:  1362.0
	 epoch  20 training error:  tensor(0.3997, device='cuda:0', grad_fn=<DivBackward0>)
Memory status after this epoch: 
Memory allocated:  743.19482421875
Memory cached:  1372.0
	 epoch  30 training error:  tensor(0.3916, device='cuda:0', grad_fn=<DivBackward0>)
Memory status after this epoch: 
Memory allocated:  743.19482421875
Memory cached:  1368.0
	 epoch  40 training error:  tensor(0.3561, device='cuda:0', grad_fn=<DivBackward0>)
Memory status after this epoch: 
Memory allocated:  743.19482421875
Memory cached:  1376.0
	 epoch  50 training error:  tensor(0.3885, device='cuda:0', grad_fn=<DivBackward0>)
Memory status after this epoch: 
Memory allocated:  743.19482421875
Memory cached:  1374.0
	 epoch  60 training error:  tensor(0.3506, device='cuda:0', grad_fn=<DivBackward0>)
Memory status after this epoch: 
Memory allocated:  743.19482421875
Memory cached:  1366.0
	 epoch  70 training error:  tensor(0.2385, device='cuda:0', grad_fn=<DivBackward0>)
Memory status after this epoch: 
Memory allocated:  743.19482421875
Memory cached:  1360.0
	 epoch  80 training error:  tensor(0.2315, device='cuda:0', grad_fn=<DivBackward0>)
Memory status after this epoch: 
Memory allocated:  743.19482421875
Memory cached:  1372.0
	 epoch  90 training error:  tensor(0.2420, device='cuda:0', grad_fn=<DivBackward0>)
Memory status after this epoch: 
Memory allocated:  743.19482421875
Memory cached:  1368.0
[I 2024-01-26 03:43:34,813] Trial 440 finished with value: 0.12199003994464874 and parameters: {'W_layers': 8, 'W_layer_units_exponent_0': 4, 'W_layer_units_exponent_1': 4, 'W_layer_units_exponent_2': 6, 'W_layer_units_exponent_3': 6, 'W_layer_units_exponent_4': 10, 'W_layer_units_exponent_5': 4, 'W_layer_units_exponent_6': 10, 'W_layer_units_exponent_7': 7, 'D_layers': 7, 'D_layer_units_exponent_0': 8, 'D_layer_units_exponent_1': 7, 'D_layer_units_exponent_2': 5, 'D_layer_units_exponent_3': 9, 'D_layer_units_exponent_4': 10, 'D_layer_units_exponent_5': 7, 'D_layer_units_exponent_6': 9, 'D_dagger_layers': 8, 'D_dagger_layer_units_exponent_0': 8, 'D_dagger_layer_units_exponent_1': 10, 'D_dagger_layer_units_exponent_2': 5, 'D_dagger_layer_units_exponent_3': 4, 'D_dagger_layer_units_exponent_4': 10, 'D_dagger_layer_units_exponent_5': 6, 'D_dagger_layer_units_exponent_6': 4, 'D_dagger_layer_units_exponent_7': 8, 'log_learning_rate': -4.016838362789394, 'log_learning_rate_D': -3.2827059334367257, 'log_learning_rate_D_dagger': -3.4989958445531126, 'training_batch_size': 6, 'training_p': 8}. Best is trial 332 with value: 0.05854595825076103.
Time for this trial:  712.7669408321381
Memory status after this trial: 
Memory allocated:  1531.66552734375
Memory cached:  1548.0
--------------------  Trial  441   --------------------
Start timing: 
Parameters: 
{'W_layers': 8, 'W_layer_units_exponent_0': 4, 'W_layer_units_exponent_1': 4, 'W_layer_units_exponent_2': 6, 'W_layer_units_exponent_3': 6, 'W_layer_units_exponent_4': 10, 'W_layer_units_exponent_5': 4, 'W_layer_units_exponent_6': 10, 'W_layer_units_exponent_7': 10, 'D_layers': 7, 'D_layer_units_exponent_0': 8, 'D_layer_units_exponent_1': 7, 'D_layer_units_exponent_2': 5, 'D_layer_units_exponent_3': 9, 'D_layer_units_exponent_4': 10, 'D_layer_units_exponent_5': 7, 'D_layer_units_exponent_6': 9, 'D_dagger_layers': 8, 'D_dagger_layer_units_exponent_0': 7, 'D_dagger_layer_units_exponent_1': 10, 'D_dagger_layer_units_exponent_2': 5, 'D_dagger_layer_units_exponent_3': 4, 'D_dagger_layer_units_exponent_4': 10, 'D_dagger_layer_units_exponent_5': 5, 'D_dagger_layer_units_exponent_6': 4, 'D_dagger_layer_units_exponent_7': 7, 'log_learning_rate': -3.9331897685776993, 'log_learning_rate_D': -3.859085948251576, 'log_learning_rate_D_dagger': -3.8466009830801164, 'training_batch_size': 6, 'training_p': 7}
	 epoch  0 training error:  tensor(0.9768, device='cuda:0', grad_fn=<DivBackward0>)
Memory status after this epoch: 
Memory allocated:  754.67333984375
Memory cached:  1314.0
	 epoch  10 training error:  tensor(0.4550, device='cuda:0', grad_fn=<DivBackward0>)
Memory status after this epoch: 
Memory allocated:  754.67333984375
Memory cached:  1392.0
	 epoch  20 training error:  tensor(0.3786, device='cuda:0', grad_fn=<DivBackward0>)
Memory status after this epoch: 
Memory allocated:  754.67333984375
Memory cached:  1382.0
	 epoch  30 training error:  tensor(0.3459, device='cuda:0', grad_fn=<DivBackward0>)
Memory status after this epoch: 
Memory allocated:  754.67333984375
Memory cached:  1372.0
	 epoch  40 training error:  tensor(0.3440, device='cuda:0', grad_fn=<DivBackward0>)
Memory status after this epoch: 
Memory allocated:  754.67333984375
Memory cached:  1370.0
	 epoch  50 training error:  tensor(0.3342, device='cuda:0', grad_fn=<DivBackward0>)
Memory status after this epoch: 
Memory allocated:  754.67333984375
Memory cached:  1366.0
	 epoch  60 training error:  tensor(0.3366, device='cuda:0', grad_fn=<DivBackward0>)
Memory status after this epoch: 
Memory allocated:  754.67333984375
Memory cached:  1376.0
	 epoch  70 training error:  tensor(0.3343, device='cuda:0', grad_fn=<DivBackward0>)
Memory status after this epoch: 
Memory allocated:  754.67333984375
Memory cached:  1372.0
	 epoch  80 training error:  tensor(0.3331, device='cuda:0', grad_fn=<DivBackward0>)
Memory status after this epoch: 
Memory allocated:  754.67333984375
Memory cached:  1372.0
	 epoch  90 training error:  tensor(0.3359, device='cuda:0', grad_fn=<DivBackward0>)
Memory status after this epoch: 
Memory allocated:  754.67333984375
Memory cached:  1370.0
[I 2024-01-26 03:55:33,299] Trial 441 finished with value: 0.17598269879817963 and parameters: {'W_layers': 8, 'W_layer_units_exponent_0': 4, 'W_layer_units_exponent_1': 4, 'W_layer_units_exponent_2': 6, 'W_layer_units_exponent_3': 6, 'W_layer_units_exponent_4': 10, 'W_layer_units_exponent_5': 4, 'W_layer_units_exponent_6': 10, 'W_layer_units_exponent_7': 10, 'D_layers': 7, 'D_layer_units_exponent_0': 8, 'D_layer_units_exponent_1': 7, 'D_layer_units_exponent_2': 5, 'D_layer_units_exponent_3': 9, 'D_layer_units_exponent_4': 10, 'D_layer_units_exponent_5': 7, 'D_layer_units_exponent_6': 9, 'D_dagger_layers': 8, 'D_dagger_layer_units_exponent_0': 7, 'D_dagger_layer_units_exponent_1': 10, 'D_dagger_layer_units_exponent_2': 5, 'D_dagger_layer_units_exponent_3': 4, 'D_dagger_layer_units_exponent_4': 10, 'D_dagger_layer_units_exponent_5': 5, 'D_dagger_layer_units_exponent_6': 4, 'D_dagger_layer_units_exponent_7': 7, 'log_learning_rate': -3.9331897685776993, 'log_learning_rate_D': -3.859085948251576, 'log_learning_rate_D_dagger': -3.8466009830801164, 'training_batch_size': 6, 'training_p': 7}. Best is trial 332 with value: 0.05854595825076103.
Time for this trial:  717.743486404419
Memory status after this trial: 
Memory allocated:  1590.62744140625
Memory cached:  1616.0
--------------------  Trial  442   --------------------
Start timing: 
Parameters: 
{'W_layers': 8, 'W_layer_units_exponent_0': 4, 'W_layer_units_exponent_1': 4, 'W_layer_units_exponent_2': 6, 'W_layer_units_exponent_3': 6, 'W_layer_units_exponent_4': 4, 'W_layer_units_exponent_5': 4, 'W_layer_units_exponent_6': 10, 'W_layer_units_exponent_7': 10, 'D_layers': 7, 'D_layer_units_exponent_0': 8, 'D_layer_units_exponent_1': 7, 'D_layer_units_exponent_2': 5, 'D_layer_units_exponent_3': 9, 'D_layer_units_exponent_4': 9, 'D_layer_units_exponent_5': 7, 'D_layer_units_exponent_6': 9, 'D_dagger_layers': 8, 'D_dagger_layer_units_exponent_0': 8, 'D_dagger_layer_units_exponent_1': 10, 'D_dagger_layer_units_exponent_2': 5, 'D_dagger_layer_units_exponent_3': 4, 'D_dagger_layer_units_exponent_4': 10, 'D_dagger_layer_units_exponent_5': 9, 'D_dagger_layer_units_exponent_6': 4, 'D_dagger_layer_units_exponent_7': 4, 'log_learning_rate': -2.7531048163228506, 'log_learning_rate_D': -3.7109120977300627, 'log_learning_rate_D_dagger': -3.6714964358448605, 'training_batch_size': 12, 'training_p': 8}
	 epoch  0 training error:  tensor(1.0058, device='cuda:0', grad_fn=<DivBackward0>)
Memory status after this epoch: 
Memory allocated:  758.02197265625
Memory cached:  1268.0
	 epoch  10 training error:  tensor(0.4766, device='cuda:0', grad_fn=<DivBackward0>)
Memory status after this epoch: 
Memory allocated:  758.02197265625
Memory cached:  1276.0
	 epoch  20 training error:  tensor(0.4331, device='cuda:0', grad_fn=<DivBackward0>)
Memory status after this epoch: 
Memory allocated:  758.02197265625
Memory cached:  1280.0
	 epoch  30 training error:  tensor(0.4019, device='cuda:0', grad_fn=<DivBackward0>)
Memory status after this epoch: 
Memory allocated:  758.02197265625
Memory cached:  1276.0
	 epoch  40 training error:  tensor(0.3787, device='cuda:0', grad_fn=<DivBackward0>)
Memory status after this epoch: 
Memory allocated:  758.02197265625
Memory cached:  1278.0
	 epoch  50 training error:  tensor(0.3573, device='cuda:0', grad_fn=<DivBackward0>)
Memory status after this epoch: 
Memory allocated:  758.02197265625
Memory cached:  1276.0
	 epoch  60 training error:  tensor(0.3546, device='cuda:0', grad_fn=<DivBackward0>)
Memory status after this epoch: 
Memory allocated:  758.02197265625
Memory cached:  1274.0
	 epoch  70 training error:  tensor(0.3443, device='cuda:0', grad_fn=<DivBackward0>)
Memory status after this epoch: 
Memory allocated:  758.02197265625
Memory cached:  1282.0
	 epoch  80 training error:  tensor(0.3530, device='cuda:0', grad_fn=<DivBackward0>)
Memory status after this epoch: 
Memory allocated:  758.02197265625
Memory cached:  1276.0
	 epoch  90 training error:  tensor(0.3790, device='cuda:0', grad_fn=<DivBackward0>)
Memory status after this epoch: 
Memory allocated:  758.02197265625
Memory cached:  1282.0
[I 2024-01-26 04:01:24,977] Trial 442 finished with value: 0.18558545410633087 and parameters: {'W_layers': 8, 'W_layer_units_exponent_0': 4, 'W_layer_units_exponent_1': 4, 'W_layer_units_exponent_2': 6, 'W_layer_units_exponent_3': 6, 'W_layer_units_exponent_4': 4, 'W_layer_units_exponent_5': 4, 'W_layer_units_exponent_6': 10, 'W_layer_units_exponent_7': 10, 'D_layers': 7, 'D_layer_units_exponent_0': 8, 'D_layer_units_exponent_1': 7, 'D_layer_units_exponent_2': 5, 'D_layer_units_exponent_3': 9, 'D_layer_units_exponent_4': 9, 'D_layer_units_exponent_5': 7, 'D_layer_units_exponent_6': 9, 'D_dagger_layers': 8, 'D_dagger_layer_units_exponent_0': 8, 'D_dagger_layer_units_exponent_1': 10, 'D_dagger_layer_units_exponent_2': 5, 'D_dagger_layer_units_exponent_3': 4, 'D_dagger_layer_units_exponent_4': 10, 'D_dagger_layer_units_exponent_5': 9, 'D_dagger_layer_units_exponent_6': 4, 'D_dagger_layer_units_exponent_7': 4, 'log_learning_rate': -2.7531048163228506, 'log_learning_rate_D': -3.7109120977300627, 'log_learning_rate_D_dagger': -3.6714964358448605, 'training_batch_size': 12, 'training_p': 8}. Best is trial 332 with value: 0.05854595825076103.
Time for this trial:  350.9340629577637
Memory status after this trial: 
Memory allocated:  1485.13330078125
Memory cached:  1512.0
--------------------  Trial  443   --------------------
Start timing: 
Parameters: 
{'W_layers': 8, 'W_layer_units_exponent_0': 7, 'W_layer_units_exponent_1': 4, 'W_layer_units_exponent_2': 6, 'W_layer_units_exponent_3': 6, 'W_layer_units_exponent_4': 10, 'W_layer_units_exponent_5': 4, 'W_layer_units_exponent_6': 10, 'W_layer_units_exponent_7': 10, 'D_layers': 7, 'D_layer_units_exponent_0': 8, 'D_layer_units_exponent_1': 7, 'D_layer_units_exponent_2': 5, 'D_layer_units_exponent_3': 9, 'D_layer_units_exponent_4': 10, 'D_layer_units_exponent_5': 9, 'D_layer_units_exponent_6': 9, 'D_dagger_layers': 8, 'D_dagger_layer_units_exponent_0': 8, 'D_dagger_layer_units_exponent_1': 10, 'D_dagger_layer_units_exponent_2': 5, 'D_dagger_layer_units_exponent_3': 4, 'D_dagger_layer_units_exponent_4': 10, 'D_dagger_layer_units_exponent_5': 7, 'D_dagger_layer_units_exponent_6': 4, 'D_dagger_layer_units_exponent_7': 5, 'log_learning_rate': -3.824853950589782, 'log_learning_rate_D': -3.117170664045169, 'log_learning_rate_D_dagger': -3.5672534293882334, 'training_batch_size': 6, 'training_p': 6}
	 epoch  0 training error:  tensor(0.9296, device='cuda:0', grad_fn=<DivBackward0>)
Memory status after this epoch: 
Memory allocated:  767.21240234375
Memory cached:  1324.0
	 epoch  10 training error:  tensor(0.3847, device='cuda:0', grad_fn=<DivBackward0>)
Memory status after this epoch: 
Memory allocated:  767.21240234375
Memory cached:  1378.0
	 epoch  20 training error:  tensor(0.3541, device='cuda:0', grad_fn=<DivBackward0>)
Memory status after this epoch: 
Memory allocated:  767.21240234375
Memory cached:  1366.0
	 epoch  30 training error:  tensor(0.3339, device='cuda:0', grad_fn=<DivBackward0>)
Memory status after this epoch: 
Memory allocated:  767.21240234375
Memory cached:  1376.0
	 epoch  40 training error:  tensor(0.3243, device='cuda:0', grad_fn=<DivBackward0>)
Memory status after this epoch: 
Memory allocated:  767.21240234375
Memory cached:  1368.0
	 epoch  50 training error:  tensor(0.3334, device='cuda:0', grad_fn=<DivBackward0>)
Memory status after this epoch: 
Memory allocated:  767.21240234375
Memory cached:  1376.0
	 epoch  60 training error:  tensor(0.3354, device='cuda:0', grad_fn=<DivBackward0>)
Memory status after this epoch: 
Memory allocated:  767.21240234375
Memory cached:  1368.0
	 epoch  70 training error:  tensor(0.3228, device='cuda:0', grad_fn=<DivBackward0>)
Memory status after this epoch: 
Memory allocated:  767.21240234375
Memory cached:  1376.0
	 epoch  80 training error:  tensor(0.3228, device='cuda:0', grad_fn=<DivBackward0>)
Memory status after this epoch: 
Memory allocated:  767.21240234375
Memory cached:  1372.0
	 epoch  90 training error:  tensor(0.3180, device='cuda:0', grad_fn=<DivBackward0>)
Memory status after this epoch: 
Memory allocated:  767.21240234375
Memory cached:  1378.0
