[I 2023-12-20 09:35:46,477] Trial 104 finished with value: 0.21347062289714813 and parameters: {'W_layers': 5, 'W_layer_units_exponent_0': 7, 'W_layer_units_exponent_1': 9, 'W_layer_units_exponent_2': 9, 'W_layer_units_exponent_3': 6, 'W_layer_units_exponent_4': 6, 'D_layers': 5, 'D_layer_units_exponent_0': 7, 'D_layer_units_exponent_1': 10, 'D_layer_units_exponent_2': 9, 'D_layer_units_exponent_3': 8, 'D_layer_units_exponent_4': 4, 'D_dagger_layers': 2, 'D_dagger_layer_units_exponent_0': 9, 'D_dagger_layer_units_exponent_1': 8, 'log_learning_rate': -2.3706549570211477, 'log_learning_rate_D': -3.8982758248270932, 'log_learning_rate_D_dagger': -2.7928290015875876, 'training_batch_size': 6, 'training_p': 4}. Best is trial 102 with value: 0.13158240914344788.
Time for this trial:  311.91515827178955
Memory status after this trial: 
Memory allocated:  392.7080078125
Memory cached:  416.0
--------------------  Trial  105   --------------------
Start timing: 
Parameters: 
{'W_layers': 5, 'W_layer_units_exponent_0': 6, 'W_layer_units_exponent_1': 9, 'W_layer_units_exponent_2': 5, 'W_layer_units_exponent_3': 6, 'W_layer_units_exponent_4': 6, 'D_layers': 5, 'D_layer_units_exponent_0': 7, 'D_layer_units_exponent_1': 10, 'D_layer_units_exponent_2': 8, 'D_layer_units_exponent_3': 8, 'D_layer_units_exponent_4': 4, 'D_dagger_layers': 5, 'D_dagger_layer_units_exponent_0': 4, 'D_dagger_layer_units_exponent_1': 7, 'D_dagger_layer_units_exponent_2': 4, 'D_dagger_layer_units_exponent_3': 5, 'D_dagger_layer_units_exponent_4': 5, 'log_learning_rate': -1.8773193102542878, 'log_learning_rate_D': -3.964247763252147, 'log_learning_rate_D_dagger': -2.9686289742737455, 'training_batch_size': 6, 'training_p': 4}
	 epoch  0 training error:  tensor(1.0185, device='cuda:0', grad_fn=<DivBackward0>)
Memory status after this epoch: 
Memory allocated:  181.27197265625
Memory cached:  366.0
	 epoch  10 training error:  tensor(0.5214, device='cuda:0', grad_fn=<DivBackward0>)
Memory status after this epoch: 
Memory allocated:  181.27197265625
Memory cached:  368.0
	 epoch  20 training error:  tensor(0.4543, device='cuda:0', grad_fn=<DivBackward0>)
Memory status after this epoch: 
Memory allocated:  181.27197265625
Memory cached:  368.0
	 epoch  30 training error:  tensor(0.4464, device='cuda:0', grad_fn=<DivBackward0>)
Memory status after this epoch: 
Memory allocated:  181.27197265625
Memory cached:  372.0
	 epoch  40 training error:  tensor(0.4388, device='cuda:0', grad_fn=<DivBackward0>)
Memory status after this epoch: 
Memory allocated:  181.27197265625
Memory cached:  374.0
	 epoch  50 training error:  tensor(0.4428, device='cuda:0', grad_fn=<DivBackward0>)
Memory status after this epoch: 
Memory allocated:  181.27197265625
Memory cached:  370.0
	 epoch  60 training error:  tensor(0.4354, device='cuda:0', grad_fn=<DivBackward0>)
Memory status after this epoch: 
Memory allocated:  181.27197265625
Memory cached:  368.0
	 epoch  70 training error:  tensor(0.4329, device='cuda:0', grad_fn=<DivBackward0>)
Memory status after this epoch: 
Memory allocated:  181.27197265625
Memory cached:  370.0
	 epoch  80 training error:  tensor(0.4321, device='cuda:0', grad_fn=<DivBackward0>)
Memory status after this epoch: 
Memory allocated:  181.27197265625
Memory cached:  368.0
	 epoch  90 training error:  tensor(0.4310, device='cuda:0', grad_fn=<DivBackward0>)
Memory status after this epoch: 
Memory allocated:  181.27197265625
Memory cached:  366.0
[I 2023-12-20 09:41:31,190] Trial 105 finished with value: 0.3766420781612396 and parameters: {'W_layers': 5, 'W_layer_units_exponent_0': 6, 'W_layer_units_exponent_1': 9, 'W_layer_units_exponent_2': 5, 'W_layer_units_exponent_3': 6, 'W_layer_units_exponent_4': 6, 'D_layers': 5, 'D_layer_units_exponent_0': 7, 'D_layer_units_exponent_1': 10, 'D_layer_units_exponent_2': 8, 'D_layer_units_exponent_3': 8, 'D_layer_units_exponent_4': 4, 'D_dagger_layers': 5, 'D_dagger_layer_units_exponent_0': 4, 'D_dagger_layer_units_exponent_1': 7, 'D_dagger_layer_units_exponent_2': 4, 'D_dagger_layer_units_exponent_3': 5, 'D_dagger_layer_units_exponent_4': 5, 'log_learning_rate': -1.8773193102542878, 'log_learning_rate_D': -3.964247763252147, 'log_learning_rate_D_dagger': -2.9686289742737455, 'training_batch_size': 6, 'training_p': 4}. Best is trial 102 with value: 0.13158240914344788.
Time for this trial:  344.2891540527344
Memory status after this trial: 
Memory allocated:  317.2880859375
Memory cached:  370.0
--------------------  Trial  106   --------------------
Start timing: 
Parameters: 
{'W_layers': 4, 'W_layer_units_exponent_0': 8, 'W_layer_units_exponent_1': 9, 'W_layer_units_exponent_2': 6, 'W_layer_units_exponent_3': 5, 'D_layers': 4, 'D_layer_units_exponent_0': 8, 'D_layer_units_exponent_1': 9, 'D_layer_units_exponent_2': 5, 'D_layer_units_exponent_3': 4, 'D_dagger_layers': 3, 'D_dagger_layer_units_exponent_0': 9, 'D_dagger_layer_units_exponent_1': 6, 'D_dagger_layer_units_exponent_2': 4, 'log_learning_rate': -2.1618185117465996, 'log_learning_rate_D': -3.685996578390517, 'log_learning_rate_D_dagger': -3.2382093573493558, 'training_batch_size': 6, 'training_p': 4}
	 epoch  0 training error:  tensor(1.4919, device='cuda:0', grad_fn=<DivBackward0>)
Memory status after this epoch: 
Memory allocated:  178.59228515625
Memory cached:  370.0
	 epoch  10 training error:  tensor(0.4893, device='cuda:0', grad_fn=<DivBackward0>)
Memory status after this epoch: 
Memory allocated:  178.59228515625
Memory cached:  380.0
	 epoch  20 training error:  tensor(0.4511, device='cuda:0', grad_fn=<DivBackward0>)
Memory status after this epoch: 
Memory allocated:  178.59228515625
Memory cached:  384.0
	 epoch  30 training error:  tensor(0.4387, device='cuda:0', grad_fn=<DivBackward0>)
Memory status after this epoch: 
Memory allocated:  178.59228515625
Memory cached:  376.0
	 epoch  40 training error:  tensor(0.4338, device='cuda:0', grad_fn=<DivBackward0>)
Memory status after this epoch: 
Memory allocated:  178.59228515625
Memory cached:  384.0
	 epoch  50 training error:  tensor(0.4310, device='cuda:0', grad_fn=<DivBackward0>)
Memory status after this epoch: 
Memory allocated:  178.59228515625
Memory cached:  378.0
	 epoch  60 training error:  tensor(0.4293, device='cuda:0', grad_fn=<DivBackward0>)
Memory status after this epoch: 
Memory allocated:  178.59228515625
Memory cached:  386.0
	 epoch  70 training error:  tensor(0.4187, device='cuda:0', grad_fn=<DivBackward0>)
Memory status after this epoch: 
Memory allocated:  178.59228515625
Memory cached:  386.0
	 epoch  80 training error:  tensor(0.3718, device='cuda:0', grad_fn=<DivBackward0>)
Memory status after this epoch: 
Memory allocated:  178.59228515625
Memory cached:  382.0
	 epoch  90 training error:  tensor(0.3166, device='cuda:0', grad_fn=<DivBackward0>)
Memory status after this epoch: 
Memory allocated:  178.59228515625
Memory cached:  388.0
[I 2023-12-20 09:46:15,214] Trial 106 finished with value: 0.206746444106102 and parameters: {'W_layers': 4, 'W_layer_units_exponent_0': 8, 'W_layer_units_exponent_1': 9, 'W_layer_units_exponent_2': 6, 'W_layer_units_exponent_3': 5, 'D_layers': 4, 'D_layer_units_exponent_0': 8, 'D_layer_units_exponent_1': 9, 'D_layer_units_exponent_2': 5, 'D_layer_units_exponent_3': 4, 'D_dagger_layers': 3, 'D_dagger_layer_units_exponent_0': 9, 'D_dagger_layer_units_exponent_1': 6, 'D_dagger_layer_units_exponent_2': 4, 'log_learning_rate': -2.1618185117465996, 'log_learning_rate_D': -3.685996578390517, 'log_learning_rate_D_dagger': -3.2382093573493558, 'training_batch_size': 6, 'training_p': 4}. Best is trial 102 with value: 0.13158240914344788.
Time for this trial:  283.62896728515625
Memory status after this trial: 
Memory allocated:  296.92724609375
Memory cached:  374.0
--------------------  Trial  107   --------------------
Start timing: 
Parameters: 
{'W_layers': 5, 'W_layer_units_exponent_0': 7, 'W_layer_units_exponent_1': 10, 'W_layer_units_exponent_2': 6, 'W_layer_units_exponent_3': 6, 'W_layer_units_exponent_4': 7, 'D_layers': 5, 'D_layer_units_exponent_0': 7, 'D_layer_units_exponent_1': 10, 'D_layer_units_exponent_2': 9, 'D_layer_units_exponent_3': 8, 'D_layer_units_exponent_4': 4, 'D_dagger_layers': 6, 'D_dagger_layer_units_exponent_0': 10, 'D_dagger_layer_units_exponent_1': 7, 'D_dagger_layer_units_exponent_2': 4, 'D_dagger_layer_units_exponent_3': 4, 'D_dagger_layer_units_exponent_4': 6, 'D_dagger_layer_units_exponent_5': 7, 'log_learning_rate': -2.4583155334803948, 'log_learning_rate_D': -3.8202710833461313, 'log_learning_rate_D_dagger': -3.0820044607235837, 'training_batch_size': 6, 'training_p': 4}
	 epoch  0 training error:  tensor(0.9770, device='cuda:0', grad_fn=<DivBackward0>)
Memory status after this epoch: 
Memory allocated:  190.76220703125
Memory cached:  394.0
	 epoch  10 training error:  tensor(0.4702, device='cuda:0', grad_fn=<DivBackward0>)
Memory status after this epoch: 
Memory allocated:  190.76220703125
Memory cached:  402.0
	 epoch  20 training error:  tensor(0.4509, device='cuda:0', grad_fn=<DivBackward0>)
Memory status after this epoch: 
Memory allocated:  190.76220703125
Memory cached:  402.0
	 epoch  30 training error:  tensor(0.4552, device='cuda:0', grad_fn=<DivBackward0>)
Memory status after this epoch: 
Memory allocated:  190.76220703125
Memory cached:  402.0
	 epoch  40 training error:  tensor(0.4517, device='cuda:0', grad_fn=<DivBackward0>)
Memory status after this epoch: 
Memory allocated:  190.76220703125
Memory cached:  404.0
	 epoch  50 training error:  tensor(0.4454, device='cuda:0', grad_fn=<DivBackward0>)
Memory status after this epoch: 
Memory allocated:  190.76220703125
Memory cached:  410.0
	 epoch  60 training error:  tensor(0.4343, device='cuda:0', grad_fn=<DivBackward0>)
Memory status after this epoch: 
Memory allocated:  190.76220703125
Memory cached:  402.0
	 epoch  70 training error:  tensor(0.4296, device='cuda:0', grad_fn=<DivBackward0>)
Memory status after this epoch: 
Memory allocated:  190.76220703125
Memory cached:  408.0
	 epoch  80 training error:  tensor(0.4373, device='cuda:0', grad_fn=<DivBackward0>)
Memory status after this epoch: 
Memory allocated:  190.76220703125
Memory cached:  406.0
	 epoch  90 training error:  tensor(0.4188, device='cuda:0', grad_fn=<DivBackward0>)
Memory status after this epoch: 
Memory allocated:  190.76220703125
Memory cached:  404.0
[I 2023-12-20 09:52:27,681] Trial 107 finished with value: 0.32454630732536316 and parameters: {'W_layers': 5, 'W_layer_units_exponent_0': 7, 'W_layer_units_exponent_1': 10, 'W_layer_units_exponent_2': 6, 'W_layer_units_exponent_3': 6, 'W_layer_units_exponent_4': 7, 'D_layers': 5, 'D_layer_units_exponent_0': 7, 'D_layer_units_exponent_1': 10, 'D_layer_units_exponent_2': 9, 'D_layer_units_exponent_3': 8, 'D_layer_units_exponent_4': 4, 'D_dagger_layers': 6, 'D_dagger_layer_units_exponent_0': 10, 'D_dagger_layer_units_exponent_1': 7, 'D_dagger_layer_units_exponent_2': 4, 'D_dagger_layer_units_exponent_3': 4, 'D_dagger_layer_units_exponent_4': 6, 'D_dagger_layer_units_exponent_5': 7, 'log_learning_rate': -2.4583155334803948, 'log_learning_rate_D': -3.8202710833461313, 'log_learning_rate_D_dagger': -3.0820044607235837, 'training_batch_size': 6, 'training_p': 4}. Best is trial 102 with value: 0.13158240914344788.
Time for this trial:  372.0210659503937
Memory status after this trial: 
Memory allocated:  431.759765625
Memory cached:  454.0
--------------------  Trial  108   --------------------
Start timing: 
Parameters: 
{'W_layers': 5, 'W_layer_units_exponent_0': 7, 'W_layer_units_exponent_1': 9, 'W_layer_units_exponent_2': 5, 'W_layer_units_exponent_3': 5, 'W_layer_units_exponent_4': 7, 'D_layers': 5, 'D_layer_units_exponent_0': 8, 'D_layer_units_exponent_1': 9, 'D_layer_units_exponent_2': 10, 'D_layer_units_exponent_3': 4, 'D_layer_units_exponent_4': 4, 'D_dagger_layers': 5, 'D_dagger_layer_units_exponent_0': 10, 'D_dagger_layer_units_exponent_1': 7, 'D_dagger_layer_units_exponent_2': 5, 'D_dagger_layer_units_exponent_3': 5, 'D_dagger_layer_units_exponent_4': 9, 'log_learning_rate': -2.3283317759799247, 'log_learning_rate_D': -4.120434097680395, 'log_learning_rate_D_dagger': -2.5972527320701877, 'training_batch_size': 6, 'training_p': 2}
	 epoch  0 training error:  tensor(0.9435, device='cuda:0', grad_fn=<DivBackward0>)
Memory status after this epoch: 
Memory allocated:  187.25048828125
Memory cached:  384.0
	 epoch  10 training error:  tensor(0.3117, device='cuda:0', grad_fn=<DivBackward0>)
Memory status after this epoch: 
Memory allocated:  187.25048828125
Memory cached:  394.0
	 epoch  20 training error:  tensor(0.2946, device='cuda:0', grad_fn=<DivBackward0>)
Memory status after this epoch: 
Memory allocated:  187.25048828125
Memory cached:  396.0
	 epoch  30 training error:  tensor(0.3133, device='cuda:0', grad_fn=<DivBackward0>)
Memory status after this epoch: 
Memory allocated:  187.25048828125
Memory cached:  400.0
	 epoch  40 training error:  tensor(0.2825, device='cuda:0', grad_fn=<DivBackward0>)
Memory status after this epoch: 
Memory allocated:  187.25048828125
Memory cached:  402.0
	 epoch  50 training error:  tensor(0.2760, device='cuda:0', grad_fn=<DivBackward0>)
Memory status after this epoch: 
Memory allocated:  187.25048828125
Memory cached:  400.0
	 epoch  60 training error:  tensor(0.2874, device='cuda:0', grad_fn=<DivBackward0>)
Memory status after this epoch: 
Memory allocated:  187.25048828125
Memory cached:  398.0
	 epoch  70 training error:  tensor(0.2723, device='cuda:0', grad_fn=<DivBackward0>)
Memory status after this epoch: 
Memory allocated:  187.25048828125
Memory cached:  394.0
	 epoch  80 training error:  tensor(0.1983, device='cuda:0', grad_fn=<DivBackward0>)
Memory status after this epoch: 
Memory allocated:  187.25048828125
Memory cached:  398.0
	 epoch  90 training error:  tensor(0.2844, device='cuda:0', grad_fn=<DivBackward0>)
Memory status after this epoch: 
Memory allocated:  187.25048828125
Memory cached:  394.0
[I 2023-12-20 09:58:25,883] Trial 108 finished with value: 0.29438409209251404 and parameters: {'W_layers': 5, 'W_layer_units_exponent_0': 7, 'W_layer_units_exponent_1': 9, 'W_layer_units_exponent_2': 5, 'W_layer_units_exponent_3': 5, 'W_layer_units_exponent_4': 7, 'D_layers': 5, 'D_layer_units_exponent_0': 8, 'D_layer_units_exponent_1': 9, 'D_layer_units_exponent_2': 10, 'D_layer_units_exponent_3': 4, 'D_layer_units_exponent_4': 4, 'D_dagger_layers': 5, 'D_dagger_layer_units_exponent_0': 10, 'D_dagger_layer_units_exponent_1': 7, 'D_dagger_layer_units_exponent_2': 5, 'D_dagger_layer_units_exponent_3': 5, 'D_dagger_layer_units_exponent_4': 9, 'log_learning_rate': -2.3283317759799247, 'log_learning_rate_D': -4.120434097680395, 'log_learning_rate_D_dagger': -2.5972527320701877, 'training_batch_size': 6, 'training_p': 2}. Best is trial 102 with value: 0.13158240914344788.
Time for this trial:  357.7586076259613
Memory status after this trial: 
Memory allocated:  409.01708984375
Memory cached:  430.0
--------------------  Trial  109   --------------------
Start timing: 
Parameters: 
{'W_layers': 4, 'W_layer_units_exponent_0': 8, 'W_layer_units_exponent_1': 8, 'W_layer_units_exponent_2': 10, 'W_layer_units_exponent_3': 6, 'D_layers': 6, 'D_layer_units_exponent_0': 7, 'D_layer_units_exponent_1': 8, 'D_layer_units_exponent_2': 5, 'D_layer_units_exponent_3': 8, 'D_layer_units_exponent_4': 5, 'D_layer_units_exponent_5': 9, 'D_dagger_layers': 7, 'D_dagger_layer_units_exponent_0': 9, 'D_dagger_layer_units_exponent_1': 6, 'D_dagger_layer_units_exponent_2': 4, 'D_dagger_layer_units_exponent_3': 4, 'D_dagger_layer_units_exponent_4': 7, 'D_dagger_layer_units_exponent_5': 6, 'D_dagger_layer_units_exponent_6': 9, 'log_learning_rate': -2.0490628442509355, 'log_learning_rate_D': -4.493831615444146, 'log_learning_rate_D_dagger': -2.921899366446808, 'training_batch_size': 6, 'training_p': 4}
	 epoch  0 training error:  tensor(3.4849, device='cuda:0', grad_fn=<DivBackward0>)
Memory status after this epoch: 
Memory allocated:  181.62744140625
Memory cached:  362.0
	 epoch  10 training error:  tensor(0.4959, device='cuda:0', grad_fn=<DivBackward0>)
Memory status after this epoch: 
Memory allocated:  181.62744140625
Memory cached:  372.0
	 epoch  20 training error:  tensor(0.4805, device='cuda:0', grad_fn=<DivBackward0>)
Memory status after this epoch: 
Memory allocated:  181.62744140625
Memory cached:  368.0
	 epoch  30 training error:  tensor(0.4451, device='cuda:0', grad_fn=<DivBackward0>)
Memory status after this epoch: 
Memory allocated:  181.62744140625
Memory cached:  368.0
	 epoch  40 training error:  tensor(0.4432, device='cuda:0', grad_fn=<DivBackward0>)
Memory status after this epoch: 
Memory allocated:  181.62744140625
Memory cached:  368.0
	 epoch  50 training error:  tensor(0.4449, device='cuda:0', grad_fn=<DivBackward0>)
Memory status after this epoch: 
Memory allocated:  181.62744140625
Memory cached:  370.0
	 epoch  60 training error:  tensor(0.4543, device='cuda:0', grad_fn=<DivBackward0>)
Memory status after this epoch: 
Memory allocated:  181.62744140625
Memory cached:  368.0
	 epoch  70 training error:  tensor(0.4514, device='cuda:0', grad_fn=<DivBackward0>)
Memory status after this epoch: 
Memory allocated:  181.62744140625
Memory cached:  372.0
	 epoch  80 training error:  tensor(0.4450, device='cuda:0', grad_fn=<DivBackward0>)
Memory status after this epoch: 
Memory allocated:  181.62744140625
Memory cached:  374.0
	 epoch  90 training error:  tensor(0.4427, device='cuda:0', grad_fn=<DivBackward0>)
Memory status after this epoch: 
Memory allocated:  181.62744140625
Memory cached:  370.0
[I 2023-12-20 10:04:50,436] Trial 109 finished with value: 0.34384897351264954 and parameters: {'W_layers': 4, 'W_layer_units_exponent_0': 8, 'W_layer_units_exponent_1': 8, 'W_layer_units_exponent_2': 10, 'W_layer_units_exponent_3': 6, 'D_layers': 6, 'D_layer_units_exponent_0': 7, 'D_layer_units_exponent_1': 8, 'D_layer_units_exponent_2': 5, 'D_layer_units_exponent_3': 8, 'D_layer_units_exponent_4': 5, 'D_layer_units_exponent_5': 9, 'D_dagger_layers': 7, 'D_dagger_layer_units_exponent_0': 9, 'D_dagger_layer_units_exponent_1': 6, 'D_dagger_layer_units_exponent_2': 4, 'D_dagger_layer_units_exponent_3': 4, 'D_dagger_layer_units_exponent_4': 7, 'D_dagger_layer_units_exponent_5': 6, 'D_dagger_layer_units_exponent_6': 9, 'log_learning_rate': -2.0490628442509355, 'log_learning_rate_D': -4.493831615444146, 'log_learning_rate_D_dagger': -2.921899366446808, 'training_batch_size': 6, 'training_p': 4}. Best is trial 102 with value: 0.13158240914344788.
Time for this trial:  384.10201954841614
Memory status after this trial: 
Memory allocated:  389.6279296875
Memory cached:  394.0
--------------------  Trial  110   --------------------
Start timing: 
Parameters: 
{'W_layers': 5, 'W_layer_units_exponent_0': 6, 'W_layer_units_exponent_1': 9, 'W_layer_units_exponent_2': 6, 'W_layer_units_exponent_3': 4, 'W_layer_units_exponent_4': 6, 'D_layers': 5, 'D_layer_units_exponent_0': 10, 'D_layer_units_exponent_1': 10, 'D_layer_units_exponent_2': 5, 'D_layer_units_exponent_3': 5, 'D_layer_units_exponent_4': 4, 'D_dagger_layers': 3, 'D_dagger_layer_units_exponent_0': 10, 'D_dagger_layer_units_exponent_1': 6, 'D_dagger_layer_units_exponent_2': 5, 'log_learning_rate': -2.193134491918899, 'log_learning_rate_D': -4.273939300046028, 'log_learning_rate_D_dagger': -2.707415778518711, 'training_batch_size': 7, 'training_p': 3}
	 epoch  0 training error:  tensor(1.0277, device='cuda:0', grad_fn=<DivBackward0>)
Memory status after this epoch: 
Memory allocated:  191.90283203125
Memory cached:  384.0
	 epoch  10 training error:  tensor(0.4017, device='cuda:0', grad_fn=<DivBackward0>)
Memory status after this epoch: 
Memory allocated:  191.90283203125
Memory cached:  394.0
	 epoch  20 training error:  tensor(0.4109, device='cuda:0', grad_fn=<DivBackward0>)
Memory status after this epoch: 
Memory allocated:  191.90283203125
Memory cached:  398.0
	 epoch  30 training error:  tensor(0.3772, device='cuda:0', grad_fn=<DivBackward0>)
Memory status after this epoch: 
Memory allocated:  191.90283203125
Memory cached:  392.0
	 epoch  40 training error:  tensor(0.3782, device='cuda:0', grad_fn=<DivBackward0>)
Memory status after this epoch: 
Memory allocated:  191.90283203125
Memory cached:  398.0
	 epoch  50 training error:  tensor(0.3776, device='cuda:0', grad_fn=<DivBackward0>)
Memory status after this epoch: 
Memory allocated:  191.90283203125
Memory cached:  400.0
	 epoch  60 training error:  tensor(0.3695, device='cuda:0', grad_fn=<DivBackward0>)
Memory status after this epoch: 
Memory allocated:  191.90283203125
Memory cached:  396.0
	 epoch  70 training error:  tensor(0.3535, device='cuda:0', grad_fn=<DivBackward0>)
Memory status after this epoch: 
Memory allocated:  191.90283203125
Memory cached:  394.0
	 epoch  80 training error:  tensor(0.3333, device='cuda:0', grad_fn=<DivBackward0>)
Memory status after this epoch: 
Memory allocated:  191.90283203125
Memory cached:  400.0
	 epoch  90 training error:  tensor(0.3063, device='cuda:0', grad_fn=<DivBackward0>)
Memory status after this epoch: 
Memory allocated:  191.90283203125
Memory cached:  398.0
