[I 2024-01-03 21:18:08,824] Trial 114 finished with value: 0.34263405203819275 and parameters: {'W_layers': 5, 'W_layer_units_exponent_0': 10, 'W_layer_units_exponent_1': 5, 'W_layer_units_exponent_2': 8, 'W_layer_units_exponent_3': 5, 'W_layer_units_exponent_4': 7, 'D_layers': 3, 'D_layer_units_exponent_0': 9, 'D_layer_units_exponent_1': 6, 'D_layer_units_exponent_2': 7, 'D_dagger_layers': 4, 'D_dagger_layer_units_exponent_0': 9, 'D_dagger_layer_units_exponent_1': 10, 'D_dagger_layer_units_exponent_2': 8, 'D_dagger_layer_units_exponent_3': 5, 'log_learning_rate': -4.107366390284816, 'log_learning_rate_D': -2.246393375151257, 'log_learning_rate_D_dagger': -2.985439254873663, 'training_batch_size': 10, 'training_p': 4}. Best is trial 87 with value: 0.11369848251342773.
Time for this trial:  182.7101709842682
Memory status after this trial: 
Memory allocated:  487.4228515625
Memory cached:  586.0
--------------------  Trial  115   --------------------
Start timing: 
Parameters: 
{'W_layers': 4, 'W_layer_units_exponent_0': 10, 'W_layer_units_exponent_1': 5, 'W_layer_units_exponent_2': 7, 'W_layer_units_exponent_3': 6, 'D_layers': 4, 'D_layer_units_exponent_0': 10, 'D_layer_units_exponent_1': 7, 'D_layer_units_exponent_2': 8, 'D_layer_units_exponent_3': 9, 'D_dagger_layers': 4, 'D_dagger_layer_units_exponent_0': 9, 'D_dagger_layer_units_exponent_1': 10, 'D_dagger_layer_units_exponent_2': 7, 'D_dagger_layer_units_exponent_3': 4, 'log_learning_rate': -4.439367428733881, 'log_learning_rate_D': -2.754691703551997, 'log_learning_rate_D_dagger': -3.1764824982488773, 'training_batch_size': 9, 'training_p': 6}
	 epoch  0 training error:  tensor(1.0917, device='cuda:0', grad_fn=<DivBackward0>)
Memory status after this epoch: 
Memory allocated:  284.63623046875
Memory cached:  602.0
	 epoch  10 training error:  tensor(0.5264, device='cuda:0', grad_fn=<DivBackward0>)
Memory status after this epoch: 
Memory allocated:  284.63623046875
Memory cached:  644.0
	 epoch  20 training error:  tensor(0.5102, device='cuda:0', grad_fn=<DivBackward0>)
Memory status after this epoch: 
Memory allocated:  284.63623046875
Memory cached:  640.0
	 epoch  30 training error:  tensor(0.5112, device='cuda:0', grad_fn=<DivBackward0>)
Memory status after this epoch: 
Memory allocated:  284.63623046875
Memory cached:  636.0
	 epoch  40 training error:  tensor(0.5054, device='cuda:0', grad_fn=<DivBackward0>)
Memory status after this epoch: 
Memory allocated:  284.63623046875
Memory cached:  636.0
	 epoch  50 training error:  tensor(0.5183, device='cuda:0', grad_fn=<DivBackward0>)
Memory status after this epoch: 
Memory allocated:  284.63623046875
Memory cached:  640.0
	 epoch  60 training error:  tensor(0.5111, device='cuda:0', grad_fn=<DivBackward0>)
Memory status after this epoch: 
Memory allocated:  284.63623046875
Memory cached:  644.0
	 epoch  70 training error:  tensor(0.5029, device='cuda:0', grad_fn=<DivBackward0>)
Memory status after this epoch: 
Memory allocated:  284.63623046875
Memory cached:  648.0
	 epoch  80 training error:  tensor(0.4974, device='cuda:0', grad_fn=<DivBackward0>)
Memory status after this epoch: 
Memory allocated:  284.63623046875
Memory cached:  634.0
	 epoch  90 training error:  tensor(0.5089, device='cuda:0', grad_fn=<DivBackward0>)
Memory status after this epoch: 
Memory allocated:  284.63623046875
Memory cached:  634.0
[I 2024-01-03 21:21:17,982] Trial 115 finished with value: 0.36461779475212097 and parameters: {'W_layers': 4, 'W_layer_units_exponent_0': 10, 'W_layer_units_exponent_1': 5, 'W_layer_units_exponent_2': 7, 'W_layer_units_exponent_3': 6, 'D_layers': 4, 'D_layer_units_exponent_0': 10, 'D_layer_units_exponent_1': 7, 'D_layer_units_exponent_2': 8, 'D_layer_units_exponent_3': 9, 'D_dagger_layers': 4, 'D_dagger_layer_units_exponent_0': 9, 'D_dagger_layer_units_exponent_1': 10, 'D_dagger_layer_units_exponent_2': 7, 'D_dagger_layer_units_exponent_3': 4, 'log_learning_rate': -4.439367428733881, 'log_learning_rate_D': -2.754691703551997, 'log_learning_rate_D_dagger': -3.1764824982488773, 'training_batch_size': 9, 'training_p': 6}. Best is trial 87 with value: 0.11369848251342773.
Time for this trial:  188.637433052063
Memory status after this trial: 
Memory allocated:  530.7705078125
Memory cached:  606.0
--------------------  Trial  116   --------------------
Start timing: 
Parameters: 
{'W_layers': 4, 'W_layer_units_exponent_0': 10, 'W_layer_units_exponent_1': 10, 'W_layer_units_exponent_2': 8, 'W_layer_units_exponent_3': 4, 'D_layers': 3, 'D_layer_units_exponent_0': 9, 'D_layer_units_exponent_1': 6, 'D_layer_units_exponent_2': 8, 'D_dagger_layers': 4, 'D_dagger_layer_units_exponent_0': 10, 'D_dagger_layer_units_exponent_1': 9, 'D_dagger_layer_units_exponent_2': 4, 'D_dagger_layer_units_exponent_3': 4, 'log_learning_rate': -4.357978223247055, 'log_learning_rate_D': -2.557425685487267, 'log_learning_rate_D_dagger': -3.3567777622054247, 'training_batch_size': 10, 'training_p': 8}
	 epoch  0 training error:  tensor(0.9480, device='cuda:0', grad_fn=<DivBackward0>)
Memory status after this epoch: 
Memory allocated:  298.36279296875
Memory cached:  632.0
	 epoch  10 training error:  tensor(0.5951, device='cuda:0', grad_fn=<DivBackward0>)
Memory status after this epoch: 
Memory allocated:  298.36279296875
Memory cached:  676.0
	 epoch  20 training error:  tensor(0.5805, device='cuda:0', grad_fn=<DivBackward0>)
Memory status after this epoch: 
Memory allocated:  298.36279296875
Memory cached:  686.0
	 epoch  30 training error:  tensor(0.5610, device='cuda:0', grad_fn=<DivBackward0>)
Memory status after this epoch: 
Memory allocated:  298.36279296875
Memory cached:  684.0
	 epoch  40 training error:  tensor(0.5495, device='cuda:0', grad_fn=<DivBackward0>)
Memory status after this epoch: 
Memory allocated:  298.36279296875
Memory cached:  682.0
	 epoch  50 training error:  tensor(0.5528, device='cuda:0', grad_fn=<DivBackward0>)
Memory status after this epoch: 
Memory allocated:  298.36279296875
Memory cached:  684.0
	 epoch  60 training error:  tensor(0.5508, device='cuda:0', grad_fn=<DivBackward0>)
Memory status after this epoch: 
Memory allocated:  298.36279296875
Memory cached:  682.0
	 epoch  70 training error:  tensor(0.5477, device='cuda:0', grad_fn=<DivBackward0>)
Memory status after this epoch: 
Memory allocated:  298.36279296875
Memory cached:  688.0
	 epoch  80 training error:  tensor(0.5426, device='cuda:0', grad_fn=<DivBackward0>)
Memory status after this epoch: 
Memory allocated:  298.36279296875
Memory cached:  680.0
	 epoch  90 training error:  tensor(0.5358, device='cuda:0', grad_fn=<DivBackward0>)
Memory status after this epoch: 
Memory allocated:  298.36279296875
Memory cached:  680.0
[I 2024-01-03 21:24:18,197] Trial 116 finished with value: 0.43910250067710876 and parameters: {'W_layers': 4, 'W_layer_units_exponent_0': 10, 'W_layer_units_exponent_1': 10, 'W_layer_units_exponent_2': 8, 'W_layer_units_exponent_3': 4, 'D_layers': 3, 'D_layer_units_exponent_0': 9, 'D_layer_units_exponent_1': 6, 'D_layer_units_exponent_2': 8, 'D_dagger_layers': 4, 'D_dagger_layer_units_exponent_0': 10, 'D_dagger_layer_units_exponent_1': 9, 'D_dagger_layer_units_exponent_2': 4, 'D_dagger_layer_units_exponent_3': 4, 'log_learning_rate': -4.357978223247055, 'log_learning_rate_D': -2.557425685487267, 'log_learning_rate_D_dagger': -3.3567777622054247, 'training_batch_size': 10, 'training_p': 8}. Best is trial 87 with value: 0.11369848251342773.
Time for this trial:  179.7659351825714
Memory status after this trial: 
Memory allocated:  533.99609375
Memory cached:  656.0
--------------------  Trial  117   --------------------
Start timing: 
Parameters: 
{'W_layers': 5, 'W_layer_units_exponent_0': 10, 'W_layer_units_exponent_1': 4, 'W_layer_units_exponent_2': 7, 'W_layer_units_exponent_3': 5, 'W_layer_units_exponent_4': 8, 'D_layers': 4, 'D_layer_units_exponent_0': 10, 'D_layer_units_exponent_1': 7, 'D_layer_units_exponent_2': 9, 'D_layer_units_exponent_3': 8, 'D_dagger_layers': 4, 'D_dagger_layer_units_exponent_0': 9, 'D_dagger_layer_units_exponent_1': 10, 'D_dagger_layer_units_exponent_2': 5, 'D_dagger_layer_units_exponent_3': 5, 'log_learning_rate': -4.20020303204161, 'log_learning_rate_D': -3.0803928137440417, 'log_learning_rate_D_dagger': -3.099990278749429, 'training_batch_size': 9, 'training_p': 7}
	 epoch  0 training error:  tensor(1.0215, device='cuda:0', grad_fn=<DivBackward0>)
Memory status after this epoch: 
Memory allocated:  283.40380859375
Memory cached:  598.0
	 epoch  10 training error:  tensor(0.5551, device='cuda:0', grad_fn=<DivBackward0>)
Memory status after this epoch: 
Memory allocated:  283.40380859375
Memory cached:  668.0
	 epoch  20 training error:  tensor(0.5353, device='cuda:0', grad_fn=<DivBackward0>)
Memory status after this epoch: 
Memory allocated:  283.40380859375
Memory cached:  662.0
	 epoch  30 training error:  tensor(0.5334, device='cuda:0', grad_fn=<DivBackward0>)
Memory status after this epoch: 
Memory allocated:  283.40380859375
Memory cached:  664.0
	 epoch  40 training error:  tensor(0.5229, device='cuda:0', grad_fn=<DivBackward0>)
Memory status after this epoch: 
Memory allocated:  283.40380859375
Memory cached:  658.0
	 epoch  50 training error:  tensor(0.4725, device='cuda:0', grad_fn=<DivBackward0>)
Memory status after this epoch: 
Memory allocated:  283.40380859375
Memory cached:  656.0
	 epoch  60 training error:  tensor(0.3704, device='cuda:0', grad_fn=<DivBackward0>)
Memory status after this epoch: 
Memory allocated:  283.40380859375
Memory cached:  660.0
	 epoch  70 training error:  tensor(0.3142, device='cuda:0', grad_fn=<DivBackward0>)
Memory status after this epoch: 
Memory allocated:  283.40380859375
Memory cached:  652.0
	 epoch  80 training error:  tensor(0.2644, device='cuda:0', grad_fn=<DivBackward0>)
Memory status after this epoch: 
Memory allocated:  283.40380859375
Memory cached:  664.0
	 epoch  90 training error:  tensor(0.1753, device='cuda:0', grad_fn=<DivBackward0>)
Memory status after this epoch: 
Memory allocated:  283.40380859375
Memory cached:  656.0
[I 2024-01-03 21:27:34,274] Trial 117 finished with value: 0.15329591929912567 and parameters: {'W_layers': 5, 'W_layer_units_exponent_0': 10, 'W_layer_units_exponent_1': 4, 'W_layer_units_exponent_2': 7, 'W_layer_units_exponent_3': 5, 'W_layer_units_exponent_4': 8, 'D_layers': 4, 'D_layer_units_exponent_0': 10, 'D_layer_units_exponent_1': 7, 'D_layer_units_exponent_2': 9, 'D_layer_units_exponent_3': 8, 'D_dagger_layers': 4, 'D_dagger_layer_units_exponent_0': 9, 'D_dagger_layer_units_exponent_1': 10, 'D_dagger_layer_units_exponent_2': 5, 'D_dagger_layer_units_exponent_3': 5, 'log_learning_rate': -4.20020303204161, 'log_learning_rate_D': -3.0803928137440417, 'log_learning_rate_D_dagger': -3.099990278749429, 'training_batch_size': 9, 'training_p': 7}. Best is trial 87 with value: 0.11369848251342773.
Time for this trial:  195.65986561775208
Memory status after this trial: 
Memory allocated:  537.361328125
Memory cached:  626.0
--------------------  Trial  118   --------------------
Start timing: 
Parameters: 
{'W_layers': 6, 'W_layer_units_exponent_0': 10, 'W_layer_units_exponent_1': 4, 'W_layer_units_exponent_2': 7, 'W_layer_units_exponent_3': 5, 'W_layer_units_exponent_4': 8, 'W_layer_units_exponent_5': 10, 'D_layers': 3, 'D_layer_units_exponent_0': 10, 'D_layer_units_exponent_1': 7, 'D_layer_units_exponent_2': 9, 'D_dagger_layers': 4, 'D_dagger_layer_units_exponent_0': 10, 'D_dagger_layer_units_exponent_1': 10, 'D_dagger_layer_units_exponent_2': 4, 'D_dagger_layer_units_exponent_3': 5, 'log_learning_rate': -4.210064156626477, 'log_learning_rate_D': -3.0522324536865826, 'log_learning_rate_D_dagger': -2.9042204518280723, 'training_batch_size': 9, 'training_p': 7}
	 epoch  0 training error:  tensor(1.0048, device='cuda:0', grad_fn=<DivBackward0>)
Memory status after this epoch: 
Memory allocated:  293.22021484375
Memory cached:  618.0
	 epoch  10 training error:  tensor(0.5567, device='cuda:0', grad_fn=<DivBackward0>)
Memory status after this epoch: 
Memory allocated:  293.22021484375
Memory cached:  670.0
	 epoch  20 training error:  tensor(0.5332, device='cuda:0', grad_fn=<DivBackward0>)
Memory status after this epoch: 
Memory allocated:  293.22021484375
Memory cached:  654.0
	 epoch  30 training error:  tensor(0.5294, device='cuda:0', grad_fn=<DivBackward0>)
Memory status after this epoch: 
Memory allocated:  293.22021484375
Memory cached:  666.0
	 epoch  40 training error:  tensor(0.5201, device='cuda:0', grad_fn=<DivBackward0>)
Memory status after this epoch: 
Memory allocated:  293.22021484375
Memory cached:  664.0
	 epoch  50 training error:  tensor(0.7076, device='cuda:0', grad_fn=<DivBackward0>)
Memory status after this epoch: 
Memory allocated:  293.22021484375
Memory cached:  670.0
	 epoch  60 training error:  tensor(0.4436, device='cuda:0', grad_fn=<DivBackward0>)
Memory status after this epoch: 
Memory allocated:  293.22021484375
Memory cached:  658.0
	 epoch  70 training error:  tensor(0.3344, device='cuda:0', grad_fn=<DivBackward0>)
Memory status after this epoch: 
Memory allocated:  293.22021484375
Memory cached:  660.0
	 epoch  80 training error:  tensor(0.2757, device='cuda:0', grad_fn=<DivBackward0>)
Memory status after this epoch: 
Memory allocated:  293.22021484375
Memory cached:  660.0
	 epoch  90 training error:  tensor(0.2377, device='cuda:0', grad_fn=<DivBackward0>)
Memory status after this epoch: 
Memory allocated:  293.22021484375
Memory cached:  668.0
[I 2024-01-03 21:30:59,960] Trial 118 finished with value: 0.12404903024435043 and parameters: {'W_layers': 6, 'W_layer_units_exponent_0': 10, 'W_layer_units_exponent_1': 4, 'W_layer_units_exponent_2': 7, 'W_layer_units_exponent_3': 5, 'W_layer_units_exponent_4': 8, 'W_layer_units_exponent_5': 10, 'D_layers': 3, 'D_layer_units_exponent_0': 10, 'D_layer_units_exponent_1': 7, 'D_layer_units_exponent_2': 9, 'D_dagger_layers': 4, 'D_dagger_layer_units_exponent_0': 10, 'D_dagger_layer_units_exponent_1': 10, 'D_dagger_layer_units_exponent_2': 4, 'D_dagger_layer_units_exponent_3': 5, 'log_learning_rate': -4.210064156626477, 'log_learning_rate_D': -3.0522324536865826, 'log_learning_rate_D_dagger': -2.9042204518280723, 'training_batch_size': 9, 'training_p': 7}. Best is trial 87 with value: 0.11369848251342773.
Time for this trial:  205.2280559539795
Memory status after this trial: 
Memory allocated:  602.2890625
Memory cached:  624.0
--------------------  Trial  119   --------------------
Start timing: 
Parameters: 
{'W_layers': 6, 'W_layer_units_exponent_0': 10, 'W_layer_units_exponent_1': 4, 'W_layer_units_exponent_2': 7, 'W_layer_units_exponent_3': 5, 'W_layer_units_exponent_4': 8, 'W_layer_units_exponent_5': 10, 'D_layers': 4, 'D_layer_units_exponent_0': 10, 'D_layer_units_exponent_1': 7, 'D_layer_units_exponent_2': 9, 'D_layer_units_exponent_3': 10, 'D_dagger_layers': 4, 'D_dagger_layer_units_exponent_0': 10, 'D_dagger_layer_units_exponent_1': 10, 'D_dagger_layer_units_exponent_2': 4, 'D_dagger_layer_units_exponent_3': 5, 'log_learning_rate': -4.631729715513026, 'log_learning_rate_D': -3.0855048473642324, 'log_learning_rate_D_dagger': -2.8772841070889594, 'training_batch_size': 9, 'training_p': 7}
	 epoch  0 training error:  tensor(0.9799, device='cuda:0', grad_fn=<DivBackward0>)
Memory status after this epoch: 
Memory allocated:  301.24365234375
Memory cached:  624.0
	 epoch  10 training error:  tensor(0.5451, device='cuda:0', grad_fn=<DivBackward0>)
Memory status after this epoch: 
Memory allocated:  301.24365234375
Memory cached:  650.0
	 epoch  20 training error:  tensor(0.5385, device='cuda:0', grad_fn=<DivBackward0>)
Memory status after this epoch: 
Memory allocated:  301.24365234375
Memory cached:  654.0
	 epoch  30 training error:  tensor(0.5136, device='cuda:0', grad_fn=<DivBackward0>)
Memory status after this epoch: 
Memory allocated:  301.24365234375
Memory cached:  654.0
	 epoch  40 training error:  tensor(0.5532, device='cuda:0', grad_fn=<DivBackward0>)
Memory status after this epoch: 
Memory allocated:  301.24365234375
Memory cached:  664.0
	 epoch  50 training error:  tensor(0.6099, device='cuda:0', grad_fn=<DivBackward0>)
Memory status after this epoch: 
Memory allocated:  301.24365234375
Memory cached:  658.0
	 epoch  60 training error:  tensor(0.5240, device='cuda:0', grad_fn=<DivBackward0>)
Memory status after this epoch: 
Memory allocated:  301.24365234375
Memory cached:  656.0
	 epoch  70 training error:  tensor(0.3879, device='cuda:0', grad_fn=<DivBackward0>)
Memory status after this epoch: 
Memory allocated:  301.24365234375
Memory cached:  658.0
	 epoch  80 training error:  tensor(0.3157, device='cuda:0', grad_fn=<DivBackward0>)
Memory status after this epoch: 
Memory allocated:  301.24365234375
Memory cached:  656.0
	 epoch  90 training error:  tensor(0.2559, device='cuda:0', grad_fn=<DivBackward0>)
Memory status after this epoch: 
Memory allocated:  301.24365234375
Memory cached:  652.0
[I 2024-01-03 21:34:37,142] Trial 119 finished with value: 0.18221847712993622 and parameters: {'W_layers': 6, 'W_layer_units_exponent_0': 10, 'W_layer_units_exponent_1': 4, 'W_layer_units_exponent_2': 7, 'W_layer_units_exponent_3': 5, 'W_layer_units_exponent_4': 8, 'W_layer_units_exponent_5': 10, 'D_layers': 4, 'D_layer_units_exponent_0': 10, 'D_layer_units_exponent_1': 7, 'D_layer_units_exponent_2': 9, 'D_layer_units_exponent_3': 10, 'D_dagger_layers': 4, 'D_dagger_layer_units_exponent_0': 10, 'D_dagger_layer_units_exponent_1': 10, 'D_dagger_layer_units_exponent_2': 4, 'D_dagger_layer_units_exponent_3': 5, 'log_learning_rate': -4.631729715513026, 'log_learning_rate_D': -3.0855048473642324, 'log_learning_rate_D_dagger': -2.8772841070889594, 'training_batch_size': 9, 'training_p': 7}. Best is trial 87 with value: 0.11369848251342773.
Time for this trial:  216.691663980484
Memory status after this trial: 
Memory allocated:  656.57421875
Memory cached:  682.0
--------------------  Trial  120   --------------------
Start timing: 
Parameters: 
{'W_layers': 6, 'W_layer_units_exponent_0': 10, 'W_layer_units_exponent_1': 4, 'W_layer_units_exponent_2': 6, 'W_layer_units_exponent_3': 5, 'W_layer_units_exponent_4': 8, 'W_layer_units_exponent_5': 10, 'D_layers': 2, 'D_layer_units_exponent_0': 10, 'D_layer_units_exponent_1': 8, 'D_dagger_layers': 4, 'D_dagger_layer_units_exponent_0': 10, 'D_dagger_layer_units_exponent_1': 9, 'D_dagger_layer_units_exponent_2': 4, 'D_dagger_layer_units_exponent_3': 5, 'log_learning_rate': -4.287631034829543, 'log_learning_rate_D': -3.1359907030761383, 'log_learning_rate_D_dagger': -3.0917474855280314, 'training_batch_size': 8, 'training_p': 7}
	 epoch  0 training error:  tensor(0.9284, device='cuda:0', grad_fn=<DivBackward0>)
Memory status after this epoch: 
Memory allocated:  286.03076171875
Memory cached:  602.0
	 epoch  10 training error:  tensor(0.5733, device='cuda:0', grad_fn=<DivBackward0>)
Memory status after this epoch: 
Memory allocated:  286.03076171875
Memory cached:  656.0
	 epoch  20 training error:  tensor(0.5288, device='cuda:0', grad_fn=<DivBackward0>)
Memory status after this epoch: 
Memory allocated:  286.03076171875
Memory cached:  650.0
	 epoch  30 training error:  tensor(0.5270, device='cuda:0', grad_fn=<DivBackward0>)
Memory status after this epoch: 
Memory allocated:  286.03076171875
Memory cached:  642.0
	 epoch  40 training error:  tensor(0.5221, device='cuda:0', grad_fn=<DivBackward0>)
Memory status after this epoch: 
Memory allocated:  286.03076171875
Memory cached:  646.0
	 epoch  50 training error:  tensor(0.5207, device='cuda:0', grad_fn=<DivBackward0>)
Memory status after this epoch: 
Memory allocated:  286.03076171875
Memory cached:  646.0
	 epoch  60 training error:  tensor(0.5270, device='cuda:0', grad_fn=<DivBackward0>)
Memory status after this epoch: 
Memory allocated:  286.03076171875
Memory cached:  642.0
	 epoch  70 training error:  tensor(0.5141, device='cuda:0', grad_fn=<DivBackward0>)
Memory status after this epoch: 
Memory allocated:  286.03076171875
Memory cached:  652.0
	 epoch  80 training error:  tensor(0.4950, device='cuda:0', grad_fn=<DivBackward0>)
Memory status after this epoch: 
Memory allocated:  286.03076171875
Memory cached:  648.0
	 epoch  90 training error:  tensor(0.5804, device='cuda:0', grad_fn=<DivBackward0>)
Memory status after this epoch: 
Memory allocated:  286.03076171875
Memory cached:  648.0
