[I 2023-12-07 04:56:30,527] Trial 44 finished with value: 0.33373111486434937 and parameters: {'W_layers': 7, 'W_layer_units_exponent_0': 8, 'W_layer_units_exponent_1': 9, 'W_layer_units_exponent_2': 5, 'W_layer_units_exponent_3': 4, 'W_layer_units_exponent_4': 10, 'W_layer_units_exponent_5': 9, 'W_layer_units_exponent_6': 7, 'D_layers': 4, 'D_layer_units_exponent_0': 10, 'D_layer_units_exponent_1': 5, 'D_layer_units_exponent_2': 4, 'D_layer_units_exponent_3': 8, 'D_dagger_layers': 8, 'D_dagger_layer_units_exponent_0': 9, 'D_dagger_layer_units_exponent_1': 8, 'D_dagger_layer_units_exponent_2': 4, 'D_dagger_layer_units_exponent_3': 6, 'D_dagger_layer_units_exponent_4': 4, 'D_dagger_layer_units_exponent_5': 7, 'D_dagger_layer_units_exponent_6': 9, 'D_dagger_layer_units_exponent_7': 4, 'log_learning_rate': -3.5436926887204274, 'log_learning_rate_D': -3.1444443842265244, 'log_learning_rate_D_dagger': -2.57124296529447, 'training_batch_size': 8, 'training_p': 3}. Best is trial 25 with value: 0.33126506209373474.
Time for this trial:  20.95973038673401
Memory status after this trial: 
Memory allocated:  385.75439453125
Memory cached:  398.0
--------------------  Trial  45   --------------------
Start timing: 
Parameters: 
{'W_layers': 4, 'W_layer_units_exponent_0': 6, 'W_layer_units_exponent_1': 9, 'W_layer_units_exponent_2': 7, 'W_layer_units_exponent_3': 4, 'D_layers': 6, 'D_layer_units_exponent_0': 5, 'D_layer_units_exponent_1': 8, 'D_layer_units_exponent_2': 5, 'D_layer_units_exponent_3': 9, 'D_layer_units_exponent_4': 10, 'D_layer_units_exponent_5': 7, 'D_dagger_layers': 6, 'D_dagger_layer_units_exponent_0': 6, 'D_dagger_layer_units_exponent_1': 4, 'D_dagger_layer_units_exponent_2': 5, 'D_dagger_layer_units_exponent_3': 5, 'D_dagger_layer_units_exponent_4': 5, 'D_dagger_layer_units_exponent_5': 5, 'log_learning_rate': -3.3111107589489075, 'log_learning_rate_D': -2.744093678777525, 'log_learning_rate_D_dagger': -2.845447508527839, 'training_batch_size': 12, 'training_p': 2}
	 epoch  0 training error:  tensor(1.0469, device='cuda:0', grad_fn=<DivBackward0>)
Memory status after this epoch: 
Memory allocated:  165.4267578125
Memory cached:  296.0
	 epoch  10 training error:  tensor(0.5842, device='cuda:0', grad_fn=<DivBackward0>)
Memory status after this epoch: 
Memory allocated:  165.4267578125
Memory cached:  298.0
	 epoch  20 training error:  tensor(0.4158, device='cuda:0', grad_fn=<DivBackward0>)
Memory status after this epoch: 
Memory allocated:  165.4267578125
Memory cached:  298.0
	 epoch  30 training error:  tensor(0.3887, device='cuda:0', grad_fn=<DivBackward0>)
Memory status after this epoch: 
Memory allocated:  165.4267578125
Memory cached:  298.0
	 epoch  40 training error:  tensor(0.3791, device='cuda:0', grad_fn=<DivBackward0>)
Memory status after this epoch: 
Memory allocated:  165.4267578125
Memory cached:  298.0
	 epoch  50 training error:  tensor(0.3746, device='cuda:0', grad_fn=<DivBackward0>)
Memory status after this epoch: 
Memory allocated:  165.4267578125
Memory cached:  298.0
	 epoch  60 training error:  tensor(0.3696, device='cuda:0', grad_fn=<DivBackward0>)
Memory status after this epoch: 
Memory allocated:  165.4267578125
Memory cached:  298.0
	 epoch  70 training error:  tensor(0.3640, device='cuda:0', grad_fn=<DivBackward0>)
Memory status after this epoch: 
Memory allocated:  165.4267578125
Memory cached:  298.0
	 epoch  80 training error:  tensor(0.3594, device='cuda:0', grad_fn=<DivBackward0>)
Memory status after this epoch: 
Memory allocated:  165.4267578125
Memory cached:  298.0
	 epoch  90 training error:  tensor(0.3543, device='cuda:0', grad_fn=<DivBackward0>)
Memory status after this epoch: 
Memory allocated:  165.4267578125
Memory cached:  298.0
[I 2023-12-07 04:56:47,702] Trial 45 finished with value: 0.33972254395484924 and parameters: {'W_layers': 4, 'W_layer_units_exponent_0': 6, 'W_layer_units_exponent_1': 9, 'W_layer_units_exponent_2': 7, 'W_layer_units_exponent_3': 4, 'D_layers': 6, 'D_layer_units_exponent_0': 5, 'D_layer_units_exponent_1': 8, 'D_layer_units_exponent_2': 5, 'D_layer_units_exponent_3': 9, 'D_layer_units_exponent_4': 10, 'D_layer_units_exponent_5': 7, 'D_dagger_layers': 6, 'D_dagger_layer_units_exponent_0': 6, 'D_dagger_layer_units_exponent_1': 4, 'D_dagger_layer_units_exponent_2': 5, 'D_dagger_layer_units_exponent_3': 5, 'D_dagger_layer_units_exponent_4': 5, 'D_dagger_layer_units_exponent_5': 5, 'log_learning_rate': -3.3111107589489075, 'log_learning_rate_D': -2.744093678777525, 'log_learning_rate_D_dagger': -2.845447508527839, 'training_batch_size': 12, 'training_p': 2}. Best is trial 25 with value: 0.33126506209373474.
Time for this trial:  16.924553632736206
Memory status after this trial: 
Memory allocated:  212.39794921875
Memory cached:  298.0
--------------------  Trial  46   --------------------
Start timing: 
Parameters: 
{'W_layers': 8, 'W_layer_units_exponent_0': 7, 'W_layer_units_exponent_1': 10, 'W_layer_units_exponent_2': 6, 'W_layer_units_exponent_3': 4, 'W_layer_units_exponent_4': 9, 'W_layer_units_exponent_5': 8, 'W_layer_units_exponent_6': 5, 'W_layer_units_exponent_7': 8, 'D_layers': 5, 'D_layer_units_exponent_0': 9, 'D_layer_units_exponent_1': 4, 'D_layer_units_exponent_2': 6, 'D_layer_units_exponent_3': 6, 'D_layer_units_exponent_4': 8, 'D_dagger_layers': 7, 'D_dagger_layer_units_exponent_0': 5, 'D_dagger_layer_units_exponent_1': 9, 'D_dagger_layer_units_exponent_2': 7, 'D_dagger_layer_units_exponent_3': 4, 'D_dagger_layer_units_exponent_4': 4, 'D_dagger_layer_units_exponent_5': 6, 'D_dagger_layer_units_exponent_6': 6, 'log_learning_rate': -3.686230629243785, 'log_learning_rate_D': -3.3566458543376934, 'log_learning_rate_D_dagger': -3.047466676123748, 'training_batch_size': 8, 'training_p': 3}
	 epoch  0 training error:  tensor(0.9685, device='cuda:0', grad_fn=<DivBackward0>)
Memory status after this epoch: 
Memory allocated:  167.72412109375
Memory cached:  300.0
	 epoch  10 training error:  tensor(0.4845, device='cuda:0', grad_fn=<DivBackward0>)
Memory status after this epoch: 
Memory allocated:  167.72412109375
Memory cached:  298.0
	 epoch  20 training error:  tensor(0.4178, device='cuda:0', grad_fn=<DivBackward0>)
Memory status after this epoch: 
Memory allocated:  167.72412109375
Memory cached:  298.0
	 epoch  30 training error:  tensor(0.3911, device='cuda:0', grad_fn=<DivBackward0>)
Memory status after this epoch: 
Memory allocated:  167.72412109375
Memory cached:  298.0
	 epoch  40 training error:  tensor(0.3727, device='cuda:0', grad_fn=<DivBackward0>)
Memory status after this epoch: 
Memory allocated:  167.72412109375
Memory cached:  298.0
	 epoch  50 training error:  tensor(0.3639, device='cuda:0', grad_fn=<DivBackward0>)
Memory status after this epoch: 
Memory allocated:  167.72412109375
Memory cached:  298.0
	 epoch  60 training error:  tensor(0.3568, device='cuda:0', grad_fn=<DivBackward0>)
Memory status after this epoch: 
Memory allocated:  167.72412109375
Memory cached:  298.0
	 epoch  70 training error:  tensor(0.3543, device='cuda:0', grad_fn=<DivBackward0>)
Memory status after this epoch: 
Memory allocated:  167.72412109375
Memory cached:  298.0
	 epoch  80 training error:  tensor(0.3560, device='cuda:0', grad_fn=<DivBackward0>)
Memory status after this epoch: 
Memory allocated:  167.72412109375
Memory cached:  298.0
	 epoch  90 training error:  tensor(0.3554, device='cuda:0', grad_fn=<DivBackward0>)
Memory status after this epoch: 
Memory allocated:  167.72412109375
Memory cached:  298.0
[I 2023-12-07 04:57:08,049] Trial 46 finished with value: 0.3361842930316925 and parameters: {'W_layers': 8, 'W_layer_units_exponent_0': 7, 'W_layer_units_exponent_1': 10, 'W_layer_units_exponent_2': 6, 'W_layer_units_exponent_3': 4, 'W_layer_units_exponent_4': 9, 'W_layer_units_exponent_5': 8, 'W_layer_units_exponent_6': 5, 'W_layer_units_exponent_7': 8, 'D_layers': 5, 'D_layer_units_exponent_0': 9, 'D_layer_units_exponent_1': 4, 'D_layer_units_exponent_2': 6, 'D_layer_units_exponent_3': 6, 'D_layer_units_exponent_4': 8, 'D_dagger_layers': 7, 'D_dagger_layer_units_exponent_0': 5, 'D_dagger_layer_units_exponent_1': 9, 'D_dagger_layer_units_exponent_2': 7, 'D_dagger_layer_units_exponent_3': 4, 'D_dagger_layer_units_exponent_4': 4, 'D_dagger_layer_units_exponent_5': 6, 'D_dagger_layer_units_exponent_6': 6, 'log_learning_rate': -3.686230629243785, 'log_learning_rate_D': -3.3566458543376934, 'log_learning_rate_D_dagger': -3.047466676123748, 'training_batch_size': 8, 'training_p': 3}. Best is trial 25 with value: 0.33126506209373474.
Time for this trial:  20.112154960632324
Memory status after this trial: 
Memory allocated:  331.29443359375
Memory cached:  346.0
--------------------  Trial  47   --------------------
Start timing: 
Parameters: 
{'W_layers': 3, 'W_layer_units_exponent_0': 8, 'W_layer_units_exponent_1': 8, 'W_layer_units_exponent_2': 5, 'D_layers': 5, 'D_layer_units_exponent_0': 7, 'D_layer_units_exponent_1': 9, 'D_layer_units_exponent_2': 4, 'D_layer_units_exponent_3': 7, 'D_layer_units_exponent_4': 9, 'D_dagger_layers': 6, 'D_dagger_layer_units_exponent_0': 8, 'D_dagger_layer_units_exponent_1': 6, 'D_dagger_layer_units_exponent_2': 6, 'D_dagger_layer_units_exponent_3': 6, 'D_dagger_layer_units_exponent_4': 5, 'D_dagger_layer_units_exponent_5': 7, 'log_learning_rate': -4.684679246627374, 'log_learning_rate_D': -3.7417800891977855, 'log_learning_rate_D_dagger': -1.6879496547018182, 'training_batch_size': 7, 'training_p': 2}
	 epoch  0 training error:  tensor(1.1297, device='cuda:0', grad_fn=<DivBackward0>)
Memory status after this epoch: 
Memory allocated:  162.95849609375
Memory cached:  296.0
	 epoch  10 training error:  tensor(0.4862, device='cuda:0', grad_fn=<DivBackward0>)
Memory status after this epoch: 
Memory allocated:  162.95849609375
Memory cached:  296.0
	 epoch  20 training error:  tensor(0.3796, device='cuda:0', grad_fn=<DivBackward0>)
Memory status after this epoch: 
Memory allocated:  162.95849609375
Memory cached:  296.0
	 epoch  30 training error:  tensor(0.3649, device='cuda:0', grad_fn=<DivBackward0>)
Memory status after this epoch: 
Memory allocated:  162.95849609375
Memory cached:  296.0
	 epoch  40 training error:  tensor(0.3478, device='cuda:0', grad_fn=<DivBackward0>)
Memory status after this epoch: 
Memory allocated:  162.95849609375
Memory cached:  296.0
	 epoch  50 training error:  tensor(0.3503, device='cuda:0', grad_fn=<DivBackward0>)
Memory status after this epoch: 
Memory allocated:  162.95849609375
Memory cached:  296.0
	 epoch  60 training error:  tensor(0.3464, device='cuda:0', grad_fn=<DivBackward0>)
Memory status after this epoch: 
Memory allocated:  162.95849609375
Memory cached:  296.0
	 epoch  70 training error:  tensor(0.3422, device='cuda:0', grad_fn=<DivBackward0>)
Memory status after this epoch: 
Memory allocated:  162.95849609375
Memory cached:  296.0
	 epoch  80 training error:  tensor(0.3425, device='cuda:0', grad_fn=<DivBackward0>)
Memory status after this epoch: 
Memory allocated:  162.95849609375
Memory cached:  296.0
	 epoch  90 training error:  tensor(0.3438, device='cuda:0', grad_fn=<DivBackward0>)
Memory status after this epoch: 
Memory allocated:  162.95849609375
Memory cached:  296.0
[I 2023-12-07 04:57:24,644] Trial 47 finished with value: 0.33292004466056824 and parameters: {'W_layers': 3, 'W_layer_units_exponent_0': 8, 'W_layer_units_exponent_1': 8, 'W_layer_units_exponent_2': 5, 'D_layers': 5, 'D_layer_units_exponent_0': 7, 'D_layer_units_exponent_1': 9, 'D_layer_units_exponent_2': 4, 'D_layer_units_exponent_3': 7, 'D_layer_units_exponent_4': 9, 'D_dagger_layers': 6, 'D_dagger_layer_units_exponent_0': 8, 'D_dagger_layer_units_exponent_1': 6, 'D_dagger_layer_units_exponent_2': 6, 'D_dagger_layer_units_exponent_3': 6, 'D_dagger_layer_units_exponent_4': 5, 'D_dagger_layer_units_exponent_5': 7, 'log_learning_rate': -4.684679246627374, 'log_learning_rate_D': -3.7417800891977855, 'log_learning_rate_D_dagger': -1.6879496547018182, 'training_batch_size': 7, 'training_p': 2}. Best is trial 25 with value: 0.33126506209373474.
Time for this trial:  16.40350103378296
Memory status after this trial: 
Memory allocated:  224.44091796875
Memory cached:  296.0
--------------------  Trial  48   --------------------
Start timing: 
Parameters: 
{'W_layers': 3, 'W_layer_units_exponent_0': 7, 'W_layer_units_exponent_1': 9, 'W_layer_units_exponent_2': 4, 'D_layers': 5, 'D_layer_units_exponent_0': 7, 'D_layer_units_exponent_1': 9, 'D_layer_units_exponent_2': 4, 'D_layer_units_exponent_3': 8, 'D_layer_units_exponent_4': 9, 'D_dagger_layers': 6, 'D_dagger_layer_units_exponent_0': 8, 'D_dagger_layer_units_exponent_1': 5, 'D_dagger_layer_units_exponent_2': 6, 'D_dagger_layer_units_exponent_3': 7, 'D_dagger_layer_units_exponent_4': 6, 'D_dagger_layer_units_exponent_5': 7, 'log_learning_rate': -4.709209419082085, 'log_learning_rate_D': -3.7472760224141375, 'log_learning_rate_D_dagger': -1.5552283499031747, 'training_batch_size': 6, 'training_p': 3}
	 epoch  0 training error:  tensor(0.7467, device='cuda:0', grad_fn=<DivBackward0>)
Memory status after this epoch: 
Memory allocated:  163.2548828125
Memory cached:  294.0
	 epoch  10 training error:  tensor(0.6222, device='cuda:0', grad_fn=<DivBackward0>)
Memory status after this epoch: 
Memory allocated:  163.2548828125
Memory cached:  294.0
	 epoch  20 training error:  tensor(0.5727, device='cuda:0', grad_fn=<DivBackward0>)
Memory status after this epoch: 
Memory allocated:  163.2548828125
Memory cached:  294.0
	 epoch  30 training error:  tensor(0.4695, device='cuda:0', grad_fn=<DivBackward0>)
Memory status after this epoch: 
Memory allocated:  163.2548828125
Memory cached:  294.0
	 epoch  40 training error:  tensor(0.4259, device='cuda:0', grad_fn=<DivBackward0>)
Memory status after this epoch: 
Memory allocated:  163.2548828125
Memory cached:  294.0
	 epoch  50 training error:  tensor(0.4186, device='cuda:0', grad_fn=<DivBackward0>)
Memory status after this epoch: 
Memory allocated:  163.2548828125
Memory cached:  294.0
	 epoch  60 training error:  tensor(0.4104, device='cuda:0', grad_fn=<DivBackward0>)
Memory status after this epoch: 
Memory allocated:  163.2548828125
Memory cached:  294.0
	 epoch  70 training error:  tensor(0.4210, device='cuda:0', grad_fn=<DivBackward0>)
Memory status after this epoch: 
Memory allocated:  163.2548828125
Memory cached:  294.0
	 epoch  80 training error:  tensor(0.4081, device='cuda:0', grad_fn=<DivBackward0>)
Memory status after this epoch: 
Memory allocated:  163.2548828125
Memory cached:  294.0
	 epoch  90 training error:  tensor(0.4145, device='cuda:0', grad_fn=<DivBackward0>)
Memory status after this epoch: 
Memory allocated:  163.2548828125
Memory cached:  294.0
[I 2023-12-07 04:57:44,172] Trial 48 finished with value: 0.3698757290840149 and parameters: {'W_layers': 3, 'W_layer_units_exponent_0': 7, 'W_layer_units_exponent_1': 9, 'W_layer_units_exponent_2': 4, 'D_layers': 5, 'D_layer_units_exponent_0': 7, 'D_layer_units_exponent_1': 9, 'D_layer_units_exponent_2': 4, 'D_layer_units_exponent_3': 8, 'D_layer_units_exponent_4': 9, 'D_dagger_layers': 6, 'D_dagger_layer_units_exponent_0': 8, 'D_dagger_layer_units_exponent_1': 5, 'D_dagger_layer_units_exponent_2': 6, 'D_dagger_layer_units_exponent_3': 7, 'D_dagger_layer_units_exponent_4': 6, 'D_dagger_layer_units_exponent_5': 7, 'log_learning_rate': -4.709209419082085, 'log_learning_rate_D': -3.7472760224141375, 'log_learning_rate_D_dagger': -1.5552283499031747, 'training_batch_size': 6, 'training_p': 3}. Best is trial 25 with value: 0.33126506209373474.
Time for this trial:  19.338728666305542
Memory status after this trial: 
Memory allocated:  233.99365234375
Memory cached:  306.0
--------------------  Trial  49   --------------------
Start timing: 
Parameters: 
{'W_layers': 2, 'W_layer_units_exponent_0': 8, 'W_layer_units_exponent_1': 10, 'D_layers': 6, 'D_layer_units_exponent_0': 7, 'D_layer_units_exponent_1': 10, 'D_layer_units_exponent_2': 4, 'D_layer_units_exponent_3': 9, 'D_layer_units_exponent_4': 9, 'D_layer_units_exponent_5': 6, 'D_dagger_layers': 5, 'D_dagger_layer_units_exponent_0': 8, 'D_dagger_layer_units_exponent_1': 6, 'D_dagger_layer_units_exponent_2': 6, 'D_dagger_layer_units_exponent_3': 6, 'D_dagger_layer_units_exponent_4': 5, 'log_learning_rate': -4.630963446634653, 'log_learning_rate_D': -4.021514588980281, 'log_learning_rate_D_dagger': -1.7571638166090853, 'training_batch_size': 7, 'training_p': 2}
	 epoch  0 training error:  tensor(0.6609, device='cuda:0', grad_fn=<DivBackward0>)
Memory status after this epoch: 
Memory allocated:  166.974609375
Memory cached:  294.0
	 epoch  10 training error:  tensor(0.5370, device='cuda:0', grad_fn=<DivBackward0>)
Memory status after this epoch: 
Memory allocated:  166.974609375
Memory cached:  294.0
	 epoch  20 training error:  tensor(0.3783, device='cuda:0', grad_fn=<DivBackward0>)
Memory status after this epoch: 
Memory allocated:  166.974609375
Memory cached:  294.0
	 epoch  30 training error:  tensor(0.3771, device='cuda:0', grad_fn=<DivBackward0>)
Memory status after this epoch: 
Memory allocated:  166.974609375
Memory cached:  294.0
	 epoch  40 training error:  tensor(0.3589, device='cuda:0', grad_fn=<DivBackward0>)
Memory status after this epoch: 
Memory allocated:  166.974609375
Memory cached:  294.0
	 epoch  50 training error:  tensor(0.3738, device='cuda:0', grad_fn=<DivBackward0>)
Memory status after this epoch: 
Memory allocated:  166.974609375
Memory cached:  294.0
	 epoch  60 training error:  tensor(0.3597, device='cuda:0', grad_fn=<DivBackward0>)
Memory status after this epoch: 
Memory allocated:  166.974609375
Memory cached:  294.0
	 epoch  70 training error:  tensor(0.3493, device='cuda:0', grad_fn=<DivBackward0>)
Memory status after this epoch: 
Memory allocated:  166.974609375
Memory cached:  294.0
	 epoch  80 training error:  tensor(0.3440, device='cuda:0', grad_fn=<DivBackward0>)
Memory status after this epoch: 
Memory allocated:  166.974609375
Memory cached:  294.0
	 epoch  90 training error:  tensor(0.3407, device='cuda:0', grad_fn=<DivBackward0>)
Memory status after this epoch: 
Memory allocated:  166.974609375
Memory cached:  294.0
[I 2023-12-07 04:58:01,294] Trial 49 finished with value: 0.340075820684433 and parameters: {'W_layers': 2, 'W_layer_units_exponent_0': 8, 'W_layer_units_exponent_1': 10, 'D_layers': 6, 'D_layer_units_exponent_0': 7, 'D_layer_units_exponent_1': 10, 'D_layer_units_exponent_2': 4, 'D_layer_units_exponent_3': 9, 'D_layer_units_exponent_4': 9, 'D_layer_units_exponent_5': 6, 'D_dagger_layers': 5, 'D_dagger_layer_units_exponent_0': 8, 'D_dagger_layer_units_exponent_1': 6, 'D_dagger_layer_units_exponent_2': 6, 'D_dagger_layer_units_exponent_3': 6, 'D_dagger_layer_units_exponent_4': 5, 'log_learning_rate': -4.630963446634653, 'log_learning_rate_D': -4.021514588980281, 'log_learning_rate_D_dagger': -1.7571638166090853, 'training_batch_size': 7, 'training_p': 2}. Best is trial 25 with value: 0.33126506209373474.
Time for this trial:  16.922284603118896
Memory status after this trial: 
Memory allocated:  250.97705078125
Memory cached:  294.0
--------------------  Trial  50   --------------------
Start timing: 
Parameters: 
{'W_layers': 3, 'W_layer_units_exponent_0': 6, 'W_layer_units_exponent_1': 9, 'W_layer_units_exponent_2': 5, 'D_layers': 5, 'D_layer_units_exponent_0': 6, 'D_layer_units_exponent_1': 9, 'D_layer_units_exponent_2': 4, 'D_layer_units_exponent_3': 7, 'D_layer_units_exponent_4': 10, 'D_dagger_layers': 4, 'D_dagger_layer_units_exponent_0': 7, 'D_dagger_layer_units_exponent_1': 6, 'D_dagger_layer_units_exponent_2': 7, 'D_dagger_layer_units_exponent_3': 8, 'log_learning_rate': -4.433828918057711, 'log_learning_rate_D': -3.7054260973579, 'log_learning_rate_D_dagger': -2.030031967392487, 'training_batch_size': 6, 'training_p': 3}
	 epoch  0 training error:  tensor(1.3226, device='cuda:0', grad_fn=<DivBackward0>)
Memory status after this epoch: 
Memory allocated:  162.96533203125
Memory cached:  294.0
	 epoch  10 training error:  tensor(0.4388, device='cuda:0', grad_fn=<DivBackward0>)
Memory status after this epoch: 
Memory allocated:  162.96533203125
Memory cached:  294.0
	 epoch  20 training error:  tensor(0.3955, device='cuda:0', grad_fn=<DivBackward0>)
Memory status after this epoch: 
Memory allocated:  162.96533203125
Memory cached:  294.0
	 epoch  30 training error:  tensor(0.3843, device='cuda:0', grad_fn=<DivBackward0>)
Memory status after this epoch: 
Memory allocated:  162.96533203125
Memory cached:  294.0
	 epoch  40 training error:  tensor(0.3762, device='cuda:0', grad_fn=<DivBackward0>)
Memory status after this epoch: 
Memory allocated:  162.96533203125
Memory cached:  294.0
	 epoch  50 training error:  tensor(0.3727, device='cuda:0', grad_fn=<DivBackward0>)
Memory status after this epoch: 
Memory allocated:  162.96533203125
Memory cached:  294.0
	 epoch  60 training error:  tensor(0.3594, device='cuda:0', grad_fn=<DivBackward0>)
Memory status after this epoch: 
Memory allocated:  162.96533203125
Memory cached:  294.0
	 epoch  70 training error:  tensor(0.3601, device='cuda:0', grad_fn=<DivBackward0>)
Memory status after this epoch: 
Memory allocated:  162.96533203125
Memory cached:  294.0
	 epoch  80 training error:  tensor(0.3619, device='cuda:0', grad_fn=<DivBackward0>)
Memory status after this epoch: 
Memory allocated:  162.96533203125
Memory cached:  294.0
	 epoch  90 training error:  tensor(0.3723, device='cuda:0', grad_fn=<DivBackward0>)
Memory status after this epoch: 
Memory allocated:  162.96533203125
Memory cached:  294.0
