[I 2023-12-03 00:17:21,477] Trial 31 finished with value: 0.037361856549978256 and parameters: {'W_layers': 5, 'W_layer_units_exponent_0': 9, 'W_layer_units_exponent_1': 5, 'W_layer_units_exponent_2': 5, 'W_layer_units_exponent_3': 5, 'W_layer_units_exponent_4': 6, 'D_layers': 7, 'D_layer_units_exponent_0': 4, 'D_layer_units_exponent_1': 7, 'D_layer_units_exponent_2': 7, 'D_layer_units_exponent_3': 6, 'D_layer_units_exponent_4': 6, 'D_layer_units_exponent_5': 9, 'D_layer_units_exponent_6': 8, 'log_learning_rate': -3.29636666810024, 'log_learning_rate_D': -3.2352509458858627, 'training_batch_size': 10, 'training_p': 8}. Best is trial 20 with value: 0.029596377164125443.
Time for this trial:  49.326895236968994
Memory status after this trial: 
Memory allocated:  96.07861328125
Memory cached:  132.0
--------------------  Trial  32   --------------------
Start timing: 
Parameters: 
{'W_layers': 3, 'W_layer_units_exponent_0': 10, 'W_layer_units_exponent_1': 10, 'W_layer_units_exponent_2': 6, 'D_layers': 5, 'D_layer_units_exponent_0': 4, 'D_layer_units_exponent_1': 10, 'D_layer_units_exponent_2': 8, 'D_layer_units_exponent_3': 5, 'D_layer_units_exponent_4': 4, 'log_learning_rate': -3.7381759698192107, 'log_learning_rate_D': -4.958652433530574, 'training_batch_size': 6, 'training_p': 6}
	 epoch  0 training error:  tensor(1.3346, device='cuda:0', grad_fn=<DivBackward0>)
Memory status after this epoch: 
Memory allocated:  73.89404296875
Memory cached:  148.0
	 epoch  10 training error:  tensor(0.3271, device='cuda:0', grad_fn=<DivBackward0>)
Memory status after this epoch: 
Memory allocated:  73.89404296875
Memory cached:  148.0
	 epoch  20 training error:  tensor(0.2016, device='cuda:0', grad_fn=<DivBackward0>)
Memory status after this epoch: 
Memory allocated:  73.89404296875
Memory cached:  148.0
	 epoch  30 training error:  tensor(0.1441, device='cuda:0', grad_fn=<DivBackward0>)
Memory status after this epoch: 
Memory allocated:  73.89404296875
Memory cached:  148.0
	 epoch  40 training error:  tensor(0.1362, device='cuda:0', grad_fn=<DivBackward0>)
Memory status after this epoch: 
Memory allocated:  73.89404296875
Memory cached:  148.0
	 epoch  50 training error:  tensor(0.1545, device='cuda:0', grad_fn=<DivBackward0>)
Memory status after this epoch: 
Memory allocated:  73.89404296875
Memory cached:  148.0
	 epoch  60 training error:  tensor(0.1080, device='cuda:0', grad_fn=<DivBackward0>)
Memory status after this epoch: 
Memory allocated:  73.89404296875
Memory cached:  148.0
	 epoch  70 training error:  tensor(0.1049, device='cuda:0', grad_fn=<DivBackward0>)
Memory status after this epoch: 
Memory allocated:  73.89404296875
Memory cached:  148.0
	 epoch  80 training error:  tensor(0.1117, device='cuda:0', grad_fn=<DivBackward0>)
Memory status after this epoch: 
Memory allocated:  73.89404296875
Memory cached:  148.0
	 epoch  90 training error:  tensor(0.1103, device='cuda:0', grad_fn=<DivBackward0>)
Memory status after this epoch: 
Memory allocated:  73.89404296875
Memory cached:  148.0
[I 2023-12-03 00:18:32,673] Trial 32 finished with value: 0.08911790698766708 and parameters: {'W_layers': 3, 'W_layer_units_exponent_0': 10, 'W_layer_units_exponent_1': 10, 'W_layer_units_exponent_2': 6, 'D_layers': 5, 'D_layer_units_exponent_0': 4, 'D_layer_units_exponent_1': 10, 'D_layer_units_exponent_2': 8, 'D_layer_units_exponent_3': 5, 'D_layer_units_exponent_4': 4, 'log_learning_rate': -3.7381759698192107, 'log_learning_rate_D': -4.958652433530574, 'training_batch_size': 6, 'training_p': 6}. Best is trial 20 with value: 0.029596377164125443.
Time for this trial:  71.00502705574036
Memory status after this trial: 
Memory allocated:  142.17626953125
Memory cached:  158.0
--------------------  Trial  33   --------------------
Start timing: 
Parameters: 
{'W_layers': 5, 'W_layer_units_exponent_0': 8, 'W_layer_units_exponent_1': 9, 'W_layer_units_exponent_2': 4, 'W_layer_units_exponent_3': 5, 'W_layer_units_exponent_4': 5, 'D_layers': 6, 'D_layer_units_exponent_0': 6, 'D_layer_units_exponent_1': 8, 'D_layer_units_exponent_2': 5, 'D_layer_units_exponent_3': 7, 'D_layer_units_exponent_4': 4, 'D_layer_units_exponent_5': 7, 'log_learning_rate': -3.1675008692462145, 'log_learning_rate_D': -2.9146027762701845, 'training_batch_size': 8, 'training_p': 7}
	 epoch  0 training error:  tensor(0.5510, device='cuda:0', grad_fn=<DivBackward0>)
Memory status after this epoch: 
Memory allocated:  55.09619140625
Memory cached:  130.0
	 epoch  10 training error:  tensor(0.1690, device='cuda:0', grad_fn=<DivBackward0>)
Memory status after this epoch: 
Memory allocated:  55.09619140625
Memory cached:  130.0
	 epoch  20 training error:  tensor(0.1061, device='cuda:0', grad_fn=<DivBackward0>)
Memory status after this epoch: 
Memory allocated:  55.09619140625
Memory cached:  130.0
	 epoch  30 training error:  tensor(0.0641, device='cuda:0', grad_fn=<DivBackward0>)
Memory status after this epoch: 
Memory allocated:  55.09619140625
Memory cached:  130.0
	 epoch  40 training error:  tensor(0.0632, device='cuda:0', grad_fn=<DivBackward0>)
Memory status after this epoch: 
Memory allocated:  55.09619140625
Memory cached:  130.0
	 epoch  50 training error:  tensor(0.0547, device='cuda:0', grad_fn=<DivBackward0>)
Memory status after this epoch: 
Memory allocated:  55.09619140625
Memory cached:  130.0
	 epoch  60 training error:  tensor(0.0455, device='cuda:0', grad_fn=<DivBackward0>)
Memory status after this epoch: 
Memory allocated:  55.09619140625
Memory cached:  130.0
	 epoch  70 training error:  tensor(0.0405, device='cuda:0', grad_fn=<DivBackward0>)
Memory status after this epoch: 
Memory allocated:  55.09619140625
Memory cached:  130.0
	 epoch  80 training error:  tensor(0.0403, device='cuda:0', grad_fn=<DivBackward0>)
Memory status after this epoch: 
Memory allocated:  55.09619140625
Memory cached:  130.0
	 epoch  90 training error:  tensor(0.0443, device='cuda:0', grad_fn=<DivBackward0>)
Memory status after this epoch: 
Memory allocated:  55.09619140625
Memory cached:  130.0
[I 2023-12-03 00:19:19,552] Trial 33 finished with value: 0.031486041843891144 and parameters: {'W_layers': 5, 'W_layer_units_exponent_0': 8, 'W_layer_units_exponent_1': 9, 'W_layer_units_exponent_2': 4, 'W_layer_units_exponent_3': 5, 'W_layer_units_exponent_4': 5, 'D_layers': 6, 'D_layer_units_exponent_0': 6, 'D_layer_units_exponent_1': 8, 'D_layer_units_exponent_2': 5, 'D_layer_units_exponent_3': 7, 'D_layer_units_exponent_4': 4, 'D_layer_units_exponent_5': 7, 'log_learning_rate': -3.1675008692462145, 'log_learning_rate_D': -2.9146027762701845, 'training_batch_size': 8, 'training_p': 7}. Best is trial 20 with value: 0.029596377164125443.
Time for this trial:  46.670878171920776
Memory status after this trial: 
Memory allocated:  87.5205078125
Memory cached:  130.0
--------------------  Trial  34   --------------------
Start timing: 
Parameters: 
{'W_layers': 5, 'W_layer_units_exponent_0': 8, 'W_layer_units_exponent_1': 9, 'W_layer_units_exponent_2': 4, 'W_layer_units_exponent_3': 5, 'W_layer_units_exponent_4': 5, 'D_layers': 6, 'D_layer_units_exponent_0': 6, 'D_layer_units_exponent_1': 8, 'D_layer_units_exponent_2': 5, 'D_layer_units_exponent_3': 7, 'D_layer_units_exponent_4': 4, 'D_layer_units_exponent_5': 7, 'log_learning_rate': -3.1234180442071557, 'log_learning_rate_D': -2.848822712412807, 'training_batch_size': 9, 'training_p': 7}
	 epoch  0 training error:  tensor(1.5554, device='cuda:0', grad_fn=<DivBackward0>)
Memory status after this epoch: 
Memory allocated:  55.09619140625
Memory cached:  130.0
	 epoch  10 training error:  tensor(0.2435, device='cuda:0', grad_fn=<DivBackward0>)
Memory status after this epoch: 
Memory allocated:  55.09619140625
Memory cached:  132.0
	 epoch  20 training error:  tensor(0.1407, device='cuda:0', grad_fn=<DivBackward0>)
Memory status after this epoch: 
Memory allocated:  55.09619140625
Memory cached:  132.0
	 epoch  30 training error:  tensor(0.0895, device='cuda:0', grad_fn=<DivBackward0>)
Memory status after this epoch: 
Memory allocated:  55.09619140625
Memory cached:  132.0
	 epoch  40 training error:  tensor(0.0719, device='cuda:0', grad_fn=<DivBackward0>)
Memory status after this epoch: 
Memory allocated:  55.09619140625
Memory cached:  132.0
	 epoch  50 training error:  tensor(0.0612, device='cuda:0', grad_fn=<DivBackward0>)
Memory status after this epoch: 
Memory allocated:  55.09619140625
Memory cached:  132.0
	 epoch  60 training error:  tensor(0.0535, device='cuda:0', grad_fn=<DivBackward0>)
Memory status after this epoch: 
Memory allocated:  55.09619140625
Memory cached:  132.0
	 epoch  70 training error:  tensor(0.0450, device='cuda:0', grad_fn=<DivBackward0>)
Memory status after this epoch: 
Memory allocated:  55.09619140625
Memory cached:  132.0
	 epoch  80 training error:  tensor(0.0439, device='cuda:0', grad_fn=<DivBackward0>)
Memory status after this epoch: 
Memory allocated:  55.09619140625
Memory cached:  132.0
	 epoch  90 training error:  tensor(0.0360, device='cuda:0', grad_fn=<DivBackward0>)
Memory status after this epoch: 
Memory allocated:  55.09619140625
Memory cached:  132.0
[I 2023-12-03 00:20:06,702] Trial 34 finished with value: 0.033353108912706375 and parameters: {'W_layers': 5, 'W_layer_units_exponent_0': 8, 'W_layer_units_exponent_1': 9, 'W_layer_units_exponent_2': 4, 'W_layer_units_exponent_3': 5, 'W_layer_units_exponent_4': 5, 'D_layers': 6, 'D_layer_units_exponent_0': 6, 'D_layer_units_exponent_1': 8, 'D_layer_units_exponent_2': 5, 'D_layer_units_exponent_3': 7, 'D_layer_units_exponent_4': 4, 'D_layer_units_exponent_5': 7, 'log_learning_rate': -3.1234180442071557, 'log_learning_rate_D': -2.848822712412807, 'training_batch_size': 9, 'training_p': 7}. Best is trial 20 with value: 0.029596377164125443.
Time for this trial:  46.92967677116394
Memory status after this trial: 
Memory allocated:  87.5205078125
Memory cached:  132.0
--------------------  Trial  35   --------------------
Start timing: 
Parameters: 
{'W_layers': 4, 'W_layer_units_exponent_0': 8, 'W_layer_units_exponent_1': 9, 'W_layer_units_exponent_2': 4, 'W_layer_units_exponent_3': 5, 'D_layers': 6, 'D_layer_units_exponent_0': 6, 'D_layer_units_exponent_1': 8, 'D_layer_units_exponent_2': 5, 'D_layer_units_exponent_3': 7, 'D_layer_units_exponent_4': 4, 'D_layer_units_exponent_5': 7, 'log_learning_rate': -3.4781829860732256, 'log_learning_rate_D': -2.858353510240099, 'training_batch_size': 9, 'training_p': 7}
	 epoch  0 training error:  tensor(1.6025, device='cuda:0', grad_fn=<DivBackward0>)
Memory status after this epoch: 
Memory allocated:  55.07861328125
Memory cached:  130.0
	 epoch  10 training error:  tensor(0.2298, device='cuda:0', grad_fn=<DivBackward0>)
Memory status after this epoch: 
Memory allocated:  55.07861328125
Memory cached:  130.0
	 epoch  20 training error:  tensor(0.1004, device='cuda:0', grad_fn=<DivBackward0>)
Memory status after this epoch: 
Memory allocated:  55.07861328125
Memory cached:  130.0
	 epoch  30 training error:  tensor(0.0877, device='cuda:0', grad_fn=<DivBackward0>)
Memory status after this epoch: 
Memory allocated:  55.07861328125
Memory cached:  130.0
	 epoch  40 training error:  tensor(0.0619, device='cuda:0', grad_fn=<DivBackward0>)
Memory status after this epoch: 
Memory allocated:  55.07861328125
Memory cached:  130.0
	 epoch  50 training error:  tensor(0.0561, device='cuda:0', grad_fn=<DivBackward0>)
Memory status after this epoch: 
Memory allocated:  55.07861328125
Memory cached:  130.0
	 epoch  60 training error:  tensor(0.0524, device='cuda:0', grad_fn=<DivBackward0>)
Memory status after this epoch: 
Memory allocated:  55.07861328125
Memory cached:  130.0
	 epoch  70 training error:  tensor(0.0541, device='cuda:0', grad_fn=<DivBackward0>)
Memory status after this epoch: 
Memory allocated:  55.07861328125
Memory cached:  130.0
	 epoch  80 training error:  tensor(0.0447, device='cuda:0', grad_fn=<DivBackward0>)
Memory status after this epoch: 
Memory allocated:  55.07861328125
Memory cached:  130.0
	 epoch  90 training error:  tensor(0.0644, device='cuda:0', grad_fn=<DivBackward0>)
Memory status after this epoch: 
Memory allocated:  55.07861328125
Memory cached:  130.0
[I 2023-12-03 00:20:52,142] Trial 35 finished with value: 0.036086518317461014 and parameters: {'W_layers': 4, 'W_layer_units_exponent_0': 8, 'W_layer_units_exponent_1': 9, 'W_layer_units_exponent_2': 4, 'W_layer_units_exponent_3': 5, 'D_layers': 6, 'D_layer_units_exponent_0': 6, 'D_layer_units_exponent_1': 8, 'D_layer_units_exponent_2': 5, 'D_layer_units_exponent_3': 7, 'D_layer_units_exponent_4': 4, 'D_layer_units_exponent_5': 7, 'log_learning_rate': -3.4781829860732256, 'log_learning_rate_D': -2.858353510240099, 'training_batch_size': 9, 'training_p': 7}. Best is trial 20 with value: 0.029596377164125443.
Time for this trial:  45.236008644104004
Memory status after this trial: 
Memory allocated:  86.779296875
Memory cached:  130.0
--------------------  Trial  36   --------------------
Start timing: 
Parameters: 
{'W_layers': 5, 'W_layer_units_exponent_0': 8, 'W_layer_units_exponent_1': 10, 'W_layer_units_exponent_2': 4, 'W_layer_units_exponent_3': 4, 'W_layer_units_exponent_4': 4, 'D_layers': 6, 'D_layer_units_exponent_0': 6, 'D_layer_units_exponent_1': 7, 'D_layer_units_exponent_2': 5, 'D_layer_units_exponent_3': 7, 'D_layer_units_exponent_4': 5, 'D_layer_units_exponent_5': 7, 'log_learning_rate': -2.713933043455174, 'log_learning_rate_D': -2.586311078326033, 'training_batch_size': 9, 'training_p': 6}
	 epoch  0 training error:  tensor(1.6981, device='cuda:0', grad_fn=<DivBackward0>)
Memory status after this epoch: 
Memory allocated:  57.08642578125
Memory cached:  130.0
	 epoch  10 training error:  tensor(0.2009, device='cuda:0', grad_fn=<DivBackward0>)
Memory status after this epoch: 
Memory allocated:  57.08642578125
Memory cached:  130.0
	 epoch  20 training error:  tensor(0.0923, device='cuda:0', grad_fn=<DivBackward0>)
Memory status after this epoch: 
Memory allocated:  57.08642578125
Memory cached:  130.0
	 epoch  30 training error:  tensor(0.0802, device='cuda:0', grad_fn=<DivBackward0>)
Memory status after this epoch: 
Memory allocated:  57.08642578125
Memory cached:  130.0
	 epoch  40 training error:  tensor(0.0592, device='cuda:0', grad_fn=<DivBackward0>)
Memory status after this epoch: 
Memory allocated:  57.08642578125
Memory cached:  130.0
	 epoch  50 training error:  tensor(0.0465, device='cuda:0', grad_fn=<DivBackward0>)
Memory status after this epoch: 
Memory allocated:  57.08642578125
Memory cached:  130.0
	 epoch  60 training error:  tensor(0.0439, device='cuda:0', grad_fn=<DivBackward0>)
Memory status after this epoch: 
Memory allocated:  57.08642578125
Memory cached:  130.0
	 epoch  70 training error:  tensor(0.0333, device='cuda:0', grad_fn=<DivBackward0>)
Memory status after this epoch: 
Memory allocated:  57.08642578125
Memory cached:  130.0
	 epoch  80 training error:  tensor(0.0406, device='cuda:0', grad_fn=<DivBackward0>)
Memory status after this epoch: 
Memory allocated:  57.08642578125
Memory cached:  130.0
	 epoch  90 training error:  tensor(0.0517, device='cuda:0', grad_fn=<DivBackward0>)
Memory status after this epoch: 
Memory allocated:  57.08642578125
Memory cached:  130.0
[I 2023-12-03 00:21:40,516] Trial 36 finished with value: 0.02776537649333477 and parameters: {'W_layers': 5, 'W_layer_units_exponent_0': 8, 'W_layer_units_exponent_1': 10, 'W_layer_units_exponent_2': 4, 'W_layer_units_exponent_3': 4, 'W_layer_units_exponent_4': 4, 'D_layers': 6, 'D_layer_units_exponent_0': 6, 'D_layer_units_exponent_1': 7, 'D_layer_units_exponent_2': 5, 'D_layer_units_exponent_3': 7, 'D_layer_units_exponent_4': 5, 'D_layer_units_exponent_5': 7, 'log_learning_rate': -2.713933043455174, 'log_learning_rate_D': -2.586311078326033, 'training_batch_size': 9, 'training_p': 6}. Best is trial 36 with value: 0.02776537649333477.
res:  tensor(0.0278, device='cuda:0', grad_fn=<DivBackward0>)
self.bestValue:  tensor(0.0296, device='cuda:0', grad_fn=<DivBackward0>)
Save this model!
Time for this trial:  48.18096208572388
Memory status after this trial: 
Memory allocated:  44.69580078125
Memory cached:  116.0
--------------------  Trial  37   --------------------
Start timing: 
Parameters: 
{'W_layers': 4, 'W_layer_units_exponent_0': 8, 'W_layer_units_exponent_1': 10, 'W_layer_units_exponent_2': 4, 'W_layer_units_exponent_3': 4, 'D_layers': 5, 'D_layer_units_exponent_0': 7, 'D_layer_units_exponent_1': 6, 'D_layer_units_exponent_2': 5, 'D_layer_units_exponent_3': 6, 'D_layer_units_exponent_4': 5, 'log_learning_rate': -2.7556078793835956, 'log_learning_rate_D': -3.266690360613129, 'training_batch_size': 9, 'training_p': 6}
	 epoch  0 training error:  tensor(1.4559, device='cuda:0', grad_fn=<DivBackward0>)
Memory status after this epoch: 
Memory allocated:  49.275390625
Memory cached:  118.0
	 epoch  10 training error:  tensor(0.3446, device='cuda:0', grad_fn=<DivBackward0>)
Memory status after this epoch: 
Memory allocated:  49.275390625
Memory cached:  120.0
	 epoch  20 training error:  tensor(0.1480, device='cuda:0', grad_fn=<DivBackward0>)
Memory status after this epoch: 
Memory allocated:  49.275390625
Memory cached:  120.0
	 epoch  30 training error:  tensor(0.1533, device='cuda:0', grad_fn=<DivBackward0>)
Memory status after this epoch: 
Memory allocated:  49.275390625
Memory cached:  120.0
	 epoch  40 training error:  tensor(0.1077, device='cuda:0', grad_fn=<DivBackward0>)
Memory status after this epoch: 
Memory allocated:  49.275390625
Memory cached:  120.0
	 epoch  50 training error:  tensor(0.0545, device='cuda:0', grad_fn=<DivBackward0>)
Memory status after this epoch: 
Memory allocated:  49.275390625
Memory cached:  120.0
	 epoch  60 training error:  tensor(0.0547, device='cuda:0', grad_fn=<DivBackward0>)
Memory status after this epoch: 
Memory allocated:  49.275390625
Memory cached:  120.0
	 epoch  70 training error:  tensor(0.0496, device='cuda:0', grad_fn=<DivBackward0>)
Memory status after this epoch: 
Memory allocated:  49.275390625
Memory cached:  120.0
	 epoch  80 training error:  tensor(0.0779, device='cuda:0', grad_fn=<DivBackward0>)
Memory status after this epoch: 
Memory allocated:  49.275390625
Memory cached:  120.0
	 epoch  90 training error:  tensor(0.0408, device='cuda:0', grad_fn=<DivBackward0>)
Memory status after this epoch: 
Memory allocated:  49.275390625
Memory cached:  120.0
[I 2023-12-03 00:22:24,648] Trial 37 finished with value: 0.044681157916784286 and parameters: {'W_layers': 4, 'W_layer_units_exponent_0': 8, 'W_layer_units_exponent_1': 10, 'W_layer_units_exponent_2': 4, 'W_layer_units_exponent_3': 4, 'D_layers': 5, 'D_layer_units_exponent_0': 7, 'D_layer_units_exponent_1': 6, 'D_layer_units_exponent_2': 5, 'D_layer_units_exponent_3': 6, 'D_layer_units_exponent_4': 5, 'log_learning_rate': -2.7556078793835956, 'log_learning_rate_D': -3.266690360613129, 'training_batch_size': 9, 'training_p': 6}. Best is trial 36 with value: 0.02776537649333477.
Time for this trial:  43.96131229400635
Memory status after this trial: 
Memory allocated:  84.51904296875
Memory cached:  116.0
--------------------  Trial  38   --------------------
Start timing: 
Parameters: 
{'W_layers': 5, 'W_layer_units_exponent_0': 7, 'W_layer_units_exponent_1': 10, 'W_layer_units_exponent_2': 5, 'W_layer_units_exponent_3': 4, 'W_layer_units_exponent_4': 4, 'D_layers': 6, 'D_layer_units_exponent_0': 6, 'D_layer_units_exponent_1': 7, 'D_layer_units_exponent_2': 6, 'D_layer_units_exponent_3': 5, 'D_layer_units_exponent_4': 6, 'D_layer_units_exponent_5': 5, 'log_learning_rate': -2.3354321791077837, 'log_learning_rate_D': -2.5907150585032497, 'training_batch_size': 8, 'training_p': 6}
	 epoch  0 training error:  tensor(3.1292, device='cuda:0', grad_fn=<DivBackward0>)
Memory status after this epoch: 
Memory allocated:  47.642578125
Memory cached:  118.0
	 epoch  10 training error:  tensor(0.2541, device='cuda:0', grad_fn=<DivBackward0>)
Memory status after this epoch: 
Memory allocated:  47.642578125
Memory cached:  118.0
	 epoch  20 training error:  tensor(0.1588, device='cuda:0', grad_fn=<DivBackward0>)
Memory status after this epoch: 
Memory allocated:  47.642578125
Memory cached:  118.0
	 epoch  30 training error:  tensor(0.1405, device='cuda:0', grad_fn=<DivBackward0>)
Memory status after this epoch: 
Memory allocated:  47.642578125
Memory cached:  118.0
	 epoch  40 training error:  tensor(0.0763, device='cuda:0', grad_fn=<DivBackward0>)
Memory status after this epoch: 
Memory allocated:  47.642578125
Memory cached:  118.0
	 epoch  50 training error:  tensor(0.1064, device='cuda:0', grad_fn=<DivBackward0>)
Memory status after this epoch: 
Memory allocated:  47.642578125
Memory cached:  118.0
	 epoch  60 training error:  tensor(0.0790, device='cuda:0', grad_fn=<DivBackward0>)
Memory status after this epoch: 
Memory allocated:  47.642578125
Memory cached:  118.0
	 epoch  70 training error:  tensor(0.0830, device='cuda:0', grad_fn=<DivBackward0>)
Memory status after this epoch: 
Memory allocated:  47.642578125
Memory cached:  118.0
	 epoch  80 training error:  tensor(0.0781, device='cuda:0', grad_fn=<DivBackward0>)
Memory status after this epoch: 
Memory allocated:  47.642578125
Memory cached:  118.0
	 epoch  90 training error:  tensor(0.0537, device='cuda:0', grad_fn=<DivBackward0>)
Memory status after this epoch: 
Memory allocated:  47.642578125
Memory cached:  118.0
