[I 2024-01-01 15:25:57,592] Trial 261 finished with value: 0.5096567869186401 and parameters: {'W_layers': 5, 'W_layer_units_exponent_0': 8, 'W_layer_units_exponent_1': 10, 'W_layer_units_exponent_2': 6, 'W_layer_units_exponent_3': 6, 'W_layer_units_exponent_4': 5, 'D_layers': 5, 'D_layer_units_exponent_0': 7, 'D_layer_units_exponent_1': 8, 'D_layer_units_exponent_2': 10, 'D_layer_units_exponent_3': 8, 'D_layer_units_exponent_4': 4, 'D_dagger_layers': 3, 'D_dagger_layer_units_exponent_0': 9, 'D_dagger_layer_units_exponent_1': 8, 'D_dagger_layer_units_exponent_2': 5, 'log_learning_rate': -2.873294937163859, 'log_learning_rate_D': -3.089859917813143, 'log_learning_rate_D_dagger': -2.277741968519585, 'training_batch_size': 6, 'training_p': 7}. Best is trial 220 with value: 0.11745021492242813.
Time for this trial:  320.63439106941223
Memory status after this trial: 
Memory allocated:  418.5078125
Memory cached:  428.0
--------------------  Trial  262   --------------------
Start timing: 
Parameters: 
{'W_layers': 5, 'W_layer_units_exponent_0': 8, 'W_layer_units_exponent_1': 10, 'W_layer_units_exponent_2': 6, 'W_layer_units_exponent_3': 6, 'W_layer_units_exponent_4': 7, 'D_layers': 5, 'D_layer_units_exponent_0': 7, 'D_layer_units_exponent_1': 7, 'D_layer_units_exponent_2': 10, 'D_layer_units_exponent_3': 8, 'D_layer_units_exponent_4': 4, 'D_dagger_layers': 3, 'D_dagger_layer_units_exponent_0': 9, 'D_dagger_layer_units_exponent_1': 5, 'D_dagger_layer_units_exponent_2': 6, 'log_learning_rate': -3.358685837446334, 'log_learning_rate_D': -3.441634352310291, 'log_learning_rate_D_dagger': -2.433362688100706, 'training_batch_size': 6, 'training_p': 7}
	 epoch  0 training error:  tensor(0.9895, device='cuda:0', grad_fn=<DivBackward0>)
Memory status after this epoch: 
Memory allocated:  214.13525390625
Memory cached:  382.0
	 epoch  10 training error:  tensor(0.5994, device='cuda:0', grad_fn=<DivBackward0>)
Memory status after this epoch: 
Memory allocated:  214.13525390625
Memory cached:  398.0
	 epoch  20 training error:  tensor(0.5368, device='cuda:0', grad_fn=<DivBackward0>)
Memory status after this epoch: 
Memory allocated:  214.13525390625
Memory cached:  396.0
	 epoch  30 training error:  tensor(0.5267, device='cuda:0', grad_fn=<DivBackward0>)
Memory status after this epoch: 
Memory allocated:  214.13525390625
Memory cached:  386.0
	 epoch  40 training error:  tensor(0.5092, device='cuda:0', grad_fn=<DivBackward0>)
Memory status after this epoch: 
Memory allocated:  214.13525390625
Memory cached:  386.0
	 epoch  50 training error:  tensor(0.3795, device='cuda:0', grad_fn=<DivBackward0>)
Memory status after this epoch: 
Memory allocated:  214.13525390625
Memory cached:  384.0
	 epoch  60 training error:  tensor(0.3061, device='cuda:0', grad_fn=<DivBackward0>)
Memory status after this epoch: 
Memory allocated:  214.13525390625
Memory cached:  380.0
	 epoch  70 training error:  tensor(0.3048, device='cuda:0', grad_fn=<DivBackward0>)
Memory status after this epoch: 
Memory allocated:  214.13525390625
Memory cached:  378.0
	 epoch  80 training error:  tensor(0.2546, device='cuda:0', grad_fn=<DivBackward0>)
Memory status after this epoch: 
Memory allocated:  214.13525390625
Memory cached:  378.0
	 epoch  90 training error:  tensor(0.2333, device='cuda:0', grad_fn=<DivBackward0>)
Memory status after this epoch: 
Memory allocated:  214.13525390625
Memory cached:  378.0
[I 2024-01-01 15:31:14,828] Trial 262 finished with value: 0.15197549760341644 and parameters: {'W_layers': 5, 'W_layer_units_exponent_0': 8, 'W_layer_units_exponent_1': 10, 'W_layer_units_exponent_2': 6, 'W_layer_units_exponent_3': 6, 'W_layer_units_exponent_4': 7, 'D_layers': 5, 'D_layer_units_exponent_0': 7, 'D_layer_units_exponent_1': 7, 'D_layer_units_exponent_2': 10, 'D_layer_units_exponent_3': 8, 'D_layer_units_exponent_4': 4, 'D_dagger_layers': 3, 'D_dagger_layer_units_exponent_0': 9, 'D_dagger_layer_units_exponent_1': 5, 'D_dagger_layer_units_exponent_2': 6, 'log_learning_rate': -3.358685837446334, 'log_learning_rate_D': -3.441634352310291, 'log_learning_rate_D_dagger': -2.433362688100706, 'training_batch_size': 6, 'training_p': 7}. Best is trial 220 with value: 0.11745021492242813.
Time for this trial:  316.8160011768341
Memory status after this trial: 
Memory allocated:  403.634765625
Memory cached:  410.0
--------------------  Trial  263   --------------------
Start timing: 
Parameters: 
{'W_layers': 5, 'W_layer_units_exponent_0': 8, 'W_layer_units_exponent_1': 10, 'W_layer_units_exponent_2': 6, 'W_layer_units_exponent_3': 7, 'W_layer_units_exponent_4': 5, 'D_layers': 5, 'D_layer_units_exponent_0': 7, 'D_layer_units_exponent_1': 9, 'D_layer_units_exponent_2': 10, 'D_layer_units_exponent_3': 8, 'D_layer_units_exponent_4': 4, 'D_dagger_layers': 3, 'D_dagger_layer_units_exponent_0': 9, 'D_dagger_layer_units_exponent_1': 7, 'D_dagger_layer_units_exponent_2': 5, 'log_learning_rate': -2.6622252654082277, 'log_learning_rate_D': -3.856092683939753, 'log_learning_rate_D_dagger': -2.1049151869066898, 'training_batch_size': 8, 'training_p': 7}
	 epoch  0 training error:  tensor(1.0937, device='cuda:0', grad_fn=<DivBackward0>)
Memory status after this epoch: 
Memory allocated:  221.64697265625
Memory cached:  416.0
	 epoch  10 training error:  tensor(0.7302, device='cuda:0', grad_fn=<DivBackward0>)
Memory status after this epoch: 
Memory allocated:  221.64697265625
Memory cached:  460.0
	 epoch  20 training error:  tensor(0.5379, device='cuda:0', grad_fn=<DivBackward0>)
Memory status after this epoch: 
Memory allocated:  221.64697265625
Memory cached:  456.0
	 epoch  30 training error:  tensor(0.5273, device='cuda:0', grad_fn=<DivBackward0>)
Memory status after this epoch: 
Memory allocated:  221.64697265625
Memory cached:  458.0
	 epoch  40 training error:  tensor(0.5429, device='cuda:0', grad_fn=<DivBackward0>)
Memory status after this epoch: 
Memory allocated:  221.64697265625
Memory cached:  458.0
	 epoch  50 training error:  tensor(0.5323, device='cuda:0', grad_fn=<DivBackward0>)
Memory status after this epoch: 
Memory allocated:  221.64697265625
Memory cached:  464.0
	 epoch  60 training error:  tensor(0.5358, device='cuda:0', grad_fn=<DivBackward0>)
Memory status after this epoch: 
Memory allocated:  221.64697265625
Memory cached:  462.0
	 epoch  70 training error:  tensor(0.5273, device='cuda:0', grad_fn=<DivBackward0>)
Memory status after this epoch: 
Memory allocated:  221.64697265625
Memory cached:  458.0
	 epoch  80 training error:  tensor(0.4996, device='cuda:0', grad_fn=<DivBackward0>)
Memory status after this epoch: 
Memory allocated:  221.64697265625
Memory cached:  460.0
	 epoch  90 training error:  tensor(0.4568, device='cuda:0', grad_fn=<DivBackward0>)
Memory status after this epoch: 
Memory allocated:  221.64697265625
Memory cached:  452.0
[I 2024-01-01 15:34:23,494] Trial 263 finished with value: 0.23997974395751953 and parameters: {'W_layers': 5, 'W_layer_units_exponent_0': 8, 'W_layer_units_exponent_1': 10, 'W_layer_units_exponent_2': 6, 'W_layer_units_exponent_3': 7, 'W_layer_units_exponent_4': 5, 'D_layers': 5, 'D_layer_units_exponent_0': 7, 'D_layer_units_exponent_1': 9, 'D_layer_units_exponent_2': 10, 'D_layer_units_exponent_3': 8, 'D_layer_units_exponent_4': 4, 'D_dagger_layers': 3, 'D_dagger_layer_units_exponent_0': 9, 'D_dagger_layer_units_exponent_1': 7, 'D_dagger_layer_units_exponent_2': 5, 'log_learning_rate': -2.6622252654082277, 'log_learning_rate_D': -3.856092683939753, 'log_learning_rate_D_dagger': -2.1049151869066898, 'training_batch_size': 8, 'training_p': 7}. Best is trial 220 with value: 0.11745021492242813.
Time for this trial:  188.24771666526794
Memory status after this trial: 
Memory allocated:  430.341796875
Memory cached:  454.0
--------------------  Trial  264   --------------------
Start timing: 
Parameters: 
{'W_layers': 2, 'W_layer_units_exponent_0': 8, 'W_layer_units_exponent_1': 10, 'D_layers': 5, 'D_layer_units_exponent_0': 7, 'D_layer_units_exponent_1': 10, 'D_layer_units_exponent_2': 10, 'D_layer_units_exponent_3': 8, 'D_layer_units_exponent_4': 4, 'D_dagger_layers': 3, 'D_dagger_layer_units_exponent_0': 9, 'D_dagger_layer_units_exponent_1': 7, 'D_dagger_layer_units_exponent_2': 5, 'log_learning_rate': -2.3855748217631367, 'log_learning_rate_D': -3.957785567922318, 'log_learning_rate_D_dagger': -1.4035804108548828, 'training_batch_size': 6, 'training_p': 7}
	 epoch  0 training error:  tensor(4.7555, device='cuda:0', grad_fn=<DivBackward0>)
Memory status after this epoch: 
Memory allocated:  229.50048828125
Memory cached:  410.0
	 epoch  10 training error:  tensor(1.2224, device='cuda:0', grad_fn=<DivBackward0>)
Memory status after this epoch: 
Memory allocated:  229.50048828125
Memory cached:  414.0
	 epoch  20 training error:  tensor(0.6769, device='cuda:0', grad_fn=<DivBackward0>)
Memory status after this epoch: 
Memory allocated:  229.50048828125
Memory cached:  416.0
	 epoch  30 training error:  tensor(0.5703, device='cuda:0', grad_fn=<DivBackward0>)
Memory status after this epoch: 
Memory allocated:  229.50048828125
Memory cached:  414.0
	 epoch  40 training error:  tensor(0.5632, device='cuda:0', grad_fn=<DivBackward0>)
Memory status after this epoch: 
Memory allocated:  229.50048828125
Memory cached:  414.0
	 epoch  50 training error:  tensor(0.5625, device='cuda:0', grad_fn=<DivBackward0>)
Memory status after this epoch: 
Memory allocated:  229.50048828125
Memory cached:  414.0
	 epoch  60 training error:  tensor(0.5577, device='cuda:0', grad_fn=<DivBackward0>)
Memory status after this epoch: 
Memory allocated:  229.50048828125
Memory cached:  414.0
	 epoch  70 training error:  tensor(0.5466, device='cuda:0', grad_fn=<DivBackward0>)
Memory status after this epoch: 
Memory allocated:  229.50048828125
Memory cached:  414.0
	 epoch  80 training error:  tensor(0.5463, device='cuda:0', grad_fn=<DivBackward0>)
Memory status after this epoch: 
Memory allocated:  229.50048828125
Memory cached:  416.0
	 epoch  90 training error:  tensor(0.5370, device='cuda:0', grad_fn=<DivBackward0>)
Memory status after this epoch: 
Memory allocated:  229.50048828125
Memory cached:  414.0
[I 2024-01-01 15:39:05,384] Trial 264 finished with value: 0.4746621251106262 and parameters: {'W_layers': 2, 'W_layer_units_exponent_0': 8, 'W_layer_units_exponent_1': 10, 'D_layers': 5, 'D_layer_units_exponent_0': 7, 'D_layer_units_exponent_1': 10, 'D_layer_units_exponent_2': 10, 'D_layer_units_exponent_3': 8, 'D_layer_units_exponent_4': 4, 'D_dagger_layers': 3, 'D_dagger_layer_units_exponent_0': 9, 'D_dagger_layer_units_exponent_1': 7, 'D_dagger_layer_units_exponent_2': 5, 'log_learning_rate': -2.3855748217631367, 'log_learning_rate_D': -3.957785567922318, 'log_learning_rate_D_dagger': -1.4035804108548828, 'training_batch_size': 6, 'training_p': 7}. Best is trial 220 with value: 0.11745021492242813.
Time for this trial:  281.43892455101013
Memory status after this trial: 
Memory allocated:  441.8447265625
Memory cached:  460.0
--------------------  Trial  265   --------------------
Start timing: 
Parameters: 
{'W_layers': 5, 'W_layer_units_exponent_0': 8, 'W_layer_units_exponent_1': 10, 'W_layer_units_exponent_2': 6, 'W_layer_units_exponent_3': 5, 'W_layer_units_exponent_4': 5, 'D_layers': 3, 'D_layer_units_exponent_0': 7, 'D_layer_units_exponent_1': 9, 'D_layer_units_exponent_2': 9, 'D_dagger_layers': 3, 'D_dagger_layer_units_exponent_0': 9, 'D_dagger_layer_units_exponent_1': 9, 'D_dagger_layer_units_exponent_2': 5, 'log_learning_rate': -3.1498919367154, 'log_learning_rate_D': -4.090194638614151, 'log_learning_rate_D_dagger': -2.3556153965248634, 'training_batch_size': 6, 'training_p': 7}
	 epoch  0 training error:  tensor(1.4553, device='cuda:0', grad_fn=<DivBackward0>)
Memory status after this epoch: 
Memory allocated:  216.65478515625
Memory cached:  390.0
	 epoch  10 training error:  tensor(0.6493, device='cuda:0', grad_fn=<DivBackward0>)
Memory status after this epoch: 
Memory allocated:  216.65478515625
Memory cached:  412.0
	 epoch  20 training error:  tensor(0.5416, device='cuda:0', grad_fn=<DivBackward0>)
Memory status after this epoch: 
Memory allocated:  216.65478515625
Memory cached:  418.0
	 epoch  30 training error:  tensor(0.5248, device='cuda:0', grad_fn=<DivBackward0>)
Memory status after this epoch: 
Memory allocated:  216.65478515625
Memory cached:  418.0
	 epoch  40 training error:  tensor(0.5210, device='cuda:0', grad_fn=<DivBackward0>)
Memory status after this epoch: 
Memory allocated:  216.65478515625
Memory cached:  424.0
	 epoch  50 training error:  tensor(0.5165, device='cuda:0', grad_fn=<DivBackward0>)
Memory status after this epoch: 
Memory allocated:  216.65478515625
Memory cached:  414.0
	 epoch  60 training error:  tensor(0.5269, device='cuda:0', grad_fn=<DivBackward0>)
Memory status after this epoch: 
Memory allocated:  216.65478515625
Memory cached:  418.0
	 epoch  70 training error:  tensor(0.5117, device='cuda:0', grad_fn=<DivBackward0>)
Memory status after this epoch: 
Memory allocated:  216.65478515625
Memory cached:  422.0
	 epoch  80 training error:  tensor(0.5091, device='cuda:0', grad_fn=<DivBackward0>)
Memory status after this epoch: 
Memory allocated:  216.65478515625
Memory cached:  416.0
	 epoch  90 training error:  tensor(0.4965, device='cuda:0', grad_fn=<DivBackward0>)
Memory status after this epoch: 
Memory allocated:  216.65478515625
Memory cached:  420.0
[I 2024-01-01 15:43:59,107] Trial 265 finished with value: 0.2972787618637085 and parameters: {'W_layers': 5, 'W_layer_units_exponent_0': 8, 'W_layer_units_exponent_1': 10, 'W_layer_units_exponent_2': 6, 'W_layer_units_exponent_3': 5, 'W_layer_units_exponent_4': 5, 'D_layers': 3, 'D_layer_units_exponent_0': 7, 'D_layer_units_exponent_1': 9, 'D_layer_units_exponent_2': 9, 'D_dagger_layers': 3, 'D_dagger_layer_units_exponent_0': 9, 'D_dagger_layer_units_exponent_1': 9, 'D_dagger_layer_units_exponent_2': 5, 'log_learning_rate': -3.1498919367154, 'log_learning_rate_D': -4.090194638614151, 'log_learning_rate_D_dagger': -2.3556153965248634, 'training_batch_size': 6, 'training_p': 7}. Best is trial 220 with value: 0.11745021492242813.
Time for this trial:  293.31205654144287
Memory status after this trial: 
Memory allocated:  397.9208984375
Memory cached:  414.0
--------------------  Trial  266   --------------------
Start timing: 
Parameters: 
{'W_layers': 5, 'W_layer_units_exponent_0': 8, 'W_layer_units_exponent_1': 10, 'W_layer_units_exponent_2': 6, 'W_layer_units_exponent_3': 8, 'W_layer_units_exponent_4': 5, 'D_layers': 5, 'D_layer_units_exponent_0': 7, 'D_layer_units_exponent_1': 9, 'D_layer_units_exponent_2': 10, 'D_layer_units_exponent_3': 8, 'D_layer_units_exponent_4': 4, 'D_dagger_layers': 3, 'D_dagger_layer_units_exponent_0': 9, 'D_dagger_layer_units_exponent_1': 7, 'D_dagger_layer_units_exponent_2': 8, 'log_learning_rate': -2.5044604272193913, 'log_learning_rate_D': -3.8285798388786274, 'log_learning_rate_D_dagger': -3.8187446605714053, 'training_batch_size': 6, 'training_p': 7}
	 epoch  0 training error:  tensor(1.1417, device='cuda:0', grad_fn=<DivBackward0>)
Memory status after this epoch: 
Memory allocated:  222.30322265625
Memory cached:  414.0
	 epoch  10 training error:  tensor(0.5479, device='cuda:0', grad_fn=<DivBackward0>)
Memory status after this epoch: 
Memory allocated:  222.30322265625
Memory cached:  424.0
	 epoch  20 training error:  tensor(0.5470, device='cuda:0', grad_fn=<DivBackward0>)
Memory status after this epoch: 
Memory allocated:  222.30322265625
Memory cached:  418.0
	 epoch  30 training error:  tensor(0.5319, device='cuda:0', grad_fn=<DivBackward0>)
Memory status after this epoch: 
Memory allocated:  222.30322265625
Memory cached:  420.0
	 epoch  40 training error:  tensor(0.5298, device='cuda:0', grad_fn=<DivBackward0>)
Memory status after this epoch: 
Memory allocated:  222.30322265625
Memory cached:  420.0
	 epoch  50 training error:  tensor(0.5319, device='cuda:0', grad_fn=<DivBackward0>)
Memory status after this epoch: 
Memory allocated:  222.30322265625
Memory cached:  418.0
	 epoch  60 training error:  tensor(0.5289, device='cuda:0', grad_fn=<DivBackward0>)
Memory status after this epoch: 
Memory allocated:  222.30322265625
Memory cached:  420.0
	 epoch  70 training error:  tensor(0.5296, device='cuda:0', grad_fn=<DivBackward0>)
Memory status after this epoch: 
Memory allocated:  222.30322265625
Memory cached:  422.0
	 epoch  80 training error:  tensor(0.5277, device='cuda:0', grad_fn=<DivBackward0>)
Memory status after this epoch: 
Memory allocated:  222.30322265625
Memory cached:  420.0
	 epoch  90 training error:  tensor(0.5264, device='cuda:0', grad_fn=<DivBackward0>)
Memory status after this epoch: 
Memory allocated:  222.30322265625
Memory cached:  418.0
[I 2024-01-01 15:49:26,737] Trial 266 finished with value: 0.4267193377017975 and parameters: {'W_layers': 5, 'W_layer_units_exponent_0': 8, 'W_layer_units_exponent_1': 10, 'W_layer_units_exponent_2': 6, 'W_layer_units_exponent_3': 8, 'W_layer_units_exponent_4': 5, 'D_layers': 5, 'D_layer_units_exponent_0': 7, 'D_layer_units_exponent_1': 9, 'D_layer_units_exponent_2': 10, 'D_layer_units_exponent_3': 8, 'D_layer_units_exponent_4': 4, 'D_dagger_layers': 3, 'D_dagger_layer_units_exponent_0': 9, 'D_dagger_layer_units_exponent_1': 7, 'D_dagger_layer_units_exponent_2': 8, 'log_learning_rate': -2.5044604272193913, 'log_learning_rate_D': -3.8285798388786274, 'log_learning_rate_D_dagger': -3.8187446605714053, 'training_batch_size': 6, 'training_p': 7}. Best is trial 220 with value: 0.11745021492242813.
Time for this trial:  327.1988320350647
Memory status after this trial: 
Memory allocated:  447.796875
Memory cached:  470.0
--------------------  Trial  267   --------------------
Start timing: 
Parameters: 
{'W_layers': 5, 'W_layer_units_exponent_0': 8, 'W_layer_units_exponent_1': 10, 'W_layer_units_exponent_2': 6, 'W_layer_units_exponent_3': 6, 'W_layer_units_exponent_4': 5, 'D_layers': 5, 'D_layer_units_exponent_0': 6, 'D_layer_units_exponent_1': 10, 'D_layer_units_exponent_2': 10, 'D_layer_units_exponent_3': 8, 'D_layer_units_exponent_4': 4, 'D_dagger_layers': 2, 'D_dagger_layer_units_exponent_0': 9, 'D_dagger_layer_units_exponent_1': 4, 'log_learning_rate': -2.8026437205184016, 'log_learning_rate_D': -3.9206421215452383, 'log_learning_rate_D_dagger': -2.6750450759307522, 'training_batch_size': 6, 'training_p': 7}
	 epoch  0 training error:  tensor(1.2572, device='cuda:0', grad_fn=<DivBackward0>)
Memory status after this epoch: 
Memory allocated:  228.64697265625
Memory cached:  406.0
	 epoch  10 training error:  tensor(0.5759, device='cuda:0', grad_fn=<DivBackward0>)
Memory status after this epoch: 
Memory allocated:  228.64697265625
Memory cached:  426.0
	 epoch  20 training error:  tensor(0.5602, device='cuda:0', grad_fn=<DivBackward0>)
Memory status after this epoch: 
Memory allocated:  228.64697265625
Memory cached:  418.0
	 epoch  30 training error:  tensor(0.5595, device='cuda:0', grad_fn=<DivBackward0>)
Memory status after this epoch: 
Memory allocated:  228.64697265625
Memory cached:  418.0
	 epoch  40 training error:  tensor(0.5289, device='cuda:0', grad_fn=<DivBackward0>)
Memory status after this epoch: 
Memory allocated:  228.64697265625
Memory cached:  418.0
	 epoch  50 training error:  tensor(0.5205, device='cuda:0', grad_fn=<DivBackward0>)
Memory status after this epoch: 
Memory allocated:  228.64697265625
Memory cached:  418.0
	 epoch  60 training error:  tensor(0.4729, device='cuda:0', grad_fn=<DivBackward0>)
Memory status after this epoch: 
Memory allocated:  228.64697265625
Memory cached:  420.0
	 epoch  70 training error:  tensor(0.4523, device='cuda:0', grad_fn=<DivBackward0>)
Memory status after this epoch: 
Memory allocated:  228.64697265625
Memory cached:  418.0
	 epoch  80 training error:  tensor(0.3762, device='cuda:0', grad_fn=<DivBackward0>)
Memory status after this epoch: 
Memory allocated:  228.64697265625
Memory cached:  418.0
	 epoch  90 training error:  tensor(0.3381, device='cuda:0', grad_fn=<DivBackward0>)
Memory status after this epoch: 
Memory allocated:  228.64697265625
Memory cached:  420.0
