[I 2023-12-20 05:26:10,147] Trial 56 finished with value: 0.5135364532470703 and parameters: {'W_layers': 5, 'W_layer_units_exponent_0': 8, 'W_layer_units_exponent_1': 8, 'W_layer_units_exponent_2': 6, 'W_layer_units_exponent_3': 8, 'W_layer_units_exponent_4': 5, 'D_layers': 7, 'D_layer_units_exponent_0': 7, 'D_layer_units_exponent_1': 6, 'D_layer_units_exponent_2': 5, 'D_layer_units_exponent_3': 10, 'D_layer_units_exponent_4': 9, 'D_layer_units_exponent_5': 10, 'D_layer_units_exponent_6': 5, 'D_dagger_layers': 4, 'D_dagger_layer_units_exponent_0': 9, 'D_dagger_layer_units_exponent_1': 6, 'D_dagger_layer_units_exponent_2': 10, 'D_dagger_layer_units_exponent_3': 5, 'log_learning_rate': -2.067752633626418, 'log_learning_rate_D': -3.1657202368732236, 'log_learning_rate_D_dagger': -1.9779519983539067, 'training_batch_size': 8, 'training_p': 8}. Best is trial 11 with value: 0.14480963349342346.
Time for this trial:  223.75516176223755
Memory status after this trial: 
Memory allocated:  474.51220703125
Memory cached:  490.0
--------------------  Trial  57   --------------------
Start timing: 
Parameters: 
{'W_layers': 2, 'W_layer_units_exponent_0': 10, 'W_layer_units_exponent_1': 10, 'D_layers': 8, 'D_layer_units_exponent_0': 7, 'D_layer_units_exponent_1': 4, 'D_layer_units_exponent_2': 4, 'D_layer_units_exponent_3': 9, 'D_layer_units_exponent_4': 8, 'D_layer_units_exponent_5': 10, 'D_layer_units_exponent_6': 5, 'D_layer_units_exponent_7': 6, 'D_dagger_layers': 5, 'D_dagger_layer_units_exponent_0': 8, 'D_dagger_layer_units_exponent_1': 7, 'D_dagger_layer_units_exponent_2': 5, 'D_dagger_layer_units_exponent_3': 4, 'D_dagger_layer_units_exponent_4': 8, 'log_learning_rate': -1.5835252803631952, 'log_learning_rate_D': -3.508131477649475, 'log_learning_rate_D_dagger': -2.2996190528517664, 'training_batch_size': 7, 'training_p': 8}
	 epoch  0 training error:  tensor(1.0578, device='cuda:0', grad_fn=<DivBackward0>)
Memory status after this epoch: 
Memory allocated:  205.76611328125
Memory cached:  410.0
	 epoch  10 training error:  tensor(10.2789, device='cuda:0', grad_fn=<DivBackward0>)
Memory status after this epoch: 
Memory allocated:  205.76611328125
Memory cached:  426.0
	 epoch  20 training error:  tensor(4.2807, device='cuda:0', grad_fn=<DivBackward0>)
Memory status after this epoch: 
Memory allocated:  205.76611328125
Memory cached:  430.0
	 epoch  30 training error:  tensor(1.7345, device='cuda:0', grad_fn=<DivBackward0>)
Memory status after this epoch: 
Memory allocated:  205.76611328125
Memory cached:  432.0
	 epoch  40 training error:  tensor(1.0635, device='cuda:0', grad_fn=<DivBackward0>)
Memory status after this epoch: 
Memory allocated:  205.76611328125
Memory cached:  432.0
	 epoch  50 training error:  tensor(0.7093, device='cuda:0', grad_fn=<DivBackward0>)
Memory status after this epoch: 
Memory allocated:  205.76611328125
Memory cached:  432.0
	 epoch  60 training error:  tensor(0.5816, device='cuda:0', grad_fn=<DivBackward0>)
Memory status after this epoch: 
Memory allocated:  205.76611328125
Memory cached:  430.0
	 epoch  70 training error:  tensor(0.5858, device='cuda:0', grad_fn=<DivBackward0>)
Memory status after this epoch: 
Memory allocated:  205.76611328125
Memory cached:  430.0
	 epoch  80 training error:  tensor(0.5695, device='cuda:0', grad_fn=<DivBackward0>)
Memory status after this epoch: 
Memory allocated:  205.76611328125
Memory cached:  428.0
	 epoch  90 training error:  tensor(0.5607, device='cuda:0', grad_fn=<DivBackward0>)
Memory status after this epoch: 
Memory allocated:  205.76611328125
Memory cached:  434.0
[I 2023-12-20 05:29:40,734] Trial 57 finished with value: 0.44920000433921814 and parameters: {'W_layers': 2, 'W_layer_units_exponent_0': 10, 'W_layer_units_exponent_1': 10, 'D_layers': 8, 'D_layer_units_exponent_0': 7, 'D_layer_units_exponent_1': 4, 'D_layer_units_exponent_2': 4, 'D_layer_units_exponent_3': 9, 'D_layer_units_exponent_4': 8, 'D_layer_units_exponent_5': 10, 'D_layer_units_exponent_6': 5, 'D_layer_units_exponent_7': 6, 'D_dagger_layers': 5, 'D_dagger_layer_units_exponent_0': 8, 'D_dagger_layer_units_exponent_1': 7, 'D_dagger_layer_units_exponent_2': 5, 'D_dagger_layer_units_exponent_3': 4, 'D_dagger_layer_units_exponent_4': 8, 'log_learning_rate': -1.5835252803631952, 'log_learning_rate_D': -3.508131477649475, 'log_learning_rate_D_dagger': -2.2996190528517664, 'training_batch_size': 7, 'training_p': 8}. Best is trial 11 with value: 0.14480963349342346.
Time for this trial:  210.13814616203308
Memory status after this trial: 
Memory allocated:  438.99169921875
Memory cached:  456.0
--------------------  Trial  58   --------------------
Start timing: 
Parameters: 
{'W_layers': 6, 'W_layer_units_exponent_0': 7, 'W_layer_units_exponent_1': 8, 'W_layer_units_exponent_2': 6, 'W_layer_units_exponent_3': 10, 'W_layer_units_exponent_4': 4, 'W_layer_units_exponent_5': 7, 'D_layers': 7, 'D_layer_units_exponent_0': 8, 'D_layer_units_exponent_1': 5, 'D_layer_units_exponent_2': 5, 'D_layer_units_exponent_3': 8, 'D_layer_units_exponent_4': 8, 'D_layer_units_exponent_5': 8, 'D_layer_units_exponent_6': 4, 'D_dagger_layers': 3, 'D_dagger_layer_units_exponent_0': 8, 'D_dagger_layer_units_exponent_1': 7, 'D_dagger_layer_units_exponent_2': 6, 'log_learning_rate': -1.8011952648849154, 'log_learning_rate_D': -3.6768261168978933, 'log_learning_rate_D_dagger': -2.194223378972602, 'training_batch_size': 9, 'training_p': 7}
	 epoch  0 training error:  tensor(0.9542, device='cuda:0', grad_fn=<DivBackward0>)
Memory status after this epoch: 
Memory allocated:  187.37353515625
Memory cached:  394.0
	 epoch  10 training error:  tensor(4.8421, device='cuda:0', grad_fn=<DivBackward0>)
Memory status after this epoch: 
Memory allocated:  187.37353515625
Memory cached:  412.0
	 epoch  20 training error:  tensor(0.9959, device='cuda:0', grad_fn=<DivBackward0>)
Memory status after this epoch: 
Memory allocated:  187.37353515625
Memory cached:  416.0
	 epoch  30 training error:  tensor(0.5721, device='cuda:0', grad_fn=<DivBackward0>)
Memory status after this epoch: 
Memory allocated:  187.37353515625
Memory cached:  412.0
	 epoch  40 training error:  tensor(0.6765, device='cuda:0', grad_fn=<DivBackward0>)
Memory status after this epoch: 
Memory allocated:  187.37353515625
Memory cached:  416.0
	 epoch  50 training error:  tensor(0.5575, device='cuda:0', grad_fn=<DivBackward0>)
Memory status after this epoch: 
Memory allocated:  187.37353515625
Memory cached:  410.0
	 epoch  60 training error:  tensor(0.6275, device='cuda:0', grad_fn=<DivBackward0>)
Memory status after this epoch: 
Memory allocated:  187.37353515625
Memory cached:  414.0
	 epoch  70 training error:  tensor(0.5797, device='cuda:0', grad_fn=<DivBackward0>)
Memory status after this epoch: 
Memory allocated:  187.37353515625
Memory cached:  406.0
	 epoch  80 training error:  tensor(0.5560, device='cuda:0', grad_fn=<DivBackward0>)
Memory status after this epoch: 
Memory allocated:  187.37353515625
Memory cached:  416.0
	 epoch  90 training error:  tensor(0.5331, device='cuda:0', grad_fn=<DivBackward0>)
Memory status after this epoch: 
Memory allocated:  187.37353515625
Memory cached:  410.0
[I 2023-12-20 05:33:08,882] Trial 58 finished with value: 0.41367822885513306 and parameters: {'W_layers': 6, 'W_layer_units_exponent_0': 7, 'W_layer_units_exponent_1': 8, 'W_layer_units_exponent_2': 6, 'W_layer_units_exponent_3': 10, 'W_layer_units_exponent_4': 4, 'W_layer_units_exponent_5': 7, 'D_layers': 7, 'D_layer_units_exponent_0': 8, 'D_layer_units_exponent_1': 5, 'D_layer_units_exponent_2': 5, 'D_layer_units_exponent_3': 8, 'D_layer_units_exponent_4': 8, 'D_layer_units_exponent_5': 8, 'D_layer_units_exponent_6': 4, 'D_dagger_layers': 3, 'D_dagger_layer_units_exponent_0': 8, 'D_dagger_layer_units_exponent_1': 7, 'D_dagger_layer_units_exponent_2': 6, 'log_learning_rate': -1.8011952648849154, 'log_learning_rate_D': -3.6768261168978933, 'log_learning_rate_D_dagger': -2.194223378972602, 'training_batch_size': 9, 'training_p': 7}. Best is trial 11 with value: 0.14480963349342346.
Time for this trial:  207.75208854675293
Memory status after this trial: 
Memory allocated:  352.4658203125
Memory cached:  400.0
--------------------  Trial  59   --------------------
Start timing: 
Parameters: 
{'W_layers': 3, 'W_layer_units_exponent_0': 9, 'W_layer_units_exponent_1': 9, 'W_layer_units_exponent_2': 7, 'D_layers': 5, 'D_layer_units_exponent_0': 9, 'D_layer_units_exponent_1': 4, 'D_layer_units_exponent_2': 4, 'D_layer_units_exponent_3': 9, 'D_layer_units_exponent_4': 9, 'D_dagger_layers': 2, 'D_dagger_layer_units_exponent_0': 7, 'D_dagger_layer_units_exponent_1': 8, 'log_learning_rate': -2.036396597407643, 'log_learning_rate_D': -3.981319148981791, 'log_learning_rate_D_dagger': -2.9133678232433557, 'training_batch_size': 12, 'training_p': 8}
	 epoch  0 training error:  tensor(0.9702, device='cuda:0', grad_fn=<DivBackward0>)
Memory status after this epoch: 
Memory allocated:  192.15087890625
Memory cached:  384.0
	 epoch  10 training error:  tensor(0.6286, device='cuda:0', grad_fn=<DivBackward0>)
Memory status after this epoch: 
Memory allocated:  192.15087890625
Memory cached:  394.0
	 epoch  20 training error:  tensor(0.5585, device='cuda:0', grad_fn=<DivBackward0>)
Memory status after this epoch: 
Memory allocated:  192.15087890625
Memory cached:  390.0
	 epoch  30 training error:  tensor(0.5903, device='cuda:0', grad_fn=<DivBackward0>)
Memory status after this epoch: 
Memory allocated:  192.15087890625
Memory cached:  390.0
	 epoch  40 training error:  tensor(0.5541, device='cuda:0', grad_fn=<DivBackward0>)
Memory status after this epoch: 
Memory allocated:  192.15087890625
Memory cached:  390.0
	 epoch  50 training error:  tensor(0.5735, device='cuda:0', grad_fn=<DivBackward0>)
Memory status after this epoch: 
Memory allocated:  192.15087890625
Memory cached:  396.0
	 epoch  60 training error:  tensor(0.5876, device='cuda:0', grad_fn=<DivBackward0>)
Memory status after this epoch: 
Memory allocated:  192.15087890625
Memory cached:  396.0
	 epoch  70 training error:  tensor(0.5904, device='cuda:0', grad_fn=<DivBackward0>)
Memory status after this epoch: 
Memory allocated:  192.15087890625
Memory cached:  394.0
	 epoch  80 training error:  tensor(0.5481, device='cuda:0', grad_fn=<DivBackward0>)
Memory status after this epoch: 
Memory allocated:  192.15087890625
Memory cached:  392.0
	 epoch  90 training error:  tensor(0.5685, device='cuda:0', grad_fn=<DivBackward0>)
Memory status after this epoch: 
Memory allocated:  192.15087890625
Memory cached:  392.0
[I 2023-12-20 05:35:51,244] Trial 59 finished with value: 0.4411490857601166 and parameters: {'W_layers': 3, 'W_layer_units_exponent_0': 9, 'W_layer_units_exponent_1': 9, 'W_layer_units_exponent_2': 7, 'D_layers': 5, 'D_layer_units_exponent_0': 9, 'D_layer_units_exponent_1': 4, 'D_layer_units_exponent_2': 4, 'D_layer_units_exponent_3': 9, 'D_layer_units_exponent_4': 9, 'D_dagger_layers': 2, 'D_dagger_layer_units_exponent_0': 7, 'D_dagger_layer_units_exponent_1': 8, 'log_learning_rate': -2.036396597407643, 'log_learning_rate_D': -3.981319148981791, 'log_learning_rate_D_dagger': -2.9133678232433557, 'training_batch_size': 12, 'training_p': 8}. Best is trial 11 with value: 0.14480963349342346.
Time for this trial:  162.00432872772217
Memory status after this trial: 
Memory allocated:  346.0
Memory cached:  388.0
--------------------  Trial  60   --------------------
Start timing: 
Parameters: 
{'W_layers': 5, 'W_layer_units_exponent_0': 8, 'W_layer_units_exponent_1': 10, 'W_layer_units_exponent_2': 4, 'W_layer_units_exponent_3': 9, 'W_layer_units_exponent_4': 5, 'D_layers': 8, 'D_layer_units_exponent_0': 6, 'D_layer_units_exponent_1': 6, 'D_layer_units_exponent_2': 4, 'D_layer_units_exponent_3': 8, 'D_layer_units_exponent_4': 7, 'D_layer_units_exponent_5': 8, 'D_layer_units_exponent_6': 6, 'D_layer_units_exponent_7': 7, 'D_dagger_layers': 3, 'D_dagger_layer_units_exponent_0': 9, 'D_dagger_layer_units_exponent_1': 6, 'D_dagger_layer_units_exponent_2': 7, 'log_learning_rate': -2.8389139492964603, 'log_learning_rate_D': -4.201378402470191, 'log_learning_rate_D_dagger': -1.9075885117584908, 'training_batch_size': 8, 'training_p': 7}
	 epoch  0 training error:  tensor(1.0310, device='cuda:0', grad_fn=<DivBackward0>)
Memory status after this epoch: 
Memory allocated:  189.16845703125
Memory cached:  392.0
	 epoch  10 training error:  tensor(1.2616, device='cuda:0', grad_fn=<DivBackward0>)
Memory status after this epoch: 
Memory allocated:  189.16845703125
Memory cached:  414.0
	 epoch  20 training error:  tensor(0.6848, device='cuda:0', grad_fn=<DivBackward0>)
Memory status after this epoch: 
Memory allocated:  189.16845703125
Memory cached:  420.0
	 epoch  30 training error:  tensor(0.5638, device='cuda:0', grad_fn=<DivBackward0>)
Memory status after this epoch: 
Memory allocated:  189.16845703125
Memory cached:  424.0
	 epoch  40 training error:  tensor(0.5342, device='cuda:0', grad_fn=<DivBackward0>)
Memory status after this epoch: 
Memory allocated:  189.16845703125
Memory cached:  418.0
	 epoch  50 training error:  tensor(0.5320, device='cuda:0', grad_fn=<DivBackward0>)
Memory status after this epoch: 
Memory allocated:  189.16845703125
Memory cached:  416.0
	 epoch  60 training error:  tensor(0.5323, device='cuda:0', grad_fn=<DivBackward0>)
Memory status after this epoch: 
Memory allocated:  189.16845703125
Memory cached:  414.0
	 epoch  70 training error:  tensor(0.5611, device='cuda:0', grad_fn=<DivBackward0>)
Memory status after this epoch: 
Memory allocated:  189.16845703125
Memory cached:  418.0
	 epoch  80 training error:  tensor(0.5334, device='cuda:0', grad_fn=<DivBackward0>)
Memory status after this epoch: 
Memory allocated:  189.16845703125
Memory cached:  416.0
	 epoch  90 training error:  tensor(0.5415, device='cuda:0', grad_fn=<DivBackward0>)
Memory status after this epoch: 
Memory allocated:  189.16845703125
Memory cached:  418.0
[I 2023-12-20 05:39:19,703] Trial 60 finished with value: 0.4560850262641907 and parameters: {'W_layers': 5, 'W_layer_units_exponent_0': 8, 'W_layer_units_exponent_1': 10, 'W_layer_units_exponent_2': 4, 'W_layer_units_exponent_3': 9, 'W_layer_units_exponent_4': 5, 'D_layers': 8, 'D_layer_units_exponent_0': 6, 'D_layer_units_exponent_1': 6, 'D_layer_units_exponent_2': 4, 'D_layer_units_exponent_3': 8, 'D_layer_units_exponent_4': 7, 'D_layer_units_exponent_5': 8, 'D_layer_units_exponent_6': 6, 'D_layer_units_exponent_7': 7, 'D_dagger_layers': 3, 'D_dagger_layer_units_exponent_0': 9, 'D_dagger_layer_units_exponent_1': 6, 'D_dagger_layer_units_exponent_2': 7, 'log_learning_rate': -2.8389139492964603, 'log_learning_rate_D': -4.201378402470191, 'log_learning_rate_D_dagger': -1.9075885117584908, 'training_batch_size': 8, 'training_p': 7}. Best is trial 11 with value: 0.14480963349342346.
Time for this trial:  208.06770205497742
Memory status after this trial: 
Memory allocated:  371.65283203125
Memory cached:  404.0
--------------------  Trial  61   --------------------
Start timing: 
Parameters: 
{'W_layers': 7, 'W_layer_units_exponent_0': 7, 'W_layer_units_exponent_1': 9, 'W_layer_units_exponent_2': 7, 'W_layer_units_exponent_3': 8, 'W_layer_units_exponent_4': 6, 'W_layer_units_exponent_5': 6, 'W_layer_units_exponent_6': 6, 'D_layers': 8, 'D_layer_units_exponent_0': 7, 'D_layer_units_exponent_1': 6, 'D_layer_units_exponent_2': 4, 'D_layer_units_exponent_3': 7, 'D_layer_units_exponent_4': 8, 'D_layer_units_exponent_5': 10, 'D_layer_units_exponent_6': 5, 'D_layer_units_exponent_7': 7, 'D_dagger_layers': 3, 'D_dagger_layer_units_exponent_0': 10, 'D_dagger_layer_units_exponent_1': 7, 'D_dagger_layer_units_exponent_2': 6, 'log_learning_rate': -2.219789274660516, 'log_learning_rate_D': -3.769461794839087, 'log_learning_rate_D_dagger': -2.633376009716097, 'training_batch_size': 6, 'training_p': 8}
	 epoch  0 training error:  tensor(1.1539, device='cuda:0', grad_fn=<DivBackward0>)
Memory status after this epoch: 
Memory allocated:  192.68603515625
Memory cached:  394.0
	 epoch  10 training error:  tensor(0.5710, device='cuda:0', grad_fn=<DivBackward0>)
Memory status after this epoch: 
Memory allocated:  192.68603515625
Memory cached:  422.0
	 epoch  20 training error:  tensor(0.5540, device='cuda:0', grad_fn=<DivBackward0>)
Memory status after this epoch: 
Memory allocated:  192.68603515625
Memory cached:  424.0
	 epoch  30 training error:  tensor(0.5321, device='cuda:0', grad_fn=<DivBackward0>)
Memory status after this epoch: 
Memory allocated:  192.68603515625
Memory cached:  424.0
	 epoch  40 training error:  tensor(0.4430, device='cuda:0', grad_fn=<DivBackward0>)
Memory status after this epoch: 
Memory allocated:  192.68603515625
Memory cached:  430.0
	 epoch  50 training error:  tensor(0.4750, device='cuda:0', grad_fn=<DivBackward0>)
Memory status after this epoch: 
Memory allocated:  192.68603515625
Memory cached:  428.0
	 epoch  60 training error:  tensor(0.3715, device='cuda:0', grad_fn=<DivBackward0>)
Memory status after this epoch: 
Memory allocated:  192.68603515625
Memory cached:  424.0
	 epoch  70 training error:  tensor(0.3765, device='cuda:0', grad_fn=<DivBackward0>)
Memory status after this epoch: 
Memory allocated:  192.68603515625
Memory cached:  426.0
	 epoch  80 training error:  tensor(0.3201, device='cuda:0', grad_fn=<DivBackward0>)
Memory status after this epoch: 
Memory allocated:  192.68603515625
Memory cached:  424.0
	 epoch  90 training error:  tensor(0.2808, device='cuda:0', grad_fn=<DivBackward0>)
Memory status after this epoch: 
Memory allocated:  192.68603515625
Memory cached:  426.0
[I 2023-12-20 05:45:56,302] Trial 61 finished with value: 0.25253167748451233 and parameters: {'W_layers': 7, 'W_layer_units_exponent_0': 7, 'W_layer_units_exponent_1': 9, 'W_layer_units_exponent_2': 7, 'W_layer_units_exponent_3': 8, 'W_layer_units_exponent_4': 6, 'W_layer_units_exponent_5': 6, 'W_layer_units_exponent_6': 6, 'D_layers': 8, 'D_layer_units_exponent_0': 7, 'D_layer_units_exponent_1': 6, 'D_layer_units_exponent_2': 4, 'D_layer_units_exponent_3': 7, 'D_layer_units_exponent_4': 8, 'D_layer_units_exponent_5': 10, 'D_layer_units_exponent_6': 5, 'D_layer_units_exponent_7': 7, 'D_dagger_layers': 3, 'D_dagger_layer_units_exponent_0': 10, 'D_dagger_layer_units_exponent_1': 7, 'D_dagger_layer_units_exponent_2': 6, 'log_learning_rate': -2.219789274660516, 'log_learning_rate_D': -3.769461794839087, 'log_learning_rate_D_dagger': -2.633376009716097, 'training_batch_size': 6, 'training_p': 8}. Best is trial 11 with value: 0.14480963349342346.
Time for this trial:  396.1118187904358
Memory status after this trial: 
Memory allocated:  409.837890625
Memory cached:  424.0
--------------------  Trial  62   --------------------
Start timing: 
Parameters: 
{'W_layers': 6, 'W_layer_units_exponent_0': 7, 'W_layer_units_exponent_1': 9, 'W_layer_units_exponent_2': 6, 'W_layer_units_exponent_3': 7, 'W_layer_units_exponent_4': 7, 'W_layer_units_exponent_5': 6, 'D_layers': 8, 'D_layer_units_exponent_0': 7, 'D_layer_units_exponent_1': 6, 'D_layer_units_exponent_2': 4, 'D_layer_units_exponent_3': 6, 'D_layer_units_exponent_4': 8, 'D_layer_units_exponent_5': 10, 'D_layer_units_exponent_6': 7, 'D_layer_units_exponent_7': 8, 'D_dagger_layers': 4, 'D_dagger_layer_units_exponent_0': 10, 'D_dagger_layer_units_exponent_1': 7, 'D_dagger_layer_units_exponent_2': 5, 'D_dagger_layer_units_exponent_3': 6, 'log_learning_rate': -2.5390169133280325, 'log_learning_rate_D': -3.918163738629624, 'log_learning_rate_D_dagger': -2.520169618001694, 'training_batch_size': 6, 'training_p': 8}
	 epoch  0 training error:  tensor(1.0670, device='cuda:0', grad_fn=<DivBackward0>)
Memory status after this epoch: 
Memory allocated:  193.45361328125
Memory cached:  386.0
	 epoch  10 training error:  tensor(0.5585, device='cuda:0', grad_fn=<DivBackward0>)
Memory status after this epoch: 
Memory allocated:  193.45361328125
Memory cached:  424.0
	 epoch  20 training error:  tensor(0.5595, device='cuda:0', grad_fn=<DivBackward0>)
Memory status after this epoch: 
Memory allocated:  193.45361328125
Memory cached:  426.0
	 epoch  30 training error:  tensor(0.5553, device='cuda:0', grad_fn=<DivBackward0>)
Memory status after this epoch: 
Memory allocated:  193.45361328125
Memory cached:  418.0
	 epoch  40 training error:  tensor(0.5395, device='cuda:0', grad_fn=<DivBackward0>)
Memory status after this epoch: 
Memory allocated:  193.45361328125
Memory cached:  432.0
	 epoch  50 training error:  tensor(0.5285, device='cuda:0', grad_fn=<DivBackward0>)
Memory status after this epoch: 
Memory allocated:  193.45361328125
Memory cached:  420.0
	 epoch  60 training error:  tensor(0.5119, device='cuda:0', grad_fn=<DivBackward0>)
Memory status after this epoch: 
Memory allocated:  193.45361328125
Memory cached:  422.0
	 epoch  70 training error:  tensor(0.6579, device='cuda:0', grad_fn=<DivBackward0>)
Memory status after this epoch: 
Memory allocated:  193.45361328125
Memory cached:  424.0
	 epoch  80 training error:  tensor(0.4497, device='cuda:0', grad_fn=<DivBackward0>)
Memory status after this epoch: 
Memory allocated:  193.45361328125
Memory cached:  422.0
	 epoch  90 training error:  tensor(0.3525, device='cuda:0', grad_fn=<DivBackward0>)
Memory status after this epoch: 
Memory allocated:  193.45361328125
Memory cached:  416.0
