[I 2023-12-06 11:53:14,821] Trial 32 finished with value: 0.35087862610816956 and parameters: {'W_layers': 8, 'W_layer_units_exponent_0': 10, 'W_layer_units_exponent_1': 5, 'W_layer_units_exponent_2': 5, 'W_layer_units_exponent_3': 8, 'W_layer_units_exponent_4': 4, 'W_layer_units_exponent_5': 5, 'W_layer_units_exponent_6': 7, 'W_layer_units_exponent_7': 4, 'D_layers': 6, 'D_layer_units_exponent_0': 6, 'D_layer_units_exponent_1': 8, 'D_layer_units_exponent_2': 7, 'D_layer_units_exponent_3': 5, 'D_layer_units_exponent_4': 7, 'D_layer_units_exponent_5': 8, 'log_learning_rate': -2.5051390611502096, 'log_learning_rate_D': -2.3515966276580915, 'training_batch_size': 8, 'training_p': 8}. Best is trial 20 with value: 0.33899202942848206.
Time for this trial:  16.68851137161255
Memory status after this trial: 
Memory allocated:  77.03662109375
Memory cached:  94.0
--------------------  Trial  33   --------------------
Start timing: 
Parameters: 
{'W_layers': 6, 'W_layer_units_exponent_0': 10, 'W_layer_units_exponent_1': 4, 'W_layer_units_exponent_2': 7, 'W_layer_units_exponent_3': 6, 'W_layer_units_exponent_4': 5, 'W_layer_units_exponent_5': 4, 'D_layers': 7, 'D_layer_units_exponent_0': 5, 'D_layer_units_exponent_1': 7, 'D_layer_units_exponent_2': 9, 'D_layer_units_exponent_3': 4, 'D_layer_units_exponent_4': 5, 'D_layer_units_exponent_5': 5, 'D_layer_units_exponent_6': 10, 'log_learning_rate': -1.1671676977479737, 'log_learning_rate_D': -2.8236314857889147, 'training_batch_size': 11, 'training_p': 7}
	 epoch  0 training error:  tensor(0.9343, device='cuda:0', grad_fn=<DivBackward0>)
Memory status after this epoch: 
Memory allocated:  42.04931640625
Memory cached:  72.0
	 epoch  10 training error:  tensor(13.4832, device='cuda:0', grad_fn=<DivBackward0>)
Memory status after this epoch: 
Memory allocated:  42.04931640625
Memory cached:  72.0
	 epoch  20 training error:  tensor(0.9119, device='cuda:0', grad_fn=<DivBackward0>)
Memory status after this epoch: 
Memory allocated:  42.04931640625
Memory cached:  72.0
	 epoch  30 training error:  tensor(0.8038, device='cuda:0', grad_fn=<DivBackward0>)
Memory status after this epoch: 
Memory allocated:  42.04931640625
Memory cached:  72.0
	 epoch  40 training error:  tensor(0.6425, device='cuda:0', grad_fn=<DivBackward0>)
Memory status after this epoch: 
Memory allocated:  42.04931640625
Memory cached:  72.0
	 epoch  50 training error:  tensor(0.6873, device='cuda:0', grad_fn=<DivBackward0>)
Memory status after this epoch: 
Memory allocated:  42.04931640625
Memory cached:  72.0
	 epoch  60 training error:  tensor(0.6590, device='cuda:0', grad_fn=<DivBackward0>)
Memory status after this epoch: 
Memory allocated:  42.04931640625
Memory cached:  72.0
	 epoch  70 training error:  tensor(0.6423, device='cuda:0', grad_fn=<DivBackward0>)
Memory status after this epoch: 
Memory allocated:  42.04931640625
Memory cached:  72.0
	 epoch  80 training error:  tensor(0.6435, device='cuda:0', grad_fn=<DivBackward0>)
Memory status after this epoch: 
Memory allocated:  42.04931640625
Memory cached:  72.0
	 epoch  90 training error:  tensor(0.6432, device='cuda:0', grad_fn=<DivBackward0>)
Memory status after this epoch: 
Memory allocated:  42.04931640625
Memory cached:  72.0
[I 2023-12-06 11:53:31,234] Trial 33 finished with value: 0.6115544438362122 and parameters: {'W_layers': 6, 'W_layer_units_exponent_0': 10, 'W_layer_units_exponent_1': 4, 'W_layer_units_exponent_2': 7, 'W_layer_units_exponent_3': 6, 'W_layer_units_exponent_4': 5, 'W_layer_units_exponent_5': 4, 'D_layers': 7, 'D_layer_units_exponent_0': 5, 'D_layer_units_exponent_1': 7, 'D_layer_units_exponent_2': 9, 'D_layer_units_exponent_3': 4, 'D_layer_units_exponent_4': 5, 'D_layer_units_exponent_5': 5, 'D_layer_units_exponent_6': 10, 'log_learning_rate': -1.1671676977479737, 'log_learning_rate_D': -2.8236314857889147, 'training_batch_size': 11, 'training_p': 7}. Best is trial 20 with value: 0.33899202942848206.
Time for this trial:  16.19286584854126
Memory status after this trial: 
Memory allocated:  70.99462890625
Memory cached:  74.0
--------------------  Trial  34   --------------------
Start timing: 
Parameters: 
{'W_layers': 5, 'W_layer_units_exponent_0': 9, 'W_layer_units_exponent_1': 6, 'W_layer_units_exponent_2': 7, 'W_layer_units_exponent_3': 6, 'W_layer_units_exponent_4': 4, 'D_layers': 5, 'D_layer_units_exponent_0': 4, 'D_layer_units_exponent_1': 8, 'D_layer_units_exponent_2': 8, 'D_layer_units_exponent_3': 6, 'D_layer_units_exponent_4': 6, 'log_learning_rate': -2.8761689581088685, 'log_learning_rate_D': -2.1190842236388825, 'training_batch_size': 9, 'training_p': 6}
	 epoch  0 training error:  tensor(1.1967, device='cuda:0', grad_fn=<DivBackward0>)
Memory status after this epoch: 
Memory allocated:  42.25537109375
Memory cached:  72.0
	 epoch  10 training error:  tensor(0.4760, device='cuda:0', grad_fn=<DivBackward0>)
Memory status after this epoch: 
Memory allocated:  42.25537109375
Memory cached:  72.0
	 epoch  20 training error:  tensor(0.4629, device='cuda:0', grad_fn=<DivBackward0>)
Memory status after this epoch: 
Memory allocated:  42.25537109375
Memory cached:  72.0
	 epoch  30 training error:  tensor(0.4262, device='cuda:0', grad_fn=<DivBackward0>)
Memory status after this epoch: 
Memory allocated:  42.25537109375
Memory cached:  72.0
	 epoch  40 training error:  tensor(0.4025, device='cuda:0', grad_fn=<DivBackward0>)
Memory status after this epoch: 
Memory allocated:  42.25537109375
Memory cached:  72.0
	 epoch  50 training error:  tensor(0.3847, device='cuda:0', grad_fn=<DivBackward0>)
Memory status after this epoch: 
Memory allocated:  42.25537109375
Memory cached:  72.0
	 epoch  60 training error:  tensor(0.3769, device='cuda:0', grad_fn=<DivBackward0>)
Memory status after this epoch: 
Memory allocated:  42.25537109375
Memory cached:  72.0
	 epoch  70 training error:  tensor(0.3727, device='cuda:0', grad_fn=<DivBackward0>)
Memory status after this epoch: 
Memory allocated:  42.25537109375
Memory cached:  72.0
	 epoch  80 training error:  tensor(0.3702, device='cuda:0', grad_fn=<DivBackward0>)
Memory status after this epoch: 
Memory allocated:  42.25537109375
Memory cached:  72.0
	 epoch  90 training error:  tensor(0.3685, device='cuda:0', grad_fn=<DivBackward0>)
Memory status after this epoch: 
Memory allocated:  42.25537109375
Memory cached:  72.0
[I 2023-12-06 11:53:47,097] Trial 34 finished with value: 0.3431023061275482 and parameters: {'W_layers': 5, 'W_layer_units_exponent_0': 9, 'W_layer_units_exponent_1': 6, 'W_layer_units_exponent_2': 7, 'W_layer_units_exponent_3': 6, 'W_layer_units_exponent_4': 4, 'D_layers': 5, 'D_layer_units_exponent_0': 4, 'D_layer_units_exponent_1': 8, 'D_layer_units_exponent_2': 8, 'D_layer_units_exponent_3': 6, 'D_layer_units_exponent_4': 6, 'log_learning_rate': -2.8761689581088685, 'log_learning_rate_D': -2.1190842236388825, 'training_batch_size': 9, 'training_p': 6}. Best is trial 20 with value: 0.33899202942848206.
Time for this trial:  15.682435750961304
Memory status after this trial: 
Memory allocated:  59.46142578125
Memory cached:  74.0
--------------------  Trial  35   --------------------
Start timing: 
Parameters: 
{'W_layers': 5, 'W_layer_units_exponent_0': 9, 'W_layer_units_exponent_1': 6, 'W_layer_units_exponent_2': 7, 'W_layer_units_exponent_3': 4, 'W_layer_units_exponent_4': 5, 'D_layers': 5, 'D_layer_units_exponent_0': 4, 'D_layer_units_exponent_1': 8, 'D_layer_units_exponent_2': 7, 'D_layer_units_exponent_3': 6, 'D_layer_units_exponent_4': 6, 'log_learning_rate': -2.1417896754202177, 'log_learning_rate_D': -2.016832315149709, 'training_batch_size': 9, 'training_p': 6}
	 epoch  0 training error:  tensor(1.0484, device='cuda:0', grad_fn=<DivBackward0>)
Memory status after this epoch: 
Memory allocated:  41.9970703125
Memory cached:  72.0
	 epoch  10 training error:  tensor(0.5538, device='cuda:0', grad_fn=<DivBackward0>)
Memory status after this epoch: 
Memory allocated:  41.9970703125
Memory cached:  72.0
	 epoch  20 training error:  tensor(0.4196, device='cuda:0', grad_fn=<DivBackward0>)
Memory status after this epoch: 
Memory allocated:  41.9970703125
Memory cached:  72.0
	 epoch  30 training error:  tensor(0.3875, device='cuda:0', grad_fn=<DivBackward0>)
Memory status after this epoch: 
Memory allocated:  41.9970703125
Memory cached:  72.0
	 epoch  40 training error:  tensor(0.3755, device='cuda:0', grad_fn=<DivBackward0>)
Memory status after this epoch: 
Memory allocated:  41.9970703125
Memory cached:  72.0
	 epoch  50 training error:  tensor(0.3703, device='cuda:0', grad_fn=<DivBackward0>)
Memory status after this epoch: 
Memory allocated:  41.9970703125
Memory cached:  72.0
	 epoch  60 training error:  tensor(0.3663, device='cuda:0', grad_fn=<DivBackward0>)
Memory status after this epoch: 
Memory allocated:  41.9970703125
Memory cached:  72.0
	 epoch  70 training error:  tensor(0.3886, device='cuda:0', grad_fn=<DivBackward0>)
Memory status after this epoch: 
Memory allocated:  41.9970703125
Memory cached:  72.0
	 epoch  80 training error:  tensor(0.3693, device='cuda:0', grad_fn=<DivBackward0>)
Memory status after this epoch: 
Memory allocated:  41.9970703125
Memory cached:  72.0
	 epoch  90 training error:  tensor(0.3688, device='cuda:0', grad_fn=<DivBackward0>)
Memory status after this epoch: 
Memory allocated:  41.9970703125
Memory cached:  72.0
[I 2023-12-06 11:54:03,345] Trial 35 finished with value: 0.3428877890110016 and parameters: {'W_layers': 5, 'W_layer_units_exponent_0': 9, 'W_layer_units_exponent_1': 6, 'W_layer_units_exponent_2': 7, 'W_layer_units_exponent_3': 4, 'W_layer_units_exponent_4': 5, 'D_layers': 5, 'D_layer_units_exponent_0': 4, 'D_layer_units_exponent_1': 8, 'D_layer_units_exponent_2': 7, 'D_layer_units_exponent_3': 6, 'D_layer_units_exponent_4': 6, 'log_learning_rate': -2.1417896754202177, 'log_learning_rate_D': -2.016832315149709, 'training_batch_size': 9, 'training_p': 6}. Best is trial 20 with value: 0.33899202942848206.
Time for this trial:  16.078784227371216
Memory status after this trial: 
Memory allocated:  58.67822265625
Memory cached:  72.0
--------------------  Trial  36   --------------------
Start timing: 
Parameters: 
{'W_layers': 5, 'W_layer_units_exponent_0': 8, 'W_layer_units_exponent_1': 7, 'W_layer_units_exponent_2': 6, 'W_layer_units_exponent_3': 4, 'W_layer_units_exponent_4': 5, 'D_layers': 5, 'D_layer_units_exponent_0': 4, 'D_layer_units_exponent_1': 7, 'D_layer_units_exponent_2': 7, 'D_layer_units_exponent_3': 6, 'D_layer_units_exponent_4': 5, 'log_learning_rate': -2.0632769483583573, 'log_learning_rate_D': -1.3644382257332257, 'training_batch_size': 9, 'training_p': 6}
	 epoch  0 training error:  tensor(1.0265, device='cuda:0', grad_fn=<DivBackward0>)
Memory status after this epoch: 
Memory allocated:  41.89111328125
Memory cached:  72.0
	 epoch  10 training error:  tensor(0.5215, device='cuda:0', grad_fn=<DivBackward0>)
Memory status after this epoch: 
Memory allocated:  41.89111328125
Memory cached:  72.0
	 epoch  20 training error:  tensor(0.4488, device='cuda:0', grad_fn=<DivBackward0>)
Memory status after this epoch: 
Memory allocated:  41.89111328125
Memory cached:  72.0
	 epoch  30 training error:  tensor(0.3866, device='cuda:0', grad_fn=<DivBackward0>)
Memory status after this epoch: 
Memory allocated:  41.89111328125
Memory cached:  72.0
	 epoch  40 training error:  tensor(0.3744, device='cuda:0', grad_fn=<DivBackward0>)
Memory status after this epoch: 
Memory allocated:  41.89111328125
Memory cached:  72.0
	 epoch  50 training error:  tensor(0.3697, device='cuda:0', grad_fn=<DivBackward0>)
Memory status after this epoch: 
Memory allocated:  41.89111328125
Memory cached:  72.0
	 epoch  60 training error:  tensor(0.3681, device='cuda:0', grad_fn=<DivBackward0>)
Memory status after this epoch: 
Memory allocated:  41.89111328125
Memory cached:  72.0
	 epoch  70 training error:  tensor(0.3671, device='cuda:0', grad_fn=<DivBackward0>)
Memory status after this epoch: 
Memory allocated:  41.89111328125
Memory cached:  72.0
	 epoch  80 training error:  tensor(0.3663, device='cuda:0', grad_fn=<DivBackward0>)
Memory status after this epoch: 
Memory allocated:  41.89111328125
Memory cached:  72.0
	 epoch  90 training error:  tensor(0.4110, device='cuda:0', grad_fn=<DivBackward0>)
Memory status after this epoch: 
Memory allocated:  41.89111328125
Memory cached:  72.0
[I 2023-12-06 11:54:18,944] Trial 36 finished with value: 0.36822646856307983 and parameters: {'W_layers': 5, 'W_layer_units_exponent_0': 8, 'W_layer_units_exponent_1': 7, 'W_layer_units_exponent_2': 6, 'W_layer_units_exponent_3': 4, 'W_layer_units_exponent_4': 5, 'D_layers': 5, 'D_layer_units_exponent_0': 4, 'D_layer_units_exponent_1': 7, 'D_layer_units_exponent_2': 7, 'D_layer_units_exponent_3': 6, 'D_layer_units_exponent_4': 5, 'log_learning_rate': -2.0632769483583573, 'log_learning_rate_D': -1.3644382257332257, 'training_batch_size': 9, 'training_p': 6}. Best is trial 20 with value: 0.33899202942848206.
Time for this trial:  15.420045375823975
Memory status after this trial: 
Memory allocated:  52.80517578125
Memory cached:  72.0
--------------------  Trial  37   --------------------
Start timing: 
Parameters: 
{'W_layers': 6, 'W_layer_units_exponent_0': 9, 'W_layer_units_exponent_1': 6, 'W_layer_units_exponent_2': 5, 'W_layer_units_exponent_3': 4, 'W_layer_units_exponent_4': 6, 'W_layer_units_exponent_5': 6, 'D_layers': 6, 'D_layer_units_exponent_0': 4, 'D_layer_units_exponent_1': 6, 'D_layer_units_exponent_2': 6, 'D_layer_units_exponent_3': 9, 'D_layer_units_exponent_4': 6, 'D_layer_units_exponent_5': 9, 'log_learning_rate': -1.6560626975218833, 'log_learning_rate_D': -2.577180121689118, 'training_batch_size': 12, 'training_p': 5}
	 epoch  0 training error:  tensor(1.4541, device='cuda:0', grad_fn=<DivBackward0>)
Memory status after this epoch: 
Memory allocated:  42.162109375
Memory cached:  72.0
	 epoch  10 training error:  tensor(1.3450, device='cuda:0', grad_fn=<DivBackward0>)
Memory status after this epoch: 
Memory allocated:  42.162109375
Memory cached:  72.0
	 epoch  20 training error:  tensor(0.4956, device='cuda:0', grad_fn=<DivBackward0>)
Memory status after this epoch: 
Memory allocated:  42.162109375
Memory cached:  72.0
	 epoch  30 training error:  tensor(0.6154, device='cuda:0', grad_fn=<DivBackward0>)
Memory status after this epoch: 
Memory allocated:  42.162109375
Memory cached:  72.0
	 epoch  40 training error:  tensor(0.4491, device='cuda:0', grad_fn=<DivBackward0>)
Memory status after this epoch: 
Memory allocated:  42.162109375
Memory cached:  72.0
	 epoch  50 training error:  tensor(0.4116, device='cuda:0', grad_fn=<DivBackward0>)
Memory status after this epoch: 
Memory allocated:  42.162109375
Memory cached:  72.0
	 epoch  60 training error:  tensor(0.3919, device='cuda:0', grad_fn=<DivBackward0>)
Memory status after this epoch: 
Memory allocated:  42.162109375
Memory cached:  72.0
	 epoch  70 training error:  tensor(0.3775, device='cuda:0', grad_fn=<DivBackward0>)
Memory status after this epoch: 
Memory allocated:  42.162109375
Memory cached:  72.0
	 epoch  80 training error:  tensor(0.3681, device='cuda:0', grad_fn=<DivBackward0>)
Memory status after this epoch: 
Memory allocated:  42.162109375
Memory cached:  72.0
	 epoch  90 training error:  tensor(0.3663, device='cuda:0', grad_fn=<DivBackward0>)
Memory status after this epoch: 
Memory allocated:  42.162109375
Memory cached:  72.0
[I 2023-12-06 11:54:35,099] Trial 37 finished with value: 0.339854896068573 and parameters: {'W_layers': 6, 'W_layer_units_exponent_0': 9, 'W_layer_units_exponent_1': 6, 'W_layer_units_exponent_2': 5, 'W_layer_units_exponent_3': 4, 'W_layer_units_exponent_4': 6, 'W_layer_units_exponent_5': 6, 'D_layers': 6, 'D_layer_units_exponent_0': 4, 'D_layer_units_exponent_1': 6, 'D_layer_units_exponent_2': 6, 'D_layer_units_exponent_3': 9, 'D_layer_units_exponent_4': 6, 'D_layer_units_exponent_5': 9, 'log_learning_rate': -1.6560626975218833, 'log_learning_rate_D': -2.577180121689118, 'training_batch_size': 12, 'training_p': 5}. Best is trial 20 with value: 0.33899202942848206.
Time for this trial:  15.974514245986938
Memory status after this trial: 
Memory allocated:  58.65576171875
Memory cached:  72.0
--------------------  Trial  38   --------------------
Start timing: 
Parameters: 
{'W_layers': 6, 'W_layer_units_exponent_0': 8, 'W_layer_units_exponent_1': 7, 'W_layer_units_exponent_2': 4, 'W_layer_units_exponent_3': 4, 'W_layer_units_exponent_4': 6, 'W_layer_units_exponent_5': 6, 'D_layers': 6, 'D_layer_units_exponent_0': 5, 'D_layer_units_exponent_1': 6, 'D_layer_units_exponent_2': 9, 'D_layer_units_exponent_3': 9, 'D_layer_units_exponent_4': 9, 'D_layer_units_exponent_5': 9, 'log_learning_rate': -1.6201193490990675, 'log_learning_rate_D': -2.5339908571335363, 'training_batch_size': 12, 'training_p': 5}
	 epoch  0 training error:  tensor(1.3443, device='cuda:0', grad_fn=<DivBackward0>)
Memory status after this epoch: 
Memory allocated:  44.8876953125
Memory cached:  72.0
	 epoch  10 training error:  tensor(0.9415, device='cuda:0', grad_fn=<DivBackward0>)
Memory status after this epoch: 
Memory allocated:  44.8876953125
Memory cached:  72.0
	 epoch  20 training error:  tensor(0.6247, device='cuda:0', grad_fn=<DivBackward0>)
Memory status after this epoch: 
Memory allocated:  44.8876953125
Memory cached:  72.0
	 epoch  30 training error:  tensor(0.4649, device='cuda:0', grad_fn=<DivBackward0>)
Memory status after this epoch: 
Memory allocated:  44.8876953125
Memory cached:  72.0
	 epoch  40 training error:  tensor(0.5001, device='cuda:0', grad_fn=<DivBackward0>)
Memory status after this epoch: 
Memory allocated:  44.8876953125
Memory cached:  72.0
	 epoch  50 training error:  tensor(0.4484, device='cuda:0', grad_fn=<DivBackward0>)
Memory status after this epoch: 
Memory allocated:  44.8876953125
Memory cached:  72.0
	 epoch  60 training error:  tensor(0.4071, device='cuda:0', grad_fn=<DivBackward0>)
Memory status after this epoch: 
Memory allocated:  44.8876953125
Memory cached:  72.0
	 epoch  70 training error:  tensor(0.3800, device='cuda:0', grad_fn=<DivBackward0>)
Memory status after this epoch: 
Memory allocated:  44.8876953125
Memory cached:  72.0
	 epoch  80 training error:  tensor(0.3725, device='cuda:0', grad_fn=<DivBackward0>)
Memory status after this epoch: 
Memory allocated:  44.8876953125
Memory cached:  72.0
	 epoch  90 training error:  tensor(0.3674, device='cuda:0', grad_fn=<DivBackward0>)
Memory status after this epoch: 
Memory allocated:  44.8876953125
Memory cached:  72.0
[I 2023-12-06 11:54:50,735] Trial 38 finished with value: 0.3381211757659912 and parameters: {'W_layers': 6, 'W_layer_units_exponent_0': 8, 'W_layer_units_exponent_1': 7, 'W_layer_units_exponent_2': 4, 'W_layer_units_exponent_3': 4, 'W_layer_units_exponent_4': 6, 'W_layer_units_exponent_5': 6, 'D_layers': 6, 'D_layer_units_exponent_0': 5, 'D_layer_units_exponent_1': 6, 'D_layer_units_exponent_2': 9, 'D_layer_units_exponent_3': 9, 'D_layer_units_exponent_4': 9, 'D_layer_units_exponent_5': 9, 'log_learning_rate': -1.6201193490990675, 'log_learning_rate_D': -2.5339908571335363, 'training_batch_size': 12, 'training_p': 5}. Best is trial 38 with value: 0.3381211757659912.
res:  tensor(0.3381, device='cuda:0', grad_fn=<DivBackward0>)
self.bestValue:  tensor(0.3390, device='cuda:0', grad_fn=<DivBackward0>)
Save this model!
Time for this trial:  15.435645580291748
Memory status after this trial: 
Memory allocated:  12.8115234375
Memory cached:  38.0
--------------------  Trial  39   --------------------
Start timing: 
Parameters: 
{'W_layers': 6, 'W_layer_units_exponent_0': 8, 'W_layer_units_exponent_1': 7, 'W_layer_units_exponent_2': 4, 'W_layer_units_exponent_3': 4, 'W_layer_units_exponent_4': 6, 'W_layer_units_exponent_5': 6, 'D_layers': 6, 'D_layer_units_exponent_0': 4, 'D_layer_units_exponent_1': 5, 'D_layer_units_exponent_2': 6, 'D_layer_units_exponent_3': 9, 'D_layer_units_exponent_4': 10, 'D_layer_units_exponent_5': 10, 'log_learning_rate': -1.0079925321705594, 'log_learning_rate_D': -2.6221146938871365, 'training_batch_size': 12, 'training_p': 5}
	 epoch  0 training error:  tensor(1.2224, device='cuda:0', grad_fn=<DivBackward0>)
Memory status after this epoch: 
Memory allocated:  19.62744140625
Memory cached:  38.0
	 epoch  10 training error:  tensor(4.5838, device='cuda:0', grad_fn=<DivBackward0>)
Memory status after this epoch: 
Memory allocated:  19.62744140625
Memory cached:  38.0
	 epoch  20 training error:  tensor(7.8260, device='cuda:0', grad_fn=<DivBackward0>)
Memory status after this epoch: 
Memory allocated:  19.62744140625
Memory cached:  38.0
	 epoch  30 training error:  tensor(6.4492, device='cuda:0', grad_fn=<DivBackward0>)
Memory status after this epoch: 
Memory allocated:  19.62744140625
Memory cached:  38.0
	 epoch  40 training error:  tensor(2.1398, device='cuda:0', grad_fn=<DivBackward0>)
Memory status after this epoch: 
Memory allocated:  19.62744140625
Memory cached:  38.0
	 epoch  50 training error:  tensor(1.5410, device='cuda:0', grad_fn=<DivBackward0>)
Memory status after this epoch: 
Memory allocated:  19.62744140625
Memory cached:  38.0
	 epoch  60 training error:  tensor(2.0427, device='cuda:0', grad_fn=<DivBackward0>)
Memory status after this epoch: 
Memory allocated:  19.62744140625
Memory cached:  38.0
	 epoch  70 training error:  tensor(1.4889, device='cuda:0', grad_fn=<DivBackward0>)
Memory status after this epoch: 
Memory allocated:  19.62744140625
Memory cached:  38.0
	 epoch  80 training error:  tensor(1.1095, device='cuda:0', grad_fn=<DivBackward0>)
Memory status after this epoch: 
Memory allocated:  19.62744140625
Memory cached:  38.0
	 epoch  90 training error:  tensor(0.6681, device='cuda:0', grad_fn=<DivBackward0>)
Memory status after this epoch: 
Memory allocated:  19.62744140625
Memory cached:  38.0
