[I 2024-01-02 01:51:48,585] Trial 387 finished with value: 0.4242933392524719 and parameters: {'W_layers': 5, 'W_layer_units_exponent_0': 8, 'W_layer_units_exponent_1': 10, 'W_layer_units_exponent_2': 6, 'W_layer_units_exponent_3': 9, 'W_layer_units_exponent_4': 5, 'D_layers': 5, 'D_layer_units_exponent_0': 7, 'D_layer_units_exponent_1': 9, 'D_layer_units_exponent_2': 10, 'D_layer_units_exponent_3': 8, 'D_layer_units_exponent_4': 4, 'D_dagger_layers': 3, 'D_dagger_layer_units_exponent_0': 9, 'D_dagger_layer_units_exponent_1': 5, 'D_dagger_layer_units_exponent_2': 5, 'log_learning_rate': -2.570610385619177, 'log_learning_rate_D': -4.8580407693201835, 'log_learning_rate_D_dagger': -2.9351470060966847, 'training_batch_size': 6, 'training_p': 7}. Best is trial 220 with value: 0.11745021492242813.
Time for this trial:  326.7177674770355
Memory status after this trial: 
Memory allocated:  445.658203125
Memory cached:  468.0
--------------------  Trial  388   --------------------
Start timing: 
Parameters: 
{'W_layers': 5, 'W_layer_units_exponent_0': 7, 'W_layer_units_exponent_1': 10, 'W_layer_units_exponent_2': 6, 'W_layer_units_exponent_3': 6, 'W_layer_units_exponent_4': 5, 'D_layers': 5, 'D_layer_units_exponent_0': 10, 'D_layer_units_exponent_1': 9, 'D_layer_units_exponent_2': 8, 'D_layer_units_exponent_3': 9, 'D_layer_units_exponent_4': 6, 'D_dagger_layers': 3, 'D_dagger_layer_units_exponent_0': 8, 'D_dagger_layer_units_exponent_1': 4, 'D_dagger_layer_units_exponent_2': 5, 'log_learning_rate': -1.75779183569741, 'log_learning_rate_D': -4.1198122243407616, 'log_learning_rate_D_dagger': -3.5776377306474973, 'training_batch_size': 6, 'training_p': 7}
	 epoch  0 training error:  tensor(1.5946, device='cuda:0', grad_fn=<DivBackward0>)
Memory status after this epoch: 
Memory allocated:  218.02783203125
Memory cached:  398.0
	 epoch  10 training error:  tensor(0.6212, device='cuda:0', grad_fn=<DivBackward0>)
Memory status after this epoch: 
Memory allocated:  218.02783203125
Memory cached:  414.0
	 epoch  20 training error:  tensor(0.5865, device='cuda:0', grad_fn=<DivBackward0>)
Memory status after this epoch: 
Memory allocated:  218.02783203125
Memory cached:  434.0
	 epoch  30 training error:  tensor(0.5912, device='cuda:0', grad_fn=<DivBackward0>)
Memory status after this epoch: 
Memory allocated:  218.02783203125
Memory cached:  422.0
	 epoch  40 training error:  tensor(0.5754, device='cuda:0', grad_fn=<DivBackward0>)
Memory status after this epoch: 
Memory allocated:  218.02783203125
Memory cached:  420.0
	 epoch  50 training error:  tensor(0.5474, device='cuda:0', grad_fn=<DivBackward0>)
Memory status after this epoch: 
Memory allocated:  218.02783203125
Memory cached:  408.0
	 epoch  60 training error:  tensor(0.5450, device='cuda:0', grad_fn=<DivBackward0>)
Memory status after this epoch: 
Memory allocated:  218.02783203125
Memory cached:  420.0
	 epoch  70 training error:  tensor(0.5675, device='cuda:0', grad_fn=<DivBackward0>)
Memory status after this epoch: 
Memory allocated:  218.02783203125
Memory cached:  406.0
	 epoch  80 training error:  tensor(0.5499, device='cuda:0', grad_fn=<DivBackward0>)
Memory status after this epoch: 
Memory allocated:  218.02783203125
Memory cached:  412.0
	 epoch  90 training error:  tensor(0.5588, device='cuda:0', grad_fn=<DivBackward0>)
Memory status after this epoch: 
Memory allocated:  218.02783203125
Memory cached:  400.0
[I 2024-01-02 01:57:13,336] Trial 388 finished with value: 0.44315868616104126 and parameters: {'W_layers': 5, 'W_layer_units_exponent_0': 7, 'W_layer_units_exponent_1': 10, 'W_layer_units_exponent_2': 6, 'W_layer_units_exponent_3': 6, 'W_layer_units_exponent_4': 5, 'D_layers': 5, 'D_layer_units_exponent_0': 10, 'D_layer_units_exponent_1': 9, 'D_layer_units_exponent_2': 8, 'D_layer_units_exponent_3': 9, 'D_layer_units_exponent_4': 6, 'D_dagger_layers': 3, 'D_dagger_layer_units_exponent_0': 8, 'D_dagger_layer_units_exponent_1': 4, 'D_dagger_layer_units_exponent_2': 5, 'log_learning_rate': -1.75779183569741, 'log_learning_rate_D': -4.1198122243407616, 'log_learning_rate_D_dagger': -3.5776377306474973, 'training_batch_size': 6, 'training_p': 7}. Best is trial 220 with value: 0.11745021492242813.
Time for this trial:  324.28838896751404
Memory status after this trial: 
Memory allocated:  421.166015625
Memory cached:  442.0
--------------------  Trial  389   --------------------
Start timing: 
Parameters: 
{'W_layers': 5, 'W_layer_units_exponent_0': 8, 'W_layer_units_exponent_1': 7, 'W_layer_units_exponent_2': 6, 'W_layer_units_exponent_3': 6, 'W_layer_units_exponent_4': 5, 'D_layers': 5, 'D_layer_units_exponent_0': 7, 'D_layer_units_exponent_1': 9, 'D_layer_units_exponent_2': 10, 'D_layer_units_exponent_3': 8, 'D_layer_units_exponent_4': 5, 'D_dagger_layers': 4, 'D_dagger_layer_units_exponent_0': 10, 'D_dagger_layer_units_exponent_1': 6, 'D_dagger_layer_units_exponent_2': 5, 'D_dagger_layer_units_exponent_3': 8, 'log_learning_rate': -2.0501799835774426, 'log_learning_rate_D': -4.35313329317105, 'log_learning_rate_D_dagger': -2.506968192483518, 'training_batch_size': 6, 'training_p': 7}
	 epoch  0 training error:  tensor(1.1738, device='cuda:0', grad_fn=<DivBackward0>)
Memory status after this epoch: 
Memory allocated:  217.37548828125
Memory cached:  406.0
	 epoch  10 training error:  tensor(0.5733, device='cuda:0', grad_fn=<DivBackward0>)
Memory status after this epoch: 
Memory allocated:  217.37548828125
Memory cached:  418.0
	 epoch  20 training error:  tensor(0.5623, device='cuda:0', grad_fn=<DivBackward0>)
Memory status after this epoch: 
Memory allocated:  217.37548828125
Memory cached:  426.0
	 epoch  30 training error:  tensor(0.5384, device='cuda:0', grad_fn=<DivBackward0>)
Memory status after this epoch: 
Memory allocated:  217.37548828125
Memory cached:  428.0
	 epoch  40 training error:  tensor(0.5618, device='cuda:0', grad_fn=<DivBackward0>)
Memory status after this epoch: 
Memory allocated:  217.37548828125
Memory cached:  422.0
	 epoch  50 training error:  tensor(0.5484, device='cuda:0', grad_fn=<DivBackward0>)
Memory status after this epoch: 
Memory allocated:  217.37548828125
Memory cached:  424.0
	 epoch  60 training error:  tensor(0.5363, device='cuda:0', grad_fn=<DivBackward0>)
Memory status after this epoch: 
Memory allocated:  217.37548828125
Memory cached:  422.0
	 epoch  70 training error:  tensor(0.5169, device='cuda:0', grad_fn=<DivBackward0>)
Memory status after this epoch: 
Memory allocated:  217.37548828125
Memory cached:  418.0
	 epoch  80 training error:  tensor(0.5461, device='cuda:0', grad_fn=<DivBackward0>)
Memory status after this epoch: 
Memory allocated:  217.37548828125
Memory cached:  426.0
	 epoch  90 training error:  tensor(0.4913, device='cuda:0', grad_fn=<DivBackward0>)
Memory status after this epoch: 
Memory allocated:  217.37548828125
Memory cached:  416.0
[I 2024-01-02 02:02:50,655] Trial 389 finished with value: 0.31055018305778503 and parameters: {'W_layers': 5, 'W_layer_units_exponent_0': 8, 'W_layer_units_exponent_1': 7, 'W_layer_units_exponent_2': 6, 'W_layer_units_exponent_3': 6, 'W_layer_units_exponent_4': 5, 'D_layers': 5, 'D_layer_units_exponent_0': 7, 'D_layer_units_exponent_1': 9, 'D_layer_units_exponent_2': 10, 'D_layer_units_exponent_3': 8, 'D_layer_units_exponent_4': 5, 'D_dagger_layers': 4, 'D_dagger_layer_units_exponent_0': 10, 'D_dagger_layer_units_exponent_1': 6, 'D_dagger_layer_units_exponent_2': 5, 'D_dagger_layer_units_exponent_3': 8, 'log_learning_rate': -2.0501799835774426, 'log_learning_rate_D': -4.35313329317105, 'log_learning_rate_D_dagger': -2.506968192483518, 'training_batch_size': 6, 'training_p': 7}. Best is trial 220 with value: 0.11745021492242813.
Time for this trial:  336.8215756416321
Memory status after this trial: 
Memory allocated:  413.4423828125
Memory cached:  434.0
--------------------  Trial  390   --------------------
Start timing: 
Parameters: 
{'W_layers': 5, 'W_layer_units_exponent_0': 7, 'W_layer_units_exponent_1': 10, 'W_layer_units_exponent_2': 6, 'W_layer_units_exponent_3': 4, 'W_layer_units_exponent_4': 5, 'D_layers': 6, 'D_layer_units_exponent_0': 7, 'D_layer_units_exponent_1': 9, 'D_layer_units_exponent_2': 8, 'D_layer_units_exponent_3': 8, 'D_layer_units_exponent_4': 5, 'D_layer_units_exponent_5': 6, 'D_dagger_layers': 3, 'D_dagger_layer_units_exponent_0': 9, 'D_dagger_layer_units_exponent_1': 7, 'D_dagger_layer_units_exponent_2': 6, 'log_learning_rate': -2.9034973806409767, 'log_learning_rate_D': -3.2143390216800674, 'log_learning_rate_D_dagger': -1.3520710056549192, 'training_batch_size': 6, 'training_p': 4}
	 epoch  0 training error:  tensor(6.4806, device='cuda:0', grad_fn=<DivBackward0>)
Memory status after this epoch: 
Memory allocated:  210.65087890625
Memory cached:  388.0
	 epoch  10 training error:  tensor(0.5473, device='cuda:0', grad_fn=<DivBackward0>)
Memory status after this epoch: 
Memory allocated:  210.65087890625
Memory cached:  416.0
	 epoch  20 training error:  tensor(0.7072, device='cuda:0', grad_fn=<DivBackward0>)
Memory status after this epoch: 
Memory allocated:  210.65087890625
Memory cached:  428.0
	 epoch  30 training error:  tensor(0.5108, device='cuda:0', grad_fn=<DivBackward0>)
Memory status after this epoch: 
Memory allocated:  210.65087890625
Memory cached:  424.0
	 epoch  40 training error:  tensor(0.4407, device='cuda:0', grad_fn=<DivBackward0>)
Memory status after this epoch: 
Memory allocated:  210.65087890625
Memory cached:  420.0
	 epoch  50 training error:  tensor(0.4904, device='cuda:0', grad_fn=<DivBackward0>)
Memory status after this epoch: 
Memory allocated:  210.65087890625
Memory cached:  426.0
	 epoch  60 training error:  tensor(0.4306, device='cuda:0', grad_fn=<DivBackward0>)
Memory status after this epoch: 
Memory allocated:  210.65087890625
Memory cached:  420.0
	 epoch  70 training error:  tensor(0.4357, device='cuda:0', grad_fn=<DivBackward0>)
Memory status after this epoch: 
Memory allocated:  210.65087890625
Memory cached:  416.0
	 epoch  80 training error:  tensor(0.4429, device='cuda:0', grad_fn=<DivBackward0>)
Memory status after this epoch: 
Memory allocated:  210.65087890625
Memory cached:  420.0
	 epoch  90 training error:  tensor(0.4377, device='cuda:0', grad_fn=<DivBackward0>)
Memory status after this epoch: 
Memory allocated:  210.65087890625
Memory cached:  416.0
[I 2024-01-02 02:08:24,790] Trial 390 finished with value: 0.34941649436950684 and parameters: {'W_layers': 5, 'W_layer_units_exponent_0': 7, 'W_layer_units_exponent_1': 10, 'W_layer_units_exponent_2': 6, 'W_layer_units_exponent_3': 4, 'W_layer_units_exponent_4': 5, 'D_layers': 6, 'D_layer_units_exponent_0': 7, 'D_layer_units_exponent_1': 9, 'D_layer_units_exponent_2': 8, 'D_layer_units_exponent_3': 8, 'D_layer_units_exponent_4': 5, 'D_layer_units_exponent_5': 6, 'D_dagger_layers': 3, 'D_dagger_layer_units_exponent_0': 9, 'D_dagger_layer_units_exponent_1': 7, 'D_dagger_layer_units_exponent_2': 6, 'log_learning_rate': -2.9034973806409767, 'log_learning_rate_D': -3.2143390216800674, 'log_learning_rate_D_dagger': -1.3520710056549192, 'training_batch_size': 6, 'training_p': 4}. Best is trial 220 with value: 0.11745021492242813.
Time for this trial:  333.6496467590332
Memory status after this trial: 
Memory allocated:  376.81591796875
Memory cached:  402.0
--------------------  Trial  391   --------------------
Start timing: 
Parameters: 
{'W_layers': 5, 'W_layer_units_exponent_0': 8, 'W_layer_units_exponent_1': 10, 'W_layer_units_exponent_2': 6, 'W_layer_units_exponent_3': 5, 'W_layer_units_exponent_4': 5, 'D_layers': 7, 'D_layer_units_exponent_0': 10, 'D_layer_units_exponent_1': 9, 'D_layer_units_exponent_2': 10, 'D_layer_units_exponent_3': 8, 'D_layer_units_exponent_4': 4, 'D_layer_units_exponent_5': 4, 'D_layer_units_exponent_6': 10, 'D_dagger_layers': 3, 'D_dagger_layer_units_exponent_0': 9, 'D_dagger_layer_units_exponent_1': 4, 'D_dagger_layer_units_exponent_2': 10, 'log_learning_rate': -1.088674174738479, 'log_learning_rate_D': -3.988491012526912, 'log_learning_rate_D_dagger': -3.2792651246153266, 'training_batch_size': 6, 'training_p': 5}
	 epoch  0 training error:  tensor(10.6592, device='cuda:0', grad_fn=<DivBackward0>)
Memory status after this epoch: 
Memory allocated:  228.18408203125
Memory cached:  454.0
	 epoch  10 training error:  tensor(522.2670, device='cuda:0', grad_fn=<DivBackward0>)
Memory status after this epoch: 
Memory allocated:  228.18408203125
Memory cached:  484.0
	 epoch  20 training error:  tensor(47.3376, device='cuda:0', grad_fn=<DivBackward0>)
Memory status after this epoch: 
Memory allocated:  228.18408203125
Memory cached:  466.0
	 epoch  30 training error:  tensor(0.4937, device='cuda:0', grad_fn=<DivBackward0>)
Memory status after this epoch: 
Memory allocated:  228.18408203125
Memory cached:  476.0
	 epoch  40 training error:  tensor(0.4807, device='cuda:0', grad_fn=<DivBackward0>)
Memory status after this epoch: 
Memory allocated:  228.18408203125
Memory cached:  474.0
	 epoch  50 training error:  tensor(0.4782, device='cuda:0', grad_fn=<DivBackward0>)
Memory status after this epoch: 
Memory allocated:  228.18408203125
Memory cached:  468.0
	 epoch  60 training error:  tensor(0.4836, device='cuda:0', grad_fn=<DivBackward0>)
Memory status after this epoch: 
Memory allocated:  228.18408203125
Memory cached:  468.0
	 epoch  70 training error:  tensor(0.4860, device='cuda:0', grad_fn=<DivBackward0>)
Memory status after this epoch: 
Memory allocated:  228.18408203125
Memory cached:  458.0
	 epoch  80 training error:  tensor(0.4769, device='cuda:0', grad_fn=<DivBackward0>)
Memory status after this epoch: 
Memory allocated:  228.18408203125
Memory cached:  458.0
	 epoch  90 training error:  tensor(0.4775, device='cuda:0', grad_fn=<DivBackward0>)
Memory status after this epoch: 
Memory allocated:  228.18408203125
Memory cached:  456.0
[I 2024-01-02 02:14:35,917] Trial 391 finished with value: 0.4064650237560272 and parameters: {'W_layers': 5, 'W_layer_units_exponent_0': 8, 'W_layer_units_exponent_1': 10, 'W_layer_units_exponent_2': 6, 'W_layer_units_exponent_3': 5, 'W_layer_units_exponent_4': 5, 'D_layers': 7, 'D_layer_units_exponent_0': 10, 'D_layer_units_exponent_1': 9, 'D_layer_units_exponent_2': 10, 'D_layer_units_exponent_3': 8, 'D_layer_units_exponent_4': 4, 'D_layer_units_exponent_5': 4, 'D_layer_units_exponent_6': 10, 'D_dagger_layers': 3, 'D_dagger_layer_units_exponent_0': 9, 'D_dagger_layer_units_exponent_1': 4, 'D_dagger_layer_units_exponent_2': 10, 'log_learning_rate': -1.088674174738479, 'log_learning_rate_D': -3.988491012526912, 'log_learning_rate_D_dagger': -3.2792651246153266, 'training_batch_size': 6, 'training_p': 5}. Best is trial 220 with value: 0.11745021492242813.
Time for this trial:  370.5714735984802
Memory status after this trial: 
Memory allocated:  563.0595703125
Memory cached:  582.0
--------------------  Trial  392   --------------------
Start timing: 
Parameters: 
{'W_layers': 5, 'W_layer_units_exponent_0': 8, 'W_layer_units_exponent_1': 10, 'W_layer_units_exponent_2': 5, 'W_layer_units_exponent_3': 6, 'W_layer_units_exponent_4': 5, 'D_layers': 5, 'D_layer_units_exponent_0': 7, 'D_layer_units_exponent_1': 8, 'D_layer_units_exponent_2': 10, 'D_layer_units_exponent_3': 6, 'D_layer_units_exponent_4': 5, 'D_dagger_layers': 4, 'D_dagger_layer_units_exponent_0': 9, 'D_dagger_layer_units_exponent_1': 4, 'D_dagger_layer_units_exponent_2': 5, 'D_dagger_layer_units_exponent_3': 7, 'log_learning_rate': -2.692149849328894, 'log_learning_rate_D': -3.903119998051312, 'log_learning_rate_D_dagger': -2.0628944380210372, 'training_batch_size': 6, 'training_p': 7}
	 epoch  0 training error:  tensor(1.1892, device='cuda:0', grad_fn=<DivBackward0>)
Memory status after this epoch: 
Memory allocated:  212.64501953125
Memory cached:  408.0
	 epoch  10 training error:  tensor(0.6361, device='cuda:0', grad_fn=<DivBackward0>)
Memory status after this epoch: 
Memory allocated:  212.64501953125
Memory cached:  456.0
	 epoch  20 training error:  tensor(0.5707, device='cuda:0', grad_fn=<DivBackward0>)
Memory status after this epoch: 
Memory allocated:  212.64501953125
Memory cached:  462.0
	 epoch  30 training error:  tensor(0.5638, device='cuda:0', grad_fn=<DivBackward0>)
Memory status after this epoch: 
Memory allocated:  212.64501953125
Memory cached:  462.0
	 epoch  40 training error:  tensor(0.5658, device='cuda:0', grad_fn=<DivBackward0>)
Memory status after this epoch: 
Memory allocated:  212.64501953125
Memory cached:  468.0
	 epoch  50 training error:  tensor(0.5699, device='cuda:0', grad_fn=<DivBackward0>)
Memory status after this epoch: 
Memory allocated:  212.64501953125
Memory cached:  450.0
	 epoch  60 training error:  tensor(0.5795, device='cuda:0', grad_fn=<DivBackward0>)
Memory status after this epoch: 
Memory allocated:  212.64501953125
Memory cached:  456.0
	 epoch  70 training error:  tensor(0.5354, device='cuda:0', grad_fn=<DivBackward0>)
Memory status after this epoch: 
Memory allocated:  212.64501953125
Memory cached:  458.0
	 epoch  80 training error:  tensor(0.5365, device='cuda:0', grad_fn=<DivBackward0>)
Memory status after this epoch: 
Memory allocated:  212.64501953125
Memory cached:  456.0
	 epoch  90 training error:  tensor(0.5339, device='cuda:0', grad_fn=<DivBackward0>)
Memory status after this epoch: 
Memory allocated:  212.64501953125
Memory cached:  450.0
[I 2024-01-02 02:20:12,158] Trial 392 finished with value: 0.4261140823364258 and parameters: {'W_layers': 5, 'W_layer_units_exponent_0': 8, 'W_layer_units_exponent_1': 10, 'W_layer_units_exponent_2': 5, 'W_layer_units_exponent_3': 6, 'W_layer_units_exponent_4': 5, 'D_layers': 5, 'D_layer_units_exponent_0': 7, 'D_layer_units_exponent_1': 8, 'D_layer_units_exponent_2': 10, 'D_layer_units_exponent_3': 6, 'D_layer_units_exponent_4': 5, 'D_dagger_layers': 4, 'D_dagger_layer_units_exponent_0': 9, 'D_dagger_layer_units_exponent_1': 4, 'D_dagger_layer_units_exponent_2': 5, 'D_dagger_layer_units_exponent_3': 7, 'log_learning_rate': -2.692149849328894, 'log_learning_rate_D': -3.903119998051312, 'log_learning_rate_D_dagger': -2.0628944380210372, 'training_batch_size': 6, 'training_p': 7}. Best is trial 220 with value: 0.11745021492242813.
Time for this trial:  335.64457654953003
Memory status after this trial: 
Memory allocated:  397.9375
Memory cached:  436.0
--------------------  Trial  393   --------------------
Start timing: 
Parameters: 
{'W_layers': 5, 'W_layer_units_exponent_0': 7, 'W_layer_units_exponent_1': 10, 'W_layer_units_exponent_2': 6, 'W_layer_units_exponent_3': 6, 'W_layer_units_exponent_4': 6, 'D_layers': 5, 'D_layer_units_exponent_0': 7, 'D_layer_units_exponent_1': 9, 'D_layer_units_exponent_2': 8, 'D_layer_units_exponent_3': 8, 'D_layer_units_exponent_4': 5, 'D_dagger_layers': 6, 'D_dagger_layer_units_exponent_0': 10, 'D_dagger_layer_units_exponent_1': 5, 'D_dagger_layer_units_exponent_2': 4, 'D_dagger_layer_units_exponent_3': 7, 'D_dagger_layer_units_exponent_4': 9, 'D_dagger_layer_units_exponent_5': 10, 'log_learning_rate': -3.3296579301937124, 'log_learning_rate_D': -4.18042409080155, 'log_learning_rate_D_dagger': -4.367406914010409, 'training_batch_size': 6, 'training_p': 5}
	 epoch  0 training error:  tensor(0.8851, device='cuda:0', grad_fn=<DivBackward0>)
Memory status after this epoch: 
Memory allocated:  219.19580078125
Memory cached:  428.0
	 epoch  10 training error:  tensor(0.5807, device='cuda:0', grad_fn=<DivBackward0>)
Memory status after this epoch: 
Memory allocated:  219.19580078125
Memory cached:  470.0
	 epoch  20 training error:  tensor(0.5077, device='cuda:0', grad_fn=<DivBackward0>)
Memory status after this epoch: 
Memory allocated:  219.19580078125
Memory cached:  470.0
	 epoch  30 training error:  tensor(0.4919, device='cuda:0', grad_fn=<DivBackward0>)
Memory status after this epoch: 
Memory allocated:  219.19580078125
Memory cached:  470.0
	 epoch  40 training error:  tensor(0.4895, device='cuda:0', grad_fn=<DivBackward0>)
Memory status after this epoch: 
Memory allocated:  219.19580078125
Memory cached:  462.0
	 epoch  50 training error:  tensor(0.4816, device='cuda:0', grad_fn=<DivBackward0>)
Memory status after this epoch: 
Memory allocated:  219.19580078125
Memory cached:  468.0
	 epoch  60 training error:  tensor(0.4811, device='cuda:0', grad_fn=<DivBackward0>)
Memory status after this epoch: 
Memory allocated:  219.19580078125
Memory cached:  476.0
	 epoch  70 training error:  tensor(0.4768, device='cuda:0', grad_fn=<DivBackward0>)
Memory status after this epoch: 
Memory allocated:  219.19580078125
Memory cached:  478.0
	 epoch  80 training error:  tensor(0.4741, device='cuda:0', grad_fn=<DivBackward0>)
Memory status after this epoch: 
Memory allocated:  219.19580078125
Memory cached:  482.0
	 epoch  90 training error:  tensor(0.4741, device='cuda:0', grad_fn=<DivBackward0>)
Memory status after this epoch: 
Memory allocated:  219.19580078125
Memory cached:  462.0
