[I 2024-02-17 12:57:53,516] Trial 131 finished with value: 0.06658687442541122 and parameters: {'W_layers': 3, 'W_layer_units_exponent_0': 9, 'W_layer_units_exponent_1': 5, 'W_layer_units_exponent_2': 4, 'D_layers': 4, 'D_layer_units_exponent_0': 7, 'D_layer_units_exponent_1': 8, 'D_layer_units_exponent_2': 9, 'D_layer_units_exponent_3': 7, 'D_dagger_layers': 5, 'D_dagger_layer_units_exponent_0': 10, 'D_dagger_layer_units_exponent_1': 9, 'D_dagger_layer_units_exponent_2': 8, 'D_dagger_layer_units_exponent_3': 7, 'D_dagger_layer_units_exponent_4': 6, 'log_learning_rate': -4.472777423703274, 'log_learning_rate_D': -3.746275603250998, 'log_learning_rate_D_dagger': -2.6759922445524857, 'training_batch_size': 6, 'training_p': 5}. Best is trial 45 with value: 0.03961218520998955.
Time for this trial:  727.1727809906006
Memory status after this trial: 
Memory allocated:  1515.37939453125
Memory cached:  1538.0
--------------------  Trial  132   --------------------
Start timing: 
Parameters: 
{'W_layers': 3, 'W_layer_units_exponent_0': 9, 'W_layer_units_exponent_1': 5, 'W_layer_units_exponent_2': 4, 'D_layers': 3, 'D_layer_units_exponent_0': 7, 'D_layer_units_exponent_1': 8, 'D_layer_units_exponent_2': 9, 'D_dagger_layers': 5, 'D_dagger_layer_units_exponent_0': 10, 'D_dagger_layer_units_exponent_1': 9, 'D_dagger_layer_units_exponent_2': 8, 'D_dagger_layer_units_exponent_3': 7, 'D_dagger_layer_units_exponent_4': 7, 'log_learning_rate': -4.343990901975811, 'log_learning_rate_D': -3.6804379385678483, 'log_learning_rate_D_dagger': -2.690201029911542, 'training_batch_size': 6, 'training_p': 5}
	 epoch  0 training error:  tensor(1.0429, device='cuda:0', grad_fn=<DivBackward0>)
Memory status after this epoch: 
Memory allocated:  767.6025390625
Memory cached:  1352.0
	 epoch  10 training error:  tensor(0.4530, device='cuda:0', grad_fn=<DivBackward0>)
Memory status after this epoch: 
Memory allocated:  767.6025390625
Memory cached:  1352.0
	 epoch  20 training error:  tensor(0.2703, device='cuda:0', grad_fn=<DivBackward0>)
Memory status after this epoch: 
Memory allocated:  767.6025390625
Memory cached:  1352.0
	 epoch  30 training error:  tensor(0.1984, device='cuda:0', grad_fn=<DivBackward0>)
Memory status after this epoch: 
Memory allocated:  767.6025390625
Memory cached:  1352.0
	 epoch  40 training error:  tensor(0.1665, device='cuda:0', grad_fn=<DivBackward0>)
Memory status after this epoch: 
Memory allocated:  767.6025390625
Memory cached:  1352.0
	 epoch  50 training error:  tensor(0.1414, device='cuda:0', grad_fn=<DivBackward0>)
Memory status after this epoch: 
Memory allocated:  767.6025390625
Memory cached:  1352.0
	 epoch  60 training error:  tensor(0.1153, device='cuda:0', grad_fn=<DivBackward0>)
Memory status after this epoch: 
Memory allocated:  767.6025390625
Memory cached:  1352.0
	 epoch  70 training error:  tensor(0.1026, device='cuda:0', grad_fn=<DivBackward0>)
Memory status after this epoch: 
Memory allocated:  767.6025390625
Memory cached:  1356.0
	 epoch  80 training error:  tensor(0.1057, device='cuda:0', grad_fn=<DivBackward0>)
Memory status after this epoch: 
Memory allocated:  767.6025390625
Memory cached:  1354.0
	 epoch  90 training error:  tensor(0.0956, device='cuda:0', grad_fn=<DivBackward0>)
Memory status after this epoch: 
Memory allocated:  767.6025390625
Memory cached:  1356.0
[I 2024-02-17 13:09:21,894] Trial 132 finished with value: 0.0898500457406044 and parameters: {'W_layers': 3, 'W_layer_units_exponent_0': 9, 'W_layer_units_exponent_1': 5, 'W_layer_units_exponent_2': 4, 'D_layers': 3, 'D_layer_units_exponent_0': 7, 'D_layer_units_exponent_1': 8, 'D_layer_units_exponent_2': 9, 'D_dagger_layers': 5, 'D_dagger_layer_units_exponent_0': 10, 'D_dagger_layer_units_exponent_1': 9, 'D_dagger_layer_units_exponent_2': 8, 'D_dagger_layer_units_exponent_3': 7, 'D_dagger_layer_units_exponent_4': 7, 'log_learning_rate': -4.343990901975811, 'log_learning_rate_D': -3.6804379385678483, 'log_learning_rate_D_dagger': -2.690201029911542, 'training_batch_size': 6, 'training_p': 5}. Best is trial 45 with value: 0.03961218520998955.
Time for this trial:  687.8487622737885
Memory status after this trial: 
Memory allocated:  1487.99072265625
Memory cached:  1510.0
--------------------  Trial  133   --------------------
Start timing: 
Parameters: 
{'W_layers': 3, 'W_layer_units_exponent_0': 9, 'W_layer_units_exponent_1': 4, 'W_layer_units_exponent_2': 4, 'D_layers': 4, 'D_layer_units_exponent_0': 7, 'D_layer_units_exponent_1': 8, 'D_layer_units_exponent_2': 9, 'D_layer_units_exponent_3': 6, 'D_dagger_layers': 5, 'D_dagger_layer_units_exponent_0': 10, 'D_dagger_layer_units_exponent_1': 9, 'D_dagger_layer_units_exponent_2': 8, 'D_dagger_layer_units_exponent_3': 7, 'D_dagger_layer_units_exponent_4': 5, 'log_learning_rate': -4.463663648450783, 'log_learning_rate_D': -3.8791658882608315, 'log_learning_rate_D_dagger': -2.8097152946872663, 'training_batch_size': 6, 'training_p': 5}
	 epoch  0 training error:  tensor(0.7386, device='cuda:0', grad_fn=<DivBackward0>)
Memory status after this epoch: 
Memory allocated:  767.7822265625
Memory cached:  1354.0
	 epoch  10 training error:  tensor(0.4611, device='cuda:0', grad_fn=<DivBackward0>)
Memory status after this epoch: 
Memory allocated:  767.7822265625
Memory cached:  1356.0
	 epoch  20 training error:  tensor(0.4171, device='cuda:0', grad_fn=<DivBackward0>)
Memory status after this epoch: 
Memory allocated:  767.7822265625
Memory cached:  1358.0
	 epoch  30 training error:  tensor(0.2346, device='cuda:0', grad_fn=<DivBackward0>)
Memory status after this epoch: 
Memory allocated:  767.7822265625
Memory cached:  1354.0
	 epoch  40 training error:  tensor(0.1974, device='cuda:0', grad_fn=<DivBackward0>)
Memory status after this epoch: 
Memory allocated:  767.7822265625
Memory cached:  1358.0
	 epoch  50 training error:  tensor(0.1669, device='cuda:0', grad_fn=<DivBackward0>)
Memory status after this epoch: 
Memory allocated:  767.7822265625
Memory cached:  1358.0
	 epoch  60 training error:  tensor(0.1253, device='cuda:0', grad_fn=<DivBackward0>)
Memory status after this epoch: 
Memory allocated:  767.7822265625
Memory cached:  1360.0
	 epoch  70 training error:  tensor(0.1106, device='cuda:0', grad_fn=<DivBackward0>)
Memory status after this epoch: 
Memory allocated:  767.7822265625
Memory cached:  1360.0
	 epoch  80 training error:  tensor(0.0900, device='cuda:0', grad_fn=<DivBackward0>)
Memory status after this epoch: 
Memory allocated:  767.7822265625
Memory cached:  1360.0
	 epoch  90 training error:  tensor(0.0885, device='cuda:0', grad_fn=<DivBackward0>)
Memory status after this epoch: 
Memory allocated:  767.7822265625
Memory cached:  1360.0
[I 2024-02-17 13:21:29,584] Trial 133 finished with value: 0.07063145935535431 and parameters: {'W_layers': 3, 'W_layer_units_exponent_0': 9, 'W_layer_units_exponent_1': 4, 'W_layer_units_exponent_2': 4, 'D_layers': 4, 'D_layer_units_exponent_0': 7, 'D_layer_units_exponent_1': 8, 'D_layer_units_exponent_2': 9, 'D_layer_units_exponent_3': 6, 'D_dagger_layers': 5, 'D_dagger_layer_units_exponent_0': 10, 'D_dagger_layer_units_exponent_1': 9, 'D_dagger_layer_units_exponent_2': 8, 'D_dagger_layer_units_exponent_3': 7, 'D_dagger_layer_units_exponent_4': 5, 'log_learning_rate': -4.463663648450783, 'log_learning_rate_D': -3.8791658882608315, 'log_learning_rate_D_dagger': -2.8097152946872663, 'training_batch_size': 6, 'training_p': 5}. Best is trial 45 with value: 0.03961218520998955.
Time for this trial:  727.2310674190521
Memory status after this trial: 
Memory allocated:  1494.15478515625
Memory cached:  1516.0
--------------------  Trial  134   --------------------
Start timing: 
Parameters: 
{'W_layers': 3, 'W_layer_units_exponent_0': 8, 'W_layer_units_exponent_1': 5, 'W_layer_units_exponent_2': 4, 'D_layers': 3, 'D_layer_units_exponent_0': 7, 'D_layer_units_exponent_1': 8, 'D_layer_units_exponent_2': 9, 'D_dagger_layers': 5, 'D_dagger_layer_units_exponent_0': 10, 'D_dagger_layer_units_exponent_1': 9, 'D_dagger_layer_units_exponent_2': 7, 'D_dagger_layer_units_exponent_3': 8, 'D_dagger_layer_units_exponent_4': 6, 'log_learning_rate': -4.072946558369713, 'log_learning_rate_D': -3.802951012946468, 'log_learning_rate_D_dagger': -2.433282539536944, 'training_batch_size': 6, 'training_p': 5}
	 epoch  0 training error:  tensor(1.7750, device='cuda:0', grad_fn=<DivBackward0>)
Memory status after this epoch: 
Memory allocated:  766.4697265625
Memory cached:  1350.0
	 epoch  10 training error:  tensor(0.4614, device='cuda:0', grad_fn=<DivBackward0>)
Memory status after this epoch: 
Memory allocated:  766.4697265625
Memory cached:  1350.0
	 epoch  20 training error:  tensor(0.3824, device='cuda:0', grad_fn=<DivBackward0>)
Memory status after this epoch: 
Memory allocated:  766.4697265625
Memory cached:  1350.0
	 epoch  30 training error:  tensor(0.2760, device='cuda:0', grad_fn=<DivBackward0>)
Memory status after this epoch: 
Memory allocated:  766.4697265625
Memory cached:  1350.0
	 epoch  40 training error:  tensor(0.2479, device='cuda:0', grad_fn=<DivBackward0>)
Memory status after this epoch: 
Memory allocated:  766.4697265625
Memory cached:  1350.0
	 epoch  50 training error:  tensor(0.2005, device='cuda:0', grad_fn=<DivBackward0>)
Memory status after this epoch: 
Memory allocated:  766.4697265625
Memory cached:  1350.0
	 epoch  60 training error:  tensor(0.1797, device='cuda:0', grad_fn=<DivBackward0>)
Memory status after this epoch: 
Memory allocated:  766.4697265625
Memory cached:  1350.0
	 epoch  70 training error:  tensor(0.1609, device='cuda:0', grad_fn=<DivBackward0>)
Memory status after this epoch: 
Memory allocated:  766.4697265625
Memory cached:  1350.0
	 epoch  80 training error:  tensor(0.1272, device='cuda:0', grad_fn=<DivBackward0>)
Memory status after this epoch: 
Memory allocated:  766.4697265625
Memory cached:  1350.0
	 epoch  90 training error:  tensor(0.1082, device='cuda:0', grad_fn=<DivBackward0>)
Memory status after this epoch: 
Memory allocated:  766.4697265625
Memory cached:  1350.0
[I 2024-02-17 13:32:56,759] Trial 134 finished with value: 0.07039480656385422 and parameters: {'W_layers': 3, 'W_layer_units_exponent_0': 8, 'W_layer_units_exponent_1': 5, 'W_layer_units_exponent_2': 4, 'D_layers': 3, 'D_layer_units_exponent_0': 7, 'D_layer_units_exponent_1': 8, 'D_layer_units_exponent_2': 9, 'D_dagger_layers': 5, 'D_dagger_layer_units_exponent_0': 10, 'D_dagger_layer_units_exponent_1': 9, 'D_dagger_layer_units_exponent_2': 7, 'D_dagger_layer_units_exponent_3': 8, 'D_dagger_layer_units_exponent_4': 6, 'log_learning_rate': -4.072946558369713, 'log_learning_rate_D': -3.802951012946468, 'log_learning_rate_D_dagger': -2.433282539536944, 'training_batch_size': 6, 'training_p': 5}. Best is trial 45 with value: 0.03961218520998955.
Time for this trial:  686.6210150718689
Memory status after this trial: 
Memory allocated:  1421.01806640625
Memory cached:  1442.0
--------------------  Trial  135   --------------------
Start timing: 
Parameters: 
{'W_layers': 2, 'W_layer_units_exponent_0': 10, 'W_layer_units_exponent_1': 4, 'D_layers': 6, 'D_layer_units_exponent_0': 8, 'D_layer_units_exponent_1': 7, 'D_layer_units_exponent_2': 8, 'D_layer_units_exponent_3': 7, 'D_layer_units_exponent_4': 5, 'D_layer_units_exponent_5': 5, 'D_dagger_layers': 4, 'D_dagger_layer_units_exponent_0': 9, 'D_dagger_layer_units_exponent_1': 5, 'D_dagger_layer_units_exponent_2': 8, 'D_dagger_layer_units_exponent_3': 6, 'log_learning_rate': -4.832336677485674, 'log_learning_rate_D': -3.4329090502090622, 'log_learning_rate_D_dagger': -2.6405315774569407, 'training_batch_size': 6, 'training_p': 5}
	 epoch  0 training error:  tensor(0.7654, device='cuda:0', grad_fn=<DivBackward0>)
Memory status after this epoch: 
Memory allocated:  756.5283203125
Memory cached:  1330.0
	 epoch  10 training error:  tensor(0.4750, device='cuda:0', grad_fn=<DivBackward0>)
Memory status after this epoch: 
Memory allocated:  756.5283203125
Memory cached:  1330.0
	 epoch  20 training error:  tensor(0.4814, device='cuda:0', grad_fn=<DivBackward0>)
Memory status after this epoch: 
Memory allocated:  756.5283203125
Memory cached:  1330.0
	 epoch  30 training error:  tensor(0.4769, device='cuda:0', grad_fn=<DivBackward0>)
Memory status after this epoch: 
Memory allocated:  756.5283203125
Memory cached:  1330.0
	 epoch  40 training error:  tensor(0.2445, device='cuda:0', grad_fn=<DivBackward0>)
Memory status after this epoch: 
Memory allocated:  756.5283203125
Memory cached:  1330.0
	 epoch  50 training error:  tensor(0.2301, device='cuda:0', grad_fn=<DivBackward0>)
Memory status after this epoch: 
Memory allocated:  756.5283203125
Memory cached:  1330.0
	 epoch  60 training error:  tensor(0.2210, device='cuda:0', grad_fn=<DivBackward0>)
Memory status after this epoch: 
Memory allocated:  756.5283203125
Memory cached:  1330.0
	 epoch  70 training error:  tensor(0.1626, device='cuda:0', grad_fn=<DivBackward0>)
Memory status after this epoch: 
Memory allocated:  756.5283203125
Memory cached:  1330.0
	 epoch  80 training error:  tensor(0.1098, device='cuda:0', grad_fn=<DivBackward0>)
Memory status after this epoch: 
Memory allocated:  756.5283203125
Memory cached:  1330.0
	 epoch  90 training error:  tensor(0.1220, device='cuda:0', grad_fn=<DivBackward0>)
Memory status after this epoch: 
Memory allocated:  756.5283203125
Memory cached:  1330.0
[I 2024-02-17 13:45:02,386] Trial 135 finished with value: 0.06603416055440903 and parameters: {'W_layers': 2, 'W_layer_units_exponent_0': 10, 'W_layer_units_exponent_1': 4, 'D_layers': 6, 'D_layer_units_exponent_0': 8, 'D_layer_units_exponent_1': 7, 'D_layer_units_exponent_2': 8, 'D_layer_units_exponent_3': 7, 'D_layer_units_exponent_4': 5, 'D_layer_units_exponent_5': 5, 'D_dagger_layers': 4, 'D_dagger_layer_units_exponent_0': 9, 'D_dagger_layer_units_exponent_1': 5, 'D_dagger_layer_units_exponent_2': 8, 'D_dagger_layer_units_exponent_3': 6, 'log_learning_rate': -4.832336677485674, 'log_learning_rate_D': -3.4329090502090622, 'log_learning_rate_D_dagger': -2.6405315774569407, 'training_batch_size': 6, 'training_p': 5}. Best is trial 45 with value: 0.03961218520998955.
Time for this trial:  725.1337072849274
Memory status after this trial: 
Memory allocated:  1334.98291015625
Memory cached:  1340.0
--------------------  Trial  136   --------------------
Start timing: 
Parameters: 
{'W_layers': 2, 'W_layer_units_exponent_0': 10, 'W_layer_units_exponent_1': 5, 'D_layers': 6, 'D_layer_units_exponent_0': 7, 'D_layer_units_exponent_1': 7, 'D_layer_units_exponent_2': 8, 'D_layer_units_exponent_3': 7, 'D_layer_units_exponent_4': 5, 'D_layer_units_exponent_5': 5, 'D_dagger_layers': 4, 'D_dagger_layer_units_exponent_0': 10, 'D_dagger_layer_units_exponent_1': 5, 'D_dagger_layer_units_exponent_2': 8, 'D_dagger_layer_units_exponent_3': 6, 'log_learning_rate': -4.862407666936838, 'log_learning_rate_D': -3.5396527816732943, 'log_learning_rate_D_dagger': -2.6351648247945696, 'training_batch_size': 6, 'training_p': 4}
	 epoch  0 training error:  tensor(0.7000, device='cuda:0', grad_fn=<DivBackward0>)
Memory status after this epoch: 
Memory allocated:  756.7978515625
Memory cached:  1330.0
	 epoch  10 training error:  tensor(0.4224, device='cuda:0', grad_fn=<DivBackward0>)
Memory status after this epoch: 
Memory allocated:  756.7978515625
Memory cached:  1330.0
	 epoch  20 training error:  tensor(0.3030, device='cuda:0', grad_fn=<DivBackward0>)
Memory status after this epoch: 
Memory allocated:  756.7978515625
Memory cached:  1330.0
	 epoch  30 training error:  tensor(0.2369, device='cuda:0', grad_fn=<DivBackward0>)
Memory status after this epoch: 
Memory allocated:  756.7978515625
Memory cached:  1330.0
	 epoch  40 training error:  tensor(0.2068, device='cuda:0', grad_fn=<DivBackward0>)
Memory status after this epoch: 
Memory allocated:  756.7978515625
Memory cached:  1330.0
	 epoch  50 training error:  tensor(0.1902, device='cuda:0', grad_fn=<DivBackward0>)
Memory status after this epoch: 
Memory allocated:  756.7978515625
Memory cached:  1330.0
	 epoch  60 training error:  tensor(0.1816, device='cuda:0', grad_fn=<DivBackward0>)
Memory status after this epoch: 
Memory allocated:  756.7978515625
Memory cached:  1330.0
	 epoch  70 training error:  tensor(0.1600, device='cuda:0', grad_fn=<DivBackward0>)
Memory status after this epoch: 
Memory allocated:  756.7978515625
Memory cached:  1330.0
	 epoch  80 training error:  tensor(0.1413, device='cuda:0', grad_fn=<DivBackward0>)
Memory status after this epoch: 
Memory allocated:  756.7978515625
Memory cached:  1330.0
	 epoch  90 training error:  tensor(0.1003, device='cuda:0', grad_fn=<DivBackward0>)
Memory status after this epoch: 
Memory allocated:  756.7978515625
Memory cached:  1330.0
[I 2024-02-17 13:57:05,045] Trial 136 finished with value: 0.06702248007059097 and parameters: {'W_layers': 2, 'W_layer_units_exponent_0': 10, 'W_layer_units_exponent_1': 5, 'D_layers': 6, 'D_layer_units_exponent_0': 7, 'D_layer_units_exponent_1': 7, 'D_layer_units_exponent_2': 8, 'D_layer_units_exponent_3': 7, 'D_layer_units_exponent_4': 5, 'D_layer_units_exponent_5': 5, 'D_dagger_layers': 4, 'D_dagger_layer_units_exponent_0': 10, 'D_dagger_layer_units_exponent_1': 5, 'D_dagger_layer_units_exponent_2': 8, 'D_dagger_layer_units_exponent_3': 6, 'log_learning_rate': -4.862407666936838, 'log_learning_rate_D': -3.5396527816732943, 'log_learning_rate_D_dagger': -2.6351648247945696, 'training_batch_size': 6, 'training_p': 4}. Best is trial 45 with value: 0.03961218520998955.
Time for this trial:  722.1860165596008
Memory status after this trial: 
Memory allocated:  1420.35205078125
Memory cached:  1426.0
--------------------  Trial  137   --------------------
Start timing: 
Parameters: 
{'W_layers': 2, 'W_layer_units_exponent_0': 9, 'W_layer_units_exponent_1': 4, 'D_layers': 7, 'D_layer_units_exponent_0': 8, 'D_layer_units_exponent_1': 7, 'D_layer_units_exponent_2': 7, 'D_layer_units_exponent_3': 7, 'D_layer_units_exponent_4': 4, 'D_layer_units_exponent_5': 5, 'D_layer_units_exponent_6': 6, 'D_dagger_layers': 4, 'D_dagger_layer_units_exponent_0': 9, 'D_dagger_layer_units_exponent_1': 5, 'D_dagger_layer_units_exponent_2': 9, 'D_dagger_layer_units_exponent_3': 6, 'log_learning_rate': -4.764283687083237, 'log_learning_rate_D': -3.437540289605389, 'log_learning_rate_D_dagger': -2.5175751499933905, 'training_batch_size': 6, 'training_p': 5}
	 epoch  0 training error:  tensor(1.0295, device='cuda:0', grad_fn=<DivBackward0>)
Memory status after this epoch: 
Memory allocated:  756.2587890625
Memory cached:  1330.0
	 epoch  10 training error:  tensor(0.4772, device='cuda:0', grad_fn=<DivBackward0>)
Memory status after this epoch: 
Memory allocated:  756.2587890625
Memory cached:  1330.0
	 epoch  20 training error:  tensor(0.4182, device='cuda:0', grad_fn=<DivBackward0>)
Memory status after this epoch: 
Memory allocated:  756.2587890625
Memory cached:  1330.0
	 epoch  30 training error:  tensor(0.2593, device='cuda:0', grad_fn=<DivBackward0>)
Memory status after this epoch: 
Memory allocated:  756.2587890625
Memory cached:  1330.0
	 epoch  40 training error:  tensor(0.2183, device='cuda:0', grad_fn=<DivBackward0>)
Memory status after this epoch: 
Memory allocated:  756.2587890625
Memory cached:  1330.0
	 epoch  50 training error:  tensor(0.2073, device='cuda:0', grad_fn=<DivBackward0>)
Memory status after this epoch: 
Memory allocated:  756.2587890625
Memory cached:  1330.0
	 epoch  60 training error:  tensor(0.1893, device='cuda:0', grad_fn=<DivBackward0>)
Memory status after this epoch: 
Memory allocated:  756.2587890625
Memory cached:  1330.0
	 epoch  70 training error:  tensor(0.1323, device='cuda:0', grad_fn=<DivBackward0>)
Memory status after this epoch: 
Memory allocated:  756.2587890625
Memory cached:  1330.0
	 epoch  80 training error:  tensor(0.1202, device='cuda:0', grad_fn=<DivBackward0>)
Memory status after this epoch: 
Memory allocated:  756.2587890625
Memory cached:  1330.0
	 epoch  90 training error:  tensor(0.1388, device='cuda:0', grad_fn=<DivBackward0>)
Memory status after this epoch: 
Memory allocated:  756.2587890625
Memory cached:  1330.0
