[I 2023-12-06 11:56:41,421] Trial 45 finished with value: 0.33565276861190796 and parameters: {'W_layers': 6, 'W_layer_units_exponent_0': 7, 'W_layer_units_exponent_1': 8, 'W_layer_units_exponent_2': 4, 'W_layer_units_exponent_3': 5, 'W_layer_units_exponent_4': 6, 'W_layer_units_exponent_5': 6, 'D_layers': 5, 'D_layer_units_exponent_0': 4, 'D_layer_units_exponent_1': 5, 'D_layer_units_exponent_2': 10, 'D_layer_units_exponent_3': 8, 'D_layer_units_exponent_4': 7, 'log_learning_rate': -1.8716245786409254, 'log_learning_rate_D': -2.2229539196013066, 'training_batch_size': 11, 'training_p': 4}. Best is trial 42 with value: 0.333601713180542.
Time for this trial:  15.528503894805908
Memory status after this trial: 
Memory allocated:  26.06982421875
Memory cached:  38.0
--------------------  Trial  46   --------------------
Start timing: 
Parameters: 
{'W_layers': 6, 'W_layer_units_exponent_0': 7, 'W_layer_units_exponent_1': 8, 'W_layer_units_exponent_2': 4, 'W_layer_units_exponent_3': 5, 'W_layer_units_exponent_4': 7, 'W_layer_units_exponent_5': 5, 'D_layers': 5, 'D_layer_units_exponent_0': 6, 'D_layer_units_exponent_1': 4, 'D_layer_units_exponent_2': 10, 'D_layer_units_exponent_3': 8, 'D_layer_units_exponent_4': 8, 'log_learning_rate': -1.923171963170267, 'log_learning_rate_D': -2.261637579085704, 'training_batch_size': 11, 'training_p': 4}
	 epoch  0 training error:  tensor(0.8755, device='cuda:0', grad_fn=<DivBackward0>)
Memory status after this epoch: 
Memory allocated:  14.5185546875
Memory cached:  38.0
	 epoch  10 training error:  tensor(0.5931, device='cuda:0', grad_fn=<DivBackward0>)
Memory status after this epoch: 
Memory allocated:  14.5185546875
Memory cached:  38.0
	 epoch  20 training error:  tensor(0.3999, device='cuda:0', grad_fn=<DivBackward0>)
Memory status after this epoch: 
Memory allocated:  14.5185546875
Memory cached:  38.0
	 epoch  30 training error:  tensor(0.3833, device='cuda:0', grad_fn=<DivBackward0>)
Memory status after this epoch: 
Memory allocated:  14.5185546875
Memory cached:  38.0
	 epoch  40 training error:  tensor(0.3740, device='cuda:0', grad_fn=<DivBackward0>)
Memory status after this epoch: 
Memory allocated:  14.5185546875
Memory cached:  38.0
	 epoch  50 training error:  tensor(0.3650, device='cuda:0', grad_fn=<DivBackward0>)
Memory status after this epoch: 
Memory allocated:  14.5185546875
Memory cached:  38.0
	 epoch  60 training error:  tensor(0.3627, device='cuda:0', grad_fn=<DivBackward0>)
Memory status after this epoch: 
Memory allocated:  14.5185546875
Memory cached:  38.0
	 epoch  70 training error:  tensor(0.4054, device='cuda:0', grad_fn=<DivBackward0>)
Memory status after this epoch: 
Memory allocated:  14.5185546875
Memory cached:  38.0
	 epoch  80 training error:  tensor(0.3654, device='cuda:0', grad_fn=<DivBackward0>)
Memory status after this epoch: 
Memory allocated:  14.5185546875
Memory cached:  38.0
	 epoch  90 training error:  tensor(0.3625, device='cuda:0', grad_fn=<DivBackward0>)
Memory status after this epoch: 
Memory allocated:  14.5185546875
Memory cached:  38.0
[I 2023-12-06 11:56:57,301] Trial 46 finished with value: 0.3372584283351898 and parameters: {'W_layers': 6, 'W_layer_units_exponent_0': 7, 'W_layer_units_exponent_1': 8, 'W_layer_units_exponent_2': 4, 'W_layer_units_exponent_3': 5, 'W_layer_units_exponent_4': 7, 'W_layer_units_exponent_5': 5, 'D_layers': 5, 'D_layer_units_exponent_0': 6, 'D_layer_units_exponent_1': 4, 'D_layer_units_exponent_2': 10, 'D_layer_units_exponent_3': 8, 'D_layer_units_exponent_4': 8, 'log_learning_rate': -1.923171963170267, 'log_learning_rate_D': -2.261637579085704, 'training_batch_size': 11, 'training_p': 4}. Best is trial 42 with value: 0.333601713180542.
Time for this trial:  15.683036088943481
Memory status after this trial: 
Memory allocated:  26.81787109375
Memory cached:  40.0
--------------------  Trial  47   --------------------
Start timing: 
Parameters: 
{'W_layers': 5, 'W_layer_units_exponent_0': 7, 'W_layer_units_exponent_1': 8, 'W_layer_units_exponent_2': 4, 'W_layer_units_exponent_3': 5, 'W_layer_units_exponent_4': 7, 'D_layers': 5, 'D_layer_units_exponent_0': 6, 'D_layer_units_exponent_1': 4, 'D_layer_units_exponent_2': 10, 'D_layer_units_exponent_3': 8, 'D_layer_units_exponent_4': 9, 'log_learning_rate': -1.9403044236310252, 'log_learning_rate_D': -1.8920003958272231, 'training_batch_size': 11, 'training_p': 4}
	 epoch  0 training error:  tensor(0.7806, device='cuda:0', grad_fn=<DivBackward0>)
Memory status after this epoch: 
Memory allocated:  14.705078125
Memory cached:  38.0
	 epoch  10 training error:  tensor(0.8372, device='cuda:0', grad_fn=<DivBackward0>)
Memory status after this epoch: 
Memory allocated:  14.705078125
Memory cached:  38.0
	 epoch  20 training error:  tensor(0.4796, device='cuda:0', grad_fn=<DivBackward0>)
Memory status after this epoch: 
Memory allocated:  14.705078125
Memory cached:  38.0
	 epoch  30 training error:  tensor(0.4124, device='cuda:0', grad_fn=<DivBackward0>)
Memory status after this epoch: 
Memory allocated:  14.705078125
Memory cached:  38.0
	 epoch  40 training error:  tensor(0.3747, device='cuda:0', grad_fn=<DivBackward0>)
Memory status after this epoch: 
Memory allocated:  14.705078125
Memory cached:  38.0
	 epoch  50 training error:  tensor(0.3676, device='cuda:0', grad_fn=<DivBackward0>)
Memory status after this epoch: 
Memory allocated:  14.705078125
Memory cached:  38.0
	 epoch  60 training error:  tensor(0.3630, device='cuda:0', grad_fn=<DivBackward0>)
Memory status after this epoch: 
Memory allocated:  14.705078125
Memory cached:  38.0
	 epoch  70 training error:  tensor(0.3633, device='cuda:0', grad_fn=<DivBackward0>)
Memory status after this epoch: 
Memory allocated:  14.705078125
Memory cached:  38.0
	 epoch  80 training error:  tensor(0.3612, device='cuda:0', grad_fn=<DivBackward0>)
Memory status after this epoch: 
Memory allocated:  14.705078125
Memory cached:  38.0
	 epoch  90 training error:  tensor(0.3685, device='cuda:0', grad_fn=<DivBackward0>)
Memory status after this epoch: 
Memory allocated:  14.705078125
Memory cached:  38.0
[I 2023-12-06 11:57:12,943] Trial 47 finished with value: 0.3488090932369232 and parameters: {'W_layers': 5, 'W_layer_units_exponent_0': 7, 'W_layer_units_exponent_1': 8, 'W_layer_units_exponent_2': 4, 'W_layer_units_exponent_3': 5, 'W_layer_units_exponent_4': 7, 'D_layers': 5, 'D_layer_units_exponent_0': 6, 'D_layer_units_exponent_1': 4, 'D_layer_units_exponent_2': 10, 'D_layer_units_exponent_3': 8, 'D_layer_units_exponent_4': 9, 'log_learning_rate': -1.9403044236310252, 'log_learning_rate_D': -1.8920003958272231, 'training_batch_size': 11, 'training_p': 4}. Best is trial 42 with value: 0.333601713180542.
Time for this trial:  15.462899208068848
Memory status after this trial: 
Memory allocated:  26.05322265625
Memory cached:  40.0
--------------------  Trial  48   --------------------
Start timing: 
Parameters: 
{'W_layers': 5, 'W_layer_units_exponent_0': 6, 'W_layer_units_exponent_1': 9, 'W_layer_units_exponent_2': 4, 'W_layer_units_exponent_3': 5, 'W_layer_units_exponent_4': 7, 'D_layers': 4, 'D_layer_units_exponent_0': 7, 'D_layer_units_exponent_1': 4, 'D_layer_units_exponent_2': 10, 'D_layer_units_exponent_3': 8, 'log_learning_rate': -1.8862202547388898, 'log_learning_rate_D': -2.200237535286332, 'training_batch_size': 10, 'training_p': 4}
	 epoch  0 training error:  tensor(0.9696, device='cuda:0', grad_fn=<DivBackward0>)
Memory status after this epoch: 
Memory allocated:  14.27197265625
Memory cached:  38.0
	 epoch  10 training error:  tensor(0.5650, device='cuda:0', grad_fn=<DivBackward0>)
Memory status after this epoch: 
Memory allocated:  14.27197265625
Memory cached:  38.0
	 epoch  20 training error:  tensor(0.4576, device='cuda:0', grad_fn=<DivBackward0>)
Memory status after this epoch: 
Memory allocated:  14.27197265625
Memory cached:  38.0
	 epoch  30 training error:  tensor(0.4104, device='cuda:0', grad_fn=<DivBackward0>)
Memory status after this epoch: 
Memory allocated:  14.27197265625
Memory cached:  38.0
	 epoch  40 training error:  tensor(0.3941, device='cuda:0', grad_fn=<DivBackward0>)
Memory status after this epoch: 
Memory allocated:  14.27197265625
Memory cached:  38.0
	 epoch  50 training error:  tensor(0.3719, device='cuda:0', grad_fn=<DivBackward0>)
Memory status after this epoch: 
Memory allocated:  14.27197265625
Memory cached:  38.0
	 epoch  60 training error:  tensor(0.3671, device='cuda:0', grad_fn=<DivBackward0>)
Memory status after this epoch: 
Memory allocated:  14.27197265625
Memory cached:  38.0
	 epoch  70 training error:  tensor(0.3699, device='cuda:0', grad_fn=<DivBackward0>)
Memory status after this epoch: 
Memory allocated:  14.27197265625
Memory cached:  38.0
	 epoch  80 training error:  tensor(0.3616, device='cuda:0', grad_fn=<DivBackward0>)
Memory status after this epoch: 
Memory allocated:  14.27197265625
Memory cached:  38.0
	 epoch  90 training error:  tensor(0.3616, device='cuda:0', grad_fn=<DivBackward0>)
Memory status after this epoch: 
Memory allocated:  14.27197265625
Memory cached:  38.0
[I 2023-12-06 11:57:28,968] Trial 48 finished with value: 0.3366450369358063 and parameters: {'W_layers': 5, 'W_layer_units_exponent_0': 6, 'W_layer_units_exponent_1': 9, 'W_layer_units_exponent_2': 4, 'W_layer_units_exponent_3': 5, 'W_layer_units_exponent_4': 7, 'D_layers': 4, 'D_layer_units_exponent_0': 7, 'D_layer_units_exponent_1': 4, 'D_layer_units_exponent_2': 10, 'D_layer_units_exponent_3': 8, 'log_learning_rate': -1.8862202547388898, 'log_learning_rate_D': -2.200237535286332, 'training_batch_size': 10, 'training_p': 4}. Best is trial 42 with value: 0.333601713180542.
Time for this trial:  15.848412036895752
Memory status after this trial: 
Memory allocated:  30.10498046875
Memory cached:  38.0
--------------------  Trial  49   --------------------
Start timing: 
Parameters: 
{'W_layers': 4, 'W_layer_units_exponent_0': 6, 'W_layer_units_exponent_1': 9, 'W_layer_units_exponent_2': 4, 'W_layer_units_exponent_3': 5, 'D_layers': 4, 'D_layer_units_exponent_0': 7, 'D_layer_units_exponent_1': 4, 'D_layer_units_exponent_2': 10, 'D_layer_units_exponent_3': 8, 'log_learning_rate': -1.8734382294839207, 'log_learning_rate_D': -2.2326007979626246, 'training_batch_size': 10, 'training_p': 4}
	 epoch  0 training error:  tensor(0.9767, device='cuda:0', grad_fn=<DivBackward0>)
Memory status after this epoch: 
Memory allocated:  14.20751953125
Memory cached:  38.0
	 epoch  10 training error:  tensor(0.7568, device='cuda:0', grad_fn=<DivBackward0>)
Memory status after this epoch: 
Memory allocated:  14.20751953125
Memory cached:  38.0
	 epoch  20 training error:  tensor(0.4751, device='cuda:0', grad_fn=<DivBackward0>)
Memory status after this epoch: 
Memory allocated:  14.20751953125
Memory cached:  38.0
	 epoch  30 training error:  tensor(0.3953, device='cuda:0', grad_fn=<DivBackward0>)
Memory status after this epoch: 
Memory allocated:  14.20751953125
Memory cached:  38.0
	 epoch  40 training error:  tensor(0.3848, device='cuda:0', grad_fn=<DivBackward0>)
Memory status after this epoch: 
Memory allocated:  14.20751953125
Memory cached:  38.0
	 epoch  50 training error:  tensor(0.3691, device='cuda:0', grad_fn=<DivBackward0>)
Memory status after this epoch: 
Memory allocated:  14.20751953125
Memory cached:  38.0
	 epoch  60 training error:  tensor(0.3649, device='cuda:0', grad_fn=<DivBackward0>)
Memory status after this epoch: 
Memory allocated:  14.20751953125
Memory cached:  38.0
	 epoch  70 training error:  tensor(0.3643, device='cuda:0', grad_fn=<DivBackward0>)
Memory status after this epoch: 
Memory allocated:  14.20751953125
Memory cached:  38.0
	 epoch  80 training error:  tensor(0.3668, device='cuda:0', grad_fn=<DivBackward0>)
Memory status after this epoch: 
Memory allocated:  14.20751953125
Memory cached:  38.0
	 epoch  90 training error:  tensor(0.3675, device='cuda:0', grad_fn=<DivBackward0>)
Memory status after this epoch: 
Memory allocated:  14.20751953125
Memory cached:  38.0
[I 2023-12-06 11:57:44,729] Trial 49 finished with value: 0.34333881735801697 and parameters: {'W_layers': 4, 'W_layer_units_exponent_0': 6, 'W_layer_units_exponent_1': 9, 'W_layer_units_exponent_2': 4, 'W_layer_units_exponent_3': 5, 'D_layers': 4, 'D_layer_units_exponent_0': 7, 'D_layer_units_exponent_1': 4, 'D_layer_units_exponent_2': 10, 'D_layer_units_exponent_3': 8, 'log_learning_rate': -1.8734382294839207, 'log_learning_rate_D': -2.2326007979626246, 'training_batch_size': 10, 'training_p': 4}. Best is trial 42 with value: 0.333601713180542.
Time for this trial:  15.582057476043701
Memory status after this trial: 
Memory allocated:  27.14306640625
Memory cached:  38.0
--------------------  Trial  50   --------------------
Start timing: 
Parameters: 
{'W_layers': 5, 'W_layer_units_exponent_0': 7, 'W_layer_units_exponent_1': 9, 'W_layer_units_exponent_2': 4, 'W_layer_units_exponent_3': 5, 'W_layer_units_exponent_4': 8, 'D_layers': 4, 'D_layer_units_exponent_0': 7, 'D_layer_units_exponent_1': 5, 'D_layer_units_exponent_2': 10, 'D_layer_units_exponent_3': 8, 'log_learning_rate': -1.9157005219580436, 'log_learning_rate_D': -1.7410105203790391, 'training_batch_size': 11, 'training_p': 2}
	 epoch  0 training error:  tensor(0.9128, device='cuda:0', grad_fn=<DivBackward0>)
Memory status after this epoch: 
Memory allocated:  14.91064453125
Memory cached:  38.0
	 epoch  10 training error:  tensor(0.5178, device='cuda:0', grad_fn=<DivBackward0>)
Memory status after this epoch: 
Memory allocated:  14.91064453125
Memory cached:  38.0
	 epoch  20 training error:  tensor(0.4204, device='cuda:0', grad_fn=<DivBackward0>)
Memory status after this epoch: 
Memory allocated:  14.91064453125
Memory cached:  38.0
	 epoch  30 training error:  tensor(0.3934, device='cuda:0', grad_fn=<DivBackward0>)
Memory status after this epoch: 
Memory allocated:  14.91064453125
Memory cached:  38.0
	 epoch  40 training error:  tensor(0.4150, device='cuda:0', grad_fn=<DivBackward0>)
Memory status after this epoch: 
Memory allocated:  14.91064453125
Memory cached:  38.0
	 epoch  50 training error:  tensor(0.3792, device='cuda:0', grad_fn=<DivBackward0>)
Memory status after this epoch: 
Memory allocated:  14.91064453125
Memory cached:  38.0
	 epoch  60 training error:  tensor(0.3609, device='cuda:0', grad_fn=<DivBackward0>)
Memory status after this epoch: 
Memory allocated:  14.91064453125
Memory cached:  38.0
	 epoch  70 training error:  tensor(0.3559, device='cuda:0', grad_fn=<DivBackward0>)
Memory status after this epoch: 
Memory allocated:  14.91064453125
Memory cached:  38.0
	 epoch  80 training error:  tensor(0.3522, device='cuda:0', grad_fn=<DivBackward0>)
Memory status after this epoch: 
Memory allocated:  14.91064453125
Memory cached:  38.0
	 epoch  90 training error:  tensor(0.3510, device='cuda:0', grad_fn=<DivBackward0>)
Memory status after this epoch: 
Memory allocated:  14.91064453125
Memory cached:  38.0
[I 2023-12-06 11:58:01,084] Trial 50 finished with value: 0.33829325437545776 and parameters: {'W_layers': 5, 'W_layer_units_exponent_0': 7, 'W_layer_units_exponent_1': 9, 'W_layer_units_exponent_2': 4, 'W_layer_units_exponent_3': 5, 'W_layer_units_exponent_4': 8, 'D_layers': 4, 'D_layer_units_exponent_0': 7, 'D_layer_units_exponent_1': 5, 'D_layer_units_exponent_2': 10, 'D_layer_units_exponent_3': 8, 'log_learning_rate': -1.9157005219580436, 'log_learning_rate_D': -1.7410105203790391, 'training_batch_size': 11, 'training_p': 2}. Best is trial 42 with value: 0.333601713180542.
Time for this trial:  16.179717540740967
Memory status after this trial: 
Memory allocated:  35.20556640625
Memory cached:  58.0
--------------------  Trial  51   --------------------
Start timing: 
Parameters: 
{'W_layers': 5, 'W_layer_units_exponent_0': 6, 'W_layer_units_exponent_1': 8, 'W_layer_units_exponent_2': 4, 'W_layer_units_exponent_3': 4, 'W_layer_units_exponent_4': 7, 'D_layers': 5, 'D_layer_units_exponent_0': 7, 'D_layer_units_exponent_1': 4, 'D_layer_units_exponent_2': 10, 'D_layer_units_exponent_3': 8, 'D_layer_units_exponent_4': 8, 'log_learning_rate': -1.7007611664659699, 'log_learning_rate_D': -2.3253440420729983, 'training_batch_size': 10, 'training_p': 4}
	 epoch  0 training error:  tensor(0.8448, device='cuda:0', grad_fn=<DivBackward0>)
Memory status after this epoch: 
Memory allocated:  14.17138671875
Memory cached:  38.0
	 epoch  10 training error:  tensor(0.9339, device='cuda:0', grad_fn=<DivBackward0>)
Memory status after this epoch: 
Memory allocated:  14.17138671875
Memory cached:  38.0
	 epoch  20 training error:  tensor(0.6540, device='cuda:0', grad_fn=<DivBackward0>)
Memory status after this epoch: 
Memory allocated:  14.17138671875
Memory cached:  38.0
	 epoch  30 training error:  tensor(0.5035, device='cuda:0', grad_fn=<DivBackward0>)
Memory status after this epoch: 
Memory allocated:  14.17138671875
Memory cached:  38.0
	 epoch  40 training error:  tensor(0.3930, device='cuda:0', grad_fn=<DivBackward0>)
Memory status after this epoch: 
Memory allocated:  14.17138671875
Memory cached:  38.0
	 epoch  50 training error:  tensor(0.3813, device='cuda:0', grad_fn=<DivBackward0>)
Memory status after this epoch: 
Memory allocated:  14.17138671875
Memory cached:  38.0
	 epoch  60 training error:  tensor(0.3750, device='cuda:0', grad_fn=<DivBackward0>)
Memory status after this epoch: 
Memory allocated:  14.17138671875
Memory cached:  38.0
	 epoch  70 training error:  tensor(0.3638, device='cuda:0', grad_fn=<DivBackward0>)
Memory status after this epoch: 
Memory allocated:  14.17138671875
Memory cached:  38.0
	 epoch  80 training error:  tensor(0.3634, device='cuda:0', grad_fn=<DivBackward0>)
Memory status after this epoch: 
Memory allocated:  14.17138671875
Memory cached:  38.0
	 epoch  90 training error:  tensor(0.3982, device='cuda:0', grad_fn=<DivBackward0>)
Memory status after this epoch: 
Memory allocated:  14.17138671875
Memory cached:  38.0
[I 2023-12-06 11:58:16,593] Trial 51 finished with value: 0.3409774899482727 and parameters: {'W_layers': 5, 'W_layer_units_exponent_0': 6, 'W_layer_units_exponent_1': 8, 'W_layer_units_exponent_2': 4, 'W_layer_units_exponent_3': 4, 'W_layer_units_exponent_4': 7, 'D_layers': 5, 'D_layer_units_exponent_0': 7, 'D_layer_units_exponent_1': 4, 'D_layer_units_exponent_2': 10, 'D_layer_units_exponent_3': 8, 'D_layer_units_exponent_4': 8, 'log_learning_rate': -1.7007611664659699, 'log_learning_rate_D': -2.3253440420729983, 'training_batch_size': 10, 'training_p': 4}. Best is trial 42 with value: 0.333601713180542.
Time for this trial:  15.323168516159058
Memory status after this trial: 
Memory allocated:  24.07861328125
Memory cached:  38.0
--------------------  Trial  52   --------------------
Start timing: 
Parameters: 
{'W_layers': 6, 'W_layer_units_exponent_0': 5, 'W_layer_units_exponent_1': 8, 'W_layer_units_exponent_2': 4, 'W_layer_units_exponent_3': 5, 'W_layer_units_exponent_4': 7, 'W_layer_units_exponent_5': 5, 'D_layers': 3, 'D_layer_units_exponent_0': 6, 'D_layer_units_exponent_1': 4, 'D_layer_units_exponent_2': 10, 'log_learning_rate': -1.4938108629637377, 'log_learning_rate_D': -2.1101989116406252, 'training_batch_size': 11, 'training_p': 3}
	 epoch  0 training error:  tensor(0.9513, device='cuda:0', grad_fn=<DivBackward0>)
Memory status after this epoch: 
Memory allocated:  12.8896484375
Memory cached:  38.0
	 epoch  10 training error:  tensor(0.6346, device='cuda:0', grad_fn=<DivBackward0>)
Memory status after this epoch: 
Memory allocated:  12.8896484375
Memory cached:  38.0
	 epoch  20 training error:  tensor(0.8353, device='cuda:0', grad_fn=<DivBackward0>)
Memory status after this epoch: 
Memory allocated:  12.8896484375
Memory cached:  38.0
	 epoch  30 training error:  tensor(0.6768, device='cuda:0', grad_fn=<DivBackward0>)
Memory status after this epoch: 
Memory allocated:  12.8896484375
Memory cached:  38.0
	 epoch  40 training error:  tensor(0.6488, device='cuda:0', grad_fn=<DivBackward0>)
Memory status after this epoch: 
Memory allocated:  12.8896484375
Memory cached:  38.0
	 epoch  50 training error:  tensor(0.6316, device='cuda:0', grad_fn=<DivBackward0>)
Memory status after this epoch: 
Memory allocated:  12.8896484375
Memory cached:  38.0
	 epoch  60 training error:  tensor(0.6315, device='cuda:0', grad_fn=<DivBackward0>)
Memory status after this epoch: 
Memory allocated:  12.8896484375
Memory cached:  38.0
	 epoch  70 training error:  tensor(0.6317, device='cuda:0', grad_fn=<DivBackward0>)
Memory status after this epoch: 
Memory allocated:  12.8896484375
Memory cached:  38.0
	 epoch  80 training error:  tensor(0.6319, device='cuda:0', grad_fn=<DivBackward0>)
Memory status after this epoch: 
Memory allocated:  12.8896484375
Memory cached:  38.0
	 epoch  90 training error:  tensor(0.6317, device='cuda:0', grad_fn=<DivBackward0>)
Memory status after this epoch: 
Memory allocated:  12.8896484375
Memory cached:  38.0
