[I 2024-02-18 10:36:34,435] Trial 128 finished with value: 0.08487894386053085 and parameters: {'W_layers': 5, 'W_layer_units_exponent_0': 4, 'W_layer_units_exponent_1': 9, 'W_layer_units_exponent_2': 7, 'W_layer_units_exponent_3': 7, 'W_layer_units_exponent_4': 7, 'D_layers': 6, 'D_layer_units_exponent_0': 9, 'D_layer_units_exponent_1': 10, 'D_layer_units_exponent_2': 9, 'D_layer_units_exponent_3': 5, 'D_layer_units_exponent_4': 8, 'D_layer_units_exponent_5': 7, 'D_dagger_layers': 5, 'D_dagger_layer_units_exponent_0': 8, 'D_dagger_layer_units_exponent_1': 4, 'D_dagger_layer_units_exponent_2': 4, 'D_dagger_layer_units_exponent_3': 7, 'D_dagger_layer_units_exponent_4': 5, 'log_learning_rate': -2.1425321444264127, 'log_learning_rate_D': -2.3862353240785685, 'log_learning_rate_D_dagger': -2.7090837609273883, 'training_batch_size': 9, 'training_p': 3}. Best is trial 123 with value: 0.08297749608755112.
Time for this trial:  21.672921895980835
Memory status after this trial: 
Memory allocated:  695.43896484375
Memory cached:  718.0
--------------------  Trial  129   --------------------
Start timing: 
Parameters: 
{'W_layers': 5, 'W_layer_units_exponent_0': 4, 'W_layer_units_exponent_1': 10, 'W_layer_units_exponent_2': 8, 'W_layer_units_exponent_3': 7, 'W_layer_units_exponent_4': 8, 'D_layers': 6, 'D_layer_units_exponent_0': 10, 'D_layer_units_exponent_1': 10, 'D_layer_units_exponent_2': 10, 'D_layer_units_exponent_3': 5, 'D_layer_units_exponent_4': 8, 'D_layer_units_exponent_5': 7, 'D_dagger_layers': 4, 'D_dagger_layer_units_exponent_0': 8, 'D_dagger_layer_units_exponent_1': 4, 'D_dagger_layer_units_exponent_2': 6, 'D_dagger_layer_units_exponent_3': 7, 'log_learning_rate': -2.51784077554048, 'log_learning_rate_D': -2.3054253985975044, 'log_learning_rate_D_dagger': -2.8147506231200095, 'training_batch_size': 9, 'training_p': 2}
	 epoch  0 training error:  tensor(1.0106, device='cuda:0', grad_fn=<DivBackward0>)
Memory status after this epoch: 
Memory allocated:  415.2421875
Memory cached:  512.0
	 epoch  10 training error:  tensor(0.3428, device='cuda:0', grad_fn=<DivBackward0>)
Memory status after this epoch: 
Memory allocated:  415.2421875
Memory cached:  512.0
	 epoch  20 training error:  tensor(0.1874, device='cuda:0', grad_fn=<DivBackward0>)
Memory status after this epoch: 
Memory allocated:  415.2421875
Memory cached:  512.0
	 epoch  30 training error:  tensor(0.1391, device='cuda:0', grad_fn=<DivBackward0>)
Memory status after this epoch: 
Memory allocated:  415.2421875
Memory cached:  512.0
	 epoch  40 training error:  tensor(0.1247, device='cuda:0', grad_fn=<DivBackward0>)
Memory status after this epoch: 
Memory allocated:  415.2421875
Memory cached:  512.0
	 epoch  50 training error:  tensor(0.0984, device='cuda:0', grad_fn=<DivBackward0>)
Memory status after this epoch: 
Memory allocated:  415.2421875
Memory cached:  512.0
	 epoch  60 training error:  tensor(0.0867, device='cuda:0', grad_fn=<DivBackward0>)
Memory status after this epoch: 
Memory allocated:  415.2421875
Memory cached:  512.0
	 epoch  70 training error:  tensor(0.0843, device='cuda:0', grad_fn=<DivBackward0>)
Memory status after this epoch: 
Memory allocated:  415.2421875
Memory cached:  512.0
	 epoch  80 training error:  tensor(0.0884, device='cuda:0', grad_fn=<DivBackward0>)
Memory status after this epoch: 
Memory allocated:  415.2421875
Memory cached:  512.0
	 epoch  90 training error:  tensor(0.0840, device='cuda:0', grad_fn=<DivBackward0>)
Memory status after this epoch: 
Memory allocated:  415.2421875
Memory cached:  512.0
[I 2024-02-18 10:36:56,853] Trial 129 finished with value: 0.08411400765180588 and parameters: {'W_layers': 5, 'W_layer_units_exponent_0': 4, 'W_layer_units_exponent_1': 10, 'W_layer_units_exponent_2': 8, 'W_layer_units_exponent_3': 7, 'W_layer_units_exponent_4': 8, 'D_layers': 6, 'D_layer_units_exponent_0': 10, 'D_layer_units_exponent_1': 10, 'D_layer_units_exponent_2': 10, 'D_layer_units_exponent_3': 5, 'D_layer_units_exponent_4': 8, 'D_layer_units_exponent_5': 7, 'D_dagger_layers': 4, 'D_dagger_layer_units_exponent_0': 8, 'D_dagger_layer_units_exponent_1': 4, 'D_dagger_layer_units_exponent_2': 6, 'D_dagger_layer_units_exponent_3': 7, 'log_learning_rate': -2.51784077554048, 'log_learning_rate_D': -2.3054253985975044, 'log_learning_rate_D_dagger': -2.8147506231200095, 'training_batch_size': 9, 'training_p': 2}. Best is trial 123 with value: 0.08297749608755112.
Time for this trial:  22.000927686691284
Memory status after this trial: 
Memory allocated:  861.67333984375
Memory cached:  892.0
--------------------  Trial  130   --------------------
Start timing: 
Parameters: 
{'W_layers': 5, 'W_layer_units_exponent_0': 4, 'W_layer_units_exponent_1': 9, 'W_layer_units_exponent_2': 7, 'W_layer_units_exponent_3': 6, 'W_layer_units_exponent_4': 7, 'D_layers': 4, 'D_layer_units_exponent_0': 9, 'D_layer_units_exponent_1': 10, 'D_layer_units_exponent_2': 10, 'D_layer_units_exponent_3': 5, 'D_dagger_layers': 6, 'D_dagger_layer_units_exponent_0': 8, 'D_dagger_layer_units_exponent_1': 4, 'D_dagger_layer_units_exponent_2': 4, 'D_dagger_layer_units_exponent_3': 7, 'D_dagger_layer_units_exponent_4': 4, 'D_dagger_layer_units_exponent_5': 7, 'log_learning_rate': -2.5944331320271186, 'log_learning_rate_D': -2.0653046967281474, 'log_learning_rate_D_dagger': -3.09244422506614, 'training_batch_size': 8, 'training_p': 2}
	 epoch  0 training error:  tensor(0.9209, device='cuda:0', grad_fn=<DivBackward0>)
Memory status after this epoch: 
Memory allocated:  409.10400390625
Memory cached:  512.0
	 epoch  10 training error:  tensor(0.2608, device='cuda:0', grad_fn=<DivBackward0>)
Memory status after this epoch: 
Memory allocated:  409.10400390625
Memory cached:  514.0
	 epoch  20 training error:  tensor(0.1534, device='cuda:0', grad_fn=<DivBackward0>)
Memory status after this epoch: 
Memory allocated:  409.10400390625
Memory cached:  514.0
	 epoch  30 training error:  tensor(0.1105, device='cuda:0', grad_fn=<DivBackward0>)
Memory status after this epoch: 
Memory allocated:  409.10400390625
Memory cached:  514.0
	 epoch  40 training error:  tensor(0.1057, device='cuda:0', grad_fn=<DivBackward0>)
Memory status after this epoch: 
Memory allocated:  409.10400390625
Memory cached:  514.0
	 epoch  50 training error:  tensor(0.0902, device='cuda:0', grad_fn=<DivBackward0>)
Memory status after this epoch: 
Memory allocated:  409.10400390625
Memory cached:  512.0
	 epoch  60 training error:  tensor(0.0895, device='cuda:0', grad_fn=<DivBackward0>)
Memory status after this epoch: 
Memory allocated:  409.10400390625
Memory cached:  512.0
	 epoch  70 training error:  tensor(0.0856, device='cuda:0', grad_fn=<DivBackward0>)
Memory status after this epoch: 
Memory allocated:  409.10400390625
Memory cached:  514.0
	 epoch  80 training error:  tensor(0.0850, device='cuda:0', grad_fn=<DivBackward0>)
Memory status after this epoch: 
Memory allocated:  409.10400390625
Memory cached:  514.0
	 epoch  90 training error:  tensor(0.0834, device='cuda:0', grad_fn=<DivBackward0>)
Memory status after this epoch: 
Memory allocated:  409.10400390625
Memory cached:  514.0
[I 2024-02-18 10:37:21,994] Trial 130 finished with value: 0.08452773094177246 and parameters: {'W_layers': 5, 'W_layer_units_exponent_0': 4, 'W_layer_units_exponent_1': 9, 'W_layer_units_exponent_2': 7, 'W_layer_units_exponent_3': 6, 'W_layer_units_exponent_4': 7, 'D_layers': 4, 'D_layer_units_exponent_0': 9, 'D_layer_units_exponent_1': 10, 'D_layer_units_exponent_2': 10, 'D_layer_units_exponent_3': 5, 'D_dagger_layers': 6, 'D_dagger_layer_units_exponent_0': 8, 'D_dagger_layer_units_exponent_1': 4, 'D_dagger_layer_units_exponent_2': 4, 'D_dagger_layer_units_exponent_3': 7, 'D_dagger_layer_units_exponent_4': 4, 'D_dagger_layer_units_exponent_5': 7, 'log_learning_rate': -2.5944331320271186, 'log_learning_rate_D': -2.0653046967281474, 'log_learning_rate_D_dagger': -3.09244422506614, 'training_batch_size': 8, 'training_p': 2}. Best is trial 123 with value: 0.08297749608755112.
Time for this trial:  24.72655725479126
Memory status after this trial: 
Memory allocated:  702.07666015625
Memory cached:  734.0
--------------------  Trial  131   --------------------
Start timing: 
Parameters: 
{'W_layers': 5, 'W_layer_units_exponent_0': 4, 'W_layer_units_exponent_1': 10, 'W_layer_units_exponent_2': 7, 'W_layer_units_exponent_3': 7, 'W_layer_units_exponent_4': 7, 'D_layers': 6, 'D_layer_units_exponent_0': 10, 'D_layer_units_exponent_1': 10, 'D_layer_units_exponent_2': 10, 'D_layer_units_exponent_3': 8, 'D_layer_units_exponent_4': 8, 'D_layer_units_exponent_5': 8, 'D_dagger_layers': 4, 'D_dagger_layer_units_exponent_0': 9, 'D_dagger_layer_units_exponent_1': 4, 'D_dagger_layer_units_exponent_2': 4, 'D_dagger_layer_units_exponent_3': 7, 'log_learning_rate': -1.9695234008977167, 'log_learning_rate_D': -2.4833556535111994, 'log_learning_rate_D_dagger': -2.5079027277529296, 'training_batch_size': 9, 'training_p': 2}
	 epoch  0 training error:  tensor(0.9112, device='cuda:0', grad_fn=<DivBackward0>)
Memory status after this epoch: 
Memory allocated:  413.92138671875
Memory cached:  512.0
	 epoch  10 training error:  tensor(0.3822, device='cuda:0', grad_fn=<DivBackward0>)
Memory status after this epoch: 
Memory allocated:  413.92138671875
Memory cached:  512.0
	 epoch  20 training error:  tensor(0.1718, device='cuda:0', grad_fn=<DivBackward0>)
Memory status after this epoch: 
Memory allocated:  413.92138671875
Memory cached:  512.0
	 epoch  30 training error:  tensor(0.1106, device='cuda:0', grad_fn=<DivBackward0>)
Memory status after this epoch: 
Memory allocated:  413.92138671875
Memory cached:  512.0
	 epoch  40 training error:  tensor(0.0968, device='cuda:0', grad_fn=<DivBackward0>)
Memory status after this epoch: 
Memory allocated:  413.92138671875
Memory cached:  512.0
	 epoch  50 training error:  tensor(0.0910, device='cuda:0', grad_fn=<DivBackward0>)
Memory status after this epoch: 
Memory allocated:  413.92138671875
Memory cached:  512.0
	 epoch  60 training error:  tensor(0.1000, device='cuda:0', grad_fn=<DivBackward0>)
Memory status after this epoch: 
Memory allocated:  413.92138671875
Memory cached:  512.0
	 epoch  70 training error:  tensor(0.0903, device='cuda:0', grad_fn=<DivBackward0>)
Memory status after this epoch: 
Memory allocated:  413.92138671875
Memory cached:  512.0
	 epoch  80 training error:  tensor(0.0868, device='cuda:0', grad_fn=<DivBackward0>)
Memory status after this epoch: 
Memory allocated:  413.92138671875
Memory cached:  512.0
	 epoch  90 training error:  tensor(0.0832, device='cuda:0', grad_fn=<DivBackward0>)
Memory status after this epoch: 
Memory allocated:  413.92138671875
Memory cached:  512.0
[I 2024-02-18 10:37:44,702] Trial 131 finished with value: 0.08698292076587677 and parameters: {'W_layers': 5, 'W_layer_units_exponent_0': 4, 'W_layer_units_exponent_1': 10, 'W_layer_units_exponent_2': 7, 'W_layer_units_exponent_3': 7, 'W_layer_units_exponent_4': 7, 'D_layers': 6, 'D_layer_units_exponent_0': 10, 'D_layer_units_exponent_1': 10, 'D_layer_units_exponent_2': 10, 'D_layer_units_exponent_3': 8, 'D_layer_units_exponent_4': 8, 'D_layer_units_exponent_5': 8, 'D_dagger_layers': 4, 'D_dagger_layer_units_exponent_0': 9, 'D_dagger_layer_units_exponent_1': 4, 'D_dagger_layer_units_exponent_2': 4, 'D_dagger_layer_units_exponent_3': 7, 'log_learning_rate': -1.9695234008977167, 'log_learning_rate_D': -2.4833556535111994, 'log_learning_rate_D_dagger': -2.5079027277529296, 'training_batch_size': 9, 'training_p': 2}. Best is trial 123 with value: 0.08297749608755112.
Time for this trial:  22.2480206489563
Memory status after this trial: 
Memory allocated:  854.24267578125
Memory cached:  880.0
--------------------  Trial  132   --------------------
Start timing: 
Parameters: 
{'W_layers': 3, 'W_layer_units_exponent_0': 4, 'W_layer_units_exponent_1': 10, 'W_layer_units_exponent_2': 7, 'D_layers': 6, 'D_layer_units_exponent_0': 10, 'D_layer_units_exponent_1': 10, 'D_layer_units_exponent_2': 10, 'D_layer_units_exponent_3': 5, 'D_layer_units_exponent_4': 10, 'D_layer_units_exponent_5': 7, 'D_dagger_layers': 4, 'D_dagger_layer_units_exponent_0': 7, 'D_dagger_layer_units_exponent_1': 4, 'D_dagger_layer_units_exponent_2': 4, 'D_dagger_layer_units_exponent_3': 7, 'log_learning_rate': -2.414378999646898, 'log_learning_rate_D': -2.5950360510556982, 'log_learning_rate_D_dagger': -2.572245522297304, 'training_batch_size': 9, 'training_p': 2}
	 epoch  0 training error:  tensor(1.1685, device='cuda:0', grad_fn=<DivBackward0>)
Memory status after this epoch: 
Memory allocated:  412.5634765625
Memory cached:  512.0
	 epoch  10 training error:  tensor(0.8217, device='cuda:0', grad_fn=<DivBackward0>)
Memory status after this epoch: 
Memory allocated:  412.5634765625
Memory cached:  512.0
	 epoch  20 training error:  tensor(0.3636, device='cuda:0', grad_fn=<DivBackward0>)
Memory status after this epoch: 
Memory allocated:  412.5634765625
Memory cached:  512.0
	 epoch  30 training error:  tensor(0.2280, device='cuda:0', grad_fn=<DivBackward0>)
Memory status after this epoch: 
Memory allocated:  412.5634765625
Memory cached:  512.0
	 epoch  40 training error:  tensor(0.1440, device='cuda:0', grad_fn=<DivBackward0>)
Memory status after this epoch: 
Memory allocated:  412.5634765625
Memory cached:  512.0
	 epoch  50 training error:  tensor(0.1021, device='cuda:0', grad_fn=<DivBackward0>)
Memory status after this epoch: 
Memory allocated:  412.5634765625
Memory cached:  512.0
	 epoch  60 training error:  tensor(0.0952, device='cuda:0', grad_fn=<DivBackward0>)
Memory status after this epoch: 
Memory allocated:  412.5634765625
Memory cached:  512.0
	 epoch  70 training error:  tensor(0.0870, device='cuda:0', grad_fn=<DivBackward0>)
Memory status after this epoch: 
Memory allocated:  412.5634765625
Memory cached:  512.0
	 epoch  80 training error:  tensor(0.0845, device='cuda:0', grad_fn=<DivBackward0>)
Memory status after this epoch: 
Memory allocated:  412.5634765625
Memory cached:  512.0
	 epoch  90 training error:  tensor(0.0832, device='cuda:0', grad_fn=<DivBackward0>)
Memory status after this epoch: 
Memory allocated:  412.5634765625
Memory cached:  512.0
[I 2024-02-18 10:38:04,985] Trial 132 finished with value: 0.08336154371500015 and parameters: {'W_layers': 3, 'W_layer_units_exponent_0': 4, 'W_layer_units_exponent_1': 10, 'W_layer_units_exponent_2': 7, 'D_layers': 6, 'D_layer_units_exponent_0': 10, 'D_layer_units_exponent_1': 10, 'D_layer_units_exponent_2': 10, 'D_layer_units_exponent_3': 5, 'D_layer_units_exponent_4': 10, 'D_layer_units_exponent_5': 7, 'D_dagger_layers': 4, 'D_dagger_layer_units_exponent_0': 7, 'D_dagger_layer_units_exponent_1': 4, 'D_dagger_layer_units_exponent_2': 4, 'D_dagger_layer_units_exponent_3': 7, 'log_learning_rate': -2.414378999646898, 'log_learning_rate_D': -2.5950360510556982, 'log_learning_rate_D_dagger': -2.572245522297304, 'training_batch_size': 9, 'training_p': 2}. Best is trial 123 with value: 0.08297749608755112.
Time for this trial:  19.925118923187256
Memory status after this trial: 
Memory allocated:  713.28173828125
Memory cached:  760.0
--------------------  Trial  133   --------------------
Start timing: 
Parameters: 
{'W_layers': 2, 'W_layer_units_exponent_0': 4, 'W_layer_units_exponent_1': 10, 'D_layers': 6, 'D_layer_units_exponent_0': 10, 'D_layer_units_exponent_1': 10, 'D_layer_units_exponent_2': 10, 'D_layer_units_exponent_3': 5, 'D_layer_units_exponent_4': 10, 'D_layer_units_exponent_5': 7, 'D_dagger_layers': 4, 'D_dagger_layer_units_exponent_0': 8, 'D_dagger_layer_units_exponent_1': 4, 'D_dagger_layer_units_exponent_2': 4, 'D_dagger_layer_units_exponent_3': 7, 'log_learning_rate': -2.420065402578774, 'log_learning_rate_D': -2.5876917902170877, 'log_learning_rate_D_dagger': -2.624856127270392, 'training_batch_size': 9, 'training_p': 2}
	 epoch  0 training error:  tensor(1.1806, device='cuda:0', grad_fn=<DivBackward0>)
Memory status after this epoch: 
Memory allocated:  410.6103515625
Memory cached:  512.0
	 epoch  10 training error:  tensor(0.5056, device='cuda:0', grad_fn=<DivBackward0>)
Memory status after this epoch: 
Memory allocated:  410.6103515625
Memory cached:  512.0
	 epoch  20 training error:  tensor(0.2111, device='cuda:0', grad_fn=<DivBackward0>)
Memory status after this epoch: 
Memory allocated:  410.6103515625
Memory cached:  512.0
	 epoch  30 training error:  tensor(0.1561, device='cuda:0', grad_fn=<DivBackward0>)
Memory status after this epoch: 
Memory allocated:  410.6103515625
Memory cached:  512.0
	 epoch  40 training error:  tensor(0.1237, device='cuda:0', grad_fn=<DivBackward0>)
Memory status after this epoch: 
Memory allocated:  410.6103515625
Memory cached:  512.0
	 epoch  50 training error:  tensor(0.1644, device='cuda:0', grad_fn=<DivBackward0>)
Memory status after this epoch: 
Memory allocated:  410.6103515625
Memory cached:  512.0
	 epoch  60 training error:  tensor(0.1360, device='cuda:0', grad_fn=<DivBackward0>)
Memory status after this epoch: 
Memory allocated:  410.6103515625
Memory cached:  512.0
	 epoch  70 training error:  tensor(0.1345, device='cuda:0', grad_fn=<DivBackward0>)
Memory status after this epoch: 
Memory allocated:  410.6103515625
Memory cached:  512.0
	 epoch  80 training error:  tensor(0.1317, device='cuda:0', grad_fn=<DivBackward0>)
Memory status after this epoch: 
Memory allocated:  410.6103515625
Memory cached:  512.0
	 epoch  90 training error:  tensor(0.1202, device='cuda:0', grad_fn=<DivBackward0>)
Memory status after this epoch: 
Memory allocated:  410.6103515625
Memory cached:  512.0
[I 2024-02-18 10:38:24,303] Trial 133 finished with value: 0.12443452328443527 and parameters: {'W_layers': 2, 'W_layer_units_exponent_0': 4, 'W_layer_units_exponent_1': 10, 'D_layers': 6, 'D_layer_units_exponent_0': 10, 'D_layer_units_exponent_1': 10, 'D_layer_units_exponent_2': 10, 'D_layer_units_exponent_3': 5, 'D_layer_units_exponent_4': 10, 'D_layer_units_exponent_5': 7, 'D_dagger_layers': 4, 'D_dagger_layer_units_exponent_0': 8, 'D_dagger_layer_units_exponent_1': 4, 'D_dagger_layer_units_exponent_2': 4, 'D_dagger_layer_units_exponent_3': 7, 'log_learning_rate': -2.420065402578774, 'log_learning_rate_D': -2.5876917902170877, 'log_learning_rate_D_dagger': -2.624856127270392, 'training_batch_size': 9, 'training_p': 2}. Best is trial 123 with value: 0.08297749608755112.
Time for this trial:  18.95701003074646
Memory status after this trial: 
Memory allocated:  683.74267578125
Memory cached:  728.0
--------------------  Trial  134   --------------------
Start timing: 
Parameters: 
{'W_layers': 3, 'W_layer_units_exponent_0': 4, 'W_layer_units_exponent_1': 10, 'W_layer_units_exponent_2': 7, 'D_layers': 6, 'D_layer_units_exponent_0': 10, 'D_layer_units_exponent_1': 10, 'D_layer_units_exponent_2': 10, 'D_layer_units_exponent_3': 5, 'D_layer_units_exponent_4': 8, 'D_layer_units_exponent_5': 6, 'D_dagger_layers': 3, 'D_dagger_layer_units_exponent_0': 7, 'D_dagger_layer_units_exponent_1': 4, 'D_dagger_layer_units_exponent_2': 4, 'log_learning_rate': -2.280931381632431, 'log_learning_rate_D': -2.7685995560995664, 'log_learning_rate_D_dagger': -2.8905125005433985, 'training_batch_size': 10, 'training_p': 2}
	 epoch  0 training error:  tensor(1.1714, device='cuda:0', grad_fn=<DivBackward0>)
Memory status after this epoch: 
Memory allocated:  411.99609375
Memory cached:  512.0
	 epoch  10 training error:  tensor(0.9754, device='cuda:0', grad_fn=<DivBackward0>)
Memory status after this epoch: 
Memory allocated:  411.99609375
Memory cached:  512.0
	 epoch  20 training error:  tensor(0.3213, device='cuda:0', grad_fn=<DivBackward0>)
Memory status after this epoch: 
Memory allocated:  411.99609375
Memory cached:  512.0
	 epoch  30 training error:  tensor(0.2641, device='cuda:0', grad_fn=<DivBackward0>)
Memory status after this epoch: 
Memory allocated:  411.99609375
Memory cached:  512.0
	 epoch  40 training error:  tensor(0.1757, device='cuda:0', grad_fn=<DivBackward0>)
Memory status after this epoch: 
Memory allocated:  411.99609375
Memory cached:  512.0
	 epoch  50 training error:  tensor(0.1289, device='cuda:0', grad_fn=<DivBackward0>)
Memory status after this epoch: 
Memory allocated:  411.99609375
Memory cached:  512.0
	 epoch  60 training error:  tensor(0.0978, device='cuda:0', grad_fn=<DivBackward0>)
Memory status after this epoch: 
Memory allocated:  411.99609375
Memory cached:  512.0
	 epoch  70 training error:  tensor(0.0939, device='cuda:0', grad_fn=<DivBackward0>)
Memory status after this epoch: 
Memory allocated:  411.99609375
Memory cached:  512.0
	 epoch  80 training error:  tensor(0.0894, device='cuda:0', grad_fn=<DivBackward0>)
Memory status after this epoch: 
Memory allocated:  411.99609375
Memory cached:  512.0
	 epoch  90 training error:  tensor(0.0862, device='cuda:0', grad_fn=<DivBackward0>)
Memory status after this epoch: 
Memory allocated:  411.99609375
Memory cached:  512.0
