[I 2024-01-03 23:15:12,312] Trial 150 finished with value: 0.1437305510044098 and parameters: {'W_layers': 6, 'W_layer_units_exponent_0': 10, 'W_layer_units_exponent_1': 4, 'W_layer_units_exponent_2': 6, 'W_layer_units_exponent_3': 7, 'W_layer_units_exponent_4': 6, 'W_layer_units_exponent_5': 7, 'D_layers': 3, 'D_layer_units_exponent_0': 10, 'D_layer_units_exponent_1': 6, 'D_layer_units_exponent_2': 9, 'D_dagger_layers': 4, 'D_dagger_layer_units_exponent_0': 10, 'D_dagger_layer_units_exponent_1': 10, 'D_dagger_layer_units_exponent_2': 4, 'D_dagger_layer_units_exponent_3': 5, 'log_learning_rate': -4.257206203354622, 'log_learning_rate_D': -2.62352861199111, 'log_learning_rate_D_dagger': -3.246740721698188, 'training_batch_size': 10, 'training_p': 7}. Best is trial 87 with value: 0.11369848251342773.
Time for this trial:  197.07295680046082
Memory status after this trial: 
Memory allocated:  546.666015625
Memory cached:  620.0
--------------------  Trial  151   --------------------
Start timing: 
Parameters: 
{'W_layers': 6, 'W_layer_units_exponent_0': 10, 'W_layer_units_exponent_1': 4, 'W_layer_units_exponent_2': 6, 'W_layer_units_exponent_3': 7, 'W_layer_units_exponent_4': 5, 'W_layer_units_exponent_5': 7, 'D_layers': 3, 'D_layer_units_exponent_0': 6, 'D_layer_units_exponent_1': 6, 'D_layer_units_exponent_2': 9, 'D_dagger_layers': 4, 'D_dagger_layer_units_exponent_0': 10, 'D_dagger_layer_units_exponent_1': 10, 'D_dagger_layer_units_exponent_2': 4, 'D_dagger_layer_units_exponent_3': 5, 'log_learning_rate': -4.2349362939119315, 'log_learning_rate_D': -2.59326583228103, 'log_learning_rate_D_dagger': -3.212336993067501, 'training_batch_size': 10, 'training_p': 7}
	 epoch  0 training error:  tensor(1.0000, device='cuda:0', grad_fn=<DivBackward0>)
Memory status after this epoch: 
Memory allocated:  286.72802734375
Memory cached:  628.0
	 epoch  10 training error:  tensor(0.5384, device='cuda:0', grad_fn=<DivBackward0>)
Memory status after this epoch: 
Memory allocated:  286.72802734375
Memory cached:  656.0
	 epoch  20 training error:  tensor(0.5384, device='cuda:0', grad_fn=<DivBackward0>)
Memory status after this epoch: 
Memory allocated:  286.72802734375
Memory cached:  662.0
	 epoch  30 training error:  tensor(0.5287, device='cuda:0', grad_fn=<DivBackward0>)
Memory status after this epoch: 
Memory allocated:  286.72802734375
Memory cached:  656.0
	 epoch  40 training error:  tensor(0.5233, device='cuda:0', grad_fn=<DivBackward0>)
Memory status after this epoch: 
Memory allocated:  286.72802734375
Memory cached:  670.0
	 epoch  50 training error:  tensor(0.5188, device='cuda:0', grad_fn=<DivBackward0>)
Memory status after this epoch: 
Memory allocated:  286.72802734375
Memory cached:  664.0
	 epoch  60 training error:  tensor(0.4794, device='cuda:0', grad_fn=<DivBackward0>)
Memory status after this epoch: 
Memory allocated:  286.72802734375
Memory cached:  658.0
	 epoch  70 training error:  tensor(0.4688, device='cuda:0', grad_fn=<DivBackward0>)
Memory status after this epoch: 
Memory allocated:  286.72802734375
Memory cached:  662.0
	 epoch  80 training error:  tensor(0.4756, device='cuda:0', grad_fn=<DivBackward0>)
Memory status after this epoch: 
Memory allocated:  286.72802734375
Memory cached:  656.0
	 epoch  90 training error:  tensor(0.2812, device='cuda:0', grad_fn=<DivBackward0>)
Memory status after this epoch: 
Memory allocated:  286.72802734375
Memory cached:  660.0
[I 2024-01-03 23:18:20,065] Trial 151 finished with value: 0.2313452810049057 and parameters: {'W_layers': 6, 'W_layer_units_exponent_0': 10, 'W_layer_units_exponent_1': 4, 'W_layer_units_exponent_2': 6, 'W_layer_units_exponent_3': 7, 'W_layer_units_exponent_4': 5, 'W_layer_units_exponent_5': 7, 'D_layers': 3, 'D_layer_units_exponent_0': 6, 'D_layer_units_exponent_1': 6, 'D_layer_units_exponent_2': 9, 'D_dagger_layers': 4, 'D_dagger_layer_units_exponent_0': 10, 'D_dagger_layer_units_exponent_1': 10, 'D_dagger_layer_units_exponent_2': 4, 'D_dagger_layer_units_exponent_3': 5, 'log_learning_rate': -4.2349362939119315, 'log_learning_rate_D': -2.59326583228103, 'log_learning_rate_D_dagger': -3.212336993067501, 'training_batch_size': 10, 'training_p': 7}. Best is trial 87 with value: 0.11369848251342773.
Time for this trial:  187.25415778160095
Memory status after this trial: 
Memory allocated:  493.6328125
Memory cached:  608.0
--------------------  Trial  152   --------------------
Start timing: 
Parameters: 
{'W_layers': 6, 'W_layer_units_exponent_0': 10, 'W_layer_units_exponent_1': 4, 'W_layer_units_exponent_2': 5, 'W_layer_units_exponent_3': 8, 'W_layer_units_exponent_4': 6, 'W_layer_units_exponent_5': 7, 'D_layers': 3, 'D_layer_units_exponent_0': 7, 'D_layer_units_exponent_1': 6, 'D_layer_units_exponent_2': 9, 'D_dagger_layers': 4, 'D_dagger_layer_units_exponent_0': 10, 'D_dagger_layer_units_exponent_1': 10, 'D_dagger_layer_units_exponent_2': 4, 'D_dagger_layer_units_exponent_3': 5, 'log_learning_rate': -4.341973848905129, 'log_learning_rate_D': -2.8154007613634375, 'log_learning_rate_D_dagger': -3.105881701491802, 'training_batch_size': 10, 'training_p': 7}
	 epoch  0 training error:  tensor(1.0096, device='cuda:0', grad_fn=<DivBackward0>)
Memory status after this epoch: 
Memory allocated:  287.03857421875
Memory cached:  626.0
	 epoch  10 training error:  tensor(0.5814, device='cuda:0', grad_fn=<DivBackward0>)
Memory status after this epoch: 
Memory allocated:  287.03857421875
Memory cached:  664.0
	 epoch  20 training error:  tensor(0.5412, device='cuda:0', grad_fn=<DivBackward0>)
Memory status after this epoch: 
Memory allocated:  287.03857421875
Memory cached:  664.0
	 epoch  30 training error:  tensor(0.5272, device='cuda:0', grad_fn=<DivBackward0>)
Memory status after this epoch: 
Memory allocated:  287.03857421875
Memory cached:  658.0
	 epoch  40 training error:  tensor(0.5316, device='cuda:0', grad_fn=<DivBackward0>)
Memory status after this epoch: 
Memory allocated:  287.03857421875
Memory cached:  662.0
	 epoch  50 training error:  tensor(0.5301, device='cuda:0', grad_fn=<DivBackward0>)
Memory status after this epoch: 
Memory allocated:  287.03857421875
Memory cached:  660.0
	 epoch  60 training error:  tensor(0.5291, device='cuda:0', grad_fn=<DivBackward0>)
Memory status after this epoch: 
Memory allocated:  287.03857421875
Memory cached:  666.0
	 epoch  70 training error:  tensor(0.5196, device='cuda:0', grad_fn=<DivBackward0>)
Memory status after this epoch: 
Memory allocated:  287.03857421875
Memory cached:  660.0
	 epoch  80 training error:  tensor(0.5126, device='cuda:0', grad_fn=<DivBackward0>)
Memory status after this epoch: 
Memory allocated:  287.03857421875
Memory cached:  666.0
	 epoch  90 training error:  tensor(0.4994, device='cuda:0', grad_fn=<DivBackward0>)
Memory status after this epoch: 
Memory allocated:  287.03857421875
Memory cached:  662.0
[I 2024-01-03 23:21:31,642] Trial 152 finished with value: 0.2991039454936981 and parameters: {'W_layers': 6, 'W_layer_units_exponent_0': 10, 'W_layer_units_exponent_1': 4, 'W_layer_units_exponent_2': 5, 'W_layer_units_exponent_3': 8, 'W_layer_units_exponent_4': 6, 'W_layer_units_exponent_5': 7, 'D_layers': 3, 'D_layer_units_exponent_0': 7, 'D_layer_units_exponent_1': 6, 'D_layer_units_exponent_2': 9, 'D_dagger_layers': 4, 'D_dagger_layer_units_exponent_0': 10, 'D_dagger_layer_units_exponent_1': 10, 'D_dagger_layer_units_exponent_2': 4, 'D_dagger_layer_units_exponent_3': 5, 'log_learning_rate': -4.341973848905129, 'log_learning_rate_D': -2.8154007613634375, 'log_learning_rate_D_dagger': -3.105881701491802, 'training_batch_size': 10, 'training_p': 7}. Best is trial 87 with value: 0.11369848251342773.
Time for this trial:  191.01590204238892
Memory status after this trial: 
Memory allocated:  504.0078125
Memory cached:  608.0
--------------------  Trial  153   --------------------
Start timing: 
Parameters: 
{'W_layers': 6, 'W_layer_units_exponent_0': 10, 'W_layer_units_exponent_1': 4, 'W_layer_units_exponent_2': 6, 'W_layer_units_exponent_3': 5, 'W_layer_units_exponent_4': 6, 'W_layer_units_exponent_5': 7, 'D_layers': 3, 'D_layer_units_exponent_0': 10, 'D_layer_units_exponent_1': 6, 'D_layer_units_exponent_2': 9, 'D_dagger_layers': 4, 'D_dagger_layer_units_exponent_0': 10, 'D_dagger_layer_units_exponent_1': 10, 'D_dagger_layer_units_exponent_2': 4, 'D_dagger_layer_units_exponent_3': 7, 'log_learning_rate': -4.261414071367586, 'log_learning_rate_D': -2.6983183435603184, 'log_learning_rate_D_dagger': -3.280795627728513, 'training_batch_size': 10, 'training_p': 7}
	 epoch  0 training error:  tensor(0.9713, device='cuda:0', grad_fn=<DivBackward0>)
Memory status after this epoch: 
Memory allocated:  287.69873046875
Memory cached:  620.0
	 epoch  10 training error:  tensor(0.5599, device='cuda:0', grad_fn=<DivBackward0>)
Memory status after this epoch: 
Memory allocated:  287.69873046875
Memory cached:  656.0
	 epoch  20 training error:  tensor(0.5303, device='cuda:0', grad_fn=<DivBackward0>)
Memory status after this epoch: 
Memory allocated:  287.69873046875
Memory cached:  662.0
	 epoch  30 training error:  tensor(0.5186, device='cuda:0', grad_fn=<DivBackward0>)
Memory status after this epoch: 
Memory allocated:  287.69873046875
Memory cached:  662.0
	 epoch  40 training error:  tensor(0.4951, device='cuda:0', grad_fn=<DivBackward0>)
Memory status after this epoch: 
Memory allocated:  287.69873046875
Memory cached:  666.0
	 epoch  50 training error:  tensor(0.4050, device='cuda:0', grad_fn=<DivBackward0>)
Memory status after this epoch: 
Memory allocated:  287.69873046875
Memory cached:  650.0
	 epoch  60 training error:  tensor(0.3185, device='cuda:0', grad_fn=<DivBackward0>)
Memory status after this epoch: 
Memory allocated:  287.69873046875
Memory cached:  662.0
	 epoch  70 training error:  tensor(0.3316, device='cuda:0', grad_fn=<DivBackward0>)
Memory status after this epoch: 
Memory allocated:  287.69873046875
Memory cached:  664.0
	 epoch  80 training error:  tensor(0.2193, device='cuda:0', grad_fn=<DivBackward0>)
Memory status after this epoch: 
Memory allocated:  287.69873046875
Memory cached:  656.0
	 epoch  90 training error:  tensor(0.2146, device='cuda:0', grad_fn=<DivBackward0>)
Memory status after this epoch: 
Memory allocated:  287.69873046875
Memory cached:  656.0
[I 2024-01-03 23:24:49,302] Trial 153 finished with value: 0.1143728718161583 and parameters: {'W_layers': 6, 'W_layer_units_exponent_0': 10, 'W_layer_units_exponent_1': 4, 'W_layer_units_exponent_2': 6, 'W_layer_units_exponent_3': 5, 'W_layer_units_exponent_4': 6, 'W_layer_units_exponent_5': 7, 'D_layers': 3, 'D_layer_units_exponent_0': 10, 'D_layer_units_exponent_1': 6, 'D_layer_units_exponent_2': 9, 'D_dagger_layers': 4, 'D_dagger_layer_units_exponent_0': 10, 'D_dagger_layer_units_exponent_1': 10, 'D_dagger_layer_units_exponent_2': 4, 'D_dagger_layer_units_exponent_3': 7, 'log_learning_rate': -4.261414071367586, 'log_learning_rate_D': -2.6983183435603184, 'log_learning_rate_D_dagger': -3.280795627728513, 'training_batch_size': 10, 'training_p': 7}. Best is trial 87 with value: 0.11369848251342773.
Time for this trial:  197.12895345687866
Memory status after this trial: 
Memory allocated:  545.8515625
Memory cached:  606.0
--------------------  Trial  154   --------------------
Start timing: 
Parameters: 
{'W_layers': 6, 'W_layer_units_exponent_0': 10, 'W_layer_units_exponent_1': 4, 'W_layer_units_exponent_2': 6, 'W_layer_units_exponent_3': 7, 'W_layer_units_exponent_4': 6, 'W_layer_units_exponent_5': 7, 'D_layers': 3, 'D_layer_units_exponent_0': 10, 'D_layer_units_exponent_1': 6, 'D_layer_units_exponent_2': 9, 'D_dagger_layers': 4, 'D_dagger_layer_units_exponent_0': 10, 'D_dagger_layer_units_exponent_1': 10, 'D_dagger_layer_units_exponent_2': 4, 'D_dagger_layer_units_exponent_3': 7, 'log_learning_rate': -4.128901194597924, 'log_learning_rate_D': -2.6553370899026714, 'log_learning_rate_D_dagger': -3.015787830761103, 'training_batch_size': 10, 'training_p': 7}
	 epoch  0 training error:  tensor(0.9806, device='cuda:0', grad_fn=<DivBackward0>)
Memory status after this epoch: 
Memory allocated:  287.88623046875
Memory cached:  622.0
	 epoch  10 training error:  tensor(0.5543, device='cuda:0', grad_fn=<DivBackward0>)
Memory status after this epoch: 
Memory allocated:  287.88623046875
Memory cached:  652.0
	 epoch  20 training error:  tensor(0.5430, device='cuda:0', grad_fn=<DivBackward0>)
Memory status after this epoch: 
Memory allocated:  287.88623046875
Memory cached:  652.0
	 epoch  30 training error:  tensor(0.5299, device='cuda:0', grad_fn=<DivBackward0>)
Memory status after this epoch: 
Memory allocated:  287.88623046875
Memory cached:  660.0
	 epoch  40 training error:  tensor(0.5283, device='cuda:0', grad_fn=<DivBackward0>)
Memory status after this epoch: 
Memory allocated:  287.88623046875
Memory cached:  660.0
	 epoch  50 training error:  tensor(0.5345, device='cuda:0', grad_fn=<DivBackward0>)
Memory status after this epoch: 
Memory allocated:  287.88623046875
Memory cached:  660.0
	 epoch  60 training error:  tensor(0.5285, device='cuda:0', grad_fn=<DivBackward0>)
Memory status after this epoch: 
Memory allocated:  287.88623046875
Memory cached:  646.0
	 epoch  70 training error:  tensor(0.5170, device='cuda:0', grad_fn=<DivBackward0>)
Memory status after this epoch: 
Memory allocated:  287.88623046875
Memory cached:  654.0
	 epoch  80 training error:  tensor(0.5051, device='cuda:0', grad_fn=<DivBackward0>)
Memory status after this epoch: 
Memory allocated:  287.88623046875
Memory cached:  658.0
	 epoch  90 training error:  tensor(0.4057, device='cuda:0', grad_fn=<DivBackward0>)
Memory status after this epoch: 
Memory allocated:  287.88623046875
Memory cached:  658.0
[I 2024-01-03 23:28:07,080] Trial 154 finished with value: 0.2106790989637375 and parameters: {'W_layers': 6, 'W_layer_units_exponent_0': 10, 'W_layer_units_exponent_1': 4, 'W_layer_units_exponent_2': 6, 'W_layer_units_exponent_3': 7, 'W_layer_units_exponent_4': 6, 'W_layer_units_exponent_5': 7, 'D_layers': 3, 'D_layer_units_exponent_0': 10, 'D_layer_units_exponent_1': 6, 'D_layer_units_exponent_2': 9, 'D_dagger_layers': 4, 'D_dagger_layer_units_exponent_0': 10, 'D_dagger_layer_units_exponent_1': 10, 'D_dagger_layer_units_exponent_2': 4, 'D_dagger_layer_units_exponent_3': 7, 'log_learning_rate': -4.128901194597924, 'log_learning_rate_D': -2.6553370899026714, 'log_learning_rate_D_dagger': -3.015787830761103, 'training_batch_size': 10, 'training_p': 7}. Best is trial 87 with value: 0.11369848251342773.
Time for this trial:  197.27646899223328
Memory status after this trial: 
Memory allocated:  551.072265625
Memory cached:  602.0
--------------------  Trial  155   --------------------
Start timing: 
Parameters: 
{'W_layers': 6, 'W_layer_units_exponent_0': 10, 'W_layer_units_exponent_1': 4, 'W_layer_units_exponent_2': 5, 'W_layer_units_exponent_3': 5, 'W_layer_units_exponent_4': 6, 'W_layer_units_exponent_5': 7, 'D_layers': 3, 'D_layer_units_exponent_0': 10, 'D_layer_units_exponent_1': 6, 'D_layer_units_exponent_2': 9, 'D_dagger_layers': 4, 'D_dagger_layer_units_exponent_0': 10, 'D_dagger_layer_units_exponent_1': 10, 'D_dagger_layer_units_exponent_2': 6, 'D_dagger_layer_units_exponent_3': 7, 'log_learning_rate': -4.486166222959141, 'log_learning_rate_D': -2.717484892174562, 'log_learning_rate_D_dagger': -3.3263569468701446, 'training_batch_size': 10, 'training_p': 7}
	 epoch  0 training error:  tensor(1.0232, device='cuda:0', grad_fn=<DivBackward0>)
Memory status after this epoch: 
Memory allocated:  288.51904296875
Memory cached:  622.0
	 epoch  10 training error:  tensor(0.5433, device='cuda:0', grad_fn=<DivBackward0>)
Memory status after this epoch: 
Memory allocated:  288.51904296875
Memory cached:  662.0
	 epoch  20 training error:  tensor(0.5301, device='cuda:0', grad_fn=<DivBackward0>)
Memory status after this epoch: 
Memory allocated:  288.51904296875
Memory cached:  654.0
	 epoch  30 training error:  tensor(0.5385, device='cuda:0', grad_fn=<DivBackward0>)
Memory status after this epoch: 
Memory allocated:  288.51904296875
Memory cached:  658.0
	 epoch  40 training error:  tensor(0.5311, device='cuda:0', grad_fn=<DivBackward0>)
Memory status after this epoch: 
Memory allocated:  288.51904296875
Memory cached:  658.0
	 epoch  50 training error:  tensor(0.5273, device='cuda:0', grad_fn=<DivBackward0>)
Memory status after this epoch: 
Memory allocated:  288.51904296875
Memory cached:  668.0
	 epoch  60 training error:  tensor(0.5272, device='cuda:0', grad_fn=<DivBackward0>)
Memory status after this epoch: 
Memory allocated:  288.51904296875
Memory cached:  660.0
	 epoch  70 training error:  tensor(0.5063, device='cuda:0', grad_fn=<DivBackward0>)
Memory status after this epoch: 
Memory allocated:  288.51904296875
Memory cached:  660.0
	 epoch  80 training error:  tensor(0.4224, device='cuda:0', grad_fn=<DivBackward0>)
Memory status after this epoch: 
Memory allocated:  288.51904296875
Memory cached:  660.0
	 epoch  90 training error:  tensor(0.3389, device='cuda:0', grad_fn=<DivBackward0>)
Memory status after this epoch: 
Memory allocated:  288.51904296875
Memory cached:  654.0
[I 2024-01-03 23:31:24,800] Trial 155 finished with value: 0.18433021008968353 and parameters: {'W_layers': 6, 'W_layer_units_exponent_0': 10, 'W_layer_units_exponent_1': 4, 'W_layer_units_exponent_2': 5, 'W_layer_units_exponent_3': 5, 'W_layer_units_exponent_4': 6, 'W_layer_units_exponent_5': 7, 'D_layers': 3, 'D_layer_units_exponent_0': 10, 'D_layer_units_exponent_1': 6, 'D_layer_units_exponent_2': 9, 'D_dagger_layers': 4, 'D_dagger_layer_units_exponent_0': 10, 'D_dagger_layer_units_exponent_1': 10, 'D_dagger_layer_units_exponent_2': 6, 'D_dagger_layer_units_exponent_3': 7, 'log_learning_rate': -4.486166222959141, 'log_learning_rate_D': -2.717484892174562, 'log_learning_rate_D_dagger': -3.3263569468701446, 'training_batch_size': 10, 'training_p': 7}. Best is trial 87 with value: 0.11369848251342773.
Time for this trial:  197.21199250221252
Memory status after this trial: 
Memory allocated:  546.9453125
Memory cached:  608.0
--------------------  Trial  156   --------------------
Start timing: 
Parameters: 
{'W_layers': 3, 'W_layer_units_exponent_0': 10, 'W_layer_units_exponent_1': 4, 'W_layer_units_exponent_2': 6, 'D_layers': 3, 'D_layer_units_exponent_0': 10, 'D_layer_units_exponent_1': 6, 'D_layer_units_exponent_2': 8, 'D_dagger_layers': 4, 'D_dagger_layer_units_exponent_0': 6, 'D_dagger_layer_units_exponent_1': 10, 'D_dagger_layer_units_exponent_2': 7, 'D_dagger_layer_units_exponent_3': 8, 'log_learning_rate': -4.240605953708525, 'log_learning_rate_D': -2.5401515410323077, 'log_learning_rate_D_dagger': -2.956750819786536, 'training_batch_size': 10, 'training_p': 7}
	 epoch  0 training error:  tensor(0.9453, device='cuda:0', grad_fn=<DivBackward0>)
Memory status after this epoch: 
Memory allocated:  274.38427734375
Memory cached:  610.0
	 epoch  10 training error:  tensor(0.5917, device='cuda:0', grad_fn=<DivBackward0>)
Memory status after this epoch: 
Memory allocated:  274.38427734375
Memory cached:  648.0
	 epoch  20 training error:  tensor(0.5447, device='cuda:0', grad_fn=<DivBackward0>)
Memory status after this epoch: 
Memory allocated:  274.38427734375
Memory cached:  648.0
	 epoch  30 training error:  tensor(0.5461, device='cuda:0', grad_fn=<DivBackward0>)
Memory status after this epoch: 
Memory allocated:  274.38427734375
Memory cached:  648.0
	 epoch  40 training error:  tensor(0.5346, device='cuda:0', grad_fn=<DivBackward0>)
Memory status after this epoch: 
Memory allocated:  274.38427734375
Memory cached:  644.0
	 epoch  50 training error:  tensor(0.5321, device='cuda:0', grad_fn=<DivBackward0>)
Memory status after this epoch: 
Memory allocated:  274.38427734375
Memory cached:  642.0
	 epoch  60 training error:  tensor(0.5393, device='cuda:0', grad_fn=<DivBackward0>)
Memory status after this epoch: 
Memory allocated:  274.38427734375
Memory cached:  642.0
	 epoch  70 training error:  tensor(0.5438, device='cuda:0', grad_fn=<DivBackward0>)
Memory status after this epoch: 
Memory allocated:  274.38427734375
Memory cached:  644.0
	 epoch  80 training error:  tensor(0.5271, device='cuda:0', grad_fn=<DivBackward0>)
Memory status after this epoch: 
Memory allocated:  274.38427734375
Memory cached:  648.0
	 epoch  90 training error:  tensor(0.5258, device='cuda:0', grad_fn=<DivBackward0>)
Memory status after this epoch: 
Memory allocated:  274.38427734375
Memory cached:  640.0
