[I 2023-12-05 02:31:39,317] Trial 93 finished with value: 0.5106528401374817 and parameters: {'W_layers': 8, 'W_layer_units_exponent_0': 8, 'W_layer_units_exponent_1': 5, 'W_layer_units_exponent_2': 5, 'W_layer_units_exponent_3': 10, 'W_layer_units_exponent_4': 5, 'W_layer_units_exponent_5': 8, 'W_layer_units_exponent_6': 10, 'W_layer_units_exponent_7': 6, 'D_layers': 5, 'D_layer_units_exponent_0': 10, 'D_layer_units_exponent_1': 9, 'D_layer_units_exponent_2': 10, 'D_layer_units_exponent_3': 7, 'D_layer_units_exponent_4': 4, 'log_learning_rate': -2.7407108683795403, 'log_learning_rate_D': -2.9158697285525337, 'training_batch_size': 7, 'training_p': 2}. Best is trial 87 with value: 0.5046098232269287.
Time for this trial:  15.459106206893921
Memory status after this trial: 
Memory allocated:  116.28076171875
Memory cached:  146.0
--------------------  Trial  94   --------------------
Start timing: 
Parameters: 
{'W_layers': 7, 'W_layer_units_exponent_0': 8, 'W_layer_units_exponent_1': 5, 'W_layer_units_exponent_2': 5, 'W_layer_units_exponent_3': 10, 'W_layer_units_exponent_4': 6, 'W_layer_units_exponent_5': 7, 'W_layer_units_exponent_6': 10, 'D_layers': 6, 'D_layer_units_exponent_0': 10, 'D_layer_units_exponent_1': 9, 'D_layer_units_exponent_2': 10, 'D_layer_units_exponent_3': 8, 'D_layer_units_exponent_4': 5, 'D_layer_units_exponent_5': 9, 'log_learning_rate': -2.6615335718036737, 'log_learning_rate_D': -2.7173839434841796, 'training_batch_size': 7, 'training_p': 2}
	 epoch  0 training error:  tensor(0.9756, device='cuda:0', grad_fn=<DivBackward0>)
Memory status after this epoch: 
Memory allocated:  59.3798828125
Memory cached:  82.0
	 epoch  10 training error:  tensor(0.7588, device='cuda:0', grad_fn=<DivBackward0>)
Memory status after this epoch: 
Memory allocated:  59.3798828125
Memory cached:  82.0
	 epoch  20 training error:  tensor(0.7359, device='cuda:0', grad_fn=<DivBackward0>)
Memory status after this epoch: 
Memory allocated:  59.3798828125
Memory cached:  82.0
	 epoch  30 training error:  tensor(0.6761, device='cuda:0', grad_fn=<DivBackward0>)
Memory status after this epoch: 
Memory allocated:  59.3798828125
Memory cached:  82.0
	 epoch  40 training error:  tensor(0.7312, device='cuda:0', grad_fn=<DivBackward0>)
Memory status after this epoch: 
Memory allocated:  59.3798828125
Memory cached:  82.0
	 epoch  50 training error:  tensor(0.5901, device='cuda:0', grad_fn=<DivBackward0>)
Memory status after this epoch: 
Memory allocated:  59.3798828125
Memory cached:  82.0
	 epoch  60 training error:  tensor(0.5761, device='cuda:0', grad_fn=<DivBackward0>)
Memory status after this epoch: 
Memory allocated:  59.3798828125
Memory cached:  82.0
	 epoch  70 training error:  tensor(0.5696, device='cuda:0', grad_fn=<DivBackward0>)
Memory status after this epoch: 
Memory allocated:  59.3798828125
Memory cached:  82.0
	 epoch  80 training error:  tensor(0.5702, device='cuda:0', grad_fn=<DivBackward0>)
Memory status after this epoch: 
Memory allocated:  59.3798828125
Memory cached:  82.0
	 epoch  90 training error:  tensor(0.5682, device='cuda:0', grad_fn=<DivBackward0>)
Memory status after this epoch: 
Memory allocated:  59.3798828125
Memory cached:  82.0
[I 2023-12-05 02:31:54,798] Trial 94 finished with value: 0.507122814655304 and parameters: {'W_layers': 7, 'W_layer_units_exponent_0': 8, 'W_layer_units_exponent_1': 5, 'W_layer_units_exponent_2': 5, 'W_layer_units_exponent_3': 10, 'W_layer_units_exponent_4': 6, 'W_layer_units_exponent_5': 7, 'W_layer_units_exponent_6': 10, 'D_layers': 6, 'D_layer_units_exponent_0': 10, 'D_layer_units_exponent_1': 9, 'D_layer_units_exponent_2': 10, 'D_layer_units_exponent_3': 8, 'D_layer_units_exponent_4': 5, 'D_layer_units_exponent_5': 9, 'log_learning_rate': -2.6615335718036737, 'log_learning_rate_D': -2.7173839434841796, 'training_batch_size': 7, 'training_p': 2}. Best is trial 87 with value: 0.5046098232269287.
Time for this trial:  15.262165069580078
Memory status after this trial: 
Memory allocated:  110.90478515625
Memory cached:  142.0
--------------------  Trial  95   --------------------
Start timing: 
Parameters: 
{'W_layers': 7, 'W_layer_units_exponent_0': 8, 'W_layer_units_exponent_1': 5, 'W_layer_units_exponent_2': 5, 'W_layer_units_exponent_3': 10, 'W_layer_units_exponent_4': 4, 'W_layer_units_exponent_5': 7, 'W_layer_units_exponent_6': 10, 'D_layers': 6, 'D_layer_units_exponent_0': 10, 'D_layer_units_exponent_1': 10, 'D_layer_units_exponent_2': 10, 'D_layer_units_exponent_3': 8, 'D_layer_units_exponent_4': 5, 'D_layer_units_exponent_5': 9, 'log_learning_rate': -2.664509343650408, 'log_learning_rate_D': -1.0781904221988525, 'training_batch_size': 6, 'training_p': 2}
	 epoch  0 training error:  tensor(1.1155, device='cuda:0', grad_fn=<DivBackward0>)
Memory status after this epoch: 
Memory allocated:  62.091796875
Memory cached:  82.0
	 epoch  10 training error:  tensor(0.7804, device='cuda:0', grad_fn=<DivBackward0>)
Memory status after this epoch: 
Memory allocated:  62.091796875
Memory cached:  82.0
	 epoch  20 training error:  tensor(0.6971, device='cuda:0', grad_fn=<DivBackward0>)
Memory status after this epoch: 
Memory allocated:  62.091796875
Memory cached:  82.0
	 epoch  30 training error:  tensor(0.6324, device='cuda:0', grad_fn=<DivBackward0>)
Memory status after this epoch: 
Memory allocated:  62.091796875
Memory cached:  82.0
	 epoch  40 training error:  tensor(0.5782, device='cuda:0', grad_fn=<DivBackward0>)
Memory status after this epoch: 
Memory allocated:  62.091796875
Memory cached:  82.0
	 epoch  50 training error:  tensor(0.5683, device='cuda:0', grad_fn=<DivBackward0>)
Memory status after this epoch: 
Memory allocated:  62.091796875
Memory cached:  82.0
	 epoch  60 training error:  tensor(0.5724, device='cuda:0', grad_fn=<DivBackward0>)
Memory status after this epoch: 
Memory allocated:  62.091796875
Memory cached:  82.0
	 epoch  70 training error:  tensor(0.5683, device='cuda:0', grad_fn=<DivBackward0>)
Memory status after this epoch: 
Memory allocated:  62.091796875
Memory cached:  82.0
	 epoch  80 training error:  tensor(0.5715, device='cuda:0', grad_fn=<DivBackward0>)
Memory status after this epoch: 
Memory allocated:  62.091796875
Memory cached:  82.0
	 epoch  90 training error:  tensor(0.5676, device='cuda:0', grad_fn=<DivBackward0>)
Memory status after this epoch: 
Memory allocated:  62.091796875
Memory cached:  82.0
[I 2023-12-05 02:32:11,585] Trial 95 finished with value: 0.5120376348495483 and parameters: {'W_layers': 7, 'W_layer_units_exponent_0': 8, 'W_layer_units_exponent_1': 5, 'W_layer_units_exponent_2': 5, 'W_layer_units_exponent_3': 10, 'W_layer_units_exponent_4': 4, 'W_layer_units_exponent_5': 7, 'W_layer_units_exponent_6': 10, 'D_layers': 6, 'D_layer_units_exponent_0': 10, 'D_layer_units_exponent_1': 10, 'D_layer_units_exponent_2': 10, 'D_layer_units_exponent_3': 8, 'D_layer_units_exponent_4': 5, 'D_layer_units_exponent_5': 9, 'log_learning_rate': -2.664509343650408, 'log_learning_rate_D': -1.0781904221988525, 'training_batch_size': 6, 'training_p': 2}. Best is trial 87 with value: 0.5046098232269287.
Time for this trial:  16.57327961921692
Memory status after this trial: 
Memory allocated:  109.52490234375
Memory cached:  142.0
--------------------  Trial  96   --------------------
Start timing: 
Parameters: 
{'W_layers': 7, 'W_layer_units_exponent_0': 8, 'W_layer_units_exponent_1': 4, 'W_layer_units_exponent_2': 5, 'W_layer_units_exponent_3': 10, 'W_layer_units_exponent_4': 7, 'W_layer_units_exponent_5': 6, 'W_layer_units_exponent_6': 10, 'D_layers': 6, 'D_layer_units_exponent_0': 10, 'D_layer_units_exponent_1': 9, 'D_layer_units_exponent_2': 9, 'D_layer_units_exponent_3': 8, 'D_layer_units_exponent_4': 7, 'D_layer_units_exponent_5': 10, 'log_learning_rate': -3.0624162851749888, 'log_learning_rate_D': -1.3877588149505973, 'training_batch_size': 7, 'training_p': 2}
	 epoch  0 training error:  tensor(0.9821, device='cuda:0', grad_fn=<DivBackward0>)
Memory status after this epoch: 
Memory allocated:  57.9189453125
Memory cached:  82.0
	 epoch  10 training error:  tensor(0.7354, device='cuda:0', grad_fn=<DivBackward0>)
Memory status after this epoch: 
Memory allocated:  57.9189453125
Memory cached:  82.0
	 epoch  20 training error:  tensor(0.7301, device='cuda:0', grad_fn=<DivBackward0>)
Memory status after this epoch: 
Memory allocated:  57.9189453125
Memory cached:  82.0
	 epoch  30 training error:  tensor(0.7167, device='cuda:0', grad_fn=<DivBackward0>)
Memory status after this epoch: 
Memory allocated:  57.9189453125
Memory cached:  82.0
	 epoch  40 training error:  tensor(0.6863, device='cuda:0', grad_fn=<DivBackward0>)
Memory status after this epoch: 
Memory allocated:  57.9189453125
Memory cached:  82.0
	 epoch  50 training error:  tensor(0.5897, device='cuda:0', grad_fn=<DivBackward0>)
Memory status after this epoch: 
Memory allocated:  57.9189453125
Memory cached:  82.0
	 epoch  60 training error:  tensor(0.5767, device='cuda:0', grad_fn=<DivBackward0>)
Memory status after this epoch: 
Memory allocated:  57.9189453125
Memory cached:  82.0
	 epoch  70 training error:  tensor(0.5816, device='cuda:0', grad_fn=<DivBackward0>)
Memory status after this epoch: 
Memory allocated:  57.9189453125
Memory cached:  82.0
	 epoch  80 training error:  tensor(0.5713, device='cuda:0', grad_fn=<DivBackward0>)
Memory status after this epoch: 
Memory allocated:  57.9189453125
Memory cached:  82.0
	 epoch  90 training error:  tensor(0.5693, device='cuda:0', grad_fn=<DivBackward0>)
Memory status after this epoch: 
Memory allocated:  57.9189453125
Memory cached:  82.0
[I 2023-12-05 02:32:26,746] Trial 96 finished with value: 0.5113324522972107 and parameters: {'W_layers': 7, 'W_layer_units_exponent_0': 8, 'W_layer_units_exponent_1': 4, 'W_layer_units_exponent_2': 5, 'W_layer_units_exponent_3': 10, 'W_layer_units_exponent_4': 7, 'W_layer_units_exponent_5': 6, 'W_layer_units_exponent_6': 10, 'D_layers': 6, 'D_layer_units_exponent_0': 10, 'D_layer_units_exponent_1': 9, 'D_layer_units_exponent_2': 9, 'D_layer_units_exponent_3': 8, 'D_layer_units_exponent_4': 7, 'D_layer_units_exponent_5': 10, 'log_learning_rate': -3.0624162851749888, 'log_learning_rate_D': -1.3877588149505973, 'training_batch_size': 7, 'training_p': 2}. Best is trial 87 with value: 0.5046098232269287.
Time for this trial:  14.957031726837158
Memory status after this trial: 
Memory allocated:  110.97216796875
Memory cached:  142.0
--------------------  Trial  97   --------------------
Start timing: 
Parameters: 
{'W_layers': 8, 'W_layer_units_exponent_0': 5, 'W_layer_units_exponent_1': 5, 'W_layer_units_exponent_2': 4, 'W_layer_units_exponent_3': 9, 'W_layer_units_exponent_4': 10, 'W_layer_units_exponent_5': 7, 'W_layer_units_exponent_6': 9, 'W_layer_units_exponent_7': 4, 'D_layers': 6, 'D_layer_units_exponent_0': 8, 'D_layer_units_exponent_1': 10, 'D_layer_units_exponent_2': 10, 'D_layer_units_exponent_3': 9, 'D_layer_units_exponent_4': 5, 'D_layer_units_exponent_5': 7, 'log_learning_rate': -3.2367972199944486, 'log_learning_rate_D': -1.566094729827904, 'training_batch_size': 8, 'training_p': 2}
	 epoch  0 training error:  tensor(0.9357, device='cuda:0', grad_fn=<DivBackward0>)
Memory status after this epoch: 
Memory allocated:  69.21826171875
Memory cached:  102.0
	 epoch  10 training error:  tensor(0.7515, device='cuda:0', grad_fn=<DivBackward0>)
Memory status after this epoch: 
Memory allocated:  69.21826171875
Memory cached:  102.0
	 epoch  20 training error:  tensor(0.7339, device='cuda:0', grad_fn=<DivBackward0>)
Memory status after this epoch: 
Memory allocated:  69.21826171875
Memory cached:  102.0
	 epoch  30 training error:  tensor(0.7357, device='cuda:0', grad_fn=<DivBackward0>)
Memory status after this epoch: 
Memory allocated:  69.21826171875
Memory cached:  102.0
	 epoch  40 training error:  tensor(0.7319, device='cuda:0', grad_fn=<DivBackward0>)
Memory status after this epoch: 
Memory allocated:  69.21826171875
Memory cached:  102.0
	 epoch  50 training error:  tensor(0.7291, device='cuda:0', grad_fn=<DivBackward0>)
Memory status after this epoch: 
Memory allocated:  69.21826171875
Memory cached:  102.0
	 epoch  60 training error:  tensor(0.7248, device='cuda:0', grad_fn=<DivBackward0>)
Memory status after this epoch: 
Memory allocated:  69.21826171875
Memory cached:  102.0
	 epoch  70 training error:  tensor(0.7063, device='cuda:0', grad_fn=<DivBackward0>)
Memory status after this epoch: 
Memory allocated:  69.21826171875
Memory cached:  102.0
	 epoch  80 training error:  tensor(0.6270, device='cuda:0', grad_fn=<DivBackward0>)
Memory status after this epoch: 
Memory allocated:  69.21826171875
Memory cached:  102.0
	 epoch  90 training error:  tensor(0.7709, device='cuda:0', grad_fn=<DivBackward0>)
Memory status after this epoch: 
Memory allocated:  69.21826171875
Memory cached:  102.0
[I 2023-12-05 02:32:42,735] Trial 97 finished with value: 0.7202398180961609 and parameters: {'W_layers': 8, 'W_layer_units_exponent_0': 5, 'W_layer_units_exponent_1': 5, 'W_layer_units_exponent_2': 4, 'W_layer_units_exponent_3': 9, 'W_layer_units_exponent_4': 10, 'W_layer_units_exponent_5': 7, 'W_layer_units_exponent_6': 9, 'W_layer_units_exponent_7': 4, 'D_layers': 6, 'D_layer_units_exponent_0': 8, 'D_layer_units_exponent_1': 10, 'D_layer_units_exponent_2': 10, 'D_layer_units_exponent_3': 9, 'D_layer_units_exponent_4': 5, 'D_layer_units_exponent_5': 7, 'log_learning_rate': -3.2367972199944486, 'log_learning_rate_D': -1.566094729827904, 'training_batch_size': 8, 'training_p': 2}. Best is trial 87 with value: 0.5046098232269287.
Time for this trial:  15.76684832572937
Memory status after this trial: 
Memory allocated:  108.14990234375
Memory cached:  142.0
--------------------  Trial  98   --------------------
Start timing: 
Parameters: 
{'W_layers': 7, 'W_layer_units_exponent_0': 7, 'W_layer_units_exponent_1': 6, 'W_layer_units_exponent_2': 5, 'W_layer_units_exponent_3': 10, 'W_layer_units_exponent_4': 5, 'W_layer_units_exponent_5': 7, 'W_layer_units_exponent_6': 10, 'D_layers': 7, 'D_layer_units_exponent_0': 9, 'D_layer_units_exponent_1': 8, 'D_layer_units_exponent_2': 10, 'D_layer_units_exponent_3': 7, 'D_layer_units_exponent_4': 5, 'D_layer_units_exponent_5': 9, 'D_layer_units_exponent_6': 5, 'log_learning_rate': -2.916500178556257, 'log_learning_rate_D': -1.2242653937966603, 'training_batch_size': 7, 'training_p': 3}
	 epoch  0 training error:  tensor(0.9921, device='cuda:0', grad_fn=<DivBackward0>)
Memory status after this epoch: 
Memory allocated:  55.4453125
Memory cached:  82.0
	 epoch  10 training error:  tensor(0.8052, device='cuda:0', grad_fn=<DivBackward0>)
Memory status after this epoch: 
Memory allocated:  55.4453125
Memory cached:  82.0
	 epoch  20 training error:  tensor(0.8060, device='cuda:0', grad_fn=<DivBackward0>)
Memory status after this epoch: 
Memory allocated:  55.4453125
Memory cached:  82.0
	 epoch  30 training error:  tensor(0.7865, device='cuda:0', grad_fn=<DivBackward0>)
Memory status after this epoch: 
Memory allocated:  55.4453125
Memory cached:  82.0
	 epoch  40 training error:  tensor(0.7719, device='cuda:0', grad_fn=<DivBackward0>)
Memory status after this epoch: 
Memory allocated:  55.4453125
Memory cached:  82.0
	 epoch  50 training error:  tensor(0.7403, device='cuda:0', grad_fn=<DivBackward0>)
Memory status after this epoch: 
Memory allocated:  55.4453125
Memory cached:  82.0
	 epoch  60 training error:  tensor(0.6296, device='cuda:0', grad_fn=<DivBackward0>)
Memory status after this epoch: 
Memory allocated:  55.4453125
Memory cached:  82.0
	 epoch  70 training error:  tensor(0.6328, device='cuda:0', grad_fn=<DivBackward0>)
Memory status after this epoch: 
Memory allocated:  55.4453125
Memory cached:  82.0
	 epoch  80 training error:  tensor(0.6286, device='cuda:0', grad_fn=<DivBackward0>)
Memory status after this epoch: 
Memory allocated:  55.4453125
Memory cached:  82.0
	 epoch  90 training error:  tensor(0.6247, device='cuda:0', grad_fn=<DivBackward0>)
Memory status after this epoch: 
Memory allocated:  55.4453125
Memory cached:  82.0
[I 2023-12-05 02:32:58,065] Trial 98 finished with value: 0.5497104525566101 and parameters: {'W_layers': 7, 'W_layer_units_exponent_0': 7, 'W_layer_units_exponent_1': 6, 'W_layer_units_exponent_2': 5, 'W_layer_units_exponent_3': 10, 'W_layer_units_exponent_4': 5, 'W_layer_units_exponent_5': 7, 'W_layer_units_exponent_6': 10, 'D_layers': 7, 'D_layer_units_exponent_0': 9, 'D_layer_units_exponent_1': 8, 'D_layer_units_exponent_2': 10, 'D_layer_units_exponent_3': 7, 'D_layer_units_exponent_4': 5, 'D_layer_units_exponent_5': 9, 'D_layer_units_exponent_6': 5, 'log_learning_rate': -2.916500178556257, 'log_learning_rate_D': -1.2242653937966603, 'training_batch_size': 7, 'training_p': 3}. Best is trial 87 with value: 0.5046098232269287.
Time for this trial:  15.120330572128296
Memory status after this trial: 
Memory allocated:  107.69873046875
Memory cached:  144.0
--------------------  Trial  99   --------------------
Start timing: 
Parameters: 
{'W_layers': 7, 'W_layer_units_exponent_0': 8, 'W_layer_units_exponent_1': 5, 'W_layer_units_exponent_2': 5, 'W_layer_units_exponent_3': 10, 'W_layer_units_exponent_4': 7, 'W_layer_units_exponent_5': 8, 'W_layer_units_exponent_6': 9, 'D_layers': 7, 'D_layer_units_exponent_0': 10, 'D_layer_units_exponent_1': 9, 'D_layer_units_exponent_2': 9, 'D_layer_units_exponent_3': 8, 'D_layer_units_exponent_4': 10, 'D_layer_units_exponent_5': 8, 'D_layer_units_exponent_6': 9, 'log_learning_rate': -3.462877341226877, 'log_learning_rate_D': -2.736603248728458, 'training_batch_size': 6, 'training_p': 2}
	 epoch  0 training error:  tensor(0.9845, device='cuda:0', grad_fn=<DivBackward0>)
Memory status after this epoch: 
Memory allocated:  61.20361328125
Memory cached:  82.0
	 epoch  10 training error:  tensor(0.7390, device='cuda:0', grad_fn=<DivBackward0>)
Memory status after this epoch: 
Memory allocated:  61.20361328125
Memory cached:  82.0
	 epoch  20 training error:  tensor(0.7292, device='cuda:0', grad_fn=<DivBackward0>)
Memory status after this epoch: 
Memory allocated:  61.20361328125
Memory cached:  82.0
	 epoch  30 training error:  tensor(0.7254, device='cuda:0', grad_fn=<DivBackward0>)
Memory status after this epoch: 
Memory allocated:  61.20361328125
Memory cached:  82.0
	 epoch  40 training error:  tensor(0.7124, device='cuda:0', grad_fn=<DivBackward0>)
Memory status after this epoch: 
Memory allocated:  61.20361328125
Memory cached:  82.0
	 epoch  50 training error:  tensor(0.7203, device='cuda:0', grad_fn=<DivBackward0>)
Memory status after this epoch: 
Memory allocated:  61.20361328125
Memory cached:  82.0
	 epoch  60 training error:  tensor(0.5943, device='cuda:0', grad_fn=<DivBackward0>)
Memory status after this epoch: 
Memory allocated:  61.20361328125
Memory cached:  82.0
	 epoch  70 training error:  tensor(0.5889, device='cuda:0', grad_fn=<DivBackward0>)
Memory status after this epoch: 
Memory allocated:  61.20361328125
Memory cached:  82.0
	 epoch  80 training error:  tensor(0.5766, device='cuda:0', grad_fn=<DivBackward0>)
Memory status after this epoch: 
Memory allocated:  61.20361328125
Memory cached:  82.0
	 epoch  90 training error:  tensor(0.5693, device='cuda:0', grad_fn=<DivBackward0>)
Memory status after this epoch: 
Memory allocated:  61.20361328125
Memory cached:  82.0
[I 2023-12-05 02:33:15,308] Trial 99 finished with value: 0.5112863779067993 and parameters: {'W_layers': 7, 'W_layer_units_exponent_0': 8, 'W_layer_units_exponent_1': 5, 'W_layer_units_exponent_2': 5, 'W_layer_units_exponent_3': 10, 'W_layer_units_exponent_4': 7, 'W_layer_units_exponent_5': 8, 'W_layer_units_exponent_6': 9, 'D_layers': 7, 'D_layer_units_exponent_0': 10, 'D_layer_units_exponent_1': 9, 'D_layer_units_exponent_2': 9, 'D_layer_units_exponent_3': 8, 'D_layer_units_exponent_4': 10, 'D_layer_units_exponent_5': 8, 'D_layer_units_exponent_6': 9, 'log_learning_rate': -3.462877341226877, 'log_learning_rate_D': -2.736603248728458, 'training_batch_size': 6, 'training_p': 2}. Best is trial 87 with value: 0.5046098232269287.
Time for this trial:  17.01585626602173
Memory status after this trial: 
Memory allocated:  105.19873046875
Memory cached:  124.0
