[I 2023-12-02 22:47:11,042] Trial 16 finished with value: 0.07125581800937653 and parameters: {'W_layers': 6, 'W_layer_units_exponent_0': 6, 'W_layer_units_exponent_1': 7, 'W_layer_units_exponent_2': 10, 'W_layer_units_exponent_3': 4, 'W_layer_units_exponent_4': 4, 'W_layer_units_exponent_5': 4, 'D_layers': 8, 'D_layer_units_exponent_0': 5, 'D_layer_units_exponent_1': 9, 'D_layer_units_exponent_2': 9, 'D_layer_units_exponent_3': 4, 'D_layer_units_exponent_4': 10, 'D_layer_units_exponent_5': 4, 'D_layer_units_exponent_6': 4, 'D_layer_units_exponent_7': 10, 'D_dagger_layers': 4, 'D_dagger_layer_units_exponent_0': 9, 'D_dagger_layer_units_exponent_1': 8, 'D_dagger_layer_units_exponent_2': 5, 'D_dagger_layer_units_exponent_3': 7, 'log_learning_rate': -3.6376267691178468, 'log_learning_rate_D': -3.7620266059334075, 'log_learning_rate_D_dagger': -2.3912072758889957, 'training_batch_size': 12, 'training_p': 3}. Best is trial 12 with value: 0.06371106207370758.
Time for this trial:  17.791210412979126
Memory status after this trial: 
Memory allocated:  260.02783203125
Memory cached:  268.0
--------------------  Trial  17   --------------------
Start timing: 
Parameters: 
{'W_layers': 3, 'W_layer_units_exponent_0': 8, 'W_layer_units_exponent_1': 9, 'W_layer_units_exponent_2': 9, 'D_layers': 2, 'D_layer_units_exponent_0': 4, 'D_layer_units_exponent_1': 7, 'D_dagger_layers': 3, 'D_dagger_layer_units_exponent_0': 8, 'D_dagger_layer_units_exponent_1': 8, 'D_dagger_layer_units_exponent_2': 4, 'log_learning_rate': -2.384090884540111, 'log_learning_rate_D': -4.396334845552626, 'log_learning_rate_D_dagger': -1.7943589530136597, 'training_batch_size': 11, 'training_p': 2}
	 epoch  0 training error:  tensor(1.6545, device='cuda:0', grad_fn=<DivBackward0>)
Memory status after this epoch: 
Memory allocated:  146.04541015625
Memory cached:  252.0
	 epoch  10 training error:  tensor(0.7247, device='cuda:0', grad_fn=<DivBackward0>)
Memory status after this epoch: 
Memory allocated:  146.04541015625
Memory cached:  252.0
	 epoch  20 training error:  tensor(0.1577, device='cuda:0', grad_fn=<DivBackward0>)
Memory status after this epoch: 
Memory allocated:  146.04541015625
Memory cached:  252.0
	 epoch  30 training error:  tensor(0.1709, device='cuda:0', grad_fn=<DivBackward0>)
Memory status after this epoch: 
Memory allocated:  146.04541015625
Memory cached:  252.0
	 epoch  40 training error:  tensor(0.1779, device='cuda:0', grad_fn=<DivBackward0>)
Memory status after this epoch: 
Memory allocated:  146.04541015625
Memory cached:  252.0
	 epoch  50 training error:  tensor(0.0908, device='cuda:0', grad_fn=<DivBackward0>)
Memory status after this epoch: 
Memory allocated:  146.04541015625
Memory cached:  252.0
	 epoch  60 training error:  tensor(0.0963, device='cuda:0', grad_fn=<DivBackward0>)
Memory status after this epoch: 
Memory allocated:  146.04541015625
Memory cached:  252.0
	 epoch  70 training error:  tensor(0.0780, device='cuda:0', grad_fn=<DivBackward0>)
Memory status after this epoch: 
Memory allocated:  146.04541015625
Memory cached:  252.0
	 epoch  80 training error:  tensor(0.0761, device='cuda:0', grad_fn=<DivBackward0>)
Memory status after this epoch: 
Memory allocated:  146.04541015625
Memory cached:  252.0
	 epoch  90 training error:  tensor(0.0667, device='cuda:0', grad_fn=<DivBackward0>)
Memory status after this epoch: 
Memory allocated:  146.04541015625
Memory cached:  252.0
[I 2023-12-02 22:47:27,133] Trial 17 finished with value: 0.08044984191656113 and parameters: {'W_layers': 3, 'W_layer_units_exponent_0': 8, 'W_layer_units_exponent_1': 9, 'W_layer_units_exponent_2': 9, 'D_layers': 2, 'D_layer_units_exponent_0': 4, 'D_layer_units_exponent_1': 7, 'D_dagger_layers': 3, 'D_dagger_layer_units_exponent_0': 8, 'D_dagger_layer_units_exponent_1': 8, 'D_dagger_layer_units_exponent_2': 4, 'log_learning_rate': -2.384090884540111, 'log_learning_rate_D': -4.396334845552626, 'log_learning_rate_D_dagger': -1.7943589530136597, 'training_batch_size': 11, 'training_p': 2}. Best is trial 12 with value: 0.06371106207370758.
Time for this trial:  15.917476892471313
Memory status after this trial: 
Memory allocated:  237.83251953125
Memory cached:  252.0
--------------------  Trial  18   --------------------
Start timing: 
Parameters: 
{'W_layers': 5, 'W_layer_units_exponent_0': 7, 'W_layer_units_exponent_1': 7, 'W_layer_units_exponent_2': 8, 'W_layer_units_exponent_3': 8, 'W_layer_units_exponent_4': 10, 'D_layers': 3, 'D_layer_units_exponent_0': 5, 'D_layer_units_exponent_1': 5, 'D_layer_units_exponent_2': 6, 'D_dagger_layers': 4, 'D_dagger_layer_units_exponent_0': 10, 'D_dagger_layer_units_exponent_1': 5, 'D_dagger_layer_units_exponent_2': 6, 'D_dagger_layer_units_exponent_3': 4, 'log_learning_rate': -3.287312634607676, 'log_learning_rate_D': -4.742527049136459, 'log_learning_rate_D_dagger': -1.2316907542087305, 'training_batch_size': 8, 'training_p': 5}
	 epoch  0 training error:  tensor(0.8886, device='cuda:0', grad_fn=<DivBackward0>)
Memory status after this epoch: 
Memory allocated:  145.3212890625
Memory cached:  252.0
	 epoch  10 training error:  tensor(1.8048, device='cuda:0', grad_fn=<DivBackward0>)
Memory status after this epoch: 
Memory allocated:  145.3212890625
Memory cached:  254.0
	 epoch  20 training error:  tensor(0.6721, device='cuda:0', grad_fn=<DivBackward0>)
Memory status after this epoch: 
Memory allocated:  145.3212890625
Memory cached:  254.0
	 epoch  30 training error:  tensor(0.2838, device='cuda:0', grad_fn=<DivBackward0>)
Memory status after this epoch: 
Memory allocated:  145.3212890625
Memory cached:  254.0
	 epoch  40 training error:  tensor(0.1454, device='cuda:0', grad_fn=<DivBackward0>)
Memory status after this epoch: 
Memory allocated:  145.3212890625
Memory cached:  254.0
	 epoch  50 training error:  tensor(0.1408, device='cuda:0', grad_fn=<DivBackward0>)
Memory status after this epoch: 
Memory allocated:  145.3212890625
Memory cached:  254.0
	 epoch  60 training error:  tensor(0.1397, device='cuda:0', grad_fn=<DivBackward0>)
Memory status after this epoch: 
Memory allocated:  145.3212890625
Memory cached:  254.0
	 epoch  70 training error:  tensor(0.1382, device='cuda:0', grad_fn=<DivBackward0>)
Memory status after this epoch: 
Memory allocated:  145.3212890625
Memory cached:  254.0
	 epoch  80 training error:  tensor(0.1374, device='cuda:0', grad_fn=<DivBackward0>)
Memory status after this epoch: 
Memory allocated:  145.3212890625
Memory cached:  254.0
	 epoch  90 training error:  tensor(0.1372, device='cuda:0', grad_fn=<DivBackward0>)
Memory status after this epoch: 
Memory allocated:  145.3212890625
Memory cached:  254.0
[I 2023-12-02 22:47:44,855] Trial 18 finished with value: 0.1295495331287384 and parameters: {'W_layers': 5, 'W_layer_units_exponent_0': 7, 'W_layer_units_exponent_1': 7, 'W_layer_units_exponent_2': 8, 'W_layer_units_exponent_3': 8, 'W_layer_units_exponent_4': 10, 'D_layers': 3, 'D_layer_units_exponent_0': 5, 'D_layer_units_exponent_1': 5, 'D_layer_units_exponent_2': 6, 'D_dagger_layers': 4, 'D_dagger_layer_units_exponent_0': 10, 'D_dagger_layer_units_exponent_1': 5, 'D_dagger_layer_units_exponent_2': 6, 'D_dagger_layer_units_exponent_3': 4, 'log_learning_rate': -3.287312634607676, 'log_learning_rate_D': -4.742527049136459, 'log_learning_rate_D_dagger': -1.2316907542087305, 'training_batch_size': 8, 'training_p': 5}. Best is trial 12 with value: 0.06371106207370758.
Time for this trial:  17.521843433380127
Memory status after this trial: 
Memory allocated:  293.75146484375
Memory cached:  324.0
--------------------  Trial  19   --------------------
Start timing: 
Parameters: 
{'W_layers': 8, 'W_layer_units_exponent_0': 9, 'W_layer_units_exponent_1': 5, 'W_layer_units_exponent_2': 10, 'W_layer_units_exponent_3': 5, 'W_layer_units_exponent_4': 6, 'W_layer_units_exponent_5': 4, 'W_layer_units_exponent_6': 4, 'W_layer_units_exponent_7': 8, 'D_layers': 5, 'D_layer_units_exponent_0': 7, 'D_layer_units_exponent_1': 8, 'D_layer_units_exponent_2': 5, 'D_layer_units_exponent_3': 9, 'D_layer_units_exponent_4': 4, 'D_dagger_layers': 2, 'D_dagger_layer_units_exponent_0': 9, 'D_dagger_layer_units_exponent_1': 9, 'log_learning_rate': -3.99991682987621, 'log_learning_rate_D': -4.144822013773761, 'log_learning_rate_D_dagger': -2.5362473376879233, 'training_batch_size': 10, 'training_p': 3}
	 epoch  0 training error:  tensor(0.4452, device='cuda:0', grad_fn=<DivBackward0>)
Memory status after this epoch: 
Memory allocated:  144.625
Memory cached:  256.0
	 epoch  10 training error:  tensor(1.1484, device='cuda:0', grad_fn=<DivBackward0>)
Memory status after this epoch: 
Memory allocated:  144.625
Memory cached:  258.0
	 epoch  20 training error:  tensor(2.0994, device='cuda:0', grad_fn=<DivBackward0>)
Memory status after this epoch: 
Memory allocated:  144.625
Memory cached:  258.0
	 epoch  30 training error:  tensor(0.2557, device='cuda:0', grad_fn=<DivBackward0>)
Memory status after this epoch: 
Memory allocated:  144.625
Memory cached:  258.0
	 epoch  40 training error:  tensor(0.1901, device='cuda:0', grad_fn=<DivBackward0>)
Memory status after this epoch: 
Memory allocated:  144.625
Memory cached:  258.0
	 epoch  50 training error:  tensor(0.1161, device='cuda:0', grad_fn=<DivBackward0>)
Memory status after this epoch: 
Memory allocated:  144.625
Memory cached:  258.0
	 epoch  60 training error:  tensor(0.0897, device='cuda:0', grad_fn=<DivBackward0>)
Memory status after this epoch: 
Memory allocated:  144.625
Memory cached:  258.0
	 epoch  70 training error:  tensor(0.0697, device='cuda:0', grad_fn=<DivBackward0>)
Memory status after this epoch: 
Memory allocated:  144.625
Memory cached:  258.0
	 epoch  80 training error:  tensor(0.0770, device='cuda:0', grad_fn=<DivBackward0>)
Memory status after this epoch: 
Memory allocated:  144.625
Memory cached:  258.0
	 epoch  90 training error:  tensor(0.0746, device='cuda:0', grad_fn=<DivBackward0>)
Memory status after this epoch: 
Memory allocated:  144.625
Memory cached:  258.0
[I 2023-12-02 22:48:03,566] Trial 19 finished with value: 0.06906194239854813 and parameters: {'W_layers': 8, 'W_layer_units_exponent_0': 9, 'W_layer_units_exponent_1': 5, 'W_layer_units_exponent_2': 10, 'W_layer_units_exponent_3': 5, 'W_layer_units_exponent_4': 6, 'W_layer_units_exponent_5': 4, 'W_layer_units_exponent_6': 4, 'W_layer_units_exponent_7': 8, 'D_layers': 5, 'D_layer_units_exponent_0': 7, 'D_layer_units_exponent_1': 8, 'D_layer_units_exponent_2': 5, 'D_layer_units_exponent_3': 9, 'D_layer_units_exponent_4': 4, 'D_dagger_layers': 2, 'D_dagger_layer_units_exponent_0': 9, 'D_dagger_layer_units_exponent_1': 9, 'log_learning_rate': -3.99991682987621, 'log_learning_rate_D': -4.144822013773761, 'log_learning_rate_D_dagger': -2.5362473376879233, 'training_batch_size': 10, 'training_p': 3}. Best is trial 12 with value: 0.06371106207370758.
Time for this trial:  18.492538452148438
Memory status after this trial: 
Memory allocated:  298.85888671875
Memory cached:  312.0
--------------------  Trial  20   --------------------
Start timing: 
Parameters: 
{'W_layers': 4, 'W_layer_units_exponent_0': 6, 'W_layer_units_exponent_1': 8, 'W_layer_units_exponent_2': 8, 'W_layer_units_exponent_3': 8, 'D_layers': 7, 'D_layer_units_exponent_0': 6, 'D_layer_units_exponent_1': 5, 'D_layer_units_exponent_2': 9, 'D_layer_units_exponent_3': 6, 'D_layer_units_exponent_4': 9, 'D_layer_units_exponent_5': 6, 'D_layer_units_exponent_6': 5, 'D_dagger_layers': 5, 'D_dagger_layer_units_exponent_0': 7, 'D_dagger_layer_units_exponent_1': 7, 'D_dagger_layer_units_exponent_2': 5, 'D_dagger_layer_units_exponent_3': 6, 'D_dagger_layer_units_exponent_4': 6, 'log_learning_rate': -2.767566420693697, 'log_learning_rate_D': -3.6985481111564376, 'log_learning_rate_D_dagger': -3.3931102650432456, 'training_batch_size': 12, 'training_p': 3}
	 epoch  0 training error:  tensor(1.4490, device='cuda:0', grad_fn=<DivBackward0>)
Memory status after this epoch: 
Memory allocated:  142.076171875
Memory cached:  252.0
	 epoch  10 training error:  tensor(0.2793, device='cuda:0', grad_fn=<DivBackward0>)
Memory status after this epoch: 
Memory allocated:  142.076171875
Memory cached:  252.0
	 epoch  20 training error:  tensor(0.2700, device='cuda:0', grad_fn=<DivBackward0>)
Memory status after this epoch: 
Memory allocated:  142.076171875
Memory cached:  252.0
	 epoch  30 training error:  tensor(0.1678, device='cuda:0', grad_fn=<DivBackward0>)
Memory status after this epoch: 
Memory allocated:  142.076171875
Memory cached:  252.0
	 epoch  40 training error:  tensor(0.1128, device='cuda:0', grad_fn=<DivBackward0>)
Memory status after this epoch: 
Memory allocated:  142.076171875
Memory cached:  252.0
	 epoch  50 training error:  tensor(0.0788, device='cuda:0', grad_fn=<DivBackward0>)
Memory status after this epoch: 
Memory allocated:  142.076171875
Memory cached:  252.0
	 epoch  60 training error:  tensor(0.0778, device='cuda:0', grad_fn=<DivBackward0>)
Memory status after this epoch: 
Memory allocated:  142.076171875
Memory cached:  252.0
	 epoch  70 training error:  tensor(0.0749, device='cuda:0', grad_fn=<DivBackward0>)
Memory status after this epoch: 
Memory allocated:  142.076171875
Memory cached:  252.0
	 epoch  80 training error:  tensor(0.0730, device='cuda:0', grad_fn=<DivBackward0>)
Memory status after this epoch: 
Memory allocated:  142.076171875
Memory cached:  252.0
	 epoch  90 training error:  tensor(0.0723, device='cuda:0', grad_fn=<DivBackward0>)
Memory status after this epoch: 
Memory allocated:  142.076171875
Memory cached:  252.0
[I 2023-12-02 22:48:19,356] Trial 20 finished with value: 0.07209237664937973 and parameters: {'W_layers': 4, 'W_layer_units_exponent_0': 6, 'W_layer_units_exponent_1': 8, 'W_layer_units_exponent_2': 8, 'W_layer_units_exponent_3': 8, 'D_layers': 7, 'D_layer_units_exponent_0': 6, 'D_layer_units_exponent_1': 5, 'D_layer_units_exponent_2': 9, 'D_layer_units_exponent_3': 6, 'D_layer_units_exponent_4': 9, 'D_layer_units_exponent_5': 6, 'D_layer_units_exponent_6': 5, 'D_dagger_layers': 5, 'D_dagger_layer_units_exponent_0': 7, 'D_dagger_layer_units_exponent_1': 7, 'D_dagger_layer_units_exponent_2': 5, 'D_dagger_layer_units_exponent_3': 6, 'D_dagger_layer_units_exponent_4': 6, 'log_learning_rate': -2.767566420693697, 'log_learning_rate_D': -3.6985481111564376, 'log_learning_rate_D_dagger': -3.3931102650432456, 'training_batch_size': 12, 'training_p': 3}. Best is trial 12 with value: 0.06371106207370758.
Time for this trial:  15.570701122283936
Memory status after this trial: 
Memory allocated:  206.83349609375
Memory cached:  270.0
--------------------  Trial  21   --------------------
Start timing: 
Parameters: 
{'W_layers': 6, 'W_layer_units_exponent_0': 9, 'W_layer_units_exponent_1': 5, 'W_layer_units_exponent_2': 10, 'W_layer_units_exponent_3': 5, 'W_layer_units_exponent_4': 6, 'W_layer_units_exponent_5': 4, 'D_layers': 5, 'D_layer_units_exponent_0': 7, 'D_layer_units_exponent_1': 8, 'D_layer_units_exponent_2': 5, 'D_layer_units_exponent_3': 9, 'D_layer_units_exponent_4': 4, 'D_dagger_layers': 2, 'D_dagger_layer_units_exponent_0': 9, 'D_dagger_layer_units_exponent_1': 9, 'log_learning_rate': -3.877811437904969, 'log_learning_rate_D': -4.996210874723551, 'log_learning_rate_D_dagger': -2.2713263935335752, 'training_batch_size': 10, 'training_p': 3}
	 epoch  0 training error:  tensor(1.0253, device='cuda:0', grad_fn=<DivBackward0>)
Memory status after this epoch: 
Memory allocated:  144.55078125
Memory cached:  254.0
	 epoch  10 training error:  tensor(5.8688, device='cuda:0', grad_fn=<DivBackward0>)
Memory status after this epoch: 
Memory allocated:  144.55078125
Memory cached:  258.0
	 epoch  20 training error:  tensor(0.8885, device='cuda:0', grad_fn=<DivBackward0>)
Memory status after this epoch: 
Memory allocated:  144.55078125
Memory cached:  258.0
	 epoch  30 training error:  tensor(0.3982, device='cuda:0', grad_fn=<DivBackward0>)
Memory status after this epoch: 
Memory allocated:  144.55078125
Memory cached:  258.0
	 epoch  40 training error:  tensor(0.1708, device='cuda:0', grad_fn=<DivBackward0>)
Memory status after this epoch: 
Memory allocated:  144.55078125
Memory cached:  258.0
	 epoch  50 training error:  tensor(0.1115, device='cuda:0', grad_fn=<DivBackward0>)
Memory status after this epoch: 
Memory allocated:  144.55078125
Memory cached:  258.0
	 epoch  60 training error:  tensor(0.0766, device='cuda:0', grad_fn=<DivBackward0>)
Memory status after this epoch: 
Memory allocated:  144.55078125
Memory cached:  258.0
	 epoch  70 training error:  tensor(0.0780, device='cuda:0', grad_fn=<DivBackward0>)
Memory status after this epoch: 
Memory allocated:  144.55078125
Memory cached:  258.0
	 epoch  80 training error:  tensor(0.0747, device='cuda:0', grad_fn=<DivBackward0>)
Memory status after this epoch: 
Memory allocated:  144.55078125
Memory cached:  258.0
	 epoch  90 training error:  tensor(0.0731, device='cuda:0', grad_fn=<DivBackward0>)
Memory status after this epoch: 
Memory allocated:  144.55078125
Memory cached:  258.0
[I 2023-12-02 22:48:37,418] Trial 21 finished with value: 0.07356695085763931 and parameters: {'W_layers': 6, 'W_layer_units_exponent_0': 9, 'W_layer_units_exponent_1': 5, 'W_layer_units_exponent_2': 10, 'W_layer_units_exponent_3': 5, 'W_layer_units_exponent_4': 6, 'W_layer_units_exponent_5': 4, 'D_layers': 5, 'D_layer_units_exponent_0': 7, 'D_layer_units_exponent_1': 8, 'D_layer_units_exponent_2': 5, 'D_layer_units_exponent_3': 9, 'D_layer_units_exponent_4': 4, 'D_dagger_layers': 2, 'D_dagger_layer_units_exponent_0': 9, 'D_dagger_layer_units_exponent_1': 9, 'log_learning_rate': -3.877811437904969, 'log_learning_rate_D': -4.996210874723551, 'log_learning_rate_D_dagger': -2.2713263935335752, 'training_batch_size': 10, 'training_p': 3}. Best is trial 12 with value: 0.06371106207370758.
Time for this trial:  17.860587120056152
Memory status after this trial: 
Memory allocated:  284.72021484375
Memory cached:  312.0
--------------------  Trial  22   --------------------
Start timing: 
Parameters: 
{'W_layers': 8, 'W_layer_units_exponent_0': 10, 'W_layer_units_exponent_1': 5, 'W_layer_units_exponent_2': 10, 'W_layer_units_exponent_3': 5, 'W_layer_units_exponent_4': 8, 'W_layer_units_exponent_5': 5, 'W_layer_units_exponent_6': 4, 'W_layer_units_exponent_7': 8, 'D_layers': 4, 'D_layer_units_exponent_0': 8, 'D_layer_units_exponent_1': 8, 'D_layer_units_exponent_2': 5, 'D_layer_units_exponent_3': 9, 'D_dagger_layers': 3, 'D_dagger_layer_units_exponent_0': 10, 'D_dagger_layer_units_exponent_1': 10, 'D_dagger_layer_units_exponent_2': 4, 'log_learning_rate': -4.241610041104024, 'log_learning_rate_D': -4.236617940229778, 'log_learning_rate_D_dagger': -2.4991707177643763, 'training_batch_size': 11, 'training_p': 2}
	 epoch  0 training error:  tensor(1.5474, device='cuda:0', grad_fn=<DivBackward0>)
Memory status after this epoch: 
Memory allocated:  158.58935546875
Memory cached:  256.0
	 epoch  10 training error:  tensor(0.8722, device='cuda:0', grad_fn=<DivBackward0>)
Memory status after this epoch: 
Memory allocated:  158.58935546875
Memory cached:  258.0
	 epoch  20 training error:  tensor(0.4374, device='cuda:0', grad_fn=<DivBackward0>)
Memory status after this epoch: 
Memory allocated:  158.58935546875
Memory cached:  258.0
	 epoch  30 training error:  tensor(0.1994, device='cuda:0', grad_fn=<DivBackward0>)
Memory status after this epoch: 
Memory allocated:  158.58935546875
Memory cached:  256.0
	 epoch  40 training error:  tensor(0.1412, device='cuda:0', grad_fn=<DivBackward0>)
Memory status after this epoch: 
Memory allocated:  158.58935546875
Memory cached:  258.0
	 epoch  50 training error:  tensor(0.1178, device='cuda:0', grad_fn=<DivBackward0>)
Memory status after this epoch: 
Memory allocated:  158.58935546875
Memory cached:  258.0
	 epoch  60 training error:  tensor(0.1140, device='cuda:0', grad_fn=<DivBackward0>)
Memory status after this epoch: 
Memory allocated:  158.58935546875
Memory cached:  258.0
	 epoch  70 training error:  tensor(0.1134, device='cuda:0', grad_fn=<DivBackward0>)
Memory status after this epoch: 
Memory allocated:  158.58935546875
Memory cached:  256.0
	 epoch  80 training error:  tensor(0.1135, device='cuda:0', grad_fn=<DivBackward0>)
Memory status after this epoch: 
Memory allocated:  158.58935546875
Memory cached:  258.0
	 epoch  90 training error:  tensor(0.1136, device='cuda:0', grad_fn=<DivBackward0>)
Memory status after this epoch: 
Memory allocated:  158.58935546875
Memory cached:  258.0
