[I 2024-01-14 00:21:06,666] Trial 96 finished with value: 0.09118809551000595 and parameters: {'W_layers': 3, 'W_layer_units_exponent_0': 5, 'W_layer_units_exponent_1': 5, 'W_layer_units_exponent_2': 8, 'D_layers': 2, 'D_layer_units_exponent_0': 9, 'D_layer_units_exponent_1': 6, 'D_dagger_layers': 4, 'D_dagger_layer_units_exponent_0': 8, 'D_dagger_layer_units_exponent_1': 8, 'D_dagger_layer_units_exponent_2': 6, 'D_dagger_layer_units_exponent_3': 4, 'log_learning_rate': -1.6849071026628692, 'log_learning_rate_D': -3.5795331234766707, 'log_learning_rate_D_dagger': -2.898681922502778, 'training_batch_size': 9, 'training_p': 5}. Best is trial 33 with value: 0.08818560093641281.
Time for this trial:  19.144606113433838
Memory status after this trial: 
Memory allocated:  355.83642578125
Memory cached:  382.0
--------------------  Trial  97   --------------------
Start timing: 
Parameters: 
{'W_layers': 2, 'W_layer_units_exponent_0': 4, 'W_layer_units_exponent_1': 4, 'D_layers': 2, 'D_layer_units_exponent_0': 9, 'D_layer_units_exponent_1': 5, 'D_dagger_layers': 3, 'D_dagger_layer_units_exponent_0': 9, 'D_dagger_layer_units_exponent_1': 7, 'D_dagger_layer_units_exponent_2': 5, 'log_learning_rate': -1.7396822691257707, 'log_learning_rate_D': -3.4386388991454457, 'log_learning_rate_D_dagger': -3.365732407617073, 'training_batch_size': 9, 'training_p': 2}
	 epoch  0 training error:  tensor(1.1230, device='cuda:0', grad_fn=<DivBackward0>)
Memory status after this epoch: 
Memory allocated:  259.15576171875
Memory cached:  382.0
	 epoch  10 training error:  tensor(0.2909, device='cuda:0', grad_fn=<DivBackward0>)
Memory status after this epoch: 
Memory allocated:  259.15576171875
Memory cached:  382.0
	 epoch  20 training error:  tensor(0.1594, device='cuda:0', grad_fn=<DivBackward0>)
Memory status after this epoch: 
Memory allocated:  259.15576171875
Memory cached:  382.0
	 epoch  30 training error:  tensor(0.1135, device='cuda:0', grad_fn=<DivBackward0>)
Memory status after this epoch: 
Memory allocated:  259.15576171875
Memory cached:  382.0
	 epoch  40 training error:  tensor(0.0967, device='cuda:0', grad_fn=<DivBackward0>)
Memory status after this epoch: 
Memory allocated:  259.15576171875
Memory cached:  382.0
	 epoch  50 training error:  tensor(0.0869, device='cuda:0', grad_fn=<DivBackward0>)
Memory status after this epoch: 
Memory allocated:  259.15576171875
Memory cached:  382.0
	 epoch  60 training error:  tensor(0.0847, device='cuda:0', grad_fn=<DivBackward0>)
Memory status after this epoch: 
Memory allocated:  259.15576171875
Memory cached:  382.0
	 epoch  70 training error:  tensor(0.0839, device='cuda:0', grad_fn=<DivBackward0>)
Memory status after this epoch: 
Memory allocated:  259.15576171875
Memory cached:  382.0
	 epoch  80 training error:  tensor(0.0834, device='cuda:0', grad_fn=<DivBackward0>)
Memory status after this epoch: 
Memory allocated:  259.15576171875
Memory cached:  382.0
	 epoch  90 training error:  tensor(0.0833, device='cuda:0', grad_fn=<DivBackward0>)
Memory status after this epoch: 
Memory allocated:  259.15576171875
Memory cached:  382.0
[I 2024-01-14 00:21:25,504] Trial 97 finished with value: 0.08854400366544724 and parameters: {'W_layers': 2, 'W_layer_units_exponent_0': 4, 'W_layer_units_exponent_1': 4, 'D_layers': 2, 'D_layer_units_exponent_0': 9, 'D_layer_units_exponent_1': 5, 'D_dagger_layers': 3, 'D_dagger_layer_units_exponent_0': 9, 'D_dagger_layer_units_exponent_1': 7, 'D_dagger_layer_units_exponent_2': 5, 'log_learning_rate': -1.7396822691257707, 'log_learning_rate_D': -3.4386388991454457, 'log_learning_rate_D_dagger': -3.365732407617073, 'training_batch_size': 9, 'training_p': 2}. Best is trial 33 with value: 0.08818560093641281.
Time for this trial:  18.51048254966736
Memory status after this trial: 
Memory allocated:  334.80419921875
Memory cached:  382.0
--------------------  Trial  98   --------------------
Start timing: 
Parameters: 
{'W_layers': 3, 'W_layer_units_exponent_0': 4, 'W_layer_units_exponent_1': 4, 'W_layer_units_exponent_2': 9, 'D_layers': 2, 'D_layer_units_exponent_0': 9, 'D_layer_units_exponent_1': 5, 'D_dagger_layers': 4, 'D_dagger_layer_units_exponent_0': 10, 'D_dagger_layer_units_exponent_1': 9, 'D_dagger_layer_units_exponent_2': 6, 'D_dagger_layer_units_exponent_3': 4, 'log_learning_rate': -1.5686435388212592, 'log_learning_rate_D': -3.6631236244320924, 'log_learning_rate_D_dagger': -2.8352119288891444, 'training_batch_size': 8, 'training_p': 2}
	 epoch  0 training error:  tensor(1.4167, device='cuda:0', grad_fn=<DivBackward0>)
Memory status after this epoch: 
Memory allocated:  267.14599609375
Memory cached:  384.0
	 epoch  10 training error:  tensor(1.1580, device='cuda:0', grad_fn=<DivBackward0>)
Memory status after this epoch: 
Memory allocated:  267.14599609375
Memory cached:  384.0
	 epoch  20 training error:  tensor(0.3399, device='cuda:0', grad_fn=<DivBackward0>)
Memory status after this epoch: 
Memory allocated:  267.14599609375
Memory cached:  384.0
	 epoch  30 training error:  tensor(0.1518, device='cuda:0', grad_fn=<DivBackward0>)
Memory status after this epoch: 
Memory allocated:  267.14599609375
Memory cached:  384.0
	 epoch  40 training error:  tensor(0.1091, device='cuda:0', grad_fn=<DivBackward0>)
Memory status after this epoch: 
Memory allocated:  267.14599609375
Memory cached:  384.0
	 epoch  50 training error:  tensor(0.0870, device='cuda:0', grad_fn=<DivBackward0>)
Memory status after this epoch: 
Memory allocated:  267.14599609375
Memory cached:  384.0
	 epoch  60 training error:  tensor(0.0907, device='cuda:0', grad_fn=<DivBackward0>)
Memory status after this epoch: 
Memory allocated:  267.14599609375
Memory cached:  384.0
	 epoch  70 training error:  tensor(0.0870, device='cuda:0', grad_fn=<DivBackward0>)
Memory status after this epoch: 
Memory allocated:  267.14599609375
Memory cached:  384.0
	 epoch  80 training error:  tensor(0.0850, device='cuda:0', grad_fn=<DivBackward0>)
Memory status after this epoch: 
Memory allocated:  267.14599609375
Memory cached:  384.0
	 epoch  90 training error:  tensor(0.0848, device='cuda:0', grad_fn=<DivBackward0>)
Memory status after this epoch: 
Memory allocated:  267.14599609375
Memory cached:  384.0
[I 2024-01-14 00:21:46,820] Trial 98 finished with value: 0.09075620770454407 and parameters: {'W_layers': 3, 'W_layer_units_exponent_0': 4, 'W_layer_units_exponent_1': 4, 'W_layer_units_exponent_2': 9, 'D_layers': 2, 'D_layer_units_exponent_0': 9, 'D_layer_units_exponent_1': 5, 'D_dagger_layers': 4, 'D_dagger_layer_units_exponent_0': 10, 'D_dagger_layer_units_exponent_1': 9, 'D_dagger_layer_units_exponent_2': 6, 'D_dagger_layer_units_exponent_3': 4, 'log_learning_rate': -1.5686435388212592, 'log_learning_rate_D': -3.6631236244320924, 'log_learning_rate_D_dagger': -2.8352119288891444, 'training_batch_size': 8, 'training_p': 2}. Best is trial 33 with value: 0.08818560093641281.
Time for this trial:  21.02878975868225
Memory status after this trial: 
Memory allocated:  488.39892578125
Memory cached:  556.0
--------------------  Trial  99   --------------------
Start timing: 
Parameters: 
{'W_layers': 3, 'W_layer_units_exponent_0': 4, 'W_layer_units_exponent_1': 4, 'W_layer_units_exponent_2': 9, 'D_layers': 2, 'D_layer_units_exponent_0': 8, 'D_layer_units_exponent_1': 5, 'D_dagger_layers': 4, 'D_dagger_layer_units_exponent_0': 10, 'D_dagger_layer_units_exponent_1': 8, 'D_dagger_layer_units_exponent_2': 7, 'D_dagger_layer_units_exponent_3': 4, 'log_learning_rate': -1.445092088050183, 'log_learning_rate_D': -3.301993403266533, 'log_learning_rate_D_dagger': -2.7373094057097203, 'training_batch_size': 9, 'training_p': 2}
	 epoch  0 training error:  tensor(0.8634, device='cuda:0', grad_fn=<DivBackward0>)
Memory status after this epoch: 
Memory allocated:  262.75048828125
Memory cached:  384.0
	 epoch  10 training error:  tensor(0.5746, device='cuda:0', grad_fn=<DivBackward0>)
Memory status after this epoch: 
Memory allocated:  262.75048828125
Memory cached:  384.0
	 epoch  20 training error:  tensor(0.1980, device='cuda:0', grad_fn=<DivBackward0>)
Memory status after this epoch: 
Memory allocated:  262.75048828125
Memory cached:  384.0
	 epoch  30 training error:  tensor(0.1788, device='cuda:0', grad_fn=<DivBackward0>)
Memory status after this epoch: 
Memory allocated:  262.75048828125
Memory cached:  384.0
	 epoch  40 training error:  tensor(0.1077, device='cuda:0', grad_fn=<DivBackward0>)
Memory status after this epoch: 
Memory allocated:  262.75048828125
Memory cached:  384.0
	 epoch  50 training error:  tensor(0.0876, device='cuda:0', grad_fn=<DivBackward0>)
Memory status after this epoch: 
Memory allocated:  262.75048828125
Memory cached:  384.0
	 epoch  60 training error:  tensor(0.0870, device='cuda:0', grad_fn=<DivBackward0>)
Memory status after this epoch: 
Memory allocated:  262.75048828125
Memory cached:  384.0
	 epoch  70 training error:  tensor(0.0839, device='cuda:0', grad_fn=<DivBackward0>)
Memory status after this epoch: 
Memory allocated:  262.75048828125
Memory cached:  384.0
	 epoch  80 training error:  tensor(0.0838, device='cuda:0', grad_fn=<DivBackward0>)
Memory status after this epoch: 
Memory allocated:  262.75048828125
Memory cached:  384.0
	 epoch  90 training error:  tensor(0.0833, device='cuda:0', grad_fn=<DivBackward0>)
Memory status after this epoch: 
Memory allocated:  262.75048828125
Memory cached:  384.0
[I 2024-01-14 00:22:08,373] Trial 99 finished with value: 0.08851919323205948 and parameters: {'W_layers': 3, 'W_layer_units_exponent_0': 4, 'W_layer_units_exponent_1': 4, 'W_layer_units_exponent_2': 9, 'D_layers': 2, 'D_layer_units_exponent_0': 8, 'D_layer_units_exponent_1': 5, 'D_dagger_layers': 4, 'D_dagger_layer_units_exponent_0': 10, 'D_dagger_layer_units_exponent_1': 8, 'D_dagger_layer_units_exponent_2': 7, 'D_dagger_layer_units_exponent_3': 4, 'log_learning_rate': -1.445092088050183, 'log_learning_rate_D': -3.301993403266533, 'log_learning_rate_D_dagger': -2.7373094057097203, 'training_batch_size': 9, 'training_p': 2}. Best is trial 33 with value: 0.08818560093641281.
Time for this trial:  21.191921710968018
Memory status after this trial: 
Memory allocated:  468.05322265625
Memory cached:  504.0
--------------------  Trial  100   --------------------
Start timing: 
Parameters: 
{'W_layers': 2, 'W_layer_units_exponent_0': 5, 'W_layer_units_exponent_1': 4, 'D_layers': 3, 'D_layer_units_exponent_0': 9, 'D_layer_units_exponent_1': 6, 'D_layer_units_exponent_2': 6, 'D_dagger_layers': 3, 'D_dagger_layer_units_exponent_0': 9, 'D_dagger_layer_units_exponent_1': 9, 'D_dagger_layer_units_exponent_2': 5, 'log_learning_rate': -1.2694474022007005, 'log_learning_rate_D': -3.201566741047703, 'log_learning_rate_D_dagger': -3.091372539648405, 'training_batch_size': 9, 'training_p': 3}
	 epoch  0 training error:  tensor(1.0697, device='cuda:0', grad_fn=<DivBackward0>)
Memory status after this epoch: 
Memory allocated:  262.431640625
Memory cached:  382.0
	 epoch  10 training error:  tensor(0.2942, device='cuda:0', grad_fn=<DivBackward0>)
Memory status after this epoch: 
Memory allocated:  262.431640625
Memory cached:  382.0
	 epoch  20 training error:  tensor(0.1925, device='cuda:0', grad_fn=<DivBackward0>)
Memory status after this epoch: 
Memory allocated:  262.431640625
Memory cached:  382.0
	 epoch  30 training error:  tensor(0.1421, device='cuda:0', grad_fn=<DivBackward0>)
Memory status after this epoch: 
Memory allocated:  262.431640625
Memory cached:  382.0
	 epoch  40 training error:  tensor(0.1029, device='cuda:0', grad_fn=<DivBackward0>)
Memory status after this epoch: 
Memory allocated:  262.431640625
Memory cached:  382.0
	 epoch  50 training error:  tensor(0.1004, device='cuda:0', grad_fn=<DivBackward0>)
Memory status after this epoch: 
Memory allocated:  262.431640625
Memory cached:  382.0
	 epoch  60 training error:  tensor(0.0966, device='cuda:0', grad_fn=<DivBackward0>)
Memory status after this epoch: 
Memory allocated:  262.431640625
Memory cached:  382.0
	 epoch  70 training error:  tensor(0.0966, device='cuda:0', grad_fn=<DivBackward0>)
Memory status after this epoch: 
Memory allocated:  262.431640625
Memory cached:  382.0
	 epoch  80 training error:  tensor(0.0960, device='cuda:0', grad_fn=<DivBackward0>)
Memory status after this epoch: 
Memory allocated:  262.431640625
Memory cached:  382.0
	 epoch  90 training error:  tensor(0.0960, device='cuda:0', grad_fn=<DivBackward0>)
Memory status after this epoch: 
Memory allocated:  262.431640625
Memory cached:  382.0
[I 2024-01-14 00:22:27,945] Trial 100 finished with value: 0.0894162580370903 and parameters: {'W_layers': 2, 'W_layer_units_exponent_0': 5, 'W_layer_units_exponent_1': 4, 'D_layers': 3, 'D_layer_units_exponent_0': 9, 'D_layer_units_exponent_1': 6, 'D_layer_units_exponent_2': 6, 'D_dagger_layers': 3, 'D_dagger_layer_units_exponent_0': 9, 'D_dagger_layer_units_exponent_1': 9, 'D_dagger_layer_units_exponent_2': 5, 'log_learning_rate': -1.2694474022007005, 'log_learning_rate_D': -3.201566741047703, 'log_learning_rate_D_dagger': -3.091372539648405, 'training_batch_size': 9, 'training_p': 3}. Best is trial 33 with value: 0.08818560093641281.
Time for this trial:  19.229394912719727
Memory status after this trial: 
Memory allocated:  378.56494140625
Memory cached:  438.0
--------------------  Trial  101   --------------------
Start timing: 
Parameters: 
{'W_layers': 4, 'W_layer_units_exponent_0': 4, 'W_layer_units_exponent_1': 4, 'W_layer_units_exponent_2': 9, 'W_layer_units_exponent_3': 9, 'D_layers': 2, 'D_layer_units_exponent_0': 10, 'D_layer_units_exponent_1': 4, 'D_dagger_layers': 5, 'D_dagger_layer_units_exponent_0': 10, 'D_dagger_layer_units_exponent_1': 9, 'D_dagger_layer_units_exponent_2': 6, 'D_dagger_layer_units_exponent_3': 4, 'D_dagger_layer_units_exponent_4': 6, 'log_learning_rate': -1.3618713397114264, 'log_learning_rate_D': -3.775322191371009, 'log_learning_rate_D_dagger': -3.1739066573782413, 'training_batch_size': 10, 'training_p': 2}
	 epoch  0 training error:  tensor(0.8671, device='cuda:0', grad_fn=<DivBackward0>)
Memory status after this epoch: 
Memory allocated:  271.17333984375
Memory cached:  384.0
	 epoch  10 training error:  tensor(16.9648, device='cuda:0', grad_fn=<DivBackward0>)
Memory status after this epoch: 
Memory allocated:  271.17333984375
Memory cached:  384.0
	 epoch  20 training error:  tensor(2.3552, device='cuda:0', grad_fn=<DivBackward0>)
Memory status after this epoch: 
Memory allocated:  271.17333984375
Memory cached:  384.0
	 epoch  30 training error:  tensor(3.6216, device='cuda:0', grad_fn=<DivBackward0>)
Memory status after this epoch: 
Memory allocated:  271.17333984375
Memory cached:  384.0
	 epoch  40 training error:  tensor(0.7868, device='cuda:0', grad_fn=<DivBackward0>)
Memory status after this epoch: 
Memory allocated:  271.17333984375
Memory cached:  384.0
	 epoch  50 training error:  tensor(0.3465, device='cuda:0', grad_fn=<DivBackward0>)
Memory status after this epoch: 
Memory allocated:  271.17333984375
Memory cached:  384.0
	 epoch  60 training error:  tensor(0.1820, device='cuda:0', grad_fn=<DivBackward0>)
Memory status after this epoch: 
Memory allocated:  271.17333984375
Memory cached:  384.0
	 epoch  70 training error:  tensor(0.1223, device='cuda:0', grad_fn=<DivBackward0>)
Memory status after this epoch: 
Memory allocated:  271.17333984375
Memory cached:  384.0
	 epoch  80 training error:  tensor(0.0935, device='cuda:0', grad_fn=<DivBackward0>)
Memory status after this epoch: 
Memory allocated:  271.17333984375
Memory cached:  384.0
	 epoch  90 training error:  tensor(0.0872, device='cuda:0', grad_fn=<DivBackward0>)
Memory status after this epoch: 
Memory allocated:  271.17333984375
Memory cached:  384.0
[I 2024-01-14 00:22:50,452] Trial 101 finished with value: 0.08984517306089401 and parameters: {'W_layers': 4, 'W_layer_units_exponent_0': 4, 'W_layer_units_exponent_1': 4, 'W_layer_units_exponent_2': 9, 'W_layer_units_exponent_3': 9, 'D_layers': 2, 'D_layer_units_exponent_0': 10, 'D_layer_units_exponent_1': 4, 'D_dagger_layers': 5, 'D_dagger_layer_units_exponent_0': 10, 'D_dagger_layer_units_exponent_1': 9, 'D_dagger_layer_units_exponent_2': 6, 'D_dagger_layer_units_exponent_3': 4, 'D_dagger_layer_units_exponent_4': 6, 'log_learning_rate': -1.3618713397114264, 'log_learning_rate_D': -3.775322191371009, 'log_learning_rate_D_dagger': -3.1739066573782413, 'training_batch_size': 10, 'training_p': 2}. Best is trial 33 with value: 0.08818560093641281.
Time for this trial:  22.173745155334473
Memory status after this trial: 
Memory allocated:  552.04638671875
Memory cached:  634.0
--------------------  Trial  102   --------------------
Start timing: 
Parameters: 
{'W_layers': 7, 'W_layer_units_exponent_0': 4, 'W_layer_units_exponent_1': 4, 'W_layer_units_exponent_2': 9, 'W_layer_units_exponent_3': 10, 'W_layer_units_exponent_4': 8, 'W_layer_units_exponent_5': 10, 'W_layer_units_exponent_6': 4, 'D_layers': 2, 'D_layer_units_exponent_0': 7, 'D_layer_units_exponent_1': 4, 'D_dagger_layers': 4, 'D_dagger_layer_units_exponent_0': 10, 'D_dagger_layer_units_exponent_1': 9, 'D_dagger_layer_units_exponent_2': 6, 'D_dagger_layer_units_exponent_3': 4, 'log_learning_rate': -1.1003394779970863, 'log_learning_rate_D': -4.073483187618557, 'log_learning_rate_D_dagger': -2.9044906538500403, 'training_batch_size': 9, 'training_p': 2}
	 epoch  0 training error:  tensor(0.9774, device='cuda:0', grad_fn=<DivBackward0>)
Memory status after this epoch: 
Memory allocated:  284.12109375
Memory cached:  404.0
	 epoch  10 training error:  tensor(1103.4144, device='cuda:0', grad_fn=<DivBackward0>)
Memory status after this epoch: 
Memory allocated:  284.12109375
Memory cached:  404.0
	 epoch  20 training error:  tensor(2.6165, device='cuda:0', grad_fn=<DivBackward0>)
Memory status after this epoch: 
Memory allocated:  284.12109375
Memory cached:  404.0
	 epoch  30 training error:  tensor(984.7342, device='cuda:0', grad_fn=<DivBackward0>)
Memory status after this epoch: 
Memory allocated:  284.12109375
Memory cached:  404.0
	 epoch  40 training error:  tensor(2061.4734, device='cuda:0', grad_fn=<DivBackward0>)
Memory status after this epoch: 
Memory allocated:  284.12109375
Memory cached:  404.0
	 epoch  50 training error:  tensor(10.9627, device='cuda:0', grad_fn=<DivBackward0>)
Memory status after this epoch: 
Memory allocated:  284.12109375
Memory cached:  404.0
	 epoch  60 training error:  tensor(0.9229, device='cuda:0', grad_fn=<DivBackward0>)
Memory status after this epoch: 
Memory allocated:  284.12109375
Memory cached:  404.0
	 epoch  70 training error:  tensor(0.3980, device='cuda:0', grad_fn=<DivBackward0>)
Memory status after this epoch: 
Memory allocated:  284.12109375
Memory cached:  404.0
	 epoch  80 training error:  tensor(0.1526, device='cuda:0', grad_fn=<DivBackward0>)
Memory status after this epoch: 
Memory allocated:  284.12109375
Memory cached:  404.0
	 epoch  90 training error:  tensor(0.1152, device='cuda:0', grad_fn=<DivBackward0>)
Memory status after this epoch: 
Memory allocated:  284.12109375
Memory cached:  404.0
