[I 2023-12-04 00:08:40,870] Trial 20 finished with value: 0.09674614667892456 and parameters: {'W_layers': 6, 'W_layer_units_exponent_0': 9, 'W_layer_units_exponent_1': 7, 'W_layer_units_exponent_2': 9, 'W_layer_units_exponent_3': 5, 'W_layer_units_exponent_4': 8, 'W_layer_units_exponent_5': 6, 'D_layers': 6, 'D_layer_units_exponent_0': 7, 'D_layer_units_exponent_1': 8, 'D_layer_units_exponent_2': 9, 'D_layer_units_exponent_3': 4, 'D_layer_units_exponent_4': 4, 'D_layer_units_exponent_5': 10, 'log_learning_rate': -2.9134536786839504, 'log_learning_rate_D': -1.632309950594732, 'training_batch_size': 11, 'training_p': 2}. Best is trial 20 with value: 0.09674614667892456.
res:  tensor(0.0967, device='cuda:0', grad_fn=<DivBackward0>)
self.bestValue:  tensor(0.0968, device='cuda:0', grad_fn=<DivBackward0>)
Save this model!
Time for this trial:  14.0557382106781
Memory status after this trial: 
Memory allocated:  36.7373046875
Memory cached:  92.0
--------------------  Trial  21   --------------------
Start timing: 
Parameters: 
{'W_layers': 6, 'W_layer_units_exponent_0': 9, 'W_layer_units_exponent_1': 9, 'W_layer_units_exponent_2': 9, 'W_layer_units_exponent_3': 5, 'W_layer_units_exponent_4': 8, 'W_layer_units_exponent_5': 6, 'D_layers': 6, 'D_layer_units_exponent_0': 7, 'D_layer_units_exponent_1': 8, 'D_layer_units_exponent_2': 9, 'D_layer_units_exponent_3': 4, 'D_layer_units_exponent_4': 4, 'D_layer_units_exponent_5': 10, 'log_learning_rate': -2.825401884197604, 'log_learning_rate_D': -1.6220952227345156, 'training_batch_size': 11, 'training_p': 2}
	 epoch  0 training error:  tensor(1.0341, device='cuda:0', grad_fn=<DivBackward0>)
Memory status after this epoch: 
Memory allocated:  46.1728515625
Memory cached:  100.0
	 epoch  10 training error:  tensor(0.1105, device='cuda:0', grad_fn=<DivBackward0>)
Memory status after this epoch: 
Memory allocated:  46.1728515625
Memory cached:  100.0
	 epoch  20 training error:  tensor(0.1488, device='cuda:0', grad_fn=<DivBackward0>)
Memory status after this epoch: 
Memory allocated:  46.1728515625
Memory cached:  100.0
	 epoch  30 training error:  tensor(0.1026, device='cuda:0', grad_fn=<DivBackward0>)
Memory status after this epoch: 
Memory allocated:  46.1728515625
Memory cached:  100.0
	 epoch  40 training error:  tensor(0.1001, device='cuda:0', grad_fn=<DivBackward0>)
Memory status after this epoch: 
Memory allocated:  46.1728515625
Memory cached:  100.0
	 epoch  50 training error:  tensor(0.0946, device='cuda:0', grad_fn=<DivBackward0>)
Memory status after this epoch: 
Memory allocated:  46.1728515625
Memory cached:  100.0
	 epoch  60 training error:  tensor(0.0946, device='cuda:0', grad_fn=<DivBackward0>)
Memory status after this epoch: 
Memory allocated:  46.1728515625
Memory cached:  100.0
	 epoch  70 training error:  tensor(0.0941, device='cuda:0', grad_fn=<DivBackward0>)
Memory status after this epoch: 
Memory allocated:  46.1728515625
Memory cached:  100.0
	 epoch  80 training error:  tensor(0.0940, device='cuda:0', grad_fn=<DivBackward0>)
Memory status after this epoch: 
Memory allocated:  46.1728515625
Memory cached:  100.0
	 epoch  90 training error:  tensor(0.0940, device='cuda:0', grad_fn=<DivBackward0>)
Memory status after this epoch: 
Memory allocated:  46.1728515625
Memory cached:  100.0
[I 2023-12-04 00:08:55,161] Trial 21 finished with value: 0.09677445143461227 and parameters: {'W_layers': 6, 'W_layer_units_exponent_0': 9, 'W_layer_units_exponent_1': 9, 'W_layer_units_exponent_2': 9, 'W_layer_units_exponent_3': 5, 'W_layer_units_exponent_4': 8, 'W_layer_units_exponent_5': 6, 'D_layers': 6, 'D_layer_units_exponent_0': 7, 'D_layer_units_exponent_1': 8, 'D_layer_units_exponent_2': 9, 'D_layer_units_exponent_3': 4, 'D_layer_units_exponent_4': 4, 'D_layer_units_exponent_5': 10, 'log_learning_rate': -2.825401884197604, 'log_learning_rate_D': -1.6220952227345156, 'training_batch_size': 11, 'training_p': 2}. Best is trial 20 with value: 0.09674614667892456.
Time for this trial:  14.127784729003906
Memory status after this trial: 
Memory allocated:  84.79736328125
Memory cached:  96.0
--------------------  Trial  22   --------------------
Start timing: 
Parameters: 
{'W_layers': 6, 'W_layer_units_exponent_0': 8, 'W_layer_units_exponent_1': 7, 'W_layer_units_exponent_2': 10, 'W_layer_units_exponent_3': 5, 'W_layer_units_exponent_4': 9, 'W_layer_units_exponent_5': 8, 'D_layers': 6, 'D_layer_units_exponent_0': 8, 'D_layer_units_exponent_1': 8, 'D_layer_units_exponent_2': 10, 'D_layer_units_exponent_3': 5, 'D_layer_units_exponent_4': 4, 'D_layer_units_exponent_5': 8, 'log_learning_rate': -2.9798997716183715, 'log_learning_rate_D': -2.2635119845775495, 'training_batch_size': 10, 'training_p': 3}
	 epoch  0 training error:  tensor(0.9846, device='cuda:0', grad_fn=<DivBackward0>)
Memory status after this epoch: 
Memory allocated:  43.46923828125
Memory cached:  94.0
	 epoch  10 training error:  tensor(0.1799, device='cuda:0', grad_fn=<DivBackward0>)
Memory status after this epoch: 
Memory allocated:  43.46923828125
Memory cached:  94.0
	 epoch  20 training error:  tensor(0.1181, device='cuda:0', grad_fn=<DivBackward0>)
Memory status after this epoch: 
Memory allocated:  43.46923828125
Memory cached:  94.0
	 epoch  30 training error:  tensor(0.1174, device='cuda:0', grad_fn=<DivBackward0>)
Memory status after this epoch: 
Memory allocated:  43.46923828125
Memory cached:  94.0
	 epoch  40 training error:  tensor(0.1174, device='cuda:0', grad_fn=<DivBackward0>)
Memory status after this epoch: 
Memory allocated:  43.46923828125
Memory cached:  94.0
	 epoch  50 training error:  tensor(0.1157, device='cuda:0', grad_fn=<DivBackward0>)
Memory status after this epoch: 
Memory allocated:  43.46923828125
Memory cached:  94.0
	 epoch  60 training error:  tensor(0.1157, device='cuda:0', grad_fn=<DivBackward0>)
Memory status after this epoch: 
Memory allocated:  43.46923828125
Memory cached:  94.0
	 epoch  70 training error:  tensor(0.1155, device='cuda:0', grad_fn=<DivBackward0>)
Memory status after this epoch: 
Memory allocated:  43.46923828125
Memory cached:  94.0
	 epoch  80 training error:  tensor(0.1155, device='cuda:0', grad_fn=<DivBackward0>)
Memory status after this epoch: 
Memory allocated:  43.46923828125
Memory cached:  94.0
	 epoch  90 training error:  tensor(0.1154, device='cuda:0', grad_fn=<DivBackward0>)
Memory status after this epoch: 
Memory allocated:  43.46923828125
Memory cached:  94.0
[I 2023-12-04 00:09:09,837] Trial 22 finished with value: 0.09966683387756348 and parameters: {'W_layers': 6, 'W_layer_units_exponent_0': 8, 'W_layer_units_exponent_1': 7, 'W_layer_units_exponent_2': 10, 'W_layer_units_exponent_3': 5, 'W_layer_units_exponent_4': 9, 'W_layer_units_exponent_5': 8, 'D_layers': 6, 'D_layer_units_exponent_0': 8, 'D_layer_units_exponent_1': 8, 'D_layer_units_exponent_2': 10, 'D_layer_units_exponent_3': 5, 'D_layer_units_exponent_4': 4, 'D_layer_units_exponent_5': 8, 'log_learning_rate': -2.9798997716183715, 'log_learning_rate_D': -2.2635119845775495, 'training_batch_size': 10, 'training_p': 3}. Best is trial 20 with value: 0.09674614667892456.
Time for this trial:  14.508059740066528
Memory status after this trial: 
Memory allocated:  90.43310546875
Memory cached:  96.0
--------------------  Trial  23   --------------------
Start timing: 
Parameters: 
{'W_layers': 7, 'W_layer_units_exponent_0': 9, 'W_layer_units_exponent_1': 6, 'W_layer_units_exponent_2': 8, 'W_layer_units_exponent_3': 6, 'W_layer_units_exponent_4': 9, 'W_layer_units_exponent_5': 6, 'W_layer_units_exponent_6': 8, 'D_layers': 6, 'D_layer_units_exponent_0': 6, 'D_layer_units_exponent_1': 8, 'D_layer_units_exponent_2': 8, 'D_layer_units_exponent_3': 6, 'D_layer_units_exponent_4': 8, 'D_layer_units_exponent_5': 6, 'log_learning_rate': -2.362834688195857, 'log_learning_rate_D': -1.5488443285263698, 'training_batch_size': 11, 'training_p': 2}
	 epoch  0 training error:  tensor(0.9693, device='cuda:0', grad_fn=<DivBackward0>)
Memory status after this epoch: 
Memory allocated:  39.57373046875
Memory cached:  92.0
	 epoch  10 training error:  tensor(0.1789, device='cuda:0', grad_fn=<DivBackward0>)
Memory status after this epoch: 
Memory allocated:  39.57373046875
Memory cached:  92.0
	 epoch  20 training error:  tensor(0.1291, device='cuda:0', grad_fn=<DivBackward0>)
Memory status after this epoch: 
Memory allocated:  39.57373046875
Memory cached:  92.0
	 epoch  30 training error:  tensor(0.0958, device='cuda:0', grad_fn=<DivBackward0>)
Memory status after this epoch: 
Memory allocated:  39.57373046875
Memory cached:  92.0
	 epoch  40 training error:  tensor(0.1029, device='cuda:0', grad_fn=<DivBackward0>)
Memory status after this epoch: 
Memory allocated:  39.57373046875
Memory cached:  92.0
	 epoch  50 training error:  tensor(0.0952, device='cuda:0', grad_fn=<DivBackward0>)
Memory status after this epoch: 
Memory allocated:  39.57373046875
Memory cached:  92.0
	 epoch  60 training error:  tensor(0.0966, device='cuda:0', grad_fn=<DivBackward0>)
Memory status after this epoch: 
Memory allocated:  39.57373046875
Memory cached:  92.0
	 epoch  70 training error:  tensor(0.0947, device='cuda:0', grad_fn=<DivBackward0>)
Memory status after this epoch: 
Memory allocated:  39.57373046875
Memory cached:  92.0
	 epoch  80 training error:  tensor(0.0945, device='cuda:0', grad_fn=<DivBackward0>)
Memory status after this epoch: 
Memory allocated:  39.57373046875
Memory cached:  92.0
	 epoch  90 training error:  tensor(0.0940, device='cuda:0', grad_fn=<DivBackward0>)
Memory status after this epoch: 
Memory allocated:  39.57373046875
Memory cached:  92.0
[I 2023-12-04 00:09:23,968] Trial 23 finished with value: 0.09686429053544998 and parameters: {'W_layers': 7, 'W_layer_units_exponent_0': 9, 'W_layer_units_exponent_1': 6, 'W_layer_units_exponent_2': 8, 'W_layer_units_exponent_3': 6, 'W_layer_units_exponent_4': 9, 'W_layer_units_exponent_5': 6, 'W_layer_units_exponent_6': 8, 'D_layers': 6, 'D_layer_units_exponent_0': 6, 'D_layer_units_exponent_1': 8, 'D_layer_units_exponent_2': 8, 'D_layer_units_exponent_3': 6, 'D_layer_units_exponent_4': 8, 'D_layer_units_exponent_5': 6, 'log_learning_rate': -2.362834688195857, 'log_learning_rate_D': -1.5488443285263698, 'training_batch_size': 11, 'training_p': 2}. Best is trial 20 with value: 0.09674614667892456.
Time for this trial:  13.95225477218628
Memory status after this trial: 
Memory allocated:  77.94775390625
Memory cached:  96.0
--------------------  Trial  24   --------------------
Start timing: 
Parameters: 
{'W_layers': 5, 'W_layer_units_exponent_0': 10, 'W_layer_units_exponent_1': 8, 'W_layer_units_exponent_2': 9, 'W_layer_units_exponent_3': 7, 'W_layer_units_exponent_4': 8, 'D_layers': 4, 'D_layer_units_exponent_0': 9, 'D_layer_units_exponent_1': 6, 'D_layer_units_exponent_2': 7, 'D_layer_units_exponent_3': 8, 'log_learning_rate': -3.368406588137593, 'log_learning_rate_D': -1.9862459516210944, 'training_batch_size': 12, 'training_p': 3}
	 epoch  0 training error:  tensor(0.9842, device='cuda:0', grad_fn=<DivBackward0>)
Memory status after this epoch: 
Memory allocated:  44.62744140625
Memory cached:  96.0
	 epoch  10 training error:  tensor(0.2153, device='cuda:0', grad_fn=<DivBackward0>)
Memory status after this epoch: 
Memory allocated:  44.62744140625
Memory cached:  96.0
	 epoch  20 training error:  tensor(0.1414, device='cuda:0', grad_fn=<DivBackward0>)
Memory status after this epoch: 
Memory allocated:  44.62744140625
Memory cached:  96.0
	 epoch  30 training error:  tensor(0.1255, device='cuda:0', grad_fn=<DivBackward0>)
Memory status after this epoch: 
Memory allocated:  44.62744140625
Memory cached:  96.0
	 epoch  40 training error:  tensor(0.1194, device='cuda:0', grad_fn=<DivBackward0>)
Memory status after this epoch: 
Memory allocated:  44.62744140625
Memory cached:  96.0
	 epoch  50 training error:  tensor(0.1172, device='cuda:0', grad_fn=<DivBackward0>)
Memory status after this epoch: 
Memory allocated:  44.62744140625
Memory cached:  96.0
	 epoch  60 training error:  tensor(0.1156, device='cuda:0', grad_fn=<DivBackward0>)
Memory status after this epoch: 
Memory allocated:  44.62744140625
Memory cached:  96.0
	 epoch  70 training error:  tensor(0.1156, device='cuda:0', grad_fn=<DivBackward0>)
Memory status after this epoch: 
Memory allocated:  44.62744140625
Memory cached:  96.0
	 epoch  80 training error:  tensor(0.1155, device='cuda:0', grad_fn=<DivBackward0>)
Memory status after this epoch: 
Memory allocated:  44.62744140625
Memory cached:  96.0
	 epoch  90 training error:  tensor(0.1155, device='cuda:0', grad_fn=<DivBackward0>)
Memory status after this epoch: 
Memory allocated:  44.62744140625
Memory cached:  96.0
[I 2023-12-04 00:09:38,242] Trial 24 finished with value: 0.09964490681886673 and parameters: {'W_layers': 5, 'W_layer_units_exponent_0': 10, 'W_layer_units_exponent_1': 8, 'W_layer_units_exponent_2': 9, 'W_layer_units_exponent_3': 7, 'W_layer_units_exponent_4': 8, 'D_layers': 4, 'D_layer_units_exponent_0': 9, 'D_layer_units_exponent_1': 6, 'D_layer_units_exponent_2': 7, 'D_layer_units_exponent_3': 8, 'log_learning_rate': -3.368406588137593, 'log_learning_rate_D': -1.9862459516210944, 'training_batch_size': 12, 'training_p': 3}. Best is trial 20 with value: 0.09674614667892456.
Time for this trial:  14.110307931900024
Memory status after this trial: 
Memory allocated:  90.83642578125
Memory cached:  96.0
--------------------  Trial  25   --------------------
Start timing: 
Parameters: 
{'W_layers': 4, 'W_layer_units_exponent_0': 7, 'W_layer_units_exponent_1': 5, 'W_layer_units_exponent_2': 7, 'W_layer_units_exponent_3': 5, 'D_layers': 7, 'D_layer_units_exponent_0': 7, 'D_layer_units_exponent_1': 5, 'D_layer_units_exponent_2': 9, 'D_layer_units_exponent_3': 5, 'D_layer_units_exponent_4': 5, 'D_layer_units_exponent_5': 10, 'D_layer_units_exponent_6': 10, 'log_learning_rate': -2.9107634249733856, 'log_learning_rate_D': -2.417935661029799, 'training_batch_size': 10, 'training_p': 2}
	 epoch  0 training error:  tensor(0.9277, device='cuda:0', grad_fn=<DivBackward0>)
Memory status after this epoch: 
Memory allocated:  41.25341796875
Memory cached:  94.0
	 epoch  10 training error:  tensor(0.2125, device='cuda:0', grad_fn=<DivBackward0>)
Memory status after this epoch: 
Memory allocated:  41.25341796875
Memory cached:  94.0
	 epoch  20 training error:  tensor(0.1166, device='cuda:0', grad_fn=<DivBackward0>)
Memory status after this epoch: 
Memory allocated:  41.25341796875
Memory cached:  94.0
	 epoch  30 training error:  tensor(0.1204, device='cuda:0', grad_fn=<DivBackward0>)
Memory status after this epoch: 
Memory allocated:  41.25341796875
Memory cached:  94.0
	 epoch  40 training error:  tensor(0.1028, device='cuda:0', grad_fn=<DivBackward0>)
Memory status after this epoch: 
Memory allocated:  41.25341796875
Memory cached:  94.0
	 epoch  50 training error:  tensor(0.0968, device='cuda:0', grad_fn=<DivBackward0>)
Memory status after this epoch: 
Memory allocated:  41.25341796875
Memory cached:  94.0
	 epoch  60 training error:  tensor(0.0943, device='cuda:0', grad_fn=<DivBackward0>)
Memory status after this epoch: 
Memory allocated:  41.25341796875
Memory cached:  94.0
	 epoch  70 training error:  tensor(0.0944, device='cuda:0', grad_fn=<DivBackward0>)
Memory status after this epoch: 
Memory allocated:  41.25341796875
Memory cached:  94.0
	 epoch  80 training error:  tensor(0.0940, device='cuda:0', grad_fn=<DivBackward0>)
Memory status after this epoch: 
Memory allocated:  41.25341796875
Memory cached:  94.0
	 epoch  90 training error:  tensor(0.0940, device='cuda:0', grad_fn=<DivBackward0>)
Memory status after this epoch: 
Memory allocated:  41.25341796875
Memory cached:  94.0
[I 2023-12-04 00:09:51,412] Trial 25 finished with value: 0.09675108641386032 and parameters: {'W_layers': 4, 'W_layer_units_exponent_0': 7, 'W_layer_units_exponent_1': 5, 'W_layer_units_exponent_2': 7, 'W_layer_units_exponent_3': 5, 'D_layers': 7, 'D_layer_units_exponent_0': 7, 'D_layer_units_exponent_1': 5, 'D_layer_units_exponent_2': 9, 'D_layer_units_exponent_3': 5, 'D_layer_units_exponent_4': 5, 'D_layer_units_exponent_5': 10, 'D_layer_units_exponent_6': 10, 'log_learning_rate': -2.9107634249733856, 'log_learning_rate_D': -2.417935661029799, 'training_batch_size': 10, 'training_p': 2}. Best is trial 20 with value: 0.09674614667892456.
Time for this trial:  12.99844741821289
Memory status after this trial: 
Memory allocated:  44.20361328125
Memory cached:  96.0
--------------------  Trial  26   --------------------
Start timing: 
Parameters: 
{'W_layers': 3, 'W_layer_units_exponent_0': 8, 'W_layer_units_exponent_1': 10, 'W_layer_units_exponent_2': 7, 'D_layers': 7, 'D_layer_units_exponent_0': 5, 'D_layer_units_exponent_1': 5, 'D_layer_units_exponent_2': 9, 'D_layer_units_exponent_3': 5, 'D_layer_units_exponent_4': 5, 'D_layer_units_exponent_5': 10, 'D_layer_units_exponent_6': 10, 'log_learning_rate': -3.053250513304785, 'log_learning_rate_D': -2.5466538885092245, 'training_batch_size': 11, 'training_p': 3}
	 epoch  0 training error:  tensor(0.9546, device='cuda:0', grad_fn=<DivBackward0>)
Memory status after this epoch: 
Memory allocated:  47.0712890625
Memory cached:  96.0
	 epoch  10 training error:  tensor(0.2484, device='cuda:0', grad_fn=<DivBackward0>)
Memory status after this epoch: 
Memory allocated:  47.0712890625
Memory cached:  96.0
	 epoch  20 training error:  tensor(0.1522, device='cuda:0', grad_fn=<DivBackward0>)
Memory status after this epoch: 
Memory allocated:  47.0712890625
Memory cached:  96.0
	 epoch  30 training error:  tensor(0.1190, device='cuda:0', grad_fn=<DivBackward0>)
Memory status after this epoch: 
Memory allocated:  47.0712890625
Memory cached:  96.0
	 epoch  40 training error:  tensor(0.1196, device='cuda:0', grad_fn=<DivBackward0>)
Memory status after this epoch: 
Memory allocated:  47.0712890625
Memory cached:  96.0
	 epoch  50 training error:  tensor(0.1170, device='cuda:0', grad_fn=<DivBackward0>)
Memory status after this epoch: 
Memory allocated:  47.0712890625
Memory cached:  96.0
	 epoch  60 training error:  tensor(0.1158, device='cuda:0', grad_fn=<DivBackward0>)
Memory status after this epoch: 
Memory allocated:  47.0712890625
Memory cached:  96.0
	 epoch  70 training error:  tensor(0.1156, device='cuda:0', grad_fn=<DivBackward0>)
Memory status after this epoch: 
Memory allocated:  47.0712890625
Memory cached:  96.0
	 epoch  80 training error:  tensor(0.1155, device='cuda:0', grad_fn=<DivBackward0>)
Memory status after this epoch: 
Memory allocated:  47.0712890625
Memory cached:  96.0
	 epoch  90 training error:  tensor(0.1155, device='cuda:0', grad_fn=<DivBackward0>)
Memory status after this epoch: 
Memory allocated:  47.0712890625
Memory cached:  96.0
[I 2023-12-04 00:10:05,236] Trial 26 finished with value: 0.1000850722193718 and parameters: {'W_layers': 3, 'W_layer_units_exponent_0': 8, 'W_layer_units_exponent_1': 10, 'W_layer_units_exponent_2': 7, 'D_layers': 7, 'D_layer_units_exponent_0': 5, 'D_layer_units_exponent_1': 5, 'D_layer_units_exponent_2': 9, 'D_layer_units_exponent_3': 5, 'D_layer_units_exponent_4': 5, 'D_layer_units_exponent_5': 10, 'D_layer_units_exponent_6': 10, 'log_learning_rate': -3.053250513304785, 'log_learning_rate_D': -2.5466538885092245, 'training_batch_size': 11, 'training_p': 3}. Best is trial 20 with value: 0.09674614667892456.
Time for this trial:  13.650187969207764
Memory status after this trial: 
Memory allocated:  72.02099609375
Memory cached:  96.0
--------------------  Trial  27   --------------------
Start timing: 
Parameters: 
{'W_layers': 3, 'W_layer_units_exponent_0': 7, 'W_layer_units_exponent_1': 9, 'W_layer_units_exponent_2': 7, 'D_layers': 8, 'D_layer_units_exponent_0': 8, 'D_layer_units_exponent_1': 8, 'D_layer_units_exponent_2': 8, 'D_layer_units_exponent_3': 4, 'D_layer_units_exponent_4': 5, 'D_layer_units_exponent_5': 8, 'D_layer_units_exponent_6': 8, 'D_layer_units_exponent_7': 10, 'log_learning_rate': -3.4840374068769697, 'log_learning_rate_D': -2.8613174015319243, 'training_batch_size': 8, 'training_p': 2}
	 epoch  0 training error:  tensor(1.0449, device='cuda:0', grad_fn=<DivBackward0>)
Memory status after this epoch: 
Memory allocated:  40.59814453125
Memory cached:  92.0
	 epoch  10 training error:  tensor(0.2883, device='cuda:0', grad_fn=<DivBackward0>)
Memory status after this epoch: 
Memory allocated:  40.59814453125
Memory cached:  92.0
	 epoch  20 training error:  tensor(0.1663, device='cuda:0', grad_fn=<DivBackward0>)
Memory status after this epoch: 
Memory allocated:  40.59814453125
Memory cached:  92.0
	 epoch  30 training error:  tensor(0.1051, device='cuda:0', grad_fn=<DivBackward0>)
Memory status after this epoch: 
Memory allocated:  40.59814453125
Memory cached:  92.0
	 epoch  40 training error:  tensor(0.1000, device='cuda:0', grad_fn=<DivBackward0>)
Memory status after this epoch: 
Memory allocated:  40.59814453125
Memory cached:  92.0
	 epoch  50 training error:  tensor(0.0948, device='cuda:0', grad_fn=<DivBackward0>)
Memory status after this epoch: 
Memory allocated:  40.59814453125
Memory cached:  92.0
	 epoch  60 training error:  tensor(0.0952, device='cuda:0', grad_fn=<DivBackward0>)
Memory status after this epoch: 
Memory allocated:  40.59814453125
Memory cached:  92.0
	 epoch  70 training error:  tensor(0.0945, device='cuda:0', grad_fn=<DivBackward0>)
Memory status after this epoch: 
Memory allocated:  40.59814453125
Memory cached:  92.0
	 epoch  80 training error:  tensor(0.0940, device='cuda:0', grad_fn=<DivBackward0>)
Memory status after this epoch: 
Memory allocated:  40.59814453125
Memory cached:  92.0
	 epoch  90 training error:  tensor(0.0940, device='cuda:0', grad_fn=<DivBackward0>)
Memory status after this epoch: 
Memory allocated:  40.59814453125
Memory cached:  92.0
