[I 2023-12-04 01:16:42,003] Trial 37 finished with value: 0.15828803181648254 and parameters: {'W_layers': 7, 'W_layer_units_exponent_0': 4, 'W_layer_units_exponent_1': 8, 'W_layer_units_exponent_2': 10, 'W_layer_units_exponent_3': 5, 'W_layer_units_exponent_4': 4, 'W_layer_units_exponent_5': 10, 'W_layer_units_exponent_6': 6, 'D_layers': 6, 'D_layer_units_exponent_0': 6, 'D_layer_units_exponent_1': 9, 'D_layer_units_exponent_2': 9, 'D_layer_units_exponent_3': 4, 'D_layer_units_exponent_4': 6, 'D_layer_units_exponent_5': 7, 'log_learning_rate': -2.247675891138526, 'log_learning_rate_D': -2.9916029629150733, 'training_batch_size': 8, 'training_p': 6}. Best is trial 21 with value: 0.010489757172763348.
Time for this trial:  53.807984828948975
Memory status after this trial: 
Memory allocated:  207.51953125
Memory cached:  240.0
--------------------  Trial  38   --------------------
Start timing: 
Parameters: 
{'W_layers': 4, 'W_layer_units_exponent_0': 5, 'W_layer_units_exponent_1': 10, 'W_layer_units_exponent_2': 4, 'W_layer_units_exponent_3': 10, 'D_layers': 7, 'D_layer_units_exponent_0': 9, 'D_layer_units_exponent_1': 4, 'D_layer_units_exponent_2': 6, 'D_layer_units_exponent_3': 8, 'D_layer_units_exponent_4': 8, 'D_layer_units_exponent_5': 10, 'D_layer_units_exponent_6': 10, 'log_learning_rate': -1.489761189780209, 'log_learning_rate_D': -1.43712954526307, 'training_batch_size': 6, 'training_p': 6}
	 epoch  0 training error:  tensor(1.9203, device='cuda:0', grad_fn=<DivBackward0>)
Memory status after this epoch: 
Memory allocated:  139.4267578125
Memory cached:  186.0
[W 2023-12-04 01:16:44,079] Trial 38 failed with parameters: {'W_layers': 4, 'W_layer_units_exponent_0': 5, 'W_layer_units_exponent_1': 10, 'W_layer_units_exponent_2': 4, 'W_layer_units_exponent_3': 10, 'D_layers': 7, 'D_layer_units_exponent_0': 9, 'D_layer_units_exponent_1': 4, 'D_layer_units_exponent_2': 6, 'D_layer_units_exponent_3': 8, 'D_layer_units_exponent_4': 8, 'D_layer_units_exponent_5': 10, 'D_layer_units_exponent_6': 10, 'log_learning_rate': -1.489761189780209, 'log_learning_rate_D': -1.43712954526307, 'training_batch_size': 6, 'training_p': 6} because of the following error: The value nan is not acceptable.
[W 2023-12-04 01:16:44,079] Trial 38 failed with value tensor(nan, device='cuda:0', grad_fn=<DivBackward0>).
Time for this trial:  1.8847134113311768
Memory status after this trial: 
Memory allocated:  247.779296875
Memory cached:  272.0
--------------------  Trial  39   --------------------
Start timing: 
Parameters: 
{'W_layers': 4, 'W_layer_units_exponent_0': 5, 'W_layer_units_exponent_1': 10, 'W_layer_units_exponent_2': 4, 'W_layer_units_exponent_3': 10, 'D_layers': 3, 'D_layer_units_exponent_0': 9, 'D_layer_units_exponent_1': 4, 'D_layer_units_exponent_2': 6, 'log_learning_rate': -2.984589389377726, 'log_learning_rate_D': -1.107269501346285, 'training_batch_size': 6, 'training_p': 6}
	 epoch  0 training error:  tensor(0.9372, device='cuda:0', grad_fn=<DivBackward0>)
Memory status after this epoch: 
Memory allocated:  118.0791015625
Memory cached:  186.0
[W 2023-12-04 01:16:46,282] Trial 39 failed with parameters: {'W_layers': 4, 'W_layer_units_exponent_0': 5, 'W_layer_units_exponent_1': 10, 'W_layer_units_exponent_2': 4, 'W_layer_units_exponent_3': 10, 'D_layers': 3, 'D_layer_units_exponent_0': 9, 'D_layer_units_exponent_1': 4, 'D_layer_units_exponent_2': 6, 'log_learning_rate': -2.984589389377726, 'log_learning_rate_D': -1.107269501346285, 'training_batch_size': 6, 'training_p': 6} because of the following error: The value nan is not acceptable.
[W 2023-12-04 01:16:46,283] Trial 39 failed with value tensor(nan, device='cuda:0', grad_fn=<DivBackward0>).
Time for this trial:  2.042539119720459
Memory status after this trial: 
Memory allocated:  179.09765625
Memory cached:  208.0
--------------------  Trial  40   --------------------
Start timing: 
Parameters: 
{'W_layers': 4, 'W_layer_units_exponent_0': 5, 'W_layer_units_exponent_1': 10, 'W_layer_units_exponent_2': 4, 'W_layer_units_exponent_3': 10, 'D_layers': 7, 'D_layer_units_exponent_0': 9, 'D_layer_units_exponent_1': 4, 'D_layer_units_exponent_2': 6, 'D_layer_units_exponent_3': 6, 'D_layer_units_exponent_4': 8, 'D_layer_units_exponent_5': 10, 'D_layer_units_exponent_6': 10, 'log_learning_rate': -1.3456061352180173, 'log_learning_rate_D': -1.1833213221421706, 'training_batch_size': 6, 'training_p': 6}
	 epoch  0 training error:  tensor(1.4850, device='cuda:0', grad_fn=<DivBackward0>)
Memory status after this epoch: 
Memory allocated:  138.4873046875
Memory cached:  188.0
[W 2023-12-04 01:16:48,354] Trial 40 failed with parameters: {'W_layers': 4, 'W_layer_units_exponent_0': 5, 'W_layer_units_exponent_1': 10, 'W_layer_units_exponent_2': 4, 'W_layer_units_exponent_3': 10, 'D_layers': 7, 'D_layer_units_exponent_0': 9, 'D_layer_units_exponent_1': 4, 'D_layer_units_exponent_2': 6, 'D_layer_units_exponent_3': 6, 'D_layer_units_exponent_4': 8, 'D_layer_units_exponent_5': 10, 'D_layer_units_exponent_6': 10, 'log_learning_rate': -1.3456061352180173, 'log_learning_rate_D': -1.1833213221421706, 'training_batch_size': 6, 'training_p': 6} because of the following error: The value nan is not acceptable.
[W 2023-12-04 01:16:48,354] Trial 40 failed with value tensor(nan, device='cuda:0', grad_fn=<DivBackward0>).
Time for this trial:  1.879159688949585
Memory status after this trial: 
Memory allocated:  242.958984375
Memory cached:  266.0
--------------------  Trial  41   --------------------
Start timing: 
Parameters: 
{'W_layers': 4, 'W_layer_units_exponent_0': 5, 'W_layer_units_exponent_1': 10, 'W_layer_units_exponent_2': 4, 'W_layer_units_exponent_3': 10, 'D_layers': 7, 'D_layer_units_exponent_0': 9, 'D_layer_units_exponent_1': 4, 'D_layer_units_exponent_2': 6, 'D_layer_units_exponent_3': 8, 'D_layer_units_exponent_4': 8, 'D_layer_units_exponent_5': 10, 'D_layer_units_exponent_6': 10, 'log_learning_rate': -1.2495294028813975, 'log_learning_rate_D': -1.1327004155747864, 'training_batch_size': 6, 'training_p': 6}
	 epoch  0 training error:  tensor(2.9653, device='cuda:0', grad_fn=<DivBackward0>)
Memory status after this epoch: 
Memory allocated:  139.4267578125
Memory cached:  186.0
[W 2023-12-04 01:16:50,427] Trial 41 failed with parameters: {'W_layers': 4, 'W_layer_units_exponent_0': 5, 'W_layer_units_exponent_1': 10, 'W_layer_units_exponent_2': 4, 'W_layer_units_exponent_3': 10, 'D_layers': 7, 'D_layer_units_exponent_0': 9, 'D_layer_units_exponent_1': 4, 'D_layer_units_exponent_2': 6, 'D_layer_units_exponent_3': 8, 'D_layer_units_exponent_4': 8, 'D_layer_units_exponent_5': 10, 'D_layer_units_exponent_6': 10, 'log_learning_rate': -1.2495294028813975, 'log_learning_rate_D': -1.1327004155747864, 'training_batch_size': 6, 'training_p': 6} because of the following error: The value nan is not acceptable.
[W 2023-12-04 01:16:50,428] Trial 41 failed with value tensor(nan, device='cuda:0', grad_fn=<DivBackward0>).
Time for this trial:  1.8764715194702148
Memory status after this trial: 
Memory allocated:  247.779296875
Memory cached:  272.0
--------------------  Trial  42   --------------------
Start timing: 
Parameters: 
{'W_layers': 4, 'W_layer_units_exponent_0': 5, 'W_layer_units_exponent_1': 10, 'W_layer_units_exponent_2': 4, 'W_layer_units_exponent_3': 10, 'D_layers': 7, 'D_layer_units_exponent_0': 9, 'D_layer_units_exponent_1': 4, 'D_layer_units_exponent_2': 6, 'D_layer_units_exponent_3': 6, 'D_layer_units_exponent_4': 8, 'D_layer_units_exponent_5': 10, 'D_layer_units_exponent_6': 10, 'log_learning_rate': -3.08704340336839, 'log_learning_rate_D': -1.0757185951849308, 'training_batch_size': 6, 'training_p': 6}
	 epoch  0 training error:  tensor(0.9883, device='cuda:0', grad_fn=<DivBackward0>)
Memory status after this epoch: 
Memory allocated:  138.4873046875
Memory cached:  188.0
[W 2023-12-04 01:16:52,561] Trial 42 failed with parameters: {'W_layers': 4, 'W_layer_units_exponent_0': 5, 'W_layer_units_exponent_1': 10, 'W_layer_units_exponent_2': 4, 'W_layer_units_exponent_3': 10, 'D_layers': 7, 'D_layer_units_exponent_0': 9, 'D_layer_units_exponent_1': 4, 'D_layer_units_exponent_2': 6, 'D_layer_units_exponent_3': 6, 'D_layer_units_exponent_4': 8, 'D_layer_units_exponent_5': 10, 'D_layer_units_exponent_6': 10, 'log_learning_rate': -3.08704340336839, 'log_learning_rate_D': -1.0757185951849308, 'training_batch_size': 6, 'training_p': 6} because of the following error: The value nan is not acceptable.
[W 2023-12-04 01:16:52,562] Trial 42 failed with value tensor(nan, device='cuda:0', grad_fn=<DivBackward0>).
Time for this trial:  1.936258316040039
Memory status after this trial: 
Memory allocated:  242.958984375
Memory cached:  266.0
--------------------  Trial  43   --------------------
Start timing: 
Parameters: 
{'W_layers': 4, 'W_layer_units_exponent_0': 5, 'W_layer_units_exponent_1': 10, 'W_layer_units_exponent_2': 4, 'W_layer_units_exponent_3': 10, 'D_layers': 7, 'D_layer_units_exponent_0': 9, 'D_layer_units_exponent_1': 6, 'D_layer_units_exponent_2': 6, 'D_layer_units_exponent_3': 6, 'D_layer_units_exponent_4': 8, 'D_layer_units_exponent_5': 10, 'D_layer_units_exponent_6': 10, 'log_learning_rate': -1.0997190462101365, 'log_learning_rate_D': -1.3651485178323912, 'training_batch_size': 6, 'training_p': 6}
	 epoch  0 training error:  tensor(2.6893, device='cuda:0', grad_fn=<DivBackward0>)
Memory status after this epoch: 
Memory allocated:  138.9091796875
Memory cached:  188.0
[W 2023-12-04 01:16:54,672] Trial 43 failed with parameters: {'W_layers': 4, 'W_layer_units_exponent_0': 5, 'W_layer_units_exponent_1': 10, 'W_layer_units_exponent_2': 4, 'W_layer_units_exponent_3': 10, 'D_layers': 7, 'D_layer_units_exponent_0': 9, 'D_layer_units_exponent_1': 6, 'D_layer_units_exponent_2': 6, 'D_layer_units_exponent_3': 6, 'D_layer_units_exponent_4': 8, 'D_layer_units_exponent_5': 10, 'D_layer_units_exponent_6': 10, 'log_learning_rate': -1.0997190462101365, 'log_learning_rate_D': -1.3651485178323912, 'training_batch_size': 6, 'training_p': 6} because of the following error: The value nan is not acceptable.
[W 2023-12-04 01:16:54,673] Trial 43 failed with value tensor(nan, device='cuda:0', grad_fn=<DivBackward0>).
Time for this trial:  1.9237723350524902
Memory status after this trial: 
Memory allocated:  244.18505859375
Memory cached:  268.0
--------------------  Trial  44   --------------------
Start timing: 
Parameters: 
{'W_layers': 4, 'W_layer_units_exponent_0': 5, 'W_layer_units_exponent_1': 10, 'W_layer_units_exponent_2': 4, 'W_layer_units_exponent_3': 10, 'D_layers': 7, 'D_layer_units_exponent_0': 9, 'D_layer_units_exponent_1': 4, 'D_layer_units_exponent_2': 6, 'D_layer_units_exponent_3': 8, 'D_layer_units_exponent_4': 8, 'D_layer_units_exponent_5': 10, 'D_layer_units_exponent_6': 10, 'log_learning_rate': -1.0724400435546109, 'log_learning_rate_D': -1.2748556332419771, 'training_batch_size': 6, 'training_p': 6}
	 epoch  0 training error:  tensor(6.8462, device='cuda:0', grad_fn=<DivBackward0>)
Memory status after this epoch: 
Memory allocated:  139.4267578125
Memory cached:  186.0
[W 2023-12-04 01:16:56,740] Trial 44 failed with parameters: {'W_layers': 4, 'W_layer_units_exponent_0': 5, 'W_layer_units_exponent_1': 10, 'W_layer_units_exponent_2': 4, 'W_layer_units_exponent_3': 10, 'D_layers': 7, 'D_layer_units_exponent_0': 9, 'D_layer_units_exponent_1': 4, 'D_layer_units_exponent_2': 6, 'D_layer_units_exponent_3': 8, 'D_layer_units_exponent_4': 8, 'D_layer_units_exponent_5': 10, 'D_layer_units_exponent_6': 10, 'log_learning_rate': -1.0724400435546109, 'log_learning_rate_D': -1.2748556332419771, 'training_batch_size': 6, 'training_p': 6} because of the following error: The value nan is not acceptable.
[W 2023-12-04 01:16:56,741] Trial 44 failed with value tensor(nan, device='cuda:0', grad_fn=<DivBackward0>).
Time for this trial:  1.8815772533416748
Memory status after this trial: 
Memory allocated:  247.779296875
Memory cached:  272.0
--------------------  Trial  45   --------------------
Start timing: 
Parameters: 
{'W_layers': 4, 'W_layer_units_exponent_0': 5, 'W_layer_units_exponent_1': 10, 'W_layer_units_exponent_2': 4, 'W_layer_units_exponent_3': 10, 'D_layers': 7, 'D_layer_units_exponent_0': 9, 'D_layer_units_exponent_1': 4, 'D_layer_units_exponent_2': 6, 'D_layer_units_exponent_3': 8, 'D_layer_units_exponent_4': 8, 'D_layer_units_exponent_5': 10, 'D_layer_units_exponent_6': 10, 'log_learning_rate': -1.479436615039615, 'log_learning_rate_D': -1.0108692520932574, 'training_batch_size': 6, 'training_p': 6}
	 epoch  0 training error:  tensor(1.0615, device='cuda:0', grad_fn=<DivBackward0>)
Memory status after this epoch: 
Memory allocated:  139.4267578125
Memory cached:  186.0
[W 2023-12-04 01:16:58,817] Trial 45 failed with parameters: {'W_layers': 4, 'W_layer_units_exponent_0': 5, 'W_layer_units_exponent_1': 10, 'W_layer_units_exponent_2': 4, 'W_layer_units_exponent_3': 10, 'D_layers': 7, 'D_layer_units_exponent_0': 9, 'D_layer_units_exponent_1': 4, 'D_layer_units_exponent_2': 6, 'D_layer_units_exponent_3': 8, 'D_layer_units_exponent_4': 8, 'D_layer_units_exponent_5': 10, 'D_layer_units_exponent_6': 10, 'log_learning_rate': -1.479436615039615, 'log_learning_rate_D': -1.0108692520932574, 'training_batch_size': 6, 'training_p': 6} because of the following error: The value nan is not acceptable.
[W 2023-12-04 01:16:58,818] Trial 45 failed with value tensor(nan, device='cuda:0', grad_fn=<DivBackward0>).
Time for this trial:  1.887939214706421
Memory status after this trial: 
Memory allocated:  247.779296875
Memory cached:  272.0
--------------------  Trial  46   --------------------
Start timing: 
Parameters: 
{'W_layers': 4, 'W_layer_units_exponent_0': 5, 'W_layer_units_exponent_1': 10, 'W_layer_units_exponent_2': 4, 'W_layer_units_exponent_3': 10, 'D_layers': 7, 'D_layer_units_exponent_0': 5, 'D_layer_units_exponent_1': 4, 'D_layer_units_exponent_2': 6, 'D_layer_units_exponent_3': 8, 'D_layer_units_exponent_4': 8, 'D_layer_units_exponent_5': 10, 'D_layer_units_exponent_6': 10, 'log_learning_rate': -1.0421559675089633, 'log_learning_rate_D': -1.1932396250188533, 'training_batch_size': 6, 'training_p': 6}
	 epoch  0 training error:  tensor(6.6274, device='cuda:0', grad_fn=<DivBackward0>)
Memory status after this epoch: 
Memory allocated:  139.2607421875
Memory cached:  190.0
[W 2023-12-04 01:17:00,907] Trial 46 failed with parameters: {'W_layers': 4, 'W_layer_units_exponent_0': 5, 'W_layer_units_exponent_1': 10, 'W_layer_units_exponent_2': 4, 'W_layer_units_exponent_3': 10, 'D_layers': 7, 'D_layer_units_exponent_0': 5, 'D_layer_units_exponent_1': 4, 'D_layer_units_exponent_2': 6, 'D_layer_units_exponent_3': 8, 'D_layer_units_exponent_4': 8, 'D_layer_units_exponent_5': 10, 'D_layer_units_exponent_6': 10, 'log_learning_rate': -1.0421559675089633, 'log_learning_rate_D': -1.1932396250188533, 'training_batch_size': 6, 'training_p': 6} because of the following error: The value nan is not acceptable.
[W 2023-12-04 01:17:00,907] Trial 46 failed with value tensor(nan, device='cuda:0', grad_fn=<DivBackward0>).
Time for this trial:  1.8985466957092285
Memory status after this trial: 
Memory allocated:  236.81982421875
Memory cached:  262.0
--------------------  Trial  47   --------------------
Start timing: 
Parameters: 
{'W_layers': 4, 'W_layer_units_exponent_0': 5, 'W_layer_units_exponent_1': 10, 'W_layer_units_exponent_2': 4, 'W_layer_units_exponent_3': 10, 'D_layers': 7, 'D_layer_units_exponent_0': 9, 'D_layer_units_exponent_1': 6, 'D_layer_units_exponent_2': 6, 'D_layer_units_exponent_3': 8, 'D_layer_units_exponent_4': 8, 'D_layer_units_exponent_5': 10, 'D_layer_units_exponent_6': 10, 'log_learning_rate': -1.147056300062923, 'log_learning_rate_D': -3.8909344065260383, 'training_batch_size': 6, 'training_p': 6}
	 epoch  0 training error:  tensor(5.0651, device='cuda:0', grad_fn=<DivBackward0>)
Memory status after this epoch: 
Memory allocated:  139.8486328125
Memory cached:  186.0
	 epoch  10 training error:  tensor(11.1068, device='cuda:0', grad_fn=<DivBackward0>)
Memory status after this epoch: 
Memory allocated:  139.8486328125
Memory cached:  186.0
	 epoch  20 training error:  tensor(3.4409, device='cuda:0', grad_fn=<DivBackward0>)
Memory status after this epoch: 
Memory allocated:  139.8486328125
Memory cached:  186.0
	 epoch  30 training error:  tensor(5.3110, device='cuda:0', grad_fn=<DivBackward0>)
Memory status after this epoch: 
Memory allocated:  139.8486328125
Memory cached:  186.0
	 epoch  40 training error:  tensor(1.6802, device='cuda:0', grad_fn=<DivBackward0>)
Memory status after this epoch: 
Memory allocated:  139.8486328125
Memory cached:  186.0
	 epoch  50 training error:  tensor(3.6318, device='cuda:0', grad_fn=<DivBackward0>)
Memory status after this epoch: 
Memory allocated:  139.8486328125
Memory cached:  186.0
	 epoch  60 training error:  tensor(1.2627, device='cuda:0', grad_fn=<DivBackward0>)
Memory status after this epoch: 
Memory allocated:  139.8486328125
Memory cached:  186.0
	 epoch  70 training error:  tensor(2.6513, device='cuda:0', grad_fn=<DivBackward0>)
Memory status after this epoch: 
Memory allocated:  139.8486328125
Memory cached:  186.0
	 epoch  80 training error:  tensor(0.8381, device='cuda:0', grad_fn=<DivBackward0>)
Memory status after this epoch: 
Memory allocated:  139.8486328125
Memory cached:  186.0
	 epoch  90 training error:  tensor(1.8867, device='cuda:0', grad_fn=<DivBackward0>)
Memory status after this epoch: 
Memory allocated:  139.8486328125
Memory cached:  186.0
[I 2023-12-04 01:18:21,634] Trial 47 finished with value: 0.5150060057640076 and parameters: {'W_layers': 4, 'W_layer_units_exponent_0': 5, 'W_layer_units_exponent_1': 10, 'W_layer_units_exponent_2': 4, 'W_layer_units_exponent_3': 10, 'D_layers': 7, 'D_layer_units_exponent_0': 9, 'D_layer_units_exponent_1': 6, 'D_layer_units_exponent_2': 6, 'D_layer_units_exponent_3': 8, 'D_layer_units_exponent_4': 8, 'D_layer_units_exponent_5': 10, 'D_layer_units_exponent_6': 10, 'log_learning_rate': -1.147056300062923, 'log_learning_rate_D': -3.8909344065260383, 'training_batch_size': 6, 'training_p': 6}. Best is trial 21 with value: 0.010489757172763348.
Time for this trial:  80.53290820121765
Memory status after this trial: 
Memory allocated:  249.00537109375
Memory cached:  274.0
--------------------  Trial  48   --------------------
Start timing: 
Parameters: 
{'W_layers': 7, 'W_layer_units_exponent_0': 7, 'W_layer_units_exponent_1': 5, 'W_layer_units_exponent_2': 8, 'W_layer_units_exponent_3': 6, 'W_layer_units_exponent_4': 6, 'W_layer_units_exponent_5': 4, 'W_layer_units_exponent_6': 10, 'D_layers': 5, 'D_layer_units_exponent_0': 7, 'D_layer_units_exponent_1': 4, 'D_layer_units_exponent_2': 5, 'D_layer_units_exponent_3': 6, 'D_layer_units_exponent_4': 6, 'log_learning_rate': -3.2336528219201908, 'log_learning_rate_D': -3.4342899575202788, 'training_batch_size': 7, 'training_p': 3}
	 epoch  0 training error:  tensor(1.0106, device='cuda:0', grad_fn=<DivBackward0>)
Memory status after this epoch: 
Memory allocated:  117.826171875
Memory cached:  186.0
	 epoch  10 training error:  tensor(0.4150, device='cuda:0', grad_fn=<DivBackward0>)
Memory status after this epoch: 
Memory allocated:  117.826171875
Memory cached:  186.0
	 epoch  20 training error:  tensor(0.1656, device='cuda:0', grad_fn=<DivBackward0>)
Memory status after this epoch: 
Memory allocated:  117.826171875
Memory cached:  186.0
	 epoch  30 training error:  tensor(0.1459, device='cuda:0', grad_fn=<DivBackward0>)
Memory status after this epoch: 
Memory allocated:  117.826171875
Memory cached:  186.0
	 epoch  40 training error:  tensor(0.1324, device='cuda:0', grad_fn=<DivBackward0>)
Memory status after this epoch: 
Memory allocated:  117.826171875
Memory cached:  186.0
	 epoch  50 training error:  tensor(0.1257, device='cuda:0', grad_fn=<DivBackward0>)
Memory status after this epoch: 
Memory allocated:  117.826171875
Memory cached:  186.0
	 epoch  60 training error:  tensor(0.1159, device='cuda:0', grad_fn=<DivBackward0>)
Memory status after this epoch: 
Memory allocated:  117.826171875
Memory cached:  186.0
	 epoch  70 training error:  tensor(0.1129, device='cuda:0', grad_fn=<DivBackward0>)
Memory status after this epoch: 
Memory allocated:  117.826171875
Memory cached:  186.0
	 epoch  80 training error:  tensor(0.1057, device='cuda:0', grad_fn=<DivBackward0>)
Memory status after this epoch: 
Memory allocated:  117.826171875
Memory cached:  186.0
	 epoch  90 training error:  tensor(0.0896, device='cuda:0', grad_fn=<DivBackward0>)
Memory status after this epoch: 
Memory allocated:  117.826171875
Memory cached:  186.0
