[I 2023-12-05 02:19:34,048] Trial 46 finished with value: 0.5466855764389038 and parameters: {'W_layers': 6, 'W_layer_units_exponent_0': 10, 'W_layer_units_exponent_1': 5, 'W_layer_units_exponent_2': 5, 'W_layer_units_exponent_3': 10, 'W_layer_units_exponent_4': 6, 'W_layer_units_exponent_5': 9, 'D_layers': 5, 'D_layer_units_exponent_0': 10, 'D_layer_units_exponent_1': 9, 'D_layer_units_exponent_2': 9, 'D_layer_units_exponent_3': 6, 'D_layer_units_exponent_4': 5, 'log_learning_rate': -3.512007658639222, 'log_learning_rate_D': -1.2005121396431475, 'training_batch_size': 10, 'training_p': 3}. Best is trial 36 with value: 0.5074478983879089.
Time for this trial:  15.44618844985962
Memory status after this trial: 
Memory allocated:  102.51904296875
Memory cached:  124.0
--------------------  Trial  47   --------------------
Start timing: 
Parameters: 
{'W_layers': 6, 'W_layer_units_exponent_0': 8, 'W_layer_units_exponent_1': 7, 'W_layer_units_exponent_2': 5, 'W_layer_units_exponent_3': 10, 'W_layer_units_exponent_4': 4, 'W_layer_units_exponent_5': 8, 'D_layers': 5, 'D_layer_units_exponent_0': 10, 'D_layer_units_exponent_1': 9, 'D_layer_units_exponent_2': 5, 'D_layer_units_exponent_3': 6, 'D_layer_units_exponent_4': 4, 'log_learning_rate': -3.2174982704052786, 'log_learning_rate_D': -1.0287205572837799, 'training_batch_size': 7, 'training_p': 2}
	 epoch  0 training error:  tensor(0.9685, device='cuda:0', grad_fn=<DivBackward0>)
Memory status after this epoch: 
Memory allocated:  42.1611328125
Memory cached:  84.0
	 epoch  10 training error:  tensor(0.7770, device='cuda:0', grad_fn=<DivBackward0>)
Memory status after this epoch: 
Memory allocated:  42.1611328125
Memory cached:  84.0
	 epoch  20 training error:  tensor(0.7390, device='cuda:0', grad_fn=<DivBackward0>)
Memory status after this epoch: 
Memory allocated:  42.1611328125
Memory cached:  84.0
	 epoch  30 training error:  tensor(0.7167, device='cuda:0', grad_fn=<DivBackward0>)
Memory status after this epoch: 
Memory allocated:  42.1611328125
Memory cached:  84.0
	 epoch  40 training error:  tensor(0.6933, device='cuda:0', grad_fn=<DivBackward0>)
Memory status after this epoch: 
Memory allocated:  42.1611328125
Memory cached:  84.0
	 epoch  50 training error:  tensor(0.6182, device='cuda:0', grad_fn=<DivBackward0>)
Memory status after this epoch: 
Memory allocated:  42.1611328125
Memory cached:  84.0
	 epoch  60 training error:  tensor(0.5906, device='cuda:0', grad_fn=<DivBackward0>)
Memory status after this epoch: 
Memory allocated:  42.1611328125
Memory cached:  84.0
	 epoch  70 training error:  tensor(0.5721, device='cuda:0', grad_fn=<DivBackward0>)
Memory status after this epoch: 
Memory allocated:  42.1611328125
Memory cached:  84.0
	 epoch  80 training error:  tensor(0.5712, device='cuda:0', grad_fn=<DivBackward0>)
Memory status after this epoch: 
Memory allocated:  42.1611328125
Memory cached:  84.0
	 epoch  90 training error:  tensor(0.5686, device='cuda:0', grad_fn=<DivBackward0>)
Memory status after this epoch: 
Memory allocated:  42.1611328125
Memory cached:  84.0
[I 2023-12-05 02:19:49,141] Trial 47 finished with value: 0.5081638097763062 and parameters: {'W_layers': 6, 'W_layer_units_exponent_0': 8, 'W_layer_units_exponent_1': 7, 'W_layer_units_exponent_2': 5, 'W_layer_units_exponent_3': 10, 'W_layer_units_exponent_4': 4, 'W_layer_units_exponent_5': 8, 'D_layers': 5, 'D_layer_units_exponent_0': 10, 'D_layer_units_exponent_1': 9, 'D_layer_units_exponent_2': 5, 'D_layer_units_exponent_3': 6, 'D_layer_units_exponent_4': 4, 'log_learning_rate': -3.2174982704052786, 'log_learning_rate_D': -1.0287205572837799, 'training_batch_size': 7, 'training_p': 2}. Best is trial 36 with value: 0.5074478983879089.
Time for this trial:  14.910488605499268
Memory status after this trial: 
Memory allocated:  79.02587890625
Memory cached:  104.0
--------------------  Trial  48   --------------------
Start timing: 
Parameters: 
{'W_layers': 5, 'W_layer_units_exponent_0': 8, 'W_layer_units_exponent_1': 7, 'W_layer_units_exponent_2': 4, 'W_layer_units_exponent_3': 4, 'W_layer_units_exponent_4': 4, 'D_layers': 6, 'D_layer_units_exponent_0': 8, 'D_layer_units_exponent_1': 8, 'D_layer_units_exponent_2': 4, 'D_layer_units_exponent_3': 5, 'D_layer_units_exponent_4': 6, 'D_layer_units_exponent_5': 6, 'log_learning_rate': -3.2066129397728673, 'log_learning_rate_D': -1.0161321503656926, 'training_batch_size': 6, 'training_p': 2}
	 epoch  0 training error:  tensor(1.0502, device='cuda:0', grad_fn=<DivBackward0>)
Memory status after this epoch: 
Memory allocated:  39.48876953125
Memory cached:  84.0
	 epoch  10 training error:  tensor(0.7499, device='cuda:0', grad_fn=<DivBackward0>)
Memory status after this epoch: 
Memory allocated:  39.48876953125
Memory cached:  84.0
	 epoch  20 training error:  tensor(0.7246, device='cuda:0', grad_fn=<DivBackward0>)
Memory status after this epoch: 
Memory allocated:  39.48876953125
Memory cached:  84.0
	 epoch  30 training error:  tensor(0.7142, device='cuda:0', grad_fn=<DivBackward0>)
Memory status after this epoch: 
Memory allocated:  39.48876953125
Memory cached:  84.0
	 epoch  40 training error:  tensor(0.6917, device='cuda:0', grad_fn=<DivBackward0>)
Memory status after this epoch: 
Memory allocated:  39.48876953125
Memory cached:  84.0
	 epoch  50 training error:  tensor(0.6420, device='cuda:0', grad_fn=<DivBackward0>)
Memory status after this epoch: 
Memory allocated:  39.48876953125
Memory cached:  84.0
	 epoch  60 training error:  tensor(0.5784, device='cuda:0', grad_fn=<DivBackward0>)
Memory status after this epoch: 
Memory allocated:  39.48876953125
Memory cached:  84.0
	 epoch  70 training error:  tensor(0.5721, device='cuda:0', grad_fn=<DivBackward0>)
Memory status after this epoch: 
Memory allocated:  39.48876953125
Memory cached:  84.0
	 epoch  80 training error:  tensor(0.5724, device='cuda:0', grad_fn=<DivBackward0>)
Memory status after this epoch: 
Memory allocated:  39.48876953125
Memory cached:  84.0
	 epoch  90 training error:  tensor(0.5688, device='cuda:0', grad_fn=<DivBackward0>)
Memory status after this epoch: 
Memory allocated:  39.48876953125
Memory cached:  84.0
[I 2023-12-05 02:20:04,228] Trial 48 finished with value: 0.5105583071708679 and parameters: {'W_layers': 5, 'W_layer_units_exponent_0': 8, 'W_layer_units_exponent_1': 7, 'W_layer_units_exponent_2': 4, 'W_layer_units_exponent_3': 4, 'W_layer_units_exponent_4': 4, 'D_layers': 6, 'D_layer_units_exponent_0': 8, 'D_layer_units_exponent_1': 8, 'D_layer_units_exponent_2': 4, 'D_layer_units_exponent_3': 5, 'D_layer_units_exponent_4': 6, 'D_layer_units_exponent_5': 6, 'log_learning_rate': -3.2066129397728673, 'log_learning_rate_D': -1.0161321503656926, 'training_batch_size': 6, 'training_p': 2}. Best is trial 36 with value: 0.5074478983879089.
Time for this trial:  14.907419443130493
Memory status after this trial: 
Memory allocated:  48.83251953125
Memory cached:  84.0
--------------------  Trial  49   --------------------
Start timing: 
Parameters: 
{'W_layers': 4, 'W_layer_units_exponent_0': 8, 'W_layer_units_exponent_1': 8, 'W_layer_units_exponent_2': 5, 'W_layer_units_exponent_3': 10, 'D_layers': 5, 'D_layer_units_exponent_0': 9, 'D_layer_units_exponent_1': 9, 'D_layer_units_exponent_2': 5, 'D_layer_units_exponent_3': 7, 'D_layer_units_exponent_4': 5, 'log_learning_rate': -3.433055045112996, 'log_learning_rate_D': -1.225575832734427, 'training_batch_size': 8, 'training_p': 3}
	 epoch  0 training error:  tensor(1.0319, device='cuda:0', grad_fn=<DivBackward0>)
Memory status after this epoch: 
Memory allocated:  41.4326171875
Memory cached:  84.0
	 epoch  10 training error:  tensor(0.8016, device='cuda:0', grad_fn=<DivBackward0>)
Memory status after this epoch: 
Memory allocated:  41.4326171875
Memory cached:  84.0
	 epoch  20 training error:  tensor(0.7977, device='cuda:0', grad_fn=<DivBackward0>)
Memory status after this epoch: 
Memory allocated:  41.4326171875
Memory cached:  84.0
	 epoch  30 training error:  tensor(0.7893, device='cuda:0', grad_fn=<DivBackward0>)
Memory status after this epoch: 
Memory allocated:  41.4326171875
Memory cached:  84.0
	 epoch  40 training error:  tensor(0.7843, device='cuda:0', grad_fn=<DivBackward0>)
Memory status after this epoch: 
Memory allocated:  41.4326171875
Memory cached:  84.0
	 epoch  50 training error:  tensor(0.7793, device='cuda:0', grad_fn=<DivBackward0>)
Memory status after this epoch: 
Memory allocated:  41.4326171875
Memory cached:  84.0
	 epoch  60 training error:  tensor(0.7725, device='cuda:0', grad_fn=<DivBackward0>)
Memory status after this epoch: 
Memory allocated:  41.4326171875
Memory cached:  84.0
	 epoch  70 training error:  tensor(0.7609, device='cuda:0', grad_fn=<DivBackward0>)
Memory status after this epoch: 
Memory allocated:  41.4326171875
Memory cached:  84.0
	 epoch  80 training error:  tensor(0.7346, device='cuda:0', grad_fn=<DivBackward0>)
Memory status after this epoch: 
Memory allocated:  41.4326171875
Memory cached:  84.0
	 epoch  90 training error:  tensor(0.6750, device='cuda:0', grad_fn=<DivBackward0>)
Memory status after this epoch: 
Memory allocated:  41.4326171875
Memory cached:  84.0
[I 2023-12-05 02:20:18,966] Trial 49 finished with value: 0.5711338520050049 and parameters: {'W_layers': 4, 'W_layer_units_exponent_0': 8, 'W_layer_units_exponent_1': 8, 'W_layer_units_exponent_2': 5, 'W_layer_units_exponent_3': 10, 'D_layers': 5, 'D_layer_units_exponent_0': 9, 'D_layer_units_exponent_1': 9, 'D_layer_units_exponent_2': 5, 'D_layer_units_exponent_3': 7, 'D_layer_units_exponent_4': 5, 'log_learning_rate': -3.433055045112996, 'log_learning_rate_D': -1.225575832734427, 'training_batch_size': 8, 'training_p': 3}. Best is trial 36 with value: 0.5074478983879089.
Time for this trial:  14.558408260345459
Memory status after this trial: 
Memory allocated:  75.39013671875
Memory cached:  104.0
--------------------  Trial  50   --------------------
Start timing: 
Parameters: 
{'W_layers': 8, 'W_layer_units_exponent_0': 8, 'W_layer_units_exponent_1': 9, 'W_layer_units_exponent_2': 6, 'W_layer_units_exponent_3': 5, 'W_layer_units_exponent_4': 4, 'W_layer_units_exponent_5': 9, 'W_layer_units_exponent_6': 5, 'W_layer_units_exponent_7': 7, 'D_layers': 7, 'D_layer_units_exponent_0': 10, 'D_layer_units_exponent_1': 8, 'D_layer_units_exponent_2': 5, 'D_layer_units_exponent_3': 5, 'D_layer_units_exponent_4': 7, 'D_layer_units_exponent_5': 4, 'D_layer_units_exponent_6': 10, 'log_learning_rate': -3.037895860393009, 'log_learning_rate_D': -1.4957775424304738, 'training_batch_size': 9, 'training_p': 7}
	 epoch  0 training error:  tensor(1.0172, device='cuda:0', grad_fn=<DivBackward0>)
Memory status after this epoch: 
Memory allocated:  42.81103515625
Memory cached:  84.0
	 epoch  10 training error:  tensor(0.8402, device='cuda:0', grad_fn=<DivBackward0>)
Memory status after this epoch: 
Memory allocated:  42.81103515625
Memory cached:  84.0
	 epoch  20 training error:  tensor(0.7361, device='cuda:0', grad_fn=<DivBackward0>)
Memory status after this epoch: 
Memory allocated:  42.81103515625
Memory cached:  84.0
	 epoch  30 training error:  tensor(0.6879, device='cuda:0', grad_fn=<DivBackward0>)
Memory status after this epoch: 
Memory allocated:  42.81103515625
Memory cached:  84.0
	 epoch  40 training error:  tensor(0.6766, device='cuda:0', grad_fn=<DivBackward0>)
Memory status after this epoch: 
Memory allocated:  42.81103515625
Memory cached:  84.0
	 epoch  50 training error:  tensor(0.6737, device='cuda:0', grad_fn=<DivBackward0>)
Memory status after this epoch: 
Memory allocated:  42.81103515625
Memory cached:  84.0
	 epoch  60 training error:  tensor(0.6716, device='cuda:0', grad_fn=<DivBackward0>)
Memory status after this epoch: 
Memory allocated:  42.81103515625
Memory cached:  84.0
	 epoch  70 training error:  tensor(0.6714, device='cuda:0', grad_fn=<DivBackward0>)
Memory status after this epoch: 
Memory allocated:  42.81103515625
Memory cached:  84.0
	 epoch  80 training error:  tensor(0.6711, device='cuda:0', grad_fn=<DivBackward0>)
Memory status after this epoch: 
Memory allocated:  42.81103515625
Memory cached:  84.0
	 epoch  90 training error:  tensor(0.6712, device='cuda:0', grad_fn=<DivBackward0>)
Memory status after this epoch: 
Memory allocated:  42.81103515625
Memory cached:  84.0
[I 2023-12-05 02:20:34,095] Trial 50 finished with value: 0.7041330337524414 and parameters: {'W_layers': 8, 'W_layer_units_exponent_0': 8, 'W_layer_units_exponent_1': 9, 'W_layer_units_exponent_2': 6, 'W_layer_units_exponent_3': 5, 'W_layer_units_exponent_4': 4, 'W_layer_units_exponent_5': 9, 'W_layer_units_exponent_6': 5, 'W_layer_units_exponent_7': 7, 'D_layers': 7, 'D_layer_units_exponent_0': 10, 'D_layer_units_exponent_1': 8, 'D_layer_units_exponent_2': 5, 'D_layer_units_exponent_3': 5, 'D_layer_units_exponent_4': 7, 'D_layer_units_exponent_5': 4, 'D_layer_units_exponent_6': 10, 'log_learning_rate': -3.037895860393009, 'log_learning_rate_D': -1.4957775424304738, 'training_batch_size': 9, 'training_p': 7}. Best is trial 36 with value: 0.5074478983879089.
Time for this trial:  14.928420543670654
Memory status after this trial: 
Memory allocated:  75.69482421875
Memory cached:  104.0
--------------------  Trial  51   --------------------
Start timing: 
Parameters: 
{'W_layers': 6, 'W_layer_units_exponent_0': 9, 'W_layer_units_exponent_1': 7, 'W_layer_units_exponent_2': 5, 'W_layer_units_exponent_3': 10, 'W_layer_units_exponent_4': 5, 'W_layer_units_exponent_5': 8, 'D_layers': 5, 'D_layer_units_exponent_0': 10, 'D_layer_units_exponent_1': 9, 'D_layer_units_exponent_2': 6, 'D_layer_units_exponent_3': 6, 'D_layer_units_exponent_4': 4, 'log_learning_rate': -2.7385430852304955, 'log_learning_rate_D': -1.5311344288943127, 'training_batch_size': 7, 'training_p': 2}
	 epoch  0 training error:  tensor(0.9672, device='cuda:0', grad_fn=<DivBackward0>)
Memory status after this epoch: 
Memory allocated:  43.0556640625
Memory cached:  84.0
	 epoch  10 training error:  tensor(0.7180, device='cuda:0', grad_fn=<DivBackward0>)
Memory status after this epoch: 
Memory allocated:  43.0556640625
Memory cached:  84.0
	 epoch  20 training error:  tensor(0.5777, device='cuda:0', grad_fn=<DivBackward0>)
Memory status after this epoch: 
Memory allocated:  43.0556640625
Memory cached:  84.0
	 epoch  30 training error:  tensor(0.5766, device='cuda:0', grad_fn=<DivBackward0>)
Memory status after this epoch: 
Memory allocated:  43.0556640625
Memory cached:  84.0
	 epoch  40 training error:  tensor(0.5689, device='cuda:0', grad_fn=<DivBackward0>)
Memory status after this epoch: 
Memory allocated:  43.0556640625
Memory cached:  84.0
	 epoch  50 training error:  tensor(0.5691, device='cuda:0', grad_fn=<DivBackward0>)
Memory status after this epoch: 
Memory allocated:  43.0556640625
Memory cached:  84.0
	 epoch  60 training error:  tensor(0.5687, device='cuda:0', grad_fn=<DivBackward0>)
Memory status after this epoch: 
Memory allocated:  43.0556640625
Memory cached:  84.0
	 epoch  70 training error:  tensor(0.5684, device='cuda:0', grad_fn=<DivBackward0>)
Memory status after this epoch: 
Memory allocated:  43.0556640625
Memory cached:  84.0
	 epoch  80 training error:  tensor(0.5682, device='cuda:0', grad_fn=<DivBackward0>)
Memory status after this epoch: 
Memory allocated:  43.0556640625
Memory cached:  84.0
	 epoch  90 training error:  tensor(0.5682, device='cuda:0', grad_fn=<DivBackward0>)
Memory status after this epoch: 
Memory allocated:  43.0556640625
Memory cached:  84.0
[I 2023-12-05 02:20:49,228] Trial 51 finished with value: 0.5102606415748596 and parameters: {'W_layers': 6, 'W_layer_units_exponent_0': 9, 'W_layer_units_exponent_1': 7, 'W_layer_units_exponent_2': 5, 'W_layer_units_exponent_3': 10, 'W_layer_units_exponent_4': 5, 'W_layer_units_exponent_5': 8, 'D_layers': 5, 'D_layer_units_exponent_0': 10, 'D_layer_units_exponent_1': 9, 'D_layer_units_exponent_2': 6, 'D_layer_units_exponent_3': 6, 'D_layer_units_exponent_4': 4, 'log_learning_rate': -2.7385430852304955, 'log_learning_rate_D': -1.5311344288943127, 'training_batch_size': 7, 'training_p': 2}. Best is trial 36 with value: 0.5074478983879089.
Time for this trial:  14.951573371887207
Memory status after this trial: 
Memory allocated:  85.75732421875
Memory cached:  104.0
--------------------  Trial  52   --------------------
Start timing: 
Parameters: 
{'W_layers': 6, 'W_layer_units_exponent_0': 9, 'W_layer_units_exponent_1': 5, 'W_layer_units_exponent_2': 7, 'W_layer_units_exponent_3': 10, 'W_layer_units_exponent_4': 4, 'W_layer_units_exponent_5': 8, 'D_layers': 6, 'D_layer_units_exponent_0': 10, 'D_layer_units_exponent_1': 9, 'D_layer_units_exponent_2': 7, 'D_layer_units_exponent_3': 6, 'D_layer_units_exponent_4': 4, 'D_layer_units_exponent_5': 6, 'log_learning_rate': -3.2451432475131012, 'log_learning_rate_D': -1.1745489237446587, 'training_batch_size': 7, 'training_p': 2}
	 epoch  0 training error:  tensor(0.9706, device='cuda:0', grad_fn=<DivBackward0>)
Memory status after this epoch: 
Memory allocated:  43.63818359375
Memory cached:  84.0
	 epoch  10 training error:  tensor(0.7712, device='cuda:0', grad_fn=<DivBackward0>)
Memory status after this epoch: 
Memory allocated:  43.63818359375
Memory cached:  84.0
	 epoch  20 training error:  tensor(0.7366, device='cuda:0', grad_fn=<DivBackward0>)
Memory status after this epoch: 
Memory allocated:  43.63818359375
Memory cached:  84.0
	 epoch  30 training error:  tensor(0.7230, device='cuda:0', grad_fn=<DivBackward0>)
Memory status after this epoch: 
Memory allocated:  43.63818359375
Memory cached:  84.0
	 epoch  40 training error:  tensor(0.7083, device='cuda:0', grad_fn=<DivBackward0>)
Memory status after this epoch: 
Memory allocated:  43.63818359375
Memory cached:  84.0
	 epoch  50 training error:  tensor(0.6587, device='cuda:0', grad_fn=<DivBackward0>)
Memory status after this epoch: 
Memory allocated:  43.63818359375
Memory cached:  84.0
	 epoch  60 training error:  tensor(0.5744, device='cuda:0', grad_fn=<DivBackward0>)
Memory status after this epoch: 
Memory allocated:  43.63818359375
Memory cached:  84.0
	 epoch  70 training error:  tensor(0.5718, device='cuda:0', grad_fn=<DivBackward0>)
Memory status after this epoch: 
Memory allocated:  43.63818359375
Memory cached:  84.0
	 epoch  80 training error:  tensor(0.5704, device='cuda:0', grad_fn=<DivBackward0>)
Memory status after this epoch: 
Memory allocated:  43.63818359375
Memory cached:  84.0
	 epoch  90 training error:  tensor(0.5682, device='cuda:0', grad_fn=<DivBackward0>)
Memory status after this epoch: 
Memory allocated:  43.63818359375
Memory cached:  84.0
[I 2023-12-05 02:21:04,533] Trial 52 finished with value: 0.5090683698654175 and parameters: {'W_layers': 6, 'W_layer_units_exponent_0': 9, 'W_layer_units_exponent_1': 5, 'W_layer_units_exponent_2': 7, 'W_layer_units_exponent_3': 10, 'W_layer_units_exponent_4': 4, 'W_layer_units_exponent_5': 8, 'D_layers': 6, 'D_layer_units_exponent_0': 10, 'D_layer_units_exponent_1': 9, 'D_layer_units_exponent_2': 7, 'D_layer_units_exponent_3': 6, 'D_layer_units_exponent_4': 4, 'D_layer_units_exponent_5': 6, 'log_learning_rate': -3.2451432475131012, 'log_learning_rate_D': -1.1745489237446587, 'training_batch_size': 7, 'training_p': 2}. Best is trial 36 with value: 0.5074478983879089.
Time for this trial:  15.119244575500488
Memory status after this trial: 
Memory allocated:  85.60986328125
Memory cached:  104.0
--------------------  Trial  53   --------------------
Start timing: 
Parameters: 
{'W_layers': 6, 'W_layer_units_exponent_0': 7, 'W_layer_units_exponent_1': 6, 'W_layer_units_exponent_2': 6, 'W_layer_units_exponent_3': 10, 'W_layer_units_exponent_4': 4, 'W_layer_units_exponent_5': 7, 'D_layers': 8, 'D_layer_units_exponent_0': 10, 'D_layer_units_exponent_1': 9, 'D_layer_units_exponent_2': 5, 'D_layer_units_exponent_3': 6, 'D_layer_units_exponent_4': 5, 'D_layer_units_exponent_5': 6, 'D_layer_units_exponent_6': 6, 'D_layer_units_exponent_7': 10, 'log_learning_rate': -3.270911049432611, 'log_learning_rate_D': -1.1591816941771849, 'training_batch_size': 7, 'training_p': 2}
	 epoch  0 training error:  tensor(1.0747, device='cuda:0', grad_fn=<DivBackward0>)
Memory status after this epoch: 
Memory allocated:  42.52734375
Memory cached:  84.0
	 epoch  10 training error:  tensor(0.7877, device='cuda:0', grad_fn=<DivBackward0>)
Memory status after this epoch: 
Memory allocated:  42.52734375
Memory cached:  84.0
	 epoch  20 training error:  tensor(0.7503, device='cuda:0', grad_fn=<DivBackward0>)
Memory status after this epoch: 
Memory allocated:  42.52734375
Memory cached:  84.0
	 epoch  30 training error:  tensor(0.7341, device='cuda:0', grad_fn=<DivBackward0>)
Memory status after this epoch: 
Memory allocated:  42.52734375
Memory cached:  84.0
	 epoch  40 training error:  tensor(0.7234, device='cuda:0', grad_fn=<DivBackward0>)
Memory status after this epoch: 
Memory allocated:  42.52734375
Memory cached:  84.0
	 epoch  50 training error:  tensor(0.7154, device='cuda:0', grad_fn=<DivBackward0>)
Memory status after this epoch: 
Memory allocated:  42.52734375
Memory cached:  84.0
	 epoch  60 training error:  tensor(0.6998, device='cuda:0', grad_fn=<DivBackward0>)
Memory status after this epoch: 
Memory allocated:  42.52734375
Memory cached:  84.0
	 epoch  70 training error:  tensor(0.6618, device='cuda:0', grad_fn=<DivBackward0>)
Memory status after this epoch: 
Memory allocated:  42.52734375
Memory cached:  84.0
	 epoch  80 training error:  tensor(0.5763, device='cuda:0', grad_fn=<DivBackward0>)
Memory status after this epoch: 
Memory allocated:  42.52734375
Memory cached:  84.0
	 epoch  90 training error:  tensor(0.5812, device='cuda:0', grad_fn=<DivBackward0>)
Memory status after this epoch: 
Memory allocated:  42.52734375
Memory cached:  84.0
