[I 2024-01-03 15:03:10,185] Trial 16 finished with value: 0.3425455093383789 and parameters: {'W_layers': 4, 'W_layer_units_exponent_0': 9, 'W_layer_units_exponent_1': 8, 'W_layer_units_exponent_2': 6, 'W_layer_units_exponent_3': 4, 'D_layers': 8, 'D_layer_units_exponent_0': 10, 'D_layer_units_exponent_1': 9, 'D_layer_units_exponent_2': 10, 'D_layer_units_exponent_3': 4, 'D_layer_units_exponent_4': 5, 'D_layer_units_exponent_5': 10, 'D_layer_units_exponent_6': 4, 'D_layer_units_exponent_7': 5, 'D_dagger_layers': 7, 'D_dagger_layer_units_exponent_0': 8, 'D_dagger_layer_units_exponent_1': 10, 'D_dagger_layer_units_exponent_2': 5, 'D_dagger_layer_units_exponent_3': 7, 'D_dagger_layer_units_exponent_4': 4, 'D_dagger_layer_units_exponent_5': 7, 'D_dagger_layer_units_exponent_6': 6, 'log_learning_rate': -4.949140479037129, 'log_learning_rate_D': -4.137262344280125, 'log_learning_rate_D_dagger': -2.466871309605817, 'training_batch_size': 7, 'training_p': 5}. Best is trial 15 with value: 0.2614690661430359.
Time for this trial:  248.97184944152832
Memory status after this trial: 
Memory allocated:  649.84228515625
Memory cached:  660.0
--------------------  Trial  17   --------------------
Start timing: 
Parameters: 
{'W_layers': 4, 'W_layer_units_exponent_0': 8, 'W_layer_units_exponent_1': 6, 'W_layer_units_exponent_2': 6, 'W_layer_units_exponent_3': 6, 'D_layers': 7, 'D_layer_units_exponent_0': 8, 'D_layer_units_exponent_1': 9, 'D_layer_units_exponent_2': 8, 'D_layer_units_exponent_3': 5, 'D_layer_units_exponent_4': 5, 'D_layer_units_exponent_5': 8, 'D_layer_units_exponent_6': 5, 'D_dagger_layers': 6, 'D_dagger_layer_units_exponent_0': 6, 'D_dagger_layer_units_exponent_1': 10, 'D_dagger_layer_units_exponent_2': 5, 'D_dagger_layer_units_exponent_3': 6, 'D_dagger_layer_units_exponent_4': 6, 'D_dagger_layer_units_exponent_5': 7, 'log_learning_rate': -3.91799239553992, 'log_learning_rate_D': -4.208529859016447, 'log_learning_rate_D_dagger': -2.6327394363236367, 'training_batch_size': 9, 'training_p': 3}
	 epoch  0 training error:  tensor(0.9598, device='cuda:0', grad_fn=<DivBackward0>)
Memory status after this epoch: 
Memory allocated:  316.33642578125
Memory cached:  494.0
	 epoch  10 training error:  tensor(0.3839, device='cuda:0', grad_fn=<DivBackward0>)
Memory status after this epoch: 
Memory allocated:  316.33642578125
Memory cached:  498.0
	 epoch  20 training error:  tensor(0.3821, device='cuda:0', grad_fn=<DivBackward0>)
Memory status after this epoch: 
Memory allocated:  316.33642578125
Memory cached:  496.0
	 epoch  30 training error:  tensor(0.3908, device='cuda:0', grad_fn=<DivBackward0>)
Memory status after this epoch: 
Memory allocated:  316.33642578125
Memory cached:  494.0
	 epoch  40 training error:  tensor(0.3837, device='cuda:0', grad_fn=<DivBackward0>)
Memory status after this epoch: 
Memory allocated:  316.33642578125
Memory cached:  494.0
	 epoch  50 training error:  tensor(0.3796, device='cuda:0', grad_fn=<DivBackward0>)
Memory status after this epoch: 
Memory allocated:  316.33642578125
Memory cached:  496.0
	 epoch  60 training error:  tensor(0.3797, device='cuda:0', grad_fn=<DivBackward0>)
Memory status after this epoch: 
Memory allocated:  316.33642578125
Memory cached:  494.0
	 epoch  70 training error:  tensor(0.3824, device='cuda:0', grad_fn=<DivBackward0>)
Memory status after this epoch: 
Memory allocated:  316.33642578125
Memory cached:  496.0
	 epoch  80 training error:  tensor(0.3750, device='cuda:0', grad_fn=<DivBackward0>)
Memory status after this epoch: 
Memory allocated:  316.33642578125
Memory cached:  496.0
	 epoch  90 training error:  tensor(0.3718, device='cuda:0', grad_fn=<DivBackward0>)
Memory status after this epoch: 
Memory allocated:  316.33642578125
Memory cached:  496.0
[I 2024-01-03 15:06:44,122] Trial 17 finished with value: 0.33073925971984863 and parameters: {'W_layers': 4, 'W_layer_units_exponent_0': 8, 'W_layer_units_exponent_1': 6, 'W_layer_units_exponent_2': 6, 'W_layer_units_exponent_3': 6, 'D_layers': 7, 'D_layer_units_exponent_0': 8, 'D_layer_units_exponent_1': 9, 'D_layer_units_exponent_2': 8, 'D_layer_units_exponent_3': 5, 'D_layer_units_exponent_4': 5, 'D_layer_units_exponent_5': 8, 'D_layer_units_exponent_6': 5, 'D_dagger_layers': 6, 'D_dagger_layer_units_exponent_0': 6, 'D_dagger_layer_units_exponent_1': 10, 'D_dagger_layer_units_exponent_2': 5, 'D_dagger_layer_units_exponent_3': 6, 'D_dagger_layer_units_exponent_4': 6, 'D_dagger_layer_units_exponent_5': 7, 'log_learning_rate': -3.91799239553992, 'log_learning_rate_D': -4.208529859016447, 'log_learning_rate_D_dagger': -2.6327394363236367, 'training_batch_size': 9, 'training_p': 3}. Best is trial 15 with value: 0.2614690661430359.
Time for this trial:  213.49107432365417
Memory status after this trial: 
Memory allocated:  481.7978515625
Memory cached:  498.0
--------------------  Trial  18   --------------------
Start timing: 
Parameters: 
{'W_layers': 6, 'W_layer_units_exponent_0': 10, 'W_layer_units_exponent_1': 8, 'W_layer_units_exponent_2': 6, 'W_layer_units_exponent_3': 5, 'W_layer_units_exponent_4': 8, 'W_layer_units_exponent_5': 10, 'D_layers': 7, 'D_layer_units_exponent_0': 8, 'D_layer_units_exponent_1': 7, 'D_layer_units_exponent_2': 9, 'D_layer_units_exponent_3': 6, 'D_layer_units_exponent_4': 6, 'D_layer_units_exponent_5': 10, 'D_layer_units_exponent_6': 7, 'D_dagger_layers': 8, 'D_dagger_layer_units_exponent_0': 7, 'D_dagger_layer_units_exponent_1': 8, 'D_dagger_layer_units_exponent_2': 7, 'D_dagger_layer_units_exponent_3': 8, 'D_dagger_layer_units_exponent_4': 5, 'D_dagger_layer_units_exponent_5': 6, 'D_dagger_layer_units_exponent_6': 10, 'D_dagger_layer_units_exponent_7': 4, 'log_learning_rate': -4.686485240020591, 'log_learning_rate_D': -3.750808206379999, 'log_learning_rate_D_dagger': -2.105644953120354, 'training_batch_size': 11, 'training_p': 5}
	 epoch  0 training error:  tensor(1.0217, device='cuda:0', grad_fn=<DivBackward0>)
Memory status after this epoch: 
Memory allocated:  326.30712890625
Memory cached:  514.0
	 epoch  10 training error:  tensor(0.6484, device='cuda:0', grad_fn=<DivBackward0>)
Memory status after this epoch: 
Memory allocated:  326.30712890625
Memory cached:  602.0
	 epoch  20 training error:  tensor(0.5100, device='cuda:0', grad_fn=<DivBackward0>)
Memory status after this epoch: 
Memory allocated:  326.30712890625
Memory cached:  604.0
	 epoch  30 training error:  tensor(0.5173, device='cuda:0', grad_fn=<DivBackward0>)
Memory status after this epoch: 
Memory allocated:  326.30712890625
Memory cached:  600.0
	 epoch  40 training error:  tensor(0.4992, device='cuda:0', grad_fn=<DivBackward0>)
Memory status after this epoch: 
Memory allocated:  326.30712890625
Memory cached:  604.0
	 epoch  50 training error:  tensor(0.5024, device='cuda:0', grad_fn=<DivBackward0>)
Memory status after this epoch: 
Memory allocated:  326.30712890625
Memory cached:  594.0
	 epoch  60 training error:  tensor(0.4886, device='cuda:0', grad_fn=<DivBackward0>)
Memory status after this epoch: 
Memory allocated:  326.30712890625
Memory cached:  594.0
	 epoch  70 training error:  tensor(0.4872, device='cuda:0', grad_fn=<DivBackward0>)
Memory status after this epoch: 
Memory allocated:  326.30712890625
Memory cached:  594.0
	 epoch  80 training error:  tensor(0.5010, device='cuda:0', grad_fn=<DivBackward0>)
Memory status after this epoch: 
Memory allocated:  326.30712890625
Memory cached:  598.0
	 epoch  90 training error:  tensor(0.4882, device='cuda:0', grad_fn=<DivBackward0>)
Memory status after this epoch: 
Memory allocated:  326.30712890625
Memory cached:  608.0
[I 2024-01-03 15:11:14,383] Trial 18 finished with value: 0.43591785430908203 and parameters: {'W_layers': 6, 'W_layer_units_exponent_0': 10, 'W_layer_units_exponent_1': 8, 'W_layer_units_exponent_2': 6, 'W_layer_units_exponent_3': 5, 'W_layer_units_exponent_4': 8, 'W_layer_units_exponent_5': 10, 'D_layers': 7, 'D_layer_units_exponent_0': 8, 'D_layer_units_exponent_1': 7, 'D_layer_units_exponent_2': 9, 'D_layer_units_exponent_3': 6, 'D_layer_units_exponent_4': 6, 'D_layer_units_exponent_5': 10, 'D_layer_units_exponent_6': 7, 'D_dagger_layers': 8, 'D_dagger_layer_units_exponent_0': 7, 'D_dagger_layer_units_exponent_1': 8, 'D_dagger_layer_units_exponent_2': 7, 'D_dagger_layer_units_exponent_3': 8, 'D_dagger_layer_units_exponent_4': 5, 'D_dagger_layer_units_exponent_5': 6, 'D_dagger_layer_units_exponent_6': 10, 'D_dagger_layer_units_exponent_7': 4, 'log_learning_rate': -4.686485240020591, 'log_learning_rate_D': -3.750808206379999, 'log_learning_rate_D_dagger': -2.105644953120354, 'training_batch_size': 11, 'training_p': 5}. Best is trial 15 with value: 0.2614690661430359.
Time for this trial:  269.73851561546326
Memory status after this trial: 
Memory allocated:  668.150390625
Memory cached:  690.0
--------------------  Trial  19   --------------------
Start timing: 
Parameters: 
{'W_layers': 2, 'W_layer_units_exponent_0': 9, 'W_layer_units_exponent_1': 6, 'D_layers': 6, 'D_layer_units_exponent_0': 10, 'D_layer_units_exponent_1': 5, 'D_layer_units_exponent_2': 9, 'D_layer_units_exponent_3': 5, 'D_layer_units_exponent_4': 5, 'D_layer_units_exponent_5': 6, 'D_dagger_layers': 6, 'D_dagger_layer_units_exponent_0': 5, 'D_dagger_layer_units_exponent_1': 8, 'D_dagger_layer_units_exponent_2': 5, 'D_dagger_layer_units_exponent_3': 8, 'D_dagger_layer_units_exponent_4': 7, 'D_dagger_layer_units_exponent_5': 7, 'log_learning_rate': -3.899688495065232, 'log_learning_rate_D': -4.405461556579381, 'log_learning_rate_D_dagger': -2.909881201856453, 'training_batch_size': 8, 'training_p': 3}
	 epoch  0 training error:  tensor(0.8286, device='cuda:0', grad_fn=<DivBackward0>)
Memory status after this epoch: 
Memory allocated:  312.56884765625
Memory cached:  488.0
	 epoch  10 training error:  tensor(0.4361, device='cuda:0', grad_fn=<DivBackward0>)
Memory status after this epoch: 
Memory allocated:  312.56884765625
Memory cached:  488.0
	 epoch  20 training error:  tensor(0.3824, device='cuda:0', grad_fn=<DivBackward0>)
Memory status after this epoch: 
Memory allocated:  312.56884765625
Memory cached:  488.0
	 epoch  30 training error:  tensor(0.3888, device='cuda:0', grad_fn=<DivBackward0>)
Memory status after this epoch: 
Memory allocated:  312.56884765625
Memory cached:  490.0
	 epoch  40 training error:  tensor(0.3899, device='cuda:0', grad_fn=<DivBackward0>)
Memory status after this epoch: 
Memory allocated:  312.56884765625
Memory cached:  490.0
	 epoch  50 training error:  tensor(0.3886, device='cuda:0', grad_fn=<DivBackward0>)
Memory status after this epoch: 
Memory allocated:  312.56884765625
Memory cached:  490.0
	 epoch  60 training error:  tensor(0.3745, device='cuda:0', grad_fn=<DivBackward0>)
Memory status after this epoch: 
Memory allocated:  312.56884765625
Memory cached:  492.0
	 epoch  70 training error:  tensor(0.3752, device='cuda:0', grad_fn=<DivBackward0>)
Memory status after this epoch: 
Memory allocated:  312.56884765625
Memory cached:  488.0
	 epoch  80 training error:  tensor(0.3745, device='cuda:0', grad_fn=<DivBackward0>)
Memory status after this epoch: 
Memory allocated:  312.56884765625
Memory cached:  490.0
	 epoch  90 training error:  tensor(0.3762, device='cuda:0', grad_fn=<DivBackward0>)
Memory status after this epoch: 
Memory allocated:  312.56884765625
Memory cached:  492.0
[I 2024-01-03 15:14:25,088] Trial 19 finished with value: 0.33494192361831665 and parameters: {'W_layers': 2, 'W_layer_units_exponent_0': 9, 'W_layer_units_exponent_1': 6, 'D_layers': 6, 'D_layer_units_exponent_0': 10, 'D_layer_units_exponent_1': 5, 'D_layer_units_exponent_2': 9, 'D_layer_units_exponent_3': 5, 'D_layer_units_exponent_4': 5, 'D_layer_units_exponent_5': 6, 'D_dagger_layers': 6, 'D_dagger_layer_units_exponent_0': 5, 'D_dagger_layer_units_exponent_1': 8, 'D_dagger_layer_units_exponent_2': 5, 'D_dagger_layer_units_exponent_3': 8, 'D_dagger_layer_units_exponent_4': 7, 'D_dagger_layer_units_exponent_5': 7, 'log_learning_rate': -3.899688495065232, 'log_learning_rate_D': -4.405461556579381, 'log_learning_rate_D_dagger': -2.909881201856453, 'training_batch_size': 8, 'training_p': 3}. Best is trial 15 with value: 0.2614690661430359.
Time for this trial:  190.21321177482605
Memory status after this trial: 
Memory allocated:  474.37451171875
Memory cached:  490.0
--------------------  Trial  20   --------------------
Start timing: 
Parameters: 
{'W_layers': 6, 'W_layer_units_exponent_0': 8, 'W_layer_units_exponent_1': 10, 'W_layer_units_exponent_2': 8, 'W_layer_units_exponent_3': 5, 'W_layer_units_exponent_4': 4, 'W_layer_units_exponent_5': 5, 'D_layers': 8, 'D_layer_units_exponent_0': 6, 'D_layer_units_exponent_1': 10, 'D_layer_units_exponent_2': 7, 'D_layer_units_exponent_3': 5, 'D_layer_units_exponent_4': 4, 'D_layer_units_exponent_5': 8, 'D_layer_units_exponent_6': 6, 'D_layer_units_exponent_7': 10, 'D_dagger_layers': 7, 'D_dagger_layer_units_exponent_0': 8, 'D_dagger_layer_units_exponent_1': 10, 'D_dagger_layer_units_exponent_2': 8, 'D_dagger_layer_units_exponent_3': 5, 'D_dagger_layer_units_exponent_4': 5, 'D_dagger_layer_units_exponent_5': 8, 'D_dagger_layer_units_exponent_6': 4, 'log_learning_rate': -4.981447327316683, 'log_learning_rate_D': -3.23897810749492, 'log_learning_rate_D_dagger': -2.235027534983703, 'training_batch_size': 9, 'training_p': 4}
	 epoch  0 training error:  tensor(0.9845, device='cuda:0', grad_fn=<DivBackward0>)
Memory status after this epoch: 
Memory allocated:  330.76611328125
Memory cached:  504.0
	 epoch  10 training error:  tensor(0.6905, device='cuda:0', grad_fn=<DivBackward0>)
Memory status after this epoch: 
Memory allocated:  330.76611328125
Memory cached:  594.0
	 epoch  20 training error:  tensor(0.4572, device='cuda:0', grad_fn=<DivBackward0>)
Memory status after this epoch: 
Memory allocated:  330.76611328125
Memory cached:  592.0
	 epoch  30 training error:  tensor(0.4489, device='cuda:0', grad_fn=<DivBackward0>)
Memory status after this epoch: 
Memory allocated:  330.76611328125
Memory cached:  600.0
	 epoch  40 training error:  tensor(0.4499, device='cuda:0', grad_fn=<DivBackward0>)
Memory status after this epoch: 
Memory allocated:  330.76611328125
Memory cached:  592.0
	 epoch  50 training error:  tensor(0.4394, device='cuda:0', grad_fn=<DivBackward0>)
Memory status after this epoch: 
Memory allocated:  330.76611328125
Memory cached:  586.0
	 epoch  60 training error:  tensor(0.4278, device='cuda:0', grad_fn=<DivBackward0>)
Memory status after this epoch: 
Memory allocated:  330.76611328125
Memory cached:  590.0
	 epoch  70 training error:  tensor(0.5097, device='cuda:0', grad_fn=<DivBackward0>)
Memory status after this epoch: 
Memory allocated:  330.76611328125
Memory cached:  582.0
	 epoch  80 training error:  tensor(0.4471, device='cuda:0', grad_fn=<DivBackward0>)
Memory status after this epoch: 
Memory allocated:  330.76611328125
Memory cached:  592.0
	 epoch  90 training error:  tensor(0.4454, device='cuda:0', grad_fn=<DivBackward0>)
Memory status after this epoch: 
Memory allocated:  330.76611328125
Memory cached:  594.0
[I 2024-01-03 15:18:46,428] Trial 20 finished with value: 0.39631471037864685 and parameters: {'W_layers': 6, 'W_layer_units_exponent_0': 8, 'W_layer_units_exponent_1': 10, 'W_layer_units_exponent_2': 8, 'W_layer_units_exponent_3': 5, 'W_layer_units_exponent_4': 4, 'W_layer_units_exponent_5': 5, 'D_layers': 8, 'D_layer_units_exponent_0': 6, 'D_layer_units_exponent_1': 10, 'D_layer_units_exponent_2': 7, 'D_layer_units_exponent_3': 5, 'D_layer_units_exponent_4': 4, 'D_layer_units_exponent_5': 8, 'D_layer_units_exponent_6': 6, 'D_layer_units_exponent_7': 10, 'D_dagger_layers': 7, 'D_dagger_layer_units_exponent_0': 8, 'D_dagger_layer_units_exponent_1': 10, 'D_dagger_layer_units_exponent_2': 8, 'D_dagger_layer_units_exponent_3': 5, 'D_dagger_layer_units_exponent_4': 5, 'D_dagger_layer_units_exponent_5': 8, 'D_dagger_layer_units_exponent_6': 4, 'log_learning_rate': -4.981447327316683, 'log_learning_rate_D': -3.23897810749492, 'log_learning_rate_D_dagger': -2.235027534983703, 'training_batch_size': 9, 'training_p': 4}. Best is trial 15 with value: 0.2614690661430359.
Time for this trial:  260.91049003601074
Memory status after this trial: 
Memory allocated:  637.1103515625
Memory cached:  660.0
--------------------  Trial  21   --------------------
Start timing: 
Parameters: 
{'W_layers': 3, 'W_layer_units_exponent_0': 7, 'W_layer_units_exponent_1': 5, 'W_layer_units_exponent_2': 6, 'D_layers': 6, 'D_layer_units_exponent_0': 10, 'D_layer_units_exponent_1': 8, 'D_layer_units_exponent_2': 10, 'D_layer_units_exponent_3': 4, 'D_layer_units_exponent_4': 10, 'D_layer_units_exponent_5': 9, 'D_dagger_layers': 4, 'D_dagger_layer_units_exponent_0': 8, 'D_dagger_layer_units_exponent_1': 5, 'D_dagger_layer_units_exponent_2': 5, 'D_dagger_layer_units_exponent_3': 5, 'log_learning_rate': -4.46325254373077, 'log_learning_rate_D': -3.7532343818886833, 'log_learning_rate_D_dagger': -1.4544157119938137, 'training_batch_size': 8, 'training_p': 3}
	 epoch  0 training error:  tensor(1.0759, device='cuda:0', grad_fn=<DivBackward0>)
Memory status after this epoch: 
Memory allocated:  326.68212890625
Memory cached:  520.0
	 epoch  10 training error:  tensor(0.4344, device='cuda:0', grad_fn=<DivBackward0>)
Memory status after this epoch: 
Memory allocated:  326.68212890625
Memory cached:  574.0
	 epoch  20 training error:  tensor(0.5405, device='cuda:0', grad_fn=<DivBackward0>)
Memory status after this epoch: 
Memory allocated:  326.68212890625
Memory cached:  566.0
	 epoch  30 training error:  tensor(0.3972, device='cuda:0', grad_fn=<DivBackward0>)
Memory status after this epoch: 
Memory allocated:  326.68212890625
Memory cached:  570.0
	 epoch  40 training error:  tensor(0.3933, device='cuda:0', grad_fn=<DivBackward0>)
Memory status after this epoch: 
Memory allocated:  326.68212890625
Memory cached:  566.0
	 epoch  50 training error:  tensor(0.3843, device='cuda:0', grad_fn=<DivBackward0>)
Memory status after this epoch: 
Memory allocated:  326.68212890625
Memory cached:  566.0
	 epoch  60 training error:  tensor(0.4086, device='cuda:0', grad_fn=<DivBackward0>)
Memory status after this epoch: 
Memory allocated:  326.68212890625
Memory cached:  570.0
	 epoch  70 training error:  tensor(0.4029, device='cuda:0', grad_fn=<DivBackward0>)
Memory status after this epoch: 
Memory allocated:  326.68212890625
Memory cached:  566.0
	 epoch  80 training error:  tensor(0.4383, device='cuda:0', grad_fn=<DivBackward0>)
Memory status after this epoch: 
Memory allocated:  326.68212890625
Memory cached:  562.0
	 epoch  90 training error:  tensor(0.4482, device='cuda:0', grad_fn=<DivBackward0>)
Memory status after this epoch: 
Memory allocated:  326.68212890625
Memory cached:  572.0
