[I 2023-12-20 19:08:23,184] Trial 153 finished with value: 0.32767176628112793 and parameters: {'W_layers': 6, 'W_layer_units_exponent_0': 5, 'W_layer_units_exponent_1': 9, 'W_layer_units_exponent_2': 6, 'W_layer_units_exponent_3': 9, 'W_layer_units_exponent_4': 7, 'W_layer_units_exponent_5': 6, 'D_layers': 7, 'D_layer_units_exponent_0': 7, 'D_layer_units_exponent_1': 5, 'D_layer_units_exponent_2': 8, 'D_layer_units_exponent_3': 8, 'D_layer_units_exponent_4': 5, 'D_layer_units_exponent_5': 6, 'D_layer_units_exponent_6': 7, 'D_dagger_layers': 4, 'D_dagger_layer_units_exponent_0': 8, 'D_dagger_layer_units_exponent_1': 10, 'D_dagger_layer_units_exponent_2': 9, 'D_dagger_layer_units_exponent_3': 4, 'log_learning_rate': -3.4045684786670267, 'log_learning_rate_D': -1.7109171696212875, 'log_learning_rate_D_dagger': -4.119777512868281, 'training_batch_size': 6, 'training_p': 2}. Best is trial 143 with value: 0.325590580701828.
Time for this trial:  23.84879231452942
Memory status after this trial: 
Memory allocated:  408.43212890625
Memory cached:  440.0
--------------------  Trial  154   --------------------
Start timing: 
Parameters: 
{'W_layers': 6, 'W_layer_units_exponent_0': 5, 'W_layer_units_exponent_1': 9, 'W_layer_units_exponent_2': 6, 'W_layer_units_exponent_3': 9, 'W_layer_units_exponent_4': 7, 'W_layer_units_exponent_5': 6, 'D_layers': 7, 'D_layer_units_exponent_0': 9, 'D_layer_units_exponent_1': 8, 'D_layer_units_exponent_2': 8, 'D_layer_units_exponent_3': 8, 'D_layer_units_exponent_4': 5, 'D_layer_units_exponent_5': 5, 'D_layer_units_exponent_6': 7, 'D_dagger_layers': 4, 'D_dagger_layer_units_exponent_0': 8, 'D_dagger_layer_units_exponent_1': 10, 'D_dagger_layer_units_exponent_2': 10, 'D_dagger_layer_units_exponent_3': 4, 'log_learning_rate': -3.2706494087278526, 'log_learning_rate_D': -1.377379362809236, 'log_learning_rate_D_dagger': -3.6752829998739767, 'training_batch_size': 6, 'training_p': 2}
	 epoch  0 training error:  tensor(0.8374, device='cuda:0', grad_fn=<DivBackward0>)
Memory status after this epoch: 
Memory allocated:  254.7607421875
Memory cached:  400.0
	 epoch  10 training error:  tensor(0.2979, device='cuda:0', grad_fn=<DivBackward0>)
Memory status after this epoch: 
Memory allocated:  254.7607421875
Memory cached:  400.0
	 epoch  20 training error:  tensor(0.2914, device='cuda:0', grad_fn=<DivBackward0>)
Memory status after this epoch: 
Memory allocated:  254.7607421875
Memory cached:  400.0
	 epoch  30 training error:  tensor(0.2855, device='cuda:0', grad_fn=<DivBackward0>)
Memory status after this epoch: 
Memory allocated:  254.7607421875
Memory cached:  400.0
	 epoch  40 training error:  tensor(0.2846, device='cuda:0', grad_fn=<DivBackward0>)
Memory status after this epoch: 
Memory allocated:  254.7607421875
Memory cached:  400.0
	 epoch  50 training error:  tensor(0.2978, device='cuda:0', grad_fn=<DivBackward0>)
Memory status after this epoch: 
Memory allocated:  254.7607421875
Memory cached:  400.0
	 epoch  60 training error:  tensor(0.2987, device='cuda:0', grad_fn=<DivBackward0>)
Memory status after this epoch: 
Memory allocated:  254.7607421875
Memory cached:  400.0
	 epoch  70 training error:  tensor(0.2885, device='cuda:0', grad_fn=<DivBackward0>)
Memory status after this epoch: 
Memory allocated:  254.7607421875
Memory cached:  400.0
	 epoch  80 training error:  tensor(0.2895, device='cuda:0', grad_fn=<DivBackward0>)
Memory status after this epoch: 
Memory allocated:  254.7607421875
Memory cached:  400.0
	 epoch  90 training error:  tensor(0.2889, device='cuda:0', grad_fn=<DivBackward0>)
Memory status after this epoch: 
Memory allocated:  254.7607421875
Memory cached:  400.0
[I 2023-12-20 19:08:47,688] Trial 154 finished with value: 0.3265989422798157 and parameters: {'W_layers': 6, 'W_layer_units_exponent_0': 5, 'W_layer_units_exponent_1': 9, 'W_layer_units_exponent_2': 6, 'W_layer_units_exponent_3': 9, 'W_layer_units_exponent_4': 7, 'W_layer_units_exponent_5': 6, 'D_layers': 7, 'D_layer_units_exponent_0': 9, 'D_layer_units_exponent_1': 8, 'D_layer_units_exponent_2': 8, 'D_layer_units_exponent_3': 8, 'D_layer_units_exponent_4': 5, 'D_layer_units_exponent_5': 5, 'D_layer_units_exponent_6': 7, 'D_dagger_layers': 4, 'D_dagger_layer_units_exponent_0': 8, 'D_dagger_layer_units_exponent_1': 10, 'D_dagger_layer_units_exponent_2': 10, 'D_dagger_layer_units_exponent_3': 4, 'log_learning_rate': -3.2706494087278526, 'log_learning_rate_D': -1.377379362809236, 'log_learning_rate_D_dagger': -3.6752829998739767, 'training_batch_size': 6, 'training_p': 2}. Best is trial 143 with value: 0.325590580701828.
Time for this trial:  24.08790135383606
Memory status after this trial: 
Memory allocated:  438.84228515625
Memory cached:  476.0
--------------------  Trial  155   --------------------
Start timing: 
Parameters: 
{'W_layers': 6, 'W_layer_units_exponent_0': 4, 'W_layer_units_exponent_1': 9, 'W_layer_units_exponent_2': 5, 'W_layer_units_exponent_3': 9, 'W_layer_units_exponent_4': 7, 'W_layer_units_exponent_5': 6, 'D_layers': 7, 'D_layer_units_exponent_0': 9, 'D_layer_units_exponent_1': 8, 'D_layer_units_exponent_2': 8, 'D_layer_units_exponent_3': 8, 'D_layer_units_exponent_4': 5, 'D_layer_units_exponent_5': 5, 'D_layer_units_exponent_6': 7, 'D_dagger_layers': 4, 'D_dagger_layer_units_exponent_0': 8, 'D_dagger_layer_units_exponent_1': 10, 'D_dagger_layer_units_exponent_2': 8, 'D_dagger_layer_units_exponent_3': 4, 'log_learning_rate': -3.07697816459917, 'log_learning_rate_D': -1.4932213390546474, 'log_learning_rate_D_dagger': -3.6904512676620613, 'training_batch_size': 6, 'training_p': 2}
	 epoch  0 training error:  tensor(0.8749, device='cuda:0', grad_fn=<DivBackward0>)
Memory status after this epoch: 
Memory allocated:  240.8115234375
Memory cached:  400.0
	 epoch  10 training error:  tensor(0.2937, device='cuda:0', grad_fn=<DivBackward0>)
Memory status after this epoch: 
Memory allocated:  240.8115234375
Memory cached:  400.0
	 epoch  20 training error:  tensor(0.2942, device='cuda:0', grad_fn=<DivBackward0>)
Memory status after this epoch: 
Memory allocated:  240.8115234375
Memory cached:  400.0
	 epoch  30 training error:  tensor(0.2917, device='cuda:0', grad_fn=<DivBackward0>)
Memory status after this epoch: 
Memory allocated:  240.8115234375
Memory cached:  400.0
	 epoch  40 training error:  tensor(0.2883, device='cuda:0', grad_fn=<DivBackward0>)
Memory status after this epoch: 
Memory allocated:  240.8115234375
Memory cached:  400.0
	 epoch  50 training error:  tensor(0.2943, device='cuda:0', grad_fn=<DivBackward0>)
Memory status after this epoch: 
Memory allocated:  240.8115234375
Memory cached:  400.0
	 epoch  60 training error:  tensor(0.2912, device='cuda:0', grad_fn=<DivBackward0>)
Memory status after this epoch: 
Memory allocated:  240.8115234375
Memory cached:  400.0
	 epoch  70 training error:  tensor(0.2867, device='cuda:0', grad_fn=<DivBackward0>)
Memory status after this epoch: 
Memory allocated:  240.8115234375
Memory cached:  400.0
	 epoch  80 training error:  tensor(0.2847, device='cuda:0', grad_fn=<DivBackward0>)
Memory status after this epoch: 
Memory allocated:  240.8115234375
Memory cached:  400.0
	 epoch  90 training error:  tensor(0.2852, device='cuda:0', grad_fn=<DivBackward0>)
Memory status after this epoch: 
Memory allocated:  240.8115234375
Memory cached:  400.0
[I 2023-12-20 19:09:11,465] Trial 155 finished with value: 0.3260268270969391 and parameters: {'W_layers': 6, 'W_layer_units_exponent_0': 4, 'W_layer_units_exponent_1': 9, 'W_layer_units_exponent_2': 5, 'W_layer_units_exponent_3': 9, 'W_layer_units_exponent_4': 7, 'W_layer_units_exponent_5': 6, 'D_layers': 7, 'D_layer_units_exponent_0': 9, 'D_layer_units_exponent_1': 8, 'D_layer_units_exponent_2': 8, 'D_layer_units_exponent_3': 8, 'D_layer_units_exponent_4': 5, 'D_layer_units_exponent_5': 5, 'D_layer_units_exponent_6': 7, 'D_dagger_layers': 4, 'D_dagger_layer_units_exponent_0': 8, 'D_dagger_layer_units_exponent_1': 10, 'D_dagger_layer_units_exponent_2': 8, 'D_dagger_layer_units_exponent_3': 4, 'log_learning_rate': -3.07697816459917, 'log_learning_rate_D': -1.4932213390546474, 'log_learning_rate_D_dagger': -3.6904512676620613, 'training_batch_size': 6, 'training_p': 2}. Best is trial 143 with value: 0.325590580701828.
Time for this trial:  23.400001525878906
Memory status after this trial: 
Memory allocated:  389.60107421875
Memory cached:  402.0
--------------------  Trial  156   --------------------
Start timing: 
Parameters: 
{'W_layers': 6, 'W_layer_units_exponent_0': 4, 'W_layer_units_exponent_1': 9, 'W_layer_units_exponent_2': 4, 'W_layer_units_exponent_3': 9, 'W_layer_units_exponent_4': 7, 'W_layer_units_exponent_5': 6, 'D_layers': 7, 'D_layer_units_exponent_0': 9, 'D_layer_units_exponent_1': 8, 'D_layer_units_exponent_2': 8, 'D_layer_units_exponent_3': 8, 'D_layer_units_exponent_4': 5, 'D_layer_units_exponent_5': 5, 'D_layer_units_exponent_6': 7, 'D_dagger_layers': 4, 'D_dagger_layer_units_exponent_0': 8, 'D_dagger_layer_units_exponent_1': 10, 'D_dagger_layer_units_exponent_2': 8, 'D_dagger_layer_units_exponent_3': 4, 'log_learning_rate': -3.092905814753488, 'log_learning_rate_D': -1.4667580078368259, 'log_learning_rate_D_dagger': -3.645433862822131, 'training_batch_size': 6, 'training_p': 2}
	 epoch  0 training error:  tensor(0.8976, device='cuda:0', grad_fn=<DivBackward0>)
Memory status after this epoch: 
Memory allocated:  240.5615234375
Memory cached:  400.0
	 epoch  10 training error:  tensor(0.2880, device='cuda:0', grad_fn=<DivBackward0>)
Memory status after this epoch: 
Memory allocated:  240.5615234375
Memory cached:  400.0
	 epoch  20 training error:  tensor(0.2890, device='cuda:0', grad_fn=<DivBackward0>)
Memory status after this epoch: 
Memory allocated:  240.5615234375
Memory cached:  400.0
	 epoch  30 training error:  tensor(0.2889, device='cuda:0', grad_fn=<DivBackward0>)
Memory status after this epoch: 
Memory allocated:  240.5615234375
Memory cached:  400.0
	 epoch  40 training error:  tensor(0.2884, device='cuda:0', grad_fn=<DivBackward0>)
Memory status after this epoch: 
Memory allocated:  240.5615234375
Memory cached:  400.0
	 epoch  50 training error:  tensor(0.2859, device='cuda:0', grad_fn=<DivBackward0>)
Memory status after this epoch: 
Memory allocated:  240.5615234375
Memory cached:  400.0
	 epoch  60 training error:  tensor(0.2881, device='cuda:0', grad_fn=<DivBackward0>)
Memory status after this epoch: 
Memory allocated:  240.5615234375
Memory cached:  400.0
	 epoch  70 training error:  tensor(0.2903, device='cuda:0', grad_fn=<DivBackward0>)
Memory status after this epoch: 
Memory allocated:  240.5615234375
Memory cached:  400.0
	 epoch  80 training error:  tensor(0.2922, device='cuda:0', grad_fn=<DivBackward0>)
Memory status after this epoch: 
Memory allocated:  240.5615234375
Memory cached:  400.0
	 epoch  90 training error:  tensor(0.2867, device='cuda:0', grad_fn=<DivBackward0>)
Memory status after this epoch: 
Memory allocated:  240.5615234375
Memory cached:  400.0
[I 2023-12-20 19:09:35,665] Trial 156 finished with value: 0.3295740485191345 and parameters: {'W_layers': 6, 'W_layer_units_exponent_0': 4, 'W_layer_units_exponent_1': 9, 'W_layer_units_exponent_2': 4, 'W_layer_units_exponent_3': 9, 'W_layer_units_exponent_4': 7, 'W_layer_units_exponent_5': 6, 'D_layers': 7, 'D_layer_units_exponent_0': 9, 'D_layer_units_exponent_1': 8, 'D_layer_units_exponent_2': 8, 'D_layer_units_exponent_3': 8, 'D_layer_units_exponent_4': 5, 'D_layer_units_exponent_5': 5, 'D_layer_units_exponent_6': 7, 'D_dagger_layers': 4, 'D_dagger_layer_units_exponent_0': 8, 'D_dagger_layer_units_exponent_1': 10, 'D_dagger_layer_units_exponent_2': 8, 'D_dagger_layer_units_exponent_3': 4, 'log_learning_rate': -3.092905814753488, 'log_learning_rate_D': -1.4667580078368259, 'log_learning_rate_D_dagger': -3.645433862822131, 'training_batch_size': 6, 'training_p': 2}. Best is trial 143 with value: 0.325590580701828.
Time for this trial:  23.800596237182617
Memory status after this trial: 
Memory allocated:  388.62158203125
Memory cached:  400.0
--------------------  Trial  157   --------------------
Start timing: 
Parameters: 
{'W_layers': 6, 'W_layer_units_exponent_0': 5, 'W_layer_units_exponent_1': 9, 'W_layer_units_exponent_2': 5, 'W_layer_units_exponent_3': 9, 'W_layer_units_exponent_4': 7, 'W_layer_units_exponent_5': 6, 'D_layers': 7, 'D_layer_units_exponent_0': 9, 'D_layer_units_exponent_1': 8, 'D_layer_units_exponent_2': 8, 'D_layer_units_exponent_3': 8, 'D_layer_units_exponent_4': 5, 'D_layer_units_exponent_5': 5, 'D_layer_units_exponent_6': 7, 'D_dagger_layers': 4, 'D_dagger_layer_units_exponent_0': 8, 'D_dagger_layer_units_exponent_1': 10, 'D_dagger_layer_units_exponent_2': 8, 'D_dagger_layer_units_exponent_3': 4, 'log_learning_rate': -3.2006341574339734, 'log_learning_rate_D': -1.3105759618221158, 'log_learning_rate_D_dagger': -3.7019974129168682, 'training_batch_size': 6, 'training_p': 2}
	 epoch  0 training error:  tensor(0.9323, device='cuda:0', grad_fn=<DivBackward0>)
Memory status after this epoch: 
Memory allocated:  240.9365234375
Memory cached:  400.0
	 epoch  10 training error:  tensor(0.3331, device='cuda:0', grad_fn=<DivBackward0>)
Memory status after this epoch: 
Memory allocated:  240.9365234375
Memory cached:  400.0
	 epoch  20 training error:  tensor(0.2907, device='cuda:0', grad_fn=<DivBackward0>)
Memory status after this epoch: 
Memory allocated:  240.9365234375
Memory cached:  400.0
	 epoch  30 training error:  tensor(0.2899, device='cuda:0', grad_fn=<DivBackward0>)
Memory status after this epoch: 
Memory allocated:  240.9365234375
Memory cached:  400.0
	 epoch  40 training error:  tensor(0.2883, device='cuda:0', grad_fn=<DivBackward0>)
Memory status after this epoch: 
Memory allocated:  240.9365234375
Memory cached:  400.0
	 epoch  50 training error:  tensor(0.2885, device='cuda:0', grad_fn=<DivBackward0>)
Memory status after this epoch: 
Memory allocated:  240.9365234375
Memory cached:  400.0
	 epoch  60 training error:  tensor(0.2892, device='cuda:0', grad_fn=<DivBackward0>)
Memory status after this epoch: 
Memory allocated:  240.9365234375
Memory cached:  400.0
	 epoch  70 training error:  tensor(0.2935, device='cuda:0', grad_fn=<DivBackward0>)
Memory status after this epoch: 
Memory allocated:  240.9365234375
Memory cached:  400.0
	 epoch  80 training error:  tensor(0.2838, device='cuda:0', grad_fn=<DivBackward0>)
Memory status after this epoch: 
Memory allocated:  240.9365234375
Memory cached:  400.0
	 epoch  90 training error:  tensor(0.2836, device='cuda:0', grad_fn=<DivBackward0>)
Memory status after this epoch: 
Memory allocated:  240.9365234375
Memory cached:  400.0
[I 2023-12-20 19:10:00,075] Trial 157 finished with value: 0.3265519142150879 and parameters: {'W_layers': 6, 'W_layer_units_exponent_0': 5, 'W_layer_units_exponent_1': 9, 'W_layer_units_exponent_2': 5, 'W_layer_units_exponent_3': 9, 'W_layer_units_exponent_4': 7, 'W_layer_units_exponent_5': 6, 'D_layers': 7, 'D_layer_units_exponent_0': 9, 'D_layer_units_exponent_1': 8, 'D_layer_units_exponent_2': 8, 'D_layer_units_exponent_3': 8, 'D_layer_units_exponent_4': 5, 'D_layer_units_exponent_5': 5, 'D_layer_units_exponent_6': 7, 'D_dagger_layers': 4, 'D_dagger_layer_units_exponent_0': 8, 'D_dagger_layer_units_exponent_1': 10, 'D_dagger_layer_units_exponent_2': 8, 'D_dagger_layer_units_exponent_3': 4, 'log_learning_rate': -3.2006341574339734, 'log_learning_rate_D': -1.3105759618221158, 'log_learning_rate_D_dagger': -3.7019974129168682, 'training_batch_size': 6, 'training_p': 2}. Best is trial 143 with value: 0.325590580701828.
Time for this trial:  23.9417622089386
Memory status after this trial: 
Memory allocated:  390.51806640625
Memory cached:  402.0
--------------------  Trial  158   --------------------
Start timing: 
Parameters: 
{'W_layers': 6, 'W_layer_units_exponent_0': 4, 'W_layer_units_exponent_1': 9, 'W_layer_units_exponent_2': 5, 'W_layer_units_exponent_3': 9, 'W_layer_units_exponent_4': 7, 'W_layer_units_exponent_5': 6, 'D_layers': 7, 'D_layer_units_exponent_0': 9, 'D_layer_units_exponent_1': 8, 'D_layer_units_exponent_2': 8, 'D_layer_units_exponent_3': 8, 'D_layer_units_exponent_4': 10, 'D_layer_units_exponent_5': 5, 'D_layer_units_exponent_6': 7, 'D_dagger_layers': 4, 'D_dagger_layer_units_exponent_0': 8, 'D_dagger_layer_units_exponent_1': 10, 'D_dagger_layer_units_exponent_2': 8, 'D_dagger_layer_units_exponent_3': 4, 'log_learning_rate': -3.0290956786465086, 'log_learning_rate_D': -1.2626885692738448, 'log_learning_rate_D_dagger': -3.7022398652378015, 'training_batch_size': 6, 'training_p': 2}
	 epoch  0 training error:  tensor(0.9289, device='cuda:0', grad_fn=<DivBackward0>)
Memory status after this epoch: 
Memory allocated:  241.90478515625
Memory cached:  400.0
	 epoch  10 training error:  tensor(0.2989, device='cuda:0', grad_fn=<DivBackward0>)
Memory status after this epoch: 
Memory allocated:  241.90478515625
Memory cached:  400.0
	 epoch  20 training error:  tensor(0.2888, device='cuda:0', grad_fn=<DivBackward0>)
Memory status after this epoch: 
Memory allocated:  241.90478515625
Memory cached:  400.0
	 epoch  30 training error:  tensor(0.2907, device='cuda:0', grad_fn=<DivBackward0>)
Memory status after this epoch: 
Memory allocated:  241.90478515625
Memory cached:  400.0
	 epoch  40 training error:  tensor(0.2907, device='cuda:0', grad_fn=<DivBackward0>)
Memory status after this epoch: 
Memory allocated:  241.90478515625
Memory cached:  400.0
	 epoch  50 training error:  tensor(0.2923, device='cuda:0', grad_fn=<DivBackward0>)
Memory status after this epoch: 
Memory allocated:  241.90478515625
Memory cached:  400.0
	 epoch  60 training error:  tensor(0.2945, device='cuda:0', grad_fn=<DivBackward0>)
Memory status after this epoch: 
Memory allocated:  241.90478515625
Memory cached:  400.0
	 epoch  70 training error:  tensor(0.2898, device='cuda:0', grad_fn=<DivBackward0>)
Memory status after this epoch: 
Memory allocated:  241.90478515625
Memory cached:  400.0
	 epoch  80 training error:  tensor(0.2869, device='cuda:0', grad_fn=<DivBackward0>)
Memory status after this epoch: 
Memory allocated:  241.90478515625
Memory cached:  400.0
	 epoch  90 training error:  tensor(0.2913, device='cuda:0', grad_fn=<DivBackward0>)
Memory status after this epoch: 
Memory allocated:  241.90478515625
Memory cached:  400.0
