[I 2024-01-10 19:49:58,178] Trial 51 finished with value: 0.21924571692943573 and parameters: {'W_layers': 4, 'W_layer_units_exponent_0': 10, 'W_layer_units_exponent_1': 4, 'W_layer_units_exponent_2': 5, 'W_layer_units_exponent_3': 5, 'D_layers': 3, 'D_layer_units_exponent_0': 10, 'D_layer_units_exponent_1': 4, 'D_layer_units_exponent_2': 5, 'D_dagger_layers': 3, 'D_dagger_layer_units_exponent_0': 10, 'D_dagger_layer_units_exponent_1': 7, 'D_dagger_layer_units_exponent_2': 8, 'log_learning_rate': -3.7360108734041084, 'log_learning_rate_D': -2.9866754565637113, 'log_learning_rate_D_dagger': -2.3223971523438784, 'training_batch_size': 6, 'training_p': 2}. Best is trial 50 with value: 0.14806878566741943.
Time for this trial:  402.3487219810486
Memory status after this trial: 
Memory allocated:  757.6650390625
Memory cached:  760.0
--------------------  Trial  52   --------------------
Start timing: 
Parameters: 
{'W_layers': 4, 'W_layer_units_exponent_0': 10, 'W_layer_units_exponent_1': 4, 'W_layer_units_exponent_2': 5, 'W_layer_units_exponent_3': 5, 'D_layers': 2, 'D_layer_units_exponent_0': 10, 'D_layer_units_exponent_1': 4, 'D_dagger_layers': 2, 'D_dagger_layer_units_exponent_0': 10, 'D_dagger_layer_units_exponent_1': 7, 'log_learning_rate': -3.6261033930636155, 'log_learning_rate_D': -3.363961961105777, 'log_learning_rate_D_dagger': -2.627867530217962, 'training_batch_size': 6, 'training_p': 2}
	 epoch  0 training error:  tensor(2.5111, device='cuda:0', grad_fn=<DivBackward0>)
Memory status after this epoch: 
Memory allocated:  381.60009765625
Memory cached:  646.0
	 epoch  10 training error:  tensor(0.2596, device='cuda:0', grad_fn=<DivBackward0>)
Memory status after this epoch: 
Memory allocated:  381.60009765625
Memory cached:  646.0
	 epoch  20 training error:  tensor(0.2109, device='cuda:0', grad_fn=<DivBackward0>)
Memory status after this epoch: 
Memory allocated:  381.60009765625
Memory cached:  646.0
	 epoch  30 training error:  tensor(0.1993, device='cuda:0', grad_fn=<DivBackward0>)
Memory status after this epoch: 
Memory allocated:  381.60009765625
Memory cached:  646.0
	 epoch  40 training error:  tensor(0.1894, device='cuda:0', grad_fn=<DivBackward0>)
Memory status after this epoch: 
Memory allocated:  381.60009765625
Memory cached:  646.0
	 epoch  50 training error:  tensor(0.1325, device='cuda:0', grad_fn=<DivBackward0>)
Memory status after this epoch: 
Memory allocated:  381.60009765625
Memory cached:  646.0
	 epoch  60 training error:  tensor(0.1451, device='cuda:0', grad_fn=<DivBackward0>)
Memory status after this epoch: 
Memory allocated:  381.60009765625
Memory cached:  646.0
	 epoch  70 training error:  tensor(0.1124, device='cuda:0', grad_fn=<DivBackward0>)
Memory status after this epoch: 
Memory allocated:  381.60009765625
Memory cached:  646.0
	 epoch  80 training error:  tensor(0.0929, device='cuda:0', grad_fn=<DivBackward0>)
Memory status after this epoch: 
Memory allocated:  381.60009765625
Memory cached:  646.0
	 epoch  90 training error:  tensor(0.1902, device='cuda:0', grad_fn=<DivBackward0>)
Memory status after this epoch: 
Memory allocated:  381.60009765625
Memory cached:  646.0
[I 2024-01-10 19:55:56,013] Trial 52 finished with value: 0.08483626693487167 and parameters: {'W_layers': 4, 'W_layer_units_exponent_0': 10, 'W_layer_units_exponent_1': 4, 'W_layer_units_exponent_2': 5, 'W_layer_units_exponent_3': 5, 'D_layers': 2, 'D_layer_units_exponent_0': 10, 'D_layer_units_exponent_1': 4, 'D_dagger_layers': 2, 'D_dagger_layer_units_exponent_0': 10, 'D_dagger_layer_units_exponent_1': 7, 'log_learning_rate': -3.6261033930636155, 'log_learning_rate_D': -3.363961961105777, 'log_learning_rate_D_dagger': -2.627867530217962, 'training_batch_size': 6, 'training_p': 2}. Best is trial 52 with value: 0.08483626693487167.
res:  tensor(0.0848, device='cuda:0', grad_fn=<DivBackward0>)
self.bestValue:  tensor(0.1481, device='cuda:0', grad_fn=<DivBackward0>)
Save this model!
Time for this trial:  357.5095384120941
Memory status after this trial: 
Memory allocated:  350.1474609375
Memory cached:  664.0
--------------------  Trial  53   --------------------
Start timing: 
Parameters: 
{'W_layers': 4, 'W_layer_units_exponent_0': 10, 'W_layer_units_exponent_1': 4, 'W_layer_units_exponent_2': 5, 'W_layer_units_exponent_3': 5, 'D_layers': 2, 'D_layer_units_exponent_0': 10, 'D_layer_units_exponent_1': 4, 'D_dagger_layers': 2, 'D_dagger_layer_units_exponent_0': 10, 'D_dagger_layer_units_exponent_1': 7, 'log_learning_rate': -3.700954955183572, 'log_learning_rate_D': -3.3353957445051323, 'log_learning_rate_D_dagger': -2.5455093390755947, 'training_batch_size': 6, 'training_p': 2}
	 epoch  0 training error:  tensor(2.9488, device='cuda:0', grad_fn=<DivBackward0>)
Memory status after this epoch: 
Memory allocated:  352.8095703125
Memory cached:  636.0
	 epoch  10 training error:  tensor(0.2225, device='cuda:0', grad_fn=<DivBackward0>)
Memory status after this epoch: 
Memory allocated:  352.8095703125
Memory cached:  636.0
	 epoch  20 training error:  tensor(0.2097, device='cuda:0', grad_fn=<DivBackward0>)
Memory status after this epoch: 
Memory allocated:  352.8095703125
Memory cached:  636.0
	 epoch  30 training error:  tensor(0.2079, device='cuda:0', grad_fn=<DivBackward0>)
Memory status after this epoch: 
Memory allocated:  352.8095703125
Memory cached:  636.0
	 epoch  40 training error:  tensor(0.2116, device='cuda:0', grad_fn=<DivBackward0>)
Memory status after this epoch: 
Memory allocated:  352.8095703125
Memory cached:  636.0
	 epoch  50 training error:  tensor(0.1984, device='cuda:0', grad_fn=<DivBackward0>)
Memory status after this epoch: 
Memory allocated:  352.8095703125
Memory cached:  636.0
	 epoch  60 training error:  tensor(0.1974, device='cuda:0', grad_fn=<DivBackward0>)
Memory status after this epoch: 
Memory allocated:  352.8095703125
Memory cached:  636.0
	 epoch  70 training error:  tensor(0.2063, device='cuda:0', grad_fn=<DivBackward0>)
Memory status after this epoch: 
Memory allocated:  352.8095703125
Memory cached:  636.0
	 epoch  80 training error:  tensor(0.1886, device='cuda:0', grad_fn=<DivBackward0>)
Memory status after this epoch: 
Memory allocated:  352.8095703125
Memory cached:  636.0
	 epoch  90 training error:  tensor(0.1764, device='cuda:0', grad_fn=<DivBackward0>)
Memory status after this epoch: 
Memory allocated:  352.8095703125
Memory cached:  636.0
[I 2024-01-10 20:01:52,138] Trial 53 finished with value: 0.14257653057575226 and parameters: {'W_layers': 4, 'W_layer_units_exponent_0': 10, 'W_layer_units_exponent_1': 4, 'W_layer_units_exponent_2': 5, 'W_layer_units_exponent_3': 5, 'D_layers': 2, 'D_layer_units_exponent_0': 10, 'D_layer_units_exponent_1': 4, 'D_dagger_layers': 2, 'D_dagger_layer_units_exponent_0': 10, 'D_dagger_layer_units_exponent_1': 7, 'log_learning_rate': -3.700954955183572, 'log_learning_rate_D': -3.3353957445051323, 'log_learning_rate_D_dagger': -2.5455093390755947, 'training_batch_size': 6, 'training_p': 2}. Best is trial 52 with value: 0.08483626693487167.
Time for this trial:  355.8020989894867
Memory status after this trial: 
Memory allocated:  700.083984375
Memory cached:  710.0
--------------------  Trial  54   --------------------
Start timing: 
Parameters: 
{'W_layers': 4, 'W_layer_units_exponent_0': 10, 'W_layer_units_exponent_1': 4, 'W_layer_units_exponent_2': 5, 'W_layer_units_exponent_3': 6, 'D_layers': 2, 'D_layer_units_exponent_0': 10, 'D_layer_units_exponent_1': 4, 'D_dagger_layers': 2, 'D_dagger_layer_units_exponent_0': 10, 'D_dagger_layer_units_exponent_1': 7, 'log_learning_rate': -3.6331176199116664, 'log_learning_rate_D': -3.3720478080849214, 'log_learning_rate_D_dagger': -2.605304610693652, 'training_batch_size': 6, 'training_p': 2}
	 epoch  0 training error:  tensor(2.6916, device='cuda:0', grad_fn=<DivBackward0>)
Memory status after this epoch: 
Memory allocated:  352.8251953125
Memory cached:  636.0
	 epoch  10 training error:  tensor(0.2258, device='cuda:0', grad_fn=<DivBackward0>)
Memory status after this epoch: 
Memory allocated:  352.8251953125
Memory cached:  636.0
	 epoch  20 training error:  tensor(0.2161, device='cuda:0', grad_fn=<DivBackward0>)
Memory status after this epoch: 
Memory allocated:  352.8251953125
Memory cached:  636.0
	 epoch  30 training error:  tensor(0.2115, device='cuda:0', grad_fn=<DivBackward0>)
Memory status after this epoch: 
Memory allocated:  352.8251953125
Memory cached:  636.0
	 epoch  40 training error:  tensor(0.1960, device='cuda:0', grad_fn=<DivBackward0>)
Memory status after this epoch: 
Memory allocated:  352.8251953125
Memory cached:  636.0
	 epoch  50 training error:  tensor(0.1875, device='cuda:0', grad_fn=<DivBackward0>)
Memory status after this epoch: 
Memory allocated:  352.8251953125
Memory cached:  636.0
	 epoch  60 training error:  tensor(0.1868, device='cuda:0', grad_fn=<DivBackward0>)
Memory status after this epoch: 
Memory allocated:  352.8251953125
Memory cached:  636.0
	 epoch  70 training error:  tensor(0.1897, device='cuda:0', grad_fn=<DivBackward0>)
Memory status after this epoch: 
Memory allocated:  352.8251953125
Memory cached:  636.0
	 epoch  80 training error:  tensor(0.1966, device='cuda:0', grad_fn=<DivBackward0>)
Memory status after this epoch: 
Memory allocated:  352.8251953125
Memory cached:  636.0
	 epoch  90 training error:  tensor(0.1864, device='cuda:0', grad_fn=<DivBackward0>)
Memory status after this epoch: 
Memory allocated:  352.8251953125
Memory cached:  636.0
[I 2024-01-10 20:07:48,991] Trial 54 finished with value: 0.19575272500514984 and parameters: {'W_layers': 4, 'W_layer_units_exponent_0': 10, 'W_layer_units_exponent_1': 4, 'W_layer_units_exponent_2': 5, 'W_layer_units_exponent_3': 6, 'D_layers': 2, 'D_layer_units_exponent_0': 10, 'D_layer_units_exponent_1': 4, 'D_dagger_layers': 2, 'D_dagger_layer_units_exponent_0': 10, 'D_dagger_layer_units_exponent_1': 7, 'log_learning_rate': -3.6331176199116664, 'log_learning_rate_D': -3.3720478080849214, 'log_learning_rate_D_dagger': -2.605304610693652, 'training_batch_size': 6, 'training_p': 2}. Best is trial 52 with value: 0.08483626693487167.
Time for this trial:  356.52235174179077
Memory status after this trial: 
Memory allocated:  703.021484375
Memory cached:  710.0
--------------------  Trial  55   --------------------
Start timing: 
Parameters: 
{'W_layers': 4, 'W_layer_units_exponent_0': 10, 'W_layer_units_exponent_1': 4, 'W_layer_units_exponent_2': 4, 'W_layer_units_exponent_3': 5, 'D_layers': 2, 'D_layer_units_exponent_0': 10, 'D_layer_units_exponent_1': 5, 'D_dagger_layers': 2, 'D_dagger_layer_units_exponent_0': 10, 'D_dagger_layer_units_exponent_1': 7, 'log_learning_rate': -3.8592347085066017, 'log_learning_rate_D': -3.362509766852107, 'log_learning_rate_D_dagger': -2.0437259344106433, 'training_batch_size': 6, 'training_p': 2}
	 epoch  0 training error:  tensor(8.2880, device='cuda:0', grad_fn=<DivBackward0>)
Memory status after this epoch: 
Memory allocated:  353.0478515625
Memory cached:  636.0
	 epoch  10 training error:  tensor(0.3416, device='cuda:0', grad_fn=<DivBackward0>)
Memory status after this epoch: 
Memory allocated:  353.0478515625
Memory cached:  636.0
	 epoch  20 training error:  tensor(0.2281, device='cuda:0', grad_fn=<DivBackward0>)
Memory status after this epoch: 
Memory allocated:  353.0478515625
Memory cached:  636.0
	 epoch  30 training error:  tensor(0.2303, device='cuda:0', grad_fn=<DivBackward0>)
Memory status after this epoch: 
Memory allocated:  353.0478515625
Memory cached:  636.0
	 epoch  40 training error:  tensor(0.2032, device='cuda:0', grad_fn=<DivBackward0>)
Memory status after this epoch: 
Memory allocated:  353.0478515625
Memory cached:  636.0
	 epoch  50 training error:  tensor(0.2219, device='cuda:0', grad_fn=<DivBackward0>)
Memory status after this epoch: 
Memory allocated:  353.0478515625
Memory cached:  636.0
	 epoch  60 training error:  tensor(0.2364, device='cuda:0', grad_fn=<DivBackward0>)
Memory status after this epoch: 
Memory allocated:  353.0478515625
Memory cached:  636.0
	 epoch  70 training error:  tensor(0.1872, device='cuda:0', grad_fn=<DivBackward0>)
Memory status after this epoch: 
Memory allocated:  353.0478515625
Memory cached:  636.0
	 epoch  80 training error:  tensor(0.2068, device='cuda:0', grad_fn=<DivBackward0>)
Memory status after this epoch: 
Memory allocated:  353.0478515625
Memory cached:  636.0
	 epoch  90 training error:  tensor(0.1927, device='cuda:0', grad_fn=<DivBackward0>)
Memory status after this epoch: 
Memory allocated:  353.0478515625
Memory cached:  636.0
[I 2024-01-10 20:13:45,700] Trial 55 finished with value: 0.27711614966392517 and parameters: {'W_layers': 4, 'W_layer_units_exponent_0': 10, 'W_layer_units_exponent_1': 4, 'W_layer_units_exponent_2': 4, 'W_layer_units_exponent_3': 5, 'D_layers': 2, 'D_layer_units_exponent_0': 10, 'D_layer_units_exponent_1': 5, 'D_dagger_layers': 2, 'D_dagger_layer_units_exponent_0': 10, 'D_dagger_layer_units_exponent_1': 7, 'log_learning_rate': -3.8592347085066017, 'log_learning_rate_D': -3.362509766852107, 'log_learning_rate_D_dagger': -2.0437259344106433, 'training_batch_size': 6, 'training_p': 2}. Best is trial 52 with value: 0.08483626693487167.
Time for this trial:  356.38563990592957
Memory status after this trial: 
Memory allocated:  699.9443359375
Memory cached:  710.0
--------------------  Trial  56   --------------------
Start timing: 
Parameters: 
{'W_layers': 5, 'W_layer_units_exponent_0': 10, 'W_layer_units_exponent_1': 4, 'W_layer_units_exponent_2': 5, 'W_layer_units_exponent_3': 9, 'W_layer_units_exponent_4': 9, 'D_layers': 3, 'D_layer_units_exponent_0': 10, 'D_layer_units_exponent_1': 4, 'D_layer_units_exponent_2': 8, 'D_dagger_layers': 2, 'D_dagger_layer_units_exponent_0': 10, 'D_dagger_layer_units_exponent_1': 6, 'log_learning_rate': -3.57415157001644, 'log_learning_rate_D': -3.959757643739832, 'log_learning_rate_D_dagger': -2.315002913682524, 'training_batch_size': 6, 'training_p': 2}
	 epoch  0 training error:  tensor(3.7055, device='cuda:0', grad_fn=<DivBackward0>)
Memory status after this epoch: 
Memory allocated:  356.1318359375
Memory cached:  640.0
	 epoch  10 training error:  tensor(0.2229, device='cuda:0', grad_fn=<DivBackward0>)
Memory status after this epoch: 
Memory allocated:  356.1318359375
Memory cached:  638.0
	 epoch  20 training error:  tensor(0.1948, device='cuda:0', grad_fn=<DivBackward0>)
Memory status after this epoch: 
Memory allocated:  356.1318359375
Memory cached:  638.0
	 epoch  30 training error:  tensor(0.1939, device='cuda:0', grad_fn=<DivBackward0>)
Memory status after this epoch: 
Memory allocated:  356.1318359375
Memory cached:  638.0
	 epoch  40 training error:  tensor(0.1875, device='cuda:0', grad_fn=<DivBackward0>)
Memory status after this epoch: 
Memory allocated:  356.1318359375
Memory cached:  638.0
	 epoch  50 training error:  tensor(0.1886, device='cuda:0', grad_fn=<DivBackward0>)
Memory status after this epoch: 
Memory allocated:  356.1318359375
Memory cached:  640.0
	 epoch  60 training error:  tensor(0.1844, device='cuda:0', grad_fn=<DivBackward0>)
Memory status after this epoch: 
Memory allocated:  356.1318359375
Memory cached:  638.0
	 epoch  70 training error:  tensor(0.2137, device='cuda:0', grad_fn=<DivBackward0>)
Memory status after this epoch: 
Memory allocated:  356.1318359375
Memory cached:  638.0
	 epoch  80 training error:  tensor(0.1843, device='cuda:0', grad_fn=<DivBackward0>)
Memory status after this epoch: 
Memory allocated:  356.1318359375
Memory cached:  638.0
	 epoch  90 training error:  tensor(0.1870, device='cuda:0', grad_fn=<DivBackward0>)
Memory status after this epoch: 
Memory allocated:  356.1318359375
Memory cached:  638.0
[I 2024-01-10 20:20:37,172] Trial 56 finished with value: 0.2508081793785095 and parameters: {'W_layers': 5, 'W_layer_units_exponent_0': 10, 'W_layer_units_exponent_1': 4, 'W_layer_units_exponent_2': 5, 'W_layer_units_exponent_3': 9, 'W_layer_units_exponent_4': 9, 'D_layers': 3, 'D_layer_units_exponent_0': 10, 'D_layer_units_exponent_1': 4, 'D_layer_units_exponent_2': 8, 'D_dagger_layers': 2, 'D_dagger_layer_units_exponent_0': 10, 'D_dagger_layer_units_exponent_1': 6, 'log_learning_rate': -3.57415157001644, 'log_learning_rate_D': -3.959757643739832, 'log_learning_rate_D_dagger': -2.315002913682524, 'training_batch_size': 6, 'training_p': 2}. Best is trial 52 with value: 0.08483626693487167.
Time for this trial:  411.12890219688416
Memory status after this trial: 
Memory allocated:  817.96337890625
Memory cached:  822.0
--------------------  Trial  57   --------------------
Start timing: 
Parameters: 
{'W_layers': 3, 'W_layer_units_exponent_0': 9, 'W_layer_units_exponent_1': 4, 'W_layer_units_exponent_2': 5, 'D_layers': 2, 'D_layer_units_exponent_0': 10, 'D_layer_units_exponent_1': 5, 'D_dagger_layers': 2, 'D_dagger_layer_units_exponent_0': 10, 'D_dagger_layer_units_exponent_1': 6, 'log_learning_rate': -3.7138292983817345, 'log_learning_rate_D': -2.7738503095608564, 'log_learning_rate_D_dagger': -2.460985983962517, 'training_batch_size': 6, 'training_p': 2}
	 epoch  0 training error:  tensor(2.0496, device='cuda:0', grad_fn=<DivBackward0>)
Memory status after this epoch: 
Memory allocated:  351.9013671875
Memory cached:  636.0
	 epoch  10 training error:  tensor(0.2476, device='cuda:0', grad_fn=<DivBackward0>)
Memory status after this epoch: 
Memory allocated:  351.9013671875
Memory cached:  636.0
	 epoch  20 training error:  tensor(0.2163, device='cuda:0', grad_fn=<DivBackward0>)
Memory status after this epoch: 
Memory allocated:  351.9013671875
Memory cached:  636.0
	 epoch  30 training error:  tensor(0.2247, device='cuda:0', grad_fn=<DivBackward0>)
Memory status after this epoch: 
Memory allocated:  351.9013671875
Memory cached:  636.0
	 epoch  40 training error:  tensor(0.2161, device='cuda:0', grad_fn=<DivBackward0>)
Memory status after this epoch: 
Memory allocated:  351.9013671875
Memory cached:  636.0
	 epoch  50 training error:  tensor(0.1816, device='cuda:0', grad_fn=<DivBackward0>)
Memory status after this epoch: 
Memory allocated:  351.9013671875
Memory cached:  636.0
	 epoch  60 training error:  tensor(0.1645, device='cuda:0', grad_fn=<DivBackward0>)
Memory status after this epoch: 
Memory allocated:  351.9013671875
Memory cached:  636.0
	 epoch  70 training error:  tensor(0.2218, device='cuda:0', grad_fn=<DivBackward0>)
Memory status after this epoch: 
Memory allocated:  351.9013671875
Memory cached:  636.0
	 epoch  80 training error:  tensor(0.1504, device='cuda:0', grad_fn=<DivBackward0>)
Memory status after this epoch: 
Memory allocated:  351.9013671875
Memory cached:  636.0
	 epoch  90 training error:  tensor(0.1664, device='cuda:0', grad_fn=<DivBackward0>)
Memory status after this epoch: 
Memory allocated:  351.9013671875
Memory cached:  636.0
[I 2024-01-10 20:26:06,310] Trial 57 finished with value: 0.10328344255685806 and parameters: {'W_layers': 3, 'W_layer_units_exponent_0': 9, 'W_layer_units_exponent_1': 4, 'W_layer_units_exponent_2': 5, 'D_layers': 2, 'D_layer_units_exponent_0': 10, 'D_layer_units_exponent_1': 5, 'D_dagger_layers': 2, 'D_dagger_layer_units_exponent_0': 10, 'D_dagger_layer_units_exponent_1': 6, 'log_learning_rate': -3.7138292983817345, 'log_learning_rate_D': -2.7738503095608564, 'log_learning_rate_D_dagger': -2.460985983962517, 'training_batch_size': 6, 'training_p': 2}. Best is trial 52 with value: 0.08483626693487167.
Time for this trial:  328.73290610313416
Memory status after this trial: 
Memory allocated:  637.115234375
Memory cached:  640.0
--------------------  Trial  58   --------------------
Start timing: 
Parameters: 
{'W_layers': 3, 'W_layer_units_exponent_0': 9, 'W_layer_units_exponent_1': 5, 'W_layer_units_exponent_2': 4, 'D_layers': 2, 'D_layer_units_exponent_0': 10, 'D_layer_units_exponent_1': 5, 'D_dagger_layers': 2, 'D_dagger_layer_units_exponent_0': 10, 'D_dagger_layer_units_exponent_1': 6, 'log_learning_rate': -3.7739725171974627, 'log_learning_rate_D': -2.813533155804794, 'log_learning_rate_D_dagger': -1.8694319961725672, 'training_batch_size': 6, 'training_p': 2}
	 epoch  0 training error:  tensor(6.9809, device='cuda:0', grad_fn=<DivBackward0>)
Memory status after this epoch: 
Memory allocated:  352.0263671875
Memory cached:  636.0
	 epoch  10 training error:  tensor(0.3186, device='cuda:0', grad_fn=<DivBackward0>)
Memory status after this epoch: 
Memory allocated:  352.0263671875
Memory cached:  636.0
	 epoch  20 training error:  tensor(0.2783, device='cuda:0', grad_fn=<DivBackward0>)
Memory status after this epoch: 
Memory allocated:  352.0263671875
Memory cached:  636.0
	 epoch  30 training error:  tensor(0.2621, device='cuda:0', grad_fn=<DivBackward0>)
Memory status after this epoch: 
Memory allocated:  352.0263671875
Memory cached:  636.0
	 epoch  40 training error:  tensor(0.2306, device='cuda:0', grad_fn=<DivBackward0>)
Memory status after this epoch: 
Memory allocated:  352.0263671875
Memory cached:  638.0
	 epoch  50 training error:  tensor(0.2350, device='cuda:0', grad_fn=<DivBackward0>)
Memory status after this epoch: 
Memory allocated:  352.0263671875
Memory cached:  636.0
	 epoch  60 training error:  tensor(0.2107, device='cuda:0', grad_fn=<DivBackward0>)
Memory status after this epoch: 
Memory allocated:  352.0263671875
Memory cached:  636.0
	 epoch  70 training error:  tensor(0.2091, device='cuda:0', grad_fn=<DivBackward0>)
Memory status after this epoch: 
Memory allocated:  352.0263671875
Memory cached:  636.0
	 epoch  80 training error:  tensor(0.2105, device='cuda:0', grad_fn=<DivBackward0>)
Memory status after this epoch: 
Memory allocated:  352.0263671875
Memory cached:  636.0
	 epoch  90 training error:  tensor(0.2090, device='cuda:0', grad_fn=<DivBackward0>)
Memory status after this epoch: 
Memory allocated:  352.0263671875
Memory cached:  636.0
