[I 2024-02-18 05:57:03,334] Trial 40 finished with value: 0.315702885389328 and parameters: {'W_layers': 7, 'W_layer_units_exponent_0': 8, 'W_layer_units_exponent_1': 8, 'W_layer_units_exponent_2': 4, 'W_layer_units_exponent_3': 8, 'W_layer_units_exponent_4': 5, 'W_layer_units_exponent_5': 6, 'W_layer_units_exponent_6': 5, 'D_layers': 2, 'D_layer_units_exponent_0': 10, 'D_layer_units_exponent_1': 8, 'D_dagger_layers': 2, 'D_dagger_layer_units_exponent_0': 10, 'D_dagger_layer_units_exponent_1': 4, 'log_learning_rate': -3.789606072417791, 'log_learning_rate_D': -3.331075825348308, 'log_learning_rate_D_dagger': -4.5098188574917035, 'training_batch_size': 7, 'training_p': 3}. Best is trial 38 with value: 0.3015051484107971.
Time for this trial:  25.314906358718872
Memory status after this trial: 
Memory allocated:  1010.83544921875
Memory cached:  1080.0
--------------------  Trial  41   --------------------
Start timing: 
Parameters: 
{'W_layers': 7, 'W_layer_units_exponent_0': 8, 'W_layer_units_exponent_1': 10, 'W_layer_units_exponent_2': 5, 'W_layer_units_exponent_3': 9, 'W_layer_units_exponent_4': 5, 'W_layer_units_exponent_5': 5, 'W_layer_units_exponent_6': 4, 'D_layers': 2, 'D_layer_units_exponent_0': 9, 'D_layer_units_exponent_1': 8, 'D_dagger_layers': 3, 'D_dagger_layer_units_exponent_0': 9, 'D_dagger_layer_units_exponent_1': 4, 'D_dagger_layer_units_exponent_2': 9, 'log_learning_rate': -3.33907525948762, 'log_learning_rate_D': -3.8272162319011365, 'log_learning_rate_D_dagger': -4.3236300614167265, 'training_batch_size': 6, 'training_p': 2}
	 epoch  0 training error:  tensor(0.8945, device='cuda:0', grad_fn=<DivBackward0>)
Memory status after this epoch: 
Memory allocated:  592.81201171875
Memory cached:  706.0
	 epoch  10 training error:  tensor(0.3510, device='cuda:0', grad_fn=<DivBackward0>)
Memory status after this epoch: 
Memory allocated:  592.81201171875
Memory cached:  708.0
	 epoch  20 training error:  tensor(0.2964, device='cuda:0', grad_fn=<DivBackward0>)
Memory status after this epoch: 
Memory allocated:  592.81201171875
Memory cached:  708.0
	 epoch  30 training error:  tensor(0.2916, device='cuda:0', grad_fn=<DivBackward0>)
Memory status after this epoch: 
Memory allocated:  592.81201171875
Memory cached:  706.0
	 epoch  40 training error:  tensor(0.2905, device='cuda:0', grad_fn=<DivBackward0>)
Memory status after this epoch: 
Memory allocated:  592.81201171875
Memory cached:  706.0
	 epoch  50 training error:  tensor(0.2889, device='cuda:0', grad_fn=<DivBackward0>)
Memory status after this epoch: 
Memory allocated:  592.81201171875
Memory cached:  708.0
	 epoch  60 training error:  tensor(0.2894, device='cuda:0', grad_fn=<DivBackward0>)
Memory status after this epoch: 
Memory allocated:  592.81201171875
Memory cached:  708.0
	 epoch  70 training error:  tensor(0.2895, device='cuda:0', grad_fn=<DivBackward0>)
Memory status after this epoch: 
Memory allocated:  592.81201171875
Memory cached:  708.0
	 epoch  80 training error:  tensor(0.2872, device='cuda:0', grad_fn=<DivBackward0>)
Memory status after this epoch: 
Memory allocated:  592.81201171875
Memory cached:  708.0
	 epoch  90 training error:  tensor(0.2862, device='cuda:0', grad_fn=<DivBackward0>)
Memory status after this epoch: 
Memory allocated:  592.81201171875
Memory cached:  708.0
[I 2024-02-18 05:57:32,989] Trial 41 finished with value: 0.3026657998561859 and parameters: {'W_layers': 7, 'W_layer_units_exponent_0': 8, 'W_layer_units_exponent_1': 10, 'W_layer_units_exponent_2': 5, 'W_layer_units_exponent_3': 9, 'W_layer_units_exponent_4': 5, 'W_layer_units_exponent_5': 5, 'W_layer_units_exponent_6': 4, 'D_layers': 2, 'D_layer_units_exponent_0': 9, 'D_layer_units_exponent_1': 8, 'D_dagger_layers': 3, 'D_dagger_layer_units_exponent_0': 9, 'D_dagger_layer_units_exponent_1': 4, 'D_dagger_layer_units_exponent_2': 9, 'log_learning_rate': -3.33907525948762, 'log_learning_rate_D': -3.8272162319011365, 'log_learning_rate_D_dagger': -4.3236300614167265, 'training_batch_size': 6, 'training_p': 2}. Best is trial 38 with value: 0.3015051484107971.
Time for this trial:  29.292840242385864
Memory status after this trial: 
Memory allocated:  1215.68212890625
Memory cached:  1276.0
--------------------  Trial  42   --------------------
Start timing: 
Parameters: 
{'W_layers': 7, 'W_layer_units_exponent_0': 8, 'W_layer_units_exponent_1': 9, 'W_layer_units_exponent_2': 5, 'W_layer_units_exponent_3': 9, 'W_layer_units_exponent_4': 5, 'W_layer_units_exponent_5': 5, 'W_layer_units_exponent_6': 4, 'D_layers': 2, 'D_layer_units_exponent_0': 8, 'D_layer_units_exponent_1': 7, 'D_dagger_layers': 4, 'D_dagger_layer_units_exponent_0': 9, 'D_dagger_layer_units_exponent_1': 4, 'D_dagger_layer_units_exponent_2': 4, 'D_dagger_layer_units_exponent_3': 10, 'log_learning_rate': -3.272748867135583, 'log_learning_rate_D': -4.8670135254103934, 'log_learning_rate_D_dagger': -3.6454413784151516, 'training_batch_size': 6, 'training_p': 2}
	 epoch  0 training error:  tensor(0.7197, device='cuda:0', grad_fn=<DivBackward0>)
Memory status after this epoch: 
Memory allocated:  590.32373046875
Memory cached:  704.0
	 epoch  10 training error:  tensor(0.2921, device='cuda:0', grad_fn=<DivBackward0>)
Memory status after this epoch: 
Memory allocated:  590.32373046875
Memory cached:  706.0
	 epoch  20 training error:  tensor(0.2871, device='cuda:0', grad_fn=<DivBackward0>)
Memory status after this epoch: 
Memory allocated:  590.32373046875
Memory cached:  706.0
	 epoch  30 training error:  tensor(0.2845, device='cuda:0', grad_fn=<DivBackward0>)
Memory status after this epoch: 
Memory allocated:  590.32373046875
Memory cached:  704.0
	 epoch  40 training error:  tensor(0.2839, device='cuda:0', grad_fn=<DivBackward0>)
Memory status after this epoch: 
Memory allocated:  590.32373046875
Memory cached:  704.0
	 epoch  50 training error:  tensor(0.2837, device='cuda:0', grad_fn=<DivBackward0>)
Memory status after this epoch: 
Memory allocated:  590.32373046875
Memory cached:  706.0
	 epoch  60 training error:  tensor(0.2880, device='cuda:0', grad_fn=<DivBackward0>)
Memory status after this epoch: 
Memory allocated:  590.32373046875
Memory cached:  706.0
	 epoch  70 training error:  tensor(0.2846, device='cuda:0', grad_fn=<DivBackward0>)
Memory status after this epoch: 
Memory allocated:  590.32373046875
Memory cached:  706.0
	 epoch  80 training error:  tensor(0.2847, device='cuda:0', grad_fn=<DivBackward0>)
Memory status after this epoch: 
Memory allocated:  590.32373046875
Memory cached:  706.0
	 epoch  90 training error:  tensor(0.2842, device='cuda:0', grad_fn=<DivBackward0>)
Memory status after this epoch: 
Memory allocated:  590.32373046875
Memory cached:  706.0
[I 2024-02-18 05:58:03,454] Trial 42 finished with value: 0.3021228611469269 and parameters: {'W_layers': 7, 'W_layer_units_exponent_0': 8, 'W_layer_units_exponent_1': 9, 'W_layer_units_exponent_2': 5, 'W_layer_units_exponent_3': 9, 'W_layer_units_exponent_4': 5, 'W_layer_units_exponent_5': 5, 'W_layer_units_exponent_6': 4, 'D_layers': 2, 'D_layer_units_exponent_0': 8, 'D_layer_units_exponent_1': 7, 'D_dagger_layers': 4, 'D_dagger_layer_units_exponent_0': 9, 'D_dagger_layer_units_exponent_1': 4, 'D_dagger_layer_units_exponent_2': 4, 'D_dagger_layer_units_exponent_3': 10, 'log_learning_rate': -3.272748867135583, 'log_learning_rate_D': -4.8670135254103934, 'log_learning_rate_D_dagger': -3.6454413784151516, 'training_batch_size': 6, 'training_p': 2}. Best is trial 38 with value: 0.3015051484107971.
Time for this trial:  30.135610818862915
Memory status after this trial: 
Memory allocated:  1202.04443359375
Memory cached:  1260.0
--------------------  Trial  43   --------------------
Start timing: 
Parameters: 
{'W_layers': 8, 'W_layer_units_exponent_0': 7, 'W_layer_units_exponent_1': 9, 'W_layer_units_exponent_2': 5, 'W_layer_units_exponent_3': 8, 'W_layer_units_exponent_4': 6, 'W_layer_units_exponent_5': 5, 'W_layer_units_exponent_6': 4, 'W_layer_units_exponent_7': 5, 'D_layers': 3, 'D_layer_units_exponent_0': 10, 'D_layer_units_exponent_1': 7, 'D_layer_units_exponent_2': 9, 'D_dagger_layers': 2, 'D_dagger_layer_units_exponent_0': 10, 'D_dagger_layer_units_exponent_1': 4, 'log_learning_rate': -3.165972141925798, 'log_learning_rate_D': -4.911223656506704, 'log_learning_rate_D_dagger': -4.23662652774492, 'training_batch_size': 6, 'training_p': 2}
	 epoch  0 training error:  tensor(0.9192, device='cuda:0', grad_fn=<DivBackward0>)
Memory status after this epoch: 
Memory allocated:  589.703125
Memory cached:  704.0
	 epoch  10 training error:  tensor(0.2888, device='cuda:0', grad_fn=<DivBackward0>)
Memory status after this epoch: 
Memory allocated:  589.703125
Memory cached:  704.0
	 epoch  20 training error:  tensor(0.2859, device='cuda:0', grad_fn=<DivBackward0>)
Memory status after this epoch: 
Memory allocated:  589.703125
Memory cached:  704.0
	 epoch  30 training error:  tensor(0.2868, device='cuda:0', grad_fn=<DivBackward0>)
Memory status after this epoch: 
Memory allocated:  589.703125
Memory cached:  704.0
	 epoch  40 training error:  tensor(0.2856, device='cuda:0', grad_fn=<DivBackward0>)
Memory status after this epoch: 
Memory allocated:  589.703125
Memory cached:  704.0
	 epoch  50 training error:  tensor(0.2861, device='cuda:0', grad_fn=<DivBackward0>)
Memory status after this epoch: 
Memory allocated:  589.703125
Memory cached:  704.0
	 epoch  60 training error:  tensor(0.2858, device='cuda:0', grad_fn=<DivBackward0>)
Memory status after this epoch: 
Memory allocated:  589.703125
Memory cached:  704.0
	 epoch  70 training error:  tensor(0.2861, device='cuda:0', grad_fn=<DivBackward0>)
Memory status after this epoch: 
Memory allocated:  589.703125
Memory cached:  704.0
	 epoch  80 training error:  tensor(0.2863, device='cuda:0', grad_fn=<DivBackward0>)
Memory status after this epoch: 
Memory allocated:  589.703125
Memory cached:  704.0
	 epoch  90 training error:  tensor(0.2867, device='cuda:0', grad_fn=<DivBackward0>)
Memory status after this epoch: 
Memory allocated:  589.703125
Memory cached:  704.0
[I 2024-02-18 05:58:31,754] Trial 43 finished with value: 0.3013603389263153 and parameters: {'W_layers': 8, 'W_layer_units_exponent_0': 7, 'W_layer_units_exponent_1': 9, 'W_layer_units_exponent_2': 5, 'W_layer_units_exponent_3': 8, 'W_layer_units_exponent_4': 6, 'W_layer_units_exponent_5': 5, 'W_layer_units_exponent_6': 4, 'W_layer_units_exponent_7': 5, 'D_layers': 3, 'D_layer_units_exponent_0': 10, 'D_layer_units_exponent_1': 7, 'D_layer_units_exponent_2': 9, 'D_dagger_layers': 2, 'D_dagger_layer_units_exponent_0': 10, 'D_dagger_layer_units_exponent_1': 4, 'log_learning_rate': -3.165972141925798, 'log_learning_rate_D': -4.911223656506704, 'log_learning_rate_D_dagger': -4.23662652774492, 'training_batch_size': 6, 'training_p': 2}. Best is trial 43 with value: 0.3013603389263153.
res:  tensor(0.3014, device='cuda:0', grad_fn=<DivBackward0>)
self.bestValue:  tensor(0.3015, device='cuda:0', grad_fn=<DivBackward0>)
Save this model!
Time for this trial:  27.98515820503235
Memory status after this trial: 
Memory allocated:  463.4375
Memory cached:  604.0
--------------------  Trial  44   --------------------
Start timing: 
Parameters: 
{'W_layers': 8, 'W_layer_units_exponent_0': 7, 'W_layer_units_exponent_1': 9, 'W_layer_units_exponent_2': 4, 'W_layer_units_exponent_3': 8, 'W_layer_units_exponent_4': 6, 'W_layer_units_exponent_5': 6, 'W_layer_units_exponent_6': 5, 'W_layer_units_exponent_7': 5, 'D_layers': 3, 'D_layer_units_exponent_0': 10, 'D_layer_units_exponent_1': 7, 'D_layer_units_exponent_2': 9, 'D_dagger_layers': 2, 'D_dagger_layer_units_exponent_0': 10, 'D_dagger_layer_units_exponent_1': 5, 'log_learning_rate': -3.1199776829882433, 'log_learning_rate_D': -4.618014445704766, 'log_learning_rate_D_dagger': -4.912487220969753, 'training_batch_size': 7, 'training_p': 3}
	 epoch  0 training error:  tensor(0.9795, device='cuda:0', grad_fn=<DivBackward0>)
Memory status after this epoch: 
Memory allocated:  466.3310546875
Memory cached:  604.0
	 epoch  10 training error:  tensor(0.4734, device='cuda:0', grad_fn=<DivBackward0>)
Memory status after this epoch: 
Memory allocated:  466.3310546875
Memory cached:  604.0
	 epoch  20 training error:  tensor(0.4349, device='cuda:0', grad_fn=<DivBackward0>)
Memory status after this epoch: 
Memory allocated:  466.3310546875
Memory cached:  604.0
	 epoch  30 training error:  tensor(0.4130, device='cuda:0', grad_fn=<DivBackward0>)
Memory status after this epoch: 
Memory allocated:  466.3310546875
Memory cached:  604.0
	 epoch  40 training error:  tensor(0.3952, device='cuda:0', grad_fn=<DivBackward0>)
Memory status after this epoch: 
Memory allocated:  466.3310546875
Memory cached:  604.0
	 epoch  50 training error:  tensor(0.3774, device='cuda:0', grad_fn=<DivBackward0>)
Memory status after this epoch: 
Memory allocated:  466.3310546875
Memory cached:  604.0
	 epoch  60 training error:  tensor(0.3814, device='cuda:0', grad_fn=<DivBackward0>)
Memory status after this epoch: 
Memory allocated:  466.3310546875
Memory cached:  604.0
	 epoch  70 training error:  tensor(0.3749, device='cuda:0', grad_fn=<DivBackward0>)
Memory status after this epoch: 
Memory allocated:  466.3310546875
Memory cached:  604.0
	 epoch  80 training error:  tensor(0.3748, device='cuda:0', grad_fn=<DivBackward0>)
Memory status after this epoch: 
Memory allocated:  466.3310546875
Memory cached:  604.0
	 epoch  90 training error:  tensor(0.3720, device='cuda:0', grad_fn=<DivBackward0>)
Memory status after this epoch: 
Memory allocated:  466.3310546875
Memory cached:  604.0
[I 2024-02-18 05:58:58,011] Trial 44 finished with value: 0.31568336486816406 and parameters: {'W_layers': 8, 'W_layer_units_exponent_0': 7, 'W_layer_units_exponent_1': 9, 'W_layer_units_exponent_2': 4, 'W_layer_units_exponent_3': 8, 'W_layer_units_exponent_4': 6, 'W_layer_units_exponent_5': 6, 'W_layer_units_exponent_6': 5, 'W_layer_units_exponent_7': 5, 'D_layers': 3, 'D_layer_units_exponent_0': 10, 'D_layer_units_exponent_1': 7, 'D_layer_units_exponent_2': 9, 'D_dagger_layers': 2, 'D_dagger_layer_units_exponent_0': 10, 'D_dagger_layer_units_exponent_1': 5, 'log_learning_rate': -3.1199776829882433, 'log_learning_rate_D': -4.618014445704766, 'log_learning_rate_D_dagger': -4.912487220969753, 'training_batch_size': 7, 'training_p': 3}. Best is trial 43 with value: 0.3013603389263153.
Time for this trial:  25.811336517333984
Memory status after this trial: 
Memory allocated:  932.74560546875
Memory cached:  942.0
--------------------  Trial  45   --------------------
Start timing: 
Parameters: 
{'W_layers': 8, 'W_layer_units_exponent_0': 7, 'W_layer_units_exponent_1': 10, 'W_layer_units_exponent_2': 5, 'W_layer_units_exponent_3': 6, 'W_layer_units_exponent_4': 6, 'W_layer_units_exponent_5': 5, 'W_layer_units_exponent_6': 4, 'W_layer_units_exponent_7': 5, 'D_layers': 3, 'D_layer_units_exponent_0': 10, 'D_layer_units_exponent_1': 7, 'D_layer_units_exponent_2': 10, 'D_dagger_layers': 2, 'D_dagger_layer_units_exponent_0': 10, 'D_dagger_layer_units_exponent_1': 5, 'log_learning_rate': -2.6298668390955235, 'log_learning_rate_D': -4.93807607256235, 'log_learning_rate_D_dagger': -4.2789971510189035, 'training_batch_size': 6, 'training_p': 8}
	 epoch  0 training error:  tensor(0.8154, device='cuda:0', grad_fn=<DivBackward0>)
Memory status after this epoch: 
Memory allocated:  467.6845703125
Memory cached:  604.0
	 epoch  10 training error:  tensor(0.5421, device='cuda:0', grad_fn=<DivBackward0>)
Memory status after this epoch: 
Memory allocated:  467.6845703125
Memory cached:  606.0
	 epoch  20 training error:  tensor(0.5428, device='cuda:0', grad_fn=<DivBackward0>)
Memory status after this epoch: 
Memory allocated:  467.6845703125
Memory cached:  604.0
	 epoch  30 training error:  tensor(0.5428, device='cuda:0', grad_fn=<DivBackward0>)
Memory status after this epoch: 
Memory allocated:  467.6845703125
Memory cached:  606.0
	 epoch  40 training error:  tensor(0.5400, device='cuda:0', grad_fn=<DivBackward0>)
Memory status after this epoch: 
Memory allocated:  467.6845703125
Memory cached:  604.0
	 epoch  50 training error:  tensor(0.5391, device='cuda:0', grad_fn=<DivBackward0>)
Memory status after this epoch: 
Memory allocated:  467.6845703125
Memory cached:  606.0
	 epoch  60 training error:  tensor(0.5407, device='cuda:0', grad_fn=<DivBackward0>)
Memory status after this epoch: 
Memory allocated:  467.6845703125
Memory cached:  604.0
	 epoch  70 training error:  tensor(0.5384, device='cuda:0', grad_fn=<DivBackward0>)
Memory status after this epoch: 
Memory allocated:  467.6845703125
Memory cached:  604.0
	 epoch  80 training error:  tensor(0.5386, device='cuda:0', grad_fn=<DivBackward0>)
Memory status after this epoch: 
Memory allocated:  467.6845703125
Memory cached:  606.0
	 epoch  90 training error:  tensor(0.5406, device='cuda:0', grad_fn=<DivBackward0>)
Memory status after this epoch: 
Memory allocated:  467.6845703125
Memory cached:  604.0
[I 2024-02-18 05:59:26,516] Trial 45 finished with value: 0.40488705039024353 and parameters: {'W_layers': 8, 'W_layer_units_exponent_0': 7, 'W_layer_units_exponent_1': 10, 'W_layer_units_exponent_2': 5, 'W_layer_units_exponent_3': 6, 'W_layer_units_exponent_4': 6, 'W_layer_units_exponent_5': 5, 'W_layer_units_exponent_6': 4, 'W_layer_units_exponent_7': 5, 'D_layers': 3, 'D_layer_units_exponent_0': 10, 'D_layer_units_exponent_1': 7, 'D_layer_units_exponent_2': 10, 'D_dagger_layers': 2, 'D_dagger_layer_units_exponent_0': 10, 'D_dagger_layer_units_exponent_1': 5, 'log_learning_rate': -2.6298668390955235, 'log_learning_rate_D': -4.93807607256235, 'log_learning_rate_D_dagger': -4.2789971510189035, 'training_batch_size': 6, 'training_p': 8}. Best is trial 43 with value: 0.3013603389263153.
Time for this trial:  28.154786109924316
Memory status after this trial: 
Memory allocated:  997.63134765625
Memory cached:  1072.0
--------------------  Trial  46   --------------------
Start timing: 
Parameters: 
{'W_layers': 8, 'W_layer_units_exponent_0': 9, 'W_layer_units_exponent_1': 10, 'W_layer_units_exponent_2': 5, 'W_layer_units_exponent_3': 7, 'W_layer_units_exponent_4': 7, 'W_layer_units_exponent_5': 9, 'W_layer_units_exponent_6': 5, 'W_layer_units_exponent_7': 6, 'D_layers': 3, 'D_layer_units_exponent_0': 9, 'D_layer_units_exponent_1': 7, 'D_layer_units_exponent_2': 8, 'D_dagger_layers': 2, 'D_dagger_layer_units_exponent_0': 10, 'D_dagger_layer_units_exponent_1': 4, 'log_learning_rate': -2.9274444496482546, 'log_learning_rate_D': -4.2597012115975454, 'log_learning_rate_D_dagger': -3.8284840430737668, 'training_batch_size': 7, 'training_p': 2}
	 epoch  0 training error:  tensor(0.9297, device='cuda:0', grad_fn=<DivBackward0>)
Memory status after this epoch: 
Memory allocated:  474.6943359375
Memory cached:  604.0
	 epoch  10 training error:  tensor(0.2936, device='cuda:0', grad_fn=<DivBackward0>)
Memory status after this epoch: 
Memory allocated:  474.6943359375
Memory cached:  604.0
	 epoch  20 training error:  tensor(0.2866, device='cuda:0', grad_fn=<DivBackward0>)
Memory status after this epoch: 
Memory allocated:  474.6943359375
Memory cached:  604.0
	 epoch  30 training error:  tensor(0.2859, device='cuda:0', grad_fn=<DivBackward0>)
Memory status after this epoch: 
Memory allocated:  474.6943359375
Memory cached:  604.0
	 epoch  40 training error:  tensor(0.2876, device='cuda:0', grad_fn=<DivBackward0>)
Memory status after this epoch: 
Memory allocated:  474.6943359375
Memory cached:  604.0
	 epoch  50 training error:  tensor(0.2861, device='cuda:0', grad_fn=<DivBackward0>)
Memory status after this epoch: 
Memory allocated:  474.6943359375
Memory cached:  604.0
	 epoch  60 training error:  tensor(0.2872, device='cuda:0', grad_fn=<DivBackward0>)
Memory status after this epoch: 
Memory allocated:  474.6943359375
Memory cached:  604.0
	 epoch  70 training error:  tensor(0.2848, device='cuda:0', grad_fn=<DivBackward0>)
Memory status after this epoch: 
Memory allocated:  474.6943359375
Memory cached:  604.0
	 epoch  80 training error:  tensor(0.2876, device='cuda:0', grad_fn=<DivBackward0>)
Memory status after this epoch: 
Memory allocated:  474.6943359375
Memory cached:  604.0
	 epoch  90 training error:  tensor(0.2878, device='cuda:0', grad_fn=<DivBackward0>)
Memory status after this epoch: 
Memory allocated:  474.6943359375
Memory cached:  604.0
