[I 2023-12-03 06:13:44,126] Trial 32 finished with value: 0.03862375020980835 and parameters: {'W_layers': 5, 'W_layer_units_exponent_0': 8, 'W_layer_units_exponent_1': 4, 'W_layer_units_exponent_2': 8, 'W_layer_units_exponent_3': 5, 'W_layer_units_exponent_4': 9, 'D_layers': 4, 'D_layer_units_exponent_0': 7, 'D_layer_units_exponent_1': 8, 'D_layer_units_exponent_2': 6, 'D_layer_units_exponent_3': 9, 'D_dagger_layers': 2, 'D_dagger_layer_units_exponent_0': 5, 'D_dagger_layer_units_exponent_1': 8, 'log_learning_rate': -2.809845754992157, 'log_learning_rate_D': -4.217113416415802, 'log_learning_rate_D_dagger': -2.6405788210250685, 'training_batch_size': 11, 'training_p': 6}. Best is trial 32 with value: 0.03862375020980835.
res:  tensor(0.0386, device='cuda:0', grad_fn=<DivBackward0>)
self.bestValue:  tensor(0.0388, device='cuda:0', grad_fn=<DivBackward0>)
Save this model!
Time for this trial:  159.16292190551758
Memory status after this trial: 
Memory allocated:  115.21630859375
Memory cached:  228.0
--------------------  Trial  33   --------------------
Start timing: 
Parameters: 
{'W_layers': 5, 'W_layer_units_exponent_0': 9, 'W_layer_units_exponent_1': 4, 'W_layer_units_exponent_2': 9, 'W_layer_units_exponent_3': 5, 'W_layer_units_exponent_4': 10, 'D_layers': 4, 'D_layer_units_exponent_0': 7, 'D_layer_units_exponent_1': 8, 'D_layer_units_exponent_2': 6, 'D_layer_units_exponent_3': 9, 'D_dagger_layers': 2, 'D_dagger_layer_units_exponent_0': 5, 'D_dagger_layer_units_exponent_1': 9, 'log_learning_rate': -2.747678007003363, 'log_learning_rate_D': -4.172828560933846, 'log_learning_rate_D_dagger': -2.218354863353877, 'training_batch_size': 11, 'training_p': 7}
	 epoch  0 training error:  tensor(0.8927, device='cuda:0', grad_fn=<DivBackward0>)
Memory status after this epoch: 
Memory allocated:  117.85986328125
Memory cached:  242.0
	 epoch  10 training error:  tensor(0.3141, device='cuda:0', grad_fn=<DivBackward0>)
Memory status after this epoch: 
Memory allocated:  117.85986328125
Memory cached:  264.0
	 epoch  20 training error:  tensor(0.1905, device='cuda:0', grad_fn=<DivBackward0>)
Memory status after this epoch: 
Memory allocated:  117.85986328125
Memory cached:  262.0
	 epoch  30 training error:  tensor(0.1670, device='cuda:0', grad_fn=<DivBackward0>)
Memory status after this epoch: 
Memory allocated:  117.85986328125
Memory cached:  262.0
	 epoch  40 training error:  tensor(0.1101, device='cuda:0', grad_fn=<DivBackward0>)
Memory status after this epoch: 
Memory allocated:  117.85986328125
Memory cached:  262.0
	 epoch  50 training error:  tensor(0.1575, device='cuda:0', grad_fn=<DivBackward0>)
Memory status after this epoch: 
Memory allocated:  117.85986328125
Memory cached:  264.0
	 epoch  60 training error:  tensor(0.0932, device='cuda:0', grad_fn=<DivBackward0>)
Memory status after this epoch: 
Memory allocated:  117.85986328125
Memory cached:  264.0
	 epoch  70 training error:  tensor(0.0871, device='cuda:0', grad_fn=<DivBackward0>)
Memory status after this epoch: 
Memory allocated:  117.85986328125
Memory cached:  262.0
	 epoch  80 training error:  tensor(0.0665, device='cuda:0', grad_fn=<DivBackward0>)
Memory status after this epoch: 
Memory allocated:  117.85986328125
Memory cached:  262.0
	 epoch  90 training error:  tensor(0.0592, device='cuda:0', grad_fn=<DivBackward0>)
Memory status after this epoch: 
Memory allocated:  117.85986328125
Memory cached:  264.0
[I 2023-12-03 06:16:30,821] Trial 33 finished with value: 0.05353320762515068 and parameters: {'W_layers': 5, 'W_layer_units_exponent_0': 9, 'W_layer_units_exponent_1': 4, 'W_layer_units_exponent_2': 9, 'W_layer_units_exponent_3': 5, 'W_layer_units_exponent_4': 10, 'D_layers': 4, 'D_layer_units_exponent_0': 7, 'D_layer_units_exponent_1': 8, 'D_layer_units_exponent_2': 6, 'D_layer_units_exponent_3': 9, 'D_dagger_layers': 2, 'D_dagger_layer_units_exponent_0': 5, 'D_dagger_layer_units_exponent_1': 9, 'log_learning_rate': -2.747678007003363, 'log_learning_rate_D': -4.172828560933846, 'log_learning_rate_D_dagger': -2.218354863353877, 'training_batch_size': 11, 'training_p': 7}. Best is trial 32 with value: 0.03862375020980835.
Time for this trial:  166.51009154319763
Memory status after this trial: 
Memory allocated:  293.1796875
Memory cached:  296.0
--------------------  Trial  34   --------------------
Start timing: 
Parameters: 
{'W_layers': 6, 'W_layer_units_exponent_0': 8, 'W_layer_units_exponent_1': 4, 'W_layer_units_exponent_2': 7, 'W_layer_units_exponent_3': 5, 'W_layer_units_exponent_4': 9, 'W_layer_units_exponent_5': 9, 'D_layers': 5, 'D_layer_units_exponent_0': 7, 'D_layer_units_exponent_1': 7, 'D_layer_units_exponent_2': 5, 'D_layer_units_exponent_3': 9, 'D_layer_units_exponent_4': 6, 'D_dagger_layers': 2, 'D_dagger_layer_units_exponent_0': 6, 'D_dagger_layer_units_exponent_1': 8, 'log_learning_rate': -3.0581000601685955, 'log_learning_rate_D': -3.8699113242106122, 'log_learning_rate_D_dagger': -2.537593304754717, 'training_batch_size': 10, 'training_p': 2}
	 epoch  0 training error:  tensor(0.9676, device='cuda:0', grad_fn=<DivBackward0>)
Memory status after this epoch: 
Memory allocated:  121.04541015625
Memory cached:  238.0
	 epoch  10 training error:  tensor(0.3276, device='cuda:0', grad_fn=<DivBackward0>)
Memory status after this epoch: 
Memory allocated:  121.04541015625
Memory cached:  266.0
	 epoch  20 training error:  tensor(0.1997, device='cuda:0', grad_fn=<DivBackward0>)
Memory status after this epoch: 
Memory allocated:  121.04541015625
Memory cached:  262.0
	 epoch  30 training error:  tensor(0.1038, device='cuda:0', grad_fn=<DivBackward0>)
Memory status after this epoch: 
Memory allocated:  121.04541015625
Memory cached:  272.0
	 epoch  40 training error:  tensor(0.0775, device='cuda:0', grad_fn=<DivBackward0>)
Memory status after this epoch: 
Memory allocated:  121.04541015625
Memory cached:  264.0
	 epoch  50 training error:  tensor(0.0569, device='cuda:0', grad_fn=<DivBackward0>)
Memory status after this epoch: 
Memory allocated:  121.04541015625
Memory cached:  256.0
	 epoch  60 training error:  tensor(0.0606, device='cuda:0', grad_fn=<DivBackward0>)
Memory status after this epoch: 
Memory allocated:  121.04541015625
Memory cached:  260.0
	 epoch  70 training error:  tensor(0.0414, device='cuda:0', grad_fn=<DivBackward0>)
Memory status after this epoch: 
Memory allocated:  121.04541015625
Memory cached:  262.0
	 epoch  80 training error:  tensor(0.0673, device='cuda:0', grad_fn=<DivBackward0>)
Memory status after this epoch: 
Memory allocated:  121.04541015625
Memory cached:  272.0
	 epoch  90 training error:  tensor(0.0525, device='cuda:0', grad_fn=<DivBackward0>)
Memory status after this epoch: 
Memory allocated:  121.04541015625
Memory cached:  262.0
[I 2023-12-03 06:19:24,460] Trial 34 finished with value: 0.04061161354184151 and parameters: {'W_layers': 6, 'W_layer_units_exponent_0': 8, 'W_layer_units_exponent_1': 4, 'W_layer_units_exponent_2': 7, 'W_layer_units_exponent_3': 5, 'W_layer_units_exponent_4': 9, 'W_layer_units_exponent_5': 9, 'D_layers': 5, 'D_layer_units_exponent_0': 7, 'D_layer_units_exponent_1': 7, 'D_layer_units_exponent_2': 5, 'D_layer_units_exponent_3': 9, 'D_layer_units_exponent_4': 6, 'D_dagger_layers': 2, 'D_dagger_layer_units_exponent_0': 6, 'D_dagger_layer_units_exponent_1': 8, 'log_learning_rate': -3.0581000601685955, 'log_learning_rate_D': -3.8699113242106122, 'log_learning_rate_D_dagger': -2.537593304754717, 'training_batch_size': 10, 'training_p': 2}. Best is trial 32 with value: 0.03862375020980835.
Time for this trial:  173.4137213230133
Memory status after this trial: 
Memory allocated:  252.79736328125
Memory cached:  256.0
--------------------  Trial  35   --------------------
Start timing: 
Parameters: 
{'W_layers': 5, 'W_layer_units_exponent_0': 8, 'W_layer_units_exponent_1': 5, 'W_layer_units_exponent_2': 8, 'W_layer_units_exponent_3': 5, 'W_layer_units_exponent_4': 9, 'D_layers': 4, 'D_layer_units_exponent_0': 6, 'D_layer_units_exponent_1': 8, 'D_layer_units_exponent_2': 5, 'D_layer_units_exponent_3': 9, 'D_dagger_layers': 2, 'D_dagger_layer_units_exponent_0': 6, 'D_dagger_layer_units_exponent_1': 8, 'log_learning_rate': -3.1514816753014268, 'log_learning_rate_D': -3.8108214312923527, 'log_learning_rate_D_dagger': -2.611478962672571, 'training_batch_size': 11, 'training_p': 7}
	 epoch  0 training error:  tensor(0.6444, device='cuda:0', grad_fn=<DivBackward0>)
Memory status after this epoch: 
Memory allocated:  116.82275390625
Memory cached:  228.0
	 epoch  10 training error:  tensor(0.7356, device='cuda:0', grad_fn=<DivBackward0>)
Memory status after this epoch: 
Memory allocated:  116.82275390625
Memory cached:  232.0
	 epoch  20 training error:  tensor(0.3186, device='cuda:0', grad_fn=<DivBackward0>)
Memory status after this epoch: 
Memory allocated:  116.82275390625
Memory cached:  232.0
	 epoch  30 training error:  tensor(0.2341, device='cuda:0', grad_fn=<DivBackward0>)
Memory status after this epoch: 
Memory allocated:  116.82275390625
Memory cached:  230.0
	 epoch  40 training error:  tensor(0.0768, device='cuda:0', grad_fn=<DivBackward0>)
Memory status after this epoch: 
Memory allocated:  116.82275390625
Memory cached:  230.0
	 epoch  50 training error:  tensor(0.0800, device='cuda:0', grad_fn=<DivBackward0>)
Memory status after this epoch: 
Memory allocated:  116.82275390625
Memory cached:  228.0
	 epoch  60 training error:  tensor(0.0711, device='cuda:0', grad_fn=<DivBackward0>)
Memory status after this epoch: 
Memory allocated:  116.82275390625
Memory cached:  228.0
	 epoch  70 training error:  tensor(0.0666, device='cuda:0', grad_fn=<DivBackward0>)
Memory status after this epoch: 
Memory allocated:  116.82275390625
Memory cached:  228.0
	 epoch  80 training error:  tensor(0.0610, device='cuda:0', grad_fn=<DivBackward0>)
Memory status after this epoch: 
Memory allocated:  116.82275390625
Memory cached:  232.0
	 epoch  90 training error:  tensor(0.0582, device='cuda:0', grad_fn=<DivBackward0>)
Memory status after this epoch: 
Memory allocated:  116.82275390625
Memory cached:  228.0
[I 2023-12-03 06:22:04,731] Trial 35 finished with value: 0.04515958949923515 and parameters: {'W_layers': 5, 'W_layer_units_exponent_0': 8, 'W_layer_units_exponent_1': 5, 'W_layer_units_exponent_2': 8, 'W_layer_units_exponent_3': 5, 'W_layer_units_exponent_4': 9, 'D_layers': 4, 'D_layer_units_exponent_0': 6, 'D_layer_units_exponent_1': 8, 'D_layer_units_exponent_2': 5, 'D_layer_units_exponent_3': 9, 'D_dagger_layers': 2, 'D_dagger_layer_units_exponent_0': 6, 'D_dagger_layer_units_exponent_1': 8, 'log_learning_rate': -3.1514816753014268, 'log_learning_rate_D': -3.8108214312923527, 'log_learning_rate_D_dagger': -2.611478962672571, 'training_batch_size': 11, 'training_p': 7}. Best is trial 32 with value: 0.03862375020980835.
Time for this trial:  159.99615693092346
Memory status after this trial: 
Memory allocated:  227.47802734375
Memory cached:  230.0
--------------------  Trial  36   --------------------
Start timing: 
Parameters: 
{'W_layers': 6, 'W_layer_units_exponent_0': 8, 'W_layer_units_exponent_1': 4, 'W_layer_units_exponent_2': 7, 'W_layer_units_exponent_3': 4, 'W_layer_units_exponent_4': 9, 'W_layer_units_exponent_5': 10, 'D_layers': 5, 'D_layer_units_exponent_0': 7, 'D_layer_units_exponent_1': 4, 'D_layer_units_exponent_2': 4, 'D_layer_units_exponent_3': 9, 'D_layer_units_exponent_4': 7, 'D_dagger_layers': 2, 'D_dagger_layer_units_exponent_0': 6, 'D_dagger_layer_units_exponent_1': 8, 'log_learning_rate': -2.9447879256532903, 'log_learning_rate_D': -3.82298815031561, 'log_learning_rate_D_dagger': -2.3818465319279767, 'training_batch_size': 9, 'training_p': 6}
	 epoch  0 training error:  tensor(0.5908, device='cuda:0', grad_fn=<DivBackward0>)
Memory status after this epoch: 
Memory allocated:  125.00244140625
Memory cached:  264.0
	 epoch  10 training error:  tensor(0.6090, device='cuda:0', grad_fn=<DivBackward0>)
Memory status after this epoch: 
Memory allocated:  125.00244140625
Memory cached:  300.0
	 epoch  20 training error:  tensor(0.4736, device='cuda:0', grad_fn=<DivBackward0>)
Memory status after this epoch: 
Memory allocated:  125.00244140625
Memory cached:  298.0
	 epoch  30 training error:  tensor(0.2584, device='cuda:0', grad_fn=<DivBackward0>)
Memory status after this epoch: 
Memory allocated:  125.00244140625
Memory cached:  290.0
	 epoch  40 training error:  tensor(0.1550, device='cuda:0', grad_fn=<DivBackward0>)
Memory status after this epoch: 
Memory allocated:  125.00244140625
Memory cached:  292.0
	 epoch  50 training error:  tensor(0.1119, device='cuda:0', grad_fn=<DivBackward0>)
Memory status after this epoch: 
Memory allocated:  125.00244140625
Memory cached:  290.0
	 epoch  60 training error:  tensor(0.0778, device='cuda:0', grad_fn=<DivBackward0>)
Memory status after this epoch: 
Memory allocated:  125.00244140625
Memory cached:  290.0
	 epoch  70 training error:  tensor(0.0617, device='cuda:0', grad_fn=<DivBackward0>)
Memory status after this epoch: 
Memory allocated:  125.00244140625
Memory cached:  292.0
	 epoch  80 training error:  tensor(0.0572, device='cuda:0', grad_fn=<DivBackward0>)
Memory status after this epoch: 
Memory allocated:  125.00244140625
Memory cached:  292.0
	 epoch  90 training error:  tensor(0.0563, device='cuda:0', grad_fn=<DivBackward0>)
Memory status after this epoch: 
Memory allocated:  125.00244140625
Memory cached:  292.0
[I 2023-12-03 06:25:04,495] Trial 36 finished with value: 0.04906800389289856 and parameters: {'W_layers': 6, 'W_layer_units_exponent_0': 8, 'W_layer_units_exponent_1': 4, 'W_layer_units_exponent_2': 7, 'W_layer_units_exponent_3': 4, 'W_layer_units_exponent_4': 9, 'W_layer_units_exponent_5': 10, 'D_layers': 5, 'D_layer_units_exponent_0': 7, 'D_layer_units_exponent_1': 4, 'D_layer_units_exponent_2': 4, 'D_layer_units_exponent_3': 9, 'D_layer_units_exponent_4': 7, 'D_dagger_layers': 2, 'D_dagger_layer_units_exponent_0': 6, 'D_dagger_layer_units_exponent_1': 8, 'log_learning_rate': -2.9447879256532903, 'log_learning_rate_D': -3.82298815031561, 'log_learning_rate_D_dagger': -2.3818465319279767, 'training_batch_size': 9, 'training_p': 6}. Best is trial 32 with value: 0.03862375020980835.
Time for this trial:  179.50779700279236
Memory status after this trial: 
Memory allocated:  274.0009765625
Memory cached:  292.0
--------------------  Trial  37   --------------------
Start timing: 
Parameters: 
{'W_layers': 7, 'W_layer_units_exponent_0': 7, 'W_layer_units_exponent_1': 5, 'W_layer_units_exponent_2': 8, 'W_layer_units_exponent_3': 5, 'W_layer_units_exponent_4': 7, 'W_layer_units_exponent_5': 9, 'W_layer_units_exponent_6': 10, 'D_layers': 4, 'D_layer_units_exponent_0': 9, 'D_layer_units_exponent_1': 9, 'D_layer_units_exponent_2': 5, 'D_layer_units_exponent_3': 10, 'D_dagger_layers': 2, 'D_dagger_layer_units_exponent_0': 8, 'D_dagger_layer_units_exponent_1': 7, 'log_learning_rate': -2.6049784033314447, 'log_learning_rate_D': -3.31717739153968, 'log_learning_rate_D_dagger': -2.075237192703973, 'training_batch_size': 11, 'training_p': 5}
	 epoch  0 training error:  tensor(0.6603, device='cuda:0', grad_fn=<DivBackward0>)
Memory status after this epoch: 
Memory allocated:  130.03369140625
Memory cached:  258.0
	 epoch  10 training error:  tensor(0.8268, device='cuda:0', grad_fn=<DivBackward0>)
Memory status after this epoch: 
Memory allocated:  130.03369140625
Memory cached:  274.0
	 epoch  20 training error:  tensor(0.4485, device='cuda:0', grad_fn=<DivBackward0>)
Memory status after this epoch: 
Memory allocated:  130.03369140625
Memory cached:  276.0
	 epoch  30 training error:  tensor(0.2066, device='cuda:0', grad_fn=<DivBackward0>)
Memory status after this epoch: 
Memory allocated:  130.03369140625
Memory cached:  274.0
	 epoch  40 training error:  tensor(0.1387, device='cuda:0', grad_fn=<DivBackward0>)
Memory status after this epoch: 
Memory allocated:  130.03369140625
Memory cached:  276.0
	 epoch  50 training error:  tensor(0.0670, device='cuda:0', grad_fn=<DivBackward0>)
Memory status after this epoch: 
Memory allocated:  130.03369140625
Memory cached:  282.0
	 epoch  60 training error:  tensor(0.0579, device='cuda:0', grad_fn=<DivBackward0>)
Memory status after this epoch: 
Memory allocated:  130.03369140625
Memory cached:  268.0
	 epoch  70 training error:  tensor(0.0553, device='cuda:0', grad_fn=<DivBackward0>)
Memory status after this epoch: 
Memory allocated:  130.03369140625
Memory cached:  272.0
	 epoch  80 training error:  tensor(0.0462, device='cuda:0', grad_fn=<DivBackward0>)
Memory status after this epoch: 
Memory allocated:  130.03369140625
Memory cached:  270.0
	 epoch  90 training error:  tensor(0.0632, device='cuda:0', grad_fn=<DivBackward0>)
Memory status after this epoch: 
Memory allocated:  130.03369140625
Memory cached:  270.0
[I 2023-12-03 06:28:17,094] Trial 37 finished with value: 0.05436430126428604 and parameters: {'W_layers': 7, 'W_layer_units_exponent_0': 7, 'W_layer_units_exponent_1': 5, 'W_layer_units_exponent_2': 8, 'W_layer_units_exponent_3': 5, 'W_layer_units_exponent_4': 7, 'W_layer_units_exponent_5': 9, 'W_layer_units_exponent_6': 10, 'D_layers': 4, 'D_layer_units_exponent_0': 9, 'D_layer_units_exponent_1': 9, 'D_layer_units_exponent_2': 5, 'D_layer_units_exponent_3': 10, 'D_dagger_layers': 2, 'D_dagger_layer_units_exponent_0': 8, 'D_dagger_layer_units_exponent_1': 7, 'log_learning_rate': -2.6049784033314447, 'log_learning_rate_D': -3.31717739153968, 'log_learning_rate_D_dagger': -2.075237192703973, 'training_batch_size': 11, 'training_p': 5}. Best is trial 32 with value: 0.03862375020980835.
Time for this trial:  192.3533194065094
Memory status after this trial: 
Memory allocated:  349.68408203125
Memory cached:  370.0
--------------------  Trial  38   --------------------
Start timing: 
Parameters: 
{'W_layers': 5, 'W_layer_units_exponent_0': 8, 'W_layer_units_exponent_1': 6, 'W_layer_units_exponent_2': 9, 'W_layer_units_exponent_3': 7, 'W_layer_units_exponent_4': 9, 'D_layers': 5, 'D_layer_units_exponent_0': 7, 'D_layer_units_exponent_1': 7, 'D_layer_units_exponent_2': 4, 'D_layer_units_exponent_3': 9, 'D_layer_units_exponent_4': 5, 'D_dagger_layers': 3, 'D_dagger_layer_units_exponent_0': 5, 'D_dagger_layer_units_exponent_1': 7, 'D_dagger_layer_units_exponent_2': 6, 'log_learning_rate': -3.2630377169044804, 'log_learning_rate_D': -3.001645685295117, 'log_learning_rate_D_dagger': -2.6210662678587746, 'training_batch_size': 10, 'training_p': 5}
	 epoch  0 training error:  tensor(0.4972, device='cuda:0', grad_fn=<DivBackward0>)
Memory status after this epoch: 
Memory allocated:  118.91455078125
Memory cached:  234.0
	 epoch  10 training error:  tensor(0.4095, device='cuda:0', grad_fn=<DivBackward0>)
Memory status after this epoch: 
Memory allocated:  118.91455078125
Memory cached:  250.0
	 epoch  20 training error:  tensor(0.1153, device='cuda:0', grad_fn=<DivBackward0>)
Memory status after this epoch: 
Memory allocated:  118.91455078125
Memory cached:  256.0
	 epoch  30 training error:  tensor(0.0748, device='cuda:0', grad_fn=<DivBackward0>)
Memory status after this epoch: 
Memory allocated:  118.91455078125
Memory cached:  250.0
	 epoch  40 training error:  tensor(0.0606, device='cuda:0', grad_fn=<DivBackward0>)
Memory status after this epoch: 
Memory allocated:  118.91455078125
Memory cached:  256.0
	 epoch  50 training error:  tensor(0.0571, device='cuda:0', grad_fn=<DivBackward0>)
Memory status after this epoch: 
Memory allocated:  118.91455078125
Memory cached:  258.0
	 epoch  60 training error:  tensor(0.0526, device='cuda:0', grad_fn=<DivBackward0>)
Memory status after this epoch: 
Memory allocated:  118.91455078125
Memory cached:  256.0
	 epoch  70 training error:  tensor(0.0487, device='cuda:0', grad_fn=<DivBackward0>)
Memory status after this epoch: 
Memory allocated:  118.91455078125
Memory cached:  254.0
	 epoch  80 training error:  tensor(0.0551, device='cuda:0', grad_fn=<DivBackward0>)
Memory status after this epoch: 
Memory allocated:  118.91455078125
Memory cached:  258.0
	 epoch  90 training error:  tensor(0.0462, device='cuda:0', grad_fn=<DivBackward0>)
Memory status after this epoch: 
Memory allocated:  118.91455078125
Memory cached:  246.0
