[I 2024-02-18 10:42:53,060] Trial 146 finished with value: 0.08392256498336792 and parameters: {'W_layers': 2, 'W_layer_units_exponent_0': 8, 'W_layer_units_exponent_1': 9, 'D_layers': 8, 'D_layer_units_exponent_0': 8, 'D_layer_units_exponent_1': 10, 'D_layer_units_exponent_2': 8, 'D_layer_units_exponent_3': 9, 'D_layer_units_exponent_4': 5, 'D_layer_units_exponent_5': 4, 'D_layer_units_exponent_6': 7, 'D_layer_units_exponent_7': 9, 'D_dagger_layers': 5, 'D_dagger_layer_units_exponent_0': 7, 'D_dagger_layer_units_exponent_1': 5, 'D_dagger_layer_units_exponent_2': 7, 'D_dagger_layer_units_exponent_3': 7, 'D_dagger_layer_units_exponent_4': 5, 'log_learning_rate': -1.8334048462869785, 'log_learning_rate_D': -2.561729713854098, 'log_learning_rate_D_dagger': -2.9274705542734276, 'training_batch_size': 9, 'training_p': 2}. Best is trial 123 with value: 0.08297749608755112.
Time for this trial:  20.60832405090332
Memory status after this trial: 
Memory allocated:  652.81591796875
Memory cached:  680.0
--------------------  Trial  147   --------------------
Start timing: 
Parameters: 
{'W_layers': 2, 'W_layer_units_exponent_0': 4, 'W_layer_units_exponent_1': 9, 'D_layers': 7, 'D_layer_units_exponent_0': 8, 'D_layer_units_exponent_1': 10, 'D_layer_units_exponent_2': 8, 'D_layer_units_exponent_3': 8, 'D_layer_units_exponent_4': 6, 'D_layer_units_exponent_5': 5, 'D_layer_units_exponent_6': 9, 'D_dagger_layers': 5, 'D_dagger_layer_units_exponent_0': 7, 'D_dagger_layer_units_exponent_1': 4, 'D_dagger_layer_units_exponent_2': 7, 'D_dagger_layer_units_exponent_3': 7, 'D_dagger_layer_units_exponent_4': 6, 'log_learning_rate': -1.759896723705495, 'log_learning_rate_D': -2.4745345994513155, 'log_learning_rate_D_dagger': -2.9675510036774932, 'training_batch_size': 8, 'training_p': 2}
	 epoch  0 training error:  tensor(1.7501, device='cuda:0', grad_fn=<DivBackward0>)
Memory status after this epoch: 
Memory allocated:  403.58740234375
Memory cached:  512.0
	 epoch  10 training error:  tensor(0.7149, device='cuda:0', grad_fn=<DivBackward0>)
Memory status after this epoch: 
Memory allocated:  403.58740234375
Memory cached:  512.0
	 epoch  20 training error:  tensor(0.1683, device='cuda:0', grad_fn=<DivBackward0>)
Memory status after this epoch: 
Memory allocated:  403.58740234375
Memory cached:  512.0
	 epoch  30 training error:  tensor(0.1225, device='cuda:0', grad_fn=<DivBackward0>)
Memory status after this epoch: 
Memory allocated:  403.58740234375
Memory cached:  512.0
	 epoch  40 training error:  tensor(0.1023, device='cuda:0', grad_fn=<DivBackward0>)
Memory status after this epoch: 
Memory allocated:  403.58740234375
Memory cached:  512.0
	 epoch  50 training error:  tensor(0.0935, device='cuda:0', grad_fn=<DivBackward0>)
Memory status after this epoch: 
Memory allocated:  403.58740234375
Memory cached:  512.0
	 epoch  60 training error:  tensor(0.0896, device='cuda:0', grad_fn=<DivBackward0>)
Memory status after this epoch: 
Memory allocated:  403.58740234375
Memory cached:  512.0
	 epoch  70 training error:  tensor(0.0887, device='cuda:0', grad_fn=<DivBackward0>)
Memory status after this epoch: 
Memory allocated:  403.58740234375
Memory cached:  512.0
	 epoch  80 training error:  tensor(0.0887, device='cuda:0', grad_fn=<DivBackward0>)
Memory status after this epoch: 
Memory allocated:  403.58740234375
Memory cached:  512.0
	 epoch  90 training error:  tensor(0.0919, device='cuda:0', grad_fn=<DivBackward0>)
Memory status after this epoch: 
Memory allocated:  403.58740234375
Memory cached:  512.0
[I 2024-02-18 10:43:15,149] Trial 147 finished with value: 0.0933120995759964 and parameters: {'W_layers': 2, 'W_layer_units_exponent_0': 4, 'W_layer_units_exponent_1': 9, 'D_layers': 7, 'D_layer_units_exponent_0': 8, 'D_layer_units_exponent_1': 10, 'D_layer_units_exponent_2': 8, 'D_layer_units_exponent_3': 8, 'D_layer_units_exponent_4': 6, 'D_layer_units_exponent_5': 5, 'D_layer_units_exponent_6': 9, 'D_dagger_layers': 5, 'D_dagger_layer_units_exponent_0': 7, 'D_dagger_layer_units_exponent_1': 4, 'D_dagger_layer_units_exponent_2': 7, 'D_dagger_layer_units_exponent_3': 7, 'D_dagger_layer_units_exponent_4': 6, 'log_learning_rate': -1.759896723705495, 'log_learning_rate_D': -2.4745345994513155, 'log_learning_rate_D_dagger': -2.9675510036774932, 'training_batch_size': 8, 'training_p': 2}. Best is trial 123 with value: 0.08297749608755112.
Time for this trial:  21.706162929534912
Memory status after this trial: 
Memory allocated:  602.20458984375
Memory cached:  616.0
--------------------  Trial  148   --------------------
Start timing: 
Parameters: 
{'W_layers': 2, 'W_layer_units_exponent_0': 4, 'W_layer_units_exponent_1': 9, 'D_layers': 7, 'D_layer_units_exponent_0': 7, 'D_layer_units_exponent_1': 10, 'D_layer_units_exponent_2': 10, 'D_layer_units_exponent_3': 8, 'D_layer_units_exponent_4': 4, 'D_layer_units_exponent_5': 5, 'D_layer_units_exponent_6': 7, 'D_dagger_layers': 5, 'D_dagger_layer_units_exponent_0': 7, 'D_dagger_layer_units_exponent_1': 5, 'D_dagger_layer_units_exponent_2': 6, 'D_dagger_layer_units_exponent_3': 7, 'D_dagger_layer_units_exponent_4': 5, 'log_learning_rate': -1.629443587289141, 'log_learning_rate_D': -2.6046096899116273, 'log_learning_rate_D_dagger': -3.0810108547385027, 'training_batch_size': 10, 'training_p': 2}
	 epoch  0 training error:  tensor(1.5078, device='cuda:0', grad_fn=<DivBackward0>)
Memory status after this epoch: 
Memory allocated:  407.0537109375
Memory cached:  512.0
	 epoch  10 training error:  tensor(0.6298, device='cuda:0', grad_fn=<DivBackward0>)
Memory status after this epoch: 
Memory allocated:  407.0537109375
Memory cached:  512.0
	 epoch  20 training error:  tensor(0.2710, device='cuda:0', grad_fn=<DivBackward0>)
Memory status after this epoch: 
Memory allocated:  407.0537109375
Memory cached:  512.0
	 epoch  30 training error:  tensor(0.2205, device='cuda:0', grad_fn=<DivBackward0>)
Memory status after this epoch: 
Memory allocated:  407.0537109375
Memory cached:  512.0
	 epoch  40 training error:  tensor(0.1481, device='cuda:0', grad_fn=<DivBackward0>)
Memory status after this epoch: 
Memory allocated:  407.0537109375
Memory cached:  512.0
	 epoch  50 training error:  tensor(0.1313, device='cuda:0', grad_fn=<DivBackward0>)
Memory status after this epoch: 
Memory allocated:  407.0537109375
Memory cached:  512.0
	 epoch  60 training error:  tensor(0.1003, device='cuda:0', grad_fn=<DivBackward0>)
Memory status after this epoch: 
Memory allocated:  407.0537109375
Memory cached:  512.0
	 epoch  70 training error:  tensor(0.0884, device='cuda:0', grad_fn=<DivBackward0>)
Memory status after this epoch: 
Memory allocated:  407.0537109375
Memory cached:  512.0
	 epoch  80 training error:  tensor(0.0842, device='cuda:0', grad_fn=<DivBackward0>)
Memory status after this epoch: 
Memory allocated:  407.0537109375
Memory cached:  512.0
	 epoch  90 training error:  tensor(0.0839, device='cuda:0', grad_fn=<DivBackward0>)
Memory status after this epoch: 
Memory allocated:  407.0537109375
Memory cached:  512.0
[I 2024-02-18 10:43:34,170] Trial 148 finished with value: 0.08444374054670334 and parameters: {'W_layers': 2, 'W_layer_units_exponent_0': 4, 'W_layer_units_exponent_1': 9, 'D_layers': 7, 'D_layer_units_exponent_0': 7, 'D_layer_units_exponent_1': 10, 'D_layer_units_exponent_2': 10, 'D_layer_units_exponent_3': 8, 'D_layer_units_exponent_4': 4, 'D_layer_units_exponent_5': 5, 'D_layer_units_exponent_6': 7, 'D_dagger_layers': 5, 'D_dagger_layer_units_exponent_0': 7, 'D_dagger_layer_units_exponent_1': 5, 'D_dagger_layer_units_exponent_2': 6, 'D_dagger_layer_units_exponent_3': 7, 'D_dagger_layer_units_exponent_4': 5, 'log_learning_rate': -1.629443587289141, 'log_learning_rate_D': -2.6046096899116273, 'log_learning_rate_D_dagger': -3.0810108547385027, 'training_batch_size': 10, 'training_p': 2}. Best is trial 123 with value: 0.08297749608755112.
Time for this trial:  18.587313413619995
Memory status after this trial: 
Memory allocated:  584.98193359375
Memory cached:  598.0
--------------------  Trial  149   --------------------
Start timing: 
Parameters: 
{'W_layers': 2, 'W_layer_units_exponent_0': 4, 'W_layer_units_exponent_1': 9, 'D_layers': 7, 'D_layer_units_exponent_0': 8, 'D_layer_units_exponent_1': 10, 'D_layer_units_exponent_2': 10, 'D_layer_units_exponent_3': 8, 'D_layer_units_exponent_4': 10, 'D_layer_units_exponent_5': 4, 'D_layer_units_exponent_6': 8, 'D_dagger_layers': 5, 'D_dagger_layer_units_exponent_0': 7, 'D_dagger_layer_units_exponent_1': 4, 'D_dagger_layer_units_exponent_2': 8, 'D_dagger_layer_units_exponent_3': 10, 'D_dagger_layer_units_exponent_4': 5, 'log_learning_rate': -2.182558427604257, 'log_learning_rate_D': -2.1882378765999064, 'log_learning_rate_D_dagger': -2.8100517230461426, 'training_batch_size': 9, 'training_p': 2}
	 epoch  0 training error:  tensor(1.4679, device='cuda:0', grad_fn=<DivBackward0>)
Memory status after this epoch: 
Memory allocated:  412.931640625
Memory cached:  512.0
	 epoch  10 training error:  tensor(0.3284, device='cuda:0', grad_fn=<DivBackward0>)
Memory status after this epoch: 
Memory allocated:  412.931640625
Memory cached:  512.0
	 epoch  20 training error:  tensor(0.1801, device='cuda:0', grad_fn=<DivBackward0>)
Memory status after this epoch: 
Memory allocated:  412.931640625
Memory cached:  512.0
	 epoch  30 training error:  tensor(0.1199, device='cuda:0', grad_fn=<DivBackward0>)
Memory status after this epoch: 
Memory allocated:  412.931640625
Memory cached:  512.0
	 epoch  40 training error:  tensor(0.0970, device='cuda:0', grad_fn=<DivBackward0>)
Memory status after this epoch: 
Memory allocated:  412.931640625
Memory cached:  512.0
	 epoch  50 training error:  tensor(0.1517, device='cuda:0', grad_fn=<DivBackward0>)
Memory status after this epoch: 
Memory allocated:  412.931640625
Memory cached:  512.0
	 epoch  60 training error:  tensor(0.1553, device='cuda:0', grad_fn=<DivBackward0>)
Memory status after this epoch: 
Memory allocated:  412.931640625
Memory cached:  512.0
	 epoch  70 training error:  tensor(0.1179, device='cuda:0', grad_fn=<DivBackward0>)
Memory status after this epoch: 
Memory allocated:  412.931640625
Memory cached:  512.0
	 epoch  80 training error:  tensor(0.1268, device='cuda:0', grad_fn=<DivBackward0>)
Memory status after this epoch: 
Memory allocated:  412.931640625
Memory cached:  512.0
	 epoch  90 training error:  tensor(0.1156, device='cuda:0', grad_fn=<DivBackward0>)
Memory status after this epoch: 
Memory allocated:  412.931640625
Memory cached:  512.0
[I 2024-02-18 10:43:55,108] Trial 149 finished with value: 0.11573149263858795 and parameters: {'W_layers': 2, 'W_layer_units_exponent_0': 4, 'W_layer_units_exponent_1': 9, 'D_layers': 7, 'D_layer_units_exponent_0': 8, 'D_layer_units_exponent_1': 10, 'D_layer_units_exponent_2': 10, 'D_layer_units_exponent_3': 8, 'D_layer_units_exponent_4': 10, 'D_layer_units_exponent_5': 4, 'D_layer_units_exponent_6': 8, 'D_dagger_layers': 5, 'D_dagger_layer_units_exponent_0': 7, 'D_dagger_layer_units_exponent_1': 4, 'D_dagger_layer_units_exponent_2': 8, 'D_dagger_layer_units_exponent_3': 10, 'D_dagger_layer_units_exponent_4': 5, 'log_learning_rate': -2.182558427604257, 'log_learning_rate_D': -2.1882378765999064, 'log_learning_rate_D_dagger': -2.8100517230461426, 'training_batch_size': 9, 'training_p': 2}. Best is trial 123 with value: 0.08297749608755112.
Time for this trial:  20.502034902572632
Memory status after this trial: 
Memory allocated:  821.49365234375
Memory cached:  850.0
--------------------  Trial  150   --------------------
Start timing: 
Parameters: 
{'W_layers': 4, 'W_layer_units_exponent_0': 4, 'W_layer_units_exponent_1': 8, 'W_layer_units_exponent_2': 6, 'W_layer_units_exponent_3': 6, 'D_layers': 8, 'D_layer_units_exponent_0': 8, 'D_layer_units_exponent_1': 10, 'D_layer_units_exponent_2': 8, 'D_layer_units_exponent_3': 8, 'D_layer_units_exponent_4': 7, 'D_layer_units_exponent_5': 6, 'D_layer_units_exponent_6': 10, 'D_layer_units_exponent_7': 8, 'D_dagger_layers': 5, 'D_dagger_layer_units_exponent_0': 7, 'D_dagger_layer_units_exponent_1': 4, 'D_dagger_layer_units_exponent_2': 8, 'D_dagger_layer_units_exponent_3': 6, 'D_dagger_layer_units_exponent_4': 5, 'log_learning_rate': -1.699935249354231, 'log_learning_rate_D': -1.9709928150864067, 'log_learning_rate_D_dagger': -2.903557634722062, 'training_batch_size': 9, 'training_p': 2}
	 epoch  0 training error:  tensor(0.7424, device='cuda:0', grad_fn=<DivBackward0>)
Memory status after this epoch: 
Memory allocated:  405.14404296875
Memory cached:  512.0
	 epoch  10 training error:  tensor(0.2669, device='cuda:0', grad_fn=<DivBackward0>)
Memory status after this epoch: 
Memory allocated:  405.14404296875
Memory cached:  512.0
	 epoch  20 training error:  tensor(0.2396, device='cuda:0', grad_fn=<DivBackward0>)
Memory status after this epoch: 
Memory allocated:  405.14404296875
Memory cached:  512.0
	 epoch  30 training error:  tensor(0.1577, device='cuda:0', grad_fn=<DivBackward0>)
Memory status after this epoch: 
Memory allocated:  405.14404296875
Memory cached:  512.0
	 epoch  40 training error:  tensor(0.0996, device='cuda:0', grad_fn=<DivBackward0>)
Memory status after this epoch: 
Memory allocated:  405.14404296875
Memory cached:  512.0
	 epoch  50 training error:  tensor(0.0884, device='cuda:0', grad_fn=<DivBackward0>)
Memory status after this epoch: 
Memory allocated:  405.14404296875
Memory cached:  512.0
	 epoch  60 training error:  tensor(0.0867, device='cuda:0', grad_fn=<DivBackward0>)
Memory status after this epoch: 
Memory allocated:  405.14404296875
Memory cached:  512.0
	 epoch  70 training error:  tensor(0.0856, device='cuda:0', grad_fn=<DivBackward0>)
Memory status after this epoch: 
Memory allocated:  405.14404296875
Memory cached:  512.0
	 epoch  80 training error:  tensor(0.0832, device='cuda:0', grad_fn=<DivBackward0>)
Memory status after this epoch: 
Memory allocated:  405.14404296875
Memory cached:  512.0
	 epoch  90 training error:  tensor(0.0821, device='cuda:0', grad_fn=<DivBackward0>)
Memory status after this epoch: 
Memory allocated:  405.14404296875
Memory cached:  512.0
[I 2024-02-18 10:44:15,377] Trial 150 finished with value: 0.08303999900817871 and parameters: {'W_layers': 4, 'W_layer_units_exponent_0': 4, 'W_layer_units_exponent_1': 8, 'W_layer_units_exponent_2': 6, 'W_layer_units_exponent_3': 6, 'D_layers': 8, 'D_layer_units_exponent_0': 8, 'D_layer_units_exponent_1': 10, 'D_layer_units_exponent_2': 8, 'D_layer_units_exponent_3': 8, 'D_layer_units_exponent_4': 7, 'D_layer_units_exponent_5': 6, 'D_layer_units_exponent_6': 10, 'D_layer_units_exponent_7': 8, 'D_dagger_layers': 5, 'D_dagger_layer_units_exponent_0': 7, 'D_dagger_layer_units_exponent_1': 4, 'D_dagger_layer_units_exponent_2': 8, 'D_dagger_layer_units_exponent_3': 6, 'D_dagger_layer_units_exponent_4': 5, 'log_learning_rate': -1.699935249354231, 'log_learning_rate_D': -1.9709928150864067, 'log_learning_rate_D_dagger': -2.903557634722062, 'training_batch_size': 9, 'training_p': 2}. Best is trial 123 with value: 0.08297749608755112.
Time for this trial:  19.84180784225464
Memory status after this trial: 
Memory allocated:  595.87451171875
Memory cached:  612.0
--------------------  Trial  151   --------------------
Start timing: 
Parameters: 
{'W_layers': 4, 'W_layer_units_exponent_0': 4, 'W_layer_units_exponent_1': 8, 'W_layer_units_exponent_2': 6, 'W_layer_units_exponent_3': 6, 'D_layers': 8, 'D_layer_units_exponent_0': 8, 'D_layer_units_exponent_1': 10, 'D_layer_units_exponent_2': 8, 'D_layer_units_exponent_3': 8, 'D_layer_units_exponent_4': 7, 'D_layer_units_exponent_5': 6, 'D_layer_units_exponent_6': 10, 'D_layer_units_exponent_7': 8, 'D_dagger_layers': 5, 'D_dagger_layer_units_exponent_0': 7, 'D_dagger_layer_units_exponent_1': 4, 'D_dagger_layer_units_exponent_2': 8, 'D_dagger_layer_units_exponent_3': 6, 'D_dagger_layer_units_exponent_4': 5, 'log_learning_rate': -1.6990506237138459, 'log_learning_rate_D': -1.9904818335705077, 'log_learning_rate_D_dagger': -2.875723038304608, 'training_batch_size': 9, 'training_p': 2}
	 epoch  0 training error:  tensor(1.1974, device='cuda:0', grad_fn=<DivBackward0>)
Memory status after this epoch: 
Memory allocated:  405.14404296875
Memory cached:  512.0
	 epoch  10 training error:  tensor(0.8266, device='cuda:0', grad_fn=<DivBackward0>)
Memory status after this epoch: 
Memory allocated:  405.14404296875
Memory cached:  512.0
	 epoch  20 training error:  tensor(0.2594, device='cuda:0', grad_fn=<DivBackward0>)
Memory status after this epoch: 
Memory allocated:  405.14404296875
Memory cached:  512.0
	 epoch  30 training error:  tensor(0.2046, device='cuda:0', grad_fn=<DivBackward0>)
Memory status after this epoch: 
Memory allocated:  405.14404296875
Memory cached:  512.0
	 epoch  40 training error:  tensor(0.1371, device='cuda:0', grad_fn=<DivBackward0>)
Memory status after this epoch: 
Memory allocated:  405.14404296875
Memory cached:  512.0
	 epoch  50 training error:  tensor(0.1148, device='cuda:0', grad_fn=<DivBackward0>)
Memory status after this epoch: 
Memory allocated:  405.14404296875
Memory cached:  512.0
	 epoch  60 training error:  tensor(0.0910, device='cuda:0', grad_fn=<DivBackward0>)
Memory status after this epoch: 
Memory allocated:  405.14404296875
Memory cached:  512.0
	 epoch  70 training error:  tensor(0.0874, device='cuda:0', grad_fn=<DivBackward0>)
Memory status after this epoch: 
Memory allocated:  405.14404296875
Memory cached:  512.0
	 epoch  80 training error:  tensor(0.0839, device='cuda:0', grad_fn=<DivBackward0>)
Memory status after this epoch: 
Memory allocated:  405.14404296875
Memory cached:  512.0
	 epoch  90 training error:  tensor(0.0829, device='cuda:0', grad_fn=<DivBackward0>)
Memory status after this epoch: 
Memory allocated:  405.14404296875
Memory cached:  512.0
[I 2024-02-18 10:44:35,470] Trial 151 finished with value: 0.0829155370593071 and parameters: {'W_layers': 4, 'W_layer_units_exponent_0': 4, 'W_layer_units_exponent_1': 8, 'W_layer_units_exponent_2': 6, 'W_layer_units_exponent_3': 6, 'D_layers': 8, 'D_layer_units_exponent_0': 8, 'D_layer_units_exponent_1': 10, 'D_layer_units_exponent_2': 8, 'D_layer_units_exponent_3': 8, 'D_layer_units_exponent_4': 7, 'D_layer_units_exponent_5': 6, 'D_layer_units_exponent_6': 10, 'D_layer_units_exponent_7': 8, 'D_dagger_layers': 5, 'D_dagger_layer_units_exponent_0': 7, 'D_dagger_layer_units_exponent_1': 4, 'D_dagger_layer_units_exponent_2': 8, 'D_dagger_layer_units_exponent_3': 6, 'D_dagger_layer_units_exponent_4': 5, 'log_learning_rate': -1.6990506237138459, 'log_learning_rate_D': -1.9904818335705077, 'log_learning_rate_D_dagger': -2.875723038304608, 'training_batch_size': 9, 'training_p': 2}. Best is trial 151 with value: 0.0829155370593071.
res:  tensor(0.0829, device='cuda:0', grad_fn=<DivBackward0>)
self.bestValue:  tensor(0.0830, device='cuda:0', grad_fn=<DivBackward0>)
Save this model!
Time for this trial:  19.680192947387695
Memory status after this trial: 
Memory allocated:  195.7919921875
Memory cached:  360.0
--------------------  Trial  152   --------------------
Start timing: 
Parameters: 
{'W_layers': 4, 'W_layer_units_exponent_0': 4, 'W_layer_units_exponent_1': 8, 'W_layer_units_exponent_2': 6, 'W_layer_units_exponent_3': 6, 'D_layers': 8, 'D_layer_units_exponent_0': 8, 'D_layer_units_exponent_1': 10, 'D_layer_units_exponent_2': 8, 'D_layer_units_exponent_3': 8, 'D_layer_units_exponent_4': 7, 'D_layer_units_exponent_5': 6, 'D_layer_units_exponent_6': 10, 'D_layer_units_exponent_7': 8, 'D_dagger_layers': 5, 'D_dagger_layer_units_exponent_0': 7, 'D_dagger_layer_units_exponent_1': 4, 'D_dagger_layer_units_exponent_2': 8, 'D_dagger_layer_units_exponent_3': 5, 'D_dagger_layer_units_exponent_4': 5, 'log_learning_rate': -1.7470531759810626, 'log_learning_rate_D': -1.9622516876707718, 'log_learning_rate_D_dagger': -2.742553659486327, 'training_batch_size': 9, 'training_p': 7}
	 epoch  0 training error:  tensor(0.9369, device='cuda:0', grad_fn=<DivBackward0>)
Memory status after this epoch: 
Memory allocated:  200.22412109375
Memory cached:  360.0
	 epoch  10 training error:  tensor(0.3762, device='cuda:0', grad_fn=<DivBackward0>)
Memory status after this epoch: 
Memory allocated:  200.22412109375
Memory cached:  360.0
	 epoch  20 training error:  tensor(0.2359, device='cuda:0', grad_fn=<DivBackward0>)
Memory status after this epoch: 
Memory allocated:  200.22412109375
Memory cached:  360.0
	 epoch  30 training error:  tensor(0.1896, device='cuda:0', grad_fn=<DivBackward0>)
Memory status after this epoch: 
Memory allocated:  200.22412109375
Memory cached:  360.0
	 epoch  40 training error:  tensor(0.1584, device='cuda:0', grad_fn=<DivBackward0>)
Memory status after this epoch: 
Memory allocated:  200.22412109375
Memory cached:  360.0
	 epoch  50 training error:  tensor(0.1376, device='cuda:0', grad_fn=<DivBackward0>)
Memory status after this epoch: 
Memory allocated:  200.22412109375
Memory cached:  360.0
	 epoch  60 training error:  tensor(0.1241, device='cuda:0', grad_fn=<DivBackward0>)
Memory status after this epoch: 
Memory allocated:  200.22412109375
Memory cached:  360.0
	 epoch  70 training error:  tensor(0.1171, device='cuda:0', grad_fn=<DivBackward0>)
Memory status after this epoch: 
Memory allocated:  200.22412109375
Memory cached:  360.0
	 epoch  80 training error:  tensor(0.1255, device='cuda:0', grad_fn=<DivBackward0>)
Memory status after this epoch: 
Memory allocated:  200.22412109375
Memory cached:  360.0
	 epoch  90 training error:  tensor(0.1161, device='cuda:0', grad_fn=<DivBackward0>)
Memory status after this epoch: 
Memory allocated:  200.22412109375
Memory cached:  360.0
