[I 2023-12-02 22:47:43,513] Trial 20 finished with value: 0.06837578117847443 and parameters: {'W_layers': 7, 'W_layer_units_exponent_0': 6, 'W_layer_units_exponent_1': 7, 'W_layer_units_exponent_2': 8, 'W_layer_units_exponent_3': 9, 'W_layer_units_exponent_4': 6, 'W_layer_units_exponent_5': 6, 'W_layer_units_exponent_6': 5, 'D_layers': 4, 'D_layer_units_exponent_0': 8, 'D_layer_units_exponent_1': 10, 'D_layer_units_exponent_2': 8, 'D_layer_units_exponent_3': 6, 'log_learning_rate': -2.8703746298418196, 'log_learning_rate_D': -4.118564637445272, 'training_batch_size': 7, 'training_p': 3}. Best is trial 20 with value: 0.06837578117847443.
res:  tensor(0.0684, device='cuda:0', grad_fn=<DivBackward0>)
self.bestValue:  tensor(0.0685, device='cuda:0', grad_fn=<DivBackward0>)
Save this model!
Time for this trial:  12.898591756820679
Memory status after this trial: 
Memory allocated:  27.298828125
Memory cached:  60.0
--------------------  Trial  21   --------------------
Start timing: 
Parameters: 
{'W_layers': 7, 'W_layer_units_exponent_0': 6, 'W_layer_units_exponent_1': 7, 'W_layer_units_exponent_2': 8, 'W_layer_units_exponent_3': 9, 'W_layer_units_exponent_4': 6, 'W_layer_units_exponent_5': 6, 'W_layer_units_exponent_6': 5, 'D_layers': 4, 'D_layer_units_exponent_0': 9, 'D_layer_units_exponent_1': 10, 'D_layer_units_exponent_2': 8, 'D_layer_units_exponent_3': 6, 'log_learning_rate': -2.9196487512350062, 'log_learning_rate_D': -4.114469372551554, 'training_batch_size': 7, 'training_p': 3}
	 epoch  0 training error:  tensor(0.4222, device='cuda:0', grad_fn=<DivBackward0>)
Memory status after this epoch: 
Memory allocated:  33.6494140625
Memory cached:  60.0
	 epoch  10 training error:  tensor(0.1054, device='cuda:0', grad_fn=<DivBackward0>)
Memory status after this epoch: 
Memory allocated:  33.6494140625
Memory cached:  60.0
	 epoch  20 training error:  tensor(0.0788, device='cuda:0', grad_fn=<DivBackward0>)
Memory status after this epoch: 
Memory allocated:  33.6494140625
Memory cached:  60.0
	 epoch  30 training error:  tensor(0.0773, device='cuda:0', grad_fn=<DivBackward0>)
Memory status after this epoch: 
Memory allocated:  33.6494140625
Memory cached:  60.0
	 epoch  40 training error:  tensor(0.0759, device='cuda:0', grad_fn=<DivBackward0>)
Memory status after this epoch: 
Memory allocated:  33.6494140625
Memory cached:  60.0
	 epoch  50 training error:  tensor(0.0734, device='cuda:0', grad_fn=<DivBackward0>)
Memory status after this epoch: 
Memory allocated:  33.6494140625
Memory cached:  60.0
	 epoch  60 training error:  tensor(0.0719, device='cuda:0', grad_fn=<DivBackward0>)
Memory status after this epoch: 
Memory allocated:  33.6494140625
Memory cached:  60.0
	 epoch  70 training error:  tensor(0.0715, device='cuda:0', grad_fn=<DivBackward0>)
Memory status after this epoch: 
Memory allocated:  33.6494140625
Memory cached:  60.0
	 epoch  80 training error:  tensor(0.0711, device='cuda:0', grad_fn=<DivBackward0>)
Memory status after this epoch: 
Memory allocated:  33.6494140625
Memory cached:  60.0
	 epoch  90 training error:  tensor(0.0722, device='cuda:0', grad_fn=<DivBackward0>)
Memory status after this epoch: 
Memory allocated:  33.6494140625
Memory cached:  60.0
[I 2023-12-02 22:47:56,629] Trial 21 finished with value: 0.06807418167591095 and parameters: {'W_layers': 7, 'W_layer_units_exponent_0': 6, 'W_layer_units_exponent_1': 7, 'W_layer_units_exponent_2': 8, 'W_layer_units_exponent_3': 9, 'W_layer_units_exponent_4': 6, 'W_layer_units_exponent_5': 6, 'W_layer_units_exponent_6': 5, 'D_layers': 4, 'D_layer_units_exponent_0': 9, 'D_layer_units_exponent_1': 10, 'D_layer_units_exponent_2': 8, 'D_layer_units_exponent_3': 6, 'log_learning_rate': -2.9196487512350062, 'log_learning_rate_D': -4.114469372551554, 'training_batch_size': 7, 'training_p': 3}. Best is trial 21 with value: 0.06807418167591095.
res:  tensor(0.0681, device='cuda:0', grad_fn=<DivBackward0>)
self.bestValue:  tensor(0.0684, device='cuda:0', grad_fn=<DivBackward0>)
Save this model!
Time for this trial:  12.923902034759521
Memory status after this trial: 
Memory allocated:  27.298828125
Memory cached:  80.0
--------------------  Trial  22   --------------------
Start timing: 
Parameters: 
{'W_layers': 7, 'W_layer_units_exponent_0': 6, 'W_layer_units_exponent_1': 7, 'W_layer_units_exponent_2': 8, 'W_layer_units_exponent_3': 9, 'W_layer_units_exponent_4': 6, 'W_layer_units_exponent_5': 5, 'W_layer_units_exponent_6': 6, 'D_layers': 4, 'D_layer_units_exponent_0': 8, 'D_layer_units_exponent_1': 10, 'D_layer_units_exponent_2': 8, 'D_layer_units_exponent_3': 6, 'log_learning_rate': -2.870982586844168, 'log_learning_rate_D': -4.135536571024169, 'training_batch_size': 7, 'training_p': 4}
	 epoch  0 training error:  tensor(1.2803, device='cuda:0', grad_fn=<DivBackward0>)
Memory status after this epoch: 
Memory allocated:  32.615234375
Memory cached:  80.0
	 epoch  10 training error:  tensor(0.1684, device='cuda:0', grad_fn=<DivBackward0>)
Memory status after this epoch: 
Memory allocated:  32.615234375
Memory cached:  80.0
	 epoch  20 training error:  tensor(0.0882, device='cuda:0', grad_fn=<DivBackward0>)
Memory status after this epoch: 
Memory allocated:  32.615234375
Memory cached:  80.0
	 epoch  30 training error:  tensor(0.0904, device='cuda:0', grad_fn=<DivBackward0>)
Memory status after this epoch: 
Memory allocated:  32.615234375
Memory cached:  80.0
	 epoch  40 training error:  tensor(0.0831, device='cuda:0', grad_fn=<DivBackward0>)
Memory status after this epoch: 
Memory allocated:  32.615234375
Memory cached:  80.0
	 epoch  50 training error:  tensor(0.0811, device='cuda:0', grad_fn=<DivBackward0>)
Memory status after this epoch: 
Memory allocated:  32.615234375
Memory cached:  80.0
	 epoch  60 training error:  tensor(0.0791, device='cuda:0', grad_fn=<DivBackward0>)
Memory status after this epoch: 
Memory allocated:  32.615234375
Memory cached:  80.0
	 epoch  70 training error:  tensor(0.0788, device='cuda:0', grad_fn=<DivBackward0>)
Memory status after this epoch: 
Memory allocated:  32.615234375
Memory cached:  80.0
	 epoch  80 training error:  tensor(0.0782, device='cuda:0', grad_fn=<DivBackward0>)
Memory status after this epoch: 
Memory allocated:  32.615234375
Memory cached:  80.0
	 epoch  90 training error:  tensor(0.0776, device='cuda:0', grad_fn=<DivBackward0>)
Memory status after this epoch: 
Memory allocated:  32.615234375
Memory cached:  80.0
[I 2023-12-02 22:48:09,620] Trial 22 finished with value: 0.07005328685045242 and parameters: {'W_layers': 7, 'W_layer_units_exponent_0': 6, 'W_layer_units_exponent_1': 7, 'W_layer_units_exponent_2': 8, 'W_layer_units_exponent_3': 9, 'W_layer_units_exponent_4': 6, 'W_layer_units_exponent_5': 5, 'W_layer_units_exponent_6': 6, 'D_layers': 4, 'D_layer_units_exponent_0': 8, 'D_layer_units_exponent_1': 10, 'D_layer_units_exponent_2': 8, 'D_layer_units_exponent_3': 6, 'log_learning_rate': -2.870982586844168, 'log_learning_rate_D': -4.135536571024169, 'training_batch_size': 7, 'training_p': 4}. Best is trial 21 with value: 0.06807418167591095.
Time for this trial:  12.79039716720581
Memory status after this trial: 
Memory allocated:  55.42529296875
Memory cached:  80.0
--------------------  Trial  23   --------------------
Start timing: 
Parameters: 
{'W_layers': 6, 'W_layer_units_exponent_0': 7, 'W_layer_units_exponent_1': 6, 'W_layer_units_exponent_2': 7, 'W_layer_units_exponent_3': 8, 'W_layer_units_exponent_4': 7, 'W_layer_units_exponent_5': 6, 'D_layers': 6, 'D_layer_units_exponent_0': 9, 'D_layer_units_exponent_1': 9, 'D_layer_units_exponent_2': 7, 'D_layer_units_exponent_3': 6, 'D_layer_units_exponent_4': 4, 'D_layer_units_exponent_5': 10, 'log_learning_rate': -3.206249907250275, 'log_learning_rate_D': -3.7476713655716947, 'training_batch_size': 8, 'training_p': 3}
	 epoch  0 training error:  tensor(0.8132, device='cuda:0', grad_fn=<DivBackward0>)
Memory status after this epoch: 
Memory allocated:  30.0869140625
Memory cached:  80.0
	 epoch  10 training error:  tensor(0.2081, device='cuda:0', grad_fn=<DivBackward0>)
Memory status after this epoch: 
Memory allocated:  30.0869140625
Memory cached:  80.0
	 epoch  20 training error:  tensor(0.1030, device='cuda:0', grad_fn=<DivBackward0>)
Memory status after this epoch: 
Memory allocated:  30.0869140625
Memory cached:  80.0
	 epoch  30 training error:  tensor(0.0921, device='cuda:0', grad_fn=<DivBackward0>)
Memory status after this epoch: 
Memory allocated:  30.0869140625
Memory cached:  80.0
	 epoch  40 training error:  tensor(0.0794, device='cuda:0', grad_fn=<DivBackward0>)
Memory status after this epoch: 
Memory allocated:  30.0869140625
Memory cached:  80.0
	 epoch  50 training error:  tensor(0.0791, device='cuda:0', grad_fn=<DivBackward0>)
Memory status after this epoch: 
Memory allocated:  30.0869140625
Memory cached:  80.0
	 epoch  60 training error:  tensor(0.0775, device='cuda:0', grad_fn=<DivBackward0>)
Memory status after this epoch: 
Memory allocated:  30.0869140625
Memory cached:  80.0
	 epoch  70 training error:  tensor(0.0759, device='cuda:0', grad_fn=<DivBackward0>)
Memory status after this epoch: 
Memory allocated:  30.0869140625
Memory cached:  80.0
	 epoch  80 training error:  tensor(0.0748, device='cuda:0', grad_fn=<DivBackward0>)
Memory status after this epoch: 
Memory allocated:  30.0869140625
Memory cached:  80.0
	 epoch  90 training error:  tensor(0.0740, device='cuda:0', grad_fn=<DivBackward0>)
Memory status after this epoch: 
Memory allocated:  30.0869140625
Memory cached:  80.0
[I 2023-12-02 22:48:22,142] Trial 23 finished with value: 0.07557268440723419 and parameters: {'W_layers': 6, 'W_layer_units_exponent_0': 7, 'W_layer_units_exponent_1': 6, 'W_layer_units_exponent_2': 7, 'W_layer_units_exponent_3': 8, 'W_layer_units_exponent_4': 7, 'W_layer_units_exponent_5': 6, 'D_layers': 6, 'D_layer_units_exponent_0': 9, 'D_layer_units_exponent_1': 9, 'D_layer_units_exponent_2': 7, 'D_layer_units_exponent_3': 6, 'D_layer_units_exponent_4': 4, 'D_layer_units_exponent_5': 10, 'log_learning_rate': -3.206249907250275, 'log_learning_rate_D': -3.7476713655716947, 'training_batch_size': 8, 'training_p': 3}. Best is trial 21 with value: 0.06807418167591095.
Time for this trial:  12.276705026626587
Memory status after this trial: 
Memory allocated:  46.45947265625
Memory cached:  82.0
--------------------  Trial  24   --------------------
Start timing: 
Parameters: 
{'W_layers': 7, 'W_layer_units_exponent_0': 5, 'W_layer_units_exponent_1': 5, 'W_layer_units_exponent_2': 8, 'W_layer_units_exponent_3': 9, 'W_layer_units_exponent_4': 7, 'W_layer_units_exponent_5': 6, 'W_layer_units_exponent_6': 5, 'D_layers': 4, 'D_layer_units_exponent_0': 8, 'D_layer_units_exponent_1': 10, 'D_layer_units_exponent_2': 10, 'D_layer_units_exponent_3': 7, 'log_learning_rate': -2.8671112385293274, 'log_learning_rate_D': -4.3188220663581, 'training_batch_size': 9, 'training_p': 2}
	 epoch  0 training error:  tensor(1.0981, device='cuda:0', grad_fn=<DivBackward0>)
Memory status after this epoch: 
Memory allocated:  36.1650390625
Memory cached:  80.0
	 epoch  10 training error:  tensor(0.1965, device='cuda:0', grad_fn=<DivBackward0>)
Memory status after this epoch: 
Memory allocated:  36.1650390625
Memory cached:  80.0
	 epoch  20 training error:  tensor(0.0887, device='cuda:0', grad_fn=<DivBackward0>)
Memory status after this epoch: 
Memory allocated:  36.1650390625
Memory cached:  80.0
	 epoch  30 training error:  tensor(0.0839, device='cuda:0', grad_fn=<DivBackward0>)
Memory status after this epoch: 
Memory allocated:  36.1650390625
Memory cached:  80.0
	 epoch  40 training error:  tensor(0.0776, device='cuda:0', grad_fn=<DivBackward0>)
Memory status after this epoch: 
Memory allocated:  36.1650390625
Memory cached:  80.0
	 epoch  50 training error:  tensor(0.0713, device='cuda:0', grad_fn=<DivBackward0>)
Memory status after this epoch: 
Memory allocated:  36.1650390625
Memory cached:  80.0
	 epoch  60 training error:  tensor(0.0699, device='cuda:0', grad_fn=<DivBackward0>)
Memory status after this epoch: 
Memory allocated:  36.1650390625
Memory cached:  80.0
	 epoch  70 training error:  tensor(0.0688, device='cuda:0', grad_fn=<DivBackward0>)
Memory status after this epoch: 
Memory allocated:  36.1650390625
Memory cached:  80.0
	 epoch  80 training error:  tensor(0.0671, device='cuda:0', grad_fn=<DivBackward0>)
Memory status after this epoch: 
Memory allocated:  36.1650390625
Memory cached:  80.0
	 epoch  90 training error:  tensor(0.0654, device='cuda:0', grad_fn=<DivBackward0>)
Memory status after this epoch: 
Memory allocated:  36.1650390625
Memory cached:  80.0
[I 2023-12-02 22:48:35,373] Trial 24 finished with value: 0.07289707660675049 and parameters: {'W_layers': 7, 'W_layer_units_exponent_0': 5, 'W_layer_units_exponent_1': 5, 'W_layer_units_exponent_2': 8, 'W_layer_units_exponent_3': 9, 'W_layer_units_exponent_4': 7, 'W_layer_units_exponent_5': 6, 'W_layer_units_exponent_6': 5, 'D_layers': 4, 'D_layer_units_exponent_0': 8, 'D_layer_units_exponent_1': 10, 'D_layer_units_exponent_2': 10, 'D_layer_units_exponent_3': 7, 'log_learning_rate': -2.8671112385293274, 'log_learning_rate_D': -4.3188220663581, 'training_batch_size': 9, 'training_p': 2}. Best is trial 21 with value: 0.06807418167591095.
Time for this trial:  13.03270936012268
Memory status after this trial: 
Memory allocated:  54.48388671875
Memory cached:  82.0
--------------------  Trial  25   --------------------
Start timing: 
Parameters: 
{'W_layers': 5, 'W_layer_units_exponent_0': 8, 'W_layer_units_exponent_1': 7, 'W_layer_units_exponent_2': 10, 'W_layer_units_exponent_3': 8, 'W_layer_units_exponent_4': 7, 'D_layers': 6, 'D_layer_units_exponent_0': 9, 'D_layer_units_exponent_1': 9, 'D_layer_units_exponent_2': 8, 'D_layer_units_exponent_3': 4, 'D_layer_units_exponent_4': 6, 'D_layer_units_exponent_5': 10, 'log_learning_rate': -2.0681014976371803, 'log_learning_rate_D': -3.43544441697093, 'training_batch_size': 7, 'training_p': 4}
	 epoch  0 training error:  tensor(0.7429, device='cuda:0', grad_fn=<DivBackward0>)
Memory status after this epoch: 
Memory allocated:  36.15185546875
Memory cached:  80.0
	 epoch  10 training error:  tensor(0.3429, device='cuda:0', grad_fn=<DivBackward0>)
Memory status after this epoch: 
Memory allocated:  36.15185546875
Memory cached:  80.0
	 epoch  20 training error:  tensor(2.9932, device='cuda:0', grad_fn=<DivBackward0>)
Memory status after this epoch: 
Memory allocated:  36.15185546875
Memory cached:  80.0
	 epoch  30 training error:  tensor(1.0167, device='cuda:0', grad_fn=<DivBackward0>)
Memory status after this epoch: 
Memory allocated:  36.15185546875
Memory cached:  80.0
	 epoch  40 training error:  tensor(1.0065, device='cuda:0', grad_fn=<DivBackward0>)
Memory status after this epoch: 
Memory allocated:  36.15185546875
Memory cached:  80.0
	 epoch  50 training error:  tensor(1.5580, device='cuda:0', grad_fn=<DivBackward0>)
Memory status after this epoch: 
Memory allocated:  36.15185546875
Memory cached:  80.0
	 epoch  60 training error:  tensor(0.2631, device='cuda:0', grad_fn=<DivBackward0>)
Memory status after this epoch: 
Memory allocated:  36.15185546875
Memory cached:  80.0
	 epoch  70 training error:  tensor(0.6151, device='cuda:0', grad_fn=<DivBackward0>)
Memory status after this epoch: 
Memory allocated:  36.15185546875
Memory cached:  80.0
	 epoch  80 training error:  tensor(0.7187, device='cuda:0', grad_fn=<DivBackward0>)
Memory status after this epoch: 
Memory allocated:  36.15185546875
Memory cached:  80.0
	 epoch  90 training error:  tensor(0.3052, device='cuda:0', grad_fn=<DivBackward0>)
Memory status after this epoch: 
Memory allocated:  36.15185546875
Memory cached:  80.0
[I 2023-12-02 22:48:48,671] Trial 25 finished with value: 0.5375936627388 and parameters: {'W_layers': 5, 'W_layer_units_exponent_0': 8, 'W_layer_units_exponent_1': 7, 'W_layer_units_exponent_2': 10, 'W_layer_units_exponent_3': 8, 'W_layer_units_exponent_4': 7, 'D_layers': 6, 'D_layer_units_exponent_0': 9, 'D_layer_units_exponent_1': 9, 'D_layer_units_exponent_2': 8, 'D_layer_units_exponent_3': 4, 'D_layer_units_exponent_4': 6, 'D_layer_units_exponent_5': 10, 'log_learning_rate': -2.0681014976371803, 'log_learning_rate_D': -3.43544441697093, 'training_batch_size': 7, 'training_p': 4}. Best is trial 21 with value: 0.06807418167591095.
Time for this trial:  13.103583335876465
Memory status after this trial: 
Memory allocated:  73.18701171875
Memory cached:  104.0
--------------------  Trial  26   --------------------
Start timing: 
Parameters: 
{'W_layers': 6, 'W_layer_units_exponent_0': 9, 'W_layer_units_exponent_1': 5, 'W_layer_units_exponent_2': 6, 'W_layer_units_exponent_3': 9, 'W_layer_units_exponent_4': 6, 'W_layer_units_exponent_5': 4, 'D_layers': 3, 'D_layer_units_exponent_0': 7, 'D_layer_units_exponent_1': 8, 'D_layer_units_exponent_2': 9, 'log_learning_rate': -2.6845583368586396, 'log_learning_rate_D': -4.113520571875097, 'training_batch_size': 8, 'training_p': 6}
	 epoch  0 training error:  tensor(1.6401, device='cuda:0', grad_fn=<DivBackward0>)
Memory status after this epoch: 
Memory allocated:  29.298828125
Memory cached:  80.0
	 epoch  10 training error:  tensor(0.3590, device='cuda:0', grad_fn=<DivBackward0>)
Memory status after this epoch: 
Memory allocated:  29.298828125
Memory cached:  80.0
	 epoch  20 training error:  tensor(0.1706, device='cuda:0', grad_fn=<DivBackward0>)
Memory status after this epoch: 
Memory allocated:  29.298828125
Memory cached:  80.0
	 epoch  30 training error:  tensor(0.1416, device='cuda:0', grad_fn=<DivBackward0>)
Memory status after this epoch: 
Memory allocated:  29.298828125
Memory cached:  80.0
	 epoch  40 training error:  tensor(0.1109, device='cuda:0', grad_fn=<DivBackward0>)
Memory status after this epoch: 
Memory allocated:  29.298828125
Memory cached:  80.0
	 epoch  50 training error:  tensor(0.1128, device='cuda:0', grad_fn=<DivBackward0>)
Memory status after this epoch: 
Memory allocated:  29.298828125
Memory cached:  80.0
	 epoch  60 training error:  tensor(0.0966, device='cuda:0', grad_fn=<DivBackward0>)
Memory status after this epoch: 
Memory allocated:  29.298828125
Memory cached:  80.0
	 epoch  70 training error:  tensor(0.0916, device='cuda:0', grad_fn=<DivBackward0>)
Memory status after this epoch: 
Memory allocated:  29.298828125
Memory cached:  80.0
	 epoch  80 training error:  tensor(0.0939, device='cuda:0', grad_fn=<DivBackward0>)
Memory status after this epoch: 
Memory allocated:  29.298828125
Memory cached:  80.0
	 epoch  90 training error:  tensor(0.0914, device='cuda:0', grad_fn=<DivBackward0>)
Memory status after this epoch: 
Memory allocated:  29.298828125
Memory cached:  80.0
[I 2023-12-02 22:49:02,011] Trial 26 finished with value: 0.06941971927881241 and parameters: {'W_layers': 6, 'W_layer_units_exponent_0': 9, 'W_layer_units_exponent_1': 5, 'W_layer_units_exponent_2': 6, 'W_layer_units_exponent_3': 9, 'W_layer_units_exponent_4': 6, 'W_layer_units_exponent_5': 4, 'D_layers': 3, 'D_layer_units_exponent_0': 7, 'D_layer_units_exponent_1': 8, 'D_layer_units_exponent_2': 9, 'log_learning_rate': -2.6845583368586396, 'log_learning_rate_D': -4.113520571875097, 'training_batch_size': 8, 'training_p': 6}. Best is trial 21 with value: 0.06807418167591095.
Time for this trial:  13.149784803390503
Memory status after this trial: 
Memory allocated:  55.94384765625
Memory cached:  80.0
--------------------  Trial  27   --------------------
Start timing: 
Parameters: 
{'W_layers': 7, 'W_layer_units_exponent_0': 6, 'W_layer_units_exponent_1': 7, 'W_layer_units_exponent_2': 8, 'W_layer_units_exponent_3': 10, 'W_layer_units_exponent_4': 5, 'W_layer_units_exponent_5': 5, 'W_layer_units_exponent_6': 5, 'D_layers': 6, 'D_layer_units_exponent_0': 9, 'D_layer_units_exponent_1': 10, 'D_layer_units_exponent_2': 7, 'D_layer_units_exponent_3': 7, 'D_layer_units_exponent_4': 4, 'D_layer_units_exponent_5': 8, 'log_learning_rate': -3.320241204478245, 'log_learning_rate_D': -4.636495451533904, 'training_batch_size': 7, 'training_p': 3}
	 epoch  0 training error:  tensor(0.1378, device='cuda:0', grad_fn=<DivBackward0>)
Memory status after this epoch: 
Memory allocated:  35.447265625
Memory cached:  80.0
	 epoch  10 training error:  tensor(0.0879, device='cuda:0', grad_fn=<DivBackward0>)
Memory status after this epoch: 
Memory allocated:  35.447265625
Memory cached:  80.0
	 epoch  20 training error:  tensor(0.0812, device='cuda:0', grad_fn=<DivBackward0>)
Memory status after this epoch: 
Memory allocated:  35.447265625
Memory cached:  80.0
	 epoch  30 training error:  tensor(0.0779, device='cuda:0', grad_fn=<DivBackward0>)
Memory status after this epoch: 
Memory allocated:  35.447265625
Memory cached:  80.0
	 epoch  40 training error:  tensor(0.0763, device='cuda:0', grad_fn=<DivBackward0>)
Memory status after this epoch: 
Memory allocated:  35.447265625
Memory cached:  80.0
	 epoch  50 training error:  tensor(0.0745, device='cuda:0', grad_fn=<DivBackward0>)
Memory status after this epoch: 
Memory allocated:  35.447265625
Memory cached:  80.0
	 epoch  60 training error:  tensor(0.0726, device='cuda:0', grad_fn=<DivBackward0>)
Memory status after this epoch: 
Memory allocated:  35.447265625
Memory cached:  80.0
	 epoch  70 training error:  tensor(0.0714, device='cuda:0', grad_fn=<DivBackward0>)
Memory status after this epoch: 
Memory allocated:  35.447265625
Memory cached:  80.0
	 epoch  80 training error:  tensor(0.0726, device='cuda:0', grad_fn=<DivBackward0>)
Memory status after this epoch: 
Memory allocated:  35.447265625
Memory cached:  80.0
	 epoch  90 training error:  tensor(0.0701, device='cuda:0', grad_fn=<DivBackward0>)
Memory status after this epoch: 
Memory allocated:  35.447265625
Memory cached:  80.0
