[I 2024-02-18 10:38:43,832] Trial 134 finished with value: 0.08453159779310226 and parameters: {'W_layers': 3, 'W_layer_units_exponent_0': 4, 'W_layer_units_exponent_1': 10, 'W_layer_units_exponent_2': 7, 'D_layers': 6, 'D_layer_units_exponent_0': 10, 'D_layer_units_exponent_1': 10, 'D_layer_units_exponent_2': 10, 'D_layer_units_exponent_3': 5, 'D_layer_units_exponent_4': 8, 'D_layer_units_exponent_5': 6, 'D_dagger_layers': 3, 'D_dagger_layer_units_exponent_0': 7, 'D_dagger_layer_units_exponent_1': 4, 'D_dagger_layer_units_exponent_2': 4, 'log_learning_rate': -2.280931381632431, 'log_learning_rate_D': -2.7685995560995664, 'log_learning_rate_D_dagger': -2.8905125005433985, 'training_batch_size': 10, 'training_p': 2}. Best is trial 123 with value: 0.08297749608755112.
Time for this trial:  19.14316701889038
Memory status after this trial: 
Memory allocated:  688.87060546875
Memory cached:  736.0
--------------------  Trial  135   --------------------
Start timing: 
Parameters: 
{'W_layers': 2, 'W_layer_units_exponent_0': 4, 'W_layer_units_exponent_1': 10, 'D_layers': 6, 'D_layer_units_exponent_0': 10, 'D_layer_units_exponent_1': 10, 'D_layer_units_exponent_2': 9, 'D_layer_units_exponent_3': 5, 'D_layer_units_exponent_4': 7, 'D_layer_units_exponent_5': 7, 'D_dagger_layers': 4, 'D_dagger_layer_units_exponent_0': 7, 'D_dagger_layer_units_exponent_1': 4, 'D_dagger_layer_units_exponent_2': 4, 'D_dagger_layer_units_exponent_3': 7, 'log_learning_rate': -2.3800639634275735, 'log_learning_rate_D': -2.3901672026502028, 'log_learning_rate_D_dagger': -2.7887320255072447, 'training_batch_size': 9, 'training_p': 2}
	 epoch  0 training error:  tensor(0.7518, device='cuda:0', grad_fn=<DivBackward0>)
Memory status after this epoch: 
Memory allocated:  408.00732421875
Memory cached:  512.0
	 epoch  10 training error:  tensor(0.5884, device='cuda:0', grad_fn=<DivBackward0>)
Memory status after this epoch: 
Memory allocated:  408.00732421875
Memory cached:  512.0
	 epoch  20 training error:  tensor(0.2534, device='cuda:0', grad_fn=<DivBackward0>)
Memory status after this epoch: 
Memory allocated:  408.00732421875
Memory cached:  512.0
	 epoch  30 training error:  tensor(0.1563, device='cuda:0', grad_fn=<DivBackward0>)
Memory status after this epoch: 
Memory allocated:  408.00732421875
Memory cached:  512.0
	 epoch  40 training error:  tensor(0.2061, device='cuda:0', grad_fn=<DivBackward0>)
Memory status after this epoch: 
Memory allocated:  408.00732421875
Memory cached:  512.0
	 epoch  50 training error:  tensor(0.1856, device='cuda:0', grad_fn=<DivBackward0>)
Memory status after this epoch: 
Memory allocated:  408.00732421875
Memory cached:  512.0
	 epoch  60 training error:  tensor(0.0886, device='cuda:0', grad_fn=<DivBackward0>)
Memory status after this epoch: 
Memory allocated:  408.00732421875
Memory cached:  512.0
	 epoch  70 training error:  tensor(0.1013, device='cuda:0', grad_fn=<DivBackward0>)
Memory status after this epoch: 
Memory allocated:  408.00732421875
Memory cached:  512.0
	 epoch  80 training error:  tensor(0.0859, device='cuda:0', grad_fn=<DivBackward0>)
Memory status after this epoch: 
Memory allocated:  408.00732421875
Memory cached:  512.0
	 epoch  90 training error:  tensor(0.1076, device='cuda:0', grad_fn=<DivBackward0>)
Memory status after this epoch: 
Memory allocated:  408.00732421875
Memory cached:  512.0
[I 2024-02-18 10:39:03,058] Trial 135 finished with value: 0.09614437818527222 and parameters: {'W_layers': 2, 'W_layer_units_exponent_0': 4, 'W_layer_units_exponent_1': 10, 'D_layers': 6, 'D_layer_units_exponent_0': 10, 'D_layer_units_exponent_1': 10, 'D_layer_units_exponent_2': 9, 'D_layer_units_exponent_3': 5, 'D_layer_units_exponent_4': 7, 'D_layer_units_exponent_5': 7, 'D_dagger_layers': 4, 'D_dagger_layer_units_exponent_0': 7, 'D_dagger_layer_units_exponent_1': 4, 'D_dagger_layer_units_exponent_2': 4, 'D_dagger_layer_units_exponent_3': 7, 'log_learning_rate': -2.3800639634275735, 'log_learning_rate_D': -2.3901672026502028, 'log_learning_rate_D_dagger': -2.7887320255072447, 'training_batch_size': 9, 'training_p': 2}. Best is trial 123 with value: 0.08297749608755112.
Time for this trial:  18.769681215286255
Memory status after this trial: 
Memory allocated:  657.41259765625
Memory cached:  704.0
--------------------  Trial  136   --------------------
Start timing: 
Parameters: 
{'W_layers': 4, 'W_layer_units_exponent_0': 4, 'W_layer_units_exponent_1': 10, 'W_layer_units_exponent_2': 7, 'W_layer_units_exponent_3': 8, 'D_layers': 6, 'D_layer_units_exponent_0': 10, 'D_layer_units_exponent_1': 10, 'D_layer_units_exponent_2': 10, 'D_layer_units_exponent_3': 5, 'D_layer_units_exponent_4': 10, 'D_layer_units_exponent_5': 7, 'D_dagger_layers': 5, 'D_dagger_layer_units_exponent_0': 7, 'D_dagger_layer_units_exponent_1': 4, 'D_dagger_layer_units_exponent_2': 4, 'D_dagger_layer_units_exponent_3': 6, 'D_dagger_layer_units_exponent_4': 8, 'log_learning_rate': -2.707753332126605, 'log_learning_rate_D': -2.9686953565985545, 'log_learning_rate_D_dagger': -3.2122696889644207, 'training_batch_size': 9, 'training_p': 2}
	 epoch  0 training error:  tensor(0.8742, device='cuda:0', grad_fn=<DivBackward0>)
Memory status after this epoch: 
Memory allocated:  413.3095703125
Memory cached:  512.0
	 epoch  10 training error:  tensor(0.4437, device='cuda:0', grad_fn=<DivBackward0>)
Memory status after this epoch: 
Memory allocated:  413.3095703125
Memory cached:  512.0
	 epoch  20 training error:  tensor(0.2788, device='cuda:0', grad_fn=<DivBackward0>)
Memory status after this epoch: 
Memory allocated:  413.3095703125
Memory cached:  512.0
	 epoch  30 training error:  tensor(0.1869, device='cuda:0', grad_fn=<DivBackward0>)
Memory status after this epoch: 
Memory allocated:  413.3095703125
Memory cached:  512.0
	 epoch  40 training error:  tensor(0.1449, device='cuda:0', grad_fn=<DivBackward0>)
Memory status after this epoch: 
Memory allocated:  413.3095703125
Memory cached:  512.0
	 epoch  50 training error:  tensor(0.1131, device='cuda:0', grad_fn=<DivBackward0>)
Memory status after this epoch: 
Memory allocated:  413.3095703125
Memory cached:  512.0
	 epoch  60 training error:  tensor(0.0908, device='cuda:0', grad_fn=<DivBackward0>)
Memory status after this epoch: 
Memory allocated:  413.3095703125
Memory cached:  512.0
	 epoch  70 training error:  tensor(0.0854, device='cuda:0', grad_fn=<DivBackward0>)
Memory status after this epoch: 
Memory allocated:  413.3095703125
Memory cached:  512.0
	 epoch  80 training error:  tensor(0.0843, device='cuda:0', grad_fn=<DivBackward0>)
Memory status after this epoch: 
Memory allocated:  413.3095703125
Memory cached:  512.0
	 epoch  90 training error:  tensor(0.0832, device='cuda:0', grad_fn=<DivBackward0>)
Memory status after this epoch: 
Memory allocated:  413.3095703125
Memory cached:  512.0
[I 2024-02-18 10:39:24,631] Trial 136 finished with value: 0.08347493410110474 and parameters: {'W_layers': 4, 'W_layer_units_exponent_0': 4, 'W_layer_units_exponent_1': 10, 'W_layer_units_exponent_2': 7, 'W_layer_units_exponent_3': 8, 'D_layers': 6, 'D_layer_units_exponent_0': 10, 'D_layer_units_exponent_1': 10, 'D_layer_units_exponent_2': 10, 'D_layer_units_exponent_3': 5, 'D_layer_units_exponent_4': 10, 'D_layer_units_exponent_5': 7, 'D_dagger_layers': 5, 'D_dagger_layer_units_exponent_0': 7, 'D_dagger_layer_units_exponent_1': 4, 'D_dagger_layer_units_exponent_2': 4, 'D_dagger_layer_units_exponent_3': 6, 'D_dagger_layer_units_exponent_4': 8, 'log_learning_rate': -2.707753332126605, 'log_learning_rate_D': -2.9686953565985545, 'log_learning_rate_D_dagger': -3.2122696889644207, 'training_batch_size': 9, 'training_p': 2}. Best is trial 123 with value: 0.08297749608755112.
Time for this trial:  21.18682026863098
Memory status after this trial: 
Memory allocated:  804.45166015625
Memory cached:  852.0
--------------------  Trial  137   --------------------
Start timing: 
Parameters: 
{'W_layers': 3, 'W_layer_units_exponent_0': 4, 'W_layer_units_exponent_1': 9, 'W_layer_units_exponent_2': 7, 'D_layers': 7, 'D_layer_units_exponent_0': 8, 'D_layer_units_exponent_1': 10, 'D_layer_units_exponent_2': 10, 'D_layer_units_exponent_3': 8, 'D_layer_units_exponent_4': 9, 'D_layer_units_exponent_5': 6, 'D_layer_units_exponent_6': 8, 'D_dagger_layers': 4, 'D_dagger_layer_units_exponent_0': 7, 'D_dagger_layer_units_exponent_1': 5, 'D_dagger_layer_units_exponent_2': 7, 'D_dagger_layer_units_exponent_3': 7, 'log_learning_rate': -2.1641399907935144, 'log_learning_rate_D': -2.636785843898172, 'log_learning_rate_D_dagger': -2.968489204724499, 'training_batch_size': 9, 'training_p': 2}
	 epoch  0 training error:  tensor(1.0785, device='cuda:0', grad_fn=<DivBackward0>)
Memory status after this epoch: 
Memory allocated:  409.298828125
Memory cached:  512.0
	 epoch  10 training error:  tensor(0.6685, device='cuda:0', grad_fn=<DivBackward0>)
Memory status after this epoch: 
Memory allocated:  409.298828125
Memory cached:  512.0
	 epoch  20 training error:  tensor(0.3790, device='cuda:0', grad_fn=<DivBackward0>)
Memory status after this epoch: 
Memory allocated:  409.298828125
Memory cached:  512.0
	 epoch  30 training error:  tensor(0.2029, device='cuda:0', grad_fn=<DivBackward0>)
Memory status after this epoch: 
Memory allocated:  409.298828125
Memory cached:  512.0
	 epoch  40 training error:  tensor(0.1563, device='cuda:0', grad_fn=<DivBackward0>)
Memory status after this epoch: 
Memory allocated:  409.298828125
Memory cached:  512.0
	 epoch  50 training error:  tensor(0.1193, device='cuda:0', grad_fn=<DivBackward0>)
Memory status after this epoch: 
Memory allocated:  409.298828125
Memory cached:  512.0
	 epoch  60 training error:  tensor(0.0914, device='cuda:0', grad_fn=<DivBackward0>)
Memory status after this epoch: 
Memory allocated:  409.298828125
Memory cached:  512.0
	 epoch  70 training error:  tensor(0.0856, device='cuda:0', grad_fn=<DivBackward0>)
Memory status after this epoch: 
Memory allocated:  409.298828125
Memory cached:  512.0
	 epoch  80 training error:  tensor(0.0831, device='cuda:0', grad_fn=<DivBackward0>)
Memory status after this epoch: 
Memory allocated:  409.298828125
Memory cached:  512.0
	 epoch  90 training error:  tensor(0.0826, device='cuda:0', grad_fn=<DivBackward0>)
Memory status after this epoch: 
Memory allocated:  409.298828125
Memory cached:  512.0
[I 2024-02-18 10:39:44,943] Trial 137 finished with value: 0.08318968862295151 and parameters: {'W_layers': 3, 'W_layer_units_exponent_0': 4, 'W_layer_units_exponent_1': 9, 'W_layer_units_exponent_2': 7, 'D_layers': 7, 'D_layer_units_exponent_0': 8, 'D_layer_units_exponent_1': 10, 'D_layer_units_exponent_2': 10, 'D_layer_units_exponent_3': 8, 'D_layer_units_exponent_4': 9, 'D_layer_units_exponent_5': 6, 'D_layer_units_exponent_6': 8, 'D_dagger_layers': 4, 'D_dagger_layer_units_exponent_0': 7, 'D_dagger_layer_units_exponent_1': 5, 'D_dagger_layer_units_exponent_2': 7, 'D_dagger_layer_units_exponent_3': 7, 'log_learning_rate': -2.1641399907935144, 'log_learning_rate_D': -2.636785843898172, 'log_learning_rate_D_dagger': -2.968489204724499, 'training_batch_size': 9, 'training_p': 2}. Best is trial 123 with value: 0.08297749608755112.
Time for this trial:  19.888311624526978
Memory status after this trial: 
Memory allocated:  628.96337890625
Memory cached:  658.0
--------------------  Trial  138   --------------------
Start timing: 
Parameters: 
{'W_layers': 3, 'W_layer_units_exponent_0': 4, 'W_layer_units_exponent_1': 9, 'W_layer_units_exponent_2': 8, 'D_layers': 8, 'D_layer_units_exponent_0': 7, 'D_layer_units_exponent_1': 10, 'D_layer_units_exponent_2': 9, 'D_layer_units_exponent_3': 8, 'D_layer_units_exponent_4': 9, 'D_layer_units_exponent_5': 6, 'D_layer_units_exponent_6': 8, 'D_layer_units_exponent_7': 7, 'D_dagger_layers': 5, 'D_dagger_layer_units_exponent_0': 7, 'D_dagger_layer_units_exponent_1': 5, 'D_dagger_layer_units_exponent_2': 7, 'D_dagger_layer_units_exponent_3': 7, 'D_dagger_layer_units_exponent_4': 4, 'log_learning_rate': -2.11846019464465, 'log_learning_rate_D': -2.690256689807135, 'log_learning_rate_D_dagger': -3.0041855106411903, 'training_batch_size': 9, 'training_p': 2}
	 epoch  0 training error:  tensor(1.0687, device='cuda:0', grad_fn=<DivBackward0>)
Memory status after this epoch: 
Memory allocated:  407.50537109375
Memory cached:  512.0
	 epoch  10 training error:  tensor(0.6321, device='cuda:0', grad_fn=<DivBackward0>)
Memory status after this epoch: 
Memory allocated:  407.50537109375
Memory cached:  512.0
	 epoch  20 training error:  tensor(0.3572, device='cuda:0', grad_fn=<DivBackward0>)
Memory status after this epoch: 
Memory allocated:  407.50537109375
Memory cached:  512.0
	 epoch  30 training error:  tensor(0.2365, device='cuda:0', grad_fn=<DivBackward0>)
Memory status after this epoch: 
Memory allocated:  407.50537109375
Memory cached:  512.0
	 epoch  40 training error:  tensor(0.1678, device='cuda:0', grad_fn=<DivBackward0>)
Memory status after this epoch: 
Memory allocated:  407.50537109375
Memory cached:  512.0
	 epoch  50 training error:  tensor(0.1060, device='cuda:0', grad_fn=<DivBackward0>)
Memory status after this epoch: 
Memory allocated:  407.50537109375
Memory cached:  512.0
	 epoch  60 training error:  tensor(0.0916, device='cuda:0', grad_fn=<DivBackward0>)
Memory status after this epoch: 
Memory allocated:  407.50537109375
Memory cached:  512.0
	 epoch  70 training error:  tensor(0.0854, device='cuda:0', grad_fn=<DivBackward0>)
Memory status after this epoch: 
Memory allocated:  407.50537109375
Memory cached:  512.0
	 epoch  80 training error:  tensor(0.0833, device='cuda:0', grad_fn=<DivBackward0>)
Memory status after this epoch: 
Memory allocated:  407.50537109375
Memory cached:  512.0
	 epoch  90 training error:  tensor(0.0831, device='cuda:0', grad_fn=<DivBackward0>)
Memory status after this epoch: 
Memory allocated:  407.50537109375
Memory cached:  512.0
[I 2024-02-18 10:40:05,417] Trial 138 finished with value: 0.08341654390096664 and parameters: {'W_layers': 3, 'W_layer_units_exponent_0': 4, 'W_layer_units_exponent_1': 9, 'W_layer_units_exponent_2': 8, 'D_layers': 8, 'D_layer_units_exponent_0': 7, 'D_layer_units_exponent_1': 10, 'D_layer_units_exponent_2': 9, 'D_layer_units_exponent_3': 8, 'D_layer_units_exponent_4': 9, 'D_layer_units_exponent_5': 6, 'D_layer_units_exponent_6': 8, 'D_layer_units_exponent_7': 7, 'D_dagger_layers': 5, 'D_dagger_layer_units_exponent_0': 7, 'D_dagger_layer_units_exponent_1': 5, 'D_dagger_layer_units_exponent_2': 7, 'D_dagger_layer_units_exponent_3': 7, 'D_dagger_layer_units_exponent_4': 4, 'log_learning_rate': -2.11846019464465, 'log_learning_rate_D': -2.690256689807135, 'log_learning_rate_D_dagger': -3.0041855106411903, 'training_batch_size': 9, 'training_p': 2}. Best is trial 123 with value: 0.08297749608755112.
Time for this trial:  20.026551961898804
Memory status after this trial: 
Memory allocated:  661.63037109375
Memory cached:  696.0
--------------------  Trial  139   --------------------
Start timing: 
Parameters: 
{'W_layers': 3, 'W_layer_units_exponent_0': 4, 'W_layer_units_exponent_1': 9, 'W_layer_units_exponent_2': 8, 'D_layers': 8, 'D_layer_units_exponent_0': 7, 'D_layer_units_exponent_1': 10, 'D_layer_units_exponent_2': 9, 'D_layer_units_exponent_3': 8, 'D_layer_units_exponent_4': 5, 'D_layer_units_exponent_5': 5, 'D_layer_units_exponent_6': 8, 'D_layer_units_exponent_7': 7, 'D_dagger_layers': 5, 'D_dagger_layer_units_exponent_0': 7, 'D_dagger_layer_units_exponent_1': 5, 'D_dagger_layer_units_exponent_2': 7, 'D_dagger_layer_units_exponent_3': 7, 'D_dagger_layer_units_exponent_4': 4, 'log_learning_rate': -2.059482613852095, 'log_learning_rate_D': -2.671556706749119, 'log_learning_rate_D_dagger': -2.9495357329042053, 'training_batch_size': 9, 'training_p': 2}
	 epoch  0 training error:  tensor(1.1827, device='cuda:0', grad_fn=<DivBackward0>)
Memory status after this epoch: 
Memory allocated:  406.8828125
Memory cached:  512.0
	 epoch  10 training error:  tensor(0.5705, device='cuda:0', grad_fn=<DivBackward0>)
Memory status after this epoch: 
Memory allocated:  406.8828125
Memory cached:  512.0
	 epoch  20 training error:  tensor(0.4939, device='cuda:0', grad_fn=<DivBackward0>)
Memory status after this epoch: 
Memory allocated:  406.8828125
Memory cached:  512.0
	 epoch  30 training error:  tensor(0.2741, device='cuda:0', grad_fn=<DivBackward0>)
Memory status after this epoch: 
Memory allocated:  406.8828125
Memory cached:  512.0
	 epoch  40 training error:  tensor(0.1852, device='cuda:0', grad_fn=<DivBackward0>)
Memory status after this epoch: 
Memory allocated:  406.8828125
Memory cached:  512.0
	 epoch  50 training error:  tensor(0.1225, device='cuda:0', grad_fn=<DivBackward0>)
Memory status after this epoch: 
Memory allocated:  406.8828125
Memory cached:  512.0
	 epoch  60 training error:  tensor(0.1001, device='cuda:0', grad_fn=<DivBackward0>)
Memory status after this epoch: 
Memory allocated:  406.8828125
Memory cached:  512.0
	 epoch  70 training error:  tensor(0.0860, device='cuda:0', grad_fn=<DivBackward0>)
Memory status after this epoch: 
Memory allocated:  406.8828125
Memory cached:  512.0
	 epoch  80 training error:  tensor(0.0837, device='cuda:0', grad_fn=<DivBackward0>)
Memory status after this epoch: 
Memory allocated:  406.8828125
Memory cached:  512.0
	 epoch  90 training error:  tensor(0.0827, device='cuda:0', grad_fn=<DivBackward0>)
Memory status after this epoch: 
Memory allocated:  406.8828125
Memory cached:  512.0
[I 2024-02-18 10:40:25,892] Trial 139 finished with value: 0.08306165784597397 and parameters: {'W_layers': 3, 'W_layer_units_exponent_0': 4, 'W_layer_units_exponent_1': 9, 'W_layer_units_exponent_2': 8, 'D_layers': 8, 'D_layer_units_exponent_0': 7, 'D_layer_units_exponent_1': 10, 'D_layer_units_exponent_2': 9, 'D_layer_units_exponent_3': 8, 'D_layer_units_exponent_4': 5, 'D_layer_units_exponent_5': 5, 'D_layer_units_exponent_6': 8, 'D_layer_units_exponent_7': 7, 'D_dagger_layers': 5, 'D_dagger_layer_units_exponent_0': 7, 'D_dagger_layer_units_exponent_1': 5, 'D_dagger_layer_units_exponent_2': 7, 'D_dagger_layer_units_exponent_3': 7, 'D_dagger_layer_units_exponent_4': 4, 'log_learning_rate': -2.059482613852095, 'log_learning_rate_D': -2.671556706749119, 'log_learning_rate_D_dagger': -2.9495357329042053, 'training_batch_size': 9, 'training_p': 2}. Best is trial 123 with value: 0.08297749608755112.
Time for this trial:  20.10409188270569
Memory status after this trial: 
Memory allocated:  661.63037109375
Memory cached:  696.0
--------------------  Trial  140   --------------------
Start timing: 
Parameters: 
{'W_layers': 3, 'W_layer_units_exponent_0': 4, 'W_layer_units_exponent_1': 9, 'W_layer_units_exponent_2': 6, 'D_layers': 8, 'D_layer_units_exponent_0': 7, 'D_layer_units_exponent_1': 10, 'D_layer_units_exponent_2': 9, 'D_layer_units_exponent_3': 8, 'D_layer_units_exponent_4': 4, 'D_layer_units_exponent_5': 6, 'D_layer_units_exponent_6': 9, 'D_layer_units_exponent_7': 7, 'D_dagger_layers': 5, 'D_dagger_layer_units_exponent_0': 7, 'D_dagger_layer_units_exponent_1': 5, 'D_dagger_layer_units_exponent_2': 7, 'D_dagger_layer_units_exponent_3': 7, 'D_dagger_layer_units_exponent_4': 4, 'log_learning_rate': -2.0522175884656733, 'log_learning_rate_D': -2.8660465419381262, 'log_learning_rate_D_dagger': -2.7304495187999582, 'training_batch_size': 9, 'training_p': 3}
	 epoch  0 training error:  tensor(0.9637, device='cuda:0', grad_fn=<DivBackward0>)
Memory status after this epoch: 
Memory allocated:  405.5830078125
Memory cached:  512.0
	 epoch  10 training error:  tensor(0.5970, device='cuda:0', grad_fn=<DivBackward0>)
Memory status after this epoch: 
Memory allocated:  405.5830078125
Memory cached:  512.0
	 epoch  20 training error:  tensor(0.2211, device='cuda:0', grad_fn=<DivBackward0>)
Memory status after this epoch: 
Memory allocated:  405.5830078125
Memory cached:  512.0
	 epoch  30 training error:  tensor(0.2146, device='cuda:0', grad_fn=<DivBackward0>)
Memory status after this epoch: 
Memory allocated:  405.5830078125
Memory cached:  512.0
	 epoch  40 training error:  tensor(0.1342, device='cuda:0', grad_fn=<DivBackward0>)
Memory status after this epoch: 
Memory allocated:  405.5830078125
Memory cached:  512.0
	 epoch  50 training error:  tensor(0.1033, device='cuda:0', grad_fn=<DivBackward0>)
Memory status after this epoch: 
Memory allocated:  405.5830078125
Memory cached:  512.0
	 epoch  60 training error:  tensor(0.0959, device='cuda:0', grad_fn=<DivBackward0>)
Memory status after this epoch: 
Memory allocated:  405.5830078125
Memory cached:  512.0
	 epoch  70 training error:  tensor(0.0980, device='cuda:0', grad_fn=<DivBackward0>)
Memory status after this epoch: 
Memory allocated:  405.5830078125
Memory cached:  512.0
	 epoch  80 training error:  tensor(0.0950, device='cuda:0', grad_fn=<DivBackward0>)
Memory status after this epoch: 
Memory allocated:  405.5830078125
Memory cached:  512.0
	 epoch  90 training error:  tensor(0.0945, device='cuda:0', grad_fn=<DivBackward0>)
Memory status after this epoch: 
Memory allocated:  405.5830078125
Memory cached:  512.0
