[I 2024-03-12 19:55:50,068] Trial 168 finished with value: 0.3967897593975067 and parameters: {'log_learning_rate': -1.5898102996430887, 'log_learning_rate_D': -3.2243363070145175, 'log_learning_rate_D_dagger': -1.42271194014613, 'training_batch_size': 8, 'training_p': 2, 'p_order_W': 5, 'p_order_D': 4, 'p_order_D_dagger': 3}. Best is trial 164 with value: 0.31252455711364746.
Time for this trial:  218.55471515655518
Memory status after this trial: 
Memory allocated:  4.1298828125
Memory cached:  6.0
--------------------  Trial  169   --------------------
Start timing: 
Parameters: 
{'log_learning_rate': -1.400286228828243, 'log_learning_rate_D': -3.111610990376894, 'log_learning_rate_D_dagger': -1.3106985956971244, 'training_batch_size': 8, 'training_p': 2, 'p_order_W': 5, 'p_order_D': 4, 'p_order_D_dagger': 3}

	 epoch  0 training error:  tensor(107.8232, grad_fn=<ToCopyBackward0>)
Memory status after this epoch: 
Memory allocated:  2.23095703125
Memory cached:  6.0
	 epoch  10 training error:  tensor(1.5382, grad_fn=<ToCopyBackward0>)
Memory status after this epoch: 
Memory allocated:  2.23095703125
Memory cached:  6.0
	 epoch  20 training error:  tensor(0.6591, grad_fn=<ToCopyBackward0>)
Memory status after this epoch: 
Memory allocated:  2.23095703125
Memory cached:  6.0
	 epoch  30 training error:  tensor(0.4519, grad_fn=<ToCopyBackward0>)
Memory status after this epoch: 
Memory allocated:  2.23095703125
Memory cached:  6.0
	 epoch  40 training error:  tensor(0.4303, grad_fn=<ToCopyBackward0>)
Memory status after this epoch: 
Memory allocated:  2.23095703125
Memory cached:  6.0
	 epoch  50 training error:  tensor(0.4099, grad_fn=<ToCopyBackward0>)
Memory status after this epoch: 
Memory allocated:  2.23095703125
Memory cached:  6.0
	 epoch  60 training error:  tensor(0.3896, grad_fn=<ToCopyBackward0>)
Memory status after this epoch: 
Memory allocated:  2.23095703125
Memory cached:  6.0
	 epoch  70 training error:  tensor(0.3693, grad_fn=<ToCopyBackward0>)
Memory status after this epoch: 
Memory allocated:  2.23095703125
Memory cached:  6.0
	 epoch  80 training error:  tensor(0.3472, grad_fn=<ToCopyBackward0>)
Memory status after this epoch: 
Memory allocated:  2.23095703125
Memory cached:  6.0
[W 2024-03-12 19:58:57,746] Trial 169 failed with parameters: {'log_learning_rate': -1.400286228828243, 'log_learning_rate_D': -3.111610990376894, 'log_learning_rate_D_dagger': -1.3106985956971244, 'training_batch_size': 8, 'training_p': 2, 'p_order_W': 5, 'p_order_D': 4, 'p_order_D_dagger': 3} because of the following error: The value nan is not acceptable.
[W 2024-03-12 19:58:57,747] Trial 169 failed with value tensor(nan, grad_fn=<ToCopyBackward0>).
Time for this trial:  187.4298152923584
Memory status after this trial: 
Memory allocated:  4.1298828125
Memory cached:  6.0
--------------------  Trial  170   --------------------
Start timing: 
Parameters: 
{'log_learning_rate': -1.4050424160083734, 'log_learning_rate_D': -3.123581542952417, 'log_learning_rate_D_dagger': -1.0776353768655524, 'training_batch_size': 8, 'training_p': 2, 'p_order_W': 5, 'p_order_D': 4, 'p_order_D_dagger': 3}

	 epoch  0 training error:  tensor(68.0697, grad_fn=<ToCopyBackward0>)
Memory status after this epoch: 
Memory allocated:  2.23095703125
Memory cached:  6.0
[W 2024-03-12 19:59:20,513] Trial 170 failed with parameters: {'log_learning_rate': -1.4050424160083734, 'log_learning_rate_D': -3.123581542952417, 'log_learning_rate_D_dagger': -1.0776353768655524, 'training_batch_size': 8, 'training_p': 2, 'p_order_W': 5, 'p_order_D': 4, 'p_order_D_dagger': 3} because of the following error: The value nan is not acceptable.
[W 2024-03-12 19:59:20,514] Trial 170 failed with value tensor(nan, grad_fn=<ToCopyBackward0>).
Time for this trial:  22.51278328895569
Memory status after this trial: 
Memory allocated:  4.1298828125
Memory cached:  6.0
--------------------  Trial  171   --------------------
Start timing: 
Parameters: 
{'log_learning_rate': -1.3896258099360521, 'log_learning_rate_D': -3.1112876210793523, 'log_learning_rate_D_dagger': -1.6851037764708368, 'training_batch_size': 8, 'training_p': 2, 'p_order_W': 5, 'p_order_D': 4, 'p_order_D_dagger': 3}

	 epoch  0 training error:  tensor(43.8324, grad_fn=<ToCopyBackward0>)
Memory status after this epoch: 
Memory allocated:  2.23095703125
Memory cached:  6.0
	 epoch  10 training error:  tensor(4.4869, grad_fn=<ToCopyBackward0>)
Memory status after this epoch: 
Memory allocated:  2.23095703125
Memory cached:  6.0
	 epoch  20 training error:  tensor(1.4359, grad_fn=<ToCopyBackward0>)
Memory status after this epoch: 
Memory allocated:  2.23095703125
Memory cached:  6.0
	 epoch  30 training error:  tensor(0.6716, grad_fn=<ToCopyBackward0>)
Memory status after this epoch: 
Memory allocated:  2.23095703125
Memory cached:  6.0
	 epoch  40 training error:  tensor(0.4630, grad_fn=<ToCopyBackward0>)
Memory status after this epoch: 
Memory allocated:  2.23095703125
Memory cached:  6.0
	 epoch  50 training error:  tensor(0.3988, grad_fn=<ToCopyBackward0>)
Memory status after this epoch: 
Memory allocated:  2.23095703125
Memory cached:  6.0
	 epoch  60 training error:  tensor(0.3809, grad_fn=<ToCopyBackward0>)
Memory status after this epoch: 
Memory allocated:  2.23095703125
Memory cached:  6.0
	 epoch  70 training error:  tensor(0.3645, grad_fn=<ToCopyBackward0>)
Memory status after this epoch: 
Memory allocated:  2.23095703125
Memory cached:  6.0
	 epoch  80 training error:  tensor(0.3484, grad_fn=<ToCopyBackward0>)
Memory status after this epoch: 
Memory allocated:  2.23095703125
Memory cached:  6.0
	 epoch  90 training error:  tensor(0.3338, grad_fn=<ToCopyBackward0>)
Memory status after this epoch: 
Memory allocated:  2.23095703125
Memory cached:  6.0
[W 2024-03-12 20:02:55,906] Trial 171 failed with parameters: {'log_learning_rate': -1.3896258099360521, 'log_learning_rate_D': -3.1112876210793523, 'log_learning_rate_D_dagger': -1.6851037764708368, 'training_batch_size': 8, 'training_p': 2, 'p_order_W': 5, 'p_order_D': 4, 'p_order_D_dagger': 3} because of the following error: The value nan is not acceptable.
[W 2024-03-12 20:02:55,907] Trial 171 failed with value tensor(nan, grad_fn=<ToCopyBackward0>).
Time for this trial:  215.13488745689392
Memory status after this trial: 
Memory allocated:  4.1298828125
Memory cached:  6.0
--------------------  Trial  172   --------------------
Start timing: 
Parameters: 
{'log_learning_rate': -1.4269668841780871, 'log_learning_rate_D': -3.066474091054038, 'log_learning_rate_D_dagger': -1.3033246257037105, 'training_batch_size': 8, 'training_p': 2, 'p_order_W': 5, 'p_order_D': 4, 'p_order_D_dagger': 3}

	 epoch  0 training error:  tensor(21.3232, grad_fn=<ToCopyBackward0>)
Memory status after this epoch: 
Memory allocated:  2.23095703125
Memory cached:  6.0
	 epoch  10 training error:  tensor(1.0856, grad_fn=<ToCopyBackward0>)
Memory status after this epoch: 
Memory allocated:  2.23095703125
Memory cached:  6.0
	 epoch  20 training error:  tensor(0.5085, grad_fn=<ToCopyBackward0>)
Memory status after this epoch: 
Memory allocated:  2.23095703125
Memory cached:  6.0
	 epoch  30 training error:  tensor(0.3977, grad_fn=<ToCopyBackward0>)
Memory status after this epoch: 
Memory allocated:  2.23095703125
Memory cached:  6.0
	 epoch  40 training error:  tensor(0.3520, grad_fn=<ToCopyBackward0>)
Memory status after this epoch: 
Memory allocated:  2.23095703125
Memory cached:  6.0
	 epoch  50 training error:  tensor(0.3156, grad_fn=<ToCopyBackward0>)
Memory status after this epoch: 
Memory allocated:  2.23095703125
Memory cached:  6.0
	 epoch  60 training error:  tensor(0.3101, grad_fn=<ToCopyBackward0>)
Memory status after this epoch: 
Memory allocated:  2.23095703125
Memory cached:  6.0
	 epoch  70 training error:  tensor(0.2958, grad_fn=<ToCopyBackward0>)
Memory status after this epoch: 
Memory allocated:  2.23095703125
Memory cached:  6.0
	 epoch  80 training error:  tensor(0.2959, grad_fn=<ToCopyBackward0>)
Memory status after this epoch: 
Memory allocated:  2.23095703125
Memory cached:  6.0
	 epoch  90 training error:  tensor(0.2937, grad_fn=<ToCopyBackward0>)
Memory status after this epoch: 
Memory allocated:  2.23095703125
Memory cached:  6.0
[I 2024-03-12 20:06:34,814] Trial 172 finished with value: 0.3147816061973572 and parameters: {'log_learning_rate': -1.4269668841780871, 'log_learning_rate_D': -3.066474091054038, 'log_learning_rate_D_dagger': -1.3033246257037105, 'training_batch_size': 8, 'training_p': 2, 'p_order_W': 5, 'p_order_D': 4, 'p_order_D_dagger': 3}. Best is trial 164 with value: 0.31252455711364746.
Time for this trial:  218.63544082641602
Memory status after this trial: 
Memory allocated:  4.1298828125
Memory cached:  6.0
--------------------  Trial  173   --------------------
Start timing: 
Parameters: 
{'log_learning_rate': -1.5362395306745982, 'log_learning_rate_D': -3.082010888721748, 'log_learning_rate_D_dagger': -1.0777876984570087, 'training_batch_size': 8, 'training_p': 3, 'p_order_W': 5, 'p_order_D': 4, 'p_order_D_dagger': 3}

	 epoch  0 training error:  tensor(17.0875, grad_fn=<ToCopyBackward0>)
Memory status after this epoch: 
Memory allocated:  2.23095703125
Memory cached:  6.0
[W 2024-03-12 20:06:51,175] Trial 173 failed with parameters: {'log_learning_rate': -1.5362395306745982, 'log_learning_rate_D': -3.082010888721748, 'log_learning_rate_D_dagger': -1.0777876984570087, 'training_batch_size': 8, 'training_p': 3, 'p_order_W': 5, 'p_order_D': 4, 'p_order_D_dagger': 3} because of the following error: The value nan is not acceptable.
[W 2024-03-12 20:06:51,175] Trial 173 failed with value tensor(nan, grad_fn=<ToCopyBackward0>).
Time for this trial:  16.083189725875854
Memory status after this trial: 
Memory allocated:  4.1298828125
Memory cached:  6.0
--------------------  Trial  174   --------------------
Start timing: 
Parameters: 
{'log_learning_rate': -1.6564296399680996, 'log_learning_rate_D': -3.1113038890248013, 'log_learning_rate_D_dagger': -1.2984732095608085, 'training_batch_size': 8, 'training_p': 3, 'p_order_W': 5, 'p_order_D': 4, 'p_order_D_dagger': 3}

	 epoch  0 training error:  tensor(162.2157, grad_fn=<ToCopyBackward0>)
Memory status after this epoch: 
Memory allocated:  2.23095703125
Memory cached:  6.0
	 epoch  10 training error:  tensor(6.7249, grad_fn=<ToCopyBackward0>)
Memory status after this epoch: 
Memory allocated:  2.23095703125
Memory cached:  6.0
	 epoch  20 training error:  tensor(1.1617, grad_fn=<ToCopyBackward0>)
Memory status after this epoch: 
Memory allocated:  2.23095703125
Memory cached:  6.0
	 epoch  30 training error:  tensor(0.5536, grad_fn=<ToCopyBackward0>)
Memory status after this epoch: 
Memory allocated:  2.23095703125
Memory cached:  6.0
	 epoch  40 training error:  tensor(0.5053, grad_fn=<ToCopyBackward0>)
Memory status after this epoch: 
Memory allocated:  2.23095703125
Memory cached:  6.0
	 epoch  50 training error:  tensor(0.4833, grad_fn=<ToCopyBackward0>)
Memory status after this epoch: 
Memory allocated:  2.23095703125
Memory cached:  6.0
	 epoch  60 training error:  tensor(0.4654, grad_fn=<ToCopyBackward0>)
Memory status after this epoch: 
Memory allocated:  2.23095703125
Memory cached:  6.0
	 epoch  70 training error:  tensor(0.4510, grad_fn=<ToCopyBackward0>)
Memory status after this epoch: 
Memory allocated:  2.23095703125
Memory cached:  6.0
	 epoch  80 training error:  tensor(0.4392, grad_fn=<ToCopyBackward0>)
Memory status after this epoch: 
Memory allocated:  2.23095703125
Memory cached:  6.0
	 epoch  90 training error:  tensor(0.4292, grad_fn=<ToCopyBackward0>)
Memory status after this epoch: 
Memory allocated:  2.23095703125
Memory cached:  6.0
[I 2024-03-12 20:10:29,878] Trial 174 finished with value: 0.3889490067958832 and parameters: {'log_learning_rate': -1.6564296399680996, 'log_learning_rate_D': -3.1113038890248013, 'log_learning_rate_D_dagger': -1.2984732095608085, 'training_batch_size': 8, 'training_p': 3, 'p_order_W': 5, 'p_order_D': 4, 'p_order_D_dagger': 3}. Best is trial 164 with value: 0.31252455711364746.
Time for this trial:  218.3875069618225
Memory status after this trial: 
Memory allocated:  4.1298828125
Memory cached:  6.0
--------------------  Trial  175   --------------------
Start timing: 
Parameters: 
{'log_learning_rate': -1.1978538754633226, 'log_learning_rate_D': -2.994237986789355, 'log_learning_rate_D_dagger': -1.195701624510315, 'training_batch_size': 8, 'training_p': 2, 'p_order_W': 4, 'p_order_D': 4, 'p_order_D_dagger': 3}

[W 2024-03-12 20:10:33,035] Trial 175 failed with parameters: {'log_learning_rate': -1.1978538754633226, 'log_learning_rate_D': -2.994237986789355, 'log_learning_rate_D_dagger': -1.195701624510315, 'training_batch_size': 8, 'training_p': 2, 'p_order_W': 4, 'p_order_D': 4, 'p_order_D_dagger': 3} because of the following error: The value nan is not acceptable.
[W 2024-03-12 20:10:33,036] Trial 175 failed with value tensor(nan, grad_fn=<ToCopyBackward0>).
Time for this trial:  2.9131011962890625
Memory status after this trial: 
Memory allocated:  3.935546875
Memory cached:  6.0
--------------------  Trial  176   --------------------
Start timing: 
Parameters: 
{'log_learning_rate': -1.5487377557994915, 'log_learning_rate_D': -2.692297627092372, 'log_learning_rate_D_dagger': -1.0878047628000962, 'training_batch_size': 8, 'training_p': 2, 'p_order_W': 4, 'p_order_D': 4, 'p_order_D_dagger': 3}

	 epoch  0 training error:  tensor(118.1479, grad_fn=<ToCopyBackward0>)
Memory status after this epoch: 
Memory allocated:  2.23095703125
Memory cached:  6.0
	 epoch  10 training error:  tensor(8.0856, grad_fn=<ToCopyBackward0>)
Memory status after this epoch: 
Memory allocated:  2.23095703125
Memory cached:  6.0
	 epoch  20 training error:  tensor(0.6859, grad_fn=<ToCopyBackward0>)
Memory status after this epoch: 
Memory allocated:  2.23095703125
Memory cached:  6.0
	 epoch  30 training error:  tensor(0.4891, grad_fn=<ToCopyBackward0>)
Memory status after this epoch: 
Memory allocated:  2.23095703125
Memory cached:  6.0
	 epoch  40 training error:  tensor(0.3269, grad_fn=<ToCopyBackward0>)
Memory status after this epoch: 
Memory allocated:  2.23095703125
Memory cached:  6.0
	 epoch  50 training error:  tensor(0.3120, grad_fn=<ToCopyBackward0>)
Memory status after this epoch: 
Memory allocated:  2.23095703125
Memory cached:  6.0
	 epoch  60 training error:  tensor(0.3116, grad_fn=<ToCopyBackward0>)
Memory status after this epoch: 
Memory allocated:  2.23095703125
Memory cached:  6.0
	 epoch  70 training error:  tensor(0.3110, grad_fn=<ToCopyBackward0>)
Memory status after this epoch: 
Memory allocated:  2.23095703125
Memory cached:  6.0
	 epoch  80 training error:  tensor(0.3125, grad_fn=<ToCopyBackward0>)
Memory status after this epoch: 
Memory allocated:  2.23095703125
Memory cached:  6.0
	 epoch  90 training error:  tensor(0.3128, grad_fn=<ToCopyBackward0>)
Memory status after this epoch: 
Memory allocated:  2.23095703125
Memory cached:  6.0
[I 2024-03-12 20:13:58,743] Trial 176 finished with value: 0.3356712758541107 and parameters: {'log_learning_rate': -1.5487377557994915, 'log_learning_rate_D': -2.692297627092372, 'log_learning_rate_D_dagger': -1.0878047628000962, 'training_batch_size': 8, 'training_p': 2, 'p_order_W': 4, 'p_order_D': 4, 'p_order_D_dagger': 3}. Best is trial 164 with value: 0.31252455711364746.
Time for this trial:  205.41746711730957
Memory status after this trial: 
Memory allocated:  3.935546875
Memory cached:  6.0
--------------------  Trial  177   --------------------
Start timing: 
Parameters: 
{'log_learning_rate': -1.5194606528951502, 'log_learning_rate_D': -2.721449767891966, 'log_learning_rate_D_dagger': -1.098534476460571, 'training_batch_size': 9, 'training_p': 2, 'p_order_W': 4, 'p_order_D': 4, 'p_order_D_dagger': 3}

	 epoch  0 training error:  tensor(109.3660, grad_fn=<ToCopyBackward0>)
Memory status after this epoch: 
Memory allocated:  2.32861328125
Memory cached:  8.0
	 epoch  10 training error:  tensor(8.4016, grad_fn=<ToCopyBackward0>)
Memory status after this epoch: 
Memory allocated:  2.32861328125
Memory cached:  8.0
	 epoch  20 training error:  tensor(8.7934, grad_fn=<ToCopyBackward0>)
Memory status after this epoch: 
Memory allocated:  2.32861328125
Memory cached:  8.0
	 epoch  30 training error:  tensor(0.9204, grad_fn=<ToCopyBackward0>)
Memory status after this epoch: 
Memory allocated:  2.32861328125
Memory cached:  8.0
	 epoch  40 training error:  tensor(0.8517, grad_fn=<ToCopyBackward0>)
Memory status after this epoch: 
Memory allocated:  2.32861328125
Memory cached:  8.0
	 epoch  50 training error:  tensor(0.7423, grad_fn=<ToCopyBackward0>)
Memory status after this epoch: 
Memory allocated:  2.32861328125
Memory cached:  8.0
	 epoch  60 training error:  tensor(0.5335, grad_fn=<ToCopyBackward0>)
Memory status after this epoch: 
Memory allocated:  2.32861328125
Memory cached:  8.0
	 epoch  70 training error:  tensor(0.4555, grad_fn=<ToCopyBackward0>)
Memory status after this epoch: 
Memory allocated:  2.32861328125
Memory cached:  8.0
	 epoch  80 training error:  tensor(0.4216, grad_fn=<ToCopyBackward0>)
Memory status after this epoch: 
Memory allocated:  2.32861328125
Memory cached:  8.0
	 epoch  90 training error:  tensor(0.4112, grad_fn=<ToCopyBackward0>)
Memory status after this epoch: 
Memory allocated:  2.32861328125
Memory cached:  8.0
[I 2024-03-12 20:15:50,899] Trial 177 finished with value: 0.40742501616477966 and parameters: {'log_learning_rate': -1.5194606528951502, 'log_learning_rate_D': -2.721449767891966, 'log_learning_rate_D_dagger': -1.098534476460571, 'training_batch_size': 9, 'training_p': 2, 'p_order_W': 4, 'p_order_D': 4, 'p_order_D_dagger': 3}. Best is trial 164 with value: 0.31252455711364746.
Time for this trial:  111.85593461990356
Memory status after this trial: 
Memory allocated:  3.935546875
Memory cached:  6.0
--------------------  Trial  178   --------------------
Start timing: 
Parameters: 
{'log_learning_rate': -1.217232177738762, 'log_learning_rate_D': -2.9910880949732865, 'log_learning_rate_D_dagger': -1.192655308372676, 'training_batch_size': 8, 'training_p': 2, 'p_order_W': 4, 'p_order_D': 4, 'p_order_D_dagger': 3}

[W 2024-03-12 20:15:54,089] Trial 178 failed with parameters: {'log_learning_rate': -1.217232177738762, 'log_learning_rate_D': -2.9910880949732865, 'log_learning_rate_D_dagger': -1.192655308372676, 'training_batch_size': 8, 'training_p': 2, 'p_order_W': 4, 'p_order_D': 4, 'p_order_D_dagger': 3} because of the following error: The value nan is not acceptable.
[W 2024-03-12 20:15:54,089] Trial 178 failed with value tensor(nan, grad_fn=<ToCopyBackward0>).
Time for this trial:  2.8988468647003174
Memory status after this trial: 
Memory allocated:  3.935546875
Memory cached:  6.0
--------------------  Trial  179   --------------------
Start timing: 
Parameters: 
{'log_learning_rate': -1.3860643987108312, 'log_learning_rate_D': -2.9930925975490124, 'log_learning_rate_D_dagger': -1.1946406467998483, 'training_batch_size': 8, 'training_p': 2, 'p_order_W': 4, 'p_order_D': 4, 'p_order_D_dagger': 3}

	 epoch  0 training error:  tensor(7.8876, grad_fn=<ToCopyBackward0>)
Memory status after this epoch: 
Memory allocated:  2.23095703125
Memory cached:  6.0
	 epoch  10 training error:  tensor(0.7904, grad_fn=<ToCopyBackward0>)
Memory status after this epoch: 
Memory allocated:  2.23095703125
Memory cached:  6.0
	 epoch  20 training error:  tensor(0.4464, grad_fn=<ToCopyBackward0>)
Memory status after this epoch: 
Memory allocated:  2.23095703125
Memory cached:  6.0
	 epoch  30 training error:  tensor(0.3826, grad_fn=<ToCopyBackward0>)
Memory status after this epoch: 
Memory allocated:  2.23095703125
Memory cached:  6.0
	 epoch  40 training error:  tensor(0.3518, grad_fn=<ToCopyBackward0>)
Memory status after this epoch: 
Memory allocated:  2.23095703125
Memory cached:  6.0
	 epoch  50 training error:  tensor(0.3282, grad_fn=<ToCopyBackward0>)
Memory status after this epoch: 
Memory allocated:  2.23095703125
Memory cached:  6.0
	 epoch  60 training error:  tensor(0.3130, grad_fn=<ToCopyBackward0>)
Memory status after this epoch: 
Memory allocated:  2.23095703125
Memory cached:  6.0
	 epoch  70 training error:  tensor(0.3208, grad_fn=<ToCopyBackward0>)
Memory status after this epoch: 
Memory allocated:  2.23095703125
Memory cached:  6.0
	 epoch  80 training error:  tensor(0.3231, grad_fn=<ToCopyBackward0>)
Memory status after this epoch: 
Memory allocated:  2.23095703125
Memory cached:  6.0
	 epoch  90 training error:  tensor(0.3187, grad_fn=<ToCopyBackward0>)
Memory status after this epoch: 
Memory allocated:  2.23095703125
Memory cached:  6.0
