[I 2024-03-12 16:08:32,015] Trial 84 finished with value: 0.34929484128952026 and parameters: {'log_learning_rate': -2.3978271425471243, 'log_learning_rate_D': -3.2001578587703277, 'log_learning_rate_D_dagger': -1.113889031133318, 'training_batch_size': 7, 'training_p': 4, 'p_order_W': 3, 'p_order_D': 4, 'p_order_D_dagger': 3}. Best is trial 84 with value: 0.34929484128952026.
res:  tensor(0.3493, grad_fn=<ToCopyBackward0>)
self.bestValue:  tensor(0.3604, grad_fn=<ToCopyBackward0>)
Save this model!
Time for this trial:  279.38091802597046
Memory status after this trial: 
Memory allocated:  1.81201171875
Memory cached:  6.0
--------------------  Trial  85   --------------------
Start timing: 
Parameters: 
{'log_learning_rate': -2.3458855003810553, 'log_learning_rate_D': -2.8400458888791755, 'log_learning_rate_D_dagger': -1.1358811324227653, 'training_batch_size': 7, 'training_p': 4, 'p_order_W': 5, 'p_order_D': 4, 'p_order_D_dagger': 3}

	 epoch  0 training error:  tensor(292.1268, grad_fn=<ToCopyBackward0>)
Memory status after this epoch: 
Memory allocated:  1.84228515625
Memory cached:  6.0
	 epoch  10 training error:  tensor(5.3860, grad_fn=<ToCopyBackward0>)
Memory status after this epoch: 
Memory allocated:  1.84228515625
Memory cached:  6.0
[W 2024-03-12 16:09:30,240] Trial 85 failed with parameters: {'log_learning_rate': -2.3458855003810553, 'log_learning_rate_D': -2.8400458888791755, 'log_learning_rate_D_dagger': -1.1358811324227653, 'training_batch_size': 7, 'training_p': 4, 'p_order_W': 5, 'p_order_D': 4, 'p_order_D_dagger': 3} because of the following error: The value nan is not acceptable.
[W 2024-03-12 16:09:30,241] Trial 85 failed with value tensor(nan, grad_fn=<ToCopyBackward0>).
Time for this trial:  57.97369384765625
Memory status after this trial: 
Memory allocated:  3.7412109375
Memory cached:  6.0
--------------------  Trial  86   --------------------
Start timing: 
Parameters: 
{'log_learning_rate': -2.396827133115109, 'log_learning_rate_D': -2.7481803836177976, 'log_learning_rate_D_dagger': -1.1558358933995678, 'training_batch_size': 7, 'training_p': 4, 'p_order_W': 3, 'p_order_D': 4, 'p_order_D_dagger': 3}

	 epoch  0 training error:  tensor(109.8576, grad_fn=<ToCopyBackward0>)
Memory status after this epoch: 
Memory allocated:  1.84228515625
Memory cached:  6.0
	 epoch  10 training error:  tensor(3.9398, grad_fn=<ToCopyBackward0>)
Memory status after this epoch: 
Memory allocated:  1.84228515625
Memory cached:  6.0
	 epoch  20 training error:  tensor(0.5546, grad_fn=<ToCopyBackward0>)
Memory status after this epoch: 
Memory allocated:  1.84228515625
Memory cached:  6.0
	 epoch  30 training error:  tensor(0.4870, grad_fn=<ToCopyBackward0>)
Memory status after this epoch: 
Memory allocated:  1.84228515625
Memory cached:  6.0
	 epoch  40 training error:  tensor(0.4761, grad_fn=<ToCopyBackward0>)
Memory status after this epoch: 
Memory allocated:  1.84228515625
Memory cached:  6.0
	 epoch  50 training error:  tensor(0.4657, grad_fn=<ToCopyBackward0>)
Memory status after this epoch: 
Memory allocated:  1.84228515625
Memory cached:  6.0
	 epoch  60 training error:  tensor(0.4591, grad_fn=<ToCopyBackward0>)
Memory status after this epoch: 
Memory allocated:  1.84228515625
Memory cached:  6.0
	 epoch  70 training error:  tensor(0.4570, grad_fn=<ToCopyBackward0>)
Memory status after this epoch: 
Memory allocated:  1.84228515625
Memory cached:  6.0
	 epoch  80 training error:  tensor(0.4551, grad_fn=<ToCopyBackward0>)
Memory status after this epoch: 
Memory allocated:  1.84228515625
Memory cached:  6.0
	 epoch  90 training error:  tensor(0.4539, grad_fn=<ToCopyBackward0>)
Memory status after this epoch: 
Memory allocated:  1.84228515625
Memory cached:  6.0
[I 2024-03-12 16:14:08,607] Trial 86 finished with value: 0.39612680673599243 and parameters: {'log_learning_rate': -2.396827133115109, 'log_learning_rate_D': -2.7481803836177976, 'log_learning_rate_D_dagger': -1.1558358933995678, 'training_batch_size': 7, 'training_p': 4, 'p_order_W': 3, 'p_order_D': 4, 'p_order_D_dagger': 3}. Best is trial 84 with value: 0.34929484128952026.
Time for this trial:  278.10650086402893
Memory status after this trial: 
Memory allocated:  3.3525390625
Memory cached:  6.0
--------------------  Trial  87   --------------------
Start timing: 
Parameters: 
{'log_learning_rate': -2.2043746340152532, 'log_learning_rate_D': -3.147276337593964, 'log_learning_rate_D_dagger': -1.1342790376447034, 'training_batch_size': 7, 'training_p': 5, 'p_order_W': 3, 'p_order_D': 4, 'p_order_D_dagger': 3}

	 epoch  0 training error:  tensor(11.8088, grad_fn=<ToCopyBackward0>)
Memory status after this epoch: 
Memory allocated:  1.84228515625
Memory cached:  6.0
	 epoch  10 training error:  tensor(0.6313, grad_fn=<ToCopyBackward0>)
Memory status after this epoch: 
Memory allocated:  1.84228515625
Memory cached:  6.0
	 epoch  20 training error:  tensor(0.5001, grad_fn=<ToCopyBackward0>)
Memory status after this epoch: 
Memory allocated:  1.84228515625
Memory cached:  6.0
	 epoch  30 training error:  tensor(0.4898, grad_fn=<ToCopyBackward0>)
Memory status after this epoch: 
Memory allocated:  1.84228515625
Memory cached:  6.0
	 epoch  40 training error:  tensor(0.4830, grad_fn=<ToCopyBackward0>)
Memory status after this epoch: 
Memory allocated:  1.84228515625
Memory cached:  6.0
	 epoch  50 training error:  tensor(0.4772, grad_fn=<ToCopyBackward0>)
Memory status after this epoch: 
Memory allocated:  1.84228515625
Memory cached:  6.0
	 epoch  60 training error:  tensor(0.4778, grad_fn=<ToCopyBackward0>)
Memory status after this epoch: 
Memory allocated:  1.84228515625
Memory cached:  6.0
	 epoch  70 training error:  tensor(0.4727, grad_fn=<ToCopyBackward0>)
Memory status after this epoch: 
Memory allocated:  1.84228515625
Memory cached:  6.0
	 epoch  80 training error:  tensor(0.4730, grad_fn=<ToCopyBackward0>)
Memory status after this epoch: 
Memory allocated:  1.84228515625
Memory cached:  6.0
	 epoch  90 training error:  tensor(0.4689, grad_fn=<ToCopyBackward0>)
Memory status after this epoch: 
Memory allocated:  1.84228515625
Memory cached:  6.0
[I 2024-03-12 16:18:46,252] Trial 87 finished with value: 0.35275799036026 and parameters: {'log_learning_rate': -2.2043746340152532, 'log_learning_rate_D': -3.147276337593964, 'log_learning_rate_D_dagger': -1.1342790376447034, 'training_batch_size': 7, 'training_p': 5, 'p_order_W': 3, 'p_order_D': 4, 'p_order_D_dagger': 3}. Best is trial 84 with value: 0.34929484128952026.
Time for this trial:  277.3607699871063
Memory status after this trial: 
Memory allocated:  3.3525390625
Memory cached:  6.0
--------------------  Trial  88   --------------------
Start timing: 
Parameters: 
{'log_learning_rate': -1.9064508701084604, 'log_learning_rate_D': -3.1410266728269995, 'log_learning_rate_D_dagger': -1.0740872180184573, 'training_batch_size': 8, 'training_p': 5, 'p_order_W': 2, 'p_order_D': 4, 'p_order_D_dagger': 3}

	 epoch  0 training error:  tensor(149.8296, grad_fn=<ToCopyBackward0>)
Memory status after this epoch: 
Memory allocated:  1.57373046875
Memory cached:  6.0
	 epoch  10 training error:  tensor(5.2816, grad_fn=<ToCopyBackward0>)
Memory status after this epoch: 
Memory allocated:  1.57373046875
Memory cached:  6.0
	 epoch  20 training error:  tensor(1.3164, grad_fn=<ToCopyBackward0>)
Memory status after this epoch: 
Memory allocated:  1.57373046875
Memory cached:  6.0
	 epoch  30 training error:  tensor(0.5998, grad_fn=<ToCopyBackward0>)
Memory status after this epoch: 
Memory allocated:  1.57373046875
Memory cached:  6.0
	 epoch  40 training error:  tensor(0.5276, grad_fn=<ToCopyBackward0>)
Memory status after this epoch: 
Memory allocated:  1.57373046875
Memory cached:  6.0
	 epoch  50 training error:  tensor(0.4829, grad_fn=<ToCopyBackward0>)
Memory status after this epoch: 
Memory allocated:  1.57373046875
Memory cached:  6.0
	 epoch  60 training error:  tensor(0.4725, grad_fn=<ToCopyBackward0>)
Memory status after this epoch: 
Memory allocated:  1.57373046875
Memory cached:  6.0
	 epoch  70 training error:  tensor(0.4690, grad_fn=<ToCopyBackward0>)
Memory status after this epoch: 
Memory allocated:  1.57373046875
Memory cached:  6.0
	 epoch  80 training error:  tensor(0.4699, grad_fn=<ToCopyBackward0>)
Memory status after this epoch: 
Memory allocated:  1.57373046875
Memory cached:  6.0
	 epoch  90 training error:  tensor(0.4704, grad_fn=<ToCopyBackward0>)
Memory status after this epoch: 
Memory allocated:  1.57373046875
Memory cached:  6.0
[I 2024-03-12 16:21:40,072] Trial 88 finished with value: 0.3595300018787384 and parameters: {'log_learning_rate': -1.9064508701084604, 'log_learning_rate_D': -3.1410266728269995, 'log_learning_rate_D_dagger': -1.0740872180184573, 'training_batch_size': 8, 'training_p': 5, 'p_order_W': 2, 'p_order_D': 4, 'p_order_D_dagger': 3}. Best is trial 84 with value: 0.34929484128952026.
Time for this trial:  173.57150864601135
Memory status after this trial: 
Memory allocated:  2.810546875
Memory cached:  6.0
--------------------  Trial  89   --------------------
Start timing: 
Parameters: 
{'log_learning_rate': -1.9143234544841468, 'log_learning_rate_D': -3.8931743076390797, 'log_learning_rate_D_dagger': -1.106587373901775, 'training_batch_size': 8, 'training_p': 4, 'p_order_W': 2, 'p_order_D': 4, 'p_order_D_dagger': 3}

	 epoch  0 training error:  tensor(176.1926, grad_fn=<ToCopyBackward0>)
Memory status after this epoch: 
Memory allocated:  1.57373046875
Memory cached:  6.0
	 epoch  10 training error:  tensor(7.1877, grad_fn=<ToCopyBackward0>)
Memory status after this epoch: 
Memory allocated:  1.57373046875
Memory cached:  6.0
	 epoch  20 training error:  tensor(1.5682, grad_fn=<ToCopyBackward0>)
Memory status after this epoch: 
Memory allocated:  1.57373046875
Memory cached:  6.0
	 epoch  30 training error:  tensor(0.6360, grad_fn=<ToCopyBackward0>)
Memory status after this epoch: 
Memory allocated:  1.57373046875
Memory cached:  6.0
	 epoch  40 training error:  tensor(0.5397, grad_fn=<ToCopyBackward0>)
Memory status after this epoch: 
Memory allocated:  1.57373046875
Memory cached:  6.0
	 epoch  50 training error:  tensor(0.5050, grad_fn=<ToCopyBackward0>)
Memory status after this epoch: 
Memory allocated:  1.57373046875
Memory cached:  6.0
	 epoch  60 training error:  tensor(0.4855, grad_fn=<ToCopyBackward0>)
Memory status after this epoch: 
Memory allocated:  1.57373046875
Memory cached:  6.0
	 epoch  70 training error:  tensor(0.4776, grad_fn=<ToCopyBackward0>)
Memory status after this epoch: 
Memory allocated:  1.57373046875
Memory cached:  6.0
	 epoch  80 training error:  tensor(0.4725, grad_fn=<ToCopyBackward0>)
Memory status after this epoch: 
Memory allocated:  1.57373046875
Memory cached:  6.0
	 epoch  90 training error:  tensor(0.4681, grad_fn=<ToCopyBackward0>)
Memory status after this epoch: 
Memory allocated:  1.57373046875
Memory cached:  6.0
[I 2024-03-12 16:24:33,759] Trial 89 finished with value: 0.40566569566726685 and parameters: {'log_learning_rate': -1.9143234544841468, 'log_learning_rate_D': -3.8931743076390797, 'log_learning_rate_D_dagger': -1.106587373901775, 'training_batch_size': 8, 'training_p': 4, 'p_order_W': 2, 'p_order_D': 4, 'p_order_D_dagger': 3}. Best is trial 84 with value: 0.34929484128952026.
Time for this trial:  173.44997549057007
Memory status after this trial: 
Memory allocated:  2.810546875
Memory cached:  6.0
--------------------  Trial  90   --------------------
Start timing: 
Parameters: 
{'log_learning_rate': -1.7567483681295264, 'log_learning_rate_D': -3.4022327481617314, 'log_learning_rate_D_dagger': -1.0112733941306888, 'training_batch_size': 8, 'training_p': 4, 'p_order_W': 2, 'p_order_D': 4, 'p_order_D_dagger': 3}

	 epoch  0 training error:  tensor(300.2253, grad_fn=<ToCopyBackward0>)
Memory status after this epoch: 
Memory allocated:  1.57373046875
Memory cached:  6.0
	 epoch  10 training error:  tensor(27.5498, grad_fn=<ToCopyBackward0>)
Memory status after this epoch: 
Memory allocated:  1.57373046875
Memory cached:  6.0
	 epoch  20 training error:  tensor(3.3069, grad_fn=<ToCopyBackward0>)
Memory status after this epoch: 
Memory allocated:  1.57373046875
Memory cached:  6.0
	 epoch  30 training error:  tensor(0.7396, grad_fn=<ToCopyBackward0>)
Memory status after this epoch: 
Memory allocated:  1.57373046875
Memory cached:  6.0
	 epoch  40 training error:  tensor(0.5264, grad_fn=<ToCopyBackward0>)
Memory status after this epoch: 
Memory allocated:  1.57373046875
Memory cached:  6.0
	 epoch  50 training error:  tensor(0.4853, grad_fn=<ToCopyBackward0>)
Memory status after this epoch: 
Memory allocated:  1.57373046875
Memory cached:  6.0
	 epoch  60 training error:  tensor(0.4751, grad_fn=<ToCopyBackward0>)
Memory status after this epoch: 
Memory allocated:  1.57373046875
Memory cached:  6.0
	 epoch  70 training error:  tensor(0.4642, grad_fn=<ToCopyBackward0>)
Memory status after this epoch: 
Memory allocated:  1.57373046875
Memory cached:  6.0
	 epoch  80 training error:  tensor(0.4546, grad_fn=<ToCopyBackward0>)
Memory status after this epoch: 
Memory allocated:  1.57373046875
Memory cached:  6.0
	 epoch  90 training error:  tensor(0.4462, grad_fn=<ToCopyBackward0>)
Memory status after this epoch: 
Memory allocated:  1.57373046875
Memory cached:  6.0
[I 2024-03-12 16:27:27,768] Trial 90 finished with value: 0.37512627243995667 and parameters: {'log_learning_rate': -1.7567483681295264, 'log_learning_rate_D': -3.4022327481617314, 'log_learning_rate_D_dagger': -1.0112733941306888, 'training_batch_size': 8, 'training_p': 4, 'p_order_W': 2, 'p_order_D': 4, 'p_order_D_dagger': 3}. Best is trial 84 with value: 0.34929484128952026.
Time for this trial:  173.77061867713928
Memory status after this trial: 
Memory allocated:  2.810546875
Memory cached:  6.0
--------------------  Trial  91   --------------------
Start timing: 
Parameters: 
{'log_learning_rate': -2.154449977204581, 'log_learning_rate_D': -3.155498685234896, 'log_learning_rate_D_dagger': -1.1718438816885257, 'training_batch_size': 9, 'training_p': 5, 'p_order_W': 2, 'p_order_D': 4, 'p_order_D_dagger': 3}

	 epoch  0 training error:  tensor(26.4643, grad_fn=<ToCopyBackward0>)
Memory status after this epoch: 
Memory allocated:  1.67138671875
Memory cached:  6.0
	 epoch  10 training error:  tensor(3.1452, grad_fn=<ToCopyBackward0>)
Memory status after this epoch: 
Memory allocated:  1.67138671875
Memory cached:  6.0
	 epoch  20 training error:  tensor(0.6096, grad_fn=<ToCopyBackward0>)
Memory status after this epoch: 
Memory allocated:  1.67138671875
Memory cached:  6.0
	 epoch  30 training error:  tensor(0.6764, grad_fn=<ToCopyBackward0>)
Memory status after this epoch: 
Memory allocated:  1.67138671875
Memory cached:  6.0
	 epoch  40 training error:  tensor(0.5929, grad_fn=<ToCopyBackward0>)
Memory status after this epoch: 
Memory allocated:  1.67138671875
Memory cached:  6.0
	 epoch  50 training error:  tensor(0.5193, grad_fn=<ToCopyBackward0>)
Memory status after this epoch: 
Memory allocated:  1.67138671875
Memory cached:  6.0
	 epoch  60 training error:  tensor(0.4864, grad_fn=<ToCopyBackward0>)
Memory status after this epoch: 
Memory allocated:  1.67138671875
Memory cached:  6.0
	 epoch  70 training error:  tensor(0.4773, grad_fn=<ToCopyBackward0>)
Memory status after this epoch: 
Memory allocated:  1.67138671875
Memory cached:  6.0
	 epoch  80 training error:  tensor(0.4741, grad_fn=<ToCopyBackward0>)
Memory status after this epoch: 
Memory allocated:  1.67138671875
Memory cached:  6.0
	 epoch  90 training error:  tensor(0.4717, grad_fn=<ToCopyBackward0>)
Memory status after this epoch: 
Memory allocated:  1.67138671875
Memory cached:  6.0
[I 2024-03-12 16:29:04,181] Trial 91 finished with value: 0.36823901534080505 and parameters: {'log_learning_rate': -2.154449977204581, 'log_learning_rate_D': -3.155498685234896, 'log_learning_rate_D_dagger': -1.1718438816885257, 'training_batch_size': 9, 'training_p': 5, 'p_order_W': 2, 'p_order_D': 4, 'p_order_D_dagger': 3}. Best is trial 84 with value: 0.34929484128952026.
Time for this trial:  96.18910622596741
Memory status after this trial: 
Memory allocated:  2.810546875
Memory cached:  6.0
--------------------  Trial  92   --------------------
Start timing: 
Parameters: 
{'log_learning_rate': -2.1259565580531468, 'log_learning_rate_D': -3.632863506512289, 'log_learning_rate_D_dagger': -1.144636852515045, 'training_batch_size': 9, 'training_p': 5, 'p_order_W': 2, 'p_order_D': 4, 'p_order_D_dagger': 3}

	 epoch  0 training error:  tensor(351.3933, grad_fn=<ToCopyBackward0>)
Memory status after this epoch: 
Memory allocated:  1.67138671875
Memory cached:  6.0
	 epoch  10 training error:  tensor(2.0173, grad_fn=<ToCopyBackward0>)
Memory status after this epoch: 
Memory allocated:  1.67138671875
Memory cached:  6.0
	 epoch  20 training error:  tensor(22.0092, grad_fn=<ToCopyBackward0>)
Memory status after this epoch: 
Memory allocated:  1.67138671875
Memory cached:  6.0
	 epoch  30 training error:  tensor(9.1351, grad_fn=<ToCopyBackward0>)
Memory status after this epoch: 
Memory allocated:  1.67138671875
Memory cached:  6.0
	 epoch  40 training error:  tensor(3.3012, grad_fn=<ToCopyBackward0>)
Memory status after this epoch: 
Memory allocated:  1.67138671875
Memory cached:  6.0
	 epoch  50 training error:  tensor(0.9838, grad_fn=<ToCopyBackward0>)
Memory status after this epoch: 
Memory allocated:  1.67138671875
Memory cached:  6.0
	 epoch  60 training error:  tensor(0.7198, grad_fn=<ToCopyBackward0>)
Memory status after this epoch: 
Memory allocated:  1.67138671875
Memory cached:  6.0
	 epoch  70 training error:  tensor(0.5990, grad_fn=<ToCopyBackward0>)
Memory status after this epoch: 
Memory allocated:  1.67138671875
Memory cached:  6.0
	 epoch  80 training error:  tensor(0.5430, grad_fn=<ToCopyBackward0>)
Memory status after this epoch: 
Memory allocated:  1.67138671875
Memory cached:  6.0
	 epoch  90 training error:  tensor(0.5230, grad_fn=<ToCopyBackward0>)
Memory status after this epoch: 
Memory allocated:  1.67138671875
Memory cached:  6.0
[I 2024-03-12 16:30:40,790] Trial 92 finished with value: 0.4560225009918213 and parameters: {'log_learning_rate': -2.1259565580531468, 'log_learning_rate_D': -3.632863506512289, 'log_learning_rate_D_dagger': -1.144636852515045, 'training_batch_size': 9, 'training_p': 5, 'p_order_W': 2, 'p_order_D': 4, 'p_order_D_dagger': 3}. Best is trial 84 with value: 0.34929484128952026.
Time for this trial:  96.38212990760803
Memory status after this trial: 
Memory allocated:  2.810546875
Memory cached:  6.0
--------------------  Trial  93   --------------------
Start timing: 
Parameters: 
{'log_learning_rate': -2.035298824034181, 'log_learning_rate_D': -3.199740427568885, 'log_learning_rate_D_dagger': -1.0193241197474037, 'training_batch_size': 8, 'training_p': 5, 'p_order_W': 2, 'p_order_D': 4, 'p_order_D_dagger': 3}

	 epoch  0 training error:  tensor(69.1706, grad_fn=<ToCopyBackward0>)
Memory status after this epoch: 
Memory allocated:  1.57373046875
Memory cached:  6.0
	 epoch  10 training error:  tensor(3.9670, grad_fn=<ToCopyBackward0>)
Memory status after this epoch: 
Memory allocated:  1.57373046875
Memory cached:  6.0
	 epoch  20 training error:  tensor(0.5395, grad_fn=<ToCopyBackward0>)
Memory status after this epoch: 
Memory allocated:  1.57373046875
Memory cached:  6.0
	 epoch  30 training error:  tensor(0.5266, grad_fn=<ToCopyBackward0>)
Memory status after this epoch: 
Memory allocated:  1.57373046875
Memory cached:  6.0
	 epoch  40 training error:  tensor(0.5002, grad_fn=<ToCopyBackward0>)
Memory status after this epoch: 
Memory allocated:  1.57373046875
Memory cached:  6.0
	 epoch  50 training error:  tensor(0.4772, grad_fn=<ToCopyBackward0>)
Memory status after this epoch: 
Memory allocated:  1.57373046875
Memory cached:  6.0
	 epoch  60 training error:  tensor(0.4721, grad_fn=<ToCopyBackward0>)
Memory status after this epoch: 
Memory allocated:  1.57373046875
Memory cached:  6.0
	 epoch  70 training error:  tensor(0.4706, grad_fn=<ToCopyBackward0>)
Memory status after this epoch: 
Memory allocated:  1.57373046875
Memory cached:  6.0
	 epoch  80 training error:  tensor(0.4689, grad_fn=<ToCopyBackward0>)
Memory status after this epoch: 
Memory allocated:  1.57373046875
Memory cached:  6.0
	 epoch  90 training error:  tensor(0.4685, grad_fn=<ToCopyBackward0>)
Memory status after this epoch: 
Memory allocated:  1.57373046875
Memory cached:  6.0
