[I 2024-01-10 20:31:34,940] Trial 58 finished with value: 0.22353120148181915 and parameters: {'W_layers': 3, 'W_layer_units_exponent_0': 9, 'W_layer_units_exponent_1': 5, 'W_layer_units_exponent_2': 4, 'D_layers': 2, 'D_layer_units_exponent_0': 10, 'D_layer_units_exponent_1': 5, 'D_dagger_layers': 2, 'D_dagger_layer_units_exponent_0': 10, 'D_dagger_layer_units_exponent_1': 6, 'log_learning_rate': -3.7739725171974627, 'log_learning_rate_D': -2.813533155804794, 'log_learning_rate_D_dagger': -1.8694319961725672, 'training_batch_size': 6, 'training_p': 2}. Best is trial 52 with value: 0.08483626693487167.
Time for this trial:  328.2989523410797
Memory status after this trial: 
Memory allocated:  637.421875
Memory cached:  640.0
--------------------  Trial  59   --------------------
Start timing: 
Parameters: 
{'W_layers': 3, 'W_layer_units_exponent_0': 9, 'W_layer_units_exponent_1': 4, 'W_layer_units_exponent_2': 6, 'D_layers': 2, 'D_layer_units_exponent_0': 9, 'D_layer_units_exponent_1': 5, 'D_dagger_layers': 2, 'D_dagger_layer_units_exponent_0': 10, 'D_dagger_layer_units_exponent_1': 6, 'log_learning_rate': -3.8937525089972302, 'log_learning_rate_D': -3.1611593081971767, 'log_learning_rate_D_dagger': -2.4066314508971995, 'training_batch_size': 6, 'training_p': 2}
	 epoch  0 training error:  tensor(3.2796, device='cuda:0', grad_fn=<DivBackward0>)
Memory status after this epoch: 
Memory allocated:  351.6435546875
Memory cached:  636.0
	 epoch  10 training error:  tensor(0.2237, device='cuda:0', grad_fn=<DivBackward0>)
Memory status after this epoch: 
Memory allocated:  351.6435546875
Memory cached:  636.0
	 epoch  20 training error:  tensor(0.1993, device='cuda:0', grad_fn=<DivBackward0>)
Memory status after this epoch: 
Memory allocated:  351.6435546875
Memory cached:  636.0
	 epoch  30 training error:  tensor(0.1934, device='cuda:0', grad_fn=<DivBackward0>)
Memory status after this epoch: 
Memory allocated:  351.6435546875
Memory cached:  636.0
	 epoch  40 training error:  tensor(0.1972, device='cuda:0', grad_fn=<DivBackward0>)
Memory status after this epoch: 
Memory allocated:  351.6435546875
Memory cached:  636.0
	 epoch  50 training error:  tensor(0.1937, device='cuda:0', grad_fn=<DivBackward0>)
Memory status after this epoch: 
Memory allocated:  351.6435546875
Memory cached:  636.0
	 epoch  60 training error:  tensor(0.1876, device='cuda:0', grad_fn=<DivBackward0>)
Memory status after this epoch: 
Memory allocated:  351.6435546875
Memory cached:  636.0
	 epoch  70 training error:  tensor(0.1818, device='cuda:0', grad_fn=<DivBackward0>)
Memory status after this epoch: 
Memory allocated:  351.6435546875
Memory cached:  636.0
	 epoch  80 training error:  tensor(0.1837, device='cuda:0', grad_fn=<DivBackward0>)
Memory status after this epoch: 
Memory allocated:  351.6435546875
Memory cached:  636.0
	 epoch  90 training error:  tensor(0.1917, device='cuda:0', grad_fn=<DivBackward0>)
Memory status after this epoch: 
Memory allocated:  351.6435546875
Memory cached:  636.0
[I 2024-01-10 20:36:59,099] Trial 59 finished with value: 0.2147311270236969 and parameters: {'W_layers': 3, 'W_layer_units_exponent_0': 9, 'W_layer_units_exponent_1': 4, 'W_layer_units_exponent_2': 6, 'D_layers': 2, 'D_layer_units_exponent_0': 9, 'D_layer_units_exponent_1': 5, 'D_dagger_layers': 2, 'D_dagger_layer_units_exponent_0': 10, 'D_dagger_layer_units_exponent_1': 6, 'log_learning_rate': -3.8937525089972302, 'log_learning_rate_D': -3.1611593081971767, 'log_learning_rate_D_dagger': -2.4066314508971995, 'training_batch_size': 6, 'training_p': 2}. Best is trial 52 with value: 0.08483626693487167.
Time for this trial:  323.84101152420044
Memory status after this trial: 
Memory allocated:  585.775390625
Memory cached:  636.0
--------------------  Trial  60   --------------------
Start timing: 
Parameters: 
{'W_layers': 3, 'W_layer_units_exponent_0': 10, 'W_layer_units_exponent_1': 5, 'W_layer_units_exponent_2': 5, 'D_layers': 3, 'D_layer_units_exponent_0': 10, 'D_layer_units_exponent_1': 4, 'D_layer_units_exponent_2': 7, 'D_dagger_layers': 2, 'D_dagger_layer_units_exponent_0': 9, 'D_dagger_layer_units_exponent_1': 5, 'log_learning_rate': -3.7165286771460266, 'log_learning_rate_D': -3.5968515100611116, 'log_learning_rate_D_dagger': -2.499199864367092, 'training_batch_size': 6, 'training_p': 2}
	 epoch  0 training error:  tensor(1.0880, device='cuda:0', grad_fn=<DivBackward0>)
Memory status after this epoch: 
Memory allocated:  351.3095703125
Memory cached:  636.0
	 epoch  10 training error:  tensor(0.2142, device='cuda:0', grad_fn=<DivBackward0>)
Memory status after this epoch: 
Memory allocated:  351.3095703125
Memory cached:  638.0
	 epoch  20 training error:  tensor(0.2090, device='cuda:0', grad_fn=<DivBackward0>)
Memory status after this epoch: 
Memory allocated:  351.3095703125
Memory cached:  636.0
	 epoch  30 training error:  tensor(0.2199, device='cuda:0', grad_fn=<DivBackward0>)
Memory status after this epoch: 
Memory allocated:  351.3095703125
Memory cached:  636.0
	 epoch  40 training error:  tensor(0.1986, device='cuda:0', grad_fn=<DivBackward0>)
Memory status after this epoch: 
Memory allocated:  351.3095703125
Memory cached:  636.0
	 epoch  50 training error:  tensor(0.1990, device='cuda:0', grad_fn=<DivBackward0>)
Memory status after this epoch: 
Memory allocated:  351.3095703125
Memory cached:  636.0
	 epoch  60 training error:  tensor(0.1865, device='cuda:0', grad_fn=<DivBackward0>)
Memory status after this epoch: 
Memory allocated:  351.3095703125
Memory cached:  636.0
	 epoch  70 training error:  tensor(0.1869, device='cuda:0', grad_fn=<DivBackward0>)
Memory status after this epoch: 
Memory allocated:  351.3095703125
Memory cached:  636.0
	 epoch  80 training error:  tensor(0.1786, device='cuda:0', grad_fn=<DivBackward0>)
Memory status after this epoch: 
Memory allocated:  351.3095703125
Memory cached:  636.0
	 epoch  90 training error:  tensor(0.2261, device='cuda:0', grad_fn=<DivBackward0>)
Memory status after this epoch: 
Memory allocated:  351.3095703125
Memory cached:  636.0
[I 2024-01-10 20:42:52,816] Trial 60 finished with value: 0.1735878437757492 and parameters: {'W_layers': 3, 'W_layer_units_exponent_0': 10, 'W_layer_units_exponent_1': 5, 'W_layer_units_exponent_2': 5, 'D_layers': 3, 'D_layer_units_exponent_0': 10, 'D_layer_units_exponent_1': 4, 'D_layer_units_exponent_2': 7, 'D_dagger_layers': 2, 'D_dagger_layer_units_exponent_0': 9, 'D_dagger_layer_units_exponent_1': 5, 'log_learning_rate': -3.7165286771460266, 'log_learning_rate_D': -3.5968515100611116, 'log_learning_rate_D_dagger': -2.499199864367092, 'training_batch_size': 6, 'training_p': 2}. Best is trial 52 with value: 0.08483626693487167.
Time for this trial:  353.38463521003723
Memory status after this trial: 
Memory allocated:  645.99169921875
Memory cached:  648.0
--------------------  Trial  61   --------------------
Start timing: 
Parameters: 
{'W_layers': 3, 'W_layer_units_exponent_0': 10, 'W_layer_units_exponent_1': 5, 'W_layer_units_exponent_2': 5, 'D_layers': 3, 'D_layer_units_exponent_0': 10, 'D_layer_units_exponent_1': 4, 'D_layer_units_exponent_2': 8, 'D_dagger_layers': 2, 'D_dagger_layer_units_exponent_0': 10, 'D_dagger_layer_units_exponent_1': 4, 'log_learning_rate': -3.4037573856897847, 'log_learning_rate_D': -3.5652057407307836, 'log_learning_rate_D_dagger': -2.4894336175077765, 'training_batch_size': 6, 'training_p': 2}
	 epoch  0 training error:  tensor(1.2518, device='cuda:0', grad_fn=<DivBackward0>)
Memory status after this epoch: 
Memory allocated:  351.3681640625
Memory cached:  640.0
	 epoch  10 training error:  tensor(0.2274, device='cuda:0', grad_fn=<DivBackward0>)
Memory status after this epoch: 
Memory allocated:  351.3681640625
Memory cached:  638.0
	 epoch  20 training error:  tensor(0.2263, device='cuda:0', grad_fn=<DivBackward0>)
Memory status after this epoch: 
Memory allocated:  351.3681640625
Memory cached:  638.0
	 epoch  30 training error:  tensor(0.2274, device='cuda:0', grad_fn=<DivBackward0>)
Memory status after this epoch: 
Memory allocated:  351.3681640625
Memory cached:  638.0
	 epoch  40 training error:  tensor(0.2235, device='cuda:0', grad_fn=<DivBackward0>)
Memory status after this epoch: 
Memory allocated:  351.3681640625
Memory cached:  638.0
	 epoch  50 training error:  tensor(0.2047, device='cuda:0', grad_fn=<DivBackward0>)
Memory status after this epoch: 
Memory allocated:  351.3681640625
Memory cached:  638.0
	 epoch  60 training error:  tensor(0.2007, device='cuda:0', grad_fn=<DivBackward0>)
Memory status after this epoch: 
Memory allocated:  351.3681640625
Memory cached:  638.0
	 epoch  70 training error:  tensor(0.2132, device='cuda:0', grad_fn=<DivBackward0>)
Memory status after this epoch: 
Memory allocated:  351.3681640625
Memory cached:  638.0
	 epoch  80 training error:  tensor(0.1972, device='cuda:0', grad_fn=<DivBackward0>)
Memory status after this epoch: 
Memory allocated:  351.3681640625
Memory cached:  638.0
	 epoch  90 training error:  tensor(0.1891, device='cuda:0', grad_fn=<DivBackward0>)
Memory status after this epoch: 
Memory allocated:  351.3681640625
Memory cached:  638.0
[I 2024-01-10 20:48:51,020] Trial 61 finished with value: 0.21539175510406494 and parameters: {'W_layers': 3, 'W_layer_units_exponent_0': 10, 'W_layer_units_exponent_1': 5, 'W_layer_units_exponent_2': 5, 'D_layers': 3, 'D_layer_units_exponent_0': 10, 'D_layer_units_exponent_1': 4, 'D_layer_units_exponent_2': 8, 'D_dagger_layers': 2, 'D_dagger_layer_units_exponent_0': 10, 'D_dagger_layer_units_exponent_1': 4, 'log_learning_rate': -3.4037573856897847, 'log_learning_rate_D': -3.5652057407307836, 'log_learning_rate_D_dagger': -2.4894336175077765, 'training_batch_size': 6, 'training_p': 2}. Best is trial 52 with value: 0.08483626693487167.
Time for this trial:  357.87498211860657
Memory status after this trial: 
Memory allocated:  710.84521484375
Memory cached:  712.0
--------------------  Trial  62   --------------------
Start timing: 
Parameters: 
{'W_layers': 3, 'W_layer_units_exponent_0': 10, 'W_layer_units_exponent_1': 4, 'W_layer_units_exponent_2': 5, 'D_layers': 2, 'D_layer_units_exponent_0': 10, 'D_layer_units_exponent_1': 4, 'D_dagger_layers': 2, 'D_dagger_layer_units_exponent_0': 10, 'D_dagger_layer_units_exponent_1': 5, 'log_learning_rate': -3.725566975063327, 'log_learning_rate_D': -3.1566790214648814, 'log_learning_rate_D_dagger': -2.71397217097619, 'training_batch_size': 7, 'training_p': 2}
	 epoch  0 training error:  tensor(1.0236, device='cuda:0', grad_fn=<DivBackward0>)
Memory status after this epoch: 
Memory allocated:  351.2421875
Memory cached:  636.0
	 epoch  10 training error:  tensor(0.3436, device='cuda:0', grad_fn=<DivBackward0>)
Memory status after this epoch: 
Memory allocated:  351.2421875
Memory cached:  636.0
	 epoch  20 training error:  tensor(0.2148, device='cuda:0', grad_fn=<DivBackward0>)
Memory status after this epoch: 
Memory allocated:  351.2421875
Memory cached:  636.0
	 epoch  30 training error:  tensor(0.2032, device='cuda:0', grad_fn=<DivBackward0>)
Memory status after this epoch: 
Memory allocated:  351.2421875
Memory cached:  636.0
	 epoch  40 training error:  tensor(0.1950, device='cuda:0', grad_fn=<DivBackward0>)
Memory status after this epoch: 
Memory allocated:  351.2421875
Memory cached:  636.0
	 epoch  50 training error:  tensor(0.1883, device='cuda:0', grad_fn=<DivBackward0>)
Memory status after this epoch: 
Memory allocated:  351.2421875
Memory cached:  636.0
	 epoch  60 training error:  tensor(0.1942, device='cuda:0', grad_fn=<DivBackward0>)
Memory status after this epoch: 
Memory allocated:  351.2421875
Memory cached:  636.0
	 epoch  70 training error:  tensor(0.1964, device='cuda:0', grad_fn=<DivBackward0>)
Memory status after this epoch: 
Memory allocated:  351.2421875
Memory cached:  636.0
	 epoch  80 training error:  tensor(0.1883, device='cuda:0', grad_fn=<DivBackward0>)
Memory status after this epoch: 
Memory allocated:  351.2421875
Memory cached:  636.0
	 epoch  90 training error:  tensor(0.1894, device='cuda:0', grad_fn=<DivBackward0>)
Memory status after this epoch: 
Memory allocated:  351.2421875
Memory cached:  636.0
[I 2024-01-10 20:53:03,385] Trial 62 finished with value: 0.2047908753156662 and parameters: {'W_layers': 3, 'W_layer_units_exponent_0': 10, 'W_layer_units_exponent_1': 4, 'W_layer_units_exponent_2': 5, 'D_layers': 2, 'D_layer_units_exponent_0': 10, 'D_layer_units_exponent_1': 4, 'D_dagger_layers': 2, 'D_dagger_layer_units_exponent_0': 10, 'D_dagger_layer_units_exponent_1': 5, 'log_learning_rate': -3.725566975063327, 'log_learning_rate_D': -3.1566790214648814, 'log_learning_rate_D_dagger': -2.71397217097619, 'training_batch_size': 7, 'training_p': 2}. Best is trial 52 with value: 0.08483626693487167.
Time for this trial:  252.05387330055237
Memory status after this trial: 
Memory allocated:  687.068359375
Memory cached:  708.0
--------------------  Trial  63   --------------------
Start timing: 
Parameters: 
{'W_layers': 4, 'W_layer_units_exponent_0': 10, 'W_layer_units_exponent_1': 5, 'W_layer_units_exponent_2': 4, 'W_layer_units_exponent_3': 6, 'D_layers': 3, 'D_layer_units_exponent_0': 10, 'D_layer_units_exponent_1': 4, 'D_layer_units_exponent_2': 7, 'D_dagger_layers': 3, 'D_dagger_layer_units_exponent_0': 9, 'D_dagger_layer_units_exponent_1': 5, 'D_dagger_layer_units_exponent_2': 4, 'log_learning_rate': -3.9172832368131982, 'log_learning_rate_D': -2.988300847996568, 'log_learning_rate_D_dagger': -2.5021510629980575, 'training_batch_size': 6, 'training_p': 2}
	 epoch  0 training error:  tensor(0.6297, device='cuda:0', grad_fn=<DivBackward0>)
Memory status after this epoch: 
Memory allocated:  351.3291015625
Memory cached:  638.0
	 epoch  10 training error:  tensor(0.1981, device='cuda:0', grad_fn=<DivBackward0>)
Memory status after this epoch: 
Memory allocated:  351.3291015625
Memory cached:  638.0
	 epoch  20 training error:  tensor(0.1868, device='cuda:0', grad_fn=<DivBackward0>)
Memory status after this epoch: 
Memory allocated:  351.3291015625
Memory cached:  638.0
	 epoch  30 training error:  tensor(0.1840, device='cuda:0', grad_fn=<DivBackward0>)
Memory status after this epoch: 
Memory allocated:  351.3291015625
Memory cached:  638.0
	 epoch  40 training error:  tensor(0.1858, device='cuda:0', grad_fn=<DivBackward0>)
Memory status after this epoch: 
Memory allocated:  351.3291015625
Memory cached:  638.0
	 epoch  50 training error:  tensor(0.1994, device='cuda:0', grad_fn=<DivBackward0>)
Memory status after this epoch: 
Memory allocated:  351.3291015625
Memory cached:  638.0
	 epoch  60 training error:  tensor(0.1952, device='cuda:0', grad_fn=<DivBackward0>)
Memory status after this epoch: 
Memory allocated:  351.3291015625
Memory cached:  638.0
	 epoch  70 training error:  tensor(0.1939, device='cuda:0', grad_fn=<DivBackward0>)
Memory status after this epoch: 
Memory allocated:  351.3291015625
Memory cached:  638.0
	 epoch  80 training error:  tensor(0.1880, device='cuda:0', grad_fn=<DivBackward0>)
Memory status after this epoch: 
Memory allocated:  351.3291015625
Memory cached:  638.0
	 epoch  90 training error:  tensor(0.1561, device='cuda:0', grad_fn=<DivBackward0>)
Memory status after this epoch: 
Memory allocated:  351.3291015625
Memory cached:  638.0
[I 2024-01-10 20:59:41,358] Trial 63 finished with value: 0.14929966628551483 and parameters: {'W_layers': 4, 'W_layer_units_exponent_0': 10, 'W_layer_units_exponent_1': 5, 'W_layer_units_exponent_2': 4, 'W_layer_units_exponent_3': 6, 'D_layers': 3, 'D_layer_units_exponent_0': 10, 'D_layer_units_exponent_1': 4, 'D_layer_units_exponent_2': 7, 'D_dagger_layers': 3, 'D_dagger_layer_units_exponent_0': 9, 'D_dagger_layer_units_exponent_1': 5, 'D_dagger_layer_units_exponent_2': 4, 'log_learning_rate': -3.9172832368131982, 'log_learning_rate_D': -2.988300847996568, 'log_learning_rate_D_dagger': -2.5021510629980575, 'training_batch_size': 6, 'training_p': 2}. Best is trial 52 with value: 0.08483626693487167.
Time for this trial:  397.5643537044525
Memory status after this trial: 
Memory allocated:  652.59326171875
Memory cached:  654.0
--------------------  Trial  64   --------------------
Start timing: 
Parameters: 
{'W_layers': 4, 'W_layer_units_exponent_0': 10, 'W_layer_units_exponent_1': 5, 'W_layer_units_exponent_2': 4, 'W_layer_units_exponent_3': 6, 'D_layers': 3, 'D_layer_units_exponent_0': 10, 'D_layer_units_exponent_1': 5, 'D_layer_units_exponent_2': 7, 'D_dagger_layers': 3, 'D_dagger_layer_units_exponent_0': 9, 'D_dagger_layer_units_exponent_1': 5, 'D_dagger_layer_units_exponent_2': 4, 'log_learning_rate': -3.674114625635895, 'log_learning_rate_D': -3.006009638789524, 'log_learning_rate_D_dagger': -2.258866317798472, 'training_batch_size': 6, 'training_p': 2}
	 epoch  0 training error:  tensor(0.5467, device='cuda:0', grad_fn=<DivBackward0>)
Memory status after this epoch: 
Memory allocated:  351.6103515625
Memory cached:  636.0
	 epoch  10 training error:  tensor(0.2030, device='cuda:0', grad_fn=<DivBackward0>)
Memory status after this epoch: 
Memory allocated:  351.6103515625
Memory cached:  636.0
	 epoch  20 training error:  tensor(0.2045, device='cuda:0', grad_fn=<DivBackward0>)
Memory status after this epoch: 
Memory allocated:  351.6103515625
Memory cached:  636.0
	 epoch  30 training error:  tensor(0.1991, device='cuda:0', grad_fn=<DivBackward0>)
Memory status after this epoch: 
Memory allocated:  351.6103515625
Memory cached:  636.0
	 epoch  40 training error:  tensor(0.1862, device='cuda:0', grad_fn=<DivBackward0>)
Memory status after this epoch: 
Memory allocated:  351.6103515625
Memory cached:  636.0
	 epoch  50 training error:  tensor(0.1760, device='cuda:0', grad_fn=<DivBackward0>)
Memory status after this epoch: 
Memory allocated:  351.6103515625
Memory cached:  636.0
	 epoch  60 training error:  tensor(0.1575, device='cuda:0', grad_fn=<DivBackward0>)
Memory status after this epoch: 
Memory allocated:  351.6103515625
Memory cached:  636.0
	 epoch  70 training error:  tensor(0.1358, device='cuda:0', grad_fn=<DivBackward0>)
Memory status after this epoch: 
Memory allocated:  351.6103515625
Memory cached:  636.0
	 epoch  80 training error:  tensor(0.1536, device='cuda:0', grad_fn=<DivBackward0>)
Memory status after this epoch: 
Memory allocated:  351.6103515625
Memory cached:  636.0
	 epoch  90 training error:  tensor(0.1377, device='cuda:0', grad_fn=<DivBackward0>)
Memory status after this epoch: 
Memory allocated:  351.6103515625
Memory cached:  636.0
[I 2024-01-10 21:06:18,219] Trial 64 finished with value: 0.14258360862731934 and parameters: {'W_layers': 4, 'W_layer_units_exponent_0': 10, 'W_layer_units_exponent_1': 5, 'W_layer_units_exponent_2': 4, 'W_layer_units_exponent_3': 6, 'D_layers': 3, 'D_layer_units_exponent_0': 10, 'D_layer_units_exponent_1': 5, 'D_layer_units_exponent_2': 7, 'D_dagger_layers': 3, 'D_dagger_layer_units_exponent_0': 9, 'D_dagger_layer_units_exponent_1': 5, 'D_dagger_layer_units_exponent_2': 4, 'log_learning_rate': -3.674114625635895, 'log_learning_rate_D': -3.006009638789524, 'log_learning_rate_D_dagger': -2.258866317798472, 'training_batch_size': 6, 'training_p': 2}. Best is trial 52 with value: 0.08483626693487167.
Time for this trial:  396.4856355190277
Memory status after this trial: 
Memory allocated:  654.42578125
Memory cached:  656.0
--------------------  Trial  65   --------------------
Start timing: 
Parameters: 
{'W_layers': 4, 'W_layer_units_exponent_0': 9, 'W_layer_units_exponent_1': 4, 'W_layer_units_exponent_2': 4, 'W_layer_units_exponent_3': 6, 'D_layers': 3, 'D_layer_units_exponent_0': 10, 'D_layer_units_exponent_1': 5, 'D_layer_units_exponent_2': 7, 'D_dagger_layers': 3, 'D_dagger_layer_units_exponent_0': 9, 'D_dagger_layer_units_exponent_1': 5, 'D_dagger_layer_units_exponent_2': 4, 'log_learning_rate': -3.9052066143515916, 'log_learning_rate_D': -2.966063561517814, 'log_learning_rate_D_dagger': -2.2359595951392794, 'training_batch_size': 6, 'training_p': 2}
	 epoch  0 training error:  tensor(0.6309, device='cuda:0', grad_fn=<DivBackward0>)
Memory status after this epoch: 
Memory allocated:  351.2158203125
Memory cached:  638.0
	 epoch  10 training error:  tensor(0.2044, device='cuda:0', grad_fn=<DivBackward0>)
Memory status after this epoch: 
Memory allocated:  351.2158203125
Memory cached:  636.0
	 epoch  20 training error:  tensor(0.1932, device='cuda:0', grad_fn=<DivBackward0>)
Memory status after this epoch: 
Memory allocated:  351.2158203125
Memory cached:  636.0
	 epoch  30 training error:  tensor(0.1840, device='cuda:0', grad_fn=<DivBackward0>)
Memory status after this epoch: 
Memory allocated:  351.2158203125
Memory cached:  636.0
	 epoch  40 training error:  tensor(0.1774, device='cuda:0', grad_fn=<DivBackward0>)
Memory status after this epoch: 
Memory allocated:  351.2158203125
Memory cached:  636.0
	 epoch  50 training error:  tensor(0.1943, device='cuda:0', grad_fn=<DivBackward0>)
Memory status after this epoch: 
Memory allocated:  351.2158203125
Memory cached:  636.0
	 epoch  60 training error:  tensor(0.1166, device='cuda:0', grad_fn=<DivBackward0>)
Memory status after this epoch: 
Memory allocated:  351.2158203125
Memory cached:  636.0
	 epoch  70 training error:  tensor(0.1280, device='cuda:0', grad_fn=<DivBackward0>)
Memory status after this epoch: 
Memory allocated:  351.2158203125
Memory cached:  636.0
	 epoch  80 training error:  tensor(0.1096, device='cuda:0', grad_fn=<DivBackward0>)
Memory status after this epoch: 
Memory allocated:  351.2158203125
Memory cached:  636.0
	 epoch  90 training error:  tensor(0.1360, device='cuda:0', grad_fn=<DivBackward0>)
Memory status after this epoch: 
Memory allocated:  351.2158203125
Memory cached:  636.0
