[I 2024-02-17 16:16:14,175] Trial 149 finished with value: 0.2383776754140854 and parameters: {'W_layers': 2, 'W_layer_units_exponent_0': 10, 'W_layer_units_exponent_1': 4, 'D_layers': 6, 'D_layer_units_exponent_0': 8, 'D_layer_units_exponent_1': 7, 'D_layer_units_exponent_2': 9, 'D_layer_units_exponent_3': 7, 'D_layer_units_exponent_4': 5, 'D_layer_units_exponent_5': 5, 'D_dagger_layers': 4, 'D_dagger_layer_units_exponent_0': 5, 'D_dagger_layer_units_exponent_1': 5, 'D_dagger_layer_units_exponent_2': 5, 'D_dagger_layer_units_exponent_3': 8, 'log_learning_rate': -4.1235546499663815, 'log_learning_rate_D': -3.338135770946697, 'log_learning_rate_D_dagger': -2.245180533711058, 'training_batch_size': 6, 'training_p': 4}. Best is trial 45 with value: 0.03961218520998955.
Time for this trial:  720.2451846599579
Memory status after this trial: 
Memory allocated:  1274.14794921875
Memory cached:  1330.0
--------------------  Trial  150   --------------------
Start timing: 
Parameters: 
{'W_layers': 2, 'W_layer_units_exponent_0': 10, 'W_layer_units_exponent_1': 4, 'D_layers': 6, 'D_layer_units_exponent_0': 8, 'D_layer_units_exponent_1': 7, 'D_layer_units_exponent_2': 8, 'D_layer_units_exponent_3': 8, 'D_layer_units_exponent_4': 6, 'D_layer_units_exponent_5': 6, 'D_dagger_layers': 4, 'D_dagger_layer_units_exponent_0': 6, 'D_dagger_layer_units_exponent_1': 8, 'D_dagger_layer_units_exponent_2': 9, 'D_dagger_layer_units_exponent_3': 6, 'log_learning_rate': -3.968022040523616, 'log_learning_rate_D': -3.095433305991498, 'log_learning_rate_D_dagger': -2.346880707340067, 'training_batch_size': 7, 'training_p': 6}
	 epoch  0 training error:  tensor(1.2763, device='cuda:0', grad_fn=<DivBackward0>)
Memory status after this epoch: 
Memory allocated:  759.2763671875
Memory cached:  1332.0
	 epoch  10 training error:  tensor(0.5311, device='cuda:0', grad_fn=<DivBackward0>)
Memory status after this epoch: 
Memory allocated:  759.2763671875
Memory cached:  1332.0
	 epoch  20 training error:  tensor(0.5017, device='cuda:0', grad_fn=<DivBackward0>)
Memory status after this epoch: 
Memory allocated:  759.2763671875
Memory cached:  1332.0
	 epoch  30 training error:  tensor(0.4955, device='cuda:0', grad_fn=<DivBackward0>)
Memory status after this epoch: 
Memory allocated:  759.2763671875
Memory cached:  1332.0
	 epoch  40 training error:  tensor(0.4891, device='cuda:0', grad_fn=<DivBackward0>)
Memory status after this epoch: 
Memory allocated:  759.2763671875
Memory cached:  1332.0
	 epoch  50 training error:  tensor(0.4444, device='cuda:0', grad_fn=<DivBackward0>)
Memory status after this epoch: 
Memory allocated:  759.2763671875
Memory cached:  1332.0
	 epoch  60 training error:  tensor(0.3442, device='cuda:0', grad_fn=<DivBackward0>)
Memory status after this epoch: 
Memory allocated:  759.2763671875
Memory cached:  1332.0
	 epoch  70 training error:  tensor(0.2584, device='cuda:0', grad_fn=<DivBackward0>)
Memory status after this epoch: 
Memory allocated:  759.2763671875
Memory cached:  1332.0
	 epoch  80 training error:  tensor(0.2537, device='cuda:0', grad_fn=<DivBackward0>)
Memory status after this epoch: 
Memory allocated:  759.2763671875
Memory cached:  1332.0
	 epoch  90 training error:  tensor(0.1571, device='cuda:0', grad_fn=<DivBackward0>)
Memory status after this epoch: 
Memory allocated:  759.2763671875
Memory cached:  1332.0
[I 2024-02-17 16:24:00,132] Trial 150 finished with value: 0.2029191553592682 and parameters: {'W_layers': 2, 'W_layer_units_exponent_0': 10, 'W_layer_units_exponent_1': 4, 'D_layers': 6, 'D_layer_units_exponent_0': 8, 'D_layer_units_exponent_1': 7, 'D_layer_units_exponent_2': 8, 'D_layer_units_exponent_3': 8, 'D_layer_units_exponent_4': 6, 'D_layer_units_exponent_5': 6, 'D_dagger_layers': 4, 'D_dagger_layer_units_exponent_0': 6, 'D_dagger_layer_units_exponent_1': 8, 'D_dagger_layer_units_exponent_2': 9, 'D_dagger_layer_units_exponent_3': 6, 'log_learning_rate': -3.968022040523616, 'log_learning_rate_D': -3.095433305991498, 'log_learning_rate_D_dagger': -2.346880707340067, 'training_batch_size': 7, 'training_p': 6}. Best is trial 45 with value: 0.03961218520998955.
Time for this trial:  465.4143977165222
Memory status after this trial: 
Memory allocated:  1382.78173828125
Memory cached:  1390.0
--------------------  Trial  151   --------------------
Start timing: 
Parameters: 
{'W_layers': 2, 'W_layer_units_exponent_0': 10, 'W_layer_units_exponent_1': 4, 'D_layers': 6, 'D_layer_units_exponent_0': 8, 'D_layer_units_exponent_1': 7, 'D_layer_units_exponent_2': 9, 'D_layer_units_exponent_3': 7, 'D_layer_units_exponent_4': 7, 'D_layer_units_exponent_5': 7, 'D_dagger_layers': 4, 'D_dagger_layer_units_exponent_0': 5, 'D_dagger_layer_units_exponent_1': 9, 'D_dagger_layer_units_exponent_2': 8, 'D_dagger_layer_units_exponent_3': 7, 'log_learning_rate': -4.224442826910871, 'log_learning_rate_D': -3.222513475888549, 'log_learning_rate_D_dagger': -2.0430493790638815, 'training_batch_size': 6, 'training_p': 5}
	 epoch  0 training error:  tensor(2.9652, device='cuda:0', grad_fn=<DivBackward0>)
Memory status after this epoch: 
Memory allocated:  760.0654296875
Memory cached:  1330.0
	 epoch  10 training error:  tensor(0.4732, device='cuda:0', grad_fn=<DivBackward0>)
Memory status after this epoch: 
Memory allocated:  760.0654296875
Memory cached:  1330.0
	 epoch  20 training error:  tensor(0.4737, device='cuda:0', grad_fn=<DivBackward0>)
Memory status after this epoch: 
Memory allocated:  760.0654296875
Memory cached:  1330.0
	 epoch  30 training error:  tensor(0.4706, device='cuda:0', grad_fn=<DivBackward0>)
Memory status after this epoch: 
Memory allocated:  760.0654296875
Memory cached:  1330.0
	 epoch  40 training error:  tensor(0.4604, device='cuda:0', grad_fn=<DivBackward0>)
Memory status after this epoch: 
Memory allocated:  760.0654296875
Memory cached:  1330.0
	 epoch  50 training error:  tensor(0.4599, device='cuda:0', grad_fn=<DivBackward0>)
Memory status after this epoch: 
Memory allocated:  760.0654296875
Memory cached:  1330.0
	 epoch  60 training error:  tensor(0.4618, device='cuda:0', grad_fn=<DivBackward0>)
Memory status after this epoch: 
Memory allocated:  760.0654296875
Memory cached:  1330.0
	 epoch  70 training error:  tensor(0.4586, device='cuda:0', grad_fn=<DivBackward0>)
Memory status after this epoch: 
Memory allocated:  760.0654296875
Memory cached:  1330.0
	 epoch  80 training error:  tensor(0.4637, device='cuda:0', grad_fn=<DivBackward0>)
Memory status after this epoch: 
Memory allocated:  760.0654296875
Memory cached:  1330.0
	 epoch  90 training error:  tensor(0.4965, device='cuda:0', grad_fn=<DivBackward0>)
Memory status after this epoch: 
Memory allocated:  760.0654296875
Memory cached:  1330.0
[I 2024-02-17 16:36:04,031] Trial 151 finished with value: 0.3843153417110443 and parameters: {'W_layers': 2, 'W_layer_units_exponent_0': 10, 'W_layer_units_exponent_1': 4, 'D_layers': 6, 'D_layer_units_exponent_0': 8, 'D_layer_units_exponent_1': 7, 'D_layer_units_exponent_2': 9, 'D_layer_units_exponent_3': 7, 'D_layer_units_exponent_4': 7, 'D_layer_units_exponent_5': 7, 'D_dagger_layers': 4, 'D_dagger_layer_units_exponent_0': 5, 'D_dagger_layer_units_exponent_1': 9, 'D_dagger_layer_units_exponent_2': 8, 'D_dagger_layer_units_exponent_3': 7, 'log_learning_rate': -4.224442826910871, 'log_learning_rate_D': -3.222513475888549, 'log_learning_rate_D_dagger': -2.0430493790638815, 'training_batch_size': 6, 'training_p': 5}. Best is trial 45 with value: 0.03961218520998955.
Time for this trial:  723.437751531601
Memory status after this trial: 
Memory allocated:  1440.31591796875
Memory cached:  1448.0
--------------------  Trial  152   --------------------
Start timing: 
Parameters: 
{'W_layers': 2, 'W_layer_units_exponent_0': 5, 'W_layer_units_exponent_1': 5, 'D_layers': 5, 'D_layer_units_exponent_0': 8, 'D_layer_units_exponent_1': 8, 'D_layer_units_exponent_2': 9, 'D_layer_units_exponent_3': 7, 'D_layer_units_exponent_4': 6, 'D_dagger_layers': 5, 'D_dagger_layer_units_exponent_0': 6, 'D_dagger_layer_units_exponent_1': 9, 'D_dagger_layer_units_exponent_2': 8, 'D_dagger_layer_units_exponent_3': 7, 'D_dagger_layer_units_exponent_4': 7, 'log_learning_rate': -4.491066428667991, 'log_learning_rate_D': -3.506710682237646, 'log_learning_rate_D_dagger': -2.4397886725683935, 'training_batch_size': 6, 'training_p': 4}
	 epoch  0 training error:  tensor(0.7776, device='cuda:0', grad_fn=<DivBackward0>)
Memory status after this epoch: 
Memory allocated:  761.4306640625
Memory cached:  1330.0
	 epoch  10 training error:  tensor(0.4140, device='cuda:0', grad_fn=<DivBackward0>)
Memory status after this epoch: 
Memory allocated:  761.4306640625
Memory cached:  1330.0
	 epoch  20 training error:  tensor(0.4434, device='cuda:0', grad_fn=<DivBackward0>)
Memory status after this epoch: 
Memory allocated:  761.4306640625
Memory cached:  1330.0
	 epoch  30 training error:  tensor(0.4224, device='cuda:0', grad_fn=<DivBackward0>)
Memory status after this epoch: 
Memory allocated:  761.4306640625
Memory cached:  1330.0
	 epoch  40 training error:  tensor(0.4092, device='cuda:0', grad_fn=<DivBackward0>)
Memory status after this epoch: 
Memory allocated:  761.4306640625
Memory cached:  1330.0
	 epoch  50 training error:  tensor(0.3768, device='cuda:0', grad_fn=<DivBackward0>)
Memory status after this epoch: 
Memory allocated:  761.4306640625
Memory cached:  1330.0
	 epoch  60 training error:  tensor(0.2448, device='cuda:0', grad_fn=<DivBackward0>)
Memory status after this epoch: 
Memory allocated:  761.4306640625
Memory cached:  1330.0
	 epoch  70 training error:  tensor(0.1732, device='cuda:0', grad_fn=<DivBackward0>)
Memory status after this epoch: 
Memory allocated:  761.4306640625
Memory cached:  1330.0
	 epoch  80 training error:  tensor(0.1420, device='cuda:0', grad_fn=<DivBackward0>)
Memory status after this epoch: 
Memory allocated:  761.4306640625
Memory cached:  1330.0
	 epoch  90 training error:  tensor(0.0788, device='cuda:0', grad_fn=<DivBackward0>)
Memory status after this epoch: 
Memory allocated:  761.4306640625
Memory cached:  1330.0
[I 2024-02-17 16:48:02,851] Trial 152 finished with value: 0.06722526252269745 and parameters: {'W_layers': 2, 'W_layer_units_exponent_0': 5, 'W_layer_units_exponent_1': 5, 'D_layers': 5, 'D_layer_units_exponent_0': 8, 'D_layer_units_exponent_1': 8, 'D_layer_units_exponent_2': 9, 'D_layer_units_exponent_3': 7, 'D_layer_units_exponent_4': 6, 'D_dagger_layers': 5, 'D_dagger_layer_units_exponent_0': 6, 'D_dagger_layer_units_exponent_1': 9, 'D_dagger_layer_units_exponent_2': 8, 'D_dagger_layer_units_exponent_3': 7, 'D_dagger_layer_units_exponent_4': 7, 'log_learning_rate': -4.491066428667991, 'log_learning_rate_D': -3.506710682237646, 'log_learning_rate_D_dagger': -2.4397886725683935, 'training_batch_size': 6, 'training_p': 4}. Best is trial 45 with value: 0.03961218520998955.
Time for this trial:  718.363358259201
Memory status after this trial: 
Memory allocated:  1254.59228515625
Memory cached:  1330.0
--------------------  Trial  153   --------------------
Start timing: 
Parameters: 
{'W_layers': 3, 'W_layer_units_exponent_0': 10, 'W_layer_units_exponent_1': 4, 'W_layer_units_exponent_2': 5, 'D_layers': 7, 'D_layer_units_exponent_0': 8, 'D_layer_units_exponent_1': 8, 'D_layer_units_exponent_2': 9, 'D_layer_units_exponent_3': 8, 'D_layer_units_exponent_4': 7, 'D_layer_units_exponent_5': 4, 'D_layer_units_exponent_6': 10, 'D_dagger_layers': 4, 'D_dagger_layer_units_exponent_0': 5, 'D_dagger_layer_units_exponent_1': 9, 'D_dagger_layer_units_exponent_2': 8, 'D_dagger_layer_units_exponent_3': 7, 'log_learning_rate': -3.6421651634868284, 'log_learning_rate_D': -3.739855340504018, 'log_learning_rate_D_dagger': -2.7541052188918913, 'training_batch_size': 6, 'training_p': 5}
	 epoch  0 training error:  tensor(0.6273, device='cuda:0', grad_fn=<DivBackward0>)
Memory status after this epoch: 
Memory allocated:  762.8896484375
Memory cached:  1338.0
	 epoch  10 training error:  tensor(0.4715, device='cuda:0', grad_fn=<DivBackward0>)
Memory status after this epoch: 
Memory allocated:  762.8896484375
Memory cached:  1358.0
	 epoch  20 training error:  tensor(0.4404, device='cuda:0', grad_fn=<DivBackward0>)
Memory status after this epoch: 
Memory allocated:  762.8896484375
Memory cached:  1358.0
	 epoch  30 training error:  tensor(0.3441, device='cuda:0', grad_fn=<DivBackward0>)
Memory status after this epoch: 
Memory allocated:  762.8896484375
Memory cached:  1358.0
	 epoch  40 training error:  tensor(0.2982, device='cuda:0', grad_fn=<DivBackward0>)
Memory status after this epoch: 
Memory allocated:  762.8896484375
Memory cached:  1360.0
	 epoch  50 training error:  tensor(0.2586, device='cuda:0', grad_fn=<DivBackward0>)
Memory status after this epoch: 
Memory allocated:  762.8896484375
Memory cached:  1354.0
	 epoch  60 training error:  tensor(0.2242, device='cuda:0', grad_fn=<DivBackward0>)
Memory status after this epoch: 
Memory allocated:  762.8896484375
Memory cached:  1352.0
	 epoch  70 training error:  tensor(0.1919, device='cuda:0', grad_fn=<DivBackward0>)
Memory status after this epoch: 
Memory allocated:  762.8896484375
Memory cached:  1354.0
	 epoch  80 training error:  tensor(0.1541, device='cuda:0', grad_fn=<DivBackward0>)
Memory status after this epoch: 
Memory allocated:  762.8896484375
Memory cached:  1352.0
	 epoch  90 training error:  tensor(0.1026, device='cuda:0', grad_fn=<DivBackward0>)
Memory status after this epoch: 
Memory allocated:  762.8896484375
Memory cached:  1352.0
[I 2024-02-17 17:01:40,630] Trial 153 finished with value: 0.07103096693754196 and parameters: {'W_layers': 3, 'W_layer_units_exponent_0': 10, 'W_layer_units_exponent_1': 4, 'W_layer_units_exponent_2': 5, 'D_layers': 7, 'D_layer_units_exponent_0': 8, 'D_layer_units_exponent_1': 8, 'D_layer_units_exponent_2': 9, 'D_layer_units_exponent_3': 8, 'D_layer_units_exponent_4': 7, 'D_layer_units_exponent_5': 4, 'D_layer_units_exponent_6': 10, 'D_dagger_layers': 4, 'D_dagger_layer_units_exponent_0': 5, 'D_dagger_layer_units_exponent_1': 9, 'D_dagger_layer_units_exponent_2': 8, 'D_dagger_layer_units_exponent_3': 7, 'log_learning_rate': -3.6421651634868284, 'log_learning_rate_D': -3.739855340504018, 'log_learning_rate_D_dagger': -2.7541052188918913, 'training_batch_size': 6, 'training_p': 5}. Best is trial 45 with value: 0.03961218520998955.
Time for this trial:  817.2765352725983
Memory status after this trial: 
Memory allocated:  1668.02197265625
Memory cached:  1676.0
--------------------  Trial  154   --------------------
Start timing: 
Parameters: 
{'W_layers': 2, 'W_layer_units_exponent_0': 10, 'W_layer_units_exponent_1': 4, 'D_layers': 8, 'D_layer_units_exponent_0': 8, 'D_layer_units_exponent_1': 7, 'D_layer_units_exponent_2': 10, 'D_layer_units_exponent_3': 6, 'D_layer_units_exponent_4': 5, 'D_layer_units_exponent_5': 5, 'D_layer_units_exponent_6': 5, 'D_layer_units_exponent_7': 9, 'D_dagger_layers': 4, 'D_dagger_layer_units_exponent_0': 4, 'D_dagger_layer_units_exponent_1': 9, 'D_dagger_layer_units_exponent_2': 8, 'D_dagger_layer_units_exponent_3': 7, 'log_learning_rate': -3.494391889730852, 'log_learning_rate_D': -3.919620834138007, 'log_learning_rate_D_dagger': -2.1557293197875156, 'training_batch_size': 6, 'training_p': 5}
	 epoch  0 training error:  tensor(1.6328, device='cuda:0', grad_fn=<DivBackward0>)
Memory status after this epoch: 
Memory allocated:  760.7763671875
Memory cached:  1342.0
	 epoch  10 training error:  tensor(0.4809, device='cuda:0', grad_fn=<DivBackward0>)
Memory status after this epoch: 
Memory allocated:  760.7763671875
Memory cached:  1352.0
	 epoch  20 training error:  tensor(0.4645, device='cuda:0', grad_fn=<DivBackward0>)
Memory status after this epoch: 
Memory allocated:  760.7763671875
Memory cached:  1350.0
	 epoch  30 training error:  tensor(0.4977, device='cuda:0', grad_fn=<DivBackward0>)
Memory status after this epoch: 
Memory allocated:  760.7763671875
Memory cached:  1350.0
	 epoch  40 training error:  tensor(0.4649, device='cuda:0', grad_fn=<DivBackward0>)
Memory status after this epoch: 
Memory allocated:  760.7763671875
Memory cached:  1350.0
	 epoch  50 training error:  tensor(0.4519, device='cuda:0', grad_fn=<DivBackward0>)
Memory status after this epoch: 
Memory allocated:  760.7763671875
Memory cached:  1356.0
	 epoch  60 training error:  tensor(0.4479, device='cuda:0', grad_fn=<DivBackward0>)
Memory status after this epoch: 
Memory allocated:  760.7763671875
Memory cached:  1354.0
	 epoch  70 training error:  tensor(0.4723, device='cuda:0', grad_fn=<DivBackward0>)
Memory status after this epoch: 
Memory allocated:  760.7763671875
Memory cached:  1350.0
	 epoch  80 training error:  tensor(0.4770, device='cuda:0', grad_fn=<DivBackward0>)
Memory status after this epoch: 
Memory allocated:  760.7763671875
Memory cached:  1352.0
	 epoch  90 training error:  tensor(0.4677, device='cuda:0', grad_fn=<DivBackward0>)
Memory status after this epoch: 
Memory allocated:  760.7763671875
Memory cached:  1360.0
[I 2024-02-17 17:15:02,620] Trial 154 finished with value: 0.3392798900604248 and parameters: {'W_layers': 2, 'W_layer_units_exponent_0': 10, 'W_layer_units_exponent_1': 4, 'D_layers': 8, 'D_layer_units_exponent_0': 8, 'D_layer_units_exponent_1': 7, 'D_layer_units_exponent_2': 10, 'D_layer_units_exponent_3': 6, 'D_layer_units_exponent_4': 5, 'D_layer_units_exponent_5': 5, 'D_layer_units_exponent_6': 5, 'D_layer_units_exponent_7': 9, 'D_dagger_layers': 4, 'D_dagger_layer_units_exponent_0': 4, 'D_dagger_layer_units_exponent_1': 9, 'D_dagger_layer_units_exponent_2': 8, 'D_dagger_layer_units_exponent_3': 7, 'log_learning_rate': -3.494391889730852, 'log_learning_rate_D': -3.919620834138007, 'log_learning_rate_D_dagger': -2.1557293197875156, 'training_batch_size': 6, 'training_p': 5}. Best is trial 45 with value: 0.03961218520998955.
Time for this trial:  801.369711637497
Memory status after this trial: 
Memory allocated:  1594.84130859375
Memory cached:  1602.0
--------------------  Trial  155   --------------------
Start timing: 
Parameters: 
{'W_layers': 8, 'W_layer_units_exponent_0': 10, 'W_layer_units_exponent_1': 8, 'W_layer_units_exponent_2': 5, 'W_layer_units_exponent_3': 6, 'W_layer_units_exponent_4': 8, 'W_layer_units_exponent_5': 4, 'W_layer_units_exponent_6': 6, 'W_layer_units_exponent_7': 5, 'D_layers': 6, 'D_layer_units_exponent_0': 9, 'D_layer_units_exponent_1': 7, 'D_layer_units_exponent_2': 9, 'D_layer_units_exponent_3': 7, 'D_layer_units_exponent_4': 6, 'D_layer_units_exponent_5': 6, 'D_dagger_layers': 4, 'D_dagger_layer_units_exponent_0': 8, 'D_dagger_layer_units_exponent_1': 9, 'D_dagger_layer_units_exponent_2': 4, 'D_dagger_layer_units_exponent_3': 6, 'log_learning_rate': -4.38473395816619, 'log_learning_rate_D': -3.609515502925968, 'log_learning_rate_D_dagger': -2.873506986647973, 'training_batch_size': 6, 'training_p': 5}
	 epoch  0 training error:  tensor(0.6453, device='cuda:0', grad_fn=<DivBackward0>)
Memory status after this epoch: 
Memory allocated:  763.9384765625
Memory cached:  1344.0
	 epoch  10 training error:  tensor(0.4638, device='cuda:0', grad_fn=<DivBackward0>)
Memory status after this epoch: 
Memory allocated:  763.9384765625
Memory cached:  1360.0
	 epoch  20 training error:  tensor(0.2850, device='cuda:0', grad_fn=<DivBackward0>)
Memory status after this epoch: 
Memory allocated:  763.9384765625
Memory cached:  1356.0
	 epoch  30 training error:  tensor(0.2492, device='cuda:0', grad_fn=<DivBackward0>)
Memory status after this epoch: 
Memory allocated:  763.9384765625
Memory cached:  1356.0
	 epoch  40 training error:  tensor(0.2183, device='cuda:0', grad_fn=<DivBackward0>)
Memory status after this epoch: 
Memory allocated:  763.9384765625
Memory cached:  1360.0
	 epoch  50 training error:  tensor(0.2558, device='cuda:0', grad_fn=<DivBackward0>)
Memory status after this epoch: 
Memory allocated:  763.9384765625
Memory cached:  1358.0
	 epoch  60 training error:  tensor(0.1880, device='cuda:0', grad_fn=<DivBackward0>)
Memory status after this epoch: 
Memory allocated:  763.9384765625
Memory cached:  1358.0
	 epoch  70 training error:  tensor(0.1781, device='cuda:0', grad_fn=<DivBackward0>)
Memory status after this epoch: 
Memory allocated:  763.9384765625
Memory cached:  1360.0
	 epoch  80 training error:  tensor(0.1146, device='cuda:0', grad_fn=<DivBackward0>)
Memory status after this epoch: 
Memory allocated:  763.9384765625
Memory cached:  1358.0
	 epoch  90 training error:  tensor(0.1121, device='cuda:0', grad_fn=<DivBackward0>)
Memory status after this epoch: 
Memory allocated:  763.9384765625
Memory cached:  1360.0
