[I 2024-01-04 00:19:05,446] Trial 168 finished with value: 0.19763994216918945 and parameters: {'W_layers': 6, 'W_layer_units_exponent_0': 10, 'W_layer_units_exponent_1': 5, 'W_layer_units_exponent_2': 8, 'W_layer_units_exponent_3': 5, 'W_layer_units_exponent_4': 8, 'W_layer_units_exponent_5': 9, 'D_layers': 3, 'D_layer_units_exponent_0': 10, 'D_layer_units_exponent_1': 6, 'D_layer_units_exponent_2': 7, 'D_dagger_layers': 4, 'D_dagger_layer_units_exponent_0': 10, 'D_dagger_layer_units_exponent_1': 10, 'D_dagger_layer_units_exponent_2': 4, 'D_dagger_layer_units_exponent_3': 4, 'log_learning_rate': -4.022459385692053, 'log_learning_rate_D': -2.517695476007846, 'log_learning_rate_D_dagger': -3.123004118423556, 'training_batch_size': 10, 'training_p': 4}. Best is trial 163 with value: 0.10096652805805206.
Time for this trial:  202.59757113456726
Memory status after this trial: 
Memory allocated:  590.59765625
Memory cached:  610.0
--------------------  Trial  169   --------------------
Start timing: 
Parameters: 
{'W_layers': 6, 'W_layer_units_exponent_0': 10, 'W_layer_units_exponent_1': 4, 'W_layer_units_exponent_2': 7, 'W_layer_units_exponent_3': 4, 'W_layer_units_exponent_4': 9, 'W_layer_units_exponent_5': 10, 'D_layers': 3, 'D_layer_units_exponent_0': 10, 'D_layer_units_exponent_1': 6, 'D_layer_units_exponent_2': 9, 'D_dagger_layers': 4, 'D_dagger_layer_units_exponent_0': 10, 'D_dagger_layer_units_exponent_1': 10, 'D_dagger_layer_units_exponent_2': 10, 'D_dagger_layer_units_exponent_3': 5, 'log_learning_rate': -4.405671416215031, 'log_learning_rate_D': -3.108200307147419, 'log_learning_rate_D_dagger': -2.8857184288737927, 'training_batch_size': 9, 'training_p': 7}
	 epoch  0 training error:  tensor(0.9446, device='cuda:0', grad_fn=<DivBackward0>)
Memory status after this epoch: 
Memory allocated:  339.29638671875
Memory cached:  636.0
	 epoch  10 training error:  tensor(0.5992, device='cuda:0', grad_fn=<DivBackward0>)
Memory status after this epoch: 
Memory allocated:  339.29638671875
Memory cached:  692.0
	 epoch  20 training error:  tensor(0.5969, device='cuda:0', grad_fn=<DivBackward0>)
Memory status after this epoch: 
Memory allocated:  339.29638671875
Memory cached:  676.0
	 epoch  30 training error:  tensor(0.5602, device='cuda:0', grad_fn=<DivBackward0>)
Memory status after this epoch: 
Memory allocated:  339.29638671875
Memory cached:  694.0
	 epoch  40 training error:  tensor(0.5444, device='cuda:0', grad_fn=<DivBackward0>)
Memory status after this epoch: 
Memory allocated:  339.29638671875
Memory cached:  688.0
	 epoch  50 training error:  tensor(0.5433, device='cuda:0', grad_fn=<DivBackward0>)
Memory status after this epoch: 
Memory allocated:  339.29638671875
Memory cached:  690.0
	 epoch  60 training error:  tensor(0.5394, device='cuda:0', grad_fn=<DivBackward0>)
Memory status after this epoch: 
Memory allocated:  339.29638671875
Memory cached:  690.0
	 epoch  70 training error:  tensor(0.5352, device='cuda:0', grad_fn=<DivBackward0>)
Memory status after this epoch: 
Memory allocated:  339.29638671875
Memory cached:  690.0
	 epoch  80 training error:  tensor(0.5298, device='cuda:0', grad_fn=<DivBackward0>)
Memory status after this epoch: 
Memory allocated:  339.29638671875
Memory cached:  690.0
	 epoch  90 training error:  tensor(0.5152, device='cuda:0', grad_fn=<DivBackward0>)
Memory status after this epoch: 
Memory allocated:  339.29638671875
Memory cached:  686.0
[I 2024-01-04 00:22:45,971] Trial 169 finished with value: 0.3589249551296234 and parameters: {'W_layers': 6, 'W_layer_units_exponent_0': 10, 'W_layer_units_exponent_1': 4, 'W_layer_units_exponent_2': 7, 'W_layer_units_exponent_3': 4, 'W_layer_units_exponent_4': 9, 'W_layer_units_exponent_5': 10, 'D_layers': 3, 'D_layer_units_exponent_0': 10, 'D_layer_units_exponent_1': 6, 'D_layer_units_exponent_2': 9, 'D_dagger_layers': 4, 'D_dagger_layer_units_exponent_0': 10, 'D_dagger_layer_units_exponent_1': 10, 'D_dagger_layer_units_exponent_2': 10, 'D_dagger_layer_units_exponent_3': 5, 'log_learning_rate': -4.405671416215031, 'log_learning_rate_D': -3.108200307147419, 'log_learning_rate_D_dagger': -2.8857184288737927, 'training_batch_size': 9, 'training_p': 7}. Best is trial 163 with value: 0.10096652805805206.
Time for this trial:  220.0570023059845
Memory status after this trial: 
Memory allocated:  702.267578125
Memory cached:  736.0
--------------------  Trial  170   --------------------
Start timing: 
Parameters: 
{'W_layers': 6, 'W_layer_units_exponent_0': 4, 'W_layer_units_exponent_1': 4, 'W_layer_units_exponent_2': 7, 'W_layer_units_exponent_3': 4, 'W_layer_units_exponent_4': 8, 'W_layer_units_exponent_5': 6, 'D_layers': 3, 'D_layer_units_exponent_0': 10, 'D_layer_units_exponent_1': 7, 'D_layer_units_exponent_2': 10, 'D_dagger_layers': 4, 'D_dagger_layer_units_exponent_0': 10, 'D_dagger_layer_units_exponent_1': 10, 'D_dagger_layer_units_exponent_2': 4, 'D_dagger_layer_units_exponent_3': 4, 'log_learning_rate': -4.176077596414169, 'log_learning_rate_D': -3.001497149668281, 'log_learning_rate_D_dagger': -3.3877989269416755, 'training_batch_size': 7, 'training_p': 4}
	 epoch  0 training error:  tensor(0.9995, device='cuda:0', grad_fn=<DivBackward0>)
Memory status after this epoch: 
Memory allocated:  317.43505859375
Memory cached:  620.0
	 epoch  10 training error:  tensor(0.4627, device='cuda:0', grad_fn=<DivBackward0>)
Memory status after this epoch: 
Memory allocated:  317.43505859375
Memory cached:  650.0
	 epoch  20 training error:  tensor(0.4495, device='cuda:0', grad_fn=<DivBackward0>)
Memory status after this epoch: 
Memory allocated:  317.43505859375
Memory cached:  646.0
	 epoch  30 training error:  tensor(0.4394, device='cuda:0', grad_fn=<DivBackward0>)
Memory status after this epoch: 
Memory allocated:  317.43505859375
Memory cached:  648.0
	 epoch  40 training error:  tensor(0.4464, device='cuda:0', grad_fn=<DivBackward0>)
Memory status after this epoch: 
Memory allocated:  317.43505859375
Memory cached:  640.0
	 epoch  50 training error:  tensor(0.4335, device='cuda:0', grad_fn=<DivBackward0>)
Memory status after this epoch: 
Memory allocated:  317.43505859375
Memory cached:  642.0
	 epoch  60 training error:  tensor(0.4328, device='cuda:0', grad_fn=<DivBackward0>)
Memory status after this epoch: 
Memory allocated:  317.43505859375
Memory cached:  650.0
	 epoch  70 training error:  tensor(0.4270, device='cuda:0', grad_fn=<DivBackward0>)
Memory status after this epoch: 
Memory allocated:  317.43505859375
Memory cached:  650.0
	 epoch  80 training error:  tensor(0.4184, device='cuda:0', grad_fn=<DivBackward0>)
Memory status after this epoch: 
Memory allocated:  317.43505859375
Memory cached:  646.0
	 epoch  90 training error:  tensor(0.3847, device='cuda:0', grad_fn=<DivBackward0>)
Memory status after this epoch: 
Memory allocated:  317.43505859375
Memory cached:  654.0
[I 2024-01-04 00:26:01,629] Trial 170 finished with value: 0.24140159785747528 and parameters: {'W_layers': 6, 'W_layer_units_exponent_0': 4, 'W_layer_units_exponent_1': 4, 'W_layer_units_exponent_2': 7, 'W_layer_units_exponent_3': 4, 'W_layer_units_exponent_4': 8, 'W_layer_units_exponent_5': 6, 'D_layers': 3, 'D_layer_units_exponent_0': 10, 'D_layer_units_exponent_1': 7, 'D_layer_units_exponent_2': 10, 'D_dagger_layers': 4, 'D_dagger_layer_units_exponent_0': 10, 'D_dagger_layer_units_exponent_1': 10, 'D_dagger_layer_units_exponent_2': 4, 'D_dagger_layer_units_exponent_3': 4, 'log_learning_rate': -4.176077596414169, 'log_learning_rate_D': -3.001497149668281, 'log_learning_rate_D_dagger': -3.3877989269416755, 'training_batch_size': 7, 'training_p': 4}. Best is trial 163 with value: 0.10096652805805206.
Time for this trial:  195.1408281326294
Memory status after this trial: 
Memory allocated:  552.396484375
Memory cached:  598.0
--------------------  Trial  171   --------------------
Start timing: 
Parameters: 
{'W_layers': 6, 'W_layer_units_exponent_0': 10, 'W_layer_units_exponent_1': 4, 'W_layer_units_exponent_2': 7, 'W_layer_units_exponent_3': 5, 'W_layer_units_exponent_4': 7, 'W_layer_units_exponent_5': 8, 'D_layers': 3, 'D_layer_units_exponent_0': 10, 'D_layer_units_exponent_1': 7, 'D_layer_units_exponent_2': 9, 'D_dagger_layers': 4, 'D_dagger_layer_units_exponent_0': 10, 'D_dagger_layer_units_exponent_1': 10, 'D_dagger_layer_units_exponent_2': 4, 'D_dagger_layer_units_exponent_3': 5, 'log_learning_rate': -4.350470766528274, 'log_learning_rate_D': -2.927383553398332, 'log_learning_rate_D_dagger': -3.2288137431722626, 'training_batch_size': 9, 'training_p': 7}
	 epoch  0 training error:  tensor(0.9759, device='cuda:0', grad_fn=<DivBackward0>)
Memory status after this epoch: 
Memory allocated:  316.97998046875
Memory cached:  626.0
	 epoch  10 training error:  tensor(0.5768, device='cuda:0', grad_fn=<DivBackward0>)
Memory status after this epoch: 
Memory allocated:  316.97998046875
Memory cached:  680.0
	 epoch  20 training error:  tensor(0.5459, device='cuda:0', grad_fn=<DivBackward0>)
Memory status after this epoch: 
Memory allocated:  316.97998046875
Memory cached:  670.0
	 epoch  30 training error:  tensor(0.5298, device='cuda:0', grad_fn=<DivBackward0>)
Memory status after this epoch: 
Memory allocated:  316.97998046875
Memory cached:  674.0
	 epoch  40 training error:  tensor(0.5279, device='cuda:0', grad_fn=<DivBackward0>)
Memory status after this epoch: 
Memory allocated:  316.97998046875
Memory cached:  670.0
	 epoch  50 training error:  tensor(0.5300, device='cuda:0', grad_fn=<DivBackward0>)
Memory status after this epoch: 
Memory allocated:  316.97998046875
Memory cached:  676.0
	 epoch  60 training error:  tensor(0.5027, device='cuda:0', grad_fn=<DivBackward0>)
Memory status after this epoch: 
Memory allocated:  316.97998046875
Memory cached:  670.0
	 epoch  70 training error:  tensor(0.4048, device='cuda:0', grad_fn=<DivBackward0>)
Memory status after this epoch: 
Memory allocated:  316.97998046875
Memory cached:  674.0
	 epoch  80 training error:  tensor(0.3549, device='cuda:0', grad_fn=<DivBackward0>)
Memory status after this epoch: 
Memory allocated:  316.97998046875
Memory cached:  670.0
	 epoch  90 training error:  tensor(0.2668, device='cuda:0', grad_fn=<DivBackward0>)
Memory status after this epoch: 
Memory allocated:  316.97998046875
Memory cached:  672.0
[I 2024-01-04 00:29:21,975] Trial 171 finished with value: 0.14158892631530762 and parameters: {'W_layers': 6, 'W_layer_units_exponent_0': 10, 'W_layer_units_exponent_1': 4, 'W_layer_units_exponent_2': 7, 'W_layer_units_exponent_3': 5, 'W_layer_units_exponent_4': 7, 'W_layer_units_exponent_5': 8, 'D_layers': 3, 'D_layer_units_exponent_0': 10, 'D_layer_units_exponent_1': 7, 'D_layer_units_exponent_2': 9, 'D_dagger_layers': 4, 'D_dagger_layer_units_exponent_0': 10, 'D_dagger_layer_units_exponent_1': 10, 'D_dagger_layer_units_exponent_2': 4, 'D_dagger_layer_units_exponent_3': 5, 'log_learning_rate': -4.350470766528274, 'log_learning_rate_D': -2.927383553398332, 'log_learning_rate_D_dagger': -3.2288137431722626, 'training_batch_size': 9, 'training_p': 7}. Best is trial 163 with value: 0.10096652805805206.
Time for this trial:  199.75969648361206
Memory status after this trial: 
Memory allocated:  585.8505859375
Memory cached:  612.0
--------------------  Trial  172   --------------------
Start timing: 
Parameters: 
{'W_layers': 6, 'W_layer_units_exponent_0': 10, 'W_layer_units_exponent_1': 4, 'W_layer_units_exponent_2': 7, 'W_layer_units_exponent_3': 5, 'W_layer_units_exponent_4': 7, 'W_layer_units_exponent_5': 8, 'D_layers': 3, 'D_layer_units_exponent_0': 10, 'D_layer_units_exponent_1': 7, 'D_layer_units_exponent_2': 9, 'D_dagger_layers': 4, 'D_dagger_layer_units_exponent_0': 10, 'D_dagger_layer_units_exponent_1': 10, 'D_dagger_layer_units_exponent_2': 4, 'D_dagger_layer_units_exponent_3': 5, 'log_learning_rate': -4.254187304861367, 'log_learning_rate_D': -2.8887387207669595, 'log_learning_rate_D_dagger': -3.175218045349125, 'training_batch_size': 9, 'training_p': 7}
	 epoch  0 training error:  tensor(1.0257, device='cuda:0', grad_fn=<DivBackward0>)
Memory status after this epoch: 
Memory allocated:  316.97998046875
Memory cached:  624.0
	 epoch  10 training error:  tensor(0.5596, device='cuda:0', grad_fn=<DivBackward0>)
Memory status after this epoch: 
Memory allocated:  316.97998046875
Memory cached:  676.0
	 epoch  20 training error:  tensor(0.5464, device='cuda:0', grad_fn=<DivBackward0>)
Memory status after this epoch: 
Memory allocated:  316.97998046875
Memory cached:  678.0
	 epoch  30 training error:  tensor(0.5437, device='cuda:0', grad_fn=<DivBackward0>)
Memory status after this epoch: 
Memory allocated:  316.97998046875
Memory cached:  682.0
	 epoch  40 training error:  tensor(0.5301, device='cuda:0', grad_fn=<DivBackward0>)
Memory status after this epoch: 
Memory allocated:  316.97998046875
Memory cached:  666.0
	 epoch  50 training error:  tensor(0.5209, device='cuda:0', grad_fn=<DivBackward0>)
Memory status after this epoch: 
Memory allocated:  316.97998046875
Memory cached:  678.0
	 epoch  60 training error:  tensor(0.5147, device='cuda:0', grad_fn=<DivBackward0>)
Memory status after this epoch: 
Memory allocated:  316.97998046875
Memory cached:  678.0
	 epoch  70 training error:  tensor(0.4538, device='cuda:0', grad_fn=<DivBackward0>)
Memory status after this epoch: 
Memory allocated:  316.97998046875
Memory cached:  666.0
	 epoch  80 training error:  tensor(0.6094, device='cuda:0', grad_fn=<DivBackward0>)
Memory status after this epoch: 
Memory allocated:  316.97998046875
Memory cached:  674.0
	 epoch  90 training error:  tensor(0.5556, device='cuda:0', grad_fn=<DivBackward0>)
Memory status after this epoch: 
Memory allocated:  316.97998046875
Memory cached:  674.0
[I 2024-01-04 00:32:41,813] Trial 172 finished with value: 0.4520779550075531 and parameters: {'W_layers': 6, 'W_layer_units_exponent_0': 10, 'W_layer_units_exponent_1': 4, 'W_layer_units_exponent_2': 7, 'W_layer_units_exponent_3': 5, 'W_layer_units_exponent_4': 7, 'W_layer_units_exponent_5': 8, 'D_layers': 3, 'D_layer_units_exponent_0': 10, 'D_layer_units_exponent_1': 7, 'D_layer_units_exponent_2': 9, 'D_dagger_layers': 4, 'D_dagger_layer_units_exponent_0': 10, 'D_dagger_layer_units_exponent_1': 10, 'D_dagger_layer_units_exponent_2': 4, 'D_dagger_layer_units_exponent_3': 5, 'log_learning_rate': -4.254187304861367, 'log_learning_rate_D': -2.8887387207669595, 'log_learning_rate_D_dagger': -3.175218045349125, 'training_batch_size': 9, 'training_p': 7}. Best is trial 163 with value: 0.10096652805805206.
Time for this trial:  199.33674120903015
Memory status after this trial: 
Memory allocated:  585.8505859375
Memory cached:  614.0
--------------------  Trial  173   --------------------
Start timing: 
Parameters: 
{'W_layers': 6, 'W_layer_units_exponent_0': 10, 'W_layer_units_exponent_1': 4, 'W_layer_units_exponent_2': 7, 'W_layer_units_exponent_3': 5, 'W_layer_units_exponent_4': 10, 'W_layer_units_exponent_5': 8, 'D_layers': 3, 'D_layer_units_exponent_0': 10, 'D_layer_units_exponent_1': 7, 'D_layer_units_exponent_2': 9, 'D_dagger_layers': 4, 'D_dagger_layer_units_exponent_0': 10, 'D_dagger_layer_units_exponent_1': 10, 'D_dagger_layer_units_exponent_2': 4, 'D_dagger_layer_units_exponent_3': 5, 'log_learning_rate': -4.329995499749388, 'log_learning_rate_D': -2.6446832782452114, 'log_learning_rate_D_dagger': -3.303376489292516, 'training_batch_size': 9, 'training_p': 7}
	 epoch  0 training error:  tensor(1.0043, device='cuda:0', grad_fn=<DivBackward0>)
Memory status after this epoch: 
Memory allocated:  320.93115234375
Memory cached:  612.0
	 epoch  10 training error:  tensor(0.5566, device='cuda:0', grad_fn=<DivBackward0>)
Memory status after this epoch: 
Memory allocated:  320.93115234375
Memory cached:  672.0
	 epoch  20 training error:  tensor(0.5377, device='cuda:0', grad_fn=<DivBackward0>)
Memory status after this epoch: 
Memory allocated:  320.93115234375
Memory cached:  666.0
	 epoch  30 training error:  tensor(0.5318, device='cuda:0', grad_fn=<DivBackward0>)
Memory status after this epoch: 
Memory allocated:  320.93115234375
Memory cached:  670.0
	 epoch  40 training error:  tensor(0.5197, device='cuda:0', grad_fn=<DivBackward0>)
Memory status after this epoch: 
Memory allocated:  320.93115234375
Memory cached:  666.0
	 epoch  50 training error:  tensor(0.5218, device='cuda:0', grad_fn=<DivBackward0>)
Memory status after this epoch: 
Memory allocated:  320.93115234375
Memory cached:  662.0
	 epoch  60 training error:  tensor(0.5129, device='cuda:0', grad_fn=<DivBackward0>)
Memory status after this epoch: 
Memory allocated:  320.93115234375
Memory cached:  666.0
	 epoch  70 training error:  tensor(0.5410, device='cuda:0', grad_fn=<DivBackward0>)
Memory status after this epoch: 
Memory allocated:  320.93115234375
Memory cached:  664.0
	 epoch  80 training error:  tensor(0.4009, device='cuda:0', grad_fn=<DivBackward0>)
Memory status after this epoch: 
Memory allocated:  320.93115234375
Memory cached:  662.0
	 epoch  90 training error:  tensor(0.3155, device='cuda:0', grad_fn=<DivBackward0>)
Memory status after this epoch: 
Memory allocated:  320.93115234375
Memory cached:  662.0
[I 2024-01-04 00:36:09,024] Trial 173 finished with value: 0.15030674636363983 and parameters: {'W_layers': 6, 'W_layer_units_exponent_0': 10, 'W_layer_units_exponent_1': 4, 'W_layer_units_exponent_2': 7, 'W_layer_units_exponent_3': 5, 'W_layer_units_exponent_4': 10, 'W_layer_units_exponent_5': 8, 'D_layers': 3, 'D_layer_units_exponent_0': 10, 'D_layer_units_exponent_1': 7, 'D_layer_units_exponent_2': 9, 'D_dagger_layers': 4, 'D_dagger_layer_units_exponent_0': 10, 'D_dagger_layer_units_exponent_1': 10, 'D_dagger_layer_units_exponent_2': 4, 'D_dagger_layer_units_exponent_3': 5, 'log_learning_rate': -4.329995499749388, 'log_learning_rate_D': -2.6446832782452114, 'log_learning_rate_D_dagger': -3.303376489292516, 'training_batch_size': 9, 'training_p': 7}. Best is trial 163 with value: 0.10096652805805206.
Time for this trial:  206.69505643844604
Memory status after this trial: 
Memory allocated:  635.677734375
Memory cached:  646.0
--------------------  Trial  174   --------------------
Start timing: 
Parameters: 
{'W_layers': 6, 'W_layer_units_exponent_0': 10, 'W_layer_units_exponent_1': 4, 'W_layer_units_exponent_2': 7, 'W_layer_units_exponent_3': 5, 'W_layer_units_exponent_4': 5, 'W_layer_units_exponent_5': 8, 'D_layers': 3, 'D_layer_units_exponent_0': 10, 'D_layer_units_exponent_1': 7, 'D_layer_units_exponent_2': 6, 'D_dagger_layers': 4, 'D_dagger_layer_units_exponent_0': 10, 'D_dagger_layer_units_exponent_1': 10, 'D_dagger_layer_units_exponent_2': 4, 'D_dagger_layer_units_exponent_3': 5, 'log_learning_rate': -4.483934584133631, 'log_learning_rate_D': -3.2039133282896333, 'log_learning_rate_D_dagger': -3.0432374440253716, 'training_batch_size': 9, 'training_p': 7}
	 epoch  0 training error:  tensor(1.0357, device='cuda:0', grad_fn=<DivBackward0>)
Memory status after this epoch: 
Memory allocated:  315.67138671875
Memory cached:  614.0
	 epoch  10 training error:  tensor(0.5826, device='cuda:0', grad_fn=<DivBackward0>)
Memory status after this epoch: 
Memory allocated:  315.67138671875
Memory cached:  644.0
	 epoch  20 training error:  tensor(0.5362, device='cuda:0', grad_fn=<DivBackward0>)
Memory status after this epoch: 
Memory allocated:  315.67138671875
Memory cached:  646.0
	 epoch  30 training error:  tensor(0.5296, device='cuda:0', grad_fn=<DivBackward0>)
Memory status after this epoch: 
Memory allocated:  315.67138671875
Memory cached:  656.0
	 epoch  40 training error:  tensor(0.5267, device='cuda:0', grad_fn=<DivBackward0>)
Memory status after this epoch: 
Memory allocated:  315.67138671875
Memory cached:  650.0
	 epoch  50 training error:  tensor(0.5260, device='cuda:0', grad_fn=<DivBackward0>)
Memory status after this epoch: 
Memory allocated:  315.67138671875
Memory cached:  646.0
	 epoch  60 training error:  tensor(0.5272, device='cuda:0', grad_fn=<DivBackward0>)
Memory status after this epoch: 
Memory allocated:  315.67138671875
Memory cached:  648.0
	 epoch  70 training error:  tensor(0.5246, device='cuda:0', grad_fn=<DivBackward0>)
Memory status after this epoch: 
Memory allocated:  315.67138671875
Memory cached:  646.0
	 epoch  80 training error:  tensor(0.4613, device='cuda:0', grad_fn=<DivBackward0>)
Memory status after this epoch: 
Memory allocated:  315.67138671875
Memory cached:  644.0
	 epoch  90 training error:  tensor(0.3711, device='cuda:0', grad_fn=<DivBackward0>)
Memory status after this epoch: 
Memory allocated:  315.67138671875
Memory cached:  650.0
