[I 2024-03-12 18:20:42,706] Trial 133 finished with value: 0.3373829424381256 and parameters: {'log_learning_rate': -1.6715043210363691, 'log_learning_rate_D': -3.081550335288208, 'log_learning_rate_D_dagger': -1.3554320114676437, 'training_batch_size': 8, 'training_p': 2, 'p_order_W': 5, 'p_order_D': 4, 'p_order_D_dagger': 3}. Best is trial 109 with value: 0.3218425512313843.
Time for this trial:  218.0600094795227
Memory status after this trial: 
Memory allocated:  3.935546875
Memory cached:  6.0
--------------------  Trial  134   --------------------
Start timing: 
Parameters: 
{'log_learning_rate': -1.6994389681838937, 'log_learning_rate_D': -3.2864304254207912, 'log_learning_rate_D_dagger': -1.3617142492290282, 'training_batch_size': 8, 'training_p': 2, 'p_order_W': 5, 'p_order_D': 4, 'p_order_D_dagger': 3}

	 epoch  0 training error:  tensor(26.8427, grad_fn=<ToCopyBackward0>)
Memory status after this epoch: 
Memory allocated:  2.03662109375
Memory cached:  6.0
	 epoch  10 training error:  tensor(1.7758, grad_fn=<ToCopyBackward0>)
Memory status after this epoch: 
Memory allocated:  2.03662109375
Memory cached:  6.0
	 epoch  20 training error:  tensor(0.4794, grad_fn=<ToCopyBackward0>)
Memory status after this epoch: 
Memory allocated:  2.03662109375
Memory cached:  6.0
	 epoch  30 training error:  tensor(0.3589, grad_fn=<ToCopyBackward0>)
Memory status after this epoch: 
Memory allocated:  2.03662109375
Memory cached:  6.0
	 epoch  40 training error:  tensor(0.3400, grad_fn=<ToCopyBackward0>)
Memory status after this epoch: 
Memory allocated:  2.03662109375
Memory cached:  6.0
	 epoch  50 training error:  tensor(0.3230, grad_fn=<ToCopyBackward0>)
Memory status after this epoch: 
Memory allocated:  2.03662109375
Memory cached:  6.0
	 epoch  60 training error:  tensor(0.3032, grad_fn=<ToCopyBackward0>)
Memory status after this epoch: 
Memory allocated:  2.03662109375
Memory cached:  6.0
	 epoch  70 training error:  tensor(0.2955, grad_fn=<ToCopyBackward0>)
Memory status after this epoch: 
Memory allocated:  2.03662109375
Memory cached:  8.0
	 epoch  80 training error:  tensor(0.2965, grad_fn=<ToCopyBackward0>)
Memory status after this epoch: 
Memory allocated:  2.03662109375
Memory cached:  6.0
	 epoch  90 training error:  tensor(0.2938, grad_fn=<ToCopyBackward0>)
Memory status after this epoch: 
Memory allocated:  2.03662109375
Memory cached:  6.0
[I 2024-03-12 18:24:21,097] Trial 134 finished with value: 0.3144383430480957 and parameters: {'log_learning_rate': -1.6994389681838937, 'log_learning_rate_D': -3.2864304254207912, 'log_learning_rate_D_dagger': -1.3617142492290282, 'training_batch_size': 8, 'training_p': 2, 'p_order_W': 5, 'p_order_D': 4, 'p_order_D_dagger': 3}. Best is trial 134 with value: 0.3144383430480957.
res:  tensor(0.3144, grad_fn=<ToCopyBackward0>)
self.bestValue:  tensor(0.3218, grad_fn=<ToCopyBackward0>)
Save this model!
Time for this trial:  218.13197374343872
Memory status after this trial: 
Memory allocated:  2.20068359375
Memory cached:  6.0
--------------------  Trial  135   --------------------
Start timing: 
Parameters: 
{'log_learning_rate': -1.6315754377039284, 'log_learning_rate_D': -3.289834165638223, 'log_learning_rate_D_dagger': -1.40723320093869, 'training_batch_size': 8, 'training_p': 2, 'p_order_W': 5, 'p_order_D': 4, 'p_order_D_dagger': 3}

	 epoch  0 training error:  tensor(14.8762, grad_fn=<ToCopyBackward0>)
Memory status after this epoch: 
Memory allocated:  2.23095703125
Memory cached:  6.0
	 epoch  10 training error:  tensor(0.7114, grad_fn=<ToCopyBackward0>)
Memory status after this epoch: 
Memory allocated:  2.23095703125
Memory cached:  6.0
	 epoch  20 training error:  tensor(0.5476, grad_fn=<ToCopyBackward0>)
Memory status after this epoch: 
Memory allocated:  2.23095703125
Memory cached:  6.0
	 epoch  30 training error:  tensor(0.4394, grad_fn=<ToCopyBackward0>)
Memory status after this epoch: 
Memory allocated:  2.23095703125
Memory cached:  8.0
	 epoch  40 training error:  tensor(0.4062, grad_fn=<ToCopyBackward0>)
Memory status after this epoch: 
Memory allocated:  2.23095703125
Memory cached:  8.0
	 epoch  50 training error:  tensor(0.3917, grad_fn=<ToCopyBackward0>)
Memory status after this epoch: 
Memory allocated:  2.23095703125
Memory cached:  8.0
	 epoch  60 training error:  tensor(0.3822, grad_fn=<ToCopyBackward0>)
Memory status after this epoch: 
Memory allocated:  2.23095703125
Memory cached:  6.0
	 epoch  70 training error:  tensor(0.3751, grad_fn=<ToCopyBackward0>)
Memory status after this epoch: 
Memory allocated:  2.23095703125
Memory cached:  8.0
	 epoch  80 training error:  tensor(0.3696, grad_fn=<ToCopyBackward0>)
Memory status after this epoch: 
Memory allocated:  2.23095703125
Memory cached:  6.0
	 epoch  90 training error:  tensor(0.3662, grad_fn=<ToCopyBackward0>)
Memory status after this epoch: 
Memory allocated:  2.23095703125
Memory cached:  6.0
[I 2024-03-12 18:27:59,216] Trial 135 finished with value: 0.37973496317863464 and parameters: {'log_learning_rate': -1.6315754377039284, 'log_learning_rate_D': -3.289834165638223, 'log_learning_rate_D_dagger': -1.40723320093869, 'training_batch_size': 8, 'training_p': 2, 'p_order_W': 5, 'p_order_D': 4, 'p_order_D_dagger': 3}. Best is trial 134 with value: 0.3144383430480957.
Time for this trial:  217.86041927337646
Memory status after this trial: 
Memory allocated:  4.1298828125
Memory cached:  6.0
--------------------  Trial  136   --------------------
Start timing: 
Parameters: 
{'log_learning_rate': -1.4990854611845594, 'log_learning_rate_D': -3.0732320618936475, 'log_learning_rate_D_dagger': -1.3591172974238361, 'training_batch_size': 8, 'training_p': 2, 'p_order_W': 5, 'p_order_D': 4, 'p_order_D_dagger': 3}

	 epoch  0 training error:  tensor(93.7020, grad_fn=<ToCopyBackward0>)
Memory status after this epoch: 
Memory allocated:  2.23095703125
Memory cached:  6.0
	 epoch  10 training error:  tensor(4.4391, grad_fn=<ToCopyBackward0>)
Memory status after this epoch: 
Memory allocated:  2.23095703125
Memory cached:  6.0
	 epoch  20 training error:  tensor(0.8907, grad_fn=<ToCopyBackward0>)
Memory status after this epoch: 
Memory allocated:  2.23095703125
Memory cached:  6.0
	 epoch  30 training error:  tensor(0.4455, grad_fn=<ToCopyBackward0>)
Memory status after this epoch: 
Memory allocated:  2.23095703125
Memory cached:  8.0
	 epoch  40 training error:  tensor(0.4260, grad_fn=<ToCopyBackward0>)
Memory status after this epoch: 
Memory allocated:  2.23095703125
Memory cached:  8.0
	 epoch  50 training error:  tensor(0.4157, grad_fn=<ToCopyBackward0>)
Memory status after this epoch: 
Memory allocated:  2.23095703125
Memory cached:  8.0
	 epoch  60 training error:  tensor(0.4049, grad_fn=<ToCopyBackward0>)
Memory status after this epoch: 
Memory allocated:  2.23095703125
Memory cached:  6.0
	 epoch  70 training error:  tensor(0.3922, grad_fn=<ToCopyBackward0>)
Memory status after this epoch: 
Memory allocated:  2.23095703125
Memory cached:  8.0
	 epoch  80 training error:  tensor(0.3761, grad_fn=<ToCopyBackward0>)
Memory status after this epoch: 
Memory allocated:  2.23095703125
Memory cached:  6.0
	 epoch  90 training error:  tensor(0.3558, grad_fn=<ToCopyBackward0>)
Memory status after this epoch: 
Memory allocated:  2.23095703125
Memory cached:  6.0
[I 2024-03-12 18:31:33,298] Trial 136 finished with value: 0.3499160408973694 and parameters: {'log_learning_rate': -1.4990854611845594, 'log_learning_rate_D': -3.0732320618936475, 'log_learning_rate_D_dagger': -1.3591172974238361, 'training_batch_size': 8, 'training_p': 2, 'p_order_W': 5, 'p_order_D': 4, 'p_order_D_dagger': 3}. Best is trial 134 with value: 0.3144383430480957.
Time for this trial:  213.82281136512756
Memory status after this trial: 
Memory allocated:  4.1298828125
Memory cached:  6.0
--------------------  Trial  137   --------------------
Start timing: 
Parameters: 
{'log_learning_rate': -1.7582419330056955, 'log_learning_rate_D': -3.4794361223361827, 'log_learning_rate_D_dagger': -1.6076261433228163, 'training_batch_size': 8, 'training_p': 2, 'p_order_W': 5, 'p_order_D': 4, 'p_order_D_dagger': 3}

	 epoch  0 training error:  tensor(74.2115, grad_fn=<ToCopyBackward0>)
Memory status after this epoch: 
Memory allocated:  2.23095703125
Memory cached:  6.0
	 epoch  10 training error:  tensor(7.7302, grad_fn=<ToCopyBackward0>)
Memory status after this epoch: 
Memory allocated:  2.23095703125
Memory cached:  6.0
	 epoch  20 training error:  tensor(3.0931, grad_fn=<ToCopyBackward0>)
Memory status after this epoch: 
Memory allocated:  2.23095703125
Memory cached:  6.0
	 epoch  30 training error:  tensor(1.3099, grad_fn=<ToCopyBackward0>)
Memory status after this epoch: 
Memory allocated:  2.23095703125
Memory cached:  8.0
	 epoch  40 training error:  tensor(0.7875, grad_fn=<ToCopyBackward0>)
Memory status after this epoch: 
Memory allocated:  2.23095703125
Memory cached:  8.0
	 epoch  50 training error:  tensor(0.5536, grad_fn=<ToCopyBackward0>)
Memory status after this epoch: 
Memory allocated:  2.23095703125
Memory cached:  8.0
	 epoch  60 training error:  tensor(0.4188, grad_fn=<ToCopyBackward0>)
Memory status after this epoch: 
Memory allocated:  2.23095703125
Memory cached:  6.0
	 epoch  70 training error:  tensor(0.3626, grad_fn=<ToCopyBackward0>)
Memory status after this epoch: 
Memory allocated:  2.23095703125
Memory cached:  8.0
	 epoch  80 training error:  tensor(0.3438, grad_fn=<ToCopyBackward0>)
Memory status after this epoch: 
Memory allocated:  2.23095703125
Memory cached:  6.0
	 epoch  90 training error:  tensor(0.3322, grad_fn=<ToCopyBackward0>)
Memory status after this epoch: 
Memory allocated:  2.23095703125
Memory cached:  6.0
[I 2024-03-12 18:35:11,884] Trial 137 finished with value: 0.34204304218292236 and parameters: {'log_learning_rate': -1.7582419330056955, 'log_learning_rate_D': -3.4794361223361827, 'log_learning_rate_D_dagger': -1.6076261433228163, 'training_batch_size': 8, 'training_p': 2, 'p_order_W': 5, 'p_order_D': 4, 'p_order_D_dagger': 3}. Best is trial 134 with value: 0.3144383430480957.
Time for this trial:  218.34826707839966
Memory status after this trial: 
Memory allocated:  4.1298828125
Memory cached:  6.0
--------------------  Trial  138   --------------------
Start timing: 
Parameters: 
{'log_learning_rate': -1.7338240185118976, 'log_learning_rate_D': -3.8694345840676614, 'log_learning_rate_D_dagger': -1.597907975285331, 'training_batch_size': 9, 'training_p': 2, 'p_order_W': 5, 'p_order_D': 4, 'p_order_D_dagger': 3}

	 epoch  0 training error:  tensor(95.5684, grad_fn=<ToCopyBackward0>)
Memory status after this epoch: 
Memory allocated:  2.32861328125
Memory cached:  8.0
	 epoch  10 training error:  tensor(6.2824, grad_fn=<ToCopyBackward0>)
Memory status after this epoch: 
Memory allocated:  2.32861328125
Memory cached:  10.0
	 epoch  20 training error:  tensor(10.4083, grad_fn=<ToCopyBackward0>)
Memory status after this epoch: 
Memory allocated:  2.32861328125
Memory cached:  8.0
	 epoch  30 training error:  tensor(5.0059, grad_fn=<ToCopyBackward0>)
Memory status after this epoch: 
Memory allocated:  2.32861328125
Memory cached:  8.0
	 epoch  40 training error:  tensor(2.2904, grad_fn=<ToCopyBackward0>)
Memory status after this epoch: 
Memory allocated:  2.32861328125
Memory cached:  8.0
	 epoch  50 training error:  tensor(1.1685, grad_fn=<ToCopyBackward0>)
Memory status after this epoch: 
Memory allocated:  2.32861328125
Memory cached:  10.0
	 epoch  60 training error:  tensor(0.8010, grad_fn=<ToCopyBackward0>)
Memory status after this epoch: 
Memory allocated:  2.32861328125
Memory cached:  8.0
	 epoch  70 training error:  tensor(0.5887, grad_fn=<ToCopyBackward0>)
Memory status after this epoch: 
Memory allocated:  2.32861328125
Memory cached:  8.0
	 epoch  80 training error:  tensor(0.4391, grad_fn=<ToCopyBackward0>)
Memory status after this epoch: 
Memory allocated:  2.32861328125
Memory cached:  8.0
	 epoch  90 training error:  tensor(0.3878, grad_fn=<ToCopyBackward0>)
Memory status after this epoch: 
Memory allocated:  2.32861328125
Memory cached:  8.0
[I 2024-03-12 18:37:10,165] Trial 138 finished with value: 0.3882600665092468 and parameters: {'log_learning_rate': -1.7338240185118976, 'log_learning_rate_D': -3.8694345840676614, 'log_learning_rate_D_dagger': -1.597907975285331, 'training_batch_size': 9, 'training_p': 2, 'p_order_W': 5, 'p_order_D': 4, 'p_order_D_dagger': 3}. Best is trial 134 with value: 0.3144383430480957.
Time for this trial:  118.04397630691528
Memory status after this trial: 
Memory allocated:  4.1298828125
Memory cached:  6.0
--------------------  Trial  139   --------------------
Start timing: 
Parameters: 
{'log_learning_rate': -1.6594004868406587, 'log_learning_rate_D': -3.38483836321187, 'log_learning_rate_D_dagger': -1.6985848401132013, 'training_batch_size': 8, 'training_p': 2, 'p_order_W': 5, 'p_order_D': 4, 'p_order_D_dagger': 3}

	 epoch  0 training error:  tensor(190.7486, grad_fn=<ToCopyBackward0>)
Memory status after this epoch: 
Memory allocated:  2.23095703125
Memory cached:  6.0
	 epoch  10 training error:  tensor(34.7939, grad_fn=<ToCopyBackward0>)
Memory status after this epoch: 
Memory allocated:  2.23095703125
Memory cached:  6.0
	 epoch  20 training error:  tensor(8.4662, grad_fn=<ToCopyBackward0>)
Memory status after this epoch: 
Memory allocated:  2.23095703125
Memory cached:  6.0
	 epoch  30 training error:  tensor(1.3320, grad_fn=<ToCopyBackward0>)
Memory status after this epoch: 
Memory allocated:  2.23095703125
Memory cached:  8.0
	 epoch  40 training error:  tensor(1.2492, grad_fn=<ToCopyBackward0>)
Memory status after this epoch: 
Memory allocated:  2.23095703125
Memory cached:  8.0
	 epoch  50 training error:  tensor(0.8719, grad_fn=<ToCopyBackward0>)
Memory status after this epoch: 
Memory allocated:  2.23095703125
Memory cached:  8.0
	 epoch  60 training error:  tensor(0.6926, grad_fn=<ToCopyBackward0>)
Memory status after this epoch: 
Memory allocated:  2.23095703125
Memory cached:  6.0
	 epoch  70 training error:  tensor(0.5570, grad_fn=<ToCopyBackward0>)
Memory status after this epoch: 
Memory allocated:  2.23095703125
Memory cached:  8.0
	 epoch  80 training error:  tensor(0.4437, grad_fn=<ToCopyBackward0>)
Memory status after this epoch: 
Memory allocated:  2.23095703125
Memory cached:  6.0
	 epoch  90 training error:  tensor(0.3641, grad_fn=<ToCopyBackward0>)
Memory status after this epoch: 
Memory allocated:  2.23095703125
Memory cached:  6.0
[I 2024-03-12 18:40:48,086] Trial 139 finished with value: 0.36416172981262207 and parameters: {'log_learning_rate': -1.6594004868406587, 'log_learning_rate_D': -3.38483836321187, 'log_learning_rate_D_dagger': -1.6985848401132013, 'training_batch_size': 8, 'training_p': 2, 'p_order_W': 5, 'p_order_D': 4, 'p_order_D_dagger': 3}. Best is trial 134 with value: 0.3144383430480957.
Time for this trial:  217.65032172203064
Memory status after this trial: 
Memory allocated:  4.1298828125
Memory cached:  6.0
--------------------  Trial  140   --------------------
Start timing: 
Parameters: 
{'log_learning_rate': -1.3260734312779638, 'log_learning_rate_D': -2.9260841593842146, 'log_learning_rate_D_dagger': -1.5232174261723561, 'training_batch_size': 8, 'training_p': 2, 'p_order_W': 5, 'p_order_D': 4, 'p_order_D_dagger': 3}

	 epoch  0 training error:  tensor(10.1523, grad_fn=<ToCopyBackward0>)
Memory status after this epoch: 
Memory allocated:  2.23095703125
Memory cached:  6.0
	 epoch  10 training error:  tensor(1.2926, grad_fn=<ToCopyBackward0>)
Memory status after this epoch: 
Memory allocated:  2.23095703125
Memory cached:  6.0
	 epoch  20 training error:  tensor(0.5916, grad_fn=<ToCopyBackward0>)
Memory status after this epoch: 
Memory allocated:  2.23095703125
Memory cached:  6.0
	 epoch  30 training error:  tensor(0.4006, grad_fn=<ToCopyBackward0>)
Memory status after this epoch: 
Memory allocated:  2.23095703125
Memory cached:  8.0
	 epoch  40 training error:  tensor(0.3781, grad_fn=<ToCopyBackward0>)
Memory status after this epoch: 
Memory allocated:  2.23095703125
Memory cached:  8.0
	 epoch  50 training error:  tensor(0.3475, grad_fn=<ToCopyBackward0>)
Memory status after this epoch: 
Memory allocated:  2.23095703125
Memory cached:  8.0
	 epoch  60 training error:  tensor(0.3275, grad_fn=<ToCopyBackward0>)
Memory status after this epoch: 
Memory allocated:  2.23095703125
Memory cached:  6.0
	 epoch  70 training error:  tensor(0.3260, grad_fn=<ToCopyBackward0>)
Memory status after this epoch: 
Memory allocated:  2.23095703125
Memory cached:  8.0
	 epoch  80 training error:  tensor(0.3324, grad_fn=<ToCopyBackward0>)
Memory status after this epoch: 
Memory allocated:  2.23095703125
Memory cached:  6.0
	 epoch  90 training error:  tensor(0.3214, grad_fn=<ToCopyBackward0>)
Memory status after this epoch: 
Memory allocated:  2.23095703125
Memory cached:  6.0
[I 2024-03-12 18:44:26,417] Trial 140 finished with value: 0.3420712947845459 and parameters: {'log_learning_rate': -1.3260734312779638, 'log_learning_rate_D': -2.9260841593842146, 'log_learning_rate_D_dagger': -1.5232174261723561, 'training_batch_size': 8, 'training_p': 2, 'p_order_W': 5, 'p_order_D': 4, 'p_order_D_dagger': 3}. Best is trial 134 with value: 0.3144383430480957.
Time for this trial:  218.06458139419556
Memory status after this trial: 
Memory allocated:  4.1298828125
Memory cached:  6.0
--------------------  Trial  141   --------------------
Start timing: 
Parameters: 
{'log_learning_rate': -1.279933571834894, 'log_learning_rate_D': -2.942813541437791, 'log_learning_rate_D_dagger': -1.8575044741231146, 'training_batch_size': 8, 'training_p': 2, 'p_order_W': 5, 'p_order_D': 4, 'p_order_D_dagger': 3}

	 epoch  0 training error:  tensor(79.5388, grad_fn=<ToCopyBackward0>)
Memory status after this epoch: 
Memory allocated:  2.23095703125
Memory cached:  6.0
[W 2024-03-12 18:44:31,886] Trial 141 failed with parameters: {'log_learning_rate': -1.279933571834894, 'log_learning_rate_D': -2.942813541437791, 'log_learning_rate_D_dagger': -1.8575044741231146, 'training_batch_size': 8, 'training_p': 2, 'p_order_W': 5, 'p_order_D': 4, 'p_order_D_dagger': 3} because of the following error: The value nan is not acceptable.
[W 2024-03-12 18:44:31,886] Trial 141 failed with value tensor(nan, grad_fn=<ToCopyBackward0>).
Time for this trial:  5.1927080154418945
Memory status after this trial: 
Memory allocated:  4.1298828125
Memory cached:  6.0
--------------------  Trial  142   --------------------
Start timing: 
Parameters: 
{'log_learning_rate': -1.335597030365341, 'log_learning_rate_D': -3.065562270370533, 'log_learning_rate_D_dagger': -1.7792530552437764, 'training_batch_size': 8, 'training_p': 2, 'p_order_W': 5, 'p_order_D': 4, 'p_order_D_dagger': 3}

	 epoch  0 training error:  tensor(7.1301, grad_fn=<ToCopyBackward0>)
Memory status after this epoch: 
Memory allocated:  2.23095703125
Memory cached:  6.0
	 epoch  10 training error:  tensor(0.6308, grad_fn=<ToCopyBackward0>)
Memory status after this epoch: 
Memory allocated:  2.23095703125
Memory cached:  6.0
	 epoch  20 training error:  tensor(0.5486, grad_fn=<ToCopyBackward0>)
Memory status after this epoch: 
Memory allocated:  2.23095703125
Memory cached:  6.0
	 epoch  30 training error:  tensor(0.4701, grad_fn=<ToCopyBackward0>)
Memory status after this epoch: 
Memory allocated:  2.23095703125
Memory cached:  8.0
	 epoch  40 training error:  tensor(0.4354, grad_fn=<ToCopyBackward0>)
Memory status after this epoch: 
Memory allocated:  2.23095703125
Memory cached:  8.0
	 epoch  50 training error:  tensor(0.4072, grad_fn=<ToCopyBackward0>)
Memory status after this epoch: 
Memory allocated:  2.23095703125
Memory cached:  8.0
	 epoch  60 training error:  tensor(0.3830, grad_fn=<ToCopyBackward0>)
Memory status after this epoch: 
Memory allocated:  2.23095703125
Memory cached:  6.0
	 epoch  70 training error:  tensor(0.3618, grad_fn=<ToCopyBackward0>)
Memory status after this epoch: 
Memory allocated:  2.23095703125
Memory cached:  8.0
	 epoch  80 training error:  tensor(0.3430, grad_fn=<ToCopyBackward0>)
Memory status after this epoch: 
Memory allocated:  2.23095703125
Memory cached:  6.0
	 epoch  90 training error:  tensor(0.3277, grad_fn=<ToCopyBackward0>)
Memory status after this epoch: 
Memory allocated:  2.23095703125
Memory cached:  6.0
