[I 2024-01-03 17:20:33,172] Trial 55 finished with value: 0.08376957476139069 and parameters: {'W_layers': 5, 'W_layer_units_exponent_0': 9, 'W_layer_units_exponent_1': 6, 'W_layer_units_exponent_2': 5, 'W_layer_units_exponent_3': 7, 'W_layer_units_exponent_4': 5, 'D_layers': 3, 'D_layer_units_exponent_0': 10, 'D_layer_units_exponent_1': 7, 'D_layer_units_exponent_2': 9, 'D_dagger_layers': 6, 'D_dagger_layer_units_exponent_0': 6, 'D_dagger_layer_units_exponent_1': 10, 'D_dagger_layer_units_exponent_2': 8, 'D_dagger_layer_units_exponent_3': 8, 'D_dagger_layer_units_exponent_4': 9, 'D_dagger_layer_units_exponent_5': 7, 'log_learning_rate': -4.100201913048018, 'log_learning_rate_D': -3.77972532953728, 'log_learning_rate_D_dagger': -3.2708822053504445, 'training_batch_size': 12, 'training_p': 5}. Best is trial 55 with value: 0.08376957476139069.
res:  tensor(0.0838, device='cuda:0', grad_fn=<DivBackward0>)
self.bestValue:  tensor(0.0852, device='cuda:0', grad_fn=<DivBackward0>)
Save this model!
Time for this trial:  198.73127222061157
Memory status after this trial: 
Memory allocated:  250.35302734375
Memory cached:  476.0
--------------------  Trial  56   --------------------
Start timing: 
Parameters: 
{'W_layers': 5, 'W_layer_units_exponent_0': 8, 'W_layer_units_exponent_1': 6, 'W_layer_units_exponent_2': 5, 'W_layer_units_exponent_3': 7, 'W_layer_units_exponent_4': 4, 'D_layers': 3, 'D_layer_units_exponent_0': 10, 'D_layer_units_exponent_1': 7, 'D_layer_units_exponent_2': 8, 'D_dagger_layers': 6, 'D_dagger_layer_units_exponent_0': 8, 'D_dagger_layer_units_exponent_1': 10, 'D_dagger_layer_units_exponent_2': 8, 'D_dagger_layer_units_exponent_3': 8, 'D_dagger_layer_units_exponent_4': 9, 'D_dagger_layer_units_exponent_5': 7, 'log_learning_rate': -4.066876087581839, 'log_learning_rate_D': -3.69961042886338, 'log_learning_rate_D_dagger': -3.2467736481281144, 'training_batch_size': 11, 'training_p': 5}
	 epoch  0 training error:  tensor(1.0391, device='cuda:0', grad_fn=<DivBackward0>)
Memory status after this epoch: 
Memory allocated:  265.42431640625
Memory cached:  488.0
	 epoch  10 training error:  tensor(0.2531, device='cuda:0', grad_fn=<DivBackward0>)
Memory status after this epoch: 
Memory allocated:  265.42431640625
Memory cached:  524.0
	 epoch  20 training error:  tensor(0.1615, device='cuda:0', grad_fn=<DivBackward0>)
Memory status after this epoch: 
Memory allocated:  265.42431640625
Memory cached:  530.0
	 epoch  30 training error:  tensor(0.1436, device='cuda:0', grad_fn=<DivBackward0>)
Memory status after this epoch: 
Memory allocated:  265.42431640625
Memory cached:  532.0
	 epoch  40 training error:  tensor(0.1275, device='cuda:0', grad_fn=<DivBackward0>)
Memory status after this epoch: 
Memory allocated:  265.42431640625
Memory cached:  532.0
	 epoch  50 training error:  tensor(0.1232, device='cuda:0', grad_fn=<DivBackward0>)
Memory status after this epoch: 
Memory allocated:  265.42431640625
Memory cached:  526.0
	 epoch  60 training error:  tensor(0.1102, device='cuda:0', grad_fn=<DivBackward0>)
Memory status after this epoch: 
Memory allocated:  265.42431640625
Memory cached:  536.0
	 epoch  70 training error:  tensor(0.1132, device='cuda:0', grad_fn=<DivBackward0>)
Memory status after this epoch: 
Memory allocated:  265.42431640625
Memory cached:  528.0
	 epoch  80 training error:  tensor(0.1065, device='cuda:0', grad_fn=<DivBackward0>)
Memory status after this epoch: 
Memory allocated:  265.42431640625
Memory cached:  530.0
	 epoch  90 training error:  tensor(0.1071, device='cuda:0', grad_fn=<DivBackward0>)
Memory status after this epoch: 
Memory allocated:  265.42431640625
Memory cached:  532.0
[I 2024-01-03 17:23:47,963] Trial 56 finished with value: 0.08371806144714355 and parameters: {'W_layers': 5, 'W_layer_units_exponent_0': 8, 'W_layer_units_exponent_1': 6, 'W_layer_units_exponent_2': 5, 'W_layer_units_exponent_3': 7, 'W_layer_units_exponent_4': 4, 'D_layers': 3, 'D_layer_units_exponent_0': 10, 'D_layer_units_exponent_1': 7, 'D_layer_units_exponent_2': 8, 'D_dagger_layers': 6, 'D_dagger_layer_units_exponent_0': 8, 'D_dagger_layer_units_exponent_1': 10, 'D_dagger_layer_units_exponent_2': 8, 'D_dagger_layer_units_exponent_3': 8, 'D_dagger_layer_units_exponent_4': 9, 'D_dagger_layer_units_exponent_5': 7, 'log_learning_rate': -4.066876087581839, 'log_learning_rate_D': -3.69961042886338, 'log_learning_rate_D_dagger': -3.2467736481281144, 'training_batch_size': 11, 'training_p': 5}. Best is trial 56 with value: 0.08371806144714355.
res:  tensor(0.0837, device='cuda:0', grad_fn=<DivBackward0>)
self.bestValue:  tensor(0.0838, device='cuda:0', grad_fn=<DivBackward0>)
Save this model!
Time for this trial:  194.438884973526
Memory status after this trial: 
Memory allocated:  235.85693359375
Memory cached:  470.0
--------------------  Trial  57   --------------------
Start timing: 
Parameters: 
{'W_layers': 5, 'W_layer_units_exponent_0': 8, 'W_layer_units_exponent_1': 6, 'W_layer_units_exponent_2': 5, 'W_layer_units_exponent_3': 7, 'W_layer_units_exponent_4': 4, 'D_layers': 3, 'D_layer_units_exponent_0': 10, 'D_layer_units_exponent_1': 7, 'D_layer_units_exponent_2': 8, 'D_dagger_layers': 6, 'D_dagger_layer_units_exponent_0': 8, 'D_dagger_layer_units_exponent_1': 10, 'D_dagger_layer_units_exponent_2': 8, 'D_dagger_layer_units_exponent_3': 8, 'D_dagger_layer_units_exponent_4': 9, 'D_dagger_layer_units_exponent_5': 7, 'log_learning_rate': -4.136569617599973, 'log_learning_rate_D': -3.74884819056117, 'log_learning_rate_D_dagger': -3.2233862458941593, 'training_batch_size': 12, 'training_p': 5}
	 epoch  0 training error:  tensor(1.1027, device='cuda:0', grad_fn=<DivBackward0>)
Memory status after this epoch: 
Memory allocated:  250.92822265625
Memory cached:  478.0
	 epoch  10 training error:  tensor(0.2190, device='cuda:0', grad_fn=<DivBackward0>)
Memory status after this epoch: 
Memory allocated:  250.92822265625
Memory cached:  526.0
	 epoch  20 training error:  tensor(0.1792, device='cuda:0', grad_fn=<DivBackward0>)
Memory status after this epoch: 
Memory allocated:  250.92822265625
Memory cached:  510.0
	 epoch  30 training error:  tensor(0.1430, device='cuda:0', grad_fn=<DivBackward0>)
Memory status after this epoch: 
Memory allocated:  250.92822265625
Memory cached:  510.0
	 epoch  40 training error:  tensor(0.1282, device='cuda:0', grad_fn=<DivBackward0>)
Memory status after this epoch: 
Memory allocated:  250.92822265625
Memory cached:  522.0
	 epoch  50 training error:  tensor(0.1210, device='cuda:0', grad_fn=<DivBackward0>)
Memory status after this epoch: 
Memory allocated:  250.92822265625
Memory cached:  514.0
	 epoch  60 training error:  tensor(0.1109, device='cuda:0', grad_fn=<DivBackward0>)
Memory status after this epoch: 
Memory allocated:  250.92822265625
Memory cached:  514.0
	 epoch  70 training error:  tensor(0.1088, device='cuda:0', grad_fn=<DivBackward0>)
Memory status after this epoch: 
Memory allocated:  250.92822265625
Memory cached:  512.0
	 epoch  80 training error:  tensor(0.1091, device='cuda:0', grad_fn=<DivBackward0>)
Memory status after this epoch: 
Memory allocated:  250.92822265625
Memory cached:  512.0
	 epoch  90 training error:  tensor(0.1081, device='cuda:0', grad_fn=<DivBackward0>)
Memory status after this epoch: 
Memory allocated:  250.92822265625
Memory cached:  518.0
[I 2024-01-03 17:27:02,181] Trial 57 finished with value: 0.08424770832061768 and parameters: {'W_layers': 5, 'W_layer_units_exponent_0': 8, 'W_layer_units_exponent_1': 6, 'W_layer_units_exponent_2': 5, 'W_layer_units_exponent_3': 7, 'W_layer_units_exponent_4': 4, 'D_layers': 3, 'D_layer_units_exponent_0': 10, 'D_layer_units_exponent_1': 7, 'D_layer_units_exponent_2': 8, 'D_dagger_layers': 6, 'D_dagger_layer_units_exponent_0': 8, 'D_dagger_layer_units_exponent_1': 10, 'D_dagger_layer_units_exponent_2': 8, 'D_dagger_layer_units_exponent_3': 8, 'D_dagger_layer_units_exponent_4': 9, 'D_dagger_layer_units_exponent_5': 7, 'log_learning_rate': -4.136569617599973, 'log_learning_rate_D': -3.74884819056117, 'log_learning_rate_D_dagger': -3.2233862458941593, 'training_batch_size': 12, 'training_p': 5}. Best is trial 56 with value: 0.08371806144714355.
Time for this trial:  193.84786581993103
Memory status after this trial: 
Memory allocated:  471.630859375
Memory cached:  490.0
--------------------  Trial  58   --------------------
Start timing: 
Parameters: 
{'W_layers': 5, 'W_layer_units_exponent_0': 8, 'W_layer_units_exponent_1': 6, 'W_layer_units_exponent_2': 5, 'W_layer_units_exponent_3': 7, 'W_layer_units_exponent_4': 5, 'D_layers': 3, 'D_layer_units_exponent_0': 10, 'D_layer_units_exponent_1': 6, 'D_layer_units_exponent_2': 8, 'D_dagger_layers': 6, 'D_dagger_layer_units_exponent_0': 8, 'D_dagger_layer_units_exponent_1': 10, 'D_dagger_layer_units_exponent_2': 8, 'D_dagger_layer_units_exponent_3': 8, 'D_dagger_layer_units_exponent_4': 9, 'D_dagger_layer_units_exponent_5': 7, 'log_learning_rate': -4.035450559256305, 'log_learning_rate_D': -3.75755134223698, 'log_learning_rate_D_dagger': -3.245519889049372, 'training_batch_size': 11, 'training_p': 5}
	 epoch  0 training error:  tensor(1.0661, device='cuda:0', grad_fn=<DivBackward0>)
Memory status after this epoch: 
Memory allocated:  249.70947265625
Memory cached:  472.0
	 epoch  10 training error:  tensor(0.2671, device='cuda:0', grad_fn=<DivBackward0>)
Memory status after this epoch: 
Memory allocated:  249.70947265625
Memory cached:  486.0
	 epoch  20 training error:  tensor(0.1788, device='cuda:0', grad_fn=<DivBackward0>)
Memory status after this epoch: 
Memory allocated:  249.70947265625
Memory cached:  492.0
	 epoch  30 training error:  tensor(0.1516, device='cuda:0', grad_fn=<DivBackward0>)
Memory status after this epoch: 
Memory allocated:  249.70947265625
Memory cached:  490.0
	 epoch  40 training error:  tensor(0.1318, device='cuda:0', grad_fn=<DivBackward0>)
Memory status after this epoch: 
Memory allocated:  249.70947265625
Memory cached:  482.0
	 epoch  50 training error:  tensor(0.1178, device='cuda:0', grad_fn=<DivBackward0>)
Memory status after this epoch: 
Memory allocated:  249.70947265625
Memory cached:  490.0
	 epoch  60 training error:  tensor(0.1149, device='cuda:0', grad_fn=<DivBackward0>)
Memory status after this epoch: 
Memory allocated:  249.70947265625
Memory cached:  490.0
	 epoch  70 training error:  tensor(0.1089, device='cuda:0', grad_fn=<DivBackward0>)
Memory status after this epoch: 
Memory allocated:  249.70947265625
Memory cached:  490.0
	 epoch  80 training error:  tensor(0.1075, device='cuda:0', grad_fn=<DivBackward0>)
Memory status after this epoch: 
Memory allocated:  249.70947265625
Memory cached:  494.0
	 epoch  90 training error:  tensor(0.1138, device='cuda:0', grad_fn=<DivBackward0>)
Memory status after this epoch: 
Memory allocated:  249.70947265625
Memory cached:  494.0
[I 2024-01-03 17:30:18,437] Trial 58 finished with value: 0.0850202664732933 and parameters: {'W_layers': 5, 'W_layer_units_exponent_0': 8, 'W_layer_units_exponent_1': 6, 'W_layer_units_exponent_2': 5, 'W_layer_units_exponent_3': 7, 'W_layer_units_exponent_4': 5, 'D_layers': 3, 'D_layer_units_exponent_0': 10, 'D_layer_units_exponent_1': 6, 'D_layer_units_exponent_2': 8, 'D_dagger_layers': 6, 'D_dagger_layer_units_exponent_0': 8, 'D_dagger_layer_units_exponent_1': 10, 'D_dagger_layer_units_exponent_2': 8, 'D_dagger_layer_units_exponent_3': 8, 'D_dagger_layer_units_exponent_4': 9, 'D_dagger_layer_units_exponent_5': 7, 'log_learning_rate': -4.035450559256305, 'log_learning_rate_D': -3.75755134223698, 'log_learning_rate_D_dagger': -3.245519889049372, 'training_batch_size': 11, 'training_p': 5}. Best is trial 56 with value: 0.08371806144714355.
Time for this trial:  195.80042338371277
Memory status after this trial: 
Memory allocated:  468.2236328125
Memory cached:  484.0
--------------------  Trial  59   --------------------
Start timing: 
Parameters: 
{'W_layers': 5, 'W_layer_units_exponent_0': 8, 'W_layer_units_exponent_1': 6, 'W_layer_units_exponent_2': 5, 'W_layer_units_exponent_3': 7, 'W_layer_units_exponent_4': 5, 'D_layers': 2, 'D_layer_units_exponent_0': 10, 'D_layer_units_exponent_1': 6, 'D_dagger_layers': 6, 'D_dagger_layer_units_exponent_0': 8, 'D_dagger_layer_units_exponent_1': 10, 'D_dagger_layer_units_exponent_2': 7, 'D_dagger_layer_units_exponent_3': 8, 'D_dagger_layer_units_exponent_4': 9, 'D_dagger_layer_units_exponent_5': 7, 'log_learning_rate': -3.989818657003661, 'log_learning_rate_D': -3.7281921045467086, 'log_learning_rate_D_dagger': -3.199952955909734, 'training_batch_size': 12, 'training_p': 5}
	 epoch  0 training error:  tensor(1.0267, device='cuda:0', grad_fn=<DivBackward0>)
Memory status after this epoch: 
Memory allocated:  246.95166015625
Memory cached:  470.0
	 epoch  10 training error:  tensor(0.2539, device='cuda:0', grad_fn=<DivBackward0>)
Memory status after this epoch: 
Memory allocated:  246.95166015625
Memory cached:  482.0
	 epoch  20 training error:  tensor(0.1860, device='cuda:0', grad_fn=<DivBackward0>)
Memory status after this epoch: 
Memory allocated:  246.95166015625
Memory cached:  480.0
	 epoch  30 training error:  tensor(0.1438, device='cuda:0', grad_fn=<DivBackward0>)
Memory status after this epoch: 
Memory allocated:  246.95166015625
Memory cached:  484.0
	 epoch  40 training error:  tensor(0.1237, device='cuda:0', grad_fn=<DivBackward0>)
Memory status after this epoch: 
Memory allocated:  246.95166015625
Memory cached:  480.0
	 epoch  50 training error:  tensor(0.1154, device='cuda:0', grad_fn=<DivBackward0>)
Memory status after this epoch: 
Memory allocated:  246.95166015625
Memory cached:  482.0
	 epoch  60 training error:  tensor(0.1130, device='cuda:0', grad_fn=<DivBackward0>)
Memory status after this epoch: 
Memory allocated:  246.95166015625
Memory cached:  482.0
	 epoch  70 training error:  tensor(0.1086, device='cuda:0', grad_fn=<DivBackward0>)
Memory status after this epoch: 
Memory allocated:  246.95166015625
Memory cached:  484.0
	 epoch  80 training error:  tensor(0.1078, device='cuda:0', grad_fn=<DivBackward0>)
Memory status after this epoch: 
Memory allocated:  246.95166015625
Memory cached:  480.0
	 epoch  90 training error:  tensor(0.1060, device='cuda:0', grad_fn=<DivBackward0>)
Memory status after this epoch: 
Memory allocated:  246.95166015625
Memory cached:  486.0
[I 2024-01-03 17:33:23,402] Trial 59 finished with value: 0.08526469022035599 and parameters: {'W_layers': 5, 'W_layer_units_exponent_0': 8, 'W_layer_units_exponent_1': 6, 'W_layer_units_exponent_2': 5, 'W_layer_units_exponent_3': 7, 'W_layer_units_exponent_4': 5, 'D_layers': 2, 'D_layer_units_exponent_0': 10, 'D_layer_units_exponent_1': 6, 'D_dagger_layers': 6, 'D_dagger_layer_units_exponent_0': 8, 'D_dagger_layer_units_exponent_1': 10, 'D_dagger_layer_units_exponent_2': 7, 'D_dagger_layer_units_exponent_3': 8, 'D_dagger_layer_units_exponent_4': 9, 'D_dagger_layer_units_exponent_5': 7, 'log_learning_rate': -3.989818657003661, 'log_learning_rate_D': -3.7281921045467086, 'log_learning_rate_D_dagger': -3.199952955909734, 'training_batch_size': 12, 'training_p': 5}. Best is trial 56 with value: 0.08371806144714355.
Time for this trial:  184.57416701316833
Memory status after this trial: 
Memory allocated:  447.923828125
Memory cached:  472.0
--------------------  Trial  60   --------------------
Start timing: 
Parameters: 
{'W_layers': 5, 'W_layer_units_exponent_0': 8, 'W_layer_units_exponent_1': 6, 'W_layer_units_exponent_2': 5, 'W_layer_units_exponent_3': 7, 'W_layer_units_exponent_4': 6, 'D_layers': 3, 'D_layer_units_exponent_0': 10, 'D_layer_units_exponent_1': 6, 'D_layer_units_exponent_2': 8, 'D_dagger_layers': 6, 'D_dagger_layer_units_exponent_0': 8, 'D_dagger_layer_units_exponent_1': 10, 'D_dagger_layer_units_exponent_2': 8, 'D_dagger_layer_units_exponent_3': 8, 'D_dagger_layer_units_exponent_4': 9, 'D_dagger_layer_units_exponent_5': 7, 'log_learning_rate': -4.150373711575582, 'log_learning_rate_D': -3.8294024110567753, 'log_learning_rate_D_dagger': -3.2906093271486236, 'training_batch_size': 11, 'training_p': 5}
	 epoch  0 training error:  tensor(1.0052, device='cuda:0', grad_fn=<DivBackward0>)
Memory status after this epoch: 
Memory allocated:  249.77197265625
Memory cached:  470.0
	 epoch  10 training error:  tensor(0.2525, device='cuda:0', grad_fn=<DivBackward0>)
Memory status after this epoch: 
Memory allocated:  249.77197265625
Memory cached:  476.0
	 epoch  20 training error:  tensor(0.1862, device='cuda:0', grad_fn=<DivBackward0>)
Memory status after this epoch: 
Memory allocated:  249.77197265625
Memory cached:  484.0
	 epoch  30 training error:  tensor(0.1507, device='cuda:0', grad_fn=<DivBackward0>)
Memory status after this epoch: 
Memory allocated:  249.77197265625
Memory cached:  474.0
	 epoch  40 training error:  tensor(0.1295, device='cuda:0', grad_fn=<DivBackward0>)
Memory status after this epoch: 
Memory allocated:  249.77197265625
Memory cached:  478.0
	 epoch  50 training error:  tensor(0.1195, device='cuda:0', grad_fn=<DivBackward0>)
Memory status after this epoch: 
Memory allocated:  249.77197265625
Memory cached:  476.0
	 epoch  60 training error:  tensor(0.1109, device='cuda:0', grad_fn=<DivBackward0>)
Memory status after this epoch: 
Memory allocated:  249.77197265625
Memory cached:  476.0
	 epoch  70 training error:  tensor(0.1136, device='cuda:0', grad_fn=<DivBackward0>)
Memory status after this epoch: 
Memory allocated:  249.77197265625
Memory cached:  478.0
	 epoch  80 training error:  tensor(0.1334, device='cuda:0', grad_fn=<DivBackward0>)
Memory status after this epoch: 
Memory allocated:  249.77197265625
Memory cached:  478.0
	 epoch  90 training error:  tensor(0.1163, device='cuda:0', grad_fn=<DivBackward0>)
Memory status after this epoch: 
Memory allocated:  249.77197265625
Memory cached:  476.0
[I 2024-01-03 17:36:40,244] Trial 60 finished with value: 0.08579514175653458 and parameters: {'W_layers': 5, 'W_layer_units_exponent_0': 8, 'W_layer_units_exponent_1': 6, 'W_layer_units_exponent_2': 5, 'W_layer_units_exponent_3': 7, 'W_layer_units_exponent_4': 6, 'D_layers': 3, 'D_layer_units_exponent_0': 10, 'D_layer_units_exponent_1': 6, 'D_layer_units_exponent_2': 8, 'D_dagger_layers': 6, 'D_dagger_layer_units_exponent_0': 8, 'D_dagger_layer_units_exponent_1': 10, 'D_dagger_layer_units_exponent_2': 8, 'D_dagger_layer_units_exponent_3': 8, 'D_dagger_layer_units_exponent_4': 9, 'D_dagger_layer_units_exponent_5': 7, 'log_learning_rate': -4.150373711575582, 'log_learning_rate_D': -3.8294024110567753, 'log_learning_rate_D_dagger': -3.2906093271486236, 'training_batch_size': 11, 'training_p': 5}. Best is trial 56 with value: 0.08371806144714355.
Time for this trial:  196.36542057991028
Memory status after this trial: 
Memory allocated:  469.7197265625
Memory cached:  478.0
--------------------  Trial  61   --------------------
Start timing: 
Parameters: 
{'W_layers': 5, 'W_layer_units_exponent_0': 8, 'W_layer_units_exponent_1': 6, 'W_layer_units_exponent_2': 5, 'W_layer_units_exponent_3': 7, 'W_layer_units_exponent_4': 5, 'D_layers': 3, 'D_layer_units_exponent_0': 10, 'D_layer_units_exponent_1': 6, 'D_layer_units_exponent_2': 8, 'D_dagger_layers': 6, 'D_dagger_layer_units_exponent_0': 8, 'D_dagger_layer_units_exponent_1': 10, 'D_dagger_layer_units_exponent_2': 6, 'D_dagger_layer_units_exponent_3': 8, 'D_dagger_layer_units_exponent_4': 9, 'D_dagger_layer_units_exponent_5': 7, 'log_learning_rate': -3.8875953305236535, 'log_learning_rate_D': -3.6157262315995213, 'log_learning_rate_D_dagger': -3.1613695662721293, 'training_batch_size': 11, 'training_p': 5}
	 epoch  0 training error:  tensor(0.9733, device='cuda:0', grad_fn=<DivBackward0>)
Memory status after this epoch: 
Memory allocated:  245.95751953125
Memory cached:  478.0
	 epoch  10 training error:  tensor(0.2626, device='cuda:0', grad_fn=<DivBackward0>)
Memory status after this epoch: 
Memory allocated:  245.95751953125
Memory cached:  512.0
	 epoch  20 training error:  tensor(0.1819, device='cuda:0', grad_fn=<DivBackward0>)
Memory status after this epoch: 
Memory allocated:  245.95751953125
Memory cached:  500.0
	 epoch  30 training error:  tensor(0.1418, device='cuda:0', grad_fn=<DivBackward0>)
Memory status after this epoch: 
Memory allocated:  245.95751953125
Memory cached:  514.0
	 epoch  40 training error:  tensor(0.1218, device='cuda:0', grad_fn=<DivBackward0>)
Memory status after this epoch: 
Memory allocated:  245.95751953125
Memory cached:  502.0
	 epoch  50 training error:  tensor(0.1129, device='cuda:0', grad_fn=<DivBackward0>)
Memory status after this epoch: 
Memory allocated:  245.95751953125
Memory cached:  506.0
	 epoch  60 training error:  tensor(0.1118, device='cuda:0', grad_fn=<DivBackward0>)
Memory status after this epoch: 
Memory allocated:  245.95751953125
Memory cached:  512.0
	 epoch  70 training error:  tensor(0.1109, device='cuda:0', grad_fn=<DivBackward0>)
Memory status after this epoch: 
Memory allocated:  245.95751953125
Memory cached:  504.0
	 epoch  80 training error:  tensor(0.1061, device='cuda:0', grad_fn=<DivBackward0>)
Memory status after this epoch: 
Memory allocated:  245.95751953125
Memory cached:  508.0
	 epoch  90 training error:  tensor(0.1125, device='cuda:0', grad_fn=<DivBackward0>)
Memory status after this epoch: 
Memory allocated:  245.95751953125
Memory cached:  506.0
