[I 2023-12-03 03:21:25,341] Trial 24 finished with value: 0.0357326865196228 and parameters: {'W_layers': 4, 'W_layer_units_exponent_0': 7, 'W_layer_units_exponent_1': 7, 'W_layer_units_exponent_2': 5, 'W_layer_units_exponent_3': 7, 'D_layers': 4, 'D_layer_units_exponent_0': 8, 'D_layer_units_exponent_1': 7, 'D_layer_units_exponent_2': 7, 'D_layer_units_exponent_3': 5, 'D_dagger_layers': 4, 'D_dagger_layer_units_exponent_0': 9, 'D_dagger_layer_units_exponent_1': 9, 'D_dagger_layer_units_exponent_2': 5, 'D_dagger_layer_units_exponent_3': 8, 'log_learning_rate': -3.334829726551065, 'log_learning_rate_D': -2.9154705009093114, 'log_learning_rate_D_dagger': -3.1817747486030257, 'training_batch_size': 10, 'training_p': 4}. Best is trial 24 with value: 0.0357326865196228.
res:  tensor(0.0357, device='cuda:0', grad_fn=<DivBackward0>)
self.bestValue:  tensor(0.0503, device='cuda:0', grad_fn=<DivBackward0>)
Save this model!
Time for this trial:  163.35590386390686
Memory status after this trial: 
Memory allocated:  121.10400390625
Memory cached:  332.0
--------------------  Trial  25   --------------------
Start timing: 
Parameters: 
{'W_layers': 4, 'W_layer_units_exponent_0': 7, 'W_layer_units_exponent_1': 6, 'W_layer_units_exponent_2': 6, 'W_layer_units_exponent_3': 7, 'D_layers': 3, 'D_layer_units_exponent_0': 6, 'D_layer_units_exponent_1': 9, 'D_layer_units_exponent_2': 6, 'D_dagger_layers': 5, 'D_dagger_layer_units_exponent_0': 8, 'D_dagger_layer_units_exponent_1': 9, 'D_dagger_layer_units_exponent_2': 5, 'D_dagger_layer_units_exponent_3': 8, 'D_dagger_layer_units_exponent_4': 8, 'log_learning_rate': -3.309406204407528, 'log_learning_rate_D': -3.0306257733569195, 'log_learning_rate_D_dagger': -3.2665192361200246, 'training_batch_size': 10, 'training_p': 3}
	 epoch  0 training error:  tensor(0.9726, device='cuda:0', grad_fn=<DivBackward0>)
Memory status after this epoch: 
Memory allocated:  125.88818359375
Memory cached:  336.0
	 epoch  10 training error:  tensor(0.1739, device='cuda:0', grad_fn=<DivBackward0>)
Memory status after this epoch: 
Memory allocated:  125.88818359375
Memory cached:  354.0
	 epoch  20 training error:  tensor(0.1270, device='cuda:0', grad_fn=<DivBackward0>)
Memory status after this epoch: 
Memory allocated:  125.88818359375
Memory cached:  356.0
	 epoch  30 training error:  tensor(0.1163, device='cuda:0', grad_fn=<DivBackward0>)
Memory status after this epoch: 
Memory allocated:  125.88818359375
Memory cached:  352.0
	 epoch  40 training error:  tensor(0.1129, device='cuda:0', grad_fn=<DivBackward0>)
Memory status after this epoch: 
Memory allocated:  125.88818359375
Memory cached:  356.0
	 epoch  50 training error:  tensor(0.1093, device='cuda:0', grad_fn=<DivBackward0>)
Memory status after this epoch: 
Memory allocated:  125.88818359375
Memory cached:  352.0
	 epoch  60 training error:  tensor(0.1077, device='cuda:0', grad_fn=<DivBackward0>)
Memory status after this epoch: 
Memory allocated:  125.88818359375
Memory cached:  356.0
	 epoch  70 training error:  tensor(0.1050, device='cuda:0', grad_fn=<DivBackward0>)
Memory status after this epoch: 
Memory allocated:  125.88818359375
Memory cached:  354.0
	 epoch  80 training error:  tensor(0.0958, device='cuda:0', grad_fn=<DivBackward0>)
Memory status after this epoch: 
Memory allocated:  125.88818359375
Memory cached:  356.0
	 epoch  90 training error:  tensor(0.0927, device='cuda:0', grad_fn=<DivBackward0>)
Memory status after this epoch: 
Memory allocated:  125.88818359375
Memory cached:  354.0
[I 2023-12-03 03:24:12,644] Trial 25 finished with value: 0.05550349876284599 and parameters: {'W_layers': 4, 'W_layer_units_exponent_0': 7, 'W_layer_units_exponent_1': 6, 'W_layer_units_exponent_2': 6, 'W_layer_units_exponent_3': 7, 'D_layers': 3, 'D_layer_units_exponent_0': 6, 'D_layer_units_exponent_1': 9, 'D_layer_units_exponent_2': 6, 'D_dagger_layers': 5, 'D_dagger_layer_units_exponent_0': 8, 'D_dagger_layer_units_exponent_1': 9, 'D_dagger_layer_units_exponent_2': 5, 'D_dagger_layer_units_exponent_3': 8, 'D_dagger_layer_units_exponent_4': 8, 'log_learning_rate': -3.309406204407528, 'log_learning_rate_D': -3.0306257733569195, 'log_learning_rate_D_dagger': -3.2665192361200246, 'training_batch_size': 10, 'training_p': 3}. Best is trial 24 with value: 0.0357326865196228.
Time for this trial:  167.083265542984
Memory status after this trial: 
Memory allocated:  244.8056640625
Memory cached:  342.0
--------------------  Trial  26   --------------------
Start timing: 
Parameters: 
{'W_layers': 3, 'W_layer_units_exponent_0': 7, 'W_layer_units_exponent_1': 7, 'W_layer_units_exponent_2': 7, 'D_layers': 7, 'D_layer_units_exponent_0': 8, 'D_layer_units_exponent_1': 6, 'D_layer_units_exponent_2': 7, 'D_layer_units_exponent_3': 5, 'D_layer_units_exponent_4': 7, 'D_layer_units_exponent_5': 8, 'D_layer_units_exponent_6': 7, 'D_dagger_layers': 4, 'D_dagger_layer_units_exponent_0': 10, 'D_dagger_layer_units_exponent_1': 8, 'D_dagger_layer_units_exponent_2': 5, 'D_dagger_layer_units_exponent_3': 10, 'log_learning_rate': -2.8987639374226326, 'log_learning_rate_D': -2.723337214990067, 'log_learning_rate_D_dagger': -3.5118935490324414, 'training_batch_size': 11, 'training_p': 4}
	 epoch  0 training error:  tensor(1.0802, device='cuda:0', grad_fn=<DivBackward0>)
Memory status after this epoch: 
Memory allocated:  127.89794921875
Memory cached:  342.0
	 epoch  10 training error:  tensor(0.2507, device='cuda:0', grad_fn=<DivBackward0>)
Memory status after this epoch: 
Memory allocated:  127.89794921875
Memory cached:  360.0
	 epoch  20 training error:  tensor(0.1664, device='cuda:0', grad_fn=<DivBackward0>)
Memory status after this epoch: 
Memory allocated:  127.89794921875
Memory cached:  362.0
	 epoch  30 training error:  tensor(0.1448, device='cuda:0', grad_fn=<DivBackward0>)
Memory status after this epoch: 
Memory allocated:  127.89794921875
Memory cached:  356.0
	 epoch  40 training error:  tensor(0.1300, device='cuda:0', grad_fn=<DivBackward0>)
Memory status after this epoch: 
Memory allocated:  127.89794921875
Memory cached:  360.0
	 epoch  50 training error:  tensor(0.1249, device='cuda:0', grad_fn=<DivBackward0>)
Memory status after this epoch: 
Memory allocated:  127.89794921875
Memory cached:  360.0
	 epoch  60 training error:  tensor(0.1223, device='cuda:0', grad_fn=<DivBackward0>)
Memory status after this epoch: 
Memory allocated:  127.89794921875
Memory cached:  362.0
	 epoch  70 training error:  tensor(0.1148, device='cuda:0', grad_fn=<DivBackward0>)
Memory status after this epoch: 
Memory allocated:  127.89794921875
Memory cached:  356.0
	 epoch  80 training error:  tensor(0.1106, device='cuda:0', grad_fn=<DivBackward0>)
Memory status after this epoch: 
Memory allocated:  127.89794921875
Memory cached:  354.0
	 epoch  90 training error:  tensor(0.0543, device='cuda:0', grad_fn=<DivBackward0>)
Memory status after this epoch: 
Memory allocated:  127.89794921875
Memory cached:  360.0
[I 2023-12-03 03:27:22,778] Trial 26 finished with value: 0.03358081728219986 and parameters: {'W_layers': 3, 'W_layer_units_exponent_0': 7, 'W_layer_units_exponent_1': 7, 'W_layer_units_exponent_2': 7, 'D_layers': 7, 'D_layer_units_exponent_0': 8, 'D_layer_units_exponent_1': 6, 'D_layer_units_exponent_2': 7, 'D_layer_units_exponent_3': 5, 'D_layer_units_exponent_4': 7, 'D_layer_units_exponent_5': 8, 'D_layer_units_exponent_6': 7, 'D_dagger_layers': 4, 'D_dagger_layer_units_exponent_0': 10, 'D_dagger_layer_units_exponent_1': 8, 'D_dagger_layer_units_exponent_2': 5, 'D_dagger_layer_units_exponent_3': 10, 'log_learning_rate': -2.8987639374226326, 'log_learning_rate_D': -2.723337214990067, 'log_learning_rate_D_dagger': -3.5118935490324414, 'training_batch_size': 11, 'training_p': 4}. Best is trial 26 with value: 0.03358081728219986.
res:  tensor(0.0336, device='cuda:0', grad_fn=<DivBackward0>)
self.bestValue:  tensor(0.0357, device='cuda:0', grad_fn=<DivBackward0>)
Save this model!
Time for this trial:  189.88862133026123
Memory status after this trial: 
Memory allocated:  191.744140625
Memory cached:  320.0
--------------------  Trial  27   --------------------
Start timing: 
Parameters: 
{'W_layers': 2, 'W_layer_units_exponent_0': 6, 'W_layer_units_exponent_1': 6, 'D_layers': 7, 'D_layer_units_exponent_0': 9, 'D_layer_units_exponent_1': 4, 'D_layer_units_exponent_2': 7, 'D_layer_units_exponent_3': 5, 'D_layer_units_exponent_4': 7, 'D_layer_units_exponent_5': 8, 'D_layer_units_exponent_6': 7, 'D_dagger_layers': 4, 'D_dagger_layer_units_exponent_0': 9, 'D_dagger_layer_units_exponent_1': 9, 'D_dagger_layer_units_exponent_2': 5, 'D_dagger_layer_units_exponent_3': 8, 'log_learning_rate': -2.8905528901319335, 'log_learning_rate_D': -3.0335099422927128, 'log_learning_rate_D_dagger': -3.7944540887715656, 'training_batch_size': 11, 'training_p': 4}
	 epoch  0 training error:  tensor(1.0052, device='cuda:0', grad_fn=<DivBackward0>)
Memory status after this epoch: 
Memory allocated:  197.5908203125
Memory cached:  324.0
	 epoch  10 training error:  tensor(0.1518, device='cuda:0', grad_fn=<DivBackward0>)
Memory status after this epoch: 
Memory allocated:  197.5908203125
Memory cached:  346.0
	 epoch  20 training error:  tensor(0.1615, device='cuda:0', grad_fn=<DivBackward0>)
Memory status after this epoch: 
Memory allocated:  197.5908203125
Memory cached:  346.0
	 epoch  30 training error:  tensor(0.1385, device='cuda:0', grad_fn=<DivBackward0>)
Memory status after this epoch: 
Memory allocated:  197.5908203125
Memory cached:  348.0
	 epoch  40 training error:  tensor(0.1308, device='cuda:0', grad_fn=<DivBackward0>)
Memory status after this epoch: 
Memory allocated:  197.5908203125
Memory cached:  340.0
	 epoch  50 training error:  tensor(0.1298, device='cuda:0', grad_fn=<DivBackward0>)
Memory status after this epoch: 
Memory allocated:  197.5908203125
Memory cached:  344.0
	 epoch  60 training error:  tensor(0.1290, device='cuda:0', grad_fn=<DivBackward0>)
Memory status after this epoch: 
Memory allocated:  197.5908203125
Memory cached:  348.0
	 epoch  70 training error:  tensor(0.1275, device='cuda:0', grad_fn=<DivBackward0>)
Memory status after this epoch: 
Memory allocated:  197.5908203125
Memory cached:  350.0
	 epoch  80 training error:  tensor(0.1241, device='cuda:0', grad_fn=<DivBackward0>)
Memory status after this epoch: 
Memory allocated:  197.5908203125
Memory cached:  346.0
	 epoch  90 training error:  tensor(0.1187, device='cuda:0', grad_fn=<DivBackward0>)
Memory status after this epoch: 
Memory allocated:  197.5908203125
Memory cached:  348.0
[I 2023-12-03 03:30:21,912] Trial 27 finished with value: 0.08821316808462143 and parameters: {'W_layers': 2, 'W_layer_units_exponent_0': 6, 'W_layer_units_exponent_1': 6, 'D_layers': 7, 'D_layer_units_exponent_0': 9, 'D_layer_units_exponent_1': 4, 'D_layer_units_exponent_2': 7, 'D_layer_units_exponent_3': 5, 'D_layer_units_exponent_4': 7, 'D_layer_units_exponent_5': 8, 'D_layer_units_exponent_6': 7, 'D_dagger_layers': 4, 'D_dagger_layer_units_exponent_0': 9, 'D_dagger_layer_units_exponent_1': 9, 'D_dagger_layer_units_exponent_2': 5, 'D_dagger_layer_units_exponent_3': 8, 'log_learning_rate': -2.8905528901319335, 'log_learning_rate_D': -3.0335099422927128, 'log_learning_rate_D_dagger': -3.7944540887715656, 'training_batch_size': 11, 'training_p': 4}. Best is trial 26 with value: 0.03358081728219986.
Time for this trial:  178.90799117088318
Memory status after this trial: 
Memory allocated:  332.08740234375
Memory cached:  336.0
--------------------  Trial  28   --------------------
Start timing: 
Parameters: 
{'W_layers': 4, 'W_layer_units_exponent_0': 5, 'W_layer_units_exponent_1': 7, 'W_layer_units_exponent_2': 10, 'W_layer_units_exponent_3': 7, 'D_layers': 6, 'D_layer_units_exponent_0': 8, 'D_layer_units_exponent_1': 6, 'D_layer_units_exponent_2': 7, 'D_layer_units_exponent_3': 5, 'D_layer_units_exponent_4': 6, 'D_layer_units_exponent_5': 8, 'D_dagger_layers': 4, 'D_dagger_layer_units_exponent_0': 10, 'D_dagger_layer_units_exponent_1': 7, 'D_dagger_layer_units_exponent_2': 4, 'D_dagger_layer_units_exponent_3': 9, 'log_learning_rate': -3.105051162631166, 'log_learning_rate_D': -3.6607578518964736, 'log_learning_rate_D_dagger': -4.248367305331488, 'training_batch_size': 12, 'training_p': 3}
	 epoch  0 training error:  tensor(0.9915, device='cuda:0', grad_fn=<DivBackward0>)
Memory status after this epoch: 
Memory allocated:  198.8486328125
Memory cached:  330.0
	 epoch  10 training error:  tensor(0.2228, device='cuda:0', grad_fn=<DivBackward0>)
Memory status after this epoch: 
Memory allocated:  198.8486328125
Memory cached:  374.0
	 epoch  20 training error:  tensor(0.1581, device='cuda:0', grad_fn=<DivBackward0>)
Memory status after this epoch: 
Memory allocated:  198.8486328125
Memory cached:  362.0
	 epoch  30 training error:  tensor(0.1370, device='cuda:0', grad_fn=<DivBackward0>)
Memory status after this epoch: 
Memory allocated:  198.8486328125
Memory cached:  362.0
	 epoch  40 training error:  tensor(0.1262, device='cuda:0', grad_fn=<DivBackward0>)
Memory status after this epoch: 
Memory allocated:  198.8486328125
Memory cached:  376.0
	 epoch  50 training error:  tensor(0.1208, device='cuda:0', grad_fn=<DivBackward0>)
Memory status after this epoch: 
Memory allocated:  198.8486328125
Memory cached:  366.0
	 epoch  60 training error:  tensor(0.1161, device='cuda:0', grad_fn=<DivBackward0>)
Memory status after this epoch: 
Memory allocated:  198.8486328125
Memory cached:  366.0
	 epoch  70 training error:  tensor(0.1157, device='cuda:0', grad_fn=<DivBackward0>)
Memory status after this epoch: 
Memory allocated:  198.8486328125
Memory cached:  368.0
	 epoch  80 training error:  tensor(0.1155, device='cuda:0', grad_fn=<DivBackward0>)
Memory status after this epoch: 
Memory allocated:  198.8486328125
Memory cached:  374.0
	 epoch  90 training error:  tensor(0.1133, device='cuda:0', grad_fn=<DivBackward0>)
Memory status after this epoch: 
Memory allocated:  198.8486328125
Memory cached:  362.0
[I 2023-12-03 03:33:37,398] Trial 28 finished with value: 0.09628045558929443 and parameters: {'W_layers': 4, 'W_layer_units_exponent_0': 5, 'W_layer_units_exponent_1': 7, 'W_layer_units_exponent_2': 10, 'W_layer_units_exponent_3': 7, 'D_layers': 6, 'D_layer_units_exponent_0': 8, 'D_layer_units_exponent_1': 6, 'D_layer_units_exponent_2': 7, 'D_layer_units_exponent_3': 5, 'D_layer_units_exponent_4': 6, 'D_layer_units_exponent_5': 8, 'D_dagger_layers': 4, 'D_dagger_layer_units_exponent_0': 10, 'D_dagger_layer_units_exponent_1': 7, 'D_dagger_layer_units_exponent_2': 4, 'D_dagger_layer_units_exponent_3': 9, 'log_learning_rate': -3.105051162631166, 'log_learning_rate_D': -3.6607578518964736, 'log_learning_rate_D_dagger': -4.248367305331488, 'training_batch_size': 12, 'training_p': 3}. Best is trial 26 with value: 0.03358081728219986.
Time for this trial:  195.22013068199158
Memory status after this trial: 
Memory allocated:  391.046875
Memory cached:  396.0
--------------------  Trial  29   --------------------
Start timing: 
Parameters: 
{'W_layers': 3, 'W_layer_units_exponent_0': 7, 'W_layer_units_exponent_1': 6, 'W_layer_units_exponent_2': 7, 'D_layers': 7, 'D_layer_units_exponent_0': 10, 'D_layer_units_exponent_1': 5, 'D_layer_units_exponent_2': 5, 'D_layer_units_exponent_3': 5, 'D_layer_units_exponent_4': 6, 'D_layer_units_exponent_5': 8, 'D_layer_units_exponent_6': 7, 'D_dagger_layers': 3, 'D_dagger_layer_units_exponent_0': 8, 'D_dagger_layer_units_exponent_1': 10, 'D_dagger_layer_units_exponent_2': 5, 'log_learning_rate': -2.752148784195407, 'log_learning_rate_D': -4.137836170063715, 'log_learning_rate_D_dagger': -3.4195180776932235, 'training_batch_size': 11, 'training_p': 4}
	 epoch  0 training error:  tensor(0.9420, device='cuda:0', grad_fn=<DivBackward0>)
Memory status after this epoch: 
Memory allocated:  197.9462890625
Memory cached:  326.0
	 epoch  10 training error:  tensor(0.2632, device='cuda:0', grad_fn=<DivBackward0>)
Memory status after this epoch: 
Memory allocated:  197.9462890625
Memory cached:  348.0
	 epoch  20 training error:  tensor(0.1399, device='cuda:0', grad_fn=<DivBackward0>)
Memory status after this epoch: 
Memory allocated:  197.9462890625
Memory cached:  354.0
	 epoch  30 training error:  tensor(0.1323, device='cuda:0', grad_fn=<DivBackward0>)
Memory status after this epoch: 
Memory allocated:  197.9462890625
Memory cached:  364.0
	 epoch  40 training error:  tensor(0.1303, device='cuda:0', grad_fn=<DivBackward0>)
Memory status after this epoch: 
Memory allocated:  197.9462890625
Memory cached:  358.0
	 epoch  50 training error:  tensor(0.1285, device='cuda:0', grad_fn=<DivBackward0>)
Memory status after this epoch: 
Memory allocated:  197.9462890625
Memory cached:  356.0
	 epoch  60 training error:  tensor(0.1277, device='cuda:0', grad_fn=<DivBackward0>)
Memory status after this epoch: 
Memory allocated:  197.9462890625
Memory cached:  362.0
	 epoch  70 training error:  tensor(0.1218, device='cuda:0', grad_fn=<DivBackward0>)
Memory status after this epoch: 
Memory allocated:  197.9462890625
Memory cached:  368.0
	 epoch  80 training error:  tensor(0.1163, device='cuda:0', grad_fn=<DivBackward0>)
Memory status after this epoch: 
Memory allocated:  197.9462890625
Memory cached:  358.0
	 epoch  90 training error:  tensor(0.1071, device='cuda:0', grad_fn=<DivBackward0>)
Memory status after this epoch: 
Memory allocated:  197.9462890625
Memory cached:  356.0
[I 2023-12-03 03:36:38,773] Trial 29 finished with value: 0.07963073253631592 and parameters: {'W_layers': 3, 'W_layer_units_exponent_0': 7, 'W_layer_units_exponent_1': 6, 'W_layer_units_exponent_2': 7, 'D_layers': 7, 'D_layer_units_exponent_0': 10, 'D_layer_units_exponent_1': 5, 'D_layer_units_exponent_2': 5, 'D_layer_units_exponent_3': 5, 'D_layer_units_exponent_4': 6, 'D_layer_units_exponent_5': 8, 'D_layer_units_exponent_6': 7, 'D_dagger_layers': 3, 'D_dagger_layer_units_exponent_0': 8, 'D_dagger_layer_units_exponent_1': 10, 'D_dagger_layer_units_exponent_2': 5, 'log_learning_rate': -2.752148784195407, 'log_learning_rate_D': -4.137836170063715, 'log_learning_rate_D_dagger': -3.4195180776932235, 'training_batch_size': 11, 'training_p': 4}. Best is trial 26 with value: 0.03358081728219986.
Time for this trial:  181.11751985549927
Memory status after this trial: 
Memory allocated:  363.02734375
Memory cached:  368.0
--------------------  Trial  30   --------------------
Start timing: 
Parameters: 
{'W_layers': 7, 'W_layer_units_exponent_0': 5, 'W_layer_units_exponent_1': 5, 'W_layer_units_exponent_2': 7, 'W_layer_units_exponent_3': 8, 'W_layer_units_exponent_4': 6, 'W_layer_units_exponent_5': 8, 'W_layer_units_exponent_6': 4, 'D_layers': 7, 'D_layer_units_exponent_0': 10, 'D_layer_units_exponent_1': 6, 'D_layer_units_exponent_2': 7, 'D_layer_units_exponent_3': 4, 'D_layer_units_exponent_4': 8, 'D_layer_units_exponent_5': 4, 'D_layer_units_exponent_6': 9, 'D_dagger_layers': 3, 'D_dagger_layer_units_exponent_0': 7, 'D_dagger_layer_units_exponent_1': 8, 'D_dagger_layer_units_exponent_2': 6, 'log_learning_rate': -3.3232109152371905, 'log_learning_rate_D': -3.1652944415392663, 'log_learning_rate_D_dagger': -3.660651777965711, 'training_batch_size': 12, 'training_p': 2}
	 epoch  0 training error:  tensor(1.0095, device='cuda:0', grad_fn=<DivBackward0>)
Memory status after this epoch: 
Memory allocated:  195.1845703125
Memory cached:  328.0
	 epoch  10 training error:  tensor(0.4955, device='cuda:0', grad_fn=<DivBackward0>)
Memory status after this epoch: 
Memory allocated:  195.1845703125
Memory cached:  364.0
	 epoch  20 training error:  tensor(0.1161, device='cuda:0', grad_fn=<DivBackward0>)
Memory status after this epoch: 
Memory allocated:  195.1845703125
Memory cached:  360.0
	 epoch  30 training error:  tensor(0.1045, device='cuda:0', grad_fn=<DivBackward0>)
Memory status after this epoch: 
Memory allocated:  195.1845703125
Memory cached:  352.0
	 epoch  40 training error:  tensor(0.0987, device='cuda:0', grad_fn=<DivBackward0>)
Memory status after this epoch: 
Memory allocated:  195.1845703125
Memory cached:  354.0
	 epoch  50 training error:  tensor(0.0942, device='cuda:0', grad_fn=<DivBackward0>)
Memory status after this epoch: 
Memory allocated:  195.1845703125
Memory cached:  350.0
	 epoch  60 training error:  tensor(0.0941, device='cuda:0', grad_fn=<DivBackward0>)
Memory status after this epoch: 
Memory allocated:  195.1845703125
Memory cached:  356.0
	 epoch  70 training error:  tensor(0.0937, device='cuda:0', grad_fn=<DivBackward0>)
Memory status after this epoch: 
Memory allocated:  195.1845703125
Memory cached:  370.0
	 epoch  80 training error:  tensor(0.0913, device='cuda:0', grad_fn=<DivBackward0>)
Memory status after this epoch: 
Memory allocated:  195.1845703125
Memory cached:  360.0
	 epoch  90 training error:  tensor(0.0891, device='cuda:0', grad_fn=<DivBackward0>)
Memory status after this epoch: 
Memory allocated:  195.1845703125
Memory cached:  354.0
