[I 2024-01-13 00:27:52,192] Trial 83 finished with value: 0.09842509776353836 and parameters: {'W_layers': 2, 'W_layer_units_exponent_0': 6, 'W_layer_units_exponent_1': 4, 'D_layers': 5, 'D_layer_units_exponent_0': 4, 'D_layer_units_exponent_1': 5, 'D_layer_units_exponent_2': 6, 'D_layer_units_exponent_3': 8, 'D_layer_units_exponent_4': 6, 'D_dagger_layers': 3, 'D_dagger_layer_units_exponent_0': 9, 'D_dagger_layer_units_exponent_1': 9, 'D_dagger_layer_units_exponent_2': 7, 'log_learning_rate': -4.627762658634195, 'log_learning_rate_D': -3.1196836233744714, 'log_learning_rate_D_dagger': -3.173400038617722, 'training_batch_size': 6, 'training_p': 6}. Best is trial 52 with value: 0.08323463052511215.
Time for this trial:  380.39846444129944
Memory status after this trial: 
Memory allocated:  495.23583984375
Memory cached:  612.0
--------------------  Trial  84   --------------------
Start timing: 
Parameters: 
{'W_layers': 3, 'W_layer_units_exponent_0': 6, 'W_layer_units_exponent_1': 4, 'W_layer_units_exponent_2': 7, 'D_layers': 5, 'D_layer_units_exponent_0': 4, 'D_layer_units_exponent_1': 4, 'D_layer_units_exponent_2': 6, 'D_layer_units_exponent_3': 8, 'D_layer_units_exponent_4': 6, 'D_dagger_layers': 3, 'D_dagger_layer_units_exponent_0': 9, 'D_dagger_layer_units_exponent_1': 8, 'D_dagger_layer_units_exponent_2': 7, 'log_learning_rate': -4.61235780081296, 'log_learning_rate_D': -2.817910773302732, 'log_learning_rate_D_dagger': -3.4685706626771236, 'training_batch_size': 6, 'training_p': 7}
	 epoch  0 training error:  tensor(0.8399, device='cuda:0', grad_fn=<DivBackward0>)
Memory status after this epoch: 
Memory allocated:  321.1015625
Memory cached:  612.0
	 epoch  10 training error:  tensor(0.5220, device='cuda:0', grad_fn=<DivBackward0>)
Memory status after this epoch: 
Memory allocated:  321.1015625
Memory cached:  612.0
	 epoch  20 training error:  tensor(0.5156, device='cuda:0', grad_fn=<DivBackward0>)
Memory status after this epoch: 
Memory allocated:  321.1015625
Memory cached:  612.0
	 epoch  30 training error:  tensor(0.5187, device='cuda:0', grad_fn=<DivBackward0>)
Memory status after this epoch: 
Memory allocated:  321.1015625
Memory cached:  612.0
	 epoch  40 training error:  tensor(0.4895, device='cuda:0', grad_fn=<DivBackward0>)
Memory status after this epoch: 
Memory allocated:  321.1015625
Memory cached:  612.0
	 epoch  50 training error:  tensor(0.4421, device='cuda:0', grad_fn=<DivBackward0>)
Memory status after this epoch: 
Memory allocated:  321.1015625
Memory cached:  612.0
	 epoch  60 training error:  tensor(0.3250, device='cuda:0', grad_fn=<DivBackward0>)
Memory status after this epoch: 
Memory allocated:  321.1015625
Memory cached:  612.0
	 epoch  70 training error:  tensor(0.2790, device='cuda:0', grad_fn=<DivBackward0>)
Memory status after this epoch: 
Memory allocated:  321.1015625
Memory cached:  612.0
	 epoch  80 training error:  tensor(0.2503, device='cuda:0', grad_fn=<DivBackward0>)
Memory status after this epoch: 
Memory allocated:  321.1015625
Memory cached:  612.0
	 epoch  90 training error:  tensor(0.1657, device='cuda:0', grad_fn=<DivBackward0>)
Memory status after this epoch: 
Memory allocated:  321.1015625
Memory cached:  612.0
[I 2024-01-13 00:34:35,888] Trial 84 finished with value: 0.15236122906208038 and parameters: {'W_layers': 3, 'W_layer_units_exponent_0': 6, 'W_layer_units_exponent_1': 4, 'W_layer_units_exponent_2': 7, 'D_layers': 5, 'D_layer_units_exponent_0': 4, 'D_layer_units_exponent_1': 4, 'D_layer_units_exponent_2': 6, 'D_layer_units_exponent_3': 8, 'D_layer_units_exponent_4': 6, 'D_dagger_layers': 3, 'D_dagger_layer_units_exponent_0': 9, 'D_dagger_layer_units_exponent_1': 8, 'D_dagger_layer_units_exponent_2': 7, 'log_learning_rate': -4.61235780081296, 'log_learning_rate_D': -2.817910773302732, 'log_learning_rate_D_dagger': -3.4685706626771236, 'training_batch_size': 6, 'training_p': 7}. Best is trial 52 with value: 0.08323463052511215.
Time for this trial:  403.3007228374481
Memory status after this trial: 
Memory allocated:  476.91796875
Memory cached:  612.0
--------------------  Trial  85   --------------------
Start timing: 
Parameters: 
{'W_layers': 2, 'W_layer_units_exponent_0': 5, 'W_layer_units_exponent_1': 4, 'D_layers': 5, 'D_layer_units_exponent_0': 4, 'D_layer_units_exponent_1': 5, 'D_layer_units_exponent_2': 6, 'D_layer_units_exponent_3': 9, 'D_layer_units_exponent_4': 5, 'D_dagger_layers': 3, 'D_dagger_layer_units_exponent_0': 8, 'D_dagger_layer_units_exponent_1': 9, 'D_dagger_layer_units_exponent_2': 10, 'log_learning_rate': -4.9122823142258625, 'log_learning_rate_D': -2.921347672899109, 'log_learning_rate_D_dagger': -3.2727597885437874, 'training_batch_size': 6, 'training_p': 6}
	 epoch  0 training error:  tensor(0.9811, device='cuda:0', grad_fn=<DivBackward0>)
Memory status after this epoch: 
Memory allocated:  328.853515625
Memory cached:  614.0
	 epoch  10 training error:  tensor(0.5049, device='cuda:0', grad_fn=<DivBackward0>)
Memory status after this epoch: 
Memory allocated:  328.853515625
Memory cached:  612.0
	 epoch  20 training error:  tensor(0.4920, device='cuda:0', grad_fn=<DivBackward0>)
Memory status after this epoch: 
Memory allocated:  328.853515625
Memory cached:  614.0
	 epoch  30 training error:  tensor(0.4883, device='cuda:0', grad_fn=<DivBackward0>)
Memory status after this epoch: 
Memory allocated:  328.853515625
Memory cached:  614.0
	 epoch  40 training error:  tensor(0.4816, device='cuda:0', grad_fn=<DivBackward0>)
Memory status after this epoch: 
Memory allocated:  328.853515625
Memory cached:  612.0
	 epoch  50 training error:  tensor(0.4397, device='cuda:0', grad_fn=<DivBackward0>)
Memory status after this epoch: 
Memory allocated:  328.853515625
Memory cached:  612.0
	 epoch  60 training error:  tensor(0.4719, device='cuda:0', grad_fn=<DivBackward0>)
Memory status after this epoch: 
Memory allocated:  328.853515625
Memory cached:  612.0
	 epoch  70 training error:  tensor(0.3320, device='cuda:0', grad_fn=<DivBackward0>)
Memory status after this epoch: 
Memory allocated:  328.853515625
Memory cached:  612.0
	 epoch  80 training error:  tensor(0.2887, device='cuda:0', grad_fn=<DivBackward0>)
Memory status after this epoch: 
Memory allocated:  328.853515625
Memory cached:  614.0
	 epoch  90 training error:  tensor(0.2686, device='cuda:0', grad_fn=<DivBackward0>)
Memory status after this epoch: 
Memory allocated:  328.853515625
Memory cached:  614.0
[I 2024-01-13 00:41:05,590] Trial 85 finished with value: 0.1756119728088379 and parameters: {'W_layers': 2, 'W_layer_units_exponent_0': 5, 'W_layer_units_exponent_1': 4, 'D_layers': 5, 'D_layer_units_exponent_0': 4, 'D_layer_units_exponent_1': 5, 'D_layer_units_exponent_2': 6, 'D_layer_units_exponent_3': 9, 'D_layer_units_exponent_4': 5, 'D_dagger_layers': 3, 'D_dagger_layer_units_exponent_0': 8, 'D_dagger_layer_units_exponent_1': 9, 'D_dagger_layer_units_exponent_2': 10, 'log_learning_rate': -4.9122823142258625, 'log_learning_rate_D': -2.921347672899109, 'log_learning_rate_D_dagger': -3.2727597885437874, 'training_batch_size': 6, 'training_p': 6}. Best is trial 52 with value: 0.08323463052511215.
Time for this trial:  389.29104495048523
Memory status after this trial: 
Memory allocated:  573.30615234375
Memory cached:  614.0
--------------------  Trial  86   --------------------
Start timing: 
Parameters: 
{'W_layers': 2, 'W_layer_units_exponent_0': 5, 'W_layer_units_exponent_1': 5, 'D_layers': 5, 'D_layer_units_exponent_0': 4, 'D_layer_units_exponent_1': 5, 'D_layer_units_exponent_2': 7, 'D_layer_units_exponent_3': 8, 'D_layer_units_exponent_4': 6, 'D_dagger_layers': 2, 'D_dagger_layer_units_exponent_0': 4, 'D_dagger_layer_units_exponent_1': 9, 'log_learning_rate': -4.70958549523209, 'log_learning_rate_D': -2.9375039160183314, 'log_learning_rate_D_dagger': -2.961540949088875, 'training_batch_size': 6, 'training_p': 7}
	 epoch  0 training error:  tensor(0.6894, device='cuda:0', grad_fn=<DivBackward0>)
Memory status after this epoch: 
Memory allocated:  318.982421875
Memory cached:  612.0
	 epoch  10 training error:  tensor(0.5260, device='cuda:0', grad_fn=<DivBackward0>)
Memory status after this epoch: 
Memory allocated:  318.982421875
Memory cached:  612.0
	 epoch  20 training error:  tensor(0.5161, device='cuda:0', grad_fn=<DivBackward0>)
Memory status after this epoch: 
Memory allocated:  318.982421875
Memory cached:  612.0
	 epoch  30 training error:  tensor(0.5123, device='cuda:0', grad_fn=<DivBackward0>)
Memory status after this epoch: 
Memory allocated:  318.982421875
Memory cached:  612.0
	 epoch  40 training error:  tensor(0.5097, device='cuda:0', grad_fn=<DivBackward0>)
Memory status after this epoch: 
Memory allocated:  318.982421875
Memory cached:  612.0
	 epoch  50 training error:  tensor(0.4924, device='cuda:0', grad_fn=<DivBackward0>)
Memory status after this epoch: 
Memory allocated:  318.982421875
Memory cached:  612.0
	 epoch  60 training error:  tensor(0.4675, device='cuda:0', grad_fn=<DivBackward0>)
Memory status after this epoch: 
Memory allocated:  318.982421875
Memory cached:  612.0
	 epoch  70 training error:  tensor(0.3895, device='cuda:0', grad_fn=<DivBackward0>)
Memory status after this epoch: 
Memory allocated:  318.982421875
Memory cached:  612.0
	 epoch  80 training error:  tensor(0.3237, device='cuda:0', grad_fn=<DivBackward0>)
Memory status after this epoch: 
Memory allocated:  318.982421875
Memory cached:  612.0
	 epoch  90 training error:  tensor(0.3516, device='cuda:0', grad_fn=<DivBackward0>)
Memory status after this epoch: 
Memory allocated:  318.982421875
Memory cached:  612.0
[I 2024-01-13 00:47:02,507] Trial 86 finished with value: 0.20567162334918976 and parameters: {'W_layers': 2, 'W_layer_units_exponent_0': 5, 'W_layer_units_exponent_1': 5, 'D_layers': 5, 'D_layer_units_exponent_0': 4, 'D_layer_units_exponent_1': 5, 'D_layer_units_exponent_2': 7, 'D_layer_units_exponent_3': 8, 'D_layer_units_exponent_4': 6, 'D_dagger_layers': 2, 'D_dagger_layer_units_exponent_0': 4, 'D_dagger_layer_units_exponent_1': 9, 'log_learning_rate': -4.70958549523209, 'log_learning_rate_D': -2.9375039160183314, 'log_learning_rate_D_dagger': -2.961540949088875, 'training_batch_size': 6, 'training_p': 7}. Best is trial 52 with value: 0.08323463052511215.
Time for this trial:  356.47331738471985
Memory status after this trial: 
Memory allocated:  425.23583984375
Memory cached:  612.0
--------------------  Trial  87   --------------------
Start timing: 
Parameters: 
{'W_layers': 2, 'W_layer_units_exponent_0': 6, 'W_layer_units_exponent_1': 4, 'D_layers': 4, 'D_layer_units_exponent_0': 5, 'D_layer_units_exponent_1': 5, 'D_layer_units_exponent_2': 6, 'D_layer_units_exponent_3': 10, 'D_dagger_layers': 3, 'D_dagger_layer_units_exponent_0': 9, 'D_dagger_layer_units_exponent_1': 8, 'D_dagger_layer_units_exponent_2': 7, 'log_learning_rate': -4.624181689857922, 'log_learning_rate_D': -3.0836631706203965, 'log_learning_rate_D_dagger': -3.1753425467247434, 'training_batch_size': 6, 'training_p': 6}
	 epoch  0 training error:  tensor(0.7589, device='cuda:0', grad_fn=<DivBackward0>)
Memory status after this epoch: 
Memory allocated:  321.619140625
Memory cached:  612.0
	 epoch  10 training error:  tensor(0.4967, device='cuda:0', grad_fn=<DivBackward0>)
Memory status after this epoch: 
Memory allocated:  321.619140625
Memory cached:  612.0
	 epoch  20 training error:  tensor(0.4922, device='cuda:0', grad_fn=<DivBackward0>)
Memory status after this epoch: 
Memory allocated:  321.619140625
Memory cached:  612.0
	 epoch  30 training error:  tensor(0.4916, device='cuda:0', grad_fn=<DivBackward0>)
Memory status after this epoch: 
Memory allocated:  321.619140625
Memory cached:  612.0
	 epoch  40 training error:  tensor(0.4332, device='cuda:0', grad_fn=<DivBackward0>)
Memory status after this epoch: 
Memory allocated:  321.619140625
Memory cached:  612.0
	 epoch  50 training error:  tensor(0.3337, device='cuda:0', grad_fn=<DivBackward0>)
Memory status after this epoch: 
Memory allocated:  321.619140625
Memory cached:  612.0
	 epoch  60 training error:  tensor(0.2510, device='cuda:0', grad_fn=<DivBackward0>)
Memory status after this epoch: 
Memory allocated:  321.619140625
Memory cached:  612.0
	 epoch  70 training error:  tensor(0.2187, device='cuda:0', grad_fn=<DivBackward0>)
Memory status after this epoch: 
Memory allocated:  321.619140625
Memory cached:  612.0
	 epoch  80 training error:  tensor(0.1667, device='cuda:0', grad_fn=<DivBackward0>)
Memory status after this epoch: 
Memory allocated:  321.619140625
Memory cached:  612.0
	 epoch  90 training error:  tensor(0.1700, device='cuda:0', grad_fn=<DivBackward0>)
Memory status after this epoch: 
Memory allocated:  321.619140625
Memory cached:  612.0
[I 2024-01-13 00:53:06,118] Trial 87 finished with value: 0.08975224941968918 and parameters: {'W_layers': 2, 'W_layer_units_exponent_0': 6, 'W_layer_units_exponent_1': 4, 'D_layers': 4, 'D_layer_units_exponent_0': 5, 'D_layer_units_exponent_1': 5, 'D_layer_units_exponent_2': 6, 'D_layer_units_exponent_3': 10, 'D_dagger_layers': 3, 'D_dagger_layer_units_exponent_0': 9, 'D_dagger_layer_units_exponent_1': 8, 'D_dagger_layer_units_exponent_2': 7, 'log_learning_rate': -4.624181689857922, 'log_learning_rate_D': -3.0836631706203965, 'log_learning_rate_D_dagger': -3.1753425467247434, 'training_batch_size': 6, 'training_p': 6}. Best is trial 52 with value: 0.08323463052511215.
Time for this trial:  363.21312046051025
Memory status after this trial: 
Memory allocated:  528.5390625
Memory cached:  612.0
--------------------  Trial  88   --------------------
Start timing: 
Parameters: 
{'W_layers': 2, 'W_layer_units_exponent_0': 6, 'W_layer_units_exponent_1': 4, 'D_layers': 4, 'D_layer_units_exponent_0': 5, 'D_layer_units_exponent_1': 4, 'D_layer_units_exponent_2': 8, 'D_layer_units_exponent_3': 10, 'D_dagger_layers': 4, 'D_dagger_layer_units_exponent_0': 5, 'D_dagger_layer_units_exponent_1': 8, 'D_dagger_layer_units_exponent_2': 7, 'D_dagger_layer_units_exponent_3': 4, 'log_learning_rate': -4.912980263631001, 'log_learning_rate_D': -3.0831559129270873, 'log_learning_rate_D_dagger': -3.1515559529724495, 'training_batch_size': 7, 'training_p': 6}
	 epoch  0 training error:  tensor(0.9509, device='cuda:0', grad_fn=<DivBackward0>)
Memory status after this epoch: 
Memory allocated:  322.7333984375
Memory cached:  614.0
	 epoch  10 training error:  tensor(0.5219, device='cuda:0', grad_fn=<DivBackward0>)
Memory status after this epoch: 
Memory allocated:  322.7333984375
Memory cached:  616.0
	 epoch  20 training error:  tensor(0.4984, device='cuda:0', grad_fn=<DivBackward0>)
Memory status after this epoch: 
Memory allocated:  322.7333984375
Memory cached:  614.0
	 epoch  30 training error:  tensor(0.4976, device='cuda:0', grad_fn=<DivBackward0>)
Memory status after this epoch: 
Memory allocated:  322.7333984375
Memory cached:  616.0
	 epoch  40 training error:  tensor(0.4962, device='cuda:0', grad_fn=<DivBackward0>)
Memory status after this epoch: 
Memory allocated:  322.7333984375
Memory cached:  620.0
	 epoch  50 training error:  tensor(0.4928, device='cuda:0', grad_fn=<DivBackward0>)
Memory status after this epoch: 
Memory allocated:  322.7333984375
Memory cached:  616.0
	 epoch  60 training error:  tensor(0.4865, device='cuda:0', grad_fn=<DivBackward0>)
Memory status after this epoch: 
Memory allocated:  322.7333984375
Memory cached:  616.0
	 epoch  70 training error:  tensor(0.4711, device='cuda:0', grad_fn=<DivBackward0>)
Memory status after this epoch: 
Memory allocated:  322.7333984375
Memory cached:  616.0
	 epoch  80 training error:  tensor(0.4078, device='cuda:0', grad_fn=<DivBackward0>)
Memory status after this epoch: 
Memory allocated:  322.7333984375
Memory cached:  616.0
	 epoch  90 training error:  tensor(0.3379, device='cuda:0', grad_fn=<DivBackward0>)
Memory status after this epoch: 
Memory allocated:  322.7333984375
Memory cached:  620.0
[I 2024-01-13 00:57:41,610] Trial 88 finished with value: 0.20493793487548828 and parameters: {'W_layers': 2, 'W_layer_units_exponent_0': 6, 'W_layer_units_exponent_1': 4, 'D_layers': 4, 'D_layer_units_exponent_0': 5, 'D_layer_units_exponent_1': 4, 'D_layer_units_exponent_2': 8, 'D_layer_units_exponent_3': 10, 'D_dagger_layers': 4, 'D_dagger_layer_units_exponent_0': 5, 'D_dagger_layer_units_exponent_1': 8, 'D_dagger_layer_units_exponent_2': 7, 'D_dagger_layer_units_exponent_3': 4, 'log_learning_rate': -4.912980263631001, 'log_learning_rate_D': -3.0831559129270873, 'log_learning_rate_D_dagger': -3.1515559529724495, 'training_batch_size': 7, 'training_p': 6}. Best is trial 52 with value: 0.08323463052511215.
Time for this trial:  275.10393047332764
Memory status after this trial: 
Memory allocated:  499.83056640625
Memory cached:  614.0
--------------------  Trial  89   --------------------
Start timing: 
Parameters: 
{'W_layers': 2, 'W_layer_units_exponent_0': 6, 'W_layer_units_exponent_1': 4, 'D_layers': 4, 'D_layer_units_exponent_0': 5, 'D_layer_units_exponent_1': 5, 'D_layer_units_exponent_2': 6, 'D_layer_units_exponent_3': 10, 'D_dagger_layers': 3, 'D_dagger_layer_units_exponent_0': 8, 'D_dagger_layer_units_exponent_1': 8, 'D_dagger_layer_units_exponent_2': 7, 'log_learning_rate': -4.634065684198878, 'log_learning_rate_D': -3.1411058792974735, 'log_learning_rate_D_dagger': -3.3194004556557624, 'training_batch_size': 6, 'training_p': 6}
	 epoch  0 training error:  tensor(0.8263, device='cuda:0', grad_fn=<DivBackward0>)
Memory status after this epoch: 
Memory allocated:  320.607421875
Memory cached:  612.0
	 epoch  10 training error:  tensor(0.5047, device='cuda:0', grad_fn=<DivBackward0>)
Memory status after this epoch: 
Memory allocated:  320.607421875
Memory cached:  612.0
	 epoch  20 training error:  tensor(0.4959, device='cuda:0', grad_fn=<DivBackward0>)
Memory status after this epoch: 
Memory allocated:  320.607421875
Memory cached:  612.0
	 epoch  30 training error:  tensor(0.4949, device='cuda:0', grad_fn=<DivBackward0>)
Memory status after this epoch: 
Memory allocated:  320.607421875
Memory cached:  612.0
	 epoch  40 training error:  tensor(0.4919, device='cuda:0', grad_fn=<DivBackward0>)
Memory status after this epoch: 
Memory allocated:  320.607421875
Memory cached:  612.0
	 epoch  50 training error:  tensor(0.4559, device='cuda:0', grad_fn=<DivBackward0>)
Memory status after this epoch: 
Memory allocated:  320.607421875
Memory cached:  612.0
	 epoch  60 training error:  tensor(0.4037, device='cuda:0', grad_fn=<DivBackward0>)
Memory status after this epoch: 
Memory allocated:  320.607421875
Memory cached:  612.0
	 epoch  70 training error:  tensor(0.2795, device='cuda:0', grad_fn=<DivBackward0>)
Memory status after this epoch: 
Memory allocated:  320.607421875
Memory cached:  612.0
	 epoch  80 training error:  tensor(0.2247, device='cuda:0', grad_fn=<DivBackward0>)
Memory status after this epoch: 
Memory allocated:  320.607421875
Memory cached:  612.0
	 epoch  90 training error:  tensor(0.2768, device='cuda:0', grad_fn=<DivBackward0>)
Memory status after this epoch: 
Memory allocated:  320.607421875
Memory cached:  612.0
