[I 2024-01-26 07:13:53,234] Trial 204 finished with value: 0.1699814647436142 and parameters: {'W_layers': 7, 'W_layer_units_exponent_0': 7, 'W_layer_units_exponent_1': 7, 'W_layer_units_exponent_2': 5, 'W_layer_units_exponent_3': 4, 'W_layer_units_exponent_4': 10, 'W_layer_units_exponent_5': 10, 'W_layer_units_exponent_6': 10, 'D_layers': 5, 'D_layer_units_exponent_0': 4, 'D_layer_units_exponent_1': 6, 'D_layer_units_exponent_2': 5, 'D_layer_units_exponent_3': 4, 'D_layer_units_exponent_4': 7, 'D_dagger_layers': 5, 'D_dagger_layer_units_exponent_0': 9, 'D_dagger_layer_units_exponent_1': 10, 'D_dagger_layer_units_exponent_2': 9, 'D_dagger_layer_units_exponent_3': 6, 'D_dagger_layer_units_exponent_4': 5, 'log_learning_rate': -3.580666191964997, 'log_learning_rate_D': -2.645928239021233, 'log_learning_rate_D_dagger': -3.262057891668471, 'training_batch_size': 9, 'training_p': 2}. Best is trial 202 with value: 0.16663706302642822.
Time for this trial:  25.21797513961792
Memory status after this trial: 
Memory allocated:  1222.61181640625
Memory cached:  1278.0
--------------------  Trial  205   --------------------
Start timing: 
Parameters: 
{'W_layers': 7, 'W_layer_units_exponent_0': 7, 'W_layer_units_exponent_1': 7, 'W_layer_units_exponent_2': 5, 'W_layer_units_exponent_3': 4, 'W_layer_units_exponent_4': 10, 'W_layer_units_exponent_5': 10, 'W_layer_units_exponent_6': 10, 'D_layers': 5, 'D_layer_units_exponent_0': 4, 'D_layer_units_exponent_1': 6, 'D_layer_units_exponent_2': 5, 'D_layer_units_exponent_3': 4, 'D_layer_units_exponent_4': 7, 'D_dagger_layers': 5, 'D_dagger_layer_units_exponent_0': 9, 'D_dagger_layer_units_exponent_1': 10, 'D_dagger_layer_units_exponent_2': 9, 'D_dagger_layer_units_exponent_3': 6, 'D_dagger_layer_units_exponent_4': 5, 'log_learning_rate': -3.5623925308300652, 'log_learning_rate_D': -2.6527196954451906, 'log_learning_rate_D_dagger': -3.2224013165174004, 'training_batch_size': 9, 'training_p': 2}
	 epoch  0 training error:  tensor(0.9670, device='cuda:0', grad_fn=<DivBackward0>)
Memory status after this epoch: 
Memory allocated:  661.69482421875
Memory cached:  786.0
	 epoch  10 training error:  tensor(0.2798, device='cuda:0', grad_fn=<DivBackward0>)
Memory status after this epoch: 
Memory allocated:  661.69482421875
Memory cached:  786.0
	 epoch  20 training error:  tensor(0.2158, device='cuda:0', grad_fn=<DivBackward0>)
Memory status after this epoch: 
Memory allocated:  661.69482421875
Memory cached:  786.0
	 epoch  30 training error:  tensor(0.1944, device='cuda:0', grad_fn=<DivBackward0>)
Memory status after this epoch: 
Memory allocated:  661.69482421875
Memory cached:  786.0
	 epoch  40 training error:  tensor(0.1961, device='cuda:0', grad_fn=<DivBackward0>)
Memory status after this epoch: 
Memory allocated:  661.69482421875
Memory cached:  786.0
	 epoch  50 training error:  tensor(0.1899, device='cuda:0', grad_fn=<DivBackward0>)
Memory status after this epoch: 
Memory allocated:  661.69482421875
Memory cached:  786.0
	 epoch  60 training error:  tensor(0.1900, device='cuda:0', grad_fn=<DivBackward0>)
Memory status after this epoch: 
Memory allocated:  661.69482421875
Memory cached:  786.0
	 epoch  70 training error:  tensor(0.1920, device='cuda:0', grad_fn=<DivBackward0>)
Memory status after this epoch: 
Memory allocated:  661.69482421875
Memory cached:  786.0
	 epoch  80 training error:  tensor(0.1921, device='cuda:0', grad_fn=<DivBackward0>)
Memory status after this epoch: 
Memory allocated:  661.69482421875
Memory cached:  786.0
	 epoch  90 training error:  tensor(0.1909, device='cuda:0', grad_fn=<DivBackward0>)
Memory status after this epoch: 
Memory allocated:  661.69482421875
Memory cached:  786.0
[I 2024-01-26 07:14:18,722] Trial 205 finished with value: 0.1696288138628006 and parameters: {'W_layers': 7, 'W_layer_units_exponent_0': 7, 'W_layer_units_exponent_1': 7, 'W_layer_units_exponent_2': 5, 'W_layer_units_exponent_3': 4, 'W_layer_units_exponent_4': 10, 'W_layer_units_exponent_5': 10, 'W_layer_units_exponent_6': 10, 'D_layers': 5, 'D_layer_units_exponent_0': 4, 'D_layer_units_exponent_1': 6, 'D_layer_units_exponent_2': 5, 'D_layer_units_exponent_3': 4, 'D_layer_units_exponent_4': 7, 'D_dagger_layers': 5, 'D_dagger_layer_units_exponent_0': 9, 'D_dagger_layer_units_exponent_1': 10, 'D_dagger_layer_units_exponent_2': 9, 'D_dagger_layer_units_exponent_3': 6, 'D_dagger_layer_units_exponent_4': 5, 'log_learning_rate': -3.5623925308300652, 'log_learning_rate_D': -2.6527196954451906, 'log_learning_rate_D_dagger': -3.2224013165174004, 'training_batch_size': 9, 'training_p': 2}. Best is trial 202 with value: 0.16663706302642822.
Time for this trial:  25.08675527572632
Memory status after this trial: 
Memory allocated:  1222.61181640625
Memory cached:  1278.0
--------------------  Trial  206   --------------------
Start timing: 
Parameters: 
{'W_layers': 7, 'W_layer_units_exponent_0': 7, 'W_layer_units_exponent_1': 7, 'W_layer_units_exponent_2': 5, 'W_layer_units_exponent_3': 4, 'W_layer_units_exponent_4': 10, 'W_layer_units_exponent_5': 10, 'W_layer_units_exponent_6': 10, 'D_layers': 5, 'D_layer_units_exponent_0': 4, 'D_layer_units_exponent_1': 6, 'D_layer_units_exponent_2': 5, 'D_layer_units_exponent_3': 4, 'D_layer_units_exponent_4': 7, 'D_dagger_layers': 5, 'D_dagger_layer_units_exponent_0': 9, 'D_dagger_layer_units_exponent_1': 10, 'D_dagger_layer_units_exponent_2': 9, 'D_dagger_layer_units_exponent_3': 6, 'D_dagger_layer_units_exponent_4': 5, 'log_learning_rate': -3.5457702200191386, 'log_learning_rate_D': -2.6506495396442884, 'log_learning_rate_D_dagger': -3.1754798251467395, 'training_batch_size': 9, 'training_p': 2}
	 epoch  0 training error:  tensor(1.0577, device='cuda:0', grad_fn=<DivBackward0>)
Memory status after this epoch: 
Memory allocated:  661.69482421875
Memory cached:  786.0
	 epoch  10 training error:  tensor(0.2233, device='cuda:0', grad_fn=<DivBackward0>)
Memory status after this epoch: 
Memory allocated:  661.69482421875
Memory cached:  786.0
	 epoch  20 training error:  tensor(0.2229, device='cuda:0', grad_fn=<DivBackward0>)
Memory status after this epoch: 
Memory allocated:  661.69482421875
Memory cached:  786.0
	 epoch  30 training error:  tensor(0.2096, device='cuda:0', grad_fn=<DivBackward0>)
Memory status after this epoch: 
Memory allocated:  661.69482421875
Memory cached:  786.0
	 epoch  40 training error:  tensor(0.1939, device='cuda:0', grad_fn=<DivBackward0>)
Memory status after this epoch: 
Memory allocated:  661.69482421875
Memory cached:  786.0
	 epoch  50 training error:  tensor(0.1919, device='cuda:0', grad_fn=<DivBackward0>)
Memory status after this epoch: 
Memory allocated:  661.69482421875
Memory cached:  786.0
	 epoch  60 training error:  tensor(0.1885, device='cuda:0', grad_fn=<DivBackward0>)
Memory status after this epoch: 
Memory allocated:  661.69482421875
Memory cached:  786.0
	 epoch  70 training error:  tensor(0.1920, device='cuda:0', grad_fn=<DivBackward0>)
Memory status after this epoch: 
Memory allocated:  661.69482421875
Memory cached:  786.0
	 epoch  80 training error:  tensor(0.1885, device='cuda:0', grad_fn=<DivBackward0>)
Memory status after this epoch: 
Memory allocated:  661.69482421875
Memory cached:  786.0
	 epoch  90 training error:  tensor(0.1901, device='cuda:0', grad_fn=<DivBackward0>)
Memory status after this epoch: 
Memory allocated:  661.69482421875
Memory cached:  786.0
[I 2024-01-26 07:14:44,330] Trial 206 finished with value: 0.170213982462883 and parameters: {'W_layers': 7, 'W_layer_units_exponent_0': 7, 'W_layer_units_exponent_1': 7, 'W_layer_units_exponent_2': 5, 'W_layer_units_exponent_3': 4, 'W_layer_units_exponent_4': 10, 'W_layer_units_exponent_5': 10, 'W_layer_units_exponent_6': 10, 'D_layers': 5, 'D_layer_units_exponent_0': 4, 'D_layer_units_exponent_1': 6, 'D_layer_units_exponent_2': 5, 'D_layer_units_exponent_3': 4, 'D_layer_units_exponent_4': 7, 'D_dagger_layers': 5, 'D_dagger_layer_units_exponent_0': 9, 'D_dagger_layer_units_exponent_1': 10, 'D_dagger_layer_units_exponent_2': 9, 'D_dagger_layer_units_exponent_3': 6, 'D_dagger_layer_units_exponent_4': 5, 'log_learning_rate': -3.5457702200191386, 'log_learning_rate_D': -2.6506495396442884, 'log_learning_rate_D_dagger': -3.1754798251467395, 'training_batch_size': 9, 'training_p': 2}. Best is trial 202 with value: 0.16663706302642822.
Time for this trial:  25.222845792770386
Memory status after this trial: 
Memory allocated:  1222.61181640625
Memory cached:  1278.0
--------------------  Trial  207   --------------------
Start timing: 
Parameters: 
{'W_layers': 7, 'W_layer_units_exponent_0': 7, 'W_layer_units_exponent_1': 7, 'W_layer_units_exponent_2': 5, 'W_layer_units_exponent_3': 4, 'W_layer_units_exponent_4': 10, 'W_layer_units_exponent_5': 10, 'W_layer_units_exponent_6': 10, 'D_layers': 5, 'D_layer_units_exponent_0': 4, 'D_layer_units_exponent_1': 6, 'D_layer_units_exponent_2': 5, 'D_layer_units_exponent_3': 4, 'D_layer_units_exponent_4': 7, 'D_dagger_layers': 5, 'D_dagger_layer_units_exponent_0': 9, 'D_dagger_layer_units_exponent_1': 10, 'D_dagger_layer_units_exponent_2': 9, 'D_dagger_layer_units_exponent_3': 6, 'D_dagger_layer_units_exponent_4': 5, 'log_learning_rate': -3.559976500528212, 'log_learning_rate_D': -2.6113728091726665, 'log_learning_rate_D_dagger': -3.2075533789845854, 'training_batch_size': 9, 'training_p': 2}
	 epoch  0 training error:  tensor(0.9875, device='cuda:0', grad_fn=<DivBackward0>)
Memory status after this epoch: 
Memory allocated:  661.69482421875
Memory cached:  786.0
	 epoch  10 training error:  tensor(0.2494, device='cuda:0', grad_fn=<DivBackward0>)
Memory status after this epoch: 
Memory allocated:  661.69482421875
Memory cached:  786.0
	 epoch  20 training error:  tensor(0.2112, device='cuda:0', grad_fn=<DivBackward0>)
Memory status after this epoch: 
Memory allocated:  661.69482421875
Memory cached:  786.0
	 epoch  30 training error:  tensor(0.1895, device='cuda:0', grad_fn=<DivBackward0>)
Memory status after this epoch: 
Memory allocated:  661.69482421875
Memory cached:  786.0
	 epoch  40 training error:  tensor(0.1904, device='cuda:0', grad_fn=<DivBackward0>)
Memory status after this epoch: 
Memory allocated:  661.69482421875
Memory cached:  786.0
	 epoch  50 training error:  tensor(0.1920, device='cuda:0', grad_fn=<DivBackward0>)
Memory status after this epoch: 
Memory allocated:  661.69482421875
Memory cached:  786.0
	 epoch  60 training error:  tensor(0.1867, device='cuda:0', grad_fn=<DivBackward0>)
Memory status after this epoch: 
Memory allocated:  661.69482421875
Memory cached:  786.0
	 epoch  70 training error:  tensor(0.1870, device='cuda:0', grad_fn=<DivBackward0>)
Memory status after this epoch: 
Memory allocated:  661.69482421875
Memory cached:  786.0
	 epoch  80 training error:  tensor(0.1871, device='cuda:0', grad_fn=<DivBackward0>)
Memory status after this epoch: 
Memory allocated:  661.69482421875
Memory cached:  786.0
	 epoch  90 training error:  tensor(0.1916, device='cuda:0', grad_fn=<DivBackward0>)
Memory status after this epoch: 
Memory allocated:  661.69482421875
Memory cached:  786.0
[I 2024-01-26 07:15:09,995] Trial 207 finished with value: 0.16716322302818298 and parameters: {'W_layers': 7, 'W_layer_units_exponent_0': 7, 'W_layer_units_exponent_1': 7, 'W_layer_units_exponent_2': 5, 'W_layer_units_exponent_3': 4, 'W_layer_units_exponent_4': 10, 'W_layer_units_exponent_5': 10, 'W_layer_units_exponent_6': 10, 'D_layers': 5, 'D_layer_units_exponent_0': 4, 'D_layer_units_exponent_1': 6, 'D_layer_units_exponent_2': 5, 'D_layer_units_exponent_3': 4, 'D_layer_units_exponent_4': 7, 'D_dagger_layers': 5, 'D_dagger_layer_units_exponent_0': 9, 'D_dagger_layer_units_exponent_1': 10, 'D_dagger_layer_units_exponent_2': 9, 'D_dagger_layer_units_exponent_3': 6, 'D_dagger_layer_units_exponent_4': 5, 'log_learning_rate': -3.559976500528212, 'log_learning_rate_D': -2.6113728091726665, 'log_learning_rate_D_dagger': -3.2075533789845854, 'training_batch_size': 9, 'training_p': 2}. Best is trial 202 with value: 0.16663706302642822.
Time for this trial:  25.208754777908325
Memory status after this trial: 
Memory allocated:  1222.61181640625
Memory cached:  1278.0
--------------------  Trial  208   --------------------
Start timing: 
Parameters: 
{'W_layers': 7, 'W_layer_units_exponent_0': 7, 'W_layer_units_exponent_1': 7, 'W_layer_units_exponent_2': 5, 'W_layer_units_exponent_3': 4, 'W_layer_units_exponent_4': 10, 'W_layer_units_exponent_5': 10, 'W_layer_units_exponent_6': 10, 'D_layers': 5, 'D_layer_units_exponent_0': 4, 'D_layer_units_exponent_1': 6, 'D_layer_units_exponent_2': 5, 'D_layer_units_exponent_3': 4, 'D_layer_units_exponent_4': 7, 'D_dagger_layers': 5, 'D_dagger_layer_units_exponent_0': 9, 'D_dagger_layer_units_exponent_1': 10, 'D_dagger_layer_units_exponent_2': 9, 'D_dagger_layer_units_exponent_3': 6, 'D_dagger_layer_units_exponent_4': 5, 'log_learning_rate': -3.5790690287307676, 'log_learning_rate_D': -2.5917846502007515, 'log_learning_rate_D_dagger': -3.201459484143447, 'training_batch_size': 9, 'training_p': 2}
	 epoch  0 training error:  tensor(1.0092, device='cuda:0', grad_fn=<DivBackward0>)
Memory status after this epoch: 
Memory allocated:  661.69482421875
Memory cached:  786.0
	 epoch  10 training error:  tensor(0.2481, device='cuda:0', grad_fn=<DivBackward0>)
Memory status after this epoch: 
Memory allocated:  661.69482421875
Memory cached:  786.0
	 epoch  20 training error:  tensor(0.2298, device='cuda:0', grad_fn=<DivBackward0>)
Memory status after this epoch: 
Memory allocated:  661.69482421875
Memory cached:  786.0
	 epoch  30 training error:  tensor(0.2045, device='cuda:0', grad_fn=<DivBackward0>)
Memory status after this epoch: 
Memory allocated:  661.69482421875
Memory cached:  786.0
	 epoch  40 training error:  tensor(0.1941, device='cuda:0', grad_fn=<DivBackward0>)
Memory status after this epoch: 
Memory allocated:  661.69482421875
Memory cached:  786.0
	 epoch  50 training error:  tensor(0.1893, device='cuda:0', grad_fn=<DivBackward0>)
Memory status after this epoch: 
Memory allocated:  661.69482421875
Memory cached:  786.0
	 epoch  60 training error:  tensor(0.1871, device='cuda:0', grad_fn=<DivBackward0>)
Memory status after this epoch: 
Memory allocated:  661.69482421875
Memory cached:  786.0
	 epoch  70 training error:  tensor(0.1878, device='cuda:0', grad_fn=<DivBackward0>)
Memory status after this epoch: 
Memory allocated:  661.69482421875
Memory cached:  786.0
	 epoch  80 training error:  tensor(0.1899, device='cuda:0', grad_fn=<DivBackward0>)
Memory status after this epoch: 
Memory allocated:  661.69482421875
Memory cached:  786.0
	 epoch  90 training error:  tensor(0.1896, device='cuda:0', grad_fn=<DivBackward0>)
Memory status after this epoch: 
Memory allocated:  661.69482421875
Memory cached:  786.0
[I 2024-01-26 07:15:35,897] Trial 208 finished with value: 0.17425404489040375 and parameters: {'W_layers': 7, 'W_layer_units_exponent_0': 7, 'W_layer_units_exponent_1': 7, 'W_layer_units_exponent_2': 5, 'W_layer_units_exponent_3': 4, 'W_layer_units_exponent_4': 10, 'W_layer_units_exponent_5': 10, 'W_layer_units_exponent_6': 10, 'D_layers': 5, 'D_layer_units_exponent_0': 4, 'D_layer_units_exponent_1': 6, 'D_layer_units_exponent_2': 5, 'D_layer_units_exponent_3': 4, 'D_layer_units_exponent_4': 7, 'D_dagger_layers': 5, 'D_dagger_layer_units_exponent_0': 9, 'D_dagger_layer_units_exponent_1': 10, 'D_dagger_layer_units_exponent_2': 9, 'D_dagger_layer_units_exponent_3': 6, 'D_dagger_layer_units_exponent_4': 5, 'log_learning_rate': -3.5790690287307676, 'log_learning_rate_D': -2.5917846502007515, 'log_learning_rate_D_dagger': -3.201459484143447, 'training_batch_size': 9, 'training_p': 2}. Best is trial 202 with value: 0.16663706302642822.
Time for this trial:  25.489959239959717
Memory status after this trial: 
Memory allocated:  1222.61181640625
Memory cached:  1278.0
--------------------  Trial  209   --------------------
Start timing: 
Parameters: 
{'W_layers': 7, 'W_layer_units_exponent_0': 7, 'W_layer_units_exponent_1': 7, 'W_layer_units_exponent_2': 5, 'W_layer_units_exponent_3': 4, 'W_layer_units_exponent_4': 10, 'W_layer_units_exponent_5': 10, 'W_layer_units_exponent_6': 10, 'D_layers': 5, 'D_layer_units_exponent_0': 4, 'D_layer_units_exponent_1': 6, 'D_layer_units_exponent_2': 5, 'D_layer_units_exponent_3': 4, 'D_layer_units_exponent_4': 7, 'D_dagger_layers': 5, 'D_dagger_layer_units_exponent_0': 9, 'D_dagger_layer_units_exponent_1': 10, 'D_dagger_layer_units_exponent_2': 9, 'D_dagger_layer_units_exponent_3': 6, 'D_dagger_layer_units_exponent_4': 5, 'log_learning_rate': -3.578236668492262, 'log_learning_rate_D': -2.6008900684468177, 'log_learning_rate_D_dagger': -3.0933323448266123, 'training_batch_size': 9, 'training_p': 2}
	 epoch  0 training error:  tensor(1.0464, device='cuda:0', grad_fn=<DivBackward0>)
Memory status after this epoch: 
Memory allocated:  661.69482421875
Memory cached:  786.0
	 epoch  10 training error:  tensor(0.2313, device='cuda:0', grad_fn=<DivBackward0>)
Memory status after this epoch: 
Memory allocated:  661.69482421875
Memory cached:  786.0
	 epoch  20 training error:  tensor(0.2037, device='cuda:0', grad_fn=<DivBackward0>)
Memory status after this epoch: 
Memory allocated:  661.69482421875
Memory cached:  786.0
	 epoch  30 training error:  tensor(0.2080, device='cuda:0', grad_fn=<DivBackward0>)
Memory status after this epoch: 
Memory allocated:  661.69482421875
Memory cached:  786.0
	 epoch  40 training error:  tensor(0.1964, device='cuda:0', grad_fn=<DivBackward0>)
Memory status after this epoch: 
Memory allocated:  661.69482421875
Memory cached:  786.0
	 epoch  50 training error:  tensor(0.1912, device='cuda:0', grad_fn=<DivBackward0>)
Memory status after this epoch: 
Memory allocated:  661.69482421875
Memory cached:  786.0
	 epoch  60 training error:  tensor(0.1889, device='cuda:0', grad_fn=<DivBackward0>)
Memory status after this epoch: 
Memory allocated:  661.69482421875
Memory cached:  786.0
	 epoch  70 training error:  tensor(0.1862, device='cuda:0', grad_fn=<DivBackward0>)
Memory status after this epoch: 
Memory allocated:  661.69482421875
Memory cached:  786.0
	 epoch  80 training error:  tensor(0.1864, device='cuda:0', grad_fn=<DivBackward0>)
Memory status after this epoch: 
Memory allocated:  661.69482421875
Memory cached:  786.0
	 epoch  90 training error:  tensor(0.1865, device='cuda:0', grad_fn=<DivBackward0>)
Memory status after this epoch: 
Memory allocated:  661.69482421875
Memory cached:  786.0
