[I 2024-02-16 20:37:32,128] Trial 41 finished with value: 0.12068801373243332 and parameters: {'W_layers': 4, 'W_layer_units_exponent_0': 8, 'W_layer_units_exponent_1': 9, 'W_layer_units_exponent_2': 4, 'W_layer_units_exponent_3': 10, 'D_layers': 3, 'D_layer_units_exponent_0': 8, 'D_layer_units_exponent_1': 5, 'D_layer_units_exponent_2': 8, 'D_dagger_layers': 3, 'D_dagger_layer_units_exponent_0': 9, 'D_dagger_layer_units_exponent_1': 6, 'D_dagger_layer_units_exponent_2': 8, 'log_learning_rate': -4.956366243630904, 'log_learning_rate_D': -3.1140713656356978, 'log_learning_rate_D_dagger': -3.438617081842484, 'training_batch_size': 6, 'training_p': 8}. Best is trial 32 with value: 0.06443101167678833.
Time for this trial:  655.6445481777191
Memory status after this trial: 
Memory allocated:  1242.22607421875
Memory cached:  1248.0
--------------------  Trial  42   --------------------
Start timing: 
Parameters: 
{'W_layers': 3, 'W_layer_units_exponent_0': 8, 'W_layer_units_exponent_1': 10, 'W_layer_units_exponent_2': 4, 'D_layers': 3, 'D_layer_units_exponent_0': 7, 'D_layer_units_exponent_1': 5, 'D_layer_units_exponent_2': 9, 'D_dagger_layers': 2, 'D_dagger_layer_units_exponent_0': 9, 'D_dagger_layer_units_exponent_1': 4, 'log_learning_rate': -4.9836234859030935, 'log_learning_rate_D': -2.8451369475758597, 'log_learning_rate_D_dagger': -3.600412559855648, 'training_batch_size': 6, 'training_p': 7}
	 epoch  0 training error:  tensor(0.8293, device='cuda:0', grad_fn=<DivBackward0>)
Memory status after this epoch: 
Memory allocated:  612.5966796875
Memory cached:  1016.0
	 epoch  10 training error:  tensor(0.5275, device='cuda:0', grad_fn=<DivBackward0>)
Memory status after this epoch: 
Memory allocated:  612.5966796875
Memory cached:  1020.0
	 epoch  20 training error:  tensor(0.5253, device='cuda:0', grad_fn=<DivBackward0>)
Memory status after this epoch: 
Memory allocated:  612.5966796875
Memory cached:  1018.0
	 epoch  30 training error:  tensor(0.5219, device='cuda:0', grad_fn=<DivBackward0>)
Memory status after this epoch: 
Memory allocated:  612.5966796875
Memory cached:  1018.0
	 epoch  40 training error:  tensor(0.5162, device='cuda:0', grad_fn=<DivBackward0>)
Memory status after this epoch: 
Memory allocated:  612.5966796875
Memory cached:  1016.0
	 epoch  50 training error:  tensor(0.4951, device='cuda:0', grad_fn=<DivBackward0>)
Memory status after this epoch: 
Memory allocated:  612.5966796875
Memory cached:  1016.0
	 epoch  60 training error:  tensor(0.4202, device='cuda:0', grad_fn=<DivBackward0>)
Memory status after this epoch: 
Memory allocated:  612.5966796875
Memory cached:  1018.0
	 epoch  70 training error:  tensor(0.3274, device='cuda:0', grad_fn=<DivBackward0>)
Memory status after this epoch: 
Memory allocated:  612.5966796875
Memory cached:  1016.0
	 epoch  80 training error:  tensor(0.2883, device='cuda:0', grad_fn=<DivBackward0>)
Memory status after this epoch: 
Memory allocated:  612.5966796875
Memory cached:  1018.0
	 epoch  90 training error:  tensor(0.2543, device='cuda:0', grad_fn=<DivBackward0>)
Memory status after this epoch: 
Memory allocated:  612.5966796875
Memory cached:  1020.0
[I 2024-02-16 20:47:00,144] Trial 42 finished with value: 0.17670400440692902 and parameters: {'W_layers': 3, 'W_layer_units_exponent_0': 8, 'W_layer_units_exponent_1': 10, 'W_layer_units_exponent_2': 4, 'D_layers': 3, 'D_layer_units_exponent_0': 7, 'D_layer_units_exponent_1': 5, 'D_layer_units_exponent_2': 9, 'D_dagger_layers': 2, 'D_dagger_layer_units_exponent_0': 9, 'D_dagger_layer_units_exponent_1': 4, 'log_learning_rate': -4.9836234859030935, 'log_learning_rate_D': -2.8451369475758597, 'log_learning_rate_D_dagger': -3.600412559855648, 'training_batch_size': 6, 'training_p': 7}. Best is trial 32 with value: 0.06443101167678833.
Time for this trial:  567.6041219234467
Memory status after this trial: 
Memory allocated:  1125.97607421875
Memory cached:  1132.0
--------------------  Trial  43   --------------------
Start timing: 
Parameters: 
{'W_layers': 4, 'W_layer_units_exponent_0': 8, 'W_layer_units_exponent_1': 9, 'W_layer_units_exponent_2': 4, 'W_layer_units_exponent_3': 8, 'D_layers': 4, 'D_layer_units_exponent_0': 8, 'D_layer_units_exponent_1': 5, 'D_layer_units_exponent_2': 8, 'D_layer_units_exponent_3': 6, 'D_dagger_layers': 3, 'D_dagger_layer_units_exponent_0': 8, 'D_dagger_layer_units_exponent_1': 6, 'D_dagger_layer_units_exponent_2': 7, 'log_learning_rate': -4.713744667836151, 'log_learning_rate_D': -2.4351092425538807, 'log_learning_rate_D_dagger': -2.769200912649884, 'training_batch_size': 6, 'training_p': 6}
	 epoch  0 training error:  tensor(0.6536, device='cuda:0', grad_fn=<DivBackward0>)
Memory status after this epoch: 
Memory allocated:  610.9560546875
Memory cached:  1014.0
	 epoch  10 training error:  tensor(0.4933, device='cuda:0', grad_fn=<DivBackward0>)
Memory status after this epoch: 
Memory allocated:  610.9560546875
Memory cached:  1014.0
	 epoch  20 training error:  tensor(0.3640, device='cuda:0', grad_fn=<DivBackward0>)
Memory status after this epoch: 
Memory allocated:  610.9560546875
Memory cached:  1014.0
	 epoch  30 training error:  tensor(0.2619, device='cuda:0', grad_fn=<DivBackward0>)
Memory status after this epoch: 
Memory allocated:  610.9560546875
Memory cached:  1014.0
	 epoch  40 training error:  tensor(0.2576, device='cuda:0', grad_fn=<DivBackward0>)
Memory status after this epoch: 
Memory allocated:  610.9560546875
Memory cached:  1014.0
	 epoch  50 training error:  tensor(0.2574, device='cuda:0', grad_fn=<DivBackward0>)
Memory status after this epoch: 
Memory allocated:  610.9560546875
Memory cached:  1014.0
	 epoch  60 training error:  tensor(0.2284, device='cuda:0', grad_fn=<DivBackward0>)
Memory status after this epoch: 
Memory allocated:  610.9560546875
Memory cached:  1014.0
	 epoch  70 training error:  tensor(0.2131, device='cuda:0', grad_fn=<DivBackward0>)
Memory status after this epoch: 
Memory allocated:  610.9560546875
Memory cached:  1014.0
	 epoch  80 training error:  tensor(0.1411, device='cuda:0', grad_fn=<DivBackward0>)
Memory status after this epoch: 
Memory allocated:  610.9560546875
Memory cached:  1014.0
	 epoch  90 training error:  tensor(0.0969, device='cuda:0', grad_fn=<DivBackward0>)
Memory status after this epoch: 
Memory allocated:  610.9560546875
Memory cached:  1014.0
[I 2024-02-16 20:58:24,389] Trial 43 finished with value: 0.12707380950450897 and parameters: {'W_layers': 4, 'W_layer_units_exponent_0': 8, 'W_layer_units_exponent_1': 9, 'W_layer_units_exponent_2': 4, 'W_layer_units_exponent_3': 8, 'D_layers': 4, 'D_layer_units_exponent_0': 8, 'D_layer_units_exponent_1': 5, 'D_layer_units_exponent_2': 8, 'D_layer_units_exponent_3': 6, 'D_dagger_layers': 3, 'D_dagger_layer_units_exponent_0': 8, 'D_dagger_layer_units_exponent_1': 6, 'D_dagger_layer_units_exponent_2': 7, 'log_learning_rate': -4.713744667836151, 'log_learning_rate_D': -2.4351092425538807, 'log_learning_rate_D_dagger': -2.769200912649884, 'training_batch_size': 6, 'training_p': 6}. Best is trial 32 with value: 0.06443101167678833.
Time for this trial:  683.8407127857208
Memory status after this trial: 
Memory allocated:  1042.63623046875
Memory cached:  1048.0
--------------------  Trial  44   --------------------
Start timing: 
Parameters: 
{'W_layers': 3, 'W_layer_units_exponent_0': 9, 'W_layer_units_exponent_1': 10, 'W_layer_units_exponent_2': 9, 'D_layers': 3, 'D_layer_units_exponent_0': 8, 'D_layer_units_exponent_1': 6, 'D_layer_units_exponent_2': 10, 'D_dagger_layers': 7, 'D_dagger_layer_units_exponent_0': 10, 'D_dagger_layer_units_exponent_1': 4, 'D_dagger_layer_units_exponent_2': 7, 'D_dagger_layer_units_exponent_3': 5, 'D_dagger_layer_units_exponent_4': 10, 'D_dagger_layer_units_exponent_5': 4, 'D_dagger_layer_units_exponent_6': 10, 'log_learning_rate': -4.516597928015943, 'log_learning_rate_D': -3.122451302508042, 'log_learning_rate_D_dagger': -3.68684354140506, 'training_batch_size': 7, 'training_p': 6}
	 epoch  0 training error:  tensor(0.9895, device='cuda:0', grad_fn=<DivBackward0>)
Memory status after this epoch: 
Memory allocated:  626.5166015625
Memory cached:  1042.0
	 epoch  10 training error:  tensor(0.5291, device='cuda:0', grad_fn=<DivBackward0>)
Memory status after this epoch: 
Memory allocated:  626.5166015625
Memory cached:  1060.0
	 epoch  20 training error:  tensor(0.5133, device='cuda:0', grad_fn=<DivBackward0>)
Memory status after this epoch: 
Memory allocated:  626.5166015625
Memory cached:  1056.0
	 epoch  30 training error:  tensor(0.4910, device='cuda:0', grad_fn=<DivBackward0>)
Memory status after this epoch: 
Memory allocated:  626.5166015625
Memory cached:  1064.0
	 epoch  40 training error:  tensor(0.5129, device='cuda:0', grad_fn=<DivBackward0>)
Memory status after this epoch: 
Memory allocated:  626.5166015625
Memory cached:  1062.0
	 epoch  50 training error:  tensor(0.4613, device='cuda:0', grad_fn=<DivBackward0>)
Memory status after this epoch: 
Memory allocated:  626.5166015625
Memory cached:  1060.0
	 epoch  60 training error:  tensor(0.4323, device='cuda:0', grad_fn=<DivBackward0>)
Memory status after this epoch: 
Memory allocated:  626.5166015625
Memory cached:  1060.0
	 epoch  70 training error:  tensor(0.2914, device='cuda:0', grad_fn=<DivBackward0>)
Memory status after this epoch: 
Memory allocated:  626.5166015625
Memory cached:  1062.0
	 epoch  80 training error:  tensor(0.2270, device='cuda:0', grad_fn=<DivBackward0>)
Memory status after this epoch: 
Memory allocated:  626.5166015625
Memory cached:  1060.0
	 epoch  90 training error:  tensor(0.1674, device='cuda:0', grad_fn=<DivBackward0>)
Memory status after this epoch: 
Memory allocated:  626.5166015625
Memory cached:  1058.0
[I 2024-02-16 21:07:13,759] Trial 44 finished with value: 0.14981119334697723 and parameters: {'W_layers': 3, 'W_layer_units_exponent_0': 9, 'W_layer_units_exponent_1': 10, 'W_layer_units_exponent_2': 9, 'D_layers': 3, 'D_layer_units_exponent_0': 8, 'D_layer_units_exponent_1': 6, 'D_layer_units_exponent_2': 10, 'D_dagger_layers': 7, 'D_dagger_layer_units_exponent_0': 10, 'D_dagger_layer_units_exponent_1': 4, 'D_dagger_layer_units_exponent_2': 7, 'D_dagger_layer_units_exponent_3': 5, 'D_dagger_layer_units_exponent_4': 10, 'D_dagger_layer_units_exponent_5': 4, 'D_dagger_layer_units_exponent_6': 10, 'log_learning_rate': -4.516597928015943, 'log_learning_rate_D': -3.122451302508042, 'log_learning_rate_D_dagger': -3.68684354140506, 'training_batch_size': 7, 'training_p': 6}. Best is trial 32 with value: 0.06443101167678833.
Time for this trial:  528.9668176174164
Memory status after this trial: 
Memory allocated:  1958.75537109375
Memory cached:  1978.0
--------------------  Trial  45   --------------------
Start timing: 
Parameters: 
{'W_layers': 4, 'W_layer_units_exponent_0': 8, 'W_layer_units_exponent_1': 9, 'W_layer_units_exponent_2': 4, 'W_layer_units_exponent_3': 10, 'D_layers': 4, 'D_layer_units_exponent_0': 7, 'D_layer_units_exponent_1': 4, 'D_layer_units_exponent_2': 9, 'D_layer_units_exponent_3': 9, 'D_dagger_layers': 3, 'D_dagger_layer_units_exponent_0': 9, 'D_dagger_layer_units_exponent_1': 5, 'D_dagger_layer_units_exponent_2': 8, 'log_learning_rate': -4.356449375484459, 'log_learning_rate_D': -2.8902981571608883, 'log_learning_rate_D_dagger': -2.856249569458498, 'training_batch_size': 6, 'training_p': 7}
	 epoch  0 training error:  tensor(0.6910, device='cuda:0', grad_fn=<DivBackward0>)
Memory status after this epoch: 
Memory allocated:  614.8505859375
Memory cached:  1054.0
	 epoch  10 training error:  tensor(0.5111, device='cuda:0', grad_fn=<DivBackward0>)
Memory status after this epoch: 
Memory allocated:  614.8505859375
Memory cached:  1072.0
	 epoch  20 training error:  tensor(0.2963, device='cuda:0', grad_fn=<DivBackward0>)
Memory status after this epoch: 
Memory allocated:  614.8505859375
Memory cached:  1070.0
	 epoch  30 training error:  tensor(0.2313, device='cuda:0', grad_fn=<DivBackward0>)
Memory status after this epoch: 
Memory allocated:  614.8505859375
Memory cached:  1076.0
	 epoch  40 training error:  tensor(0.1857, device='cuda:0', grad_fn=<DivBackward0>)
Memory status after this epoch: 
Memory allocated:  614.8505859375
Memory cached:  1080.0
	 epoch  50 training error:  tensor(0.1771, device='cuda:0', grad_fn=<DivBackward0>)
Memory status after this epoch: 
Memory allocated:  614.8505859375
Memory cached:  1080.0
	 epoch  60 training error:  tensor(0.1051, device='cuda:0', grad_fn=<DivBackward0>)
Memory status after this epoch: 
Memory allocated:  614.8505859375
Memory cached:  1064.0
	 epoch  70 training error:  tensor(0.0915, device='cuda:0', grad_fn=<DivBackward0>)
Memory status after this epoch: 
Memory allocated:  614.8505859375
Memory cached:  1082.0
	 epoch  80 training error:  tensor(0.0934, device='cuda:0', grad_fn=<DivBackward0>)
Memory status after this epoch: 
Memory allocated:  614.8505859375
Memory cached:  1080.0
	 epoch  90 training error:  tensor(0.0628, device='cuda:0', grad_fn=<DivBackward0>)
Memory status after this epoch: 
Memory allocated:  614.8505859375
Memory cached:  1066.0
[I 2024-02-16 21:18:51,471] Trial 45 finished with value: 0.03961218520998955 and parameters: {'W_layers': 4, 'W_layer_units_exponent_0': 8, 'W_layer_units_exponent_1': 9, 'W_layer_units_exponent_2': 4, 'W_layer_units_exponent_3': 10, 'D_layers': 4, 'D_layer_units_exponent_0': 7, 'D_layer_units_exponent_1': 4, 'D_layer_units_exponent_2': 9, 'D_layer_units_exponent_3': 9, 'D_dagger_layers': 3, 'D_dagger_layer_units_exponent_0': 9, 'D_dagger_layer_units_exponent_1': 5, 'D_dagger_layer_units_exponent_2': 8, 'log_learning_rate': -4.356449375484459, 'log_learning_rate_D': -2.8902981571608883, 'log_learning_rate_D_dagger': -2.856249569458498, 'training_batch_size': 6, 'training_p': 7}. Best is trial 45 with value: 0.03961218520998955.
res:  tensor(0.0396, device='cuda:0', grad_fn=<DivBackward0>)
self.bestValue:  tensor(0.0644, device='cuda:0', grad_fn=<DivBackward0>)
Save this model!
Time for this trial:  697.2791843414307
Memory status after this trial: 
Memory allocated:  753.95947265625
Memory cached:  1334.0
--------------------  Trial  46   --------------------
Start timing: 
Parameters: 
{'W_layers': 3, 'W_layer_units_exponent_0': 7, 'W_layer_units_exponent_1': 6, 'W_layer_units_exponent_2': 7, 'D_layers': 4, 'D_layer_units_exponent_0': 6, 'D_layer_units_exponent_1': 4, 'D_layer_units_exponent_2': 10, 'D_layer_units_exponent_3': 9, 'D_dagger_layers': 2, 'D_dagger_layer_units_exponent_0': 7, 'D_dagger_layer_units_exponent_1': 5, 'log_learning_rate': -4.248588984494383, 'log_learning_rate_D': -2.846757806783587, 'log_learning_rate_D_dagger': -2.516845662806763, 'training_batch_size': 6, 'training_p': 4}
	 epoch  0 training error:  tensor(0.6225, device='cuda:0', grad_fn=<DivBackward0>)
Memory status after this epoch: 
Memory allocated:  762.6201171875
Memory cached:  1350.0
	 epoch  10 training error:  tensor(0.4227, device='cuda:0', grad_fn=<DivBackward0>)
Memory status after this epoch: 
Memory allocated:  762.6201171875
Memory cached:  1350.0
	 epoch  20 training error:  tensor(0.4251, device='cuda:0', grad_fn=<DivBackward0>)
Memory status after this epoch: 
Memory allocated:  762.6201171875
Memory cached:  1350.0
	 epoch  30 training error:  tensor(0.2903, device='cuda:0', grad_fn=<DivBackward0>)
Memory status after this epoch: 
Memory allocated:  762.6201171875
Memory cached:  1350.0
	 epoch  40 training error:  tensor(0.1995, device='cuda:0', grad_fn=<DivBackward0>)
Memory status after this epoch: 
Memory allocated:  762.6201171875
Memory cached:  1350.0
	 epoch  50 training error:  tensor(0.1599, device='cuda:0', grad_fn=<DivBackward0>)
Memory status after this epoch: 
Memory allocated:  762.6201171875
Memory cached:  1350.0
	 epoch  60 training error:  tensor(0.1229, device='cuda:0', grad_fn=<DivBackward0>)
Memory status after this epoch: 
Memory allocated:  762.6201171875
Memory cached:  1350.0
	 epoch  70 training error:  tensor(0.1190, device='cuda:0', grad_fn=<DivBackward0>)
Memory status after this epoch: 
Memory allocated:  762.6201171875
Memory cached:  1350.0
	 epoch  80 training error:  tensor(0.1017, device='cuda:0', grad_fn=<DivBackward0>)
Memory status after this epoch: 
Memory allocated:  762.6201171875
Memory cached:  1350.0
	 epoch  90 training error:  tensor(0.1126, device='cuda:0', grad_fn=<DivBackward0>)
Memory status after this epoch: 
Memory allocated:  762.6201171875
Memory cached:  1350.0
[I 2024-02-16 21:28:51,675] Trial 46 finished with value: 0.11643632501363754 and parameters: {'W_layers': 3, 'W_layer_units_exponent_0': 7, 'W_layer_units_exponent_1': 6, 'W_layer_units_exponent_2': 7, 'D_layers': 4, 'D_layer_units_exponent_0': 6, 'D_layer_units_exponent_1': 4, 'D_layer_units_exponent_2': 10, 'D_layer_units_exponent_3': 9, 'D_dagger_layers': 2, 'D_dagger_layer_units_exponent_0': 7, 'D_dagger_layer_units_exponent_1': 5, 'log_learning_rate': -4.248588984494383, 'log_learning_rate_D': -2.846757806783587, 'log_learning_rate_D_dagger': -2.516845662806763, 'training_batch_size': 6, 'training_p': 4}. Best is trial 45 with value: 0.03961218520998955.
Time for this trial:  599.8241515159607
Memory status after this trial: 
Memory allocated:  1182.69189453125
Memory cached:  1350.0
--------------------  Trial  47   --------------------
Start timing: 
Parameters: 
{'W_layers': 5, 'W_layer_units_exponent_0': 9, 'W_layer_units_exponent_1': 9, 'W_layer_units_exponent_2': 8, 'W_layer_units_exponent_3': 8, 'W_layer_units_exponent_4': 10, 'D_layers': 4, 'D_layer_units_exponent_0': 7, 'D_layer_units_exponent_1': 4, 'D_layer_units_exponent_2': 9, 'D_layer_units_exponent_3': 10, 'D_dagger_layers': 4, 'D_dagger_layer_units_exponent_0': 10, 'D_dagger_layer_units_exponent_1': 4, 'D_dagger_layer_units_exponent_2': 9, 'D_dagger_layer_units_exponent_3': 8, 'log_learning_rate': -4.092829040820202, 'log_learning_rate_D': -2.1800364382285595, 'log_learning_rate_D_dagger': -2.930505631939926, 'training_batch_size': 11, 'training_p': 5}
	 epoch  0 training error:  tensor(1.0294, device='cuda:0', grad_fn=<DivBackward0>)
Memory status after this epoch: 
Memory allocated:  775.6865234375
Memory cached:  1372.0
	 epoch  10 training error:  tensor(0.5190, device='cuda:0', grad_fn=<DivBackward0>)
Memory status after this epoch: 
Memory allocated:  775.6865234375
Memory cached:  1378.0
	 epoch  20 training error:  tensor(0.5365, device='cuda:0', grad_fn=<DivBackward0>)
Memory status after this epoch: 
Memory allocated:  775.6865234375
Memory cached:  1378.0
	 epoch  30 training error:  tensor(0.5071, device='cuda:0', grad_fn=<DivBackward0>)
Memory status after this epoch: 
Memory allocated:  775.6865234375
Memory cached:  1378.0
	 epoch  40 training error:  tensor(0.4871, device='cuda:0', grad_fn=<DivBackward0>)
Memory status after this epoch: 
Memory allocated:  775.6865234375
Memory cached:  1378.0
	 epoch  50 training error:  tensor(0.4838, device='cuda:0', grad_fn=<DivBackward0>)
Memory status after this epoch: 
Memory allocated:  775.6865234375
Memory cached:  1378.0
	 epoch  60 training error:  tensor(1.8457, device='cuda:0', grad_fn=<DivBackward0>)
Memory status after this epoch: 
Memory allocated:  775.6865234375
Memory cached:  1378.0
	 epoch  70 training error:  tensor(1.1880, device='cuda:0', grad_fn=<DivBackward0>)
Memory status after this epoch: 
Memory allocated:  775.6865234375
Memory cached:  1378.0
	 epoch  80 training error:  tensor(1.1147, device='cuda:0', grad_fn=<DivBackward0>)
Memory status after this epoch: 
Memory allocated:  775.6865234375
Memory cached:  1378.0
	 epoch  90 training error:  tensor(1.1363, device='cuda:0', grad_fn=<DivBackward0>)
Memory status after this epoch: 
Memory allocated:  775.6865234375
Memory cached:  1378.0
