[I 2023-12-03 05:42:16,542] Trial 14 finished with value: 0.10958031564950943 and parameters: {'W_layers': 6, 'W_layer_units_exponent_0': 6, 'W_layer_units_exponent_1': 8, 'W_layer_units_exponent_2': 4, 'W_layer_units_exponent_3': 7, 'W_layer_units_exponent_4': 6, 'W_layer_units_exponent_5': 10, 'D_layers': 7, 'D_layer_units_exponent_0': 8, 'D_layer_units_exponent_1': 8, 'D_layer_units_exponent_2': 4, 'D_layer_units_exponent_3': 10, 'D_layer_units_exponent_4': 6, 'D_layer_units_exponent_5': 8, 'D_layer_units_exponent_6': 10, 'D_dagger_layers': 6, 'D_dagger_layer_units_exponent_0': 7, 'D_dagger_layer_units_exponent_1': 6, 'D_dagger_layer_units_exponent_2': 6, 'D_dagger_layer_units_exponent_3': 10, 'D_dagger_layer_units_exponent_4': 6, 'D_dagger_layer_units_exponent_5': 9, 'log_learning_rate': -3.662639355058952, 'log_learning_rate_D': -3.1154637232006324, 'log_learning_rate_D_dagger': -4.665916076624189, 'training_batch_size': 8, 'training_p': 7}. Best is trial 6 with value: 0.026573974639177322.
Time for this trial:  247.33419466018677
Memory status after this trial: 
Memory allocated:  570.9404296875
Memory cached:  578.0
--------------------  Trial  15   --------------------
Start timing: 
Parameters: 
{'W_layers': 7, 'W_layer_units_exponent_0': 8, 'W_layer_units_exponent_1': 5, 'W_layer_units_exponent_2': 10, 'W_layer_units_exponent_3': 5, 'W_layer_units_exponent_4': 8, 'W_layer_units_exponent_5': 6, 'W_layer_units_exponent_6': 8, 'D_layers': 4, 'D_layer_units_exponent_0': 6, 'D_layer_units_exponent_1': 5, 'D_layer_units_exponent_2': 5, 'D_layer_units_exponent_3': 8, 'D_dagger_layers': 8, 'D_dagger_layer_units_exponent_0': 5, 'D_dagger_layer_units_exponent_1': 9, 'D_dagger_layer_units_exponent_2': 8, 'D_dagger_layer_units_exponent_3': 4, 'D_dagger_layer_units_exponent_4': 7, 'D_dagger_layer_units_exponent_5': 4, 'D_dagger_layer_units_exponent_6': 10, 'D_dagger_layer_units_exponent_7': 10, 'log_learning_rate': -4.327126538454587, 'log_learning_rate_D': -4.264949087737051, 'log_learning_rate_D_dagger': -1.015862453901497, 'training_batch_size': 6, 'training_p': 5}
	 epoch  0 training error:  tensor(4.6992, device='cuda:0', grad_fn=<DivBackward0>)
Memory status after this epoch: 
Memory allocated:  269.892578125
Memory cached:  456.0
	 epoch  10 training error:  tensor(72.2416, device='cuda:0', grad_fn=<DivBackward0>)
Memory status after this epoch: 
Memory allocated:  269.892578125
Memory cached:  520.0
	 epoch  20 training error:  tensor(23544.1367, device='cuda:0', grad_fn=<DivBackward0>)
Memory status after this epoch: 
Memory allocated:  269.892578125
Memory cached:  528.0
	 epoch  30 training error:  tensor(27.2790, device='cuda:0', grad_fn=<DivBackward0>)
Memory status after this epoch: 
Memory allocated:  269.892578125
Memory cached:  520.0
	 epoch  40 training error:  tensor(0.8355, device='cuda:0', grad_fn=<DivBackward0>)
Memory status after this epoch: 
Memory allocated:  269.892578125
Memory cached:  508.0
	 epoch  50 training error:  tensor(0.2161, device='cuda:0', grad_fn=<DivBackward0>)
Memory status after this epoch: 
Memory allocated:  269.892578125
Memory cached:  524.0
	 epoch  60 training error:  tensor(0.1970, device='cuda:0', grad_fn=<DivBackward0>)
Memory status after this epoch: 
Memory allocated:  269.892578125
Memory cached:  516.0
	 epoch  70 training error:  tensor(0.1818, device='cuda:0', grad_fn=<DivBackward0>)
Memory status after this epoch: 
Memory allocated:  269.892578125
Memory cached:  516.0
	 epoch  80 training error:  tensor(0.1812, device='cuda:0', grad_fn=<DivBackward0>)
Memory status after this epoch: 
Memory allocated:  269.892578125
Memory cached:  516.0
	 epoch  90 training error:  tensor(0.1812, device='cuda:0', grad_fn=<DivBackward0>)
Memory status after this epoch: 
Memory allocated:  269.892578125
Memory cached:  528.0
[I 2023-12-03 05:49:15,741] Trial 15 finished with value: 0.11514095216989517 and parameters: {'W_layers': 7, 'W_layer_units_exponent_0': 8, 'W_layer_units_exponent_1': 5, 'W_layer_units_exponent_2': 10, 'W_layer_units_exponent_3': 5, 'W_layer_units_exponent_4': 8, 'W_layer_units_exponent_5': 6, 'W_layer_units_exponent_6': 8, 'D_layers': 4, 'D_layer_units_exponent_0': 6, 'D_layer_units_exponent_1': 5, 'D_layer_units_exponent_2': 5, 'D_layer_units_exponent_3': 8, 'D_dagger_layers': 8, 'D_dagger_layer_units_exponent_0': 5, 'D_dagger_layer_units_exponent_1': 9, 'D_dagger_layer_units_exponent_2': 8, 'D_dagger_layer_units_exponent_3': 4, 'D_dagger_layer_units_exponent_4': 7, 'D_dagger_layer_units_exponent_5': 4, 'D_dagger_layer_units_exponent_6': 10, 'D_dagger_layer_units_exponent_7': 10, 'log_learning_rate': -4.327126538454587, 'log_learning_rate_D': -4.264949087737051, 'log_learning_rate_D_dagger': -1.015862453901497, 'training_batch_size': 6, 'training_p': 5}. Best is trial 6 with value: 0.026573974639177322.
Time for this trial:  418.877259016037
Memory status after this trial: 
Memory allocated:  532.00048828125
Memory cached:  548.0
--------------------  Trial  16   --------------------
Start timing: 
Parameters: 
{'W_layers': 4, 'W_layer_units_exponent_0': 9, 'W_layer_units_exponent_1': 10, 'W_layer_units_exponent_2': 7, 'W_layer_units_exponent_3': 8, 'D_layers': 7, 'D_layer_units_exponent_0': 10, 'D_layer_units_exponent_1': 9, 'D_layer_units_exponent_2': 6, 'D_layer_units_exponent_3': 7, 'D_layer_units_exponent_4': 8, 'D_layer_units_exponent_5': 6, 'D_layer_units_exponent_6': 8, 'D_dagger_layers': 4, 'D_dagger_layer_units_exponent_0': 8, 'D_dagger_layer_units_exponent_1': 5, 'D_dagger_layer_units_exponent_2': 6, 'D_dagger_layer_units_exponent_3': 8, 'log_learning_rate': -4.965253391490496, 'log_learning_rate_D': -3.0481386756156, 'log_learning_rate_D_dagger': -3.2764198222479126, 'training_batch_size': 8, 'training_p': 4}
	 epoch  0 training error:  tensor(1.0012, device='cuda:0', grad_fn=<DivBackward0>)
Memory status after this epoch: 
Memory allocated:  269.9033203125
Memory cached:  426.0
	 epoch  10 training error:  tensor(0.6033, device='cuda:0', grad_fn=<DivBackward0>)
Memory status after this epoch: 
Memory allocated:  269.9033203125
Memory cached:  424.0
	 epoch  20 training error:  tensor(0.1737, device='cuda:0', grad_fn=<DivBackward0>)
Memory status after this epoch: 
Memory allocated:  269.9033203125
Memory cached:  436.0
	 epoch  30 training error:  tensor(0.1293, device='cuda:0', grad_fn=<DivBackward0>)
Memory status after this epoch: 
Memory allocated:  269.9033203125
Memory cached:  428.0
	 epoch  40 training error:  tensor(0.1208, device='cuda:0', grad_fn=<DivBackward0>)
Memory status after this epoch: 
Memory allocated:  269.9033203125
Memory cached:  434.0
	 epoch  50 training error:  tensor(0.1376, device='cuda:0', grad_fn=<DivBackward0>)
Memory status after this epoch: 
Memory allocated:  269.9033203125
Memory cached:  430.0
	 epoch  60 training error:  tensor(0.0805, device='cuda:0', grad_fn=<DivBackward0>)
Memory status after this epoch: 
Memory allocated:  269.9033203125
Memory cached:  428.0
	 epoch  70 training error:  tensor(0.0523, device='cuda:0', grad_fn=<DivBackward0>)
Memory status after this epoch: 
Memory allocated:  269.9033203125
Memory cached:  438.0
	 epoch  80 training error:  tensor(0.0431, device='cuda:0', grad_fn=<DivBackward0>)
Memory status after this epoch: 
Memory allocated:  269.9033203125
Memory cached:  440.0
	 epoch  90 training error:  tensor(0.0312, device='cuda:0', grad_fn=<DivBackward0>)
Memory status after this epoch: 
Memory allocated:  269.9033203125
Memory cached:  436.0
[I 2023-12-03 05:52:46,703] Trial 16 finished with value: 0.016163093969225883 and parameters: {'W_layers': 4, 'W_layer_units_exponent_0': 9, 'W_layer_units_exponent_1': 10, 'W_layer_units_exponent_2': 7, 'W_layer_units_exponent_3': 8, 'D_layers': 7, 'D_layer_units_exponent_0': 10, 'D_layer_units_exponent_1': 9, 'D_layer_units_exponent_2': 6, 'D_layer_units_exponent_3': 7, 'D_layer_units_exponent_4': 8, 'D_layer_units_exponent_5': 6, 'D_layer_units_exponent_6': 8, 'D_dagger_layers': 4, 'D_dagger_layer_units_exponent_0': 8, 'D_dagger_layer_units_exponent_1': 5, 'D_dagger_layer_units_exponent_2': 6, 'D_dagger_layer_units_exponent_3': 8, 'log_learning_rate': -4.965253391490496, 'log_learning_rate_D': -3.0481386756156, 'log_learning_rate_D_dagger': -3.2764198222479126, 'training_batch_size': 8, 'training_p': 4}. Best is trial 16 with value: 0.016163093969225883.
res:  tensor(0.0162, device='cuda:0', grad_fn=<DivBackward0>)
self.bestValue:  tensor(0.0266, device='cuda:0', grad_fn=<DivBackward0>)
Save this model!
Time for this trial:  210.66303753852844
Memory status after this trial: 
Memory allocated:  261.74951171875
Memory cached:  512.0
--------------------  Trial  17   --------------------
Start timing: 
Parameters: 
{'W_layers': 4, 'W_layer_units_exponent_0': 5, 'W_layer_units_exponent_1': 10, 'W_layer_units_exponent_2': 6, 'W_layer_units_exponent_3': 10, 'D_layers': 7, 'D_layer_units_exponent_0': 10, 'D_layer_units_exponent_1': 9, 'D_layer_units_exponent_2': 7, 'D_layer_units_exponent_3': 8, 'D_layer_units_exponent_4': 6, 'D_layer_units_exponent_5': 6, 'D_layer_units_exponent_6': 8, 'D_dagger_layers': 2, 'D_dagger_layer_units_exponent_0': 8, 'D_dagger_layer_units_exponent_1': 7, 'log_learning_rate': -4.933764037530941, 'log_learning_rate_D': -3.1473338477802364, 'log_learning_rate_D_dagger': -4.954820531889657, 'training_batch_size': 8, 'training_p': 3}
	 epoch  0 training error:  tensor(0.9208, device='cuda:0', grad_fn=<DivBackward0>)
Memory status after this epoch: 
Memory allocated:  275.02783203125
Memory cached:  504.0
	 epoch  10 training error:  tensor(0.8580, device='cuda:0', grad_fn=<DivBackward0>)
Memory status after this epoch: 
Memory allocated:  275.02783203125
Memory cached:  516.0
	 epoch  20 training error:  tensor(0.8106, device='cuda:0', grad_fn=<DivBackward0>)
Memory status after this epoch: 
Memory allocated:  275.02783203125
Memory cached:  516.0
	 epoch  30 training error:  tensor(0.7635, device='cuda:0', grad_fn=<DivBackward0>)
Memory status after this epoch: 
Memory allocated:  275.02783203125
Memory cached:  528.0
	 epoch  40 training error:  tensor(0.7062, device='cuda:0', grad_fn=<DivBackward0>)
Memory status after this epoch: 
Memory allocated:  275.02783203125
Memory cached:  522.0
	 epoch  50 training error:  tensor(0.6480, device='cuda:0', grad_fn=<DivBackward0>)
Memory status after this epoch: 
Memory allocated:  275.02783203125
Memory cached:  514.0
	 epoch  60 training error:  tensor(0.5821, device='cuda:0', grad_fn=<DivBackward0>)
Memory status after this epoch: 
Memory allocated:  275.02783203125
Memory cached:  518.0
	 epoch  70 training error:  tensor(0.5072, device='cuda:0', grad_fn=<DivBackward0>)
Memory status after this epoch: 
Memory allocated:  275.02783203125
Memory cached:  510.0
	 epoch  80 training error:  tensor(0.4258, device='cuda:0', grad_fn=<DivBackward0>)
Memory status after this epoch: 
Memory allocated:  275.02783203125
Memory cached:  514.0
	 epoch  90 training error:  tensor(0.3378, device='cuda:0', grad_fn=<DivBackward0>)
Memory status after this epoch: 
Memory allocated:  275.02783203125
Memory cached:  510.0
[I 2023-12-03 05:55:59,452] Trial 17 finished with value: 0.22894226014614105 and parameters: {'W_layers': 4, 'W_layer_units_exponent_0': 5, 'W_layer_units_exponent_1': 10, 'W_layer_units_exponent_2': 6, 'W_layer_units_exponent_3': 10, 'D_layers': 7, 'D_layer_units_exponent_0': 10, 'D_layer_units_exponent_1': 9, 'D_layer_units_exponent_2': 7, 'D_layer_units_exponent_3': 8, 'D_layer_units_exponent_4': 6, 'D_layer_units_exponent_5': 6, 'D_layer_units_exponent_6': 8, 'D_dagger_layers': 2, 'D_dagger_layer_units_exponent_0': 8, 'D_dagger_layer_units_exponent_1': 7, 'log_learning_rate': -4.933764037530941, 'log_learning_rate_D': -3.1473338477802364, 'log_learning_rate_D_dagger': -4.954820531889657, 'training_batch_size': 8, 'training_p': 3}. Best is trial 16 with value: 0.016163093969225883.
Time for this trial:  192.53152656555176
Memory status after this trial: 
Memory allocated:  514.80078125
Memory cached:  526.0
--------------------  Trial  18   --------------------
Start timing: 
Parameters: 
{'W_layers': 4, 'W_layer_units_exponent_0': 9, 'W_layer_units_exponent_1': 9, 'W_layer_units_exponent_2': 5, 'W_layer_units_exponent_3': 8, 'D_layers': 8, 'D_layer_units_exponent_0': 10, 'D_layer_units_exponent_1': 10, 'D_layer_units_exponent_2': 6, 'D_layer_units_exponent_3': 9, 'D_layer_units_exponent_4': 8, 'D_layer_units_exponent_5': 8, 'D_layer_units_exponent_6': 7, 'D_layer_units_exponent_7': 9, 'D_dagger_layers': 4, 'D_dagger_layer_units_exponent_0': 8, 'D_dagger_layer_units_exponent_1': 5, 'D_dagger_layer_units_exponent_2': 6, 'D_dagger_layer_units_exponent_3': 9, 'log_learning_rate': -4.584649367432389, 'log_learning_rate_D': -3.6992469753585504, 'log_learning_rate_D_dagger': -3.412928541398327, 'training_batch_size': 12, 'training_p': 4}
	 epoch  0 training error:  tensor(1.0015, device='cuda:0', grad_fn=<DivBackward0>)
Memory status after this epoch: 
Memory allocated:  289.01806640625
Memory cached:  524.0
	 epoch  10 training error:  tensor(0.6884, device='cuda:0', grad_fn=<DivBackward0>)
Memory status after this epoch: 
Memory allocated:  289.01806640625
Memory cached:  532.0
	 epoch  20 training error:  tensor(0.1698, device='cuda:0', grad_fn=<DivBackward0>)
Memory status after this epoch: 
Memory allocated:  289.01806640625
Memory cached:  532.0
	 epoch  30 training error:  tensor(0.1299, device='cuda:0', grad_fn=<DivBackward0>)
Memory status after this epoch: 
Memory allocated:  289.01806640625
Memory cached:  530.0
	 epoch  40 training error:  tensor(0.1297, device='cuda:0', grad_fn=<DivBackward0>)
Memory status after this epoch: 
Memory allocated:  289.01806640625
Memory cached:  530.0
	 epoch  50 training error:  tensor(0.1283, device='cuda:0', grad_fn=<DivBackward0>)
Memory status after this epoch: 
Memory allocated:  289.01806640625
Memory cached:  532.0
	 epoch  60 training error:  tensor(0.1263, device='cuda:0', grad_fn=<DivBackward0>)
Memory status after this epoch: 
Memory allocated:  289.01806640625
Memory cached:  530.0
	 epoch  70 training error:  tensor(0.1258, device='cuda:0', grad_fn=<DivBackward0>)
Memory status after this epoch: 
Memory allocated:  289.01806640625
Memory cached:  530.0
	 epoch  80 training error:  tensor(0.1250, device='cuda:0', grad_fn=<DivBackward0>)
Memory status after this epoch: 
Memory allocated:  289.01806640625
Memory cached:  528.0
	 epoch  90 training error:  tensor(0.1245, device='cuda:0', grad_fn=<DivBackward0>)
Memory status after this epoch: 
Memory allocated:  289.01806640625
Memory cached:  532.0
[I 2023-12-03 05:59:45,093] Trial 18 finished with value: 0.10245060920715332 and parameters: {'W_layers': 4, 'W_layer_units_exponent_0': 9, 'W_layer_units_exponent_1': 9, 'W_layer_units_exponent_2': 5, 'W_layer_units_exponent_3': 8, 'D_layers': 8, 'D_layer_units_exponent_0': 10, 'D_layer_units_exponent_1': 10, 'D_layer_units_exponent_2': 6, 'D_layer_units_exponent_3': 9, 'D_layer_units_exponent_4': 8, 'D_layer_units_exponent_5': 8, 'D_layer_units_exponent_6': 7, 'D_layer_units_exponent_7': 9, 'D_dagger_layers': 4, 'D_dagger_layer_units_exponent_0': 8, 'D_dagger_layer_units_exponent_1': 5, 'D_dagger_layer_units_exponent_2': 6, 'D_dagger_layer_units_exponent_3': 9, 'log_learning_rate': -4.584649367432389, 'log_learning_rate_D': -3.6992469753585504, 'log_learning_rate_D_dagger': -3.412928541398327, 'training_batch_size': 12, 'training_p': 4}. Best is trial 16 with value: 0.016163093969225883.
Time for this trial:  225.35727977752686
Memory status after this trial: 
Memory allocated:  581.8203125
Memory cached:  612.0
--------------------  Trial  19   --------------------
Start timing: 
Parameters: 
{'W_layers': 2, 'W_layer_units_exponent_0': 9, 'W_layer_units_exponent_1': 5, 'D_layers': 7, 'D_layer_units_exponent_0': 9, 'D_layer_units_exponent_1': 9, 'D_layer_units_exponent_2': 7, 'D_layer_units_exponent_3': 7, 'D_layer_units_exponent_4': 10, 'D_layer_units_exponent_5': 6, 'D_layer_units_exponent_6': 8, 'D_dagger_layers': 7, 'D_dagger_layer_units_exponent_0': 9, 'D_dagger_layer_units_exponent_1': 5, 'D_dagger_layer_units_exponent_2': 7, 'D_dagger_layer_units_exponent_3': 8, 'D_dagger_layer_units_exponent_4': 5, 'D_dagger_layer_units_exponent_5': 8, 'D_dagger_layer_units_exponent_6': 7, 'log_learning_rate': -4.986665191798076, 'log_learning_rate_D': -3.2502770594473898, 'log_learning_rate_D_dagger': -3.9403570484420074, 'training_batch_size': 8, 'training_p': 3}
	 epoch  0 training error:  tensor(0.9806, device='cuda:0', grad_fn=<DivBackward0>)
Memory status after this epoch: 
Memory allocated:  272.25439453125
Memory cached:  508.0
	 epoch  10 training error:  tensor(0.9213, device='cuda:0', grad_fn=<DivBackward0>)
Memory status after this epoch: 
Memory allocated:  272.25439453125
Memory cached:  512.0
	 epoch  20 training error:  tensor(0.7802, device='cuda:0', grad_fn=<DivBackward0>)
Memory status after this epoch: 
Memory allocated:  272.25439453125
Memory cached:  510.0
	 epoch  30 training error:  tensor(0.4689, device='cuda:0', grad_fn=<DivBackward0>)
Memory status after this epoch: 
Memory allocated:  272.25439453125
Memory cached:  510.0
	 epoch  40 training error:  tensor(0.2155, device='cuda:0', grad_fn=<DivBackward0>)
Memory status after this epoch: 
Memory allocated:  272.25439453125
Memory cached:  510.0
	 epoch  50 training error:  tensor(0.1252, device='cuda:0', grad_fn=<DivBackward0>)
Memory status after this epoch: 
Memory allocated:  272.25439453125
Memory cached:  508.0
	 epoch  60 training error:  tensor(0.1204, device='cuda:0', grad_fn=<DivBackward0>)
Memory status after this epoch: 
Memory allocated:  272.25439453125
Memory cached:  510.0
	 epoch  70 training error:  tensor(0.1156, device='cuda:0', grad_fn=<DivBackward0>)
Memory status after this epoch: 
Memory allocated:  272.25439453125
Memory cached:  512.0
	 epoch  80 training error:  tensor(0.1155, device='cuda:0', grad_fn=<DivBackward0>)
Memory status after this epoch: 
Memory allocated:  272.25439453125
Memory cached:  512.0
	 epoch  90 training error:  tensor(0.1152, device='cuda:0', grad_fn=<DivBackward0>)
Memory status after this epoch: 
Memory allocated:  272.25439453125
Memory cached:  512.0
