[I 2023-12-20 18:50:14,038] Trial 107 finished with value: 0.32749682664871216 and parameters: {'W_layers': 6, 'W_layer_units_exponent_0': 8, 'W_layer_units_exponent_1': 10, 'W_layer_units_exponent_2': 7, 'W_layer_units_exponent_3': 7, 'W_layer_units_exponent_4': 5, 'W_layer_units_exponent_5': 10, 'D_layers': 7, 'D_layer_units_exponent_0': 4, 'D_layer_units_exponent_1': 7, 'D_layer_units_exponent_2': 8, 'D_layer_units_exponent_3': 7, 'D_layer_units_exponent_4': 4, 'D_layer_units_exponent_5': 10, 'D_layer_units_exponent_6': 4, 'D_dagger_layers': 5, 'D_dagger_layer_units_exponent_0': 7, 'D_dagger_layer_units_exponent_1': 8, 'D_dagger_layer_units_exponent_2': 10, 'D_dagger_layer_units_exponent_3': 4, 'D_dagger_layer_units_exponent_4': 6, 'log_learning_rate': -2.8789332653684907, 'log_learning_rate_D': -3.6741456772128873, 'log_learning_rate_D_dagger': -3.880439529016124, 'training_batch_size': 8, 'training_p': 2}. Best is trial 103 with value: 0.3265054225921631.
Time for this trial:  21.665738582611084
Memory status after this trial: 
Memory allocated:  410.52587890625
Memory cached:  466.0
--------------------  Trial  108   --------------------
Start timing: 
Parameters: 
{'W_layers': 2, 'W_layer_units_exponent_0': 8, 'W_layer_units_exponent_1': 10, 'D_layers': 7, 'D_layer_units_exponent_0': 4, 'D_layer_units_exponent_1': 6, 'D_layer_units_exponent_2': 8, 'D_layer_units_exponent_3': 7, 'D_layer_units_exponent_4': 5, 'D_layer_units_exponent_5': 10, 'D_layer_units_exponent_6': 4, 'D_dagger_layers': 5, 'D_dagger_layer_units_exponent_0': 7, 'D_dagger_layer_units_exponent_1': 8, 'D_dagger_layer_units_exponent_2': 10, 'D_dagger_layer_units_exponent_3': 4, 'D_dagger_layer_units_exponent_4': 6, 'log_learning_rate': -2.892079894275106, 'log_learning_rate_D': -3.6981865838324834, 'log_learning_rate_D_dagger': -3.228631222926312, 'training_batch_size': 8, 'training_p': 2}
	 epoch  0 training error:  tensor(0.7595, device='cuda:0', grad_fn=<DivBackward0>)
Memory status after this epoch: 
Memory allocated:  201.23046875
Memory cached:  294.0
	 epoch  10 training error:  tensor(0.8918, device='cuda:0', grad_fn=<DivBackward0>)
Memory status after this epoch: 
Memory allocated:  201.23046875
Memory cached:  294.0
	 epoch  20 training error:  tensor(0.5342, device='cuda:0', grad_fn=<DivBackward0>)
Memory status after this epoch: 
Memory allocated:  201.23046875
Memory cached:  294.0
	 epoch  30 training error:  tensor(0.3707, device='cuda:0', grad_fn=<DivBackward0>)
Memory status after this epoch: 
Memory allocated:  201.23046875
Memory cached:  294.0
	 epoch  40 training error:  tensor(0.3062, device='cuda:0', grad_fn=<DivBackward0>)
Memory status after this epoch: 
Memory allocated:  201.23046875
Memory cached:  294.0
	 epoch  50 training error:  tensor(0.2950, device='cuda:0', grad_fn=<DivBackward0>)
Memory status after this epoch: 
Memory allocated:  201.23046875
Memory cached:  294.0
	 epoch  60 training error:  tensor(0.2922, device='cuda:0', grad_fn=<DivBackward0>)
Memory status after this epoch: 
Memory allocated:  201.23046875
Memory cached:  294.0
	 epoch  70 training error:  tensor(0.2931, device='cuda:0', grad_fn=<DivBackward0>)
Memory status after this epoch: 
Memory allocated:  201.23046875
Memory cached:  294.0
	 epoch  80 training error:  tensor(0.2971, device='cuda:0', grad_fn=<DivBackward0>)
Memory status after this epoch: 
Memory allocated:  201.23046875
Memory cached:  294.0
	 epoch  90 training error:  tensor(0.2938, device='cuda:0', grad_fn=<DivBackward0>)
Memory status after this epoch: 
Memory allocated:  201.23046875
Memory cached:  294.0
[I 2023-12-20 18:50:35,190] Trial 108 finished with value: 0.3290899693965912 and parameters: {'W_layers': 2, 'W_layer_units_exponent_0': 8, 'W_layer_units_exponent_1': 10, 'D_layers': 7, 'D_layer_units_exponent_0': 4, 'D_layer_units_exponent_1': 6, 'D_layer_units_exponent_2': 8, 'D_layer_units_exponent_3': 7, 'D_layer_units_exponent_4': 5, 'D_layer_units_exponent_5': 10, 'D_layer_units_exponent_6': 4, 'D_dagger_layers': 5, 'D_dagger_layer_units_exponent_0': 7, 'D_dagger_layer_units_exponent_1': 8, 'D_dagger_layer_units_exponent_2': 10, 'D_dagger_layer_units_exponent_3': 4, 'D_dagger_layer_units_exponent_4': 6, 'log_learning_rate': -2.892079894275106, 'log_learning_rate_D': -3.6981865838324834, 'log_learning_rate_D_dagger': -3.228631222926312, 'training_batch_size': 8, 'training_p': 2}. Best is trial 103 with value: 0.3265054225921631.
Time for this trial:  20.82132053375244
Memory status after this trial: 
Memory allocated:  338.66552734375
Memory cached:  372.0
--------------------  Trial  109   --------------------
Start timing: 
Parameters: 
{'W_layers': 6, 'W_layer_units_exponent_0': 8, 'W_layer_units_exponent_1': 10, 'W_layer_units_exponent_2': 7, 'W_layer_units_exponent_3': 7, 'W_layer_units_exponent_4': 5, 'W_layer_units_exponent_5': 10, 'D_layers': 7, 'D_layer_units_exponent_0': 4, 'D_layer_units_exponent_1': 7, 'D_layer_units_exponent_2': 7, 'D_layer_units_exponent_3': 7, 'D_layer_units_exponent_4': 4, 'D_layer_units_exponent_5': 10, 'D_layer_units_exponent_6': 4, 'D_dagger_layers': 5, 'D_dagger_layer_units_exponent_0': 7, 'D_dagger_layer_units_exponent_1': 9, 'D_dagger_layer_units_exponent_2': 10, 'D_dagger_layer_units_exponent_3': 4, 'D_dagger_layer_units_exponent_4': 6, 'log_learning_rate': -2.795364854473192, 'log_learning_rate_D': -3.918784871858202, 'log_learning_rate_D_dagger': -3.8543417949062313, 'training_batch_size': 8, 'training_p': 3}
	 epoch  0 training error:  tensor(0.9796, device='cuda:0', grad_fn=<DivBackward0>)
Memory status after this epoch: 
Memory allocated:  208.86083984375
Memory cached:  294.0
	 epoch  10 training error:  tensor(0.4146, device='cuda:0', grad_fn=<DivBackward0>)
Memory status after this epoch: 
Memory allocated:  208.86083984375
Memory cached:  294.0
	 epoch  20 training error:  tensor(0.3871, device='cuda:0', grad_fn=<DivBackward0>)
Memory status after this epoch: 
Memory allocated:  208.86083984375
Memory cached:  294.0
	 epoch  30 training error:  tensor(0.3821, device='cuda:0', grad_fn=<DivBackward0>)
Memory status after this epoch: 
Memory allocated:  208.86083984375
Memory cached:  294.0
	 epoch  40 training error:  tensor(0.3774, device='cuda:0', grad_fn=<DivBackward0>)
Memory status after this epoch: 
Memory allocated:  208.86083984375
Memory cached:  294.0
	 epoch  50 training error:  tensor(0.3768, device='cuda:0', grad_fn=<DivBackward0>)
Memory status after this epoch: 
Memory allocated:  208.86083984375
Memory cached:  294.0
	 epoch  60 training error:  tensor(0.3726, device='cuda:0', grad_fn=<DivBackward0>)
Memory status after this epoch: 
Memory allocated:  208.86083984375
Memory cached:  294.0
	 epoch  70 training error:  tensor(0.3788, device='cuda:0', grad_fn=<DivBackward0>)
Memory status after this epoch: 
Memory allocated:  208.86083984375
Memory cached:  294.0
	 epoch  80 training error:  tensor(0.3736, device='cuda:0', grad_fn=<DivBackward0>)
Memory status after this epoch: 
Memory allocated:  208.86083984375
Memory cached:  294.0
	 epoch  90 training error:  tensor(0.3736, device='cuda:0', grad_fn=<DivBackward0>)
Memory status after this epoch: 
Memory allocated:  208.86083984375
Memory cached:  294.0
[I 2023-12-20 18:50:58,004] Trial 109 finished with value: 0.3455592095851898 and parameters: {'W_layers': 6, 'W_layer_units_exponent_0': 8, 'W_layer_units_exponent_1': 10, 'W_layer_units_exponent_2': 7, 'W_layer_units_exponent_3': 7, 'W_layer_units_exponent_4': 5, 'W_layer_units_exponent_5': 10, 'D_layers': 7, 'D_layer_units_exponent_0': 4, 'D_layer_units_exponent_1': 7, 'D_layer_units_exponent_2': 7, 'D_layer_units_exponent_3': 7, 'D_layer_units_exponent_4': 4, 'D_layer_units_exponent_5': 10, 'D_layer_units_exponent_6': 4, 'D_dagger_layers': 5, 'D_dagger_layer_units_exponent_0': 7, 'D_dagger_layer_units_exponent_1': 9, 'D_dagger_layer_units_exponent_2': 10, 'D_dagger_layer_units_exponent_3': 4, 'D_dagger_layer_units_exponent_4': 6, 'log_learning_rate': -2.795364854473192, 'log_learning_rate_D': -3.918784871858202, 'log_learning_rate_D_dagger': -3.8543417949062313, 'training_batch_size': 8, 'training_p': 3}. Best is trial 103 with value: 0.3265054225921631.
Time for this trial:  22.43776035308838
Memory status after this trial: 
Memory allocated:  428.13720703125
Memory cached:  462.0
--------------------  Trial  110   --------------------
Start timing: 
Parameters: 
{'W_layers': 6, 'W_layer_units_exponent_0': 8, 'W_layer_units_exponent_1': 10, 'W_layer_units_exponent_2': 7, 'W_layer_units_exponent_3': 7, 'W_layer_units_exponent_4': 5, 'W_layer_units_exponent_5': 10, 'D_layers': 7, 'D_layer_units_exponent_0': 4, 'D_layer_units_exponent_1': 7, 'D_layer_units_exponent_2': 8, 'D_layer_units_exponent_3': 4, 'D_layer_units_exponent_4': 6, 'D_layer_units_exponent_5': 10, 'D_layer_units_exponent_6': 4, 'D_dagger_layers': 5, 'D_dagger_layer_units_exponent_0': 7, 'D_dagger_layer_units_exponent_1': 8, 'D_dagger_layer_units_exponent_2': 10, 'D_dagger_layer_units_exponent_3': 6, 'D_dagger_layer_units_exponent_4': 7, 'log_learning_rate': -2.6763614718890256, 'log_learning_rate_D': -4.044709763061805, 'log_learning_rate_D_dagger': -3.300426152571968, 'training_batch_size': 8, 'training_p': 2}
	 epoch  0 training error:  tensor(1.0366, device='cuda:0', grad_fn=<DivBackward0>)
Memory status after this epoch: 
Memory allocated:  204.994140625
Memory cached:  294.0
	 epoch  10 training error:  tensor(0.4196, device='cuda:0', grad_fn=<DivBackward0>)
Memory status after this epoch: 
Memory allocated:  204.994140625
Memory cached:  296.0
	 epoch  20 training error:  tensor(0.3092, device='cuda:0', grad_fn=<DivBackward0>)
Memory status after this epoch: 
Memory allocated:  204.994140625
Memory cached:  296.0
	 epoch  30 training error:  tensor(0.2902, device='cuda:0', grad_fn=<DivBackward0>)
Memory status after this epoch: 
Memory allocated:  204.994140625
Memory cached:  296.0
	 epoch  40 training error:  tensor(0.2905, device='cuda:0', grad_fn=<DivBackward0>)
Memory status after this epoch: 
Memory allocated:  204.994140625
Memory cached:  296.0
	 epoch  50 training error:  tensor(0.2935, device='cuda:0', grad_fn=<DivBackward0>)
Memory status after this epoch: 
Memory allocated:  204.994140625
Memory cached:  296.0
	 epoch  60 training error:  tensor(0.2892, device='cuda:0', grad_fn=<DivBackward0>)
Memory status after this epoch: 
Memory allocated:  204.994140625
Memory cached:  296.0
	 epoch  70 training error:  tensor(0.2887, device='cuda:0', grad_fn=<DivBackward0>)
Memory status after this epoch: 
Memory allocated:  204.994140625
Memory cached:  296.0
	 epoch  80 training error:  tensor(0.2940, device='cuda:0', grad_fn=<DivBackward0>)
Memory status after this epoch: 
Memory allocated:  204.994140625
Memory cached:  296.0
	 epoch  90 training error:  tensor(0.2862, device='cuda:0', grad_fn=<DivBackward0>)
Memory status after this epoch: 
Memory allocated:  204.994140625
Memory cached:  296.0
[I 2023-12-20 18:51:21,025] Trial 110 finished with value: 0.3294852674007416 and parameters: {'W_layers': 6, 'W_layer_units_exponent_0': 8, 'W_layer_units_exponent_1': 10, 'W_layer_units_exponent_2': 7, 'W_layer_units_exponent_3': 7, 'W_layer_units_exponent_4': 5, 'W_layer_units_exponent_5': 10, 'D_layers': 7, 'D_layer_units_exponent_0': 4, 'D_layer_units_exponent_1': 7, 'D_layer_units_exponent_2': 8, 'D_layer_units_exponent_3': 4, 'D_layer_units_exponent_4': 6, 'D_layer_units_exponent_5': 10, 'D_layer_units_exponent_6': 4, 'D_dagger_layers': 5, 'D_dagger_layer_units_exponent_0': 7, 'D_dagger_layer_units_exponent_1': 8, 'D_dagger_layer_units_exponent_2': 10, 'D_dagger_layer_units_exponent_3': 6, 'D_dagger_layer_units_exponent_4': 7, 'log_learning_rate': -2.6763614718890256, 'log_learning_rate_D': -4.044709763061805, 'log_learning_rate_D_dagger': -3.300426152571968, 'training_batch_size': 8, 'training_p': 2}. Best is trial 103 with value: 0.3265054225921631.
Time for this trial:  22.64375138282776
Memory status after this trial: 
Memory allocated:  416.44873046875
Memory cached:  474.0
--------------------  Trial  111   --------------------
Start timing: 
Parameters: 
{'W_layers': 5, 'W_layer_units_exponent_0': 7, 'W_layer_units_exponent_1': 10, 'W_layer_units_exponent_2': 5, 'W_layer_units_exponent_3': 7, 'W_layer_units_exponent_4': 6, 'D_layers': 8, 'D_layer_units_exponent_0': 5, 'D_layer_units_exponent_1': 7, 'D_layer_units_exponent_2': 8, 'D_layer_units_exponent_3': 7, 'D_layer_units_exponent_4': 4, 'D_layer_units_exponent_5': 8, 'D_layer_units_exponent_6': 5, 'D_layer_units_exponent_7': 4, 'D_dagger_layers': 5, 'D_dagger_layer_units_exponent_0': 7, 'D_dagger_layer_units_exponent_1': 8, 'D_dagger_layer_units_exponent_2': 10, 'D_dagger_layer_units_exponent_3': 4, 'D_dagger_layer_units_exponent_4': 5, 'log_learning_rate': -2.996679819934491, 'log_learning_rate_D': -4.133231091492037, 'log_learning_rate_D_dagger': -4.04049684690601, 'training_batch_size': 9, 'training_p': 2}
	 epoch  0 training error:  tensor(1.0279, device='cuda:0', grad_fn=<DivBackward0>)
Memory status after this epoch: 
Memory allocated:  199.82373046875
Memory cached:  294.0
	 epoch  10 training error:  tensor(0.4480, device='cuda:0', grad_fn=<DivBackward0>)
Memory status after this epoch: 
Memory allocated:  199.82373046875
Memory cached:  294.0
	 epoch  20 training error:  tensor(0.3500, device='cuda:0', grad_fn=<DivBackward0>)
Memory status after this epoch: 
Memory allocated:  199.82373046875
Memory cached:  294.0
	 epoch  30 training error:  tensor(0.2988, device='cuda:0', grad_fn=<DivBackward0>)
Memory status after this epoch: 
Memory allocated:  199.82373046875
Memory cached:  294.0
	 epoch  40 training error:  tensor(0.3008, device='cuda:0', grad_fn=<DivBackward0>)
Memory status after this epoch: 
Memory allocated:  199.82373046875
Memory cached:  294.0
	 epoch  50 training error:  tensor(0.2906, device='cuda:0', grad_fn=<DivBackward0>)
Memory status after this epoch: 
Memory allocated:  199.82373046875
Memory cached:  294.0
	 epoch  60 training error:  tensor(0.2982, device='cuda:0', grad_fn=<DivBackward0>)
Memory status after this epoch: 
Memory allocated:  199.82373046875
Memory cached:  294.0
	 epoch  70 training error:  tensor(0.2880, device='cuda:0', grad_fn=<DivBackward0>)
Memory status after this epoch: 
Memory allocated:  199.82373046875
Memory cached:  294.0
	 epoch  80 training error:  tensor(0.2912, device='cuda:0', grad_fn=<DivBackward0>)
Memory status after this epoch: 
Memory allocated:  199.82373046875
Memory cached:  294.0
	 epoch  90 training error:  tensor(0.2867, device='cuda:0', grad_fn=<DivBackward0>)
Memory status after this epoch: 
Memory allocated:  199.82373046875
Memory cached:  294.0
[I 2023-12-20 18:51:43,026] Trial 111 finished with value: 0.3302411735057831 and parameters: {'W_layers': 5, 'W_layer_units_exponent_0': 7, 'W_layer_units_exponent_1': 10, 'W_layer_units_exponent_2': 5, 'W_layer_units_exponent_3': 7, 'W_layer_units_exponent_4': 6, 'D_layers': 8, 'D_layer_units_exponent_0': 5, 'D_layer_units_exponent_1': 7, 'D_layer_units_exponent_2': 8, 'D_layer_units_exponent_3': 7, 'D_layer_units_exponent_4': 4, 'D_layer_units_exponent_5': 8, 'D_layer_units_exponent_6': 5, 'D_layer_units_exponent_7': 4, 'D_dagger_layers': 5, 'D_dagger_layer_units_exponent_0': 7, 'D_dagger_layer_units_exponent_1': 8, 'D_dagger_layer_units_exponent_2': 10, 'D_dagger_layer_units_exponent_3': 4, 'D_dagger_layer_units_exponent_4': 5, 'log_learning_rate': -2.996679819934491, 'log_learning_rate_D': -4.133231091492037, 'log_learning_rate_D_dagger': -4.04049684690601, 'training_batch_size': 9, 'training_p': 2}. Best is trial 103 with value: 0.3265054225921631.
Time for this trial:  21.52274799346924
Memory status after this trial: 
Memory allocated:  347.11083984375
Memory cached:  388.0
--------------------  Trial  112   --------------------
Start timing: 
Parameters: 
{'W_layers': 6, 'W_layer_units_exponent_0': 8, 'W_layer_units_exponent_1': 9, 'W_layer_units_exponent_2': 7, 'W_layer_units_exponent_3': 7, 'W_layer_units_exponent_4': 5, 'W_layer_units_exponent_5': 8, 'D_layers': 8, 'D_layer_units_exponent_0': 5, 'D_layer_units_exponent_1': 7, 'D_layer_units_exponent_2': 8, 'D_layer_units_exponent_3': 8, 'D_layer_units_exponent_4': 4, 'D_layer_units_exponent_5': 10, 'D_layer_units_exponent_6': 5, 'D_layer_units_exponent_7': 4, 'D_dagger_layers': 4, 'D_dagger_layer_units_exponent_0': 7, 'D_dagger_layer_units_exponent_1': 8, 'D_dagger_layer_units_exponent_2': 10, 'D_dagger_layer_units_exponent_3': 5, 'log_learning_rate': -2.925882419842642, 'log_learning_rate_D': -3.552879681174427, 'log_learning_rate_D_dagger': -3.731737207711481, 'training_batch_size': 9, 'training_p': 2}
	 epoch  0 training error:  tensor(1.0728, device='cuda:0', grad_fn=<DivBackward0>)
Memory status after this epoch: 
Memory allocated:  201.0927734375
Memory cached:  294.0
	 epoch  10 training error:  tensor(0.3885, device='cuda:0', grad_fn=<DivBackward0>)
Memory status after this epoch: 
Memory allocated:  201.0927734375
Memory cached:  294.0
	 epoch  20 training error:  tensor(0.3038, device='cuda:0', grad_fn=<DivBackward0>)
Memory status after this epoch: 
Memory allocated:  201.0927734375
Memory cached:  294.0
	 epoch  30 training error:  tensor(0.2889, device='cuda:0', grad_fn=<DivBackward0>)
Memory status after this epoch: 
Memory allocated:  201.0927734375
Memory cached:  294.0
	 epoch  40 training error:  tensor(0.2976, device='cuda:0', grad_fn=<DivBackward0>)
Memory status after this epoch: 
Memory allocated:  201.0927734375
Memory cached:  294.0
	 epoch  50 training error:  tensor(0.2958, device='cuda:0', grad_fn=<DivBackward0>)
Memory status after this epoch: 
Memory allocated:  201.0927734375
Memory cached:  294.0
	 epoch  60 training error:  tensor(0.2898, device='cuda:0', grad_fn=<DivBackward0>)
Memory status after this epoch: 
Memory allocated:  201.0927734375
Memory cached:  294.0
	 epoch  70 training error:  tensor(0.2885, device='cuda:0', grad_fn=<DivBackward0>)
Memory status after this epoch: 
Memory allocated:  201.0927734375
Memory cached:  294.0
	 epoch  80 training error:  tensor(0.2943, device='cuda:0', grad_fn=<DivBackward0>)
Memory status after this epoch: 
Memory allocated:  201.0927734375
Memory cached:  294.0
	 epoch  90 training error:  tensor(0.2880, device='cuda:0', grad_fn=<DivBackward0>)
Memory status after this epoch: 
Memory allocated:  201.0927734375
Memory cached:  294.0
