[I 2023-12-04 01:51:19,982] Trial 33 finished with value: 0.10814981907606125 and parameters: {'W_layers': 2, 'W_layer_units_exponent_0': 5, 'W_layer_units_exponent_1': 5, 'D_layers': 5, 'D_layer_units_exponent_0': 8, 'D_layer_units_exponent_1': 7, 'D_layer_units_exponent_2': 4, 'D_layer_units_exponent_3': 9, 'D_layer_units_exponent_4': 6, 'log_learning_rate': -3.2062559778234303, 'log_learning_rate_D': -3.8553806820562864, 'training_batch_size': 6, 'training_p': 7}. Best is trial 27 with value: 0.013895528391003609.
Time for this trial:  58.24807596206665
Memory status after this trial: 
Memory allocated:  92.39990234375
Memory cached:  142.0
--------------------  Trial  34   --------------------
Start timing: 
Parameters: 
{'W_layers': 5, 'W_layer_units_exponent_0': 7, 'W_layer_units_exponent_1': 6, 'W_layer_units_exponent_2': 5, 'W_layer_units_exponent_3': 7, 'W_layer_units_exponent_4': 9, 'D_layers': 4, 'D_layer_units_exponent_0': 9, 'D_layer_units_exponent_1': 6, 'D_layer_units_exponent_2': 5, 'D_layer_units_exponent_3': 7, 'log_learning_rate': -3.9114903114578103, 'log_learning_rate_D': -3.3054604632517957, 'training_batch_size': 12, 'training_p': 6}
	 epoch  0 training error:  tensor(0.9872, device='cuda:0', grad_fn=<DivBackward0>)
Memory status after this epoch: 
Memory allocated:  69.94775390625
Memory cached:  144.0
	 epoch  10 training error:  tensor(0.8745, device='cuda:0', grad_fn=<DivBackward0>)
Memory status after this epoch: 
Memory allocated:  69.94775390625
Memory cached:  144.0
	 epoch  20 training error:  tensor(0.7153, device='cuda:0', grad_fn=<DivBackward0>)
Memory status after this epoch: 
Memory allocated:  69.94775390625
Memory cached:  144.0
	 epoch  30 training error:  tensor(0.4462, device='cuda:0', grad_fn=<DivBackward0>)
Memory status after this epoch: 
Memory allocated:  69.94775390625
Memory cached:  144.0
	 epoch  40 training error:  tensor(0.2988, device='cuda:0', grad_fn=<DivBackward0>)
Memory status after this epoch: 
Memory allocated:  69.94775390625
Memory cached:  144.0
	 epoch  50 training error:  tensor(0.2329, device='cuda:0', grad_fn=<DivBackward0>)
Memory status after this epoch: 
Memory allocated:  69.94775390625
Memory cached:  144.0
	 epoch  60 training error:  tensor(0.2121, device='cuda:0', grad_fn=<DivBackward0>)
Memory status after this epoch: 
Memory allocated:  69.94775390625
Memory cached:  144.0
	 epoch  70 training error:  tensor(0.2051, device='cuda:0', grad_fn=<DivBackward0>)
Memory status after this epoch: 
Memory allocated:  69.94775390625
Memory cached:  144.0
	 epoch  80 training error:  tensor(0.2015, device='cuda:0', grad_fn=<DivBackward0>)
Memory status after this epoch: 
Memory allocated:  69.94775390625
Memory cached:  144.0
	 epoch  90 training error:  tensor(0.1987, device='cuda:0', grad_fn=<DivBackward0>)
Memory status after this epoch: 
Memory allocated:  69.94775390625
Memory cached:  144.0
[I 2023-12-04 01:52:02,357] Trial 34 finished with value: 0.11673145741224289 and parameters: {'W_layers': 5, 'W_layer_units_exponent_0': 7, 'W_layer_units_exponent_1': 6, 'W_layer_units_exponent_2': 5, 'W_layer_units_exponent_3': 7, 'W_layer_units_exponent_4': 9, 'D_layers': 4, 'D_layer_units_exponent_0': 9, 'D_layer_units_exponent_1': 6, 'D_layer_units_exponent_2': 5, 'D_layer_units_exponent_3': 7, 'log_learning_rate': -3.9114903114578103, 'log_learning_rate_D': -3.3054604632517957, 'training_batch_size': 12, 'training_p': 6}. Best is trial 27 with value: 0.013895528391003609.
Time for this trial:  42.19991111755371
Memory status after this trial: 
Memory allocated:  105.55712890625
Memory cached:  144.0
--------------------  Trial  35   --------------------
Start timing: 
Parameters: 
{'W_layers': 3, 'W_layer_units_exponent_0': 6, 'W_layer_units_exponent_1': 8, 'W_layer_units_exponent_2': 5, 'D_layers': 5, 'D_layer_units_exponent_0': 8, 'D_layer_units_exponent_1': 7, 'D_layer_units_exponent_2': 5, 'D_layer_units_exponent_3': 6, 'D_layer_units_exponent_4': 8, 'log_learning_rate': -3.0882280542505476, 'log_learning_rate_D': -3.253991312785933, 'training_batch_size': 7, 'training_p': 7}
	 epoch  0 training error:  tensor(1.0849, device='cuda:0', grad_fn=<DivBackward0>)
Memory status after this epoch: 
Memory allocated:  69.30712890625
Memory cached:  144.0
	 epoch  10 training error:  tensor(0.5692, device='cuda:0', grad_fn=<DivBackward0>)
Memory status after this epoch: 
Memory allocated:  69.30712890625
Memory cached:  146.0
	 epoch  20 training error:  tensor(0.2583, device='cuda:0', grad_fn=<DivBackward0>)
Memory status after this epoch: 
Memory allocated:  69.30712890625
Memory cached:  146.0
	 epoch  30 training error:  tensor(0.2110, device='cuda:0', grad_fn=<DivBackward0>)
Memory status after this epoch: 
Memory allocated:  69.30712890625
Memory cached:  146.0
	 epoch  40 training error:  tensor(0.1639, device='cuda:0', grad_fn=<DivBackward0>)
Memory status after this epoch: 
Memory allocated:  69.30712890625
Memory cached:  146.0
	 epoch  50 training error:  tensor(0.1534, device='cuda:0', grad_fn=<DivBackward0>)
Memory status after this epoch: 
Memory allocated:  69.30712890625
Memory cached:  146.0
	 epoch  60 training error:  tensor(0.1449, device='cuda:0', grad_fn=<DivBackward0>)
Memory status after this epoch: 
Memory allocated:  69.30712890625
Memory cached:  146.0
	 epoch  70 training error:  tensor(0.1251, device='cuda:0', grad_fn=<DivBackward0>)
Memory status after this epoch: 
Memory allocated:  69.30712890625
Memory cached:  146.0
	 epoch  80 training error:  tensor(0.0974, device='cuda:0', grad_fn=<DivBackward0>)
Memory status after this epoch: 
Memory allocated:  69.30712890625
Memory cached:  146.0
	 epoch  90 training error:  tensor(0.0456, device='cuda:0', grad_fn=<DivBackward0>)
Memory status after this epoch: 
Memory allocated:  69.30712890625
Memory cached:  146.0
[I 2023-12-04 01:52:41,753] Trial 35 finished with value: 0.022302934899926186 and parameters: {'W_layers': 3, 'W_layer_units_exponent_0': 6, 'W_layer_units_exponent_1': 8, 'W_layer_units_exponent_2': 5, 'D_layers': 5, 'D_layer_units_exponent_0': 8, 'D_layer_units_exponent_1': 7, 'D_layer_units_exponent_2': 5, 'D_layer_units_exponent_3': 6, 'D_layer_units_exponent_4': 8, 'log_learning_rate': -3.0882280542505476, 'log_learning_rate_D': -3.253991312785933, 'training_batch_size': 7, 'training_p': 7}. Best is trial 27 with value: 0.013895528391003609.
Time for this trial:  39.23304057121277
Memory status after this trial: 
Memory allocated:  93.51806640625
Memory cached:  146.0
--------------------  Trial  36   --------------------
Start timing: 
Parameters: 
{'W_layers': 4, 'W_layer_units_exponent_0': 5, 'W_layer_units_exponent_1': 10, 'W_layer_units_exponent_2': 7, 'W_layer_units_exponent_3': 9, 'D_layers': 5, 'D_layer_units_exponent_0': 7, 'D_layer_units_exponent_1': 5, 'D_layer_units_exponent_2': 7, 'D_layer_units_exponent_3': 6, 'D_layer_units_exponent_4': 8, 'log_learning_rate': -3.0091372603086057, 'log_learning_rate_D': -3.0520306042973417, 'training_batch_size': 7, 'training_p': 7}
	 epoch  0 training error:  tensor(0.9586, device='cuda:0', grad_fn=<DivBackward0>)
Memory status after this epoch: 
Memory allocated:  72.08837890625
Memory cached:  144.0
	 epoch  10 training error:  tensor(0.3607, device='cuda:0', grad_fn=<DivBackward0>)
Memory status after this epoch: 
Memory allocated:  72.08837890625
Memory cached:  144.0
	 epoch  20 training error:  tensor(0.2164, device='cuda:0', grad_fn=<DivBackward0>)
Memory status after this epoch: 
Memory allocated:  72.08837890625
Memory cached:  144.0
	 epoch  30 training error:  tensor(0.1566, device='cuda:0', grad_fn=<DivBackward0>)
Memory status after this epoch: 
Memory allocated:  72.08837890625
Memory cached:  144.0
	 epoch  40 training error:  tensor(0.1444, device='cuda:0', grad_fn=<DivBackward0>)
Memory status after this epoch: 
Memory allocated:  72.08837890625
Memory cached:  144.0
	 epoch  50 training error:  tensor(0.1145, device='cuda:0', grad_fn=<DivBackward0>)
Memory status after this epoch: 
Memory allocated:  72.08837890625
Memory cached:  144.0
	 epoch  60 training error:  tensor(0.0495, device='cuda:0', grad_fn=<DivBackward0>)
Memory status after this epoch: 
Memory allocated:  72.08837890625
Memory cached:  144.0
	 epoch  70 training error:  tensor(0.0460, device='cuda:0', grad_fn=<DivBackward0>)
Memory status after this epoch: 
Memory allocated:  72.08837890625
Memory cached:  144.0
	 epoch  80 training error:  tensor(0.0324, device='cuda:0', grad_fn=<DivBackward0>)
Memory status after this epoch: 
Memory allocated:  72.08837890625
Memory cached:  144.0
	 epoch  90 training error:  tensor(0.0294, device='cuda:0', grad_fn=<DivBackward0>)
Memory status after this epoch: 
Memory allocated:  72.08837890625
Memory cached:  144.0
[I 2023-12-04 01:53:24,913] Trial 36 finished with value: 0.02815898135304451 and parameters: {'W_layers': 4, 'W_layer_units_exponent_0': 5, 'W_layer_units_exponent_1': 10, 'W_layer_units_exponent_2': 7, 'W_layer_units_exponent_3': 9, 'D_layers': 5, 'D_layer_units_exponent_0': 7, 'D_layer_units_exponent_1': 5, 'D_layer_units_exponent_2': 7, 'D_layer_units_exponent_3': 6, 'D_layer_units_exponent_4': 8, 'log_learning_rate': -3.0091372603086057, 'log_learning_rate_D': -3.0520306042973417, 'training_batch_size': 7, 'training_p': 7}. Best is trial 27 with value: 0.013895528391003609.
Time for this trial:  42.985300064086914
Memory status after this trial: 
Memory allocated:  122.77001953125
Memory cached:  144.0
--------------------  Trial  37   --------------------
Start timing: 
Parameters: 
{'W_layers': 3, 'W_layer_units_exponent_0': 7, 'W_layer_units_exponent_1': 8, 'W_layer_units_exponent_2': 6, 'D_layers': 5, 'D_layer_units_exponent_0': 8, 'D_layer_units_exponent_1': 8, 'D_layer_units_exponent_2': 4, 'D_layer_units_exponent_3': 5, 'D_layer_units_exponent_4': 7, 'log_learning_rate': -3.7221316496487167, 'log_learning_rate_D': -3.2423500600896222, 'training_batch_size': 10, 'training_p': 7}
	 epoch  0 training error:  tensor(1.0147, device='cuda:0', grad_fn=<DivBackward0>)
Memory status after this epoch: 
Memory allocated:  69.96533203125
Memory cached:  144.0
	 epoch  10 training error:  tensor(0.8345, device='cuda:0', grad_fn=<DivBackward0>)
Memory status after this epoch: 
Memory allocated:  69.96533203125
Memory cached:  144.0
	 epoch  20 training error:  tensor(0.5247, device='cuda:0', grad_fn=<DivBackward0>)
Memory status after this epoch: 
Memory allocated:  69.96533203125
Memory cached:  144.0
	 epoch  30 training error:  tensor(0.3517, device='cuda:0', grad_fn=<DivBackward0>)
Memory status after this epoch: 
Memory allocated:  69.96533203125
Memory cached:  144.0
	 epoch  40 training error:  tensor(0.2894, device='cuda:0', grad_fn=<DivBackward0>)
Memory status after this epoch: 
Memory allocated:  69.96533203125
Memory cached:  144.0
	 epoch  50 training error:  tensor(0.2573, device='cuda:0', grad_fn=<DivBackward0>)
Memory status after this epoch: 
Memory allocated:  69.96533203125
Memory cached:  144.0
	 epoch  60 training error:  tensor(0.2388, device='cuda:0', grad_fn=<DivBackward0>)
Memory status after this epoch: 
Memory allocated:  69.96533203125
Memory cached:  144.0
	 epoch  70 training error:  tensor(0.2218, device='cuda:0', grad_fn=<DivBackward0>)
Memory status after this epoch: 
Memory allocated:  69.96533203125
Memory cached:  144.0
	 epoch  80 training error:  tensor(0.2087, device='cuda:0', grad_fn=<DivBackward0>)
Memory status after this epoch: 
Memory allocated:  69.96533203125
Memory cached:  144.0
	 epoch  90 training error:  tensor(0.1972, device='cuda:0', grad_fn=<DivBackward0>)
Memory status after this epoch: 
Memory allocated:  69.96533203125
Memory cached:  144.0
[I 2023-12-04 01:54:04,691] Trial 37 finished with value: 0.10496330261230469 and parameters: {'W_layers': 3, 'W_layer_units_exponent_0': 7, 'W_layer_units_exponent_1': 8, 'W_layer_units_exponent_2': 6, 'D_layers': 5, 'D_layer_units_exponent_0': 8, 'D_layer_units_exponent_1': 8, 'D_layer_units_exponent_2': 4, 'D_layer_units_exponent_3': 5, 'D_layer_units_exponent_4': 7, 'log_learning_rate': -3.7221316496487167, 'log_learning_rate_D': -3.2423500600896222, 'training_batch_size': 10, 'training_p': 7}. Best is trial 27 with value: 0.013895528391003609.
Time for this trial:  39.59122848510742
Memory status after this trial: 
Memory allocated:  95.029296875
Memory cached:  144.0
--------------------  Trial  38   --------------------
Start timing: 
Parameters: 
{'W_layers': 7, 'W_layer_units_exponent_0': 8, 'W_layer_units_exponent_1': 10, 'W_layer_units_exponent_2': 5, 'W_layer_units_exponent_3': 6, 'W_layer_units_exponent_4': 10, 'W_layer_units_exponent_5': 10, 'W_layer_units_exponent_6': 7, 'D_layers': 6, 'D_layer_units_exponent_0': 8, 'D_layer_units_exponent_1': 6, 'D_layer_units_exponent_2': 9, 'D_layer_units_exponent_3': 6, 'D_layer_units_exponent_4': 9, 'D_layer_units_exponent_5': 5, 'log_learning_rate': -2.5544836547306025, 'log_learning_rate_D': -2.856849037733861, 'training_batch_size': 7, 'training_p': 8}
	 epoch  0 training error:  tensor(1.0079, device='cuda:0', grad_fn=<DivBackward0>)
Memory status after this epoch: 
Memory allocated:  93.68212890625
Memory cached:  164.0
	 epoch  10 training error:  tensor(0.6579, device='cuda:0', grad_fn=<DivBackward0>)
Memory status after this epoch: 
Memory allocated:  93.68212890625
Memory cached:  166.0
	 epoch  20 training error:  tensor(0.2136, device='cuda:0', grad_fn=<DivBackward0>)
Memory status after this epoch: 
Memory allocated:  93.68212890625
Memory cached:  166.0
	 epoch  30 training error:  tensor(0.1671, device='cuda:0', grad_fn=<DivBackward0>)
Memory status after this epoch: 
Memory allocated:  93.68212890625
Memory cached:  166.0
	 epoch  40 training error:  tensor(0.1166, device='cuda:0', grad_fn=<DivBackward0>)
Memory status after this epoch: 
Memory allocated:  93.68212890625
Memory cached:  166.0
	 epoch  50 training error:  tensor(0.0852, device='cuda:0', grad_fn=<DivBackward0>)
Memory status after this epoch: 
Memory allocated:  93.68212890625
Memory cached:  166.0
	 epoch  60 training error:  tensor(0.1765, device='cuda:0', grad_fn=<DivBackward0>)
Memory status after this epoch: 
Memory allocated:  93.68212890625
Memory cached:  166.0
	 epoch  70 training error:  tensor(0.1247, device='cuda:0', grad_fn=<DivBackward0>)
Memory status after this epoch: 
Memory allocated:  93.68212890625
Memory cached:  166.0
	 epoch  80 training error:  tensor(0.1318, device='cuda:0', grad_fn=<DivBackward0>)
Memory status after this epoch: 
Memory allocated:  93.68212890625
Memory cached:  166.0
	 epoch  90 training error:  tensor(0.1211, device='cuda:0', grad_fn=<DivBackward0>)
Memory status after this epoch: 
Memory allocated:  93.68212890625
Memory cached:  166.0
[I 2023-12-04 01:55:00,728] Trial 38 finished with value: 0.06676354259252548 and parameters: {'W_layers': 7, 'W_layer_units_exponent_0': 8, 'W_layer_units_exponent_1': 10, 'W_layer_units_exponent_2': 5, 'W_layer_units_exponent_3': 6, 'W_layer_units_exponent_4': 10, 'W_layer_units_exponent_5': 10, 'W_layer_units_exponent_6': 7, 'D_layers': 6, 'D_layer_units_exponent_0': 8, 'D_layer_units_exponent_1': 6, 'D_layer_units_exponent_2': 9, 'D_layer_units_exponent_3': 6, 'D_layer_units_exponent_4': 9, 'D_layer_units_exponent_5': 5, 'log_learning_rate': -2.5544836547306025, 'log_learning_rate_D': -2.856849037733861, 'training_batch_size': 7, 'training_p': 8}. Best is trial 27 with value: 0.013895528391003609.
Time for this trial:  55.81327533721924
Memory status after this trial: 
Memory allocated:  194.89990234375
Memory cached:  212.0
--------------------  Trial  39   --------------------
Start timing: 
Parameters: 
{'W_layers': 4, 'W_layer_units_exponent_0': 4, 'W_layer_units_exponent_1': 8, 'W_layer_units_exponent_2': 6, 'W_layer_units_exponent_3': 8, 'D_layers': 8, 'D_layer_units_exponent_0': 5, 'D_layer_units_exponent_1': 5, 'D_layer_units_exponent_2': 6, 'D_layer_units_exponent_3': 7, 'D_layer_units_exponent_4': 8, 'D_layer_units_exponent_5': 9, 'D_layer_units_exponent_6': 6, 'D_layer_units_exponent_7': 4, 'log_learning_rate': -3.1558972140444927, 'log_learning_rate_D': -3.132925915054385, 'training_batch_size': 9, 'training_p': 5}
	 epoch  0 training error:  tensor(0.9884, device='cuda:0', grad_fn=<DivBackward0>)
Memory status after this epoch: 
Memory allocated:  71.78564453125
Memory cached:  144.0
	 epoch  10 training error:  tensor(0.2922, device='cuda:0', grad_fn=<DivBackward0>)
Memory status after this epoch: 
Memory allocated:  71.78564453125
Memory cached:  146.0
	 epoch  20 training error:  tensor(0.2357, device='cuda:0', grad_fn=<DivBackward0>)
Memory status after this epoch: 
Memory allocated:  71.78564453125
Memory cached:  146.0
	 epoch  30 training error:  tensor(0.2005, device='cuda:0', grad_fn=<DivBackward0>)
Memory status after this epoch: 
Memory allocated:  71.78564453125
Memory cached:  146.0
	 epoch  40 training error:  tensor(0.1695, device='cuda:0', grad_fn=<DivBackward0>)
Memory status after this epoch: 
Memory allocated:  71.78564453125
Memory cached:  146.0
	 epoch  50 training error:  tensor(0.1456, device='cuda:0', grad_fn=<DivBackward0>)
Memory status after this epoch: 
Memory allocated:  71.78564453125
Memory cached:  146.0
	 epoch  60 training error:  tensor(0.1318, device='cuda:0', grad_fn=<DivBackward0>)
Memory status after this epoch: 
Memory allocated:  71.78564453125
Memory cached:  146.0
	 epoch  70 training error:  tensor(0.1065, device='cuda:0', grad_fn=<DivBackward0>)
Memory status after this epoch: 
Memory allocated:  71.78564453125
Memory cached:  146.0
	 epoch  80 training error:  tensor(0.0619, device='cuda:0', grad_fn=<DivBackward0>)
Memory status after this epoch: 
Memory allocated:  71.78564453125
Memory cached:  146.0
	 epoch  90 training error:  tensor(0.0489, device='cuda:0', grad_fn=<DivBackward0>)
Memory status after this epoch: 
Memory allocated:  71.78564453125
Memory cached:  146.0
[I 2023-12-04 01:55:49,408] Trial 39 finished with value: 0.0666266605257988 and parameters: {'W_layers': 4, 'W_layer_units_exponent_0': 4, 'W_layer_units_exponent_1': 8, 'W_layer_units_exponent_2': 6, 'W_layer_units_exponent_3': 8, 'D_layers': 8, 'D_layer_units_exponent_0': 5, 'D_layer_units_exponent_1': 5, 'D_layer_units_exponent_2': 6, 'D_layer_units_exponent_3': 7, 'D_layer_units_exponent_4': 8, 'D_layer_units_exponent_5': 9, 'D_layer_units_exponent_6': 6, 'D_layer_units_exponent_7': 4, 'log_learning_rate': -3.1558972140444927, 'log_learning_rate_D': -3.132925915054385, 'training_batch_size': 9, 'training_p': 5}. Best is trial 27 with value: 0.013895528391003609.
Time for this trial:  48.47796034812927
Memory status after this trial: 
Memory allocated:  108.73486328125
Memory cached:  146.0
--------------------  Trial  40   --------------------
Start timing: 
Parameters: 
{'W_layers': 5, 'W_layer_units_exponent_0': 6, 'W_layer_units_exponent_1': 9, 'W_layer_units_exponent_2': 7, 'W_layer_units_exponent_3': 7, 'W_layer_units_exponent_4': 8, 'D_layers': 5, 'D_layer_units_exponent_0': 7, 'D_layer_units_exponent_1': 7, 'D_layer_units_exponent_2': 5, 'D_layer_units_exponent_3': 6, 'D_layer_units_exponent_4': 6, 'log_learning_rate': -3.0416914188150956, 'log_learning_rate_D': -4.967274024164242, 'training_batch_size': 11, 'training_p': 7}
	 epoch  0 training error:  tensor(0.9934, device='cuda:0', grad_fn=<DivBackward0>)
Memory status after this epoch: 
Memory allocated:  70.70947265625
Memory cached:  144.0
	 epoch  10 training error:  tensor(0.2293, device='cuda:0', grad_fn=<DivBackward0>)
Memory status after this epoch: 
Memory allocated:  70.70947265625
Memory cached:  144.0
	 epoch  20 training error:  tensor(0.1719, device='cuda:0', grad_fn=<DivBackward0>)
Memory status after this epoch: 
Memory allocated:  70.70947265625
Memory cached:  144.0
	 epoch  30 training error:  tensor(0.1687, device='cuda:0', grad_fn=<DivBackward0>)
Memory status after this epoch: 
Memory allocated:  70.70947265625
Memory cached:  144.0
	 epoch  40 training error:  tensor(0.1515, device='cuda:0', grad_fn=<DivBackward0>)
Memory status after this epoch: 
Memory allocated:  70.70947265625
Memory cached:  144.0
	 epoch  50 training error:  tensor(0.1483, device='cuda:0', grad_fn=<DivBackward0>)
Memory status after this epoch: 
Memory allocated:  70.70947265625
Memory cached:  144.0
	 epoch  60 training error:  tensor(0.1475, device='cuda:0', grad_fn=<DivBackward0>)
Memory status after this epoch: 
Memory allocated:  70.70947265625
Memory cached:  144.0
	 epoch  70 training error:  tensor(0.1475, device='cuda:0', grad_fn=<DivBackward0>)
Memory status after this epoch: 
Memory allocated:  70.70947265625
Memory cached:  144.0
	 epoch  80 training error:  tensor(0.1468, device='cuda:0', grad_fn=<DivBackward0>)
Memory status after this epoch: 
Memory allocated:  70.70947265625
Memory cached:  144.0
	 epoch  90 training error:  tensor(0.1463, device='cuda:0', grad_fn=<DivBackward0>)
Memory status after this epoch: 
Memory allocated:  70.70947265625
Memory cached:  144.0
