[I 2024-01-03 17:39:55,007] Trial 61 finished with value: 0.0882885530591011 and parameters: {'W_layers': 5, 'W_layer_units_exponent_0': 8, 'W_layer_units_exponent_1': 6, 'W_layer_units_exponent_2': 5, 'W_layer_units_exponent_3': 7, 'W_layer_units_exponent_4': 5, 'D_layers': 3, 'D_layer_units_exponent_0': 10, 'D_layer_units_exponent_1': 6, 'D_layer_units_exponent_2': 8, 'D_dagger_layers': 6, 'D_dagger_layer_units_exponent_0': 8, 'D_dagger_layer_units_exponent_1': 10, 'D_dagger_layer_units_exponent_2': 6, 'D_dagger_layer_units_exponent_3': 8, 'D_dagger_layer_units_exponent_4': 9, 'D_dagger_layer_units_exponent_5': 7, 'log_learning_rate': -3.8875953305236535, 'log_learning_rate_D': -3.6157262315995213, 'log_learning_rate_D_dagger': -3.1613695662721293, 'training_batch_size': 11, 'training_p': 5}. Best is trial 56 with value: 0.08371806144714355.
Time for this trial:  194.27572464942932
Memory status after this trial: 
Memory allocated:  456.09375
Memory cached:  490.0
--------------------  Trial  62   --------------------
Start timing: 
Parameters: 
{'W_layers': 5, 'W_layer_units_exponent_0': 9, 'W_layer_units_exponent_1': 6, 'W_layer_units_exponent_2': 5, 'W_layer_units_exponent_3': 7, 'W_layer_units_exponent_4': 4, 'D_layers': 2, 'D_layer_units_exponent_0': 10, 'D_layer_units_exponent_1': 7, 'D_dagger_layers': 7, 'D_dagger_layer_units_exponent_0': 8, 'D_dagger_layer_units_exponent_1': 10, 'D_dagger_layer_units_exponent_2': 8, 'D_dagger_layer_units_exponent_3': 8, 'D_dagger_layer_units_exponent_4': 9, 'D_dagger_layer_units_exponent_5': 9, 'D_dagger_layer_units_exponent_6': 8, 'log_learning_rate': -4.046298265471028, 'log_learning_rate_D': -3.91013961784203, 'log_learning_rate_D_dagger': -3.328472017402534, 'training_batch_size': 11, 'training_p': 5}
	 epoch  0 training error:  tensor(0.9791, device='cuda:0', grad_fn=<DivBackward0>)
Memory status after this epoch: 
Memory allocated:  255.69189453125
Memory cached:  486.0
	 epoch  10 training error:  tensor(0.2714, device='cuda:0', grad_fn=<DivBackward0>)
Memory status after this epoch: 
Memory allocated:  255.69189453125
Memory cached:  526.0
	 epoch  20 training error:  tensor(0.1797, device='cuda:0', grad_fn=<DivBackward0>)
Memory status after this epoch: 
Memory allocated:  255.69189453125
Memory cached:  526.0
	 epoch  30 training error:  tensor(0.1398, device='cuda:0', grad_fn=<DivBackward0>)
Memory status after this epoch: 
Memory allocated:  255.69189453125
Memory cached:  522.0
	 epoch  40 training error:  tensor(0.1247, device='cuda:0', grad_fn=<DivBackward0>)
Memory status after this epoch: 
Memory allocated:  255.69189453125
Memory cached:  522.0
	 epoch  50 training error:  tensor(0.1167, device='cuda:0', grad_fn=<DivBackward0>)
Memory status after this epoch: 
Memory allocated:  255.69189453125
Memory cached:  530.0
	 epoch  60 training error:  tensor(0.1206, device='cuda:0', grad_fn=<DivBackward0>)
Memory status after this epoch: 
Memory allocated:  255.69189453125
Memory cached:  520.0
	 epoch  70 training error:  tensor(0.1163, device='cuda:0', grad_fn=<DivBackward0>)
Memory status after this epoch: 
Memory allocated:  255.69189453125
Memory cached:  528.0
	 epoch  80 training error:  tensor(0.1146, device='cuda:0', grad_fn=<DivBackward0>)
Memory status after this epoch: 
Memory allocated:  255.69189453125
Memory cached:  528.0
	 epoch  90 training error:  tensor(0.1164, device='cuda:0', grad_fn=<DivBackward0>)
Memory status after this epoch: 
Memory allocated:  255.69189453125
Memory cached:  520.0
[I 2024-01-03 17:43:18,902] Trial 62 finished with value: 0.0938563346862793 and parameters: {'W_layers': 5, 'W_layer_units_exponent_0': 9, 'W_layer_units_exponent_1': 6, 'W_layer_units_exponent_2': 5, 'W_layer_units_exponent_3': 7, 'W_layer_units_exponent_4': 4, 'D_layers': 2, 'D_layer_units_exponent_0': 10, 'D_layer_units_exponent_1': 7, 'D_dagger_layers': 7, 'D_dagger_layer_units_exponent_0': 8, 'D_dagger_layer_units_exponent_1': 10, 'D_dagger_layer_units_exponent_2': 8, 'D_dagger_layer_units_exponent_3': 8, 'D_dagger_layer_units_exponent_4': 9, 'D_dagger_layer_units_exponent_5': 9, 'D_dagger_layer_units_exponent_6': 8, 'log_learning_rate': -4.046298265471028, 'log_learning_rate_D': -3.91013961784203, 'log_learning_rate_D_dagger': -3.328472017402534, 'training_batch_size': 11, 'training_p': 5}. Best is trial 56 with value: 0.08371806144714355.
Time for this trial:  203.47665739059448
Memory status after this trial: 
Memory allocated:  508.3193359375
Memory cached:  520.0
--------------------  Trial  63   --------------------
Start timing: 
Parameters: 
{'W_layers': 5, 'W_layer_units_exponent_0': 8, 'W_layer_units_exponent_1': 6, 'W_layer_units_exponent_2': 5, 'W_layer_units_exponent_3': 8, 'W_layer_units_exponent_4': 5, 'D_layers': 3, 'D_layer_units_exponent_0': 10, 'D_layer_units_exponent_1': 7, 'D_layer_units_exponent_2': 8, 'D_dagger_layers': 6, 'D_dagger_layer_units_exponent_0': 7, 'D_dagger_layer_units_exponent_1': 10, 'D_dagger_layer_units_exponent_2': 8, 'D_dagger_layer_units_exponent_3': 8, 'D_dagger_layer_units_exponent_4': 9, 'D_dagger_layer_units_exponent_5': 6, 'log_learning_rate': -4.206522981196667, 'log_learning_rate_D': -3.308220506498056, 'log_learning_rate_D_dagger': -3.026190157128337, 'training_batch_size': 11, 'training_p': 5}
	 epoch  0 training error:  tensor(1.0168, device='cuda:0', grad_fn=<DivBackward0>)
Memory status after this epoch: 
Memory allocated:  248.57470703125
Memory cached:  470.0
	 epoch  10 training error:  tensor(0.1721, device='cuda:0', grad_fn=<DivBackward0>)
Memory status after this epoch: 
Memory allocated:  248.57470703125
Memory cached:  492.0
	 epoch  20 training error:  tensor(0.1439, device='cuda:0', grad_fn=<DivBackward0>)
Memory status after this epoch: 
Memory allocated:  248.57470703125
Memory cached:  478.0
	 epoch  30 training error:  tensor(0.1316, device='cuda:0', grad_fn=<DivBackward0>)
Memory status after this epoch: 
Memory allocated:  248.57470703125
Memory cached:  494.0
	 epoch  40 training error:  tensor(0.1166, device='cuda:0', grad_fn=<DivBackward0>)
Memory status after this epoch: 
Memory allocated:  248.57470703125
Memory cached:  490.0
	 epoch  50 training error:  tensor(0.1153, device='cuda:0', grad_fn=<DivBackward0>)
Memory status after this epoch: 
Memory allocated:  248.57470703125
Memory cached:  492.0
	 epoch  60 training error:  tensor(0.1301, device='cuda:0', grad_fn=<DivBackward0>)
Memory status after this epoch: 
Memory allocated:  248.57470703125
Memory cached:  484.0
	 epoch  70 training error:  tensor(0.1193, device='cuda:0', grad_fn=<DivBackward0>)
Memory status after this epoch: 
Memory allocated:  248.57470703125
Memory cached:  486.0
	 epoch  80 training error:  tensor(0.1179, device='cuda:0', grad_fn=<DivBackward0>)
Memory status after this epoch: 
Memory allocated:  248.57470703125
Memory cached:  478.0
	 epoch  90 training error:  tensor(0.1177, device='cuda:0', grad_fn=<DivBackward0>)
Memory status after this epoch: 
Memory allocated:  248.57470703125
Memory cached:  486.0
[I 2024-01-03 17:46:38,165] Trial 63 finished with value: 0.09255571663379669 and parameters: {'W_layers': 5, 'W_layer_units_exponent_0': 8, 'W_layer_units_exponent_1': 6, 'W_layer_units_exponent_2': 5, 'W_layer_units_exponent_3': 8, 'W_layer_units_exponent_4': 5, 'D_layers': 3, 'D_layer_units_exponent_0': 10, 'D_layer_units_exponent_1': 7, 'D_layer_units_exponent_2': 8, 'D_dagger_layers': 6, 'D_dagger_layer_units_exponent_0': 7, 'D_dagger_layer_units_exponent_1': 10, 'D_dagger_layer_units_exponent_2': 8, 'D_dagger_layer_units_exponent_3': 8, 'D_dagger_layer_units_exponent_4': 9, 'D_dagger_layer_units_exponent_5': 6, 'log_learning_rate': -4.206522981196667, 'log_learning_rate_D': -3.308220506498056, 'log_learning_rate_D_dagger': -3.026190157128337, 'training_batch_size': 11, 'training_p': 5}. Best is trial 56 with value: 0.08371806144714355.
Time for this trial:  198.86856937408447
Memory status after this trial: 
Memory allocated:  468.1103515625
Memory cached:  480.0
--------------------  Trial  64   --------------------
Start timing: 
Parameters: 
{'W_layers': 5, 'W_layer_units_exponent_0': 7, 'W_layer_units_exponent_1': 6, 'W_layer_units_exponent_2': 5, 'W_layer_units_exponent_3': 7, 'W_layer_units_exponent_4': 4, 'D_layers': 3, 'D_layer_units_exponent_0': 10, 'D_layer_units_exponent_1': 7, 'D_layer_units_exponent_2': 9, 'D_dagger_layers': 7, 'D_dagger_layer_units_exponent_0': 5, 'D_dagger_layer_units_exponent_1': 10, 'D_dagger_layer_units_exponent_2': 7, 'D_dagger_layer_units_exponent_3': 9, 'D_dagger_layer_units_exponent_4': 9, 'D_dagger_layer_units_exponent_5': 8, 'D_dagger_layer_units_exponent_6': 9, 'log_learning_rate': -4.365596978836249, 'log_learning_rate_D': -3.580050900230368, 'log_learning_rate_D_dagger': -3.512794725426536, 'training_batch_size': 12, 'training_p': 4}
	 epoch  0 training error:  tensor(0.9722, device='cuda:0', grad_fn=<DivBackward0>)
Memory status after this epoch: 
Memory allocated:  250.80712890625
Memory cached:  486.0
	 epoch  10 training error:  tensor(0.3090, device='cuda:0', grad_fn=<DivBackward0>)
Memory status after this epoch: 
Memory allocated:  250.80712890625
Memory cached:  536.0
	 epoch  20 training error:  tensor(0.1906, device='cuda:0', grad_fn=<DivBackward0>)
Memory status after this epoch: 
Memory allocated:  250.80712890625
Memory cached:  530.0
	 epoch  30 training error:  tensor(0.1526, device='cuda:0', grad_fn=<DivBackward0>)
Memory status after this epoch: 
Memory allocated:  250.80712890625
Memory cached:  542.0
	 epoch  40 training error:  tensor(0.1420, device='cuda:0', grad_fn=<DivBackward0>)
Memory status after this epoch: 
Memory allocated:  250.80712890625
Memory cached:  520.0
	 epoch  50 training error:  tensor(0.1316, device='cuda:0', grad_fn=<DivBackward0>)
Memory status after this epoch: 
Memory allocated:  250.80712890625
Memory cached:  540.0
	 epoch  60 training error:  tensor(0.1189, device='cuda:0', grad_fn=<DivBackward0>)
Memory status after this epoch: 
Memory allocated:  250.80712890625
Memory cached:  526.0
	 epoch  70 training error:  tensor(0.1122, device='cuda:0', grad_fn=<DivBackward0>)
Memory status after this epoch: 
Memory allocated:  250.80712890625
Memory cached:  532.0
	 epoch  80 training error:  tensor(0.1063, device='cuda:0', grad_fn=<DivBackward0>)
Memory status after this epoch: 
Memory allocated:  250.80712890625
Memory cached:  522.0
	 epoch  90 training error:  tensor(0.1052, device='cuda:0', grad_fn=<DivBackward0>)
Memory status after this epoch: 
Memory allocated:  250.80712890625
Memory cached:  524.0
[I 2024-01-03 17:50:06,278] Trial 64 finished with value: 0.08212742954492569 and parameters: {'W_layers': 5, 'W_layer_units_exponent_0': 7, 'W_layer_units_exponent_1': 6, 'W_layer_units_exponent_2': 5, 'W_layer_units_exponent_3': 7, 'W_layer_units_exponent_4': 4, 'D_layers': 3, 'D_layer_units_exponent_0': 10, 'D_layer_units_exponent_1': 7, 'D_layer_units_exponent_2': 9, 'D_dagger_layers': 7, 'D_dagger_layer_units_exponent_0': 5, 'D_dagger_layer_units_exponent_1': 10, 'D_dagger_layer_units_exponent_2': 7, 'D_dagger_layer_units_exponent_3': 9, 'D_dagger_layer_units_exponent_4': 9, 'D_dagger_layer_units_exponent_5': 8, 'D_dagger_layer_units_exponent_6': 9, 'log_learning_rate': -4.365596978836249, 'log_learning_rate_D': -3.580050900230368, 'log_learning_rate_D_dagger': -3.512794725426536, 'training_batch_size': 12, 'training_p': 4}. Best is trial 64 with value: 0.08212742954492569.
res:  tensor(0.0821, device='cuda:0', grad_fn=<DivBackward0>)
self.bestValue:  tensor(0.0837, device='cuda:0', grad_fn=<DivBackward0>)
Save this model!
Time for this trial:  207.66763496398926
Memory status after this trial: 
Memory allocated:  266.68505859375
Memory cached:  506.0
--------------------  Trial  65   --------------------
Start timing: 
Parameters: 
{'W_layers': 4, 'W_layer_units_exponent_0': 7, 'W_layer_units_exponent_1': 6, 'W_layer_units_exponent_2': 4, 'W_layer_units_exponent_3': 7, 'D_layers': 3, 'D_layer_units_exponent_0': 10, 'D_layer_units_exponent_1': 7, 'D_layer_units_exponent_2': 9, 'D_dagger_layers': 7, 'D_dagger_layer_units_exponent_0': 5, 'D_dagger_layer_units_exponent_1': 10, 'D_dagger_layer_units_exponent_2': 6, 'D_dagger_layer_units_exponent_3': 9, 'D_dagger_layer_units_exponent_4': 9, 'D_dagger_layer_units_exponent_5': 8, 'D_dagger_layer_units_exponent_6': 9, 'log_learning_rate': -4.341320221138077, 'log_learning_rate_D': -3.5351641871489354, 'log_learning_rate_D_dagger': -3.6467871197379225, 'training_batch_size': 12, 'training_p': 4}
	 epoch  0 training error:  tensor(1.1260, device='cuda:0', grad_fn=<DivBackward0>)
Memory status after this epoch: 
Memory allocated:  280.05517578125
Memory cached:  510.0
	 epoch  10 training error:  tensor(0.2776, device='cuda:0', grad_fn=<DivBackward0>)
Memory status after this epoch: 
Memory allocated:  280.05517578125
Memory cached:  544.0
	 epoch  20 training error:  tensor(0.2036, device='cuda:0', grad_fn=<DivBackward0>)
Memory status after this epoch: 
Memory allocated:  280.05517578125
Memory cached:  540.0
	 epoch  30 training error:  tensor(0.1669, device='cuda:0', grad_fn=<DivBackward0>)
Memory status after this epoch: 
Memory allocated:  280.05517578125
Memory cached:  536.0
	 epoch  40 training error:  tensor(0.1473, device='cuda:0', grad_fn=<DivBackward0>)
Memory status after this epoch: 
Memory allocated:  280.05517578125
Memory cached:  534.0
	 epoch  50 training error:  tensor(0.1405, device='cuda:0', grad_fn=<DivBackward0>)
Memory status after this epoch: 
Memory allocated:  280.05517578125
Memory cached:  544.0
	 epoch  60 training error:  tensor(0.1367, device='cuda:0', grad_fn=<DivBackward0>)
Memory status after this epoch: 
Memory allocated:  280.05517578125
Memory cached:  550.0
	 epoch  70 training error:  tensor(0.1318, device='cuda:0', grad_fn=<DivBackward0>)
Memory status after this epoch: 
Memory allocated:  280.05517578125
Memory cached:  544.0
	 epoch  80 training error:  tensor(0.1257, device='cuda:0', grad_fn=<DivBackward0>)
Memory status after this epoch: 
Memory allocated:  280.05517578125
Memory cached:  544.0
	 epoch  90 training error:  tensor(0.1159, device='cuda:0', grad_fn=<DivBackward0>)
Memory status after this epoch: 
Memory allocated:  280.05517578125
Memory cached:  546.0
[I 2024-01-03 17:53:24,707] Trial 65 finished with value: 0.08836160600185394 and parameters: {'W_layers': 4, 'W_layer_units_exponent_0': 7, 'W_layer_units_exponent_1': 6, 'W_layer_units_exponent_2': 4, 'W_layer_units_exponent_3': 7, 'D_layers': 3, 'D_layer_units_exponent_0': 10, 'D_layer_units_exponent_1': 7, 'D_layer_units_exponent_2': 9, 'D_dagger_layers': 7, 'D_dagger_layer_units_exponent_0': 5, 'D_dagger_layer_units_exponent_1': 10, 'D_dagger_layer_units_exponent_2': 6, 'D_dagger_layer_units_exponent_3': 9, 'D_dagger_layer_units_exponent_4': 9, 'D_dagger_layer_units_exponent_5': 8, 'D_dagger_layer_units_exponent_6': 9, 'log_learning_rate': -4.341320221138077, 'log_learning_rate_D': -3.5351641871489354, 'log_learning_rate_D_dagger': -3.6467871197379225, 'training_batch_size': 12, 'training_p': 4}. Best is trial 64 with value: 0.08212742954492569.
Time for this trial:  198.08512115478516
Memory status after this trial: 
Memory allocated:  526.5400390625
Memory cached:  534.0
--------------------  Trial  66   --------------------
Start timing: 
Parameters: 
{'W_layers': 5, 'W_layer_units_exponent_0': 9, 'W_layer_units_exponent_1': 6, 'W_layer_units_exponent_2': 5, 'W_layer_units_exponent_3': 7, 'W_layer_units_exponent_4': 4, 'D_layers': 2, 'D_layer_units_exponent_0': 10, 'D_layer_units_exponent_1': 5, 'D_dagger_layers': 7, 'D_dagger_layer_units_exponent_0': 6, 'D_dagger_layer_units_exponent_1': 9, 'D_dagger_layer_units_exponent_2': 7, 'D_dagger_layer_units_exponent_3': 8, 'D_dagger_layer_units_exponent_4': 10, 'D_dagger_layer_units_exponent_5': 7, 'D_dagger_layer_units_exponent_6': 9, 'log_learning_rate': -3.7613216039050674, 'log_learning_rate_D': -3.7810727203833148, 'log_learning_rate_D_dagger': -3.1979189932298007, 'training_batch_size': 12, 'training_p': 4}
	 epoch  0 training error:  tensor(0.9797, device='cuda:0', grad_fn=<DivBackward0>)
Memory status after this epoch: 
Memory allocated:  277.00439453125
Memory cached:  508.0
	 epoch  10 training error:  tensor(0.3255, device='cuda:0', grad_fn=<DivBackward0>)
Memory status after this epoch: 
Memory allocated:  277.00439453125
Memory cached:  538.0
	 epoch  20 training error:  tensor(0.1730, device='cuda:0', grad_fn=<DivBackward0>)
Memory status after this epoch: 
Memory allocated:  277.00439453125
Memory cached:  540.0
	 epoch  30 training error:  tensor(0.1551, device='cuda:0', grad_fn=<DivBackward0>)
Memory status after this epoch: 
Memory allocated:  277.00439453125
Memory cached:  534.0
	 epoch  40 training error:  tensor(0.1269, device='cuda:0', grad_fn=<DivBackward0>)
Memory status after this epoch: 
Memory allocated:  277.00439453125
Memory cached:  538.0
	 epoch  50 training error:  tensor(0.1195, device='cuda:0', grad_fn=<DivBackward0>)
Memory status after this epoch: 
Memory allocated:  277.00439453125
Memory cached:  528.0
	 epoch  60 training error:  tensor(0.1130, device='cuda:0', grad_fn=<DivBackward0>)
Memory status after this epoch: 
Memory allocated:  277.00439453125
Memory cached:  536.0
	 epoch  70 training error:  tensor(0.1098, device='cuda:0', grad_fn=<DivBackward0>)
Memory status after this epoch: 
Memory allocated:  277.00439453125
Memory cached:  528.0
	 epoch  80 training error:  tensor(0.1057, device='cuda:0', grad_fn=<DivBackward0>)
Memory status after this epoch: 
Memory allocated:  277.00439453125
Memory cached:  530.0
	 epoch  90 training error:  tensor(0.1046, device='cuda:0', grad_fn=<DivBackward0>)
Memory status after this epoch: 
Memory allocated:  277.00439453125
Memory cached:  530.0
[I 2024-01-03 17:56:41,330] Trial 66 finished with value: 0.08443184942007065 and parameters: {'W_layers': 5, 'W_layer_units_exponent_0': 9, 'W_layer_units_exponent_1': 6, 'W_layer_units_exponent_2': 5, 'W_layer_units_exponent_3': 7, 'W_layer_units_exponent_4': 4, 'D_layers': 2, 'D_layer_units_exponent_0': 10, 'D_layer_units_exponent_1': 5, 'D_dagger_layers': 7, 'D_dagger_layer_units_exponent_0': 6, 'D_dagger_layer_units_exponent_1': 9, 'D_dagger_layer_units_exponent_2': 7, 'D_dagger_layer_units_exponent_3': 8, 'D_dagger_layer_units_exponent_4': 10, 'D_dagger_layer_units_exponent_5': 7, 'D_dagger_layer_units_exponent_6': 9, 'log_learning_rate': -3.7613216039050674, 'log_learning_rate_D': -3.7810727203833148, 'log_learning_rate_D_dagger': -3.1979189932298007, 'training_batch_size': 12, 'training_p': 4}. Best is trial 64 with value: 0.08212742954492569.
Time for this trial:  196.19841885566711
Memory status after this trial: 
Memory allocated:  504.16015625
Memory cached:  514.0
--------------------  Trial  67   --------------------
Start timing: 
Parameters: 
{'W_layers': 5, 'W_layer_units_exponent_0': 9, 'W_layer_units_exponent_1': 7, 'W_layer_units_exponent_2': 5, 'W_layer_units_exponent_3': 7, 'W_layer_units_exponent_4': 5, 'D_layers': 2, 'D_layer_units_exponent_0': 10, 'D_layer_units_exponent_1': 4, 'D_dagger_layers': 7, 'D_dagger_layer_units_exponent_0': 6, 'D_dagger_layer_units_exponent_1': 9, 'D_dagger_layer_units_exponent_2': 7, 'D_dagger_layer_units_exponent_3': 9, 'D_dagger_layer_units_exponent_4': 10, 'D_dagger_layer_units_exponent_5': 7, 'D_dagger_layer_units_exponent_6': 9, 'log_learning_rate': -3.7386537878935457, 'log_learning_rate_D': -3.6902206312910284, 'log_learning_rate_D_dagger': -3.167668945808002, 'training_batch_size': 12, 'training_p': 4}
	 epoch  0 training error:  tensor(1.0143, device='cuda:0', grad_fn=<DivBackward0>)
Memory status after this epoch: 
Memory allocated:  281.82080078125
Memory cached:  522.0
	 epoch  10 training error:  tensor(0.2967, device='cuda:0', grad_fn=<DivBackward0>)
Memory status after this epoch: 
Memory allocated:  281.82080078125
Memory cached:  550.0
	 epoch  20 training error:  tensor(0.1969, device='cuda:0', grad_fn=<DivBackward0>)
Memory status after this epoch: 
Memory allocated:  281.82080078125
Memory cached:  550.0
	 epoch  30 training error:  tensor(0.1493, device='cuda:0', grad_fn=<DivBackward0>)
Memory status after this epoch: 
Memory allocated:  281.82080078125
Memory cached:  550.0
	 epoch  40 training error:  tensor(0.1335, device='cuda:0', grad_fn=<DivBackward0>)
Memory status after this epoch: 
Memory allocated:  281.82080078125
Memory cached:  546.0
	 epoch  50 training error:  tensor(0.1151, device='cuda:0', grad_fn=<DivBackward0>)
Memory status after this epoch: 
Memory allocated:  281.82080078125
Memory cached:  550.0
	 epoch  60 training error:  tensor(0.1110, device='cuda:0', grad_fn=<DivBackward0>)
Memory status after this epoch: 
Memory allocated:  281.82080078125
Memory cached:  556.0
	 epoch  70 training error:  tensor(0.1074, device='cuda:0', grad_fn=<DivBackward0>)
Memory status after this epoch: 
Memory allocated:  281.82080078125
Memory cached:  548.0
	 epoch  80 training error:  tensor(0.1112, device='cuda:0', grad_fn=<DivBackward0>)
Memory status after this epoch: 
Memory allocated:  281.82080078125
Memory cached:  548.0
	 epoch  90 training error:  tensor(0.1124, device='cuda:0', grad_fn=<DivBackward0>)
Memory status after this epoch: 
Memory allocated:  281.82080078125
Memory cached:  548.0
