[I 2023-12-20 09:02:19,480] Trial 98 finished with value: 0.2609398066997528 and parameters: {'W_layers': 4, 'W_layer_units_exponent_0': 7, 'W_layer_units_exponent_1': 10, 'W_layer_units_exponent_2': 9, 'W_layer_units_exponent_3': 5, 'D_layers': 4, 'D_layer_units_exponent_0': 8, 'D_layer_units_exponent_1': 8, 'D_layer_units_exponent_2': 5, 'D_layer_units_exponent_3': 4, 'D_dagger_layers': 5, 'D_dagger_layer_units_exponent_0': 8, 'D_dagger_layer_units_exponent_1': 6, 'D_dagger_layer_units_exponent_2': 4, 'D_dagger_layer_units_exponent_3': 4, 'D_dagger_layer_units_exponent_4': 7, 'log_learning_rate': -2.0343608148620542, 'log_learning_rate_D': -3.9915063578342704, 'log_learning_rate_D_dagger': -3.1148623634207073, 'training_batch_size': 6, 'training_p': 3}. Best is trial 77 with value: 0.13922981917858124.
Time for this trial:  317.63496112823486
Memory status after this trial: 
Memory allocated:  343.43896484375
Memory cached:  408.0
--------------------  Trial  99   --------------------
Start timing: 
Parameters: 
{'W_layers': 2, 'W_layer_units_exponent_0': 7, 'W_layer_units_exponent_1': 9, 'D_layers': 5, 'D_layer_units_exponent_0': 9, 'D_layer_units_exponent_1': 10, 'D_layer_units_exponent_2': 5, 'D_layer_units_exponent_3': 5, 'D_layer_units_exponent_4': 4, 'D_dagger_layers': 5, 'D_dagger_layer_units_exponent_0': 10, 'D_dagger_layer_units_exponent_1': 6, 'D_dagger_layer_units_exponent_2': 4, 'D_dagger_layer_units_exponent_3': 4, 'D_dagger_layer_units_exponent_4': 8, 'log_learning_rate': -1.778625753620537, 'log_learning_rate_D': -4.213741800338102, 'log_learning_rate_D_dagger': -2.7148399163059187, 'training_batch_size': 6, 'training_p': 4}
	 epoch  0 training error:  tensor(3.5217, device='cuda:0', grad_fn=<DivBackward0>)
Memory status after this epoch: 
Memory allocated:  203.00537109375
Memory cached:  410.0
	 epoch  10 training error:  tensor(1.0950, device='cuda:0', grad_fn=<DivBackward0>)
Memory status after this epoch: 
Memory allocated:  203.00537109375
Memory cached:  422.0
	 epoch  20 training error:  tensor(0.5149, device='cuda:0', grad_fn=<DivBackward0>)
Memory status after this epoch: 
Memory allocated:  203.00537109375
Memory cached:  422.0
	 epoch  30 training error:  tensor(0.4781, device='cuda:0', grad_fn=<DivBackward0>)
Memory status after this epoch: 
Memory allocated:  203.00537109375
Memory cached:  418.0
	 epoch  40 training error:  tensor(0.4610, device='cuda:0', grad_fn=<DivBackward0>)
Memory status after this epoch: 
Memory allocated:  203.00537109375
Memory cached:  426.0
	 epoch  50 training error:  tensor(0.4450, device='cuda:0', grad_fn=<DivBackward0>)
Memory status after this epoch: 
Memory allocated:  203.00537109375
Memory cached:  424.0
	 epoch  60 training error:  tensor(0.4497, device='cuda:0', grad_fn=<DivBackward0>)
Memory status after this epoch: 
Memory allocated:  203.00537109375
Memory cached:  418.0
	 epoch  70 training error:  tensor(0.4464, device='cuda:0', grad_fn=<DivBackward0>)
Memory status after this epoch: 
Memory allocated:  203.00537109375
Memory cached:  418.0
	 epoch  80 training error:  tensor(0.4316, device='cuda:0', grad_fn=<DivBackward0>)
Memory status after this epoch: 
Memory allocated:  203.00537109375
Memory cached:  420.0
	 epoch  90 training error:  tensor(0.4648, device='cuda:0', grad_fn=<DivBackward0>)
Memory status after this epoch: 
Memory allocated:  203.00537109375
Memory cached:  414.0
[I 2023-12-20 09:07:27,742] Trial 99 finished with value: 0.3842101991176605 and parameters: {'W_layers': 2, 'W_layer_units_exponent_0': 7, 'W_layer_units_exponent_1': 9, 'D_layers': 5, 'D_layer_units_exponent_0': 9, 'D_layer_units_exponent_1': 10, 'D_layer_units_exponent_2': 5, 'D_layer_units_exponent_3': 5, 'D_layer_units_exponent_4': 4, 'D_dagger_layers': 5, 'D_dagger_layer_units_exponent_0': 10, 'D_dagger_layer_units_exponent_1': 6, 'D_dagger_layer_units_exponent_2': 4, 'D_dagger_layer_units_exponent_3': 4, 'D_dagger_layer_units_exponent_4': 8, 'log_learning_rate': -1.778625753620537, 'log_learning_rate_D': -4.213741800338102, 'log_learning_rate_D_dagger': -2.7148399163059187, 'training_batch_size': 6, 'training_p': 4}. Best is trial 77 with value: 0.13922981917858124.
Time for this trial:  307.83111667633057
Memory status after this trial: 
Memory allocated:  385.5732421875
Memory cached:  412.0
--------------------  Trial  100   --------------------
Start timing: 
Parameters: 
{'W_layers': 5, 'W_layer_units_exponent_0': 7, 'W_layer_units_exponent_1': 8, 'W_layer_units_exponent_2': 9, 'W_layer_units_exponent_3': 6, 'W_layer_units_exponent_4': 6, 'D_layers': 6, 'D_layer_units_exponent_0': 9, 'D_layer_units_exponent_1': 9, 'D_layer_units_exponent_2': 5, 'D_layer_units_exponent_3': 4, 'D_layer_units_exponent_4': 4, 'D_layer_units_exponent_5': 5, 'D_dagger_layers': 6, 'D_dagger_layer_units_exponent_0': 9, 'D_dagger_layer_units_exponent_1': 7, 'D_dagger_layer_units_exponent_2': 4, 'D_dagger_layer_units_exponent_3': 5, 'D_dagger_layer_units_exponent_4': 6, 'D_dagger_layer_units_exponent_5': 9, 'log_learning_rate': -1.9812311542865666, 'log_learning_rate_D': -4.141555618385103, 'log_learning_rate_D_dagger': -2.407712807512718, 'training_batch_size': 6, 'training_p': 4}
	 epoch  0 training error:  tensor(1.2305, device='cuda:0', grad_fn=<DivBackward0>)
Memory status after this epoch: 
Memory allocated:  201.28466796875
Memory cached:  410.0
	 epoch  10 training error:  tensor(0.9111, device='cuda:0', grad_fn=<DivBackward0>)
Memory status after this epoch: 
Memory allocated:  201.28466796875
Memory cached:  428.0
	 epoch  20 training error:  tensor(0.4588, device='cuda:0', grad_fn=<DivBackward0>)
Memory status after this epoch: 
Memory allocated:  201.28466796875
Memory cached:  424.0
	 epoch  30 training error:  tensor(0.4735, device='cuda:0', grad_fn=<DivBackward0>)
Memory status after this epoch: 
Memory allocated:  201.28466796875
Memory cached:  426.0
	 epoch  40 training error:  tensor(0.4834, device='cuda:0', grad_fn=<DivBackward0>)
Memory status after this epoch: 
Memory allocated:  201.28466796875
Memory cached:  428.0
	 epoch  50 training error:  tensor(0.4806, device='cuda:0', grad_fn=<DivBackward0>)
Memory status after this epoch: 
Memory allocated:  201.28466796875
Memory cached:  430.0
	 epoch  60 training error:  tensor(0.4602, device='cuda:0', grad_fn=<DivBackward0>)
Memory status after this epoch: 
Memory allocated:  201.28466796875
Memory cached:  428.0
	 epoch  70 training error:  tensor(0.4778, device='cuda:0', grad_fn=<DivBackward0>)
Memory status after this epoch: 
Memory allocated:  201.28466796875
Memory cached:  424.0
	 epoch  80 training error:  tensor(0.4598, device='cuda:0', grad_fn=<DivBackward0>)
Memory status after this epoch: 
Memory allocated:  201.28466796875
Memory cached:  430.0
	 epoch  90 training error:  tensor(0.4588, device='cuda:0', grad_fn=<DivBackward0>)
Memory status after this epoch: 
Memory allocated:  201.28466796875
Memory cached:  432.0
[I 2023-12-20 09:13:46,771] Trial 100 finished with value: 0.34870654344558716 and parameters: {'W_layers': 5, 'W_layer_units_exponent_0': 7, 'W_layer_units_exponent_1': 8, 'W_layer_units_exponent_2': 9, 'W_layer_units_exponent_3': 6, 'W_layer_units_exponent_4': 6, 'D_layers': 6, 'D_layer_units_exponent_0': 9, 'D_layer_units_exponent_1': 9, 'D_layer_units_exponent_2': 5, 'D_layer_units_exponent_3': 4, 'D_layer_units_exponent_4': 4, 'D_layer_units_exponent_5': 5, 'D_dagger_layers': 6, 'D_dagger_layer_units_exponent_0': 9, 'D_dagger_layer_units_exponent_1': 7, 'D_dagger_layer_units_exponent_2': 4, 'D_dagger_layer_units_exponent_3': 5, 'D_dagger_layer_units_exponent_4': 6, 'D_dagger_layer_units_exponent_5': 9, 'log_learning_rate': -1.9812311542865666, 'log_learning_rate_D': -4.141555618385103, 'log_learning_rate_D_dagger': -2.407712807512718, 'training_batch_size': 6, 'training_p': 4}. Best is trial 77 with value: 0.13922981917858124.
Time for this trial:  378.48536229133606
Memory status after this trial: 
Memory allocated:  374.38134765625
Memory cached:  420.0
--------------------  Trial  101   --------------------
Start timing: 
Parameters: 
{'W_layers': 3, 'W_layer_units_exponent_0': 7, 'W_layer_units_exponent_1': 9, 'W_layer_units_exponent_2': 10, 'D_layers': 5, 'D_layer_units_exponent_0': 7, 'D_layer_units_exponent_1': 9, 'D_layer_units_exponent_2': 5, 'D_layer_units_exponent_3': 4, 'D_layer_units_exponent_4': 4, 'D_dagger_layers': 5, 'D_dagger_layer_units_exponent_0': 9, 'D_dagger_layer_units_exponent_1': 7, 'D_dagger_layer_units_exponent_2': 5, 'D_dagger_layer_units_exponent_3': 4, 'D_dagger_layer_units_exponent_4': 8, 'log_learning_rate': -2.104039730011179, 'log_learning_rate_D': -4.054774902997064, 'log_learning_rate_D_dagger': -2.8984781243979914, 'training_batch_size': 6, 'training_p': 3}
	 epoch  0 training error:  tensor(4.9036, device='cuda:0', grad_fn=<DivBackward0>)
Memory status after this epoch: 
Memory allocated:  203.77490234375
Memory cached:  410.0
	 epoch  10 training error:  tensor(0.5023, device='cuda:0', grad_fn=<DivBackward0>)
Memory status after this epoch: 
Memory allocated:  203.77490234375
Memory cached:  414.0
	 epoch  20 training error:  tensor(0.3986, device='cuda:0', grad_fn=<DivBackward0>)
Memory status after this epoch: 
Memory allocated:  203.77490234375
Memory cached:  422.0
	 epoch  30 training error:  tensor(0.3946, device='cuda:0', grad_fn=<DivBackward0>)
Memory status after this epoch: 
Memory allocated:  203.77490234375
Memory cached:  422.0
	 epoch  40 training error:  tensor(0.3789, device='cuda:0', grad_fn=<DivBackward0>)
Memory status after this epoch: 
Memory allocated:  203.77490234375
Memory cached:  422.0
	 epoch  50 training error:  tensor(0.3697, device='cuda:0', grad_fn=<DivBackward0>)
Memory status after this epoch: 
Memory allocated:  203.77490234375
Memory cached:  426.0
	 epoch  60 training error:  tensor(0.3592, device='cuda:0', grad_fn=<DivBackward0>)
Memory status after this epoch: 
Memory allocated:  203.77490234375
Memory cached:  416.0
	 epoch  70 training error:  tensor(0.3308, device='cuda:0', grad_fn=<DivBackward0>)
Memory status after this epoch: 
Memory allocated:  203.77490234375
Memory cached:  422.0
	 epoch  80 training error:  tensor(0.3066, device='cuda:0', grad_fn=<DivBackward0>)
Memory status after this epoch: 
Memory allocated:  203.77490234375
Memory cached:  418.0
	 epoch  90 training error:  tensor(0.2458, device='cuda:0', grad_fn=<DivBackward0>)
Memory status after this epoch: 
Memory allocated:  203.77490234375
Memory cached:  424.0
[I 2023-12-20 09:19:07,813] Trial 101 finished with value: 0.23616822063922882 and parameters: {'W_layers': 3, 'W_layer_units_exponent_0': 7, 'W_layer_units_exponent_1': 9, 'W_layer_units_exponent_2': 10, 'D_layers': 5, 'D_layer_units_exponent_0': 7, 'D_layer_units_exponent_1': 9, 'D_layer_units_exponent_2': 5, 'D_layer_units_exponent_3': 4, 'D_layer_units_exponent_4': 4, 'D_dagger_layers': 5, 'D_dagger_layer_units_exponent_0': 9, 'D_dagger_layer_units_exponent_1': 7, 'D_dagger_layer_units_exponent_2': 5, 'D_dagger_layer_units_exponent_3': 4, 'D_dagger_layer_units_exponent_4': 8, 'log_learning_rate': -2.104039730011179, 'log_learning_rate_D': -4.054774902997064, 'log_learning_rate_D_dagger': -2.8984781243979914, 'training_batch_size': 6, 'training_p': 3}. Best is trial 77 with value: 0.13922981917858124.
Time for this trial:  320.60583901405334
Memory status after this trial: 
Memory allocated:  365.447265625
Memory cached:  414.0
--------------------  Trial  102   --------------------
Start timing: 
Parameters: 
{'W_layers': 5, 'W_layer_units_exponent_0': 7, 'W_layer_units_exponent_1': 9, 'W_layer_units_exponent_2': 6, 'W_layer_units_exponent_3': 6, 'W_layer_units_exponent_4': 6, 'D_layers': 5, 'D_layer_units_exponent_0': 7, 'D_layer_units_exponent_1': 10, 'D_layer_units_exponent_2': 8, 'D_layer_units_exponent_3': 8, 'D_layer_units_exponent_4': 4, 'D_dagger_layers': 3, 'D_dagger_layer_units_exponent_0': 9, 'D_dagger_layer_units_exponent_1': 7, 'D_dagger_layer_units_exponent_2': 4, 'log_learning_rate': -2.183861340832725, 'log_learning_rate_D': -3.9297958636898693, 'log_learning_rate_D_dagger': -2.6376439528215627, 'training_batch_size': 6, 'training_p': 4}
	 epoch  0 training error:  tensor(1.1427, device='cuda:0', grad_fn=<DivBackward0>)
Memory status after this epoch: 
Memory allocated:  202.07958984375
Memory cached:  404.0
	 epoch  10 training error:  tensor(0.4629, device='cuda:0', grad_fn=<DivBackward0>)
Memory status after this epoch: 
Memory allocated:  202.07958984375
Memory cached:  398.0
	 epoch  20 training error:  tensor(0.4393, device='cuda:0', grad_fn=<DivBackward0>)
Memory status after this epoch: 
Memory allocated:  202.07958984375
Memory cached:  400.0
	 epoch  30 training error:  tensor(0.4287, device='cuda:0', grad_fn=<DivBackward0>)
Memory status after this epoch: 
Memory allocated:  202.07958984375
Memory cached:  398.0
	 epoch  40 training error:  tensor(0.4350, device='cuda:0', grad_fn=<DivBackward0>)
Memory status after this epoch: 
Memory allocated:  202.07958984375
Memory cached:  398.0
	 epoch  50 training error:  tensor(0.3924, device='cuda:0', grad_fn=<DivBackward0>)
Memory status after this epoch: 
Memory allocated:  202.07958984375
Memory cached:  400.0
	 epoch  60 training error:  tensor(0.2949, device='cuda:0', grad_fn=<DivBackward0>)
Memory status after this epoch: 
Memory allocated:  202.07958984375
Memory cached:  398.0
	 epoch  70 training error:  tensor(0.2320, device='cuda:0', grad_fn=<DivBackward0>)
Memory status after this epoch: 
Memory allocated:  202.07958984375
Memory cached:  398.0
	 epoch  80 training error:  tensor(0.2498, device='cuda:0', grad_fn=<DivBackward0>)
Memory status after this epoch: 
Memory allocated:  202.07958984375
Memory cached:  398.0
	 epoch  90 training error:  tensor(0.2127, device='cuda:0', grad_fn=<DivBackward0>)
Memory status after this epoch: 
Memory allocated:  202.07958984375
Memory cached:  398.0
[I 2023-12-20 09:24:29,947] Trial 102 finished with value: 0.13158240914344788 and parameters: {'W_layers': 5, 'W_layer_units_exponent_0': 7, 'W_layer_units_exponent_1': 9, 'W_layer_units_exponent_2': 6, 'W_layer_units_exponent_3': 6, 'W_layer_units_exponent_4': 6, 'D_layers': 5, 'D_layer_units_exponent_0': 7, 'D_layer_units_exponent_1': 10, 'D_layer_units_exponent_2': 8, 'D_layer_units_exponent_3': 8, 'D_layer_units_exponent_4': 4, 'D_dagger_layers': 3, 'D_dagger_layer_units_exponent_0': 9, 'D_dagger_layer_units_exponent_1': 7, 'D_dagger_layer_units_exponent_2': 4, 'log_learning_rate': -2.183861340832725, 'log_learning_rate_D': -3.9297958636898693, 'log_learning_rate_D_dagger': -2.6376439528215627, 'training_batch_size': 6, 'training_p': 4}. Best is trial 102 with value: 0.13158240914344788.
res:  tensor(0.1316, device='cuda:0', grad_fn=<DivBackward0>)
self.bestValue:  tensor(0.1392, device='cuda:0', grad_fn=<DivBackward0>)
Save this model!
Time for this trial:  321.6657235622406
Memory status after this trial: 
Memory allocated:  173.20751953125
Memory cached:  366.0
--------------------  Trial  103   --------------------
Start timing: 
Parameters: 
{'W_layers': 5, 'W_layer_units_exponent_0': 7, 'W_layer_units_exponent_1': 9, 'W_layer_units_exponent_2': 6, 'W_layer_units_exponent_3': 6, 'W_layer_units_exponent_4': 7, 'D_layers': 6, 'D_layer_units_exponent_0': 8, 'D_layer_units_exponent_1': 10, 'D_layer_units_exponent_2': 8, 'D_layer_units_exponent_3': 8, 'D_layer_units_exponent_4': 5, 'D_layer_units_exponent_5': 5, 'D_dagger_layers': 5, 'D_dagger_layer_units_exponent_0': 8, 'D_dagger_layer_units_exponent_1': 8, 'D_dagger_layer_units_exponent_2': 4, 'D_dagger_layer_units_exponent_3': 4, 'D_dagger_layer_units_exponent_4': 7, 'log_learning_rate': -2.2513410393613946, 'log_learning_rate_D': -4.29738830083046, 'log_learning_rate_D_dagger': -2.6607908614171545, 'training_batch_size': 6, 'training_p': 4}
	 epoch  0 training error:  tensor(1.1830, device='cuda:0', grad_fn=<DivBackward0>)
Memory status after this epoch: 
Memory allocated:  185.22119140625
Memory cached:  368.0
	 epoch  10 training error:  tensor(0.4888, device='cuda:0', grad_fn=<DivBackward0>)
Memory status after this epoch: 
Memory allocated:  185.22119140625
Memory cached:  392.0
	 epoch  20 training error:  tensor(0.4781, device='cuda:0', grad_fn=<DivBackward0>)
Memory status after this epoch: 
Memory allocated:  185.22119140625
Memory cached:  394.0
	 epoch  30 training error:  tensor(0.4405, device='cuda:0', grad_fn=<DivBackward0>)
Memory status after this epoch: 
Memory allocated:  185.22119140625
Memory cached:  388.0
	 epoch  40 training error:  tensor(0.4592, device='cuda:0', grad_fn=<DivBackward0>)
Memory status after this epoch: 
Memory allocated:  185.22119140625
Memory cached:  388.0
	 epoch  50 training error:  tensor(0.4360, device='cuda:0', grad_fn=<DivBackward0>)
Memory status after this epoch: 
Memory allocated:  185.22119140625
Memory cached:  398.0
	 epoch  60 training error:  tensor(0.4323, device='cuda:0', grad_fn=<DivBackward0>)
Memory status after this epoch: 
Memory allocated:  185.22119140625
Memory cached:  386.0
	 epoch  70 training error:  tensor(0.3961, device='cuda:0', grad_fn=<DivBackward0>)
Memory status after this epoch: 
Memory allocated:  185.22119140625
Memory cached:  394.0
	 epoch  80 training error:  tensor(0.2917, device='cuda:0', grad_fn=<DivBackward0>)
Memory status after this epoch: 
Memory allocated:  185.22119140625
Memory cached:  386.0
	 epoch  90 training error:  tensor(0.3184, device='cuda:0', grad_fn=<DivBackward0>)
Memory status after this epoch: 
Memory allocated:  185.22119140625
Memory cached:  388.0
[I 2023-12-20 09:30:34,151] Trial 103 finished with value: 0.19796569645404816 and parameters: {'W_layers': 5, 'W_layer_units_exponent_0': 7, 'W_layer_units_exponent_1': 9, 'W_layer_units_exponent_2': 6, 'W_layer_units_exponent_3': 6, 'W_layer_units_exponent_4': 7, 'D_layers': 6, 'D_layer_units_exponent_0': 8, 'D_layer_units_exponent_1': 10, 'D_layer_units_exponent_2': 8, 'D_layer_units_exponent_3': 8, 'D_layer_units_exponent_4': 5, 'D_layer_units_exponent_5': 5, 'D_dagger_layers': 5, 'D_dagger_layer_units_exponent_0': 8, 'D_dagger_layer_units_exponent_1': 8, 'D_dagger_layer_units_exponent_2': 4, 'D_dagger_layer_units_exponent_3': 4, 'D_dagger_layer_units_exponent_4': 7, 'log_learning_rate': -2.2513410393613946, 'log_learning_rate_D': -4.29738830083046, 'log_learning_rate_D_dagger': -2.6607908614171545, 'training_batch_size': 6, 'training_p': 4}. Best is trial 102 with value: 0.13158240914344788.
Time for this trial:  363.8165545463562
Memory status after this trial: 
Memory allocated:  359.55224609375
Memory cached:  390.0
--------------------  Trial  104   --------------------
Start timing: 
Parameters: 
{'W_layers': 5, 'W_layer_units_exponent_0': 7, 'W_layer_units_exponent_1': 9, 'W_layer_units_exponent_2': 9, 'W_layer_units_exponent_3': 6, 'W_layer_units_exponent_4': 6, 'D_layers': 5, 'D_layer_units_exponent_0': 7, 'D_layer_units_exponent_1': 10, 'D_layer_units_exponent_2': 9, 'D_layer_units_exponent_3': 8, 'D_layer_units_exponent_4': 4, 'D_dagger_layers': 2, 'D_dagger_layer_units_exponent_0': 9, 'D_dagger_layer_units_exponent_1': 8, 'log_learning_rate': -2.3706549570211477, 'log_learning_rate_D': -3.8982758248270932, 'log_learning_rate_D_dagger': -2.7928290015875876, 'training_batch_size': 6, 'training_p': 4}
	 epoch  0 training error:  tensor(1.5547, device='cuda:0', grad_fn=<DivBackward0>)
Memory status after this epoch: 
Memory allocated:  192.93212890625
Memory cached:  382.0
	 epoch  10 training error:  tensor(0.4805, device='cuda:0', grad_fn=<DivBackward0>)
Memory status after this epoch: 
Memory allocated:  192.93212890625
Memory cached:  382.0
	 epoch  20 training error:  tensor(0.4672, device='cuda:0', grad_fn=<DivBackward0>)
Memory status after this epoch: 
Memory allocated:  192.93212890625
Memory cached:  382.0
	 epoch  30 training error:  tensor(0.4651, device='cuda:0', grad_fn=<DivBackward0>)
Memory status after this epoch: 
Memory allocated:  192.93212890625
Memory cached:  382.0
	 epoch  40 training error:  tensor(0.4566, device='cuda:0', grad_fn=<DivBackward0>)
Memory status after this epoch: 
Memory allocated:  192.93212890625
Memory cached:  382.0
	 epoch  50 training error:  tensor(0.4591, device='cuda:0', grad_fn=<DivBackward0>)
Memory status after this epoch: 
Memory allocated:  192.93212890625
Memory cached:  382.0
	 epoch  60 training error:  tensor(0.4506, device='cuda:0', grad_fn=<DivBackward0>)
Memory status after this epoch: 
Memory allocated:  192.93212890625
Memory cached:  382.0
	 epoch  70 training error:  tensor(0.4179, device='cuda:0', grad_fn=<DivBackward0>)
Memory status after this epoch: 
Memory allocated:  192.93212890625
Memory cached:  382.0
	 epoch  80 training error:  tensor(0.2890, device='cuda:0', grad_fn=<DivBackward0>)
Memory status after this epoch: 
Memory allocated:  192.93212890625
Memory cached:  382.0
	 epoch  90 training error:  tensor(0.2411, device='cuda:0', grad_fn=<DivBackward0>)
Memory status after this epoch: 
Memory allocated:  192.93212890625
Memory cached:  382.0
