/home/shengduo/anaconda3/lib/python3.9/site-packages/scipy/__init__.py:146: UserWarning: A NumPy version >=1.16.5 and <1.23.0 is required for this version of SciPy (detected version 1.24.1
  warnings.warn(f"A NumPy version >={np_minversion} and <{np_maxversion}"
[I 2023-12-05 00:34:39,590] A new study created in memory with name: no-name-7ea8a8f6-2353-40da-9a9d-26e9d0f7ed0f
Cuda is available:  True
Device is:  cuda:0
Memory allocated:  0.0
Memory cached:  0.0
Data file:  ./data/Trial1205_smallDRS_smallA.pt
Vs.shape:  torch.Size([100, 100])
thetas.shape:  torch.Size([100, 100])
fs.shape:  torch.Size([100, 100])
ts.shape:  torch.Size([100, 100])
Xs.shape:  torch.Size([100, 100])
--------------------  Trial  0   --------------------
Start timing: 
Parameters: 
{'W_layers': 2, 'W_layer_units_exponent_0': 8, 'W_layer_units_exponent_1': 4, 'D_layers': 6, 'D_layer_units_exponent_0': 7, 'D_layer_units_exponent_1': 6, 'D_layer_units_exponent_2': 4, 'D_layer_units_exponent_3': 10, 'D_layer_units_exponent_4': 5, 'D_layer_units_exponent_5': 9, 'log_learning_rate': -4.401297599233391, 'log_learning_rate_D': -1.9935040977088936, 'training_batch_size': 6, 'training_p': 4}
	 epoch  0 training error:  tensor(1.1543, device='cuda:0', grad_fn=<DivBackward0>)
Memory status after this epoch: 
Memory allocated:  1.2783203125
Memory cached:  10.0
	 epoch  10 training error:  tensor(0.7820, device='cuda:0', grad_fn=<DivBackward0>)
Memory status after this epoch: 
Memory allocated:  1.2783203125
Memory cached:  10.0
	 epoch  20 training error:  tensor(0.7394, device='cuda:0', grad_fn=<DivBackward0>)
Memory status after this epoch: 
Memory allocated:  1.2783203125
Memory cached:  10.0
[W 2023-12-05 00:35:01,431] Trial 0 failed with parameters: {'W_layers': 2, 'W_layer_units_exponent_0': 8, 'W_layer_units_exponent_1': 4, 'D_layers': 6, 'D_layer_units_exponent_0': 7, 'D_layer_units_exponent_1': 6, 'D_layer_units_exponent_2': 4, 'D_layer_units_exponent_3': 10, 'D_layer_units_exponent_4': 5, 'D_layer_units_exponent_5': 9, 'log_learning_rate': -4.401297599233391, 'log_learning_rate_D': -1.9935040977088936, 'training_batch_size': 6, 'training_p': 4} because of the following error: The value nan is not acceptable.
[W 2023-12-05 00:35:01,432] Trial 0 failed with value tensor(nan, device='cuda:0', grad_fn=<DivBackward0>).
Time for this trial:  21.736553192138672
Memory status after this trial: 
Memory allocated:  47.37255859375
Memory cached:  50.0
--------------------  Trial  1   --------------------
Start timing: 
Parameters: 
{'W_layers': 2, 'W_layer_units_exponent_0': 5, 'W_layer_units_exponent_1': 8, 'D_layers': 2, 'D_layer_units_exponent_0': 8, 'D_layer_units_exponent_1': 9, 'log_learning_rate': -4.387400730693207, 'log_learning_rate_D': -3.554916051016046, 'training_batch_size': 9, 'training_p': 6}
	 epoch  0 training error:  tensor(0.8445, device='cuda:0', grad_fn=<DivBackward0>)
Memory status after this epoch: 
Memory allocated:  2.203125
Memory cached:  6.0
	 epoch  10 training error:  tensor(0.8037, device='cuda:0', grad_fn=<DivBackward0>)
Memory status after this epoch: 
Memory allocated:  2.203125
Memory cached:  10.0
	 epoch  20 training error:  tensor(0.7685, device='cuda:0', grad_fn=<DivBackward0>)
Memory status after this epoch: 
Memory allocated:  2.203125
Memory cached:  10.0
	 epoch  30 training error:  tensor(0.7377, device='cuda:0', grad_fn=<DivBackward0>)
Memory status after this epoch: 
Memory allocated:  2.203125
Memory cached:  10.0
	 epoch  40 training error:  tensor(0.7071, device='cuda:0', grad_fn=<DivBackward0>)
Memory status after this epoch: 
Memory allocated:  2.203125
Memory cached:  10.0
	 epoch  50 training error:  tensor(0.6731, device='cuda:0', grad_fn=<DivBackward0>)
Memory status after this epoch: 
Memory allocated:  2.203125
Memory cached:  10.0
	 epoch  60 training error:  tensor(0.6336, device='cuda:0', grad_fn=<DivBackward0>)
Memory status after this epoch: 
Memory allocated:  2.203125
Memory cached:  10.0
	 epoch  70 training error:  tensor(0.5932, device='cuda:0', grad_fn=<DivBackward0>)
Memory status after this epoch: 
Memory allocated:  2.203125
Memory cached:  10.0
	 epoch  80 training error:  tensor(0.5552, device='cuda:0', grad_fn=<DivBackward0>)
Memory status after this epoch: 
Memory allocated:  2.203125
Memory cached:  10.0
	 epoch  90 training error:  tensor(0.5191, device='cuda:0', grad_fn=<DivBackward0>)
Memory status after this epoch: 
Memory allocated:  2.203125
Memory cached:  10.0
[I 2023-12-05 00:35:35,129] Trial 1 finished with value: 0.5246783494949341 and parameters: {'W_layers': 2, 'W_layer_units_exponent_0': 5, 'W_layer_units_exponent_1': 8, 'D_layers': 2, 'D_layer_units_exponent_0': 8, 'D_layer_units_exponent_1': 9, 'log_learning_rate': -4.387400730693207, 'log_learning_rate_D': -3.554916051016046, 'training_batch_size': 9, 'training_p': 6}. Best is trial 1 with value: 0.5246783494949341.
res:  tensor(0.5247, device='cuda:0', grad_fn=<DivBackward0>)
self.bestValue:  10000000.0
Save this model!
Time for this trial:  33.59538269042969
Memory status after this trial: 
Memory allocated:  25.20263671875
Memory cached:  28.0
--------------------  Trial  2   --------------------
Start timing: 
Parameters: 
{'W_layers': 5, 'W_layer_units_exponent_0': 5, 'W_layer_units_exponent_1': 6, 'W_layer_units_exponent_2': 5, 'W_layer_units_exponent_3': 4, 'W_layer_units_exponent_4': 4, 'D_layers': 4, 'D_layer_units_exponent_0': 9, 'D_layer_units_exponent_1': 4, 'D_layer_units_exponent_2': 8, 'D_layer_units_exponent_3': 4, 'log_learning_rate': -3.2682091727565066, 'log_learning_rate_D': -1.0913211792185593, 'training_batch_size': 12, 'training_p': 5}
	 epoch  0 training error:  tensor(1.4309, device='cuda:0', grad_fn=<DivBackward0>)
Memory status after this epoch: 
Memory allocated:  25.6162109375
Memory cached:  32.0
[W 2023-12-05 00:35:37,185] Trial 2 failed with parameters: {'W_layers': 5, 'W_layer_units_exponent_0': 5, 'W_layer_units_exponent_1': 6, 'W_layer_units_exponent_2': 5, 'W_layer_units_exponent_3': 4, 'W_layer_units_exponent_4': 4, 'D_layers': 4, 'D_layer_units_exponent_0': 9, 'D_layer_units_exponent_1': 4, 'D_layer_units_exponent_2': 8, 'D_layer_units_exponent_3': 4, 'log_learning_rate': -3.2682091727565066, 'log_learning_rate_D': -1.0913211792185593, 'training_batch_size': 12, 'training_p': 5} because of the following error: The value nan is not acceptable.
[W 2023-12-05 00:35:37,186] Trial 2 failed with value tensor(nan, device='cuda:0', grad_fn=<DivBackward0>).
Time for this trial:  1.954974889755249
Memory status after this trial: 
Memory allocated:  47.59716796875
Memory cached:  48.0
--------------------  Trial  3   --------------------
Start timing: 
Parameters: 
{'W_layers': 2, 'W_layer_units_exponent_0': 10, 'W_layer_units_exponent_1': 10, 'D_layers': 2, 'D_layer_units_exponent_0': 10, 'D_layer_units_exponent_1': 7, 'log_learning_rate': -2.0061265769564454, 'log_learning_rate_D': -4.872494280096331, 'training_batch_size': 12, 'training_p': 2}
	 epoch  0 training error:  tensor(1.1137, device='cuda:0', grad_fn=<DivBackward0>)
Memory status after this epoch: 
Memory allocated:  43.3974609375
Memory cached:  54.0
	 epoch  10 training error:  tensor(9.3514, device='cuda:0', grad_fn=<DivBackward0>)
Memory status after this epoch: 
Memory allocated:  43.3974609375
Memory cached:  56.0
	 epoch  20 training error:  tensor(1.9383, device='cuda:0', grad_fn=<DivBackward0>)
Memory status after this epoch: 
Memory allocated:  43.3974609375
Memory cached:  56.0
	 epoch  30 training error:  tensor(1.3870, device='cuda:0', grad_fn=<DivBackward0>)
Memory status after this epoch: 
Memory allocated:  43.3974609375
Memory cached:  56.0
	 epoch  40 training error:  tensor(1.0304, device='cuda:0', grad_fn=<DivBackward0>)
Memory status after this epoch: 
Memory allocated:  43.3974609375
Memory cached:  56.0
	 epoch  50 training error:  tensor(1.1707, device='cuda:0', grad_fn=<DivBackward0>)
Memory status after this epoch: 
Memory allocated:  43.3974609375
Memory cached:  56.0
	 epoch  60 training error:  tensor(1.0487, device='cuda:0', grad_fn=<DivBackward0>)
Memory status after this epoch: 
Memory allocated:  43.3974609375
Memory cached:  56.0
	 epoch  70 training error:  tensor(1.0042, device='cuda:0', grad_fn=<DivBackward0>)
Memory status after this epoch: 
Memory allocated:  43.3974609375
Memory cached:  56.0
	 epoch  80 training error:  tensor(0.8875, device='cuda:0', grad_fn=<DivBackward0>)
Memory status after this epoch: 
Memory allocated:  43.3974609375
Memory cached:  56.0
	 epoch  90 training error:  tensor(1.0311, device='cuda:0', grad_fn=<DivBackward0>)
Memory status after this epoch: 
Memory allocated:  43.3974609375
Memory cached:  56.0
[I 2023-12-05 00:36:14,712] Trial 3 finished with value: 0.8621090054512024 and parameters: {'W_layers': 2, 'W_layer_units_exponent_0': 10, 'W_layer_units_exponent_1': 10, 'D_layers': 2, 'D_layer_units_exponent_0': 10, 'D_layer_units_exponent_1': 7, 'log_learning_rate': -2.0061265769564454, 'log_learning_rate_D': -4.872494280096331, 'training_batch_size': 12, 'training_p': 2}. Best is trial 1 with value: 0.5246783494949341.
Time for this trial:  37.41259407997131
Memory status after this trial: 
Memory allocated:  107.38525390625
Memory cached:  122.0
--------------------  Trial  4   --------------------
Start timing: 
Parameters: 
{'W_layers': 4, 'W_layer_units_exponent_0': 9, 'W_layer_units_exponent_1': 4, 'W_layer_units_exponent_2': 8, 'W_layer_units_exponent_3': 10, 'D_layers': 8, 'D_layer_units_exponent_0': 10, 'D_layer_units_exponent_1': 9, 'D_layer_units_exponent_2': 9, 'D_layer_units_exponent_3': 9, 'D_layer_units_exponent_4': 7, 'D_layer_units_exponent_5': 6, 'D_layer_units_exponent_6': 9, 'D_layer_units_exponent_7': 7, 'log_learning_rate': -4.512973827459316, 'log_learning_rate_D': -3.1420029416011084, 'training_batch_size': 10, 'training_p': 2}
	 epoch  0 training error:  tensor(1.0717, device='cuda:0', grad_fn=<DivBackward0>)
Memory status after this epoch: 
Memory allocated:  48.2197265625
Memory cached:  66.0
	 epoch  10 training error:  tensor(0.6125, device='cuda:0', grad_fn=<DivBackward0>)
Memory status after this epoch: 
Memory allocated:  48.2197265625
Memory cached:  68.0
	 epoch  20 training error:  tensor(0.6025, device='cuda:0', grad_fn=<DivBackward0>)
Memory status after this epoch: 
Memory allocated:  48.2197265625
Memory cached:  68.0
	 epoch  30 training error:  tensor(0.5836, device='cuda:0', grad_fn=<DivBackward0>)
Memory status after this epoch: 
Memory allocated:  48.2197265625
Memory cached:  68.0
	 epoch  40 training error:  tensor(0.5515, device='cuda:0', grad_fn=<DivBackward0>)
Memory status after this epoch: 
Memory allocated:  48.2197265625
Memory cached:  68.0
	 epoch  50 training error:  tensor(0.5355, device='cuda:0', grad_fn=<DivBackward0>)
Memory status after this epoch: 
Memory allocated:  48.2197265625
Memory cached:  68.0
	 epoch  60 training error:  tensor(0.5708, device='cuda:0', grad_fn=<DivBackward0>)
Memory status after this epoch: 
Memory allocated:  48.2197265625
Memory cached:  68.0
	 epoch  70 training error:  tensor(0.5273, device='cuda:0', grad_fn=<DivBackward0>)
Memory status after this epoch: 
Memory allocated:  48.2197265625
Memory cached:  68.0
	 epoch  80 training error:  tensor(0.5343, device='cuda:0', grad_fn=<DivBackward0>)
Memory status after this epoch: 
Memory allocated:  48.2197265625
Memory cached:  68.0
	 epoch  90 training error:  tensor(0.5157, device='cuda:0', grad_fn=<DivBackward0>)
Memory status after this epoch: 
Memory allocated:  48.2197265625
Memory cached:  68.0
[I 2023-12-05 00:37:12,532] Trial 4 finished with value: 0.37891268730163574 and parameters: {'W_layers': 4, 'W_layer_units_exponent_0': 9, 'W_layer_units_exponent_1': 4, 'W_layer_units_exponent_2': 8, 'W_layer_units_exponent_3': 10, 'D_layers': 8, 'D_layer_units_exponent_0': 10, 'D_layer_units_exponent_1': 9, 'D_layer_units_exponent_2': 9, 'D_layer_units_exponent_3': 9, 'D_layer_units_exponent_4': 7, 'D_layer_units_exponent_5': 6, 'D_layer_units_exponent_6': 9, 'D_layer_units_exponent_7': 7, 'log_learning_rate': -4.512973827459316, 'log_learning_rate_D': -3.1420029416011084, 'training_batch_size': 10, 'training_p': 2}. Best is trial 4 with value: 0.37891268730163574.
res:  tensor(0.3789, device='cuda:0', grad_fn=<DivBackward0>)
self.bestValue:  tensor(0.5247, device='cuda:0', grad_fn=<DivBackward0>)
Save this model!
Time for this trial:  57.695648193359375
Memory status after this trial: 
Memory allocated:  129.93115234375
Memory cached:  178.0
--------------------  Trial  5   --------------------
Start timing: 
Parameters: 
{'W_layers': 7, 'W_layer_units_exponent_0': 4, 'W_layer_units_exponent_1': 8, 'W_layer_units_exponent_2': 10, 'W_layer_units_exponent_3': 7, 'W_layer_units_exponent_4': 8, 'W_layer_units_exponent_5': 5, 'W_layer_units_exponent_6': 8, 'D_layers': 4, 'D_layer_units_exponent_0': 7, 'D_layer_units_exponent_1': 10, 'D_layer_units_exponent_2': 8, 'D_layer_units_exponent_3': 10, 'log_learning_rate': -1.6470176690810514, 'log_learning_rate_D': -1.6698194273350389, 'training_batch_size': 12, 'training_p': 5}
	 epoch  0 training error:  tensor(0.9930, device='cuda:0', grad_fn=<DivBackward0>)
Memory status after this epoch: 
Memory allocated:  146.8759765625
Memory cached:  186.0
[W 2023-12-05 00:37:15,725] Trial 5 failed with parameters: {'W_layers': 7, 'W_layer_units_exponent_0': 4, 'W_layer_units_exponent_1': 8, 'W_layer_units_exponent_2': 10, 'W_layer_units_exponent_3': 7, 'W_layer_units_exponent_4': 8, 'W_layer_units_exponent_5': 5, 'W_layer_units_exponent_6': 8, 'D_layers': 4, 'D_layer_units_exponent_0': 7, 'D_layer_units_exponent_1': 10, 'D_layer_units_exponent_2': 8, 'D_layer_units_exponent_3': 10, 'log_learning_rate': -1.6470176690810514, 'log_learning_rate_D': -1.6698194273350389, 'training_batch_size': 12, 'training_p': 5} because of the following error: The value nan is not acceptable.
[W 2023-12-05 00:37:15,725] Trial 5 failed with value tensor(nan, device='cuda:0', grad_fn=<DivBackward0>).
Time for this trial:  3.0726330280303955
Memory status after this trial: 
Memory allocated:  238.73486328125
Memory cached:  258.0
--------------------  Trial  6   --------------------
Start timing: 
Parameters: 
{'W_layers': 7, 'W_layer_units_exponent_0': 4, 'W_layer_units_exponent_1': 6, 'W_layer_units_exponent_2': 10, 'W_layer_units_exponent_3': 10, 'W_layer_units_exponent_4': 10, 'W_layer_units_exponent_5': 6, 'W_layer_units_exponent_6': 7, 'D_layers': 2, 'D_layer_units_exponent_0': 8, 'D_layer_units_exponent_1': 5, 'log_learning_rate': -1.4718001785797603, 'log_learning_rate_D': -3.9480109171554, 'training_batch_size': 12, 'training_p': 4}
	 epoch  0 training error:  tensor(0.9983, device='cuda:0', grad_fn=<DivBackward0>)
Memory status after this epoch: 
Memory allocated:  164.3095703125
Memory cached:  202.0
	 epoch  10 training error:  tensor(557.9377, device='cuda:0', grad_fn=<DivBackward0>)
Memory status after this epoch: 
Memory allocated:  164.3095703125
Memory cached:  204.0
	 epoch  20 training error:  tensor(162.5351, device='cuda:0', grad_fn=<DivBackward0>)
Memory status after this epoch: 
Memory allocated:  164.3095703125
Memory cached:  204.0
	 epoch  30 training error:  tensor(1.6503, device='cuda:0', grad_fn=<DivBackward0>)
Memory status after this epoch: 
Memory allocated:  164.3095703125
Memory cached:  204.0
	 epoch  40 training error:  tensor(0.7708, device='cuda:0', grad_fn=<DivBackward0>)
Memory status after this epoch: 
Memory allocated:  164.3095703125
Memory cached:  204.0
	 epoch  50 training error:  tensor(0.8031, device='cuda:0', grad_fn=<DivBackward0>)
Memory status after this epoch: 
Memory allocated:  164.3095703125
Memory cached:  204.0
	 epoch  60 training error:  tensor(0.7332, device='cuda:0', grad_fn=<DivBackward0>)
Memory status after this epoch: 
Memory allocated:  164.3095703125
Memory cached:  204.0
	 epoch  70 training error:  tensor(0.7726, device='cuda:0', grad_fn=<DivBackward0>)
Memory status after this epoch: 
Memory allocated:  164.3095703125
Memory cached:  204.0
	 epoch  80 training error:  tensor(0.8124, device='cuda:0', grad_fn=<DivBackward0>)
Memory status after this epoch: 
Memory allocated:  164.3095703125
Memory cached:  204.0
	 epoch  90 training error:  tensor(0.8060, device='cuda:0', grad_fn=<DivBackward0>)
Memory status after this epoch: 
Memory allocated:  164.3095703125
Memory cached:  204.0
[I 2023-12-05 00:38:04,688] Trial 6 finished with value: 0.4169381260871887 and parameters: {'W_layers': 7, 'W_layer_units_exponent_0': 4, 'W_layer_units_exponent_1': 6, 'W_layer_units_exponent_2': 10, 'W_layer_units_exponent_3': 10, 'W_layer_units_exponent_4': 10, 'W_layer_units_exponent_5': 6, 'W_layer_units_exponent_6': 7, 'D_layers': 2, 'D_layer_units_exponent_0': 8, 'D_layer_units_exponent_1': 5, 'log_learning_rate': -1.4718001785797603, 'log_learning_rate_D': -3.9480109171554, 'training_batch_size': 12, 'training_p': 4}. Best is trial 4 with value: 0.37891268730163574.
Time for this trial:  48.831292390823364
Memory status after this trial: 
Memory allocated:  230.3642578125
Memory cached:  252.0
--------------------  Trial  7   --------------------
Start timing: 
Parameters: 
{'W_layers': 4, 'W_layer_units_exponent_0': 4, 'W_layer_units_exponent_1': 10, 'W_layer_units_exponent_2': 7, 'W_layer_units_exponent_3': 6, 'D_layers': 6, 'D_layer_units_exponent_0': 4, 'D_layer_units_exponent_1': 8, 'D_layer_units_exponent_2': 8, 'D_layer_units_exponent_3': 5, 'D_layer_units_exponent_4': 7, 'D_layer_units_exponent_5': 5, 'log_learning_rate': -4.942078773094149, 'log_learning_rate_D': -2.1880068267268746, 'training_batch_size': 7, 'training_p': 5}
	 epoch  0 training error:  tensor(0.9517, device='cuda:0', grad_fn=<DivBackward0>)
Memory status after this epoch: 
Memory allocated:  133.6982421875
Memory cached:  182.0
	 epoch  10 training error:  tensor(0.7633, device='cuda:0', grad_fn=<DivBackward0>)
Memory status after this epoch: 
Memory allocated:  133.6982421875
Memory cached:  182.0
	 epoch  20 training error:  tensor(0.7645, device='cuda:0', grad_fn=<DivBackward0>)
Memory status after this epoch: 
Memory allocated:  133.6982421875
Memory cached:  182.0
	 epoch  30 training error:  tensor(0.7628, device='cuda:0', grad_fn=<DivBackward0>)
Memory status after this epoch: 
Memory allocated:  133.6982421875
Memory cached:  182.0
	 epoch  40 training error:  tensor(0.7588, device='cuda:0', grad_fn=<DivBackward0>)
Memory status after this epoch: 
Memory allocated:  133.6982421875
Memory cached:  182.0
	 epoch  50 training error:  tensor(0.7531, device='cuda:0', grad_fn=<DivBackward0>)
Memory status after this epoch: 
Memory allocated:  133.6982421875
Memory cached:  182.0
	 epoch  60 training error:  tensor(0.7647, device='cuda:0', grad_fn=<DivBackward0>)
Memory status after this epoch: 
Memory allocated:  133.6982421875
Memory cached:  182.0
	 epoch  70 training error:  tensor(0.7643, device='cuda:0', grad_fn=<DivBackward0>)
Memory status after this epoch: 
Memory allocated:  133.6982421875
Memory cached:  182.0
	 epoch  80 training error:  tensor(0.7593, device='cuda:0', grad_fn=<DivBackward0>)
Memory status after this epoch: 
Memory allocated:  133.6982421875
Memory cached:  182.0
	 epoch  90 training error:  tensor(0.7339, device='cuda:0', grad_fn=<DivBackward0>)
Memory status after this epoch: 
Memory allocated:  133.6982421875
Memory cached:  182.0
