[I 2024-01-03 15:01:06,493] Trial 15 finished with value: 0.09181242436170578 and parameters: {'W_layers': 7, 'W_layer_units_exponent_0': 10, 'W_layer_units_exponent_1': 5, 'W_layer_units_exponent_2': 5, 'W_layer_units_exponent_3': 5, 'W_layer_units_exponent_4': 8, 'W_layer_units_exponent_5': 7, 'W_layer_units_exponent_6': 7, 'D_layers': 5, 'D_layer_units_exponent_0': 9, 'D_layer_units_exponent_1': 5, 'D_layer_units_exponent_2': 10, 'D_layer_units_exponent_3': 10, 'D_layer_units_exponent_4': 6, 'D_dagger_layers': 7, 'D_dagger_layer_units_exponent_0': 8, 'D_dagger_layer_units_exponent_1': 9, 'D_dagger_layer_units_exponent_2': 10, 'D_dagger_layer_units_exponent_3': 4, 'D_dagger_layer_units_exponent_4': 6, 'D_dagger_layer_units_exponent_5': 6, 'D_dagger_layer_units_exponent_6': 8, 'log_learning_rate': -3.1873039056843355, 'log_learning_rate_D': -4.19460889965929, 'log_learning_rate_D_dagger': -2.5944109125197525, 'training_batch_size': 6, 'training_p': 2}. Best is trial 9 with value: 0.08546759933233261.
Time for this trial:  429.3342318534851
Memory status after this trial: 
Memory allocated:  670.70166015625
Memory cached:  698.0
--------------------  Trial  16   --------------------
Start timing: 
Parameters: 
{'W_layers': 5, 'W_layer_units_exponent_0': 4, 'W_layer_units_exponent_1': 6, 'W_layer_units_exponent_2': 7, 'W_layer_units_exponent_3': 9, 'W_layer_units_exponent_4': 4, 'D_layers': 5, 'D_layer_units_exponent_0': 8, 'D_layer_units_exponent_1': 8, 'D_layer_units_exponent_2': 6, 'D_layer_units_exponent_3': 8, 'D_layer_units_exponent_4': 7, 'D_dagger_layers': 5, 'D_dagger_layer_units_exponent_0': 10, 'D_dagger_layer_units_exponent_1': 7, 'D_dagger_layer_units_exponent_2': 8, 'D_dagger_layer_units_exponent_3': 6, 'D_dagger_layer_units_exponent_4': 8, 'log_learning_rate': -4.073438532688208, 'log_learning_rate_D': -3.389117770457576, 'log_learning_rate_D_dagger': -3.42979385681444, 'training_batch_size': 11, 'training_p': 6}
	 epoch  0 training error:  tensor(0.9706, device='cuda:0', grad_fn=<DivBackward0>)
Memory status after this epoch: 
Memory allocated:  320.42041015625
Memory cached:  536.0
	 epoch  10 training error:  tensor(0.2435, device='cuda:0', grad_fn=<DivBackward0>)
Memory status after this epoch: 
Memory allocated:  320.42041015625
Memory cached:  602.0
	 epoch  20 training error:  tensor(0.1896, device='cuda:0', grad_fn=<DivBackward0>)
Memory status after this epoch: 
Memory allocated:  320.42041015625
Memory cached:  594.0
	 epoch  30 training error:  tensor(0.1694, device='cuda:0', grad_fn=<DivBackward0>)
Memory status after this epoch: 
Memory allocated:  320.42041015625
Memory cached:  592.0
	 epoch  40 training error:  tensor(0.1392, device='cuda:0', grad_fn=<DivBackward0>)
Memory status after this epoch: 
Memory allocated:  320.42041015625
Memory cached:  606.0
	 epoch  50 training error:  tensor(0.1219, device='cuda:0', grad_fn=<DivBackward0>)
Memory status after this epoch: 
Memory allocated:  320.42041015625
Memory cached:  606.0
	 epoch  60 training error:  tensor(0.1175, device='cuda:0', grad_fn=<DivBackward0>)
Memory status after this epoch: 
Memory allocated:  320.42041015625
Memory cached:  604.0
	 epoch  70 training error:  tensor(0.1115, device='cuda:0', grad_fn=<DivBackward0>)
Memory status after this epoch: 
Memory allocated:  320.42041015625
Memory cached:  606.0
	 epoch  80 training error:  tensor(0.1101, device='cuda:0', grad_fn=<DivBackward0>)
Memory status after this epoch: 
Memory allocated:  320.42041015625
Memory cached:  604.0
	 epoch  90 training error:  tensor(0.1106, device='cuda:0', grad_fn=<DivBackward0>)
Memory status after this epoch: 
Memory allocated:  320.42041015625
Memory cached:  594.0
[I 2024-01-03 15:04:24,211] Trial 16 finished with value: 0.08525045961141586 and parameters: {'W_layers': 5, 'W_layer_units_exponent_0': 4, 'W_layer_units_exponent_1': 6, 'W_layer_units_exponent_2': 7, 'W_layer_units_exponent_3': 9, 'W_layer_units_exponent_4': 4, 'D_layers': 5, 'D_layer_units_exponent_0': 8, 'D_layer_units_exponent_1': 8, 'D_layer_units_exponent_2': 6, 'D_layer_units_exponent_3': 8, 'D_layer_units_exponent_4': 7, 'D_dagger_layers': 5, 'D_dagger_layer_units_exponent_0': 10, 'D_dagger_layer_units_exponent_1': 7, 'D_dagger_layer_units_exponent_2': 8, 'D_dagger_layer_units_exponent_3': 6, 'D_dagger_layer_units_exponent_4': 8, 'log_learning_rate': -4.073438532688208, 'log_learning_rate_D': -3.389117770457576, 'log_learning_rate_D_dagger': -3.42979385681444, 'training_batch_size': 11, 'training_p': 6}. Best is trial 16 with value: 0.08525045961141586.
res:  tensor(0.0853, device='cuda:0', grad_fn=<DivBackward0>)
self.bestValue:  tensor(0.0855, device='cuda:0', grad_fn=<DivBackward0>)
Save this model!
Time for this trial:  197.3120517730713
Memory status after this trial: 
Memory allocated:  183.24560546875
Memory cached:  476.0
--------------------  Trial  17   --------------------
Start timing: 
Parameters: 
{'W_layers': 5, 'W_layer_units_exponent_0': 4, 'W_layer_units_exponent_1': 6, 'W_layer_units_exponent_2': 10, 'W_layer_units_exponent_3': 9, 'W_layer_units_exponent_4': 4, 'D_layers': 5, 'D_layer_units_exponent_0': 7, 'D_layer_units_exponent_1': 8, 'D_layer_units_exponent_2': 6, 'D_layer_units_exponent_3': 8, 'D_layer_units_exponent_4': 7, 'D_dagger_layers': 4, 'D_dagger_layer_units_exponent_0': 10, 'D_dagger_layer_units_exponent_1': 6, 'D_dagger_layer_units_exponent_2': 9, 'D_dagger_layer_units_exponent_3': 8, 'log_learning_rate': -4.123529187023323, 'log_learning_rate_D': -4.306444195736214, 'log_learning_rate_D_dagger': -3.302690838042349, 'training_batch_size': 11, 'training_p': 6}
	 epoch  0 training error:  tensor(0.9315, device='cuda:0', grad_fn=<DivBackward0>)
Memory status after this epoch: 
Memory allocated:  197.58642578125
Memory cached:  450.0
	 epoch  10 training error:  tensor(0.1988, device='cuda:0', grad_fn=<DivBackward0>)
Memory status after this epoch: 
Memory allocated:  197.58642578125
Memory cached:  498.0
	 epoch  20 training error:  tensor(0.2043, device='cuda:0', grad_fn=<DivBackward0>)
Memory status after this epoch: 
Memory allocated:  197.58642578125
Memory cached:  500.0
	 epoch  30 training error:  tensor(0.1700, device='cuda:0', grad_fn=<DivBackward0>)
Memory status after this epoch: 
Memory allocated:  197.58642578125
Memory cached:  502.0
	 epoch  40 training error:  tensor(0.1349, device='cuda:0', grad_fn=<DivBackward0>)
Memory status after this epoch: 
Memory allocated:  197.58642578125
Memory cached:  500.0
	 epoch  50 training error:  tensor(0.1258, device='cuda:0', grad_fn=<DivBackward0>)
Memory status after this epoch: 
Memory allocated:  197.58642578125
Memory cached:  500.0
	 epoch  60 training error:  tensor(0.1208, device='cuda:0', grad_fn=<DivBackward0>)
Memory status after this epoch: 
Memory allocated:  197.58642578125
Memory cached:  496.0
	 epoch  70 training error:  tensor(0.1142, device='cuda:0', grad_fn=<DivBackward0>)
Memory status after this epoch: 
Memory allocated:  197.58642578125
Memory cached:  500.0
	 epoch  80 training error:  tensor(0.1121, device='cuda:0', grad_fn=<DivBackward0>)
Memory status after this epoch: 
Memory allocated:  197.58642578125
Memory cached:  490.0
	 epoch  90 training error:  tensor(0.1204, device='cuda:0', grad_fn=<DivBackward0>)
Memory status after this epoch: 
Memory allocated:  197.58642578125
Memory cached:  502.0
[I 2024-01-03 15:07:38,768] Trial 17 finished with value: 0.08524450659751892 and parameters: {'W_layers': 5, 'W_layer_units_exponent_0': 4, 'W_layer_units_exponent_1': 6, 'W_layer_units_exponent_2': 10, 'W_layer_units_exponent_3': 9, 'W_layer_units_exponent_4': 4, 'D_layers': 5, 'D_layer_units_exponent_0': 7, 'D_layer_units_exponent_1': 8, 'D_layer_units_exponent_2': 6, 'D_layer_units_exponent_3': 8, 'D_layer_units_exponent_4': 7, 'D_dagger_layers': 4, 'D_dagger_layer_units_exponent_0': 10, 'D_dagger_layer_units_exponent_1': 6, 'D_dagger_layer_units_exponent_2': 9, 'D_dagger_layer_units_exponent_3': 8, 'log_learning_rate': -4.123529187023323, 'log_learning_rate_D': -4.306444195736214, 'log_learning_rate_D_dagger': -3.302690838042349, 'training_batch_size': 11, 'training_p': 6}. Best is trial 17 with value: 0.08524450659751892.
res:  tensor(0.0852, device='cuda:0', grad_fn=<DivBackward0>)
self.bestValue:  tensor(0.0853, device='cuda:0', grad_fn=<DivBackward0>)
Save this model!
Time for this trial:  194.18333625793457
Memory status after this trial: 
Memory allocated:  235.10595703125
Memory cached:  450.0
--------------------  Trial  18   --------------------
Start timing: 
Parameters: 
{'W_layers': 5, 'W_layer_units_exponent_0': 4, 'W_layer_units_exponent_1': 7, 'W_layer_units_exponent_2': 10, 'W_layer_units_exponent_3': 10, 'W_layer_units_exponent_4': 4, 'D_layers': 5, 'D_layer_units_exponent_0': 7, 'D_layer_units_exponent_1': 8, 'D_layer_units_exponent_2': 6, 'D_layer_units_exponent_3': 7, 'D_layer_units_exponent_4': 6, 'D_dagger_layers': 4, 'D_dagger_layer_units_exponent_0': 10, 'D_dagger_layer_units_exponent_1': 6, 'D_dagger_layer_units_exponent_2': 9, 'D_dagger_layer_units_exponent_3': 7, 'log_learning_rate': -4.129398985605287, 'log_learning_rate_D': -2.958639346180286, 'log_learning_rate_D_dagger': -4.330159201163865, 'training_batch_size': 11, 'training_p': 6}
	 epoch  0 training error:  tensor(1.0077, device='cuda:0', grad_fn=<DivBackward0>)
Memory status after this epoch: 
Memory allocated:  257.08935546875
Memory cached:  456.0
	 epoch  10 training error:  tensor(0.6518, device='cuda:0', grad_fn=<DivBackward0>)
Memory status after this epoch: 
Memory allocated:  257.08935546875
Memory cached:  502.0
	 epoch  20 training error:  tensor(0.4687, device='cuda:0', grad_fn=<DivBackward0>)
Memory status after this epoch: 
Memory allocated:  257.08935546875
Memory cached:  506.0
	 epoch  30 training error:  tensor(0.2607, device='cuda:0', grad_fn=<DivBackward0>)
Memory status after this epoch: 
Memory allocated:  257.08935546875
Memory cached:  508.0
	 epoch  40 training error:  tensor(0.1926, device='cuda:0', grad_fn=<DivBackward0>)
Memory status after this epoch: 
Memory allocated:  257.08935546875
Memory cached:  504.0
	 epoch  50 training error:  tensor(0.1600, device='cuda:0', grad_fn=<DivBackward0>)
Memory status after this epoch: 
Memory allocated:  257.08935546875
Memory cached:  506.0
	 epoch  60 training error:  tensor(0.1536, device='cuda:0', grad_fn=<DivBackward0>)
Memory status after this epoch: 
Memory allocated:  257.08935546875
Memory cached:  496.0
	 epoch  70 training error:  tensor(0.1489, device='cuda:0', grad_fn=<DivBackward0>)
Memory status after this epoch: 
Memory allocated:  257.08935546875
Memory cached:  510.0
	 epoch  80 training error:  tensor(0.1460, device='cuda:0', grad_fn=<DivBackward0>)
Memory status after this epoch: 
Memory allocated:  257.08935546875
Memory cached:  502.0
	 epoch  90 training error:  tensor(0.1434, device='cuda:0', grad_fn=<DivBackward0>)
Memory status after this epoch: 
Memory allocated:  257.08935546875
Memory cached:  504.0
[I 2024-01-03 15:10:57,251] Trial 18 finished with value: 0.10721802711486816 and parameters: {'W_layers': 5, 'W_layer_units_exponent_0': 4, 'W_layer_units_exponent_1': 7, 'W_layer_units_exponent_2': 10, 'W_layer_units_exponent_3': 10, 'W_layer_units_exponent_4': 4, 'D_layers': 5, 'D_layer_units_exponent_0': 7, 'D_layer_units_exponent_1': 8, 'D_layer_units_exponent_2': 6, 'D_layer_units_exponent_3': 7, 'D_layer_units_exponent_4': 6, 'D_dagger_layers': 4, 'D_dagger_layer_units_exponent_0': 10, 'D_dagger_layer_units_exponent_1': 6, 'D_dagger_layer_units_exponent_2': 9, 'D_dagger_layer_units_exponent_3': 7, 'log_learning_rate': -4.129398985605287, 'log_learning_rate_D': -2.958639346180286, 'log_learning_rate_D_dagger': -4.330159201163865, 'training_batch_size': 11, 'training_p': 6}. Best is trial 17 with value: 0.08524450659751892.
Time for this trial:  198.110609292984
Memory status after this trial: 
Memory allocated:  489.1845703125
Memory cached:  502.0
--------------------  Trial  19   --------------------
Start timing: 
Parameters: 
{'W_layers': 5, 'W_layer_units_exponent_0': 4, 'W_layer_units_exponent_1': 6, 'W_layer_units_exponent_2': 8, 'W_layer_units_exponent_3': 9, 'W_layer_units_exponent_4': 4, 'D_layers': 5, 'D_layer_units_exponent_0': 6, 'D_layer_units_exponent_1': 8, 'D_layer_units_exponent_2': 6, 'D_layer_units_exponent_3': 8, 'D_layer_units_exponent_4': 7, 'D_dagger_layers': 3, 'D_dagger_layer_units_exponent_0': 10, 'D_dagger_layer_units_exponent_1': 5, 'D_dagger_layer_units_exponent_2': 8, 'log_learning_rate': -4.181445398688787, 'log_learning_rate_D': -4.3002500772303245, 'log_learning_rate_D_dagger': -4.773400731524088, 'training_batch_size': 12, 'training_p': 6}
	 epoch  0 training error:  tensor(1.0455, device='cuda:0', grad_fn=<DivBackward0>)
Memory status after this epoch: 
Memory allocated:  239.54833984375
Memory cached:  464.0
	 epoch  10 training error:  tensor(0.7347, device='cuda:0', grad_fn=<DivBackward0>)
Memory status after this epoch: 
Memory allocated:  239.54833984375
Memory cached:  512.0
	 epoch  20 training error:  tensor(0.6201, device='cuda:0', grad_fn=<DivBackward0>)
Memory status after this epoch: 
Memory allocated:  239.54833984375
Memory cached:  510.0
	 epoch  30 training error:  tensor(0.6098, device='cuda:0', grad_fn=<DivBackward0>)
Memory status after this epoch: 
Memory allocated:  239.54833984375
Memory cached:  504.0
	 epoch  40 training error:  tensor(0.5725, device='cuda:0', grad_fn=<DivBackward0>)
Memory status after this epoch: 
Memory allocated:  239.54833984375
Memory cached:  502.0
	 epoch  50 training error:  tensor(0.5393, device='cuda:0', grad_fn=<DivBackward0>)
Memory status after this epoch: 
Memory allocated:  239.54833984375
Memory cached:  510.0
	 epoch  60 training error:  tensor(0.5074, device='cuda:0', grad_fn=<DivBackward0>)
Memory status after this epoch: 
Memory allocated:  239.54833984375
Memory cached:  508.0
	 epoch  70 training error:  tensor(0.4714, device='cuda:0', grad_fn=<DivBackward0>)
Memory status after this epoch: 
Memory allocated:  239.54833984375
Memory cached:  510.0
	 epoch  80 training error:  tensor(0.4329, device='cuda:0', grad_fn=<DivBackward0>)
Memory status after this epoch: 
Memory allocated:  239.54833984375
Memory cached:  502.0
	 epoch  90 training error:  tensor(0.3907, device='cuda:0', grad_fn=<DivBackward0>)
Memory status after this epoch: 
Memory allocated:  239.54833984375
Memory cached:  506.0
[I 2024-01-03 15:13:55,579] Trial 19 finished with value: 0.28370019793510437 and parameters: {'W_layers': 5, 'W_layer_units_exponent_0': 4, 'W_layer_units_exponent_1': 6, 'W_layer_units_exponent_2': 8, 'W_layer_units_exponent_3': 9, 'W_layer_units_exponent_4': 4, 'D_layers': 5, 'D_layer_units_exponent_0': 6, 'D_layer_units_exponent_1': 8, 'D_layer_units_exponent_2': 6, 'D_layer_units_exponent_3': 8, 'D_layer_units_exponent_4': 7, 'D_dagger_layers': 3, 'D_dagger_layer_units_exponent_0': 10, 'D_dagger_layer_units_exponent_1': 5, 'D_dagger_layer_units_exponent_2': 8, 'log_learning_rate': -4.181445398688787, 'log_learning_rate_D': -4.3002500772303245, 'log_learning_rate_D_dagger': -4.773400731524088, 'training_batch_size': 12, 'training_p': 6}. Best is trial 17 with value: 0.08524450659751892.
Time for this trial:  177.94505047798157
Memory status after this trial: 
Memory allocated:  391.7275390625
Memory cached:  470.0
--------------------  Trial  20   --------------------
Start timing: 
Parameters: 
{'W_layers': 4, 'W_layer_units_exponent_0': 7, 'W_layer_units_exponent_1': 8, 'W_layer_units_exponent_2': 9, 'W_layer_units_exponent_3': 9, 'D_layers': 3, 'D_layer_units_exponent_0': 4, 'D_layer_units_exponent_1': 8, 'D_layer_units_exponent_2': 4, 'D_dagger_layers': 5, 'D_dagger_layer_units_exponent_0': 9, 'D_dagger_layer_units_exponent_1': 7, 'D_dagger_layer_units_exponent_2': 9, 'D_dagger_layer_units_exponent_3': 6, 'D_dagger_layer_units_exponent_4': 10, 'log_learning_rate': -4.918096007673327, 'log_learning_rate_D': -3.720156524556138, 'log_learning_rate_D_dagger': -3.392492740601583, 'training_batch_size': 11, 'training_p': 6}
	 epoch  0 training error:  tensor(1.0439, device='cuda:0', grad_fn=<DivBackward0>)
Memory status after this epoch: 
Memory allocated:  245.39599609375
Memory cached:  460.0
	 epoch  10 training error:  tensor(0.3126, device='cuda:0', grad_fn=<DivBackward0>)
Memory status after this epoch: 
Memory allocated:  245.39599609375
Memory cached:  512.0
	 epoch  20 training error:  tensor(0.2117, device='cuda:0', grad_fn=<DivBackward0>)
Memory status after this epoch: 
Memory allocated:  245.39599609375
Memory cached:  508.0
	 epoch  30 training error:  tensor(0.1827, device='cuda:0', grad_fn=<DivBackward0>)
Memory status after this epoch: 
Memory allocated:  245.39599609375
Memory cached:  504.0
	 epoch  40 training error:  tensor(0.1542, device='cuda:0', grad_fn=<DivBackward0>)
Memory status after this epoch: 
Memory allocated:  245.39599609375
Memory cached:  512.0
	 epoch  50 training error:  tensor(0.1472, device='cuda:0', grad_fn=<DivBackward0>)
Memory status after this epoch: 
Memory allocated:  245.39599609375
Memory cached:  508.0
	 epoch  60 training error:  tensor(0.1397, device='cuda:0', grad_fn=<DivBackward0>)
Memory status after this epoch: 
Memory allocated:  245.39599609375
Memory cached:  504.0
	 epoch  70 training error:  tensor(0.1291, device='cuda:0', grad_fn=<DivBackward0>)
Memory status after this epoch: 
Memory allocated:  245.39599609375
Memory cached:  512.0
	 epoch  80 training error:  tensor(0.1210, device='cuda:0', grad_fn=<DivBackward0>)
Memory status after this epoch: 
Memory allocated:  245.39599609375
Memory cached:  510.0
	 epoch  90 training error:  tensor(0.1171, device='cuda:0', grad_fn=<DivBackward0>)
Memory status after this epoch: 
Memory allocated:  245.39599609375
Memory cached:  506.0
[I 2024-01-03 15:16:54,671] Trial 20 finished with value: 0.09069690853357315 and parameters: {'W_layers': 4, 'W_layer_units_exponent_0': 7, 'W_layer_units_exponent_1': 8, 'W_layer_units_exponent_2': 9, 'W_layer_units_exponent_3': 9, 'D_layers': 3, 'D_layer_units_exponent_0': 4, 'D_layer_units_exponent_1': 8, 'D_layer_units_exponent_2': 4, 'D_dagger_layers': 5, 'D_dagger_layer_units_exponent_0': 9, 'D_dagger_layer_units_exponent_1': 7, 'D_dagger_layer_units_exponent_2': 9, 'D_dagger_layer_units_exponent_3': 6, 'D_dagger_layer_units_exponent_4': 10, 'log_learning_rate': -4.918096007673327, 'log_learning_rate_D': -3.720156524556138, 'log_learning_rate_D_dagger': -3.392492740601583, 'training_batch_size': 11, 'training_p': 6}. Best is trial 17 with value: 0.08524450659751892.
Time for this trial:  178.69343423843384
Memory status after this trial: 
Memory allocated:  439.08544921875
Memory cached:  472.0
--------------------  Trial  21   --------------------
Start timing: 
Parameters: 
{'W_layers': 5, 'W_layer_units_exponent_0': 6, 'W_layer_units_exponent_1': 6, 'W_layer_units_exponent_2': 7, 'W_layer_units_exponent_3': 8, 'W_layer_units_exponent_4': 5, 'D_layers': 7, 'D_layer_units_exponent_0': 8, 'D_layer_units_exponent_1': 8, 'D_layer_units_exponent_2': 5, 'D_layer_units_exponent_3': 8, 'D_layer_units_exponent_4': 4, 'D_layer_units_exponent_5': 8, 'D_layer_units_exponent_6': 4, 'D_dagger_layers': 3, 'D_dagger_layer_units_exponent_0': 10, 'D_dagger_layer_units_exponent_1': 5, 'D_dagger_layer_units_exponent_2': 8, 'log_learning_rate': -1.0005634194965762, 'log_learning_rate_D': -4.411477235369615, 'log_learning_rate_D_dagger': -4.182684413639288, 'training_batch_size': 10, 'training_p': 5}
	 epoch  0 training error:  tensor(0.8699, device='cuda:0', grad_fn=<DivBackward0>)
Memory status after this epoch: 
Memory allocated:  238.17138671875
Memory cached:  456.0
	 epoch  10 training error:  tensor(12246.9395, device='cuda:0', grad_fn=<DivBackward0>)
Memory status after this epoch: 
Memory allocated:  238.17138671875
Memory cached:  506.0
	 epoch  20 training error:  tensor(30.3332, device='cuda:0', grad_fn=<DivBackward0>)
Memory status after this epoch: 
Memory allocated:  238.17138671875
Memory cached:  502.0
	 epoch  30 training error:  tensor(52.1173, device='cuda:0', grad_fn=<DivBackward0>)
Memory status after this epoch: 
Memory allocated:  238.17138671875
Memory cached:  506.0
	 epoch  40 training error:  tensor(0.7433, device='cuda:0', grad_fn=<DivBackward0>)
Memory status after this epoch: 
Memory allocated:  238.17138671875
Memory cached:  500.0
	 epoch  50 training error:  tensor(0.5196, device='cuda:0', grad_fn=<DivBackward0>)
Memory status after this epoch: 
Memory allocated:  238.17138671875
Memory cached:  500.0
	 epoch  60 training error:  tensor(0.3305, device='cuda:0', grad_fn=<DivBackward0>)
Memory status after this epoch: 
Memory allocated:  238.17138671875
Memory cached:  506.0
	 epoch  70 training error:  tensor(0.2427, device='cuda:0', grad_fn=<DivBackward0>)
Memory status after this epoch: 
Memory allocated:  238.17138671875
Memory cached:  508.0
	 epoch  80 training error:  tensor(0.1737, device='cuda:0', grad_fn=<DivBackward0>)
Memory status after this epoch: 
Memory allocated:  238.17138671875
Memory cached:  512.0
	 epoch  90 training error:  tensor(0.1644, device='cuda:0', grad_fn=<DivBackward0>)
Memory status after this epoch: 
Memory allocated:  238.17138671875
Memory cached:  500.0
