[I 2024-01-13 08:55:16,282] Trial 155 finished with value: 0.12683133780956268 and parameters: {'W_layers': 2, 'W_layer_units_exponent_0': 6, 'W_layer_units_exponent_1': 4, 'D_layers': 5, 'D_layer_units_exponent_0': 6, 'D_layer_units_exponent_1': 5, 'D_layer_units_exponent_2': 8, 'D_layer_units_exponent_3': 10, 'D_layer_units_exponent_4': 6, 'D_dagger_layers': 5, 'D_dagger_layer_units_exponent_0': 9, 'D_dagger_layer_units_exponent_1': 8, 'D_dagger_layer_units_exponent_2': 8, 'D_dagger_layer_units_exponent_3': 6, 'D_dagger_layer_units_exponent_4': 4, 'log_learning_rate': -4.660761699361306, 'log_learning_rate_D': -3.057554421342741, 'log_learning_rate_D_dagger': -2.7825845595626144, 'training_batch_size': 6, 'training_p': 8}. Best is trial 151 with value: 0.061272718012332916.
Time for this trial:  434.14922308921814
Memory status after this trial: 
Memory allocated:  570.57421875
Memory cached:  576.0
--------------------  Trial  156   --------------------
Start timing: 
Parameters: 
{'W_layers': 2, 'W_layer_units_exponent_0': 6, 'W_layer_units_exponent_1': 5, 'D_layers': 5, 'D_layer_units_exponent_0': 5, 'D_layer_units_exponent_1': 6, 'D_layer_units_exponent_2': 8, 'D_layer_units_exponent_3': 9, 'D_layer_units_exponent_4': 7, 'D_dagger_layers': 6, 'D_dagger_layer_units_exponent_0': 9, 'D_dagger_layer_units_exponent_1': 9, 'D_dagger_layer_units_exponent_2': 7, 'D_dagger_layer_units_exponent_3': 6, 'D_dagger_layer_units_exponent_4': 4, 'D_dagger_layer_units_exponent_5': 8, 'log_learning_rate': -4.800795004322916, 'log_learning_rate_D': -3.2699322184782345, 'log_learning_rate_D_dagger': -2.871909242037261, 'training_batch_size': 6, 'training_p': 6}
	 epoch  0 training error:  tensor(0.8738, device='cuda:0', grad_fn=<DivBackward0>)
Memory status after this epoch: 
Memory allocated:  297.2861328125
Memory cached:  534.0
	 epoch  10 training error:  tensor(0.5458, device='cuda:0', grad_fn=<DivBackward0>)
Memory status after this epoch: 
Memory allocated:  297.2861328125
Memory cached:  536.0
	 epoch  20 training error:  tensor(0.5138, device='cuda:0', grad_fn=<DivBackward0>)
Memory status after this epoch: 
Memory allocated:  297.2861328125
Memory cached:  534.0
	 epoch  30 training error:  tensor(0.4940, device='cuda:0', grad_fn=<DivBackward0>)
Memory status after this epoch: 
Memory allocated:  297.2861328125
Memory cached:  532.0
	 epoch  40 training error:  tensor(0.4886, device='cuda:0', grad_fn=<DivBackward0>)
Memory status after this epoch: 
Memory allocated:  297.2861328125
Memory cached:  532.0
	 epoch  50 training error:  tensor(0.3075, device='cuda:0', grad_fn=<DivBackward0>)
Memory status after this epoch: 
Memory allocated:  297.2861328125
Memory cached:  536.0
	 epoch  60 training error:  tensor(0.2670, device='cuda:0', grad_fn=<DivBackward0>)
Memory status after this epoch: 
Memory allocated:  297.2861328125
Memory cached:  532.0
	 epoch  70 training error:  tensor(0.1937, device='cuda:0', grad_fn=<DivBackward0>)
Memory status after this epoch: 
Memory allocated:  297.2861328125
Memory cached:  534.0
	 epoch  80 training error:  tensor(0.1360, device='cuda:0', grad_fn=<DivBackward0>)
Memory status after this epoch: 
Memory allocated:  297.2861328125
Memory cached:  536.0
	 epoch  90 training error:  tensor(0.1445, device='cuda:0', grad_fn=<DivBackward0>)
Memory status after this epoch: 
Memory allocated:  297.2861328125
Memory cached:  538.0
[I 2024-01-13 09:02:53,760] Trial 156 finished with value: 0.1000298261642456 and parameters: {'W_layers': 2, 'W_layer_units_exponent_0': 6, 'W_layer_units_exponent_1': 5, 'D_layers': 5, 'D_layer_units_exponent_0': 5, 'D_layer_units_exponent_1': 6, 'D_layer_units_exponent_2': 8, 'D_layer_units_exponent_3': 9, 'D_layer_units_exponent_4': 7, 'D_dagger_layers': 6, 'D_dagger_layer_units_exponent_0': 9, 'D_dagger_layer_units_exponent_1': 9, 'D_dagger_layer_units_exponent_2': 7, 'D_dagger_layer_units_exponent_3': 6, 'D_dagger_layer_units_exponent_4': 4, 'D_dagger_layer_units_exponent_5': 8, 'log_learning_rate': -4.800795004322916, 'log_learning_rate_D': -3.2699322184782345, 'log_learning_rate_D_dagger': -2.871909242037261, 'training_batch_size': 6, 'training_p': 6}. Best is trial 151 with value: 0.061272718012332916.
Time for this trial:  457.0457775592804
Memory status after this trial: 
Memory allocated:  561.091796875
Memory cached:  566.0
--------------------  Trial  157   --------------------
Start timing: 
Parameters: 
{'W_layers': 2, 'W_layer_units_exponent_0': 8, 'W_layer_units_exponent_1': 5, 'D_layers': 5, 'D_layer_units_exponent_0': 5, 'D_layer_units_exponent_1': 6, 'D_layer_units_exponent_2': 8, 'D_layer_units_exponent_3': 10, 'D_layer_units_exponent_4': 7, 'D_dagger_layers': 6, 'D_dagger_layer_units_exponent_0': 9, 'D_dagger_layer_units_exponent_1': 9, 'D_dagger_layer_units_exponent_2': 7, 'D_dagger_layer_units_exponent_3': 6, 'D_dagger_layer_units_exponent_4': 4, 'D_dagger_layer_units_exponent_5': 8, 'log_learning_rate': -4.925853312347652, 'log_learning_rate_D': -3.3975576639521923, 'log_learning_rate_D_dagger': -2.487521638875036, 'training_batch_size': 6, 'training_p': 8}
	 epoch  0 training error:  tensor(0.7573, device='cuda:0', grad_fn=<DivBackward0>)
Memory status after this epoch: 
Memory allocated:  300.3916015625
Memory cached:  534.0
	 epoch  10 training error:  tensor(0.5354, device='cuda:0', grad_fn=<DivBackward0>)
Memory status after this epoch: 
Memory allocated:  300.3916015625
Memory cached:  536.0
	 epoch  20 training error:  tensor(0.5016, device='cuda:0', grad_fn=<DivBackward0>)
Memory status after this epoch: 
Memory allocated:  300.3916015625
Memory cached:  536.0
	 epoch  30 training error:  tensor(0.5011, device='cuda:0', grad_fn=<DivBackward0>)
Memory status after this epoch: 
Memory allocated:  300.3916015625
Memory cached:  540.0
	 epoch  40 training error:  tensor(0.3701, device='cuda:0', grad_fn=<DivBackward0>)
Memory status after this epoch: 
Memory allocated:  300.3916015625
Memory cached:  538.0
	 epoch  50 training error:  tensor(0.3055, device='cuda:0', grad_fn=<DivBackward0>)
Memory status after this epoch: 
Memory allocated:  300.3916015625
Memory cached:  534.0
	 epoch  60 training error:  tensor(0.2586, device='cuda:0', grad_fn=<DivBackward0>)
Memory status after this epoch: 
Memory allocated:  300.3916015625
Memory cached:  536.0
	 epoch  70 training error:  tensor(0.1823, device='cuda:0', grad_fn=<DivBackward0>)
Memory status after this epoch: 
Memory allocated:  300.3916015625
Memory cached:  536.0
	 epoch  80 training error:  tensor(0.2460, device='cuda:0', grad_fn=<DivBackward0>)
Memory status after this epoch: 
Memory allocated:  300.3916015625
Memory cached:  534.0
	 epoch  90 training error:  tensor(0.1932, device='cuda:0', grad_fn=<DivBackward0>)
Memory status after this epoch: 
Memory allocated:  300.3916015625
Memory cached:  536.0
[I 2024-01-13 09:10:36,579] Trial 157 finished with value: 0.0905778631567955 and parameters: {'W_layers': 2, 'W_layer_units_exponent_0': 8, 'W_layer_units_exponent_1': 5, 'D_layers': 5, 'D_layer_units_exponent_0': 5, 'D_layer_units_exponent_1': 6, 'D_layer_units_exponent_2': 8, 'D_layer_units_exponent_3': 10, 'D_layer_units_exponent_4': 7, 'D_dagger_layers': 6, 'D_dagger_layer_units_exponent_0': 9, 'D_dagger_layer_units_exponent_1': 9, 'D_dagger_layer_units_exponent_2': 7, 'D_dagger_layer_units_exponent_3': 6, 'D_dagger_layer_units_exponent_4': 4, 'D_dagger_layer_units_exponent_5': 8, 'log_learning_rate': -4.925853312347652, 'log_learning_rate_D': -3.3975576639521923, 'log_learning_rate_D_dagger': -2.487521638875036, 'training_batch_size': 6, 'training_p': 8}. Best is trial 151 with value: 0.061272718012332916.
Time for this trial:  462.40411615371704
Memory status after this trial: 
Memory allocated:  637.29296875
Memory cached:  644.0
--------------------  Trial  158   --------------------
Start timing: 
Parameters: 
{'W_layers': 2, 'W_layer_units_exponent_0': 6, 'W_layer_units_exponent_1': 5, 'D_layers': 5, 'D_layer_units_exponent_0': 5, 'D_layer_units_exponent_1': 6, 'D_layer_units_exponent_2': 8, 'D_layer_units_exponent_3': 9, 'D_layer_units_exponent_4': 7, 'D_dagger_layers': 6, 'D_dagger_layer_units_exponent_0': 9, 'D_dagger_layer_units_exponent_1': 9, 'D_dagger_layer_units_exponent_2': 7, 'D_dagger_layer_units_exponent_3': 6, 'D_dagger_layer_units_exponent_4': 4, 'D_dagger_layer_units_exponent_5': 9, 'log_learning_rate': -4.965055682451778, 'log_learning_rate_D': -3.243567743910647, 'log_learning_rate_D_dagger': -2.5013527576852344, 'training_batch_size': 6, 'training_p': 6}
	 epoch  0 training error:  tensor(0.8806, device='cuda:0', grad_fn=<DivBackward0>)
Memory status after this epoch: 
Memory allocated:  297.3564453125
Memory cached:  538.0
	 epoch  10 training error:  tensor(0.5544, device='cuda:0', grad_fn=<DivBackward0>)
Memory status after this epoch: 
Memory allocated:  297.3564453125
Memory cached:  542.0
	 epoch  20 training error:  tensor(0.5290, device='cuda:0', grad_fn=<DivBackward0>)
Memory status after this epoch: 
Memory allocated:  297.3564453125
Memory cached:  538.0
	 epoch  30 training error:  tensor(0.3909, device='cuda:0', grad_fn=<DivBackward0>)
Memory status after this epoch: 
Memory allocated:  297.3564453125
Memory cached:  544.0
	 epoch  40 training error:  tensor(0.3292, device='cuda:0', grad_fn=<DivBackward0>)
Memory status after this epoch: 
Memory allocated:  297.3564453125
Memory cached:  546.0
	 epoch  50 training error:  tensor(0.2295, device='cuda:0', grad_fn=<DivBackward0>)
Memory status after this epoch: 
Memory allocated:  297.3564453125
Memory cached:  538.0
	 epoch  60 training error:  tensor(0.1336, device='cuda:0', grad_fn=<DivBackward0>)
Memory status after this epoch: 
Memory allocated:  297.3564453125
Memory cached:  544.0
	 epoch  70 training error:  tensor(0.1826, device='cuda:0', grad_fn=<DivBackward0>)
Memory status after this epoch: 
Memory allocated:  297.3564453125
Memory cached:  540.0
	 epoch  80 training error:  tensor(0.1257, device='cuda:0', grad_fn=<DivBackward0>)
Memory status after this epoch: 
Memory allocated:  297.3564453125
Memory cached:  544.0
	 epoch  90 training error:  tensor(0.1505, device='cuda:0', grad_fn=<DivBackward0>)
Memory status after this epoch: 
Memory allocated:  297.3564453125
Memory cached:  544.0
[I 2024-01-13 09:18:14,146] Trial 158 finished with value: 0.0793006643652916 and parameters: {'W_layers': 2, 'W_layer_units_exponent_0': 6, 'W_layer_units_exponent_1': 5, 'D_layers': 5, 'D_layer_units_exponent_0': 5, 'D_layer_units_exponent_1': 6, 'D_layer_units_exponent_2': 8, 'D_layer_units_exponent_3': 9, 'D_layer_units_exponent_4': 7, 'D_dagger_layers': 6, 'D_dagger_layer_units_exponent_0': 9, 'D_dagger_layer_units_exponent_1': 9, 'D_dagger_layer_units_exponent_2': 7, 'D_dagger_layer_units_exponent_3': 6, 'D_dagger_layer_units_exponent_4': 4, 'D_dagger_layer_units_exponent_5': 9, 'log_learning_rate': -4.965055682451778, 'log_learning_rate_D': -3.243567743910647, 'log_learning_rate_D_dagger': -2.5013527576852344, 'training_batch_size': 6, 'training_p': 6}. Best is trial 151 with value: 0.061272718012332916.
Time for this trial:  457.12585949897766
Memory status after this trial: 
Memory allocated:  584.564453125
Memory cached:  590.0
--------------------  Trial  159   --------------------
Start timing: 
Parameters: 
{'W_layers': 2, 'W_layer_units_exponent_0': 6, 'W_layer_units_exponent_1': 5, 'D_layers': 5, 'D_layer_units_exponent_0': 5, 'D_layer_units_exponent_1': 6, 'D_layer_units_exponent_2': 8, 'D_layer_units_exponent_3': 9, 'D_layer_units_exponent_4': 7, 'D_dagger_layers': 6, 'D_dagger_layer_units_exponent_0': 9, 'D_dagger_layer_units_exponent_1': 9, 'D_dagger_layer_units_exponent_2': 7, 'D_dagger_layer_units_exponent_3': 6, 'D_dagger_layer_units_exponent_4': 4, 'D_dagger_layer_units_exponent_5': 9, 'log_learning_rate': -4.952907873564915, 'log_learning_rate_D': -3.410459370012878, 'log_learning_rate_D_dagger': -2.4642851581986194, 'training_batch_size': 6, 'training_p': 8}
	 epoch  0 training error:  tensor(1.0161, device='cuda:0', grad_fn=<DivBackward0>)
Memory status after this epoch: 
Memory allocated:  297.3564453125
Memory cached:  536.0
	 epoch  10 training error:  tensor(0.5632, device='cuda:0', grad_fn=<DivBackward0>)
Memory status after this epoch: 
Memory allocated:  297.3564453125
Memory cached:  538.0
	 epoch  20 training error:  tensor(0.5663, device='cuda:0', grad_fn=<DivBackward0>)
Memory status after this epoch: 
Memory allocated:  297.3564453125
Memory cached:  542.0
	 epoch  30 training error:  tensor(0.5264, device='cuda:0', grad_fn=<DivBackward0>)
Memory status after this epoch: 
Memory allocated:  297.3564453125
Memory cached:  540.0
	 epoch  40 training error:  tensor(0.4970, device='cuda:0', grad_fn=<DivBackward0>)
Memory status after this epoch: 
Memory allocated:  297.3564453125
Memory cached:  540.0
	 epoch  50 training error:  tensor(0.3272, device='cuda:0', grad_fn=<DivBackward0>)
Memory status after this epoch: 
Memory allocated:  297.3564453125
Memory cached:  542.0
	 epoch  60 training error:  tensor(0.2644, device='cuda:0', grad_fn=<DivBackward0>)
Memory status after this epoch: 
Memory allocated:  297.3564453125
Memory cached:  538.0
	 epoch  70 training error:  tensor(0.2260, device='cuda:0', grad_fn=<DivBackward0>)
Memory status after this epoch: 
Memory allocated:  297.3564453125
Memory cached:  542.0
	 epoch  80 training error:  tensor(0.2046, device='cuda:0', grad_fn=<DivBackward0>)
Memory status after this epoch: 
Memory allocated:  297.3564453125
Memory cached:  542.0
	 epoch  90 training error:  tensor(0.2079, device='cuda:0', grad_fn=<DivBackward0>)
Memory status after this epoch: 
Memory allocated:  297.3564453125
Memory cached:  542.0
[I 2024-01-13 09:25:52,594] Trial 159 finished with value: 0.12138586491346359 and parameters: {'W_layers': 2, 'W_layer_units_exponent_0': 6, 'W_layer_units_exponent_1': 5, 'D_layers': 5, 'D_layer_units_exponent_0': 5, 'D_layer_units_exponent_1': 6, 'D_layer_units_exponent_2': 8, 'D_layer_units_exponent_3': 9, 'D_layer_units_exponent_4': 7, 'D_dagger_layers': 6, 'D_dagger_layer_units_exponent_0': 9, 'D_dagger_layer_units_exponent_1': 9, 'D_dagger_layer_units_exponent_2': 7, 'D_dagger_layer_units_exponent_3': 6, 'D_dagger_layer_units_exponent_4': 4, 'D_dagger_layer_units_exponent_5': 9, 'log_learning_rate': -4.952907873564915, 'log_learning_rate_D': -3.410459370012878, 'log_learning_rate_D_dagger': -2.4642851581986194, 'training_batch_size': 6, 'training_p': 8}. Best is trial 151 with value: 0.061272718012332916.
Time for this trial:  457.9724335670471
Memory status after this trial: 
Memory allocated:  584.564453125
Memory cached:  590.0
--------------------  Trial  160   --------------------
Start timing: 
Parameters: 
{'W_layers': 2, 'W_layer_units_exponent_0': 7, 'W_layer_units_exponent_1': 5, 'D_layers': 5, 'D_layer_units_exponent_0': 5, 'D_layer_units_exponent_1': 7, 'D_layer_units_exponent_2': 8, 'D_layer_units_exponent_3': 10, 'D_layer_units_exponent_4': 8, 'D_dagger_layers': 6, 'D_dagger_layer_units_exponent_0': 10, 'D_dagger_layer_units_exponent_1': 9, 'D_dagger_layer_units_exponent_2': 7, 'D_dagger_layer_units_exponent_3': 6, 'D_dagger_layer_units_exponent_4': 4, 'D_dagger_layer_units_exponent_5': 9, 'log_learning_rate': -4.739471003863683, 'log_learning_rate_D': -3.273767916532244, 'log_learning_rate_D_dagger': -2.4385959168814875, 'training_batch_size': 6, 'training_p': 7}
	 epoch  0 training error:  tensor(1.6366, device='cuda:0', grad_fn=<DivBackward0>)
Memory status after this epoch: 
Memory allocated:  306.7041015625
Memory cached:  556.0
	 epoch  10 training error:  tensor(0.5305, device='cuda:0', grad_fn=<DivBackward0>)
Memory status after this epoch: 
Memory allocated:  306.7041015625
Memory cached:  568.0
	 epoch  20 training error:  tensor(0.5245, device='cuda:0', grad_fn=<DivBackward0>)
Memory status after this epoch: 
Memory allocated:  306.7041015625
Memory cached:  570.0
	 epoch  30 training error:  tensor(0.3891, device='cuda:0', grad_fn=<DivBackward0>)
Memory status after this epoch: 
Memory allocated:  306.7041015625
Memory cached:  566.0
	 epoch  40 training error:  tensor(0.2881, device='cuda:0', grad_fn=<DivBackward0>)
Memory status after this epoch: 
Memory allocated:  306.7041015625
Memory cached:  566.0
	 epoch  50 training error:  tensor(0.2891, device='cuda:0', grad_fn=<DivBackward0>)
Memory status after this epoch: 
Memory allocated:  306.7041015625
Memory cached:  570.0
	 epoch  60 training error:  tensor(0.2063, device='cuda:0', grad_fn=<DivBackward0>)
Memory status after this epoch: 
Memory allocated:  306.7041015625
Memory cached:  566.0
	 epoch  70 training error:  tensor(0.2133, device='cuda:0', grad_fn=<DivBackward0>)
Memory status after this epoch: 
Memory allocated:  306.7041015625
Memory cached:  572.0
	 epoch  80 training error:  tensor(0.2113, device='cuda:0', grad_fn=<DivBackward0>)
Memory status after this epoch: 
Memory allocated:  306.7041015625
Memory cached:  568.0
	 epoch  90 training error:  tensor(0.2110, device='cuda:0', grad_fn=<DivBackward0>)
Memory status after this epoch: 
Memory allocated:  306.7041015625
Memory cached:  568.0
[I 2024-01-13 09:33:36,657] Trial 160 finished with value: 0.13878166675567627 and parameters: {'W_layers': 2, 'W_layer_units_exponent_0': 7, 'W_layer_units_exponent_1': 5, 'D_layers': 5, 'D_layer_units_exponent_0': 5, 'D_layer_units_exponent_1': 7, 'D_layer_units_exponent_2': 8, 'D_layer_units_exponent_3': 10, 'D_layer_units_exponent_4': 8, 'D_dagger_layers': 6, 'D_dagger_layer_units_exponent_0': 10, 'D_dagger_layer_units_exponent_1': 9, 'D_dagger_layer_units_exponent_2': 7, 'D_dagger_layer_units_exponent_3': 6, 'D_dagger_layer_units_exponent_4': 4, 'D_dagger_layer_units_exponent_5': 9, 'log_learning_rate': -4.739471003863683, 'log_learning_rate_D': -3.273767916532244, 'log_learning_rate_D_dagger': -2.4385959168814875, 'training_batch_size': 6, 'training_p': 7}. Best is trial 151 with value: 0.061272718012332916.
Time for this trial:  463.58942127227783
Memory status after this trial: 
Memory allocated:  723.271484375
Memory cached:  746.0
--------------------  Trial  161   --------------------
Start timing: 
Parameters: 
{'W_layers': 2, 'W_layer_units_exponent_0': 6, 'W_layer_units_exponent_1': 5, 'D_layers': 5, 'D_layer_units_exponent_0': 5, 'D_layer_units_exponent_1': 6, 'D_layer_units_exponent_2': 8, 'D_layer_units_exponent_3': 9, 'D_layer_units_exponent_4': 7, 'D_dagger_layers': 6, 'D_dagger_layer_units_exponent_0': 9, 'D_dagger_layer_units_exponent_1': 9, 'D_dagger_layer_units_exponent_2': 7, 'D_dagger_layer_units_exponent_3': 6, 'D_dagger_layer_units_exponent_4': 4, 'D_dagger_layer_units_exponent_5': 10, 'log_learning_rate': -4.850894339276026, 'log_learning_rate_D': -3.3630914336045374, 'log_learning_rate_D_dagger': -2.5240532956021347, 'training_batch_size': 6, 'training_p': 6}
	 epoch  0 training error:  tensor(0.9328, device='cuda:0', grad_fn=<DivBackward0>)
Memory status after this epoch: 
Memory allocated:  297.4970703125
Memory cached:  536.0
	 epoch  10 training error:  tensor(0.5272, device='cuda:0', grad_fn=<DivBackward0>)
Memory status after this epoch: 
Memory allocated:  297.4970703125
Memory cached:  538.0
	 epoch  20 training error:  tensor(0.5228, device='cuda:0', grad_fn=<DivBackward0>)
Memory status after this epoch: 
Memory allocated:  297.4970703125
Memory cached:  536.0
	 epoch  30 training error:  tensor(0.4905, device='cuda:0', grad_fn=<DivBackward0>)
Memory status after this epoch: 
Memory allocated:  297.4970703125
Memory cached:  538.0
	 epoch  40 training error:  tensor(0.4829, device='cuda:0', grad_fn=<DivBackward0>)
Memory status after this epoch: 
Memory allocated:  297.4970703125
Memory cached:  538.0
	 epoch  50 training error:  tensor(0.6000, device='cuda:0', grad_fn=<DivBackward0>)
Memory status after this epoch: 
Memory allocated:  297.4970703125
Memory cached:  540.0
	 epoch  60 training error:  tensor(0.4942, device='cuda:0', grad_fn=<DivBackward0>)
Memory status after this epoch: 
Memory allocated:  297.4970703125
Memory cached:  540.0
	 epoch  70 training error:  tensor(0.4049, device='cuda:0', grad_fn=<DivBackward0>)
Memory status after this epoch: 
Memory allocated:  297.4970703125
Memory cached:  536.0
	 epoch  80 training error:  tensor(0.2806, device='cuda:0', grad_fn=<DivBackward0>)
Memory status after this epoch: 
Memory allocated:  297.4970703125
Memory cached:  538.0
	 epoch  90 training error:  tensor(0.5134, device='cuda:0', grad_fn=<DivBackward0>)
Memory status after this epoch: 
Memory allocated:  297.4970703125
Memory cached:  538.0
