[I 2023-12-03 01:33:25,901] Trial 49 finished with value: 0.044498320668935776 and parameters: {'W_layers': 2, 'W_layer_units_exponent_0': 7, 'W_layer_units_exponent_1': 5, 'D_layers': 3, 'D_layer_units_exponent_0': 8, 'D_layer_units_exponent_1': 4, 'D_layer_units_exponent_2': 4, 'D_dagger_layers': 3, 'D_dagger_layer_units_exponent_0': 10, 'D_dagger_layer_units_exponent_1': 4, 'D_dagger_layer_units_exponent_2': 10, 'log_learning_rate': -4.611308568993768, 'log_learning_rate_D': -3.0398464668002196, 'log_learning_rate_D_dagger': -3.813306290252398, 'training_batch_size': 9, 'training_p': 5}. Best is trial 36 with value: 0.03745831176638603.
[I 2023-12-03 01:33:25,954] A new study created in memory with name: no-name-1d3bd2b7-a547-4539-9bcd-1c04aa198194
Time for this trial:  136.00772261619568
Memory status after this trial: 
Memory allocated:  264.787109375
Memory cached:  376.0
--------------------  Trial  0   --------------------
Start timing: 
Parameters: 
{'W_layers': 3, 'W_layer_units_exponent_0': 7, 'W_layer_units_exponent_1': 10, 'W_layer_units_exponent_2': 4, 'D_layers': 6, 'D_layer_units_exponent_0': 9, 'D_layer_units_exponent_1': 5, 'D_layer_units_exponent_2': 4, 'D_layer_units_exponent_3': 6, 'D_layer_units_exponent_4': 7, 'D_layer_units_exponent_5': 4, 'D_dagger_layers': 8, 'D_dagger_layer_units_exponent_0': 6, 'D_dagger_layer_units_exponent_1': 5, 'D_dagger_layer_units_exponent_2': 5, 'D_dagger_layer_units_exponent_3': 8, 'D_dagger_layer_units_exponent_4': 7, 'D_dagger_layer_units_exponent_5': 9, 'D_dagger_layer_units_exponent_6': 10, 'D_dagger_layer_units_exponent_7': 10, 'log_learning_rate': -1.7944921741659599, 'log_learning_rate_D': -3.2496690895290925, 'log_learning_rate_D_dagger': -2.458295723027454, 'training_batch_size': 7, 'training_p': 3}
	 epoch  0 training error:  tensor(1.4414, device='cuda:0', grad_fn=<DivBackward0>)
Memory status after this epoch: 
Memory allocated:  28.5947265625
Memory cached:  178.0
	 epoch  10 training error:  tensor(5.5632, device='cuda:0', grad_fn=<DivBackward0>)
Memory status after this epoch: 
Memory allocated:  28.5947265625
Memory cached:  278.0
	 epoch  20 training error:  tensor(1.3605, device='cuda:0', grad_fn=<DivBackward0>)
Memory status after this epoch: 
Memory allocated:  28.5947265625
Memory cached:  276.0
	 epoch  30 training error:  tensor(0.5257, device='cuda:0', grad_fn=<DivBackward0>)
Memory status after this epoch: 
Memory allocated:  28.5947265625
Memory cached:  278.0
	 epoch  40 training error:  tensor(0.5392, device='cuda:0', grad_fn=<DivBackward0>)
Memory status after this epoch: 
Memory allocated:  28.5947265625
Memory cached:  272.0
	 epoch  50 training error:  tensor(0.1781, device='cuda:0', grad_fn=<DivBackward0>)
Memory status after this epoch: 
Memory allocated:  28.5947265625
Memory cached:  272.0
	 epoch  60 training error:  tensor(0.1347, device='cuda:0', grad_fn=<DivBackward0>)
Memory status after this epoch: 
Memory allocated:  28.5947265625
Memory cached:  272.0
	 epoch  70 training error:  tensor(0.1107, device='cuda:0', grad_fn=<DivBackward0>)
Memory status after this epoch: 
Memory allocated:  28.5947265625
Memory cached:  276.0
	 epoch  80 training error:  tensor(0.0952, device='cuda:0', grad_fn=<DivBackward0>)
Memory status after this epoch: 
Memory allocated:  28.5947265625
Memory cached:  276.0
	 epoch  90 training error:  tensor(0.0847, device='cuda:0', grad_fn=<DivBackward0>)
Memory status after this epoch: 
Memory allocated:  28.5947265625
Memory cached:  276.0
[I 2023-12-03 01:37:04,107] Trial 0 finished with value: 0.08190666139125824 and parameters: {'W_layers': 3, 'W_layer_units_exponent_0': 7, 'W_layer_units_exponent_1': 10, 'W_layer_units_exponent_2': 4, 'D_layers': 6, 'D_layer_units_exponent_0': 9, 'D_layer_units_exponent_1': 5, 'D_layer_units_exponent_2': 4, 'D_layer_units_exponent_3': 6, 'D_layer_units_exponent_4': 7, 'D_layer_units_exponent_5': 4, 'D_dagger_layers': 8, 'D_dagger_layer_units_exponent_0': 6, 'D_dagger_layer_units_exponent_1': 5, 'D_dagger_layer_units_exponent_2': 5, 'D_dagger_layer_units_exponent_3': 8, 'D_dagger_layer_units_exponent_4': 7, 'D_dagger_layer_units_exponent_5': 9, 'D_dagger_layer_units_exponent_6': 10, 'D_dagger_layer_units_exponent_7': 10, 'log_learning_rate': -1.7944921741659599, 'log_learning_rate_D': -3.2496690895290925, 'log_learning_rate_D_dagger': -2.458295723027454, 'training_batch_size': 7, 'training_p': 3}. Best is trial 0 with value: 0.08190666139125824.
res:  tensor(0.0819, device='cuda:0', grad_fn=<DivBackward0>)
self.bestValue:  10000000.0
Save this model!
Time for this trial:  218.03648781776428
Memory status after this trial: 
Memory allocated:  274.09814453125
Memory cached:  286.0
--------------------  Trial  1   --------------------
Start timing: 
Parameters: 
{'W_layers': 7, 'W_layer_units_exponent_0': 10, 'W_layer_units_exponent_1': 9, 'W_layer_units_exponent_2': 7, 'W_layer_units_exponent_3': 4, 'W_layer_units_exponent_4': 10, 'W_layer_units_exponent_5': 10, 'W_layer_units_exponent_6': 8, 'D_layers': 8, 'D_layer_units_exponent_0': 8, 'D_layer_units_exponent_1': 6, 'D_layer_units_exponent_2': 7, 'D_layer_units_exponent_3': 7, 'D_layer_units_exponent_4': 4, 'D_layer_units_exponent_5': 6, 'D_layer_units_exponent_6': 8, 'D_layer_units_exponent_7': 7, 'D_dagger_layers': 8, 'D_dagger_layer_units_exponent_0': 7, 'D_dagger_layer_units_exponent_1': 5, 'D_dagger_layer_units_exponent_2': 7, 'D_dagger_layer_units_exponent_3': 4, 'D_dagger_layer_units_exponent_4': 8, 'D_dagger_layer_units_exponent_5': 10, 'D_dagger_layer_units_exponent_6': 8, 'D_dagger_layer_units_exponent_7': 9, 'log_learning_rate': -3.9804175331154004, 'log_learning_rate_D': -2.6791509406859744, 'log_learning_rate_D_dagger': -4.620786765049255, 'training_batch_size': 10, 'training_p': 5}
	 epoch  0 training error:  tensor(1.0316, device='cuda:0', grad_fn=<DivBackward0>)
Memory status after this epoch: 
Memory allocated:  315.21630859375
Memory cached:  346.0
	 epoch  10 training error:  tensor(0.1392, device='cuda:0', grad_fn=<DivBackward0>)
Memory status after this epoch: 
Memory allocated:  315.21630859375
Memory cached:  446.0
	 epoch  20 training error:  tensor(0.1508, device='cuda:0', grad_fn=<DivBackward0>)
Memory status after this epoch: 
Memory allocated:  315.21630859375
Memory cached:  452.0
	 epoch  30 training error:  tensor(0.1166, device='cuda:0', grad_fn=<DivBackward0>)
Memory status after this epoch: 
Memory allocated:  315.21630859375
Memory cached:  442.0
	 epoch  40 training error:  tensor(0.1113, device='cuda:0', grad_fn=<DivBackward0>)
Memory status after this epoch: 
Memory allocated:  315.21630859375
Memory cached:  446.0
	 epoch  50 training error:  tensor(0.0909, device='cuda:0', grad_fn=<DivBackward0>)
Memory status after this epoch: 
Memory allocated:  315.21630859375
Memory cached:  454.0
	 epoch  60 training error:  tensor(0.0816, device='cuda:0', grad_fn=<DivBackward0>)
Memory status after this epoch: 
Memory allocated:  315.21630859375
Memory cached:  446.0
	 epoch  70 training error:  tensor(0.0745, device='cuda:0', grad_fn=<DivBackward0>)
Memory status after this epoch: 
Memory allocated:  315.21630859375
Memory cached:  448.0
	 epoch  80 training error:  tensor(0.0686, device='cuda:0', grad_fn=<DivBackward0>)
Memory status after this epoch: 
Memory allocated:  315.21630859375
Memory cached:  436.0
	 epoch  90 training error:  tensor(0.0654, device='cuda:0', grad_fn=<DivBackward0>)
Memory status after this epoch: 
Memory allocated:  315.21630859375
Memory cached:  458.0
[I 2023-12-03 01:41:49,521] Trial 1 finished with value: 0.06021098047494888 and parameters: {'W_layers': 7, 'W_layer_units_exponent_0': 10, 'W_layer_units_exponent_1': 9, 'W_layer_units_exponent_2': 7, 'W_layer_units_exponent_3': 4, 'W_layer_units_exponent_4': 10, 'W_layer_units_exponent_5': 10, 'W_layer_units_exponent_6': 8, 'D_layers': 8, 'D_layer_units_exponent_0': 8, 'D_layer_units_exponent_1': 6, 'D_layer_units_exponent_2': 7, 'D_layer_units_exponent_3': 7, 'D_layer_units_exponent_4': 4, 'D_layer_units_exponent_5': 6, 'D_layer_units_exponent_6': 8, 'D_layer_units_exponent_7': 7, 'D_dagger_layers': 8, 'D_dagger_layer_units_exponent_0': 7, 'D_dagger_layer_units_exponent_1': 5, 'D_dagger_layer_units_exponent_2': 7, 'D_dagger_layer_units_exponent_3': 4, 'D_dagger_layer_units_exponent_4': 8, 'D_dagger_layer_units_exponent_5': 10, 'D_dagger_layer_units_exponent_6': 8, 'D_dagger_layer_units_exponent_7': 9, 'log_learning_rate': -3.9804175331154004, 'log_learning_rate_D': -2.6791509406859744, 'log_learning_rate_D_dagger': -4.620786765049255, 'training_batch_size': 10, 'training_p': 5}. Best is trial 1 with value: 0.06021098047494888.
res:  tensor(0.0602, device='cuda:0', grad_fn=<DivBackward0>)
self.bestValue:  tensor(0.0819, device='cuda:0', grad_fn=<DivBackward0>)
Save this model!
Time for this trial:  285.2864902019501
Memory status after this trial: 
Memory allocated:  408.0
Memory cached:  668.0
--------------------  Trial  2   --------------------
Start timing: 
Parameters: 
{'W_layers': 5, 'W_layer_units_exponent_0': 4, 'W_layer_units_exponent_1': 7, 'W_layer_units_exponent_2': 8, 'W_layer_units_exponent_3': 8, 'W_layer_units_exponent_4': 8, 'D_layers': 6, 'D_layer_units_exponent_0': 10, 'D_layer_units_exponent_1': 4, 'D_layer_units_exponent_2': 5, 'D_layer_units_exponent_3': 4, 'D_layer_units_exponent_4': 5, 'D_layer_units_exponent_5': 9, 'D_dagger_layers': 4, 'D_dagger_layer_units_exponent_0': 8, 'D_dagger_layer_units_exponent_1': 10, 'D_dagger_layer_units_exponent_2': 6, 'D_dagger_layer_units_exponent_3': 6, 'log_learning_rate': -3.619627423634946, 'log_learning_rate_D': -2.8129957576480185, 'log_learning_rate_D_dagger': -2.980300966548454, 'training_batch_size': 6, 'training_p': 3}
	 epoch  0 training error:  tensor(1.2208, device='cuda:0', grad_fn=<DivBackward0>)
Memory status after this epoch: 
Memory allocated:  416.302734375
Memory cached:  660.0
	 epoch  10 training error:  tensor(0.1231, device='cuda:0', grad_fn=<DivBackward0>)
Memory status after this epoch: 
Memory allocated:  416.302734375
Memory cached:  668.0
	 epoch  20 training error:  tensor(0.0740, device='cuda:0', grad_fn=<DivBackward0>)
Memory status after this epoch: 
Memory allocated:  416.302734375
Memory cached:  672.0
	 epoch  30 training error:  tensor(0.0830, device='cuda:0', grad_fn=<DivBackward0>)
Memory status after this epoch: 
Memory allocated:  416.302734375
Memory cached:  664.0
	 epoch  40 training error:  tensor(0.0738, device='cuda:0', grad_fn=<DivBackward0>)
Memory status after this epoch: 
Memory allocated:  416.302734375
Memory cached:  672.0
	 epoch  50 training error:  tensor(0.0549, device='cuda:0', grad_fn=<DivBackward0>)
Memory status after this epoch: 
Memory allocated:  416.302734375
Memory cached:  664.0
	 epoch  60 training error:  tensor(0.0718, device='cuda:0', grad_fn=<DivBackward0>)
Memory status after this epoch: 
Memory allocated:  416.302734375
Memory cached:  664.0
	 epoch  70 training error:  tensor(0.0633, device='cuda:0', grad_fn=<DivBackward0>)
Memory status after this epoch: 
Memory allocated:  416.302734375
Memory cached:  668.0
	 epoch  80 training error:  tensor(0.0489, device='cuda:0', grad_fn=<DivBackward0>)
Memory status after this epoch: 
Memory allocated:  416.302734375
Memory cached:  670.0
	 epoch  90 training error:  tensor(0.0700, device='cuda:0', grad_fn=<DivBackward0>)
Memory status after this epoch: 
Memory allocated:  416.302734375
Memory cached:  666.0
[I 2023-12-03 01:47:42,065] Trial 2 finished with value: 0.05423837527632713 and parameters: {'W_layers': 5, 'W_layer_units_exponent_0': 4, 'W_layer_units_exponent_1': 7, 'W_layer_units_exponent_2': 8, 'W_layer_units_exponent_3': 8, 'W_layer_units_exponent_4': 8, 'D_layers': 6, 'D_layer_units_exponent_0': 10, 'D_layer_units_exponent_1': 4, 'D_layer_units_exponent_2': 5, 'D_layer_units_exponent_3': 4, 'D_layer_units_exponent_4': 5, 'D_layer_units_exponent_5': 9, 'D_dagger_layers': 4, 'D_dagger_layer_units_exponent_0': 8, 'D_dagger_layer_units_exponent_1': 10, 'D_dagger_layer_units_exponent_2': 6, 'D_dagger_layer_units_exponent_3': 6, 'log_learning_rate': -3.619627423634946, 'log_learning_rate_D': -2.8129957576480185, 'log_learning_rate_D_dagger': -2.980300966548454, 'training_batch_size': 6, 'training_p': 3}. Best is trial 2 with value: 0.05423837527632713.
res:  tensor(0.0542, device='cuda:0', grad_fn=<DivBackward0>)
self.bestValue:  tensor(0.0602, device='cuda:0', grad_fn=<DivBackward0>)
Save this model!
Time for this trial:  352.3857321739197
Memory status after this trial: 
Memory allocated:  208.96728515625
Memory cached:  454.0
--------------------  Trial  3   --------------------
Start timing: 
Parameters: 
{'W_layers': 2, 'W_layer_units_exponent_0': 10, 'W_layer_units_exponent_1': 7, 'D_layers': 4, 'D_layer_units_exponent_0': 7, 'D_layer_units_exponent_1': 7, 'D_layer_units_exponent_2': 9, 'D_layer_units_exponent_3': 6, 'D_dagger_layers': 4, 'D_dagger_layer_units_exponent_0': 5, 'D_dagger_layer_units_exponent_1': 5, 'D_dagger_layer_units_exponent_2': 8, 'D_dagger_layer_units_exponent_3': 6, 'log_learning_rate': -2.8895063491812865, 'log_learning_rate_D': -4.946126074759707, 'log_learning_rate_D_dagger': -3.166322688033929, 'training_batch_size': 11, 'training_p': 3}
	 epoch  0 training error:  tensor(0.3925, device='cuda:0', grad_fn=<DivBackward0>)
Memory status after this epoch: 
Memory allocated:  213.15966796875
Memory cached:  436.0
	 epoch  10 training error:  tensor(5.5721, device='cuda:0', grad_fn=<DivBackward0>)
Memory status after this epoch: 
Memory allocated:  213.15966796875
Memory cached:  446.0
	 epoch  20 training error:  tensor(2.5402, device='cuda:0', grad_fn=<DivBackward0>)
Memory status after this epoch: 
Memory allocated:  213.15966796875
Memory cached:  442.0
	 epoch  30 training error:  tensor(3.8118, device='cuda:0', grad_fn=<DivBackward0>)
Memory status after this epoch: 
Memory allocated:  213.15966796875
Memory cached:  444.0
	 epoch  40 training error:  tensor(0.3374, device='cuda:0', grad_fn=<DivBackward0>)
Memory status after this epoch: 
Memory allocated:  213.15966796875
Memory cached:  446.0
	 epoch  50 training error:  tensor(0.1129, device='cuda:0', grad_fn=<DivBackward0>)
Memory status after this epoch: 
Memory allocated:  213.15966796875
Memory cached:  450.0
	 epoch  60 training error:  tensor(0.2304, device='cuda:0', grad_fn=<DivBackward0>)
Memory status after this epoch: 
Memory allocated:  213.15966796875
Memory cached:  446.0
	 epoch  70 training error:  tensor(0.1297, device='cuda:0', grad_fn=<DivBackward0>)
Memory status after this epoch: 
Memory allocated:  213.15966796875
Memory cached:  450.0
	 epoch  80 training error:  tensor(0.1479, device='cuda:0', grad_fn=<DivBackward0>)
Memory status after this epoch: 
Memory allocated:  213.15966796875
Memory cached:  442.0
	 epoch  90 training error:  tensor(0.1720, device='cuda:0', grad_fn=<DivBackward0>)
Memory status after this epoch: 
Memory allocated:  213.15966796875
Memory cached:  446.0
[I 2023-12-03 01:50:15,229] Trial 3 finished with value: 0.11891211569309235 and parameters: {'W_layers': 2, 'W_layer_units_exponent_0': 10, 'W_layer_units_exponent_1': 7, 'D_layers': 4, 'D_layer_units_exponent_0': 7, 'D_layer_units_exponent_1': 7, 'D_layer_units_exponent_2': 9, 'D_layer_units_exponent_3': 6, 'D_dagger_layers': 4, 'D_dagger_layer_units_exponent_0': 5, 'D_dagger_layer_units_exponent_1': 5, 'D_dagger_layer_units_exponent_2': 8, 'D_dagger_layer_units_exponent_3': 6, 'log_learning_rate': -2.8895063491812865, 'log_learning_rate_D': -4.946126074759707, 'log_learning_rate_D_dagger': -3.166322688033929, 'training_batch_size': 11, 'training_p': 3}. Best is trial 2 with value: 0.05423837527632713.
Time for this trial:  153.05906677246094
Memory status after this trial: 
Memory allocated:  335.419921875
Memory cached:  436.0
--------------------  Trial  4   --------------------
Start timing: 
Parameters: 
{'W_layers': 8, 'W_layer_units_exponent_0': 4, 'W_layer_units_exponent_1': 5, 'W_layer_units_exponent_2': 6, 'W_layer_units_exponent_3': 6, 'W_layer_units_exponent_4': 5, 'W_layer_units_exponent_5': 8, 'W_layer_units_exponent_6': 6, 'W_layer_units_exponent_7': 4, 'D_layers': 2, 'D_layer_units_exponent_0': 7, 'D_layer_units_exponent_1': 5, 'D_dagger_layers': 8, 'D_dagger_layer_units_exponent_0': 6, 'D_dagger_layer_units_exponent_1': 8, 'D_dagger_layer_units_exponent_2': 9, 'D_dagger_layer_units_exponent_3': 6, 'D_dagger_layer_units_exponent_4': 9, 'D_dagger_layer_units_exponent_5': 9, 'D_dagger_layer_units_exponent_6': 7, 'D_dagger_layer_units_exponent_7': 7, 'log_learning_rate': -3.801585399343868, 'log_learning_rate_D': -1.8630738309933128, 'log_learning_rate_D_dagger': -4.520783833308572, 'training_batch_size': 10, 'training_p': 7}
	 epoch  0 training error:  tensor(0.9687, device='cuda:0', grad_fn=<DivBackward0>)
Memory status after this epoch: 
Memory allocated:  218.10888671875
Memory cached:  434.0
	 epoch  10 training error:  tensor(0.5190, device='cuda:0', grad_fn=<DivBackward0>)
Memory status after this epoch: 
Memory allocated:  218.10888671875
Memory cached:  462.0
	 epoch  20 training error:  tensor(0.2886, device='cuda:0', grad_fn=<DivBackward0>)
Memory status after this epoch: 
Memory allocated:  218.10888671875
Memory cached:  468.0
	 epoch  30 training error:  tensor(0.2259, device='cuda:0', grad_fn=<DivBackward0>)
Memory status after this epoch: 
Memory allocated:  218.10888671875
Memory cached:  470.0
	 epoch  40 training error:  tensor(0.1656, device='cuda:0', grad_fn=<DivBackward0>)
Memory status after this epoch: 
Memory allocated:  218.10888671875
Memory cached:  464.0
	 epoch  50 training error:  tensor(0.1343, device='cuda:0', grad_fn=<DivBackward0>)
Memory status after this epoch: 
Memory allocated:  218.10888671875
Memory cached:  476.0
	 epoch  60 training error:  tensor(0.1058, device='cuda:0', grad_fn=<DivBackward0>)
Memory status after this epoch: 
Memory allocated:  218.10888671875
Memory cached:  468.0
	 epoch  70 training error:  tensor(0.0827, device='cuda:0', grad_fn=<DivBackward0>)
Memory status after this epoch: 
Memory allocated:  218.10888671875
Memory cached:  466.0
	 epoch  80 training error:  tensor(0.0794, device='cuda:0', grad_fn=<DivBackward0>)
Memory status after this epoch: 
Memory allocated:  218.10888671875
Memory cached:  470.0
	 epoch  90 training error:  tensor(0.0726, device='cuda:0', grad_fn=<DivBackward0>)
Memory status after this epoch: 
Memory allocated:  218.10888671875
Memory cached:  472.0
