[I 2023-12-03 04:00:44,601] Trial 40 finished with value: 0.1276257038116455 and parameters: {'W_layers': 7, 'W_layer_units_exponent_0': 7, 'W_layer_units_exponent_1': 5, 'W_layer_units_exponent_2': 9, 'W_layer_units_exponent_3': 5, 'W_layer_units_exponent_4': 5, 'W_layer_units_exponent_5': 7, 'W_layer_units_exponent_6': 4, 'D_layers': 5, 'D_layer_units_exponent_0': 5, 'D_layer_units_exponent_1': 5, 'D_layer_units_exponent_2': 7, 'D_layer_units_exponent_3': 9, 'D_layer_units_exponent_4': 9, 'D_dagger_layers': 2, 'D_dagger_layer_units_exponent_0': 7, 'D_dagger_layer_units_exponent_1': 6, 'log_learning_rate': -2.2971180587870696, 'log_learning_rate_D': -1.8615724424754942, 'log_learning_rate_D_dagger': -3.3681407627767834, 'training_batch_size': 10, 'training_p': 8}. Best is trial 31 with value: 0.03769756108522415.
Time for this trial:  180.13407945632935
Memory status after this trial: 
Memory allocated:  184.56884765625
Memory cached:  326.0
--------------------  Trial  41   --------------------
Start timing: 
Parameters: 
{'W_layers': 5, 'W_layer_units_exponent_0': 8, 'W_layer_units_exponent_1': 5, 'W_layer_units_exponent_2': 6, 'W_layer_units_exponent_3': 6, 'W_layer_units_exponent_4': 8, 'D_layers': 2, 'D_layer_units_exponent_0': 7, 'D_layer_units_exponent_1': 6, 'D_dagger_layers': 3, 'D_dagger_layer_units_exponent_0': 8, 'D_dagger_layer_units_exponent_1': 10, 'D_dagger_layer_units_exponent_2': 6, 'log_learning_rate': -2.051439974008606, 'log_learning_rate_D': -2.5433036799535613, 'log_learning_rate_D_dagger': -3.735783473554798, 'training_batch_size': 9, 'training_p': 4}
	 epoch  0 training error:  tensor(1.5777, device='cuda:0', grad_fn=<DivBackward0>)
Memory status after this epoch: 
Memory allocated:  69.75390625
Memory cached:  326.0
	 epoch  10 training error:  tensor(1.2064, device='cuda:0', grad_fn=<DivBackward0>)
Memory status after this epoch: 
Memory allocated:  69.75390625
Memory cached:  328.0
	 epoch  20 training error:  tensor(0.2522, device='cuda:0', grad_fn=<DivBackward0>)
Memory status after this epoch: 
Memory allocated:  69.75390625
Memory cached:  328.0
	 epoch  30 training error:  tensor(0.1011, device='cuda:0', grad_fn=<DivBackward0>)
Memory status after this epoch: 
Memory allocated:  69.75390625
Memory cached:  328.0
	 epoch  40 training error:  tensor(0.0611, device='cuda:0', grad_fn=<DivBackward0>)
Memory status after this epoch: 
Memory allocated:  69.75390625
Memory cached:  328.0
	 epoch  50 training error:  tensor(0.0551, device='cuda:0', grad_fn=<DivBackward0>)
Memory status after this epoch: 
Memory allocated:  69.75390625
Memory cached:  330.0
	 epoch  60 training error:  tensor(0.0777, device='cuda:0', grad_fn=<DivBackward0>)
Memory status after this epoch: 
Memory allocated:  69.75390625
Memory cached:  330.0
	 epoch  70 training error:  tensor(0.0683, device='cuda:0', grad_fn=<DivBackward0>)
Memory status after this epoch: 
Memory allocated:  69.75390625
Memory cached:  330.0
	 epoch  80 training error:  tensor(0.0436, device='cuda:0', grad_fn=<DivBackward0>)
Memory status after this epoch: 
Memory allocated:  69.75390625
Memory cached:  328.0
	 epoch  90 training error:  tensor(0.0403, device='cuda:0', grad_fn=<DivBackward0>)
Memory status after this epoch: 
Memory allocated:  69.75390625
Memory cached:  328.0
[I 2023-12-03 04:03:15,665] Trial 41 finished with value: 0.05138157680630684 and parameters: {'W_layers': 5, 'W_layer_units_exponent_0': 8, 'W_layer_units_exponent_1': 5, 'W_layer_units_exponent_2': 6, 'W_layer_units_exponent_3': 6, 'W_layer_units_exponent_4': 8, 'D_layers': 2, 'D_layer_units_exponent_0': 7, 'D_layer_units_exponent_1': 6, 'D_dagger_layers': 3, 'D_dagger_layer_units_exponent_0': 8, 'D_dagger_layer_units_exponent_1': 10, 'D_dagger_layer_units_exponent_2': 6, 'log_learning_rate': -2.051439974008606, 'log_learning_rate_D': -2.5433036799535613, 'log_learning_rate_D_dagger': -3.735783473554798, 'training_batch_size': 9, 'training_p': 4}. Best is trial 31 with value: 0.03769756108522415.
Time for this trial:  150.7978549003601
Memory status after this trial: 
Memory allocated:  182.10888671875
Memory cached:  326.0
--------------------  Trial  42   --------------------
Start timing: 
Parameters: 
{'W_layers': 5, 'W_layer_units_exponent_0': 9, 'W_layer_units_exponent_1': 5, 'W_layer_units_exponent_2': 7, 'W_layer_units_exponent_3': 4, 'W_layer_units_exponent_4': 7, 'D_layers': 2, 'D_layer_units_exponent_0': 6, 'D_layer_units_exponent_1': 5, 'D_dagger_layers': 3, 'D_dagger_layer_units_exponent_0': 4, 'D_dagger_layer_units_exponent_1': 10, 'D_dagger_layer_units_exponent_2': 8, 'log_learning_rate': -2.849948820980941, 'log_learning_rate_D': -2.9951358706099533, 'log_learning_rate_D_dagger': -3.6127064922799548, 'training_batch_size': 9, 'training_p': 3}
	 epoch  0 training error:  tensor(1.1371, device='cuda:0', grad_fn=<DivBackward0>)
Memory status after this epoch: 
Memory allocated:  68.810546875
Memory cached:  326.0
	 epoch  10 training error:  tensor(0.3055, device='cuda:0', grad_fn=<DivBackward0>)
Memory status after this epoch: 
Memory allocated:  68.810546875
Memory cached:  326.0
	 epoch  20 training error:  tensor(0.1470, device='cuda:0', grad_fn=<DivBackward0>)
Memory status after this epoch: 
Memory allocated:  68.810546875
Memory cached:  328.0
	 epoch  30 training error:  tensor(0.0625, device='cuda:0', grad_fn=<DivBackward0>)
Memory status after this epoch: 
Memory allocated:  68.810546875
Memory cached:  334.0
	 epoch  40 training error:  tensor(0.0484, device='cuda:0', grad_fn=<DivBackward0>)
Memory status after this epoch: 
Memory allocated:  68.810546875
Memory cached:  328.0
	 epoch  50 training error:  tensor(0.0484, device='cuda:0', grad_fn=<DivBackward0>)
Memory status after this epoch: 
Memory allocated:  68.810546875
Memory cached:  328.0
	 epoch  60 training error:  tensor(0.0454, device='cuda:0', grad_fn=<DivBackward0>)
Memory status after this epoch: 
Memory allocated:  68.810546875
Memory cached:  328.0
	 epoch  70 training error:  tensor(0.0556, device='cuda:0', grad_fn=<DivBackward0>)
Memory status after this epoch: 
Memory allocated:  68.810546875
Memory cached:  328.0
	 epoch  80 training error:  tensor(0.0502, device='cuda:0', grad_fn=<DivBackward0>)
Memory status after this epoch: 
Memory allocated:  68.810546875
Memory cached:  326.0
	 epoch  90 training error:  tensor(0.0524, device='cuda:0', grad_fn=<DivBackward0>)
Memory status after this epoch: 
Memory allocated:  68.810546875
Memory cached:  328.0
[I 2023-12-03 04:05:46,363] Trial 42 finished with value: 0.0503867082297802 and parameters: {'W_layers': 5, 'W_layer_units_exponent_0': 9, 'W_layer_units_exponent_1': 5, 'W_layer_units_exponent_2': 7, 'W_layer_units_exponent_3': 4, 'W_layer_units_exponent_4': 7, 'D_layers': 2, 'D_layer_units_exponent_0': 6, 'D_layer_units_exponent_1': 5, 'D_dagger_layers': 3, 'D_dagger_layer_units_exponent_0': 4, 'D_dagger_layer_units_exponent_1': 10, 'D_dagger_layer_units_exponent_2': 8, 'log_learning_rate': -2.849948820980941, 'log_learning_rate_D': -2.9951358706099533, 'log_learning_rate_D_dagger': -3.6127064922799548, 'training_batch_size': 9, 'training_p': 3}. Best is trial 31 with value: 0.03769756108522415.
Time for this trial:  150.47864627838135
Memory status after this trial: 
Memory allocated:  181.78369140625
Memory cached:  324.0
--------------------  Trial  43   --------------------
Start timing: 
Parameters: 
{'W_layers': 6, 'W_layer_units_exponent_0': 7, 'W_layer_units_exponent_1': 4, 'W_layer_units_exponent_2': 8, 'W_layer_units_exponent_3': 6, 'W_layer_units_exponent_4': 9, 'W_layer_units_exponent_5': 5, 'D_layers': 2, 'D_layer_units_exponent_0': 8, 'D_layer_units_exponent_1': 7, 'D_dagger_layers': 4, 'D_dagger_layer_units_exponent_0': 7, 'D_dagger_layer_units_exponent_1': 10, 'D_dagger_layer_units_exponent_2': 5, 'D_dagger_layer_units_exponent_3': 6, 'log_learning_rate': -1.8362941375409447, 'log_learning_rate_D': -2.7163704272956206, 'log_learning_rate_D_dagger': -3.9904201922754052, 'training_batch_size': 8, 'training_p': 5}
	 epoch  0 training error:  tensor(0.7379, device='cuda:0', grad_fn=<DivBackward0>)
Memory status after this epoch: 
Memory allocated:  68.287109375
Memory cached:  326.0
	 epoch  10 training error:  tensor(1.0870, device='cuda:0', grad_fn=<DivBackward0>)
Memory status after this epoch: 
Memory allocated:  68.287109375
Memory cached:  334.0
	 epoch  20 training error:  tensor(2.1241, device='cuda:0', grad_fn=<DivBackward0>)
Memory status after this epoch: 
Memory allocated:  68.287109375
Memory cached:  342.0
	 epoch  30 training error:  tensor(0.3286, device='cuda:0', grad_fn=<DivBackward0>)
Memory status after this epoch: 
Memory allocated:  68.287109375
Memory cached:  336.0
	 epoch  40 training error:  tensor(0.5331, device='cuda:0', grad_fn=<DivBackward0>)
Memory status after this epoch: 
Memory allocated:  68.287109375
Memory cached:  334.0
	 epoch  50 training error:  tensor(0.2753, device='cuda:0', grad_fn=<DivBackward0>)
Memory status after this epoch: 
Memory allocated:  68.287109375
Memory cached:  332.0
	 epoch  60 training error:  tensor(0.1254, device='cuda:0', grad_fn=<DivBackward0>)
Memory status after this epoch: 
Memory allocated:  68.287109375
Memory cached:  336.0
	 epoch  70 training error:  tensor(0.0838, device='cuda:0', grad_fn=<DivBackward0>)
Memory status after this epoch: 
Memory allocated:  68.287109375
Memory cached:  334.0
	 epoch  80 training error:  tensor(0.0653, device='cuda:0', grad_fn=<DivBackward0>)
Memory status after this epoch: 
Memory allocated:  68.287109375
Memory cached:  332.0
	 epoch  90 training error:  tensor(0.0616, device='cuda:0', grad_fn=<DivBackward0>)
Memory status after this epoch: 
Memory allocated:  68.287109375
Memory cached:  334.0
[I 2023-12-03 04:08:36,878] Trial 43 finished with value: 0.05501518398523331 and parameters: {'W_layers': 6, 'W_layer_units_exponent_0': 7, 'W_layer_units_exponent_1': 4, 'W_layer_units_exponent_2': 8, 'W_layer_units_exponent_3': 6, 'W_layer_units_exponent_4': 9, 'W_layer_units_exponent_5': 5, 'D_layers': 2, 'D_layer_units_exponent_0': 8, 'D_layer_units_exponent_1': 7, 'D_dagger_layers': 4, 'D_dagger_layer_units_exponent_0': 7, 'D_dagger_layer_units_exponent_1': 10, 'D_dagger_layer_units_exponent_2': 5, 'D_dagger_layer_units_exponent_3': 6, 'log_learning_rate': -1.8362941375409447, 'log_learning_rate_D': -2.7163704272956206, 'log_learning_rate_D_dagger': -3.9904201922754052, 'training_batch_size': 8, 'training_p': 5}. Best is trial 31 with value: 0.03769756108522415.
Time for this trial:  170.2588610649109
Memory status after this trial: 
Memory allocated:  205.74072265625
Memory cached:  330.0
--------------------  Trial  44   --------------------
Start timing: 
Parameters: 
{'W_layers': 4, 'W_layer_units_exponent_0': 8, 'W_layer_units_exponent_1': 6, 'W_layer_units_exponent_2': 7, 'W_layer_units_exponent_3': 5, 'D_layers': 3, 'D_layer_units_exponent_0': 10, 'D_layer_units_exponent_1': 6, 'D_layer_units_exponent_2': 4, 'D_dagger_layers': 3, 'D_dagger_layer_units_exponent_0': 6, 'D_dagger_layer_units_exponent_1': 9, 'D_dagger_layer_units_exponent_2': 10, 'log_learning_rate': -2.313763026997074, 'log_learning_rate_D': -2.2861860742900633, 'log_learning_rate_D_dagger': -3.1136557496416097, 'training_batch_size': 6, 'training_p': 5}
	 epoch  0 training error:  tensor(2.6827, device='cuda:0', grad_fn=<DivBackward0>)
Memory status after this epoch: 
Memory allocated:  74.1845703125
Memory cached:  344.0
	 epoch  10 training error:  tensor(0.5725, device='cuda:0', grad_fn=<DivBackward0>)
Memory status after this epoch: 
Memory allocated:  74.1845703125
Memory cached:  344.0
	 epoch  20 training error:  tensor(0.1269, device='cuda:0', grad_fn=<DivBackward0>)
Memory status after this epoch: 
Memory allocated:  74.1845703125
Memory cached:  344.0
	 epoch  30 training error:  tensor(0.0965, device='cuda:0', grad_fn=<DivBackward0>)
Memory status after this epoch: 
Memory allocated:  74.1845703125
Memory cached:  344.0
	 epoch  40 training error:  tensor(0.0799, device='cuda:0', grad_fn=<DivBackward0>)
Memory status after this epoch: 
Memory allocated:  74.1845703125
Memory cached:  344.0
	 epoch  50 training error:  tensor(0.0677, device='cuda:0', grad_fn=<DivBackward0>)
Memory status after this epoch: 
Memory allocated:  74.1845703125
Memory cached:  344.0
	 epoch  60 training error:  tensor(0.0661, device='cuda:0', grad_fn=<DivBackward0>)
Memory status after this epoch: 
Memory allocated:  74.1845703125
Memory cached:  344.0
	 epoch  70 training error:  tensor(0.1055, device='cuda:0', grad_fn=<DivBackward0>)
Memory status after this epoch: 
Memory allocated:  74.1845703125
Memory cached:  344.0
	 epoch  80 training error:  tensor(0.0944, device='cuda:0', grad_fn=<DivBackward0>)
Memory status after this epoch: 
Memory allocated:  74.1845703125
Memory cached:  344.0
	 epoch  90 training error:  tensor(0.0588, device='cuda:0', grad_fn=<DivBackward0>)
Memory status after this epoch: 
Memory allocated:  74.1845703125
Memory cached:  344.0
[I 2023-12-03 04:13:09,791] Trial 44 finished with value: 0.08203398436307907 and parameters: {'W_layers': 4, 'W_layer_units_exponent_0': 8, 'W_layer_units_exponent_1': 6, 'W_layer_units_exponent_2': 7, 'W_layer_units_exponent_3': 5, 'D_layers': 3, 'D_layer_units_exponent_0': 10, 'D_layer_units_exponent_1': 6, 'D_layer_units_exponent_2': 4, 'D_dagger_layers': 3, 'D_dagger_layer_units_exponent_0': 6, 'D_dagger_layer_units_exponent_1': 9, 'D_dagger_layer_units_exponent_2': 10, 'log_learning_rate': -2.313763026997074, 'log_learning_rate_D': -2.2861860742900633, 'log_learning_rate_D_dagger': -3.1136557496416097, 'training_batch_size': 6, 'training_p': 5}. Best is trial 31 with value: 0.03769756108522415.
Time for this trial:  272.65220618247986
Memory status after this trial: 
Memory allocated:  230.89013671875
Memory cached:  344.0
--------------------  Trial  45   --------------------
Start timing: 
Parameters: 
{'W_layers': 5, 'W_layer_units_exponent_0': 6, 'W_layer_units_exponent_1': 5, 'W_layer_units_exponent_2': 8, 'W_layer_units_exponent_3': 7, 'W_layer_units_exponent_4': 6, 'D_layers': 6, 'D_layer_units_exponent_0': 4, 'D_layer_units_exponent_1': 6, 'D_layer_units_exponent_2': 6, 'D_layer_units_exponent_3': 8, 'D_layer_units_exponent_4': 7, 'D_layer_units_exponent_5': 10, 'D_dagger_layers': 2, 'D_dagger_layer_units_exponent_0': 9, 'D_dagger_layer_units_exponent_1': 10, 'log_learning_rate': -2.0047692957718657, 'log_learning_rate_D': -2.454506635434242, 'log_learning_rate_D_dagger': -4.34595835607258, 'training_batch_size': 9, 'training_p': 4}
	 epoch  0 training error:  tensor(0.3349, device='cuda:0', grad_fn=<DivBackward0>)
Memory status after this epoch: 
Memory allocated:  75.826171875
Memory cached:  350.0
	 epoch  10 training error:  tensor(0.4490, device='cuda:0', grad_fn=<DivBackward0>)
Memory status after this epoch: 
Memory allocated:  75.826171875
Memory cached:  362.0
	 epoch  20 training error:  tensor(0.1073, device='cuda:0', grad_fn=<DivBackward0>)
Memory status after this epoch: 
Memory allocated:  75.826171875
Memory cached:  368.0
	 epoch  30 training error:  tensor(0.1000, device='cuda:0', grad_fn=<DivBackward0>)
Memory status after this epoch: 
Memory allocated:  75.826171875
Memory cached:  362.0
	 epoch  40 training error:  tensor(0.0723, device='cuda:0', grad_fn=<DivBackward0>)
Memory status after this epoch: 
Memory allocated:  75.826171875
Memory cached:  366.0
	 epoch  50 training error:  tensor(0.0586, device='cuda:0', grad_fn=<DivBackward0>)
Memory status after this epoch: 
Memory allocated:  75.826171875
Memory cached:  364.0
	 epoch  60 training error:  tensor(0.0592, device='cuda:0', grad_fn=<DivBackward0>)
Memory status after this epoch: 
Memory allocated:  75.826171875
Memory cached:  360.0
	 epoch  70 training error:  tensor(0.0517, device='cuda:0', grad_fn=<DivBackward0>)
Memory status after this epoch: 
Memory allocated:  75.826171875
Memory cached:  360.0
	 epoch  80 training error:  tensor(0.0497, device='cuda:0', grad_fn=<DivBackward0>)
Memory status after this epoch: 
Memory allocated:  75.826171875
Memory cached:  364.0
	 epoch  90 training error:  tensor(0.0479, device='cuda:0', grad_fn=<DivBackward0>)
Memory status after this epoch: 
Memory allocated:  75.826171875
Memory cached:  372.0
[I 2023-12-03 04:16:14,051] Trial 45 finished with value: 0.05688238888978958 and parameters: {'W_layers': 5, 'W_layer_units_exponent_0': 6, 'W_layer_units_exponent_1': 5, 'W_layer_units_exponent_2': 8, 'W_layer_units_exponent_3': 7, 'W_layer_units_exponent_4': 6, 'D_layers': 6, 'D_layer_units_exponent_0': 4, 'D_layer_units_exponent_1': 6, 'D_layer_units_exponent_2': 6, 'D_layer_units_exponent_3': 8, 'D_layer_units_exponent_4': 7, 'D_layer_units_exponent_5': 10, 'D_dagger_layers': 2, 'D_dagger_layer_units_exponent_0': 9, 'D_dagger_layer_units_exponent_1': 10, 'log_learning_rate': -2.0047692957718657, 'log_learning_rate_D': -2.454506635434242, 'log_learning_rate_D_dagger': -4.34595835607258, 'training_batch_size': 9, 'training_p': 4}. Best is trial 31 with value: 0.03769756108522415.
Time for this trial:  183.9929850101471
Memory status after this trial: 
Memory allocated:  247.52734375
Memory cached:  346.0
--------------------  Trial  46   --------------------
Start timing: 
Parameters: 
{'W_layers': 5, 'W_layer_units_exponent_0': 10, 'W_layer_units_exponent_1': 4, 'W_layer_units_exponent_2': 6, 'W_layer_units_exponent_3': 5, 'W_layer_units_exponent_4': 8, 'D_layers': 2, 'D_layer_units_exponent_0': 7, 'D_layer_units_exponent_1': 4, 'D_dagger_layers': 3, 'D_dagger_layer_units_exponent_0': 5, 'D_dagger_layer_units_exponent_1': 9, 'D_dagger_layer_units_exponent_2': 7, 'log_learning_rate': -2.671885501598743, 'log_learning_rate_D': -2.212703742088501, 'log_learning_rate_D_dagger': -2.846141034122783, 'training_batch_size': 8, 'training_p': 3}
	 epoch  0 training error:  tensor(0.6642, device='cuda:0', grad_fn=<DivBackward0>)
Memory status after this epoch: 
Memory allocated:  65.8671875
Memory cached:  326.0
	 epoch  10 training error:  tensor(0.4561, device='cuda:0', grad_fn=<DivBackward0>)
Memory status after this epoch: 
Memory allocated:  65.8671875
Memory cached:  328.0
	 epoch  20 training error:  tensor(0.1733, device='cuda:0', grad_fn=<DivBackward0>)
Memory status after this epoch: 
Memory allocated:  65.8671875
Memory cached:  328.0
	 epoch  30 training error:  tensor(0.1001, device='cuda:0', grad_fn=<DivBackward0>)
Memory status after this epoch: 
Memory allocated:  65.8671875
Memory cached:  328.0
	 epoch  40 training error:  tensor(0.0612, device='cuda:0', grad_fn=<DivBackward0>)
Memory status after this epoch: 
Memory allocated:  65.8671875
Memory cached:  326.0
	 epoch  50 training error:  tensor(0.0484, device='cuda:0', grad_fn=<DivBackward0>)
Memory status after this epoch: 
Memory allocated:  65.8671875
Memory cached:  326.0
	 epoch  60 training error:  tensor(0.0523, device='cuda:0', grad_fn=<DivBackward0>)
Memory status after this epoch: 
Memory allocated:  65.8671875
Memory cached:  326.0
	 epoch  70 training error:  tensor(0.0448, device='cuda:0', grad_fn=<DivBackward0>)
Memory status after this epoch: 
Memory allocated:  65.8671875
Memory cached:  328.0
	 epoch  80 training error:  tensor(0.0512, device='cuda:0', grad_fn=<DivBackward0>)
Memory status after this epoch: 
Memory allocated:  65.8671875
Memory cached:  326.0
	 epoch  90 training error:  tensor(0.0508, device='cuda:0', grad_fn=<DivBackward0>)
Memory status after this epoch: 
Memory allocated:  65.8671875
Memory cached:  328.0
