[I 2023-12-02 22:56:07,440] Trial 46 finished with value: 0.07059653848409653 and parameters: {'W_layers': 8, 'W_layer_units_exponent_0': 7, 'W_layer_units_exponent_1': 4, 'W_layer_units_exponent_2': 7, 'W_layer_units_exponent_3': 6, 'W_layer_units_exponent_4': 4, 'W_layer_units_exponent_5': 6, 'W_layer_units_exponent_6': 5, 'W_layer_units_exponent_7': 5, 'D_layers': 3, 'D_layer_units_exponent_0': 4, 'D_layer_units_exponent_1': 10, 'D_layer_units_exponent_2': 6, 'D_dagger_layers': 4, 'D_dagger_layer_units_exponent_0': 5, 'D_dagger_layer_units_exponent_1': 9, 'D_dagger_layer_units_exponent_2': 5, 'D_dagger_layer_units_exponent_3': 7, 'log_learning_rate': -2.653742153335333, 'log_learning_rate_D': -4.530291655587464, 'log_learning_rate_D_dagger': -3.3192478591266807, 'training_batch_size': 11, 'training_p': 3}. Best is trial 12 with value: 0.06371106207370758.
Time for this trial:  16.31113910675049
Memory status after this trial: 
Memory allocated:  202.78662109375
Memory cached:  278.0
--------------------  Trial  47   --------------------
Start timing: 
Parameters: 
{'W_layers': 4, 'W_layer_units_exponent_0': 9, 'W_layer_units_exponent_1': 6, 'W_layer_units_exponent_2': 5, 'W_layer_units_exponent_3': 4, 'D_layers': 2, 'D_layer_units_exponent_0': 5, 'D_layer_units_exponent_1': 10, 'D_dagger_layers': 7, 'D_dagger_layer_units_exponent_0': 6, 'D_dagger_layer_units_exponent_1': 10, 'D_dagger_layer_units_exponent_2': 4, 'D_dagger_layer_units_exponent_3': 6, 'D_dagger_layer_units_exponent_4': 4, 'D_dagger_layer_units_exponent_5': 7, 'D_dagger_layer_units_exponent_6': 4, 'log_learning_rate': -2.897532081489211, 'log_learning_rate_D': -4.342412706010597, 'log_learning_rate_D_dagger': -2.0887709915708323, 'training_batch_size': 12, 'training_p': 7}
	 epoch  0 training error:  tensor(1.2640, device='cuda:0', grad_fn=<DivBackward0>)
Memory status after this epoch: 
Memory allocated:  140.99755859375
Memory cached:  252.0
	 epoch  10 training error:  tensor(0.3401, device='cuda:0', grad_fn=<DivBackward0>)
Memory status after this epoch: 
Memory allocated:  140.99755859375
Memory cached:  254.0
	 epoch  20 training error:  tensor(0.1637, device='cuda:0', grad_fn=<DivBackward0>)
Memory status after this epoch: 
Memory allocated:  140.99755859375
Memory cached:  254.0
	 epoch  30 training error:  tensor(0.1108, device='cuda:0', grad_fn=<DivBackward0>)
Memory status after this epoch: 
Memory allocated:  140.99755859375
Memory cached:  254.0
	 epoch  40 training error:  tensor(0.1093, device='cuda:0', grad_fn=<DivBackward0>)
Memory status after this epoch: 
Memory allocated:  140.99755859375
Memory cached:  254.0
	 epoch  50 training error:  tensor(0.0942, device='cuda:0', grad_fn=<DivBackward0>)
Memory status after this epoch: 
Memory allocated:  140.99755859375
Memory cached:  254.0
	 epoch  60 training error:  tensor(0.0908, device='cuda:0', grad_fn=<DivBackward0>)
Memory status after this epoch: 
Memory allocated:  140.99755859375
Memory cached:  254.0
	 epoch  70 training error:  tensor(0.1198, device='cuda:0', grad_fn=<DivBackward0>)
Memory status after this epoch: 
Memory allocated:  140.99755859375
Memory cached:  254.0
	 epoch  80 training error:  tensor(0.1061, device='cuda:0', grad_fn=<DivBackward0>)
Memory status after this epoch: 
Memory allocated:  140.99755859375
Memory cached:  254.0
	 epoch  90 training error:  tensor(0.0949, device='cuda:0', grad_fn=<DivBackward0>)
Memory status after this epoch: 
Memory allocated:  140.99755859375
Memory cached:  254.0
[I 2023-12-02 22:56:24,571] Trial 47 finished with value: 0.092429518699646 and parameters: {'W_layers': 4, 'W_layer_units_exponent_0': 9, 'W_layer_units_exponent_1': 6, 'W_layer_units_exponent_2': 5, 'W_layer_units_exponent_3': 4, 'D_layers': 2, 'D_layer_units_exponent_0': 5, 'D_layer_units_exponent_1': 10, 'D_dagger_layers': 7, 'D_dagger_layer_units_exponent_0': 6, 'D_dagger_layer_units_exponent_1': 10, 'D_dagger_layer_units_exponent_2': 4, 'D_dagger_layer_units_exponent_3': 6, 'D_dagger_layer_units_exponent_4': 4, 'D_dagger_layer_units_exponent_5': 7, 'D_dagger_layer_units_exponent_6': 4, 'log_learning_rate': -2.897532081489211, 'log_learning_rate_D': -4.342412706010597, 'log_learning_rate_D_dagger': -2.0887709915708323, 'training_batch_size': 12, 'training_p': 7}. Best is trial 12 with value: 0.06371106207370758.
Time for this trial:  16.92066240310669
Memory status after this trial: 
Memory allocated:  245.78369140625
Memory cached:  266.0
--------------------  Trial  48   --------------------
Start timing: 
Parameters: 
{'W_layers': 2, 'W_layer_units_exponent_0': 8, 'W_layer_units_exponent_1': 5, 'D_layers': 3, 'D_layer_units_exponent_0': 4, 'D_layer_units_exponent_1': 9, 'D_layer_units_exponent_2': 7, 'D_dagger_layers': 5, 'D_dagger_layer_units_exponent_0': 4, 'D_dagger_layer_units_exponent_1': 6, 'D_dagger_layer_units_exponent_2': 6, 'D_dagger_layer_units_exponent_3': 5, 'D_dagger_layer_units_exponent_4': 7, 'log_learning_rate': -3.1852426869747004, 'log_learning_rate_D': -4.631398663772918, 'log_learning_rate_D_dagger': -2.886964188096685, 'training_batch_size': 12, 'training_p': 4}
	 epoch  0 training error:  tensor(0.9964, device='cuda:0', grad_fn=<DivBackward0>)
Memory status after this epoch: 
Memory allocated:  139.53369140625
Memory cached:  254.0
	 epoch  10 training error:  tensor(0.4399, device='cuda:0', grad_fn=<DivBackward0>)
Memory status after this epoch: 
Memory allocated:  139.53369140625
Memory cached:  258.0
	 epoch  20 training error:  tensor(0.2604, device='cuda:0', grad_fn=<DivBackward0>)
Memory status after this epoch: 
Memory allocated:  139.53369140625
Memory cached:  258.0
	 epoch  30 training error:  tensor(0.1426, device='cuda:0', grad_fn=<DivBackward0>)
Memory status after this epoch: 
Memory allocated:  139.53369140625
Memory cached:  258.0
	 epoch  40 training error:  tensor(0.0947, device='cuda:0', grad_fn=<DivBackward0>)
Memory status after this epoch: 
Memory allocated:  139.53369140625
Memory cached:  258.0
	 epoch  50 training error:  tensor(0.0900, device='cuda:0', grad_fn=<DivBackward0>)
Memory status after this epoch: 
Memory allocated:  139.53369140625
Memory cached:  258.0
	 epoch  60 training error:  tensor(0.0860, device='cuda:0', grad_fn=<DivBackward0>)
Memory status after this epoch: 
Memory allocated:  139.53369140625
Memory cached:  258.0
	 epoch  70 training error:  tensor(0.0864, device='cuda:0', grad_fn=<DivBackward0>)
Memory status after this epoch: 
Memory allocated:  139.53369140625
Memory cached:  258.0
	 epoch  80 training error:  tensor(0.0892, device='cuda:0', grad_fn=<DivBackward0>)
Memory status after this epoch: 
Memory allocated:  139.53369140625
Memory cached:  258.0
	 epoch  90 training error:  tensor(0.0852, device='cuda:0', grad_fn=<DivBackward0>)
Memory status after this epoch: 
Memory allocated:  139.53369140625
Memory cached:  258.0
[I 2023-12-02 22:56:38,918] Trial 48 finished with value: 0.08132269978523254 and parameters: {'W_layers': 2, 'W_layer_units_exponent_0': 8, 'W_layer_units_exponent_1': 5, 'D_layers': 3, 'D_layer_units_exponent_0': 4, 'D_layer_units_exponent_1': 9, 'D_layer_units_exponent_2': 7, 'D_dagger_layers': 5, 'D_dagger_layer_units_exponent_0': 4, 'D_dagger_layer_units_exponent_1': 6, 'D_dagger_layer_units_exponent_2': 6, 'D_dagger_layer_units_exponent_3': 5, 'D_dagger_layer_units_exponent_4': 7, 'log_learning_rate': -3.1852426869747004, 'log_learning_rate_D': -4.631398663772918, 'log_learning_rate_D_dagger': -2.886964188096685, 'training_batch_size': 12, 'training_p': 4}. Best is trial 12 with value: 0.06371106207370758.
Time for this trial:  14.164478063583374
Memory status after this trial: 
Memory allocated:  171.36767578125
Memory cached:  260.0
--------------------  Trial  49   --------------------
Start timing: 
Parameters: 
{'W_layers': 3, 'W_layer_units_exponent_0': 7, 'W_layer_units_exponent_1': 4, 'W_layer_units_exponent_2': 8, 'D_layers': 2, 'D_layer_units_exponent_0': 4, 'D_layer_units_exponent_1': 4, 'D_dagger_layers': 4, 'D_dagger_layer_units_exponent_0': 5, 'D_dagger_layer_units_exponent_1': 8, 'D_dagger_layer_units_exponent_2': 4, 'D_dagger_layer_units_exponent_3': 4, 'log_learning_rate': -2.9087910321527235, 'log_learning_rate_D': -4.82998565901336, 'log_learning_rate_D_dagger': -2.5903125759653656, 'training_batch_size': 11, 'training_p': 2}
	 epoch  0 training error:  tensor(1.9783, device='cuda:0', grad_fn=<DivBackward0>)
Memory status after this epoch: 
Memory allocated:  139.24169921875
Memory cached:  254.0
	 epoch  10 training error:  tensor(0.1519, device='cuda:0', grad_fn=<DivBackward0>)
Memory status after this epoch: 
Memory allocated:  139.24169921875
Memory cached:  254.0
	 epoch  20 training error:  tensor(0.1126, device='cuda:0', grad_fn=<DivBackward0>)
Memory status after this epoch: 
Memory allocated:  139.24169921875
Memory cached:  254.0
	 epoch  30 training error:  tensor(0.1207, device='cuda:0', grad_fn=<DivBackward0>)
Memory status after this epoch: 
Memory allocated:  139.24169921875
Memory cached:  254.0
	 epoch  40 training error:  tensor(0.0780, device='cuda:0', grad_fn=<DivBackward0>)
Memory status after this epoch: 
Memory allocated:  139.24169921875
Memory cached:  254.0
	 epoch  50 training error:  tensor(0.0736, device='cuda:0', grad_fn=<DivBackward0>)
Memory status after this epoch: 
Memory allocated:  139.24169921875
Memory cached:  254.0
	 epoch  60 training error:  tensor(0.0658, device='cuda:0', grad_fn=<DivBackward0>)
Memory status after this epoch: 
Memory allocated:  139.24169921875
Memory cached:  254.0
	 epoch  70 training error:  tensor(0.0641, device='cuda:0', grad_fn=<DivBackward0>)
Memory status after this epoch: 
Memory allocated:  139.24169921875
Memory cached:  254.0
	 epoch  80 training error:  tensor(0.0638, device='cuda:0', grad_fn=<DivBackward0>)
Memory status after this epoch: 
Memory allocated:  139.24169921875
Memory cached:  254.0
	 epoch  90 training error:  tensor(0.0627, device='cuda:0', grad_fn=<DivBackward0>)
Memory status after this epoch: 
Memory allocated:  139.24169921875
Memory cached:  254.0
[I 2023-12-02 22:56:53,628] Trial 49 finished with value: 0.07093650102615356 and parameters: {'W_layers': 3, 'W_layer_units_exponent_0': 7, 'W_layer_units_exponent_1': 4, 'W_layer_units_exponent_2': 8, 'D_layers': 2, 'D_layer_units_exponent_0': 4, 'D_layer_units_exponent_1': 4, 'D_dagger_layers': 4, 'D_dagger_layer_units_exponent_0': 5, 'D_dagger_layer_units_exponent_1': 8, 'D_dagger_layer_units_exponent_2': 4, 'D_dagger_layer_units_exponent_3': 4, 'log_learning_rate': -2.9087910321527235, 'log_learning_rate_D': -4.82998565901336, 'log_learning_rate_D_dagger': -2.5903125759653656, 'training_batch_size': 11, 'training_p': 2}. Best is trial 12 with value: 0.06371106207370758.
[I 2023-12-02 22:56:53,629] A new study created in memory with name: no-name-2b3cffd9-2c9c-467c-b5e6-7166987c3230
Time for this trial:  14.522521257400513
Memory status after this trial: 
Memory allocated:  177.81298828125
Memory cached:  254.0
--------------------  Trial  0   --------------------
Start timing: 
Parameters: 
{'W_layers': 6, 'W_layer_units_exponent_0': 8, 'W_layer_units_exponent_1': 5, 'W_layer_units_exponent_2': 5, 'W_layer_units_exponent_3': 5, 'W_layer_units_exponent_4': 10, 'W_layer_units_exponent_5': 6, 'D_layers': 4, 'D_layer_units_exponent_0': 6, 'D_layer_units_exponent_1': 9, 'D_layer_units_exponent_2': 4, 'D_layer_units_exponent_3': 8, 'D_dagger_layers': 5, 'D_dagger_layer_units_exponent_0': 8, 'D_dagger_layer_units_exponent_1': 8, 'D_dagger_layer_units_exponent_2': 9, 'D_dagger_layer_units_exponent_3': 6, 'D_dagger_layer_units_exponent_4': 5, 'log_learning_rate': -2.344797830214564, 'log_learning_rate_D': -1.6025124489289824, 'log_learning_rate_D_dagger': -1.2891076432000963, 'training_batch_size': 11, 'training_p': 7}
	 epoch  0 training error:  tensor(1.0610, device='cuda:0', grad_fn=<DivBackward0>)
Memory status after this epoch: 
Memory allocated:  6.072265625
Memory cached:  90.0
	 epoch  10 training error:  tensor(348.8840, device='cuda:0', grad_fn=<DivBackward0>)
Memory status after this epoch: 
Memory allocated:  6.072265625
Memory cached:  172.0
	 epoch  20 training error:  tensor(58.8391, device='cuda:0', grad_fn=<DivBackward0>)
Memory status after this epoch: 
Memory allocated:  6.072265625
Memory cached:  174.0
	 epoch  30 training error:  tensor(92.8008, device='cuda:0', grad_fn=<DivBackward0>)
Memory status after this epoch: 
Memory allocated:  6.072265625
Memory cached:  176.0
	 epoch  40 training error:  tensor(13.0018, device='cuda:0', grad_fn=<DivBackward0>)
Memory status after this epoch: 
Memory allocated:  6.072265625
Memory cached:  174.0
	 epoch  50 training error:  tensor(14.1958, device='cuda:0', grad_fn=<DivBackward0>)
Memory status after this epoch: 
Memory allocated:  6.072265625
Memory cached:  168.0
	 epoch  60 training error:  tensor(82.7855, device='cuda:0', grad_fn=<DivBackward0>)
Memory status after this epoch: 
Memory allocated:  6.072265625
Memory cached:  174.0
	 epoch  70 training error:  tensor(10.5023, device='cuda:0', grad_fn=<DivBackward0>)
Memory status after this epoch: 
Memory allocated:  6.072265625
Memory cached:  172.0
	 epoch  80 training error:  tensor(18.1806, device='cuda:0', grad_fn=<DivBackward0>)
Memory status after this epoch: 
Memory allocated:  6.072265625
Memory cached:  174.0
	 epoch  90 training error:  tensor(10.2694, device='cuda:0', grad_fn=<DivBackward0>)
Memory status after this epoch: 
Memory allocated:  6.072265625
Memory cached:  174.0
[I 2023-12-02 23:00:00,968] Trial 0 finished with value: 0.8955637216567993 and parameters: {'W_layers': 6, 'W_layer_units_exponent_0': 8, 'W_layer_units_exponent_1': 5, 'W_layer_units_exponent_2': 5, 'W_layer_units_exponent_3': 5, 'W_layer_units_exponent_4': 10, 'W_layer_units_exponent_5': 6, 'D_layers': 4, 'D_layer_units_exponent_0': 6, 'D_layer_units_exponent_1': 9, 'D_layer_units_exponent_2': 4, 'D_layer_units_exponent_3': 8, 'D_dagger_layers': 5, 'D_dagger_layer_units_exponent_0': 8, 'D_dagger_layer_units_exponent_1': 8, 'D_dagger_layer_units_exponent_2': 9, 'D_dagger_layer_units_exponent_3': 6, 'D_dagger_layer_units_exponent_4': 5, 'log_learning_rate': -2.344797830214564, 'log_learning_rate_D': -1.6025124489289824, 'log_learning_rate_D_dagger': -1.2891076432000963, 'training_batch_size': 11, 'training_p': 7}. Best is trial 0 with value: 0.8955637216567993.
res:  tensor(0.8956, device='cuda:0', grad_fn=<DivBackward0>)
self.bestValue:  10000000.0
Save this model!
Time for this trial:  187.2041096687317
Memory status after this trial: 
Memory allocated:  182.4423828125
Memory cached:  186.0
--------------------  Trial  1   --------------------
Start timing: 
Parameters: 
{'W_layers': 3, 'W_layer_units_exponent_0': 6, 'W_layer_units_exponent_1': 6, 'W_layer_units_exponent_2': 4, 'D_layers': 3, 'D_layer_units_exponent_0': 8, 'D_layer_units_exponent_1': 10, 'D_layer_units_exponent_2': 5, 'D_dagger_layers': 5, 'D_dagger_layer_units_exponent_0': 10, 'D_dagger_layer_units_exponent_1': 10, 'D_dagger_layer_units_exponent_2': 5, 'D_dagger_layer_units_exponent_3': 5, 'D_dagger_layer_units_exponent_4': 10, 'log_learning_rate': -4.542050695274455, 'log_learning_rate_D': -1.3784606704159446, 'log_learning_rate_D_dagger': -1.3269627827762225, 'training_batch_size': 12, 'training_p': 3}
	 epoch  0 training error:  tensor(1.9003, device='cuda:0', grad_fn=<DivBackward0>)
Memory status after this epoch: 
Memory allocated:  204.203125
Memory cached:  224.0
	 epoch  10 training error:  tensor(1642.9921, device='cuda:0', grad_fn=<DivBackward0>)
Memory status after this epoch: 
Memory allocated:  204.203125
Memory cached:  310.0
	 epoch  20 training error:  tensor(1947.4528, device='cuda:0', grad_fn=<DivBackward0>)
Memory status after this epoch: 
Memory allocated:  204.203125
Memory cached:  300.0
	 epoch  30 training error:  tensor(351.1162, device='cuda:0', grad_fn=<DivBackward0>)
Memory status after this epoch: 
Memory allocated:  204.203125
Memory cached:  312.0
	 epoch  40 training error:  tensor(37.8583, device='cuda:0', grad_fn=<DivBackward0>)
Memory status after this epoch: 
Memory allocated:  204.203125
Memory cached:  300.0
	 epoch  50 training error:  tensor(38.1996, device='cuda:0', grad_fn=<DivBackward0>)
Memory status after this epoch: 
Memory allocated:  204.203125
Memory cached:  304.0
	 epoch  60 training error:  tensor(12.3267, device='cuda:0', grad_fn=<DivBackward0>)
Memory status after this epoch: 
Memory allocated:  204.203125
Memory cached:  308.0
	 epoch  70 training error:  tensor(3.3637, device='cuda:0', grad_fn=<DivBackward0>)
Memory status after this epoch: 
Memory allocated:  204.203125
Memory cached:  302.0
	 epoch  80 training error:  tensor(7.8263, device='cuda:0', grad_fn=<DivBackward0>)
Memory status after this epoch: 
Memory allocated:  204.203125
Memory cached:  306.0
	 epoch  90 training error:  tensor(2.7364, device='cuda:0', grad_fn=<DivBackward0>)
Memory status after this epoch: 
Memory allocated:  204.203125
Memory cached:  304.0
[I 2023-12-02 23:02:54,052] Trial 1 finished with value: 0.9675220847129822 and parameters: {'W_layers': 3, 'W_layer_units_exponent_0': 6, 'W_layer_units_exponent_1': 6, 'W_layer_units_exponent_2': 4, 'D_layers': 3, 'D_layer_units_exponent_0': 8, 'D_layer_units_exponent_1': 10, 'D_layer_units_exponent_2': 5, 'D_dagger_layers': 5, 'D_dagger_layer_units_exponent_0': 10, 'D_dagger_layer_units_exponent_1': 10, 'D_dagger_layer_units_exponent_2': 5, 'D_dagger_layer_units_exponent_3': 5, 'D_dagger_layer_units_exponent_4': 10, 'log_learning_rate': -4.542050695274455, 'log_learning_rate_D': -1.3784606704159446, 'log_learning_rate_D_dagger': -1.3269627827762225, 'training_batch_size': 12, 'training_p': 3}. Best is trial 0 with value: 0.8955637216567993.
Time for this trial:  172.95718502998352
Memory status after this trial: 
Memory allocated:  430.14013671875
Memory cached:  446.0
--------------------  Trial  2   --------------------
Start timing: 
Parameters: 
{'W_layers': 2, 'W_layer_units_exponent_0': 5, 'W_layer_units_exponent_1': 10, 'D_layers': 7, 'D_layer_units_exponent_0': 8, 'D_layer_units_exponent_1': 9, 'D_layer_units_exponent_2': 6, 'D_layer_units_exponent_3': 8, 'D_layer_units_exponent_4': 6, 'D_layer_units_exponent_5': 10, 'D_layer_units_exponent_6': 8, 'D_dagger_layers': 2, 'D_dagger_layer_units_exponent_0': 4, 'D_dagger_layer_units_exponent_1': 5, 'log_learning_rate': -2.751415323089909, 'log_learning_rate_D': -2.453322334154339, 'log_learning_rate_D_dagger': -3.025064138372712, 'training_batch_size': 7, 'training_p': 2}
	 epoch  0 training error:  tensor(1.9394, device='cuda:0', grad_fn=<DivBackward0>)
Memory status after this epoch: 
Memory allocated:  191.072265625
Memory cached:  246.0
	 epoch  10 training error:  tensor(0.3575, device='cuda:0', grad_fn=<DivBackward0>)
Memory status after this epoch: 
Memory allocated:  191.072265625
Memory cached:  284.0
	 epoch  20 training error:  tensor(0.1654, device='cuda:0', grad_fn=<DivBackward0>)
Memory status after this epoch: 
Memory allocated:  191.072265625
Memory cached:  282.0
	 epoch  30 training error:  tensor(0.0935, device='cuda:0', grad_fn=<DivBackward0>)
Memory status after this epoch: 
Memory allocated:  191.072265625
Memory cached:  284.0
	 epoch  40 training error:  tensor(0.0875, device='cuda:0', grad_fn=<DivBackward0>)
Memory status after this epoch: 
Memory allocated:  191.072265625
Memory cached:  284.0
	 epoch  50 training error:  tensor(0.0848, device='cuda:0', grad_fn=<DivBackward0>)
Memory status after this epoch: 
Memory allocated:  191.072265625
Memory cached:  280.0
	 epoch  60 training error:  tensor(0.0889, device='cuda:0', grad_fn=<DivBackward0>)
Memory status after this epoch: 
Memory allocated:  191.072265625
Memory cached:  282.0
	 epoch  70 training error:  tensor(0.3507, device='cuda:0', grad_fn=<DivBackward0>)
Memory status after this epoch: 
Memory allocated:  191.072265625
Memory cached:  280.0
	 epoch  80 training error:  tensor(0.2835, device='cuda:0', grad_fn=<DivBackward0>)
Memory status after this epoch: 
Memory allocated:  191.072265625
Memory cached:  280.0
	 epoch  90 training error:  tensor(0.2052, device='cuda:0', grad_fn=<DivBackward0>)
Memory status after this epoch: 
Memory allocated:  191.072265625
Memory cached:  282.0
