[I 2023-12-03 09:22:04,037] Trial 22 finished with value: 0.030012091621756554 and parameters: {'W_layers': 3, 'W_layer_units_exponent_0': 5, 'W_layer_units_exponent_1': 9, 'W_layer_units_exponent_2': 9, 'D_layers': 7, 'D_layer_units_exponent_0': 5, 'D_layer_units_exponent_1': 10, 'D_layer_units_exponent_2': 9, 'D_layer_units_exponent_3': 4, 'D_layer_units_exponent_4': 6, 'D_layer_units_exponent_5': 4, 'D_layer_units_exponent_6': 7, 'D_dagger_layers': 2, 'D_dagger_layer_units_exponent_0': 7, 'D_dagger_layer_units_exponent_1': 5, 'log_learning_rate': -2.494337148979302, 'log_learning_rate_D': -3.159205812370369, 'log_learning_rate_D_dagger': -2.5093151072202873, 'training_batch_size': 9, 'training_p': 3}. Best is trial 21 with value: 0.027221519500017166.
Time for this trial:  173.29757499694824
Memory status after this trial: 
Memory allocated:  272.6025390625
Memory cached:  300.0
--------------------  Trial  23   --------------------
Start timing: 
Parameters: 
{'W_layers': 3, 'W_layer_units_exponent_0': 5, 'W_layer_units_exponent_1': 9, 'W_layer_units_exponent_2': 10, 'D_layers': 7, 'D_layer_units_exponent_0': 5, 'D_layer_units_exponent_1': 10, 'D_layer_units_exponent_2': 9, 'D_layer_units_exponent_3': 4, 'D_layer_units_exponent_4': 5, 'D_layer_units_exponent_5': 4, 'D_layer_units_exponent_6': 7, 'D_dagger_layers': 2, 'D_dagger_layer_units_exponent_0': 7, 'D_dagger_layer_units_exponent_1': 5, 'log_learning_rate': -2.5073519239476165, 'log_learning_rate_D': -2.7512606580576358, 'log_learning_rate_D_dagger': -2.5131937527010058, 'training_batch_size': 9, 'training_p': 2}
	 epoch  0 training error:  tensor(0.9925, device='cuda:0', grad_fn=<DivBackward0>)
Memory status after this epoch: 
Memory allocated:  127.8486328125
Memory cached:  290.0
	 epoch  10 training error:  tensor(0.1209, device='cuda:0', grad_fn=<DivBackward0>)
Memory status after this epoch: 
Memory allocated:  127.8486328125
Memory cached:  316.0
	 epoch  20 training error:  tensor(0.1726, device='cuda:0', grad_fn=<DivBackward0>)
Memory status after this epoch: 
Memory allocated:  127.8486328125
Memory cached:  322.0
	 epoch  30 training error:  tensor(0.1113, device='cuda:0', grad_fn=<DivBackward0>)
Memory status after this epoch: 
Memory allocated:  127.8486328125
Memory cached:  320.0
	 epoch  40 training error:  tensor(0.1011, device='cuda:0', grad_fn=<DivBackward0>)
Memory status after this epoch: 
Memory allocated:  127.8486328125
Memory cached:  324.0
	 epoch  50 training error:  tensor(0.0920, device='cuda:0', grad_fn=<DivBackward0>)
Memory status after this epoch: 
Memory allocated:  127.8486328125
Memory cached:  326.0
	 epoch  60 training error:  tensor(0.0904, device='cuda:0', grad_fn=<DivBackward0>)
Memory status after this epoch: 
Memory allocated:  127.8486328125
Memory cached:  316.0
	 epoch  70 training error:  tensor(0.0841, device='cuda:0', grad_fn=<DivBackward0>)
Memory status after this epoch: 
Memory allocated:  127.8486328125
Memory cached:  316.0
	 epoch  80 training error:  tensor(0.0803, device='cuda:0', grad_fn=<DivBackward0>)
Memory status after this epoch: 
Memory allocated:  127.8486328125
Memory cached:  320.0
	 epoch  90 training error:  tensor(0.0421, device='cuda:0', grad_fn=<DivBackward0>)
Memory status after this epoch: 
Memory allocated:  127.8486328125
Memory cached:  320.0
[I 2023-12-03 09:25:00,479] Trial 23 finished with value: 0.05444735288619995 and parameters: {'W_layers': 3, 'W_layer_units_exponent_0': 5, 'W_layer_units_exponent_1': 9, 'W_layer_units_exponent_2': 10, 'D_layers': 7, 'D_layer_units_exponent_0': 5, 'D_layer_units_exponent_1': 10, 'D_layer_units_exponent_2': 9, 'D_layer_units_exponent_3': 4, 'D_layer_units_exponent_4': 5, 'D_layer_units_exponent_5': 4, 'D_layer_units_exponent_6': 7, 'D_dagger_layers': 2, 'D_dagger_layer_units_exponent_0': 7, 'D_dagger_layer_units_exponent_1': 5, 'log_learning_rate': -2.5073519239476165, 'log_learning_rate_D': -2.7512606580576358, 'log_learning_rate_D_dagger': -2.5131937527010058, 'training_batch_size': 9, 'training_p': 2}. Best is trial 21 with value: 0.027221519500017166.
Time for this trial:  176.19195199012756
Memory status after this trial: 
Memory allocated:  296.34814453125
Memory cached:  310.0
--------------------  Trial  24   --------------------
Start timing: 
Parameters: 
{'W_layers': 3, 'W_layer_units_exponent_0': 5, 'W_layer_units_exponent_1': 9, 'W_layer_units_exponent_2': 9, 'D_layers': 7, 'D_layer_units_exponent_0': 4, 'D_layer_units_exponent_1': 9, 'D_layer_units_exponent_2': 9, 'D_layer_units_exponent_3': 4, 'D_layer_units_exponent_4': 6, 'D_layer_units_exponent_5': 5, 'D_layer_units_exponent_6': 6, 'D_dagger_layers': 2, 'D_dagger_layer_units_exponent_0': 6, 'D_dagger_layer_units_exponent_1': 6, 'log_learning_rate': -3.099469132371052, 'log_learning_rate_D': -3.3701437669723746, 'log_learning_rate_D_dagger': -3.0959466057596954, 'training_batch_size': 10, 'training_p': 3}
	 epoch  0 training error:  tensor(1.0489, device='cuda:0', grad_fn=<DivBackward0>)
Memory status after this epoch: 
Memory allocated:  119.4716796875
Memory cached:  268.0
	 epoch  10 training error:  tensor(0.3375, device='cuda:0', grad_fn=<DivBackward0>)
Memory status after this epoch: 
Memory allocated:  119.4716796875
Memory cached:  298.0
	 epoch  20 training error:  tensor(0.1401, device='cuda:0', grad_fn=<DivBackward0>)
Memory status after this epoch: 
Memory allocated:  119.4716796875
Memory cached:  288.0
	 epoch  30 training error:  tensor(0.1647, device='cuda:0', grad_fn=<DivBackward0>)
Memory status after this epoch: 
Memory allocated:  119.4716796875
Memory cached:  290.0
	 epoch  40 training error:  tensor(0.1469, device='cuda:0', grad_fn=<DivBackward0>)
Memory status after this epoch: 
Memory allocated:  119.4716796875
Memory cached:  296.0
	 epoch  50 training error:  tensor(0.1387, device='cuda:0', grad_fn=<DivBackward0>)
Memory status after this epoch: 
Memory allocated:  119.4716796875
Memory cached:  298.0
	 epoch  60 training error:  tensor(0.1350, device='cuda:0', grad_fn=<DivBackward0>)
Memory status after this epoch: 
Memory allocated:  119.4716796875
Memory cached:  292.0
	 epoch  70 training error:  tensor(0.1323, device='cuda:0', grad_fn=<DivBackward0>)
Memory status after this epoch: 
Memory allocated:  119.4716796875
Memory cached:  292.0
	 epoch  80 training error:  tensor(0.1301, device='cuda:0', grad_fn=<DivBackward0>)
Memory status after this epoch: 
Memory allocated:  119.4716796875
Memory cached:  298.0
	 epoch  90 training error:  tensor(0.1278, device='cuda:0', grad_fn=<DivBackward0>)
Memory status after this epoch: 
Memory allocated:  119.4716796875
Memory cached:  304.0
[I 2023-12-03 09:27:48,907] Trial 24 finished with value: 0.10031759738922119 and parameters: {'W_layers': 3, 'W_layer_units_exponent_0': 5, 'W_layer_units_exponent_1': 9, 'W_layer_units_exponent_2': 9, 'D_layers': 7, 'D_layer_units_exponent_0': 4, 'D_layer_units_exponent_1': 9, 'D_layer_units_exponent_2': 9, 'D_layer_units_exponent_3': 4, 'D_layer_units_exponent_4': 6, 'D_layer_units_exponent_5': 5, 'D_layer_units_exponent_6': 6, 'D_dagger_layers': 2, 'D_dagger_layer_units_exponent_0': 6, 'D_dagger_layer_units_exponent_1': 6, 'log_learning_rate': -3.099469132371052, 'log_learning_rate_D': -3.3701437669723746, 'log_learning_rate_D_dagger': -3.0959466057596954, 'training_batch_size': 10, 'training_p': 3}. Best is trial 21 with value: 0.027221519500017166.
Time for this trial:  168.18261408805847
Memory status after this trial: 
Memory allocated:  238.490234375
Memory cached:  288.0
--------------------  Trial  25   --------------------
Start timing: 
Parameters: 
{'W_layers': 3, 'W_layer_units_exponent_0': 4, 'W_layer_units_exponent_1': 10, 'W_layer_units_exponent_2': 9, 'D_layers': 7, 'D_layer_units_exponent_0': 5, 'D_layer_units_exponent_1': 9, 'D_layer_units_exponent_2': 7, 'D_layer_units_exponent_3': 4, 'D_layer_units_exponent_4': 4, 'D_layer_units_exponent_5': 5, 'D_layer_units_exponent_6': 6, 'D_dagger_layers': 3, 'D_dagger_layer_units_exponent_0': 9, 'D_dagger_layer_units_exponent_1': 5, 'D_dagger_layer_units_exponent_2': 4, 'log_learning_rate': -2.4651845266831005, 'log_learning_rate_D': -2.669079347642717, 'log_learning_rate_D_dagger': -1.8954295723969272, 'training_batch_size': 7, 'training_p': 3}
	 epoch  0 training error:  tensor(0.9744, device='cuda:0', grad_fn=<DivBackward0>)
Memory status after this epoch: 
Memory allocated:  120.7353515625
Memory cached:  294.0
	 epoch  10 training error:  tensor(0.1423, device='cuda:0', grad_fn=<DivBackward0>)
Memory status after this epoch: 
Memory allocated:  120.7353515625
Memory cached:  330.0
	 epoch  20 training error:  tensor(0.1609, device='cuda:0', grad_fn=<DivBackward0>)
Memory status after this epoch: 
Memory allocated:  120.7353515625
Memory cached:  320.0
	 epoch  30 training error:  tensor(0.1438, device='cuda:0', grad_fn=<DivBackward0>)
Memory status after this epoch: 
Memory allocated:  120.7353515625
Memory cached:  310.0
	 epoch  40 training error:  tensor(0.1200, device='cuda:0', grad_fn=<DivBackward0>)
Memory status after this epoch: 
Memory allocated:  120.7353515625
Memory cached:  326.0
	 epoch  50 training error:  tensor(0.1118, device='cuda:0', grad_fn=<DivBackward0>)
Memory status after this epoch: 
Memory allocated:  120.7353515625
Memory cached:  314.0
	 epoch  60 training error:  tensor(0.0879, device='cuda:0', grad_fn=<DivBackward0>)
Memory status after this epoch: 
Memory allocated:  120.7353515625
Memory cached:  316.0
	 epoch  70 training error:  tensor(0.0823, device='cuda:0', grad_fn=<DivBackward0>)
Memory status after this epoch: 
Memory allocated:  120.7353515625
Memory cached:  324.0
	 epoch  80 training error:  tensor(0.0611, device='cuda:0', grad_fn=<DivBackward0>)
Memory status after this epoch: 
Memory allocated:  120.7353515625
Memory cached:  316.0
	 epoch  90 training error:  tensor(0.1985, device='cuda:0', grad_fn=<DivBackward0>)
Memory status after this epoch: 
Memory allocated:  120.7353515625
Memory cached:  322.0
[I 2023-12-03 09:30:48,525] Trial 25 finished with value: 0.1327866166830063 and parameters: {'W_layers': 3, 'W_layer_units_exponent_0': 4, 'W_layer_units_exponent_1': 10, 'W_layer_units_exponent_2': 9, 'D_layers': 7, 'D_layer_units_exponent_0': 5, 'D_layer_units_exponent_1': 9, 'D_layer_units_exponent_2': 7, 'D_layer_units_exponent_3': 4, 'D_layer_units_exponent_4': 4, 'D_layer_units_exponent_5': 5, 'D_layer_units_exponent_6': 6, 'D_dagger_layers': 3, 'D_dagger_layer_units_exponent_0': 9, 'D_dagger_layer_units_exponent_1': 5, 'D_dagger_layer_units_exponent_2': 4, 'log_learning_rate': -2.4651845266831005, 'log_learning_rate_D': -2.669079347642717, 'log_learning_rate_D_dagger': -1.8954295723969272, 'training_batch_size': 7, 'training_p': 3}. Best is trial 21 with value: 0.027221519500017166.
Time for this trial:  179.35987377166748
Memory status after this trial: 
Memory allocated:  267.37158203125
Memory cached:  306.0
--------------------  Trial  26   --------------------
Start timing: 
Parameters: 
{'W_layers': 2, 'W_layer_units_exponent_0': 6, 'W_layer_units_exponent_1': 8, 'D_layers': 8, 'D_layer_units_exponent_0': 4, 'D_layer_units_exponent_1': 10, 'D_layer_units_exponent_2': 10, 'D_layer_units_exponent_3': 4, 'D_layer_units_exponent_4': 8, 'D_layer_units_exponent_5': 5, 'D_layer_units_exponent_6': 6, 'D_layer_units_exponent_7': 10, 'D_dagger_layers': 2, 'D_dagger_layer_units_exponent_0': 7, 'D_dagger_layer_units_exponent_1': 6, 'log_learning_rate': -2.759207289313968, 'log_learning_rate_D': -3.165715031537183, 'log_learning_rate_D_dagger': -2.5546091423103316, 'training_batch_size': 9, 'training_p': 2}
	 epoch  0 training error:  tensor(1.0804, device='cuda:0', grad_fn=<DivBackward0>)
Memory status after this epoch: 
Memory allocated:  128.9638671875
Memory cached:  288.0
	 epoch  10 training error:  tensor(0.1425, device='cuda:0', grad_fn=<DivBackward0>)
Memory status after this epoch: 
Memory allocated:  128.9638671875
Memory cached:  310.0
	 epoch  20 training error:  tensor(0.0997, device='cuda:0', grad_fn=<DivBackward0>)
Memory status after this epoch: 
Memory allocated:  128.9638671875
Memory cached:  314.0
	 epoch  30 training error:  tensor(0.0948, device='cuda:0', grad_fn=<DivBackward0>)
Memory status after this epoch: 
Memory allocated:  128.9638671875
Memory cached:  310.0
	 epoch  40 training error:  tensor(0.0920, device='cuda:0', grad_fn=<DivBackward0>)
Memory status after this epoch: 
Memory allocated:  128.9638671875
Memory cached:  316.0
	 epoch  50 training error:  tensor(0.0913, device='cuda:0', grad_fn=<DivBackward0>)
Memory status after this epoch: 
Memory allocated:  128.9638671875
Memory cached:  318.0
	 epoch  60 training error:  tensor(0.0898, device='cuda:0', grad_fn=<DivBackward0>)
Memory status after this epoch: 
Memory allocated:  128.9638671875
Memory cached:  314.0
	 epoch  70 training error:  tensor(0.0896, device='cuda:0', grad_fn=<DivBackward0>)
Memory status after this epoch: 
Memory allocated:  128.9638671875
Memory cached:  318.0
	 epoch  80 training error:  tensor(0.0893, device='cuda:0', grad_fn=<DivBackward0>)
Memory status after this epoch: 
Memory allocated:  128.9638671875
Memory cached:  314.0
	 epoch  90 training error:  tensor(0.0891, device='cuda:0', grad_fn=<DivBackward0>)
Memory status after this epoch: 
Memory allocated:  128.9638671875
Memory cached:  314.0
[I 2023-12-03 09:33:48,159] Trial 26 finished with value: 0.09204383194446564 and parameters: {'W_layers': 2, 'W_layer_units_exponent_0': 6, 'W_layer_units_exponent_1': 8, 'D_layers': 8, 'D_layer_units_exponent_0': 4, 'D_layer_units_exponent_1': 10, 'D_layer_units_exponent_2': 10, 'D_layer_units_exponent_3': 4, 'D_layer_units_exponent_4': 8, 'D_layer_units_exponent_5': 5, 'D_layer_units_exponent_6': 6, 'D_layer_units_exponent_7': 10, 'D_dagger_layers': 2, 'D_dagger_layer_units_exponent_0': 7, 'D_dagger_layer_units_exponent_1': 6, 'log_learning_rate': -2.759207289313968, 'log_learning_rate_D': -3.165715031537183, 'log_learning_rate_D_dagger': -2.5546091423103316, 'training_batch_size': 9, 'training_p': 2}. Best is trial 21 with value: 0.027221519500017166.
Time for this trial:  179.379047870636
Memory status after this trial: 
Memory allocated:  320.482421875
Memory cached:  334.0
--------------------  Trial  27   --------------------
Start timing: 
Parameters: 
{'W_layers': 3, 'W_layer_units_exponent_0': 5, 'W_layer_units_exponent_1': 9, 'W_layer_units_exponent_2': 7, 'D_layers': 5, 'D_layer_units_exponent_0': 6, 'D_layer_units_exponent_1': 9, 'D_layer_units_exponent_2': 7, 'D_layer_units_exponent_3': 7, 'D_layer_units_exponent_4': 5, 'D_dagger_layers': 3, 'D_dagger_layer_units_exponent_0': 6, 'D_dagger_layer_units_exponent_1': 5, 'D_dagger_layer_units_exponent_2': 5, 'log_learning_rate': -3.171253556969366, 'log_learning_rate_D': -3.5907188453122894, 'log_learning_rate_D_dagger': -1.5939243143753137, 'training_batch_size': 10, 'training_p': 5}
	 epoch  0 training error:  tensor(0.9513, device='cuda:0', grad_fn=<DivBackward0>)
Memory status after this epoch: 
Memory allocated:  113.9267578125
Memory cached:  268.0
	 epoch  10 training error:  tensor(0.1671, device='cuda:0', grad_fn=<DivBackward0>)
Memory status after this epoch: 
Memory allocated:  113.9267578125
Memory cached:  270.0
	 epoch  20 training error:  tensor(0.1796, device='cuda:0', grad_fn=<DivBackward0>)
Memory status after this epoch: 
Memory allocated:  113.9267578125
Memory cached:  270.0
	 epoch  30 training error:  tensor(0.1405, device='cuda:0', grad_fn=<DivBackward0>)
Memory status after this epoch: 
Memory allocated:  113.9267578125
Memory cached:  270.0
	 epoch  40 training error:  tensor(0.1389, device='cuda:0', grad_fn=<DivBackward0>)
Memory status after this epoch: 
Memory allocated:  113.9267578125
Memory cached:  268.0
	 epoch  50 training error:  tensor(0.1308, device='cuda:0', grad_fn=<DivBackward0>)
Memory status after this epoch: 
Memory allocated:  113.9267578125
Memory cached:  270.0
	 epoch  60 training error:  tensor(0.1199, device='cuda:0', grad_fn=<DivBackward0>)
Memory status after this epoch: 
Memory allocated:  113.9267578125
Memory cached:  270.0
	 epoch  70 training error:  tensor(0.1048, device='cuda:0', grad_fn=<DivBackward0>)
Memory status after this epoch: 
Memory allocated:  113.9267578125
Memory cached:  268.0
	 epoch  80 training error:  tensor(0.0536, device='cuda:0', grad_fn=<DivBackward0>)
Memory status after this epoch: 
Memory allocated:  113.9267578125
Memory cached:  268.0
	 epoch  90 training error:  tensor(0.0477, device='cuda:0', grad_fn=<DivBackward0>)
Memory status after this epoch: 
Memory allocated:  113.9267578125
Memory cached:  270.0
[I 2023-12-03 09:36:25,130] Trial 27 finished with value: 0.01944413036108017 and parameters: {'W_layers': 3, 'W_layer_units_exponent_0': 5, 'W_layer_units_exponent_1': 9, 'W_layer_units_exponent_2': 7, 'D_layers': 5, 'D_layer_units_exponent_0': 6, 'D_layer_units_exponent_1': 9, 'D_layer_units_exponent_2': 7, 'D_layer_units_exponent_3': 7, 'D_layer_units_exponent_4': 5, 'D_dagger_layers': 3, 'D_dagger_layer_units_exponent_0': 6, 'D_dagger_layer_units_exponent_1': 5, 'D_dagger_layer_units_exponent_2': 5, 'log_learning_rate': -3.171253556969366, 'log_learning_rate_D': -3.5907188453122894, 'log_learning_rate_D_dagger': -1.5939243143753137, 'training_batch_size': 10, 'training_p': 5}. Best is trial 27 with value: 0.01944413036108017.
res:  tensor(0.0194, device='cuda:0', grad_fn=<DivBackward0>)
self.bestValue:  tensor(0.0272, device='cuda:0', grad_fn=<DivBackward0>)
Save this model!
Time for this trial:  156.74059581756592
Memory status after this trial: 
Memory allocated:  89.03466796875
Memory cached:  244.0
--------------------  Trial  28   --------------------
Start timing: 
Parameters: 
{'W_layers': 2, 'W_layer_units_exponent_0': 5, 'W_layer_units_exponent_1': 9, 'D_layers': 5, 'D_layer_units_exponent_0': 6, 'D_layer_units_exponent_1': 10, 'D_layer_units_exponent_2': 7, 'D_layer_units_exponent_3': 9, 'D_layer_units_exponent_4': 5, 'D_dagger_layers': 4, 'D_dagger_layer_units_exponent_0': 6, 'D_dagger_layer_units_exponent_1': 4, 'D_dagger_layer_units_exponent_2': 4, 'D_dagger_layer_units_exponent_3': 4, 'log_learning_rate': -3.1122720688861323, 'log_learning_rate_D': -3.753066088988178, 'log_learning_rate_D_dagger': -1.402602364281374, 'training_batch_size': 10, 'training_p': 5}
	 epoch  0 training error:  tensor(0.9929, device='cuda:0', grad_fn=<DivBackward0>)
Memory status after this epoch: 
Memory allocated:  93.66845703125
Memory cached:  250.0
	 epoch  10 training error:  tensor(0.1999, device='cuda:0', grad_fn=<DivBackward0>)
Memory status after this epoch: 
Memory allocated:  93.66845703125
Memory cached:  296.0
	 epoch  20 training error:  tensor(0.1458, device='cuda:0', grad_fn=<DivBackward0>)
Memory status after this epoch: 
Memory allocated:  93.66845703125
Memory cached:  280.0
	 epoch  30 training error:  tensor(0.1356, device='cuda:0', grad_fn=<DivBackward0>)
Memory status after this epoch: 
Memory allocated:  93.66845703125
Memory cached:  284.0
	 epoch  40 training error:  tensor(0.1359, device='cuda:0', grad_fn=<DivBackward0>)
Memory status after this epoch: 
Memory allocated:  93.66845703125
Memory cached:  284.0
	 epoch  50 training error:  tensor(0.1331, device='cuda:0', grad_fn=<DivBackward0>)
Memory status after this epoch: 
Memory allocated:  93.66845703125
Memory cached:  286.0
	 epoch  60 training error:  tensor(0.1257, device='cuda:0', grad_fn=<DivBackward0>)
Memory status after this epoch: 
Memory allocated:  93.66845703125
Memory cached:  292.0
	 epoch  70 training error:  tensor(0.1094, device='cuda:0', grad_fn=<DivBackward0>)
Memory status after this epoch: 
Memory allocated:  93.66845703125
Memory cached:  294.0
	 epoch  80 training error:  tensor(0.0733, device='cuda:0', grad_fn=<DivBackward0>)
Memory status after this epoch: 
Memory allocated:  93.66845703125
Memory cached:  286.0
	 epoch  90 training error:  tensor(0.0870, device='cuda:0', grad_fn=<DivBackward0>)
Memory status after this epoch: 
Memory allocated:  93.66845703125
Memory cached:  296.0
