[I 2023-12-20 14:53:53,498] Trial 164 finished with value: 0.1576468050479889 and parameters: {'W_layers': 5, 'W_layer_units_exponent_0': 8, 'W_layer_units_exponent_1': 10, 'W_layer_units_exponent_2': 6, 'W_layer_units_exponent_3': 6, 'W_layer_units_exponent_4': 5, 'D_layers': 6, 'D_layer_units_exponent_0': 7, 'D_layer_units_exponent_1': 9, 'D_layer_units_exponent_2': 7, 'D_layer_units_exponent_3': 8, 'D_layer_units_exponent_4': 5, 'D_layer_units_exponent_5': 6, 'D_dagger_layers': 3, 'D_dagger_layer_units_exponent_0': 9, 'D_dagger_layer_units_exponent_1': 4, 'D_dagger_layer_units_exponent_2': 5, 'log_learning_rate': -3.044454386933062, 'log_learning_rate_D': -3.954165153496171, 'log_learning_rate_D_dagger': -2.6215122331360456, 'training_batch_size': 6, 'training_p': 7}. Best is trial 116 with value: 0.12582257390022278.
Time for this trial:  335.37736082077026
Memory status after this trial: 
Memory allocated:  390.26708984375
Memory cached:  414.0
--------------------  Trial  165   --------------------
Start timing: 
Parameters: 
{'W_layers': 5, 'W_layer_units_exponent_0': 8, 'W_layer_units_exponent_1': 10, 'W_layer_units_exponent_2': 6, 'W_layer_units_exponent_3': 6, 'W_layer_units_exponent_4': 5, 'D_layers': 5, 'D_layer_units_exponent_0': 7, 'D_layer_units_exponent_1': 9, 'D_layer_units_exponent_2': 8, 'D_layer_units_exponent_3': 8, 'D_layer_units_exponent_4': 5, 'D_dagger_layers': 8, 'D_dagger_layer_units_exponent_0': 9, 'D_dagger_layer_units_exponent_1': 4, 'D_dagger_layer_units_exponent_2': 5, 'D_dagger_layer_units_exponent_3': 6, 'D_dagger_layer_units_exponent_4': 5, 'D_dagger_layer_units_exponent_5': 10, 'D_dagger_layer_units_exponent_6': 4, 'D_dagger_layer_units_exponent_7': 7, 'log_learning_rate': -2.081585731936018, 'log_learning_rate_D': -3.6200068930655185, 'log_learning_rate_D_dagger': -2.411520556738254, 'training_batch_size': 6, 'training_p': 7}
	 epoch  0 training error:  tensor(1.3334, device='cuda:0', grad_fn=<DivBackward0>)
Memory status after this epoch: 
Memory allocated:  231.04248046875
Memory cached:  418.0
	 epoch  10 training error:  tensor(0.6223, device='cuda:0', grad_fn=<DivBackward0>)
Memory status after this epoch: 
Memory allocated:  231.04248046875
Memory cached:  424.0
	 epoch  20 training error:  tensor(0.6160, device='cuda:0', grad_fn=<DivBackward0>)
Memory status after this epoch: 
Memory allocated:  231.04248046875
Memory cached:  420.0
	 epoch  30 training error:  tensor(0.5675, device='cuda:0', grad_fn=<DivBackward0>)
Memory status after this epoch: 
Memory allocated:  231.04248046875
Memory cached:  420.0
	 epoch  40 training error:  tensor(0.5492, device='cuda:0', grad_fn=<DivBackward0>)
Memory status after this epoch: 
Memory allocated:  231.04248046875
Memory cached:  422.0
	 epoch  50 training error:  tensor(0.5150, device='cuda:0', grad_fn=<DivBackward0>)
Memory status after this epoch: 
Memory allocated:  231.04248046875
Memory cached:  422.0
	 epoch  60 training error:  tensor(0.5733, device='cuda:0', grad_fn=<DivBackward0>)
Memory status after this epoch: 
Memory allocated:  231.04248046875
Memory cached:  422.0
	 epoch  70 training error:  tensor(0.5378, device='cuda:0', grad_fn=<DivBackward0>)
Memory status after this epoch: 
Memory allocated:  231.04248046875
Memory cached:  424.0
	 epoch  80 training error:  tensor(0.4408, device='cuda:0', grad_fn=<DivBackward0>)
Memory status after this epoch: 
Memory allocated:  231.04248046875
Memory cached:  426.0
	 epoch  90 training error:  tensor(0.3849, device='cuda:0', grad_fn=<DivBackward0>)
Memory status after this epoch: 
Memory allocated:  231.04248046875
Memory cached:  430.0
[I 2023-12-20 15:00:29,002] Trial 165 finished with value: 0.17605848610401154 and parameters: {'W_layers': 5, 'W_layer_units_exponent_0': 8, 'W_layer_units_exponent_1': 10, 'W_layer_units_exponent_2': 6, 'W_layer_units_exponent_3': 6, 'W_layer_units_exponent_4': 5, 'D_layers': 5, 'D_layer_units_exponent_0': 7, 'D_layer_units_exponent_1': 9, 'D_layer_units_exponent_2': 8, 'D_layer_units_exponent_3': 8, 'D_layer_units_exponent_4': 5, 'D_dagger_layers': 8, 'D_dagger_layer_units_exponent_0': 9, 'D_dagger_layer_units_exponent_1': 4, 'D_dagger_layer_units_exponent_2': 5, 'D_dagger_layer_units_exponent_3': 6, 'D_dagger_layer_units_exponent_4': 5, 'D_dagger_layer_units_exponent_5': 10, 'D_dagger_layer_units_exponent_6': 4, 'D_dagger_layer_units_exponent_7': 7, 'log_learning_rate': -2.081585731936018, 'log_learning_rate_D': -3.6200068930655185, 'log_learning_rate_D_dagger': -2.411520556738254, 'training_batch_size': 6, 'training_p': 7}. Best is trial 116 with value: 0.12582257390022278.
Time for this trial:  395.015207529068
Memory status after this trial: 
Memory allocated:  462.00390625
Memory cached:  480.0
--------------------  Trial  166   --------------------
Start timing: 
Parameters: 
{'W_layers': 5, 'W_layer_units_exponent_0': 8, 'W_layer_units_exponent_1': 10, 'W_layer_units_exponent_2': 6, 'W_layer_units_exponent_3': 6, 'W_layer_units_exponent_4': 5, 'D_layers': 5, 'D_layer_units_exponent_0': 6, 'D_layer_units_exponent_1': 9, 'D_layer_units_exponent_2': 9, 'D_layer_units_exponent_3': 8, 'D_layer_units_exponent_4': 5, 'D_dagger_layers': 3, 'D_dagger_layer_units_exponent_0': 9, 'D_dagger_layer_units_exponent_1': 4, 'D_dagger_layer_units_exponent_2': 6, 'log_learning_rate': -2.284453691949503, 'log_learning_rate_D': -3.7276282501320557, 'log_learning_rate_D_dagger': -2.761144199673106, 'training_batch_size': 6, 'training_p': 8}
	 epoch  0 training error:  tensor(1.3723, device='cuda:0', grad_fn=<DivBackward0>)
Memory status after this epoch: 
Memory allocated:  232.68701171875
Memory cached:  410.0
	 epoch  10 training error:  tensor(0.5601, device='cuda:0', grad_fn=<DivBackward0>)
Memory status after this epoch: 
Memory allocated:  232.68701171875
Memory cached:  410.0
	 epoch  20 training error:  tensor(0.5568, device='cuda:0', grad_fn=<DivBackward0>)
Memory status after this epoch: 
Memory allocated:  232.68701171875
Memory cached:  412.0
	 epoch  30 training error:  tensor(0.5540, device='cuda:0', grad_fn=<DivBackward0>)
Memory status after this epoch: 
Memory allocated:  232.68701171875
Memory cached:  410.0
	 epoch  40 training error:  tensor(0.5488, device='cuda:0', grad_fn=<DivBackward0>)
Memory status after this epoch: 
Memory allocated:  232.68701171875
Memory cached:  410.0
	 epoch  50 training error:  tensor(0.5423, device='cuda:0', grad_fn=<DivBackward0>)
Memory status after this epoch: 
Memory allocated:  232.68701171875
Memory cached:  410.0
	 epoch  60 training error:  tensor(0.5271, device='cuda:0', grad_fn=<DivBackward0>)
Memory status after this epoch: 
Memory allocated:  232.68701171875
Memory cached:  410.0
	 epoch  70 training error:  tensor(0.3693, device='cuda:0', grad_fn=<DivBackward0>)
Memory status after this epoch: 
Memory allocated:  232.68701171875
Memory cached:  410.0
	 epoch  80 training error:  tensor(0.4508, device='cuda:0', grad_fn=<DivBackward0>)
Memory status after this epoch: 
Memory allocated:  232.68701171875
Memory cached:  410.0
	 epoch  90 training error:  tensor(0.3071, device='cuda:0', grad_fn=<DivBackward0>)
Memory status after this epoch: 
Memory allocated:  232.68701171875
Memory cached:  410.0
[I 2023-12-20 15:05:53,753] Trial 166 finished with value: 0.16947364807128906 and parameters: {'W_layers': 5, 'W_layer_units_exponent_0': 8, 'W_layer_units_exponent_1': 10, 'W_layer_units_exponent_2': 6, 'W_layer_units_exponent_3': 6, 'W_layer_units_exponent_4': 5, 'D_layers': 5, 'D_layer_units_exponent_0': 6, 'D_layer_units_exponent_1': 9, 'D_layer_units_exponent_2': 9, 'D_layer_units_exponent_3': 8, 'D_layer_units_exponent_4': 5, 'D_dagger_layers': 3, 'D_dagger_layer_units_exponent_0': 9, 'D_dagger_layer_units_exponent_1': 4, 'D_dagger_layer_units_exponent_2': 6, 'log_learning_rate': -2.284453691949503, 'log_learning_rate_D': -3.7276282501320557, 'log_learning_rate_D_dagger': -2.761144199673106, 'training_batch_size': 6, 'training_p': 8}. Best is trial 116 with value: 0.12582257390022278.
Time for this trial:  324.32092094421387
Memory status after this trial: 
Memory allocated:  407.4990234375
Memory cached:  426.0
--------------------  Trial  167   --------------------
Start timing: 
Parameters: 
{'W_layers': 5, 'W_layer_units_exponent_0': 8, 'W_layer_units_exponent_1': 10, 'W_layer_units_exponent_2': 6, 'W_layer_units_exponent_3': 5, 'W_layer_units_exponent_4': 5, 'D_layers': 5, 'D_layer_units_exponent_0': 7, 'D_layer_units_exponent_1': 9, 'D_layer_units_exponent_2': 8, 'D_layer_units_exponent_3': 4, 'D_layer_units_exponent_4': 6, 'D_dagger_layers': 3, 'D_dagger_layer_units_exponent_0': 10, 'D_dagger_layer_units_exponent_1': 4, 'D_dagger_layer_units_exponent_2': 5, 'log_learning_rate': -2.4417111214925966, 'log_learning_rate_D': -4.048014254419682, 'log_learning_rate_D_dagger': -2.249475226846423, 'training_batch_size': 6, 'training_p': 7}
	 epoch  0 training error:  tensor(1.2229, device='cuda:0', grad_fn=<DivBackward0>)
Memory status after this epoch: 
Memory allocated:  229.22802734375
Memory cached:  408.0
	 epoch  10 training error:  tensor(0.5552, device='cuda:0', grad_fn=<DivBackward0>)
Memory status after this epoch: 
Memory allocated:  229.22802734375
Memory cached:  408.0
	 epoch  20 training error:  tensor(0.5925, device='cuda:0', grad_fn=<DivBackward0>)
Memory status after this epoch: 
Memory allocated:  229.22802734375
Memory cached:  408.0
	 epoch  30 training error:  tensor(0.5472, device='cuda:0', grad_fn=<DivBackward0>)
Memory status after this epoch: 
Memory allocated:  229.22802734375
Memory cached:  408.0
	 epoch  40 training error:  tensor(0.5455, device='cuda:0', grad_fn=<DivBackward0>)
Memory status after this epoch: 
Memory allocated:  229.22802734375
Memory cached:  408.0
	 epoch  50 training error:  tensor(0.5571, device='cuda:0', grad_fn=<DivBackward0>)
Memory status after this epoch: 
Memory allocated:  229.22802734375
Memory cached:  408.0
	 epoch  60 training error:  tensor(0.5486, device='cuda:0', grad_fn=<DivBackward0>)
Memory status after this epoch: 
Memory allocated:  229.22802734375
Memory cached:  408.0
	 epoch  70 training error:  tensor(0.5469, device='cuda:0', grad_fn=<DivBackward0>)
Memory status after this epoch: 
Memory allocated:  229.22802734375
Memory cached:  408.0
	 epoch  80 training error:  tensor(0.5509, device='cuda:0', grad_fn=<DivBackward0>)
Memory status after this epoch: 
Memory allocated:  229.22802734375
Memory cached:  408.0
	 epoch  90 training error:  tensor(0.5282, device='cuda:0', grad_fn=<DivBackward0>)
Memory status after this epoch: 
Memory allocated:  229.22802734375
Memory cached:  408.0
[I 2023-12-20 15:11:16,317] Trial 167 finished with value: 0.440880686044693 and parameters: {'W_layers': 5, 'W_layer_units_exponent_0': 8, 'W_layer_units_exponent_1': 10, 'W_layer_units_exponent_2': 6, 'W_layer_units_exponent_3': 5, 'W_layer_units_exponent_4': 5, 'D_layers': 5, 'D_layer_units_exponent_0': 7, 'D_layer_units_exponent_1': 9, 'D_layer_units_exponent_2': 8, 'D_layer_units_exponent_3': 4, 'D_layer_units_exponent_4': 6, 'D_dagger_layers': 3, 'D_dagger_layer_units_exponent_0': 10, 'D_dagger_layer_units_exponent_1': 4, 'D_dagger_layer_units_exponent_2': 5, 'log_learning_rate': -2.4417111214925966, 'log_learning_rate_D': -4.048014254419682, 'log_learning_rate_D_dagger': -2.249475226846423, 'training_batch_size': 6, 'training_p': 7}. Best is trial 116 with value: 0.12582257390022278.
Time for this trial:  322.0971279144287
Memory status after this trial: 
Memory allocated:  408.71826171875
Memory cached:  426.0
--------------------  Trial  168   --------------------
Start timing: 
Parameters: 
{'W_layers': 5, 'W_layer_units_exponent_0': 8, 'W_layer_units_exponent_1': 10, 'W_layer_units_exponent_2': 6, 'W_layer_units_exponent_3': 6, 'W_layer_units_exponent_4': 5, 'D_layers': 5, 'D_layer_units_exponent_0': 7, 'D_layer_units_exponent_1': 8, 'D_layer_units_exponent_2': 7, 'D_layer_units_exponent_3': 9, 'D_layer_units_exponent_4': 5, 'D_dagger_layers': 3, 'D_dagger_layer_units_exponent_0': 9, 'D_dagger_layer_units_exponent_1': 4, 'D_dagger_layer_units_exponent_2': 5, 'log_learning_rate': -2.5797334718292286, 'log_learning_rate_D': -3.890619025756714, 'log_learning_rate_D_dagger': -2.844062046203032, 'training_batch_size': 6, 'training_p': 7}
	 epoch  0 training error:  tensor(1.0866, device='cuda:0', grad_fn=<DivBackward0>)
Memory status after this epoch: 
Memory allocated:  228.29833984375
Memory cached:  412.0
	 epoch  10 training error:  tensor(0.5621, device='cuda:0', grad_fn=<DivBackward0>)
Memory status after this epoch: 
Memory allocated:  228.29833984375
Memory cached:  410.0
	 epoch  20 training error:  tensor(0.5281, device='cuda:0', grad_fn=<DivBackward0>)
Memory status after this epoch: 
Memory allocated:  228.29833984375
Memory cached:  414.0
	 epoch  30 training error:  tensor(0.5255, device='cuda:0', grad_fn=<DivBackward0>)
Memory status after this epoch: 
Memory allocated:  228.29833984375
Memory cached:  418.0
	 epoch  40 training error:  tensor(0.5182, device='cuda:0', grad_fn=<DivBackward0>)
Memory status after this epoch: 
Memory allocated:  228.29833984375
Memory cached:  416.0
	 epoch  50 training error:  tensor(0.4874, device='cuda:0', grad_fn=<DivBackward0>)
Memory status after this epoch: 
Memory allocated:  228.29833984375
Memory cached:  416.0
	 epoch  60 training error:  tensor(0.4735, device='cuda:0', grad_fn=<DivBackward0>)
Memory status after this epoch: 
Memory allocated:  228.29833984375
Memory cached:  414.0
	 epoch  70 training error:  tensor(0.4027, device='cuda:0', grad_fn=<DivBackward0>)
Memory status after this epoch: 
Memory allocated:  228.29833984375
Memory cached:  414.0
	 epoch  80 training error:  tensor(0.3225, device='cuda:0', grad_fn=<DivBackward0>)
Memory status after this epoch: 
Memory allocated:  228.29833984375
Memory cached:  412.0
	 epoch  90 training error:  tensor(0.2450, device='cuda:0', grad_fn=<DivBackward0>)
Memory status after this epoch: 
Memory allocated:  228.29833984375
Memory cached:  420.0
[I 2023-12-20 15:16:35,760] Trial 168 finished with value: 0.200321227312088 and parameters: {'W_layers': 5, 'W_layer_units_exponent_0': 8, 'W_layer_units_exponent_1': 10, 'W_layer_units_exponent_2': 6, 'W_layer_units_exponent_3': 6, 'W_layer_units_exponent_4': 5, 'D_layers': 5, 'D_layer_units_exponent_0': 7, 'D_layer_units_exponent_1': 8, 'D_layer_units_exponent_2': 7, 'D_layer_units_exponent_3': 9, 'D_layer_units_exponent_4': 5, 'D_dagger_layers': 3, 'D_dagger_layer_units_exponent_0': 9, 'D_dagger_layer_units_exponent_1': 4, 'D_dagger_layer_units_exponent_2': 5, 'log_learning_rate': -2.5797334718292286, 'log_learning_rate_D': -3.890619025756714, 'log_learning_rate_D_dagger': -2.844062046203032, 'training_batch_size': 6, 'training_p': 7}. Best is trial 116 with value: 0.12582257390022278.
Time for this trial:  319.028103351593
Memory status after this trial: 
Memory allocated:  386.9208984375
Memory cached:  410.0
--------------------  Trial  169   --------------------
Start timing: 
Parameters: 
{'W_layers': 5, 'W_layer_units_exponent_0': 8, 'W_layer_units_exponent_1': 10, 'W_layer_units_exponent_2': 6, 'W_layer_units_exponent_3': 6, 'W_layer_units_exponent_4': 6, 'D_layers': 5, 'D_layer_units_exponent_0': 7, 'D_layer_units_exponent_1': 9, 'D_layer_units_exponent_2': 8, 'D_layer_units_exponent_3': 8, 'D_layer_units_exponent_4': 4, 'D_dagger_layers': 2, 'D_dagger_layer_units_exponent_0': 10, 'D_dagger_layer_units_exponent_1': 4, 'log_learning_rate': -2.946142199905751, 'log_learning_rate_D': -3.7677779376443694, 'log_learning_rate_D_dagger': -3.4454018048739217, 'training_batch_size': 6, 'training_p': 5}
	 epoch  0 training error:  tensor(1.1075, device='cuda:0', grad_fn=<DivBackward0>)
Memory status after this epoch: 
Memory allocated:  230.28271484375
Memory cached:  408.0
	 epoch  10 training error:  tensor(0.4981, device='cuda:0', grad_fn=<DivBackward0>)
Memory status after this epoch: 
Memory allocated:  230.28271484375
Memory cached:  408.0
	 epoch  20 training error:  tensor(0.4877, device='cuda:0', grad_fn=<DivBackward0>)
Memory status after this epoch: 
Memory allocated:  230.28271484375
Memory cached:  408.0
	 epoch  30 training error:  tensor(0.4788, device='cuda:0', grad_fn=<DivBackward0>)
Memory status after this epoch: 
Memory allocated:  230.28271484375
Memory cached:  408.0
	 epoch  40 training error:  tensor(0.4808, device='cuda:0', grad_fn=<DivBackward0>)
Memory status after this epoch: 
Memory allocated:  230.28271484375
Memory cached:  408.0
	 epoch  50 training error:  tensor(0.4794, device='cuda:0', grad_fn=<DivBackward0>)
Memory status after this epoch: 
Memory allocated:  230.28271484375
Memory cached:  410.0
	 epoch  60 training error:  tensor(0.4776, device='cuda:0', grad_fn=<DivBackward0>)
Memory status after this epoch: 
Memory allocated:  230.28271484375
Memory cached:  408.0
	 epoch  70 training error:  tensor(0.4731, device='cuda:0', grad_fn=<DivBackward0>)
Memory status after this epoch: 
Memory allocated:  230.28271484375
Memory cached:  408.0
	 epoch  80 training error:  tensor(0.4715, device='cuda:0', grad_fn=<DivBackward0>)
Memory status after this epoch: 
Memory allocated:  230.28271484375
Memory cached:  408.0
	 epoch  90 training error:  tensor(0.4592, device='cuda:0', grad_fn=<DivBackward0>)
Memory status after this epoch: 
Memory allocated:  230.28271484375
Memory cached:  408.0
[I 2023-12-20 15:21:48,527] Trial 169 finished with value: 0.3158191740512848 and parameters: {'W_layers': 5, 'W_layer_units_exponent_0': 8, 'W_layer_units_exponent_1': 10, 'W_layer_units_exponent_2': 6, 'W_layer_units_exponent_3': 6, 'W_layer_units_exponent_4': 6, 'D_layers': 5, 'D_layer_units_exponent_0': 7, 'D_layer_units_exponent_1': 9, 'D_layer_units_exponent_2': 8, 'D_layer_units_exponent_3': 8, 'D_layer_units_exponent_4': 4, 'D_dagger_layers': 2, 'D_dagger_layer_units_exponent_0': 10, 'D_dagger_layer_units_exponent_1': 4, 'log_learning_rate': -2.946142199905751, 'log_learning_rate_D': -3.7677779376443694, 'log_learning_rate_D_dagger': -3.4454018048739217, 'training_batch_size': 6, 'training_p': 5}. Best is trial 116 with value: 0.12582257390022278.
Time for this trial:  312.19532918930054
Memory status after this trial: 
Memory allocated:  421.2978515625
Memory cached:  440.0
--------------------  Trial  170   --------------------
Start timing: 
Parameters: 
{'W_layers': 2, 'W_layer_units_exponent_0': 8, 'W_layer_units_exponent_1': 10, 'D_layers': 6, 'D_layer_units_exponent_0': 7, 'D_layer_units_exponent_1': 9, 'D_layer_units_exponent_2': 8, 'D_layer_units_exponent_3': 7, 'D_layer_units_exponent_4': 5, 'D_layer_units_exponent_5': 5, 'D_dagger_layers': 7, 'D_dagger_layer_units_exponent_0': 9, 'D_dagger_layer_units_exponent_1': 4, 'D_dagger_layer_units_exponent_2': 5, 'D_dagger_layer_units_exponent_3': 6, 'D_dagger_layer_units_exponent_4': 6, 'D_dagger_layer_units_exponent_5': 4, 'D_dagger_layer_units_exponent_6': 8, 'log_learning_rate': -2.1569677001416707, 'log_learning_rate_D': -3.942332740673196, 'log_learning_rate_D_dagger': -2.0121708426558507, 'training_batch_size': 6, 'training_p': 7}
	 epoch  0 training error:  tensor(4.0665, device='cuda:0', grad_fn=<DivBackward0>)
Memory status after this epoch: 
Memory allocated:  228.72607421875
Memory cached:  410.0
	 epoch  10 training error:  tensor(0.5932, device='cuda:0', grad_fn=<DivBackward0>)
Memory status after this epoch: 
Memory allocated:  228.72607421875
Memory cached:  424.0
	 epoch  20 training error:  tensor(0.5846, device='cuda:0', grad_fn=<DivBackward0>)
Memory status after this epoch: 
Memory allocated:  228.72607421875
Memory cached:  420.0
	 epoch  30 training error:  tensor(0.5639, device='cuda:0', grad_fn=<DivBackward0>)
Memory status after this epoch: 
Memory allocated:  228.72607421875
Memory cached:  422.0
	 epoch  40 training error:  tensor(0.5648, device='cuda:0', grad_fn=<DivBackward0>)
Memory status after this epoch: 
Memory allocated:  228.72607421875
Memory cached:  424.0
	 epoch  50 training error:  tensor(0.5385, device='cuda:0', grad_fn=<DivBackward0>)
Memory status after this epoch: 
Memory allocated:  228.72607421875
Memory cached:  426.0
	 epoch  60 training error:  tensor(0.5668, device='cuda:0', grad_fn=<DivBackward0>)
Memory status after this epoch: 
Memory allocated:  228.72607421875
Memory cached:  424.0
	 epoch  70 training error:  tensor(0.5498, device='cuda:0', grad_fn=<DivBackward0>)
Memory status after this epoch: 
Memory allocated:  228.72607421875
Memory cached:  426.0
	 epoch  80 training error:  tensor(0.5336, device='cuda:0', grad_fn=<DivBackward0>)
Memory status after this epoch: 
Memory allocated:  228.72607421875
Memory cached:  426.0
	 epoch  90 training error:  tensor(0.5567, device='cuda:0', grad_fn=<DivBackward0>)
Memory status after this epoch: 
Memory allocated:  228.72607421875
Memory cached:  418.0
