[I 2024-01-11 11:25:13,037] Trial 3 finished with value: 0.2952786386013031 and parameters: {'W_layers': 7, 'W_layer_units_exponent_0': 10, 'W_layer_units_exponent_1': 9, 'W_layer_units_exponent_2': 5, 'W_layer_units_exponent_3': 10, 'W_layer_units_exponent_4': 4, 'W_layer_units_exponent_5': 8, 'W_layer_units_exponent_6': 4, 'D_layers': 4, 'D_layer_units_exponent_0': 6, 'D_layer_units_exponent_1': 6, 'D_layer_units_exponent_2': 5, 'D_layer_units_exponent_3': 9, 'D_dagger_layers': 3, 'D_dagger_layer_units_exponent_0': 6, 'D_dagger_layer_units_exponent_1': 9, 'D_dagger_layer_units_exponent_2': 10, 'log_learning_rate': -2.1253771908060357, 'log_learning_rate_D': -4.945982429189173, 'log_learning_rate_D_dagger': -1.1013133723664539, 'training_batch_size': 12, 'training_p': 2}. Best is trial 1 with value: 0.21268132328987122.
Time for this trial:  40.03483247756958
Memory status after this trial: 
Memory allocated:  694.87060546875
Memory cached:  742.0
--------------------  Trial  4   --------------------
Start timing: 
Parameters: 
{'W_layers': 2, 'W_layer_units_exponent_0': 5, 'W_layer_units_exponent_1': 9, 'D_layers': 8, 'D_layer_units_exponent_0': 6, 'D_layer_units_exponent_1': 6, 'D_layer_units_exponent_2': 4, 'D_layer_units_exponent_3': 9, 'D_layer_units_exponent_4': 4, 'D_layer_units_exponent_5': 9, 'D_layer_units_exponent_6': 8, 'D_layer_units_exponent_7': 7, 'D_dagger_layers': 7, 'D_dagger_layer_units_exponent_0': 6, 'D_dagger_layer_units_exponent_1': 10, 'D_dagger_layer_units_exponent_2': 7, 'D_dagger_layer_units_exponent_3': 8, 'D_dagger_layer_units_exponent_4': 7, 'D_dagger_layer_units_exponent_5': 5, 'D_dagger_layer_units_exponent_6': 9, 'log_learning_rate': -1.0837623929592581, 'log_learning_rate_D': -2.316305786482082, 'log_learning_rate_D_dagger': -3.0327501019645298, 'training_batch_size': 6, 'training_p': 5}
	 epoch  0 training error:  tensor(18.1132, device='cuda:0', grad_fn=<DivBackward0>)
Memory status after this epoch: 
Memory allocated:  220.03857421875
Memory cached:  278.0
	 epoch  10 training error:  tensor(0.7136, device='cuda:0', grad_fn=<DivBackward0>)
Memory status after this epoch: 
Memory allocated:  220.03857421875
Memory cached:  278.0
	 epoch  20 training error:  tensor(0.3805, device='cuda:0', grad_fn=<DivBackward0>)
Memory status after this epoch: 
Memory allocated:  220.03857421875
Memory cached:  278.0
	 epoch  30 training error:  tensor(0.3424, device='cuda:0', grad_fn=<DivBackward0>)
Memory status after this epoch: 
Memory allocated:  220.03857421875
Memory cached:  278.0
	 epoch  40 training error:  tensor(0.3266, device='cuda:0', grad_fn=<DivBackward0>)
Memory status after this epoch: 
Memory allocated:  220.03857421875
Memory cached:  278.0
	 epoch  50 training error:  tensor(0.3250, device='cuda:0', grad_fn=<DivBackward0>)
Memory status after this epoch: 
Memory allocated:  220.03857421875
Memory cached:  278.0
	 epoch  60 training error:  tensor(0.3312, device='cuda:0', grad_fn=<DivBackward0>)
Memory status after this epoch: 
Memory allocated:  220.03857421875
Memory cached:  278.0
	 epoch  70 training error:  tensor(0.3236, device='cuda:0', grad_fn=<DivBackward0>)
Memory status after this epoch: 
Memory allocated:  220.03857421875
Memory cached:  278.0
	 epoch  80 training error:  tensor(0.3206, device='cuda:0', grad_fn=<DivBackward0>)
Memory status after this epoch: 
Memory allocated:  220.03857421875
Memory cached:  278.0
	 epoch  90 training error:  tensor(0.3214, device='cuda:0', grad_fn=<DivBackward0>)
Memory status after this epoch: 
Memory allocated:  220.03857421875
Memory cached:  278.0
[I 2024-01-11 11:25:39,189] Trial 4 finished with value: 0.28196755051612854 and parameters: {'W_layers': 2, 'W_layer_units_exponent_0': 5, 'W_layer_units_exponent_1': 9, 'D_layers': 8, 'D_layer_units_exponent_0': 6, 'D_layer_units_exponent_1': 6, 'D_layer_units_exponent_2': 4, 'D_layer_units_exponent_3': 9, 'D_layer_units_exponent_4': 4, 'D_layer_units_exponent_5': 9, 'D_layer_units_exponent_6': 8, 'D_layer_units_exponent_7': 7, 'D_dagger_layers': 7, 'D_dagger_layer_units_exponent_0': 6, 'D_dagger_layer_units_exponent_1': 10, 'D_dagger_layer_units_exponent_2': 7, 'D_dagger_layer_units_exponent_3': 8, 'D_dagger_layer_units_exponent_4': 7, 'D_dagger_layer_units_exponent_5': 5, 'D_dagger_layer_units_exponent_6': 9, 'log_learning_rate': -1.0837623929592581, 'log_learning_rate_D': -2.316305786482082, 'log_learning_rate_D_dagger': -3.0327501019645298, 'training_batch_size': 6, 'training_p': 5}. Best is trial 1 with value: 0.21268132328987122.
Time for this trial:  25.90881633758545
Memory status after this trial: 
Memory allocated:  494.34228515625
Memory cached:  522.0
--------------------  Trial  5   --------------------
Start timing: 
Parameters: 
{'W_layers': 8, 'W_layer_units_exponent_0': 8, 'W_layer_units_exponent_1': 10, 'W_layer_units_exponent_2': 6, 'W_layer_units_exponent_3': 6, 'W_layer_units_exponent_4': 9, 'W_layer_units_exponent_5': 5, 'W_layer_units_exponent_6': 8, 'W_layer_units_exponent_7': 4, 'D_layers': 3, 'D_layer_units_exponent_0': 9, 'D_layer_units_exponent_1': 5, 'D_layer_units_exponent_2': 8, 'D_dagger_layers': 5, 'D_dagger_layer_units_exponent_0': 6, 'D_dagger_layer_units_exponent_1': 6, 'D_dagger_layer_units_exponent_2': 4, 'D_dagger_layer_units_exponent_3': 6, 'D_dagger_layer_units_exponent_4': 5, 'log_learning_rate': -1.1695427411129233, 'log_learning_rate_D': -2.41352053764214, 'log_learning_rate_D_dagger': -2.4082512775450953, 'training_batch_size': 6, 'training_p': 2}
	 epoch  0 training error:  tensor(49.4636, device='cuda:0', grad_fn=<DivBackward0>)
Memory status after this epoch: 
Memory allocated:  220.947265625
Memory cached:  278.0
	 epoch  10 training error:  tensor(0.4290, device='cuda:0', grad_fn=<DivBackward0>)
Memory status after this epoch: 
Memory allocated:  220.947265625
Memory cached:  278.0
	 epoch  20 training error:  tensor(0.2298, device='cuda:0', grad_fn=<DivBackward0>)
Memory status after this epoch: 
Memory allocated:  220.947265625
Memory cached:  278.0
	 epoch  30 training error:  tensor(0.1944, device='cuda:0', grad_fn=<DivBackward0>)
Memory status after this epoch: 
Memory allocated:  220.947265625
Memory cached:  278.0
	 epoch  40 training error:  tensor(0.1867, device='cuda:0', grad_fn=<DivBackward0>)
Memory status after this epoch: 
Memory allocated:  220.947265625
Memory cached:  278.0
	 epoch  50 training error:  tensor(0.1873, device='cuda:0', grad_fn=<DivBackward0>)
Memory status after this epoch: 
Memory allocated:  220.947265625
Memory cached:  278.0
	 epoch  60 training error:  tensor(0.1845, device='cuda:0', grad_fn=<DivBackward0>)
Memory status after this epoch: 
Memory allocated:  220.947265625
Memory cached:  278.0
	 epoch  70 training error:  tensor(0.1872, device='cuda:0', grad_fn=<DivBackward0>)
Memory status after this epoch: 
Memory allocated:  220.947265625
Memory cached:  278.0
	 epoch  80 training error:  tensor(0.1944, device='cuda:0', grad_fn=<DivBackward0>)
Memory status after this epoch: 
Memory allocated:  220.947265625
Memory cached:  278.0
	 epoch  90 training error:  tensor(0.1841, device='cuda:0', grad_fn=<DivBackward0>)
Memory status after this epoch: 
Memory allocated:  220.947265625
Memory cached:  278.0
[I 2024-01-11 11:26:08,235] Trial 5 finished with value: 0.20849008858203888 and parameters: {'W_layers': 8, 'W_layer_units_exponent_0': 8, 'W_layer_units_exponent_1': 10, 'W_layer_units_exponent_2': 6, 'W_layer_units_exponent_3': 6, 'W_layer_units_exponent_4': 9, 'W_layer_units_exponent_5': 5, 'W_layer_units_exponent_6': 8, 'W_layer_units_exponent_7': 4, 'D_layers': 3, 'D_layer_units_exponent_0': 9, 'D_layer_units_exponent_1': 5, 'D_layer_units_exponent_2': 8, 'D_dagger_layers': 5, 'D_dagger_layer_units_exponent_0': 6, 'D_dagger_layer_units_exponent_1': 6, 'D_dagger_layer_units_exponent_2': 4, 'D_dagger_layer_units_exponent_3': 6, 'D_dagger_layer_units_exponent_4': 5, 'log_learning_rate': -1.1695427411129233, 'log_learning_rate_D': -2.41352053764214, 'log_learning_rate_D_dagger': -2.4082512775450953, 'training_batch_size': 6, 'training_p': 2}. Best is trial 5 with value: 0.20849008858203888.
res:  tensor(0.2085, device='cuda:0', grad_fn=<DivBackward0>)
self.bestValue:  tensor(0.2127, device='cuda:0', grad_fn=<DivBackward0>)
Save this model!
Time for this trial:  28.812814950942993
Memory status after this trial: 
Memory allocated:  269.99267578125
Memory cached:  330.0
--------------------  Trial  6   --------------------
Start timing: 
Parameters: 
{'W_layers': 7, 'W_layer_units_exponent_0': 4, 'W_layer_units_exponent_1': 8, 'W_layer_units_exponent_2': 8, 'W_layer_units_exponent_3': 8, 'W_layer_units_exponent_4': 7, 'W_layer_units_exponent_5': 5, 'W_layer_units_exponent_6': 10, 'D_layers': 6, 'D_layer_units_exponent_0': 4, 'D_layer_units_exponent_1': 5, 'D_layer_units_exponent_2': 7, 'D_layer_units_exponent_3': 10, 'D_layer_units_exponent_4': 10, 'D_layer_units_exponent_5': 7, 'D_dagger_layers': 6, 'D_dagger_layer_units_exponent_0': 9, 'D_dagger_layer_units_exponent_1': 10, 'D_dagger_layer_units_exponent_2': 4, 'D_dagger_layer_units_exponent_3': 10, 'D_dagger_layer_units_exponent_4': 10, 'D_dagger_layer_units_exponent_5': 8, 'log_learning_rate': -1.1192414412834717, 'log_learning_rate_D': -1.977615759963506, 'log_learning_rate_D_dagger': -4.4513126852263465, 'training_batch_size': 7, 'training_p': 3}
	 epoch  0 training error:  tensor(1.4209, device='cuda:0', grad_fn=<DivBackward0>)
Memory status after this epoch: 
Memory allocated:  307.9853515625
Memory cached:  354.0
	 epoch  10 training error:  tensor(565974.3125, device='cuda:0', grad_fn=<DivBackward0>)
Memory status after this epoch: 
Memory allocated:  307.9853515625
Memory cached:  354.0
	 epoch  20 training error:  tensor(13198.2109, device='cuda:0', grad_fn=<DivBackward0>)
Memory status after this epoch: 
Memory allocated:  307.9853515625
Memory cached:  354.0
	 epoch  30 training error:  tensor(2371.9900, device='cuda:0', grad_fn=<DivBackward0>)
Memory status after this epoch: 
Memory allocated:  307.9853515625
Memory cached:  354.0
	 epoch  40 training error:  tensor(525.6774, device='cuda:0', grad_fn=<DivBackward0>)
Memory status after this epoch: 
Memory allocated:  307.9853515625
Memory cached:  354.0
	 epoch  50 training error:  tensor(284.5783, device='cuda:0', grad_fn=<DivBackward0>)
Memory status after this epoch: 
Memory allocated:  307.9853515625
Memory cached:  354.0
	 epoch  60 training error:  tensor(131.9241, device='cuda:0', grad_fn=<DivBackward0>)
Memory status after this epoch: 
Memory allocated:  307.9853515625
Memory cached:  354.0
	 epoch  70 training error:  tensor(163.2165, device='cuda:0', grad_fn=<DivBackward0>)
Memory status after this epoch: 
Memory allocated:  307.9853515625
Memory cached:  354.0
	 epoch  80 training error:  tensor(1699.1078, device='cuda:0', grad_fn=<DivBackward0>)
Memory status after this epoch: 
Memory allocated:  307.9853515625
Memory cached:  354.0
	 epoch  90 training error:  tensor(575.2765, device='cuda:0', grad_fn=<DivBackward0>)
Memory status after this epoch: 
Memory allocated:  307.9853515625
Memory cached:  354.0
[I 2024-01-11 11:26:58,192] Trial 6 finished with value: 134.0703887939453 and parameters: {'W_layers': 7, 'W_layer_units_exponent_0': 4, 'W_layer_units_exponent_1': 8, 'W_layer_units_exponent_2': 8, 'W_layer_units_exponent_3': 8, 'W_layer_units_exponent_4': 7, 'W_layer_units_exponent_5': 5, 'W_layer_units_exponent_6': 10, 'D_layers': 6, 'D_layer_units_exponent_0': 4, 'D_layer_units_exponent_1': 5, 'D_layer_units_exponent_2': 7, 'D_layer_units_exponent_3': 10, 'D_layer_units_exponent_4': 10, 'D_layer_units_exponent_5': 7, 'D_dagger_layers': 6, 'D_dagger_layer_units_exponent_0': 9, 'D_dagger_layer_units_exponent_1': 10, 'D_dagger_layer_units_exponent_2': 4, 'D_dagger_layer_units_exponent_3': 10, 'D_dagger_layer_units_exponent_4': 10, 'D_dagger_layer_units_exponent_5': 8, 'log_learning_rate': -1.1192414412834717, 'log_learning_rate_D': -1.977615759963506, 'log_learning_rate_D_dagger': -4.4513126852263465, 'training_batch_size': 7, 'training_p': 3}. Best is trial 5 with value: 0.20849008858203888.
Time for this trial:  49.70423626899719
Memory status after this trial: 
Memory allocated:  902.61083984375
Memory cached:  954.0
--------------------  Trial  7   --------------------
Start timing: 
Parameters: 
{'W_layers': 3, 'W_layer_units_exponent_0': 7, 'W_layer_units_exponent_1': 6, 'W_layer_units_exponent_2': 10, 'D_layers': 5, 'D_layer_units_exponent_0': 4, 'D_layer_units_exponent_1': 6, 'D_layer_units_exponent_2': 7, 'D_layer_units_exponent_3': 5, 'D_layer_units_exponent_4': 4, 'D_dagger_layers': 6, 'D_dagger_layer_units_exponent_0': 4, 'D_dagger_layer_units_exponent_1': 10, 'D_dagger_layer_units_exponent_2': 5, 'D_dagger_layer_units_exponent_3': 10, 'D_dagger_layer_units_exponent_4': 9, 'D_dagger_layer_units_exponent_5': 9, 'log_learning_rate': -4.093135619507377, 'log_learning_rate_D': -2.9730887874771517, 'log_learning_rate_D_dagger': -2.9261720585962943, 'training_batch_size': 9, 'training_p': 7}
	 epoch  0 training error:  tensor(0.8335, device='cuda:0', grad_fn=<DivBackward0>)
Memory status after this epoch: 
Memory allocated:  285.00537109375
Memory cached:  346.0
	 epoch  10 training error:  tensor(0.4538, device='cuda:0', grad_fn=<DivBackward0>)
Memory status after this epoch: 
Memory allocated:  285.00537109375
Memory cached:  346.0
	 epoch  20 training error:  tensor(0.4190, device='cuda:0', grad_fn=<DivBackward0>)
Memory status after this epoch: 
Memory allocated:  285.00537109375
Memory cached:  346.0
	 epoch  30 training error:  tensor(0.3993, device='cuda:0', grad_fn=<DivBackward0>)
Memory status after this epoch: 
Memory allocated:  285.00537109375
Memory cached:  346.0
	 epoch  40 training error:  tensor(0.3796, device='cuda:0', grad_fn=<DivBackward0>)
Memory status after this epoch: 
Memory allocated:  285.00537109375
Memory cached:  346.0
	 epoch  50 training error:  tensor(0.3781, device='cuda:0', grad_fn=<DivBackward0>)
Memory status after this epoch: 
Memory allocated:  285.00537109375
Memory cached:  346.0
	 epoch  60 training error:  tensor(0.3735, device='cuda:0', grad_fn=<DivBackward0>)
Memory status after this epoch: 
Memory allocated:  285.00537109375
Memory cached:  346.0
	 epoch  70 training error:  tensor(0.3767, device='cuda:0', grad_fn=<DivBackward0>)
Memory status after this epoch: 
Memory allocated:  285.00537109375
Memory cached:  346.0
	 epoch  80 training error:  tensor(0.3718, device='cuda:0', grad_fn=<DivBackward0>)
Memory status after this epoch: 
Memory allocated:  285.00537109375
Memory cached:  346.0
	 epoch  90 training error:  tensor(0.3702, device='cuda:0', grad_fn=<DivBackward0>)
Memory status after this epoch: 
Memory allocated:  285.00537109375
Memory cached:  346.0
[I 2024-01-11 11:27:38,228] Trial 7 finished with value: 0.229418084025383 and parameters: {'W_layers': 3, 'W_layer_units_exponent_0': 7, 'W_layer_units_exponent_1': 6, 'W_layer_units_exponent_2': 10, 'D_layers': 5, 'D_layer_units_exponent_0': 4, 'D_layer_units_exponent_1': 6, 'D_layer_units_exponent_2': 7, 'D_layer_units_exponent_3': 5, 'D_layer_units_exponent_4': 4, 'D_dagger_layers': 6, 'D_dagger_layer_units_exponent_0': 4, 'D_dagger_layer_units_exponent_1': 10, 'D_dagger_layer_units_exponent_2': 5, 'D_dagger_layer_units_exponent_3': 10, 'D_dagger_layer_units_exponent_4': 9, 'D_dagger_layer_units_exponent_5': 9, 'log_learning_rate': -4.093135619507377, 'log_learning_rate_D': -2.9730887874771517, 'log_learning_rate_D_dagger': -2.9261720585962943, 'training_batch_size': 9, 'training_p': 7}. Best is trial 5 with value: 0.20849008858203888.
Time for this trial:  39.80499529838562
Memory status after this trial: 
Memory allocated:  726.85009765625
Memory cached:  774.0
--------------------  Trial  8   --------------------
Start timing: 
Parameters: 
{'W_layers': 6, 'W_layer_units_exponent_0': 8, 'W_layer_units_exponent_1': 7, 'W_layer_units_exponent_2': 4, 'W_layer_units_exponent_3': 6, 'W_layer_units_exponent_4': 6, 'W_layer_units_exponent_5': 6, 'D_layers': 3, 'D_layer_units_exponent_0': 6, 'D_layer_units_exponent_1': 4, 'D_layer_units_exponent_2': 9, 'D_dagger_layers': 2, 'D_dagger_layer_units_exponent_0': 5, 'D_dagger_layer_units_exponent_1': 8, 'log_learning_rate': -4.044623063154461, 'log_learning_rate_D': -4.633624387180314, 'log_learning_rate_D_dagger': -4.280820090813096, 'training_batch_size': 10, 'training_p': 2}
	 epoch  0 training error:  tensor(1.1683, device='cuda:0', grad_fn=<DivBackward0>)
Memory status after this epoch: 
Memory allocated:  270.92333984375
Memory cached:  330.0
	 epoch  10 training error:  tensor(0.9242, device='cuda:0', grad_fn=<DivBackward0>)
Memory status after this epoch: 
Memory allocated:  270.92333984375
Memory cached:  330.0
	 epoch  20 training error:  tensor(0.6641, device='cuda:0', grad_fn=<DivBackward0>)
Memory status after this epoch: 
Memory allocated:  270.92333984375
Memory cached:  330.0
	 epoch  30 training error:  tensor(0.5544, device='cuda:0', grad_fn=<DivBackward0>)
Memory status after this epoch: 
Memory allocated:  270.92333984375
Memory cached:  330.0
	 epoch  40 training error:  tensor(0.5324, device='cuda:0', grad_fn=<DivBackward0>)
Memory status after this epoch: 
Memory allocated:  270.92333984375
Memory cached:  330.0
	 epoch  50 training error:  tensor(0.5092, device='cuda:0', grad_fn=<DivBackward0>)
Memory status after this epoch: 
Memory allocated:  270.92333984375
Memory cached:  330.0
	 epoch  60 training error:  tensor(0.4819, device='cuda:0', grad_fn=<DivBackward0>)
Memory status after this epoch: 
Memory allocated:  270.92333984375
Memory cached:  330.0
	 epoch  70 training error:  tensor(0.4559, device='cuda:0', grad_fn=<DivBackward0>)
Memory status after this epoch: 
Memory allocated:  270.92333984375
Memory cached:  330.0
	 epoch  80 training error:  tensor(0.4300, device='cuda:0', grad_fn=<DivBackward0>)
Memory status after this epoch: 
Memory allocated:  270.92333984375
Memory cached:  330.0
	 epoch  90 training error:  tensor(0.4042, device='cuda:0', grad_fn=<DivBackward0>)
Memory status after this epoch: 
Memory allocated:  270.92333984375
Memory cached:  330.0
[I 2024-01-11 11:28:13,995] Trial 8 finished with value: 0.36750227212905884 and parameters: {'W_layers': 6, 'W_layer_units_exponent_0': 8, 'W_layer_units_exponent_1': 7, 'W_layer_units_exponent_2': 4, 'W_layer_units_exponent_3': 6, 'W_layer_units_exponent_4': 6, 'W_layer_units_exponent_5': 6, 'D_layers': 3, 'D_layer_units_exponent_0': 6, 'D_layer_units_exponent_1': 4, 'D_layer_units_exponent_2': 9, 'D_dagger_layers': 2, 'D_dagger_layer_units_exponent_0': 5, 'D_dagger_layer_units_exponent_1': 8, 'log_learning_rate': -4.044623063154461, 'log_learning_rate_D': -4.633624387180314, 'log_learning_rate_D_dagger': -4.280820090813096, 'training_batch_size': 10, 'training_p': 2}. Best is trial 5 with value: 0.20849008858203888.
Time for this trial:  35.52009296417236
Memory status after this trial: 
Memory allocated:  361.56689453125
Memory cached:  376.0
--------------------  Trial  9   --------------------
Start timing: 
Parameters: 
{'W_layers': 6, 'W_layer_units_exponent_0': 5, 'W_layer_units_exponent_1': 6, 'W_layer_units_exponent_2': 5, 'W_layer_units_exponent_3': 4, 'W_layer_units_exponent_4': 8, 'W_layer_units_exponent_5': 6, 'D_layers': 7, 'D_layer_units_exponent_0': 6, 'D_layer_units_exponent_1': 6, 'D_layer_units_exponent_2': 5, 'D_layer_units_exponent_3': 9, 'D_layer_units_exponent_4': 5, 'D_layer_units_exponent_5': 10, 'D_layer_units_exponent_6': 4, 'D_dagger_layers': 4, 'D_dagger_layer_units_exponent_0': 6, 'D_dagger_layer_units_exponent_1': 4, 'D_dagger_layer_units_exponent_2': 5, 'D_dagger_layer_units_exponent_3': 5, 'log_learning_rate': -3.0402460475610664, 'log_learning_rate_D': -3.22761806174532, 'log_learning_rate_D_dagger': -3.3800106158135046, 'training_batch_size': 12, 'training_p': 8}
	 epoch  0 training error:  tensor(0.9831, device='cuda:0', grad_fn=<DivBackward0>)
Memory status after this epoch: 
Memory allocated:  270.85107421875
Memory cached:  330.0
	 epoch  10 training error:  tensor(0.6254, device='cuda:0', grad_fn=<DivBackward0>)
Memory status after this epoch: 
Memory allocated:  270.85107421875
Memory cached:  330.0
	 epoch  20 training error:  tensor(0.5777, device='cuda:0', grad_fn=<DivBackward0>)
Memory status after this epoch: 
Memory allocated:  270.85107421875
Memory cached:  330.0
	 epoch  30 training error:  tensor(0.5158, device='cuda:0', grad_fn=<DivBackward0>)
Memory status after this epoch: 
Memory allocated:  270.85107421875
Memory cached:  330.0
	 epoch  40 training error:  tensor(0.4451, device='cuda:0', grad_fn=<DivBackward0>)
Memory status after this epoch: 
Memory allocated:  270.85107421875
Memory cached:  330.0
	 epoch  50 training error:  tensor(0.4306, device='cuda:0', grad_fn=<DivBackward0>)
Memory status after this epoch: 
Memory allocated:  270.85107421875
Memory cached:  330.0
	 epoch  60 training error:  tensor(0.4156, device='cuda:0', grad_fn=<DivBackward0>)
Memory status after this epoch: 
Memory allocated:  270.85107421875
Memory cached:  330.0
	 epoch  70 training error:  tensor(0.4114, device='cuda:0', grad_fn=<DivBackward0>)
Memory status after this epoch: 
Memory allocated:  270.85107421875
Memory cached:  330.0
	 epoch  80 training error:  tensor(0.4064, device='cuda:0', grad_fn=<DivBackward0>)
Memory status after this epoch: 
Memory allocated:  270.85107421875
Memory cached:  330.0
	 epoch  90 training error:  tensor(0.4021, device='cuda:0', grad_fn=<DivBackward0>)
Memory status after this epoch: 
Memory allocated:  270.85107421875
Memory cached:  330.0
