[I 2024-01-12 18:09:18,376] Trial 15 finished with value: 0.09831138700246811 and parameters: {'W_layers': 7, 'W_layer_units_exponent_0': 6, 'W_layer_units_exponent_1': 7, 'W_layer_units_exponent_2': 10, 'W_layer_units_exponent_3': 6, 'W_layer_units_exponent_4': 4, 'W_layer_units_exponent_5': 9, 'W_layer_units_exponent_6': 6, 'D_layers': 6, 'D_layer_units_exponent_0': 9, 'D_layer_units_exponent_1': 5, 'D_layer_units_exponent_2': 7, 'D_layer_units_exponent_3': 6, 'D_layer_units_exponent_4': 4, 'D_layer_units_exponent_5': 7, 'D_dagger_layers': 6, 'D_dagger_layer_units_exponent_0': 10, 'D_dagger_layer_units_exponent_1': 10, 'D_dagger_layer_units_exponent_2': 6, 'D_dagger_layer_units_exponent_3': 5, 'D_dagger_layer_units_exponent_4': 6, 'D_dagger_layer_units_exponent_5': 5, 'log_learning_rate': -3.611422260675111, 'log_learning_rate_D': -3.1281713263682627, 'log_learning_rate_D_dagger': -2.9912430510203154, 'training_batch_size': 7, 'training_p': 6}. Best is trial 12 with value: 0.08946546912193298.
Time for this trial:  442.208455324173
Memory status after this trial: 
Memory allocated:  954.52001953125
Memory cached:  970.0
--------------------  Trial  16   --------------------
Start timing: 
Parameters: 
{'W_layers': 8, 'W_layer_units_exponent_0': 4, 'W_layer_units_exponent_1': 8, 'W_layer_units_exponent_2': 8, 'W_layer_units_exponent_3': 6, 'W_layer_units_exponent_4': 6, 'W_layer_units_exponent_5': 8, 'W_layer_units_exponent_6': 6, 'W_layer_units_exponent_7': 4, 'D_layers': 6, 'D_layer_units_exponent_0': 9, 'D_layer_units_exponent_1': 5, 'D_layer_units_exponent_2': 7, 'D_layer_units_exponent_3': 6, 'D_layer_units_exponent_4': 5, 'D_layer_units_exponent_5': 6, 'D_dagger_layers': 7, 'D_dagger_layer_units_exponent_0': 6, 'D_dagger_layer_units_exponent_1': 10, 'D_dagger_layer_units_exponent_2': 4, 'D_dagger_layer_units_exponent_3': 9, 'D_dagger_layer_units_exponent_4': 6, 'D_dagger_layer_units_exponent_5': 8, 'D_dagger_layer_units_exponent_6': 10, 'log_learning_rate': -3.8253197252835407, 'log_learning_rate_D': -4.1789699523126655, 'log_learning_rate_D_dagger': -2.1698106150479504, 'training_batch_size': 7, 'training_p': 5}
	 epoch  0 training error:  tensor(1.2250, device='cuda:0', grad_fn=<DivBackward0>)
Memory status after this epoch: 
Memory allocated:  423.2080078125
Memory cached:  668.0
	 epoch  10 training error:  tensor(3.0590, device='cuda:0', grad_fn=<DivBackward0>)
Memory status after this epoch: 
Memory allocated:  423.2080078125
Memory cached:  704.0
	 epoch  20 training error:  tensor(0.6509, device='cuda:0', grad_fn=<DivBackward0>)
Memory status after this epoch: 
Memory allocated:  423.2080078125
Memory cached:  710.0
	 epoch  30 training error:  tensor(0.2229, device='cuda:0', grad_fn=<DivBackward0>)
Memory status after this epoch: 
Memory allocated:  423.2080078125
Memory cached:  708.0
	 epoch  40 training error:  tensor(0.1934, device='cuda:0', grad_fn=<DivBackward0>)
Memory status after this epoch: 
Memory allocated:  423.2080078125
Memory cached:  706.0
	 epoch  50 training error:  tensor(0.2184, device='cuda:0', grad_fn=<DivBackward0>)
Memory status after this epoch: 
Memory allocated:  423.2080078125
Memory cached:  706.0
	 epoch  60 training error:  tensor(0.1576, device='cuda:0', grad_fn=<DivBackward0>)
Memory status after this epoch: 
Memory allocated:  423.2080078125
Memory cached:  698.0
	 epoch  70 training error:  tensor(0.1217, device='cuda:0', grad_fn=<DivBackward0>)
Memory status after this epoch: 
Memory allocated:  423.2080078125
Memory cached:  704.0
	 epoch  80 training error:  tensor(0.1206, device='cuda:0', grad_fn=<DivBackward0>)
Memory status after this epoch: 
Memory allocated:  423.2080078125
Memory cached:  706.0
	 epoch  90 training error:  tensor(0.1325, device='cuda:0', grad_fn=<DivBackward0>)
Memory status after this epoch: 
Memory allocated:  423.2080078125
Memory cached:  702.0
[I 2024-01-12 18:17:09,832] Trial 16 finished with value: 0.11315562576055527 and parameters: {'W_layers': 8, 'W_layer_units_exponent_0': 4, 'W_layer_units_exponent_1': 8, 'W_layer_units_exponent_2': 8, 'W_layer_units_exponent_3': 6, 'W_layer_units_exponent_4': 6, 'W_layer_units_exponent_5': 8, 'W_layer_units_exponent_6': 6, 'W_layer_units_exponent_7': 4, 'D_layers': 6, 'D_layer_units_exponent_0': 9, 'D_layer_units_exponent_1': 5, 'D_layer_units_exponent_2': 7, 'D_layer_units_exponent_3': 6, 'D_layer_units_exponent_4': 5, 'D_layer_units_exponent_5': 6, 'D_dagger_layers': 7, 'D_dagger_layer_units_exponent_0': 6, 'D_dagger_layer_units_exponent_1': 10, 'D_dagger_layer_units_exponent_2': 4, 'D_dagger_layer_units_exponent_3': 9, 'D_dagger_layer_units_exponent_4': 6, 'D_dagger_layer_units_exponent_5': 8, 'D_dagger_layer_units_exponent_6': 10, 'log_learning_rate': -3.8253197252835407, 'log_learning_rate_D': -4.1789699523126655, 'log_learning_rate_D_dagger': -2.1698106150479504, 'training_batch_size': 7, 'training_p': 5}. Best is trial 12 with value: 0.08946546912193298.
Time for this trial:  470.94380831718445
Memory status after this trial: 
Memory allocated:  912.494140625
Memory cached:  918.0
--------------------  Trial  17   --------------------
Start timing: 
Parameters: 
{'W_layers': 7, 'W_layer_units_exponent_0': 8, 'W_layer_units_exponent_1': 6, 'W_layer_units_exponent_2': 9, 'W_layer_units_exponent_3': 5, 'W_layer_units_exponent_4': 7, 'W_layer_units_exponent_5': 7, 'W_layer_units_exponent_6': 4, 'D_layers': 7, 'D_layer_units_exponent_0': 9, 'D_layer_units_exponent_1': 7, 'D_layer_units_exponent_2': 8, 'D_layer_units_exponent_3': 4, 'D_layer_units_exponent_4': 9, 'D_layer_units_exponent_5': 10, 'D_layer_units_exponent_6': 10, 'D_dagger_layers': 5, 'D_dagger_layer_units_exponent_0': 8, 'D_dagger_layer_units_exponent_1': 8, 'D_dagger_layer_units_exponent_2': 5, 'D_dagger_layer_units_exponent_3': 7, 'D_dagger_layer_units_exponent_4': 8, 'log_learning_rate': -4.065319770344442, 'log_learning_rate_D': -3.4040247246947364, 'log_learning_rate_D_dagger': -3.90825093558021, 'training_batch_size': 9, 'training_p': 6}
	 epoch  0 training error:  tensor(0.9941, device='cuda:0', grad_fn=<DivBackward0>)
Memory status after this epoch: 
Memory allocated:  443.4736328125
Memory cached:  694.0
	 epoch  10 training error:  tensor(0.5328, device='cuda:0', grad_fn=<DivBackward0>)
Memory status after this epoch: 
Memory allocated:  443.4736328125
Memory cached:  720.0
	 epoch  20 training error:  tensor(0.3392, device='cuda:0', grad_fn=<DivBackward0>)
Memory status after this epoch: 
Memory allocated:  443.4736328125
Memory cached:  716.0
	 epoch  30 training error:  tensor(0.1913, device='cuda:0', grad_fn=<DivBackward0>)
Memory status after this epoch: 
Memory allocated:  443.4736328125
Memory cached:  714.0
	 epoch  40 training error:  tensor(0.1823, device='cuda:0', grad_fn=<DivBackward0>)
Memory status after this epoch: 
Memory allocated:  443.4736328125
Memory cached:  720.0
	 epoch  50 training error:  tensor(0.1682, device='cuda:0', grad_fn=<DivBackward0>)
Memory status after this epoch: 
Memory allocated:  443.4736328125
Memory cached:  716.0
	 epoch  60 training error:  tensor(0.1604, device='cuda:0', grad_fn=<DivBackward0>)
Memory status after this epoch: 
Memory allocated:  443.4736328125
Memory cached:  722.0
	 epoch  70 training error:  tensor(0.1469, device='cuda:0', grad_fn=<DivBackward0>)
Memory status after this epoch: 
Memory allocated:  443.4736328125
Memory cached:  732.0
	 epoch  80 training error:  tensor(0.1486, device='cuda:0', grad_fn=<DivBackward0>)
Memory status after this epoch: 
Memory allocated:  443.4736328125
Memory cached:  724.0
	 epoch  90 training error:  tensor(0.1421, device='cuda:0', grad_fn=<DivBackward0>)
Memory status after this epoch: 
Memory allocated:  443.4736328125
Memory cached:  722.0
[I 2024-01-12 18:21:53,230] Trial 17 finished with value: 0.10252220928668976 and parameters: {'W_layers': 7, 'W_layer_units_exponent_0': 8, 'W_layer_units_exponent_1': 6, 'W_layer_units_exponent_2': 9, 'W_layer_units_exponent_3': 5, 'W_layer_units_exponent_4': 7, 'W_layer_units_exponent_5': 7, 'W_layer_units_exponent_6': 4, 'D_layers': 7, 'D_layer_units_exponent_0': 9, 'D_layer_units_exponent_1': 7, 'D_layer_units_exponent_2': 8, 'D_layer_units_exponent_3': 4, 'D_layer_units_exponent_4': 9, 'D_layer_units_exponent_5': 10, 'D_layer_units_exponent_6': 10, 'D_dagger_layers': 5, 'D_dagger_layer_units_exponent_0': 8, 'D_dagger_layer_units_exponent_1': 8, 'D_dagger_layer_units_exponent_2': 5, 'D_dagger_layer_units_exponent_3': 7, 'D_dagger_layer_units_exponent_4': 8, 'log_learning_rate': -4.065319770344442, 'log_learning_rate_D': -3.4040247246947364, 'log_learning_rate_D_dagger': -3.90825093558021, 'training_batch_size': 9, 'training_p': 6}. Best is trial 12 with value: 0.08946546912193298.
Time for this trial:  282.91578006744385
Memory status after this trial: 
Memory allocated:  997.32177734375
Memory cached:  1010.0
--------------------  Trial  18   --------------------
Start timing: 
Parameters: 
{'W_layers': 7, 'W_layer_units_exponent_0': 9, 'W_layer_units_exponent_1': 9, 'W_layer_units_exponent_2': 7, 'W_layer_units_exponent_3': 7, 'W_layer_units_exponent_4': 6, 'W_layer_units_exponent_5': 5, 'W_layer_units_exponent_6': 8, 'D_layers': 6, 'D_layer_units_exponent_0': 7, 'D_layer_units_exponent_1': 5, 'D_layer_units_exponent_2': 6, 'D_layer_units_exponent_3': 5, 'D_layer_units_exponent_4': 6, 'D_layer_units_exponent_5': 8, 'D_dagger_layers': 7, 'D_dagger_layer_units_exponent_0': 6, 'D_dagger_layer_units_exponent_1': 9, 'D_dagger_layer_units_exponent_2': 8, 'D_dagger_layer_units_exponent_3': 10, 'D_dagger_layer_units_exponent_4': 6, 'D_dagger_layer_units_exponent_5': 6, 'D_dagger_layer_units_exponent_6': 9, 'log_learning_rate': -2.9561161876547875, 'log_learning_rate_D': -4.0464472433988234, 'log_learning_rate_D_dagger': -3.152694506051367, 'training_batch_size': 6, 'training_p': 7}
	 epoch  0 training error:  tensor(0.8053, device='cuda:0', grad_fn=<DivBackward0>)
Memory status after this epoch: 
Memory allocated:  428.732421875
Memory cached:  710.0
	 epoch  10 training error:  tensor(0.1555, device='cuda:0', grad_fn=<DivBackward0>)
Memory status after this epoch: 
Memory allocated:  428.732421875
Memory cached:  760.0
	 epoch  20 training error:  tensor(0.1295, device='cuda:0', grad_fn=<DivBackward0>)
Memory status after this epoch: 
Memory allocated:  428.732421875
Memory cached:  758.0
	 epoch  30 training error:  tensor(0.1190, device='cuda:0', grad_fn=<DivBackward0>)
Memory status after this epoch: 
Memory allocated:  428.732421875
Memory cached:  758.0
	 epoch  40 training error:  tensor(0.1561, device='cuda:0', grad_fn=<DivBackward0>)
Memory status after this epoch: 
Memory allocated:  428.732421875
Memory cached:  762.0
	 epoch  50 training error:  tensor(0.1509, device='cuda:0', grad_fn=<DivBackward0>)
Memory status after this epoch: 
Memory allocated:  428.732421875
Memory cached:  750.0
	 epoch  60 training error:  tensor(0.1300, device='cuda:0', grad_fn=<DivBackward0>)
Memory status after this epoch: 
Memory allocated:  428.732421875
Memory cached:  754.0
	 epoch  70 training error:  tensor(0.1384, device='cuda:0', grad_fn=<DivBackward0>)
Memory status after this epoch: 
Memory allocated:  428.732421875
Memory cached:  756.0
	 epoch  80 training error:  tensor(0.1353, device='cuda:0', grad_fn=<DivBackward0>)
Memory status after this epoch: 
Memory allocated:  428.732421875
Memory cached:  758.0
	 epoch  90 training error:  tensor(0.1263, device='cuda:0', grad_fn=<DivBackward0>)
Memory status after this epoch: 
Memory allocated:  428.732421875
Memory cached:  752.0
[I 2024-01-12 18:32:15,449] Trial 18 finished with value: 0.09805964678525925 and parameters: {'W_layers': 7, 'W_layer_units_exponent_0': 9, 'W_layer_units_exponent_1': 9, 'W_layer_units_exponent_2': 7, 'W_layer_units_exponent_3': 7, 'W_layer_units_exponent_4': 6, 'W_layer_units_exponent_5': 5, 'W_layer_units_exponent_6': 8, 'D_layers': 6, 'D_layer_units_exponent_0': 7, 'D_layer_units_exponent_1': 5, 'D_layer_units_exponent_2': 6, 'D_layer_units_exponent_3': 5, 'D_layer_units_exponent_4': 6, 'D_layer_units_exponent_5': 8, 'D_dagger_layers': 7, 'D_dagger_layer_units_exponent_0': 6, 'D_dagger_layer_units_exponent_1': 9, 'D_dagger_layer_units_exponent_2': 8, 'D_dagger_layer_units_exponent_3': 10, 'D_dagger_layer_units_exponent_4': 6, 'D_dagger_layer_units_exponent_5': 6, 'D_dagger_layer_units_exponent_6': 9, 'log_learning_rate': -2.9561161876547875, 'log_learning_rate_D': -4.0464472433988234, 'log_learning_rate_D_dagger': -3.152694506051367, 'training_batch_size': 6, 'training_p': 7}. Best is trial 12 with value: 0.08946546912193298.
Time for this trial:  621.6825549602509
Memory status after this trial: 
Memory allocated:  908.259765625
Memory cached:  918.0
--------------------  Trial  19   --------------------
Start timing: 
Parameters: 
{'W_layers': 7, 'W_layer_units_exponent_0': 6, 'W_layer_units_exponent_1': 6, 'W_layer_units_exponent_2': 10, 'W_layer_units_exponent_3': 5, 'W_layer_units_exponent_4': 8, 'W_layer_units_exponent_5': 8, 'W_layer_units_exponent_6': 6, 'D_layers': 7, 'D_layer_units_exponent_0': 7, 'D_layer_units_exponent_1': 7, 'D_layer_units_exponent_2': 7, 'D_layer_units_exponent_3': 7, 'D_layer_units_exponent_4': 5, 'D_layer_units_exponent_5': 6, 'D_layer_units_exponent_6': 7, 'D_dagger_layers': 3, 'D_dagger_layer_units_exponent_0': 7, 'D_dagger_layer_units_exponent_1': 10, 'D_dagger_layer_units_exponent_2': 6, 'log_learning_rate': -4.235307915631036, 'log_learning_rate_D': -2.664928264105221, 'log_learning_rate_D_dagger': -3.743490673431211, 'training_batch_size': 9, 'training_p': 4}
	 epoch  0 training error:  tensor(1.0182, device='cuda:0', grad_fn=<DivBackward0>)
Memory status after this epoch: 
Memory allocated:  421.6064453125
Memory cached:  644.0
	 epoch  10 training error:  tensor(0.2994, device='cuda:0', grad_fn=<DivBackward0>)
Memory status after this epoch: 
Memory allocated:  421.6064453125
Memory cached:  648.0
	 epoch  20 training error:  tensor(0.1846, device='cuda:0', grad_fn=<DivBackward0>)
Memory status after this epoch: 
Memory allocated:  421.6064453125
Memory cached:  646.0
	 epoch  30 training error:  tensor(0.1677, device='cuda:0', grad_fn=<DivBackward0>)
Memory status after this epoch: 
Memory allocated:  421.6064453125
Memory cached:  650.0
	 epoch  40 training error:  tensor(0.1543, device='cuda:0', grad_fn=<DivBackward0>)
Memory status after this epoch: 
Memory allocated:  421.6064453125
Memory cached:  648.0
	 epoch  50 training error:  tensor(0.1420, device='cuda:0', grad_fn=<DivBackward0>)
Memory status after this epoch: 
Memory allocated:  421.6064453125
Memory cached:  646.0
	 epoch  60 training error:  tensor(0.1319, device='cuda:0', grad_fn=<DivBackward0>)
Memory status after this epoch: 
Memory allocated:  421.6064453125
Memory cached:  650.0
	 epoch  70 training error:  tensor(0.1230, device='cuda:0', grad_fn=<DivBackward0>)
Memory status after this epoch: 
Memory allocated:  421.6064453125
Memory cached:  646.0
	 epoch  80 training error:  tensor(0.1149, device='cuda:0', grad_fn=<DivBackward0>)
Memory status after this epoch: 
Memory allocated:  421.6064453125
Memory cached:  646.0
	 epoch  90 training error:  tensor(0.1105, device='cuda:0', grad_fn=<DivBackward0>)
Memory status after this epoch: 
Memory allocated:  421.6064453125
Memory cached:  650.0
[I 2024-01-12 18:36:23,161] Trial 19 finished with value: 0.09297844767570496 and parameters: {'W_layers': 7, 'W_layer_units_exponent_0': 6, 'W_layer_units_exponent_1': 6, 'W_layer_units_exponent_2': 10, 'W_layer_units_exponent_3': 5, 'W_layer_units_exponent_4': 8, 'W_layer_units_exponent_5': 8, 'W_layer_units_exponent_6': 6, 'D_layers': 7, 'D_layer_units_exponent_0': 7, 'D_layer_units_exponent_1': 7, 'D_layer_units_exponent_2': 7, 'D_layer_units_exponent_3': 7, 'D_layer_units_exponent_4': 5, 'D_layer_units_exponent_5': 6, 'D_layer_units_exponent_6': 7, 'D_dagger_layers': 3, 'D_dagger_layer_units_exponent_0': 7, 'D_dagger_layer_units_exponent_1': 10, 'D_dagger_layer_units_exponent_2': 6, 'log_learning_rate': -4.235307915631036, 'log_learning_rate_D': -2.664928264105221, 'log_learning_rate_D_dagger': -3.743490673431211, 'training_batch_size': 9, 'training_p': 4}. Best is trial 12 with value: 0.08946546912193298.
Time for this trial:  247.27104139328003
Memory status after this trial: 
Memory allocated:  810.21875
Memory cached:  816.0
--------------------  Trial  20   --------------------
Start timing: 
Parameters: 
{'W_layers': 8, 'W_layer_units_exponent_0': 5, 'W_layer_units_exponent_1': 9, 'W_layer_units_exponent_2': 7, 'W_layer_units_exponent_3': 6, 'W_layer_units_exponent_4': 5, 'W_layer_units_exponent_5': 10, 'W_layer_units_exponent_6': 5, 'W_layer_units_exponent_7': 7, 'D_layers': 2, 'D_layer_units_exponent_0': 9, 'D_layer_units_exponent_1': 5, 'D_dagger_layers': 6, 'D_dagger_layer_units_exponent_0': 7, 'D_dagger_layer_units_exponent_1': 8, 'D_dagger_layer_units_exponent_2': 7, 'D_dagger_layer_units_exponent_3': 9, 'D_dagger_layer_units_exponent_4': 8, 'D_dagger_layer_units_exponent_5': 8, 'log_learning_rate': -3.383428328005073, 'log_learning_rate_D': -3.4377659352271617, 'log_learning_rate_D_dagger': -4.317870949390513, 'training_batch_size': 7, 'training_p': 5}
	 epoch  0 training error:  tensor(1.0123, device='cuda:0', grad_fn=<DivBackward0>)
Memory status after this epoch: 
Memory allocated:  422.3818359375
Memory cached:  664.0
	 epoch  10 training error:  tensor(0.5372, device='cuda:0', grad_fn=<DivBackward0>)
Memory status after this epoch: 
Memory allocated:  422.3818359375
Memory cached:  692.0
	 epoch  20 training error:  tensor(0.2323, device='cuda:0', grad_fn=<DivBackward0>)
Memory status after this epoch: 
Memory allocated:  422.3818359375
Memory cached:  692.0
	 epoch  30 training error:  tensor(0.1852, device='cuda:0', grad_fn=<DivBackward0>)
Memory status after this epoch: 
Memory allocated:  422.3818359375
Memory cached:  696.0
	 epoch  40 training error:  tensor(0.1692, device='cuda:0', grad_fn=<DivBackward0>)
Memory status after this epoch: 
Memory allocated:  422.3818359375
Memory cached:  694.0
	 epoch  50 training error:  tensor(0.1596, device='cuda:0', grad_fn=<DivBackward0>)
Memory status after this epoch: 
Memory allocated:  422.3818359375
Memory cached:  702.0
	 epoch  60 training error:  tensor(0.1503, device='cuda:0', grad_fn=<DivBackward0>)
Memory status after this epoch: 
Memory allocated:  422.3818359375
Memory cached:  694.0
	 epoch  70 training error:  tensor(0.1392, device='cuda:0', grad_fn=<DivBackward0>)
Memory status after this epoch: 
Memory allocated:  422.3818359375
Memory cached:  682.0
	 epoch  80 training error:  tensor(0.1240, device='cuda:0', grad_fn=<DivBackward0>)
Memory status after this epoch: 
Memory allocated:  422.3818359375
Memory cached:  696.0
	 epoch  90 training error:  tensor(0.1118, device='cuda:0', grad_fn=<DivBackward0>)
Memory status after this epoch: 
Memory allocated:  422.3818359375
Memory cached:  700.0
