[I 2023-12-02 23:02:38,737] Trial 31 finished with value: 0.09674321860074997 and parameters: {'W_layers': 2, 'W_layer_units_exponent_0': 6, 'W_layer_units_exponent_1': 6, 'D_layers': 8, 'D_layer_units_exponent_0': 8, 'D_layer_units_exponent_1': 7, 'D_layer_units_exponent_2': 5, 'D_layer_units_exponent_3': 7, 'D_layer_units_exponent_4': 5, 'D_layer_units_exponent_5': 7, 'D_layer_units_exponent_6': 9, 'D_layer_units_exponent_7': 5, 'D_dagger_layers': 8, 'D_dagger_layer_units_exponent_0': 5, 'D_dagger_layer_units_exponent_1': 10, 'D_dagger_layer_units_exponent_2': 8, 'D_dagger_layer_units_exponent_3': 9, 'D_dagger_layer_units_exponent_4': 9, 'D_dagger_layer_units_exponent_5': 8, 'D_dagger_layer_units_exponent_6': 9, 'D_dagger_layer_units_exponent_7': 6, 'log_learning_rate': -2.4078535258142266, 'log_learning_rate_D': -3.0670304194835074, 'log_learning_rate_D_dagger': -3.6581954109761994, 'training_batch_size': 7, 'training_p': 2}. Best is trial 31 with value: 0.09674321860074997.
res:  tensor(0.0967, device='cuda:0', grad_fn=<DivBackward0>)
self.bestValue:  tensor(0.0967, device='cuda:0', grad_fn=<DivBackward0>)
Save this model!
Time for this trial:  17.620737075805664
Memory status after this trial: 
Memory allocated:  188.0263671875
Memory cached:  316.0
--------------------  Trial  32   --------------------
Start timing: 
Parameters: 
{'W_layers': 2, 'W_layer_units_exponent_0': 6, 'W_layer_units_exponent_1': 6, 'D_layers': 8, 'D_layer_units_exponent_0': 9, 'D_layer_units_exponent_1': 7, 'D_layer_units_exponent_2': 4, 'D_layer_units_exponent_3': 8, 'D_layer_units_exponent_4': 5, 'D_layer_units_exponent_5': 7, 'D_layer_units_exponent_6': 8, 'D_layer_units_exponent_7': 5, 'D_dagger_layers': 8, 'D_dagger_layer_units_exponent_0': 5, 'D_dagger_layer_units_exponent_1': 9, 'D_dagger_layer_units_exponent_2': 7, 'D_dagger_layer_units_exponent_3': 8, 'D_dagger_layer_units_exponent_4': 10, 'D_dagger_layer_units_exponent_5': 9, 'D_dagger_layer_units_exponent_6': 9, 'D_dagger_layer_units_exponent_7': 6, 'log_learning_rate': -2.332566949853248, 'log_learning_rate_D': -3.6312110425248103, 'log_learning_rate_D_dagger': -3.671219931133993, 'training_batch_size': 7, 'training_p': 2}
	 epoch  0 training error:  tensor(0.8947, device='cuda:0', grad_fn=<DivBackward0>)
Memory status after this epoch: 
Memory allocated:  206.9150390625
Memory cached:  316.0
	 epoch  10 training error:  tensor(0.2057, device='cuda:0', grad_fn=<DivBackward0>)
Memory status after this epoch: 
Memory allocated:  206.9150390625
Memory cached:  316.0
	 epoch  20 training error:  tensor(0.1149, device='cuda:0', grad_fn=<DivBackward0>)
Memory status after this epoch: 
Memory allocated:  206.9150390625
Memory cached:  316.0
	 epoch  30 training error:  tensor(0.1009, device='cuda:0', grad_fn=<DivBackward0>)
Memory status after this epoch: 
Memory allocated:  206.9150390625
Memory cached:  316.0
	 epoch  40 training error:  tensor(0.0971, device='cuda:0', grad_fn=<DivBackward0>)
Memory status after this epoch: 
Memory allocated:  206.9150390625
Memory cached:  316.0
	 epoch  50 training error:  tensor(0.0947, device='cuda:0', grad_fn=<DivBackward0>)
Memory status after this epoch: 
Memory allocated:  206.9150390625
Memory cached:  316.0
	 epoch  60 training error:  tensor(0.0944, device='cuda:0', grad_fn=<DivBackward0>)
Memory status after this epoch: 
Memory allocated:  206.9150390625
Memory cached:  316.0
	 epoch  70 training error:  tensor(0.0941, device='cuda:0', grad_fn=<DivBackward0>)
Memory status after this epoch: 
Memory allocated:  206.9150390625
Memory cached:  316.0
	 epoch  80 training error:  tensor(0.0940, device='cuda:0', grad_fn=<DivBackward0>)
Memory status after this epoch: 
Memory allocated:  206.9150390625
Memory cached:  316.0
	 epoch  90 training error:  tensor(0.0940, device='cuda:0', grad_fn=<DivBackward0>)
Memory status after this epoch: 
Memory allocated:  206.9150390625
Memory cached:  316.0
[I 2023-12-02 23:02:56,316] Trial 32 finished with value: 0.09676771610975266 and parameters: {'W_layers': 2, 'W_layer_units_exponent_0': 6, 'W_layer_units_exponent_1': 6, 'D_layers': 8, 'D_layer_units_exponent_0': 9, 'D_layer_units_exponent_1': 7, 'D_layer_units_exponent_2': 4, 'D_layer_units_exponent_3': 8, 'D_layer_units_exponent_4': 5, 'D_layer_units_exponent_5': 7, 'D_layer_units_exponent_6': 8, 'D_layer_units_exponent_7': 5, 'D_dagger_layers': 8, 'D_dagger_layer_units_exponent_0': 5, 'D_dagger_layer_units_exponent_1': 9, 'D_dagger_layer_units_exponent_2': 7, 'D_dagger_layer_units_exponent_3': 8, 'D_dagger_layer_units_exponent_4': 10, 'D_dagger_layer_units_exponent_5': 9, 'D_dagger_layer_units_exponent_6': 9, 'D_dagger_layer_units_exponent_7': 6, 'log_learning_rate': -2.332566949853248, 'log_learning_rate_D': -3.6312110425248103, 'log_learning_rate_D_dagger': -3.671219931133993, 'training_batch_size': 7, 'training_p': 2}. Best is trial 31 with value: 0.09674321860074997.
Time for this trial:  17.351337909698486
Memory status after this trial: 
Memory allocated:  367.85791015625
Memory cached:  382.0
--------------------  Trial  33   --------------------
Start timing: 
Parameters: 
{'W_layers': 3, 'W_layer_units_exponent_0': 5, 'W_layer_units_exponent_1': 5, 'W_layer_units_exponent_2': 10, 'D_layers': 8, 'D_layer_units_exponent_0': 7, 'D_layer_units_exponent_1': 8, 'D_layer_units_exponent_2': 5, 'D_layer_units_exponent_3': 6, 'D_layer_units_exponent_4': 6, 'D_layer_units_exponent_5': 7, 'D_layer_units_exponent_6': 9, 'D_layer_units_exponent_7': 5, 'D_dagger_layers': 7, 'D_dagger_layer_units_exponent_0': 6, 'D_dagger_layer_units_exponent_1': 10, 'D_dagger_layer_units_exponent_2': 8, 'D_dagger_layer_units_exponent_3': 9, 'D_dagger_layer_units_exponent_4': 9, 'D_dagger_layer_units_exponent_5': 7, 'D_dagger_layer_units_exponent_6': 8, 'log_learning_rate': -3.1530321180495244, 'log_learning_rate_D': -3.13468100124855, 'log_learning_rate_D_dagger': -3.2467219957245015, 'training_batch_size': 7, 'training_p': 3}
	 epoch  0 training error:  tensor(0.9668, device='cuda:0', grad_fn=<DivBackward0>)
Memory status after this epoch: 
Memory allocated:  201.68994140625
Memory cached:  318.0
	 epoch  10 training error:  tensor(0.1998, device='cuda:0', grad_fn=<DivBackward0>)
Memory status after this epoch: 
Memory allocated:  201.68994140625
Memory cached:  320.0
	 epoch  20 training error:  tensor(0.1412, device='cuda:0', grad_fn=<DivBackward0>)
Memory status after this epoch: 
Memory allocated:  201.68994140625
Memory cached:  320.0
	 epoch  30 training error:  tensor(0.1197, device='cuda:0', grad_fn=<DivBackward0>)
Memory status after this epoch: 
Memory allocated:  201.68994140625
Memory cached:  320.0
	 epoch  40 training error:  tensor(0.1172, device='cuda:0', grad_fn=<DivBackward0>)
Memory status after this epoch: 
Memory allocated:  201.68994140625
Memory cached:  318.0
	 epoch  50 training error:  tensor(0.1161, device='cuda:0', grad_fn=<DivBackward0>)
Memory status after this epoch: 
Memory allocated:  201.68994140625
Memory cached:  318.0
	 epoch  60 training error:  tensor(0.1156, device='cuda:0', grad_fn=<DivBackward0>)
Memory status after this epoch: 
Memory allocated:  201.68994140625
Memory cached:  318.0
	 epoch  70 training error:  tensor(0.1155, device='cuda:0', grad_fn=<DivBackward0>)
Memory status after this epoch: 
Memory allocated:  201.68994140625
Memory cached:  320.0
	 epoch  80 training error:  tensor(0.1155, device='cuda:0', grad_fn=<DivBackward0>)
Memory status after this epoch: 
Memory allocated:  201.68994140625
Memory cached:  320.0
	 epoch  90 training error:  tensor(0.1154, device='cuda:0', grad_fn=<DivBackward0>)
Memory status after this epoch: 
Memory allocated:  201.68994140625
Memory cached:  318.0
[I 2023-12-02 23:03:13,892] Trial 33 finished with value: 0.09953182190656662 and parameters: {'W_layers': 3, 'W_layer_units_exponent_0': 5, 'W_layer_units_exponent_1': 5, 'W_layer_units_exponent_2': 10, 'D_layers': 8, 'D_layer_units_exponent_0': 7, 'D_layer_units_exponent_1': 8, 'D_layer_units_exponent_2': 5, 'D_layer_units_exponent_3': 6, 'D_layer_units_exponent_4': 6, 'D_layer_units_exponent_5': 7, 'D_layer_units_exponent_6': 9, 'D_layer_units_exponent_7': 5, 'D_dagger_layers': 7, 'D_dagger_layer_units_exponent_0': 6, 'D_dagger_layer_units_exponent_1': 10, 'D_dagger_layer_units_exponent_2': 8, 'D_dagger_layer_units_exponent_3': 9, 'D_dagger_layer_units_exponent_4': 9, 'D_dagger_layer_units_exponent_5': 7, 'D_dagger_layer_units_exponent_6': 8, 'log_learning_rate': -3.1530321180495244, 'log_learning_rate_D': -3.13468100124855, 'log_learning_rate_D_dagger': -3.2467219957245015, 'training_batch_size': 7, 'training_p': 3}. Best is trial 31 with value: 0.09674321860074997.
Time for this trial:  17.34823489189148
Memory status after this trial: 
Memory allocated:  392.83740234375
Memory cached:  416.0
--------------------  Trial  34   --------------------
Start timing: 
Parameters: 
{'W_layers': 2, 'W_layer_units_exponent_0': 7, 'W_layer_units_exponent_1': 7, 'D_layers': 7, 'D_layer_units_exponent_0': 7, 'D_layer_units_exponent_1': 6, 'D_layer_units_exponent_2': 6, 'D_layer_units_exponent_3': 7, 'D_layer_units_exponent_4': 4, 'D_layer_units_exponent_5': 8, 'D_layer_units_exponent_6': 8, 'D_dagger_layers': 7, 'D_dagger_layer_units_exponent_0': 9, 'D_dagger_layer_units_exponent_1': 7, 'D_dagger_layer_units_exponent_2': 9, 'D_dagger_layer_units_exponent_3': 10, 'D_dagger_layer_units_exponent_4': 8, 'D_dagger_layer_units_exponent_5': 9, 'D_dagger_layer_units_exponent_6': 10, 'log_learning_rate': -2.850200968557004, 'log_learning_rate_D': -2.709174931673883, 'log_learning_rate_D_dagger': -2.7734597966625385, 'training_batch_size': 8, 'training_p': 2}
	 epoch  0 training error:  tensor(1.0360, device='cuda:0', grad_fn=<DivBackward0>)
Memory status after this epoch: 
Memory allocated:  213.41357421875
Memory cached:  332.0
	 epoch  10 training error:  tensor(0.3538, device='cuda:0', grad_fn=<DivBackward0>)
Memory status after this epoch: 
Memory allocated:  213.41357421875
Memory cached:  332.0
	 epoch  20 training error:  tensor(0.1412, device='cuda:0', grad_fn=<DivBackward0>)
Memory status after this epoch: 
Memory allocated:  213.41357421875
Memory cached:  332.0
	 epoch  30 training error:  tensor(0.1112, device='cuda:0', grad_fn=<DivBackward0>)
Memory status after this epoch: 
Memory allocated:  213.41357421875
Memory cached:  332.0
	 epoch  40 training error:  tensor(0.0950, device='cuda:0', grad_fn=<DivBackward0>)
Memory status after this epoch: 
Memory allocated:  213.41357421875
Memory cached:  332.0
	 epoch  50 training error:  tensor(0.0948, device='cuda:0', grad_fn=<DivBackward0>)
Memory status after this epoch: 
Memory allocated:  213.41357421875
Memory cached:  332.0
	 epoch  60 training error:  tensor(0.0942, device='cuda:0', grad_fn=<DivBackward0>)
Memory status after this epoch: 
Memory allocated:  213.41357421875
Memory cached:  332.0
	 epoch  70 training error:  tensor(0.0940, device='cuda:0', grad_fn=<DivBackward0>)
Memory status after this epoch: 
Memory allocated:  213.41357421875
Memory cached:  332.0
	 epoch  80 training error:  tensor(0.0940, device='cuda:0', grad_fn=<DivBackward0>)
Memory status after this epoch: 
Memory allocated:  213.41357421875
Memory cached:  332.0
	 epoch  90 training error:  tensor(0.0940, device='cuda:0', grad_fn=<DivBackward0>)
Memory status after this epoch: 
Memory allocated:  213.41357421875
Memory cached:  332.0
[I 2023-12-02 23:03:31,612] Trial 34 finished with value: 0.0967751294374466 and parameters: {'W_layers': 2, 'W_layer_units_exponent_0': 7, 'W_layer_units_exponent_1': 7, 'D_layers': 7, 'D_layer_units_exponent_0': 7, 'D_layer_units_exponent_1': 6, 'D_layer_units_exponent_2': 6, 'D_layer_units_exponent_3': 7, 'D_layer_units_exponent_4': 4, 'D_layer_units_exponent_5': 8, 'D_layer_units_exponent_6': 8, 'D_dagger_layers': 7, 'D_dagger_layer_units_exponent_0': 9, 'D_dagger_layer_units_exponent_1': 7, 'D_dagger_layer_units_exponent_2': 9, 'D_dagger_layer_units_exponent_3': 10, 'D_dagger_layer_units_exponent_4': 8, 'D_dagger_layer_units_exponent_5': 9, 'D_dagger_layer_units_exponent_6': 10, 'log_learning_rate': -2.850200968557004, 'log_learning_rate_D': -2.709174931673883, 'log_learning_rate_D_dagger': -2.7734597966625385, 'training_batch_size': 8, 'training_p': 2}. Best is trial 31 with value: 0.09674321860074997.
Time for this trial:  17.49545955657959
Memory status after this trial: 
Memory allocated:  420.08251953125
Memory cached:  452.0
--------------------  Trial  35   --------------------
Start timing: 
Parameters: 
{'W_layers': 3, 'W_layer_units_exponent_0': 5, 'W_layer_units_exponent_1': 6, 'W_layer_units_exponent_2': 9, 'D_layers': 8, 'D_layer_units_exponent_0': 8, 'D_layer_units_exponent_1': 5, 'D_layer_units_exponent_2': 4, 'D_layer_units_exponent_3': 8, 'D_layer_units_exponent_4': 5, 'D_layer_units_exponent_5': 6, 'D_layer_units_exponent_6': 7, 'D_layer_units_exponent_7': 4, 'D_dagger_layers': 8, 'D_dagger_layer_units_exponent_0': 7, 'D_dagger_layer_units_exponent_1': 10, 'D_dagger_layer_units_exponent_2': 6, 'D_dagger_layer_units_exponent_3': 9, 'D_dagger_layer_units_exponent_4': 10, 'D_dagger_layer_units_exponent_5': 8, 'D_dagger_layer_units_exponent_6': 9, 'D_dagger_layer_units_exponent_7': 6, 'log_learning_rate': -3.677672926332093, 'log_learning_rate_D': -2.6246040399602775, 'log_learning_rate_D_dagger': -3.5137191851148897, 'training_batch_size': 6, 'training_p': 3}
	 epoch  0 training error:  tensor(0.9749, device='cuda:0', grad_fn=<DivBackward0>)
Memory status after this epoch: 
Memory allocated:  206.77978515625
Memory cached:  316.0
	 epoch  10 training error:  tensor(0.1356, device='cuda:0', grad_fn=<DivBackward0>)
Memory status after this epoch: 
Memory allocated:  206.77978515625
Memory cached:  316.0
	 epoch  20 training error:  tensor(0.1220, device='cuda:0', grad_fn=<DivBackward0>)
Memory status after this epoch: 
Memory allocated:  206.77978515625
Memory cached:  316.0
	 epoch  30 training error:  tensor(0.1173, device='cuda:0', grad_fn=<DivBackward0>)
Memory status after this epoch: 
Memory allocated:  206.77978515625
Memory cached:  316.0
	 epoch  40 training error:  tensor(0.1170, device='cuda:0', grad_fn=<DivBackward0>)
Memory status after this epoch: 
Memory allocated:  206.77978515625
Memory cached:  316.0
	 epoch  50 training error:  tensor(0.1155, device='cuda:0', grad_fn=<DivBackward0>)
Memory status after this epoch: 
Memory allocated:  206.77978515625
Memory cached:  316.0
	 epoch  60 training error:  tensor(0.1168, device='cuda:0', grad_fn=<DivBackward0>)
Memory status after this epoch: 
Memory allocated:  206.77978515625
Memory cached:  316.0
	 epoch  70 training error:  tensor(0.1160, device='cuda:0', grad_fn=<DivBackward0>)
Memory status after this epoch: 
Memory allocated:  206.77978515625
Memory cached:  316.0
	 epoch  80 training error:  tensor(0.1177, device='cuda:0', grad_fn=<DivBackward0>)
Memory status after this epoch: 
Memory allocated:  206.77978515625
Memory cached:  316.0
	 epoch  90 training error:  tensor(0.1174, device='cuda:0', grad_fn=<DivBackward0>)
Memory status after this epoch: 
Memory allocated:  206.77978515625
Memory cached:  316.0
[I 2023-12-02 23:03:53,011] Trial 35 finished with value: 0.09986059367656708 and parameters: {'W_layers': 3, 'W_layer_units_exponent_0': 5, 'W_layer_units_exponent_1': 6, 'W_layer_units_exponent_2': 9, 'D_layers': 8, 'D_layer_units_exponent_0': 8, 'D_layer_units_exponent_1': 5, 'D_layer_units_exponent_2': 4, 'D_layer_units_exponent_3': 8, 'D_layer_units_exponent_4': 5, 'D_layer_units_exponent_5': 6, 'D_layer_units_exponent_6': 7, 'D_layer_units_exponent_7': 4, 'D_dagger_layers': 8, 'D_dagger_layer_units_exponent_0': 7, 'D_dagger_layer_units_exponent_1': 10, 'D_dagger_layer_units_exponent_2': 6, 'D_dagger_layer_units_exponent_3': 9, 'D_dagger_layer_units_exponent_4': 10, 'D_dagger_layer_units_exponent_5': 8, 'D_dagger_layer_units_exponent_6': 9, 'D_dagger_layer_units_exponent_7': 6, 'log_learning_rate': -3.677672926332093, 'log_learning_rate_D': -2.6246040399602775, 'log_learning_rate_D_dagger': -3.5137191851148897, 'training_batch_size': 6, 'training_p': 3}. Best is trial 31 with value: 0.09674321860074997.
Time for this trial:  21.16747260093689
Memory status after this trial: 
Memory allocated:  420.10693359375
Memory cached:  458.0
--------------------  Trial  36   --------------------
Start timing: 
Parameters: 
{'W_layers': 2, 'W_layer_units_exponent_0': 7, 'W_layer_units_exponent_1': 7, 'D_layers': 7, 'D_layer_units_exponent_0': 10, 'D_layer_units_exponent_1': 9, 'D_layer_units_exponent_2': 5, 'D_layer_units_exponent_3': 6, 'D_layer_units_exponent_4': 6, 'D_layer_units_exponent_5': 9, 'D_layer_units_exponent_6': 9, 'D_dagger_layers': 7, 'D_dagger_layer_units_exponent_0': 5, 'D_dagger_layer_units_exponent_1': 8, 'D_dagger_layer_units_exponent_2': 8, 'D_dagger_layer_units_exponent_3': 10, 'D_dagger_layer_units_exponent_4': 9, 'D_dagger_layer_units_exponent_5': 7, 'D_dagger_layer_units_exponent_6': 7, 'log_learning_rate': -3.5186396579332926, 'log_learning_rate_D': -3.6268900049016892, 'log_learning_rate_D_dagger': -3.9911978569883955, 'training_batch_size': 8, 'training_p': 2}
	 epoch  0 training error:  tensor(1.0683, device='cuda:0', grad_fn=<DivBackward0>)
Memory status after this epoch: 
Memory allocated:  205.95654296875
Memory cached:  316.0
	 epoch  10 training error:  tensor(0.4779, device='cuda:0', grad_fn=<DivBackward0>)
Memory status after this epoch: 
Memory allocated:  205.95654296875
Memory cached:  316.0
	 epoch  20 training error:  tensor(0.2281, device='cuda:0', grad_fn=<DivBackward0>)
Memory status after this epoch: 
Memory allocated:  205.95654296875
Memory cached:  316.0
	 epoch  30 training error:  tensor(0.1371, device='cuda:0', grad_fn=<DivBackward0>)
Memory status after this epoch: 
Memory allocated:  205.95654296875
Memory cached:  316.0
	 epoch  40 training error:  tensor(0.1087, device='cuda:0', grad_fn=<DivBackward0>)
Memory status after this epoch: 
Memory allocated:  205.95654296875
Memory cached:  316.0
	 epoch  50 training error:  tensor(0.0994, device='cuda:0', grad_fn=<DivBackward0>)
Memory status after this epoch: 
Memory allocated:  205.95654296875
Memory cached:  316.0
	 epoch  60 training error:  tensor(0.0942, device='cuda:0', grad_fn=<DivBackward0>)
Memory status after this epoch: 
Memory allocated:  205.95654296875
Memory cached:  316.0
	 epoch  70 training error:  tensor(0.0941, device='cuda:0', grad_fn=<DivBackward0>)
Memory status after this epoch: 
Memory allocated:  205.95654296875
Memory cached:  316.0
	 epoch  80 training error:  tensor(0.0942, device='cuda:0', grad_fn=<DivBackward0>)
Memory status after this epoch: 
Memory allocated:  205.95654296875
Memory cached:  316.0
	 epoch  90 training error:  tensor(0.0941, device='cuda:0', grad_fn=<DivBackward0>)
Memory status after this epoch: 
Memory allocated:  205.95654296875
Memory cached:  316.0
