[I 2023-12-01 11:37:31,983] Trial 6 finished with value: 0.13043895363807678 and parameters: {'W_layers': 4, 'W_layer_units_exponent_0': 9, 'W_layer_units_exponent_1': 4, 'W_layer_units_exponent_2': 6, 'W_layer_units_exponent_3': 7, 'D_layers': 7, 'D_layer_units_exponent_0': 5, 'D_layer_units_exponent_1': 8, 'D_layer_units_exponent_2': 9, 'D_layer_units_exponent_3': 8, 'D_layer_units_exponent_4': 5, 'D_layer_units_exponent_5': 9, 'D_layer_units_exponent_6': 10, 'log_learning_rate': -1.6121186040729034, 'log_learning_rate_D': -2.9790729775475078, 'training_batch_size': 11, 'training_p': 2}. Best is trial 5 with value: 0.06567634642124176.
Time for this trial:  13.180928707122803
Memory status after this trial: 
Memory allocated:  11.1767578125
Memory cached:  28.0
--------------------  Trial  7   --------------------
Start timing: 
Parameters: 
{'W_layers': 2, 'W_layer_units_exponent_0': 4, 'W_layer_units_exponent_1': 9, 'D_layers': 8, 'D_layer_units_exponent_0': 6, 'D_layer_units_exponent_1': 5, 'D_layer_units_exponent_2': 8, 'D_layer_units_exponent_3': 7, 'D_layer_units_exponent_4': 6, 'D_layer_units_exponent_5': 4, 'D_layer_units_exponent_6': 10, 'D_layer_units_exponent_7': 7, 'log_learning_rate': -3.7256268658664236, 'log_learning_rate_D': -4.010896816760354, 'training_batch_size': 11, 'training_p': 2}
	 epoch  0 training error:  tensor(1.7161, device='cuda:0', grad_fn=<DivBackward0>)
Memory status after this epoch: 
Memory allocated:  0.94775390625
Memory cached:  2.0
	 epoch  10 training error:  tensor(0.4194, device='cuda:0', grad_fn=<DivBackward0>)
Memory status after this epoch: 
Memory allocated:  0.94775390625
Memory cached:  2.0
	 epoch  20 training error:  tensor(0.3352, device='cuda:0', grad_fn=<DivBackward0>)
Memory status after this epoch: 
Memory allocated:  0.94775390625
Memory cached:  2.0
	 epoch  30 training error:  tensor(0.2013, device='cuda:0', grad_fn=<DivBackward0>)
Memory status after this epoch: 
Memory allocated:  0.94775390625
Memory cached:  2.0
	 epoch  40 training error:  tensor(0.1102, device='cuda:0', grad_fn=<DivBackward0>)
Memory status after this epoch: 
Memory allocated:  0.94775390625
Memory cached:  2.0
	 epoch  50 training error:  tensor(0.0940, device='cuda:0', grad_fn=<DivBackward0>)
Memory status after this epoch: 
Memory allocated:  0.94775390625
Memory cached:  2.0
	 epoch  60 training error:  tensor(0.0770, device='cuda:0', grad_fn=<DivBackward0>)
Memory status after this epoch: 
Memory allocated:  0.94775390625
Memory cached:  2.0
	 epoch  70 training error:  tensor(0.0688, device='cuda:0', grad_fn=<DivBackward0>)
Memory status after this epoch: 
Memory allocated:  0.94775390625
Memory cached:  2.0
	 epoch  80 training error:  tensor(0.0646, device='cuda:0', grad_fn=<DivBackward0>)
Memory status after this epoch: 
Memory allocated:  0.94775390625
Memory cached:  2.0
	 epoch  90 training error:  tensor(0.0631, device='cuda:0', grad_fn=<DivBackward0>)
Memory status after this epoch: 
Memory allocated:  0.94775390625
Memory cached:  2.0
[I 2023-12-01 11:37:44,884] Trial 7 finished with value: 0.07202114164829254 and parameters: {'W_layers': 2, 'W_layer_units_exponent_0': 4, 'W_layer_units_exponent_1': 9, 'D_layers': 8, 'D_layer_units_exponent_0': 6, 'D_layer_units_exponent_1': 5, 'D_layer_units_exponent_2': 8, 'D_layer_units_exponent_3': 7, 'D_layer_units_exponent_4': 6, 'D_layer_units_exponent_5': 4, 'D_layer_units_exponent_6': 10, 'D_layer_units_exponent_7': 7, 'log_learning_rate': -3.7256268658664236, 'log_learning_rate_D': -4.010896816760354, 'training_batch_size': 11, 'training_p': 2}. Best is trial 5 with value: 0.06567634642124176.
Time for this trial:  12.813889265060425
Memory status after this trial: 
Memory allocated:  8.1708984375
Memory cached:  22.0
--------------------  Trial  8   --------------------
Start timing: 
Parameters: 
{'W_layers': 2, 'W_layer_units_exponent_0': 10, 'W_layer_units_exponent_1': 4, 'D_layers': 2, 'D_layer_units_exponent_0': 8, 'D_layer_units_exponent_1': 10, 'log_learning_rate': -3.4198814772239343, 'log_learning_rate_D': -4.111627142597373, 'training_batch_size': 11, 'training_p': 3}
	 epoch  0 training error:  tensor(1.3630, device='cuda:0', grad_fn=<DivBackward0>)
Memory status after this epoch: 
Memory allocated:  1.3408203125
Memory cached:  2.0
	 epoch  10 training error:  tensor(0.3914, device='cuda:0', grad_fn=<DivBackward0>)
Memory status after this epoch: 
Memory allocated:  1.3408203125
Memory cached:  2.0
	 epoch  20 training error:  tensor(0.1610, device='cuda:0', grad_fn=<DivBackward0>)
Memory status after this epoch: 
Memory allocated:  1.3408203125
Memory cached:  2.0
	 epoch  30 training error:  tensor(0.1406, device='cuda:0', grad_fn=<DivBackward0>)
Memory status after this epoch: 
Memory allocated:  1.3408203125
Memory cached:  2.0
	 epoch  40 training error:  tensor(0.1001, device='cuda:0', grad_fn=<DivBackward0>)
Memory status after this epoch: 
Memory allocated:  1.3408203125
Memory cached:  2.0
	 epoch  50 training error:  tensor(0.0904, device='cuda:0', grad_fn=<DivBackward0>)
Memory status after this epoch: 
Memory allocated:  1.3408203125
Memory cached:  2.0
	 epoch  60 training error:  tensor(0.0761, device='cuda:0', grad_fn=<DivBackward0>)
Memory status after this epoch: 
Memory allocated:  1.3408203125
Memory cached:  2.0
	 epoch  70 training error:  tensor(0.0715, device='cuda:0', grad_fn=<DivBackward0>)
Memory status after this epoch: 
Memory allocated:  1.3408203125
Memory cached:  2.0
	 epoch  80 training error:  tensor(0.0743, device='cuda:0', grad_fn=<DivBackward0>)
Memory status after this epoch: 
Memory allocated:  1.3408203125
Memory cached:  2.0
	 epoch  90 training error:  tensor(0.0736, device='cuda:0', grad_fn=<DivBackward0>)
Memory status after this epoch: 
Memory allocated:  1.3408203125
Memory cached:  2.0
[I 2023-12-01 11:37:57,950] Trial 8 finished with value: 0.07268211245536804 and parameters: {'W_layers': 2, 'W_layer_units_exponent_0': 10, 'W_layer_units_exponent_1': 4, 'D_layers': 2, 'D_layer_units_exponent_0': 8, 'D_layer_units_exponent_1': 10, 'log_learning_rate': -3.4198814772239343, 'log_learning_rate_D': -4.111627142597373, 'training_batch_size': 11, 'training_p': 3}. Best is trial 5 with value: 0.06567634642124176.
Time for this trial:  12.95893406867981
Memory status after this trial: 
Memory allocated:  16.0615234375
Memory cached:  42.0
--------------------  Trial  9   --------------------
Start timing: 
Parameters: 
{'W_layers': 3, 'W_layer_units_exponent_0': 5, 'W_layer_units_exponent_1': 8, 'W_layer_units_exponent_2': 10, 'D_layers': 8, 'D_layer_units_exponent_0': 8, 'D_layer_units_exponent_1': 6, 'D_layer_units_exponent_2': 10, 'D_layer_units_exponent_3': 7, 'D_layer_units_exponent_4': 10, 'D_layer_units_exponent_5': 5, 'D_layer_units_exponent_6': 8, 'D_layer_units_exponent_7': 7, 'log_learning_rate': -3.1669860447265763, 'log_learning_rate_D': -3.026827145024681, 'training_batch_size': 9, 'training_p': 3}
	 epoch  0 training error:  tensor(1.1587, device='cuda:0', grad_fn=<DivBackward0>)
Memory status after this epoch: 
Memory allocated:  5.8046875
Memory cached:  8.0
	 epoch  10 training error:  tensor(0.5849, device='cuda:0', grad_fn=<DivBackward0>)
Memory status after this epoch: 
Memory allocated:  5.8046875
Memory cached:  8.0
	 epoch  20 training error:  tensor(0.2442, device='cuda:0', grad_fn=<DivBackward0>)
Memory status after this epoch: 
Memory allocated:  5.8046875
Memory cached:  8.0
	 epoch  30 training error:  tensor(0.1763, device='cuda:0', grad_fn=<DivBackward0>)
Memory status after this epoch: 
Memory allocated:  5.8046875
Memory cached:  8.0
	 epoch  40 training error:  tensor(0.1202, device='cuda:0', grad_fn=<DivBackward0>)
Memory status after this epoch: 
Memory allocated:  5.8046875
Memory cached:  8.0
	 epoch  50 training error:  tensor(0.0756, device='cuda:0', grad_fn=<DivBackward0>)
Memory status after this epoch: 
Memory allocated:  5.8046875
Memory cached:  8.0
	 epoch  60 training error:  tensor(0.0796, device='cuda:0', grad_fn=<DivBackward0>)
Memory status after this epoch: 
Memory allocated:  5.8046875
Memory cached:  8.0
	 epoch  70 training error:  tensor(0.0752, device='cuda:0', grad_fn=<DivBackward0>)
Memory status after this epoch: 
Memory allocated:  5.8046875
Memory cached:  8.0
	 epoch  80 training error:  tensor(0.0714, device='cuda:0', grad_fn=<DivBackward0>)
Memory status after this epoch: 
Memory allocated:  5.8046875
Memory cached:  8.0
	 epoch  90 training error:  tensor(0.0702, device='cuda:0', grad_fn=<DivBackward0>)
Memory status after this epoch: 
Memory allocated:  5.8046875
Memory cached:  8.0
[I 2023-12-01 11:38:11,384] Trial 9 finished with value: 0.06854322552680969 and parameters: {'W_layers': 3, 'W_layer_units_exponent_0': 5, 'W_layer_units_exponent_1': 8, 'W_layer_units_exponent_2': 10, 'D_layers': 8, 'D_layer_units_exponent_0': 8, 'D_layer_units_exponent_1': 6, 'D_layer_units_exponent_2': 10, 'D_layer_units_exponent_3': 7, 'D_layer_units_exponent_4': 10, 'D_layer_units_exponent_5': 5, 'D_layer_units_exponent_6': 8, 'D_layer_units_exponent_7': 7, 'log_learning_rate': -3.1669860447265763, 'log_learning_rate_D': -3.026827145024681, 'training_batch_size': 9, 'training_p': 3}. Best is trial 5 with value: 0.06567634642124176.
Time for this trial:  13.327046632766724
Memory status after this trial: 
Memory allocated:  22.1435546875
Memory cached:  46.0
--------------------  Trial  10   --------------------
Start timing: 
Parameters: 
{'W_layers': 5, 'W_layer_units_exponent_0': 6, 'W_layer_units_exponent_1': 10, 'W_layer_units_exponent_2': 8, 'W_layer_units_exponent_3': 4, 'W_layer_units_exponent_4': 10, 'D_layers': 6, 'D_layer_units_exponent_0': 10, 'D_layer_units_exponent_1': 10, 'D_layer_units_exponent_2': 6, 'D_layer_units_exponent_3': 4, 'D_layer_units_exponent_4': 8, 'D_layer_units_exponent_5': 6, 'log_learning_rate': -4.842493857190435, 'log_learning_rate_D': -1.422893607007238, 'training_batch_size': 6, 'training_p': 4}
	 epoch  0 training error:  tensor(1.1107, device='cuda:0', grad_fn=<DivBackward0>)
Memory status after this epoch: 
Memory allocated:  9.72802734375
Memory cached:  26.0
	 epoch  10 training error:  tensor(0.8361, device='cuda:0', grad_fn=<DivBackward0>)
Memory status after this epoch: 
Memory allocated:  9.72802734375
Memory cached:  26.0
	 epoch  20 training error:  tensor(0.5866, device='cuda:0', grad_fn=<DivBackward0>)
Memory status after this epoch: 
Memory allocated:  9.72802734375
Memory cached:  26.0
	 epoch  30 training error:  tensor(0.3954, device='cuda:0', grad_fn=<DivBackward0>)
Memory status after this epoch: 
Memory allocated:  9.72802734375
Memory cached:  26.0
	 epoch  40 training error:  tensor(0.2229, device='cuda:0', grad_fn=<DivBackward0>)
Memory status after this epoch: 
Memory allocated:  9.72802734375
Memory cached:  26.0
	 epoch  50 training error:  tensor(0.1108, device='cuda:0', grad_fn=<DivBackward0>)
Memory status after this epoch: 
Memory allocated:  9.72802734375
Memory cached:  26.0
	 epoch  60 training error:  tensor(0.0986, device='cuda:0', grad_fn=<DivBackward0>)
Memory status after this epoch: 
Memory allocated:  9.72802734375
Memory cached:  26.0
	 epoch  70 training error:  tensor(0.0908, device='cuda:0', grad_fn=<DivBackward0>)
Memory status after this epoch: 
Memory allocated:  9.72802734375
Memory cached:  26.0
	 epoch  80 training error:  tensor(0.0875, device='cuda:0', grad_fn=<DivBackward0>)
Memory status after this epoch: 
Memory allocated:  9.72802734375
Memory cached:  26.0
	 epoch  90 training error:  tensor(0.0857, device='cuda:0', grad_fn=<DivBackward0>)
Memory status after this epoch: 
Memory allocated:  9.72802734375
Memory cached:  26.0
[I 2023-12-01 11:38:26,303] Trial 10 finished with value: 0.0823662281036377 and parameters: {'W_layers': 5, 'W_layer_units_exponent_0': 6, 'W_layer_units_exponent_1': 10, 'W_layer_units_exponent_2': 8, 'W_layer_units_exponent_3': 4, 'W_layer_units_exponent_4': 10, 'D_layers': 6, 'D_layer_units_exponent_0': 10, 'D_layer_units_exponent_1': 10, 'D_layer_units_exponent_2': 6, 'D_layer_units_exponent_3': 4, 'D_layer_units_exponent_4': 8, 'D_layer_units_exponent_5': 6, 'log_learning_rate': -4.842493857190435, 'log_learning_rate_D': -1.422893607007238, 'training_batch_size': 6, 'training_p': 4}. Best is trial 5 with value: 0.06567634642124176.
Time for this trial:  14.756366491317749
Memory status after this trial: 
Memory allocated:  39.478515625
Memory cached:  66.0
--------------------  Trial  11   --------------------
Start timing: 
Parameters: 
{'W_layers': 4, 'W_layer_units_exponent_0': 6, 'W_layer_units_exponent_1': 8, 'W_layer_units_exponent_2': 10, 'W_layer_units_exponent_3': 4, 'D_layers': 8, 'D_layer_units_exponent_0': 8, 'D_layer_units_exponent_1': 8, 'D_layer_units_exponent_2': 10, 'D_layer_units_exponent_3': 10, 'D_layer_units_exponent_4': 7, 'D_layer_units_exponent_5': 4, 'D_layer_units_exponent_6': 8, 'D_layer_units_exponent_7': 4, 'log_learning_rate': -2.1448870679619856, 'log_learning_rate_D': -2.2221296388180747, 'training_batch_size': 6, 'training_p': 3}
	 epoch  0 training error:  tensor(0.7845, device='cuda:0', grad_fn=<DivBackward0>)
Memory status after this epoch: 
Memory allocated:  10.33935546875
Memory cached:  28.0
	 epoch  10 training error:  tensor(0.1260, device='cuda:0', grad_fn=<DivBackward0>)
Memory status after this epoch: 
Memory allocated:  10.33935546875
Memory cached:  28.0
	 epoch  20 training error:  tensor(0.1248, device='cuda:0', grad_fn=<DivBackward0>)
Memory status after this epoch: 
Memory allocated:  10.33935546875
Memory cached:  28.0
	 epoch  30 training error:  tensor(0.1233, device='cuda:0', grad_fn=<DivBackward0>)
Memory status after this epoch: 
Memory allocated:  10.33935546875
Memory cached:  28.0
	 epoch  40 training error:  tensor(0.1233, device='cuda:0', grad_fn=<DivBackward0>)
Memory status after this epoch: 
Memory allocated:  10.33935546875
Memory cached:  28.0
	 epoch  50 training error:  tensor(0.1233, device='cuda:0', grad_fn=<DivBackward0>)
Memory status after this epoch: 
Memory allocated:  10.33935546875
Memory cached:  28.0
	 epoch  60 training error:  tensor(0.1233, device='cuda:0', grad_fn=<DivBackward0>)
Memory status after this epoch: 
Memory allocated:  10.33935546875
Memory cached:  28.0
	 epoch  70 training error:  tensor(0.1233, device='cuda:0', grad_fn=<DivBackward0>)
Memory status after this epoch: 
Memory allocated:  10.33935546875
Memory cached:  28.0
	 epoch  80 training error:  tensor(0.1233, device='cuda:0', grad_fn=<DivBackward0>)
Memory status after this epoch: 
Memory allocated:  10.33935546875
Memory cached:  28.0
	 epoch  90 training error:  tensor(0.1234, device='cuda:0', grad_fn=<DivBackward0>)
Memory status after this epoch: 
Memory allocated:  10.33935546875
Memory cached:  28.0
[I 2023-12-01 11:38:41,184] Trial 11 finished with value: 0.13054993748664856 and parameters: {'W_layers': 4, 'W_layer_units_exponent_0': 6, 'W_layer_units_exponent_1': 8, 'W_layer_units_exponent_2': 10, 'W_layer_units_exponent_3': 4, 'D_layers': 8, 'D_layer_units_exponent_0': 8, 'D_layer_units_exponent_1': 8, 'D_layer_units_exponent_2': 10, 'D_layer_units_exponent_3': 10, 'D_layer_units_exponent_4': 7, 'D_layer_units_exponent_5': 4, 'D_layer_units_exponent_6': 8, 'D_layer_units_exponent_7': 4, 'log_learning_rate': -2.1448870679619856, 'log_learning_rate_D': -2.2221296388180747, 'training_batch_size': 6, 'training_p': 3}. Best is trial 5 with value: 0.06567634642124176.
Time for this trial:  14.70934772491455
Memory status after this trial: 
Memory allocated:  23.0576171875
Memory cached:  48.0
--------------------  Trial  12   --------------------
Start timing: 
Parameters: 
{'W_layers': 4, 'W_layer_units_exponent_0': 6, 'W_layer_units_exponent_1': 6, 'W_layer_units_exponent_2': 8, 'W_layer_units_exponent_3': 10, 'D_layers': 8, 'D_layer_units_exponent_0': 8, 'D_layer_units_exponent_1': 6, 'D_layer_units_exponent_2': 8, 'D_layer_units_exponent_3': 5, 'D_layer_units_exponent_4': 8, 'D_layer_units_exponent_5': 6, 'D_layer_units_exponent_6': 8, 'D_layer_units_exponent_7': 5, 'log_learning_rate': -1.7972141358719118, 'log_learning_rate_D': -3.4149860198709128, 'training_batch_size': 9, 'training_p': 4}
	 epoch  0 training error:  tensor(0.9710, device='cuda:0', grad_fn=<DivBackward0>)
Memory status after this epoch: 
Memory allocated:  4.73828125
Memory cached:  6.0
	 epoch  10 training error:  tensor(0.3209, device='cuda:0', grad_fn=<DivBackward0>)
Memory status after this epoch: 
Memory allocated:  4.73828125
Memory cached:  6.0
	 epoch  20 training error:  tensor(0.3176, device='cuda:0', grad_fn=<DivBackward0>)
Memory status after this epoch: 
Memory allocated:  4.73828125
Memory cached:  6.0
	 epoch  30 training error:  tensor(0.1070, device='cuda:0', grad_fn=<DivBackward0>)
Memory status after this epoch: 
Memory allocated:  4.73828125
Memory cached:  6.0
	 epoch  40 training error:  tensor(0.1073, device='cuda:0', grad_fn=<DivBackward0>)
Memory status after this epoch: 
Memory allocated:  4.73828125
Memory cached:  6.0
	 epoch  50 training error:  tensor(0.0858, device='cuda:0', grad_fn=<DivBackward0>)
Memory status after this epoch: 
Memory allocated:  4.73828125
Memory cached:  6.0
	 epoch  60 training error:  tensor(0.0817, device='cuda:0', grad_fn=<DivBackward0>)
Memory status after this epoch: 
Memory allocated:  4.73828125
Memory cached:  6.0
	 epoch  70 training error:  tensor(0.0764, device='cuda:0', grad_fn=<DivBackward0>)
Memory status after this epoch: 
Memory allocated:  4.73828125
Memory cached:  6.0
	 epoch  80 training error:  tensor(0.0748, device='cuda:0', grad_fn=<DivBackward0>)
Memory status after this epoch: 
Memory allocated:  4.73828125
Memory cached:  6.0
	 epoch  90 training error:  tensor(0.0741, device='cuda:0', grad_fn=<DivBackward0>)
Memory status after this epoch: 
Memory allocated:  4.73828125
Memory cached:  6.0
[I 2023-12-01 11:38:54,932] Trial 12 finished with value: 0.06639645248651505 and parameters: {'W_layers': 4, 'W_layer_units_exponent_0': 6, 'W_layer_units_exponent_1': 6, 'W_layer_units_exponent_2': 8, 'W_layer_units_exponent_3': 10, 'D_layers': 8, 'D_layer_units_exponent_0': 8, 'D_layer_units_exponent_1': 6, 'D_layer_units_exponent_2': 8, 'D_layer_units_exponent_3': 5, 'D_layer_units_exponent_4': 8, 'D_layer_units_exponent_5': 6, 'D_layer_units_exponent_6': 8, 'D_layer_units_exponent_7': 5, 'log_learning_rate': -1.7972141358719118, 'log_learning_rate_D': -3.4149860198709128, 'training_batch_size': 9, 'training_p': 4}. Best is trial 5 with value: 0.06567634642124176.
Time for this trial:  13.581171989440918
Memory status after this trial: 
Memory allocated:  23.703125
Memory cached:  48.0
--------------------  Trial  13   --------------------
Start timing: 
Parameters: 
{'W_layers': 8, 'W_layer_units_exponent_0': 7, 'W_layer_units_exponent_1': 6, 'W_layer_units_exponent_2': 8, 'W_layer_units_exponent_3': 10, 'W_layer_units_exponent_4': 4, 'W_layer_units_exponent_5': 4, 'W_layer_units_exponent_6': 4, 'W_layer_units_exponent_7': 5, 'D_layers': 6, 'D_layer_units_exponent_0': 4, 'D_layer_units_exponent_1': 9, 'D_layer_units_exponent_2': 7, 'D_layer_units_exponent_3': 4, 'D_layer_units_exponent_4': 7, 'D_layer_units_exponent_5': 6, 'log_learning_rate': -1.9769123046504042, 'log_learning_rate_D': -3.455194034291886, 'training_batch_size': 12, 'training_p': 5}
	 epoch  0 training error:  tensor(1.3628, device='cuda:0', grad_fn=<DivBackward0>)
Memory status after this epoch: 
Memory allocated:  5.0439453125
Memory cached:  6.0
	 epoch  10 training error:  tensor(0.2944, device='cuda:0', grad_fn=<DivBackward0>)
Memory status after this epoch: 
Memory allocated:  5.0439453125
Memory cached:  8.0
	 epoch  20 training error:  tensor(0.1592, device='cuda:0', grad_fn=<DivBackward0>)
Memory status after this epoch: 
Memory allocated:  5.0439453125
Memory cached:  8.0
	 epoch  30 training error:  tensor(0.1386, device='cuda:0', grad_fn=<DivBackward0>)
Memory status after this epoch: 
Memory allocated:  5.0439453125
Memory cached:  8.0
	 epoch  40 training error:  tensor(0.1381, device='cuda:0', grad_fn=<DivBackward0>)
Memory status after this epoch: 
Memory allocated:  5.0439453125
Memory cached:  8.0
	 epoch  50 training error:  tensor(0.1383, device='cuda:0', grad_fn=<DivBackward0>)
Memory status after this epoch: 
Memory allocated:  5.0439453125
Memory cached:  8.0
	 epoch  60 training error:  tensor(0.1373, device='cuda:0', grad_fn=<DivBackward0>)
Memory status after this epoch: 
Memory allocated:  5.0439453125
Memory cached:  8.0
	 epoch  70 training error:  tensor(0.1371, device='cuda:0', grad_fn=<DivBackward0>)
Memory status after this epoch: 
Memory allocated:  5.0439453125
Memory cached:  8.0
	 epoch  80 training error:  tensor(0.1371, device='cuda:0', grad_fn=<DivBackward0>)
Memory status after this epoch: 
Memory allocated:  5.0439453125
Memory cached:  8.0
	 epoch  90 training error:  tensor(0.1371, device='cuda:0', grad_fn=<DivBackward0>)
Memory status after this epoch: 
Memory allocated:  5.0439453125
Memory cached:  8.0
