[I 2024-02-18 07:12:52,648] Trial 196 finished with value: 0.301270067691803 and parameters: {'W_layers': 3, 'W_layer_units_exponent_0': 5, 'W_layer_units_exponent_1': 5, 'W_layer_units_exponent_2': 7, 'D_layers': 2, 'D_layer_units_exponent_0': 10, 'D_layer_units_exponent_1': 6, 'D_dagger_layers': 5, 'D_dagger_layer_units_exponent_0': 10, 'D_dagger_layer_units_exponent_1': 7, 'D_dagger_layer_units_exponent_2': 4, 'D_dagger_layer_units_exponent_3': 6, 'D_dagger_layer_units_exponent_4': 7, 'log_learning_rate': -3.4433443720720742, 'log_learning_rate_D': -3.85634552019671, 'log_learning_rate_D_dagger': -4.023189342050745, 'training_batch_size': 6, 'training_p': 2}. Best is trial 151 with value: 0.29889023303985596.
Time for this trial:  25.54567551612854
Memory status after this trial: 
Memory allocated:  1084.29345703125
Memory cached:  1190.0
--------------------  Trial  197   --------------------
Start timing: 
Parameters: 
{'W_layers': 3, 'W_layer_units_exponent_0': 5, 'W_layer_units_exponent_1': 5, 'W_layer_units_exponent_2': 7, 'D_layers': 2, 'D_layer_units_exponent_0': 10, 'D_layer_units_exponent_1': 5, 'D_dagger_layers': 6, 'D_dagger_layer_units_exponent_0': 10, 'D_dagger_layer_units_exponent_1': 7, 'D_dagger_layer_units_exponent_2': 5, 'D_dagger_layer_units_exponent_3': 6, 'D_dagger_layer_units_exponent_4': 6, 'D_dagger_layer_units_exponent_5': 4, 'log_learning_rate': -3.7472250538314817, 'log_learning_rate_D': -3.759695548574849, 'log_learning_rate_D_dagger': -2.9670519095059635, 'training_batch_size': 6, 'training_p': 2}
	 epoch  0 training error:  tensor(0.6253, device='cuda:0', grad_fn=<DivBackward0>)
Memory status after this epoch: 
Memory allocated:  753.55908203125
Memory cached:  966.0
	 epoch  10 training error:  tensor(0.2943, device='cuda:0', grad_fn=<DivBackward0>)
Memory status after this epoch: 
Memory allocated:  753.55908203125
Memory cached:  966.0
	 epoch  20 training error:  tensor(0.2900, device='cuda:0', grad_fn=<DivBackward0>)
Memory status after this epoch: 
Memory allocated:  753.55908203125
Memory cached:  966.0
	 epoch  30 training error:  tensor(0.2927, device='cuda:0', grad_fn=<DivBackward0>)
Memory status after this epoch: 
Memory allocated:  753.55908203125
Memory cached:  966.0
	 epoch  40 training error:  tensor(0.2875, device='cuda:0', grad_fn=<DivBackward0>)
Memory status after this epoch: 
Memory allocated:  753.55908203125
Memory cached:  966.0
	 epoch  50 training error:  tensor(0.2849, device='cuda:0', grad_fn=<DivBackward0>)
Memory status after this epoch: 
Memory allocated:  753.55908203125
Memory cached:  966.0
	 epoch  60 training error:  tensor(0.2869, device='cuda:0', grad_fn=<DivBackward0>)
Memory status after this epoch: 
Memory allocated:  753.55908203125
Memory cached:  966.0
	 epoch  70 training error:  tensor(0.2856, device='cuda:0', grad_fn=<DivBackward0>)
Memory status after this epoch: 
Memory allocated:  753.55908203125
Memory cached:  966.0
	 epoch  80 training error:  tensor(0.2837, device='cuda:0', grad_fn=<DivBackward0>)
Memory status after this epoch: 
Memory allocated:  753.55908203125
Memory cached:  966.0
	 epoch  90 training error:  tensor(0.2856, device='cuda:0', grad_fn=<DivBackward0>)
Memory status after this epoch: 
Memory allocated:  753.55908203125
Memory cached:  966.0
[I 2024-02-18 07:13:19,370] Trial 197 finished with value: 0.30005741119384766 and parameters: {'W_layers': 3, 'W_layer_units_exponent_0': 5, 'W_layer_units_exponent_1': 5, 'W_layer_units_exponent_2': 7, 'D_layers': 2, 'D_layer_units_exponent_0': 10, 'D_layer_units_exponent_1': 5, 'D_dagger_layers': 6, 'D_dagger_layer_units_exponent_0': 10, 'D_dagger_layer_units_exponent_1': 7, 'D_dagger_layer_units_exponent_2': 5, 'D_dagger_layer_units_exponent_3': 6, 'D_dagger_layer_units_exponent_4': 6, 'D_dagger_layer_units_exponent_5': 4, 'log_learning_rate': -3.7472250538314817, 'log_learning_rate_D': -3.759695548574849, 'log_learning_rate_D_dagger': -2.9670519095059635, 'training_batch_size': 6, 'training_p': 2}. Best is trial 151 with value: 0.29889023303985596.
Time for this trial:  26.349761486053467
Memory status after this trial: 
Memory allocated:  1080.87646484375
Memory cached:  1190.0
--------------------  Trial  198   --------------------
Start timing: 
Parameters: 
{'W_layers': 2, 'W_layer_units_exponent_0': 5, 'W_layer_units_exponent_1': 5, 'D_layers': 2, 'D_layer_units_exponent_0': 10, 'D_layer_units_exponent_1': 5, 'D_dagger_layers': 5, 'D_dagger_layer_units_exponent_0': 10, 'D_dagger_layer_units_exponent_1': 7, 'D_dagger_layer_units_exponent_2': 4, 'D_dagger_layer_units_exponent_3': 6, 'D_dagger_layer_units_exponent_4': 6, 'log_learning_rate': -3.535564270300543, 'log_learning_rate_D': -4.136024695619976, 'log_learning_rate_D_dagger': -4.243520879292815, 'training_batch_size': 6, 'training_p': 2}
	 epoch  0 training error:  tensor(1.1382, device='cuda:0', grad_fn=<DivBackward0>)
Memory status after this epoch: 
Memory allocated:  753.43017578125
Memory cached:  966.0
	 epoch  10 training error:  tensor(0.3081, device='cuda:0', grad_fn=<DivBackward0>)
Memory status after this epoch: 
Memory allocated:  753.43017578125
Memory cached:  966.0
	 epoch  20 training error:  tensor(0.2941, device='cuda:0', grad_fn=<DivBackward0>)
Memory status after this epoch: 
Memory allocated:  753.43017578125
Memory cached:  966.0
	 epoch  30 training error:  tensor(0.2901, device='cuda:0', grad_fn=<DivBackward0>)
Memory status after this epoch: 
Memory allocated:  753.43017578125
Memory cached:  966.0
	 epoch  40 training error:  tensor(0.2884, device='cuda:0', grad_fn=<DivBackward0>)
Memory status after this epoch: 
Memory allocated:  753.43017578125
Memory cached:  966.0
	 epoch  50 training error:  tensor(0.2860, device='cuda:0', grad_fn=<DivBackward0>)
Memory status after this epoch: 
Memory allocated:  753.43017578125
Memory cached:  966.0
	 epoch  60 training error:  tensor(0.2855, device='cuda:0', grad_fn=<DivBackward0>)
Memory status after this epoch: 
Memory allocated:  753.43017578125
Memory cached:  966.0
	 epoch  70 training error:  tensor(0.2855, device='cuda:0', grad_fn=<DivBackward0>)
Memory status after this epoch: 
Memory allocated:  753.43017578125
Memory cached:  966.0
	 epoch  80 training error:  tensor(0.2845, device='cuda:0', grad_fn=<DivBackward0>)
Memory status after this epoch: 
Memory allocated:  753.43017578125
Memory cached:  966.0
	 epoch  90 training error:  tensor(0.2833, device='cuda:0', grad_fn=<DivBackward0>)
Memory status after this epoch: 
Memory allocated:  753.43017578125
Memory cached:  966.0
[I 2024-02-18 07:13:44,255] Trial 198 finished with value: 0.30065450072288513 and parameters: {'W_layers': 2, 'W_layer_units_exponent_0': 5, 'W_layer_units_exponent_1': 5, 'D_layers': 2, 'D_layer_units_exponent_0': 10, 'D_layer_units_exponent_1': 5, 'D_dagger_layers': 5, 'D_dagger_layer_units_exponent_0': 10, 'D_dagger_layer_units_exponent_1': 7, 'D_dagger_layer_units_exponent_2': 4, 'D_dagger_layer_units_exponent_3': 6, 'D_dagger_layer_units_exponent_4': 6, 'log_learning_rate': -3.535564270300543, 'log_learning_rate_D': -4.136024695619976, 'log_learning_rate_D_dagger': -4.243520879292815, 'training_batch_size': 6, 'training_p': 2}. Best is trial 151 with value: 0.29889023303985596.
Time for this trial:  24.450480461120605
Memory status after this trial: 
Memory allocated:  1046.69091796875
Memory cached:  1190.0
--------------------  Trial  199   --------------------
Start timing: 
Parameters: 
{'W_layers': 5, 'W_layer_units_exponent_0': 5, 'W_layer_units_exponent_1': 6, 'W_layer_units_exponent_2': 7, 'W_layer_units_exponent_3': 6, 'W_layer_units_exponent_4': 6, 'D_layers': 2, 'D_layer_units_exponent_0': 10, 'D_layer_units_exponent_1': 5, 'D_dagger_layers': 6, 'D_dagger_layer_units_exponent_0': 10, 'D_dagger_layer_units_exponent_1': 7, 'D_dagger_layer_units_exponent_2': 5, 'D_dagger_layer_units_exponent_3': 4, 'D_dagger_layer_units_exponent_4': 5, 'D_dagger_layer_units_exponent_5': 5, 'log_learning_rate': -3.3710228903390664, 'log_learning_rate_D': -3.9420152579346186, 'log_learning_rate_D_dagger': -3.9551216939533846, 'training_batch_size': 6, 'training_p': 2}
	 epoch  0 training error:  tensor(0.9248, device='cuda:0', grad_fn=<DivBackward0>)
Memory status after this epoch: 
Memory allocated:  753.75048828125
Memory cached:  966.0
	 epoch  10 training error:  tensor(0.3219, device='cuda:0', grad_fn=<DivBackward0>)
Memory status after this epoch: 
Memory allocated:  753.75048828125
Memory cached:  966.0
	 epoch  20 training error:  tensor(0.3019, device='cuda:0', grad_fn=<DivBackward0>)
Memory status after this epoch: 
Memory allocated:  753.75048828125
Memory cached:  966.0
	 epoch  30 training error:  tensor(0.2930, device='cuda:0', grad_fn=<DivBackward0>)
Memory status after this epoch: 
Memory allocated:  753.75048828125
Memory cached:  966.0
	 epoch  40 training error:  tensor(0.2890, device='cuda:0', grad_fn=<DivBackward0>)
Memory status after this epoch: 
Memory allocated:  753.75048828125
Memory cached:  966.0
	 epoch  50 training error:  tensor(0.2875, device='cuda:0', grad_fn=<DivBackward0>)
Memory status after this epoch: 
Memory allocated:  753.75048828125
Memory cached:  966.0
	 epoch  60 training error:  tensor(0.2872, device='cuda:0', grad_fn=<DivBackward0>)
Memory status after this epoch: 
Memory allocated:  753.75048828125
Memory cached:  966.0
	 epoch  70 training error:  tensor(0.2877, device='cuda:0', grad_fn=<DivBackward0>)
Memory status after this epoch: 
Memory allocated:  753.75048828125
Memory cached:  966.0
	 epoch  80 training error:  tensor(0.2865, device='cuda:0', grad_fn=<DivBackward0>)
Memory status after this epoch: 
Memory allocated:  753.75048828125
Memory cached:  966.0
	 epoch  90 training error:  tensor(0.2839, device='cuda:0', grad_fn=<DivBackward0>)
Memory status after this epoch: 
Memory allocated:  753.75048828125
Memory cached:  966.0
[I 2024-02-18 07:14:12,630] Trial 199 finished with value: 0.30064868927001953 and parameters: {'W_layers': 5, 'W_layer_units_exponent_0': 5, 'W_layer_units_exponent_1': 6, 'W_layer_units_exponent_2': 7, 'W_layer_units_exponent_3': 6, 'W_layer_units_exponent_4': 6, 'D_layers': 2, 'D_layer_units_exponent_0': 10, 'D_layer_units_exponent_1': 5, 'D_dagger_layers': 6, 'D_dagger_layer_units_exponent_0': 10, 'D_dagger_layer_units_exponent_1': 7, 'D_dagger_layer_units_exponent_2': 5, 'D_dagger_layer_units_exponent_3': 4, 'D_dagger_layer_units_exponent_4': 5, 'D_dagger_layer_units_exponent_5': 5, 'log_learning_rate': -3.3710228903390664, 'log_learning_rate_D': -3.9420152579346186, 'log_learning_rate_D_dagger': -3.9551216939533846, 'training_batch_size': 6, 'training_p': 2}. Best is trial 151 with value: 0.29889023303985596.
Time for this trial:  28.00059461593628
Memory status after this trial: 
Memory allocated:  1102.94482421875
Memory cached:  1190.0
