[I 2024-01-10 16:59:23,141] Trial 16 finished with value: 0.21974675357341766 and parameters: {'W_layers': 4, 'W_layer_units_exponent_0': 7, 'W_layer_units_exponent_1': 5, 'W_layer_units_exponent_2': 8, 'W_layer_units_exponent_3': 4, 'D_layers': 3, 'D_layer_units_exponent_0': 5, 'D_layer_units_exponent_1': 6, 'D_layer_units_exponent_2': 5, 'D_dagger_layers': 4, 'D_dagger_layer_units_exponent_0': 8, 'D_dagger_layer_units_exponent_1': 9, 'D_dagger_layer_units_exponent_2': 7, 'D_dagger_layer_units_exponent_3': 4, 'log_learning_rate': -3.1090814098898347, 'log_learning_rate_D': -2.484522439464815, 'log_learning_rate_D_dagger': -3.6127159166902376, 'training_batch_size': 9, 'training_p': 7}. Best is trial 9 with value: 0.18485425412654877.
Time for this trial:  166.7212483882904
Memory status after this trial: 
Memory allocated:  520.10986328125
Memory cached:  656.0
--------------------  Trial  17   --------------------
Start timing: 
Parameters: 
{'W_layers': 2, 'W_layer_units_exponent_0': 5, 'W_layer_units_exponent_1': 7, 'D_layers': 4, 'D_layer_units_exponent_0': 8, 'D_layer_units_exponent_1': 5, 'D_layer_units_exponent_2': 6, 'D_layer_units_exponent_3': 6, 'D_dagger_layers': 2, 'D_dagger_layer_units_exponent_0': 9, 'D_dagger_layer_units_exponent_1': 6, 'log_learning_rate': -3.7735447991421998, 'log_learning_rate_D': -1.5028146748785087, 'log_learning_rate_D_dagger': -2.916853958493261, 'training_batch_size': 7, 'training_p': 6}
	 epoch  0 training error:  tensor(0.8937, device='cuda:0', grad_fn=<DivBackward0>)
Memory status after this epoch: 
Memory allocated:  362.78564453125
Memory cached:  636.0
	 epoch  10 training error:  tensor(0.6437, device='cuda:0', grad_fn=<DivBackward0>)
Memory status after this epoch: 
Memory allocated:  362.78564453125
Memory cached:  642.0
	 epoch  20 training error:  tensor(0.5892, device='cuda:0', grad_fn=<DivBackward0>)
Memory status after this epoch: 
Memory allocated:  362.78564453125
Memory cached:  644.0
	 epoch  30 training error:  tensor(0.5782, device='cuda:0', grad_fn=<DivBackward0>)
Memory status after this epoch: 
Memory allocated:  362.78564453125
Memory cached:  642.0
	 epoch  40 training error:  tensor(0.4357, device='cuda:0', grad_fn=<DivBackward0>)
Memory status after this epoch: 
Memory allocated:  362.78564453125
Memory cached:  644.0
	 epoch  50 training error:  tensor(0.4177, device='cuda:0', grad_fn=<DivBackward0>)
Memory status after this epoch: 
Memory allocated:  362.78564453125
Memory cached:  640.0
	 epoch  60 training error:  tensor(0.4126, device='cuda:0', grad_fn=<DivBackward0>)
Memory status after this epoch: 
Memory allocated:  362.78564453125
Memory cached:  642.0
	 epoch  70 training error:  tensor(0.4115, device='cuda:0', grad_fn=<DivBackward0>)
Memory status after this epoch: 
Memory allocated:  362.78564453125
Memory cached:  642.0
	 epoch  80 training error:  tensor(0.4119, device='cuda:0', grad_fn=<DivBackward0>)
Memory status after this epoch: 
Memory allocated:  362.78564453125
Memory cached:  642.0
	 epoch  90 training error:  tensor(0.4112, device='cuda:0', grad_fn=<DivBackward0>)
Memory status after this epoch: 
Memory allocated:  362.78564453125
Memory cached:  642.0
[I 2024-01-10 17:03:24,515] Trial 17 finished with value: 0.26627084612846375 and parameters: {'W_layers': 2, 'W_layer_units_exponent_0': 5, 'W_layer_units_exponent_1': 7, 'D_layers': 4, 'D_layer_units_exponent_0': 8, 'D_layer_units_exponent_1': 5, 'D_layer_units_exponent_2': 6, 'D_layer_units_exponent_3': 6, 'D_dagger_layers': 2, 'D_dagger_layer_units_exponent_0': 9, 'D_dagger_layer_units_exponent_1': 6, 'log_learning_rate': -3.7735447991421998, 'log_learning_rate_D': -1.5028146748785087, 'log_learning_rate_D_dagger': -2.916853958493261, 'training_batch_size': 7, 'training_p': 6}. Best is trial 9 with value: 0.18485425412654877.
Time for this trial:  241.0603368282318
Memory status after this trial: 
Memory allocated:  481.41748046875
Memory cached:  642.0
--------------------  Trial  18   --------------------
Start timing: 
Parameters: 
{'W_layers': 4, 'W_layer_units_exponent_0': 7, 'W_layer_units_exponent_1': 5, 'W_layer_units_exponent_2': 10, 'W_layer_units_exponent_3': 6, 'D_layers': 7, 'D_layer_units_exponent_0': 7, 'D_layer_units_exponent_1': 7, 'D_layer_units_exponent_2': 5, 'D_layer_units_exponent_3': 5, 'D_layer_units_exponent_4': 10, 'D_layer_units_exponent_5': 8, 'D_layer_units_exponent_6': 6, 'D_dagger_layers': 3, 'D_dagger_layer_units_exponent_0': 10, 'D_dagger_layer_units_exponent_1': 7, 'D_dagger_layer_units_exponent_2': 9, 'log_learning_rate': -2.8368707893614276, 'log_learning_rate_D': -1.9720175761604668, 'log_learning_rate_D_dagger': -3.649627231513885, 'training_batch_size': 9, 'training_p': 8}
	 epoch  0 training error:  tensor(0.9717, device='cuda:0', grad_fn=<DivBackward0>)
Memory status after this epoch: 
Memory allocated:  371.76611328125
Memory cached:  634.0
	 epoch  10 training error:  tensor(0.5881, device='cuda:0', grad_fn=<DivBackward0>)
Memory status after this epoch: 
Memory allocated:  371.76611328125
Memory cached:  636.0
	 epoch  20 training error:  tensor(0.4629, device='cuda:0', grad_fn=<DivBackward0>)
Memory status after this epoch: 
Memory allocated:  371.76611328125
Memory cached:  638.0
	 epoch  30 training error:  tensor(0.4278, device='cuda:0', grad_fn=<DivBackward0>)
Memory status after this epoch: 
Memory allocated:  371.76611328125
Memory cached:  638.0
	 epoch  40 training error:  tensor(0.4005, device='cuda:0', grad_fn=<DivBackward0>)
Memory status after this epoch: 
Memory allocated:  371.76611328125
Memory cached:  638.0
	 epoch  50 training error:  tensor(0.4007, device='cuda:0', grad_fn=<DivBackward0>)
Memory status after this epoch: 
Memory allocated:  371.76611328125
Memory cached:  636.0
	 epoch  60 training error:  tensor(0.3925, device='cuda:0', grad_fn=<DivBackward0>)
Memory status after this epoch: 
Memory allocated:  371.76611328125
Memory cached:  638.0
	 epoch  70 training error:  tensor(0.3868, device='cuda:0', grad_fn=<DivBackward0>)
Memory status after this epoch: 
Memory allocated:  371.76611328125
Memory cached:  636.0
	 epoch  80 training error:  tensor(0.3803, device='cuda:0', grad_fn=<DivBackward0>)
Memory status after this epoch: 
Memory allocated:  371.76611328125
Memory cached:  638.0
	 epoch  90 training error:  tensor(0.3839, device='cuda:0', grad_fn=<DivBackward0>)
Memory status after this epoch: 
Memory allocated:  371.76611328125
Memory cached:  640.0
[I 2024-01-10 17:07:20,148] Trial 18 finished with value: 0.22550968825817108 and parameters: {'W_layers': 4, 'W_layer_units_exponent_0': 7, 'W_layer_units_exponent_1': 5, 'W_layer_units_exponent_2': 10, 'W_layer_units_exponent_3': 6, 'D_layers': 7, 'D_layer_units_exponent_0': 7, 'D_layer_units_exponent_1': 7, 'D_layer_units_exponent_2': 5, 'D_layer_units_exponent_3': 5, 'D_layer_units_exponent_4': 10, 'D_layer_units_exponent_5': 8, 'D_layer_units_exponent_6': 6, 'D_dagger_layers': 3, 'D_dagger_layer_units_exponent_0': 10, 'D_dagger_layer_units_exponent_1': 7, 'D_dagger_layer_units_exponent_2': 9, 'log_learning_rate': -2.8368707893614276, 'log_learning_rate_D': -1.9720175761604668, 'log_learning_rate_D_dagger': -3.649627231513885, 'training_batch_size': 9, 'training_p': 8}. Best is trial 9 with value: 0.18485425412654877.
Time for this trial:  235.26838636398315
Memory status after this trial: 
Memory allocated:  844.41357421875
Memory cached:  864.0
--------------------  Trial  19   --------------------
Start timing: 
Parameters: 
{'W_layers': 3, 'W_layer_units_exponent_0': 5, 'W_layer_units_exponent_1': 6, 'W_layer_units_exponent_2': 8, 'D_layers': 3, 'D_layer_units_exponent_0': 5, 'D_layer_units_exponent_1': 5, 'D_layer_units_exponent_2': 8, 'D_dagger_layers': 4, 'D_dagger_layer_units_exponent_0': 7, 'D_dagger_layer_units_exponent_1': 10, 'D_dagger_layer_units_exponent_2': 10, 'D_dagger_layer_units_exponent_3': 5, 'log_learning_rate': -3.8348356356810953, 'log_learning_rate_D': -2.7292431035600324, 'log_learning_rate_D_dagger': -4.969544385015693, 'training_batch_size': 10, 'training_p': 4}
	 epoch  0 training error:  tensor(0.8668, device='cuda:0', grad_fn=<DivBackward0>)
Memory status after this epoch: 
Memory allocated:  380.99267578125
Memory cached:  652.0
	 epoch  10 training error:  tensor(0.5622, device='cuda:0', grad_fn=<DivBackward0>)
Memory status after this epoch: 
Memory allocated:  380.99267578125
Memory cached:  664.0
	 epoch  20 training error:  tensor(0.5277, device='cuda:0', grad_fn=<DivBackward0>)
Memory status after this epoch: 
Memory allocated:  380.99267578125
Memory cached:  660.0
	 epoch  30 training error:  tensor(0.4490, device='cuda:0', grad_fn=<DivBackward0>)
Memory status after this epoch: 
Memory allocated:  380.99267578125
Memory cached:  666.0
	 epoch  40 training error:  tensor(0.3906, device='cuda:0', grad_fn=<DivBackward0>)
Memory status after this epoch: 
Memory allocated:  380.99267578125
Memory cached:  668.0
	 epoch  50 training error:  tensor(0.3378, device='cuda:0', grad_fn=<DivBackward0>)
Memory status after this epoch: 
Memory allocated:  380.99267578125
Memory cached:  666.0
	 epoch  60 training error:  tensor(0.3173, device='cuda:0', grad_fn=<DivBackward0>)
Memory status after this epoch: 
Memory allocated:  380.99267578125
Memory cached:  668.0
	 epoch  70 training error:  tensor(0.3162, device='cuda:0', grad_fn=<DivBackward0>)
Memory status after this epoch: 
Memory allocated:  380.99267578125
Memory cached:  672.0
	 epoch  80 training error:  tensor(0.3119, device='cuda:0', grad_fn=<DivBackward0>)
Memory status after this epoch: 
Memory allocated:  380.99267578125
Memory cached:  662.0
	 epoch  90 training error:  tensor(0.3088, device='cuda:0', grad_fn=<DivBackward0>)
Memory status after this epoch: 
Memory allocated:  380.99267578125
Memory cached:  666.0
[I 2024-01-10 17:10:18,630] Trial 19 finished with value: 0.23963117599487305 and parameters: {'W_layers': 3, 'W_layer_units_exponent_0': 5, 'W_layer_units_exponent_1': 6, 'W_layer_units_exponent_2': 8, 'D_layers': 3, 'D_layer_units_exponent_0': 5, 'D_layer_units_exponent_1': 5, 'D_layer_units_exponent_2': 8, 'D_dagger_layers': 4, 'D_dagger_layer_units_exponent_0': 7, 'D_dagger_layer_units_exponent_1': 10, 'D_dagger_layer_units_exponent_2': 10, 'D_dagger_layer_units_exponent_3': 5, 'log_learning_rate': -3.8348356356810953, 'log_learning_rate_D': -2.7292431035600324, 'log_learning_rate_D_dagger': -4.969544385015693, 'training_batch_size': 10, 'training_p': 4}. Best is trial 9 with value: 0.18485425412654877.
Time for this trial:  178.14756059646606
Memory status after this trial: 
Memory allocated:  670.80419921875
Memory cached:  678.0
--------------------  Trial  20   --------------------
Start timing: 
Parameters: 
{'W_layers': 2, 'W_layer_units_exponent_0': 6, 'W_layer_units_exponent_1': 8, 'D_layers': 2, 'D_layer_units_exponent_0': 4, 'D_layer_units_exponent_1': 7, 'D_dagger_layers': 5, 'D_dagger_layer_units_exponent_0': 8, 'D_dagger_layer_units_exponent_1': 9, 'D_dagger_layer_units_exponent_2': 9, 'D_dagger_layer_units_exponent_3': 8, 'D_dagger_layer_units_exponent_4': 5, 'log_learning_rate': -3.246586651396247, 'log_learning_rate_D': -2.2383120086975676, 'log_learning_rate_D_dagger': -2.5674020226163057, 'training_batch_size': 7, 'training_p': 7}
	 epoch  0 training error:  tensor(1.0214, device='cuda:0', grad_fn=<DivBackward0>)
Memory status after this epoch: 
Memory allocated:  370.41455078125
Memory cached:  632.0
	 epoch  10 training error:  tensor(0.4630, device='cuda:0', grad_fn=<DivBackward0>)
Memory status after this epoch: 
Memory allocated:  370.41455078125
Memory cached:  644.0
	 epoch  20 training error:  tensor(0.4908, device='cuda:0', grad_fn=<DivBackward0>)
Memory status after this epoch: 
Memory allocated:  370.41455078125
Memory cached:  640.0
	 epoch  30 training error:  tensor(0.4409, device='cuda:0', grad_fn=<DivBackward0>)
Memory status after this epoch: 
Memory allocated:  370.41455078125
Memory cached:  642.0
	 epoch  40 training error:  tensor(0.4074, device='cuda:0', grad_fn=<DivBackward0>)
Memory status after this epoch: 
Memory allocated:  370.41455078125
Memory cached:  640.0
	 epoch  50 training error:  tensor(0.4044, device='cuda:0', grad_fn=<DivBackward0>)
Memory status after this epoch: 
Memory allocated:  370.41455078125
Memory cached:  662.0
	 epoch  60 training error:  tensor(0.3947, device='cuda:0', grad_fn=<DivBackward0>)
Memory status after this epoch: 
Memory allocated:  370.41455078125
Memory cached:  646.0
	 epoch  70 training error:  tensor(0.3372, device='cuda:0', grad_fn=<DivBackward0>)
Memory status after this epoch: 
Memory allocated:  370.41455078125
Memory cached:  654.0
	 epoch  80 training error:  tensor(0.3721, device='cuda:0', grad_fn=<DivBackward0>)
Memory status after this epoch: 
Memory allocated:  370.41455078125
Memory cached:  648.0
	 epoch  90 training error:  tensor(0.3560, device='cuda:0', grad_fn=<DivBackward0>)
Memory status after this epoch: 
Memory allocated:  370.41455078125
Memory cached:  650.0
[I 2024-01-10 17:14:44,600] Trial 20 finished with value: 0.21876657009124756 and parameters: {'W_layers': 2, 'W_layer_units_exponent_0': 6, 'W_layer_units_exponent_1': 8, 'D_layers': 2, 'D_layer_units_exponent_0': 4, 'D_layer_units_exponent_1': 7, 'D_dagger_layers': 5, 'D_dagger_layer_units_exponent_0': 8, 'D_dagger_layer_units_exponent_1': 9, 'D_dagger_layer_units_exponent_2': 9, 'D_dagger_layer_units_exponent_3': 8, 'D_dagger_layer_units_exponent_4': 5, 'log_learning_rate': -3.246586651396247, 'log_learning_rate_D': -2.2383120086975676, 'log_learning_rate_D_dagger': -2.5674020226163057, 'training_batch_size': 7, 'training_p': 7}. Best is trial 9 with value: 0.18485425412654877.
Time for this trial:  265.64678621292114
Memory status after this trial: 
Memory allocated:  577.0849609375
Memory cached:  642.0
--------------------  Trial  21   --------------------
Start timing: 
Parameters: 
{'W_layers': 2, 'W_layer_units_exponent_0': 6, 'W_layer_units_exponent_1': 5, 'D_layers': 7, 'D_layer_units_exponent_0': 10, 'D_layer_units_exponent_1': 5, 'D_layer_units_exponent_2': 7, 'D_layer_units_exponent_3': 6, 'D_layer_units_exponent_4': 7, 'D_layer_units_exponent_5': 8, 'D_layer_units_exponent_6': 4, 'D_dagger_layers': 5, 'D_dagger_layer_units_exponent_0': 9, 'D_dagger_layer_units_exponent_1': 8, 'D_dagger_layer_units_exponent_2': 10, 'D_dagger_layer_units_exponent_3': 4, 'D_dagger_layer_units_exponent_4': 10, 'log_learning_rate': -3.439286883835906, 'log_learning_rate_D': -2.1718193696025385, 'log_learning_rate_D_dagger': -3.0332309167424567, 'training_batch_size': 7, 'training_p': 6}
	 epoch  0 training error:  tensor(0.6441, device='cuda:0', grad_fn=<DivBackward0>)
Memory status after this epoch: 
Memory allocated:  369.99072265625
Memory cached:  648.0
	 epoch  10 training error:  tensor(0.4141, device='cuda:0', grad_fn=<DivBackward0>)
Memory status after this epoch: 
Memory allocated:  369.99072265625
Memory cached:  652.0
	 epoch  20 training error:  tensor(0.3916, device='cuda:0', grad_fn=<DivBackward0>)
Memory status after this epoch: 
Memory allocated:  369.99072265625
Memory cached:  656.0
	 epoch  30 training error:  tensor(0.3765, device='cuda:0', grad_fn=<DivBackward0>)
Memory status after this epoch: 
Memory allocated:  369.99072265625
Memory cached:  656.0
	 epoch  40 training error:  tensor(0.3569, device='cuda:0', grad_fn=<DivBackward0>)
Memory status after this epoch: 
Memory allocated:  369.99072265625
Memory cached:  652.0
	 epoch  50 training error:  tensor(0.3613, device='cuda:0', grad_fn=<DivBackward0>)
Memory status after this epoch: 
Memory allocated:  369.99072265625
Memory cached:  646.0
	 epoch  60 training error:  tensor(0.3601, device='cuda:0', grad_fn=<DivBackward0>)
Memory status after this epoch: 
Memory allocated:  369.99072265625
Memory cached:  652.0
	 epoch  70 training error:  tensor(0.3587, device='cuda:0', grad_fn=<DivBackward0>)
Memory status after this epoch: 
Memory allocated:  369.99072265625
Memory cached:  654.0
	 epoch  80 training error:  tensor(0.3477, device='cuda:0', grad_fn=<DivBackward0>)
Memory status after this epoch: 
Memory allocated:  369.99072265625
Memory cached:  648.0
	 epoch  90 training error:  tensor(0.3674, device='cuda:0', grad_fn=<DivBackward0>)
Memory status after this epoch: 
Memory allocated:  369.99072265625
Memory cached:  650.0
[I 2024-01-10 17:20:57,075] Trial 21 finished with value: 0.23277731239795685 and parameters: {'W_layers': 2, 'W_layer_units_exponent_0': 6, 'W_layer_units_exponent_1': 5, 'D_layers': 7, 'D_layer_units_exponent_0': 10, 'D_layer_units_exponent_1': 5, 'D_layer_units_exponent_2': 7, 'D_layer_units_exponent_3': 6, 'D_layer_units_exponent_4': 7, 'D_layer_units_exponent_5': 8, 'D_layer_units_exponent_6': 4, 'D_dagger_layers': 5, 'D_dagger_layer_units_exponent_0': 9, 'D_dagger_layer_units_exponent_1': 8, 'D_dagger_layer_units_exponent_2': 10, 'D_dagger_layer_units_exponent_3': 4, 'D_dagger_layer_units_exponent_4': 10, 'log_learning_rate': -3.439286883835906, 'log_learning_rate_D': -2.1718193696025385, 'log_learning_rate_D_dagger': -3.0332309167424567, 'training_batch_size': 7, 'training_p': 6}. Best is trial 9 with value: 0.18485425412654877.
Time for this trial:  372.0193819999695
Memory status after this trial: 
Memory allocated:  836.96826171875
Memory cached:  854.0
--------------------  Trial  22   --------------------
Start timing: 
Parameters: 
{'W_layers': 2, 'W_layer_units_exponent_0': 6, 'W_layer_units_exponent_1': 4, 'D_layers': 8, 'D_layer_units_exponent_0': 10, 'D_layer_units_exponent_1': 4, 'D_layer_units_exponent_2': 7, 'D_layer_units_exponent_3': 7, 'D_layer_units_exponent_4': 6, 'D_layer_units_exponent_5': 9, 'D_layer_units_exponent_6': 6, 'D_layer_units_exponent_7': 10, 'D_dagger_layers': 6, 'D_dagger_layer_units_exponent_0': 9, 'D_dagger_layer_units_exponent_1': 8, 'D_dagger_layer_units_exponent_2': 10, 'D_dagger_layer_units_exponent_3': 5, 'D_dagger_layer_units_exponent_4': 10, 'D_dagger_layer_units_exponent_5': 4, 'log_learning_rate': -3.528761527601212, 'log_learning_rate_D': -1.8576727488046845, 'log_learning_rate_D_dagger': -2.683965126758266, 'training_batch_size': 8, 'training_p': 6}
	 epoch  0 training error:  tensor(1.1318, device='cuda:0', grad_fn=<DivBackward0>)
Memory status after this epoch: 
Memory allocated:  372.07666015625
Memory cached:  644.0
	 epoch  10 training error:  tensor(0.6790, device='cuda:0', grad_fn=<DivBackward0>)
Memory status after this epoch: 
Memory allocated:  372.07666015625
Memory cached:  656.0
	 epoch  20 training error:  tensor(0.6621, device='cuda:0', grad_fn=<DivBackward0>)
Memory status after this epoch: 
Memory allocated:  372.07666015625
Memory cached:  660.0
	 epoch  30 training error:  tensor(0.6673, device='cuda:0', grad_fn=<DivBackward0>)
Memory status after this epoch: 
Memory allocated:  372.07666015625
Memory cached:  656.0
	 epoch  40 training error:  tensor(0.6794, device='cuda:0', grad_fn=<DivBackward0>)
Memory status after this epoch: 
Memory allocated:  372.07666015625
Memory cached:  660.0
	 epoch  50 training error:  tensor(0.6623, device='cuda:0', grad_fn=<DivBackward0>)
Memory status after this epoch: 
Memory allocated:  372.07666015625
Memory cached:  658.0
	 epoch  60 training error:  tensor(0.6639, device='cuda:0', grad_fn=<DivBackward0>)
Memory status after this epoch: 
Memory allocated:  372.07666015625
Memory cached:  654.0
	 epoch  70 training error:  tensor(0.6617, device='cuda:0', grad_fn=<DivBackward0>)
Memory status after this epoch: 
Memory allocated:  372.07666015625
Memory cached:  658.0
	 epoch  80 training error:  tensor(0.6617, device='cuda:0', grad_fn=<DivBackward0>)
Memory status after this epoch: 
Memory allocated:  372.07666015625
Memory cached:  656.0
	 epoch  90 training error:  tensor(0.6614, device='cuda:0', grad_fn=<DivBackward0>)
Memory status after this epoch: 
Memory allocated:  372.07666015625
Memory cached:  658.0
