[I 2024-01-13 01:40:56,847] Trial 95 finished with value: 0.10445493459701538 and parameters: {'W_layers': 2, 'W_layer_units_exponent_0': 6, 'W_layer_units_exponent_1': 4, 'D_layers': 4, 'D_layer_units_exponent_0': 5, 'D_layer_units_exponent_1': 5, 'D_layer_units_exponent_2': 6, 'D_layer_units_exponent_3': 10, 'D_dagger_layers': 4, 'D_dagger_layer_units_exponent_0': 9, 'D_dagger_layer_units_exponent_1': 7, 'D_dagger_layer_units_exponent_2': 7, 'D_dagger_layer_units_exponent_3': 5, 'log_learning_rate': -4.907656824862867, 'log_learning_rate_D': -3.0348004908961297, 'log_learning_rate_D_dagger': -3.163091320466099, 'training_batch_size': 6, 'training_p': 7}. Best is trial 52 with value: 0.08323463052511215.
Time for this trial:  380.68368673324585
Memory status after this trial: 
Memory allocated:  519.15625
Memory cached:  612.0
--------------------  Trial  96   --------------------
Start timing: 
Parameters: 
{'W_layers': 2, 'W_layer_units_exponent_0': 6, 'W_layer_units_exponent_1': 4, 'D_layers': 4, 'D_layer_units_exponent_0': 4, 'D_layer_units_exponent_1': 4, 'D_layer_units_exponent_2': 9, 'D_layer_units_exponent_3': 10, 'D_dagger_layers': 4, 'D_dagger_layer_units_exponent_0': 8, 'D_dagger_layer_units_exponent_1': 7, 'D_dagger_layer_units_exponent_2': 7, 'D_dagger_layer_units_exponent_3': 4, 'log_learning_rate': -4.778221540589288, 'log_learning_rate_D': -2.832822866981913, 'log_learning_rate_D_dagger': -3.6806318469837933, 'training_batch_size': 7, 'training_p': 7}
	 epoch  0 training error:  tensor(1.1047, device='cuda:0', grad_fn=<DivBackward0>)
Memory status after this epoch: 
Memory allocated:  326.9267578125
Memory cached:  618.0
	 epoch  10 training error:  tensor(0.5853, device='cuda:0', grad_fn=<DivBackward0>)
Memory status after this epoch: 
Memory allocated:  326.9267578125
Memory cached:  626.0
	 epoch  20 training error:  tensor(0.5253, device='cuda:0', grad_fn=<DivBackward0>)
Memory status after this epoch: 
Memory allocated:  326.9267578125
Memory cached:  624.0
	 epoch  30 training error:  tensor(0.5201, device='cuda:0', grad_fn=<DivBackward0>)
Memory status after this epoch: 
Memory allocated:  326.9267578125
Memory cached:  624.0
	 epoch  40 training error:  tensor(0.5194, device='cuda:0', grad_fn=<DivBackward0>)
Memory status after this epoch: 
Memory allocated:  326.9267578125
Memory cached:  616.0
	 epoch  50 training error:  tensor(0.5184, device='cuda:0', grad_fn=<DivBackward0>)
Memory status after this epoch: 
Memory allocated:  326.9267578125
Memory cached:  630.0
	 epoch  60 training error:  tensor(0.5185, device='cuda:0', grad_fn=<DivBackward0>)
Memory status after this epoch: 
Memory allocated:  326.9267578125
Memory cached:  626.0
	 epoch  70 training error:  tensor(0.5169, device='cuda:0', grad_fn=<DivBackward0>)
Memory status after this epoch: 
Memory allocated:  326.9267578125
Memory cached:  622.0
	 epoch  80 training error:  tensor(0.5173, device='cuda:0', grad_fn=<DivBackward0>)
Memory status after this epoch: 
Memory allocated:  326.9267578125
Memory cached:  626.0
	 epoch  90 training error:  tensor(0.5158, device='cuda:0', grad_fn=<DivBackward0>)
Memory status after this epoch: 
Memory allocated:  326.9267578125
Memory cached:  622.0
[I 2024-01-13 01:45:33,982] Trial 96 finished with value: 0.39509519934654236 and parameters: {'W_layers': 2, 'W_layer_units_exponent_0': 6, 'W_layer_units_exponent_1': 4, 'D_layers': 4, 'D_layer_units_exponent_0': 4, 'D_layer_units_exponent_1': 4, 'D_layer_units_exponent_2': 9, 'D_layer_units_exponent_3': 10, 'D_dagger_layers': 4, 'D_dagger_layer_units_exponent_0': 8, 'D_dagger_layer_units_exponent_1': 7, 'D_dagger_layer_units_exponent_2': 7, 'D_dagger_layer_units_exponent_3': 4, 'log_learning_rate': -4.778221540589288, 'log_learning_rate_D': -2.832822866981913, 'log_learning_rate_D_dagger': -3.6806318469837933, 'training_batch_size': 7, 'training_p': 7}. Best is trial 52 with value: 0.08323463052511215.
Time for this trial:  276.7270760536194
Memory status after this trial: 
Memory allocated:  537.5595703125
Memory cached:  620.0
--------------------  Trial  97   --------------------
Start timing: 
Parameters: 
{'W_layers': 2, 'W_layer_units_exponent_0': 7, 'W_layer_units_exponent_1': 4, 'D_layers': 3, 'D_layer_units_exponent_0': 5, 'D_layer_units_exponent_1': 5, 'D_layer_units_exponent_2': 6, 'D_dagger_layers': 4, 'D_dagger_layer_units_exponent_0': 9, 'D_dagger_layer_units_exponent_1': 8, 'D_dagger_layer_units_exponent_2': 7, 'D_dagger_layer_units_exponent_3': 5, 'log_learning_rate': -4.996437959587104, 'log_learning_rate_D': -2.68847227182378, 'log_learning_rate_D_dagger': -3.394146800617807, 'training_batch_size': 6, 'training_p': 7}
	 epoch  0 training error:  tensor(0.5906, device='cuda:0', grad_fn=<DivBackward0>)
Memory status after this epoch: 
Memory allocated:  320.669921875
Memory cached:  612.0
	 epoch  10 training error:  tensor(0.5325, device='cuda:0', grad_fn=<DivBackward0>)
Memory status after this epoch: 
Memory allocated:  320.669921875
Memory cached:  612.0
	 epoch  20 training error:  tensor(0.5141, device='cuda:0', grad_fn=<DivBackward0>)
Memory status after this epoch: 
Memory allocated:  320.669921875
Memory cached:  612.0
	 epoch  30 training error:  tensor(0.5133, device='cuda:0', grad_fn=<DivBackward0>)
Memory status after this epoch: 
Memory allocated:  320.669921875
Memory cached:  612.0
	 epoch  40 training error:  tensor(0.5032, device='cuda:0', grad_fn=<DivBackward0>)
Memory status after this epoch: 
Memory allocated:  320.669921875
Memory cached:  612.0
	 epoch  50 training error:  tensor(0.4452, device='cuda:0', grad_fn=<DivBackward0>)
Memory status after this epoch: 
Memory allocated:  320.669921875
Memory cached:  612.0
	 epoch  60 training error:  tensor(0.2994, device='cuda:0', grad_fn=<DivBackward0>)
Memory status after this epoch: 
Memory allocated:  320.669921875
Memory cached:  612.0
	 epoch  70 training error:  tensor(0.2667, device='cuda:0', grad_fn=<DivBackward0>)
Memory status after this epoch: 
Memory allocated:  320.669921875
Memory cached:  612.0
	 epoch  80 training error:  tensor(0.2455, device='cuda:0', grad_fn=<DivBackward0>)
Memory status after this epoch: 
Memory allocated:  320.669921875
Memory cached:  612.0
	 epoch  90 training error:  tensor(0.2168, device='cuda:0', grad_fn=<DivBackward0>)
Memory status after this epoch: 
Memory allocated:  320.669921875
Memory cached:  612.0
[I 2024-01-13 01:51:32,283] Trial 97 finished with value: 0.13540422916412354 and parameters: {'W_layers': 2, 'W_layer_units_exponent_0': 7, 'W_layer_units_exponent_1': 4, 'D_layers': 3, 'D_layer_units_exponent_0': 5, 'D_layer_units_exponent_1': 5, 'D_layer_units_exponent_2': 6, 'D_dagger_layers': 4, 'D_dagger_layer_units_exponent_0': 9, 'D_dagger_layer_units_exponent_1': 8, 'D_dagger_layer_units_exponent_2': 7, 'D_dagger_layer_units_exponent_3': 5, 'log_learning_rate': -4.996437959587104, 'log_learning_rate_D': -2.68847227182378, 'log_learning_rate_D_dagger': -3.394146800617807, 'training_batch_size': 6, 'training_p': 7}. Best is trial 52 with value: 0.08323463052511215.
Time for this trial:  357.8913736343384
Memory status after this trial: 
Memory allocated:  446.00390625
Memory cached:  612.0
--------------------  Trial  98   --------------------
Start timing: 
Parameters: 
{'W_layers': 2, 'W_layer_units_exponent_0': 6, 'W_layer_units_exponent_1': 4, 'D_layers': 4, 'D_layer_units_exponent_0': 5, 'D_layer_units_exponent_1': 5, 'D_layer_units_exponent_2': 6, 'D_layer_units_exponent_3': 10, 'D_dagger_layers': 3, 'D_dagger_layer_units_exponent_0': 9, 'D_dagger_layer_units_exponent_1': 7, 'D_dagger_layer_units_exponent_2': 7, 'log_learning_rate': -4.860599297097133, 'log_learning_rate_D': -2.993982170213844, 'log_learning_rate_D_dagger': -3.1145971571286846, 'training_batch_size': 6, 'training_p': 6}
	 epoch  0 training error:  tensor(0.6095, device='cuda:0', grad_fn=<DivBackward0>)
Memory status after this epoch: 
Memory allocated:  320.3671875
Memory cached:  612.0
	 epoch  10 training error:  tensor(0.5095, device='cuda:0', grad_fn=<DivBackward0>)
Memory status after this epoch: 
Memory allocated:  320.3671875
Memory cached:  612.0
	 epoch  20 training error:  tensor(0.5086, device='cuda:0', grad_fn=<DivBackward0>)
Memory status after this epoch: 
Memory allocated:  320.3671875
Memory cached:  612.0
	 epoch  30 training error:  tensor(0.4933, device='cuda:0', grad_fn=<DivBackward0>)
Memory status after this epoch: 
Memory allocated:  320.3671875
Memory cached:  612.0
	 epoch  40 training error:  tensor(0.4769, device='cuda:0', grad_fn=<DivBackward0>)
Memory status after this epoch: 
Memory allocated:  320.3671875
Memory cached:  612.0
	 epoch  50 training error:  tensor(0.4184, device='cuda:0', grad_fn=<DivBackward0>)
Memory status after this epoch: 
Memory allocated:  320.3671875
Memory cached:  612.0
	 epoch  60 training error:  tensor(0.2724, device='cuda:0', grad_fn=<DivBackward0>)
Memory status after this epoch: 
Memory allocated:  320.3671875
Memory cached:  612.0
	 epoch  70 training error:  tensor(0.2150, device='cuda:0', grad_fn=<DivBackward0>)
Memory status after this epoch: 
Memory allocated:  320.3671875
Memory cached:  612.0
	 epoch  80 training error:  tensor(0.1623, device='cuda:0', grad_fn=<DivBackward0>)
Memory status after this epoch: 
Memory allocated:  320.3671875
Memory cached:  612.0
	 epoch  90 training error:  tensor(0.1682, device='cuda:0', grad_fn=<DivBackward0>)
Memory status after this epoch: 
Memory allocated:  320.3671875
Memory cached:  612.0
[I 2024-01-13 01:57:32,688] Trial 98 finished with value: 0.13269205391407013 and parameters: {'W_layers': 2, 'W_layer_units_exponent_0': 6, 'W_layer_units_exponent_1': 4, 'D_layers': 4, 'D_layer_units_exponent_0': 5, 'D_layer_units_exponent_1': 5, 'D_layer_units_exponent_2': 6, 'D_layer_units_exponent_3': 10, 'D_dagger_layers': 3, 'D_dagger_layer_units_exponent_0': 9, 'D_dagger_layer_units_exponent_1': 7, 'D_dagger_layer_units_exponent_2': 7, 'log_learning_rate': -4.860599297097133, 'log_learning_rate_D': -2.993982170213844, 'log_learning_rate_D_dagger': -3.1145971571286846, 'training_batch_size': 6, 'training_p': 6}. Best is trial 52 with value: 0.08323463052511215.
Time for this trial:  360.02974557876587
Memory status after this trial: 
Memory allocated:  514.2412109375
Memory cached:  612.0
--------------------  Trial  99   --------------------
Start timing: 
Parameters: 
{'W_layers': 2, 'W_layer_units_exponent_0': 6, 'W_layer_units_exponent_1': 4, 'D_layers': 2, 'D_layer_units_exponent_0': 4, 'D_layer_units_exponent_1': 5, 'D_dagger_layers': 2, 'D_dagger_layer_units_exponent_0': 8, 'D_dagger_layer_units_exponent_1': 8, 'log_learning_rate': -4.631318583738301, 'log_learning_rate_D': -3.324269701928642, 'log_learning_rate_D_dagger': -3.3052531681124977, 'training_batch_size': 6, 'training_p': 8}
	 epoch  0 training error:  tensor(0.7958, device='cuda:0', grad_fn=<DivBackward0>)
Memory status after this epoch: 
Memory allocated:  319.037109375
Memory cached:  612.0
	 epoch  10 training error:  tensor(0.5518, device='cuda:0', grad_fn=<DivBackward0>)
Memory status after this epoch: 
Memory allocated:  319.037109375
Memory cached:  612.0
	 epoch  20 training error:  tensor(0.5395, device='cuda:0', grad_fn=<DivBackward0>)
Memory status after this epoch: 
Memory allocated:  319.037109375
Memory cached:  612.0
	 epoch  30 training error:  tensor(0.5366, device='cuda:0', grad_fn=<DivBackward0>)
Memory status after this epoch: 
Memory allocated:  319.037109375
Memory cached:  612.0
	 epoch  40 training error:  tensor(0.5393, device='cuda:0', grad_fn=<DivBackward0>)
Memory status after this epoch: 
Memory allocated:  319.037109375
Memory cached:  612.0
	 epoch  50 training error:  tensor(0.5441, device='cuda:0', grad_fn=<DivBackward0>)
Memory status after this epoch: 
Memory allocated:  319.037109375
Memory cached:  612.0
	 epoch  60 training error:  tensor(0.5300, device='cuda:0', grad_fn=<DivBackward0>)
Memory status after this epoch: 
Memory allocated:  319.037109375
Memory cached:  612.0
	 epoch  70 training error:  tensor(0.5437, device='cuda:0', grad_fn=<DivBackward0>)
Memory status after this epoch: 
Memory allocated:  319.037109375
Memory cached:  612.0
	 epoch  80 training error:  tensor(0.5374, device='cuda:0', grad_fn=<DivBackward0>)
Memory status after this epoch: 
Memory allocated:  319.037109375
Memory cached:  612.0
	 epoch  90 training error:  tensor(0.5227, device='cuda:0', grad_fn=<DivBackward0>)
Memory status after this epoch: 
Memory allocated:  319.037109375
Memory cached:  612.0
[I 2024-01-13 02:02:23,006] Trial 99 finished with value: 0.4047899842262268 and parameters: {'W_layers': 2, 'W_layer_units_exponent_0': 6, 'W_layer_units_exponent_1': 4, 'D_layers': 2, 'D_layer_units_exponent_0': 4, 'D_layer_units_exponent_1': 5, 'D_dagger_layers': 2, 'D_dagger_layer_units_exponent_0': 8, 'D_dagger_layer_units_exponent_1': 8, 'log_learning_rate': -4.631318583738301, 'log_learning_rate_D': -3.324269701928642, 'log_learning_rate_D_dagger': -3.3052531681124977, 'training_batch_size': 6, 'training_p': 8}. Best is trial 52 with value: 0.08323463052511215.
Time for this trial:  290.00189185142517
Memory status after this trial: 
Memory allocated:  382.52392578125
Memory cached:  612.0
--------------------  Trial  100   --------------------
Start timing: 
Parameters: 
{'W_layers': 2, 'W_layer_units_exponent_0': 6, 'W_layer_units_exponent_1': 4, 'D_layers': 4, 'D_layer_units_exponent_0': 5, 'D_layer_units_exponent_1': 5, 'D_layer_units_exponent_2': 6, 'D_layer_units_exponent_3': 10, 'D_dagger_layers': 4, 'D_dagger_layer_units_exponent_0': 9, 'D_dagger_layer_units_exponent_1': 6, 'D_dagger_layer_units_exponent_2': 8, 'D_dagger_layer_units_exponent_3': 6, 'log_learning_rate': -4.769445308258387, 'log_learning_rate_D': -3.1673780318777176, 'log_learning_rate_D_dagger': -2.8169989722803805, 'training_batch_size': 7, 'training_p': 6}
	 epoch  0 training error:  tensor(0.9318, device='cuda:0', grad_fn=<DivBackward0>)
Memory status after this epoch: 
Memory allocated:  320.0712890625
Memory cached:  612.0
	 epoch  10 training error:  tensor(0.5290, device='cuda:0', grad_fn=<DivBackward0>)
Memory status after this epoch: 
Memory allocated:  320.0712890625
Memory cached:  624.0
	 epoch  20 training error:  tensor(0.4997, device='cuda:0', grad_fn=<DivBackward0>)
Memory status after this epoch: 
Memory allocated:  320.0712890625
Memory cached:  620.0
	 epoch  30 training error:  tensor(0.4909, device='cuda:0', grad_fn=<DivBackward0>)
Memory status after this epoch: 
Memory allocated:  320.0712890625
Memory cached:  618.0
	 epoch  40 training error:  tensor(0.4837, device='cuda:0', grad_fn=<DivBackward0>)
Memory status after this epoch: 
Memory allocated:  320.0712890625
Memory cached:  622.0
	 epoch  50 training error:  tensor(0.5151, device='cuda:0', grad_fn=<DivBackward0>)
Memory status after this epoch: 
Memory allocated:  320.0712890625
Memory cached:  616.0
	 epoch  60 training error:  tensor(0.4211, device='cuda:0', grad_fn=<DivBackward0>)
Memory status after this epoch: 
Memory allocated:  320.0712890625
Memory cached:  620.0
	 epoch  70 training error:  tensor(0.3357, device='cuda:0', grad_fn=<DivBackward0>)
Memory status after this epoch: 
Memory allocated:  320.0712890625
Memory cached:  622.0
	 epoch  80 training error:  tensor(0.3751, device='cuda:0', grad_fn=<DivBackward0>)
Memory status after this epoch: 
Memory allocated:  320.0712890625
Memory cached:  622.0
	 epoch  90 training error:  tensor(0.2762, device='cuda:0', grad_fn=<DivBackward0>)
Memory status after this epoch: 
Memory allocated:  320.0712890625
Memory cached:  614.0
[I 2024-01-13 02:07:00,414] Trial 100 finished with value: 0.21845345199108124 and parameters: {'W_layers': 2, 'W_layer_units_exponent_0': 6, 'W_layer_units_exponent_1': 4, 'D_layers': 4, 'D_layer_units_exponent_0': 5, 'D_layer_units_exponent_1': 5, 'D_layer_units_exponent_2': 6, 'D_layer_units_exponent_3': 10, 'D_dagger_layers': 4, 'D_dagger_layer_units_exponent_0': 9, 'D_dagger_layer_units_exponent_1': 6, 'D_dagger_layer_units_exponent_2': 8, 'D_dagger_layer_units_exponent_3': 6, 'log_learning_rate': -4.769445308258387, 'log_learning_rate_D': -3.1673780318777176, 'log_learning_rate_D_dagger': -2.8169989722803805, 'training_batch_size': 7, 'training_p': 6}. Best is trial 52 with value: 0.08323463052511215.
Time for this trial:  277.05026149749756
Memory status after this trial: 
Memory allocated:  528.716796875
Memory cached:  622.0
--------------------  Trial  101   --------------------
Start timing: 
Parameters: 
{'W_layers': 2, 'W_layer_units_exponent_0': 6, 'W_layer_units_exponent_1': 4, 'D_layers': 4, 'D_layer_units_exponent_0': 5, 'D_layer_units_exponent_1': 5, 'D_layer_units_exponent_2': 6, 'D_layer_units_exponent_3': 10, 'D_dagger_layers': 6, 'D_dagger_layer_units_exponent_0': 9, 'D_dagger_layer_units_exponent_1': 7, 'D_dagger_layer_units_exponent_2': 7, 'D_dagger_layer_units_exponent_3': 5, 'D_dagger_layer_units_exponent_4': 7, 'D_dagger_layer_units_exponent_5': 5, 'log_learning_rate': -4.896568349376823, 'log_learning_rate_D': -3.0908058915073817, 'log_learning_rate_D_dagger': -3.1936738778745135, 'training_batch_size': 6, 'training_p': 7}
	 epoch  0 training error:  tensor(0.9790, device='cuda:0', grad_fn=<DivBackward0>)
Memory status after this epoch: 
Memory allocated:  320.560546875
Memory cached:  612.0
	 epoch  10 training error:  tensor(0.5277, device='cuda:0', grad_fn=<DivBackward0>)
Memory status after this epoch: 
Memory allocated:  320.560546875
Memory cached:  612.0
	 epoch  20 training error:  tensor(0.5134, device='cuda:0', grad_fn=<DivBackward0>)
Memory status after this epoch: 
Memory allocated:  320.560546875
Memory cached:  612.0
	 epoch  30 training error:  tensor(0.4950, device='cuda:0', grad_fn=<DivBackward0>)
Memory status after this epoch: 
Memory allocated:  320.560546875
Memory cached:  612.0
	 epoch  40 training error:  tensor(0.4966, device='cuda:0', grad_fn=<DivBackward0>)
Memory status after this epoch: 
Memory allocated:  320.560546875
Memory cached:  612.0
	 epoch  50 training error:  tensor(0.4689, device='cuda:0', grad_fn=<DivBackward0>)
Memory status after this epoch: 
Memory allocated:  320.560546875
Memory cached:  612.0
	 epoch  60 training error:  tensor(0.4034, device='cuda:0', grad_fn=<DivBackward0>)
Memory status after this epoch: 
Memory allocated:  320.560546875
Memory cached:  612.0
	 epoch  70 training error:  tensor(0.4325, device='cuda:0', grad_fn=<DivBackward0>)
Memory status after this epoch: 
Memory allocated:  320.560546875
Memory cached:  612.0
	 epoch  80 training error:  tensor(0.3730, device='cuda:0', grad_fn=<DivBackward0>)
Memory status after this epoch: 
Memory allocated:  320.560546875
Memory cached:  612.0
	 epoch  90 training error:  tensor(0.3744, device='cuda:0', grad_fn=<DivBackward0>)
Memory status after this epoch: 
Memory allocated:  320.560546875
Memory cached:  612.0
