[I 2023-12-20 18:46:31,804] Trial 97 finished with value: 0.39069610834121704 and parameters: {'W_layers': 5, 'W_layer_units_exponent_0': 7, 'W_layer_units_exponent_1': 7, 'W_layer_units_exponent_2': 7, 'W_layer_units_exponent_3': 9, 'W_layer_units_exponent_4': 6, 'D_layers': 8, 'D_layer_units_exponent_0': 6, 'D_layer_units_exponent_1': 8, 'D_layer_units_exponent_2': 8, 'D_layer_units_exponent_3': 9, 'D_layer_units_exponent_4': 5, 'D_layer_units_exponent_5': 10, 'D_layer_units_exponent_6': 6, 'D_layer_units_exponent_7': 6, 'D_dagger_layers': 5, 'D_dagger_layer_units_exponent_0': 7, 'D_dagger_layer_units_exponent_1': 9, 'D_dagger_layer_units_exponent_2': 10, 'D_dagger_layer_units_exponent_3': 5, 'D_dagger_layer_units_exponent_4': 5, 'log_learning_rate': -3.12521078498255, 'log_learning_rate_D': -3.8645098721149225, 'log_learning_rate_D_dagger': -3.4580706447060128, 'training_batch_size': 10, 'training_p': 5}. Best is trial 82 with value: 0.32658275961875916.
Time for this trial:  21.194666624069214
Memory status after this trial: 
Memory allocated:  280.22607421875
Memory cached:  304.0
--------------------  Trial  98   --------------------
Start timing: 
Parameters: 
{'W_layers': 6, 'W_layer_units_exponent_0': 8, 'W_layer_units_exponent_1': 10, 'W_layer_units_exponent_2': 6, 'W_layer_units_exponent_3': 8, 'W_layer_units_exponent_4': 5, 'W_layer_units_exponent_5': 9, 'D_layers': 8, 'D_layer_units_exponent_0': 6, 'D_layer_units_exponent_1': 7, 'D_layer_units_exponent_2': 8, 'D_layer_units_exponent_3': 8, 'D_layer_units_exponent_4': 4, 'D_layer_units_exponent_5': 10, 'D_layer_units_exponent_6': 6, 'D_layer_units_exponent_7': 4, 'D_dagger_layers': 4, 'D_dagger_layer_units_exponent_0': 7, 'D_dagger_layer_units_exponent_1': 8, 'D_dagger_layer_units_exponent_2': 10, 'D_dagger_layer_units_exponent_3': 6, 'log_learning_rate': -3.475245672827124, 'log_learning_rate_D': -3.7197364152734904, 'log_learning_rate_D_dagger': -3.7298821232836294, 'training_batch_size': 9, 'training_p': 2}
	 epoch  0 training error:  tensor(1.0265, device='cuda:0', grad_fn=<DivBackward0>)
Memory status after this epoch: 
Memory allocated:  141.259765625
Memory cached:  220.0
	 epoch  10 training error:  tensor(0.3406, device='cuda:0', grad_fn=<DivBackward0>)
Memory status after this epoch: 
Memory allocated:  141.259765625
Memory cached:  224.0
	 epoch  20 training error:  tensor(0.3267, device='cuda:0', grad_fn=<DivBackward0>)
Memory status after this epoch: 
Memory allocated:  141.259765625
Memory cached:  224.0
	 epoch  30 training error:  tensor(0.3026, device='cuda:0', grad_fn=<DivBackward0>)
Memory status after this epoch: 
Memory allocated:  141.259765625
Memory cached:  224.0
	 epoch  40 training error:  tensor(0.2909, device='cuda:0', grad_fn=<DivBackward0>)
Memory status after this epoch: 
Memory allocated:  141.259765625
Memory cached:  224.0
	 epoch  50 training error:  tensor(0.2918, device='cuda:0', grad_fn=<DivBackward0>)
Memory status after this epoch: 
Memory allocated:  141.259765625
Memory cached:  224.0
	 epoch  60 training error:  tensor(0.2868, device='cuda:0', grad_fn=<DivBackward0>)
Memory status after this epoch: 
Memory allocated:  141.259765625
Memory cached:  224.0
	 epoch  70 training error:  tensor(0.2906, device='cuda:0', grad_fn=<DivBackward0>)
Memory status after this epoch: 
Memory allocated:  141.259765625
Memory cached:  224.0
	 epoch  80 training error:  tensor(0.2834, device='cuda:0', grad_fn=<DivBackward0>)
Memory status after this epoch: 
Memory allocated:  141.259765625
Memory cached:  224.0
	 epoch  90 training error:  tensor(0.2878, device='cuda:0', grad_fn=<DivBackward0>)
Memory status after this epoch: 
Memory allocated:  141.259765625
Memory cached:  224.0
[I 2023-12-20 18:46:53,884] Trial 98 finished with value: 0.32741615176200867 and parameters: {'W_layers': 6, 'W_layer_units_exponent_0': 8, 'W_layer_units_exponent_1': 10, 'W_layer_units_exponent_2': 6, 'W_layer_units_exponent_3': 8, 'W_layer_units_exponent_4': 5, 'W_layer_units_exponent_5': 9, 'D_layers': 8, 'D_layer_units_exponent_0': 6, 'D_layer_units_exponent_1': 7, 'D_layer_units_exponent_2': 8, 'D_layer_units_exponent_3': 8, 'D_layer_units_exponent_4': 4, 'D_layer_units_exponent_5': 10, 'D_layer_units_exponent_6': 6, 'D_layer_units_exponent_7': 4, 'D_dagger_layers': 4, 'D_dagger_layer_units_exponent_0': 7, 'D_dagger_layer_units_exponent_1': 8, 'D_dagger_layer_units_exponent_2': 10, 'D_dagger_layer_units_exponent_3': 6, 'log_learning_rate': -3.475245672827124, 'log_learning_rate_D': -3.7197364152734904, 'log_learning_rate_D_dagger': -3.7298821232836294, 'training_batch_size': 9, 'training_p': 2}. Best is trial 82 with value: 0.32658275961875916.
Time for this trial:  21.697112798690796
Memory status after this trial: 
Memory allocated:  327.76806640625
Memory cached:  346.0
--------------------  Trial  99   --------------------
Start timing: 
Parameters: 
{'W_layers': 6, 'W_layer_units_exponent_0': 7, 'W_layer_units_exponent_1': 10, 'W_layer_units_exponent_2': 5, 'W_layer_units_exponent_3': 7, 'W_layer_units_exponent_4': 5, 'W_layer_units_exponent_5': 9, 'D_layers': 8, 'D_layer_units_exponent_0': 6, 'D_layer_units_exponent_1': 8, 'D_layer_units_exponent_2': 8, 'D_layer_units_exponent_3': 8, 'D_layer_units_exponent_4': 4, 'D_layer_units_exponent_5': 10, 'D_layer_units_exponent_6': 6, 'D_layer_units_exponent_7': 4, 'D_dagger_layers': 4, 'D_dagger_layer_units_exponent_0': 7, 'D_dagger_layer_units_exponent_1': 8, 'D_dagger_layer_units_exponent_2': 10, 'D_dagger_layer_units_exponent_3': 6, 'log_learning_rate': -3.537267853777777, 'log_learning_rate_D': -3.7600911190118396, 'log_learning_rate_D_dagger': -3.5774784289934876, 'training_batch_size': 9, 'training_p': 2}
	 epoch  0 training error:  tensor(1.0055, device='cuda:0', grad_fn=<DivBackward0>)
Memory status after this epoch: 
Memory allocated:  138.66064453125
Memory cached:  222.0
	 epoch  10 training error:  tensor(0.3601, device='cuda:0', grad_fn=<DivBackward0>)
Memory status after this epoch: 
Memory allocated:  138.66064453125
Memory cached:  228.0
	 epoch  20 training error:  tensor(0.3315, device='cuda:0', grad_fn=<DivBackward0>)
Memory status after this epoch: 
Memory allocated:  138.66064453125
Memory cached:  228.0
	 epoch  30 training error:  tensor(0.3065, device='cuda:0', grad_fn=<DivBackward0>)
Memory status after this epoch: 
Memory allocated:  138.66064453125
Memory cached:  228.0
	 epoch  40 training error:  tensor(0.2873, device='cuda:0', grad_fn=<DivBackward0>)
Memory status after this epoch: 
Memory allocated:  138.66064453125
Memory cached:  228.0
	 epoch  50 training error:  tensor(0.2886, device='cuda:0', grad_fn=<DivBackward0>)
Memory status after this epoch: 
Memory allocated:  138.66064453125
Memory cached:  228.0
	 epoch  60 training error:  tensor(0.2854, device='cuda:0', grad_fn=<DivBackward0>)
Memory status after this epoch: 
Memory allocated:  138.66064453125
Memory cached:  228.0
	 epoch  70 training error:  tensor(0.2873, device='cuda:0', grad_fn=<DivBackward0>)
Memory status after this epoch: 
Memory allocated:  138.66064453125
Memory cached:  228.0
	 epoch  80 training error:  tensor(0.2877, device='cuda:0', grad_fn=<DivBackward0>)
Memory status after this epoch: 
Memory allocated:  138.66064453125
Memory cached:  228.0
	 epoch  90 training error:  tensor(0.2879, device='cuda:0', grad_fn=<DivBackward0>)
Memory status after this epoch: 
Memory allocated:  138.66064453125
Memory cached:  228.0
[I 2023-12-20 18:47:16,333] Trial 99 finished with value: 0.32936209440231323 and parameters: {'W_layers': 6, 'W_layer_units_exponent_0': 7, 'W_layer_units_exponent_1': 10, 'W_layer_units_exponent_2': 5, 'W_layer_units_exponent_3': 7, 'W_layer_units_exponent_4': 5, 'W_layer_units_exponent_5': 9, 'D_layers': 8, 'D_layer_units_exponent_0': 6, 'D_layer_units_exponent_1': 8, 'D_layer_units_exponent_2': 8, 'D_layer_units_exponent_3': 8, 'D_layer_units_exponent_4': 4, 'D_layer_units_exponent_5': 10, 'D_layer_units_exponent_6': 6, 'D_layer_units_exponent_7': 4, 'D_dagger_layers': 4, 'D_dagger_layer_units_exponent_0': 7, 'D_dagger_layer_units_exponent_1': 8, 'D_dagger_layer_units_exponent_2': 10, 'D_dagger_layer_units_exponent_3': 6, 'log_learning_rate': -3.537267853777777, 'log_learning_rate_D': -3.7600911190118396, 'log_learning_rate_D_dagger': -3.5774784289934876, 'training_batch_size': 9, 'training_p': 2}. Best is trial 82 with value: 0.32658275961875916.
Time for this trial:  22.06200909614563
Memory status after this trial: 
Memory allocated:  309.60302734375
Memory cached:  336.0
--------------------  Trial  100   --------------------
Start timing: 
Parameters: 
{'W_layers': 6, 'W_layer_units_exponent_0': 6, 'W_layer_units_exponent_1': 10, 'W_layer_units_exponent_2': 6, 'W_layer_units_exponent_3': 8, 'W_layer_units_exponent_4': 7, 'W_layer_units_exponent_5': 10, 'D_layers': 7, 'D_layer_units_exponent_0': 5, 'D_layer_units_exponent_1': 9, 'D_layer_units_exponent_2': 7, 'D_layer_units_exponent_3': 8, 'D_layer_units_exponent_4': 4, 'D_layer_units_exponent_5': 10, 'D_layer_units_exponent_6': 4, 'D_dagger_layers': 4, 'D_dagger_layer_units_exponent_0': 7, 'D_dagger_layer_units_exponent_1': 8, 'D_dagger_layer_units_exponent_2': 10, 'D_dagger_layer_units_exponent_3': 5, 'log_learning_rate': -3.1780638401740555, 'log_learning_rate_D': -3.9675698520458873, 'log_learning_rate_D_dagger': -3.839326673615915, 'training_batch_size': 9, 'training_p': 3}
	 epoch  0 training error:  tensor(1.0532, device='cuda:0', grad_fn=<DivBackward0>)
Memory status after this epoch: 
Memory allocated:  139.73681640625
Memory cached:  216.0
	 epoch  10 training error:  tensor(0.4007, device='cuda:0', grad_fn=<DivBackward0>)
Memory status after this epoch: 
Memory allocated:  139.73681640625
Memory cached:  216.0
	 epoch  20 training error:  tensor(0.3821, device='cuda:0', grad_fn=<DivBackward0>)
Memory status after this epoch: 
Memory allocated:  139.73681640625
Memory cached:  216.0
	 epoch  30 training error:  tensor(0.3751, device='cuda:0', grad_fn=<DivBackward0>)
Memory status after this epoch: 
Memory allocated:  139.73681640625
Memory cached:  216.0
	 epoch  40 training error:  tensor(0.3781, device='cuda:0', grad_fn=<DivBackward0>)
Memory status after this epoch: 
Memory allocated:  139.73681640625
Memory cached:  216.0
	 epoch  50 training error:  tensor(0.3750, device='cuda:0', grad_fn=<DivBackward0>)
Memory status after this epoch: 
Memory allocated:  139.73681640625
Memory cached:  216.0
	 epoch  60 training error:  tensor(0.3807, device='cuda:0', grad_fn=<DivBackward0>)
Memory status after this epoch: 
Memory allocated:  139.73681640625
Memory cached:  216.0
	 epoch  70 training error:  tensor(0.3755, device='cuda:0', grad_fn=<DivBackward0>)
Memory status after this epoch: 
Memory allocated:  139.73681640625
Memory cached:  216.0
	 epoch  80 training error:  tensor(0.3758, device='cuda:0', grad_fn=<DivBackward0>)
Memory status after this epoch: 
Memory allocated:  139.73681640625
Memory cached:  216.0
	 epoch  90 training error:  tensor(0.3737, device='cuda:0', grad_fn=<DivBackward0>)
Memory status after this epoch: 
Memory allocated:  139.73681640625
Memory cached:  216.0
[I 2023-12-20 18:47:38,725] Trial 100 finished with value: 0.3425901532173157 and parameters: {'W_layers': 6, 'W_layer_units_exponent_0': 6, 'W_layer_units_exponent_1': 10, 'W_layer_units_exponent_2': 6, 'W_layer_units_exponent_3': 8, 'W_layer_units_exponent_4': 7, 'W_layer_units_exponent_5': 10, 'D_layers': 7, 'D_layer_units_exponent_0': 5, 'D_layer_units_exponent_1': 9, 'D_layer_units_exponent_2': 7, 'D_layer_units_exponent_3': 8, 'D_layer_units_exponent_4': 4, 'D_layer_units_exponent_5': 10, 'D_layer_units_exponent_6': 4, 'D_dagger_layers': 4, 'D_dagger_layer_units_exponent_0': 7, 'D_dagger_layer_units_exponent_1': 8, 'D_dagger_layer_units_exponent_2': 10, 'D_dagger_layer_units_exponent_3': 5, 'log_learning_rate': -3.1780638401740555, 'log_learning_rate_D': -3.9675698520458873, 'log_learning_rate_D_dagger': -3.839326673615915, 'training_batch_size': 9, 'training_p': 3}. Best is trial 82 with value: 0.32658275961875916.
Time for this trial:  21.899283170700073
Memory status after this trial: 
Memory allocated:  343.83837890625
Memory cached:  368.0
--------------------  Trial  101   --------------------
Start timing: 
Parameters: 
{'W_layers': 6, 'W_layer_units_exponent_0': 8, 'W_layer_units_exponent_1': 7, 'W_layer_units_exponent_2': 6, 'W_layer_units_exponent_3': 7, 'W_layer_units_exponent_4': 10, 'W_layer_units_exponent_5': 9, 'D_layers': 8, 'D_layer_units_exponent_0': 6, 'D_layer_units_exponent_1': 7, 'D_layer_units_exponent_2': 9, 'D_layer_units_exponent_3': 8, 'D_layer_units_exponent_4': 4, 'D_layer_units_exponent_5': 10, 'D_layer_units_exponent_6': 5, 'D_layer_units_exponent_7': 5, 'D_dagger_layers': 4, 'D_dagger_layer_units_exponent_0': 6, 'D_dagger_layer_units_exponent_1': 9, 'D_dagger_layer_units_exponent_2': 10, 'D_dagger_layer_units_exponent_3': 5, 'log_learning_rate': -3.3334433363917304, 'log_learning_rate_D': -4.189480963138429, 'log_learning_rate_D_dagger': -3.749246384415612, 'training_batch_size': 9, 'training_p': 6}
	 epoch  0 training error:  tensor(1.0359, device='cuda:0', grad_fn=<DivBackward0>)
Memory status after this epoch: 
Memory allocated:  150.8876953125
Memory cached:  256.0
	 epoch  10 training error:  tensor(0.5760, device='cuda:0', grad_fn=<DivBackward0>)
Memory status after this epoch: 
Memory allocated:  150.8876953125
Memory cached:  256.0
	 epoch  20 training error:  tensor(0.5253, device='cuda:0', grad_fn=<DivBackward0>)
Memory status after this epoch: 
Memory allocated:  150.8876953125
Memory cached:  256.0
	 epoch  30 training error:  tensor(0.5121, device='cuda:0', grad_fn=<DivBackward0>)
Memory status after this epoch: 
Memory allocated:  150.8876953125
Memory cached:  256.0
	 epoch  40 training error:  tensor(0.5176, device='cuda:0', grad_fn=<DivBackward0>)
Memory status after this epoch: 
Memory allocated:  150.8876953125
Memory cached:  256.0
	 epoch  50 training error:  tensor(0.5067, device='cuda:0', grad_fn=<DivBackward0>)
Memory status after this epoch: 
Memory allocated:  150.8876953125
Memory cached:  256.0
	 epoch  60 training error:  tensor(0.5076, device='cuda:0', grad_fn=<DivBackward0>)
Memory status after this epoch: 
Memory allocated:  150.8876953125
Memory cached:  256.0
	 epoch  70 training error:  tensor(0.5101, device='cuda:0', grad_fn=<DivBackward0>)
Memory status after this epoch: 
Memory allocated:  150.8876953125
Memory cached:  256.0
	 epoch  80 training error:  tensor(0.5128, device='cuda:0', grad_fn=<DivBackward0>)
Memory status after this epoch: 
Memory allocated:  150.8876953125
Memory cached:  256.0
	 epoch  90 training error:  tensor(0.5208, device='cuda:0', grad_fn=<DivBackward0>)
Memory status after this epoch: 
Memory allocated:  150.8876953125
Memory cached:  256.0
[I 2023-12-20 18:48:01,276] Trial 101 finished with value: 0.42746564745903015 and parameters: {'W_layers': 6, 'W_layer_units_exponent_0': 8, 'W_layer_units_exponent_1': 7, 'W_layer_units_exponent_2': 6, 'W_layer_units_exponent_3': 7, 'W_layer_units_exponent_4': 10, 'W_layer_units_exponent_5': 9, 'D_layers': 8, 'D_layer_units_exponent_0': 6, 'D_layer_units_exponent_1': 7, 'D_layer_units_exponent_2': 9, 'D_layer_units_exponent_3': 8, 'D_layer_units_exponent_4': 4, 'D_layer_units_exponent_5': 10, 'D_layer_units_exponent_6': 5, 'D_layer_units_exponent_7': 5, 'D_dagger_layers': 4, 'D_dagger_layer_units_exponent_0': 6, 'D_dagger_layer_units_exponent_1': 9, 'D_dagger_layer_units_exponent_2': 10, 'D_dagger_layer_units_exponent_3': 5, 'log_learning_rate': -3.3334433363917304, 'log_learning_rate_D': -4.189480963138429, 'log_learning_rate_D_dagger': -3.749246384415612, 'training_batch_size': 9, 'training_p': 6}. Best is trial 82 with value: 0.32658275961875916.
Time for this trial:  22.155853986740112
Memory status after this trial: 
Memory allocated:  339.11474609375
Memory cached:  366.0
--------------------  Trial  102   --------------------
Start timing: 
Parameters: 
{'W_layers': 6, 'W_layer_units_exponent_0': 8, 'W_layer_units_exponent_1': 7, 'W_layer_units_exponent_2': 6, 'W_layer_units_exponent_3': 8, 'W_layer_units_exponent_4': 5, 'W_layer_units_exponent_5': 7, 'D_layers': 8, 'D_layer_units_exponent_0': 6, 'D_layer_units_exponent_1': 7, 'D_layer_units_exponent_2': 8, 'D_layer_units_exponent_3': 8, 'D_layer_units_exponent_4': 4, 'D_layer_units_exponent_5': 9, 'D_layer_units_exponent_6': 6, 'D_layer_units_exponent_7': 4, 'D_dagger_layers': 4, 'D_dagger_layer_units_exponent_0': 8, 'D_dagger_layer_units_exponent_1': 8, 'D_dagger_layer_units_exponent_2': 9, 'D_dagger_layer_units_exponent_3': 6, 'log_learning_rate': -3.466142722956155, 'log_learning_rate_D': -3.500179733639155, 'log_learning_rate_D_dagger': -3.6317152427778683, 'training_batch_size': 10, 'training_p': 2}
	 epoch  0 training error:  tensor(1.0893, device='cuda:0', grad_fn=<DivBackward0>)
Memory status after this epoch: 
Memory allocated:  134.509765625
Memory cached:  216.0
	 epoch  10 training error:  tensor(0.3273, device='cuda:0', grad_fn=<DivBackward0>)
Memory status after this epoch: 
Memory allocated:  134.509765625
Memory cached:  216.0
	 epoch  20 training error:  tensor(0.3193, device='cuda:0', grad_fn=<DivBackward0>)
Memory status after this epoch: 
Memory allocated:  134.509765625
Memory cached:  216.0
	 epoch  30 training error:  tensor(0.3025, device='cuda:0', grad_fn=<DivBackward0>)
Memory status after this epoch: 
Memory allocated:  134.509765625
Memory cached:  218.0
	 epoch  40 training error:  tensor(0.3000, device='cuda:0', grad_fn=<DivBackward0>)
Memory status after this epoch: 
Memory allocated:  134.509765625
Memory cached:  218.0
	 epoch  50 training error:  tensor(0.2879, device='cuda:0', grad_fn=<DivBackward0>)
Memory status after this epoch: 
Memory allocated:  134.509765625
Memory cached:  216.0
	 epoch  60 training error:  tensor(0.2871, device='cuda:0', grad_fn=<DivBackward0>)
Memory status after this epoch: 
Memory allocated:  134.509765625
Memory cached:  216.0
	 epoch  70 training error:  tensor(0.2906, device='cuda:0', grad_fn=<DivBackward0>)
Memory status after this epoch: 
Memory allocated:  134.509765625
Memory cached:  216.0
	 epoch  80 training error:  tensor(0.2870, device='cuda:0', grad_fn=<DivBackward0>)
Memory status after this epoch: 
Memory allocated:  134.509765625
Memory cached:  216.0
	 epoch  90 training error:  tensor(0.2846, device='cuda:0', grad_fn=<DivBackward0>)
Memory status after this epoch: 
Memory allocated:  134.509765625
Memory cached:  216.0
