[I 2024-01-11 03:24:32,987] Trial 125 finished with value: 0.10057105869054794 and parameters: {'W_layers': 2, 'W_layer_units_exponent_0': 8, 'W_layer_units_exponent_1': 4, 'D_layers': 4, 'D_layer_units_exponent_0': 8, 'D_layer_units_exponent_1': 6, 'D_layer_units_exponent_2': 8, 'D_layer_units_exponent_3': 5, 'D_dagger_layers': 4, 'D_dagger_layer_units_exponent_0': 10, 'D_dagger_layer_units_exponent_1': 6, 'D_dagger_layer_units_exponent_2': 6, 'D_dagger_layer_units_exponent_3': 6, 'log_learning_rate': -3.550401864652265, 'log_learning_rate_D': -2.6973666510872825, 'log_learning_rate_D_dagger': -2.347291858485527, 'training_batch_size': 6, 'training_p': 7}. Best is trial 113 with value: 0.07463232427835464.
Time for this trial:  391.3856053352356
Memory status after this trial: 
Memory allocated:  511.6123046875
Memory cached:  552.0
--------------------  Trial  126   --------------------
Start timing: 
Parameters: 
{'W_layers': 2, 'W_layer_units_exponent_0': 8, 'W_layer_units_exponent_1': 4, 'D_layers': 4, 'D_layer_units_exponent_0': 8, 'D_layer_units_exponent_1': 6, 'D_layer_units_exponent_2': 8, 'D_layer_units_exponent_3': 5, 'D_dagger_layers': 4, 'D_dagger_layer_units_exponent_0': 10, 'D_dagger_layer_units_exponent_1': 6, 'D_dagger_layer_units_exponent_2': 7, 'D_dagger_layer_units_exponent_3': 6, 'log_learning_rate': -3.5762082692773194, 'log_learning_rate_D': -2.6669263162233423, 'log_learning_rate_D_dagger': -2.6175929723358933, 'training_batch_size': 6, 'training_p': 7}
	 epoch  0 training error:  tensor(0.9594, device='cuda:0', grad_fn=<DivBackward0>)
Memory status after this epoch: 
Memory allocated:  290.8203125
Memory cached:  550.0
	 epoch  10 training error:  tensor(0.3901, device='cuda:0', grad_fn=<DivBackward0>)
Memory status after this epoch: 
Memory allocated:  290.8203125
Memory cached:  550.0
	 epoch  20 training error:  tensor(0.3762, device='cuda:0', grad_fn=<DivBackward0>)
Memory status after this epoch: 
Memory allocated:  290.8203125
Memory cached:  550.0
	 epoch  30 training error:  tensor(0.3892, device='cuda:0', grad_fn=<DivBackward0>)
Memory status after this epoch: 
Memory allocated:  290.8203125
Memory cached:  550.0
	 epoch  40 training error:  tensor(0.3585, device='cuda:0', grad_fn=<DivBackward0>)
Memory status after this epoch: 
Memory allocated:  290.8203125
Memory cached:  550.0
	 epoch  50 training error:  tensor(0.2808, device='cuda:0', grad_fn=<DivBackward0>)
Memory status after this epoch: 
Memory allocated:  290.8203125
Memory cached:  550.0
	 epoch  60 training error:  tensor(0.2596, device='cuda:0', grad_fn=<DivBackward0>)
Memory status after this epoch: 
Memory allocated:  290.8203125
Memory cached:  550.0
	 epoch  70 training error:  tensor(0.2068, device='cuda:0', grad_fn=<DivBackward0>)
Memory status after this epoch: 
Memory allocated:  290.8203125
Memory cached:  550.0
	 epoch  80 training error:  tensor(0.2114, device='cuda:0', grad_fn=<DivBackward0>)
Memory status after this epoch: 
Memory allocated:  290.8203125
Memory cached:  550.0
	 epoch  90 training error:  tensor(0.3080, device='cuda:0', grad_fn=<DivBackward0>)
Memory status after this epoch: 
Memory allocated:  290.8203125
Memory cached:  550.0
[I 2024-01-11 03:30:46,269] Trial 126 finished with value: 0.1441730111837387 and parameters: {'W_layers': 2, 'W_layer_units_exponent_0': 8, 'W_layer_units_exponent_1': 4, 'D_layers': 4, 'D_layer_units_exponent_0': 8, 'D_layer_units_exponent_1': 6, 'D_layer_units_exponent_2': 8, 'D_layer_units_exponent_3': 5, 'D_dagger_layers': 4, 'D_dagger_layer_units_exponent_0': 10, 'D_dagger_layer_units_exponent_1': 6, 'D_dagger_layer_units_exponent_2': 7, 'D_dagger_layer_units_exponent_3': 6, 'log_learning_rate': -3.5762082692773194, 'log_learning_rate_D': -2.6669263162233423, 'log_learning_rate_D_dagger': -2.6175929723358933, 'training_batch_size': 6, 'training_p': 7}. Best is trial 113 with value: 0.07463232427835464.
Time for this trial:  372.9117066860199
Memory status after this trial: 
Memory allocated:  518.5107421875
Memory cached:  550.0
--------------------  Trial  127   --------------------
Start timing: 
Parameters: 
{'W_layers': 2, 'W_layer_units_exponent_0': 8, 'W_layer_units_exponent_1': 6, 'D_layers': 4, 'D_layer_units_exponent_0': 8, 'D_layer_units_exponent_1': 6, 'D_layer_units_exponent_2': 8, 'D_layer_units_exponent_3': 5, 'D_dagger_layers': 5, 'D_dagger_layer_units_exponent_0': 10, 'D_dagger_layer_units_exponent_1': 7, 'D_dagger_layer_units_exponent_2': 6, 'D_dagger_layer_units_exponent_3': 6, 'D_dagger_layer_units_exponent_4': 9, 'log_learning_rate': -3.410079635325085, 'log_learning_rate_D': -2.585234999738261, 'log_learning_rate_D_dagger': -2.4593258453324833, 'training_batch_size': 6, 'training_p': 7}
	 epoch  0 training error:  tensor(1.2316, device='cuda:0', grad_fn=<DivBackward0>)
Memory status after this epoch: 
Memory allocated:  292.458984375
Memory cached:  550.0
	 epoch  10 training error:  tensor(0.4547, device='cuda:0', grad_fn=<DivBackward0>)
Memory status after this epoch: 
Memory allocated:  292.458984375
Memory cached:  550.0
	 epoch  20 training error:  tensor(0.3605, device='cuda:0', grad_fn=<DivBackward0>)
Memory status after this epoch: 
Memory allocated:  292.458984375
Memory cached:  550.0
	 epoch  30 training error:  tensor(0.3418, device='cuda:0', grad_fn=<DivBackward0>)
Memory status after this epoch: 
Memory allocated:  292.458984375
Memory cached:  550.0
	 epoch  40 training error:  tensor(0.3534, device='cuda:0', grad_fn=<DivBackward0>)
Memory status after this epoch: 
Memory allocated:  292.458984375
Memory cached:  550.0
	 epoch  50 training error:  tensor(0.3463, device='cuda:0', grad_fn=<DivBackward0>)
Memory status after this epoch: 
Memory allocated:  292.458984375
Memory cached:  550.0
	 epoch  60 training error:  tensor(0.3277, device='cuda:0', grad_fn=<DivBackward0>)
Memory status after this epoch: 
Memory allocated:  292.458984375
Memory cached:  550.0
	 epoch  70 training error:  tensor(0.4808, device='cuda:0', grad_fn=<DivBackward0>)
Memory status after this epoch: 
Memory allocated:  292.458984375
Memory cached:  550.0
	 epoch  80 training error:  tensor(0.3797, device='cuda:0', grad_fn=<DivBackward0>)
Memory status after this epoch: 
Memory allocated:  292.458984375
Memory cached:  550.0
	 epoch  90 training error:  tensor(0.3495, device='cuda:0', grad_fn=<DivBackward0>)
Memory status after this epoch: 
Memory allocated:  292.458984375
Memory cached:  550.0
[I 2024-01-11 03:37:44,482] Trial 127 finished with value: 0.2004489004611969 and parameters: {'W_layers': 2, 'W_layer_units_exponent_0': 8, 'W_layer_units_exponent_1': 6, 'D_layers': 4, 'D_layer_units_exponent_0': 8, 'D_layer_units_exponent_1': 6, 'D_layer_units_exponent_2': 8, 'D_layer_units_exponent_3': 5, 'D_dagger_layers': 5, 'D_dagger_layer_units_exponent_0': 10, 'D_dagger_layer_units_exponent_1': 7, 'D_dagger_layer_units_exponent_2': 6, 'D_dagger_layer_units_exponent_3': 6, 'D_dagger_layer_units_exponent_4': 9, 'log_learning_rate': -3.410079635325085, 'log_learning_rate_D': -2.585234999738261, 'log_learning_rate_D_dagger': -2.4593258453324833, 'training_batch_size': 6, 'training_p': 7}. Best is trial 113 with value: 0.07463232427835464.
Time for this trial:  417.8440752029419
Memory status after this trial: 
Memory allocated:  571.576171875
Memory cached:  576.0
--------------------  Trial  128   --------------------
Start timing: 
Parameters: 
{'W_layers': 2, 'W_layer_units_exponent_0': 8, 'W_layer_units_exponent_1': 4, 'D_layers': 4, 'D_layer_units_exponent_0': 8, 'D_layer_units_exponent_1': 6, 'D_layer_units_exponent_2': 9, 'D_layer_units_exponent_3': 5, 'D_dagger_layers': 4, 'D_dagger_layer_units_exponent_0': 10, 'D_dagger_layer_units_exponent_1': 6, 'D_dagger_layer_units_exponent_2': 7, 'D_dagger_layer_units_exponent_3': 6, 'log_learning_rate': -3.7158398036172926, 'log_learning_rate_D': -2.4911018058216285, 'log_learning_rate_D_dagger': -2.3502767203876895, 'training_batch_size': 6, 'training_p': 8}
	 epoch  0 training error:  tensor(1.0674, device='cuda:0', grad_fn=<DivBackward0>)
Memory status after this epoch: 
Memory allocated:  291.19921875
Memory cached:  550.0
	 epoch  10 training error:  tensor(0.4662, device='cuda:0', grad_fn=<DivBackward0>)
Memory status after this epoch: 
Memory allocated:  291.19921875
Memory cached:  552.0
	 epoch  20 training error:  tensor(0.4219, device='cuda:0', grad_fn=<DivBackward0>)
Memory status after this epoch: 
Memory allocated:  291.19921875
Memory cached:  550.0
	 epoch  30 training error:  tensor(0.4832, device='cuda:0', grad_fn=<DivBackward0>)
Memory status after this epoch: 
Memory allocated:  291.19921875
Memory cached:  550.0
	 epoch  40 training error:  tensor(0.2336, device='cuda:0', grad_fn=<DivBackward0>)
Memory status after this epoch: 
Memory allocated:  291.19921875
Memory cached:  552.0
	 epoch  50 training error:  tensor(0.1955, device='cuda:0', grad_fn=<DivBackward0>)
Memory status after this epoch: 
Memory allocated:  291.19921875
Memory cached:  550.0
	 epoch  60 training error:  tensor(0.2362, device='cuda:0', grad_fn=<DivBackward0>)
Memory status after this epoch: 
Memory allocated:  291.19921875
Memory cached:  550.0
	 epoch  70 training error:  tensor(0.1976, device='cuda:0', grad_fn=<DivBackward0>)
Memory status after this epoch: 
Memory allocated:  291.19921875
Memory cached:  550.0
	 epoch  80 training error:  tensor(0.1387, device='cuda:0', grad_fn=<DivBackward0>)
Memory status after this epoch: 
Memory allocated:  291.19921875
Memory cached:  550.0
	 epoch  90 training error:  tensor(0.1642, device='cuda:0', grad_fn=<DivBackward0>)
Memory status after this epoch: 
Memory allocated:  291.19921875
Memory cached:  550.0
[I 2024-01-11 03:44:18,471] Trial 128 finished with value: 0.10643050819635391 and parameters: {'W_layers': 2, 'W_layer_units_exponent_0': 8, 'W_layer_units_exponent_1': 4, 'D_layers': 4, 'D_layer_units_exponent_0': 8, 'D_layer_units_exponent_1': 6, 'D_layer_units_exponent_2': 9, 'D_layer_units_exponent_3': 5, 'D_dagger_layers': 4, 'D_dagger_layer_units_exponent_0': 10, 'D_dagger_layer_units_exponent_1': 6, 'D_dagger_layer_units_exponent_2': 7, 'D_dagger_layer_units_exponent_3': 6, 'log_learning_rate': -3.7158398036172926, 'log_learning_rate_D': -2.4911018058216285, 'log_learning_rate_D_dagger': -2.3502767203876895, 'training_batch_size': 6, 'training_p': 8}. Best is trial 113 with value: 0.07463232427835464.
Time for this trial:  393.5202031135559
Memory status after this trial: 
Memory allocated:  545.7705078125
Memory cached:  550.0
--------------------  Trial  129   --------------------
Start timing: 
Parameters: 
{'W_layers': 2, 'W_layer_units_exponent_0': 8, 'W_layer_units_exponent_1': 5, 'D_layers': 4, 'D_layer_units_exponent_0': 8, 'D_layer_units_exponent_1': 6, 'D_layer_units_exponent_2': 10, 'D_layer_units_exponent_3': 5, 'D_dagger_layers': 4, 'D_dagger_layer_units_exponent_0': 10, 'D_dagger_layer_units_exponent_1': 6, 'D_dagger_layer_units_exponent_2': 7, 'D_dagger_layer_units_exponent_3': 6, 'log_learning_rate': -3.6763952754808673, 'log_learning_rate_D': -2.4130042817690396, 'log_learning_rate_D_dagger': -2.358688555503771, 'training_batch_size': 6, 'training_p': 8}
	 epoch  0 training error:  tensor(0.9684, device='cuda:0', grad_fn=<DivBackward0>)
Memory status after this epoch: 
Memory allocated:  292.01953125
Memory cached:  550.0
	 epoch  10 training error:  tensor(0.4190, device='cuda:0', grad_fn=<DivBackward0>)
Memory status after this epoch: 
Memory allocated:  292.01953125
Memory cached:  550.0
	 epoch  20 training error:  tensor(0.3953, device='cuda:0', grad_fn=<DivBackward0>)
Memory status after this epoch: 
Memory allocated:  292.01953125
Memory cached:  552.0
	 epoch  30 training error:  tensor(0.2423, device='cuda:0', grad_fn=<DivBackward0>)
Memory status after this epoch: 
Memory allocated:  292.01953125
Memory cached:  554.0
	 epoch  40 training error:  tensor(0.2703, device='cuda:0', grad_fn=<DivBackward0>)
Memory status after this epoch: 
Memory allocated:  292.01953125
Memory cached:  552.0
	 epoch  50 training error:  tensor(0.2547, device='cuda:0', grad_fn=<DivBackward0>)
Memory status after this epoch: 
Memory allocated:  292.01953125
Memory cached:  550.0
	 epoch  60 training error:  tensor(0.1552, device='cuda:0', grad_fn=<DivBackward0>)
Memory status after this epoch: 
Memory allocated:  292.01953125
Memory cached:  552.0
	 epoch  70 training error:  tensor(0.1292, device='cuda:0', grad_fn=<DivBackward0>)
Memory status after this epoch: 
Memory allocated:  292.01953125
Memory cached:  552.0
	 epoch  80 training error:  tensor(0.1625, device='cuda:0', grad_fn=<DivBackward0>)
Memory status after this epoch: 
Memory allocated:  292.01953125
Memory cached:  556.0
	 epoch  90 training error:  tensor(0.1164, device='cuda:0', grad_fn=<DivBackward0>)
Memory status after this epoch: 
Memory allocated:  292.01953125
Memory cached:  552.0
[I 2024-01-11 03:50:56,713] Trial 129 finished with value: 0.06846926361322403 and parameters: {'W_layers': 2, 'W_layer_units_exponent_0': 8, 'W_layer_units_exponent_1': 5, 'D_layers': 4, 'D_layer_units_exponent_0': 8, 'D_layer_units_exponent_1': 6, 'D_layer_units_exponent_2': 10, 'D_layer_units_exponent_3': 5, 'D_dagger_layers': 4, 'D_dagger_layer_units_exponent_0': 10, 'D_dagger_layer_units_exponent_1': 6, 'D_dagger_layer_units_exponent_2': 7, 'D_dagger_layer_units_exponent_3': 6, 'log_learning_rate': -3.6763952754808673, 'log_learning_rate_D': -2.4130042817690396, 'log_learning_rate_D_dagger': -2.358688555503771, 'training_batch_size': 6, 'training_p': 8}. Best is trial 129 with value: 0.06846926361322403.
res:  tensor(0.0685, device='cuda:0', grad_fn=<DivBackward0>)
self.bestValue:  tensor(0.0746, device='cuda:0', grad_fn=<DivBackward0>)
Save this model!
Time for this trial:  397.8595061302185
Memory status after this trial: 
Memory allocated:  313.2119140625
Memory cached:  574.0
--------------------  Trial  130   --------------------
Start timing: 
Parameters: 
{'W_layers': 2, 'W_layer_units_exponent_0': 8, 'W_layer_units_exponent_1': 5, 'D_layers': 4, 'D_layer_units_exponent_0': 8, 'D_layer_units_exponent_1': 6, 'D_layer_units_exponent_2': 10, 'D_layer_units_exponent_3': 6, 'D_dagger_layers': 4, 'D_dagger_layer_units_exponent_0': 10, 'D_dagger_layer_units_exponent_1': 6, 'D_dagger_layer_units_exponent_2': 7, 'D_dagger_layer_units_exponent_3': 6, 'log_learning_rate': -3.667335156094026, 'log_learning_rate_D': -2.3200886330324626, 'log_learning_rate_D_dagger': -2.3290335375455227, 'training_batch_size': 6, 'training_p': 8}
	 epoch  0 training error:  tensor(1.1762, device='cuda:0', grad_fn=<DivBackward0>)
Memory status after this epoch: 
Memory allocated:  316.9462890625
Memory cached:  562.0
	 epoch  10 training error:  tensor(0.5303, device='cuda:0', grad_fn=<DivBackward0>)
Memory status after this epoch: 
Memory allocated:  316.9462890625
Memory cached:  574.0
	 epoch  20 training error:  tensor(0.6746, device='cuda:0', grad_fn=<DivBackward0>)
Memory status after this epoch: 
Memory allocated:  316.9462890625
Memory cached:  570.0
	 epoch  30 training error:  tensor(0.8259, device='cuda:0', grad_fn=<DivBackward0>)
Memory status after this epoch: 
Memory allocated:  316.9462890625
Memory cached:  572.0
	 epoch  40 training error:  tensor(0.7836, device='cuda:0', grad_fn=<DivBackward0>)
Memory status after this epoch: 
Memory allocated:  316.9462890625
Memory cached:  570.0
	 epoch  50 training error:  tensor(0.7806, device='cuda:0', grad_fn=<DivBackward0>)
Memory status after this epoch: 
Memory allocated:  316.9462890625
Memory cached:  570.0
	 epoch  60 training error:  tensor(0.7793, device='cuda:0', grad_fn=<DivBackward0>)
Memory status after this epoch: 
Memory allocated:  316.9462890625
Memory cached:  570.0
	 epoch  70 training error:  tensor(0.7780, device='cuda:0', grad_fn=<DivBackward0>)
Memory status after this epoch: 
Memory allocated:  316.9462890625
Memory cached:  572.0
	 epoch  80 training error:  tensor(0.7767, device='cuda:0', grad_fn=<DivBackward0>)
Memory status after this epoch: 
Memory allocated:  316.9462890625
Memory cached:  570.0
	 epoch  90 training error:  tensor(0.7754, device='cuda:0', grad_fn=<DivBackward0>)
Memory status after this epoch: 
Memory allocated:  316.9462890625
Memory cached:  570.0
[I 2024-01-11 03:57:31,942] Trial 130 finished with value: 0.5230814218521118 and parameters: {'W_layers': 2, 'W_layer_units_exponent_0': 8, 'W_layer_units_exponent_1': 5, 'D_layers': 4, 'D_layer_units_exponent_0': 8, 'D_layer_units_exponent_1': 6, 'D_layer_units_exponent_2': 10, 'D_layer_units_exponent_3': 6, 'D_dagger_layers': 4, 'D_dagger_layer_units_exponent_0': 10, 'D_dagger_layer_units_exponent_1': 6, 'D_dagger_layer_units_exponent_2': 7, 'D_dagger_layer_units_exponent_3': 6, 'log_learning_rate': -3.667335156094026, 'log_learning_rate_D': -2.3200886330324626, 'log_learning_rate_D_dagger': -2.3290335375455227, 'training_batch_size': 6, 'training_p': 8}. Best is trial 129 with value: 0.06846926361322403.
Time for this trial:  394.85896039009094
Memory status after this trial: 
Memory allocated:  629.36328125
Memory cached:  634.0
--------------------  Trial  131   --------------------
Start timing: 
Parameters: 
{'W_layers': 2, 'W_layer_units_exponent_0': 8, 'W_layer_units_exponent_1': 5, 'D_layers': 4, 'D_layer_units_exponent_0': 8, 'D_layer_units_exponent_1': 6, 'D_layer_units_exponent_2': 10, 'D_layer_units_exponent_3': 5, 'D_dagger_layers': 4, 'D_dagger_layer_units_exponent_0': 10, 'D_dagger_layer_units_exponent_1': 6, 'D_dagger_layer_units_exponent_2': 7, 'D_dagger_layer_units_exponent_3': 6, 'log_learning_rate': -3.546605942570726, 'log_learning_rate_D': -2.4211180921599764, 'log_learning_rate_D_dagger': -2.3364820761232745, 'training_batch_size': 6, 'training_p': 8}
	 epoch  0 training error:  tensor(1.2278, device='cuda:0', grad_fn=<DivBackward0>)
Memory status after this epoch: 
Memory allocated:  316.4462890625
Memory cached:  562.0
	 epoch  10 training error:  tensor(0.6206, device='cuda:0', grad_fn=<DivBackward0>)
Memory status after this epoch: 
Memory allocated:  316.4462890625
Memory cached:  580.0
	 epoch  20 training error:  tensor(0.4832, device='cuda:0', grad_fn=<DivBackward0>)
Memory status after this epoch: 
Memory allocated:  316.4462890625
Memory cached:  572.0
	 epoch  30 training error:  tensor(0.4023, device='cuda:0', grad_fn=<DivBackward0>)
Memory status after this epoch: 
Memory allocated:  316.4462890625
Memory cached:  576.0
	 epoch  40 training error:  tensor(0.4294, device='cuda:0', grad_fn=<DivBackward0>)
Memory status after this epoch: 
Memory allocated:  316.4462890625
Memory cached:  570.0
	 epoch  50 training error:  tensor(0.3759, device='cuda:0', grad_fn=<DivBackward0>)
Memory status after this epoch: 
Memory allocated:  316.4462890625
Memory cached:  572.0
	 epoch  60 training error:  tensor(0.3888, device='cuda:0', grad_fn=<DivBackward0>)
Memory status after this epoch: 
Memory allocated:  316.4462890625
Memory cached:  574.0
	 epoch  70 training error:  tensor(0.3820, device='cuda:0', grad_fn=<DivBackward0>)
Memory status after this epoch: 
Memory allocated:  316.4462890625
Memory cached:  570.0
	 epoch  80 training error:  tensor(0.3882, device='cuda:0', grad_fn=<DivBackward0>)
Memory status after this epoch: 
Memory allocated:  316.4462890625
Memory cached:  570.0
	 epoch  90 training error:  tensor(0.3909, device='cuda:0', grad_fn=<DivBackward0>)
Memory status after this epoch: 
Memory allocated:  316.4462890625
Memory cached:  568.0
