[I 2024-02-18 10:55:04,516] Trial 181 finished with value: 0.08347715437412262 and parameters: {'W_layers': 3, 'W_layer_units_exponent_0': 4, 'W_layer_units_exponent_1': 9, 'W_layer_units_exponent_2': 7, 'D_layers': 6, 'D_layer_units_exponent_0': 10, 'D_layer_units_exponent_1': 10, 'D_layer_units_exponent_2': 10, 'D_layer_units_exponent_3': 5, 'D_layer_units_exponent_4': 10, 'D_layer_units_exponent_5': 7, 'D_dagger_layers': 4, 'D_dagger_layer_units_exponent_0': 7, 'D_dagger_layer_units_exponent_1': 4, 'D_dagger_layer_units_exponent_2': 4, 'D_dagger_layer_units_exponent_3': 8, 'log_learning_rate': -2.476646800132283, 'log_learning_rate_D': -2.6366421116137198, 'log_learning_rate_D_dagger': -2.462321883223806, 'training_batch_size': 9, 'training_p': 2}. Best is trial 151 with value: 0.0829155370593071.
Time for this trial:  20.386988401412964
Memory status after this trial: 
Memory allocated:  416.20361328125
Memory cached:  456.0
--------------------  Trial  182   --------------------
Start timing: 
Parameters: 
{'W_layers': 3, 'W_layer_units_exponent_0': 4, 'W_layer_units_exponent_1': 5, 'W_layer_units_exponent_2': 6, 'D_layers': 6, 'D_layer_units_exponent_0': 8, 'D_layer_units_exponent_1': 10, 'D_layer_units_exponent_2': 10, 'D_layer_units_exponent_3': 5, 'D_layer_units_exponent_4': 10, 'D_layer_units_exponent_5': 5, 'D_dagger_layers': 4, 'D_dagger_layer_units_exponent_0': 7, 'D_dagger_layer_units_exponent_1': 4, 'D_dagger_layer_units_exponent_2': 4, 'D_dagger_layer_units_exponent_3': 7, 'log_learning_rate': -2.3476876520202166, 'log_learning_rate_D': -2.771092678187417, 'log_learning_rate_D_dagger': -2.586158033247422, 'training_batch_size': 9, 'training_p': 2}
	 epoch  0 training error:  tensor(1.0136, device='cuda:0', grad_fn=<DivBackward0>)
Memory status after this epoch: 
Memory allocated:  201.431640625
Memory cached:  360.0
	 epoch  10 training error:  tensor(0.2944, device='cuda:0', grad_fn=<DivBackward0>)
Memory status after this epoch: 
Memory allocated:  201.431640625
Memory cached:  360.0
	 epoch  20 training error:  tensor(0.1543, device='cuda:0', grad_fn=<DivBackward0>)
Memory status after this epoch: 
Memory allocated:  201.431640625
Memory cached:  360.0
	 epoch  30 training error:  tensor(0.1118, device='cuda:0', grad_fn=<DivBackward0>)
Memory status after this epoch: 
Memory allocated:  201.431640625
Memory cached:  360.0
	 epoch  40 training error:  tensor(0.0901, device='cuda:0', grad_fn=<DivBackward0>)
Memory status after this epoch: 
Memory allocated:  201.431640625
Memory cached:  360.0
	 epoch  50 training error:  tensor(0.0869, device='cuda:0', grad_fn=<DivBackward0>)
Memory status after this epoch: 
Memory allocated:  201.431640625
Memory cached:  360.0
	 epoch  60 training error:  tensor(0.0836, device='cuda:0', grad_fn=<DivBackward0>)
Memory status after this epoch: 
Memory allocated:  201.431640625
Memory cached:  360.0
	 epoch  70 training error:  tensor(0.0828, device='cuda:0', grad_fn=<DivBackward0>)
Memory status after this epoch: 
Memory allocated:  201.431640625
Memory cached:  360.0
	 epoch  80 training error:  tensor(0.0822, device='cuda:0', grad_fn=<DivBackward0>)
Memory status after this epoch: 
Memory allocated:  201.431640625
Memory cached:  360.0
	 epoch  90 training error:  tensor(0.0821, device='cuda:0', grad_fn=<DivBackward0>)
Memory status after this epoch: 
Memory allocated:  201.431640625
Memory cached:  360.0
[I 2024-02-18 10:55:21,861] Trial 182 finished with value: 0.08356200158596039 and parameters: {'W_layers': 3, 'W_layer_units_exponent_0': 4, 'W_layer_units_exponent_1': 5, 'W_layer_units_exponent_2': 6, 'D_layers': 6, 'D_layer_units_exponent_0': 8, 'D_layer_units_exponent_1': 10, 'D_layer_units_exponent_2': 10, 'D_layer_units_exponent_3': 5, 'D_layer_units_exponent_4': 10, 'D_layer_units_exponent_5': 5, 'D_dagger_layers': 4, 'D_dagger_layer_units_exponent_0': 7, 'D_dagger_layer_units_exponent_1': 4, 'D_dagger_layer_units_exponent_2': 4, 'D_dagger_layer_units_exponent_3': 7, 'log_learning_rate': -2.3476876520202166, 'log_learning_rate_D': -2.771092678187417, 'log_learning_rate_D_dagger': -2.586158033247422, 'training_batch_size': 9, 'training_p': 2}. Best is trial 151 with value: 0.0829155370593071.
Time for this trial:  16.95730209350586
Memory status after this trial: 
Memory allocated:  276.81982421875
Memory cached:  364.0
--------------------  Trial  183   --------------------
Start timing: 
Parameters: 
{'W_layers': 3, 'W_layer_units_exponent_0': 4, 'W_layer_units_exponent_1': 9, 'W_layer_units_exponent_2': 6, 'D_layers': 6, 'D_layer_units_exponent_0': 10, 'D_layer_units_exponent_1': 10, 'D_layer_units_exponent_2': 6, 'D_layer_units_exponent_3': 5, 'D_layer_units_exponent_4': 6, 'D_layer_units_exponent_5': 7, 'D_dagger_layers': 4, 'D_dagger_layer_units_exponent_0': 7, 'D_dagger_layer_units_exponent_1': 4, 'D_dagger_layer_units_exponent_2': 9, 'D_dagger_layer_units_exponent_3': 8, 'log_learning_rate': -2.8783684096817814, 'log_learning_rate_D': -2.558445161175182, 'log_learning_rate_D_dagger': -2.5075326550765973, 'training_batch_size': 9, 'training_p': 2}
	 epoch  0 training error:  tensor(0.8657, device='cuda:0', grad_fn=<DivBackward0>)
Memory status after this epoch: 
Memory allocated:  203.041015625
Memory cached:  360.0
	 epoch  10 training error:  tensor(0.4890, device='cuda:0', grad_fn=<DivBackward0>)
Memory status after this epoch: 
Memory allocated:  203.041015625
Memory cached:  360.0
	 epoch  20 training error:  tensor(0.4055, device='cuda:0', grad_fn=<DivBackward0>)
Memory status after this epoch: 
Memory allocated:  203.041015625
Memory cached:  360.0
	 epoch  30 training error:  tensor(0.1768, device='cuda:0', grad_fn=<DivBackward0>)
Memory status after this epoch: 
Memory allocated:  203.041015625
Memory cached:  360.0
	 epoch  40 training error:  tensor(0.1536, device='cuda:0', grad_fn=<DivBackward0>)
Memory status after this epoch: 
Memory allocated:  203.041015625
Memory cached:  360.0
	 epoch  50 training error:  tensor(0.1237, device='cuda:0', grad_fn=<DivBackward0>)
Memory status after this epoch: 
Memory allocated:  203.041015625
Memory cached:  360.0
	 epoch  60 training error:  tensor(0.0986, device='cuda:0', grad_fn=<DivBackward0>)
Memory status after this epoch: 
Memory allocated:  203.041015625
Memory cached:  360.0
	 epoch  70 training error:  tensor(0.0962, device='cuda:0', grad_fn=<DivBackward0>)
Memory status after this epoch: 
Memory allocated:  203.041015625
Memory cached:  360.0
	 epoch  80 training error:  tensor(0.0872, device='cuda:0', grad_fn=<DivBackward0>)
Memory status after this epoch: 
Memory allocated:  203.041015625
Memory cached:  360.0
	 epoch  90 training error:  tensor(0.0868, device='cuda:0', grad_fn=<DivBackward0>)
Memory status after this epoch: 
Memory allocated:  203.041015625
Memory cached:  360.0
[I 2024-02-18 10:55:42,056] Trial 183 finished with value: 0.08373717218637466 and parameters: {'W_layers': 3, 'W_layer_units_exponent_0': 4, 'W_layer_units_exponent_1': 9, 'W_layer_units_exponent_2': 6, 'D_layers': 6, 'D_layer_units_exponent_0': 10, 'D_layer_units_exponent_1': 10, 'D_layer_units_exponent_2': 6, 'D_layer_units_exponent_3': 5, 'D_layer_units_exponent_4': 6, 'D_layer_units_exponent_5': 7, 'D_dagger_layers': 4, 'D_dagger_layer_units_exponent_0': 7, 'D_dagger_layer_units_exponent_1': 4, 'D_dagger_layer_units_exponent_2': 9, 'D_dagger_layer_units_exponent_3': 8, 'log_learning_rate': -2.8783684096817814, 'log_learning_rate_D': -2.558445161175182, 'log_learning_rate_D_dagger': -2.5075326550765973, 'training_batch_size': 9, 'training_p': 2}. Best is trial 151 with value: 0.0829155370593071.
Time for this trial:  19.80932903289795
Memory status after this trial: 
Memory allocated:  514.03662109375
Memory cached:  544.0
--------------------  Trial  184   --------------------
Start timing: 
Parameters: 
{'W_layers': 3, 'W_layer_units_exponent_0': 7, 'W_layer_units_exponent_1': 8, 'W_layer_units_exponent_2': 7, 'D_layers': 6, 'D_layer_units_exponent_0': 6, 'D_layer_units_exponent_1': 10, 'D_layer_units_exponent_2': 10, 'D_layer_units_exponent_3': 5, 'D_layer_units_exponent_4': 5, 'D_layer_units_exponent_5': 9, 'D_dagger_layers': 5, 'D_dagger_layer_units_exponent_0': 7, 'D_dagger_layer_units_exponent_1': 4, 'D_dagger_layer_units_exponent_2': 7, 'D_dagger_layer_units_exponent_3': 6, 'D_dagger_layer_units_exponent_4': 5, 'log_learning_rate': -2.789119022112234, 'log_learning_rate_D': -2.6827841242228807, 'log_learning_rate_D_dagger': -2.3995894984788375, 'training_batch_size': 9, 'training_p': 2}
	 epoch  0 training error:  tensor(1.0163, device='cuda:0', grad_fn=<DivBackward0>)
Memory status after this epoch: 
Memory allocated:  201.6142578125
Memory cached:  360.0
	 epoch  10 training error:  tensor(0.3117, device='cuda:0', grad_fn=<DivBackward0>)
Memory status after this epoch: 
Memory allocated:  201.6142578125
Memory cached:  360.0
	 epoch  20 training error:  tensor(0.1737, device='cuda:0', grad_fn=<DivBackward0>)
Memory status after this epoch: 
Memory allocated:  201.6142578125
Memory cached:  360.0
	 epoch  30 training error:  tensor(0.1033, device='cuda:0', grad_fn=<DivBackward0>)
Memory status after this epoch: 
Memory allocated:  201.6142578125
Memory cached:  360.0
	 epoch  40 training error:  tensor(0.1308, device='cuda:0', grad_fn=<DivBackward0>)
Memory status after this epoch: 
Memory allocated:  201.6142578125
Memory cached:  360.0
	 epoch  50 training error:  tensor(0.1213, device='cuda:0', grad_fn=<DivBackward0>)
Memory status after this epoch: 
Memory allocated:  201.6142578125
Memory cached:  360.0
	 epoch  60 training error:  tensor(0.1177, device='cuda:0', grad_fn=<DivBackward0>)
Memory status after this epoch: 
Memory allocated:  201.6142578125
Memory cached:  360.0
	 epoch  70 training error:  tensor(0.0950, device='cuda:0', grad_fn=<DivBackward0>)
Memory status after this epoch: 
Memory allocated:  201.6142578125
Memory cached:  360.0
	 epoch  80 training error:  tensor(0.0914, device='cuda:0', grad_fn=<DivBackward0>)
Memory status after this epoch: 
Memory allocated:  201.6142578125
Memory cached:  360.0
	 epoch  90 training error:  tensor(0.0889, device='cuda:0', grad_fn=<DivBackward0>)
Memory status after this epoch: 
Memory allocated:  201.6142578125
Memory cached:  360.0
[I 2024-02-18 10:56:02,093] Trial 184 finished with value: 0.09035657346248627 and parameters: {'W_layers': 3, 'W_layer_units_exponent_0': 7, 'W_layer_units_exponent_1': 8, 'W_layer_units_exponent_2': 7, 'D_layers': 6, 'D_layer_units_exponent_0': 6, 'D_layer_units_exponent_1': 10, 'D_layer_units_exponent_2': 10, 'D_layer_units_exponent_3': 5, 'D_layer_units_exponent_4': 5, 'D_layer_units_exponent_5': 9, 'D_dagger_layers': 5, 'D_dagger_layer_units_exponent_0': 7, 'D_dagger_layer_units_exponent_1': 4, 'D_dagger_layer_units_exponent_2': 7, 'D_dagger_layer_units_exponent_3': 6, 'D_dagger_layer_units_exponent_4': 5, 'log_learning_rate': -2.789119022112234, 'log_learning_rate_D': -2.6827841242228807, 'log_learning_rate_D_dagger': -2.3995894984788375, 'training_batch_size': 9, 'training_p': 2}. Best is trial 151 with value: 0.0829155370593071.
Time for this trial:  19.651625156402588
Memory status after this trial: 
Memory allocated:  380.98779296875
Memory cached:  416.0
--------------------  Trial  185   --------------------
Start timing: 
Parameters: 
{'W_layers': 3, 'W_layer_units_exponent_0': 4, 'W_layer_units_exponent_1': 9, 'W_layer_units_exponent_2': 7, 'D_layers': 6, 'D_layer_units_exponent_0': 10, 'D_layer_units_exponent_1': 10, 'D_layer_units_exponent_2': 8, 'D_layer_units_exponent_3': 5, 'D_layer_units_exponent_4': 7, 'D_layer_units_exponent_5': 6, 'D_dagger_layers': 4, 'D_dagger_layer_units_exponent_0': 7, 'D_dagger_layer_units_exponent_1': 4, 'D_dagger_layer_units_exponent_2': 4, 'D_dagger_layer_units_exponent_3': 8, 'log_learning_rate': -2.1069428816495197, 'log_learning_rate_D': -2.4458299738180713, 'log_learning_rate_D_dagger': -2.822297697089342, 'training_batch_size': 9, 'training_p': 2}
	 epoch  0 training error:  tensor(1.1756, device='cuda:0', grad_fn=<DivBackward0>)
Memory status after this epoch: 
Memory allocated:  202.25830078125
Memory cached:  360.0
	 epoch  10 training error:  tensor(0.8638, device='cuda:0', grad_fn=<DivBackward0>)
Memory status after this epoch: 
Memory allocated:  202.25830078125
Memory cached:  360.0
	 epoch  20 training error:  tensor(0.2967, device='cuda:0', grad_fn=<DivBackward0>)
Memory status after this epoch: 
Memory allocated:  202.25830078125
Memory cached:  360.0
	 epoch  30 training error:  tensor(0.2216, device='cuda:0', grad_fn=<DivBackward0>)
Memory status after this epoch: 
Memory allocated:  202.25830078125
Memory cached:  360.0
	 epoch  40 training error:  tensor(0.1716, device='cuda:0', grad_fn=<DivBackward0>)
Memory status after this epoch: 
Memory allocated:  202.25830078125
Memory cached:  360.0
	 epoch  50 training error:  tensor(0.1111, device='cuda:0', grad_fn=<DivBackward0>)
Memory status after this epoch: 
Memory allocated:  202.25830078125
Memory cached:  360.0
	 epoch  60 training error:  tensor(0.0963, device='cuda:0', grad_fn=<DivBackward0>)
Memory status after this epoch: 
Memory allocated:  202.25830078125
Memory cached:  360.0
	 epoch  70 training error:  tensor(0.0889, device='cuda:0', grad_fn=<DivBackward0>)
Memory status after this epoch: 
Memory allocated:  202.25830078125
Memory cached:  360.0
	 epoch  80 training error:  tensor(0.0853, device='cuda:0', grad_fn=<DivBackward0>)
Memory status after this epoch: 
Memory allocated:  202.25830078125
Memory cached:  360.0
	 epoch  90 training error:  tensor(0.0831, device='cuda:0', grad_fn=<DivBackward0>)
Memory status after this epoch: 
Memory allocated:  202.25830078125
Memory cached:  360.0
[I 2024-02-18 10:56:22,096] Trial 185 finished with value: 0.08325272798538208 and parameters: {'W_layers': 3, 'W_layer_units_exponent_0': 4, 'W_layer_units_exponent_1': 9, 'W_layer_units_exponent_2': 7, 'D_layers': 6, 'D_layer_units_exponent_0': 10, 'D_layer_units_exponent_1': 10, 'D_layer_units_exponent_2': 8, 'D_layer_units_exponent_3': 5, 'D_layer_units_exponent_4': 7, 'D_layer_units_exponent_5': 6, 'D_dagger_layers': 4, 'D_dagger_layer_units_exponent_0': 7, 'D_dagger_layer_units_exponent_1': 4, 'D_dagger_layer_units_exponent_2': 4, 'D_dagger_layer_units_exponent_3': 8, 'log_learning_rate': -2.1069428816495197, 'log_learning_rate_D': -2.4458299738180713, 'log_learning_rate_D_dagger': -2.822297697089342, 'training_batch_size': 9, 'training_p': 2}. Best is trial 151 with value: 0.0829155370593071.
Time for this trial:  19.628454446792603
Memory status after this trial: 
Memory allocated:  415.64111328125
Memory cached:  448.0
--------------------  Trial  186   --------------------
Start timing: 
Parameters: 
{'W_layers': 4, 'W_layer_units_exponent_0': 4, 'W_layer_units_exponent_1': 9, 'W_layer_units_exponent_2': 6, 'W_layer_units_exponent_3': 8, 'D_layers': 6, 'D_layer_units_exponent_0': 9, 'D_layer_units_exponent_1': 10, 'D_layer_units_exponent_2': 8, 'D_layer_units_exponent_3': 8, 'D_layer_units_exponent_4': 7, 'D_layer_units_exponent_5': 6, 'D_dagger_layers': 5, 'D_dagger_layer_units_exponent_0': 7, 'D_dagger_layer_units_exponent_1': 4, 'D_dagger_layer_units_exponent_2': 4, 'D_dagger_layer_units_exponent_3': 8, 'D_dagger_layer_units_exponent_4': 8, 'log_learning_rate': -2.121781308884051, 'log_learning_rate_D': -2.365682739284173, 'log_learning_rate_D_dagger': -2.8342547349065086, 'training_batch_size': 9, 'training_p': 2}
	 epoch  0 training error:  tensor(1.0375, device='cuda:0', grad_fn=<DivBackward0>)
Memory status after this epoch: 
Memory allocated:  201.7666015625
Memory cached:  360.0
	 epoch  10 training error:  tensor(0.5302, device='cuda:0', grad_fn=<DivBackward0>)
Memory status after this epoch: 
Memory allocated:  201.7666015625
Memory cached:  360.0
	 epoch  20 training error:  tensor(0.2386, device='cuda:0', grad_fn=<DivBackward0>)
Memory status after this epoch: 
Memory allocated:  201.7666015625
Memory cached:  360.0
	 epoch  30 training error:  tensor(0.1445, device='cuda:0', grad_fn=<DivBackward0>)
Memory status after this epoch: 
Memory allocated:  201.7666015625
Memory cached:  360.0
	 epoch  40 training error:  tensor(0.1209, device='cuda:0', grad_fn=<DivBackward0>)
Memory status after this epoch: 
Memory allocated:  201.7666015625
Memory cached:  360.0
	 epoch  50 training error:  tensor(0.0997, device='cuda:0', grad_fn=<DivBackward0>)
Memory status after this epoch: 
Memory allocated:  201.7666015625
Memory cached:  360.0
	 epoch  60 training error:  tensor(0.0856, device='cuda:0', grad_fn=<DivBackward0>)
Memory status after this epoch: 
Memory allocated:  201.7666015625
Memory cached:  360.0
	 epoch  70 training error:  tensor(0.0916, device='cuda:0', grad_fn=<DivBackward0>)
Memory status after this epoch: 
Memory allocated:  201.7666015625
Memory cached:  360.0
	 epoch  80 training error:  tensor(0.0931, device='cuda:0', grad_fn=<DivBackward0>)
Memory status after this epoch: 
Memory allocated:  201.7666015625
Memory cached:  360.0
	 epoch  90 training error:  tensor(0.0831, device='cuda:0', grad_fn=<DivBackward0>)
Memory status after this epoch: 
Memory allocated:  201.7666015625
Memory cached:  360.0
[I 2024-02-18 10:56:43,515] Trial 186 finished with value: 0.08452166616916656 and parameters: {'W_layers': 4, 'W_layer_units_exponent_0': 4, 'W_layer_units_exponent_1': 9, 'W_layer_units_exponent_2': 6, 'W_layer_units_exponent_3': 8, 'D_layers': 6, 'D_layer_units_exponent_0': 9, 'D_layer_units_exponent_1': 10, 'D_layer_units_exponent_2': 8, 'D_layer_units_exponent_3': 8, 'D_layer_units_exponent_4': 7, 'D_layer_units_exponent_5': 6, 'D_dagger_layers': 5, 'D_dagger_layer_units_exponent_0': 7, 'D_dagger_layer_units_exponent_1': 4, 'D_dagger_layer_units_exponent_2': 4, 'D_dagger_layer_units_exponent_3': 8, 'D_dagger_layer_units_exponent_4': 8, 'log_learning_rate': -2.121781308884051, 'log_learning_rate_D': -2.365682739284173, 'log_learning_rate_D_dagger': -2.8342547349065086, 'training_batch_size': 9, 'training_p': 2}. Best is trial 151 with value: 0.0829155370593071.
Time for this trial:  21.00515651702881
Memory status after this trial: 
Memory allocated:  510.34912109375
Memory cached:  544.0
--------------------  Trial  187   --------------------
Start timing: 
Parameters: 
{'W_layers': 7, 'W_layer_units_exponent_0': 4, 'W_layer_units_exponent_1': 9, 'W_layer_units_exponent_2': 6, 'W_layer_units_exponent_3': 6, 'W_layer_units_exponent_4': 8, 'W_layer_units_exponent_5': 8, 'W_layer_units_exponent_6': 7, 'D_layers': 6, 'D_layer_units_exponent_0': 8, 'D_layer_units_exponent_1': 10, 'D_layer_units_exponent_2': 8, 'D_layer_units_exponent_3': 5, 'D_layer_units_exponent_4': 7, 'D_layer_units_exponent_5': 6, 'D_dagger_layers': 5, 'D_dagger_layer_units_exponent_0': 4, 'D_dagger_layer_units_exponent_1': 5, 'D_dagger_layer_units_exponent_2': 7, 'D_dagger_layer_units_exponent_3': 8, 'D_dagger_layer_units_exponent_4': 4, 'log_learning_rate': -1.87986463490734, 'log_learning_rate_D': -2.4381720716583213, 'log_learning_rate_D_dagger': -2.95064186168575, 'training_batch_size': 9, 'training_p': 2}
	 epoch  0 training error:  tensor(1.0004, device='cuda:0', grad_fn=<DivBackward0>)
Memory status after this epoch: 
Memory allocated:  201.11474609375
Memory cached:  360.0
	 epoch  10 training error:  tensor(0.2700, device='cuda:0', grad_fn=<DivBackward0>)
Memory status after this epoch: 
Memory allocated:  201.11474609375
Memory cached:  360.0
	 epoch  20 training error:  tensor(0.1564, device='cuda:0', grad_fn=<DivBackward0>)
Memory status after this epoch: 
Memory allocated:  201.11474609375
Memory cached:  360.0
	 epoch  30 training error:  tensor(0.1385, device='cuda:0', grad_fn=<DivBackward0>)
Memory status after this epoch: 
Memory allocated:  201.11474609375
Memory cached:  360.0
	 epoch  40 training error:  tensor(0.1218, device='cuda:0', grad_fn=<DivBackward0>)
Memory status after this epoch: 
Memory allocated:  201.11474609375
Memory cached:  360.0
	 epoch  50 training error:  tensor(0.1105, device='cuda:0', grad_fn=<DivBackward0>)
Memory status after this epoch: 
Memory allocated:  201.11474609375
Memory cached:  360.0
	 epoch  60 training error:  tensor(0.1004, device='cuda:0', grad_fn=<DivBackward0>)
Memory status after this epoch: 
Memory allocated:  201.11474609375
Memory cached:  360.0
	 epoch  70 training error:  tensor(0.1123, device='cuda:0', grad_fn=<DivBackward0>)
Memory status after this epoch: 
Memory allocated:  201.11474609375
Memory cached:  360.0
	 epoch  80 training error:  tensor(0.1105, device='cuda:0', grad_fn=<DivBackward0>)
Memory status after this epoch: 
Memory allocated:  201.11474609375
Memory cached:  360.0
	 epoch  90 training error:  tensor(0.0967, device='cuda:0', grad_fn=<DivBackward0>)
Memory status after this epoch: 
Memory allocated:  201.11474609375
Memory cached:  360.0
