[I 2023-12-06 11:46:15,444] Trial 7 finished with value: 0.3703419268131256 and parameters: {'W_layers': 4, 'W_layer_units_exponent_0': 4, 'W_layer_units_exponent_1': 9, 'W_layer_units_exponent_2': 10, 'W_layer_units_exponent_3': 10, 'D_layers': 6, 'D_layer_units_exponent_0': 6, 'D_layer_units_exponent_1': 8, 'D_layer_units_exponent_2': 6, 'D_layer_units_exponent_3': 8, 'D_layer_units_exponent_4': 4, 'D_layer_units_exponent_5': 4, 'log_learning_rate': -4.404298225365453, 'log_learning_rate_D': -1.8546415592867564, 'training_batch_size': 8, 'training_p': 5}. Best is trial 3 with value: 0.3470582664012909.
Time for this trial:  16.50836420059204
Memory status after this trial: 
Memory allocated:  123.31494140625
Memory cached:  176.0
--------------------  Trial  8   --------------------
Start timing: 
Parameters: 
{'W_layers': 6, 'W_layer_units_exponent_0': 9, 'W_layer_units_exponent_1': 7, 'W_layer_units_exponent_2': 10, 'W_layer_units_exponent_3': 8, 'W_layer_units_exponent_4': 5, 'W_layer_units_exponent_5': 8, 'D_layers': 4, 'D_layer_units_exponent_0': 4, 'D_layer_units_exponent_1': 4, 'D_layer_units_exponent_2': 9, 'D_layer_units_exponent_3': 10, 'log_learning_rate': -1.8707030918668526, 'log_learning_rate_D': -2.1153490927725933, 'training_batch_size': 6, 'training_p': 6}
	 epoch  0 training error:  tensor(2.1570, device='cuda:0', grad_fn=<DivBackward0>)
Memory status after this epoch: 
Memory allocated:  60.91796875
Memory cached:  96.0
	 epoch  10 training error:  tensor(2.4574, device='cuda:0', grad_fn=<DivBackward0>)
Memory status after this epoch: 
Memory allocated:  60.91796875
Memory cached:  96.0
	 epoch  20 training error:  tensor(0.9797, device='cuda:0', grad_fn=<DivBackward0>)
Memory status after this epoch: 
Memory allocated:  60.91796875
Memory cached:  96.0
	 epoch  30 training error:  tensor(0.9365, device='cuda:0', grad_fn=<DivBackward0>)
Memory status after this epoch: 
Memory allocated:  60.91796875
Memory cached:  96.0
	 epoch  40 training error:  tensor(0.7726, device='cuda:0', grad_fn=<DivBackward0>)
Memory status after this epoch: 
Memory allocated:  60.91796875
Memory cached:  96.0
	 epoch  50 training error:  tensor(0.7323, device='cuda:0', grad_fn=<DivBackward0>)
Memory status after this epoch: 
Memory allocated:  60.91796875
Memory cached:  96.0
	 epoch  60 training error:  tensor(0.4372, device='cuda:0', grad_fn=<DivBackward0>)
Memory status after this epoch: 
Memory allocated:  60.91796875
Memory cached:  96.0
	 epoch  70 training error:  tensor(0.5021, device='cuda:0', grad_fn=<DivBackward0>)
Memory status after this epoch: 
Memory allocated:  60.91796875
Memory cached:  96.0
	 epoch  80 training error:  tensor(0.5627, device='cuda:0', grad_fn=<DivBackward0>)
Memory status after this epoch: 
Memory allocated:  60.91796875
Memory cached:  96.0
	 epoch  90 training error:  tensor(0.4579, device='cuda:0', grad_fn=<DivBackward0>)
Memory status after this epoch: 
Memory allocated:  60.91796875
Memory cached:  96.0
[I 2023-12-06 11:46:33,853] Trial 8 finished with value: 0.35671481490135193 and parameters: {'W_layers': 6, 'W_layer_units_exponent_0': 9, 'W_layer_units_exponent_1': 7, 'W_layer_units_exponent_2': 10, 'W_layer_units_exponent_3': 8, 'W_layer_units_exponent_4': 5, 'W_layer_units_exponent_5': 8, 'D_layers': 4, 'D_layer_units_exponent_0': 4, 'D_layer_units_exponent_1': 4, 'D_layer_units_exponent_2': 9, 'D_layer_units_exponent_3': 10, 'log_learning_rate': -1.8707030918668526, 'log_learning_rate_D': -2.1153490927725933, 'training_batch_size': 6, 'training_p': 6}. Best is trial 3 with value: 0.3470582664012909.
Time for this trial:  18.31505537033081
Memory status after this trial: 
Memory allocated:  107.01513671875
Memory cached:  120.0
--------------------  Trial  9   --------------------
Start timing: 
Parameters: 
{'W_layers': 3, 'W_layer_units_exponent_0': 7, 'W_layer_units_exponent_1': 10, 'W_layer_units_exponent_2': 7, 'D_layers': 6, 'D_layer_units_exponent_0': 5, 'D_layer_units_exponent_1': 4, 'D_layer_units_exponent_2': 4, 'D_layer_units_exponent_3': 5, 'D_layer_units_exponent_4': 9, 'D_layer_units_exponent_5': 7, 'log_learning_rate': -4.3553920699753075, 'log_learning_rate_D': -3.002389827947742, 'training_batch_size': 11, 'training_p': 2}
	 epoch  0 training error:  tensor(1.0965, device='cuda:0', grad_fn=<DivBackward0>)
Memory status after this epoch: 
Memory allocated:  55.66455078125
Memory cached:  96.0
	 epoch  10 training error:  tensor(0.4432, device='cuda:0', grad_fn=<DivBackward0>)
Memory status after this epoch: 
Memory allocated:  55.66455078125
Memory cached:  96.0
	 epoch  20 training error:  tensor(0.4788, device='cuda:0', grad_fn=<DivBackward0>)
Memory status after this epoch: 
Memory allocated:  55.66455078125
Memory cached:  96.0
	 epoch  30 training error:  tensor(0.4180, device='cuda:0', grad_fn=<DivBackward0>)
Memory status after this epoch: 
Memory allocated:  55.66455078125
Memory cached:  96.0
	 epoch  40 training error:  tensor(0.4131, device='cuda:0', grad_fn=<DivBackward0>)
Memory status after this epoch: 
Memory allocated:  55.66455078125
Memory cached:  96.0
	 epoch  50 training error:  tensor(0.4090, device='cuda:0', grad_fn=<DivBackward0>)
Memory status after this epoch: 
Memory allocated:  55.66455078125
Memory cached:  96.0
	 epoch  60 training error:  tensor(0.4028, device='cuda:0', grad_fn=<DivBackward0>)
Memory status after this epoch: 
Memory allocated:  55.66455078125
Memory cached:  96.0
	 epoch  70 training error:  tensor(0.3986, device='cuda:0', grad_fn=<DivBackward0>)
Memory status after this epoch: 
Memory allocated:  55.66455078125
Memory cached:  96.0
	 epoch  80 training error:  tensor(0.3954, device='cuda:0', grad_fn=<DivBackward0>)
Memory status after this epoch: 
Memory allocated:  55.66455078125
Memory cached:  96.0
	 epoch  90 training error:  tensor(0.3927, device='cuda:0', grad_fn=<DivBackward0>)
Memory status after this epoch: 
Memory allocated:  55.66455078125
Memory cached:  96.0
[I 2023-12-06 11:46:50,117] Trial 9 finished with value: 0.3679475486278534 and parameters: {'W_layers': 3, 'W_layer_units_exponent_0': 7, 'W_layer_units_exponent_1': 10, 'W_layer_units_exponent_2': 7, 'D_layers': 6, 'D_layer_units_exponent_0': 5, 'D_layer_units_exponent_1': 4, 'D_layer_units_exponent_2': 4, 'D_layer_units_exponent_3': 5, 'D_layer_units_exponent_4': 9, 'D_layer_units_exponent_5': 7, 'log_learning_rate': -4.3553920699753075, 'log_learning_rate_D': -3.002389827947742, 'training_batch_size': 11, 'training_p': 2}. Best is trial 3 with value: 0.3470582664012909.
Time for this trial:  16.14938521385193
Memory status after this trial: 
Memory allocated:  82.63525390625
Memory cached:  118.0
--------------------  Trial  10   --------------------
Start timing: 
Parameters: 
{'W_layers': 7, 'W_layer_units_exponent_0': 4, 'W_layer_units_exponent_1': 4, 'W_layer_units_exponent_2': 8, 'W_layer_units_exponent_3': 6, 'W_layer_units_exponent_4': 10, 'W_layer_units_exponent_5': 10, 'W_layer_units_exponent_6': 4, 'D_layers': 8, 'D_layer_units_exponent_0': 7, 'D_layer_units_exponent_1': 10, 'D_layer_units_exponent_2': 10, 'D_layer_units_exponent_3': 10, 'D_layer_units_exponent_4': 4, 'D_layer_units_exponent_5': 10, 'D_layer_units_exponent_6': 4, 'D_layer_units_exponent_7': 4, 'log_learning_rate': -4.916797259836727, 'log_learning_rate_D': -4.5358884576615255, 'training_batch_size': 12, 'training_p': 3}
	 epoch  0 training error:  tensor(0.7665, device='cuda:0', grad_fn=<DivBackward0>)
Memory status after this epoch: 
Memory allocated:  78.38720703125
Memory cached:  96.0
	 epoch  10 training error:  tensor(0.6553, device='cuda:0', grad_fn=<DivBackward0>)
Memory status after this epoch: 
Memory allocated:  78.38720703125
Memory cached:  96.0
	 epoch  20 training error:  tensor(0.5828, device='cuda:0', grad_fn=<DivBackward0>)
Memory status after this epoch: 
Memory allocated:  78.38720703125
Memory cached:  96.0
	 epoch  30 training error:  tensor(0.5230, device='cuda:0', grad_fn=<DivBackward0>)
Memory status after this epoch: 
Memory allocated:  78.38720703125
Memory cached:  96.0
	 epoch  40 training error:  tensor(0.4808, device='cuda:0', grad_fn=<DivBackward0>)
Memory status after this epoch: 
Memory allocated:  78.38720703125
Memory cached:  96.0
	 epoch  50 training error:  tensor(0.4593, device='cuda:0', grad_fn=<DivBackward0>)
Memory status after this epoch: 
Memory allocated:  78.38720703125
Memory cached:  96.0
	 epoch  60 training error:  tensor(0.4540, device='cuda:0', grad_fn=<DivBackward0>)
Memory status after this epoch: 
Memory allocated:  78.38720703125
Memory cached:  96.0
	 epoch  70 training error:  tensor(0.4542, device='cuda:0', grad_fn=<DivBackward0>)
Memory status after this epoch: 
Memory allocated:  78.38720703125
Memory cached:  96.0
	 epoch  80 training error:  tensor(0.4532, device='cuda:0', grad_fn=<DivBackward0>)
Memory status after this epoch: 
Memory allocated:  78.38720703125
Memory cached:  96.0
	 epoch  90 training error:  tensor(0.4523, device='cuda:0', grad_fn=<DivBackward0>)
Memory status after this epoch: 
Memory allocated:  78.38720703125
Memory cached:  96.0
[I 2023-12-06 11:47:07,003] Trial 10 finished with value: 0.39457982778549194 and parameters: {'W_layers': 7, 'W_layer_units_exponent_0': 4, 'W_layer_units_exponent_1': 4, 'W_layer_units_exponent_2': 8, 'W_layer_units_exponent_3': 6, 'W_layer_units_exponent_4': 10, 'W_layer_units_exponent_5': 10, 'W_layer_units_exponent_6': 4, 'D_layers': 8, 'D_layer_units_exponent_0': 7, 'D_layer_units_exponent_1': 10, 'D_layer_units_exponent_2': 10, 'D_layer_units_exponent_3': 10, 'D_layer_units_exponent_4': 4, 'D_layer_units_exponent_5': 10, 'D_layer_units_exponent_6': 4, 'D_layer_units_exponent_7': 4, 'log_learning_rate': -4.916797259836727, 'log_learning_rate_D': -4.5358884576615255, 'training_batch_size': 12, 'training_p': 3}. Best is trial 3 with value: 0.3470582664012909.
Time for this trial:  16.703805685043335
Memory status after this trial: 
Memory allocated:  116.13330078125
Memory cached:  156.0
--------------------  Trial  11   --------------------
Start timing: 
Parameters: 
{'W_layers': 2, 'W_layer_units_exponent_0': 8, 'W_layer_units_exponent_1': 10, 'D_layers': 4, 'D_layer_units_exponent_0': 10, 'D_layer_units_exponent_1': 10, 'D_layer_units_exponent_2': 5, 'D_layer_units_exponent_3': 7, 'log_learning_rate': -3.561622639504049, 'log_learning_rate_D': -3.8825570567737713, 'training_batch_size': 10, 'training_p': 4}
	 epoch  0 training error:  tensor(1.3686, device='cuda:0', grad_fn=<DivBackward0>)
Memory status after this epoch: 
Memory allocated:  59.51708984375
Memory cached:  96.0
	 epoch  10 training error:  tensor(0.6001, device='cuda:0', grad_fn=<DivBackward0>)
Memory status after this epoch: 
Memory allocated:  59.51708984375
Memory cached:  96.0
	 epoch  20 training error:  tensor(0.5172, device='cuda:0', grad_fn=<DivBackward0>)
Memory status after this epoch: 
Memory allocated:  59.51708984375
Memory cached:  96.0
	 epoch  30 training error:  tensor(0.4547, device='cuda:0', grad_fn=<DivBackward0>)
Memory status after this epoch: 
Memory allocated:  59.51708984375
Memory cached:  96.0
	 epoch  40 training error:  tensor(0.4495, device='cuda:0', grad_fn=<DivBackward0>)
Memory status after this epoch: 
Memory allocated:  59.51708984375
Memory cached:  96.0
	 epoch  50 training error:  tensor(0.4369, device='cuda:0', grad_fn=<DivBackward0>)
Memory status after this epoch: 
Memory allocated:  59.51708984375
Memory cached:  96.0
	 epoch  60 training error:  tensor(0.4308, device='cuda:0', grad_fn=<DivBackward0>)
Memory status after this epoch: 
Memory allocated:  59.51708984375
Memory cached:  96.0
	 epoch  70 training error:  tensor(0.4275, device='cuda:0', grad_fn=<DivBackward0>)
Memory status after this epoch: 
Memory allocated:  59.51708984375
Memory cached:  96.0
	 epoch  80 training error:  tensor(0.4249, device='cuda:0', grad_fn=<DivBackward0>)
Memory status after this epoch: 
Memory allocated:  59.51708984375
Memory cached:  96.0
	 epoch  90 training error:  tensor(0.4230, device='cuda:0', grad_fn=<DivBackward0>)
Memory status after this epoch: 
Memory allocated:  59.51708984375
Memory cached:  96.0
[I 2023-12-06 11:47:23,152] Trial 11 finished with value: 0.3612153232097626 and parameters: {'W_layers': 2, 'W_layer_units_exponent_0': 8, 'W_layer_units_exponent_1': 10, 'D_layers': 4, 'D_layer_units_exponent_0': 10, 'D_layer_units_exponent_1': 10, 'D_layer_units_exponent_2': 5, 'D_layer_units_exponent_3': 7, 'log_learning_rate': -3.561622639504049, 'log_learning_rate_D': -3.8825570567737713, 'training_batch_size': 10, 'training_p': 4}. Best is trial 3 with value: 0.3470582664012909.
Time for this trial:  16.012075662612915
Memory status after this trial: 
Memory allocated:  83.44091796875
Memory cached:  116.0
--------------------  Trial  12   --------------------
Start timing: 
Parameters: 
{'W_layers': 4, 'W_layer_units_exponent_0': 10, 'W_layer_units_exponent_1': 8, 'W_layer_units_exponent_2': 8, 'W_layer_units_exponent_3': 10, 'D_layers': 2, 'D_layer_units_exponent_0': 8, 'D_layer_units_exponent_1': 10, 'log_learning_rate': -2.619499378503085, 'log_learning_rate_D': -3.8666481058073896, 'training_batch_size': 6, 'training_p': 4}
	 epoch  0 training error:  tensor(1.3146, device='cuda:0', grad_fn=<DivBackward0>)
Memory status after this epoch: 
Memory allocated:  61.38525390625
Memory cached:  102.0
	 epoch  10 training error:  tensor(0.9570, device='cuda:0', grad_fn=<DivBackward0>)
Memory status after this epoch: 
Memory allocated:  61.38525390625
Memory cached:  102.0
	 epoch  20 training error:  tensor(0.3993, device='cuda:0', grad_fn=<DivBackward0>)
Memory status after this epoch: 
Memory allocated:  61.38525390625
Memory cached:  102.0
	 epoch  30 training error:  tensor(0.4158, device='cuda:0', grad_fn=<DivBackward0>)
Memory status after this epoch: 
Memory allocated:  61.38525390625
Memory cached:  102.0
	 epoch  40 training error:  tensor(0.3903, device='cuda:0', grad_fn=<DivBackward0>)
Memory status after this epoch: 
Memory allocated:  61.38525390625
Memory cached:  102.0
	 epoch  50 training error:  tensor(0.3844, device='cuda:0', grad_fn=<DivBackward0>)
Memory status after this epoch: 
Memory allocated:  61.38525390625
Memory cached:  102.0
	 epoch  60 training error:  tensor(0.3761, device='cuda:0', grad_fn=<DivBackward0>)
Memory status after this epoch: 
Memory allocated:  61.38525390625
Memory cached:  102.0
	 epoch  70 training error:  tensor(0.3670, device='cuda:0', grad_fn=<DivBackward0>)
Memory status after this epoch: 
Memory allocated:  61.38525390625
Memory cached:  102.0
	 epoch  80 training error:  tensor(0.3779, device='cuda:0', grad_fn=<DivBackward0>)
Memory status after this epoch: 
Memory allocated:  61.38525390625
Memory cached:  102.0
	 epoch  90 training error:  tensor(0.3678, device='cuda:0', grad_fn=<DivBackward0>)
Memory status after this epoch: 
Memory allocated:  61.38525390625
Memory cached:  102.0
[I 2023-12-06 11:47:41,031] Trial 12 finished with value: 0.35215136408805847 and parameters: {'W_layers': 4, 'W_layer_units_exponent_0': 10, 'W_layer_units_exponent_1': 8, 'W_layer_units_exponent_2': 8, 'W_layer_units_exponent_3': 10, 'D_layers': 2, 'D_layer_units_exponent_0': 8, 'D_layer_units_exponent_1': 10, 'log_learning_rate': -2.619499378503085, 'log_learning_rate_D': -3.8666481058073896, 'training_batch_size': 6, 'training_p': 4}. Best is trial 3 with value: 0.3470582664012909.
Time for this trial:  17.703120470046997
Memory status after this trial: 
Memory allocated:  115.35302734375
Memory cached:  158.0
--------------------  Trial  13   --------------------
Start timing: 
Parameters: 
{'W_layers': 2, 'W_layer_units_exponent_0': 8, 'W_layer_units_exponent_1': 6, 'D_layers': 5, 'D_layer_units_exponent_0': 6, 'D_layer_units_exponent_1': 8, 'D_layer_units_exponent_2': 9, 'D_layer_units_exponent_3': 8, 'D_layer_units_exponent_4': 10, 'log_learning_rate': -2.633150700934463, 'log_learning_rate_D': -4.999037908391548, 'training_batch_size': 10, 'training_p': 4}
	 epoch  0 training error:  tensor(1.6393, device='cuda:0', grad_fn=<DivBackward0>)
Memory status after this epoch: 
Memory allocated:  53.65380859375
Memory cached:  96.0
	 epoch  10 training error:  tensor(1.5735, device='cuda:0', grad_fn=<DivBackward0>)
Memory status after this epoch: 
Memory allocated:  53.65380859375
Memory cached:  96.0
	 epoch  20 training error:  tensor(0.6487, device='cuda:0', grad_fn=<DivBackward0>)
Memory status after this epoch: 
Memory allocated:  53.65380859375
Memory cached:  96.0
	 epoch  30 training error:  tensor(0.5832, device='cuda:0', grad_fn=<DivBackward0>)
Memory status after this epoch: 
Memory allocated:  53.65380859375
Memory cached:  96.0
	 epoch  40 training error:  tensor(0.4840, device='cuda:0', grad_fn=<DivBackward0>)
Memory status after this epoch: 
Memory allocated:  53.65380859375
Memory cached:  96.0
	 epoch  50 training error:  tensor(0.4233, device='cuda:0', grad_fn=<DivBackward0>)
Memory status after this epoch: 
Memory allocated:  53.65380859375
Memory cached:  96.0
	 epoch  60 training error:  tensor(0.4032, device='cuda:0', grad_fn=<DivBackward0>)
Memory status after this epoch: 
Memory allocated:  53.65380859375
Memory cached:  96.0
	 epoch  70 training error:  tensor(0.3999, device='cuda:0', grad_fn=<DivBackward0>)
Memory status after this epoch: 
Memory allocated:  53.65380859375
Memory cached:  96.0
	 epoch  80 training error:  tensor(0.3955, device='cuda:0', grad_fn=<DivBackward0>)
Memory status after this epoch: 
Memory allocated:  53.65380859375
Memory cached:  96.0
	 epoch  90 training error:  tensor(0.3926, device='cuda:0', grad_fn=<DivBackward0>)
Memory status after this epoch: 
Memory allocated:  53.65380859375
Memory cached:  96.0
[I 2023-12-06 11:47:56,475] Trial 13 finished with value: 0.3490370512008667 and parameters: {'W_layers': 2, 'W_layer_units_exponent_0': 8, 'W_layer_units_exponent_1': 6, 'D_layers': 5, 'D_layer_units_exponent_0': 6, 'D_layer_units_exponent_1': 8, 'D_layer_units_exponent_2': 9, 'D_layer_units_exponent_3': 8, 'D_layer_units_exponent_4': 10, 'log_learning_rate': -2.633150700934463, 'log_learning_rate_D': -4.999037908391548, 'training_batch_size': 10, 'training_p': 4}. Best is trial 3 with value: 0.3470582664012909.
Time for this trial:  15.289618492126465
Memory status after this trial: 
Memory allocated:  59.20458984375
Memory cached:  96.0
--------------------  Trial  14   --------------------
Start timing: 
Parameters: 
{'W_layers': 4, 'W_layer_units_exponent_0': 9, 'W_layer_units_exponent_1': 8, 'W_layer_units_exponent_2': 9, 'W_layer_units_exponent_3': 7, 'D_layers': 3, 'D_layer_units_exponent_0': 8, 'D_layer_units_exponent_1': 9, 'D_layer_units_exponent_2': 8, 'log_learning_rate': -3.5711334975792477, 'log_learning_rate_D': -3.698358657567602, 'training_batch_size': 10, 'training_p': 3}
	 epoch  0 training error:  tensor(0.9484, device='cuda:0', grad_fn=<DivBackward0>)
Memory status after this epoch: 
Memory allocated:  57.36181640625
Memory cached:  96.0
	 epoch  10 training error:  tensor(0.5307, device='cuda:0', grad_fn=<DivBackward0>)
Memory status after this epoch: 
Memory allocated:  57.36181640625
Memory cached:  96.0
	 epoch  20 training error:  tensor(0.4778, device='cuda:0', grad_fn=<DivBackward0>)
Memory status after this epoch: 
Memory allocated:  57.36181640625
Memory cached:  96.0
	 epoch  30 training error:  tensor(0.4342, device='cuda:0', grad_fn=<DivBackward0>)
Memory status after this epoch: 
Memory allocated:  57.36181640625
Memory cached:  96.0
	 epoch  40 training error:  tensor(0.4266, device='cuda:0', grad_fn=<DivBackward0>)
Memory status after this epoch: 
Memory allocated:  57.36181640625
Memory cached:  96.0
	 epoch  50 training error:  tensor(0.4126, device='cuda:0', grad_fn=<DivBackward0>)
Memory status after this epoch: 
Memory allocated:  57.36181640625
Memory cached:  96.0
	 epoch  60 training error:  tensor(0.4050, device='cuda:0', grad_fn=<DivBackward0>)
Memory status after this epoch: 
Memory allocated:  57.36181640625
Memory cached:  96.0
	 epoch  70 training error:  tensor(0.3997, device='cuda:0', grad_fn=<DivBackward0>)
Memory status after this epoch: 
Memory allocated:  57.36181640625
Memory cached:  96.0
	 epoch  80 training error:  tensor(0.3953, device='cuda:0', grad_fn=<DivBackward0>)
Memory status after this epoch: 
Memory allocated:  57.36181640625
Memory cached:  96.0
	 epoch  90 training error:  tensor(0.3909, device='cuda:0', grad_fn=<DivBackward0>)
Memory status after this epoch: 
Memory allocated:  57.36181640625
Memory cached:  96.0
