[I 2023-12-07 00:05:59,486] Trial 26 finished with value: 0.22439895570278168 and parameters: {'W_layers': 6, 'W_layer_units_exponent_0': 6, 'W_layer_units_exponent_1': 6, 'W_layer_units_exponent_2': 5, 'W_layer_units_exponent_3': 9, 'W_layer_units_exponent_4': 7, 'W_layer_units_exponent_5': 4, 'D_layers': 6, 'D_layer_units_exponent_0': 9, 'D_layer_units_exponent_1': 4, 'D_layer_units_exponent_2': 6, 'D_layer_units_exponent_3': 6, 'D_layer_units_exponent_4': 9, 'D_layer_units_exponent_5': 9, 'D_dagger_layers': 7, 'D_dagger_layer_units_exponent_0': 9, 'D_dagger_layer_units_exponent_1': 5, 'D_dagger_layer_units_exponent_2': 9, 'D_dagger_layer_units_exponent_3': 6, 'D_dagger_layer_units_exponent_4': 8, 'D_dagger_layer_units_exponent_5': 6, 'D_dagger_layer_units_exponent_6': 6, 'log_learning_rate': -3.2647051603635364, 'log_learning_rate_D': -3.330246788669971, 'log_learning_rate_D_dagger': -3.723437400552441, 'training_batch_size': 12, 'training_p': 5}. Best is trial 21 with value: 0.2199297398328781.
Time for this trial:  228.85041308403015
Memory status after this trial: 
Memory allocated:  584.97021484375
Memory cached:  688.0
--------------------  Trial  27   --------------------
Start timing: 
Parameters: 
{'W_layers': 5, 'W_layer_units_exponent_0': 6, 'W_layer_units_exponent_1': 4, 'W_layer_units_exponent_2': 6, 'W_layer_units_exponent_3': 9, 'W_layer_units_exponent_4': 6, 'D_layers': 7, 'D_layer_units_exponent_0': 10, 'D_layer_units_exponent_1': 4, 'D_layer_units_exponent_2': 5, 'D_layer_units_exponent_3': 6, 'D_layer_units_exponent_4': 9, 'D_layer_units_exponent_5': 9, 'D_layer_units_exponent_6': 7, 'D_dagger_layers': 7, 'D_dagger_layer_units_exponent_0': 9, 'D_dagger_layer_units_exponent_1': 5, 'D_dagger_layer_units_exponent_2': 10, 'D_dagger_layer_units_exponent_3': 6, 'D_dagger_layer_units_exponent_4': 8, 'D_dagger_layer_units_exponent_5': 4, 'D_dagger_layer_units_exponent_6': 5, 'log_learning_rate': -3.7232812652935188, 'log_learning_rate_D': -3.409512728005831, 'log_learning_rate_D_dagger': -4.206051934848415, 'training_batch_size': 11, 'training_p': 3}
	 epoch  0 training error:  tensor(0.9632, device='cuda:0', grad_fn=<DivBackward0>)
Memory status after this epoch: 
Memory allocated:  381.25732421875
Memory cached:  680.0
	 epoch  10 training error:  tensor(0.6368, device='cuda:0', grad_fn=<DivBackward0>)
Memory status after this epoch: 
Memory allocated:  381.25732421875
Memory cached:  712.0
	 epoch  20 training error:  tensor(0.5724, device='cuda:0', grad_fn=<DivBackward0>)
Memory status after this epoch: 
Memory allocated:  381.25732421875
Memory cached:  714.0
	 epoch  30 training error:  tensor(0.5235, device='cuda:0', grad_fn=<DivBackward0>)
Memory status after this epoch: 
Memory allocated:  381.25732421875
Memory cached:  712.0
	 epoch  40 training error:  tensor(0.4680, device='cuda:0', grad_fn=<DivBackward0>)
Memory status after this epoch: 
Memory allocated:  381.25732421875
Memory cached:  706.0
	 epoch  50 training error:  tensor(0.4377, device='cuda:0', grad_fn=<DivBackward0>)
Memory status after this epoch: 
Memory allocated:  381.25732421875
Memory cached:  706.0
	 epoch  60 training error:  tensor(0.4117, device='cuda:0', grad_fn=<DivBackward0>)
Memory status after this epoch: 
Memory allocated:  381.25732421875
Memory cached:  710.0
	 epoch  70 training error:  tensor(0.3964, device='cuda:0', grad_fn=<DivBackward0>)
Memory status after this epoch: 
Memory allocated:  381.25732421875
Memory cached:  702.0
	 epoch  80 training error:  tensor(0.3871, device='cuda:0', grad_fn=<DivBackward0>)
Memory status after this epoch: 
Memory allocated:  381.25732421875
Memory cached:  704.0
	 epoch  90 training error:  tensor(0.3762, device='cuda:0', grad_fn=<DivBackward0>)
Memory status after this epoch: 
Memory allocated:  381.25732421875
Memory cached:  706.0
[I 2023-12-07 00:09:57,409] Trial 27 finished with value: 0.3181394338607788 and parameters: {'W_layers': 5, 'W_layer_units_exponent_0': 6, 'W_layer_units_exponent_1': 4, 'W_layer_units_exponent_2': 6, 'W_layer_units_exponent_3': 9, 'W_layer_units_exponent_4': 6, 'D_layers': 7, 'D_layer_units_exponent_0': 10, 'D_layer_units_exponent_1': 4, 'D_layer_units_exponent_2': 5, 'D_layer_units_exponent_3': 6, 'D_layer_units_exponent_4': 9, 'D_layer_units_exponent_5': 9, 'D_layer_units_exponent_6': 7, 'D_dagger_layers': 7, 'D_dagger_layer_units_exponent_0': 9, 'D_dagger_layer_units_exponent_1': 5, 'D_dagger_layer_units_exponent_2': 10, 'D_dagger_layer_units_exponent_3': 6, 'D_dagger_layer_units_exponent_4': 8, 'D_dagger_layer_units_exponent_5': 4, 'D_dagger_layer_units_exponent_6': 5, 'log_learning_rate': -3.7232812652935188, 'log_learning_rate_D': -3.409512728005831, 'log_learning_rate_D_dagger': -4.206051934848415, 'training_batch_size': 11, 'training_p': 3}. Best is trial 21 with value: 0.2199297398328781.
Time for this trial:  237.6233274936676
Memory status after this trial: 
Memory allocated:  638.66796875
Memory cached:  696.0
--------------------  Trial  28   --------------------
Start timing: 
Parameters: 
{'W_layers': 7, 'W_layer_units_exponent_0': 7, 'W_layer_units_exponent_1': 7, 'W_layer_units_exponent_2': 5, 'W_layer_units_exponent_3': 8, 'W_layer_units_exponent_4': 8, 'W_layer_units_exponent_5': 6, 'W_layer_units_exponent_6': 8, 'D_layers': 6, 'D_layer_units_exponent_0': 7, 'D_layer_units_exponent_1': 4, 'D_layer_units_exponent_2': 7, 'D_layer_units_exponent_3': 6, 'D_layer_units_exponent_4': 8, 'D_layer_units_exponent_5': 8, 'D_dagger_layers': 7, 'D_dagger_layer_units_exponent_0': 9, 'D_dagger_layer_units_exponent_1': 5, 'D_dagger_layer_units_exponent_2': 8, 'D_dagger_layer_units_exponent_3': 7, 'D_dagger_layer_units_exponent_4': 7, 'D_dagger_layer_units_exponent_5': 8, 'D_dagger_layer_units_exponent_6': 7, 'log_learning_rate': -2.699152851789789, 'log_learning_rate_D': -3.867493199721057, 'log_learning_rate_D_dagger': -2.8817788322516127, 'training_batch_size': 12, 'training_p': 4}
	 epoch  0 training error:  tensor(1.0096, device='cuda:0', grad_fn=<DivBackward0>)
Memory status after this epoch: 
Memory allocated:  377.82568359375
Memory cached:  694.0
	 epoch  10 training error:  tensor(0.4489, device='cuda:0', grad_fn=<DivBackward0>)
Memory status after this epoch: 
Memory allocated:  377.82568359375
Memory cached:  730.0
	 epoch  20 training error:  tensor(0.4259, device='cuda:0', grad_fn=<DivBackward0>)
Memory status after this epoch: 
Memory allocated:  377.82568359375
Memory cached:  730.0
	 epoch  30 training error:  tensor(0.4062, device='cuda:0', grad_fn=<DivBackward0>)
Memory status after this epoch: 
Memory allocated:  377.82568359375
Memory cached:  722.0
	 epoch  40 training error:  tensor(0.3765, device='cuda:0', grad_fn=<DivBackward0>)
Memory status after this epoch: 
Memory allocated:  377.82568359375
Memory cached:  726.0
	 epoch  50 training error:  tensor(0.3605, device='cuda:0', grad_fn=<DivBackward0>)
Memory status after this epoch: 
Memory allocated:  377.82568359375
Memory cached:  742.0
	 epoch  60 training error:  tensor(0.3504, device='cuda:0', grad_fn=<DivBackward0>)
Memory status after this epoch: 
Memory allocated:  377.82568359375
Memory cached:  732.0
	 epoch  70 training error:  tensor(0.3811, device='cuda:0', grad_fn=<DivBackward0>)
Memory status after this epoch: 
Memory allocated:  377.82568359375
Memory cached:  736.0
	 epoch  80 training error:  tensor(0.3204, device='cuda:0', grad_fn=<DivBackward0>)
Memory status after this epoch: 
Memory allocated:  377.82568359375
Memory cached:  718.0
	 epoch  90 training error:  tensor(0.3064, device='cuda:0', grad_fn=<DivBackward0>)
Memory status after this epoch: 
Memory allocated:  377.82568359375
Memory cached:  724.0
[I 2023-12-07 00:13:49,299] Trial 28 finished with value: 0.2743142545223236 and parameters: {'W_layers': 7, 'W_layer_units_exponent_0': 7, 'W_layer_units_exponent_1': 7, 'W_layer_units_exponent_2': 5, 'W_layer_units_exponent_3': 8, 'W_layer_units_exponent_4': 8, 'W_layer_units_exponent_5': 6, 'W_layer_units_exponent_6': 8, 'D_layers': 6, 'D_layer_units_exponent_0': 7, 'D_layer_units_exponent_1': 4, 'D_layer_units_exponent_2': 7, 'D_layer_units_exponent_3': 6, 'D_layer_units_exponent_4': 8, 'D_layer_units_exponent_5': 8, 'D_dagger_layers': 7, 'D_dagger_layer_units_exponent_0': 9, 'D_dagger_layer_units_exponent_1': 5, 'D_dagger_layer_units_exponent_2': 8, 'D_dagger_layer_units_exponent_3': 7, 'D_dagger_layer_units_exponent_4': 7, 'D_dagger_layer_units_exponent_5': 8, 'D_dagger_layer_units_exponent_6': 7, 'log_learning_rate': -2.699152851789789, 'log_learning_rate_D': -3.867493199721057, 'log_learning_rate_D_dagger': -2.8817788322516127, 'training_batch_size': 12, 'training_p': 4}. Best is trial 21 with value: 0.2199297398328781.
Time for this trial:  231.54544353485107
Memory status after this trial: 
Memory allocated:  552.18408203125
Memory cached:  708.0
--------------------  Trial  29   --------------------
Start timing: 
Parameters: 
{'W_layers': 6, 'W_layer_units_exponent_0': 6, 'W_layer_units_exponent_1': 5, 'W_layer_units_exponent_2': 4, 'W_layer_units_exponent_3': 10, 'W_layer_units_exponent_4': 6, 'W_layer_units_exponent_5': 5, 'D_layers': 5, 'D_layer_units_exponent_0': 9, 'D_layer_units_exponent_1': 6, 'D_layer_units_exponent_2': 6, 'D_layer_units_exponent_3': 8, 'D_layer_units_exponent_4': 9, 'D_dagger_layers': 5, 'D_dagger_layer_units_exponent_0': 8, 'D_dagger_layer_units_exponent_1': 4, 'D_dagger_layer_units_exponent_2': 9, 'D_dagger_layer_units_exponent_3': 6, 'D_dagger_layer_units_exponent_4': 8, 'log_learning_rate': -2.188513760487934, 'log_learning_rate_D': -3.412782683416839, 'log_learning_rate_D_dagger': -3.7718222844129548, 'training_batch_size': 11, 'training_p': 3}
	 epoch  0 training error:  tensor(0.9515, device='cuda:0', grad_fn=<DivBackward0>)
Memory status after this epoch: 
Memory allocated:  377.40771484375
Memory cached:  686.0
	 epoch  10 training error:  tensor(0.5705, device='cuda:0', grad_fn=<DivBackward0>)
Memory status after this epoch: 
Memory allocated:  377.40771484375
Memory cached:  726.0
	 epoch  20 training error:  tensor(0.4886, device='cuda:0', grad_fn=<DivBackward0>)
Memory status after this epoch: 
Memory allocated:  377.40771484375
Memory cached:  724.0
	 epoch  30 training error:  tensor(0.4195, device='cuda:0', grad_fn=<DivBackward0>)
Memory status after this epoch: 
Memory allocated:  377.40771484375
Memory cached:  724.0
	 epoch  40 training error:  tensor(0.3955, device='cuda:0', grad_fn=<DivBackward0>)
Memory status after this epoch: 
Memory allocated:  377.40771484375
Memory cached:  724.0
	 epoch  50 training error:  tensor(0.3840, device='cuda:0', grad_fn=<DivBackward0>)
Memory status after this epoch: 
Memory allocated:  377.40771484375
Memory cached:  724.0
	 epoch  60 training error:  tensor(0.3717, device='cuda:0', grad_fn=<DivBackward0>)
Memory status after this epoch: 
Memory allocated:  377.40771484375
Memory cached:  730.0
	 epoch  70 training error:  tensor(0.3645, device='cuda:0', grad_fn=<DivBackward0>)
Memory status after this epoch: 
Memory allocated:  377.40771484375
Memory cached:  730.0
	 epoch  80 training error:  tensor(0.3577, device='cuda:0', grad_fn=<DivBackward0>)
Memory status after this epoch: 
Memory allocated:  377.40771484375
Memory cached:  732.0
	 epoch  90 training error:  tensor(0.3534, device='cuda:0', grad_fn=<DivBackward0>)
Memory status after this epoch: 
Memory allocated:  377.40771484375
Memory cached:  726.0
[I 2023-12-07 00:17:15,086] Trial 29 finished with value: 0.3105076849460602 and parameters: {'W_layers': 6, 'W_layer_units_exponent_0': 6, 'W_layer_units_exponent_1': 5, 'W_layer_units_exponent_2': 4, 'W_layer_units_exponent_3': 10, 'W_layer_units_exponent_4': 6, 'W_layer_units_exponent_5': 5, 'D_layers': 5, 'D_layer_units_exponent_0': 9, 'D_layer_units_exponent_1': 6, 'D_layer_units_exponent_2': 6, 'D_layer_units_exponent_3': 8, 'D_layer_units_exponent_4': 9, 'D_dagger_layers': 5, 'D_dagger_layer_units_exponent_0': 8, 'D_dagger_layer_units_exponent_1': 4, 'D_dagger_layer_units_exponent_2': 9, 'D_dagger_layer_units_exponent_3': 6, 'D_dagger_layer_units_exponent_4': 8, 'log_learning_rate': -2.188513760487934, 'log_learning_rate_D': -3.412782683416839, 'log_learning_rate_D_dagger': -3.7718222844129548, 'training_batch_size': 11, 'training_p': 3}. Best is trial 21 with value: 0.2199297398328781.
Time for this trial:  205.5176486968994
Memory status after this trial: 
Memory allocated:  568.591796875
Memory cached:  706.0
--------------------  Trial  30   --------------------
Start timing: 
Parameters: 
{'W_layers': 5, 'W_layer_units_exponent_0': 7, 'W_layer_units_exponent_1': 6, 'W_layer_units_exponent_2': 6, 'W_layer_units_exponent_3': 9, 'W_layer_units_exponent_4': 8, 'D_layers': 7, 'D_layer_units_exponent_0': 8, 'D_layer_units_exponent_1': 5, 'D_layer_units_exponent_2': 5, 'D_layer_units_exponent_3': 5, 'D_layer_units_exponent_4': 8, 'D_layer_units_exponent_5': 8, 'D_layer_units_exponent_6': 6, 'D_dagger_layers': 8, 'D_dagger_layer_units_exponent_0': 10, 'D_dagger_layer_units_exponent_1': 7, 'D_dagger_layer_units_exponent_2': 8, 'D_dagger_layer_units_exponent_3': 7, 'D_dagger_layer_units_exponent_4': 9, 'D_dagger_layer_units_exponent_5': 7, 'D_dagger_layer_units_exponent_6': 5, 'D_dagger_layer_units_exponent_7': 10, 'log_learning_rate': -3.11620917481786, 'log_learning_rate_D': -3.504143261719201, 'log_learning_rate_D_dagger': -4.120251240127957, 'training_batch_size': 12, 'training_p': 6}
	 epoch  0 training error:  tensor(1.0470, device='cuda:0', grad_fn=<DivBackward0>)
Memory status after this epoch: 
Memory allocated:  382.16552734375
Memory cached:  668.0
	 epoch  10 training error:  tensor(0.6404, device='cuda:0', grad_fn=<DivBackward0>)
Memory status after this epoch: 
Memory allocated:  382.16552734375
Memory cached:  674.0
	 epoch  20 training error:  tensor(0.5387, device='cuda:0', grad_fn=<DivBackward0>)
Memory status after this epoch: 
Memory allocated:  382.16552734375
Memory cached:  682.0
	 epoch  30 training error:  tensor(0.4715, device='cuda:0', grad_fn=<DivBackward0>)
Memory status after this epoch: 
Memory allocated:  382.16552734375
Memory cached:  670.0
	 epoch  40 training error:  tensor(0.4251, device='cuda:0', grad_fn=<DivBackward0>)
Memory status after this epoch: 
Memory allocated:  382.16552734375
Memory cached:  678.0
	 epoch  50 training error:  tensor(0.4041, device='cuda:0', grad_fn=<DivBackward0>)
Memory status after this epoch: 
Memory allocated:  382.16552734375
Memory cached:  684.0
	 epoch  60 training error:  tensor(0.3811, device='cuda:0', grad_fn=<DivBackward0>)
Memory status after this epoch: 
Memory allocated:  382.16552734375
Memory cached:  674.0
	 epoch  70 training error:  tensor(0.3577, device='cuda:0', grad_fn=<DivBackward0>)
Memory status after this epoch: 
Memory allocated:  382.16552734375
Memory cached:  680.0
	 epoch  80 training error:  tensor(0.3427, device='cuda:0', grad_fn=<DivBackward0>)
Memory status after this epoch: 
Memory allocated:  382.16552734375
Memory cached:  676.0
	 epoch  90 training error:  tensor(0.3326, device='cuda:0', grad_fn=<DivBackward0>)
Memory status after this epoch: 
Memory allocated:  382.16552734375
Memory cached:  684.0
[I 2023-12-07 00:21:22,289] Trial 30 finished with value: 0.29863426089286804 and parameters: {'W_layers': 5, 'W_layer_units_exponent_0': 7, 'W_layer_units_exponent_1': 6, 'W_layer_units_exponent_2': 6, 'W_layer_units_exponent_3': 9, 'W_layer_units_exponent_4': 8, 'D_layers': 7, 'D_layer_units_exponent_0': 8, 'D_layer_units_exponent_1': 5, 'D_layer_units_exponent_2': 5, 'D_layer_units_exponent_3': 5, 'D_layer_units_exponent_4': 8, 'D_layer_units_exponent_5': 8, 'D_layer_units_exponent_6': 6, 'D_dagger_layers': 8, 'D_dagger_layer_units_exponent_0': 10, 'D_dagger_layer_units_exponent_1': 7, 'D_dagger_layer_units_exponent_2': 8, 'D_dagger_layer_units_exponent_3': 7, 'D_dagger_layer_units_exponent_4': 9, 'D_dagger_layer_units_exponent_5': 7, 'D_dagger_layer_units_exponent_6': 5, 'D_dagger_layer_units_exponent_7': 10, 'log_learning_rate': -3.11620917481786, 'log_learning_rate_D': -3.504143261719201, 'log_learning_rate_D_dagger': -4.120251240127957, 'training_batch_size': 12, 'training_p': 6}. Best is trial 21 with value: 0.2199297398328781.
Time for this trial:  246.8737597465515
Memory status after this trial: 
Memory allocated:  643.60498046875
Memory cached:  678.0
--------------------  Trial  31   --------------------
Start timing: 
Parameters: 
{'W_layers': 7, 'W_layer_units_exponent_0': 7, 'W_layer_units_exponent_1': 7, 'W_layer_units_exponent_2': 5, 'W_layer_units_exponent_3': 8, 'W_layer_units_exponent_4': 8, 'W_layer_units_exponent_5': 5, 'W_layer_units_exponent_6': 8, 'D_layers': 6, 'D_layer_units_exponent_0': 6, 'D_layer_units_exponent_1': 4, 'D_layer_units_exponent_2': 7, 'D_layer_units_exponent_3': 6, 'D_layer_units_exponent_4': 8, 'D_layer_units_exponent_5': 8, 'D_dagger_layers': 7, 'D_dagger_layer_units_exponent_0': 9, 'D_dagger_layer_units_exponent_1': 5, 'D_dagger_layer_units_exponent_2': 8, 'D_dagger_layer_units_exponent_3': 7, 'D_dagger_layer_units_exponent_4': 7, 'D_dagger_layer_units_exponent_5': 9, 'D_dagger_layer_units_exponent_6': 7, 'log_learning_rate': -2.670011131681991, 'log_learning_rate_D': -3.8781864647316144, 'log_learning_rate_D_dagger': -3.191307930760209, 'training_batch_size': 12, 'training_p': 4}
	 epoch  0 training error:  tensor(1.0041, device='cuda:0', grad_fn=<DivBackward0>)
Memory status after this epoch: 
Memory allocated:  378.56396484375
Memory cached:  692.0
	 epoch  10 training error:  tensor(0.4677, device='cuda:0', grad_fn=<DivBackward0>)
Memory status after this epoch: 
Memory allocated:  378.56396484375
Memory cached:  736.0
	 epoch  20 training error:  tensor(0.4645, device='cuda:0', grad_fn=<DivBackward0>)
Memory status after this epoch: 
Memory allocated:  378.56396484375
Memory cached:  740.0
	 epoch  30 training error:  tensor(0.4196, device='cuda:0', grad_fn=<DivBackward0>)
Memory status after this epoch: 
Memory allocated:  378.56396484375
Memory cached:  732.0
	 epoch  40 training error:  tensor(0.4065, device='cuda:0', grad_fn=<DivBackward0>)
Memory status after this epoch: 
Memory allocated:  378.56396484375
Memory cached:  730.0
	 epoch  50 training error:  tensor(0.3905, device='cuda:0', grad_fn=<DivBackward0>)
Memory status after this epoch: 
Memory allocated:  378.56396484375
Memory cached:  736.0
	 epoch  60 training error:  tensor(0.3662, device='cuda:0', grad_fn=<DivBackward0>)
Memory status after this epoch: 
Memory allocated:  378.56396484375
Memory cached:  738.0
	 epoch  70 training error:  tensor(0.3568, device='cuda:0', grad_fn=<DivBackward0>)
Memory status after this epoch: 
Memory allocated:  378.56396484375
Memory cached:  736.0
	 epoch  80 training error:  tensor(0.3354, device='cuda:0', grad_fn=<DivBackward0>)
Memory status after this epoch: 
Memory allocated:  378.56396484375
Memory cached:  740.0
	 epoch  90 training error:  tensor(0.3125, device='cuda:0', grad_fn=<DivBackward0>)
Memory status after this epoch: 
Memory allocated:  378.56396484375
Memory cached:  736.0
