[I 2024-01-12 23:52:07,287] Trial 77 finished with value: 0.3528785705566406 and parameters: {'W_layers': 2, 'W_layer_units_exponent_0': 4, 'W_layer_units_exponent_1': 5, 'D_layers': 6, 'D_layer_units_exponent_0': 4, 'D_layer_units_exponent_1': 4, 'D_layer_units_exponent_2': 6, 'D_layer_units_exponent_3': 9, 'D_layer_units_exponent_4': 10, 'D_layer_units_exponent_5': 9, 'D_dagger_layers': 2, 'D_dagger_layer_units_exponent_0': 10, 'D_dagger_layer_units_exponent_1': 10, 'log_learning_rate': -4.687296632926456, 'log_learning_rate_D': -3.580701127283114, 'log_learning_rate_D_dagger': -3.3537684204360194, 'training_batch_size': 6, 'training_p': 6}. Best is trial 52 with value: 0.08323463052511215.
Time for this trial:  397.8622896671295
Memory status after this trial: 
Memory allocated:  761.3935546875
Memory cached:  764.0
--------------------  Trial  78   --------------------
Start timing: 
Parameters: 
{'W_layers': 3, 'W_layer_units_exponent_0': 6, 'W_layer_units_exponent_1': 4, 'W_layer_units_exponent_2': 7, 'D_layers': 4, 'D_layer_units_exponent_0': 4, 'D_layer_units_exponent_1': 5, 'D_layer_units_exponent_2': 6, 'D_layer_units_exponent_3': 9, 'D_dagger_layers': 3, 'D_dagger_layer_units_exponent_0': 10, 'D_dagger_layer_units_exponent_1': 10, 'D_dagger_layer_units_exponent_2': 6, 'log_learning_rate': -4.252354040412539, 'log_learning_rate_D': -3.26311937429555, 'log_learning_rate_D_dagger': -3.5853188419360267, 'training_batch_size': 7, 'training_p': 5}
	 epoch  0 training error:  tensor(0.9999, device='cuda:0', grad_fn=<DivBackward0>)
Memory status after this epoch: 
Memory allocated:  335.6142578125
Memory cached:  614.0
	 epoch  10 training error:  tensor(0.5029, device='cuda:0', grad_fn=<DivBackward0>)
Memory status after this epoch: 
Memory allocated:  335.6142578125
Memory cached:  622.0
	 epoch  20 training error:  tensor(0.4749, device='cuda:0', grad_fn=<DivBackward0>)
Memory status after this epoch: 
Memory allocated:  335.6142578125
Memory cached:  616.0
	 epoch  30 training error:  tensor(0.4652, device='cuda:0', grad_fn=<DivBackward0>)
Memory status after this epoch: 
Memory allocated:  335.6142578125
Memory cached:  622.0
	 epoch  40 training error:  tensor(0.4632, device='cuda:0', grad_fn=<DivBackward0>)
Memory status after this epoch: 
Memory allocated:  335.6142578125
Memory cached:  616.0
	 epoch  50 training error:  tensor(0.4623, device='cuda:0', grad_fn=<DivBackward0>)
Memory status after this epoch: 
Memory allocated:  335.6142578125
Memory cached:  620.0
	 epoch  60 training error:  tensor(0.4463, device='cuda:0', grad_fn=<DivBackward0>)
Memory status after this epoch: 
Memory allocated:  335.6142578125
Memory cached:  624.0
	 epoch  70 training error:  tensor(0.3796, device='cuda:0', grad_fn=<DivBackward0>)
Memory status after this epoch: 
Memory allocated:  335.6142578125
Memory cached:  624.0
	 epoch  80 training error:  tensor(0.3406, device='cuda:0', grad_fn=<DivBackward0>)
Memory status after this epoch: 
Memory allocated:  335.6142578125
Memory cached:  622.0
	 epoch  90 training error:  tensor(0.2635, device='cuda:0', grad_fn=<DivBackward0>)
Memory status after this epoch: 
Memory allocated:  335.6142578125
Memory cached:  624.0
[I 2024-01-12 23:56:51,294] Trial 78 finished with value: 0.18971258401870728 and parameters: {'W_layers': 3, 'W_layer_units_exponent_0': 6, 'W_layer_units_exponent_1': 4, 'W_layer_units_exponent_2': 7, 'D_layers': 4, 'D_layer_units_exponent_0': 4, 'D_layer_units_exponent_1': 5, 'D_layer_units_exponent_2': 6, 'D_layer_units_exponent_3': 9, 'D_dagger_layers': 3, 'D_dagger_layer_units_exponent_0': 10, 'D_dagger_layer_units_exponent_1': 10, 'D_dagger_layer_units_exponent_2': 6, 'log_learning_rate': -4.252354040412539, 'log_learning_rate_D': -3.26311937429555, 'log_learning_rate_D_dagger': -3.5853188419360267, 'training_batch_size': 7, 'training_p': 5}. Best is trial 52 with value: 0.08323463052511215.
Time for this trial:  283.6419496536255
Memory status after this trial: 
Memory allocated:  630.23583984375
Memory cached:  640.0
--------------------  Trial  79   --------------------
Start timing: 
Parameters: 
{'W_layers': 2, 'W_layer_units_exponent_0': 6, 'W_layer_units_exponent_1': 4, 'D_layers': 5, 'D_layer_units_exponent_0': 5, 'D_layer_units_exponent_1': 5, 'D_layer_units_exponent_2': 6, 'D_layer_units_exponent_3': 8, 'D_layer_units_exponent_4': 7, 'D_dagger_layers': 3, 'D_dagger_layer_units_exponent_0': 9, 'D_dagger_layer_units_exponent_1': 9, 'D_dagger_layer_units_exponent_2': 7, 'log_learning_rate': -4.433956197955291, 'log_learning_rate_D': -3.1609193070891655, 'log_learning_rate_D_dagger': -2.9127511696427426, 'training_batch_size': 6, 'training_p': 6}
	 epoch  0 training error:  tensor(1.0188, device='cuda:0', grad_fn=<DivBackward0>)
Memory status after this epoch: 
Memory allocated:  323.849609375
Memory cached:  614.0
	 epoch  10 training error:  tensor(0.5039, device='cuda:0', grad_fn=<DivBackward0>)
Memory status after this epoch: 
Memory allocated:  323.849609375
Memory cached:  618.0
	 epoch  20 training error:  tensor(0.4908, device='cuda:0', grad_fn=<DivBackward0>)
Memory status after this epoch: 
Memory allocated:  323.849609375
Memory cached:  616.0
	 epoch  30 training error:  tensor(0.4787, device='cuda:0', grad_fn=<DivBackward0>)
Memory status after this epoch: 
Memory allocated:  323.849609375
Memory cached:  616.0
	 epoch  40 training error:  tensor(0.4010, device='cuda:0', grad_fn=<DivBackward0>)
Memory status after this epoch: 
Memory allocated:  323.849609375
Memory cached:  614.0
	 epoch  50 training error:  tensor(0.2810, device='cuda:0', grad_fn=<DivBackward0>)
Memory status after this epoch: 
Memory allocated:  323.849609375
Memory cached:  614.0
	 epoch  60 training error:  tensor(0.2709, device='cuda:0', grad_fn=<DivBackward0>)
Memory status after this epoch: 
Memory allocated:  323.849609375
Memory cached:  616.0
	 epoch  70 training error:  tensor(0.2296, device='cuda:0', grad_fn=<DivBackward0>)
Memory status after this epoch: 
Memory allocated:  323.849609375
Memory cached:  614.0
	 epoch  80 training error:  tensor(0.1919, device='cuda:0', grad_fn=<DivBackward0>)
Memory status after this epoch: 
Memory allocated:  323.849609375
Memory cached:  616.0
	 epoch  90 training error:  tensor(0.2045, device='cuda:0', grad_fn=<DivBackward0>)
Memory status after this epoch: 
Memory allocated:  323.849609375
Memory cached:  614.0
[I 2024-01-13 00:03:16,084] Trial 79 finished with value: 0.08684605360031128 and parameters: {'W_layers': 2, 'W_layer_units_exponent_0': 6, 'W_layer_units_exponent_1': 4, 'D_layers': 5, 'D_layer_units_exponent_0': 5, 'D_layer_units_exponent_1': 5, 'D_layer_units_exponent_2': 6, 'D_layer_units_exponent_3': 8, 'D_layer_units_exponent_4': 7, 'D_dagger_layers': 3, 'D_dagger_layer_units_exponent_0': 9, 'D_dagger_layer_units_exponent_1': 9, 'D_dagger_layer_units_exponent_2': 7, 'log_learning_rate': -4.433956197955291, 'log_learning_rate_D': -3.1609193070891655, 'log_learning_rate_D_dagger': -2.9127511696427426, 'training_batch_size': 6, 'training_p': 6}. Best is trial 52 with value: 0.08323463052511215.
Time for this trial:  384.40260124206543
Memory status after this trial: 
Memory allocated:  502.857421875
Memory cached:  616.0
--------------------  Trial  80   --------------------
Start timing: 
Parameters: 
{'W_layers': 3, 'W_layer_units_exponent_0': 6, 'W_layer_units_exponent_1': 4, 'W_layer_units_exponent_2': 6, 'D_layers': 6, 'D_layer_units_exponent_0': 5, 'D_layer_units_exponent_1': 5, 'D_layer_units_exponent_2': 7, 'D_layer_units_exponent_3': 7, 'D_layer_units_exponent_4': 7, 'D_layer_units_exponent_5': 10, 'D_dagger_layers': 4, 'D_dagger_layer_units_exponent_0': 8, 'D_dagger_layer_units_exponent_1': 8, 'D_dagger_layer_units_exponent_2': 8, 'D_dagger_layer_units_exponent_3': 4, 'log_learning_rate': -4.760486510537287, 'log_learning_rate_D': -3.4591875417468225, 'log_learning_rate_D_dagger': -2.8833272935092853, 'training_batch_size': 7, 'training_p': 5}
	 epoch  0 training error:  tensor(0.8975, device='cuda:0', grad_fn=<DivBackward0>)
Memory status after this epoch: 
Memory allocated:  322.6767578125
Memory cached:  612.0
	 epoch  10 training error:  tensor(0.4882, device='cuda:0', grad_fn=<DivBackward0>)
Memory status after this epoch: 
Memory allocated:  322.6767578125
Memory cached:  616.0
	 epoch  20 training error:  tensor(0.4828, device='cuda:0', grad_fn=<DivBackward0>)
Memory status after this epoch: 
Memory allocated:  322.6767578125
Memory cached:  616.0
	 epoch  30 training error:  tensor(0.4620, device='cuda:0', grad_fn=<DivBackward0>)
Memory status after this epoch: 
Memory allocated:  322.6767578125
Memory cached:  616.0
	 epoch  40 training error:  tensor(0.4595, device='cuda:0', grad_fn=<DivBackward0>)
Memory status after this epoch: 
Memory allocated:  322.6767578125
Memory cached:  614.0
	 epoch  50 training error:  tensor(0.4515, device='cuda:0', grad_fn=<DivBackward0>)
Memory status after this epoch: 
Memory allocated:  322.6767578125
Memory cached:  616.0
	 epoch  60 training error:  tensor(0.2816, device='cuda:0', grad_fn=<DivBackward0>)
Memory status after this epoch: 
Memory allocated:  322.6767578125
Memory cached:  616.0
	 epoch  70 training error:  tensor(0.2755, device='cuda:0', grad_fn=<DivBackward0>)
Memory status after this epoch: 
Memory allocated:  322.6767578125
Memory cached:  614.0
	 epoch  80 training error:  tensor(0.2602, device='cuda:0', grad_fn=<DivBackward0>)
Memory status after this epoch: 
Memory allocated:  322.6767578125
Memory cached:  618.0
	 epoch  90 training error:  tensor(0.2186, device='cuda:0', grad_fn=<DivBackward0>)
Memory status after this epoch: 
Memory allocated:  322.6767578125
Memory cached:  616.0
[I 2024-01-13 00:08:42,043] Trial 80 finished with value: 0.15610599517822266 and parameters: {'W_layers': 3, 'W_layer_units_exponent_0': 6, 'W_layer_units_exponent_1': 4, 'W_layer_units_exponent_2': 6, 'D_layers': 6, 'D_layer_units_exponent_0': 5, 'D_layer_units_exponent_1': 5, 'D_layer_units_exponent_2': 7, 'D_layer_units_exponent_3': 7, 'D_layer_units_exponent_4': 7, 'D_layer_units_exponent_5': 10, 'D_dagger_layers': 4, 'D_dagger_layer_units_exponent_0': 8, 'D_dagger_layer_units_exponent_1': 8, 'D_dagger_layer_units_exponent_2': 8, 'D_dagger_layer_units_exponent_3': 4, 'log_learning_rate': -4.760486510537287, 'log_learning_rate_D': -3.4591875417468225, 'log_learning_rate_D_dagger': -2.8833272935092853, 'training_batch_size': 7, 'training_p': 5}. Best is trial 52 with value: 0.08323463052511215.
Time for this trial:  325.51903557777405
Memory status after this trial: 
Memory allocated:  558.73046875
Memory cached:  612.0
--------------------  Trial  81   --------------------
Start timing: 
Parameters: 
{'W_layers': 2, 'W_layer_units_exponent_0': 6, 'W_layer_units_exponent_1': 4, 'D_layers': 5, 'D_layer_units_exponent_0': 4, 'D_layer_units_exponent_1': 5, 'D_layer_units_exponent_2': 6, 'D_layer_units_exponent_3': 8, 'D_layer_units_exponent_4': 6, 'D_dagger_layers': 3, 'D_dagger_layer_units_exponent_0': 9, 'D_dagger_layer_units_exponent_1': 10, 'D_dagger_layer_units_exponent_2': 7, 'log_learning_rate': -4.459822750330864, 'log_learning_rate_D': -3.197183861485203, 'log_learning_rate_D_dagger': -3.0669736594428625, 'training_batch_size': 6, 'training_p': 6}
	 epoch  0 training error:  tensor(1.0522, device='cuda:0', grad_fn=<DivBackward0>)
Memory status after this epoch: 
Memory allocated:  328.599609375
Memory cached:  614.0
	 epoch  10 training error:  tensor(0.5077, device='cuda:0', grad_fn=<DivBackward0>)
Memory status after this epoch: 
Memory allocated:  328.599609375
Memory cached:  614.0
	 epoch  20 training error:  tensor(0.5149, device='cuda:0', grad_fn=<DivBackward0>)
Memory status after this epoch: 
Memory allocated:  328.599609375
Memory cached:  612.0
	 epoch  30 training error:  tensor(0.4874, device='cuda:0', grad_fn=<DivBackward0>)
Memory status after this epoch: 
Memory allocated:  328.599609375
Memory cached:  614.0
	 epoch  40 training error:  tensor(0.4966, device='cuda:0', grad_fn=<DivBackward0>)
Memory status after this epoch: 
Memory allocated:  328.599609375
Memory cached:  614.0
	 epoch  50 training error:  tensor(0.3262, device='cuda:0', grad_fn=<DivBackward0>)
Memory status after this epoch: 
Memory allocated:  328.599609375
Memory cached:  614.0
	 epoch  60 training error:  tensor(0.2864, device='cuda:0', grad_fn=<DivBackward0>)
Memory status after this epoch: 
Memory allocated:  328.599609375
Memory cached:  612.0
	 epoch  70 training error:  tensor(0.2930, device='cuda:0', grad_fn=<DivBackward0>)
Memory status after this epoch: 
Memory allocated:  328.599609375
Memory cached:  612.0
	 epoch  80 training error:  tensor(0.2249, device='cuda:0', grad_fn=<DivBackward0>)
Memory status after this epoch: 
Memory allocated:  328.599609375
Memory cached:  612.0
	 epoch  90 training error:  tensor(0.1900, device='cuda:0', grad_fn=<DivBackward0>)
Memory status after this epoch: 
Memory allocated:  328.599609375
Memory cached:  614.0
[I 2024-01-13 00:15:07,840] Trial 81 finished with value: 0.1335248202085495 and parameters: {'W_layers': 2, 'W_layer_units_exponent_0': 6, 'W_layer_units_exponent_1': 4, 'D_layers': 5, 'D_layer_units_exponent_0': 4, 'D_layer_units_exponent_1': 5, 'D_layer_units_exponent_2': 6, 'D_layer_units_exponent_3': 8, 'D_layer_units_exponent_4': 6, 'D_dagger_layers': 3, 'D_dagger_layer_units_exponent_0': 9, 'D_dagger_layer_units_exponent_1': 10, 'D_dagger_layer_units_exponent_2': 7, 'log_learning_rate': -4.459822750330864, 'log_learning_rate_D': -3.197183861485203, 'log_learning_rate_D_dagger': -3.0669736594428625, 'training_batch_size': 6, 'training_p': 6}. Best is trial 52 with value: 0.08323463052511215.
Time for this trial:  385.368581533432
Memory status after this trial: 
Memory allocated:  552.42724609375
Memory cached:  612.0
--------------------  Trial  82   --------------------
Start timing: 
Parameters: 
{'W_layers': 2, 'W_layer_units_exponent_0': 6, 'W_layer_units_exponent_1': 4, 'D_layers': 5, 'D_layer_units_exponent_0': 4, 'D_layer_units_exponent_1': 5, 'D_layer_units_exponent_2': 6, 'D_layer_units_exponent_3': 8, 'D_layer_units_exponent_4': 6, 'D_dagger_layers': 3, 'D_dagger_layer_units_exponent_0': 9, 'D_dagger_layer_units_exponent_1': 9, 'D_dagger_layer_units_exponent_2': 7, 'log_learning_rate': -4.432383014939876, 'log_learning_rate_D': -3.1467547588718054, 'log_learning_rate_D_dagger': -3.1223828761994454, 'training_batch_size': 6, 'training_p': 6}
	 epoch  0 training error:  tensor(0.7899, device='cuda:0', grad_fn=<DivBackward0>)
Memory status after this epoch: 
Memory allocated:  323.591796875
Memory cached:  612.0
	 epoch  10 training error:  tensor(0.5003, device='cuda:0', grad_fn=<DivBackward0>)
Memory status after this epoch: 
Memory allocated:  323.591796875
Memory cached:  612.0
	 epoch  20 training error:  tensor(0.4898, device='cuda:0', grad_fn=<DivBackward0>)
Memory status after this epoch: 
Memory allocated:  323.591796875
Memory cached:  612.0
	 epoch  30 training error:  tensor(0.4651, device='cuda:0', grad_fn=<DivBackward0>)
Memory status after this epoch: 
Memory allocated:  323.591796875
Memory cached:  612.0
	 epoch  40 training error:  tensor(0.2811, device='cuda:0', grad_fn=<DivBackward0>)
Memory status after this epoch: 
Memory allocated:  323.591796875
Memory cached:  612.0
	 epoch  50 training error:  tensor(0.2526, device='cuda:0', grad_fn=<DivBackward0>)
Memory status after this epoch: 
Memory allocated:  323.591796875
Memory cached:  612.0
	 epoch  60 training error:  tensor(0.2930, device='cuda:0', grad_fn=<DivBackward0>)
Memory status after this epoch: 
Memory allocated:  323.591796875
Memory cached:  612.0
	 epoch  70 training error:  tensor(0.1841, device='cuda:0', grad_fn=<DivBackward0>)
Memory status after this epoch: 
Memory allocated:  323.591796875
Memory cached:  612.0
	 epoch  80 training error:  tensor(0.1600, device='cuda:0', grad_fn=<DivBackward0>)
Memory status after this epoch: 
Memory allocated:  323.591796875
Memory cached:  612.0
	 epoch  90 training error:  tensor(0.1403, device='cuda:0', grad_fn=<DivBackward0>)
Memory status after this epoch: 
Memory allocated:  323.591796875
Memory cached:  612.0
[I 2024-01-13 00:21:31,413] Trial 82 finished with value: 0.11708030849695206 and parameters: {'W_layers': 2, 'W_layer_units_exponent_0': 6, 'W_layer_units_exponent_1': 4, 'D_layers': 5, 'D_layer_units_exponent_0': 4, 'D_layer_units_exponent_1': 5, 'D_layer_units_exponent_2': 6, 'D_layer_units_exponent_3': 8, 'D_layer_units_exponent_4': 6, 'D_dagger_layers': 3, 'D_dagger_layer_units_exponent_0': 9, 'D_dagger_layer_units_exponent_1': 9, 'D_dagger_layer_units_exponent_2': 7, 'log_learning_rate': -4.432383014939876, 'log_learning_rate_D': -3.1467547588718054, 'log_learning_rate_D_dagger': -3.1223828761994454, 'training_batch_size': 6, 'training_p': 6}. Best is trial 52 with value: 0.08323463052511215.
Time for this trial:  383.14350962638855
Memory status after this trial: 
Memory allocated:  495.23583984375
Memory cached:  612.0
--------------------  Trial  83   --------------------
Start timing: 
Parameters: 
{'W_layers': 2, 'W_layer_units_exponent_0': 6, 'W_layer_units_exponent_1': 4, 'D_layers': 5, 'D_layer_units_exponent_0': 4, 'D_layer_units_exponent_1': 5, 'D_layer_units_exponent_2': 6, 'D_layer_units_exponent_3': 8, 'D_layer_units_exponent_4': 6, 'D_dagger_layers': 3, 'D_dagger_layer_units_exponent_0': 9, 'D_dagger_layer_units_exponent_1': 9, 'D_dagger_layer_units_exponent_2': 7, 'log_learning_rate': -4.627762658634195, 'log_learning_rate_D': -3.1196836233744714, 'log_learning_rate_D_dagger': -3.173400038617722, 'training_batch_size': 6, 'training_p': 6}
	 epoch  0 training error:  tensor(0.7889, device='cuda:0', grad_fn=<DivBackward0>)
Memory status after this epoch: 
Memory allocated:  323.591796875
Memory cached:  612.0
	 epoch  10 training error:  tensor(0.5138, device='cuda:0', grad_fn=<DivBackward0>)
Memory status after this epoch: 
Memory allocated:  323.591796875
Memory cached:  612.0
	 epoch  20 training error:  tensor(0.4923, device='cuda:0', grad_fn=<DivBackward0>)
Memory status after this epoch: 
Memory allocated:  323.591796875
Memory cached:  612.0
	 epoch  30 training error:  tensor(0.4824, device='cuda:0', grad_fn=<DivBackward0>)
Memory status after this epoch: 
Memory allocated:  323.591796875
Memory cached:  612.0
	 epoch  40 training error:  tensor(0.4230, device='cuda:0', grad_fn=<DivBackward0>)
Memory status after this epoch: 
Memory allocated:  323.591796875
Memory cached:  612.0
	 epoch  50 training error:  tensor(0.3387, device='cuda:0', grad_fn=<DivBackward0>)
Memory status after this epoch: 
Memory allocated:  323.591796875
Memory cached:  612.0
	 epoch  60 training error:  tensor(0.2768, device='cuda:0', grad_fn=<DivBackward0>)
Memory status after this epoch: 
Memory allocated:  323.591796875
Memory cached:  612.0
	 epoch  70 training error:  tensor(0.2144, device='cuda:0', grad_fn=<DivBackward0>)
Memory status after this epoch: 
Memory allocated:  323.591796875
Memory cached:  612.0
	 epoch  80 training error:  tensor(0.2109, device='cuda:0', grad_fn=<DivBackward0>)
Memory status after this epoch: 
Memory allocated:  323.591796875
Memory cached:  612.0
	 epoch  90 training error:  tensor(0.1494, device='cuda:0', grad_fn=<DivBackward0>)
Memory status after this epoch: 
Memory allocated:  323.591796875
Memory cached:  612.0
