[I 2024-01-01 13:15:21,758] Trial 237 finished with value: 0.15588179230690002 and parameters: {'W_layers': 5, 'W_layer_units_exponent_0': 8, 'W_layer_units_exponent_1': 10, 'W_layer_units_exponent_2': 6, 'W_layer_units_exponent_3': 5, 'W_layer_units_exponent_4': 5, 'D_layers': 5, 'D_layer_units_exponent_0': 7, 'D_layer_units_exponent_1': 9, 'D_layer_units_exponent_2': 10, 'D_layer_units_exponent_3': 8, 'D_layer_units_exponent_4': 5, 'D_dagger_layers': 3, 'D_dagger_layer_units_exponent_0': 9, 'D_dagger_layer_units_exponent_1': 7, 'D_dagger_layer_units_exponent_2': 5, 'log_learning_rate': -2.4985103170502443, 'log_learning_rate_D': -3.4904400667998217, 'log_learning_rate_D_dagger': -2.3615780234340873, 'training_batch_size': 6, 'training_p': 7}. Best is trial 220 with value: 0.11745021492242813.
Time for this trial:  324.0217168331146
Memory status after this trial: 
Memory allocated:  425.8056640625
Memory cached:  448.0
--------------------  Trial  238   --------------------
Start timing: 
Parameters: 
{'W_layers': 5, 'W_layer_units_exponent_0': 8, 'W_layer_units_exponent_1': 10, 'W_layer_units_exponent_2': 6, 'W_layer_units_exponent_3': 6, 'W_layer_units_exponent_4': 5, 'D_layers': 5, 'D_layer_units_exponent_0': 4, 'D_layer_units_exponent_1': 9, 'D_layer_units_exponent_2': 10, 'D_layer_units_exponent_3': 8, 'D_layer_units_exponent_4': 5, 'D_dagger_layers': 3, 'D_dagger_layer_units_exponent_0': 9, 'D_dagger_layer_units_exponent_1': 7, 'D_dagger_layer_units_exponent_2': 5, 'log_learning_rate': -2.1638131162969914, 'log_learning_rate_D': -2.584731377852595, 'log_learning_rate_D_dagger': -2.5050381202198397, 'training_batch_size': 6, 'training_p': 7}
	 epoch  0 training error:  tensor(1.9401, device='cuda:0', grad_fn=<DivBackward0>)
Memory status after this epoch: 
Memory allocated:  220.76611328125
Memory cached:  410.0
	 epoch  10 training error:  tensor(0.6059, device='cuda:0', grad_fn=<DivBackward0>)
Memory status after this epoch: 
Memory allocated:  220.76611328125
Memory cached:  436.0
	 epoch  20 training error:  tensor(0.5904, device='cuda:0', grad_fn=<DivBackward0>)
Memory status after this epoch: 
Memory allocated:  220.76611328125
Memory cached:  450.0
	 epoch  30 training error:  tensor(0.5595, device='cuda:0', grad_fn=<DivBackward0>)
Memory status after this epoch: 
Memory allocated:  220.76611328125
Memory cached:  452.0
	 epoch  40 training error:  tensor(0.5315, device='cuda:0', grad_fn=<DivBackward0>)
Memory status after this epoch: 
Memory allocated:  220.76611328125
Memory cached:  456.0
	 epoch  50 training error:  tensor(0.5304, device='cuda:0', grad_fn=<DivBackward0>)
Memory status after this epoch: 
Memory allocated:  220.76611328125
Memory cached:  446.0
	 epoch  60 training error:  tensor(0.5773, device='cuda:0', grad_fn=<DivBackward0>)
Memory status after this epoch: 
Memory allocated:  220.76611328125
Memory cached:  446.0
	 epoch  70 training error:  tensor(0.5613, device='cuda:0', grad_fn=<DivBackward0>)
Memory status after this epoch: 
Memory allocated:  220.76611328125
Memory cached:  442.0
	 epoch  80 training error:  tensor(0.5576, device='cuda:0', grad_fn=<DivBackward0>)
Memory status after this epoch: 
Memory allocated:  220.76611328125
Memory cached:  440.0
	 epoch  90 training error:  tensor(0.5477, device='cuda:0', grad_fn=<DivBackward0>)
Memory status after this epoch: 
Memory allocated:  220.76611328125
Memory cached:  436.0
[I 2024-01-01 13:20:43,346] Trial 238 finished with value: 0.466572105884552 and parameters: {'W_layers': 5, 'W_layer_units_exponent_0': 8, 'W_layer_units_exponent_1': 10, 'W_layer_units_exponent_2': 6, 'W_layer_units_exponent_3': 6, 'W_layer_units_exponent_4': 5, 'D_layers': 5, 'D_layer_units_exponent_0': 4, 'D_layer_units_exponent_1': 9, 'D_layer_units_exponent_2': 10, 'D_layer_units_exponent_3': 8, 'D_layer_units_exponent_4': 5, 'D_dagger_layers': 3, 'D_dagger_layer_units_exponent_0': 9, 'D_dagger_layer_units_exponent_1': 7, 'D_dagger_layer_units_exponent_2': 5, 'log_learning_rate': -2.1638131162969914, 'log_learning_rate_D': -2.584731377852595, 'log_learning_rate_D_dagger': -2.5050381202198397, 'training_batch_size': 6, 'training_p': 7}. Best is trial 220 with value: 0.11745021492242813.
Time for this trial:  321.1695234775543
Memory status after this trial: 
Memory allocated:  421.34814453125
Memory cached:  444.0
--------------------  Trial  239   --------------------
Start timing: 
Parameters: 
{'W_layers': 5, 'W_layer_units_exponent_0': 8, 'W_layer_units_exponent_1': 10, 'W_layer_units_exponent_2': 6, 'W_layer_units_exponent_3': 8, 'W_layer_units_exponent_4': 5, 'D_layers': 5, 'D_layer_units_exponent_0': 7, 'D_layer_units_exponent_1': 9, 'D_layer_units_exponent_2': 10, 'D_layer_units_exponent_3': 8, 'D_layer_units_exponent_4': 4, 'D_dagger_layers': 3, 'D_dagger_layer_units_exponent_0': 9, 'D_dagger_layer_units_exponent_1': 7, 'D_dagger_layer_units_exponent_2': 5, 'log_learning_rate': -2.594482988755403, 'log_learning_rate_D': -3.781130512596668, 'log_learning_rate_D_dagger': -2.25092160357588, 'training_batch_size': 6, 'training_p': 7}
	 epoch  0 training error:  tensor(1.4080, device='cuda:0', grad_fn=<DivBackward0>)
Memory status after this epoch: 
Memory allocated:  221.86181640625
Memory cached:  406.0
	 epoch  10 training error:  tensor(0.6146, device='cuda:0', grad_fn=<DivBackward0>)
Memory status after this epoch: 
Memory allocated:  221.86181640625
Memory cached:  440.0
	 epoch  20 training error:  tensor(0.6031, device='cuda:0', grad_fn=<DivBackward0>)
Memory status after this epoch: 
Memory allocated:  221.86181640625
Memory cached:  426.0
	 epoch  30 training error:  tensor(0.5418, device='cuda:0', grad_fn=<DivBackward0>)
Memory status after this epoch: 
Memory allocated:  221.86181640625
Memory cached:  426.0
	 epoch  40 training error:  tensor(0.5353, device='cuda:0', grad_fn=<DivBackward0>)
Memory status after this epoch: 
Memory allocated:  221.86181640625
Memory cached:  418.0
	 epoch  50 training error:  tensor(0.5486, device='cuda:0', grad_fn=<DivBackward0>)
Memory status after this epoch: 
Memory allocated:  221.86181640625
Memory cached:  414.0
	 epoch  60 training error:  tensor(0.5471, device='cuda:0', grad_fn=<DivBackward0>)
Memory status after this epoch: 
Memory allocated:  221.86181640625
Memory cached:  412.0
	 epoch  70 training error:  tensor(0.5306, device='cuda:0', grad_fn=<DivBackward0>)
Memory status after this epoch: 
Memory allocated:  221.86181640625
Memory cached:  412.0
	 epoch  80 training error:  tensor(0.5371, device='cuda:0', grad_fn=<DivBackward0>)
Memory status after this epoch: 
Memory allocated:  221.86181640625
Memory cached:  414.0
	 epoch  90 training error:  tensor(0.5253, device='cuda:0', grad_fn=<DivBackward0>)
Memory status after this epoch: 
Memory allocated:  221.86181640625
Memory cached:  414.0
[I 2024-01-01 13:26:10,122] Trial 239 finished with value: 0.4228052794933319 and parameters: {'W_layers': 5, 'W_layer_units_exponent_0': 8, 'W_layer_units_exponent_1': 10, 'W_layer_units_exponent_2': 6, 'W_layer_units_exponent_3': 8, 'W_layer_units_exponent_4': 5, 'D_layers': 5, 'D_layer_units_exponent_0': 7, 'D_layer_units_exponent_1': 9, 'D_layer_units_exponent_2': 10, 'D_layer_units_exponent_3': 8, 'D_layer_units_exponent_4': 4, 'D_dagger_layers': 3, 'D_dagger_layer_units_exponent_0': 9, 'D_dagger_layer_units_exponent_1': 7, 'D_dagger_layer_units_exponent_2': 5, 'log_learning_rate': -2.594482988755403, 'log_learning_rate_D': -3.781130512596668, 'log_learning_rate_D_dagger': -2.25092160357588, 'training_batch_size': 6, 'training_p': 7}. Best is trial 220 with value: 0.11745021492242813.
Time for this trial:  326.3524651527405
Memory status after this trial: 
Memory allocated:  437.322265625
Memory cached:  460.0
--------------------  Trial  240   --------------------
Start timing: 
Parameters: 
{'W_layers': 5, 'W_layer_units_exponent_0': 8, 'W_layer_units_exponent_1': 10, 'W_layer_units_exponent_2': 6, 'W_layer_units_exponent_3': 6, 'W_layer_units_exponent_4': 5, 'D_layers': 5, 'D_layer_units_exponent_0': 7, 'D_layer_units_exponent_1': 9, 'D_layer_units_exponent_2': 10, 'D_layer_units_exponent_3': 8, 'D_layer_units_exponent_4': 5, 'D_dagger_layers': 3, 'D_dagger_layer_units_exponent_0': 9, 'D_dagger_layer_units_exponent_1': 7, 'D_dagger_layer_units_exponent_2': 5, 'log_learning_rate': -2.360373005794006, 'log_learning_rate_D': -3.611307940612803, 'log_learning_rate_D_dagger': -2.363549723119968, 'training_batch_size': 6, 'training_p': 7}
	 epoch  0 training error:  tensor(1.5079, device='cuda:0', grad_fn=<DivBackward0>)
Memory status after this epoch: 
Memory allocated:  221.64111328125
Memory cached:  406.0
	 epoch  10 training error:  tensor(0.5539, device='cuda:0', grad_fn=<DivBackward0>)
Memory status after this epoch: 
Memory allocated:  221.64111328125
Memory cached:  412.0
	 epoch  20 training error:  tensor(0.5243, device='cuda:0', grad_fn=<DivBackward0>)
Memory status after this epoch: 
Memory allocated:  221.64111328125
Memory cached:  410.0
	 epoch  30 training error:  tensor(0.4675, device='cuda:0', grad_fn=<DivBackward0>)
Memory status after this epoch: 
Memory allocated:  221.64111328125
Memory cached:  408.0
	 epoch  40 training error:  tensor(0.4016, device='cuda:0', grad_fn=<DivBackward0>)
Memory status after this epoch: 
Memory allocated:  221.64111328125
Memory cached:  418.0
	 epoch  50 training error:  tensor(0.3782, device='cuda:0', grad_fn=<DivBackward0>)
Memory status after this epoch: 
Memory allocated:  221.64111328125
Memory cached:  416.0
	 epoch  60 training error:  tensor(0.2704, device='cuda:0', grad_fn=<DivBackward0>)
Memory status after this epoch: 
Memory allocated:  221.64111328125
Memory cached:  418.0
	 epoch  70 training error:  tensor(0.2810, device='cuda:0', grad_fn=<DivBackward0>)
Memory status after this epoch: 
Memory allocated:  221.64111328125
Memory cached:  414.0
	 epoch  80 training error:  tensor(0.2652, device='cuda:0', grad_fn=<DivBackward0>)
Memory status after this epoch: 
Memory allocated:  221.64111328125
Memory cached:  414.0
	 epoch  90 training error:  tensor(0.2978, device='cuda:0', grad_fn=<DivBackward0>)
Memory status after this epoch: 
Memory allocated:  221.64111328125
Memory cached:  416.0
[I 2024-01-01 13:31:31,393] Trial 240 finished with value: 0.19539515674114227 and parameters: {'W_layers': 5, 'W_layer_units_exponent_0': 8, 'W_layer_units_exponent_1': 10, 'W_layer_units_exponent_2': 6, 'W_layer_units_exponent_3': 6, 'W_layer_units_exponent_4': 5, 'D_layers': 5, 'D_layer_units_exponent_0': 7, 'D_layer_units_exponent_1': 9, 'D_layer_units_exponent_2': 10, 'D_layer_units_exponent_3': 8, 'D_layer_units_exponent_4': 5, 'D_dagger_layers': 3, 'D_dagger_layer_units_exponent_0': 9, 'D_dagger_layer_units_exponent_1': 7, 'D_dagger_layer_units_exponent_2': 5, 'log_learning_rate': -2.360373005794006, 'log_learning_rate_D': -3.611307940612803, 'log_learning_rate_D_dagger': -2.363549723119968, 'training_batch_size': 6, 'training_p': 7}. Best is trial 220 with value: 0.11745021492242813.
Time for this trial:  320.8570442199707
Memory status after this trial: 
Memory allocated:  427.5380859375
Memory cached:  450.0
--------------------  Trial  241   --------------------
Start timing: 
Parameters: 
{'W_layers': 5, 'W_layer_units_exponent_0': 8, 'W_layer_units_exponent_1': 10, 'W_layer_units_exponent_2': 6, 'W_layer_units_exponent_3': 6, 'W_layer_units_exponent_4': 5, 'D_layers': 5, 'D_layer_units_exponent_0': 7, 'D_layer_units_exponent_1': 9, 'D_layer_units_exponent_2': 10, 'D_layer_units_exponent_3': 8, 'D_layer_units_exponent_4': 4, 'D_dagger_layers': 3, 'D_dagger_layer_units_exponent_0': 9, 'D_dagger_layer_units_exponent_1': 7, 'D_dagger_layer_units_exponent_2': 5, 'log_learning_rate': -2.528579556190743, 'log_learning_rate_D': -3.9133803844705666, 'log_learning_rate_D_dagger': -2.4246181858347, 'training_batch_size': 6, 'training_p': 7}
	 epoch  0 training error:  tensor(1.3142, device='cuda:0', grad_fn=<DivBackward0>)
Memory status after this epoch: 
Memory allocated:  221.57861328125
Memory cached:  406.0
	 epoch  10 training error:  tensor(0.5555, device='cuda:0', grad_fn=<DivBackward0>)
Memory status after this epoch: 
Memory allocated:  221.57861328125
Memory cached:  424.0
	 epoch  20 training error:  tensor(0.5592, device='cuda:0', grad_fn=<DivBackward0>)
Memory status after this epoch: 
Memory allocated:  221.57861328125
Memory cached:  432.0
	 epoch  30 training error:  tensor(0.5267, device='cuda:0', grad_fn=<DivBackward0>)
Memory status after this epoch: 
Memory allocated:  221.57861328125
Memory cached:  428.0
	 epoch  40 training error:  tensor(0.5620, device='cuda:0', grad_fn=<DivBackward0>)
Memory status after this epoch: 
Memory allocated:  221.57861328125
Memory cached:  440.0
	 epoch  50 training error:  tensor(0.4597, device='cuda:0', grad_fn=<DivBackward0>)
Memory status after this epoch: 
Memory allocated:  221.57861328125
Memory cached:  438.0
	 epoch  60 training error:  tensor(0.3862, device='cuda:0', grad_fn=<DivBackward0>)
Memory status after this epoch: 
Memory allocated:  221.57861328125
Memory cached:  418.0
	 epoch  70 training error:  tensor(0.3403, device='cuda:0', grad_fn=<DivBackward0>)
Memory status after this epoch: 
Memory allocated:  221.57861328125
Memory cached:  412.0
	 epoch  80 training error:  tensor(0.2910, device='cuda:0', grad_fn=<DivBackward0>)
Memory status after this epoch: 
Memory allocated:  221.57861328125
Memory cached:  430.0
	 epoch  90 training error:  tensor(0.2690, device='cuda:0', grad_fn=<DivBackward0>)
Memory status after this epoch: 
Memory allocated:  221.57861328125
Memory cached:  434.0
[I 2024-01-01 13:36:55,388] Trial 241 finished with value: 0.14249037206172943 and parameters: {'W_layers': 5, 'W_layer_units_exponent_0': 8, 'W_layer_units_exponent_1': 10, 'W_layer_units_exponent_2': 6, 'W_layer_units_exponent_3': 6, 'W_layer_units_exponent_4': 5, 'D_layers': 5, 'D_layer_units_exponent_0': 7, 'D_layer_units_exponent_1': 9, 'D_layer_units_exponent_2': 10, 'D_layer_units_exponent_3': 8, 'D_layer_units_exponent_4': 4, 'D_dagger_layers': 3, 'D_dagger_layer_units_exponent_0': 9, 'D_dagger_layer_units_exponent_1': 7, 'D_dagger_layer_units_exponent_2': 5, 'log_learning_rate': -2.528579556190743, 'log_learning_rate_D': -3.9133803844705666, 'log_learning_rate_D_dagger': -2.4246181858347, 'training_batch_size': 6, 'training_p': 7}. Best is trial 220 with value: 0.11745021492242813.
Time for this trial:  323.5548086166382
Memory status after this trial: 
Memory allocated:  426.9267578125
Memory cached:  450.0
--------------------  Trial  242   --------------------
Start timing: 
Parameters: 
{'W_layers': 5, 'W_layer_units_exponent_0': 8, 'W_layer_units_exponent_1': 10, 'W_layer_units_exponent_2': 6, 'W_layer_units_exponent_3': 6, 'W_layer_units_exponent_4': 5, 'D_layers': 5, 'D_layer_units_exponent_0': 7, 'D_layer_units_exponent_1': 9, 'D_layer_units_exponent_2': 10, 'D_layer_units_exponent_3': 8, 'D_layer_units_exponent_4': 4, 'D_dagger_layers': 3, 'D_dagger_layer_units_exponent_0': 9, 'D_dagger_layer_units_exponent_1': 7, 'D_dagger_layer_units_exponent_2': 5, 'log_learning_rate': -2.531478578586048, 'log_learning_rate_D': -3.8948193511000953, 'log_learning_rate_D_dagger': -2.453918698592424, 'training_batch_size': 6, 'training_p': 7}
	 epoch  0 training error:  tensor(1.3350, device='cuda:0', grad_fn=<DivBackward0>)
Memory status after this epoch: 
Memory allocated:  221.57861328125
Memory cached:  406.0
	 epoch  10 training error:  tensor(0.5873, device='cuda:0', grad_fn=<DivBackward0>)
Memory status after this epoch: 
Memory allocated:  221.57861328125
Memory cached:  426.0
	 epoch  20 training error:  tensor(0.5347, device='cuda:0', grad_fn=<DivBackward0>)
Memory status after this epoch: 
Memory allocated:  221.57861328125
Memory cached:  430.0
	 epoch  30 training error:  tensor(0.5220, device='cuda:0', grad_fn=<DivBackward0>)
Memory status after this epoch: 
Memory allocated:  221.57861328125
Memory cached:  432.0
	 epoch  40 training error:  tensor(0.5056, device='cuda:0', grad_fn=<DivBackward0>)
Memory status after this epoch: 
Memory allocated:  221.57861328125
Memory cached:  416.0
	 epoch  50 training error:  tensor(0.4300, device='cuda:0', grad_fn=<DivBackward0>)
Memory status after this epoch: 
Memory allocated:  221.57861328125
Memory cached:  410.0
	 epoch  60 training error:  tensor(0.3122, device='cuda:0', grad_fn=<DivBackward0>)
Memory status after this epoch: 
Memory allocated:  221.57861328125
Memory cached:  410.0
	 epoch  70 training error:  tensor(0.3114, device='cuda:0', grad_fn=<DivBackward0>)
Memory status after this epoch: 
Memory allocated:  221.57861328125
Memory cached:  408.0
	 epoch  80 training error:  tensor(0.2427, device='cuda:0', grad_fn=<DivBackward0>)
Memory status after this epoch: 
Memory allocated:  221.57861328125
Memory cached:  408.0
	 epoch  90 training error:  tensor(0.2507, device='cuda:0', grad_fn=<DivBackward0>)
Memory status after this epoch: 
Memory allocated:  221.57861328125
Memory cached:  406.0
[I 2024-01-01 13:42:19,828] Trial 242 finished with value: 0.19534064829349518 and parameters: {'W_layers': 5, 'W_layer_units_exponent_0': 8, 'W_layer_units_exponent_1': 10, 'W_layer_units_exponent_2': 6, 'W_layer_units_exponent_3': 6, 'W_layer_units_exponent_4': 5, 'D_layers': 5, 'D_layer_units_exponent_0': 7, 'D_layer_units_exponent_1': 9, 'D_layer_units_exponent_2': 10, 'D_layer_units_exponent_3': 8, 'D_layer_units_exponent_4': 4, 'D_dagger_layers': 3, 'D_dagger_layer_units_exponent_0': 9, 'D_dagger_layer_units_exponent_1': 7, 'D_dagger_layer_units_exponent_2': 5, 'log_learning_rate': -2.531478578586048, 'log_learning_rate_D': -3.8948193511000953, 'log_learning_rate_D_dagger': -2.453918698592424, 'training_batch_size': 6, 'training_p': 7}. Best is trial 220 with value: 0.11745021492242813.
Time for this trial:  324.0137209892273
Memory status after this trial: 
Memory allocated:  426.9267578125
Memory cached:  450.0
--------------------  Trial  243   --------------------
Start timing: 
Parameters: 
{'W_layers': 5, 'W_layer_units_exponent_0': 8, 'W_layer_units_exponent_1': 10, 'W_layer_units_exponent_2': 6, 'W_layer_units_exponent_3': 6, 'W_layer_units_exponent_4': 5, 'D_layers': 5, 'D_layer_units_exponent_0': 7, 'D_layer_units_exponent_1': 9, 'D_layer_units_exponent_2': 10, 'D_layer_units_exponent_3': 8, 'D_layer_units_exponent_4': 4, 'D_dagger_layers': 3, 'D_dagger_layer_units_exponent_0': 9, 'D_dagger_layer_units_exponent_1': 7, 'D_dagger_layer_units_exponent_2': 5, 'log_learning_rate': -2.4436615423434023, 'log_learning_rate_D': -3.8739067413552224, 'log_learning_rate_D_dagger': -2.414640505041474, 'training_batch_size': 6, 'training_p': 7}
	 epoch  0 training error:  tensor(1.4436, device='cuda:0', grad_fn=<DivBackward0>)
Memory status after this epoch: 
Memory allocated:  221.57861328125
Memory cached:  406.0
	 epoch  10 training error:  tensor(0.6079, device='cuda:0', grad_fn=<DivBackward0>)
Memory status after this epoch: 
Memory allocated:  221.57861328125
Memory cached:  424.0
	 epoch  20 training error:  tensor(0.5269, device='cuda:0', grad_fn=<DivBackward0>)
Memory status after this epoch: 
Memory allocated:  221.57861328125
Memory cached:  430.0
	 epoch  30 training error:  tensor(0.5105, device='cuda:0', grad_fn=<DivBackward0>)
Memory status after this epoch: 
Memory allocated:  221.57861328125
Memory cached:  418.0
	 epoch  40 training error:  tensor(0.4521, device='cuda:0', grad_fn=<DivBackward0>)
Memory status after this epoch: 
Memory allocated:  221.57861328125
Memory cached:  416.0
	 epoch  50 training error:  tensor(0.3929, device='cuda:0', grad_fn=<DivBackward0>)
Memory status after this epoch: 
Memory allocated:  221.57861328125
Memory cached:  410.0
	 epoch  60 training error:  tensor(0.2532, device='cuda:0', grad_fn=<DivBackward0>)
Memory status after this epoch: 
Memory allocated:  221.57861328125
Memory cached:  410.0
	 epoch  70 training error:  tensor(0.2627, device='cuda:0', grad_fn=<DivBackward0>)
Memory status after this epoch: 
Memory allocated:  221.57861328125
Memory cached:  408.0
	 epoch  80 training error:  tensor(0.2451, device='cuda:0', grad_fn=<DivBackward0>)
Memory status after this epoch: 
Memory allocated:  221.57861328125
Memory cached:  408.0
	 epoch  90 training error:  tensor(0.2371, device='cuda:0', grad_fn=<DivBackward0>)
Memory status after this epoch: 
Memory allocated:  221.57861328125
Memory cached:  410.0
