[I 2024-01-13 14:11:02,786] Trial 3 finished with value: 0.45147809386253357 and parameters: {'W_layers': 3, 'W_layer_units_exponent_0': 8, 'W_layer_units_exponent_1': 5, 'W_layer_units_exponent_2': 6, 'D_layers': 3, 'D_layer_units_exponent_0': 8, 'D_layer_units_exponent_1': 9, 'D_layer_units_exponent_2': 4, 'D_dagger_layers': 2, 'D_dagger_layer_units_exponent_0': 7, 'D_dagger_layer_units_exponent_1': 5, 'log_learning_rate': -2.1819811503761333, 'log_learning_rate_D': -1.929837609783871, 'log_learning_rate_D_dagger': -4.926924642859077, 'training_batch_size': 10, 'training_p': 3}. Best is trial 2 with value: 0.34362173080444336.
Time for this trial:  23.736666679382324
Memory status after this trial: 
Memory allocated:  381.94873046875
Memory cached:  410.0
--------------------  Trial  4   --------------------
Start timing: 
Parameters: 
{'W_layers': 5, 'W_layer_units_exponent_0': 7, 'W_layer_units_exponent_1': 5, 'W_layer_units_exponent_2': 4, 'W_layer_units_exponent_3': 4, 'W_layer_units_exponent_4': 9, 'D_layers': 8, 'D_layer_units_exponent_0': 6, 'D_layer_units_exponent_1': 8, 'D_layer_units_exponent_2': 7, 'D_layer_units_exponent_3': 9, 'D_layer_units_exponent_4': 6, 'D_layer_units_exponent_5': 6, 'D_layer_units_exponent_6': 4, 'D_layer_units_exponent_7': 5, 'D_dagger_layers': 2, 'D_dagger_layer_units_exponent_0': 5, 'D_dagger_layer_units_exponent_1': 5, 'log_learning_rate': -1.9273373514251495, 'log_learning_rate_D': -4.538239238233613, 'log_learning_rate_D_dagger': -4.753717874389663, 'training_batch_size': 10, 'training_p': 2}
	 epoch  0 training error:  tensor(0.6074, device='cuda:0', grad_fn=<DivBackward0>)
Memory status after this epoch: 
Memory allocated:  327.2705078125
Memory cached:  406.0
	 epoch  10 training error:  tensor(0.6394, device='cuda:0', grad_fn=<DivBackward0>)
Memory status after this epoch: 
Memory allocated:  327.2705078125
Memory cached:  406.0
	 epoch  20 training error:  tensor(0.4689, device='cuda:0', grad_fn=<DivBackward0>)
Memory status after this epoch: 
Memory allocated:  327.2705078125
Memory cached:  406.0
	 epoch  30 training error:  tensor(0.4598, device='cuda:0', grad_fn=<DivBackward0>)
Memory status after this epoch: 
Memory allocated:  327.2705078125
Memory cached:  406.0
	 epoch  40 training error:  tensor(0.4631, device='cuda:0', grad_fn=<DivBackward0>)
Memory status after this epoch: 
Memory allocated:  327.2705078125
Memory cached:  406.0
	 epoch  50 training error:  tensor(0.4548, device='cuda:0', grad_fn=<DivBackward0>)
Memory status after this epoch: 
Memory allocated:  327.2705078125
Memory cached:  406.0
	 epoch  60 training error:  tensor(0.4517, device='cuda:0', grad_fn=<DivBackward0>)
Memory status after this epoch: 
Memory allocated:  327.2705078125
Memory cached:  406.0
	 epoch  70 training error:  tensor(0.4502, device='cuda:0', grad_fn=<DivBackward0>)
Memory status after this epoch: 
Memory allocated:  327.2705078125
Memory cached:  406.0
	 epoch  80 training error:  tensor(0.4482, device='cuda:0', grad_fn=<DivBackward0>)
Memory status after this epoch: 
Memory allocated:  327.2705078125
Memory cached:  406.0
	 epoch  90 training error:  tensor(0.4465, device='cuda:0', grad_fn=<DivBackward0>)
Memory status after this epoch: 
Memory allocated:  327.2705078125
Memory cached:  406.0
[I 2024-01-13 14:11:35,367] Trial 4 finished with value: 0.47060176730155945 and parameters: {'W_layers': 5, 'W_layer_units_exponent_0': 7, 'W_layer_units_exponent_1': 5, 'W_layer_units_exponent_2': 4, 'W_layer_units_exponent_3': 4, 'W_layer_units_exponent_4': 9, 'D_layers': 8, 'D_layer_units_exponent_0': 6, 'D_layer_units_exponent_1': 8, 'D_layer_units_exponent_2': 7, 'D_layer_units_exponent_3': 9, 'D_layer_units_exponent_4': 6, 'D_layer_units_exponent_5': 6, 'D_layer_units_exponent_6': 4, 'D_layer_units_exponent_7': 5, 'D_dagger_layers': 2, 'D_dagger_layer_units_exponent_0': 5, 'D_dagger_layer_units_exponent_1': 5, 'log_learning_rate': -1.9273373514251495, 'log_learning_rate_D': -4.538239238233613, 'log_learning_rate_D_dagger': -4.753717874389663, 'training_batch_size': 10, 'training_p': 2}. Best is trial 2 with value: 0.34362173080444336.
Time for this trial:  32.34196996688843
Memory status after this trial: 
Memory allocated:  401.89794921875
Memory cached:  428.0
--------------------  Trial  5   --------------------
Start timing: 
Parameters: 
{'W_layers': 6, 'W_layer_units_exponent_0': 9, 'W_layer_units_exponent_1': 10, 'W_layer_units_exponent_2': 7, 'W_layer_units_exponent_3': 10, 'W_layer_units_exponent_4': 5, 'W_layer_units_exponent_5': 4, 'D_layers': 6, 'D_layer_units_exponent_0': 9, 'D_layer_units_exponent_1': 7, 'D_layer_units_exponent_2': 8, 'D_layer_units_exponent_3': 9, 'D_layer_units_exponent_4': 8, 'D_layer_units_exponent_5': 5, 'D_dagger_layers': 5, 'D_dagger_layer_units_exponent_0': 5, 'D_dagger_layer_units_exponent_1': 8, 'D_dagger_layer_units_exponent_2': 7, 'D_dagger_layer_units_exponent_3': 7, 'D_dagger_layer_units_exponent_4': 5, 'log_learning_rate': -4.796985060343868, 'log_learning_rate_D': -3.752237816746354, 'log_learning_rate_D_dagger': -3.6452913376128606, 'training_batch_size': 10, 'training_p': 2}
	 epoch  0 training error:  tensor(0.9790, device='cuda:0', grad_fn=<DivBackward0>)
Memory status after this epoch: 
Memory allocated:  342.111328125
Memory cached:  406.0
	 epoch  10 training error:  tensor(0.4529, device='cuda:0', grad_fn=<DivBackward0>)
Memory status after this epoch: 
Memory allocated:  342.111328125
Memory cached:  406.0
	 epoch  20 training error:  tensor(0.3785, device='cuda:0', grad_fn=<DivBackward0>)
Memory status after this epoch: 
Memory allocated:  342.111328125
Memory cached:  406.0
	 epoch  30 training error:  tensor(0.3211, device='cuda:0', grad_fn=<DivBackward0>)
Memory status after this epoch: 
Memory allocated:  342.111328125
Memory cached:  406.0
	 epoch  40 training error:  tensor(0.2999, device='cuda:0', grad_fn=<DivBackward0>)
Memory status after this epoch: 
Memory allocated:  342.111328125
Memory cached:  406.0
	 epoch  50 training error:  tensor(0.2888, device='cuda:0', grad_fn=<DivBackward0>)
Memory status after this epoch: 
Memory allocated:  342.111328125
Memory cached:  406.0
	 epoch  60 training error:  tensor(0.2862, device='cuda:0', grad_fn=<DivBackward0>)
Memory status after this epoch: 
Memory allocated:  342.111328125
Memory cached:  406.0
	 epoch  70 training error:  tensor(0.2860, device='cuda:0', grad_fn=<DivBackward0>)
Memory status after this epoch: 
Memory allocated:  342.111328125
Memory cached:  406.0
	 epoch  80 training error:  tensor(0.2855, device='cuda:0', grad_fn=<DivBackward0>)
Memory status after this epoch: 
Memory allocated:  342.111328125
Memory cached:  406.0
	 epoch  90 training error:  tensor(0.2852, device='cuda:0', grad_fn=<DivBackward0>)
Memory status after this epoch: 
Memory allocated:  342.111328125
Memory cached:  406.0
[I 2024-01-13 14:12:03,640] Trial 5 finished with value: 0.289172500371933 and parameters: {'W_layers': 6, 'W_layer_units_exponent_0': 9, 'W_layer_units_exponent_1': 10, 'W_layer_units_exponent_2': 7, 'W_layer_units_exponent_3': 10, 'W_layer_units_exponent_4': 5, 'W_layer_units_exponent_5': 4, 'D_layers': 6, 'D_layer_units_exponent_0': 9, 'D_layer_units_exponent_1': 7, 'D_layer_units_exponent_2': 8, 'D_layer_units_exponent_3': 9, 'D_layer_units_exponent_4': 8, 'D_layer_units_exponent_5': 5, 'D_dagger_layers': 5, 'D_dagger_layer_units_exponent_0': 5, 'D_dagger_layer_units_exponent_1': 8, 'D_dagger_layer_units_exponent_2': 7, 'D_dagger_layer_units_exponent_3': 7, 'D_dagger_layer_units_exponent_4': 5, 'log_learning_rate': -4.796985060343868, 'log_learning_rate_D': -3.752237816746354, 'log_learning_rate_D_dagger': -3.6452913376128606, 'training_batch_size': 10, 'training_p': 2}. Best is trial 5 with value: 0.289172500371933.
res:  tensor(0.2892, device='cuda:0', grad_fn=<DivBackward0>)
self.bestValue:  tensor(0.3436, device='cuda:0', grad_fn=<DivBackward0>)
Save this model!
Time for this trial:  28.013021230697632
Memory status after this trial: 
Memory allocated:  369.10986328125
Memory cached:  510.0
--------------------  Trial  6   --------------------
Start timing: 
Parameters: 
{'W_layers': 8, 'W_layer_units_exponent_0': 10, 'W_layer_units_exponent_1': 9, 'W_layer_units_exponent_2': 7, 'W_layer_units_exponent_3': 9, 'W_layer_units_exponent_4': 9, 'W_layer_units_exponent_5': 5, 'W_layer_units_exponent_6': 7, 'W_layer_units_exponent_7': 10, 'D_layers': 2, 'D_layer_units_exponent_0': 4, 'D_layer_units_exponent_1': 9, 'D_dagger_layers': 2, 'D_dagger_layer_units_exponent_0': 7, 'D_dagger_layer_units_exponent_1': 10, 'log_learning_rate': -4.267059827561775, 'log_learning_rate_D': -1.1895938117981717, 'log_learning_rate_D_dagger': -2.331251626090417, 'training_batch_size': 7, 'training_p': 8}
	 epoch  0 training error:  tensor(1.5922, device='cuda:0', grad_fn=<DivBackward0>)
Memory status after this epoch: 
Memory allocated:  387.9736328125
Memory cached:  510.0
	 epoch  10 training error:  tensor(0.5753, device='cuda:0', grad_fn=<DivBackward0>)
Memory status after this epoch: 
Memory allocated:  387.9736328125
Memory cached:  510.0
	 epoch  20 training error:  tensor(0.5657, device='cuda:0', grad_fn=<DivBackward0>)
Memory status after this epoch: 
Memory allocated:  387.9736328125
Memory cached:  510.0
	 epoch  30 training error:  tensor(0.5439, device='cuda:0', grad_fn=<DivBackward0>)
Memory status after this epoch: 
Memory allocated:  387.9736328125
Memory cached:  510.0
	 epoch  40 training error:  tensor(0.5443, device='cuda:0', grad_fn=<DivBackward0>)
Memory status after this epoch: 
Memory allocated:  387.9736328125
Memory cached:  510.0
	 epoch  50 training error:  tensor(0.5482, device='cuda:0', grad_fn=<DivBackward0>)
Memory status after this epoch: 
Memory allocated:  387.9736328125
Memory cached:  510.0
	 epoch  60 training error:  tensor(0.5552, device='cuda:0', grad_fn=<DivBackward0>)
Memory status after this epoch: 
Memory allocated:  387.9736328125
Memory cached:  510.0
	 epoch  70 training error:  tensor(0.5466, device='cuda:0', grad_fn=<DivBackward0>)
Memory status after this epoch: 
Memory allocated:  387.9736328125
Memory cached:  510.0
	 epoch  80 training error:  tensor(0.5456, device='cuda:0', grad_fn=<DivBackward0>)
Memory status after this epoch: 
Memory allocated:  387.9736328125
Memory cached:  510.0
	 epoch  90 training error:  tensor(0.5454, device='cuda:0', grad_fn=<DivBackward0>)
Memory status after this epoch: 
Memory allocated:  387.9736328125
Memory cached:  510.0
[I 2024-01-13 14:12:46,342] Trial 6 finished with value: 0.43144771456718445 and parameters: {'W_layers': 8, 'W_layer_units_exponent_0': 10, 'W_layer_units_exponent_1': 9, 'W_layer_units_exponent_2': 7, 'W_layer_units_exponent_3': 9, 'W_layer_units_exponent_4': 9, 'W_layer_units_exponent_5': 5, 'W_layer_units_exponent_6': 7, 'W_layer_units_exponent_7': 10, 'D_layers': 2, 'D_layer_units_exponent_0': 4, 'D_layer_units_exponent_1': 9, 'D_dagger_layers': 2, 'D_dagger_layer_units_exponent_0': 7, 'D_dagger_layer_units_exponent_1': 10, 'log_learning_rate': -4.267059827561775, 'log_learning_rate_D': -1.1895938117981717, 'log_learning_rate_D_dagger': -2.331251626090417, 'training_batch_size': 7, 'training_p': 8}. Best is trial 5 with value: 0.289172500371933.
Time for this trial:  42.471439838409424
Memory status after this trial: 
Memory allocated:  894.09326171875
Memory cached:  930.0
--------------------  Trial  7   --------------------
Start timing: 
Parameters: 
{'W_layers': 5, 'W_layer_units_exponent_0': 10, 'W_layer_units_exponent_1': 10, 'W_layer_units_exponent_2': 5, 'W_layer_units_exponent_3': 8, 'W_layer_units_exponent_4': 5, 'D_layers': 8, 'D_layer_units_exponent_0': 5, 'D_layer_units_exponent_1': 5, 'D_layer_units_exponent_2': 7, 'D_layer_units_exponent_3': 5, 'D_layer_units_exponent_4': 9, 'D_layer_units_exponent_5': 8, 'D_layer_units_exponent_6': 4, 'D_layer_units_exponent_7': 8, 'D_dagger_layers': 7, 'D_dagger_layer_units_exponent_0': 9, 'D_dagger_layer_units_exponent_1': 5, 'D_dagger_layer_units_exponent_2': 10, 'D_dagger_layer_units_exponent_3': 9, 'D_dagger_layer_units_exponent_4': 9, 'D_dagger_layer_units_exponent_5': 5, 'D_dagger_layer_units_exponent_6': 7, 'log_learning_rate': -2.3824479786911175, 'log_learning_rate_D': -2.168081698685649, 'log_learning_rate_D_dagger': -1.791197621424038, 'training_batch_size': 10, 'training_p': 4}
	 epoch  0 training error:  tensor(0.9872, device='cuda:0', grad_fn=<DivBackward0>)
Memory status after this epoch: 
Memory allocated:  400.482421875
Memory cached:  510.0
	 epoch  10 training error:  tensor(17.2598, device='cuda:0', grad_fn=<DivBackward0>)
Memory status after this epoch: 
Memory allocated:  400.482421875
Memory cached:  510.0
	 epoch  20 training error:  tensor(7.2638, device='cuda:0', grad_fn=<DivBackward0>)
Memory status after this epoch: 
Memory allocated:  400.482421875
Memory cached:  510.0
	 epoch  30 training error:  tensor(16.2426, device='cuda:0', grad_fn=<DivBackward0>)
Memory status after this epoch: 
Memory allocated:  400.482421875
Memory cached:  510.0
	 epoch  40 training error:  tensor(0.6006, device='cuda:0', grad_fn=<DivBackward0>)
Memory status after this epoch: 
Memory allocated:  400.482421875
Memory cached:  510.0
	 epoch  50 training error:  tensor(0.5398, device='cuda:0', grad_fn=<DivBackward0>)
Memory status after this epoch: 
Memory allocated:  400.482421875
Memory cached:  510.0
	 epoch  60 training error:  tensor(0.5271, device='cuda:0', grad_fn=<DivBackward0>)
Memory status after this epoch: 
Memory allocated:  400.482421875
Memory cached:  510.0
	 epoch  70 training error:  tensor(0.5192, device='cuda:0', grad_fn=<DivBackward0>)
Memory status after this epoch: 
Memory allocated:  400.482421875
Memory cached:  510.0
	 epoch  80 training error:  tensor(0.5184, device='cuda:0', grad_fn=<DivBackward0>)
Memory status after this epoch: 
Memory allocated:  400.482421875
Memory cached:  510.0
	 epoch  90 training error:  tensor(0.5194, device='cuda:0', grad_fn=<DivBackward0>)
Memory status after this epoch: 
Memory allocated:  400.482421875
Memory cached:  510.0
[I 2024-01-13 14:13:18,587] Trial 7 finished with value: 0.49089452624320984 and parameters: {'W_layers': 5, 'W_layer_units_exponent_0': 10, 'W_layer_units_exponent_1': 10, 'W_layer_units_exponent_2': 5, 'W_layer_units_exponent_3': 8, 'W_layer_units_exponent_4': 5, 'D_layers': 8, 'D_layer_units_exponent_0': 5, 'D_layer_units_exponent_1': 5, 'D_layer_units_exponent_2': 7, 'D_layer_units_exponent_3': 5, 'D_layer_units_exponent_4': 9, 'D_layer_units_exponent_5': 8, 'D_layer_units_exponent_6': 4, 'D_layer_units_exponent_7': 8, 'D_dagger_layers': 7, 'D_dagger_layer_units_exponent_0': 9, 'D_dagger_layer_units_exponent_1': 5, 'D_dagger_layer_units_exponent_2': 10, 'D_dagger_layer_units_exponent_3': 9, 'D_dagger_layer_units_exponent_4': 9, 'D_dagger_layer_units_exponent_5': 5, 'D_dagger_layer_units_exponent_6': 7, 'log_learning_rate': -2.3824479786911175, 'log_learning_rate_D': -2.168081698685649, 'log_learning_rate_D_dagger': -1.791197621424038, 'training_batch_size': 10, 'training_p': 4}. Best is trial 5 with value: 0.289172500371933.
Time for this trial:  32.004058837890625
Memory status after this trial: 
Memory allocated:  939.92919921875
Memory cached:  982.0
--------------------  Trial  8   --------------------
Start timing: 
Parameters: 
{'W_layers': 5, 'W_layer_units_exponent_0': 9, 'W_layer_units_exponent_1': 10, 'W_layer_units_exponent_2': 9, 'W_layer_units_exponent_3': 5, 'W_layer_units_exponent_4': 10, 'D_layers': 7, 'D_layer_units_exponent_0': 4, 'D_layer_units_exponent_1': 6, 'D_layer_units_exponent_2': 6, 'D_layer_units_exponent_3': 9, 'D_layer_units_exponent_4': 4, 'D_layer_units_exponent_5': 6, 'D_layer_units_exponent_6': 10, 'D_dagger_layers': 6, 'D_dagger_layer_units_exponent_0': 4, 'D_dagger_layer_units_exponent_1': 6, 'D_dagger_layer_units_exponent_2': 7, 'D_dagger_layer_units_exponent_3': 8, 'D_dagger_layer_units_exponent_4': 9, 'D_dagger_layer_units_exponent_5': 10, 'log_learning_rate': -4.04043828507463, 'log_learning_rate_D': -4.066080590703436, 'log_learning_rate_D_dagger': -3.0254492275523552, 'training_batch_size': 12, 'training_p': 3}
	 epoch  0 training error:  tensor(1.0308, device='cuda:0', grad_fn=<DivBackward0>)
Memory status after this epoch: 
Memory allocated:  397.8779296875
Memory cached:  510.0
	 epoch  10 training error:  tensor(0.4847, device='cuda:0', grad_fn=<DivBackward0>)
Memory status after this epoch: 
Memory allocated:  397.8779296875
Memory cached:  510.0
	 epoch  20 training error:  tensor(0.4067, device='cuda:0', grad_fn=<DivBackward0>)
Memory status after this epoch: 
Memory allocated:  397.8779296875
Memory cached:  510.0
	 epoch  30 training error:  tensor(0.3710, device='cuda:0', grad_fn=<DivBackward0>)
Memory status after this epoch: 
Memory allocated:  397.8779296875
Memory cached:  510.0
	 epoch  40 training error:  tensor(0.3711, device='cuda:0', grad_fn=<DivBackward0>)
Memory status after this epoch: 
Memory allocated:  397.8779296875
Memory cached:  510.0
	 epoch  50 training error:  tensor(0.3659, device='cuda:0', grad_fn=<DivBackward0>)
Memory status after this epoch: 
Memory allocated:  397.8779296875
Memory cached:  510.0
	 epoch  60 training error:  tensor(0.3728, device='cuda:0', grad_fn=<DivBackward0>)
Memory status after this epoch: 
Memory allocated:  397.8779296875
Memory cached:  510.0
	 epoch  70 training error:  tensor(0.3708, device='cuda:0', grad_fn=<DivBackward0>)
Memory status after this epoch: 
Memory allocated:  397.8779296875
Memory cached:  510.0
	 epoch  80 training error:  tensor(0.3746, device='cuda:0', grad_fn=<DivBackward0>)
Memory status after this epoch: 
Memory allocated:  397.8779296875
Memory cached:  510.0
	 epoch  90 training error:  tensor(0.3784, device='cuda:0', grad_fn=<DivBackward0>)
Memory status after this epoch: 
Memory allocated:  397.8779296875
Memory cached:  510.0
[I 2024-01-13 14:13:50,232] Trial 8 finished with value: 0.3023335337638855 and parameters: {'W_layers': 5, 'W_layer_units_exponent_0': 9, 'W_layer_units_exponent_1': 10, 'W_layer_units_exponent_2': 9, 'W_layer_units_exponent_3': 5, 'W_layer_units_exponent_4': 10, 'D_layers': 7, 'D_layer_units_exponent_0': 4, 'D_layer_units_exponent_1': 6, 'D_layer_units_exponent_2': 6, 'D_layer_units_exponent_3': 9, 'D_layer_units_exponent_4': 4, 'D_layer_units_exponent_5': 6, 'D_layer_units_exponent_6': 10, 'D_dagger_layers': 6, 'D_dagger_layer_units_exponent_0': 4, 'D_dagger_layer_units_exponent_1': 6, 'D_dagger_layer_units_exponent_2': 7, 'D_dagger_layer_units_exponent_3': 8, 'D_dagger_layer_units_exponent_4': 9, 'D_dagger_layer_units_exponent_5': 10, 'log_learning_rate': -4.04043828507463, 'log_learning_rate_D': -4.066080590703436, 'log_learning_rate_D_dagger': -3.0254492275523552, 'training_batch_size': 12, 'training_p': 3}. Best is trial 5 with value: 0.289172500371933.
Time for this trial:  31.396604776382446
Memory status after this trial: 
Memory allocated:  907.73779296875
Memory cached:  934.0
--------------------  Trial  9   --------------------
Start timing: 
Parameters: 
{'W_layers': 6, 'W_layer_units_exponent_0': 8, 'W_layer_units_exponent_1': 8, 'W_layer_units_exponent_2': 9, 'W_layer_units_exponent_3': 10, 'W_layer_units_exponent_4': 10, 'W_layer_units_exponent_5': 7, 'D_layers': 4, 'D_layer_units_exponent_0': 7, 'D_layer_units_exponent_1': 7, 'D_layer_units_exponent_2': 5, 'D_layer_units_exponent_3': 10, 'D_dagger_layers': 4, 'D_dagger_layer_units_exponent_0': 4, 'D_dagger_layer_units_exponent_1': 5, 'D_dagger_layer_units_exponent_2': 8, 'D_dagger_layer_units_exponent_3': 6, 'log_learning_rate': -1.4316854377717751, 'log_learning_rate_D': -2.937536633639525, 'log_learning_rate_D_dagger': -1.92957063055109, 'training_batch_size': 11, 'training_p': 5}
	 epoch  0 training error:  tensor(1.0385, device='cuda:0', grad_fn=<DivBackward0>)
Memory status after this epoch: 
Memory allocated:  399.9609375
Memory cached:  530.0
	 epoch  10 training error:  tensor(1131.7357, device='cuda:0', grad_fn=<DivBackward0>)
Memory status after this epoch: 
Memory allocated:  399.9609375
Memory cached:  530.0
	 epoch  20 training error:  tensor(259.5672, device='cuda:0', grad_fn=<DivBackward0>)
Memory status after this epoch: 
Memory allocated:  399.9609375
Memory cached:  530.0
	 epoch  30 training error:  tensor(414.7913, device='cuda:0', grad_fn=<DivBackward0>)
Memory status after this epoch: 
Memory allocated:  399.9609375
Memory cached:  530.0
	 epoch  40 training error:  tensor(145.0710, device='cuda:0', grad_fn=<DivBackward0>)
Memory status after this epoch: 
Memory allocated:  399.9609375
Memory cached:  530.0
	 epoch  50 training error:  tensor(230.0636, device='cuda:0', grad_fn=<DivBackward0>)
Memory status after this epoch: 
Memory allocated:  399.9609375
Memory cached:  530.0
	 epoch  60 training error:  tensor(19.1045, device='cuda:0', grad_fn=<DivBackward0>)
Memory status after this epoch: 
Memory allocated:  399.9609375
Memory cached:  530.0
	 epoch  70 training error:  tensor(12.6909, device='cuda:0', grad_fn=<DivBackward0>)
Memory status after this epoch: 
Memory allocated:  399.9609375
Memory cached:  530.0
	 epoch  80 training error:  tensor(11.3929, device='cuda:0', grad_fn=<DivBackward0>)
Memory status after this epoch: 
Memory allocated:  399.9609375
Memory cached:  530.0
	 epoch  90 training error:  tensor(0.7303, device='cuda:0', grad_fn=<DivBackward0>)
Memory status after this epoch: 
Memory allocated:  399.9609375
Memory cached:  530.0
