[I 2023-12-07 03:54:03,413] Trial 29 finished with value: 0.7258846163749695 and parameters: {'W_layers': 6, 'W_layer_units_exponent_0': 8, 'W_layer_units_exponent_1': 7, 'W_layer_units_exponent_2': 8, 'W_layer_units_exponent_3': 9, 'W_layer_units_exponent_4': 6, 'W_layer_units_exponent_5': 8, 'D_layers': 7, 'D_layer_units_exponent_0': 4, 'D_layer_units_exponent_1': 4, 'D_layer_units_exponent_2': 6, 'D_layer_units_exponent_3': 7, 'D_layer_units_exponent_4': 6, 'D_layer_units_exponent_5': 4, 'D_layer_units_exponent_6': 10, 'D_dagger_layers': 4, 'D_dagger_layer_units_exponent_0': 7, 'D_dagger_layer_units_exponent_1': 8, 'D_dagger_layer_units_exponent_2': 7, 'D_dagger_layer_units_exponent_3': 8, 'log_learning_rate': -2.5981677159330685, 'log_learning_rate_D': -3.5477460636331952, 'log_learning_rate_D_dagger': -4.574285532349251, 'training_batch_size': 10, 'training_p': 6}. Best is trial 16 with value: 0.533810019493103.
Time for this trial:  18.221397638320923
Memory status after this trial: 
Memory allocated:  426.86279296875
Memory cached:  466.0
--------------------  Trial  30   --------------------
Start timing: 
Parameters: 
{'W_layers': 5, 'W_layer_units_exponent_0': 6, 'W_layer_units_exponent_1': 5, 'W_layer_units_exponent_2': 5, 'W_layer_units_exponent_3': 6, 'W_layer_units_exponent_4': 10, 'D_layers': 6, 'D_layer_units_exponent_0': 5, 'D_layer_units_exponent_1': 7, 'D_layer_units_exponent_2': 7, 'D_layer_units_exponent_3': 10, 'D_layer_units_exponent_4': 7, 'D_layer_units_exponent_5': 7, 'D_dagger_layers': 7, 'D_dagger_layer_units_exponent_0': 5, 'D_dagger_layer_units_exponent_1': 6, 'D_dagger_layer_units_exponent_2': 8, 'D_dagger_layer_units_exponent_3': 7, 'D_dagger_layer_units_exponent_4': 4, 'D_dagger_layer_units_exponent_5': 5, 'D_dagger_layer_units_exponent_6': 10, 'log_learning_rate': -1.935002041007037, 'log_learning_rate_D': -4.797762929121947, 'log_learning_rate_D_dagger': -3.431391302149605, 'training_batch_size': 12, 'training_p': 2}
	 epoch  0 training error:  tensor(1.0109, device='cuda:0', grad_fn=<DivBackward0>)
Memory status after this epoch: 
Memory allocated:  309.302734375
Memory cached:  458.0
	 epoch  10 training error:  tensor(0.9928, device='cuda:0', grad_fn=<DivBackward0>)
Memory status after this epoch: 
Memory allocated:  309.302734375
Memory cached:  462.0
	 epoch  20 training error:  tensor(0.8503, device='cuda:0', grad_fn=<DivBackward0>)
Memory status after this epoch: 
Memory allocated:  309.302734375
Memory cached:  460.0
	 epoch  30 training error:  tensor(0.7446, device='cuda:0', grad_fn=<DivBackward0>)
Memory status after this epoch: 
Memory allocated:  309.302734375
Memory cached:  460.0
	 epoch  40 training error:  tensor(0.7356, device='cuda:0', grad_fn=<DivBackward0>)
Memory status after this epoch: 
Memory allocated:  309.302734375
Memory cached:  460.0
	 epoch  50 training error:  tensor(0.7300, device='cuda:0', grad_fn=<DivBackward0>)
Memory status after this epoch: 
Memory allocated:  309.302734375
Memory cached:  460.0
	 epoch  60 training error:  tensor(0.7271, device='cuda:0', grad_fn=<DivBackward0>)
Memory status after this epoch: 
Memory allocated:  309.302734375
Memory cached:  460.0
	 epoch  70 training error:  tensor(0.7232, device='cuda:0', grad_fn=<DivBackward0>)
Memory status after this epoch: 
Memory allocated:  309.302734375
Memory cached:  460.0
	 epoch  80 training error:  tensor(0.7186, device='cuda:0', grad_fn=<DivBackward0>)
Memory status after this epoch: 
Memory allocated:  309.302734375
Memory cached:  460.0
	 epoch  90 training error:  tensor(0.7129, device='cuda:0', grad_fn=<DivBackward0>)
Memory status after this epoch: 
Memory allocated:  309.302734375
Memory cached:  460.0
[I 2023-12-07 03:54:22,890] Trial 30 finished with value: 0.681719958782196 and parameters: {'W_layers': 5, 'W_layer_units_exponent_0': 6, 'W_layer_units_exponent_1': 5, 'W_layer_units_exponent_2': 5, 'W_layer_units_exponent_3': 6, 'W_layer_units_exponent_4': 10, 'D_layers': 6, 'D_layer_units_exponent_0': 5, 'D_layer_units_exponent_1': 7, 'D_layer_units_exponent_2': 7, 'D_layer_units_exponent_3': 10, 'D_layer_units_exponent_4': 7, 'D_layer_units_exponent_5': 7, 'D_dagger_layers': 7, 'D_dagger_layer_units_exponent_0': 5, 'D_dagger_layer_units_exponent_1': 6, 'D_dagger_layer_units_exponent_2': 8, 'D_dagger_layer_units_exponent_3': 7, 'D_dagger_layer_units_exponent_4': 4, 'D_dagger_layer_units_exponent_5': 5, 'D_dagger_layer_units_exponent_6': 10, 'log_learning_rate': -1.935002041007037, 'log_learning_rate_D': -4.797762929121947, 'log_learning_rate_D_dagger': -3.431391302149605, 'training_batch_size': 12, 'training_p': 2}. Best is trial 16 with value: 0.533810019493103.
Time for this trial:  19.25588870048523
Memory status after this trial: 
Memory allocated:  439.96728515625
Memory cached:  480.0
--------------------  Trial  31   --------------------
Start timing: 
Parameters: 
{'W_layers': 4, 'W_layer_units_exponent_0': 7, 'W_layer_units_exponent_1': 6, 'W_layer_units_exponent_2': 8, 'W_layer_units_exponent_3': 10, 'D_layers': 4, 'D_layer_units_exponent_0': 5, 'D_layer_units_exponent_1': 5, 'D_layer_units_exponent_2': 8, 'D_layer_units_exponent_3': 9, 'D_dagger_layers': 6, 'D_dagger_layer_units_exponent_0': 7, 'D_dagger_layer_units_exponent_1': 8, 'D_dagger_layer_units_exponent_2': 10, 'D_dagger_layer_units_exponent_3': 8, 'D_dagger_layer_units_exponent_4': 7, 'D_dagger_layer_units_exponent_5': 6, 'log_learning_rate': -1.6518889158812582, 'log_learning_rate_D': -4.366412536551957, 'log_learning_rate_D_dagger': -3.987675206758267, 'training_batch_size': 11, 'training_p': 2}
	 epoch  0 training error:  tensor(0.9947, device='cuda:0', grad_fn=<DivBackward0>)
Memory status after this epoch: 
Memory allocated:  319.7841796875
Memory cached:  456.0
	 epoch  10 training error:  tensor(2.5840, device='cuda:0', grad_fn=<DivBackward0>)
Memory status after this epoch: 
Memory allocated:  319.7841796875
Memory cached:  456.0
	 epoch  20 training error:  tensor(1.1341, device='cuda:0', grad_fn=<DivBackward0>)
Memory status after this epoch: 
Memory allocated:  319.7841796875
Memory cached:  456.0
	 epoch  30 training error:  tensor(2.6531, device='cuda:0', grad_fn=<DivBackward0>)
Memory status after this epoch: 
Memory allocated:  319.7841796875
Memory cached:  456.0
	 epoch  40 training error:  tensor(1.1156, device='cuda:0', grad_fn=<DivBackward0>)
Memory status after this epoch: 
Memory allocated:  319.7841796875
Memory cached:  456.0
	 epoch  50 training error:  tensor(0.7872, device='cuda:0', grad_fn=<DivBackward0>)
Memory status after this epoch: 
Memory allocated:  319.7841796875
Memory cached:  456.0
	 epoch  60 training error:  tensor(0.7546, device='cuda:0', grad_fn=<DivBackward0>)
Memory status after this epoch: 
Memory allocated:  319.7841796875
Memory cached:  456.0
	 epoch  70 training error:  tensor(0.7358, device='cuda:0', grad_fn=<DivBackward0>)
Memory status after this epoch: 
Memory allocated:  319.7841796875
Memory cached:  456.0
	 epoch  80 training error:  tensor(0.7297, device='cuda:0', grad_fn=<DivBackward0>)
Memory status after this epoch: 
Memory allocated:  319.7841796875
Memory cached:  456.0
	 epoch  90 training error:  tensor(0.7269, device='cuda:0', grad_fn=<DivBackward0>)
Memory status after this epoch: 
Memory allocated:  319.7841796875
Memory cached:  456.0
[I 2023-12-07 03:54:42,436] Trial 31 finished with value: 0.6942755579948425 and parameters: {'W_layers': 4, 'W_layer_units_exponent_0': 7, 'W_layer_units_exponent_1': 6, 'W_layer_units_exponent_2': 8, 'W_layer_units_exponent_3': 10, 'D_layers': 4, 'D_layer_units_exponent_0': 5, 'D_layer_units_exponent_1': 5, 'D_layer_units_exponent_2': 8, 'D_layer_units_exponent_3': 9, 'D_dagger_layers': 6, 'D_dagger_layer_units_exponent_0': 7, 'D_dagger_layer_units_exponent_1': 8, 'D_dagger_layer_units_exponent_2': 10, 'D_dagger_layer_units_exponent_3': 8, 'D_dagger_layer_units_exponent_4': 7, 'D_dagger_layer_units_exponent_5': 6, 'log_learning_rate': -1.6518889158812582, 'log_learning_rate_D': -4.366412536551957, 'log_learning_rate_D_dagger': -3.987675206758267, 'training_batch_size': 11, 'training_p': 2}. Best is trial 16 with value: 0.533810019493103.
Time for this trial:  19.31037473678589
Memory status after this trial: 
Memory allocated:  485.08642578125
Memory cached:  514.0
--------------------  Trial  32   --------------------
Start timing: 
Parameters: 
{'W_layers': 4, 'W_layer_units_exponent_0': 7, 'W_layer_units_exponent_1': 6, 'W_layer_units_exponent_2': 9, 'W_layer_units_exponent_3': 9, 'D_layers': 5, 'D_layer_units_exponent_0': 4, 'D_layer_units_exponent_1': 5, 'D_layer_units_exponent_2': 9, 'D_layer_units_exponent_3': 8, 'D_layer_units_exponent_4': 5, 'D_dagger_layers': 6, 'D_dagger_layer_units_exponent_0': 7, 'D_dagger_layer_units_exponent_1': 9, 'D_dagger_layer_units_exponent_2': 10, 'D_dagger_layer_units_exponent_3': 9, 'D_dagger_layer_units_exponent_4': 7, 'D_dagger_layer_units_exponent_5': 7, 'log_learning_rate': -1.8577267688346135, 'log_learning_rate_D': -3.894226789637108, 'log_learning_rate_D_dagger': -3.848366755444883, 'training_batch_size': 11, 'training_p': 3}
	 epoch  0 training error:  tensor(1.0087, device='cuda:0', grad_fn=<DivBackward0>)
Memory status after this epoch: 
Memory allocated:  330.33984375
Memory cached:  476.0
	 epoch  10 training error:  tensor(1.9712, device='cuda:0', grad_fn=<DivBackward0>)
Memory status after this epoch: 
Memory allocated:  330.33984375
Memory cached:  476.0
	 epoch  20 training error:  tensor(0.9006, device='cuda:0', grad_fn=<DivBackward0>)
Memory status after this epoch: 
Memory allocated:  330.33984375
Memory cached:  476.0
	 epoch  30 training error:  tensor(0.8016, device='cuda:0', grad_fn=<DivBackward0>)
Memory status after this epoch: 
Memory allocated:  330.33984375
Memory cached:  476.0
	 epoch  40 training error:  tensor(0.7877, device='cuda:0', grad_fn=<DivBackward0>)
Memory status after this epoch: 
Memory allocated:  330.33984375
Memory cached:  476.0
	 epoch  50 training error:  tensor(0.7773, device='cuda:0', grad_fn=<DivBackward0>)
Memory status after this epoch: 
Memory allocated:  330.33984375
Memory cached:  476.0
	 epoch  60 training error:  tensor(0.7641, device='cuda:0', grad_fn=<DivBackward0>)
Memory status after this epoch: 
Memory allocated:  330.33984375
Memory cached:  476.0
	 epoch  70 training error:  tensor(0.7427, device='cuda:0', grad_fn=<DivBackward0>)
Memory status after this epoch: 
Memory allocated:  330.33984375
Memory cached:  476.0
	 epoch  80 training error:  tensor(0.6763, device='cuda:0', grad_fn=<DivBackward0>)
Memory status after this epoch: 
Memory allocated:  330.33984375
Memory cached:  476.0
	 epoch  90 training error:  tensor(0.6378, device='cuda:0', grad_fn=<DivBackward0>)
Memory status after this epoch: 
Memory allocated:  330.33984375
Memory cached:  476.0
[I 2023-12-07 03:55:02,894] Trial 32 finished with value: 0.5416013598442078 and parameters: {'W_layers': 4, 'W_layer_units_exponent_0': 7, 'W_layer_units_exponent_1': 6, 'W_layer_units_exponent_2': 9, 'W_layer_units_exponent_3': 9, 'D_layers': 5, 'D_layer_units_exponent_0': 4, 'D_layer_units_exponent_1': 5, 'D_layer_units_exponent_2': 9, 'D_layer_units_exponent_3': 8, 'D_layer_units_exponent_4': 5, 'D_dagger_layers': 6, 'D_dagger_layer_units_exponent_0': 7, 'D_dagger_layer_units_exponent_1': 9, 'D_dagger_layer_units_exponent_2': 10, 'D_dagger_layer_units_exponent_3': 9, 'D_dagger_layer_units_exponent_4': 7, 'D_dagger_layer_units_exponent_5': 7, 'log_learning_rate': -1.8577267688346135, 'log_learning_rate_D': -3.894226789637108, 'log_learning_rate_D_dagger': -3.848366755444883, 'training_batch_size': 11, 'training_p': 3}. Best is trial 16 with value: 0.533810019493103.
Time for this trial:  20.23676872253418
Memory status after this trial: 
Memory allocated:  510.23291015625
Memory cached:  550.0
--------------------  Trial  33   --------------------
Start timing: 
Parameters: 
{'W_layers': 3, 'W_layer_units_exponent_0': 7, 'W_layer_units_exponent_1': 6, 'W_layer_units_exponent_2': 9, 'D_layers': 5, 'D_layer_units_exponent_0': 4, 'D_layer_units_exponent_1': 4, 'D_layer_units_exponent_2': 9, 'D_layer_units_exponent_3': 8, 'D_layer_units_exponent_4': 5, 'D_dagger_layers': 7, 'D_dagger_layer_units_exponent_0': 6, 'D_dagger_layer_units_exponent_1': 9, 'D_dagger_layer_units_exponent_2': 9, 'D_dagger_layer_units_exponent_3': 9, 'D_dagger_layer_units_exponent_4': 8, 'D_dagger_layer_units_exponent_5': 7, 'D_dagger_layer_units_exponent_6': 7, 'log_learning_rate': -2.0530843924244175, 'log_learning_rate_D': -3.9867021456310305, 'log_learning_rate_D_dagger': -3.5213324848258982, 'training_batch_size': 11, 'training_p': 3}
	 epoch  0 training error:  tensor(1.0475, device='cuda:0', grad_fn=<DivBackward0>)
Memory status after this epoch: 
Memory allocated:  318.1708984375
Memory cached:  456.0
	 epoch  10 training error:  tensor(0.9624, device='cuda:0', grad_fn=<DivBackward0>)
Memory status after this epoch: 
Memory allocated:  318.1708984375
Memory cached:  456.0
	 epoch  20 training error:  tensor(0.7950, device='cuda:0', grad_fn=<DivBackward0>)
Memory status after this epoch: 
Memory allocated:  318.1708984375
Memory cached:  456.0
	 epoch  30 training error:  tensor(0.8049, device='cuda:0', grad_fn=<DivBackward0>)
Memory status after this epoch: 
Memory allocated:  318.1708984375
Memory cached:  456.0
	 epoch  40 training error:  tensor(0.7866, device='cuda:0', grad_fn=<DivBackward0>)
Memory status after this epoch: 
Memory allocated:  318.1708984375
Memory cached:  456.0
	 epoch  50 training error:  tensor(0.7803, device='cuda:0', grad_fn=<DivBackward0>)
Memory status after this epoch: 
Memory allocated:  318.1708984375
Memory cached:  456.0
	 epoch  60 training error:  tensor(0.7694, device='cuda:0', grad_fn=<DivBackward0>)
Memory status after this epoch: 
Memory allocated:  318.1708984375
Memory cached:  456.0
	 epoch  70 training error:  tensor(0.7548, device='cuda:0', grad_fn=<DivBackward0>)
Memory status after this epoch: 
Memory allocated:  318.1708984375
Memory cached:  456.0
	 epoch  80 training error:  tensor(0.7161, device='cuda:0', grad_fn=<DivBackward0>)
Memory status after this epoch: 
Memory allocated:  318.1708984375
Memory cached:  456.0
	 epoch  90 training error:  tensor(0.6810, device='cuda:0', grad_fn=<DivBackward0>)
Memory status after this epoch: 
Memory allocated:  318.1708984375
Memory cached:  456.0
[I 2023-12-07 03:55:22,121] Trial 33 finished with value: 0.6033360362052917 and parameters: {'W_layers': 3, 'W_layer_units_exponent_0': 7, 'W_layer_units_exponent_1': 6, 'W_layer_units_exponent_2': 9, 'D_layers': 5, 'D_layer_units_exponent_0': 4, 'D_layer_units_exponent_1': 4, 'D_layer_units_exponent_2': 9, 'D_layer_units_exponent_3': 8, 'D_layer_units_exponent_4': 5, 'D_dagger_layers': 7, 'D_dagger_layer_units_exponent_0': 6, 'D_dagger_layer_units_exponent_1': 9, 'D_dagger_layer_units_exponent_2': 9, 'D_dagger_layer_units_exponent_3': 9, 'D_dagger_layer_units_exponent_4': 8, 'D_dagger_layer_units_exponent_5': 7, 'D_dagger_layer_units_exponent_6': 7, 'log_learning_rate': -2.0530843924244175, 'log_learning_rate_D': -3.9867021456310305, 'log_learning_rate_D_dagger': -3.5213324848258982, 'training_batch_size': 11, 'training_p': 3}. Best is trial 16 with value: 0.533810019493103.
Time for this trial:  19.008606910705566
Memory status after this trial: 
Memory allocated:  459.49658203125
Memory cached:  476.0
--------------------  Trial  34   --------------------
Start timing: 
Parameters: 
{'W_layers': 3, 'W_layer_units_exponent_0': 8, 'W_layer_units_exponent_1': 5, 'W_layer_units_exponent_2': 10, 'D_layers': 5, 'D_layer_units_exponent_0': 4, 'D_layer_units_exponent_1': 5, 'D_layer_units_exponent_2': 9, 'D_layer_units_exponent_3': 8, 'D_layer_units_exponent_4': 5, 'D_dagger_layers': 6, 'D_dagger_layer_units_exponent_0': 7, 'D_dagger_layer_units_exponent_1': 10, 'D_dagger_layer_units_exponent_2': 10, 'D_dagger_layer_units_exponent_3': 10, 'D_dagger_layer_units_exponent_4': 8, 'D_dagger_layer_units_exponent_5': 9, 'log_learning_rate': -2.3188048351441664, 'log_learning_rate_D': -4.5282040953263065, 'log_learning_rate_D_dagger': -3.7171083914238485, 'training_batch_size': 12, 'training_p': 5}
	 epoch  0 training error:  tensor(0.9948, device='cuda:0', grad_fn=<DivBackward0>)
Memory status after this epoch: 
Memory allocated:  348.880859375
Memory cached:  472.0
	 epoch  10 training error:  tensor(0.9245, device='cuda:0', grad_fn=<DivBackward0>)
Memory status after this epoch: 
Memory allocated:  348.880859375
Memory cached:  472.0
	 epoch  20 training error:  tensor(0.8657, device='cuda:0', grad_fn=<DivBackward0>)
Memory status after this epoch: 
Memory allocated:  348.880859375
Memory cached:  472.0
	 epoch  30 training error:  tensor(0.8391, device='cuda:0', grad_fn=<DivBackward0>)
Memory status after this epoch: 
Memory allocated:  348.880859375
Memory cached:  472.0
	 epoch  40 training error:  tensor(0.8259, device='cuda:0', grad_fn=<DivBackward0>)
Memory status after this epoch: 
Memory allocated:  348.880859375
Memory cached:  472.0
	 epoch  50 training error:  tensor(0.8163, device='cuda:0', grad_fn=<DivBackward0>)
Memory status after this epoch: 
Memory allocated:  348.880859375
Memory cached:  472.0
	 epoch  60 training error:  tensor(0.8021, device='cuda:0', grad_fn=<DivBackward0>)
Memory status after this epoch: 
Memory allocated:  348.880859375
Memory cached:  472.0
	 epoch  70 training error:  tensor(0.7730, device='cuda:0', grad_fn=<DivBackward0>)
Memory status after this epoch: 
Memory allocated:  348.880859375
Memory cached:  472.0
	 epoch  80 training error:  tensor(0.7792, device='cuda:0', grad_fn=<DivBackward0>)
Memory status after this epoch: 
Memory allocated:  348.880859375
Memory cached:  472.0
	 epoch  90 training error:  tensor(0.7488, device='cuda:0', grad_fn=<DivBackward0>)
Memory status after this epoch: 
Memory allocated:  348.880859375
Memory cached:  472.0
[I 2023-12-07 03:55:42,970] Trial 34 finished with value: 0.6263335943222046 and parameters: {'W_layers': 3, 'W_layer_units_exponent_0': 8, 'W_layer_units_exponent_1': 5, 'W_layer_units_exponent_2': 10, 'D_layers': 5, 'D_layer_units_exponent_0': 4, 'D_layer_units_exponent_1': 5, 'D_layer_units_exponent_2': 9, 'D_layer_units_exponent_3': 8, 'D_layer_units_exponent_4': 5, 'D_dagger_layers': 6, 'D_dagger_layer_units_exponent_0': 7, 'D_dagger_layer_units_exponent_1': 10, 'D_dagger_layer_units_exponent_2': 10, 'D_dagger_layer_units_exponent_3': 10, 'D_dagger_layer_units_exponent_4': 8, 'D_dagger_layer_units_exponent_5': 9, 'log_learning_rate': -2.3188048351441664, 'log_learning_rate_D': -4.5282040953263065, 'log_learning_rate_D_dagger': -3.7171083914238485, 'training_batch_size': 12, 'training_p': 5}. Best is trial 16 with value: 0.533810019493103.
Time for this trial:  20.643642902374268
Memory status after this trial: 
Memory allocated:  599.96630859375
Memory cached:  660.0
--------------------  Trial  35   --------------------
Start timing: 
Parameters: 
{'W_layers': 4, 'W_layer_units_exponent_0': 9, 'W_layer_units_exponent_1': 7, 'W_layer_units_exponent_2': 9, 'W_layer_units_exponent_3': 8, 'D_layers': 3, 'D_layer_units_exponent_0': 5, 'D_layer_units_exponent_1': 6, 'D_layer_units_exponent_2': 9, 'D_dagger_layers': 8, 'D_dagger_layer_units_exponent_0': 8, 'D_dagger_layer_units_exponent_1': 10, 'D_dagger_layer_units_exponent_2': 8, 'D_dagger_layer_units_exponent_3': 9, 'D_dagger_layer_units_exponent_4': 5, 'D_dagger_layer_units_exponent_5': 4, 'D_dagger_layer_units_exponent_6': 9, 'D_dagger_layer_units_exponent_7': 7, 'log_learning_rate': -1.922083859092738, 'log_learning_rate_D': -4.166819075155509, 'log_learning_rate_D_dagger': -3.1855607876293996, 'training_batch_size': 10, 'training_p': 3}
	 epoch  0 training error:  tensor(0.9951, device='cuda:0', grad_fn=<DivBackward0>)
Memory status after this epoch: 
Memory allocated:  321.2734375
Memory cached:  456.0
	 epoch  10 training error:  tensor(1.6133, device='cuda:0', grad_fn=<DivBackward0>)
Memory status after this epoch: 
Memory allocated:  321.2734375
Memory cached:  458.0
	 epoch  20 training error:  tensor(1.0497, device='cuda:0', grad_fn=<DivBackward0>)
Memory status after this epoch: 
Memory allocated:  321.2734375
Memory cached:  458.0
	 epoch  30 training error:  tensor(0.8381, device='cuda:0', grad_fn=<DivBackward0>)
Memory status after this epoch: 
Memory allocated:  321.2734375
Memory cached:  458.0
	 epoch  40 training error:  tensor(0.7838, device='cuda:0', grad_fn=<DivBackward0>)
Memory status after this epoch: 
Memory allocated:  321.2734375
Memory cached:  458.0
	 epoch  50 training error:  tensor(0.7704, device='cuda:0', grad_fn=<DivBackward0>)
Memory status after this epoch: 
Memory allocated:  321.2734375
Memory cached:  458.0
	 epoch  60 training error:  tensor(0.7504, device='cuda:0', grad_fn=<DivBackward0>)
Memory status after this epoch: 
Memory allocated:  321.2734375
Memory cached:  458.0
	 epoch  70 training error:  tensor(0.7170, device='cuda:0', grad_fn=<DivBackward0>)
Memory status after this epoch: 
Memory allocated:  321.2734375
Memory cached:  458.0
	 epoch  80 training error:  tensor(0.7385, device='cuda:0', grad_fn=<DivBackward0>)
Memory status after this epoch: 
Memory allocated:  321.2734375
Memory cached:  458.0
	 epoch  90 training error:  tensor(0.6564, device='cuda:0', grad_fn=<DivBackward0>)
Memory status after this epoch: 
Memory allocated:  321.2734375
Memory cached:  458.0
