[I 2023-12-02 23:02:33,865] Trial 11 finished with value: 0.05262642726302147 and parameters: {'W_layers': 2, 'W_layer_units_exponent_0': 6, 'W_layer_units_exponent_1': 5, 'D_layers': 2, 'D_layer_units_exponent_0': 7, 'D_layer_units_exponent_1': 10, 'log_learning_rate': -3.279734714635154, 'log_learning_rate_D': -4.775584707756857, 'training_batch_size': 11, 'training_p': 7}. Best is trial 1 with value: 0.039891041815280914.
Time for this trial:  31.894949674606323
Memory status after this trial: 
Memory allocated:  82.490234375
Memory cached:  132.0
--------------------  Trial  12   --------------------
Start timing: 
Parameters: 
{'W_layers': 4, 'W_layer_units_exponent_0': 8, 'W_layer_units_exponent_1': 9, 'W_layer_units_exponent_2': 7, 'W_layer_units_exponent_3': 4, 'D_layers': 5, 'D_layer_units_exponent_0': 10, 'D_layer_units_exponent_1': 6, 'D_layer_units_exponent_2': 7, 'D_layer_units_exponent_3': 10, 'D_layer_units_exponent_4': 10, 'log_learning_rate': -4.862835929973448, 'log_learning_rate_D': -1.3885235937948512, 'training_batch_size': 9, 'training_p': 2}
	 epoch  0 training error:  tensor(2.0726, device='cuda:0', grad_fn=<DivBackward0>)
Memory status after this epoch: 
Memory allocated:  75.35888671875
Memory cached:  154.0
[W 2023-12-02 23:02:35,773] Trial 12 failed with parameters: {'W_layers': 4, 'W_layer_units_exponent_0': 8, 'W_layer_units_exponent_1': 9, 'W_layer_units_exponent_2': 7, 'W_layer_units_exponent_3': 4, 'D_layers': 5, 'D_layer_units_exponent_0': 10, 'D_layer_units_exponent_1': 6, 'D_layer_units_exponent_2': 7, 'D_layer_units_exponent_3': 10, 'D_layer_units_exponent_4': 10, 'log_learning_rate': -4.862835929973448, 'log_learning_rate_D': -1.3885235937948512, 'training_batch_size': 9, 'training_p': 2} because of the following error: The value nan is not acceptable.
[W 2023-12-02 23:02:35,774] Trial 12 failed with value tensor(nan, device='cuda:0', grad_fn=<DivBackward0>).
Time for this trial:  1.7260873317718506
Memory status after this trial: 
Memory allocated:  159.2060546875
Memory cached:  176.0
--------------------  Trial  13   --------------------
Start timing: 
Parameters: 
{'W_layers': 4, 'W_layer_units_exponent_0': 8, 'W_layer_units_exponent_1': 9, 'W_layer_units_exponent_2': 7, 'W_layer_units_exponent_3': 4, 'D_layers': 5, 'D_layer_units_exponent_0': 10, 'D_layer_units_exponent_1': 6, 'D_layer_units_exponent_2': 7, 'D_layer_units_exponent_3': 9, 'D_layer_units_exponent_4': 10, 'log_learning_rate': -4.91105457956146, 'log_learning_rate_D': -1.549763826322481, 'training_batch_size': 9, 'training_p': 2}
	 epoch  0 training error:  tensor(0.2984, device='cuda:0', grad_fn=<DivBackward0>)
Memory status after this epoch: 
Memory allocated:  66.35107421875
Memory cached:  156.0
[W 2023-12-02 23:02:38,343] Trial 13 failed with parameters: {'W_layers': 4, 'W_layer_units_exponent_0': 8, 'W_layer_units_exponent_1': 9, 'W_layer_units_exponent_2': 7, 'W_layer_units_exponent_3': 4, 'D_layers': 5, 'D_layer_units_exponent_0': 10, 'D_layer_units_exponent_1': 6, 'D_layer_units_exponent_2': 7, 'D_layer_units_exponent_3': 9, 'D_layer_units_exponent_4': 10, 'log_learning_rate': -4.91105457956146, 'log_learning_rate_D': -1.549763826322481, 'training_batch_size': 9, 'training_p': 2} because of the following error: The value nan is not acceptable.
[W 2023-12-02 23:02:38,348] Trial 13 failed with value tensor(nan, device='cuda:0', grad_fn=<DivBackward0>).
Time for this trial:  2.376356601715088
Memory status after this trial: 
Memory allocated:  143.1005859375
Memory cached:  162.0
--------------------  Trial  14   --------------------
Start timing: 
Parameters: 
{'W_layers': 5, 'W_layer_units_exponent_0': 8, 'W_layer_units_exponent_1': 9, 'W_layer_units_exponent_2': 7, 'W_layer_units_exponent_3': 4, 'W_layer_units_exponent_4': 7, 'D_layers': 5, 'D_layer_units_exponent_0': 10, 'D_layer_units_exponent_1': 6, 'D_layer_units_exponent_2': 7, 'D_layer_units_exponent_3': 10, 'D_layer_units_exponent_4': 10, 'log_learning_rate': -4.62393371412588, 'log_learning_rate_D': -1.4433949323291935, 'training_batch_size': 9, 'training_p': 2}
	 epoch  0 training error:  tensor(0.1466, device='cuda:0', grad_fn=<DivBackward0>)
Memory status after this epoch: 
Memory allocated:  75.39208984375
Memory cached:  154.0
[W 2023-12-02 23:02:40,414] Trial 14 failed with parameters: {'W_layers': 5, 'W_layer_units_exponent_0': 8, 'W_layer_units_exponent_1': 9, 'W_layer_units_exponent_2': 7, 'W_layer_units_exponent_3': 4, 'W_layer_units_exponent_4': 7, 'D_layers': 5, 'D_layer_units_exponent_0': 10, 'D_layer_units_exponent_1': 6, 'D_layer_units_exponent_2': 7, 'D_layer_units_exponent_3': 10, 'D_layer_units_exponent_4': 10, 'log_learning_rate': -4.62393371412588, 'log_learning_rate_D': -1.4433949323291935, 'training_batch_size': 9, 'training_p': 2} because of the following error: The value nan is not acceptable.
[W 2023-12-02 23:02:40,415] Trial 14 failed with value tensor(nan, device='cuda:0', grad_fn=<DivBackward0>).
Time for this trial:  1.8684167861938477
Memory status after this trial: 
Memory allocated:  162.15234375
Memory cached:  178.0
--------------------  Trial  15   --------------------
Start timing: 
Parameters: 
{'W_layers': 4, 'W_layer_units_exponent_0': 8, 'W_layer_units_exponent_1': 9, 'W_layer_units_exponent_2': 7, 'W_layer_units_exponent_3': 4, 'D_layers': 5, 'D_layer_units_exponent_0': 10, 'D_layer_units_exponent_1': 6, 'D_layer_units_exponent_2': 7, 'D_layer_units_exponent_3': 10, 'D_layer_units_exponent_4': 10, 'log_learning_rate': -4.817367300056352, 'log_learning_rate_D': -1.3045385774092657, 'training_batch_size': 9, 'training_p': 2}
	 epoch  0 training error:  tensor(1.2037, device='cuda:0', grad_fn=<DivBackward0>)
Memory status after this epoch: 
Memory allocated:  75.35888671875
Memory cached:  154.0
[W 2023-12-02 23:02:42,496] Trial 15 failed with parameters: {'W_layers': 4, 'W_layer_units_exponent_0': 8, 'W_layer_units_exponent_1': 9, 'W_layer_units_exponent_2': 7, 'W_layer_units_exponent_3': 4, 'D_layers': 5, 'D_layer_units_exponent_0': 10, 'D_layer_units_exponent_1': 6, 'D_layer_units_exponent_2': 7, 'D_layer_units_exponent_3': 10, 'D_layer_units_exponent_4': 10, 'log_learning_rate': -4.817367300056352, 'log_learning_rate_D': -1.3045385774092657, 'training_batch_size': 9, 'training_p': 2} because of the following error: The value nan is not acceptable.
[W 2023-12-02 23:02:42,497] Trial 15 failed with value tensor(nan, device='cuda:0', grad_fn=<DivBackward0>).
Time for this trial:  1.8749871253967285
Memory status after this trial: 
Memory allocated:  159.2060546875
Memory cached:  176.0
--------------------  Trial  16   --------------------
Start timing: 
Parameters: 
{'W_layers': 5, 'W_layer_units_exponent_0': 8, 'W_layer_units_exponent_1': 9, 'W_layer_units_exponent_2': 7, 'W_layer_units_exponent_3': 4, 'W_layer_units_exponent_4': 7, 'D_layers': 5, 'D_layer_units_exponent_0': 10, 'D_layer_units_exponent_1': 6, 'D_layer_units_exponent_2': 7, 'D_layer_units_exponent_3': 10, 'D_layer_units_exponent_4': 10, 'log_learning_rate': -4.758763342591761, 'log_learning_rate_D': -1.4776866565861213, 'training_batch_size': 9, 'training_p': 2}
	 epoch  0 training error:  tensor(1.1144, device='cuda:0', grad_fn=<DivBackward0>)
Memory status after this epoch: 
Memory allocated:  75.39208984375
Memory cached:  154.0
[W 2023-12-02 23:02:44,701] Trial 16 failed with parameters: {'W_layers': 5, 'W_layer_units_exponent_0': 8, 'W_layer_units_exponent_1': 9, 'W_layer_units_exponent_2': 7, 'W_layer_units_exponent_3': 4, 'W_layer_units_exponent_4': 7, 'D_layers': 5, 'D_layer_units_exponent_0': 10, 'D_layer_units_exponent_1': 6, 'D_layer_units_exponent_2': 7, 'D_layer_units_exponent_3': 10, 'D_layer_units_exponent_4': 10, 'log_learning_rate': -4.758763342591761, 'log_learning_rate_D': -1.4776866565861213, 'training_batch_size': 9, 'training_p': 2} because of the following error: The value nan is not acceptable.
[W 2023-12-02 23:02:44,701] Trial 16 failed with value tensor(nan, device='cuda:0', grad_fn=<DivBackward0>).
Time for this trial:  2.0005581378936768
Memory status after this trial: 
Memory allocated:  162.15234375
Memory cached:  178.0
--------------------  Trial  17   --------------------
Start timing: 
Parameters: 
{'W_layers': 4, 'W_layer_units_exponent_0': 8, 'W_layer_units_exponent_1': 9, 'W_layer_units_exponent_2': 7, 'W_layer_units_exponent_3': 4, 'D_layers': 5, 'D_layer_units_exponent_0': 9, 'D_layer_units_exponent_1': 6, 'D_layer_units_exponent_2': 7, 'D_layer_units_exponent_3': 10, 'D_layer_units_exponent_4': 10, 'log_learning_rate': -4.563034863362305, 'log_learning_rate_D': -1.3275631346446923, 'training_batch_size': 9, 'training_p': 2}
	 epoch  0 training error:  tensor(0.6056, device='cuda:0', grad_fn=<DivBackward0>)
Memory status after this epoch: 
Memory allocated:  74.82763671875
Memory cached:  154.0
[W 2023-12-02 23:02:46,586] Trial 17 failed with parameters: {'W_layers': 4, 'W_layer_units_exponent_0': 8, 'W_layer_units_exponent_1': 9, 'W_layer_units_exponent_2': 7, 'W_layer_units_exponent_3': 4, 'D_layers': 5, 'D_layer_units_exponent_0': 9, 'D_layer_units_exponent_1': 6, 'D_layer_units_exponent_2': 7, 'D_layer_units_exponent_3': 10, 'D_layer_units_exponent_4': 10, 'log_learning_rate': -4.563034863362305, 'log_learning_rate_D': -1.3275631346446923, 'training_batch_size': 9, 'training_p': 2} because of the following error: The value nan is not acceptable.
[W 2023-12-02 23:02:46,586] Trial 17 failed with value tensor(nan, device='cuda:0', grad_fn=<DivBackward0>).
Time for this trial:  1.7126963138580322
Memory status after this trial: 
Memory allocated:  147.3388671875
Memory cached:  164.0
--------------------  Trial  18   --------------------
Start timing: 
Parameters: 
{'W_layers': 4, 'W_layer_units_exponent_0': 8, 'W_layer_units_exponent_1': 9, 'W_layer_units_exponent_2': 7, 'W_layer_units_exponent_3': 4, 'D_layers': 5, 'D_layer_units_exponent_0': 10, 'D_layer_units_exponent_1': 6, 'D_layer_units_exponent_2': 7, 'D_layer_units_exponent_3': 10, 'D_layer_units_exponent_4': 10, 'log_learning_rate': -4.93572690542139, 'log_learning_rate_D': -1.629283661946633, 'training_batch_size': 9, 'training_p': 2}
	 epoch  0 training error:  tensor(0.2439, device='cuda:0', grad_fn=<DivBackward0>)
Memory status after this epoch: 
Memory allocated:  75.35888671875
Memory cached:  154.0
[W 2023-12-02 23:02:49,210] Trial 18 failed with parameters: {'W_layers': 4, 'W_layer_units_exponent_0': 8, 'W_layer_units_exponent_1': 9, 'W_layer_units_exponent_2': 7, 'W_layer_units_exponent_3': 4, 'D_layers': 5, 'D_layer_units_exponent_0': 10, 'D_layer_units_exponent_1': 6, 'D_layer_units_exponent_2': 7, 'D_layer_units_exponent_3': 10, 'D_layer_units_exponent_4': 10, 'log_learning_rate': -4.93572690542139, 'log_learning_rate_D': -1.629283661946633, 'training_batch_size': 9, 'training_p': 2} because of the following error: The value nan is not acceptable.
[W 2023-12-02 23:02:49,210] Trial 18 failed with value tensor(nan, device='cuda:0', grad_fn=<DivBackward0>).
Time for this trial:  2.4452879428863525
Memory status after this trial: 
Memory allocated:  159.2060546875
Memory cached:  176.0
--------------------  Trial  19   --------------------
Start timing: 
Parameters: 
{'W_layers': 4, 'W_layer_units_exponent_0': 8, 'W_layer_units_exponent_1': 9, 'W_layer_units_exponent_2': 7, 'W_layer_units_exponent_3': 4, 'D_layers': 5, 'D_layer_units_exponent_0': 10, 'D_layer_units_exponent_1': 6, 'D_layer_units_exponent_2': 7, 'D_layer_units_exponent_3': 10, 'D_layer_units_exponent_4': 10, 'log_learning_rate': -4.921308215990525, 'log_learning_rate_D': -1.4952606775015391, 'training_batch_size': 9, 'training_p': 2}
	 epoch  0 training error:  tensor(0.6415, device='cuda:0', grad_fn=<DivBackward0>)
Memory status after this epoch: 
Memory allocated:  75.35888671875
Memory cached:  154.0
[W 2023-12-02 23:02:51,250] Trial 19 failed with parameters: {'W_layers': 4, 'W_layer_units_exponent_0': 8, 'W_layer_units_exponent_1': 9, 'W_layer_units_exponent_2': 7, 'W_layer_units_exponent_3': 4, 'D_layers': 5, 'D_layer_units_exponent_0': 10, 'D_layer_units_exponent_1': 6, 'D_layer_units_exponent_2': 7, 'D_layer_units_exponent_3': 10, 'D_layer_units_exponent_4': 10, 'log_learning_rate': -4.921308215990525, 'log_learning_rate_D': -1.4952606775015391, 'training_batch_size': 9, 'training_p': 2} because of the following error: The value nan is not acceptable.
[W 2023-12-02 23:02:51,251] Trial 19 failed with value tensor(nan, device='cuda:0', grad_fn=<DivBackward0>).
Time for this trial:  1.8448576927185059
Memory status after this trial: 
Memory allocated:  159.2060546875
Memory cached:  176.0
--------------------  Trial  20   --------------------
Start timing: 
Parameters: 
{'W_layers': 4, 'W_layer_units_exponent_0': 8, 'W_layer_units_exponent_1': 9, 'W_layer_units_exponent_2': 7, 'W_layer_units_exponent_3': 4, 'D_layers': 5, 'D_layer_units_exponent_0': 10, 'D_layer_units_exponent_1': 6, 'D_layer_units_exponent_2': 7, 'D_layer_units_exponent_3': 10, 'D_layer_units_exponent_4': 10, 'log_learning_rate': -4.943198153728565, 'log_learning_rate_D': -1.4546121605727471, 'training_batch_size': 9, 'training_p': 2}
	 epoch  0 training error:  tensor(1.2044, device='cuda:0', grad_fn=<DivBackward0>)
Memory status after this epoch: 
Memory allocated:  75.35888671875
Memory cached:  154.0
[W 2023-12-02 23:02:53,214] Trial 20 failed with parameters: {'W_layers': 4, 'W_layer_units_exponent_0': 8, 'W_layer_units_exponent_1': 9, 'W_layer_units_exponent_2': 7, 'W_layer_units_exponent_3': 4, 'D_layers': 5, 'D_layer_units_exponent_0': 10, 'D_layer_units_exponent_1': 6, 'D_layer_units_exponent_2': 7, 'D_layer_units_exponent_3': 10, 'D_layer_units_exponent_4': 10, 'log_learning_rate': -4.943198153728565, 'log_learning_rate_D': -1.4546121605727471, 'training_batch_size': 9, 'training_p': 2} because of the following error: The value nan is not acceptable.
[W 2023-12-02 23:02:53,215] Trial 20 failed with value tensor(nan, device='cuda:0', grad_fn=<DivBackward0>).
Time for this trial:  1.7785563468933105
Memory status after this trial: 
Memory allocated:  159.2060546875
Memory cached:  176.0
--------------------  Trial  21   --------------------
Start timing: 
Parameters: 
{'W_layers': 4, 'W_layer_units_exponent_0': 8, 'W_layer_units_exponent_1': 9, 'W_layer_units_exponent_2': 8, 'W_layer_units_exponent_3': 4, 'D_layers': 5, 'D_layer_units_exponent_0': 9, 'D_layer_units_exponent_1': 6, 'D_layer_units_exponent_2': 7, 'D_layer_units_exponent_3': 10, 'D_layer_units_exponent_4': 10, 'log_learning_rate': -4.934880947861461, 'log_learning_rate_D': -1.4653019917920571, 'training_batch_size': 9, 'training_p': 2}
	 epoch  0 training error:  tensor(2.3987, device='cuda:0', grad_fn=<DivBackward0>)
Memory status after this epoch: 
Memory allocated:  75.86083984375
Memory cached:  156.0
[W 2023-12-02 23:02:55,542] Trial 21 failed with parameters: {'W_layers': 4, 'W_layer_units_exponent_0': 8, 'W_layer_units_exponent_1': 9, 'W_layer_units_exponent_2': 8, 'W_layer_units_exponent_3': 4, 'D_layers': 5, 'D_layer_units_exponent_0': 9, 'D_layer_units_exponent_1': 6, 'D_layer_units_exponent_2': 7, 'D_layer_units_exponent_3': 10, 'D_layer_units_exponent_4': 10, 'log_learning_rate': -4.934880947861461, 'log_learning_rate_D': -1.4653019917920571, 'training_batch_size': 9, 'training_p': 2} because of the following error: The value nan is not acceptable.
[W 2023-12-02 23:02:55,543] Trial 21 failed with value tensor(nan, device='cuda:0', grad_fn=<DivBackward0>).
Time for this trial:  2.1563501358032227
Memory status after this trial: 
Memory allocated:  150.78515625
Memory cached:  168.0
--------------------  Trial  22   --------------------
Start timing: 
Parameters: 
{'W_layers': 4, 'W_layer_units_exponent_0': 8, 'W_layer_units_exponent_1': 9, 'W_layer_units_exponent_2': 7, 'W_layer_units_exponent_3': 4, 'D_layers': 5, 'D_layer_units_exponent_0': 10, 'D_layer_units_exponent_1': 6, 'D_layer_units_exponent_2': 7, 'D_layer_units_exponent_3': 10, 'D_layer_units_exponent_4': 10, 'log_learning_rate': -4.907948397074884, 'log_learning_rate_D': -1.4827375170030268, 'training_batch_size': 9, 'training_p': 2}
	 epoch  0 training error:  tensor(2.7771, device='cuda:0', grad_fn=<DivBackward0>)
Memory status after this epoch: 
Memory allocated:  75.35888671875
Memory cached:  154.0
[W 2023-12-02 23:02:57,455] Trial 22 failed with parameters: {'W_layers': 4, 'W_layer_units_exponent_0': 8, 'W_layer_units_exponent_1': 9, 'W_layer_units_exponent_2': 7, 'W_layer_units_exponent_3': 4, 'D_layers': 5, 'D_layer_units_exponent_0': 10, 'D_layer_units_exponent_1': 6, 'D_layer_units_exponent_2': 7, 'D_layer_units_exponent_3': 10, 'D_layer_units_exponent_4': 10, 'log_learning_rate': -4.907948397074884, 'log_learning_rate_D': -1.4827375170030268, 'training_batch_size': 9, 'training_p': 2} because of the following error: The value nan is not acceptable.
[W 2023-12-02 23:02:57,456] Trial 22 failed with value tensor(nan, device='cuda:0', grad_fn=<DivBackward0>).
Time for this trial:  1.7280309200286865
Memory status after this trial: 
Memory allocated:  159.2060546875
Memory cached:  176.0
--------------------  Trial  23   --------------------
Start timing: 
Parameters: 
{'W_layers': 4, 'W_layer_units_exponent_0': 8, 'W_layer_units_exponent_1': 9, 'W_layer_units_exponent_2': 7, 'W_layer_units_exponent_3': 4, 'D_layers': 5, 'D_layer_units_exponent_0': 10, 'D_layer_units_exponent_1': 6, 'D_layer_units_exponent_2': 7, 'D_layer_units_exponent_3': 10, 'D_layer_units_exponent_4': 10, 'log_learning_rate': -4.73402327117577, 'log_learning_rate_D': -1.3943330482370166, 'training_batch_size': 9, 'training_p': 2}
	 epoch  0 training error:  tensor(1.4965, device='cuda:0', grad_fn=<DivBackward0>)
Memory status after this epoch: 
Memory allocated:  75.35888671875
Memory cached:  154.0
[W 2023-12-02 23:02:59,424] Trial 23 failed with parameters: {'W_layers': 4, 'W_layer_units_exponent_0': 8, 'W_layer_units_exponent_1': 9, 'W_layer_units_exponent_2': 7, 'W_layer_units_exponent_3': 4, 'D_layers': 5, 'D_layer_units_exponent_0': 10, 'D_layer_units_exponent_1': 6, 'D_layer_units_exponent_2': 7, 'D_layer_units_exponent_3': 10, 'D_layer_units_exponent_4': 10, 'log_learning_rate': -4.73402327117577, 'log_learning_rate_D': -1.3943330482370166, 'training_batch_size': 9, 'training_p': 2} because of the following error: The value nan is not acceptable.
[W 2023-12-02 23:02:59,425] Trial 23 failed with value tensor(nan, device='cuda:0', grad_fn=<DivBackward0>).
Time for this trial:  1.7815935611724854
Memory status after this trial: 
Memory allocated:  159.2060546875
Memory cached:  176.0
--------------------  Trial  24   --------------------
Start timing: 
Parameters: 
{'W_layers': 4, 'W_layer_units_exponent_0': 8, 'W_layer_units_exponent_1': 9, 'W_layer_units_exponent_2': 7, 'W_layer_units_exponent_3': 4, 'D_layers': 5, 'D_layer_units_exponent_0': 10, 'D_layer_units_exponent_1': 6, 'D_layer_units_exponent_2': 7, 'D_layer_units_exponent_3': 10, 'D_layer_units_exponent_4': 10, 'log_learning_rate': -4.79415473299416, 'log_learning_rate_D': -1.120912304132958, 'training_batch_size': 9, 'training_p': 2}
	 epoch  0 training error:  tensor(0.5144, device='cuda:0', grad_fn=<DivBackward0>)
Memory status after this epoch: 
Memory allocated:  75.35888671875
Memory cached:  154.0
[W 2023-12-02 23:03:01,245] Trial 24 failed with parameters: {'W_layers': 4, 'W_layer_units_exponent_0': 8, 'W_layer_units_exponent_1': 9, 'W_layer_units_exponent_2': 7, 'W_layer_units_exponent_3': 4, 'D_layers': 5, 'D_layer_units_exponent_0': 10, 'D_layer_units_exponent_1': 6, 'D_layer_units_exponent_2': 7, 'D_layer_units_exponent_3': 10, 'D_layer_units_exponent_4': 10, 'log_learning_rate': -4.79415473299416, 'log_learning_rate_D': -1.120912304132958, 'training_batch_size': 9, 'training_p': 2} because of the following error: The value nan is not acceptable.
[W 2023-12-02 23:03:01,246] Trial 24 failed with value tensor(nan, device='cuda:0', grad_fn=<DivBackward0>).
Time for this trial:  1.6298794746398926
Memory status after this trial: 
Memory allocated:  159.2060546875
Memory cached:  176.0
--------------------  Trial  25   --------------------
Start timing: 
Parameters: 
{'W_layers': 4, 'W_layer_units_exponent_0': 8, 'W_layer_units_exponent_1': 9, 'W_layer_units_exponent_2': 7, 'W_layer_units_exponent_3': 4, 'D_layers': 5, 'D_layer_units_exponent_0': 10, 'D_layer_units_exponent_1': 6, 'D_layer_units_exponent_2': 7, 'D_layer_units_exponent_3': 10, 'D_layer_units_exponent_4': 10, 'log_learning_rate': -4.899621781739375, 'log_learning_rate_D': -1.4885520905785163, 'training_batch_size': 9, 'training_p': 2}
	 epoch  0 training error:  tensor(1.4317, device='cuda:0', grad_fn=<DivBackward0>)
Memory status after this epoch: 
Memory allocated:  75.35888671875
Memory cached:  154.0
[W 2023-12-02 23:03:03,194] Trial 25 failed with parameters: {'W_layers': 4, 'W_layer_units_exponent_0': 8, 'W_layer_units_exponent_1': 9, 'W_layer_units_exponent_2': 7, 'W_layer_units_exponent_3': 4, 'D_layers': 5, 'D_layer_units_exponent_0': 10, 'D_layer_units_exponent_1': 6, 'D_layer_units_exponent_2': 7, 'D_layer_units_exponent_3': 10, 'D_layer_units_exponent_4': 10, 'log_learning_rate': -4.899621781739375, 'log_learning_rate_D': -1.4885520905785163, 'training_batch_size': 9, 'training_p': 2} because of the following error: The value nan is not acceptable.
[W 2023-12-02 23:03:03,196] Trial 25 failed with value tensor(nan, device='cuda:0', grad_fn=<DivBackward0>).
Time for this trial:  1.7634809017181396
Memory status after this trial: 
Memory allocated:  159.2060546875
Memory cached:  176.0
--------------------  Trial  26   --------------------
Start timing: 
Parameters: 
{'W_layers': 4, 'W_layer_units_exponent_0': 8, 'W_layer_units_exponent_1': 9, 'W_layer_units_exponent_2': 7, 'W_layer_units_exponent_3': 4, 'D_layers': 5, 'D_layer_units_exponent_0': 9, 'D_layer_units_exponent_1': 6, 'D_lay