[I 2024-01-12 18:32:55,332] Trial 23 finished with value: 0.34513619542121887 and parameters: {'W_layers': 5, 'W_layer_units_exponent_0': 10, 'W_layer_units_exponent_1': 10, 'W_layer_units_exponent_2': 9, 'W_layer_units_exponent_3': 6, 'W_layer_units_exponent_4': 6, 'D_layers': 6, 'D_layer_units_exponent_0': 9, 'D_layer_units_exponent_1': 9, 'D_layer_units_exponent_2': 5, 'D_layer_units_exponent_3': 4, 'D_layer_units_exponent_4': 8, 'D_layer_units_exponent_5': 6, 'D_dagger_layers': 4, 'D_dagger_layer_units_exponent_0': 7, 'D_dagger_layer_units_exponent_1': 7, 'D_dagger_layer_units_exponent_2': 6, 'D_dagger_layer_units_exponent_3': 9, 'log_learning_rate': -4.271972503863489, 'log_learning_rate_D': -3.7975151716547715, 'log_learning_rate_D_dagger': -3.2715792826359813, 'training_batch_size': 8, 'training_p': 4}. Best is trial 12 with value: 0.16188763082027435.
Time for this trial:  235.95963644981384
Memory status after this trial: 
Memory allocated:  969.966796875
Memory cached:  982.0
--------------------  Trial  24   --------------------
Start timing: 
Parameters: 
{'W_layers': 4, 'W_layer_units_exponent_0': 9, 'W_layer_units_exponent_1': 9, 'W_layer_units_exponent_2': 10, 'W_layer_units_exponent_3': 8, 'D_layers': 4, 'D_layer_units_exponent_0': 8, 'D_layer_units_exponent_1': 7, 'D_layer_units_exponent_2': 6, 'D_layer_units_exponent_3': 5, 'D_dagger_layers': 3, 'D_dagger_layer_units_exponent_0': 8, 'D_dagger_layer_units_exponent_1': 9, 'D_dagger_layer_units_exponent_2': 5, 'log_learning_rate': -4.437841813427667, 'log_learning_rate_D': -4.109634952904423, 'log_learning_rate_D_dagger': -2.924430502666065, 'training_batch_size': 7, 'training_p': 5}
	 epoch  0 training error:  tensor(0.9378, device='cuda:0', grad_fn=<DivBackward0>)
Memory status after this epoch: 
Memory allocated:  460.13720703125
Memory cached:  774.0
	 epoch  10 training error:  tensor(0.4830, device='cuda:0', grad_fn=<DivBackward0>)
Memory status after this epoch: 
Memory allocated:  460.13720703125
Memory cached:  780.0
	 epoch  20 training error:  tensor(0.4772, device='cuda:0', grad_fn=<DivBackward0>)
Memory status after this epoch: 
Memory allocated:  460.13720703125
Memory cached:  776.0
	 epoch  30 training error:  tensor(0.4780, device='cuda:0', grad_fn=<DivBackward0>)
Memory status after this epoch: 
Memory allocated:  460.13720703125
Memory cached:  778.0
	 epoch  40 training error:  tensor(0.4763, device='cuda:0', grad_fn=<DivBackward0>)
Memory status after this epoch: 
Memory allocated:  460.13720703125
Memory cached:  780.0
	 epoch  50 training error:  tensor(0.4757, device='cuda:0', grad_fn=<DivBackward0>)
Memory status after this epoch: 
Memory allocated:  460.13720703125
Memory cached:  782.0
	 epoch  60 training error:  tensor(0.4562, device='cuda:0', grad_fn=<DivBackward0>)
Memory status after this epoch: 
Memory allocated:  460.13720703125
Memory cached:  782.0
	 epoch  70 training error:  tensor(0.4382, device='cuda:0', grad_fn=<DivBackward0>)
Memory status after this epoch: 
Memory allocated:  460.13720703125
Memory cached:  774.0
	 epoch  80 training error:  tensor(0.3952, device='cuda:0', grad_fn=<DivBackward0>)
Memory status after this epoch: 
Memory allocated:  460.13720703125
Memory cached:  780.0
	 epoch  90 training error:  tensor(0.3584, device='cuda:0', grad_fn=<DivBackward0>)
Memory status after this epoch: 
Memory allocated:  460.13720703125
Memory cached:  778.0
[I 2024-01-12 18:38:03,844] Trial 24 finished with value: 0.20560239255428314 and parameters: {'W_layers': 4, 'W_layer_units_exponent_0': 9, 'W_layer_units_exponent_1': 9, 'W_layer_units_exponent_2': 10, 'W_layer_units_exponent_3': 8, 'D_layers': 4, 'D_layer_units_exponent_0': 8, 'D_layer_units_exponent_1': 7, 'D_layer_units_exponent_2': 6, 'D_layer_units_exponent_3': 5, 'D_dagger_layers': 3, 'D_dagger_layer_units_exponent_0': 8, 'D_dagger_layer_units_exponent_1': 9, 'D_dagger_layer_units_exponent_2': 5, 'log_learning_rate': -4.437841813427667, 'log_learning_rate_D': -4.109634952904423, 'log_learning_rate_D_dagger': -2.924430502666065, 'training_batch_size': 7, 'training_p': 5}. Best is trial 12 with value: 0.16188763082027435.
Time for this trial:  308.14609122276306
Memory status after this trial: 
Memory allocated:  828.40478515625
Memory cached:  852.0
--------------------  Trial  25   --------------------
Start timing: 
Parameters: 
{'W_layers': 3, 'W_layer_units_exponent_0': 8, 'W_layer_units_exponent_1': 10, 'W_layer_units_exponent_2': 5, 'D_layers': 4, 'D_layer_units_exponent_0': 7, 'D_layer_units_exponent_1': 7, 'D_layer_units_exponent_2': 6, 'D_layer_units_exponent_3': 5, 'D_dagger_layers': 4, 'D_dagger_layer_units_exponent_0': 8, 'D_dagger_layer_units_exponent_1': 10, 'D_dagger_layer_units_exponent_2': 7, 'D_dagger_layer_units_exponent_3': 6, 'log_learning_rate': -4.658942258750276, 'log_learning_rate_D': -3.5278009476766297, 'log_learning_rate_D_dagger': -2.8629496847498963, 'training_batch_size': 7, 'training_p': 3}
	 epoch  0 training error:  tensor(0.7677, device='cuda:0', grad_fn=<DivBackward0>)
Memory status after this epoch: 
Memory allocated:  452.24853515625
Memory cached:  748.0
	 epoch  10 training error:  tensor(0.3811, device='cuda:0', grad_fn=<DivBackward0>)
Memory status after this epoch: 
Memory allocated:  452.24853515625
Memory cached:  748.0
	 epoch  20 training error:  tensor(0.3674, device='cuda:0', grad_fn=<DivBackward0>)
Memory status after this epoch: 
Memory allocated:  452.24853515625
Memory cached:  748.0
	 epoch  30 training error:  tensor(0.3557, device='cuda:0', grad_fn=<DivBackward0>)
Memory status after this epoch: 
Memory allocated:  452.24853515625
Memory cached:  748.0
	 epoch  40 training error:  tensor(0.3459, device='cuda:0', grad_fn=<DivBackward0>)
Memory status after this epoch: 
Memory allocated:  452.24853515625
Memory cached:  748.0
	 epoch  50 training error:  tensor(0.3423, device='cuda:0', grad_fn=<DivBackward0>)
Memory status after this epoch: 
Memory allocated:  452.24853515625
Memory cached:  748.0
	 epoch  60 training error:  tensor(0.3808, device='cuda:0', grad_fn=<DivBackward0>)
Memory status after this epoch: 
Memory allocated:  452.24853515625
Memory cached:  748.0
	 epoch  70 training error:  tensor(0.2606, device='cuda:0', grad_fn=<DivBackward0>)
Memory status after this epoch: 
Memory allocated:  452.24853515625
Memory cached:  748.0
	 epoch  80 training error:  tensor(0.3475, device='cuda:0', grad_fn=<DivBackward0>)
Memory status after this epoch: 
Memory allocated:  452.24853515625
Memory cached:  748.0
	 epoch  90 training error:  tensor(0.2804, device='cuda:0', grad_fn=<DivBackward0>)
Memory status after this epoch: 
Memory allocated:  452.24853515625
Memory cached:  748.0
[I 2024-01-12 18:43:05,758] Trial 25 finished with value: 0.19792070984840393 and parameters: {'W_layers': 3, 'W_layer_units_exponent_0': 8, 'W_layer_units_exponent_1': 10, 'W_layer_units_exponent_2': 5, 'D_layers': 4, 'D_layer_units_exponent_0': 7, 'D_layer_units_exponent_1': 7, 'D_layer_units_exponent_2': 6, 'D_layer_units_exponent_3': 5, 'D_dagger_layers': 4, 'D_dagger_layer_units_exponent_0': 8, 'D_dagger_layer_units_exponent_1': 10, 'D_dagger_layer_units_exponent_2': 7, 'D_dagger_layer_units_exponent_3': 6, 'log_learning_rate': -4.658942258750276, 'log_learning_rate_D': -3.5278009476766297, 'log_learning_rate_D_dagger': -2.8629496847498963, 'training_batch_size': 7, 'training_p': 3}. Best is trial 12 with value: 0.16188763082027435.
Time for this trial:  301.55126214027405
Memory status after this trial: 
Memory allocated:  779.67529296875
Memory cached:  788.0
--------------------  Trial  26   --------------------
Start timing: 
Parameters: 
{'W_layers': 3, 'W_layer_units_exponent_0': 8, 'W_layer_units_exponent_1': 10, 'W_layer_units_exponent_2': 5, 'D_layers': 2, 'D_layer_units_exponent_0': 7, 'D_layer_units_exponent_1': 6, 'D_dagger_layers': 5, 'D_dagger_layer_units_exponent_0': 8, 'D_dagger_layer_units_exponent_1': 10, 'D_dagger_layer_units_exponent_2': 7, 'D_dagger_layer_units_exponent_3': 6, 'D_dagger_layer_units_exponent_4': 8, 'log_learning_rate': -4.6894163372843, 'log_learning_rate_D': -3.5129190641941808, 'log_learning_rate_D_dagger': -2.481356397078214, 'training_batch_size': 8, 'training_p': 3}
	 epoch  0 training error:  tensor(1.0746, device='cuda:0', grad_fn=<DivBackward0>)
Memory status after this epoch: 
Memory allocated:  452.26806640625
Memory cached:  754.0
	 epoch  10 training error:  tensor(0.4041, device='cuda:0', grad_fn=<DivBackward0>)
Memory status after this epoch: 
Memory allocated:  452.26806640625
Memory cached:  756.0
	 epoch  20 training error:  tensor(0.3852, device='cuda:0', grad_fn=<DivBackward0>)
Memory status after this epoch: 
Memory allocated:  452.26806640625
Memory cached:  762.0
	 epoch  30 training error:  tensor(0.3622, device='cuda:0', grad_fn=<DivBackward0>)
Memory status after this epoch: 
Memory allocated:  452.26806640625
Memory cached:  760.0
	 epoch  40 training error:  tensor(0.3986, device='cuda:0', grad_fn=<DivBackward0>)
Memory status after this epoch: 
Memory allocated:  452.26806640625
Memory cached:  762.0
	 epoch  50 training error:  tensor(0.3922, device='cuda:0', grad_fn=<DivBackward0>)
Memory status after this epoch: 
Memory allocated:  452.26806640625
Memory cached:  756.0
	 epoch  60 training error:  tensor(0.3745, device='cuda:0', grad_fn=<DivBackward0>)
Memory status after this epoch: 
Memory allocated:  452.26806640625
Memory cached:  758.0
	 epoch  70 training error:  tensor(0.3575, device='cuda:0', grad_fn=<DivBackward0>)
Memory status after this epoch: 
Memory allocated:  452.26806640625
Memory cached:  754.0
	 epoch  80 training error:  tensor(0.3582, device='cuda:0', grad_fn=<DivBackward0>)
Memory status after this epoch: 
Memory allocated:  452.26806640625
Memory cached:  756.0
	 epoch  90 training error:  tensor(0.3542, device='cuda:0', grad_fn=<DivBackward0>)
Memory status after this epoch: 
Memory allocated:  452.26806640625
Memory cached:  756.0
[I 2024-01-12 18:46:05,494] Trial 26 finished with value: 0.2676776945590973 and parameters: {'W_layers': 3, 'W_layer_units_exponent_0': 8, 'W_layer_units_exponent_1': 10, 'W_layer_units_exponent_2': 5, 'D_layers': 2, 'D_layer_units_exponent_0': 7, 'D_layer_units_exponent_1': 6, 'D_dagger_layers': 5, 'D_dagger_layer_units_exponent_0': 8, 'D_dagger_layer_units_exponent_1': 10, 'D_dagger_layer_units_exponent_2': 7, 'D_dagger_layer_units_exponent_3': 6, 'D_dagger_layer_units_exponent_4': 8, 'log_learning_rate': -4.6894163372843, 'log_learning_rate_D': -3.5129190641941808, 'log_learning_rate_D_dagger': -2.481356397078214, 'training_batch_size': 8, 'training_p': 3}. Best is trial 12 with value: 0.16188763082027435.
Time for this trial:  179.42266726493835
Memory status after this trial: 
Memory allocated:  786.67236328125
Memory cached:  794.0
--------------------  Trial  27   --------------------
Start timing: 
Parameters: 
{'W_layers': 8, 'W_layer_units_exponent_0': 7, 'W_layer_units_exponent_1': 10, 'W_layer_units_exponent_2': 4, 'W_layer_units_exponent_3': 5, 'W_layer_units_exponent_4': 9, 'W_layer_units_exponent_5': 4, 'W_layer_units_exponent_6': 10, 'W_layer_units_exponent_7': 10, 'D_layers': 4, 'D_layer_units_exponent_0': 7, 'D_layer_units_exponent_1': 7, 'D_layer_units_exponent_2': 8, 'D_layer_units_exponent_3': 6, 'D_dagger_layers': 4, 'D_dagger_layer_units_exponent_0': 9, 'D_dagger_layer_units_exponent_1': 10, 'D_dagger_layer_units_exponent_2': 7, 'D_dagger_layer_units_exponent_3': 6, 'log_learning_rate': -4.309059826534238, 'log_learning_rate_D': -3.126388101531234, 'log_learning_rate_D_dagger': -2.8023196875691108, 'training_batch_size': 9, 'training_p': 2}
	 epoch  0 training error:  tensor(1.0479, device='cuda:0', grad_fn=<DivBackward0>)
Memory status after this epoch: 
Memory allocated:  471.34033203125
Memory cached:  816.0
	 epoch  10 training error:  tensor(0.3369, device='cuda:0', grad_fn=<DivBackward0>)
Memory status after this epoch: 
Memory allocated:  471.34033203125
Memory cached:  864.0
	 epoch  20 training error:  tensor(0.3047, device='cuda:0', grad_fn=<DivBackward0>)
Memory status after this epoch: 
Memory allocated:  471.34033203125
Memory cached:  856.0
	 epoch  30 training error:  tensor(0.3021, device='cuda:0', grad_fn=<DivBackward0>)
Memory status after this epoch: 
Memory allocated:  471.34033203125
Memory cached:  866.0
	 epoch  40 training error:  tensor(0.2711, device='cuda:0', grad_fn=<DivBackward0>)
Memory status after this epoch: 
Memory allocated:  471.34033203125
Memory cached:  868.0
	 epoch  50 training error:  tensor(0.2743, device='cuda:0', grad_fn=<DivBackward0>)
Memory status after this epoch: 
Memory allocated:  471.34033203125
Memory cached:  866.0
	 epoch  60 training error:  tensor(0.2646, device='cuda:0', grad_fn=<DivBackward0>)
Memory status after this epoch: 
Memory allocated:  471.34033203125
Memory cached:  866.0
	 epoch  70 training error:  tensor(0.2674, device='cuda:0', grad_fn=<DivBackward0>)
Memory status after this epoch: 
Memory allocated:  471.34033203125
Memory cached:  848.0
	 epoch  80 training error:  tensor(0.2510, device='cuda:0', grad_fn=<DivBackward0>)
Memory status after this epoch: 
Memory allocated:  471.34033203125
Memory cached:  860.0
	 epoch  90 training error:  tensor(0.2012, device='cuda:0', grad_fn=<DivBackward0>)
Memory status after this epoch: 
Memory allocated:  471.34033203125
Memory cached:  852.0
[I 2024-01-12 18:50:30,596] Trial 27 finished with value: 0.20664440095424652 and parameters: {'W_layers': 8, 'W_layer_units_exponent_0': 7, 'W_layer_units_exponent_1': 10, 'W_layer_units_exponent_2': 4, 'W_layer_units_exponent_3': 5, 'W_layer_units_exponent_4': 9, 'W_layer_units_exponent_5': 4, 'W_layer_units_exponent_6': 10, 'W_layer_units_exponent_7': 10, 'D_layers': 4, 'D_layer_units_exponent_0': 7, 'D_layer_units_exponent_1': 7, 'D_layer_units_exponent_2': 8, 'D_layer_units_exponent_3': 6, 'D_dagger_layers': 4, 'D_dagger_layer_units_exponent_0': 9, 'D_dagger_layer_units_exponent_1': 10, 'D_dagger_layer_units_exponent_2': 7, 'D_dagger_layer_units_exponent_3': 6, 'log_learning_rate': -4.309059826534238, 'log_learning_rate_D': -3.126388101531234, 'log_learning_rate_D_dagger': -2.8023196875691108, 'training_batch_size': 9, 'training_p': 2}. Best is trial 12 with value: 0.16188763082027435.
Time for this trial:  264.7375726699829
Memory status after this trial: 
Memory allocated:  1087.79052734375
Memory cached:  1120.0
--------------------  Trial  28   --------------------
Start timing: 
Parameters: 
{'W_layers': 3, 'W_layer_units_exponent_0': 6, 'W_layer_units_exponent_1': 9, 'W_layer_units_exponent_2': 5, 'D_layers': 6, 'D_layer_units_exponent_0': 7, 'D_layer_units_exponent_1': 8, 'D_layer_units_exponent_2': 6, 'D_layer_units_exponent_3': 5, 'D_layer_units_exponent_4': 6, 'D_layer_units_exponent_5': 8, 'D_dagger_layers': 5, 'D_dagger_layer_units_exponent_0': 8, 'D_dagger_layer_units_exponent_1': 9, 'D_dagger_layer_units_exponent_2': 6, 'D_dagger_layer_units_exponent_3': 7, 'D_dagger_layer_units_exponent_4': 6, 'log_learning_rate': -4.949908243489279, 'log_learning_rate_D': -2.89415416041878, 'log_learning_rate_D_dagger': -2.2979385705124136, 'training_batch_size': 7, 'training_p': 3}
	 epoch  0 training error:  tensor(0.8249, device='cuda:0', grad_fn=<DivBackward0>)
Memory status after this epoch: 
Memory allocated:  445.77197265625
Memory cached:  754.0
	 epoch  10 training error:  tensor(0.4476, device='cuda:0', grad_fn=<DivBackward0>)
Memory status after this epoch: 
Memory allocated:  445.77197265625
Memory cached:  752.0
	 epoch  20 training error:  tensor(0.3819, device='cuda:0', grad_fn=<DivBackward0>)
Memory status after this epoch: 
Memory allocated:  445.77197265625
Memory cached:  752.0
	 epoch  30 training error:  tensor(0.3901, device='cuda:0', grad_fn=<DivBackward0>)
Memory status after this epoch: 
Memory allocated:  445.77197265625
Memory cached:  748.0
	 epoch  40 training error:  tensor(0.3566, device='cuda:0', grad_fn=<DivBackward0>)
Memory status after this epoch: 
Memory allocated:  445.77197265625
Memory cached:  748.0
	 epoch  50 training error:  tensor(0.3568, device='cuda:0', grad_fn=<DivBackward0>)
Memory status after this epoch: 
Memory allocated:  445.77197265625
Memory cached:  750.0
	 epoch  60 training error:  tensor(0.3603, device='cuda:0', grad_fn=<DivBackward0>)
Memory status after this epoch: 
Memory allocated:  445.77197265625
Memory cached:  748.0
	 epoch  70 training error:  tensor(0.3623, device='cuda:0', grad_fn=<DivBackward0>)
Memory status after this epoch: 
Memory allocated:  445.77197265625
Memory cached:  750.0
	 epoch  80 training error:  tensor(0.3434, device='cuda:0', grad_fn=<DivBackward0>)
Memory status after this epoch: 
Memory allocated:  445.77197265625
Memory cached:  754.0
	 epoch  90 training error:  tensor(0.5138, device='cuda:0', grad_fn=<DivBackward0>)
Memory status after this epoch: 
Memory allocated:  445.77197265625
Memory cached:  748.0
[I 2024-01-12 18:56:08,697] Trial 28 finished with value: 0.2560332715511322 and parameters: {'W_layers': 3, 'W_layer_units_exponent_0': 6, 'W_layer_units_exponent_1': 9, 'W_layer_units_exponent_2': 5, 'D_layers': 6, 'D_layer_units_exponent_0': 7, 'D_layer_units_exponent_1': 8, 'D_layer_units_exponent_2': 6, 'D_layer_units_exponent_3': 5, 'D_layer_units_exponent_4': 6, 'D_layer_units_exponent_5': 8, 'D_dagger_layers': 5, 'D_dagger_layer_units_exponent_0': 8, 'D_dagger_layer_units_exponent_1': 9, 'D_dagger_layer_units_exponent_2': 6, 'D_dagger_layer_units_exponent_3': 7, 'D_dagger_layer_units_exponent_4': 6, 'log_learning_rate': -4.949908243489279, 'log_learning_rate_D': -2.89415416041878, 'log_learning_rate_D_dagger': -2.2979385705124136, 'training_batch_size': 7, 'training_p': 3}. Best is trial 12 with value: 0.16188763082027435.
Time for this trial:  337.69690680503845
Memory status after this trial: 
Memory allocated:  697.37939453125
Memory cached:  748.0
--------------------  Trial  29   --------------------
Start timing: 
Parameters: 
{'W_layers': 4, 'W_layer_units_exponent_0': 8, 'W_layer_units_exponent_1': 10, 'W_layer_units_exponent_2': 6, 'W_layer_units_exponent_3': 5, 'D_layers': 7, 'D_layer_units_exponent_0': 8, 'D_layer_units_exponent_1': 7, 'D_layer_units_exponent_2': 8, 'D_layer_units_exponent_3': 4, 'D_layer_units_exponent_4': 9, 'D_layer_units_exponent_5': 6, 'D_layer_units_exponent_6': 8, 'D_dagger_layers': 4, 'D_dagger_layer_units_exponent_0': 7, 'D_dagger_layer_units_exponent_1': 9, 'D_dagger_layer_units_exponent_2': 7, 'D_dagger_layer_units_exponent_3': 5, 'log_learning_rate': -4.710048465241525, 'log_learning_rate_D': -3.7198599922273843, 'log_learning_rate_D_dagger': -2.9974604103984817, 'training_batch_size': 8, 'training_p': 2}
	 epoch  0 training error:  tensor(1.0218, device='cuda:0', grad_fn=<DivBackward0>)
Memory status after this epoch: 
Memory allocated:  450.30712890625
Memory cached:  750.0
	 epoch  10 training error:  tensor(0.2862, device='cuda:0', grad_fn=<DivBackward0>)
Memory status after this epoch: 
Memory allocated:  450.30712890625
Memory cached:  768.0
	 epoch  20 training error:  tensor(0.2998, device='cuda:0', grad_fn=<DivBackward0>)
Memory status after this epoch: 
Memory allocated:  450.30712890625
Memory cached:  772.0
	 epoch  30 training error:  tensor(0.2846, device='cuda:0', grad_fn=<DivBackward0>)
Memory status after this epoch: 
Memory allocated:  450.30712890625
Memory cached:  762.0
	 epoch  40 training error:  tensor(0.2878, device='cuda:0', grad_fn=<DivBackward0>)
Memory status after this epoch: 
Memory allocated:  450.30712890625
Memory cached:  770.0
	 epoch  50 training error:  tensor(0.2826, device='cuda:0', grad_fn=<DivBackward0>)
Memory status after this epoch: 
Memory allocated:  450.30712890625
Memory cached:  766.0
	 epoch  60 training error:  tensor(0.2807, device='cuda:0', grad_fn=<DivBackward0>)
Memory status after this epoch: 
Memory allocated:  450.30712890625
Memory cached:  774.0
	 epoch  70 training error:  tensor(0.2754, device='cuda:0', grad_fn=<DivBackward0>)
Memory status after this epoch: 
Memory allocated:  450.30712890625
Memory cached:  774.0
	 epoch  80 training error:  tensor(0.2628, device='cuda:0', grad_fn=<DivBackward0>)
Memory status after this epoch: 
Memory allocated:  450.30712890625
Memory cached:  764.0
	 epoch  90 training error:  tensor(0.2465, device='cuda:0', grad_fn=<DivBackward0>)
Memory status after this epoch: 
Memory allocated:  450.30712890625
Memory cached:  766.0
