[I 2024-01-03 20:43:56,699] Trial 102 finished with value: 0.16831587255001068 and parameters: {'W_layers': 5, 'W_layer_units_exponent_0': 10, 'W_layer_units_exponent_1': 4, 'W_layer_units_exponent_2': 7, 'W_layer_units_exponent_3': 4, 'W_layer_units_exponent_4': 8, 'D_layers': 3, 'D_layer_units_exponent_0': 9, 'D_layer_units_exponent_1': 7, 'D_layer_units_exponent_2': 8, 'D_dagger_layers': 4, 'D_dagger_layer_units_exponent_0': 9, 'D_dagger_layer_units_exponent_1': 10, 'D_dagger_layer_units_exponent_2': 8, 'D_dagger_layer_units_exponent_3': 4, 'log_learning_rate': -4.326393187742489, 'log_learning_rate_D': -2.6728397754436175, 'log_learning_rate_D_dagger': -3.025410826781087, 'training_batch_size': 9, 'training_p': 7}. Best is trial 87 with value: 0.11369848251342773.
Time for this trial:  183.07097554206848
Memory status after this trial: 
Memory allocated:  493.8681640625
Memory cached:  612.0
--------------------  Trial  103   --------------------
Start timing: 
Parameters: 
{'W_layers': 5, 'W_layer_units_exponent_0': 10, 'W_layer_units_exponent_1': 4, 'W_layer_units_exponent_2': 7, 'W_layer_units_exponent_3': 4, 'W_layer_units_exponent_4': 8, 'D_layers': 3, 'D_layer_units_exponent_0': 9, 'D_layer_units_exponent_1': 7, 'D_layer_units_exponent_2': 8, 'D_dagger_layers': 4, 'D_dagger_layer_units_exponent_0': 9, 'D_dagger_layer_units_exponent_1': 10, 'D_dagger_layer_units_exponent_2': 8, 'D_dagger_layer_units_exponent_3': 4, 'log_learning_rate': -4.309007661115769, 'log_learning_rate_D': -2.6855050797705915, 'log_learning_rate_D_dagger': -3.0286991082243526, 'training_batch_size': 9, 'training_p': 7}
	 epoch  0 training error:  tensor(0.9479, device='cuda:0', grad_fn=<DivBackward0>)
Memory status after this epoch: 
Memory allocated:  283.31201171875
Memory cached:  606.0
	 epoch  10 training error:  tensor(0.5396, device='cuda:0', grad_fn=<DivBackward0>)
Memory status after this epoch: 
Memory allocated:  283.31201171875
Memory cached:  644.0
	 epoch  20 training error:  tensor(0.5310, device='cuda:0', grad_fn=<DivBackward0>)
Memory status after this epoch: 
Memory allocated:  283.31201171875
Memory cached:  642.0
	 epoch  30 training error:  tensor(0.5702, device='cuda:0', grad_fn=<DivBackward0>)
Memory status after this epoch: 
Memory allocated:  283.31201171875
Memory cached:  644.0
	 epoch  40 training error:  tensor(0.5431, device='cuda:0', grad_fn=<DivBackward0>)
Memory status after this epoch: 
Memory allocated:  283.31201171875
Memory cached:  644.0
	 epoch  50 training error:  tensor(0.5316, device='cuda:0', grad_fn=<DivBackward0>)
Memory status after this epoch: 
Memory allocated:  283.31201171875
Memory cached:  638.0
	 epoch  60 training error:  tensor(0.5242, device='cuda:0', grad_fn=<DivBackward0>)
Memory status after this epoch: 
Memory allocated:  283.31201171875
Memory cached:  644.0
	 epoch  70 training error:  tensor(0.5283, device='cuda:0', grad_fn=<DivBackward0>)
Memory status after this epoch: 
Memory allocated:  283.31201171875
Memory cached:  644.0
	 epoch  80 training error:  tensor(0.4866, device='cuda:0', grad_fn=<DivBackward0>)
Memory status after this epoch: 
Memory allocated:  283.31201171875
Memory cached:  644.0
	 epoch  90 training error:  tensor(0.3440, device='cuda:0', grad_fn=<DivBackward0>)
Memory status after this epoch: 
Memory allocated:  283.31201171875
Memory cached:  642.0
[I 2024-01-03 20:47:00,052] Trial 103 finished with value: 0.2064187079668045 and parameters: {'W_layers': 5, 'W_layer_units_exponent_0': 10, 'W_layer_units_exponent_1': 4, 'W_layer_units_exponent_2': 7, 'W_layer_units_exponent_3': 4, 'W_layer_units_exponent_4': 8, 'D_layers': 3, 'D_layer_units_exponent_0': 9, 'D_layer_units_exponent_1': 7, 'D_layer_units_exponent_2': 8, 'D_dagger_layers': 4, 'D_dagger_layer_units_exponent_0': 9, 'D_dagger_layer_units_exponent_1': 10, 'D_dagger_layer_units_exponent_2': 8, 'D_dagger_layer_units_exponent_3': 4, 'log_learning_rate': -4.309007661115769, 'log_learning_rate_D': -2.6855050797705915, 'log_learning_rate_D_dagger': -3.0286991082243526, 'training_batch_size': 9, 'training_p': 7}. Best is trial 87 with value: 0.11369848251342773.
Time for this trial:  182.97612953186035
Memory status after this trial: 
Memory allocated:  493.8681640625
Memory cached:  612.0
--------------------  Trial  104   --------------------
Start timing: 
Parameters: 
{'W_layers': 5, 'W_layer_units_exponent_0': 10, 'W_layer_units_exponent_1': 4, 'W_layer_units_exponent_2': 7, 'W_layer_units_exponent_3': 4, 'W_layer_units_exponent_4': 5, 'D_layers': 3, 'D_layer_units_exponent_0': 9, 'D_layer_units_exponent_1': 8, 'D_layer_units_exponent_2': 8, 'D_dagger_layers': 4, 'D_dagger_layer_units_exponent_0': 9, 'D_dagger_layer_units_exponent_1': 10, 'D_dagger_layer_units_exponent_2': 8, 'D_dagger_layer_units_exponent_3': 4, 'log_learning_rate': -4.170784927829709, 'log_learning_rate_D': -2.9964640466144408, 'log_learning_rate_D_dagger': -3.161653359668457, 'training_batch_size': 9, 'training_p': 8}
	 epoch  0 training error:  tensor(0.9821, device='cuda:0', grad_fn=<DivBackward0>)
Memory status after this epoch: 
Memory allocated:  284.75537109375
Memory cached:  608.0
	 epoch  10 training error:  tensor(0.5563, device='cuda:0', grad_fn=<DivBackward0>)
Memory status after this epoch: 
Memory allocated:  284.75537109375
Memory cached:  656.0
	 epoch  20 training error:  tensor(0.5540, device='cuda:0', grad_fn=<DivBackward0>)
Memory status after this epoch: 
Memory allocated:  284.75537109375
Memory cached:  650.0
	 epoch  30 training error:  tensor(0.5456, device='cuda:0', grad_fn=<DivBackward0>)
Memory status after this epoch: 
Memory allocated:  284.75537109375
Memory cached:  648.0
	 epoch  40 training error:  tensor(0.5390, device='cuda:0', grad_fn=<DivBackward0>)
Memory status after this epoch: 
Memory allocated:  284.75537109375
Memory cached:  666.0
	 epoch  50 training error:  tensor(0.5380, device='cuda:0', grad_fn=<DivBackward0>)
Memory status after this epoch: 
Memory allocated:  284.75537109375
Memory cached:  654.0
	 epoch  60 training error:  tensor(0.5405, device='cuda:0', grad_fn=<DivBackward0>)
Memory status after this epoch: 
Memory allocated:  284.75537109375
Memory cached:  668.0
	 epoch  70 training error:  tensor(0.5357, device='cuda:0', grad_fn=<DivBackward0>)
Memory status after this epoch: 
Memory allocated:  284.75537109375
Memory cached:  674.0
	 epoch  80 training error:  tensor(0.5235, device='cuda:0', grad_fn=<DivBackward0>)
Memory status after this epoch: 
Memory allocated:  284.75537109375
Memory cached:  662.0
	 epoch  90 training error:  tensor(0.6085, device='cuda:0', grad_fn=<DivBackward0>)
Memory status after this epoch: 
Memory allocated:  284.75537109375
Memory cached:  658.0
[I 2024-01-03 20:50:02,276] Trial 104 finished with value: 0.41986045241355896 and parameters: {'W_layers': 5, 'W_layer_units_exponent_0': 10, 'W_layer_units_exponent_1': 4, 'W_layer_units_exponent_2': 7, 'W_layer_units_exponent_3': 4, 'W_layer_units_exponent_4': 5, 'D_layers': 3, 'D_layer_units_exponent_0': 9, 'D_layer_units_exponent_1': 8, 'D_layer_units_exponent_2': 8, 'D_dagger_layers': 4, 'D_dagger_layer_units_exponent_0': 9, 'D_dagger_layer_units_exponent_1': 10, 'D_dagger_layer_units_exponent_2': 8, 'D_dagger_layer_units_exponent_3': 4, 'log_learning_rate': -4.170784927829709, 'log_learning_rate_D': -2.9964640466144408, 'log_learning_rate_D_dagger': -3.161653359668457, 'training_batch_size': 9, 'training_p': 8}. Best is trial 87 with value: 0.11369848251342773.
Time for this trial:  181.82502007484436
Memory status after this trial: 
Memory allocated:  491.103515625
Memory cached:  620.0
--------------------  Trial  105   --------------------
Start timing: 
Parameters: 
{'W_layers': 5, 'W_layer_units_exponent_0': 10, 'W_layer_units_exponent_1': 4, 'W_layer_units_exponent_2': 7, 'W_layer_units_exponent_3': 4, 'W_layer_units_exponent_4': 8, 'D_layers': 2, 'D_layer_units_exponent_0': 9, 'D_layer_units_exponent_1': 7, 'D_dagger_layers': 4, 'D_dagger_layer_units_exponent_0': 8, 'D_dagger_layer_units_exponent_1': 10, 'D_dagger_layer_units_exponent_2': 8, 'D_dagger_layer_units_exponent_3': 4, 'log_learning_rate': -4.4879314417660305, 'log_learning_rate_D': -2.828661474825518, 'log_learning_rate_D_dagger': -2.9139172859868836, 'training_batch_size': 9, 'training_p': 7}
	 epoch  0 training error:  tensor(1.0129, device='cuda:0', grad_fn=<DivBackward0>)
Memory status after this epoch: 
Memory allocated:  278.78271484375
Memory cached:  610.0
	 epoch  10 training error:  tensor(0.6016, device='cuda:0', grad_fn=<DivBackward0>)
Memory status after this epoch: 
Memory allocated:  278.78271484375
Memory cached:  650.0
	 epoch  20 training error:  tensor(0.5687, device='cuda:0', grad_fn=<DivBackward0>)
Memory status after this epoch: 
Memory allocated:  278.78271484375
Memory cached:  652.0
	 epoch  30 training error:  tensor(0.5301, device='cuda:0', grad_fn=<DivBackward0>)
Memory status after this epoch: 
Memory allocated:  278.78271484375
Memory cached:  640.0
	 epoch  40 training error:  tensor(0.5281, device='cuda:0', grad_fn=<DivBackward0>)
Memory status after this epoch: 
Memory allocated:  278.78271484375
Memory cached:  646.0
	 epoch  50 training error:  tensor(0.5213, device='cuda:0', grad_fn=<DivBackward0>)
Memory status after this epoch: 
Memory allocated:  278.78271484375
Memory cached:  646.0
	 epoch  60 training error:  tensor(0.5112, device='cuda:0', grad_fn=<DivBackward0>)
Memory status after this epoch: 
Memory allocated:  278.78271484375
Memory cached:  644.0
	 epoch  70 training error:  tensor(0.5098, device='cuda:0', grad_fn=<DivBackward0>)
Memory status after this epoch: 
Memory allocated:  278.78271484375
Memory cached:  646.0
	 epoch  80 training error:  tensor(0.4994, device='cuda:0', grad_fn=<DivBackward0>)
Memory status after this epoch: 
Memory allocated:  278.78271484375
Memory cached:  644.0
	 epoch  90 training error:  tensor(0.4006, device='cuda:0', grad_fn=<DivBackward0>)
Memory status after this epoch: 
Memory allocated:  278.78271484375
Memory cached:  646.0
[I 2024-01-03 20:52:53,909] Trial 105 finished with value: 0.21150508522987366 and parameters: {'W_layers': 5, 'W_layer_units_exponent_0': 10, 'W_layer_units_exponent_1': 4, 'W_layer_units_exponent_2': 7, 'W_layer_units_exponent_3': 4, 'W_layer_units_exponent_4': 8, 'D_layers': 2, 'D_layer_units_exponent_0': 9, 'D_layer_units_exponent_1': 7, 'D_dagger_layers': 4, 'D_dagger_layer_units_exponent_0': 8, 'D_dagger_layer_units_exponent_1': 10, 'D_dagger_layer_units_exponent_2': 8, 'D_dagger_layer_units_exponent_3': 4, 'log_learning_rate': -4.4879314417660305, 'log_learning_rate_D': -2.828661474825518, 'log_learning_rate_D_dagger': -2.9139172859868836, 'training_batch_size': 9, 'training_p': 7}. Best is trial 87 with value: 0.11369848251342773.
Time for this trial:  171.2559723854065
Memory status after this trial: 
Memory allocated:  465.36328125
Memory cached:  610.0
--------------------  Trial  106   --------------------
Start timing: 
Parameters: 
{'W_layers': 5, 'W_layer_units_exponent_0': 10, 'W_layer_units_exponent_1': 4, 'W_layer_units_exponent_2': 6, 'W_layer_units_exponent_3': 4, 'W_layer_units_exponent_4': 8, 'D_layers': 3, 'D_layer_units_exponent_0': 9, 'D_layer_units_exponent_1': 7, 'D_layer_units_exponent_2': 7, 'D_dagger_layers': 3, 'D_dagger_layer_units_exponent_0': 9, 'D_dagger_layer_units_exponent_1': 9, 'D_dagger_layer_units_exponent_2': 8, 'log_learning_rate': -4.3733822422399955, 'log_learning_rate_D': -2.894932811239916, 'log_learning_rate_D_dagger': -2.976977580698653, 'training_batch_size': 8, 'training_p': 6}
	 epoch  0 training error:  tensor(1.0083, device='cuda:0', grad_fn=<DivBackward0>)
Memory status after this epoch: 
Memory allocated:  276.95654296875
Memory cached:  608.0
	 epoch  10 training error:  tensor(0.6052, device='cuda:0', grad_fn=<DivBackward0>)
Memory status after this epoch: 
Memory allocated:  276.95654296875
Memory cached:  652.0
	 epoch  20 training error:  tensor(0.5213, device='cuda:0', grad_fn=<DivBackward0>)
Memory status after this epoch: 
Memory allocated:  276.95654296875
Memory cached:  660.0
	 epoch  30 training error:  tensor(0.5208, device='cuda:0', grad_fn=<DivBackward0>)
Memory status after this epoch: 
Memory allocated:  276.95654296875
Memory cached:  652.0
	 epoch  40 training error:  tensor(0.5169, device='cuda:0', grad_fn=<DivBackward0>)
Memory status after this epoch: 
Memory allocated:  276.95654296875
Memory cached:  660.0
	 epoch  50 training error:  tensor(0.5172, device='cuda:0', grad_fn=<DivBackward0>)
Memory status after this epoch: 
Memory allocated:  276.95654296875
Memory cached:  658.0
	 epoch  60 training error:  tensor(0.5179, device='cuda:0', grad_fn=<DivBackward0>)
Memory status after this epoch: 
Memory allocated:  276.95654296875
Memory cached:  654.0
	 epoch  70 training error:  tensor(0.5134, device='cuda:0', grad_fn=<DivBackward0>)
Memory status after this epoch: 
Memory allocated:  276.95654296875
Memory cached:  654.0
	 epoch  80 training error:  tensor(0.5065, device='cuda:0', grad_fn=<DivBackward0>)
Memory status after this epoch: 
Memory allocated:  276.95654296875
Memory cached:  648.0
	 epoch  90 training error:  tensor(0.5081, device='cuda:0', grad_fn=<DivBackward0>)
Memory status after this epoch: 
Memory allocated:  276.95654296875
Memory cached:  650.0
[I 2024-01-03 20:55:43,769] Trial 106 finished with value: 0.3758057951927185 and parameters: {'W_layers': 5, 'W_layer_units_exponent_0': 10, 'W_layer_units_exponent_1': 4, 'W_layer_units_exponent_2': 6, 'W_layer_units_exponent_3': 4, 'W_layer_units_exponent_4': 8, 'D_layers': 3, 'D_layer_units_exponent_0': 9, 'D_layer_units_exponent_1': 7, 'D_layer_units_exponent_2': 7, 'D_dagger_layers': 3, 'D_dagger_layer_units_exponent_0': 9, 'D_dagger_layer_units_exponent_1': 9, 'D_dagger_layer_units_exponent_2': 8, 'log_learning_rate': -4.3733822422399955, 'log_learning_rate_D': -2.894932811239916, 'log_learning_rate_D_dagger': -2.976977580698653, 'training_batch_size': 8, 'training_p': 6}. Best is trial 87 with value: 0.11369848251342773.
Time for this trial:  169.4425914287567
Memory status after this trial: 
Memory allocated:  451.2958984375
Memory cached:  620.0
--------------------  Trial  107   --------------------
Start timing: 
Parameters: 
{'W_layers': 4, 'W_layer_units_exponent_0': 10, 'W_layer_units_exponent_1': 5, 'W_layer_units_exponent_2': 7, 'W_layer_units_exponent_3': 4, 'D_layers': 3, 'D_layer_units_exponent_0': 8, 'D_layer_units_exponent_1': 6, 'D_layer_units_exponent_2': 8, 'D_dagger_layers': 4, 'D_dagger_layer_units_exponent_0': 9, 'D_dagger_layer_units_exponent_1': 10, 'D_dagger_layer_units_exponent_2': 7, 'D_dagger_layer_units_exponent_3': 5, 'log_learning_rate': -4.26165531152881, 'log_learning_rate_D': -2.4309367677796803, 'log_learning_rate_D_dagger': -2.6220650660789158, 'training_batch_size': 9, 'training_p': 7}
	 epoch  0 training error:  tensor(0.9832, device='cuda:0', grad_fn=<DivBackward0>)
Memory status after this epoch: 
Memory allocated:  280.50341796875
Memory cached:  606.0
	 epoch  10 training error:  tensor(0.5614, device='cuda:0', grad_fn=<DivBackward0>)
Memory status after this epoch: 
Memory allocated:  280.50341796875
Memory cached:  654.0
	 epoch  20 training error:  tensor(0.5391, device='cuda:0', grad_fn=<DivBackward0>)
Memory status after this epoch: 
Memory allocated:  280.50341796875
Memory cached:  648.0
	 epoch  30 training error:  tensor(0.5493, device='cuda:0', grad_fn=<DivBackward0>)
Memory status after this epoch: 
Memory allocated:  280.50341796875
Memory cached:  644.0
	 epoch  40 training error:  tensor(0.5416, device='cuda:0', grad_fn=<DivBackward0>)
Memory status after this epoch: 
Memory allocated:  280.50341796875
Memory cached:  656.0
	 epoch  50 training error:  tensor(0.5249, device='cuda:0', grad_fn=<DivBackward0>)
Memory status after this epoch: 
Memory allocated:  280.50341796875
Memory cached:  656.0
	 epoch  60 training error:  tensor(0.5574, device='cuda:0', grad_fn=<DivBackward0>)
Memory status after this epoch: 
Memory allocated:  280.50341796875
Memory cached:  656.0
	 epoch  70 training error:  tensor(0.4945, device='cuda:0', grad_fn=<DivBackward0>)
Memory status after this epoch: 
Memory allocated:  280.50341796875
Memory cached:  652.0
	 epoch  80 training error:  tensor(1.0219, device='cuda:0', grad_fn=<DivBackward0>)
Memory status after this epoch: 
Memory allocated:  280.50341796875
Memory cached:  660.0
	 epoch  90 training error:  tensor(0.5619, device='cuda:0', grad_fn=<DivBackward0>)
Memory status after this epoch: 
Memory allocated:  280.50341796875
Memory cached:  656.0
[I 2024-01-03 20:58:32,814] Trial 107 finished with value: 0.4420413076877594 and parameters: {'W_layers': 4, 'W_layer_units_exponent_0': 10, 'W_layer_units_exponent_1': 5, 'W_layer_units_exponent_2': 7, 'W_layer_units_exponent_3': 4, 'D_layers': 3, 'D_layer_units_exponent_0': 8, 'D_layer_units_exponent_1': 6, 'D_layer_units_exponent_2': 8, 'D_dagger_layers': 4, 'D_dagger_layer_units_exponent_0': 9, 'D_dagger_layer_units_exponent_1': 10, 'D_dagger_layer_units_exponent_2': 7, 'D_dagger_layer_units_exponent_3': 5, 'log_learning_rate': -4.26165531152881, 'log_learning_rate_D': -2.4309367677796803, 'log_learning_rate_D_dagger': -2.6220650660789158, 'training_batch_size': 9, 'training_p': 7}. Best is trial 87 with value: 0.11369848251342773.
Time for this trial:  168.70389461517334
Memory status after this trial: 
Memory allocated:  458.11328125
Memory cached:  612.0
--------------------  Trial  108   --------------------
Start timing: 
Parameters: 
{'W_layers': 5, 'W_layer_units_exponent_0': 10, 'W_layer_units_exponent_1': 4, 'W_layer_units_exponent_2': 7, 'W_layer_units_exponent_3': 4, 'W_layer_units_exponent_4': 8, 'D_layers': 3, 'D_layer_units_exponent_0': 9, 'D_layer_units_exponent_1': 7, 'D_layer_units_exponent_2': 8, 'D_dagger_layers': 4, 'D_dagger_layer_units_exponent_0': 8, 'D_dagger_layer_units_exponent_1': 8, 'D_dagger_layer_units_exponent_2': 8, 'D_dagger_layer_units_exponent_3': 4, 'log_learning_rate': -4.837316708244206, 'log_learning_rate_D': -2.6650951658257416, 'log_learning_rate_D_dagger': -3.191359069401749, 'training_batch_size': 10, 'training_p': 6}
	 epoch  0 training error:  tensor(1.0772, device='cuda:0', grad_fn=<DivBackward0>)
Memory status after this epoch: 
Memory allocated:  273.27685546875
Memory cached:  610.0
	 epoch  10 training error:  tensor(0.5470, device='cuda:0', grad_fn=<DivBackward0>)
Memory status after this epoch: 
Memory allocated:  273.27685546875
Memory cached:  646.0
	 epoch  20 training error:  tensor(0.5207, device='cuda:0', grad_fn=<DivBackward0>)
Memory status after this epoch: 
Memory allocated:  273.27685546875
Memory cached:  650.0
	 epoch  30 training error:  tensor(0.5133, device='cuda:0', grad_fn=<DivBackward0>)
Memory status after this epoch: 
Memory allocated:  273.27685546875
Memory cached:  642.0
	 epoch  40 training error:  tensor(0.5118, device='cuda:0', grad_fn=<DivBackward0>)
Memory status after this epoch: 
Memory allocated:  273.27685546875
Memory cached:  654.0
	 epoch  50 training error:  tensor(0.5090, device='cuda:0', grad_fn=<DivBackward0>)
Memory status after this epoch: 
Memory allocated:  273.27685546875
Memory cached:  658.0
	 epoch  60 training error:  tensor(0.5058, device='cuda:0', grad_fn=<DivBackward0>)
Memory status after this epoch: 
Memory allocated:  273.27685546875
Memory cached:  650.0
	 epoch  70 training error:  tensor(0.5041, device='cuda:0', grad_fn=<DivBackward0>)
Memory status after this epoch: 
Memory allocated:  273.27685546875
Memory cached:  654.0
	 epoch  80 training error:  tensor(0.5026, device='cuda:0', grad_fn=<DivBackward0>)
Memory status after this epoch: 
Memory allocated:  273.27685546875
Memory cached:  656.0
	 epoch  90 training error:  tensor(0.5046, device='cuda:0', grad_fn=<DivBackward0>)
Memory status after this epoch: 
Memory allocated:  273.27685546875
Memory cached:  646.0
