[I 2023-12-20 18:19:21,966] Trial 23 finished with value: 0.42786407470703125 and parameters: {'W_layers': 2, 'W_layer_units_exponent_0': 8, 'W_layer_units_exponent_1': 4, 'D_layers': 6, 'D_layer_units_exponent_0': 6, 'D_layer_units_exponent_1': 9, 'D_layer_units_exponent_2': 5, 'D_layer_units_exponent_3': 9, 'D_layer_units_exponent_4': 4, 'D_layer_units_exponent_5': 9, 'D_dagger_layers': 7, 'D_dagger_layer_units_exponent_0': 5, 'D_dagger_layer_units_exponent_1': 8, 'D_dagger_layer_units_exponent_2': 7, 'D_dagger_layer_units_exponent_3': 9, 'D_dagger_layer_units_exponent_4': 8, 'D_dagger_layer_units_exponent_5': 8, 'D_dagger_layer_units_exponent_6': 8, 'log_learning_rate': -4.200182446644726, 'log_learning_rate_D': -3.2541739268339307, 'log_learning_rate_D_dagger': -4.892634656716019, 'training_batch_size': 8, 'training_p': 3}. Best is trial 6 with value: 0.3267160654067993.
Time for this trial:  20.80478024482727
Memory status after this trial: 
Memory allocated:  238.24169921875
Memory cached:  260.0
--------------------  Trial  24   --------------------
Start timing: 
Parameters: 
{'W_layers': 7, 'W_layer_units_exponent_0': 9, 'W_layer_units_exponent_1': 5, 'W_layer_units_exponent_2': 9, 'W_layer_units_exponent_3': 6, 'W_layer_units_exponent_4': 5, 'W_layer_units_exponent_5': 4, 'W_layer_units_exponent_6': 7, 'D_layers': 7, 'D_layer_units_exponent_0': 7, 'D_layer_units_exponent_1': 8, 'D_layer_units_exponent_2': 4, 'D_layer_units_exponent_3': 8, 'D_layer_units_exponent_4': 5, 'D_layer_units_exponent_5': 6, 'D_layer_units_exponent_6': 7, 'D_dagger_layers': 6, 'D_dagger_layer_units_exponent_0': 4, 'D_dagger_layer_units_exponent_1': 7, 'D_dagger_layer_units_exponent_2': 5, 'D_dagger_layer_units_exponent_3': 9, 'D_dagger_layer_units_exponent_4': 8, 'D_dagger_layer_units_exponent_5': 6, 'log_learning_rate': -3.964821906762629, 'log_learning_rate_D': -3.714307332622996, 'log_learning_rate_D_dagger': -3.7937307613235554, 'training_batch_size': 10, 'training_p': 2}
	 epoch  0 training error:  tensor(0.9912, device='cuda:0', grad_fn=<DivBackward0>)
Memory status after this epoch: 
Memory allocated:  133.94921875
Memory cached:  186.0
	 epoch  10 training error:  tensor(0.4709, device='cuda:0', grad_fn=<DivBackward0>)
Memory status after this epoch: 
Memory allocated:  133.94921875
Memory cached:  188.0
	 epoch  20 training error:  tensor(0.4021, device='cuda:0', grad_fn=<DivBackward0>)
Memory status after this epoch: 
Memory allocated:  133.94921875
Memory cached:  188.0
	 epoch  30 training error:  tensor(0.3297, device='cuda:0', grad_fn=<DivBackward0>)
Memory status after this epoch: 
Memory allocated:  133.94921875
Memory cached:  188.0
	 epoch  40 training error:  tensor(0.2918, device='cuda:0', grad_fn=<DivBackward0>)
Memory status after this epoch: 
Memory allocated:  133.94921875
Memory cached:  188.0
	 epoch  50 training error:  tensor(0.2957, device='cuda:0', grad_fn=<DivBackward0>)
Memory status after this epoch: 
Memory allocated:  133.94921875
Memory cached:  188.0
	 epoch  60 training error:  tensor(0.2910, device='cuda:0', grad_fn=<DivBackward0>)
Memory status after this epoch: 
Memory allocated:  133.94921875
Memory cached:  188.0
	 epoch  70 training error:  tensor(0.2913, device='cuda:0', grad_fn=<DivBackward0>)
Memory status after this epoch: 
Memory allocated:  133.94921875
Memory cached:  188.0
	 epoch  80 training error:  tensor(0.2882, device='cuda:0', grad_fn=<DivBackward0>)
Memory status after this epoch: 
Memory allocated:  133.94921875
Memory cached:  188.0
	 epoch  90 training error:  tensor(0.2854, device='cuda:0', grad_fn=<DivBackward0>)
Memory status after this epoch: 
Memory allocated:  133.94921875
Memory cached:  188.0
[I 2023-12-20 18:19:43,677] Trial 24 finished with value: 0.3279944062232971 and parameters: {'W_layers': 7, 'W_layer_units_exponent_0': 9, 'W_layer_units_exponent_1': 5, 'W_layer_units_exponent_2': 9, 'W_layer_units_exponent_3': 6, 'W_layer_units_exponent_4': 5, 'W_layer_units_exponent_5': 4, 'W_layer_units_exponent_6': 7, 'D_layers': 7, 'D_layer_units_exponent_0': 7, 'D_layer_units_exponent_1': 8, 'D_layer_units_exponent_2': 4, 'D_layer_units_exponent_3': 8, 'D_layer_units_exponent_4': 5, 'D_layer_units_exponent_5': 6, 'D_layer_units_exponent_6': 7, 'D_dagger_layers': 6, 'D_dagger_layer_units_exponent_0': 4, 'D_dagger_layer_units_exponent_1': 7, 'D_dagger_layer_units_exponent_2': 5, 'D_dagger_layer_units_exponent_3': 9, 'D_dagger_layer_units_exponent_4': 8, 'D_dagger_layer_units_exponent_5': 6, 'log_learning_rate': -3.964821906762629, 'log_learning_rate_D': -3.714307332622996, 'log_learning_rate_D_dagger': -3.7937307613235554, 'training_batch_size': 10, 'training_p': 2}. Best is trial 6 with value: 0.3267160654067993.
Time for this trial:  21.341461181640625
Memory status after this trial: 
Memory allocated:  255.79150390625
Memory cached:  274.0
--------------------  Trial  25   --------------------
Start timing: 
Parameters: 
{'W_layers': 7, 'W_layer_units_exponent_0': 8, 'W_layer_units_exponent_1': 6, 'W_layer_units_exponent_2': 9, 'W_layer_units_exponent_3': 6, 'W_layer_units_exponent_4': 5, 'W_layer_units_exponent_5': 4, 'W_layer_units_exponent_6': 7, 'D_layers': 7, 'D_layer_units_exponent_0': 7, 'D_layer_units_exponent_1': 6, 'D_layer_units_exponent_2': 6, 'D_layer_units_exponent_3': 10, 'D_layer_units_exponent_4': 7, 'D_layer_units_exponent_5': 5, 'D_layer_units_exponent_6': 6, 'D_dagger_layers': 7, 'D_dagger_layer_units_exponent_0': 6, 'D_dagger_layer_units_exponent_1': 10, 'D_dagger_layer_units_exponent_2': 5, 'D_dagger_layer_units_exponent_3': 10, 'D_dagger_layer_units_exponent_4': 8, 'D_dagger_layer_units_exponent_5': 6, 'D_dagger_layer_units_exponent_6': 7, 'log_learning_rate': -4.488020904851973, 'log_learning_rate_D': -3.7713456876104243, 'log_learning_rate_D_dagger': -3.297716910339519, 'training_batch_size': 11, 'training_p': 3}
	 epoch  0 training error:  tensor(0.9924, device='cuda:0', grad_fn=<DivBackward0>)
Memory status after this epoch: 
Memory allocated:  138.59228515625
Memory cached:  182.0
	 epoch  10 training error:  tensor(0.4547, device='cuda:0', grad_fn=<DivBackward0>)
Memory status after this epoch: 
Memory allocated:  138.59228515625
Memory cached:  188.0
	 epoch  20 training error:  tensor(0.4070, device='cuda:0', grad_fn=<DivBackward0>)
Memory status after this epoch: 
Memory allocated:  138.59228515625
Memory cached:  188.0
	 epoch  30 training error:  tensor(0.3823, device='cuda:0', grad_fn=<DivBackward0>)
Memory status after this epoch: 
Memory allocated:  138.59228515625
Memory cached:  188.0
	 epoch  40 training error:  tensor(0.3812, device='cuda:0', grad_fn=<DivBackward0>)
Memory status after this epoch: 
Memory allocated:  138.59228515625
Memory cached:  188.0
	 epoch  50 training error:  tensor(0.3758, device='cuda:0', grad_fn=<DivBackward0>)
Memory status after this epoch: 
Memory allocated:  138.59228515625
Memory cached:  188.0
	 epoch  60 training error:  tensor(0.3770, device='cuda:0', grad_fn=<DivBackward0>)
Memory status after this epoch: 
Memory allocated:  138.59228515625
Memory cached:  188.0
	 epoch  70 training error:  tensor(0.3764, device='cuda:0', grad_fn=<DivBackward0>)
Memory status after this epoch: 
Memory allocated:  138.59228515625
Memory cached:  188.0
	 epoch  80 training error:  tensor(0.3753, device='cuda:0', grad_fn=<DivBackward0>)
Memory status after this epoch: 
Memory allocated:  138.59228515625
Memory cached:  188.0
	 epoch  90 training error:  tensor(0.3761, device='cuda:0', grad_fn=<DivBackward0>)
Memory status after this epoch: 
Memory allocated:  138.59228515625
Memory cached:  188.0
[I 2023-12-20 18:20:07,470] Trial 25 finished with value: 0.3473084568977356 and parameters: {'W_layers': 7, 'W_layer_units_exponent_0': 8, 'W_layer_units_exponent_1': 6, 'W_layer_units_exponent_2': 9, 'W_layer_units_exponent_3': 6, 'W_layer_units_exponent_4': 5, 'W_layer_units_exponent_5': 4, 'W_layer_units_exponent_6': 7, 'D_layers': 7, 'D_layer_units_exponent_0': 7, 'D_layer_units_exponent_1': 6, 'D_layer_units_exponent_2': 6, 'D_layer_units_exponent_3': 10, 'D_layer_units_exponent_4': 7, 'D_layer_units_exponent_5': 5, 'D_layer_units_exponent_6': 6, 'D_dagger_layers': 7, 'D_dagger_layer_units_exponent_0': 6, 'D_dagger_layer_units_exponent_1': 10, 'D_dagger_layer_units_exponent_2': 5, 'D_dagger_layer_units_exponent_3': 10, 'D_dagger_layer_units_exponent_4': 8, 'D_dagger_layer_units_exponent_5': 6, 'D_dagger_layer_units_exponent_6': 7, 'log_learning_rate': -4.488020904851973, 'log_learning_rate_D': -3.7713456876104243, 'log_learning_rate_D_dagger': -3.297716910339519, 'training_batch_size': 11, 'training_p': 3}. Best is trial 6 with value: 0.3267160654067993.
Time for this trial:  23.262309312820435
Memory status after this trial: 
Memory allocated:  330.33349609375
Memory cached:  358.0
--------------------  Trial  26   --------------------
Start timing: 
Parameters: 
{'W_layers': 6, 'W_layer_units_exponent_0': 7, 'W_layer_units_exponent_1': 5, 'W_layer_units_exponent_2': 9, 'W_layer_units_exponent_3': 5, 'W_layer_units_exponent_4': 4, 'W_layer_units_exponent_5': 6, 'D_layers': 6, 'D_layer_units_exponent_0': 8, 'D_layer_units_exponent_1': 7, 'D_layer_units_exponent_2': 9, 'D_layer_units_exponent_3': 7, 'D_layer_units_exponent_4': 6, 'D_layer_units_exponent_5': 5, 'D_dagger_layers': 5, 'D_dagger_layer_units_exponent_0': 5, 'D_dagger_layer_units_exponent_1': 6, 'D_dagger_layer_units_exponent_2': 4, 'D_dagger_layer_units_exponent_3': 9, 'D_dagger_layer_units_exponent_4': 9, 'log_learning_rate': -3.9108915659235386, 'log_learning_rate_D': -3.993049850771653, 'log_learning_rate_D_dagger': -3.6366260672186206, 'training_batch_size': 10, 'training_p': 2}
	 epoch  0 training error:  tensor(1.0283, device='cuda:0', grad_fn=<DivBackward0>)
Memory status after this epoch: 
Memory allocated:  135.47509765625
Memory cached:  182.0
	 epoch  10 training error:  tensor(0.5007, device='cuda:0', grad_fn=<DivBackward0>)
Memory status after this epoch: 
Memory allocated:  135.47509765625
Memory cached:  184.0
	 epoch  20 training error:  tensor(0.3627, device='cuda:0', grad_fn=<DivBackward0>)
Memory status after this epoch: 
Memory allocated:  135.47509765625
Memory cached:  184.0
	 epoch  30 training error:  tensor(0.3131, device='cuda:0', grad_fn=<DivBackward0>)
Memory status after this epoch: 
Memory allocated:  135.47509765625
Memory cached:  184.0
	 epoch  40 training error:  tensor(0.3068, device='cuda:0', grad_fn=<DivBackward0>)
Memory status after this epoch: 
Memory allocated:  135.47509765625
Memory cached:  184.0
	 epoch  50 training error:  tensor(0.2922, device='cuda:0', grad_fn=<DivBackward0>)
Memory status after this epoch: 
Memory allocated:  135.47509765625
Memory cached:  184.0
	 epoch  60 training error:  tensor(0.2919, device='cuda:0', grad_fn=<DivBackward0>)
Memory status after this epoch: 
Memory allocated:  135.47509765625
Memory cached:  184.0
	 epoch  70 training error:  tensor(0.2904, device='cuda:0', grad_fn=<DivBackward0>)
Memory status after this epoch: 
Memory allocated:  135.47509765625
Memory cached:  184.0
[W 2023-12-20 18:20:23,301] Trial 26 failed with parameters: {'W_layers': 6, 'W_layer_units_exponent_0': 7, 'W_layer_units_exponent_1': 5, 'W_layer_units_exponent_2': 9, 'W_layer_units_exponent_3': 5, 'W_layer_units_exponent_4': 4, 'W_layer_units_exponent_5': 6, 'D_layers': 6, 'D_layer_units_exponent_0': 8, 'D_layer_units_exponent_1': 7, 'D_layer_units_exponent_2': 9, 'D_layer_units_exponent_3': 7, 'D_layer_units_exponent_4': 6, 'D_layer_units_exponent_5': 5, 'D_dagger_layers': 5, 'D_dagger_layer_units_exponent_0': 5, 'D_dagger_layer_units_exponent_1': 6, 'D_dagger_layer_units_exponent_2': 4, 'D_dagger_layer_units_exponent_3': 9, 'D_dagger_layer_units_exponent_4': 9, 'log_learning_rate': -3.9108915659235386, 'log_learning_rate_D': -3.993049850771653, 'log_learning_rate_D_dagger': -3.6366260672186206, 'training_batch_size': 10, 'training_p': 2} because of the following error: The value nan is not acceptable.
[W 2023-12-20 18:20:23,302] Trial 26 failed with value tensor(nan, device='cuda:0', grad_fn=<DivBackward0>).
Time for this trial:  15.491838693618774
Memory status after this trial: 
Memory allocated:  232.42919921875
Memory cached:  248.0
--------------------  Trial  27   --------------------
Start timing: 
Parameters: 
{'W_layers': 6, 'W_layer_units_exponent_0': 7, 'W_layer_units_exponent_1': 5, 'W_layer_units_exponent_2': 9, 'W_layer_units_exponent_3': 5, 'W_layer_units_exponent_4': 4, 'W_layer_units_exponent_5': 6, 'D_layers': 6, 'D_layer_units_exponent_0': 8, 'D_layer_units_exponent_1': 7, 'D_layer_units_exponent_2': 9, 'D_layer_units_exponent_3': 7, 'D_layer_units_exponent_4': 6, 'D_layer_units_exponent_5': 5, 'D_dagger_layers': 5, 'D_dagger_layer_units_exponent_0': 5, 'D_dagger_layer_units_exponent_1': 6, 'D_dagger_layer_units_exponent_2': 4, 'D_dagger_layer_units_exponent_3': 9, 'D_dagger_layer_units_exponent_4': 9, 'log_learning_rate': -3.802468022167817, 'log_learning_rate_D': -4.069840544501549, 'log_learning_rate_D_dagger': -3.7288684967988055, 'training_batch_size': 10, 'training_p': 2}
	 epoch  0 training error:  tensor(0.9776, device='cuda:0', grad_fn=<DivBackward0>)
Memory status after this epoch: 
Memory allocated:  135.47509765625
Memory cached:  184.0
	 epoch  10 training error:  tensor(0.4337, device='cuda:0', grad_fn=<DivBackward0>)
Memory status after this epoch: 
Memory allocated:  135.47509765625
Memory cached:  190.0
	 epoch  20 training error:  tensor(0.3329, device='cuda:0', grad_fn=<DivBackward0>)
Memory status after this epoch: 
Memory allocated:  135.47509765625
Memory cached:  190.0
	 epoch  30 training error:  tensor(0.3213, device='cuda:0', grad_fn=<DivBackward0>)
Memory status after this epoch: 
Memory allocated:  135.47509765625
Memory cached:  190.0
	 epoch  40 training error:  tensor(0.2988, device='cuda:0', grad_fn=<DivBackward0>)
Memory status after this epoch: 
Memory allocated:  135.47509765625
Memory cached:  190.0
	 epoch  50 training error:  tensor(0.2930, device='cuda:0', grad_fn=<DivBackward0>)
Memory status after this epoch: 
Memory allocated:  135.47509765625
Memory cached:  190.0
	 epoch  60 training error:  tensor(0.2896, device='cuda:0', grad_fn=<DivBackward0>)
Memory status after this epoch: 
Memory allocated:  135.47509765625
Memory cached:  190.0
	 epoch  70 training error:  tensor(0.2900, device='cuda:0', grad_fn=<DivBackward0>)
Memory status after this epoch: 
Memory allocated:  135.47509765625
Memory cached:  190.0
	 epoch  80 training error:  tensor(0.2895, device='cuda:0', grad_fn=<DivBackward0>)
Memory status after this epoch: 
Memory allocated:  135.47509765625
Memory cached:  190.0
	 epoch  90 training error:  tensor(0.2874, device='cuda:0', grad_fn=<DivBackward0>)
Memory status after this epoch: 
Memory allocated:  135.47509765625
Memory cached:  190.0
[I 2023-12-20 18:20:44,444] Trial 27 finished with value: 0.32877540588378906 and parameters: {'W_layers': 6, 'W_layer_units_exponent_0': 7, 'W_layer_units_exponent_1': 5, 'W_layer_units_exponent_2': 9, 'W_layer_units_exponent_3': 5, 'W_layer_units_exponent_4': 4, 'W_layer_units_exponent_5': 6, 'D_layers': 6, 'D_layer_units_exponent_0': 8, 'D_layer_units_exponent_1': 7, 'D_layer_units_exponent_2': 9, 'D_layer_units_exponent_3': 7, 'D_layer_units_exponent_4': 6, 'D_layer_units_exponent_5': 5, 'D_dagger_layers': 5, 'D_dagger_layer_units_exponent_0': 5, 'D_dagger_layer_units_exponent_1': 6, 'D_dagger_layer_units_exponent_2': 4, 'D_dagger_layer_units_exponent_3': 9, 'D_dagger_layer_units_exponent_4': 9, 'log_learning_rate': -3.802468022167817, 'log_learning_rate_D': -4.069840544501549, 'log_learning_rate_D_dagger': -3.7288684967988055, 'training_batch_size': 10, 'training_p': 2}. Best is trial 6 with value: 0.3267160654067993.
Time for this trial:  20.76685118675232
Memory status after this trial: 
Memory allocated:  232.42919921875
Memory cached:  248.0
--------------------  Trial  28   --------------------
Start timing: 
Parameters: 
{'W_layers': 6, 'W_layer_units_exponent_0': 7, 'W_layer_units_exponent_1': 5, 'W_layer_units_exponent_2': 10, 'W_layer_units_exponent_3': 7, 'W_layer_units_exponent_4': 4, 'W_layer_units_exponent_5': 5, 'D_layers': 6, 'D_layer_units_exponent_0': 10, 'D_layer_units_exponent_1': 7, 'D_layer_units_exponent_2': 9, 'D_layer_units_exponent_3': 5, 'D_layer_units_exponent_4': 6, 'D_layer_units_exponent_5': 5, 'D_dagger_layers': 5, 'D_dagger_layer_units_exponent_0': 5, 'D_dagger_layer_units_exponent_1': 5, 'D_dagger_layer_units_exponent_2': 4, 'D_dagger_layer_units_exponent_3': 9, 'D_dagger_layer_units_exponent_4': 9, 'log_learning_rate': -3.539939775088904, 'log_learning_rate_D': -4.217784091087592, 'log_learning_rate_D_dagger': -3.683000638140193, 'training_batch_size': 10, 'training_p': 3}
	 epoch  0 training error:  tensor(1.0073, device='cuda:0', grad_fn=<DivBackward0>)
Memory status after this epoch: 
Memory allocated:  137.64208984375
Memory cached:  184.0
	 epoch  10 training error:  tensor(0.5088, device='cuda:0', grad_fn=<DivBackward0>)
Memory status after this epoch: 
Memory allocated:  137.64208984375
Memory cached:  190.0
	 epoch  20 training error:  tensor(0.4041, device='cuda:0', grad_fn=<DivBackward0>)
Memory status after this epoch: 
Memory allocated:  137.64208984375
Memory cached:  190.0
	 epoch  30 training error:  tensor(0.3954, device='cuda:0', grad_fn=<DivBackward0>)
Memory status after this epoch: 
Memory allocated:  137.64208984375
Memory cached:  190.0
	 epoch  40 training error:  tensor(0.3788, device='cuda:0', grad_fn=<DivBackward0>)
Memory status after this epoch: 
Memory allocated:  137.64208984375
Memory cached:  190.0
	 epoch  50 training error:  tensor(0.3816, device='cuda:0', grad_fn=<DivBackward0>)
Memory status after this epoch: 
Memory allocated:  137.64208984375
Memory cached:  190.0
	 epoch  60 training error:  tensor(0.3790, device='cuda:0', grad_fn=<DivBackward0>)
Memory status after this epoch: 
Memory allocated:  137.64208984375
Memory cached:  190.0
	 epoch  70 training error:  tensor(0.3750, device='cuda:0', grad_fn=<DivBackward0>)
Memory status after this epoch: 
Memory allocated:  137.64208984375
Memory cached:  190.0
	 epoch  80 training error:  tensor(0.3756, device='cuda:0', grad_fn=<DivBackward0>)
Memory status after this epoch: 
Memory allocated:  137.64208984375
Memory cached:  190.0
	 epoch  90 training error:  tensor(0.3742, device='cuda:0', grad_fn=<DivBackward0>)
Memory status after this epoch: 
Memory allocated:  137.64208984375
Memory cached:  190.0
