[I 2024-03-02 19:42:40,915] Trial 59 finished with value: 0.031239861622452736 and parameters: {'W_layers': 6, 'W_layer_units_exponent_0': 4, 'W_layer_units_exponent_1': 8, 'W_layer_units_exponent_2': 8, 'W_layer_units_exponent_3': 9, 'W_layer_units_exponent_4': 10, 'W_layer_units_exponent_5': 6, 'D_layers': 6, 'D_layer_units_exponent_0': 9, 'D_layer_units_exponent_1': 10, 'D_layer_units_exponent_2': 9, 'D_layer_units_exponent_3': 10, 'D_layer_units_exponent_4': 8, 'D_layer_units_exponent_5': 9, 'D_dagger_layers': 6, 'D_dagger_layer_units_exponent_0': 9, 'D_dagger_layer_units_exponent_1': 10, 'D_dagger_layer_units_exponent_2': 7, 'D_dagger_layer_units_exponent_3': 9, 'D_dagger_layer_units_exponent_4': 4, 'D_dagger_layer_units_exponent_5': 8, 'log_learning_rate': -2.0045709482236673, 'log_learning_rate_D': -4.53218284347116, 'log_learning_rate_D_dagger': -3.4658016295905405, 'training_batch_size': 6, 'training_p': 7}. Best is trial 27 with value: 0.019390789791941643.
Time for this trial:  3924.6197600364685
Memory status after this trial: 
Memory allocated:  3497.9638671875
Memory cached:  3532.0
--------------------  Trial  60   --------------------
Start timing: 
Parameters: 
{'W_layers': 5, 'W_layer_units_exponent_0': 4, 'W_layer_units_exponent_1': 10, 'W_layer_units_exponent_2': 7, 'W_layer_units_exponent_3': 8, 'W_layer_units_exponent_4': 9, 'D_layers': 5, 'D_layer_units_exponent_0': 10, 'D_layer_units_exponent_1': 8, 'D_layer_units_exponent_2': 8, 'D_layer_units_exponent_3': 6, 'D_layer_units_exponent_4': 9, 'D_dagger_layers': 5, 'D_dagger_layer_units_exponent_0': 9, 'D_dagger_layer_units_exponent_1': 10, 'D_dagger_layer_units_exponent_2': 7, 'D_dagger_layer_units_exponent_3': 8, 'D_dagger_layer_units_exponent_4': 5, 'log_learning_rate': -2.3299071432590903, 'log_learning_rate_D': -4.838592375758774, 'log_learning_rate_D_dagger': -3.078424664396801, 'training_batch_size': 7, 'training_p': 7}
	 epoch  0 training error:  tensor(4.6427, grad_fn=<ToCopyBackward0>)
Memory status after this epoch: 
Memory allocated:  1747.6220703125
Memory cached:  2708.0
	 epoch  10 training error:  tensor(0.3705, grad_fn=<ToCopyBackward0>)
Memory status after this epoch: 
Memory allocated:  1747.6220703125
Memory cached:  2706.0
	 epoch  20 training error:  tensor(0.3508, grad_fn=<ToCopyBackward0>)
Memory status after this epoch: 
Memory allocated:  1747.6220703125
Memory cached:  2704.0
	 epoch  30 training error:  tensor(0.3104, grad_fn=<ToCopyBackward0>)
Memory status after this epoch: 
Memory allocated:  1747.6220703125
Memory cached:  2708.0
	 epoch  40 training error:  tensor(0.2260, grad_fn=<ToCopyBackward0>)
Memory status after this epoch: 
Memory allocated:  1747.6220703125
Memory cached:  2706.0
	 epoch  50 training error:  tensor(0.1770, grad_fn=<ToCopyBackward0>)
Memory status after this epoch: 
Memory allocated:  1747.6220703125
Memory cached:  2704.0
	 epoch  60 training error:  tensor(0.1795, grad_fn=<ToCopyBackward0>)
Memory status after this epoch: 
Memory allocated:  1747.6220703125
Memory cached:  2702.0
	 epoch  70 training error:  tensor(0.1492, grad_fn=<ToCopyBackward0>)
Memory status after this epoch: 
Memory allocated:  1747.6220703125
Memory cached:  2706.0
	 epoch  80 training error:  tensor(0.1368, grad_fn=<ToCopyBackward0>)
Memory status after this epoch: 
Memory allocated:  1747.6220703125
Memory cached:  2708.0
	 epoch  90 training error:  tensor(0.1233, grad_fn=<ToCopyBackward0>)
Memory status after this epoch: 
Memory allocated:  1747.6220703125
Memory cached:  2708.0
[I 2024-03-02 20:12:01,294] Trial 60 finished with value: 0.08813804388046265 and parameters: {'W_layers': 5, 'W_layer_units_exponent_0': 4, 'W_layer_units_exponent_1': 10, 'W_layer_units_exponent_2': 7, 'W_layer_units_exponent_3': 8, 'W_layer_units_exponent_4': 9, 'D_layers': 5, 'D_layer_units_exponent_0': 10, 'D_layer_units_exponent_1': 8, 'D_layer_units_exponent_2': 8, 'D_layer_units_exponent_3': 6, 'D_layer_units_exponent_4': 9, 'D_dagger_layers': 5, 'D_dagger_layer_units_exponent_0': 9, 'D_dagger_layer_units_exponent_1': 10, 'D_dagger_layer_units_exponent_2': 7, 'D_dagger_layer_units_exponent_3': 8, 'D_dagger_layer_units_exponent_4': 5, 'log_learning_rate': -2.3299071432590903, 'log_learning_rate_D': -4.838592375758774, 'log_learning_rate_D_dagger': -3.078424664396801, 'training_batch_size': 7, 'training_p': 7}. Best is trial 27 with value: 0.019390789791941643.
Time for this trial:  1734.5086941719055
Memory status after this trial: 
Memory allocated:  2970.41943359375
Memory cached:  3012.0
--------------------  Trial  61   --------------------
Start timing: 
Parameters: 
{'W_layers': 6, 'W_layer_units_exponent_0': 4, 'W_layer_units_exponent_1': 8, 'W_layer_units_exponent_2': 8, 'W_layer_units_exponent_3': 9, 'W_layer_units_exponent_4': 10, 'W_layer_units_exponent_5': 6, 'D_layers': 7, 'D_layer_units_exponent_0': 9, 'D_layer_units_exponent_1': 10, 'D_layer_units_exponent_2': 9, 'D_layer_units_exponent_3': 10, 'D_layer_units_exponent_4': 8, 'D_layer_units_exponent_5': 9, 'D_layer_units_exponent_6': 8, 'D_dagger_layers': 6, 'D_dagger_layer_units_exponent_0': 9, 'D_dagger_layer_units_exponent_1': 10, 'D_dagger_layer_units_exponent_2': 7, 'D_dagger_layer_units_exponent_3': 9, 'D_dagger_layer_units_exponent_4': 4, 'D_dagger_layer_units_exponent_5': 8, 'log_learning_rate': -2.008543456862988, 'log_learning_rate_D': -4.5418838302220825, 'log_learning_rate_D_dagger': -3.505292712271574, 'training_batch_size': 6, 'training_p': 7}
	 epoch  0 training error:  tensor(13.8504, grad_fn=<ToCopyBackward0>)
Memory status after this epoch: 
Memory allocated:  1789.57763671875
Memory cached:  2816.0
	 epoch  10 training error:  tensor(0.3497, grad_fn=<ToCopyBackward0>)
Memory status after this epoch: 
Memory allocated:  1789.57763671875
Memory cached:  2816.0
	 epoch  20 training error:  tensor(0.3310, grad_fn=<ToCopyBackward0>)
Memory status after this epoch: 
Memory allocated:  1789.57763671875
Memory cached:  2816.0
	 epoch  30 training error:  tensor(0.1787, grad_fn=<ToCopyBackward0>)
Memory status after this epoch: 
Memory allocated:  1789.57763671875
Memory cached:  2816.0
	 epoch  40 training error:  tensor(0.1531, grad_fn=<ToCopyBackward0>)
Memory status after this epoch: 
Memory allocated:  1789.57763671875
Memory cached:  2816.0
	 epoch  50 training error:  tensor(0.1166, grad_fn=<ToCopyBackward0>)
Memory status after this epoch: 
Memory allocated:  1789.57763671875
Memory cached:  2816.0
	 epoch  60 training error:  tensor(0.0977, grad_fn=<ToCopyBackward0>)
Memory status after this epoch: 
Memory allocated:  1789.57763671875
Memory cached:  2816.0
	 epoch  70 training error:  tensor(0.0765, grad_fn=<ToCopyBackward0>)
Memory status after this epoch: 
Memory allocated:  1789.57763671875
Memory cached:  2816.0
	 epoch  80 training error:  tensor(0.0886, grad_fn=<ToCopyBackward0>)
Memory status after this epoch: 
Memory allocated:  1789.57763671875
Memory cached:  2816.0
	 epoch  90 training error:  tensor(0.0722, grad_fn=<ToCopyBackward0>)
Memory status after this epoch: 
Memory allocated:  1789.57763671875
Memory cached:  2816.0
[I 2024-03-02 21:19:36,765] Trial 61 finished with value: 0.033606868237257004 and parameters: {'W_layers': 6, 'W_layer_units_exponent_0': 4, 'W_layer_units_exponent_1': 8, 'W_layer_units_exponent_2': 8, 'W_layer_units_exponent_3': 9, 'W_layer_units_exponent_4': 10, 'W_layer_units_exponent_5': 6, 'D_layers': 7, 'D_layer_units_exponent_0': 9, 'D_layer_units_exponent_1': 10, 'D_layer_units_exponent_2': 9, 'D_layer_units_exponent_3': 10, 'D_layer_units_exponent_4': 8, 'D_layer_units_exponent_5': 9, 'D_layer_units_exponent_6': 8, 'D_dagger_layers': 6, 'D_dagger_layer_units_exponent_0': 9, 'D_dagger_layer_units_exponent_1': 10, 'D_dagger_layer_units_exponent_2': 7, 'D_dagger_layer_units_exponent_3': 9, 'D_dagger_layer_units_exponent_4': 4, 'D_dagger_layer_units_exponent_5': 8, 'log_learning_rate': -2.008543456862988, 'log_learning_rate_D': -4.5418838302220825, 'log_learning_rate_D_dagger': -3.505292712271574, 'training_batch_size': 6, 'training_p': 7}. Best is trial 27 with value: 0.019390789791941643.
Time for this trial:  4054.3526690006256
Memory status after this trial: 
Memory allocated:  3560.3388671875
Memory cached:  3596.0
--------------------  Trial  62   --------------------
Start timing: 
Parameters: 
{'W_layers': 5, 'W_layer_units_exponent_0': 4, 'W_layer_units_exponent_1': 8, 'W_layer_units_exponent_2': 8, 'W_layer_units_exponent_3': 10, 'W_layer_units_exponent_4': 10, 'D_layers': 6, 'D_layer_units_exponent_0': 8, 'D_layer_units_exponent_1': 10, 'D_layer_units_exponent_2': 10, 'D_layer_units_exponent_3': 10, 'D_layer_units_exponent_4': 10, 'D_layer_units_exponent_5': 9, 'D_dagger_layers': 6, 'D_dagger_layer_units_exponent_0': 9, 'D_dagger_layer_units_exponent_1': 10, 'D_dagger_layer_units_exponent_2': 7, 'D_dagger_layer_units_exponent_3': 10, 'D_dagger_layer_units_exponent_4': 4, 'D_dagger_layer_units_exponent_5': 9, 'log_learning_rate': -1.797005035952242, 'log_learning_rate_D': -4.033872625748041, 'log_learning_rate_D_dagger': -3.8454262098991157, 'training_batch_size': 6, 'training_p': 7}
	 epoch  0 training error:  tensor(56.5719, grad_fn=<ToCopyBackward0>)
Memory status after this epoch: 
Memory allocated:  1837.443359375
Memory cached:  2894.0
	 epoch  10 training error:  tensor(0.4295, grad_fn=<ToCopyBackward0>)
Memory status after this epoch: 
Memory allocated:  1838.42138671875
Memory cached:  2892.0
	 epoch  20 training error:  tensor(0.3368, grad_fn=<ToCopyBackward0>)
Memory status after this epoch: 
Memory allocated:  1838.42138671875
Memory cached:  2896.0
	 epoch  30 training error:  tensor(0.3569, grad_fn=<ToCopyBackward0>)
Memory status after this epoch: 
Memory allocated:  1838.42138671875
Memory cached:  2896.0
	 epoch  40 training error:  tensor(0.1502, grad_fn=<ToCopyBackward0>)
Memory status after this epoch: 
Memory allocated:  1838.42138671875
Memory cached:  2896.0
	 epoch  50 training error:  tensor(0.1608, grad_fn=<ToCopyBackward0>)
Memory status after this epoch: 
Memory allocated:  1838.42138671875
Memory cached:  2898.0
	 epoch  60 training error:  tensor(0.1155, grad_fn=<ToCopyBackward0>)
Memory status after this epoch: 
Memory allocated:  1838.42138671875
Memory cached:  2898.0
	 epoch  70 training error:  tensor(0.0852, grad_fn=<ToCopyBackward0>)
Memory status after this epoch: 
Memory allocated:  1838.42138671875
Memory cached:  2894.0
	 epoch  80 training error:  tensor(0.0887, grad_fn=<ToCopyBackward0>)
Memory status after this epoch: 
Memory allocated:  1838.42138671875
Memory cached:  2898.0
	 epoch  90 training error:  tensor(0.0742, grad_fn=<ToCopyBackward0>)
Memory status after this epoch: 
Memory allocated:  1838.42138671875
Memory cached:  2894.0
[I 2024-03-02 22:23:35,599] Trial 62 finished with value: 1.9559268951416016 and parameters: {'W_layers': 5, 'W_layer_units_exponent_0': 4, 'W_layer_units_exponent_1': 8, 'W_layer_units_exponent_2': 8, 'W_layer_units_exponent_3': 10, 'W_layer_units_exponent_4': 10, 'D_layers': 6, 'D_layer_units_exponent_0': 8, 'D_layer_units_exponent_1': 10, 'D_layer_units_exponent_2': 10, 'D_layer_units_exponent_3': 10, 'D_layer_units_exponent_4': 10, 'D_layer_units_exponent_5': 9, 'D_dagger_layers': 6, 'D_dagger_layer_units_exponent_0': 9, 'D_dagger_layer_units_exponent_1': 10, 'D_dagger_layer_units_exponent_2': 7, 'D_dagger_layer_units_exponent_3': 10, 'D_dagger_layer_units_exponent_4': 4, 'D_dagger_layer_units_exponent_5': 9, 'log_learning_rate': -1.797005035952242, 'log_learning_rate_D': -4.033872625748041, 'log_learning_rate_D_dagger': -3.8454262098991157, 'training_batch_size': 6, 'training_p': 7}. Best is trial 27 with value: 0.019390789791941643.
Time for this trial:  3837.7644412517548
Memory status after this trial: 
Memory allocated:  3947.2412109375
Memory cached:  3990.0
--------------------  Trial  63   --------------------
Start timing: 
Parameters: 
{'W_layers': 6, 'W_layer_units_exponent_0': 4, 'W_layer_units_exponent_1': 9, 'W_layer_units_exponent_2': 8, 'W_layer_units_exponent_3': 9, 'W_layer_units_exponent_4': 10, 'W_layer_units_exponent_5': 6, 'D_layers': 6, 'D_layer_units_exponent_0': 7, 'D_layer_units_exponent_1': 10, 'D_layer_units_exponent_2': 9, 'D_layer_units_exponent_3': 9, 'D_layer_units_exponent_4': 10, 'D_layer_units_exponent_5': 8, 'D_dagger_layers': 6, 'D_dagger_layer_units_exponent_0': 10, 'D_dagger_layer_units_exponent_1': 10, 'D_dagger_layer_units_exponent_2': 8, 'D_dagger_layer_units_exponent_3': 9, 'D_dagger_layer_units_exponent_4': 4, 'D_dagger_layer_units_exponent_5': 4, 'log_learning_rate': -1.5673721256332915, 'log_learning_rate_D': -4.446553261194368, 'log_learning_rate_D_dagger': -3.1882415144602385, 'training_batch_size': 6, 'training_p': 8}
	 epoch  0 training error:  tensor(464.5772, grad_fn=<ToCopyBackward0>)
Memory status after this epoch: 
Memory allocated:  1796.9912109375
Memory cached:  2796.0
	 epoch  10 training error:  tensor(0.4142, grad_fn=<ToCopyBackward0>)
Memory status after this epoch: 
Memory allocated:  1796.9912109375
Memory cached:  2796.0
	 epoch  20 training error:  tensor(0.3549, grad_fn=<ToCopyBackward0>)
Memory status after this epoch: 
Memory allocated:  1796.9912109375
Memory cached:  2796.0
	 epoch  30 training error:  tensor(0.1669, grad_fn=<ToCopyBackward0>)
Memory status after this epoch: 
Memory allocated:  1796.9912109375
Memory cached:  2796.0
	 epoch  40 training error:  tensor(0.1458, grad_fn=<ToCopyBackward0>)
Memory status after this epoch: 
Memory allocated:  1796.9912109375
Memory cached:  2796.0
	 epoch  50 training error:  tensor(0.2509, grad_fn=<ToCopyBackward0>)
Memory status after this epoch: 
Memory allocated:  1796.9912109375
Memory cached:  2796.0
	 epoch  60 training error:  tensor(0.0996, grad_fn=<ToCopyBackward0>)
Memory status after this epoch: 
Memory allocated:  1796.9912109375
Memory cached:  2796.0
	 epoch  70 training error:  tensor(0.0752, grad_fn=<ToCopyBackward0>)
Memory status after this epoch: 
Memory allocated:  1796.9912109375
Memory cached:  2796.0
	 epoch  80 training error:  tensor(0.0631, grad_fn=<ToCopyBackward0>)
Memory status after this epoch: 
Memory allocated:  1796.9912109375
Memory cached:  2796.0
	 epoch  90 training error:  tensor(0.0645, grad_fn=<ToCopyBackward0>)
Memory status after this epoch: 
Memory allocated:  1796.9912109375
Memory cached:  2796.0
[I 2024-03-02 23:28:52,389] Trial 63 finished with value: 0.02802693285048008 and parameters: {'W_layers': 6, 'W_layer_units_exponent_0': 4, 'W_layer_units_exponent_1': 9, 'W_layer_units_exponent_2': 8, 'W_layer_units_exponent_3': 9, 'W_layer_units_exponent_4': 10, 'W_layer_units_exponent_5': 6, 'D_layers': 6, 'D_layer_units_exponent_0': 7, 'D_layer_units_exponent_1': 10, 'D_layer_units_exponent_2': 9, 'D_layer_units_exponent_3': 9, 'D_layer_units_exponent_4': 10, 'D_layer_units_exponent_5': 8, 'D_dagger_layers': 6, 'D_dagger_layer_units_exponent_0': 10, 'D_dagger_layer_units_exponent_1': 10, 'D_dagger_layer_units_exponent_2': 8, 'D_dagger_layer_units_exponent_3': 9, 'D_dagger_layer_units_exponent_4': 4, 'D_dagger_layer_units_exponent_5': 4, 'log_learning_rate': -1.5673721256332915, 'log_learning_rate_D': -4.446553261194368, 'log_learning_rate_D_dagger': -3.1882415144602385, 'training_batch_size': 6, 'training_p': 8}. Best is trial 27 with value: 0.019390789791941643.
Time for this trial:  3915.578165769577
Memory status after this trial: 
Memory allocated:  3573.95166015625
Memory cached:  3612.0
--------------------  Trial  64   --------------------
Start timing: 
Parameters: 
{'W_layers': 5, 'W_layer_units_exponent_0': 5, 'W_layer_units_exponent_1': 9, 'W_layer_units_exponent_2': 6, 'W_layer_units_exponent_3': 8, 'W_layer_units_exponent_4': 4, 'D_layers': 5, 'D_layer_units_exponent_0': 7, 'D_layer_units_exponent_1': 10, 'D_layer_units_exponent_2': 7, 'D_layer_units_exponent_3': 9, 'D_layer_units_exponent_4': 10, 'D_dagger_layers': 4, 'D_dagger_layer_units_exponent_0': 10, 'D_dagger_layer_units_exponent_1': 10, 'D_dagger_layer_units_exponent_2': 8, 'D_dagger_layer_units_exponent_3': 9, 'log_learning_rate': -1.5376156970549983, 'log_learning_rate_D': -4.239564714180853, 'log_learning_rate_D_dagger': -3.225893811694915, 'training_batch_size': 6, 'training_p': 8}
	 epoch  0 training error:  tensor(3.6690, grad_fn=<ToCopyBackward0>)
Memory status after this epoch: 
Memory allocated:  1765.50634765625
Memory cached:  2736.0
	 epoch  10 training error:  tensor(0.3753, grad_fn=<ToCopyBackward0>)
Memory status after this epoch: 
Memory allocated:  1765.50634765625
Memory cached:  2736.0
	 epoch  20 training error:  tensor(0.2442, grad_fn=<ToCopyBackward0>)
Memory status after this epoch: 
Memory allocated:  1765.50634765625
Memory cached:  2736.0
	 epoch  30 training error:  tensor(0.1680, grad_fn=<ToCopyBackward0>)
Memory status after this epoch: 
Memory allocated:  1765.50634765625
Memory cached:  2736.0
	 epoch  40 training error:  tensor(0.1214, grad_fn=<ToCopyBackward0>)
Memory status after this epoch: 
Memory allocated:  1765.50634765625
Memory cached:  2736.0
	 epoch  50 training error:  tensor(0.1045, grad_fn=<ToCopyBackward0>)
Memory status after this epoch: 
Memory allocated:  1765.50634765625
Memory cached:  2736.0
	 epoch  60 training error:  tensor(0.1039, grad_fn=<ToCopyBackward0>)
Memory status after this epoch: 
Memory allocated:  1765.50634765625
Memory cached:  2736.0
	 epoch  70 training error:  tensor(0.1090, grad_fn=<ToCopyBackward0>)
Memory status after this epoch: 
Memory allocated:  1765.50634765625
Memory cached:  2736.0
	 epoch  80 training error:  tensor(0.0866, grad_fn=<ToCopyBackward0>)
Memory status after this epoch: 
Memory allocated:  1765.50634765625
Memory cached:  2736.0
	 epoch  90 training error:  tensor(0.0747, grad_fn=<ToCopyBackward0>)
Memory status after this epoch: 
Memory allocated:  1765.50634765625
Memory cached:  2736.0
[I 2024-03-03 00:23:07,861] Trial 64 finished with value: 0.03506132960319519 and parameters: {'W_layers': 5, 'W_layer_units_exponent_0': 5, 'W_layer_units_exponent_1': 9, 'W_layer_units_exponent_2': 6, 'W_layer_units_exponent_3': 8, 'W_layer_units_exponent_4': 4, 'D_layers': 5, 'D_layer_units_exponent_0': 7, 'D_layer_units_exponent_1': 10, 'D_layer_units_exponent_2': 7, 'D_layer_units_exponent_3': 9, 'D_layer_units_exponent_4': 10, 'D_dagger_layers': 4, 'D_dagger_layer_units_exponent_0': 10, 'D_dagger_layer_units_exponent_1': 10, 'D_dagger_layer_units_exponent_2': 8, 'D_dagger_layer_units_exponent_3': 9, 'log_learning_rate': -1.5376156970549983, 'log_learning_rate_D': -4.239564714180853, 'log_learning_rate_D_dagger': -3.225893811694915, 'training_batch_size': 6, 'training_p': 8}. Best is trial 27 with value: 0.019390789791941643.
Time for this trial:  3254.3527381420135
Memory status after this trial: 
Memory allocated:  3067.2978515625
Memory cached:  3106.0
--------------------  Trial  65   --------------------
Start timing: 
Parameters: 
{'W_layers': 6, 'W_layer_units_exponent_0': 5, 'W_layer_units_exponent_1': 10, 'W_layer_units_exponent_2': 7, 'W_layer_units_exponent_3': 7, 'W_layer_units_exponent_4': 9, 'W_layer_units_exponent_5': 4, 'D_layers': 6, 'D_layer_units_exponent_0': 7, 'D_layer_units_exponent_1': 9, 'D_layer_units_exponent_2': 10, 'D_layer_units_exponent_3': 9, 'D_layer_units_exponent_4': 10, 'D_layer_units_exponent_5': 8, 'D_dagger_layers': 6, 'D_dagger_layer_units_exponent_0': 10, 'D_dagger_layer_units_exponent_1': 9, 'D_dagger_layer_units_exponent_2': 9, 'D_dagger_layer_units_exponent_3': 7, 'D_dagger_layer_units_exponent_4': 9, 'D_dagger_layer_units_exponent_5': 4, 'log_learning_rate': -1.2793950602307065, 'log_learning_rate_D': -3.984399272201026, 'log_learning_rate_D_dagger': -2.7600348004901876, 'training_batch_size': 6, 'training_p': 8}
	 epoch  0 training error:  tensor(585.2578, grad_fn=<ToCopyBackward0>)
Memory status after this epoch: 
Memory allocated:  1778.4501953125
Memory cached:  2796.0
	 epoch  10 training error:  tensor(0.4282, grad_fn=<ToCopyBackward0>)
Memory status after this epoch: 
Memory allocated:  1778.4501953125
Memory cached:  2796.0
	 epoch  20 training error:  tensor(0.3032, grad_fn=<ToCopyBackward0>)
Memory status after this epoch: 
Memory allocated:  1778.4501953125
Memory cached:  2796.0
	 epoch  30 training error:  tensor(0.1499, grad_fn=<ToCopyBackward0>)
Memory status after this epoch: 
Memory allocated:  1778.4501953125
Memory cached:  2796.0
	 epoch  40 training error:  tensor(0.1777, grad_fn=<ToCopyBackward0>)
Memory status after this epoch: 
Memory allocated:  1778.4501953125
Memory cached:  2796.0
	 epoch  50 training error:  tensor(0.0854, grad_fn=<ToCopyBackward0>)
Memory status after this epoch: 
Memory allocated:  1778.4501953125
Memory cached:  2796.0
	 epoch  60 training error:  tensor(0.1048, grad_fn=<ToCopyBackward0>)
Memory status after this epoch: 
Memory allocated:  1778.4501953125
Memory cached:  2796.0
	 epoch  70 training error:  tensor(0.0839, grad_fn=<ToCopyBackward0>)
Memory status after this epoch: 
Memory allocated:  1778.4501953125
Memory cached:  2796.0
	 epoch  80 training error:  tensor(0.0744, grad_fn=<ToCopyBackward0>)
Memory status after this epoch: 
Memory allocated:  1778.4501953125
Memory cached:  2796.0
	 epoch  90 training error:  tensor(0.0808, grad_fn=<ToCopyBackward0>)
Memory status after this epoch: 
Memory allocated:  1778.4501953125
Memory cached:  2796.0
