[I 2023-12-20 12:45:46,106] Trial 140 finished with value: 0.4165155589580536 and parameters: {'W_layers': 4, 'W_layer_units_exponent_0': 8, 'W_layer_units_exponent_1': 10, 'W_layer_units_exponent_2': 6, 'W_layer_units_exponent_3': 6, 'D_layers': 6, 'D_layer_units_exponent_0': 6, 'D_layer_units_exponent_1': 9, 'D_layer_units_exponent_2': 8, 'D_layer_units_exponent_3': 4, 'D_layer_units_exponent_4': 5, 'D_layer_units_exponent_5': 6, 'D_dagger_layers': 3, 'D_dagger_layer_units_exponent_0': 9, 'D_dagger_layer_units_exponent_1': 4, 'D_dagger_layer_units_exponent_2': 5, 'log_learning_rate': -2.319278418739846, 'log_learning_rate_D': -3.9664754444745043, 'log_learning_rate_D_dagger': -2.605092793125719, 'training_batch_size': 7, 'training_p': 7}. Best is trial 116 with value: 0.12582257390022278.
Time for this trial:  185.8458456993103
Memory status after this trial: 
Memory allocated:  379.083984375
Memory cached:  412.0
--------------------  Trial  141   --------------------
Start timing: 
Parameters: 
{'W_layers': 5, 'W_layer_units_exponent_0': 8, 'W_layer_units_exponent_1': 10, 'W_layer_units_exponent_2': 6, 'W_layer_units_exponent_3': 6, 'W_layer_units_exponent_4': 5, 'D_layers': 5, 'D_layer_units_exponent_0': 7, 'D_layer_units_exponent_1': 9, 'D_layer_units_exponent_2': 8, 'D_layer_units_exponent_3': 8, 'D_layer_units_exponent_4': 5, 'D_dagger_layers': 3, 'D_dagger_layer_units_exponent_0': 9, 'D_dagger_layer_units_exponent_1': 4, 'D_dagger_layer_units_exponent_2': 5, 'log_learning_rate': -2.4081891833749554, 'log_learning_rate_D': -3.8686855867744385, 'log_learning_rate_D_dagger': -2.398033924638514, 'training_batch_size': 6, 'training_p': 7}
	 epoch  0 training error:  tensor(1.3353, device='cuda:0', grad_fn=<DivBackward0>)
Memory status after this epoch: 
Memory allocated:  230.17529296875
Memory cached:  412.0
	 epoch  10 training error:  tensor(0.5600, device='cuda:0', grad_fn=<DivBackward0>)
Memory status after this epoch: 
Memory allocated:  230.17529296875
Memory cached:  410.0
	 epoch  20 training error:  tensor(0.5397, device='cuda:0', grad_fn=<DivBackward0>)
Memory status after this epoch: 
Memory allocated:  230.17529296875
Memory cached:  410.0
	 epoch  30 training error:  tensor(0.5158, device='cuda:0', grad_fn=<DivBackward0>)
Memory status after this epoch: 
Memory allocated:  230.17529296875
Memory cached:  408.0
	 epoch  40 training error:  tensor(0.5661, device='cuda:0', grad_fn=<DivBackward0>)
Memory status after this epoch: 
Memory allocated:  230.17529296875
Memory cached:  408.0
	 epoch  50 training error:  tensor(0.3726, device='cuda:0', grad_fn=<DivBackward0>)
Memory status after this epoch: 
Memory allocated:  230.17529296875
Memory cached:  410.0
	 epoch  60 training error:  tensor(0.3397, device='cuda:0', grad_fn=<DivBackward0>)
Memory status after this epoch: 
Memory allocated:  230.17529296875
Memory cached:  412.0
	 epoch  70 training error:  tensor(0.3090, device='cuda:0', grad_fn=<DivBackward0>)
Memory status after this epoch: 
Memory allocated:  230.17529296875
Memory cached:  408.0
	 epoch  80 training error:  tensor(0.2717, device='cuda:0', grad_fn=<DivBackward0>)
Memory status after this epoch: 
Memory allocated:  230.17529296875
Memory cached:  408.0
	 epoch  90 training error:  tensor(0.2662, device='cuda:0', grad_fn=<DivBackward0>)
Memory status after this epoch: 
Memory allocated:  230.17529296875
Memory cached:  408.0
[I 2023-12-20 12:51:08,517] Trial 141 finished with value: 0.1415020227432251 and parameters: {'W_layers': 5, 'W_layer_units_exponent_0': 8, 'W_layer_units_exponent_1': 10, 'W_layer_units_exponent_2': 6, 'W_layer_units_exponent_3': 6, 'W_layer_units_exponent_4': 5, 'D_layers': 5, 'D_layer_units_exponent_0': 7, 'D_layer_units_exponent_1': 9, 'D_layer_units_exponent_2': 8, 'D_layer_units_exponent_3': 8, 'D_layer_units_exponent_4': 5, 'D_dagger_layers': 3, 'D_dagger_layer_units_exponent_0': 9, 'D_dagger_layer_units_exponent_1': 4, 'D_dagger_layer_units_exponent_2': 5, 'log_learning_rate': -2.4081891833749554, 'log_learning_rate_D': -3.8686855867744385, 'log_learning_rate_D_dagger': -2.398033924638514, 'training_batch_size': 6, 'training_p': 7}. Best is trial 116 with value: 0.12582257390022278.
Time for this trial:  321.9267592430115
Memory status after this trial: 
Memory allocated:  394.626953125
Memory cached:  412.0
--------------------  Trial  142   --------------------
Start timing: 
Parameters: 
{'W_layers': 5, 'W_layer_units_exponent_0': 8, 'W_layer_units_exponent_1': 10, 'W_layer_units_exponent_2': 6, 'W_layer_units_exponent_3': 6, 'W_layer_units_exponent_4': 5, 'D_layers': 5, 'D_layer_units_exponent_0': 7, 'D_layer_units_exponent_1': 9, 'D_layer_units_exponent_2': 8, 'D_layer_units_exponent_3': 8, 'D_layer_units_exponent_4': 5, 'D_dagger_layers': 3, 'D_dagger_layer_units_exponent_0': 9, 'D_dagger_layer_units_exponent_1': 4, 'D_dagger_layer_units_exponent_2': 5, 'log_learning_rate': -2.267058735111944, 'log_learning_rate_D': -3.8115622232619826, 'log_learning_rate_D_dagger': -2.300249526814113, 'training_batch_size': 6, 'training_p': 7}
	 epoch  0 training error:  tensor(1.2453, device='cuda:0', grad_fn=<DivBackward0>)
Memory status after this epoch: 
Memory allocated:  230.17529296875
Memory cached:  410.0
	 epoch  10 training error:  tensor(0.5468, device='cuda:0', grad_fn=<DivBackward0>)
Memory status after this epoch: 
Memory allocated:  230.17529296875
Memory cached:  408.0
	 epoch  20 training error:  tensor(0.5533, device='cuda:0', grad_fn=<DivBackward0>)
Memory status after this epoch: 
Memory allocated:  230.17529296875
Memory cached:  410.0
	 epoch  30 training error:  tensor(0.5523, device='cuda:0', grad_fn=<DivBackward0>)
Memory status after this epoch: 
Memory allocated:  230.17529296875
Memory cached:  408.0
	 epoch  40 training error:  tensor(0.5340, device='cuda:0', grad_fn=<DivBackward0>)
Memory status after this epoch: 
Memory allocated:  230.17529296875
Memory cached:  408.0
	 epoch  50 training error:  tensor(0.5414, device='cuda:0', grad_fn=<DivBackward0>)
Memory status after this epoch: 
Memory allocated:  230.17529296875
Memory cached:  408.0
	 epoch  60 training error:  tensor(0.5651, device='cuda:0', grad_fn=<DivBackward0>)
Memory status after this epoch: 
Memory allocated:  230.17529296875
Memory cached:  408.0
	 epoch  70 training error:  tensor(0.4994, device='cuda:0', grad_fn=<DivBackward0>)
Memory status after this epoch: 
Memory allocated:  230.17529296875
Memory cached:  408.0
	 epoch  80 training error:  tensor(0.3103, device='cuda:0', grad_fn=<DivBackward0>)
Memory status after this epoch: 
Memory allocated:  230.17529296875
Memory cached:  410.0
	 epoch  90 training error:  tensor(0.2943, device='cuda:0', grad_fn=<DivBackward0>)
Memory status after this epoch: 
Memory allocated:  230.17529296875
Memory cached:  410.0
[I 2023-12-20 12:56:31,667] Trial 142 finished with value: 0.15064440667629242 and parameters: {'W_layers': 5, 'W_layer_units_exponent_0': 8, 'W_layer_units_exponent_1': 10, 'W_layer_units_exponent_2': 6, 'W_layer_units_exponent_3': 6, 'W_layer_units_exponent_4': 5, 'D_layers': 5, 'D_layer_units_exponent_0': 7, 'D_layer_units_exponent_1': 9, 'D_layer_units_exponent_2': 8, 'D_layer_units_exponent_3': 8, 'D_layer_units_exponent_4': 5, 'D_dagger_layers': 3, 'D_dagger_layer_units_exponent_0': 9, 'D_dagger_layer_units_exponent_1': 4, 'D_dagger_layer_units_exponent_2': 5, 'log_learning_rate': -2.267058735111944, 'log_learning_rate_D': -3.8115622232619826, 'log_learning_rate_D_dagger': -2.300249526814113, 'training_batch_size': 6, 'training_p': 7}. Best is trial 116 with value: 0.12582257390022278.
Time for this trial:  322.6975259780884
Memory status after this trial: 
Memory allocated:  394.626953125
Memory cached:  412.0
--------------------  Trial  143   --------------------
Start timing: 
Parameters: 
{'W_layers': 5, 'W_layer_units_exponent_0': 8, 'W_layer_units_exponent_1': 10, 'W_layer_units_exponent_2': 6, 'W_layer_units_exponent_3': 6, 'W_layer_units_exponent_4': 5, 'D_layers': 5, 'D_layer_units_exponent_0': 7, 'D_layer_units_exponent_1': 9, 'D_layer_units_exponent_2': 8, 'D_layer_units_exponent_3': 8, 'D_layer_units_exponent_4': 5, 'D_dagger_layers': 3, 'D_dagger_layer_units_exponent_0': 9, 'D_dagger_layer_units_exponent_1': 4, 'D_dagger_layer_units_exponent_2': 5, 'log_learning_rate': -2.2646056721687486, 'log_learning_rate_D': -3.8571167532575514, 'log_learning_rate_D_dagger': -2.2961504320953927, 'training_batch_size': 6, 'training_p': 7}
	 epoch  0 training error:  tensor(1.2917, device='cuda:0', grad_fn=<DivBackward0>)
Memory status after this epoch: 
Memory allocated:  230.17529296875
Memory cached:  410.0
	 epoch  10 training error:  tensor(0.5849, device='cuda:0', grad_fn=<DivBackward0>)
Memory status after this epoch: 
Memory allocated:  230.17529296875
Memory cached:  408.0
	 epoch  20 training error:  tensor(0.5424, device='cuda:0', grad_fn=<DivBackward0>)
Memory status after this epoch: 
Memory allocated:  230.17529296875
Memory cached:  410.0
	 epoch  30 training error:  tensor(0.5340, device='cuda:0', grad_fn=<DivBackward0>)
Memory status after this epoch: 
Memory allocated:  230.17529296875
Memory cached:  408.0
	 epoch  40 training error:  tensor(0.5305, device='cuda:0', grad_fn=<DivBackward0>)
Memory status after this epoch: 
Memory allocated:  230.17529296875
Memory cached:  408.0
	 epoch  50 training error:  tensor(0.5324, device='cuda:0', grad_fn=<DivBackward0>)
Memory status after this epoch: 
Memory allocated:  230.17529296875
Memory cached:  408.0
	 epoch  60 training error:  tensor(0.5250, device='cuda:0', grad_fn=<DivBackward0>)
Memory status after this epoch: 
Memory allocated:  230.17529296875
Memory cached:  408.0
	 epoch  70 training error:  tensor(0.5436, device='cuda:0', grad_fn=<DivBackward0>)
Memory status after this epoch: 
Memory allocated:  230.17529296875
Memory cached:  408.0
	 epoch  80 training error:  tensor(0.4591, device='cuda:0', grad_fn=<DivBackward0>)
Memory status after this epoch: 
Memory allocated:  230.17529296875
Memory cached:  410.0
	 epoch  90 training error:  tensor(0.3478, device='cuda:0', grad_fn=<DivBackward0>)
Memory status after this epoch: 
Memory allocated:  230.17529296875
Memory cached:  410.0
[I 2023-12-20 13:01:50,892] Trial 143 finished with value: 0.147764652967453 and parameters: {'W_layers': 5, 'W_layer_units_exponent_0': 8, 'W_layer_units_exponent_1': 10, 'W_layer_units_exponent_2': 6, 'W_layer_units_exponent_3': 6, 'W_layer_units_exponent_4': 5, 'D_layers': 5, 'D_layer_units_exponent_0': 7, 'D_layer_units_exponent_1': 9, 'D_layer_units_exponent_2': 8, 'D_layer_units_exponent_3': 8, 'D_layer_units_exponent_4': 5, 'D_dagger_layers': 3, 'D_dagger_layer_units_exponent_0': 9, 'D_dagger_layer_units_exponent_1': 4, 'D_dagger_layer_units_exponent_2': 5, 'log_learning_rate': -2.2646056721687486, 'log_learning_rate_D': -3.8571167532575514, 'log_learning_rate_D_dagger': -2.2961504320953927, 'training_batch_size': 6, 'training_p': 7}. Best is trial 116 with value: 0.12582257390022278.
Time for this trial:  318.7691195011139
Memory status after this trial: 
Memory allocated:  394.626953125
Memory cached:  412.0
--------------------  Trial  144   --------------------
Start timing: 
Parameters: 
{'W_layers': 5, 'W_layer_units_exponent_0': 8, 'W_layer_units_exponent_1': 10, 'W_layer_units_exponent_2': 6, 'W_layer_units_exponent_3': 6, 'W_layer_units_exponent_4': 5, 'D_layers': 5, 'D_layer_units_exponent_0': 7, 'D_layer_units_exponent_1': 9, 'D_layer_units_exponent_2': 8, 'D_layer_units_exponent_3': 8, 'D_layer_units_exponent_4': 5, 'D_dagger_layers': 3, 'D_dagger_layer_units_exponent_0': 9, 'D_dagger_layer_units_exponent_1': 4, 'D_dagger_layer_units_exponent_2': 5, 'log_learning_rate': -2.2380573161849346, 'log_learning_rate_D': -3.8211775224653777, 'log_learning_rate_D_dagger': -2.0685090939213664, 'training_batch_size': 6, 'training_p': 7}
	 epoch  0 training error:  tensor(1.2448, device='cuda:0', grad_fn=<DivBackward0>)
Memory status after this epoch: 
Memory allocated:  230.17529296875
Memory cached:  410.0
	 epoch  10 training error:  tensor(0.5780, device='cuda:0', grad_fn=<DivBackward0>)
Memory status after this epoch: 
Memory allocated:  230.17529296875
Memory cached:  408.0
	 epoch  20 training error:  tensor(0.5433, device='cuda:0', grad_fn=<DivBackward0>)
Memory status after this epoch: 
Memory allocated:  230.17529296875
Memory cached:  410.0
	 epoch  30 training error:  tensor(0.5655, device='cuda:0', grad_fn=<DivBackward0>)
Memory status after this epoch: 
Memory allocated:  230.17529296875
Memory cached:  408.0
	 epoch  40 training error:  tensor(0.5312, device='cuda:0', grad_fn=<DivBackward0>)
Memory status after this epoch: 
Memory allocated:  230.17529296875
Memory cached:  408.0
	 epoch  50 training error:  tensor(0.5486, device='cuda:0', grad_fn=<DivBackward0>)
Memory status after this epoch: 
Memory allocated:  230.17529296875
Memory cached:  408.0
	 epoch  60 training error:  tensor(0.5228, device='cuda:0', grad_fn=<DivBackward0>)
Memory status after this epoch: 
Memory allocated:  230.17529296875
Memory cached:  408.0
	 epoch  70 training error:  tensor(0.5239, device='cuda:0', grad_fn=<DivBackward0>)
Memory status after this epoch: 
Memory allocated:  230.17529296875
Memory cached:  408.0
	 epoch  80 training error:  tensor(0.5132, device='cuda:0', grad_fn=<DivBackward0>)
Memory status after this epoch: 
Memory allocated:  230.17529296875
Memory cached:  410.0
	 epoch  90 training error:  tensor(0.5665, device='cuda:0', grad_fn=<DivBackward0>)
Memory status after this epoch: 
Memory allocated:  230.17529296875
Memory cached:  410.0
[I 2023-12-20 13:07:14,966] Trial 144 finished with value: 0.22647057473659515 and parameters: {'W_layers': 5, 'W_layer_units_exponent_0': 8, 'W_layer_units_exponent_1': 10, 'W_layer_units_exponent_2': 6, 'W_layer_units_exponent_3': 6, 'W_layer_units_exponent_4': 5, 'D_layers': 5, 'D_layer_units_exponent_0': 7, 'D_layer_units_exponent_1': 9, 'D_layer_units_exponent_2': 8, 'D_layer_units_exponent_3': 8, 'D_layer_units_exponent_4': 5, 'D_dagger_layers': 3, 'D_dagger_layer_units_exponent_0': 9, 'D_dagger_layer_units_exponent_1': 4, 'D_dagger_layer_units_exponent_2': 5, 'log_learning_rate': -2.2380573161849346, 'log_learning_rate_D': -3.8211775224653777, 'log_learning_rate_D_dagger': -2.0685090939213664, 'training_batch_size': 6, 'training_p': 7}. Best is trial 116 with value: 0.12582257390022278.
Time for this trial:  323.6232204437256
Memory status after this trial: 
Memory allocated:  394.626953125
Memory cached:  412.0
--------------------  Trial  145   --------------------
Start timing: 
Parameters: 
{'W_layers': 5, 'W_layer_units_exponent_0': 8, 'W_layer_units_exponent_1': 10, 'W_layer_units_exponent_2': 6, 'W_layer_units_exponent_3': 6, 'W_layer_units_exponent_4': 5, 'D_layers': 5, 'D_layer_units_exponent_0': 7, 'D_layer_units_exponent_1': 9, 'D_layer_units_exponent_2': 8, 'D_layer_units_exponent_3': 8, 'D_layer_units_exponent_4': 5, 'D_dagger_layers': 3, 'D_dagger_layer_units_exponent_0': 9, 'D_dagger_layer_units_exponent_1': 4, 'D_dagger_layer_units_exponent_2': 5, 'log_learning_rate': -2.3977838051684675, 'log_learning_rate_D': -3.7242182200750005, 'log_learning_rate_D_dagger': -2.1713335797177074, 'training_batch_size': 6, 'training_p': 7}
	 epoch  0 training error:  tensor(1.3055, device='cuda:0', grad_fn=<DivBackward0>)
Memory status after this epoch: 
Memory allocated:  230.17529296875
Memory cached:  410.0
	 epoch  10 training error:  tensor(0.5687, device='cuda:0', grad_fn=<DivBackward0>)
Memory status after this epoch: 
Memory allocated:  230.17529296875
Memory cached:  408.0
	 epoch  20 training error:  tensor(0.5484, device='cuda:0', grad_fn=<DivBackward0>)
Memory status after this epoch: 
Memory allocated:  230.17529296875
Memory cached:  410.0
	 epoch  30 training error:  tensor(0.5306, device='cuda:0', grad_fn=<DivBackward0>)
Memory status after this epoch: 
Memory allocated:  230.17529296875
Memory cached:  408.0
	 epoch  40 training error:  tensor(0.5700, device='cuda:0', grad_fn=<DivBackward0>)
Memory status after this epoch: 
Memory allocated:  230.17529296875
Memory cached:  408.0
	 epoch  50 training error:  tensor(0.5359, device='cuda:0', grad_fn=<DivBackward0>)
Memory status after this epoch: 
Memory allocated:  230.17529296875
Memory cached:  408.0
	 epoch  60 training error:  tensor(0.5381, device='cuda:0', grad_fn=<DivBackward0>)
Memory status after this epoch: 
Memory allocated:  230.17529296875
Memory cached:  408.0
	 epoch  70 training error:  tensor(0.5133, device='cuda:0', grad_fn=<DivBackward0>)
Memory status after this epoch: 
Memory allocated:  230.17529296875
Memory cached:  408.0
	 epoch  80 training error:  tensor(0.4842, device='cuda:0', grad_fn=<DivBackward0>)
Memory status after this epoch: 
Memory allocated:  230.17529296875
Memory cached:  410.0
	 epoch  90 training error:  tensor(0.4981, device='cuda:0', grad_fn=<DivBackward0>)
Memory status after this epoch: 
Memory allocated:  230.17529296875
Memory cached:  410.0
[I 2023-12-20 13:12:38,587] Trial 145 finished with value: 0.4025978744029999 and parameters: {'W_layers': 5, 'W_layer_units_exponent_0': 8, 'W_layer_units_exponent_1': 10, 'W_layer_units_exponent_2': 6, 'W_layer_units_exponent_3': 6, 'W_layer_units_exponent_4': 5, 'D_layers': 5, 'D_layer_units_exponent_0': 7, 'D_layer_units_exponent_1': 9, 'D_layer_units_exponent_2': 8, 'D_layer_units_exponent_3': 8, 'D_layer_units_exponent_4': 5, 'D_dagger_layers': 3, 'D_dagger_layer_units_exponent_0': 9, 'D_dagger_layer_units_exponent_1': 4, 'D_dagger_layer_units_exponent_2': 5, 'log_learning_rate': -2.3977838051684675, 'log_learning_rate_D': -3.7242182200750005, 'log_learning_rate_D_dagger': -2.1713335797177074, 'training_batch_size': 6, 'training_p': 7}. Best is trial 116 with value: 0.12582257390022278.
Time for this trial:  323.18373703956604
Memory status after this trial: 
Memory allocated:  394.626953125
Memory cached:  412.0
--------------------  Trial  146   --------------------
Start timing: 
Parameters: 
{'W_layers': 5, 'W_layer_units_exponent_0': 8, 'W_layer_units_exponent_1': 10, 'W_layer_units_exponent_2': 6, 'W_layer_units_exponent_3': 6, 'W_layer_units_exponent_4': 4, 'D_layers': 6, 'D_layer_units_exponent_0': 7, 'D_layer_units_exponent_1': 9, 'D_layer_units_exponent_2': 8, 'D_layer_units_exponent_3': 8, 'D_layer_units_exponent_4': 5, 'D_layer_units_exponent_5': 5, 'D_dagger_layers': 3, 'D_dagger_layer_units_exponent_0': 9, 'D_dagger_layer_units_exponent_1': 4, 'D_dagger_layer_units_exponent_2': 5, 'log_learning_rate': -2.5950491315082056, 'log_learning_rate_D': -3.650238083999006, 'log_learning_rate_D_dagger': -2.2964460502215833, 'training_batch_size': 6, 'training_p': 7}
	 epoch  0 training error:  tensor(1.0208, device='cuda:0', grad_fn=<DivBackward0>)
Memory status after this epoch: 
Memory allocated:  230.17724609375
Memory cached:  408.0
	 epoch  10 training error:  tensor(0.5544, device='cuda:0', grad_fn=<DivBackward0>)
Memory status after this epoch: 
Memory allocated:  230.17724609375
Memory cached:  408.0
	 epoch  20 training error:  tensor(0.6083, device='cuda:0', grad_fn=<DivBackward0>)
Memory status after this epoch: 
Memory allocated:  230.17724609375
Memory cached:  418.0
	 epoch  30 training error:  tensor(0.5648, device='cuda:0', grad_fn=<DivBackward0>)
Memory status after this epoch: 
Memory allocated:  230.17724609375
Memory cached:  414.0
	 epoch  40 training error:  tensor(0.5512, device='cuda:0', grad_fn=<DivBackward0>)
Memory status after this epoch: 
Memory allocated:  230.17724609375
Memory cached:  410.0
	 epoch  50 training error:  tensor(0.5421, device='cuda:0', grad_fn=<DivBackward0>)
Memory status after this epoch: 
Memory allocated:  230.17724609375
Memory cached:  408.0
	 epoch  60 training error:  tensor(0.5567, device='cuda:0', grad_fn=<DivBackward0>)
Memory status after this epoch: 
Memory allocated:  230.17724609375
Memory cached:  410.0
	 epoch  70 training error:  tensor(0.4369, device='cuda:0', grad_fn=<DivBackward0>)
Memory status after this epoch: 
Memory allocated:  230.17724609375
Memory cached:  410.0
	 epoch  80 training error:  tensor(0.4481, device='cuda:0', grad_fn=<DivBackward0>)
Memory status after this epoch: 
Memory allocated:  230.17724609375
Memory cached:  408.0
	 epoch  90 training error:  tensor(0.2776, device='cuda:0', grad_fn=<DivBackward0>)
Memory status after this epoch: 
Memory allocated:  230.17724609375
Memory cached:  408.0
