[I 2023-12-20 06:25:56,151] Trial 68 finished with value: 0.3054967522621155 and parameters: {'W_layers': 5, 'W_layer_units_exponent_0': 8, 'W_layer_units_exponent_1': 10, 'W_layer_units_exponent_2': 8, 'W_layer_units_exponent_3': 9, 'W_layer_units_exponent_4': 8, 'D_layers': 5, 'D_layer_units_exponent_0': 9, 'D_layer_units_exponent_1': 8, 'D_layer_units_exponent_2': 6, 'D_layer_units_exponent_3': 7, 'D_layer_units_exponent_4': 8, 'D_dagger_layers': 5, 'D_dagger_layer_units_exponent_0': 9, 'D_dagger_layer_units_exponent_1': 5, 'D_dagger_layer_units_exponent_2': 4, 'D_dagger_layer_units_exponent_3': 4, 'D_dagger_layer_units_exponent_4': 5, 'log_learning_rate': -2.682766761923111, 'log_learning_rate_D': -4.395430015830791, 'log_learning_rate_D_dagger': -3.035127031738003, 'training_batch_size': 6, 'training_p': 4}. Best is trial 11 with value: 0.14480963349342346.
Time for this trial:  354.15122175216675
Memory status after this trial: 
Memory allocated:  406.3017578125
Memory cached:  418.0
--------------------  Trial  69   --------------------
Start timing: 
Parameters: 
{'W_layers': 5, 'W_layer_units_exponent_0': 7, 'W_layer_units_exponent_1': 8, 'W_layer_units_exponent_2': 7, 'W_layer_units_exponent_3': 7, 'W_layer_units_exponent_4': 9, 'D_layers': 5, 'D_layer_units_exponent_0': 8, 'D_layer_units_exponent_1': 7, 'D_layer_units_exponent_2': 6, 'D_layer_units_exponent_3': 6, 'D_layer_units_exponent_4': 7, 'D_dagger_layers': 4, 'D_dagger_layer_units_exponent_0': 10, 'D_dagger_layer_units_exponent_1': 4, 'D_dagger_layer_units_exponent_2': 4, 'D_dagger_layer_units_exponent_3': 4, 'log_learning_rate': -2.1475848189347406, 'log_learning_rate_D': -4.574635550913506, 'log_learning_rate_D_dagger': -3.292093666474186, 'training_batch_size': 6, 'training_p': 6}
	 epoch  0 training error:  tensor(1.1174, device='cuda:0', grad_fn=<DivBackward0>)
Memory status after this epoch: 
Memory allocated:  185.75830078125
Memory cached:  388.0
	 epoch  10 training error:  tensor(0.6948, device='cuda:0', grad_fn=<DivBackward0>)
Memory status after this epoch: 
Memory allocated:  185.75830078125
Memory cached:  436.0
	 epoch  20 training error:  tensor(0.5158, device='cuda:0', grad_fn=<DivBackward0>)
Memory status after this epoch: 
Memory allocated:  185.75830078125
Memory cached:  434.0
	 epoch  30 training error:  tensor(0.5150, device='cuda:0', grad_fn=<DivBackward0>)
Memory status after this epoch: 
Memory allocated:  185.75830078125
Memory cached:  440.0
	 epoch  40 training error:  tensor(0.5219, device='cuda:0', grad_fn=<DivBackward0>)
Memory status after this epoch: 
Memory allocated:  185.75830078125
Memory cached:  434.0
	 epoch  50 training error:  tensor(0.5099, device='cuda:0', grad_fn=<DivBackward0>)
Memory status after this epoch: 
Memory allocated:  185.75830078125
Memory cached:  432.0
	 epoch  60 training error:  tensor(0.5147, device='cuda:0', grad_fn=<DivBackward0>)
Memory status after this epoch: 
Memory allocated:  185.75830078125
Memory cached:  430.0
	 epoch  70 training error:  tensor(0.5078, device='cuda:0', grad_fn=<DivBackward0>)
Memory status after this epoch: 
Memory allocated:  185.75830078125
Memory cached:  424.0
	 epoch  80 training error:  tensor(0.5092, device='cuda:0', grad_fn=<DivBackward0>)
Memory status after this epoch: 
Memory allocated:  185.75830078125
Memory cached:  432.0
	 epoch  90 training error:  tensor(0.5054, device='cuda:0', grad_fn=<DivBackward0>)
Memory status after this epoch: 
Memory allocated:  185.75830078125
Memory cached:  438.0
[I 2023-12-20 06:31:26,329] Trial 69 finished with value: 0.4104599952697754 and parameters: {'W_layers': 5, 'W_layer_units_exponent_0': 7, 'W_layer_units_exponent_1': 8, 'W_layer_units_exponent_2': 7, 'W_layer_units_exponent_3': 7, 'W_layer_units_exponent_4': 9, 'D_layers': 5, 'D_layer_units_exponent_0': 8, 'D_layer_units_exponent_1': 7, 'D_layer_units_exponent_2': 6, 'D_layer_units_exponent_3': 6, 'D_layer_units_exponent_4': 7, 'D_dagger_layers': 4, 'D_dagger_layer_units_exponent_0': 10, 'D_dagger_layer_units_exponent_1': 4, 'D_dagger_layer_units_exponent_2': 4, 'D_dagger_layer_units_exponent_3': 4, 'log_learning_rate': -2.1475848189347406, 'log_learning_rate_D': -4.574635550913506, 'log_learning_rate_D_dagger': -3.292093666474186, 'training_batch_size': 6, 'training_p': 6}. Best is trial 11 with value: 0.14480963349342346.
Time for this trial:  329.74226927757263
Memory status after this trial: 
Memory allocated:  332.470703125
Memory cached:  420.0
--------------------  Trial  70   --------------------
Start timing: 
Parameters: 
{'W_layers': 3, 'W_layer_units_exponent_0': 6, 'W_layer_units_exponent_1': 9, 'W_layer_units_exponent_2': 8, 'D_layers': 6, 'D_layer_units_exponent_0': 9, 'D_layer_units_exponent_1': 7, 'D_layer_units_exponent_2': 6, 'D_layer_units_exponent_3': 7, 'D_layer_units_exponent_4': 8, 'D_layer_units_exponent_5': 9, 'D_dagger_layers': 4, 'D_dagger_layer_units_exponent_0': 9, 'D_dagger_layer_units_exponent_1': 5, 'D_dagger_layer_units_exponent_2': 4, 'D_dagger_layer_units_exponent_3': 4, 'log_learning_rate': -2.3168465730341836, 'log_learning_rate_D': -4.2583485844280515, 'log_learning_rate_D_dagger': -2.963311287706275, 'training_batch_size': 6, 'training_p': 5}
	 epoch  0 training error:  tensor(1.9664, device='cuda:0', grad_fn=<DivBackward0>)
Memory status after this epoch: 
Memory allocated:  188.94189453125
Memory cached:  388.0
	 epoch  10 training error:  tensor(0.5125, device='cuda:0', grad_fn=<DivBackward0>)
Memory status after this epoch: 
Memory allocated:  188.94189453125
Memory cached:  420.0
	 epoch  20 training error:  tensor(0.4934, device='cuda:0', grad_fn=<DivBackward0>)
Memory status after this epoch: 
Memory allocated:  188.94189453125
Memory cached:  420.0
	 epoch  30 training error:  tensor(0.4820, device='cuda:0', grad_fn=<DivBackward0>)
Memory status after this epoch: 
Memory allocated:  188.94189453125
Memory cached:  414.0
	 epoch  40 training error:  tensor(0.4943, device='cuda:0', grad_fn=<DivBackward0>)
Memory status after this epoch: 
Memory allocated:  188.94189453125
Memory cached:  426.0
	 epoch  50 training error:  tensor(0.4758, device='cuda:0', grad_fn=<DivBackward0>)
Memory status after this epoch: 
Memory allocated:  188.94189453125
Memory cached:  416.0
	 epoch  60 training error:  tensor(0.4726, device='cuda:0', grad_fn=<DivBackward0>)
Memory status after this epoch: 
Memory allocated:  188.94189453125
Memory cached:  420.0
	 epoch  70 training error:  tensor(0.4576, device='cuda:0', grad_fn=<DivBackward0>)
Memory status after this epoch: 
Memory allocated:  188.94189453125
Memory cached:  416.0
	 epoch  80 training error:  tensor(0.4186, device='cuda:0', grad_fn=<DivBackward0>)
Memory status after this epoch: 
Memory allocated:  188.94189453125
Memory cached:  420.0
	 epoch  90 training error:  tensor(0.3814, device='cuda:0', grad_fn=<DivBackward0>)
Memory status after this epoch: 
Memory allocated:  188.94189453125
Memory cached:  414.0
[I 2023-12-20 06:36:44,029] Trial 70 finished with value: 0.2336823046207428 and parameters: {'W_layers': 3, 'W_layer_units_exponent_0': 6, 'W_layer_units_exponent_1': 9, 'W_layer_units_exponent_2': 8, 'D_layers': 6, 'D_layer_units_exponent_0': 9, 'D_layer_units_exponent_1': 7, 'D_layer_units_exponent_2': 6, 'D_layer_units_exponent_3': 7, 'D_layer_units_exponent_4': 8, 'D_layer_units_exponent_5': 9, 'D_dagger_layers': 4, 'D_dagger_layer_units_exponent_0': 9, 'D_dagger_layer_units_exponent_1': 5, 'D_dagger_layer_units_exponent_2': 4, 'D_dagger_layer_units_exponent_3': 4, 'log_learning_rate': -2.3168465730341836, 'log_learning_rate_D': -4.2583485844280515, 'log_learning_rate_D_dagger': -2.963311287706275, 'training_batch_size': 6, 'training_p': 5}. Best is trial 11 with value: 0.14480963349342346.
Time for this trial:  317.31835293769836
Memory status after this trial: 
Memory allocated:  340.1220703125
Memory cached:  412.0
--------------------  Trial  71   --------------------
Start timing: 
Parameters: 
{'W_layers': 6, 'W_layer_units_exponent_0': 7, 'W_layer_units_exponent_1': 9, 'W_layer_units_exponent_2': 7, 'W_layer_units_exponent_3': 7, 'W_layer_units_exponent_4': 9, 'W_layer_units_exponent_5': 9, 'D_layers': 5, 'D_layer_units_exponent_0': 8, 'D_layer_units_exponent_1': 6, 'D_layer_units_exponent_2': 5, 'D_layer_units_exponent_3': 6, 'D_layer_units_exponent_4': 8, 'D_dagger_layers': 4, 'D_dagger_layer_units_exponent_0': 10, 'D_dagger_layer_units_exponent_1': 5, 'D_dagger_layer_units_exponent_2': 4, 'D_dagger_layer_units_exponent_3': 5, 'log_learning_rate': -2.409937690117436, 'log_learning_rate_D': -3.846593555901923, 'log_learning_rate_D_dagger': -2.5551761336909915, 'training_batch_size': 6, 'training_p': 5}
	 epoch  0 training error:  tensor(1.1338, device='cuda:0', grad_fn=<DivBackward0>)
Memory status after this epoch: 
Memory allocated:  190.78173828125
Memory cached:  392.0
	 epoch  10 training error:  tensor(0.5666, device='cuda:0', grad_fn=<DivBackward0>)
Memory status after this epoch: 
Memory allocated:  190.78173828125
Memory cached:  430.0
	 epoch  20 training error:  tensor(0.5277, device='cuda:0', grad_fn=<DivBackward0>)
Memory status after this epoch: 
Memory allocated:  190.78173828125
Memory cached:  440.0
	 epoch  30 training error:  tensor(0.4771, device='cuda:0', grad_fn=<DivBackward0>)
Memory status after this epoch: 
Memory allocated:  190.78173828125
Memory cached:  438.0
	 epoch  40 training error:  tensor(0.4790, device='cuda:0', grad_fn=<DivBackward0>)
Memory status after this epoch: 
Memory allocated:  190.78173828125
Memory cached:  444.0
	 epoch  50 training error:  tensor(0.4801, device='cuda:0', grad_fn=<DivBackward0>)
Memory status after this epoch: 
Memory allocated:  190.78173828125
Memory cached:  442.0
	 epoch  60 training error:  tensor(0.4810, device='cuda:0', grad_fn=<DivBackward0>)
Memory status after this epoch: 
Memory allocated:  190.78173828125
Memory cached:  432.0
	 epoch  70 training error:  tensor(0.4894, device='cuda:0', grad_fn=<DivBackward0>)
Memory status after this epoch: 
Memory allocated:  190.78173828125
Memory cached:  432.0
	 epoch  80 training error:  tensor(0.4771, device='cuda:0', grad_fn=<DivBackward0>)
Memory status after this epoch: 
Memory allocated:  190.78173828125
Memory cached:  434.0
	 epoch  90 training error:  tensor(0.4888, device='cuda:0', grad_fn=<DivBackward0>)
Memory status after this epoch: 
Memory allocated:  190.78173828125
Memory cached:  434.0
[I 2023-12-20 06:42:35,087] Trial 71 finished with value: 0.38082456588745117 and parameters: {'W_layers': 6, 'W_layer_units_exponent_0': 7, 'W_layer_units_exponent_1': 9, 'W_layer_units_exponent_2': 7, 'W_layer_units_exponent_3': 7, 'W_layer_units_exponent_4': 9, 'W_layer_units_exponent_5': 9, 'D_layers': 5, 'D_layer_units_exponent_0': 8, 'D_layer_units_exponent_1': 6, 'D_layer_units_exponent_2': 5, 'D_layer_units_exponent_3': 6, 'D_layer_units_exponent_4': 8, 'D_dagger_layers': 4, 'D_dagger_layer_units_exponent_0': 10, 'D_dagger_layer_units_exponent_1': 5, 'D_dagger_layer_units_exponent_2': 4, 'D_dagger_layer_units_exponent_3': 5, 'log_learning_rate': -2.409937690117436, 'log_learning_rate_D': -3.846593555901923, 'log_learning_rate_D_dagger': -2.5551761336909915, 'training_batch_size': 6, 'training_p': 5}. Best is trial 11 with value: 0.14480963349342346.
Time for this trial:  350.62346148490906
Memory status after this trial: 
Memory allocated:  377.99267578125
Memory cached:  428.0
--------------------  Trial  72   --------------------
Start timing: 
Parameters: 
{'W_layers': 4, 'W_layer_units_exponent_0': 7, 'W_layer_units_exponent_1': 9, 'W_layer_units_exponent_2': 6, 'W_layer_units_exponent_3': 7, 'D_layers': 8, 'D_layer_units_exponent_0': 8, 'D_layer_units_exponent_1': 6, 'D_layer_units_exponent_2': 5, 'D_layer_units_exponent_3': 5, 'D_layer_units_exponent_4': 7, 'D_layer_units_exponent_5': 10, 'D_layer_units_exponent_6': 7, 'D_layer_units_exponent_7': 8, 'D_dagger_layers': 4, 'D_dagger_layer_units_exponent_0': 10, 'D_dagger_layer_units_exponent_1': 6, 'D_dagger_layer_units_exponent_2': 5, 'D_dagger_layer_units_exponent_3': 5, 'log_learning_rate': -2.4980029003139843, 'log_learning_rate_D': -3.9159978975653, 'log_learning_rate_D_dagger': -2.7388833022782184, 'training_batch_size': 6, 'training_p': 4}
	 epoch  0 training error:  tensor(1.1469, device='cuda:0', grad_fn=<DivBackward0>)
Memory status after this epoch: 
Memory allocated:  189.98291015625
Memory cached:  388.0
	 epoch  10 training error:  tensor(0.4871, device='cuda:0', grad_fn=<DivBackward0>)
Memory status after this epoch: 
Memory allocated:  189.98291015625
Memory cached:  430.0
	 epoch  20 training error:  tensor(0.4416, device='cuda:0', grad_fn=<DivBackward0>)
Memory status after this epoch: 
Memory allocated:  189.98291015625
Memory cached:  426.0
	 epoch  30 training error:  tensor(0.4332, device='cuda:0', grad_fn=<DivBackward0>)
Memory status after this epoch: 
Memory allocated:  189.98291015625
Memory cached:  426.0
	 epoch  40 training error:  tensor(0.4442, device='cuda:0', grad_fn=<DivBackward0>)
Memory status after this epoch: 
Memory allocated:  189.98291015625
Memory cached:  426.0
	 epoch  50 training error:  tensor(0.4469, device='cuda:0', grad_fn=<DivBackward0>)
Memory status after this epoch: 
Memory allocated:  189.98291015625
Memory cached:  430.0
	 epoch  60 training error:  tensor(0.4267, device='cuda:0', grad_fn=<DivBackward0>)
Memory status after this epoch: 
Memory allocated:  189.98291015625
Memory cached:  432.0
	 epoch  70 training error:  tensor(0.4166, device='cuda:0', grad_fn=<DivBackward0>)
Memory status after this epoch: 
Memory allocated:  189.98291015625
Memory cached:  430.0
	 epoch  80 training error:  tensor(0.4170, device='cuda:0', grad_fn=<DivBackward0>)
Memory status after this epoch: 
Memory allocated:  189.98291015625
Memory cached:  428.0
	 epoch  90 training error:  tensor(0.3506, device='cuda:0', grad_fn=<DivBackward0>)
Memory status after this epoch: 
Memory allocated:  189.98291015625
Memory cached:  424.0
[I 2023-12-20 06:48:40,958] Trial 72 finished with value: 0.19451190531253815 and parameters: {'W_layers': 4, 'W_layer_units_exponent_0': 7, 'W_layer_units_exponent_1': 9, 'W_layer_units_exponent_2': 6, 'W_layer_units_exponent_3': 7, 'D_layers': 8, 'D_layer_units_exponent_0': 8, 'D_layer_units_exponent_1': 6, 'D_layer_units_exponent_2': 5, 'D_layer_units_exponent_3': 5, 'D_layer_units_exponent_4': 7, 'D_layer_units_exponent_5': 10, 'D_layer_units_exponent_6': 7, 'D_layer_units_exponent_7': 8, 'D_dagger_layers': 4, 'D_dagger_layer_units_exponent_0': 10, 'D_dagger_layer_units_exponent_1': 6, 'D_dagger_layer_units_exponent_2': 5, 'D_dagger_layer_units_exponent_3': 5, 'log_learning_rate': -2.4980029003139843, 'log_learning_rate_D': -3.9159978975653, 'log_learning_rate_D_dagger': -2.7388833022782184, 'training_batch_size': 6, 'training_p': 4}. Best is trial 11 with value: 0.14480963349342346.
Time for this trial:  365.4551727771759
Memory status after this trial: 
Memory allocated:  390.7939453125
Memory cached:  420.0
--------------------  Trial  73   --------------------
Start timing: 
Parameters: 
{'W_layers': 4, 'W_layer_units_exponent_0': 7, 'W_layer_units_exponent_1': 9, 'W_layer_units_exponent_2': 6, 'W_layer_units_exponent_3': 6, 'D_layers': 6, 'D_layer_units_exponent_0': 8, 'D_layer_units_exponent_1': 7, 'D_layer_units_exponent_2': 5, 'D_layer_units_exponent_3': 5, 'D_layer_units_exponent_4': 5, 'D_layer_units_exponent_5': 9, 'D_dagger_layers': 5, 'D_dagger_layer_units_exponent_0': 10, 'D_dagger_layer_units_exponent_1': 6, 'D_dagger_layer_units_exponent_2': 5, 'D_dagger_layer_units_exponent_3': 5, 'D_dagger_layer_units_exponent_4': 7, 'log_learning_rate': -2.7287471927996774, 'log_learning_rate_D': -4.13657815966766, 'log_learning_rate_D_dagger': -2.755869627762967, 'training_batch_size': 6, 'training_p': 4}
	 epoch  0 training error:  tensor(0.9094, device='cuda:0', grad_fn=<DivBackward0>)
Memory status after this epoch: 
Memory allocated:  185.95947265625
Memory cached:  386.0
	 epoch  10 training error:  tensor(0.4738, device='cuda:0', grad_fn=<DivBackward0>)
Memory status after this epoch: 
Memory allocated:  185.95947265625
Memory cached:  392.0
	 epoch  20 training error:  tensor(0.4434, device='cuda:0', grad_fn=<DivBackward0>)
Memory status after this epoch: 
Memory allocated:  185.95947265625
Memory cached:  390.0
	 epoch  30 training error:  tensor(0.4453, device='cuda:0', grad_fn=<DivBackward0>)
Memory status after this epoch: 
Memory allocated:  185.95947265625
Memory cached:  392.0
	 epoch  40 training error:  tensor(0.4451, device='cuda:0', grad_fn=<DivBackward0>)
Memory status after this epoch: 
Memory allocated:  185.95947265625
Memory cached:  392.0
	 epoch  50 training error:  tensor(0.4302, device='cuda:0', grad_fn=<DivBackward0>)
Memory status after this epoch: 
Memory allocated:  185.95947265625
Memory cached:  392.0
	 epoch  60 training error:  tensor(0.4228, device='cuda:0', grad_fn=<DivBackward0>)
Memory status after this epoch: 
Memory allocated:  185.95947265625
Memory cached:  394.0
	 epoch  70 training error:  tensor(0.3940, device='cuda:0', grad_fn=<DivBackward0>)
Memory status after this epoch: 
Memory allocated:  185.95947265625
Memory cached:  392.0
	 epoch  80 training error:  tensor(0.3847, device='cuda:0', grad_fn=<DivBackward0>)
Memory status after this epoch: 
Memory allocated:  185.95947265625
Memory cached:  392.0
	 epoch  90 training error:  tensor(0.2671, device='cuda:0', grad_fn=<DivBackward0>)
Memory status after this epoch: 
Memory allocated:  185.95947265625
Memory cached:  390.0
[I 2023-12-20 06:54:23,447] Trial 73 finished with value: 0.20635917782783508 and parameters: {'W_layers': 4, 'W_layer_units_exponent_0': 7, 'W_layer_units_exponent_1': 9, 'W_layer_units_exponent_2': 6, 'W_layer_units_exponent_3': 6, 'D_layers': 6, 'D_layer_units_exponent_0': 8, 'D_layer_units_exponent_1': 7, 'D_layer_units_exponent_2': 5, 'D_layer_units_exponent_3': 5, 'D_layer_units_exponent_4': 5, 'D_layer_units_exponent_5': 9, 'D_dagger_layers': 5, 'D_dagger_layer_units_exponent_0': 10, 'D_dagger_layer_units_exponent_1': 6, 'D_dagger_layer_units_exponent_2': 5, 'D_dagger_layer_units_exponent_3': 5, 'D_dagger_layer_units_exponent_4': 7, 'log_learning_rate': -2.7287471927996774, 'log_learning_rate_D': -4.13657815966766, 'log_learning_rate_D_dagger': -2.755869627762967, 'training_batch_size': 6, 'training_p': 4}. Best is trial 11 with value: 0.14480963349342346.
Time for this trial:  342.06215476989746
Memory status after this trial: 
Memory allocated:  340.95751953125
Memory cached:  390.0
--------------------  Trial  74   --------------------
Start timing: 
Parameters: 
{'W_layers': 4, 'W_layer_units_exponent_0': 7, 'W_layer_units_exponent_1': 9, 'W_layer_units_exponent_2': 6, 'W_layer_units_exponent_3': 6, 'D_layers': 6, 'D_layer_units_exponent_0': 8, 'D_layer_units_exponent_1': 9, 'D_layer_units_exponent_2': 5, 'D_layer_units_exponent_3': 4, 'D_layer_units_exponent_4': 5, 'D_layer_units_exponent_5': 10, 'D_dagger_layers': 5, 'D_dagger_layer_units_exponent_0': 10, 'D_dagger_layer_units_exponent_1': 6, 'D_dagger_layer_units_exponent_2': 4, 'D_dagger_layer_units_exponent_3': 5, 'D_dagger_layer_units_exponent_4': 7, 'log_learning_rate': -2.784760965105321, 'log_learning_rate_D': -4.40699687984164, 'log_learning_rate_D_dagger': -3.1930658849290725, 'training_batch_size': 6, 'training_p': 4}
	 epoch  0 training error:  tensor(0.9653, device='cuda:0', grad_fn=<DivBackward0>)
Memory status after this epoch: 
Memory allocated:  187.87939453125
Memory cached:  396.0
	 epoch  10 training error:  tensor(0.4590, device='cuda:0', grad_fn=<DivBackward0>)
Memory status after this epoch: 
Memory allocated:  187.87939453125
Memory cached:  426.0
	 epoch  20 training error:  tensor(0.4431, device='cuda:0', grad_fn=<DivBackward0>)
Memory status after this epoch: 
Memory allocated:  187.87939453125
Memory cached:  432.0
	 epoch  30 training error:  tensor(0.4526, device='cuda:0', grad_fn=<DivBackward0>)
Memory status after this epoch: 
Memory allocated:  187.87939453125
Memory cached:  422.0
	 epoch  40 training error:  tensor(0.4250, device='cuda:0', grad_fn=<DivBackward0>)
Memory status after this epoch: 
Memory allocated:  187.87939453125
Memory cached:  434.0
	 epoch  50 training error:  tensor(0.3916, device='cuda:0', grad_fn=<DivBackward0>)
Memory status after this epoch: 
Memory allocated:  187.87939453125
Memory cached:  432.0
	 epoch  60 training error:  tensor(0.3745, device='cuda:0', grad_fn=<DivBackward0>)
Memory status after this epoch: 
Memory allocated:  187.87939453125
Memory cached:  440.0
	 epoch  70 training error:  tensor(0.3105, device='cuda:0', grad_fn=<DivBackward0>)
Memory status after this epoch: 
Memory allocated:  187.87939453125
Memory cached:  428.0
	 epoch  80 training error:  tensor(0.2238, device='cuda:0', grad_fn=<DivBackward0>)
Memory status after this epoch: 
Memory allocated:  187.87939453125
Memory cached:  430.0
	 epoch  90 training error:  tensor(0.2040, device='cuda:0', grad_fn=<DivBackward0>)
Memory status after this epoch: 
Memory allocated:  187.87939453125
Memory cached:  430.0
