[I 2023-12-20 04:34:04,986] Trial 45 finished with value: 0.4527073800563812 and parameters: {'W_layers': 4, 'W_layer_units_exponent_0': 6, 'W_layer_units_exponent_1': 9, 'W_layer_units_exponent_2': 9, 'W_layer_units_exponent_3': 8, 'D_layers': 8, 'D_layer_units_exponent_0': 6, 'D_layer_units_exponent_1': 5, 'D_layer_units_exponent_2': 6, 'D_layer_units_exponent_3': 7, 'D_layer_units_exponent_4': 9, 'D_layer_units_exponent_5': 8, 'D_layer_units_exponent_6': 4, 'D_layer_units_exponent_7': 6, 'D_dagger_layers': 4, 'D_dagger_layer_units_exponent_0': 8, 'D_dagger_layer_units_exponent_1': 7, 'D_dagger_layer_units_exponent_2': 5, 'D_dagger_layer_units_exponent_3': 6, 'log_learning_rate': -2.1035140177899585, 'log_learning_rate_D': -3.904549494052055, 'log_learning_rate_D_dagger': -1.0119101603078886, 'training_batch_size': 6, 'training_p': 7}. Best is trial 11 with value: 0.14480963349342346.
Time for this trial:  360.7824046611786
Memory status after this trial: 
Memory allocated:  342.5908203125
Memory cached:  410.0
--------------------  Trial  46   --------------------
Start timing: 
Parameters: 
{'W_layers': 6, 'W_layer_units_exponent_0': 5, 'W_layer_units_exponent_1': 8, 'W_layer_units_exponent_2': 6, 'W_layer_units_exponent_3': 10, 'W_layer_units_exponent_4': 4, 'W_layer_units_exponent_5': 9, 'D_layers': 7, 'D_layer_units_exponent_0': 7, 'D_layer_units_exponent_1': 6, 'D_layer_units_exponent_2': 4, 'D_layer_units_exponent_3': 9, 'D_layer_units_exponent_4': 7, 'D_layer_units_exponent_5': 7, 'D_layer_units_exponent_6': 6, 'D_dagger_layers': 3, 'D_dagger_layer_units_exponent_0': 9, 'D_dagger_layer_units_exponent_1': 6, 'D_dagger_layer_units_exponent_2': 4, 'log_learning_rate': -1.7604943762840866, 'log_learning_rate_D': -3.605843709658446, 'log_learning_rate_D_dagger': -2.262904381292646, 'training_batch_size': 7, 'training_p': 6}
	 epoch  0 training error:  tensor(0.9531, device='cuda:0', grad_fn=<DivBackward0>)
Memory status after this epoch: 
Memory allocated:  186.31494140625
Memory cached:  390.0
	 epoch  10 training error:  tensor(1.3534, device='cuda:0', grad_fn=<DivBackward0>)
Memory status after this epoch: 
Memory allocated:  186.31494140625
Memory cached:  398.0
	 epoch  20 training error:  tensor(0.5611, device='cuda:0', grad_fn=<DivBackward0>)
Memory status after this epoch: 
Memory allocated:  186.31494140625
Memory cached:  404.0
	 epoch  30 training error:  tensor(0.5716, device='cuda:0', grad_fn=<DivBackward0>)
Memory status after this epoch: 
Memory allocated:  186.31494140625
Memory cached:  400.0
	 epoch  40 training error:  tensor(0.5072, device='cuda:0', grad_fn=<DivBackward0>)
Memory status after this epoch: 
Memory allocated:  186.31494140625
Memory cached:  394.0
	 epoch  50 training error:  tensor(0.5171, device='cuda:0', grad_fn=<DivBackward0>)
Memory status after this epoch: 
Memory allocated:  186.31494140625
Memory cached:  398.0
	 epoch  60 training error:  tensor(0.5111, device='cuda:0', grad_fn=<DivBackward0>)
Memory status after this epoch: 
Memory allocated:  186.31494140625
Memory cached:  396.0
	 epoch  70 training error:  tensor(0.5262, device='cuda:0', grad_fn=<DivBackward0>)
Memory status after this epoch: 
Memory allocated:  186.31494140625
Memory cached:  400.0
	 epoch  80 training error:  tensor(0.5147, device='cuda:0', grad_fn=<DivBackward0>)
Memory status after this epoch: 
Memory allocated:  186.31494140625
Memory cached:  394.0
	 epoch  90 training error:  tensor(0.5157, device='cuda:0', grad_fn=<DivBackward0>)
Memory status after this epoch: 
Memory allocated:  186.31494140625
Memory cached:  396.0
[I 2023-12-20 04:37:35,946] Trial 46 finished with value: 0.40783563256263733 and parameters: {'W_layers': 6, 'W_layer_units_exponent_0': 5, 'W_layer_units_exponent_1': 8, 'W_layer_units_exponent_2': 6, 'W_layer_units_exponent_3': 10, 'W_layer_units_exponent_4': 4, 'W_layer_units_exponent_5': 9, 'D_layers': 7, 'D_layer_units_exponent_0': 7, 'D_layer_units_exponent_1': 6, 'D_layer_units_exponent_2': 4, 'D_layer_units_exponent_3': 9, 'D_layer_units_exponent_4': 7, 'D_layer_units_exponent_5': 7, 'D_layer_units_exponent_6': 6, 'D_dagger_layers': 3, 'D_dagger_layer_units_exponent_0': 9, 'D_dagger_layer_units_exponent_1': 6, 'D_dagger_layer_units_exponent_2': 4, 'log_learning_rate': -1.7604943762840866, 'log_learning_rate_D': -3.605843709658446, 'log_learning_rate_D_dagger': -2.262904381292646, 'training_batch_size': 7, 'training_p': 6}. Best is trial 11 with value: 0.14480963349342346.
Time for this trial:  210.5538604259491
Memory status after this trial: 
Memory allocated:  368.86865234375
Memory cached:  392.0
--------------------  Trial  47   --------------------
Start timing: 
Parameters: 
{'W_layers': 5, 'W_layer_units_exponent_0': 4, 'W_layer_units_exponent_1': 7, 'W_layer_units_exponent_2': 5, 'W_layer_units_exponent_3': 9, 'W_layer_units_exponent_4': 5, 'D_layers': 8, 'D_layer_units_exponent_0': 7, 'D_layer_units_exponent_1': 4, 'D_layer_units_exponent_2': 5, 'D_layer_units_exponent_3': 8, 'D_layer_units_exponent_4': 7, 'D_layer_units_exponent_5': 7, 'D_layer_units_exponent_6': 5, 'D_layer_units_exponent_7': 4, 'D_dagger_layers': 4, 'D_dagger_layer_units_exponent_0': 8, 'D_dagger_layer_units_exponent_1': 5, 'D_dagger_layer_units_exponent_2': 6, 'D_dagger_layer_units_exponent_3': 10, 'log_learning_rate': -2.0192365848165097, 'log_learning_rate_D': -4.296996703774541, 'log_learning_rate_D_dagger': -2.0045977113166984, 'training_batch_size': 6, 'training_p': 8}
	 epoch  0 training error:  tensor(1.2617, device='cuda:0', grad_fn=<DivBackward0>)
Memory status after this epoch: 
Memory allocated:  185.16064453125
Memory cached:  398.0
	 epoch  10 training error:  tensor(0.6526, device='cuda:0', grad_fn=<DivBackward0>)
Memory status after this epoch: 
Memory allocated:  185.16064453125
Memory cached:  430.0
	 epoch  20 training error:  tensor(0.5968, device='cuda:0', grad_fn=<DivBackward0>)
Memory status after this epoch: 
Memory allocated:  185.16064453125
Memory cached:  428.0
	 epoch  30 training error:  tensor(0.6401, device='cuda:0', grad_fn=<DivBackward0>)
Memory status after this epoch: 
Memory allocated:  185.16064453125
Memory cached:  432.0
	 epoch  40 training error:  tensor(0.5978, device='cuda:0', grad_fn=<DivBackward0>)
Memory status after this epoch: 
Memory allocated:  185.16064453125
Memory cached:  424.0
	 epoch  50 training error:  tensor(0.6095, device='cuda:0', grad_fn=<DivBackward0>)
Memory status after this epoch: 
Memory allocated:  185.16064453125
Memory cached:  432.0
	 epoch  60 training error:  tensor(0.5630, device='cuda:0', grad_fn=<DivBackward0>)
Memory status after this epoch: 
Memory allocated:  185.16064453125
Memory cached:  420.0
	 epoch  70 training error:  tensor(0.5657, device='cuda:0', grad_fn=<DivBackward0>)
Memory status after this epoch: 
Memory allocated:  185.16064453125
Memory cached:  434.0
	 epoch  80 training error:  tensor(0.5719, device='cuda:0', grad_fn=<DivBackward0>)
Memory status after this epoch: 
Memory allocated:  185.16064453125
Memory cached:  432.0
	 epoch  90 training error:  tensor(0.5468, device='cuda:0', grad_fn=<DivBackward0>)
Memory status after this epoch: 
Memory allocated:  185.16064453125
Memory cached:  430.0
[I 2023-12-20 04:43:47,725] Trial 47 finished with value: 0.43102771043777466 and parameters: {'W_layers': 5, 'W_layer_units_exponent_0': 4, 'W_layer_units_exponent_1': 7, 'W_layer_units_exponent_2': 5, 'W_layer_units_exponent_3': 9, 'W_layer_units_exponent_4': 5, 'D_layers': 8, 'D_layer_units_exponent_0': 7, 'D_layer_units_exponent_1': 4, 'D_layer_units_exponent_2': 5, 'D_layer_units_exponent_3': 8, 'D_layer_units_exponent_4': 7, 'D_layer_units_exponent_5': 7, 'D_layer_units_exponent_6': 5, 'D_layer_units_exponent_7': 4, 'D_dagger_layers': 4, 'D_dagger_layer_units_exponent_0': 8, 'D_dagger_layer_units_exponent_1': 5, 'D_dagger_layer_units_exponent_2': 6, 'D_dagger_layer_units_exponent_3': 10, 'log_learning_rate': -2.0192365848165097, 'log_learning_rate_D': -4.296996703774541, 'log_learning_rate_D_dagger': -2.0045977113166984, 'training_batch_size': 6, 'training_p': 8}. Best is trial 11 with value: 0.14480963349342346.
Time for this trial:  371.28445625305176
Memory status after this trial: 
Memory allocated:  327.22607421875
Memory cached:  422.0
--------------------  Trial  48   --------------------
Start timing: 
Parameters: 
{'W_layers': 6, 'W_layer_units_exponent_0': 7, 'W_layer_units_exponent_1': 10, 'W_layer_units_exponent_2': 4, 'W_layer_units_exponent_3': 10, 'W_layer_units_exponent_4': 4, 'W_layer_units_exponent_5': 8, 'D_layers': 7, 'D_layer_units_exponent_0': 8, 'D_layer_units_exponent_1': 10, 'D_layer_units_exponent_2': 4, 'D_layer_units_exponent_3': 7, 'D_layer_units_exponent_4': 8, 'D_layer_units_exponent_5': 4, 'D_layer_units_exponent_6': 4, 'D_dagger_layers': 5, 'D_dagger_layer_units_exponent_0': 7, 'D_dagger_layer_units_exponent_1': 6, 'D_dagger_layer_units_exponent_2': 4, 'D_dagger_layer_units_exponent_3': 4, 'D_dagger_layer_units_exponent_4': 6, 'log_learning_rate': -1.7114090871174175, 'log_learning_rate_D': -4.706098577808815, 'log_learning_rate_D_dagger': -2.793765254889438, 'training_batch_size': 11, 'training_p': 7}
	 epoch  0 training error:  tensor(0.9935, device='cuda:0', grad_fn=<DivBackward0>)
Memory status after this epoch: 
Memory allocated:  190.23291015625
Memory cached:  394.0
	 epoch  10 training error:  tensor(0.9704, device='cuda:0', grad_fn=<DivBackward0>)
Memory status after this epoch: 
Memory allocated:  190.23291015625
Memory cached:  408.0
	 epoch  20 training error:  tensor(9.9878, device='cuda:0', grad_fn=<DivBackward0>)
Memory status after this epoch: 
Memory allocated:  190.23291015625
Memory cached:  404.0
	 epoch  30 training error:  tensor(24.7074, device='cuda:0', grad_fn=<DivBackward0>)
Memory status after this epoch: 
Memory allocated:  190.23291015625
Memory cached:  406.0
	 epoch  40 training error:  tensor(9.7193, device='cuda:0', grad_fn=<DivBackward0>)
Memory status after this epoch: 
Memory allocated:  190.23291015625
Memory cached:  404.0
	 epoch  50 training error:  tensor(1.5668, device='cuda:0', grad_fn=<DivBackward0>)
Memory status after this epoch: 
Memory allocated:  190.23291015625
Memory cached:  406.0
	 epoch  60 training error:  tensor(0.6048, device='cuda:0', grad_fn=<DivBackward0>)
Memory status after this epoch: 
Memory allocated:  190.23291015625
Memory cached:  406.0
	 epoch  70 training error:  tensor(0.5552, device='cuda:0', grad_fn=<DivBackward0>)
Memory status after this epoch: 
Memory allocated:  190.23291015625
Memory cached:  400.0
	 epoch  80 training error:  tensor(0.5609, device='cuda:0', grad_fn=<DivBackward0>)
Memory status after this epoch: 
Memory allocated:  190.23291015625
Memory cached:  404.0
	 epoch  90 training error:  tensor(0.6010, device='cuda:0', grad_fn=<DivBackward0>)
Memory status after this epoch: 
Memory allocated:  190.23291015625
Memory cached:  410.0
[I 2023-12-20 04:47:36,640] Trial 48 finished with value: 0.4178135097026825 and parameters: {'W_layers': 6, 'W_layer_units_exponent_0': 7, 'W_layer_units_exponent_1': 10, 'W_layer_units_exponent_2': 4, 'W_layer_units_exponent_3': 10, 'W_layer_units_exponent_4': 4, 'W_layer_units_exponent_5': 8, 'D_layers': 7, 'D_layer_units_exponent_0': 8, 'D_layer_units_exponent_1': 10, 'D_layer_units_exponent_2': 4, 'D_layer_units_exponent_3': 7, 'D_layer_units_exponent_4': 8, 'D_layer_units_exponent_5': 4, 'D_layer_units_exponent_6': 4, 'D_dagger_layers': 5, 'D_dagger_layer_units_exponent_0': 7, 'D_dagger_layer_units_exponent_1': 6, 'D_dagger_layer_units_exponent_2': 4, 'D_dagger_layer_units_exponent_3': 4, 'D_dagger_layer_units_exponent_4': 6, 'log_learning_rate': -1.7114090871174175, 'log_learning_rate_D': -4.706098577808815, 'log_learning_rate_D_dagger': -2.793765254889438, 'training_batch_size': 11, 'training_p': 7}. Best is trial 11 with value: 0.14480963349342346.
Time for this trial:  228.4990005493164
Memory status after this trial: 
Memory allocated:  422.6591796875
Memory cached:  428.0
--------------------  Trial  49   --------------------
Start timing: 
Parameters: 
{'W_layers': 4, 'W_layer_units_exponent_0': 8, 'W_layer_units_exponent_1': 7, 'W_layer_units_exponent_2': 6, 'W_layer_units_exponent_3': 8, 'D_layers': 3, 'D_layer_units_exponent_0': 6, 'D_layer_units_exponent_1': 5, 'D_layer_units_exponent_2': 5, 'D_dagger_layers': 2, 'D_dagger_layer_units_exponent_0': 7, 'D_dagger_layer_units_exponent_1': 5, 'log_learning_rate': -1.324210943851094, 'log_learning_rate_D': -3.8841135357104286, 'log_learning_rate_D_dagger': -1.6583342002491217, 'training_batch_size': 6, 'training_p': 6}
	 epoch  0 training error:  tensor(3.2970, device='cuda:0', grad_fn=<DivBackward0>)
Memory status after this epoch: 
Memory allocated:  183.36181640625
Memory cached:  382.0
	 epoch  10 training error:  tensor(39.1066, device='cuda:0', grad_fn=<DivBackward0>)
Memory status after this epoch: 
Memory allocated:  183.36181640625
Memory cached:  382.0
	 epoch  20 training error:  tensor(3.6774, device='cuda:0', grad_fn=<DivBackward0>)
Memory status after this epoch: 
Memory allocated:  183.36181640625
Memory cached:  382.0
	 epoch  30 training error:  tensor(0.9477, device='cuda:0', grad_fn=<DivBackward0>)
Memory status after this epoch: 
Memory allocated:  183.36181640625
Memory cached:  382.0
	 epoch  40 training error:  tensor(0.7212, device='cuda:0', grad_fn=<DivBackward0>)
Memory status after this epoch: 
Memory allocated:  183.36181640625
Memory cached:  382.0
	 epoch  50 training error:  tensor(0.5222, device='cuda:0', grad_fn=<DivBackward0>)
Memory status after this epoch: 
Memory allocated:  183.36181640625
Memory cached:  382.0
	 epoch  60 training error:  tensor(0.5423, device='cuda:0', grad_fn=<DivBackward0>)
Memory status after this epoch: 
Memory allocated:  183.36181640625
Memory cached:  382.0
	 epoch  70 training error:  tensor(0.5311, device='cuda:0', grad_fn=<DivBackward0>)
Memory status after this epoch: 
Memory allocated:  183.36181640625
Memory cached:  382.0
	 epoch  80 training error:  tensor(0.5251, device='cuda:0', grad_fn=<DivBackward0>)
Memory status after this epoch: 
Memory allocated:  183.36181640625
Memory cached:  382.0
	 epoch  90 training error:  tensor(0.5148, device='cuda:0', grad_fn=<DivBackward0>)
Memory status after this epoch: 
Memory allocated:  183.36181640625
Memory cached:  382.0
[I 2023-12-20 04:51:44,924] Trial 49 finished with value: 0.4123093783855438 and parameters: {'W_layers': 4, 'W_layer_units_exponent_0': 8, 'W_layer_units_exponent_1': 7, 'W_layer_units_exponent_2': 6, 'W_layer_units_exponent_3': 8, 'D_layers': 3, 'D_layer_units_exponent_0': 6, 'D_layer_units_exponent_1': 5, 'D_layer_units_exponent_2': 5, 'D_dagger_layers': 2, 'D_dagger_layer_units_exponent_0': 7, 'D_dagger_layer_units_exponent_1': 5, 'log_learning_rate': -1.324210943851094, 'log_learning_rate_D': -3.8841135357104286, 'log_learning_rate_D_dagger': -1.6583342002491217, 'training_batch_size': 6, 'training_p': 6}. Best is trial 11 with value: 0.14480963349342346.
Time for this trial:  247.91585755348206
Memory status after this trial: 
Memory allocated:  233.63818359375
Memory cached:  382.0
--------------------  Trial  50   --------------------
Start timing: 
Parameters: 
{'W_layers': 7, 'W_layer_units_exponent_0': 8, 'W_layer_units_exponent_1': 9, 'W_layer_units_exponent_2': 5, 'W_layer_units_exponent_3': 9, 'W_layer_units_exponent_4': 4, 'W_layer_units_exponent_5': 10, 'W_layer_units_exponent_6': 5, 'D_layers': 4, 'D_layer_units_exponent_0': 7, 'D_layer_units_exponent_1': 6, 'D_layer_units_exponent_2': 6, 'D_layer_units_exponent_3': 10, 'D_dagger_layers': 3, 'D_dagger_layer_units_exponent_0': 9, 'D_dagger_layer_units_exponent_1': 4, 'D_dagger_layer_units_exponent_2': 5, 'log_learning_rate': -2.276354075221501, 'log_learning_rate_D': -4.432326415487112, 'log_learning_rate_D_dagger': -2.357345085181392, 'training_batch_size': 7, 'training_p': 5}
	 epoch  0 training error:  tensor(0.9664, device='cuda:0', grad_fn=<DivBackward0>)
Memory status after this epoch: 
Memory allocated:  187.12353515625
Memory cached:  384.0
	 epoch  10 training error:  tensor(0.5321, device='cuda:0', grad_fn=<DivBackward0>)
Memory status after this epoch: 
Memory allocated:  187.12353515625
Memory cached:  396.0
	 epoch  20 training error:  tensor(0.5148, device='cuda:0', grad_fn=<DivBackward0>)
Memory status after this epoch: 
Memory allocated:  187.12353515625
Memory cached:  396.0
	 epoch  30 training error:  tensor(0.4974, device='cuda:0', grad_fn=<DivBackward0>)
Memory status after this epoch: 
Memory allocated:  187.12353515625
Memory cached:  398.0
	 epoch  40 training error:  tensor(0.4785, device='cuda:0', grad_fn=<DivBackward0>)
Memory status after this epoch: 
Memory allocated:  187.12353515625
Memory cached:  392.0
	 epoch  50 training error:  tensor(0.4752, device='cuda:0', grad_fn=<DivBackward0>)
Memory status after this epoch: 
Memory allocated:  187.12353515625
Memory cached:  396.0
	 epoch  60 training error:  tensor(0.4754, device='cuda:0', grad_fn=<DivBackward0>)
Memory status after this epoch: 
Memory allocated:  187.12353515625
Memory cached:  394.0
	 epoch  70 training error:  tensor(0.4693, device='cuda:0', grad_fn=<DivBackward0>)
Memory status after this epoch: 
Memory allocated:  187.12353515625
Memory cached:  394.0
	 epoch  80 training error:  tensor(0.4616, device='cuda:0', grad_fn=<DivBackward0>)
Memory status after this epoch: 
Memory allocated:  187.12353515625
Memory cached:  400.0
	 epoch  90 training error:  tensor(0.4390, device='cuda:0', grad_fn=<DivBackward0>)
Memory status after this epoch: 
Memory allocated:  187.12353515625
Memory cached:  396.0
[I 2023-12-20 04:55:05,395] Trial 50 finished with value: 0.2759537994861603 and parameters: {'W_layers': 7, 'W_layer_units_exponent_0': 8, 'W_layer_units_exponent_1': 9, 'W_layer_units_exponent_2': 5, 'W_layer_units_exponent_3': 9, 'W_layer_units_exponent_4': 4, 'W_layer_units_exponent_5': 10, 'W_layer_units_exponent_6': 5, 'D_layers': 4, 'D_layer_units_exponent_0': 7, 'D_layer_units_exponent_1': 6, 'D_layer_units_exponent_2': 6, 'D_layer_units_exponent_3': 10, 'D_dagger_layers': 3, 'D_dagger_layer_units_exponent_0': 9, 'D_dagger_layer_units_exponent_1': 4, 'D_dagger_layer_units_exponent_2': 5, 'log_learning_rate': -2.276354075221501, 'log_learning_rate_D': -4.432326415487112, 'log_learning_rate_D_dagger': -2.357345085181392, 'training_batch_size': 7, 'training_p': 5}. Best is trial 11 with value: 0.14480963349342346.
Time for this trial:  200.11696529388428
Memory status after this trial: 
Memory allocated:  402.0322265625
Memory cached:  406.0
--------------------  Trial  51   --------------------
Start timing: 
Parameters: 
{'W_layers': 7, 'W_layer_units_exponent_0': 7, 'W_layer_units_exponent_1': 10, 'W_layer_units_exponent_2': 5, 'W_layer_units_exponent_3': 10, 'W_layer_units_exponent_4': 5, 'W_layer_units_exponent_5': 5, 'W_layer_units_exponent_6': 9, 'D_layers': 8, 'D_layer_units_exponent_0': 6, 'D_layer_units_exponent_1': 8, 'D_layer_units_exponent_2': 6, 'D_layer_units_exponent_3': 8, 'D_layer_units_exponent_4': 9, 'D_layer_units_exponent_5': 9, 'D_layer_units_exponent_6': 6, 'D_layer_units_exponent_7': 5, 'D_dagger_layers': 2, 'D_dagger_layer_units_exponent_0': 10, 'D_dagger_layer_units_exponent_1': 7, 'log_learning_rate': -2.4591301394534817, 'log_learning_rate_D': -3.7225923123361433, 'log_learning_rate_D_dagger': -2.7095686492528777, 'training_batch_size': 6, 'training_p': 7}
	 epoch  0 training error:  tensor(1.5390, device='cuda:0', grad_fn=<DivBackward0>)
Memory status after this epoch: 
Memory allocated:  195.52783203125
Memory cached:  396.0
	 epoch  10 training error:  tensor(0.6984, device='cuda:0', grad_fn=<DivBackward0>)
Memory status after this epoch: 
Memory allocated:  195.52783203125
Memory cached:  406.0
	 epoch  20 training error:  tensor(0.5442, device='cuda:0', grad_fn=<DivBackward0>)
Memory status after this epoch: 
Memory allocated:  195.52783203125
Memory cached:  412.0
	 epoch  30 training error:  tensor(0.5569, device='cuda:0', grad_fn=<DivBackward0>)
Memory status after this epoch: 
Memory allocated:  195.52783203125
Memory cached:  404.0
	 epoch  40 training error:  tensor(0.5546, device='cuda:0', grad_fn=<DivBackward0>)
Memory status after this epoch: 
Memory allocated:  195.52783203125
Memory cached:  406.0
	 epoch  50 training error:  tensor(0.5302, device='cuda:0', grad_fn=<DivBackward0>)
Memory status after this epoch: 
Memory allocated:  195.52783203125
Memory cached:  406.0
	 epoch  60 training error:  tensor(0.5333, device='cuda:0', grad_fn=<DivBackward0>)
Memory status after this epoch: 
Memory allocated:  195.52783203125
Memory cached:  406.0
	 epoch  70 training error:  tensor(0.5448, device='cuda:0', grad_fn=<DivBackward0>)
Memory status after this epoch: 
Memory allocated:  195.52783203125
Memory cached:  404.0
	 epoch  80 training error:  tensor(0.5266, device='cuda:0', grad_fn=<DivBackward0>)
Memory status after this epoch: 
Memory allocated:  195.52783203125
Memory cached:  410.0
	 epoch  90 training error:  tensor(0.5206, device='cuda:0', grad_fn=<DivBackward0>)
Memory status after this epoch: 
Memory allocated:  195.52783203125
Memory cached:  412.0
