[I 2024-01-11 11:32:35,770] Trial 15 finished with value: 0.21495378017425537 and parameters: {'W_layers': 4, 'W_layer_units_exponent_0': 9, 'W_layer_units_exponent_1': 8, 'W_layer_units_exponent_2': 6, 'W_layer_units_exponent_3': 7, 'D_layers': 2, 'D_layer_units_exponent_0': 9, 'D_layer_units_exponent_1': 7, 'D_dagger_layers': 3, 'D_dagger_layer_units_exponent_0': 7, 'D_dagger_layer_units_exponent_1': 4, 'D_dagger_layer_units_exponent_2': 8, 'log_learning_rate': -1.5749075734129276, 'log_learning_rate_D': -1.3851525463801917, 'log_learning_rate_D_dagger': -2.4017639091485488, 'training_batch_size': 6, 'training_p': 4}. Best is trial 5 with value: 0.20849008858203888.
Time for this trial:  22.688052654266357
Memory status after this trial: 
Memory allocated:  415.04345703125
Memory cached:  446.0
--------------------  Trial  16   --------------------
Start timing: 
Parameters: 
{'W_layers': 6, 'W_layer_units_exponent_0': 10, 'W_layer_units_exponent_1': 4, 'W_layer_units_exponent_2': 6, 'W_layer_units_exponent_3': 5, 'W_layer_units_exponent_4': 9, 'W_layer_units_exponent_5': 10, 'D_layers': 4, 'D_layer_units_exponent_0': 9, 'D_layer_units_exponent_1': 8, 'D_layer_units_exponent_2': 10, 'D_layer_units_exponent_3': 6, 'D_dagger_layers': 3, 'D_dagger_layer_units_exponent_0': 10, 'D_dagger_layer_units_exponent_1': 6, 'D_dagger_layer_units_exponent_2': 6, 'log_learning_rate': -2.5326238228981093, 'log_learning_rate_D': -1.8104309041851554, 'log_learning_rate_D_dagger': -1.5301598360635662, 'training_batch_size': 8, 'training_p': 3}
	 epoch  0 training error:  tensor(0.9256, device='cuda:0', grad_fn=<DivBackward0>)
Memory status after this epoch: 
Memory allocated:  282.33251953125
Memory cached:  350.0
	 epoch  10 training error:  tensor(2.3355, device='cuda:0', grad_fn=<DivBackward0>)
Memory status after this epoch: 
Memory allocated:  282.33251953125
Memory cached:  350.0
	 epoch  20 training error:  tensor(0.3906, device='cuda:0', grad_fn=<DivBackward0>)
Memory status after this epoch: 
Memory allocated:  282.33251953125
Memory cached:  350.0
	 epoch  30 training error:  tensor(0.2891, device='cuda:0', grad_fn=<DivBackward0>)
Memory status after this epoch: 
Memory allocated:  282.33251953125
Memory cached:  350.0
	 epoch  40 training error:  tensor(0.3253, device='cuda:0', grad_fn=<DivBackward0>)
Memory status after this epoch: 
Memory allocated:  282.33251953125
Memory cached:  350.0
	 epoch  50 training error:  tensor(0.2790, device='cuda:0', grad_fn=<DivBackward0>)
Memory status after this epoch: 
Memory allocated:  282.33251953125
Memory cached:  350.0
	 epoch  60 training error:  tensor(0.2650, device='cuda:0', grad_fn=<DivBackward0>)
Memory status after this epoch: 
Memory allocated:  282.33251953125
Memory cached:  350.0
	 epoch  70 training error:  tensor(0.2574, device='cuda:0', grad_fn=<DivBackward0>)
Memory status after this epoch: 
Memory allocated:  282.33251953125
Memory cached:  350.0
	 epoch  80 training error:  tensor(0.2517, device='cuda:0', grad_fn=<DivBackward0>)
Memory status after this epoch: 
Memory allocated:  282.33251953125
Memory cached:  350.0
	 epoch  90 training error:  tensor(0.2483, device='cuda:0', grad_fn=<DivBackward0>)
Memory status after this epoch: 
Memory allocated:  282.33251953125
Memory cached:  350.0
[I 2024-01-11 11:33:17,240] Trial 16 finished with value: 0.21619687974452972 and parameters: {'W_layers': 6, 'W_layer_units_exponent_0': 10, 'W_layer_units_exponent_1': 4, 'W_layer_units_exponent_2': 6, 'W_layer_units_exponent_3': 5, 'W_layer_units_exponent_4': 9, 'W_layer_units_exponent_5': 10, 'D_layers': 4, 'D_layer_units_exponent_0': 9, 'D_layer_units_exponent_1': 8, 'D_layer_units_exponent_2': 10, 'D_layer_units_exponent_3': 6, 'D_dagger_layers': 3, 'D_dagger_layer_units_exponent_0': 10, 'D_dagger_layer_units_exponent_1': 6, 'D_dagger_layer_units_exponent_2': 6, 'log_learning_rate': -2.5326238228981093, 'log_learning_rate_D': -1.8104309041851554, 'log_learning_rate_D_dagger': -1.5301598360635662, 'training_batch_size': 8, 'training_p': 3}. Best is trial 5 with value: 0.20849008858203888.
Time for this trial:  41.13934659957886
Memory status after this trial: 
Memory allocated:  674.51416015625
Memory cached:  716.0
--------------------  Trial  17   --------------------
Start timing: 
Parameters: 
{'W_layers': 4, 'W_layer_units_exponent_0': 9, 'W_layer_units_exponent_1': 8, 'W_layer_units_exponent_2': 8, 'W_layer_units_exponent_3': 9, 'D_layers': 4, 'D_layer_units_exponent_0': 7, 'D_layer_units_exponent_1': 10, 'D_layer_units_exponent_2': 8, 'D_layer_units_exponent_3': 7, 'D_dagger_layers': 5, 'D_dagger_layer_units_exponent_0': 9, 'D_dagger_layer_units_exponent_1': 5, 'D_dagger_layer_units_exponent_2': 10, 'D_dagger_layer_units_exponent_3': 8, 'D_dagger_layer_units_exponent_4': 6, 'log_learning_rate': -3.2277849635570464, 'log_learning_rate_D': -2.5375123922569194, 'log_learning_rate_D_dagger': -2.417050240454188, 'training_batch_size': 8, 'training_p': 2}
	 epoch  0 training error:  tensor(0.9574, device='cuda:0', grad_fn=<DivBackward0>)
Memory status after this epoch: 
Memory allocated:  281.7666015625
Memory cached:  330.0
	 epoch  10 training error:  tensor(0.3525, device='cuda:0', grad_fn=<DivBackward0>)
Memory status after this epoch: 
Memory allocated:  281.7666015625
Memory cached:  330.0
	 epoch  20 training error:  tensor(0.2747, device='cuda:0', grad_fn=<DivBackward0>)
Memory status after this epoch: 
Memory allocated:  281.7666015625
Memory cached:  330.0
	 epoch  30 training error:  tensor(0.2223, device='cuda:0', grad_fn=<DivBackward0>)
Memory status after this epoch: 
Memory allocated:  281.7666015625
Memory cached:  330.0
	 epoch  40 training error:  tensor(0.2066, device='cuda:0', grad_fn=<DivBackward0>)
Memory status after this epoch: 
Memory allocated:  281.7666015625
Memory cached:  330.0
	 epoch  50 training error:  tensor(0.2054, device='cuda:0', grad_fn=<DivBackward0>)
Memory status after this epoch: 
Memory allocated:  281.7666015625
Memory cached:  330.0
	 epoch  60 training error:  tensor(0.2020, device='cuda:0', grad_fn=<DivBackward0>)
Memory status after this epoch: 
Memory allocated:  281.7666015625
Memory cached:  330.0
	 epoch  70 training error:  tensor(0.2051, device='cuda:0', grad_fn=<DivBackward0>)
Memory status after this epoch: 
Memory allocated:  281.7666015625
Memory cached:  330.0
	 epoch  80 training error:  tensor(0.2009, device='cuda:0', grad_fn=<DivBackward0>)
Memory status after this epoch: 
Memory allocated:  281.7666015625
Memory cached:  330.0
	 epoch  90 training error:  tensor(0.2020, device='cuda:0', grad_fn=<DivBackward0>)
Memory status after this epoch: 
Memory allocated:  281.7666015625
Memory cached:  330.0
[I 2024-01-11 11:34:00,292] Trial 17 finished with value: 0.21853052079677582 and parameters: {'W_layers': 4, 'W_layer_units_exponent_0': 9, 'W_layer_units_exponent_1': 8, 'W_layer_units_exponent_2': 8, 'W_layer_units_exponent_3': 9, 'D_layers': 4, 'D_layer_units_exponent_0': 7, 'D_layer_units_exponent_1': 10, 'D_layer_units_exponent_2': 8, 'D_layer_units_exponent_3': 7, 'D_dagger_layers': 5, 'D_dagger_layer_units_exponent_0': 9, 'D_dagger_layer_units_exponent_1': 5, 'D_dagger_layer_units_exponent_2': 10, 'D_dagger_layer_units_exponent_3': 8, 'D_dagger_layer_units_exponent_4': 6, 'log_learning_rate': -3.2277849635570464, 'log_learning_rate_D': -2.5375123922569194, 'log_learning_rate_D_dagger': -2.417050240454188, 'training_batch_size': 8, 'training_p': 2}. Best is trial 5 with value: 0.20849008858203888.
Time for this trial:  42.705684185028076
Memory status after this trial: 
Memory allocated:  640.48388671875
Memory cached:  686.0
--------------------  Trial  18   --------------------
Start timing: 
Parameters: 
{'W_layers': 5, 'W_layer_units_exponent_0': 6, 'W_layer_units_exponent_1': 10, 'W_layer_units_exponent_2': 7, 'W_layer_units_exponent_3': 5, 'W_layer_units_exponent_4': 10, 'D_layers': 3, 'D_layer_units_exponent_0': 10, 'D_layer_units_exponent_1': 8, 'D_layer_units_exponent_2': 6, 'D_dagger_layers': 7, 'D_dagger_layer_units_exponent_0': 5, 'D_dagger_layer_units_exponent_1': 7, 'D_dagger_layer_units_exponent_2': 6, 'D_dagger_layer_units_exponent_3': 5, 'D_dagger_layer_units_exponent_4': 5, 'D_dagger_layer_units_exponent_5': 6, 'D_dagger_layer_units_exponent_6': 4, 'log_learning_rate': -4.944391917570433, 'log_learning_rate_D': -2.0535367118159003, 'log_learning_rate_D_dagger': -2.447275850365319, 'training_batch_size': 7, 'training_p': 6}
	 epoch  0 training error:  tensor(0.9876, device='cuda:0', grad_fn=<DivBackward0>)
Memory status after this epoch: 
Memory allocated:  274.99072265625
Memory cached:  330.0
	 epoch  10 training error:  tensor(0.4188, device='cuda:0', grad_fn=<DivBackward0>)
Memory status after this epoch: 
Memory allocated:  274.99072265625
Memory cached:  330.0
	 epoch  20 training error:  tensor(0.4172, device='cuda:0', grad_fn=<DivBackward0>)
Memory status after this epoch: 
Memory allocated:  274.99072265625
Memory cached:  330.0
	 epoch  30 training error:  tensor(0.3721, device='cuda:0', grad_fn=<DivBackward0>)
Memory status after this epoch: 
Memory allocated:  274.99072265625
Memory cached:  330.0
	 epoch  40 training error:  tensor(0.3447, device='cuda:0', grad_fn=<DivBackward0>)
Memory status after this epoch: 
Memory allocated:  274.99072265625
Memory cached:  330.0
	 epoch  50 training error:  tensor(0.3648, device='cuda:0', grad_fn=<DivBackward0>)
Memory status after this epoch: 
Memory allocated:  274.99072265625
Memory cached:  330.0
	 epoch  60 training error:  tensor(0.3499, device='cuda:0', grad_fn=<DivBackward0>)
Memory status after this epoch: 
Memory allocated:  274.99072265625
Memory cached:  330.0
	 epoch  70 training error:  tensor(0.3500, device='cuda:0', grad_fn=<DivBackward0>)
Memory status after this epoch: 
Memory allocated:  274.99072265625
Memory cached:  330.0
	 epoch  80 training error:  tensor(0.3589, device='cuda:0', grad_fn=<DivBackward0>)
Memory status after this epoch: 
Memory allocated:  274.99072265625
Memory cached:  330.0
	 epoch  90 training error:  tensor(0.3550, device='cuda:0', grad_fn=<DivBackward0>)
Memory status after this epoch: 
Memory allocated:  274.99072265625
Memory cached:  330.0
[I 2024-01-11 11:34:44,431] Trial 18 finished with value: 0.23563280701637268 and parameters: {'W_layers': 5, 'W_layer_units_exponent_0': 6, 'W_layer_units_exponent_1': 10, 'W_layer_units_exponent_2': 7, 'W_layer_units_exponent_3': 5, 'W_layer_units_exponent_4': 10, 'D_layers': 3, 'D_layer_units_exponent_0': 10, 'D_layer_units_exponent_1': 8, 'D_layer_units_exponent_2': 6, 'D_dagger_layers': 7, 'D_dagger_layer_units_exponent_0': 5, 'D_dagger_layer_units_exponent_1': 7, 'D_dagger_layer_units_exponent_2': 6, 'D_dagger_layer_units_exponent_3': 5, 'D_dagger_layer_units_exponent_4': 5, 'D_dagger_layer_units_exponent_5': 6, 'D_dagger_layer_units_exponent_6': 4, 'log_learning_rate': -4.944391917570433, 'log_learning_rate_D': -2.0535367118159003, 'log_learning_rate_D_dagger': -2.447275850365319, 'training_batch_size': 7, 'training_p': 6}. Best is trial 5 with value: 0.20849008858203888.
Time for this trial:  43.82184100151062
Memory status after this trial: 
Memory allocated:  544.05029296875
Memory cached:  568.0
--------------------  Trial  19   --------------------
Start timing: 
Parameters: 
{'W_layers': 8, 'W_layer_units_exponent_0': 8, 'W_layer_units_exponent_1': 9, 'W_layer_units_exponent_2': 10, 'W_layer_units_exponent_3': 8, 'W_layer_units_exponent_4': 8, 'W_layer_units_exponent_5': 4, 'W_layer_units_exponent_6': 7, 'W_layer_units_exponent_7': 4, 'D_layers': 2, 'D_layer_units_exponent_0': 7, 'D_layer_units_exponent_1': 7, 'D_dagger_layers': 4, 'D_dagger_layer_units_exponent_0': 4, 'D_dagger_layer_units_exponent_1': 5, 'D_dagger_layer_units_exponent_2': 8, 'D_dagger_layer_units_exponent_3': 7, 'log_learning_rate': -1.4976920183491644, 'log_learning_rate_D': -1.3364458589725274, 'log_learning_rate_D_dagger': -1.1967987890885383, 'training_batch_size': 6, 'training_p': 4}
	 epoch  0 training error:  tensor(74.8814, device='cuda:0', grad_fn=<DivBackward0>)
Memory status after this epoch: 
Memory allocated:  286.310546875
Memory cached:  346.0
	 epoch  10 training error:  tensor(0.3783, device='cuda:0', grad_fn=<DivBackward0>)
Memory status after this epoch: 
Memory allocated:  286.310546875
Memory cached:  346.0
	 epoch  20 training error:  tensor(0.3019, device='cuda:0', grad_fn=<DivBackward0>)
Memory status after this epoch: 
Memory allocated:  286.310546875
Memory cached:  346.0
	 epoch  30 training error:  tensor(0.3120, device='cuda:0', grad_fn=<DivBackward0>)
Memory status after this epoch: 
Memory allocated:  286.310546875
Memory cached:  346.0
	 epoch  40 training error:  tensor(0.3080, device='cuda:0', grad_fn=<DivBackward0>)
Memory status after this epoch: 
Memory allocated:  286.310546875
Memory cached:  346.0
	 epoch  50 training error:  tensor(0.3163, device='cuda:0', grad_fn=<DivBackward0>)
Memory status after this epoch: 
Memory allocated:  286.310546875
Memory cached:  346.0
	 epoch  60 training error:  tensor(0.3918, device='cuda:0', grad_fn=<DivBackward0>)
Memory status after this epoch: 
Memory allocated:  286.310546875
Memory cached:  346.0
	 epoch  70 training error:  tensor(0.3347, device='cuda:0', grad_fn=<DivBackward0>)
Memory status after this epoch: 
Memory allocated:  286.310546875
Memory cached:  346.0
	 epoch  80 training error:  tensor(0.3055, device='cuda:0', grad_fn=<DivBackward0>)
Memory status after this epoch: 
Memory allocated:  286.310546875
Memory cached:  346.0
	 epoch  90 training error:  tensor(0.3798, device='cuda:0', grad_fn=<DivBackward0>)
Memory status after this epoch: 
Memory allocated:  286.310546875
Memory cached:  346.0
[I 2024-01-11 11:35:12,745] Trial 19 finished with value: 0.2940940856933594 and parameters: {'W_layers': 8, 'W_layer_units_exponent_0': 8, 'W_layer_units_exponent_1': 9, 'W_layer_units_exponent_2': 10, 'W_layer_units_exponent_3': 8, 'W_layer_units_exponent_4': 8, 'W_layer_units_exponent_5': 4, 'W_layer_units_exponent_6': 7, 'W_layer_units_exponent_7': 4, 'D_layers': 2, 'D_layer_units_exponent_0': 7, 'D_layer_units_exponent_1': 7, 'D_dagger_layers': 4, 'D_dagger_layer_units_exponent_0': 4, 'D_dagger_layer_units_exponent_1': 5, 'D_dagger_layer_units_exponent_2': 8, 'D_dagger_layer_units_exponent_3': 7, 'log_learning_rate': -1.4976920183491644, 'log_learning_rate_D': -1.3364458589725274, 'log_learning_rate_D_dagger': -1.1967987890885383, 'training_batch_size': 6, 'training_p': 4}. Best is trial 5 with value: 0.20849008858203888.
Time for this trial:  27.99032735824585
Memory status after this trial: 
Memory allocated:  593.86083984375
Memory cached:  626.0
--------------------  Trial  20   --------------------
Start timing: 
Parameters: 
{'W_layers': 6, 'W_layer_units_exponent_0': 7, 'W_layer_units_exponent_1': 10, 'W_layer_units_exponent_2': 7, 'W_layer_units_exponent_3': 6, 'W_layer_units_exponent_4': 6, 'W_layer_units_exponent_5': 10, 'D_layers': 4, 'D_layer_units_exponent_0': 9, 'D_layer_units_exponent_1': 9, 'D_layer_units_exponent_2': 8, 'D_layer_units_exponent_3': 6, 'D_dagger_layers': 7, 'D_dagger_layer_units_exponent_0': 9, 'D_dagger_layer_units_exponent_1': 7, 'D_dagger_layer_units_exponent_2': 4, 'D_dagger_layer_units_exponent_3': 4, 'D_dagger_layer_units_exponent_4': 7, 'D_dagger_layer_units_exponent_5': 10, 'D_dagger_layer_units_exponent_6': 4, 'log_learning_rate': -2.4910084542368054, 'log_learning_rate_D': -3.634076519826334, 'log_learning_rate_D_dagger': -1.718050589277913, 'training_batch_size': 8, 'training_p': 3}
	 epoch  0 training error:  tensor(0.9957, device='cuda:0', grad_fn=<DivBackward0>)
Memory status after this epoch: 
Memory allocated:  280.22705078125
Memory cached:  330.0
	 epoch  10 training error:  tensor(0.6058, device='cuda:0', grad_fn=<DivBackward0>)
Memory status after this epoch: 
Memory allocated:  280.22705078125
Memory cached:  330.0
	 epoch  20 training error:  tensor(0.6445, device='cuda:0', grad_fn=<DivBackward0>)
Memory status after this epoch: 
Memory allocated:  280.22705078125
Memory cached:  330.0
	 epoch  30 training error:  tensor(0.6427, device='cuda:0', grad_fn=<DivBackward0>)
Memory status after this epoch: 
Memory allocated:  280.22705078125
Memory cached:  330.0
	 epoch  40 training error:  tensor(0.6504, device='cuda:0', grad_fn=<DivBackward0>)
Memory status after this epoch: 
Memory allocated:  280.22705078125
Memory cached:  330.0
	 epoch  50 training error:  tensor(0.6460, device='cuda:0', grad_fn=<DivBackward0>)
Memory status after this epoch: 
Memory allocated:  280.22705078125
Memory cached:  330.0
	 epoch  60 training error:  tensor(0.6407, device='cuda:0', grad_fn=<DivBackward0>)
Memory status after this epoch: 
Memory allocated:  280.22705078125
Memory cached:  330.0
	 epoch  70 training error:  tensor(0.6399, device='cuda:0', grad_fn=<DivBackward0>)
Memory status after this epoch: 
Memory allocated:  280.22705078125
Memory cached:  330.0
	 epoch  80 training error:  tensor(0.6375, device='cuda:0', grad_fn=<DivBackward0>)
Memory status after this epoch: 
Memory allocated:  280.22705078125
Memory cached:  330.0
	 epoch  90 training error:  tensor(0.6449, device='cuda:0', grad_fn=<DivBackward0>)
Memory status after this epoch: 
Memory allocated:  280.22705078125
Memory cached:  330.0
[I 2024-01-11 11:35:58,592] Trial 20 finished with value: 0.5978837609291077 and parameters: {'W_layers': 6, 'W_layer_units_exponent_0': 7, 'W_layer_units_exponent_1': 10, 'W_layer_units_exponent_2': 7, 'W_layer_units_exponent_3': 6, 'W_layer_units_exponent_4': 6, 'W_layer_units_exponent_5': 10, 'D_layers': 4, 'D_layer_units_exponent_0': 9, 'D_layer_units_exponent_1': 9, 'D_layer_units_exponent_2': 8, 'D_layer_units_exponent_3': 6, 'D_dagger_layers': 7, 'D_dagger_layer_units_exponent_0': 9, 'D_dagger_layer_units_exponent_1': 7, 'D_dagger_layer_units_exponent_2': 4, 'D_dagger_layer_units_exponent_3': 4, 'D_dagger_layer_units_exponent_4': 7, 'D_dagger_layer_units_exponent_5': 10, 'D_dagger_layer_units_exponent_6': 4, 'log_learning_rate': -2.4910084542368054, 'log_learning_rate_D': -3.634076519826334, 'log_learning_rate_D_dagger': -1.718050589277913, 'training_batch_size': 8, 'training_p': 3}. Best is trial 5 with value: 0.20849008858203888.
Time for this trial:  45.51613116264343
Memory status after this trial: 
Memory allocated:  725.67919921875
Memory cached:  740.0
--------------------  Trial  21   --------------------
Start timing: 
Parameters: 
{'W_layers': 2, 'W_layer_units_exponent_0': 8, 'W_layer_units_exponent_1': 7, 'D_layers': 5, 'D_layer_units_exponent_0': 5, 'D_layer_units_exponent_1': 4, 'D_layer_units_exponent_2': 9, 'D_layer_units_exponent_3': 4, 'D_layer_units_exponent_4': 6, 'D_dagger_layers': 6, 'D_dagger_layer_units_exponent_0': 5, 'D_dagger_layer_units_exponent_1': 7, 'D_dagger_layer_units_exponent_2': 5, 'D_dagger_layer_units_exponent_3': 7, 'D_dagger_layer_units_exponent_4': 6, 'D_dagger_layer_units_exponent_5': 7, 'log_learning_rate': -3.4185112474893184, 'log_learning_rate_D': -2.2362631282592784, 'log_learning_rate_D_dagger': -2.633298452202, 'training_batch_size': 11, 'training_p': 4}
	 epoch  0 training error:  tensor(1.2434, device='cuda:0', grad_fn=<DivBackward0>)
Memory status after this epoch: 
Memory allocated:  271.0927734375
Memory cached:  330.0
	 epoch  10 training error:  tensor(0.4503, device='cuda:0', grad_fn=<DivBackward0>)
Memory status after this epoch: 
Memory allocated:  271.0927734375
Memory cached:  330.0
	 epoch  20 training error:  tensor(0.3389, device='cuda:0', grad_fn=<DivBackward0>)
Memory status after this epoch: 
Memory allocated:  271.0927734375
Memory cached:  330.0
	 epoch  30 training error:  tensor(0.3133, device='cuda:0', grad_fn=<DivBackward0>)
Memory status after this epoch: 
Memory allocated:  271.0927734375
Memory cached:  330.0
	 epoch  40 training error:  tensor(0.2928, device='cuda:0', grad_fn=<DivBackward0>)
Memory status after this epoch: 
Memory allocated:  271.0927734375
Memory cached:  330.0
	 epoch  50 training error:  tensor(0.2962, device='cuda:0', grad_fn=<DivBackward0>)
Memory status after this epoch: 
Memory allocated:  271.0927734375
Memory cached:  330.0
	 epoch  60 training error:  tensor(0.2902, device='cuda:0', grad_fn=<DivBackward0>)
Memory status after this epoch: 
Memory allocated:  271.0927734375
Memory cached:  330.0
	 epoch  70 training error:  tensor(0.2957, device='cuda:0', grad_fn=<DivBackward0>)
Memory status after this epoch: 
Memory allocated:  271.0927734375
Memory cached:  330.0
	 epoch  80 training error:  tensor(0.2966, device='cuda:0', grad_fn=<DivBackward0>)
Memory status after this epoch: 
Memory allocated:  271.0927734375
Memory cached:  330.0
	 epoch  90 training error:  tensor(0.2912, device='cuda:0', grad_fn=<DivBackward0>)
Memory status after this epoch: 
Memory allocated:  271.0927734375
Memory cached:  330.0
