[I 2024-01-13 23:22:57,810] Trial 0 finished with value: 0.0953373834490776 and parameters: {'W_layers': 8, 'W_layer_units_exponent_0': 4, 'W_layer_units_exponent_1': 7, 'W_layer_units_exponent_2': 9, 'W_layer_units_exponent_3': 5, 'W_layer_units_exponent_4': 5, 'W_layer_units_exponent_5': 8, 'W_layer_units_exponent_6': 8, 'W_layer_units_exponent_7': 4, 'D_layers': 2, 'D_layer_units_exponent_0': 10, 'D_layer_units_exponent_1': 10, 'D_dagger_layers': 5, 'D_dagger_layer_units_exponent_0': 8, 'D_dagger_layer_units_exponent_1': 8, 'D_dagger_layer_units_exponent_2': 9, 'D_dagger_layer_units_exponent_3': 8, 'D_dagger_layer_units_exponent_4': 8, 'log_learning_rate': -1.1235704756779592, 'log_learning_rate_D': -1.8321910920875526, 'log_learning_rate_D_dagger': -2.559770359232896, 'training_batch_size': 10, 'training_p': 2}. Best is trial 0 with value: 0.0953373834490776.
res:  tensor(0.0953, device='cuda:0', grad_fn=<DivBackward0>)
self.bestValue:  10000000.0
Save this model!
Time for this trial:  44.12039852142334
Memory status after this trial: 
Memory allocated:  304.18505859375
Memory cached:  334.0
--------------------  Trial  1   --------------------
Start timing: 
Parameters: 
{'W_layers': 4, 'W_layer_units_exponent_0': 9, 'W_layer_units_exponent_1': 7, 'W_layer_units_exponent_2': 10, 'W_layer_units_exponent_3': 7, 'D_layers': 7, 'D_layer_units_exponent_0': 7, 'D_layer_units_exponent_1': 8, 'D_layer_units_exponent_2': 10, 'D_layer_units_exponent_3': 9, 'D_layer_units_exponent_4': 4, 'D_layer_units_exponent_5': 9, 'D_layer_units_exponent_6': 4, 'D_dagger_layers': 7, 'D_dagger_layer_units_exponent_0': 5, 'D_dagger_layer_units_exponent_1': 7, 'D_dagger_layer_units_exponent_2': 10, 'D_dagger_layer_units_exponent_3': 9, 'D_dagger_layer_units_exponent_4': 10, 'D_dagger_layer_units_exponent_5': 4, 'D_dagger_layer_units_exponent_6': 10, 'log_learning_rate': -3.5932353130754127, 'log_learning_rate_D': -4.349138061530969, 'log_learning_rate_D_dagger': -2.6689001598104096, 'training_batch_size': 12, 'training_p': 6}
	 epoch  0 training error:  tensor(1.0761, device='cuda:0', grad_fn=<DivBackward0>)
Memory status after this epoch: 
Memory allocated:  332.23291015625
Memory cached:  378.0
	 epoch  10 training error:  tensor(0.4711, device='cuda:0', grad_fn=<DivBackward0>)
Memory status after this epoch: 
Memory allocated:  332.23291015625
Memory cached:  378.0
	 epoch  20 training error:  tensor(0.1827, device='cuda:0', grad_fn=<DivBackward0>)
Memory status after this epoch: 
Memory allocated:  332.23291015625
Memory cached:  378.0
	 epoch  30 training error:  tensor(0.1299, device='cuda:0', grad_fn=<DivBackward0>)
Memory status after this epoch: 
Memory allocated:  332.23291015625
Memory cached:  378.0
	 epoch  40 training error:  tensor(0.1478, device='cuda:0', grad_fn=<DivBackward0>)
Memory status after this epoch: 
Memory allocated:  332.23291015625
Memory cached:  378.0
	 epoch  50 training error:  tensor(0.1350, device='cuda:0', grad_fn=<DivBackward0>)
Memory status after this epoch: 
Memory allocated:  332.23291015625
Memory cached:  378.0
	 epoch  60 training error:  tensor(0.1184, device='cuda:0', grad_fn=<DivBackward0>)
Memory status after this epoch: 
Memory allocated:  332.23291015625
Memory cached:  378.0
	 epoch  70 training error:  tensor(0.2256, device='cuda:0', grad_fn=<DivBackward0>)
Memory status after this epoch: 
Memory allocated:  332.23291015625
Memory cached:  378.0
	 epoch  80 training error:  tensor(0.2294, device='cuda:0', grad_fn=<DivBackward0>)
Memory status after this epoch: 
Memory allocated:  332.23291015625
Memory cached:  378.0
	 epoch  90 training error:  tensor(0.1682, device='cuda:0', grad_fn=<DivBackward0>)
Memory status after this epoch: 
Memory allocated:  332.23291015625
Memory cached:  378.0
[I 2024-01-13 23:23:44,465] Trial 1 finished with value: 0.10099970549345016 and parameters: {'W_layers': 4, 'W_layer_units_exponent_0': 9, 'W_layer_units_exponent_1': 7, 'W_layer_units_exponent_2': 10, 'W_layer_units_exponent_3': 7, 'D_layers': 7, 'D_layer_units_exponent_0': 7, 'D_layer_units_exponent_1': 8, 'D_layer_units_exponent_2': 10, 'D_layer_units_exponent_3': 9, 'D_layer_units_exponent_4': 4, 'D_layer_units_exponent_5': 9, 'D_layer_units_exponent_6': 4, 'D_dagger_layers': 7, 'D_dagger_layer_units_exponent_0': 5, 'D_dagger_layer_units_exponent_1': 7, 'D_dagger_layer_units_exponent_2': 10, 'D_dagger_layer_units_exponent_3': 9, 'D_dagger_layer_units_exponent_4': 10, 'D_dagger_layer_units_exponent_5': 4, 'D_dagger_layer_units_exponent_6': 10, 'log_learning_rate': -3.5932353130754127, 'log_learning_rate_D': -4.349138061530969, 'log_learning_rate_D_dagger': -2.6689001598104096, 'training_batch_size': 12, 'training_p': 6}. Best is trial 0 with value: 0.0953373834490776.
Time for this trial:  46.42304182052612
Memory status after this trial: 
Memory allocated:  905.09033203125
Memory cached:  930.0
--------------------  Trial  2   --------------------
Start timing: 
Parameters: 
{'W_layers': 5, 'W_layer_units_exponent_0': 6, 'W_layer_units_exponent_1': 9, 'W_layer_units_exponent_2': 7, 'W_layer_units_exponent_3': 4, 'W_layer_units_exponent_4': 4, 'D_layers': 5, 'D_layer_units_exponent_0': 6, 'D_layer_units_exponent_1': 9, 'D_layer_units_exponent_2': 7, 'D_layer_units_exponent_3': 8, 'D_layer_units_exponent_4': 4, 'D_dagger_layers': 5, 'D_dagger_layer_units_exponent_0': 6, 'D_dagger_layer_units_exponent_1': 9, 'D_dagger_layer_units_exponent_2': 9, 'D_dagger_layer_units_exponent_3': 10, 'D_dagger_layer_units_exponent_4': 5, 'log_learning_rate': -3.503267038273016, 'log_learning_rate_D': -3.126510911481247, 'log_learning_rate_D_dagger': -1.3213831219078682, 'training_batch_size': 12, 'training_p': 8}
	 epoch  0 training error:  tensor(0.9837, device='cuda:0', grad_fn=<DivBackward0>)
Memory status after this epoch: 
Memory allocated:  319.92431640625
Memory cached:  354.0
	 epoch  10 training error:  tensor(238.6814, device='cuda:0', grad_fn=<DivBackward0>)
Memory status after this epoch: 
Memory allocated:  319.92431640625
Memory cached:  354.0
	 epoch  20 training error:  tensor(134.4777, device='cuda:0', grad_fn=<DivBackward0>)
Memory status after this epoch: 
Memory allocated:  319.92431640625
Memory cached:  354.0
	 epoch  30 training error:  tensor(6.9315, device='cuda:0', grad_fn=<DivBackward0>)
Memory status after this epoch: 
Memory allocated:  319.92431640625
Memory cached:  354.0
	 epoch  40 training error:  tensor(0.8966, device='cuda:0', grad_fn=<DivBackward0>)
Memory status after this epoch: 
Memory allocated:  319.92431640625
Memory cached:  354.0
	 epoch  50 training error:  tensor(0.7041, device='cuda:0', grad_fn=<DivBackward0>)
Memory status after this epoch: 
Memory allocated:  319.92431640625
Memory cached:  354.0
	 epoch  60 training error:  tensor(0.6910, device='cuda:0', grad_fn=<DivBackward0>)
Memory status after this epoch: 
Memory allocated:  319.92431640625
Memory cached:  354.0
	 epoch  70 training error:  tensor(0.6935, device='cuda:0', grad_fn=<DivBackward0>)
Memory status after this epoch: 
Memory allocated:  319.92431640625
Memory cached:  354.0
	 epoch  80 training error:  tensor(0.6906, device='cuda:0', grad_fn=<DivBackward0>)
Memory status after this epoch: 
Memory allocated:  319.92431640625
Memory cached:  354.0
	 epoch  90 training error:  tensor(0.6889, device='cuda:0', grad_fn=<DivBackward0>)
Memory status after this epoch: 
Memory allocated:  319.92431640625
Memory cached:  354.0
[I 2024-01-13 23:24:28,803] Trial 2 finished with value: 0.6502861380577087 and parameters: {'W_layers': 5, 'W_layer_units_exponent_0': 6, 'W_layer_units_exponent_1': 9, 'W_layer_units_exponent_2': 7, 'W_layer_units_exponent_3': 4, 'W_layer_units_exponent_4': 4, 'D_layers': 5, 'D_layer_units_exponent_0': 6, 'D_layer_units_exponent_1': 9, 'D_layer_units_exponent_2': 7, 'D_layer_units_exponent_3': 8, 'D_layer_units_exponent_4': 4, 'D_dagger_layers': 5, 'D_dagger_layer_units_exponent_0': 6, 'D_dagger_layer_units_exponent_1': 9, 'D_dagger_layer_units_exponent_2': 9, 'D_dagger_layer_units_exponent_3': 10, 'D_dagger_layer_units_exponent_4': 5, 'log_learning_rate': -3.503267038273016, 'log_learning_rate_D': -3.126510911481247, 'log_learning_rate_D_dagger': -1.3213831219078682, 'training_batch_size': 12, 'training_p': 8}. Best is trial 0 with value: 0.0953373834490776.
Time for this trial:  44.09970426559448
Memory status after this trial: 
Memory allocated:  622.94677734375
Memory cached:  664.0
--------------------  Trial  3   --------------------
Start timing: 
Parameters: 
{'W_layers': 5, 'W_layer_units_exponent_0': 6, 'W_layer_units_exponent_1': 7, 'W_layer_units_exponent_2': 5, 'W_layer_units_exponent_3': 7, 'W_layer_units_exponent_4': 9, 'D_layers': 2, 'D_layer_units_exponent_0': 9, 'D_layer_units_exponent_1': 8, 'D_dagger_layers': 5, 'D_dagger_layer_units_exponent_0': 7, 'D_dagger_layer_units_exponent_1': 4, 'D_dagger_layer_units_exponent_2': 4, 'D_dagger_layer_units_exponent_3': 7, 'D_dagger_layer_units_exponent_4': 4, 'log_learning_rate': -3.64578125603649, 'log_learning_rate_D': -3.5373787047680256, 'log_learning_rate_D_dagger': -2.2272337630909127, 'training_batch_size': 7, 'training_p': 4}
	 epoch  0 training error:  tensor(0.8888, device='cuda:0', grad_fn=<DivBackward0>)
Memory status after this epoch: 
Memory allocated:  306.08935546875
Memory cached:  336.0
	 epoch  10 training error:  tensor(0.2221, device='cuda:0', grad_fn=<DivBackward0>)
Memory status after this epoch: 
Memory allocated:  306.08935546875
Memory cached:  334.0
	 epoch  20 training error:  tensor(0.1260, device='cuda:0', grad_fn=<DivBackward0>)
Memory status after this epoch: 
Memory allocated:  306.08935546875
Memory cached:  334.0
	 epoch  30 training error:  tensor(0.1137, device='cuda:0', grad_fn=<DivBackward0>)
Memory status after this epoch: 
Memory allocated:  306.08935546875
Memory cached:  334.0
	 epoch  40 training error:  tensor(0.1161, device='cuda:0', grad_fn=<DivBackward0>)
Memory status after this epoch: 
Memory allocated:  306.08935546875
Memory cached:  336.0
	 epoch  50 training error:  tensor(0.1190, device='cuda:0', grad_fn=<DivBackward0>)
Memory status after this epoch: 
Memory allocated:  306.08935546875
Memory cached:  336.0
	 epoch  60 training error:  tensor(0.1177, device='cuda:0', grad_fn=<DivBackward0>)
Memory status after this epoch: 
Memory allocated:  306.08935546875
Memory cached:  336.0
	 epoch  70 training error:  tensor(0.1188, device='cuda:0', grad_fn=<DivBackward0>)
Memory status after this epoch: 
Memory allocated:  306.08935546875
Memory cached:  334.0
	 epoch  80 training error:  tensor(0.1106, device='cuda:0', grad_fn=<DivBackward0>)
Memory status after this epoch: 
Memory allocated:  306.08935546875
Memory cached:  334.0
	 epoch  90 training error:  tensor(0.1079, device='cuda:0', grad_fn=<DivBackward0>)
Memory status after this epoch: 
Memory allocated:  306.08935546875
Memory cached:  338.0
[I 2024-01-13 23:25:12,810] Trial 3 finished with value: 0.10090292990207672 and parameters: {'W_layers': 5, 'W_layer_units_exponent_0': 6, 'W_layer_units_exponent_1': 7, 'W_layer_units_exponent_2': 5, 'W_layer_units_exponent_3': 7, 'W_layer_units_exponent_4': 9, 'D_layers': 2, 'D_layer_units_exponent_0': 9, 'D_layer_units_exponent_1': 8, 'D_dagger_layers': 5, 'D_dagger_layer_units_exponent_0': 7, 'D_dagger_layer_units_exponent_1': 4, 'D_dagger_layer_units_exponent_2': 4, 'D_dagger_layer_units_exponent_3': 7, 'D_dagger_layer_units_exponent_4': 4, 'log_learning_rate': -3.64578125603649, 'log_learning_rate_D': -3.5373787047680256, 'log_learning_rate_D_dagger': -2.2272337630909127, 'training_batch_size': 7, 'training_p': 4}. Best is trial 0 with value: 0.0953373834490776.
Time for this trial:  43.7762405872345
Memory status after this trial: 
Memory allocated:  424.47021484375
Memory cached:  442.0
--------------------  Trial  4   --------------------
Start timing: 
Parameters: 
{'W_layers': 2, 'W_layer_units_exponent_0': 8, 'W_layer_units_exponent_1': 10, 'D_layers': 6, 'D_layer_units_exponent_0': 4, 'D_layer_units_exponent_1': 10, 'D_layer_units_exponent_2': 7, 'D_layer_units_exponent_3': 7, 'D_layer_units_exponent_4': 8, 'D_layer_units_exponent_5': 6, 'D_dagger_layers': 6, 'D_dagger_layer_units_exponent_0': 6, 'D_dagger_layer_units_exponent_1': 9, 'D_dagger_layer_units_exponent_2': 4, 'D_dagger_layer_units_exponent_3': 8, 'D_dagger_layer_units_exponent_4': 9, 'D_dagger_layer_units_exponent_5': 5, 'log_learning_rate': -3.3694330680928175, 'log_learning_rate_D': -1.1027105435981812, 'log_learning_rate_D_dagger': -3.1577028598582286, 'training_batch_size': 8, 'training_p': 6}
	 epoch  0 training error:  tensor(1.0155, device='cuda:0', grad_fn=<DivBackward0>)
Memory status after this epoch: 
Memory allocated:  312.0732421875
Memory cached:  338.0
	 epoch  10 training error:  tensor(0.6150, device='cuda:0', grad_fn=<DivBackward0>)
Memory status after this epoch: 
Memory allocated:  312.0732421875
Memory cached:  338.0
	 epoch  20 training error:  tensor(0.1971, device='cuda:0', grad_fn=<DivBackward0>)
Memory status after this epoch: 
Memory allocated:  312.0732421875
Memory cached:  338.0
	 epoch  30 training error:  tensor(0.1404, device='cuda:0', grad_fn=<DivBackward0>)
Memory status after this epoch: 
Memory allocated:  312.0732421875
Memory cached:  338.0
	 epoch  40 training error:  tensor(0.2633, device='cuda:0', grad_fn=<DivBackward0>)
Memory status after this epoch: 
Memory allocated:  312.0732421875
Memory cached:  338.0
	 epoch  50 training error:  tensor(0.1578, device='cuda:0', grad_fn=<DivBackward0>)
Memory status after this epoch: 
Memory allocated:  312.0732421875
Memory cached:  338.0
	 epoch  60 training error:  tensor(0.1436, device='cuda:0', grad_fn=<DivBackward0>)
Memory status after this epoch: 
Memory allocated:  312.0732421875
Memory cached:  338.0
	 epoch  70 training error:  tensor(0.1621, device='cuda:0', grad_fn=<DivBackward0>)
Memory status after this epoch: 
Memory allocated:  312.0732421875
Memory cached:  338.0
	 epoch  80 training error:  tensor(0.1397, device='cuda:0', grad_fn=<DivBackward0>)
Memory status after this epoch: 
Memory allocated:  312.0732421875
Memory cached:  338.0
	 epoch  90 training error:  tensor(0.1540, device='cuda:0', grad_fn=<DivBackward0>)
Memory status after this epoch: 
Memory allocated:  312.0732421875
Memory cached:  338.0
[I 2024-01-13 23:25:46,382] Trial 4 finished with value: 0.1084313914179802 and parameters: {'W_layers': 2, 'W_layer_units_exponent_0': 8, 'W_layer_units_exponent_1': 10, 'D_layers': 6, 'D_layer_units_exponent_0': 4, 'D_layer_units_exponent_1': 10, 'D_layer_units_exponent_2': 7, 'D_layer_units_exponent_3': 7, 'D_layer_units_exponent_4': 8, 'D_layer_units_exponent_5': 6, 'D_dagger_layers': 6, 'D_dagger_layer_units_exponent_0': 6, 'D_dagger_layer_units_exponent_1': 9, 'D_dagger_layer_units_exponent_2': 4, 'D_dagger_layer_units_exponent_3': 8, 'D_dagger_layer_units_exponent_4': 9, 'D_dagger_layer_units_exponent_5': 5, 'log_learning_rate': -3.3694330680928175, 'log_learning_rate_D': -1.1027105435981812, 'log_learning_rate_D_dagger': -3.1577028598582286, 'training_batch_size': 8, 'training_p': 6}. Best is trial 0 with value: 0.0953373834490776.
Time for this trial:  33.35832858085632
Memory status after this trial: 
Memory allocated:  582.30517578125
Memory cached:  604.0
--------------------  Trial  5   --------------------
Start timing: 
Parameters: 
{'W_layers': 7, 'W_layer_units_exponent_0': 8, 'W_layer_units_exponent_1': 7, 'W_layer_units_exponent_2': 4, 'W_layer_units_exponent_3': 8, 'W_layer_units_exponent_4': 5, 'W_layer_units_exponent_5': 4, 'W_layer_units_exponent_6': 6, 'D_layers': 4, 'D_layer_units_exponent_0': 9, 'D_layer_units_exponent_1': 9, 'D_layer_units_exponent_2': 7, 'D_layer_units_exponent_3': 9, 'D_dagger_layers': 2, 'D_dagger_layer_units_exponent_0': 4, 'D_dagger_layer_units_exponent_1': 5, 'log_learning_rate': -1.83872431632187, 'log_learning_rate_D': -4.044974688087118, 'log_learning_rate_D_dagger': -4.979592078198118, 'training_batch_size': 8, 'training_p': 4}
	 epoch  0 training error:  tensor(1.1224, device='cuda:0', grad_fn=<DivBackward0>)
Memory status after this epoch: 
Memory allocated:  306.537109375
Memory cached:  336.0
	 epoch  10 training error:  tensor(0.8310, device='cuda:0', grad_fn=<DivBackward0>)
Memory status after this epoch: 
Memory allocated:  306.537109375
Memory cached:  336.0
	 epoch  20 training error:  tensor(0.6915, device='cuda:0', grad_fn=<DivBackward0>)
Memory status after this epoch: 
Memory allocated:  306.537109375
Memory cached:  336.0
	 epoch  30 training error:  tensor(0.6828, device='cuda:0', grad_fn=<DivBackward0>)
Memory status after this epoch: 
Memory allocated:  306.537109375
Memory cached:  336.0
	 epoch  40 training error:  tensor(0.6802, device='cuda:0', grad_fn=<DivBackward0>)
Memory status after this epoch: 
Memory allocated:  306.537109375
Memory cached:  336.0
	 epoch  50 training error:  tensor(0.6781, device='cuda:0', grad_fn=<DivBackward0>)
Memory status after this epoch: 
Memory allocated:  306.537109375
Memory cached:  336.0
	 epoch  60 training error:  tensor(0.6762, device='cuda:0', grad_fn=<DivBackward0>)
Memory status after this epoch: 
Memory allocated:  306.537109375
Memory cached:  336.0
	 epoch  70 training error:  tensor(0.6745, device='cuda:0', grad_fn=<DivBackward0>)
Memory status after this epoch: 
Memory allocated:  306.537109375
Memory cached:  336.0
	 epoch  80 training error:  tensor(0.6729, device='cuda:0', grad_fn=<DivBackward0>)
Memory status after this epoch: 
Memory allocated:  306.537109375
Memory cached:  336.0
	 epoch  90 training error:  tensor(0.6712, device='cuda:0', grad_fn=<DivBackward0>)
Memory status after this epoch: 
Memory allocated:  306.537109375
Memory cached:  336.0
[I 2024-01-13 23:26:17,031] Trial 5 finished with value: 0.6356669664382935 and parameters: {'W_layers': 7, 'W_layer_units_exponent_0': 8, 'W_layer_units_exponent_1': 7, 'W_layer_units_exponent_2': 4, 'W_layer_units_exponent_3': 8, 'W_layer_units_exponent_4': 5, 'W_layer_units_exponent_5': 4, 'W_layer_units_exponent_6': 6, 'D_layers': 4, 'D_layer_units_exponent_0': 9, 'D_layer_units_exponent_1': 9, 'D_layer_units_exponent_2': 7, 'D_layer_units_exponent_3': 9, 'D_dagger_layers': 2, 'D_dagger_layer_units_exponent_0': 4, 'D_dagger_layer_units_exponent_1': 5, 'log_learning_rate': -1.83872431632187, 'log_learning_rate_D': -4.044974688087118, 'log_learning_rate_D_dagger': -4.979592078198118, 'training_batch_size': 8, 'training_p': 4}. Best is trial 0 with value: 0.0953373834490776.
Time for this trial:  30.431207418441772
Memory status after this trial: 
Memory allocated:  392.22412109375
Memory cached:  410.0
--------------------  Trial  6   --------------------
Start timing: 
Parameters: 
{'W_layers': 7, 'W_layer_units_exponent_0': 5, 'W_layer_units_exponent_1': 9, 'W_layer_units_exponent_2': 4, 'W_layer_units_exponent_3': 4, 'W_layer_units_exponent_4': 7, 'W_layer_units_exponent_5': 8, 'W_layer_units_exponent_6': 10, 'D_layers': 8, 'D_layer_units_exponent_0': 4, 'D_layer_units_exponent_1': 6, 'D_layer_units_exponent_2': 8, 'D_layer_units_exponent_3': 7, 'D_layer_units_exponent_4': 8, 'D_layer_units_exponent_5': 10, 'D_layer_units_exponent_6': 10, 'D_layer_units_exponent_7': 10, 'D_dagger_layers': 2, 'D_dagger_layer_units_exponent_0': 9, 'D_dagger_layer_units_exponent_1': 6, 'log_learning_rate': -3.057094268896931, 'log_learning_rate_D': -2.8167998281757836, 'log_learning_rate_D_dagger': -4.086127682382566, 'training_batch_size': 9, 'training_p': 8}
	 epoch  0 training error:  tensor(0.6230, device='cuda:0', grad_fn=<DivBackward0>)
Memory status after this epoch: 
Memory allocated:  319.0654296875
Memory cached:  338.0
	 epoch  10 training error:  tensor(0.3274, device='cuda:0', grad_fn=<DivBackward0>)
Memory status after this epoch: 
Memory allocated:  319.0654296875
Memory cached:  340.0
	 epoch  20 training error:  tensor(0.2082, device='cuda:0', grad_fn=<DivBackward0>)
Memory status after this epoch: 
Memory allocated:  319.0654296875
Memory cached:  340.0
	 epoch  30 training error:  tensor(0.1956, device='cuda:0', grad_fn=<DivBackward0>)
Memory status after this epoch: 
Memory allocated:  319.0654296875
Memory cached:  340.0
	 epoch  40 training error:  tensor(0.1807, device='cuda:0', grad_fn=<DivBackward0>)
Memory status after this epoch: 
Memory allocated:  319.0654296875
Memory cached:  340.0
	 epoch  50 training error:  tensor(0.1703, device='cuda:0', grad_fn=<DivBackward0>)
Memory status after this epoch: 
Memory allocated:  319.0654296875
Memory cached:  340.0
	 epoch  60 training error:  tensor(0.1639, device='cuda:0', grad_fn=<DivBackward0>)
Memory status after this epoch: 
Memory allocated:  319.0654296875
Memory cached:  340.0
	 epoch  70 training error:  tensor(0.1573, device='cuda:0', grad_fn=<DivBackward0>)
Memory status after this epoch: 
Memory allocated:  319.0654296875
Memory cached:  340.0
	 epoch  80 training error:  tensor(0.1522, device='cuda:0', grad_fn=<DivBackward0>)
Memory status after this epoch: 
Memory allocated:  319.0654296875
Memory cached:  340.0
	 epoch  90 training error:  tensor(0.1472, device='cuda:0', grad_fn=<DivBackward0>)
Memory status after this epoch: 
Memory allocated:  319.0654296875
Memory cached:  340.0
