[I 2023-12-07 04:38:22,034] Trial 98 finished with value: 0.3199455440044403 and parameters: {'W_layers': 5, 'W_layer_units_exponent_0': 6, 'W_layer_units_exponent_1': 5, 'W_layer_units_exponent_2': 5, 'W_layer_units_exponent_3': 8, 'W_layer_units_exponent_4': 6, 'D_layers': 3, 'D_layer_units_exponent_0': 10, 'D_layer_units_exponent_1': 7, 'D_layer_units_exponent_2': 8, 'D_dagger_layers': 8, 'D_dagger_layer_units_exponent_0': 10, 'D_dagger_layer_units_exponent_1': 5, 'D_dagger_layer_units_exponent_2': 10, 'D_dagger_layer_units_exponent_3': 7, 'D_dagger_layer_units_exponent_4': 8, 'D_dagger_layer_units_exponent_5': 5, 'D_dagger_layer_units_exponent_6': 4, 'D_dagger_layer_units_exponent_7': 9, 'log_learning_rate': -3.514394220902598, 'log_learning_rate_D': -3.0547828845711464, 'log_learning_rate_D_dagger': -3.4170305549802977, 'training_batch_size': 12, 'training_p': 6}. Best is trial 45 with value: 0.17419132590293884.
Time for this trial:  211.987726688385
Memory status after this trial: 
Memory allocated:  696.61181640625
Memory cached:  784.0
--------------------  Trial  99   --------------------
Start timing: 
Parameters: 
{'W_layers': 5, 'W_layer_units_exponent_0': 10, 'W_layer_units_exponent_1': 4, 'W_layer_units_exponent_2': 5, 'W_layer_units_exponent_3': 10, 'W_layer_units_exponent_4': 6, 'D_layers': 3, 'D_layer_units_exponent_0': 10, 'D_layer_units_exponent_1': 7, 'D_layer_units_exponent_2': 7, 'D_dagger_layers': 8, 'D_dagger_layer_units_exponent_0': 10, 'D_dagger_layer_units_exponent_1': 5, 'D_dagger_layer_units_exponent_2': 10, 'D_dagger_layer_units_exponent_3': 7, 'D_dagger_layer_units_exponent_4': 7, 'D_dagger_layer_units_exponent_5': 4, 'D_dagger_layer_units_exponent_6': 5, 'D_dagger_layer_units_exponent_7': 9, 'log_learning_rate': -3.6382137154273044, 'log_learning_rate_D': -2.8464478636347055, 'log_learning_rate_D_dagger': -3.5162688723371716, 'training_batch_size': 12, 'training_p': 6}
	 epoch  0 training error:  tensor(0.9692, device='cuda:0', grad_fn=<DivBackward0>)
Memory status after this epoch: 
Memory allocated:  446.921875
Memory cached:  778.0
	 epoch  10 training error:  tensor(0.4975, device='cuda:0', grad_fn=<DivBackward0>)
Memory status after this epoch: 
Memory allocated:  446.921875
Memory cached:  802.0
	 epoch  20 training error:  tensor(0.4208, device='cuda:0', grad_fn=<DivBackward0>)
Memory status after this epoch: 
Memory allocated:  446.921875
Memory cached:  802.0
	 epoch  30 training error:  tensor(0.3826, device='cuda:0', grad_fn=<DivBackward0>)
Memory status after this epoch: 
Memory allocated:  446.921875
Memory cached:  804.0
	 epoch  40 training error:  tensor(0.3383, device='cuda:0', grad_fn=<DivBackward0>)
Memory status after this epoch: 
Memory allocated:  446.921875
Memory cached:  806.0
	 epoch  50 training error:  tensor(0.3268, device='cuda:0', grad_fn=<DivBackward0>)
Memory status after this epoch: 
Memory allocated:  446.921875
Memory cached:  800.0
	 epoch  60 training error:  tensor(0.3136, device='cuda:0', grad_fn=<DivBackward0>)
Memory status after this epoch: 
Memory allocated:  446.921875
Memory cached:  806.0
	 epoch  70 training error:  tensor(0.3333, device='cuda:0', grad_fn=<DivBackward0>)
Memory status after this epoch: 
Memory allocated:  446.921875
Memory cached:  796.0
	 epoch  80 training error:  tensor(0.2762, device='cuda:0', grad_fn=<DivBackward0>)
Memory status after this epoch: 
Memory allocated:  446.921875
Memory cached:  806.0
	 epoch  90 training error:  tensor(0.2522, device='cuda:0', grad_fn=<DivBackward0>)
Memory status after this epoch: 
Memory allocated:  446.921875
Memory cached:  804.0
[I 2023-12-07 04:42:04,012] Trial 99 finished with value: 0.1960345357656479 and parameters: {'W_layers': 5, 'W_layer_units_exponent_0': 10, 'W_layer_units_exponent_1': 4, 'W_layer_units_exponent_2': 5, 'W_layer_units_exponent_3': 10, 'W_layer_units_exponent_4': 6, 'D_layers': 3, 'D_layer_units_exponent_0': 10, 'D_layer_units_exponent_1': 7, 'D_layer_units_exponent_2': 7, 'D_dagger_layers': 8, 'D_dagger_layer_units_exponent_0': 10, 'D_dagger_layer_units_exponent_1': 5, 'D_dagger_layer_units_exponent_2': 10, 'D_dagger_layer_units_exponent_3': 7, 'D_dagger_layer_units_exponent_4': 7, 'D_dagger_layer_units_exponent_5': 4, 'D_dagger_layer_units_exponent_6': 5, 'D_dagger_layer_units_exponent_7': 9, 'log_learning_rate': -3.6382137154273044, 'log_learning_rate_D': -2.8464478636347055, 'log_learning_rate_D_dagger': -3.5162688723371716, 'training_batch_size': 12, 'training_p': 6}. Best is trial 45 with value: 0.17419132590293884.
[I 2023-12-07 04:42:04,107] A new study created in memory with name: no-name-adb6f0fa-01b4-479f-aa98-d2ca000d96bc
Time for this trial:  221.68175220489502
Memory status after this trial: 
Memory allocated:  776.02685546875
Memory cached:  822.0
--------------------  Trial  0   --------------------
Start timing: 
Parameters: 
{'W_layers': 5, 'W_layer_units_exponent_0': 6, 'W_layer_units_exponent_1': 5, 'W_layer_units_exponent_2': 7, 'W_layer_units_exponent_3': 9, 'W_layer_units_exponent_4': 7, 'D_layers': 7, 'D_layer_units_exponent_0': 10, 'D_layer_units_exponent_1': 5, 'D_layer_units_exponent_2': 9, 'D_layer_units_exponent_3': 8, 'D_layer_units_exponent_4': 5, 'D_layer_units_exponent_5': 10, 'D_layer_units_exponent_6': 7, 'D_dagger_layers': 8, 'D_dagger_layer_units_exponent_0': 9, 'D_dagger_layer_units_exponent_1': 5, 'D_dagger_layer_units_exponent_2': 6, 'D_dagger_layer_units_exponent_3': 9, 'D_dagger_layer_units_exponent_4': 7, 'D_dagger_layer_units_exponent_5': 5, 'D_dagger_layer_units_exponent_6': 8, 'D_dagger_layer_units_exponent_7': 9, 'log_learning_rate': -1.77457509542, 'log_learning_rate_D': -2.6813421621334776, 'log_learning_rate_D_dagger': -4.958308317645345, 'training_batch_size': 11, 'training_p': 4}
/home/shengduo/anaconda3/lib/python3.9/site-packages/torch/nn/init.py:405: UserWarning: Initializing zero-element tensors is a no-op
  warnings.warn("Initializing zero-element tensors is a no-op")
	 epoch  0 training error:  tensor(0.9878, device='cuda:0', grad_fn=<DivBackward0>)
Memory status after this epoch: 
Memory allocated:  7.64501953125
Memory cached:  16.0
	 epoch  10 training error:  tensor(0.9601, device='cuda:0', grad_fn=<DivBackward0>)
Memory status after this epoch: 
Memory allocated:  7.64501953125
Memory cached:  22.0
	 epoch  20 training error:  tensor(0.6309, device='cuda:0', grad_fn=<DivBackward0>)
Memory status after this epoch: 
Memory allocated:  7.64501953125
Memory cached:  22.0
	 epoch  30 training error:  tensor(0.6297, device='cuda:0', grad_fn=<DivBackward0>)
Memory status after this epoch: 
Memory allocated:  7.64501953125
Memory cached:  22.0
	 epoch  40 training error:  tensor(0.6262, device='cuda:0', grad_fn=<DivBackward0>)
Memory status after this epoch: 
Memory allocated:  7.64501953125
Memory cached:  22.0
	 epoch  50 training error:  tensor(0.6243, device='cuda:0', grad_fn=<DivBackward0>)
Memory status after this epoch: 
Memory allocated:  7.64501953125
Memory cached:  22.0
	 epoch  60 training error:  tensor(0.6124, device='cuda:0', grad_fn=<DivBackward0>)
Memory status after this epoch: 
Memory allocated:  7.64501953125
Memory cached:  22.0
	 epoch  70 training error:  tensor(0.6031, device='cuda:0', grad_fn=<DivBackward0>)
Memory status after this epoch: 
Memory allocated:  7.64501953125
Memory cached:  22.0
	 epoch  80 training error:  tensor(0.5904, device='cuda:0', grad_fn=<DivBackward0>)
Memory status after this epoch: 
Memory allocated:  7.64501953125
Memory cached:  22.0
	 epoch  90 training error:  tensor(0.5733, device='cuda:0', grad_fn=<DivBackward0>)
Memory status after this epoch: 
Memory allocated:  7.64501953125
Memory cached:  22.0
[I 2023-12-07 04:42:23,764] Trial 0 finished with value: 0.5059574246406555 and parameters: {'W_layers': 5, 'W_layer_units_exponent_0': 6, 'W_layer_units_exponent_1': 5, 'W_layer_units_exponent_2': 7, 'W_layer_units_exponent_3': 9, 'W_layer_units_exponent_4': 7, 'D_layers': 7, 'D_layer_units_exponent_0': 10, 'D_layer_units_exponent_1': 5, 'D_layer_units_exponent_2': 9, 'D_layer_units_exponent_3': 8, 'D_layer_units_exponent_4': 5, 'D_layer_units_exponent_5': 10, 'D_layer_units_exponent_6': 7, 'D_dagger_layers': 8, 'D_dagger_layer_units_exponent_0': 9, 'D_dagger_layer_units_exponent_1': 5, 'D_dagger_layer_units_exponent_2': 6, 'D_dagger_layer_units_exponent_3': 9, 'D_dagger_layer_units_exponent_4': 7, 'D_dagger_layer_units_exponent_5': 5, 'D_dagger_layer_units_exponent_6': 8, 'D_dagger_layer_units_exponent_7': 9, 'log_learning_rate': -1.77457509542, 'log_learning_rate_D': -2.6813421621334776, 'log_learning_rate_D_dagger': -4.958308317645345, 'training_batch_size': 11, 'training_p': 4}. Best is trial 0 with value: 0.5059574246406555.
res:  tensor(0.5060, device='cuda:0', grad_fn=<DivBackward0>)
self.bestValue:  10000000.0
Save this model!
Time for this trial:  19.554946660995483
Memory status after this trial: 
Memory allocated:  156.2099609375
Memory cached:  182.0
--------------------  Trial  1   --------------------
Start timing: 
Parameters: 
{'W_layers': 3, 'W_layer_units_exponent_0': 6, 'W_layer_units_exponent_1': 6, 'W_layer_units_exponent_2': 7, 'D_layers': 5, 'D_layer_units_exponent_0': 4, 'D_layer_units_exponent_1': 7, 'D_layer_units_exponent_2': 6, 'D_layer_units_exponent_3': 4, 'D_layer_units_exponent_4': 9, 'D_dagger_layers': 6, 'D_dagger_layer_units_exponent_0': 6, 'D_dagger_layer_units_exponent_1': 7, 'D_dagger_layer_units_exponent_2': 10, 'D_dagger_layer_units_exponent_3': 10, 'D_dagger_layer_units_exponent_4': 6, 'D_dagger_layer_units_exponent_5': 4, 'log_learning_rate': -4.328294150054277, 'log_learning_rate_D': -3.3128269687969207, 'log_learning_rate_D_dagger': -4.537895946666857, 'training_batch_size': 8, 'training_p': 5}
	 epoch  0 training error:  tensor(0.8170, device='cuda:0', grad_fn=<DivBackward0>)
Memory status after this epoch: 
Memory allocated:  175.703125
Memory cached:  202.0
	 epoch  10 training error:  tensor(0.5670, device='cuda:0', grad_fn=<DivBackward0>)
Memory status after this epoch: 
Memory allocated:  175.703125
Memory cached:  202.0
	 epoch  20 training error:  tensor(0.5435, device='cuda:0', grad_fn=<DivBackward0>)
Memory status after this epoch: 
Memory allocated:  175.703125
Memory cached:  202.0
	 epoch  30 training error:  tensor(0.4964, device='cuda:0', grad_fn=<DivBackward0>)
Memory status after this epoch: 
Memory allocated:  175.703125
Memory cached:  202.0
	 epoch  40 training error:  tensor(0.4623, device='cuda:0', grad_fn=<DivBackward0>)
Memory status after this epoch: 
Memory allocated:  175.703125
Memory cached:  202.0
	 epoch  50 training error:  tensor(0.4423, device='cuda:0', grad_fn=<DivBackward0>)
Memory status after this epoch: 
Memory allocated:  175.703125
Memory cached:  202.0
	 epoch  60 training error:  tensor(0.4346, device='cuda:0', grad_fn=<DivBackward0>)
Memory status after this epoch: 
Memory allocated:  175.703125
Memory cached:  202.0
	 epoch  70 training error:  tensor(0.4285, device='cuda:0', grad_fn=<DivBackward0>)
Memory status after this epoch: 
Memory allocated:  175.703125
Memory cached:  202.0
	 epoch  80 training error:  tensor(0.4235, device='cuda:0', grad_fn=<DivBackward0>)
Memory status after this epoch: 
Memory allocated:  175.703125
Memory cached:  202.0
	 epoch  90 training error:  tensor(0.4193, device='cuda:0', grad_fn=<DivBackward0>)
Memory status after this epoch: 
Memory allocated:  175.703125
Memory cached:  202.0
[I 2023-12-07 04:42:42,289] Trial 1 finished with value: 0.3583562672138214 and parameters: {'W_layers': 3, 'W_layer_units_exponent_0': 6, 'W_layer_units_exponent_1': 6, 'W_layer_units_exponent_2': 7, 'D_layers': 5, 'D_layer_units_exponent_0': 4, 'D_layer_units_exponent_1': 7, 'D_layer_units_exponent_2': 6, 'D_layer_units_exponent_3': 4, 'D_layer_units_exponent_4': 9, 'D_dagger_layers': 6, 'D_dagger_layer_units_exponent_0': 6, 'D_dagger_layer_units_exponent_1': 7, 'D_dagger_layer_units_exponent_2': 10, 'D_dagger_layer_units_exponent_3': 10, 'D_dagger_layer_units_exponent_4': 6, 'D_dagger_layer_units_exponent_5': 4, 'log_learning_rate': -4.328294150054277, 'log_learning_rate_D': -3.3128269687969207, 'log_learning_rate_D_dagger': -4.537895946666857, 'training_batch_size': 8, 'training_p': 5}. Best is trial 1 with value: 0.3583562672138214.
res:  tensor(0.3584, device='cuda:0', grad_fn=<DivBackward0>)
self.bestValue:  tensor(0.5060, device='cuda:0', grad_fn=<DivBackward0>)
Save this model!
Time for this trial:  18.428070306777954
Memory status after this trial: 
Memory allocated:  147.080078125
Memory cached:  224.0
--------------------  Trial  2   --------------------
Start timing: 
Parameters: 
{'W_layers': 5, 'W_layer_units_exponent_0': 4, 'W_layer_units_exponent_1': 5, 'W_layer_units_exponent_2': 10, 'W_layer_units_exponent_3': 10, 'W_layer_units_exponent_4': 10, 'D_layers': 6, 'D_layer_units_exponent_0': 9, 'D_layer_units_exponent_1': 7, 'D_layer_units_exponent_2': 9, 'D_layer_units_exponent_3': 5, 'D_layer_units_exponent_4': 10, 'D_layer_units_exponent_5': 4, 'D_dagger_layers': 7, 'D_dagger_layer_units_exponent_0': 10, 'D_dagger_layer_units_exponent_1': 10, 'D_dagger_layer_units_exponent_2': 4, 'D_dagger_layer_units_exponent_3': 4, 'D_dagger_layer_units_exponent_4': 5, 'D_dagger_layer_units_exponent_5': 9, 'D_dagger_layer_units_exponent_6': 9, 'log_learning_rate': -3.304105634519723, 'log_learning_rate_D': -3.243646546173145, 'log_learning_rate_D_dagger': -1.466929305804622, 'training_batch_size': 10, 'training_p': 8}
	 epoch  0 training error:  tensor(1.0440, device='cuda:0', grad_fn=<DivBackward0>)
Memory status after this epoch: 
Memory allocated:  203.2861328125
Memory cached:  226.0
	 epoch  10 training error:  tensor(31.7109, device='cuda:0', grad_fn=<DivBackward0>)
Memory status after this epoch: 
Memory allocated:  203.2861328125
Memory cached:  228.0
	 epoch  20 training error:  tensor(16.8722, device='cuda:0', grad_fn=<DivBackward0>)
Memory status after this epoch: 
Memory allocated:  203.2861328125
Memory cached:  228.0
	 epoch  30 training error:  tensor(18.0387, device='cuda:0', grad_fn=<DivBackward0>)
Memory status after this epoch: 
Memory allocated:  203.2861328125
Memory cached:  228.0
	 epoch  40 training error:  tensor(1.6049, device='cuda:0', grad_fn=<DivBackward0>)
Memory status after this epoch: 
Memory allocated:  203.2861328125
Memory cached:  228.0
	 epoch  50 training error:  tensor(2.0082, device='cuda:0', grad_fn=<DivBackward0>)
Memory status after this epoch: 
Memory allocated:  203.2861328125
Memory cached:  228.0
	 epoch  60 training error:  tensor(1.2354, device='cuda:0', grad_fn=<DivBackward0>)
Memory status after this epoch: 
Memory allocated:  203.2861328125
Memory cached:  228.0
	 epoch  70 training error:  tensor(78.8140, device='cuda:0', grad_fn=<DivBackward0>)
Memory status after this epoch: 
Memory allocated:  203.2861328125
Memory cached:  228.0
	 epoch  80 training error:  tensor(4.6235, device='cuda:0', grad_fn=<DivBackward0>)
Memory status after this epoch: 
Memory allocated:  203.2861328125
Memory cached:  228.0
	 epoch  90 training error:  tensor(0.9342, device='cuda:0', grad_fn=<DivBackward0>)
Memory status after this epoch: 
Memory allocated:  203.2861328125
Memory cached:  228.0
[I 2023-12-07 04:43:03,960] Trial 2 finished with value: 0.6798378229141235 and parameters: {'W_layers': 5, 'W_layer_units_exponent_0': 4, 'W_layer_units_exponent_1': 5, 'W_layer_units_exponent_2': 10, 'W_layer_units_exponent_3': 10, 'W_layer_units_exponent_4': 10, 'D_layers': 6, 'D_layer_units_exponent_0': 9, 'D_layer_units_exponent_1': 7, 'D_layer_units_exponent_2': 9, 'D_layer_units_exponent_3': 5, 'D_layer_units_exponent_4': 10, 'D_layer_units_exponent_5': 4, 'D_dagger_layers': 7, 'D_dagger_layer_units_exponent_0': 10, 'D_dagger_layer_units_exponent_1': 10, 'D_dagger_layer_units_exponent_2': 4, 'D_dagger_layer_units_exponent_3': 4, 'D_dagger_layer_units_exponent_4': 5, 'D_dagger_layer_units_exponent_5': 9, 'D_dagger_layer_units_exponent_6': 9, 'log_learning_rate': -3.304105634519723, 'log_learning_rate_D': -3.243646546173145, 'log_learning_rate_D_dagger': -1.466929305804622, 'training_batch_size': 10, 'training_p': 8}. Best is trial 1 with value: 0.3583562672138214.
Time for this trial:  21.576505184173584
Memory status after this trial: 
Memory allocated:  504.24755859375
Memory cached:  572.0
--------------------  Trial  3   --------------------
Start timing: 
Parameters: 
{'W_layers': 8, 'W_layer_units_exponent_0': 8, 'W_layer_units_exponent_1': 4, 'W_layer_units_exponent_2': 6, 'W_layer_units_exponent_3': 7, 'W_layer_units_exponent_4': 5, 'W_layer_units_exponent_5': 8, 'W_layer_units_exponent_6': 8, 'W_layer_units_exponent_7': 4, 'D_layers': 4, 'D_layer_units_exponent_0': 10, 'D_layer_units_exponent_1': 6, 'D_layer_units_exponent_2': 9, 'D_layer_units_exponent_3': 6, 'D_dagger_layers': 5, 'D_dagger_layer_units_exponent_0': 8, 'D_dagger_layer_units_exponent_1': 9, 'D_dagger_layer_units_exponent_2': 6, 'D_dagger_layer_units_exponent_3': 7, 'D_dagger_layer_units_exponent_4': 5, 'log_learning_rate': -4.530576802023082, 'log_learning_rate_D': -4.635207403171261, 'log_learning_rate_D_dagger': -4.96851902130559, 'training_batch_size': 8, 'training_p': 7}
	 epoch  0 training error:  tensor(1.0492, device='cuda:0', grad_fn=<DivBackward0>)
Memory status after this epoch: 
Memory allocated:  151.81103515625
Memory cached:  226.0
	 epoch  10 training error:  tensor(0.9822, device='cuda:0', grad_fn=<DivBackward0>)
Memory status after this epoch: 
Memory allocated:  151.81103515625
Memory cached:  226.0
	 epoch  20 training error:  tensor(0.9148, device='cuda:0', grad_fn=<DivBackward0>)
Memory status after this epoch: 
Memory allocated:  151.81103515625
Memory cached:  226.0
	 epoch  30 training error:  tensor(0.8418, device='cuda:0', grad_fn=<DivBackward0>)
Memory status after this epoch: 
Memory allocated:  151.81103515625
Memory cached:  226.0
	 epoch  40 training error:  tensor(0.7608, device='cuda:0', grad_fn=<DivBackward0>)
Memory status after this epoch: 
Memory allocated:  151.81103515625
Memory cached:  226.0
	 epoch  50 training error:  tensor(0.6680, device='cuda:0', grad_fn=<DivBackward0>)
Memory status after this epoch: 
Memory allocated:  151.81103515625
Memory cached:  226.0
	 epoch  60 training error:  tensor(0.5791, device='cuda:0', grad_fn=<DivBackward0>)
Memory status after this epoch: 
Memory allocated:  151.81103515625
Memory cached:  226.0
	 epoch  70 training error:  tensor(0.5679, device='cuda:0', grad_fn=<DivBackward0>)
Memory status after this epoch: 
Memory allocated:  151.81103515625
Memory cached:  226.0
	 epoch  80 training error:  tensor(0.5553, device='cuda:0', grad_fn=<DivBackward0>)
Memory status after this epoch: 
Memory allocated:  151.81103515625
Memory cached:  226.0
	 epoch  90 training error:  tensor(0.5432, device='cuda:0', grad_fn=<DivBackward0>)
Memory status after this epoch: 
Memory allocated:  151.81103515625
Memory cached:  226.0
