[I 2023-12-07 04:14:58,059] Trial 93 finished with value: 0.5123524069786072 and parameters: {'W_layers': 4, 'W_layer_units_exponent_0': 7, 'W_layer_units_exponent_1': 7, 'W_layer_units_exponent_2': 5, 'W_layer_units_exponent_3': 5, 'D_layers': 6, 'D_layer_units_exponent_0': 5, 'D_layer_units_exponent_1': 10, 'D_layer_units_exponent_2': 6, 'D_layer_units_exponent_3': 4, 'D_layer_units_exponent_4': 10, 'D_layer_units_exponent_5': 9, 'D_dagger_layers': 6, 'D_dagger_layer_units_exponent_0': 7, 'D_dagger_layer_units_exponent_1': 4, 'D_dagger_layer_units_exponent_2': 5, 'D_dagger_layer_units_exponent_3': 5, 'D_dagger_layer_units_exponent_4': 9, 'D_dagger_layer_units_exponent_5': 7, 'log_learning_rate': -1.8596878227520914, 'log_learning_rate_D': -4.470635004412358, 'log_learning_rate_D_dagger': -2.203618618867696, 'training_batch_size': 7, 'training_p': 2}. Best is trial 78 with value: 0.5054259300231934.
Time for this trial:  17.326565742492676
Memory status after this trial: 
Memory allocated:  89.95751953125
Memory cached:  108.0
--------------------  Trial  94   --------------------
Start timing: 
Parameters: 
{'W_layers': 4, 'W_layer_units_exponent_0': 6, 'W_layer_units_exponent_1': 7, 'W_layer_units_exponent_2': 5, 'W_layer_units_exponent_3': 5, 'D_layers': 7, 'D_layer_units_exponent_0': 6, 'D_layer_units_exponent_1': 10, 'D_layer_units_exponent_2': 7, 'D_layer_units_exponent_3': 4, 'D_layer_units_exponent_4': 10, 'D_layer_units_exponent_5': 10, 'D_layer_units_exponent_6': 9, 'D_dagger_layers': 5, 'D_dagger_layer_units_exponent_0': 8, 'D_dagger_layer_units_exponent_1': 4, 'D_dagger_layer_units_exponent_2': 5, 'D_dagger_layer_units_exponent_3': 5, 'D_dagger_layer_units_exponent_4': 8, 'log_learning_rate': -1.8992694482375845, 'log_learning_rate_D': -4.384166338661343, 'log_learning_rate_D_dagger': -2.491022830506016, 'training_batch_size': 8, 'training_p': 2}
	 epoch  0 training error:  tensor(0.9898, device='cuda:0', grad_fn=<DivBackward0>)
Memory status after this epoch: 
Memory allocated:  35.24267578125
Memory cached:  72.0
	 epoch  10 training error:  tensor(0.7790, device='cuda:0', grad_fn=<DivBackward0>)
Memory status after this epoch: 
Memory allocated:  35.24267578125
Memory cached:  78.0
	 epoch  20 training error:  tensor(0.7102, device='cuda:0', grad_fn=<DivBackward0>)
Memory status after this epoch: 
Memory allocated:  35.24267578125
Memory cached:  78.0
	 epoch  30 training error:  tensor(0.6520, device='cuda:0', grad_fn=<DivBackward0>)
Memory status after this epoch: 
Memory allocated:  35.24267578125
Memory cached:  78.0
	 epoch  40 training error:  tensor(0.5798, device='cuda:0', grad_fn=<DivBackward0>)
Memory status after this epoch: 
Memory allocated:  35.24267578125
Memory cached:  78.0
	 epoch  50 training error:  tensor(0.5754, device='cuda:0', grad_fn=<DivBackward0>)
Memory status after this epoch: 
Memory allocated:  35.24267578125
Memory cached:  78.0
	 epoch  60 training error:  tensor(0.5760, device='cuda:0', grad_fn=<DivBackward0>)
Memory status after this epoch: 
Memory allocated:  35.24267578125
Memory cached:  78.0
	 epoch  70 training error:  tensor(0.5682, device='cuda:0', grad_fn=<DivBackward0>)
Memory status after this epoch: 
Memory allocated:  35.24267578125
Memory cached:  78.0
	 epoch  80 training error:  tensor(0.5694, device='cuda:0', grad_fn=<DivBackward0>)
Memory status after this epoch: 
Memory allocated:  35.24267578125
Memory cached:  78.0
	 epoch  90 training error:  tensor(0.5683, device='cuda:0', grad_fn=<DivBackward0>)
Memory status after this epoch: 
Memory allocated:  35.24267578125
Memory cached:  78.0
[I 2023-12-07 04:15:15,559] Trial 94 finished with value: 0.5117537379264832 and parameters: {'W_layers': 4, 'W_layer_units_exponent_0': 6, 'W_layer_units_exponent_1': 7, 'W_layer_units_exponent_2': 5, 'W_layer_units_exponent_3': 5, 'D_layers': 7, 'D_layer_units_exponent_0': 6, 'D_layer_units_exponent_1': 10, 'D_layer_units_exponent_2': 7, 'D_layer_units_exponent_3': 4, 'D_layer_units_exponent_4': 10, 'D_layer_units_exponent_5': 10, 'D_layer_units_exponent_6': 9, 'D_dagger_layers': 5, 'D_dagger_layer_units_exponent_0': 8, 'D_dagger_layer_units_exponent_1': 4, 'D_dagger_layer_units_exponent_2': 5, 'D_dagger_layer_units_exponent_3': 5, 'D_dagger_layer_units_exponent_4': 8, 'log_learning_rate': -1.8992694482375845, 'log_learning_rate_D': -4.384166338661343, 'log_learning_rate_D_dagger': -2.491022830506016, 'training_batch_size': 8, 'training_p': 2}. Best is trial 78 with value: 0.5054259300231934.
Time for this trial:  17.261440753936768
Memory status after this trial: 
Memory allocated:  71.60986328125
Memory cached:  96.0
--------------------  Trial  95   --------------------
Start timing: 
Parameters: 
{'W_layers': 4, 'W_layer_units_exponent_0': 7, 'W_layer_units_exponent_1': 8, 'W_layer_units_exponent_2': 6, 'W_layer_units_exponent_3': 4, 'D_layers': 7, 'D_layer_units_exponent_0': 6, 'D_layer_units_exponent_1': 10, 'D_layer_units_exponent_2': 6, 'D_layer_units_exponent_3': 5, 'D_layer_units_exponent_4': 10, 'D_layer_units_exponent_5': 9, 'D_layer_units_exponent_6': 5, 'D_dagger_layers': 6, 'D_dagger_layer_units_exponent_0': 7, 'D_dagger_layer_units_exponent_1': 5, 'D_dagger_layer_units_exponent_2': 5, 'D_dagger_layer_units_exponent_3': 5, 'D_dagger_layer_units_exponent_4': 9, 'D_dagger_layer_units_exponent_5': 8, 'log_learning_rate': -2.03324872996855, 'log_learning_rate_D': -4.594879823280574, 'log_learning_rate_D_dagger': -2.7448629342551367, 'training_batch_size': 7, 'training_p': 2}
	 epoch  0 training error:  tensor(1.0192, device='cuda:0', grad_fn=<DivBackward0>)
Memory status after this epoch: 
Memory allocated:  33.81396484375
Memory cached:  68.0
	 epoch  10 training error:  tensor(0.8149, device='cuda:0', grad_fn=<DivBackward0>)
Memory status after this epoch: 
Memory allocated:  33.81396484375
Memory cached:  70.0
	 epoch  20 training error:  tensor(0.7375, device='cuda:0', grad_fn=<DivBackward0>)
Memory status after this epoch: 
Memory allocated:  33.81396484375
Memory cached:  68.0
	 epoch  30 training error:  tensor(0.7248, device='cuda:0', grad_fn=<DivBackward0>)
Memory status after this epoch: 
Memory allocated:  33.81396484375
Memory cached:  68.0
	 epoch  40 training error:  tensor(0.7203, device='cuda:0', grad_fn=<DivBackward0>)
Memory status after this epoch: 
Memory allocated:  33.81396484375
Memory cached:  70.0
	 epoch  50 training error:  tensor(0.7089, device='cuda:0', grad_fn=<DivBackward0>)
Memory status after this epoch: 
Memory allocated:  33.81396484375
Memory cached:  68.0
	 epoch  60 training error:  tensor(0.6854, device='cuda:0', grad_fn=<DivBackward0>)
Memory status after this epoch: 
Memory allocated:  33.81396484375
Memory cached:  68.0
	 epoch  70 training error:  tensor(0.7192, device='cuda:0', grad_fn=<DivBackward0>)
Memory status after this epoch: 
Memory allocated:  33.81396484375
Memory cached:  70.0
	 epoch  80 training error:  tensor(0.6036, device='cuda:0', grad_fn=<DivBackward0>)
Memory status after this epoch: 
Memory allocated:  33.81396484375
Memory cached:  68.0
	 epoch  90 training error:  tensor(0.5859, device='cuda:0', grad_fn=<DivBackward0>)
Memory status after this epoch: 
Memory allocated:  33.81396484375
Memory cached:  68.0
[I 2023-12-07 04:15:33,894] Trial 95 finished with value: 0.513207733631134 and parameters: {'W_layers': 4, 'W_layer_units_exponent_0': 7, 'W_layer_units_exponent_1': 8, 'W_layer_units_exponent_2': 6, 'W_layer_units_exponent_3': 4, 'D_layers': 7, 'D_layer_units_exponent_0': 6, 'D_layer_units_exponent_1': 10, 'D_layer_units_exponent_2': 6, 'D_layer_units_exponent_3': 5, 'D_layer_units_exponent_4': 10, 'D_layer_units_exponent_5': 9, 'D_layer_units_exponent_6': 5, 'D_dagger_layers': 6, 'D_dagger_layer_units_exponent_0': 7, 'D_dagger_layer_units_exponent_1': 5, 'D_dagger_layer_units_exponent_2': 5, 'D_dagger_layer_units_exponent_3': 5, 'D_dagger_layer_units_exponent_4': 9, 'D_dagger_layer_units_exponent_5': 8, 'log_learning_rate': -2.03324872996855, 'log_learning_rate_D': -4.594879823280574, 'log_learning_rate_D_dagger': -2.7448629342551367, 'training_batch_size': 7, 'training_p': 2}. Best is trial 78 with value: 0.5054259300231934.
Time for this trial:  18.08466100692749
Memory status after this trial: 
Memory allocated:  106.11572265625
Memory cached:  118.0
--------------------  Trial  96   --------------------
Start timing: 
Parameters: 
{'W_layers': 4, 'W_layer_units_exponent_0': 7, 'W_layer_units_exponent_1': 7, 'W_layer_units_exponent_2': 5, 'W_layer_units_exponent_3': 5, 'D_layers': 6, 'D_layer_units_exponent_0': 6, 'D_layer_units_exponent_1': 7, 'D_layer_units_exponent_2': 7, 'D_layer_units_exponent_3': 4, 'D_layer_units_exponent_4': 9, 'D_layer_units_exponent_5': 6, 'D_dagger_layers': 6, 'D_dagger_layer_units_exponent_0': 7, 'D_dagger_layer_units_exponent_1': 4, 'D_dagger_layer_units_exponent_2': 6, 'D_dagger_layer_units_exponent_3': 5, 'D_dagger_layer_units_exponent_4': 10, 'D_dagger_layer_units_exponent_5': 7, 'log_learning_rate': -2.168812170047507, 'log_learning_rate_D': -4.034426025414983, 'log_learning_rate_D_dagger': -2.6419139285010314, 'training_batch_size': 6, 'training_p': 2}
	 epoch  0 training error:  tensor(1.1923, device='cuda:0', grad_fn=<DivBackward0>)
Memory status after this epoch: 
Memory allocated:  31.1435546875
Memory cached:  50.0
	 epoch  10 training error:  tensor(0.8418, device='cuda:0', grad_fn=<DivBackward0>)
Memory status after this epoch: 
Memory allocated:  31.1435546875
Memory cached:  48.0
	 epoch  20 training error:  tensor(0.7282, device='cuda:0', grad_fn=<DivBackward0>)
Memory status after this epoch: 
Memory allocated:  31.1435546875
Memory cached:  48.0
	 epoch  30 training error:  tensor(0.7078, device='cuda:0', grad_fn=<DivBackward0>)
Memory status after this epoch: 
Memory allocated:  31.1435546875
Memory cached:  48.0
	 epoch  40 training error:  tensor(0.8235, device='cuda:0', grad_fn=<DivBackward0>)
Memory status after this epoch: 
Memory allocated:  31.1435546875
Memory cached:  48.0
	 epoch  50 training error:  tensor(0.6770, device='cuda:0', grad_fn=<DivBackward0>)
Memory status after this epoch: 
Memory allocated:  31.1435546875
Memory cached:  48.0
	 epoch  60 training error:  tensor(0.5983, device='cuda:0', grad_fn=<DivBackward0>)
Memory status after this epoch: 
Memory allocated:  31.1435546875
Memory cached:  48.0
	 epoch  70 training error:  tensor(0.6439, device='cuda:0', grad_fn=<DivBackward0>)
Memory status after this epoch: 
Memory allocated:  31.1435546875
Memory cached:  48.0
	 epoch  80 training error:  tensor(0.5836, device='cuda:0', grad_fn=<DivBackward0>)
Memory status after this epoch: 
Memory allocated:  31.1435546875
Memory cached:  48.0
	 epoch  90 training error:  tensor(0.5889, device='cuda:0', grad_fn=<DivBackward0>)
Memory status after this epoch: 
Memory allocated:  31.1435546875
Memory cached:  48.0
[I 2023-12-07 04:15:55,227] Trial 96 finished with value: 0.5126084685325623 and parameters: {'W_layers': 4, 'W_layer_units_exponent_0': 7, 'W_layer_units_exponent_1': 7, 'W_layer_units_exponent_2': 5, 'W_layer_units_exponent_3': 5, 'D_layers': 6, 'D_layer_units_exponent_0': 6, 'D_layer_units_exponent_1': 7, 'D_layer_units_exponent_2': 7, 'D_layer_units_exponent_3': 4, 'D_layer_units_exponent_4': 9, 'D_layer_units_exponent_5': 6, 'D_dagger_layers': 6, 'D_dagger_layer_units_exponent_0': 7, 'D_dagger_layer_units_exponent_1': 4, 'D_dagger_layer_units_exponent_2': 6, 'D_dagger_layer_units_exponent_3': 5, 'D_dagger_layer_units_exponent_4': 10, 'D_dagger_layer_units_exponent_5': 7, 'log_learning_rate': -2.168812170047507, 'log_learning_rate_D': -4.034426025414983, 'log_learning_rate_D_dagger': -2.6419139285010314, 'training_batch_size': 6, 'training_p': 2}. Best is trial 78 with value: 0.5054259300231934.
Time for this trial:  21.12029457092285
Memory status after this trial: 
Memory allocated:  119.65087890625
Memory cached:  150.0
--------------------  Trial  97   --------------------
Start timing: 
Parameters: 
{'W_layers': 4, 'W_layer_units_exponent_0': 7, 'W_layer_units_exponent_1': 7, 'W_layer_units_exponent_2': 7, 'W_layer_units_exponent_3': 4, 'D_layers': 6, 'D_layer_units_exponent_0': 5, 'D_layer_units_exponent_1': 10, 'D_layer_units_exponent_2': 6, 'D_layer_units_exponent_3': 4, 'D_layer_units_exponent_4': 10, 'D_layer_units_exponent_5': 10, 'D_dagger_layers': 6, 'D_dagger_layer_units_exponent_0': 7, 'D_dagger_layer_units_exponent_1': 7, 'D_dagger_layer_units_exponent_2': 6, 'D_dagger_layer_units_exponent_3': 5, 'D_dagger_layer_units_exponent_4': 9, 'D_dagger_layer_units_exponent_5': 7, 'log_learning_rate': -1.774705595778577, 'log_learning_rate_D': -4.220510413345551, 'log_learning_rate_D_dagger': -2.5216510023885936, 'training_batch_size': 7, 'training_p': 3}
	 epoch  0 training error:  tensor(0.9806, device='cuda:0', grad_fn=<DivBackward0>)
Memory status after this epoch: 
Memory allocated:  34.63720703125
Memory cached:  68.0
	 epoch  10 training error:  tensor(0.9424, device='cuda:0', grad_fn=<DivBackward0>)
Memory status after this epoch: 
Memory allocated:  34.63720703125
Memory cached:  68.0
	 epoch  20 training error:  tensor(0.8337, device='cuda:0', grad_fn=<DivBackward0>)
Memory status after this epoch: 
Memory allocated:  34.63720703125
Memory cached:  68.0
	 epoch  30 training error:  tensor(0.7776, device='cuda:0', grad_fn=<DivBackward0>)
Memory status after this epoch: 
Memory allocated:  34.63720703125
Memory cached:  68.0
	 epoch  40 training error:  tensor(0.7639, device='cuda:0', grad_fn=<DivBackward0>)
Memory status after this epoch: 
Memory allocated:  34.63720703125
Memory cached:  68.0
	 epoch  50 training error:  tensor(0.7409, device='cuda:0', grad_fn=<DivBackward0>)
Memory status after this epoch: 
Memory allocated:  34.63720703125
Memory cached:  68.0
	 epoch  60 training error:  tensor(0.7153, device='cuda:0', grad_fn=<DivBackward0>)
Memory status after this epoch: 
Memory allocated:  34.63720703125
Memory cached:  68.0
	 epoch  70 training error:  tensor(0.8306, device='cuda:0', grad_fn=<DivBackward0>)
Memory status after this epoch: 
Memory allocated:  34.63720703125
Memory cached:  68.0
	 epoch  80 training error:  tensor(0.7000, device='cuda:0', grad_fn=<DivBackward0>)
Memory status after this epoch: 
Memory allocated:  34.63720703125
Memory cached:  68.0
	 epoch  90 training error:  tensor(0.6426, device='cuda:0', grad_fn=<DivBackward0>)
Memory status after this epoch: 
Memory allocated:  34.63720703125
Memory cached:  68.0
[I 2023-12-07 04:16:13,474] Trial 97 finished with value: 0.5402464866638184 and parameters: {'W_layers': 4, 'W_layer_units_exponent_0': 7, 'W_layer_units_exponent_1': 7, 'W_layer_units_exponent_2': 7, 'W_layer_units_exponent_3': 4, 'D_layers': 6, 'D_layer_units_exponent_0': 5, 'D_layer_units_exponent_1': 10, 'D_layer_units_exponent_2': 6, 'D_layer_units_exponent_3': 4, 'D_layer_units_exponent_4': 10, 'D_layer_units_exponent_5': 10, 'D_dagger_layers': 6, 'D_dagger_layer_units_exponent_0': 7, 'D_dagger_layer_units_exponent_1': 7, 'D_dagger_layer_units_exponent_2': 6, 'D_dagger_layer_units_exponent_3': 5, 'D_dagger_layer_units_exponent_4': 9, 'D_dagger_layer_units_exponent_5': 7, 'log_learning_rate': -1.774705595778577, 'log_learning_rate_D': -4.220510413345551, 'log_learning_rate_D_dagger': -2.5216510023885936, 'training_batch_size': 7, 'training_p': 3}. Best is trial 78 with value: 0.5054259300231934.
Time for this trial:  18.019606828689575
Memory status after this trial: 
Memory allocated:  102.69482421875
Memory cached:  122.0
--------------------  Trial  98   --------------------
Start timing: 
Parameters: 
{'W_layers': 3, 'W_layer_units_exponent_0': 7, 'W_layer_units_exponent_1': 8, 'W_layer_units_exponent_2': 5, 'D_layers': 4, 'D_layer_units_exponent_0': 6, 'D_layer_units_exponent_1': 10, 'D_layer_units_exponent_2': 6, 'D_layer_units_exponent_3': 5, 'D_dagger_layers': 5, 'D_dagger_layer_units_exponent_0': 7, 'D_dagger_layer_units_exponent_1': 4, 'D_dagger_layer_units_exponent_2': 5, 'D_dagger_layer_units_exponent_3': 4, 'D_dagger_layer_units_exponent_4': 8, 'log_learning_rate': -2.5813654375903345, 'log_learning_rate_D': -3.870500333366745, 'log_learning_rate_D_dagger': -2.7869855186339376, 'training_batch_size': 8, 'training_p': 2}
	 epoch  0 training error:  tensor(0.9508, device='cuda:0', grad_fn=<DivBackward0>)
Memory status after this epoch: 
Memory allocated:  29.2353515625
Memory cached:  50.0
	 epoch  10 training error:  tensor(0.9818, device='cuda:0', grad_fn=<DivBackward0>)
Memory status after this epoch: 
Memory allocated:  29.2353515625
Memory cached:  50.0
	 epoch  20 training error:  tensor(0.8169, device='cuda:0', grad_fn=<DivBackward0>)
Memory status after this epoch: 
Memory allocated:  29.2353515625
Memory cached:  50.0
	 epoch  30 training error:  tensor(0.7554, device='cuda:0', grad_fn=<DivBackward0>)
Memory status after this epoch: 
Memory allocated:  29.2353515625
Memory cached:  50.0
	 epoch  40 training error:  tensor(0.7331, device='cuda:0', grad_fn=<DivBackward0>)
Memory status after this epoch: 
Memory allocated:  29.2353515625
Memory cached:  50.0
	 epoch  50 training error:  tensor(0.7182, device='cuda:0', grad_fn=<DivBackward0>)
Memory status after this epoch: 
Memory allocated:  29.2353515625
Memory cached:  50.0
	 epoch  60 training error:  tensor(0.6862, device='cuda:0', grad_fn=<DivBackward0>)
Memory status after this epoch: 
Memory allocated:  29.2353515625
Memory cached:  50.0
	 epoch  70 training error:  tensor(0.6443, device='cuda:0', grad_fn=<DivBackward0>)
Memory status after this epoch: 
Memory allocated:  29.2353515625
Memory cached:  50.0
	 epoch  80 training error:  tensor(0.5714, device='cuda:0', grad_fn=<DivBackward0>)
Memory status after this epoch: 
Memory allocated:  29.2353515625
Memory cached:  50.0
	 epoch  90 training error:  tensor(0.5688, device='cuda:0', grad_fn=<DivBackward0>)
Memory status after this epoch: 
Memory allocated:  29.2353515625
Memory cached:  50.0
[I 2023-12-07 04:16:30,993] Trial 98 finished with value: 0.5138999223709106 and parameters: {'W_layers': 3, 'W_layer_units_exponent_0': 7, 'W_layer_units_exponent_1': 8, 'W_layer_units_exponent_2': 5, 'D_layers': 4, 'D_layer_units_exponent_0': 6, 'D_layer_units_exponent_1': 10, 'D_layer_units_exponent_2': 6, 'D_layer_units_exponent_3': 5, 'D_dagger_layers': 5, 'D_dagger_layer_units_exponent_0': 7, 'D_dagger_layer_units_exponent_1': 4, 'D_dagger_layer_units_exponent_2': 5, 'D_dagger_layer_units_exponent_3': 4, 'D_dagger_layer_units_exponent_4': 8, 'log_learning_rate': -2.5813654375903345, 'log_learning_rate_D': -3.870500333366745, 'log_learning_rate_D_dagger': -2.7869855186339376, 'training_batch_size': 8, 'training_p': 2}. Best is trial 78 with value: 0.5054259300231934.
Time for this trial:  17.298026084899902
Memory status after this trial: 
Memory allocated:  72.76318359375
Memory cached:  94.0
--------------------  Trial  99   --------------------
Start timing: 
Parameters: 
{'W_layers': 4, 'W_layer_units_exponent_0': 6, 'W_layer_units_exponent_1': 7, 'W_layer_units_exponent_2': 6, 'W_layer_units_exponent_3': 6, 'D_layers': 5, 'D_layer_units_exponent_0': 7, 'D_layer_units_exponent_1': 10, 'D_layer_units_exponent_2': 7, 'D_layer_units_exponent_3': 5, 'D_layer_units_exponent_4': 10, 'D_dagger_layers': 7, 'D_dagger_layer_units_exponent_0': 8, 'D_dagger_layer_units_exponent_1': 5, 'D_dagger_layer_units_exponent_2': 5, 'D_dagger_layer_units_exponent_3': 4, 'D_dagger_layer_units_exponent_4': 9, 'D_dagger_layer_units_exponent_5': 8, 'D_dagger_layer_units_exponent_6': 6, 'log_learning_rate': -1.9662991337597893, 'log_learning_rate_D': -3.7865284313388208, 'log_learning_rate_D_dagger': -2.391019995494269, 'training_batch_size': 6, 'training_p': 2}
	 epoch  0 training error:  tensor(1.4414, device='cuda:0', grad_fn=<DivBackward0>)
Memory status after this epoch: 
Memory allocated:  31.96435546875
Memory cached:  50.0
	 epoch  10 training error:  tensor(0.8286, device='cuda:0', grad_fn=<DivBackward0>)
Memory status after this epoch: 
Memory allocated:  31.96435546875
Memory cached:  50.0
	 epoch  20 training error:  tensor(0.7192, device='cuda:0', grad_fn=<DivBackward0>)
Memory status after this epoch: 
Memory allocated:  31.96435546875
Memory cached:  50.0
	 epoch  30 training error:  tensor(0.5848, device='cuda:0', grad_fn=<DivBackward0>)
Memory status after this epoch: 
Memory allocated:  31.96435546875
Memory cached:  50.0
	 epoch  40 training error:  tensor(0.5993, device='cuda:0', grad_fn=<DivBackward0>)
Memory status after this epoch: 
Memory allocated:  31.96435546875
Memory cached:  50.0
	 epoch  50 training error:  tensor(0.5704, device='cuda:0', grad_fn=<DivBackward0>)
Memory status after this epoch: 
Memory allocated:  31.96435546875
Memory cached:  50.0
	 epoch  60 training error:  tensor(0.5938, device='cuda:0', grad_fn=<DivBackward0>)
Memory status after this epoch: 
Memory allocated:  31.96435546875
Memory cached:  50.0
	 epoch  70 training error:  tensor(0.5720, device='cuda:0', grad_fn=<DivBackward0>)
Memory status after this epoch: 
Memory allocated:  31.96435546875
Memory cached:  50.0
	 epoch  80 training error:  tensor(0.5672, device='cuda:0', grad_fn=<DivBackward0>)
Memory status after this epoch: 
Memory allocated:  31.96435546875
Memory cached:  50.0
	 epoch  90 training error:  tensor(0.5695, device='cuda:0', grad_fn=<DivBackward0>)
Memory status after this epoch: 
Memory allocated:  31.96435546875
Memory cached:  50.0
