[I 2024-01-01 12:12:47,809] Trial 225 finished with value: 0.20595195889472961 and parameters: {'W_layers': 5, 'W_layer_units_exponent_0': 8, 'W_layer_units_exponent_1': 10, 'W_layer_units_exponent_2': 6, 'W_layer_units_exponent_3': 6, 'W_layer_units_exponent_4': 5, 'D_layers': 5, 'D_layer_units_exponent_0': 7, 'D_layer_units_exponent_1': 9, 'D_layer_units_exponent_2': 8, 'D_layer_units_exponent_3': 8, 'D_layer_units_exponent_4': 6, 'D_dagger_layers': 3, 'D_dagger_layer_units_exponent_0': 10, 'D_dagger_layer_units_exponent_1': 4, 'D_dagger_layer_units_exponent_2': 5, 'log_learning_rate': -2.8661167956153157, 'log_learning_rate_D': -4.135279842670216, 'log_learning_rate_D_dagger': -2.3696855281123264, 'training_batch_size': 6, 'training_p': 7}. Best is trial 220 with value: 0.11745021492242813.
Time for this trial:  322.11962246894836
Memory status after this trial: 
Memory allocated:  405.08203125
Memory cached:  412.0
--------------------  Trial  226   --------------------
Start timing: 
Parameters: 
{'W_layers': 5, 'W_layer_units_exponent_0': 8, 'W_layer_units_exponent_1': 10, 'W_layer_units_exponent_2': 6, 'W_layer_units_exponent_3': 6, 'W_layer_units_exponent_4': 5, 'D_layers': 5, 'D_layer_units_exponent_0': 7, 'D_layer_units_exponent_1': 9, 'D_layer_units_exponent_2': 10, 'D_layer_units_exponent_3': 8, 'D_layer_units_exponent_4': 5, 'D_dagger_layers': 3, 'D_dagger_layer_units_exponent_0': 9, 'D_dagger_layer_units_exponent_1': 7, 'D_dagger_layer_units_exponent_2': 5, 'log_learning_rate': -2.608989359741588, 'log_learning_rate_D': -3.745950009246578, 'log_learning_rate_D_dagger': -2.6186294460314077, 'training_batch_size': 6, 'training_p': 7}
	 epoch  0 training error:  tensor(1.0712, device='cuda:0', grad_fn=<DivBackward0>)
Memory status after this epoch: 
Memory allocated:  221.64111328125
Memory cached:  404.0
	 epoch  10 training error:  tensor(0.6526, device='cuda:0', grad_fn=<DivBackward0>)
Memory status after this epoch: 
Memory allocated:  221.64111328125
Memory cached:  416.0
	 epoch  20 training error:  tensor(0.5412, device='cuda:0', grad_fn=<DivBackward0>)
Memory status after this epoch: 
Memory allocated:  221.64111328125
Memory cached:  416.0
	 epoch  30 training error:  tensor(0.5165, device='cuda:0', grad_fn=<DivBackward0>)
Memory status after this epoch: 
Memory allocated:  221.64111328125
Memory cached:  416.0
	 epoch  40 training error:  tensor(0.4692, device='cuda:0', grad_fn=<DivBackward0>)
Memory status after this epoch: 
Memory allocated:  221.64111328125
Memory cached:  414.0
	 epoch  50 training error:  tensor(0.3600, device='cuda:0', grad_fn=<DivBackward0>)
Memory status after this epoch: 
Memory allocated:  221.64111328125
Memory cached:  416.0
	 epoch  60 training error:  tensor(0.3244, device='cuda:0', grad_fn=<DivBackward0>)
Memory status after this epoch: 
Memory allocated:  221.64111328125
Memory cached:  408.0
	 epoch  70 training error:  tensor(0.2886, device='cuda:0', grad_fn=<DivBackward0>)
Memory status after this epoch: 
Memory allocated:  221.64111328125
Memory cached:  408.0
	 epoch  80 training error:  tensor(0.2979, device='cuda:0', grad_fn=<DivBackward0>)
Memory status after this epoch: 
Memory allocated:  221.64111328125
Memory cached:  418.0
	 epoch  90 training error:  tensor(0.2518, device='cuda:0', grad_fn=<DivBackward0>)
Memory status after this epoch: 
Memory allocated:  221.64111328125
Memory cached:  414.0
[I 2024-01-01 12:18:11,688] Trial 226 finished with value: 0.1467205286026001 and parameters: {'W_layers': 5, 'W_layer_units_exponent_0': 8, 'W_layer_units_exponent_1': 10, 'W_layer_units_exponent_2': 6, 'W_layer_units_exponent_3': 6, 'W_layer_units_exponent_4': 5, 'D_layers': 5, 'D_layer_units_exponent_0': 7, 'D_layer_units_exponent_1': 9, 'D_layer_units_exponent_2': 10, 'D_layer_units_exponent_3': 8, 'D_layer_units_exponent_4': 5, 'D_dagger_layers': 3, 'D_dagger_layer_units_exponent_0': 9, 'D_dagger_layer_units_exponent_1': 7, 'D_dagger_layer_units_exponent_2': 5, 'log_learning_rate': -2.608989359741588, 'log_learning_rate_D': -3.745950009246578, 'log_learning_rate_D_dagger': -2.6186294460314077, 'training_batch_size': 6, 'training_p': 7}. Best is trial 220 with value: 0.11745021492242813.
Time for this trial:  323.4352867603302
Memory status after this trial: 
Memory allocated:  427.5380859375
Memory cached:  450.0
--------------------  Trial  227   --------------------
Start timing: 
Parameters: 
{'W_layers': 5, 'W_layer_units_exponent_0': 8, 'W_layer_units_exponent_1': 10, 'W_layer_units_exponent_2': 6, 'W_layer_units_exponent_3': 6, 'W_layer_units_exponent_4': 5, 'D_layers': 6, 'D_layer_units_exponent_0': 7, 'D_layer_units_exponent_1': 9, 'D_layer_units_exponent_2': 10, 'D_layer_units_exponent_3': 8, 'D_layer_units_exponent_4': 5, 'D_layer_units_exponent_5': 5, 'D_dagger_layers': 3, 'D_dagger_layer_units_exponent_0': 9, 'D_dagger_layer_units_exponent_1': 7, 'D_dagger_layer_units_exponent_2': 5, 'log_learning_rate': -2.6203622032199014, 'log_learning_rate_D': -3.704703961313148, 'log_learning_rate_D_dagger': -2.479465676576251, 'training_batch_size': 6, 'training_p': 7}
	 epoch  0 training error:  tensor(1.2142, device='cuda:0', grad_fn=<DivBackward0>)
Memory status after this epoch: 
Memory allocated:  221.65869140625
Memory cached:  406.0
	 epoch  10 training error:  tensor(0.5943, device='cuda:0', grad_fn=<DivBackward0>)
Memory status after this epoch: 
Memory allocated:  221.65869140625
Memory cached:  424.0
	 epoch  20 training error:  tensor(0.5436, device='cuda:0', grad_fn=<DivBackward0>)
Memory status after this epoch: 
Memory allocated:  221.65869140625
Memory cached:  418.0
	 epoch  30 training error:  tensor(0.5317, device='cuda:0', grad_fn=<DivBackward0>)
Memory status after this epoch: 
Memory allocated:  221.65869140625
Memory cached:  436.0
	 epoch  40 training error:  tensor(0.3873, device='cuda:0', grad_fn=<DivBackward0>)
Memory status after this epoch: 
Memory allocated:  221.65869140625
Memory cached:  426.0
	 epoch  50 training error:  tensor(0.3670, device='cuda:0', grad_fn=<DivBackward0>)
Memory status after this epoch: 
Memory allocated:  221.65869140625
Memory cached:  420.0
	 epoch  60 training error:  tensor(0.3314, device='cuda:0', grad_fn=<DivBackward0>)
Memory status after this epoch: 
Memory allocated:  221.65869140625
Memory cached:  432.0
	 epoch  70 training error:  tensor(0.2885, device='cuda:0', grad_fn=<DivBackward0>)
Memory status after this epoch: 
Memory allocated:  221.65869140625
Memory cached:  414.0
	 epoch  80 training error:  tensor(0.2724, device='cuda:0', grad_fn=<DivBackward0>)
Memory status after this epoch: 
Memory allocated:  221.65869140625
Memory cached:  408.0
	 epoch  90 training error:  tensor(0.2781, device='cuda:0', grad_fn=<DivBackward0>)
Memory status after this epoch: 
Memory allocated:  221.65869140625
Memory cached:  430.0
[I 2024-01-01 12:23:52,318] Trial 227 finished with value: 0.13185809552669525 and parameters: {'W_layers': 5, 'W_layer_units_exponent_0': 8, 'W_layer_units_exponent_1': 10, 'W_layer_units_exponent_2': 6, 'W_layer_units_exponent_3': 6, 'W_layer_units_exponent_4': 5, 'D_layers': 6, 'D_layer_units_exponent_0': 7, 'D_layer_units_exponent_1': 9, 'D_layer_units_exponent_2': 10, 'D_layer_units_exponent_3': 8, 'D_layer_units_exponent_4': 5, 'D_layer_units_exponent_5': 5, 'D_dagger_layers': 3, 'D_dagger_layer_units_exponent_0': 9, 'D_dagger_layer_units_exponent_1': 7, 'D_dagger_layer_units_exponent_2': 5, 'log_learning_rate': -2.6203622032199014, 'log_learning_rate_D': -3.704703961313148, 'log_learning_rate_D_dagger': -2.479465676576251, 'training_batch_size': 6, 'training_p': 7}. Best is trial 220 with value: 0.11745021492242813.
Time for this trial:  340.0635130405426
Memory status after this trial: 
Memory allocated:  429.23876953125
Memory cached:  452.0
--------------------  Trial  228   --------------------
Start timing: 
Parameters: 
{'W_layers': 5, 'W_layer_units_exponent_0': 8, 'W_layer_units_exponent_1': 10, 'W_layer_units_exponent_2': 6, 'W_layer_units_exponent_3': 6, 'W_layer_units_exponent_4': 5, 'D_layers': 5, 'D_layer_units_exponent_0': 7, 'D_layer_units_exponent_1': 9, 'D_layer_units_exponent_2': 10, 'D_layer_units_exponent_3': 8, 'D_layer_units_exponent_4': 5, 'D_dagger_layers': 3, 'D_dagger_layer_units_exponent_0': 9, 'D_dagger_layer_units_exponent_1': 7, 'D_dagger_layer_units_exponent_2': 5, 'log_learning_rate': -2.599850644853792, 'log_learning_rate_D': -3.5660240112306307, 'log_learning_rate_D_dagger': -2.6232760734194103, 'training_batch_size': 6, 'training_p': 7}
	 epoch  0 training error:  tensor(1.1107, device='cuda:0', grad_fn=<DivBackward0>)
Memory status after this epoch: 
Memory allocated:  221.64111328125
Memory cached:  404.0
	 epoch  10 training error:  tensor(0.5360, device='cuda:0', grad_fn=<DivBackward0>)
Memory status after this epoch: 
Memory allocated:  221.64111328125
Memory cached:  414.0
	 epoch  20 training error:  tensor(0.5309, device='cuda:0', grad_fn=<DivBackward0>)
Memory status after this epoch: 
Memory allocated:  221.64111328125
Memory cached:  414.0
	 epoch  30 training error:  tensor(0.5287, device='cuda:0', grad_fn=<DivBackward0>)
Memory status after this epoch: 
Memory allocated:  221.64111328125
Memory cached:  414.0
	 epoch  40 training error:  tensor(0.5042, device='cuda:0', grad_fn=<DivBackward0>)
Memory status after this epoch: 
Memory allocated:  221.64111328125
Memory cached:  412.0
	 epoch  50 training error:  tensor(0.4149, device='cuda:0', grad_fn=<DivBackward0>)
Memory status after this epoch: 
Memory allocated:  221.64111328125
Memory cached:  408.0
	 epoch  60 training error:  tensor(0.3369, device='cuda:0', grad_fn=<DivBackward0>)
Memory status after this epoch: 
Memory allocated:  221.64111328125
Memory cached:  418.0
	 epoch  70 training error:  tensor(0.3062, device='cuda:0', grad_fn=<DivBackward0>)
Memory status after this epoch: 
Memory allocated:  221.64111328125
Memory cached:  408.0
	 epoch  80 training error:  tensor(0.2590, device='cuda:0', grad_fn=<DivBackward0>)
Memory status after this epoch: 
Memory allocated:  221.64111328125
Memory cached:  408.0
	 epoch  90 training error:  tensor(0.2558, device='cuda:0', grad_fn=<DivBackward0>)
Memory status after this epoch: 
Memory allocated:  221.64111328125
Memory cached:  410.0
[I 2024-01-01 12:29:15,892] Trial 228 finished with value: 0.16813157498836517 and parameters: {'W_layers': 5, 'W_layer_units_exponent_0': 8, 'W_layer_units_exponent_1': 10, 'W_layer_units_exponent_2': 6, 'W_layer_units_exponent_3': 6, 'W_layer_units_exponent_4': 5, 'D_layers': 5, 'D_layer_units_exponent_0': 7, 'D_layer_units_exponent_1': 9, 'D_layer_units_exponent_2': 10, 'D_layer_units_exponent_3': 8, 'D_layer_units_exponent_4': 5, 'D_dagger_layers': 3, 'D_dagger_layer_units_exponent_0': 9, 'D_dagger_layer_units_exponent_1': 7, 'D_dagger_layer_units_exponent_2': 5, 'log_learning_rate': -2.599850644853792, 'log_learning_rate_D': -3.5660240112306307, 'log_learning_rate_D_dagger': -2.6232760734194103, 'training_batch_size': 6, 'training_p': 7}. Best is trial 220 with value: 0.11745021492242813.
Time for this trial:  323.1496374607086
Memory status after this trial: 
Memory allocated:  427.5380859375
Memory cached:  450.0
--------------------  Trial  229   --------------------
Start timing: 
Parameters: 
{'W_layers': 5, 'W_layer_units_exponent_0': 8, 'W_layer_units_exponent_1': 10, 'W_layer_units_exponent_2': 8, 'W_layer_units_exponent_3': 6, 'W_layer_units_exponent_4': 5, 'D_layers': 5, 'D_layer_units_exponent_0': 7, 'D_layer_units_exponent_1': 9, 'D_layer_units_exponent_2': 10, 'D_layer_units_exponent_3': 8, 'D_layer_units_exponent_4': 5, 'D_dagger_layers': 3, 'D_dagger_layer_units_exponent_0': 9, 'D_dagger_layer_units_exponent_1': 7, 'D_dagger_layer_units_exponent_2': 5, 'log_learning_rate': -2.5492766152996724, 'log_learning_rate_D': -3.6923467469732842, 'log_learning_rate_D_dagger': -2.452934033479365, 'training_batch_size': 6, 'training_p': 7}
	 epoch  0 training error:  tensor(1.5134, device='cuda:0', grad_fn=<DivBackward0>)
Memory status after this epoch: 
Memory allocated:  224.83056640625
Memory cached:  412.0
	 epoch  10 training error:  tensor(0.5440, device='cuda:0', grad_fn=<DivBackward0>)
Memory status after this epoch: 
Memory allocated:  224.83056640625
Memory cached:  428.0
	 epoch  20 training error:  tensor(0.5281, device='cuda:0', grad_fn=<DivBackward0>)
Memory status after this epoch: 
Memory allocated:  224.83056640625
Memory cached:  430.0
	 epoch  30 training error:  tensor(0.5081, device='cuda:0', grad_fn=<DivBackward0>)
Memory status after this epoch: 
Memory allocated:  224.83056640625
Memory cached:  428.0
	 epoch  40 training error:  tensor(0.4020, device='cuda:0', grad_fn=<DivBackward0>)
Memory status after this epoch: 
Memory allocated:  224.83056640625
Memory cached:  422.0
	 epoch  50 training error:  tensor(0.3338, device='cuda:0', grad_fn=<DivBackward0>)
Memory status after this epoch: 
Memory allocated:  224.83056640625
Memory cached:  428.0
	 epoch  60 training error:  tensor(0.2691, device='cuda:0', grad_fn=<DivBackward0>)
Memory status after this epoch: 
Memory allocated:  224.83056640625
Memory cached:  422.0
	 epoch  70 training error:  tensor(0.2512, device='cuda:0', grad_fn=<DivBackward0>)
Memory status after this epoch: 
Memory allocated:  224.83056640625
Memory cached:  424.0
	 epoch  80 training error:  tensor(0.2601, device='cuda:0', grad_fn=<DivBackward0>)
Memory status after this epoch: 
Memory allocated:  224.83056640625
Memory cached:  440.0
	 epoch  90 training error:  tensor(0.2291, device='cuda:0', grad_fn=<DivBackward0>)
Memory status after this epoch: 
Memory allocated:  224.83056640625
Memory cached:  444.0
[I 2024-01-01 12:34:35,911] Trial 229 finished with value: 0.17747485637664795 and parameters: {'W_layers': 5, 'W_layer_units_exponent_0': 8, 'W_layer_units_exponent_1': 10, 'W_layer_units_exponent_2': 8, 'W_layer_units_exponent_3': 6, 'W_layer_units_exponent_4': 5, 'D_layers': 5, 'D_layer_units_exponent_0': 7, 'D_layer_units_exponent_1': 9, 'D_layer_units_exponent_2': 10, 'D_layer_units_exponent_3': 8, 'D_layer_units_exponent_4': 5, 'D_dagger_layers': 3, 'D_dagger_layer_units_exponent_0': 9, 'D_dagger_layer_units_exponent_1': 7, 'D_dagger_layer_units_exponent_2': 5, 'log_learning_rate': -2.5492766152996724, 'log_learning_rate_D': -3.6923467469732842, 'log_learning_rate_D_dagger': -2.452934033479365, 'training_batch_size': 6, 'training_p': 7}. Best is trial 220 with value: 0.11745021492242813.
Time for this trial:  319.5994999408722
Memory status after this trial: 
Memory allocated:  439.38671875
Memory cached:  464.0
--------------------  Trial  230   --------------------
Start timing: 
Parameters: 
{'W_layers': 5, 'W_layer_units_exponent_0': 8, 'W_layer_units_exponent_1': 10, 'W_layer_units_exponent_2': 6, 'W_layer_units_exponent_3': 6, 'W_layer_units_exponent_4': 5, 'D_layers': 5, 'D_layer_units_exponent_0': 7, 'D_layer_units_exponent_1': 9, 'D_layer_units_exponent_2': 10, 'D_layer_units_exponent_3': 8, 'D_layer_units_exponent_4': 4, 'D_dagger_layers': 3, 'D_dagger_layer_units_exponent_0': 9, 'D_dagger_layer_units_exponent_1': 7, 'D_dagger_layer_units_exponent_2': 5, 'log_learning_rate': -2.405786606694353, 'log_learning_rate_D': -3.7324009002638467, 'log_learning_rate_D_dagger': -2.5147223813090096, 'training_batch_size': 6, 'training_p': 7}
	 epoch  0 training error:  tensor(1.3489, device='cuda:0', grad_fn=<DivBackward0>)
Memory status after this epoch: 
Memory allocated:  221.57861328125
Memory cached:  406.0
	 epoch  10 training error:  tensor(0.5415, device='cuda:0', grad_fn=<DivBackward0>)
Memory status after this epoch: 
Memory allocated:  221.57861328125
Memory cached:  430.0
	 epoch  20 training error:  tensor(0.5458, device='cuda:0', grad_fn=<DivBackward0>)
Memory status after this epoch: 
Memory allocated:  221.57861328125
Memory cached:  428.0
	 epoch  30 training error:  tensor(0.5403, device='cuda:0', grad_fn=<DivBackward0>)
Memory status after this epoch: 
Memory allocated:  221.57861328125
Memory cached:  430.0
	 epoch  40 training error:  tensor(0.4186, device='cuda:0', grad_fn=<DivBackward0>)
Memory status after this epoch: 
Memory allocated:  221.57861328125
Memory cached:  412.0
	 epoch  50 training error:  tensor(0.3754, device='cuda:0', grad_fn=<DivBackward0>)
Memory status after this epoch: 
Memory allocated:  221.57861328125
Memory cached:  410.0
	 epoch  60 training error:  tensor(0.3137, device='cuda:0', grad_fn=<DivBackward0>)
Memory status after this epoch: 
Memory allocated:  221.57861328125
Memory cached:  410.0
	 epoch  70 training error:  tensor(0.3702, device='cuda:0', grad_fn=<DivBackward0>)
Memory status after this epoch: 
Memory allocated:  221.57861328125
Memory cached:  408.0
	 epoch  80 training error:  tensor(0.2762, device='cuda:0', grad_fn=<DivBackward0>)
Memory status after this epoch: 
Memory allocated:  221.57861328125
Memory cached:  408.0
	 epoch  90 training error:  tensor(0.2959, device='cuda:0', grad_fn=<DivBackward0>)
Memory status after this epoch: 
Memory allocated:  221.57861328125
Memory cached:  410.0
[I 2024-01-01 12:40:00,760] Trial 230 finished with value: 0.1401945948600769 and parameters: {'W_layers': 5, 'W_layer_units_exponent_0': 8, 'W_layer_units_exponent_1': 10, 'W_layer_units_exponent_2': 6, 'W_layer_units_exponent_3': 6, 'W_layer_units_exponent_4': 5, 'D_layers': 5, 'D_layer_units_exponent_0': 7, 'D_layer_units_exponent_1': 9, 'D_layer_units_exponent_2': 10, 'D_layer_units_exponent_3': 8, 'D_layer_units_exponent_4': 4, 'D_dagger_layers': 3, 'D_dagger_layer_units_exponent_0': 9, 'D_dagger_layer_units_exponent_1': 7, 'D_dagger_layer_units_exponent_2': 5, 'log_learning_rate': -2.405786606694353, 'log_learning_rate_D': -3.7324009002638467, 'log_learning_rate_D_dagger': -2.5147223813090096, 'training_batch_size': 6, 'training_p': 7}. Best is trial 220 with value: 0.11745021492242813.
Time for this trial:  324.38388991355896
Memory status after this trial: 
Memory allocated:  426.9267578125
Memory cached:  450.0
--------------------  Trial  231   --------------------
Start timing: 
Parameters: 
{'W_layers': 5, 'W_layer_units_exponent_0': 8, 'W_layer_units_exponent_1': 10, 'W_layer_units_exponent_2': 6, 'W_layer_units_exponent_3': 6, 'W_layer_units_exponent_4': 5, 'D_layers': 5, 'D_layer_units_exponent_0': 7, 'D_layer_units_exponent_1': 9, 'D_layer_units_exponent_2': 10, 'D_layer_units_exponent_3': 8, 'D_layer_units_exponent_4': 4, 'D_dagger_layers': 3, 'D_dagger_layer_units_exponent_0': 9, 'D_dagger_layer_units_exponent_1': 7, 'D_dagger_layer_units_exponent_2': 5, 'log_learning_rate': -2.424314937036656, 'log_learning_rate_D': -3.723244190005888, 'log_learning_rate_D_dagger': -2.531070837233403, 'training_batch_size': 6, 'training_p': 7}
	 epoch  0 training error:  tensor(1.3149, device='cuda:0', grad_fn=<DivBackward0>)
Memory status after this epoch: 
Memory allocated:  221.57861328125
Memory cached:  406.0
	 epoch  10 training error:  tensor(0.5529, device='cuda:0', grad_fn=<DivBackward0>)
Memory status after this epoch: 
Memory allocated:  221.57861328125
Memory cached:  426.0
	 epoch  20 training error:  tensor(0.5526, device='cuda:0', grad_fn=<DivBackward0>)
Memory status after this epoch: 
Memory allocated:  221.57861328125
Memory cached:  442.0
	 epoch  30 training error:  tensor(0.5144, device='cuda:0', grad_fn=<DivBackward0>)
Memory status after this epoch: 
Memory allocated:  221.57861328125
Memory cached:  414.0
	 epoch  40 training error:  tensor(0.3982, device='cuda:0', grad_fn=<DivBackward0>)
Memory status after this epoch: 
Memory allocated:  221.57861328125
Memory cached:  410.0
	 epoch  50 training error:  tensor(0.3417, device='cuda:0', grad_fn=<DivBackward0>)
Memory status after this epoch: 
Memory allocated:  221.57861328125
Memory cached:  408.0
	 epoch  60 training error:  tensor(0.3327, device='cuda:0', grad_fn=<DivBackward0>)
Memory status after this epoch: 
Memory allocated:  221.57861328125
Memory cached:  410.0
	 epoch  70 training error:  tensor(0.2880, device='cuda:0', grad_fn=<DivBackward0>)
Memory status after this epoch: 
Memory allocated:  221.57861328125
Memory cached:  424.0
	 epoch  80 training error:  tensor(0.2465, device='cuda:0', grad_fn=<DivBackward0>)
Memory status after this epoch: 
Memory allocated:  221.57861328125
Memory cached:  432.0
	 epoch  90 training error:  tensor(0.2629, device='cuda:0', grad_fn=<DivBackward0>)
Memory status after this epoch: 
Memory allocated:  221.57861328125
Memory cached:  424.0
