[I 2023-12-03 09:48:24,886] Trial 48 finished with value: 0.049672409892082214 and parameters: {'W_layers': 8, 'W_layer_units_exponent_0': 9, 'W_layer_units_exponent_1': 8, 'W_layer_units_exponent_2': 7, 'W_layer_units_exponent_3': 8, 'W_layer_units_exponent_4': 9, 'W_layer_units_exponent_5': 5, 'W_layer_units_exponent_6': 6, 'W_layer_units_exponent_7': 8, 'D_layers': 4, 'D_layer_units_exponent_0': 6, 'D_layer_units_exponent_1': 4, 'D_layer_units_exponent_2': 5, 'D_layer_units_exponent_3': 8, 'D_dagger_layers': 2, 'D_dagger_layer_units_exponent_0': 5, 'D_dagger_layer_units_exponent_1': 6, 'log_learning_rate': -3.2367972420729547, 'log_learning_rate_D': -4.674811641673367, 'log_learning_rate_D_dagger': -2.6952901884186247, 'training_batch_size': 9, 'training_p': 7}. Best is trial 12 with value: 0.04295838996767998.
Time for this trial:  180.29634356498718
Memory status after this trial: 
Memory allocated:  276.97412109375
Memory cached:  324.0
--------------------  Trial  49   --------------------
Start timing: 
Parameters: 
{'W_layers': 8, 'W_layer_units_exponent_0': 8, 'W_layer_units_exponent_1': 9, 'W_layer_units_exponent_2': 6, 'W_layer_units_exponent_3': 8, 'W_layer_units_exponent_4': 10, 'W_layer_units_exponent_5': 4, 'W_layer_units_exponent_6': 5, 'W_layer_units_exponent_7': 9, 'D_layers': 4, 'D_layer_units_exponent_0': 6, 'D_layer_units_exponent_1': 5, 'D_layer_units_exponent_2': 5, 'D_layer_units_exponent_3': 8, 'D_dagger_layers': 2, 'D_dagger_layer_units_exponent_0': 6, 'D_dagger_layer_units_exponent_1': 4, 'log_learning_rate': -2.7183662453067687, 'log_learning_rate_D': -3.9355773473435773, 'log_learning_rate_D_dagger': -1.993471434792262, 'training_batch_size': 9, 'training_p': 6}
	 epoch  0 training error:  tensor(0.7994, device='cuda:0', grad_fn=<DivBackward0>)
Memory status after this epoch: 
Memory allocated:  153.1845703125
Memory cached:  302.0
	 epoch  10 training error:  tensor(0.4610, device='cuda:0', grad_fn=<DivBackward0>)
Memory status after this epoch: 
Memory allocated:  153.1845703125
Memory cached:  358.0
	 epoch  20 training error:  tensor(0.2784, device='cuda:0', grad_fn=<DivBackward0>)
Memory status after this epoch: 
Memory allocated:  153.1845703125
Memory cached:  356.0
	 epoch  30 training error:  tensor(0.1083, device='cuda:0', grad_fn=<DivBackward0>)
Memory status after this epoch: 
Memory allocated:  153.1845703125
Memory cached:  360.0
	 epoch  40 training error:  tensor(0.0803, device='cuda:0', grad_fn=<DivBackward0>)
Memory status after this epoch: 
Memory allocated:  153.1845703125
Memory cached:  362.0
	 epoch  50 training error:  tensor(0.0814, device='cuda:0', grad_fn=<DivBackward0>)
Memory status after this epoch: 
Memory allocated:  153.1845703125
Memory cached:  354.0
	 epoch  60 training error:  tensor(0.0714, device='cuda:0', grad_fn=<DivBackward0>)
Memory status after this epoch: 
Memory allocated:  153.1845703125
Memory cached:  360.0
	 epoch  70 training error:  tensor(0.0672, device='cuda:0', grad_fn=<DivBackward0>)
Memory status after this epoch: 
Memory allocated:  153.1845703125
Memory cached:  364.0
	 epoch  80 training error:  tensor(0.0640, device='cuda:0', grad_fn=<DivBackward0>)
Memory status after this epoch: 
Memory allocated:  153.1845703125
Memory cached:  360.0
	 epoch  90 training error:  tensor(0.0600, device='cuda:0', grad_fn=<DivBackward0>)
Memory status after this epoch: 
Memory allocated:  153.1845703125
Memory cached:  360.0
[I 2023-12-03 09:51:29,949] Trial 49 finished with value: 0.045418694615364075 and parameters: {'W_layers': 8, 'W_layer_units_exponent_0': 8, 'W_layer_units_exponent_1': 9, 'W_layer_units_exponent_2': 6, 'W_layer_units_exponent_3': 8, 'W_layer_units_exponent_4': 10, 'W_layer_units_exponent_5': 4, 'W_layer_units_exponent_6': 5, 'W_layer_units_exponent_7': 9, 'D_layers': 4, 'D_layer_units_exponent_0': 6, 'D_layer_units_exponent_1': 5, 'D_layer_units_exponent_2': 5, 'D_layer_units_exponent_3': 8, 'D_dagger_layers': 2, 'D_dagger_layer_units_exponent_0': 6, 'D_dagger_layer_units_exponent_1': 4, 'log_learning_rate': -2.7183662453067687, 'log_learning_rate_D': -3.9355773473435773, 'log_learning_rate_D_dagger': -1.993471434792262, 'training_batch_size': 9, 'training_p': 6}. Best is trial 12 with value: 0.04295838996767998.
Time for this trial:  184.78439116477966
Memory status after this trial: 
Memory allocated:  311.43603515625
Memory cached:  334.0
