[I 2024-01-13 15:19:47,246] Trial 165 finished with value: 0.2901442050933838 and parameters: {'W_layers': 8, 'W_layer_units_exponent_0': 10, 'W_layer_units_exponent_1': 10, 'W_layer_units_exponent_2': 7, 'W_layer_units_exponent_3': 8, 'W_layer_units_exponent_4': 4, 'W_layer_units_exponent_5': 9, 'W_layer_units_exponent_6': 5, 'W_layer_units_exponent_7': 8, 'D_layers': 3, 'D_layer_units_exponent_0': 7, 'D_layer_units_exponent_1': 8, 'D_layer_units_exponent_2': 8, 'D_dagger_layers': 3, 'D_dagger_layer_units_exponent_0': 6, 'D_dagger_layer_units_exponent_1': 6, 'D_dagger_layer_units_exponent_2': 7, 'log_learning_rate': -4.401019113152592, 'log_learning_rate_D': -2.865174096619703, 'log_learning_rate_D_dagger': -3.369351395194382, 'training_batch_size': 11, 'training_p': 2}. Best is trial 127 with value: 0.28608080744743347.
Time for this trial:  20.90535831451416
Memory status after this trial: 
Memory allocated:  1029.46533203125
Memory cached:  1062.0
--------------------  Trial  166   --------------------
Start timing: 
Parameters: 
{'W_layers': 8, 'W_layer_units_exponent_0': 9, 'W_layer_units_exponent_1': 10, 'W_layer_units_exponent_2': 7, 'W_layer_units_exponent_3': 9, 'W_layer_units_exponent_4': 4, 'W_layer_units_exponent_5': 8, 'W_layer_units_exponent_6': 6, 'W_layer_units_exponent_7': 7, 'D_layers': 5, 'D_layer_units_exponent_0': 8, 'D_layer_units_exponent_1': 7, 'D_layer_units_exponent_2': 9, 'D_layer_units_exponent_3': 4, 'D_layer_units_exponent_4': 7, 'D_dagger_layers': 8, 'D_dagger_layer_units_exponent_0': 10, 'D_dagger_layer_units_exponent_1': 6, 'D_dagger_layer_units_exponent_2': 5, 'D_dagger_layer_units_exponent_3': 5, 'D_dagger_layer_units_exponent_4': 4, 'D_dagger_layer_units_exponent_5': 4, 'D_dagger_layer_units_exponent_6': 10, 'D_dagger_layer_units_exponent_7': 6, 'log_learning_rate': -4.514458607489024, 'log_learning_rate_D': -3.1912854066704357, 'log_learning_rate_D_dagger': -3.0760433078641634, 'training_batch_size': 11, 'training_p': 2}
	 epoch  0 training error:  tensor(0.9991, device='cuda:0', grad_fn=<DivBackward0>)
Memory status after this epoch: 
Memory allocated:  658.18310546875
Memory cached:  874.0
	 epoch  10 training error:  tensor(0.3899, device='cuda:0', grad_fn=<DivBackward0>)
Memory status after this epoch: 
Memory allocated:  658.18310546875
Memory cached:  874.0
	 epoch  20 training error:  tensor(0.3000, device='cuda:0', grad_fn=<DivBackward0>)
Memory status after this epoch: 
Memory allocated:  658.18310546875
Memory cached:  874.0
	 epoch  30 training error:  tensor(0.2963, device='cuda:0', grad_fn=<DivBackward0>)
Memory status after this epoch: 
Memory allocated:  658.18310546875
Memory cached:  874.0
	 epoch  40 training error:  tensor(0.2858, device='cuda:0', grad_fn=<DivBackward0>)
Memory status after this epoch: 
Memory allocated:  658.18310546875
Memory cached:  874.0
	 epoch  50 training error:  tensor(0.2904, device='cuda:0', grad_fn=<DivBackward0>)
Memory status after this epoch: 
Memory allocated:  658.18310546875
Memory cached:  874.0
	 epoch  60 training error:  tensor(0.2807, device='cuda:0', grad_fn=<DivBackward0>)
Memory status after this epoch: 
Memory allocated:  658.18310546875
Memory cached:  874.0
	 epoch  70 training error:  tensor(0.2902, device='cuda:0', grad_fn=<DivBackward0>)
Memory status after this epoch: 
Memory allocated:  658.18310546875
Memory cached:  874.0
	 epoch  80 training error:  tensor(0.2970, device='cuda:0', grad_fn=<DivBackward0>)
Memory status after this epoch: 
Memory allocated:  658.18310546875
Memory cached:  874.0
	 epoch  90 training error:  tensor(0.2838, device='cuda:0', grad_fn=<DivBackward0>)
Memory status after this epoch: 
Memory allocated:  658.18310546875
Memory cached:  874.0
[I 2024-01-13 15:20:11,397] Trial 166 finished with value: 0.2966019809246063 and parameters: {'W_layers': 8, 'W_layer_units_exponent_0': 9, 'W_layer_units_exponent_1': 10, 'W_layer_units_exponent_2': 7, 'W_layer_units_exponent_3': 9, 'W_layer_units_exponent_4': 4, 'W_layer_units_exponent_5': 8, 'W_layer_units_exponent_6': 6, 'W_layer_units_exponent_7': 7, 'D_layers': 5, 'D_layer_units_exponent_0': 8, 'D_layer_units_exponent_1': 7, 'D_layer_units_exponent_2': 9, 'D_layer_units_exponent_3': 4, 'D_layer_units_exponent_4': 7, 'D_dagger_layers': 8, 'D_dagger_layer_units_exponent_0': 10, 'D_dagger_layer_units_exponent_1': 6, 'D_dagger_layer_units_exponent_2': 5, 'D_dagger_layer_units_exponent_3': 5, 'D_dagger_layer_units_exponent_4': 4, 'D_dagger_layer_units_exponent_5': 4, 'D_dagger_layer_units_exponent_6': 10, 'D_dagger_layer_units_exponent_7': 6, 'log_learning_rate': -4.514458607489024, 'log_learning_rate_D': -3.1912854066704357, 'log_learning_rate_D_dagger': -3.0760433078641634, 'training_batch_size': 11, 'training_p': 2}. Best is trial 127 with value: 0.28608080744743347.
Time for this trial:  23.662404537200928
Memory status after this trial: 
Memory allocated:  1182.59619140625
Memory cached:  1218.0
--------------------  Trial  167   --------------------
Start timing: 
Parameters: 
{'W_layers': 8, 'W_layer_units_exponent_0': 10, 'W_layer_units_exponent_1': 10, 'W_layer_units_exponent_2': 8, 'W_layer_units_exponent_3': 8, 'W_layer_units_exponent_4': 5, 'W_layer_units_exponent_5': 9, 'W_layer_units_exponent_6': 5, 'W_layer_units_exponent_7': 6, 'D_layers': 3, 'D_layer_units_exponent_0': 6, 'D_layer_units_exponent_1': 5, 'D_layer_units_exponent_2': 8, 'D_dagger_layers': 5, 'D_dagger_layer_units_exponent_0': 4, 'D_dagger_layer_units_exponent_1': 8, 'D_dagger_layer_units_exponent_2': 4, 'D_dagger_layer_units_exponent_3': 6, 'D_dagger_layer_units_exponent_4': 4, 'log_learning_rate': -4.910390202727885, 'log_learning_rate_D': -3.4316204505361396, 'log_learning_rate_D_dagger': -3.131614165940296, 'training_batch_size': 12, 'training_p': 2}
	 epoch  0 training error:  tensor(1.0132, device='cuda:0', grad_fn=<DivBackward0>)
Memory status after this epoch: 
Memory allocated:  665.76708984375
Memory cached:  874.0
	 epoch  10 training error:  tensor(0.4929, device='cuda:0', grad_fn=<DivBackward0>)
Memory status after this epoch: 
Memory allocated:  665.76708984375
Memory cached:  874.0
	 epoch  20 training error:  tensor(0.3557, device='cuda:0', grad_fn=<DivBackward0>)
Memory status after this epoch: 
Memory allocated:  665.76708984375
Memory cached:  874.0
	 epoch  30 training error:  tensor(0.3112, device='cuda:0', grad_fn=<DivBackward0>)
Memory status after this epoch: 
Memory allocated:  665.76708984375
Memory cached:  874.0
	 epoch  40 training error:  tensor(0.2883, device='cuda:0', grad_fn=<DivBackward0>)
Memory status after this epoch: 
Memory allocated:  665.76708984375
Memory cached:  874.0
	 epoch  50 training error:  tensor(0.2925, device='cuda:0', grad_fn=<DivBackward0>)
Memory status after this epoch: 
Memory allocated:  665.76708984375
Memory cached:  874.0
	 epoch  60 training error:  tensor(0.2891, device='cuda:0', grad_fn=<DivBackward0>)
Memory status after this epoch: 
Memory allocated:  665.76708984375
Memory cached:  874.0
	 epoch  70 training error:  tensor(0.2861, device='cuda:0', grad_fn=<DivBackward0>)
Memory status after this epoch: 
Memory allocated:  665.76708984375
Memory cached:  874.0
	 epoch  80 training error:  tensor(0.2879, device='cuda:0', grad_fn=<DivBackward0>)
Memory status after this epoch: 
Memory allocated:  665.76708984375
Memory cached:  874.0
	 epoch  90 training error:  tensor(0.2865, device='cuda:0', grad_fn=<DivBackward0>)
Memory status after this epoch: 
Memory allocated:  665.76708984375
Memory cached:  874.0
[I 2024-01-13 15:20:34,290] Trial 167 finished with value: 0.2896675169467926 and parameters: {'W_layers': 8, 'W_layer_units_exponent_0': 10, 'W_layer_units_exponent_1': 10, 'W_layer_units_exponent_2': 8, 'W_layer_units_exponent_3': 8, 'W_layer_units_exponent_4': 5, 'W_layer_units_exponent_5': 9, 'W_layer_units_exponent_6': 5, 'W_layer_units_exponent_7': 6, 'D_layers': 3, 'D_layer_units_exponent_0': 6, 'D_layer_units_exponent_1': 5, 'D_layer_units_exponent_2': 8, 'D_dagger_layers': 5, 'D_dagger_layer_units_exponent_0': 4, 'D_dagger_layer_units_exponent_1': 8, 'D_dagger_layer_units_exponent_2': 4, 'D_dagger_layer_units_exponent_3': 6, 'D_dagger_layer_units_exponent_4': 4, 'log_learning_rate': -4.910390202727885, 'log_learning_rate_D': -3.4316204505361396, 'log_learning_rate_D_dagger': -3.131614165940296, 'training_batch_size': 12, 'training_p': 2}. Best is trial 127 with value: 0.28608080744743347.
Time for this trial:  22.438428163528442
Memory status after this trial: 
Memory allocated:  1042.22314453125
Memory cached:  1070.0
--------------------  Trial  168   --------------------
Start timing: 
Parameters: 
{'W_layers': 8, 'W_layer_units_exponent_0': 9, 'W_layer_units_exponent_1': 7, 'W_layer_units_exponent_2': 7, 'W_layer_units_exponent_3': 9, 'W_layer_units_exponent_4': 4, 'W_layer_units_exponent_5': 7, 'W_layer_units_exponent_6': 5, 'W_layer_units_exponent_7': 8, 'D_layers': 8, 'D_layer_units_exponent_0': 8, 'D_layer_units_exponent_1': 7, 'D_layer_units_exponent_2': 9, 'D_layer_units_exponent_3': 5, 'D_layer_units_exponent_4': 6, 'D_layer_units_exponent_5': 7, 'D_layer_units_exponent_6': 8, 'D_layer_units_exponent_7': 6, 'D_dagger_layers': 7, 'D_dagger_layer_units_exponent_0': 9, 'D_dagger_layer_units_exponent_1': 5, 'D_dagger_layer_units_exponent_2': 5, 'D_dagger_layer_units_exponent_3': 6, 'D_dagger_layer_units_exponent_4': 4, 'D_dagger_layer_units_exponent_5': 6, 'D_dagger_layer_units_exponent_6': 10, 'log_learning_rate': -4.789767250834284, 'log_learning_rate_D': -3.6536744881378658, 'log_learning_rate_D_dagger': -3.2399082064293525, 'training_batch_size': 11, 'training_p': 5}
	 epoch  0 training error:  tensor(1.0070, device='cuda:0', grad_fn=<DivBackward0>)
Memory status after this epoch: 
Memory allocated:  648.04833984375
Memory cached:  874.0
	 epoch  10 training error:  tensor(0.5816, device='cuda:0', grad_fn=<DivBackward0>)
Memory status after this epoch: 
Memory allocated:  648.04833984375
Memory cached:  874.0
	 epoch  20 training error:  tensor(0.4855, device='cuda:0', grad_fn=<DivBackward0>)
Memory status after this epoch: 
Memory allocated:  648.04833984375
Memory cached:  874.0
	 epoch  30 training error:  tensor(0.4815, device='cuda:0', grad_fn=<DivBackward0>)
Memory status after this epoch: 
Memory allocated:  648.04833984375
Memory cached:  874.0
	 epoch  40 training error:  tensor(0.4739, device='cuda:0', grad_fn=<DivBackward0>)
Memory status after this epoch: 
Memory allocated:  648.04833984375
Memory cached:  874.0
	 epoch  50 training error:  tensor(0.4679, device='cuda:0', grad_fn=<DivBackward0>)
Memory status after this epoch: 
Memory allocated:  648.04833984375
Memory cached:  874.0
	 epoch  60 training error:  tensor(0.4706, device='cuda:0', grad_fn=<DivBackward0>)
Memory status after this epoch: 
Memory allocated:  648.04833984375
Memory cached:  874.0
	 epoch  70 training error:  tensor(0.4721, device='cuda:0', grad_fn=<DivBackward0>)
Memory status after this epoch: 
Memory allocated:  648.04833984375
Memory cached:  874.0
	 epoch  80 training error:  tensor(0.4691, device='cuda:0', grad_fn=<DivBackward0>)
Memory status after this epoch: 
Memory allocated:  648.04833984375
Memory cached:  874.0
	 epoch  90 training error:  tensor(0.4676, device='cuda:0', grad_fn=<DivBackward0>)
Memory status after this epoch: 
Memory allocated:  648.04833984375
Memory cached:  874.0
[I 2024-01-13 15:20:56,909] Trial 168 finished with value: 0.350664883852005 and parameters: {'W_layers': 8, 'W_layer_units_exponent_0': 9, 'W_layer_units_exponent_1': 7, 'W_layer_units_exponent_2': 7, 'W_layer_units_exponent_3': 9, 'W_layer_units_exponent_4': 4, 'W_layer_units_exponent_5': 7, 'W_layer_units_exponent_6': 5, 'W_layer_units_exponent_7': 8, 'D_layers': 8, 'D_layer_units_exponent_0': 8, 'D_layer_units_exponent_1': 7, 'D_layer_units_exponent_2': 9, 'D_layer_units_exponent_3': 5, 'D_layer_units_exponent_4': 6, 'D_layer_units_exponent_5': 7, 'D_layer_units_exponent_6': 8, 'D_layer_units_exponent_7': 6, 'D_dagger_layers': 7, 'D_dagger_layer_units_exponent_0': 9, 'D_dagger_layer_units_exponent_1': 5, 'D_dagger_layer_units_exponent_2': 5, 'D_dagger_layer_units_exponent_3': 6, 'D_dagger_layer_units_exponent_4': 4, 'D_dagger_layer_units_exponent_5': 6, 'D_dagger_layer_units_exponent_6': 10, 'log_learning_rate': -4.789767250834284, 'log_learning_rate_D': -3.6536744881378658, 'log_learning_rate_D_dagger': -3.2399082064293525, 'training_batch_size': 11, 'training_p': 5}. Best is trial 127 with value: 0.28608080744743347.
Time for this trial:  22.11518359184265
Memory status after this trial: 
Memory allocated:  1002.30712890625
Memory cached:  1046.0
--------------------  Trial  169   --------------------
Start timing: 
Parameters: 
{'W_layers': 8, 'W_layer_units_exponent_0': 10, 'W_layer_units_exponent_1': 10, 'W_layer_units_exponent_2': 7, 'W_layer_units_exponent_3': 7, 'W_layer_units_exponent_4': 4, 'W_layer_units_exponent_5': 8, 'W_layer_units_exponent_6': 6, 'W_layer_units_exponent_7': 9, 'D_layers': 4, 'D_layer_units_exponent_0': 7, 'D_layer_units_exponent_1': 6, 'D_layer_units_exponent_2': 8, 'D_layer_units_exponent_3': 4, 'D_dagger_layers': 4, 'D_dagger_layer_units_exponent_0': 10, 'D_dagger_layer_units_exponent_1': 10, 'D_dagger_layer_units_exponent_2': 9, 'D_dagger_layer_units_exponent_3': 6, 'log_learning_rate': -4.685003092506254, 'log_learning_rate_D': -2.9862369841959793, 'log_learning_rate_D_dagger': -2.8956388448034476, 'training_batch_size': 11, 'training_p': 2}
	 epoch  0 training error:  tensor(0.9944, device='cuda:0', grad_fn=<DivBackward0>)
Memory status after this epoch: 
Memory allocated:  688.46240234375
Memory cached:  874.0
	 epoch  10 training error:  tensor(0.4083, device='cuda:0', grad_fn=<DivBackward0>)
Memory status after this epoch: 
Memory allocated:  688.46240234375
Memory cached:  874.0
	 epoch  20 training error:  tensor(0.2930, device='cuda:0', grad_fn=<DivBackward0>)
Memory status after this epoch: 
Memory allocated:  688.46240234375
Memory cached:  874.0
	 epoch  30 training error:  tensor(0.3037, device='cuda:0', grad_fn=<DivBackward0>)
Memory status after this epoch: 
Memory allocated:  688.46240234375
Memory cached:  874.0
	 epoch  40 training error:  tensor(0.3040, device='cuda:0', grad_fn=<DivBackward0>)
Memory status after this epoch: 
Memory allocated:  688.46240234375
Memory cached:  874.0
	 epoch  50 training error:  tensor(0.2896, device='cuda:0', grad_fn=<DivBackward0>)
Memory status after this epoch: 
Memory allocated:  688.46240234375
Memory cached:  874.0
	 epoch  60 training error:  tensor(0.2823, device='cuda:0', grad_fn=<DivBackward0>)
Memory status after this epoch: 
Memory allocated:  688.46240234375
Memory cached:  874.0
	 epoch  70 training error:  tensor(0.2933, device='cuda:0', grad_fn=<DivBackward0>)
Memory status after this epoch: 
Memory allocated:  688.46240234375
Memory cached:  874.0
	 epoch  80 training error:  tensor(0.2949, device='cuda:0', grad_fn=<DivBackward0>)
Memory status after this epoch: 
Memory allocated:  688.46240234375
Memory cached:  874.0
	 epoch  90 training error:  tensor(0.2860, device='cuda:0', grad_fn=<DivBackward0>)
Memory status after this epoch: 
Memory allocated:  688.46240234375
Memory cached:  874.0
[I 2024-01-13 15:21:23,640] Trial 169 finished with value: 0.29388904571533203 and parameters: {'W_layers': 8, 'W_layer_units_exponent_0': 10, 'W_layer_units_exponent_1': 10, 'W_layer_units_exponent_2': 7, 'W_layer_units_exponent_3': 7, 'W_layer_units_exponent_4': 4, 'W_layer_units_exponent_5': 8, 'W_layer_units_exponent_6': 6, 'W_layer_units_exponent_7': 9, 'D_layers': 4, 'D_layer_units_exponent_0': 7, 'D_layer_units_exponent_1': 6, 'D_layer_units_exponent_2': 8, 'D_layer_units_exponent_3': 4, 'D_dagger_layers': 4, 'D_dagger_layer_units_exponent_0': 10, 'D_dagger_layer_units_exponent_1': 10, 'D_dagger_layer_units_exponent_2': 9, 'D_dagger_layer_units_exponent_3': 6, 'log_learning_rate': -4.685003092506254, 'log_learning_rate_D': -2.9862369841959793, 'log_learning_rate_D_dagger': -2.8956388448034476, 'training_batch_size': 11, 'training_p': 2}. Best is trial 127 with value: 0.28608080744743347.
Time for this trial:  26.314473867416382
Memory status after this trial: 
Memory allocated:  1287.50244140625
Memory cached:  1342.0
--------------------  Trial  170   --------------------
Start timing: 
Parameters: 
{'W_layers': 7, 'W_layer_units_exponent_0': 8, 'W_layer_units_exponent_1': 10, 'W_layer_units_exponent_2': 8, 'W_layer_units_exponent_3': 8, 'W_layer_units_exponent_4': 4, 'W_layer_units_exponent_5': 10, 'W_layer_units_exponent_6': 5, 'D_layers': 3, 'D_layer_units_exponent_0': 8, 'D_layer_units_exponent_1': 8, 'D_layer_units_exponent_2': 9, 'D_dagger_layers': 6, 'D_dagger_layer_units_exponent_0': 6, 'D_dagger_layer_units_exponent_1': 6, 'D_dagger_layer_units_exponent_2': 7, 'D_dagger_layer_units_exponent_3': 5, 'D_dagger_layer_units_exponent_4': 7, 'D_dagger_layer_units_exponent_5': 5, 'log_learning_rate': -4.105297295556728, 'log_learning_rate_D': -3.5337074586829686, 'log_learning_rate_D_dagger': -3.4054420577388966, 'training_batch_size': 10, 'training_p': 2}
	 epoch  0 training error:  tensor(0.9959, device='cuda:0', grad_fn=<DivBackward0>)
Memory status after this epoch: 
Memory allocated:  654.36962890625
Memory cached:  874.0
	 epoch  10 training error:  tensor(0.5157, device='cuda:0', grad_fn=<DivBackward0>)
Memory status after this epoch: 
Memory allocated:  654.36962890625
Memory cached:  874.0
	 epoch  20 training error:  tensor(0.4139, device='cuda:0', grad_fn=<DivBackward0>)
Memory status after this epoch: 
Memory allocated:  654.36962890625
Memory cached:  874.0
	 epoch  30 training error:  tensor(0.3184, device='cuda:0', grad_fn=<DivBackward0>)
Memory status after this epoch: 
Memory allocated:  654.36962890625
Memory cached:  874.0
	 epoch  40 training error:  tensor(0.3102, device='cuda:0', grad_fn=<DivBackward0>)
Memory status after this epoch: 
Memory allocated:  654.36962890625
Memory cached:  874.0
	 epoch  50 training error:  tensor(0.2960, device='cuda:0', grad_fn=<DivBackward0>)
Memory status after this epoch: 
Memory allocated:  654.36962890625
Memory cached:  874.0
	 epoch  60 training error:  tensor(0.2893, device='cuda:0', grad_fn=<DivBackward0>)
Memory status after this epoch: 
Memory allocated:  654.36962890625
Memory cached:  874.0
	 epoch  70 training error:  tensor(0.2899, device='cuda:0', grad_fn=<DivBackward0>)
Memory status after this epoch: 
Memory allocated:  654.36962890625
Memory cached:  874.0
	 epoch  80 training error:  tensor(0.2867, device='cuda:0', grad_fn=<DivBackward0>)
Memory status after this epoch: 
Memory allocated:  654.36962890625
Memory cached:  874.0
	 epoch  90 training error:  tensor(0.2826, device='cuda:0', grad_fn=<DivBackward0>)
Memory status after this epoch: 
Memory allocated:  654.36962890625
Memory cached:  874.0
