[I 2024-01-02 00:51:50,119] Trial 375 finished with value: 0.2319858819246292 and parameters: {'W_layers': 5, 'W_layer_units_exponent_0': 8, 'W_layer_units_exponent_1': 5, 'W_layer_units_exponent_2': 5, 'W_layer_units_exponent_3': 4, 'W_layer_units_exponent_4': 5, 'D_layers': 5, 'D_layer_units_exponent_0': 9, 'D_layer_units_exponent_1': 9, 'D_layer_units_exponent_2': 8, 'D_layer_units_exponent_3': 8, 'D_layer_units_exponent_4': 5, 'D_dagger_layers': 3, 'D_dagger_layer_units_exponent_0': 8, 'D_dagger_layer_units_exponent_1': 6, 'D_dagger_layer_units_exponent_2': 5, 'log_learning_rate': -3.095353433242722, 'log_learning_rate_D': -3.9769890093313123, 'log_learning_rate_D_dagger': -2.110058608658472, 'training_batch_size': 6, 'training_p': 7}. Best is trial 220 with value: 0.11745021492242813.
Time for this trial:  313.12746381759644
Memory status after this trial: 
Memory allocated:  327.193359375
Memory cached:  420.0
--------------------  Trial  376   --------------------
Start timing: 
Parameters: 
{'W_layers': 5, 'W_layer_units_exponent_0': 7, 'W_layer_units_exponent_1': 10, 'W_layer_units_exponent_2': 6, 'W_layer_units_exponent_3': 6, 'W_layer_units_exponent_4': 5, 'D_layers': 5, 'D_layer_units_exponent_0': 6, 'D_layer_units_exponent_1': 9, 'D_layer_units_exponent_2': 10, 'D_layer_units_exponent_3': 8, 'D_layer_units_exponent_4': 10, 'D_dagger_layers': 3, 'D_dagger_layer_units_exponent_0': 9, 'D_dagger_layer_units_exponent_1': 4, 'D_dagger_layer_units_exponent_2': 5, 'log_learning_rate': -2.6479434949611056, 'log_learning_rate_D': -3.8839084703659803, 'log_learning_rate_D_dagger': -2.1999780232680872, 'training_batch_size': 6, 'training_p': 5}
	 epoch  0 training error:  tensor(0.9812, device='cuda:0', grad_fn=<DivBackward0>)
Memory status after this epoch: 
Memory allocated:  222.10986328125
Memory cached:  410.0
	 epoch  10 training error:  tensor(0.5108, device='cuda:0', grad_fn=<DivBackward0>)
Memory status after this epoch: 
Memory allocated:  222.10986328125
Memory cached:  458.0
	 epoch  20 training error:  tensor(0.5014, device='cuda:0', grad_fn=<DivBackward0>)
Memory status after this epoch: 
Memory allocated:  222.10986328125
Memory cached:  462.0
	 epoch  30 training error:  tensor(0.4909, device='cuda:0', grad_fn=<DivBackward0>)
Memory status after this epoch: 
Memory allocated:  222.10986328125
Memory cached:  468.0
	 epoch  40 training error:  tensor(0.4877, device='cuda:0', grad_fn=<DivBackward0>)
Memory status after this epoch: 
Memory allocated:  222.10986328125
Memory cached:  468.0
	 epoch  50 training error:  tensor(0.5014, device='cuda:0', grad_fn=<DivBackward0>)
Memory status after this epoch: 
Memory allocated:  222.10986328125
Memory cached:  456.0
	 epoch  60 training error:  tensor(0.4727, device='cuda:0', grad_fn=<DivBackward0>)
Memory status after this epoch: 
Memory allocated:  222.10986328125
Memory cached:  452.0
	 epoch  70 training error:  tensor(0.4794, device='cuda:0', grad_fn=<DivBackward0>)
Memory status after this epoch: 
Memory allocated:  222.10986328125
Memory cached:  450.0
	 epoch  80 training error:  tensor(0.5370, device='cuda:0', grad_fn=<DivBackward0>)
Memory status after this epoch: 
Memory allocated:  222.10986328125
Memory cached:  462.0
	 epoch  90 training error:  tensor(0.4718, device='cuda:0', grad_fn=<DivBackward0>)
Memory status after this epoch: 
Memory allocated:  222.10986328125
Memory cached:  450.0
[I 2024-01-02 00:57:17,953] Trial 376 finished with value: 0.21573452651500702 and parameters: {'W_layers': 5, 'W_layer_units_exponent_0': 7, 'W_layer_units_exponent_1': 10, 'W_layer_units_exponent_2': 6, 'W_layer_units_exponent_3': 6, 'W_layer_units_exponent_4': 5, 'D_layers': 5, 'D_layer_units_exponent_0': 6, 'D_layer_units_exponent_1': 9, 'D_layer_units_exponent_2': 10, 'D_layer_units_exponent_3': 8, 'D_layer_units_exponent_4': 10, 'D_dagger_layers': 3, 'D_dagger_layer_units_exponent_0': 9, 'D_dagger_layer_units_exponent_1': 4, 'D_dagger_layer_units_exponent_2': 5, 'log_learning_rate': -2.6479434949611056, 'log_learning_rate_D': -3.8839084703659803, 'log_learning_rate_D_dagger': -2.1999780232680872, 'training_batch_size': 6, 'training_p': 5}. Best is trial 220 with value: 0.11745021492242813.
Time for this trial:  327.3555772304535
Memory status after this trial: 
Memory allocated:  456.6982421875
Memory cached:  480.0
--------------------  Trial  377   --------------------
Start timing: 
Parameters: 
{'W_layers': 5, 'W_layer_units_exponent_0': 8, 'W_layer_units_exponent_1': 6, 'W_layer_units_exponent_2': 6, 'W_layer_units_exponent_3': 5, 'W_layer_units_exponent_4': 5, 'D_layers': 5, 'D_layer_units_exponent_0': 10, 'D_layer_units_exponent_1': 9, 'D_layer_units_exponent_2': 8, 'D_layer_units_exponent_3': 8, 'D_layer_units_exponent_4': 5, 'D_dagger_layers': 2, 'D_dagger_layer_units_exponent_0': 9, 'D_dagger_layer_units_exponent_1': 4, 'log_learning_rate': -1.9964083843272555, 'log_learning_rate_D': -3.3158352146711763, 'log_learning_rate_D_dagger': -3.0178108067735643, 'training_batch_size': 6, 'training_p': 7}
	 epoch  0 training error:  tensor(1.0571, device='cuda:0', grad_fn=<DivBackward0>)
Memory status after this epoch: 
Memory allocated:  213.96923828125
Memory cached:  422.0
	 epoch  10 training error:  tensor(0.5527, device='cuda:0', grad_fn=<DivBackward0>)
Memory status after this epoch: 
Memory allocated:  213.96923828125
Memory cached:  458.0
	 epoch  20 training error:  tensor(0.5411, device='cuda:0', grad_fn=<DivBackward0>)
Memory status after this epoch: 
Memory allocated:  213.96923828125
Memory cached:  462.0
	 epoch  30 training error:  tensor(0.5350, device='cuda:0', grad_fn=<DivBackward0>)
Memory status after this epoch: 
Memory allocated:  213.96923828125
Memory cached:  468.0
	 epoch  40 training error:  tensor(0.5380, device='cuda:0', grad_fn=<DivBackward0>)
Memory status after this epoch: 
Memory allocated:  213.96923828125
Memory cached:  468.0
	 epoch  50 training error:  tensor(0.5401, device='cuda:0', grad_fn=<DivBackward0>)
Memory status after this epoch: 
Memory allocated:  213.96923828125
Memory cached:  466.0
	 epoch  60 training error:  tensor(0.5399, device='cuda:0', grad_fn=<DivBackward0>)
Memory status after this epoch: 
Memory allocated:  213.96923828125
Memory cached:  472.0
	 epoch  70 training error:  tensor(0.5418, device='cuda:0', grad_fn=<DivBackward0>)
Memory status after this epoch: 
Memory allocated:  213.96923828125
Memory cached:  460.0
	 epoch  80 training error:  tensor(0.5265, device='cuda:0', grad_fn=<DivBackward0>)
Memory status after this epoch: 
Memory allocated:  213.96923828125
Memory cached:  462.0
	 epoch  90 training error:  tensor(0.5429, device='cuda:0', grad_fn=<DivBackward0>)
Memory status after this epoch: 
Memory allocated:  213.96923828125
Memory cached:  466.0
[I 2024-01-02 01:02:19,782] Trial 377 finished with value: 0.4239519536495209 and parameters: {'W_layers': 5, 'W_layer_units_exponent_0': 8, 'W_layer_units_exponent_1': 6, 'W_layer_units_exponent_2': 6, 'W_layer_units_exponent_3': 5, 'W_layer_units_exponent_4': 5, 'D_layers': 5, 'D_layer_units_exponent_0': 10, 'D_layer_units_exponent_1': 9, 'D_layer_units_exponent_2': 8, 'D_layer_units_exponent_3': 8, 'D_layer_units_exponent_4': 5, 'D_dagger_layers': 2, 'D_dagger_layer_units_exponent_0': 9, 'D_dagger_layer_units_exponent_1': 4, 'log_learning_rate': -1.9964083843272555, 'log_learning_rate_D': -3.3158352146711763, 'log_learning_rate_D_dagger': -3.0178108067735643, 'training_batch_size': 6, 'training_p': 7}. Best is trial 220 with value: 0.11745021492242813.
Time for this trial:  301.36958599090576
Memory status after this trial: 
Memory allocated:  370.0693359375
Memory cached:  452.0
--------------------  Trial  378   --------------------
Start timing: 
Parameters: 
{'W_layers': 5, 'W_layer_units_exponent_0': 8, 'W_layer_units_exponent_1': 8, 'W_layer_units_exponent_2': 6, 'W_layer_units_exponent_3': 6, 'W_layer_units_exponent_4': 5, 'D_layers': 6, 'D_layer_units_exponent_0': 7, 'D_layer_units_exponent_1': 8, 'D_layer_units_exponent_2': 10, 'D_layer_units_exponent_3': 8, 'D_layer_units_exponent_4': 7, 'D_layer_units_exponent_5': 7, 'D_dagger_layers': 3, 'D_dagger_layer_units_exponent_0': 9, 'D_dagger_layer_units_exponent_1': 7, 'D_dagger_layer_units_exponent_2': 5, 'log_learning_rate': -1.9132352671599848, 'log_learning_rate_D': -4.234048411060622, 'log_learning_rate_D_dagger': -2.704577660340534, 'training_batch_size': 6, 'training_p': 7}
	 epoch  0 training error:  tensor(1.1799, device='cuda:0', grad_fn=<DivBackward0>)
Memory status after this epoch: 
Memory allocated:  214.00244140625
Memory cached:  390.0
	 epoch  10 training error:  tensor(0.5597, device='cuda:0', grad_fn=<DivBackward0>)
Memory status after this epoch: 
Memory allocated:  214.00244140625
Memory cached:  404.0
	 epoch  20 training error:  tensor(0.5639, device='cuda:0', grad_fn=<DivBackward0>)
Memory status after this epoch: 
Memory allocated:  214.00244140625
Memory cached:  398.0
	 epoch  30 training error:  tensor(0.5357, device='cuda:0', grad_fn=<DivBackward0>)
Memory status after this epoch: 
Memory allocated:  214.00244140625
Memory cached:  404.0
	 epoch  40 training error:  tensor(0.5410, device='cuda:0', grad_fn=<DivBackward0>)
Memory status after this epoch: 
Memory allocated:  214.00244140625
Memory cached:  408.0
	 epoch  50 training error:  tensor(0.5319, device='cuda:0', grad_fn=<DivBackward0>)
Memory status after this epoch: 
Memory allocated:  214.00244140625
Memory cached:  408.0
	 epoch  60 training error:  tensor(0.5208, device='cuda:0', grad_fn=<DivBackward0>)
Memory status after this epoch: 
Memory allocated:  214.00244140625
Memory cached:  394.0
	 epoch  70 training error:  tensor(0.5113, device='cuda:0', grad_fn=<DivBackward0>)
Memory status after this epoch: 
Memory allocated:  214.00244140625
Memory cached:  398.0
	 epoch  80 training error:  tensor(0.4128, device='cuda:0', grad_fn=<DivBackward0>)
Memory status after this epoch: 
Memory allocated:  214.00244140625
Memory cached:  398.0
	 epoch  90 training error:  tensor(0.4044, device='cuda:0', grad_fn=<DivBackward0>)
Memory status after this epoch: 
Memory allocated:  214.00244140625
Memory cached:  414.0
[I 2024-01-02 01:07:55,813] Trial 378 finished with value: 0.19853350520133972 and parameters: {'W_layers': 5, 'W_layer_units_exponent_0': 8, 'W_layer_units_exponent_1': 8, 'W_layer_units_exponent_2': 6, 'W_layer_units_exponent_3': 6, 'W_layer_units_exponent_4': 5, 'D_layers': 6, 'D_layer_units_exponent_0': 7, 'D_layer_units_exponent_1': 8, 'D_layer_units_exponent_2': 10, 'D_layer_units_exponent_3': 8, 'D_layer_units_exponent_4': 7, 'D_layer_units_exponent_5': 7, 'D_dagger_layers': 3, 'D_dagger_layer_units_exponent_0': 9, 'D_dagger_layer_units_exponent_1': 7, 'D_dagger_layer_units_exponent_2': 5, 'log_learning_rate': -1.9132352671599848, 'log_learning_rate_D': -4.234048411060622, 'log_learning_rate_D_dagger': -2.704577660340534, 'training_batch_size': 6, 'training_p': 7}. Best is trial 220 with value: 0.11745021492242813.
Time for this trial:  335.51838278770447
Memory status after this trial: 
Memory allocated:  380.2861328125
Memory cached:  402.0
--------------------  Trial  379   --------------------
Start timing: 
Parameters: 
{'W_layers': 5, 'W_layer_units_exponent_0': 7, 'W_layer_units_exponent_1': 10, 'W_layer_units_exponent_2': 4, 'W_layer_units_exponent_3': 6, 'W_layer_units_exponent_4': 5, 'D_layers': 5, 'D_layer_units_exponent_0': 7, 'D_layer_units_exponent_1': 9, 'D_layer_units_exponent_2': 8, 'D_layer_units_exponent_3': 8, 'D_layer_units_exponent_4': 5, 'D_dagger_layers': 3, 'D_dagger_layer_units_exponent_0': 10, 'D_dagger_layer_units_exponent_1': 4, 'D_dagger_layer_units_exponent_2': 5, 'log_learning_rate': -3.243533295265937, 'log_learning_rate_D': -3.7110366383388596, 'log_learning_rate_D_dagger': -2.380511028164788, 'training_batch_size': 6, 'training_p': 7}
	 epoch  0 training error:  tensor(0.9353, device='cuda:0', grad_fn=<DivBackward0>)
Memory status after this epoch: 
Memory allocated:  209.04736328125
Memory cached:  384.0
	 epoch  10 training error:  tensor(0.5713, device='cuda:0', grad_fn=<DivBackward0>)
Memory status after this epoch: 
Memory allocated:  209.04736328125
Memory cached:  394.0
	 epoch  20 training error:  tensor(0.5361, device='cuda:0', grad_fn=<DivBackward0>)
Memory status after this epoch: 
Memory allocated:  209.04736328125
Memory cached:  406.0
	 epoch  30 training error:  tensor(0.5580, device='cuda:0', grad_fn=<DivBackward0>)
Memory status after this epoch: 
Memory allocated:  209.04736328125
Memory cached:  392.0
	 epoch  40 training error:  tensor(0.5428, device='cuda:0', grad_fn=<DivBackward0>)
Memory status after this epoch: 
Memory allocated:  209.04736328125
Memory cached:  400.0
	 epoch  50 training error:  tensor(0.5278, device='cuda:0', grad_fn=<DivBackward0>)
Memory status after this epoch: 
Memory allocated:  209.04736328125
Memory cached:  398.0
	 epoch  60 training error:  tensor(0.5394, device='cuda:0', grad_fn=<DivBackward0>)
Memory status after this epoch: 
Memory allocated:  209.04736328125
Memory cached:  402.0
	 epoch  70 training error:  tensor(0.5318, device='cuda:0', grad_fn=<DivBackward0>)
Memory status after this epoch: 
Memory allocated:  209.04736328125
Memory cached:  404.0
	 epoch  80 training error:  tensor(0.5352, device='cuda:0', grad_fn=<DivBackward0>)
Memory status after this epoch: 
Memory allocated:  209.04736328125
Memory cached:  398.0
	 epoch  90 training error:  tensor(0.4434, device='cuda:0', grad_fn=<DivBackward0>)
Memory status after this epoch: 
Memory allocated:  209.04736328125
Memory cached:  400.0
[I 2024-01-02 01:13:18,934] Trial 379 finished with value: 0.27504393458366394 and parameters: {'W_layers': 5, 'W_layer_units_exponent_0': 7, 'W_layer_units_exponent_1': 10, 'W_layer_units_exponent_2': 4, 'W_layer_units_exponent_3': 6, 'W_layer_units_exponent_4': 5, 'D_layers': 5, 'D_layer_units_exponent_0': 7, 'D_layer_units_exponent_1': 9, 'D_layer_units_exponent_2': 8, 'D_layer_units_exponent_3': 8, 'D_layer_units_exponent_4': 5, 'D_dagger_layers': 3, 'D_dagger_layer_units_exponent_0': 10, 'D_dagger_layer_units_exponent_1': 4, 'D_dagger_layer_units_exponent_2': 5, 'log_learning_rate': -3.243533295265937, 'log_learning_rate_D': -3.7110366383388596, 'log_learning_rate_D_dagger': -2.380511028164788, 'training_batch_size': 6, 'training_p': 7}. Best is trial 220 with value: 0.11745021492242813.
Time for this trial:  322.59502148628235
Memory status after this trial: 
Memory allocated:  392.9404296875
Memory cached:  398.0
--------------------  Trial  380   --------------------
Start timing: 
Parameters: 
{'W_layers': 5, 'W_layer_units_exponent_0': 8, 'W_layer_units_exponent_1': 10, 'W_layer_units_exponent_2': 6, 'W_layer_units_exponent_3': 6, 'W_layer_units_exponent_4': 5, 'D_layers': 5, 'D_layer_units_exponent_0': 10, 'D_layer_units_exponent_1': 9, 'D_layer_units_exponent_2': 10, 'D_layer_units_exponent_3': 8, 'D_layer_units_exponent_4': 5, 'D_dagger_layers': 3, 'D_dagger_layer_units_exponent_0': 9, 'D_dagger_layer_units_exponent_1': 5, 'D_dagger_layer_units_exponent_2': 5, 'log_learning_rate': -2.8492782746940666, 'log_learning_rate_D': -2.9688739394824917, 'log_learning_rate_D_dagger': -3.690251366357733, 'training_batch_size': 6, 'training_p': 5}
	 epoch  0 training error:  tensor(0.9376, device='cuda:0', grad_fn=<DivBackward0>)
Memory status after this epoch: 
Memory allocated:  227.87158203125
Memory cached:  416.0
	 epoch  10 training error:  tensor(0.5509, device='cuda:0', grad_fn=<DivBackward0>)
Memory status after this epoch: 
Memory allocated:  227.87158203125
Memory cached:  448.0
	 epoch  20 training error:  tensor(0.5188, device='cuda:0', grad_fn=<DivBackward0>)
Memory status after this epoch: 
Memory allocated:  227.87158203125
Memory cached:  444.0
	 epoch  30 training error:  tensor(0.4831, device='cuda:0', grad_fn=<DivBackward0>)
Memory status after this epoch: 
Memory allocated:  227.87158203125
Memory cached:  450.0
	 epoch  40 training error:  tensor(0.4784, device='cuda:0', grad_fn=<DivBackward0>)
Memory status after this epoch: 
Memory allocated:  227.87158203125
Memory cached:  442.0
	 epoch  50 training error:  tensor(0.4776, device='cuda:0', grad_fn=<DivBackward0>)
Memory status after this epoch: 
Memory allocated:  227.87158203125
Memory cached:  444.0
	 epoch  60 training error:  tensor(0.4781, device='cuda:0', grad_fn=<DivBackward0>)
Memory status after this epoch: 
Memory allocated:  227.87158203125
Memory cached:  448.0
	 epoch  70 training error:  tensor(0.4776, device='cuda:0', grad_fn=<DivBackward0>)
Memory status after this epoch: 
Memory allocated:  227.87158203125
Memory cached:  452.0
	 epoch  80 training error:  tensor(0.4788, device='cuda:0', grad_fn=<DivBackward0>)
Memory status after this epoch: 
Memory allocated:  227.87158203125
Memory cached:  458.0
	 epoch  90 training error:  tensor(0.4758, device='cuda:0', grad_fn=<DivBackward0>)
Memory status after this epoch: 
Memory allocated:  227.87158203125
Memory cached:  440.0
[I 2024-01-02 01:18:50,247] Trial 380 finished with value: 0.3909640908241272 and parameters: {'W_layers': 5, 'W_layer_units_exponent_0': 8, 'W_layer_units_exponent_1': 10, 'W_layer_units_exponent_2': 6, 'W_layer_units_exponent_3': 6, 'W_layer_units_exponent_4': 5, 'D_layers': 5, 'D_layer_units_exponent_0': 10, 'D_layer_units_exponent_1': 9, 'D_layer_units_exponent_2': 10, 'D_layer_units_exponent_3': 8, 'D_layer_units_exponent_4': 5, 'D_dagger_layers': 3, 'D_dagger_layer_units_exponent_0': 9, 'D_dagger_layer_units_exponent_1': 5, 'D_dagger_layer_units_exponent_2': 5, 'log_learning_rate': -2.8492782746940666, 'log_learning_rate_D': -2.9688739394824917, 'log_learning_rate_D_dagger': -3.690251366357733, 'training_batch_size': 6, 'training_p': 5}. Best is trial 220 with value: 0.11745021492242813.
Time for this trial:  330.7464323043823
Memory status after this trial: 
Memory allocated:  472.8994140625
Memory cached:  492.0
--------------------  Trial  381   --------------------
Start timing: 
Parameters: 
{'W_layers': 5, 'W_layer_units_exponent_0': 8, 'W_layer_units_exponent_1': 10, 'W_layer_units_exponent_2': 6, 'W_layer_units_exponent_3': 6, 'W_layer_units_exponent_4': 5, 'D_layers': 4, 'D_layer_units_exponent_0': 7, 'D_layer_units_exponent_1': 9, 'D_layer_units_exponent_2': 10, 'D_layer_units_exponent_3': 8, 'D_dagger_layers': 3, 'D_dagger_layer_units_exponent_0': 9, 'D_dagger_layer_units_exponent_1': 7, 'D_dagger_layer_units_exponent_2': 5, 'log_learning_rate': -2.774496140047144, 'log_learning_rate_D': -3.4952996339030746, 'log_learning_rate_D_dagger': -2.2805868175189206, 'training_batch_size': 7, 'training_p': 7}
	 epoch  0 training error:  tensor(0.9096, device='cuda:0', grad_fn=<DivBackward0>)
Memory status after this epoch: 
Memory allocated:  221.49072265625
Memory cached:  398.0
	 epoch  10 training error:  tensor(0.5888, device='cuda:0', grad_fn=<DivBackward0>)
Memory status after this epoch: 
Memory allocated:  221.49072265625
Memory cached:  402.0
	 epoch  20 training error:  tensor(0.5831, device='cuda:0', grad_fn=<DivBackward0>)
Memory status after this epoch: 
Memory allocated:  221.49072265625
Memory cached:  404.0
	 epoch  30 training error:  tensor(0.5594, device='cuda:0', grad_fn=<DivBackward0>)
Memory status after this epoch: 
Memory allocated:  221.49072265625
Memory cached:  402.0
	 epoch  40 training error:  tensor(0.5596, device='cuda:0', grad_fn=<DivBackward0>)
Memory status after this epoch: 
Memory allocated:  221.49072265625
Memory cached:  400.0
	 epoch  50 training error:  tensor(0.5527, device='cuda:0', grad_fn=<DivBackward0>)
Memory status after this epoch: 
Memory allocated:  221.49072265625
Memory cached:  404.0
	 epoch  60 training error:  tensor(0.5441, device='cuda:0', grad_fn=<DivBackward0>)
Memory status after this epoch: 
Memory allocated:  221.49072265625
Memory cached:  404.0
	 epoch  70 training error:  tensor(0.5440, device='cuda:0', grad_fn=<DivBackward0>)
Memory status after this epoch: 
Memory allocated:  221.49072265625
Memory cached:  404.0
	 epoch  80 training error:  tensor(0.5366, device='cuda:0', grad_fn=<DivBackward0>)
Memory status after this epoch: 
Memory allocated:  221.49072265625
Memory cached:  400.0
	 epoch  90 training error:  tensor(0.5389, device='cuda:0', grad_fn=<DivBackward0>)
Memory status after this epoch: 
Memory allocated:  221.49072265625
Memory cached:  402.0
