[I 2024-02-18 09:50:41,046] Trial 24 finished with value: 0.0840597152709961 and parameters: {'W_layers': 6, 'W_layer_units_exponent_0': 8, 'W_layer_units_exponent_1': 9, 'W_layer_units_exponent_2': 7, 'W_layer_units_exponent_3': 10, 'W_layer_units_exponent_4': 5, 'W_layer_units_exponent_5': 8, 'D_layers': 5, 'D_layer_units_exponent_0': 8, 'D_layer_units_exponent_1': 10, 'D_layer_units_exponent_2': 9, 'D_layer_units_exponent_3': 8, 'D_layer_units_exponent_4': 6, 'D_dagger_layers': 5, 'D_dagger_layer_units_exponent_0': 5, 'D_dagger_layer_units_exponent_1': 4, 'D_dagger_layer_units_exponent_2': 5, 'D_dagger_layer_units_exponent_3': 4, 'D_dagger_layer_units_exponent_4': 5, 'log_learning_rate': -2.948269339154133, 'log_learning_rate_D': -2.11708284347083, 'log_learning_rate_D_dagger': -2.862606595380421, 'training_batch_size': 11, 'training_p': 2}. Best is trial 24 with value: 0.0840597152709961.
res:  tensor(0.0841, device='cuda:0', grad_fn=<DivBackward0>)
self.bestValue:  tensor(0.0854, device='cuda:0', grad_fn=<DivBackward0>)
Save this model!
Time for this trial:  23.3772451877594
Memory status after this trial: 
Memory allocated:  503.9541015625
Memory cached:  592.0
--------------------  Trial  25   --------------------
Start timing: 
Parameters: 
{'W_layers': 6, 'W_layer_units_exponent_0': 8, 'W_layer_units_exponent_1': 10, 'W_layer_units_exponent_2': 7, 'W_layer_units_exponent_3': 8, 'W_layer_units_exponent_4': 5, 'W_layer_units_exponent_5': 8, 'D_layers': 4, 'D_layer_units_exponent_0': 8, 'D_layer_units_exponent_1': 10, 'D_layer_units_exponent_2': 10, 'D_layer_units_exponent_3': 8, 'D_dagger_layers': 5, 'D_dagger_layer_units_exponent_0': 6, 'D_dagger_layer_units_exponent_1': 4, 'D_dagger_layer_units_exponent_2': 6, 'D_dagger_layer_units_exponent_3': 7, 'D_dagger_layer_units_exponent_4': 5, 'log_learning_rate': -2.2536630305234095, 'log_learning_rate_D': -2.1596202561209776, 'log_learning_rate_D_dagger': -2.9744616494835854, 'training_batch_size': 9, 'training_p': 2}
	 epoch  0 training error:  tensor(1.0123, device='cuda:0', grad_fn=<DivBackward0>)
Memory status after this epoch: 
Memory allocated:  517.48486328125
Memory cached:  594.0
	 epoch  10 training error:  tensor(0.6031, device='cuda:0', grad_fn=<DivBackward0>)
Memory status after this epoch: 
Memory allocated:  517.48486328125
Memory cached:  594.0
	 epoch  20 training error:  tensor(0.5895, device='cuda:0', grad_fn=<DivBackward0>)
Memory status after this epoch: 
Memory allocated:  517.48486328125
Memory cached:  594.0
	 epoch  30 training error:  tensor(0.2935, device='cuda:0', grad_fn=<DivBackward0>)
Memory status after this epoch: 
Memory allocated:  517.48486328125
Memory cached:  594.0
	 epoch  40 training error:  tensor(0.1737, device='cuda:0', grad_fn=<DivBackward0>)
Memory status after this epoch: 
Memory allocated:  517.48486328125
Memory cached:  594.0
	 epoch  50 training error:  tensor(0.1327, device='cuda:0', grad_fn=<DivBackward0>)
Memory status after this epoch: 
Memory allocated:  517.48486328125
Memory cached:  594.0
	 epoch  60 training error:  tensor(0.1009, device='cuda:0', grad_fn=<DivBackward0>)
Memory status after this epoch: 
Memory allocated:  517.48486328125
Memory cached:  594.0
	 epoch  70 training error:  tensor(0.0917, device='cuda:0', grad_fn=<DivBackward0>)
Memory status after this epoch: 
Memory allocated:  517.48486328125
Memory cached:  594.0
	 epoch  80 training error:  tensor(0.0874, device='cuda:0', grad_fn=<DivBackward0>)
Memory status after this epoch: 
Memory allocated:  517.48486328125
Memory cached:  594.0
	 epoch  90 training error:  tensor(0.0850, device='cuda:0', grad_fn=<DivBackward0>)
Memory status after this epoch: 
Memory allocated:  517.48486328125
Memory cached:  594.0
[I 2024-02-18 09:51:04,681] Trial 25 finished with value: 0.08337830007076263 and parameters: {'W_layers': 6, 'W_layer_units_exponent_0': 8, 'W_layer_units_exponent_1': 10, 'W_layer_units_exponent_2': 7, 'W_layer_units_exponent_3': 8, 'W_layer_units_exponent_4': 5, 'W_layer_units_exponent_5': 8, 'D_layers': 4, 'D_layer_units_exponent_0': 8, 'D_layer_units_exponent_1': 10, 'D_layer_units_exponent_2': 10, 'D_layer_units_exponent_3': 8, 'D_dagger_layers': 5, 'D_dagger_layer_units_exponent_0': 6, 'D_dagger_layer_units_exponent_1': 4, 'D_dagger_layer_units_exponent_2': 6, 'D_dagger_layer_units_exponent_3': 7, 'D_dagger_layer_units_exponent_4': 5, 'log_learning_rate': -2.2536630305234095, 'log_learning_rate_D': -2.1596202561209776, 'log_learning_rate_D_dagger': -2.9744616494835854, 'training_batch_size': 9, 'training_p': 2}. Best is trial 25 with value: 0.08337830007076263.
res:  tensor(0.0834, device='cuda:0', grad_fn=<DivBackward0>)
self.bestValue:  tensor(0.0841, device='cuda:0', grad_fn=<DivBackward0>)
Save this model!
Time for this trial:  23.308913230895996
Memory status after this trial: 
Memory allocated:  488.6435546875
Memory cached:  614.0
--------------------  Trial  26   --------------------
Start timing: 
Parameters: 
{'W_layers': 6, 'W_layer_units_exponent_0': 7, 'W_layer_units_exponent_1': 10, 'W_layer_units_exponent_2': 7, 'W_layer_units_exponent_3': 8, 'W_layer_units_exponent_4': 5, 'W_layer_units_exponent_5': 8, 'D_layers': 4, 'D_layer_units_exponent_0': 10, 'D_layer_units_exponent_1': 10, 'D_layer_units_exponent_2': 9, 'D_layer_units_exponent_3': 8, 'D_dagger_layers': 5, 'D_dagger_layer_units_exponent_0': 4, 'D_dagger_layer_units_exponent_1': 4, 'D_dagger_layer_units_exponent_2': 6, 'D_dagger_layer_units_exponent_3': 8, 'D_dagger_layer_units_exponent_4': 5, 'log_learning_rate': -2.2983466833598185, 'log_learning_rate_D': -2.0249364738497233, 'log_learning_rate_D_dagger': -3.0314514528425054, 'training_batch_size': 8, 'training_p': 2}
	 epoch  0 training error:  tensor(0.9673, device='cuda:0', grad_fn=<DivBackward0>)
Memory status after this epoch: 
Memory allocated:  500.37646484375
Memory cached:  614.0
	 epoch  10 training error:  tensor(0.2372, device='cuda:0', grad_fn=<DivBackward0>)
Memory status after this epoch: 
Memory allocated:  500.37646484375
Memory cached:  614.0
	 epoch  20 training error:  tensor(0.1593, device='cuda:0', grad_fn=<DivBackward0>)
Memory status after this epoch: 
Memory allocated:  500.37646484375
Memory cached:  614.0
	 epoch  30 training error:  tensor(0.1325, device='cuda:0', grad_fn=<DivBackward0>)
Memory status after this epoch: 
Memory allocated:  500.37646484375
Memory cached:  614.0
	 epoch  40 training error:  tensor(0.1184, device='cuda:0', grad_fn=<DivBackward0>)
Memory status after this epoch: 
Memory allocated:  500.37646484375
Memory cached:  614.0
	 epoch  50 training error:  tensor(0.1000, device='cuda:0', grad_fn=<DivBackward0>)
Memory status after this epoch: 
Memory allocated:  500.37646484375
Memory cached:  614.0
	 epoch  60 training error:  tensor(0.0849, device='cuda:0', grad_fn=<DivBackward0>)
Memory status after this epoch: 
Memory allocated:  500.37646484375
Memory cached:  614.0
	 epoch  70 training error:  tensor(0.0842, device='cuda:0', grad_fn=<DivBackward0>)
Memory status after this epoch: 
Memory allocated:  500.37646484375
Memory cached:  614.0
	 epoch  80 training error:  tensor(0.0832, device='cuda:0', grad_fn=<DivBackward0>)
Memory status after this epoch: 
Memory allocated:  500.37646484375
Memory cached:  614.0
	 epoch  90 training error:  tensor(0.0830, device='cuda:0', grad_fn=<DivBackward0>)
Memory status after this epoch: 
Memory allocated:  500.37646484375
Memory cached:  614.0
[I 2024-02-18 09:51:31,392] Trial 26 finished with value: 0.0832114964723587 and parameters: {'W_layers': 6, 'W_layer_units_exponent_0': 7, 'W_layer_units_exponent_1': 10, 'W_layer_units_exponent_2': 7, 'W_layer_units_exponent_3': 8, 'W_layer_units_exponent_4': 5, 'W_layer_units_exponent_5': 8, 'D_layers': 4, 'D_layer_units_exponent_0': 10, 'D_layer_units_exponent_1': 10, 'D_layer_units_exponent_2': 9, 'D_layer_units_exponent_3': 8, 'D_dagger_layers': 5, 'D_dagger_layer_units_exponent_0': 4, 'D_dagger_layer_units_exponent_1': 4, 'D_dagger_layer_units_exponent_2': 6, 'D_dagger_layer_units_exponent_3': 8, 'D_dagger_layer_units_exponent_4': 5, 'log_learning_rate': -2.2983466833598185, 'log_learning_rate_D': -2.0249364738497233, 'log_learning_rate_D_dagger': -3.0314514528425054, 'training_batch_size': 8, 'training_p': 2}. Best is trial 26 with value: 0.0832114964723587.
res:  tensor(0.0832, device='cuda:0', grad_fn=<DivBackward0>)
self.bestValue:  tensor(0.0834, device='cuda:0', grad_fn=<DivBackward0>)
Save this model!
Time for this trial:  26.339269161224365
Memory status after this trial: 
Memory allocated:  476.4453125
Memory cached:  588.0
--------------------  Trial  27   --------------------
Start timing: 
Parameters: 
{'W_layers': 6, 'W_layer_units_exponent_0': 7, 'W_layer_units_exponent_1': 10, 'W_layer_units_exponent_2': 7, 'W_layer_units_exponent_3': 8, 'W_layer_units_exponent_4': 5, 'W_layer_units_exponent_5': 8, 'D_layers': 4, 'D_layer_units_exponent_0': 10, 'D_layer_units_exponent_1': 10, 'D_layer_units_exponent_2': 9, 'D_layer_units_exponent_3': 8, 'D_dagger_layers': 5, 'D_dagger_layer_units_exponent_0': 4, 'D_dagger_layer_units_exponent_1': 4, 'D_dagger_layer_units_exponent_2': 6, 'D_dagger_layer_units_exponent_3': 8, 'D_dagger_layer_units_exponent_4': 5, 'log_learning_rate': -2.239686773044778, 'log_learning_rate_D': -1.9635402080013806, 'log_learning_rate_D_dagger': -3.0690198689753485, 'training_batch_size': 8, 'training_p': 2}
	 epoch  0 training error:  tensor(1.3354, device='cuda:0', grad_fn=<DivBackward0>)
Memory status after this epoch: 
Memory allocated:  488.97509765625
Memory cached:  590.0
	 epoch  10 training error:  tensor(0.2166, device='cuda:0', grad_fn=<DivBackward0>)
Memory status after this epoch: 
Memory allocated:  488.97509765625
Memory cached:  590.0
	 epoch  20 training error:  tensor(0.1674, device='cuda:0', grad_fn=<DivBackward0>)
Memory status after this epoch: 
Memory allocated:  488.97509765625
Memory cached:  590.0
	 epoch  30 training error:  tensor(0.1481, device='cuda:0', grad_fn=<DivBackward0>)
Memory status after this epoch: 
Memory allocated:  488.97509765625
Memory cached:  590.0
	 epoch  40 training error:  tensor(0.1355, device='cuda:0', grad_fn=<DivBackward0>)
Memory status after this epoch: 
Memory allocated:  488.97509765625
Memory cached:  590.0
	 epoch  50 training error:  tensor(0.1145, device='cuda:0', grad_fn=<DivBackward0>)
Memory status after this epoch: 
Memory allocated:  488.97509765625
Memory cached:  590.0
	 epoch  60 training error:  tensor(0.0974, device='cuda:0', grad_fn=<DivBackward0>)
Memory status after this epoch: 
Memory allocated:  488.97509765625
Memory cached:  590.0
	 epoch  70 training error:  tensor(0.0901, device='cuda:0', grad_fn=<DivBackward0>)
Memory status after this epoch: 
Memory allocated:  488.97509765625
Memory cached:  590.0
	 epoch  80 training error:  tensor(0.0860, device='cuda:0', grad_fn=<DivBackward0>)
Memory status after this epoch: 
Memory allocated:  488.97509765625
Memory cached:  590.0
	 epoch  90 training error:  tensor(0.0834, device='cuda:0', grad_fn=<DivBackward0>)
Memory status after this epoch: 
Memory allocated:  488.97509765625
Memory cached:  590.0
[I 2024-02-18 09:51:58,779] Trial 27 finished with value: 0.0845477506518364 and parameters: {'W_layers': 6, 'W_layer_units_exponent_0': 7, 'W_layer_units_exponent_1': 10, 'W_layer_units_exponent_2': 7, 'W_layer_units_exponent_3': 8, 'W_layer_units_exponent_4': 5, 'W_layer_units_exponent_5': 8, 'D_layers': 4, 'D_layer_units_exponent_0': 10, 'D_layer_units_exponent_1': 10, 'D_layer_units_exponent_2': 9, 'D_layer_units_exponent_3': 8, 'D_dagger_layers': 5, 'D_dagger_layer_units_exponent_0': 4, 'D_dagger_layer_units_exponent_1': 4, 'D_dagger_layer_units_exponent_2': 6, 'D_dagger_layer_units_exponent_3': 8, 'D_dagger_layer_units_exponent_4': 5, 'log_learning_rate': -2.239686773044778, 'log_learning_rate_D': -1.9635402080013806, 'log_learning_rate_D_dagger': -3.0690198689753485, 'training_batch_size': 8, 'training_p': 2}. Best is trial 26 with value: 0.0832114964723587.
Time for this trial:  27.046310901641846
Memory status after this trial: 
Memory allocated:  952.02685546875
Memory cached:  980.0
--------------------  Trial  28   --------------------
Start timing: 
Parameters: 
{'W_layers': 6, 'W_layer_units_exponent_0': 7, 'W_layer_units_exponent_1': 10, 'W_layer_units_exponent_2': 9, 'W_layer_units_exponent_3': 5, 'W_layer_units_exponent_4': 5, 'W_layer_units_exponent_5': 8, 'D_layers': 2, 'D_layer_units_exponent_0': 10, 'D_layer_units_exponent_1': 10, 'D_dagger_layers': 5, 'D_dagger_layer_units_exponent_0': 4, 'D_dagger_layer_units_exponent_1': 4, 'D_dagger_layer_units_exponent_2': 6, 'D_dagger_layer_units_exponent_3': 9, 'D_dagger_layer_units_exponent_4': 7, 'log_learning_rate': -1.5699769653645124, 'log_learning_rate_D': -1.5001470067589042, 'log_learning_rate_D_dagger': -3.392057176968406, 'training_batch_size': 8, 'training_p': 2}
	 epoch  0 training error:  tensor(3.7598, device='cuda:0', grad_fn=<DivBackward0>)
Memory status after this epoch: 
Memory allocated:  493.24853515625
Memory cached:  606.0
	 epoch  10 training error:  tensor(3.4103, device='cuda:0', grad_fn=<DivBackward0>)
Memory status after this epoch: 
Memory allocated:  493.24853515625
Memory cached:  606.0
	 epoch  20 training error:  tensor(5.0642, device='cuda:0', grad_fn=<DivBackward0>)
Memory status after this epoch: 
Memory allocated:  493.24853515625
Memory cached:  606.0
	 epoch  30 training error:  tensor(0.4784, device='cuda:0', grad_fn=<DivBackward0>)
Memory status after this epoch: 
Memory allocated:  493.24853515625
Memory cached:  606.0
	 epoch  40 training error:  tensor(0.9431, device='cuda:0', grad_fn=<DivBackward0>)
Memory status after this epoch: 
Memory allocated:  493.24853515625
Memory cached:  606.0
	 epoch  50 training error:  tensor(2.9064, device='cuda:0', grad_fn=<DivBackward0>)
Memory status after this epoch: 
Memory allocated:  493.24853515625
Memory cached:  606.0
	 epoch  60 training error:  tensor(0.5517, device='cuda:0', grad_fn=<DivBackward0>)
Memory status after this epoch: 
Memory allocated:  493.24853515625
Memory cached:  606.0
	 epoch  70 training error:  tensor(0.2230, device='cuda:0', grad_fn=<DivBackward0>)
Memory status after this epoch: 
Memory allocated:  493.24853515625
Memory cached:  606.0
	 epoch  80 training error:  tensor(0.1144, device='cuda:0', grad_fn=<DivBackward0>)
Memory status after this epoch: 
Memory allocated:  493.24853515625
Memory cached:  606.0
	 epoch  90 training error:  tensor(0.1032, device='cuda:0', grad_fn=<DivBackward0>)
Memory status after this epoch: 
Memory allocated:  493.24853515625
Memory cached:  606.0
[I 2024-02-18 09:52:28,494] Trial 28 finished with value: 0.0910162553191185 and parameters: {'W_layers': 6, 'W_layer_units_exponent_0': 7, 'W_layer_units_exponent_1': 10, 'W_layer_units_exponent_2': 9, 'W_layer_units_exponent_3': 5, 'W_layer_units_exponent_4': 5, 'W_layer_units_exponent_5': 8, 'D_layers': 2, 'D_layer_units_exponent_0': 10, 'D_layer_units_exponent_1': 10, 'D_dagger_layers': 5, 'D_dagger_layer_units_exponent_0': 4, 'D_dagger_layer_units_exponent_1': 4, 'D_dagger_layer_units_exponent_2': 6, 'D_dagger_layer_units_exponent_3': 9, 'D_dagger_layer_units_exponent_4': 7, 'log_learning_rate': -1.5699769653645124, 'log_learning_rate_D': -1.5001470067589042, 'log_learning_rate_D_dagger': -3.392057176968406, 'training_batch_size': 8, 'training_p': 2}. Best is trial 26 with value: 0.0832114964723587.
Time for this trial:  29.389071464538574
Memory status after this trial: 
Memory allocated:  1065.31201171875
Memory cached:  1094.0
--------------------  Trial  29   --------------------
Start timing: 
Parameters: 
{'W_layers': 5, 'W_layer_units_exponent_0': 6, 'W_layer_units_exponent_1': 10, 'W_layer_units_exponent_2': 8, 'W_layer_units_exponent_3': 8, 'W_layer_units_exponent_4': 6, 'D_layers': 3, 'D_layer_units_exponent_0': 9, 'D_layer_units_exponent_1': 10, 'D_layer_units_exponent_2': 10, 'D_dagger_layers': 3, 'D_dagger_layer_units_exponent_0': 7, 'D_dagger_layer_units_exponent_1': 4, 'D_dagger_layer_units_exponent_2': 4, 'log_learning_rate': -1.4192192698549146, 'log_learning_rate_D': -1.7702441427057662, 'log_learning_rate_D_dagger': -2.8712852641524584, 'training_batch_size': 7, 'training_p': 2}
	 epoch  0 training error:  tensor(36.1114, device='cuda:0', grad_fn=<DivBackward0>)
Memory status after this epoch: 
Memory allocated:  489.60791015625
Memory cached:  588.0
	 epoch  10 training error:  tensor(145.4284, device='cuda:0', grad_fn=<DivBackward0>)
Memory status after this epoch: 
Memory allocated:  489.60791015625
Memory cached:  588.0
	 epoch  20 training error:  tensor(32.9787, device='cuda:0', grad_fn=<DivBackward0>)
Memory status after this epoch: 
Memory allocated:  489.60791015625
Memory cached:  588.0
	 epoch  30 training error:  tensor(0.3151, device='cuda:0', grad_fn=<DivBackward0>)
Memory status after this epoch: 
Memory allocated:  489.60791015625
Memory cached:  588.0
	 epoch  40 training error:  tensor(0.1601, device='cuda:0', grad_fn=<DivBackward0>)
Memory status after this epoch: 
Memory allocated:  489.60791015625
Memory cached:  588.0
	 epoch  50 training error:  tensor(0.1084, device='cuda:0', grad_fn=<DivBackward0>)
Memory status after this epoch: 
Memory allocated:  489.60791015625
Memory cached:  588.0
	 epoch  60 training error:  tensor(0.0860, device='cuda:0', grad_fn=<DivBackward0>)
Memory status after this epoch: 
Memory allocated:  489.60791015625
Memory cached:  588.0
	 epoch  70 training error:  tensor(0.0825, device='cuda:0', grad_fn=<DivBackward0>)
Memory status after this epoch: 
Memory allocated:  489.60791015625
Memory cached:  588.0
	 epoch  80 training error:  tensor(0.0820, device='cuda:0', grad_fn=<DivBackward0>)
Memory status after this epoch: 
Memory allocated:  489.60791015625
Memory cached:  588.0
	 epoch  90 training error:  tensor(0.0845, device='cuda:0', grad_fn=<DivBackward0>)
Memory status after this epoch: 
Memory allocated:  489.60791015625
Memory cached:  588.0
[I 2024-02-18 09:52:53,593] Trial 29 finished with value: 0.08403902500867844 and parameters: {'W_layers': 5, 'W_layer_units_exponent_0': 6, 'W_layer_units_exponent_1': 10, 'W_layer_units_exponent_2': 8, 'W_layer_units_exponent_3': 8, 'W_layer_units_exponent_4': 6, 'D_layers': 3, 'D_layer_units_exponent_0': 9, 'D_layer_units_exponent_1': 10, 'D_layer_units_exponent_2': 10, 'D_dagger_layers': 3, 'D_dagger_layer_units_exponent_0': 7, 'D_dagger_layer_units_exponent_1': 4, 'D_dagger_layer_units_exponent_2': 4, 'log_learning_rate': -1.4192192698549146, 'log_learning_rate_D': -1.7702441427057662, 'log_learning_rate_D_dagger': -2.8712852641524584, 'training_batch_size': 7, 'training_p': 2}. Best is trial 26 with value: 0.0832114964723587.
Time for this trial:  24.777491569519043
Memory status after this trial: 
Memory allocated:  875.59619140625
Memory cached:  904.0
--------------------  Trial  30   --------------------
Start timing: 
Parameters: 
{'W_layers': 5, 'W_layer_units_exponent_0': 5, 'W_layer_units_exponent_1': 10, 'W_layer_units_exponent_2': 9, 'W_layer_units_exponent_3': 8, 'W_layer_units_exponent_4': 6, 'D_layers': 3, 'D_layer_units_exponent_0': 9, 'D_layer_units_exponent_1': 10, 'D_layer_units_exponent_2': 10, 'D_dagger_layers': 2, 'D_dagger_layer_units_exponent_0': 7, 'D_dagger_layer_units_exponent_1': 8, 'log_learning_rate': -1.3275847113002621, 'log_learning_rate_D': -1.7831487711234018, 'log_learning_rate_D_dagger': -3.626751873164195, 'training_batch_size': 7, 'training_p': 2}
	 epoch  0 training error:  tensor(80.3378, device='cuda:0', grad_fn=<DivBackward0>)
Memory status after this epoch: 
Memory allocated:  495.15673828125
Memory cached:  588.0
	 epoch  10 training error:  tensor(362.4531, device='cuda:0', grad_fn=<DivBackward0>)
Memory status after this epoch: 
Memory allocated:  495.15673828125
Memory cached:  588.0
	 epoch  20 training error:  tensor(11.3649, device='cuda:0', grad_fn=<DivBackward0>)
Memory status after this epoch: 
Memory allocated:  495.15673828125
Memory cached:  588.0
	 epoch  30 training error:  tensor(0.9149, device='cuda:0', grad_fn=<DivBackward0>)
Memory status after this epoch: 
Memory allocated:  495.15673828125
Memory cached:  588.0
	 epoch  40 training error:  tensor(0.1939, device='cuda:0', grad_fn=<DivBackward0>)
Memory status after this epoch: 
Memory allocated:  495.15673828125
Memory cached:  588.0
	 epoch  50 training error:  tensor(0.1237, device='cuda:0', grad_fn=<DivBackward0>)
Memory status after this epoch: 
Memory allocated:  495.15673828125
Memory cached:  588.0
	 epoch  60 training error:  tensor(0.1127, device='cuda:0', grad_fn=<DivBackward0>)
Memory status after this epoch: 
Memory allocated:  495.15673828125
Memory cached:  588.0
	 epoch  70 training error:  tensor(0.1054, device='cuda:0', grad_fn=<DivBackward0>)
Memory status after this epoch: 
Memory allocated:  495.15673828125
Memory cached:  588.0
	 epoch  80 training error:  tensor(0.1017, device='cuda:0', grad_fn=<DivBackward0>)
Memory status after this epoch: 
Memory allocated:  495.15673828125
Memory cached:  588.0
	 epoch  90 training error:  tensor(0.0956, device='cuda:0', grad_fn=<DivBackward0>)
Memory status after this epoch: 
Memory allocated:  495.15673828125
Memory cached:  588.0
