[I 2024-01-13 23:30:28,910] Trial 12 finished with value: 0.09241421520709991 and parameters: {'W_layers': 3, 'W_layer_units_exponent_0': 7, 'W_layer_units_exponent_1': 5, 'W_layer_units_exponent_2': 7, 'D_layers': 4, 'D_layer_units_exponent_0': 8, 'D_layer_units_exponent_1': 5, 'D_layer_units_exponent_2': 4, 'D_layer_units_exponent_3': 5, 'D_dagger_layers': 3, 'D_dagger_layer_units_exponent_0': 10, 'D_dagger_layer_units_exponent_1': 6, 'D_dagger_layer_units_exponent_2': 6, 'log_learning_rate': -2.3913484979509545, 'log_learning_rate_D': -4.218842858760578, 'log_learning_rate_D_dagger': -4.135478303793944, 'training_batch_size': 10, 'training_p': 2}. Best is trial 7 with value: 0.08976651728153229.
Time for this trial:  30.766494035720825
Memory status after this trial: 
Memory allocated:  519.39892578125
Memory cached:  548.0
--------------------  Trial  13   --------------------
Start timing: 
Parameters: 
{'W_layers': 3, 'W_layer_units_exponent_0': 10, 'W_layer_units_exponent_1': 5, 'W_layer_units_exponent_2': 6, 'D_layers': 6, 'D_layer_units_exponent_0': 6, 'D_layer_units_exponent_1': 7, 'D_layer_units_exponent_2': 5, 'D_layer_units_exponent_3': 5, 'D_layer_units_exponent_4': 6, 'D_layer_units_exponent_5': 4, 'D_dagger_layers': 4, 'D_dagger_layer_units_exponent_0': 9, 'D_dagger_layer_units_exponent_1': 7, 'D_dagger_layer_units_exponent_2': 5, 'D_dagger_layer_units_exponent_3': 6, 'log_learning_rate': -2.2449714120035544, 'log_learning_rate_D': -4.632733998841183, 'log_learning_rate_D_dagger': -3.150278753213895, 'training_batch_size': 10, 'training_p': 4}
	 epoch  0 training error:  tensor(1.0472, device='cuda:0', grad_fn=<DivBackward0>)
Memory status after this epoch: 
Memory allocated:  366.54296875
Memory cached:  450.0
	 epoch  10 training error:  tensor(0.4586, device='cuda:0', grad_fn=<DivBackward0>)
Memory status after this epoch: 
Memory allocated:  366.54296875
Memory cached:  450.0
	 epoch  20 training error:  tensor(0.2716, device='cuda:0', grad_fn=<DivBackward0>)
Memory status after this epoch: 
Memory allocated:  366.54296875
Memory cached:  450.0
	 epoch  30 training error:  tensor(0.1453, device='cuda:0', grad_fn=<DivBackward0>)
Memory status after this epoch: 
Memory allocated:  366.54296875
Memory cached:  450.0
	 epoch  40 training error:  tensor(0.1123, device='cuda:0', grad_fn=<DivBackward0>)
Memory status after this epoch: 
Memory allocated:  366.54296875
Memory cached:  450.0
	 epoch  50 training error:  tensor(0.1128, device='cuda:0', grad_fn=<DivBackward0>)
Memory status after this epoch: 
Memory allocated:  366.54296875
Memory cached:  450.0
	 epoch  60 training error:  tensor(0.1073, device='cuda:0', grad_fn=<DivBackward0>)
Memory status after this epoch: 
Memory allocated:  366.54296875
Memory cached:  450.0
	 epoch  70 training error:  tensor(0.1044, device='cuda:0', grad_fn=<DivBackward0>)
Memory status after this epoch: 
Memory allocated:  366.54296875
Memory cached:  450.0
	 epoch  80 training error:  tensor(0.1045, device='cuda:0', grad_fn=<DivBackward0>)
Memory status after this epoch: 
Memory allocated:  366.54296875
Memory cached:  450.0
	 epoch  90 training error:  tensor(0.1039, device='cuda:0', grad_fn=<DivBackward0>)
Memory status after this epoch: 
Memory allocated:  366.54296875
Memory cached:  450.0
[I 2024-01-13 23:31:01,617] Trial 13 finished with value: 0.09088534116744995 and parameters: {'W_layers': 3, 'W_layer_units_exponent_0': 10, 'W_layer_units_exponent_1': 5, 'W_layer_units_exponent_2': 6, 'D_layers': 6, 'D_layer_units_exponent_0': 6, 'D_layer_units_exponent_1': 7, 'D_layer_units_exponent_2': 5, 'D_layer_units_exponent_3': 5, 'D_layer_units_exponent_4': 6, 'D_layer_units_exponent_5': 4, 'D_dagger_layers': 4, 'D_dagger_layer_units_exponent_0': 9, 'D_dagger_layer_units_exponent_1': 7, 'D_dagger_layer_units_exponent_2': 5, 'D_dagger_layer_units_exponent_3': 6, 'log_learning_rate': -2.2449714120035544, 'log_learning_rate_D': -4.632733998841183, 'log_learning_rate_D_dagger': -3.150278753213895, 'training_batch_size': 10, 'training_p': 4}. Best is trial 7 with value: 0.08976651728153229.
Time for this trial:  32.4044303894043
Memory status after this trial: 
Memory allocated:  566.15966796875
Memory cached:  576.0
--------------------  Trial  14   --------------------
Start timing: 
Parameters: 
{'W_layers': 3, 'W_layer_units_exponent_0': 6, 'W_layer_units_exponent_1': 5, 'W_layer_units_exponent_2': 8, 'D_layers': 4, 'D_layer_units_exponent_0': 8, 'D_layer_units_exponent_1': 7, 'D_layer_units_exponent_2': 5, 'D_layer_units_exponent_3': 6, 'D_dagger_layers': 4, 'D_dagger_layer_units_exponent_0': 9, 'D_dagger_layer_units_exponent_1': 6, 'D_dagger_layer_units_exponent_2': 7, 'D_dagger_layer_units_exponent_3': 9, 'log_learning_rate': -2.706910829419918, 'log_learning_rate_D': -4.995938198067123, 'log_learning_rate_D_dagger': -4.427069285085528, 'training_batch_size': 6, 'training_p': 3}
	 epoch  0 training error:  tensor(0.7538, device='cuda:0', grad_fn=<DivBackward0>)
Memory status after this epoch: 
Memory allocated:  366.72412109375
Memory cached:  450.0
	 epoch  10 training error:  tensor(0.2832, device='cuda:0', grad_fn=<DivBackward0>)
Memory status after this epoch: 
Memory allocated:  366.72412109375
Memory cached:  452.0
	 epoch  20 training error:  tensor(0.1599, device='cuda:0', grad_fn=<DivBackward0>)
Memory status after this epoch: 
Memory allocated:  366.72412109375
Memory cached:  452.0
	 epoch  30 training error:  tensor(0.1346, device='cuda:0', grad_fn=<DivBackward0>)
Memory status after this epoch: 
Memory allocated:  366.72412109375
Memory cached:  452.0
	 epoch  40 training error:  tensor(0.1145, device='cuda:0', grad_fn=<DivBackward0>)
Memory status after this epoch: 
Memory allocated:  366.72412109375
Memory cached:  452.0
	 epoch  50 training error:  tensor(0.1021, device='cuda:0', grad_fn=<DivBackward0>)
Memory status after this epoch: 
Memory allocated:  366.72412109375
Memory cached:  452.0
	 epoch  60 training error:  tensor(0.0990, device='cuda:0', grad_fn=<DivBackward0>)
Memory status after this epoch: 
Memory allocated:  366.72412109375
Memory cached:  452.0
	 epoch  70 training error:  tensor(0.0988, device='cuda:0', grad_fn=<DivBackward0>)
Memory status after this epoch: 
Memory allocated:  366.72412109375
Memory cached:  452.0
	 epoch  80 training error:  tensor(0.0975, device='cuda:0', grad_fn=<DivBackward0>)
Memory status after this epoch: 
Memory allocated:  366.72412109375
Memory cached:  452.0
	 epoch  90 training error:  tensor(0.0970, device='cuda:0', grad_fn=<DivBackward0>)
Memory status after this epoch: 
Memory allocated:  366.72412109375
Memory cached:  452.0
[I 2024-01-13 23:31:25,072] Trial 14 finished with value: 0.08965053409337997 and parameters: {'W_layers': 3, 'W_layer_units_exponent_0': 6, 'W_layer_units_exponent_1': 5, 'W_layer_units_exponent_2': 8, 'D_layers': 4, 'D_layer_units_exponent_0': 8, 'D_layer_units_exponent_1': 7, 'D_layer_units_exponent_2': 5, 'D_layer_units_exponent_3': 6, 'D_dagger_layers': 4, 'D_dagger_layer_units_exponent_0': 9, 'D_dagger_layer_units_exponent_1': 6, 'D_dagger_layer_units_exponent_2': 7, 'D_dagger_layer_units_exponent_3': 9, 'log_learning_rate': -2.706910829419918, 'log_learning_rate_D': -4.995938198067123, 'log_learning_rate_D_dagger': -4.427069285085528, 'training_batch_size': 6, 'training_p': 3}. Best is trial 14 with value: 0.08965053409337997.
res:  tensor(0.0897, device='cuda:0', grad_fn=<DivBackward0>)
self.bestValue:  tensor(0.0898, device='cuda:0', grad_fn=<DivBackward0>)
Save this model!
Time for this trial:  23.146894693374634
Memory status after this trial: 
Memory allocated:  159.72021484375
Memory cached:  230.0
--------------------  Trial  15   --------------------
Start timing: 
Parameters: 
{'W_layers': 6, 'W_layer_units_exponent_0': 6, 'W_layer_units_exponent_1': 4, 'W_layer_units_exponent_2': 6, 'W_layer_units_exponent_3': 10, 'W_layer_units_exponent_4': 10, 'W_layer_units_exponent_5': 10, 'D_layers': 6, 'D_layer_units_exponent_0': 9, 'D_layer_units_exponent_1': 8, 'D_layer_units_exponent_2': 9, 'D_layer_units_exponent_3': 6, 'D_layer_units_exponent_4': 10, 'D_layer_units_exponent_5': 7, 'D_dagger_layers': 4, 'D_dagger_layer_units_exponent_0': 9, 'D_dagger_layer_units_exponent_1': 5, 'D_dagger_layer_units_exponent_2': 8, 'D_dagger_layer_units_exponent_3': 8, 'log_learning_rate': -2.8257814054933545, 'log_learning_rate_D': -3.821654911391327, 'log_learning_rate_D_dagger': -4.687836361686857, 'training_batch_size': 6, 'training_p': 5}
	 epoch  0 training error:  tensor(2.3182, device='cuda:0', grad_fn=<DivBackward0>)
Memory status after this epoch: 
Memory allocated:  196.875
Memory cached:  230.0
	 epoch  10 training error:  tensor(0.6311, device='cuda:0', grad_fn=<DivBackward0>)
Memory status after this epoch: 
Memory allocated:  196.875
Memory cached:  230.0
	 epoch  20 training error:  tensor(0.4595, device='cuda:0', grad_fn=<DivBackward0>)
Memory status after this epoch: 
Memory allocated:  196.875
Memory cached:  230.0
	 epoch  30 training error:  tensor(0.2243, device='cuda:0', grad_fn=<DivBackward0>)
Memory status after this epoch: 
Memory allocated:  196.875
Memory cached:  230.0
	 epoch  40 training error:  tensor(0.1868, device='cuda:0', grad_fn=<DivBackward0>)
Memory status after this epoch: 
Memory allocated:  196.875
Memory cached:  230.0
	 epoch  50 training error:  tensor(0.1719, device='cuda:0', grad_fn=<DivBackward0>)
Memory status after this epoch: 
Memory allocated:  196.875
Memory cached:  230.0
	 epoch  60 training error:  tensor(0.1601, device='cuda:0', grad_fn=<DivBackward0>)
Memory status after this epoch: 
Memory allocated:  196.875
Memory cached:  230.0
	 epoch  70 training error:  tensor(0.1489, device='cuda:0', grad_fn=<DivBackward0>)
Memory status after this epoch: 
Memory allocated:  196.875
Memory cached:  230.0
	 epoch  80 training error:  tensor(0.1376, device='cuda:0', grad_fn=<DivBackward0>)
Memory status after this epoch: 
Memory allocated:  196.875
Memory cached:  230.0
	 epoch  90 training error:  tensor(0.1269, device='cuda:0', grad_fn=<DivBackward0>)
Memory status after this epoch: 
Memory allocated:  196.875
Memory cached:  230.0
[I 2024-01-13 23:31:55,994] Trial 15 finished with value: 0.09728264063596725 and parameters: {'W_layers': 6, 'W_layer_units_exponent_0': 6, 'W_layer_units_exponent_1': 4, 'W_layer_units_exponent_2': 6, 'W_layer_units_exponent_3': 10, 'W_layer_units_exponent_4': 10, 'W_layer_units_exponent_5': 10, 'D_layers': 6, 'D_layer_units_exponent_0': 9, 'D_layer_units_exponent_1': 8, 'D_layer_units_exponent_2': 9, 'D_layer_units_exponent_3': 6, 'D_layer_units_exponent_4': 10, 'D_layer_units_exponent_5': 7, 'D_dagger_layers': 4, 'D_dagger_layer_units_exponent_0': 9, 'D_dagger_layer_units_exponent_1': 5, 'D_dagger_layer_units_exponent_2': 8, 'D_dagger_layer_units_exponent_3': 8, 'log_learning_rate': -2.8257814054933545, 'log_learning_rate_D': -3.821654911391327, 'log_learning_rate_D_dagger': -4.687836361686857, 'training_batch_size': 6, 'training_p': 5}. Best is trial 14 with value: 0.08965053409337997.
Time for this trial:  30.567100524902344
Memory status after this trial: 
Memory allocated:  623.28955078125
Memory cached:  680.0
--------------------  Trial  16   --------------------
Start timing: 
Parameters: 
{'W_layers': 4, 'W_layer_units_exponent_0': 5, 'W_layer_units_exponent_1': 6, 'W_layer_units_exponent_2': 8, 'W_layer_units_exponent_3': 10, 'D_layers': 3, 'D_layer_units_exponent_0': 8, 'D_layer_units_exponent_1': 7, 'D_layer_units_exponent_2': 5, 'D_dagger_layers': 3, 'D_dagger_layer_units_exponent_0': 10, 'D_dagger_layer_units_exponent_1': 6, 'D_dagger_layer_units_exponent_2': 7, 'log_learning_rate': -4.199672937966682, 'log_learning_rate_D': -4.3812070433077, 'log_learning_rate_D_dagger': -4.393676746161624, 'training_batch_size': 7, 'training_p': 3}
	 epoch  0 training error:  tensor(1.1002, device='cuda:0', grad_fn=<DivBackward0>)
Memory status after this epoch: 
Memory allocated:  165.361328125
Memory cached:  230.0
	 epoch  10 training error:  tensor(0.4335, device='cuda:0', grad_fn=<DivBackward0>)
Memory status after this epoch: 
Memory allocated:  165.361328125
Memory cached:  230.0
	 epoch  20 training error:  tensor(0.1817, device='cuda:0', grad_fn=<DivBackward0>)
Memory status after this epoch: 
Memory allocated:  165.361328125
Memory cached:  230.0
	 epoch  30 training error:  tensor(0.1557, device='cuda:0', grad_fn=<DivBackward0>)
Memory status after this epoch: 
Memory allocated:  165.361328125
Memory cached:  230.0
	 epoch  40 training error:  tensor(0.1405, device='cuda:0', grad_fn=<DivBackward0>)
Memory status after this epoch: 
Memory allocated:  165.361328125
Memory cached:  230.0
	 epoch  50 training error:  tensor(0.1272, device='cuda:0', grad_fn=<DivBackward0>)
Memory status after this epoch: 
Memory allocated:  165.361328125
Memory cached:  230.0
	 epoch  60 training error:  tensor(0.1147, device='cuda:0', grad_fn=<DivBackward0>)
Memory status after this epoch: 
Memory allocated:  165.361328125
Memory cached:  230.0
	 epoch  70 training error:  tensor(0.1047, device='cuda:0', grad_fn=<DivBackward0>)
Memory status after this epoch: 
Memory allocated:  165.361328125
Memory cached:  230.0
	 epoch  80 training error:  tensor(0.1006, device='cuda:0', grad_fn=<DivBackward0>)
Memory status after this epoch: 
Memory allocated:  165.361328125
Memory cached:  230.0
	 epoch  90 training error:  tensor(0.1000, device='cuda:0', grad_fn=<DivBackward0>)
Memory status after this epoch: 
Memory allocated:  165.361328125
Memory cached:  230.0
[I 2024-01-13 23:32:44,516] Trial 16 finished with value: 0.09073538333177567 and parameters: {'W_layers': 4, 'W_layer_units_exponent_0': 5, 'W_layer_units_exponent_1': 6, 'W_layer_units_exponent_2': 8, 'W_layer_units_exponent_3': 10, 'D_layers': 3, 'D_layer_units_exponent_0': 8, 'D_layer_units_exponent_1': 7, 'D_layer_units_exponent_2': 5, 'D_dagger_layers': 3, 'D_dagger_layer_units_exponent_0': 10, 'D_dagger_layer_units_exponent_1': 6, 'D_dagger_layer_units_exponent_2': 7, 'log_learning_rate': -4.199672937966682, 'log_learning_rate_D': -4.3812070433077, 'log_learning_rate_D_dagger': -4.393676746161624, 'training_batch_size': 7, 'training_p': 3}. Best is trial 14 with value: 0.08965053409337997.
Time for this trial:  48.23413920402527
Memory status after this trial: 
Memory allocated:  427.25732421875
Memory cached:  456.0
--------------------  Trial  17   --------------------
Start timing: 
Parameters: 
{'W_layers': 2, 'W_layer_units_exponent_0': 4, 'W_layer_units_exponent_1': 6, 'D_layers': 5, 'D_layer_units_exponent_0': 10, 'D_layer_units_exponent_1': 9, 'D_layer_units_exponent_2': 6, 'D_layer_units_exponent_3': 6, 'D_layer_units_exponent_4': 6, 'D_dagger_layers': 3, 'D_dagger_layer_units_exponent_0': 8, 'D_dagger_layer_units_exponent_1': 4, 'D_dagger_layer_units_exponent_2': 7, 'log_learning_rate': -2.792960977808335, 'log_learning_rate_D': -3.676476814990982, 'log_learning_rate_D_dagger': -4.438285730737709, 'training_batch_size': 7, 'training_p': 2}
	 epoch  0 training error:  tensor(1.2494, device='cuda:0', grad_fn=<DivBackward0>)
Memory status after this epoch: 
Memory allocated:  162.35693359375
Memory cached:  230.0
	 epoch  10 training error:  tensor(0.6722, device='cuda:0', grad_fn=<DivBackward0>)
Memory status after this epoch: 
Memory allocated:  162.35693359375
Memory cached:  230.0
	 epoch  20 training error:  tensor(0.5798, device='cuda:0', grad_fn=<DivBackward0>)
Memory status after this epoch: 
Memory allocated:  162.35693359375
Memory cached:  230.0
	 epoch  30 training error:  tensor(0.5179, device='cuda:0', grad_fn=<DivBackward0>)
Memory status after this epoch: 
Memory allocated:  162.35693359375
Memory cached:  230.0
	 epoch  40 training error:  tensor(0.4522, device='cuda:0', grad_fn=<DivBackward0>)
Memory status after this epoch: 
Memory allocated:  162.35693359375
Memory cached:  230.0
	 epoch  50 training error:  tensor(0.3806, device='cuda:0', grad_fn=<DivBackward0>)
Memory status after this epoch: 
Memory allocated:  162.35693359375
Memory cached:  230.0
	 epoch  60 training error:  tensor(0.3077, device='cuda:0', grad_fn=<DivBackward0>)
Memory status after this epoch: 
Memory allocated:  162.35693359375
Memory cached:  230.0
	 epoch  70 training error:  tensor(0.2453, device='cuda:0', grad_fn=<DivBackward0>)
Memory status after this epoch: 
Memory allocated:  162.35693359375
Memory cached:  230.0
	 epoch  80 training error:  tensor(0.2084, device='cuda:0', grad_fn=<DivBackward0>)
Memory status after this epoch: 
Memory allocated:  162.35693359375
Memory cached:  230.0
	 epoch  90 training error:  tensor(0.1923, device='cuda:0', grad_fn=<DivBackward0>)
Memory status after this epoch: 
Memory allocated:  162.35693359375
Memory cached:  230.0
[I 2024-01-13 23:33:29,041] Trial 17 finished with value: 0.16977143287658691 and parameters: {'W_layers': 2, 'W_layer_units_exponent_0': 4, 'W_layer_units_exponent_1': 6, 'D_layers': 5, 'D_layer_units_exponent_0': 10, 'D_layer_units_exponent_1': 9, 'D_layer_units_exponent_2': 6, 'D_layer_units_exponent_3': 6, 'D_layer_units_exponent_4': 6, 'D_dagger_layers': 3, 'D_dagger_layer_units_exponent_0': 8, 'D_dagger_layer_units_exponent_1': 4, 'D_dagger_layer_units_exponent_2': 7, 'log_learning_rate': -2.792960977808335, 'log_learning_rate_D': -3.676476814990982, 'log_learning_rate_D_dagger': -4.438285730737709, 'training_batch_size': 7, 'training_p': 2}. Best is trial 14 with value: 0.08965053409337997.
Time for this trial:  44.24100995063782
Memory status after this trial: 
Memory allocated:  209.23681640625
Memory cached:  230.0
--------------------  Trial  18   --------------------
Start timing: 
Parameters: 
{'W_layers': 6, 'W_layer_units_exponent_0': 5, 'W_layer_units_exponent_1': 4, 'W_layer_units_exponent_2': 6, 'W_layer_units_exponent_3': 9, 'W_layer_units_exponent_4': 8, 'W_layer_units_exponent_5': 4, 'D_layers': 7, 'D_layer_units_exponent_0': 6, 'D_layer_units_exponent_1': 7, 'D_layer_units_exponent_2': 6, 'D_layer_units_exponent_3': 6, 'D_layer_units_exponent_4': 7, 'D_layer_units_exponent_5': 4, 'D_layer_units_exponent_6': 7, 'D_dagger_layers': 7, 'D_dagger_layer_units_exponent_0': 9, 'D_dagger_layer_units_exponent_1': 6, 'D_dagger_layer_units_exponent_2': 5, 'D_dagger_layer_units_exponent_3': 9, 'D_dagger_layer_units_exponent_4': 7, 'D_dagger_layer_units_exponent_5': 10, 'D_dagger_layer_units_exponent_6': 7, 'log_learning_rate': -2.724778102887742, 'log_learning_rate_D': -4.443059694731296, 'log_learning_rate_D_dagger': -4.957800194505034, 'training_batch_size': 6, 'training_p': 5}
	 epoch  0 training error:  tensor(0.8600, device='cuda:0', grad_fn=<DivBackward0>)
Memory status after this epoch: 
Memory allocated:  168.30224609375
Memory cached:  234.0
	 epoch  10 training error:  tensor(0.6554, device='cuda:0', grad_fn=<DivBackward0>)
Memory status after this epoch: 
Memory allocated:  168.30224609375
Memory cached:  234.0
	 epoch  20 training error:  tensor(0.5463, device='cuda:0', grad_fn=<DivBackward0>)
Memory status after this epoch: 
Memory allocated:  168.30224609375
Memory cached:  234.0
	 epoch  30 training error:  tensor(0.2621, device='cuda:0', grad_fn=<DivBackward0>)
Memory status after this epoch: 
Memory allocated:  168.30224609375
Memory cached:  234.0
	 epoch  40 training error:  tensor(0.1763, device='cuda:0', grad_fn=<DivBackward0>)
Memory status after this epoch: 
Memory allocated:  168.30224609375
Memory cached:  234.0
	 epoch  50 training error:  tensor(0.1617, device='cuda:0', grad_fn=<DivBackward0>)
Memory status after this epoch: 
Memory allocated:  168.30224609375
Memory cached:  234.0
	 epoch  60 training error:  tensor(0.1525, device='cuda:0', grad_fn=<DivBackward0>)
Memory status after this epoch: 
Memory allocated:  168.30224609375
Memory cached:  234.0
	 epoch  70 training error:  tensor(0.1438, device='cuda:0', grad_fn=<DivBackward0>)
Memory status after this epoch: 
Memory allocated:  168.30224609375
Memory cached:  234.0
	 epoch  80 training error:  tensor(0.1344, device='cuda:0', grad_fn=<DivBackward0>)
Memory status after this epoch: 
Memory allocated:  168.30224609375
Memory cached:  234.0
	 epoch  90 training error:  tensor(0.1270, device='cuda:0', grad_fn=<DivBackward0>)
Memory status after this epoch: 
Memory allocated:  168.30224609375
Memory cached:  234.0
