[I 2024-01-03 16:40:12,352] Trial 42 finished with value: 0.21788422763347626 and parameters: {'W_layers': 5, 'W_layer_units_exponent_0': 10, 'W_layer_units_exponent_1': 6, 'W_layer_units_exponent_2': 9, 'W_layer_units_exponent_3': 4, 'W_layer_units_exponent_4': 8, 'D_layers': 6, 'D_layer_units_exponent_0': 10, 'D_layer_units_exponent_1': 5, 'D_layer_units_exponent_2': 10, 'D_layer_units_exponent_3': 9, 'D_layer_units_exponent_4': 7, 'D_layer_units_exponent_5': 9, 'D_dagger_layers': 6, 'D_dagger_layer_units_exponent_0': 10, 'D_dagger_layer_units_exponent_1': 10, 'D_dagger_layer_units_exponent_2': 4, 'D_dagger_layer_units_exponent_3': 4, 'D_dagger_layer_units_exponent_4': 8, 'D_dagger_layer_units_exponent_5': 6, 'log_learning_rate': -3.714128884125367, 'log_learning_rate_D': -2.741523256279656, 'log_learning_rate_D_dagger': -3.5345140492212126, 'training_batch_size': 12, 'training_p': 4}. Best is trial 40 with value: 0.17467941343784332.
Time for this trial:  245.20332670211792
Memory status after this trial: 
Memory allocated:  712.51220703125
Memory cached:  740.0
--------------------  Trial  43   --------------------
Start timing: 
Parameters: 
{'W_layers': 5, 'W_layer_units_exponent_0': 10, 'W_layer_units_exponent_1': 6, 'W_layer_units_exponent_2': 9, 'W_layer_units_exponent_3': 5, 'W_layer_units_exponent_4': 8, 'D_layers': 6, 'D_layer_units_exponent_0': 9, 'D_layer_units_exponent_1': 5, 'D_layer_units_exponent_2': 9, 'D_layer_units_exponent_3': 9, 'D_layer_units_exponent_4': 7, 'D_layer_units_exponent_5': 8, 'D_dagger_layers': 5, 'D_dagger_layer_units_exponent_0': 10, 'D_dagger_layer_units_exponent_1': 9, 'D_dagger_layer_units_exponent_2': 4, 'D_dagger_layer_units_exponent_3': 4, 'D_dagger_layer_units_exponent_4': 8, 'log_learning_rate': -3.700998211817874, 'log_learning_rate_D': -2.7981875264623453, 'log_learning_rate_D_dagger': -3.5735983259227324, 'training_batch_size': 12, 'training_p': 6}
	 epoch  0 training error:  tensor(1.0186, device='cuda:0', grad_fn=<DivBackward0>)
Memory status after this epoch: 
Memory allocated:  320.50830078125
Memory cached:  620.0
	 epoch  10 training error:  tensor(0.5590, device='cuda:0', grad_fn=<DivBackward0>)
Memory status after this epoch: 
Memory allocated:  320.50830078125
Memory cached:  668.0
	 epoch  20 training error:  tensor(0.5221, device='cuda:0', grad_fn=<DivBackward0>)
Memory status after this epoch: 
Memory allocated:  320.50830078125
Memory cached:  668.0
	 epoch  30 training error:  tensor(0.5135, device='cuda:0', grad_fn=<DivBackward0>)
Memory status after this epoch: 
Memory allocated:  320.50830078125
Memory cached:  670.0
	 epoch  40 training error:  tensor(0.5182, device='cuda:0', grad_fn=<DivBackward0>)
Memory status after this epoch: 
Memory allocated:  320.50830078125
Memory cached:  666.0
	 epoch  50 training error:  tensor(0.5258, device='cuda:0', grad_fn=<DivBackward0>)
Memory status after this epoch: 
Memory allocated:  320.50830078125
Memory cached:  670.0
	 epoch  60 training error:  tensor(0.5139, device='cuda:0', grad_fn=<DivBackward0>)
Memory status after this epoch: 
Memory allocated:  320.50830078125
Memory cached:  666.0
	 epoch  70 training error:  tensor(0.5152, device='cuda:0', grad_fn=<DivBackward0>)
Memory status after this epoch: 
Memory allocated:  320.50830078125
Memory cached:  672.0
	 epoch  80 training error:  tensor(0.5199, device='cuda:0', grad_fn=<DivBackward0>)
Memory status after this epoch: 
Memory allocated:  320.50830078125
Memory cached:  674.0
	 epoch  90 training error:  tensor(0.5108, device='cuda:0', grad_fn=<DivBackward0>)
Memory status after this epoch: 
Memory allocated:  320.50830078125
Memory cached:  666.0
[I 2024-01-03 16:43:54,970] Trial 43 finished with value: 0.40680667757987976 and parameters: {'W_layers': 5, 'W_layer_units_exponent_0': 10, 'W_layer_units_exponent_1': 6, 'W_layer_units_exponent_2': 9, 'W_layer_units_exponent_3': 5, 'W_layer_units_exponent_4': 8, 'D_layers': 6, 'D_layer_units_exponent_0': 9, 'D_layer_units_exponent_1': 5, 'D_layer_units_exponent_2': 9, 'D_layer_units_exponent_3': 9, 'D_layer_units_exponent_4': 7, 'D_layer_units_exponent_5': 8, 'D_dagger_layers': 5, 'D_dagger_layer_units_exponent_0': 10, 'D_dagger_layer_units_exponent_1': 9, 'D_dagger_layer_units_exponent_2': 4, 'D_dagger_layer_units_exponent_3': 4, 'D_dagger_layer_units_exponent_4': 8, 'log_learning_rate': -3.700998211817874, 'log_learning_rate_D': -2.7981875264623453, 'log_learning_rate_D_dagger': -3.5735983259227324, 'training_batch_size': 12, 'training_p': 6}. Best is trial 40 with value: 0.17467941343784332.
Time for this trial:  222.19001650810242
Memory status after this trial: 
Memory allocated:  608.60205078125
Memory cached:  634.0
--------------------  Trial  44   --------------------
Start timing: 
Parameters: 
{'W_layers': 5, 'W_layer_units_exponent_0': 10, 'W_layer_units_exponent_1': 7, 'W_layer_units_exponent_2': 8, 'W_layer_units_exponent_3': 4, 'W_layer_units_exponent_4': 8, 'D_layers': 5, 'D_layer_units_exponent_0': 9, 'D_layer_units_exponent_1': 6, 'D_layer_units_exponent_2': 10, 'D_layer_units_exponent_3': 9, 'D_layer_units_exponent_4': 8, 'D_dagger_layers': 6, 'D_dagger_layer_units_exponent_0': 10, 'D_dagger_layer_units_exponent_1': 10, 'D_dagger_layer_units_exponent_2': 4, 'D_dagger_layer_units_exponent_3': 4, 'D_dagger_layer_units_exponent_4': 8, 'D_dagger_layer_units_exponent_5': 5, 'log_learning_rate': -3.4958140884437268, 'log_learning_rate_D': -2.422308503286938, 'log_learning_rate_D_dagger': -3.664872105693355, 'training_batch_size': 12, 'training_p': 5}
	 epoch  0 training error:  tensor(1.0278, device='cuda:0', grad_fn=<DivBackward0>)
Memory status after this epoch: 
Memory allocated:  335.01806640625
Memory cached:  632.0
	 epoch  10 training error:  tensor(0.5402, device='cuda:0', grad_fn=<DivBackward0>)
Memory status after this epoch: 
Memory allocated:  335.01806640625
Memory cached:  692.0
	 epoch  20 training error:  tensor(0.5438, device='cuda:0', grad_fn=<DivBackward0>)
Memory status after this epoch: 
Memory allocated:  335.01806640625
Memory cached:  688.0
	 epoch  30 training error:  tensor(0.5322, device='cuda:0', grad_fn=<DivBackward0>)
Memory status after this epoch: 
Memory allocated:  335.01806640625
Memory cached:  686.0
	 epoch  40 training error:  tensor(0.5363, device='cuda:0', grad_fn=<DivBackward0>)
Memory status after this epoch: 
Memory allocated:  335.01806640625
Memory cached:  684.0
	 epoch  50 training error:  tensor(0.5379, device='cuda:0', grad_fn=<DivBackward0>)
Memory status after this epoch: 
Memory allocated:  335.01806640625
Memory cached:  682.0
	 epoch  60 training error:  tensor(0.5421, device='cuda:0', grad_fn=<DivBackward0>)
Memory status after this epoch: 
Memory allocated:  335.01806640625
Memory cached:  688.0
	 epoch  70 training error:  tensor(0.5333, device='cuda:0', grad_fn=<DivBackward0>)
Memory status after this epoch: 
Memory allocated:  335.01806640625
Memory cached:  684.0
	 epoch  80 training error:  tensor(0.5402, device='cuda:0', grad_fn=<DivBackward0>)
Memory status after this epoch: 
Memory allocated:  335.01806640625
Memory cached:  686.0
	 epoch  90 training error:  tensor(0.5358, device='cuda:0', grad_fn=<DivBackward0>)
Memory status after this epoch: 
Memory allocated:  335.01806640625
Memory cached:  688.0
[I 2024-01-03 16:47:43,635] Trial 44 finished with value: 0.532533586025238 and parameters: {'W_layers': 5, 'W_layer_units_exponent_0': 10, 'W_layer_units_exponent_1': 7, 'W_layer_units_exponent_2': 8, 'W_layer_units_exponent_3': 4, 'W_layer_units_exponent_4': 8, 'D_layers': 5, 'D_layer_units_exponent_0': 9, 'D_layer_units_exponent_1': 6, 'D_layer_units_exponent_2': 10, 'D_layer_units_exponent_3': 9, 'D_layer_units_exponent_4': 8, 'D_dagger_layers': 6, 'D_dagger_layer_units_exponent_0': 10, 'D_dagger_layer_units_exponent_1': 10, 'D_dagger_layer_units_exponent_2': 4, 'D_dagger_layer_units_exponent_3': 4, 'D_dagger_layer_units_exponent_4': 8, 'D_dagger_layer_units_exponent_5': 5, 'log_learning_rate': -3.4958140884437268, 'log_learning_rate_D': -2.422308503286938, 'log_learning_rate_D_dagger': -3.664872105693355, 'training_batch_size': 12, 'training_p': 5}. Best is trial 40 with value: 0.17467941343784332.
Time for this trial:  228.25108933448792
Memory status after this trial: 
Memory allocated:  657.67578125
Memory cached:  686.0
--------------------  Trial  45   --------------------
Start timing: 
Parameters: 
{'W_layers': 5, 'W_layer_units_exponent_0': 10, 'W_layer_units_exponent_1': 6, 'W_layer_units_exponent_2': 9, 'W_layer_units_exponent_3': 5, 'W_layer_units_exponent_4': 9, 'D_layers': 6, 'D_layer_units_exponent_0': 10, 'D_layer_units_exponent_1': 5, 'D_layer_units_exponent_2': 9, 'D_layer_units_exponent_3': 8, 'D_layer_units_exponent_4': 7, 'D_layer_units_exponent_5': 9, 'D_dagger_layers': 4, 'D_dagger_layer_units_exponent_0': 10, 'D_dagger_layer_units_exponent_1': 9, 'D_dagger_layer_units_exponent_2': 4, 'D_dagger_layer_units_exponent_3': 5, 'log_learning_rate': -3.92201701127495, 'log_learning_rate_D': -3.092503027845704, 'log_learning_rate_D_dagger': -3.1119445746305114, 'training_batch_size': 10, 'training_p': 4}
	 epoch  0 training error:  tensor(1.0984, device='cuda:0', grad_fn=<DivBackward0>)
Memory status after this epoch: 
Memory allocated:  318.86962890625
Memory cached:  616.0
	 epoch  10 training error:  tensor(0.4512, device='cuda:0', grad_fn=<DivBackward0>)
Memory status after this epoch: 
Memory allocated:  318.86962890625
Memory cached:  660.0
	 epoch  20 training error:  tensor(0.4411, device='cuda:0', grad_fn=<DivBackward0>)
Memory status after this epoch: 
Memory allocated:  318.86962890625
Memory cached:  656.0
	 epoch  30 training error:  tensor(0.4345, device='cuda:0', grad_fn=<DivBackward0>)
Memory status after this epoch: 
Memory allocated:  318.86962890625
Memory cached:  652.0
	 epoch  40 training error:  tensor(0.4411, device='cuda:0', grad_fn=<DivBackward0>)
Memory status after this epoch: 
Memory allocated:  318.86962890625
Memory cached:  664.0
	 epoch  50 training error:  tensor(0.4360, device='cuda:0', grad_fn=<DivBackward0>)
Memory status after this epoch: 
Memory allocated:  318.86962890625
Memory cached:  660.0
	 epoch  60 training error:  tensor(0.4202, device='cuda:0', grad_fn=<DivBackward0>)
Memory status after this epoch: 
Memory allocated:  318.86962890625
Memory cached:  660.0
	 epoch  70 training error:  tensor(0.4091, device='cuda:0', grad_fn=<DivBackward0>)
Memory status after this epoch: 
Memory allocated:  318.86962890625
Memory cached:  656.0
	 epoch  80 training error:  tensor(0.3356, device='cuda:0', grad_fn=<DivBackward0>)
Memory status after this epoch: 
Memory allocated:  318.86962890625
Memory cached:  660.0
	 epoch  90 training error:  tensor(0.2379, device='cuda:0', grad_fn=<DivBackward0>)
Memory status after this epoch: 
Memory allocated:  318.86962890625
Memory cached:  652.0
[I 2024-01-03 16:51:23,183] Trial 45 finished with value: 0.13349680602550507 and parameters: {'W_layers': 5, 'W_layer_units_exponent_0': 10, 'W_layer_units_exponent_1': 6, 'W_layer_units_exponent_2': 9, 'W_layer_units_exponent_3': 5, 'W_layer_units_exponent_4': 9, 'D_layers': 6, 'D_layer_units_exponent_0': 10, 'D_layer_units_exponent_1': 5, 'D_layer_units_exponent_2': 9, 'D_layer_units_exponent_3': 8, 'D_layer_units_exponent_4': 7, 'D_layer_units_exponent_5': 9, 'D_dagger_layers': 4, 'D_dagger_layer_units_exponent_0': 10, 'D_dagger_layer_units_exponent_1': 9, 'D_dagger_layer_units_exponent_2': 4, 'D_dagger_layer_units_exponent_3': 5, 'log_learning_rate': -3.92201701127495, 'log_learning_rate_D': -3.092503027845704, 'log_learning_rate_D_dagger': -3.1119445746305114, 'training_batch_size': 10, 'training_p': 4}. Best is trial 45 with value: 0.13349680602550507.
res:  tensor(0.1335, device='cuda:0', grad_fn=<DivBackward0>)
self.bestValue:  tensor(0.1747, device='cuda:0', grad_fn=<DivBackward0>)
Save this model!
Time for this trial:  219.1045217514038
Memory status after this trial: 
Memory allocated:  329.2626953125
Memory cached:  642.0
--------------------  Trial  46   --------------------
Start timing: 
Parameters: 
{'W_layers': 5, 'W_layer_units_exponent_0': 10, 'W_layer_units_exponent_1': 7, 'W_layer_units_exponent_2': 10, 'W_layer_units_exponent_3': 4, 'W_layer_units_exponent_4': 10, 'D_layers': 6, 'D_layer_units_exponent_0': 10, 'D_layer_units_exponent_1': 6, 'D_layer_units_exponent_2': 8, 'D_layer_units_exponent_3': 8, 'D_layer_units_exponent_4': 9, 'D_layer_units_exponent_5': 9, 'D_dagger_layers': 4, 'D_dagger_layer_units_exponent_0': 10, 'D_dagger_layer_units_exponent_1': 10, 'D_dagger_layer_units_exponent_2': 9, 'D_dagger_layer_units_exponent_3': 4, 'log_learning_rate': -3.911332318949269, 'log_learning_rate_D': -2.0183344812949944, 'log_learning_rate_D_dagger': -3.154237791238426, 'training_batch_size': 10, 'training_p': 6}
	 epoch  0 training error:  tensor(1.0197, device='cuda:0', grad_fn=<DivBackward0>)
Memory status after this epoch: 
Memory allocated:  366.484375
Memory cached:  670.0
	 epoch  10 training error:  tensor(0.5767, device='cuda:0', grad_fn=<DivBackward0>)
Memory status after this epoch: 
Memory allocated:  366.484375
Memory cached:  724.0
	 epoch  20 training error:  tensor(0.5666, device='cuda:0', grad_fn=<DivBackward0>)
Memory status after this epoch: 
Memory allocated:  366.484375
Memory cached:  712.0
	 epoch  30 training error:  tensor(0.5593, device='cuda:0', grad_fn=<DivBackward0>)
Memory status after this epoch: 
Memory allocated:  366.484375
Memory cached:  720.0
	 epoch  40 training error:  tensor(0.5521, device='cuda:0', grad_fn=<DivBackward0>)
Memory status after this epoch: 
Memory allocated:  366.484375
Memory cached:  718.0
	 epoch  50 training error:  tensor(0.5530, device='cuda:0', grad_fn=<DivBackward0>)
Memory status after this epoch: 
Memory allocated:  366.484375
Memory cached:  712.0
	 epoch  60 training error:  tensor(0.5616, device='cuda:0', grad_fn=<DivBackward0>)
Memory status after this epoch: 
Memory allocated:  366.484375
Memory cached:  722.0
	 epoch  70 training error:  tensor(0.5573, device='cuda:0', grad_fn=<DivBackward0>)
Memory status after this epoch: 
Memory allocated:  366.484375
Memory cached:  724.0
	 epoch  80 training error:  tensor(0.5577, device='cuda:0', grad_fn=<DivBackward0>)
Memory status after this epoch: 
Memory allocated:  366.484375
Memory cached:  724.0
	 epoch  90 training error:  tensor(0.5549, device='cuda:0', grad_fn=<DivBackward0>)
Memory status after this epoch: 
Memory allocated:  366.484375
Memory cached:  722.0
[I 2024-01-03 16:55:22,815] Trial 46 finished with value: 0.517131507396698 and parameters: {'W_layers': 5, 'W_layer_units_exponent_0': 10, 'W_layer_units_exponent_1': 7, 'W_layer_units_exponent_2': 10, 'W_layer_units_exponent_3': 4, 'W_layer_units_exponent_4': 10, 'D_layers': 6, 'D_layer_units_exponent_0': 10, 'D_layer_units_exponent_1': 6, 'D_layer_units_exponent_2': 8, 'D_layer_units_exponent_3': 8, 'D_layer_units_exponent_4': 9, 'D_layer_units_exponent_5': 9, 'D_dagger_layers': 4, 'D_dagger_layer_units_exponent_0': 10, 'D_dagger_layer_units_exponent_1': 10, 'D_dagger_layer_units_exponent_2': 9, 'D_dagger_layer_units_exponent_3': 4, 'log_learning_rate': -3.911332318949269, 'log_learning_rate_D': -2.0183344812949944, 'log_learning_rate_D_dagger': -3.154237791238426, 'training_batch_size': 10, 'training_p': 6}. Best is trial 45 with value: 0.13349680602550507.
Time for this trial:  239.25117588043213
Memory status after this trial: 
Memory allocated:  784.75927734375
Memory cached:  796.0
--------------------  Trial  47   --------------------
Start timing: 
Parameters: 
{'W_layers': 6, 'W_layer_units_exponent_0': 10, 'W_layer_units_exponent_1': 6, 'W_layer_units_exponent_2': 9, 'W_layer_units_exponent_3': 7, 'W_layer_units_exponent_4': 9, 'W_layer_units_exponent_5': 8, 'D_layers': 5, 'D_layer_units_exponent_0': 5, 'D_layer_units_exponent_1': 5, 'D_layer_units_exponent_2': 10, 'D_layer_units_exponent_3': 8, 'D_layer_units_exponent_4': 7, 'D_dagger_layers': 4, 'D_dagger_layer_units_exponent_0': 10, 'D_dagger_layer_units_exponent_1': 10, 'D_dagger_layer_units_exponent_2': 4, 'D_dagger_layer_units_exponent_3': 5, 'log_learning_rate': -4.2308187749314605, 'log_learning_rate_D': -3.380854625440516, 'log_learning_rate_D_dagger': -3.888477486582709, 'training_batch_size': 10, 'training_p': 5}
	 epoch  0 training error:  tensor(0.9794, device='cuda:0', grad_fn=<DivBackward0>)
Memory status after this epoch: 
Memory allocated:  356.271484375
Memory cached:  660.0
	 epoch  10 training error:  tensor(0.5333, device='cuda:0', grad_fn=<DivBackward0>)
Memory status after this epoch: 
Memory allocated:  356.271484375
Memory cached:  704.0
	 epoch  20 training error:  tensor(0.4846, device='cuda:0', grad_fn=<DivBackward0>)
Memory status after this epoch: 
Memory allocated:  356.271484375
Memory cached:  704.0
	 epoch  30 training error:  tensor(0.4798, device='cuda:0', grad_fn=<DivBackward0>)
Memory status after this epoch: 
Memory allocated:  356.271484375
Memory cached:  706.0
	 epoch  40 training error:  tensor(0.4777, device='cuda:0', grad_fn=<DivBackward0>)
Memory status after this epoch: 
Memory allocated:  356.271484375
Memory cached:  690.0
	 epoch  50 training error:  tensor(0.4763, device='cuda:0', grad_fn=<DivBackward0>)
Memory status after this epoch: 
Memory allocated:  356.271484375
Memory cached:  700.0
	 epoch  60 training error:  tensor(0.4755, device='cuda:0', grad_fn=<DivBackward0>)
Memory status after this epoch: 
Memory allocated:  356.271484375
Memory cached:  702.0
	 epoch  70 training error:  tensor(0.4713, device='cuda:0', grad_fn=<DivBackward0>)
Memory status after this epoch: 
Memory allocated:  356.271484375
Memory cached:  704.0
	 epoch  80 training error:  tensor(0.4727, device='cuda:0', grad_fn=<DivBackward0>)
Memory status after this epoch: 
Memory allocated:  356.271484375
Memory cached:  698.0
	 epoch  90 training error:  tensor(0.4709, device='cuda:0', grad_fn=<DivBackward0>)
Memory status after this epoch: 
Memory allocated:  356.271484375
Memory cached:  700.0
[I 2024-01-03 16:59:05,115] Trial 47 finished with value: 0.3700089156627655 and parameters: {'W_layers': 6, 'W_layer_units_exponent_0': 10, 'W_layer_units_exponent_1': 6, 'W_layer_units_exponent_2': 9, 'W_layer_units_exponent_3': 7, 'W_layer_units_exponent_4': 9, 'W_layer_units_exponent_5': 8, 'D_layers': 5, 'D_layer_units_exponent_0': 5, 'D_layer_units_exponent_1': 5, 'D_layer_units_exponent_2': 10, 'D_layer_units_exponent_3': 8, 'D_layer_units_exponent_4': 7, 'D_dagger_layers': 4, 'D_dagger_layer_units_exponent_0': 10, 'D_dagger_layer_units_exponent_1': 10, 'D_dagger_layer_units_exponent_2': 4, 'D_dagger_layer_units_exponent_3': 5, 'log_learning_rate': -4.2308187749314605, 'log_learning_rate_D': -3.380854625440516, 'log_learning_rate_D_dagger': -3.888477486582709, 'training_batch_size': 10, 'training_p': 5}. Best is trial 45 with value: 0.13349680602550507.
Time for this trial:  221.92215991020203
Memory status after this trial: 
Memory allocated:  663.14892578125
Memory cached:  678.0
--------------------  Trial  48   --------------------
Start timing: 
Parameters: 
{'W_layers': 4, 'W_layer_units_exponent_0': 10, 'W_layer_units_exponent_1': 5, 'W_layer_units_exponent_2': 9, 'W_layer_units_exponent_3': 8, 'D_layers': 4, 'D_layer_units_exponent_0': 4, 'D_layer_units_exponent_1': 4, 'D_layer_units_exponent_2': 9, 'D_layer_units_exponent_3': 9, 'D_dagger_layers': 4, 'D_dagger_layer_units_exponent_0': 10, 'D_dagger_layer_units_exponent_1': 9, 'D_dagger_layer_units_exponent_2': 5, 'D_dagger_layer_units_exponent_3': 5, 'log_learning_rate': -3.9802944342971243, 'log_learning_rate_D': -3.0176407170594106, 'log_learning_rate_D_dagger': -3.038232758814907, 'training_batch_size': 10, 'training_p': 4}
	 epoch  0 training error:  tensor(1.0262, device='cuda:0', grad_fn=<DivBackward0>)
Memory status after this epoch: 
Memory allocated:  344.625
Memory cached:  654.0
	 epoch  10 training error:  tensor(0.4557, device='cuda:0', grad_fn=<DivBackward0>)
Memory status after this epoch: 
Memory allocated:  344.625
Memory cached:  712.0
	 epoch  20 training error:  tensor(0.4466, device='cuda:0', grad_fn=<DivBackward0>)
Memory status after this epoch: 
Memory allocated:  344.625
Memory cached:  706.0
	 epoch  30 training error:  tensor(0.4368, device='cuda:0', grad_fn=<DivBackward0>)
Memory status after this epoch: 
Memory allocated:  344.625
Memory cached:  702.0
	 epoch  40 training error:  tensor(0.4374, device='cuda:0', grad_fn=<DivBackward0>)
Memory status after this epoch: 
Memory allocated:  344.625
Memory cached:  714.0
	 epoch  50 training error:  tensor(0.4293, device='cuda:0', grad_fn=<DivBackward0>)
Memory status after this epoch: 
Memory allocated:  344.625
Memory cached:  716.0
	 epoch  60 training error:  tensor(0.4235, device='cuda:0', grad_fn=<DivBackward0>)
Memory status after this epoch: 
Memory allocated:  344.625
Memory cached:  710.0
	 epoch  70 training error:  tensor(0.4188, device='cuda:0', grad_fn=<DivBackward0>)
Memory status after this epoch: 
Memory allocated:  344.625
Memory cached:  708.0
	 epoch  80 training error:  tensor(0.4108, device='cuda:0', grad_fn=<DivBackward0>)
Memory status after this epoch: 
Memory allocated:  344.625
Memory cached:  708.0
	 epoch  90 training error:  tensor(0.3711, device='cuda:0', grad_fn=<DivBackward0>)
Memory status after this epoch: 
Memory allocated:  344.625
Memory cached:  712.0
