[I 2024-01-04 00:39:25,540] Trial 174 finished with value: 0.21779577434062958 and parameters: {'W_layers': 6, 'W_layer_units_exponent_0': 10, 'W_layer_units_exponent_1': 4, 'W_layer_units_exponent_2': 7, 'W_layer_units_exponent_3': 5, 'W_layer_units_exponent_4': 5, 'W_layer_units_exponent_5': 8, 'D_layers': 3, 'D_layer_units_exponent_0': 10, 'D_layer_units_exponent_1': 7, 'D_layer_units_exponent_2': 6, 'D_dagger_layers': 4, 'D_dagger_layer_units_exponent_0': 10, 'D_dagger_layer_units_exponent_1': 10, 'D_dagger_layer_units_exponent_2': 4, 'D_dagger_layer_units_exponent_3': 5, 'log_learning_rate': -4.483934584133631, 'log_learning_rate_D': -3.2039133282896333, 'log_learning_rate_D_dagger': -3.0432374440253716, 'training_batch_size': 9, 'training_p': 7}. Best is trial 163 with value: 0.10096652805805206.
Time for this trial:  195.97170305252075
Memory status after this trial: 
Memory allocated:  559.7666015625
Memory cached:  598.0
--------------------  Trial  175   --------------------
Start timing: 
Parameters: 
{'W_layers': 6, 'W_layer_units_exponent_0': 10, 'W_layer_units_exponent_1': 4, 'W_layer_units_exponent_2': 8, 'W_layer_units_exponent_3': 5, 'W_layer_units_exponent_4': 7, 'W_layer_units_exponent_5': 7, 'D_layers': 3, 'D_layer_units_exponent_0': 10, 'D_layer_units_exponent_1': 7, 'D_layer_units_exponent_2': 9, 'D_dagger_layers': 4, 'D_dagger_layer_units_exponent_0': 10, 'D_dagger_layer_units_exponent_1': 10, 'D_dagger_layer_units_exponent_2': 9, 'D_dagger_layer_units_exponent_3': 5, 'log_learning_rate': -4.598984747102184, 'log_learning_rate_D': -3.0364346354444804, 'log_learning_rate_D_dagger': -3.552298362745329, 'training_batch_size': 8, 'training_p': 7}
	 epoch  0 training error:  tensor(1.0040, device='cuda:0', grad_fn=<DivBackward0>)
Memory status after this epoch: 
Memory allocated:  324.81982421875
Memory cached:  616.0
	 epoch  10 training error:  tensor(0.5837, device='cuda:0', grad_fn=<DivBackward0>)
Memory status after this epoch: 
Memory allocated:  324.81982421875
Memory cached:  666.0
	 epoch  20 training error:  tensor(0.5492, device='cuda:0', grad_fn=<DivBackward0>)
Memory status after this epoch: 
Memory allocated:  324.81982421875
Memory cached:  662.0
	 epoch  30 training error:  tensor(0.5339, device='cuda:0', grad_fn=<DivBackward0>)
Memory status after this epoch: 
Memory allocated:  324.81982421875
Memory cached:  664.0
	 epoch  40 training error:  tensor(0.5359, device='cuda:0', grad_fn=<DivBackward0>)
Memory status after this epoch: 
Memory allocated:  324.81982421875
Memory cached:  668.0
	 epoch  50 training error:  tensor(0.5345, device='cuda:0', grad_fn=<DivBackward0>)
Memory status after this epoch: 
Memory allocated:  324.81982421875
Memory cached:  668.0
	 epoch  60 training error:  tensor(0.5305, device='cuda:0', grad_fn=<DivBackward0>)
Memory status after this epoch: 
Memory allocated:  324.81982421875
Memory cached:  668.0
	 epoch  70 training error:  tensor(0.5257, device='cuda:0', grad_fn=<DivBackward0>)
Memory status after this epoch: 
Memory allocated:  324.81982421875
Memory cached:  656.0
	 epoch  80 training error:  tensor(0.5283, device='cuda:0', grad_fn=<DivBackward0>)
Memory status after this epoch: 
Memory allocated:  324.81982421875
Memory cached:  666.0
	 epoch  90 training error:  tensor(0.5254, device='cuda:0', grad_fn=<DivBackward0>)
Memory status after this epoch: 
Memory allocated:  324.81982421875
Memory cached:  664.0
[I 2024-01-04 00:42:50,719] Trial 175 finished with value: 0.3807448446750641 and parameters: {'W_layers': 6, 'W_layer_units_exponent_0': 10, 'W_layer_units_exponent_1': 4, 'W_layer_units_exponent_2': 8, 'W_layer_units_exponent_3': 5, 'W_layer_units_exponent_4': 7, 'W_layer_units_exponent_5': 7, 'D_layers': 3, 'D_layer_units_exponent_0': 10, 'D_layer_units_exponent_1': 7, 'D_layer_units_exponent_2': 9, 'D_dagger_layers': 4, 'D_dagger_layer_units_exponent_0': 10, 'D_dagger_layer_units_exponent_1': 10, 'D_dagger_layer_units_exponent_2': 9, 'D_dagger_layer_units_exponent_3': 5, 'log_learning_rate': -4.598984747102184, 'log_learning_rate_D': -3.0364346354444804, 'log_learning_rate_D_dagger': -3.552298362745329, 'training_batch_size': 8, 'training_p': 7}. Best is trial 163 with value: 0.10096652805805206.
Time for this trial:  204.58549094200134
Memory status after this trial: 
Memory allocated:  617.0654296875
Memory cached:  620.0
--------------------  Trial  176   --------------------
Start timing: 
Parameters: 
{'W_layers': 6, 'W_layer_units_exponent_0': 10, 'W_layer_units_exponent_1': 5, 'W_layer_units_exponent_2': 7, 'W_layer_units_exponent_3': 5, 'W_layer_units_exponent_4': 8, 'W_layer_units_exponent_5': 7, 'D_layers': 3, 'D_layer_units_exponent_0': 10, 'D_layer_units_exponent_1': 7, 'D_layer_units_exponent_2': 9, 'D_dagger_layers': 4, 'D_dagger_layer_units_exponent_0': 10, 'D_dagger_layer_units_exponent_1': 10, 'D_dagger_layer_units_exponent_2': 7, 'D_dagger_layer_units_exponent_3': 6, 'log_learning_rate': -4.372198849100166, 'log_learning_rate_D': -2.7838381037042836, 'log_learning_rate_D_dagger': -3.135155467197426, 'training_batch_size': 9, 'training_p': 6}
	 epoch  0 training error:  tensor(1.0406, device='cuda:0', grad_fn=<DivBackward0>)
Memory status after this epoch: 
Memory allocated:  319.18896484375
Memory cached:  598.0
	 epoch  10 training error:  tensor(0.5404, device='cuda:0', grad_fn=<DivBackward0>)
Memory status after this epoch: 
Memory allocated:  319.18896484375
Memory cached:  600.0
	 epoch  20 training error:  tensor(0.5279, device='cuda:0', grad_fn=<DivBackward0>)
Memory status after this epoch: 
Memory allocated:  319.18896484375
Memory cached:  606.0
	 epoch  30 training error:  tensor(0.5276, device='cuda:0', grad_fn=<DivBackward0>)
Memory status after this epoch: 
Memory allocated:  319.18896484375
Memory cached:  598.0
	 epoch  40 training error:  tensor(0.5237, device='cuda:0', grad_fn=<DivBackward0>)
Memory status after this epoch: 
Memory allocated:  319.18896484375
Memory cached:  594.0
	 epoch  50 training error:  tensor(0.5137, device='cuda:0', grad_fn=<DivBackward0>)
Memory status after this epoch: 
Memory allocated:  319.18896484375
Memory cached:  606.0
	 epoch  60 training error:  tensor(0.5052, device='cuda:0', grad_fn=<DivBackward0>)
Memory status after this epoch: 
Memory allocated:  319.18896484375
Memory cached:  606.0
	 epoch  70 training error:  tensor(0.5071, device='cuda:0', grad_fn=<DivBackward0>)
Memory status after this epoch: 
Memory allocated:  319.18896484375
Memory cached:  602.0
	 epoch  80 training error:  tensor(0.4986, device='cuda:0', grad_fn=<DivBackward0>)
Memory status after this epoch: 
Memory allocated:  319.18896484375
Memory cached:  608.0
	 epoch  90 training error:  tensor(0.4983, device='cuda:0', grad_fn=<DivBackward0>)
Memory status after this epoch: 
Memory allocated:  319.18896484375
Memory cached:  608.0
[I 2024-01-04 00:46:14,768] Trial 176 finished with value: 0.3753850758075714 and parameters: {'W_layers': 6, 'W_layer_units_exponent_0': 10, 'W_layer_units_exponent_1': 5, 'W_layer_units_exponent_2': 7, 'W_layer_units_exponent_3': 5, 'W_layer_units_exponent_4': 8, 'W_layer_units_exponent_5': 7, 'D_layers': 3, 'D_layer_units_exponent_0': 10, 'D_layer_units_exponent_1': 7, 'D_layer_units_exponent_2': 9, 'D_dagger_layers': 4, 'D_dagger_layer_units_exponent_0': 10, 'D_dagger_layer_units_exponent_1': 10, 'D_dagger_layer_units_exponent_2': 7, 'D_dagger_layer_units_exponent_3': 6, 'log_learning_rate': -4.372198849100166, 'log_learning_rate_D': -2.7838381037042836, 'log_learning_rate_D_dagger': -3.135155467197426, 'training_batch_size': 9, 'training_p': 6}. Best is trial 163 with value: 0.10096652805805206.
Time for this trial:  203.53511810302734
Memory status after this trial: 
Memory allocated:  595.890625
Memory cached:  604.0
--------------------  Trial  177   --------------------
Start timing: 
Parameters: 
{'W_layers': 6, 'W_layer_units_exponent_0': 8, 'W_layer_units_exponent_1': 4, 'W_layer_units_exponent_2': 7, 'W_layer_units_exponent_3': 5, 'W_layer_units_exponent_4': 7, 'W_layer_units_exponent_5': 9, 'D_layers': 7, 'D_layer_units_exponent_0': 8, 'D_layer_units_exponent_1': 6, 'D_layer_units_exponent_2': 9, 'D_layer_units_exponent_3': 6, 'D_layer_units_exponent_4': 10, 'D_layer_units_exponent_5': 4, 'D_layer_units_exponent_6': 8, 'D_dagger_layers': 4, 'D_dagger_layer_units_exponent_0': 10, 'D_dagger_layer_units_exponent_1': 10, 'D_dagger_layer_units_exponent_2': 4, 'D_dagger_layer_units_exponent_3': 5, 'log_learning_rate': -3.933797696246113, 'log_learning_rate_D': -2.9500337743921, 'log_learning_rate_D_dagger': -2.9564127726213174, 'training_batch_size': 9, 'training_p': 7}
	 epoch  0 training error:  tensor(1.0350, device='cuda:0', grad_fn=<DivBackward0>)
Memory status after this epoch: 
Memory allocated:  316.80029296875
Memory cached:  618.0
	 epoch  10 training error:  tensor(0.5468, device='cuda:0', grad_fn=<DivBackward0>)
Memory status after this epoch: 
Memory allocated:  316.80029296875
Memory cached:  672.0
	 epoch  20 training error:  tensor(0.5474, device='cuda:0', grad_fn=<DivBackward0>)
Memory status after this epoch: 
Memory allocated:  316.80029296875
Memory cached:  672.0
	 epoch  30 training error:  tensor(0.5568, device='cuda:0', grad_fn=<DivBackward0>)
Memory status after this epoch: 
Memory allocated:  316.80029296875
Memory cached:  662.0
	 epoch  40 training error:  tensor(0.5459, device='cuda:0', grad_fn=<DivBackward0>)
Memory status after this epoch: 
Memory allocated:  316.80029296875
Memory cached:  676.0
	 epoch  50 training error:  tensor(0.5291, device='cuda:0', grad_fn=<DivBackward0>)
Memory status after this epoch: 
Memory allocated:  316.80029296875
Memory cached:  666.0
	 epoch  60 training error:  tensor(0.5117, device='cuda:0', grad_fn=<DivBackward0>)
Memory status after this epoch: 
Memory allocated:  316.80029296875
Memory cached:  678.0
	 epoch  70 training error:  tensor(0.4315, device='cuda:0', grad_fn=<DivBackward0>)
Memory status after this epoch: 
Memory allocated:  316.80029296875
Memory cached:  670.0
	 epoch  80 training error:  tensor(0.3698, device='cuda:0', grad_fn=<DivBackward0>)
Memory status after this epoch: 
Memory allocated:  316.80029296875
Memory cached:  668.0
	 epoch  90 training error:  tensor(0.4376, device='cuda:0', grad_fn=<DivBackward0>)
Memory status after this epoch: 
Memory allocated:  316.80029296875
Memory cached:  660.0
[I 2024-01-04 00:50:03,729] Trial 177 finished with value: 0.23076152801513672 and parameters: {'W_layers': 6, 'W_layer_units_exponent_0': 8, 'W_layer_units_exponent_1': 4, 'W_layer_units_exponent_2': 7, 'W_layer_units_exponent_3': 5, 'W_layer_units_exponent_4': 7, 'W_layer_units_exponent_5': 9, 'D_layers': 7, 'D_layer_units_exponent_0': 8, 'D_layer_units_exponent_1': 6, 'D_layer_units_exponent_2': 9, 'D_layer_units_exponent_3': 6, 'D_layer_units_exponent_4': 10, 'D_layer_units_exponent_5': 4, 'D_layer_units_exponent_6': 8, 'D_dagger_layers': 4, 'D_dagger_layer_units_exponent_0': 10, 'D_dagger_layer_units_exponent_1': 10, 'D_dagger_layer_units_exponent_2': 4, 'D_dagger_layer_units_exponent_3': 5, 'log_learning_rate': -3.933797696246113, 'log_learning_rate_D': -2.9500337743921, 'log_learning_rate_D_dagger': -2.9564127726213174, 'training_batch_size': 9, 'training_p': 7}. Best is trial 163 with value: 0.10096652805805206.
Time for this trial:  228.35995173454285
Memory status after this trial: 
Memory allocated:  586.48291015625
Memory cached:  626.0
--------------------  Trial  178   --------------------
Start timing: 
Parameters: 
{'W_layers': 6, 'W_layer_units_exponent_0': 10, 'W_layer_units_exponent_1': 6, 'W_layer_units_exponent_2': 7, 'W_layer_units_exponent_3': 4, 'W_layer_units_exponent_4': 8, 'W_layer_units_exponent_5': 8, 'D_layers': 3, 'D_layer_units_exponent_0': 9, 'D_layer_units_exponent_1': 7, 'D_layer_units_exponent_2': 8, 'D_dagger_layers': 4, 'D_dagger_layer_units_exponent_0': 10, 'D_dagger_layer_units_exponent_1': 10, 'D_dagger_layer_units_exponent_2': 5, 'D_dagger_layer_units_exponent_3': 4, 'log_learning_rate': -4.1007678970092005, 'log_learning_rate_D': -2.3602401059910814, 'log_learning_rate_D_dagger': -3.46430161237401, 'training_batch_size': 9, 'training_p': 4}
	 epoch  0 training error:  tensor(1.0051, device='cuda:0', grad_fn=<DivBackward0>)
Memory status after this epoch: 
Memory allocated:  316.99755859375
Memory cached:  622.0
	 epoch  10 training error:  tensor(0.4570, device='cuda:0', grad_fn=<DivBackward0>)
Memory status after this epoch: 
Memory allocated:  316.99755859375
Memory cached:  652.0
	 epoch  20 training error:  tensor(0.4405, device='cuda:0', grad_fn=<DivBackward0>)
Memory status after this epoch: 
Memory allocated:  316.99755859375
Memory cached:  652.0
	 epoch  30 training error:  tensor(0.4352, device='cuda:0', grad_fn=<DivBackward0>)
Memory status after this epoch: 
Memory allocated:  316.99755859375
Memory cached:  656.0
	 epoch  40 training error:  tensor(0.4301, device='cuda:0', grad_fn=<DivBackward0>)
Memory status after this epoch: 
Memory allocated:  316.99755859375
Memory cached:  650.0
	 epoch  50 training error:  tensor(0.4251, device='cuda:0', grad_fn=<DivBackward0>)
Memory status after this epoch: 
Memory allocated:  316.99755859375
Memory cached:  664.0
	 epoch  60 training error:  tensor(0.4182, device='cuda:0', grad_fn=<DivBackward0>)
Memory status after this epoch: 
Memory allocated:  316.99755859375
Memory cached:  648.0
	 epoch  70 training error:  tensor(0.4021, device='cuda:0', grad_fn=<DivBackward0>)
Memory status after this epoch: 
Memory allocated:  316.99755859375
Memory cached:  656.0
	 epoch  80 training error:  tensor(0.3730, device='cuda:0', grad_fn=<DivBackward0>)
Memory status after this epoch: 
Memory allocated:  316.99755859375
Memory cached:  648.0
	 epoch  90 training error:  tensor(0.3249, device='cuda:0', grad_fn=<DivBackward0>)
Memory status after this epoch: 
Memory allocated:  316.99755859375
Memory cached:  654.0
[I 2024-01-04 00:53:21,205] Trial 178 finished with value: 0.20729665458202362 and parameters: {'W_layers': 6, 'W_layer_units_exponent_0': 10, 'W_layer_units_exponent_1': 6, 'W_layer_units_exponent_2': 7, 'W_layer_units_exponent_3': 4, 'W_layer_units_exponent_4': 8, 'W_layer_units_exponent_5': 8, 'D_layers': 3, 'D_layer_units_exponent_0': 9, 'D_layer_units_exponent_1': 7, 'D_layer_units_exponent_2': 8, 'D_dagger_layers': 4, 'D_dagger_layer_units_exponent_0': 10, 'D_dagger_layer_units_exponent_1': 10, 'D_dagger_layer_units_exponent_2': 5, 'D_dagger_layer_units_exponent_3': 4, 'log_learning_rate': -4.1007678970092005, 'log_learning_rate_D': -2.3602401059910814, 'log_learning_rate_D_dagger': -3.46430161237401, 'training_batch_size': 9, 'training_p': 4}. Best is trial 163 with value: 0.10096652805805206.
Time for this trial:  197.03869795799255
Memory status after this trial: 
Memory allocated:  555.830078125
Memory cached:  594.0
--------------------  Trial  179   --------------------
Start timing: 
Parameters: 
{'W_layers': 6, 'W_layer_units_exponent_0': 10, 'W_layer_units_exponent_1': 5, 'W_layer_units_exponent_2': 8, 'W_layer_units_exponent_3': 5, 'W_layer_units_exponent_4': 6, 'W_layer_units_exponent_5': 7, 'D_layers': 2, 'D_layer_units_exponent_0': 10, 'D_layer_units_exponent_1': 6, 'D_dagger_layers': 4, 'D_dagger_layer_units_exponent_0': 10, 'D_dagger_layer_units_exponent_1': 10, 'D_dagger_layer_units_exponent_2': 4, 'D_dagger_layer_units_exponent_3': 8, 'log_learning_rate': -4.816197218722283, 'log_learning_rate_D': -3.1142914386519673, 'log_learning_rate_D_dagger': -3.2395309609475125, 'training_batch_size': 10, 'training_p': 7}
	 epoch  0 training error:  tensor(0.9377, device='cuda:0', grad_fn=<DivBackward0>)
Memory status after this epoch: 
Memory allocated:  315.02294921875
Memory cached:  614.0
	 epoch  10 training error:  tensor(0.5417, device='cuda:0', grad_fn=<DivBackward0>)
Memory status after this epoch: 
Memory allocated:  315.02294921875
Memory cached:  644.0
	 epoch  20 training error:  tensor(0.5350, device='cuda:0', grad_fn=<DivBackward0>)
Memory status after this epoch: 
Memory allocated:  315.02294921875
Memory cached:  644.0
	 epoch  30 training error:  tensor(0.5320, device='cuda:0', grad_fn=<DivBackward0>)
Memory status after this epoch: 
Memory allocated:  315.02294921875
Memory cached:  650.0
	 epoch  40 training error:  tensor(0.4970, device='cuda:0', grad_fn=<DivBackward0>)
Memory status after this epoch: 
Memory allocated:  315.02294921875
Memory cached:  636.0
	 epoch  50 training error:  tensor(0.4740, device='cuda:0', grad_fn=<DivBackward0>)
Memory status after this epoch: 
Memory allocated:  315.02294921875
Memory cached:  644.0
	 epoch  60 training error:  tensor(0.4564, device='cuda:0', grad_fn=<DivBackward0>)
Memory status after this epoch: 
Memory allocated:  315.02294921875
Memory cached:  642.0
	 epoch  70 training error:  tensor(0.3406, device='cuda:0', grad_fn=<DivBackward0>)
Memory status after this epoch: 
Memory allocated:  315.02294921875
Memory cached:  644.0
	 epoch  80 training error:  tensor(0.3454, device='cuda:0', grad_fn=<DivBackward0>)
Memory status after this epoch: 
Memory allocated:  315.02294921875
Memory cached:  650.0
	 epoch  90 training error:  tensor(0.2618, device='cuda:0', grad_fn=<DivBackward0>)
Memory status after this epoch: 
Memory allocated:  315.02294921875
Memory cached:  646.0
[I 2024-01-04 00:56:32,021] Trial 179 finished with value: 0.1474398821592331 and parameters: {'W_layers': 6, 'W_layer_units_exponent_0': 10, 'W_layer_units_exponent_1': 5, 'W_layer_units_exponent_2': 8, 'W_layer_units_exponent_3': 5, 'W_layer_units_exponent_4': 6, 'W_layer_units_exponent_5': 7, 'D_layers': 2, 'D_layer_units_exponent_0': 10, 'D_layer_units_exponent_1': 6, 'D_dagger_layers': 4, 'D_dagger_layer_units_exponent_0': 10, 'D_dagger_layer_units_exponent_1': 10, 'D_dagger_layer_units_exponent_2': 4, 'D_dagger_layer_units_exponent_3': 8, 'log_learning_rate': -4.816197218722283, 'log_learning_rate_D': -3.1142914386519673, 'log_learning_rate_D_dagger': -3.2395309609475125, 'training_batch_size': 10, 'training_p': 7}. Best is trial 163 with value: 0.10096652805805206.
Time for this trial:  190.24787783622742
Memory status after this trial: 
Memory allocated:  566.2978515625
Memory cached:  596.0
--------------------  Trial  180   --------------------
Start timing: 
Parameters: 
{'W_layers': 6, 'W_layer_units_exponent_0': 10, 'W_layer_units_exponent_1': 4, 'W_layer_units_exponent_2': 7, 'W_layer_units_exponent_3': 7, 'W_layer_units_exponent_4': 9, 'W_layer_units_exponent_5': 4, 'D_layers': 3, 'D_layer_units_exponent_0': 10, 'D_layer_units_exponent_1': 6, 'D_layer_units_exponent_2': 9, 'D_dagger_layers': 3, 'D_dagger_layer_units_exponent_0': 10, 'D_dagger_layer_units_exponent_1': 10, 'D_dagger_layer_units_exponent_2': 4, 'log_learning_rate': -4.264195424013541, 'log_learning_rate_D': -2.8933443772929524, 'log_learning_rate_D_dagger': -3.0762416750521813, 'training_batch_size': 9, 'training_p': 7}
	 epoch  0 training error:  tensor(1.0359, device='cuda:0', grad_fn=<DivBackward0>)
Memory status after this epoch: 
Memory allocated:  316.22216796875
Memory cached:  610.0
	 epoch  10 training error:  tensor(0.6445, device='cuda:0', grad_fn=<DivBackward0>)
Memory status after this epoch: 
Memory allocated:  316.22216796875
Memory cached:  652.0
	 epoch  20 training error:  tensor(0.5434, device='cuda:0', grad_fn=<DivBackward0>)
Memory status after this epoch: 
Memory allocated:  316.22216796875
Memory cached:  654.0
	 epoch  30 training error:  tensor(0.5669, device='cuda:0', grad_fn=<DivBackward0>)
Memory status after this epoch: 
Memory allocated:  316.22216796875
Memory cached:  650.0
	 epoch  40 training error:  tensor(0.5398, device='cuda:0', grad_fn=<DivBackward0>)
Memory status after this epoch: 
Memory allocated:  316.22216796875
Memory cached:  652.0
	 epoch  50 training error:  tensor(0.5157, device='cuda:0', grad_fn=<DivBackward0>)
Memory status after this epoch: 
Memory allocated:  316.22216796875
Memory cached:  648.0
	 epoch  60 training error:  tensor(0.5208, device='cuda:0', grad_fn=<DivBackward0>)
Memory status after this epoch: 
Memory allocated:  316.22216796875
Memory cached:  640.0
	 epoch  70 training error:  tensor(0.4034, device='cuda:0', grad_fn=<DivBackward0>)
Memory status after this epoch: 
Memory allocated:  316.22216796875
Memory cached:  646.0
	 epoch  80 training error:  tensor(0.4375, device='cuda:0', grad_fn=<DivBackward0>)
Memory status after this epoch: 
Memory allocated:  316.22216796875
Memory cached:  646.0
	 epoch  90 training error:  tensor(0.3082, device='cuda:0', grad_fn=<DivBackward0>)
Memory status after this epoch: 
Memory allocated:  316.22216796875
Memory cached:  654.0
