[I 2024-03-11 17:24:47,864] Trial 31 finished with value: 0.4131704866886139 and parameters: {'log_learning_rate': -2.3190666413514984, 'log_learning_rate_D': -4.650343313089484, 'log_learning_rate_D_dagger': -1.019573187576182, 'training_batch_size': 9, 'training_p': 6}. Best is trial 27 with value: 0.3914168179035187.
Time for this trial:  104.94842147827148
Memory status after this trial: 
Memory allocated:  3.3525390625
Memory cached:  6.0
--------------------  Trial  32   --------------------
Start timing: 
Parameters: 
{'log_learning_rate': -2.77460362411, 'log_learning_rate_D': -4.296926982491112, 'log_learning_rate_D_dagger': -1.9479650970142814, 'training_batch_size': 6, 'training_p': 7}
	 epoch  0 training error:  tensor(7.9174, grad_fn=<ToCopyBackward0>)
Memory status after this epoch: 
Memory allocated:  1.94189453125
Memory cached:  4.0
	 epoch  10 training error:  tensor(0.5394, grad_fn=<ToCopyBackward0>)
Memory status after this epoch: 
Memory allocated:  1.94189453125
Memory cached:  4.0
	 epoch  20 training error:  tensor(0.5338, grad_fn=<ToCopyBackward0>)
Memory status after this epoch: 
Memory allocated:  1.94189453125
Memory cached:  4.0
	 epoch  30 training error:  tensor(0.5266, grad_fn=<ToCopyBackward0>)
Memory status after this epoch: 
Memory allocated:  1.94189453125
Memory cached:  4.0
	 epoch  40 training error:  tensor(0.5228, grad_fn=<ToCopyBackward0>)
Memory status after this epoch: 
Memory allocated:  1.94189453125
Memory cached:  4.0
	 epoch  50 training error:  tensor(0.5219, grad_fn=<ToCopyBackward0>)
Memory status after this epoch: 
Memory allocated:  1.94189453125
Memory cached:  4.0
	 epoch  60 training error:  tensor(0.5216, grad_fn=<ToCopyBackward0>)
Memory status after this epoch: 
Memory allocated:  1.94189453125
Memory cached:  4.0
	 epoch  70 training error:  tensor(0.5217, grad_fn=<ToCopyBackward0>)
Memory status after this epoch: 
Memory allocated:  1.94189453125
Memory cached:  4.0
	 epoch  80 training error:  tensor(0.5214, grad_fn=<ToCopyBackward0>)
Memory status after this epoch: 
Memory allocated:  1.94189453125
Memory cached:  4.0
	 epoch  90 training error:  tensor(0.5217, grad_fn=<ToCopyBackward0>)
Memory status after this epoch: 
Memory allocated:  1.94189453125
Memory cached:  4.0
[I 2024-03-11 17:32:20,128] Trial 32 finished with value: 0.39062610268592834 and parameters: {'log_learning_rate': -2.77460362411, 'log_learning_rate_D': -4.296926982491112, 'log_learning_rate_D_dagger': -1.9479650970142814, 'training_batch_size': 6, 'training_p': 7}. Best is trial 32 with value: 0.39062610268592834.
res:  tensor(0.3906, grad_fn=<ToCopyBackward0>)
self.bestValue:  tensor(0.3914, grad_fn=<ToCopyBackward0>)
Save this model!
Time for this trial:  451.99704933166504
Memory status after this trial: 
Memory allocated:  1.91162109375
Memory cached:  4.0
--------------------  Trial  33   --------------------
Start timing: 
Parameters: 
{'log_learning_rate': -1.4377998943554706, 'log_learning_rate_D': -4.274706290103099, 'log_learning_rate_D_dagger': -1.9273246796701693, 'training_batch_size': 6, 'training_p': 8}
	 epoch  0 training error:  tensor(32.9075, grad_fn=<ToCopyBackward0>)
Memory status after this epoch: 
Memory allocated:  1.94189453125
Memory cached:  4.0
	 epoch  10 training error:  tensor(2.6436, grad_fn=<ToCopyBackward0>)
Memory status after this epoch: 
Memory allocated:  1.94189453125
Memory cached:  4.0
	 epoch  20 training error:  tensor(1.1842, grad_fn=<ToCopyBackward0>)
Memory status after this epoch: 
Memory allocated:  1.94189453125
Memory cached:  4.0
	 epoch  30 training error:  tensor(0.6768, grad_fn=<ToCopyBackward0>)
Memory status after this epoch: 
Memory allocated:  1.94189453125
Memory cached:  4.0
	 epoch  40 training error:  tensor(0.5982, grad_fn=<ToCopyBackward0>)
Memory status after this epoch: 
Memory allocated:  1.94189453125
Memory cached:  4.0
	 epoch  50 training error:  tensor(0.5593, grad_fn=<ToCopyBackward0>)
Memory status after this epoch: 
Memory allocated:  1.94189453125
Memory cached:  4.0
[W 2024-03-11 17:36:56,303] Trial 33 failed with parameters: {'log_learning_rate': -1.4377998943554706, 'log_learning_rate_D': -4.274706290103099, 'log_learning_rate_D_dagger': -1.9273246796701693, 'training_batch_size': 6, 'training_p': 8} because of the following error: The value nan is not acceptable.
[W 2024-03-11 17:36:56,303] Trial 33 failed with value tensor(nan, grad_fn=<ToCopyBackward0>).
Time for this trial:  275.93646574020386
Memory status after this trial: 
Memory allocated:  3.4521484375
Memory cached:  4.0
--------------------  Trial  34   --------------------
Start timing: 
Parameters: 
{'log_learning_rate': -1.5742364353046647, 'log_learning_rate_D': -4.1379551674244155, 'log_learning_rate_D_dagger': -2.0318608901793094, 'training_batch_size': 6, 'training_p': 8}
	 epoch  0 training error:  tensor(457.6498, grad_fn=<ToCopyBackward0>)
Memory status after this epoch: 
Memory allocated:  1.94189453125
Memory cached:  4.0
	 epoch  10 training error:  tensor(105.6428, grad_fn=<ToCopyBackward0>)
Memory status after this epoch: 
Memory allocated:  1.94189453125
Memory cached:  4.0
	 epoch  20 training error:  tensor(12.0796, grad_fn=<ToCopyBackward0>)
Memory status after this epoch: 
Memory allocated:  1.94189453125
Memory cached:  4.0
	 epoch  30 training error:  tensor(1.1527, grad_fn=<ToCopyBackward0>)
Memory status after this epoch: 
Memory allocated:  1.94189453125
Memory cached:  4.0
	 epoch  40 training error:  tensor(0.9336, grad_fn=<ToCopyBackward0>)
Memory status after this epoch: 
Memory allocated:  1.94189453125
Memory cached:  4.0
	 epoch  50 training error:  tensor(0.8250, grad_fn=<ToCopyBackward0>)
Memory status after this epoch: 
Memory allocated:  1.94189453125
Memory cached:  4.0
	 epoch  60 training error:  tensor(0.7378, grad_fn=<ToCopyBackward0>)
Memory status after this epoch: 
Memory allocated:  1.94189453125
Memory cached:  4.0
	 epoch  70 training error:  tensor(0.6729, grad_fn=<ToCopyBackward0>)
Memory status after this epoch: 
Memory allocated:  1.94189453125
Memory cached:  4.0
	 epoch  80 training error:  tensor(0.6291, grad_fn=<ToCopyBackward0>)
Memory status after this epoch: 
Memory allocated:  1.94189453125
Memory cached:  4.0
	 epoch  90 training error:  tensor(0.5996, grad_fn=<ToCopyBackward0>)
Memory status after this epoch: 
Memory allocated:  1.94189453125
Memory cached:  4.0
[I 2024-03-11 17:44:22,752] Trial 34 finished with value: 0.4353291690349579 and parameters: {'log_learning_rate': -1.5742364353046647, 'log_learning_rate_D': -4.1379551674244155, 'log_learning_rate_D_dagger': -2.0318608901793094, 'training_batch_size': 6, 'training_p': 8}. Best is trial 32 with value: 0.39062610268592834.
Time for this trial:  446.1818015575409
Memory status after this trial: 
Memory allocated:  3.4521484375
Memory cached:  4.0
--------------------  Trial  35   --------------------
Start timing: 
Parameters: 
{'log_learning_rate': -2.3402704197278164, 'log_learning_rate_D': -4.340489755983908, 'log_learning_rate_D_dagger': -1.2816003799595013, 'training_batch_size': 6, 'training_p': 4}
	 epoch  0 training error:  tensor(135.8521, grad_fn=<ToCopyBackward0>)
Memory status after this epoch: 
Memory allocated:  1.94189453125
Memory cached:  4.0
	 epoch  10 training error:  tensor(0.5682, grad_fn=<ToCopyBackward0>)
Memory status after this epoch: 
Memory allocated:  1.94189453125
Memory cached:  4.0
	 epoch  20 training error:  tensor(0.4490, grad_fn=<ToCopyBackward0>)
Memory status after this epoch: 
Memory allocated:  1.94189453125
Memory cached:  4.0
	 epoch  30 training error:  tensor(0.4328, grad_fn=<ToCopyBackward0>)
Memory status after this epoch: 
Memory allocated:  1.94189453125
Memory cached:  4.0
	 epoch  40 training error:  tensor(0.4270, grad_fn=<ToCopyBackward0>)
Memory status after this epoch: 
Memory allocated:  1.94189453125
Memory cached:  4.0
	 epoch  50 training error:  tensor(0.4271, grad_fn=<ToCopyBackward0>)
Memory status after this epoch: 
Memory allocated:  1.94189453125
Memory cached:  4.0
	 epoch  60 training error:  tensor(0.4269, grad_fn=<ToCopyBackward0>)
Memory status after this epoch: 
Memory allocated:  1.94189453125
Memory cached:  4.0
	 epoch  70 training error:  tensor(0.4273, grad_fn=<ToCopyBackward0>)
Memory status after this epoch: 
Memory allocated:  1.94189453125
Memory cached:  4.0
	 epoch  80 training error:  tensor(0.4268, grad_fn=<ToCopyBackward0>)
Memory status after this epoch: 
Memory allocated:  1.94189453125
Memory cached:  4.0
	 epoch  90 training error:  tensor(0.4271, grad_fn=<ToCopyBackward0>)
Memory status after this epoch: 
Memory allocated:  1.94189453125
Memory cached:  4.0
[I 2024-03-11 17:51:55,590] Trial 35 finished with value: 0.3358282148838043 and parameters: {'log_learning_rate': -2.3402704197278164, 'log_learning_rate_D': -4.340489755983908, 'log_learning_rate_D_dagger': -1.2816003799595013, 'training_batch_size': 6, 'training_p': 4}. Best is trial 35 with value: 0.3358282148838043.
res:  tensor(0.3358, grad_fn=<ToCopyBackward0>)
self.bestValue:  tensor(0.3906, grad_fn=<ToCopyBackward0>)
Save this model!
Time for this trial:  452.5809733867645
Memory status after this trial: 
Memory allocated:  1.91162109375
Memory cached:  4.0
--------------------  Trial  36   --------------------
Start timing: 
Parameters: 
{'log_learning_rate': -2.739463668146268, 'log_learning_rate_D': -3.75270114672174, 'log_learning_rate_D_dagger': -1.3843883386410023, 'training_batch_size': 6, 'training_p': 4}
	 epoch  0 training error:  tensor(93.6418, grad_fn=<ToCopyBackward0>)
Memory status after this epoch: 
Memory allocated:  1.94189453125
Memory cached:  4.0
[W 2024-03-11 17:52:05,587] Trial 36 failed with parameters: {'log_learning_rate': -2.739463668146268, 'log_learning_rate_D': -3.75270114672174, 'log_learning_rate_D_dagger': -1.3843883386410023, 'training_batch_size': 6, 'training_p': 4} because of the following error: The value nan is not acceptable.
[W 2024-03-11 17:52:05,588] Trial 36 failed with value tensor(nan, grad_fn=<ToCopyBackward0>).
Time for this trial:  9.770554065704346
Memory status after this trial: 
Memory allocated:  3.4521484375
Memory cached:  4.0
--------------------  Trial  37   --------------------
Start timing: 
Parameters: 
{'log_learning_rate': -2.7279359050210488, 'log_learning_rate_D': -3.6496371557799927, 'log_learning_rate_D_dagger': -1.2945092218984113, 'training_batch_size': 6, 'training_p': 4}
	 epoch  0 training error:  tensor(302.3839, grad_fn=<ToCopyBackward0>)
Memory status after this epoch: 
Memory allocated:  1.94189453125
Memory cached:  4.0
	 epoch  10 training error:  tensor(1.7835, grad_fn=<ToCopyBackward0>)
Memory status after this epoch: 
Memory allocated:  1.94189453125
Memory cached:  4.0
	 epoch  20 training error:  tensor(0.6687, grad_fn=<ToCopyBackward0>)
Memory status after this epoch: 
Memory allocated:  1.94189453125
Memory cached:  4.0
	 epoch  30 training error:  tensor(0.4636, grad_fn=<ToCopyBackward0>)
Memory status after this epoch: 
Memory allocated:  1.94189453125
Memory cached:  4.0
	 epoch  40 training error:  tensor(0.4339, grad_fn=<ToCopyBackward0>)
Memory status after this epoch: 
Memory allocated:  1.94189453125
Memory cached:  4.0
	 epoch  50 training error:  tensor(0.4276, grad_fn=<ToCopyBackward0>)
Memory status after this epoch: 
Memory allocated:  1.94189453125
Memory cached:  4.0
	 epoch  60 training error:  tensor(0.4269, grad_fn=<ToCopyBackward0>)
Memory status after this epoch: 
Memory allocated:  1.94189453125
Memory cached:  4.0
	 epoch  70 training error:  tensor(0.4269, grad_fn=<ToCopyBackward0>)
Memory status after this epoch: 
Memory allocated:  1.94189453125
Memory cached:  4.0
	 epoch  80 training error:  tensor(0.4268, grad_fn=<ToCopyBackward0>)
Memory status after this epoch: 
Memory allocated:  1.94189453125
Memory cached:  4.0
	 epoch  90 training error:  tensor(0.4266, grad_fn=<ToCopyBackward0>)
Memory status after this epoch: 
Memory allocated:  1.94189453125
Memory cached:  4.0
[I 2024-03-11 17:59:37,678] Trial 37 finished with value: 0.3365418612957001 and parameters: {'log_learning_rate': -2.7279359050210488, 'log_learning_rate_D': -3.6496371557799927, 'log_learning_rate_D_dagger': -1.2945092218984113, 'training_batch_size': 6, 'training_p': 4}. Best is trial 35 with value: 0.3358282148838043.
Time for this trial:  451.84047651290894
Memory status after this trial: 
Memory allocated:  3.4521484375
Memory cached:  4.0
--------------------  Trial  38   --------------------
Start timing: 
Parameters: 
{'log_learning_rate': -2.722404241788715, 'log_learning_rate_D': -3.6313642169180396, 'log_learning_rate_D_dagger': -1.439580360741779, 'training_batch_size': 6, 'training_p': 4}
	 epoch  0 training error:  tensor(73.9873, grad_fn=<ToCopyBackward0>)
Memory status after this epoch: 
Memory allocated:  1.94189453125
Memory cached:  4.0
	 epoch  10 training error:  tensor(0.7922, grad_fn=<ToCopyBackward0>)
Memory status after this epoch: 
Memory allocated:  1.94189453125
Memory cached:  4.0
	 epoch  20 training error:  tensor(0.4538, grad_fn=<ToCopyBackward0>)
Memory status after this epoch: 
Memory allocated:  1.94189453125
Memory cached:  4.0
	 epoch  30 training error:  tensor(0.4424, grad_fn=<ToCopyBackward0>)
Memory status after this epoch: 
Memory allocated:  1.94189453125
Memory cached:  4.0
	 epoch  40 training error:  tensor(0.4338, grad_fn=<ToCopyBackward0>)
Memory status after this epoch: 
Memory allocated:  1.94189453125
Memory cached:  4.0
	 epoch  50 training error:  tensor(0.4299, grad_fn=<ToCopyBackward0>)
Memory status after this epoch: 
Memory allocated:  1.94189453125
Memory cached:  4.0
	 epoch  60 training error:  tensor(0.4284, grad_fn=<ToCopyBackward0>)
Memory status after this epoch: 
Memory allocated:  1.94189453125
Memory cached:  4.0
	 epoch  70 training error:  tensor(0.4286, grad_fn=<ToCopyBackward0>)
Memory status after this epoch: 
Memory allocated:  1.94189453125
Memory cached:  4.0
	 epoch  80 training error:  tensor(0.4285, grad_fn=<ToCopyBackward0>)
Memory status after this epoch: 
Memory allocated:  1.94189453125
Memory cached:  4.0
	 epoch  90 training error:  tensor(0.4287, grad_fn=<ToCopyBackward0>)
Memory status after this epoch: 
Memory allocated:  1.94189453125
Memory cached:  4.0
[I 2024-03-11 18:07:10,144] Trial 38 finished with value: 0.34215304255485535 and parameters: {'log_learning_rate': -2.722404241788715, 'log_learning_rate_D': -3.6313642169180396, 'log_learning_rate_D_dagger': -1.439580360741779, 'training_batch_size': 6, 'training_p': 4}. Best is trial 35 with value: 0.3358282148838043.
Time for this trial:  452.19729351997375
Memory status after this trial: 
Memory allocated:  3.4521484375
Memory cached:  4.0
--------------------  Trial  39   --------------------
Start timing: 
Parameters: 
{'log_learning_rate': -2.742925167015912, 'log_learning_rate_D': -3.620190708729651, 'log_learning_rate_D_dagger': -1.5804891907936873, 'training_batch_size': 6, 'training_p': 4}
	 epoch  0 training error:  tensor(108.0655, grad_fn=<ToCopyBackward0>)
Memory status after this epoch: 
Memory allocated:  1.94189453125
Memory cached:  4.0
	 epoch  10 training error:  tensor(0.6899, grad_fn=<ToCopyBackward0>)
Memory status after this epoch: 
Memory allocated:  1.94189453125
Memory cached:  4.0
	 epoch  20 training error:  tensor(0.5544, grad_fn=<ToCopyBackward0>)
Memory status after this epoch: 
Memory allocated:  1.94189453125
Memory cached:  4.0
	 epoch  30 training error:  tensor(0.5262, grad_fn=<ToCopyBackward0>)
Memory status after this epoch: 
Memory allocated:  1.94189453125
Memory cached:  4.0
	 epoch  40 training error:  tensor(0.5017, grad_fn=<ToCopyBackward0>)
Memory status after this epoch: 
Memory allocated:  1.94189453125
Memory cached:  4.0
	 epoch  50 training error:  tensor(0.4837, grad_fn=<ToCopyBackward0>)
Memory status after this epoch: 
Memory allocated:  1.94189453125
Memory cached:  4.0
	 epoch  60 training error:  tensor(0.4723, grad_fn=<ToCopyBackward0>)
Memory status after this epoch: 
Memory allocated:  1.94189453125
Memory cached:  4.0
	 epoch  70 training error:  tensor(0.4636, grad_fn=<ToCopyBackward0>)
Memory status after this epoch: 
Memory allocated:  1.94189453125
Memory cached:  4.0
	 epoch  80 training error:  tensor(0.4565, grad_fn=<ToCopyBackward0>)
Memory status after this epoch: 
Memory allocated:  1.94189453125
Memory cached:  4.0
	 epoch  90 training error:  tensor(0.4500, grad_fn=<ToCopyBackward0>)
Memory status after this epoch: 
Memory allocated:  1.94189453125
Memory cached:  4.0
[I 2024-03-11 18:14:40,127] Trial 39 finished with value: 0.37098580598831177 and parameters: {'log_learning_rate': -2.742925167015912, 'log_learning_rate_D': -3.620190708729651, 'log_learning_rate_D_dagger': -1.5804891907936873, 'training_batch_size': 6, 'training_p': 4}. Best is trial 35 with value: 0.3358282148838043.
Time for this trial:  449.75603318214417
Memory status after this trial: 
Memory allocated:  3.4521484375
Memory cached:  4.0
--------------------  Trial  40   --------------------
Start timing: 
Parameters: 
{'log_learning_rate': -2.3981285734071083, 'log_learning_rate_D': -3.5806143513660817, 'log_learning_rate_D_dagger': -1.4120492020219704, 'training_batch_size': 6, 'training_p': 4}
	 epoch  0 training error:  tensor(127.3958, grad_fn=<ToCopyBackward0>)
Memory status after this epoch: 
Memory allocated:  1.94189453125
Memory cached:  4.0
	 epoch  10 training error:  tensor(1.4021, grad_fn=<ToCopyBackward0>)
Memory status after this epoch: 
Memory allocated:  1.94189453125
Memory cached:  4.0
	 epoch  20 training error:  tensor(0.4948, grad_fn=<ToCopyBackward0>)
Memory status after this epoch: 
Memory allocated:  1.94189453125
Memory cached:  4.0
	 epoch  30 training error:  tensor(0.4393, grad_fn=<ToCopyBackward0>)
Memory status after this epoch: 
Memory allocated:  1.94189453125
Memory cached:  4.0
	 epoch  40 training error:  tensor(0.4320, grad_fn=<ToCopyBackward0>)
Memory status after this epoch: 
Memory allocated:  1.94189453125
Memory cached:  4.0
	 epoch  50 training error:  tensor(0.4293, grad_fn=<ToCopyBackward0>)
Memory status after this epoch: 
Memory allocated:  1.94189453125
Memory cached:  4.0
	 epoch  60 training error:  tensor(0.4285, grad_fn=<ToCopyBackward0>)
Memory status after this epoch: 
Memory allocated:  1.94189453125
Memory cached:  4.0
	 epoch  70 training error:  tensor(0.4282, grad_fn=<ToCopyBackward0>)
Memory status after this epoch: 
Memory allocated:  1.94189453125
Memory cached:  4.0
	 epoch  80 training error:  tensor(0.4283, grad_fn=<ToCopyBackward0>)
Memory status after this epoch: 
Memory allocated:  1.94189453125
Memory cached:  4.0
	 epoch  90 training error:  tensor(0.4278, grad_fn=<ToCopyBackward0>)
Memory status after this epoch: 
Memory allocated:  1.94189453125
Memory cached:  4.0
[I 2024-03-11 18:22:12,488] Trial 40 finished with value: 0.33477750420570374 and parameters: {'log_learning_rate': -2.3981285734071083, 'log_learning_rate_D': -3.5806143513660817, 'log_learning_rate_D_dagger': -1.4120492020219704, 'training_batch_size': 6, 'training_p': 4}. Best is trial 40 with value: 0.33477750420570374.
res:  tensor(0.3348, grad_fn=<ToCopyBackward0>)
self.bestValue:  tensor(0.3358, grad_fn=<ToCopyBackward0>)
Save this model!
Time for this trial:  452.13468861579895
Memory status after this trial: 
Memory allocated:  1.91162109375
Memory cached:  4.0
--------------------  Trial  41   --------------------
Start timing: 
Parameters: 
{'log_learning_rate': -2.3853371792010036, 'log_learning_rate_D': -3.557051436396864, 'log_learning_rate_D_dagger': -1.3693521532004669, 'training_batch_size': 6, 'training_p': 4}
	 epoch  0 training error:  tensor(17.9488, grad_fn=<ToCopyBackward0>)
Memory status after this epoch: 
Memory allocated:  1.94189453125
Memory cached:  4.0
	 epoch  10 training error:  tensor(0.4793, grad_fn=<ToCopyBackward0>)
Memory status after this epoch: 
Memory allocated:  1.94189453125
Memory cached:  4.0
	 epoch  20 training error:  tensor(0.4284, grad_fn=<ToCopyBackward0>)
Memory status after this epoch: 
Memory allocated:  1.94189453125
Memory cached:  4.0
	 epoch  30 training error:  tensor(0.4297, grad_fn=<ToCopyBackward0>)
Memory status after this epoch: 
Memory allocated:  1.94189453125
Memory cached:  4.0
	 epoch  40 training error:  tensor(0.4297, grad_fn=<ToCopyBackward0>)
Memory status after this epoch: 
Memory allocated:  1.94189453125
Memory cached:  4.0
	 epoch  50 training error:  tensor(0.4279, grad_fn=<ToCopyBackward0>)
Memory status after this epoch: 
Memory allocated:  1.94189453125
Memory cached:  4.0
	 epoch  60 training error:  tensor(0.4284, grad_fn=<ToCopyBackward0>)
Memory status after this epoch: 
Memory allocated:  1.94189453125
Memory cached:  4.0
	 epoch  70 training error:  tensor(0.4281, grad_fn=<ToCopyBackward0>)
Memory status after this epoch: 
Memory allocated:  1.94189453125
Memory cached:  4.0
	 epoch  80 training error:  tensor(0.4317, grad_fn=<ToCopyBackward0>)
Memory status after this epoch: 
Memory allocated:  1.94189453125
Memory cached:  4.0
	 epoch  90 training error:  tensor(0.4284, grad_fn=<ToCopyBackward0>)
Memory status after this epoch: 
Memory allocated:  1.94189453125
Memory cached:  4.0
