[I 2023-12-02 23:48:50,331] Trial 13 finished with value: 0.042232122272253036 and parameters: {'W_layers': 5, 'W_layer_units_exponent_0': 10, 'W_layer_units_exponent_1': 8, 'W_layer_units_exponent_2': 7, 'W_layer_units_exponent_3': 8, 'W_layer_units_exponent_4': 6, 'D_layers': 6, 'D_layer_units_exponent_0': 6, 'D_layer_units_exponent_1': 6, 'D_layer_units_exponent_2': 8, 'D_layer_units_exponent_3': 6, 'D_layer_units_exponent_4': 10, 'D_layer_units_exponent_5': 8, 'D_dagger_layers': 8, 'D_dagger_layer_units_exponent_0': 8, 'D_dagger_layer_units_exponent_1': 8, 'D_dagger_layer_units_exponent_2': 8, 'D_dagger_layer_units_exponent_3': 10, 'D_dagger_layer_units_exponent_4': 8, 'D_dagger_layer_units_exponent_5': 10, 'D_dagger_layer_units_exponent_6': 10, 'D_dagger_layer_units_exponent_7': 4, 'log_learning_rate': -3.788801405084909, 'log_learning_rate_D': -3.1105953997684215, 'log_learning_rate_D_dagger': -3.8963985499919582, 'training_batch_size': 10, 'training_p': 4}. Best is trial 13 with value: 0.042232122272253036.
res:  tensor(0.0422, device='cuda:0', grad_fn=<DivBackward0>)
self.bestValue:  tensor(0.0487, device='cuda:0', grad_fn=<DivBackward0>)
Save this model!
Time for this trial:  256.3573019504547
Memory status after this trial: 
Memory allocated:  421.86865234375
Memory cached:  728.0
--------------------  Trial  14   --------------------
Start timing: 
Parameters: 
{'W_layers': 7, 'W_layer_units_exponent_0': 10, 'W_layer_units_exponent_1': 8, 'W_layer_units_exponent_2': 7, 'W_layer_units_exponent_3': 10, 'W_layer_units_exponent_4': 6, 'W_layer_units_exponent_5': 4, 'W_layer_units_exponent_6': 7, 'D_layers': 6, 'D_layer_units_exponent_0': 6, 'D_layer_units_exponent_1': 6, 'D_layer_units_exponent_2': 7, 'D_layer_units_exponent_3': 6, 'D_layer_units_exponent_4': 10, 'D_layer_units_exponent_5': 8, 'D_dagger_layers': 7, 'D_dagger_layer_units_exponent_0': 8, 'D_dagger_layer_units_exponent_1': 8, 'D_dagger_layer_units_exponent_2': 8, 'D_dagger_layer_units_exponent_3': 9, 'D_dagger_layer_units_exponent_4': 8, 'D_dagger_layer_units_exponent_5': 10, 'D_dagger_layer_units_exponent_6': 9, 'log_learning_rate': -3.6747406609709605, 'log_learning_rate_D': -3.179735755519376, 'log_learning_rate_D_dagger': -3.5207683186207017, 'training_batch_size': 10, 'training_p': 4}
	 epoch  0 training error:  tensor(1.0023, device='cuda:0', grad_fn=<DivBackward0>)
Memory status after this epoch: 
Memory allocated:  452.91650390625
Memory cached:  708.0
	 epoch  10 training error:  tensor(0.1497, device='cuda:0', grad_fn=<DivBackward0>)
Memory status after this epoch: 
Memory allocated:  452.91650390625
Memory cached:  742.0
	 epoch  20 training error:  tensor(0.1069, device='cuda:0', grad_fn=<DivBackward0>)
Memory status after this epoch: 
Memory allocated:  452.91650390625
Memory cached:  744.0
	 epoch  30 training error:  tensor(0.0655, device='cuda:0', grad_fn=<DivBackward0>)
Memory status after this epoch: 
Memory allocated:  452.91650390625
Memory cached:  742.0
	 epoch  40 training error:  tensor(0.0655, device='cuda:0', grad_fn=<DivBackward0>)
Memory status after this epoch: 
Memory allocated:  452.91650390625
Memory cached:  742.0
	 epoch  50 training error:  tensor(0.0599, device='cuda:0', grad_fn=<DivBackward0>)
Memory status after this epoch: 
Memory allocated:  452.91650390625
Memory cached:  746.0
	 epoch  60 training error:  tensor(0.0474, device='cuda:0', grad_fn=<DivBackward0>)
Memory status after this epoch: 
Memory allocated:  452.91650390625
Memory cached:  740.0
	 epoch  70 training error:  tensor(0.0814, device='cuda:0', grad_fn=<DivBackward0>)
Memory status after this epoch: 
Memory allocated:  452.91650390625
Memory cached:  744.0
	 epoch  80 training error:  tensor(0.0702, device='cuda:0', grad_fn=<DivBackward0>)
Memory status after this epoch: 
Memory allocated:  452.91650390625
Memory cached:  744.0
	 epoch  90 training error:  tensor(0.0484, device='cuda:0', grad_fn=<DivBackward0>)
Memory status after this epoch: 
Memory allocated:  452.91650390625
Memory cached:  742.0
[I 2023-12-02 23:53:10,128] Trial 14 finished with value: 0.0555742084980011 and parameters: {'W_layers': 7, 'W_layer_units_exponent_0': 10, 'W_layer_units_exponent_1': 8, 'W_layer_units_exponent_2': 7, 'W_layer_units_exponent_3': 10, 'W_layer_units_exponent_4': 6, 'W_layer_units_exponent_5': 4, 'W_layer_units_exponent_6': 7, 'D_layers': 6, 'D_layer_units_exponent_0': 6, 'D_layer_units_exponent_1': 6, 'D_layer_units_exponent_2': 7, 'D_layer_units_exponent_3': 6, 'D_layer_units_exponent_4': 10, 'D_layer_units_exponent_5': 8, 'D_dagger_layers': 7, 'D_dagger_layer_units_exponent_0': 8, 'D_dagger_layer_units_exponent_1': 8, 'D_dagger_layer_units_exponent_2': 8, 'D_dagger_layer_units_exponent_3': 9, 'D_dagger_layer_units_exponent_4': 8, 'D_dagger_layer_units_exponent_5': 10, 'D_dagger_layer_units_exponent_6': 9, 'log_learning_rate': -3.6747406609709605, 'log_learning_rate_D': -3.179735755519376, 'log_learning_rate_D_dagger': -3.5207683186207017, 'training_batch_size': 10, 'training_p': 4}. Best is trial 13 with value: 0.042232122272253036.
Time for this trial:  259.547242641449
Memory status after this trial: 
Memory allocated:  820.7041015625
Memory cached:  862.0
--------------------  Trial  15   --------------------
Start timing: 
Parameters: 
{'W_layers': 5, 'W_layer_units_exponent_0': 9, 'W_layer_units_exponent_1': 8, 'W_layer_units_exponent_2': 9, 'W_layer_units_exponent_3': 8, 'W_layer_units_exponent_4': 7, 'D_layers': 6, 'D_layer_units_exponent_0': 5, 'D_layer_units_exponent_1': 8, 'D_layer_units_exponent_2': 8, 'D_layer_units_exponent_3': 6, 'D_layer_units_exponent_4': 10, 'D_layer_units_exponent_5': 7, 'D_dagger_layers': 7, 'D_dagger_layer_units_exponent_0': 9, 'D_dagger_layer_units_exponent_1': 9, 'D_dagger_layer_units_exponent_2': 6, 'D_dagger_layer_units_exponent_3': 9, 'D_dagger_layer_units_exponent_4': 8, 'D_dagger_layer_units_exponent_5': 8, 'D_dagger_layer_units_exponent_6': 7, 'log_learning_rate': -3.478869361604544, 'log_learning_rate_D': -3.7048517544490873, 'log_learning_rate_D_dagger': -2.8410422170908625, 'training_batch_size': 8, 'training_p': 6}
	 epoch  0 training error:  tensor(1.0759, device='cuda:0', grad_fn=<DivBackward0>)
Memory status after this epoch: 
Memory allocated:  441.39697265625
Memory cached:  708.0
	 epoch  10 training error:  tensor(0.1451, device='cuda:0', grad_fn=<DivBackward0>)
Memory status after this epoch: 
Memory allocated:  441.39697265625
Memory cached:  740.0
	 epoch  20 training error:  tensor(0.1563, device='cuda:0', grad_fn=<DivBackward0>)
Memory status after this epoch: 
Memory allocated:  441.39697265625
Memory cached:  746.0
	 epoch  30 training error:  tensor(0.1034, device='cuda:0', grad_fn=<DivBackward0>)
Memory status after this epoch: 
Memory allocated:  441.39697265625
Memory cached:  736.0
	 epoch  40 training error:  tensor(0.0720, device='cuda:0', grad_fn=<DivBackward0>)
Memory status after this epoch: 
Memory allocated:  441.39697265625
Memory cached:  746.0
	 epoch  50 training error:  tensor(0.0600, device='cuda:0', grad_fn=<DivBackward0>)
Memory status after this epoch: 
Memory allocated:  441.39697265625
Memory cached:  744.0
	 epoch  60 training error:  tensor(0.0489, device='cuda:0', grad_fn=<DivBackward0>)
Memory status after this epoch: 
Memory allocated:  441.39697265625
Memory cached:  744.0
	 epoch  70 training error:  tensor(0.0506, device='cuda:0', grad_fn=<DivBackward0>)
Memory status after this epoch: 
Memory allocated:  441.39697265625
Memory cached:  744.0
	 epoch  80 training error:  tensor(0.0515, device='cuda:0', grad_fn=<DivBackward0>)
Memory status after this epoch: 
Memory allocated:  441.39697265625
Memory cached:  740.0
	 epoch  90 training error:  tensor(0.0513, device='cuda:0', grad_fn=<DivBackward0>)
Memory status after this epoch: 
Memory allocated:  441.39697265625
Memory cached:  736.0
[I 2023-12-02 23:57:04,788] Trial 15 finished with value: 0.050004810094833374 and parameters: {'W_layers': 5, 'W_layer_units_exponent_0': 9, 'W_layer_units_exponent_1': 8, 'W_layer_units_exponent_2': 9, 'W_layer_units_exponent_3': 8, 'W_layer_units_exponent_4': 7, 'D_layers': 6, 'D_layer_units_exponent_0': 5, 'D_layer_units_exponent_1': 8, 'D_layer_units_exponent_2': 8, 'D_layer_units_exponent_3': 6, 'D_layer_units_exponent_4': 10, 'D_layer_units_exponent_5': 7, 'D_dagger_layers': 7, 'D_dagger_layer_units_exponent_0': 9, 'D_dagger_layer_units_exponent_1': 9, 'D_dagger_layer_units_exponent_2': 6, 'D_dagger_layer_units_exponent_3': 9, 'D_dagger_layer_units_exponent_4': 8, 'D_dagger_layer_units_exponent_5': 8, 'D_dagger_layer_units_exponent_6': 7, 'log_learning_rate': -3.478869361604544, 'log_learning_rate_D': -3.7048517544490873, 'log_learning_rate_D_dagger': -2.8410422170908625, 'training_batch_size': 8, 'training_p': 6}. Best is trial 13 with value: 0.042232122272253036.
Time for this trial:  234.36757612228394
Memory status after this trial: 
Memory allocated:  730.57177734375
Memory cached:  774.0
--------------------  Trial  16   --------------------
Start timing: 
Parameters: 
{'W_layers': 7, 'W_layer_units_exponent_0': 9, 'W_layer_units_exponent_1': 8, 'W_layer_units_exponent_2': 7, 'W_layer_units_exponent_3': 7, 'W_layer_units_exponent_4': 6, 'W_layer_units_exponent_5': 8, 'W_layer_units_exponent_6': 8, 'D_layers': 6, 'D_layer_units_exponent_0': 6, 'D_layer_units_exponent_1': 4, 'D_layer_units_exponent_2': 8, 'D_layer_units_exponent_3': 7, 'D_layer_units_exponent_4': 9, 'D_layer_units_exponent_5': 7, 'D_dagger_layers': 8, 'D_dagger_layer_units_exponent_0': 7, 'D_dagger_layer_units_exponent_1': 9, 'D_dagger_layer_units_exponent_2': 6, 'D_dagger_layer_units_exponent_3': 9, 'D_dagger_layer_units_exponent_4': 7, 'D_dagger_layer_units_exponent_5': 6, 'D_dagger_layer_units_exponent_6': 8, 'D_dagger_layer_units_exponent_7': 4, 'log_learning_rate': -4.119897769231888, 'log_learning_rate_D': -2.9403822250170877, 'log_learning_rate_D_dagger': -3.8706705252346763, 'training_batch_size': 11, 'training_p': 3}
	 epoch  0 training error:  tensor(0.9773, device='cuda:0', grad_fn=<DivBackward0>)
Memory status after this epoch: 
Memory allocated:  432.13720703125
Memory cached:  708.0
	 epoch  10 training error:  tensor(0.3020, device='cuda:0', grad_fn=<DivBackward0>)
Memory status after this epoch: 
Memory allocated:  432.13720703125
Memory cached:  740.0
	 epoch  20 training error:  tensor(0.1426, device='cuda:0', grad_fn=<DivBackward0>)
Memory status after this epoch: 
Memory allocated:  432.13720703125
Memory cached:  740.0
	 epoch  30 training error:  tensor(0.0952, device='cuda:0', grad_fn=<DivBackward0>)
Memory status after this epoch: 
Memory allocated:  432.13720703125
Memory cached:  744.0
	 epoch  40 training error:  tensor(0.0798, device='cuda:0', grad_fn=<DivBackward0>)
Memory status after this epoch: 
Memory allocated:  432.13720703125
Memory cached:  742.0
	 epoch  50 training error:  tensor(0.0676, device='cuda:0', grad_fn=<DivBackward0>)
Memory status after this epoch: 
Memory allocated:  432.13720703125
Memory cached:  740.0
	 epoch  60 training error:  tensor(0.0599, device='cuda:0', grad_fn=<DivBackward0>)
Memory status after this epoch: 
Memory allocated:  432.13720703125
Memory cached:  744.0
	 epoch  70 training error:  tensor(0.0561, device='cuda:0', grad_fn=<DivBackward0>)
Memory status after this epoch: 
Memory allocated:  432.13720703125
Memory cached:  734.0
	 epoch  80 training error:  tensor(0.0533, device='cuda:0', grad_fn=<DivBackward0>)
Memory status after this epoch: 
Memory allocated:  432.13720703125
Memory cached:  742.0
	 epoch  90 training error:  tensor(0.0500, device='cuda:0', grad_fn=<DivBackward0>)
Memory status after this epoch: 
Memory allocated:  432.13720703125
Memory cached:  738.0
[I 2023-12-03 00:01:07,462] Trial 16 finished with value: 0.04812850058078766 and parameters: {'W_layers': 7, 'W_layer_units_exponent_0': 9, 'W_layer_units_exponent_1': 8, 'W_layer_units_exponent_2': 7, 'W_layer_units_exponent_3': 7, 'W_layer_units_exponent_4': 6, 'W_layer_units_exponent_5': 8, 'W_layer_units_exponent_6': 8, 'D_layers': 6, 'D_layer_units_exponent_0': 6, 'D_layer_units_exponent_1': 4, 'D_layer_units_exponent_2': 8, 'D_layer_units_exponent_3': 7, 'D_layer_units_exponent_4': 9, 'D_layer_units_exponent_5': 7, 'D_dagger_layers': 8, 'D_dagger_layer_units_exponent_0': 7, 'D_dagger_layer_units_exponent_1': 9, 'D_dagger_layer_units_exponent_2': 6, 'D_dagger_layer_units_exponent_3': 9, 'D_dagger_layer_units_exponent_4': 7, 'D_dagger_layer_units_exponent_5': 6, 'D_dagger_layer_units_exponent_6': 8, 'D_dagger_layer_units_exponent_7': 4, 'log_learning_rate': -4.119897769231888, 'log_learning_rate_D': -2.9403822250170877, 'log_learning_rate_D_dagger': -3.8706705252346763, 'training_batch_size': 11, 'training_p': 3}. Best is trial 13 with value: 0.042232122272253036.
Time for this trial:  242.35879850387573
Memory status after this trial: 
Memory allocated:  658.12646484375
Memory cached:  732.0
--------------------  Trial  17   --------------------
Start timing: 
Parameters: 
{'W_layers': 7, 'W_layer_units_exponent_0': 10, 'W_layer_units_exponent_1': 7, 'W_layer_units_exponent_2': 7, 'W_layer_units_exponent_3': 7, 'W_layer_units_exponent_4': 5, 'W_layer_units_exponent_5': 9, 'W_layer_units_exponent_6': 7, 'D_layers': 8, 'D_layer_units_exponent_0': 6, 'D_layer_units_exponent_1': 4, 'D_layer_units_exponent_2': 8, 'D_layer_units_exponent_3': 7, 'D_layer_units_exponent_4': 9, 'D_layer_units_exponent_5': 9, 'D_layer_units_exponent_6': 10, 'D_layer_units_exponent_7': 4, 'D_dagger_layers': 6, 'D_dagger_layer_units_exponent_0': 9, 'D_dagger_layer_units_exponent_1': 9, 'D_dagger_layer_units_exponent_2': 5, 'D_dagger_layer_units_exponent_3': 8, 'D_dagger_layer_units_exponent_4': 7, 'D_dagger_layer_units_exponent_5': 6, 'log_learning_rate': -3.2717647588537657, 'log_learning_rate_D': -2.8665576602622824, 'log_learning_rate_D_dagger': -4.989596096732159, 'training_batch_size': 11, 'training_p': 3}
	 epoch  0 training error:  tensor(0.8658, device='cuda:0', grad_fn=<DivBackward0>)
Memory status after this epoch: 
Memory allocated:  444.68212890625
Memory cached:  706.0
	 epoch  10 training error:  tensor(0.1295, device='cuda:0', grad_fn=<DivBackward0>)
Memory status after this epoch: 
Memory allocated:  444.68212890625
Memory cached:  740.0
	 epoch  20 training error:  tensor(0.1261, device='cuda:0', grad_fn=<DivBackward0>)
Memory status after this epoch: 
Memory allocated:  444.68212890625
Memory cached:  754.0
	 epoch  30 training error:  tensor(0.1004, device='cuda:0', grad_fn=<DivBackward0>)
Memory status after this epoch: 
Memory allocated:  444.68212890625
Memory cached:  752.0
	 epoch  40 training error:  tensor(0.0891, device='cuda:0', grad_fn=<DivBackward0>)
Memory status after this epoch: 
Memory allocated:  444.68212890625
Memory cached:  746.0
	 epoch  50 training error:  tensor(0.0724, device='cuda:0', grad_fn=<DivBackward0>)
Memory status after this epoch: 
Memory allocated:  444.68212890625
Memory cached:  746.0
	 epoch  60 training error:  tensor(0.0762, device='cuda:0', grad_fn=<DivBackward0>)
Memory status after this epoch: 
Memory allocated:  444.68212890625
Memory cached:  750.0
	 epoch  70 training error:  tensor(0.0702, device='cuda:0', grad_fn=<DivBackward0>)
Memory status after this epoch: 
Memory allocated:  444.68212890625
Memory cached:  748.0
	 epoch  80 training error:  tensor(0.0671, device='cuda:0', grad_fn=<DivBackward0>)
Memory status after this epoch: 
Memory allocated:  444.68212890625
Memory cached:  748.0
	 epoch  90 training error:  tensor(0.0608, device='cuda:0', grad_fn=<DivBackward0>)
Memory status after this epoch: 
Memory allocated:  444.68212890625
Memory cached:  748.0
[I 2023-12-03 00:05:25,737] Trial 17 finished with value: 0.05847371369600296 and parameters: {'W_layers': 7, 'W_layer_units_exponent_0': 10, 'W_layer_units_exponent_1': 7, 'W_layer_units_exponent_2': 7, 'W_layer_units_exponent_3': 7, 'W_layer_units_exponent_4': 5, 'W_layer_units_exponent_5': 9, 'W_layer_units_exponent_6': 7, 'D_layers': 8, 'D_layer_units_exponent_0': 6, 'D_layer_units_exponent_1': 4, 'D_layer_units_exponent_2': 8, 'D_layer_units_exponent_3': 7, 'D_layer_units_exponent_4': 9, 'D_layer_units_exponent_5': 9, 'D_layer_units_exponent_6': 10, 'D_layer_units_exponent_7': 4, 'D_dagger_layers': 6, 'D_dagger_layer_units_exponent_0': 9, 'D_dagger_layer_units_exponent_1': 9, 'D_dagger_layer_units_exponent_2': 5, 'D_dagger_layer_units_exponent_3': 8, 'D_dagger_layer_units_exponent_4': 7, 'D_dagger_layer_units_exponent_5': 6, 'log_learning_rate': -3.2717647588537657, 'log_learning_rate_D': -2.8665576602622824, 'log_learning_rate_D_dagger': -4.989596096732159, 'training_batch_size': 11, 'training_p': 3}. Best is trial 13 with value: 0.042232122272253036.
Time for this trial:  257.9521725177765
Memory status after this trial: 
Memory allocated:  757.37841796875
Memory cached:  794.0
--------------------  Trial  18   --------------------
Start timing: 
Parameters: 
{'W_layers': 4, 'W_layer_units_exponent_0': 9, 'W_layer_units_exponent_1': 9, 'W_layer_units_exponent_2': 6, 'W_layer_units_exponent_3': 6, 'D_layers': 5, 'D_layer_units_exponent_0': 5, 'D_layer_units_exponent_1': 5, 'D_layer_units_exponent_2': 6, 'D_layer_units_exponent_3': 7, 'D_layer_units_exponent_4': 9, 'D_dagger_layers': 6, 'D_dagger_layer_units_exponent_0': 9, 'D_dagger_layer_units_exponent_1': 7, 'D_dagger_layer_units_exponent_2': 6, 'D_dagger_layer_units_exponent_3': 4, 'D_dagger_layer_units_exponent_4': 6, 'D_dagger_layer_units_exponent_5': 5, 'log_learning_rate': -4.086349081620573, 'log_learning_rate_D': -4.004985457092912, 'log_learning_rate_D_dagger': -4.035541112712686, 'training_batch_size': 11, 'training_p': 3}
	 epoch  0 training error:  tensor(0.4199, device='cuda:0', grad_fn=<DivBackward0>)
Memory status after this epoch: 
Memory allocated:  428.91259765625
Memory cached:  700.0
	 epoch  10 training error:  tensor(0.1118, device='cuda:0', grad_fn=<DivBackward0>)
Memory status after this epoch: 
Memory allocated:  428.91259765625
Memory cached:  730.0
	 epoch  20 training error:  tensor(0.0964, device='cuda:0', grad_fn=<DivBackward0>)
Memory status after this epoch: 
Memory allocated:  428.91259765625
Memory cached:  728.0
	 epoch  30 training error:  tensor(0.0822, device='cuda:0', grad_fn=<DivBackward0>)
Memory status after this epoch: 
Memory allocated:  428.91259765625
Memory cached:  732.0
	 epoch  40 training error:  tensor(0.0753, device='cuda:0', grad_fn=<DivBackward0>)
Memory status after this epoch: 
Memory allocated:  428.91259765625
Memory cached:  726.0
	 epoch  50 training error:  tensor(0.0671, device='cuda:0', grad_fn=<DivBackward0>)
Memory status after this epoch: 
Memory allocated:  428.91259765625
Memory cached:  722.0
	 epoch  60 training error:  tensor(0.0588, device='cuda:0', grad_fn=<DivBackward0>)
Memory status after this epoch: 
Memory allocated:  428.91259765625
Memory cached:  724.0
	 epoch  70 training error:  tensor(0.0564, device='cuda:0', grad_fn=<DivBackward0>)
Memory status after this epoch: 
Memory allocated:  428.91259765625
Memory cached:  726.0
	 epoch  80 training error:  tensor(0.0536, device='cuda:0', grad_fn=<DivBackward0>)
Memory status after this epoch: 
Memory allocated:  428.91259765625
Memory cached:  722.0
	 epoch  90 training error:  tensor(0.0514, device='cuda:0', grad_fn=<DivBackward0>)
Memory status after this epoch: 
Memory allocated:  428.91259765625
Memory cached:  724.0
