[I 2024-01-26 07:58:43,103] Trial 309 finished with value: 0.16979175806045532 and parameters: {'W_layers': 7, 'W_layer_units_exponent_0': 7, 'W_layer_units_exponent_1': 7, 'W_layer_units_exponent_2': 5, 'W_layer_units_exponent_3': 4, 'W_layer_units_exponent_4': 10, 'W_layer_units_exponent_5': 10, 'W_layer_units_exponent_6': 10, 'D_layers': 5, 'D_layer_units_exponent_0': 4, 'D_layer_units_exponent_1': 6, 'D_layer_units_exponent_2': 5, 'D_layer_units_exponent_3': 4, 'D_layer_units_exponent_4': 6, 'D_dagger_layers': 5, 'D_dagger_layer_units_exponent_0': 9, 'D_dagger_layer_units_exponent_1': 10, 'D_dagger_layer_units_exponent_2': 9, 'D_dagger_layer_units_exponent_3': 6, 'D_dagger_layer_units_exponent_4': 5, 'log_learning_rate': -2.99362629165156, 'log_learning_rate_D': -2.429015593928958, 'log_learning_rate_D_dagger': -3.201282366449756, 'training_batch_size': 9, 'training_p': 2}. Best is trial 308 with value: 0.16571281850337982.
Time for this trial:  24.770159244537354
Memory status after this trial: 
Memory allocated:  1222.47119140625
Memory cached:  1262.0
--------------------  Trial  310   --------------------
Start timing: 
Parameters: 
{'W_layers': 7, 'W_layer_units_exponent_0': 7, 'W_layer_units_exponent_1': 7, 'W_layer_units_exponent_2': 5, 'W_layer_units_exponent_3': 4, 'W_layer_units_exponent_4': 10, 'W_layer_units_exponent_5': 10, 'W_layer_units_exponent_6': 10, 'D_layers': 5, 'D_layer_units_exponent_0': 4, 'D_layer_units_exponent_1': 6, 'D_layer_units_exponent_2': 5, 'D_layer_units_exponent_3': 4, 'D_layer_units_exponent_4': 6, 'D_dagger_layers': 5, 'D_dagger_layer_units_exponent_0': 9, 'D_dagger_layer_units_exponent_1': 10, 'D_dagger_layer_units_exponent_2': 9, 'D_dagger_layer_units_exponent_3': 6, 'D_dagger_layer_units_exponent_4': 5, 'log_learning_rate': -3.235331786923454, 'log_learning_rate_D': -2.2326267157666875, 'log_learning_rate_D_dagger': -3.263148060433618, 'training_batch_size': 9, 'training_p': 2}
	 epoch  0 training error:  tensor(1.0228, device='cuda:0', grad_fn=<DivBackward0>)
Memory status after this epoch: 
Memory allocated:  663.42529296875
Memory cached:  804.0
	 epoch  10 training error:  tensor(0.2265, device='cuda:0', grad_fn=<DivBackward0>)
Memory status after this epoch: 
Memory allocated:  663.42529296875
Memory cached:  804.0
	 epoch  20 training error:  tensor(0.2225, device='cuda:0', grad_fn=<DivBackward0>)
Memory status after this epoch: 
Memory allocated:  663.42529296875
Memory cached:  804.0
	 epoch  30 training error:  tensor(0.1942, device='cuda:0', grad_fn=<DivBackward0>)
Memory status after this epoch: 
Memory allocated:  663.42529296875
Memory cached:  804.0
	 epoch  40 training error:  tensor(0.2018, device='cuda:0', grad_fn=<DivBackward0>)
Memory status after this epoch: 
Memory allocated:  663.42529296875
Memory cached:  804.0
	 epoch  50 training error:  tensor(0.1879, device='cuda:0', grad_fn=<DivBackward0>)
Memory status after this epoch: 
Memory allocated:  663.42529296875
Memory cached:  804.0
	 epoch  60 training error:  tensor(0.1862, device='cuda:0', grad_fn=<DivBackward0>)
Memory status after this epoch: 
Memory allocated:  663.42529296875
Memory cached:  804.0
	 epoch  70 training error:  tensor(0.1869, device='cuda:0', grad_fn=<DivBackward0>)
Memory status after this epoch: 
Memory allocated:  663.42529296875
Memory cached:  804.0
	 epoch  80 training error:  tensor(0.1866, device='cuda:0', grad_fn=<DivBackward0>)
Memory status after this epoch: 
Memory allocated:  663.42529296875
Memory cached:  804.0
	 epoch  90 training error:  tensor(0.1870, device='cuda:0', grad_fn=<DivBackward0>)
Memory status after this epoch: 
Memory allocated:  663.42529296875
Memory cached:  804.0
[I 2024-01-26 07:59:08,321] Trial 310 finished with value: 0.16775581240653992 and parameters: {'W_layers': 7, 'W_layer_units_exponent_0': 7, 'W_layer_units_exponent_1': 7, 'W_layer_units_exponent_2': 5, 'W_layer_units_exponent_3': 4, 'W_layer_units_exponent_4': 10, 'W_layer_units_exponent_5': 10, 'W_layer_units_exponent_6': 10, 'D_layers': 5, 'D_layer_units_exponent_0': 4, 'D_layer_units_exponent_1': 6, 'D_layer_units_exponent_2': 5, 'D_layer_units_exponent_3': 4, 'D_layer_units_exponent_4': 6, 'D_dagger_layers': 5, 'D_dagger_layer_units_exponent_0': 9, 'D_dagger_layer_units_exponent_1': 10, 'D_dagger_layer_units_exponent_2': 9, 'D_dagger_layer_units_exponent_3': 6, 'D_dagger_layer_units_exponent_4': 5, 'log_learning_rate': -3.235331786923454, 'log_learning_rate_D': -2.2326267157666875, 'log_learning_rate_D_dagger': -3.263148060433618, 'training_batch_size': 9, 'training_p': 2}. Best is trial 308 with value: 0.16571281850337982.
Time for this trial:  24.694353580474854
Memory status after this trial: 
Memory allocated:  1221.20556640625
Memory cached:  1282.0
--------------------  Trial  311   --------------------
Start timing: 
Parameters: 
{'W_layers': 7, 'W_layer_units_exponent_0': 7, 'W_layer_units_exponent_1': 7, 'W_layer_units_exponent_2': 5, 'W_layer_units_exponent_3': 4, 'W_layer_units_exponent_4': 10, 'W_layer_units_exponent_5': 10, 'W_layer_units_exponent_6': 10, 'D_layers': 5, 'D_layer_units_exponent_0': 4, 'D_layer_units_exponent_1': 6, 'D_layer_units_exponent_2': 5, 'D_layer_units_exponent_3': 4, 'D_layer_units_exponent_4': 6, 'D_dagger_layers': 5, 'D_dagger_layer_units_exponent_0': 9, 'D_dagger_layer_units_exponent_1': 10, 'D_dagger_layer_units_exponent_2': 9, 'D_dagger_layer_units_exponent_3': 6, 'D_dagger_layer_units_exponent_4': 5, 'log_learning_rate': -3.0981702248734466, 'log_learning_rate_D': -2.171069569468096, 'log_learning_rate_D_dagger': -3.301837351908889, 'training_batch_size': 9, 'training_p': 2}
	 epoch  0 training error:  tensor(0.9880, device='cuda:0', grad_fn=<DivBackward0>)
Memory status after this epoch: 
Memory allocated:  663.42529296875
Memory cached:  804.0
	 epoch  10 training error:  tensor(0.2891, device='cuda:0', grad_fn=<DivBackward0>)
Memory status after this epoch: 
Memory allocated:  663.42529296875
Memory cached:  804.0
	 epoch  20 training error:  tensor(0.2204, device='cuda:0', grad_fn=<DivBackward0>)
Memory status after this epoch: 
Memory allocated:  663.42529296875
Memory cached:  804.0
	 epoch  30 training error:  tensor(0.1982, device='cuda:0', grad_fn=<DivBackward0>)
Memory status after this epoch: 
Memory allocated:  663.42529296875
Memory cached:  804.0
	 epoch  40 training error:  tensor(0.1876, device='cuda:0', grad_fn=<DivBackward0>)
Memory status after this epoch: 
Memory allocated:  663.42529296875
Memory cached:  804.0
	 epoch  50 training error:  tensor(0.1919, device='cuda:0', grad_fn=<DivBackward0>)
Memory status after this epoch: 
Memory allocated:  663.42529296875
Memory cached:  804.0
	 epoch  60 training error:  tensor(0.1917, device='cuda:0', grad_fn=<DivBackward0>)
Memory status after this epoch: 
Memory allocated:  663.42529296875
Memory cached:  804.0
	 epoch  70 training error:  tensor(0.1910, device='cuda:0', grad_fn=<DivBackward0>)
Memory status after this epoch: 
Memory allocated:  663.42529296875
Memory cached:  804.0
	 epoch  80 training error:  tensor(0.1907, device='cuda:0', grad_fn=<DivBackward0>)
Memory status after this epoch: 
Memory allocated:  663.42529296875
Memory cached:  804.0
	 epoch  90 training error:  tensor(0.1910, device='cuda:0', grad_fn=<DivBackward0>)
Memory status after this epoch: 
Memory allocated:  663.42529296875
Memory cached:  804.0
[I 2024-01-26 07:59:33,667] Trial 311 finished with value: 0.1705111712217331 and parameters: {'W_layers': 7, 'W_layer_units_exponent_0': 7, 'W_layer_units_exponent_1': 7, 'W_layer_units_exponent_2': 5, 'W_layer_units_exponent_3': 4, 'W_layer_units_exponent_4': 10, 'W_layer_units_exponent_5': 10, 'W_layer_units_exponent_6': 10, 'D_layers': 5, 'D_layer_units_exponent_0': 4, 'D_layer_units_exponent_1': 6, 'D_layer_units_exponent_2': 5, 'D_layer_units_exponent_3': 4, 'D_layer_units_exponent_4': 6, 'D_dagger_layers': 5, 'D_dagger_layer_units_exponent_0': 9, 'D_dagger_layer_units_exponent_1': 10, 'D_dagger_layer_units_exponent_2': 9, 'D_dagger_layer_units_exponent_3': 6, 'D_dagger_layer_units_exponent_4': 5, 'log_learning_rate': -3.0981702248734466, 'log_learning_rate_D': -2.171069569468096, 'log_learning_rate_D_dagger': -3.301837351908889, 'training_batch_size': 9, 'training_p': 2}. Best is trial 308 with value: 0.16571281850337982.
Time for this trial:  24.924453020095825
Memory status after this trial: 
Memory allocated:  1221.20556640625
Memory cached:  1282.0
--------------------  Trial  312   --------------------
Start timing: 
Parameters: 
{'W_layers': 7, 'W_layer_units_exponent_0': 7, 'W_layer_units_exponent_1': 7, 'W_layer_units_exponent_2': 5, 'W_layer_units_exponent_3': 4, 'W_layer_units_exponent_4': 10, 'W_layer_units_exponent_5': 10, 'W_layer_units_exponent_6': 10, 'D_layers': 5, 'D_layer_units_exponent_0': 4, 'D_layer_units_exponent_1': 6, 'D_layer_units_exponent_2': 5, 'D_layer_units_exponent_3': 4, 'D_layer_units_exponent_4': 6, 'D_dagger_layers': 5, 'D_dagger_layer_units_exponent_0': 9, 'D_dagger_layer_units_exponent_1': 10, 'D_dagger_layer_units_exponent_2': 9, 'D_dagger_layer_units_exponent_3': 6, 'D_dagger_layer_units_exponent_4': 5, 'log_learning_rate': -3.2238887408887873, 'log_learning_rate_D': -2.244320070576224, 'log_learning_rate_D_dagger': -3.357467623458018, 'training_batch_size': 9, 'training_p': 2}
	 epoch  0 training error:  tensor(1.0172, device='cuda:0', grad_fn=<DivBackward0>)
Memory status after this epoch: 
Memory allocated:  663.42529296875
Memory cached:  804.0
	 epoch  10 training error:  tensor(0.2476, device='cuda:0', grad_fn=<DivBackward0>)
Memory status after this epoch: 
Memory allocated:  663.42529296875
Memory cached:  804.0
	 epoch  20 training error:  tensor(0.2171, device='cuda:0', grad_fn=<DivBackward0>)
Memory status after this epoch: 
Memory allocated:  663.42529296875
Memory cached:  804.0
	 epoch  30 training error:  tensor(0.1970, device='cuda:0', grad_fn=<DivBackward0>)
Memory status after this epoch: 
Memory allocated:  663.42529296875
Memory cached:  804.0
	 epoch  40 training error:  tensor(0.1880, device='cuda:0', grad_fn=<DivBackward0>)
Memory status after this epoch: 
Memory allocated:  663.42529296875
Memory cached:  804.0
	 epoch  50 training error:  tensor(0.1911, device='cuda:0', grad_fn=<DivBackward0>)
Memory status after this epoch: 
Memory allocated:  663.42529296875
Memory cached:  804.0
	 epoch  60 training error:  tensor(0.1869, device='cuda:0', grad_fn=<DivBackward0>)
Memory status after this epoch: 
Memory allocated:  663.42529296875
Memory cached:  804.0
	 epoch  70 training error:  tensor(0.1880, device='cuda:0', grad_fn=<DivBackward0>)
Memory status after this epoch: 
Memory allocated:  663.42529296875
Memory cached:  804.0
	 epoch  80 training error:  tensor(0.1879, device='cuda:0', grad_fn=<DivBackward0>)
Memory status after this epoch: 
Memory allocated:  663.42529296875
Memory cached:  804.0
	 epoch  90 training error:  tensor(0.1867, device='cuda:0', grad_fn=<DivBackward0>)
Memory status after this epoch: 
Memory allocated:  663.42529296875
Memory cached:  804.0
[I 2024-01-26 07:59:58,810] Trial 312 finished with value: 0.167019784450531 and parameters: {'W_layers': 7, 'W_layer_units_exponent_0': 7, 'W_layer_units_exponent_1': 7, 'W_layer_units_exponent_2': 5, 'W_layer_units_exponent_3': 4, 'W_layer_units_exponent_4': 10, 'W_layer_units_exponent_5': 10, 'W_layer_units_exponent_6': 10, 'D_layers': 5, 'D_layer_units_exponent_0': 4, 'D_layer_units_exponent_1': 6, 'D_layer_units_exponent_2': 5, 'D_layer_units_exponent_3': 4, 'D_layer_units_exponent_4': 6, 'D_dagger_layers': 5, 'D_dagger_layer_units_exponent_0': 9, 'D_dagger_layer_units_exponent_1': 10, 'D_dagger_layer_units_exponent_2': 9, 'D_dagger_layer_units_exponent_3': 6, 'D_dagger_layer_units_exponent_4': 5, 'log_learning_rate': -3.2238887408887873, 'log_learning_rate_D': -2.244320070576224, 'log_learning_rate_D_dagger': -3.357467623458018, 'training_batch_size': 9, 'training_p': 2}. Best is trial 308 with value: 0.16571281850337982.
Time for this trial:  24.730973720550537
Memory status after this trial: 
Memory allocated:  1221.20556640625
Memory cached:  1282.0
--------------------  Trial  313   --------------------
Start timing: 
Parameters: 
{'W_layers': 7, 'W_layer_units_exponent_0': 7, 'W_layer_units_exponent_1': 7, 'W_layer_units_exponent_2': 5, 'W_layer_units_exponent_3': 4, 'W_layer_units_exponent_4': 10, 'W_layer_units_exponent_5': 10, 'W_layer_units_exponent_6': 10, 'D_layers': 5, 'D_layer_units_exponent_0': 4, 'D_layer_units_exponent_1': 6, 'D_layer_units_exponent_2': 5, 'D_layer_units_exponent_3': 4, 'D_layer_units_exponent_4': 6, 'D_dagger_layers': 5, 'D_dagger_layer_units_exponent_0': 9, 'D_dagger_layer_units_exponent_1': 10, 'D_dagger_layer_units_exponent_2': 9, 'D_dagger_layer_units_exponent_3': 6, 'D_dagger_layer_units_exponent_4': 5, 'log_learning_rate': -3.2392758601660523, 'log_learning_rate_D': -2.1261939390695423, 'log_learning_rate_D_dagger': -3.3643237987091075, 'training_batch_size': 9, 'training_p': 2}
	 epoch  0 training error:  tensor(1.0353, device='cuda:0', grad_fn=<DivBackward0>)
Memory status after this epoch: 
Memory allocated:  663.42529296875
Memory cached:  804.0
	 epoch  10 training error:  tensor(0.2630, device='cuda:0', grad_fn=<DivBackward0>)
Memory status after this epoch: 
Memory allocated:  663.42529296875
Memory cached:  804.0
	 epoch  20 training error:  tensor(0.2160, device='cuda:0', grad_fn=<DivBackward0>)
Memory status after this epoch: 
Memory allocated:  663.42529296875
Memory cached:  804.0
	 epoch  30 training error:  tensor(0.1958, device='cuda:0', grad_fn=<DivBackward0>)
Memory status after this epoch: 
Memory allocated:  663.42529296875
Memory cached:  804.0
	 epoch  40 training error:  tensor(0.1873, device='cuda:0', grad_fn=<DivBackward0>)
Memory status after this epoch: 
Memory allocated:  663.42529296875
Memory cached:  804.0
	 epoch  50 training error:  tensor(0.1922, device='cuda:0', grad_fn=<DivBackward0>)
Memory status after this epoch: 
Memory allocated:  663.42529296875
Memory cached:  804.0
	 epoch  60 training error:  tensor(0.1874, device='cuda:0', grad_fn=<DivBackward0>)
Memory status after this epoch: 
Memory allocated:  663.42529296875
Memory cached:  804.0
	 epoch  70 training error:  tensor(0.1916, device='cuda:0', grad_fn=<DivBackward0>)
Memory status after this epoch: 
Memory allocated:  663.42529296875
Memory cached:  804.0
	 epoch  80 training error:  tensor(0.1868, device='cuda:0', grad_fn=<DivBackward0>)
Memory status after this epoch: 
Memory allocated:  663.42529296875
Memory cached:  804.0
	 epoch  90 training error:  tensor(0.1869, device='cuda:0', grad_fn=<DivBackward0>)
Memory status after this epoch: 
Memory allocated:  663.42529296875
Memory cached:  804.0
[I 2024-01-26 08:00:24,059] Trial 313 finished with value: 0.16972629725933075 and parameters: {'W_layers': 7, 'W_layer_units_exponent_0': 7, 'W_layer_units_exponent_1': 7, 'W_layer_units_exponent_2': 5, 'W_layer_units_exponent_3': 4, 'W_layer_units_exponent_4': 10, 'W_layer_units_exponent_5': 10, 'W_layer_units_exponent_6': 10, 'D_layers': 5, 'D_layer_units_exponent_0': 4, 'D_layer_units_exponent_1': 6, 'D_layer_units_exponent_2': 5, 'D_layer_units_exponent_3': 4, 'D_layer_units_exponent_4': 6, 'D_dagger_layers': 5, 'D_dagger_layer_units_exponent_0': 9, 'D_dagger_layer_units_exponent_1': 10, 'D_dagger_layer_units_exponent_2': 9, 'D_dagger_layer_units_exponent_3': 6, 'D_dagger_layer_units_exponent_4': 5, 'log_learning_rate': -3.2392758601660523, 'log_learning_rate_D': -2.1261939390695423, 'log_learning_rate_D_dagger': -3.3643237987091075, 'training_batch_size': 9, 'training_p': 2}. Best is trial 308 with value: 0.16571281850337982.
Time for this trial:  24.798190116882324
Memory status after this trial: 
Memory allocated:  1221.20556640625
Memory cached:  1282.0
--------------------  Trial  314   --------------------
Start timing: 
Parameters: 
{'W_layers': 7, 'W_layer_units_exponent_0': 7, 'W_layer_units_exponent_1': 7, 'W_layer_units_exponent_2': 5, 'W_layer_units_exponent_3': 4, 'W_layer_units_exponent_4': 10, 'W_layer_units_exponent_5': 10, 'W_layer_units_exponent_6': 10, 'D_layers': 5, 'D_layer_units_exponent_0': 4, 'D_layer_units_exponent_1': 6, 'D_layer_units_exponent_2': 5, 'D_layer_units_exponent_3': 4, 'D_layer_units_exponent_4': 6, 'D_dagger_layers': 5, 'D_dagger_layer_units_exponent_0': 9, 'D_dagger_layer_units_exponent_1': 10, 'D_dagger_layer_units_exponent_2': 9, 'D_dagger_layer_units_exponent_3': 6, 'D_dagger_layer_units_exponent_4': 5, 'log_learning_rate': -3.366280352434158, 'log_learning_rate_D': -4.610049712569042, 'log_learning_rate_D_dagger': -3.3658302447229556, 'training_batch_size': 9, 'training_p': 2}
	 epoch  0 training error:  tensor(1.0258, device='cuda:0', grad_fn=<DivBackward0>)
Memory status after this epoch: 
Memory allocated:  663.42529296875
Memory cached:  804.0
	 epoch  10 training error:  tensor(0.2777, device='cuda:0', grad_fn=<DivBackward0>)
Memory status after this epoch: 
Memory allocated:  663.42529296875
Memory cached:  804.0
	 epoch  20 training error:  tensor(0.2195, device='cuda:0', grad_fn=<DivBackward0>)
Memory status after this epoch: 
Memory allocated:  663.42529296875
Memory cached:  804.0
	 epoch  30 training error:  tensor(0.2027, device='cuda:0', grad_fn=<DivBackward0>)
Memory status after this epoch: 
Memory allocated:  663.42529296875
Memory cached:  804.0
	 epoch  40 training error:  tensor(0.1891, device='cuda:0', grad_fn=<DivBackward0>)
Memory status after this epoch: 
Memory allocated:  663.42529296875
Memory cached:  804.0
	 epoch  50 training error:  tensor(0.1886, device='cuda:0', grad_fn=<DivBackward0>)
Memory status after this epoch: 
Memory allocated:  663.42529296875
Memory cached:  804.0
	 epoch  60 training error:  tensor(0.1866, device='cuda:0', grad_fn=<DivBackward0>)
Memory status after this epoch: 
Memory allocated:  663.42529296875
Memory cached:  804.0
	 epoch  70 training error:  tensor(0.1878, device='cuda:0', grad_fn=<DivBackward0>)
Memory status after this epoch: 
Memory allocated:  663.42529296875
Memory cached:  804.0
	 epoch  80 training error:  tensor(0.1867, device='cuda:0', grad_fn=<DivBackward0>)
Memory status after this epoch: 
Memory allocated:  663.42529296875
Memory cached:  804.0
	 epoch  90 training error:  tensor(0.1868, device='cuda:0', grad_fn=<DivBackward0>)
Memory status after this epoch: 
Memory allocated:  663.42529296875
Memory cached:  804.0
