[I 2024-01-13 14:23:44,825] Trial 27 finished with value: 0.29199090600013733 and parameters: {'W_layers': 4, 'W_layer_units_exponent_0': 7, 'W_layer_units_exponent_1': 10, 'W_layer_units_exponent_2': 5, 'W_layer_units_exponent_3': 10, 'D_layers': 6, 'D_layer_units_exponent_0': 5, 'D_layer_units_exponent_1': 9, 'D_layer_units_exponent_2': 8, 'D_layer_units_exponent_3': 8, 'D_layer_units_exponent_4': 9, 'D_layer_units_exponent_5': 6, 'D_dagger_layers': 5, 'D_dagger_layer_units_exponent_0': 7, 'D_dagger_layer_units_exponent_1': 7, 'D_dagger_layer_units_exponent_2': 7, 'D_dagger_layer_units_exponent_3': 8, 'D_dagger_layer_units_exponent_4': 6, 'log_learning_rate': -3.0444988465015017, 'log_learning_rate_D': -4.273301531287629, 'log_learning_rate_D_dagger': -4.230081338937728, 'training_batch_size': 10, 'training_p': 2}. Best is trial 5 with value: 0.289172500371933.
Time for this trial:  29.885416984558105
Memory status after this trial: 
Memory allocated:  671.40771484375
Memory cached:  686.0
--------------------  Trial  28   --------------------
Start timing: 
Parameters: 
{'W_layers': 6, 'W_layer_units_exponent_0': 9, 'W_layer_units_exponent_1': 9, 'W_layer_units_exponent_2': 4, 'W_layer_units_exponent_3': 10, 'W_layer_units_exponent_4': 8, 'W_layer_units_exponent_5': 8, 'D_layers': 8, 'D_layer_units_exponent_0': 6, 'D_layer_units_exponent_1': 7, 'D_layer_units_exponent_2': 6, 'D_layer_units_exponent_3': 7, 'D_layer_units_exponent_4': 6, 'D_layer_units_exponent_5': 8, 'D_layer_units_exponent_6': 8, 'D_layer_units_exponent_7': 10, 'D_dagger_layers': 4, 'D_dagger_layer_units_exponent_0': 10, 'D_dagger_layer_units_exponent_1': 6, 'D_dagger_layer_units_exponent_2': 5, 'D_dagger_layer_units_exponent_3': 9, 'log_learning_rate': -3.7026288343819425, 'log_learning_rate_D': -4.975058134363469, 'log_learning_rate_D_dagger': -3.3025570722518087, 'training_batch_size': 10, 'training_p': 4}
	 epoch  0 training error:  tensor(0.9147, device='cuda:0', grad_fn=<DivBackward0>)
Memory status after this epoch: 
Memory allocated:  381.3818359375
Memory cached:  512.0
	 epoch  10 training error:  tensor(0.4697, device='cuda:0', grad_fn=<DivBackward0>)
Memory status after this epoch: 
Memory allocated:  381.3818359375
Memory cached:  512.0
	 epoch  20 training error:  tensor(0.4481, device='cuda:0', grad_fn=<DivBackward0>)
Memory status after this epoch: 
Memory allocated:  381.3818359375
Memory cached:  512.0
	 epoch  30 training error:  tensor(0.4350, device='cuda:0', grad_fn=<DivBackward0>)
Memory status after this epoch: 
Memory allocated:  381.3818359375
Memory cached:  512.0
	 epoch  40 training error:  tensor(0.4374, device='cuda:0', grad_fn=<DivBackward0>)
Memory status after this epoch: 
Memory allocated:  381.3818359375
Memory cached:  512.0
	 epoch  50 training error:  tensor(0.4321, device='cuda:0', grad_fn=<DivBackward0>)
Memory status after this epoch: 
Memory allocated:  381.3818359375
Memory cached:  512.0
	 epoch  60 training error:  tensor(0.4298, device='cuda:0', grad_fn=<DivBackward0>)
Memory status after this epoch: 
Memory allocated:  381.3818359375
Memory cached:  512.0
	 epoch  70 training error:  tensor(0.4269, device='cuda:0', grad_fn=<DivBackward0>)
Memory status after this epoch: 
Memory allocated:  381.3818359375
Memory cached:  512.0
	 epoch  80 training error:  tensor(0.4245, device='cuda:0', grad_fn=<DivBackward0>)
Memory status after this epoch: 
Memory allocated:  381.3818359375
Memory cached:  512.0
	 epoch  90 training error:  tensor(0.4239, device='cuda:0', grad_fn=<DivBackward0>)
Memory status after this epoch: 
Memory allocated:  381.3818359375
Memory cached:  512.0
[I 2024-01-13 14:24:25,736] Trial 28 finished with value: 0.32370302081108093 and parameters: {'W_layers': 6, 'W_layer_units_exponent_0': 9, 'W_layer_units_exponent_1': 9, 'W_layer_units_exponent_2': 4, 'W_layer_units_exponent_3': 10, 'W_layer_units_exponent_4': 8, 'W_layer_units_exponent_5': 8, 'D_layers': 8, 'D_layer_units_exponent_0': 6, 'D_layer_units_exponent_1': 7, 'D_layer_units_exponent_2': 6, 'D_layer_units_exponent_3': 7, 'D_layer_units_exponent_4': 6, 'D_layer_units_exponent_5': 8, 'D_layer_units_exponent_6': 8, 'D_layer_units_exponent_7': 10, 'D_dagger_layers': 4, 'D_dagger_layer_units_exponent_0': 10, 'D_dagger_layer_units_exponent_1': 6, 'D_dagger_layer_units_exponent_2': 5, 'D_dagger_layer_units_exponent_3': 9, 'log_learning_rate': -3.7026288343819425, 'log_learning_rate_D': -4.975058134363469, 'log_learning_rate_D_dagger': -3.3025570722518087, 'training_batch_size': 10, 'training_p': 4}. Best is trial 5 with value: 0.289172500371933.
Time for this trial:  40.52384567260742
Memory status after this trial: 
Memory allocated:  820.00146484375
Memory cached:  878.0
--------------------  Trial  29   --------------------
Start timing: 
Parameters: 
{'W_layers': 4, 'W_layer_units_exponent_0': 8, 'W_layer_units_exponent_1': 8, 'W_layer_units_exponent_2': 6, 'W_layer_units_exponent_3': 8, 'D_layers': 7, 'D_layer_units_exponent_0': 7, 'D_layer_units_exponent_1': 6, 'D_layer_units_exponent_2': 7, 'D_layer_units_exponent_3': 9, 'D_layer_units_exponent_4': 8, 'D_layer_units_exponent_5': 5, 'D_layer_units_exponent_6': 6, 'D_dagger_layers': 6, 'D_dagger_layer_units_exponent_0': 10, 'D_dagger_layer_units_exponent_1': 7, 'D_dagger_layer_units_exponent_2': 8, 'D_dagger_layer_units_exponent_3': 7, 'D_dagger_layer_units_exponent_4': 5, 'D_dagger_layer_units_exponent_5': 10, 'log_learning_rate': -4.1219711408092605, 'log_learning_rate_D': -3.9957415764799813, 'log_learning_rate_D_dagger': -3.702300008428447, 'training_batch_size': 11, 'training_p': 8}
	 epoch  0 training error:  tensor(0.9680, device='cuda:0', grad_fn=<DivBackward0>)
Memory status after this epoch: 
Memory allocated:  375.18603515625
Memory cached:  510.0
	 epoch  10 training error:  tensor(0.5688, device='cuda:0', grad_fn=<DivBackward0>)
Memory status after this epoch: 
Memory allocated:  375.18603515625
Memory cached:  510.0
	 epoch  20 training error:  tensor(0.5558, device='cuda:0', grad_fn=<DivBackward0>)
Memory status after this epoch: 
Memory allocated:  375.18603515625
Memory cached:  510.0
	 epoch  30 training error:  tensor(0.5486, device='cuda:0', grad_fn=<DivBackward0>)
Memory status after this epoch: 
Memory allocated:  375.18603515625
Memory cached:  510.0
	 epoch  40 training error:  tensor(0.5426, device='cuda:0', grad_fn=<DivBackward0>)
Memory status after this epoch: 
Memory allocated:  375.18603515625
Memory cached:  510.0
	 epoch  50 training error:  tensor(0.5405, device='cuda:0', grad_fn=<DivBackward0>)
Memory status after this epoch: 
Memory allocated:  375.18603515625
Memory cached:  510.0
	 epoch  60 training error:  tensor(0.5398, device='cuda:0', grad_fn=<DivBackward0>)
Memory status after this epoch: 
Memory allocated:  375.18603515625
Memory cached:  510.0
	 epoch  70 training error:  tensor(0.5417, device='cuda:0', grad_fn=<DivBackward0>)
Memory status after this epoch: 
Memory allocated:  375.18603515625
Memory cached:  510.0
	 epoch  80 training error:  tensor(0.5412, device='cuda:0', grad_fn=<DivBackward0>)
Memory status after this epoch: 
Memory allocated:  375.18603515625
Memory cached:  510.0
	 epoch  90 training error:  tensor(0.5439, device='cuda:0', grad_fn=<DivBackward0>)
Memory status after this epoch: 
Memory allocated:  375.18603515625
Memory cached:  510.0
[I 2024-01-13 14:24:56,826] Trial 29 finished with value: 0.4074263572692871 and parameters: {'W_layers': 4, 'W_layer_units_exponent_0': 8, 'W_layer_units_exponent_1': 8, 'W_layer_units_exponent_2': 6, 'W_layer_units_exponent_3': 8, 'D_layers': 7, 'D_layer_units_exponent_0': 7, 'D_layer_units_exponent_1': 6, 'D_layer_units_exponent_2': 7, 'D_layer_units_exponent_3': 9, 'D_layer_units_exponent_4': 8, 'D_layer_units_exponent_5': 5, 'D_layer_units_exponent_6': 6, 'D_dagger_layers': 6, 'D_dagger_layer_units_exponent_0': 10, 'D_dagger_layer_units_exponent_1': 7, 'D_dagger_layer_units_exponent_2': 8, 'D_dagger_layer_units_exponent_3': 7, 'D_dagger_layer_units_exponent_4': 5, 'D_dagger_layer_units_exponent_5': 10, 'log_learning_rate': -4.1219711408092605, 'log_learning_rate_D': -3.9957415764799813, 'log_learning_rate_D_dagger': -3.702300008428447, 'training_batch_size': 11, 'training_p': 8}. Best is trial 5 with value: 0.289172500371933.
Time for this trial:  30.729647636413574
Memory status after this trial: 
Memory allocated:  724.42822265625
Memory cached:  742.0
--------------------  Trial  30   --------------------
Start timing: 
Parameters: 
{'W_layers': 6, 'W_layer_units_exponent_0': 10, 'W_layer_units_exponent_1': 10, 'W_layer_units_exponent_2': 10, 'W_layer_units_exponent_3': 9, 'W_layer_units_exponent_4': 8, 'W_layer_units_exponent_5': 8, 'D_layers': 5, 'D_layer_units_exponent_0': 5, 'D_layer_units_exponent_1': 9, 'D_layer_units_exponent_2': 8, 'D_layer_units_exponent_3': 10, 'D_layer_units_exponent_4': 9, 'D_dagger_layers': 5, 'D_dagger_layer_units_exponent_0': 5, 'D_dagger_layer_units_exponent_1': 6, 'D_dagger_layer_units_exponent_2': 9, 'D_dagger_layer_units_exponent_3': 9, 'D_dagger_layer_units_exponent_4': 8, 'log_learning_rate': -3.1975830736955526, 'log_learning_rate_D': -4.556176685929526, 'log_learning_rate_D_dagger': -2.704746356593276, 'training_batch_size': 8, 'training_p': 7}
	 epoch  0 training error:  tensor(1.0142, device='cuda:0', grad_fn=<DivBackward0>)
Memory status after this epoch: 
Memory allocated:  423.326171875
Memory cached:  510.0
	 epoch  10 training error:  tensor(0.5338, device='cuda:0', grad_fn=<DivBackward0>)
Memory status after this epoch: 
Memory allocated:  423.326171875
Memory cached:  510.0
	 epoch  20 training error:  tensor(0.6124, device='cuda:0', grad_fn=<DivBackward0>)
Memory status after this epoch: 
Memory allocated:  423.326171875
Memory cached:  510.0
	 epoch  30 training error:  tensor(0.5607, device='cuda:0', grad_fn=<DivBackward0>)
Memory status after this epoch: 
Memory allocated:  423.326171875
Memory cached:  510.0
	 epoch  40 training error:  tensor(0.5247, device='cuda:0', grad_fn=<DivBackward0>)
Memory status after this epoch: 
Memory allocated:  423.326171875
Memory cached:  510.0
	 epoch  50 training error:  tensor(0.5226, device='cuda:0', grad_fn=<DivBackward0>)
Memory status after this epoch: 
Memory allocated:  423.326171875
Memory cached:  510.0
	 epoch  60 training error:  tensor(0.5199, device='cuda:0', grad_fn=<DivBackward0>)
Memory status after this epoch: 
Memory allocated:  423.326171875
Memory cached:  510.0
	 epoch  70 training error:  tensor(0.5210, device='cuda:0', grad_fn=<DivBackward0>)
Memory status after this epoch: 
Memory allocated:  423.326171875
Memory cached:  510.0
	 epoch  80 training error:  tensor(0.5197, device='cuda:0', grad_fn=<DivBackward0>)
Memory status after this epoch: 
Memory allocated:  423.326171875
Memory cached:  510.0
	 epoch  90 training error:  tensor(0.5235, device='cuda:0', grad_fn=<DivBackward0>)
Memory status after this epoch: 
Memory allocated:  423.326171875
Memory cached:  510.0
[I 2024-01-13 14:25:44,373] Trial 30 finished with value: 0.40291330218315125 and parameters: {'W_layers': 6, 'W_layer_units_exponent_0': 10, 'W_layer_units_exponent_1': 10, 'W_layer_units_exponent_2': 10, 'W_layer_units_exponent_3': 9, 'W_layer_units_exponent_4': 8, 'W_layer_units_exponent_5': 8, 'D_layers': 5, 'D_layer_units_exponent_0': 5, 'D_layer_units_exponent_1': 9, 'D_layer_units_exponent_2': 8, 'D_layer_units_exponent_3': 10, 'D_layer_units_exponent_4': 9, 'D_dagger_layers': 5, 'D_dagger_layer_units_exponent_0': 5, 'D_dagger_layer_units_exponent_1': 6, 'D_dagger_layer_units_exponent_2': 9, 'D_dagger_layer_units_exponent_3': 9, 'D_dagger_layer_units_exponent_4': 8, 'log_learning_rate': -3.1975830736955526, 'log_learning_rate_D': -4.556176685929526, 'log_learning_rate_D_dagger': -2.704746356593276, 'training_batch_size': 8, 'training_p': 7}. Best is trial 5 with value: 0.289172500371933.
Time for this trial:  47.192925453186035
Memory status after this trial: 
Memory allocated:  981.07763671875
Memory cached:  1044.0
--------------------  Trial  31   --------------------
Start timing: 
Parameters: 
{'W_layers': 7, 'W_layer_units_exponent_0': 9, 'W_layer_units_exponent_1': 9, 'W_layer_units_exponent_2': 5, 'W_layer_units_exponent_3': 9, 'W_layer_units_exponent_4': 5, 'W_layer_units_exponent_5': 5, 'W_layer_units_exponent_6': 5, 'D_layers': 7, 'D_layer_units_exponent_0': 7, 'D_layer_units_exponent_1': 8, 'D_layer_units_exponent_2': 9, 'D_layer_units_exponent_3': 8, 'D_layer_units_exponent_4': 10, 'D_layer_units_exponent_5': 5, 'D_layer_units_exponent_6': 10, 'D_dagger_layers': 3, 'D_dagger_layer_units_exponent_0': 7, 'D_dagger_layer_units_exponent_1': 4, 'D_dagger_layer_units_exponent_2': 6, 'log_learning_rate': -4.357472905406554, 'log_learning_rate_D': -3.6648074325591757, 'log_learning_rate_D_dagger': -3.240140081803395, 'training_batch_size': 9, 'training_p': 2}
	 epoch  0 training error:  tensor(1.0925, device='cuda:0', grad_fn=<DivBackward0>)
Memory status after this epoch: 
Memory allocated:  376.44287109375
Memory cached:  510.0
	 epoch  10 training error:  tensor(0.4859, device='cuda:0', grad_fn=<DivBackward0>)
Memory status after this epoch: 
Memory allocated:  376.44287109375
Memory cached:  510.0
	 epoch  20 training error:  tensor(0.3943, device='cuda:0', grad_fn=<DivBackward0>)
Memory status after this epoch: 
Memory allocated:  376.44287109375
Memory cached:  510.0
	 epoch  30 training error:  tensor(0.3123, device='cuda:0', grad_fn=<DivBackward0>)
Memory status after this epoch: 
Memory allocated:  376.44287109375
Memory cached:  510.0
	 epoch  40 training error:  tensor(0.2982, device='cuda:0', grad_fn=<DivBackward0>)
Memory status after this epoch: 
Memory allocated:  376.44287109375
Memory cached:  510.0
	 epoch  50 training error:  tensor(0.2940, device='cuda:0', grad_fn=<DivBackward0>)
Memory status after this epoch: 
Memory allocated:  376.44287109375
Memory cached:  510.0
	 epoch  60 training error:  tensor(0.2878, device='cuda:0', grad_fn=<DivBackward0>)
Memory status after this epoch: 
Memory allocated:  376.44287109375
Memory cached:  510.0
	 epoch  70 training error:  tensor(0.2860, device='cuda:0', grad_fn=<DivBackward0>)
Memory status after this epoch: 
Memory allocated:  376.44287109375
Memory cached:  510.0
	 epoch  80 training error:  tensor(0.2862, device='cuda:0', grad_fn=<DivBackward0>)
Memory status after this epoch: 
Memory allocated:  376.44287109375
Memory cached:  510.0
	 epoch  90 training error:  tensor(0.2851, device='cuda:0', grad_fn=<DivBackward0>)
Memory status after this epoch: 
Memory allocated:  376.44287109375
Memory cached:  510.0
[I 2024-01-13 14:26:14,615] Trial 31 finished with value: 0.2890986502170563 and parameters: {'W_layers': 7, 'W_layer_units_exponent_0': 9, 'W_layer_units_exponent_1': 9, 'W_layer_units_exponent_2': 5, 'W_layer_units_exponent_3': 9, 'W_layer_units_exponent_4': 5, 'W_layer_units_exponent_5': 5, 'W_layer_units_exponent_6': 5, 'D_layers': 7, 'D_layer_units_exponent_0': 7, 'D_layer_units_exponent_1': 8, 'D_layer_units_exponent_2': 9, 'D_layer_units_exponent_3': 8, 'D_layer_units_exponent_4': 10, 'D_layer_units_exponent_5': 5, 'D_layer_units_exponent_6': 10, 'D_dagger_layers': 3, 'D_dagger_layer_units_exponent_0': 7, 'D_dagger_layer_units_exponent_1': 4, 'D_dagger_layer_units_exponent_2': 6, 'log_learning_rate': -4.357472905406554, 'log_learning_rate_D': -3.6648074325591757, 'log_learning_rate_D_dagger': -3.240140081803395, 'training_batch_size': 9, 'training_p': 2}. Best is trial 31 with value: 0.2890986502170563.
res:  tensor(0.2891, device='cuda:0', grad_fn=<DivBackward0>)
self.bestValue:  tensor(0.2892, device='cuda:0', grad_fn=<DivBackward0>)
Save this model!
Time for this trial:  29.876426458358765
Memory status after this trial: 
Memory allocated:  203.12548828125
Memory cached:  316.0
--------------------  Trial  32   --------------------
Start timing: 
Parameters: 
{'W_layers': 7, 'W_layer_units_exponent_0': 8, 'W_layer_units_exponent_1': 9, 'W_layer_units_exponent_2': 5, 'W_layer_units_exponent_3': 10, 'W_layer_units_exponent_4': 5, 'W_layer_units_exponent_5': 7, 'W_layer_units_exponent_6': 6, 'D_layers': 7, 'D_layer_units_exponent_0': 7, 'D_layer_units_exponent_1': 7, 'D_layer_units_exponent_2': 9, 'D_layer_units_exponent_3': 8, 'D_layer_units_exponent_4': 10, 'D_layer_units_exponent_5': 5, 'D_layer_units_exponent_6': 9, 'D_dagger_layers': 2, 'D_dagger_layer_units_exponent_0': 8, 'D_dagger_layer_units_exponent_1': 5, 'log_learning_rate': -4.231067979970353, 'log_learning_rate_D': -3.5735801414853796, 'log_learning_rate_D_dagger': -3.229109384270784, 'training_batch_size': 9, 'training_p': 2}
	 epoch  0 training error:  tensor(0.9563, device='cuda:0', grad_fn=<DivBackward0>)
Memory status after this epoch: 
Memory allocated:  208.8154296875
Memory cached:  316.0
	 epoch  10 training error:  tensor(0.3861, device='cuda:0', grad_fn=<DivBackward0>)
Memory status after this epoch: 
Memory allocated:  208.8154296875
Memory cached:  316.0
	 epoch  20 training error:  tensor(0.2880, device='cuda:0', grad_fn=<DivBackward0>)
Memory status after this epoch: 
Memory allocated:  208.8154296875
Memory cached:  316.0
	 epoch  30 training error:  tensor(0.3061, device='cuda:0', grad_fn=<DivBackward0>)
Memory status after this epoch: 
Memory allocated:  208.8154296875
Memory cached:  316.0
	 epoch  40 training error:  tensor(0.2951, device='cuda:0', grad_fn=<DivBackward0>)
Memory status after this epoch: 
Memory allocated:  208.8154296875
Memory cached:  316.0
	 epoch  50 training error:  tensor(0.2940, device='cuda:0', grad_fn=<DivBackward0>)
Memory status after this epoch: 
Memory allocated:  208.8154296875
Memory cached:  316.0
	 epoch  60 training error:  tensor(0.2833, device='cuda:0', grad_fn=<DivBackward0>)
Memory status after this epoch: 
Memory allocated:  208.8154296875
Memory cached:  316.0
	 epoch  70 training error:  tensor(0.2823, device='cuda:0', grad_fn=<DivBackward0>)
Memory status after this epoch: 
Memory allocated:  208.8154296875
Memory cached:  316.0
	 epoch  80 training error:  tensor(0.2822, device='cuda:0', grad_fn=<DivBackward0>)
Memory status after this epoch: 
Memory allocated:  208.8154296875
Memory cached:  316.0
	 epoch  90 training error:  tensor(0.2831, device='cuda:0', grad_fn=<DivBackward0>)
Memory status after this epoch: 
Memory allocated:  208.8154296875
Memory cached:  316.0
