[I 2024-01-11 06:36:22,445] Trial 155 finished with value: 0.13642530143260956 and parameters: {'W_layers': 2, 'W_layer_units_exponent_0': 8, 'W_layer_units_exponent_1': 5, 'D_layers': 4, 'D_layer_units_exponent_0': 8, 'D_layer_units_exponent_1': 6, 'D_layer_units_exponent_2': 8, 'D_layer_units_exponent_3': 6, 'D_dagger_layers': 4, 'D_dagger_layer_units_exponent_0': 10, 'D_dagger_layer_units_exponent_1': 6, 'D_dagger_layer_units_exponent_2': 5, 'D_dagger_layer_units_exponent_3': 7, 'log_learning_rate': -3.649949125244386, 'log_learning_rate_D': -2.0986371828245893, 'log_learning_rate_D_dagger': -3.022579656055379, 'training_batch_size': 6, 'training_p': 8}. Best is trial 145 with value: 0.0653865784406662.
Time for this trial:  392.08278703689575
Memory status after this trial: 
Memory allocated:  456.671875
Memory cached:  460.0
--------------------  Trial  156   --------------------
Start timing: 
Parameters: 
{'W_layers': 2, 'W_layer_units_exponent_0': 8, 'W_layer_units_exponent_1': 5, 'D_layers': 4, 'D_layer_units_exponent_0': 8, 'D_layer_units_exponent_1': 6, 'D_layer_units_exponent_2': 8, 'D_layer_units_exponent_3': 6, 'D_dagger_layers': 4, 'D_dagger_layer_units_exponent_0': 10, 'D_dagger_layer_units_exponent_1': 6, 'D_dagger_layer_units_exponent_2': 5, 'D_dagger_layer_units_exponent_3': 7, 'log_learning_rate': -3.905742388267466, 'log_learning_rate_D': -2.4193627227427026, 'log_learning_rate_D_dagger': -2.9166446685400493, 'training_batch_size': 6, 'training_p': 8}
	 epoch  0 training error:  tensor(0.6907, device='cuda:0', grad_fn=<DivBackward0>)
Memory status after this epoch: 
Memory allocated:  229.0263671875
Memory cached:  428.0
	 epoch  10 training error:  tensor(0.3938, device='cuda:0', grad_fn=<DivBackward0>)
Memory status after this epoch: 
Memory allocated:  229.0263671875
Memory cached:  430.0
	 epoch  20 training error:  tensor(0.4053, device='cuda:0', grad_fn=<DivBackward0>)
Memory status after this epoch: 
Memory allocated:  229.0263671875
Memory cached:  430.0
	 epoch  30 training error:  tensor(0.3463, device='cuda:0', grad_fn=<DivBackward0>)
Memory status after this epoch: 
Memory allocated:  229.0263671875
Memory cached:  430.0
	 epoch  40 training error:  tensor(0.2220, device='cuda:0', grad_fn=<DivBackward0>)
Memory status after this epoch: 
Memory allocated:  229.0263671875
Memory cached:  430.0
	 epoch  50 training error:  tensor(0.1958, device='cuda:0', grad_fn=<DivBackward0>)
Memory status after this epoch: 
Memory allocated:  229.0263671875
Memory cached:  428.0
	 epoch  60 training error:  tensor(0.1792, device='cuda:0', grad_fn=<DivBackward0>)
Memory status after this epoch: 
Memory allocated:  229.0263671875
Memory cached:  430.0
	 epoch  70 training error:  tensor(0.2279, device='cuda:0', grad_fn=<DivBackward0>)
Memory status after this epoch: 
Memory allocated:  229.0263671875
Memory cached:  430.0
	 epoch  80 training error:  tensor(0.1605, device='cuda:0', grad_fn=<DivBackward0>)
Memory status after this epoch: 
Memory allocated:  229.0263671875
Memory cached:  432.0
	 epoch  90 training error:  tensor(0.2367, device='cuda:0', grad_fn=<DivBackward0>)
Memory status after this epoch: 
Memory allocated:  229.0263671875
Memory cached:  428.0
[I 2024-01-11 06:42:56,529] Trial 156 finished with value: 0.12673945724964142 and parameters: {'W_layers': 2, 'W_layer_units_exponent_0': 8, 'W_layer_units_exponent_1': 5, 'D_layers': 4, 'D_layer_units_exponent_0': 8, 'D_layer_units_exponent_1': 6, 'D_layer_units_exponent_2': 8, 'D_layer_units_exponent_3': 6, 'D_dagger_layers': 4, 'D_dagger_layer_units_exponent_0': 10, 'D_dagger_layer_units_exponent_1': 6, 'D_dagger_layer_units_exponent_2': 5, 'D_dagger_layer_units_exponent_3': 7, 'log_learning_rate': -3.905742388267466, 'log_learning_rate_D': -2.4193627227427026, 'log_learning_rate_D_dagger': -2.9166446685400493, 'training_batch_size': 6, 'training_p': 8}. Best is trial 145 with value: 0.0653865784406662.
Time for this trial:  393.6471908092499
Memory status after this trial: 
Memory allocated:  456.671875
Memory cached:  460.0
--------------------  Trial  157   --------------------
Start timing: 
Parameters: 
{'W_layers': 2, 'W_layer_units_exponent_0': 8, 'W_layer_units_exponent_1': 5, 'D_layers': 4, 'D_layer_units_exponent_0': 8, 'D_layer_units_exponent_1': 6, 'D_layer_units_exponent_2': 8, 'D_layer_units_exponent_3': 5, 'D_dagger_layers': 4, 'D_dagger_layer_units_exponent_0': 10, 'D_dagger_layer_units_exponent_1': 6, 'D_dagger_layer_units_exponent_2': 5, 'D_dagger_layer_units_exponent_3': 7, 'log_learning_rate': -3.5220165413956748, 'log_learning_rate_D': -2.2417701411969553, 'log_learning_rate_D_dagger': -3.260324693782931, 'training_batch_size': 6, 'training_p': 8}
	 epoch  0 training error:  tensor(0.8321, device='cuda:0', grad_fn=<DivBackward0>)
Memory status after this epoch: 
Memory allocated:  228.9013671875
Memory cached:  432.0
	 epoch  10 training error:  tensor(0.4158, device='cuda:0', grad_fn=<DivBackward0>)
Memory status after this epoch: 
Memory allocated:  228.9013671875
Memory cached:  438.0
	 epoch  20 training error:  tensor(0.3860, device='cuda:0', grad_fn=<DivBackward0>)
Memory status after this epoch: 
Memory allocated:  228.9013671875
Memory cached:  442.0
	 epoch  30 training error:  tensor(0.3748, device='cuda:0', grad_fn=<DivBackward0>)
Memory status after this epoch: 
Memory allocated:  228.9013671875
Memory cached:  440.0
	 epoch  40 training error:  tensor(0.3684, device='cuda:0', grad_fn=<DivBackward0>)
Memory status after this epoch: 
Memory allocated:  228.9013671875
Memory cached:  436.0
	 epoch  50 training error:  tensor(0.3650, device='cuda:0', grad_fn=<DivBackward0>)
Memory status after this epoch: 
Memory allocated:  228.9013671875
Memory cached:  438.0
	 epoch  60 training error:  tensor(0.2635, device='cuda:0', grad_fn=<DivBackward0>)
Memory status after this epoch: 
Memory allocated:  228.9013671875
Memory cached:  440.0
	 epoch  70 training error:  tensor(0.1898, device='cuda:0', grad_fn=<DivBackward0>)
Memory status after this epoch: 
Memory allocated:  228.9013671875
Memory cached:  436.0
	 epoch  80 training error:  tensor(0.1727, device='cuda:0', grad_fn=<DivBackward0>)
Memory status after this epoch: 
Memory allocated:  228.9013671875
Memory cached:  436.0
	 epoch  90 training error:  tensor(0.1847, device='cuda:0', grad_fn=<DivBackward0>)
Memory status after this epoch: 
Memory allocated:  228.9013671875
Memory cached:  436.0
[I 2024-01-11 06:49:31,225] Trial 157 finished with value: 0.13312546908855438 and parameters: {'W_layers': 2, 'W_layer_units_exponent_0': 8, 'W_layer_units_exponent_1': 5, 'D_layers': 4, 'D_layer_units_exponent_0': 8, 'D_layer_units_exponent_1': 6, 'D_layer_units_exponent_2': 8, 'D_layer_units_exponent_3': 5, 'D_dagger_layers': 4, 'D_dagger_layer_units_exponent_0': 10, 'D_dagger_layer_units_exponent_1': 6, 'D_dagger_layer_units_exponent_2': 5, 'D_dagger_layer_units_exponent_3': 7, 'log_learning_rate': -3.5220165413956748, 'log_learning_rate_D': -2.2417701411969553, 'log_learning_rate_D_dagger': -3.260324693782931, 'training_batch_size': 6, 'training_p': 8}. Best is trial 145 with value: 0.0653865784406662.
Time for this trial:  394.3003160953522
Memory status after this trial: 
Memory allocated:  453.708984375
Memory cached:  456.0
--------------------  Trial  158   --------------------
Start timing: 
Parameters: 
{'W_layers': 2, 'W_layer_units_exponent_0': 8, 'W_layer_units_exponent_1': 5, 'D_layers': 4, 'D_layer_units_exponent_0': 8, 'D_layer_units_exponent_1': 6, 'D_layer_units_exponent_2': 8, 'D_layer_units_exponent_3': 6, 'D_dagger_layers': 4, 'D_dagger_layer_units_exponent_0': 10, 'D_dagger_layer_units_exponent_1': 6, 'D_dagger_layer_units_exponent_2': 5, 'D_dagger_layer_units_exponent_3': 7, 'log_learning_rate': -3.7653431650940443, 'log_learning_rate_D': -2.328842302612607, 'log_learning_rate_D_dagger': -2.955803220190034, 'training_batch_size': 6, 'training_p': 8}
	 epoch  0 training error:  tensor(0.6252, device='cuda:0', grad_fn=<DivBackward0>)
Memory status after this epoch: 
Memory allocated:  229.0263671875
Memory cached:  428.0
	 epoch  10 training error:  tensor(0.4129, device='cuda:0', grad_fn=<DivBackward0>)
Memory status after this epoch: 
Memory allocated:  229.0263671875
Memory cached:  428.0
	 epoch  20 training error:  tensor(0.3920, device='cuda:0', grad_fn=<DivBackward0>)
Memory status after this epoch: 
Memory allocated:  229.0263671875
Memory cached:  428.0
	 epoch  30 training error:  tensor(0.3545, device='cuda:0', grad_fn=<DivBackward0>)
Memory status after this epoch: 
Memory allocated:  229.0263671875
Memory cached:  434.0
	 epoch  40 training error:  tensor(0.3502, device='cuda:0', grad_fn=<DivBackward0>)
Memory status after this epoch: 
Memory allocated:  229.0263671875
Memory cached:  430.0
	 epoch  50 training error:  tensor(0.2980, device='cuda:0', grad_fn=<DivBackward0>)
Memory status after this epoch: 
Memory allocated:  229.0263671875
Memory cached:  432.0
	 epoch  60 training error:  tensor(0.2411, device='cuda:0', grad_fn=<DivBackward0>)
Memory status after this epoch: 
Memory allocated:  229.0263671875
Memory cached:  430.0
	 epoch  70 training error:  tensor(0.2301, device='cuda:0', grad_fn=<DivBackward0>)
Memory status after this epoch: 
Memory allocated:  229.0263671875
Memory cached:  430.0
	 epoch  80 training error:  tensor(0.1851, device='cuda:0', grad_fn=<DivBackward0>)
Memory status after this epoch: 
Memory allocated:  229.0263671875
Memory cached:  432.0
	 epoch  90 training error:  tensor(0.1928, device='cuda:0', grad_fn=<DivBackward0>)
Memory status after this epoch: 
Memory allocated:  229.0263671875
Memory cached:  432.0
[I 2024-01-11 06:56:04,993] Trial 158 finished with value: 0.10336074978113174 and parameters: {'W_layers': 2, 'W_layer_units_exponent_0': 8, 'W_layer_units_exponent_1': 5, 'D_layers': 4, 'D_layer_units_exponent_0': 8, 'D_layer_units_exponent_1': 6, 'D_layer_units_exponent_2': 8, 'D_layer_units_exponent_3': 6, 'D_dagger_layers': 4, 'D_dagger_layer_units_exponent_0': 10, 'D_dagger_layer_units_exponent_1': 6, 'D_dagger_layer_units_exponent_2': 5, 'D_dagger_layer_units_exponent_3': 7, 'log_learning_rate': -3.7653431650940443, 'log_learning_rate_D': -2.328842302612607, 'log_learning_rate_D_dagger': -2.955803220190034, 'training_batch_size': 6, 'training_p': 8}. Best is trial 145 with value: 0.0653865784406662.
Time for this trial:  393.3495342731476
Memory status after this trial: 
Memory allocated:  456.671875
Memory cached:  460.0
--------------------  Trial  159   --------------------
Start timing: 
Parameters: 
{'W_layers': 2, 'W_layer_units_exponent_0': 8, 'W_layer_units_exponent_1': 5, 'D_layers': 4, 'D_layer_units_exponent_0': 7, 'D_layer_units_exponent_1': 6, 'D_layer_units_exponent_2': 8, 'D_layer_units_exponent_3': 5, 'D_dagger_layers': 4, 'D_dagger_layer_units_exponent_0': 10, 'D_dagger_layer_units_exponent_1': 6, 'D_dagger_layer_units_exponent_2': 5, 'D_dagger_layer_units_exponent_3': 7, 'log_learning_rate': -3.452970542009986, 'log_learning_rate_D': -2.1505636674266846, 'log_learning_rate_D_dagger': -3.0714719280936267, 'training_batch_size': 6, 'training_p': 8}
	 epoch  0 training error:  tensor(0.7001, device='cuda:0', grad_fn=<DivBackward0>)
Memory status after this epoch: 
Memory allocated:  228.7724609375
Memory cached:  428.0
	 epoch  10 training error:  tensor(0.4002, device='cuda:0', grad_fn=<DivBackward0>)
Memory status after this epoch: 
Memory allocated:  228.7724609375
Memory cached:  428.0
	 epoch  20 training error:  tensor(0.3770, device='cuda:0', grad_fn=<DivBackward0>)
Memory status after this epoch: 
Memory allocated:  228.7724609375
Memory cached:  428.0
	 epoch  30 training error:  tensor(0.3562, device='cuda:0', grad_fn=<DivBackward0>)
Memory status after this epoch: 
Memory allocated:  228.7724609375
Memory cached:  428.0
	 epoch  40 training error:  tensor(0.2717, device='cuda:0', grad_fn=<DivBackward0>)
Memory status after this epoch: 
Memory allocated:  228.7724609375
Memory cached:  428.0
	 epoch  50 training error:  tensor(0.1866, device='cuda:0', grad_fn=<DivBackward0>)
Memory status after this epoch: 
Memory allocated:  228.7724609375
Memory cached:  428.0
	 epoch  60 training error:  tensor(0.1283, device='cuda:0', grad_fn=<DivBackward0>)
Memory status after this epoch: 
Memory allocated:  228.7724609375
Memory cached:  428.0
	 epoch  70 training error:  tensor(0.1149, device='cuda:0', grad_fn=<DivBackward0>)
Memory status after this epoch: 
Memory allocated:  228.7724609375
Memory cached:  428.0
	 epoch  80 training error:  tensor(0.1112, device='cuda:0', grad_fn=<DivBackward0>)
Memory status after this epoch: 
Memory allocated:  228.7724609375
Memory cached:  428.0
	 epoch  90 training error:  tensor(0.1377, device='cuda:0', grad_fn=<DivBackward0>)
Memory status after this epoch: 
Memory allocated:  228.7724609375
Memory cached:  428.0
[I 2024-01-11 07:02:37,822] Trial 159 finished with value: 0.06682857125997543 and parameters: {'W_layers': 2, 'W_layer_units_exponent_0': 8, 'W_layer_units_exponent_1': 5, 'D_layers': 4, 'D_layer_units_exponent_0': 7, 'D_layer_units_exponent_1': 6, 'D_layer_units_exponent_2': 8, 'D_layer_units_exponent_3': 5, 'D_dagger_layers': 4, 'D_dagger_layer_units_exponent_0': 10, 'D_dagger_layer_units_exponent_1': 6, 'D_dagger_layer_units_exponent_2': 5, 'D_dagger_layer_units_exponent_3': 7, 'log_learning_rate': -3.452970542009986, 'log_learning_rate_D': -2.1505636674266846, 'log_learning_rate_D_dagger': -3.0714719280936267, 'training_batch_size': 6, 'training_p': 8}. Best is trial 145 with value: 0.0653865784406662.
Time for this trial:  392.38883447647095
Memory status after this trial: 
Memory allocated:  440.109375
Memory cached:  444.0
--------------------  Trial  160   --------------------
Start timing: 
Parameters: 
{'W_layers': 2, 'W_layer_units_exponent_0': 8, 'W_layer_units_exponent_1': 5, 'D_layers': 4, 'D_layer_units_exponent_0': 7, 'D_layer_units_exponent_1': 6, 'D_layer_units_exponent_2': 8, 'D_layer_units_exponent_3': 4, 'D_dagger_layers': 4, 'D_dagger_layer_units_exponent_0': 10, 'D_dagger_layer_units_exponent_1': 7, 'D_dagger_layer_units_exponent_2': 5, 'D_dagger_layer_units_exponent_3': 7, 'log_learning_rate': -3.6491390773223484, 'log_learning_rate_D': -2.1434126942885547, 'log_learning_rate_D_dagger': -3.0716339555565453, 'training_batch_size': 6, 'training_p': 8}
	 epoch  0 training error:  tensor(0.7809, device='cuda:0', grad_fn=<DivBackward0>)
Memory status after this epoch: 
Memory allocated:  229.7412109375
Memory cached:  428.0
	 epoch  10 training error:  tensor(0.3969, device='cuda:0', grad_fn=<DivBackward0>)
Memory status after this epoch: 
Memory allocated:  229.7412109375
Memory cached:  428.0
	 epoch  20 training error:  tensor(0.3756, device='cuda:0', grad_fn=<DivBackward0>)
Memory status after this epoch: 
Memory allocated:  229.7412109375
Memory cached:  428.0
	 epoch  30 training error:  tensor(0.3758, device='cuda:0', grad_fn=<DivBackward0>)
Memory status after this epoch: 
Memory allocated:  229.7412109375
Memory cached:  428.0
	 epoch  40 training error:  tensor(0.3816, device='cuda:0', grad_fn=<DivBackward0>)
Memory status after this epoch: 
Memory allocated:  229.7412109375
Memory cached:  428.0
	 epoch  50 training error:  tensor(0.2707, device='cuda:0', grad_fn=<DivBackward0>)
Memory status after this epoch: 
Memory allocated:  229.7412109375
Memory cached:  428.0
	 epoch  60 training error:  tensor(0.1943, device='cuda:0', grad_fn=<DivBackward0>)
Memory status after this epoch: 
Memory allocated:  229.7412109375
Memory cached:  428.0
	 epoch  70 training error:  tensor(0.2434, device='cuda:0', grad_fn=<DivBackward0>)
Memory status after this epoch: 
Memory allocated:  229.7412109375
Memory cached:  428.0
	 epoch  80 training error:  tensor(0.2148, device='cuda:0', grad_fn=<DivBackward0>)
Memory status after this epoch: 
Memory allocated:  229.7412109375
Memory cached:  428.0
	 epoch  90 training error:  tensor(0.1942, device='cuda:0', grad_fn=<DivBackward0>)
Memory status after this epoch: 
Memory allocated:  229.7412109375
Memory cached:  428.0
[I 2024-01-11 07:09:09,464] Trial 160 finished with value: 0.10693984478712082 and parameters: {'W_layers': 2, 'W_layer_units_exponent_0': 8, 'W_layer_units_exponent_1': 5, 'D_layers': 4, 'D_layer_units_exponent_0': 7, 'D_layer_units_exponent_1': 6, 'D_layer_units_exponent_2': 8, 'D_layer_units_exponent_3': 4, 'D_dagger_layers': 4, 'D_dagger_layer_units_exponent_0': 10, 'D_dagger_layer_units_exponent_1': 7, 'D_dagger_layer_units_exponent_2': 5, 'D_dagger_layer_units_exponent_3': 7, 'log_learning_rate': -3.6491390773223484, 'log_learning_rate_D': -2.1434126942885547, 'log_learning_rate_D_dagger': -3.0716339555565453, 'training_batch_size': 6, 'training_p': 8}. Best is trial 145 with value: 0.0653865784406662.
Time for this trial:  391.2342698574066
Memory status after this trial: 
Memory allocated:  445.9794921875
Memory cached:  448.0
--------------------  Trial  161   --------------------
Start timing: 
Parameters: 
{'W_layers': 2, 'W_layer_units_exponent_0': 8, 'W_layer_units_exponent_1': 5, 'D_layers': 4, 'D_layer_units_exponent_0': 6, 'D_layer_units_exponent_1': 6, 'D_layer_units_exponent_2': 8, 'D_layer_units_exponent_3': 5, 'D_dagger_layers': 4, 'D_dagger_layer_units_exponent_0': 10, 'D_dagger_layer_units_exponent_1': 6, 'D_dagger_layer_units_exponent_2': 5, 'D_dagger_layer_units_exponent_3': 7, 'log_learning_rate': -3.418043653802152, 'log_learning_rate_D': -2.3927640735013878, 'log_learning_rate_D_dagger': -2.8601000991003858, 'training_batch_size': 6, 'training_p': 8}
	 epoch  0 training error:  tensor(0.9026, device='cuda:0', grad_fn=<DivBackward0>)
Memory status after this epoch: 
Memory allocated:  228.7099609375
Memory cached:  428.0
	 epoch  10 training error:  tensor(0.4660, device='cuda:0', grad_fn=<DivBackward0>)
Memory status after this epoch: 
Memory allocated:  228.7099609375
Memory cached:  428.0
	 epoch  20 training error:  tensor(0.3733, device='cuda:0', grad_fn=<DivBackward0>)
Memory status after this epoch: 
Memory allocated:  228.7099609375
Memory cached:  428.0
	 epoch  30 training error:  tensor(0.3631, device='cuda:0', grad_fn=<DivBackward0>)
Memory status after this epoch: 
Memory allocated:  228.7099609375
Memory cached:  428.0
	 epoch  40 training error:  tensor(0.3519, device='cuda:0', grad_fn=<DivBackward0>)
Memory status after this epoch: 
Memory allocated:  228.7099609375
Memory cached:  428.0
	 epoch  50 training error:  tensor(0.2952, device='cuda:0', grad_fn=<DivBackward0>)
Memory status after this epoch: 
Memory allocated:  228.7099609375
Memory cached:  428.0
	 epoch  60 training error:  tensor(0.2110, device='cuda:0', grad_fn=<DivBackward0>)
Memory status after this epoch: 
Memory allocated:  228.7099609375
Memory cached:  428.0
	 epoch  70 training error:  tensor(0.2249, device='cuda:0', grad_fn=<DivBackward0>)
Memory status after this epoch: 
Memory allocated:  228.7099609375
Memory cached:  428.0
	 epoch  80 training error:  tensor(0.1709, device='cuda:0', grad_fn=<DivBackward0>)
Memory status after this epoch: 
Memory allocated:  228.7099609375
Memory cached:  428.0
	 epoch  90 training error:  tensor(0.1623, device='cuda:0', grad_fn=<DivBackward0>)
Memory status after this epoch: 
Memory allocated:  228.7099609375
Memory cached:  428.0
