[I 2024-01-25 06:52:22,984] Trial 333 finished with value: 0.11979790776968002 and parameters: {'W_layers': 7, 'W_layer_units_exponent_0': 4, 'W_layer_units_exponent_1': 4, 'W_layer_units_exponent_2': 7, 'W_layer_units_exponent_3': 6, 'W_layer_units_exponent_4': 9, 'W_layer_units_exponent_5': 4, 'W_layer_units_exponent_6': 10, 'D_layers': 7, 'D_layer_units_exponent_0': 8, 'D_layer_units_exponent_1': 6, 'D_layer_units_exponent_2': 4, 'D_layer_units_exponent_3': 9, 'D_layer_units_exponent_4': 10, 'D_layer_units_exponent_5': 6, 'D_layer_units_exponent_6': 8, 'D_dagger_layers': 8, 'D_dagger_layer_units_exponent_0': 9, 'D_dagger_layer_units_exponent_1': 10, 'D_dagger_layer_units_exponent_2': 5, 'D_dagger_layer_units_exponent_3': 9, 'D_dagger_layer_units_exponent_4': 9, 'D_dagger_layer_units_exponent_5': 9, 'D_dagger_layer_units_exponent_6': 4, 'D_dagger_layer_units_exponent_7': 4, 'log_learning_rate': -2.7784232463929626, 'log_learning_rate_D': -3.8680343330800633, 'log_learning_rate_D_dagger': -3.9388923613864217, 'training_batch_size': 6, 'training_p': 7}. Best is trial 332 with value: 0.05854595825076103.
Time for this trial:  694.8242700099945
Memory status after this trial: 
Memory allocated:  1472.7197265625
Memory cached:  1484.0
--------------------  Trial  334   --------------------
Start timing: 
Parameters: 
{'W_layers': 7, 'W_layer_units_exponent_0': 4, 'W_layer_units_exponent_1': 4, 'W_layer_units_exponent_2': 7, 'W_layer_units_exponent_3': 7, 'W_layer_units_exponent_4': 9, 'W_layer_units_exponent_5': 4, 'W_layer_units_exponent_6': 10, 'D_layers': 7, 'D_layer_units_exponent_0': 8, 'D_layer_units_exponent_1': 6, 'D_layer_units_exponent_2': 4, 'D_layer_units_exponent_3': 7, 'D_layer_units_exponent_4': 10, 'D_layer_units_exponent_5': 6, 'D_layer_units_exponent_6': 8, 'D_dagger_layers': 8, 'D_dagger_layer_units_exponent_0': 9, 'D_dagger_layer_units_exponent_1': 10, 'D_dagger_layer_units_exponent_2': 5, 'D_dagger_layer_units_exponent_3': 9, 'D_dagger_layer_units_exponent_4': 8, 'D_dagger_layer_units_exponent_5': 9, 'D_dagger_layer_units_exponent_6': 4, 'D_dagger_layer_units_exponent_7': 4, 'log_learning_rate': -2.8844773620605055, 'log_learning_rate_D': -3.9278901761349134, 'log_learning_rate_D_dagger': -4.013039918575625, 'training_batch_size': 6, 'training_p': 5}
	 epoch  0 training error:  tensor(0.8997, device='cuda:0', grad_fn=<DivBackward0>)
Memory status after this epoch: 
Memory allocated:  740.04833984375
Memory cached:  1252.0
	 epoch  10 training error:  tensor(0.3849, device='cuda:0', grad_fn=<DivBackward0>)
Memory status after this epoch: 
Memory allocated:  740.04833984375
Memory cached:  1264.0
	 epoch  20 training error:  tensor(0.3427, device='cuda:0', grad_fn=<DivBackward0>)
Memory status after this epoch: 
Memory allocated:  740.04833984375
Memory cached:  1266.0
	 epoch  30 training error:  tensor(0.3219, device='cuda:0', grad_fn=<DivBackward0>)
Memory status after this epoch: 
Memory allocated:  740.04833984375
Memory cached:  1262.0
	 epoch  40 training error:  tensor(0.3228, device='cuda:0', grad_fn=<DivBackward0>)
Memory status after this epoch: 
Memory allocated:  740.04833984375
Memory cached:  1260.0
	 epoch  50 training error:  tensor(0.3143, device='cuda:0', grad_fn=<DivBackward0>)
Memory status after this epoch: 
Memory allocated:  740.04833984375
Memory cached:  1274.0
	 epoch  60 training error:  tensor(0.3050, device='cuda:0', grad_fn=<DivBackward0>)
Memory status after this epoch: 
Memory allocated:  740.04833984375
Memory cached:  1270.0
	 epoch  70 training error:  tensor(0.2992, device='cuda:0', grad_fn=<DivBackward0>)
Memory status after this epoch: 
Memory allocated:  740.04833984375
Memory cached:  1268.0
	 epoch  80 training error:  tensor(0.3008, device='cuda:0', grad_fn=<DivBackward0>)
Memory status after this epoch: 
Memory allocated:  740.04833984375
Memory cached:  1268.0
	 epoch  90 training error:  tensor(0.2998, device='cuda:0', grad_fn=<DivBackward0>)
Memory status after this epoch: 
Memory allocated:  740.04833984375
Memory cached:  1272.0
[I 2024-01-25 07:03:51,123] Trial 334 finished with value: 0.17178571224212646 and parameters: {'W_layers': 7, 'W_layer_units_exponent_0': 4, 'W_layer_units_exponent_1': 4, 'W_layer_units_exponent_2': 7, 'W_layer_units_exponent_3': 7, 'W_layer_units_exponent_4': 9, 'W_layer_units_exponent_5': 4, 'W_layer_units_exponent_6': 10, 'D_layers': 7, 'D_layer_units_exponent_0': 8, 'D_layer_units_exponent_1': 6, 'D_layer_units_exponent_2': 4, 'D_layer_units_exponent_3': 7, 'D_layer_units_exponent_4': 10, 'D_layer_units_exponent_5': 6, 'D_layer_units_exponent_6': 8, 'D_dagger_layers': 8, 'D_dagger_layer_units_exponent_0': 9, 'D_dagger_layer_units_exponent_1': 10, 'D_dagger_layer_units_exponent_2': 5, 'D_dagger_layer_units_exponent_3': 9, 'D_dagger_layer_units_exponent_4': 8, 'D_dagger_layer_units_exponent_5': 9, 'D_dagger_layer_units_exponent_6': 4, 'D_dagger_layer_units_exponent_7': 4, 'log_learning_rate': -2.8844773620605055, 'log_learning_rate_D': -3.9278901761349134, 'log_learning_rate_D_dagger': -4.013039918575625, 'training_batch_size': 6, 'training_p': 5}. Best is trial 332 with value: 0.05854595825076103.
Time for this trial:  687.4127204418182
Memory status after this trial: 
Memory allocated:  1406.8671875
Memory cached:  1422.0
--------------------  Trial  335   --------------------
Start timing: 
Parameters: 
{'W_layers': 7, 'W_layer_units_exponent_0': 4, 'W_layer_units_exponent_1': 4, 'W_layer_units_exponent_2': 7, 'W_layer_units_exponent_3': 6, 'W_layer_units_exponent_4': 9, 'W_layer_units_exponent_5': 4, 'W_layer_units_exponent_6': 10, 'D_layers': 7, 'D_layer_units_exponent_0': 8, 'D_layer_units_exponent_1': 6, 'D_layer_units_exponent_2': 4, 'D_layer_units_exponent_3': 8, 'D_layer_units_exponent_4': 10, 'D_layer_units_exponent_5': 6, 'D_layer_units_exponent_6': 8, 'D_dagger_layers': 8, 'D_dagger_layer_units_exponent_0': 9, 'D_dagger_layer_units_exponent_1': 10, 'D_dagger_layer_units_exponent_2': 5, 'D_dagger_layer_units_exponent_3': 9, 'D_dagger_layer_units_exponent_4': 8, 'D_dagger_layer_units_exponent_5': 9, 'D_dagger_layer_units_exponent_6': 8, 'D_dagger_layer_units_exponent_7': 5, 'log_learning_rate': -2.7322804776686094, 'log_learning_rate_D': -3.7694245239291146, 'log_learning_rate_D_dagger': -3.79687104156739, 'training_batch_size': 6, 'training_p': 5}
	 epoch  0 training error:  tensor(0.8552, device='cuda:0', grad_fn=<DivBackward0>)
Memory status after this epoch: 
Memory allocated:  743.45458984375
Memory cached:  1248.0
	 epoch  10 training error:  tensor(0.3590, device='cuda:0', grad_fn=<DivBackward0>)
Memory status after this epoch: 
Memory allocated:  743.45458984375
Memory cached:  1266.0
	 epoch  20 training error:  tensor(0.3309, device='cuda:0', grad_fn=<DivBackward0>)
Memory status after this epoch: 
Memory allocated:  743.45458984375
Memory cached:  1268.0
	 epoch  30 training error:  tensor(0.3165, device='cuda:0', grad_fn=<DivBackward0>)
Memory status after this epoch: 
Memory allocated:  743.45458984375
Memory cached:  1274.0
	 epoch  40 training error:  tensor(0.3116, device='cuda:0', grad_fn=<DivBackward0>)
Memory status after this epoch: 
Memory allocated:  743.45458984375
Memory cached:  1266.0
	 epoch  50 training error:  tensor(0.3124, device='cuda:0', grad_fn=<DivBackward0>)
Memory status after this epoch: 
Memory allocated:  743.45458984375
Memory cached:  1264.0
	 epoch  60 training error:  tensor(0.3109, device='cuda:0', grad_fn=<DivBackward0>)
Memory status after this epoch: 
Memory allocated:  743.45458984375
Memory cached:  1270.0
	 epoch  70 training error:  tensor(0.2982, device='cuda:0', grad_fn=<DivBackward0>)
Memory status after this epoch: 
Memory allocated:  743.45458984375
Memory cached:  1270.0
	 epoch  80 training error:  tensor(0.2896, device='cuda:0', grad_fn=<DivBackward0>)
Memory status after this epoch: 
Memory allocated:  743.45458984375
Memory cached:  1276.0
	 epoch  90 training error:  tensor(0.2405, device='cuda:0', grad_fn=<DivBackward0>)
Memory status after this epoch: 
Memory allocated:  743.45458984375
Memory cached:  1274.0
[I 2024-01-25 07:15:23,216] Trial 335 finished with value: 0.1324499100446701 and parameters: {'W_layers': 7, 'W_layer_units_exponent_0': 4, 'W_layer_units_exponent_1': 4, 'W_layer_units_exponent_2': 7, 'W_layer_units_exponent_3': 6, 'W_layer_units_exponent_4': 9, 'W_layer_units_exponent_5': 4, 'W_layer_units_exponent_6': 10, 'D_layers': 7, 'D_layer_units_exponent_0': 8, 'D_layer_units_exponent_1': 6, 'D_layer_units_exponent_2': 4, 'D_layer_units_exponent_3': 8, 'D_layer_units_exponent_4': 10, 'D_layer_units_exponent_5': 6, 'D_layer_units_exponent_6': 8, 'D_dagger_layers': 8, 'D_dagger_layer_units_exponent_0': 9, 'D_dagger_layer_units_exponent_1': 10, 'D_dagger_layer_units_exponent_2': 5, 'D_dagger_layer_units_exponent_3': 9, 'D_dagger_layer_units_exponent_4': 8, 'D_dagger_layer_units_exponent_5': 9, 'D_dagger_layer_units_exponent_6': 8, 'D_dagger_layer_units_exponent_7': 5, 'log_learning_rate': -2.7322804776686094, 'log_learning_rate_D': -3.7694245239291146, 'log_learning_rate_D_dagger': -3.79687104156739, 'training_batch_size': 6, 'training_p': 5}. Best is trial 332 with value: 0.05854595825076103.
Time for this trial:  691.4100859165192
Memory status after this trial: 
Memory allocated:  1442.369140625
Memory cached:  1458.0
--------------------  Trial  336   --------------------
Start timing: 
Parameters: 
{'W_layers': 7, 'W_layer_units_exponent_0': 4, 'W_layer_units_exponent_1': 4, 'W_layer_units_exponent_2': 7, 'W_layer_units_exponent_3': 6, 'W_layer_units_exponent_4': 9, 'W_layer_units_exponent_5': 4, 'W_layer_units_exponent_6': 10, 'D_layers': 7, 'D_layer_units_exponent_0': 8, 'D_layer_units_exponent_1': 6, 'D_layer_units_exponent_2': 4, 'D_layer_units_exponent_3': 9, 'D_layer_units_exponent_4': 10, 'D_layer_units_exponent_5': 6, 'D_layer_units_exponent_6': 8, 'D_dagger_layers': 8, 'D_dagger_layer_units_exponent_0': 8, 'D_dagger_layer_units_exponent_1': 9, 'D_dagger_layer_units_exponent_2': 5, 'D_dagger_layer_units_exponent_3': 9, 'D_dagger_layer_units_exponent_4': 8, 'D_dagger_layer_units_exponent_5': 9, 'D_dagger_layer_units_exponent_6': 4, 'D_dagger_layer_units_exponent_7': 4, 'log_learning_rate': -3.0229959790459406, 'log_learning_rate_D': -3.836691940624778, 'log_learning_rate_D_dagger': -3.7512186674814174, 'training_batch_size': 6, 'training_p': 5}
	 epoch  0 training error:  tensor(0.8861, device='cuda:0', grad_fn=<DivBackward0>)
Memory status after this epoch: 
Memory allocated:  739.25341796875
Memory cached:  1258.0
	 epoch  10 training error:  tensor(0.3735, device='cuda:0', grad_fn=<DivBackward0>)
Memory status after this epoch: 
Memory allocated:  739.25341796875
Memory cached:  1272.0
	 epoch  20 training error:  tensor(0.3343, device='cuda:0', grad_fn=<DivBackward0>)
Memory status after this epoch: 
Memory allocated:  739.25341796875
Memory cached:  1274.0
	 epoch  30 training error:  tensor(0.3204, device='cuda:0', grad_fn=<DivBackward0>)
Memory status after this epoch: 
Memory allocated:  739.25341796875
Memory cached:  1280.0
	 epoch  40 training error:  tensor(0.2994, device='cuda:0', grad_fn=<DivBackward0>)
Memory status after this epoch: 
Memory allocated:  739.25341796875
Memory cached:  1272.0
	 epoch  50 training error:  tensor(0.3019, device='cuda:0', grad_fn=<DivBackward0>)
Memory status after this epoch: 
Memory allocated:  739.25341796875
Memory cached:  1276.0
	 epoch  60 training error:  tensor(0.3018, device='cuda:0', grad_fn=<DivBackward0>)
Memory status after this epoch: 
Memory allocated:  739.25341796875
Memory cached:  1270.0
	 epoch  70 training error:  tensor(0.2382, device='cuda:0', grad_fn=<DivBackward0>)
Memory status after this epoch: 
Memory allocated:  739.25341796875
Memory cached:  1278.0
	 epoch  80 training error:  tensor(0.1702, device='cuda:0', grad_fn=<DivBackward0>)
Memory status after this epoch: 
Memory allocated:  739.25341796875
Memory cached:  1272.0
	 epoch  90 training error:  tensor(0.1744, device='cuda:0', grad_fn=<DivBackward0>)
Memory status after this epoch: 
Memory allocated:  739.25341796875
Memory cached:  1272.0
[I 2024-01-25 07:26:48,838] Trial 336 finished with value: 0.09050973504781723 and parameters: {'W_layers': 7, 'W_layer_units_exponent_0': 4, 'W_layer_units_exponent_1': 4, 'W_layer_units_exponent_2': 7, 'W_layer_units_exponent_3': 6, 'W_layer_units_exponent_4': 9, 'W_layer_units_exponent_5': 4, 'W_layer_units_exponent_6': 10, 'D_layers': 7, 'D_layer_units_exponent_0': 8, 'D_layer_units_exponent_1': 6, 'D_layer_units_exponent_2': 4, 'D_layer_units_exponent_3': 9, 'D_layer_units_exponent_4': 10, 'D_layer_units_exponent_5': 6, 'D_layer_units_exponent_6': 8, 'D_dagger_layers': 8, 'D_dagger_layer_units_exponent_0': 8, 'D_dagger_layer_units_exponent_1': 9, 'D_dagger_layer_units_exponent_2': 5, 'D_dagger_layer_units_exponent_3': 9, 'D_dagger_layer_units_exponent_4': 8, 'D_dagger_layer_units_exponent_5': 9, 'D_dagger_layer_units_exponent_6': 4, 'D_dagger_layer_units_exponent_7': 4, 'log_learning_rate': -3.0229959790459406, 'log_learning_rate_D': -3.836691940624778, 'log_learning_rate_D_dagger': -3.7512186674814174, 'training_batch_size': 6, 'training_p': 5}. Best is trial 332 with value: 0.05854595825076103.
Time for this trial:  684.9968073368073
Memory status after this trial: 
Memory allocated:  1358.2080078125
Memory cached:  1372.0
--------------------  Trial  337   --------------------
Start timing: 
Parameters: 
{'W_layers': 7, 'W_layer_units_exponent_0': 4, 'W_layer_units_exponent_1': 4, 'W_layer_units_exponent_2': 7, 'W_layer_units_exponent_3': 6, 'W_layer_units_exponent_4': 9, 'W_layer_units_exponent_5': 4, 'W_layer_units_exponent_6': 10, 'D_layers': 6, 'D_layer_units_exponent_0': 8, 'D_layer_units_exponent_1': 6, 'D_layer_units_exponent_2': 4, 'D_layer_units_exponent_3': 9, 'D_layer_units_exponent_4': 10, 'D_layer_units_exponent_5': 6, 'D_dagger_layers': 8, 'D_dagger_layer_units_exponent_0': 8, 'D_dagger_layer_units_exponent_1': 9, 'D_dagger_layer_units_exponent_2': 5, 'D_dagger_layer_units_exponent_3': 9, 'D_dagger_layer_units_exponent_4': 8, 'D_dagger_layer_units_exponent_5': 9, 'D_dagger_layer_units_exponent_6': 4, 'D_dagger_layer_units_exponent_7': 4, 'log_learning_rate': -2.8375431265175775, 'log_learning_rate_D': -3.7076204335185823, 'log_learning_rate_D_dagger': -3.840270982066615, 'training_batch_size': 6, 'training_p': 5}
	 epoch  0 training error:  tensor(0.8775, device='cuda:0', grad_fn=<DivBackward0>)
Memory status after this epoch: 
Memory allocated:  738.99755859375
Memory cached:  1240.0
	 epoch  10 training error:  tensor(0.3785, device='cuda:0', grad_fn=<DivBackward0>)
Memory status after this epoch: 
Memory allocated:  738.99755859375
Memory cached:  1240.0
	 epoch  20 training error:  tensor(0.3363, device='cuda:0', grad_fn=<DivBackward0>)
Memory status after this epoch: 
Memory allocated:  738.99755859375
Memory cached:  1240.0
	 epoch  30 training error:  tensor(0.3144, device='cuda:0', grad_fn=<DivBackward0>)
Memory status after this epoch: 
Memory allocated:  738.99755859375
Memory cached:  1240.0
	 epoch  40 training error:  tensor(0.3065, device='cuda:0', grad_fn=<DivBackward0>)
Memory status after this epoch: 
Memory allocated:  738.99755859375
Memory cached:  1240.0
	 epoch  50 training error:  tensor(0.2954, device='cuda:0', grad_fn=<DivBackward0>)
Memory status after this epoch: 
Memory allocated:  738.99755859375
Memory cached:  1240.0
	 epoch  60 training error:  tensor(0.3171, device='cuda:0', grad_fn=<DivBackward0>)
Memory status after this epoch: 
Memory allocated:  738.99755859375
Memory cached:  1240.0
	 epoch  70 training error:  tensor(0.2921, device='cuda:0', grad_fn=<DivBackward0>)
Memory status after this epoch: 
Memory allocated:  738.99755859375
Memory cached:  1240.0
	 epoch  80 training error:  tensor(0.2831, device='cuda:0', grad_fn=<DivBackward0>)
Memory status after this epoch: 
Memory allocated:  738.99755859375
Memory cached:  1240.0
	 epoch  90 training error:  tensor(0.2470, device='cuda:0', grad_fn=<DivBackward0>)
Memory status after this epoch: 
Memory allocated:  738.99755859375
Memory cached:  1240.0
[I 2024-01-25 07:37:51,987] Trial 337 finished with value: 0.11036153882741928 and parameters: {'W_layers': 7, 'W_layer_units_exponent_0': 4, 'W_layer_units_exponent_1': 4, 'W_layer_units_exponent_2': 7, 'W_layer_units_exponent_3': 6, 'W_layer_units_exponent_4': 9, 'W_layer_units_exponent_5': 4, 'W_layer_units_exponent_6': 10, 'D_layers': 6, 'D_layer_units_exponent_0': 8, 'D_layer_units_exponent_1': 6, 'D_layer_units_exponent_2': 4, 'D_layer_units_exponent_3': 9, 'D_layer_units_exponent_4': 10, 'D_layer_units_exponent_5': 6, 'D_dagger_layers': 8, 'D_dagger_layer_units_exponent_0': 8, 'D_dagger_layer_units_exponent_1': 9, 'D_dagger_layer_units_exponent_2': 5, 'D_dagger_layer_units_exponent_3': 9, 'D_dagger_layer_units_exponent_4': 8, 'D_dagger_layer_units_exponent_5': 9, 'D_dagger_layer_units_exponent_6': 4, 'D_dagger_layer_units_exponent_7': 4, 'log_learning_rate': -2.8375431265175775, 'log_learning_rate_D': -3.7076204335185823, 'log_learning_rate_D_dagger': -3.840270982066615, 'training_batch_size': 6, 'training_p': 5}. Best is trial 332 with value: 0.05854595825076103.
Time for this trial:  662.4863934516907
Memory status after this trial: 
Memory allocated:  1333.91015625
Memory cached:  1348.0
--------------------  Trial  338   --------------------
Start timing: 
Parameters: 
{'W_layers': 7, 'W_layer_units_exponent_0': 4, 'W_layer_units_exponent_1': 4, 'W_layer_units_exponent_2': 7, 'W_layer_units_exponent_3': 6, 'W_layer_units_exponent_4': 9, 'W_layer_units_exponent_5': 4, 'W_layer_units_exponent_6': 10, 'D_layers': 7, 'D_layer_units_exponent_0': 8, 'D_layer_units_exponent_1': 6, 'D_layer_units_exponent_2': 4, 'D_layer_units_exponent_3': 8, 'D_layer_units_exponent_4': 10, 'D_layer_units_exponent_5': 6, 'D_layer_units_exponent_6': 8, 'D_dagger_layers': 8, 'D_dagger_layer_units_exponent_0': 9, 'D_dagger_layer_units_exponent_1': 9, 'D_dagger_layer_units_exponent_2': 5, 'D_dagger_layer_units_exponent_3': 9, 'D_dagger_layer_units_exponent_4': 8, 'D_dagger_layer_units_exponent_5': 9, 'D_dagger_layer_units_exponent_6': 4, 'D_dagger_layer_units_exponent_7': 4, 'log_learning_rate': -2.5791553639048512, 'log_learning_rate_D': -3.8383430864942256, 'log_learning_rate_D_dagger': -3.7432451844001946, 'training_batch_size': 6, 'training_p': 5}
	 epoch  0 training error:  tensor(0.8594, device='cuda:0', grad_fn=<DivBackward0>)
Memory status after this epoch: 
Memory allocated:  737.19873046875
Memory cached:  1256.0
	 epoch  10 training error:  tensor(0.3872, device='cuda:0', grad_fn=<DivBackward0>)
Memory status after this epoch: 
Memory allocated:  737.19873046875
Memory cached:  1270.0
	 epoch  20 training error:  tensor(0.3197, device='cuda:0', grad_fn=<DivBackward0>)
Memory status after this epoch: 
Memory allocated:  737.19873046875
Memory cached:  1278.0
	 epoch  30 training error:  tensor(0.3229, device='cuda:0', grad_fn=<DivBackward0>)
Memory status after this epoch: 
Memory allocated:  737.19873046875
Memory cached:  1270.0
	 epoch  40 training error:  tensor(0.3065, device='cuda:0', grad_fn=<DivBackward0>)
Memory status after this epoch: 
Memory allocated:  737.19873046875
Memory cached:  1268.0
	 epoch  50 training error:  tensor(0.2966, device='cuda:0', grad_fn=<DivBackward0>)
Memory status after this epoch: 
Memory allocated:  737.19873046875
Memory cached:  1274.0
	 epoch  60 training error:  tensor(0.2904, device='cuda:0', grad_fn=<DivBackward0>)
Memory status after this epoch: 
Memory allocated:  737.19873046875
Memory cached:  1280.0
	 epoch  70 training error:  tensor(0.2500, device='cuda:0', grad_fn=<DivBackward0>)
Memory status after this epoch: 
Memory allocated:  737.19873046875
Memory cached:  1278.0
	 epoch  80 training error:  tensor(0.2300, device='cuda:0', grad_fn=<DivBackward0>)
Memory status after this epoch: 
Memory allocated:  737.19873046875
Memory cached:  1278.0
	 epoch  90 training error:  tensor(0.2042, device='cuda:0', grad_fn=<DivBackward0>)
Memory status after this epoch: 
Memory allocated:  737.19873046875
Memory cached:  1274.0
