[I 2024-03-12 07:51:12,276] Trial 197 finished with value: 0.5308778882026672 and parameters: {'log_learning_rate': -1.5195672682452368, 'log_learning_rate_D': -3.6281278613192347, 'log_learning_rate_D_dagger': -2.155285002744647, 'training_batch_size': 6, 'training_p': 2}. Best is trial 143 with value: 0.3113675117492676.
Time for this trial:  451.8224391937256
Memory status after this trial: 
Memory allocated:  3.4521484375
Memory cached:  4.0
--------------------  Trial  198   --------------------
Start timing: 
Parameters: 
{'log_learning_rate': -2.1593971309590203, 'log_learning_rate_D': -3.791624032584258, 'log_learning_rate_D_dagger': -2.1134090997121353, 'training_batch_size': 7, 'training_p': 2}
	 epoch  0 training error:  tensor(50.2524, grad_fn=<ToCopyBackward0>)
Memory status after this epoch: 
Memory allocated:  1.84228515625
Memory cached:  4.0
	 epoch  10 training error:  tensor(6.8293, grad_fn=<ToCopyBackward0>)
Memory status after this epoch: 
Memory allocated:  1.84228515625
Memory cached:  4.0
	 epoch  20 training error:  tensor(1.1897, grad_fn=<ToCopyBackward0>)
Memory status after this epoch: 
Memory allocated:  1.84228515625
Memory cached:  4.0
	 epoch  30 training error:  tensor(0.6691, grad_fn=<ToCopyBackward0>)
Memory status after this epoch: 
Memory allocated:  1.84228515625
Memory cached:  4.0
	 epoch  40 training error:  tensor(0.5576, grad_fn=<ToCopyBackward0>)
Memory status after this epoch: 
Memory allocated:  1.84228515625
Memory cached:  4.0
	 epoch  50 training error:  tensor(0.4687, grad_fn=<ToCopyBackward0>)
Memory status after this epoch: 
Memory allocated:  1.84228515625
Memory cached:  4.0
	 epoch  60 training error:  tensor(0.4169, grad_fn=<ToCopyBackward0>)
Memory status after this epoch: 
Memory allocated:  1.84228515625
Memory cached:  4.0
	 epoch  70 training error:  tensor(0.3997, grad_fn=<ToCopyBackward0>)
Memory status after this epoch: 
Memory allocated:  1.84228515625
Memory cached:  4.0
	 epoch  80 training error:  tensor(0.3865, grad_fn=<ToCopyBackward0>)
Memory status after this epoch: 
Memory allocated:  1.84228515625
Memory cached:  4.0
	 epoch  90 training error:  tensor(0.3744, grad_fn=<ToCopyBackward0>)
Memory status after this epoch: 
Memory allocated:  1.84228515625
Memory cached:  4.0
[I 2024-03-12 07:55:51,428] Trial 198 finished with value: 0.3879033029079437 and parameters: {'log_learning_rate': -2.1593971309590203, 'log_learning_rate_D': -3.791624032584258, 'log_learning_rate_D_dagger': -2.1134090997121353, 'training_batch_size': 7, 'training_p': 2}. Best is trial 143 with value: 0.3113675117492676.
Time for this trial:  278.90944743156433
Memory status after this trial: 
Memory allocated:  3.3525390625
Memory cached:  4.0
--------------------  Trial  199   --------------------
Start timing: 
Parameters: 
{'log_learning_rate': -1.6888454446683365, 'log_learning_rate_D': -3.578088052912959, 'log_learning_rate_D_dagger': -3.2783824768936056, 'training_batch_size': 6, 'training_p': 2}
	 epoch  0 training error:  tensor(153.4296, grad_fn=<ToCopyBackward0>)
Memory status after this epoch: 
Memory allocated:  1.94189453125
Memory cached:  4.0
	 epoch  10 training error:  tensor(138.2833, grad_fn=<ToCopyBackward0>)
Memory status after this epoch: 
Memory allocated:  1.94189453125
Memory cached:  4.0
	 epoch  20 training error:  tensor(124.1104, grad_fn=<ToCopyBackward0>)
Memory status after this epoch: 
Memory allocated:  1.94189453125
Memory cached:  4.0
	 epoch  30 training error:  tensor(110.9810, grad_fn=<ToCopyBackward0>)
Memory status after this epoch: 
Memory allocated:  1.94189453125
Memory cached:  4.0
	 epoch  40 training error:  tensor(98.8248, grad_fn=<ToCopyBackward0>)
Memory status after this epoch: 
Memory allocated:  1.94189453125
Memory cached:  4.0
	 epoch  50 training error:  tensor(87.6660, grad_fn=<ToCopyBackward0>)
Memory status after this epoch: 
Memory allocated:  1.94189453125
Memory cached:  4.0
	 epoch  60 training error:  tensor(77.4968, grad_fn=<ToCopyBackward0>)
Memory status after this epoch: 
Memory allocated:  1.94189453125
Memory cached:  4.0
	 epoch  70 training error:  tensor(67.8770, grad_fn=<ToCopyBackward0>)
Memory status after this epoch: 
Memory allocated:  1.94189453125
Memory cached:  4.0
	 epoch  80 training error:  tensor(58.8264, grad_fn=<ToCopyBackward0>)
Memory status after this epoch: 
Memory allocated:  1.94189453125
Memory cached:  4.0
	 epoch  90 training error:  tensor(50.3056, grad_fn=<ToCopyBackward0>)
Memory status after this epoch: 
Memory allocated:  1.94189453125
Memory cached:  4.0
[I 2024-03-12 08:03:23,002] Trial 199 finished with value: 38.32297897338867 and parameters: {'log_learning_rate': -1.6888454446683365, 'log_learning_rate_D': -3.578088052912959, 'log_learning_rate_D_dagger': -3.2783824768936056, 'training_batch_size': 6, 'training_p': 2}. Best is trial 143 with value: 0.3113675117492676.
Time for this trial:  451.3196222782135
Memory status after this trial: 
Memory allocated:  3.4521484375
Memory cached:  4.0
--------------------  Trial  200   --------------------
Start timing: 
Parameters: 
{'log_learning_rate': -1.388920640263579, 'log_learning_rate_D': -3.6973661861783236, 'log_learning_rate_D_dagger': -1.2424932609621724, 'training_batch_size': 7, 'training_p': 2}
	 epoch  0 training error:  tensor(274.3675, grad_fn=<ToCopyBackward0>)
Memory status after this epoch: 
Memory allocated:  1.84228515625
Memory cached:  4.0
	 epoch  10 training error:  tensor(7.6585, grad_fn=<ToCopyBackward0>)
Memory status after this epoch: 
Memory allocated:  1.84228515625
Memory cached:  4.0
	 epoch  20 training error:  tensor(1.1006, grad_fn=<ToCopyBackward0>)
Memory status after this epoch: 
Memory allocated:  1.84228515625
Memory cached:  4.0
	 epoch  30 training error:  tensor(0.4394, grad_fn=<ToCopyBackward0>)
Memory status after this epoch: 
Memory allocated:  1.84228515625
Memory cached:  4.0
	 epoch  40 training error:  tensor(0.4044, grad_fn=<ToCopyBackward0>)
Memory status after this epoch: 
Memory allocated:  1.84228515625
Memory cached:  4.0
	 epoch  50 training error:  tensor(0.3913, grad_fn=<ToCopyBackward0>)
Memory status after this epoch: 
Memory allocated:  1.84228515625
Memory cached:  4.0
	 epoch  60 training error:  tensor(0.3830, grad_fn=<ToCopyBackward0>)
Memory status after this epoch: 
Memory allocated:  1.84228515625
Memory cached:  4.0
	 epoch  70 training error:  tensor(0.3751, grad_fn=<ToCopyBackward0>)
Memory status after this epoch: 
Memory allocated:  1.84228515625
Memory cached:  4.0
	 epoch  80 training error:  tensor(0.3687, grad_fn=<ToCopyBackward0>)
Memory status after this epoch: 
Memory allocated:  1.84228515625
Memory cached:  4.0
	 epoch  90 training error:  tensor(0.3710, grad_fn=<ToCopyBackward0>)
Memory status after this epoch: 
Memory allocated:  1.84228515625
Memory cached:  4.0
[I 2024-03-12 08:08:00,812] Trial 200 finished with value: 0.38790398836135864 and parameters: {'log_learning_rate': -1.388920640263579, 'log_learning_rate_D': -3.6973661861783236, 'log_learning_rate_D_dagger': -1.2424932609621724, 'training_batch_size': 7, 'training_p': 2}. Best is trial 143 with value: 0.3113675117492676.
Time for this trial:  277.56130480766296
Memory status after this trial: 
Memory allocated:  3.3525390625
Memory cached:  4.0
--------------------  Trial  201   --------------------
Start timing: 
Parameters: 
{'log_learning_rate': -1.2562517718616875, 'log_learning_rate_D': -3.8438111942200357, 'log_learning_rate_D_dagger': -2.1992619459660596, 'training_batch_size': 7, 'training_p': 2}
	 epoch  0 training error:  tensor(77.8114, grad_fn=<ToCopyBackward0>)
Memory status after this epoch: 
Memory allocated:  1.84228515625
Memory cached:  4.0
	 epoch  10 training error:  tensor(19.1766, grad_fn=<ToCopyBackward0>)
Memory status after this epoch: 
Memory allocated:  1.84228515625
Memory cached:  4.0
	 epoch  20 training error:  tensor(3.7360, grad_fn=<ToCopyBackward0>)
Memory status after this epoch: 
Memory allocated:  1.84228515625
Memory cached:  4.0
	 epoch  30 training error:  tensor(2.5481, grad_fn=<ToCopyBackward0>)
Memory status after this epoch: 
Memory allocated:  1.84228515625
Memory cached:  4.0
	 epoch  40 training error:  tensor(2.2271, grad_fn=<ToCopyBackward0>)
Memory status after this epoch: 
Memory allocated:  1.84228515625
Memory cached:  4.0
	 epoch  50 training error:  tensor(1.9642, grad_fn=<ToCopyBackward0>)
Memory status after this epoch: 
Memory allocated:  1.84228515625
Memory cached:  4.0
	 epoch  60 training error:  tensor(1.7131, grad_fn=<ToCopyBackward0>)
Memory status after this epoch: 
Memory allocated:  1.84228515625
Memory cached:  4.0
	 epoch  70 training error:  tensor(1.4838, grad_fn=<ToCopyBackward0>)
Memory status after this epoch: 
Memory allocated:  1.84228515625
Memory cached:  4.0
	 epoch  80 training error:  tensor(1.2816, grad_fn=<ToCopyBackward0>)
Memory status after this epoch: 
Memory allocated:  1.84228515625
Memory cached:  4.0
	 epoch  90 training error:  tensor(1.1064, grad_fn=<ToCopyBackward0>)
Memory status after this epoch: 
Memory allocated:  1.84228515625
Memory cached:  4.0
[I 2024-03-12 08:12:38,736] Trial 201 finished with value: 1.0372536182403564 and parameters: {'log_learning_rate': -1.2562517718616875, 'log_learning_rate_D': -3.8438111942200357, 'log_learning_rate_D_dagger': -2.1992619459660596, 'training_batch_size': 7, 'training_p': 2}. Best is trial 143 with value: 0.3113675117492676.
Time for this trial:  277.6577105522156
Memory status after this trial: 
Memory allocated:  3.3525390625
Memory cached:  4.0
--------------------  Trial  202   --------------------
Start timing: 
Parameters: 
{'log_learning_rate': -1.5967837009562613, 'log_learning_rate_D': -3.5327992499031176, 'log_learning_rate_D_dagger': -2.01175435145993, 'training_batch_size': 6, 'training_p': 2}
	 epoch  0 training error:  tensor(68.7929, grad_fn=<ToCopyBackward0>)
Memory status after this epoch: 
Memory allocated:  1.94189453125
Memory cached:  4.0
	 epoch  10 training error:  tensor(1.0353, grad_fn=<ToCopyBackward0>)
Memory status after this epoch: 
Memory allocated:  1.94189453125
Memory cached:  4.0
	 epoch  20 training error:  tensor(0.5173, grad_fn=<ToCopyBackward0>)
Memory status after this epoch: 
Memory allocated:  1.94189453125
Memory cached:  4.0
	 epoch  30 training error:  tensor(0.4373, grad_fn=<ToCopyBackward0>)
Memory status after this epoch: 
Memory allocated:  1.94189453125
Memory cached:  4.0
	 epoch  40 training error:  tensor(0.4162, grad_fn=<ToCopyBackward0>)
Memory status after this epoch: 
Memory allocated:  1.94189453125
Memory cached:  4.0
	 epoch  50 training error:  tensor(0.4108, grad_fn=<ToCopyBackward0>)
Memory status after this epoch: 
Memory allocated:  1.94189453125
Memory cached:  4.0
	 epoch  60 training error:  tensor(0.4013, grad_fn=<ToCopyBackward0>)
Memory status after this epoch: 
Memory allocated:  1.94189453125
Memory cached:  4.0
	 epoch  70 training error:  tensor(0.3977, grad_fn=<ToCopyBackward0>)
Memory status after this epoch: 
Memory allocated:  1.94189453125
Memory cached:  4.0
	 epoch  80 training error:  tensor(0.3878, grad_fn=<ToCopyBackward0>)
Memory status after this epoch: 
Memory allocated:  1.94189453125
Memory cached:  4.0
	 epoch  90 training error:  tensor(0.3831, grad_fn=<ToCopyBackward0>)
Memory status after this epoch: 
Memory allocated:  1.94189453125
Memory cached:  4.0
[I 2024-03-12 08:20:10,226] Trial 202 finished with value: 0.39476802945137024 and parameters: {'log_learning_rate': -1.5967837009562613, 'log_learning_rate_D': -3.5327992499031176, 'log_learning_rate_D_dagger': -2.01175435145993, 'training_batch_size': 6, 'training_p': 2}. Best is trial 143 with value: 0.3113675117492676.
Time for this trial:  451.2162961959839
Memory status after this trial: 
Memory allocated:  3.4521484375
Memory cached:  4.0
--------------------  Trial  203   --------------------
Start timing: 
Parameters: 
{'log_learning_rate': -2.040078385119704, 'log_learning_rate_D': -3.671932131916824, 'log_learning_rate_D_dagger': -1.9532848050204448, 'training_batch_size': 6, 'training_p': 2}
	 epoch  0 training error:  tensor(177.6005, grad_fn=<ToCopyBackward0>)
Memory status after this epoch: 
Memory allocated:  1.94189453125
Memory cached:  4.0
	 epoch  10 training error:  tensor(8.6401, grad_fn=<ToCopyBackward0>)
Memory status after this epoch: 
Memory allocated:  1.94189453125
Memory cached:  4.0
	 epoch  20 training error:  tensor(0.7064, grad_fn=<ToCopyBackward0>)
Memory status after this epoch: 
Memory allocated:  1.94189453125
Memory cached:  4.0
	 epoch  30 training error:  tensor(0.4852, grad_fn=<ToCopyBackward0>)
Memory status after this epoch: 
Memory allocated:  1.94189453125
Memory cached:  4.0
	 epoch  40 training error:  tensor(0.3842, grad_fn=<ToCopyBackward0>)
Memory status after this epoch: 
Memory allocated:  1.94189453125
Memory cached:  4.0
	 epoch  50 training error:  tensor(0.3317, grad_fn=<ToCopyBackward0>)
Memory status after this epoch: 
Memory allocated:  1.94189453125
Memory cached:  4.0
	 epoch  60 training error:  tensor(0.3013, grad_fn=<ToCopyBackward0>)
Memory status after this epoch: 
Memory allocated:  1.94189453125
Memory cached:  4.0
	 epoch  70 training error:  tensor(0.2988, grad_fn=<ToCopyBackward0>)
Memory status after this epoch: 
Memory allocated:  1.94189453125
Memory cached:  4.0
	 epoch  80 training error:  tensor(0.2941, grad_fn=<ToCopyBackward0>)
Memory status after this epoch: 
Memory allocated:  1.94189453125
Memory cached:  4.0
	 epoch  90 training error:  tensor(0.2963, grad_fn=<ToCopyBackward0>)
Memory status after this epoch: 
Memory allocated:  1.94189453125
Memory cached:  4.0
[I 2024-03-12 08:27:42,212] Trial 203 finished with value: 0.3212301731109619 and parameters: {'log_learning_rate': -2.040078385119704, 'log_learning_rate_D': -3.671932131916824, 'log_learning_rate_D_dagger': -1.9532848050204448, 'training_batch_size': 6, 'training_p': 2}. Best is trial 143 with value: 0.3113675117492676.
Time for this trial:  451.7421052455902
Memory status after this trial: 
Memory allocated:  3.4521484375
Memory cached:  4.0
--------------------  Trial  204   --------------------
Start timing: 
Parameters: 
{'log_learning_rate': -1.9205282609437593, 'log_learning_rate_D': -3.7491681751564947, 'log_learning_rate_D_dagger': -2.246786952644779, 'training_batch_size': 6, 'training_p': 2}
	 epoch  0 training error:  tensor(36.1594, grad_fn=<ToCopyBackward0>)
Memory status after this epoch: 
Memory allocated:  1.94189453125
Memory cached:  4.0
	 epoch  10 training error:  tensor(5.0558, grad_fn=<ToCopyBackward0>)
Memory status after this epoch: 
Memory allocated:  1.94189453125
Memory cached:  4.0
	 epoch  20 training error:  tensor(2.9956, grad_fn=<ToCopyBackward0>)
Memory status after this epoch: 
Memory allocated:  1.94189453125
Memory cached:  4.0
	 epoch  30 training error:  tensor(1.9457, grad_fn=<ToCopyBackward0>)
Memory status after this epoch: 
Memory allocated:  1.94189453125
Memory cached:  4.0
	 epoch  40 training error:  tensor(1.3108, grad_fn=<ToCopyBackward0>)
Memory status after this epoch: 
Memory allocated:  1.94189453125
Memory cached:  4.0
	 epoch  50 training error:  tensor(0.8120, grad_fn=<ToCopyBackward0>)
Memory status after this epoch: 
Memory allocated:  1.94189453125
Memory cached:  4.0
	 epoch  60 training error:  tensor(0.4508, grad_fn=<ToCopyBackward0>)
Memory status after this epoch: 
Memory allocated:  1.94189453125
Memory cached:  4.0
	 epoch  70 training error:  tensor(0.3568, grad_fn=<ToCopyBackward0>)
Memory status after this epoch: 
Memory allocated:  1.94189453125
Memory cached:  4.0
	 epoch  80 training error:  tensor(0.3402, grad_fn=<ToCopyBackward0>)
Memory status after this epoch: 
Memory allocated:  1.94189453125
Memory cached:  4.0
	 epoch  90 training error:  tensor(0.3284, grad_fn=<ToCopyBackward0>)
Memory status after this epoch: 
Memory allocated:  1.94189453125
Memory cached:  4.0
[I 2024-03-12 08:35:14,735] Trial 204 finished with value: 0.33781182765960693 and parameters: {'log_learning_rate': -1.9205282609437593, 'log_learning_rate_D': -3.7491681751564947, 'log_learning_rate_D_dagger': -2.246786952644779, 'training_batch_size': 6, 'training_p': 2}. Best is trial 143 with value: 0.3113675117492676.
Time for this trial:  452.2549033164978
Memory status after this trial: 
Memory allocated:  3.4521484375
Memory cached:  4.0
