[I 2024-03-12 14:35:17,639] Trial 65 finished with value: 0.66615229845047 and parameters: {'log_learning_rate': -2.71953280511657, 'log_learning_rate_D': -4.306111249144283, 'log_learning_rate_D_dagger': -2.288539105988181, 'training_batch_size': 9, 'training_p': 7, 'p_order_W': 2, 'p_order_D': 5, 'p_order_D_dagger': 2}. Best is trial 63 with value: 0.36037781834602356.
Time for this trial:  89.93665957450867
Memory status after this trial: 
Memory allocated:  2.537109375
Memory cached:  6.0
--------------------  Trial  66   --------------------
Start timing: 
Parameters: 
{'log_learning_rate': -2.0263265227978744, 'log_learning_rate_D': -4.737450099097351, 'log_learning_rate_D_dagger': -1.6136643808850055, 'training_batch_size': 6, 'training_p': 6, 'p_order_W': 3, 'p_order_D': 5, 'p_order_D_dagger': 4}

	 epoch  0 training error:  tensor(10630.7363, grad_fn=<ToCopyBackward0>)
Memory status after this epoch: 
Memory allocated:  2.05908203125
Memory cached:  6.0
	 epoch  10 training error:  tensor(48.5671, grad_fn=<ToCopyBackward0>)
Memory status after this epoch: 
Memory allocated:  2.05908203125
Memory cached:  6.0
	 epoch  20 training error:  tensor(11.6428, grad_fn=<ToCopyBackward0>)
Memory status after this epoch: 
Memory allocated:  2.05908203125
Memory cached:  6.0
	 epoch  30 training error:  tensor(7.7663, grad_fn=<ToCopyBackward0>)
Memory status after this epoch: 
Memory allocated:  2.05908203125
Memory cached:  6.0
	 epoch  40 training error:  tensor(3.7382, grad_fn=<ToCopyBackward0>)
Memory status after this epoch: 
Memory allocated:  2.05908203125
Memory cached:  6.0
	 epoch  50 training error:  tensor(3.1658, grad_fn=<ToCopyBackward0>)
Memory status after this epoch: 
Memory allocated:  2.05908203125
Memory cached:  6.0
	 epoch  60 training error:  tensor(0.6426, grad_fn=<ToCopyBackward0>)
Memory status after this epoch: 
Memory allocated:  2.05908203125
Memory cached:  6.0
	 epoch  70 training error:  tensor(0.6898, grad_fn=<ToCopyBackward0>)
Memory status after this epoch: 
Memory allocated:  2.05908203125
Memory cached:  6.0
	 epoch  80 training error:  tensor(0.9398, grad_fn=<ToCopyBackward0>)
Memory status after this epoch: 
Memory allocated:  2.05908203125
Memory cached:  6.0
	 epoch  90 training error:  tensor(0.6228, grad_fn=<ToCopyBackward0>)
Memory status after this epoch: 
Memory allocated:  2.05908203125
Memory cached:  6.0
[I 2024-03-12 14:43:24,623] Trial 66 finished with value: 0.4496365487575531 and parameters: {'log_learning_rate': -2.0263265227978744, 'log_learning_rate_D': -4.737450099097351, 'log_learning_rate_D_dagger': -1.6136643808850055, 'training_batch_size': 6, 'training_p': 6, 'p_order_W': 3, 'p_order_D': 5, 'p_order_D_dagger': 4}. Best is trial 63 with value: 0.36037781834602356.
Time for this trial:  486.70848631858826
Memory status after this trial: 
Memory allocated:  3.9599609375
Memory cached:  6.0
--------------------  Trial  67   --------------------
Start timing: 
Parameters: 
{'log_learning_rate': -3.2541995477443817, 'log_learning_rate_D': -3.7411500962150415, 'log_learning_rate_D_dagger': -1.7106414217122559, 'training_batch_size': 8, 'training_p': 3, 'p_order_W': 3, 'p_order_D': 4, 'p_order_D_dagger': 5}

	 epoch  0 training error:  tensor(1556805.5000, grad_fn=<ToCopyBackward0>)
Memory status after this epoch: 
Memory allocated:  1.95947265625
Memory cached:  6.0
	 epoch  10 training error:  tensor(122369.2422, grad_fn=<ToCopyBackward0>)
Memory status after this epoch: 
Memory allocated:  1.95947265625
Memory cached:  6.0
[W 2024-03-12 14:44:02,538] Trial 67 failed with parameters: {'log_learning_rate': -3.2541995477443817, 'log_learning_rate_D': -3.7411500962150415, 'log_learning_rate_D_dagger': -1.7106414217122559, 'training_batch_size': 8, 'training_p': 3, 'p_order_W': 3, 'p_order_D': 4, 'p_order_D_dagger': 5} because of the following error: The value nan is not acceptable.
[W 2024-03-12 14:44:02,539] Trial 67 failed with value tensor(nan, grad_fn=<ToCopyBackward0>).
Time for this trial:  37.66179299354553
Memory status after this trial: 
Memory allocated:  4.2509765625
Memory cached:  6.0
--------------------  Trial  68   --------------------
Start timing: 
Parameters: 
{'log_learning_rate': -3.5186081533132114, 'log_learning_rate_D': -3.829115481868729, 'log_learning_rate_D_dagger': -1.7312436254849468, 'training_batch_size': 8, 'training_p': 3, 'p_order_W': 3, 'p_order_D': 4, 'p_order_D_dagger': 5}

	 epoch  0 training error:  tensor(2035241.2500, grad_fn=<ToCopyBackward0>)
Memory status after this epoch: 
Memory allocated:  1.95947265625
Memory cached:  6.0
	 epoch  10 training error:  tensor(180593.1719, grad_fn=<ToCopyBackward0>)
Memory status after this epoch: 
Memory allocated:  1.95947265625
Memory cached:  6.0
	 epoch  20 training error:  tensor(11572.9707, grad_fn=<ToCopyBackward0>)
Memory status after this epoch: 
Memory allocated:  1.95947265625
Memory cached:  6.0
	 epoch  30 training error:  tensor(4669.4268, grad_fn=<ToCopyBackward0>)
Memory status after this epoch: 
Memory allocated:  1.95947265625
Memory cached:  6.0
	 epoch  40 training error:  tensor(5540.6245, grad_fn=<ToCopyBackward0>)
Memory status after this epoch: 
Memory allocated:  1.95947265625
Memory cached:  6.0
	 epoch  50 training error:  tensor(3980.6223, grad_fn=<ToCopyBackward0>)
Memory status after this epoch: 
Memory allocated:  1.95947265625
Memory cached:  6.0
	 epoch  60 training error:  tensor(3607.6348, grad_fn=<ToCopyBackward0>)
Memory status after this epoch: 
Memory allocated:  1.95947265625
Memory cached:  6.0
	 epoch  70 training error:  tensor(3095.1450, grad_fn=<ToCopyBackward0>)
Memory status after this epoch: 
Memory allocated:  1.95947265625
Memory cached:  6.0
	 epoch  80 training error:  tensor(6552.9800, grad_fn=<ToCopyBackward0>)
Memory status after this epoch: 
Memory allocated:  1.95947265625
Memory cached:  6.0
	 epoch  90 training error:  tensor(2277.3103, grad_fn=<ToCopyBackward0>)
Memory status after this epoch: 
Memory allocated:  1.95947265625
Memory cached:  6.0
[I 2024-03-12 14:47:39,131] Trial 68 finished with value: 3695.76025390625 and parameters: {'log_learning_rate': -3.5186081533132114, 'log_learning_rate_D': -3.829115481868729, 'log_learning_rate_D_dagger': -1.7312436254849468, 'training_batch_size': 8, 'training_p': 3, 'p_order_W': 3, 'p_order_D': 4, 'p_order_D_dagger': 5}. Best is trial 63 with value: 0.36037781834602356.
Time for this trial:  216.33296012878418
Memory status after this trial: 
Memory allocated:  4.2509765625
Memory cached:  6.0
--------------------  Trial  69   --------------------
Start timing: 
Parameters: 
{'log_learning_rate': -2.563880261154812, 'log_learning_rate_D': -3.748270103665082, 'log_learning_rate_D_dagger': -1.2818013003273963, 'training_batch_size': 6, 'training_p': 5, 'p_order_W': 2, 'p_order_D': 3, 'p_order_D_dagger': 4}

	 epoch  0 training error:  tensor(1292.5394, grad_fn=<ToCopyBackward0>)
Memory status after this epoch: 
Memory allocated:  1.69287109375
Memory cached:  6.0
	 epoch  10 training error:  tensor(7.2288, grad_fn=<ToCopyBackward0>)
Memory status after this epoch: 
Memory allocated:  1.69287109375
Memory cached:  6.0
	 epoch  20 training error:  tensor(1.1212, grad_fn=<ToCopyBackward0>)
Memory status after this epoch: 
Memory allocated:  1.69287109375
Memory cached:  6.0
	 epoch  30 training error:  tensor(0.7857, grad_fn=<ToCopyBackward0>)
Memory status after this epoch: 
Memory allocated:  1.69287109375
Memory cached:  6.0
	 epoch  40 training error:  tensor(0.7390, grad_fn=<ToCopyBackward0>)
Memory status after this epoch: 
Memory allocated:  1.69287109375
Memory cached:  6.0
	 epoch  50 training error:  tensor(0.6497, grad_fn=<ToCopyBackward0>)
Memory status after this epoch: 
Memory allocated:  1.69287109375
Memory cached:  6.0
	 epoch  60 training error:  tensor(0.5925, grad_fn=<ToCopyBackward0>)
Memory status after this epoch: 
Memory allocated:  1.69287109375
Memory cached:  6.0
	 epoch  70 training error:  tensor(0.6033, grad_fn=<ToCopyBackward0>)
Memory status after this epoch: 
Memory allocated:  1.69287109375
Memory cached:  6.0
	 epoch  80 training error:  tensor(0.5017, grad_fn=<ToCopyBackward0>)
Memory status after this epoch: 
Memory allocated:  1.69287109375
Memory cached:  6.0
	 epoch  90 training error:  tensor(0.4943, grad_fn=<ToCopyBackward0>)
Memory status after this epoch: 
Memory allocated:  1.69287109375
Memory cached:  6.0
[I 2024-03-12 14:54:59,471] Trial 69 finished with value: 0.4393816888332367 and parameters: {'log_learning_rate': -2.563880261154812, 'log_learning_rate_D': -3.748270103665082, 'log_learning_rate_D_dagger': -1.2818013003273963, 'training_batch_size': 6, 'training_p': 5, 'p_order_W': 2, 'p_order_D': 3, 'p_order_D_dagger': 4}. Best is trial 63 with value: 0.36037781834602356.
Time for this trial:  440.06965732574463
Memory status after this trial: 
Memory allocated:  3.3203125
Memory cached:  6.0
--------------------  Trial  70   --------------------
Start timing: 
Parameters: 
{'log_learning_rate': -2.8147069201286694, 'log_learning_rate_D': -4.070107980191897, 'log_learning_rate_D_dagger': -1.515966221311437, 'training_batch_size': 6, 'training_p': 6, 'p_order_W': 2, 'p_order_D': 3, 'p_order_D_dagger': 4}

	 epoch  0 training error:  tensor(3914.7168, grad_fn=<ToCopyBackward0>)
Memory status after this epoch: 
Memory allocated:  1.69287109375
Memory cached:  6.0
	 epoch  10 training error:  tensor(16.7465, grad_fn=<ToCopyBackward0>)
Memory status after this epoch: 
Memory allocated:  1.69287109375
Memory cached:  6.0
	 epoch  20 training error:  tensor(3.0438, grad_fn=<ToCopyBackward0>)
Memory status after this epoch: 
Memory allocated:  1.69287109375
Memory cached:  6.0
	 epoch  30 training error:  tensor(2.4283, grad_fn=<ToCopyBackward0>)
Memory status after this epoch: 
Memory allocated:  1.69287109375
Memory cached:  6.0
	 epoch  40 training error:  tensor(1.9622, grad_fn=<ToCopyBackward0>)
Memory status after this epoch: 
Memory allocated:  1.69287109375
Memory cached:  6.0
	 epoch  50 training error:  tensor(1.5173, grad_fn=<ToCopyBackward0>)
Memory status after this epoch: 
Memory allocated:  1.69287109375
Memory cached:  6.0
	 epoch  60 training error:  tensor(1.1571, grad_fn=<ToCopyBackward0>)
Memory status after this epoch: 
Memory allocated:  1.69287109375
Memory cached:  6.0
	 epoch  70 training error:  tensor(0.8839, grad_fn=<ToCopyBackward0>)
Memory status after this epoch: 
Memory allocated:  1.69287109375
Memory cached:  6.0
	 epoch  80 training error:  tensor(0.7204, grad_fn=<ToCopyBackward0>)
Memory status after this epoch: 
Memory allocated:  1.69287109375
Memory cached:  6.0
	 epoch  90 training error:  tensor(0.6699, grad_fn=<ToCopyBackward0>)
Memory status after this epoch: 
Memory allocated:  1.69287109375
Memory cached:  6.0
[I 2024-03-12 15:02:19,760] Trial 70 finished with value: 0.4326835572719574 and parameters: {'log_learning_rate': -2.8147069201286694, 'log_learning_rate_D': -4.070107980191897, 'log_learning_rate_D_dagger': -1.515966221311437, 'training_batch_size': 6, 'training_p': 6, 'p_order_W': 2, 'p_order_D': 3, 'p_order_D_dagger': 4}. Best is trial 63 with value: 0.36037781834602356.
Time for this trial:  440.02499747276306
Memory status after this trial: 
Memory allocated:  3.3203125
Memory cached:  6.0
--------------------  Trial  71   --------------------
Start timing: 
Parameters: 
{'log_learning_rate': -2.534922117777683, 'log_learning_rate_D': -3.531492025896563, 'log_learning_rate_D_dagger': -1.21433462082052, 'training_batch_size': 7, 'training_p': 5, 'p_order_W': 2, 'p_order_D': 4, 'p_order_D_dagger': 4}

	 epoch  0 training error:  tensor(22504.2812, grad_fn=<ToCopyBackward0>)
Memory status after this epoch: 
Memory allocated:  1.69091796875
Memory cached:  6.0
	 epoch  10 training error:  tensor(913.6657, grad_fn=<ToCopyBackward0>)
Memory status after this epoch: 
Memory allocated:  1.69091796875
Memory cached:  6.0
	 epoch  20 training error:  tensor(45.0601, grad_fn=<ToCopyBackward0>)
Memory status after this epoch: 
Memory allocated:  1.69091796875
Memory cached:  6.0
	 epoch  30 training error:  tensor(5.2038, grad_fn=<ToCopyBackward0>)
Memory status after this epoch: 
Memory allocated:  1.69091796875
Memory cached:  6.0
	 epoch  40 training error:  tensor(2.2270, grad_fn=<ToCopyBackward0>)
Memory status after this epoch: 
Memory allocated:  1.69091796875
Memory cached:  6.0
	 epoch  50 training error:  tensor(1.8571, grad_fn=<ToCopyBackward0>)
Memory status after this epoch: 
Memory allocated:  1.69091796875
Memory cached:  6.0
	 epoch  60 training error:  tensor(1.5735, grad_fn=<ToCopyBackward0>)
Memory status after this epoch: 
Memory allocated:  1.69091796875
Memory cached:  6.0
	 epoch  70 training error:  tensor(1.2928, grad_fn=<ToCopyBackward0>)
Memory status after this epoch: 
Memory allocated:  1.69091796875
Memory cached:  6.0
	 epoch  80 training error:  tensor(1.0246, grad_fn=<ToCopyBackward0>)
Memory status after this epoch: 
Memory allocated:  1.69091796875
Memory cached:  6.0
	 epoch  90 training error:  tensor(0.7874, grad_fn=<ToCopyBackward0>)
Memory status after this epoch: 
Memory allocated:  1.69091796875
Memory cached:  6.0
[I 2024-03-12 15:06:51,755] Trial 71 finished with value: 0.5156042575836182 and parameters: {'log_learning_rate': -2.534922117777683, 'log_learning_rate_D': -3.531492025896563, 'log_learning_rate_D_dagger': -1.21433462082052, 'training_batch_size': 7, 'training_p': 5, 'p_order_W': 2, 'p_order_D': 4, 'p_order_D_dagger': 4}. Best is trial 63 with value: 0.36037781834602356.
Time for this trial:  271.74625635147095
Memory status after this trial: 
Memory allocated:  3.318359375
Memory cached:  6.0
--------------------  Trial  72   --------------------
Start timing: 
Parameters: 
{'log_learning_rate': -2.2871045093036044, 'log_learning_rate_D': -3.2828443277829003, 'log_learning_rate_D_dagger': -1.8972105574191107, 'training_batch_size': 6, 'training_p': 4, 'p_order_W': 2, 'p_order_D': 3, 'p_order_D_dagger': 4}

	 epoch  0 training error:  tensor(37410.5977, grad_fn=<ToCopyBackward0>)
Memory status after this epoch: 
Memory allocated:  1.69287109375
Memory cached:  6.0
	 epoch  10 training error:  tensor(355.7213, grad_fn=<ToCopyBackward0>)
Memory status after this epoch: 
Memory allocated:  1.69287109375
Memory cached:  6.0
	 epoch  20 training error:  tensor(46.9982, grad_fn=<ToCopyBackward0>)
Memory status after this epoch: 
Memory allocated:  1.69287109375
Memory cached:  6.0
	 epoch  30 training error:  tensor(32.8203, grad_fn=<ToCopyBackward0>)
Memory status after this epoch: 
Memory allocated:  1.69287109375
Memory cached:  6.0
	 epoch  40 training error:  tensor(12.0394, grad_fn=<ToCopyBackward0>)
Memory status after this epoch: 
Memory allocated:  1.69287109375
Memory cached:  6.0
	 epoch  50 training error:  tensor(84.2301, grad_fn=<ToCopyBackward0>)
Memory status after this epoch: 
Memory allocated:  1.69287109375
Memory cached:  6.0
	 epoch  60 training error:  tensor(61.0467, grad_fn=<ToCopyBackward0>)
Memory status after this epoch: 
Memory allocated:  1.69287109375
Memory cached:  6.0
	 epoch  70 training error:  tensor(14.8831, grad_fn=<ToCopyBackward0>)
Memory status after this epoch: 
Memory allocated:  1.69287109375
Memory cached:  6.0
	 epoch  80 training error:  tensor(29.8478, grad_fn=<ToCopyBackward0>)
Memory status after this epoch: 
Memory allocated:  1.69287109375
Memory cached:  6.0
	 epoch  90 training error:  tensor(32.2288, grad_fn=<ToCopyBackward0>)
Memory status after this epoch: 
Memory allocated:  1.69287109375
Memory cached:  6.0
[I 2024-03-12 15:14:11,481] Trial 72 finished with value: 4.995856761932373 and parameters: {'log_learning_rate': -2.2871045093036044, 'log_learning_rate_D': -3.2828443277829003, 'log_learning_rate_D_dagger': -1.8972105574191107, 'training_batch_size': 6, 'training_p': 4, 'p_order_W': 2, 'p_order_D': 3, 'p_order_D_dagger': 4}. Best is trial 63 with value: 0.36037781834602356.
Time for this trial:  439.46144795417786
Memory status after this trial: 
Memory allocated:  3.3203125
Memory cached:  6.0
--------------------  Trial  73   --------------------
Start timing: 
Parameters: 
{'log_learning_rate': -2.96179120284203, 'log_learning_rate_D': -2.418981074975957, 'log_learning_rate_D_dagger': -1.5709647027605154, 'training_batch_size': 7, 'training_p': 6, 'p_order_W': 2, 'p_order_D': 2, 'p_order_D_dagger': 4}

	 epoch  0 training error:  tensor(3263.6118, grad_fn=<ToCopyBackward0>)
Memory status after this epoch: 
Memory allocated:  1.69091796875
Memory cached:  6.0
	 epoch  10 training error:  tensor(120.0474, grad_fn=<ToCopyBackward0>)
Memory status after this epoch: 
Memory allocated:  1.69091796875
Memory cached:  6.0
	 epoch  20 training error:  tensor(3.3091, grad_fn=<ToCopyBackward0>)
Memory status after this epoch: 
Memory allocated:  1.69091796875
Memory cached:  6.0
	 epoch  30 training error:  tensor(1.8942, grad_fn=<ToCopyBackward0>)
Memory status after this epoch: 
Memory allocated:  1.69091796875
Memory cached:  6.0
	 epoch  40 training error:  tensor(1.3452, grad_fn=<ToCopyBackward0>)
Memory status after this epoch: 
Memory allocated:  1.69091796875
Memory cached:  6.0
	 epoch  50 training error:  tensor(0.7963, grad_fn=<ToCopyBackward0>)
Memory status after this epoch: 
Memory allocated:  1.69091796875
Memory cached:  6.0
	 epoch  60 training error:  tensor(0.6795, grad_fn=<ToCopyBackward0>)
Memory status after this epoch: 
Memory allocated:  1.69091796875
Memory cached:  6.0
	 epoch  70 training error:  tensor(1.0838, grad_fn=<ToCopyBackward0>)
Memory status after this epoch: 
Memory allocated:  1.69091796875
Memory cached:  6.0
	 epoch  80 training error:  tensor(1.1438, grad_fn=<ToCopyBackward0>)
Memory status after this epoch: 
Memory allocated:  1.69091796875
Memory cached:  6.0
	 epoch  90 training error:  tensor(1.2059, grad_fn=<ToCopyBackward0>)
Memory status after this epoch: 
Memory allocated:  1.69091796875
Memory cached:  6.0
[I 2024-03-12 15:18:43,466] Trial 73 finished with value: 0.4580211639404297 and parameters: {'log_learning_rate': -2.96179120284203, 'log_learning_rate_D': -2.418981074975957, 'log_learning_rate_D_dagger': -1.5709647027605154, 'training_batch_size': 7, 'training_p': 6, 'p_order_W': 2, 'p_order_D': 2, 'p_order_D_dagger': 4}. Best is trial 63 with value: 0.36037781834602356.
Time for this trial:  271.73650217056274
Memory status after this trial: 
Memory allocated:  3.318359375
Memory cached:  6.0
--------------------  Trial  74   --------------------
Start timing: 
Parameters: 
{'log_learning_rate': -2.6325304724585923, 'log_learning_rate_D': -3.001283569914257, 'log_learning_rate_D_dagger': -1.421532652873012, 'training_batch_size': 6, 'training_p': 5, 'p_order_W': 3, 'p_order_D': 4, 'p_order_D_dagger': 3}

	 epoch  0 training error:  tensor(114.1204, grad_fn=<ToCopyBackward0>)
Memory status after this epoch: 
Memory allocated:  2.05908203125
Memory cached:  6.0
	 epoch  10 training error:  tensor(0.7704, grad_fn=<ToCopyBackward0>)
Memory status after this epoch: 
Memory allocated:  2.05908203125
Memory cached:  6.0
	 epoch  20 training error:  tensor(0.5182, grad_fn=<ToCopyBackward0>)
Memory status after this epoch: 
Memory allocated:  2.05908203125
Memory cached:  6.0
	 epoch  30 training error:  tensor(0.5047, grad_fn=<ToCopyBackward0>)
Memory status after this epoch: 
Memory allocated:  2.05908203125
Memory cached:  6.0
	 epoch  40 training error:  tensor(0.4989, grad_fn=<ToCopyBackward0>)
Memory status after this epoch: 
Memory allocated:  2.05908203125
Memory cached:  6.0
	 epoch  50 training error:  tensor(0.4924, grad_fn=<ToCopyBackward0>)
Memory status after this epoch: 
Memory allocated:  2.05908203125
Memory cached:  6.0
	 epoch  60 training error:  tensor(0.4882, grad_fn=<ToCopyBackward0>)
Memory status after this epoch: 
Memory allocated:  2.05908203125
Memory cached:  6.0
	 epoch  70 training error:  tensor(0.4836, grad_fn=<ToCopyBackward0>)
Memory status after this epoch: 
Memory allocated:  2.05908203125
Memory cached:  6.0
	 epoch  80 training error:  tensor(0.4806, grad_fn=<ToCopyBackward0>)
Memory status after this epoch: 
Memory allocated:  2.05908203125
Memory cached:  6.0
	 epoch  90 training error:  tensor(0.4786, grad_fn=<ToCopyBackward0>)
Memory status after this epoch: 
Memory allocated:  2.05908203125
Memory cached:  6.0
