[I 2024-01-25 04:02:23,175] Trial 318 finished with value: 0.08268202841281891 and parameters: {'W_layers': 7, 'W_layer_units_exponent_0': 4, 'W_layer_units_exponent_1': 4, 'W_layer_units_exponent_2': 7, 'W_layer_units_exponent_3': 6, 'W_layer_units_exponent_4': 9, 'W_layer_units_exponent_5': 4, 'W_layer_units_exponent_6': 10, 'D_layers': 7, 'D_layer_units_exponent_0': 8, 'D_layer_units_exponent_1': 6, 'D_layer_units_exponent_2': 4, 'D_layer_units_exponent_3': 10, 'D_layer_units_exponent_4': 10, 'D_layer_units_exponent_5': 6, 'D_layer_units_exponent_6': 7, 'D_dagger_layers': 8, 'D_dagger_layer_units_exponent_0': 9, 'D_dagger_layer_units_exponent_1': 10, 'D_dagger_layer_units_exponent_2': 5, 'D_dagger_layer_units_exponent_3': 9, 'D_dagger_layer_units_exponent_4': 8, 'D_dagger_layer_units_exponent_5': 9, 'D_dagger_layer_units_exponent_6': 4, 'D_dagger_layer_units_exponent_7': 4, 'log_learning_rate': -2.712912945597662, 'log_learning_rate_D': -3.8738717509341676, 'log_learning_rate_D_dagger': -3.8968919486193214, 'training_batch_size': 6, 'training_p': 5}. Best is trial 293 with value: 0.07296773046255112.
Time for this trial:  693.743711233139
Memory status after this trial: 
Memory allocated:  1527.37890625
Memory cached:  1556.0
--------------------  Trial  319   --------------------
Start timing: 
Parameters: 
{'W_layers': 7, 'W_layer_units_exponent_0': 4, 'W_layer_units_exponent_1': 4, 'W_layer_units_exponent_2': 7, 'W_layer_units_exponent_3': 6, 'W_layer_units_exponent_4': 8, 'W_layer_units_exponent_5': 4, 'W_layer_units_exponent_6': 10, 'D_layers': 7, 'D_layer_units_exponent_0': 8, 'D_layer_units_exponent_1': 6, 'D_layer_units_exponent_2': 4, 'D_layer_units_exponent_3': 10, 'D_layer_units_exponent_4': 10, 'D_layer_units_exponent_5': 6, 'D_layer_units_exponent_6': 7, 'D_dagger_layers': 8, 'D_dagger_layer_units_exponent_0': 9, 'D_dagger_layer_units_exponent_1': 10, 'D_dagger_layer_units_exponent_2': 5, 'D_dagger_layer_units_exponent_3': 9, 'D_dagger_layer_units_exponent_4': 8, 'D_dagger_layer_units_exponent_5': 9, 'D_dagger_layer_units_exponent_6': 4, 'D_dagger_layer_units_exponent_7': 4, 'log_learning_rate': -2.8159548236576453, 'log_learning_rate_D': -3.8988376558577977, 'log_learning_rate_D_dagger': -3.822951835710721, 'training_batch_size': 6, 'training_p': 5}
	 epoch  0 training error:  tensor(0.8862, device='cuda:0', grad_fn=<DivBackward0>)
Memory status after this epoch: 
Memory allocated:  790.67431640625
Memory cached:  1224.0
	 epoch  10 training error:  tensor(0.3835, device='cuda:0', grad_fn=<DivBackward0>)
Memory status after this epoch: 
Memory allocated:  790.67431640625
Memory cached:  1244.0
	 epoch  20 training error:  tensor(0.3373, device='cuda:0', grad_fn=<DivBackward0>)
Memory status after this epoch: 
Memory allocated:  790.67431640625
Memory cached:  1242.0
	 epoch  30 training error:  tensor(0.3095, device='cuda:0', grad_fn=<DivBackward0>)
Memory status after this epoch: 
Memory allocated:  790.67431640625
Memory cached:  1240.0
	 epoch  40 training error:  tensor(0.3401, device='cuda:0', grad_fn=<DivBackward0>)
Memory status after this epoch: 
Memory allocated:  790.67431640625
Memory cached:  1240.0
	 epoch  50 training error:  tensor(0.2978, device='cuda:0', grad_fn=<DivBackward0>)
Memory status after this epoch: 
Memory allocated:  790.67431640625
Memory cached:  1244.0
	 epoch  60 training error:  tensor(0.3006, device='cuda:0', grad_fn=<DivBackward0>)
Memory status after this epoch: 
Memory allocated:  790.67431640625
Memory cached:  1240.0
	 epoch  70 training error:  tensor(0.3225, device='cuda:0', grad_fn=<DivBackward0>)
Memory status after this epoch: 
Memory allocated:  790.67431640625
Memory cached:  1240.0
	 epoch  80 training error:  tensor(0.2983, device='cuda:0', grad_fn=<DivBackward0>)
Memory status after this epoch: 
Memory allocated:  790.67431640625
Memory cached:  1234.0
	 epoch  90 training error:  tensor(0.2946, device='cuda:0', grad_fn=<DivBackward0>)
Memory status after this epoch: 
Memory allocated:  790.67431640625
Memory cached:  1244.0
[I 2024-01-25 04:13:57,675] Trial 319 finished with value: 0.18214692175388336 and parameters: {'W_layers': 7, 'W_layer_units_exponent_0': 4, 'W_layer_units_exponent_1': 4, 'W_layer_units_exponent_2': 7, 'W_layer_units_exponent_3': 6, 'W_layer_units_exponent_4': 8, 'W_layer_units_exponent_5': 4, 'W_layer_units_exponent_6': 10, 'D_layers': 7, 'D_layer_units_exponent_0': 8, 'D_layer_units_exponent_1': 6, 'D_layer_units_exponent_2': 4, 'D_layer_units_exponent_3': 10, 'D_layer_units_exponent_4': 10, 'D_layer_units_exponent_5': 6, 'D_layer_units_exponent_6': 7, 'D_dagger_layers': 8, 'D_dagger_layer_units_exponent_0': 9, 'D_dagger_layer_units_exponent_1': 10, 'D_dagger_layer_units_exponent_2': 5, 'D_dagger_layer_units_exponent_3': 9, 'D_dagger_layer_units_exponent_4': 8, 'D_dagger_layer_units_exponent_5': 9, 'D_dagger_layer_units_exponent_6': 4, 'D_dagger_layer_units_exponent_7': 4, 'log_learning_rate': -2.8159548236576453, 'log_learning_rate_D': -3.8988376558577977, 'log_learning_rate_D_dagger': -3.822951835710721, 'training_batch_size': 6, 'training_p': 5}. Best is trial 293 with value: 0.07296773046255112.
Time for this trial:  693.7401852607727
Memory status after this trial: 
Memory allocated:  1499.876953125
Memory cached:  1530.0
--------------------  Trial  320   --------------------
Start timing: 
Parameters: 
{'W_layers': 7, 'W_layer_units_exponent_0': 4, 'W_layer_units_exponent_1': 4, 'W_layer_units_exponent_2': 7, 'W_layer_units_exponent_3': 6, 'W_layer_units_exponent_4': 8, 'W_layer_units_exponent_5': 4, 'W_layer_units_exponent_6': 10, 'D_layers': 7, 'D_layer_units_exponent_0': 8, 'D_layer_units_exponent_1': 6, 'D_layer_units_exponent_2': 4, 'D_layer_units_exponent_3': 10, 'D_layer_units_exponent_4': 10, 'D_layer_units_exponent_5': 6, 'D_layer_units_exponent_6': 7, 'D_dagger_layers': 8, 'D_dagger_layer_units_exponent_0': 9, 'D_dagger_layer_units_exponent_1': 10, 'D_dagger_layer_units_exponent_2': 5, 'D_dagger_layer_units_exponent_3': 9, 'D_dagger_layer_units_exponent_4': 8, 'D_dagger_layer_units_exponent_5': 9, 'D_dagger_layer_units_exponent_6': 4, 'D_dagger_layer_units_exponent_7': 4, 'log_learning_rate': -2.777729166297063, 'log_learning_rate_D': -3.871644633478376, 'log_learning_rate_D_dagger': -3.9238091805266966, 'training_batch_size': 6, 'training_p': 5}
	 epoch  0 training error:  tensor(0.9230, device='cuda:0', grad_fn=<DivBackward0>)
Memory status after this epoch: 
Memory allocated:  790.67431640625
Memory cached:  1224.0
	 epoch  10 training error:  tensor(0.4018, device='cuda:0', grad_fn=<DivBackward0>)
Memory status after this epoch: 
Memory allocated:  790.67431640625
Memory cached:  1240.0
	 epoch  20 training error:  tensor(0.3325, device='cuda:0', grad_fn=<DivBackward0>)
Memory status after this epoch: 
Memory allocated:  790.67431640625
Memory cached:  1242.0
	 epoch  30 training error:  tensor(0.3066, device='cuda:0', grad_fn=<DivBackward0>)
Memory status after this epoch: 
Memory allocated:  790.67431640625
Memory cached:  1246.0
	 epoch  40 training error:  tensor(0.3016, device='cuda:0', grad_fn=<DivBackward0>)
Memory status after this epoch: 
Memory allocated:  790.67431640625
Memory cached:  1240.0
	 epoch  50 training error:  tensor(0.3004, device='cuda:0', grad_fn=<DivBackward0>)
Memory status after this epoch: 
Memory allocated:  790.67431640625
Memory cached:  1250.0
	 epoch  60 training error:  tensor(0.2969, device='cuda:0', grad_fn=<DivBackward0>)
Memory status after this epoch: 
Memory allocated:  790.67431640625
Memory cached:  1240.0
	 epoch  70 training error:  tensor(0.2918, device='cuda:0', grad_fn=<DivBackward0>)
Memory status after this epoch: 
Memory allocated:  790.67431640625
Memory cached:  1252.0
	 epoch  80 training error:  tensor(0.2922, device='cuda:0', grad_fn=<DivBackward0>)
Memory status after this epoch: 
Memory allocated:  790.67431640625
Memory cached:  1244.0
	 epoch  90 training error:  tensor(0.2927, device='cuda:0', grad_fn=<DivBackward0>)
Memory status after this epoch: 
Memory allocated:  790.67431640625
Memory cached:  1244.0
[I 2024-01-25 04:25:31,544] Trial 320 finished with value: 0.1517418473958969 and parameters: {'W_layers': 7, 'W_layer_units_exponent_0': 4, 'W_layer_units_exponent_1': 4, 'W_layer_units_exponent_2': 7, 'W_layer_units_exponent_3': 6, 'W_layer_units_exponent_4': 8, 'W_layer_units_exponent_5': 4, 'W_layer_units_exponent_6': 10, 'D_layers': 7, 'D_layer_units_exponent_0': 8, 'D_layer_units_exponent_1': 6, 'D_layer_units_exponent_2': 4, 'D_layer_units_exponent_3': 10, 'D_layer_units_exponent_4': 10, 'D_layer_units_exponent_5': 6, 'D_layer_units_exponent_6': 7, 'D_dagger_layers': 8, 'D_dagger_layer_units_exponent_0': 9, 'D_dagger_layer_units_exponent_1': 10, 'D_dagger_layer_units_exponent_2': 5, 'D_dagger_layer_units_exponent_3': 9, 'D_dagger_layer_units_exponent_4': 8, 'D_dagger_layer_units_exponent_5': 9, 'D_dagger_layer_units_exponent_6': 4, 'D_dagger_layer_units_exponent_7': 4, 'log_learning_rate': -2.777729166297063, 'log_learning_rate_D': -3.871644633478376, 'log_learning_rate_D_dagger': -3.9238091805266966, 'training_batch_size': 6, 'training_p': 5}. Best is trial 293 with value: 0.07296773046255112.
Time for this trial:  693.1837985515594
Memory status after this trial: 
Memory allocated:  1499.876953125
Memory cached:  1530.0
--------------------  Trial  321   --------------------
Start timing: 
Parameters: 
{'W_layers': 7, 'W_layer_units_exponent_0': 4, 'W_layer_units_exponent_1': 4, 'W_layer_units_exponent_2': 7, 'W_layer_units_exponent_3': 6, 'W_layer_units_exponent_4': 8, 'W_layer_units_exponent_5': 4, 'W_layer_units_exponent_6': 10, 'D_layers': 7, 'D_layer_units_exponent_0': 8, 'D_layer_units_exponent_1': 6, 'D_layer_units_exponent_2': 4, 'D_layer_units_exponent_3': 10, 'D_layer_units_exponent_4': 10, 'D_layer_units_exponent_5': 6, 'D_layer_units_exponent_6': 7, 'D_dagger_layers': 8, 'D_dagger_layer_units_exponent_0': 9, 'D_dagger_layer_units_exponent_1': 10, 'D_dagger_layer_units_exponent_2': 5, 'D_dagger_layer_units_exponent_3': 9, 'D_dagger_layer_units_exponent_4': 8, 'D_dagger_layer_units_exponent_5': 9, 'D_dagger_layer_units_exponent_6': 4, 'D_dagger_layer_units_exponent_7': 4, 'log_learning_rate': -2.7142670300536116, 'log_learning_rate_D': -3.9283023209901105, 'log_learning_rate_D_dagger': -3.7835653400380282, 'training_batch_size': 6, 'training_p': 5}
	 epoch  0 training error:  tensor(0.8656, device='cuda:0', grad_fn=<DivBackward0>)
Memory status after this epoch: 
Memory allocated:  790.67431640625
Memory cached:  1230.0
	 epoch  10 training error:  tensor(0.3792, device='cuda:0', grad_fn=<DivBackward0>)
Memory status after this epoch: 
Memory allocated:  790.67431640625
Memory cached:  1244.0
	 epoch  20 training error:  tensor(0.3375, device='cuda:0', grad_fn=<DivBackward0>)
Memory status after this epoch: 
Memory allocated:  790.67431640625
Memory cached:  1248.0
	 epoch  30 training error:  tensor(0.3094, device='cuda:0', grad_fn=<DivBackward0>)
Memory status after this epoch: 
Memory allocated:  790.67431640625
Memory cached:  1236.0
	 epoch  40 training error:  tensor(0.3112, device='cuda:0', grad_fn=<DivBackward0>)
Memory status after this epoch: 
Memory allocated:  790.67431640625
Memory cached:  1242.0
	 epoch  50 training error:  tensor(0.3056, device='cuda:0', grad_fn=<DivBackward0>)
Memory status after this epoch: 
Memory allocated:  790.67431640625
Memory cached:  1248.0
	 epoch  60 training error:  tensor(0.3000, device='cuda:0', grad_fn=<DivBackward0>)
Memory status after this epoch: 
Memory allocated:  790.67431640625
Memory cached:  1244.0
	 epoch  70 training error:  tensor(0.3066, device='cuda:0', grad_fn=<DivBackward0>)
Memory status after this epoch: 
Memory allocated:  790.67431640625
Memory cached:  1242.0
	 epoch  80 training error:  tensor(0.3042, device='cuda:0', grad_fn=<DivBackward0>)
Memory status after this epoch: 
Memory allocated:  790.67431640625
Memory cached:  1242.0
	 epoch  90 training error:  tensor(0.2969, device='cuda:0', grad_fn=<DivBackward0>)
Memory status after this epoch: 
Memory allocated:  790.67431640625
Memory cached:  1242.0
[I 2024-01-25 04:37:05,846] Trial 321 finished with value: 0.15491965413093567 and parameters: {'W_layers': 7, 'W_layer_units_exponent_0': 4, 'W_layer_units_exponent_1': 4, 'W_layer_units_exponent_2': 7, 'W_layer_units_exponent_3': 6, 'W_layer_units_exponent_4': 8, 'W_layer_units_exponent_5': 4, 'W_layer_units_exponent_6': 10, 'D_layers': 7, 'D_layer_units_exponent_0': 8, 'D_layer_units_exponent_1': 6, 'D_layer_units_exponent_2': 4, 'D_layer_units_exponent_3': 10, 'D_layer_units_exponent_4': 10, 'D_layer_units_exponent_5': 6, 'D_layer_units_exponent_6': 7, 'D_dagger_layers': 8, 'D_dagger_layer_units_exponent_0': 9, 'D_dagger_layer_units_exponent_1': 10, 'D_dagger_layer_units_exponent_2': 5, 'D_dagger_layer_units_exponent_3': 9, 'D_dagger_layer_units_exponent_4': 8, 'D_dagger_layer_units_exponent_5': 9, 'D_dagger_layer_units_exponent_6': 4, 'D_dagger_layer_units_exponent_7': 4, 'log_learning_rate': -2.7142670300536116, 'log_learning_rate_D': -3.9283023209901105, 'log_learning_rate_D_dagger': -3.7835653400380282, 'training_batch_size': 6, 'training_p': 5}. Best is trial 293 with value: 0.07296773046255112.
Time for this trial:  693.6210839748383
Memory status after this trial: 
Memory allocated:  1499.876953125
Memory cached:  1530.0
--------------------  Trial  322   --------------------
Start timing: 
Parameters: 
{'W_layers': 8, 'W_layer_units_exponent_0': 4, 'W_layer_units_exponent_1': 4, 'W_layer_units_exponent_2': 7, 'W_layer_units_exponent_3': 6, 'W_layer_units_exponent_4': 9, 'W_layer_units_exponent_5': 4, 'W_layer_units_exponent_6': 10, 'W_layer_units_exponent_7': 9, 'D_layers': 7, 'D_layer_units_exponent_0': 8, 'D_layer_units_exponent_1': 6, 'D_layer_units_exponent_2': 4, 'D_layer_units_exponent_3': 10, 'D_layer_units_exponent_4': 10, 'D_layer_units_exponent_5': 6, 'D_layer_units_exponent_6': 7, 'D_dagger_layers': 8, 'D_dagger_layer_units_exponent_0': 9, 'D_dagger_layer_units_exponent_1': 10, 'D_dagger_layer_units_exponent_2': 5, 'D_dagger_layer_units_exponent_3': 9, 'D_dagger_layer_units_exponent_4': 8, 'D_dagger_layer_units_exponent_5': 9, 'D_dagger_layer_units_exponent_6': 4, 'D_dagger_layer_units_exponent_7': 4, 'log_learning_rate': -2.6978615471649214, 'log_learning_rate_D': -3.8321560154239167, 'log_learning_rate_D_dagger': -3.7149489375045945, 'training_batch_size': 7, 'training_p': 5}
	 epoch  0 training error:  tensor(0.9632, device='cuda:0', grad_fn=<DivBackward0>)
Memory status after this epoch: 
Memory allocated:  798.94091796875
Memory cached:  1256.0
	 epoch  10 training error:  tensor(0.4186, device='cuda:0', grad_fn=<DivBackward0>)
Memory status after this epoch: 
Memory allocated:  798.94091796875
Memory cached:  1310.0
	 epoch  20 training error:  tensor(0.3523, device='cuda:0', grad_fn=<DivBackward0>)
Memory status after this epoch: 
Memory allocated:  798.94091796875
Memory cached:  1316.0
	 epoch  30 training error:  tensor(0.3350, device='cuda:0', grad_fn=<DivBackward0>)
Memory status after this epoch: 
Memory allocated:  798.94091796875
Memory cached:  1318.0
	 epoch  40 training error:  tensor(0.3305, device='cuda:0', grad_fn=<DivBackward0>)
Memory status after this epoch: 
Memory allocated:  798.94091796875
Memory cached:  1310.0
	 epoch  50 training error:  tensor(0.3215, device='cuda:0', grad_fn=<DivBackward0>)
Memory status after this epoch: 
Memory allocated:  798.94091796875
Memory cached:  1300.0
	 epoch  60 training error:  tensor(0.3218, device='cuda:0', grad_fn=<DivBackward0>)
Memory status after this epoch: 
Memory allocated:  798.94091796875
Memory cached:  1294.0
	 epoch  70 training error:  tensor(0.3077, device='cuda:0', grad_fn=<DivBackward0>)
Memory status after this epoch: 
Memory allocated:  798.94091796875
Memory cached:  1302.0
	 epoch  80 training error:  tensor(0.3032, device='cuda:0', grad_fn=<DivBackward0>)
Memory status after this epoch: 
Memory allocated:  798.94091796875
Memory cached:  1308.0
	 epoch  90 training error:  tensor(0.3019, device='cuda:0', grad_fn=<DivBackward0>)
Memory status after this epoch: 
Memory allocated:  798.94091796875
Memory cached:  1308.0
[I 2024-01-25 04:46:08,396] Trial 322 finished with value: 0.16774491965770721 and parameters: {'W_layers': 8, 'W_layer_units_exponent_0': 4, 'W_layer_units_exponent_1': 4, 'W_layer_units_exponent_2': 7, 'W_layer_units_exponent_3': 6, 'W_layer_units_exponent_4': 9, 'W_layer_units_exponent_5': 4, 'W_layer_units_exponent_6': 10, 'W_layer_units_exponent_7': 9, 'D_layers': 7, 'D_layer_units_exponent_0': 8, 'D_layer_units_exponent_1': 6, 'D_layer_units_exponent_2': 4, 'D_layer_units_exponent_3': 10, 'D_layer_units_exponent_4': 10, 'D_layer_units_exponent_5': 6, 'D_layer_units_exponent_6': 7, 'D_dagger_layers': 8, 'D_dagger_layer_units_exponent_0': 9, 'D_dagger_layer_units_exponent_1': 10, 'D_dagger_layer_units_exponent_2': 5, 'D_dagger_layer_units_exponent_3': 9, 'D_dagger_layer_units_exponent_4': 8, 'D_dagger_layer_units_exponent_5': 9, 'D_dagger_layer_units_exponent_6': 4, 'D_dagger_layer_units_exponent_7': 4, 'log_learning_rate': -2.6978615471649214, 'log_learning_rate_D': -3.8321560154239167, 'log_learning_rate_D_dagger': -3.7149489375045945, 'training_batch_size': 7, 'training_p': 5}. Best is trial 293 with value: 0.07296773046255112.
Time for this trial:  541.8584921360016
Memory status after this trial: 
Memory allocated:  1593.8291015625
Memory cached:  1620.0
--------------------  Trial  323   --------------------
Start timing: 
Parameters: 
{'W_layers': 7, 'W_layer_units_exponent_0': 4, 'W_layer_units_exponent_1': 4, 'W_layer_units_exponent_2': 8, 'W_layer_units_exponent_3': 6, 'W_layer_units_exponent_4': 9, 'W_layer_units_exponent_5': 4, 'W_layer_units_exponent_6': 10, 'D_layers': 7, 'D_layer_units_exponent_0': 8, 'D_layer_units_exponent_1': 6, 'D_layer_units_exponent_2': 4, 'D_layer_units_exponent_3': 10, 'D_layer_units_exponent_4': 4, 'D_layer_units_exponent_5': 6, 'D_layer_units_exponent_6': 7, 'D_dagger_layers': 8, 'D_dagger_layer_units_exponent_0': 9, 'D_dagger_layer_units_exponent_1': 10, 'D_dagger_layer_units_exponent_2': 5, 'D_dagger_layer_units_exponent_3': 9, 'D_dagger_layer_units_exponent_4': 8, 'D_dagger_layer_units_exponent_5': 9, 'D_dagger_layer_units_exponent_6': 4, 'D_dagger_layer_units_exponent_7': 4, 'log_learning_rate': -2.9071718383294836, 'log_learning_rate_D': -3.956123878297895, 'log_learning_rate_D_dagger': -3.9356627996628086, 'training_batch_size': 6, 'training_p': 5}
	 epoch  0 training error:  tensor(0.8804, device='cuda:0', grad_fn=<DivBackward0>)
Memory status after this epoch: 
Memory allocated:  774.40087890625
Memory cached:  1282.0
	 epoch  10 training error:  tensor(0.3642, device='cuda:0', grad_fn=<DivBackward0>)
Memory status after this epoch: 
Memory allocated:  774.40087890625
Memory cached:  1368.0
	 epoch  20 training error:  tensor(0.3347, device='cuda:0', grad_fn=<DivBackward0>)
Memory status after this epoch: 
Memory allocated:  774.40087890625
Memory cached:  1356.0
	 epoch  30 training error:  tensor(0.3073, device='cuda:0', grad_fn=<DivBackward0>)
Memory status after this epoch: 
Memory allocated:  774.40087890625
Memory cached:  1364.0
	 epoch  40 training error:  tensor(0.3052, device='cuda:0', grad_fn=<DivBackward0>)
Memory status after this epoch: 
Memory allocated:  774.40087890625
Memory cached:  1370.0
	 epoch  50 training error:  tensor(0.2976, device='cuda:0', grad_fn=<DivBackward0>)
Memory status after this epoch: 
Memory allocated:  774.40087890625
Memory cached:  1354.0
	 epoch  60 training error:  tensor(0.2958, device='cuda:0', grad_fn=<DivBackward0>)
Memory status after this epoch: 
Memory allocated:  774.40087890625
Memory cached:  1364.0
	 epoch  70 training error:  tensor(0.3050, device='cuda:0', grad_fn=<DivBackward0>)
Memory status after this epoch: 
Memory allocated:  774.40087890625
Memory cached:  1370.0
	 epoch  80 training error:  tensor(0.2970, device='cuda:0', grad_fn=<DivBackward0>)
Memory status after this epoch: 
Memory allocated:  774.40087890625
Memory cached:  1368.0
	 epoch  90 training error:  tensor(0.2903, device='cuda:0', grad_fn=<DivBackward0>)
Memory status after this epoch: 
Memory allocated:  774.40087890625
Memory cached:  1360.0
