[I 2024-01-03 15:20:05,591] Trial 21 finished with value: 0.1281406432390213 and parameters: {'W_layers': 5, 'W_layer_units_exponent_0': 6, 'W_layer_units_exponent_1': 6, 'W_layer_units_exponent_2': 7, 'W_layer_units_exponent_3': 8, 'W_layer_units_exponent_4': 5, 'D_layers': 7, 'D_layer_units_exponent_0': 8, 'D_layer_units_exponent_1': 8, 'D_layer_units_exponent_2': 5, 'D_layer_units_exponent_3': 8, 'D_layer_units_exponent_4': 4, 'D_layer_units_exponent_5': 8, 'D_layer_units_exponent_6': 4, 'D_dagger_layers': 3, 'D_dagger_layer_units_exponent_0': 10, 'D_dagger_layer_units_exponent_1': 5, 'D_dagger_layer_units_exponent_2': 8, 'log_learning_rate': -1.0005634194965762, 'log_learning_rate_D': -4.411477235369615, 'log_learning_rate_D_dagger': -4.182684413639288, 'training_batch_size': 10, 'training_p': 5}. Best is trial 17 with value: 0.08524450659751892.
Time for this trial:  190.53738045692444
Memory status after this trial: 
Memory allocated:  391.5888671875
Memory cached:  482.0
--------------------  Trial  22   --------------------
Start timing: 
Parameters: 
{'W_layers': 6, 'W_layer_units_exponent_0': 4, 'W_layer_units_exponent_1': 5, 'W_layer_units_exponent_2': 9, 'W_layer_units_exponent_3': 9, 'W_layer_units_exponent_4': 5, 'W_layer_units_exponent_5': 4, 'D_layers': 6, 'D_layer_units_exponent_0': 7, 'D_layer_units_exponent_1': 7, 'D_layer_units_exponent_2': 7, 'D_layer_units_exponent_3': 9, 'D_layer_units_exponent_4': 7, 'D_layer_units_exponent_5': 10, 'D_dagger_layers': 5, 'D_dagger_layer_units_exponent_0': 6, 'D_dagger_layer_units_exponent_1': 7, 'D_dagger_layer_units_exponent_2': 9, 'D_dagger_layer_units_exponent_3': 8, 'D_dagger_layer_units_exponent_4': 8, 'log_learning_rate': -3.819285870946388, 'log_learning_rate_D': -4.955452719113854, 'log_learning_rate_D_dagger': -3.3026763242905384, 'training_batch_size': 11, 'training_p': 7}
	 epoch  0 training error:  tensor(0.9976, device='cuda:0', grad_fn=<DivBackward0>)
Memory status after this epoch: 
Memory allocated:  248.39013671875
Memory cached:  452.0
	 epoch  10 training error:  tensor(0.3054, device='cuda:0', grad_fn=<DivBackward0>)
Memory status after this epoch: 
Memory allocated:  248.39013671875
Memory cached:  502.0
	 epoch  20 training error:  tensor(0.1811, device='cuda:0', grad_fn=<DivBackward0>)
Memory status after this epoch: 
Memory allocated:  248.39013671875
Memory cached:  504.0
	 epoch  30 training error:  tensor(0.1688, device='cuda:0', grad_fn=<DivBackward0>)
Memory status after this epoch: 
Memory allocated:  248.39013671875
Memory cached:  502.0
	 epoch  40 training error:  tensor(0.1561, device='cuda:0', grad_fn=<DivBackward0>)
Memory status after this epoch: 
Memory allocated:  248.39013671875
Memory cached:  516.0
	 epoch  50 training error:  tensor(0.1484, device='cuda:0', grad_fn=<DivBackward0>)
Memory status after this epoch: 
Memory allocated:  248.39013671875
Memory cached:  506.0
	 epoch  60 training error:  tensor(0.1420, device='cuda:0', grad_fn=<DivBackward0>)
Memory status after this epoch: 
Memory allocated:  248.39013671875
Memory cached:  514.0
	 epoch  70 training error:  tensor(0.1343, device='cuda:0', grad_fn=<DivBackward0>)
Memory status after this epoch: 
Memory allocated:  248.39013671875
Memory cached:  514.0
	 epoch  80 training error:  tensor(0.1266, device='cuda:0', grad_fn=<DivBackward0>)
Memory status after this epoch: 
Memory allocated:  248.39013671875
Memory cached:  508.0
	 epoch  90 training error:  tensor(0.1223, device='cuda:0', grad_fn=<DivBackward0>)
Memory status after this epoch: 
Memory allocated:  248.39013671875
Memory cached:  508.0
[I 2024-01-03 15:23:42,521] Trial 22 finished with value: 0.0911208838224411 and parameters: {'W_layers': 6, 'W_layer_units_exponent_0': 4, 'W_layer_units_exponent_1': 5, 'W_layer_units_exponent_2': 9, 'W_layer_units_exponent_3': 9, 'W_layer_units_exponent_4': 5, 'W_layer_units_exponent_5': 4, 'D_layers': 6, 'D_layer_units_exponent_0': 7, 'D_layer_units_exponent_1': 7, 'D_layer_units_exponent_2': 7, 'D_layer_units_exponent_3': 9, 'D_layer_units_exponent_4': 7, 'D_layer_units_exponent_5': 10, 'D_dagger_layers': 5, 'D_dagger_layer_units_exponent_0': 6, 'D_dagger_layer_units_exponent_1': 7, 'D_dagger_layer_units_exponent_2': 9, 'D_dagger_layer_units_exponent_3': 8, 'D_dagger_layer_units_exponent_4': 8, 'log_learning_rate': -3.819285870946388, 'log_learning_rate_D': -4.955452719113854, 'log_learning_rate_D_dagger': -3.3026763242905384, 'training_batch_size': 11, 'training_p': 7}. Best is trial 17 with value: 0.08524450659751892.
Time for this trial:  216.5184304714203
Memory status after this trial: 
Memory allocated:  465.6015625
Memory cached:  490.0
--------------------  Trial  23   --------------------
Start timing: 
Parameters: 
{'W_layers': 5, 'W_layer_units_exponent_0': 5, 'W_layer_units_exponent_1': 7, 'W_layer_units_exponent_2': 7, 'W_layer_units_exponent_3': 8, 'W_layer_units_exponent_4': 6, 'D_layers': 5, 'D_layer_units_exponent_0': 8, 'D_layer_units_exponent_1': 8, 'D_layer_units_exponent_2': 5, 'D_layer_units_exponent_3': 8, 'D_layer_units_exponent_4': 8, 'D_dagger_layers': 5, 'D_dagger_layer_units_exponent_0': 9, 'D_dagger_layer_units_exponent_1': 7, 'D_dagger_layer_units_exponent_2': 10, 'D_dagger_layer_units_exponent_3': 9, 'D_dagger_layer_units_exponent_4': 8, 'log_learning_rate': -4.385599651863135, 'log_learning_rate_D': -4.422131099976803, 'log_learning_rate_D_dagger': -3.5290319409663735, 'training_batch_size': 11, 'training_p': 7}
	 epoch  0 training error:  tensor(0.9901, device='cuda:0', grad_fn=<DivBackward0>)
Memory status after this epoch: 
Memory allocated:  251.58349609375
Memory cached:  434.0
	 epoch  10 training error:  tensor(0.2578, device='cuda:0', grad_fn=<DivBackward0>)
Memory status after this epoch: 
Memory allocated:  251.58349609375
Memory cached:  436.0
	 epoch  20 training error:  tensor(0.1709, device='cuda:0', grad_fn=<DivBackward0>)
Memory status after this epoch: 
Memory allocated:  251.58349609375
Memory cached:  436.0
	 epoch  30 training error:  tensor(0.1695, device='cuda:0', grad_fn=<DivBackward0>)
Memory status after this epoch: 
Memory allocated:  251.58349609375
Memory cached:  434.0
	 epoch  40 training error:  tensor(0.1541, device='cuda:0', grad_fn=<DivBackward0>)
Memory status after this epoch: 
Memory allocated:  251.58349609375
Memory cached:  436.0
	 epoch  50 training error:  tensor(0.1455, device='cuda:0', grad_fn=<DivBackward0>)
Memory status after this epoch: 
Memory allocated:  251.58349609375
Memory cached:  436.0
	 epoch  60 training error:  tensor(0.1387, device='cuda:0', grad_fn=<DivBackward0>)
Memory status after this epoch: 
Memory allocated:  251.58349609375
Memory cached:  436.0
	 epoch  70 training error:  tensor(0.1299, device='cuda:0', grad_fn=<DivBackward0>)
Memory status after this epoch: 
Memory allocated:  251.58349609375
Memory cached:  438.0
	 epoch  80 training error:  tensor(0.1259, device='cuda:0', grad_fn=<DivBackward0>)
Memory status after this epoch: 
Memory allocated:  251.58349609375
Memory cached:  440.0
	 epoch  90 training error:  tensor(0.1234, device='cuda:0', grad_fn=<DivBackward0>)
Memory status after this epoch: 
Memory allocated:  251.58349609375
Memory cached:  440.0
[I 2024-01-03 15:27:05,219] Trial 23 finished with value: 0.0885726734995842 and parameters: {'W_layers': 5, 'W_layer_units_exponent_0': 5, 'W_layer_units_exponent_1': 7, 'W_layer_units_exponent_2': 7, 'W_layer_units_exponent_3': 8, 'W_layer_units_exponent_4': 6, 'D_layers': 5, 'D_layer_units_exponent_0': 8, 'D_layer_units_exponent_1': 8, 'D_layer_units_exponent_2': 5, 'D_layer_units_exponent_3': 8, 'D_layer_units_exponent_4': 8, 'D_dagger_layers': 5, 'D_dagger_layer_units_exponent_0': 9, 'D_dagger_layer_units_exponent_1': 7, 'D_dagger_layer_units_exponent_2': 10, 'D_dagger_layer_units_exponent_3': 9, 'D_dagger_layer_units_exponent_4': 8, 'log_learning_rate': -4.385599651863135, 'log_learning_rate_D': -4.422131099976803, 'log_learning_rate_D_dagger': -3.5290319409663735, 'training_batch_size': 11, 'training_p': 7}. Best is trial 17 with value: 0.08524450659751892.
Time for this trial:  202.32179021835327
Memory status after this trial: 
Memory allocated:  457.46435546875
Memory cached:  474.0
--------------------  Trial  24   --------------------
Start timing: 
Parameters: 
{'W_layers': 4, 'W_layer_units_exponent_0': 4, 'W_layer_units_exponent_1': 6, 'W_layer_units_exponent_2': 9, 'W_layer_units_exponent_3': 7, 'D_layers': 5, 'D_layer_units_exponent_0': 6, 'D_layer_units_exponent_1': 9, 'D_layer_units_exponent_2': 6, 'D_layer_units_exponent_3': 9, 'D_layer_units_exponent_4': 8, 'D_dagger_layers': 4, 'D_dagger_layer_units_exponent_0': 10, 'D_dagger_layer_units_exponent_1': 5, 'D_dagger_layer_units_exponent_2': 9, 'D_dagger_layer_units_exponent_3': 9, 'log_learning_rate': -3.8624350131448324, 'log_learning_rate_D': -3.8798558231470164, 'log_learning_rate_D_dagger': -2.681113446486976, 'training_batch_size': 12, 'training_p': 8}
	 epoch  0 training error:  tensor(1.0954, device='cuda:0', grad_fn=<DivBackward0>)
Memory status after this epoch: 
Memory allocated:  245.07177734375
Memory cached:  466.0
	 epoch  10 training error:  tensor(0.3907, device='cuda:0', grad_fn=<DivBackward0>)
Memory status after this epoch: 
Memory allocated:  245.07177734375
Memory cached:  502.0
	 epoch  20 training error:  tensor(0.1816, device='cuda:0', grad_fn=<DivBackward0>)
Memory status after this epoch: 
Memory allocated:  245.07177734375
Memory cached:  496.0
	 epoch  30 training error:  tensor(0.1407, device='cuda:0', grad_fn=<DivBackward0>)
Memory status after this epoch: 
Memory allocated:  245.07177734375
Memory cached:  502.0
	 epoch  40 training error:  tensor(0.1414, device='cuda:0', grad_fn=<DivBackward0>)
Memory status after this epoch: 
Memory allocated:  245.07177734375
Memory cached:  494.0
	 epoch  50 training error:  tensor(0.1245, device='cuda:0', grad_fn=<DivBackward0>)
Memory status after this epoch: 
Memory allocated:  245.07177734375
Memory cached:  500.0
	 epoch  60 training error:  tensor(0.1770, device='cuda:0', grad_fn=<DivBackward0>)
Memory status after this epoch: 
Memory allocated:  245.07177734375
Memory cached:  496.0
	 epoch  70 training error:  tensor(0.1897, device='cuda:0', grad_fn=<DivBackward0>)
Memory status after this epoch: 
Memory allocated:  245.07177734375
Memory cached:  488.0
	 epoch  80 training error:  tensor(0.1313, device='cuda:0', grad_fn=<DivBackward0>)
Memory status after this epoch: 
Memory allocated:  245.07177734375
Memory cached:  502.0
	 epoch  90 training error:  tensor(0.1493, device='cuda:0', grad_fn=<DivBackward0>)
Memory status after this epoch: 
Memory allocated:  245.07177734375
Memory cached:  494.0
[I 2024-01-03 15:30:13,187] Trial 24 finished with value: 0.11467045545578003 and parameters: {'W_layers': 4, 'W_layer_units_exponent_0': 4, 'W_layer_units_exponent_1': 6, 'W_layer_units_exponent_2': 9, 'W_layer_units_exponent_3': 7, 'D_layers': 5, 'D_layer_units_exponent_0': 6, 'D_layer_units_exponent_1': 9, 'D_layer_units_exponent_2': 6, 'D_layer_units_exponent_3': 9, 'D_layer_units_exponent_4': 8, 'D_dagger_layers': 4, 'D_dagger_layer_units_exponent_0': 10, 'D_dagger_layer_units_exponent_1': 5, 'D_dagger_layer_units_exponent_2': 9, 'D_dagger_layer_units_exponent_3': 9, 'log_learning_rate': -3.8624350131448324, 'log_learning_rate_D': -3.8798558231470164, 'log_learning_rate_D_dagger': -2.681113446486976, 'training_batch_size': 12, 'training_p': 8}. Best is trial 17 with value: 0.08524450659751892.
Time for this trial:  187.59284782409668
Memory status after this trial: 
Memory allocated:  457.7314453125
Memory cached:  480.0
--------------------  Trial  25   --------------------
Start timing: 
Parameters: 
{'W_layers': 6, 'W_layer_units_exponent_0': 5, 'W_layer_units_exponent_1': 5, 'W_layer_units_exponent_2': 7, 'W_layer_units_exponent_3': 10, 'W_layer_units_exponent_4': 4, 'W_layer_units_exponent_5': 5, 'D_layers': 8, 'D_layer_units_exponent_0': 7, 'D_layer_units_exponent_1': 7, 'D_layer_units_exponent_2': 7, 'D_layer_units_exponent_3': 7, 'D_layer_units_exponent_4': 7, 'D_layer_units_exponent_5': 8, 'D_layer_units_exponent_6': 7, 'D_layer_units_exponent_7': 10, 'D_dagger_layers': 6, 'D_dagger_layer_units_exponent_0': 6, 'D_dagger_layer_units_exponent_1': 6, 'D_dagger_layer_units_exponent_2': 8, 'D_dagger_layer_units_exponent_3': 7, 'D_dagger_layer_units_exponent_4': 6, 'D_dagger_layer_units_exponent_5': 4, 'log_learning_rate': -3.2152616296162786, 'log_learning_rate_D': -4.954869848538796, 'log_learning_rate_D_dagger': -3.203531103181927, 'training_batch_size': 11, 'training_p': 6}
	 epoch  0 training error:  tensor(1.0092, device='cuda:0', grad_fn=<DivBackward0>)
Memory status after this epoch: 
Memory allocated:  242.53271484375
Memory cached:  460.0
	 epoch  10 training error:  tensor(0.4698, device='cuda:0', grad_fn=<DivBackward0>)
Memory status after this epoch: 
Memory allocated:  242.53271484375
Memory cached:  520.0
	 epoch  20 training error:  tensor(0.2497, device='cuda:0', grad_fn=<DivBackward0>)
Memory status after this epoch: 
Memory allocated:  242.53271484375
Memory cached:  512.0
	 epoch  30 training error:  tensor(0.1799, device='cuda:0', grad_fn=<DivBackward0>)
Memory status after this epoch: 
Memory allocated:  242.53271484375
Memory cached:  510.0
	 epoch  40 training error:  tensor(0.1583, device='cuda:0', grad_fn=<DivBackward0>)
Memory status after this epoch: 
Memory allocated:  242.53271484375
Memory cached:  506.0
	 epoch  50 training error:  tensor(0.1506, device='cuda:0', grad_fn=<DivBackward0>)
Memory status after this epoch: 
Memory allocated:  242.53271484375
Memory cached:  508.0
	 epoch  60 training error:  tensor(0.1421, device='cuda:0', grad_fn=<DivBackward0>)
Memory status after this epoch: 
Memory allocated:  242.53271484375
Memory cached:  510.0
	 epoch  70 training error:  tensor(0.1355, device='cuda:0', grad_fn=<DivBackward0>)
Memory status after this epoch: 
Memory allocated:  242.53271484375
Memory cached:  514.0
	 epoch  80 training error:  tensor(0.1278, device='cuda:0', grad_fn=<DivBackward0>)
Memory status after this epoch: 
Memory allocated:  242.53271484375
Memory cached:  522.0
	 epoch  90 training error:  tensor(0.1199, device='cuda:0', grad_fn=<DivBackward0>)
Memory status after this epoch: 
Memory allocated:  242.53271484375
Memory cached:  512.0
[I 2024-01-03 15:34:04,927] Trial 25 finished with value: 0.08924796432256699 and parameters: {'W_layers': 6, 'W_layer_units_exponent_0': 5, 'W_layer_units_exponent_1': 5, 'W_layer_units_exponent_2': 7, 'W_layer_units_exponent_3': 10, 'W_layer_units_exponent_4': 4, 'W_layer_units_exponent_5': 5, 'D_layers': 8, 'D_layer_units_exponent_0': 7, 'D_layer_units_exponent_1': 7, 'D_layer_units_exponent_2': 7, 'D_layer_units_exponent_3': 7, 'D_layer_units_exponent_4': 7, 'D_layer_units_exponent_5': 8, 'D_layer_units_exponent_6': 7, 'D_layer_units_exponent_7': 10, 'D_dagger_layers': 6, 'D_dagger_layer_units_exponent_0': 6, 'D_dagger_layer_units_exponent_1': 6, 'D_dagger_layer_units_exponent_2': 8, 'D_dagger_layer_units_exponent_3': 7, 'D_dagger_layer_units_exponent_4': 6, 'D_dagger_layer_units_exponent_5': 4, 'log_learning_rate': -3.2152616296162786, 'log_learning_rate_D': -4.954869848538796, 'log_learning_rate_D_dagger': -3.203531103181927, 'training_batch_size': 11, 'training_p': 6}. Best is trial 17 with value: 0.08524450659751892.
Time for this trial:  231.33458924293518
Memory status after this trial: 
Memory allocated:  438.7470703125
Memory cached:  476.0
--------------------  Trial  26   --------------------
Start timing: 
Parameters: 
{'W_layers': 3, 'W_layer_units_exponent_0': 4, 'W_layer_units_exponent_1': 7, 'W_layer_units_exponent_2': 10, 'D_layers': 4, 'D_layer_units_exponent_0': 8, 'D_layer_units_exponent_1': 5, 'D_layer_units_exponent_2': 9, 'D_layer_units_exponent_3': 8, 'D_dagger_layers': 3, 'D_dagger_layer_units_exponent_0': 7, 'D_dagger_layer_units_exponent_1': 8, 'D_dagger_layer_units_exponent_2': 7, 'log_learning_rate': -3.6392197078705726, 'log_learning_rate_D': -4.500221974161709, 'log_learning_rate_D_dagger': -3.803979222215517, 'training_batch_size': 10, 'training_p': 7}
	 epoch  0 training error:  tensor(0.9588, device='cuda:0', grad_fn=<DivBackward0>)
Memory status after this epoch: 
Memory allocated:  240.63818359375
Memory cached:  462.0
	 epoch  10 training error:  tensor(0.5230, device='cuda:0', grad_fn=<DivBackward0>)
Memory status after this epoch: 
Memory allocated:  240.63818359375
Memory cached:  508.0
	 epoch  20 training error:  tensor(0.3082, device='cuda:0', grad_fn=<DivBackward0>)
Memory status after this epoch: 
Memory allocated:  240.63818359375
Memory cached:  508.0
	 epoch  30 training error:  tensor(0.2329, device='cuda:0', grad_fn=<DivBackward0>)
Memory status after this epoch: 
Memory allocated:  240.63818359375
Memory cached:  512.0
	 epoch  40 training error:  tensor(0.2107, device='cuda:0', grad_fn=<DivBackward0>)
Memory status after this epoch: 
Memory allocated:  240.63818359375
Memory cached:  512.0
	 epoch  50 training error:  tensor(0.1857, device='cuda:0', grad_fn=<DivBackward0>)
Memory status after this epoch: 
Memory allocated:  240.63818359375
Memory cached:  518.0
	 epoch  60 training error:  tensor(0.1769, device='cuda:0', grad_fn=<DivBackward0>)
Memory status after this epoch: 
Memory allocated:  240.63818359375
Memory cached:  512.0
	 epoch  70 training error:  tensor(0.1687, device='cuda:0', grad_fn=<DivBackward0>)
Memory status after this epoch: 
Memory allocated:  240.63818359375
Memory cached:  512.0
	 epoch  80 training error:  tensor(0.1636, device='cuda:0', grad_fn=<DivBackward0>)
Memory status after this epoch: 
Memory allocated:  240.63818359375
Memory cached:  512.0
	 epoch  90 training error:  tensor(0.1596, device='cuda:0', grad_fn=<DivBackward0>)
Memory status after this epoch: 
Memory allocated:  240.63818359375
Memory cached:  508.0
[I 2024-01-03 15:36:38,638] Trial 26 finished with value: 0.11626718193292618 and parameters: {'W_layers': 3, 'W_layer_units_exponent_0': 4, 'W_layer_units_exponent_1': 7, 'W_layer_units_exponent_2': 10, 'D_layers': 4, 'D_layer_units_exponent_0': 8, 'D_layer_units_exponent_1': 5, 'D_layer_units_exponent_2': 9, 'D_layer_units_exponent_3': 8, 'D_dagger_layers': 3, 'D_dagger_layer_units_exponent_0': 7, 'D_dagger_layer_units_exponent_1': 8, 'D_dagger_layer_units_exponent_2': 7, 'log_learning_rate': -3.6392197078705726, 'log_learning_rate_D': -4.500221974161709, 'log_learning_rate_D_dagger': -3.803979222215517, 'training_batch_size': 10, 'training_p': 7}. Best is trial 17 with value: 0.08524450659751892.
Time for this trial:  153.36826610565186
Memory status after this trial: 
Memory allocated:  373.18310546875
Memory cached:  472.0
--------------------  Trial  27   --------------------
Start timing: 
Parameters: 
{'W_layers': 5, 'W_layer_units_exponent_0': 5, 'W_layer_units_exponent_1': 9, 'W_layer_units_exponent_2': 8, 'W_layer_units_exponent_3': 9, 'W_layer_units_exponent_4': 6, 'D_layers': 6, 'D_layer_units_exponent_0': 10, 'D_layer_units_exponent_1': 8, 'D_layer_units_exponent_2': 5, 'D_layer_units_exponent_3': 10, 'D_layer_units_exponent_4': 5, 'D_layer_units_exponent_5': 8, 'D_dagger_layers': 4, 'D_dagger_layer_units_exponent_0': 5, 'D_dagger_layer_units_exponent_1': 7, 'D_dagger_layer_units_exponent_2': 10, 'D_dagger_layer_units_exponent_3': 8, 'log_learning_rate': -4.1209169059927255, 'log_learning_rate_D': -4.12006514365215, 'log_learning_rate_D_dagger': -3.400129491040851, 'training_batch_size': 12, 'training_p': 6}
	 epoch  0 training error:  tensor(1.0771, device='cuda:0', grad_fn=<DivBackward0>)
Memory status after this epoch: 
Memory allocated:  251.36865234375
Memory cached:  434.0
	 epoch  10 training error:  tensor(0.3436, device='cuda:0', grad_fn=<DivBackward0>)
Memory status after this epoch: 
Memory allocated:  251.36865234375
Memory cached:  436.0
	 epoch  20 training error:  tensor(0.2270, device='cuda:0', grad_fn=<DivBackward0>)
Memory status after this epoch: 
Memory allocated:  251.36865234375
Memory cached:  436.0
	 epoch  30 training error:  tensor(0.1822, device='cuda:0', grad_fn=<DivBackward0>)
Memory status after this epoch: 
Memory allocated:  251.36865234375
Memory cached:  434.0
	 epoch  40 training error:  tensor(0.1526, device='cuda:0', grad_fn=<DivBackward0>)
Memory status after this epoch: 
Memory allocated:  251.36865234375
Memory cached:  434.0
	 epoch  50 training error:  tensor(0.1487, device='cuda:0', grad_fn=<DivBackward0>)
Memory status after this epoch: 
Memory allocated:  251.36865234375
Memory cached:  434.0
	 epoch  60 training error:  tensor(0.1403, device='cuda:0', grad_fn=<DivBackward0>)
Memory status after this epoch: 
Memory allocated:  251.36865234375
Memory cached:  434.0
	 epoch  70 training error:  tensor(0.1337, device='cuda:0', grad_fn=<DivBackward0>)
Memory status after this epoch: 
Memory allocated:  251.36865234375
Memory cached:  434.0
	 epoch  80 training error:  tensor(0.1270, device='cuda:0', grad_fn=<DivBackward0>)
Memory status after this epoch: 
Memory allocated:  251.36865234375
Memory cached:  436.0
	 epoch  90 training error:  tensor(0.1215, device='cuda:0', grad_fn=<DivBackward0>)
Memory status after this epoch: 
Memory allocated:  251.36865234375
Memory cached:  434.0
