[I 2023-12-03 09:39:05,745] Trial 28 finished with value: 0.037270721048116684 and parameters: {'W_layers': 2, 'W_layer_units_exponent_0': 5, 'W_layer_units_exponent_1': 9, 'D_layers': 5, 'D_layer_units_exponent_0': 6, 'D_layer_units_exponent_1': 10, 'D_layer_units_exponent_2': 7, 'D_layer_units_exponent_3': 9, 'D_layer_units_exponent_4': 5, 'D_dagger_layers': 4, 'D_dagger_layer_units_exponent_0': 6, 'D_dagger_layer_units_exponent_1': 4, 'D_dagger_layer_units_exponent_2': 4, 'D_dagger_layer_units_exponent_3': 4, 'log_learning_rate': -3.1122720688861323, 'log_learning_rate_D': -3.753066088988178, 'log_learning_rate_D_dagger': -1.402602364281374, 'training_batch_size': 10, 'training_p': 5}. Best is trial 27 with value: 0.01944413036108017.
Time for this trial:  160.40964484214783
Memory status after this trial: 
Memory allocated:  216.064453125
Memory cached:  262.0
--------------------  Trial  29   --------------------
Start timing: 
Parameters: 
{'W_layers': 2, 'W_layer_units_exponent_0': 8, 'W_layer_units_exponent_1': 10, 'D_layers': 5, 'D_layer_units_exponent_0': 6, 'D_layer_units_exponent_1': 9, 'D_layer_units_exponent_2': 7, 'D_layer_units_exponent_3': 7, 'D_layer_units_exponent_4': 4, 'D_dagger_layers': 2, 'D_dagger_layer_units_exponent_0': 5, 'D_dagger_layer_units_exponent_1': 7, 'log_learning_rate': -3.2664098623773397, 'log_learning_rate_D': -3.5910271623334604, 'log_learning_rate_D_dagger': -1.635278416294922, 'training_batch_size': 9, 'training_p': 5}
	 epoch  0 training error:  tensor(0.9539, device='cuda:0', grad_fn=<DivBackward0>)
Memory status after this epoch: 
Memory allocated:  94.98681640625
Memory cached:  244.0
	 epoch  10 training error:  tensor(0.2448, device='cuda:0', grad_fn=<DivBackward0>)
Memory status after this epoch: 
Memory allocated:  94.98681640625
Memory cached:  272.0
	 epoch  20 training error:  tensor(0.2027, device='cuda:0', grad_fn=<DivBackward0>)
Memory status after this epoch: 
Memory allocated:  94.98681640625
Memory cached:  262.0
	 epoch  30 training error:  tensor(0.1885, device='cuda:0', grad_fn=<DivBackward0>)
Memory status after this epoch: 
Memory allocated:  94.98681640625
Memory cached:  270.0
	 epoch  40 training error:  tensor(0.1667, device='cuda:0', grad_fn=<DivBackward0>)
Memory status after this epoch: 
Memory allocated:  94.98681640625
Memory cached:  268.0
	 epoch  50 training error:  tensor(0.1466, device='cuda:0', grad_fn=<DivBackward0>)
Memory status after this epoch: 
Memory allocated:  94.98681640625
Memory cached:  272.0
	 epoch  60 training error:  tensor(0.1373, device='cuda:0', grad_fn=<DivBackward0>)
Memory status after this epoch: 
Memory allocated:  94.98681640625
Memory cached:  274.0
	 epoch  70 training error:  tensor(0.1341, device='cuda:0', grad_fn=<DivBackward0>)
Memory status after this epoch: 
Memory allocated:  94.98681640625
Memory cached:  274.0
	 epoch  80 training error:  tensor(0.1313, device='cuda:0', grad_fn=<DivBackward0>)
Memory status after this epoch: 
Memory allocated:  94.98681640625
Memory cached:  264.0
	 epoch  90 training error:  tensor(0.1218, device='cuda:0', grad_fn=<DivBackward0>)
Memory status after this epoch: 
Memory allocated:  94.98681640625
Memory cached:  264.0
[I 2023-12-03 09:41:30,389] Trial 29 finished with value: 0.10986094921827316 and parameters: {'W_layers': 2, 'W_layer_units_exponent_0': 8, 'W_layer_units_exponent_1': 10, 'D_layers': 5, 'D_layer_units_exponent_0': 6, 'D_layer_units_exponent_1': 9, 'D_layer_units_exponent_2': 7, 'D_layer_units_exponent_3': 7, 'D_layer_units_exponent_4': 4, 'D_dagger_layers': 2, 'D_dagger_layer_units_exponent_0': 5, 'D_dagger_layer_units_exponent_1': 7, 'log_learning_rate': -3.2664098623773397, 'log_learning_rate_D': -3.5910271623334604, 'log_learning_rate_D_dagger': -1.635278416294922, 'training_batch_size': 9, 'training_p': 5}. Best is trial 27 with value: 0.01944413036108017.
Time for this trial:  144.40067434310913
Memory status after this trial: 
Memory allocated:  205.3916015625
Memory cached:  252.0
--------------------  Trial  30   --------------------
Start timing: 
Parameters: 
{'W_layers': 4, 'W_layer_units_exponent_0': 6, 'W_layer_units_exponent_1': 9, 'W_layer_units_exponent_2': 7, 'W_layer_units_exponent_3': 10, 'D_layers': 5, 'D_layer_units_exponent_0': 5, 'D_layer_units_exponent_1': 8, 'D_layer_units_exponent_2': 8, 'D_layer_units_exponent_3': 8, 'D_layer_units_exponent_4': 5, 'D_dagger_layers': 3, 'D_dagger_layer_units_exponent_0': 7, 'D_dagger_layer_units_exponent_1': 6, 'D_dagger_layer_units_exponent_2': 5, 'log_learning_rate': -2.3564428622775724, 'log_learning_rate_D': -4.029793763582885, 'log_learning_rate_D_dagger': -1.8604037385385501, 'training_batch_size': 10, 'training_p': 5}
	 epoch  0 training error:  tensor(0.9873, device='cuda:0', grad_fn=<DivBackward0>)
Memory status after this epoch: 
Memory allocated:  95.06494140625
Memory cached:  242.0
	 epoch  10 training error:  tensor(0.4570, device='cuda:0', grad_fn=<DivBackward0>)
Memory status after this epoch: 
Memory allocated:  95.06494140625
Memory cached:  270.0
	 epoch  20 training error:  tensor(0.2558, device='cuda:0', grad_fn=<DivBackward0>)
Memory status after this epoch: 
Memory allocated:  95.06494140625
Memory cached:  274.0
	 epoch  30 training error:  tensor(0.1455, device='cuda:0', grad_fn=<DivBackward0>)
Memory status after this epoch: 
Memory allocated:  95.06494140625
Memory cached:  266.0
	 epoch  40 training error:  tensor(0.1392, device='cuda:0', grad_fn=<DivBackward0>)
Memory status after this epoch: 
Memory allocated:  95.06494140625
Memory cached:  268.0
	 epoch  50 training error:  tensor(0.1435, device='cuda:0', grad_fn=<DivBackward0>)
Memory status after this epoch: 
Memory allocated:  95.06494140625
Memory cached:  262.0
	 epoch  60 training error:  tensor(0.1369, device='cuda:0', grad_fn=<DivBackward0>)
Memory status after this epoch: 
Memory allocated:  95.06494140625
Memory cached:  270.0
	 epoch  70 training error:  tensor(0.1349, device='cuda:0', grad_fn=<DivBackward0>)
Memory status after this epoch: 
Memory allocated:  95.06494140625
Memory cached:  262.0
	 epoch  80 training error:  tensor(0.1338, device='cuda:0', grad_fn=<DivBackward0>)
Memory status after this epoch: 
Memory allocated:  95.06494140625
Memory cached:  266.0
	 epoch  90 training error:  tensor(0.1332, device='cuda:0', grad_fn=<DivBackward0>)
Memory status after this epoch: 
Memory allocated:  95.06494140625
Memory cached:  278.0
[I 2023-12-03 09:44:23,816] Trial 30 finished with value: 0.10799478739500046 and parameters: {'W_layers': 4, 'W_layer_units_exponent_0': 6, 'W_layer_units_exponent_1': 9, 'W_layer_units_exponent_2': 7, 'W_layer_units_exponent_3': 10, 'D_layers': 5, 'D_layer_units_exponent_0': 5, 'D_layer_units_exponent_1': 8, 'D_layer_units_exponent_2': 8, 'D_layer_units_exponent_3': 8, 'D_layer_units_exponent_4': 5, 'D_dagger_layers': 3, 'D_dagger_layer_units_exponent_0': 7, 'D_dagger_layer_units_exponent_1': 6, 'D_dagger_layer_units_exponent_2': 5, 'log_learning_rate': -2.3564428622775724, 'log_learning_rate_D': -4.029793763582885, 'log_learning_rate_D_dagger': -1.8604037385385501, 'training_batch_size': 10, 'training_p': 5}. Best is trial 27 with value: 0.01944413036108017.
Time for this trial:  173.17928051948547
Memory status after this trial: 
Memory allocated:  232.39501953125
Memory cached:  256.0
--------------------  Trial  31   --------------------
Start timing: 
Parameters: 
{'W_layers': 2, 'W_layer_units_exponent_0': 5, 'W_layer_units_exponent_1': 9, 'D_layers': 5, 'D_layer_units_exponent_0': 6, 'D_layer_units_exponent_1': 10, 'D_layer_units_exponent_2': 7, 'D_layer_units_exponent_3': 9, 'D_layer_units_exponent_4': 5, 'D_dagger_layers': 4, 'D_dagger_layer_units_exponent_0': 6, 'D_dagger_layer_units_exponent_1': 4, 'D_dagger_layer_units_exponent_2': 4, 'D_dagger_layer_units_exponent_3': 4, 'log_learning_rate': -3.082636227769634, 'log_learning_rate_D': -3.859556951775127, 'log_learning_rate_D_dagger': -1.5758859429628957, 'training_batch_size': 10, 'training_p': 5}
	 epoch  0 training error:  tensor(0.9627, device='cuda:0', grad_fn=<DivBackward0>)
Memory status after this epoch: 
Memory allocated:  93.66845703125
Memory cached:  254.0
	 epoch  10 training error:  tensor(0.2222, device='cuda:0', grad_fn=<DivBackward0>)
Memory status after this epoch: 
Memory allocated:  93.66845703125
Memory cached:  284.0
	 epoch  20 training error:  tensor(0.1526, device='cuda:0', grad_fn=<DivBackward0>)
Memory status after this epoch: 
Memory allocated:  93.66845703125
Memory cached:  286.0
	 epoch  30 training error:  tensor(0.1391, device='cuda:0', grad_fn=<DivBackward0>)
Memory status after this epoch: 
Memory allocated:  93.66845703125
Memory cached:  288.0
	 epoch  40 training error:  tensor(0.1387, device='cuda:0', grad_fn=<DivBackward0>)
Memory status after this epoch: 
Memory allocated:  93.66845703125
Memory cached:  292.0
	 epoch  50 training error:  tensor(0.1366, device='cuda:0', grad_fn=<DivBackward0>)
Memory status after this epoch: 
Memory allocated:  93.66845703125
Memory cached:  280.0
	 epoch  60 training error:  tensor(0.1360, device='cuda:0', grad_fn=<DivBackward0>)
Memory status after this epoch: 
Memory allocated:  93.66845703125
Memory cached:  284.0
	 epoch  70 training error:  tensor(0.1354, device='cuda:0', grad_fn=<DivBackward0>)
Memory status after this epoch: 
Memory allocated:  93.66845703125
Memory cached:  294.0
	 epoch  80 training error:  tensor(0.1350, device='cuda:0', grad_fn=<DivBackward0>)
Memory status after this epoch: 
Memory allocated:  93.66845703125
Memory cached:  286.0
	 epoch  90 training error:  tensor(0.1347, device='cuda:0', grad_fn=<DivBackward0>)
Memory status after this epoch: 
Memory allocated:  93.66845703125
Memory cached:  290.0
[I 2023-12-03 09:47:03,299] Trial 31 finished with value: 0.11106262356042862 and parameters: {'W_layers': 2, 'W_layer_units_exponent_0': 5, 'W_layer_units_exponent_1': 9, 'D_layers': 5, 'D_layer_units_exponent_0': 6, 'D_layer_units_exponent_1': 10, 'D_layer_units_exponent_2': 7, 'D_layer_units_exponent_3': 9, 'D_layer_units_exponent_4': 5, 'D_dagger_layers': 4, 'D_dagger_layer_units_exponent_0': 6, 'D_dagger_layer_units_exponent_1': 4, 'D_dagger_layer_units_exponent_2': 4, 'D_dagger_layer_units_exponent_3': 4, 'log_learning_rate': -3.082636227769634, 'log_learning_rate_D': -3.859556951775127, 'log_learning_rate_D_dagger': -1.5758859429628957, 'training_batch_size': 10, 'training_p': 5}. Best is trial 27 with value: 0.01944413036108017.
Time for this trial:  159.24540734291077
Memory status after this trial: 
Memory allocated:  216.064453125
Memory cached:  272.0
--------------------  Trial  32   --------------------
Start timing: 
Parameters: 
{'W_layers': 2, 'W_layer_units_exponent_0': 5, 'W_layer_units_exponent_1': 9, 'D_layers': 4, 'D_layer_units_exponent_0': 6, 'D_layer_units_exponent_1': 10, 'D_layer_units_exponent_2': 6, 'D_layer_units_exponent_3': 10, 'D_dagger_layers': 4, 'D_dagger_layer_units_exponent_0': 6, 'D_dagger_layer_units_exponent_1': 4, 'D_dagger_layer_units_exponent_2': 4, 'D_dagger_layer_units_exponent_3': 4, 'log_learning_rate': -2.7649593215591084, 'log_learning_rate_D': -3.384237805040759, 'log_learning_rate_D_dagger': -1.3671398742396972, 'training_batch_size': 10, 'training_p': 6}
	 epoch  0 training error:  tensor(0.9640, device='cuda:0', grad_fn=<DivBackward0>)
Memory status after this epoch: 
Memory allocated:  92.43798828125
Memory cached:  254.0
	 epoch  10 training error:  tensor(0.2553, device='cuda:0', grad_fn=<DivBackward0>)
Memory status after this epoch: 
Memory allocated:  92.43798828125
Memory cached:  300.0
	 epoch  20 training error:  tensor(0.1865, device='cuda:0', grad_fn=<DivBackward0>)
Memory status after this epoch: 
Memory allocated:  92.43798828125
Memory cached:  294.0
	 epoch  30 training error:  tensor(0.1371, device='cuda:0', grad_fn=<DivBackward0>)
Memory status after this epoch: 
Memory allocated:  92.43798828125
Memory cached:  288.0
	 epoch  40 training error:  tensor(0.1306, device='cuda:0', grad_fn=<DivBackward0>)
Memory status after this epoch: 
Memory allocated:  92.43798828125
Memory cached:  292.0
	 epoch  50 training error:  tensor(0.0925, device='cuda:0', grad_fn=<DivBackward0>)
Memory status after this epoch: 
Memory allocated:  92.43798828125
Memory cached:  292.0
	 epoch  60 training error:  tensor(0.1405, device='cuda:0', grad_fn=<DivBackward0>)
Memory status after this epoch: 
Memory allocated:  92.43798828125
Memory cached:  292.0
	 epoch  70 training error:  tensor(0.0802, device='cuda:0', grad_fn=<DivBackward0>)
Memory status after this epoch: 
Memory allocated:  92.43798828125
Memory cached:  302.0
	 epoch  80 training error:  tensor(0.0701, device='cuda:0', grad_fn=<DivBackward0>)
Memory status after this epoch: 
Memory allocated:  92.43798828125
Memory cached:  306.0
	 epoch  90 training error:  tensor(0.0410, device='cuda:0', grad_fn=<DivBackward0>)
Memory status after this epoch: 
Memory allocated:  92.43798828125
Memory cached:  306.0
[I 2023-12-03 09:49:37,779] Trial 32 finished with value: 0.04156247526407242 and parameters: {'W_layers': 2, 'W_layer_units_exponent_0': 5, 'W_layer_units_exponent_1': 9, 'D_layers': 4, 'D_layer_units_exponent_0': 6, 'D_layer_units_exponent_1': 10, 'D_layer_units_exponent_2': 6, 'D_layer_units_exponent_3': 10, 'D_dagger_layers': 4, 'D_dagger_layer_units_exponent_0': 6, 'D_dagger_layer_units_exponent_1': 4, 'D_dagger_layer_units_exponent_2': 4, 'D_dagger_layer_units_exponent_3': 4, 'log_learning_rate': -2.7649593215591084, 'log_learning_rate_D': -3.384237805040759, 'log_learning_rate_D_dagger': -1.3671398742396972, 'training_batch_size': 10, 'training_p': 6}. Best is trial 27 with value: 0.01944413036108017.
Time for this trial:  154.23725533485413
Memory status after this trial: 
Memory allocated:  229.951171875
Memory cached:  272.0
--------------------  Trial  33   --------------------
Start timing: 
Parameters: 
{'W_layers': 3, 'W_layer_units_exponent_0': 6, 'W_layer_units_exponent_1': 10, 'W_layer_units_exponent_2': 7, 'D_layers': 5, 'D_layer_units_exponent_0': 5, 'D_layer_units_exponent_1': 9, 'D_layer_units_exponent_2': 5, 'D_layer_units_exponent_3': 9, 'D_layer_units_exponent_4': 5, 'D_dagger_layers': 3, 'D_dagger_layer_units_exponent_0': 5, 'D_dagger_layer_units_exponent_1': 5, 'D_dagger_layer_units_exponent_2': 5, 'log_learning_rate': -3.1807351663442383, 'log_learning_rate_D': -3.6195795885522224, 'log_learning_rate_D_dagger': -1.3204115410774477, 'training_batch_size': 9, 'training_p': 4}
	 epoch  0 training error:  tensor(0.9476, device='cuda:0', grad_fn=<DivBackward0>)
Memory status after this epoch: 
Memory allocated:  93.16259765625
Memory cached:  248.0
	 epoch  10 training error:  tensor(0.1902, device='cuda:0', grad_fn=<DivBackward0>)
Memory status after this epoch: 
Memory allocated:  93.16259765625
Memory cached:  286.0
	 epoch  20 training error:  tensor(0.1834, device='cuda:0', grad_fn=<DivBackward0>)
Memory status after this epoch: 
Memory allocated:  93.16259765625
Memory cached:  276.0
	 epoch  30 training error:  tensor(0.1643, device='cuda:0', grad_fn=<DivBackward0>)
Memory status after this epoch: 
Memory allocated:  93.16259765625
Memory cached:  282.0
	 epoch  40 training error:  tensor(0.1355, device='cuda:0', grad_fn=<DivBackward0>)
Memory status after this epoch: 
Memory allocated:  93.16259765625
Memory cached:  286.0
	 epoch  50 training error:  tensor(0.1330, device='cuda:0', grad_fn=<DivBackward0>)
Memory status after this epoch: 
Memory allocated:  93.16259765625
Memory cached:  278.0
	 epoch  60 training error:  tensor(0.1323, device='cuda:0', grad_fn=<DivBackward0>)
Memory status after this epoch: 
Memory allocated:  93.16259765625
Memory cached:  286.0
	 epoch  70 training error:  tensor(0.1064, device='cuda:0', grad_fn=<DivBackward0>)
Memory status after this epoch: 
Memory allocated:  93.16259765625
Memory cached:  282.0
	 epoch  80 training error:  tensor(0.1162, device='cuda:0', grad_fn=<DivBackward0>)
Memory status after this epoch: 
Memory allocated:  93.16259765625
Memory cached:  282.0
	 epoch  90 training error:  tensor(0.0850, device='cuda:0', grad_fn=<DivBackward0>)
Memory status after this epoch: 
Memory allocated:  93.16259765625
Memory cached:  276.0
[I 2023-12-03 09:52:19,733] Trial 33 finished with value: 0.03775596618652344 and parameters: {'W_layers': 3, 'W_layer_units_exponent_0': 6, 'W_layer_units_exponent_1': 10, 'W_layer_units_exponent_2': 7, 'D_layers': 5, 'D_layer_units_exponent_0': 5, 'D_layer_units_exponent_1': 9, 'D_layer_units_exponent_2': 5, 'D_layer_units_exponent_3': 9, 'D_layer_units_exponent_4': 5, 'D_dagger_layers': 3, 'D_dagger_layer_units_exponent_0': 5, 'D_dagger_layer_units_exponent_1': 5, 'D_dagger_layer_units_exponent_2': 5, 'log_learning_rate': -3.1807351663442383, 'log_learning_rate_D': -3.6195795885522224, 'log_learning_rate_D_dagger': -1.3204115410774477, 'training_batch_size': 9, 'training_p': 4}. Best is trial 27 with value: 0.01944413036108017.
Time for this trial:  161.70889687538147
Memory status after this trial: 
Memory allocated:  219.3271484375
Memory cached:  276.0
--------------------  Trial  34   --------------------
Start timing: 
Parameters: 
{'W_layers': 2, 'W_layer_units_exponent_0': 5, 'W_layer_units_exponent_1': 9, 'D_layers': 6, 'D_layer_units_exponent_0': 7, 'D_layer_units_exponent_1': 10, 'D_layer_units_exponent_2': 7, 'D_layer_units_exponent_3': 9, 'D_layer_units_exponent_4': 6, 'D_layer_units_exponent_5': 4, 'D_dagger_layers': 4, 'D_dagger_layer_units_exponent_0': 7, 'D_dagger_layer_units_exponent_1': 4, 'D_dagger_layer_units_exponent_2': 4, 'D_dagger_layer_units_exponent_3': 5, 'log_learning_rate': -3.3384609155662925, 'log_learning_rate_D': -3.8930002715822147, 'log_learning_rate_D_dagger': -1.7481039528553721, 'training_batch_size': 11, 'training_p': 5}
	 epoch  0 training error:  tensor(1.0362, device='cuda:0', grad_fn=<DivBackward0>)
Memory status after this epoch: 
Memory allocated:  94.97119140625
Memory cached:  252.0
	 epoch  10 training error:  tensor(0.2979, device='cuda:0', grad_fn=<DivBackward0>)
Memory status after this epoch: 
Memory allocated:  94.97119140625
Memory cached:  304.0
	 epoch  20 training error:  tensor(0.1556, device='cuda:0', grad_fn=<DivBackward0>)
Memory status after this epoch: 
Memory allocated:  94.97119140625
Memory cached:  294.0
	 epoch  30 training error:  tensor(0.1445, device='cuda:0', grad_fn=<DivBackward0>)
Memory status after this epoch: 
Memory allocated:  94.97119140625
Memory cached:  284.0
	 epoch  40 training error:  tensor(0.1379, device='cuda:0', grad_fn=<DivBackward0>)
Memory status after this epoch: 
Memory allocated:  94.97119140625
Memory cached:  290.0
	 epoch  50 training error:  tensor(0.1356, device='cuda:0', grad_fn=<DivBackward0>)
Memory status after this epoch: 
Memory allocated:  94.97119140625
Memory cached:  296.0
	 epoch  60 training error:  tensor(0.1345, device='cuda:0', grad_fn=<DivBackward0>)
Memory status after this epoch: 
Memory allocated:  94.97119140625
Memory cached:  288.0
	 epoch  70 training error:  tensor(0.1338, device='cuda:0', grad_fn=<DivBackward0>)
Memory status after this epoch: 
Memory allocated:  94.97119140625
Memory cached:  288.0
	 epoch  80 training error:  tensor(0.1330, device='cuda:0', grad_fn=<DivBackward0>)
Memory status after this epoch: 
Memory allocated:  94.97119140625
Memory cached:  294.0
	 epoch  90 training error:  tensor(0.1321, device='cuda:0', grad_fn=<DivBackward0>)
Memory status after this epoch: 
Memory allocated:  94.97119140625
Memory cached:  292.0
