[I 2023-12-02 22:45:27,731] Trial 10 finished with value: 1.6813076734542847 and parameters: {'W_layers': 2, 'W_layer_units_exponent_0': 9, 'W_layer_units_exponent_1': 9, 'D_layers': 4, 'D_layer_units_exponent_0': 10, 'D_layer_units_exponent_1': 5, 'D_layer_units_exponent_2': 10, 'D_layer_units_exponent_3': 6, 'D_dagger_layers': 2, 'D_dagger_layer_units_exponent_0': 10, 'D_dagger_layer_units_exponent_1': 6, 'log_learning_rate': -1.1859097422776568, 'log_learning_rate_D': -4.456117627335117, 'log_learning_rate_D_dagger': -2.191594004788967, 'training_batch_size': 12, 'training_p': 2}. Best is trial 2 with value: 0.07184018194675446.
Time for this trial:  16.013543367385864
Memory status after this trial: 
Memory allocated:  220.45556640625
Memory cached:  270.0
--------------------  Trial  11   --------------------
Start timing: 
Parameters: 
{'W_layers': 3, 'W_layer_units_exponent_0': 8, 'W_layer_units_exponent_1': 8, 'W_layer_units_exponent_2': 9, 'D_layers': 2, 'D_layer_units_exponent_0': 4, 'D_layer_units_exponent_1': 7, 'D_dagger_layers': 3, 'D_dagger_layer_units_exponent_0': 10, 'D_dagger_layer_units_exponent_1': 10, 'D_dagger_layer_units_exponent_2': 4, 'log_learning_rate': -2.937938651142253, 'log_learning_rate_D': -4.753922972034518, 'log_learning_rate_D_dagger': -2.381854108501888, 'training_batch_size': 12, 'training_p': 3}
	 epoch  0 training error:  tensor(1.0642, device='cuda:0', grad_fn=<DivBackward0>)
Memory status after this epoch: 
Memory allocated:  128.47705078125
Memory cached:  226.0
	 epoch  10 training error:  tensor(0.4501, device='cuda:0', grad_fn=<DivBackward0>)
Memory status after this epoch: 
Memory allocated:  128.47705078125
Memory cached:  226.0
	 epoch  20 training error:  tensor(0.1185, device='cuda:0', grad_fn=<DivBackward0>)
Memory status after this epoch: 
Memory allocated:  128.47705078125
Memory cached:  226.0
	 epoch  30 training error:  tensor(0.1477, device='cuda:0', grad_fn=<DivBackward0>)
Memory status after this epoch: 
Memory allocated:  128.47705078125
Memory cached:  226.0
	 epoch  40 training error:  tensor(0.1389, device='cuda:0', grad_fn=<DivBackward0>)
Memory status after this epoch: 
Memory allocated:  128.47705078125
Memory cached:  226.0
	 epoch  50 training error:  tensor(0.1011, device='cuda:0', grad_fn=<DivBackward0>)
Memory status after this epoch: 
Memory allocated:  128.47705078125
Memory cached:  226.0
	 epoch  60 training error:  tensor(0.0986, device='cuda:0', grad_fn=<DivBackward0>)
Memory status after this epoch: 
Memory allocated:  128.47705078125
Memory cached:  226.0
	 epoch  70 training error:  tensor(0.0889, device='cuda:0', grad_fn=<DivBackward0>)
Memory status after this epoch: 
Memory allocated:  128.47705078125
Memory cached:  226.0
	 epoch  80 training error:  tensor(0.0810, device='cuda:0', grad_fn=<DivBackward0>)
Memory status after this epoch: 
Memory allocated:  128.47705078125
Memory cached:  226.0
	 epoch  90 training error:  tensor(0.0721, device='cuda:0', grad_fn=<DivBackward0>)
Memory status after this epoch: 
Memory allocated:  128.47705078125
Memory cached:  226.0
[I 2023-12-02 22:45:45,279] Trial 11 finished with value: 0.06905489414930344 and parameters: {'W_layers': 3, 'W_layer_units_exponent_0': 8, 'W_layer_units_exponent_1': 8, 'W_layer_units_exponent_2': 9, 'D_layers': 2, 'D_layer_units_exponent_0': 4, 'D_layer_units_exponent_1': 7, 'D_dagger_layers': 3, 'D_dagger_layer_units_exponent_0': 10, 'D_dagger_layer_units_exponent_1': 10, 'D_dagger_layer_units_exponent_2': 4, 'log_learning_rate': -2.937938651142253, 'log_learning_rate_D': -4.753922972034518, 'log_learning_rate_D_dagger': -2.381854108501888, 'training_batch_size': 12, 'training_p': 3}. Best is trial 11 with value: 0.06905489414930344.
res:  tensor(0.0691, device='cuda:0', grad_fn=<DivBackward0>)
self.bestValue:  tensor(0.0718, device='cuda:0', grad_fn=<DivBackward0>)
Save this model!
Time for this trial:  17.323587656021118
Memory status after this trial: 
Memory allocated:  173.6708984375
Memory cached:  288.0
--------------------  Trial  12   --------------------
Start timing: 
Parameters: 
{'W_layers': 3, 'W_layer_units_exponent_0': 8, 'W_layer_units_exponent_1': 8, 'W_layer_units_exponent_2': 10, 'D_layers': 2, 'D_layer_units_exponent_0': 4, 'D_layer_units_exponent_1': 8, 'D_dagger_layers': 3, 'D_dagger_layer_units_exponent_0': 10, 'D_dagger_layer_units_exponent_1': 6, 'D_dagger_layer_units_exponent_2': 4, 'log_learning_rate': -3.0536076169434283, 'log_learning_rate_D': -4.91886650108088, 'log_learning_rate_D_dagger': -2.1774128484835997, 'training_batch_size': 12, 'training_p': 2}
	 epoch  0 training error:  tensor(2.3077, device='cuda:0', grad_fn=<DivBackward0>)
Memory status after this epoch: 
Memory allocated:  179.81689453125
Memory cached:  288.0
	 epoch  10 training error:  tensor(1.3945, device='cuda:0', grad_fn=<DivBackward0>)
Memory status after this epoch: 
Memory allocated:  179.81689453125
Memory cached:  288.0
	 epoch  20 training error:  tensor(0.5782, device='cuda:0', grad_fn=<DivBackward0>)
Memory status after this epoch: 
Memory allocated:  179.81689453125
Memory cached:  288.0
	 epoch  30 training error:  tensor(0.1347, device='cuda:0', grad_fn=<DivBackward0>)
Memory status after this epoch: 
Memory allocated:  179.81689453125
Memory cached:  288.0
	 epoch  40 training error:  tensor(0.0926, device='cuda:0', grad_fn=<DivBackward0>)
Memory status after this epoch: 
Memory allocated:  179.81689453125
Memory cached:  288.0
	 epoch  50 training error:  tensor(0.1012, device='cuda:0', grad_fn=<DivBackward0>)
Memory status after this epoch: 
Memory allocated:  179.81689453125
Memory cached:  288.0
	 epoch  60 training error:  tensor(0.0801, device='cuda:0', grad_fn=<DivBackward0>)
Memory status after this epoch: 
Memory allocated:  179.81689453125
Memory cached:  288.0
	 epoch  70 training error:  tensor(0.0734, device='cuda:0', grad_fn=<DivBackward0>)
Memory status after this epoch: 
Memory allocated:  179.81689453125
Memory cached:  288.0
	 epoch  80 training error:  tensor(0.0626, device='cuda:0', grad_fn=<DivBackward0>)
Memory status after this epoch: 
Memory allocated:  179.81689453125
Memory cached:  288.0
	 epoch  90 training error:  tensor(0.0626, device='cuda:0', grad_fn=<DivBackward0>)
Memory status after this epoch: 
Memory allocated:  179.81689453125
Memory cached:  288.0
[I 2023-12-02 22:46:02,282] Trial 12 finished with value: 0.06371106207370758 and parameters: {'W_layers': 3, 'W_layer_units_exponent_0': 8, 'W_layer_units_exponent_1': 8, 'W_layer_units_exponent_2': 10, 'D_layers': 2, 'D_layer_units_exponent_0': 4, 'D_layer_units_exponent_1': 8, 'D_dagger_layers': 3, 'D_dagger_layer_units_exponent_0': 10, 'D_dagger_layer_units_exponent_1': 6, 'D_dagger_layer_units_exponent_2': 4, 'log_learning_rate': -3.0536076169434283, 'log_learning_rate_D': -4.91886650108088, 'log_learning_rate_D_dagger': -2.1774128484835997, 'training_batch_size': 12, 'training_p': 2}. Best is trial 12 with value: 0.06371106207370758.
res:  tensor(0.0637, device='cuda:0', grad_fn=<DivBackward0>)
self.bestValue:  tensor(0.0691, device='cuda:0', grad_fn=<DivBackward0>)
Save this model!
Time for this trial:  16.785095691680908
Memory status after this trial: 
Memory allocated:  138.89453125
Memory cached:  252.0
--------------------  Trial  13   --------------------
Start timing: 
Parameters: 
{'W_layers': 3, 'W_layer_units_exponent_0': 8, 'W_layer_units_exponent_1': 8, 'W_layer_units_exponent_2': 10, 'D_layers': 2, 'D_layer_units_exponent_0': 4, 'D_layer_units_exponent_1': 6, 'D_dagger_layers': 2, 'D_dagger_layer_units_exponent_0': 10, 'D_dagger_layer_units_exponent_1': 6, 'log_learning_rate': -3.197271290670084, 'log_learning_rate_D': -4.022033526710697, 'log_learning_rate_D_dagger': -1.0787941332330644, 'training_batch_size': 11, 'training_p': 2}
	 epoch  0 training error:  tensor(1.8745, device='cuda:0', grad_fn=<DivBackward0>)
Memory status after this epoch: 
Memory allocated:  145.01025390625
Memory cached:  252.0
	 epoch  10 training error:  tensor(34.9560, device='cuda:0', grad_fn=<DivBackward0>)
Memory status after this epoch: 
Memory allocated:  145.01025390625
Memory cached:  252.0
	 epoch  20 training error:  tensor(8.5651, device='cuda:0', grad_fn=<DivBackward0>)
Memory status after this epoch: 
Memory allocated:  145.01025390625
Memory cached:  252.0
	 epoch  30 training error:  tensor(4.5426, device='cuda:0', grad_fn=<DivBackward0>)
Memory status after this epoch: 
Memory allocated:  145.01025390625
Memory cached:  252.0
	 epoch  40 training error:  tensor(1.1689, device='cuda:0', grad_fn=<DivBackward0>)
Memory status after this epoch: 
Memory allocated:  145.01025390625
Memory cached:  252.0
	 epoch  50 training error:  tensor(0.6476, device='cuda:0', grad_fn=<DivBackward0>)
Memory status after this epoch: 
Memory allocated:  145.01025390625
Memory cached:  252.0
	 epoch  60 training error:  tensor(0.2483, device='cuda:0', grad_fn=<DivBackward0>)
Memory status after this epoch: 
Memory allocated:  145.01025390625
Memory cached:  252.0
	 epoch  70 training error:  tensor(0.2038, device='cuda:0', grad_fn=<DivBackward0>)
Memory status after this epoch: 
Memory allocated:  145.01025390625
Memory cached:  252.0
	 epoch  80 training error:  tensor(0.0872, device='cuda:0', grad_fn=<DivBackward0>)
Memory status after this epoch: 
Memory allocated:  145.01025390625
Memory cached:  252.0
	 epoch  90 training error:  tensor(0.0807, device='cuda:0', grad_fn=<DivBackward0>)
Memory status after this epoch: 
Memory allocated:  145.01025390625
Memory cached:  252.0
[I 2023-12-02 22:46:18,891] Trial 13 finished with value: 0.09416952729225159 and parameters: {'W_layers': 3, 'W_layer_units_exponent_0': 8, 'W_layer_units_exponent_1': 8, 'W_layer_units_exponent_2': 10, 'D_layers': 2, 'D_layer_units_exponent_0': 4, 'D_layer_units_exponent_1': 6, 'D_dagger_layers': 2, 'D_dagger_layer_units_exponent_0': 10, 'D_dagger_layer_units_exponent_1': 6, 'log_learning_rate': -3.197271290670084, 'log_learning_rate_D': -4.022033526710697, 'log_learning_rate_D_dagger': -1.0787941332330644, 'training_batch_size': 11, 'training_p': 2}. Best is trial 12 with value: 0.06371106207370758.
Time for this trial:  16.417592763900757
Memory status after this trial: 
Memory allocated:  276.99853515625
Memory cached:  308.0
--------------------  Trial  14   --------------------
Start timing: 
Parameters: 
{'W_layers': 3, 'W_layer_units_exponent_0': 8, 'W_layer_units_exponent_1': 8, 'W_layer_units_exponent_2': 9, 'D_layers': 4, 'D_layer_units_exponent_0': 4, 'D_layer_units_exponent_1': 8, 'D_layer_units_exponent_2': 10, 'D_layer_units_exponent_3': 10, 'D_dagger_layers': 3, 'D_dagger_layer_units_exponent_0': 9, 'D_dagger_layer_units_exponent_1': 10, 'D_dagger_layer_units_exponent_2': 5, 'log_learning_rate': -3.1791335111056904, 'log_learning_rate_D': -3.8986491706371096, 'log_learning_rate_D_dagger': -2.1185240311377482, 'training_batch_size': 11, 'training_p': 8}
	 epoch  0 training error:  tensor(0.1382, device='cuda:0', grad_fn=<DivBackward0>)
Memory status after this epoch: 
Memory allocated:  157.11181640625
Memory cached:  272.0
	 epoch  10 training error:  tensor(3.0972, device='cuda:0', grad_fn=<DivBackward0>)
Memory status after this epoch: 
Memory allocated:  157.11181640625
Memory cached:  272.0
	 epoch  20 training error:  tensor(1.4567, device='cuda:0', grad_fn=<DivBackward0>)
Memory status after this epoch: 
Memory allocated:  157.11181640625
Memory cached:  272.0
	 epoch  30 training error:  tensor(1.1504, device='cuda:0', grad_fn=<DivBackward0>)
Memory status after this epoch: 
Memory allocated:  157.11181640625
Memory cached:  272.0
	 epoch  40 training error:  tensor(0.5547, device='cuda:0', grad_fn=<DivBackward0>)
Memory status after this epoch: 
Memory allocated:  157.11181640625
Memory cached:  272.0
	 epoch  50 training error:  tensor(0.3131, device='cuda:0', grad_fn=<DivBackward0>)
Memory status after this epoch: 
Memory allocated:  157.11181640625
Memory cached:  272.0
	 epoch  60 training error:  tensor(0.1439, device='cuda:0', grad_fn=<DivBackward0>)
Memory status after this epoch: 
Memory allocated:  157.11181640625
Memory cached:  272.0
	 epoch  70 training error:  tensor(0.1161, device='cuda:0', grad_fn=<DivBackward0>)
Memory status after this epoch: 
Memory allocated:  157.11181640625
Memory cached:  272.0
	 epoch  80 training error:  tensor(0.1149, device='cuda:0', grad_fn=<DivBackward0>)
Memory status after this epoch: 
Memory allocated:  157.11181640625
Memory cached:  272.0
	 epoch  90 training error:  tensor(0.1043, device='cuda:0', grad_fn=<DivBackward0>)
Memory status after this epoch: 
Memory allocated:  157.11181640625
Memory cached:  272.0
[I 2023-12-02 22:46:36,356] Trial 14 finished with value: 0.07877584546804428 and parameters: {'W_layers': 3, 'W_layer_units_exponent_0': 8, 'W_layer_units_exponent_1': 8, 'W_layer_units_exponent_2': 9, 'D_layers': 4, 'D_layer_units_exponent_0': 4, 'D_layer_units_exponent_1': 8, 'D_layer_units_exponent_2': 10, 'D_layer_units_exponent_3': 10, 'D_dagger_layers': 3, 'D_dagger_layer_units_exponent_0': 9, 'D_dagger_layer_units_exponent_1': 10, 'D_dagger_layer_units_exponent_2': 5, 'log_learning_rate': -3.1791335111056904, 'log_learning_rate_D': -3.8986491706371096, 'log_learning_rate_D_dagger': -2.1185240311377482, 'training_batch_size': 11, 'training_p': 8}. Best is trial 12 with value: 0.06371106207370758.
Time for this trial:  17.2731831073761
Memory status after this trial: 
Memory allocated:  281.66650390625
Memory cached:  312.0
--------------------  Trial  15   --------------------
Start timing: 
Parameters: 
{'W_layers': 2, 'W_layer_units_exponent_0': 9, 'W_layer_units_exponent_1': 10, 'D_layers': 5, 'D_layer_units_exponent_0': 4, 'D_layer_units_exponent_1': 6, 'D_layer_units_exponent_2': 4, 'D_layer_units_exponent_3': 7, 'D_layer_units_exponent_4': 10, 'D_dagger_layers': 3, 'D_dagger_layer_units_exponent_0': 10, 'D_dagger_layer_units_exponent_1': 5, 'D_dagger_layer_units_exponent_2': 5, 'log_learning_rate': -2.869231319442364, 'log_learning_rate_D': -4.960957868441435, 'log_learning_rate_D_dagger': -2.0379831740346477, 'training_batch_size': 9, 'training_p': 3}
	 epoch  0 training error:  tensor(1.1579, device='cuda:0', grad_fn=<DivBackward0>)
Memory status after this epoch: 
Memory allocated:  149.2705078125
Memory cached:  272.0
	 epoch  10 training error:  tensor(3.6285, device='cuda:0', grad_fn=<DivBackward0>)
Memory status after this epoch: 
Memory allocated:  149.2705078125
Memory cached:  272.0
	 epoch  20 training error:  tensor(0.5942, device='cuda:0', grad_fn=<DivBackward0>)
Memory status after this epoch: 
Memory allocated:  149.2705078125
Memory cached:  272.0
	 epoch  30 training error:  tensor(1.1441, device='cuda:0', grad_fn=<DivBackward0>)
Memory status after this epoch: 
Memory allocated:  149.2705078125
Memory cached:  272.0
	 epoch  40 training error:  tensor(0.9112, device='cuda:0', grad_fn=<DivBackward0>)
Memory status after this epoch: 
Memory allocated:  149.2705078125
Memory cached:  272.0
	 epoch  50 training error:  tensor(0.4632, device='cuda:0', grad_fn=<DivBackward0>)
Memory status after this epoch: 
Memory allocated:  149.2705078125
Memory cached:  272.0
	 epoch  60 training error:  tensor(0.5145, device='cuda:0', grad_fn=<DivBackward0>)
Memory status after this epoch: 
Memory allocated:  149.2705078125
Memory cached:  272.0
	 epoch  70 training error:  tensor(0.5147, device='cuda:0', grad_fn=<DivBackward0>)
Memory status after this epoch: 
Memory allocated:  149.2705078125
Memory cached:  272.0
	 epoch  80 training error:  tensor(0.2610, device='cuda:0', grad_fn=<DivBackward0>)
Memory status after this epoch: 
Memory allocated:  149.2705078125
Memory cached:  272.0
	 epoch  90 training error:  tensor(0.2890, device='cuda:0', grad_fn=<DivBackward0>)
Memory status after this epoch: 
Memory allocated:  149.2705078125
Memory cached:  272.0
[I 2023-12-02 22:46:53,027] Trial 15 finished with value: 0.3087998330593109 and parameters: {'W_layers': 2, 'W_layer_units_exponent_0': 9, 'W_layer_units_exponent_1': 10, 'D_layers': 5, 'D_layer_units_exponent_0': 4, 'D_layer_units_exponent_1': 6, 'D_layer_units_exponent_2': 4, 'D_layer_units_exponent_3': 7, 'D_layer_units_exponent_4': 10, 'D_dagger_layers': 3, 'D_dagger_layer_units_exponent_0': 10, 'D_dagger_layer_units_exponent_1': 5, 'D_dagger_layer_units_exponent_2': 5, 'log_learning_rate': -2.869231319442364, 'log_learning_rate_D': -4.960957868441435, 'log_learning_rate_D_dagger': -2.0379831740346477, 'training_batch_size': 9, 'training_p': 3}. Best is trial 12 with value: 0.06371106207370758.
Time for this trial:  16.476648092269897
Memory status after this trial: 
Memory allocated:  277.89404296875
Memory cached:  308.0
--------------------  Trial  16   --------------------
Start timing: 
Parameters: 
{'W_layers': 6, 'W_layer_units_exponent_0': 6, 'W_layer_units_exponent_1': 7, 'W_layer_units_exponent_2': 10, 'W_layer_units_exponent_3': 4, 'W_layer_units_exponent_4': 4, 'W_layer_units_exponent_5': 4, 'D_layers': 8, 'D_layer_units_exponent_0': 5, 'D_layer_units_exponent_1': 9, 'D_layer_units_exponent_2': 9, 'D_layer_units_exponent_3': 4, 'D_layer_units_exponent_4': 10, 'D_layer_units_exponent_5': 4, 'D_layer_units_exponent_6': 4, 'D_layer_units_exponent_7': 10, 'D_dagger_layers': 4, 'D_dagger_layer_units_exponent_0': 9, 'D_dagger_layer_units_exponent_1': 8, 'D_dagger_layer_units_exponent_2': 5, 'D_dagger_layer_units_exponent_3': 7, 'log_learning_rate': -3.6376267691178468, 'log_learning_rate_D': -3.7620266059334075, 'log_learning_rate_D_dagger': -2.3912072758889957, 'training_batch_size': 12, 'training_p': 3}
	 epoch  0 training error:  tensor(0.9240, device='cuda:0', grad_fn=<DivBackward0>)
Memory status after this epoch: 
Memory allocated:  144.8515625
Memory cached:  258.0
	 epoch  10 training error:  tensor(1.2253, device='cuda:0', grad_fn=<DivBackward0>)
Memory status after this epoch: 
Memory allocated:  144.8515625
Memory cached:  258.0
	 epoch  20 training error:  tensor(0.1251, device='cuda:0', grad_fn=<DivBackward0>)
Memory status after this epoch: 
Memory allocated:  144.8515625
Memory cached:  258.0
	 epoch  30 training error:  tensor(0.1415, device='cuda:0', grad_fn=<DivBackward0>)
Memory status after this epoch: 
Memory allocated:  144.8515625
Memory cached:  258.0
	 epoch  40 training error:  tensor(0.0795, device='cuda:0', grad_fn=<DivBackward0>)
Memory status after this epoch: 
Memory allocated:  144.8515625
Memory cached:  258.0
	 epoch  50 training error:  tensor(0.0835, device='cuda:0', grad_fn=<DivBackward0>)
Memory status after this epoch: 
Memory allocated:  144.8515625
Memory cached:  258.0
	 epoch  60 training error:  tensor(0.0756, device='cuda:0', grad_fn=<DivBackward0>)
Memory status after this epoch: 
Memory allocated:  144.8515625
Memory cached:  258.0
	 epoch  70 training error:  tensor(0.0751, device='cuda:0', grad_fn=<DivBackward0>)
Memory status after this epoch: 
Memory allocated:  144.8515625
Memory cached:  258.0
	 epoch  80 training error:  tensor(0.0730, device='cuda:0', grad_fn=<DivBackward0>)
Memory status after this epoch: 
Memory allocated:  144.8515625
Memory cached:  258.0
	 epoch  90 training error:  tensor(0.0721, device='cuda:0', grad_fn=<DivBackward0>)
Memory status after this epoch: 
Memory allocated:  144.8515625
Memory cached:  258.0
