[I 2024-01-13 03:36:21,745] Trial 113 finished with value: 0.08055218309164047 and parameters: {'W_layers': 2, 'W_layer_units_exponent_0': 7, 'W_layer_units_exponent_1': 4, 'D_layers': 4, 'D_layer_units_exponent_0': 5, 'D_layer_units_exponent_1': 4, 'D_layer_units_exponent_2': 8, 'D_layer_units_exponent_3': 10, 'D_dagger_layers': 7, 'D_dagger_layer_units_exponent_0': 9, 'D_dagger_layer_units_exponent_1': 6, 'D_dagger_layer_units_exponent_2': 6, 'D_dagger_layer_units_exponent_3': 6, 'D_dagger_layer_units_exponent_4': 6, 'D_dagger_layer_units_exponent_5': 7, 'D_dagger_layer_units_exponent_6': 7, 'log_learning_rate': -4.587713849387256, 'log_learning_rate_D': -2.724973625851141, 'log_learning_rate_D_dagger': -2.793871833543494, 'training_batch_size': 6, 'training_p': 8}. Best is trial 113 with value: 0.08055218309164047.
res:  tensor(0.0806, device='cuda:0', grad_fn=<DivBackward0>)
self.bestValue:  tensor(0.0829, device='cuda:0', grad_fn=<DivBackward0>)
Save this model!
Time for this trial:  449.0819637775421
Memory status after this trial: 
Memory allocated:  250.70849609375
Memory cached:  454.0
--------------------  Trial  114   --------------------
Start timing: 
Parameters: 
{'W_layers': 2, 'W_layer_units_exponent_0': 7, 'W_layer_units_exponent_1': 4, 'D_layers': 3, 'D_layer_units_exponent_0': 5, 'D_layer_units_exponent_1': 4, 'D_layer_units_exponent_2': 8, 'D_dagger_layers': 7, 'D_dagger_layer_units_exponent_0': 9, 'D_dagger_layer_units_exponent_1': 8, 'D_dagger_layer_units_exponent_2': 5, 'D_dagger_layer_units_exponent_3': 6, 'D_dagger_layer_units_exponent_4': 6, 'D_dagger_layer_units_exponent_5': 7, 'D_dagger_layer_units_exponent_6': 8, 'log_learning_rate': -4.166613488397693, 'log_learning_rate_D': -2.5966525251830594, 'log_learning_rate_D_dagger': -2.6975363618726007, 'training_batch_size': 6, 'training_p': 8}
	 epoch  0 training error:  tensor(0.7592, device='cuda:0', grad_fn=<DivBackward0>)
Memory status after this epoch: 
Memory allocated:  253.73193359375
Memory cached:  454.0
	 epoch  10 training error:  tensor(0.5942, device='cuda:0', grad_fn=<DivBackward0>)
Memory status after this epoch: 
Memory allocated:  253.73193359375
Memory cached:  458.0
	 epoch  20 training error:  tensor(0.5470, device='cuda:0', grad_fn=<DivBackward0>)
Memory status after this epoch: 
Memory allocated:  253.73193359375
Memory cached:  456.0
	 epoch  30 training error:  tensor(0.5305, device='cuda:0', grad_fn=<DivBackward0>)
Memory status after this epoch: 
Memory allocated:  253.73193359375
Memory cached:  456.0
	 epoch  40 training error:  tensor(0.5277, device='cuda:0', grad_fn=<DivBackward0>)
Memory status after this epoch: 
Memory allocated:  253.73193359375
Memory cached:  454.0
	 epoch  50 training error:  tensor(0.5293, device='cuda:0', grad_fn=<DivBackward0>)
Memory status after this epoch: 
Memory allocated:  253.73193359375
Memory cached:  456.0
	 epoch  60 training error:  tensor(0.4139, device='cuda:0', grad_fn=<DivBackward0>)
Memory status after this epoch: 
Memory allocated:  253.73193359375
Memory cached:  458.0
	 epoch  70 training error:  tensor(0.3038, device='cuda:0', grad_fn=<DivBackward0>)
Memory status after this epoch: 
Memory allocated:  253.73193359375
Memory cached:  458.0
	 epoch  80 training error:  tensor(0.3883, device='cuda:0', grad_fn=<DivBackward0>)
Memory status after this epoch: 
Memory allocated:  253.73193359375
Memory cached:  458.0
	 epoch  90 training error:  tensor(0.1597, device='cuda:0', grad_fn=<DivBackward0>)
Memory status after this epoch: 
Memory allocated:  253.73193359375
Memory cached:  458.0
[I 2024-01-13 03:43:29,629] Trial 114 finished with value: 0.18259024620056152 and parameters: {'W_layers': 2, 'W_layer_units_exponent_0': 7, 'W_layer_units_exponent_1': 4, 'D_layers': 3, 'D_layer_units_exponent_0': 5, 'D_layer_units_exponent_1': 4, 'D_layer_units_exponent_2': 8, 'D_dagger_layers': 7, 'D_dagger_layer_units_exponent_0': 9, 'D_dagger_layer_units_exponent_1': 8, 'D_dagger_layer_units_exponent_2': 5, 'D_dagger_layer_units_exponent_3': 6, 'D_dagger_layer_units_exponent_4': 6, 'D_dagger_layer_units_exponent_5': 7, 'D_dagger_layer_units_exponent_6': 8, 'log_learning_rate': -4.166613488397693, 'log_learning_rate_D': -2.5966525251830594, 'log_learning_rate_D_dagger': -2.6975363618726007, 'training_batch_size': 6, 'training_p': 8}. Best is trial 113 with value: 0.08055218309164047.
Time for this trial:  427.5210220813751
Memory status after this trial: 
Memory allocated:  432.21484375
Memory cached:  456.0
--------------------  Trial  115   --------------------
Start timing: 
Parameters: 
{'W_layers': 2, 'W_layer_units_exponent_0': 8, 'W_layer_units_exponent_1': 4, 'D_layers': 4, 'D_layer_units_exponent_0': 5, 'D_layer_units_exponent_1': 4, 'D_layer_units_exponent_2': 8, 'D_layer_units_exponent_3': 10, 'D_dagger_layers': 7, 'D_dagger_layer_units_exponent_0': 9, 'D_dagger_layer_units_exponent_1': 7, 'D_dagger_layer_units_exponent_2': 6, 'D_dagger_layer_units_exponent_3': 5, 'D_dagger_layer_units_exponent_4': 5, 'D_dagger_layer_units_exponent_5': 6, 'D_dagger_layer_units_exponent_6': 6, 'log_learning_rate': -4.587453653489738, 'log_learning_rate_D': -2.7195470516024973, 'log_learning_rate_D_dagger': -2.804258595916309, 'training_batch_size': 6, 'training_p': 8}
	 epoch  0 training error:  tensor(0.9023, device='cuda:0', grad_fn=<DivBackward0>)
Memory status after this epoch: 
Memory allocated:  256.21044921875
Memory cached:  456.0
	 epoch  10 training error:  tensor(0.5343, device='cuda:0', grad_fn=<DivBackward0>)
Memory status after this epoch: 
Memory allocated:  256.21044921875
Memory cached:  456.0
	 epoch  20 training error:  tensor(0.5325, device='cuda:0', grad_fn=<DivBackward0>)
Memory status after this epoch: 
Memory allocated:  256.21044921875
Memory cached:  456.0
	 epoch  30 training error:  tensor(0.5894, device='cuda:0', grad_fn=<DivBackward0>)
Memory status after this epoch: 
Memory allocated:  256.21044921875
Memory cached:  456.0
	 epoch  40 training error:  tensor(0.4122, device='cuda:0', grad_fn=<DivBackward0>)
Memory status after this epoch: 
Memory allocated:  256.21044921875
Memory cached:  456.0
	 epoch  50 training error:  tensor(0.2648, device='cuda:0', grad_fn=<DivBackward0>)
Memory status after this epoch: 
Memory allocated:  256.21044921875
Memory cached:  456.0
	 epoch  60 training error:  tensor(0.1658, device='cuda:0', grad_fn=<DivBackward0>)
Memory status after this epoch: 
Memory allocated:  256.21044921875
Memory cached:  456.0
	 epoch  70 training error:  tensor(0.1410, device='cuda:0', grad_fn=<DivBackward0>)
Memory status after this epoch: 
Memory allocated:  256.21044921875
Memory cached:  456.0
	 epoch  80 training error:  tensor(0.1568, device='cuda:0', grad_fn=<DivBackward0>)
Memory status after this epoch: 
Memory allocated:  256.21044921875
Memory cached:  456.0
	 epoch  90 training error:  tensor(0.1529, device='cuda:0', grad_fn=<DivBackward0>)
Memory status after this epoch: 
Memory allocated:  256.21044921875
Memory cached:  456.0
[I 2024-01-13 03:51:04,914] Trial 115 finished with value: 0.10430815070867538 and parameters: {'W_layers': 2, 'W_layer_units_exponent_0': 8, 'W_layer_units_exponent_1': 4, 'D_layers': 4, 'D_layer_units_exponent_0': 5, 'D_layer_units_exponent_1': 4, 'D_layer_units_exponent_2': 8, 'D_layer_units_exponent_3': 10, 'D_dagger_layers': 7, 'D_dagger_layer_units_exponent_0': 9, 'D_dagger_layer_units_exponent_1': 7, 'D_dagger_layer_units_exponent_2': 6, 'D_dagger_layer_units_exponent_3': 5, 'D_dagger_layer_units_exponent_4': 5, 'D_dagger_layer_units_exponent_5': 6, 'D_dagger_layer_units_exponent_6': 6, 'log_learning_rate': -4.587453653489738, 'log_learning_rate_D': -2.7195470516024973, 'log_learning_rate_D_dagger': -2.804258595916309, 'training_batch_size': 6, 'training_p': 8}. Best is trial 113 with value: 0.08055218309164047.
Time for this trial:  454.85544514656067
Memory status after this trial: 
Memory allocated:  502.3017578125
Memory cached:  506.0
--------------------  Trial  116   --------------------
Start timing: 
Parameters: 
{'W_layers': 2, 'W_layer_units_exponent_0': 8, 'W_layer_units_exponent_1': 4, 'D_layers': 3, 'D_layer_units_exponent_0': 5, 'D_layer_units_exponent_1': 4, 'D_layer_units_exponent_2': 9, 'D_dagger_layers': 7, 'D_dagger_layer_units_exponent_0': 9, 'D_dagger_layer_units_exponent_1': 6, 'D_dagger_layer_units_exponent_2': 6, 'D_dagger_layer_units_exponent_3': 6, 'D_dagger_layer_units_exponent_4': 5, 'D_dagger_layer_units_exponent_5': 6, 'D_dagger_layer_units_exponent_6': 6, 'log_learning_rate': -4.569813149094451, 'log_learning_rate_D': -2.5291454666977975, 'log_learning_rate_D_dagger': -2.8066943897348353, 'training_batch_size': 6, 'training_p': 8}
	 epoch  0 training error:  tensor(0.7391, device='cuda:0', grad_fn=<DivBackward0>)
Memory status after this epoch: 
Memory allocated:  251.73779296875
Memory cached:  456.0
	 epoch  10 training error:  tensor(0.5503, device='cuda:0', grad_fn=<DivBackward0>)
Memory status after this epoch: 
Memory allocated:  251.73779296875
Memory cached:  456.0
	 epoch  20 training error:  tensor(0.5314, device='cuda:0', grad_fn=<DivBackward0>)
Memory status after this epoch: 
Memory allocated:  251.73779296875
Memory cached:  456.0
	 epoch  30 training error:  tensor(0.5401, device='cuda:0', grad_fn=<DivBackward0>)
Memory status after this epoch: 
Memory allocated:  251.73779296875
Memory cached:  456.0
	 epoch  40 training error:  tensor(0.4407, device='cuda:0', grad_fn=<DivBackward0>)
Memory status after this epoch: 
Memory allocated:  251.73779296875
Memory cached:  456.0
	 epoch  50 training error:  tensor(0.3152, device='cuda:0', grad_fn=<DivBackward0>)
Memory status after this epoch: 
Memory allocated:  251.73779296875
Memory cached:  456.0
	 epoch  60 training error:  tensor(0.3034, device='cuda:0', grad_fn=<DivBackward0>)
Memory status after this epoch: 
Memory allocated:  251.73779296875
Memory cached:  456.0
	 epoch  70 training error:  tensor(0.2576, device='cuda:0', grad_fn=<DivBackward0>)
Memory status after this epoch: 
Memory allocated:  251.73779296875
Memory cached:  456.0
	 epoch  80 training error:  tensor(0.1802, device='cuda:0', grad_fn=<DivBackward0>)
Memory status after this epoch: 
Memory allocated:  251.73779296875
Memory cached:  456.0
	 epoch  90 training error:  tensor(0.1748, device='cuda:0', grad_fn=<DivBackward0>)
Memory status after this epoch: 
Memory allocated:  251.73779296875
Memory cached:  456.0
[I 2024-01-13 03:58:09,005] Trial 116 finished with value: 0.11038192361593246 and parameters: {'W_layers': 2, 'W_layer_units_exponent_0': 8, 'W_layer_units_exponent_1': 4, 'D_layers': 3, 'D_layer_units_exponent_0': 5, 'D_layer_units_exponent_1': 4, 'D_layer_units_exponent_2': 9, 'D_dagger_layers': 7, 'D_dagger_layer_units_exponent_0': 9, 'D_dagger_layer_units_exponent_1': 6, 'D_dagger_layer_units_exponent_2': 6, 'D_dagger_layer_units_exponent_3': 6, 'D_dagger_layer_units_exponent_4': 5, 'D_dagger_layer_units_exponent_5': 6, 'D_dagger_layer_units_exponent_6': 6, 'log_learning_rate': -4.569813149094451, 'log_learning_rate_D': -2.5291454666977975, 'log_learning_rate_D_dagger': -2.8066943897348353, 'training_batch_size': 6, 'training_p': 8}. Best is trial 113 with value: 0.08055218309164047.
Time for this trial:  423.6568145751953
Memory status after this trial: 
Memory allocated:  423.1708984375
Memory cached:  456.0
--------------------  Trial  117   --------------------
Start timing: 
Parameters: 
{'W_layers': 2, 'W_layer_units_exponent_0': 8, 'W_layer_units_exponent_1': 4, 'D_layers': 4, 'D_layer_units_exponent_0': 6, 'D_layer_units_exponent_1': 4, 'D_layer_units_exponent_2': 8, 'D_layer_units_exponent_3': 10, 'D_dagger_layers': 7, 'D_dagger_layer_units_exponent_0': 9, 'D_dagger_layer_units_exponent_1': 6, 'D_dagger_layer_units_exponent_2': 6, 'D_dagger_layer_units_exponent_3': 5, 'D_dagger_layer_units_exponent_4': 5, 'D_dagger_layer_units_exponent_5': 5, 'D_dagger_layer_units_exponent_6': 6, 'log_learning_rate': -4.300088502223531, 'log_learning_rate_D': -2.7381199397928127, 'log_learning_rate_D_dagger': -2.959619108238019, 'training_batch_size': 6, 'training_p': 8}
	 epoch  0 training error:  tensor(1.0603, device='cuda:0', grad_fn=<DivBackward0>)
Memory status after this epoch: 
Memory allocated:  255.60888671875
Memory cached:  452.0
	 epoch  10 training error:  tensor(0.5743, device='cuda:0', grad_fn=<DivBackward0>)
Memory status after this epoch: 
Memory allocated:  255.60888671875
Memory cached:  452.0
	 epoch  20 training error:  tensor(0.5371, device='cuda:0', grad_fn=<DivBackward0>)
Memory status after this epoch: 
Memory allocated:  255.60888671875
Memory cached:  452.0
	 epoch  30 training error:  tensor(0.5361, device='cuda:0', grad_fn=<DivBackward0>)
Memory status after this epoch: 
Memory allocated:  255.60888671875
Memory cached:  452.0
	 epoch  40 training error:  tensor(0.5289, device='cuda:0', grad_fn=<DivBackward0>)
Memory status after this epoch: 
Memory allocated:  255.60888671875
Memory cached:  452.0
	 epoch  50 training error:  tensor(0.5178, device='cuda:0', grad_fn=<DivBackward0>)
Memory status after this epoch: 
Memory allocated:  255.60888671875
Memory cached:  452.0
	 epoch  60 training error:  tensor(0.5106, device='cuda:0', grad_fn=<DivBackward0>)
Memory status after this epoch: 
Memory allocated:  255.60888671875
Memory cached:  452.0
	 epoch  70 training error:  tensor(0.4444, device='cuda:0', grad_fn=<DivBackward0>)
Memory status after this epoch: 
Memory allocated:  255.60888671875
Memory cached:  452.0
	 epoch  80 training error:  tensor(0.2698, device='cuda:0', grad_fn=<DivBackward0>)
Memory status after this epoch: 
Memory allocated:  255.60888671875
Memory cached:  452.0
	 epoch  90 training error:  tensor(0.2111, device='cuda:0', grad_fn=<DivBackward0>)
Memory status after this epoch: 
Memory allocated:  255.60888671875
Memory cached:  452.0
[I 2024-01-13 04:05:42,101] Trial 117 finished with value: 0.2959322929382324 and parameters: {'W_layers': 2, 'W_layer_units_exponent_0': 8, 'W_layer_units_exponent_1': 4, 'D_layers': 4, 'D_layer_units_exponent_0': 6, 'D_layer_units_exponent_1': 4, 'D_layer_units_exponent_2': 8, 'D_layer_units_exponent_3': 10, 'D_dagger_layers': 7, 'D_dagger_layer_units_exponent_0': 9, 'D_dagger_layer_units_exponent_1': 6, 'D_dagger_layer_units_exponent_2': 6, 'D_dagger_layer_units_exponent_3': 5, 'D_dagger_layer_units_exponent_4': 5, 'D_dagger_layer_units_exponent_5': 5, 'D_dagger_layer_units_exponent_6': 6, 'log_learning_rate': -4.300088502223531, 'log_learning_rate_D': -2.7381199397928127, 'log_learning_rate_D_dagger': -2.959619108238019, 'training_batch_size': 6, 'training_p': 8}. Best is trial 113 with value: 0.08055218309164047.
Time for this trial:  452.5788309574127
Memory status after this trial: 
Memory allocated:  495.130859375
Memory cached:  500.0
--------------------  Trial  118   --------------------
Start timing: 
Parameters: 
{'W_layers': 2, 'W_layer_units_exponent_0': 7, 'W_layer_units_exponent_1': 5, 'D_layers': 4, 'D_layer_units_exponent_0': 5, 'D_layer_units_exponent_1': 4, 'D_layer_units_exponent_2': 8, 'D_layer_units_exponent_3': 10, 'D_dagger_layers': 7, 'D_dagger_layer_units_exponent_0': 9, 'D_dagger_layer_units_exponent_1': 6, 'D_dagger_layer_units_exponent_2': 6, 'D_dagger_layer_units_exponent_3': 6, 'D_dagger_layer_units_exponent_4': 6, 'D_dagger_layer_units_exponent_5': 6, 'D_dagger_layer_units_exponent_6': 6, 'log_learning_rate': -4.404615085546109, 'log_learning_rate_D': -2.3620117492933725, 'log_learning_rate_D_dagger': -2.647595106584489, 'training_batch_size': 7, 'training_p': 8}
	 epoch  0 training error:  tensor(0.8588, device='cuda:0', grad_fn=<DivBackward0>)
Memory status after this epoch: 
Memory allocated:  255.70361328125
Memory cached:  452.0
	 epoch  10 training error:  tensor(0.5996, device='cuda:0', grad_fn=<DivBackward0>)
Memory status after this epoch: 
Memory allocated:  255.70361328125
Memory cached:  454.0
	 epoch  20 training error:  tensor(0.5473, device='cuda:0', grad_fn=<DivBackward0>)
Memory status after this epoch: 
Memory allocated:  255.70361328125
Memory cached:  454.0
	 epoch  30 training error:  tensor(0.5467, device='cuda:0', grad_fn=<DivBackward0>)
Memory status after this epoch: 
Memory allocated:  255.70361328125
Memory cached:  452.0
	 epoch  40 training error:  tensor(0.5344, device='cuda:0', grad_fn=<DivBackward0>)
Memory status after this epoch: 
Memory allocated:  255.70361328125
Memory cached:  456.0
	 epoch  50 training error:  tensor(0.5297, device='cuda:0', grad_fn=<DivBackward0>)
Memory status after this epoch: 
Memory allocated:  255.70361328125
Memory cached:  458.0
	 epoch  60 training error:  tensor(0.5524, device='cuda:0', grad_fn=<DivBackward0>)
Memory status after this epoch: 
Memory allocated:  255.70361328125
Memory cached:  458.0
	 epoch  70 training error:  tensor(0.5353, device='cuda:0', grad_fn=<DivBackward0>)
Memory status after this epoch: 
Memory allocated:  255.70361328125
Memory cached:  452.0
	 epoch  80 training error:  tensor(0.5710, device='cuda:0', grad_fn=<DivBackward0>)
Memory status after this epoch: 
Memory allocated:  255.70361328125
Memory cached:  456.0
	 epoch  90 training error:  tensor(0.5408, device='cuda:0', grad_fn=<DivBackward0>)
Memory status after this epoch: 
Memory allocated:  255.70361328125
Memory cached:  452.0
[I 2024-01-13 04:11:05,508] Trial 118 finished with value: 0.4445328712463379 and parameters: {'W_layers': 2, 'W_layer_units_exponent_0': 7, 'W_layer_units_exponent_1': 5, 'D_layers': 4, 'D_layer_units_exponent_0': 5, 'D_layer_units_exponent_1': 4, 'D_layer_units_exponent_2': 8, 'D_layer_units_exponent_3': 10, 'D_dagger_layers': 7, 'D_dagger_layer_units_exponent_0': 9, 'D_dagger_layer_units_exponent_1': 6, 'D_dagger_layer_units_exponent_2': 6, 'D_dagger_layer_units_exponent_3': 6, 'D_dagger_layer_units_exponent_4': 6, 'D_dagger_layer_units_exponent_5': 6, 'D_dagger_layer_units_exponent_6': 6, 'log_learning_rate': -4.404615085546109, 'log_learning_rate_D': -2.3620117492933725, 'log_learning_rate_D_dagger': -2.647595106584489, 'training_batch_size': 7, 'training_p': 8}. Best is trial 113 with value: 0.08055218309164047.
Time for this trial:  322.96776509284973
Memory status after this trial: 
Memory allocated:  489.81640625
Memory cached:  494.0
--------------------  Trial  119   --------------------
Start timing: 
Parameters: 
{'W_layers': 2, 'W_layer_units_exponent_0': 7, 'W_layer_units_exponent_1': 8, 'D_layers': 3, 'D_layer_units_exponent_0': 6, 'D_layer_units_exponent_1': 4, 'D_layer_units_exponent_2': 8, 'D_dagger_layers': 8, 'D_dagger_layer_units_exponent_0': 9, 'D_dagger_layer_units_exponent_1': 8, 'D_dagger_layer_units_exponent_2': 6, 'D_dagger_layer_units_exponent_3': 5, 'D_dagger_layer_units_exponent_4': 4, 'D_dagger_layer_units_exponent_5': 8, 'D_dagger_layer_units_exponent_6': 7, 'D_dagger_layer_units_exponent_7': 4, 'log_learning_rate': -4.450891584081673, 'log_learning_rate_D': -2.8445606779044827, 'log_learning_rate_D_dagger': -2.883137951008234, 'training_batch_size': 6, 'training_p': 8}
	 epoch  0 training error:  tensor(1.3261, device='cuda:0', grad_fn=<DivBackward0>)
Memory status after this epoch: 
Memory allocated:  254.25146484375
Memory cached:  454.0
	 epoch  10 training error:  tensor(0.5599, device='cuda:0', grad_fn=<DivBackward0>)
Memory status after this epoch: 
Memory allocated:  254.25146484375
Memory cached:  454.0
	 epoch  20 training error:  tensor(0.5460, device='cuda:0', grad_fn=<DivBackward0>)
Memory status after this epoch: 
Memory allocated:  254.25146484375
Memory cached:  454.0
	 epoch  30 training error:  tensor(0.5443, device='cuda:0', grad_fn=<DivBackward0>)
Memory status after this epoch: 
Memory allocated:  254.25146484375
Memory cached:  454.0
	 epoch  40 training error:  tensor(0.5464, device='cuda:0', grad_fn=<DivBackward0>)
Memory status after this epoch: 
Memory allocated:  254.25146484375
Memory cached:  454.0
	 epoch  50 training error:  tensor(0.5398, device='cuda:0', grad_fn=<DivBackward0>)
Memory status after this epoch: 
Memory allocated:  254.25146484375
Memory cached:  454.0
	 epoch  60 training error:  tensor(0.5248, device='cuda:0', grad_fn=<DivBackward0>)
Memory status after this epoch: 
Memory allocated:  254.25146484375
Memory cached:  454.0
	 epoch  70 training error:  tensor(0.5223, device='cuda:0', grad_fn=<DivBackward0>)
Memory status after this epoch: 
Memory allocated:  254.25146484375
Memory cached:  454.0
	 epoch  80 training error:  tensor(0.4073, device='cuda:0', grad_fn=<DivBackward0>)
Memory status after this epoch: 
Memory allocated:  254.25146484375
Memory cached:  454.0
	 epoch  90 training error:  tensor(0.3052, device='cuda:0', grad_fn=<DivBackward0>)
Memory status after this epoch: 
Memory allocated:  254.25146484375
Memory cached:  454.0
