[I 2024-02-18 05:40:18,016] Trial 6 finished with value: 0.3358170986175537 and parameters: {'W_layers': 2, 'W_layer_units_exponent_0': 5, 'W_layer_units_exponent_1': 5, 'D_layers': 2, 'D_layer_units_exponent_0': 9, 'D_layer_units_exponent_1': 7, 'D_dagger_layers': 4, 'D_dagger_layer_units_exponent_0': 10, 'D_dagger_layer_units_exponent_1': 6, 'D_dagger_layer_units_exponent_2': 4, 'D_dagger_layer_units_exponent_3': 4, 'log_learning_rate': -4.704901752428523, 'log_learning_rate_D': -3.153351953283304, 'log_learning_rate_D_dagger': -4.544196720994297, 'training_batch_size': 6, 'training_p': 4}. Best is trial 2 with value: 0.3099179267883301.
Time for this trial:  24.223629474639893
Memory status after this trial: 
Memory allocated:  1342.19189453125
Memory cached:  1400.0
--------------------  Trial  7   --------------------
Start timing: 
Parameters: 
{'W_layers': 4, 'W_layer_units_exponent_0': 6, 'W_layer_units_exponent_1': 8, 'W_layer_units_exponent_2': 10, 'W_layer_units_exponent_3': 9, 'D_layers': 3, 'D_layer_units_exponent_0': 7, 'D_layer_units_exponent_1': 4, 'D_layer_units_exponent_2': 10, 'D_dagger_layers': 4, 'D_dagger_layer_units_exponent_0': 9, 'D_dagger_layer_units_exponent_1': 4, 'D_dagger_layer_units_exponent_2': 8, 'D_dagger_layer_units_exponent_3': 7, 'log_learning_rate': -4.0137730490321175, 'log_learning_rate_D': -3.4637977876323927, 'log_learning_rate_D_dagger': -1.2724805420936796, 'training_batch_size': 12, 'training_p': 4}
	 epoch  0 training error:  tensor(0.9604, device='cuda:0', grad_fn=<DivBackward0>)
Memory status after this epoch: 
Memory allocated:  1097.37548828125
Memory cached:  1166.0
	 epoch  10 training error:  tensor(1.9393, device='cuda:0', grad_fn=<DivBackward0>)
Memory status after this epoch: 
Memory allocated:  1097.37548828125
Memory cached:  1166.0
	 epoch  20 training error:  tensor(6.2040, device='cuda:0', grad_fn=<DivBackward0>)
Memory status after this epoch: 
Memory allocated:  1097.37548828125
Memory cached:  1166.0
	 epoch  30 training error:  tensor(2.1757, device='cuda:0', grad_fn=<DivBackward0>)
Memory status after this epoch: 
Memory allocated:  1097.37548828125
Memory cached:  1166.0
	 epoch  40 training error:  tensor(0.5687, device='cuda:0', grad_fn=<DivBackward0>)
Memory status after this epoch: 
Memory allocated:  1097.37548828125
Memory cached:  1166.0
	 epoch  50 training error:  tensor(0.5289, device='cuda:0', grad_fn=<DivBackward0>)
Memory status after this epoch: 
Memory allocated:  1097.37548828125
Memory cached:  1166.0
	 epoch  60 training error:  tensor(0.4970, device='cuda:0', grad_fn=<DivBackward0>)
Memory status after this epoch: 
Memory allocated:  1097.37548828125
Memory cached:  1166.0
	 epoch  70 training error:  tensor(0.5360, device='cuda:0', grad_fn=<DivBackward0>)
Memory status after this epoch: 
Memory allocated:  1097.37548828125
Memory cached:  1166.0
	 epoch  80 training error:  tensor(0.4758, device='cuda:0', grad_fn=<DivBackward0>)
Memory status after this epoch: 
Memory allocated:  1097.37548828125
Memory cached:  1166.0
	 epoch  90 training error:  tensor(0.4721, device='cuda:0', grad_fn=<DivBackward0>)
Memory status after this epoch: 
Memory allocated:  1097.37548828125
Memory cached:  1166.0
[I 2024-02-18 05:40:42,622] Trial 7 finished with value: 0.3472122550010681 and parameters: {'W_layers': 4, 'W_layer_units_exponent_0': 6, 'W_layer_units_exponent_1': 8, 'W_layer_units_exponent_2': 10, 'W_layer_units_exponent_3': 9, 'D_layers': 3, 'D_layer_units_exponent_0': 7, 'D_layer_units_exponent_1': 4, 'D_layer_units_exponent_2': 10, 'D_dagger_layers': 4, 'D_dagger_layer_units_exponent_0': 9, 'D_dagger_layer_units_exponent_1': 4, 'D_dagger_layer_units_exponent_2': 8, 'D_dagger_layer_units_exponent_3': 7, 'log_learning_rate': -4.0137730490321175, 'log_learning_rate_D': -3.4637977876323927, 'log_learning_rate_D_dagger': -1.2724805420936796, 'training_batch_size': 12, 'training_p': 4}. Best is trial 2 with value: 0.3099179267883301.
Time for this trial:  24.38340973854065
Memory status after this trial: 
Memory allocated:  1675.82373046875
Memory cached:  1702.0
--------------------  Trial  8   --------------------
Start timing: 
Parameters: 
{'W_layers': 6, 'W_layer_units_exponent_0': 5, 'W_layer_units_exponent_1': 8, 'W_layer_units_exponent_2': 9, 'W_layer_units_exponent_3': 8, 'W_layer_units_exponent_4': 7, 'W_layer_units_exponent_5': 10, 'D_layers': 6, 'D_layer_units_exponent_0': 6, 'D_layer_units_exponent_1': 5, 'D_layer_units_exponent_2': 6, 'D_layer_units_exponent_3': 9, 'D_layer_units_exponent_4': 4, 'D_layer_units_exponent_5': 4, 'D_dagger_layers': 6, 'D_dagger_layer_units_exponent_0': 10, 'D_dagger_layer_units_exponent_1': 10, 'D_dagger_layer_units_exponent_2': 4, 'D_dagger_layer_units_exponent_3': 4, 'D_dagger_layer_units_exponent_4': 7, 'D_dagger_layer_units_exponent_5': 10, 'log_learning_rate': -1.499769436452937, 'log_learning_rate_D': -4.258213170589943, 'log_learning_rate_D_dagger': -2.3411604083144257, 'training_batch_size': 7, 'training_p': 7}
	 epoch  0 training error:  tensor(42.3493, device='cuda:0', grad_fn=<DivBackward0>)
Memory status after this epoch: 
Memory allocated:  1109.65576171875
Memory cached:  1170.0
	 epoch  10 training error:  tensor(204.9562, device='cuda:0', grad_fn=<DivBackward0>)
Memory status after this epoch: 
Memory allocated:  1109.65576171875
Memory cached:  1170.0
	 epoch  20 training error:  tensor(7.9606, device='cuda:0', grad_fn=<DivBackward0>)
Memory status after this epoch: 
Memory allocated:  1109.65576171875
Memory cached:  1170.0
	 epoch  30 training error:  tensor(0.5695, device='cuda:0', grad_fn=<DivBackward0>)
Memory status after this epoch: 
Memory allocated:  1109.65576171875
Memory cached:  1170.0
	 epoch  40 training error:  tensor(0.5358, device='cuda:0', grad_fn=<DivBackward0>)
Memory status after this epoch: 
Memory allocated:  1109.65576171875
Memory cached:  1170.0
	 epoch  50 training error:  tensor(0.5409, device='cuda:0', grad_fn=<DivBackward0>)
Memory status after this epoch: 
Memory allocated:  1109.65576171875
Memory cached:  1170.0
	 epoch  60 training error:  tensor(0.5609, device='cuda:0', grad_fn=<DivBackward0>)
Memory status after this epoch: 
Memory allocated:  1109.65576171875
Memory cached:  1170.0
	 epoch  70 training error:  tensor(0.5433, device='cuda:0', grad_fn=<DivBackward0>)
Memory status after this epoch: 
Memory allocated:  1109.65576171875
Memory cached:  1170.0
	 epoch  80 training error:  tensor(0.5441, device='cuda:0', grad_fn=<DivBackward0>)
Memory status after this epoch: 
Memory allocated:  1109.65576171875
Memory cached:  1170.0
	 epoch  90 training error:  tensor(0.5234, device='cuda:0', grad_fn=<DivBackward0>)
Memory status after this epoch: 
Memory allocated:  1109.65576171875
Memory cached:  1170.0
[I 2024-02-18 05:42:07,031] Trial 8 finished with value: 0.37442904710769653 and parameters: {'W_layers': 6, 'W_layer_units_exponent_0': 5, 'W_layer_units_exponent_1': 8, 'W_layer_units_exponent_2': 9, 'W_layer_units_exponent_3': 8, 'W_layer_units_exponent_4': 7, 'W_layer_units_exponent_5': 10, 'D_layers': 6, 'D_layer_units_exponent_0': 6, 'D_layer_units_exponent_1': 5, 'D_layer_units_exponent_2': 6, 'D_layer_units_exponent_3': 9, 'D_layer_units_exponent_4': 4, 'D_layer_units_exponent_5': 4, 'D_dagger_layers': 6, 'D_dagger_layer_units_exponent_0': 10, 'D_dagger_layer_units_exponent_1': 10, 'D_dagger_layer_units_exponent_2': 4, 'D_dagger_layer_units_exponent_3': 4, 'D_dagger_layer_units_exponent_4': 7, 'D_dagger_layer_units_exponent_5': 10, 'log_learning_rate': -1.499769436452937, 'log_learning_rate_D': -4.258213170589943, 'log_learning_rate_D_dagger': -2.3411604083144257, 'training_batch_size': 7, 'training_p': 7}. Best is trial 2 with value: 0.3099179267883301.
Time for this trial:  84.12302541732788
Memory status after this trial: 
Memory allocated:  2221.53759765625
Memory cached:  2246.0
--------------------  Trial  9   --------------------
Start timing: 
Parameters: 
{'W_layers': 3, 'W_layer_units_exponent_0': 8, 'W_layer_units_exponent_1': 8, 'W_layer_units_exponent_2': 7, 'D_layers': 3, 'D_layer_units_exponent_0': 8, 'D_layer_units_exponent_1': 4, 'D_layer_units_exponent_2': 9, 'D_dagger_layers': 8, 'D_dagger_layer_units_exponent_0': 5, 'D_dagger_layer_units_exponent_1': 10, 'D_dagger_layer_units_exponent_2': 10, 'D_dagger_layer_units_exponent_3': 10, 'D_dagger_layer_units_exponent_4': 10, 'D_dagger_layer_units_exponent_5': 4, 'D_dagger_layer_units_exponent_6': 10, 'D_dagger_layer_units_exponent_7': 9, 'log_learning_rate': -3.2645685781124065, 'log_learning_rate_D': -4.393944658644318, 'log_learning_rate_D_dagger': -4.046191081077465, 'training_batch_size': 11, 'training_p': 3}
	 epoch  0 training error:  tensor(0.9350, device='cuda:0', grad_fn=<DivBackward0>)
Memory status after this epoch: 
Memory allocated:  1144.1806640625
Memory cached:  1198.0
	 epoch  10 training error:  tensor(0.4618, device='cuda:0', grad_fn=<DivBackward0>)
Memory status after this epoch: 
Memory allocated:  1144.1806640625
Memory cached:  1198.0
	 epoch  20 training error:  tensor(0.4046, device='cuda:0', grad_fn=<DivBackward0>)
Memory status after this epoch: 
Memory allocated:  1144.1806640625
Memory cached:  1198.0
	 epoch  30 training error:  tensor(0.3776, device='cuda:0', grad_fn=<DivBackward0>)
Memory status after this epoch: 
Memory allocated:  1144.1806640625
Memory cached:  1198.0
	 epoch  40 training error:  tensor(0.3733, device='cuda:0', grad_fn=<DivBackward0>)
Memory status after this epoch: 
Memory allocated:  1144.1806640625
Memory cached:  1198.0
	 epoch  50 training error:  tensor(0.3767, device='cuda:0', grad_fn=<DivBackward0>)
Memory status after this epoch: 
Memory allocated:  1144.1806640625
Memory cached:  1198.0
	 epoch  60 training error:  tensor(0.3776, device='cuda:0', grad_fn=<DivBackward0>)
Memory status after this epoch: 
Memory allocated:  1144.1806640625
Memory cached:  1198.0
	 epoch  70 training error:  tensor(0.3784, device='cuda:0', grad_fn=<DivBackward0>)
Memory status after this epoch: 
Memory allocated:  1144.1806640625
Memory cached:  1198.0
	 epoch  80 training error:  tensor(0.3735, device='cuda:0', grad_fn=<DivBackward0>)
Memory status after this epoch: 
Memory allocated:  1144.1806640625
Memory cached:  1198.0
	 epoch  90 training error:  tensor(0.3733, device='cuda:0', grad_fn=<DivBackward0>)
Memory status after this epoch: 
Memory allocated:  1144.1806640625
Memory cached:  1198.0
[I 2024-02-18 05:42:57,904] Trial 9 finished with value: 0.31183335185050964 and parameters: {'W_layers': 3, 'W_layer_units_exponent_0': 8, 'W_layer_units_exponent_1': 8, 'W_layer_units_exponent_2': 7, 'D_layers': 3, 'D_layer_units_exponent_0': 8, 'D_layer_units_exponent_1': 4, 'D_layer_units_exponent_2': 9, 'D_dagger_layers': 8, 'D_dagger_layer_units_exponent_0': 5, 'D_dagger_layer_units_exponent_1': 10, 'D_dagger_layer_units_exponent_2': 10, 'D_dagger_layer_units_exponent_3': 10, 'D_dagger_layer_units_exponent_4': 10, 'D_dagger_layer_units_exponent_5': 4, 'D_dagger_layer_units_exponent_6': 10, 'D_dagger_layer_units_exponent_7': 9, 'log_learning_rate': -3.2645685781124065, 'log_learning_rate_D': -4.393944658644318, 'log_learning_rate_D_dagger': -4.046191081077465, 'training_batch_size': 11, 'training_p': 3}. Best is trial 2 with value: 0.3099179267883301.
Time for this trial:  50.62545919418335
Memory status after this trial: 
Memory allocated:  2474.38818359375
Memory cached:  2532.0
--------------------  Trial  10   --------------------
Start timing: 
Parameters: 
{'W_layers': 8, 'W_layer_units_exponent_0': 10, 'W_layer_units_exponent_1': 6, 'W_layer_units_exponent_2': 4, 'W_layer_units_exponent_3': 4, 'W_layer_units_exponent_4': 9, 'W_layer_units_exponent_5': 4, 'W_layer_units_exponent_6': 8, 'W_layer_units_exponent_7': 10, 'D_layers': 5, 'D_layer_units_exponent_0': 5, 'D_layer_units_exponent_1': 10, 'D_layer_units_exponent_2': 8, 'D_layer_units_exponent_3': 4, 'D_layer_units_exponent_4': 7, 'D_dagger_layers': 6, 'D_dagger_layer_units_exponent_0': 6, 'D_dagger_layer_units_exponent_1': 8, 'D_dagger_layer_units_exponent_2': 8, 'D_dagger_layer_units_exponent_3': 7, 'D_dagger_layer_units_exponent_4': 10, 'D_dagger_layer_units_exponent_5': 9, 'log_learning_rate': -2.6641479546024436, 'log_learning_rate_D': -1.995367753837567, 'log_learning_rate_D_dagger': -3.4031963147458337, 'training_batch_size': 11, 'training_p': 8}
	 epoch  0 training error:  tensor(1.0091, device='cuda:0', grad_fn=<DivBackward0>)
Memory status after this epoch: 
Memory allocated:  1103.08056640625
Memory cached:  1166.0
	 epoch  10 training error:  tensor(0.5750, device='cuda:0', grad_fn=<DivBackward0>)
Memory status after this epoch: 
Memory allocated:  1103.08056640625
Memory cached:  1166.0
	 epoch  20 training error:  tensor(0.5539, device='cuda:0', grad_fn=<DivBackward0>)
Memory status after this epoch: 
Memory allocated:  1103.08056640625
Memory cached:  1166.0
	 epoch  30 training error:  tensor(0.5384, device='cuda:0', grad_fn=<DivBackward0>)
Memory status after this epoch: 
Memory allocated:  1103.08056640625
Memory cached:  1166.0
	 epoch  40 training error:  tensor(0.5423, device='cuda:0', grad_fn=<DivBackward0>)
Memory status after this epoch: 
Memory allocated:  1103.08056640625
Memory cached:  1166.0
	 epoch  50 training error:  tensor(0.5441, device='cuda:0', grad_fn=<DivBackward0>)
Memory status after this epoch: 
Memory allocated:  1103.08056640625
Memory cached:  1166.0
	 epoch  60 training error:  tensor(0.5380, device='cuda:0', grad_fn=<DivBackward0>)
Memory status after this epoch: 
Memory allocated:  1103.08056640625
Memory cached:  1166.0
	 epoch  70 training error:  tensor(0.5399, device='cuda:0', grad_fn=<DivBackward0>)
Memory status after this epoch: 
Memory allocated:  1103.08056640625
Memory cached:  1166.0
	 epoch  80 training error:  tensor(0.5447, device='cuda:0', grad_fn=<DivBackward0>)
Memory status after this epoch: 
Memory allocated:  1103.08056640625
Memory cached:  1166.0
	 epoch  90 training error:  tensor(0.5449, device='cuda:0', grad_fn=<DivBackward0>)
Memory status after this epoch: 
Memory allocated:  1103.08056640625
Memory cached:  1166.0
[I 2024-02-18 05:43:35,435] Trial 10 finished with value: 0.4007110595703125 and parameters: {'W_layers': 8, 'W_layer_units_exponent_0': 10, 'W_layer_units_exponent_1': 6, 'W_layer_units_exponent_2': 4, 'W_layer_units_exponent_3': 4, 'W_layer_units_exponent_4': 9, 'W_layer_units_exponent_5': 4, 'W_layer_units_exponent_6': 8, 'W_layer_units_exponent_7': 10, 'D_layers': 5, 'D_layer_units_exponent_0': 5, 'D_layer_units_exponent_1': 10, 'D_layer_units_exponent_2': 8, 'D_layer_units_exponent_3': 4, 'D_layer_units_exponent_4': 7, 'D_dagger_layers': 6, 'D_dagger_layer_units_exponent_0': 6, 'D_dagger_layer_units_exponent_1': 8, 'D_dagger_layer_units_exponent_2': 8, 'D_dagger_layer_units_exponent_3': 7, 'D_dagger_layer_units_exponent_4': 10, 'D_dagger_layer_units_exponent_5': 9, 'log_learning_rate': -2.6641479546024436, 'log_learning_rate_D': -1.995367753837567, 'log_learning_rate_D_dagger': -3.4031963147458337, 'training_batch_size': 11, 'training_p': 8}. Best is trial 2 with value: 0.3099179267883301.
Time for this trial:  36.75108456611633
Memory status after this trial: 
Memory allocated:  2175.56005859375
Memory cached:  2198.0
--------------------  Trial  11   --------------------
Start timing: 
Parameters: 
{'W_layers': 8, 'W_layer_units_exponent_0': 4, 'W_layer_units_exponent_1': 4, 'W_layer_units_exponent_2': 6, 'W_layer_units_exponent_3': 6, 'W_layer_units_exponent_4': 9, 'W_layer_units_exponent_5': 10, 'W_layer_units_exponent_6': 6, 'W_layer_units_exponent_7': 6, 'D_layers': 4, 'D_layer_units_exponent_0': 10, 'D_layer_units_exponent_1': 10, 'D_layer_units_exponent_2': 7, 'D_layer_units_exponent_3': 7, 'D_dagger_layers': 8, 'D_dagger_layer_units_exponent_0': 4, 'D_dagger_layer_units_exponent_1': 6, 'D_dagger_layer_units_exponent_2': 6, 'D_dagger_layer_units_exponent_3': 6, 'D_dagger_layer_units_exponent_4': 4, 'D_dagger_layer_units_exponent_5': 5, 'D_dagger_layer_units_exponent_6': 4, 'D_dagger_layer_units_exponent_7': 5, 'log_learning_rate': -2.3722276339384796, 'log_learning_rate_D': -2.4326338895981587, 'log_learning_rate_D_dagger': -3.2079089585530984, 'training_batch_size': 9, 'training_p': 2}
	 epoch  0 training error:  tensor(0.9999, device='cuda:0', grad_fn=<DivBackward0>)
Memory status after this epoch: 
Memory allocated:  1099.0302734375
Memory cached:  1166.0
	 epoch  10 training error:  tensor(0.5075, device='cuda:0', grad_fn=<DivBackward0>)
Memory status after this epoch: 
Memory allocated:  1099.0302734375
Memory cached:  1166.0
	 epoch  20 training error:  tensor(0.4793, device='cuda:0', grad_fn=<DivBackward0>)
Memory status after this epoch: 
Memory allocated:  1099.0302734375
Memory cached:  1166.0
	 epoch  30 training error:  tensor(0.3559, device='cuda:0', grad_fn=<DivBackward0>)
Memory status after this epoch: 
Memory allocated:  1099.0302734375
Memory cached:  1166.0
	 epoch  40 training error:  tensor(0.3380, device='cuda:0', grad_fn=<DivBackward0>)
Memory status after this epoch: 
Memory allocated:  1099.0302734375
Memory cached:  1166.0
	 epoch  50 training error:  tensor(0.3180, device='cuda:0', grad_fn=<DivBackward0>)
Memory status after this epoch: 
Memory allocated:  1099.0302734375
Memory cached:  1166.0
	 epoch  60 training error:  tensor(0.3009, device='cuda:0', grad_fn=<DivBackward0>)
Memory status after this epoch: 
Memory allocated:  1099.0302734375
Memory cached:  1166.0
	 epoch  70 training error:  tensor(0.2989, device='cuda:0', grad_fn=<DivBackward0>)
Memory status after this epoch: 
Memory allocated:  1099.0302734375
Memory cached:  1166.0
	 epoch  80 training error:  tensor(0.2950, device='cuda:0', grad_fn=<DivBackward0>)
Memory status after this epoch: 
Memory allocated:  1099.0302734375
Memory cached:  1166.0
	 epoch  90 training error:  tensor(0.2980, device='cuda:0', grad_fn=<DivBackward0>)
Memory status after this epoch: 
Memory allocated:  1099.0302734375
Memory cached:  1166.0
[I 2024-02-18 05:43:59,601] Trial 11 finished with value: 0.3102615475654602 and parameters: {'W_layers': 8, 'W_layer_units_exponent_0': 4, 'W_layer_units_exponent_1': 4, 'W_layer_units_exponent_2': 6, 'W_layer_units_exponent_3': 6, 'W_layer_units_exponent_4': 9, 'W_layer_units_exponent_5': 10, 'W_layer_units_exponent_6': 6, 'W_layer_units_exponent_7': 6, 'D_layers': 4, 'D_layer_units_exponent_0': 10, 'D_layer_units_exponent_1': 10, 'D_layer_units_exponent_2': 7, 'D_layer_units_exponent_3': 7, 'D_dagger_layers': 8, 'D_dagger_layer_units_exponent_0': 4, 'D_dagger_layer_units_exponent_1': 6, 'D_dagger_layer_units_exponent_2': 6, 'D_dagger_layer_units_exponent_3': 6, 'D_dagger_layer_units_exponent_4': 4, 'D_dagger_layer_units_exponent_5': 5, 'D_dagger_layer_units_exponent_6': 4, 'D_dagger_layer_units_exponent_7': 5, 'log_learning_rate': -2.3722276339384796, 'log_learning_rate_D': -2.4326338895981587, 'log_learning_rate_D_dagger': -3.2079089585530984, 'training_batch_size': 9, 'training_p': 2}. Best is trial 2 with value: 0.3099179267883301.
Time for this trial:  23.8317289352417
Memory status after this trial: 
Memory allocated:  1551.56884765625
Memory cached:  1584.0
--------------------  Trial  12   --------------------
Start timing: 
Parameters: 
{'W_layers': 8, 'W_layer_units_exponent_0': 4, 'W_layer_units_exponent_1': 4, 'W_layer_units_exponent_2': 7, 'W_layer_units_exponent_3': 4, 'W_layer_units_exponent_4': 10, 'W_layer_units_exponent_5': 10, 'W_layer_units_exponent_6': 6, 'W_layer_units_exponent_7': 5, 'D_layers': 4, 'D_layer_units_exponent_0': 10, 'D_layer_units_exponent_1': 10, 'D_layer_units_exponent_2': 6, 'D_layer_units_exponent_3': 8, 'D_dagger_layers': 7, 'D_dagger_layer_units_exponent_0': 5, 'D_dagger_layer_units_exponent_1': 6, 'D_dagger_layer_units_exponent_2': 6, 'D_dagger_layer_units_exponent_3': 6, 'D_dagger_layer_units_exponent_4': 4, 'D_dagger_layer_units_exponent_5': 7, 'D_dagger_layer_units_exponent_6': 4, 'log_learning_rate': -2.462678752876082, 'log_learning_rate_D': -2.2419670392607243, 'log_learning_rate_D_dagger': -3.3865931011005928, 'training_batch_size': 10, 'training_p': 2}
	 epoch  0 training error:  tensor(0.9930, device='cuda:0', grad_fn=<DivBackward0>)
Memory status after this epoch: 
Memory allocated:  1106.310546875
Memory cached:  1166.0
	 epoch  10 training error:  tensor(0.4467, device='cuda:0', grad_fn=<DivBackward0>)
Memory status after this epoch: 
Memory allocated:  1106.310546875
Memory cached:  1166.0
	 epoch  20 training error:  tensor(0.3775, device='cuda:0', grad_fn=<DivBackward0>)
Memory status after this epoch: 
Memory allocated:  1106.310546875
Memory cached:  1166.0
	 epoch  30 training error:  tensor(0.2981, device='cuda:0', grad_fn=<DivBackward0>)
Memory status after this epoch: 
Memory allocated:  1106.310546875
Memory cached:  1166.0
	 epoch  40 training error:  tensor(0.3154, device='cuda:0', grad_fn=<DivBackward0>)
Memory status after this epoch: 
Memory allocated:  1106.310546875
Memory cached:  1166.0
	 epoch  50 training error:  tensor(0.3025, device='cuda:0', grad_fn=<DivBackward0>)
Memory status after this epoch: 
Memory allocated:  1106.310546875
Memory cached:  1166.0
	 epoch  60 training error:  tensor(0.2991, device='cuda:0', grad_fn=<DivBackward0>)
Memory status after this epoch: 
Memory allocated:  1106.310546875
Memory cached:  1166.0
	 epoch  70 training error:  tensor(0.2960, device='cuda:0', grad_fn=<DivBackward0>)
Memory status after this epoch: 
Memory allocated:  1106.310546875
Memory cached:  1166.0
	 epoch  80 training error:  tensor(0.2947, device='cuda:0', grad_fn=<DivBackward0>)
Memory status after this epoch: 
Memory allocated:  1106.310546875
Memory cached:  1166.0
	 epoch  90 training error:  tensor(0.2888, device='cuda:0', grad_fn=<DivBackward0>)
Memory status after this epoch: 
Memory allocated:  1106.310546875
Memory cached:  1166.0
