[I 2024-02-18 06:16:54,158] Trial 82 finished with value: 0.30283164978027344 and parameters: {'W_layers': 6, 'W_layer_units_exponent_0': 7, 'W_layer_units_exponent_1': 7, 'W_layer_units_exponent_2': 8, 'W_layer_units_exponent_3': 8, 'W_layer_units_exponent_4': 7, 'W_layer_units_exponent_5': 6, 'D_layers': 3, 'D_layer_units_exponent_0': 10, 'D_layer_units_exponent_1': 5, 'D_layer_units_exponent_2': 8, 'D_dagger_layers': 4, 'D_dagger_layer_units_exponent_0': 10, 'D_dagger_layer_units_exponent_1': 7, 'D_dagger_layer_units_exponent_2': 5, 'D_dagger_layer_units_exponent_3': 4, 'log_learning_rate': -3.9098957299067014, 'log_learning_rate_D': -4.183375230727668, 'log_learning_rate_D_dagger': -3.516921184214043, 'training_batch_size': 6, 'training_p': 2}. Best is trial 80 with value: 0.29963088035583496.
Time for this trial:  27.42426562309265
Memory status after this trial: 
Memory allocated:  944.17919921875
Memory cached:  960.0
--------------------  Trial  83   --------------------
Start timing: 
Parameters: 
{'W_layers': 6, 'W_layer_units_exponent_0': 7, 'W_layer_units_exponent_1': 7, 'W_layer_units_exponent_2': 8, 'W_layer_units_exponent_3': 8, 'W_layer_units_exponent_4': 7, 'W_layer_units_exponent_5': 6, 'D_layers': 3, 'D_layer_units_exponent_0': 10, 'D_layer_units_exponent_1': 5, 'D_layer_units_exponent_2': 8, 'D_dagger_layers': 5, 'D_dagger_layer_units_exponent_0': 10, 'D_dagger_layer_units_exponent_1': 7, 'D_dagger_layer_units_exponent_2': 6, 'D_dagger_layer_units_exponent_3': 4, 'D_dagger_layer_units_exponent_4': 5, 'log_learning_rate': -4.045747131746841, 'log_learning_rate_D': -4.056000966942771, 'log_learning_rate_D_dagger': -3.41547952771978, 'training_batch_size': 6, 'training_p': 2}
	 epoch  0 training error:  tensor(0.6103, device='cuda:0', grad_fn=<DivBackward0>)
Memory status after this epoch: 
Memory allocated:  478.2783203125
Memory cached:  662.0
	 epoch  10 training error:  tensor(0.2932, device='cuda:0', grad_fn=<DivBackward0>)
Memory status after this epoch: 
Memory allocated:  478.2783203125
Memory cached:  662.0
	 epoch  20 training error:  tensor(0.2878, device='cuda:0', grad_fn=<DivBackward0>)
Memory status after this epoch: 
Memory allocated:  478.2783203125
Memory cached:  662.0
	 epoch  30 training error:  tensor(0.2903, device='cuda:0', grad_fn=<DivBackward0>)
Memory status after this epoch: 
Memory allocated:  478.2783203125
Memory cached:  662.0
	 epoch  40 training error:  tensor(0.2865, device='cuda:0', grad_fn=<DivBackward0>)
Memory status after this epoch: 
Memory allocated:  478.2783203125
Memory cached:  664.0
	 epoch  50 training error:  tensor(0.2836, device='cuda:0', grad_fn=<DivBackward0>)
Memory status after this epoch: 
Memory allocated:  478.2783203125
Memory cached:  666.0
	 epoch  60 training error:  tensor(0.2856, device='cuda:0', grad_fn=<DivBackward0>)
Memory status after this epoch: 
Memory allocated:  478.2783203125
Memory cached:  662.0
	 epoch  70 training error:  tensor(0.2861, device='cuda:0', grad_fn=<DivBackward0>)
Memory status after this epoch: 
Memory allocated:  478.2783203125
Memory cached:  664.0
	 epoch  80 training error:  tensor(0.2853, device='cuda:0', grad_fn=<DivBackward0>)
Memory status after this epoch: 
Memory allocated:  478.2783203125
Memory cached:  662.0
	 epoch  90 training error:  tensor(0.2848, device='cuda:0', grad_fn=<DivBackward0>)
Memory status after this epoch: 
Memory allocated:  478.2783203125
Memory cached:  662.0
[I 2024-02-18 06:17:22,971] Trial 83 finished with value: 0.30050477385520935 and parameters: {'W_layers': 6, 'W_layer_units_exponent_0': 7, 'W_layer_units_exponent_1': 7, 'W_layer_units_exponent_2': 8, 'W_layer_units_exponent_3': 8, 'W_layer_units_exponent_4': 7, 'W_layer_units_exponent_5': 6, 'D_layers': 3, 'D_layer_units_exponent_0': 10, 'D_layer_units_exponent_1': 5, 'D_layer_units_exponent_2': 8, 'D_dagger_layers': 5, 'D_dagger_layer_units_exponent_0': 10, 'D_dagger_layer_units_exponent_1': 7, 'D_dagger_layer_units_exponent_2': 6, 'D_dagger_layer_units_exponent_3': 4, 'D_dagger_layer_units_exponent_4': 5, 'log_learning_rate': -4.045747131746841, 'log_learning_rate_D': -4.056000966942771, 'log_learning_rate_D_dagger': -3.41547952771978, 'training_batch_size': 6, 'training_p': 2}. Best is trial 80 with value: 0.29963088035583496.
Time for this trial:  28.443095922470093
Memory status after this trial: 
Memory allocated:  957.87158203125
Memory cached:  978.0
--------------------  Trial  84   --------------------
Start timing: 
Parameters: 
{'W_layers': 5, 'W_layer_units_exponent_0': 7, 'W_layer_units_exponent_1': 7, 'W_layer_units_exponent_2': 8, 'W_layer_units_exponent_3': 7, 'W_layer_units_exponent_4': 7, 'D_layers': 4, 'D_layer_units_exponent_0': 10, 'D_layer_units_exponent_1': 4, 'D_layer_units_exponent_2': 8, 'D_layer_units_exponent_3': 4, 'D_dagger_layers': 5, 'D_dagger_layer_units_exponent_0': 4, 'D_dagger_layer_units_exponent_1': 7, 'D_dagger_layer_units_exponent_2': 6, 'D_dagger_layer_units_exponent_3': 5, 'D_dagger_layer_units_exponent_4': 5, 'log_learning_rate': -4.065699310739353, 'log_learning_rate_D': -4.040396583537399, 'log_learning_rate_D_dagger': -3.314389131520169, 'training_batch_size': 12, 'training_p': 2}
	 epoch  0 training error:  tensor(1.0259, device='cuda:0', grad_fn=<DivBackward0>)
Memory status after this epoch: 
Memory allocated:  475.4619140625
Memory cached:  662.0
	 epoch  10 training error:  tensor(0.5322, device='cuda:0', grad_fn=<DivBackward0>)
Memory status after this epoch: 
Memory allocated:  475.4619140625
Memory cached:  662.0
	 epoch  20 training error:  tensor(0.4118, device='cuda:0', grad_fn=<DivBackward0>)
Memory status after this epoch: 
Memory allocated:  475.4619140625
Memory cached:  662.0
	 epoch  30 training error:  tensor(0.3256, device='cuda:0', grad_fn=<DivBackward0>)
Memory status after this epoch: 
Memory allocated:  475.4619140625
Memory cached:  662.0
	 epoch  40 training error:  tensor(0.3063, device='cuda:0', grad_fn=<DivBackward0>)
Memory status after this epoch: 
Memory allocated:  475.4619140625
Memory cached:  662.0
	 epoch  50 training error:  tensor(0.3036, device='cuda:0', grad_fn=<DivBackward0>)
Memory status after this epoch: 
Memory allocated:  475.4619140625
Memory cached:  662.0
	 epoch  60 training error:  tensor(0.2977, device='cuda:0', grad_fn=<DivBackward0>)
Memory status after this epoch: 
Memory allocated:  475.4619140625
Memory cached:  662.0
	 epoch  70 training error:  tensor(0.2944, device='cuda:0', grad_fn=<DivBackward0>)
Memory status after this epoch: 
Memory allocated:  475.4619140625
Memory cached:  662.0
	 epoch  80 training error:  tensor(0.2948, device='cuda:0', grad_fn=<DivBackward0>)
Memory status after this epoch: 
Memory allocated:  475.4619140625
Memory cached:  662.0
	 epoch  90 training error:  tensor(0.2941, device='cuda:0', grad_fn=<DivBackward0>)
Memory status after this epoch: 
Memory allocated:  475.4619140625
Memory cached:  662.0
[I 2024-02-18 06:17:44,028] Trial 84 finished with value: 0.30498406291007996 and parameters: {'W_layers': 5, 'W_layer_units_exponent_0': 7, 'W_layer_units_exponent_1': 7, 'W_layer_units_exponent_2': 8, 'W_layer_units_exponent_3': 7, 'W_layer_units_exponent_4': 7, 'D_layers': 4, 'D_layer_units_exponent_0': 10, 'D_layer_units_exponent_1': 4, 'D_layer_units_exponent_2': 8, 'D_layer_units_exponent_3': 4, 'D_dagger_layers': 5, 'D_dagger_layer_units_exponent_0': 4, 'D_dagger_layer_units_exponent_1': 7, 'D_dagger_layer_units_exponent_2': 6, 'D_dagger_layer_units_exponent_3': 5, 'D_dagger_layer_units_exponent_4': 5, 'log_learning_rate': -4.065699310739353, 'log_learning_rate_D': -4.040396583537399, 'log_learning_rate_D_dagger': -3.314389131520169, 'training_batch_size': 12, 'training_p': 2}. Best is trial 80 with value: 0.29963088035583496.
Time for this trial:  20.633970737457275
Memory status after this trial: 
Memory allocated:  695.37548828125
Memory cached:  724.0
--------------------  Trial  85   --------------------
Start timing: 
Parameters: 
{'W_layers': 6, 'W_layer_units_exponent_0': 7, 'W_layer_units_exponent_1': 7, 'W_layer_units_exponent_2': 8, 'W_layer_units_exponent_3': 8, 'W_layer_units_exponent_4': 7, 'W_layer_units_exponent_5': 6, 'D_layers': 3, 'D_layer_units_exponent_0': 10, 'D_layer_units_exponent_1': 5, 'D_layer_units_exponent_2': 8, 'D_dagger_layers': 5, 'D_dagger_layer_units_exponent_0': 10, 'D_dagger_layer_units_exponent_1': 8, 'D_dagger_layer_units_exponent_2': 6, 'D_dagger_layer_units_exponent_3': 4, 'D_dagger_layer_units_exponent_4': 5, 'log_learning_rate': -3.8371828592525343, 'log_learning_rate_D': -4.110926945773061, 'log_learning_rate_D_dagger': -3.439181201058315, 'training_batch_size': 11, 'training_p': 2}
	 epoch  0 training error:  tensor(0.9260, device='cuda:0', grad_fn=<DivBackward0>)
Memory status after this epoch: 
Memory allocated:  480.5029296875
Memory cached:  662.0
	 epoch  10 training error:  tensor(0.3527, device='cuda:0', grad_fn=<DivBackward0>)
Memory status after this epoch: 
Memory allocated:  480.5029296875
Memory cached:  662.0
	 epoch  20 training error:  tensor(0.2963, device='cuda:0', grad_fn=<DivBackward0>)
Memory status after this epoch: 
Memory allocated:  480.5029296875
Memory cached:  662.0
	 epoch  30 training error:  tensor(0.2936, device='cuda:0', grad_fn=<DivBackward0>)
Memory status after this epoch: 
Memory allocated:  480.5029296875
Memory cached:  662.0
	 epoch  40 training error:  tensor(0.2922, device='cuda:0', grad_fn=<DivBackward0>)
Memory status after this epoch: 
Memory allocated:  480.5029296875
Memory cached:  662.0
	 epoch  50 training error:  tensor(0.2884, device='cuda:0', grad_fn=<DivBackward0>)
Memory status after this epoch: 
Memory allocated:  480.5029296875
Memory cached:  662.0
	 epoch  60 training error:  tensor(0.2883, device='cuda:0', grad_fn=<DivBackward0>)
Memory status after this epoch: 
Memory allocated:  480.5029296875
Memory cached:  662.0
	 epoch  70 training error:  tensor(0.2892, device='cuda:0', grad_fn=<DivBackward0>)
Memory status after this epoch: 
Memory allocated:  480.5029296875
Memory cached:  662.0
	 epoch  80 training error:  tensor(0.2868, device='cuda:0', grad_fn=<DivBackward0>)
Memory status after this epoch: 
Memory allocated:  480.5029296875
Memory cached:  662.0
	 epoch  90 training error:  tensor(0.2856, device='cuda:0', grad_fn=<DivBackward0>)
Memory status after this epoch: 
Memory allocated:  480.5029296875
Memory cached:  662.0
[I 2024-02-18 06:18:06,943] Trial 85 finished with value: 0.3013588488101959 and parameters: {'W_layers': 6, 'W_layer_units_exponent_0': 7, 'W_layer_units_exponent_1': 7, 'W_layer_units_exponent_2': 8, 'W_layer_units_exponent_3': 8, 'W_layer_units_exponent_4': 7, 'W_layer_units_exponent_5': 6, 'D_layers': 3, 'D_layer_units_exponent_0': 10, 'D_layer_units_exponent_1': 5, 'D_layer_units_exponent_2': 8, 'D_dagger_layers': 5, 'D_dagger_layer_units_exponent_0': 10, 'D_dagger_layer_units_exponent_1': 8, 'D_dagger_layer_units_exponent_2': 6, 'D_dagger_layer_units_exponent_3': 4, 'D_dagger_layer_units_exponent_4': 5, 'log_learning_rate': -3.8371828592525343, 'log_learning_rate_D': -4.110926945773061, 'log_learning_rate_D_dagger': -3.439181201058315, 'training_batch_size': 11, 'training_p': 2}. Best is trial 80 with value: 0.29963088035583496.
Time for this trial:  22.511647939682007
Memory status after this trial: 
Memory allocated:  986.74755859375
Memory cached:  1002.0
--------------------  Trial  86   --------------------
Start timing: 
Parameters: 
{'W_layers': 6, 'W_layer_units_exponent_0': 7, 'W_layer_units_exponent_1': 6, 'W_layer_units_exponent_2': 8, 'W_layer_units_exponent_3': 8, 'W_layer_units_exponent_4': 7, 'W_layer_units_exponent_5': 7, 'D_layers': 3, 'D_layer_units_exponent_0': 9, 'D_layer_units_exponent_1': 5, 'D_layer_units_exponent_2': 8, 'D_dagger_layers': 5, 'D_dagger_layer_units_exponent_0': 10, 'D_dagger_layer_units_exponent_1': 7, 'D_dagger_layer_units_exponent_2': 6, 'D_dagger_layer_units_exponent_3': 5, 'D_dagger_layer_units_exponent_4': 6, 'log_learning_rate': -4.338806151089833, 'log_learning_rate_D': -4.204962566590714, 'log_learning_rate_D_dagger': -3.817713105585351, 'training_batch_size': 6, 'training_p': 2}
	 epoch  0 training error:  tensor(0.8500, device='cuda:0', grad_fn=<DivBackward0>)
Memory status after this epoch: 
Memory allocated:  478.0029296875
Memory cached:  662.0
	 epoch  10 training error:  tensor(0.2923, device='cuda:0', grad_fn=<DivBackward0>)
Memory status after this epoch: 
Memory allocated:  478.0029296875
Memory cached:  662.0
	 epoch  20 training error:  tensor(0.2879, device='cuda:0', grad_fn=<DivBackward0>)
Memory status after this epoch: 
Memory allocated:  478.0029296875
Memory cached:  662.0
	 epoch  30 training error:  tensor(0.2855, device='cuda:0', grad_fn=<DivBackward0>)
Memory status after this epoch: 
Memory allocated:  478.0029296875
Memory cached:  662.0
	 epoch  40 training error:  tensor(0.2847, device='cuda:0', grad_fn=<DivBackward0>)
Memory status after this epoch: 
Memory allocated:  478.0029296875
Memory cached:  662.0
	 epoch  50 training error:  tensor(0.2835, device='cuda:0', grad_fn=<DivBackward0>)
Memory status after this epoch: 
Memory allocated:  478.0029296875
Memory cached:  662.0
	 epoch  60 training error:  tensor(0.2857, device='cuda:0', grad_fn=<DivBackward0>)
Memory status after this epoch: 
Memory allocated:  478.0029296875
Memory cached:  662.0
	 epoch  70 training error:  tensor(0.2834, device='cuda:0', grad_fn=<DivBackward0>)
Memory status after this epoch: 
Memory allocated:  478.0029296875
Memory cached:  662.0
	 epoch  80 training error:  tensor(0.2831, device='cuda:0', grad_fn=<DivBackward0>)
Memory status after this epoch: 
Memory allocated:  478.0029296875
Memory cached:  662.0
	 epoch  90 training error:  tensor(0.2841, device='cuda:0', grad_fn=<DivBackward0>)
Memory status after this epoch: 
Memory allocated:  478.0029296875
Memory cached:  662.0
[I 2024-02-18 06:18:35,667] Trial 86 finished with value: 0.301093190908432 and parameters: {'W_layers': 6, 'W_layer_units_exponent_0': 7, 'W_layer_units_exponent_1': 6, 'W_layer_units_exponent_2': 8, 'W_layer_units_exponent_3': 8, 'W_layer_units_exponent_4': 7, 'W_layer_units_exponent_5': 7, 'D_layers': 3, 'D_layer_units_exponent_0': 9, 'D_layer_units_exponent_1': 5, 'D_layer_units_exponent_2': 8, 'D_dagger_layers': 5, 'D_dagger_layer_units_exponent_0': 10, 'D_dagger_layer_units_exponent_1': 7, 'D_dagger_layer_units_exponent_2': 6, 'D_dagger_layer_units_exponent_3': 5, 'D_dagger_layer_units_exponent_4': 6, 'log_learning_rate': -4.338806151089833, 'log_learning_rate_D': -4.204962566590714, 'log_learning_rate_D_dagger': -3.817713105585351, 'training_batch_size': 6, 'training_p': 2}. Best is trial 80 with value: 0.29963088035583496.
Time for this trial:  28.370110511779785
Memory status after this trial: 
Memory allocated:  965.46533203125
Memory cached:  998.0
--------------------  Trial  87   --------------------
Start timing: 
Parameters: 
{'W_layers': 7, 'W_layer_units_exponent_0': 7, 'W_layer_units_exponent_1': 7, 'W_layer_units_exponent_2': 9, 'W_layer_units_exponent_3': 7, 'W_layer_units_exponent_4': 7, 'W_layer_units_exponent_5': 7, 'W_layer_units_exponent_6': 10, 'D_layers': 3, 'D_layer_units_exponent_0': 10, 'D_layer_units_exponent_1': 4, 'D_layer_units_exponent_2': 8, 'D_dagger_layers': 4, 'D_dagger_layer_units_exponent_0': 5, 'D_dagger_layer_units_exponent_1': 8, 'D_dagger_layer_units_exponent_2': 5, 'D_dagger_layer_units_exponent_3': 4, 'log_learning_rate': -4.13170204329379, 'log_learning_rate_D': -4.351505171403613, 'log_learning_rate_D_dagger': -3.63779910198348, 'training_batch_size': 6, 'training_p': 3}
	 epoch  0 training error:  tensor(0.9422, device='cuda:0', grad_fn=<DivBackward0>)
Memory status after this epoch: 
Memory allocated:  478.6884765625
Memory cached:  662.0
	 epoch  10 training error:  tensor(0.3784, device='cuda:0', grad_fn=<DivBackward0>)
Memory status after this epoch: 
Memory allocated:  478.6884765625
Memory cached:  662.0
	 epoch  20 training error:  tensor(0.3739, device='cuda:0', grad_fn=<DivBackward0>)
Memory status after this epoch: 
Memory allocated:  478.6884765625
Memory cached:  662.0
	 epoch  30 training error:  tensor(0.3716, device='cuda:0', grad_fn=<DivBackward0>)
Memory status after this epoch: 
Memory allocated:  478.6884765625
Memory cached:  662.0
	 epoch  40 training error:  tensor(0.3733, device='cuda:0', grad_fn=<DivBackward0>)
Memory status after this epoch: 
Memory allocated:  478.6884765625
Memory cached:  662.0
	 epoch  50 training error:  tensor(0.3722, device='cuda:0', grad_fn=<DivBackward0>)
Memory status after this epoch: 
Memory allocated:  478.6884765625
Memory cached:  662.0
	 epoch  60 training error:  tensor(0.3697, device='cuda:0', grad_fn=<DivBackward0>)
Memory status after this epoch: 
Memory allocated:  478.6884765625
Memory cached:  662.0
	 epoch  70 training error:  tensor(0.3700, device='cuda:0', grad_fn=<DivBackward0>)
Memory status after this epoch: 
Memory allocated:  478.6884765625
Memory cached:  662.0
	 epoch  80 training error:  tensor(0.3692, device='cuda:0', grad_fn=<DivBackward0>)
Memory status after this epoch: 
Memory allocated:  478.6884765625
Memory cached:  662.0
	 epoch  90 training error:  tensor(0.3697, device='cuda:0', grad_fn=<DivBackward0>)
Memory status after this epoch: 
Memory allocated:  478.6884765625
Memory cached:  662.0
[I 2024-02-18 06:19:05,260] Trial 87 finished with value: 0.3123534917831421 and parameters: {'W_layers': 7, 'W_layer_units_exponent_0': 7, 'W_layer_units_exponent_1': 7, 'W_layer_units_exponent_2': 9, 'W_layer_units_exponent_3': 7, 'W_layer_units_exponent_4': 7, 'W_layer_units_exponent_5': 7, 'W_layer_units_exponent_6': 10, 'D_layers': 3, 'D_layer_units_exponent_0': 10, 'D_layer_units_exponent_1': 4, 'D_layer_units_exponent_2': 8, 'D_dagger_layers': 4, 'D_dagger_layer_units_exponent_0': 5, 'D_dagger_layer_units_exponent_1': 8, 'D_dagger_layer_units_exponent_2': 5, 'D_dagger_layer_units_exponent_3': 4, 'log_learning_rate': -4.13170204329379, 'log_learning_rate_D': -4.351505171403613, 'log_learning_rate_D_dagger': -3.63779910198348, 'training_batch_size': 6, 'training_p': 3}. Best is trial 80 with value: 0.29963088035583496.
Time for this trial:  29.152432441711426
Memory status after this trial: 
Memory allocated:  990.54931640625
Memory cached:  1014.0
--------------------  Trial  88   --------------------
Start timing: 
Parameters: 
{'W_layers': 5, 'W_layer_units_exponent_0': 7, 'W_layer_units_exponent_1': 7, 'W_layer_units_exponent_2': 8, 'W_layer_units_exponent_3': 9, 'W_layer_units_exponent_4': 8, 'D_layers': 4, 'D_layer_units_exponent_0': 9, 'D_layer_units_exponent_1': 5, 'D_layer_units_exponent_2': 10, 'D_layer_units_exponent_3': 7, 'D_dagger_layers': 5, 'D_dagger_layer_units_exponent_0': 10, 'D_dagger_layer_units_exponent_1': 7, 'D_dagger_layer_units_exponent_2': 6, 'D_dagger_layer_units_exponent_3': 5, 'D_dagger_layer_units_exponent_4': 5, 'log_learning_rate': -3.9827970820597494, 'log_learning_rate_D': -4.069581248439529, 'log_learning_rate_D_dagger': -3.563335758707022, 'training_batch_size': 6, 'training_p': 2}
	 epoch  0 training error:  tensor(0.5835, device='cuda:0', grad_fn=<DivBackward0>)
Memory status after this epoch: 
Memory allocated:  481.21484375
Memory cached:  664.0
	 epoch  10 training error:  tensor(0.2949, device='cuda:0', grad_fn=<DivBackward0>)
Memory status after this epoch: 
Memory allocated:  481.21484375
Memory cached:  664.0
	 epoch  20 training error:  tensor(0.2877, device='cuda:0', grad_fn=<DivBackward0>)
Memory status after this epoch: 
Memory allocated:  481.21484375
Memory cached:  664.0
	 epoch  30 training error:  tensor(0.2885, device='cuda:0', grad_fn=<DivBackward0>)
Memory status after this epoch: 
Memory allocated:  481.21484375
Memory cached:  664.0
	 epoch  40 training error:  tensor(0.2837, device='cuda:0', grad_fn=<DivBackward0>)
Memory status after this epoch: 
Memory allocated:  481.21484375
Memory cached:  664.0
	 epoch  50 training error:  tensor(0.2839, device='cuda:0', grad_fn=<DivBackward0>)
Memory status after this epoch: 
Memory allocated:  481.21484375
Memory cached:  664.0
	 epoch  60 training error:  tensor(0.2862, device='cuda:0', grad_fn=<DivBackward0>)
Memory status after this epoch: 
Memory allocated:  481.21484375
Memory cached:  664.0
	 epoch  70 training error:  tensor(0.2868, device='cuda:0', grad_fn=<DivBackward0>)
Memory status after this epoch: 
Memory allocated:  481.21484375
Memory cached:  664.0
	 epoch  80 training error:  tensor(0.2852, device='cuda:0', grad_fn=<DivBackward0>)
Memory status after this epoch: 
Memory allocated:  481.21484375
Memory cached:  664.0
	 epoch  90 training error:  tensor(0.2873, device='cuda:0', grad_fn=<DivBackward0>)
Memory status after this epoch: 
Memory allocated:  481.21484375
Memory cached:  664.0
