[I 2023-12-20 01:55:00,683] Trial 12 finished with value: 0.26268479228019714 and parameters: {'W_layers': 2, 'W_layer_units_exponent_0': 8, 'W_layer_units_exponent_1': 4, 'D_layers': 6, 'D_layer_units_exponent_0': 5, 'D_layer_units_exponent_1': 6, 'D_layer_units_exponent_2': 10, 'D_layer_units_exponent_3': 5, 'D_layer_units_exponent_4': 4, 'D_layer_units_exponent_5': 10, 'D_dagger_layers': 8, 'D_dagger_layer_units_exponent_0': 10, 'D_dagger_layer_units_exponent_1': 9, 'D_dagger_layer_units_exponent_2': 6, 'D_dagger_layer_units_exponent_3': 8, 'D_dagger_layer_units_exponent_4': 4, 'D_dagger_layer_units_exponent_5': 4, 'D_dagger_layer_units_exponent_6': 7, 'D_dagger_layer_units_exponent_7': 4, 'log_learning_rate': -2.0733132266525987, 'log_learning_rate_D': -3.834998569877998, 'log_learning_rate_D_dagger': -2.921371036839998, 'training_batch_size': 6, 'training_p': 4}. Best is trial 11 with value: 0.14480963349342346.
Time for this trial:  366.6860091686249
Memory status after this trial: 
Memory allocated:  419.85693359375
Memory cached:  438.0
--------------------  Trial  13   --------------------
Start timing: 
Parameters: 
{'W_layers': 3, 'W_layer_units_exponent_0': 8, 'W_layer_units_exponent_1': 4, 'W_layer_units_exponent_2': 6, 'D_layers': 6, 'D_layer_units_exponent_0': 7, 'D_layer_units_exponent_1': 4, 'D_layer_units_exponent_2': 10, 'D_layer_units_exponent_3': 5, 'D_layer_units_exponent_4': 4, 'D_layer_units_exponent_5': 10, 'D_dagger_layers': 7, 'D_dagger_layer_units_exponent_0': 10, 'D_dagger_layer_units_exponent_1': 9, 'D_dagger_layer_units_exponent_2': 6, 'D_dagger_layer_units_exponent_3': 8, 'D_dagger_layer_units_exponent_4': 4, 'D_dagger_layer_units_exponent_5': 6, 'D_dagger_layer_units_exponent_6': 8, 'log_learning_rate': -2.303507884415822, 'log_learning_rate_D': -4.159356751609675, 'log_learning_rate_D_dagger': -3.916859001917865, 'training_batch_size': 10, 'training_p': 4}
	 epoch  0 training error:  tensor(0.9523, device='cuda:0', grad_fn=<DivBackward0>)
Memory status after this epoch: 
Memory allocated:  192.65087890625
Memory cached:  410.0
	 epoch  10 training error:  tensor(0.4808, device='cuda:0', grad_fn=<DivBackward0>)
Memory status after this epoch: 
Memory allocated:  192.65087890625
Memory cached:  418.0
	 epoch  20 training error:  tensor(0.4925, device='cuda:0', grad_fn=<DivBackward0>)
Memory status after this epoch: 
Memory allocated:  192.65087890625
Memory cached:  420.0
	 epoch  30 training error:  tensor(0.4717, device='cuda:0', grad_fn=<DivBackward0>)
Memory status after this epoch: 
Memory allocated:  192.65087890625
Memory cached:  416.0
	 epoch  40 training error:  tensor(0.4768, device='cuda:0', grad_fn=<DivBackward0>)
Memory status after this epoch: 
Memory allocated:  192.65087890625
Memory cached:  426.0
	 epoch  50 training error:  tensor(0.4404, device='cuda:0', grad_fn=<DivBackward0>)
Memory status after this epoch: 
Memory allocated:  192.65087890625
Memory cached:  424.0
	 epoch  60 training error:  tensor(0.4460, device='cuda:0', grad_fn=<DivBackward0>)
Memory status after this epoch: 
Memory allocated:  192.65087890625
Memory cached:  424.0
	 epoch  70 training error:  tensor(0.4554, device='cuda:0', grad_fn=<DivBackward0>)
Memory status after this epoch: 
Memory allocated:  192.65087890625
Memory cached:  422.0
	 epoch  80 training error:  tensor(0.4586, device='cuda:0', grad_fn=<DivBackward0>)
Memory status after this epoch: 
Memory allocated:  192.65087890625
Memory cached:  422.0
	 epoch  90 training error:  tensor(0.4380, device='cuda:0', grad_fn=<DivBackward0>)
Memory status after this epoch: 
Memory allocated:  192.65087890625
Memory cached:  422.0
[I 2023-12-20 01:58:34,625] Trial 13 finished with value: 0.373726487159729 and parameters: {'W_layers': 3, 'W_layer_units_exponent_0': 8, 'W_layer_units_exponent_1': 4, 'W_layer_units_exponent_2': 6, 'D_layers': 6, 'D_layer_units_exponent_0': 7, 'D_layer_units_exponent_1': 4, 'D_layer_units_exponent_2': 10, 'D_layer_units_exponent_3': 5, 'D_layer_units_exponent_4': 4, 'D_layer_units_exponent_5': 10, 'D_dagger_layers': 7, 'D_dagger_layer_units_exponent_0': 10, 'D_dagger_layer_units_exponent_1': 9, 'D_dagger_layer_units_exponent_2': 6, 'D_dagger_layer_units_exponent_3': 8, 'D_dagger_layer_units_exponent_4': 4, 'D_dagger_layer_units_exponent_5': 6, 'D_dagger_layer_units_exponent_6': 8, 'log_learning_rate': -2.303507884415822, 'log_learning_rate_D': -4.159356751609675, 'log_learning_rate_D_dagger': -3.916859001917865, 'training_batch_size': 10, 'training_p': 4}. Best is trial 11 with value: 0.14480963349342346.
Time for this trial:  213.5701220035553
Memory status after this trial: 
Memory allocated:  431.72119140625
Memory cached:  450.0
--------------------  Trial  14   --------------------
Start timing: 
Parameters: 
{'W_layers': 3, 'W_layer_units_exponent_0': 8, 'W_layer_units_exponent_1': 4, 'W_layer_units_exponent_2': 4, 'D_layers': 6, 'D_layer_units_exponent_0': 6, 'D_layer_units_exponent_1': 6, 'D_layer_units_exponent_2': 8, 'D_layer_units_exponent_3': 6, 'D_layer_units_exponent_4': 5, 'D_layer_units_exponent_5': 8, 'D_dagger_layers': 8, 'D_dagger_layer_units_exponent_0': 10, 'D_dagger_layer_units_exponent_1': 10, 'D_dagger_layer_units_exponent_2': 6, 'D_dagger_layer_units_exponent_3': 10, 'D_dagger_layer_units_exponent_4': 4, 'D_dagger_layer_units_exponent_5': 6, 'D_dagger_layer_units_exponent_6': 7, 'D_dagger_layer_units_exponent_7': 4, 'log_learning_rate': -2.0303976980384393, 'log_learning_rate_D': -3.787705017400397, 'log_learning_rate_D_dagger': -3.03137967263764, 'training_batch_size': 6, 'training_p': 3}
	 epoch  0 training error:  tensor(0.9611, device='cuda:0', grad_fn=<DivBackward0>)
Memory status after this epoch: 
Memory allocated:  201.67041015625
Memory cached:  408.0
	 epoch  10 training error:  tensor(0.4230, device='cuda:0', grad_fn=<DivBackward0>)
Memory status after this epoch: 
Memory allocated:  201.67041015625
Memory cached:  420.0
	 epoch  20 training error:  tensor(0.4110, device='cuda:0', grad_fn=<DivBackward0>)
Memory status after this epoch: 
Memory allocated:  201.67041015625
Memory cached:  426.0
	 epoch  30 training error:  tensor(0.4014, device='cuda:0', grad_fn=<DivBackward0>)
Memory status after this epoch: 
Memory allocated:  201.67041015625
Memory cached:  430.0
	 epoch  40 training error:  tensor(0.3968, device='cuda:0', grad_fn=<DivBackward0>)
Memory status after this epoch: 
Memory allocated:  201.67041015625
Memory cached:  434.0
	 epoch  50 training error:  tensor(0.4125, device='cuda:0', grad_fn=<DivBackward0>)
Memory status after this epoch: 
Memory allocated:  201.67041015625
Memory cached:  424.0
	 epoch  60 training error:  tensor(0.4066, device='cuda:0', grad_fn=<DivBackward0>)
Memory status after this epoch: 
Memory allocated:  201.67041015625
Memory cached:  430.0
	 epoch  70 training error:  tensor(0.3975, device='cuda:0', grad_fn=<DivBackward0>)
Memory status after this epoch: 
Memory allocated:  201.67041015625
Memory cached:  426.0
	 epoch  80 training error:  tensor(0.3815, device='cuda:0', grad_fn=<DivBackward0>)
Memory status after this epoch: 
Memory allocated:  201.67041015625
Memory cached:  430.0
	 epoch  90 training error:  tensor(0.3682, device='cuda:0', grad_fn=<DivBackward0>)
Memory status after this epoch: 
Memory allocated:  201.67041015625
Memory cached:  432.0
[I 2023-12-20 02:04:50,739] Trial 14 finished with value: 0.3424048125743866 and parameters: {'W_layers': 3, 'W_layer_units_exponent_0': 8, 'W_layer_units_exponent_1': 4, 'W_layer_units_exponent_2': 4, 'D_layers': 6, 'D_layer_units_exponent_0': 6, 'D_layer_units_exponent_1': 6, 'D_layer_units_exponent_2': 8, 'D_layer_units_exponent_3': 6, 'D_layer_units_exponent_4': 5, 'D_layer_units_exponent_5': 8, 'D_dagger_layers': 8, 'D_dagger_layer_units_exponent_0': 10, 'D_dagger_layer_units_exponent_1': 10, 'D_dagger_layer_units_exponent_2': 6, 'D_dagger_layer_units_exponent_3': 10, 'D_dagger_layer_units_exponent_4': 4, 'D_dagger_layer_units_exponent_5': 6, 'D_dagger_layer_units_exponent_6': 7, 'D_dagger_layer_units_exponent_7': 4, 'log_learning_rate': -2.0303976980384393, 'log_learning_rate_D': -3.787705017400397, 'log_learning_rate_D_dagger': -3.03137967263764, 'training_batch_size': 6, 'training_p': 3}. Best is trial 11 with value: 0.14480963349342346.
Time for this trial:  375.7236485481262
Memory status after this trial: 
Memory allocated:  424.51611328125
Memory cached:  440.0
--------------------  Trial  15   --------------------
Start timing: 
Parameters: 
{'W_layers': 2, 'W_layer_units_exponent_0': 10, 'W_layer_units_exponent_1': 5, 'D_layers': 7, 'D_layer_units_exponent_0': 5, 'D_layer_units_exponent_1': 6, 'D_layer_units_exponent_2': 9, 'D_layer_units_exponent_3': 4, 'D_layer_units_exponent_4': 5, 'D_layer_units_exponent_5': 8, 'D_layer_units_exponent_6': 10, 'D_dagger_layers': 6, 'D_dagger_layer_units_exponent_0': 9, 'D_dagger_layer_units_exponent_1': 8, 'D_dagger_layer_units_exponent_2': 6, 'D_dagger_layer_units_exponent_3': 8, 'D_dagger_layer_units_exponent_4': 5, 'D_dagger_layer_units_exponent_5': 4, 'log_learning_rate': -2.385606925891199, 'log_learning_rate_D': -2.62077746421767, 'log_learning_rate_D_dagger': -2.0986031584393325, 'training_batch_size': 9, 'training_p': 5}
	 epoch  0 training error:  tensor(0.8432, device='cuda:0', grad_fn=<DivBackward0>)
Memory status after this epoch: 
Memory allocated:  190.36181640625
Memory cached:  384.0
	 epoch  10 training error:  tensor(0.9788, device='cuda:0', grad_fn=<DivBackward0>)
Memory status after this epoch: 
Memory allocated:  190.36181640625
Memory cached:  390.0
	 epoch  20 training error:  tensor(0.5338, device='cuda:0', grad_fn=<DivBackward0>)
Memory status after this epoch: 
Memory allocated:  190.36181640625
Memory cached:  392.0
	 epoch  30 training error:  tensor(0.5547, device='cuda:0', grad_fn=<DivBackward0>)
Memory status after this epoch: 
Memory allocated:  190.36181640625
Memory cached:  394.0
	 epoch  40 training error:  tensor(0.5749, device='cuda:0', grad_fn=<DivBackward0>)
Memory status after this epoch: 
Memory allocated:  190.36181640625
Memory cached:  392.0
	 epoch  50 training error:  tensor(0.5470, device='cuda:0', grad_fn=<DivBackward0>)
Memory status after this epoch: 
Memory allocated:  190.36181640625
Memory cached:  394.0
	 epoch  60 training error:  tensor(0.5719, device='cuda:0', grad_fn=<DivBackward0>)
Memory status after this epoch: 
Memory allocated:  190.36181640625
Memory cached:  392.0
	 epoch  70 training error:  tensor(0.5499, device='cuda:0', grad_fn=<DivBackward0>)
Memory status after this epoch: 
Memory allocated:  190.36181640625
Memory cached:  392.0
	 epoch  80 training error:  tensor(0.5814, device='cuda:0', grad_fn=<DivBackward0>)
Memory status after this epoch: 
Memory allocated:  190.36181640625
Memory cached:  392.0
	 epoch  90 training error:  tensor(0.5484, device='cuda:0', grad_fn=<DivBackward0>)
Memory status after this epoch: 
Memory allocated:  190.36181640625
Memory cached:  392.0
[I 2023-12-20 02:08:15,257] Trial 15 finished with value: 0.5658308863639832 and parameters: {'W_layers': 2, 'W_layer_units_exponent_0': 10, 'W_layer_units_exponent_1': 5, 'D_layers': 7, 'D_layer_units_exponent_0': 5, 'D_layer_units_exponent_1': 6, 'D_layer_units_exponent_2': 9, 'D_layer_units_exponent_3': 4, 'D_layer_units_exponent_4': 5, 'D_layer_units_exponent_5': 8, 'D_layer_units_exponent_6': 10, 'D_dagger_layers': 6, 'D_dagger_layer_units_exponent_0': 9, 'D_dagger_layer_units_exponent_1': 8, 'D_dagger_layer_units_exponent_2': 6, 'D_dagger_layer_units_exponent_3': 8, 'D_dagger_layer_units_exponent_4': 5, 'D_dagger_layer_units_exponent_5': 4, 'log_learning_rate': -2.385606925891199, 'log_learning_rate_D': -2.62077746421767, 'log_learning_rate_D_dagger': -2.0986031584393325, 'training_batch_size': 9, 'training_p': 5}. Best is trial 11 with value: 0.14480963349342346.
Time for this trial:  204.14188265800476
Memory status after this trial: 
Memory allocated:  398.27001953125
Memory cached:  404.0
--------------------  Trial  16   --------------------
Start timing: 
Parameters: 
{'W_layers': 8, 'W_layer_units_exponent_0': 9, 'W_layer_units_exponent_1': 5, 'W_layer_units_exponent_2': 6, 'W_layer_units_exponent_3': 6, 'W_layer_units_exponent_4': 10, 'W_layer_units_exponent_5': 10, 'W_layer_units_exponent_6': 4, 'W_layer_units_exponent_7': 10, 'D_layers': 4, 'D_layer_units_exponent_0': 10, 'D_layer_units_exponent_1': 7, 'D_layer_units_exponent_2': 4, 'D_layer_units_exponent_3': 6, 'D_dagger_layers': 2, 'D_dagger_layer_units_exponent_0': 7, 'D_dagger_layer_units_exponent_1': 9, 'log_learning_rate': -1.7212149106500796, 'log_learning_rate_D': -4.45747943542002, 'log_learning_rate_D_dagger': -3.147482785216366, 'training_batch_size': 6, 'training_p': 2}
	 epoch  0 training error:  tensor(2.6899, device='cuda:0', grad_fn=<DivBackward0>)
Memory status after this epoch: 
Memory allocated:  203.37548828125
Memory cached:  422.0
	 epoch  10 training error:  tensor(573.4857, device='cuda:0', grad_fn=<DivBackward0>)
Memory status after this epoch: 
Memory allocated:  203.37548828125
Memory cached:  436.0
	 epoch  20 training error:  tensor(2.9442, device='cuda:0', grad_fn=<DivBackward0>)
Memory status after this epoch: 
Memory allocated:  203.37548828125
Memory cached:  438.0
	 epoch  30 training error:  tensor(56.9703, device='cuda:0', grad_fn=<DivBackward0>)
Memory status after this epoch: 
Memory allocated:  203.37548828125
Memory cached:  440.0
	 epoch  40 training error:  tensor(0.5765, device='cuda:0', grad_fn=<DivBackward0>)
Memory status after this epoch: 
Memory allocated:  203.37548828125
Memory cached:  436.0
	 epoch  50 training error:  tensor(0.4245, device='cuda:0', grad_fn=<DivBackward0>)
Memory status after this epoch: 
Memory allocated:  203.37548828125
Memory cached:  438.0
	 epoch  60 training error:  tensor(0.3032, device='cuda:0', grad_fn=<DivBackward0>)
Memory status after this epoch: 
Memory allocated:  203.37548828125
Memory cached:  436.0
	 epoch  70 training error:  tensor(0.2885, device='cuda:0', grad_fn=<DivBackward0>)
Memory status after this epoch: 
Memory allocated:  203.37548828125
Memory cached:  440.0
	 epoch  80 training error:  tensor(0.2867, device='cuda:0', grad_fn=<DivBackward0>)
Memory status after this epoch: 
Memory allocated:  203.37548828125
Memory cached:  436.0
	 epoch  90 training error:  tensor(0.2852, device='cuda:0', grad_fn=<DivBackward0>)
Memory status after this epoch: 
Memory allocated:  203.37548828125
Memory cached:  440.0
[I 2023-12-20 02:14:00,251] Trial 16 finished with value: 0.3264773190021515 and parameters: {'W_layers': 8, 'W_layer_units_exponent_0': 9, 'W_layer_units_exponent_1': 5, 'W_layer_units_exponent_2': 6, 'W_layer_units_exponent_3': 6, 'W_layer_units_exponent_4': 10, 'W_layer_units_exponent_5': 10, 'W_layer_units_exponent_6': 4, 'W_layer_units_exponent_7': 10, 'D_layers': 4, 'D_layer_units_exponent_0': 10, 'D_layer_units_exponent_1': 7, 'D_layer_units_exponent_2': 4, 'D_layer_units_exponent_3': 6, 'D_dagger_layers': 2, 'D_dagger_layer_units_exponent_0': 7, 'D_dagger_layer_units_exponent_1': 9, 'log_learning_rate': -1.7212149106500796, 'log_learning_rate_D': -4.45747943542002, 'log_learning_rate_D_dagger': -3.147482785216366, 'training_batch_size': 6, 'training_p': 2}. Best is trial 11 with value: 0.14480963349342346.
Time for this trial:  344.59904313087463
Memory status after this trial: 
Memory allocated:  481.43505859375
Memory cached:  498.0
--------------------  Trial  17   --------------------
Start timing: 
Parameters: 
{'W_layers': 3, 'W_layer_units_exponent_0': 5, 'W_layer_units_exponent_1': 5, 'W_layer_units_exponent_2': 8, 'D_layers': 7, 'D_layer_units_exponent_0': 5, 'D_layer_units_exponent_1': 4, 'D_layer_units_exponent_2': 8, 'D_layer_units_exponent_3': 6, 'D_layer_units_exponent_4': 5, 'D_layer_units_exponent_5': 7, 'D_layer_units_exponent_6': 4, 'D_dagger_layers': 6, 'D_dagger_layer_units_exponent_0': 9, 'D_dagger_layer_units_exponent_1': 8, 'D_dagger_layer_units_exponent_2': 8, 'D_dagger_layer_units_exponent_3': 7, 'D_dagger_layer_units_exponent_4': 5, 'D_dagger_layer_units_exponent_5': 6, 'log_learning_rate': -1.6721380270455541, 'log_learning_rate_D': -3.9279545737912605, 'log_learning_rate_D_dagger': -3.9718795068980244, 'training_batch_size': 7, 'training_p': 6}
	 epoch  0 training error:  tensor(1.0633, device='cuda:0', grad_fn=<DivBackward0>)
Memory status after this epoch: 
Memory allocated:  186.56494140625
Memory cached:  384.0
	 epoch  10 training error:  tensor(0.6580, device='cuda:0', grad_fn=<DivBackward0>)
Memory status after this epoch: 
Memory allocated:  186.56494140625
Memory cached:  390.0
	 epoch  20 training error:  tensor(0.5517, device='cuda:0', grad_fn=<DivBackward0>)
Memory status after this epoch: 
Memory allocated:  186.56494140625
Memory cached:  386.0
	 epoch  30 training error:  tensor(0.5516, device='cuda:0', grad_fn=<DivBackward0>)
Memory status after this epoch: 
Memory allocated:  186.56494140625
Memory cached:  392.0
	 epoch  40 training error:  tensor(0.5535, device='cuda:0', grad_fn=<DivBackward0>)
Memory status after this epoch: 
Memory allocated:  186.56494140625
Memory cached:  392.0
	 epoch  50 training error:  tensor(0.5255, device='cuda:0', grad_fn=<DivBackward0>)
Memory status after this epoch: 
Memory allocated:  186.56494140625
Memory cached:  390.0
	 epoch  60 training error:  tensor(0.5225, device='cuda:0', grad_fn=<DivBackward0>)
Memory status after this epoch: 
Memory allocated:  186.56494140625
Memory cached:  388.0
	 epoch  70 training error:  tensor(0.5379, device='cuda:0', grad_fn=<DivBackward0>)
Memory status after this epoch: 
Memory allocated:  186.56494140625
Memory cached:  386.0
	 epoch  80 training error:  tensor(0.5276, device='cuda:0', grad_fn=<DivBackward0>)
Memory status after this epoch: 
Memory allocated:  186.56494140625
Memory cached:  392.0
	 epoch  90 training error:  tensor(0.5145, device='cuda:0', grad_fn=<DivBackward0>)
Memory status after this epoch: 
Memory allocated:  186.56494140625
Memory cached:  388.0
[I 2023-12-20 02:17:17,479] Trial 17 finished with value: 0.42023178935050964 and parameters: {'W_layers': 3, 'W_layer_units_exponent_0': 5, 'W_layer_units_exponent_1': 5, 'W_layer_units_exponent_2': 8, 'D_layers': 7, 'D_layer_units_exponent_0': 5, 'D_layer_units_exponent_1': 4, 'D_layer_units_exponent_2': 8, 'D_layer_units_exponent_3': 6, 'D_layer_units_exponent_4': 5, 'D_layer_units_exponent_5': 7, 'D_layer_units_exponent_6': 4, 'D_dagger_layers': 6, 'D_dagger_layer_units_exponent_0': 9, 'D_dagger_layer_units_exponent_1': 8, 'D_dagger_layer_units_exponent_2': 8, 'D_dagger_layer_units_exponent_3': 7, 'D_dagger_layer_units_exponent_4': 5, 'D_dagger_layer_units_exponent_5': 6, 'log_learning_rate': -1.6721380270455541, 'log_learning_rate_D': -3.9279545737912605, 'log_learning_rate_D_dagger': -3.9718795068980244, 'training_batch_size': 7, 'training_p': 6}. Best is trial 11 with value: 0.14480963349342346.
Time for this trial:  196.84117937088013
Memory status after this trial: 
Memory allocated:  294.98583984375
Memory cached:  388.0
--------------------  Trial  18   --------------------
Start timing: 
Parameters: 
{'W_layers': 5, 'W_layer_units_exponent_0': 8, 'W_layer_units_exponent_1': 4, 'W_layer_units_exponent_2': 6, 'W_layer_units_exponent_3': 4, 'W_layer_units_exponent_4': 10, 'D_layers': 5, 'D_layer_units_exponent_0': 8, 'D_layer_units_exponent_1': 7, 'D_layer_units_exponent_2': 10, 'D_layer_units_exponent_3': 8, 'D_layer_units_exponent_4': 6, 'D_dagger_layers': 7, 'D_dagger_layer_units_exponent_0': 7, 'D_dagger_layer_units_exponent_1': 7, 'D_dagger_layer_units_exponent_2': 5, 'D_dagger_layer_units_exponent_3': 7, 'D_dagger_layer_units_exponent_4': 7, 'D_dagger_layer_units_exponent_5': 8, 'D_dagger_layer_units_exponent_6': 7, 'log_learning_rate': -2.5141362707018007, 'log_learning_rate_D': -4.555722557900703, 'log_learning_rate_D_dagger': -2.601444511260887, 'training_batch_size': 10, 'training_p': 5}
	 epoch  0 training error:  tensor(0.9801, device='cuda:0', grad_fn=<DivBackward0>)
Memory status after this epoch: 
Memory allocated:  191.13134765625
Memory cached:  384.0
	 epoch  10 training error:  tensor(0.6592, device='cuda:0', grad_fn=<DivBackward0>)
Memory status after this epoch: 
Memory allocated:  191.13134765625
Memory cached:  396.0
	 epoch  20 training error:  tensor(0.5479, device='cuda:0', grad_fn=<DivBackward0>)
Memory status after this epoch: 
Memory allocated:  191.13134765625
Memory cached:  400.0
	 epoch  30 training error:  tensor(0.4863, device='cuda:0', grad_fn=<DivBackward0>)
Memory status after this epoch: 
Memory allocated:  191.13134765625
Memory cached:  394.0
	 epoch  40 training error:  tensor(0.4903, device='cuda:0', grad_fn=<DivBackward0>)
Memory status after this epoch: 
Memory allocated:  191.13134765625
Memory cached:  396.0
	 epoch  50 training error:  tensor(0.4800, device='cuda:0', grad_fn=<DivBackward0>)
Memory status after this epoch: 
Memory allocated:  191.13134765625
Memory cached:  398.0
	 epoch  60 training error:  tensor(0.4822, device='cuda:0', grad_fn=<DivBackward0>)
Memory status after this epoch: 
Memory allocated:  191.13134765625
Memory cached:  398.0
	 epoch  70 training error:  tensor(0.4797, device='cuda:0', grad_fn=<DivBackward0>)
Memory status after this epoch: 
Memory allocated:  191.13134765625
Memory cached:  396.0
	 epoch  80 training error:  tensor(0.4750, device='cuda:0', grad_fn=<DivBackward0>)
Memory status after this epoch: 
Memory allocated:  191.13134765625
Memory cached:  396.0
	 epoch  90 training error:  tensor(0.5185, device='cuda:0', grad_fn=<DivBackward0>)
Memory status after this epoch: 
Memory allocated:  191.13134765625
Memory cached:  400.0
