[I 2024-01-25 20:33:52,024] Trial 403 finished with value: 0.12611864507198334 and parameters: {'W_layers': 8, 'W_layer_units_exponent_0': 4, 'W_layer_units_exponent_1': 4, 'W_layer_units_exponent_2': 6, 'W_layer_units_exponent_3': 6, 'W_layer_units_exponent_4': 10, 'W_layer_units_exponent_5': 4, 'W_layer_units_exponent_6': 4, 'W_layer_units_exponent_7': 10, 'D_layers': 7, 'D_layer_units_exponent_0': 8, 'D_layer_units_exponent_1': 7, 'D_layer_units_exponent_2': 4, 'D_layer_units_exponent_3': 9, 'D_layer_units_exponent_4': 10, 'D_layer_units_exponent_5': 7, 'D_layer_units_exponent_6': 9, 'D_dagger_layers': 8, 'D_dagger_layer_units_exponent_0': 8, 'D_dagger_layer_units_exponent_1': 10, 'D_dagger_layer_units_exponent_2': 5, 'D_dagger_layer_units_exponent_3': 9, 'D_dagger_layer_units_exponent_4': 10, 'D_dagger_layer_units_exponent_5': 4, 'D_dagger_layer_units_exponent_6': 4, 'D_dagger_layer_units_exponent_7': 7, 'log_learning_rate': -3.8838386512943446, 'log_learning_rate_D': -3.550759430575698, 'log_learning_rate_D_dagger': -3.6462992253699062, 'training_batch_size': 6, 'training_p': 5}. Best is trial 332 with value: 0.05854595825076103.
Time for this trial:  717.0172588825226
Memory status after this trial: 
Memory allocated:  1543.0029296875
Memory cached:  1554.0
--------------------  Trial  404   --------------------
Start timing: 
Parameters: 
{'W_layers': 8, 'W_layer_units_exponent_0': 4, 'W_layer_units_exponent_1': 4, 'W_layer_units_exponent_2': 6, 'W_layer_units_exponent_3': 6, 'W_layer_units_exponent_4': 10, 'W_layer_units_exponent_5': 4, 'W_layer_units_exponent_6': 10, 'W_layer_units_exponent_7': 10, 'D_layers': 7, 'D_layer_units_exponent_0': 8, 'D_layer_units_exponent_1': 7, 'D_layer_units_exponent_2': 4, 'D_layer_units_exponent_3': 9, 'D_layer_units_exponent_4': 9, 'D_layer_units_exponent_5': 7, 'D_layer_units_exponent_6': 9, 'D_dagger_layers': 8, 'D_dagger_layer_units_exponent_0': 8, 'D_dagger_layer_units_exponent_1': 10, 'D_dagger_layer_units_exponent_2': 5, 'D_dagger_layer_units_exponent_3': 4, 'D_dagger_layer_units_exponent_4': 10, 'D_dagger_layer_units_exponent_5': 5, 'D_dagger_layer_units_exponent_6': 4, 'D_dagger_layer_units_exponent_7': 7, 'log_learning_rate': -3.714943524225513, 'log_learning_rate_D': -3.4889906162139095, 'log_learning_rate_D_dagger': -3.6783719494222127, 'training_batch_size': 6, 'training_p': 5}
	 epoch  0 training error:  tensor(0.9406, device='cuda:0', grad_fn=<DivBackward0>)
Memory status after this epoch: 
Memory allocated:  751.51513671875
Memory cached:  1286.0
	 epoch  10 training error:  tensor(0.3810, device='cuda:0', grad_fn=<DivBackward0>)
Memory status after this epoch: 
Memory allocated:  751.51513671875
Memory cached:  1318.0
	 epoch  20 training error:  tensor(0.3310, device='cuda:0', grad_fn=<DivBackward0>)
Memory status after this epoch: 
Memory allocated:  751.51513671875
Memory cached:  1322.0
	 epoch  30 training error:  tensor(0.3099, device='cuda:0', grad_fn=<DivBackward0>)
Memory status after this epoch: 
Memory allocated:  751.51513671875
Memory cached:  1320.0
	 epoch  40 training error:  tensor(0.3008, device='cuda:0', grad_fn=<DivBackward0>)
Memory status after this epoch: 
Memory allocated:  751.51513671875
Memory cached:  1324.0
	 epoch  50 training error:  tensor(0.3085, device='cuda:0', grad_fn=<DivBackward0>)
Memory status after this epoch: 
Memory allocated:  751.51513671875
Memory cached:  1328.0
	 epoch  60 training error:  tensor(0.2961, device='cuda:0', grad_fn=<DivBackward0>)
Memory status after this epoch: 
Memory allocated:  751.51513671875
Memory cached:  1328.0
	 epoch  70 training error:  tensor(0.2478, device='cuda:0', grad_fn=<DivBackward0>)
Memory status after this epoch: 
Memory allocated:  751.51513671875
Memory cached:  1318.0
	 epoch  80 training error:  tensor(0.1899, device='cuda:0', grad_fn=<DivBackward0>)
Memory status after this epoch: 
Memory allocated:  751.51513671875
Memory cached:  1324.0
	 epoch  90 training error:  tensor(0.1677, device='cuda:0', grad_fn=<DivBackward0>)
Memory status after this epoch: 
Memory allocated:  751.51513671875
Memory cached:  1316.0
[I 2024-01-25 20:45:48,746] Trial 404 finished with value: 0.0667557343840599 and parameters: {'W_layers': 8, 'W_layer_units_exponent_0': 4, 'W_layer_units_exponent_1': 4, 'W_layer_units_exponent_2': 6, 'W_layer_units_exponent_3': 6, 'W_layer_units_exponent_4': 10, 'W_layer_units_exponent_5': 4, 'W_layer_units_exponent_6': 10, 'W_layer_units_exponent_7': 10, 'D_layers': 7, 'D_layer_units_exponent_0': 8, 'D_layer_units_exponent_1': 7, 'D_layer_units_exponent_2': 4, 'D_layer_units_exponent_3': 9, 'D_layer_units_exponent_4': 9, 'D_layer_units_exponent_5': 7, 'D_layer_units_exponent_6': 9, 'D_dagger_layers': 8, 'D_dagger_layer_units_exponent_0': 8, 'D_dagger_layer_units_exponent_1': 10, 'D_dagger_layer_units_exponent_2': 5, 'D_dagger_layer_units_exponent_3': 4, 'D_dagger_layer_units_exponent_4': 10, 'D_dagger_layer_units_exponent_5': 5, 'D_dagger_layer_units_exponent_6': 4, 'D_dagger_layer_units_exponent_7': 7, 'log_learning_rate': -3.714943524225513, 'log_learning_rate_D': -3.4889906162139095, 'log_learning_rate_D_dagger': -3.6783719494222127, 'training_batch_size': 6, 'training_p': 5}. Best is trial 332 with value: 0.05854595825076103.
Time for this trial:  716.0181014537811
Memory status after this trial: 
Memory allocated:  1546.8876953125
Memory cached:  1560.0
--------------------  Trial  405   --------------------
Start timing: 
Parameters: 
{'W_layers': 8, 'W_layer_units_exponent_0': 4, 'W_layer_units_exponent_1': 4, 'W_layer_units_exponent_2': 6, 'W_layer_units_exponent_3': 6, 'W_layer_units_exponent_4': 10, 'W_layer_units_exponent_5': 4, 'W_layer_units_exponent_6': 10, 'W_layer_units_exponent_7': 10, 'D_layers': 7, 'D_layer_units_exponent_0': 8, 'D_layer_units_exponent_1': 7, 'D_layer_units_exponent_2': 4, 'D_layer_units_exponent_3': 9, 'D_layer_units_exponent_4': 9, 'D_layer_units_exponent_5': 7, 'D_layer_units_exponent_6': 9, 'D_dagger_layers': 8, 'D_dagger_layer_units_exponent_0': 8, 'D_dagger_layer_units_exponent_1': 10, 'D_dagger_layer_units_exponent_2': 5, 'D_dagger_layer_units_exponent_3': 4, 'D_dagger_layer_units_exponent_4': 10, 'D_dagger_layer_units_exponent_5': 5, 'D_dagger_layer_units_exponent_6': 4, 'D_dagger_layer_units_exponent_7': 7, 'log_learning_rate': -3.649144646579923, 'log_learning_rate_D': -3.4349894567755292, 'log_learning_rate_D_dagger': -4.041925096231378, 'training_batch_size': 6, 'training_p': 5}
	 epoch  0 training error:  tensor(0.9375, device='cuda:0', grad_fn=<DivBackward0>)
Memory status after this epoch: 
Memory allocated:  751.51513671875
Memory cached:  1280.0
	 epoch  10 training error:  tensor(0.4192, device='cuda:0', grad_fn=<DivBackward0>)
Memory status after this epoch: 
Memory allocated:  751.51513671875
Memory cached:  1318.0
	 epoch  20 training error:  tensor(0.3592, device='cuda:0', grad_fn=<DivBackward0>)
Memory status after this epoch: 
Memory allocated:  751.51513671875
Memory cached:  1322.0
	 epoch  30 training error:  tensor(0.3263, device='cuda:0', grad_fn=<DivBackward0>)
Memory status after this epoch: 
Memory allocated:  751.51513671875
Memory cached:  1322.0
	 epoch  40 training error:  tensor(0.3070, device='cuda:0', grad_fn=<DivBackward0>)
Memory status after this epoch: 
Memory allocated:  751.51513671875
Memory cached:  1316.0
	 epoch  50 training error:  tensor(0.2969, device='cuda:0', grad_fn=<DivBackward0>)
Memory status after this epoch: 
Memory allocated:  751.51513671875
Memory cached:  1324.0
	 epoch  60 training error:  tensor(0.2951, device='cuda:0', grad_fn=<DivBackward0>)
Memory status after this epoch: 
Memory allocated:  751.51513671875
Memory cached:  1316.0
	 epoch  70 training error:  tensor(0.2946, device='cuda:0', grad_fn=<DivBackward0>)
Memory status after this epoch: 
Memory allocated:  751.51513671875
Memory cached:  1316.0
	 epoch  80 training error:  tensor(0.2890, device='cuda:0', grad_fn=<DivBackward0>)
Memory status after this epoch: 
Memory allocated:  751.51513671875
Memory cached:  1324.0
	 epoch  90 training error:  tensor(0.2876, device='cuda:0', grad_fn=<DivBackward0>)
Memory status after this epoch: 
Memory allocated:  751.51513671875
Memory cached:  1324.0
[I 2024-01-25 20:57:45,051] Trial 405 finished with value: 0.15904279053211212 and parameters: {'W_layers': 8, 'W_layer_units_exponent_0': 4, 'W_layer_units_exponent_1': 4, 'W_layer_units_exponent_2': 6, 'W_layer_units_exponent_3': 6, 'W_layer_units_exponent_4': 10, 'W_layer_units_exponent_5': 4, 'W_layer_units_exponent_6': 10, 'W_layer_units_exponent_7': 10, 'D_layers': 7, 'D_layer_units_exponent_0': 8, 'D_layer_units_exponent_1': 7, 'D_layer_units_exponent_2': 4, 'D_layer_units_exponent_3': 9, 'D_layer_units_exponent_4': 9, 'D_layer_units_exponent_5': 7, 'D_layer_units_exponent_6': 9, 'D_dagger_layers': 8, 'D_dagger_layer_units_exponent_0': 8, 'D_dagger_layer_units_exponent_1': 10, 'D_dagger_layer_units_exponent_2': 5, 'D_dagger_layer_units_exponent_3': 4, 'D_dagger_layer_units_exponent_4': 10, 'D_dagger_layer_units_exponent_5': 5, 'D_dagger_layer_units_exponent_6': 4, 'D_dagger_layer_units_exponent_7': 7, 'log_learning_rate': -3.649144646579923, 'log_learning_rate_D': -3.4349894567755292, 'log_learning_rate_D_dagger': -4.041925096231378, 'training_batch_size': 6, 'training_p': 5}. Best is trial 332 with value: 0.05854595825076103.
Time for this trial:  715.6175246238708
Memory status after this trial: 
Memory allocated:  1546.8876953125
Memory cached:  1560.0
--------------------  Trial  406   --------------------
Start timing: 
Parameters: 
{'W_layers': 8, 'W_layer_units_exponent_0': 4, 'W_layer_units_exponent_1': 4, 'W_layer_units_exponent_2': 6, 'W_layer_units_exponent_3': 6, 'W_layer_units_exponent_4': 10, 'W_layer_units_exponent_5': 4, 'W_layer_units_exponent_6': 10, 'W_layer_units_exponent_7': 10, 'D_layers': 7, 'D_layer_units_exponent_0': 8, 'D_layer_units_exponent_1': 7, 'D_layer_units_exponent_2': 4, 'D_layer_units_exponent_3': 9, 'D_layer_units_exponent_4': 10, 'D_layer_units_exponent_5': 7, 'D_layer_units_exponent_6': 9, 'D_dagger_layers': 8, 'D_dagger_layer_units_exponent_0': 8, 'D_dagger_layer_units_exponent_1': 10, 'D_dagger_layer_units_exponent_2': 5, 'D_dagger_layer_units_exponent_3': 5, 'D_dagger_layer_units_exponent_4': 10, 'D_dagger_layer_units_exponent_5': 5, 'D_dagger_layer_units_exponent_6': 4, 'D_dagger_layer_units_exponent_7': 7, 'log_learning_rate': -3.8315648957378414, 'log_learning_rate_D': -3.3457517678028634, 'log_learning_rate_D_dagger': -3.6964144420516107, 'training_batch_size': 6, 'training_p': 5}
	 epoch  0 training error:  tensor(0.9694, device='cuda:0', grad_fn=<DivBackward0>)
Memory status after this epoch: 
Memory allocated:  756.78076171875
Memory cached:  1274.0
	 epoch  10 training error:  tensor(0.3831, device='cuda:0', grad_fn=<DivBackward0>)
Memory status after this epoch: 
Memory allocated:  756.78076171875
Memory cached:  1318.0
	 epoch  20 training error:  tensor(0.3291, device='cuda:0', grad_fn=<DivBackward0>)
Memory status after this epoch: 
Memory allocated:  756.78076171875
Memory cached:  1320.0
	 epoch  30 training error:  tensor(0.3183, device='cuda:0', grad_fn=<DivBackward0>)
Memory status after this epoch: 
Memory allocated:  756.78076171875
Memory cached:  1326.0
	 epoch  40 training error:  tensor(0.3068, device='cuda:0', grad_fn=<DivBackward0>)
Memory status after this epoch: 
Memory allocated:  756.78076171875
Memory cached:  1316.0
	 epoch  50 training error:  tensor(0.3076, device='cuda:0', grad_fn=<DivBackward0>)
Memory status after this epoch: 
Memory allocated:  756.78076171875
Memory cached:  1308.0
	 epoch  60 training error:  tensor(0.2971, device='cuda:0', grad_fn=<DivBackward0>)
Memory status after this epoch: 
Memory allocated:  756.78076171875
Memory cached:  1312.0
	 epoch  70 training error:  tensor(0.2966, device='cuda:0', grad_fn=<DivBackward0>)
Memory status after this epoch: 
Memory allocated:  756.78076171875
Memory cached:  1324.0
	 epoch  80 training error:  tensor(0.2973, device='cuda:0', grad_fn=<DivBackward0>)
Memory status after this epoch: 
Memory allocated:  756.78076171875
Memory cached:  1318.0
	 epoch  90 training error:  tensor(0.3071, device='cuda:0', grad_fn=<DivBackward0>)
Memory status after this epoch: 
Memory allocated:  756.78076171875
Memory cached:  1320.0
[I 2024-01-25 21:09:45,776] Trial 406 finished with value: 0.17928436398506165 and parameters: {'W_layers': 8, 'W_layer_units_exponent_0': 4, 'W_layer_units_exponent_1': 4, 'W_layer_units_exponent_2': 6, 'W_layer_units_exponent_3': 6, 'W_layer_units_exponent_4': 10, 'W_layer_units_exponent_5': 4, 'W_layer_units_exponent_6': 10, 'W_layer_units_exponent_7': 10, 'D_layers': 7, 'D_layer_units_exponent_0': 8, 'D_layer_units_exponent_1': 7, 'D_layer_units_exponent_2': 4, 'D_layer_units_exponent_3': 9, 'D_layer_units_exponent_4': 10, 'D_layer_units_exponent_5': 7, 'D_layer_units_exponent_6': 9, 'D_dagger_layers': 8, 'D_dagger_layer_units_exponent_0': 8, 'D_dagger_layer_units_exponent_1': 10, 'D_dagger_layer_units_exponent_2': 5, 'D_dagger_layer_units_exponent_3': 5, 'D_dagger_layer_units_exponent_4': 10, 'D_dagger_layer_units_exponent_5': 5, 'D_dagger_layer_units_exponent_6': 4, 'D_dagger_layer_units_exponent_7': 7, 'log_learning_rate': -3.8315648957378414, 'log_learning_rate_D': -3.3457517678028634, 'log_learning_rate_D_dagger': -3.6964144420516107, 'training_batch_size': 6, 'training_p': 5}. Best is trial 332 with value: 0.05854595825076103.
Time for this trial:  719.9988250732422
Memory status after this trial: 
Memory allocated:  1605.3701171875
Memory cached:  1632.0
--------------------  Trial  407   --------------------
Start timing: 
Parameters: 
{'W_layers': 8, 'W_layer_units_exponent_0': 4, 'W_layer_units_exponent_1': 4, 'W_layer_units_exponent_2': 6, 'W_layer_units_exponent_3': 6, 'W_layer_units_exponent_4': 10, 'W_layer_units_exponent_5': 4, 'W_layer_units_exponent_6': 10, 'W_layer_units_exponent_7': 7, 'D_layers': 7, 'D_layer_units_exponent_0': 8, 'D_layer_units_exponent_1': 7, 'D_layer_units_exponent_2': 4, 'D_layer_units_exponent_3': 9, 'D_layer_units_exponent_4': 10, 'D_layer_units_exponent_5': 7, 'D_layer_units_exponent_6': 9, 'D_dagger_layers': 8, 'D_dagger_layer_units_exponent_0': 8, 'D_dagger_layer_units_exponent_1': 10, 'D_dagger_layer_units_exponent_2': 5, 'D_dagger_layer_units_exponent_3': 4, 'D_dagger_layer_units_exponent_4': 10, 'D_dagger_layer_units_exponent_5': 6, 'D_dagger_layer_units_exponent_6': 4, 'D_dagger_layer_units_exponent_7': 7, 'log_learning_rate': -3.6939793871262236, 'log_learning_rate_D': -3.4800684749758832, 'log_learning_rate_D_dagger': -3.846686486206754, 'training_batch_size': 6, 'training_p': 5}
	 epoch  0 training error:  tensor(0.9767, device='cuda:0', grad_fn=<DivBackward0>)
Memory status after this epoch: 
Memory allocated:  743.00341796875
Memory cached:  1268.0
	 epoch  10 training error:  tensor(0.3931, device='cuda:0', grad_fn=<DivBackward0>)
Memory status after this epoch: 
Memory allocated:  743.00341796875
Memory cached:  1292.0
	 epoch  20 training error:  tensor(0.3409, device='cuda:0', grad_fn=<DivBackward0>)
Memory status after this epoch: 
Memory allocated:  743.00341796875
Memory cached:  1298.0
	 epoch  30 training error:  tensor(0.3093, device='cuda:0', grad_fn=<DivBackward0>)
Memory status after this epoch: 
Memory allocated:  743.00341796875
Memory cached:  1296.0
	 epoch  40 training error:  tensor(0.3101, device='cuda:0', grad_fn=<DivBackward0>)
Memory status after this epoch: 
Memory allocated:  743.00341796875
Memory cached:  1294.0
	 epoch  50 training error:  tensor(0.2989, device='cuda:0', grad_fn=<DivBackward0>)
Memory status after this epoch: 
Memory allocated:  743.00341796875
Memory cached:  1298.0
	 epoch  60 training error:  tensor(0.2971, device='cuda:0', grad_fn=<DivBackward0>)
Memory status after this epoch: 
Memory allocated:  743.00341796875
Memory cached:  1294.0
	 epoch  70 training error:  tensor(0.3021, device='cuda:0', grad_fn=<DivBackward0>)
Memory status after this epoch: 
Memory allocated:  743.00341796875
Memory cached:  1290.0
	 epoch  80 training error:  tensor(0.2876, device='cuda:0', grad_fn=<DivBackward0>)
Memory status after this epoch: 
Memory allocated:  743.00341796875
Memory cached:  1298.0
	 epoch  90 training error:  tensor(0.3104, device='cuda:0', grad_fn=<DivBackward0>)
Memory status after this epoch: 
Memory allocated:  743.00341796875
Memory cached:  1292.0
[I 2024-01-25 21:21:39,237] Trial 407 finished with value: 0.16322818398475647 and parameters: {'W_layers': 8, 'W_layer_units_exponent_0': 4, 'W_layer_units_exponent_1': 4, 'W_layer_units_exponent_2': 6, 'W_layer_units_exponent_3': 6, 'W_layer_units_exponent_4': 10, 'W_layer_units_exponent_5': 4, 'W_layer_units_exponent_6': 10, 'W_layer_units_exponent_7': 7, 'D_layers': 7, 'D_layer_units_exponent_0': 8, 'D_layer_units_exponent_1': 7, 'D_layer_units_exponent_2': 4, 'D_layer_units_exponent_3': 9, 'D_layer_units_exponent_4': 10, 'D_layer_units_exponent_5': 7, 'D_layer_units_exponent_6': 9, 'D_dagger_layers': 8, 'D_dagger_layer_units_exponent_0': 8, 'D_dagger_layer_units_exponent_1': 10, 'D_dagger_layer_units_exponent_2': 5, 'D_dagger_layer_units_exponent_3': 4, 'D_dagger_layer_units_exponent_4': 10, 'D_dagger_layer_units_exponent_5': 6, 'D_dagger_layer_units_exponent_6': 4, 'D_dagger_layer_units_exponent_7': 7, 'log_learning_rate': -3.6939793871262236, 'log_learning_rate_D': -3.4800684749758832, 'log_learning_rate_D_dagger': -3.846686486206754, 'training_batch_size': 6, 'training_p': 5}. Best is trial 332 with value: 0.05854595825076103.
Time for this trial:  712.749391078949
Memory status after this trial: 
Memory allocated:  1518.1591796875
Memory cached:  1534.0
--------------------  Trial  408   --------------------
Start timing: 
Parameters: 
{'W_layers': 8, 'W_layer_units_exponent_0': 4, 'W_layer_units_exponent_1': 4, 'W_layer_units_exponent_2': 6, 'W_layer_units_exponent_3': 6, 'W_layer_units_exponent_4': 9, 'W_layer_units_exponent_5': 4, 'W_layer_units_exponent_6': 10, 'W_layer_units_exponent_7': 10, 'D_layers': 7, 'D_layer_units_exponent_0': 8, 'D_layer_units_exponent_1': 7, 'D_layer_units_exponent_2': 5, 'D_layer_units_exponent_3': 9, 'D_layer_units_exponent_4': 9, 'D_layer_units_exponent_5': 7, 'D_layer_units_exponent_6': 9, 'D_dagger_layers': 8, 'D_dagger_layer_units_exponent_0': 8, 'D_dagger_layer_units_exponent_1': 10, 'D_dagger_layer_units_exponent_2': 5, 'D_dagger_layer_units_exponent_3': 4, 'D_dagger_layer_units_exponent_4': 10, 'D_dagger_layer_units_exponent_5': 5, 'D_dagger_layer_units_exponent_6': 4, 'D_dagger_layer_units_exponent_7': 5, 'log_learning_rate': -3.732355358033078, 'log_learning_rate_D': -3.2559812756431543, 'log_learning_rate_D_dagger': -3.734413680564748, 'training_batch_size': 6, 'training_p': 5}
	 epoch  0 training error:  tensor(0.9754, device='cuda:0', grad_fn=<DivBackward0>)
Memory status after this epoch: 
Memory allocated:  751.01513671875
Memory cached:  1284.0
	 epoch  10 training error:  tensor(0.4039, device='cuda:0', grad_fn=<DivBackward0>)
Memory status after this epoch: 
Memory allocated:  751.01513671875
Memory cached:  1298.0
	 epoch  20 training error:  tensor(0.3312, device='cuda:0', grad_fn=<DivBackward0>)
Memory status after this epoch: 
Memory allocated:  751.01513671875
Memory cached:  1298.0
	 epoch  30 training error:  tensor(0.3120, device='cuda:0', grad_fn=<DivBackward0>)
Memory status after this epoch: 
Memory allocated:  751.01513671875
Memory cached:  1306.0
	 epoch  40 training error:  tensor(0.3022, device='cuda:0', grad_fn=<DivBackward0>)
Memory status after this epoch: 
Memory allocated:  751.01513671875
Memory cached:  1296.0
	 epoch  50 training error:  tensor(0.2908, device='cuda:0', grad_fn=<DivBackward0>)
Memory status after this epoch: 
Memory allocated:  751.01513671875
Memory cached:  1302.0
	 epoch  60 training error:  tensor(0.2856, device='cuda:0', grad_fn=<DivBackward0>)
Memory status after this epoch: 
Memory allocated:  751.01513671875
Memory cached:  1304.0
	 epoch  70 training error:  tensor(0.2571, device='cuda:0', grad_fn=<DivBackward0>)
Memory status after this epoch: 
Memory allocated:  751.01513671875
Memory cached:  1302.0
	 epoch  80 training error:  tensor(0.1699, device='cuda:0', grad_fn=<DivBackward0>)
Memory status after this epoch: 
Memory allocated:  751.01513671875
Memory cached:  1302.0
	 epoch  90 training error:  tensor(0.1406, device='cuda:0', grad_fn=<DivBackward0>)
Memory status after this epoch: 
Memory allocated:  751.01513671875
Memory cached:  1306.0
