[I 2023-12-02 22:44:33,136] Trial 6 finished with value: 2.0582826137542725 and parameters: {'W_layers': 4, 'W_layer_units_exponent_0': 4, 'W_layer_units_exponent_1': 5, 'W_layer_units_exponent_2': 9, 'W_layer_units_exponent_3': 9, 'D_layers': 8, 'D_layer_units_exponent_0': 4, 'D_layer_units_exponent_1': 8, 'D_layer_units_exponent_2': 8, 'D_layer_units_exponent_3': 10, 'D_layer_units_exponent_4': 8, 'D_layer_units_exponent_5': 4, 'D_layer_units_exponent_6': 4, 'D_layer_units_exponent_7': 10, 'log_learning_rate': -1.6552542434676747, 'log_learning_rate_D': -3.282200512933091, 'training_batch_size': 8, 'training_p': 7}. Best is trial 4 with value: 0.06874580681324005.
Time for this trial:  12.714040040969849
Memory status after this trial: 
Memory allocated:  74.69189453125
Memory cached:  100.0
--------------------  Trial  7   --------------------
Start timing: 
Parameters: 
{'W_layers': 7, 'W_layer_units_exponent_0': 7, 'W_layer_units_exponent_1': 6, 'W_layer_units_exponent_2': 5, 'W_layer_units_exponent_3': 7, 'W_layer_units_exponent_4': 9, 'W_layer_units_exponent_5': 10, 'W_layer_units_exponent_6': 6, 'D_layers': 8, 'D_layer_units_exponent_0': 8, 'D_layer_units_exponent_1': 7, 'D_layer_units_exponent_2': 8, 'D_layer_units_exponent_3': 8, 'D_layer_units_exponent_4': 7, 'D_layer_units_exponent_5': 5, 'D_layer_units_exponent_6': 9, 'D_layer_units_exponent_7': 10, 'log_learning_rate': -1.2640085614352436, 'log_learning_rate_D': -2.6990296608947273, 'training_batch_size': 11, 'training_p': 8}
	 epoch  0 training error:  tensor(1.8109, device='cuda:0', grad_fn=<DivBackward0>)
Memory status after this epoch: 
Memory allocated:  60.7890625
Memory cached:  116.0
	 epoch  10 training error:  tensor(634.7781, device='cuda:0', grad_fn=<DivBackward0>)
Memory status after this epoch: 
Memory allocated:  60.7890625
Memory cached:  116.0
	 epoch  20 training error:  tensor(45.5574, device='cuda:0', grad_fn=<DivBackward0>)
Memory status after this epoch: 
Memory allocated:  60.7890625
Memory cached:  116.0
	 epoch  30 training error:  tensor(51.7123, device='cuda:0', grad_fn=<DivBackward0>)
Memory status after this epoch: 
Memory allocated:  60.7890625
Memory cached:  116.0
	 epoch  40 training error:  tensor(51.7261, device='cuda:0', grad_fn=<DivBackward0>)
Memory status after this epoch: 
Memory allocated:  60.7890625
Memory cached:  116.0
	 epoch  50 training error:  tensor(49.3743, device='cuda:0', grad_fn=<DivBackward0>)
Memory status after this epoch: 
Memory allocated:  60.7890625
Memory cached:  116.0
	 epoch  60 training error:  tensor(46.1002, device='cuda:0', grad_fn=<DivBackward0>)
Memory status after this epoch: 
Memory allocated:  60.7890625
Memory cached:  116.0
	 epoch  70 training error:  tensor(42.4647, device='cuda:0', grad_fn=<DivBackward0>)
Memory status after this epoch: 
Memory allocated:  60.7890625
Memory cached:  116.0
	 epoch  80 training error:  tensor(38.6835, device='cuda:0', grad_fn=<DivBackward0>)
Memory status after this epoch: 
Memory allocated:  60.7890625
Memory cached:  116.0
	 epoch  90 training error:  tensor(34.8390, device='cuda:0', grad_fn=<DivBackward0>)
Memory status after this epoch: 
Memory allocated:  60.7890625
Memory cached:  116.0
[I 2023-12-02 22:44:46,374] Trial 7 finished with value: 32.215553283691406 and parameters: {'W_layers': 7, 'W_layer_units_exponent_0': 7, 'W_layer_units_exponent_1': 6, 'W_layer_units_exponent_2': 5, 'W_layer_units_exponent_3': 7, 'W_layer_units_exponent_4': 9, 'W_layer_units_exponent_5': 10, 'W_layer_units_exponent_6': 6, 'D_layers': 8, 'D_layer_units_exponent_0': 8, 'D_layer_units_exponent_1': 7, 'D_layer_units_exponent_2': 8, 'D_layer_units_exponent_3': 8, 'D_layer_units_exponent_4': 7, 'D_layer_units_exponent_5': 5, 'D_layer_units_exponent_6': 9, 'D_layer_units_exponent_7': 10, 'log_learning_rate': -1.2640085614352436, 'log_learning_rate_D': -2.6990296608947273, 'training_batch_size': 11, 'training_p': 8}. Best is trial 4 with value: 0.06874580681324005.
Time for this trial:  13.114305019378662
Memory status after this trial: 
Memory allocated:  97.91259765625
Memory cached:  122.0
--------------------  Trial  8   --------------------
Start timing: 
Parameters: 
{'W_layers': 7, 'W_layer_units_exponent_0': 9, 'W_layer_units_exponent_1': 4, 'W_layer_units_exponent_2': 4, 'W_layer_units_exponent_3': 4, 'W_layer_units_exponent_4': 9, 'W_layer_units_exponent_5': 5, 'W_layer_units_exponent_6': 8, 'D_layers': 7, 'D_layer_units_exponent_0': 8, 'D_layer_units_exponent_1': 4, 'D_layer_units_exponent_2': 7, 'D_layer_units_exponent_3': 9, 'D_layer_units_exponent_4': 10, 'D_layer_units_exponent_5': 5, 'D_layer_units_exponent_6': 9, 'log_learning_rate': -1.5713690114844385, 'log_learning_rate_D': -1.5499723251017308, 'training_batch_size': 12, 'training_p': 8}
	 epoch  0 training error:  tensor(0.4626, device='cuda:0', grad_fn=<DivBackward0>)
Memory status after this epoch: 
Memory allocated:  50.59375
Memory cached:  98.0
	 epoch  10 training error:  tensor(7.5262, device='cuda:0', grad_fn=<DivBackward0>)
Memory status after this epoch: 
Memory allocated:  50.59375
Memory cached:  98.0
	 epoch  20 training error:  tensor(9.7720, device='cuda:0', grad_fn=<DivBackward0>)
Memory status after this epoch: 
Memory allocated:  50.59375
Memory cached:  98.0
	 epoch  30 training error:  tensor(4.9161, device='cuda:0', grad_fn=<DivBackward0>)
Memory status after this epoch: 
Memory allocated:  50.59375
Memory cached:  98.0
	 epoch  40 training error:  tensor(0.5171, device='cuda:0', grad_fn=<DivBackward0>)
Memory status after this epoch: 
Memory allocated:  50.59375
Memory cached:  98.0
	 epoch  50 training error:  tensor(0.3803, device='cuda:0', grad_fn=<DivBackward0>)
Memory status after this epoch: 
Memory allocated:  50.59375
Memory cached:  98.0
	 epoch  60 training error:  tensor(1.2054, device='cuda:0', grad_fn=<DivBackward0>)
Memory status after this epoch: 
Memory allocated:  50.59375
Memory cached:  98.0
	 epoch  70 training error:  tensor(1.4088, device='cuda:0', grad_fn=<DivBackward0>)
Memory status after this epoch: 
Memory allocated:  50.59375
Memory cached:  98.0
	 epoch  80 training error:  tensor(0.8664, device='cuda:0', grad_fn=<DivBackward0>)
Memory status after this epoch: 
Memory allocated:  50.59375
Memory cached:  98.0
	 epoch  90 training error:  tensor(0.6712, device='cuda:0', grad_fn=<DivBackward0>)
Memory status after this epoch: 
Memory allocated:  50.59375
Memory cached:  98.0
[I 2023-12-02 22:44:59,546] Trial 8 finished with value: 0.45201078057289124 and parameters: {'W_layers': 7, 'W_layer_units_exponent_0': 9, 'W_layer_units_exponent_1': 4, 'W_layer_units_exponent_2': 4, 'W_layer_units_exponent_3': 4, 'W_layer_units_exponent_4': 9, 'W_layer_units_exponent_5': 5, 'W_layer_units_exponent_6': 8, 'D_layers': 7, 'D_layer_units_exponent_0': 8, 'D_layer_units_exponent_1': 4, 'D_layer_units_exponent_2': 7, 'D_layer_units_exponent_3': 9, 'D_layer_units_exponent_4': 10, 'D_layer_units_exponent_5': 5, 'D_layer_units_exponent_6': 9, 'log_learning_rate': -1.5713690114844385, 'log_learning_rate_D': -1.5499723251017308, 'training_batch_size': 12, 'training_p': 8}. Best is trial 4 with value: 0.06874580681324005.
Time for this trial:  13.044759035110474
Memory status after this trial: 
Memory allocated:  79.66748046875
Memory cached:  98.0
--------------------  Trial  9   --------------------
Start timing: 
Parameters: 
{'W_layers': 6, 'W_layer_units_exponent_0': 4, 'W_layer_units_exponent_1': 6, 'W_layer_units_exponent_2': 9, 'W_layer_units_exponent_3': 7, 'W_layer_units_exponent_4': 10, 'W_layer_units_exponent_5': 8, 'D_layers': 5, 'D_layer_units_exponent_0': 5, 'D_layer_units_exponent_1': 7, 'D_layer_units_exponent_2': 9, 'D_layer_units_exponent_3': 4, 'D_layer_units_exponent_4': 8, 'log_learning_rate': -4.3939655379288425, 'log_learning_rate_D': -4.021471541095835, 'training_batch_size': 10, 'training_p': 5}
	 epoch  0 training error:  tensor(0.8319, device='cuda:0', grad_fn=<DivBackward0>)
Memory status after this epoch: 
Memory allocated:  55.31298828125
Memory cached:  98.0
	 epoch  10 training error:  tensor(0.2382, device='cuda:0', grad_fn=<DivBackward0>)
Memory status after this epoch: 
Memory allocated:  55.31298828125
Memory cached:  98.0
	 epoch  20 training error:  tensor(0.1346, device='cuda:0', grad_fn=<DivBackward0>)
Memory status after this epoch: 
Memory allocated:  55.31298828125
Memory cached:  98.0
	 epoch  30 training error:  tensor(0.1129, device='cuda:0', grad_fn=<DivBackward0>)
Memory status after this epoch: 
Memory allocated:  55.31298828125
Memory cached:  98.0
	 epoch  40 training error:  tensor(0.0981, device='cuda:0', grad_fn=<DivBackward0>)
Memory status after this epoch: 
Memory allocated:  55.31298828125
Memory cached:  98.0
	 epoch  50 training error:  tensor(0.0921, device='cuda:0', grad_fn=<DivBackward0>)
Memory status after this epoch: 
Memory allocated:  55.31298828125
Memory cached:  98.0
	 epoch  60 training error:  tensor(0.0923, device='cuda:0', grad_fn=<DivBackward0>)
Memory status after this epoch: 
Memory allocated:  55.31298828125
Memory cached:  98.0
	 epoch  70 training error:  tensor(0.0916, device='cuda:0', grad_fn=<DivBackward0>)
Memory status after this epoch: 
Memory allocated:  55.31298828125
Memory cached:  98.0
	 epoch  80 training error:  tensor(0.0911, device='cuda:0', grad_fn=<DivBackward0>)
Memory status after this epoch: 
Memory allocated:  55.31298828125
Memory cached:  98.0
	 epoch  90 training error:  tensor(0.0908, device='cuda:0', grad_fn=<DivBackward0>)
Memory status after this epoch: 
Memory allocated:  55.31298828125
Memory cached:  98.0
[I 2023-12-02 22:45:12,904] Trial 9 finished with value: 0.08365026116371155 and parameters: {'W_layers': 6, 'W_layer_units_exponent_0': 4, 'W_layer_units_exponent_1': 6, 'W_layer_units_exponent_2': 9, 'W_layer_units_exponent_3': 7, 'W_layer_units_exponent_4': 10, 'W_layer_units_exponent_5': 8, 'D_layers': 5, 'D_layer_units_exponent_0': 5, 'D_layer_units_exponent_1': 7, 'D_layer_units_exponent_2': 9, 'D_layer_units_exponent_3': 4, 'D_layer_units_exponent_4': 8, 'log_learning_rate': -4.3939655379288425, 'log_learning_rate_D': -4.021471541095835, 'training_batch_size': 10, 'training_p': 5}. Best is trial 4 with value: 0.06874580681324005.
Time for this trial:  13.235323429107666
Memory status after this trial: 
Memory allocated:  97.80029296875
Memory cached:  120.0
--------------------  Trial  10   --------------------
Start timing: 
Parameters: 
{'W_layers': 8, 'W_layer_units_exponent_0': 6, 'W_layer_units_exponent_1': 8, 'W_layer_units_exponent_2': 7, 'W_layer_units_exponent_3': 10, 'W_layer_units_exponent_4': 5, 'W_layer_units_exponent_5': 7, 'W_layer_units_exponent_6': 4, 'W_layer_units_exponent_7': 4, 'D_layers': 2, 'D_layer_units_exponent_0': 10, 'D_layer_units_exponent_1': 10, 'log_learning_rate': -2.405205823522083, 'log_learning_rate_D': -4.774590966395399, 'training_batch_size': 6, 'training_p': 3}
	 epoch  0 training error:  tensor(0.3199, device='cuda:0', grad_fn=<DivBackward0>)
Memory status after this epoch: 
Memory allocated:  54.81494140625
Memory cached:  96.0
	 epoch  10 training error:  tensor(0.1089, device='cuda:0', grad_fn=<DivBackward0>)
Memory status after this epoch: 
Memory allocated:  54.81494140625
Memory cached:  96.0
	 epoch  20 training error:  tensor(0.0862, device='cuda:0', grad_fn=<DivBackward0>)
Memory status after this epoch: 
Memory allocated:  54.81494140625
Memory cached:  96.0
	 epoch  30 training error:  tensor(0.0809, device='cuda:0', grad_fn=<DivBackward0>)
Memory status after this epoch: 
Memory allocated:  54.81494140625
Memory cached:  96.0
	 epoch  40 training error:  tensor(0.0707, device='cuda:0', grad_fn=<DivBackward0>)
Memory status after this epoch: 
Memory allocated:  54.81494140625
Memory cached:  96.0
	 epoch  50 training error:  tensor(0.0696, device='cuda:0', grad_fn=<DivBackward0>)
Memory status after this epoch: 
Memory allocated:  54.81494140625
Memory cached:  96.0
	 epoch  60 training error:  tensor(0.0710, device='cuda:0', grad_fn=<DivBackward0>)
Memory status after this epoch: 
Memory allocated:  54.81494140625
Memory cached:  96.0
	 epoch  70 training error:  tensor(0.0683, device='cuda:0', grad_fn=<DivBackward0>)
Memory status after this epoch: 
Memory allocated:  54.81494140625
Memory cached:  96.0
	 epoch  80 training error:  tensor(0.0706, device='cuda:0', grad_fn=<DivBackward0>)
Memory status after this epoch: 
Memory allocated:  54.81494140625
Memory cached:  96.0
	 epoch  90 training error:  tensor(0.0672, device='cuda:0', grad_fn=<DivBackward0>)
Memory status after this epoch: 
Memory allocated:  54.81494140625
Memory cached:  96.0
[I 2023-12-02 22:45:27,866] Trial 10 finished with value: 0.06874288618564606 and parameters: {'W_layers': 8, 'W_layer_units_exponent_0': 6, 'W_layer_units_exponent_1': 8, 'W_layer_units_exponent_2': 7, 'W_layer_units_exponent_3': 10, 'W_layer_units_exponent_4': 5, 'W_layer_units_exponent_5': 7, 'W_layer_units_exponent_6': 4, 'W_layer_units_exponent_7': 4, 'D_layers': 2, 'D_layer_units_exponent_0': 10, 'D_layer_units_exponent_1': 10, 'log_learning_rate': -2.405205823522083, 'log_learning_rate_D': -4.774590966395399, 'training_batch_size': 6, 'training_p': 3}. Best is trial 10 with value: 0.06874288618564606.
res:  tensor(0.0687, device='cuda:0', grad_fn=<DivBackward0>)
self.bestValue:  tensor(0.0687, device='cuda:0', grad_fn=<DivBackward0>)
Save this model!
Time for this trial:  14.777755975723267
Memory status after this trial: 
Memory allocated:  39.8193359375
Memory cached:  98.0
--------------------  Trial  11   --------------------
Start timing: 
Parameters: 
{'W_layers': 8, 'W_layer_units_exponent_0': 6, 'W_layer_units_exponent_1': 8, 'W_layer_units_exponent_2': 7, 'W_layer_units_exponent_3': 10, 'W_layer_units_exponent_4': 5, 'W_layer_units_exponent_5': 7, 'W_layer_units_exponent_6': 4, 'W_layer_units_exponent_7': 4, 'D_layers': 2, 'D_layer_units_exponent_0': 10, 'D_layer_units_exponent_1': 10, 'log_learning_rate': -2.470095222712242, 'log_learning_rate_D': -4.981886540870889, 'training_batch_size': 6, 'training_p': 2}
	 epoch  0 training error:  tensor(1.9008, device='cuda:0', grad_fn=<DivBackward0>)
Memory status after this epoch: 
Memory allocated:  47.36669921875
Memory cached:  98.0
	 epoch  10 training error:  tensor(0.2155, device='cuda:0', grad_fn=<DivBackward0>)
Memory status after this epoch: 
Memory allocated:  47.36669921875
Memory cached:  98.0
	 epoch  20 training error:  tensor(0.0959, device='cuda:0', grad_fn=<DivBackward0>)
Memory status after this epoch: 
Memory allocated:  47.36669921875
Memory cached:  98.0
	 epoch  30 training error:  tensor(0.0649, device='cuda:0', grad_fn=<DivBackward0>)
Memory status after this epoch: 
Memory allocated:  47.36669921875
Memory cached:  98.0
	 epoch  40 training error:  tensor(0.0619, device='cuda:0', grad_fn=<DivBackward0>)
Memory status after this epoch: 
Memory allocated:  47.36669921875
Memory cached:  98.0
	 epoch  50 training error:  tensor(0.0709, device='cuda:0', grad_fn=<DivBackward0>)
Memory status after this epoch: 
Memory allocated:  47.36669921875
Memory cached:  98.0
	 epoch  60 training error:  tensor(0.0704, device='cuda:0', grad_fn=<DivBackward0>)
Memory status after this epoch: 
Memory allocated:  47.36669921875
Memory cached:  98.0
	 epoch  70 training error:  tensor(0.0707, device='cuda:0', grad_fn=<DivBackward0>)
Memory status after this epoch: 
Memory allocated:  47.36669921875
Memory cached:  98.0
	 epoch  80 training error:  tensor(0.0961, device='cuda:0', grad_fn=<DivBackward0>)
Memory status after this epoch: 
Memory allocated:  47.36669921875
Memory cached:  98.0
	 epoch  90 training error:  tensor(0.0651, device='cuda:0', grad_fn=<DivBackward0>)
Memory status after this epoch: 
Memory allocated:  47.36669921875
Memory cached:  98.0
[I 2023-12-02 22:45:42,796] Trial 11 finished with value: 0.09930847585201263 and parameters: {'W_layers': 8, 'W_layer_units_exponent_0': 6, 'W_layer_units_exponent_1': 8, 'W_layer_units_exponent_2': 7, 'W_layer_units_exponent_3': 10, 'W_layer_units_exponent_4': 5, 'W_layer_units_exponent_5': 7, 'W_layer_units_exponent_6': 4, 'W_layer_units_exponent_7': 4, 'D_layers': 2, 'D_layer_units_exponent_0': 10, 'D_layer_units_exponent_1': 10, 'log_learning_rate': -2.470095222712242, 'log_learning_rate_D': -4.981886540870889, 'training_batch_size': 6, 'training_p': 2}. Best is trial 10 with value: 0.06874288618564606.
Time for this trial:  14.744771718978882
Memory status after this trial: 
Memory allocated:  80.10693359375
Memory cached:  100.0
--------------------  Trial  12   --------------------
Start timing: 
Parameters: 
{'W_layers': 8, 'W_layer_units_exponent_0': 6, 'W_layer_units_exponent_1': 8, 'W_layer_units_exponent_2': 7, 'W_layer_units_exponent_3': 10, 'W_layer_units_exponent_4': 5, 'W_layer_units_exponent_5': 7, 'W_layer_units_exponent_6': 10, 'W_layer_units_exponent_7': 4, 'D_layers': 2, 'D_layer_units_exponent_0': 9, 'D_layer_units_exponent_1': 9, 'log_learning_rate': -2.222745063688886, 'log_learning_rate_D': -4.201283558890607, 'training_batch_size': 6, 'training_p': 3}
	 epoch  0 training error:  tensor(2.4773, device='cuda:0', grad_fn=<DivBackward0>)
Memory status after this epoch: 
Memory allocated:  46.44677734375
Memory cached:  98.0
	 epoch  10 training error:  tensor(0.4075, device='cuda:0', grad_fn=<DivBackward0>)
Memory status after this epoch: 
Memory allocated:  46.44677734375
Memory cached:  98.0
	 epoch  20 training error:  tensor(0.1553, device='cuda:0', grad_fn=<DivBackward0>)
Memory status after this epoch: 
Memory allocated:  46.44677734375
Memory cached:  98.0
	 epoch  30 training error:  tensor(0.1270, device='cuda:0', grad_fn=<DivBackward0>)
Memory status after this epoch: 
Memory allocated:  46.44677734375
Memory cached:  98.0
	 epoch  40 training error:  tensor(0.1233, device='cuda:0', grad_fn=<DivBackward0>)
Memory status after this epoch: 
Memory allocated:  46.44677734375
Memory cached:  98.0
	 epoch  50 training error:  tensor(0.1236, device='cuda:0', grad_fn=<DivBackward0>)
Memory status after this epoch: 
Memory allocated:  46.44677734375
Memory cached:  98.0
	 epoch  60 training error:  tensor(0.1254, device='cuda:0', grad_fn=<DivBackward0>)
Memory status after this epoch: 
Memory allocated:  46.44677734375
Memory cached:  98.0
	 epoch  70 training error:  tensor(0.1324, device='cuda:0', grad_fn=<DivBackward0>)
Memory status after this epoch: 
Memory allocated:  46.44677734375
Memory cached:  98.0
	 epoch  80 training error:  tensor(0.1288, device='cuda:0', grad_fn=<DivBackward0>)
Memory status after this epoch: 
Memory allocated:  46.44677734375
Memory cached:  98.0
	 epoch  90 training error:  tensor(0.1264, device='cuda:0', grad_fn=<DivBackward0>)
Memory status after this epoch: 
Memory allocated:  46.44677734375
Memory cached:  98.0
[I 2023-12-02 22:45:58,062] Trial 12 finished with value: 0.13050149381160736 and parameters: {'W_layers': 8, 'W_layer_units_exponent_0': 6, 'W_layer_units_exponent_1': 8, 'W_layer_units_exponent_2': 7, 'W_layer_units_exponent_3': 10, 'W_layer_units_exponent_4': 5, 'W_layer_units_exponent_5': 7, 'W_layer_units_exponent_6': 10, 'W_layer_units_exponent_7': 4, 'D_layers': 2, 'D_layer_units_exponent_0': 9, 'D_layer_units_exponent_1': 9, 'log_learning_rate': -2.222745063688886, 'log_learning_rate_D': -4.201283558890607, 'training_batch_size': 6, 'training_p': 3}. Best is trial 10 with value: 0.06874288618564606.
Time for this trial:  15.082387447357178
Memory status after this trial: 
Memory allocated:  104.05810546875
Memory cached:  144.0
--------------------  Trial  13   --------------------
Start timing: 
Parameters: 
{'W_layers': 8, 'W_layer_units_exponent_0': 8, 'W_layer_units_exponent_1': 8, 'W_layer_units_exponent_2': 6, 'W_layer_units_exponent_3': 9, 'W_layer_units_exponent_4': 6, 'W_layer_units_exponent_5': 8, 'W_layer_units_exponent_6': 4, 'W_layer_units_exponent_7': 4, 'D_layers': 3, 'D_layer_units_exponent_0': 9, 'D_layer_units_exponent_1': 9, 'D_layer_units_exponent_2': 4, 'log_learning_rate': -2.174867881393798, 'log_learning_rate_D': -3.754956977879038, 'training_batch_size': 8, 'training_p': 6}
	 epoch  0 training error:  tensor(0.6630, device='cuda:0', grad_fn=<DivBackward0>)
Memory status after this epoch: 
Memory allocated:  43.4951171875
Memory cached:  98.0
	 epoch  10 training error:  tensor(0.4535, device='cuda:0', grad_fn=<DivBackward0>)
Memory status after this epoch: 
Memory allocated:  43.4951171875
Memory cached:  98.0
	 epoch  20 training error:  tensor(0.2121, device='cuda:0', grad_fn=<DivBackward0>)
Memory status after this epoch: 
Memory allocated:  43.4951171875
Memory cached:  98.0
	 epoch  30 training error:  tensor(0.1874, device='cuda:0', grad_fn=<DivBackward0>)
Memory status after this epoch: 
Memory allocated:  43.4951171875
Memory cached:  98.0
	 epoch  40 training error:  tensor(0.1615, device='cuda:0', grad_fn=<DivBackward0>)
Memory status after this epoch: 
Memory allocated:  43.4951171875
Memory cached:  98.0
	 epoch  50 training error:  tensor(0.1277, device='cuda:0', grad_fn=<DivBackward0>)
Memory status after this epoch: 
Memory allocated:  43.4951171875
Memory cached:  98.0
	 epoch  60 training error:  tensor(0.1317, device='cuda:0', grad_fn=<DivBackward0>)
Memory status after this epoch: 
Memory allocated:  43.4951171875
Memory cached:  98.0
	 epoch  70 training error:  tensor(0.0901, device='cuda:0', grad_fn=<DivBackward0>)
Memory status after this epoch: 
Memory allocated:  43.4951171875
Memory cached:  98.0
	 epoch  80 training error:  tensor(0.0947, device='cuda:0', grad_fn=<DivBackward0>)
Memory status after this epoch: 
Memory allocated:  43.4951171875
Memory cached:  98.0
	 epoch  90 training error:  tensor(0.0995, device='cuda:0', grad_fn=<DivBackward0>)
Memory status after this epoch: 
Memory allocated:  43.4951171875
Memory cached:  98.0
