[I 2023-12-20 19:06:00,857] Trial 147 finished with value: 0.32896509766578674 and parameters: {'W_layers': 6, 'W_layer_units_exponent_0': 6, 'W_layer_units_exponent_1': 9, 'W_layer_units_exponent_2': 6, 'W_layer_units_exponent_3': 7, 'W_layer_units_exponent_4': 7, 'W_layer_units_exponent_5': 6, 'D_layers': 6, 'D_layer_units_exponent_0': 4, 'D_layer_units_exponent_1': 5, 'D_layer_units_exponent_2': 8, 'D_layer_units_exponent_3': 8, 'D_layer_units_exponent_4': 5, 'D_layer_units_exponent_5': 5, 'D_dagger_layers': 5, 'D_dagger_layer_units_exponent_0': 8, 'D_dagger_layer_units_exponent_1': 10, 'D_dagger_layer_units_exponent_2': 10, 'D_dagger_layer_units_exponent_3': 4, 'D_dagger_layer_units_exponent_4': 4, 'log_learning_rate': -3.3449901455759146, 'log_learning_rate_D': -3.0105384629669456, 'log_learning_rate_D_dagger': -4.338835853507411, 'training_batch_size': 6, 'training_p': 2}. Best is trial 143 with value: 0.325590580701828.
Time for this trial:  24.33121609687805
Memory status after this trial: 
Memory allocated:  419.99169921875
Memory cached:  444.0
--------------------  Trial  148   --------------------
Start timing: 
Parameters: 
{'W_layers': 6, 'W_layer_units_exponent_0': 7, 'W_layer_units_exponent_1': 8, 'W_layer_units_exponent_2': 6, 'W_layer_units_exponent_3': 7, 'W_layer_units_exponent_4': 8, 'W_layer_units_exponent_5': 6, 'D_layers': 6, 'D_layer_units_exponent_0': 5, 'D_layer_units_exponent_1': 4, 'D_layer_units_exponent_2': 8, 'D_layer_units_exponent_3': 8, 'D_layer_units_exponent_4': 6, 'D_layer_units_exponent_5': 5, 'D_dagger_layers': 5, 'D_dagger_layer_units_exponent_0': 8, 'D_dagger_layer_units_exponent_1': 10, 'D_dagger_layer_units_exponent_2': 10, 'D_dagger_layer_units_exponent_3': 4, 'D_dagger_layer_units_exponent_4': 4, 'log_learning_rate': -3.2804250440440423, 'log_learning_rate_D': -3.325443382704036, 'log_learning_rate_D_dagger': -4.07981294583345, 'training_batch_size': 6, 'training_p': 2}
	 epoch  0 training error:  tensor(0.9428, device='cuda:0', grad_fn=<DivBackward0>)
Memory status after this epoch: 
Memory allocated:  252.91845703125
Memory cached:  400.0
	 epoch  10 training error:  tensor(0.3199, device='cuda:0', grad_fn=<DivBackward0>)
Memory status after this epoch: 
Memory allocated:  252.91845703125
Memory cached:  400.0
	 epoch  20 training error:  tensor(0.2915, device='cuda:0', grad_fn=<DivBackward0>)
Memory status after this epoch: 
Memory allocated:  252.91845703125
Memory cached:  400.0
	 epoch  30 training error:  tensor(0.2883, device='cuda:0', grad_fn=<DivBackward0>)
Memory status after this epoch: 
Memory allocated:  252.91845703125
Memory cached:  400.0
	 epoch  40 training error:  tensor(0.2856, device='cuda:0', grad_fn=<DivBackward0>)
Memory status after this epoch: 
Memory allocated:  252.91845703125
Memory cached:  400.0
	 epoch  50 training error:  tensor(0.2864, device='cuda:0', grad_fn=<DivBackward0>)
Memory status after this epoch: 
Memory allocated:  252.91845703125
Memory cached:  400.0
	 epoch  60 training error:  tensor(0.2865, device='cuda:0', grad_fn=<DivBackward0>)
Memory status after this epoch: 
Memory allocated:  252.91845703125
Memory cached:  400.0
	 epoch  70 training error:  tensor(0.2900, device='cuda:0', grad_fn=<DivBackward0>)
Memory status after this epoch: 
Memory allocated:  252.91845703125
Memory cached:  400.0
	 epoch  80 training error:  tensor(0.2883, device='cuda:0', grad_fn=<DivBackward0>)
Memory status after this epoch: 
Memory allocated:  252.91845703125
Memory cached:  400.0
	 epoch  90 training error:  tensor(0.2869, device='cuda:0', grad_fn=<DivBackward0>)
Memory status after this epoch: 
Memory allocated:  252.91845703125
Memory cached:  400.0
[I 2023-12-20 19:06:25,233] Trial 148 finished with value: 0.32886937260627747 and parameters: {'W_layers': 6, 'W_layer_units_exponent_0': 7, 'W_layer_units_exponent_1': 8, 'W_layer_units_exponent_2': 6, 'W_layer_units_exponent_3': 7, 'W_layer_units_exponent_4': 8, 'W_layer_units_exponent_5': 6, 'D_layers': 6, 'D_layer_units_exponent_0': 5, 'D_layer_units_exponent_1': 4, 'D_layer_units_exponent_2': 8, 'D_layer_units_exponent_3': 8, 'D_layer_units_exponent_4': 6, 'D_layer_units_exponent_5': 5, 'D_dagger_layers': 5, 'D_dagger_layer_units_exponent_0': 8, 'D_dagger_layer_units_exponent_1': 10, 'D_dagger_layer_units_exponent_2': 10, 'D_dagger_layer_units_exponent_3': 4, 'D_dagger_layer_units_exponent_4': 4, 'log_learning_rate': -3.2804250440440423, 'log_learning_rate_D': -3.325443382704036, 'log_learning_rate_D_dagger': -4.07981294583345, 'training_batch_size': 6, 'training_p': 2}. Best is trial 143 with value: 0.325590580701828.
Time for this trial:  23.990053415298462
Memory status after this trial: 
Memory allocated:  417.19775390625
Memory cached:  442.0
--------------------  Trial  149   --------------------
Start timing: 
Parameters: 
{'W_layers': 5, 'W_layer_units_exponent_0': 7, 'W_layer_units_exponent_1': 9, 'W_layer_units_exponent_2': 6, 'W_layer_units_exponent_3': 8, 'W_layer_units_exponent_4': 7, 'D_layers': 7, 'D_layer_units_exponent_0': 5, 'D_layer_units_exponent_1': 8, 'D_layer_units_exponent_2': 8, 'D_layer_units_exponent_3': 5, 'D_layer_units_exponent_4': 5, 'D_layer_units_exponent_5': 4, 'D_layer_units_exponent_6': 10, 'D_dagger_layers': 4, 'D_dagger_layer_units_exponent_0': 8, 'D_dagger_layer_units_exponent_1': 10, 'D_dagger_layer_units_exponent_2': 10, 'D_dagger_layer_units_exponent_3': 4, 'log_learning_rate': -3.6881434978755445, 'log_learning_rate_D': -3.4070065155253064, 'log_learning_rate_D_dagger': -4.161765930331861, 'training_batch_size': 6, 'training_p': 3}
	 epoch  0 training error:  tensor(0.9261, device='cuda:0', grad_fn=<DivBackward0>)
Memory status after this epoch: 
Memory allocated:  253.96484375
Memory cached:  400.0
	 epoch  10 training error:  tensor(0.3910, device='cuda:0', grad_fn=<DivBackward0>)
Memory status after this epoch: 
Memory allocated:  253.96484375
Memory cached:  400.0
	 epoch  20 training error:  tensor(0.3746, device='cuda:0', grad_fn=<DivBackward0>)
Memory status after this epoch: 
Memory allocated:  253.96484375
Memory cached:  400.0
	 epoch  30 training error:  tensor(0.3802, device='cuda:0', grad_fn=<DivBackward0>)
Memory status after this epoch: 
Memory allocated:  253.96484375
Memory cached:  400.0
	 epoch  40 training error:  tensor(0.3771, device='cuda:0', grad_fn=<DivBackward0>)
Memory status after this epoch: 
Memory allocated:  253.96484375
Memory cached:  400.0
	 epoch  50 training error:  tensor(0.3787, device='cuda:0', grad_fn=<DivBackward0>)
Memory status after this epoch: 
Memory allocated:  253.96484375
Memory cached:  400.0
	 epoch  60 training error:  tensor(0.3753, device='cuda:0', grad_fn=<DivBackward0>)
Memory status after this epoch: 
Memory allocated:  253.96484375
Memory cached:  400.0
	 epoch  70 training error:  tensor(0.3758, device='cuda:0', grad_fn=<DivBackward0>)
Memory status after this epoch: 
Memory allocated:  253.96484375
Memory cached:  400.0
	 epoch  80 training error:  tensor(0.3785, device='cuda:0', grad_fn=<DivBackward0>)
Memory status after this epoch: 
Memory allocated:  253.96484375
Memory cached:  400.0
	 epoch  90 training error:  tensor(0.3723, device='cuda:0', grad_fn=<DivBackward0>)
Memory status after this epoch: 
Memory allocated:  253.96484375
Memory cached:  400.0
[I 2023-12-20 19:06:49,484] Trial 149 finished with value: 0.33836838603019714 and parameters: {'W_layers': 5, 'W_layer_units_exponent_0': 7, 'W_layer_units_exponent_1': 9, 'W_layer_units_exponent_2': 6, 'W_layer_units_exponent_3': 8, 'W_layer_units_exponent_4': 7, 'D_layers': 7, 'D_layer_units_exponent_0': 5, 'D_layer_units_exponent_1': 8, 'D_layer_units_exponent_2': 8, 'D_layer_units_exponent_3': 5, 'D_layer_units_exponent_4': 5, 'D_layer_units_exponent_5': 4, 'D_layer_units_exponent_6': 10, 'D_dagger_layers': 4, 'D_dagger_layer_units_exponent_0': 8, 'D_dagger_layer_units_exponent_1': 10, 'D_dagger_layer_units_exponent_2': 10, 'D_dagger_layer_units_exponent_3': 4, 'log_learning_rate': -3.6881434978755445, 'log_learning_rate_D': -3.4070065155253064, 'log_learning_rate_D_dagger': -4.161765930331861, 'training_batch_size': 6, 'training_p': 3}. Best is trial 143 with value: 0.325590580701828.
Time for this trial:  23.840654611587524
Memory status after this trial: 
Memory allocated:  426.32568359375
Memory cached:  458.0
--------------------  Trial  150   --------------------
Start timing: 
Parameters: 
{'W_layers': 6, 'W_layer_units_exponent_0': 6, 'W_layer_units_exponent_1': 9, 'W_layer_units_exponent_2': 6, 'W_layer_units_exponent_3': 9, 'W_layer_units_exponent_4': 7, 'W_layer_units_exponent_5': 6, 'D_layers': 7, 'D_layer_units_exponent_0': 9, 'D_layer_units_exponent_1': 9, 'D_layer_units_exponent_2': 8, 'D_layer_units_exponent_3': 8, 'D_layer_units_exponent_4': 5, 'D_layer_units_exponent_5': 6, 'D_layer_units_exponent_6': 7, 'D_dagger_layers': 4, 'D_dagger_layer_units_exponent_0': 8, 'D_dagger_layer_units_exponent_1': 10, 'D_dagger_layer_units_exponent_2': 9, 'D_dagger_layer_units_exponent_3': 4, 'log_learning_rate': -3.4154923845418814, 'log_learning_rate_D': -1.5735727932261407, 'log_learning_rate_D_dagger': -4.005091359256509, 'training_batch_size': 6, 'training_p': 2}
	 epoch  0 training error:  tensor(0.9342, device='cuda:0', grad_fn=<DivBackward0>)
Memory status after this epoch: 
Memory allocated:  247.2265625
Memory cached:  400.0
	 epoch  10 training error:  tensor(0.3037, device='cuda:0', grad_fn=<DivBackward0>)
Memory status after this epoch: 
Memory allocated:  247.2265625
Memory cached:  400.0
	 epoch  20 training error:  tensor(0.2919, device='cuda:0', grad_fn=<DivBackward0>)
Memory status after this epoch: 
Memory allocated:  247.2265625
Memory cached:  400.0
	 epoch  30 training error:  tensor(0.2891, device='cuda:0', grad_fn=<DivBackward0>)
Memory status after this epoch: 
Memory allocated:  247.2265625
Memory cached:  400.0
	 epoch  40 training error:  tensor(0.2875, device='cuda:0', grad_fn=<DivBackward0>)
Memory status after this epoch: 
Memory allocated:  247.2265625
Memory cached:  400.0
	 epoch  50 training error:  tensor(0.2861, device='cuda:0', grad_fn=<DivBackward0>)
Memory status after this epoch: 
Memory allocated:  247.2265625
Memory cached:  400.0
	 epoch  60 training error:  tensor(0.2865, device='cuda:0', grad_fn=<DivBackward0>)
Memory status after this epoch: 
Memory allocated:  247.2265625
Memory cached:  400.0
	 epoch  70 training error:  tensor(0.2854, device='cuda:0', grad_fn=<DivBackward0>)
Memory status after this epoch: 
Memory allocated:  247.2265625
Memory cached:  400.0
	 epoch  80 training error:  tensor(0.2866, device='cuda:0', grad_fn=<DivBackward0>)
Memory status after this epoch: 
Memory allocated:  247.2265625
Memory cached:  400.0
	 epoch  90 training error:  tensor(0.2849, device='cuda:0', grad_fn=<DivBackward0>)
Memory status after this epoch: 
Memory allocated:  247.2265625
Memory cached:  400.0
[I 2023-12-20 19:07:13,604] Trial 150 finished with value: 0.32735052704811096 and parameters: {'W_layers': 6, 'W_layer_units_exponent_0': 6, 'W_layer_units_exponent_1': 9, 'W_layer_units_exponent_2': 6, 'W_layer_units_exponent_3': 9, 'W_layer_units_exponent_4': 7, 'W_layer_units_exponent_5': 6, 'D_layers': 7, 'D_layer_units_exponent_0': 9, 'D_layer_units_exponent_1': 9, 'D_layer_units_exponent_2': 8, 'D_layer_units_exponent_3': 8, 'D_layer_units_exponent_4': 5, 'D_layer_units_exponent_5': 6, 'D_layer_units_exponent_6': 7, 'D_dagger_layers': 4, 'D_dagger_layer_units_exponent_0': 8, 'D_dagger_layer_units_exponent_1': 10, 'D_dagger_layer_units_exponent_2': 9, 'D_dagger_layer_units_exponent_3': 4, 'log_learning_rate': -3.4154923845418814, 'log_learning_rate_D': -1.5735727932261407, 'log_learning_rate_D_dagger': -4.005091359256509, 'training_batch_size': 6, 'training_p': 2}. Best is trial 143 with value: 0.325590580701828.
Time for this trial:  23.701165676116943
Memory status after this trial: 
Memory allocated:  409.96923828125
Memory cached:  444.0
--------------------  Trial  151   --------------------
Start timing: 
Parameters: 
{'W_layers': 6, 'W_layer_units_exponent_0': 6, 'W_layer_units_exponent_1': 9, 'W_layer_units_exponent_2': 6, 'W_layer_units_exponent_3': 9, 'W_layer_units_exponent_4': 7, 'W_layer_units_exponent_5': 6, 'D_layers': 6, 'D_layer_units_exponent_0': 10, 'D_layer_units_exponent_1': 9, 'D_layer_units_exponent_2': 9, 'D_layer_units_exponent_3': 8, 'D_layer_units_exponent_4': 9, 'D_layer_units_exponent_5': 6, 'D_dagger_layers': 4, 'D_dagger_layer_units_exponent_0': 8, 'D_dagger_layer_units_exponent_1': 10, 'D_dagger_layer_units_exponent_2': 9, 'D_dagger_layer_units_exponent_3': 4, 'log_learning_rate': -3.4414608615166298, 'log_learning_rate_D': -1.0222047565436236, 'log_learning_rate_D_dagger': -3.8147986816481447, 'training_batch_size': 7, 'training_p': 2}
	 epoch  0 training error:  tensor(1.0157, device='cuda:0', grad_fn=<DivBackward0>)
Memory status after this epoch: 
Memory allocated:  249.6064453125
Memory cached:  420.0
	 epoch  10 training error:  tensor(0.3507, device='cuda:0', grad_fn=<DivBackward0>)
Memory status after this epoch: 
Memory allocated:  249.6064453125
Memory cached:  420.0
	 epoch  20 training error:  tensor(0.3006, device='cuda:0', grad_fn=<DivBackward0>)
Memory status after this epoch: 
Memory allocated:  249.6064453125
Memory cached:  420.0
	 epoch  30 training error:  tensor(0.2879, device='cuda:0', grad_fn=<DivBackward0>)
Memory status after this epoch: 
Memory allocated:  249.6064453125
Memory cached:  420.0
	 epoch  40 training error:  tensor(0.2864, device='cuda:0', grad_fn=<DivBackward0>)
Memory status after this epoch: 
Memory allocated:  249.6064453125
Memory cached:  420.0
	 epoch  50 training error:  tensor(0.2908, device='cuda:0', grad_fn=<DivBackward0>)
Memory status after this epoch: 
Memory allocated:  249.6064453125
Memory cached:  420.0
	 epoch  60 training error:  tensor(0.2854, device='cuda:0', grad_fn=<DivBackward0>)
Memory status after this epoch: 
Memory allocated:  249.6064453125
Memory cached:  420.0
	 epoch  70 training error:  tensor(0.2855, device='cuda:0', grad_fn=<DivBackward0>)
Memory status after this epoch: 
Memory allocated:  249.6064453125
Memory cached:  420.0
	 epoch  80 training error:  tensor(0.2835, device='cuda:0', grad_fn=<DivBackward0>)
Memory status after this epoch: 
Memory allocated:  249.6064453125
Memory cached:  420.0
	 epoch  90 training error:  tensor(0.2836, device='cuda:0', grad_fn=<DivBackward0>)
Memory status after this epoch: 
Memory allocated:  249.6064453125
Memory cached:  420.0
[I 2023-12-20 19:07:34,967] Trial 151 finished with value: 0.33098912239074707 and parameters: {'W_layers': 6, 'W_layer_units_exponent_0': 6, 'W_layer_units_exponent_1': 9, 'W_layer_units_exponent_2': 6, 'W_layer_units_exponent_3': 9, 'W_layer_units_exponent_4': 7, 'W_layer_units_exponent_5': 6, 'D_layers': 6, 'D_layer_units_exponent_0': 10, 'D_layer_units_exponent_1': 9, 'D_layer_units_exponent_2': 9, 'D_layer_units_exponent_3': 8, 'D_layer_units_exponent_4': 9, 'D_layer_units_exponent_5': 6, 'D_dagger_layers': 4, 'D_dagger_layer_units_exponent_0': 8, 'D_dagger_layer_units_exponent_1': 10, 'D_dagger_layer_units_exponent_2': 9, 'D_dagger_layer_units_exponent_3': 4, 'log_learning_rate': -3.4414608615166298, 'log_learning_rate_D': -1.0222047565436236, 'log_learning_rate_D_dagger': -3.8147986816481447, 'training_batch_size': 7, 'training_p': 2}. Best is trial 143 with value: 0.325590580701828.
Time for this trial:  20.97603440284729
Memory status after this trial: 
Memory allocated:  409.96923828125
Memory cached:  444.0
--------------------  Trial  152   --------------------
Start timing: 
Parameters: 
{'W_layers': 6, 'W_layer_units_exponent_0': 6, 'W_layer_units_exponent_1': 9, 'W_layer_units_exponent_2': 6, 'W_layer_units_exponent_3': 9, 'W_layer_units_exponent_4': 7, 'W_layer_units_exponent_5': 6, 'D_layers': 7, 'D_layer_units_exponent_0': 9, 'D_layer_units_exponent_1': 9, 'D_layer_units_exponent_2': 8, 'D_layer_units_exponent_3': 8, 'D_layer_units_exponent_4': 5, 'D_layer_units_exponent_5': 6, 'D_layer_units_exponent_6': 7, 'D_dagger_layers': 4, 'D_dagger_layer_units_exponent_0': 8, 'D_dagger_layer_units_exponent_1': 10, 'D_dagger_layer_units_exponent_2': 9, 'D_dagger_layer_units_exponent_3': 4, 'log_learning_rate': -3.5153913398929304, 'log_learning_rate_D': -1.2675054750702377, 'log_learning_rate_D_dagger': -3.997433650642217, 'training_batch_size': 6, 'training_p': 2}
	 epoch  0 training error:  tensor(0.9860, device='cuda:0', grad_fn=<DivBackward0>)
Memory status after this epoch: 
Memory allocated:  247.2265625
Memory cached:  400.0
	 epoch  10 training error:  tensor(0.3217, device='cuda:0', grad_fn=<DivBackward0>)
Memory status after this epoch: 
Memory allocated:  247.2265625
Memory cached:  400.0
	 epoch  20 training error:  tensor(0.2900, device='cuda:0', grad_fn=<DivBackward0>)
Memory status after this epoch: 
Memory allocated:  247.2265625
Memory cached:  400.0
	 epoch  30 training error:  tensor(0.2911, device='cuda:0', grad_fn=<DivBackward0>)
Memory status after this epoch: 
Memory allocated:  247.2265625
Memory cached:  400.0
	 epoch  40 training error:  tensor(0.2859, device='cuda:0', grad_fn=<DivBackward0>)
Memory status after this epoch: 
Memory allocated:  247.2265625
Memory cached:  400.0
	 epoch  50 training error:  tensor(0.3041, device='cuda:0', grad_fn=<DivBackward0>)
Memory status after this epoch: 
Memory allocated:  247.2265625
Memory cached:  400.0
	 epoch  60 training error:  tensor(0.2882, device='cuda:0', grad_fn=<DivBackward0>)
Memory status after this epoch: 
Memory allocated:  247.2265625
Memory cached:  400.0
	 epoch  70 training error:  tensor(0.2988, device='cuda:0', grad_fn=<DivBackward0>)
Memory status after this epoch: 
Memory allocated:  247.2265625
Memory cached:  400.0
	 epoch  80 training error:  tensor(0.2942, device='cuda:0', grad_fn=<DivBackward0>)
Memory status after this epoch: 
Memory allocated:  247.2265625
Memory cached:  400.0
	 epoch  90 training error:  tensor(0.2838, device='cuda:0', grad_fn=<DivBackward0>)
Memory status after this epoch: 
Memory allocated:  247.2265625
Memory cached:  400.0
[I 2023-12-20 19:07:58,957] Trial 152 finished with value: 0.33326253294944763 and parameters: {'W_layers': 6, 'W_layer_units_exponent_0': 6, 'W_layer_units_exponent_1': 9, 'W_layer_units_exponent_2': 6, 'W_layer_units_exponent_3': 9, 'W_layer_units_exponent_4': 7, 'W_layer_units_exponent_5': 6, 'D_layers': 7, 'D_layer_units_exponent_0': 9, 'D_layer_units_exponent_1': 9, 'D_layer_units_exponent_2': 8, 'D_layer_units_exponent_3': 8, 'D_layer_units_exponent_4': 5, 'D_layer_units_exponent_5': 6, 'D_layer_units_exponent_6': 7, 'D_dagger_layers': 4, 'D_dagger_layer_units_exponent_0': 8, 'D_dagger_layer_units_exponent_1': 10, 'D_dagger_layer_units_exponent_2': 9, 'D_dagger_layer_units_exponent_3': 4, 'log_learning_rate': -3.5153913398929304, 'log_learning_rate_D': -1.2675054750702377, 'log_learning_rate_D_dagger': -3.997433650642217, 'training_batch_size': 6, 'training_p': 2}. Best is trial 143 with value: 0.325590580701828.
Time for this trial:  23.585476398468018
Memory status after this trial: 
Memory allocated:  409.96923828125
Memory cached:  444.0
--------------------  Trial  153   --------------------
Start timing: 
Parameters: 
{'W_layers': 6, 'W_layer_units_exponent_0': 5, 'W_layer_units_exponent_1': 9, 'W_layer_units_exponent_2': 6, 'W_layer_units_exponent_3': 9, 'W_layer_units_exponent_4': 7, 'W_layer_units_exponent_5': 6, 'D_layers': 7, 'D_layer_units_exponent_0': 7, 'D_layer_units_exponent_1': 5, 'D_layer_units_exponent_2': 8, 'D_layer_units_exponent_3': 8, 'D_layer_units_exponent_4': 5, 'D_layer_units_exponent_5': 6, 'D_layer_units_exponent_6': 7, 'D_dagger_layers': 4, 'D_dagger_layer_units_exponent_0': 8, 'D_dagger_layer_units_exponent_1': 10, 'D_dagger_layer_units_exponent_2': 9, 'D_dagger_layer_units_exponent_3': 4, 'log_learning_rate': -3.4045684786670267, 'log_learning_rate_D': -1.7109171696212875, 'log_learning_rate_D_dagger': -4.119777512868281, 'training_batch_size': 6, 'training_p': 2}
	 epoch  0 training error:  tensor(0.8662, device='cuda:0', grad_fn=<DivBackward0>)
Memory status after this epoch: 
Memory allocated:  245.9580078125
Memory cached:  400.0
	 epoch  10 training error:  tensor(0.3137, device='cuda:0', grad_fn=<DivBackward0>)
Memory status after this epoch: 
Memory allocated:  245.9580078125
Memory cached:  400.0
	 epoch  20 training error:  tensor(0.2864, device='cuda:0', grad_fn=<DivBackward0>)
Memory status after this epoch: 
Memory allocated:  245.9580078125
Memory cached:  400.0
	 epoch  30 training error:  tensor(0.2979, device='cuda:0', grad_fn=<DivBackward0>)
Memory status after this epoch: 
Memory allocated:  245.9580078125
Memory cached:  400.0
	 epoch  40 training error:  tensor(0.2878, device='cuda:0', grad_fn=<DivBackward0>)
Memory status after this epoch: 
Memory allocated:  245.9580078125
Memory cached:  400.0
	 epoch  50 training error:  tensor(0.2978, device='cuda:0', grad_fn=<DivBackward0>)
Memory status after this epoch: 
Memory allocated:  245.9580078125
Memory cached:  400.0
	 epoch  60 training error:  tensor(0.2884, device='cuda:0', grad_fn=<DivBackward0>)
Memory status after this epoch: 
Memory allocated:  245.9580078125
Memory cached:  400.0
	 epoch  70 training error:  tensor(0.2905, device='cuda:0', grad_fn=<DivBackward0>)
Memory status after this epoch: 
Memory allocated:  245.9580078125
Memory cached:  400.0
	 epoch  80 training error:  tensor(0.2918, device='cuda:0', grad_fn=<DivBackward0>)
Memory status after this epoch: 
Memory allocated:  245.9580078125
Memory cached:  400.0
	 epoch  90 training error:  tensor(0.2840, device='cuda:0', grad_fn=<DivBackward0>)
Memory status after this epoch: 
Memory allocated:  245.9580078125
Memory cached:  400.0
