[I 2024-02-18 09:46:36,240] Trial 14 finished with value: 0.08600803464651108 and parameters: {'W_layers': 7, 'W_layer_units_exponent_0': 9, 'W_layer_units_exponent_1': 8, 'W_layer_units_exponent_2': 5, 'W_layer_units_exponent_3': 10, 'W_layer_units_exponent_4': 7, 'W_layer_units_exponent_5': 7, 'W_layer_units_exponent_6': 4, 'D_layers': 5, 'D_layer_units_exponent_0': 4, 'D_layer_units_exponent_1': 9, 'D_layer_units_exponent_2': 8, 'D_layer_units_exponent_3': 10, 'D_layer_units_exponent_4': 7, 'D_dagger_layers': 6, 'D_dagger_layer_units_exponent_0': 5, 'D_dagger_layer_units_exponent_1': 5, 'D_dagger_layer_units_exponent_2': 5, 'D_dagger_layer_units_exponent_3': 4, 'D_dagger_layer_units_exponent_4': 6, 'D_dagger_layer_units_exponent_5': 6, 'log_learning_rate': -2.8863938335764816, 'log_learning_rate_D': -2.491330966014032, 'log_learning_rate_D_dagger': -2.556796095375494, 'training_batch_size': 11, 'training_p': 4}. Best is trial 13 with value: 0.08536269515752792.
Time for this trial:  23.891610383987427
Memory status after this trial: 
Memory allocated:  794.54736328125
Memory cached:  816.0
--------------------  Trial  15   --------------------
Start timing: 
Parameters: 
{'W_layers': 8, 'W_layer_units_exponent_0': 9, 'W_layer_units_exponent_1': 8, 'W_layer_units_exponent_2': 6, 'W_layer_units_exponent_3': 10, 'W_layer_units_exponent_4': 7, 'W_layer_units_exponent_5': 10, 'W_layer_units_exponent_6': 4, 'W_layer_units_exponent_7': 10, 'D_layers': 5, 'D_layer_units_exponent_0': 4, 'D_layer_units_exponent_1': 8, 'D_layer_units_exponent_2': 9, 'D_layer_units_exponent_3': 10, 'D_layer_units_exponent_4': 7, 'D_dagger_layers': 6, 'D_dagger_layer_units_exponent_0': 5, 'D_dagger_layer_units_exponent_1': 5, 'D_dagger_layer_units_exponent_2': 6, 'D_dagger_layer_units_exponent_3': 4, 'D_dagger_layer_units_exponent_4': 6, 'D_dagger_layer_units_exponent_5': 7, 'log_learning_rate': -3.009786022323639, 'log_learning_rate_D': -2.6290745217675213, 'log_learning_rate_D_dagger': -3.413675697273368, 'training_batch_size': 9, 'training_p': 3}
	 epoch  0 training error:  tensor(0.9700, device='cuda:0', grad_fn=<DivBackward0>)
Memory status after this epoch: 
Memory allocated:  295.0341796875
Memory cached:  388.0
	 epoch  10 training error:  tensor(0.6170, device='cuda:0', grad_fn=<DivBackward0>)
Memory status after this epoch: 
Memory allocated:  295.0341796875
Memory cached:  388.0
	 epoch  20 training error:  tensor(0.4681, device='cuda:0', grad_fn=<DivBackward0>)
Memory status after this epoch: 
Memory allocated:  295.0341796875
Memory cached:  388.0
	 epoch  30 training error:  tensor(0.1835, device='cuda:0', grad_fn=<DivBackward0>)
Memory status after this epoch: 
Memory allocated:  295.0341796875
Memory cached:  388.0
	 epoch  40 training error:  tensor(0.1601, device='cuda:0', grad_fn=<DivBackward0>)
Memory status after this epoch: 
Memory allocated:  295.0341796875
Memory cached:  388.0
	 epoch  50 training error:  tensor(0.1554, device='cuda:0', grad_fn=<DivBackward0>)
Memory status after this epoch: 
Memory allocated:  295.0341796875
Memory cached:  388.0
	 epoch  60 training error:  tensor(0.1463, device='cuda:0', grad_fn=<DivBackward0>)
Memory status after this epoch: 
Memory allocated:  295.0341796875
Memory cached:  388.0
	 epoch  70 training error:  tensor(0.1387, device='cuda:0', grad_fn=<DivBackward0>)
Memory status after this epoch: 
Memory allocated:  295.0341796875
Memory cached:  388.0
	 epoch  80 training error:  tensor(0.1331, device='cuda:0', grad_fn=<DivBackward0>)
Memory status after this epoch: 
Memory allocated:  295.0341796875
Memory cached:  388.0
	 epoch  90 training error:  tensor(0.1309, device='cuda:0', grad_fn=<DivBackward0>)
Memory status after this epoch: 
Memory allocated:  295.0341796875
Memory cached:  388.0
[I 2024-02-18 09:47:02,172] Trial 15 finished with value: 0.11054372042417526 and parameters: {'W_layers': 8, 'W_layer_units_exponent_0': 9, 'W_layer_units_exponent_1': 8, 'W_layer_units_exponent_2': 6, 'W_layer_units_exponent_3': 10, 'W_layer_units_exponent_4': 7, 'W_layer_units_exponent_5': 10, 'W_layer_units_exponent_6': 4, 'W_layer_units_exponent_7': 10, 'D_layers': 5, 'D_layer_units_exponent_0': 4, 'D_layer_units_exponent_1': 8, 'D_layer_units_exponent_2': 9, 'D_layer_units_exponent_3': 10, 'D_layer_units_exponent_4': 7, 'D_dagger_layers': 6, 'D_dagger_layer_units_exponent_0': 5, 'D_dagger_layer_units_exponent_1': 5, 'D_dagger_layer_units_exponent_2': 6, 'D_dagger_layer_units_exponent_3': 4, 'D_dagger_layer_units_exponent_4': 6, 'D_dagger_layer_units_exponent_5': 7, 'log_learning_rate': -3.009786022323639, 'log_learning_rate_D': -2.6290745217675213, 'log_learning_rate_D_dagger': -3.413675697273368, 'training_batch_size': 9, 'training_p': 3}. Best is trial 13 with value: 0.08536269515752792.
Time for this trial:  25.579214572906494
Memory status after this trial: 
Memory allocated:  1211.17822265625
Memory cached:  1224.0
--------------------  Trial  16   --------------------
Start timing: 
Parameters: 
{'W_layers': 7, 'W_layer_units_exponent_0': 10, 'W_layer_units_exponent_1': 9, 'W_layer_units_exponent_2': 8, 'W_layer_units_exponent_3': 9, 'W_layer_units_exponent_4': 7, 'W_layer_units_exponent_5': 6, 'W_layer_units_exponent_6': 4, 'D_layers': 5, 'D_layer_units_exponent_0': 6, 'D_layer_units_exponent_1': 9, 'D_layer_units_exponent_2': 8, 'D_layer_units_exponent_3': 9, 'D_layer_units_exponent_4': 7, 'D_dagger_layers': 6, 'D_dagger_layer_units_exponent_0': 5, 'D_dagger_layer_units_exponent_1': 5, 'D_dagger_layer_units_exponent_2': 8, 'D_dagger_layer_units_exponent_3': 10, 'D_dagger_layer_units_exponent_4': 5, 'D_dagger_layer_units_exponent_5': 6, 'log_learning_rate': -3.508975085668622, 'log_learning_rate_D': -2.356281595473658, 'log_learning_rate_D_dagger': -2.4053319871373535, 'training_batch_size': 11, 'training_p': 5}
	 epoch  0 training error:  tensor(1.0116, device='cuda:0', grad_fn=<DivBackward0>)
Memory status after this epoch: 
Memory allocated:  303.5654296875
Memory cached:  388.0
	 epoch  10 training error:  tensor(0.3380, device='cuda:0', grad_fn=<DivBackward0>)
Memory status after this epoch: 
Memory allocated:  303.5654296875
Memory cached:  388.0
	 epoch  20 training error:  tensor(0.1523, device='cuda:0', grad_fn=<DivBackward0>)
Memory status after this epoch: 
Memory allocated:  303.5654296875
Memory cached:  388.0
	 epoch  30 training error:  tensor(0.1513, device='cuda:0', grad_fn=<DivBackward0>)
Memory status after this epoch: 
Memory allocated:  303.5654296875
Memory cached:  388.0
	 epoch  40 training error:  tensor(0.1293, device='cuda:0', grad_fn=<DivBackward0>)
Memory status after this epoch: 
Memory allocated:  303.5654296875
Memory cached:  388.0
	 epoch  50 training error:  tensor(0.1145, device='cuda:0', grad_fn=<DivBackward0>)
Memory status after this epoch: 
Memory allocated:  303.5654296875
Memory cached:  388.0
	 epoch  60 training error:  tensor(0.1126, device='cuda:0', grad_fn=<DivBackward0>)
Memory status after this epoch: 
Memory allocated:  303.5654296875
Memory cached:  388.0
	 epoch  70 training error:  tensor(0.1186, device='cuda:0', grad_fn=<DivBackward0>)
Memory status after this epoch: 
Memory allocated:  303.5654296875
Memory cached:  388.0
	 epoch  80 training error:  tensor(0.1144, device='cuda:0', grad_fn=<DivBackward0>)
Memory status after this epoch: 
Memory allocated:  303.5654296875
Memory cached:  388.0
	 epoch  90 training error:  tensor(0.1153, device='cuda:0', grad_fn=<DivBackward0>)
Memory status after this epoch: 
Memory allocated:  303.5654296875
Memory cached:  388.0
[I 2024-02-18 09:47:28,788] Trial 16 finished with value: 0.09392144531011581 and parameters: {'W_layers': 7, 'W_layer_units_exponent_0': 10, 'W_layer_units_exponent_1': 9, 'W_layer_units_exponent_2': 8, 'W_layer_units_exponent_3': 9, 'W_layer_units_exponent_4': 7, 'W_layer_units_exponent_5': 6, 'W_layer_units_exponent_6': 4, 'D_layers': 5, 'D_layer_units_exponent_0': 6, 'D_layer_units_exponent_1': 9, 'D_layer_units_exponent_2': 8, 'D_layer_units_exponent_3': 9, 'D_layer_units_exponent_4': 7, 'D_dagger_layers': 6, 'D_dagger_layer_units_exponent_0': 5, 'D_dagger_layer_units_exponent_1': 5, 'D_dagger_layer_units_exponent_2': 8, 'D_dagger_layer_units_exponent_3': 10, 'D_dagger_layer_units_exponent_4': 5, 'D_dagger_layer_units_exponent_5': 6, 'log_learning_rate': -3.508975085668622, 'log_learning_rate_D': -2.356281595473658, 'log_learning_rate_D_dagger': -2.4053319871373535, 'training_batch_size': 11, 'training_p': 5}. Best is trial 13 with value: 0.08536269515752792.
Time for this trial:  26.251492023468018
Memory status after this trial: 
Memory allocated:  1154.18701171875
Memory cached:  1172.0
--------------------  Trial  17   --------------------
Start timing: 
Parameters: 
{'W_layers': 4, 'W_layer_units_exponent_0': 8, 'W_layer_units_exponent_1': 8, 'W_layer_units_exponent_2': 5, 'W_layer_units_exponent_3': 9, 'D_layers': 4, 'D_layer_units_exponent_0': 6, 'D_layer_units_exponent_1': 9, 'D_layer_units_exponent_2': 9, 'D_layer_units_exponent_3': 9, 'D_dagger_layers': 7, 'D_dagger_layer_units_exponent_0': 6, 'D_dagger_layer_units_exponent_1': 5, 'D_dagger_layer_units_exponent_2': 5, 'D_dagger_layer_units_exponent_3': 6, 'D_dagger_layer_units_exponent_4': 7, 'D_dagger_layer_units_exponent_5': 9, 'D_dagger_layer_units_exponent_6': 10, 'log_learning_rate': -2.614403897761336, 'log_learning_rate_D': -3.1132640449343802, 'log_learning_rate_D_dagger': -1.1091753251687702, 'training_batch_size': 9, 'training_p': 3}
	 epoch  0 training error:  tensor(1.0503, device='cuda:0', grad_fn=<DivBackward0>)
Memory status after this epoch: 
Memory allocated:  297.5419921875
Memory cached:  388.0
	 epoch  10 training error:  tensor(14.9639, device='cuda:0', grad_fn=<DivBackward0>)
Memory status after this epoch: 
Memory allocated:  297.5419921875
Memory cached:  388.0
	 epoch  20 training error:  tensor(5.3072, device='cuda:0', grad_fn=<DivBackward0>)
Memory status after this epoch: 
Memory allocated:  297.5419921875
Memory cached:  388.0
	 epoch  30 training error:  tensor(28.2729, device='cuda:0', grad_fn=<DivBackward0>)
Memory status after this epoch: 
Memory allocated:  297.5419921875
Memory cached:  388.0
	 epoch  40 training error:  tensor(1.1557, device='cuda:0', grad_fn=<DivBackward0>)
Memory status after this epoch: 
Memory allocated:  297.5419921875
Memory cached:  388.0
	 epoch  50 training error:  tensor(0.5464, device='cuda:0', grad_fn=<DivBackward0>)
Memory status after this epoch: 
Memory allocated:  297.5419921875
Memory cached:  388.0
	 epoch  60 training error:  tensor(0.9099, device='cuda:0', grad_fn=<DivBackward0>)
Memory status after this epoch: 
Memory allocated:  297.5419921875
Memory cached:  388.0
	 epoch  70 training error:  tensor(0.3649, device='cuda:0', grad_fn=<DivBackward0>)
Memory status after this epoch: 
Memory allocated:  297.5419921875
Memory cached:  388.0
	 epoch  80 training error:  tensor(0.2543, device='cuda:0', grad_fn=<DivBackward0>)
Memory status after this epoch: 
Memory allocated:  297.5419921875
Memory cached:  388.0
	 epoch  90 training error:  tensor(0.1775, device='cuda:0', grad_fn=<DivBackward0>)
Memory status after this epoch: 
Memory allocated:  297.5419921875
Memory cached:  388.0
[I 2024-02-18 09:47:52,915] Trial 17 finished with value: 0.14933745563030243 and parameters: {'W_layers': 4, 'W_layer_units_exponent_0': 8, 'W_layer_units_exponent_1': 8, 'W_layer_units_exponent_2': 5, 'W_layer_units_exponent_3': 9, 'D_layers': 4, 'D_layer_units_exponent_0': 6, 'D_layer_units_exponent_1': 9, 'D_layer_units_exponent_2': 9, 'D_layer_units_exponent_3': 9, 'D_dagger_layers': 7, 'D_dagger_layer_units_exponent_0': 6, 'D_dagger_layer_units_exponent_1': 5, 'D_dagger_layer_units_exponent_2': 5, 'D_dagger_layer_units_exponent_3': 6, 'D_dagger_layer_units_exponent_4': 7, 'D_dagger_layer_units_exponent_5': 9, 'D_dagger_layer_units_exponent_6': 10, 'log_learning_rate': -2.614403897761336, 'log_learning_rate_D': -3.1132640449343802, 'log_learning_rate_D_dagger': -1.1091753251687702, 'training_batch_size': 9, 'training_p': 3}. Best is trial 13 with value: 0.08536269515752792.
Time for this trial:  23.781595945358276
Memory status after this trial: 
Memory allocated:  877.82275390625
Memory cached:  906.0
--------------------  Trial  18   --------------------
Start timing: 
Parameters: 
{'W_layers': 3, 'W_layer_units_exponent_0': 9, 'W_layer_units_exponent_1': 6, 'W_layer_units_exponent_2': 8, 'D_layers': 5, 'D_layer_units_exponent_0': 4, 'D_layer_units_exponent_1': 8, 'D_layer_units_exponent_2': 8, 'D_layer_units_exponent_3': 9, 'D_layer_units_exponent_4': 10, 'D_dagger_layers': 5, 'D_dagger_layer_units_exponent_0': 4, 'D_dagger_layer_units_exponent_1': 8, 'D_dagger_layer_units_exponent_2': 8, 'D_dagger_layer_units_exponent_3': 7, 'D_dagger_layer_units_exponent_4': 6, 'log_learning_rate': -3.4067106698791383, 'log_learning_rate_D': -1.8545670719414467, 'log_learning_rate_D_dagger': -2.864749051742913, 'training_batch_size': 11, 'training_p': 5}
	 epoch  0 training error:  tensor(0.9670, device='cuda:0', grad_fn=<DivBackward0>)
Memory status after this epoch: 
Memory allocated:  289.2119140625
Memory cached:  388.0
	 epoch  10 training error:  tensor(0.2618, device='cuda:0', grad_fn=<DivBackward0>)
Memory status after this epoch: 
Memory allocated:  289.2119140625
Memory cached:  388.0
	 epoch  20 training error:  tensor(0.1852, device='cuda:0', grad_fn=<DivBackward0>)
Memory status after this epoch: 
Memory allocated:  289.2119140625
Memory cached:  388.0
	 epoch  30 training error:  tensor(0.1480, device='cuda:0', grad_fn=<DivBackward0>)
Memory status after this epoch: 
Memory allocated:  289.2119140625
Memory cached:  388.0
	 epoch  40 training error:  tensor(0.1169, device='cuda:0', grad_fn=<DivBackward0>)
Memory status after this epoch: 
Memory allocated:  289.2119140625
Memory cached:  388.0
	 epoch  50 training error:  tensor(0.1127, device='cuda:0', grad_fn=<DivBackward0>)
Memory status after this epoch: 
Memory allocated:  289.2119140625
Memory cached:  388.0
	 epoch  60 training error:  tensor(0.1105, device='cuda:0', grad_fn=<DivBackward0>)
Memory status after this epoch: 
Memory allocated:  289.2119140625
Memory cached:  388.0
	 epoch  70 training error:  tensor(0.1151, device='cuda:0', grad_fn=<DivBackward0>)
Memory status after this epoch: 
Memory allocated:  289.2119140625
Memory cached:  388.0
	 epoch  80 training error:  tensor(0.1105, device='cuda:0', grad_fn=<DivBackward0>)
Memory status after this epoch: 
Memory allocated:  289.2119140625
Memory cached:  388.0
	 epoch  90 training error:  tensor(0.1086, device='cuda:0', grad_fn=<DivBackward0>)
Memory status after this epoch: 
Memory allocated:  289.2119140625
Memory cached:  388.0
[I 2024-02-18 09:48:14,466] Trial 18 finished with value: 0.09063117951154709 and parameters: {'W_layers': 3, 'W_layer_units_exponent_0': 9, 'W_layer_units_exponent_1': 6, 'W_layer_units_exponent_2': 8, 'D_layers': 5, 'D_layer_units_exponent_0': 4, 'D_layer_units_exponent_1': 8, 'D_layer_units_exponent_2': 8, 'D_layer_units_exponent_3': 9, 'D_layer_units_exponent_4': 10, 'D_dagger_layers': 5, 'D_dagger_layer_units_exponent_0': 4, 'D_dagger_layer_units_exponent_1': 8, 'D_dagger_layer_units_exponent_2': 8, 'D_dagger_layer_units_exponent_3': 7, 'D_dagger_layer_units_exponent_4': 6, 'log_learning_rate': -3.4067106698791383, 'log_learning_rate_D': -1.8545670719414467, 'log_learning_rate_D_dagger': -2.864749051742913, 'training_batch_size': 11, 'training_p': 5}. Best is trial 13 with value: 0.08536269515752792.
Time for this trial:  21.235132694244385
Memory status after this trial: 
Memory allocated:  613.42529296875
Memory cached:  668.0
--------------------  Trial  19   --------------------
Start timing: 
Parameters: 
{'W_layers': 7, 'W_layer_units_exponent_0': 8, 'W_layer_units_exponent_1': 9, 'W_layer_units_exponent_2': 5, 'W_layer_units_exponent_3': 9, 'W_layer_units_exponent_4': 4, 'W_layer_units_exponent_5': 9, 'W_layer_units_exponent_6': 7, 'D_layers': 7, 'D_layer_units_exponent_0': 8, 'D_layer_units_exponent_1': 9, 'D_layer_units_exponent_2': 10, 'D_layer_units_exponent_3': 10, 'D_layer_units_exponent_4': 8, 'D_layer_units_exponent_5': 6, 'D_layer_units_exponent_6': 4, 'D_dagger_layers': 7, 'D_dagger_layer_units_exponent_0': 7, 'D_dagger_layer_units_exponent_1': 5, 'D_dagger_layer_units_exponent_2': 5, 'D_dagger_layer_units_exponent_3': 4, 'D_dagger_layer_units_exponent_4': 4, 'D_dagger_layer_units_exponent_5': 8, 'D_dagger_layer_units_exponent_6': 8, 'log_learning_rate': -2.6681002294688065, 'log_learning_rate_D': -3.028191493663112, 'log_learning_rate_D_dagger': -2.218608157409527, 'training_batch_size': 10, 'training_p': 3}
	 epoch  0 training error:  tensor(1.0026, device='cuda:0', grad_fn=<DivBackward0>)
Memory status after this epoch: 
Memory allocated:  296.498046875
Memory cached:  388.0
	 epoch  10 training error:  tensor(0.6667, device='cuda:0', grad_fn=<DivBackward0>)
Memory status after this epoch: 
Memory allocated:  296.498046875
Memory cached:  388.0
	 epoch  20 training error:  tensor(0.2365, device='cuda:0', grad_fn=<DivBackward0>)
Memory status after this epoch: 
Memory allocated:  296.498046875
Memory cached:  388.0
	 epoch  30 training error:  tensor(0.1861, device='cuda:0', grad_fn=<DivBackward0>)
Memory status after this epoch: 
Memory allocated:  296.498046875
Memory cached:  388.0
	 epoch  40 training error:  tensor(0.1403, device='cuda:0', grad_fn=<DivBackward0>)
Memory status after this epoch: 
Memory allocated:  296.498046875
Memory cached:  388.0
	 epoch  50 training error:  tensor(0.1230, device='cuda:0', grad_fn=<DivBackward0>)
Memory status after this epoch: 
Memory allocated:  296.498046875
Memory cached:  388.0
	 epoch  60 training error:  tensor(0.1099, device='cuda:0', grad_fn=<DivBackward0>)
Memory status after this epoch: 
Memory allocated:  296.498046875
Memory cached:  388.0
	 epoch  70 training error:  tensor(0.1060, device='cuda:0', grad_fn=<DivBackward0>)
Memory status after this epoch: 
Memory allocated:  296.498046875
Memory cached:  388.0
	 epoch  80 training error:  tensor(0.1052, device='cuda:0', grad_fn=<DivBackward0>)
Memory status after this epoch: 
Memory allocated:  296.498046875
Memory cached:  388.0
	 epoch  90 training error:  tensor(0.0984, device='cuda:0', grad_fn=<DivBackward0>)
Memory status after this epoch: 
Memory allocated:  296.498046875
Memory cached:  388.0
