[I 2023-12-05 00:42:51,425] Trial 13 finished with value: 0.2657832205295563 and parameters: {'W_layers': 2, 'W_layer_units_exponent_0': 9, 'W_layer_units_exponent_1': 8, 'D_layers': 4, 'D_layer_units_exponent_0': 7, 'D_layer_units_exponent_1': 7, 'D_layer_units_exponent_2': 9, 'D_layer_units_exponent_3': 10, 'log_learning_rate': -4.242376217014291, 'log_learning_rate_D': -4.870917276816844, 'training_batch_size': 12, 'training_p': 8}. Best is trial 10 with value: 0.1119605302810669.
Time for this trial:  40.89712977409363
Memory status after this trial: 
Memory allocated:  127.48388671875
Memory cached:  154.0
--------------------  Trial  14   --------------------
Start timing: 
Parameters: 
{'W_layers': 8, 'W_layer_units_exponent_0': 7, 'W_layer_units_exponent_1': 8, 'W_layer_units_exponent_2': 7, 'W_layer_units_exponent_3': 8, 'W_layer_units_exponent_4': 5, 'W_layer_units_exponent_5': 4, 'W_layer_units_exponent_6': 4, 'W_layer_units_exponent_7': 9, 'D_layers': 6, 'D_layer_units_exponent_0': 6, 'D_layer_units_exponent_1': 4, 'D_layer_units_exponent_2': 6, 'D_layer_units_exponent_3': 7, 'D_layer_units_exponent_4': 4, 'D_layer_units_exponent_5': 10, 'log_learning_rate': -3.5872207994629965, 'log_learning_rate_D': -1.0593761540453155, 'training_batch_size': 6, 'training_p': 3}
	 epoch  0 training error:  tensor(1.0023, device='cuda:0', grad_fn=<DivBackward0>)
Memory status after this epoch: 
Memory allocated:  65.80078125
Memory cached:  156.0
[W 2023-12-05 00:42:54,868] Trial 14 failed with parameters: {'W_layers': 8, 'W_layer_units_exponent_0': 7, 'W_layer_units_exponent_1': 8, 'W_layer_units_exponent_2': 7, 'W_layer_units_exponent_3': 8, 'W_layer_units_exponent_4': 5, 'W_layer_units_exponent_5': 4, 'W_layer_units_exponent_6': 4, 'W_layer_units_exponent_7': 9, 'D_layers': 6, 'D_layer_units_exponent_0': 6, 'D_layer_units_exponent_1': 4, 'D_layer_units_exponent_2': 6, 'D_layer_units_exponent_3': 7, 'D_layer_units_exponent_4': 4, 'D_layer_units_exponent_5': 10, 'log_learning_rate': -3.5872207994629965, 'log_learning_rate_D': -1.0593761540453155, 'training_batch_size': 6, 'training_p': 3} because of the following error: The value nan is not acceptable.
[W 2023-12-05 00:42:54,869] Trial 14 failed with value tensor(nan, device='cuda:0', grad_fn=<DivBackward0>).
Time for this trial:  3.209526538848877
Memory status after this trial: 
Memory allocated:  125.55517578125
Memory cached:  156.0
--------------------  Trial  15   --------------------
Start timing: 
Parameters: 
{'W_layers': 8, 'W_layer_units_exponent_0': 7, 'W_layer_units_exponent_1': 8, 'W_layer_units_exponent_2': 7, 'W_layer_units_exponent_3': 8, 'W_layer_units_exponent_4': 4, 'W_layer_units_exponent_5': 4, 'W_layer_units_exponent_6': 4, 'W_layer_units_exponent_7': 7, 'D_layers': 6, 'D_layer_units_exponent_0': 6, 'D_layer_units_exponent_1': 4, 'D_layer_units_exponent_2': 6, 'D_layer_units_exponent_3': 7, 'D_layer_units_exponent_4': 4, 'D_layer_units_exponent_5': 10, 'log_learning_rate': -3.542881587992203, 'log_learning_rate_D': -1.0013033412877332, 'training_batch_size': 6, 'training_p': 3}
	 epoch  0 training error:  tensor(1.0197, device='cuda:0', grad_fn=<DivBackward0>)
Memory status after this epoch: 
Memory allocated:  65.62890625
Memory cached:  154.0
[W 2023-12-05 00:42:57,223] Trial 15 failed with parameters: {'W_layers': 8, 'W_layer_units_exponent_0': 7, 'W_layer_units_exponent_1': 8, 'W_layer_units_exponent_2': 7, 'W_layer_units_exponent_3': 8, 'W_layer_units_exponent_4': 4, 'W_layer_units_exponent_5': 4, 'W_layer_units_exponent_6': 4, 'W_layer_units_exponent_7': 7, 'D_layers': 6, 'D_layer_units_exponent_0': 6, 'D_layer_units_exponent_1': 4, 'D_layer_units_exponent_2': 6, 'D_layer_units_exponent_3': 7, 'D_layer_units_exponent_4': 4, 'D_layer_units_exponent_5': 10, 'log_learning_rate': -3.542881587992203, 'log_learning_rate_D': -1.0013033412877332, 'training_batch_size': 6, 'training_p': 3} because of the following error: The value nan is not acceptable.
[W 2023-12-05 00:42:57,224] Trial 15 failed with value tensor(nan, device='cuda:0', grad_fn=<DivBackward0>).
Time for this trial:  2.1471054553985596
Memory status after this trial: 
Memory allocated:  116.38720703125
Memory cached:  154.0
--------------------  Trial  16   --------------------
Start timing: 
Parameters: 
{'W_layers': 8, 'W_layer_units_exponent_0': 7, 'W_layer_units_exponent_1': 8, 'W_layer_units_exponent_2': 7, 'W_layer_units_exponent_3': 8, 'W_layer_units_exponent_4': 4, 'W_layer_units_exponent_5': 4, 'W_layer_units_exponent_6': 4, 'W_layer_units_exponent_7': 8, 'D_layers': 5, 'D_layer_units_exponent_0': 6, 'D_layer_units_exponent_1': 4, 'D_layer_units_exponent_2': 6, 'D_layer_units_exponent_3': 7, 'D_layer_units_exponent_4': 4, 'log_learning_rate': -3.582035786899482, 'log_learning_rate_D': -1.3021506434386882, 'training_batch_size': 6, 'training_p': 3}
	 epoch  0 training error:  tensor(1.0432, device='cuda:0', grad_fn=<DivBackward0>)
Memory status after this epoch: 
Memory allocated:  65.384765625
Memory cached:  154.0
	 epoch  10 training error:  tensor(0.7388, device='cuda:0', grad_fn=<DivBackward0>)
Memory status after this epoch: 
Memory allocated:  65.384765625
Memory cached:  154.0
	 epoch  20 training error:  tensor(0.6551, device='cuda:0', grad_fn=<DivBackward0>)
Memory status after this epoch: 
Memory allocated:  65.384765625
Memory cached:  154.0
	 epoch  30 training error:  tensor(0.6079, device='cuda:0', grad_fn=<DivBackward0>)
Memory status after this epoch: 
Memory allocated:  65.384765625
Memory cached:  154.0
	 epoch  40 training error:  tensor(0.5641, device='cuda:0', grad_fn=<DivBackward0>)
Memory status after this epoch: 
Memory allocated:  65.384765625
Memory cached:  154.0
	 epoch  50 training error:  tensor(0.5554, device='cuda:0', grad_fn=<DivBackward0>)
Memory status after this epoch: 
Memory allocated:  65.384765625
Memory cached:  154.0
	 epoch  60 training error:  tensor(0.5435, device='cuda:0', grad_fn=<DivBackward0>)
Memory status after this epoch: 
Memory allocated:  65.384765625
Memory cached:  154.0
	 epoch  70 training error:  tensor(0.5450, device='cuda:0', grad_fn=<DivBackward0>)
Memory status after this epoch: 
Memory allocated:  65.384765625
Memory cached:  154.0
	 epoch  80 training error:  tensor(0.5274, device='cuda:0', grad_fn=<DivBackward0>)
Memory status after this epoch: 
Memory allocated:  65.384765625
Memory cached:  154.0
	 epoch  90 training error:  tensor(0.5332, device='cuda:0', grad_fn=<DivBackward0>)
Memory status after this epoch: 
Memory allocated:  65.384765625
Memory cached:  154.0
[I 2023-12-05 00:44:26,331] Trial 16 finished with value: 0.4147079586982727 and parameters: {'W_layers': 8, 'W_layer_units_exponent_0': 7, 'W_layer_units_exponent_1': 8, 'W_layer_units_exponent_2': 7, 'W_layer_units_exponent_3': 8, 'W_layer_units_exponent_4': 4, 'W_layer_units_exponent_5': 4, 'W_layer_units_exponent_6': 4, 'W_layer_units_exponent_7': 8, 'D_layers': 5, 'D_layer_units_exponent_0': 6, 'D_layer_units_exponent_1': 4, 'D_layer_units_exponent_2': 6, 'D_layer_units_exponent_3': 7, 'D_layer_units_exponent_4': 4, 'log_learning_rate': -3.582035786899482, 'log_learning_rate_D': -1.3021506434386882, 'training_batch_size': 6, 'training_p': 3}. Best is trial 10 with value: 0.1119605302810669.
Time for this trial:  88.87149477005005
Memory status after this trial: 
Memory allocated:  95.99169921875
Memory cached:  154.0
--------------------  Trial  17   --------------------
Start timing: 
Parameters: 
{'W_layers': 4, 'W_layer_units_exponent_0': 6, 'W_layer_units_exponent_1': 9, 'W_layer_units_exponent_2': 4, 'W_layer_units_exponent_3': 4, 'D_layers': 8, 'D_layer_units_exponent_0': 9, 'D_layer_units_exponent_1': 6, 'D_layer_units_exponent_2': 6, 'D_layer_units_exponent_3': 4, 'D_layer_units_exponent_4': 10, 'D_layer_units_exponent_5': 10, 'D_layer_units_exponent_6': 4, 'D_layer_units_exponent_7': 10, 'log_learning_rate': -2.976067495778476, 'log_learning_rate_D': -2.933068152585186, 'training_batch_size': 7, 'training_p': 4}
	 epoch  0 training error:  tensor(0.9689, device='cuda:0', grad_fn=<DivBackward0>)
Memory status after this epoch: 
Memory allocated:  81.6201171875
Memory cached:  176.0
	 epoch  10 training error:  tensor(0.6147, device='cuda:0', grad_fn=<DivBackward0>)
Memory status after this epoch: 
Memory allocated:  81.6201171875
Memory cached:  180.0
	 epoch  20 training error:  tensor(0.3583, device='cuda:0', grad_fn=<DivBackward0>)
Memory status after this epoch: 
Memory allocated:  81.6201171875
Memory cached:  180.0
	 epoch  30 training error:  tensor(0.2725, device='cuda:0', grad_fn=<DivBackward0>)
Memory status after this epoch: 
Memory allocated:  81.6201171875
Memory cached:  180.0
	 epoch  40 training error:  tensor(0.2186, device='cuda:0', grad_fn=<DivBackward0>)
Memory status after this epoch: 
Memory allocated:  81.6201171875
Memory cached:  180.0
	 epoch  50 training error:  tensor(0.1459, device='cuda:0', grad_fn=<DivBackward0>)
Memory status after this epoch: 
Memory allocated:  81.6201171875
Memory cached:  180.0
	 epoch  60 training error:  tensor(0.0646, device='cuda:0', grad_fn=<DivBackward0>)
Memory status after this epoch: 
Memory allocated:  81.6201171875
Memory cached:  180.0
	 epoch  70 training error:  tensor(0.0897, device='cuda:0', grad_fn=<DivBackward0>)
Memory status after this epoch: 
Memory allocated:  81.6201171875
Memory cached:  180.0
	 epoch  80 training error:  tensor(0.1329, device='cuda:0', grad_fn=<DivBackward0>)
Memory status after this epoch: 
Memory allocated:  81.6201171875
Memory cached:  180.0
	 epoch  90 training error:  tensor(0.1493, device='cuda:0', grad_fn=<DivBackward0>)
Memory status after this epoch: 
Memory allocated:  81.6201171875
Memory cached:  180.0
[I 2023-12-05 00:45:22,400] Trial 17 finished with value: 0.07488458603620529 and parameters: {'W_layers': 4, 'W_layer_units_exponent_0': 6, 'W_layer_units_exponent_1': 9, 'W_layer_units_exponent_2': 4, 'W_layer_units_exponent_3': 4, 'D_layers': 8, 'D_layer_units_exponent_0': 9, 'D_layer_units_exponent_1': 6, 'D_layer_units_exponent_2': 6, 'D_layer_units_exponent_3': 4, 'D_layer_units_exponent_4': 10, 'D_layer_units_exponent_5': 10, 'D_layer_units_exponent_6': 4, 'D_layer_units_exponent_7': 10, 'log_learning_rate': -2.976067495778476, 'log_learning_rate_D': -2.933068152585186, 'training_batch_size': 7, 'training_p': 4}. Best is trial 17 with value: 0.07488458603620529.
res:  tensor(0.0749, device='cuda:0', grad_fn=<DivBackward0>)
self.bestValue:  tensor(0.1120, device='cuda:0', grad_fn=<DivBackward0>)
Save this model!
Time for this trial:  55.87634348869324
Memory status after this trial: 
Memory allocated:  108.20751953125
Memory cached:  182.0
--------------------  Trial  18   --------------------
Start timing: 
Parameters: 
{'W_layers': 5, 'W_layer_units_exponent_0': 6, 'W_layer_units_exponent_1': 9, 'W_layer_units_exponent_2': 4, 'W_layer_units_exponent_3': 4, 'W_layer_units_exponent_4': 7, 'D_layers': 7, 'D_layer_units_exponent_0': 9, 'D_layer_units_exponent_1': 5, 'D_layer_units_exponent_2': 4, 'D_layer_units_exponent_3': 7, 'D_layer_units_exponent_4': 10, 'D_layer_units_exponent_5': 10, 'D_layer_units_exponent_6': 4, 'log_learning_rate': -3.4670820349889793, 'log_learning_rate_D': -2.6183803954035616, 'training_batch_size': 6, 'training_p': 4}
	 epoch  0 training error:  tensor(0.9653, device='cuda:0', grad_fn=<DivBackward0>)
Memory status after this epoch: 
Memory allocated:  127.5107421875
Memory cached:  206.0
	 epoch  10 training error:  tensor(0.6819, device='cuda:0', grad_fn=<DivBackward0>)
Memory status after this epoch: 
Memory allocated:  127.5107421875
Memory cached:  206.0
	 epoch  20 training error:  tensor(0.6040, device='cuda:0', grad_fn=<DivBackward0>)
Memory status after this epoch: 
Memory allocated:  127.5107421875
Memory cached:  206.0
	 epoch  30 training error:  tensor(0.5391, device='cuda:0', grad_fn=<DivBackward0>)
Memory status after this epoch: 
Memory allocated:  127.5107421875
Memory cached:  206.0
	 epoch  40 training error:  tensor(0.5716, device='cuda:0', grad_fn=<DivBackward0>)
Memory status after this epoch: 
Memory allocated:  127.5107421875
Memory cached:  206.0
	 epoch  50 training error:  tensor(0.5721, device='cuda:0', grad_fn=<DivBackward0>)
Memory status after this epoch: 
Memory allocated:  127.5107421875
Memory cached:  206.0
	 epoch  60 training error:  tensor(0.5091, device='cuda:0', grad_fn=<DivBackward0>)
Memory status after this epoch: 
Memory allocated:  127.5107421875
Memory cached:  206.0
	 epoch  70 training error:  tensor(0.4475, device='cuda:0', grad_fn=<DivBackward0>)
Memory status after this epoch: 
Memory allocated:  127.5107421875
Memory cached:  206.0
	 epoch  80 training error:  tensor(0.4112, device='cuda:0', grad_fn=<DivBackward0>)
Memory status after this epoch: 
Memory allocated:  127.5107421875
Memory cached:  206.0
	 epoch  90 training error:  tensor(0.3598, device='cuda:0', grad_fn=<DivBackward0>)
Memory status after this epoch: 
Memory allocated:  127.5107421875
Memory cached:  206.0
[I 2023-12-05 00:46:51,877] Trial 18 finished with value: 0.40106430649757385 and parameters: {'W_layers': 5, 'W_layer_units_exponent_0': 6, 'W_layer_units_exponent_1': 9, 'W_layer_units_exponent_2': 4, 'W_layer_units_exponent_3': 4, 'W_layer_units_exponent_4': 7, 'D_layers': 7, 'D_layer_units_exponent_0': 9, 'D_layer_units_exponent_1': 5, 'D_layer_units_exponent_2': 4, 'D_layer_units_exponent_3': 7, 'D_layer_units_exponent_4': 10, 'D_layer_units_exponent_5': 10, 'D_layer_units_exponent_6': 4, 'log_learning_rate': -3.4670820349889793, 'log_learning_rate_D': -2.6183803954035616, 'training_batch_size': 6, 'training_p': 4}. Best is trial 17 with value: 0.07488458603620529.
Time for this trial:  89.2869565486908
Memory status after this trial: 
Memory allocated:  197.4736328125
Memory cached:  204.0
--------------------  Trial  19   --------------------
Start timing: 
Parameters: 
{'W_layers': 8, 'W_layer_units_exponent_0': 7, 'W_layer_units_exponent_1': 7, 'W_layer_units_exponent_2': 6, 'W_layer_units_exponent_3': 8, 'W_layer_units_exponent_4': 5, 'W_layer_units_exponent_5': 6, 'W_layer_units_exponent_6': 7, 'W_layer_units_exponent_7': 4, 'D_layers': 4, 'D_layer_units_exponent_0': 9, 'D_layer_units_exponent_1': 10, 'D_layer_units_exponent_2': 6, 'D_layer_units_exponent_3': 4, 'log_learning_rate': -3.3739619960381977, 'log_learning_rate_D': -2.8697040399164866, 'training_batch_size': 7, 'training_p': 4}
	 epoch  0 training error:  tensor(1.1338, device='cuda:0', grad_fn=<DivBackward0>)
Memory status after this epoch: 
Memory allocated:  118.2734375
Memory cached:  186.0
	 epoch  10 training error:  tensor(0.8219, device='cuda:0', grad_fn=<DivBackward0>)
Memory status after this epoch: 
Memory allocated:  118.2734375
Memory cached:  186.0
	 epoch  20 training error:  tensor(0.7200, device='cuda:0', grad_fn=<DivBackward0>)
Memory status after this epoch: 
Memory allocated:  118.2734375
Memory cached:  186.0
	 epoch  30 training error:  tensor(0.6896, device='cuda:0', grad_fn=<DivBackward0>)
Memory status after this epoch: 
Memory allocated:  118.2734375
Memory cached:  186.0
	 epoch  40 training error:  tensor(0.4515, device='cuda:0', grad_fn=<DivBackward0>)
Memory status after this epoch: 
Memory allocated:  118.2734375
Memory cached:  186.0
	 epoch  50 training error:  tensor(0.3710, device='cuda:0', grad_fn=<DivBackward0>)
Memory status after this epoch: 
Memory allocated:  118.2734375
Memory cached:  186.0
	 epoch  60 training error:  tensor(0.3296, device='cuda:0', grad_fn=<DivBackward0>)
Memory status after this epoch: 
Memory allocated:  118.2734375
Memory cached:  186.0
	 epoch  70 training error:  tensor(0.2695, device='cuda:0', grad_fn=<DivBackward0>)
Memory status after this epoch: 
Memory allocated:  118.2734375
Memory cached:  186.0
	 epoch  80 training error:  tensor(0.1751, device='cuda:0', grad_fn=<DivBackward0>)
Memory status after this epoch: 
Memory allocated:  118.2734375
Memory cached:  186.0
	 epoch  90 training error:  tensor(0.1099, device='cuda:0', grad_fn=<DivBackward0>)
Memory status after this epoch: 
Memory allocated:  118.2734375
Memory cached:  186.0
[I 2023-12-05 00:47:45,362] Trial 19 finished with value: 0.05131257697939873 and parameters: {'W_layers': 8, 'W_layer_units_exponent_0': 7, 'W_layer_units_exponent_1': 7, 'W_layer_units_exponent_2': 6, 'W_layer_units_exponent_3': 8, 'W_layer_units_exponent_4': 5, 'W_layer_units_exponent_5': 6, 'W_layer_units_exponent_6': 7, 'W_layer_units_exponent_7': 4, 'D_layers': 4, 'D_layer_units_exponent_0': 9, 'D_layer_units_exponent_1': 10, 'D_layer_units_exponent_2': 6, 'D_layer_units_exponent_3': 4, 'log_learning_rate': -3.3739619960381977, 'log_learning_rate_D': -2.8697040399164866, 'training_batch_size': 7, 'training_p': 4}. Best is trial 19 with value: 0.05131257697939873.
res:  tensor(0.0513, device='cuda:0', grad_fn=<DivBackward0>)
self.bestValue:  tensor(0.0749, device='cuda:0', grad_fn=<DivBackward0>)
Save this model!
Time for this trial:  53.286842584609985
Memory status after this trial: 
Memory allocated:  60.580078125
Memory cached:  168.0
--------------------  Trial  20   --------------------
Start timing: 
Parameters: 
{'W_layers': 8, 'W_layer_units_exponent_0': 6, 'W_layer_units_exponent_1': 7, 'W_layer_units_exponent_2': 4, 'W_layer_units_exponent_3': 8, 'W_layer_units_exponent_4': 4, 'W_layer_units_exponent_5': 4, 'W_layer_units_exponent_6': 10, 'W_layer_units_exponent_7': 4, 'D_layers': 4, 'D_layer_units_exponent_0': 7, 'D_layer_units_exponent_1': 8, 'D_layer_units_exponent_2': 6, 'D_layer_units_exponent_3': 4, 'log_learning_rate': -2.445173826817306, 'log_learning_rate_D': -2.589931336566825, 'training_batch_size': 7, 'training_p': 5}
	 epoch  0 training error:  tensor(0.8318, device='cuda:0', grad_fn=<DivBackward0>)
Memory status after this epoch: 
Memory allocated:  62.22021484375
Memory cached:  170.0
	 epoch  10 training error:  tensor(0.7557, device='cuda:0', grad_fn=<DivBackward0>)
Memory status after this epoch: 
Memory allocated:  62.22021484375
Memory cached:  172.0
	 epoch  20 training error:  tensor(0.6154, device='cuda:0', grad_fn=<DivBackward0>)
Memory status after this epoch: 
Memory allocated:  62.22021484375
Memory cached:  172.0
	 epoch  30 training error:  tensor(0.3866, device='cuda:0', grad_fn=<DivBackward0>)
Memory status after this epoch: 
Memory allocated:  62.22021484375
Memory cached:  172.0
	 epoch  40 training error:  tensor(0.2169, device='cuda:0', grad_fn=<DivBackward0>)
Memory status after this epoch: 
Memory allocated:  62.22021484375
Memory cached:  172.0
	 epoch  50 training error:  tensor(0.3404, device='cuda:0', grad_fn=<DivBackward0>)
Memory status after this epoch: 
Memory allocated:  62.22021484375
Memory cached:  172.0
	 epoch  60 training error:  tensor(0.3192, device='cuda:0', grad_fn=<DivBackward0>)
Memory status after this epoch: 
Memory allocated:  62.22021484375
Memory cached:  172.0
	 epoch  70 training error:  tensor(0.1544, device='cuda:0', grad_fn=<DivBackward0>)
Memory status after this epoch: 
Memory allocated:  62.22021484375
Memory cached:  172.0
	 epoch  80 training error:  tensor(0.1526, device='cuda:0', grad_fn=<DivBackward0>)
Memory status after this epoch: 
Memory allocated:  62.22021484375
Memory cached:  172.0
	 epoch  90 training error:  tensor(0.1756, device='cuda:0', grad_fn=<DivBackward0>)
Memory status after this epoch: 
Memory allocated:  62.22021484375
Memory cached:  172.0
