[I 2024-01-01 20:06:39,476] Trial 315 finished with value: 0.1299927532672882 and parameters: {'W_layers': 5, 'W_layer_units_exponent_0': 7, 'W_layer_units_exponent_1': 6, 'W_layer_units_exponent_2': 6, 'W_layer_units_exponent_3': 5, 'W_layer_units_exponent_4': 5, 'D_layers': 5, 'D_layer_units_exponent_0': 10, 'D_layer_units_exponent_1': 9, 'D_layer_units_exponent_2': 10, 'D_layer_units_exponent_3': 8, 'D_layer_units_exponent_4': 5, 'D_dagger_layers': 4, 'D_dagger_layer_units_exponent_0': 10, 'D_dagger_layer_units_exponent_1': 5, 'D_dagger_layer_units_exponent_2': 5, 'D_dagger_layer_units_exponent_3': 7, 'log_learning_rate': -1.9984306075160176, 'log_learning_rate_D': -4.023291518952227, 'log_learning_rate_D_dagger': -2.2514305487012, 'training_batch_size': 6, 'training_p': 5}. Best is trial 220 with value: 0.11745021492242813.
Time for this trial:  339.4332718849182
Memory status after this trial: 
Memory allocated:  444.2626953125
Memory cached:  460.0
--------------------  Trial  316   --------------------
Start timing: 
Parameters: 
{'W_layers': 5, 'W_layer_units_exponent_0': 7, 'W_layer_units_exponent_1': 6, 'W_layer_units_exponent_2': 6, 'W_layer_units_exponent_3': 5, 'W_layer_units_exponent_4': 5, 'D_layers': 7, 'D_layer_units_exponent_0': 10, 'D_layer_units_exponent_1': 9, 'D_layer_units_exponent_2': 10, 'D_layer_units_exponent_3': 8, 'D_layer_units_exponent_4': 5, 'D_layer_units_exponent_5': 5, 'D_layer_units_exponent_6': 10, 'D_dagger_layers': 4, 'D_dagger_layer_units_exponent_0': 10, 'D_dagger_layer_units_exponent_1': 5, 'D_dagger_layer_units_exponent_2': 5, 'D_dagger_layer_units_exponent_3': 7, 'log_learning_rate': -1.7836511638338663, 'log_learning_rate_D': -4.0283870337078245, 'log_learning_rate_D_dagger': -2.203813207439078, 'training_batch_size': 6, 'training_p': 5}
	 epoch  0 training error:  tensor(1.0693, device='cuda:0', grad_fn=<DivBackward0>)
Memory status after this epoch: 
Memory allocated:  223.87939453125
Memory cached:  424.0
	 epoch  10 training error:  tensor(0.5768, device='cuda:0', grad_fn=<DivBackward0>)
Memory status after this epoch: 
Memory allocated:  223.87939453125
Memory cached:  454.0
	 epoch  20 training error:  tensor(0.4882, device='cuda:0', grad_fn=<DivBackward0>)
Memory status after this epoch: 
Memory allocated:  223.87939453125
Memory cached:  452.0
	 epoch  30 training error:  tensor(0.4665, device='cuda:0', grad_fn=<DivBackward0>)
Memory status after this epoch: 
Memory allocated:  223.87939453125
Memory cached:  454.0
	 epoch  40 training error:  tensor(0.4672, device='cuda:0', grad_fn=<DivBackward0>)
Memory status after this epoch: 
Memory allocated:  223.87939453125
Memory cached:  452.0
	 epoch  50 training error:  tensor(0.3851, device='cuda:0', grad_fn=<DivBackward0>)
Memory status after this epoch: 
Memory allocated:  223.87939453125
Memory cached:  446.0
	 epoch  60 training error:  tensor(0.3600, device='cuda:0', grad_fn=<DivBackward0>)
Memory status after this epoch: 
Memory allocated:  223.87939453125
Memory cached:  448.0
	 epoch  70 training error:  tensor(0.2883, device='cuda:0', grad_fn=<DivBackward0>)
Memory status after this epoch: 
Memory allocated:  223.87939453125
Memory cached:  448.0
	 epoch  80 training error:  tensor(0.3081, device='cuda:0', grad_fn=<DivBackward0>)
Memory status after this epoch: 
Memory allocated:  223.87939453125
Memory cached:  450.0
	 epoch  90 training error:  tensor(0.2521, device='cuda:0', grad_fn=<DivBackward0>)
Memory status after this epoch: 
Memory allocated:  223.87939453125
Memory cached:  454.0
[I 2024-01-01 20:12:54,384] Trial 316 finished with value: 0.33364802598953247 and parameters: {'W_layers': 5, 'W_layer_units_exponent_0': 7, 'W_layer_units_exponent_1': 6, 'W_layer_units_exponent_2': 6, 'W_layer_units_exponent_3': 5, 'W_layer_units_exponent_4': 5, 'D_layers': 7, 'D_layer_units_exponent_0': 10, 'D_layer_units_exponent_1': 9, 'D_layer_units_exponent_2': 10, 'D_layer_units_exponent_3': 8, 'D_layer_units_exponent_4': 5, 'D_layer_units_exponent_5': 5, 'D_layer_units_exponent_6': 10, 'D_dagger_layers': 4, 'D_dagger_layer_units_exponent_0': 10, 'D_dagger_layer_units_exponent_1': 5, 'D_dagger_layer_units_exponent_2': 5, 'D_dagger_layer_units_exponent_3': 7, 'log_learning_rate': -1.7836511638338663, 'log_learning_rate_D': -4.0283870337078245, 'log_learning_rate_D_dagger': -2.203813207439078, 'training_batch_size': 6, 'training_p': 5}. Best is trial 220 with value: 0.11745021492242813.
Time for this trial:  374.35297775268555
Memory status after this trial: 
Memory allocated:  492.8759765625
Memory cached:  510.0
--------------------  Trial  317   --------------------
Start timing: 
Parameters: 
{'W_layers': 5, 'W_layer_units_exponent_0': 7, 'W_layer_units_exponent_1': 7, 'W_layer_units_exponent_2': 6, 'W_layer_units_exponent_3': 5, 'W_layer_units_exponent_4': 5, 'D_layers': 3, 'D_layer_units_exponent_0': 10, 'D_layer_units_exponent_1': 9, 'D_layer_units_exponent_2': 10, 'D_dagger_layers': 4, 'D_dagger_layer_units_exponent_0': 10, 'D_dagger_layer_units_exponent_1': 5, 'D_dagger_layer_units_exponent_2': 5, 'D_dagger_layer_units_exponent_3': 7, 'log_learning_rate': -1.932648559486787, 'log_learning_rate_D': -3.9898067384579767, 'log_learning_rate_D_dagger': -3.6558445033277636, 'training_batch_size': 6, 'training_p': 5}
	 epoch  0 training error:  tensor(0.9273, device='cuda:0', grad_fn=<DivBackward0>)
Memory status after this epoch: 
Memory allocated:  219.40283203125
Memory cached:  412.0
	 epoch  10 training error:  tensor(0.5023, device='cuda:0', grad_fn=<DivBackward0>)
Memory status after this epoch: 
Memory allocated:  219.40283203125
Memory cached:  424.0
	 epoch  20 training error:  tensor(0.4854, device='cuda:0', grad_fn=<DivBackward0>)
Memory status after this epoch: 
Memory allocated:  219.40283203125
Memory cached:  424.0
	 epoch  30 training error:  tensor(0.4805, device='cuda:0', grad_fn=<DivBackward0>)
Memory status after this epoch: 
Memory allocated:  219.40283203125
Memory cached:  424.0
	 epoch  40 training error:  tensor(0.4710, device='cuda:0', grad_fn=<DivBackward0>)
Memory status after this epoch: 
Memory allocated:  219.40283203125
Memory cached:  422.0
	 epoch  50 training error:  tensor(0.4671, device='cuda:0', grad_fn=<DivBackward0>)
Memory status after this epoch: 
Memory allocated:  219.40283203125
Memory cached:  428.0
	 epoch  60 training error:  tensor(0.4667, device='cuda:0', grad_fn=<DivBackward0>)
Memory status after this epoch: 
Memory allocated:  219.40283203125
Memory cached:  430.0
	 epoch  70 training error:  tensor(0.4598, device='cuda:0', grad_fn=<DivBackward0>)
Memory status after this epoch: 
Memory allocated:  219.40283203125
Memory cached:  428.0
	 epoch  80 training error:  tensor(0.4741, device='cuda:0', grad_fn=<DivBackward0>)
Memory status after this epoch: 
Memory allocated:  219.40283203125
Memory cached:  422.0
	 epoch  90 training error:  tensor(0.4607, device='cuda:0', grad_fn=<DivBackward0>)
Memory status after this epoch: 
Memory allocated:  219.40283203125
Memory cached:  432.0
[I 2024-01-01 20:18:04,790] Trial 317 finished with value: 0.24777033925056458 and parameters: {'W_layers': 5, 'W_layer_units_exponent_0': 7, 'W_layer_units_exponent_1': 7, 'W_layer_units_exponent_2': 6, 'W_layer_units_exponent_3': 5, 'W_layer_units_exponent_4': 5, 'D_layers': 3, 'D_layer_units_exponent_0': 10, 'D_layer_units_exponent_1': 9, 'D_layer_units_exponent_2': 10, 'D_dagger_layers': 4, 'D_dagger_layer_units_exponent_0': 10, 'D_dagger_layer_units_exponent_1': 5, 'D_dagger_layer_units_exponent_2': 5, 'D_dagger_layer_units_exponent_3': 7, 'log_learning_rate': -1.932648559486787, 'log_learning_rate_D': -3.9898067384579767, 'log_learning_rate_D_dagger': -3.6558445033277636, 'training_batch_size': 6, 'training_p': 5}. Best is trial 220 with value: 0.11745021492242813.
Time for this trial:  309.88406896591187
Memory status after this trial: 
Memory allocated:  422.99609375
Memory cached:  436.0
--------------------  Trial  318   --------------------
Start timing: 
Parameters: 
{'W_layers': 5, 'W_layer_units_exponent_0': 7, 'W_layer_units_exponent_1': 6, 'W_layer_units_exponent_2': 6, 'W_layer_units_exponent_3': 5, 'W_layer_units_exponent_4': 5, 'D_layers': 5, 'D_layer_units_exponent_0': 10, 'D_layer_units_exponent_1': 9, 'D_layer_units_exponent_2': 9, 'D_layer_units_exponent_3': 8, 'D_layer_units_exponent_4': 5, 'D_dagger_layers': 4, 'D_dagger_layer_units_exponent_0': 10, 'D_dagger_layer_units_exponent_1': 5, 'D_dagger_layer_units_exponent_2': 5, 'D_dagger_layer_units_exponent_3': 8, 'log_learning_rate': -1.948404465035543, 'log_learning_rate_D': -4.100848946356963, 'log_learning_rate_D_dagger': -3.385455859190117, 'training_batch_size': 6, 'training_p': 5}
	 epoch  0 training error:  tensor(0.9008, device='cuda:0', grad_fn=<DivBackward0>)
Memory status after this epoch: 
Memory allocated:  217.39111328125
Memory cached:  404.0
	 epoch  10 training error:  tensor(0.4840, device='cuda:0', grad_fn=<DivBackward0>)
Memory status after this epoch: 
Memory allocated:  217.39111328125
Memory cached:  412.0
	 epoch  20 training error:  tensor(0.4868, device='cuda:0', grad_fn=<DivBackward0>)
Memory status after this epoch: 
Memory allocated:  217.39111328125
Memory cached:  406.0
	 epoch  30 training error:  tensor(0.4816, device='cuda:0', grad_fn=<DivBackward0>)
Memory status after this epoch: 
Memory allocated:  217.39111328125
Memory cached:  410.0
	 epoch  40 training error:  tensor(0.4857, device='cuda:0', grad_fn=<DivBackward0>)
Memory status after this epoch: 
Memory allocated:  217.39111328125
Memory cached:  398.0
	 epoch  50 training error:  tensor(0.4765, device='cuda:0', grad_fn=<DivBackward0>)
Memory status after this epoch: 
Memory allocated:  217.39111328125
Memory cached:  398.0
	 epoch  60 training error:  tensor(0.4798, device='cuda:0', grad_fn=<DivBackward0>)
Memory status after this epoch: 
Memory allocated:  217.39111328125
Memory cached:  398.0
	 epoch  70 training error:  tensor(0.4481, device='cuda:0', grad_fn=<DivBackward0>)
Memory status after this epoch: 
Memory allocated:  217.39111328125
Memory cached:  398.0
	 epoch  80 training error:  tensor(0.4202, device='cuda:0', grad_fn=<DivBackward0>)
Memory status after this epoch: 
Memory allocated:  217.39111328125
Memory cached:  398.0
	 epoch  90 training error:  tensor(0.3656, device='cuda:0', grad_fn=<DivBackward0>)
Memory status after this epoch: 
Memory allocated:  217.39111328125
Memory cached:  398.0
[I 2024-01-01 20:23:45,538] Trial 318 finished with value: 0.1827947497367859 and parameters: {'W_layers': 5, 'W_layer_units_exponent_0': 7, 'W_layer_units_exponent_1': 6, 'W_layer_units_exponent_2': 6, 'W_layer_units_exponent_3': 5, 'W_layer_units_exponent_4': 5, 'D_layers': 5, 'D_layer_units_exponent_0': 10, 'D_layer_units_exponent_1': 9, 'D_layer_units_exponent_2': 9, 'D_layer_units_exponent_3': 8, 'D_layer_units_exponent_4': 5, 'D_dagger_layers': 4, 'D_dagger_layer_units_exponent_0': 10, 'D_dagger_layer_units_exponent_1': 5, 'D_dagger_layer_units_exponent_2': 5, 'D_dagger_layer_units_exponent_3': 8, 'log_learning_rate': -1.948404465035543, 'log_learning_rate_D': -4.100848946356963, 'log_learning_rate_D_dagger': -3.385455859190117, 'training_batch_size': 6, 'training_p': 5}. Best is trial 220 with value: 0.11745021492242813.
Time for this trial:  340.2904031276703
Memory status after this trial: 
Memory allocated:  420.0810546875
Memory cached:  442.0
--------------------  Trial  319   --------------------
Start timing: 
Parameters: 
{'W_layers': 5, 'W_layer_units_exponent_0': 7, 'W_layer_units_exponent_1': 7, 'W_layer_units_exponent_2': 6, 'W_layer_units_exponent_3': 4, 'W_layer_units_exponent_4': 5, 'D_layers': 5, 'D_layer_units_exponent_0': 10, 'D_layer_units_exponent_1': 9, 'D_layer_units_exponent_2': 10, 'D_layer_units_exponent_3': 8, 'D_layer_units_exponent_4': 5, 'D_dagger_layers': 4, 'D_dagger_layer_units_exponent_0': 9, 'D_dagger_layer_units_exponent_1': 5, 'D_dagger_layer_units_exponent_2': 5, 'D_dagger_layer_units_exponent_3': 7, 'log_learning_rate': -1.9962574756756042, 'log_learning_rate_D': -3.8992640711707867, 'log_learning_rate_D_dagger': -2.7507406727990427, 'training_batch_size': 6, 'training_p': 5}
	 epoch  0 training error:  tensor(0.9178, device='cuda:0', grad_fn=<DivBackward0>)
Memory status after this epoch: 
Memory allocated:  223.22314453125
Memory cached:  396.0
	 epoch  10 training error:  tensor(0.4927, device='cuda:0', grad_fn=<DivBackward0>)
Memory status after this epoch: 
Memory allocated:  223.22314453125
Memory cached:  396.0
	 epoch  20 training error:  tensor(0.4848, device='cuda:0', grad_fn=<DivBackward0>)
Memory status after this epoch: 
Memory allocated:  223.22314453125
Memory cached:  396.0
	 epoch  30 training error:  tensor(0.4754, device='cuda:0', grad_fn=<DivBackward0>)
Memory status after this epoch: 
Memory allocated:  223.22314453125
Memory cached:  396.0
	 epoch  40 training error:  tensor(0.4806, device='cuda:0', grad_fn=<DivBackward0>)
Memory status after this epoch: 
Memory allocated:  223.22314453125
Memory cached:  396.0
	 epoch  50 training error:  tensor(0.4699, device='cuda:0', grad_fn=<DivBackward0>)
Memory status after this epoch: 
Memory allocated:  223.22314453125
Memory cached:  396.0
	 epoch  60 training error:  tensor(0.3912, device='cuda:0', grad_fn=<DivBackward0>)
Memory status after this epoch: 
Memory allocated:  223.22314453125
Memory cached:  398.0
	 epoch  70 training error:  tensor(0.3465, device='cuda:0', grad_fn=<DivBackward0>)
Memory status after this epoch: 
Memory allocated:  223.22314453125
Memory cached:  396.0
	 epoch  80 training error:  tensor(0.2565, device='cuda:0', grad_fn=<DivBackward0>)
Memory status after this epoch: 
Memory allocated:  223.22314453125
Memory cached:  396.0
	 epoch  90 training error:  tensor(0.2443, device='cuda:0', grad_fn=<DivBackward0>)
Memory status after this epoch: 
Memory allocated:  223.22314453125
Memory cached:  396.0
[I 2024-01-01 20:29:24,405] Trial 319 finished with value: 0.1375627964735031 and parameters: {'W_layers': 5, 'W_layer_units_exponent_0': 7, 'W_layer_units_exponent_1': 7, 'W_layer_units_exponent_2': 6, 'W_layer_units_exponent_3': 4, 'W_layer_units_exponent_4': 5, 'D_layers': 5, 'D_layer_units_exponent_0': 10, 'D_layer_units_exponent_1': 9, 'D_layer_units_exponent_2': 10, 'D_layer_units_exponent_3': 8, 'D_layer_units_exponent_4': 5, 'D_dagger_layers': 4, 'D_dagger_layer_units_exponent_0': 9, 'D_dagger_layer_units_exponent_1': 5, 'D_dagger_layer_units_exponent_2': 5, 'D_dagger_layer_units_exponent_3': 7, 'log_learning_rate': -1.9962574756756042, 'log_learning_rate_D': -3.8992640711707867, 'log_learning_rate_D_dagger': -2.7507406727990427, 'training_batch_size': 6, 'training_p': 5}. Best is trial 220 with value: 0.11745021492242813.
Time for this trial:  338.39416098594666
Memory status after this trial: 
Memory allocated:  419.5986328125
Memory cached:  436.0
--------------------  Trial  320   --------------------
Start timing: 
Parameters: 
{'W_layers': 5, 'W_layer_units_exponent_0': 7, 'W_layer_units_exponent_1': 7, 'W_layer_units_exponent_2': 6, 'W_layer_units_exponent_3': 4, 'W_layer_units_exponent_4': 5, 'D_layers': 5, 'D_layer_units_exponent_0': 10, 'D_layer_units_exponent_1': 9, 'D_layer_units_exponent_2': 10, 'D_layer_units_exponent_3': 8, 'D_layer_units_exponent_4': 5, 'D_dagger_layers': 4, 'D_dagger_layer_units_exponent_0': 10, 'D_dagger_layer_units_exponent_1': 5, 'D_dagger_layer_units_exponent_2': 5, 'D_dagger_layer_units_exponent_3': 7, 'log_learning_rate': -1.9802896815568418, 'log_learning_rate_D': -3.8990631615550777, 'log_learning_rate_D_dagger': -2.7274321003702853, 'training_batch_size': 9, 'training_p': 5}
	 epoch  0 training error:  tensor(1.0533, device='cuda:0', grad_fn=<DivBackward0>)
Memory status after this epoch: 
Memory allocated:  223.47119140625
Memory cached:  418.0
	 epoch  10 training error:  tensor(0.4998, device='cuda:0', grad_fn=<DivBackward0>)
Memory status after this epoch: 
Memory allocated:  223.47119140625
Memory cached:  440.0
	 epoch  20 training error:  tensor(0.4851, device='cuda:0', grad_fn=<DivBackward0>)
Memory status after this epoch: 
Memory allocated:  223.47119140625
Memory cached:  446.0
	 epoch  30 training error:  tensor(0.4689, device='cuda:0', grad_fn=<DivBackward0>)
Memory status after this epoch: 
Memory allocated:  223.47119140625
Memory cached:  458.0
	 epoch  40 training error:  tensor(0.4623, device='cuda:0', grad_fn=<DivBackward0>)
Memory status after this epoch: 
Memory allocated:  223.47119140625
Memory cached:  444.0
	 epoch  50 training error:  tensor(0.4465, device='cuda:0', grad_fn=<DivBackward0>)
Memory status after this epoch: 
Memory allocated:  223.47119140625
Memory cached:  446.0
	 epoch  60 training error:  tensor(0.3694, device='cuda:0', grad_fn=<DivBackward0>)
Memory status after this epoch: 
Memory allocated:  223.47119140625
Memory cached:  446.0
	 epoch  70 training error:  tensor(0.2673, device='cuda:0', grad_fn=<DivBackward0>)
Memory status after this epoch: 
Memory allocated:  223.47119140625
Memory cached:  446.0
	 epoch  80 training error:  tensor(0.2408, device='cuda:0', grad_fn=<DivBackward0>)
Memory status after this epoch: 
Memory allocated:  223.47119140625
Memory cached:  442.0
	 epoch  90 training error:  tensor(0.2630, device='cuda:0', grad_fn=<DivBackward0>)
Memory status after this epoch: 
Memory allocated:  223.47119140625
Memory cached:  438.0
[I 2024-01-01 20:32:42,207] Trial 320 finished with value: 0.13729284703731537 and parameters: {'W_layers': 5, 'W_layer_units_exponent_0': 7, 'W_layer_units_exponent_1': 7, 'W_layer_units_exponent_2': 6, 'W_layer_units_exponent_3': 4, 'W_layer_units_exponent_4': 5, 'D_layers': 5, 'D_layer_units_exponent_0': 10, 'D_layer_units_exponent_1': 9, 'D_layer_units_exponent_2': 10, 'D_layer_units_exponent_3': 8, 'D_layer_units_exponent_4': 5, 'D_dagger_layers': 4, 'D_dagger_layer_units_exponent_0': 10, 'D_dagger_layer_units_exponent_1': 5, 'D_dagger_layer_units_exponent_2': 5, 'D_dagger_layer_units_exponent_3': 7, 'log_learning_rate': -1.9802896815568418, 'log_learning_rate_D': -3.8990631615550777, 'log_learning_rate_D_dagger': -2.7274321003702853, 'training_batch_size': 9, 'training_p': 5}. Best is trial 220 with value: 0.11745021492242813.
Time for this trial:  197.35826468467712
Memory status after this trial: 
Memory allocated:  447.029296875
Memory cached:  462.0
--------------------  Trial  321   --------------------
Start timing: 
Parameters: 
{'W_layers': 5, 'W_layer_units_exponent_0': 7, 'W_layer_units_exponent_1': 7, 'W_layer_units_exponent_2': 6, 'W_layer_units_exponent_3': 4, 'W_layer_units_exponent_4': 5, 'D_layers': 5, 'D_layer_units_exponent_0': 10, 'D_layer_units_exponent_1': 9, 'D_layer_units_exponent_2': 10, 'D_layer_units_exponent_3': 8, 'D_layer_units_exponent_4': 5, 'D_dagger_layers': 4, 'D_dagger_layer_units_exponent_0': 10, 'D_dagger_layer_units_exponent_1': 5, 'D_dagger_layer_units_exponent_2': 5, 'D_dagger_layer_units_exponent_3': 7, 'log_learning_rate': -1.8202589912219878, 'log_learning_rate_D': -3.862213434442852, 'log_learning_rate_D_dagger': -2.755843669852608, 'training_batch_size': 11, 'training_p': 5}
	 epoch  0 training error:  tensor(1.0280, device='cuda:0', grad_fn=<DivBackward0>)
Memory status after this epoch: 
Memory allocated:  223.47119140625
Memory cached:  410.0
	 epoch  10 training error:  tensor(0.5384, device='cuda:0', grad_fn=<DivBackward0>)
Memory status after this epoch: 
Memory allocated:  223.47119140625
Memory cached:  438.0
	 epoch  20 training error:  tensor(0.4847, device='cuda:0', grad_fn=<DivBackward0>)
Memory status after this epoch: 
Memory allocated:  223.47119140625
Memory cached:  432.0
	 epoch  30 training error:  tensor(0.4909, device='cuda:0', grad_fn=<DivBackward0>)
Memory status after this epoch: 
Memory allocated:  223.47119140625
Memory cached:  436.0
	 epoch  40 training error:  tensor(0.4741, device='cuda:0', grad_fn=<DivBackward0>)
Memory status after this epoch: 
Memory allocated:  223.47119140625
Memory cached:  440.0
	 epoch  50 training error:  tensor(0.4728, device='cuda:0', grad_fn=<DivBackward0>)
Memory status after this epoch: 
Memory allocated:  223.47119140625
Memory cached:  446.0
	 epoch  60 training error:  tensor(0.4648, device='cuda:0', grad_fn=<DivBackward0>)
Memory status after this epoch: 
Memory allocated:  223.47119140625
Memory cached:  440.0
	 epoch  70 training error:  tensor(0.4557, device='cuda:0', grad_fn=<DivBackward0>)
Memory status after this epoch: 
Memory allocated:  223.47119140625
Memory cached:  444.0
	 epoch  80 training error:  tensor(0.3556, device='cuda:0', grad_fn=<DivBackward0>)
Memory status after this epoch: 
Memory allocated:  223.47119140625
Memory cached:  446.0
	 epoch  90 training error:  tensor(0.3122, device='cuda:0', grad_fn=<DivBackward0>)
Memory status after this epoch: 
Memory allocated:  223.47119140625
Memory cached:  434.0
