[I 2024-01-13 13:54:27,428] Trial 145 finished with value: 0.11864713579416275 and parameters: {'W_layers': 7, 'W_layer_units_exponent_0': 7, 'W_layer_units_exponent_1': 10, 'W_layer_units_exponent_2': 7, 'W_layer_units_exponent_3': 5, 'W_layer_units_exponent_4': 5, 'W_layer_units_exponent_5': 4, 'W_layer_units_exponent_6': 6, 'D_layers': 5, 'D_layer_units_exponent_0': 9, 'D_layer_units_exponent_1': 9, 'D_layer_units_exponent_2': 8, 'D_layer_units_exponent_3': 5, 'D_layer_units_exponent_4': 9, 'D_dagger_layers': 8, 'D_dagger_layer_units_exponent_0': 6, 'D_dagger_layer_units_exponent_1': 9, 'D_dagger_layer_units_exponent_2': 9, 'D_dagger_layer_units_exponent_3': 9, 'D_dagger_layer_units_exponent_4': 7, 'D_dagger_layer_units_exponent_5': 9, 'D_dagger_layer_units_exponent_6': 8, 'D_dagger_layer_units_exponent_7': 9, 'log_learning_rate': -2.0606247513951716, 'log_learning_rate_D': -4.230384757848214, 'log_learning_rate_D_dagger': -4.654294529480659, 'training_batch_size': 6, 'training_p': 5}. Best is trial 49 with value: 0.07665807753801346.
Time for this trial:  632.7228717803955
Memory status after this trial: 
Memory allocated:  1436.40625
Memory cached:  1482.0
--------------------  Trial  146   --------------------
Start timing: 
Parameters: 
{'W_layers': 8, 'W_layer_units_exponent_0': 4, 'W_layer_units_exponent_1': 10, 'W_layer_units_exponent_2': 7, 'W_layer_units_exponent_3': 7, 'W_layer_units_exponent_4': 9, 'W_layer_units_exponent_5': 7, 'W_layer_units_exponent_6': 5, 'W_layer_units_exponent_7': 7, 'D_layers': 5, 'D_layer_units_exponent_0': 8, 'D_layer_units_exponent_1': 10, 'D_layer_units_exponent_2': 10, 'D_layer_units_exponent_3': 7, 'D_layer_units_exponent_4': 10, 'D_dagger_layers': 8, 'D_dagger_layer_units_exponent_0': 6, 'D_dagger_layer_units_exponent_1': 10, 'D_dagger_layer_units_exponent_2': 9, 'D_dagger_layer_units_exponent_3': 7, 'D_dagger_layer_units_exponent_4': 8, 'D_dagger_layer_units_exponent_5': 9, 'D_dagger_layer_units_exponent_6': 9, 'D_dagger_layer_units_exponent_7': 8, 'log_learning_rate': -2.348837708215147, 'log_learning_rate_D': -4.720573866129569, 'log_learning_rate_D_dagger': -4.888701515310988, 'training_batch_size': 6, 'training_p': 5}
	 epoch  0 training error:  tensor(1.1028, device='cuda:0', grad_fn=<DivBackward0>)
Memory status after this epoch: 
Memory allocated:  821.0615234375
Memory cached:  1298.0
	 epoch  10 training error:  tensor(0.6457, device='cuda:0', grad_fn=<DivBackward0>)
Memory status after this epoch: 
Memory allocated:  821.0615234375
Memory cached:  1324.0
	 epoch  20 training error:  tensor(0.2924, device='cuda:0', grad_fn=<DivBackward0>)
Memory status after this epoch: 
Memory allocated:  821.0615234375
Memory cached:  1328.0
	 epoch  30 training error:  tensor(0.1746, device='cuda:0', grad_fn=<DivBackward0>)
Memory status after this epoch: 
Memory allocated:  821.0615234375
Memory cached:  1326.0
	 epoch  40 training error:  tensor(0.1606, device='cuda:0', grad_fn=<DivBackward0>)
Memory status after this epoch: 
Memory allocated:  821.0615234375
Memory cached:  1324.0
	 epoch  50 training error:  tensor(0.1526, device='cuda:0', grad_fn=<DivBackward0>)
Memory status after this epoch: 
Memory allocated:  821.0615234375
Memory cached:  1338.0
	 epoch  60 training error:  tensor(0.1472, device='cuda:0', grad_fn=<DivBackward0>)
Memory status after this epoch: 
Memory allocated:  821.0615234375
Memory cached:  1324.0
	 epoch  70 training error:  tensor(0.1387, device='cuda:0', grad_fn=<DivBackward0>)
Memory status after this epoch: 
Memory allocated:  821.0615234375
Memory cached:  1330.0
	 epoch  80 training error:  tensor(0.1356, device='cuda:0', grad_fn=<DivBackward0>)
Memory status after this epoch: 
Memory allocated:  821.0615234375
Memory cached:  1328.0
	 epoch  90 training error:  tensor(0.1277, device='cuda:0', grad_fn=<DivBackward0>)
Memory status after this epoch: 
Memory allocated:  821.0615234375
Memory cached:  1330.0
[I 2024-01-13 14:05:45,078] Trial 146 finished with value: 0.09449582546949387 and parameters: {'W_layers': 8, 'W_layer_units_exponent_0': 4, 'W_layer_units_exponent_1': 10, 'W_layer_units_exponent_2': 7, 'W_layer_units_exponent_3': 7, 'W_layer_units_exponent_4': 9, 'W_layer_units_exponent_5': 7, 'W_layer_units_exponent_6': 5, 'W_layer_units_exponent_7': 7, 'D_layers': 5, 'D_layer_units_exponent_0': 8, 'D_layer_units_exponent_1': 10, 'D_layer_units_exponent_2': 10, 'D_layer_units_exponent_3': 7, 'D_layer_units_exponent_4': 10, 'D_dagger_layers': 8, 'D_dagger_layer_units_exponent_0': 6, 'D_dagger_layer_units_exponent_1': 10, 'D_dagger_layer_units_exponent_2': 9, 'D_dagger_layer_units_exponent_3': 7, 'D_dagger_layer_units_exponent_4': 8, 'D_dagger_layer_units_exponent_5': 9, 'D_dagger_layer_units_exponent_6': 9, 'D_dagger_layer_units_exponent_7': 8, 'log_learning_rate': -2.348837708215147, 'log_learning_rate_D': -4.720573866129569, 'log_learning_rate_D_dagger': -4.888701515310988, 'training_batch_size': 6, 'training_p': 5}. Best is trial 49 with value: 0.07665807753801346.
Time for this trial:  677.0528235435486
Memory status after this trial: 
Memory allocated:  1714.3876953125
Memory cached:  1748.0
--------------------  Trial  147   --------------------
Start timing: 
Parameters: 
{'W_layers': 6, 'W_layer_units_exponent_0': 4, 'W_layer_units_exponent_1': 7, 'W_layer_units_exponent_2': 7, 'W_layer_units_exponent_3': 5, 'W_layer_units_exponent_4': 5, 'W_layer_units_exponent_5': 6, 'D_layers': 5, 'D_layer_units_exponent_0': 7, 'D_layer_units_exponent_1': 7, 'D_layer_units_exponent_2': 7, 'D_layer_units_exponent_3': 6, 'D_layer_units_exponent_4': 10, 'D_dagger_layers': 8, 'D_dagger_layer_units_exponent_0': 5, 'D_dagger_layer_units_exponent_1': 9, 'D_dagger_layer_units_exponent_2': 9, 'D_dagger_layer_units_exponent_3': 9, 'D_dagger_layer_units_exponent_4': 8, 'D_dagger_layer_units_exponent_5': 9, 'D_dagger_layer_units_exponent_6': 7, 'D_dagger_layer_units_exponent_7': 7, 'log_learning_rate': -2.2287754789101046, 'log_learning_rate_D': -4.803149280695202, 'log_learning_rate_D_dagger': -4.466584564905309, 'training_batch_size': 6, 'training_p': 4}
	 epoch  0 training error:  tensor(0.8777, device='cuda:0', grad_fn=<DivBackward0>)
Memory status after this epoch: 
Memory allocated:  789.3857421875
Memory cached:  1296.0
	 epoch  10 training error:  tensor(0.4166, device='cuda:0', grad_fn=<DivBackward0>)
Memory status after this epoch: 
Memory allocated:  789.3857421875
Memory cached:  1310.0
	 epoch  20 training error:  tensor(0.1827, device='cuda:0', grad_fn=<DivBackward0>)
Memory status after this epoch: 
Memory allocated:  789.3857421875
Memory cached:  1302.0
	 epoch  30 training error:  tensor(0.1662, device='cuda:0', grad_fn=<DivBackward0>)
Memory status after this epoch: 
Memory allocated:  789.3857421875
Memory cached:  1302.0
	 epoch  40 training error:  tensor(0.1527, device='cuda:0', grad_fn=<DivBackward0>)
Memory status after this epoch: 
Memory allocated:  789.3857421875
Memory cached:  1302.0
	 epoch  50 training error:  tensor(0.1409, device='cuda:0', grad_fn=<DivBackward0>)
Memory status after this epoch: 
Memory allocated:  789.3857421875
Memory cached:  1304.0
	 epoch  60 training error:  tensor(0.1180, device='cuda:0', grad_fn=<DivBackward0>)
Memory status after this epoch: 
Memory allocated:  789.3857421875
Memory cached:  1306.0
	 epoch  70 training error:  tensor(0.1081, device='cuda:0', grad_fn=<DivBackward0>)
Memory status after this epoch: 
Memory allocated:  789.3857421875
Memory cached:  1310.0
	 epoch  80 training error:  tensor(0.1072, device='cuda:0', grad_fn=<DivBackward0>)
Memory status after this epoch: 
Memory allocated:  789.3857421875
Memory cached:  1302.0
	 epoch  90 training error:  tensor(0.1067, device='cuda:0', grad_fn=<DivBackward0>)
Memory status after this epoch: 
Memory allocated:  789.3857421875
Memory cached:  1304.0
[I 2024-01-13 14:15:35,170] Trial 147 finished with value: 0.09134745597839355 and parameters: {'W_layers': 6, 'W_layer_units_exponent_0': 4, 'W_layer_units_exponent_1': 7, 'W_layer_units_exponent_2': 7, 'W_layer_units_exponent_3': 5, 'W_layer_units_exponent_4': 5, 'W_layer_units_exponent_5': 6, 'D_layers': 5, 'D_layer_units_exponent_0': 7, 'D_layer_units_exponent_1': 7, 'D_layer_units_exponent_2': 7, 'D_layer_units_exponent_3': 6, 'D_layer_units_exponent_4': 10, 'D_dagger_layers': 8, 'D_dagger_layer_units_exponent_0': 5, 'D_dagger_layer_units_exponent_1': 9, 'D_dagger_layer_units_exponent_2': 9, 'D_dagger_layer_units_exponent_3': 9, 'D_dagger_layer_units_exponent_4': 8, 'D_dagger_layer_units_exponent_5': 9, 'D_dagger_layer_units_exponent_6': 7, 'D_dagger_layer_units_exponent_7': 7, 'log_learning_rate': -2.2287754789101046, 'log_learning_rate_D': -4.803149280695202, 'log_learning_rate_D_dagger': -4.466584564905309, 'training_batch_size': 6, 'training_p': 4}. Best is trial 49 with value: 0.07665807753801346.
Time for this trial:  589.5450975894928
Memory status after this trial: 
Memory allocated:  1238.7548828125
Memory cached:  1304.0
--------------------  Trial  148   --------------------
Start timing: 
Parameters: 
{'W_layers': 5, 'W_layer_units_exponent_0': 4, 'W_layer_units_exponent_1': 10, 'W_layer_units_exponent_2': 6, 'W_layer_units_exponent_3': 5, 'W_layer_units_exponent_4': 5, 'D_layers': 6, 'D_layer_units_exponent_0': 9, 'D_layer_units_exponent_1': 10, 'D_layer_units_exponent_2': 8, 'D_layer_units_exponent_3': 7, 'D_layer_units_exponent_4': 9, 'D_layer_units_exponent_5': 10, 'D_dagger_layers': 8, 'D_dagger_layer_units_exponent_0': 7, 'D_dagger_layer_units_exponent_1': 8, 'D_dagger_layer_units_exponent_2': 9, 'D_dagger_layer_units_exponent_3': 8, 'D_dagger_layer_units_exponent_4': 7, 'D_dagger_layer_units_exponent_5': 9, 'D_dagger_layer_units_exponent_6': 9, 'D_dagger_layer_units_exponent_7': 4, 'log_learning_rate': -1.9978297209236275, 'log_learning_rate_D': -4.3332585050244825, 'log_learning_rate_D_dagger': -4.5374602807351465, 'training_batch_size': 8, 'training_p': 5}
	 epoch  0 training error:  tensor(1.0127, device='cuda:0', grad_fn=<DivBackward0>)
Memory status after this epoch: 
Memory allocated:  806.8359375
Memory cached:  1300.0
	 epoch  10 training error:  tensor(0.6661, device='cuda:0', grad_fn=<DivBackward0>)
Memory status after this epoch: 
Memory allocated:  806.8359375
Memory cached:  1314.0
	 epoch  20 training error:  tensor(0.6279, device='cuda:0', grad_fn=<DivBackward0>)
Memory status after this epoch: 
Memory allocated:  806.8359375
Memory cached:  1312.0
	 epoch  30 training error:  tensor(0.5513, device='cuda:0', grad_fn=<DivBackward0>)
Memory status after this epoch: 
Memory allocated:  806.8359375
Memory cached:  1316.0
	 epoch  40 training error:  tensor(0.3997, device='cuda:0', grad_fn=<DivBackward0>)
Memory status after this epoch: 
Memory allocated:  806.8359375
Memory cached:  1314.0
	 epoch  50 training error:  tensor(0.2007, device='cuda:0', grad_fn=<DivBackward0>)
Memory status after this epoch: 
Memory allocated:  806.8359375
Memory cached:  1314.0
	 epoch  60 training error:  tensor(0.2001, device='cuda:0', grad_fn=<DivBackward0>)
Memory status after this epoch: 
Memory allocated:  806.8359375
Memory cached:  1314.0
	 epoch  70 training error:  tensor(0.1744, device='cuda:0', grad_fn=<DivBackward0>)
Memory status after this epoch: 
Memory allocated:  806.8359375
Memory cached:  1310.0
	 epoch  80 training error:  tensor(0.1638, device='cuda:0', grad_fn=<DivBackward0>)
Memory status after this epoch: 
Memory allocated:  806.8359375
Memory cached:  1306.0
	 epoch  90 training error:  tensor(0.1543, device='cuda:0', grad_fn=<DivBackward0>)
Memory status after this epoch: 
Memory allocated:  806.8359375
Memory cached:  1312.0
[I 2024-01-13 14:20:35,747] Trial 148 finished with value: 0.1192137598991394 and parameters: {'W_layers': 5, 'W_layer_units_exponent_0': 4, 'W_layer_units_exponent_1': 10, 'W_layer_units_exponent_2': 6, 'W_layer_units_exponent_3': 5, 'W_layer_units_exponent_4': 5, 'D_layers': 6, 'D_layer_units_exponent_0': 9, 'D_layer_units_exponent_1': 10, 'D_layer_units_exponent_2': 8, 'D_layer_units_exponent_3': 7, 'D_layer_units_exponent_4': 9, 'D_layer_units_exponent_5': 10, 'D_dagger_layers': 8, 'D_dagger_layer_units_exponent_0': 7, 'D_dagger_layer_units_exponent_1': 8, 'D_dagger_layer_units_exponent_2': 9, 'D_dagger_layer_units_exponent_3': 8, 'D_dagger_layer_units_exponent_4': 7, 'D_dagger_layer_units_exponent_5': 9, 'D_dagger_layer_units_exponent_6': 9, 'D_dagger_layer_units_exponent_7': 4, 'log_learning_rate': -1.9978297209236275, 'log_learning_rate_D': -4.3332585050244825, 'log_learning_rate_D_dagger': -4.5374602807351465, 'training_batch_size': 8, 'training_p': 5}. Best is trial 49 with value: 0.07665807753801346.
Time for this trial:  300.0121428966522
Memory status after this trial: 
Memory allocated:  1512.4013671875
Memory cached:  1546.0
--------------------  Trial  149   --------------------
Start timing: 
Parameters: 
{'W_layers': 7, 'W_layer_units_exponent_0': 4, 'W_layer_units_exponent_1': 9, 'W_layer_units_exponent_2': 7, 'W_layer_units_exponent_3': 5, 'W_layer_units_exponent_4': 4, 'W_layer_units_exponent_5': 6, 'W_layer_units_exponent_6': 4, 'D_layers': 5, 'D_layer_units_exponent_0': 9, 'D_layer_units_exponent_1': 7, 'D_layer_units_exponent_2': 9, 'D_layer_units_exponent_3': 4, 'D_layer_units_exponent_4': 7, 'D_dagger_layers': 8, 'D_dagger_layer_units_exponent_0': 6, 'D_dagger_layer_units_exponent_1': 9, 'D_dagger_layer_units_exponent_2': 9, 'D_dagger_layer_units_exponent_3': 9, 'D_dagger_layer_units_exponent_4': 6, 'D_dagger_layer_units_exponent_5': 8, 'D_dagger_layer_units_exponent_6': 8, 'D_dagger_layer_units_exponent_7': 10, 'log_learning_rate': -2.460966696938086, 'log_learning_rate_D': -3.8244425392877486, 'log_learning_rate_D_dagger': -4.072629683806893, 'training_batch_size': 6, 'training_p': 5}
	 epoch  0 training error:  tensor(0.8600, device='cuda:0', grad_fn=<DivBackward0>)
Memory status after this epoch: 
Memory allocated:  791.5244140625
Memory cached:  1314.0
	 epoch  10 training error:  tensor(0.1833, device='cuda:0', grad_fn=<DivBackward0>)
Memory status after this epoch: 
Memory allocated:  791.5244140625
Memory cached:  1356.0
	 epoch  20 training error:  tensor(0.1469, device='cuda:0', grad_fn=<DivBackward0>)
Memory status after this epoch: 
Memory allocated:  791.5244140625
Memory cached:  1352.0
	 epoch  30 training error:  tensor(0.1227, device='cuda:0', grad_fn=<DivBackward0>)
Memory status after this epoch: 
Memory allocated:  791.5244140625
Memory cached:  1344.0
	 epoch  40 training error:  tensor(0.1213, device='cuda:0', grad_fn=<DivBackward0>)
Memory status after this epoch: 
Memory allocated:  791.5244140625
Memory cached:  1356.0
	 epoch  50 training error:  tensor(0.1164, device='cuda:0', grad_fn=<DivBackward0>)
Memory status after this epoch: 
Memory allocated:  791.5244140625
Memory cached:  1344.0
	 epoch  60 training error:  tensor(0.1161, device='cuda:0', grad_fn=<DivBackward0>)
Memory status after this epoch: 
Memory allocated:  791.5244140625
Memory cached:  1344.0
	 epoch  70 training error:  tensor(0.1195, device='cuda:0', grad_fn=<DivBackward0>)
Memory status after this epoch: 
Memory allocated:  791.5244140625
Memory cached:  1362.0
	 epoch  80 training error:  tensor(0.1141, device='cuda:0', grad_fn=<DivBackward0>)
Memory status after this epoch: 
Memory allocated:  791.5244140625
Memory cached:  1358.0
	 epoch  90 training error:  tensor(0.1113, device='cuda:0', grad_fn=<DivBackward0>)
Memory status after this epoch: 
Memory allocated:  791.5244140625
Memory cached:  1350.0
[I 2024-01-13 14:30:51,610] Trial 149 finished with value: 0.09609738737344742 and parameters: {'W_layers': 7, 'W_layer_units_exponent_0': 4, 'W_layer_units_exponent_1': 9, 'W_layer_units_exponent_2': 7, 'W_layer_units_exponent_3': 5, 'W_layer_units_exponent_4': 4, 'W_layer_units_exponent_5': 6, 'W_layer_units_exponent_6': 4, 'D_layers': 5, 'D_layer_units_exponent_0': 9, 'D_layer_units_exponent_1': 7, 'D_layer_units_exponent_2': 9, 'D_layer_units_exponent_3': 4, 'D_layer_units_exponent_4': 7, 'D_dagger_layers': 8, 'D_dagger_layer_units_exponent_0': 6, 'D_dagger_layer_units_exponent_1': 9, 'D_dagger_layer_units_exponent_2': 9, 'D_dagger_layer_units_exponent_3': 9, 'D_dagger_layer_units_exponent_4': 6, 'D_dagger_layer_units_exponent_5': 8, 'D_dagger_layer_units_exponent_6': 8, 'D_dagger_layer_units_exponent_7': 10, 'log_learning_rate': -2.460966696938086, 'log_learning_rate_D': -3.8244425392877486, 'log_learning_rate_D_dagger': -4.072629683806893, 'training_batch_size': 6, 'training_p': 5}. Best is trial 49 with value: 0.07665807753801346.
Time for this trial:  615.0141966342926
Memory status after this trial: 
Memory allocated:  1327.76611328125
Memory cached:  1370.0
--------------------  Trial  150   --------------------
Start timing: 
Parameters: 
{'W_layers': 8, 'W_layer_units_exponent_0': 4, 'W_layer_units_exponent_1': 10, 'W_layer_units_exponent_2': 7, 'W_layer_units_exponent_3': 6, 'W_layer_units_exponent_4': 5, 'W_layer_units_exponent_5': 5, 'W_layer_units_exponent_6': 5, 'W_layer_units_exponent_7': 6, 'D_layers': 8, 'D_layer_units_exponent_0': 10, 'D_layer_units_exponent_1': 9, 'D_layer_units_exponent_2': 9, 'D_layer_units_exponent_3': 8, 'D_layer_units_exponent_4': 9, 'D_layer_units_exponent_5': 7, 'D_layer_units_exponent_6': 8, 'D_layer_units_exponent_7': 5, 'D_dagger_layers': 6, 'D_dagger_layer_units_exponent_0': 6, 'D_dagger_layer_units_exponent_1': 10, 'D_dagger_layer_units_exponent_2': 9, 'D_dagger_layer_units_exponent_3': 9, 'D_dagger_layer_units_exponent_4': 8, 'D_dagger_layer_units_exponent_5': 9, 'log_learning_rate': -2.141320594968681, 'log_learning_rate_D': -4.095723872962961, 'log_learning_rate_D_dagger': -4.796199974523141, 'training_batch_size': 12, 'training_p': 4}
	 epoch  0 training error:  tensor(1.0082, device='cuda:0', grad_fn=<DivBackward0>)
Memory status after this epoch: 
Memory allocated:  811.017578125
Memory cached:  1304.0
	 epoch  10 training error:  tensor(0.7026, device='cuda:0', grad_fn=<DivBackward0>)
Memory status after this epoch: 
Memory allocated:  811.017578125
Memory cached:  1328.0
	 epoch  20 training error:  tensor(0.5701, device='cuda:0', grad_fn=<DivBackward0>)
Memory status after this epoch: 
Memory allocated:  811.017578125
Memory cached:  1332.0
	 epoch  30 training error:  tensor(0.4726, device='cuda:0', grad_fn=<DivBackward0>)
Memory status after this epoch: 
Memory allocated:  811.017578125
Memory cached:  1324.0
	 epoch  40 training error:  tensor(0.3445, device='cuda:0', grad_fn=<DivBackward0>)
Memory status after this epoch: 
Memory allocated:  811.017578125
Memory cached:  1326.0
	 epoch  50 training error:  tensor(0.1989, device='cuda:0', grad_fn=<DivBackward0>)
Memory status after this epoch: 
Memory allocated:  811.017578125
Memory cached:  1328.0
	 epoch  60 training error:  tensor(0.1895, device='cuda:0', grad_fn=<DivBackward0>)
Memory status after this epoch: 
Memory allocated:  811.017578125
Memory cached:  1326.0
	 epoch  70 training error:  tensor(0.1732, device='cuda:0', grad_fn=<DivBackward0>)
Memory status after this epoch: 
Memory allocated:  811.017578125
Memory cached:  1328.0
	 epoch  80 training error:  tensor(0.1678, device='cuda:0', grad_fn=<DivBackward0>)
Memory status after this epoch: 
Memory allocated:  811.017578125
Memory cached:  1328.0
	 epoch  90 training error:  tensor(0.1636, device='cuda:0', grad_fn=<DivBackward0>)
Memory status after this epoch: 
Memory allocated:  811.017578125
Memory cached:  1328.0
