[I 2023-12-05 02:30:07,701] Trial 87 finished with value: 0.5046098232269287 and parameters: {'W_layers': 7, 'W_layer_units_exponent_0': 6, 'W_layer_units_exponent_1': 5, 'W_layer_units_exponent_2': 5, 'W_layer_units_exponent_3': 10, 'W_layer_units_exponent_4': 7, 'W_layer_units_exponent_5': 8, 'W_layer_units_exponent_6': 9, 'D_layers': 5, 'D_layer_units_exponent_0': 10, 'D_layer_units_exponent_1': 9, 'D_layer_units_exponent_2': 10, 'D_layer_units_exponent_3': 7, 'D_layer_units_exponent_4': 5, 'log_learning_rate': -2.7353346159263765, 'log_learning_rate_D': -1.2927245360209718, 'training_batch_size': 7, 'training_p': 2}. Best is trial 87 with value: 0.5046098232269287.
res:  tensor(0.5046, device='cuda:0', grad_fn=<DivBackward0>)
self.bestValue:  tensor(0.5074, device='cuda:0', grad_fn=<DivBackward0>)
Save this model!
Time for this trial:  15.396363258361816
Memory status after this trial: 
Memory allocated:  49.978515625
Memory cached:  82.0
--------------------  Trial  88   --------------------
Start timing: 
Parameters: 
{'W_layers': 7, 'W_layer_units_exponent_0': 6, 'W_layer_units_exponent_1': 4, 'W_layer_units_exponent_2': 5, 'W_layer_units_exponent_3': 10, 'W_layer_units_exponent_4': 7, 'W_layer_units_exponent_5': 7, 'W_layer_units_exponent_6': 9, 'D_layers': 3, 'D_layer_units_exponent_0': 9, 'D_layer_units_exponent_1': 9, 'D_layer_units_exponent_2': 9, 'log_learning_rate': -2.764180211008945, 'log_learning_rate_D': -1.2230016908546224, 'training_batch_size': 8, 'training_p': 2}
	 epoch  0 training error:  tensor(0.9783, device='cuda:0', grad_fn=<DivBackward0>)
Memory status after this epoch: 
Memory allocated:  55.83740234375
Memory cached:  82.0
	 epoch  10 training error:  tensor(0.8107, device='cuda:0', grad_fn=<DivBackward0>)
Memory status after this epoch: 
Memory allocated:  55.83740234375
Memory cached:  82.0
	 epoch  20 training error:  tensor(0.7462, device='cuda:0', grad_fn=<DivBackward0>)
Memory status after this epoch: 
Memory allocated:  55.83740234375
Memory cached:  82.0
	 epoch  30 training error:  tensor(0.7275, device='cuda:0', grad_fn=<DivBackward0>)
Memory status after this epoch: 
Memory allocated:  55.83740234375
Memory cached:  82.0
	 epoch  40 training error:  tensor(0.7189, device='cuda:0', grad_fn=<DivBackward0>)
Memory status after this epoch: 
Memory allocated:  55.83740234375
Memory cached:  82.0
	 epoch  50 training error:  tensor(0.6973, device='cuda:0', grad_fn=<DivBackward0>)
Memory status after this epoch: 
Memory allocated:  55.83740234375
Memory cached:  82.0
	 epoch  60 training error:  tensor(0.5960, device='cuda:0', grad_fn=<DivBackward0>)
Memory status after this epoch: 
Memory allocated:  55.83740234375
Memory cached:  82.0
	 epoch  70 training error:  tensor(0.5860, device='cuda:0', grad_fn=<DivBackward0>)
Memory status after this epoch: 
Memory allocated:  55.83740234375
Memory cached:  82.0
	 epoch  80 training error:  tensor(0.5984, device='cuda:0', grad_fn=<DivBackward0>)
Memory status after this epoch: 
Memory allocated:  55.83740234375
Memory cached:  82.0
	 epoch  90 training error:  tensor(0.5720, device='cuda:0', grad_fn=<DivBackward0>)
Memory status after this epoch: 
Memory allocated:  55.83740234375
Memory cached:  82.0
[I 2023-12-05 02:30:23,301] Trial 88 finished with value: 0.5225450396537781 and parameters: {'W_layers': 7, 'W_layer_units_exponent_0': 6, 'W_layer_units_exponent_1': 4, 'W_layer_units_exponent_2': 5, 'W_layer_units_exponent_3': 10, 'W_layer_units_exponent_4': 7, 'W_layer_units_exponent_5': 7, 'W_layer_units_exponent_6': 9, 'D_layers': 3, 'D_layer_units_exponent_0': 9, 'D_layer_units_exponent_1': 9, 'D_layer_units_exponent_2': 9, 'log_learning_rate': -2.764180211008945, 'log_learning_rate_D': -1.2230016908546224, 'training_batch_size': 8, 'training_p': 2}. Best is trial 87 with value: 0.5046098232269287.
Time for this trial:  15.420129537582397
Memory status after this trial: 
Memory allocated:  96.35107421875
Memory cached:  124.0
--------------------  Trial  89   --------------------
Start timing: 
Parameters: 
{'W_layers': 7, 'W_layer_units_exponent_0': 6, 'W_layer_units_exponent_1': 8, 'W_layer_units_exponent_2': 4, 'W_layer_units_exponent_3': 9, 'W_layer_units_exponent_4': 7, 'W_layer_units_exponent_5': 6, 'W_layer_units_exponent_6': 10, 'D_layers': 7, 'D_layer_units_exponent_0': 6, 'D_layer_units_exponent_1': 10, 'D_layer_units_exponent_2': 5, 'D_layer_units_exponent_3': 7, 'D_layer_units_exponent_4': 6, 'D_layer_units_exponent_5': 7, 'D_layer_units_exponent_6': 5, 'log_learning_rate': -3.0020887027845267, 'log_learning_rate_D': -1.2841175669177132, 'training_batch_size': 10, 'training_p': 3}
	 epoch  0 training error:  tensor(0.9973, device='cuda:0', grad_fn=<DivBackward0>)
Memory status after this epoch: 
Memory allocated:  53.1025390625
Memory cached:  82.0
	 epoch  10 training error:  tensor(0.8151, device='cuda:0', grad_fn=<DivBackward0>)
Memory status after this epoch: 
Memory allocated:  53.1025390625
Memory cached:  82.0
	 epoch  20 training error:  tensor(0.7845, device='cuda:0', grad_fn=<DivBackward0>)
Memory status after this epoch: 
Memory allocated:  53.1025390625
Memory cached:  82.0
	 epoch  30 training error:  tensor(0.7692, device='cuda:0', grad_fn=<DivBackward0>)
Memory status after this epoch: 
Memory allocated:  53.1025390625
Memory cached:  82.0
	 epoch  40 training error:  tensor(0.7284, device='cuda:0', grad_fn=<DivBackward0>)
Memory status after this epoch: 
Memory allocated:  53.1025390625
Memory cached:  82.0
	 epoch  50 training error:  tensor(0.6765, device='cuda:0', grad_fn=<DivBackward0>)
Memory status after this epoch: 
Memory allocated:  53.1025390625
Memory cached:  82.0
	 epoch  60 training error:  tensor(0.6376, device='cuda:0', grad_fn=<DivBackward0>)
Memory status after this epoch: 
Memory allocated:  53.1025390625
Memory cached:  82.0
	 epoch  70 training error:  tensor(0.6281, device='cuda:0', grad_fn=<DivBackward0>)
Memory status after this epoch: 
Memory allocated:  53.1025390625
Memory cached:  82.0
	 epoch  80 training error:  tensor(0.6257, device='cuda:0', grad_fn=<DivBackward0>)
Memory status after this epoch: 
Memory allocated:  53.1025390625
Memory cached:  82.0
	 epoch  90 training error:  tensor(0.6254, device='cuda:0', grad_fn=<DivBackward0>)
Memory status after this epoch: 
Memory allocated:  53.1025390625
Memory cached:  82.0
[I 2023-12-05 02:30:38,513] Trial 89 finished with value: 0.5410823225975037 and parameters: {'W_layers': 7, 'W_layer_units_exponent_0': 6, 'W_layer_units_exponent_1': 8, 'W_layer_units_exponent_2': 4, 'W_layer_units_exponent_3': 9, 'W_layer_units_exponent_4': 7, 'W_layer_units_exponent_5': 6, 'W_layer_units_exponent_6': 10, 'D_layers': 7, 'D_layer_units_exponent_0': 6, 'D_layer_units_exponent_1': 10, 'D_layer_units_exponent_2': 5, 'D_layer_units_exponent_3': 7, 'D_layer_units_exponent_4': 6, 'D_layer_units_exponent_5': 7, 'D_layer_units_exponent_6': 5, 'log_learning_rate': -3.0020887027845267, 'log_learning_rate_D': -1.2841175669177132, 'training_batch_size': 10, 'training_p': 3}. Best is trial 87 with value: 0.5046098232269287.
Time for this trial:  14.992197513580322
Memory status after this trial: 
Memory allocated:  99.45947265625
Memory cached:  122.0
--------------------  Trial  90   --------------------
Start timing: 
Parameters: 
{'W_layers': 7, 'W_layer_units_exponent_0': 6, 'W_layer_units_exponent_1': 6, 'W_layer_units_exponent_2': 5, 'W_layer_units_exponent_3': 6, 'W_layer_units_exponent_4': 8, 'W_layer_units_exponent_5': 8, 'W_layer_units_exponent_6': 9, 'D_layers': 5, 'D_layer_units_exponent_0': 7, 'D_layer_units_exponent_1': 8, 'D_layer_units_exponent_2': 4, 'D_layer_units_exponent_3': 8, 'D_layer_units_exponent_4': 6, 'log_learning_rate': -2.88139798946873, 'log_learning_rate_D': -1.4273889662036652, 'training_batch_size': 9, 'training_p': 2}
	 epoch  0 training error:  tensor(0.9934, device='cuda:0', grad_fn=<DivBackward0>)
Memory status after this epoch: 
Memory allocated:  53.642578125
Memory cached:  82.0
	 epoch  10 training error:  tensor(0.7365, device='cuda:0', grad_fn=<DivBackward0>)
Memory status after this epoch: 
Memory allocated:  53.642578125
Memory cached:  82.0
	 epoch  20 training error:  tensor(0.7347, device='cuda:0', grad_fn=<DivBackward0>)
Memory status after this epoch: 
Memory allocated:  53.642578125
Memory cached:  82.0
	 epoch  30 training error:  tensor(0.7259, device='cuda:0', grad_fn=<DivBackward0>)
Memory status after this epoch: 
Memory allocated:  53.642578125
Memory cached:  82.0
	 epoch  40 training error:  tensor(0.7220, device='cuda:0', grad_fn=<DivBackward0>)
Memory status after this epoch: 
Memory allocated:  53.642578125
Memory cached:  82.0
	 epoch  50 training error:  tensor(0.7165, device='cuda:0', grad_fn=<DivBackward0>)
Memory status after this epoch: 
Memory allocated:  53.642578125
Memory cached:  82.0
	 epoch  60 training error:  tensor(0.7055, device='cuda:0', grad_fn=<DivBackward0>)
Memory status after this epoch: 
Memory allocated:  53.642578125
Memory cached:  82.0
	 epoch  70 training error:  tensor(0.7118, device='cuda:0', grad_fn=<DivBackward0>)
Memory status after this epoch: 
Memory allocated:  53.642578125
Memory cached:  82.0
	 epoch  80 training error:  tensor(0.6853, device='cuda:0', grad_fn=<DivBackward0>)
Memory status after this epoch: 
Memory allocated:  53.642578125
Memory cached:  82.0
	 epoch  90 training error:  tensor(0.6139, device='cuda:0', grad_fn=<DivBackward0>)
Memory status after this epoch: 
Memory allocated:  53.642578125
Memory cached:  82.0
[I 2023-12-05 02:30:53,320] Trial 90 finished with value: 0.5769079327583313 and parameters: {'W_layers': 7, 'W_layer_units_exponent_0': 6, 'W_layer_units_exponent_1': 6, 'W_layer_units_exponent_2': 5, 'W_layer_units_exponent_3': 6, 'W_layer_units_exponent_4': 8, 'W_layer_units_exponent_5': 8, 'W_layer_units_exponent_6': 9, 'D_layers': 5, 'D_layer_units_exponent_0': 7, 'D_layer_units_exponent_1': 8, 'D_layer_units_exponent_2': 4, 'D_layer_units_exponent_3': 8, 'D_layer_units_exponent_4': 6, 'log_learning_rate': -2.88139798946873, 'log_learning_rate_D': -1.4273889662036652, 'training_batch_size': 9, 'training_p': 2}. Best is trial 87 with value: 0.5046098232269287.
Time for this trial:  14.599826097488403
Memory status after this trial: 
Memory allocated:  80.80419921875
Memory cached:  102.0
--------------------  Trial  91   --------------------
Start timing: 
Parameters: 
{'W_layers': 6, 'W_layer_units_exponent_0': 7, 'W_layer_units_exponent_1': 5, 'W_layer_units_exponent_2': 5, 'W_layer_units_exponent_3': 10, 'W_layer_units_exponent_4': 6, 'W_layer_units_exponent_5': 8, 'D_layers': 5, 'D_layer_units_exponent_0': 10, 'D_layer_units_exponent_1': 9, 'D_layer_units_exponent_2': 10, 'D_layer_units_exponent_3': 7, 'D_layer_units_exponent_4': 5, 'log_learning_rate': -2.3909650623056677, 'log_learning_rate_D': -1.1209783221313367, 'training_batch_size': 7, 'training_p': 2}
	 epoch  0 training error:  tensor(1.0194, device='cuda:0', grad_fn=<DivBackward0>)
Memory status after this epoch: 
Memory allocated:  56.83056640625
Memory cached:  82.0
	 epoch  10 training error:  tensor(0.7331, device='cuda:0', grad_fn=<DivBackward0>)
Memory status after this epoch: 
Memory allocated:  56.83056640625
Memory cached:  82.0
	 epoch  20 training error:  tensor(0.7157, device='cuda:0', grad_fn=<DivBackward0>)
Memory status after this epoch: 
Memory allocated:  56.83056640625
Memory cached:  82.0
	 epoch  30 training error:  tensor(0.6837, device='cuda:0', grad_fn=<DivBackward0>)
Memory status after this epoch: 
Memory allocated:  56.83056640625
Memory cached:  82.0
	 epoch  40 training error:  tensor(0.6224, device='cuda:0', grad_fn=<DivBackward0>)
Memory status after this epoch: 
Memory allocated:  56.83056640625
Memory cached:  82.0
	 epoch  50 training error:  tensor(0.5722, device='cuda:0', grad_fn=<DivBackward0>)
Memory status after this epoch: 
Memory allocated:  56.83056640625
Memory cached:  82.0
	 epoch  60 training error:  tensor(0.5702, device='cuda:0', grad_fn=<DivBackward0>)
Memory status after this epoch: 
Memory allocated:  56.83056640625
Memory cached:  82.0
	 epoch  70 training error:  tensor(0.5690, device='cuda:0', grad_fn=<DivBackward0>)
Memory status after this epoch: 
Memory allocated:  56.83056640625
Memory cached:  82.0
	 epoch  80 training error:  tensor(0.5682, device='cuda:0', grad_fn=<DivBackward0>)
Memory status after this epoch: 
Memory allocated:  56.83056640625
Memory cached:  82.0
	 epoch  90 training error:  tensor(0.5682, device='cuda:0', grad_fn=<DivBackward0>)
Memory status after this epoch: 
Memory allocated:  56.83056640625
Memory cached:  82.0
[I 2023-12-05 02:31:08,231] Trial 91 finished with value: 0.5108636021614075 and parameters: {'W_layers': 6, 'W_layer_units_exponent_0': 7, 'W_layer_units_exponent_1': 5, 'W_layer_units_exponent_2': 5, 'W_layer_units_exponent_3': 10, 'W_layer_units_exponent_4': 6, 'W_layer_units_exponent_5': 8, 'D_layers': 5, 'D_layer_units_exponent_0': 10, 'D_layer_units_exponent_1': 9, 'D_layer_units_exponent_2': 10, 'D_layer_units_exponent_3': 7, 'D_layer_units_exponent_4': 5, 'log_learning_rate': -2.3909650623056677, 'log_learning_rate_D': -1.1209783221313367, 'training_batch_size': 7, 'training_p': 2}. Best is trial 87 with value: 0.5046098232269287.
Time for this trial:  14.723150730133057
Memory status after this trial: 
Memory allocated:  86.95166015625
Memory cached:  102.0
--------------------  Trial  92   --------------------
Start timing: 
Parameters: 
{'W_layers': 7, 'W_layer_units_exponent_0': 8, 'W_layer_units_exponent_1': 5, 'W_layer_units_exponent_2': 5, 'W_layer_units_exponent_3': 10, 'W_layer_units_exponent_4': 6, 'W_layer_units_exponent_5': 8, 'W_layer_units_exponent_6': 10, 'D_layers': 5, 'D_layer_units_exponent_0': 10, 'D_layer_units_exponent_1': 9, 'D_layer_units_exponent_2': 10, 'D_layer_units_exponent_3': 7, 'D_layer_units_exponent_4': 4, 'log_learning_rate': -2.626831452745676, 'log_learning_rate_D': -2.767532355318876, 'training_batch_size': 7, 'training_p': 2}
	 epoch  0 training error:  tensor(1.0040, device='cuda:0', grad_fn=<DivBackward0>)
Memory status after this epoch: 
Memory allocated:  60.91845703125
Memory cached:  84.0
	 epoch  10 training error:  tensor(0.7850, device='cuda:0', grad_fn=<DivBackward0>)
Memory status after this epoch: 
Memory allocated:  60.91845703125
Memory cached:  84.0
	 epoch  20 training error:  tensor(0.7109, device='cuda:0', grad_fn=<DivBackward0>)
Memory status after this epoch: 
Memory allocated:  60.91845703125
Memory cached:  84.0
	 epoch  30 training error:  tensor(0.6493, device='cuda:0', grad_fn=<DivBackward0>)
Memory status after this epoch: 
Memory allocated:  60.91845703125
Memory cached:  84.0
	 epoch  40 training error:  tensor(0.5815, device='cuda:0', grad_fn=<DivBackward0>)
Memory status after this epoch: 
Memory allocated:  60.91845703125
Memory cached:  84.0
	 epoch  50 training error:  tensor(0.5759, device='cuda:0', grad_fn=<DivBackward0>)
Memory status after this epoch: 
Memory allocated:  60.91845703125
Memory cached:  84.0
	 epoch  60 training error:  tensor(0.5708, device='cuda:0', grad_fn=<DivBackward0>)
Memory status after this epoch: 
Memory allocated:  60.91845703125
Memory cached:  84.0
	 epoch  70 training error:  tensor(0.5690, device='cuda:0', grad_fn=<DivBackward0>)
Memory status after this epoch: 
Memory allocated:  60.91845703125
Memory cached:  84.0
	 epoch  80 training error:  tensor(0.5683, device='cuda:0', grad_fn=<DivBackward0>)
Memory status after this epoch: 
Memory allocated:  60.91845703125
Memory cached:  84.0
	 epoch  90 training error:  tensor(0.5682, device='cuda:0', grad_fn=<DivBackward0>)
Memory status after this epoch: 
Memory allocated:  60.91845703125
Memory cached:  84.0
[I 2023-12-05 02:31:23,646] Trial 92 finished with value: 0.5096511840820312 and parameters: {'W_layers': 7, 'W_layer_units_exponent_0': 8, 'W_layer_units_exponent_1': 5, 'W_layer_units_exponent_2': 5, 'W_layer_units_exponent_3': 10, 'W_layer_units_exponent_4': 6, 'W_layer_units_exponent_5': 8, 'W_layer_units_exponent_6': 10, 'D_layers': 5, 'D_layer_units_exponent_0': 10, 'D_layer_units_exponent_1': 9, 'D_layer_units_exponent_2': 10, 'D_layer_units_exponent_3': 7, 'D_layer_units_exponent_4': 4, 'log_learning_rate': -2.626831452745676, 'log_learning_rate_D': -2.767532355318876, 'training_batch_size': 7, 'training_p': 2}. Best is trial 87 with value: 0.5046098232269287.
Time for this trial:  15.20028805732727
Memory status after this trial: 
Memory allocated:  115.36669921875
Memory cached:  144.0
--------------------  Trial  93   --------------------
Start timing: 
Parameters: 
{'W_layers': 8, 'W_layer_units_exponent_0': 8, 'W_layer_units_exponent_1': 5, 'W_layer_units_exponent_2': 5, 'W_layer_units_exponent_3': 10, 'W_layer_units_exponent_4': 5, 'W_layer_units_exponent_5': 8, 'W_layer_units_exponent_6': 10, 'W_layer_units_exponent_7': 6, 'D_layers': 5, 'D_layer_units_exponent_0': 10, 'D_layer_units_exponent_1': 9, 'D_layer_units_exponent_2': 10, 'D_layer_units_exponent_3': 7, 'D_layer_units_exponent_4': 4, 'log_learning_rate': -2.7407108683795403, 'log_learning_rate_D': -2.9158697285525337, 'training_batch_size': 7, 'training_p': 2}
	 epoch  0 training error:  tensor(0.9819, device='cuda:0', grad_fn=<DivBackward0>)
Memory status after this epoch: 
Memory allocated:  61.28173828125
Memory cached:  86.0
	 epoch  10 training error:  tensor(0.8383, device='cuda:0', grad_fn=<DivBackward0>)
Memory status after this epoch: 
Memory allocated:  61.28173828125
Memory cached:  84.0
	 epoch  20 training error:  tensor(0.7217, device='cuda:0', grad_fn=<DivBackward0>)
Memory status after this epoch: 
Memory allocated:  61.28173828125
Memory cached:  84.0
	 epoch  30 training error:  tensor(0.6937, device='cuda:0', grad_fn=<DivBackward0>)
Memory status after this epoch: 
Memory allocated:  61.28173828125
Memory cached:  86.0
	 epoch  40 training error:  tensor(0.6888, device='cuda:0', grad_fn=<DivBackward0>)
Memory status after this epoch: 
Memory allocated:  61.28173828125
Memory cached:  84.0
	 epoch  50 training error:  tensor(0.5906, device='cuda:0', grad_fn=<DivBackward0>)
Memory status after this epoch: 
Memory allocated:  61.28173828125
Memory cached:  84.0
	 epoch  60 training error:  tensor(0.5826, device='cuda:0', grad_fn=<DivBackward0>)
Memory status after this epoch: 
Memory allocated:  61.28173828125
Memory cached:  86.0
	 epoch  70 training error:  tensor(0.5720, device='cuda:0', grad_fn=<DivBackward0>)
Memory status after this epoch: 
Memory allocated:  61.28173828125
Memory cached:  84.0
	 epoch  80 training error:  tensor(0.5692, device='cuda:0', grad_fn=<DivBackward0>)
Memory status after this epoch: 
Memory allocated:  61.28173828125
Memory cached:  84.0
	 epoch  90 training error:  tensor(0.5686, device='cuda:0', grad_fn=<DivBackward0>)
Memory status after this epoch: 
Memory allocated:  61.28173828125
Memory cached:  86.0
