[I 2024-01-14 00:40:05,913] Trial 150 finished with value: 0.08848624676465988 and parameters: {'W_layers': 3, 'W_layer_units_exponent_0': 4, 'W_layer_units_exponent_1': 4, 'W_layer_units_exponent_2': 8, 'D_layers': 2, 'D_layer_units_exponent_0': 9, 'D_layer_units_exponent_1': 10, 'D_dagger_layers': 4, 'D_dagger_layer_units_exponent_0': 10, 'D_dagger_layer_units_exponent_1': 7, 'D_dagger_layer_units_exponent_2': 6, 'D_dagger_layer_units_exponent_3': 4, 'log_learning_rate': -1.6527739928208065, 'log_learning_rate_D': -3.8236279231559798, 'log_learning_rate_D_dagger': -3.492864045695893, 'training_batch_size': 11, 'training_p': 2}. Best is trial 33 with value: 0.08818560093641281.
Time for this trial:  20.218289613723755
Memory status after this trial: 
Memory allocated:  421.84521484375
Memory cached:  478.0
--------------------  Trial  151   --------------------
Start timing: 
Parameters: 
{'W_layers': 3, 'W_layer_units_exponent_0': 4, 'W_layer_units_exponent_1': 4, 'W_layer_units_exponent_2': 8, 'D_layers': 2, 'D_layer_units_exponent_0': 9, 'D_layer_units_exponent_1': 10, 'D_dagger_layers': 4, 'D_dagger_layer_units_exponent_0': 10, 'D_dagger_layer_units_exponent_1': 7, 'D_dagger_layer_units_exponent_2': 6, 'D_dagger_layer_units_exponent_3': 4, 'log_learning_rate': -1.8362292466616434, 'log_learning_rate_D': -3.90340649420579, 'log_learning_rate_D_dagger': -3.3165109068014984, 'training_batch_size': 11, 'training_p': 2}
	 epoch  0 training error:  tensor(1.2009, device='cuda:0', grad_fn=<DivBackward0>)
Memory status after this epoch: 
Memory allocated:  262.26416015625
Memory cached:  382.0
	 epoch  10 training error:  tensor(0.2765, device='cuda:0', grad_fn=<DivBackward0>)
Memory status after this epoch: 
Memory allocated:  262.26416015625
Memory cached:  382.0
	 epoch  20 training error:  tensor(0.1316, device='cuda:0', grad_fn=<DivBackward0>)
Memory status after this epoch: 
Memory allocated:  262.26416015625
Memory cached:  382.0
	 epoch  30 training error:  tensor(0.1090, device='cuda:0', grad_fn=<DivBackward0>)
Memory status after this epoch: 
Memory allocated:  262.26416015625
Memory cached:  382.0
	 epoch  40 training error:  tensor(0.0866, device='cuda:0', grad_fn=<DivBackward0>)
Memory status after this epoch: 
Memory allocated:  262.26416015625
Memory cached:  382.0
	 epoch  50 training error:  tensor(0.0857, device='cuda:0', grad_fn=<DivBackward0>)
Memory status after this epoch: 
Memory allocated:  262.26416015625
Memory cached:  382.0
	 epoch  60 training error:  tensor(0.0837, device='cuda:0', grad_fn=<DivBackward0>)
Memory status after this epoch: 
Memory allocated:  262.26416015625
Memory cached:  382.0
	 epoch  70 training error:  tensor(0.0833, device='cuda:0', grad_fn=<DivBackward0>)
Memory status after this epoch: 
Memory allocated:  262.26416015625
Memory cached:  382.0
	 epoch  80 training error:  tensor(0.0833, device='cuda:0', grad_fn=<DivBackward0>)
Memory status after this epoch: 
Memory allocated:  262.26416015625
Memory cached:  382.0
	 epoch  90 training error:  tensor(0.0836, device='cuda:0', grad_fn=<DivBackward0>)
Memory status after this epoch: 
Memory allocated:  262.26416015625
Memory cached:  382.0
[I 2024-01-14 00:40:26,422] Trial 151 finished with value: 0.08900058269500732 and parameters: {'W_layers': 3, 'W_layer_units_exponent_0': 4, 'W_layer_units_exponent_1': 4, 'W_layer_units_exponent_2': 8, 'D_layers': 2, 'D_layer_units_exponent_0': 9, 'D_layer_units_exponent_1': 10, 'D_dagger_layers': 4, 'D_dagger_layer_units_exponent_0': 10, 'D_dagger_layer_units_exponent_1': 7, 'D_dagger_layer_units_exponent_2': 6, 'D_dagger_layer_units_exponent_3': 4, 'log_learning_rate': -1.8362292466616434, 'log_learning_rate_D': -3.90340649420579, 'log_learning_rate_D_dagger': -3.3165109068014984, 'training_batch_size': 11, 'training_p': 2}. Best is trial 33 with value: 0.08818560093641281.
Time for this trial:  20.199326992034912
Memory status after this trial: 
Memory allocated:  421.84521484375
Memory cached:  478.0
--------------------  Trial  152   --------------------
Start timing: 
Parameters: 
{'W_layers': 3, 'W_layer_units_exponent_0': 6, 'W_layer_units_exponent_1': 4, 'W_layer_units_exponent_2': 8, 'D_layers': 2, 'D_layer_units_exponent_0': 9, 'D_layer_units_exponent_1': 10, 'D_dagger_layers': 4, 'D_dagger_layer_units_exponent_0': 10, 'D_dagger_layer_units_exponent_1': 7, 'D_dagger_layer_units_exponent_2': 6, 'D_dagger_layer_units_exponent_3': 4, 'log_learning_rate': -1.7427439631203976, 'log_learning_rate_D': -3.7120422461488682, 'log_learning_rate_D_dagger': -3.2413493366973176, 'training_batch_size': 11, 'training_p': 2}
	 epoch  0 training error:  tensor(1.2266, device='cuda:0', grad_fn=<DivBackward0>)
Memory status after this epoch: 
Memory allocated:  262.27587890625
Memory cached:  382.0
	 epoch  10 training error:  tensor(0.4409, device='cuda:0', grad_fn=<DivBackward0>)
Memory status after this epoch: 
Memory allocated:  262.27587890625
Memory cached:  382.0
	 epoch  20 training error:  tensor(0.2701, device='cuda:0', grad_fn=<DivBackward0>)
Memory status after this epoch: 
Memory allocated:  262.27587890625
Memory cached:  382.0
	 epoch  30 training error:  tensor(0.1870, device='cuda:0', grad_fn=<DivBackward0>)
Memory status after this epoch: 
Memory allocated:  262.27587890625
Memory cached:  382.0
	 epoch  40 training error:  tensor(0.1165, device='cuda:0', grad_fn=<DivBackward0>)
Memory status after this epoch: 
Memory allocated:  262.27587890625
Memory cached:  382.0
	 epoch  50 training error:  tensor(0.0995, device='cuda:0', grad_fn=<DivBackward0>)
Memory status after this epoch: 
Memory allocated:  262.27587890625
Memory cached:  382.0
	 epoch  60 training error:  tensor(0.0894, device='cuda:0', grad_fn=<DivBackward0>)
Memory status after this epoch: 
Memory allocated:  262.27587890625
Memory cached:  382.0
	 epoch  70 training error:  tensor(0.0839, device='cuda:0', grad_fn=<DivBackward0>)
Memory status after this epoch: 
Memory allocated:  262.27587890625
Memory cached:  382.0
	 epoch  80 training error:  tensor(0.0836, device='cuda:0', grad_fn=<DivBackward0>)
Memory status after this epoch: 
Memory allocated:  262.27587890625
Memory cached:  382.0
	 epoch  90 training error:  tensor(0.0831, device='cuda:0', grad_fn=<DivBackward0>)
Memory status after this epoch: 
Memory allocated:  262.27587890625
Memory cached:  382.0
[I 2024-01-14 00:40:46,502] Trial 152 finished with value: 0.08836245536804199 and parameters: {'W_layers': 3, 'W_layer_units_exponent_0': 6, 'W_layer_units_exponent_1': 4, 'W_layer_units_exponent_2': 8, 'D_layers': 2, 'D_layer_units_exponent_0': 9, 'D_layer_units_exponent_1': 10, 'D_dagger_layers': 4, 'D_dagger_layer_units_exponent_0': 10, 'D_dagger_layer_units_exponent_1': 7, 'D_dagger_layer_units_exponent_2': 6, 'D_dagger_layer_units_exponent_3': 4, 'log_learning_rate': -1.7427439631203976, 'log_learning_rate_D': -3.7120422461488682, 'log_learning_rate_D_dagger': -3.2413493366973176, 'training_batch_size': 11, 'training_p': 2}. Best is trial 33 with value: 0.08818560093641281.
Time for this trial:  19.773473262786865
Memory status after this trial: 
Memory allocated:  426.97802734375
Memory cached:  478.0
--------------------  Trial  153   --------------------
Start timing: 
Parameters: 
{'W_layers': 3, 'W_layer_units_exponent_0': 6, 'W_layer_units_exponent_1': 4, 'W_layer_units_exponent_2': 8, 'D_layers': 4, 'D_layer_units_exponent_0': 9, 'D_layer_units_exponent_1': 10, 'D_layer_units_exponent_2': 9, 'D_layer_units_exponent_3': 9, 'D_dagger_layers': 4, 'D_dagger_layer_units_exponent_0': 10, 'D_dagger_layer_units_exponent_1': 7, 'D_dagger_layer_units_exponent_2': 6, 'D_dagger_layer_units_exponent_3': 4, 'log_learning_rate': -1.948039041887095, 'log_learning_rate_D': -3.681896417544146, 'log_learning_rate_D_dagger': -3.206740910315373, 'training_batch_size': 11, 'training_p': 2}
	 epoch  0 training error:  tensor(0.7818, device='cuda:0', grad_fn=<DivBackward0>)
Memory status after this epoch: 
Memory allocated:  265.27783203125
Memory cached:  382.0
	 epoch  10 training error:  tensor(0.4673, device='cuda:0', grad_fn=<DivBackward0>)
Memory status after this epoch: 
Memory allocated:  265.27783203125
Memory cached:  382.0
	 epoch  20 training error:  tensor(0.2319, device='cuda:0', grad_fn=<DivBackward0>)
Memory status after this epoch: 
Memory allocated:  265.27783203125
Memory cached:  382.0
	 epoch  30 training error:  tensor(0.1053, device='cuda:0', grad_fn=<DivBackward0>)
Memory status after this epoch: 
Memory allocated:  265.27783203125
Memory cached:  382.0
	 epoch  40 training error:  tensor(0.1029, device='cuda:0', grad_fn=<DivBackward0>)
Memory status after this epoch: 
Memory allocated:  265.27783203125
Memory cached:  382.0
	 epoch  50 training error:  tensor(0.0917, device='cuda:0', grad_fn=<DivBackward0>)
Memory status after this epoch: 
Memory allocated:  265.27783203125
Memory cached:  382.0
	 epoch  60 training error:  tensor(0.0862, device='cuda:0', grad_fn=<DivBackward0>)
Memory status after this epoch: 
Memory allocated:  265.27783203125
Memory cached:  382.0
	 epoch  70 training error:  tensor(0.0844, device='cuda:0', grad_fn=<DivBackward0>)
Memory status after this epoch: 
Memory allocated:  265.27783203125
Memory cached:  382.0
	 epoch  80 training error:  tensor(0.0835, device='cuda:0', grad_fn=<DivBackward0>)
Memory status after this epoch: 
Memory allocated:  265.27783203125
Memory cached:  382.0
	 epoch  90 training error:  tensor(0.0833, device='cuda:0', grad_fn=<DivBackward0>)
Memory status after this epoch: 
Memory allocated:  265.27783203125
Memory cached:  382.0
[I 2024-01-14 00:41:06,717] Trial 153 finished with value: 0.08858907967805862 and parameters: {'W_layers': 3, 'W_layer_units_exponent_0': 6, 'W_layer_units_exponent_1': 4, 'W_layer_units_exponent_2': 8, 'D_layers': 4, 'D_layer_units_exponent_0': 9, 'D_layer_units_exponent_1': 10, 'D_layer_units_exponent_2': 9, 'D_layer_units_exponent_3': 9, 'D_dagger_layers': 4, 'D_dagger_layer_units_exponent_0': 10, 'D_dagger_layer_units_exponent_1': 7, 'D_dagger_layer_units_exponent_2': 6, 'D_dagger_layer_units_exponent_3': 4, 'log_learning_rate': -1.948039041887095, 'log_learning_rate_D': -3.681896417544146, 'log_learning_rate_D_dagger': -3.206740910315373, 'training_batch_size': 11, 'training_p': 2}. Best is trial 33 with value: 0.08818560093641281.
Time for this trial:  19.882330179214478
Memory status after this trial: 
Memory allocated:  427.39990234375
Memory cached:  480.0
--------------------  Trial  154   --------------------
Start timing: 
Parameters: 
{'W_layers': 3, 'W_layer_units_exponent_0': 6, 'W_layer_units_exponent_1': 4, 'W_layer_units_exponent_2': 8, 'D_layers': 2, 'D_layer_units_exponent_0': 9, 'D_layer_units_exponent_1': 10, 'D_dagger_layers': 4, 'D_dagger_layer_units_exponent_0': 10, 'D_dagger_layer_units_exponent_1': 7, 'D_dagger_layer_units_exponent_2': 6, 'D_dagger_layer_units_exponent_3': 4, 'log_learning_rate': -1.752128700101861, 'log_learning_rate_D': -3.7579763194306133, 'log_learning_rate_D_dagger': -3.250989082190926, 'training_batch_size': 11, 'training_p': 2}
	 epoch  0 training error:  tensor(0.9187, device='cuda:0', grad_fn=<DivBackward0>)
Memory status after this epoch: 
Memory allocated:  262.27587890625
Memory cached:  382.0
	 epoch  10 training error:  tensor(0.3832, device='cuda:0', grad_fn=<DivBackward0>)
Memory status after this epoch: 
Memory allocated:  262.27587890625
Memory cached:  382.0
	 epoch  20 training error:  tensor(0.2848, device='cuda:0', grad_fn=<DivBackward0>)
Memory status after this epoch: 
Memory allocated:  262.27587890625
Memory cached:  382.0
	 epoch  30 training error:  tensor(0.1140, device='cuda:0', grad_fn=<DivBackward0>)
Memory status after this epoch: 
Memory allocated:  262.27587890625
Memory cached:  382.0
	 epoch  40 training error:  tensor(0.0939, device='cuda:0', grad_fn=<DivBackward0>)
Memory status after this epoch: 
Memory allocated:  262.27587890625
Memory cached:  382.0
	 epoch  50 training error:  tensor(0.0909, device='cuda:0', grad_fn=<DivBackward0>)
Memory status after this epoch: 
Memory allocated:  262.27587890625
Memory cached:  382.0
	 epoch  60 training error:  tensor(0.0848, device='cuda:0', grad_fn=<DivBackward0>)
Memory status after this epoch: 
Memory allocated:  262.27587890625
Memory cached:  382.0
	 epoch  70 training error:  tensor(0.0843, device='cuda:0', grad_fn=<DivBackward0>)
Memory status after this epoch: 
Memory allocated:  262.27587890625
Memory cached:  382.0
	 epoch  80 training error:  tensor(0.0834, device='cuda:0', grad_fn=<DivBackward0>)
Memory status after this epoch: 
Memory allocated:  262.27587890625
Memory cached:  382.0
	 epoch  90 training error:  tensor(0.0830, device='cuda:0', grad_fn=<DivBackward0>)
Memory status after this epoch: 
Memory allocated:  262.27587890625
Memory cached:  382.0
[I 2024-01-14 00:41:26,993] Trial 154 finished with value: 0.08833440393209457 and parameters: {'W_layers': 3, 'W_layer_units_exponent_0': 6, 'W_layer_units_exponent_1': 4, 'W_layer_units_exponent_2': 8, 'D_layers': 2, 'D_layer_units_exponent_0': 9, 'D_layer_units_exponent_1': 10, 'D_dagger_layers': 4, 'D_dagger_layer_units_exponent_0': 10, 'D_dagger_layer_units_exponent_1': 7, 'D_dagger_layer_units_exponent_2': 6, 'D_dagger_layer_units_exponent_3': 4, 'log_learning_rate': -1.752128700101861, 'log_learning_rate_D': -3.7579763194306133, 'log_learning_rate_D_dagger': -3.250989082190926, 'training_batch_size': 11, 'training_p': 2}. Best is trial 33 with value: 0.08818560093641281.
Time for this trial:  19.950745820999146
Memory status after this trial: 
Memory allocated:  426.97802734375
Memory cached:  478.0
--------------------  Trial  155   --------------------
Start timing: 
Parameters: 
{'W_layers': 3, 'W_layer_units_exponent_0': 6, 'W_layer_units_exponent_1': 4, 'W_layer_units_exponent_2': 8, 'D_layers': 2, 'D_layer_units_exponent_0': 9, 'D_layer_units_exponent_1': 10, 'D_dagger_layers': 4, 'D_dagger_layer_units_exponent_0': 10, 'D_dagger_layer_units_exponent_1': 7, 'D_dagger_layer_units_exponent_2': 6, 'D_dagger_layer_units_exponent_3': 4, 'log_learning_rate': -1.741477727919495, 'log_learning_rate_D': -3.7289761224535765, 'log_learning_rate_D_dagger': -3.338817408095045, 'training_batch_size': 11, 'training_p': 2}
	 epoch  0 training error:  tensor(0.8715, device='cuda:0', grad_fn=<DivBackward0>)
Memory status after this epoch: 
Memory allocated:  262.27587890625
Memory cached:  382.0
	 epoch  10 training error:  tensor(0.2607, device='cuda:0', grad_fn=<DivBackward0>)
Memory status after this epoch: 
Memory allocated:  262.27587890625
Memory cached:  382.0
	 epoch  20 training error:  tensor(0.1878, device='cuda:0', grad_fn=<DivBackward0>)
Memory status after this epoch: 
Memory allocated:  262.27587890625
Memory cached:  382.0
	 epoch  30 training error:  tensor(0.1203, device='cuda:0', grad_fn=<DivBackward0>)
Memory status after this epoch: 
Memory allocated:  262.27587890625
Memory cached:  382.0
	 epoch  40 training error:  tensor(0.0995, device='cuda:0', grad_fn=<DivBackward0>)
Memory status after this epoch: 
Memory allocated:  262.27587890625
Memory cached:  382.0
	 epoch  50 training error:  tensor(0.0919, device='cuda:0', grad_fn=<DivBackward0>)
Memory status after this epoch: 
Memory allocated:  262.27587890625
Memory cached:  382.0
	 epoch  60 training error:  tensor(0.0849, device='cuda:0', grad_fn=<DivBackward0>)
Memory status after this epoch: 
Memory allocated:  262.27587890625
Memory cached:  382.0
	 epoch  70 training error:  tensor(0.0839, device='cuda:0', grad_fn=<DivBackward0>)
Memory status after this epoch: 
Memory allocated:  262.27587890625
Memory cached:  382.0
	 epoch  80 training error:  tensor(0.0832, device='cuda:0', grad_fn=<DivBackward0>)
Memory status after this epoch: 
Memory allocated:  262.27587890625
Memory cached:  382.0
	 epoch  90 training error:  tensor(0.0831, device='cuda:0', grad_fn=<DivBackward0>)
Memory status after this epoch: 
Memory allocated:  262.27587890625
Memory cached:  382.0
[I 2024-01-14 00:41:47,199] Trial 155 finished with value: 0.08841856569051743 and parameters: {'W_layers': 3, 'W_layer_units_exponent_0': 6, 'W_layer_units_exponent_1': 4, 'W_layer_units_exponent_2': 8, 'D_layers': 2, 'D_layer_units_exponent_0': 9, 'D_layer_units_exponent_1': 10, 'D_dagger_layers': 4, 'D_dagger_layer_units_exponent_0': 10, 'D_dagger_layer_units_exponent_1': 7, 'D_dagger_layer_units_exponent_2': 6, 'D_dagger_layer_units_exponent_3': 4, 'log_learning_rate': -1.741477727919495, 'log_learning_rate_D': -3.7289761224535765, 'log_learning_rate_D_dagger': -3.338817408095045, 'training_batch_size': 11, 'training_p': 2}. Best is trial 33 with value: 0.08818560093641281.
Time for this trial:  19.887039184570312
Memory status after this trial: 
Memory allocated:  426.97802734375
Memory cached:  478.0
--------------------  Trial  156   --------------------
Start timing: 
Parameters: 
{'W_layers': 3, 'W_layer_units_exponent_0': 7, 'W_layer_units_exponent_1': 4, 'W_layer_units_exponent_2': 8, 'D_layers': 2, 'D_layer_units_exponent_0': 9, 'D_layer_units_exponent_1': 10, 'D_dagger_layers': 4, 'D_dagger_layer_units_exponent_0': 10, 'D_dagger_layer_units_exponent_1': 7, 'D_dagger_layer_units_exponent_2': 6, 'D_dagger_layer_units_exponent_3': 4, 'log_learning_rate': -1.8274885724831378, 'log_learning_rate_D': -3.790551694066983, 'log_learning_rate_D_dagger': -3.256306770551242, 'training_batch_size': 11, 'training_p': 2}
	 epoch  0 training error:  tensor(1.0701, device='cuda:0', grad_fn=<DivBackward0>)
Memory status after this epoch: 
Memory allocated:  262.29150390625
Memory cached:  382.0
	 epoch  10 training error:  tensor(0.3090, device='cuda:0', grad_fn=<DivBackward0>)
Memory status after this epoch: 
Memory allocated:  262.29150390625
Memory cached:  382.0
	 epoch  20 training error:  tensor(0.2255, device='cuda:0', grad_fn=<DivBackward0>)
Memory status after this epoch: 
Memory allocated:  262.29150390625
Memory cached:  382.0
	 epoch  30 training error:  tensor(0.1239, device='cuda:0', grad_fn=<DivBackward0>)
Memory status after this epoch: 
Memory allocated:  262.29150390625
Memory cached:  382.0
	 epoch  40 training error:  tensor(0.1025, device='cuda:0', grad_fn=<DivBackward0>)
Memory status after this epoch: 
Memory allocated:  262.29150390625
Memory cached:  382.0
	 epoch  50 training error:  tensor(0.0866, device='cuda:0', grad_fn=<DivBackward0>)
Memory status after this epoch: 
Memory allocated:  262.29150390625
Memory cached:  382.0
	 epoch  60 training error:  tensor(0.0856, device='cuda:0', grad_fn=<DivBackward0>)
Memory status after this epoch: 
Memory allocated:  262.29150390625
Memory cached:  382.0
	 epoch  70 training error:  tensor(0.0836, device='cuda:0', grad_fn=<DivBackward0>)
Memory status after this epoch: 
Memory allocated:  262.29150390625
Memory cached:  382.0
	 epoch  80 training error:  tensor(0.0831, device='cuda:0', grad_fn=<DivBackward0>)
Memory status after this epoch: 
Memory allocated:  262.29150390625
Memory cached:  382.0
	 epoch  90 training error:  tensor(0.0832, device='cuda:0', grad_fn=<DivBackward0>)
Memory status after this epoch: 
Memory allocated:  262.29150390625
Memory cached:  382.0
