[I 2024-01-10 22:27:40,468] Trial 77 finished with value: 0.1776840090751648 and parameters: {'W_layers': 5, 'W_layer_units_exponent_0': 9, 'W_layer_units_exponent_1': 5, 'W_layer_units_exponent_2': 6, 'W_layer_units_exponent_3': 10, 'W_layer_units_exponent_4': 9, 'D_layers': 4, 'D_layer_units_exponent_0': 9, 'D_layer_units_exponent_1': 5, 'D_layer_units_exponent_2': 7, 'D_layer_units_exponent_3': 4, 'D_dagger_layers': 2, 'D_dagger_layer_units_exponent_0': 10, 'D_dagger_layer_units_exponent_1': 6, 'log_learning_rate': -4.152325156586132, 'log_learning_rate_D': -2.837140351155831, 'log_learning_rate_D_dagger': -2.9350338325796104, 'training_batch_size': 7, 'training_p': 3}. Best is trial 52 with value: 0.08483626693487167.
Time for this trial:  317.70933532714844
Memory status after this trial: 
Memory allocated:  764.763671875
Memory cached:  784.0
--------------------  Trial  78   --------------------
Start timing: 
Parameters: 
{'W_layers': 5, 'W_layer_units_exponent_0': 9, 'W_layer_units_exponent_1': 5, 'W_layer_units_exponent_2': 6, 'W_layer_units_exponent_3': 8, 'W_layer_units_exponent_4': 7, 'D_layers': 4, 'D_layer_units_exponent_0': 9, 'D_layer_units_exponent_1': 6, 'D_layer_units_exponent_2': 8, 'D_layer_units_exponent_3': 4, 'D_dagger_layers': 3, 'D_dagger_layer_units_exponent_0': 10, 'D_dagger_layer_units_exponent_1': 5, 'D_dagger_layer_units_exponent_2': 5, 'log_learning_rate': -4.013066459932186, 'log_learning_rate_D': -2.558127326076934, 'log_learning_rate_D_dagger': -2.740307021426901, 'training_batch_size': 7, 'training_p': 3}
	 epoch  0 training error:  tensor(0.9131, device='cuda:0', grad_fn=<DivBackward0>)
Memory status after this epoch: 
Memory allocated:  352.576171875
Memory cached:  636.0
	 epoch  10 training error:  tensor(0.2736, device='cuda:0', grad_fn=<DivBackward0>)
Memory status after this epoch: 
Memory allocated:  352.576171875
Memory cached:  640.0
	 epoch  20 training error:  tensor(0.2578, device='cuda:0', grad_fn=<DivBackward0>)
Memory status after this epoch: 
Memory allocated:  352.576171875
Memory cached:  640.0
	 epoch  30 training error:  tensor(0.2529, device='cuda:0', grad_fn=<DivBackward0>)
Memory status after this epoch: 
Memory allocated:  352.576171875
Memory cached:  638.0
	 epoch  40 training error:  tensor(0.2403, device='cuda:0', grad_fn=<DivBackward0>)
Memory status after this epoch: 
Memory allocated:  352.576171875
Memory cached:  644.0
	 epoch  50 training error:  tensor(0.2457, device='cuda:0', grad_fn=<DivBackward0>)
Memory status after this epoch: 
Memory allocated:  352.576171875
Memory cached:  644.0
	 epoch  60 training error:  tensor(0.2514, device='cuda:0', grad_fn=<DivBackward0>)
Memory status after this epoch: 
Memory allocated:  352.576171875
Memory cached:  642.0
	 epoch  70 training error:  tensor(0.2455, device='cuda:0', grad_fn=<DivBackward0>)
Memory status after this epoch: 
Memory allocated:  352.576171875
Memory cached:  640.0
	 epoch  80 training error:  tensor(0.2450, device='cuda:0', grad_fn=<DivBackward0>)
Memory status after this epoch: 
Memory allocated:  352.576171875
Memory cached:  644.0
	 epoch  90 training error:  tensor(0.2362, device='cuda:0', grad_fn=<DivBackward0>)
Memory status after this epoch: 
Memory allocated:  352.576171875
Memory cached:  642.0
[I 2024-01-10 22:33:03,977] Trial 78 finished with value: 0.20434260368347168 and parameters: {'W_layers': 5, 'W_layer_units_exponent_0': 9, 'W_layer_units_exponent_1': 5, 'W_layer_units_exponent_2': 6, 'W_layer_units_exponent_3': 8, 'W_layer_units_exponent_4': 7, 'D_layers': 4, 'D_layer_units_exponent_0': 9, 'D_layer_units_exponent_1': 6, 'D_layer_units_exponent_2': 8, 'D_layer_units_exponent_3': 4, 'D_dagger_layers': 3, 'D_dagger_layer_units_exponent_0': 10, 'D_dagger_layer_units_exponent_1': 5, 'D_dagger_layer_units_exponent_2': 5, 'log_learning_rate': -4.013066459932186, 'log_learning_rate_D': -2.558127326076934, 'log_learning_rate_D_dagger': -2.740307021426901, 'training_batch_size': 7, 'training_p': 3}. Best is trial 52 with value: 0.08483626693487167.
Time for this trial:  323.11712980270386
Memory status after this trial: 
Memory allocated:  660.8408203125
Memory cached:  664.0
--------------------  Trial  79   --------------------
Start timing: 
Parameters: 
{'W_layers': 5, 'W_layer_units_exponent_0': 9, 'W_layer_units_exponent_1': 5, 'W_layer_units_exponent_2': 5, 'W_layer_units_exponent_3': 6, 'W_layer_units_exponent_4': 9, 'D_layers': 2, 'D_layer_units_exponent_0': 10, 'D_layer_units_exponent_1': 6, 'D_dagger_layers': 2, 'D_dagger_layer_units_exponent_0': 9, 'D_dagger_layer_units_exponent_1': 4, 'log_learning_rate': -4.059373921557684, 'log_learning_rate_D': -2.395847385303221, 'log_learning_rate_D_dagger': -2.56943257902855, 'training_batch_size': 6, 'training_p': 3}
	 epoch  0 training error:  tensor(0.7232, device='cuda:0', grad_fn=<DivBackward0>)
Memory status after this epoch: 
Memory allocated:  352.1826171875
Memory cached:  636.0
	 epoch  10 training error:  tensor(0.2762, device='cuda:0', grad_fn=<DivBackward0>)
Memory status after this epoch: 
Memory allocated:  352.1826171875
Memory cached:  638.0
	 epoch  20 training error:  tensor(0.2508, device='cuda:0', grad_fn=<DivBackward0>)
Memory status after this epoch: 
Memory allocated:  352.1826171875
Memory cached:  638.0
	 epoch  30 training error:  tensor(0.2434, device='cuda:0', grad_fn=<DivBackward0>)
Memory status after this epoch: 
Memory allocated:  352.1826171875
Memory cached:  636.0
	 epoch  40 training error:  tensor(0.2543, device='cuda:0', grad_fn=<DivBackward0>)
Memory status after this epoch: 
Memory allocated:  352.1826171875
Memory cached:  636.0
	 epoch  50 training error:  tensor(0.2404, device='cuda:0', grad_fn=<DivBackward0>)
Memory status after this epoch: 
Memory allocated:  352.1826171875
Memory cached:  636.0
	 epoch  60 training error:  tensor(0.2463, device='cuda:0', grad_fn=<DivBackward0>)
Memory status after this epoch: 
Memory allocated:  352.1826171875
Memory cached:  636.0
	 epoch  70 training error:  tensor(0.2483, device='cuda:0', grad_fn=<DivBackward0>)
Memory status after this epoch: 
Memory allocated:  352.1826171875
Memory cached:  636.0
	 epoch  80 training error:  tensor(0.2430, device='cuda:0', grad_fn=<DivBackward0>)
Memory status after this epoch: 
Memory allocated:  352.1826171875
Memory cached:  638.0
	 epoch  90 training error:  tensor(0.2480, device='cuda:0', grad_fn=<DivBackward0>)
Memory status after this epoch: 
Memory allocated:  352.1826171875
Memory cached:  636.0
[I 2024-01-10 22:39:19,098] Trial 79 finished with value: 0.21565818786621094 and parameters: {'W_layers': 5, 'W_layer_units_exponent_0': 9, 'W_layer_units_exponent_1': 5, 'W_layer_units_exponent_2': 5, 'W_layer_units_exponent_3': 6, 'W_layer_units_exponent_4': 9, 'D_layers': 2, 'D_layer_units_exponent_0': 10, 'D_layer_units_exponent_1': 6, 'D_dagger_layers': 2, 'D_dagger_layer_units_exponent_0': 9, 'D_dagger_layer_units_exponent_1': 4, 'log_learning_rate': -4.059373921557684, 'log_learning_rate_D': -2.395847385303221, 'log_learning_rate_D_dagger': -2.56943257902855, 'training_batch_size': 6, 'training_p': 3}. Best is trial 52 with value: 0.08483626693487167.
Time for this trial:  374.74580240249634
Memory status after this trial: 
Memory allocated:  636.982421875
Memory cached:  640.0
--------------------  Trial  80   --------------------
Start timing: 
Parameters: 
{'W_layers': 5, 'W_layer_units_exponent_0': 10, 'W_layer_units_exponent_1': 5, 'W_layer_units_exponent_2': 6, 'W_layer_units_exponent_3': 5, 'W_layer_units_exponent_4': 8, 'D_layers': 2, 'D_layer_units_exponent_0': 10, 'D_layer_units_exponent_1': 5, 'D_dagger_layers': 3, 'D_dagger_layer_units_exponent_0': 10, 'D_dagger_layer_units_exponent_1': 6, 'D_dagger_layer_units_exponent_2': 4, 'log_learning_rate': -4.216039778416901, 'log_learning_rate_D': -3.0786873379209587, 'log_learning_rate_D_dagger': -2.6573585586355652, 'training_batch_size': 7, 'training_p': 2}
	 epoch  0 training error:  tensor(0.9501, device='cuda:0', grad_fn=<DivBackward0>)
Memory status after this epoch: 
Memory allocated:  352.447265625
Memory cached:  638.0
	 epoch  10 training error:  tensor(0.2758, device='cuda:0', grad_fn=<DivBackward0>)
Memory status after this epoch: 
Memory allocated:  352.447265625
Memory cached:  640.0
	 epoch  20 training error:  tensor(0.2011, device='cuda:0', grad_fn=<DivBackward0>)
Memory status after this epoch: 
Memory allocated:  352.447265625
Memory cached:  638.0
	 epoch  30 training error:  tensor(0.1940, device='cuda:0', grad_fn=<DivBackward0>)
Memory status after this epoch: 
Memory allocated:  352.447265625
Memory cached:  638.0
	 epoch  40 training error:  tensor(0.1938, device='cuda:0', grad_fn=<DivBackward0>)
Memory status after this epoch: 
Memory allocated:  352.447265625
Memory cached:  638.0
	 epoch  50 training error:  tensor(0.1905, device='cuda:0', grad_fn=<DivBackward0>)
Memory status after this epoch: 
Memory allocated:  352.447265625
Memory cached:  638.0
	 epoch  60 training error:  tensor(0.1904, device='cuda:0', grad_fn=<DivBackward0>)
Memory status after this epoch: 
Memory allocated:  352.447265625
Memory cached:  638.0
	 epoch  70 training error:  tensor(0.1750, device='cuda:0', grad_fn=<DivBackward0>)
Memory status after this epoch: 
Memory allocated:  352.447265625
Memory cached:  642.0
	 epoch  80 training error:  tensor(0.1827, device='cuda:0', grad_fn=<DivBackward0>)
Memory status after this epoch: 
Memory allocated:  352.447265625
Memory cached:  638.0
	 epoch  90 training error:  tensor(0.1747, device='cuda:0', grad_fn=<DivBackward0>)
Memory status after this epoch: 
Memory allocated:  352.447265625
Memory cached:  638.0
[I 2024-01-10 22:44:20,393] Trial 80 finished with value: 0.2944612503051758 and parameters: {'W_layers': 5, 'W_layer_units_exponent_0': 10, 'W_layer_units_exponent_1': 5, 'W_layer_units_exponent_2': 6, 'W_layer_units_exponent_3': 5, 'W_layer_units_exponent_4': 8, 'D_layers': 2, 'D_layer_units_exponent_0': 10, 'D_layer_units_exponent_1': 5, 'D_dagger_layers': 3, 'D_dagger_layer_units_exponent_0': 10, 'D_dagger_layer_units_exponent_1': 6, 'D_dagger_layer_units_exponent_2': 4, 'log_learning_rate': -4.216039778416901, 'log_learning_rate_D': -3.0786873379209587, 'log_learning_rate_D_dagger': -2.6573585586355652, 'training_batch_size': 7, 'training_p': 2}. Best is trial 52 with value: 0.08483626693487167.
Time for this trial:  300.8852524757385
Memory status after this trial: 
Memory allocated:  726.962890625
Memory cached:  730.0
--------------------  Trial  81   --------------------
Start timing: 
Parameters: 
{'W_layers': 4, 'W_layer_units_exponent_0': 10, 'W_layer_units_exponent_1': 4, 'W_layer_units_exponent_2': 5, 'W_layer_units_exponent_3': 5, 'D_layers': 3, 'D_layer_units_exponent_0': 10, 'D_layer_units_exponent_1': 5, 'D_layer_units_exponent_2': 7, 'D_dagger_layers': 3, 'D_dagger_layer_units_exponent_0': 10, 'D_dagger_layer_units_exponent_1': 5, 'D_dagger_layer_units_exponent_2': 5, 'log_learning_rate': -3.816529179534207, 'log_learning_rate_D': -2.724458014806689, 'log_learning_rate_D_dagger': -2.4081317016903445, 'training_batch_size': 6, 'training_p': 2}
	 epoch  0 training error:  tensor(0.7910, device='cuda:0', grad_fn=<DivBackward0>)
Memory status after this epoch: 
Memory allocated:  351.6416015625
Memory cached:  638.0
	 epoch  10 training error:  tensor(0.2255, device='cuda:0', grad_fn=<DivBackward0>)
Memory status after this epoch: 
Memory allocated:  351.6416015625
Memory cached:  638.0
	 epoch  20 training error:  tensor(0.2065, device='cuda:0', grad_fn=<DivBackward0>)
Memory status after this epoch: 
Memory allocated:  351.6416015625
Memory cached:  638.0
	 epoch  30 training error:  tensor(0.2034, device='cuda:0', grad_fn=<DivBackward0>)
Memory status after this epoch: 
Memory allocated:  351.6416015625
Memory cached:  638.0
	 epoch  40 training error:  tensor(0.1858, device='cuda:0', grad_fn=<DivBackward0>)
Memory status after this epoch: 
Memory allocated:  351.6416015625
Memory cached:  638.0
	 epoch  50 training error:  tensor(0.1850, device='cuda:0', grad_fn=<DivBackward0>)
Memory status after this epoch: 
Memory allocated:  351.6416015625
Memory cached:  638.0
	 epoch  60 training error:  tensor(0.1876, device='cuda:0', grad_fn=<DivBackward0>)
Memory status after this epoch: 
Memory allocated:  351.6416015625
Memory cached:  638.0
	 epoch  70 training error:  tensor(0.2097, device='cuda:0', grad_fn=<DivBackward0>)
Memory status after this epoch: 
Memory allocated:  351.6416015625
Memory cached:  638.0
	 epoch  80 training error:  tensor(0.1849, device='cuda:0', grad_fn=<DivBackward0>)
Memory status after this epoch: 
Memory allocated:  351.6416015625
Memory cached:  638.0
	 epoch  90 training error:  tensor(0.1315, device='cuda:0', grad_fn=<DivBackward0>)
Memory status after this epoch: 
Memory allocated:  351.6416015625
Memory cached:  638.0
[I 2024-01-10 22:51:02,345] Trial 81 finished with value: 0.14176872372627258 and parameters: {'W_layers': 4, 'W_layer_units_exponent_0': 10, 'W_layer_units_exponent_1': 4, 'W_layer_units_exponent_2': 5, 'W_layer_units_exponent_3': 5, 'D_layers': 3, 'D_layer_units_exponent_0': 10, 'D_layer_units_exponent_1': 5, 'D_layer_units_exponent_2': 7, 'D_dagger_layers': 3, 'D_dagger_layer_units_exponent_0': 10, 'D_dagger_layer_units_exponent_1': 5, 'D_dagger_layer_units_exponent_2': 5, 'log_learning_rate': -3.816529179534207, 'log_learning_rate_D': -2.724458014806689, 'log_learning_rate_D_dagger': -2.4081317016903445, 'training_batch_size': 6, 'training_p': 2}. Best is trial 52 with value: 0.08483626693487167.
Time for this trial:  401.54675102233887
Memory status after this trial: 
Memory allocated:  707.6640625
Memory cached:  710.0
--------------------  Trial  82   --------------------
Start timing: 
Parameters: 
{'W_layers': 4, 'W_layer_units_exponent_0': 10, 'W_layer_units_exponent_1': 4, 'W_layer_units_exponent_2': 5, 'W_layer_units_exponent_3': 5, 'D_layers': 3, 'D_layer_units_exponent_0': 10, 'D_layer_units_exponent_1': 5, 'D_layer_units_exponent_2': 7, 'D_dagger_layers': 3, 'D_dagger_layer_units_exponent_0': 10, 'D_dagger_layer_units_exponent_1': 5, 'D_dagger_layer_units_exponent_2': 5, 'log_learning_rate': -3.8287915828684334, 'log_learning_rate_D': -2.7370012018431074, 'log_learning_rate_D_dagger': -2.8721732410824092, 'training_batch_size': 6, 'training_p': 2}
	 epoch  0 training error:  tensor(0.6794, device='cuda:0', grad_fn=<DivBackward0>)
Memory status after this epoch: 
Memory allocated:  351.6416015625
Memory cached:  638.0
	 epoch  10 training error:  tensor(0.1963, device='cuda:0', grad_fn=<DivBackward0>)
Memory status after this epoch: 
Memory allocated:  351.6416015625
Memory cached:  638.0
	 epoch  20 training error:  tensor(0.2334, device='cuda:0', grad_fn=<DivBackward0>)
Memory status after this epoch: 
Memory allocated:  351.6416015625
Memory cached:  638.0
	 epoch  30 training error:  tensor(0.1422, device='cuda:0', grad_fn=<DivBackward0>)
Memory status after this epoch: 
Memory allocated:  351.6416015625
Memory cached:  638.0
	 epoch  40 training error:  tensor(0.1466, device='cuda:0', grad_fn=<DivBackward0>)
Memory status after this epoch: 
Memory allocated:  351.6416015625
Memory cached:  638.0
	 epoch  50 training error:  tensor(0.1155, device='cuda:0', grad_fn=<DivBackward0>)
Memory status after this epoch: 
Memory allocated:  351.6416015625
Memory cached:  638.0
	 epoch  60 training error:  tensor(0.1050, device='cuda:0', grad_fn=<DivBackward0>)
Memory status after this epoch: 
Memory allocated:  351.6416015625
Memory cached:  638.0
	 epoch  70 training error:  tensor(0.1260, device='cuda:0', grad_fn=<DivBackward0>)
Memory status after this epoch: 
Memory allocated:  351.6416015625
Memory cached:  638.0
	 epoch  80 training error:  tensor(0.1139, device='cuda:0', grad_fn=<DivBackward0>)
Memory status after this epoch: 
Memory allocated:  351.6416015625
Memory cached:  638.0
	 epoch  90 training error:  tensor(0.1106, device='cuda:0', grad_fn=<DivBackward0>)
Memory status after this epoch: 
Memory allocated:  351.6416015625
Memory cached:  638.0
[I 2024-01-10 22:57:44,765] Trial 82 finished with value: 0.12426748126745224 and parameters: {'W_layers': 4, 'W_layer_units_exponent_0': 10, 'W_layer_units_exponent_1': 4, 'W_layer_units_exponent_2': 5, 'W_layer_units_exponent_3': 5, 'D_layers': 3, 'D_layer_units_exponent_0': 10, 'D_layer_units_exponent_1': 5, 'D_layer_units_exponent_2': 7, 'D_dagger_layers': 3, 'D_dagger_layer_units_exponent_0': 10, 'D_dagger_layer_units_exponent_1': 5, 'D_dagger_layer_units_exponent_2': 5, 'log_learning_rate': -3.8287915828684334, 'log_learning_rate_D': -2.7370012018431074, 'log_learning_rate_D_dagger': -2.8721732410824092, 'training_batch_size': 6, 'training_p': 2}. Best is trial 52 with value: 0.08483626693487167.
Time for this trial:  402.0350499153137
Memory status after this trial: 
Memory allocated:  707.6640625
Memory cached:  710.0
--------------------  Trial  83   --------------------
Start timing: 
Parameters: 
{'W_layers': 4, 'W_layer_units_exponent_0': 10, 'W_layer_units_exponent_1': 4, 'W_layer_units_exponent_2': 5, 'W_layer_units_exponent_3': 5, 'D_layers': 3, 'D_layer_units_exponent_0': 10, 'D_layer_units_exponent_1': 5, 'D_layer_units_exponent_2': 7, 'D_dagger_layers': 3, 'D_dagger_layer_units_exponent_0': 10, 'D_dagger_layer_units_exponent_1': 5, 'D_dagger_layer_units_exponent_2': 5, 'log_learning_rate': -3.84620864853409, 'log_learning_rate_D': -2.645800359180138, 'log_learning_rate_D_dagger': -2.8668761079298037, 'training_batch_size': 6, 'training_p': 2}
	 epoch  0 training error:  tensor(0.6929, device='cuda:0', grad_fn=<DivBackward0>)
Memory status after this epoch: 
Memory allocated:  351.6416015625
Memory cached:  638.0
	 epoch  10 training error:  tensor(0.2017, device='cuda:0', grad_fn=<DivBackward0>)
Memory status after this epoch: 
Memory allocated:  351.6416015625
Memory cached:  638.0
	 epoch  20 training error:  tensor(0.1829, device='cuda:0', grad_fn=<DivBackward0>)
Memory status after this epoch: 
Memory allocated:  351.6416015625
Memory cached:  638.0
	 epoch  30 training error:  tensor(0.1814, device='cuda:0', grad_fn=<DivBackward0>)
Memory status after this epoch: 
Memory allocated:  351.6416015625
Memory cached:  638.0
	 epoch  40 training error:  tensor(0.1822, device='cuda:0', grad_fn=<DivBackward0>)
Memory status after this epoch: 
Memory allocated:  351.6416015625
Memory cached:  638.0
	 epoch  50 training error:  tensor(0.1811, device='cuda:0', grad_fn=<DivBackward0>)
Memory status after this epoch: 
Memory allocated:  351.6416015625
Memory cached:  638.0
	 epoch  60 training error:  tensor(0.1977, device='cuda:0', grad_fn=<DivBackward0>)
Memory status after this epoch: 
Memory allocated:  351.6416015625
Memory cached:  638.0
	 epoch  70 training error:  tensor(0.1767, device='cuda:0', grad_fn=<DivBackward0>)
Memory status after this epoch: 
Memory allocated:  351.6416015625
Memory cached:  638.0
	 epoch  80 training error:  tensor(0.1757, device='cuda:0', grad_fn=<DivBackward0>)
Memory status after this epoch: 
Memory allocated:  351.6416015625
Memory cached:  638.0
	 epoch  90 training error:  tensor(0.1816, device='cuda:0', grad_fn=<DivBackward0>)
Memory status after this epoch: 
Memory allocated:  351.6416015625
Memory cached:  638.0
