[I 2023-12-20 19:03:56,775] Trial 142 finished with value: 0.3298492133617401 and parameters: {'W_layers': 6, 'W_layer_units_exponent_0': 7, 'W_layer_units_exponent_1': 9, 'W_layer_units_exponent_2': 6, 'W_layer_units_exponent_3': 7, 'W_layer_units_exponent_4': 7, 'W_layer_units_exponent_5': 7, 'D_layers': 7, 'D_layer_units_exponent_0': 5, 'D_layer_units_exponent_1': 9, 'D_layer_units_exponent_2': 8, 'D_layer_units_exponent_3': 8, 'D_layer_units_exponent_4': 6, 'D_layer_units_exponent_5': 7, 'D_layer_units_exponent_6': 6, 'D_dagger_layers': 5, 'D_dagger_layer_units_exponent_0': 8, 'D_dagger_layer_units_exponent_1': 10, 'D_dagger_layer_units_exponent_2': 10, 'D_dagger_layer_units_exponent_3': 4, 'D_dagger_layer_units_exponent_4': 4, 'log_learning_rate': -3.3827664187302906, 'log_learning_rate_D': -3.346180014617275, 'log_learning_rate_D_dagger': -3.9023325093179144, 'training_batch_size': 6, 'training_p': 2}. Best is trial 138 with value: 0.3259401321411133.
Time for this trial:  24.589693069458008
Memory status after this trial: 
Memory allocated:  394.05224609375
Memory cached:  420.0
--------------------  Trial  143   --------------------
Start timing: 
Parameters: 
{'W_layers': 6, 'W_layer_units_exponent_0': 8, 'W_layer_units_exponent_1': 10, 'W_layer_units_exponent_2': 6, 'W_layer_units_exponent_3': 7, 'W_layer_units_exponent_4': 7, 'W_layer_units_exponent_5': 6, 'D_layers': 7, 'D_layer_units_exponent_0': 4, 'D_layer_units_exponent_1': 8, 'D_layer_units_exponent_2': 8, 'D_layer_units_exponent_3': 8, 'D_layer_units_exponent_4': 5, 'D_layer_units_exponent_5': 5, 'D_layer_units_exponent_6': 5, 'D_dagger_layers': 5, 'D_dagger_layer_units_exponent_0': 8, 'D_dagger_layer_units_exponent_1': 10, 'D_dagger_layer_units_exponent_2': 10, 'D_dagger_layer_units_exponent_3': 4, 'D_dagger_layer_units_exponent_4': 4, 'log_learning_rate': -3.460892747324432, 'log_learning_rate_D': -3.4565421398377554, 'log_learning_rate_D_dagger': -3.8317445227209244, 'training_batch_size': 6, 'training_p': 2}
	 epoch  0 training error:  tensor(0.9942, device='cuda:0', grad_fn=<DivBackward0>)
Memory status after this epoch: 
Memory allocated:  224.83154296875
Memory cached:  328.0
	 epoch  10 training error:  tensor(0.3001, device='cuda:0', grad_fn=<DivBackward0>)
Memory status after this epoch: 
Memory allocated:  224.83154296875
Memory cached:  328.0
	 epoch  20 training error:  tensor(0.3086, device='cuda:0', grad_fn=<DivBackward0>)
Memory status after this epoch: 
Memory allocated:  224.83154296875
Memory cached:  328.0
	 epoch  30 training error:  tensor(0.2913, device='cuda:0', grad_fn=<DivBackward0>)
Memory status after this epoch: 
Memory allocated:  224.83154296875
Memory cached:  328.0
	 epoch  40 training error:  tensor(0.2925, device='cuda:0', grad_fn=<DivBackward0>)
Memory status after this epoch: 
Memory allocated:  224.83154296875
Memory cached:  328.0
	 epoch  50 training error:  tensor(0.2891, device='cuda:0', grad_fn=<DivBackward0>)
Memory status after this epoch: 
Memory allocated:  224.83154296875
Memory cached:  328.0
	 epoch  60 training error:  tensor(0.2902, device='cuda:0', grad_fn=<DivBackward0>)
Memory status after this epoch: 
Memory allocated:  224.83154296875
Memory cached:  328.0
	 epoch  70 training error:  tensor(0.2883, device='cuda:0', grad_fn=<DivBackward0>)
Memory status after this epoch: 
Memory allocated:  224.83154296875
Memory cached:  328.0
	 epoch  80 training error:  tensor(0.2855, device='cuda:0', grad_fn=<DivBackward0>)
Memory status after this epoch: 
Memory allocated:  224.83154296875
Memory cached:  328.0
	 epoch  90 training error:  tensor(0.2877, device='cuda:0', grad_fn=<DivBackward0>)
Memory status after this epoch: 
Memory allocated:  224.83154296875
Memory cached:  328.0
[I 2023-12-20 19:04:22,376] Trial 143 finished with value: 0.325590580701828 and parameters: {'W_layers': 6, 'W_layer_units_exponent_0': 8, 'W_layer_units_exponent_1': 10, 'W_layer_units_exponent_2': 6, 'W_layer_units_exponent_3': 7, 'W_layer_units_exponent_4': 7, 'W_layer_units_exponent_5': 6, 'D_layers': 7, 'D_layer_units_exponent_0': 4, 'D_layer_units_exponent_1': 8, 'D_layer_units_exponent_2': 8, 'D_layer_units_exponent_3': 8, 'D_layer_units_exponent_4': 5, 'D_layer_units_exponent_5': 5, 'D_layer_units_exponent_6': 5, 'D_dagger_layers': 5, 'D_dagger_layer_units_exponent_0': 8, 'D_dagger_layer_units_exponent_1': 10, 'D_dagger_layer_units_exponent_2': 10, 'D_dagger_layer_units_exponent_3': 4, 'D_dagger_layer_units_exponent_4': 4, 'log_learning_rate': -3.460892747324432, 'log_learning_rate_D': -3.4565421398377554, 'log_learning_rate_D_dagger': -3.8317445227209244, 'training_batch_size': 6, 'training_p': 2}. Best is trial 143 with value: 0.325590580701828.
res:  tensor(0.3256, device='cuda:0', grad_fn=<DivBackward0>)
self.bestValue:  tensor(0.3259, device='cuda:0', grad_fn=<DivBackward0>)
Save this model!
Time for this trial:  25.179856061935425
Memory status after this trial: 
Memory allocated:  229.875
Memory cached:  406.0
--------------------  Trial  144   --------------------
Start timing: 
Parameters: 
{'W_layers': 6, 'W_layer_units_exponent_0': 7, 'W_layer_units_exponent_1': 9, 'W_layer_units_exponent_2': 6, 'W_layer_units_exponent_3': 7, 'W_layer_units_exponent_4': 7, 'W_layer_units_exponent_5': 6, 'D_layers': 6, 'D_layer_units_exponent_0': 5, 'D_layer_units_exponent_1': 5, 'D_layer_units_exponent_2': 8, 'D_layer_units_exponent_3': 8, 'D_layer_units_exponent_4': 5, 'D_layer_units_exponent_5': 5, 'D_dagger_layers': 5, 'D_dagger_layer_units_exponent_0': 8, 'D_dagger_layer_units_exponent_1': 10, 'D_dagger_layer_units_exponent_2': 10, 'D_dagger_layer_units_exponent_3': 4, 'D_dagger_layer_units_exponent_4': 4, 'log_learning_rate': -3.286550997531664, 'log_learning_rate_D': -3.444583033030311, 'log_learning_rate_D_dagger': -4.214167868336246, 'training_batch_size': 6, 'training_p': 2}
	 epoch  0 training error:  tensor(0.9498, device='cuda:0', grad_fn=<DivBackward0>)
Memory status after this epoch: 
Memory allocated:  253.27783203125
Memory cached:  426.0
	 epoch  10 training error:  tensor(0.2941, device='cuda:0', grad_fn=<DivBackward0>)
Memory status after this epoch: 
Memory allocated:  253.27783203125
Memory cached:  426.0
	 epoch  20 training error:  tensor(0.2967, device='cuda:0', grad_fn=<DivBackward0>)
Memory status after this epoch: 
Memory allocated:  253.27783203125
Memory cached:  426.0
	 epoch  30 training error:  tensor(0.2929, device='cuda:0', grad_fn=<DivBackward0>)
Memory status after this epoch: 
Memory allocated:  253.27783203125
Memory cached:  426.0
	 epoch  40 training error:  tensor(0.2890, device='cuda:0', grad_fn=<DivBackward0>)
Memory status after this epoch: 
Memory allocated:  253.27783203125
Memory cached:  426.0
	 epoch  50 training error:  tensor(0.2859, device='cuda:0', grad_fn=<DivBackward0>)
Memory status after this epoch: 
Memory allocated:  253.27783203125
Memory cached:  426.0
	 epoch  60 training error:  tensor(0.2842, device='cuda:0', grad_fn=<DivBackward0>)
Memory status after this epoch: 
Memory allocated:  253.27783203125
Memory cached:  426.0
	 epoch  70 training error:  tensor(0.2903, device='cuda:0', grad_fn=<DivBackward0>)
Memory status after this epoch: 
Memory allocated:  253.27783203125
Memory cached:  426.0
	 epoch  80 training error:  tensor(0.2886, device='cuda:0', grad_fn=<DivBackward0>)
Memory status after this epoch: 
Memory allocated:  253.27783203125
Memory cached:  426.0
	 epoch  90 training error:  tensor(0.2871, device='cuda:0', grad_fn=<DivBackward0>)
Memory status after this epoch: 
Memory allocated:  253.27783203125
Memory cached:  426.0
[I 2023-12-20 19:04:46,551] Trial 144 finished with value: 0.32662278413772583 and parameters: {'W_layers': 6, 'W_layer_units_exponent_0': 7, 'W_layer_units_exponent_1': 9, 'W_layer_units_exponent_2': 6, 'W_layer_units_exponent_3': 7, 'W_layer_units_exponent_4': 7, 'W_layer_units_exponent_5': 6, 'D_layers': 6, 'D_layer_units_exponent_0': 5, 'D_layer_units_exponent_1': 5, 'D_layer_units_exponent_2': 8, 'D_layer_units_exponent_3': 8, 'D_layer_units_exponent_4': 5, 'D_layer_units_exponent_5': 5, 'D_dagger_layers': 5, 'D_dagger_layer_units_exponent_0': 8, 'D_dagger_layer_units_exponent_1': 10, 'D_dagger_layer_units_exponent_2': 10, 'D_dagger_layer_units_exponent_3': 4, 'D_dagger_layer_units_exponent_4': 4, 'log_learning_rate': -3.286550997531664, 'log_learning_rate_D': -3.444583033030311, 'log_learning_rate_D_dagger': -4.214167868336246, 'training_batch_size': 6, 'training_p': 2}. Best is trial 143 with value: 0.325590580701828.
Time for this trial:  23.813045024871826
Memory status after this trial: 
Memory allocated:  423.84716796875
Memory cached:  458.0
--------------------  Trial  145   --------------------
Start timing: 
Parameters: 
{'W_layers': 6, 'W_layer_units_exponent_0': 7, 'W_layer_units_exponent_1': 9, 'W_layer_units_exponent_2': 6, 'W_layer_units_exponent_3': 7, 'W_layer_units_exponent_4': 7, 'W_layer_units_exponent_5': 8, 'D_layers': 6, 'D_layer_units_exponent_0': 5, 'D_layer_units_exponent_1': 8, 'D_layer_units_exponent_2': 8, 'D_layer_units_exponent_3': 8, 'D_layer_units_exponent_4': 5, 'D_layer_units_exponent_5': 5, 'D_dagger_layers': 4, 'D_dagger_layer_units_exponent_0': 9, 'D_dagger_layer_units_exponent_1': 10, 'D_dagger_layer_units_exponent_2': 10, 'D_dagger_layer_units_exponent_3': 4, 'log_learning_rate': -3.4656524498615444, 'log_learning_rate_D': -3.4920979449833, 'log_learning_rate_D_dagger': -4.229066033667589, 'training_batch_size': 6, 'training_p': 2}
	 epoch  0 training error:  tensor(0.9765, device='cuda:0', grad_fn=<DivBackward0>)
Memory status after this epoch: 
Memory allocated:  258.9208984375
Memory cached:  414.0
	 epoch  10 training error:  tensor(0.3255, device='cuda:0', grad_fn=<DivBackward0>)
Memory status after this epoch: 
Memory allocated:  258.9208984375
Memory cached:  414.0
	 epoch  20 training error:  tensor(0.2946, device='cuda:0', grad_fn=<DivBackward0>)
Memory status after this epoch: 
Memory allocated:  258.9208984375
Memory cached:  414.0
	 epoch  30 training error:  tensor(0.2873, device='cuda:0', grad_fn=<DivBackward0>)
Memory status after this epoch: 
Memory allocated:  258.9208984375
Memory cached:  414.0
	 epoch  40 training error:  tensor(0.2859, device='cuda:0', grad_fn=<DivBackward0>)
Memory status after this epoch: 
Memory allocated:  258.9208984375
Memory cached:  414.0
	 epoch  50 training error:  tensor(0.2881, device='cuda:0', grad_fn=<DivBackward0>)
Memory status after this epoch: 
Memory allocated:  258.9208984375
Memory cached:  414.0
	 epoch  60 training error:  tensor(0.2858, device='cuda:0', grad_fn=<DivBackward0>)
Memory status after this epoch: 
Memory allocated:  258.9208984375
Memory cached:  414.0
	 epoch  70 training error:  tensor(0.2860, device='cuda:0', grad_fn=<DivBackward0>)
Memory status after this epoch: 
Memory allocated:  258.9208984375
Memory cached:  414.0
	 epoch  80 training error:  tensor(0.2866, device='cuda:0', grad_fn=<DivBackward0>)
Memory status after this epoch: 
Memory allocated:  258.9208984375
Memory cached:  414.0
	 epoch  90 training error:  tensor(0.2845, device='cuda:0', grad_fn=<DivBackward0>)
Memory status after this epoch: 
Memory allocated:  258.9208984375
Memory cached:  414.0
[I 2023-12-20 19:05:11,758] Trial 145 finished with value: 0.3274553418159485 and parameters: {'W_layers': 6, 'W_layer_units_exponent_0': 7, 'W_layer_units_exponent_1': 9, 'W_layer_units_exponent_2': 6, 'W_layer_units_exponent_3': 7, 'W_layer_units_exponent_4': 7, 'W_layer_units_exponent_5': 8, 'D_layers': 6, 'D_layer_units_exponent_0': 5, 'D_layer_units_exponent_1': 8, 'D_layer_units_exponent_2': 8, 'D_layer_units_exponent_3': 8, 'D_layer_units_exponent_4': 5, 'D_layer_units_exponent_5': 5, 'D_dagger_layers': 4, 'D_dagger_layer_units_exponent_0': 9, 'D_dagger_layer_units_exponent_1': 10, 'D_dagger_layer_units_exponent_2': 10, 'D_dagger_layer_units_exponent_3': 4, 'log_learning_rate': -3.4656524498615444, 'log_learning_rate_D': -3.4920979449833, 'log_learning_rate_D_dagger': -4.229066033667589, 'training_batch_size': 6, 'training_p': 2}. Best is trial 143 with value: 0.325590580701828.
Time for this trial:  24.808895587921143
Memory status after this trial: 
Memory allocated:  448.98779296875
Memory cached:  490.0
--------------------  Trial  146   --------------------
Start timing: 
Parameters: 
{'W_layers': 6, 'W_layer_units_exponent_0': 7, 'W_layer_units_exponent_1': 9, 'W_layer_units_exponent_2': 6, 'W_layer_units_exponent_3': 8, 'W_layer_units_exponent_4': 7, 'W_layer_units_exponent_5': 6, 'D_layers': 6, 'D_layer_units_exponent_0': 4, 'D_layer_units_exponent_1': 5, 'D_layer_units_exponent_2': 8, 'D_layer_units_exponent_3': 9, 'D_layer_units_exponent_4': 5, 'D_layer_units_exponent_5': 5, 'D_dagger_layers': 4, 'D_dagger_layer_units_exponent_0': 8, 'D_dagger_layer_units_exponent_1': 10, 'D_dagger_layer_units_exponent_2': 10, 'D_dagger_layer_units_exponent_3': 4, 'log_learning_rate': -3.553859668926356, 'log_learning_rate_D': -3.2522122477552613, 'log_learning_rate_D_dagger': -4.1877612182328505, 'training_batch_size': 6, 'training_p': 5}
	 epoch  0 training error:  tensor(0.9351, device='cuda:0', grad_fn=<DivBackward0>)
Memory status after this epoch: 
Memory allocated:  254.30419921875
Memory cached:  400.0
	 epoch  10 training error:  tensor(0.5153, device='cuda:0', grad_fn=<DivBackward0>)
Memory status after this epoch: 
Memory allocated:  254.30419921875
Memory cached:  400.0
	 epoch  20 training error:  tensor(0.4920, device='cuda:0', grad_fn=<DivBackward0>)
Memory status after this epoch: 
Memory allocated:  254.30419921875
Memory cached:  400.0
	 epoch  30 training error:  tensor(0.4787, device='cuda:0', grad_fn=<DivBackward0>)
Memory status after this epoch: 
Memory allocated:  254.30419921875
Memory cached:  400.0
	 epoch  40 training error:  tensor(0.4811, device='cuda:0', grad_fn=<DivBackward0>)
Memory status after this epoch: 
Memory allocated:  254.30419921875
Memory cached:  400.0
	 epoch  50 training error:  tensor(0.4800, device='cuda:0', grad_fn=<DivBackward0>)
Memory status after this epoch: 
Memory allocated:  254.30419921875
Memory cached:  400.0
	 epoch  60 training error:  tensor(0.4817, device='cuda:0', grad_fn=<DivBackward0>)
Memory status after this epoch: 
Memory allocated:  254.30419921875
Memory cached:  400.0
	 epoch  70 training error:  tensor(0.4828, device='cuda:0', grad_fn=<DivBackward0>)
Memory status after this epoch: 
Memory allocated:  254.30419921875
Memory cached:  400.0
	 epoch  80 training error:  tensor(0.4788, device='cuda:0', grad_fn=<DivBackward0>)
Memory status after this epoch: 
Memory allocated:  254.30419921875
Memory cached:  400.0
	 epoch  90 training error:  tensor(0.4763, device='cuda:0', grad_fn=<DivBackward0>)
Memory status after this epoch: 
Memory allocated:  254.30419921875
Memory cached:  400.0
[I 2023-12-20 19:05:36,145] Trial 146 finished with value: 0.40232953429222107 and parameters: {'W_layers': 6, 'W_layer_units_exponent_0': 7, 'W_layer_units_exponent_1': 9, 'W_layer_units_exponent_2': 6, 'W_layer_units_exponent_3': 8, 'W_layer_units_exponent_4': 7, 'W_layer_units_exponent_5': 6, 'D_layers': 6, 'D_layer_units_exponent_0': 4, 'D_layer_units_exponent_1': 5, 'D_layer_units_exponent_2': 8, 'D_layer_units_exponent_3': 9, 'D_layer_units_exponent_4': 5, 'D_layer_units_exponent_5': 5, 'D_dagger_layers': 4, 'D_dagger_layer_units_exponent_0': 8, 'D_dagger_layer_units_exponent_1': 10, 'D_dagger_layer_units_exponent_2': 10, 'D_dagger_layer_units_exponent_3': 4, 'log_learning_rate': -3.553859668926356, 'log_learning_rate_D': -3.2522122477552613, 'log_learning_rate_D_dagger': -4.1877612182328505, 'training_batch_size': 6, 'training_p': 5}. Best is trial 143 with value: 0.325590580701828.
Time for this trial:  23.966228008270264
Memory status after this trial: 
Memory allocated:  430.29541015625
Memory cached:  462.0
--------------------  Trial  147   --------------------
Start timing: 
Parameters: 
{'W_layers': 6, 'W_layer_units_exponent_0': 6, 'W_layer_units_exponent_1': 9, 'W_layer_units_exponent_2': 6, 'W_layer_units_exponent_3': 7, 'W_layer_units_exponent_4': 7, 'W_layer_units_exponent_5': 6, 'D_layers': 6, 'D_layer_units_exponent_0': 4, 'D_layer_units_exponent_1': 5, 'D_layer_units_exponent_2': 8, 'D_layer_units_exponent_3': 8, 'D_layer_units_exponent_4': 5, 'D_layer_units_exponent_5': 5, 'D_dagger_layers': 5, 'D_dagger_layer_units_exponent_0': 8, 'D_dagger_layer_units_exponent_1': 10, 'D_dagger_layer_units_exponent_2': 10, 'D_dagger_layer_units_exponent_3': 4, 'D_dagger_layer_units_exponent_4': 4, 'log_learning_rate': -3.3449901455759146, 'log_learning_rate_D': -3.0105384629669456, 'log_learning_rate_D_dagger': -4.338835853507411, 'training_batch_size': 6, 'training_p': 2}
	 epoch  0 training error:  tensor(0.9949, device='cuda:0', grad_fn=<DivBackward0>)
Memory status after this epoch: 
Memory allocated:  252.77587890625
Memory cached:  400.0
	 epoch  10 training error:  tensor(0.3159, device='cuda:0', grad_fn=<DivBackward0>)
Memory status after this epoch: 
Memory allocated:  252.77587890625
Memory cached:  400.0
	 epoch  20 training error:  tensor(0.3031, device='cuda:0', grad_fn=<DivBackward0>)
Memory status after this epoch: 
Memory allocated:  252.77587890625
Memory cached:  400.0
	 epoch  30 training error:  tensor(0.2982, device='cuda:0', grad_fn=<DivBackward0>)
Memory status after this epoch: 
Memory allocated:  252.77587890625
Memory cached:  400.0
	 epoch  40 training error:  tensor(0.2946, device='cuda:0', grad_fn=<DivBackward0>)
Memory status after this epoch: 
Memory allocated:  252.77587890625
Memory cached:  400.0
	 epoch  50 training error:  tensor(0.2930, device='cuda:0', grad_fn=<DivBackward0>)
Memory status after this epoch: 
Memory allocated:  252.77587890625
Memory cached:  400.0
	 epoch  60 training error:  tensor(0.2903, device='cuda:0', grad_fn=<DivBackward0>)
Memory status after this epoch: 
Memory allocated:  252.77587890625
Memory cached:  400.0
	 epoch  70 training error:  tensor(0.2908, device='cuda:0', grad_fn=<DivBackward0>)
Memory status after this epoch: 
Memory allocated:  252.77587890625
Memory cached:  400.0
	 epoch  80 training error:  tensor(0.2877, device='cuda:0', grad_fn=<DivBackward0>)
Memory status after this epoch: 
Memory allocated:  252.77587890625
Memory cached:  400.0
	 epoch  90 training error:  tensor(0.2868, device='cuda:0', grad_fn=<DivBackward0>)
Memory status after this epoch: 
Memory allocated:  252.77587890625
Memory cached:  400.0
