[I 2023-12-07 04:01:43,716] Trial 52 finished with value: 0.6553612351417542 and parameters: {'W_layers': 6, 'W_layer_units_exponent_0': 9, 'W_layer_units_exponent_1': 5, 'W_layer_units_exponent_2': 5, 'W_layer_units_exponent_3': 9, 'W_layer_units_exponent_4': 9, 'W_layer_units_exponent_5': 6, 'D_layers': 2, 'D_layer_units_exponent_0': 9, 'D_layer_units_exponent_1': 4, 'D_dagger_layers': 8, 'D_dagger_layer_units_exponent_0': 6, 'D_dagger_layer_units_exponent_1': 5, 'D_dagger_layer_units_exponent_2': 4, 'D_dagger_layer_units_exponent_3': 4, 'D_dagger_layer_units_exponent_4': 5, 'D_dagger_layer_units_exponent_5': 4, 'D_dagger_layer_units_exponent_6': 8, 'D_dagger_layer_units_exponent_7': 8, 'log_learning_rate': -2.4454789260521883, 'log_learning_rate_D': -3.734835306115613, 'log_learning_rate_D_dagger': -3.2954488187072473, 'training_batch_size': 8, 'training_p': 2}. Best is trial 49 with value: 0.5098726749420166.
Time for this trial:  19.710751056671143
Memory status after this trial: 
Memory allocated:  305.74365234375
Memory cached:  362.0
--------------------  Trial  53   --------------------
Start timing: 
Parameters: 
{'W_layers': 5, 'W_layer_units_exponent_0': 9, 'W_layer_units_exponent_1': 6, 'W_layer_units_exponent_2': 5, 'W_layer_units_exponent_3': 10, 'W_layer_units_exponent_4': 10, 'D_layers': 2, 'D_layer_units_exponent_0': 8, 'D_layer_units_exponent_1': 4, 'D_dagger_layers': 8, 'D_dagger_layer_units_exponent_0': 4, 'D_dagger_layer_units_exponent_1': 4, 'D_dagger_layer_units_exponent_2': 6, 'D_dagger_layer_units_exponent_3': 5, 'D_dagger_layer_units_exponent_4': 5, 'D_dagger_layer_units_exponent_5': 4, 'D_dagger_layer_units_exponent_6': 9, 'D_dagger_layer_units_exponent_7': 8, 'log_learning_rate': -3.244627313491078, 'log_learning_rate_D': -3.493158975617974, 'log_learning_rate_D_dagger': -2.8819730901375866, 'training_batch_size': 7, 'training_p': 2}
	 epoch  0 training error:  tensor(0.9921, device='cuda:0', grad_fn=<DivBackward0>)
Memory status after this epoch: 
Memory allocated:  196.55859375
Memory cached:  362.0
	 epoch  10 training error:  tensor(0.7332, device='cuda:0', grad_fn=<DivBackward0>)
Memory status after this epoch: 
Memory allocated:  196.55859375
Memory cached:  362.0
	 epoch  20 training error:  tensor(0.7450, device='cuda:0', grad_fn=<DivBackward0>)
Memory status after this epoch: 
Memory allocated:  196.55859375
Memory cached:  362.0
	 epoch  30 training error:  tensor(0.7261, device='cuda:0', grad_fn=<DivBackward0>)
Memory status after this epoch: 
Memory allocated:  196.55859375
Memory cached:  362.0
	 epoch  40 training error:  tensor(0.7200, device='cuda:0', grad_fn=<DivBackward0>)
Memory status after this epoch: 
Memory allocated:  196.55859375
Memory cached:  362.0
	 epoch  50 training error:  tensor(0.7161, device='cuda:0', grad_fn=<DivBackward0>)
Memory status after this epoch: 
Memory allocated:  196.55859375
Memory cached:  362.0
	 epoch  60 training error:  tensor(0.7061, device='cuda:0', grad_fn=<DivBackward0>)
Memory status after this epoch: 
Memory allocated:  196.55859375
Memory cached:  362.0
	 epoch  70 training error:  tensor(0.6772, device='cuda:0', grad_fn=<DivBackward0>)
Memory status after this epoch: 
Memory allocated:  196.55859375
Memory cached:  362.0
	 epoch  80 training error:  tensor(0.6323, device='cuda:0', grad_fn=<DivBackward0>)
Memory status after this epoch: 
Memory allocated:  196.55859375
Memory cached:  362.0
	 epoch  90 training error:  tensor(0.6209, device='cuda:0', grad_fn=<DivBackward0>)
Memory status after this epoch: 
Memory allocated:  196.55859375
Memory cached:  362.0
[I 2023-12-07 04:02:04,360] Trial 53 finished with value: 0.5380649566650391 and parameters: {'W_layers': 5, 'W_layer_units_exponent_0': 9, 'W_layer_units_exponent_1': 6, 'W_layer_units_exponent_2': 5, 'W_layer_units_exponent_3': 10, 'W_layer_units_exponent_4': 10, 'D_layers': 2, 'D_layer_units_exponent_0': 8, 'D_layer_units_exponent_1': 4, 'D_dagger_layers': 8, 'D_dagger_layer_units_exponent_0': 4, 'D_dagger_layer_units_exponent_1': 4, 'D_dagger_layer_units_exponent_2': 6, 'D_dagger_layer_units_exponent_3': 5, 'D_dagger_layer_units_exponent_4': 5, 'D_dagger_layer_units_exponent_5': 4, 'D_dagger_layer_units_exponent_6': 9, 'D_dagger_layer_units_exponent_7': 8, 'log_learning_rate': -3.244627313491078, 'log_learning_rate_D': -3.493158975617974, 'log_learning_rate_D_dagger': -2.8819730901375866, 'training_batch_size': 7, 'training_p': 2}. Best is trial 49 with value: 0.5098726749420166.
Time for this trial:  20.429946660995483
Memory status after this trial: 
Memory allocated:  370.78857421875
Memory cached:  414.0
--------------------  Trial  54   --------------------
Start timing: 
Parameters: 
{'W_layers': 6, 'W_layer_units_exponent_0': 9, 'W_layer_units_exponent_1': 5, 'W_layer_units_exponent_2': 8, 'W_layer_units_exponent_3': 9, 'W_layer_units_exponent_4': 9, 'W_layer_units_exponent_5': 8, 'D_layers': 3, 'D_layer_units_exponent_0': 9, 'D_layer_units_exponent_1': 4, 'D_layer_units_exponent_2': 4, 'D_dagger_layers': 8, 'D_dagger_layer_units_exponent_0': 6, 'D_dagger_layer_units_exponent_1': 4, 'D_dagger_layer_units_exponent_2': 5, 'D_dagger_layer_units_exponent_3': 5, 'D_dagger_layer_units_exponent_4': 5, 'D_dagger_layer_units_exponent_5': 4, 'D_dagger_layer_units_exponent_6': 10, 'D_dagger_layer_units_exponent_7': 9, 'log_learning_rate': -2.329310858753833, 'log_learning_rate_D': -3.2403529176807813, 'log_learning_rate_D_dagger': -2.5818554580250366, 'training_batch_size': 9, 'training_p': 2}
	 epoch  0 training error:  tensor(1.0012, device='cuda:0', grad_fn=<DivBackward0>)
Memory status after this epoch: 
Memory allocated:  193.32470703125
Memory cached:  380.0
	 epoch  10 training error:  tensor(0.9477, device='cuda:0', grad_fn=<DivBackward0>)
Memory status after this epoch: 
Memory allocated:  193.32470703125
Memory cached:  384.0
	 epoch  20 training error:  tensor(0.7889, device='cuda:0', grad_fn=<DivBackward0>)
Memory status after this epoch: 
Memory allocated:  193.32470703125
Memory cached:  384.0
	 epoch  30 training error:  tensor(0.7428, device='cuda:0', grad_fn=<DivBackward0>)
Memory status after this epoch: 
Memory allocated:  193.32470703125
Memory cached:  384.0
	 epoch  40 training error:  tensor(0.7369, device='cuda:0', grad_fn=<DivBackward0>)
Memory status after this epoch: 
Memory allocated:  193.32470703125
Memory cached:  384.0
	 epoch  50 training error:  tensor(0.7238, device='cuda:0', grad_fn=<DivBackward0>)
Memory status after this epoch: 
Memory allocated:  193.32470703125
Memory cached:  384.0
	 epoch  60 training error:  tensor(0.7189, device='cuda:0', grad_fn=<DivBackward0>)
Memory status after this epoch: 
Memory allocated:  193.32470703125
Memory cached:  384.0
	 epoch  70 training error:  tensor(0.7094, device='cuda:0', grad_fn=<DivBackward0>)
Memory status after this epoch: 
Memory allocated:  193.32470703125
Memory cached:  384.0
	 epoch  80 training error:  tensor(0.6887, device='cuda:0', grad_fn=<DivBackward0>)
Memory status after this epoch: 
Memory allocated:  193.32470703125
Memory cached:  384.0
	 epoch  90 training error:  tensor(0.6943, device='cuda:0', grad_fn=<DivBackward0>)
Memory status after this epoch: 
Memory allocated:  193.32470703125
Memory cached:  384.0
[I 2023-12-07 04:02:25,657] Trial 54 finished with value: 0.6044819951057434 and parameters: {'W_layers': 6, 'W_layer_units_exponent_0': 9, 'W_layer_units_exponent_1': 5, 'W_layer_units_exponent_2': 8, 'W_layer_units_exponent_3': 9, 'W_layer_units_exponent_4': 9, 'W_layer_units_exponent_5': 8, 'D_layers': 3, 'D_layer_units_exponent_0': 9, 'D_layer_units_exponent_1': 4, 'D_layer_units_exponent_2': 4, 'D_dagger_layers': 8, 'D_dagger_layer_units_exponent_0': 6, 'D_dagger_layer_units_exponent_1': 4, 'D_dagger_layer_units_exponent_2': 5, 'D_dagger_layer_units_exponent_3': 5, 'D_dagger_layer_units_exponent_4': 5, 'D_dagger_layer_units_exponent_5': 4, 'D_dagger_layer_units_exponent_6': 10, 'D_dagger_layer_units_exponent_7': 9, 'log_learning_rate': -2.329310858753833, 'log_learning_rate_D': -3.2403529176807813, 'log_learning_rate_D_dagger': -2.5818554580250366, 'training_batch_size': 9, 'training_p': 2}. Best is trial 49 with value: 0.5098726749420166.
Time for this trial:  21.064773559570312
Memory status after this trial: 
Memory allocated:  385.32568359375
Memory cached:  422.0
--------------------  Trial  55   --------------------
Start timing: 
Parameters: 
{'W_layers': 5, 'W_layer_units_exponent_0': 8, 'W_layer_units_exponent_1': 4, 'W_layer_units_exponent_2': 7, 'W_layer_units_exponent_3': 10, 'W_layer_units_exponent_4': 8, 'D_layers': 2, 'D_layer_units_exponent_0': 8, 'D_layer_units_exponent_1': 4, 'D_dagger_layers': 8, 'D_dagger_layer_units_exponent_0': 5, 'D_dagger_layer_units_exponent_1': 5, 'D_dagger_layer_units_exponent_2': 5, 'D_dagger_layer_units_exponent_3': 4, 'D_dagger_layer_units_exponent_4': 6, 'D_dagger_layer_units_exponent_5': 4, 'D_dagger_layer_units_exponent_6': 9, 'D_dagger_layer_units_exponent_7': 7, 'log_learning_rate': -2.6534050436388292, 'log_learning_rate_D': -3.7329000371655865, 'log_learning_rate_D_dagger': -3.103955153785502, 'training_batch_size': 8, 'training_p': 2}
	 epoch  0 training error:  tensor(1.0021, device='cuda:0', grad_fn=<DivBackward0>)
Memory status after this epoch: 
Memory allocated:  183.08203125
Memory cached:  362.0
	 epoch  10 training error:  tensor(0.8884, device='cuda:0', grad_fn=<DivBackward0>)
Memory status after this epoch: 
Memory allocated:  183.08203125
Memory cached:  366.0
	 epoch  20 training error:  tensor(0.7697, device='cuda:0', grad_fn=<DivBackward0>)
Memory status after this epoch: 
Memory allocated:  183.08203125
Memory cached:  366.0
	 epoch  30 training error:  tensor(0.7351, device='cuda:0', grad_fn=<DivBackward0>)
Memory status after this epoch: 
Memory allocated:  183.08203125
Memory cached:  364.0
	 epoch  40 training error:  tensor(0.7221, device='cuda:0', grad_fn=<DivBackward0>)
Memory status after this epoch: 
Memory allocated:  183.08203125
Memory cached:  364.0
	 epoch  50 training error:  tensor(0.7129, device='cuda:0', grad_fn=<DivBackward0>)
Memory status after this epoch: 
Memory allocated:  183.08203125
Memory cached:  366.0
	 epoch  60 training error:  tensor(0.6977, device='cuda:0', grad_fn=<DivBackward0>)
Memory status after this epoch: 
Memory allocated:  183.08203125
Memory cached:  366.0
	 epoch  70 training error:  tensor(0.6770, device='cuda:0', grad_fn=<DivBackward0>)
Memory status after this epoch: 
Memory allocated:  183.08203125
Memory cached:  366.0
	 epoch  80 training error:  tensor(0.6310, device='cuda:0', grad_fn=<DivBackward0>)
Memory status after this epoch: 
Memory allocated:  183.08203125
Memory cached:  366.0
	 epoch  90 training error:  tensor(0.5926, device='cuda:0', grad_fn=<DivBackward0>)
Memory status after this epoch: 
Memory allocated:  183.08203125
Memory cached:  364.0
[I 2023-12-07 04:02:45,630] Trial 55 finished with value: 0.5428804159164429 and parameters: {'W_layers': 5, 'W_layer_units_exponent_0': 8, 'W_layer_units_exponent_1': 4, 'W_layer_units_exponent_2': 7, 'W_layer_units_exponent_3': 10, 'W_layer_units_exponent_4': 8, 'D_layers': 2, 'D_layer_units_exponent_0': 8, 'D_layer_units_exponent_1': 4, 'D_dagger_layers': 8, 'D_dagger_layer_units_exponent_0': 5, 'D_dagger_layer_units_exponent_1': 5, 'D_dagger_layer_units_exponent_2': 5, 'D_dagger_layer_units_exponent_3': 4, 'D_dagger_layer_units_exponent_4': 6, 'D_dagger_layer_units_exponent_5': 4, 'D_dagger_layer_units_exponent_6': 9, 'D_dagger_layer_units_exponent_7': 7, 'log_learning_rate': -2.6534050436388292, 'log_learning_rate_D': -3.7329000371655865, 'log_learning_rate_D_dagger': -3.103955153785502, 'training_batch_size': 8, 'training_p': 2}. Best is trial 49 with value: 0.5098726749420166.
Time for this trial:  19.74920630455017
Memory status after this trial: 
Memory allocated:  313.90576171875
Memory cached:  370.0
--------------------  Trial  56   --------------------
Start timing: 
Parameters: 
{'W_layers': 5, 'W_layer_units_exponent_0': 10, 'W_layer_units_exponent_1': 5, 'W_layer_units_exponent_2': 8, 'W_layer_units_exponent_3': 9, 'W_layer_units_exponent_4': 10, 'D_layers': 3, 'D_layer_units_exponent_0': 8, 'D_layer_units_exponent_1': 4, 'D_layer_units_exponent_2': 5, 'D_dagger_layers': 8, 'D_dagger_layer_units_exponent_0': 5, 'D_dagger_layer_units_exponent_1': 5, 'D_dagger_layer_units_exponent_2': 6, 'D_dagger_layer_units_exponent_3': 4, 'D_dagger_layer_units_exponent_4': 4, 'D_dagger_layer_units_exponent_5': 5, 'D_dagger_layer_units_exponent_6': 8, 'D_dagger_layer_units_exponent_7': 9, 'log_learning_rate': -2.5076377565104733, 'log_learning_rate_D': -4.056606413672251, 'log_learning_rate_D_dagger': -3.3554024596299046, 'training_batch_size': 7, 'training_p': 2}
	 epoch  0 training error:  tensor(1.0020, device='cuda:0', grad_fn=<DivBackward0>)
Memory status after this epoch: 
Memory allocated:  189.09033203125
Memory cached:  364.0
	 epoch  10 training error:  tensor(0.9318, device='cuda:0', grad_fn=<DivBackward0>)
Memory status after this epoch: 
Memory allocated:  189.09033203125
Memory cached:  368.0
	 epoch  20 training error:  tensor(0.9222, device='cuda:0', grad_fn=<DivBackward0>)
Memory status after this epoch: 
Memory allocated:  189.09033203125
Memory cached:  368.0
	 epoch  30 training error:  tensor(0.8264, device='cuda:0', grad_fn=<DivBackward0>)
Memory status after this epoch: 
Memory allocated:  189.09033203125
Memory cached:  368.0
	 epoch  40 training error:  tensor(0.7528, device='cuda:0', grad_fn=<DivBackward0>)
Memory status after this epoch: 
Memory allocated:  189.09033203125
Memory cached:  368.0
	 epoch  50 training error:  tensor(0.7392, device='cuda:0', grad_fn=<DivBackward0>)
Memory status after this epoch: 
Memory allocated:  189.09033203125
Memory cached:  368.0
	 epoch  60 training error:  tensor(0.7333, device='cuda:0', grad_fn=<DivBackward0>)
Memory status after this epoch: 
Memory allocated:  189.09033203125
Memory cached:  368.0
	 epoch  70 training error:  tensor(0.7310, device='cuda:0', grad_fn=<DivBackward0>)
Memory status after this epoch: 
Memory allocated:  189.09033203125
Memory cached:  368.0
	 epoch  80 training error:  tensor(0.7293, device='cuda:0', grad_fn=<DivBackward0>)
Memory status after this epoch: 
Memory allocated:  189.09033203125
Memory cached:  368.0
	 epoch  90 training error:  tensor(0.7268, device='cuda:0', grad_fn=<DivBackward0>)
Memory status after this epoch: 
Memory allocated:  189.09033203125
Memory cached:  368.0
[I 2023-12-07 04:03:06,523] Trial 56 finished with value: 0.6945582032203674 and parameters: {'W_layers': 5, 'W_layer_units_exponent_0': 10, 'W_layer_units_exponent_1': 5, 'W_layer_units_exponent_2': 8, 'W_layer_units_exponent_3': 9, 'W_layer_units_exponent_4': 10, 'D_layers': 3, 'D_layer_units_exponent_0': 8, 'D_layer_units_exponent_1': 4, 'D_layer_units_exponent_2': 5, 'D_dagger_layers': 8, 'D_dagger_layer_units_exponent_0': 5, 'D_dagger_layer_units_exponent_1': 5, 'D_dagger_layer_units_exponent_2': 6, 'D_dagger_layer_units_exponent_3': 4, 'D_dagger_layer_units_exponent_4': 4, 'D_dagger_layer_units_exponent_5': 5, 'D_dagger_layer_units_exponent_6': 8, 'D_dagger_layer_units_exponent_7': 9, 'log_learning_rate': -2.5076377565104733, 'log_learning_rate_D': -4.056606413672251, 'log_learning_rate_D_dagger': -3.3554024596299046, 'training_batch_size': 7, 'training_p': 2}. Best is trial 49 with value: 0.5098726749420166.
Time for this trial:  20.683621168136597
Memory status after this trial: 
Memory allocated:  377.45068359375
Memory cached:  418.0
--------------------  Trial  57   --------------------
Start timing: 
Parameters: 
{'W_layers': 6, 'W_layer_units_exponent_0': 9, 'W_layer_units_exponent_1': 6, 'W_layer_units_exponent_2': 8, 'W_layer_units_exponent_3': 8, 'W_layer_units_exponent_4': 9, 'W_layer_units_exponent_5': 6, 'D_layers': 2, 'D_layer_units_exponent_0': 7, 'D_layer_units_exponent_1': 4, 'D_dagger_layers': 8, 'D_dagger_layer_units_exponent_0': 6, 'D_dagger_layer_units_exponent_1': 4, 'D_dagger_layer_units_exponent_2': 6, 'D_dagger_layer_units_exponent_3': 4, 'D_dagger_layer_units_exponent_4': 6, 'D_dagger_layer_units_exponent_5': 4, 'D_dagger_layer_units_exponent_6': 10, 'D_dagger_layer_units_exponent_7': 6, 'log_learning_rate': -2.3077687062184937, 'log_learning_rate_D': -3.496647353384024, 'log_learning_rate_D_dagger': -3.208622876883374, 'training_batch_size': 8, 'training_p': 8}
	 epoch  0 training error:  tensor(0.9982, device='cuda:0', grad_fn=<DivBackward0>)
Memory status after this epoch: 
Memory allocated:  181.37255859375
Memory cached:  358.0
	 epoch  10 training error:  tensor(0.9846, device='cuda:0', grad_fn=<DivBackward0>)
Memory status after this epoch: 
Memory allocated:  181.37255859375
Memory cached:  358.0
	 epoch  20 training error:  tensor(0.8920, device='cuda:0', grad_fn=<DivBackward0>)
Memory status after this epoch: 
Memory allocated:  181.37255859375
Memory cached:  358.0
	 epoch  30 training error:  tensor(0.8264, device='cuda:0', grad_fn=<DivBackward0>)
Memory status after this epoch: 
Memory allocated:  181.37255859375
Memory cached:  358.0
	 epoch  40 training error:  tensor(0.8213, device='cuda:0', grad_fn=<DivBackward0>)
Memory status after this epoch: 
Memory allocated:  181.37255859375
Memory cached:  358.0
	 epoch  50 training error:  tensor(0.8085, device='cuda:0', grad_fn=<DivBackward0>)
Memory status after this epoch: 
Memory allocated:  181.37255859375
Memory cached:  358.0
	 epoch  60 training error:  tensor(0.7994, device='cuda:0', grad_fn=<DivBackward0>)
Memory status after this epoch: 
Memory allocated:  181.37255859375
Memory cached:  358.0
	 epoch  70 training error:  tensor(0.7793, device='cuda:0', grad_fn=<DivBackward0>)
Memory status after this epoch: 
Memory allocated:  181.37255859375
Memory cached:  358.0
	 epoch  80 training error:  tensor(0.7458, device='cuda:0', grad_fn=<DivBackward0>)
Memory status after this epoch: 
Memory allocated:  181.37255859375
Memory cached:  358.0
	 epoch  90 training error:  tensor(0.7208, device='cuda:0', grad_fn=<DivBackward0>)
Memory status after this epoch: 
Memory allocated:  181.37255859375
Memory cached:  358.0
[I 2023-12-07 04:03:26,130] Trial 57 finished with value: 0.7079542279243469 and parameters: {'W_layers': 6, 'W_layer_units_exponent_0': 9, 'W_layer_units_exponent_1': 6, 'W_layer_units_exponent_2': 8, 'W_layer_units_exponent_3': 8, 'W_layer_units_exponent_4': 9, 'W_layer_units_exponent_5': 6, 'D_layers': 2, 'D_layer_units_exponent_0': 7, 'D_layer_units_exponent_1': 4, 'D_dagger_layers': 8, 'D_dagger_layer_units_exponent_0': 6, 'D_dagger_layer_units_exponent_1': 4, 'D_dagger_layer_units_exponent_2': 6, 'D_dagger_layer_units_exponent_3': 4, 'D_dagger_layer_units_exponent_4': 6, 'D_dagger_layer_units_exponent_5': 4, 'D_dagger_layer_units_exponent_6': 10, 'D_dagger_layer_units_exponent_7': 6, 'log_learning_rate': -2.3077687062184937, 'log_learning_rate_D': -3.496647353384024, 'log_learning_rate_D_dagger': -3.208622876883374, 'training_batch_size': 8, 'training_p': 8}. Best is trial 49 with value: 0.5098726749420166.
Time for this trial:  19.392231702804565
Memory status after this trial: 
Memory allocated:  340.64306640625
Memory cached:  366.0
--------------------  Trial  58   --------------------
Start timing: 
Parameters: 
{'W_layers': 7, 'W_layer_units_exponent_0': 4, 'W_layer_units_exponent_1': 4, 'W_layer_units_exponent_2': 6, 'W_layer_units_exponent_3': 10, 'W_layer_units_exponent_4': 10, 'W_layer_units_exponent_5': 9, 'W_layer_units_exponent_6': 10, 'D_layers': 2, 'D_layer_units_exponent_0': 9, 'D_layer_units_exponent_1': 4, 'D_dagger_layers': 8, 'D_dagger_layer_units_exponent_0': 6, 'D_dagger_layer_units_exponent_1': 4, 'D_dagger_layer_units_exponent_2': 4, 'D_dagger_layer_units_exponent_3': 5, 'D_dagger_layer_units_exponent_4': 5, 'D_dagger_layer_units_exponent_5': 4, 'D_dagger_layer_units_exponent_6': 9, 'D_dagger_layer_units_exponent_7': 8, 'log_learning_rate': -2.7377119876530798, 'log_learning_rate_D': -3.859011652174847, 'log_learning_rate_D_dagger': -2.8741061343585406, 'training_batch_size': 9, 'training_p': 2}
	 epoch  0 training error:  tensor(1.0015, device='cuda:0', grad_fn=<DivBackward0>)
Memory status after this epoch: 
Memory allocated:  213.3486328125
Memory cached:  362.0
	 epoch  10 training error:  tensor(0.9133, device='cuda:0', grad_fn=<DivBackward0>)
Memory status after this epoch: 
Memory allocated:  213.3486328125
Memory cached:  362.0
	 epoch  20 training error:  tensor(0.7507, device='cuda:0', grad_fn=<DivBackward0>)
Memory status after this epoch: 
Memory allocated:  213.3486328125
Memory cached:  362.0
	 epoch  30 training error:  tensor(0.7462, device='cuda:0', grad_fn=<DivBackward0>)
Memory status after this epoch: 
Memory allocated:  213.3486328125
Memory cached:  362.0
	 epoch  40 training error:  tensor(0.7419, device='cuda:0', grad_fn=<DivBackward0>)
Memory status after this epoch: 
Memory allocated:  213.3486328125
Memory cached:  362.0
	 epoch  50 training error:  tensor(0.7228, device='cuda:0', grad_fn=<DivBackward0>)
Memory status after this epoch: 
Memory allocated:  213.3486328125
Memory cached:  362.0
	 epoch  60 training error:  tensor(0.7116, device='cuda:0', grad_fn=<DivBackward0>)
Memory status after this epoch: 
Memory allocated:  213.3486328125
Memory cached:  362.0
	 epoch  70 training error:  tensor(0.6861, device='cuda:0', grad_fn=<DivBackward0>)
Memory status after this epoch: 
Memory allocated:  213.3486328125
Memory cached:  362.0
	 epoch  80 training error:  tensor(0.7799, device='cuda:0', grad_fn=<DivBackward0>)
Memory status after this epoch: 
Memory allocated:  213.3486328125
Memory cached:  362.0
	 epoch  90 training error:  tensor(0.6400, device='cuda:0', grad_fn=<DivBackward0>)
Memory status after this epoch: 
Memory allocated:  213.3486328125
Memory cached:  362.0
