[I 2023-12-05 01:07:47,617] Trial 12 finished with value: 0.39867040514945984 and parameters: {'W_layers': 5, 'W_layer_units_exponent_0': 7, 'W_layer_units_exponent_1': 7, 'W_layer_units_exponent_2': 7, 'W_layer_units_exponent_3': 4, 'W_layer_units_exponent_4': 7, 'D_layers': 3, 'D_layer_units_exponent_0': 7, 'D_layer_units_exponent_1': 6, 'D_layer_units_exponent_2': 10, 'log_learning_rate': -2.88577218569388, 'log_learning_rate_D': -2.098191312515654, 'training_batch_size': 6, 'training_p': 4}. Best is trial 8 with value: 0.17762570083141327.
Time for this trial:  64.69537234306335
Memory status after this trial: 
Memory allocated:  57.69677734375
Memory cached:  164.0
--------------------  Trial  13   --------------------
Start timing: 
Parameters: 
{'W_layers': 6, 'W_layer_units_exponent_0': 6, 'W_layer_units_exponent_1': 6, 'W_layer_units_exponent_2': 7, 'W_layer_units_exponent_3': 6, 'W_layer_units_exponent_4': 10, 'W_layer_units_exponent_5': 10, 'D_layers': 2, 'D_layer_units_exponent_0': 7, 'D_layer_units_exponent_1': 7, 'log_learning_rate': -3.018661381962698, 'log_learning_rate_D': -1.8429835061120179, 'training_batch_size': 7, 'training_p': 4}
	 epoch  0 training error:  tensor(1.0083, device='cuda:0', grad_fn=<DivBackward0>)
Memory status after this epoch: 
Memory allocated:  34.6552734375
Memory cached:  186.0
	 epoch  10 training error:  tensor(0.8597, device='cuda:0', grad_fn=<DivBackward0>)
Memory status after this epoch: 
Memory allocated:  34.6552734375
Memory cached:  186.0
	 epoch  20 training error:  tensor(0.7772, device='cuda:0', grad_fn=<DivBackward0>)
Memory status after this epoch: 
Memory allocated:  34.6552734375
Memory cached:  186.0
	 epoch  30 training error:  tensor(0.6348, device='cuda:0', grad_fn=<DivBackward0>)
Memory status after this epoch: 
Memory allocated:  34.6552734375
Memory cached:  186.0
	 epoch  40 training error:  tensor(0.7206, device='cuda:0', grad_fn=<DivBackward0>)
Memory status after this epoch: 
Memory allocated:  34.6552734375
Memory cached:  186.0
	 epoch  50 training error:  tensor(0.6071, device='cuda:0', grad_fn=<DivBackward0>)
Memory status after this epoch: 
Memory allocated:  34.6552734375
Memory cached:  186.0
	 epoch  60 training error:  tensor(0.5773, device='cuda:0', grad_fn=<DivBackward0>)
Memory status after this epoch: 
Memory allocated:  34.6552734375
Memory cached:  186.0
	 epoch  70 training error:  tensor(0.5543, device='cuda:0', grad_fn=<DivBackward0>)
Memory status after this epoch: 
Memory allocated:  34.6552734375
Memory cached:  186.0
	 epoch  80 training error:  tensor(0.5332, device='cuda:0', grad_fn=<DivBackward0>)
Memory status after this epoch: 
Memory allocated:  34.6552734375
Memory cached:  186.0
	 epoch  90 training error:  tensor(0.5171, device='cuda:0', grad_fn=<DivBackward0>)
Memory status after this epoch: 
Memory allocated:  34.6552734375
Memory cached:  186.0
[I 2023-12-05 01:08:29,449] Trial 13 finished with value: 0.5199530124664307 and parameters: {'W_layers': 6, 'W_layer_units_exponent_0': 6, 'W_layer_units_exponent_1': 6, 'W_layer_units_exponent_2': 7, 'W_layer_units_exponent_3': 6, 'W_layer_units_exponent_4': 10, 'W_layer_units_exponent_5': 10, 'D_layers': 2, 'D_layer_units_exponent_0': 7, 'D_layer_units_exponent_1': 7, 'log_learning_rate': -3.018661381962698, 'log_learning_rate_D': -1.8429835061120179, 'training_batch_size': 7, 'training_p': 4}. Best is trial 8 with value: 0.17762570083141327.
Time for this trial:  41.6617648601532
Memory status after this trial: 
Memory allocated:  85.92822265625
Memory cached:  186.0
--------------------  Trial  14   --------------------
Start timing: 
Parameters: 
{'W_layers': 4, 'W_layer_units_exponent_0': 7, 'W_layer_units_exponent_1': 4, 'W_layer_units_exponent_2': 6, 'W_layer_units_exponent_3': 4, 'D_layers': 3, 'D_layer_units_exponent_0': 6, 'D_layer_units_exponent_1': 8, 'D_layer_units_exponent_2': 4, 'log_learning_rate': -2.8015696231203475, 'log_learning_rate_D': -3.4880909863248126, 'training_batch_size': 6, 'training_p': 3}
	 epoch  0 training error:  tensor(1.0232, device='cuda:0', grad_fn=<DivBackward0>)
Memory status after this epoch: 
Memory allocated:  17.40234375
Memory cached:  164.0
	 epoch  10 training error:  tensor(0.7972, device='cuda:0', grad_fn=<DivBackward0>)
Memory status after this epoch: 
Memory allocated:  17.40234375
Memory cached:  164.0
	 epoch  20 training error:  tensor(0.6794, device='cuda:0', grad_fn=<DivBackward0>)
Memory status after this epoch: 
Memory allocated:  17.40234375
Memory cached:  164.0
	 epoch  30 training error:  tensor(0.6397, device='cuda:0', grad_fn=<DivBackward0>)
Memory status after this epoch: 
Memory allocated:  17.40234375
Memory cached:  164.0
	 epoch  40 training error:  tensor(0.5979, device='cuda:0', grad_fn=<DivBackward0>)
Memory status after this epoch: 
Memory allocated:  17.40234375
Memory cached:  164.0
	 epoch  50 training error:  tensor(0.5086, device='cuda:0', grad_fn=<DivBackward0>)
Memory status after this epoch: 
Memory allocated:  17.40234375
Memory cached:  164.0
	 epoch  60 training error:  tensor(0.3873, device='cuda:0', grad_fn=<DivBackward0>)
Memory status after this epoch: 
Memory allocated:  17.40234375
Memory cached:  164.0
	 epoch  70 training error:  tensor(0.2496, device='cuda:0', grad_fn=<DivBackward0>)
Memory status after this epoch: 
Memory allocated:  17.40234375
Memory cached:  164.0
	 epoch  80 training error:  tensor(0.1795, device='cuda:0', grad_fn=<DivBackward0>)
Memory status after this epoch: 
Memory allocated:  17.40234375
Memory cached:  164.0
	 epoch  90 training error:  tensor(0.1540, device='cuda:0', grad_fn=<DivBackward0>)
Memory status after this epoch: 
Memory allocated:  17.40234375
Memory cached:  164.0
[I 2023-12-05 01:09:29,529] Trial 14 finished with value: 0.16053257882595062 and parameters: {'W_layers': 4, 'W_layer_units_exponent_0': 7, 'W_layer_units_exponent_1': 4, 'W_layer_units_exponent_2': 6, 'W_layer_units_exponent_3': 4, 'D_layers': 3, 'D_layer_units_exponent_0': 6, 'D_layer_units_exponent_1': 8, 'D_layer_units_exponent_2': 4, 'log_learning_rate': -2.8015696231203475, 'log_learning_rate_D': -3.4880909863248126, 'training_batch_size': 6, 'training_p': 3}. Best is trial 14 with value: 0.16053257882595062.
res:  tensor(0.1605, device='cuda:0', grad_fn=<DivBackward0>)
self.bestValue:  tensor(0.1776, device='cuda:0', grad_fn=<DivBackward0>)
Save this model!
Time for this trial:  59.903345823287964
Memory status after this trial: 
Memory allocated:  13.2861328125
Memory cached:  124.0
--------------------  Trial  15   --------------------
Start timing: 
Parameters: 
{'W_layers': 4, 'W_layer_units_exponent_0': 4, 'W_layer_units_exponent_1': 4, 'W_layer_units_exponent_2': 5, 'W_layer_units_exponent_3': 7, 'D_layers': 3, 'D_layer_units_exponent_0': 6, 'D_layer_units_exponent_1': 8, 'D_layer_units_exponent_2': 4, 'log_learning_rate': -2.674137866934254, 'log_learning_rate_D': -3.5956728983210877, 'training_batch_size': 8, 'training_p': 3}
	 epoch  0 training error:  tensor(1.0074, device='cuda:0', grad_fn=<DivBackward0>)
Memory status after this epoch: 
Memory allocated:  13.73291015625
Memory cached:  124.0
	 epoch  10 training error:  tensor(0.8605, device='cuda:0', grad_fn=<DivBackward0>)
Memory status after this epoch: 
Memory allocated:  13.73291015625
Memory cached:  124.0
	 epoch  20 training error:  tensor(0.7955, device='cuda:0', grad_fn=<DivBackward0>)
Memory status after this epoch: 
Memory allocated:  13.73291015625
Memory cached:  124.0
	 epoch  30 training error:  tensor(0.7633, device='cuda:0', grad_fn=<DivBackward0>)
Memory status after this epoch: 
Memory allocated:  13.73291015625
Memory cached:  124.0
	 epoch  40 training error:  tensor(0.6900, device='cuda:0', grad_fn=<DivBackward0>)
Memory status after this epoch: 
Memory allocated:  13.73291015625
Memory cached:  124.0
	 epoch  50 training error:  tensor(0.6599, device='cuda:0', grad_fn=<DivBackward0>)
Memory status after this epoch: 
Memory allocated:  13.73291015625
Memory cached:  124.0
	 epoch  60 training error:  tensor(0.6370, device='cuda:0', grad_fn=<DivBackward0>)
Memory status after this epoch: 
Memory allocated:  13.73291015625
Memory cached:  124.0
	 epoch  70 training error:  tensor(0.6187, device='cuda:0', grad_fn=<DivBackward0>)
Memory status after this epoch: 
Memory allocated:  13.73291015625
Memory cached:  124.0
	 epoch  80 training error:  tensor(0.6012, device='cuda:0', grad_fn=<DivBackward0>)
Memory status after this epoch: 
Memory allocated:  13.73291015625
Memory cached:  124.0
	 epoch  90 training error:  tensor(0.5812, device='cuda:0', grad_fn=<DivBackward0>)
Memory status after this epoch: 
Memory allocated:  13.73291015625
Memory cached:  124.0
[I 2023-12-05 01:10:07,111] Trial 15 finished with value: 0.529035210609436 and parameters: {'W_layers': 4, 'W_layer_units_exponent_0': 4, 'W_layer_units_exponent_1': 4, 'W_layer_units_exponent_2': 5, 'W_layer_units_exponent_3': 7, 'D_layers': 3, 'D_layer_units_exponent_0': 6, 'D_layer_units_exponent_1': 8, 'D_layer_units_exponent_2': 4, 'log_learning_rate': -2.674137866934254, 'log_learning_rate_D': -3.5956728983210877, 'training_batch_size': 8, 'training_p': 3}. Best is trial 14 with value: 0.16053257882595062.
Time for this trial:  37.42482614517212
Memory status after this trial: 
Memory allocated:  25.84326171875
Memory cached:  124.0
--------------------  Trial  16   --------------------
Start timing: 
Parameters: 
{'W_layers': 4, 'W_layer_units_exponent_0': 6, 'W_layer_units_exponent_1': 5, 'W_layer_units_exponent_2': 6, 'W_layer_units_exponent_3': 5, 'D_layers': 4, 'D_layer_units_exponent_0': 6, 'D_layer_units_exponent_1': 8, 'D_layer_units_exponent_2': 5, 'D_layer_units_exponent_3': 8, 'log_learning_rate': -3.5065803206670445, 'log_learning_rate_D': -3.478928533106925, 'training_batch_size': 8, 'training_p': 3}
	 epoch  0 training error:  tensor(1.0062, device='cuda:0', grad_fn=<DivBackward0>)
Memory status after this epoch: 
Memory allocated:  13.94775390625
Memory cached:  124.0
	 epoch  10 training error:  tensor(0.9384, device='cuda:0', grad_fn=<DivBackward0>)
Memory status after this epoch: 
Memory allocated:  13.94775390625
Memory cached:  124.0
	 epoch  20 training error:  tensor(0.9069, device='cuda:0', grad_fn=<DivBackward0>)
Memory status after this epoch: 
Memory allocated:  13.94775390625
Memory cached:  124.0
	 epoch  30 training error:  tensor(0.8712, device='cuda:0', grad_fn=<DivBackward0>)
Memory status after this epoch: 
Memory allocated:  13.94775390625
Memory cached:  124.0
	 epoch  40 training error:  tensor(0.8292, device='cuda:0', grad_fn=<DivBackward0>)
Memory status after this epoch: 
Memory allocated:  13.94775390625
Memory cached:  124.0
	 epoch  50 training error:  tensor(0.7738, device='cuda:0', grad_fn=<DivBackward0>)
Memory status after this epoch: 
Memory allocated:  13.94775390625
Memory cached:  124.0
	 epoch  60 training error:  tensor(0.7023, device='cuda:0', grad_fn=<DivBackward0>)
Memory status after this epoch: 
Memory allocated:  13.94775390625
Memory cached:  124.0
	 epoch  70 training error:  tensor(0.6539, device='cuda:0', grad_fn=<DivBackward0>)
Memory status after this epoch: 
Memory allocated:  13.94775390625
Memory cached:  124.0
	 epoch  80 training error:  tensor(0.6040, device='cuda:0', grad_fn=<DivBackward0>)
Memory status after this epoch: 
Memory allocated:  13.94775390625
Memory cached:  124.0
	 epoch  90 training error:  tensor(0.5756, device='cuda:0', grad_fn=<DivBackward0>)
Memory status after this epoch: 
Memory allocated:  13.94775390625
Memory cached:  124.0
[I 2023-12-05 01:10:46,776] Trial 16 finished with value: 0.5607729554176331 and parameters: {'W_layers': 4, 'W_layer_units_exponent_0': 6, 'W_layer_units_exponent_1': 5, 'W_layer_units_exponent_2': 6, 'W_layer_units_exponent_3': 5, 'D_layers': 4, 'D_layer_units_exponent_0': 6, 'D_layer_units_exponent_1': 8, 'D_layer_units_exponent_2': 5, 'D_layer_units_exponent_3': 8, 'log_learning_rate': -3.5065803206670445, 'log_learning_rate_D': -3.478928533106925, 'training_batch_size': 8, 'training_p': 3}. Best is trial 14 with value: 0.16053257882595062.
Time for this trial:  39.512534856796265
Memory status after this trial: 
Memory allocated:  31.89501953125
Memory cached:  124.0
--------------------  Trial  17   --------------------
Start timing: 
Parameters: 
{'W_layers': 6, 'W_layer_units_exponent_0': 8, 'W_layer_units_exponent_1': 5, 'W_layer_units_exponent_2': 5, 'W_layer_units_exponent_3': 6, 'W_layer_units_exponent_4': 5, 'W_layer_units_exponent_5': 7, 'D_layers': 3, 'D_layer_units_exponent_0': 6, 'D_layer_units_exponent_1': 10, 'D_layer_units_exponent_2': 4, 'log_learning_rate': -2.5539056118488324, 'log_learning_rate_D': -4.198964236300701, 'training_batch_size': 6, 'training_p': 3}
	 epoch  0 training error:  tensor(0.9853, device='cuda:0', grad_fn=<DivBackward0>)
Memory status after this epoch: 
Memory allocated:  14.86474609375
Memory cached:  126.0
	 epoch  10 training error:  tensor(0.7192, device='cuda:0', grad_fn=<DivBackward0>)
Memory status after this epoch: 
Memory allocated:  14.86474609375
Memory cached:  126.0
	 epoch  20 training error:  tensor(0.5004, device='cuda:0', grad_fn=<DivBackward0>)
Memory status after this epoch: 
Memory allocated:  14.86474609375
Memory cached:  126.0
	 epoch  30 training error:  tensor(0.3748, device='cuda:0', grad_fn=<DivBackward0>)
Memory status after this epoch: 
Memory allocated:  14.86474609375
Memory cached:  126.0
	 epoch  40 training error:  tensor(0.4558, device='cuda:0', grad_fn=<DivBackward0>)
Memory status after this epoch: 
Memory allocated:  14.86474609375
Memory cached:  126.0
	 epoch  50 training error:  tensor(0.3465, device='cuda:0', grad_fn=<DivBackward0>)
Memory status after this epoch: 
Memory allocated:  14.86474609375
Memory cached:  126.0
	 epoch  60 training error:  tensor(0.3678, device='cuda:0', grad_fn=<DivBackward0>)
Memory status after this epoch: 
Memory allocated:  14.86474609375
Memory cached:  126.0
	 epoch  70 training error:  tensor(0.2879, device='cuda:0', grad_fn=<DivBackward0>)
Memory status after this epoch: 
Memory allocated:  14.86474609375
Memory cached:  126.0
	 epoch  80 training error:  tensor(0.2912, device='cuda:0', grad_fn=<DivBackward0>)
Memory status after this epoch: 
Memory allocated:  14.86474609375
Memory cached:  126.0
	 epoch  90 training error:  tensor(0.2824, device='cuda:0', grad_fn=<DivBackward0>)
Memory status after this epoch: 
Memory allocated:  14.86474609375
Memory cached:  126.0
[I 2023-12-05 01:11:55,686] Trial 17 finished with value: 0.25862178206443787 and parameters: {'W_layers': 6, 'W_layer_units_exponent_0': 8, 'W_layer_units_exponent_1': 5, 'W_layer_units_exponent_2': 5, 'W_layer_units_exponent_3': 6, 'W_layer_units_exponent_4': 5, 'W_layer_units_exponent_5': 7, 'D_layers': 3, 'D_layer_units_exponent_0': 6, 'D_layer_units_exponent_1': 10, 'D_layer_units_exponent_2': 4, 'log_learning_rate': -2.5539056118488324, 'log_learning_rate_D': -4.198964236300701, 'training_batch_size': 6, 'training_p': 3}. Best is trial 14 with value: 0.16053257882595062.
Time for this trial:  68.71904492378235
Memory status after this trial: 
Memory allocated:  51.73388671875
Memory cached:  124.0
--------------------  Trial  18   --------------------
Start timing: 
Parameters: 
{'W_layers': 3, 'W_layer_units_exponent_0': 6, 'W_layer_units_exponent_1': 4, 'W_layer_units_exponent_2': 6, 'D_layers': 5, 'D_layer_units_exponent_0': 8, 'D_layer_units_exponent_1': 8, 'D_layer_units_exponent_2': 6, 'D_layer_units_exponent_3': 8, 'D_layer_units_exponent_4': 8, 'log_learning_rate': -3.2717460870401744, 'log_learning_rate_D': -2.7184181452761735, 'training_batch_size': 7, 'training_p': 4}
	 epoch  0 training error:  tensor(1.0007, device='cuda:0', grad_fn=<DivBackward0>)
Memory status after this epoch: 
Memory allocated:  15.89697265625
Memory cached:  126.0
	 epoch  10 training error:  tensor(0.9282, device='cuda:0', grad_fn=<DivBackward0>)
Memory status after this epoch: 
Memory allocated:  15.89697265625
Memory cached:  126.0
	 epoch  20 training error:  tensor(0.8712, device='cuda:0', grad_fn=<DivBackward0>)
Memory status after this epoch: 
Memory allocated:  15.89697265625
Memory cached:  126.0
	 epoch  30 training error:  tensor(0.7847, device='cuda:0', grad_fn=<DivBackward0>)
Memory status after this epoch: 
Memory allocated:  15.89697265625
Memory cached:  126.0
	 epoch  40 training error:  tensor(0.6906, device='cuda:0', grad_fn=<DivBackward0>)
Memory status after this epoch: 
Memory allocated:  15.89697265625
Memory cached:  126.0
	 epoch  50 training error:  tensor(0.6389, device='cuda:0', grad_fn=<DivBackward0>)
Memory status after this epoch: 
Memory allocated:  15.89697265625
Memory cached:  126.0
	 epoch  60 training error:  tensor(0.6146, device='cuda:0', grad_fn=<DivBackward0>)
Memory status after this epoch: 
Memory allocated:  15.89697265625
Memory cached:  126.0
	 epoch  70 training error:  tensor(0.5891, device='cuda:0', grad_fn=<DivBackward0>)
Memory status after this epoch: 
Memory allocated:  15.89697265625
Memory cached:  126.0
	 epoch  80 training error:  tensor(0.5706, device='cuda:0', grad_fn=<DivBackward0>)
Memory status after this epoch: 
Memory allocated:  15.89697265625
Memory cached:  126.0
	 epoch  90 training error:  tensor(0.6320, device='cuda:0', grad_fn=<DivBackward0>)
Memory status after this epoch: 
Memory allocated:  15.89697265625
Memory cached:  126.0
[I 2023-12-05 01:12:36,107] Trial 18 finished with value: 0.5959926843643188 and parameters: {'W_layers': 3, 'W_layer_units_exponent_0': 6, 'W_layer_units_exponent_1': 4, 'W_layer_units_exponent_2': 6, 'D_layers': 5, 'D_layer_units_exponent_0': 8, 'D_layer_units_exponent_1': 8, 'D_layer_units_exponent_2': 6, 'D_layer_units_exponent_3': 8, 'D_layer_units_exponent_4': 8, 'log_learning_rate': -3.2717460870401744, 'log_learning_rate_D': -2.7184181452761735, 'training_batch_size': 7, 'training_p': 4}. Best is trial 14 with value: 0.16053257882595062.
Time for this trial:  40.245959520339966
Memory status after this trial: 
Memory allocated:  42.720703125
Memory cached:  126.0
--------------------  Trial  19   --------------------
Start timing: 
Parameters: 
{'W_layers': 6, 'W_layer_units_exponent_0': 7, 'W_layer_units_exponent_1': 5, 'W_layer_units_exponent_2': 4, 'W_layer_units_exponent_3': 4, 'W_layer_units_exponent_4': 4, 'W_layer_units_exponent_5': 7, 'D_layers': 2, 'D_layer_units_exponent_0': 8, 'D_layer_units_exponent_1': 9, 'log_learning_rate': -3.728235207833353, 'log_learning_rate_D': -3.3826830198132822, 'training_batch_size': 8, 'training_p': 2}
	 epoch  0 training error:  tensor(0.9525, device='cuda:0', grad_fn=<DivBackward0>)
Memory status after this epoch: 
Memory allocated:  15.48095703125
Memory cached:  124.0
	 epoch  10 training error:  tensor(0.9308, device='cuda:0', grad_fn=<DivBackward0>)
Memory status after this epoch: 
Memory allocated:  15.48095703125
Memory cached:  124.0
	 epoch  20 training error:  tensor(0.9190, device='cuda:0', grad_fn=<DivBackward0>)
Memory status after this epoch: 
Memory allocated:  15.48095703125
Memory cached:  124.0
	 epoch  30 training error:  tensor(0.9028, device='cuda:0', grad_fn=<DivBackward0>)
Memory status after this epoch: 
Memory allocated:  15.48095703125
Memory cached:  124.0
	 epoch  40 training error:  tensor(0.8736, device='cuda:0', grad_fn=<DivBackward0>)
Memory status after this epoch: 
Memory allocated:  15.48095703125
Memory cached:  124.0
	 epoch  50 training error:  tensor(0.8276, device='cuda:0', grad_fn=<DivBackward0>)
Memory status after this epoch: 
Memory allocated:  15.48095703125
Memory cached:  124.0
	 epoch  60 training error:  tensor(0.7752, device='cuda:0', grad_fn=<DivBackward0>)
Memory status after this epoch: 
Memory allocated:  15.48095703125
Memory cached:  124.0
	 epoch  70 training error:  tensor(0.7487, device='cuda:0', grad_fn=<DivBackward0>)
Memory status after this epoch: 
Memory allocated:  15.48095703125
Memory cached:  124.0
	 epoch  80 training error:  tensor(0.7389, device='cuda:0', grad_fn=<DivBackward0>)
Memory status after this epoch: 
Memory allocated:  15.48095703125
Memory cached:  124.0
	 epoch  90 training error:  tensor(0.7340, device='cuda:0', grad_fn=<DivBackward0>)
Memory status after this epoch: 
Memory allocated:  15.48095703125
Memory cached:  124.0
