[I 2023-12-05 02:26:29,473] Trial 73 finished with value: 0.6692016124725342 and parameters: {'W_layers': 7, 'W_layer_units_exponent_0': 4, 'W_layer_units_exponent_1': 6, 'W_layer_units_exponent_2': 7, 'W_layer_units_exponent_3': 6, 'W_layer_units_exponent_4': 8, 'W_layer_units_exponent_5': 8, 'W_layer_units_exponent_6': 9, 'D_layers': 7, 'D_layer_units_exponent_0': 8, 'D_layer_units_exponent_1': 9, 'D_layer_units_exponent_2': 10, 'D_layer_units_exponent_3': 7, 'D_layer_units_exponent_4': 4, 'D_layer_units_exponent_5': 4, 'D_layer_units_exponent_6': 6, 'log_learning_rate': -2.9250354059752954, 'log_learning_rate_D': -1.698501438029396, 'training_batch_size': 7, 'training_p': 2}. Best is trial 36 with value: 0.5074478983879089.
Time for this trial:  14.553999662399292
Memory status after this trial: 
Memory allocated:  70.19580078125
Memory cached:  84.0
--------------------  Trial  74   --------------------
Start timing: 
Parameters: 
{'W_layers': 8, 'W_layer_units_exponent_0': 8, 'W_layer_units_exponent_1': 7, 'W_layer_units_exponent_2': 8, 'W_layer_units_exponent_3': 7, 'W_layer_units_exponent_4': 6, 'W_layer_units_exponent_5': 8, 'W_layer_units_exponent_6': 7, 'W_layer_units_exponent_7': 5, 'D_layers': 5, 'D_layer_units_exponent_0': 7, 'D_layer_units_exponent_1': 10, 'D_layer_units_exponent_2': 9, 'D_layer_units_exponent_3': 8, 'D_layer_units_exponent_4': 5, 'log_learning_rate': -2.5739482019374984, 'log_learning_rate_D': -1.0009632074901997, 'training_batch_size': 6, 'training_p': 2}
	 epoch  0 training error:  tensor(0.9965, device='cuda:0', grad_fn=<DivBackward0>)
Memory status after this epoch: 
Memory allocated:  44.14013671875
Memory cached:  84.0
	 epoch  10 training error:  tensor(0.7601, device='cuda:0', grad_fn=<DivBackward0>)
Memory status after this epoch: 
Memory allocated:  44.14013671875
Memory cached:  84.0
	 epoch  20 training error:  tensor(0.5746, device='cuda:0', grad_fn=<DivBackward0>)
Memory status after this epoch: 
Memory allocated:  44.14013671875
Memory cached:  84.0
	 epoch  30 training error:  tensor(0.5754, device='cuda:0', grad_fn=<DivBackward0>)
Memory status after this epoch: 
Memory allocated:  44.14013671875
Memory cached:  84.0
	 epoch  40 training error:  tensor(0.5712, device='cuda:0', grad_fn=<DivBackward0>)
Memory status after this epoch: 
Memory allocated:  44.14013671875
Memory cached:  84.0
	 epoch  50 training error:  tensor(0.5682, device='cuda:0', grad_fn=<DivBackward0>)
Memory status after this epoch: 
Memory allocated:  44.14013671875
Memory cached:  84.0
	 epoch  60 training error:  tensor(0.5741, device='cuda:0', grad_fn=<DivBackward0>)
Memory status after this epoch: 
Memory allocated:  44.14013671875
Memory cached:  84.0
	 epoch  70 training error:  tensor(0.5693, device='cuda:0', grad_fn=<DivBackward0>)
Memory status after this epoch: 
Memory allocated:  44.14013671875
Memory cached:  84.0
	 epoch  80 training error:  tensor(0.5695, device='cuda:0', grad_fn=<DivBackward0>)
Memory status after this epoch: 
Memory allocated:  44.14013671875
Memory cached:  84.0
	 epoch  90 training error:  tensor(0.5688, device='cuda:0', grad_fn=<DivBackward0>)
Memory status after this epoch: 
Memory allocated:  44.14013671875
Memory cached:  84.0
[I 2023-12-05 02:26:45,858] Trial 74 finished with value: 0.513081967830658 and parameters: {'W_layers': 8, 'W_layer_units_exponent_0': 8, 'W_layer_units_exponent_1': 7, 'W_layer_units_exponent_2': 8, 'W_layer_units_exponent_3': 7, 'W_layer_units_exponent_4': 6, 'W_layer_units_exponent_5': 8, 'W_layer_units_exponent_6': 7, 'W_layer_units_exponent_7': 5, 'D_layers': 5, 'D_layer_units_exponent_0': 7, 'D_layer_units_exponent_1': 10, 'D_layer_units_exponent_2': 9, 'D_layer_units_exponent_3': 8, 'D_layer_units_exponent_4': 5, 'log_learning_rate': -2.5739482019374984, 'log_learning_rate_D': -1.0009632074901997, 'training_batch_size': 6, 'training_p': 2}. Best is trial 36 with value: 0.5074478983879089.
Time for this trial:  16.17834186553955
Memory status after this trial: 
Memory allocated:  68.55712890625
Memory cached:  84.0
--------------------  Trial  75   --------------------
Start timing: 
Parameters: 
{'W_layers': 7, 'W_layer_units_exponent_0': 6, 'W_layer_units_exponent_1': 9, 'W_layer_units_exponent_2': 7, 'W_layer_units_exponent_3': 9, 'W_layer_units_exponent_4': 5, 'W_layer_units_exponent_5': 9, 'W_layer_units_exponent_6': 10, 'D_layers': 6, 'D_layer_units_exponent_0': 9, 'D_layer_units_exponent_1': 9, 'D_layer_units_exponent_2': 10, 'D_layer_units_exponent_3': 6, 'D_layer_units_exponent_4': 4, 'D_layer_units_exponent_5': 5, 'log_learning_rate': -2.799912909093102, 'log_learning_rate_D': -1.5001868677684236, 'training_batch_size': 7, 'training_p': 3}
	 epoch  0 training error:  tensor(0.9904, device='cuda:0', grad_fn=<DivBackward0>)
Memory status after this epoch: 
Memory allocated:  53.3154296875
Memory cached:  84.0
	 epoch  10 training error:  tensor(0.8277, device='cuda:0', grad_fn=<DivBackward0>)
Memory status after this epoch: 
Memory allocated:  53.3154296875
Memory cached:  84.0
	 epoch  20 training error:  tensor(0.8080, device='cuda:0', grad_fn=<DivBackward0>)
Memory status after this epoch: 
Memory allocated:  53.3154296875
Memory cached:  84.0
	 epoch  30 training error:  tensor(0.7771, device='cuda:0', grad_fn=<DivBackward0>)
Memory status after this epoch: 
Memory allocated:  53.3154296875
Memory cached:  84.0
	 epoch  40 training error:  tensor(0.7333, device='cuda:0', grad_fn=<DivBackward0>)
Memory status after this epoch: 
Memory allocated:  53.3154296875
Memory cached:  84.0
	 epoch  50 training error:  tensor(0.6538, device='cuda:0', grad_fn=<DivBackward0>)
Memory status after this epoch: 
Memory allocated:  53.3154296875
Memory cached:  84.0
	 epoch  60 training error:  tensor(0.6593, device='cuda:0', grad_fn=<DivBackward0>)
Memory status after this epoch: 
Memory allocated:  53.3154296875
Memory cached:  84.0
	 epoch  70 training error:  tensor(0.6325, device='cuda:0', grad_fn=<DivBackward0>)
Memory status after this epoch: 
Memory allocated:  53.3154296875
Memory cached:  84.0
	 epoch  80 training error:  tensor(0.6275, device='cuda:0', grad_fn=<DivBackward0>)
Memory status after this epoch: 
Memory allocated:  53.3154296875
Memory cached:  84.0
	 epoch  90 training error:  tensor(0.6249, device='cuda:0', grad_fn=<DivBackward0>)
Memory status after this epoch: 
Memory allocated:  53.3154296875
Memory cached:  84.0
[I 2023-12-05 02:27:01,307] Trial 75 finished with value: 0.5500048995018005 and parameters: {'W_layers': 7, 'W_layer_units_exponent_0': 6, 'W_layer_units_exponent_1': 9, 'W_layer_units_exponent_2': 7, 'W_layer_units_exponent_3': 9, 'W_layer_units_exponent_4': 5, 'W_layer_units_exponent_5': 9, 'W_layer_units_exponent_6': 10, 'D_layers': 6, 'D_layer_units_exponent_0': 9, 'D_layer_units_exponent_1': 9, 'D_layer_units_exponent_2': 10, 'D_layer_units_exponent_3': 6, 'D_layer_units_exponent_4': 4, 'D_layer_units_exponent_5': 5, 'log_learning_rate': -2.799912909093102, 'log_learning_rate_D': -1.5001868677684236, 'training_batch_size': 7, 'training_p': 3}. Best is trial 36 with value: 0.5074478983879089.
Time for this trial:  15.241933584213257
Memory status after this trial: 
Memory allocated:  108.38525390625
Memory cached:  144.0
--------------------  Trial  76   --------------------
Start timing: 
Parameters: 
{'W_layers': 6, 'W_layer_units_exponent_0': 5, 'W_layer_units_exponent_1': 4, 'W_layer_units_exponent_2': 9, 'W_layer_units_exponent_3': 8, 'W_layer_units_exponent_4': 6, 'W_layer_units_exponent_5': 7, 'D_layers': 4, 'D_layer_units_exponent_0': 8, 'D_layer_units_exponent_1': 10, 'D_layer_units_exponent_2': 10, 'D_layer_units_exponent_3': 8, 'log_learning_rate': -3.103800012705369, 'log_learning_rate_D': -1.3267495984778939, 'training_batch_size': 12, 'training_p': 2}
	 epoch  0 training error:  tensor(0.9709, device='cuda:0', grad_fn=<DivBackward0>)
Memory status after this epoch: 
Memory allocated:  47.19873046875
Memory cached:  84.0
	 epoch  10 training error:  tensor(0.7549, device='cuda:0', grad_fn=<DivBackward0>)
Memory status after this epoch: 
Memory allocated:  47.19873046875
Memory cached:  84.0
	 epoch  20 training error:  tensor(0.7319, device='cuda:0', grad_fn=<DivBackward0>)
Memory status after this epoch: 
Memory allocated:  47.19873046875
Memory cached:  84.0
	 epoch  30 training error:  tensor(0.7290, device='cuda:0', grad_fn=<DivBackward0>)
Memory status after this epoch: 
Memory allocated:  47.19873046875
Memory cached:  84.0
	 epoch  40 training error:  tensor(0.7239, device='cuda:0', grad_fn=<DivBackward0>)
Memory status after this epoch: 
Memory allocated:  47.19873046875
Memory cached:  84.0
	 epoch  50 training error:  tensor(0.7134, device='cuda:0', grad_fn=<DivBackward0>)
Memory status after this epoch: 
Memory allocated:  47.19873046875
Memory cached:  84.0
	 epoch  60 training error:  tensor(0.6873, device='cuda:0', grad_fn=<DivBackward0>)
Memory status after this epoch: 
Memory allocated:  47.19873046875
Memory cached:  84.0
	 epoch  70 training error:  tensor(0.5922, device='cuda:0', grad_fn=<DivBackward0>)
Memory status after this epoch: 
Memory allocated:  47.19873046875
Memory cached:  84.0
	 epoch  80 training error:  tensor(0.5960, device='cuda:0', grad_fn=<DivBackward0>)
Memory status after this epoch: 
Memory allocated:  47.19873046875
Memory cached:  84.0
	 epoch  90 training error:  tensor(0.5696, device='cuda:0', grad_fn=<DivBackward0>)
Memory status after this epoch: 
Memory allocated:  47.19873046875
Memory cached:  84.0
[I 2023-12-05 02:27:15,855] Trial 76 finished with value: 0.5122982859611511 and parameters: {'W_layers': 6, 'W_layer_units_exponent_0': 5, 'W_layer_units_exponent_1': 4, 'W_layer_units_exponent_2': 9, 'W_layer_units_exponent_3': 8, 'W_layer_units_exponent_4': 6, 'W_layer_units_exponent_5': 7, 'D_layers': 4, 'D_layer_units_exponent_0': 8, 'D_layer_units_exponent_1': 10, 'D_layer_units_exponent_2': 10, 'D_layer_units_exponent_3': 8, 'log_learning_rate': -3.103800012705369, 'log_learning_rate_D': -1.3267495984778939, 'training_batch_size': 12, 'training_p': 2}. Best is trial 36 with value: 0.5074478983879089.
Time for this trial:  14.3553626537323
Memory status after this trial: 
Memory allocated:  63.00146484375
Memory cached:  84.0
--------------------  Trial  77   --------------------
Start timing: 
Parameters: 
{'W_layers': 6, 'W_layer_units_exponent_0': 7, 'W_layer_units_exponent_1': 5, 'W_layer_units_exponent_2': 8, 'W_layer_units_exponent_3': 10, 'W_layer_units_exponent_4': 4, 'W_layer_units_exponent_5': 8, 'D_layers': 3, 'D_layer_units_exponent_0': 10, 'D_layer_units_exponent_1': 8, 'D_layer_units_exponent_2': 6, 'log_learning_rate': -3.444815634674141, 'log_learning_rate_D': -1.1140309468998217, 'training_batch_size': 7, 'training_p': 2}
	 epoch  0 training error:  tensor(0.9608, device='cuda:0', grad_fn=<DivBackward0>)
Memory status after this epoch: 
Memory allocated:  44.2685546875
Memory cached:  84.0
	 epoch  10 training error:  tensor(0.7310, device='cuda:0', grad_fn=<DivBackward0>)
Memory status after this epoch: 
Memory allocated:  44.2685546875
Memory cached:  84.0
	 epoch  20 training error:  tensor(0.7321, device='cuda:0', grad_fn=<DivBackward0>)
Memory status after this epoch: 
Memory allocated:  44.2685546875
Memory cached:  84.0
	 epoch  30 training error:  tensor(0.7286, device='cuda:0', grad_fn=<DivBackward0>)
Memory status after this epoch: 
Memory allocated:  44.2685546875
Memory cached:  84.0
	 epoch  40 training error:  tensor(0.7263, device='cuda:0', grad_fn=<DivBackward0>)
Memory status after this epoch: 
Memory allocated:  44.2685546875
Memory cached:  84.0
	 epoch  50 training error:  tensor(0.7235, device='cuda:0', grad_fn=<DivBackward0>)
Memory status after this epoch: 
Memory allocated:  44.2685546875
Memory cached:  84.0
	 epoch  60 training error:  tensor(0.7195, device='cuda:0', grad_fn=<DivBackward0>)
Memory status after this epoch: 
Memory allocated:  44.2685546875
Memory cached:  84.0
	 epoch  70 training error:  tensor(0.7117, device='cuda:0', grad_fn=<DivBackward0>)
Memory status after this epoch: 
Memory allocated:  44.2685546875
Memory cached:  84.0
	 epoch  80 training error:  tensor(0.6921, device='cuda:0', grad_fn=<DivBackward0>)
Memory status after this epoch: 
Memory allocated:  44.2685546875
Memory cached:  84.0
	 epoch  90 training error:  tensor(0.6294, device='cuda:0', grad_fn=<DivBackward0>)
Memory status after this epoch: 
Memory allocated:  44.2685546875
Memory cached:  84.0
[I 2023-12-05 02:27:30,757] Trial 77 finished with value: 0.5235640406608582 and parameters: {'W_layers': 6, 'W_layer_units_exponent_0': 7, 'W_layer_units_exponent_1': 5, 'W_layer_units_exponent_2': 8, 'W_layer_units_exponent_3': 10, 'W_layer_units_exponent_4': 4, 'W_layer_units_exponent_5': 8, 'D_layers': 3, 'D_layer_units_exponent_0': 10, 'D_layer_units_exponent_1': 8, 'D_layer_units_exponent_2': 6, 'log_learning_rate': -3.444815634674141, 'log_learning_rate_D': -1.1140309468998217, 'training_batch_size': 7, 'training_p': 2}. Best is trial 36 with value: 0.5074478983879089.
Time for this trial:  14.725208044052124
Memory status after this trial: 
Memory allocated:  80.21142578125
Memory cached:  104.0
--------------------  Trial  78   --------------------
Start timing: 
Parameters: 
{'W_layers': 8, 'W_layer_units_exponent_0': 8, 'W_layer_units_exponent_1': 9, 'W_layer_units_exponent_2': 7, 'W_layer_units_exponent_3': 10, 'W_layer_units_exponent_4': 4, 'W_layer_units_exponent_5': 9, 'W_layer_units_exponent_6': 10, 'W_layer_units_exponent_7': 10, 'D_layers': 8, 'D_layer_units_exponent_0': 9, 'D_layer_units_exponent_1': 10, 'D_layer_units_exponent_2': 8, 'D_layer_units_exponent_3': 5, 'D_layer_units_exponent_4': 6, 'D_layer_units_exponent_5': 4, 'D_layer_units_exponent_6': 9, 'D_layer_units_exponent_7': 4, 'log_learning_rate': -2.9907954956883183, 'log_learning_rate_D': -2.688271305491408, 'training_batch_size': 6, 'training_p': 2}
	 epoch  0 training error:  tensor(1.3612, device='cuda:0', grad_fn=<DivBackward0>)
Memory status after this epoch: 
Memory allocated:  71.90771484375
Memory cached:  124.0
	 epoch  10 training error:  tensor(0.7719, device='cuda:0', grad_fn=<DivBackward0>)
Memory status after this epoch: 
Memory allocated:  71.90771484375
Memory cached:  124.0
	 epoch  20 training error:  tensor(0.7393, device='cuda:0', grad_fn=<DivBackward0>)
Memory status after this epoch: 
Memory allocated:  71.90771484375
Memory cached:  124.0
	 epoch  30 training error:  tensor(0.6997, device='cuda:0', grad_fn=<DivBackward0>)
Memory status after this epoch: 
Memory allocated:  71.90771484375
Memory cached:  124.0
	 epoch  40 training error:  tensor(0.6830, device='cuda:0', grad_fn=<DivBackward0>)
Memory status after this epoch: 
Memory allocated:  71.90771484375
Memory cached:  124.0
	 epoch  50 training error:  tensor(0.5942, device='cuda:0', grad_fn=<DivBackward0>)
Memory status after this epoch: 
Memory allocated:  71.90771484375
Memory cached:  124.0
	 epoch  60 training error:  tensor(0.5689, device='cuda:0', grad_fn=<DivBackward0>)
Memory status after this epoch: 
Memory allocated:  71.90771484375
Memory cached:  124.0
	 epoch  70 training error:  tensor(0.5712, device='cuda:0', grad_fn=<DivBackward0>)
Memory status after this epoch: 
Memory allocated:  71.90771484375
Memory cached:  124.0
	 epoch  80 training error:  tensor(0.5689, device='cuda:0', grad_fn=<DivBackward0>)
Memory status after this epoch: 
Memory allocated:  71.90771484375
Memory cached:  124.0
	 epoch  90 training error:  tensor(0.5783, device='cuda:0', grad_fn=<DivBackward0>)
Memory status after this epoch: 
Memory allocated:  71.90771484375
Memory cached:  124.0
[I 2023-12-05 02:27:48,568] Trial 78 finished with value: 0.5151575207710266 and parameters: {'W_layers': 8, 'W_layer_units_exponent_0': 8, 'W_layer_units_exponent_1': 9, 'W_layer_units_exponent_2': 7, 'W_layer_units_exponent_3': 10, 'W_layer_units_exponent_4': 4, 'W_layer_units_exponent_5': 9, 'W_layer_units_exponent_6': 10, 'W_layer_units_exponent_7': 10, 'D_layers': 8, 'D_layer_units_exponent_0': 9, 'D_layer_units_exponent_1': 10, 'D_layer_units_exponent_2': 8, 'D_layer_units_exponent_3': 5, 'D_layer_units_exponent_4': 6, 'D_layer_units_exponent_5': 4, 'D_layer_units_exponent_6': 9, 'D_layer_units_exponent_7': 4, 'log_learning_rate': -2.9907954956883183, 'log_learning_rate_D': -2.688271305491408, 'training_batch_size': 6, 'training_p': 2}. Best is trial 36 with value: 0.5074478983879089.
Time for this trial:  17.575913190841675
Memory status after this trial: 
Memory allocated:  157.55419921875
Memory cached:  204.0
--------------------  Trial  79   --------------------
Start timing: 
Parameters: 
{'W_layers': 5, 'W_layer_units_exponent_0': 9, 'W_layer_units_exponent_1': 10, 'W_layer_units_exponent_2': 9, 'W_layer_units_exponent_3': 7, 'W_layer_units_exponent_4': 5, 'D_layers': 6, 'D_layer_units_exponent_0': 8, 'D_layer_units_exponent_1': 9, 'D_layer_units_exponent_2': 9, 'D_layer_units_exponent_3': 7, 'D_layer_units_exponent_4': 5, 'D_layer_units_exponent_5': 6, 'log_learning_rate': -2.323926364086189, 'log_learning_rate_D': -1.876009065298412, 'training_batch_size': 8, 'training_p': 3}
	 epoch  0 training error:  tensor(0.9782, device='cuda:0', grad_fn=<DivBackward0>)
Memory status after this epoch: 
Memory allocated:  57.927734375
Memory cached:  104.0
	 epoch  10 training error:  tensor(1.2604, device='cuda:0', grad_fn=<DivBackward0>)
Memory status after this epoch: 
Memory allocated:  57.927734375
Memory cached:  104.0
	 epoch  20 training error:  tensor(0.7688, device='cuda:0', grad_fn=<DivBackward0>)
Memory status after this epoch: 
Memory allocated:  57.927734375
Memory cached:  104.0
	 epoch  30 training error:  tensor(0.7802, device='cuda:0', grad_fn=<DivBackward0>)
Memory status after this epoch: 
Memory allocated:  57.927734375
Memory cached:  104.0
	 epoch  40 training error:  tensor(0.6247, device='cuda:0', grad_fn=<DivBackward0>)
Memory status after this epoch: 
Memory allocated:  57.927734375
Memory cached:  104.0
	 epoch  50 training error:  tensor(0.6300, device='cuda:0', grad_fn=<DivBackward0>)
Memory status after this epoch: 
Memory allocated:  57.927734375
Memory cached:  104.0
	 epoch  60 training error:  tensor(0.6248, device='cuda:0', grad_fn=<DivBackward0>)
Memory status after this epoch: 
Memory allocated:  57.927734375
Memory cached:  104.0
	 epoch  70 training error:  tensor(0.6255, device='cuda:0', grad_fn=<DivBackward0>)
Memory status after this epoch: 
Memory allocated:  57.927734375
Memory cached:  104.0
	 epoch  80 training error:  tensor(0.6247, device='cuda:0', grad_fn=<DivBackward0>)
Memory status after this epoch: 
Memory allocated:  57.927734375
Memory cached:  104.0
	 epoch  90 training error:  tensor(0.6244, device='cuda:0', grad_fn=<DivBackward0>)
Memory status after this epoch: 
Memory allocated:  57.927734375
Memory cached:  104.0
[I 2023-12-05 02:28:03,594] Trial 79 finished with value: 0.5477492213249207 and parameters: {'W_layers': 5, 'W_layer_units_exponent_0': 9, 'W_layer_units_exponent_1': 10, 'W_layer_units_exponent_2': 9, 'W_layer_units_exponent_3': 7, 'W_layer_units_exponent_4': 5, 'D_layers': 6, 'D_layer_units_exponent_0': 8, 'D_layer_units_exponent_1': 9, 'D_layer_units_exponent_2': 9, 'D_layer_units_exponent_3': 7, 'D_layer_units_exponent_4': 5, 'D_layer_units_exponent_5': 6, 'log_learning_rate': -2.323926364086189, 'log_learning_rate_D': -1.876009065298412, 'training_batch_size': 8, 'training_p': 3}. Best is trial 36 with value: 0.5074478983879089.
Time for this trial:  14.838351249694824
Memory status after this trial: 
Memory allocated:  98.60302734375
Memory cached:  124.0
--------------------  Trial  80   --------------------
Start timing: 
Parameters: 
{'W_layers': 7, 'W_layer_units_exponent_0': 8, 'W_layer_units_exponent_1': 5, 'W_layer_units_exponent_2': 6, 'W_layer_units_exponent_3': 8, 'W_layer_units_exponent_4': 9, 'W_layer_units_exponent_5': 7, 'W_layer_units_exponent_6': 8, 'D_layers': 2, 'D_layer_units_exponent_0': 9, 'D_layer_units_exponent_1': 4, 'log_learning_rate': -3.321425104740886, 'log_learning_rate_D': -1.6967714326699792, 'training_batch_size': 6, 'training_p': 2}
	 epoch  0 training error:  tensor(1.0319, device='cuda:0', grad_fn=<DivBackward0>)
Memory status after this epoch: 
Memory allocated:  42.6123046875
Memory cached:  84.0
	 epoch  10 training error:  tensor(0.7311, device='cuda:0', grad_fn=<DivBackward0>)
Memory status after this epoch: 
Memory allocated:  42.6123046875
Memory cached:  84.0
	 epoch  20 training error:  tensor(0.7225, device='cuda:0', grad_fn=<DivBackward0>)
Memory status after this epoch: 
Memory allocated:  42.6123046875
Memory cached:  84.0
	 epoch  30 training error:  tensor(0.7139, device='cuda:0', grad_fn=<DivBackward0>)
Memory status after this epoch: 
Memory allocated:  42.6123046875
Memory cached:  84.0
	 epoch  40 training error:  tensor(0.6881, device='cuda:0', grad_fn=<DivBackward0>)
Memory status after this epoch: 
Memory allocated:  42.6123046875
Memory cached:  84.0
	 epoch  50 training error:  tensor(0.6700, device='cuda:0', grad_fn=<DivBackward0>)
Memory status after this epoch: 
Memory allocated:  42.6123046875
Memory cached:  84.0
	 epoch  60 training error:  tensor(0.5720, device='cuda:0', grad_fn=<DivBackward0>)
Memory status after this epoch: 
Memory allocated:  42.6123046875
Memory cached:  84.0
	 epoch  70 training error:  tensor(0.5700, device='cuda:0', grad_fn=<DivBackward0>)
Memory status after this epoch: 
Memory allocated:  42.6123046875
Memory cached:  84.0
	 epoch  80 training error:  tensor(0.5695, device='cuda:0', grad_fn=<DivBackward0>)
Memory status after this epoch: 
Memory allocated:  42.6123046875
Memory cached:  84.0
	 epoch  90 training error:  tensor(0.5684, device='cuda:0', grad_fn=<DivBackward0>)
Memory status after this epoch: 
Memory allocated:  42.6123046875
Memory cached:  84.0
