[I 2023-12-07 04:13:10,329] Trial 87 finished with value: 0.5099917650222778 and parameters: {'W_layers': 3, 'W_layer_units_exponent_0': 7, 'W_layer_units_exponent_1': 6, 'W_layer_units_exponent_2': 5, 'D_layers': 6, 'D_layer_units_exponent_0': 6, 'D_layer_units_exponent_1': 8, 'D_layer_units_exponent_2': 6, 'D_layer_units_exponent_3': 4, 'D_layer_units_exponent_4': 9, 'D_layer_units_exponent_5': 10, 'D_dagger_layers': 6, 'D_dagger_layer_units_exponent_0': 7, 'D_dagger_layer_units_exponent_1': 4, 'D_dagger_layer_units_exponent_2': 5, 'D_dagger_layer_units_exponent_3': 5, 'D_dagger_layer_units_exponent_4': 9, 'D_dagger_layer_units_exponent_5': 6, 'log_learning_rate': -2.0927014476824186, 'log_learning_rate_D': -4.113793086567382, 'log_learning_rate_D_dagger': -1.9872338742203055, 'training_batch_size': 7, 'training_p': 2}. Best is trial 78 with value: 0.5054259300231934.
Time for this trial:  17.40340757369995
Memory status after this trial: 
Memory allocated:  81.56396484375
Memory cached:  98.0
--------------------  Trial  88   --------------------
Start timing: 
Parameters: 
{'W_layers': 3, 'W_layer_units_exponent_0': 7, 'W_layer_units_exponent_1': 6, 'W_layer_units_exponent_2': 5, 'D_layers': 6, 'D_layer_units_exponent_0': 6, 'D_layer_units_exponent_1': 8, 'D_layer_units_exponent_2': 6, 'D_layer_units_exponent_3': 4, 'D_layer_units_exponent_4': 10, 'D_layer_units_exponent_5': 10, 'D_dagger_layers': 6, 'D_dagger_layer_units_exponent_0': 7, 'D_dagger_layer_units_exponent_1': 5, 'D_dagger_layer_units_exponent_2': 5, 'D_dagger_layer_units_exponent_3': 5, 'D_dagger_layer_units_exponent_4': 10, 'D_dagger_layer_units_exponent_5': 6, 'log_learning_rate': -2.1321790686616935, 'log_learning_rate_D': -4.158478704599067, 'log_learning_rate_D_dagger': -1.746399911804947, 'training_batch_size': 7, 'training_p': 2}
	 epoch  0 training error:  tensor(0.9654, device='cuda:0', grad_fn=<DivBackward0>)
Memory status after this epoch: 
Memory allocated:  33.95263671875
Memory cached:  68.0
	 epoch  10 training error:  tensor(0.7873, device='cuda:0', grad_fn=<DivBackward0>)
Memory status after this epoch: 
Memory allocated:  33.95263671875
Memory cached:  68.0
	 epoch  20 training error:  tensor(0.7300, device='cuda:0', grad_fn=<DivBackward0>)
Memory status after this epoch: 
Memory allocated:  33.95263671875
Memory cached:  68.0
	 epoch  30 training error:  tensor(0.6880, device='cuda:0', grad_fn=<DivBackward0>)
Memory status after this epoch: 
Memory allocated:  33.95263671875
Memory cached:  68.0
	 epoch  40 training error:  tensor(0.6123, device='cuda:0', grad_fn=<DivBackward0>)
Memory status after this epoch: 
Memory allocated:  33.95263671875
Memory cached:  68.0
	 epoch  50 training error:  tensor(0.7464, device='cuda:0', grad_fn=<DivBackward0>)
Memory status after this epoch: 
Memory allocated:  33.95263671875
Memory cached:  68.0
	 epoch  60 training error:  tensor(0.6989, device='cuda:0', grad_fn=<DivBackward0>)
Memory status after this epoch: 
Memory allocated:  33.95263671875
Memory cached:  68.0
	 epoch  70 training error:  tensor(0.5859, device='cuda:0', grad_fn=<DivBackward0>)
Memory status after this epoch: 
Memory allocated:  33.95263671875
Memory cached:  68.0
	 epoch  80 training error:  tensor(0.5774, device='cuda:0', grad_fn=<DivBackward0>)
Memory status after this epoch: 
Memory allocated:  33.95263671875
Memory cached:  68.0
	 epoch  90 training error:  tensor(0.5768, device='cuda:0', grad_fn=<DivBackward0>)
Memory status after this epoch: 
Memory allocated:  33.95263671875
Memory cached:  68.0
[I 2023-12-07 04:13:28,757] Trial 88 finished with value: 0.5155026316642761 and parameters: {'W_layers': 3, 'W_layer_units_exponent_0': 7, 'W_layer_units_exponent_1': 6, 'W_layer_units_exponent_2': 5, 'D_layers': 6, 'D_layer_units_exponent_0': 6, 'D_layer_units_exponent_1': 8, 'D_layer_units_exponent_2': 6, 'D_layer_units_exponent_3': 4, 'D_layer_units_exponent_4': 10, 'D_layer_units_exponent_5': 10, 'D_dagger_layers': 6, 'D_dagger_layer_units_exponent_0': 7, 'D_dagger_layer_units_exponent_1': 5, 'D_dagger_layer_units_exponent_2': 5, 'D_dagger_layer_units_exponent_3': 5, 'D_dagger_layer_units_exponent_4': 10, 'D_dagger_layer_units_exponent_5': 6, 'log_learning_rate': -2.1321790686616935, 'log_learning_rate_D': -4.158478704599067, 'log_learning_rate_D_dagger': -1.746399911804947, 'training_batch_size': 7, 'training_p': 2}. Best is trial 78 with value: 0.5054259300231934.
Time for this trial:  18.21457004547119
Memory status after this trial: 
Memory allocated:  110.53564453125
Memory cached:  140.0
--------------------  Trial  89   --------------------
Start timing: 
Parameters: 
{'W_layers': 2, 'W_layer_units_exponent_0': 6, 'W_layer_units_exponent_1': 7, 'D_layers': 6, 'D_layer_units_exponent_0': 6, 'D_layer_units_exponent_1': 10, 'D_layer_units_exponent_2': 6, 'D_layer_units_exponent_3': 4, 'D_layer_units_exponent_4': 9, 'D_layer_units_exponent_5': 10, 'D_dagger_layers': 5, 'D_dagger_layer_units_exponent_0': 7, 'D_dagger_layer_units_exponent_1': 4, 'D_dagger_layer_units_exponent_2': 5, 'D_dagger_layer_units_exponent_3': 5, 'D_dagger_layer_units_exponent_4': 9, 'log_learning_rate': -2.3460451100580495, 'log_learning_rate_D': -4.10758957921074, 'log_learning_rate_D_dagger': -2.6174005488736283, 'training_batch_size': 7, 'training_p': 3}
	 epoch  0 training error:  tensor(1.1196, device='cuda:0', grad_fn=<DivBackward0>)
Memory status after this epoch: 
Memory allocated:  30.97119140625
Memory cached:  70.0
	 epoch  10 training error:  tensor(0.9140, device='cuda:0', grad_fn=<DivBackward0>)
Memory status after this epoch: 
Memory allocated:  30.97119140625
Memory cached:  68.0
	 epoch  20 training error:  tensor(0.7876, device='cuda:0', grad_fn=<DivBackward0>)
Memory status after this epoch: 
Memory allocated:  30.97119140625
Memory cached:  68.0
	 epoch  30 training error:  tensor(0.7409, device='cuda:0', grad_fn=<DivBackward0>)
Memory status after this epoch: 
Memory allocated:  30.97119140625
Memory cached:  68.0
	 epoch  40 training error:  tensor(0.7176, device='cuda:0', grad_fn=<DivBackward0>)
Memory status after this epoch: 
Memory allocated:  30.97119140625
Memory cached:  70.0
	 epoch  50 training error:  tensor(0.6468, device='cuda:0', grad_fn=<DivBackward0>)
Memory status after this epoch: 
Memory allocated:  30.97119140625
Memory cached:  68.0
	 epoch  60 training error:  tensor(0.6438, device='cuda:0', grad_fn=<DivBackward0>)
Memory status after this epoch: 
Memory allocated:  30.97119140625
Memory cached:  68.0
	 epoch  70 training error:  tensor(0.6257, device='cuda:0', grad_fn=<DivBackward0>)
Memory status after this epoch: 
Memory allocated:  30.97119140625
Memory cached:  68.0
	 epoch  80 training error:  tensor(0.6279, device='cuda:0', grad_fn=<DivBackward0>)
Memory status after this epoch: 
Memory allocated:  30.97119140625
Memory cached:  70.0
	 epoch  90 training error:  tensor(0.6262, device='cuda:0', grad_fn=<DivBackward0>)
Memory status after this epoch: 
Memory allocated:  30.97119140625
Memory cached:  68.0
[I 2023-12-07 04:13:45,841] Trial 89 finished with value: 0.5484054088592529 and parameters: {'W_layers': 2, 'W_layer_units_exponent_0': 6, 'W_layer_units_exponent_1': 7, 'D_layers': 6, 'D_layer_units_exponent_0': 6, 'D_layer_units_exponent_1': 10, 'D_layer_units_exponent_2': 6, 'D_layer_units_exponent_3': 4, 'D_layer_units_exponent_4': 9, 'D_layer_units_exponent_5': 10, 'D_dagger_layers': 5, 'D_dagger_layer_units_exponent_0': 7, 'D_dagger_layer_units_exponent_1': 4, 'D_dagger_layer_units_exponent_2': 5, 'D_dagger_layer_units_exponent_3': 5, 'D_dagger_layer_units_exponent_4': 9, 'log_learning_rate': -2.3460451100580495, 'log_learning_rate_D': -4.10758957921074, 'log_learning_rate_D_dagger': -2.6174005488736283, 'training_batch_size': 7, 'training_p': 3}. Best is trial 78 with value: 0.5054259300231934.
Time for this trial:  16.86287260055542
Memory status after this trial: 
Memory allocated:  72.02197265625
Memory cached:  94.0
--------------------  Trial  90   --------------------
Start timing: 
Parameters: 
{'W_layers': 4, 'W_layer_units_exponent_0': 7, 'W_layer_units_exponent_1': 7, 'W_layer_units_exponent_2': 5, 'W_layer_units_exponent_3': 4, 'D_layers': 6, 'D_layer_units_exponent_0': 6, 'D_layer_units_exponent_1': 10, 'D_layer_units_exponent_2': 6, 'D_layer_units_exponent_3': 4, 'D_layer_units_exponent_4': 10, 'D_layer_units_exponent_5': 8, 'D_dagger_layers': 6, 'D_dagger_layer_units_exponent_0': 7, 'D_dagger_layer_units_exponent_1': 4, 'D_dagger_layer_units_exponent_2': 5, 'D_dagger_layer_units_exponent_3': 5, 'D_dagger_layer_units_exponent_4': 9, 'D_dagger_layer_units_exponent_5': 7, 'log_learning_rate': -2.0614267651714986, 'log_learning_rate_D': -4.255629752842854, 'log_learning_rate_D_dagger': -2.47307020531392, 'training_batch_size': 7, 'training_p': 2}
	 epoch  0 training error:  tensor(1.0116, device='cuda:0', grad_fn=<DivBackward0>)
Memory status after this epoch: 
Memory allocated:  31.19384765625
Memory cached:  48.0
	 epoch  10 training error:  tensor(0.7496, device='cuda:0', grad_fn=<DivBackward0>)
Memory status after this epoch: 
Memory allocated:  31.19384765625
Memory cached:  52.0
	 epoch  20 training error:  tensor(0.7515, device='cuda:0', grad_fn=<DivBackward0>)
Memory status after this epoch: 
Memory allocated:  31.19384765625
Memory cached:  52.0
	 epoch  30 training error:  tensor(0.7169, device='cuda:0', grad_fn=<DivBackward0>)
Memory status after this epoch: 
Memory allocated:  31.19384765625
Memory cached:  52.0
	 epoch  40 training error:  tensor(0.6974, device='cuda:0', grad_fn=<DivBackward0>)
Memory status after this epoch: 
Memory allocated:  31.19384765625
Memory cached:  52.0
	 epoch  50 training error:  tensor(0.6577, device='cuda:0', grad_fn=<DivBackward0>)
Memory status after this epoch: 
Memory allocated:  31.19384765625
Memory cached:  52.0
	 epoch  60 training error:  tensor(0.6122, device='cuda:0', grad_fn=<DivBackward0>)
Memory status after this epoch: 
Memory allocated:  31.19384765625
Memory cached:  52.0
	 epoch  70 training error:  tensor(0.6044, device='cuda:0', grad_fn=<DivBackward0>)
Memory status after this epoch: 
Memory allocated:  31.19384765625
Memory cached:  52.0
	 epoch  80 training error:  tensor(0.5837, device='cuda:0', grad_fn=<DivBackward0>)
Memory status after this epoch: 
Memory allocated:  31.19384765625
Memory cached:  52.0
	 epoch  90 training error:  tensor(0.5689, device='cuda:0', grad_fn=<DivBackward0>)
Memory status after this epoch: 
Memory allocated:  31.19384765625
Memory cached:  52.0
[I 2023-12-07 04:14:04,211] Trial 90 finished with value: 0.506332516670227 and parameters: {'W_layers': 4, 'W_layer_units_exponent_0': 7, 'W_layer_units_exponent_1': 7, 'W_layer_units_exponent_2': 5, 'W_layer_units_exponent_3': 4, 'D_layers': 6, 'D_layer_units_exponent_0': 6, 'D_layer_units_exponent_1': 10, 'D_layer_units_exponent_2': 6, 'D_layer_units_exponent_3': 4, 'D_layer_units_exponent_4': 10, 'D_layer_units_exponent_5': 8, 'D_dagger_layers': 6, 'D_dagger_layer_units_exponent_0': 7, 'D_dagger_layer_units_exponent_1': 4, 'D_dagger_layer_units_exponent_2': 5, 'D_dagger_layer_units_exponent_3': 5, 'D_dagger_layer_units_exponent_4': 9, 'D_dagger_layer_units_exponent_5': 7, 'log_learning_rate': -2.0614267651714986, 'log_learning_rate_D': -4.255629752842854, 'log_learning_rate_D_dagger': -2.47307020531392, 'training_batch_size': 7, 'training_p': 2}. Best is trial 78 with value: 0.5054259300231934.
Time for this trial:  18.140135526657104
Memory status after this trial: 
Memory allocated:  89.68994140625
Memory cached:  110.0
--------------------  Trial  91   --------------------
Start timing: 
Parameters: 
{'W_layers': 4, 'W_layer_units_exponent_0': 7, 'W_layer_units_exponent_1': 7, 'W_layer_units_exponent_2': 5, 'W_layer_units_exponent_3': 4, 'D_layers': 6, 'D_layer_units_exponent_0': 6, 'D_layer_units_exponent_1': 10, 'D_layer_units_exponent_2': 6, 'D_layer_units_exponent_3': 4, 'D_layer_units_exponent_4': 10, 'D_layer_units_exponent_5': 8, 'D_dagger_layers': 6, 'D_dagger_layer_units_exponent_0': 7, 'D_dagger_layer_units_exponent_1': 4, 'D_dagger_layer_units_exponent_2': 5, 'D_dagger_layer_units_exponent_3': 5, 'D_dagger_layer_units_exponent_4': 9, 'D_dagger_layer_units_exponent_5': 7, 'log_learning_rate': -2.065229032077191, 'log_learning_rate_D': -4.279820779368222, 'log_learning_rate_D_dagger': -2.4708720888082336, 'training_batch_size': 7, 'training_p': 2}
	 epoch  0 training error:  tensor(0.9933, device='cuda:0', grad_fn=<DivBackward0>)
Memory status after this epoch: 
Memory allocated:  31.19384765625
Memory cached:  50.0
	 epoch  10 training error:  tensor(0.7286, device='cuda:0', grad_fn=<DivBackward0>)
Memory status after this epoch: 
Memory allocated:  31.19384765625
Memory cached:  54.0
	 epoch  20 training error:  tensor(0.7282, device='cuda:0', grad_fn=<DivBackward0>)
Memory status after this epoch: 
Memory allocated:  31.19384765625
Memory cached:  54.0
	 epoch  30 training error:  tensor(0.7064, device='cuda:0', grad_fn=<DivBackward0>)
Memory status after this epoch: 
Memory allocated:  31.19384765625
Memory cached:  54.0
	 epoch  40 training error:  tensor(0.6853, device='cuda:0', grad_fn=<DivBackward0>)
Memory status after this epoch: 
Memory allocated:  31.19384765625
Memory cached:  54.0
	 epoch  50 training error:  tensor(0.6576, device='cuda:0', grad_fn=<DivBackward0>)
Memory status after this epoch: 
Memory allocated:  31.19384765625
Memory cached:  54.0
	 epoch  60 training error:  tensor(0.5856, device='cuda:0', grad_fn=<DivBackward0>)
Memory status after this epoch: 
Memory allocated:  31.19384765625
Memory cached:  54.0
	 epoch  70 training error:  tensor(0.6081, device='cuda:0', grad_fn=<DivBackward0>)
Memory status after this epoch: 
Memory allocated:  31.19384765625
Memory cached:  54.0
	 epoch  80 training error:  tensor(0.5780, device='cuda:0', grad_fn=<DivBackward0>)
Memory status after this epoch: 
Memory allocated:  31.19384765625
Memory cached:  54.0
	 epoch  90 training error:  tensor(0.5697, device='cuda:0', grad_fn=<DivBackward0>)
Memory status after this epoch: 
Memory allocated:  31.19384765625
Memory cached:  54.0
[I 2023-12-07 04:14:22,395] Trial 91 finished with value: 0.5135459899902344 and parameters: {'W_layers': 4, 'W_layer_units_exponent_0': 7, 'W_layer_units_exponent_1': 7, 'W_layer_units_exponent_2': 5, 'W_layer_units_exponent_3': 4, 'D_layers': 6, 'D_layer_units_exponent_0': 6, 'D_layer_units_exponent_1': 10, 'D_layer_units_exponent_2': 6, 'D_layer_units_exponent_3': 4, 'D_layer_units_exponent_4': 10, 'D_layer_units_exponent_5': 8, 'D_dagger_layers': 6, 'D_dagger_layer_units_exponent_0': 7, 'D_dagger_layer_units_exponent_1': 4, 'D_dagger_layer_units_exponent_2': 5, 'D_dagger_layer_units_exponent_3': 5, 'D_dagger_layer_units_exponent_4': 9, 'D_dagger_layer_units_exponent_5': 7, 'log_learning_rate': -2.065229032077191, 'log_learning_rate_D': -4.279820779368222, 'log_learning_rate_D_dagger': -2.4708720888082336, 'training_batch_size': 7, 'training_p': 2}. Best is trial 78 with value: 0.5054259300231934.
Time for this trial:  17.95999836921692
Memory status after this trial: 
Memory allocated:  89.68994140625
Memory cached:  110.0
--------------------  Trial  92   --------------------
Start timing: 
Parameters: 
{'W_layers': 4, 'W_layer_units_exponent_0': 7, 'W_layer_units_exponent_1': 7, 'W_layer_units_exponent_2': 5, 'W_layer_units_exponent_3': 5, 'D_layers': 6, 'D_layer_units_exponent_0': 6, 'D_layer_units_exponent_1': 10, 'D_layer_units_exponent_2': 6, 'D_layer_units_exponent_3': 4, 'D_layer_units_exponent_4': 10, 'D_layer_units_exponent_5': 9, 'D_dagger_layers': 6, 'D_dagger_layer_units_exponent_0': 7, 'D_dagger_layer_units_exponent_1': 4, 'D_dagger_layer_units_exponent_2': 5, 'D_dagger_layer_units_exponent_3': 5, 'D_dagger_layer_units_exponent_4': 9, 'D_dagger_layer_units_exponent_5': 7, 'log_learning_rate': -1.867959815971016, 'log_learning_rate_D': -4.042355503968531, 'log_learning_rate_D_dagger': -2.404763441219595, 'training_batch_size': 7, 'training_p': 2}
	 epoch  0 training error:  tensor(1.0024, device='cuda:0', grad_fn=<DivBackward0>)
Memory status after this epoch: 
Memory allocated:  32.20361328125
Memory cached:  68.0
	 epoch  10 training error:  tensor(0.7983, device='cuda:0', grad_fn=<DivBackward0>)
Memory status after this epoch: 
Memory allocated:  32.20361328125
Memory cached:  70.0
	 epoch  20 training error:  tensor(0.7186, device='cuda:0', grad_fn=<DivBackward0>)
Memory status after this epoch: 
Memory allocated:  32.20361328125
Memory cached:  72.0
	 epoch  30 training error:  tensor(0.6791, device='cuda:0', grad_fn=<DivBackward0>)
Memory status after this epoch: 
Memory allocated:  32.20361328125
Memory cached:  70.0
	 epoch  40 training error:  tensor(0.6256, device='cuda:0', grad_fn=<DivBackward0>)
Memory status after this epoch: 
Memory allocated:  32.20361328125
Memory cached:  72.0
	 epoch  50 training error:  tensor(0.6317, device='cuda:0', grad_fn=<DivBackward0>)
Memory status after this epoch: 
Memory allocated:  32.20361328125
Memory cached:  70.0
	 epoch  60 training error:  tensor(0.6336, device='cuda:0', grad_fn=<DivBackward0>)
Memory status after this epoch: 
Memory allocated:  32.20361328125
Memory cached:  72.0
	 epoch  70 training error:  tensor(0.5932, device='cuda:0', grad_fn=<DivBackward0>)
Memory status after this epoch: 
Memory allocated:  32.20361328125
Memory cached:  70.0
	 epoch  80 training error:  tensor(0.5728, device='cuda:0', grad_fn=<DivBackward0>)
Memory status after this epoch: 
Memory allocated:  32.20361328125
Memory cached:  72.0
	 epoch  90 training error:  tensor(0.5697, device='cuda:0', grad_fn=<DivBackward0>)
Memory status after this epoch: 
Memory allocated:  32.20361328125
Memory cached:  70.0
[I 2023-12-07 04:14:40,496] Trial 92 finished with value: 0.5113590955734253 and parameters: {'W_layers': 4, 'W_layer_units_exponent_0': 7, 'W_layer_units_exponent_1': 7, 'W_layer_units_exponent_2': 5, 'W_layer_units_exponent_3': 5, 'D_layers': 6, 'D_layer_units_exponent_0': 6, 'D_layer_units_exponent_1': 10, 'D_layer_units_exponent_2': 6, 'D_layer_units_exponent_3': 4, 'D_layer_units_exponent_4': 10, 'D_layer_units_exponent_5': 9, 'D_dagger_layers': 6, 'D_dagger_layer_units_exponent_0': 7, 'D_dagger_layer_units_exponent_1': 4, 'D_dagger_layer_units_exponent_2': 5, 'D_dagger_layer_units_exponent_3': 5, 'D_dagger_layer_units_exponent_4': 9, 'D_dagger_layer_units_exponent_5': 7, 'log_learning_rate': -1.867959815971016, 'log_learning_rate_D': -4.042355503968531, 'log_learning_rate_D_dagger': -2.404763441219595, 'training_batch_size': 7, 'training_p': 2}. Best is trial 78 with value: 0.5054259300231934.
Time for this trial:  17.865026235580444
Memory status after this trial: 
Memory allocated:  89.95751953125
Memory cached:  108.0
--------------------  Trial  93   --------------------
Start timing: 
Parameters: 
{'W_layers': 4, 'W_layer_units_exponent_0': 7, 'W_layer_units_exponent_1': 7, 'W_layer_units_exponent_2': 5, 'W_layer_units_exponent_3': 5, 'D_layers': 6, 'D_layer_units_exponent_0': 5, 'D_layer_units_exponent_1': 10, 'D_layer_units_exponent_2': 6, 'D_layer_units_exponent_3': 4, 'D_layer_units_exponent_4': 10, 'D_layer_units_exponent_5': 9, 'D_dagger_layers': 6, 'D_dagger_layer_units_exponent_0': 7, 'D_dagger_layer_units_exponent_1': 4, 'D_dagger_layer_units_exponent_2': 5, 'D_dagger_layer_units_exponent_3': 5, 'D_dagger_layer_units_exponent_4': 9, 'D_dagger_layer_units_exponent_5': 7, 'log_learning_rate': -1.8596878227520914, 'log_learning_rate_D': -4.470635004412358, 'log_learning_rate_D_dagger': -2.203618618867696, 'training_batch_size': 7, 'training_p': 2}
	 epoch  0 training error:  tensor(1.0437, device='cuda:0', grad_fn=<DivBackward0>)
Memory status after this epoch: 
Memory allocated:  32.07861328125
Memory cached:  68.0
	 epoch  10 training error:  tensor(0.9344, device='cuda:0', grad_fn=<DivBackward0>)
Memory status after this epoch: 
Memory allocated:  32.07861328125
Memory cached:  70.0
	 epoch  20 training error:  tensor(0.7721, device='cuda:0', grad_fn=<DivBackward0>)
Memory status after this epoch: 
Memory allocated:  32.07861328125
Memory cached:  72.0
	 epoch  30 training error:  tensor(0.7477, device='cuda:0', grad_fn=<DivBackward0>)
Memory status after this epoch: 
Memory allocated:  32.07861328125
Memory cached:  70.0
	 epoch  40 training error:  tensor(0.7365, device='cuda:0', grad_fn=<DivBackward0>)
Memory status after this epoch: 
Memory allocated:  32.07861328125
Memory cached:  72.0
	 epoch  50 training error:  tensor(0.6937, device='cuda:0', grad_fn=<DivBackward0>)
Memory status after this epoch: 
Memory allocated:  32.07861328125
Memory cached:  70.0
	 epoch  60 training error:  tensor(0.6158, device='cuda:0', grad_fn=<DivBackward0>)
Memory status after this epoch: 
Memory allocated:  32.07861328125
Memory cached:  72.0
	 epoch  70 training error:  tensor(0.5962, device='cuda:0', grad_fn=<DivBackward0>)
Memory status after this epoch: 
Memory allocated:  32.07861328125
Memory cached:  70.0
	 epoch  80 training error:  tensor(0.5961, device='cuda:0', grad_fn=<DivBackward0>)
Memory status after this epoch: 
Memory allocated:  32.07861328125
Memory cached:  72.0
	 epoch  90 training error:  tensor(0.5745, device='cuda:0', grad_fn=<DivBackward0>)
Memory status after this epoch: 
Memory allocated:  32.07861328125
Memory cached:  70.0
