[I 2023-12-07 03:44:14,304] Trial 0 finished with value: 0.6349566578865051 and parameters: {'W_layers': 6, 'W_layer_units_exponent_0': 6, 'W_layer_units_exponent_1': 6, 'W_layer_units_exponent_2': 7, 'W_layer_units_exponent_3': 5, 'W_layer_units_exponent_4': 5, 'W_layer_units_exponent_5': 5, 'D_layers': 7, 'D_layer_units_exponent_0': 9, 'D_layer_units_exponent_1': 4, 'D_layer_units_exponent_2': 8, 'D_layer_units_exponent_3': 4, 'D_layer_units_exponent_4': 10, 'D_layer_units_exponent_5': 6, 'D_layer_units_exponent_6': 4, 'D_dagger_layers': 3, 'D_dagger_layer_units_exponent_0': 7, 'D_dagger_layer_units_exponent_1': 7, 'D_dagger_layer_units_exponent_2': 6, 'log_learning_rate': -2.605359645647267, 'log_learning_rate_D': -3.6269716403838586, 'log_learning_rate_D_dagger': -2.150694476120431, 'training_batch_size': 8, 'training_p': 5}. Best is trial 0 with value: 0.6349566578865051.
res:  tensor(0.6350, device='cuda:0', grad_fn=<DivBackward0>)
self.bestValue:  10000000.0
Save this model!
Time for this trial:  17.14947772026062
Memory status after this trial: 
Memory allocated:  35.662109375
Memory cached:  40.0
--------------------  Trial  1   --------------------
Start timing: 
Parameters: 
{'W_layers': 3, 'W_layer_units_exponent_0': 5, 'W_layer_units_exponent_1': 6, 'W_layer_units_exponent_2': 6, 'D_layers': 5, 'D_layer_units_exponent_0': 5, 'D_layer_units_exponent_1': 9, 'D_layer_units_exponent_2': 9, 'D_layer_units_exponent_3': 5, 'D_layer_units_exponent_4': 9, 'D_dagger_layers': 3, 'D_dagger_layer_units_exponent_0': 8, 'D_dagger_layer_units_exponent_1': 8, 'D_dagger_layer_units_exponent_2': 10, 'log_learning_rate': -2.0139859941229568, 'log_learning_rate_D': -2.2852512023442024, 'log_learning_rate_D_dagger': -3.5505008431754908, 'training_batch_size': 12, 'training_p': 3}
	 epoch  0 training error:  tensor(1.0949, device='cuda:0', grad_fn=<DivBackward0>)
Memory status after this epoch: 
Memory allocated:  42.037109375
Memory cached:  44.0
	 epoch  10 training error:  tensor(0.8274, device='cuda:0', grad_fn=<DivBackward0>)
Memory status after this epoch: 
Memory allocated:  42.037109375
Memory cached:  44.0
	 epoch  20 training error:  tensor(0.7874, device='cuda:0', grad_fn=<DivBackward0>)
Memory status after this epoch: 
Memory allocated:  42.037109375
Memory cached:  44.0
	 epoch  30 training error:  tensor(0.7811, device='cuda:0', grad_fn=<DivBackward0>)
Memory status after this epoch: 
Memory allocated:  42.037109375
Memory cached:  44.0
	 epoch  40 training error:  tensor(0.7771, device='cuda:0', grad_fn=<DivBackward0>)
Memory status after this epoch: 
Memory allocated:  42.037109375
Memory cached:  44.0
	 epoch  50 training error:  tensor(0.7697, device='cuda:0', grad_fn=<DivBackward0>)
Memory status after this epoch: 
Memory allocated:  42.037109375
Memory cached:  44.0
	 epoch  60 training error:  tensor(0.7608, device='cuda:0', grad_fn=<DivBackward0>)
Memory status after this epoch: 
Memory allocated:  42.037109375
Memory cached:  44.0
	 epoch  70 training error:  tensor(0.7487, device='cuda:0', grad_fn=<DivBackward0>)
Memory status after this epoch: 
Memory allocated:  42.037109375
Memory cached:  44.0
	 epoch  80 training error:  tensor(0.7311, device='cuda:0', grad_fn=<DivBackward0>)
Memory status after this epoch: 
Memory allocated:  42.037109375
Memory cached:  44.0
	 epoch  90 training error:  tensor(0.7035, device='cuda:0', grad_fn=<DivBackward0>)
Memory status after this epoch: 
Memory allocated:  42.037109375
Memory cached:  44.0
[I 2023-12-07 03:44:32,564] Trial 1 finished with value: 0.6062385439872742 and parameters: {'W_layers': 3, 'W_layer_units_exponent_0': 5, 'W_layer_units_exponent_1': 6, 'W_layer_units_exponent_2': 6, 'D_layers': 5, 'D_layer_units_exponent_0': 5, 'D_layer_units_exponent_1': 9, 'D_layer_units_exponent_2': 9, 'D_layer_units_exponent_3': 5, 'D_layer_units_exponent_4': 9, 'D_dagger_layers': 3, 'D_dagger_layer_units_exponent_0': 8, 'D_dagger_layer_units_exponent_1': 8, 'D_dagger_layer_units_exponent_2': 10, 'log_learning_rate': -2.0139859941229568, 'log_learning_rate_D': -2.2852512023442024, 'log_learning_rate_D_dagger': -3.5505008431754908, 'training_batch_size': 12, 'training_p': 3}. Best is trial 1 with value: 0.6062385439872742.
res:  tensor(0.6062, device='cuda:0', grad_fn=<DivBackward0>)
self.bestValue:  tensor(0.6350, device='cuda:0', grad_fn=<DivBackward0>)
Save this model!
Time for this trial:  18.153728008270264
Memory status after this trial: 
Memory allocated:  86.888671875
Memory cached:  134.0
--------------------  Trial  2   --------------------
Start timing: 
Parameters: 
{'W_layers': 7, 'W_layer_units_exponent_0': 8, 'W_layer_units_exponent_1': 7, 'W_layer_units_exponent_2': 10, 'W_layer_units_exponent_3': 5, 'W_layer_units_exponent_4': 9, 'W_layer_units_exponent_5': 8, 'W_layer_units_exponent_6': 4, 'D_layers': 2, 'D_layer_units_exponent_0': 6, 'D_layer_units_exponent_1': 10, 'D_dagger_layers': 3, 'D_dagger_layer_units_exponent_0': 10, 'D_dagger_layer_units_exponent_1': 9, 'D_dagger_layer_units_exponent_2': 6, 'log_learning_rate': -2.845712319322833, 'log_learning_rate_D': -2.0388547539719424, 'log_learning_rate_D_dagger': -2.2522075497812204, 'training_batch_size': 8, 'training_p': 5}
	 epoch  0 training error:  tensor(1.0010, device='cuda:0', grad_fn=<DivBackward0>)
Memory status after this epoch: 
Memory allocated:  101.45263671875
Memory cached:  150.0
	 epoch  10 training error:  tensor(0.9812, device='cuda:0', grad_fn=<DivBackward0>)
Memory status after this epoch: 
Memory allocated:  101.45263671875
Memory cached:  150.0
	 epoch  20 training error:  tensor(0.8440, device='cuda:0', grad_fn=<DivBackward0>)
Memory status after this epoch: 
Memory allocated:  101.45263671875
Memory cached:  152.0
	 epoch  30 training error:  tensor(0.8094, device='cuda:0', grad_fn=<DivBackward0>)
Memory status after this epoch: 
Memory allocated:  101.45263671875
Memory cached:  150.0
	 epoch  40 training error:  tensor(0.7124, device='cuda:0', grad_fn=<DivBackward0>)
Memory status after this epoch: 
Memory allocated:  101.45263671875
Memory cached:  152.0
	 epoch  50 training error:  tensor(0.7364, device='cuda:0', grad_fn=<DivBackward0>)
Memory status after this epoch: 
Memory allocated:  101.45263671875
Memory cached:  152.0
	 epoch  60 training error:  tensor(0.6804, device='cuda:0', grad_fn=<DivBackward0>)
Memory status after this epoch: 
Memory allocated:  101.45263671875
Memory cached:  150.0
	 epoch  70 training error:  tensor(0.6618, device='cuda:0', grad_fn=<DivBackward0>)
Memory status after this epoch: 
Memory allocated:  101.45263671875
Memory cached:  150.0
	 epoch  80 training error:  tensor(0.6627, device='cuda:0', grad_fn=<DivBackward0>)
Memory status after this epoch: 
Memory allocated:  101.45263671875
Memory cached:  152.0
	 epoch  90 training error:  tensor(0.6610, device='cuda:0', grad_fn=<DivBackward0>)
Memory status after this epoch: 
Memory allocated:  101.45263671875
Memory cached:  150.0
[I 2023-12-07 03:44:52,788] Trial 2 finished with value: 0.6385952830314636 and parameters: {'W_layers': 7, 'W_layer_units_exponent_0': 8, 'W_layer_units_exponent_1': 7, 'W_layer_units_exponent_2': 10, 'W_layer_units_exponent_3': 5, 'W_layer_units_exponent_4': 9, 'W_layer_units_exponent_5': 8, 'W_layer_units_exponent_6': 4, 'D_layers': 2, 'D_layer_units_exponent_0': 6, 'D_layer_units_exponent_1': 10, 'D_dagger_layers': 3, 'D_dagger_layer_units_exponent_0': 10, 'D_dagger_layer_units_exponent_1': 9, 'D_dagger_layer_units_exponent_2': 6, 'log_learning_rate': -2.845712319322833, 'log_learning_rate_D': -2.0388547539719424, 'log_learning_rate_D_dagger': -2.2522075497812204, 'training_batch_size': 8, 'training_p': 5}. Best is trial 1 with value: 0.6062385439872742.
Time for this trial:  20.111679077148438
Memory status after this trial: 
Memory allocated:  301.00830078125
Memory cached:  326.0
--------------------  Trial  3   --------------------
Start timing: 
Parameters: 
{'W_layers': 2, 'W_layer_units_exponent_0': 9, 'W_layer_units_exponent_1': 4, 'D_layers': 8, 'D_layer_units_exponent_0': 5, 'D_layer_units_exponent_1': 4, 'D_layer_units_exponent_2': 10, 'D_layer_units_exponent_3': 6, 'D_layer_units_exponent_4': 7, 'D_layer_units_exponent_5': 9, 'D_layer_units_exponent_6': 9, 'D_layer_units_exponent_7': 4, 'D_dagger_layers': 8, 'D_dagger_layer_units_exponent_0': 6, 'D_dagger_layer_units_exponent_1': 10, 'D_dagger_layer_units_exponent_2': 7, 'D_dagger_layer_units_exponent_3': 9, 'D_dagger_layer_units_exponent_4': 4, 'D_dagger_layer_units_exponent_5': 8, 'D_dagger_layer_units_exponent_6': 4, 'D_dagger_layer_units_exponent_7': 10, 'log_learning_rate': -4.283267906638594, 'log_learning_rate_D': -4.208726440691507, 'log_learning_rate_D_dagger': -3.0083014288291015, 'training_batch_size': 12, 'training_p': 5}
	 epoch  0 training error:  tensor(0.9918, device='cuda:0', grad_fn=<DivBackward0>)
Memory status after this epoch: 
Memory allocated:  93.271484375
Memory cached:  130.0
	 epoch  10 training error:  tensor(0.9208, device='cuda:0', grad_fn=<DivBackward0>)
Memory status after this epoch: 
Memory allocated:  93.271484375
Memory cached:  130.0
	 epoch  20 training error:  tensor(0.8693, device='cuda:0', grad_fn=<DivBackward0>)
Memory status after this epoch: 
Memory allocated:  93.271484375
Memory cached:  130.0
	 epoch  30 training error:  tensor(0.8294, device='cuda:0', grad_fn=<DivBackward0>)
Memory status after this epoch: 
Memory allocated:  93.271484375
Memory cached:  130.0
	 epoch  40 training error:  tensor(0.7471, device='cuda:0', grad_fn=<DivBackward0>)
Memory status after this epoch: 
Memory allocated:  93.271484375
Memory cached:  130.0
	 epoch  50 training error:  tensor(0.7317, device='cuda:0', grad_fn=<DivBackward0>)
Memory status after this epoch: 
Memory allocated:  93.271484375
Memory cached:  130.0
	 epoch  60 training error:  tensor(0.6617, device='cuda:0', grad_fn=<DivBackward0>)
Memory status after this epoch: 
Memory allocated:  93.271484375
Memory cached:  130.0
	 epoch  70 training error:  tensor(0.6833, device='cuda:0', grad_fn=<DivBackward0>)
Memory status after this epoch: 
Memory allocated:  93.271484375
Memory cached:  130.0
	 epoch  80 training error:  tensor(0.6762, device='cuda:0', grad_fn=<DivBackward0>)
Memory status after this epoch: 
Memory allocated:  93.271484375
Memory cached:  130.0
	 epoch  90 training error:  tensor(0.6637, device='cuda:0', grad_fn=<DivBackward0>)
Memory status after this epoch: 
Memory allocated:  93.271484375
Memory cached:  130.0
[I 2023-12-07 03:45:12,603] Trial 3 finished with value: 0.628492534160614 and parameters: {'W_layers': 2, 'W_layer_units_exponent_0': 9, 'W_layer_units_exponent_1': 4, 'D_layers': 8, 'D_layer_units_exponent_0': 5, 'D_layer_units_exponent_1': 4, 'D_layer_units_exponent_2': 10, 'D_layer_units_exponent_3': 6, 'D_layer_units_exponent_4': 7, 'D_layer_units_exponent_5': 9, 'D_layer_units_exponent_6': 9, 'D_layer_units_exponent_7': 4, 'D_dagger_layers': 8, 'D_dagger_layer_units_exponent_0': 6, 'D_dagger_layer_units_exponent_1': 10, 'D_dagger_layer_units_exponent_2': 7, 'D_dagger_layer_units_exponent_3': 9, 'D_dagger_layer_units_exponent_4': 4, 'D_dagger_layer_units_exponent_5': 8, 'D_dagger_layer_units_exponent_6': 4, 'D_dagger_layer_units_exponent_7': 10, 'log_learning_rate': -4.283267906638594, 'log_learning_rate_D': -4.208726440691507, 'log_learning_rate_D_dagger': -3.0083014288291015, 'training_batch_size': 12, 'training_p': 5}. Best is trial 1 with value: 0.6062385439872742.
Time for this trial:  19.708563566207886
Memory status after this trial: 
Memory allocated:  274.62255859375
Memory cached:  306.0
--------------------  Trial  4   --------------------
Start timing: 
Parameters: 
{'W_layers': 4, 'W_layer_units_exponent_0': 9, 'W_layer_units_exponent_1': 10, 'W_layer_units_exponent_2': 6, 'W_layer_units_exponent_3': 7, 'D_layers': 8, 'D_layer_units_exponent_0': 6, 'D_layer_units_exponent_1': 6, 'D_layer_units_exponent_2': 4, 'D_layer_units_exponent_3': 4, 'D_layer_units_exponent_4': 9, 'D_layer_units_exponent_5': 6, 'D_layer_units_exponent_6': 4, 'D_layer_units_exponent_7': 6, 'D_dagger_layers': 5, 'D_dagger_layer_units_exponent_0': 6, 'D_dagger_layer_units_exponent_1': 9, 'D_dagger_layer_units_exponent_2': 4, 'D_dagger_layer_units_exponent_3': 7, 'D_dagger_layer_units_exponent_4': 9, 'log_learning_rate': -4.470685026214136, 'log_learning_rate_D': -3.8491482509134913, 'log_learning_rate_D_dagger': -3.1330521419036836, 'training_batch_size': 9, 'training_p': 6}
	 epoch  0 training error:  tensor(1.0209, device='cuda:0', grad_fn=<DivBackward0>)
Memory status after this epoch: 
Memory allocated:  98.3359375
Memory cached:  150.0
	 epoch  10 training error:  tensor(0.8656, device='cuda:0', grad_fn=<DivBackward0>)
Memory status after this epoch: 
Memory allocated:  98.3359375
Memory cached:  150.0
	 epoch  20 training error:  tensor(0.8169, device='cuda:0', grad_fn=<DivBackward0>)
Memory status after this epoch: 
Memory allocated:  98.3359375
Memory cached:  150.0
	 epoch  30 training error:  tensor(0.7770, device='cuda:0', grad_fn=<DivBackward0>)
Memory status after this epoch: 
Memory allocated:  98.3359375
Memory cached:  150.0
	 epoch  40 training error:  tensor(0.7214, device='cuda:0', grad_fn=<DivBackward0>)
Memory status after this epoch: 
Memory allocated:  98.3359375
Memory cached:  150.0
	 epoch  50 training error:  tensor(0.6700, device='cuda:0', grad_fn=<DivBackward0>)
Memory status after this epoch: 
Memory allocated:  98.3359375
Memory cached:  150.0
	 epoch  60 training error:  tensor(0.7452, device='cuda:0', grad_fn=<DivBackward0>)
Memory status after this epoch: 
Memory allocated:  98.3359375
Memory cached:  150.0
	 epoch  70 training error:  tensor(0.6811, device='cuda:0', grad_fn=<DivBackward0>)
Memory status after this epoch: 
Memory allocated:  98.3359375
Memory cached:  150.0
	 epoch  80 training error:  tensor(0.6808, device='cuda:0', grad_fn=<DivBackward0>)
Memory status after this epoch: 
Memory allocated:  98.3359375
Memory cached:  150.0
	 epoch  90 training error:  tensor(0.6713, device='cuda:0', grad_fn=<DivBackward0>)
Memory status after this epoch: 
Memory allocated:  98.3359375
Memory cached:  150.0
[I 2023-12-07 03:45:32,384] Trial 4 finished with value: 0.6650039553642273 and parameters: {'W_layers': 4, 'W_layer_units_exponent_0': 9, 'W_layer_units_exponent_1': 10, 'W_layer_units_exponent_2': 6, 'W_layer_units_exponent_3': 7, 'D_layers': 8, 'D_layer_units_exponent_0': 6, 'D_layer_units_exponent_1': 6, 'D_layer_units_exponent_2': 4, 'D_layer_units_exponent_3': 4, 'D_layer_units_exponent_4': 9, 'D_layer_units_exponent_5': 6, 'D_layer_units_exponent_6': 4, 'D_layer_units_exponent_7': 6, 'D_dagger_layers': 5, 'D_dagger_layer_units_exponent_0': 6, 'D_dagger_layer_units_exponent_1': 9, 'D_dagger_layer_units_exponent_2': 4, 'D_dagger_layer_units_exponent_3': 7, 'D_dagger_layer_units_exponent_4': 9, 'log_learning_rate': -4.470685026214136, 'log_learning_rate_D': -3.8491482509134913, 'log_learning_rate_D_dagger': -3.1330521419036836, 'training_batch_size': 9, 'training_p': 6}. Best is trial 1 with value: 0.6062385439872742.
Time for this trial:  19.685067892074585
Memory status after this trial: 
Memory allocated:  248.17822265625
Memory cached:  268.0
--------------------  Trial  5   --------------------
Start timing: 
Parameters: 
{'W_layers': 6, 'W_layer_units_exponent_0': 5, 'W_layer_units_exponent_1': 5, 'W_layer_units_exponent_2': 4, 'W_layer_units_exponent_3': 5, 'W_layer_units_exponent_4': 8, 'W_layer_units_exponent_5': 5, 'D_layers': 6, 'D_layer_units_exponent_0': 8, 'D_layer_units_exponent_1': 10, 'D_layer_units_exponent_2': 9, 'D_layer_units_exponent_3': 6, 'D_layer_units_exponent_4': 10, 'D_layer_units_exponent_5': 5, 'D_dagger_layers': 2, 'D_dagger_layer_units_exponent_0': 10, 'D_dagger_layer_units_exponent_1': 7, 'log_learning_rate': -2.8586585974772345, 'log_learning_rate_D': -4.767442505021995, 'log_learning_rate_D_dagger': -2.7183180569887795, 'training_batch_size': 7, 'training_p': 7}
	 epoch  0 training error:  tensor(0.9880, device='cuda:0', grad_fn=<DivBackward0>)
Memory status after this epoch: 
Memory allocated:  92.76708984375
Memory cached:  132.0
	 epoch  10 training error:  tensor(1.0592, device='cuda:0', grad_fn=<DivBackward0>)
Memory status after this epoch: 
Memory allocated:  92.76708984375
Memory cached:  132.0
	 epoch  20 training error:  tensor(0.8490, device='cuda:0', grad_fn=<DivBackward0>)
Memory status after this epoch: 
Memory allocated:  92.76708984375
Memory cached:  132.0
	 epoch  30 training error:  tensor(0.8578, device='cuda:0', grad_fn=<DivBackward0>)
Memory status after this epoch: 
Memory allocated:  92.76708984375
Memory cached:  132.0
	 epoch  40 training error:  tensor(0.8106, device='cuda:0', grad_fn=<DivBackward0>)
Memory status after this epoch: 
Memory allocated:  92.76708984375
Memory cached:  132.0
	 epoch  50 training error:  tensor(0.7593, device='cuda:0', grad_fn=<DivBackward0>)
Memory status after this epoch: 
Memory allocated:  92.76708984375
Memory cached:  132.0
	 epoch  60 training error:  tensor(0.6952, device='cuda:0', grad_fn=<DivBackward0>)
Memory status after this epoch: 
Memory allocated:  92.76708984375
Memory cached:  132.0
	 epoch  70 training error:  tensor(0.6735, device='cuda:0', grad_fn=<DivBackward0>)
Memory status after this epoch: 
Memory allocated:  92.76708984375
Memory cached:  132.0
	 epoch  80 training error:  tensor(0.6742, device='cuda:0', grad_fn=<DivBackward0>)
Memory status after this epoch: 
Memory allocated:  92.76708984375
Memory cached:  132.0
	 epoch  90 training error:  tensor(0.6727, device='cuda:0', grad_fn=<DivBackward0>)
Memory status after this epoch: 
Memory allocated:  92.76708984375
Memory cached:  132.0
[I 2023-12-07 03:45:50,497] Trial 5 finished with value: 0.7055701613426208 and parameters: {'W_layers': 6, 'W_layer_units_exponent_0': 5, 'W_layer_units_exponent_1': 5, 'W_layer_units_exponent_2': 4, 'W_layer_units_exponent_3': 5, 'W_layer_units_exponent_4': 8, 'W_layer_units_exponent_5': 5, 'D_layers': 6, 'D_layer_units_exponent_0': 8, 'D_layer_units_exponent_1': 10, 'D_layer_units_exponent_2': 9, 'D_layer_units_exponent_3': 6, 'D_layer_units_exponent_4': 10, 'D_layer_units_exponent_5': 5, 'D_dagger_layers': 2, 'D_dagger_layer_units_exponent_0': 10, 'D_dagger_layer_units_exponent_1': 7, 'log_learning_rate': -2.8586585974772345, 'log_learning_rate_D': -4.767442505021995, 'log_learning_rate_D_dagger': -2.7183180569887795, 'training_batch_size': 7, 'training_p': 7}. Best is trial 1 with value: 0.6062385439872742.
Time for this trial:  18.011870861053467
Memory status after this trial: 
Memory allocated:  170.60595703125
Memory cached:  192.0
--------------------  Trial  6   --------------------
Start timing: 
Parameters: 
{'W_layers': 2, 'W_layer_units_exponent_0': 8, 'W_layer_units_exponent_1': 10, 'D_layers': 3, 'D_layer_units_exponent_0': 6, 'D_layer_units_exponent_1': 9, 'D_layer_units_exponent_2': 7, 'D_dagger_layers': 3, 'D_dagger_layer_units_exponent_0': 4, 'D_dagger_layer_units_exponent_1': 9, 'D_dagger_layer_units_exponent_2': 6, 'log_learning_rate': -4.055668446460394, 'log_learning_rate_D': -2.1791623623608305, 'log_learning_rate_D_dagger': -3.2825220352969313, 'training_batch_size': 8, 'training_p': 4}
	 epoch  0 training error:  tensor(0.9814, device='cuda:0', grad_fn=<DivBackward0>)
Memory status after this epoch: 
Memory allocated:  91.97900390625
Memory cached:  130.0
	 epoch  10 training error:  tensor(0.8525, device='cuda:0', grad_fn=<DivBackward0>)
Memory status after this epoch: 
Memory allocated:  91.97900390625
Memory cached:  130.0
	 epoch  20 training error:  tensor(0.8092, device='cuda:0', grad_fn=<DivBackward0>)
Memory status after this epoch: 
Memory allocated:  91.97900390625
Memory cached:  130.0
	 epoch  30 training error:  tensor(0.8066, device='cuda:0', grad_fn=<DivBackward0>)
Memory status after this epoch: 
Memory allocated:  91.97900390625
Memory cached:  130.0
	 epoch  40 training error:  tensor(0.8005, device='cuda:0', grad_fn=<DivBackward0>)
Memory status after this epoch: 
Memory allocated:  91.97900390625
Memory cached:  130.0
	 epoch  50 training error:  tensor(0.7944, device='cuda:0', grad_fn=<DivBackward0>)
Memory status after this epoch: 
Memory allocated:  91.97900390625
Memory cached:  130.0
	 epoch  60 training error:  tensor(0.7873, device='cuda:0', grad_fn=<DivBackward0>)
Memory status after this epoch: 
Memory allocated:  91.97900390625
Memory cached:  130.0
	 epoch  70 training error:  tensor(0.7778, device='cuda:0', grad_fn=<DivBackward0>)
Memory status after this epoch: 
Memory allocated:  91.97900390625
Memory cached:  130.0
	 epoch  80 training error:  tensor(0.7640, device='cuda:0', grad_fn=<DivBackward0>)
Memory status after this epoch: 
Memory allocated:  91.97900390625
Memory cached:  130.0
	 epoch  90 training error:  tensor(0.7433, device='cuda:0', grad_fn=<DivBackward0>)
Memory status after this epoch: 
Memory allocated:  91.97900390625
Memory cached:  130.0
