[I 2024-02-16 15:32:21,846] Trial 6 finished with value: 0.08735985308885574 and parameters: {'W_layers': 3, 'W_layer_units_exponent_0': 7, 'W_layer_units_exponent_1': 6, 'W_layer_units_exponent_2': 8, 'D_layers': 2, 'D_layer_units_exponent_0': 9, 'D_layer_units_exponent_1': 8, 'D_dagger_layers': 3, 'D_dagger_layer_units_exponent_0': 10, 'D_dagger_layer_units_exponent_1': 8, 'D_dagger_layer_units_exponent_2': 5, 'log_learning_rate': -4.459996455315237, 'log_learning_rate_D': -4.776488312903301, 'log_learning_rate_D_dagger': -4.175293792266587, 'training_batch_size': 8, 'training_p': 5}. Best is trial 6 with value: 0.08735985308885574.
res:  tensor(0.0874, device='cuda:0', grad_fn=<DivBackward0>)
self.bestValue:  tensor(0.0887, device='cuda:0', grad_fn=<DivBackward0>)
Save this model!
Time for this trial:  281.3697609901428
Memory status after this trial: 
Memory allocated:  525.90771484375
Memory cached:  902.0
--------------------  Trial  7   --------------------
Start timing: 
Parameters: 
{'W_layers': 8, 'W_layer_units_exponent_0': 10, 'W_layer_units_exponent_1': 7, 'W_layer_units_exponent_2': 8, 'W_layer_units_exponent_3': 7, 'W_layer_units_exponent_4': 7, 'W_layer_units_exponent_5': 6, 'W_layer_units_exponent_6': 4, 'W_layer_units_exponent_7': 9, 'D_layers': 3, 'D_layer_units_exponent_0': 6, 'D_layer_units_exponent_1': 5, 'D_layer_units_exponent_2': 6, 'D_dagger_layers': 3, 'D_dagger_layer_units_exponent_0': 4, 'D_dagger_layer_units_exponent_1': 7, 'D_dagger_layer_units_exponent_2': 6, 'log_learning_rate': -1.0252503569241411, 'log_learning_rate_D': -1.515108556519516, 'log_learning_rate_D_dagger': -4.562945011122275, 'training_batch_size': 10, 'training_p': 2}
	 epoch  0 training error:  tensor(1.0455, device='cuda:0', grad_fn=<DivBackward0>)
Memory status after this epoch: 
Memory allocated:  529.845703125
Memory cached:  862.0
	 epoch  10 training error:  tensor(1.0367, device='cuda:0', grad_fn=<DivBackward0>)
Memory status after this epoch: 
Memory allocated:  529.845703125
Memory cached:  874.0
	 epoch  20 training error:  tensor(1.0200, device='cuda:0', grad_fn=<DivBackward0>)
Memory status after this epoch: 
Memory allocated:  529.845703125
Memory cached:  864.0
	 epoch  30 training error:  tensor(225184.7344, device='cuda:0', grad_fn=<DivBackward0>)
Memory status after this epoch: 
Memory allocated:  529.845703125
Memory cached:  868.0
	 epoch  40 training error:  tensor(1.0109, device='cuda:0', grad_fn=<DivBackward0>)
Memory status after this epoch: 
Memory allocated:  529.845703125
Memory cached:  870.0
	 epoch  50 training error:  tensor(1.0048, device='cuda:0', grad_fn=<DivBackward0>)
Memory status after this epoch: 
Memory allocated:  529.845703125
Memory cached:  864.0
	 epoch  60 training error:  tensor(0.9957, device='cuda:0', grad_fn=<DivBackward0>)
Memory status after this epoch: 
Memory allocated:  529.845703125
Memory cached:  870.0
	 epoch  70 training error:  tensor(0.9839, device='cuda:0', grad_fn=<DivBackward0>)
Memory status after this epoch: 
Memory allocated:  529.845703125
Memory cached:  870.0
	 epoch  80 training error:  tensor(0.9727, device='cuda:0', grad_fn=<DivBackward0>)
Memory status after this epoch: 
Memory allocated:  529.845703125
Memory cached:  870.0
	 epoch  90 training error:  tensor(0.9618, device='cuda:0', grad_fn=<DivBackward0>)
Memory status after this epoch: 
Memory allocated:  529.845703125
Memory cached:  864.0
[I 2024-02-16 15:35:54,632] Trial 7 finished with value: 0.9525394439697266 and parameters: {'W_layers': 8, 'W_layer_units_exponent_0': 10, 'W_layer_units_exponent_1': 7, 'W_layer_units_exponent_2': 8, 'W_layer_units_exponent_3': 7, 'W_layer_units_exponent_4': 7, 'W_layer_units_exponent_5': 6, 'W_layer_units_exponent_6': 4, 'W_layer_units_exponent_7': 9, 'D_layers': 3, 'D_layer_units_exponent_0': 6, 'D_layer_units_exponent_1': 5, 'D_layer_units_exponent_2': 6, 'D_dagger_layers': 3, 'D_dagger_layer_units_exponent_0': 4, 'D_dagger_layer_units_exponent_1': 7, 'D_dagger_layer_units_exponent_2': 6, 'log_learning_rate': -1.0252503569241411, 'log_learning_rate_D': -1.515108556519516, 'log_learning_rate_D_dagger': -4.562945011122275, 'training_batch_size': 10, 'training_p': 2}. Best is trial 6 with value: 0.08735985308885574.
Time for this trial:  212.54336762428284
Memory status after this trial: 
Memory allocated:  1068.97314453125
Memory cached:  1074.0
--------------------  Trial  8   --------------------
Start timing: 
Parameters: 
{'W_layers': 6, 'W_layer_units_exponent_0': 10, 'W_layer_units_exponent_1': 6, 'W_layer_units_exponent_2': 9, 'W_layer_units_exponent_3': 4, 'W_layer_units_exponent_4': 9, 'W_layer_units_exponent_5': 4, 'D_layers': 6, 'D_layer_units_exponent_0': 7, 'D_layer_units_exponent_1': 10, 'D_layer_units_exponent_2': 5, 'D_layer_units_exponent_3': 9, 'D_layer_units_exponent_4': 9, 'D_layer_units_exponent_5': 4, 'D_dagger_layers': 8, 'D_dagger_layer_units_exponent_0': 7, 'D_dagger_layer_units_exponent_1': 10, 'D_dagger_layer_units_exponent_2': 8, 'D_dagger_layer_units_exponent_3': 7, 'D_dagger_layer_units_exponent_4': 5, 'D_dagger_layer_units_exponent_5': 6, 'D_dagger_layer_units_exponent_6': 8, 'D_dagger_layer_units_exponent_7': 5, 'log_learning_rate': -3.0115412071483094, 'log_learning_rate_D': -2.572473225091512, 'log_learning_rate_D_dagger': -4.185612594319978, 'training_batch_size': 12, 'training_p': 7}
	 epoch  0 training error:  tensor(1.0034, device='cuda:0', grad_fn=<DivBackward0>)
Memory status after this epoch: 
Memory allocated:  541.884765625
Memory cached:  886.0
	 epoch  10 training error:  tensor(0.6965, device='cuda:0', grad_fn=<DivBackward0>)
Memory status after this epoch: 
Memory allocated:  541.884765625
Memory cached:  900.0
	 epoch  20 training error:  tensor(0.5690, device='cuda:0', grad_fn=<DivBackward0>)
Memory status after this epoch: 
Memory allocated:  541.884765625
Memory cached:  916.0
	 epoch  30 training error:  tensor(0.3762, device='cuda:0', grad_fn=<DivBackward0>)
Memory status after this epoch: 
Memory allocated:  541.884765625
Memory cached:  904.0
	 epoch  40 training error:  tensor(0.3018, device='cuda:0', grad_fn=<DivBackward0>)
Memory status after this epoch: 
Memory allocated:  541.884765625
Memory cached:  922.0
	 epoch  50 training error:  tensor(0.2549, device='cuda:0', grad_fn=<DivBackward0>)
Memory status after this epoch: 
Memory allocated:  541.884765625
Memory cached:  898.0
	 epoch  60 training error:  tensor(0.2236, device='cuda:0', grad_fn=<DivBackward0>)
Memory status after this epoch: 
Memory allocated:  541.884765625
Memory cached:  904.0
	 epoch  70 training error:  tensor(0.1949, device='cuda:0', grad_fn=<DivBackward0>)
Memory status after this epoch: 
Memory allocated:  541.884765625
Memory cached:  896.0
	 epoch  80 training error:  tensor(0.1715, device='cuda:0', grad_fn=<DivBackward0>)
Memory status after this epoch: 
Memory allocated:  541.884765625
Memory cached:  910.0
	 epoch  90 training error:  tensor(0.1514, device='cuda:0', grad_fn=<DivBackward0>)
Memory status after this epoch: 
Memory allocated:  541.884765625
Memory cached:  898.0
[I 2024-02-16 15:41:31,616] Trial 8 finished with value: 0.10774161666631699 and parameters: {'W_layers': 6, 'W_layer_units_exponent_0': 10, 'W_layer_units_exponent_1': 6, 'W_layer_units_exponent_2': 9, 'W_layer_units_exponent_3': 4, 'W_layer_units_exponent_4': 9, 'W_layer_units_exponent_5': 4, 'D_layers': 6, 'D_layer_units_exponent_0': 7, 'D_layer_units_exponent_1': 10, 'D_layer_units_exponent_2': 5, 'D_layer_units_exponent_3': 9, 'D_layer_units_exponent_4': 9, 'D_layer_units_exponent_5': 4, 'D_dagger_layers': 8, 'D_dagger_layer_units_exponent_0': 7, 'D_dagger_layer_units_exponent_1': 10, 'D_dagger_layer_units_exponent_2': 8, 'D_dagger_layer_units_exponent_3': 7, 'D_dagger_layer_units_exponent_4': 5, 'D_dagger_layer_units_exponent_5': 6, 'D_dagger_layer_units_exponent_6': 8, 'D_dagger_layer_units_exponent_7': 5, 'log_learning_rate': -3.0115412071483094, 'log_learning_rate_D': -2.572473225091512, 'log_learning_rate_D_dagger': -4.185612594319978, 'training_batch_size': 12, 'training_p': 7}. Best is trial 6 with value: 0.08735985308885574.
Time for this trial:  336.65644216537476
Memory status after this trial: 
Memory allocated:  1870.86181640625
Memory cached:  1882.0
--------------------  Trial  9   --------------------
Start timing: 
Parameters: 
{'W_layers': 5, 'W_layer_units_exponent_0': 8, 'W_layer_units_exponent_1': 9, 'W_layer_units_exponent_2': 6, 'W_layer_units_exponent_3': 7, 'W_layer_units_exponent_4': 9, 'D_layers': 3, 'D_layer_units_exponent_0': 9, 'D_layer_units_exponent_1': 8, 'D_layer_units_exponent_2': 4, 'D_dagger_layers': 7, 'D_dagger_layer_units_exponent_0': 6, 'D_dagger_layer_units_exponent_1': 10, 'D_dagger_layer_units_exponent_2': 6, 'D_dagger_layer_units_exponent_3': 10, 'D_dagger_layer_units_exponent_4': 7, 'D_dagger_layer_units_exponent_5': 10, 'D_dagger_layer_units_exponent_6': 8, 'log_learning_rate': -4.3142194059278935, 'log_learning_rate_D': -4.344900988744511, 'log_learning_rate_D_dagger': -4.42190677098711, 'training_batch_size': 7, 'training_p': 2}
	 epoch  0 training error:  tensor(0.9533, device='cuda:0', grad_fn=<DivBackward0>)
Memory status after this epoch: 
Memory allocated:  542.7421875
Memory cached:  868.0
	 epoch  10 training error:  tensor(0.1811, device='cuda:0', grad_fn=<DivBackward0>)
Memory status after this epoch: 
Memory allocated:  542.7421875
Memory cached:  866.0
	 epoch  20 training error:  tensor(0.1388, device='cuda:0', grad_fn=<DivBackward0>)
Memory status after this epoch: 
Memory allocated:  542.7421875
Memory cached:  866.0
	 epoch  30 training error:  tensor(0.1064, device='cuda:0', grad_fn=<DivBackward0>)
Memory status after this epoch: 
Memory allocated:  542.7421875
Memory cached:  866.0
	 epoch  40 training error:  tensor(0.0895, device='cuda:0', grad_fn=<DivBackward0>)
Memory status after this epoch: 
Memory allocated:  542.7421875
Memory cached:  866.0
	 epoch  50 training error:  tensor(0.0881, device='cuda:0', grad_fn=<DivBackward0>)
Memory status after this epoch: 
Memory allocated:  542.7421875
Memory cached:  866.0
	 epoch  60 training error:  tensor(0.0875, device='cuda:0', grad_fn=<DivBackward0>)
Memory status after this epoch: 
Memory allocated:  542.7421875
Memory cached:  866.0
	 epoch  70 training error:  tensor(0.0858, device='cuda:0', grad_fn=<DivBackward0>)
Memory status after this epoch: 
Memory allocated:  542.7421875
Memory cached:  864.0
	 epoch  80 training error:  tensor(0.0861, device='cuda:0', grad_fn=<DivBackward0>)
Memory status after this epoch: 
Memory allocated:  542.7421875
Memory cached:  864.0
	 epoch  90 training error:  tensor(0.0845, device='cuda:0', grad_fn=<DivBackward0>)
Memory status after this epoch: 
Memory allocated:  542.7421875
Memory cached:  864.0
[I 2024-02-16 15:51:05,051] Trial 9 finished with value: 0.08729349821805954 and parameters: {'W_layers': 5, 'W_layer_units_exponent_0': 8, 'W_layer_units_exponent_1': 9, 'W_layer_units_exponent_2': 6, 'W_layer_units_exponent_3': 7, 'W_layer_units_exponent_4': 9, 'D_layers': 3, 'D_layer_units_exponent_0': 9, 'D_layer_units_exponent_1': 8, 'D_layer_units_exponent_2': 4, 'D_dagger_layers': 7, 'D_dagger_layer_units_exponent_0': 6, 'D_dagger_layer_units_exponent_1': 10, 'D_dagger_layer_units_exponent_2': 6, 'D_dagger_layer_units_exponent_3': 10, 'D_dagger_layer_units_exponent_4': 7, 'D_dagger_layer_units_exponent_5': 10, 'D_dagger_layer_units_exponent_6': 8, 'log_learning_rate': -4.3142194059278935, 'log_learning_rate_D': -4.344900988744511, 'log_learning_rate_D_dagger': -4.42190677098711, 'training_batch_size': 7, 'training_p': 2}. Best is trial 9 with value: 0.08729349821805954.
res:  tensor(0.0873, device='cuda:0', grad_fn=<DivBackward0>)
self.bestValue:  tensor(0.0874, device='cuda:0', grad_fn=<DivBackward0>)
Save this model!
Time for this trial:  573.1084287166595
Memory status after this trial: 
Memory allocated:  1231.10400390625
Memory cached:  1706.0
--------------------  Trial  10   --------------------
Start timing: 
Parameters: 
{'W_layers': 5, 'W_layer_units_exponent_0': 9, 'W_layer_units_exponent_1': 6, 'W_layer_units_exponent_2': 5, 'W_layer_units_exponent_3': 5, 'W_layer_units_exponent_4': 9, 'D_layers': 3, 'D_layer_units_exponent_0': 4, 'D_layer_units_exponent_1': 7, 'D_layer_units_exponent_2': 6, 'D_dagger_layers': 6, 'D_dagger_layer_units_exponent_0': 6, 'D_dagger_layer_units_exponent_1': 8, 'D_dagger_layer_units_exponent_2': 4, 'D_dagger_layer_units_exponent_3': 7, 'D_dagger_layer_units_exponent_4': 5, 'D_dagger_layer_units_exponent_5': 4, 'log_learning_rate': -4.375023692695404, 'log_learning_rate_D': -1.344818638411224, 'log_learning_rate_D_dagger': -3.9942228225914835, 'training_batch_size': 6, 'training_p': 3}
	 epoch  0 training error:  tensor(0.9705, device='cuda:0', grad_fn=<DivBackward0>)
Memory status after this epoch: 
Memory allocated:  1232.6611328125
Memory cached:  1698.0
	 epoch  10 training error:  tensor(0.3406, device='cuda:0', grad_fn=<DivBackward0>)
Memory status after this epoch: 
Memory allocated:  1232.6611328125
Memory cached:  1698.0
	 epoch  20 training error:  tensor(0.1800, device='cuda:0', grad_fn=<DivBackward0>)
Memory status after this epoch: 
Memory allocated:  1232.6611328125
Memory cached:  1698.0
	 epoch  30 training error:  tensor(0.1500, device='cuda:0', grad_fn=<DivBackward0>)
Memory status after this epoch: 
Memory allocated:  1232.6611328125
Memory cached:  1698.0
	 epoch  40 training error:  tensor(0.1250, device='cuda:0', grad_fn=<DivBackward0>)
Memory status after this epoch: 
Memory allocated:  1232.6611328125
Memory cached:  1698.0
	 epoch  50 training error:  tensor(0.0970, device='cuda:0', grad_fn=<DivBackward0>)
Memory status after this epoch: 
Memory allocated:  1232.6611328125
Memory cached:  1698.0
	 epoch  60 training error:  tensor(0.0911, device='cuda:0', grad_fn=<DivBackward0>)
Memory status after this epoch: 
Memory allocated:  1232.6611328125
Memory cached:  1698.0
	 epoch  70 training error:  tensor(0.0862, device='cuda:0', grad_fn=<DivBackward0>)
Memory status after this epoch: 
Memory allocated:  1232.6611328125
Memory cached:  1698.0
	 epoch  80 training error:  tensor(0.0877, device='cuda:0', grad_fn=<DivBackward0>)
Memory status after this epoch: 
Memory allocated:  1232.6611328125
Memory cached:  1698.0
	 epoch  90 training error:  tensor(0.0841, device='cuda:0', grad_fn=<DivBackward0>)
Memory status after this epoch: 
Memory allocated:  1232.6611328125
Memory cached:  1698.0
[I 2024-02-16 16:04:02,177] Trial 10 finished with value: 0.07346499711275101 and parameters: {'W_layers': 5, 'W_layer_units_exponent_0': 9, 'W_layer_units_exponent_1': 6, 'W_layer_units_exponent_2': 5, 'W_layer_units_exponent_3': 5, 'W_layer_units_exponent_4': 9, 'D_layers': 3, 'D_layer_units_exponent_0': 4, 'D_layer_units_exponent_1': 7, 'D_layer_units_exponent_2': 6, 'D_dagger_layers': 6, 'D_dagger_layer_units_exponent_0': 6, 'D_dagger_layer_units_exponent_1': 8, 'D_dagger_layer_units_exponent_2': 4, 'D_dagger_layer_units_exponent_3': 7, 'D_dagger_layer_units_exponent_4': 5, 'D_dagger_layer_units_exponent_5': 4, 'log_learning_rate': -4.375023692695404, 'log_learning_rate_D': -1.344818638411224, 'log_learning_rate_D_dagger': -3.9942228225914835, 'training_batch_size': 6, 'training_p': 3}. Best is trial 10 with value: 0.07346499711275101.
res:  tensor(0.0735, device='cuda:0', grad_fn=<DivBackward0>)
self.bestValue:  tensor(0.0873, device='cuda:0', grad_fn=<DivBackward0>)
Save this model!
Time for this trial:  776.7388858795166
Memory status after this trial: 
Memory allocated:  382.96337890625
Memory cached:  1046.0
--------------------  Trial  11   --------------------
Start timing: 
Parameters: 
{'W_layers': 5, 'W_layer_units_exponent_0': 4, 'W_layer_units_exponent_1': 4, 'W_layer_units_exponent_2': 5, 'W_layer_units_exponent_3': 10, 'W_layer_units_exponent_4': 5, 'D_layers': 5, 'D_layer_units_exponent_0': 4, 'D_layer_units_exponent_1': 6, 'D_layer_units_exponent_2': 9, 'D_layer_units_exponent_3': 4, 'D_layer_units_exponent_4': 10, 'D_dagger_layers': 4, 'D_dagger_layer_units_exponent_0': 6, 'D_dagger_layer_units_exponent_1': 6, 'D_dagger_layer_units_exponent_2': 4, 'D_dagger_layer_units_exponent_3': 4, 'log_learning_rate': -3.5592225199191287, 'log_learning_rate_D': -1.0121924638601016, 'log_learning_rate_D_dagger': -4.960905195278704, 'training_batch_size': 6, 'training_p': 3}
	 epoch  0 training error:  tensor(0.8402, device='cuda:0', grad_fn=<DivBackward0>)
Memory status after this epoch: 
Memory allocated:  385.0595703125
Memory cached:  1026.0
	 epoch  10 training error:  tensor(0.6773, device='cuda:0', grad_fn=<DivBackward0>)
Memory status after this epoch: 
Memory allocated:  385.0595703125
Memory cached:  1026.0
	 epoch  20 training error:  tensor(0.6767, device='cuda:0', grad_fn=<DivBackward0>)
Memory status after this epoch: 
Memory allocated:  385.0595703125
Memory cached:  1026.0
	 epoch  30 training error:  tensor(0.6773, device='cuda:0', grad_fn=<DivBackward0>)
Memory status after this epoch: 
Memory allocated:  385.0595703125
Memory cached:  1026.0
	 epoch  40 training error:  tensor(0.6783, device='cuda:0', grad_fn=<DivBackward0>)
Memory status after this epoch: 
Memory allocated:  385.0595703125
Memory cached:  1026.0
	 epoch  50 training error:  tensor(0.6777, device='cuda:0', grad_fn=<DivBackward0>)
Memory status after this epoch: 
Memory allocated:  385.0595703125
Memory cached:  1026.0
	 epoch  60 training error:  tensor(0.6768, device='cuda:0', grad_fn=<DivBackward0>)
Memory status after this epoch: 
Memory allocated:  385.0595703125
Memory cached:  1026.0
	 epoch  70 training error:  tensor(0.6768, device='cuda:0', grad_fn=<DivBackward0>)
Memory status after this epoch: 
Memory allocated:  385.0595703125
Memory cached:  1026.0
	 epoch  80 training error:  tensor(0.6772, device='cuda:0', grad_fn=<DivBackward0>)
Memory status after this epoch: 
Memory allocated:  385.0595703125
Memory cached:  1026.0
	 epoch  90 training error:  tensor(0.6786, device='cuda:0', grad_fn=<DivBackward0>)
Memory status after this epoch: 
Memory allocated:  385.0595703125
Memory cached:  1026.0
[I 2024-02-16 16:17:02,212] Trial 11 finished with value: 0.6587488055229187 and parameters: {'W_layers': 5, 'W_layer_units_exponent_0': 4, 'W_layer_units_exponent_1': 4, 'W_layer_units_exponent_2': 5, 'W_layer_units_exponent_3': 10, 'W_layer_units_exponent_4': 5, 'D_layers': 5, 'D_layer_units_exponent_0': 4, 'D_layer_units_exponent_1': 6, 'D_layer_units_exponent_2': 9, 'D_layer_units_exponent_3': 4, 'D_layer_units_exponent_4': 10, 'D_dagger_layers': 4, 'D_dagger_layer_units_exponent_0': 6, 'D_dagger_layer_units_exponent_1': 6, 'D_dagger_layer_units_exponent_2': 4, 'D_dagger_layer_units_exponent_3': 4, 'log_learning_rate': -3.5592225199191287, 'log_learning_rate_D': -1.0121924638601016, 'log_learning_rate_D_dagger': -4.960905195278704, 'training_batch_size': 6, 'training_p': 3}. Best is trial 10 with value: 0.07346499711275101.
Time for this trial:  779.6485345363617
Memory status after this trial: 
Memory allocated:  970.64501953125
Memory cached:  1026.0
--------------------  Trial  12   --------------------
Start timing: 
Parameters: 
{'W_layers': 5, 'W_layer_units_exponent_0': 8, 'W_layer_units_exponent_1': 10, 'W_layer_units_exponent_2': 6, 'W_layer_units_exponent_3': 6, 'W_layer_units_exponent_4': 10, 'D_layers': 4, 'D_layer_units_exponent_0': 9, 'D_layer_units_exponent_1': 9, 'D_layer_units_exponent_2': 4, 'D_layer_units_exponent_3': 4, 'D_dagger_layers': 6, 'D_dagger_layer_units_exponent_0': 6, 'D_dagger_layer_units_exponent_1': 10, 'D_dagger_layer_units_exponent_2': 8, 'D_dagger_layer_units_exponent_3': 7, 'D_dagger_layer_units_exponent_4': 4, 'D_dagger_layer_units_exponent_5': 10, 'log_learning_rate': -3.825462693413053, 'log_learning_rate_D': -4.72216594282809, 'log_learning_rate_D_dagger': -3.2568993652286444, 'training_batch_size': 6, 'training_p': 2}
	 epoch  0 training error:  tensor(0.5974, device='cuda:0', grad_fn=<DivBackward0>)
Memory status after this epoch: 
Memory allocated:  399.1083984375
Memory cached:  1048.0
	 epoch  10 training error:  tensor(0.0944, device='cuda:0', grad_fn=<DivBackward0>)
Memory status after this epoch: 
Memory allocated:  399.1083984375
Memory cached:  1074.0
	 epoch  20 training error:  tensor(0.0846, device='cuda:0', grad_fn=<DivBackward0>)
Memory status after this epoch: 
Memory allocated:  399.1083984375
Memory cached:  1072.0
	 epoch  30 training error:  tensor(0.0837, device='cuda:0', grad_fn=<DivBackward0>)
Memory status after this epoch: 
Memory allocated:  399.1083984375
Memory cached:  1078.0
	 epoch  40 training error:  tensor(0.0818, device='cuda:0', grad_fn=<DivBackward0>)
Memory status after this epoch: 
Memory allocated:  399.1083984375
Memory cached:  1084.0
	 epoch  50 training error:  tensor(0.0812, device='cuda:0', grad_fn=<DivBackward0>)
Memory status after this epoch: 
Memory allocated:  399.1083984375
Memory cached:  1082.0
	 epoch  60 training error:  tensor(0.0863, device='cuda:0', grad_fn=<DivBackward0>)
Memory status after this epoch: 
Memory allocated:  399.1083984375
Memory cached:  1082.0
	 epoch  70 training error:  tensor(0.0889, device='cuda:0', grad_fn=<DivBackward0>)
Memory status after this epoch: 
Memory allocated:  399.1083984375
Memory cached:  1084.0
	 epoch  80 training error:  tensor(0.0819, device='cuda:0', grad_fn=<DivBackward0>)
Memory status after this epoch: 
Memory allocated:  399.1083984375
Memory cached:  1086.0
	 epoch  90 training error:  tensor(0.0802, device='cuda:0', grad_fn=<DivBackward0>)
Memory status after this epoch: 
Memory allocated:  399.1083984375
Memory cached:  1082.0
