[I 2024-02-18 10:09:17,679] Trial 65 finished with value: 0.08788422495126724 and parameters: {'W_layers': 7, 'W_layer_units_exponent_0': 5, 'W_layer_units_exponent_1': 7, 'W_layer_units_exponent_2': 6, 'W_layer_units_exponent_3': 10, 'W_layer_units_exponent_4': 8, 'W_layer_units_exponent_5': 7, 'W_layer_units_exponent_6': 5, 'D_layers': 6, 'D_layer_units_exponent_0': 10, 'D_layer_units_exponent_1': 10, 'D_layer_units_exponent_2': 6, 'D_layer_units_exponent_3': 5, 'D_layer_units_exponent_4': 9, 'D_layer_units_exponent_5': 8, 'D_dagger_layers': 5, 'D_dagger_layer_units_exponent_0': 4, 'D_dagger_layer_units_exponent_1': 4, 'D_dagger_layer_units_exponent_2': 4, 'D_dagger_layer_units_exponent_3': 7, 'D_dagger_layer_units_exponent_4': 5, 'log_learning_rate': -2.6359745520508158, 'log_learning_rate_D': -2.2692164613349255, 'log_learning_rate_D_dagger': -2.4237938966859, 'training_batch_size': 6, 'training_p': 2}. Best is trial 53 with value: 0.08303368091583252.
Time for this trial:  29.584968090057373
Memory status after this trial: 
Memory allocated:  774.24951171875
Memory cached:  808.0
--------------------  Trial  66   --------------------
Start timing: 
Parameters: 
{'W_layers': 7, 'W_layer_units_exponent_0': 5, 'W_layer_units_exponent_1': 7, 'W_layer_units_exponent_2': 5, 'W_layer_units_exponent_3': 9, 'W_layer_units_exponent_4': 7, 'W_layer_units_exponent_5': 5, 'W_layer_units_exponent_6': 6, 'D_layers': 7, 'D_layer_units_exponent_0': 10, 'D_layer_units_exponent_1': 9, 'D_layer_units_exponent_2': 8, 'D_layer_units_exponent_3': 6, 'D_layer_units_exponent_4': 9, 'D_layer_units_exponent_5': 7, 'D_layer_units_exponent_6': 6, 'D_dagger_layers': 5, 'D_dagger_layer_units_exponent_0': 4, 'D_dagger_layer_units_exponent_1': 4, 'D_dagger_layer_units_exponent_2': 5, 'D_dagger_layer_units_exponent_3': 8, 'D_dagger_layer_units_exponent_4': 4, 'log_learning_rate': -1.8930615819002217, 'log_learning_rate_D': -2.747345255838692, 'log_learning_rate_D_dagger': -2.608162503964784, 'training_batch_size': 6, 'training_p': 3}
	 epoch  0 training error:  tensor(1.3346, device='cuda:0', grad_fn=<DivBackward0>)
Memory status after this epoch: 
Memory allocated:  368.57958984375
Memory cached:  512.0
	 epoch  10 training error:  tensor(0.1145, device='cuda:0', grad_fn=<DivBackward0>)
Memory status after this epoch: 
Memory allocated:  368.57958984375
Memory cached:  510.0
	 epoch  20 training error:  tensor(0.0993, device='cuda:0', grad_fn=<DivBackward0>)
Memory status after this epoch: 
Memory allocated:  368.57958984375
Memory cached:  510.0
	 epoch  30 training error:  tensor(0.0962, device='cuda:0', grad_fn=<DivBackward0>)
Memory status after this epoch: 
Memory allocated:  368.57958984375
Memory cached:  508.0
	 epoch  40 training error:  tensor(0.0964, device='cuda:0', grad_fn=<DivBackward0>)
Memory status after this epoch: 
Memory allocated:  368.57958984375
Memory cached:  508.0
	 epoch  50 training error:  tensor(0.0952, device='cuda:0', grad_fn=<DivBackward0>)
Memory status after this epoch: 
Memory allocated:  368.57958984375
Memory cached:  510.0
	 epoch  60 training error:  tensor(0.0993, device='cuda:0', grad_fn=<DivBackward0>)
Memory status after this epoch: 
Memory allocated:  368.57958984375
Memory cached:  508.0
	 epoch  70 training error:  tensor(0.0955, device='cuda:0', grad_fn=<DivBackward0>)
Memory status after this epoch: 
Memory allocated:  368.57958984375
Memory cached:  508.0
	 epoch  80 training error:  tensor(0.0952, device='cuda:0', grad_fn=<DivBackward0>)
Memory status after this epoch: 
Memory allocated:  368.57958984375
Memory cached:  510.0
	 epoch  90 training error:  tensor(0.0962, device='cuda:0', grad_fn=<DivBackward0>)
Memory status after this epoch: 
Memory allocated:  368.57958984375
Memory cached:  506.0
[I 2024-02-18 10:09:47,211] Trial 66 finished with value: 0.08570065349340439 and parameters: {'W_layers': 7, 'W_layer_units_exponent_0': 5, 'W_layer_units_exponent_1': 7, 'W_layer_units_exponent_2': 5, 'W_layer_units_exponent_3': 9, 'W_layer_units_exponent_4': 7, 'W_layer_units_exponent_5': 5, 'W_layer_units_exponent_6': 6, 'D_layers': 7, 'D_layer_units_exponent_0': 10, 'D_layer_units_exponent_1': 9, 'D_layer_units_exponent_2': 8, 'D_layer_units_exponent_3': 6, 'D_layer_units_exponent_4': 9, 'D_layer_units_exponent_5': 7, 'D_layer_units_exponent_6': 6, 'D_dagger_layers': 5, 'D_dagger_layer_units_exponent_0': 4, 'D_dagger_layer_units_exponent_1': 4, 'D_dagger_layer_units_exponent_2': 5, 'D_dagger_layer_units_exponent_3': 8, 'D_dagger_layer_units_exponent_4': 4, 'log_learning_rate': -1.8930615819002217, 'log_learning_rate_D': -2.747345255838692, 'log_learning_rate_D_dagger': -2.608162503964784, 'training_batch_size': 6, 'training_p': 3}. Best is trial 53 with value: 0.08303368091583252.
Time for this trial:  29.12087368965149
Memory status after this trial: 
Memory allocated:  637.75146484375
Memory cached:  654.0
--------------------  Trial  67   --------------------
Start timing: 
Parameters: 
{'W_layers': 8, 'W_layer_units_exponent_0': 4, 'W_layer_units_exponent_1': 8, 'W_layer_units_exponent_2': 6, 'W_layer_units_exponent_3': 10, 'W_layer_units_exponent_4': 8, 'W_layer_units_exponent_5': 7, 'W_layer_units_exponent_6': 5, 'W_layer_units_exponent_7': 7, 'D_layers': 6, 'D_layer_units_exponent_0': 9, 'D_layer_units_exponent_1': 10, 'D_layer_units_exponent_2': 7, 'D_layer_units_exponent_3': 5, 'D_layer_units_exponent_4': 10, 'D_layer_units_exponent_5': 9, 'D_dagger_layers': 5, 'D_dagger_layer_units_exponent_0': 5, 'D_dagger_layer_units_exponent_1': 4, 'D_dagger_layer_units_exponent_2': 4, 'D_dagger_layer_units_exponent_3': 8, 'D_dagger_layer_units_exponent_4': 9, 'log_learning_rate': -2.4478378488929393, 'log_learning_rate_D': -2.418825593837681, 'log_learning_rate_D_dagger': -2.1698017526142013, 'training_batch_size': 9, 'training_p': 2}
	 epoch  0 training error:  tensor(1.0011, device='cuda:0', grad_fn=<DivBackward0>)
Memory status after this epoch: 
Memory allocated:  376.72216796875
Memory cached:  504.0
	 epoch  10 training error:  tensor(0.3899, device='cuda:0', grad_fn=<DivBackward0>)
Memory status after this epoch: 
Memory allocated:  376.72216796875
Memory cached:  504.0
	 epoch  20 training error:  tensor(0.1641, device='cuda:0', grad_fn=<DivBackward0>)
Memory status after this epoch: 
Memory allocated:  376.72216796875
Memory cached:  504.0
	 epoch  30 training error:  tensor(0.1360, device='cuda:0', grad_fn=<DivBackward0>)
Memory status after this epoch: 
Memory allocated:  376.72216796875
Memory cached:  504.0
	 epoch  40 training error:  tensor(0.0989, device='cuda:0', grad_fn=<DivBackward0>)
Memory status after this epoch: 
Memory allocated:  376.72216796875
Memory cached:  504.0
	 epoch  50 training error:  tensor(0.0873, device='cuda:0', grad_fn=<DivBackward0>)
Memory status after this epoch: 
Memory allocated:  376.72216796875
Memory cached:  504.0
	 epoch  60 training error:  tensor(0.0856, device='cuda:0', grad_fn=<DivBackward0>)
Memory status after this epoch: 
Memory allocated:  376.72216796875
Memory cached:  504.0
	 epoch  70 training error:  tensor(0.0835, device='cuda:0', grad_fn=<DivBackward0>)
Memory status after this epoch: 
Memory allocated:  376.72216796875
Memory cached:  504.0
	 epoch  80 training error:  tensor(0.0866, device='cuda:0', grad_fn=<DivBackward0>)
Memory status after this epoch: 
Memory allocated:  376.72216796875
Memory cached:  504.0
	 epoch  90 training error:  tensor(0.0837, device='cuda:0', grad_fn=<DivBackward0>)
Memory status after this epoch: 
Memory allocated:  376.72216796875
Memory cached:  504.0
[I 2024-02-18 10:10:12,270] Trial 67 finished with value: 0.08335170149803162 and parameters: {'W_layers': 8, 'W_layer_units_exponent_0': 4, 'W_layer_units_exponent_1': 8, 'W_layer_units_exponent_2': 6, 'W_layer_units_exponent_3': 10, 'W_layer_units_exponent_4': 8, 'W_layer_units_exponent_5': 7, 'W_layer_units_exponent_6': 5, 'W_layer_units_exponent_7': 7, 'D_layers': 6, 'D_layer_units_exponent_0': 9, 'D_layer_units_exponent_1': 10, 'D_layer_units_exponent_2': 7, 'D_layer_units_exponent_3': 5, 'D_layer_units_exponent_4': 10, 'D_layer_units_exponent_5': 9, 'D_dagger_layers': 5, 'D_dagger_layer_units_exponent_0': 5, 'D_dagger_layer_units_exponent_1': 4, 'D_dagger_layer_units_exponent_2': 4, 'D_dagger_layer_units_exponent_3': 8, 'D_dagger_layer_units_exponent_4': 9, 'log_learning_rate': -2.4478378488929393, 'log_learning_rate_D': -2.418825593837681, 'log_learning_rate_D_dagger': -2.1698017526142013, 'training_batch_size': 9, 'training_p': 2}. Best is trial 53 with value: 0.08303368091583252.
Time for this trial:  24.59934401512146
Memory status after this trial: 
Memory allocated:  946.12744140625
Memory cached:  962.0
--------------------  Trial  68   --------------------
Start timing: 
Parameters: 
{'W_layers': 8, 'W_layer_units_exponent_0': 4, 'W_layer_units_exponent_1': 8, 'W_layer_units_exponent_2': 4, 'W_layer_units_exponent_3': 9, 'W_layer_units_exponent_4': 9, 'W_layer_units_exponent_5': 7, 'W_layer_units_exponent_6': 4, 'W_layer_units_exponent_7': 7, 'D_layers': 5, 'D_layer_units_exponent_0': 9, 'D_layer_units_exponent_1': 7, 'D_layer_units_exponent_2': 8, 'D_layer_units_exponent_3': 5, 'D_layer_units_exponent_4': 10, 'D_dagger_layers': 6, 'D_dagger_layer_units_exponent_0': 5, 'D_dagger_layer_units_exponent_1': 4, 'D_dagger_layer_units_exponent_2': 5, 'D_dagger_layer_units_exponent_3': 6, 'D_dagger_layer_units_exponent_4': 10, 'D_dagger_layer_units_exponent_5': 9, 'log_learning_rate': -2.159258299591413, 'log_learning_rate_D': -2.4528417984533952, 'log_learning_rate_D_dagger': -1.8071819997960916, 'training_batch_size': 9, 'training_p': 2}
	 epoch  0 training error:  tensor(0.9981, device='cuda:0', grad_fn=<DivBackward0>)
Memory status after this epoch: 
Memory allocated:  378.96728515625
Memory cached:  568.0
	 epoch  10 training error:  tensor(0.2936, device='cuda:0', grad_fn=<DivBackward0>)
Memory status after this epoch: 
Memory allocated:  378.96728515625
Memory cached:  568.0
	 epoch  20 training error:  tensor(0.7643, device='cuda:0', grad_fn=<DivBackward0>)
Memory status after this epoch: 
Memory allocated:  378.96728515625
Memory cached:  568.0
	 epoch  30 training error:  tensor(0.2794, device='cuda:0', grad_fn=<DivBackward0>)
Memory status after this epoch: 
Memory allocated:  378.96728515625
Memory cached:  568.0
	 epoch  40 training error:  tensor(0.1991, device='cuda:0', grad_fn=<DivBackward0>)
Memory status after this epoch: 
Memory allocated:  378.96728515625
Memory cached:  568.0
	 epoch  50 training error:  tensor(0.1147, device='cuda:0', grad_fn=<DivBackward0>)
Memory status after this epoch: 
Memory allocated:  378.96728515625
Memory cached:  568.0
	 epoch  60 training error:  tensor(0.0957, device='cuda:0', grad_fn=<DivBackward0>)
Memory status after this epoch: 
Memory allocated:  378.96728515625
Memory cached:  568.0
	 epoch  70 training error:  tensor(0.0975, device='cuda:0', grad_fn=<DivBackward0>)
Memory status after this epoch: 
Memory allocated:  378.96728515625
Memory cached:  568.0
	 epoch  80 training error:  tensor(0.0911, device='cuda:0', grad_fn=<DivBackward0>)
Memory status after this epoch: 
Memory allocated:  378.96728515625
Memory cached:  568.0
	 epoch  90 training error:  tensor(0.0902, device='cuda:0', grad_fn=<DivBackward0>)
Memory status after this epoch: 
Memory allocated:  378.96728515625
Memory cached:  568.0
[I 2024-02-18 10:10:36,899] Trial 68 finished with value: 0.1063024029135704 and parameters: {'W_layers': 8, 'W_layer_units_exponent_0': 4, 'W_layer_units_exponent_1': 8, 'W_layer_units_exponent_2': 4, 'W_layer_units_exponent_3': 9, 'W_layer_units_exponent_4': 9, 'W_layer_units_exponent_5': 7, 'W_layer_units_exponent_6': 4, 'W_layer_units_exponent_7': 7, 'D_layers': 5, 'D_layer_units_exponent_0': 9, 'D_layer_units_exponent_1': 7, 'D_layer_units_exponent_2': 8, 'D_layer_units_exponent_3': 5, 'D_layer_units_exponent_4': 10, 'D_dagger_layers': 6, 'D_dagger_layer_units_exponent_0': 5, 'D_dagger_layer_units_exponent_1': 4, 'D_dagger_layer_units_exponent_2': 5, 'D_dagger_layer_units_exponent_3': 6, 'D_dagger_layer_units_exponent_4': 10, 'D_dagger_layer_units_exponent_5': 9, 'log_learning_rate': -2.159258299591413, 'log_learning_rate_D': -2.4528417984533952, 'log_learning_rate_D_dagger': -1.8071819997960916, 'training_batch_size': 9, 'training_p': 2}. Best is trial 53 with value: 0.08303368091583252.
Time for this trial:  24.237253189086914
Memory status after this trial: 
Memory allocated:  1063.45849609375
Memory cached:  1084.0
--------------------  Trial  69   --------------------
Start timing: 
Parameters: 
{'W_layers': 8, 'W_layer_units_exponent_0': 4, 'W_layer_units_exponent_1': 8, 'W_layer_units_exponent_2': 5, 'W_layer_units_exponent_3': 9, 'W_layer_units_exponent_4': 8, 'W_layer_units_exponent_5': 7, 'W_layer_units_exponent_6': 6, 'W_layer_units_exponent_7': 8, 'D_layers': 6, 'D_layer_units_exponent_0': 9, 'D_layer_units_exponent_1': 10, 'D_layer_units_exponent_2': 7, 'D_layer_units_exponent_3': 7, 'D_layer_units_exponent_4': 10, 'D_layer_units_exponent_5': 9, 'D_dagger_layers': 5, 'D_dagger_layer_units_exponent_0': 5, 'D_dagger_layer_units_exponent_1': 5, 'D_dagger_layer_units_exponent_2': 5, 'D_dagger_layer_units_exponent_3': 8, 'D_dagger_layer_units_exponent_4': 9, 'log_learning_rate': -2.748903449917993, 'log_learning_rate_D': -2.619704557729664, 'log_learning_rate_D_dagger': -2.5153192196198066, 'training_batch_size': 10, 'training_p': 3}
	 epoch  0 training error:  tensor(1.0044, device='cuda:0', grad_fn=<DivBackward0>)
Memory status after this epoch: 
Memory allocated:  374.59716796875
Memory cached:  504.0
	 epoch  10 training error:  tensor(0.1490, device='cuda:0', grad_fn=<DivBackward0>)
Memory status after this epoch: 
Memory allocated:  374.59716796875
Memory cached:  504.0
	 epoch  20 training error:  tensor(0.1163, device='cuda:0', grad_fn=<DivBackward0>)
Memory status after this epoch: 
Memory allocated:  374.59716796875
Memory cached:  504.0
	 epoch  30 training error:  tensor(0.1176, device='cuda:0', grad_fn=<DivBackward0>)
Memory status after this epoch: 
Memory allocated:  374.59716796875
Memory cached:  504.0
	 epoch  40 training error:  tensor(0.1076, device='cuda:0', grad_fn=<DivBackward0>)
Memory status after this epoch: 
Memory allocated:  374.59716796875
Memory cached:  504.0
	 epoch  50 training error:  tensor(0.1003, device='cuda:0', grad_fn=<DivBackward0>)
Memory status after this epoch: 
Memory allocated:  374.59716796875
Memory cached:  504.0
	 epoch  60 training error:  tensor(0.0980, device='cuda:0', grad_fn=<DivBackward0>)
Memory status after this epoch: 
Memory allocated:  374.59716796875
Memory cached:  504.0
	 epoch  70 training error:  tensor(0.0953, device='cuda:0', grad_fn=<DivBackward0>)
Memory status after this epoch: 
Memory allocated:  374.59716796875
Memory cached:  504.0
	 epoch  80 training error:  tensor(0.0952, device='cuda:0', grad_fn=<DivBackward0>)
Memory status after this epoch: 
Memory allocated:  374.59716796875
Memory cached:  504.0
	 epoch  90 training error:  tensor(0.0945, device='cuda:0', grad_fn=<DivBackward0>)
Memory status after this epoch: 
Memory allocated:  374.59716796875
Memory cached:  504.0
[I 2024-02-18 10:11:00,452] Trial 69 finished with value: 0.08519283682107925 and parameters: {'W_layers': 8, 'W_layer_units_exponent_0': 4, 'W_layer_units_exponent_1': 8, 'W_layer_units_exponent_2': 5, 'W_layer_units_exponent_3': 9, 'W_layer_units_exponent_4': 8, 'W_layer_units_exponent_5': 7, 'W_layer_units_exponent_6': 6, 'W_layer_units_exponent_7': 8, 'D_layers': 6, 'D_layer_units_exponent_0': 9, 'D_layer_units_exponent_1': 10, 'D_layer_units_exponent_2': 7, 'D_layer_units_exponent_3': 7, 'D_layer_units_exponent_4': 10, 'D_layer_units_exponent_5': 9, 'D_dagger_layers': 5, 'D_dagger_layer_units_exponent_0': 5, 'D_dagger_layer_units_exponent_1': 5, 'D_dagger_layer_units_exponent_2': 5, 'D_dagger_layer_units_exponent_3': 8, 'D_dagger_layer_units_exponent_4': 9, 'log_learning_rate': -2.748903449917993, 'log_learning_rate_D': -2.619704557729664, 'log_learning_rate_D_dagger': -2.5153192196198066, 'training_batch_size': 10, 'training_p': 3}. Best is trial 53 with value: 0.08303368091583252.
Time for this trial:  23.157562971115112
Memory status after this trial: 
Memory allocated:  862.84619140625
Memory cached:  902.0
--------------------  Trial  70   --------------------
Start timing: 
Parameters: 
{'W_layers': 8, 'W_layer_units_exponent_0': 9, 'W_layer_units_exponent_1': 8, 'W_layer_units_exponent_2': 6, 'W_layer_units_exponent_3': 4, 'W_layer_units_exponent_4': 8, 'W_layer_units_exponent_5': 7, 'W_layer_units_exponent_6': 8, 'W_layer_units_exponent_7': 6, 'D_layers': 5, 'D_layer_units_exponent_0': 9, 'D_layer_units_exponent_1': 9, 'D_layer_units_exponent_2': 6, 'D_layer_units_exponent_3': 4, 'D_layer_units_exponent_4': 10, 'D_dagger_layers': 6, 'D_dagger_layer_units_exponent_0': 6, 'D_dagger_layer_units_exponent_1': 4, 'D_dagger_layer_units_exponent_2': 4, 'D_dagger_layer_units_exponent_3': 7, 'D_dagger_layer_units_exponent_4': 9, 'D_dagger_layer_units_exponent_5': 8, 'log_learning_rate': -2.5783025322132, 'log_learning_rate_D': -2.187451432804195, 'log_learning_rate_D_dagger': -2.272201404317181, 'training_batch_size': 9, 'training_p': 4}
	 epoch  0 training error:  tensor(0.9605, device='cuda:0', grad_fn=<DivBackward0>)
Memory status after this epoch: 
Memory allocated:  371.37060546875
Memory cached:  504.0
	 epoch  10 training error:  tensor(0.3053, device='cuda:0', grad_fn=<DivBackward0>)
Memory status after this epoch: 
Memory allocated:  371.37060546875
Memory cached:  504.0
	 epoch  20 training error:  tensor(0.2385, device='cuda:0', grad_fn=<DivBackward0>)
Memory status after this epoch: 
Memory allocated:  371.37060546875
Memory cached:  504.0
	 epoch  30 training error:  tensor(0.1756, device='cuda:0', grad_fn=<DivBackward0>)
Memory status after this epoch: 
Memory allocated:  371.37060546875
Memory cached:  504.0
	 epoch  40 training error:  tensor(0.1511, device='cuda:0', grad_fn=<DivBackward0>)
Memory status after this epoch: 
Memory allocated:  371.37060546875
Memory cached:  504.0
	 epoch  50 training error:  tensor(0.1258, device='cuda:0', grad_fn=<DivBackward0>)
Memory status after this epoch: 
Memory allocated:  371.37060546875
Memory cached:  504.0
	 epoch  60 training error:  tensor(0.1197, device='cuda:0', grad_fn=<DivBackward0>)
Memory status after this epoch: 
Memory allocated:  371.37060546875
Memory cached:  504.0
	 epoch  70 training error:  tensor(0.1114, device='cuda:0', grad_fn=<DivBackward0>)
Memory status after this epoch: 
Memory allocated:  371.37060546875
Memory cached:  504.0
	 epoch  80 training error:  tensor(0.1086, device='cuda:0', grad_fn=<DivBackward0>)
Memory status after this epoch: 
Memory allocated:  371.37060546875
Memory cached:  504.0
	 epoch  90 training error:  tensor(0.1187, device='cuda:0', grad_fn=<DivBackward0>)
Memory status after this epoch: 
Memory allocated:  371.37060546875
Memory cached:  504.0
