[I 2024-02-16 22:36:06,547] Trial 47 finished with value: 0.087380550801754 and parameters: {'W_layers': 5, 'W_layer_units_exponent_0': 5, 'W_layer_units_exponent_1': 8, 'W_layer_units_exponent_2': 8, 'W_layer_units_exponent_3': 5, 'W_layer_units_exponent_4': 7, 'D_layers': 2, 'D_layer_units_exponent_0': 9, 'D_layer_units_exponent_1': 9, 'D_dagger_layers': 2, 'D_dagger_layer_units_exponent_0': 5, 'D_dagger_layer_units_exponent_1': 5, 'log_learning_rate': -4.659588544036097, 'log_learning_rate_D': -3.5454366055896704, 'log_learning_rate_D_dagger': -2.3172474749089167, 'training_batch_size': 12, 'training_p': 3}. Best is trial 10 with value: 0.07346499711275101.
Time for this trial:  173.25361394882202
Memory status after this trial: 
Memory allocated:  746.29443359375
Memory cached:  1028.0
--------------------  Trial  48   --------------------
Start timing: 
Parameters: 
{'W_layers': 4, 'W_layer_units_exponent_0': 8, 'W_layer_units_exponent_1': 5, 'W_layer_units_exponent_2': 6, 'W_layer_units_exponent_3': 4, 'D_layers': 3, 'D_layer_units_exponent_0': 8, 'D_layer_units_exponent_1': 10, 'D_layer_units_exponent_2': 9, 'D_dagger_layers': 3, 'D_dagger_layer_units_exponent_0': 4, 'D_dagger_layer_units_exponent_1': 6, 'D_dagger_layer_units_exponent_2': 5, 'log_learning_rate': -3.984712358623948, 'log_learning_rate_D': -3.684354892239876, 'log_learning_rate_D_dagger': -4.0712732855302605, 'training_batch_size': 8, 'training_p': 4}
	 epoch  0 training error:  tensor(1.0046, device='cuda:0', grad_fn=<DivBackward0>)
Memory status after this epoch: 
Memory allocated:  395.1728515625
Memory cached:  1050.0
	 epoch  10 training error:  tensor(0.6675, device='cuda:0', grad_fn=<DivBackward0>)
Memory status after this epoch: 
Memory allocated:  395.1728515625
Memory cached:  1060.0
	 epoch  20 training error:  tensor(0.5891, device='cuda:0', grad_fn=<DivBackward0>)
Memory status after this epoch: 
Memory allocated:  395.1728515625
Memory cached:  1056.0
	 epoch  30 training error:  tensor(0.5565, device='cuda:0', grad_fn=<DivBackward0>)
Memory status after this epoch: 
Memory allocated:  395.1728515625
Memory cached:  1056.0
	 epoch  40 training error:  tensor(0.5218, device='cuda:0', grad_fn=<DivBackward0>)
Memory status after this epoch: 
Memory allocated:  395.1728515625
Memory cached:  1054.0
	 epoch  50 training error:  tensor(0.4845, device='cuda:0', grad_fn=<DivBackward0>)
Memory status after this epoch: 
Memory allocated:  395.1728515625
Memory cached:  1062.0
	 epoch  60 training error:  tensor(0.4441, device='cuda:0', grad_fn=<DivBackward0>)
Memory status after this epoch: 
Memory allocated:  395.1728515625
Memory cached:  1060.0
	 epoch  70 training error:  tensor(0.4003, device='cuda:0', grad_fn=<DivBackward0>)
Memory status after this epoch: 
Memory allocated:  395.1728515625
Memory cached:  1056.0
	 epoch  80 training error:  tensor(0.3530, device='cuda:0', grad_fn=<DivBackward0>)
Memory status after this epoch: 
Memory allocated:  395.1728515625
Memory cached:  1060.0
	 epoch  90 training error:  tensor(0.3027, device='cuda:0', grad_fn=<DivBackward0>)
Memory status after this epoch: 
Memory allocated:  395.1728515625
Memory cached:  1060.0
[I 2024-02-16 22:41:12,761] Trial 48 finished with value: 0.2048214226961136 and parameters: {'W_layers': 4, 'W_layer_units_exponent_0': 8, 'W_layer_units_exponent_1': 5, 'W_layer_units_exponent_2': 6, 'W_layer_units_exponent_3': 4, 'D_layers': 3, 'D_layer_units_exponent_0': 8, 'D_layer_units_exponent_1': 10, 'D_layer_units_exponent_2': 9, 'D_dagger_layers': 3, 'D_dagger_layer_units_exponent_0': 4, 'D_dagger_layer_units_exponent_1': 6, 'D_dagger_layer_units_exponent_2': 5, 'log_learning_rate': -3.984712358623948, 'log_learning_rate_D': -3.684354892239876, 'log_learning_rate_D_dagger': -4.0712732855302605, 'training_batch_size': 8, 'training_p': 4}. Best is trial 10 with value: 0.07346499711275101.
Time for this trial:  305.86683678627014
Memory status after this trial: 
Memory allocated:  854.06005859375
Memory cached:  1052.0
--------------------  Trial  49   --------------------
Start timing: 
Parameters: 
{'W_layers': 2, 'W_layer_units_exponent_0': 10, 'W_layer_units_exponent_1': 6, 'D_layers': 3, 'D_layer_units_exponent_0': 5, 'D_layer_units_exponent_1': 8, 'D_layer_units_exponent_2': 6, 'D_dagger_layers': 2, 'D_dagger_layer_units_exponent_0': 6, 'D_dagger_layer_units_exponent_1': 5, 'log_learning_rate': -4.425843949567342, 'log_learning_rate_D': -3.824975265979868, 'log_learning_rate_D_dagger': -2.840563088972783, 'training_batch_size': 6, 'training_p': 2}
	 epoch  0 training error:  tensor(0.7776, device='cuda:0', grad_fn=<DivBackward0>)
Memory status after this epoch: 
Memory allocated:  384.4501953125
Memory cached:  1026.0
	 epoch  10 training error:  tensor(0.1345, device='cuda:0', grad_fn=<DivBackward0>)
Memory status after this epoch: 
Memory allocated:  384.4501953125
Memory cached:  1026.0
	 epoch  20 training error:  tensor(0.1063, device='cuda:0', grad_fn=<DivBackward0>)
Memory status after this epoch: 
Memory allocated:  384.4501953125
Memory cached:  1026.0
	 epoch  30 training error:  tensor(0.0873, device='cuda:0', grad_fn=<DivBackward0>)
Memory status after this epoch: 
Memory allocated:  384.4501953125
Memory cached:  1026.0
	 epoch  40 training error:  tensor(0.0836, device='cuda:0', grad_fn=<DivBackward0>)
Memory status after this epoch: 
Memory allocated:  384.4501953125
Memory cached:  1026.0
	 epoch  50 training error:  tensor(0.0898, device='cuda:0', grad_fn=<DivBackward0>)
Memory status after this epoch: 
Memory allocated:  384.4501953125
Memory cached:  1026.0
	 epoch  60 training error:  tensor(0.0837, device='cuda:0', grad_fn=<DivBackward0>)
Memory status after this epoch: 
Memory allocated:  384.4501953125
Memory cached:  1026.0
	 epoch  70 training error:  tensor(0.0796, device='cuda:0', grad_fn=<DivBackward0>)
Memory status after this epoch: 
Memory allocated:  384.4501953125
Memory cached:  1026.0
	 epoch  80 training error:  tensor(0.0790, device='cuda:0', grad_fn=<DivBackward0>)
Memory status after this epoch: 
Memory allocated:  384.4501953125
Memory cached:  1026.0
	 epoch  90 training error:  tensor(0.0792, device='cuda:0', grad_fn=<DivBackward0>)
Memory status after this epoch: 
Memory allocated:  384.4501953125
Memory cached:  1026.0
[I 2024-02-16 22:49:57,701] Trial 49 finished with value: 0.08185013383626938 and parameters: {'W_layers': 2, 'W_layer_units_exponent_0': 10, 'W_layer_units_exponent_1': 6, 'D_layers': 3, 'D_layer_units_exponent_0': 5, 'D_layer_units_exponent_1': 8, 'D_layer_units_exponent_2': 6, 'D_dagger_layers': 2, 'D_dagger_layer_units_exponent_0': 6, 'D_dagger_layer_units_exponent_1': 5, 'log_learning_rate': -4.425843949567342, 'log_learning_rate_D': -3.824975265979868, 'log_learning_rate_D_dagger': -2.840563088972783, 'training_batch_size': 6, 'training_p': 2}. Best is trial 10 with value: 0.07346499711275101.
Time for this trial:  524.5859172344208
Memory status after this trial: 
Memory allocated:  706.66845703125
Memory cached:  1026.0
--------------------  Trial  50   --------------------
Start timing: 
Parameters: 
{'W_layers': 8, 'W_layer_units_exponent_0': 6, 'W_layer_units_exponent_1': 7, 'W_layer_units_exponent_2': 6, 'W_layer_units_exponent_3': 5, 'W_layer_units_exponent_4': 5, 'W_layer_units_exponent_5': 7, 'W_layer_units_exponent_6': 5, 'W_layer_units_exponent_7': 4, 'D_layers': 2, 'D_layer_units_exponent_0': 6, 'D_layer_units_exponent_1': 6, 'D_dagger_layers': 3, 'D_dagger_layer_units_exponent_0': 5, 'D_dagger_layer_units_exponent_1': 7, 'D_dagger_layer_units_exponent_2': 4, 'log_learning_rate': -4.175218378253042, 'log_learning_rate_D': -4.122720039253553, 'log_learning_rate_D_dagger': -2.650839507915579, 'training_batch_size': 7, 'training_p': 3}
	 epoch  0 training error:  tensor(0.9115, device='cuda:0', grad_fn=<DivBackward0>)
Memory status after this epoch: 
Memory allocated:  383.5126953125
Memory cached:  1026.0
	 epoch  10 training error:  tensor(0.1499, device='cuda:0', grad_fn=<DivBackward0>)
Memory status after this epoch: 
Memory allocated:  383.5126953125
Memory cached:  1026.0
	 epoch  20 training error:  tensor(0.1122, device='cuda:0', grad_fn=<DivBackward0>)
Memory status after this epoch: 
Memory allocated:  383.5126953125
Memory cached:  1026.0
	 epoch  30 training error:  tensor(0.0994, device='cuda:0', grad_fn=<DivBackward0>)
Memory status after this epoch: 
Memory allocated:  383.5126953125
Memory cached:  1026.0
	 epoch  40 training error:  tensor(0.0979, device='cuda:0', grad_fn=<DivBackward0>)
Memory status after this epoch: 
Memory allocated:  383.5126953125
Memory cached:  1026.0
	 epoch  50 training error:  tensor(0.0996, device='cuda:0', grad_fn=<DivBackward0>)
Memory status after this epoch: 
Memory allocated:  383.5126953125
Memory cached:  1026.0
	 epoch  60 training error:  tensor(0.0962, device='cuda:0', grad_fn=<DivBackward0>)
Memory status after this epoch: 
Memory allocated:  383.5126953125
Memory cached:  1026.0
	 epoch  70 training error:  tensor(0.0976, device='cuda:0', grad_fn=<DivBackward0>)
Memory status after this epoch: 
Memory allocated:  383.5126953125
Memory cached:  1026.0
	 epoch  80 training error:  tensor(0.0958, device='cuda:0', grad_fn=<DivBackward0>)
Memory status after this epoch: 
Memory allocated:  383.5126953125
Memory cached:  1026.0
	 epoch  90 training error:  tensor(0.0945, device='cuda:0', grad_fn=<DivBackward0>)
Memory status after this epoch: 
Memory allocated:  383.5126953125
Memory cached:  1026.0
[I 2024-02-16 22:57:33,211] Trial 50 finished with value: 0.08878891170024872 and parameters: {'W_layers': 8, 'W_layer_units_exponent_0': 6, 'W_layer_units_exponent_1': 7, 'W_layer_units_exponent_2': 6, 'W_layer_units_exponent_3': 5, 'W_layer_units_exponent_4': 5, 'W_layer_units_exponent_5': 7, 'W_layer_units_exponent_6': 5, 'W_layer_units_exponent_7': 4, 'D_layers': 2, 'D_layer_units_exponent_0': 6, 'D_layer_units_exponent_1': 6, 'D_dagger_layers': 3, 'D_dagger_layer_units_exponent_0': 5, 'D_dagger_layer_units_exponent_1': 7, 'D_dagger_layer_units_exponent_2': 4, 'log_learning_rate': -4.175218378253042, 'log_learning_rate_D': -4.122720039253553, 'log_learning_rate_D_dagger': -2.650839507915579, 'training_batch_size': 7, 'training_p': 3}. Best is trial 10 with value: 0.07346499711275101.
Time for this trial:  455.08653473854065
Memory status after this trial: 
Memory allocated:  551.35498046875
Memory cached:  1026.0
--------------------  Trial  51   --------------------
Start timing: 
Parameters: 
{'W_layers': 3, 'W_layer_units_exponent_0': 7, 'W_layer_units_exponent_1': 8, 'W_layer_units_exponent_2': 5, 'D_layers': 3, 'D_layer_units_exponent_0': 9, 'D_layer_units_exponent_1': 9, 'D_layer_units_exponent_2': 8, 'D_dagger_layers': 4, 'D_dagger_layer_units_exponent_0': 6, 'D_dagger_layer_units_exponent_1': 6, 'D_dagger_layer_units_exponent_2': 10, 'D_dagger_layer_units_exponent_3': 10, 'log_learning_rate': -4.717875272120652, 'log_learning_rate_D': -3.3260724405340594, 'log_learning_rate_D_dagger': -4.310101282226932, 'training_batch_size': 6, 'training_p': 6}
	 epoch  0 training error:  tensor(0.8692, device='cuda:0', grad_fn=<DivBackward0>)
Memory status after this epoch: 
Memory allocated:  406.7724609375
Memory cached:  1046.0
	 epoch  10 training error:  tensor(0.1774, device='cuda:0', grad_fn=<DivBackward0>)
Memory status after this epoch: 
Memory allocated:  406.7724609375
Memory cached:  1046.0
	 epoch  20 training error:  tensor(0.1508, device='cuda:0', grad_fn=<DivBackward0>)
Memory status after this epoch: 
Memory allocated:  406.7724609375
Memory cached:  1046.0
	 epoch  30 training error:  tensor(0.1269, device='cuda:0', grad_fn=<DivBackward0>)
Memory status after this epoch: 
Memory allocated:  406.7724609375
Memory cached:  1046.0
	 epoch  40 training error:  tensor(0.1215, device='cuda:0', grad_fn=<DivBackward0>)
Memory status after this epoch: 
Memory allocated:  406.7724609375
Memory cached:  1046.0
	 epoch  50 training error:  tensor(0.1167, device='cuda:0', grad_fn=<DivBackward0>)
Memory status after this epoch: 
Memory allocated:  406.7724609375
Memory cached:  1046.0
	 epoch  60 training error:  tensor(0.1165, device='cuda:0', grad_fn=<DivBackward0>)
Memory status after this epoch: 
Memory allocated:  406.7724609375
Memory cached:  1046.0
	 epoch  70 training error:  tensor(0.1134, device='cuda:0', grad_fn=<DivBackward0>)
Memory status after this epoch: 
Memory allocated:  406.7724609375
Memory cached:  1046.0
	 epoch  80 training error:  tensor(0.1127, device='cuda:0', grad_fn=<DivBackward0>)
Memory status after this epoch: 
Memory allocated:  406.7724609375
Memory cached:  1046.0
	 epoch  90 training error:  tensor(0.1117, device='cuda:0', grad_fn=<DivBackward0>)
Memory status after this epoch: 
Memory allocated:  406.7724609375
Memory cached:  1046.0
[I 2024-02-16 23:08:22,946] Trial 51 finished with value: 0.08788412064313889 and parameters: {'W_layers': 3, 'W_layer_units_exponent_0': 7, 'W_layer_units_exponent_1': 8, 'W_layer_units_exponent_2': 5, 'D_layers': 3, 'D_layer_units_exponent_0': 9, 'D_layer_units_exponent_1': 9, 'D_layer_units_exponent_2': 8, 'D_dagger_layers': 4, 'D_dagger_layer_units_exponent_0': 6, 'D_dagger_layer_units_exponent_1': 6, 'D_dagger_layer_units_exponent_2': 10, 'D_dagger_layer_units_exponent_3': 10, 'log_learning_rate': -4.717875272120652, 'log_learning_rate_D': -3.3260724405340594, 'log_learning_rate_D_dagger': -4.310101282226932, 'training_batch_size': 6, 'training_p': 6}. Best is trial 10 with value: 0.07346499711275101.
Time for this trial:  649.2614891529083
Memory status after this trial: 
Memory allocated:  1179.77294921875
Memory cached:  1200.0
--------------------  Trial  52   --------------------
Start timing: 
Parameters: 
{'W_layers': 7, 'W_layer_units_exponent_0': 8, 'W_layer_units_exponent_1': 7, 'W_layer_units_exponent_2': 5, 'W_layer_units_exponent_3': 6, 'W_layer_units_exponent_4': 6, 'W_layer_units_exponent_5': 7, 'W_layer_units_exponent_6': 8, 'D_layers': 4, 'D_layer_units_exponent_0': 10, 'D_layer_units_exponent_1': 7, 'D_layer_units_exponent_2': 7, 'D_layer_units_exponent_3': 9, 'D_dagger_layers': 6, 'D_dagger_layer_units_exponent_0': 4, 'D_dagger_layer_units_exponent_1': 8, 'D_dagger_layer_units_exponent_2': 8, 'D_dagger_layer_units_exponent_3': 8, 'D_dagger_layer_units_exponent_4': 8, 'D_dagger_layer_units_exponent_5': 4, 'log_learning_rate': -4.830403922607337, 'log_learning_rate_D': -3.0719692725105094, 'log_learning_rate_D_dagger': -2.0908709914438406, 'training_batch_size': 6, 'training_p': 2}
	 epoch  0 training error:  tensor(1.2012, device='cuda:0', grad_fn=<DivBackward0>)
Memory status after this epoch: 
Memory allocated:  390.7451171875
Memory cached:  1026.0
	 epoch  10 training error:  tensor(0.1228, device='cuda:0', grad_fn=<DivBackward0>)
Memory status after this epoch: 
Memory allocated:  390.7451171875
Memory cached:  1026.0
	 epoch  20 training error:  tensor(0.1135, device='cuda:0', grad_fn=<DivBackward0>)
Memory status after this epoch: 
Memory allocated:  390.7451171875
Memory cached:  1026.0
	 epoch  30 training error:  tensor(0.1007, device='cuda:0', grad_fn=<DivBackward0>)
Memory status after this epoch: 
Memory allocated:  390.7451171875
Memory cached:  1026.0
	 epoch  40 training error:  tensor(0.0967, device='cuda:0', grad_fn=<DivBackward0>)
Memory status after this epoch: 
Memory allocated:  390.7451171875
Memory cached:  1026.0
	 epoch  50 training error:  tensor(0.0877, device='cuda:0', grad_fn=<DivBackward0>)
Memory status after this epoch: 
Memory allocated:  390.7451171875
Memory cached:  1026.0
	 epoch  60 training error:  tensor(0.0875, device='cuda:0', grad_fn=<DivBackward0>)
Memory status after this epoch: 
Memory allocated:  390.7451171875
Memory cached:  1026.0
	 epoch  70 training error:  tensor(0.0840, device='cuda:0', grad_fn=<DivBackward0>)
Memory status after this epoch: 
Memory allocated:  390.7451171875
Memory cached:  1026.0
	 epoch  80 training error:  tensor(0.1001, device='cuda:0', grad_fn=<DivBackward0>)
Memory status after this epoch: 
Memory allocated:  390.7451171875
Memory cached:  1026.0
	 epoch  90 training error:  tensor(0.0883, device='cuda:0', grad_fn=<DivBackward0>)
Memory status after this epoch: 
Memory allocated:  390.7451171875
Memory cached:  1026.0
[I 2024-02-16 23:23:31,896] Trial 52 finished with value: 0.0984099954366684 and parameters: {'W_layers': 7, 'W_layer_units_exponent_0': 8, 'W_layer_units_exponent_1': 7, 'W_layer_units_exponent_2': 5, 'W_layer_units_exponent_3': 6, 'W_layer_units_exponent_4': 6, 'W_layer_units_exponent_5': 7, 'W_layer_units_exponent_6': 8, 'D_layers': 4, 'D_layer_units_exponent_0': 10, 'D_layer_units_exponent_1': 7, 'D_layer_units_exponent_2': 7, 'D_layer_units_exponent_3': 9, 'D_dagger_layers': 6, 'D_dagger_layer_units_exponent_0': 4, 'D_dagger_layer_units_exponent_1': 8, 'D_dagger_layer_units_exponent_2': 8, 'D_dagger_layer_units_exponent_3': 8, 'D_dagger_layer_units_exponent_4': 8, 'D_dagger_layer_units_exponent_5': 4, 'log_learning_rate': -4.830403922607337, 'log_learning_rate_D': -3.0719692725105094, 'log_learning_rate_D_dagger': -2.0908709914438406, 'training_batch_size': 6, 'training_p': 2}. Best is trial 10 with value: 0.07346499711275101.
Time for this trial:  908.3343737125397
Memory status after this trial: 
Memory allocated:  1166.34912109375
Memory cached:  1174.0
--------------------  Trial  53   --------------------
Start timing: 
Parameters: 
{'W_layers': 8, 'W_layer_units_exponent_0': 8, 'W_layer_units_exponent_1': 10, 'W_layer_units_exponent_2': 4, 'W_layer_units_exponent_3': 6, 'W_layer_units_exponent_4': 5, 'W_layer_units_exponent_5': 7, 'W_layer_units_exponent_6': 7, 'W_layer_units_exponent_7': 6, 'D_layers': 4, 'D_layer_units_exponent_0': 10, 'D_layer_units_exponent_1': 7, 'D_layer_units_exponent_2': 7, 'D_layer_units_exponent_3': 9, 'D_dagger_layers': 7, 'D_dagger_layer_units_exponent_0': 4, 'D_dagger_layer_units_exponent_1': 8, 'D_dagger_layer_units_exponent_2': 9, 'D_dagger_layer_units_exponent_3': 7, 'D_dagger_layer_units_exponent_4': 4, 'D_dagger_layer_units_exponent_5': 5, 'D_dagger_layer_units_exponent_6': 7, 'log_learning_rate': -4.509197605498082, 'log_learning_rate_D': -1.2365132091678697, 'log_learning_rate_D_dagger': -1.8963030332964075, 'training_batch_size': 6, 'training_p': 2}
	 epoch  0 training error:  tensor(1.1034, device='cuda:0', grad_fn=<DivBackward0>)
Memory status after this epoch: 
Memory allocated:  394.2509765625
Memory cached:  1028.0
	 epoch  10 training error:  tensor(42.7029, device='cuda:0', grad_fn=<DivBackward0>)
Memory status after this epoch: 
Memory allocated:  394.2509765625
Memory cached:  1038.0
	 epoch  20 training error:  tensor(12.6712, device='cuda:0', grad_fn=<DivBackward0>)
Memory status after this epoch: 
Memory allocated:  394.2509765625
Memory cached:  1040.0
	 epoch  30 training error:  tensor(1.7293, device='cuda:0', grad_fn=<DivBackward0>)
Memory status after this epoch: 
Memory allocated:  394.2509765625
Memory cached:  1036.0
	 epoch  40 training error:  tensor(0.7951, device='cuda:0', grad_fn=<DivBackward0>)
Memory status after this epoch: 
Memory allocated:  394.2509765625
Memory cached:  1038.0
	 epoch  50 training error:  tensor(0.6829, device='cuda:0', grad_fn=<DivBackward0>)
Memory status after this epoch: 
Memory allocated:  394.2509765625
Memory cached:  1038.0
	 epoch  60 training error:  tensor(0.6814, device='cuda:0', grad_fn=<DivBackward0>)
Memory status after this epoch: 
Memory allocated:  394.2509765625
Memory cached:  1038.0
	 epoch  70 training error:  tensor(0.6829, device='cuda:0', grad_fn=<DivBackward0>)
Memory status after this epoch: 
Memory allocated:  394.2509765625
Memory cached:  1038.0
	 epoch  80 training error:  tensor(0.6816, device='cuda:0', grad_fn=<DivBackward0>)
Memory status after this epoch: 
Memory allocated:  394.2509765625
Memory cached:  1038.0
	 epoch  90 training error:  tensor(0.6826, device='cuda:0', grad_fn=<DivBackward0>)
Memory status after this epoch: 
Memory allocated:  394.2509765625
Memory cached:  1038.0
