[I 2023-12-20 19:12:48,751] Trial 164 finished with value: 0.33544835448265076 and parameters: {'W_layers': 6, 'W_layer_units_exponent_0': 5, 'W_layer_units_exponent_1': 9, 'W_layer_units_exponent_2': 5, 'W_layer_units_exponent_3': 9, 'W_layer_units_exponent_4': 7, 'W_layer_units_exponent_5': 6, 'D_layers': 7, 'D_layer_units_exponent_0': 10, 'D_layer_units_exponent_1': 8, 'D_layer_units_exponent_2': 8, 'D_layer_units_exponent_3': 8, 'D_layer_units_exponent_4': 5, 'D_layer_units_exponent_5': 5, 'D_layer_units_exponent_6': 7, 'D_dagger_layers': 4, 'D_dagger_layer_units_exponent_0': 9, 'D_dagger_layer_units_exponent_1': 10, 'D_dagger_layer_units_exponent_2': 8, 'D_dagger_layer_units_exponent_3': 4, 'log_learning_rate': -3.225875806758026, 'log_learning_rate_D': -1.334905756117806, 'log_learning_rate_D_dagger': -3.579694820442162, 'training_batch_size': 6, 'training_p': 2}. Best is trial 143 with value: 0.325590580701828.
Time for this trial:  24.471649646759033
Memory status after this trial: 
Memory allocated:  406.14697265625
Memory cached:  436.0
--------------------  Trial  165   --------------------
Start timing: 
Parameters: 
{'W_layers': 6, 'W_layer_units_exponent_0': 5, 'W_layer_units_exponent_1': 9, 'W_layer_units_exponent_2': 5, 'W_layer_units_exponent_3': 9, 'W_layer_units_exponent_4': 7, 'W_layer_units_exponent_5': 7, 'D_layers': 7, 'D_layer_units_exponent_0': 9, 'D_layer_units_exponent_1': 8, 'D_layer_units_exponent_2': 8, 'D_layer_units_exponent_3': 8, 'D_layer_units_exponent_4': 5, 'D_layer_units_exponent_5': 4, 'D_layer_units_exponent_6': 5, 'D_dagger_layers': 4, 'D_dagger_layer_units_exponent_0': 8, 'D_dagger_layer_units_exponent_1': 10, 'D_dagger_layer_units_exponent_2': 8, 'D_dagger_layer_units_exponent_3': 4, 'log_learning_rate': -3.3087443200639957, 'log_learning_rate_D': -1.3422770529181314, 'log_learning_rate_D_dagger': -3.936450143058159, 'training_batch_size': 6, 'training_p': 2}
	 epoch  0 training error:  tensor(0.9303, device='cuda:0', grad_fn=<DivBackward0>)
Memory status after this epoch: 
Memory allocated:  241.0458984375
Memory cached:  400.0
	 epoch  10 training error:  tensor(0.2960, device='cuda:0', grad_fn=<DivBackward0>)
Memory status after this epoch: 
Memory allocated:  241.0458984375
Memory cached:  400.0
	 epoch  20 training error:  tensor(0.2881, device='cuda:0', grad_fn=<DivBackward0>)
Memory status after this epoch: 
Memory allocated:  241.0458984375
Memory cached:  400.0
	 epoch  30 training error:  tensor(0.2871, device='cuda:0', grad_fn=<DivBackward0>)
Memory status after this epoch: 
Memory allocated:  241.0458984375
Memory cached:  400.0
	 epoch  40 training error:  tensor(0.2983, device='cuda:0', grad_fn=<DivBackward0>)
Memory status after this epoch: 
Memory allocated:  241.0458984375
Memory cached:  400.0
	 epoch  50 training error:  tensor(0.2941, device='cuda:0', grad_fn=<DivBackward0>)
Memory status after this epoch: 
Memory allocated:  241.0458984375
Memory cached:  400.0
	 epoch  60 training error:  tensor(0.2877, device='cuda:0', grad_fn=<DivBackward0>)
Memory status after this epoch: 
Memory allocated:  241.0458984375
Memory cached:  400.0
	 epoch  70 training error:  tensor(0.2892, device='cuda:0', grad_fn=<DivBackward0>)
Memory status after this epoch: 
Memory allocated:  241.0458984375
Memory cached:  400.0
	 epoch  80 training error:  tensor(0.2897, device='cuda:0', grad_fn=<DivBackward0>)
Memory status after this epoch: 
Memory allocated:  241.0458984375
Memory cached:  400.0
	 epoch  90 training error:  tensor(0.2878, device='cuda:0', grad_fn=<DivBackward0>)
Memory status after this epoch: 
Memory allocated:  241.0458984375
Memory cached:  400.0
[I 2023-12-20 19:13:13,444] Trial 165 finished with value: 0.3285435438156128 and parameters: {'W_layers': 6, 'W_layer_units_exponent_0': 5, 'W_layer_units_exponent_1': 9, 'W_layer_units_exponent_2': 5, 'W_layer_units_exponent_3': 9, 'W_layer_units_exponent_4': 7, 'W_layer_units_exponent_5': 7, 'D_layers': 7, 'D_layer_units_exponent_0': 9, 'D_layer_units_exponent_1': 8, 'D_layer_units_exponent_2': 8, 'D_layer_units_exponent_3': 8, 'D_layer_units_exponent_4': 5, 'D_layer_units_exponent_5': 4, 'D_layer_units_exponent_6': 5, 'D_dagger_layers': 4, 'D_dagger_layer_units_exponent_0': 8, 'D_dagger_layer_units_exponent_1': 10, 'D_dagger_layer_units_exponent_2': 8, 'D_dagger_layer_units_exponent_3': 4, 'log_learning_rate': -3.3087443200639957, 'log_learning_rate_D': -1.3422770529181314, 'log_learning_rate_D_dagger': -3.936450143058159, 'training_batch_size': 6, 'training_p': 2}. Best is trial 143 with value: 0.325590580701828.
Time for this trial:  24.297009229660034
Memory status after this trial: 
Memory allocated:  393.51025390625
Memory cached:  406.0
--------------------  Trial  166   --------------------
Start timing: 
Parameters: 
{'W_layers': 6, 'W_layer_units_exponent_0': 5, 'W_layer_units_exponent_1': 8, 'W_layer_units_exponent_2': 5, 'W_layer_units_exponent_3': 10, 'W_layer_units_exponent_4': 8, 'W_layer_units_exponent_5': 8, 'D_layers': 7, 'D_layer_units_exponent_0': 9, 'D_layer_units_exponent_1': 8, 'D_layer_units_exponent_2': 8, 'D_layer_units_exponent_3': 8, 'D_layer_units_exponent_4': 5, 'D_layer_units_exponent_5': 4, 'D_layer_units_exponent_6': 8, 'D_dagger_layers': 4, 'D_dagger_layer_units_exponent_0': 8, 'D_dagger_layer_units_exponent_1': 10, 'D_dagger_layer_units_exponent_2': 8, 'D_dagger_layer_units_exponent_3': 4, 'log_learning_rate': -3.062234428138539, 'log_learning_rate_D': -1.0433041128353733, 'log_learning_rate_D_dagger': -3.738556785436774, 'training_batch_size': 6, 'training_p': 2}
	 epoch  0 training error:  tensor(0.9160, device='cuda:0', grad_fn=<DivBackward0>)
Memory status after this epoch: 
Memory allocated:  244.8203125
Memory cached:  400.0
	 epoch  10 training error:  tensor(0.3078, device='cuda:0', grad_fn=<DivBackward0>)
Memory status after this epoch: 
Memory allocated:  244.8203125
Memory cached:  400.0
	 epoch  20 training error:  tensor(0.2980, device='cuda:0', grad_fn=<DivBackward0>)
Memory status after this epoch: 
Memory allocated:  244.8203125
Memory cached:  400.0
	 epoch  30 training error:  tensor(0.2967, device='cuda:0', grad_fn=<DivBackward0>)
Memory status after this epoch: 
Memory allocated:  244.8203125
Memory cached:  400.0
	 epoch  40 training error:  tensor(0.2913, device='cuda:0', grad_fn=<DivBackward0>)
Memory status after this epoch: 
Memory allocated:  244.8203125
Memory cached:  400.0
	 epoch  50 training error:  tensor(0.2864, device='cuda:0', grad_fn=<DivBackward0>)
Memory status after this epoch: 
Memory allocated:  244.8203125
Memory cached:  400.0
	 epoch  60 training error:  tensor(0.2950, device='cuda:0', grad_fn=<DivBackward0>)
Memory status after this epoch: 
Memory allocated:  244.8203125
Memory cached:  400.0
	 epoch  70 training error:  tensor(0.2920, device='cuda:0', grad_fn=<DivBackward0>)
Memory status after this epoch: 
Memory allocated:  244.8203125
Memory cached:  400.0
	 epoch  80 training error:  tensor(0.2902, device='cuda:0', grad_fn=<DivBackward0>)
Memory status after this epoch: 
Memory allocated:  244.8203125
Memory cached:  400.0
	 epoch  90 training error:  tensor(0.2893, device='cuda:0', grad_fn=<DivBackward0>)
Memory status after this epoch: 
Memory allocated:  244.8203125
Memory cached:  400.0
[I 2023-12-20 19:13:38,100] Trial 166 finished with value: 0.32898542284965515 and parameters: {'W_layers': 6, 'W_layer_units_exponent_0': 5, 'W_layer_units_exponent_1': 8, 'W_layer_units_exponent_2': 5, 'W_layer_units_exponent_3': 10, 'W_layer_units_exponent_4': 8, 'W_layer_units_exponent_5': 8, 'D_layers': 7, 'D_layer_units_exponent_0': 9, 'D_layer_units_exponent_1': 8, 'D_layer_units_exponent_2': 8, 'D_layer_units_exponent_3': 8, 'D_layer_units_exponent_4': 5, 'D_layer_units_exponent_5': 4, 'D_layer_units_exponent_6': 8, 'D_dagger_layers': 4, 'D_dagger_layer_units_exponent_0': 8, 'D_dagger_layer_units_exponent_1': 10, 'D_dagger_layer_units_exponent_2': 8, 'D_dagger_layer_units_exponent_3': 4, 'log_learning_rate': -3.062234428138539, 'log_learning_rate_D': -1.0433041128353733, 'log_learning_rate_D_dagger': -3.738556785436774, 'training_batch_size': 6, 'training_p': 2}. Best is trial 143 with value: 0.325590580701828.
Time for this trial:  24.2240149974823
Memory status after this trial: 
Memory allocated:  422.60107421875
Memory cached:  452.0
--------------------  Trial  167   --------------------
Start timing: 
Parameters: 
{'W_layers': 6, 'W_layer_units_exponent_0': 4, 'W_layer_units_exponent_1': 9, 'W_layer_units_exponent_2': 5, 'W_layer_units_exponent_3': 9, 'W_layer_units_exponent_4': 6, 'W_layer_units_exponent_5': 6, 'D_layers': 7, 'D_layer_units_exponent_0': 9, 'D_layer_units_exponent_1': 8, 'D_layer_units_exponent_2': 7, 'D_layer_units_exponent_3': 8, 'D_layer_units_exponent_4': 5, 'D_layer_units_exponent_5': 5, 'D_layer_units_exponent_6': 7, 'D_dagger_layers': 4, 'D_dagger_layer_units_exponent_0': 8, 'D_dagger_layer_units_exponent_1': 10, 'D_dagger_layer_units_exponent_2': 8, 'D_dagger_layer_units_exponent_3': 4, 'log_learning_rate': -3.0977329167209753, 'log_learning_rate_D': -1.2094264375360502, 'log_learning_rate_D_dagger': -3.869308839563364, 'training_batch_size': 7, 'training_p': 2}
	 epoch  0 training error:  tensor(1.0336, device='cuda:0', grad_fn=<DivBackward0>)
Memory status after this epoch: 
Memory allocated:  240.02294921875
Memory cached:  400.0
	 epoch  10 training error:  tensor(0.3112, device='cuda:0', grad_fn=<DivBackward0>)
Memory status after this epoch: 
Memory allocated:  240.02294921875
Memory cached:  400.0
	 epoch  20 training error:  tensor(0.3027, device='cuda:0', grad_fn=<DivBackward0>)
Memory status after this epoch: 
Memory allocated:  240.02294921875
Memory cached:  400.0
	 epoch  30 training error:  tensor(0.3007, device='cuda:0', grad_fn=<DivBackward0>)
Memory status after this epoch: 
Memory allocated:  240.02294921875
Memory cached:  400.0
	 epoch  40 training error:  tensor(0.2891, device='cuda:0', grad_fn=<DivBackward0>)
Memory status after this epoch: 
Memory allocated:  240.02294921875
Memory cached:  400.0
	 epoch  50 training error:  tensor(0.2866, device='cuda:0', grad_fn=<DivBackward0>)
Memory status after this epoch: 
Memory allocated:  240.02294921875
Memory cached:  400.0
	 epoch  60 training error:  tensor(0.2843, device='cuda:0', grad_fn=<DivBackward0>)
Memory status after this epoch: 
Memory allocated:  240.02294921875
Memory cached:  400.0
	 epoch  70 training error:  tensor(0.2859, device='cuda:0', grad_fn=<DivBackward0>)
Memory status after this epoch: 
Memory allocated:  240.02294921875
Memory cached:  400.0
	 epoch  80 training error:  tensor(0.2894, device='cuda:0', grad_fn=<DivBackward0>)
Memory status after this epoch: 
Memory allocated:  240.02294921875
Memory cached:  400.0
	 epoch  90 training error:  tensor(0.2835, device='cuda:0', grad_fn=<DivBackward0>)
Memory status after this epoch: 
Memory allocated:  240.02294921875
Memory cached:  400.0
[I 2023-12-20 19:13:59,932] Trial 167 finished with value: 0.3285219073295593 and parameters: {'W_layers': 6, 'W_layer_units_exponent_0': 4, 'W_layer_units_exponent_1': 9, 'W_layer_units_exponent_2': 5, 'W_layer_units_exponent_3': 9, 'W_layer_units_exponent_4': 6, 'W_layer_units_exponent_5': 6, 'D_layers': 7, 'D_layer_units_exponent_0': 9, 'D_layer_units_exponent_1': 8, 'D_layer_units_exponent_2': 7, 'D_layer_units_exponent_3': 8, 'D_layer_units_exponent_4': 5, 'D_layer_units_exponent_5': 5, 'D_layer_units_exponent_6': 7, 'D_dagger_layers': 4, 'D_dagger_layer_units_exponent_0': 8, 'D_dagger_layer_units_exponent_1': 10, 'D_dagger_layer_units_exponent_2': 8, 'D_dagger_layer_units_exponent_3': 4, 'log_learning_rate': -3.0977329167209753, 'log_learning_rate_D': -1.2094264375360502, 'log_learning_rate_D_dagger': -3.869308839563364, 'training_batch_size': 7, 'training_p': 2}. Best is trial 143 with value: 0.325590580701828.
Time for this trial:  21.430100917816162
Memory status after this trial: 
Memory allocated:  385.90185546875
Memory cached:  400.0
--------------------  Trial  168   --------------------
Start timing: 
Parameters: 
{'W_layers': 3, 'W_layer_units_exponent_0': 5, 'W_layer_units_exponent_1': 9, 'W_layer_units_exponent_2': 5, 'D_layers': 6, 'D_layer_units_exponent_0': 10, 'D_layer_units_exponent_1': 8, 'D_layer_units_exponent_2': 8, 'D_layer_units_exponent_3': 8, 'D_layer_units_exponent_4': 5, 'D_layer_units_exponent_5': 5, 'D_dagger_layers': 4, 'D_dagger_layer_units_exponent_0': 9, 'D_dagger_layer_units_exponent_1': 10, 'D_dagger_layer_units_exponent_2': 10, 'D_dagger_layer_units_exponent_3': 4, 'log_learning_rate': -3.224783075898021, 'log_learning_rate_D': -1.9275700596293213, 'log_learning_rate_D_dagger': -3.6038320325423565, 'training_batch_size': 10, 'training_p': 2}
	 epoch  0 training error:  tensor(0.9481, device='cuda:0', grad_fn=<DivBackward0>)
Memory status after this epoch: 
Memory allocated:  258.09521484375
Memory cached:  402.0
	 epoch  10 training error:  tensor(0.2987, device='cuda:0', grad_fn=<DivBackward0>)
Memory status after this epoch: 
Memory allocated:  258.09521484375
Memory cached:  402.0
	 epoch  20 training error:  tensor(0.2934, device='cuda:0', grad_fn=<DivBackward0>)
Memory status after this epoch: 
Memory allocated:  258.09521484375
Memory cached:  402.0
	 epoch  30 training error:  tensor(0.3088, device='cuda:0', grad_fn=<DivBackward0>)
Memory status after this epoch: 
Memory allocated:  258.09521484375
Memory cached:  402.0
	 epoch  40 training error:  tensor(0.2930, device='cuda:0', grad_fn=<DivBackward0>)
Memory status after this epoch: 
Memory allocated:  258.09521484375
Memory cached:  402.0
	 epoch  50 training error:  tensor(0.2963, device='cuda:0', grad_fn=<DivBackward0>)
Memory status after this epoch: 
Memory allocated:  258.09521484375
Memory cached:  402.0
	 epoch  60 training error:  tensor(0.2996, device='cuda:0', grad_fn=<DivBackward0>)
Memory status after this epoch: 
Memory allocated:  258.09521484375
Memory cached:  402.0
	 epoch  70 training error:  tensor(0.2901, device='cuda:0', grad_fn=<DivBackward0>)
Memory status after this epoch: 
Memory allocated:  258.09521484375
Memory cached:  402.0
	 epoch  80 training error:  tensor(0.2943, device='cuda:0', grad_fn=<DivBackward0>)
Memory status after this epoch: 
Memory allocated:  258.09521484375
Memory cached:  402.0
	 epoch  90 training error:  tensor(0.2980, device='cuda:0', grad_fn=<DivBackward0>)
Memory status after this epoch: 
Memory allocated:  258.09521484375
Memory cached:  402.0
[I 2023-12-20 19:14:21,952] Trial 168 finished with value: 0.32922837138175964 and parameters: {'W_layers': 3, 'W_layer_units_exponent_0': 5, 'W_layer_units_exponent_1': 9, 'W_layer_units_exponent_2': 5, 'D_layers': 6, 'D_layer_units_exponent_0': 10, 'D_layer_units_exponent_1': 8, 'D_layer_units_exponent_2': 8, 'D_layer_units_exponent_3': 8, 'D_layer_units_exponent_4': 5, 'D_layer_units_exponent_5': 5, 'D_dagger_layers': 4, 'D_dagger_layer_units_exponent_0': 9, 'D_dagger_layer_units_exponent_1': 10, 'D_dagger_layer_units_exponent_2': 10, 'D_dagger_layer_units_exponent_3': 4, 'log_learning_rate': -3.224783075898021, 'log_learning_rate_D': -1.9275700596293213, 'log_learning_rate_D_dagger': -3.6038320325423565, 'training_batch_size': 10, 'training_p': 2}. Best is trial 143 with value: 0.325590580701828.
Time for this trial:  21.64680027961731
Memory status after this trial: 
Memory allocated:  415.30908203125
Memory cached:  472.0
--------------------  Trial  169   --------------------
Start timing: 
Parameters: 
{'W_layers': 6, 'W_layer_units_exponent_0': 4, 'W_layer_units_exponent_1': 9, 'W_layer_units_exponent_2': 5, 'W_layer_units_exponent_3': 9, 'W_layer_units_exponent_4': 7, 'W_layer_units_exponent_5': 6, 'D_layers': 7, 'D_layer_units_exponent_0': 9, 'D_layer_units_exponent_1': 8, 'D_layer_units_exponent_2': 8, 'D_layer_units_exponent_3': 8, 'D_layer_units_exponent_4': 5, 'D_layer_units_exponent_5': 5, 'D_layer_units_exponent_6': 8, 'D_dagger_layers': 4, 'D_dagger_layer_units_exponent_0': 8, 'D_dagger_layer_units_exponent_1': 10, 'D_dagger_layer_units_exponent_2': 6, 'D_dagger_layer_units_exponent_3': 4, 'log_learning_rate': -2.9740694081581114, 'log_learning_rate_D': -1.117818138230302, 'log_learning_rate_D_dagger': -3.657677570112654, 'training_batch_size': 6, 'training_p': 2}
	 epoch  0 training error:  tensor(0.8579, device='cuda:0', grad_fn=<DivBackward0>)
Memory status after this epoch: 
Memory allocated:  237.779296875
Memory cached:  400.0
	 epoch  10 training error:  tensor(0.2943, device='cuda:0', grad_fn=<DivBackward0>)
Memory status after this epoch: 
Memory allocated:  237.779296875
Memory cached:  400.0
	 epoch  20 training error:  tensor(0.2907, device='cuda:0', grad_fn=<DivBackward0>)
Memory status after this epoch: 
Memory allocated:  237.779296875
Memory cached:  400.0
	 epoch  30 training error:  tensor(0.2875, device='cuda:0', grad_fn=<DivBackward0>)
Memory status after this epoch: 
Memory allocated:  237.779296875
Memory cached:  400.0
	 epoch  40 training error:  tensor(0.2866, device='cuda:0', grad_fn=<DivBackward0>)
Memory status after this epoch: 
Memory allocated:  237.779296875
Memory cached:  400.0
	 epoch  50 training error:  tensor(0.2853, device='cuda:0', grad_fn=<DivBackward0>)
Memory status after this epoch: 
Memory allocated:  237.779296875
Memory cached:  400.0
	 epoch  60 training error:  tensor(0.2933, device='cuda:0', grad_fn=<DivBackward0>)
Memory status after this epoch: 
Memory allocated:  237.779296875
Memory cached:  400.0
	 epoch  70 training error:  tensor(0.2927, device='cuda:0', grad_fn=<DivBackward0>)
Memory status after this epoch: 
Memory allocated:  237.779296875
Memory cached:  400.0
	 epoch  80 training error:  tensor(0.2948, device='cuda:0', grad_fn=<DivBackward0>)
Memory status after this epoch: 
Memory allocated:  237.779296875
Memory cached:  400.0
	 epoch  90 training error:  tensor(0.2828, device='cuda:0', grad_fn=<DivBackward0>)
Memory status after this epoch: 
Memory allocated:  237.779296875
Memory cached:  400.0
[I 2023-12-20 19:14:46,118] Trial 169 finished with value: 0.32909879088401794 and parameters: {'W_layers': 6, 'W_layer_units_exponent_0': 4, 'W_layer_units_exponent_1': 9, 'W_layer_units_exponent_2': 5, 'W_layer_units_exponent_3': 9, 'W_layer_units_exponent_4': 7, 'W_layer_units_exponent_5': 6, 'D_layers': 7, 'D_layer_units_exponent_0': 9, 'D_layer_units_exponent_1': 8, 'D_layer_units_exponent_2': 8, 'D_layer_units_exponent_3': 8, 'D_layer_units_exponent_4': 5, 'D_layer_units_exponent_5': 5, 'D_layer_units_exponent_6': 8, 'D_dagger_layers': 4, 'D_dagger_layer_units_exponent_0': 8, 'D_dagger_layer_units_exponent_1': 10, 'D_dagger_layer_units_exponent_2': 6, 'D_dagger_layer_units_exponent_3': 4, 'log_learning_rate': -2.9740694081581114, 'log_learning_rate_D': -1.117818138230302, 'log_learning_rate_D_dagger': -3.657677570112654, 'training_batch_size': 6, 'training_p': 2}. Best is trial 143 with value: 0.325590580701828.
Time for this trial:  23.665841817855835
Memory status after this trial: 
Memory allocated:  377.82275390625
Memory cached:  402.0
--------------------  Trial  170   --------------------
Start timing: 
Parameters: 
{'W_layers': 4, 'W_layer_units_exponent_0': 5, 'W_layer_units_exponent_1': 8, 'W_layer_units_exponent_2': 6, 'W_layer_units_exponent_3': 9, 'D_layers': 7, 'D_layer_units_exponent_0': 9, 'D_layer_units_exponent_1': 8, 'D_layer_units_exponent_2': 7, 'D_layer_units_exponent_3': 8, 'D_layer_units_exponent_4': 5, 'D_layer_units_exponent_5': 5, 'D_layer_units_exponent_6': 5, 'D_dagger_layers': 3, 'D_dagger_layer_units_exponent_0': 8, 'D_dagger_layer_units_exponent_1': 10, 'D_dagger_layer_units_exponent_2': 10, 'log_learning_rate': -3.319094203410056, 'log_learning_rate_D': -1.3972590953857422, 'log_learning_rate_D_dagger': -3.458501866280215, 'training_batch_size': 6, 'training_p': 2}
	 epoch  0 training error:  tensor(0.9421, device='cuda:0', grad_fn=<DivBackward0>)
Memory status after this epoch: 
Memory allocated:  252.75830078125
Memory cached:  400.0
	 epoch  10 training error:  tensor(0.4130, device='cuda:0', grad_fn=<DivBackward0>)
Memory status after this epoch: 
Memory allocated:  252.75830078125
Memory cached:  400.0
	 epoch  20 training error:  tensor(0.2907, device='cuda:0', grad_fn=<DivBackward0>)
Memory status after this epoch: 
Memory allocated:  252.75830078125
Memory cached:  400.0
	 epoch  30 training error:  tensor(0.2869, device='cuda:0', grad_fn=<DivBackward0>)
Memory status after this epoch: 
Memory allocated:  252.75830078125
Memory cached:  400.0
	 epoch  40 training error:  tensor(0.2914, device='cuda:0', grad_fn=<DivBackward0>)
Memory status after this epoch: 
Memory allocated:  252.75830078125
Memory cached:  400.0
	 epoch  50 training error:  tensor(0.2925, device='cuda:0', grad_fn=<DivBackward0>)
Memory status after this epoch: 
Memory allocated:  252.75830078125
Memory cached:  400.0
	 epoch  60 training error:  tensor(0.2903, device='cuda:0', grad_fn=<DivBackward0>)
Memory status after this epoch: 
Memory allocated:  252.75830078125
Memory cached:  400.0
	 epoch  70 training error:  tensor(0.2897, device='cuda:0', grad_fn=<DivBackward0>)
Memory status after this epoch: 
Memory allocated:  252.75830078125
Memory cached:  400.0
	 epoch  80 training error:  tensor(0.2925, device='cuda:0', grad_fn=<DivBackward0>)
Memory status after this epoch: 
Memory allocated:  252.75830078125
Memory cached:  400.0
	 epoch  90 training error:  tensor(0.2856, device='cuda:0', grad_fn=<DivBackward0>)
Memory status after this epoch: 
Memory allocated:  252.75830078125
Memory cached:  400.0
