[I 2024-01-26 07:20:16,107] Trial 219 finished with value: 0.1693515032529831 and parameters: {'W_layers': 7, 'W_layer_units_exponent_0': 7, 'W_layer_units_exponent_1': 7, 'W_layer_units_exponent_2': 5, 'W_layer_units_exponent_3': 4, 'W_layer_units_exponent_4': 10, 'W_layer_units_exponent_5': 10, 'W_layer_units_exponent_6': 10, 'D_layers': 5, 'D_layer_units_exponent_0': 4, 'D_layer_units_exponent_1': 6, 'D_layer_units_exponent_2': 5, 'D_layer_units_exponent_3': 4, 'D_layer_units_exponent_4': 7, 'D_dagger_layers': 5, 'D_dagger_layer_units_exponent_0': 9, 'D_dagger_layer_units_exponent_1': 10, 'D_dagger_layer_units_exponent_2': 9, 'D_dagger_layer_units_exponent_3': 6, 'D_dagger_layer_units_exponent_4': 5, 'log_learning_rate': -3.443698954986306, 'log_learning_rate_D': -2.556306859280212, 'log_learning_rate_D_dagger': -3.069286300168631, 'training_batch_size': 9, 'training_p': 2}. Best is trial 209 with value: 0.16586799919605255.
Time for this trial:  25.34578514099121
Memory status after this trial: 
Memory allocated:  1222.84619140625
Memory cached:  1274.0
--------------------  Trial  220   --------------------
Start timing: 
Parameters: 
{'W_layers': 7, 'W_layer_units_exponent_0': 7, 'W_layer_units_exponent_1': 7, 'W_layer_units_exponent_2': 5, 'W_layer_units_exponent_3': 4, 'W_layer_units_exponent_4': 10, 'W_layer_units_exponent_5': 10, 'W_layer_units_exponent_6': 10, 'D_layers': 5, 'D_layer_units_exponent_0': 4, 'D_layer_units_exponent_1': 6, 'D_layer_units_exponent_2': 5, 'D_layer_units_exponent_3': 4, 'D_layer_units_exponent_4': 7, 'D_dagger_layers': 5, 'D_dagger_layer_units_exponent_0': 9, 'D_dagger_layer_units_exponent_1': 10, 'D_dagger_layer_units_exponent_2': 9, 'D_dagger_layer_units_exponent_3': 6, 'D_dagger_layer_units_exponent_4': 5, 'log_learning_rate': -3.432508872188438, 'log_learning_rate_D': -2.5858857245635556, 'log_learning_rate_D_dagger': -3.064310668681704, 'training_batch_size': 9, 'training_p': 2}
	 epoch  0 training error:  tensor(0.9829, device='cuda:0', grad_fn=<DivBackward0>)
Memory status after this epoch: 
Memory allocated:  663.19482421875
Memory cached:  778.0
	 epoch  10 training error:  tensor(0.2627, device='cuda:0', grad_fn=<DivBackward0>)
Memory status after this epoch: 
Memory allocated:  663.19482421875
Memory cached:  778.0
	 epoch  20 training error:  tensor(0.2162, device='cuda:0', grad_fn=<DivBackward0>)
Memory status after this epoch: 
Memory allocated:  663.19482421875
Memory cached:  778.0
	 epoch  30 training error:  tensor(0.1954, device='cuda:0', grad_fn=<DivBackward0>)
Memory status after this epoch: 
Memory allocated:  663.19482421875
Memory cached:  778.0
	 epoch  40 training error:  tensor(0.2086, device='cuda:0', grad_fn=<DivBackward0>)
Memory status after this epoch: 
Memory allocated:  663.19482421875
Memory cached:  778.0
	 epoch  50 training error:  tensor(0.1929, device='cuda:0', grad_fn=<DivBackward0>)
Memory status after this epoch: 
Memory allocated:  663.19482421875
Memory cached:  778.0
	 epoch  60 training error:  tensor(0.1981, device='cuda:0', grad_fn=<DivBackward0>)
Memory status after this epoch: 
Memory allocated:  663.19482421875
Memory cached:  778.0
	 epoch  70 training error:  tensor(0.2007, device='cuda:0', grad_fn=<DivBackward0>)
Memory status after this epoch: 
Memory allocated:  663.19482421875
Memory cached:  778.0
	 epoch  80 training error:  tensor(0.1895, device='cuda:0', grad_fn=<DivBackward0>)
Memory status after this epoch: 
Memory allocated:  663.19482421875
Memory cached:  778.0
	 epoch  90 training error:  tensor(0.1939, device='cuda:0', grad_fn=<DivBackward0>)
Memory status after this epoch: 
Memory allocated:  663.19482421875
Memory cached:  778.0
[I 2024-01-26 07:20:41,646] Trial 220 finished with value: 0.17540201544761658 and parameters: {'W_layers': 7, 'W_layer_units_exponent_0': 7, 'W_layer_units_exponent_1': 7, 'W_layer_units_exponent_2': 5, 'W_layer_units_exponent_3': 4, 'W_layer_units_exponent_4': 10, 'W_layer_units_exponent_5': 10, 'W_layer_units_exponent_6': 10, 'D_layers': 5, 'D_layer_units_exponent_0': 4, 'D_layer_units_exponent_1': 6, 'D_layer_units_exponent_2': 5, 'D_layer_units_exponent_3': 4, 'D_layer_units_exponent_4': 7, 'D_dagger_layers': 5, 'D_dagger_layer_units_exponent_0': 9, 'D_dagger_layer_units_exponent_1': 10, 'D_dagger_layer_units_exponent_2': 9, 'D_dagger_layer_units_exponent_3': 6, 'D_dagger_layer_units_exponent_4': 5, 'log_learning_rate': -3.432508872188438, 'log_learning_rate_D': -2.5858857245635556, 'log_learning_rate_D_dagger': -3.064310668681704, 'training_batch_size': 9, 'training_p': 2}. Best is trial 209 with value: 0.16586799919605255.
Time for this trial:  25.12492823600769
Memory status after this trial: 
Memory allocated:  1222.84619140625
Memory cached:  1274.0
--------------------  Trial  221   --------------------
Start timing: 
Parameters: 
{'W_layers': 7, 'W_layer_units_exponent_0': 7, 'W_layer_units_exponent_1': 7, 'W_layer_units_exponent_2': 5, 'W_layer_units_exponent_3': 4, 'W_layer_units_exponent_4': 10, 'W_layer_units_exponent_5': 10, 'W_layer_units_exponent_6': 10, 'D_layers': 5, 'D_layer_units_exponent_0': 4, 'D_layer_units_exponent_1': 6, 'D_layer_units_exponent_2': 5, 'D_layer_units_exponent_3': 4, 'D_layer_units_exponent_4': 7, 'D_dagger_layers': 5, 'D_dagger_layer_units_exponent_0': 9, 'D_dagger_layer_units_exponent_1': 10, 'D_dagger_layer_units_exponent_2': 9, 'D_dagger_layer_units_exponent_3': 6, 'D_dagger_layer_units_exponent_4': 5, 'log_learning_rate': -3.4437900232393117, 'log_learning_rate_D': -2.570546360519576, 'log_learning_rate_D_dagger': -3.035706790596043, 'training_batch_size': 9, 'training_p': 2}
	 epoch  0 training error:  tensor(0.9752, device='cuda:0', grad_fn=<DivBackward0>)
Memory status after this epoch: 
Memory allocated:  663.19482421875
Memory cached:  778.0
	 epoch  10 training error:  tensor(0.3269, device='cuda:0', grad_fn=<DivBackward0>)
Memory status after this epoch: 
Memory allocated:  663.19482421875
Memory cached:  778.0
	 epoch  20 training error:  tensor(0.2118, device='cuda:0', grad_fn=<DivBackward0>)
Memory status after this epoch: 
Memory allocated:  663.19482421875
Memory cached:  778.0
	 epoch  30 training error:  tensor(0.2040, device='cuda:0', grad_fn=<DivBackward0>)
Memory status after this epoch: 
Memory allocated:  663.19482421875
Memory cached:  778.0
	 epoch  40 training error:  tensor(0.1906, device='cuda:0', grad_fn=<DivBackward0>)
Memory status after this epoch: 
Memory allocated:  663.19482421875
Memory cached:  778.0
	 epoch  50 training error:  tensor(0.1868, device='cuda:0', grad_fn=<DivBackward0>)
Memory status after this epoch: 
Memory allocated:  663.19482421875
Memory cached:  778.0
	 epoch  60 training error:  tensor(0.1878, device='cuda:0', grad_fn=<DivBackward0>)
Memory status after this epoch: 
Memory allocated:  663.19482421875
Memory cached:  778.0
	 epoch  70 training error:  tensor(0.1896, device='cuda:0', grad_fn=<DivBackward0>)
Memory status after this epoch: 
Memory allocated:  663.19482421875
Memory cached:  778.0
	 epoch  80 training error:  tensor(0.1873, device='cuda:0', grad_fn=<DivBackward0>)
Memory status after this epoch: 
Memory allocated:  663.19482421875
Memory cached:  778.0
	 epoch  90 training error:  tensor(0.1895, device='cuda:0', grad_fn=<DivBackward0>)
Memory status after this epoch: 
Memory allocated:  663.19482421875
Memory cached:  778.0
[I 2024-01-26 07:21:07,172] Trial 221 finished with value: 0.16809432208538055 and parameters: {'W_layers': 7, 'W_layer_units_exponent_0': 7, 'W_layer_units_exponent_1': 7, 'W_layer_units_exponent_2': 5, 'W_layer_units_exponent_3': 4, 'W_layer_units_exponent_4': 10, 'W_layer_units_exponent_5': 10, 'W_layer_units_exponent_6': 10, 'D_layers': 5, 'D_layer_units_exponent_0': 4, 'D_layer_units_exponent_1': 6, 'D_layer_units_exponent_2': 5, 'D_layer_units_exponent_3': 4, 'D_layer_units_exponent_4': 7, 'D_dagger_layers': 5, 'D_dagger_layer_units_exponent_0': 9, 'D_dagger_layer_units_exponent_1': 10, 'D_dagger_layer_units_exponent_2': 9, 'D_dagger_layer_units_exponent_3': 6, 'D_dagger_layer_units_exponent_4': 5, 'log_learning_rate': -3.4437900232393117, 'log_learning_rate_D': -2.570546360519576, 'log_learning_rate_D_dagger': -3.035706790596043, 'training_batch_size': 9, 'training_p': 2}. Best is trial 209 with value: 0.16586799919605255.
Time for this trial:  25.12064003944397
Memory status after this trial: 
Memory allocated:  1222.84619140625
Memory cached:  1274.0
--------------------  Trial  222   --------------------
Start timing: 
Parameters: 
{'W_layers': 7, 'W_layer_units_exponent_0': 7, 'W_layer_units_exponent_1': 7, 'W_layer_units_exponent_2': 5, 'W_layer_units_exponent_3': 4, 'W_layer_units_exponent_4': 10, 'W_layer_units_exponent_5': 10, 'W_layer_units_exponent_6': 10, 'D_layers': 5, 'D_layer_units_exponent_0': 4, 'D_layer_units_exponent_1': 6, 'D_layer_units_exponent_2': 5, 'D_layer_units_exponent_3': 4, 'D_layer_units_exponent_4': 7, 'D_dagger_layers': 5, 'D_dagger_layer_units_exponent_0': 9, 'D_dagger_layer_units_exponent_1': 10, 'D_dagger_layer_units_exponent_2': 9, 'D_dagger_layer_units_exponent_3': 6, 'D_dagger_layer_units_exponent_4': 5, 'log_learning_rate': -3.4402842117521364, 'log_learning_rate_D': -2.5551276517554755, 'log_learning_rate_D_dagger': -3.0542081942745747, 'training_batch_size': 9, 'training_p': 2}
	 epoch  0 training error:  tensor(1.0499, device='cuda:0', grad_fn=<DivBackward0>)
Memory status after this epoch: 
Memory allocated:  663.19482421875
Memory cached:  778.0
	 epoch  10 training error:  tensor(0.2241, device='cuda:0', grad_fn=<DivBackward0>)
Memory status after this epoch: 
Memory allocated:  663.19482421875
Memory cached:  778.0
	 epoch  20 training error:  tensor(0.2032, device='cuda:0', grad_fn=<DivBackward0>)
Memory status after this epoch: 
Memory allocated:  663.19482421875
Memory cached:  778.0
	 epoch  30 training error:  tensor(0.1951, device='cuda:0', grad_fn=<DivBackward0>)
Memory status after this epoch: 
Memory allocated:  663.19482421875
Memory cached:  778.0
	 epoch  40 training error:  tensor(0.1936, device='cuda:0', grad_fn=<DivBackward0>)
Memory status after this epoch: 
Memory allocated:  663.19482421875
Memory cached:  778.0
	 epoch  50 training error:  tensor(0.1906, device='cuda:0', grad_fn=<DivBackward0>)
Memory status after this epoch: 
Memory allocated:  663.19482421875
Memory cached:  778.0
	 epoch  60 training error:  tensor(0.1936, device='cuda:0', grad_fn=<DivBackward0>)
Memory status after this epoch: 
Memory allocated:  663.19482421875
Memory cached:  778.0
	 epoch  70 training error:  tensor(0.1891, device='cuda:0', grad_fn=<DivBackward0>)
Memory status after this epoch: 
Memory allocated:  663.19482421875
Memory cached:  778.0
	 epoch  80 training error:  tensor(0.1940, device='cuda:0', grad_fn=<DivBackward0>)
Memory status after this epoch: 
Memory allocated:  663.19482421875
Memory cached:  778.0
	 epoch  90 training error:  tensor(0.1889, device='cuda:0', grad_fn=<DivBackward0>)
Memory status after this epoch: 
Memory allocated:  663.19482421875
Memory cached:  778.0
[I 2024-01-26 07:21:32,721] Trial 222 finished with value: 0.17108173668384552 and parameters: {'W_layers': 7, 'W_layer_units_exponent_0': 7, 'W_layer_units_exponent_1': 7, 'W_layer_units_exponent_2': 5, 'W_layer_units_exponent_3': 4, 'W_layer_units_exponent_4': 10, 'W_layer_units_exponent_5': 10, 'W_layer_units_exponent_6': 10, 'D_layers': 5, 'D_layer_units_exponent_0': 4, 'D_layer_units_exponent_1': 6, 'D_layer_units_exponent_2': 5, 'D_layer_units_exponent_3': 4, 'D_layer_units_exponent_4': 7, 'D_dagger_layers': 5, 'D_dagger_layer_units_exponent_0': 9, 'D_dagger_layer_units_exponent_1': 10, 'D_dagger_layer_units_exponent_2': 9, 'D_dagger_layer_units_exponent_3': 6, 'D_dagger_layer_units_exponent_4': 5, 'log_learning_rate': -3.4402842117521364, 'log_learning_rate_D': -2.5551276517554755, 'log_learning_rate_D_dagger': -3.0542081942745747, 'training_batch_size': 9, 'training_p': 2}. Best is trial 209 with value: 0.16586799919605255.
Time for this trial:  25.134838342666626
Memory status after this trial: 
Memory allocated:  1222.84619140625
Memory cached:  1274.0
--------------------  Trial  223   --------------------
Start timing: 
Parameters: 
{'W_layers': 7, 'W_layer_units_exponent_0': 7, 'W_layer_units_exponent_1': 7, 'W_layer_units_exponent_2': 5, 'W_layer_units_exponent_3': 4, 'W_layer_units_exponent_4': 10, 'W_layer_units_exponent_5': 10, 'W_layer_units_exponent_6': 10, 'D_layers': 5, 'D_layer_units_exponent_0': 4, 'D_layer_units_exponent_1': 6, 'D_layer_units_exponent_2': 5, 'D_layer_units_exponent_3': 4, 'D_layer_units_exponent_4': 7, 'D_dagger_layers': 5, 'D_dagger_layer_units_exponent_0': 9, 'D_dagger_layer_units_exponent_1': 10, 'D_dagger_layer_units_exponent_2': 9, 'D_dagger_layer_units_exponent_3': 6, 'D_dagger_layer_units_exponent_4': 5, 'log_learning_rate': -3.4147988784035626, 'log_learning_rate_D': -2.5484864041228046, 'log_learning_rate_D_dagger': -3.0660348493079965, 'training_batch_size': 9, 'training_p': 2}
	 epoch  0 training error:  tensor(1.0456, device='cuda:0', grad_fn=<DivBackward0>)
Memory status after this epoch: 
Memory allocated:  663.19482421875
Memory cached:  778.0
	 epoch  10 training error:  tensor(0.2418, device='cuda:0', grad_fn=<DivBackward0>)
Memory status after this epoch: 
Memory allocated:  663.19482421875
Memory cached:  778.0
	 epoch  20 training error:  tensor(0.2082, device='cuda:0', grad_fn=<DivBackward0>)
Memory status after this epoch: 
Memory allocated:  663.19482421875
Memory cached:  778.0
	 epoch  30 training error:  tensor(0.2028, device='cuda:0', grad_fn=<DivBackward0>)
Memory status after this epoch: 
Memory allocated:  663.19482421875
Memory cached:  778.0
	 epoch  40 training error:  tensor(0.1889, device='cuda:0', grad_fn=<DivBackward0>)
Memory status after this epoch: 
Memory allocated:  663.19482421875
Memory cached:  778.0
	 epoch  50 training error:  tensor(0.1900, device='cuda:0', grad_fn=<DivBackward0>)
Memory status after this epoch: 
Memory allocated:  663.19482421875
Memory cached:  778.0
	 epoch  60 training error:  tensor(0.1870, device='cuda:0', grad_fn=<DivBackward0>)
Memory status after this epoch: 
Memory allocated:  663.19482421875
Memory cached:  778.0
	 epoch  70 training error:  tensor(0.1866, device='cuda:0', grad_fn=<DivBackward0>)
Memory status after this epoch: 
Memory allocated:  663.19482421875
Memory cached:  778.0
	 epoch  80 training error:  tensor(0.1876, device='cuda:0', grad_fn=<DivBackward0>)
Memory status after this epoch: 
Memory allocated:  663.19482421875
Memory cached:  778.0
	 epoch  90 training error:  tensor(0.1885, device='cuda:0', grad_fn=<DivBackward0>)
Memory status after this epoch: 
Memory allocated:  663.19482421875
Memory cached:  778.0
[I 2024-01-26 07:21:58,200] Trial 223 finished with value: 0.1680479198694229 and parameters: {'W_layers': 7, 'W_layer_units_exponent_0': 7, 'W_layer_units_exponent_1': 7, 'W_layer_units_exponent_2': 5, 'W_layer_units_exponent_3': 4, 'W_layer_units_exponent_4': 10, 'W_layer_units_exponent_5': 10, 'W_layer_units_exponent_6': 10, 'D_layers': 5, 'D_layer_units_exponent_0': 4, 'D_layer_units_exponent_1': 6, 'D_layer_units_exponent_2': 5, 'D_layer_units_exponent_3': 4, 'D_layer_units_exponent_4': 7, 'D_dagger_layers': 5, 'D_dagger_layer_units_exponent_0': 9, 'D_dagger_layer_units_exponent_1': 10, 'D_dagger_layer_units_exponent_2': 9, 'D_dagger_layer_units_exponent_3': 6, 'D_dagger_layer_units_exponent_4': 5, 'log_learning_rate': -3.4147988784035626, 'log_learning_rate_D': -2.5484864041228046, 'log_learning_rate_D_dagger': -3.0660348493079965, 'training_batch_size': 9, 'training_p': 2}. Best is trial 209 with value: 0.16586799919605255.
Time for this trial:  25.04140591621399
Memory status after this trial: 
Memory allocated:  1222.84619140625
Memory cached:  1274.0
--------------------  Trial  224   --------------------
Start timing: 
Parameters: 
{'W_layers': 7, 'W_layer_units_exponent_0': 7, 'W_layer_units_exponent_1': 7, 'W_layer_units_exponent_2': 5, 'W_layer_units_exponent_3': 4, 'W_layer_units_exponent_4': 10, 'W_layer_units_exponent_5': 10, 'W_layer_units_exponent_6': 10, 'D_layers': 5, 'D_layer_units_exponent_0': 4, 'D_layer_units_exponent_1': 6, 'D_layer_units_exponent_2': 5, 'D_layer_units_exponent_3': 4, 'D_layer_units_exponent_4': 7, 'D_dagger_layers': 5, 'D_dagger_layer_units_exponent_0': 9, 'D_dagger_layer_units_exponent_1': 10, 'D_dagger_layer_units_exponent_2': 9, 'D_dagger_layer_units_exponent_3': 6, 'D_dagger_layer_units_exponent_4': 5, 'log_learning_rate': -3.3613486100911545, 'log_learning_rate_D': -2.541474965232359, 'log_learning_rate_D_dagger': -2.9984354104464415, 'training_batch_size': 9, 'training_p': 2}
	 epoch  0 training error:  tensor(0.9999, device='cuda:0', grad_fn=<DivBackward0>)
Memory status after this epoch: 
Memory allocated:  663.19482421875
Memory cached:  778.0
	 epoch  10 training error:  tensor(0.2315, device='cuda:0', grad_fn=<DivBackward0>)
Memory status after this epoch: 
Memory allocated:  663.19482421875
Memory cached:  778.0
	 epoch  20 training error:  tensor(0.1963, device='cuda:0', grad_fn=<DivBackward0>)
Memory status after this epoch: 
Memory allocated:  663.19482421875
Memory cached:  778.0
	 epoch  30 training error:  tensor(0.2054, device='cuda:0', grad_fn=<DivBackward0>)
Memory status after this epoch: 
Memory allocated:  663.19482421875
Memory cached:  778.0
	 epoch  40 training error:  tensor(0.1871, device='cuda:0', grad_fn=<DivBackward0>)
Memory status after this epoch: 
Memory allocated:  663.19482421875
Memory cached:  778.0
	 epoch  50 training error:  tensor(0.1933, device='cuda:0', grad_fn=<DivBackward0>)
Memory status after this epoch: 
Memory allocated:  663.19482421875
Memory cached:  778.0
	 epoch  60 training error:  tensor(0.1869, device='cuda:0', grad_fn=<DivBackward0>)
Memory status after this epoch: 
Memory allocated:  663.19482421875
Memory cached:  778.0
	 epoch  70 training error:  tensor(0.1891, device='cuda:0', grad_fn=<DivBackward0>)
Memory status after this epoch: 
Memory allocated:  663.19482421875
Memory cached:  778.0
	 epoch  80 training error:  tensor(0.1869, device='cuda:0', grad_fn=<DivBackward0>)
Memory status after this epoch: 
Memory allocated:  663.19482421875
Memory cached:  778.0
	 epoch  90 training error:  tensor(0.1873, device='cuda:0', grad_fn=<DivBackward0>)
Memory status after this epoch: 
Memory allocated:  663.19482421875
Memory cached:  778.0
