[I 2024-01-13 14:45:02,854] Trial 78 finished with value: 0.29068681597709656 and parameters: {'W_layers': 4, 'W_layer_units_exponent_0': 4, 'W_layer_units_exponent_1': 10, 'W_layer_units_exponent_2': 6, 'W_layer_units_exponent_3': 9, 'D_layers': 2, 'D_layer_units_exponent_0': 7, 'D_layer_units_exponent_1': 7, 'D_dagger_layers': 8, 'D_dagger_layer_units_exponent_0': 8, 'D_dagger_layer_units_exponent_1': 4, 'D_dagger_layer_units_exponent_2': 10, 'D_dagger_layer_units_exponent_3': 4, 'D_dagger_layer_units_exponent_4': 8, 'D_dagger_layer_units_exponent_5': 4, 'D_dagger_layer_units_exponent_6': 7, 'D_dagger_layer_units_exponent_7': 9, 'log_learning_rate': -4.1387611890127065, 'log_learning_rate_D': -2.892997575744524, 'log_learning_rate_D_dagger': -3.0341276437517912, 'training_batch_size': 12, 'training_p': 2}. Best is trial 54 with value: 0.28775355219841003.
Time for this trial:  22.884336709976196
Memory status after this trial: 
Memory allocated:  1093.55712890625
Memory cached:  1138.0
--------------------  Trial  79   --------------------
Start timing: 
Parameters: 
{'W_layers': 5, 'W_layer_units_exponent_0': 7, 'W_layer_units_exponent_1': 9, 'W_layer_units_exponent_2': 6, 'W_layer_units_exponent_3': 8, 'W_layer_units_exponent_4': 8, 'D_layers': 2, 'D_layer_units_exponent_0': 7, 'D_layer_units_exponent_1': 7, 'D_dagger_layers': 8, 'D_dagger_layer_units_exponent_0': 9, 'D_dagger_layer_units_exponent_1': 5, 'D_dagger_layer_units_exponent_2': 8, 'D_dagger_layer_units_exponent_3': 8, 'D_dagger_layer_units_exponent_4': 4, 'D_dagger_layer_units_exponent_5': 8, 'D_dagger_layer_units_exponent_6': 7, 'D_dagger_layer_units_exponent_7': 5, 'log_learning_rate': -4.386998011317259, 'log_learning_rate_D': -3.309467740130835, 'log_learning_rate_D_dagger': -3.310017974388823, 'training_batch_size': 6, 'training_p': 5}
	 epoch  0 training error:  tensor(0.9724, device='cuda:0', grad_fn=<DivBackward0>)
Memory status after this epoch: 
Memory allocated:  693.2138671875
Memory cached:  890.0
	 epoch  10 training error:  tensor(0.4754, device='cuda:0', grad_fn=<DivBackward0>)
Memory status after this epoch: 
Memory allocated:  693.2138671875
Memory cached:  890.0
	 epoch  20 training error:  tensor(0.4788, device='cuda:0', grad_fn=<DivBackward0>)
Memory status after this epoch: 
Memory allocated:  693.2138671875
Memory cached:  890.0
	 epoch  30 training error:  tensor(0.4718, device='cuda:0', grad_fn=<DivBackward0>)
Memory status after this epoch: 
Memory allocated:  693.2138671875
Memory cached:  890.0
	 epoch  40 training error:  tensor(0.4695, device='cuda:0', grad_fn=<DivBackward0>)
Memory status after this epoch: 
Memory allocated:  693.2138671875
Memory cached:  890.0
	 epoch  50 training error:  tensor(0.4700, device='cuda:0', grad_fn=<DivBackward0>)
Memory status after this epoch: 
Memory allocated:  693.2138671875
Memory cached:  890.0
	 epoch  60 training error:  tensor(0.4683, device='cuda:0', grad_fn=<DivBackward0>)
Memory status after this epoch: 
Memory allocated:  693.2138671875
Memory cached:  890.0
	 epoch  70 training error:  tensor(0.4764, device='cuda:0', grad_fn=<DivBackward0>)
Memory status after this epoch: 
Memory allocated:  693.2138671875
Memory cached:  890.0
	 epoch  80 training error:  tensor(0.4750, device='cuda:0', grad_fn=<DivBackward0>)
Memory status after this epoch: 
Memory allocated:  693.2138671875
Memory cached:  890.0
	 epoch  90 training error:  tensor(0.4798, device='cuda:0', grad_fn=<DivBackward0>)
Memory status after this epoch: 
Memory allocated:  693.2138671875
Memory cached:  890.0
[I 2024-01-13 14:45:28,078] Trial 79 finished with value: 0.37026384472846985 and parameters: {'W_layers': 5, 'W_layer_units_exponent_0': 7, 'W_layer_units_exponent_1': 9, 'W_layer_units_exponent_2': 6, 'W_layer_units_exponent_3': 8, 'W_layer_units_exponent_4': 8, 'D_layers': 2, 'D_layer_units_exponent_0': 7, 'D_layer_units_exponent_1': 7, 'D_dagger_layers': 8, 'D_dagger_layer_units_exponent_0': 9, 'D_dagger_layer_units_exponent_1': 5, 'D_dagger_layer_units_exponent_2': 8, 'D_dagger_layer_units_exponent_3': 8, 'D_dagger_layer_units_exponent_4': 4, 'D_dagger_layer_units_exponent_5': 8, 'D_dagger_layer_units_exponent_6': 7, 'D_dagger_layer_units_exponent_7': 5, 'log_learning_rate': -4.386998011317259, 'log_learning_rate_D': -3.309467740130835, 'log_learning_rate_D_dagger': -3.310017974388823, 'training_batch_size': 6, 'training_p': 5}. Best is trial 54 with value: 0.28775355219841003.
Time for this trial:  24.846558332443237
Memory status after this trial: 
Memory allocated:  981.10888671875
Memory cached:  1006.0
--------------------  Trial  80   --------------------
Start timing: 
Parameters: 
{'W_layers': 7, 'W_layer_units_exponent_0': 7, 'W_layer_units_exponent_1': 10, 'W_layer_units_exponent_2': 9, 'W_layer_units_exponent_3': 8, 'W_layer_units_exponent_4': 5, 'W_layer_units_exponent_5': 7, 'W_layer_units_exponent_6': 5, 'D_layers': 3, 'D_layer_units_exponent_0': 6, 'D_layer_units_exponent_1': 6, 'D_layer_units_exponent_2': 8, 'D_dagger_layers': 7, 'D_dagger_layer_units_exponent_0': 10, 'D_dagger_layer_units_exponent_1': 6, 'D_dagger_layer_units_exponent_2': 9, 'D_dagger_layer_units_exponent_3': 5, 'D_dagger_layer_units_exponent_4': 4, 'D_dagger_layer_units_exponent_5': 4, 'D_dagger_layer_units_exponent_6': 8, 'log_learning_rate': -4.281662554941528, 'log_learning_rate_D': -3.122046393567006, 'log_learning_rate_D_dagger': -3.6542068356108395, 'training_batch_size': 11, 'training_p': 3}
	 epoch  0 training error:  tensor(1.0136, device='cuda:0', grad_fn=<DivBackward0>)
Memory status after this epoch: 
Memory allocated:  702.99462890625
Memory cached:  890.0
	 epoch  10 training error:  tensor(0.4977, device='cuda:0', grad_fn=<DivBackward0>)
Memory status after this epoch: 
Memory allocated:  702.99462890625
Memory cached:  890.0
	 epoch  20 training error:  tensor(0.4560, device='cuda:0', grad_fn=<DivBackward0>)
Memory status after this epoch: 
Memory allocated:  702.99462890625
Memory cached:  890.0
	 epoch  30 training error:  tensor(0.4120, device='cuda:0', grad_fn=<DivBackward0>)
Memory status after this epoch: 
Memory allocated:  702.99462890625
Memory cached:  890.0
	 epoch  40 training error:  tensor(0.3951, device='cuda:0', grad_fn=<DivBackward0>)
Memory status after this epoch: 
Memory allocated:  702.99462890625
Memory cached:  890.0
	 epoch  50 training error:  tensor(0.3895, device='cuda:0', grad_fn=<DivBackward0>)
Memory status after this epoch: 
Memory allocated:  702.99462890625
Memory cached:  890.0
	 epoch  60 training error:  tensor(0.3860, device='cuda:0', grad_fn=<DivBackward0>)
Memory status after this epoch: 
Memory allocated:  702.99462890625
Memory cached:  890.0
	 epoch  70 training error:  tensor(0.3833, device='cuda:0', grad_fn=<DivBackward0>)
Memory status after this epoch: 
Memory allocated:  702.99462890625
Memory cached:  890.0
	 epoch  80 training error:  tensor(0.3825, device='cuda:0', grad_fn=<DivBackward0>)
Memory status after this epoch: 
Memory allocated:  702.99462890625
Memory cached:  890.0
	 epoch  90 training error:  tensor(0.3796, device='cuda:0', grad_fn=<DivBackward0>)
Memory status after this epoch: 
Memory allocated:  702.99462890625
Memory cached:  890.0
[I 2024-01-13 14:45:51,306] Trial 80 finished with value: 0.3203699290752411 and parameters: {'W_layers': 7, 'W_layer_units_exponent_0': 7, 'W_layer_units_exponent_1': 10, 'W_layer_units_exponent_2': 9, 'W_layer_units_exponent_3': 8, 'W_layer_units_exponent_4': 5, 'W_layer_units_exponent_5': 7, 'W_layer_units_exponent_6': 5, 'D_layers': 3, 'D_layer_units_exponent_0': 6, 'D_layer_units_exponent_1': 6, 'D_layer_units_exponent_2': 8, 'D_dagger_layers': 7, 'D_dagger_layer_units_exponent_0': 10, 'D_dagger_layer_units_exponent_1': 6, 'D_dagger_layer_units_exponent_2': 9, 'D_dagger_layer_units_exponent_3': 5, 'D_dagger_layer_units_exponent_4': 4, 'D_dagger_layer_units_exponent_5': 4, 'D_dagger_layer_units_exponent_6': 8, 'log_learning_rate': -4.281662554941528, 'log_learning_rate_D': -3.122046393567006, 'log_learning_rate_D_dagger': -3.6542068356108395, 'training_batch_size': 11, 'training_p': 3}. Best is trial 54 with value: 0.28775355219841003.
Time for this trial:  22.762712955474854
Memory status after this trial: 
Memory allocated:  1129.94482421875
Memory cached:  1166.0
--------------------  Trial  81   --------------------
Start timing: 
Parameters: 
{'W_layers': 8, 'W_layer_units_exponent_0': 8, 'W_layer_units_exponent_1': 10, 'W_layer_units_exponent_2': 6, 'W_layer_units_exponent_3': 9, 'W_layer_units_exponent_4': 4, 'W_layer_units_exponent_5': 8, 'W_layer_units_exponent_6': 5, 'W_layer_units_exponent_7': 10, 'D_layers': 2, 'D_layer_units_exponent_0': 7, 'D_layer_units_exponent_1': 9, 'D_dagger_layers': 7, 'D_dagger_layer_units_exponent_0': 7, 'D_dagger_layer_units_exponent_1': 4, 'D_dagger_layer_units_exponent_2': 8, 'D_dagger_layer_units_exponent_3': 7, 'D_dagger_layer_units_exponent_4': 4, 'D_dagger_layer_units_exponent_5': 5, 'D_dagger_layer_units_exponent_6': 9, 'log_learning_rate': -4.4589940906749, 'log_learning_rate_D': -3.7653113501115407, 'log_learning_rate_D_dagger': -3.149664373155092, 'training_batch_size': 11, 'training_p': 2}
	 epoch  0 training error:  tensor(0.9885, device='cuda:0', grad_fn=<DivBackward0>)
Memory status after this epoch: 
Memory allocated:  695.876953125
Memory cached:  890.0
	 epoch  10 training error:  tensor(0.3193, device='cuda:0', grad_fn=<DivBackward0>)
Memory status after this epoch: 
Memory allocated:  695.876953125
Memory cached:  890.0
	 epoch  20 training error:  tensor(0.3279, device='cuda:0', grad_fn=<DivBackward0>)
Memory status after this epoch: 
Memory allocated:  695.876953125
Memory cached:  890.0
	 epoch  30 training error:  tensor(0.2997, device='cuda:0', grad_fn=<DivBackward0>)
Memory status after this epoch: 
Memory allocated:  695.876953125
Memory cached:  890.0
	 epoch  40 training error:  tensor(0.2941, device='cuda:0', grad_fn=<DivBackward0>)
Memory status after this epoch: 
Memory allocated:  695.876953125
Memory cached:  890.0
	 epoch  50 training error:  tensor(0.2910, device='cuda:0', grad_fn=<DivBackward0>)
Memory status after this epoch: 
Memory allocated:  695.876953125
Memory cached:  890.0
	 epoch  60 training error:  tensor(0.2856, device='cuda:0', grad_fn=<DivBackward0>)
Memory status after this epoch: 
Memory allocated:  695.876953125
Memory cached:  890.0
	 epoch  70 training error:  tensor(0.2855, device='cuda:0', grad_fn=<DivBackward0>)
Memory status after this epoch: 
Memory allocated:  695.876953125
Memory cached:  890.0
	 epoch  80 training error:  tensor(0.2888, device='cuda:0', grad_fn=<DivBackward0>)
Memory status after this epoch: 
Memory allocated:  695.876953125
Memory cached:  890.0
	 epoch  90 training error:  tensor(0.2860, device='cuda:0', grad_fn=<DivBackward0>)
Memory status after this epoch: 
Memory allocated:  695.876953125
Memory cached:  890.0
[I 2024-01-13 14:46:15,504] Trial 81 finished with value: 0.2919233739376068 and parameters: {'W_layers': 8, 'W_layer_units_exponent_0': 8, 'W_layer_units_exponent_1': 10, 'W_layer_units_exponent_2': 6, 'W_layer_units_exponent_3': 9, 'W_layer_units_exponent_4': 4, 'W_layer_units_exponent_5': 8, 'W_layer_units_exponent_6': 5, 'W_layer_units_exponent_7': 10, 'D_layers': 2, 'D_layer_units_exponent_0': 7, 'D_layer_units_exponent_1': 9, 'D_dagger_layers': 7, 'D_dagger_layer_units_exponent_0': 7, 'D_dagger_layer_units_exponent_1': 4, 'D_dagger_layer_units_exponent_2': 8, 'D_dagger_layer_units_exponent_3': 7, 'D_dagger_layer_units_exponent_4': 4, 'D_dagger_layer_units_exponent_5': 5, 'D_dagger_layer_units_exponent_6': 9, 'log_learning_rate': -4.4589940906749, 'log_learning_rate_D': -3.7653113501115407, 'log_learning_rate_D_dagger': -3.149664373155092, 'training_batch_size': 11, 'training_p': 2}. Best is trial 54 with value: 0.28775355219841003.
Time for this trial:  23.752767324447632
Memory status after this trial: 
Memory allocated:  1134.88330078125
Memory cached:  1150.0
--------------------  Trial  82   --------------------
Start timing: 
Parameters: 
{'W_layers': 8, 'W_layer_units_exponent_0': 7, 'W_layer_units_exponent_1': 9, 'W_layer_units_exponent_2': 6, 'W_layer_units_exponent_3': 9, 'W_layer_units_exponent_4': 4, 'W_layer_units_exponent_5': 7, 'W_layer_units_exponent_6': 4, 'W_layer_units_exponent_7': 10, 'D_layers': 2, 'D_layer_units_exponent_0': 7, 'D_layer_units_exponent_1': 9, 'D_dagger_layers': 6, 'D_dagger_layer_units_exponent_0': 8, 'D_dagger_layer_units_exponent_1': 4, 'D_dagger_layer_units_exponent_2': 7, 'D_dagger_layer_units_exponent_3': 7, 'D_dagger_layer_units_exponent_4': 4, 'D_dagger_layer_units_exponent_5': 4, 'log_learning_rate': -4.468875346958709, 'log_learning_rate_D': -3.095670643991763, 'log_learning_rate_D_dagger': -3.470399982088704, 'training_batch_size': 11, 'training_p': 2}
	 epoch  0 training error:  tensor(1.0337, device='cuda:0', grad_fn=<DivBackward0>)
Memory status after this epoch: 
Memory allocated:  691.47265625
Memory cached:  890.0
	 epoch  10 training error:  tensor(0.7397, device='cuda:0', grad_fn=<DivBackward0>)
Memory status after this epoch: 
Memory allocated:  691.47265625
Memory cached:  890.0
	 epoch  20 training error:  tensor(0.3212, device='cuda:0', grad_fn=<DivBackward0>)
Memory status after this epoch: 
Memory allocated:  691.47265625
Memory cached:  890.0
	 epoch  30 training error:  tensor(0.3096, device='cuda:0', grad_fn=<DivBackward0>)
Memory status after this epoch: 
Memory allocated:  691.47265625
Memory cached:  890.0
	 epoch  40 training error:  tensor(0.2945, device='cuda:0', grad_fn=<DivBackward0>)
Memory status after this epoch: 
Memory allocated:  691.47265625
Memory cached:  890.0
	 epoch  50 training error:  tensor(0.2967, device='cuda:0', grad_fn=<DivBackward0>)
Memory status after this epoch: 
Memory allocated:  691.47265625
Memory cached:  890.0
	 epoch  60 training error:  tensor(0.2907, device='cuda:0', grad_fn=<DivBackward0>)
Memory status after this epoch: 
Memory allocated:  691.47265625
Memory cached:  890.0
	 epoch  70 training error:  tensor(0.2868, device='cuda:0', grad_fn=<DivBackward0>)
Memory status after this epoch: 
Memory allocated:  691.47265625
Memory cached:  890.0
	 epoch  80 training error:  tensor(0.2864, device='cuda:0', grad_fn=<DivBackward0>)
Memory status after this epoch: 
Memory allocated:  691.47265625
Memory cached:  890.0
	 epoch  90 training error:  tensor(0.2858, device='cuda:0', grad_fn=<DivBackward0>)
Memory status after this epoch: 
Memory allocated:  691.47265625
Memory cached:  890.0
[I 2024-01-13 14:46:37,998] Trial 82 finished with value: 0.29028311371803284 and parameters: {'W_layers': 8, 'W_layer_units_exponent_0': 7, 'W_layer_units_exponent_1': 9, 'W_layer_units_exponent_2': 6, 'W_layer_units_exponent_3': 9, 'W_layer_units_exponent_4': 4, 'W_layer_units_exponent_5': 7, 'W_layer_units_exponent_6': 4, 'W_layer_units_exponent_7': 10, 'D_layers': 2, 'D_layer_units_exponent_0': 7, 'D_layer_units_exponent_1': 9, 'D_dagger_layers': 6, 'D_dagger_layer_units_exponent_0': 8, 'D_dagger_layer_units_exponent_1': 4, 'D_dagger_layer_units_exponent_2': 7, 'D_dagger_layer_units_exponent_3': 7, 'D_dagger_layer_units_exponent_4': 4, 'D_dagger_layer_units_exponent_5': 4, 'log_learning_rate': -4.468875346958709, 'log_learning_rate_D': -3.095670643991763, 'log_learning_rate_D_dagger': -3.470399982088704, 'training_batch_size': 11, 'training_p': 2}. Best is trial 54 with value: 0.28775355219841003.
Time for this trial:  22.059985876083374
Memory status after this trial: 
Memory allocated:  997.20654296875
Memory cached:  1018.0
--------------------  Trial  83   --------------------
Start timing: 
Parameters: 
{'W_layers': 8, 'W_layer_units_exponent_0': 8, 'W_layer_units_exponent_1': 10, 'W_layer_units_exponent_2': 6, 'W_layer_units_exponent_3': 9, 'W_layer_units_exponent_4': 4, 'W_layer_units_exponent_5': 8, 'W_layer_units_exponent_6': 5, 'W_layer_units_exponent_7': 7, 'D_layers': 2, 'D_layer_units_exponent_0': 7, 'D_layer_units_exponent_1': 9, 'D_dagger_layers': 8, 'D_dagger_layer_units_exponent_0': 9, 'D_dagger_layer_units_exponent_1': 4, 'D_dagger_layer_units_exponent_2': 8, 'D_dagger_layer_units_exponent_3': 7, 'D_dagger_layer_units_exponent_4': 4, 'D_dagger_layer_units_exponent_5': 5, 'D_dagger_layer_units_exponent_6': 9, 'D_dagger_layer_units_exponent_7': 9, 'log_learning_rate': -4.7398719347627045, 'log_learning_rate_D': -3.2869410165734116, 'log_learning_rate_D_dagger': -3.048922954133662, 'training_batch_size': 11, 'training_p': 2}
	 epoch  0 training error:  tensor(0.9942, device='cuda:0', grad_fn=<DivBackward0>)
Memory status after this epoch: 
Memory allocated:  699.525390625
Memory cached:  892.0
	 epoch  10 training error:  tensor(0.3744, device='cuda:0', grad_fn=<DivBackward0>)
Memory status after this epoch: 
Memory allocated:  699.525390625
Memory cached:  892.0
	 epoch  20 training error:  tensor(0.3130, device='cuda:0', grad_fn=<DivBackward0>)
Memory status after this epoch: 
Memory allocated:  699.525390625
Memory cached:  892.0
	 epoch  30 training error:  tensor(0.3048, device='cuda:0', grad_fn=<DivBackward0>)
Memory status after this epoch: 
Memory allocated:  699.525390625
Memory cached:  892.0
	 epoch  40 training error:  tensor(0.2839, device='cuda:0', grad_fn=<DivBackward0>)
Memory status after this epoch: 
Memory allocated:  699.525390625
Memory cached:  892.0
	 epoch  50 training error:  tensor(0.2942, device='cuda:0', grad_fn=<DivBackward0>)
Memory status after this epoch: 
Memory allocated:  699.525390625
Memory cached:  892.0
	 epoch  60 training error:  tensor(0.2814, device='cuda:0', grad_fn=<DivBackward0>)
Memory status after this epoch: 
Memory allocated:  699.525390625
Memory cached:  892.0
	 epoch  70 training error:  tensor(0.2813, device='cuda:0', grad_fn=<DivBackward0>)
Memory status after this epoch: 
Memory allocated:  699.525390625
Memory cached:  892.0
	 epoch  80 training error:  tensor(0.2886, device='cuda:0', grad_fn=<DivBackward0>)
Memory status after this epoch: 
Memory allocated:  699.525390625
Memory cached:  892.0
	 epoch  90 training error:  tensor(0.2874, device='cuda:0', grad_fn=<DivBackward0>)
Memory status after this epoch: 
Memory allocated:  699.525390625
Memory cached:  892.0
