[I 2023-12-07 01:16:47,890] Trial 45 finished with value: 0.38341274857521057 and parameters: {'W_layers': 3, 'W_layer_units_exponent_0': 7, 'W_layer_units_exponent_1': 5, 'W_layer_units_exponent_2': 4, 'D_layers': 3, 'D_layer_units_exponent_0': 5, 'D_layer_units_exponent_1': 8, 'D_layer_units_exponent_2': 8, 'D_dagger_layers': 5, 'D_dagger_layer_units_exponent_0': 6, 'D_dagger_layer_units_exponent_1': 4, 'D_dagger_layer_units_exponent_2': 4, 'D_dagger_layer_units_exponent_3': 7, 'D_dagger_layer_units_exponent_4': 7, 'log_learning_rate': -3.8357304409305546, 'log_learning_rate_D': -4.094716108742567, 'log_learning_rate_D_dagger': -2.6712051022724377, 'training_batch_size': 8, 'training_p': 2}. Best is trial 36 with value: 0.10139856487512589.
Time for this trial:  150.81930565834045
Memory status after this trial: 
Memory allocated:  140.15771484375
Memory cached:  380.0
--------------------  Trial  46   --------------------
Start timing: 
Parameters: 
{'W_layers': 5, 'W_layer_units_exponent_0': 4, 'W_layer_units_exponent_1': 4, 'W_layer_units_exponent_2': 5, 'W_layer_units_exponent_3': 7, 'W_layer_units_exponent_4': 4, 'D_layers': 2, 'D_layer_units_exponent_0': 6, 'D_layer_units_exponent_1': 7, 'D_dagger_layers': 4, 'D_dagger_layer_units_exponent_0': 7, 'D_dagger_layer_units_exponent_1': 7, 'D_dagger_layer_units_exponent_2': 5, 'D_dagger_layer_units_exponent_3': 4, 'log_learning_rate': -4.387167372904436, 'log_learning_rate_D': -3.4566443383678505, 'log_learning_rate_D_dagger': -2.9365391945885055, 'training_batch_size': 10, 'training_p': 4}
	 epoch  0 training error:  tensor(1.0073, device='cuda:0', grad_fn=<DivBackward0>)
Memory status after this epoch: 
Memory allocated:  85.26708984375
Memory cached:  380.0
	 epoch  10 training error:  tensor(0.9000, device='cuda:0', grad_fn=<DivBackward0>)
Memory status after this epoch: 
Memory allocated:  85.26708984375
Memory cached:  380.0
	 epoch  20 training error:  tensor(0.8301, device='cuda:0', grad_fn=<DivBackward0>)
Memory status after this epoch: 
Memory allocated:  85.26708984375
Memory cached:  380.0
	 epoch  30 training error:  tensor(0.7284, device='cuda:0', grad_fn=<DivBackward0>)
Memory status after this epoch: 
Memory allocated:  85.26708984375
Memory cached:  380.0
	 epoch  40 training error:  tensor(0.6264, device='cuda:0', grad_fn=<DivBackward0>)
Memory status after this epoch: 
Memory allocated:  85.26708984375
Memory cached:  380.0
	 epoch  50 training error:  tensor(0.4574, device='cuda:0', grad_fn=<DivBackward0>)
Memory status after this epoch: 
Memory allocated:  85.26708984375
Memory cached:  380.0
	 epoch  60 training error:  tensor(0.4981, device='cuda:0', grad_fn=<DivBackward0>)
Memory status after this epoch: 
Memory allocated:  85.26708984375
Memory cached:  380.0
	 epoch  70 training error:  tensor(0.4409, device='cuda:0', grad_fn=<DivBackward0>)
Memory status after this epoch: 
Memory allocated:  85.26708984375
Memory cached:  380.0
	 epoch  80 training error:  tensor(0.3879, device='cuda:0', grad_fn=<DivBackward0>)
Memory status after this epoch: 
Memory allocated:  85.26708984375
Memory cached:  380.0
	 epoch  90 training error:  tensor(0.3643, device='cuda:0', grad_fn=<DivBackward0>)
Memory status after this epoch: 
Memory allocated:  85.26708984375
Memory cached:  380.0
[I 2023-12-07 01:19:17,063] Trial 46 finished with value: 0.20155708491802216 and parameters: {'W_layers': 5, 'W_layer_units_exponent_0': 4, 'W_layer_units_exponent_1': 4, 'W_layer_units_exponent_2': 5, 'W_layer_units_exponent_3': 7, 'W_layer_units_exponent_4': 4, 'D_layers': 2, 'D_layer_units_exponent_0': 6, 'D_layer_units_exponent_1': 7, 'D_dagger_layers': 4, 'D_dagger_layer_units_exponent_0': 7, 'D_dagger_layer_units_exponent_1': 7, 'D_dagger_layer_units_exponent_2': 5, 'D_dagger_layer_units_exponent_3': 4, 'log_learning_rate': -4.387167372904436, 'log_learning_rate_D': -3.4566443383678505, 'log_learning_rate_D_dagger': -2.9365391945885055, 'training_batch_size': 10, 'training_p': 4}. Best is trial 36 with value: 0.10139856487512589.
Time for this trial:  148.95668816566467
Memory status after this trial: 
Memory allocated:  122.185546875
Memory cached:  380.0
--------------------  Trial  47   --------------------
Start timing: 
Parameters: 
{'W_layers': 5, 'W_layer_units_exponent_0': 7, 'W_layer_units_exponent_1': 5, 'W_layer_units_exponent_2': 9, 'W_layer_units_exponent_3': 6, 'W_layer_units_exponent_4': 9, 'D_layers': 3, 'D_layer_units_exponent_0': 7, 'D_layer_units_exponent_1': 6, 'D_layer_units_exponent_2': 10, 'D_dagger_layers': 3, 'D_dagger_layer_units_exponent_0': 8, 'D_dagger_layer_units_exponent_1': 5, 'D_dagger_layer_units_exponent_2': 10, 'log_learning_rate': -4.637544382600852, 'log_learning_rate_D': -3.122113997427, 'log_learning_rate_D_dagger': -3.8514848705874383, 'training_batch_size': 11, 'training_p': 4}
	 epoch  0 training error:  tensor(0.9810, device='cuda:0', grad_fn=<DivBackward0>)
Memory status after this epoch: 
Memory allocated:  87.85693359375
Memory cached:  398.0
	 epoch  10 training error:  tensor(0.9420, device='cuda:0', grad_fn=<DivBackward0>)
Memory status after this epoch: 
Memory allocated:  87.85693359375
Memory cached:  432.0
	 epoch  20 training error:  tensor(0.8934, device='cuda:0', grad_fn=<DivBackward0>)
Memory status after this epoch: 
Memory allocated:  87.85693359375
Memory cached:  430.0
	 epoch  30 training error:  tensor(0.8337, device='cuda:0', grad_fn=<DivBackward0>)
Memory status after this epoch: 
Memory allocated:  87.85693359375
Memory cached:  436.0
	 epoch  40 training error:  tensor(0.7845, device='cuda:0', grad_fn=<DivBackward0>)
Memory status after this epoch: 
Memory allocated:  87.85693359375
Memory cached:  436.0
	 epoch  50 training error:  tensor(0.7338, device='cuda:0', grad_fn=<DivBackward0>)
Memory status after this epoch: 
Memory allocated:  87.85693359375
Memory cached:  436.0
	 epoch  60 training error:  tensor(0.6440, device='cuda:0', grad_fn=<DivBackward0>)
Memory status after this epoch: 
Memory allocated:  87.85693359375
Memory cached:  434.0
	 epoch  70 training error:  tensor(0.5837, device='cuda:0', grad_fn=<DivBackward0>)
Memory status after this epoch: 
Memory allocated:  87.85693359375
Memory cached:  436.0
	 epoch  80 training error:  tensor(0.5677, device='cuda:0', grad_fn=<DivBackward0>)
Memory status after this epoch: 
Memory allocated:  87.85693359375
Memory cached:  436.0
	 epoch  90 training error:  tensor(0.5499, device='cuda:0', grad_fn=<DivBackward0>)
Memory status after this epoch: 
Memory allocated:  87.85693359375
Memory cached:  426.0
[I 2023-12-07 01:22:05,262] Trial 47 finished with value: 0.5513660311698914 and parameters: {'W_layers': 5, 'W_layer_units_exponent_0': 7, 'W_layer_units_exponent_1': 5, 'W_layer_units_exponent_2': 9, 'W_layer_units_exponent_3': 6, 'W_layer_units_exponent_4': 9, 'D_layers': 3, 'D_layer_units_exponent_0': 7, 'D_layer_units_exponent_1': 6, 'D_layer_units_exponent_2': 10, 'D_dagger_layers': 3, 'D_dagger_layer_units_exponent_0': 8, 'D_dagger_layer_units_exponent_1': 5, 'D_dagger_layer_units_exponent_2': 10, 'log_learning_rate': -4.637544382600852, 'log_learning_rate_D': -3.122113997427, 'log_learning_rate_D_dagger': -3.8514848705874383, 'training_batch_size': 11, 'training_p': 4}. Best is trial 36 with value: 0.10139856487512589.
Time for this trial:  167.9751331806183
Memory status after this trial: 
Memory allocated:  268.119140625
Memory cached:  416.0
--------------------  Trial  48   --------------------
Start timing: 
Parameters: 
{'W_layers': 4, 'W_layer_units_exponent_0': 6, 'W_layer_units_exponent_1': 7, 'W_layer_units_exponent_2': 4, 'W_layer_units_exponent_3': 6, 'D_layers': 4, 'D_layer_units_exponent_0': 4, 'D_layer_units_exponent_1': 4, 'D_layer_units_exponent_2': 9, 'D_layer_units_exponent_3': 5, 'D_dagger_layers': 7, 'D_dagger_layer_units_exponent_0': 7, 'D_dagger_layer_units_exponent_1': 7, 'D_dagger_layer_units_exponent_2': 6, 'D_dagger_layer_units_exponent_3': 5, 'D_dagger_layer_units_exponent_4': 10, 'D_dagger_layer_units_exponent_5': 4, 'D_dagger_layer_units_exponent_6': 9, 'log_learning_rate': -4.226630923359803, 'log_learning_rate_D': -4.0124368315095635, 'log_learning_rate_D_dagger': -3.210628524393642, 'training_batch_size': 8, 'training_p': 3}
	 epoch  0 training error:  tensor(1.0020, device='cuda:0', grad_fn=<DivBackward0>)
Memory status after this epoch: 
Memory allocated:  86.58740234375
Memory cached:  400.0
	 epoch  10 training error:  tensor(0.8671, device='cuda:0', grad_fn=<DivBackward0>)
Memory status after this epoch: 
Memory allocated:  86.58740234375
Memory cached:  422.0
	 epoch  20 training error:  tensor(0.7984, device='cuda:0', grad_fn=<DivBackward0>)
Memory status after this epoch: 
Memory allocated:  86.58740234375
Memory cached:  418.0
	 epoch  30 training error:  tensor(0.7906, device='cuda:0', grad_fn=<DivBackward0>)
Memory status after this epoch: 
Memory allocated:  86.58740234375
Memory cached:  428.0
	 epoch  40 training error:  tensor(0.7758, device='cuda:0', grad_fn=<DivBackward0>)
Memory status after this epoch: 
Memory allocated:  86.58740234375
Memory cached:  432.0
	 epoch  50 training error:  tensor(0.7310, device='cuda:0', grad_fn=<DivBackward0>)
Memory status after this epoch: 
Memory allocated:  86.58740234375
Memory cached:  430.0
	 epoch  60 training error:  tensor(0.6402, device='cuda:0', grad_fn=<DivBackward0>)
Memory status after this epoch: 
Memory allocated:  86.58740234375
Memory cached:  430.0
	 epoch  70 training error:  tensor(0.6036, device='cuda:0', grad_fn=<DivBackward0>)
Memory status after this epoch: 
Memory allocated:  86.58740234375
Memory cached:  428.0
	 epoch  80 training error:  tensor(0.5341, device='cuda:0', grad_fn=<DivBackward0>)
Memory status after this epoch: 
Memory allocated:  86.58740234375
Memory cached:  430.0
	 epoch  90 training error:  tensor(0.5541, device='cuda:0', grad_fn=<DivBackward0>)
Memory status after this epoch: 
Memory allocated:  86.58740234375
Memory cached:  432.0
[I 2023-12-07 01:25:13,665] Trial 48 finished with value: 0.42227956652641296 and parameters: {'W_layers': 4, 'W_layer_units_exponent_0': 6, 'W_layer_units_exponent_1': 7, 'W_layer_units_exponent_2': 4, 'W_layer_units_exponent_3': 6, 'D_layers': 4, 'D_layer_units_exponent_0': 4, 'D_layer_units_exponent_1': 4, 'D_layer_units_exponent_2': 9, 'D_layer_units_exponent_3': 5, 'D_dagger_layers': 7, 'D_dagger_layer_units_exponent_0': 7, 'D_dagger_layer_units_exponent_1': 7, 'D_dagger_layer_units_exponent_2': 6, 'D_dagger_layer_units_exponent_3': 5, 'D_dagger_layer_units_exponent_4': 10, 'D_dagger_layer_units_exponent_5': 4, 'D_dagger_layer_units_exponent_6': 9, 'log_learning_rate': -4.226630923359803, 'log_learning_rate_D': -4.0124368315095635, 'log_learning_rate_D_dagger': -3.210628524393642, 'training_batch_size': 8, 'training_p': 3}. Best is trial 36 with value: 0.10139856487512589.
Time for this trial:  188.153137922287
Memory status after this trial: 
Memory allocated:  228.6357421875
Memory cached:  416.0
--------------------  Trial  49   --------------------
Start timing: 
Parameters: 
{'W_layers': 5, 'W_layer_units_exponent_0': 6, 'W_layer_units_exponent_1': 4, 'W_layer_units_exponent_2': 4, 'W_layer_units_exponent_3': 4, 'W_layer_units_exponent_4': 10, 'D_layers': 6, 'D_layer_units_exponent_0': 6, 'D_layer_units_exponent_1': 9, 'D_layer_units_exponent_2': 7, 'D_layer_units_exponent_3': 9, 'D_layer_units_exponent_4': 4, 'D_layer_units_exponent_5': 4, 'D_dagger_layers': 5, 'D_dagger_layer_units_exponent_0': 8, 'D_dagger_layer_units_exponent_1': 6, 'D_dagger_layer_units_exponent_2': 4, 'D_dagger_layer_units_exponent_3': 6, 'D_dagger_layer_units_exponent_4': 9, 'log_learning_rate': -3.6851260091775684, 'log_learning_rate_D': -4.285767689773471, 'log_learning_rate_D_dagger': -3.5010107960756445, 'training_batch_size': 10, 'training_p': 5}
	 epoch  0 training error:  tensor(1.0020, device='cuda:0', grad_fn=<DivBackward0>)
Memory status after this epoch: 
Memory allocated:  88.46630859375
Memory cached:  406.0
	 epoch  10 training error:  tensor(0.9538, device='cuda:0', grad_fn=<DivBackward0>)
Memory status after this epoch: 
Memory allocated:  88.46630859375
Memory cached:  434.0
	 epoch  20 training error:  tensor(0.8373, device='cuda:0', grad_fn=<DivBackward0>)
Memory status after this epoch: 
Memory allocated:  88.46630859375
Memory cached:  440.0
	 epoch  30 training error:  tensor(0.8206, device='cuda:0', grad_fn=<DivBackward0>)
Memory status after this epoch: 
Memory allocated:  88.46630859375
Memory cached:  430.0
	 epoch  40 training error:  tensor(0.8006, device='cuda:0', grad_fn=<DivBackward0>)
Memory status after this epoch: 
Memory allocated:  88.46630859375
Memory cached:  450.0
	 epoch  50 training error:  tensor(0.7444, device='cuda:0', grad_fn=<DivBackward0>)
Memory status after this epoch: 
Memory allocated:  88.46630859375
Memory cached:  440.0
	 epoch  60 training error:  tensor(0.6255, device='cuda:0', grad_fn=<DivBackward0>)
Memory status after this epoch: 
Memory allocated:  88.46630859375
Memory cached:  448.0
	 epoch  70 training error:  tensor(0.5141, device='cuda:0', grad_fn=<DivBackward0>)
Memory status after this epoch: 
Memory allocated:  88.46630859375
Memory cached:  444.0
	 epoch  80 training error:  tensor(0.4548, device='cuda:0', grad_fn=<DivBackward0>)
Memory status after this epoch: 
Memory allocated:  88.46630859375
Memory cached:  444.0
	 epoch  90 training error:  tensor(0.4087, device='cuda:0', grad_fn=<DivBackward0>)
Memory status after this epoch: 
Memory allocated:  88.46630859375
Memory cached:  434.0
[I 2023-12-07 01:28:34,340] Trial 49 finished with value: 0.2571811079978943 and parameters: {'W_layers': 5, 'W_layer_units_exponent_0': 6, 'W_layer_units_exponent_1': 4, 'W_layer_units_exponent_2': 4, 'W_layer_units_exponent_3': 4, 'W_layer_units_exponent_4': 10, 'D_layers': 6, 'D_layer_units_exponent_0': 6, 'D_layer_units_exponent_1': 9, 'D_layer_units_exponent_2': 7, 'D_layer_units_exponent_3': 9, 'D_layer_units_exponent_4': 4, 'D_layer_units_exponent_5': 4, 'D_dagger_layers': 5, 'D_dagger_layer_units_exponent_0': 8, 'D_dagger_layer_units_exponent_1': 6, 'D_dagger_layer_units_exponent_2': 4, 'D_dagger_layer_units_exponent_3': 6, 'D_dagger_layer_units_exponent_4': 9, 'log_learning_rate': -3.6851260091775684, 'log_learning_rate_D': -4.285767689773471, 'log_learning_rate_D_dagger': -3.5010107960756445, 'training_batch_size': 10, 'training_p': 5}. Best is trial 36 with value: 0.10139856487512589.
Time for this trial:  200.38711810112
Memory status after this trial: 
Memory allocated:  251.38330078125
Memory cached:  414.0
--------------------  Trial  50   --------------------
Start timing: 
Parameters: 
{'W_layers': 3, 'W_layer_units_exponent_0': 7, 'W_layer_units_exponent_1': 4, 'W_layer_units_exponent_2': 6, 'D_layers': 2, 'D_layer_units_exponent_0': 5, 'D_layer_units_exponent_1': 8, 'D_dagger_layers': 4, 'D_dagger_layer_units_exponent_0': 5, 'D_dagger_layer_units_exponent_1': 5, 'D_dagger_layer_units_exponent_2': 5, 'D_dagger_layer_units_exponent_3': 5, 'log_learning_rate': -4.02176345818684, 'log_learning_rate_D': -3.78259528050018, 'log_learning_rate_D_dagger': -2.923315292696167, 'training_batch_size': 8, 'training_p': 2}
	 epoch  0 training error:  tensor(0.9882, device='cuda:0', grad_fn=<DivBackward0>)
Memory status after this epoch: 
Memory allocated:  84.93310546875
Memory cached:  380.0
	 epoch  10 training error:  tensor(0.8929, device='cuda:0', grad_fn=<DivBackward0>)
Memory status after this epoch: 
Memory allocated:  84.93310546875
Memory cached:  380.0
	 epoch  20 training error:  tensor(0.8234, device='cuda:0', grad_fn=<DivBackward0>)
Memory status after this epoch: 
Memory allocated:  84.93310546875
Memory cached:  380.0
	 epoch  30 training error:  tensor(0.7483, device='cuda:0', grad_fn=<DivBackward0>)
Memory status after this epoch: 
Memory allocated:  84.93310546875
Memory cached:  380.0
	 epoch  40 training error:  tensor(0.7413, device='cuda:0', grad_fn=<DivBackward0>)
Memory status after this epoch: 
Memory allocated:  84.93310546875
Memory cached:  380.0
	 epoch  50 training error:  tensor(0.7326, device='cuda:0', grad_fn=<DivBackward0>)
Memory status after this epoch: 
Memory allocated:  84.93310546875
Memory cached:  380.0
	 epoch  60 training error:  tensor(0.7178, device='cuda:0', grad_fn=<DivBackward0>)
Memory status after this epoch: 
Memory allocated:  84.93310546875
Memory cached:  380.0
	 epoch  70 training error:  tensor(0.6823, device='cuda:0', grad_fn=<DivBackward0>)
Memory status after this epoch: 
Memory allocated:  84.93310546875
Memory cached:  380.0
	 epoch  80 training error:  tensor(0.6125, device='cuda:0', grad_fn=<DivBackward0>)
Memory status after this epoch: 
Memory allocated:  84.93310546875
Memory cached:  380.0
	 epoch  90 training error:  tensor(0.5185, device='cuda:0', grad_fn=<DivBackward0>)
Memory status after this epoch: 
Memory allocated:  84.93310546875
Memory cached:  380.0
[I 2023-12-07 01:30:49,086] Trial 50 finished with value: 0.3245290517807007 and parameters: {'W_layers': 3, 'W_layer_units_exponent_0': 7, 'W_layer_units_exponent_1': 4, 'W_layer_units_exponent_2': 6, 'D_layers': 2, 'D_layer_units_exponent_0': 5, 'D_layer_units_exponent_1': 8, 'D_dagger_layers': 4, 'D_dagger_layer_units_exponent_0': 5, 'D_dagger_layer_units_exponent_1': 5, 'D_dagger_layer_units_exponent_2': 5, 'D_dagger_layer_units_exponent_3': 5, 'log_learning_rate': -4.02176345818684, 'log_learning_rate_D': -3.78259528050018, 'log_learning_rate_D_dagger': -2.923315292696167, 'training_batch_size': 8, 'training_p': 2}. Best is trial 36 with value: 0.10139856487512589.
Time for this trial:  134.4716567993164
Memory status after this trial: 
Memory allocated:  115.77587890625
Memory cached:  380.0
--------------------  Trial  51   --------------------
Start timing: 
Parameters: 
{'W_layers': 2, 'W_layer_units_exponent_0': 6, 'W_layer_units_exponent_1': 4, 'D_layers': 3, 'D_layer_units_exponent_0': 5, 'D_layer_units_exponent_1': 8, 'D_layer_units_exponent_2': 8, 'D_dagger_layers': 5, 'D_dagger_layer_units_exponent_0': 8, 'D_dagger_layer_units_exponent_1': 5, 'D_dagger_layer_units_exponent_2': 4, 'D_dagger_layer_units_exponent_3': 6, 'D_dagger_layer_units_exponent_4': 8, 'log_learning_rate': -4.166778116737372, 'log_learning_rate_D': -3.9283438517658755, 'log_learning_rate_D_dagger': -3.1317880606637005, 'training_batch_size': 8, 'training_p': 3}
	 epoch  0 training error:  tensor(1.0452, device='cuda:0', grad_fn=<DivBackward0>)
Memory status after this epoch: 
Memory allocated:  86.26904296875
Memory cached:  380.0
	 epoch  10 training error:  tensor(0.8613, device='cuda:0', grad_fn=<DivBackward0>)
Memory status after this epoch: 
Memory allocated:  86.26904296875
Memory cached:  380.0
	 epoch  20 training error:  tensor(0.7333, device='cuda:0', grad_fn=<DivBackward0>)
Memory status after this epoch: 
Memory allocated:  86.26904296875
Memory cached:  380.0
	 epoch  30 training error:  tensor(0.6481, device='cuda:0', grad_fn=<DivBackward0>)
Memory status after this epoch: 
Memory allocated:  86.26904296875
Memory cached:  380.0
	 epoch  40 training error:  tensor(0.5847, device='cuda:0', grad_fn=<DivBackward0>)
Memory status after this epoch: 
Memory allocated:  86.26904296875
Memory cached:  380.0
	 epoch  50 training error:  tensor(0.4571, device='cuda:0', grad_fn=<DivBackward0>)
Memory status after this epoch: 
Memory allocated:  86.26904296875
Memory cached:  380.0
	 epoch  60 training error:  tensor(0.4187, device='cuda:0', grad_fn=<DivBackward0>)
Memory status after this epoch: 
Memory allocated:  86.26904296875
Memory cached:  380.0
	 epoch  70 training error:  tensor(0.3393, device='cuda:0', grad_fn=<DivBackward0>)
Memory status after this epoch: 
Memory allocated:  86.26904296875
Memory cached:  380.0
	 epoch  80 training error:  tensor(0.3356, device='cuda:0', grad_fn=<DivBackward0>)
Memory status after this epoch: 
Memory allocated:  86.26904296875
Memory cached:  380.0
	 epoch  90 training error:  tensor(0.3129, device='cuda:0', grad_fn=<DivBackward0>)
Memory status after this epoch: 
Memory allocated:  86.26904296875
Memory cached:  380.0
