[I 2024-02-18 10:21:24,758] Trial 93 finished with value: 0.08342396467924118 and parameters: {'W_layers': 6, 'W_layer_units_exponent_0': 4, 'W_layer_units_exponent_1': 7, 'W_layer_units_exponent_2': 4, 'W_layer_units_exponent_3': 9, 'W_layer_units_exponent_4': 6, 'W_layer_units_exponent_5': 6, 'D_layers': 5, 'D_layer_units_exponent_0': 10, 'D_layer_units_exponent_1': 9, 'D_layer_units_exponent_2': 5, 'D_layer_units_exponent_3': 6, 'D_layer_units_exponent_4': 9, 'D_dagger_layers': 4, 'D_dagger_layer_units_exponent_0': 6, 'D_dagger_layer_units_exponent_1': 6, 'D_dagger_layer_units_exponent_2': 4, 'D_dagger_layer_units_exponent_3': 9, 'log_learning_rate': -2.636448687781461, 'log_learning_rate_D': -2.532870075770507, 'log_learning_rate_D_dagger': -3.1763229569019367, 'training_batch_size': 6, 'training_p': 2}. Best is trial 53 with value: 0.08303368091583252.
Time for this trial:  27.023651123046875
Memory status after this trial: 
Memory allocated:  665.05712890625
Memory cached:  688.0
--------------------  Trial  94   --------------------
Start timing: 
Parameters: 
{'W_layers': 6, 'W_layer_units_exponent_0': 4, 'W_layer_units_exponent_1': 7, 'W_layer_units_exponent_2': 4, 'W_layer_units_exponent_3': 9, 'W_layer_units_exponent_4': 7, 'W_layer_units_exponent_5': 6, 'D_layers': 6, 'D_layer_units_exponent_0': 10, 'D_layer_units_exponent_1': 10, 'D_layer_units_exponent_2': 7, 'D_layer_units_exponent_3': 6, 'D_layer_units_exponent_4': 10, 'D_layer_units_exponent_5': 7, 'D_dagger_layers': 3, 'D_dagger_layer_units_exponent_0': 7, 'D_dagger_layer_units_exponent_1': 4, 'D_dagger_layer_units_exponent_2': 4, 'log_learning_rate': -2.6216839603288595, 'log_learning_rate_D': -2.8698683941261716, 'log_learning_rate_D_dagger': -2.3101945752277446, 'training_batch_size': 6, 'training_p': 2}
	 epoch  0 training error:  tensor(0.7436, device='cuda:0', grad_fn=<DivBackward0>)
Memory status after this epoch: 
Memory allocated:  370.05126953125
Memory cached:  504.0
	 epoch  10 training error:  tensor(0.0844, device='cuda:0', grad_fn=<DivBackward0>)
Memory status after this epoch: 
Memory allocated:  370.05126953125
Memory cached:  504.0
	 epoch  20 training error:  tensor(0.0855, device='cuda:0', grad_fn=<DivBackward0>)
Memory status after this epoch: 
Memory allocated:  370.05126953125
Memory cached:  504.0
	 epoch  30 training error:  tensor(0.0865, device='cuda:0', grad_fn=<DivBackward0>)
Memory status after this epoch: 
Memory allocated:  370.05126953125
Memory cached:  504.0
	 epoch  40 training error:  tensor(0.0842, device='cuda:0', grad_fn=<DivBackward0>)
Memory status after this epoch: 
Memory allocated:  370.05126953125
Memory cached:  504.0
	 epoch  50 training error:  tensor(0.0847, device='cuda:0', grad_fn=<DivBackward0>)
Memory status after this epoch: 
Memory allocated:  370.05126953125
Memory cached:  504.0
	 epoch  60 training error:  tensor(0.0841, device='cuda:0', grad_fn=<DivBackward0>)
Memory status after this epoch: 
Memory allocated:  370.05126953125
Memory cached:  504.0
	 epoch  70 training error:  tensor(0.0853, device='cuda:0', grad_fn=<DivBackward0>)
Memory status after this epoch: 
Memory allocated:  370.05126953125
Memory cached:  504.0
	 epoch  80 training error:  tensor(0.0828, device='cuda:0', grad_fn=<DivBackward0>)
Memory status after this epoch: 
Memory allocated:  370.05126953125
Memory cached:  504.0
	 epoch  90 training error:  tensor(0.0834, device='cuda:0', grad_fn=<DivBackward0>)
Memory status after this epoch: 
Memory allocated:  370.05126953125
Memory cached:  504.0
[I 2024-02-18 10:21:51,203] Trial 94 finished with value: 0.08485057204961777 and parameters: {'W_layers': 6, 'W_layer_units_exponent_0': 4, 'W_layer_units_exponent_1': 7, 'W_layer_units_exponent_2': 4, 'W_layer_units_exponent_3': 9, 'W_layer_units_exponent_4': 7, 'W_layer_units_exponent_5': 6, 'D_layers': 6, 'D_layer_units_exponent_0': 10, 'D_layer_units_exponent_1': 10, 'D_layer_units_exponent_2': 7, 'D_layer_units_exponent_3': 6, 'D_layer_units_exponent_4': 10, 'D_layer_units_exponent_5': 7, 'D_dagger_layers': 3, 'D_dagger_layer_units_exponent_0': 7, 'D_dagger_layer_units_exponent_1': 4, 'D_dagger_layer_units_exponent_2': 4, 'log_learning_rate': -2.6216839603288595, 'log_learning_rate_D': -2.8698683941261716, 'log_learning_rate_D_dagger': -2.3101945752277446, 'training_batch_size': 6, 'training_p': 2}. Best is trial 53 with value: 0.08303368091583252.
Time for this trial:  26.03168272972107
Memory status after this trial: 
Memory allocated:  585.66162109375
Memory cached:  608.0
--------------------  Trial  95   --------------------
Start timing: 
Parameters: 
{'W_layers': 6, 'W_layer_units_exponent_0': 8, 'W_layer_units_exponent_1': 8, 'W_layer_units_exponent_2': 4, 'W_layer_units_exponent_3': 10, 'W_layer_units_exponent_4': 6, 'W_layer_units_exponent_5': 4, 'D_layers': 4, 'D_layer_units_exponent_0': 10, 'D_layer_units_exponent_1': 10, 'D_layer_units_exponent_2': 6, 'D_layer_units_exponent_3': 7, 'D_dagger_layers': 5, 'D_dagger_layer_units_exponent_0': 4, 'D_dagger_layer_units_exponent_1': 6, 'D_dagger_layer_units_exponent_2': 4, 'D_dagger_layer_units_exponent_3': 8, 'D_dagger_layer_units_exponent_4': 4, 'log_learning_rate': -2.487531051203341, 'log_learning_rate_D': -2.541383012510844, 'log_learning_rate_D_dagger': -3.1160886876961396, 'training_batch_size': 6, 'training_p': 2}
	 epoch  0 training error:  tensor(1.6621, device='cuda:0', grad_fn=<DivBackward0>)
Memory status after this epoch: 
Memory allocated:  370.203125
Memory cached:  504.0
	 epoch  10 training error:  tensor(0.1412, device='cuda:0', grad_fn=<DivBackward0>)
Memory status after this epoch: 
Memory allocated:  370.203125
Memory cached:  504.0
	 epoch  20 training error:  tensor(0.0857, device='cuda:0', grad_fn=<DivBackward0>)
Memory status after this epoch: 
Memory allocated:  370.203125
Memory cached:  504.0
	 epoch  30 training error:  tensor(0.0826, device='cuda:0', grad_fn=<DivBackward0>)
Memory status after this epoch: 
Memory allocated:  370.203125
Memory cached:  504.0
	 epoch  40 training error:  tensor(0.0830, device='cuda:0', grad_fn=<DivBackward0>)
Memory status after this epoch: 
Memory allocated:  370.203125
Memory cached:  504.0
	 epoch  50 training error:  tensor(0.0824, device='cuda:0', grad_fn=<DivBackward0>)
Memory status after this epoch: 
Memory allocated:  370.203125
Memory cached:  504.0
	 epoch  60 training error:  tensor(0.0839, device='cuda:0', grad_fn=<DivBackward0>)
Memory status after this epoch: 
Memory allocated:  370.203125
Memory cached:  504.0
	 epoch  70 training error:  tensor(0.0825, device='cuda:0', grad_fn=<DivBackward0>)
Memory status after this epoch: 
Memory allocated:  370.203125
Memory cached:  504.0
	 epoch  80 training error:  tensor(0.0819, device='cuda:0', grad_fn=<DivBackward0>)
Memory status after this epoch: 
Memory allocated:  370.203125
Memory cached:  504.0
	 epoch  90 training error:  tensor(0.0828, device='cuda:0', grad_fn=<DivBackward0>)
Memory status after this epoch: 
Memory allocated:  370.203125
Memory cached:  504.0
[I 2024-02-18 10:22:20,125] Trial 95 finished with value: 0.08555776625871658 and parameters: {'W_layers': 6, 'W_layer_units_exponent_0': 8, 'W_layer_units_exponent_1': 8, 'W_layer_units_exponent_2': 4, 'W_layer_units_exponent_3': 10, 'W_layer_units_exponent_4': 6, 'W_layer_units_exponent_5': 4, 'D_layers': 4, 'D_layer_units_exponent_0': 10, 'D_layer_units_exponent_1': 10, 'D_layer_units_exponent_2': 6, 'D_layer_units_exponent_3': 7, 'D_dagger_layers': 5, 'D_dagger_layer_units_exponent_0': 4, 'D_dagger_layer_units_exponent_1': 6, 'D_dagger_layer_units_exponent_2': 4, 'D_dagger_layer_units_exponent_3': 8, 'D_dagger_layer_units_exponent_4': 4, 'log_learning_rate': -2.487531051203341, 'log_learning_rate_D': -2.541383012510844, 'log_learning_rate_D_dagger': -3.1160886876961396, 'training_batch_size': 6, 'training_p': 2}. Best is trial 53 with value: 0.08303368091583252.
Time for this trial:  28.551461696624756
Memory status after this trial: 
Memory allocated:  801.35693359375
Memory cached:  824.0
--------------------  Trial  96   --------------------
Start timing: 
Parameters: 
{'W_layers': 7, 'W_layer_units_exponent_0': 4, 'W_layer_units_exponent_1': 10, 'W_layer_units_exponent_2': 4, 'W_layer_units_exponent_3': 8, 'W_layer_units_exponent_4': 6, 'W_layer_units_exponent_5': 5, 'W_layer_units_exponent_6': 6, 'D_layers': 6, 'D_layer_units_exponent_0': 5, 'D_layer_units_exponent_1': 9, 'D_layer_units_exponent_2': 5, 'D_layer_units_exponent_3': 6, 'D_layer_units_exponent_4': 10, 'D_layer_units_exponent_5': 10, 'D_dagger_layers': 4, 'D_dagger_layer_units_exponent_0': 5, 'D_dagger_layer_units_exponent_1': 4, 'D_dagger_layer_units_exponent_2': 4, 'D_dagger_layer_units_exponent_3': 8, 'log_learning_rate': -2.378605227086048, 'log_learning_rate_D': -2.703889964856411, 'log_learning_rate_D_dagger': -2.5273075535120766, 'training_batch_size': 7, 'training_p': 2}
	 epoch  0 training error:  tensor(0.9627, device='cuda:0', grad_fn=<DivBackward0>)
Memory status after this epoch: 
Memory allocated:  368.7734375
Memory cached:  504.0
	 epoch  10 training error:  tensor(0.1209, device='cuda:0', grad_fn=<DivBackward0>)
Memory status after this epoch: 
Memory allocated:  368.7734375
Memory cached:  506.0
	 epoch  20 training error:  tensor(0.0893, device='cuda:0', grad_fn=<DivBackward0>)
Memory status after this epoch: 
Memory allocated:  368.7734375
Memory cached:  506.0
	 epoch  30 training error:  tensor(0.0876, device='cuda:0', grad_fn=<DivBackward0>)
Memory status after this epoch: 
Memory allocated:  368.7734375
Memory cached:  504.0
	 epoch  40 training error:  tensor(0.0925, device='cuda:0', grad_fn=<DivBackward0>)
Memory status after this epoch: 
Memory allocated:  368.7734375
Memory cached:  504.0
	 epoch  50 training error:  tensor(0.0879, device='cuda:0', grad_fn=<DivBackward0>)
Memory status after this epoch: 
Memory allocated:  368.7734375
Memory cached:  504.0
	 epoch  60 training error:  tensor(0.0866, device='cuda:0', grad_fn=<DivBackward0>)
Memory status after this epoch: 
Memory allocated:  368.7734375
Memory cached:  504.0
	 epoch  70 training error:  tensor(0.0881, device='cuda:0', grad_fn=<DivBackward0>)
Memory status after this epoch: 
Memory allocated:  368.7734375
Memory cached:  504.0
	 epoch  80 training error:  tensor(0.0934, device='cuda:0', grad_fn=<DivBackward0>)
Memory status after this epoch: 
Memory allocated:  368.7734375
Memory cached:  506.0
	 epoch  90 training error:  tensor(0.0852, device='cuda:0', grad_fn=<DivBackward0>)
Memory status after this epoch: 
Memory allocated:  368.7734375
Memory cached:  506.0
[I 2024-02-18 10:22:46,507] Trial 96 finished with value: 0.08583186566829681 and parameters: {'W_layers': 7, 'W_layer_units_exponent_0': 4, 'W_layer_units_exponent_1': 10, 'W_layer_units_exponent_2': 4, 'W_layer_units_exponent_3': 8, 'W_layer_units_exponent_4': 6, 'W_layer_units_exponent_5': 5, 'W_layer_units_exponent_6': 6, 'D_layers': 6, 'D_layer_units_exponent_0': 5, 'D_layer_units_exponent_1': 9, 'D_layer_units_exponent_2': 5, 'D_layer_units_exponent_3': 6, 'D_layer_units_exponent_4': 10, 'D_layer_units_exponent_5': 10, 'D_dagger_layers': 4, 'D_dagger_layer_units_exponent_0': 5, 'D_dagger_layer_units_exponent_1': 4, 'D_dagger_layer_units_exponent_2': 4, 'D_dagger_layer_units_exponent_3': 8, 'log_learning_rate': -2.378605227086048, 'log_learning_rate_D': -2.703889964856411, 'log_learning_rate_D_dagger': -2.5273075535120766, 'training_batch_size': 7, 'training_p': 2}. Best is trial 53 with value: 0.08303368091583252.
Time for this trial:  26.000758409500122
Memory status after this trial: 
Memory allocated:  746.42822265625
Memory cached:  778.0
--------------------  Trial  97   --------------------
Start timing: 
Parameters: 
{'W_layers': 6, 'W_layer_units_exponent_0': 5, 'W_layer_units_exponent_1': 7, 'W_layer_units_exponent_2': 6, 'W_layer_units_exponent_3': 9, 'W_layer_units_exponent_4': 7, 'W_layer_units_exponent_5': 6, 'D_layers': 5, 'D_layer_units_exponent_0': 10, 'D_layer_units_exponent_1': 10, 'D_layer_units_exponent_2': 10, 'D_layer_units_exponent_3': 9, 'D_layer_units_exponent_4': 5, 'D_dagger_layers': 5, 'D_dagger_layer_units_exponent_0': 7, 'D_dagger_layer_units_exponent_1': 6, 'D_dagger_layer_units_exponent_2': 4, 'D_dagger_layer_units_exponent_3': 7, 'D_dagger_layer_units_exponent_4': 6, 'log_learning_rate': -1.8129673865481388, 'log_learning_rate_D': -2.4557747169421447, 'log_learning_rate_D_dagger': -2.709042517815543, 'training_batch_size': 6, 'training_p': 2}
	 epoch  0 training error:  tensor(3.1767, device='cuda:0', grad_fn=<DivBackward0>)
Memory status after this epoch: 
Memory allocated:  375.92724609375
Memory cached:  504.0
	 epoch  10 training error:  tensor(0.0935, device='cuda:0', grad_fn=<DivBackward0>)
Memory status after this epoch: 
Memory allocated:  375.92724609375
Memory cached:  504.0
	 epoch  20 training error:  tensor(0.0836, device='cuda:0', grad_fn=<DivBackward0>)
Memory status after this epoch: 
Memory allocated:  375.92724609375
Memory cached:  504.0
	 epoch  30 training error:  tensor(0.0837, device='cuda:0', grad_fn=<DivBackward0>)
Memory status after this epoch: 
Memory allocated:  375.92724609375
Memory cached:  504.0
	 epoch  40 training error:  tensor(0.0841, device='cuda:0', grad_fn=<DivBackward0>)
Memory status after this epoch: 
Memory allocated:  375.92724609375
Memory cached:  504.0
	 epoch  50 training error:  tensor(0.0843, device='cuda:0', grad_fn=<DivBackward0>)
Memory status after this epoch: 
Memory allocated:  375.92724609375
Memory cached:  504.0
	 epoch  60 training error:  tensor(0.0850, device='cuda:0', grad_fn=<DivBackward0>)
Memory status after this epoch: 
Memory allocated:  375.92724609375
Memory cached:  504.0
	 epoch  70 training error:  tensor(0.0855, device='cuda:0', grad_fn=<DivBackward0>)
Memory status after this epoch: 
Memory allocated:  375.92724609375
Memory cached:  504.0
	 epoch  80 training error:  tensor(0.0840, device='cuda:0', grad_fn=<DivBackward0>)
Memory status after this epoch: 
Memory allocated:  375.92724609375
Memory cached:  504.0
	 epoch  90 training error:  tensor(0.0828, device='cuda:0', grad_fn=<DivBackward0>)
Memory status after this epoch: 
Memory allocated:  375.92724609375
Memory cached:  504.0
[I 2024-02-18 10:23:14,799] Trial 97 finished with value: 0.08525694161653519 and parameters: {'W_layers': 6, 'W_layer_units_exponent_0': 5, 'W_layer_units_exponent_1': 7, 'W_layer_units_exponent_2': 6, 'W_layer_units_exponent_3': 9, 'W_layer_units_exponent_4': 7, 'W_layer_units_exponent_5': 6, 'D_layers': 5, 'D_layer_units_exponent_0': 10, 'D_layer_units_exponent_1': 10, 'D_layer_units_exponent_2': 10, 'D_layer_units_exponent_3': 9, 'D_layer_units_exponent_4': 5, 'D_dagger_layers': 5, 'D_dagger_layer_units_exponent_0': 7, 'D_dagger_layer_units_exponent_1': 6, 'D_dagger_layer_units_exponent_2': 4, 'D_dagger_layer_units_exponent_3': 7, 'D_dagger_layer_units_exponent_4': 6, 'log_learning_rate': -1.8129673865481388, 'log_learning_rate_D': -2.4557747169421447, 'log_learning_rate_D_dagger': -2.709042517815543, 'training_batch_size': 6, 'training_p': 2}. Best is trial 53 with value: 0.08303368091583252.
Time for this trial:  27.81594729423523
Memory status after this trial: 
Memory allocated:  650.83349609375
Memory cached:  696.0
--------------------  Trial  98   --------------------
Start timing: 
Parameters: 
{'W_layers': 8, 'W_layer_units_exponent_0': 7, 'W_layer_units_exponent_1': 10, 'W_layer_units_exponent_2': 7, 'W_layer_units_exponent_3': 8, 'W_layer_units_exponent_4': 4, 'W_layer_units_exponent_5': 8, 'W_layer_units_exponent_6': 4, 'W_layer_units_exponent_7': 5, 'D_layers': 6, 'D_layer_units_exponent_0': 10, 'D_layer_units_exponent_1': 8, 'D_layer_units_exponent_2': 5, 'D_layer_units_exponent_3': 5, 'D_layer_units_exponent_4': 9, 'D_layer_units_exponent_5': 6, 'D_dagger_layers': 3, 'D_dagger_layer_units_exponent_0': 4, 'D_dagger_layer_units_exponent_1': 4, 'D_dagger_layer_units_exponent_2': 4, 'log_learning_rate': -2.307525632400277, 'log_learning_rate_D': -2.099508237980032, 'log_learning_rate_D_dagger': -3.1425155142775623, 'training_batch_size': 6, 'training_p': 2}
	 epoch  0 training error:  tensor(1.1860, device='cuda:0', grad_fn=<DivBackward0>)
Memory status after this epoch: 
Memory allocated:  369.35888671875
Memory cached:  510.0
	 epoch  10 training error:  tensor(0.3712, device='cuda:0', grad_fn=<DivBackward0>)
Memory status after this epoch: 
Memory allocated:  369.35888671875
Memory cached:  506.0
	 epoch  20 training error:  tensor(0.1511, device='cuda:0', grad_fn=<DivBackward0>)
Memory status after this epoch: 
Memory allocated:  369.35888671875
Memory cached:  508.0
	 epoch  30 training error:  tensor(0.1237, device='cuda:0', grad_fn=<DivBackward0>)
Memory status after this epoch: 
Memory allocated:  369.35888671875
Memory cached:  508.0
	 epoch  40 training error:  tensor(0.1052, device='cuda:0', grad_fn=<DivBackward0>)
Memory status after this epoch: 
Memory allocated:  369.35888671875
Memory cached:  506.0
	 epoch  50 training error:  tensor(0.0941, device='cuda:0', grad_fn=<DivBackward0>)
Memory status after this epoch: 
Memory allocated:  369.35888671875
Memory cached:  508.0
	 epoch  60 training error:  tensor(0.0928, device='cuda:0', grad_fn=<DivBackward0>)
Memory status after this epoch: 
Memory allocated:  369.35888671875
Memory cached:  506.0
	 epoch  70 training error:  tensor(0.0862, device='cuda:0', grad_fn=<DivBackward0>)
Memory status after this epoch: 
Memory allocated:  369.35888671875
Memory cached:  508.0
	 epoch  80 training error:  tensor(0.0847, device='cuda:0', grad_fn=<DivBackward0>)
Memory status after this epoch: 
Memory allocated:  369.35888671875
Memory cached:  506.0
	 epoch  90 training error:  tensor(0.0838, device='cuda:0', grad_fn=<DivBackward0>)
Memory status after this epoch: 
Memory allocated:  369.35888671875
Memory cached:  508.0
[I 2024-02-18 10:23:43,755] Trial 98 finished with value: 0.08393137902021408 and parameters: {'W_layers': 8, 'W_layer_units_exponent_0': 7, 'W_layer_units_exponent_1': 10, 'W_layer_units_exponent_2': 7, 'W_layer_units_exponent_3': 8, 'W_layer_units_exponent_4': 4, 'W_layer_units_exponent_5': 8, 'W_layer_units_exponent_6': 4, 'W_layer_units_exponent_7': 5, 'D_layers': 6, 'D_layer_units_exponent_0': 10, 'D_layer_units_exponent_1': 8, 'D_layer_units_exponent_2': 5, 'D_layer_units_exponent_3': 5, 'D_layer_units_exponent_4': 9, 'D_layer_units_exponent_5': 6, 'D_dagger_layers': 3, 'D_dagger_layer_units_exponent_0': 4, 'D_dagger_layer_units_exponent_1': 4, 'D_dagger_layer_units_exponent_2': 4, 'log_learning_rate': -2.307525632400277, 'log_learning_rate_D': -2.099508237980032, 'log_learning_rate_D_dagger': -3.1425155142775623, 'training_batch_size': 6, 'training_p': 2}. Best is trial 53 with value: 0.08303368091583252.
Time for this trial:  28.53994345664978
Memory status after this trial: 
Memory allocated:  780.53076171875
Memory cached:  796.0
--------------------  Trial  99   --------------------
Start timing: 
Parameters: 
{'W_layers': 7, 'W_layer_units_exponent_0': 4, 'W_layer_units_exponent_1': 9, 'W_layer_units_exponent_2': 6, 'W_layer_units_exponent_3': 10, 'W_layer_units_exponent_4': 5, 'W_layer_units_exponent_5': 9, 'W_layer_units_exponent_6': 5, 'D_layers': 5, 'D_layer_units_exponent_0': 9, 'D_layer_units_exponent_1': 10, 'D_layer_units_exponent_2': 8, 'D_layer_units_exponent_3': 6, 'D_layer_units_exponent_4': 7, 'D_dagger_layers': 5, 'D_dagger_layer_units_exponent_0': 4, 'D_dagger_layer_units_exponent_1': 4, 'D_dagger_layer_units_exponent_2': 4, 'D_dagger_layer_units_exponent_3': 9, 'D_dagger_layer_units_exponent_4': 7, 'log_learning_rate': -2.948419515410883, 'log_learning_rate_D': -2.5593763319613467, 'log_learning_rate_D_dagger': -2.336232529355896, 'training_batch_size': 9, 'training_p': 2}
	 epoch  0 training error:  tensor(1.0094, device='cuda:0', grad_fn=<DivBackward0>)
Memory status after this epoch: 
Memory allocated:  370.9130859375
Memory cached:  504.0
	 epoch  10 training error:  tensor(0.1773, device='cuda:0', grad_fn=<DivBackward0>)
Memory status after this epoch: 
Memory allocated:  370.9130859375
Memory cached:  504.0
	 epoch  20 training error:  tensor(0.1073, device='cuda:0', grad_fn=<DivBackward0>)
Memory status after this epoch: 
Memory allocated:  370.9130859375
Memory cached:  504.0
	 epoch  30 training error:  tensor(0.0953, device='cuda:0', grad_fn=<DivBackward0>)
Memory status after this epoch: 
Memory allocated:  370.9130859375
Memory cached:  504.0
	 epoch  40 training error:  tensor(0.0865, device='cuda:0', grad_fn=<DivBackward0>)
Memory status after this epoch: 
Memory allocated:  370.9130859375
Memory cached:  504.0
	 epoch  50 training error:  tensor(0.0849, device='cuda:0', grad_fn=<DivBackward0>)
Memory status after this epoch: 
Memory allocated:  370.9130859375
Memory cached:  504.0
	 epoch  60 training error:  tensor(0.0840, device='cuda:0', grad_fn=<DivBackward0>)
Memory status after this epoch: 
Memory allocated:  370.9130859375
Memory cached:  504.0
	 epoch  70 training error:  tensor(0.0822, device='cuda:0', grad_fn=<DivBackward0>)
Memory status after this epoch: 
Memory allocated:  370.9130859375
Memory cached:  504.0
	 epoch  80 training error:  tensor(0.0837, device='cuda:0', grad_fn=<DivBackward0>)
Memory status after this epoch: 
Memory allocated:  370.9130859375
Memory cached:  504.0
	 epoch  90 training error:  tensor(0.0868, device='cuda:0', grad_fn=<DivBackward0>)
Memory status after this epoch: 
Memory allocated:  370.9130859375
Memory cached:  504.0
