[I 2024-01-01 22:16:19,668] Trial 345 finished with value: 0.3277488946914673 and parameters: {'W_layers': 5, 'W_layer_units_exponent_0': 7, 'W_layer_units_exponent_1': 9, 'W_layer_units_exponent_2': 6, 'W_layer_units_exponent_3': 5, 'W_layer_units_exponent_4': 5, 'D_layers': 3, 'D_layer_units_exponent_0': 10, 'D_layer_units_exponent_1': 9, 'D_layer_units_exponent_2': 8, 'D_dagger_layers': 4, 'D_dagger_layer_units_exponent_0': 6, 'D_dagger_layer_units_exponent_1': 6, 'D_dagger_layer_units_exponent_2': 5, 'D_dagger_layer_units_exponent_3': 7, 'log_learning_rate': -1.9254998998785084, 'log_learning_rate_D': -3.6550896933596575, 'log_learning_rate_D_dagger': -3.2138590337927706, 'training_batch_size': 6, 'training_p': 5}. Best is trial 220 with value: 0.11745021492242813.
Time for this trial:  301.42102241516113
Memory status after this trial: 
Memory allocated:  356.4599609375
Memory cached:  418.0
--------------------  Trial  346   --------------------
Start timing: 
Parameters: 
{'W_layers': 5, 'W_layer_units_exponent_0': 7, 'W_layer_units_exponent_1': 9, 'W_layer_units_exponent_2': 6, 'W_layer_units_exponent_3': 9, 'W_layer_units_exponent_4': 6, 'D_layers': 5, 'D_layer_units_exponent_0': 10, 'D_layer_units_exponent_1': 9, 'D_layer_units_exponent_2': 6, 'D_layer_units_exponent_3': 8, 'D_layer_units_exponent_4': 5, 'D_dagger_layers': 4, 'D_dagger_layer_units_exponent_0': 9, 'D_dagger_layer_units_exponent_1': 4, 'D_dagger_layer_units_exponent_2': 5, 'D_dagger_layer_units_exponent_3': 8, 'log_learning_rate': -1.8318901790245956, 'log_learning_rate_D': -1.895588516002067, 'log_learning_rate_D_dagger': -3.339029570333365, 'training_batch_size': 6, 'training_p': 5}
	 epoch  0 training error:  tensor(2.1855, device='cuda:0', grad_fn=<DivBackward0>)
Memory status after this epoch: 
Memory allocated:  214.00634765625
Memory cached:  408.0
	 epoch  10 training error:  tensor(0.5888, device='cuda:0', grad_fn=<DivBackward0>)
Memory status after this epoch: 
Memory allocated:  214.00634765625
Memory cached:  414.0
	 epoch  20 training error:  tensor(0.6026, device='cuda:0', grad_fn=<DivBackward0>)
Memory status after this epoch: 
Memory allocated:  214.00634765625
Memory cached:  402.0
	 epoch  30 training error:  tensor(0.5451, device='cuda:0', grad_fn=<DivBackward0>)
Memory status after this epoch: 
Memory allocated:  214.00634765625
Memory cached:  402.0
	 epoch  40 training error:  tensor(0.5384, device='cuda:0', grad_fn=<DivBackward0>)
Memory status after this epoch: 
Memory allocated:  214.00634765625
Memory cached:  400.0
	 epoch  50 training error:  tensor(0.5589, device='cuda:0', grad_fn=<DivBackward0>)
Memory status after this epoch: 
Memory allocated:  214.00634765625
Memory cached:  400.0
	 epoch  60 training error:  tensor(0.5460, device='cuda:0', grad_fn=<DivBackward0>)
Memory status after this epoch: 
Memory allocated:  214.00634765625
Memory cached:  400.0
	 epoch  70 training error:  tensor(0.5502, device='cuda:0', grad_fn=<DivBackward0>)
Memory status after this epoch: 
Memory allocated:  214.00634765625
Memory cached:  402.0
	 epoch  80 training error:  tensor(0.5435, device='cuda:0', grad_fn=<DivBackward0>)
Memory status after this epoch: 
Memory allocated:  214.00634765625
Memory cached:  404.0
	 epoch  90 training error:  tensor(0.5471, device='cuda:0', grad_fn=<DivBackward0>)
Memory status after this epoch: 
Memory allocated:  214.00634765625
Memory cached:  400.0
[I 2024-01-01 22:22:02,140] Trial 346 finished with value: 0.5104319453239441 and parameters: {'W_layers': 5, 'W_layer_units_exponent_0': 7, 'W_layer_units_exponent_1': 9, 'W_layer_units_exponent_2': 6, 'W_layer_units_exponent_3': 9, 'W_layer_units_exponent_4': 6, 'D_layers': 5, 'D_layer_units_exponent_0': 10, 'D_layer_units_exponent_1': 9, 'D_layer_units_exponent_2': 6, 'D_layer_units_exponent_3': 8, 'D_layer_units_exponent_4': 5, 'D_dagger_layers': 4, 'D_dagger_layer_units_exponent_0': 9, 'D_dagger_layer_units_exponent_1': 4, 'D_dagger_layer_units_exponent_2': 5, 'D_dagger_layer_units_exponent_3': 8, 'log_learning_rate': -1.8318901790245956, 'log_learning_rate_D': -1.895588516002067, 'log_learning_rate_D_dagger': -3.339029570333365, 'training_batch_size': 6, 'training_p': 5}. Best is trial 220 with value: 0.11745021492242813.
Time for this trial:  341.89791655540466
Memory status after this trial: 
Memory allocated:  417.7001953125
Memory cached:  436.0
--------------------  Trial  347   --------------------
Start timing: 
Parameters: 
{'W_layers': 5, 'W_layer_units_exponent_0': 7, 'W_layer_units_exponent_1': 7, 'W_layer_units_exponent_2': 5, 'W_layer_units_exponent_3': 4, 'W_layer_units_exponent_4': 9, 'D_layers': 5, 'D_layer_units_exponent_0': 10, 'D_layer_units_exponent_1': 9, 'D_layer_units_exponent_2': 10, 'D_layer_units_exponent_3': 9, 'D_layer_units_exponent_4': 5, 'D_dagger_layers': 4, 'D_dagger_layer_units_exponent_0': 8, 'D_dagger_layer_units_exponent_1': 4, 'D_dagger_layer_units_exponent_2': 5, 'D_dagger_layer_units_exponent_3': 9, 'log_learning_rate': -2.868491998058228, 'log_learning_rate_D': -3.926695092985333, 'log_learning_rate_D_dagger': -2.9984995119911644, 'training_batch_size': 6, 'training_p': 5}
	 epoch  0 training error:  tensor(0.9948, device='cuda:0', grad_fn=<DivBackward0>)
Memory status after this epoch: 
Memory allocated:  227.40283203125
Memory cached:  436.0
	 epoch  10 training error:  tensor(0.4836, device='cuda:0', grad_fn=<DivBackward0>)
Memory status after this epoch: 
Memory allocated:  227.40283203125
Memory cached:  440.0
	 epoch  20 training error:  tensor(0.4788, device='cuda:0', grad_fn=<DivBackward0>)
Memory status after this epoch: 
Memory allocated:  227.40283203125
Memory cached:  448.0
	 epoch  30 training error:  tensor(0.4823, device='cuda:0', grad_fn=<DivBackward0>)
Memory status after this epoch: 
Memory allocated:  227.40283203125
Memory cached:  448.0
	 epoch  40 training error:  tensor(0.4812, device='cuda:0', grad_fn=<DivBackward0>)
Memory status after this epoch: 
Memory allocated:  227.40283203125
Memory cached:  440.0
	 epoch  50 training error:  tensor(0.4724, device='cuda:0', grad_fn=<DivBackward0>)
Memory status after this epoch: 
Memory allocated:  227.40283203125
Memory cached:  450.0
	 epoch  60 training error:  tensor(0.4753, device='cuda:0', grad_fn=<DivBackward0>)
Memory status after this epoch: 
Memory allocated:  227.40283203125
Memory cached:  448.0
	 epoch  70 training error:  tensor(0.4868, device='cuda:0', grad_fn=<DivBackward0>)
Memory status after this epoch: 
Memory allocated:  227.40283203125
Memory cached:  444.0
	 epoch  80 training error:  tensor(0.4621, device='cuda:0', grad_fn=<DivBackward0>)
Memory status after this epoch: 
Memory allocated:  227.40283203125
Memory cached:  438.0
	 epoch  90 training error:  tensor(0.5109, device='cuda:0', grad_fn=<DivBackward0>)
Memory status after this epoch: 
Memory allocated:  227.40283203125
Memory cached:  444.0
[I 2024-01-01 22:27:46,475] Trial 347 finished with value: 0.267272412776947 and parameters: {'W_layers': 5, 'W_layer_units_exponent_0': 7, 'W_layer_units_exponent_1': 7, 'W_layer_units_exponent_2': 5, 'W_layer_units_exponent_3': 4, 'W_layer_units_exponent_4': 9, 'D_layers': 5, 'D_layer_units_exponent_0': 10, 'D_layer_units_exponent_1': 9, 'D_layer_units_exponent_2': 10, 'D_layer_units_exponent_3': 9, 'D_layer_units_exponent_4': 5, 'D_dagger_layers': 4, 'D_dagger_layer_units_exponent_0': 8, 'D_dagger_layer_units_exponent_1': 4, 'D_dagger_layer_units_exponent_2': 5, 'D_dagger_layer_units_exponent_3': 9, 'log_learning_rate': -2.868491998058228, 'log_learning_rate_D': -3.926695092985333, 'log_learning_rate_D_dagger': -2.9984995119911644, 'training_batch_size': 6, 'training_p': 5}. Best is trial 220 with value: 0.11745021492242813.
Time for this trial:  343.8265790939331
Memory status after this trial: 
Memory allocated:  458.7099609375
Memory cached:  468.0
--------------------  Trial  348   --------------------
Start timing: 
Parameters: 
{'W_layers': 5, 'W_layer_units_exponent_0': 7, 'W_layer_units_exponent_1': 9, 'W_layer_units_exponent_2': 6, 'W_layer_units_exponent_3': 8, 'W_layer_units_exponent_4': 7, 'D_layers': 5, 'D_layer_units_exponent_0': 10, 'D_layer_units_exponent_1': 9, 'D_layer_units_exponent_2': 7, 'D_layer_units_exponent_3': 8, 'D_layer_units_exponent_4': 5, 'D_dagger_layers': 4, 'D_dagger_layer_units_exponent_0': 9, 'D_dagger_layer_units_exponent_1': 5, 'D_dagger_layer_units_exponent_2': 4, 'D_dagger_layer_units_exponent_3': 6, 'log_learning_rate': -1.209381284190457, 'log_learning_rate_D': -4.081287185437659, 'log_learning_rate_D_dagger': -2.1139346015863456, 'training_batch_size': 6, 'training_p': 4}
	 epoch  0 training error:  tensor(13.6057, device='cuda:0', grad_fn=<DivBackward0>)
Memory status after this epoch: 
Memory allocated:  214.51416015625
Memory cached:  406.0
	 epoch  10 training error:  tensor(41.7820, device='cuda:0', grad_fn=<DivBackward0>)
Memory status after this epoch: 
Memory allocated:  214.51416015625
Memory cached:  430.0
	 epoch  20 training error:  tensor(0.5686, device='cuda:0', grad_fn=<DivBackward0>)
Memory status after this epoch: 
Memory allocated:  214.51416015625
Memory cached:  430.0
	 epoch  30 training error:  tensor(0.5442, device='cuda:0', grad_fn=<DivBackward0>)
Memory status after this epoch: 
Memory allocated:  214.51416015625
Memory cached:  422.0
	 epoch  40 training error:  tensor(0.4728, device='cuda:0', grad_fn=<DivBackward0>)
Memory status after this epoch: 
Memory allocated:  214.51416015625
Memory cached:  428.0
	 epoch  50 training error:  tensor(0.4454, device='cuda:0', grad_fn=<DivBackward0>)
Memory status after this epoch: 
Memory allocated:  214.51416015625
Memory cached:  426.0
	 epoch  60 training error:  tensor(0.4419, device='cuda:0', grad_fn=<DivBackward0>)
Memory status after this epoch: 
Memory allocated:  214.51416015625
Memory cached:  420.0
	 epoch  70 training error:  tensor(0.4392, device='cuda:0', grad_fn=<DivBackward0>)
Memory status after this epoch: 
Memory allocated:  214.51416015625
Memory cached:  426.0
	 epoch  80 training error:  tensor(0.4391, device='cuda:0', grad_fn=<DivBackward0>)
Memory status after this epoch: 
Memory allocated:  214.51416015625
Memory cached:  426.0
	 epoch  90 training error:  tensor(0.4362, device='cuda:0', grad_fn=<DivBackward0>)
Memory status after this epoch: 
Memory allocated:  214.51416015625
Memory cached:  420.0
[I 2024-01-01 22:33:23,565] Trial 348 finished with value: 0.3652828633785248 and parameters: {'W_layers': 5, 'W_layer_units_exponent_0': 7, 'W_layer_units_exponent_1': 9, 'W_layer_units_exponent_2': 6, 'W_layer_units_exponent_3': 8, 'W_layer_units_exponent_4': 7, 'D_layers': 5, 'D_layer_units_exponent_0': 10, 'D_layer_units_exponent_1': 9, 'D_layer_units_exponent_2': 7, 'D_layer_units_exponent_3': 8, 'D_layer_units_exponent_4': 5, 'D_dagger_layers': 4, 'D_dagger_layer_units_exponent_0': 9, 'D_dagger_layer_units_exponent_1': 5, 'D_dagger_layer_units_exponent_2': 4, 'D_dagger_layer_units_exponent_3': 6, 'log_learning_rate': -1.209381284190457, 'log_learning_rate_D': -4.081287185437659, 'log_learning_rate_D_dagger': -2.1139346015863456, 'training_batch_size': 6, 'training_p': 4}. Best is trial 220 with value: 0.11745021492242813.
Time for this trial:  336.5473167896271
Memory status after this trial: 
Memory allocated:  401.806640625
Memory cached:  422.0
--------------------  Trial  349   --------------------
Start timing: 
Parameters: 
{'W_layers': 5, 'W_layer_units_exponent_0': 7, 'W_layer_units_exponent_1': 6, 'W_layer_units_exponent_2': 6, 'W_layer_units_exponent_3': 7, 'W_layer_units_exponent_4': 5, 'D_layers': 5, 'D_layer_units_exponent_0': 10, 'D_layer_units_exponent_1': 9, 'D_layer_units_exponent_2': 9, 'D_layer_units_exponent_3': 8, 'D_layer_units_exponent_4': 5, 'D_dagger_layers': 4, 'D_dagger_layer_units_exponent_0': 9, 'D_dagger_layer_units_exponent_1': 4, 'D_dagger_layer_units_exponent_2': 5, 'D_dagger_layer_units_exponent_3': 7, 'log_learning_rate': -1.7303586921672, 'log_learning_rate_D': -4.561409749733041, 'log_learning_rate_D_dagger': -2.2694156187631993, 'training_batch_size': 9, 'training_p': 5}
	 epoch  0 training error:  tensor(1.0835, device='cuda:0', grad_fn=<DivBackward0>)
Memory status after this epoch: 
Memory allocated:  217.03369140625
Memory cached:  402.0
	 epoch  10 training error:  tensor(0.5171, device='cuda:0', grad_fn=<DivBackward0>)
Memory status after this epoch: 
Memory allocated:  217.03369140625
Memory cached:  408.0
	 epoch  20 training error:  tensor(0.4865, device='cuda:0', grad_fn=<DivBackward0>)
Memory status after this epoch: 
Memory allocated:  217.03369140625
Memory cached:  404.0
	 epoch  30 training error:  tensor(0.5005, device='cuda:0', grad_fn=<DivBackward0>)
Memory status after this epoch: 
Memory allocated:  217.03369140625
Memory cached:  428.0
	 epoch  40 training error:  tensor(0.4853, device='cuda:0', grad_fn=<DivBackward0>)
Memory status after this epoch: 
Memory allocated:  217.03369140625
Memory cached:  412.0
	 epoch  50 training error:  tensor(0.4859, device='cuda:0', grad_fn=<DivBackward0>)
Memory status after this epoch: 
Memory allocated:  217.03369140625
Memory cached:  414.0
	 epoch  60 training error:  tensor(0.4839, device='cuda:0', grad_fn=<DivBackward0>)
Memory status after this epoch: 
Memory allocated:  217.03369140625
Memory cached:  414.0
	 epoch  70 training error:  tensor(0.4878, device='cuda:0', grad_fn=<DivBackward0>)
Memory status after this epoch: 
Memory allocated:  217.03369140625
Memory cached:  412.0
	 epoch  80 training error:  tensor(0.4803, device='cuda:0', grad_fn=<DivBackward0>)
Memory status after this epoch: 
Memory allocated:  217.03369140625
Memory cached:  414.0
	 epoch  90 training error:  tensor(0.4807, device='cuda:0', grad_fn=<DivBackward0>)
Memory status after this epoch: 
Memory allocated:  217.03369140625
Memory cached:  414.0
[I 2024-01-01 22:36:37,470] Trial 349 finished with value: 0.38292452692985535 and parameters: {'W_layers': 5, 'W_layer_units_exponent_0': 7, 'W_layer_units_exponent_1': 6, 'W_layer_units_exponent_2': 6, 'W_layer_units_exponent_3': 7, 'W_layer_units_exponent_4': 5, 'D_layers': 5, 'D_layer_units_exponent_0': 10, 'D_layer_units_exponent_1': 9, 'D_layer_units_exponent_2': 9, 'D_layer_units_exponent_3': 8, 'D_layer_units_exponent_4': 5, 'D_dagger_layers': 4, 'D_dagger_layer_units_exponent_0': 9, 'D_dagger_layer_units_exponent_1': 4, 'D_dagger_layer_units_exponent_2': 5, 'D_dagger_layer_units_exponent_3': 7, 'log_learning_rate': -1.7303586921672, 'log_learning_rate_D': -4.561409749733041, 'log_learning_rate_D_dagger': -2.2694156187631993, 'training_batch_size': 9, 'training_p': 5}. Best is trial 220 with value: 0.11745021492242813.
Time for this trial:  193.38992977142334
Memory status after this trial: 
Memory allocated:  391.10546875
Memory cached:  412.0
--------------------  Trial  350   --------------------
Start timing: 
Parameters: 
{'W_layers': 6, 'W_layer_units_exponent_0': 7, 'W_layer_units_exponent_1': 7, 'W_layer_units_exponent_2': 6, 'W_layer_units_exponent_3': 4, 'W_layer_units_exponent_4': 5, 'W_layer_units_exponent_5': 10, 'D_layers': 4, 'D_layer_units_exponent_0': 10, 'D_layer_units_exponent_1': 9, 'D_layer_units_exponent_2': 8, 'D_layer_units_exponent_3': 8, 'D_dagger_layers': 4, 'D_dagger_layer_units_exponent_0': 10, 'D_dagger_layer_units_exponent_1': 4, 'D_dagger_layer_units_exponent_2': 5, 'D_dagger_layer_units_exponent_3': 7, 'log_learning_rate': -2.7604687146414997, 'log_learning_rate_D': -3.4349221484904873, 'log_learning_rate_D_dagger': -2.5923828035706338, 'training_batch_size': 6, 'training_p': 5}
	 epoch  0 training error:  tensor(0.9630, device='cuda:0', grad_fn=<DivBackward0>)
Memory status after this epoch: 
Memory allocated:  214.63134765625
Memory cached:  408.0
	 epoch  10 training error:  tensor(0.5317, device='cuda:0', grad_fn=<DivBackward0>)
Memory status after this epoch: 
Memory allocated:  214.63134765625
Memory cached:  422.0
	 epoch  20 training error:  tensor(0.4910, device='cuda:0', grad_fn=<DivBackward0>)
Memory status after this epoch: 
Memory allocated:  214.63134765625
Memory cached:  430.0
	 epoch  30 training error:  tensor(0.4789, device='cuda:0', grad_fn=<DivBackward0>)
Memory status after this epoch: 
Memory allocated:  214.63134765625
Memory cached:  434.0
	 epoch  40 training error:  tensor(0.4752, device='cuda:0', grad_fn=<DivBackward0>)
Memory status after this epoch: 
Memory allocated:  214.63134765625
Memory cached:  428.0
	 epoch  50 training error:  tensor(0.4833, device='cuda:0', grad_fn=<DivBackward0>)
Memory status after this epoch: 
Memory allocated:  214.63134765625
Memory cached:  422.0
	 epoch  60 training error:  tensor(0.5300, device='cuda:0', grad_fn=<DivBackward0>)
Memory status after this epoch: 
Memory allocated:  214.63134765625
Memory cached:  428.0
	 epoch  70 training error:  tensor(0.3575, device='cuda:0', grad_fn=<DivBackward0>)
Memory status after this epoch: 
Memory allocated:  214.63134765625
Memory cached:  430.0
	 epoch  80 training error:  tensor(0.2765, device='cuda:0', grad_fn=<DivBackward0>)
Memory status after this epoch: 
Memory allocated:  214.63134765625
Memory cached:  420.0
	 epoch  90 training error:  tensor(0.3077, device='cuda:0', grad_fn=<DivBackward0>)
Memory status after this epoch: 
Memory allocated:  214.63134765625
Memory cached:  422.0
[I 2024-01-01 22:42:19,547] Trial 350 finished with value: 0.21847546100616455 and parameters: {'W_layers': 6, 'W_layer_units_exponent_0': 7, 'W_layer_units_exponent_1': 7, 'W_layer_units_exponent_2': 6, 'W_layer_units_exponent_3': 4, 'W_layer_units_exponent_4': 5, 'W_layer_units_exponent_5': 10, 'D_layers': 4, 'D_layer_units_exponent_0': 10, 'D_layer_units_exponent_1': 9, 'D_layer_units_exponent_2': 8, 'D_layer_units_exponent_3': 8, 'D_dagger_layers': 4, 'D_dagger_layer_units_exponent_0': 10, 'D_dagger_layer_units_exponent_1': 4, 'D_dagger_layer_units_exponent_2': 5, 'D_dagger_layer_units_exponent_3': 7, 'log_learning_rate': -2.7604687146414997, 'log_learning_rate_D': -3.4349221484904873, 'log_learning_rate_D_dagger': -2.5923828035706338, 'training_batch_size': 6, 'training_p': 5}. Best is trial 220 with value: 0.11745021492242813.
Time for this trial:  341.57592487335205
Memory status after this trial: 
Memory allocated:  445.0927734375
Memory cached:  464.0
--------------------  Trial  351   --------------------
Start timing: 
Parameters: 
{'W_layers': 5, 'W_layer_units_exponent_0': 7, 'W_layer_units_exponent_1': 10, 'W_layer_units_exponent_2': 6, 'W_layer_units_exponent_3': 5, 'W_layer_units_exponent_4': 5, 'D_layers': 5, 'D_layer_units_exponent_0': 10, 'D_layer_units_exponent_1': 8, 'D_layer_units_exponent_2': 10, 'D_layer_units_exponent_3': 8, 'D_layer_units_exponent_4': 5, 'D_dagger_layers': 4, 'D_dagger_layer_units_exponent_0': 9, 'D_dagger_layer_units_exponent_1': 6, 'D_dagger_layer_units_exponent_2': 4, 'D_dagger_layer_units_exponent_3': 5, 'log_learning_rate': -3.1491777858548264, 'log_learning_rate_D': -3.7799781364787264, 'log_learning_rate_D_dagger': -2.3089841346856033, 'training_batch_size': 6, 'training_p': 5}
	 epoch  0 training error:  tensor(1.0079, device='cuda:0', grad_fn=<DivBackward0>)
Memory status after this epoch: 
Memory allocated:  218.07666015625
Memory cached:  390.0
	 epoch  10 training error:  tensor(0.4968, device='cuda:0', grad_fn=<DivBackward0>)
Memory status after this epoch: 
Memory allocated:  218.07666015625
Memory cached:  408.0
	 epoch  20 training error:  tensor(0.4964, device='cuda:0', grad_fn=<DivBackward0>)
Memory status after this epoch: 
Memory allocated:  218.07666015625
Memory cached:  410.0
	 epoch  30 training error:  tensor(0.4809, device='cuda:0', grad_fn=<DivBackward0>)
Memory status after this epoch: 
Memory allocated:  218.07666015625
Memory cached:  408.0
	 epoch  40 training error:  tensor(0.4820, device='cuda:0', grad_fn=<DivBackward0>)
Memory status after this epoch: 
Memory allocated:  218.07666015625
Memory cached:  410.0
	 epoch  50 training error:  tensor(0.4912, device='cuda:0', grad_fn=<DivBackward0>)
Memory status after this epoch: 
Memory allocated:  218.07666015625
Memory cached:  418.0
	 epoch  60 training error:  tensor(0.4860, device='cuda:0', grad_fn=<DivBackward0>)
Memory status after this epoch: 
Memory allocated:  218.07666015625
Memory cached:  428.0
	 epoch  70 training error:  tensor(0.4816, device='cuda:0', grad_fn=<DivBackward0>)
Memory status after this epoch: 
Memory allocated:  218.07666015625
Memory cached:  420.0
	 epoch  80 training error:  tensor(0.4852, device='cuda:0', grad_fn=<DivBackward0>)
Memory status after this epoch: 
Memory allocated:  218.07666015625
Memory cached:  432.0
	 epoch  90 training error:  tensor(0.4838, device='cuda:0', grad_fn=<DivBackward0>)
Memory status after this epoch: 
Memory allocated:  218.07666015625
Memory cached:  424.0
