[I 2023-12-07 03:46:08,282] Trial 6 finished with value: 0.672701895236969 and parameters: {'W_layers': 2, 'W_layer_units_exponent_0': 8, 'W_layer_units_exponent_1': 10, 'D_layers': 3, 'D_layer_units_exponent_0': 6, 'D_layer_units_exponent_1': 9, 'D_layer_units_exponent_2': 7, 'D_dagger_layers': 3, 'D_dagger_layer_units_exponent_0': 4, 'D_dagger_layer_units_exponent_1': 9, 'D_dagger_layer_units_exponent_2': 6, 'log_learning_rate': -4.055668446460394, 'log_learning_rate_D': -2.1791623623608305, 'log_learning_rate_D_dagger': -3.2825220352969313, 'training_batch_size': 8, 'training_p': 4}. Best is trial 1 with value: 0.6062385439872742.
Time for this trial:  17.698585271835327
Memory status after this trial: 
Memory allocated:  182.72607421875
Memory cached:  226.0
--------------------  Trial  7   --------------------
Start timing: 
Parameters: 
{'W_layers': 2, 'W_layer_units_exponent_0': 5, 'W_layer_units_exponent_1': 8, 'D_layers': 6, 'D_layer_units_exponent_0': 7, 'D_layer_units_exponent_1': 7, 'D_layer_units_exponent_2': 10, 'D_layer_units_exponent_3': 5, 'D_layer_units_exponent_4': 8, 'D_layer_units_exponent_5': 8, 'D_dagger_layers': 8, 'D_dagger_layer_units_exponent_0': 8, 'D_dagger_layer_units_exponent_1': 7, 'D_dagger_layer_units_exponent_2': 6, 'D_dagger_layer_units_exponent_3': 4, 'D_dagger_layer_units_exponent_4': 8, 'D_dagger_layer_units_exponent_5': 10, 'D_dagger_layer_units_exponent_6': 6, 'D_dagger_layer_units_exponent_7': 5, 'log_learning_rate': -4.203072037534897, 'log_learning_rate_D': -2.2016293541723697, 'log_learning_rate_D_dagger': -1.9504376048131813, 'training_batch_size': 7, 'training_p': 6}
	 epoch  0 training error:  tensor(1.0180, device='cuda:0', grad_fn=<DivBackward0>)
Memory status after this epoch: 
Memory allocated:  93.80810546875
Memory cached:  130.0
	 epoch  10 training error:  tensor(0.9437, device='cuda:0', grad_fn=<DivBackward0>)
Memory status after this epoch: 
Memory allocated:  93.80810546875
Memory cached:  130.0
	 epoch  20 training error:  tensor(0.8788, device='cuda:0', grad_fn=<DivBackward0>)
Memory status after this epoch: 
Memory allocated:  93.80810546875
Memory cached:  130.0
	 epoch  30 training error:  tensor(1.0169, device='cuda:0', grad_fn=<DivBackward0>)
Memory status after this epoch: 
Memory allocated:  93.80810546875
Memory cached:  130.0
	 epoch  40 training error:  tensor(0.8354, device='cuda:0', grad_fn=<DivBackward0>)
Memory status after this epoch: 
Memory allocated:  93.80810546875
Memory cached:  130.0
	 epoch  50 training error:  tensor(0.8260, device='cuda:0', grad_fn=<DivBackward0>)
Memory status after this epoch: 
Memory allocated:  93.80810546875
Memory cached:  130.0
	 epoch  60 training error:  tensor(0.8157, device='cuda:0', grad_fn=<DivBackward0>)
Memory status after this epoch: 
Memory allocated:  93.80810546875
Memory cached:  130.0
	 epoch  70 training error:  tensor(0.8000, device='cuda:0', grad_fn=<DivBackward0>)
Memory status after this epoch: 
Memory allocated:  93.80810546875
Memory cached:  130.0
	 epoch  80 training error:  tensor(0.9702, device='cuda:0', grad_fn=<DivBackward0>)
Memory status after this epoch: 
Memory allocated:  93.80810546875
Memory cached:  130.0
	 epoch  90 training error:  tensor(0.8369, device='cuda:0', grad_fn=<DivBackward0>)
Memory status after this epoch: 
Memory allocated:  93.80810546875
Memory cached:  130.0
[I 2023-12-07 03:46:27,252] Trial 7 finished with value: 0.7377282381057739 and parameters: {'W_layers': 2, 'W_layer_units_exponent_0': 5, 'W_layer_units_exponent_1': 8, 'D_layers': 6, 'D_layer_units_exponent_0': 7, 'D_layer_units_exponent_1': 7, 'D_layer_units_exponent_2': 10, 'D_layer_units_exponent_3': 5, 'D_layer_units_exponent_4': 8, 'D_layer_units_exponent_5': 8, 'D_dagger_layers': 8, 'D_dagger_layer_units_exponent_0': 8, 'D_dagger_layer_units_exponent_1': 7, 'D_dagger_layer_units_exponent_2': 6, 'D_dagger_layer_units_exponent_3': 4, 'D_dagger_layer_units_exponent_4': 8, 'D_dagger_layer_units_exponent_5': 10, 'D_dagger_layer_units_exponent_6': 6, 'D_dagger_layer_units_exponent_7': 5, 'log_learning_rate': -4.203072037534897, 'log_learning_rate_D': -2.2016293541723697, 'log_learning_rate_D_dagger': -1.9504376048131813, 'training_batch_size': 7, 'training_p': 6}. Best is trial 1 with value: 0.6062385439872742.
Time for this trial:  18.859827518463135
Memory status after this trial: 
Memory allocated:  203.11669921875
Memory cached:  214.0
--------------------  Trial  8   --------------------
Start timing: 
Parameters: 
{'W_layers': 6, 'W_layer_units_exponent_0': 5, 'W_layer_units_exponent_1': 10, 'W_layer_units_exponent_2': 10, 'W_layer_units_exponent_3': 8, 'W_layer_units_exponent_4': 5, 'W_layer_units_exponent_5': 5, 'D_layers': 7, 'D_layer_units_exponent_0': 9, 'D_layer_units_exponent_1': 7, 'D_layer_units_exponent_2': 6, 'D_layer_units_exponent_3': 4, 'D_layer_units_exponent_4': 10, 'D_layer_units_exponent_5': 5, 'D_layer_units_exponent_6': 5, 'D_dagger_layers': 8, 'D_dagger_layer_units_exponent_0': 8, 'D_dagger_layer_units_exponent_1': 4, 'D_dagger_layer_units_exponent_2': 9, 'D_dagger_layer_units_exponent_3': 5, 'D_dagger_layer_units_exponent_4': 5, 'D_dagger_layer_units_exponent_5': 10, 'D_dagger_layer_units_exponent_6': 4, 'D_dagger_layer_units_exponent_7': 4, 'log_learning_rate': -3.694587651593251, 'log_learning_rate_D': -2.5293837799269294, 'log_learning_rate_D_dagger': -2.55928792056071, 'training_batch_size': 8, 'training_p': 7}
	 epoch  0 training error:  tensor(0.9999, device='cuda:0', grad_fn=<DivBackward0>)
Memory status after this epoch: 
Memory allocated:  109.341796875
Memory cached:  150.0
	 epoch  10 training error:  tensor(0.9010, device='cuda:0', grad_fn=<DivBackward0>)
Memory status after this epoch: 
Memory allocated:  109.341796875
Memory cached:  152.0
	 epoch  20 training error:  tensor(0.8332, device='cuda:0', grad_fn=<DivBackward0>)
Memory status after this epoch: 
Memory allocated:  109.341796875
Memory cached:  150.0
	 epoch  30 training error:  tensor(0.7637, device='cuda:0', grad_fn=<DivBackward0>)
Memory status after this epoch: 
Memory allocated:  109.341796875
Memory cached:  152.0
	 epoch  40 training error:  tensor(0.7388, device='cuda:0', grad_fn=<DivBackward0>)
Memory status after this epoch: 
Memory allocated:  109.341796875
Memory cached:  152.0
	 epoch  50 training error:  tensor(0.7364, device='cuda:0', grad_fn=<DivBackward0>)
Memory status after this epoch: 
Memory allocated:  109.341796875
Memory cached:  150.0
	 epoch  60 training error:  tensor(0.6768, device='cuda:0', grad_fn=<DivBackward0>)
Memory status after this epoch: 
Memory allocated:  109.341796875
Memory cached:  152.0
	 epoch  70 training error:  tensor(0.6755, device='cuda:0', grad_fn=<DivBackward0>)
Memory status after this epoch: 
Memory allocated:  109.341796875
Memory cached:  152.0
	 epoch  80 training error:  tensor(0.6760, device='cuda:0', grad_fn=<DivBackward0>)
Memory status after this epoch: 
Memory allocated:  109.341796875
Memory cached:  150.0
	 epoch  90 training error:  tensor(0.6712, device='cuda:0', grad_fn=<DivBackward0>)
Memory status after this epoch: 
Memory allocated:  109.341796875
Memory cached:  152.0
[I 2023-12-07 03:46:49,445] Trial 8 finished with value: 0.6986637115478516 and parameters: {'W_layers': 6, 'W_layer_units_exponent_0': 5, 'W_layer_units_exponent_1': 10, 'W_layer_units_exponent_2': 10, 'W_layer_units_exponent_3': 8, 'W_layer_units_exponent_4': 5, 'W_layer_units_exponent_5': 5, 'D_layers': 7, 'D_layer_units_exponent_0': 9, 'D_layer_units_exponent_1': 7, 'D_layer_units_exponent_2': 6, 'D_layer_units_exponent_3': 4, 'D_layer_units_exponent_4': 10, 'D_layer_units_exponent_5': 5, 'D_layer_units_exponent_6': 5, 'D_dagger_layers': 8, 'D_dagger_layer_units_exponent_0': 8, 'D_dagger_layer_units_exponent_1': 4, 'D_dagger_layer_units_exponent_2': 9, 'D_dagger_layer_units_exponent_3': 5, 'D_dagger_layer_units_exponent_4': 5, 'D_dagger_layer_units_exponent_5': 10, 'D_dagger_layer_units_exponent_6': 4, 'D_dagger_layer_units_exponent_7': 4, 'log_learning_rate': -3.694587651593251, 'log_learning_rate_D': -2.5293837799269294, 'log_learning_rate_D_dagger': -2.55928792056071, 'training_batch_size': 8, 'training_p': 7}. Best is trial 1 with value: 0.6062385439872742.
Time for this trial:  22.084776401519775
Memory status after this trial: 
Memory allocated:  332.35888671875
Memory cached:  362.0
--------------------  Trial  9   --------------------
Start timing: 
Parameters: 
{'W_layers': 8, 'W_layer_units_exponent_0': 5, 'W_layer_units_exponent_1': 7, 'W_layer_units_exponent_2': 6, 'W_layer_units_exponent_3': 6, 'W_layer_units_exponent_4': 5, 'W_layer_units_exponent_5': 7, 'W_layer_units_exponent_6': 8, 'W_layer_units_exponent_7': 5, 'D_layers': 2, 'D_layer_units_exponent_0': 8, 'D_layer_units_exponent_1': 7, 'D_dagger_layers': 5, 'D_dagger_layer_units_exponent_0': 4, 'D_dagger_layer_units_exponent_1': 5, 'D_dagger_layer_units_exponent_2': 6, 'D_dagger_layer_units_exponent_3': 7, 'D_dagger_layer_units_exponent_4': 9, 'log_learning_rate': -4.386392983478475, 'log_learning_rate_D': -2.126466990128301, 'log_learning_rate_D_dagger': -2.8538958865636386, 'training_batch_size': 9, 'training_p': 8}
	 epoch  0 training error:  tensor(1.0001, device='cuda:0', grad_fn=<DivBackward0>)
Memory status after this epoch: 
Memory allocated:  89.2275390625
Memory cached:  134.0
	 epoch  10 training error:  tensor(0.8685, device='cuda:0', grad_fn=<DivBackward0>)
Memory status after this epoch: 
Memory allocated:  89.2275390625
Memory cached:  134.0
	 epoch  20 training error:  tensor(0.8506, device='cuda:0', grad_fn=<DivBackward0>)
Memory status after this epoch: 
Memory allocated:  89.2275390625
Memory cached:  134.0
	 epoch  30 training error:  tensor(0.8351, device='cuda:0', grad_fn=<DivBackward0>)
Memory status after this epoch: 
Memory allocated:  89.2275390625
Memory cached:  134.0
	 epoch  40 training error:  tensor(0.8224, device='cuda:0', grad_fn=<DivBackward0>)
Memory status after this epoch: 
Memory allocated:  89.2275390625
Memory cached:  134.0
	 epoch  50 training error:  tensor(0.7947, device='cuda:0', grad_fn=<DivBackward0>)
Memory status after this epoch: 
Memory allocated:  89.2275390625
Memory cached:  134.0
	 epoch  60 training error:  tensor(0.7722, device='cuda:0', grad_fn=<DivBackward0>)
Memory status after this epoch: 
Memory allocated:  89.2275390625
Memory cached:  134.0
	 epoch  70 training error:  tensor(0.7354, device='cuda:0', grad_fn=<DivBackward0>)
Memory status after this epoch: 
Memory allocated:  89.2275390625
Memory cached:  134.0
	 epoch  80 training error:  tensor(0.7020, device='cuda:0', grad_fn=<DivBackward0>)
Memory status after this epoch: 
Memory allocated:  89.2275390625
Memory cached:  134.0
	 epoch  90 training error:  tensor(0.6867, device='cuda:0', grad_fn=<DivBackward0>)
Memory status after this epoch: 
Memory allocated:  89.2275390625
Memory cached:  134.0
[I 2023-12-07 03:47:08,413] Trial 9 finished with value: 0.7208021879196167 and parameters: {'W_layers': 8, 'W_layer_units_exponent_0': 5, 'W_layer_units_exponent_1': 7, 'W_layer_units_exponent_2': 6, 'W_layer_units_exponent_3': 6, 'W_layer_units_exponent_4': 5, 'W_layer_units_exponent_5': 7, 'W_layer_units_exponent_6': 8, 'W_layer_units_exponent_7': 5, 'D_layers': 2, 'D_layer_units_exponent_0': 8, 'D_layer_units_exponent_1': 7, 'D_dagger_layers': 5, 'D_dagger_layer_units_exponent_0': 4, 'D_dagger_layer_units_exponent_1': 5, 'D_dagger_layer_units_exponent_2': 6, 'D_dagger_layer_units_exponent_3': 7, 'D_dagger_layer_units_exponent_4': 9, 'log_learning_rate': -4.386392983478475, 'log_learning_rate_D': -2.126466990128301, 'log_learning_rate_D_dagger': -2.8538958865636386, 'training_batch_size': 9, 'training_p': 8}. Best is trial 1 with value: 0.6062385439872742.
Time for this trial:  18.882121801376343
Memory status after this trial: 
Memory allocated:  163.33740234375
Memory cached:  190.0
--------------------  Trial  10   --------------------
Start timing: 
Parameters: 
{'W_layers': 4, 'W_layer_units_exponent_0': 4, 'W_layer_units_exponent_1': 4, 'W_layer_units_exponent_2': 4, 'W_layer_units_exponent_3': 10, 'D_layers': 4, 'D_layer_units_exponent_0': 4, 'D_layer_units_exponent_1': 9, 'D_layer_units_exponent_2': 5, 'D_layer_units_exponent_3': 9, 'D_dagger_layers': 6, 'D_dagger_layer_units_exponent_0': 9, 'D_dagger_layer_units_exponent_1': 6, 'D_dagger_layer_units_exponent_2': 10, 'D_dagger_layer_units_exponent_3': 10, 'D_dagger_layer_units_exponent_4': 6, 'D_dagger_layer_units_exponent_5': 4, 'log_learning_rate': -1.499492796797973, 'log_learning_rate_D': -1.1385680020059183, 'log_learning_rate_D_dagger': -4.241690155190942, 'training_batch_size': 12, 'training_p': 2}
	 epoch  0 training error:  tensor(1.0080, device='cuda:0', grad_fn=<DivBackward0>)
Memory status after this epoch: 
Memory allocated:  105.951171875
Memory cached:  146.0
	 epoch  10 training error:  tensor(1.5124, device='cuda:0', grad_fn=<DivBackward0>)
Memory status after this epoch: 
Memory allocated:  105.951171875
Memory cached:  146.0
	 epoch  20 training error:  tensor(0.8906, device='cuda:0', grad_fn=<DivBackward0>)
Memory status after this epoch: 
Memory allocated:  105.951171875
Memory cached:  146.0
	 epoch  30 training error:  tensor(0.8422, device='cuda:0', grad_fn=<DivBackward0>)
Memory status after this epoch: 
Memory allocated:  105.951171875
Memory cached:  146.0
	 epoch  40 training error:  tensor(0.7600, device='cuda:0', grad_fn=<DivBackward0>)
Memory status after this epoch: 
Memory allocated:  105.951171875
Memory cached:  146.0
	 epoch  50 training error:  tensor(0.7433, device='cuda:0', grad_fn=<DivBackward0>)
Memory status after this epoch: 
Memory allocated:  105.951171875
Memory cached:  146.0
	 epoch  60 training error:  tensor(0.7403, device='cuda:0', grad_fn=<DivBackward0>)
Memory status after this epoch: 
Memory allocated:  105.951171875
Memory cached:  146.0
	 epoch  70 training error:  tensor(0.7329, device='cuda:0', grad_fn=<DivBackward0>)
Memory status after this epoch: 
Memory allocated:  105.951171875
Memory cached:  146.0
	 epoch  80 training error:  tensor(0.7278, device='cuda:0', grad_fn=<DivBackward0>)
Memory status after this epoch: 
Memory allocated:  105.951171875
Memory cached:  146.0
	 epoch  90 training error:  tensor(0.7173, device='cuda:0', grad_fn=<DivBackward0>)
Memory status after this epoch: 
Memory allocated:  105.951171875
Memory cached:  146.0
[I 2023-12-07 03:47:28,345] Trial 10 finished with value: 0.6554457545280457 and parameters: {'W_layers': 4, 'W_layer_units_exponent_0': 4, 'W_layer_units_exponent_1': 4, 'W_layer_units_exponent_2': 4, 'W_layer_units_exponent_3': 10, 'D_layers': 4, 'D_layer_units_exponent_0': 4, 'D_layer_units_exponent_1': 9, 'D_layer_units_exponent_2': 5, 'D_layer_units_exponent_3': 9, 'D_dagger_layers': 6, 'D_dagger_layer_units_exponent_0': 9, 'D_dagger_layer_units_exponent_1': 6, 'D_dagger_layer_units_exponent_2': 10, 'D_dagger_layer_units_exponent_3': 10, 'D_dagger_layer_units_exponent_4': 6, 'D_dagger_layer_units_exponent_5': 4, 'log_learning_rate': -1.499492796797973, 'log_learning_rate_D': -1.1385680020059183, 'log_learning_rate_D_dagger': -4.241690155190942, 'training_batch_size': 12, 'training_p': 2}. Best is trial 1 with value: 0.6062385439872742.
Time for this trial:  19.741692066192627
Memory status after this trial: 
Memory allocated:  293.65185546875
Memory cached:  338.0
--------------------  Trial  11   --------------------
Start timing: 
Parameters: 
{'W_layers': 3, 'W_layer_units_exponent_0': 10, 'W_layer_units_exponent_1': 4, 'W_layer_units_exponent_2': 8, 'D_layers': 5, 'D_layer_units_exponent_0': 4, 'D_layer_units_exponent_1': 4, 'D_layer_units_exponent_2': 10, 'D_layer_units_exponent_3': 7, 'D_layer_units_exponent_4': 5, 'D_dagger_layers': 6, 'D_dagger_layer_units_exponent_0': 6, 'D_dagger_layer_units_exponent_1': 10, 'D_dagger_layer_units_exponent_2': 8, 'D_dagger_layer_units_exponent_3': 10, 'D_dagger_layer_units_exponent_4': 4, 'D_dagger_layer_units_exponent_5': 7, 'log_learning_rate': -4.954546244794763, 'log_learning_rate_D': -3.3573601927416212, 'log_learning_rate_D_dagger': -1.3142500866042148, 'training_batch_size': 12, 'training_p': 3}
	 epoch  0 training error:  tensor(0.9963, device='cuda:0', grad_fn=<DivBackward0>)
Memory status after this epoch: 
Memory allocated:  97.18603515625
Memory cached:  130.0
	 epoch  10 training error:  tensor(228.2266, device='cuda:0', grad_fn=<DivBackward0>)
Memory status after this epoch: 
Memory allocated:  97.18603515625
Memory cached:  130.0
	 epoch  20 training error:  tensor(736.7830, device='cuda:0', grad_fn=<DivBackward0>)
Memory status after this epoch: 
Memory allocated:  97.18603515625
Memory cached:  130.0
	 epoch  30 training error:  tensor(598.4821, device='cuda:0', grad_fn=<DivBackward0>)
Memory status after this epoch: 
Memory allocated:  97.18603515625
Memory cached:  130.0
	 epoch  40 training error:  tensor(0.9925, device='cuda:0', grad_fn=<DivBackward0>)
Memory status after this epoch: 
Memory allocated:  97.18603515625
Memory cached:  130.0
	 epoch  50 training error:  tensor(0.9899, device='cuda:0', grad_fn=<DivBackward0>)
Memory status after this epoch: 
Memory allocated:  97.18603515625
Memory cached:  130.0
	 epoch  60 training error:  tensor(0.9870, device='cuda:0', grad_fn=<DivBackward0>)
Memory status after this epoch: 
Memory allocated:  97.18603515625
Memory cached:  130.0
	 epoch  70 training error:  tensor(0.9831, device='cuda:0', grad_fn=<DivBackward0>)
Memory status after this epoch: 
Memory allocated:  97.18603515625
Memory cached:  130.0
	 epoch  80 training error:  tensor(0.9795, device='cuda:0', grad_fn=<DivBackward0>)
Memory status after this epoch: 
Memory allocated:  97.18603515625
Memory cached:  130.0
	 epoch  90 training error:  tensor(0.9765, device='cuda:0', grad_fn=<DivBackward0>)
Memory status after this epoch: 
Memory allocated:  97.18603515625
Memory cached:  130.0
[I 2023-12-07 03:47:48,294] Trial 11 finished with value: 0.9210209846496582 and parameters: {'W_layers': 3, 'W_layer_units_exponent_0': 10, 'W_layer_units_exponent_1': 4, 'W_layer_units_exponent_2': 8, 'D_layers': 5, 'D_layer_units_exponent_0': 4, 'D_layer_units_exponent_1': 4, 'D_layer_units_exponent_2': 10, 'D_layer_units_exponent_3': 7, 'D_layer_units_exponent_4': 5, 'D_dagger_layers': 6, 'D_dagger_layer_units_exponent_0': 6, 'D_dagger_layer_units_exponent_1': 10, 'D_dagger_layer_units_exponent_2': 8, 'D_dagger_layer_units_exponent_3': 10, 'D_dagger_layer_units_exponent_4': 4, 'D_dagger_layer_units_exponent_5': 7, 'log_learning_rate': -4.954546244794763, 'log_learning_rate_D': -3.3573601927416212, 'log_learning_rate_D_dagger': -1.3142500866042148, 'training_batch_size': 12, 'training_p': 3}. Best is trial 1 with value: 0.6062385439872742.
Time for this trial:  19.753493070602417
Memory status after this trial: 
Memory allocated:  296.14697265625
Memory cached:  322.0
--------------------  Trial  12   --------------------
Start timing: 
Parameters: 
{'W_layers': 3, 'W_layer_units_exponent_0': 10, 'W_layer_units_exponent_1': 5, 'W_layer_units_exponent_2': 8, 'D_layers': 5, 'D_layer_units_exponent_0': 5, 'D_layer_units_exponent_1': 5, 'D_layer_units_exponent_2': 9, 'D_layer_units_exponent_3': 8, 'D_layer_units_exponent_4': 6, 'D_dagger_layers': 7, 'D_dagger_layer_units_exponent_0': 6, 'D_dagger_layer_units_exponent_1': 10, 'D_dagger_layer_units_exponent_2': 8, 'D_dagger_layer_units_exponent_3': 9, 'D_dagger_layer_units_exponent_4': 4, 'D_dagger_layer_units_exponent_5': 7, 'D_dagger_layer_units_exponent_6': 10, 'log_learning_rate': -1.7539707369705306, 'log_learning_rate_D': -4.3244757014287885, 'log_learning_rate_D_dagger': -3.788643448869356, 'training_batch_size': 11, 'training_p': 3}
	 epoch  0 training error:  tensor(0.9846, device='cuda:0', grad_fn=<DivBackward0>)
Memory status after this epoch: 
Memory allocated:  97.443359375
Memory cached:  130.0
	 epoch  10 training error:  tensor(2.7891, device='cuda:0', grad_fn=<DivBackward0>)
Memory status after this epoch: 
Memory allocated:  97.443359375
Memory cached:  130.0
	 epoch  20 training error:  tensor(1.1036, device='cuda:0', grad_fn=<DivBackward0>)
Memory status after this epoch: 
Memory allocated:  97.443359375
Memory cached:  130.0
	 epoch  30 training error:  tensor(0.8785, device='cuda:0', grad_fn=<DivBackward0>)
Memory status after this epoch: 
Memory allocated:  97.443359375
Memory cached:  130.0
	 epoch  40 training error:  tensor(0.8011, device='cuda:0', grad_fn=<DivBackward0>)
Memory status after this epoch: 
Memory allocated:  97.443359375
Memory cached:  130.0
	 epoch  50 training error:  tensor(0.7958, device='cuda:0', grad_fn=<DivBackward0>)
Memory status after this epoch: 
Memory allocated:  97.443359375
Memory cached:  130.0
	 epoch  60 training error:  tensor(0.7837, device='cuda:0', grad_fn=<DivBackward0>)
Memory status after this epoch: 
Memory allocated:  97.443359375
Memory cached:  130.0
	 epoch  70 training error:  tensor(0.7755, device='cuda:0', grad_fn=<DivBackward0>)
Memory status after this epoch: 
Memory allocated:  97.443359375
Memory cached:  130.0
	 epoch  80 training error:  tensor(0.7548, device='cuda:0', grad_fn=<DivBackward0>)
Memory status after this epoch: 
Memory allocated:  97.443359375
Memory cached:  130.0
	 epoch  90 training error:  tensor(0.6927, device='cuda:0', grad_fn=<DivBackward0>)
Memory status after this epoch: 
Memory allocated:  97.443359375
Memory cached:  130.0
