/home/shengduo/anaconda3/lib/python3.9/site-packages/scipy/__init__.py:146: UserWarning: A NumPy version >=1.16.5 and <1.23.0 is required for this version of SciPy (detected version 1.24.1
  warnings.warn(f"A NumPy version >={np_minversion} and <{np_maxversion}"
[I 2024-03-11 15:40:41,162] Using an existing study with name 'my_study1' instead of creating a new one.
Cuda is available:  True
Device is:  cuda
Memory allocated:  0.0
Memory cached:  0.0
Data file:  ./data/Trial0216_smallDRS_smallA_400.pt
Vs.shape:  torch.Size([400, 100])
thetas.shape:  torch.Size([400, 100])
fs.shape:  torch.Size([400, 100])
ts.shape:  torch.Size([400, 100])
Xs.shape:  torch.Size([400, 100])
No pruned database has been founded.
--------------------  Trial  5   --------------------
Start timing: 
Parameters: 
{'log_learning_rate': -3.993615262389122, 'log_learning_rate_D': -3.0178538113971602, 'log_learning_rate_D_dagger': -1.424912001071907, 'training_batch_size': 11, 'training_p': 8}
	 epoch  0 training error:  tensor(417.1308, grad_fn=<ToCopyBackward0>)
Memory status after this epoch: 
Memory allocated:  0.3994140625
Memory cached:  6.0
	 epoch  10 training error:  tensor(110.4253, grad_fn=<ToCopyBackward0>)
Memory status after this epoch: 
Memory allocated:  0.3994140625
Memory cached:  6.0
	 epoch  20 training error:  tensor(4.3152, grad_fn=<ToCopyBackward0>)
Memory status after this epoch: 
Memory allocated:  0.3994140625
Memory cached:  4.0
	 epoch  30 training error:  tensor(1.2639, grad_fn=<ToCopyBackward0>)
Memory status after this epoch: 
Memory allocated:  0.3994140625
Memory cached:  6.0
	 epoch  40 training error:  tensor(2.9496, grad_fn=<ToCopyBackward0>)
Memory status after this epoch: 
Memory allocated:  0.3994140625
Memory cached:  6.0
	 epoch  50 training error:  tensor(1.4664, grad_fn=<ToCopyBackward0>)
Memory status after this epoch: 
Memory allocated:  0.3994140625
Memory cached:  6.0
	 epoch  60 training error:  tensor(1.4236, grad_fn=<ToCopyBackward0>)
Memory status after this epoch: 
Memory allocated:  0.3994140625
Memory cached:  6.0
	 epoch  70 training error:  tensor(0.9912, grad_fn=<ToCopyBackward0>)
Memory status after this epoch: 
Memory allocated:  0.3994140625
Memory cached:  6.0
	 epoch  80 training error:  tensor(0.8619, grad_fn=<ToCopyBackward0>)
Memory status after this epoch: 
Memory allocated:  0.3994140625
Memory cached:  4.0
	 epoch  90 training error:  tensor(0.7348, grad_fn=<ToCopyBackward0>)
Memory status after this epoch: 
Memory allocated:  0.3994140625
Memory cached:  6.0
[I 2024-03-11 15:42:21,170] Trial 5 finished with value: 0.7055261731147766 and parameters: {'log_learning_rate': -3.993615262389122, 'log_learning_rate_D': -3.0178538113971602, 'log_learning_rate_D_dagger': -1.424912001071907, 'training_batch_size': 11, 'training_p': 8}. Best is trial 5 with value: 0.7055261731147766.
res:  tensor(0.7055, grad_fn=<ToCopyBackward0>)
self.bestValue:  10000000.0
Save this model!
Time for this trial:  99.76649904251099
Memory status after this trial: 
Memory allocated:  1.81201171875
Memory cached:  4.0
--------------------  Trial  6   --------------------
Start timing: 
Parameters: 
{'log_learning_rate': -3.6032084277497662, 'log_learning_rate_D': -2.9725587977350663, 'log_learning_rate_D_dagger': -3.1423020397583046, 'training_batch_size': 12, 'training_p': 5}
	 epoch  0 training error:  tensor(61.6345, grad_fn=<ToCopyBackward0>)
Memory status after this epoch: 
Memory allocated:  1.93994140625
Memory cached:  6.0
	 epoch  10 training error:  tensor(56.6756, grad_fn=<ToCopyBackward0>)
Memory status after this epoch: 
Memory allocated:  1.93994140625
Memory cached:  8.0
	 epoch  20 training error:  tensor(51.7989, grad_fn=<ToCopyBackward0>)
Memory status after this epoch: 
Memory allocated:  1.93994140625
Memory cached:  8.0
	 epoch  30 training error:  tensor(47.0119, grad_fn=<ToCopyBackward0>)
Memory status after this epoch: 
Memory allocated:  1.93994140625
Memory cached:  8.0
	 epoch  40 training error:  tensor(42.3179, grad_fn=<ToCopyBackward0>)
Memory status after this epoch: 
Memory allocated:  1.93994140625
Memory cached:  8.0
	 epoch  50 training error:  tensor(37.7163, grad_fn=<ToCopyBackward0>)
Memory status after this epoch: 
Memory allocated:  1.93994140625
Memory cached:  8.0
	 epoch  60 training error:  tensor(33.2042, grad_fn=<ToCopyBackward0>)
Memory status after this epoch: 
Memory allocated:  1.93994140625
Memory cached:  8.0
	 epoch  70 training error:  tensor(28.7768, grad_fn=<ToCopyBackward0>)
Memory status after this epoch: 
Memory allocated:  1.93994140625
Memory cached:  8.0
	 epoch  80 training error:  tensor(24.4284, grad_fn=<ToCopyBackward0>)
Memory status after this epoch: 
Memory allocated:  1.93994140625
Memory cached:  8.0
	 epoch  90 training error:  tensor(20.1522, grad_fn=<ToCopyBackward0>)
Memory status after this epoch: 
Memory allocated:  1.93994140625
Memory cached:  6.0
[I 2024-03-11 15:44:01,961] Trial 6 finished with value: 10.433277130126953 and parameters: {'log_learning_rate': -3.6032084277497662, 'log_learning_rate_D': -2.9725587977350663, 'log_learning_rate_D_dagger': -3.1423020397583046, 'training_batch_size': 12, 'training_p': 5}. Best is trial 5 with value: 0.7055261731147766.
Time for this trial:  100.60220694541931
Memory status after this trial: 
Memory allocated:  3.3525390625
Memory cached:  6.0
--------------------  Trial  7   --------------------
Start timing: 
Parameters: 
{'log_learning_rate': -4.3814791705071965, 'log_learning_rate_D': -2.2519402804356528, 'log_learning_rate_D_dagger': -4.914276909530178, 'training_batch_size': 7, 'training_p': 3}
	 epoch  0 training error:  tensor(110.1376, grad_fn=<ToCopyBackward0>)
Memory status after this epoch: 
Memory allocated:  1.84228515625
Memory cached:  4.0
	 epoch  10 training error:  tensor(109.9405, grad_fn=<ToCopyBackward0>)
Memory status after this epoch: 
Memory allocated:  1.84228515625
Memory cached:  4.0
	 epoch  20 training error:  tensor(109.7397, grad_fn=<ToCopyBackward0>)
Memory status after this epoch: 
Memory allocated:  1.84228515625
Memory cached:  4.0
	 epoch  30 training error:  tensor(109.5380, grad_fn=<ToCopyBackward0>)
Memory status after this epoch: 
Memory allocated:  1.84228515625
Memory cached:  4.0
	 epoch  40 training error:  tensor(109.3376, grad_fn=<ToCopyBackward0>)
Memory status after this epoch: 
Memory allocated:  1.84228515625
Memory cached:  4.0
	 epoch  50 training error:  tensor(109.1360, grad_fn=<ToCopyBackward0>)
Memory status after this epoch: 
Memory allocated:  1.84228515625
Memory cached:  4.0
	 epoch  60 training error:  tensor(108.9339, grad_fn=<ToCopyBackward0>)
Memory status after this epoch: 
Memory allocated:  1.84228515625
Memory cached:  4.0
	 epoch  70 training error:  tensor(108.7334, grad_fn=<ToCopyBackward0>)
Memory status after this epoch: 
Memory allocated:  1.84228515625
Memory cached:  4.0
	 epoch  80 training error:  tensor(108.5311, grad_fn=<ToCopyBackward0>)
Memory status after this epoch: 
Memory allocated:  1.84228515625
Memory cached:  4.0
	 epoch  90 training error:  tensor(108.3304, grad_fn=<ToCopyBackward0>)
Memory status after this epoch: 
Memory allocated:  1.84228515625
Memory cached:  4.0
[I 2024-03-11 15:48:36,723] Trial 7 finished with value: 76.702880859375 and parameters: {'log_learning_rate': -4.3814791705071965, 'log_learning_rate_D': -2.2519402804356528, 'log_learning_rate_D_dagger': -4.914276909530178, 'training_batch_size': 7, 'training_p': 3}. Best is trial 5 with value: 0.7055261731147766.
Time for this trial:  274.5438632965088
Memory status after this trial: 
Memory allocated:  3.3525390625
Memory cached:  4.0
--------------------  Trial  8   --------------------
Start timing: 
Parameters: 
{'log_learning_rate': -2.9822486628392912, 'log_learning_rate_D': -2.479970679259301, 'log_learning_rate_D_dagger': -4.379485043082489, 'training_batch_size': 11, 'training_p': 2}
	 epoch  0 training error:  tensor(75.6680, grad_fn=<ToCopyBackward0>)
Memory status after this epoch: 
Memory allocated:  1.93994140625
Memory cached:  6.0
	 epoch  10 training error:  tensor(75.4677, grad_fn=<ToCopyBackward0>)
Memory status after this epoch: 
Memory allocated:  1.93994140625
Memory cached:  8.0
	 epoch  20 training error:  tensor(75.2675, grad_fn=<ToCopyBackward0>)
Memory status after this epoch: 
Memory allocated:  1.93994140625
Memory cached:  8.0
	 epoch  30 training error:  tensor(75.0676, grad_fn=<ToCopyBackward0>)
Memory status after this epoch: 
Memory allocated:  1.93994140625
Memory cached:  8.0
	 epoch  40 training error:  tensor(74.8680, grad_fn=<ToCopyBackward0>)
Memory status after this epoch: 
Memory allocated:  1.93994140625
Memory cached:  8.0
	 epoch  50 training error:  tensor(74.6686, grad_fn=<ToCopyBackward0>)
Memory status after this epoch: 
Memory allocated:  1.93994140625
Memory cached:  8.0
	 epoch  60 training error:  tensor(74.4695, grad_fn=<ToCopyBackward0>)
Memory status after this epoch: 
Memory allocated:  1.93994140625
Memory cached:  8.0
	 epoch  70 training error:  tensor(74.2707, grad_fn=<ToCopyBackward0>)
Memory status after this epoch: 
Memory allocated:  1.93994140625
Memory cached:  8.0
	 epoch  80 training error:  tensor(74.0722, grad_fn=<ToCopyBackward0>)
Memory status after this epoch: 
Memory allocated:  1.93994140625
Memory cached:  8.0
	 epoch  90 training error:  tensor(73.8739, grad_fn=<ToCopyBackward0>)
Memory status after this epoch: 
Memory allocated:  1.93994140625
Memory cached:  6.0
[I 2024-03-11 15:50:18,693] Trial 8 finished with value: 66.53350067138672 and parameters: {'log_learning_rate': -2.9822486628392912, 'log_learning_rate_D': -2.479970679259301, 'log_learning_rate_D_dagger': -4.379485043082489, 'training_batch_size': 11, 'training_p': 2}. Best is trial 5 with value: 0.7055261731147766.
Time for this trial:  101.77692866325378
Memory status after this trial: 
Memory allocated:  3.3525390625
Memory cached:  6.0
--------------------  Trial  9   --------------------
Start timing: 
Parameters: 
{'log_learning_rate': -1.539411352199628, 'log_learning_rate_D': -4.804863820970217, 'log_learning_rate_D_dagger': -4.00162185520995, 'training_batch_size': 10, 'training_p': 6}
	 epoch  0 training error:  tensor(222.9628, grad_fn=<ToCopyBackward0>)
Memory status after this epoch: 
Memory allocated:  1.93994140625
Memory cached:  6.0
	 epoch  10 training error:  tensor(221.8929, grad_fn=<ToCopyBackward0>)
Memory status after this epoch: 
Memory allocated:  1.93994140625
Memory cached:  8.0
	 epoch  20 training error:  tensor(220.8252, grad_fn=<ToCopyBackward0>)
Memory status after this epoch: 
Memory allocated:  1.93994140625
Memory cached:  8.0
	 epoch  30 training error:  tensor(219.7619, grad_fn=<ToCopyBackward0>)
Memory status after this epoch: 
Memory allocated:  1.93994140625
Memory cached:  8.0
	 epoch  40 training error:  tensor(218.7100, grad_fn=<ToCopyBackward0>)
Memory status after this epoch: 
Memory allocated:  1.93994140625
Memory cached:  8.0
	 epoch  50 training error:  tensor(217.6861, grad_fn=<ToCopyBackward0>)
Memory status after this epoch: 
Memory allocated:  1.93994140625
Memory cached:  8.0
	 epoch  60 training error:  tensor(216.7070, grad_fn=<ToCopyBackward0>)
Memory status after this epoch: 
Memory allocated:  1.93994140625
Memory cached:  8.0
	 epoch  70 training error:  tensor(215.7711, grad_fn=<ToCopyBackward0>)
Memory status after this epoch: 
Memory allocated:  1.93994140625
Memory cached:  8.0
	 epoch  80 training error:  tensor(214.8670, grad_fn=<ToCopyBackward0>)
Memory status after this epoch: 
Memory allocated:  1.93994140625
Memory cached:  8.0
	 epoch  90 training error:  tensor(213.9859, grad_fn=<ToCopyBackward0>)
Memory status after this epoch: 
Memory allocated:  1.93994140625
Memory cached:  6.0
[I 2024-03-11 15:52:00,741] Trial 9 finished with value: 125.29304504394531 and parameters: {'log_learning_rate': -1.539411352199628, 'log_learning_rate_D': -4.804863820970217, 'log_learning_rate_D_dagger': -4.00162185520995, 'training_batch_size': 10, 'training_p': 6}. Best is trial 5 with value: 0.7055261731147766.
Time for this trial:  101.84232330322266
Memory status after this trial: 
Memory allocated:  3.3525390625
Memory cached:  6.0
--------------------  Trial  10   --------------------
Start timing: 
Parameters: 
{'log_learning_rate': -1.838183823299353, 'log_learning_rate_D': -4.337167162507627, 'log_learning_rate_D_dagger': -4.832860088263093, 'training_batch_size': 6, 'training_p': 5}
	 epoch  0 training error:  tensor(155.7326, grad_fn=<ToCopyBackward0>)
Memory status after this epoch: 
Memory allocated:  1.94189453125
Memory cached:  4.0
	 epoch  10 training error:  tensor(154.5678, grad_fn=<ToCopyBackward0>)
Memory status after this epoch: 
Memory allocated:  1.94189453125
Memory cached:  4.0
	 epoch  20 training error:  tensor(153.4177, grad_fn=<ToCopyBackward0>)
Memory status after this epoch: 
Memory allocated:  1.94189453125
Memory cached:  4.0
	 epoch  30 training error:  tensor(152.3650, grad_fn=<ToCopyBackward0>)
Memory status after this epoch: 
Memory allocated:  1.94189453125
Memory cached:  4.0
	 epoch  40 training error:  tensor(151.4984, grad_fn=<ToCopyBackward0>)
Memory status after this epoch: 
Memory allocated:  1.94189453125
Memory cached:  4.0
	 epoch  50 training error:  tensor(150.7577, grad_fn=<ToCopyBackward0>)
Memory status after this epoch: 
Memory allocated:  1.94189453125
Memory cached:  4.0
	 epoch  60 training error:  tensor(150.0809, grad_fn=<ToCopyBackward0>)
Memory status after this epoch: 
Memory allocated:  1.94189453125
Memory cached:  4.0
	 epoch  70 training error:  tensor(149.4451, grad_fn=<ToCopyBackward0>)
Memory status after this epoch: 
Memory allocated:  1.94189453125
Memory cached:  4.0
	 epoch  80 training error:  tensor(148.8217, grad_fn=<ToCopyBackward0>)
Memory status after this epoch: 
Memory allocated:  1.94189453125
Memory cached:  4.0
	 epoch  90 training error:  tensor(148.2029, grad_fn=<ToCopyBackward0>)
Memory status after this epoch: 
Memory allocated:  1.94189453125
Memory cached:  4.0
[I 2024-03-11 15:59:30,991] Trial 10 finished with value: 91.22071075439453 and parameters: {'log_learning_rate': -1.838183823299353, 'log_learning_rate_D': -4.337167162507627, 'log_learning_rate_D_dagger': -4.832860088263093, 'training_batch_size': 6, 'training_p': 5}. Best is trial 5 with value: 0.7055261731147766.
Time for this trial:  450.0279428958893
Memory status after this trial: 
Memory allocated:  3.4521484375
Memory cached:  4.0
--------------------  Trial  11   --------------------
Start timing: 
Parameters: 
{'log_learning_rate': -1.8201583027026569, 'log_learning_rate_D': -3.94569135116793, 'log_learning_rate_D_dagger': -2.4052766960014584, 'training_batch_size': 8, 'training_p': 3}
	 epoch  0 training error:  tensor(8.8775, grad_fn=<ToCopyBackward0>)
Memory status after this epoch: 
Memory allocated:  1.84228515625
Memory cached:  4.0
	 epoch  10 training error:  tensor(1.7661, grad_fn=<ToCopyBackward0>)
Memory status after this epoch: 
Memory allocated:  1.84228515625
Memory cached:  4.0
	 epoch  20 training error:  tensor(0.8043, grad_fn=<ToCopyBackward0>)
Memory status after this epoch: 
Memory allocated:  1.84228515625
Memory cached:  4.0
	 epoch  30 training error:  tensor(0.6125, grad_fn=<ToCopyBackward0>)
Memory status after this epoch: 
Memory allocated:  1.84228515625
Memory cached:  4.0
	 epoch  40 training error:  tensor(0.5747, grad_fn=<ToCopyBackward0>)
Memory status after this epoch: 
Memory allocated:  1.84228515625
Memory cached:  4.0
	 epoch  50 training error:  tensor(0.5535, grad_fn=<ToCopyBackward0>)
Memory status after this epoch: 
Memory allocated:  1.84228515625
Memory cached:  4.0
	 epoch  60 training error:  tensor(0.5345, grad_fn=<ToCopyBackward0>)
Memory status after this epoch: 
Memory allocated:  1.84228515625
Memory cached:  4.0
	 epoch  70 training error:  tensor(0.5155, grad_fn=<ToCopyBackward0>)
Memory status after this epoch: 
Memory allocated:  1.84228515625
Memory cached:  4.0
	 epoch  80 training error:  tensor(0.4975, grad_fn=<ToCopyBackward0>)
Memory status after this epoch: 
Memory allocated:  1.84228515625
Memory cached:  4.0
	 epoch  90 training error:  tensor(0.4839, grad_fn=<ToCopyBackward0>)
Memory status after this epoch: 
Memory allocated:  1.84228515625
Memory cached:  4.0
[I 2024-03-11 16:02:41,037] Trial 11 finished with value: 0.46003055572509766 and parameters: {'log_learning_rate': -1.8201583027026569, 'log_learning_rate_D': -3.94569135116793, 'log_learning_rate_D_dagger': -2.4052766960014584, 'training_batch_size': 8, 'training_p': 3}. Best is trial 11 with value: 0.46003055572509766.
res:  tensor(0.4600, grad_fn=<ToCopyBackward0>)
self.bestValue:  tensor(0.7055, grad_fn=<ToCopyBackward0>)
Save this model!
Time for this trial:  189.83395552635193
Memory status after this trial: 
Memory allocated:  1.81201171875
Memory cached:  4.0
--------------------  Trial  12   --------------------
Start timing: 
Parameters: 
{'log_learning_rate': -4.41947521692401, 'log_learning_rate_D': -3.8088109694297194, 'log_learning_rate_D_dagger': -3.3199546269615245, 'training_batch_size': 9, 'training_p': 2}
	 epoch  0 training error:  tensor(48.7781, grad_fn=<ToCopyBackward0>)
Memory status after this epoch: 
Memory allocated:  1.93994140625
Memory cached:  8.0
	 epoch  10 training error:  tensor(47.3242, grad_fn=<ToCopyBackward0>)
Memory status after this epoch: 
Memory allocated:  1.93994140625
Memory cached:  8.0
	 epoch  20 training error:  tensor(45.8954, grad_fn=<ToCopyBackward0>)
Memory status after this epoch: 
Memory allocated:  1.93994140625
Memory cached:  8.0
	 epoch  30 training error:  tensor(44.4941, grad_fn=<ToCopyBackward0>)
Memory status after this epoch: 
Memory allocated:  1.93994140625
Memory cached:  8.0
	 epoch  40 training error:  tensor(43.1220, grad_fn=<ToCopyBackward0>)
Memory status after this epoch: 
Memory allocated:  1.93994140625
Memory cached:  8.0
	 epoch  50 training error:  tensor(41.7799, grad_fn=<ToCopyBackward0>)
Memory status after this epoch: 
Memory allocated:  1.93994140625
Memory cached:  8.0
	 epoch  60 training error:  tensor(40.4679, grad_fn=<ToCopyBackward0>)
Memory status after this epoch: 
Memory allocated:  1.93994140625
Memory cached:  8.0
	 epoch  70 training error:  tensor(39.1858, grad_fn=<ToCopyBackward0>)
Memory status after this epoch: 
Memory allocated:  1.93994140625
Memory cached:  8.0
	 epoch  80 training error:  tensor(37.9334, grad_fn=<ToCopyBackward0>)
Memory status after this epoch: 
Memory allocated:  1.93994140625
Memory cached:  6.0
	 epoch  90 training error:  tensor(36.7101, grad_fn=<ToCopyBackward0>)
Memory status after this epoch: 
Memory allocated:  1.93994140625
Memory cached:  6.0
[I 2024-03-11 16:04:24,807] Trial 12 finished with value: 31.676660537719727 and parameters: {'log_learning_rate': -4.41947521692401, 'log_learning_rate_D': -3.8088109694297194, 'log_learning_rate_D_dagger': -3.3199546269615245, 'training_batch_size': 9, 'training_p': 2}. Best is trial 11 with value: 0.46003055572509766.
Time for this trial:  103.56575417518616
Memory status after this trial: 
Memory allocated:  3.3525390625
Memory cached:  6.0
--------------------  Trial  13   --------------------
Start timing: 
Parameters: 
{'log_learning_rate': -1.2634421050497067, 'log_learning_rate_D': -4.23728207811169, 'log_learning_rate_D_dagger': -2.0481981157665965, 'training_batch_size': 10, 'training_p': 5}
	 epoch  0 training error:  tensor(143.9256, grad_fn=<ToCopyBackward0>)
Memory status after this epoch: 
Memory allocated:  1.93994140625
Memory cached:  8.0
	 epoch  10 training error:  tensor(93.1700, grad_fn=<ToCopyBackward0>)
Memory status after this epoch: 
Memory allocated:  1.93994140625
Memory cached:  8.0
	 epoch  20 training error:  tensor(55.1207, grad_fn=<ToCopyBackward0>)
Memory status after this epoch: 
Memory allocated:  1.93994140625
Memory cached:  8.0
	 epoch  30 training error:  tensor(29.7906, grad_fn=<ToCopyBackward0>)
Memory status after this epoch: 
Memory allocated:  1.93994140625
Memory cached:  8.0
	 epoch  40 training error:  tensor(14.4211, grad_fn=<ToCopyBackward0>)
Memory status after this epoch: 
Memory allocated:  1.93994140625
Memory cached:  8.0
	 epoch  50 training error:  tensor(6.1086, grad_fn=<ToCopyBackward0>)
Memory status after this epoch: 
Memory allocated:  1.93994140625
Memory cached:  8.0
	 epoch  60 training error:  tensor(2.0540, grad_fn=<ToCopyBackward0>)
Memory status after this epoch: 
Memory allocated:  1.93994140625
Memory cached:  8.0
	 epoch  70 training error:  tensor(0.8586, grad_fn=<ToCopyBackward0>)
Memory status after this epoch: 
Memory allocated:  1.93994140625
Memory cached:  8.0
	 epoch  80 training error:  tensor(0.8211, grad_fn=<ToCopyBackward0>)
Memory status after this epoch: 
Memory allocated:  1.93994140625
Memory cached:  6.0
	 epoch  90 training error:  tensor(0.6041, grad_fn=<ToCopyBackward0>)
Memory status after this epoch: 
Memory allocated:  1.93994140625
Memory cached:  6.0
