[I 2024-01-10 16:25:44,792] Trial 10 finished with value: 0.48392635583877563 and parameters: {'W_layers': 2, 'W_layer_units_exponent_0': 6, 'W_layer_units_exponent_1': 6, 'D_layers': 2, 'D_layer_units_exponent_0': 4, 'D_layer_units_exponent_1': 4, 'D_dagger_layers': 2, 'D_dagger_layer_units_exponent_0': 10, 'D_dagger_layer_units_exponent_1': 7, 'log_learning_rate': -1.320906628956243, 'log_learning_rate_D': -1.0211371977512635, 'log_learning_rate_D_dagger': -1.4381688382409248, 'training_batch_size': 6, 'training_p': 8}. Best is trial 9 with value: 0.18485425412654877.
Time for this trial:  295.6937277317047
Memory status after this trial: 
Memory allocated:  500.3427734375
Memory cached:  630.0
--------------------  Trial  11   --------------------
Start timing: 
Parameters: 
{'W_layers': 5, 'W_layer_units_exponent_0': 5, 'W_layer_units_exponent_1': 6, 'W_layer_units_exponent_2': 7, 'W_layer_units_exponent_3': 6, 'W_layer_units_exponent_4': 10, 'D_layers': 3, 'D_layer_units_exponent_0': 7, 'D_layer_units_exponent_1': 4, 'D_layer_units_exponent_2': 8, 'D_dagger_layers': 4, 'D_dagger_layer_units_exponent_0': 10, 'D_dagger_layer_units_exponent_1': 6, 'D_dagger_layer_units_exponent_2': 10, 'D_dagger_layer_units_exponent_3': 10, 'log_learning_rate': -3.6870879253895157, 'log_learning_rate_D': -4.926188872950201, 'log_learning_rate_D_dagger': -2.4113428305218103, 'training_batch_size': 6, 'training_p': 7}
	 epoch  0 training error:  tensor(9.5843, device='cuda:0', grad_fn=<DivBackward0>)
Memory status after this epoch: 
Memory allocated:  381.52880859375
Memory cached:  680.0
	 epoch  10 training error:  tensor(0.8488, device='cuda:0', grad_fn=<DivBackward0>)
Memory status after this epoch: 
Memory allocated:  381.52880859375
Memory cached:  714.0
	 epoch  20 training error:  tensor(0.4597, device='cuda:0', grad_fn=<DivBackward0>)
Memory status after this epoch: 
Memory allocated:  381.52880859375
Memory cached:  706.0
	 epoch  30 training error:  tensor(0.3689, device='cuda:0', grad_fn=<DivBackward0>)
Memory status after this epoch: 
Memory allocated:  381.52880859375
Memory cached:  710.0
	 epoch  40 training error:  tensor(0.4091, device='cuda:0', grad_fn=<DivBackward0>)
Memory status after this epoch: 
Memory allocated:  381.52880859375
Memory cached:  716.0
	 epoch  50 training error:  tensor(0.3853, device='cuda:0', grad_fn=<DivBackward0>)
Memory status after this epoch: 
Memory allocated:  381.52880859375
Memory cached:  716.0
	 epoch  60 training error:  tensor(0.3765, device='cuda:0', grad_fn=<DivBackward0>)
Memory status after this epoch: 
Memory allocated:  381.52880859375
Memory cached:  720.0
	 epoch  70 training error:  tensor(0.4070, device='cuda:0', grad_fn=<DivBackward0>)
Memory status after this epoch: 
Memory allocated:  381.52880859375
Memory cached:  720.0
	 epoch  80 training error:  tensor(0.3851, device='cuda:0', grad_fn=<DivBackward0>)
Memory status after this epoch: 
Memory allocated:  381.52880859375
Memory cached:  720.0
	 epoch  90 training error:  tensor(0.3685, device='cuda:0', grad_fn=<DivBackward0>)
Memory status after this epoch: 
Memory allocated:  381.52880859375
Memory cached:  714.0
[I 2024-01-10 16:33:16,542] Trial 11 finished with value: 0.2809676229953766 and parameters: {'W_layers': 5, 'W_layer_units_exponent_0': 5, 'W_layer_units_exponent_1': 6, 'W_layer_units_exponent_2': 7, 'W_layer_units_exponent_3': 6, 'W_layer_units_exponent_4': 10, 'D_layers': 3, 'D_layer_units_exponent_0': 7, 'D_layer_units_exponent_1': 4, 'D_layer_units_exponent_2': 8, 'D_dagger_layers': 4, 'D_dagger_layer_units_exponent_0': 10, 'D_dagger_layer_units_exponent_1': 6, 'D_dagger_layer_units_exponent_2': 10, 'D_dagger_layer_units_exponent_3': 10, 'log_learning_rate': -3.6870879253895157, 'log_learning_rate_D': -4.926188872950201, 'log_learning_rate_D_dagger': -2.4113428305218103, 'training_batch_size': 6, 'training_p': 7}. Best is trial 9 with value: 0.18485425412654877.
Time for this trial:  451.39009714126587
Memory status after this trial: 
Memory allocated:  854.3857421875
Memory cached:  862.0
--------------------  Trial  12   --------------------
Start timing: 
Parameters: 
{'W_layers': 5, 'W_layer_units_exponent_0': 5, 'W_layer_units_exponent_1': 8, 'W_layer_units_exponent_2': 7, 'W_layer_units_exponent_3': 10, 'W_layer_units_exponent_4': 10, 'D_layers': 6, 'D_layer_units_exponent_0': 8, 'D_layer_units_exponent_1': 5, 'D_layer_units_exponent_2': 4, 'D_layer_units_exponent_3': 4, 'D_layer_units_exponent_4': 6, 'D_layer_units_exponent_5': 10, 'D_dagger_layers': 4, 'D_dagger_layer_units_exponent_0': 9, 'D_dagger_layer_units_exponent_1': 7, 'D_dagger_layer_units_exponent_2': 7, 'D_dagger_layer_units_exponent_3': 10, 'log_learning_rate': -3.4874126052330388, 'log_learning_rate_D': -3.7239065668774396, 'log_learning_rate_D_dagger': -1.0319204054836875, 'training_batch_size': 6, 'training_p': 4}
	 epoch  0 training error:  tensor(3304.4949, device='cuda:0', grad_fn=<DivBackward0>)
Memory status after this epoch: 
Memory allocated:  385.19287109375
Memory cached:  694.0
	 epoch  10 training error:  tensor(84.7283, device='cuda:0', grad_fn=<DivBackward0>)
Memory status after this epoch: 
Memory allocated:  385.19287109375
Memory cached:  722.0
	 epoch  20 training error:  tensor(67.0212, device='cuda:0', grad_fn=<DivBackward0>)
Memory status after this epoch: 
Memory allocated:  385.19287109375
Memory cached:  730.0
	 epoch  30 training error:  tensor(5.4764, device='cuda:0', grad_fn=<DivBackward0>)
Memory status after this epoch: 
Memory allocated:  385.19287109375
Memory cached:  728.0
	 epoch  40 training error:  tensor(0.8366, device='cuda:0', grad_fn=<DivBackward0>)
Memory status after this epoch: 
Memory allocated:  385.19287109375
Memory cached:  718.0
	 epoch  50 training error:  tensor(0.3866, device='cuda:0', grad_fn=<DivBackward0>)
Memory status after this epoch: 
Memory allocated:  385.19287109375
Memory cached:  726.0
	 epoch  60 training error:  tensor(0.3586, device='cuda:0', grad_fn=<DivBackward0>)
Memory status after this epoch: 
Memory allocated:  385.19287109375
Memory cached:  734.0
	 epoch  70 training error:  tensor(0.3614, device='cuda:0', grad_fn=<DivBackward0>)
Memory status after this epoch: 
Memory allocated:  385.19287109375
Memory cached:  730.0
	 epoch  80 training error:  tensor(0.3119, device='cuda:0', grad_fn=<DivBackward0>)
Memory status after this epoch: 
Memory allocated:  385.19287109375
Memory cached:  720.0
	 epoch  90 training error:  tensor(0.3093, device='cuda:0', grad_fn=<DivBackward0>)
Memory status after this epoch: 
Memory allocated:  385.19287109375
Memory cached:  738.0
[I 2024-01-10 16:42:00,498] Trial 12 finished with value: 0.2303898185491562 and parameters: {'W_layers': 5, 'W_layer_units_exponent_0': 5, 'W_layer_units_exponent_1': 8, 'W_layer_units_exponent_2': 7, 'W_layer_units_exponent_3': 10, 'W_layer_units_exponent_4': 10, 'D_layers': 6, 'D_layer_units_exponent_0': 8, 'D_layer_units_exponent_1': 5, 'D_layer_units_exponent_2': 4, 'D_layer_units_exponent_3': 4, 'D_layer_units_exponent_4': 6, 'D_layer_units_exponent_5': 10, 'D_dagger_layers': 4, 'D_dagger_layer_units_exponent_0': 9, 'D_dagger_layer_units_exponent_1': 7, 'D_dagger_layer_units_exponent_2': 7, 'D_dagger_layer_units_exponent_3': 10, 'log_learning_rate': -3.4874126052330388, 'log_learning_rate_D': -3.7239065668774396, 'log_learning_rate_D_dagger': -1.0319204054836875, 'training_batch_size': 6, 'training_p': 4}. Best is trial 9 with value: 0.18485425412654877.
Time for this trial:  523.4792158603668
Memory status after this trial: 
Memory allocated:  930.69775390625
Memory cached:  940.0
--------------------  Trial  13   --------------------
Start timing: 
Parameters: 
{'W_layers': 2, 'W_layer_units_exponent_0': 6, 'W_layer_units_exponent_1': 5, 'D_layers': 7, 'D_layer_units_exponent_0': 10, 'D_layer_units_exponent_1': 5, 'D_layer_units_exponent_2': 7, 'D_layer_units_exponent_3': 6, 'D_layer_units_exponent_4': 4, 'D_layer_units_exponent_5': 4, 'D_layer_units_exponent_6': 4, 'D_dagger_layers': 5, 'D_dagger_layer_units_exponent_0': 9, 'D_dagger_layer_units_exponent_1': 8, 'D_dagger_layer_units_exponent_2': 10, 'D_dagger_layer_units_exponent_3': 4, 'D_dagger_layer_units_exponent_4': 10, 'log_learning_rate': -3.473083880775724, 'log_learning_rate_D': -2.204366698541935, 'log_learning_rate_D_dagger': -2.955011005877048, 'training_batch_size': 7, 'training_p': 6}
	 epoch  0 training error:  tensor(0.7803, device='cuda:0', grad_fn=<DivBackward0>)
Memory status after this epoch: 
Memory allocated:  369.32470703125
Memory cached:  642.0
	 epoch  10 training error:  tensor(0.4267, device='cuda:0', grad_fn=<DivBackward0>)
Memory status after this epoch: 
Memory allocated:  369.32470703125
Memory cached:  662.0
	 epoch  20 training error:  tensor(0.4072, device='cuda:0', grad_fn=<DivBackward0>)
Memory status after this epoch: 
Memory allocated:  369.32470703125
Memory cached:  658.0
	 epoch  30 training error:  tensor(0.3699, device='cuda:0', grad_fn=<DivBackward0>)
Memory status after this epoch: 
Memory allocated:  369.32470703125
Memory cached:  656.0
	 epoch  40 training error:  tensor(0.4199, device='cuda:0', grad_fn=<DivBackward0>)
Memory status after this epoch: 
Memory allocated:  369.32470703125
Memory cached:  652.0
	 epoch  50 training error:  tensor(0.3628, device='cuda:0', grad_fn=<DivBackward0>)
Memory status after this epoch: 
Memory allocated:  369.32470703125
Memory cached:  658.0
	 epoch  60 training error:  tensor(0.3621, device='cuda:0', grad_fn=<DivBackward0>)
Memory status after this epoch: 
Memory allocated:  369.32470703125
Memory cached:  654.0
	 epoch  70 training error:  tensor(0.3670, device='cuda:0', grad_fn=<DivBackward0>)
Memory status after this epoch: 
Memory allocated:  369.32470703125
Memory cached:  648.0
	 epoch  80 training error:  tensor(0.3578, device='cuda:0', grad_fn=<DivBackward0>)
Memory status after this epoch: 
Memory allocated:  369.32470703125
Memory cached:  656.0
	 epoch  90 training error:  tensor(0.3602, device='cuda:0', grad_fn=<DivBackward0>)
Memory status after this epoch: 
Memory allocated:  369.32470703125
Memory cached:  650.0
[I 2024-01-10 16:48:04,586] Trial 13 finished with value: 0.21459078788757324 and parameters: {'W_layers': 2, 'W_layer_units_exponent_0': 6, 'W_layer_units_exponent_1': 5, 'D_layers': 7, 'D_layer_units_exponent_0': 10, 'D_layer_units_exponent_1': 5, 'D_layer_units_exponent_2': 7, 'D_layer_units_exponent_3': 6, 'D_layer_units_exponent_4': 4, 'D_layer_units_exponent_5': 4, 'D_layer_units_exponent_6': 4, 'D_dagger_layers': 5, 'D_dagger_layer_units_exponent_0': 9, 'D_dagger_layer_units_exponent_1': 8, 'D_dagger_layer_units_exponent_2': 10, 'D_dagger_layer_units_exponent_3': 4, 'D_dagger_layer_units_exponent_4': 10, 'log_learning_rate': -3.473083880775724, 'log_learning_rate_D': -2.204366698541935, 'log_learning_rate_D_dagger': -2.955011005877048, 'training_batch_size': 7, 'training_p': 6}. Best is trial 9 with value: 0.18485425412654877.
Time for this trial:  363.6991536617279
Memory status after this trial: 
Memory allocated:  799.41357421875
Memory cached:  816.0
--------------------  Trial  14   --------------------
Start timing: 
Parameters: 
{'W_layers': 2, 'W_layer_units_exponent_0': 6, 'W_layer_units_exponent_1': 5, 'D_layers': 8, 'D_layer_units_exponent_0': 10, 'D_layer_units_exponent_1': 6, 'D_layer_units_exponent_2': 6, 'D_layer_units_exponent_3': 6, 'D_layer_units_exponent_4': 10, 'D_layer_units_exponent_5': 9, 'D_layer_units_exponent_6': 4, 'D_layer_units_exponent_7': 10, 'D_dagger_layers': 4, 'D_dagger_layer_units_exponent_0': 9, 'D_dagger_layer_units_exponent_1': 8, 'D_dagger_layer_units_exponent_2': 10, 'D_dagger_layer_units_exponent_3': 4, 'log_learning_rate': -3.283537305274186, 'log_learning_rate_D': -2.275145566453375, 'log_learning_rate_D_dagger': -3.191153248139259, 'training_batch_size': 8, 'training_p': 7}
	 epoch  0 training error:  tensor(1.0001, device='cuda:0', grad_fn=<DivBackward0>)
Memory status after this epoch: 
Memory allocated:  378.93212890625
Memory cached:  642.0
	 epoch  10 training error:  tensor(0.4762, device='cuda:0', grad_fn=<DivBackward0>)
Memory status after this epoch: 
Memory allocated:  378.93212890625
Memory cached:  646.0
	 epoch  20 training error:  tensor(0.4770, device='cuda:0', grad_fn=<DivBackward0>)
Memory status after this epoch: 
Memory allocated:  378.93212890625
Memory cached:  660.0
	 epoch  30 training error:  tensor(0.4116, device='cuda:0', grad_fn=<DivBackward0>)
Memory status after this epoch: 
Memory allocated:  378.93212890625
Memory cached:  644.0
	 epoch  40 training error:  tensor(0.3674, device='cuda:0', grad_fn=<DivBackward0>)
Memory status after this epoch: 
Memory allocated:  378.93212890625
Memory cached:  642.0
	 epoch  50 training error:  tensor(0.3559, device='cuda:0', grad_fn=<DivBackward0>)
Memory status after this epoch: 
Memory allocated:  378.93212890625
Memory cached:  644.0
	 epoch  60 training error:  tensor(0.3997, device='cuda:0', grad_fn=<DivBackward0>)
Memory status after this epoch: 
Memory allocated:  378.93212890625
Memory cached:  644.0
	 epoch  70 training error:  tensor(0.3638, device='cuda:0', grad_fn=<DivBackward0>)
Memory status after this epoch: 
Memory allocated:  378.93212890625
Memory cached:  646.0
	 epoch  80 training error:  tensor(0.3565, device='cuda:0', grad_fn=<DivBackward0>)
Memory status after this epoch: 
Memory allocated:  378.93212890625
Memory cached:  644.0
	 epoch  90 training error:  tensor(0.3378, device='cuda:0', grad_fn=<DivBackward0>)
Memory status after this epoch: 
Memory allocated:  378.93212890625
Memory cached:  646.0
[I 2024-01-10 16:52:15,528] Trial 14 finished with value: 0.20283976197242737 and parameters: {'W_layers': 2, 'W_layer_units_exponent_0': 6, 'W_layer_units_exponent_1': 5, 'D_layers': 8, 'D_layer_units_exponent_0': 10, 'D_layer_units_exponent_1': 6, 'D_layer_units_exponent_2': 6, 'D_layer_units_exponent_3': 6, 'D_layer_units_exponent_4': 10, 'D_layer_units_exponent_5': 9, 'D_layer_units_exponent_6': 4, 'D_layer_units_exponent_7': 10, 'D_dagger_layers': 4, 'D_dagger_layer_units_exponent_0': 9, 'D_dagger_layer_units_exponent_1': 8, 'D_dagger_layer_units_exponent_2': 10, 'D_dagger_layer_units_exponent_3': 4, 'log_learning_rate': -3.283537305274186, 'log_learning_rate_D': -2.275145566453375, 'log_learning_rate_D_dagger': -3.191153248139259, 'training_batch_size': 8, 'training_p': 7}. Best is trial 9 with value: 0.18485425412654877.
Time for this trial:  250.5932810306549
Memory status after this trial: 
Memory allocated:  958.9072265625
Memory cached:  972.0
--------------------  Trial  15   --------------------
Start timing: 
Parameters: 
{'W_layers': 3, 'W_layer_units_exponent_0': 6, 'W_layer_units_exponent_1': 5, 'W_layer_units_exponent_2': 10, 'D_layers': 8, 'D_layer_units_exponent_0': 6, 'D_layer_units_exponent_1': 6, 'D_layer_units_exponent_2': 5, 'D_layer_units_exponent_3': 6, 'D_layer_units_exponent_4': 10, 'D_layer_units_exponent_5': 10, 'D_layer_units_exponent_6': 4, 'D_layer_units_exponent_7': 10, 'D_dagger_layers': 3, 'D_dagger_layer_units_exponent_0': 10, 'D_dagger_layer_units_exponent_1': 8, 'D_dagger_layer_units_exponent_2': 10, 'log_learning_rate': -3.0349279461164818, 'log_learning_rate_D': -2.0673901190324027, 'log_learning_rate_D_dagger': -3.492045070431585, 'training_batch_size': 8, 'training_p': 7}
	 epoch  0 training error:  tensor(1.0551, device='cuda:0', grad_fn=<DivBackward0>)
Memory status after this epoch: 
Memory allocated:  388.35205078125
Memory cached:  664.0
	 epoch  10 training error:  tensor(0.4794, device='cuda:0', grad_fn=<DivBackward0>)
Memory status after this epoch: 
Memory allocated:  388.35205078125
Memory cached:  684.0
	 epoch  20 training error:  tensor(0.3960, device='cuda:0', grad_fn=<DivBackward0>)
Memory status after this epoch: 
Memory allocated:  388.35205078125
Memory cached:  700.0
	 epoch  30 training error:  tensor(0.3780, device='cuda:0', grad_fn=<DivBackward0>)
Memory status after this epoch: 
Memory allocated:  388.35205078125
Memory cached:  684.0
	 epoch  40 training error:  tensor(0.3738, device='cuda:0', grad_fn=<DivBackward0>)
Memory status after this epoch: 
Memory allocated:  388.35205078125
Memory cached:  690.0
	 epoch  50 training error:  tensor(0.3747, device='cuda:0', grad_fn=<DivBackward0>)
Memory status after this epoch: 
Memory allocated:  388.35205078125
Memory cached:  688.0
	 epoch  60 training error:  tensor(0.3658, device='cuda:0', grad_fn=<DivBackward0>)
Memory status after this epoch: 
Memory allocated:  388.35205078125
Memory cached:  690.0
	 epoch  70 training error:  tensor(0.3856, device='cuda:0', grad_fn=<DivBackward0>)
Memory status after this epoch: 
Memory allocated:  388.35205078125
Memory cached:  688.0
	 epoch  80 training error:  tensor(0.3789, device='cuda:0', grad_fn=<DivBackward0>)
Memory status after this epoch: 
Memory allocated:  388.35205078125
Memory cached:  692.0
	 epoch  90 training error:  tensor(0.3817, device='cuda:0', grad_fn=<DivBackward0>)
Memory status after this epoch: 
Memory allocated:  388.35205078125
Memory cached:  686.0
[I 2024-01-10 16:56:36,091] Trial 15 finished with value: 0.23914921283721924 and parameters: {'W_layers': 3, 'W_layer_units_exponent_0': 6, 'W_layer_units_exponent_1': 5, 'W_layer_units_exponent_2': 10, 'D_layers': 8, 'D_layer_units_exponent_0': 6, 'D_layer_units_exponent_1': 6, 'D_layer_units_exponent_2': 5, 'D_layer_units_exponent_3': 6, 'D_layer_units_exponent_4': 10, 'D_layer_units_exponent_5': 10, 'D_layer_units_exponent_6': 4, 'D_layer_units_exponent_7': 10, 'D_dagger_layers': 3, 'D_dagger_layer_units_exponent_0': 10, 'D_dagger_layer_units_exponent_1': 8, 'D_dagger_layer_units_exponent_2': 10, 'log_learning_rate': -3.0349279461164818, 'log_learning_rate_D': -2.0673901190324027, 'log_learning_rate_D_dagger': -3.492045070431585, 'training_batch_size': 8, 'training_p': 7}. Best is trial 9 with value: 0.18485425412654877.
Time for this trial:  260.15595865249634
Memory status after this trial: 
Memory allocated:  1044.6962890625
Memory cached:  1076.0
--------------------  Trial  16   --------------------
Start timing: 
Parameters: 
{'W_layers': 4, 'W_layer_units_exponent_0': 7, 'W_layer_units_exponent_1': 5, 'W_layer_units_exponent_2': 8, 'W_layer_units_exponent_3': 4, 'D_layers': 3, 'D_layer_units_exponent_0': 5, 'D_layer_units_exponent_1': 6, 'D_layer_units_exponent_2': 5, 'D_dagger_layers': 4, 'D_dagger_layer_units_exponent_0': 8, 'D_dagger_layer_units_exponent_1': 9, 'D_dagger_layer_units_exponent_2': 7, 'D_dagger_layer_units_exponent_3': 4, 'log_learning_rate': -3.1090814098898347, 'log_learning_rate_D': -2.484522439464815, 'log_learning_rate_D_dagger': -3.6127159166902376, 'training_batch_size': 9, 'training_p': 7}
	 epoch  0 training error:  tensor(1.0390, device='cuda:0', grad_fn=<DivBackward0>)
Memory status after this epoch: 
Memory allocated:  365.39501953125
Memory cached:  668.0
	 epoch  10 training error:  tensor(0.4454, device='cuda:0', grad_fn=<DivBackward0>)
Memory status after this epoch: 
Memory allocated:  365.39501953125
Memory cached:  708.0
	 epoch  20 training error:  tensor(0.4163, device='cuda:0', grad_fn=<DivBackward0>)
Memory status after this epoch: 
Memory allocated:  365.39501953125
Memory cached:  710.0
	 epoch  30 training error:  tensor(0.3954, device='cuda:0', grad_fn=<DivBackward0>)
Memory status after this epoch: 
Memory allocated:  365.39501953125
Memory cached:  704.0
	 epoch  40 training error:  tensor(0.3829, device='cuda:0', grad_fn=<DivBackward0>)
Memory status after this epoch: 
Memory allocated:  365.39501953125
Memory cached:  706.0
	 epoch  50 training error:  tensor(0.3727, device='cuda:0', grad_fn=<DivBackward0>)
Memory status after this epoch: 
Memory allocated:  365.39501953125
Memory cached:  690.0
	 epoch  60 training error:  tensor(0.3676, device='cuda:0', grad_fn=<DivBackward0>)
Memory status after this epoch: 
Memory allocated:  365.39501953125
Memory cached:  692.0
	 epoch  70 training error:  tensor(0.3641, device='cuda:0', grad_fn=<DivBackward0>)
Memory status after this epoch: 
Memory allocated:  365.39501953125
Memory cached:  692.0
	 epoch  80 training error:  tensor(0.3619, device='cuda:0', grad_fn=<DivBackward0>)
Memory status after this epoch: 
Memory allocated:  365.39501953125
Memory cached:  686.0
	 epoch  90 training error:  tensor(0.3587, device='cuda:0', grad_fn=<DivBackward0>)
Memory status after this epoch: 
Memory allocated:  365.39501953125
Memory cached:  678.0
