[I 2024-01-12 19:24:31,275] Trial 35 finished with value: 0.35449692606925964 and parameters: {'W_layers': 6, 'W_layer_units_exponent_0': 9, 'W_layer_units_exponent_1': 10, 'W_layer_units_exponent_2': 6, 'W_layer_units_exponent_3': 10, 'W_layer_units_exponent_4': 6, 'W_layer_units_exponent_5': 7, 'D_layers': 4, 'D_layer_units_exponent_0': 9, 'D_layer_units_exponent_1': 7, 'D_layer_units_exponent_2': 10, 'D_layer_units_exponent_3': 6, 'D_dagger_layers': 2, 'D_dagger_layer_units_exponent_0': 9, 'D_dagger_layer_units_exponent_1': 9, 'log_learning_rate': -4.008352363140489, 'log_learning_rate_D': -4.714102518265551, 'log_learning_rate_D_dagger': -3.5823594113316046, 'training_batch_size': 9, 'training_p': 5}. Best is trial 12 with value: 0.16188763082027435.
Time for this trial:  225.62673711776733
Memory status after this trial: 
Memory allocated:  1033.26318359375
Memory cached:  1058.0
--------------------  Trial  36   --------------------
Start timing: 
Parameters: 
{'W_layers': 2, 'W_layer_units_exponent_0': 8, 'W_layer_units_exponent_1': 8, 'D_layers': 6, 'D_layer_units_exponent_0': 8, 'D_layer_units_exponent_1': 5, 'D_layer_units_exponent_2': 6, 'D_layer_units_exponent_3': 4, 'D_layer_units_exponent_4': 6, 'D_layer_units_exponent_5': 8, 'D_dagger_layers': 4, 'D_dagger_layer_units_exponent_0': 5, 'D_dagger_layer_units_exponent_1': 10, 'D_dagger_layer_units_exponent_2': 9, 'D_dagger_layer_units_exponent_3': 6, 'log_learning_rate': -4.510346480073697, 'log_learning_rate_D': -4.428850776292001, 'log_learning_rate_D_dagger': -2.438733897869428, 'training_batch_size': 8, 'training_p': 4}
	 epoch  0 training error:  tensor(1.0133, device='cuda:0', grad_fn=<DivBackward0>)
Memory status after this epoch: 
Memory allocated:  451.70166015625
Memory cached:  780.0
	 epoch  10 training error:  tensor(0.5504, device='cuda:0', grad_fn=<DivBackward0>)
Memory status after this epoch: 
Memory allocated:  451.70166015625
Memory cached:  802.0
	 epoch  20 training error:  tensor(0.4580, device='cuda:0', grad_fn=<DivBackward0>)
Memory status after this epoch: 
Memory allocated:  451.70166015625
Memory cached:  800.0
	 epoch  30 training error:  tensor(0.4537, device='cuda:0', grad_fn=<DivBackward0>)
Memory status after this epoch: 
Memory allocated:  451.70166015625
Memory cached:  804.0
	 epoch  40 training error:  tensor(0.4291, device='cuda:0', grad_fn=<DivBackward0>)
Memory status after this epoch: 
Memory allocated:  451.70166015625
Memory cached:  804.0
	 epoch  50 training error:  tensor(0.4255, device='cuda:0', grad_fn=<DivBackward0>)
Memory status after this epoch: 
Memory allocated:  451.70166015625
Memory cached:  798.0
	 epoch  60 training error:  tensor(0.4294, device='cuda:0', grad_fn=<DivBackward0>)
Memory status after this epoch: 
Memory allocated:  451.70166015625
Memory cached:  800.0
	 epoch  70 training error:  tensor(0.4282, device='cuda:0', grad_fn=<DivBackward0>)
Memory status after this epoch: 
Memory allocated:  451.70166015625
Memory cached:  804.0
	 epoch  80 training error:  tensor(0.4281, device='cuda:0', grad_fn=<DivBackward0>)
Memory status after this epoch: 
Memory allocated:  451.70166015625
Memory cached:  800.0
	 epoch  90 training error:  tensor(0.4302, device='cuda:0', grad_fn=<DivBackward0>)
Memory status after this epoch: 
Memory allocated:  451.70166015625
Memory cached:  796.0
[I 2024-01-12 19:27:37,108] Trial 36 finished with value: 0.3246522545814514 and parameters: {'W_layers': 2, 'W_layer_units_exponent_0': 8, 'W_layer_units_exponent_1': 8, 'D_layers': 6, 'D_layer_units_exponent_0': 8, 'D_layer_units_exponent_1': 5, 'D_layer_units_exponent_2': 6, 'D_layer_units_exponent_3': 4, 'D_layer_units_exponent_4': 6, 'D_layer_units_exponent_5': 8, 'D_dagger_layers': 4, 'D_dagger_layer_units_exponent_0': 5, 'D_dagger_layer_units_exponent_1': 10, 'D_dagger_layer_units_exponent_2': 9, 'D_dagger_layer_units_exponent_3': 6, 'log_learning_rate': -4.510346480073697, 'log_learning_rate_D': -4.428850776292001, 'log_learning_rate_D_dagger': -2.438733897869428, 'training_batch_size': 8, 'training_p': 4}. Best is trial 12 with value: 0.16188763082027435.
Time for this trial:  185.45337414741516
Memory status after this trial: 
Memory allocated:  739.74609375
Memory cached:  790.0
--------------------  Trial  37   --------------------
Start timing: 
Parameters: 
{'W_layers': 5, 'W_layer_units_exponent_0': 4, 'W_layer_units_exponent_1': 9, 'W_layer_units_exponent_2': 4, 'W_layer_units_exponent_3': 7, 'W_layer_units_exponent_4': 9, 'D_layers': 5, 'D_layer_units_exponent_0': 9, 'D_layer_units_exponent_1': 8, 'D_layer_units_exponent_2': 5, 'D_layer_units_exponent_3': 5, 'D_layer_units_exponent_4': 9, 'D_dagger_layers': 6, 'D_dagger_layer_units_exponent_0': 8, 'D_dagger_layer_units_exponent_1': 9, 'D_dagger_layer_units_exponent_2': 6, 'D_dagger_layer_units_exponent_3': 9, 'D_dagger_layer_units_exponent_4': 5, 'D_dagger_layer_units_exponent_5': 4, 'log_learning_rate': -4.74768562342217, 'log_learning_rate_D': -2.86562384646494, 'log_learning_rate_D_dagger': -3.853412956635677, 'training_batch_size': 9, 'training_p': 3}
	 epoch  0 training error:  tensor(0.9868, device='cuda:0', grad_fn=<DivBackward0>)
Memory status after this epoch: 
Memory allocated:  448.22900390625
Memory cached:  758.0
	 epoch  10 training error:  tensor(0.6257, device='cuda:0', grad_fn=<DivBackward0>)
Memory status after this epoch: 
Memory allocated:  448.22900390625
Memory cached:  776.0
	 epoch  20 training error:  tensor(0.4448, device='cuda:0', grad_fn=<DivBackward0>)
Memory status after this epoch: 
Memory allocated:  448.22900390625
Memory cached:  776.0
	 epoch  30 training error:  tensor(0.3807, device='cuda:0', grad_fn=<DivBackward0>)
Memory status after this epoch: 
Memory allocated:  448.22900390625
Memory cached:  776.0
	 epoch  40 training error:  tensor(0.3759, device='cuda:0', grad_fn=<DivBackward0>)
Memory status after this epoch: 
Memory allocated:  448.22900390625
Memory cached:  778.0
	 epoch  50 training error:  tensor(0.3735, device='cuda:0', grad_fn=<DivBackward0>)
Memory status after this epoch: 
Memory allocated:  448.22900390625
Memory cached:  776.0
	 epoch  60 training error:  tensor(0.3701, device='cuda:0', grad_fn=<DivBackward0>)
Memory status after this epoch: 
Memory allocated:  448.22900390625
Memory cached:  778.0
	 epoch  70 training error:  tensor(0.3689, device='cuda:0', grad_fn=<DivBackward0>)
Memory status after this epoch: 
Memory allocated:  448.22900390625
Memory cached:  778.0
	 epoch  80 training error:  tensor(0.3676, device='cuda:0', grad_fn=<DivBackward0>)
Memory status after this epoch: 
Memory allocated:  448.22900390625
Memory cached:  776.0
	 epoch  90 training error:  tensor(0.3664, device='cuda:0', grad_fn=<DivBackward0>)
Memory status after this epoch: 
Memory allocated:  448.22900390625
Memory cached:  770.0
[I 2024-01-12 19:31:28,367] Trial 37 finished with value: 0.3007011413574219 and parameters: {'W_layers': 5, 'W_layer_units_exponent_0': 4, 'W_layer_units_exponent_1': 9, 'W_layer_units_exponent_2': 4, 'W_layer_units_exponent_3': 7, 'W_layer_units_exponent_4': 9, 'D_layers': 5, 'D_layer_units_exponent_0': 9, 'D_layer_units_exponent_1': 8, 'D_layer_units_exponent_2': 5, 'D_layer_units_exponent_3': 5, 'D_layer_units_exponent_4': 9, 'D_dagger_layers': 6, 'D_dagger_layer_units_exponent_0': 8, 'D_dagger_layer_units_exponent_1': 9, 'D_dagger_layer_units_exponent_2': 6, 'D_dagger_layer_units_exponent_3': 9, 'D_dagger_layer_units_exponent_4': 5, 'D_dagger_layer_units_exponent_5': 4, 'log_learning_rate': -4.74768562342217, 'log_learning_rate_D': -2.86562384646494, 'log_learning_rate_D_dagger': -3.853412956635677, 'training_batch_size': 9, 'training_p': 3}. Best is trial 12 with value: 0.16188763082027435.
Time for this trial:  230.8129596710205
Memory status after this trial: 
Memory allocated:  846.47900390625
Memory cached:  852.0
--------------------  Trial  38   --------------------
Start timing: 
Parameters: 
{'W_layers': 3, 'W_layer_units_exponent_0': 7, 'W_layer_units_exponent_1': 10, 'W_layer_units_exponent_2': 8, 'D_layers': 4, 'D_layer_units_exponent_0': 7, 'D_layer_units_exponent_1': 4, 'D_layer_units_exponent_2': 6, 'D_layer_units_exponent_3': 8, 'D_dagger_layers': 5, 'D_dagger_layer_units_exponent_0': 10, 'D_dagger_layer_units_exponent_1': 8, 'D_dagger_layer_units_exponent_2': 7, 'D_dagger_layer_units_exponent_3': 8, 'D_dagger_layer_units_exponent_4': 7, 'log_learning_rate': -4.294391347447408, 'log_learning_rate_D': -3.207737277319241, 'log_learning_rate_D_dagger': -1.9596090248164968, 'training_batch_size': 7, 'training_p': 2}
	 epoch  0 training error:  tensor(1.6848, device='cuda:0', grad_fn=<DivBackward0>)
Memory status after this epoch: 
Memory allocated:  453.04541015625
Memory cached:  752.0
	 epoch  10 training error:  tensor(0.3253, device='cuda:0', grad_fn=<DivBackward0>)
Memory status after this epoch: 
Memory allocated:  453.04541015625
Memory cached:  750.0
	 epoch  20 training error:  tensor(0.3327, device='cuda:0', grad_fn=<DivBackward0>)
Memory status after this epoch: 
Memory allocated:  453.04541015625
Memory cached:  750.0
	 epoch  30 training error:  tensor(0.3006, device='cuda:0', grad_fn=<DivBackward0>)
Memory status after this epoch: 
Memory allocated:  453.04541015625
Memory cached:  750.0
	 epoch  40 training error:  tensor(0.2802, device='cuda:0', grad_fn=<DivBackward0>)
Memory status after this epoch: 
Memory allocated:  453.04541015625
Memory cached:  752.0
	 epoch  50 training error:  tensor(0.3023, device='cuda:0', grad_fn=<DivBackward0>)
Memory status after this epoch: 
Memory allocated:  453.04541015625
Memory cached:  752.0
	 epoch  60 training error:  tensor(0.2744, device='cuda:0', grad_fn=<DivBackward0>)
Memory status after this epoch: 
Memory allocated:  453.04541015625
Memory cached:  750.0
	 epoch  70 training error:  tensor(0.2728, device='cuda:0', grad_fn=<DivBackward0>)
Memory status after this epoch: 
Memory allocated:  453.04541015625
Memory cached:  750.0
	 epoch  80 training error:  tensor(0.2821, device='cuda:0', grad_fn=<DivBackward0>)
Memory status after this epoch: 
Memory allocated:  453.04541015625
Memory cached:  750.0
	 epoch  90 training error:  tensor(0.2803, device='cuda:0', grad_fn=<DivBackward0>)
Memory status after this epoch: 
Memory allocated:  453.04541015625
Memory cached:  750.0
[I 2024-01-12 19:36:53,583] Trial 38 finished with value: 0.2627173364162445 and parameters: {'W_layers': 3, 'W_layer_units_exponent_0': 7, 'W_layer_units_exponent_1': 10, 'W_layer_units_exponent_2': 8, 'D_layers': 4, 'D_layer_units_exponent_0': 7, 'D_layer_units_exponent_1': 4, 'D_layer_units_exponent_2': 6, 'D_layer_units_exponent_3': 8, 'D_dagger_layers': 5, 'D_dagger_layer_units_exponent_0': 10, 'D_dagger_layer_units_exponent_1': 8, 'D_dagger_layer_units_exponent_2': 7, 'D_dagger_layer_units_exponent_3': 8, 'D_dagger_layer_units_exponent_4': 7, 'log_learning_rate': -4.294391347447408, 'log_learning_rate_D': -3.207737277319241, 'log_learning_rate_D_dagger': -1.9596090248164968, 'training_batch_size': 7, 'training_p': 2}. Best is trial 12 with value: 0.16188763082027435.
Time for this trial:  324.7817542552948
Memory status after this trial: 
Memory allocated:  828.572265625
Memory cached:  836.0
--------------------  Trial  39   --------------------
Start timing: 
Parameters: 
{'W_layers': 4, 'W_layer_units_exponent_0': 9, 'W_layer_units_exponent_1': 9, 'W_layer_units_exponent_2': 10, 'W_layer_units_exponent_3': 6, 'D_layers': 3, 'D_layer_units_exponent_0': 6, 'D_layer_units_exponent_1': 7, 'D_layer_units_exponent_2': 4, 'D_dagger_layers': 4, 'D_dagger_layer_units_exponent_0': 8, 'D_dagger_layer_units_exponent_1': 9, 'D_dagger_layer_units_exponent_2': 6, 'D_dagger_layer_units_exponent_3': 4, 'log_learning_rate': -3.947642573002145, 'log_learning_rate_D': -2.7673902336726064, 'log_learning_rate_D_dagger': -4.053462411454184, 'training_batch_size': 8, 'training_p': 8}
	 epoch  0 training error:  tensor(0.9427, device='cuda:0', grad_fn=<DivBackward0>)
Memory status after this epoch: 
Memory allocated:  456.94384765625
Memory cached:  772.0
	 epoch  10 training error:  tensor(0.6250, device='cuda:0', grad_fn=<DivBackward0>)
Memory status after this epoch: 
Memory allocated:  456.94384765625
Memory cached:  784.0
	 epoch  20 training error:  tensor(0.5669, device='cuda:0', grad_fn=<DivBackward0>)
Memory status after this epoch: 
Memory allocated:  456.94384765625
Memory cached:  784.0
	 epoch  30 training error:  tensor(0.5502, device='cuda:0', grad_fn=<DivBackward0>)
Memory status after this epoch: 
Memory allocated:  456.94384765625
Memory cached:  784.0
	 epoch  40 training error:  tensor(0.5545, device='cuda:0', grad_fn=<DivBackward0>)
Memory status after this epoch: 
Memory allocated:  456.94384765625
Memory cached:  784.0
	 epoch  50 training error:  tensor(0.5542, device='cuda:0', grad_fn=<DivBackward0>)
Memory status after this epoch: 
Memory allocated:  456.94384765625
Memory cached:  786.0
	 epoch  60 training error:  tensor(0.5480, device='cuda:0', grad_fn=<DivBackward0>)
Memory status after this epoch: 
Memory allocated:  456.94384765625
Memory cached:  784.0
	 epoch  70 training error:  tensor(0.5425, device='cuda:0', grad_fn=<DivBackward0>)
Memory status after this epoch: 
Memory allocated:  456.94384765625
Memory cached:  786.0
	 epoch  80 training error:  tensor(0.5431, device='cuda:0', grad_fn=<DivBackward0>)
Memory status after this epoch: 
Memory allocated:  456.94384765625
Memory cached:  784.0
	 epoch  90 training error:  tensor(0.5460, device='cuda:0', grad_fn=<DivBackward0>)
Memory status after this epoch: 
Memory allocated:  456.94384765625
Memory cached:  784.0
[I 2024-01-12 19:40:02,522] Trial 39 finished with value: 0.3970429599285126 and parameters: {'W_layers': 4, 'W_layer_units_exponent_0': 9, 'W_layer_units_exponent_1': 9, 'W_layer_units_exponent_2': 10, 'W_layer_units_exponent_3': 6, 'D_layers': 3, 'D_layer_units_exponent_0': 6, 'D_layer_units_exponent_1': 7, 'D_layer_units_exponent_2': 4, 'D_dagger_layers': 4, 'D_dagger_layer_units_exponent_0': 8, 'D_dagger_layer_units_exponent_1': 9, 'D_dagger_layer_units_exponent_2': 6, 'D_dagger_layer_units_exponent_3': 4, 'log_learning_rate': -3.947642573002145, 'log_learning_rate_D': -2.7673902336726064, 'log_learning_rate_D_dagger': -4.053462411454184, 'training_batch_size': 8, 'training_p': 8}. Best is trial 12 with value: 0.16188763082027435.
Time for this trial:  188.52408981323242
Memory status after this trial: 
Memory allocated:  786.05615234375
Memory cached:  808.0
--------------------  Trial  40   --------------------
Start timing: 
Parameters: 
{'W_layers': 5, 'W_layer_units_exponent_0': 6, 'W_layer_units_exponent_1': 6, 'W_layer_units_exponent_2': 4, 'W_layer_units_exponent_3': 8, 'W_layer_units_exponent_4': 6, 'D_layers': 5, 'D_layer_units_exponent_0': 8, 'D_layer_units_exponent_1': 6, 'D_layer_units_exponent_2': 6, 'D_layer_units_exponent_3': 6, 'D_layer_units_exponent_4': 10, 'D_dagger_layers': 3, 'D_dagger_layer_units_exponent_0': 9, 'D_dagger_layer_units_exponent_1': 10, 'D_dagger_layer_units_exponent_2': 7, 'log_learning_rate': -4.810363364255112, 'log_learning_rate_D': -3.1046134610106337, 'log_learning_rate_D_dagger': -2.6337306953070456, 'training_batch_size': 6, 'training_p': 5}
	 epoch  0 training error:  tensor(2.2855, device='cuda:0', grad_fn=<DivBackward0>)
Memory status after this epoch: 
Memory allocated:  453.06396484375
Memory cached:  772.0
	 epoch  10 training error:  tensor(0.4656, device='cuda:0', grad_fn=<DivBackward0>)
Memory status after this epoch: 
Memory allocated:  453.06396484375
Memory cached:  784.0
	 epoch  20 training error:  tensor(0.4694, device='cuda:0', grad_fn=<DivBackward0>)
Memory status after this epoch: 
Memory allocated:  453.06396484375
Memory cached:  784.0
	 epoch  30 training error:  tensor(0.4553, device='cuda:0', grad_fn=<DivBackward0>)
Memory status after this epoch: 
Memory allocated:  453.06396484375
Memory cached:  780.0
	 epoch  40 training error:  tensor(0.3437, device='cuda:0', grad_fn=<DivBackward0>)
Memory status after this epoch: 
Memory allocated:  453.06396484375
Memory cached:  782.0
	 epoch  50 training error:  tensor(0.2844, device='cuda:0', grad_fn=<DivBackward0>)
Memory status after this epoch: 
Memory allocated:  453.06396484375
Memory cached:  784.0
	 epoch  60 training error:  tensor(0.2728, device='cuda:0', grad_fn=<DivBackward0>)
Memory status after this epoch: 
Memory allocated:  453.06396484375
Memory cached:  786.0
	 epoch  70 training error:  tensor(0.2591, device='cuda:0', grad_fn=<DivBackward0>)
Memory status after this epoch: 
Memory allocated:  453.06396484375
Memory cached:  788.0
	 epoch  80 training error:  tensor(0.2115, device='cuda:0', grad_fn=<DivBackward0>)
Memory status after this epoch: 
Memory allocated:  453.06396484375
Memory cached:  782.0
	 epoch  90 training error:  tensor(0.2612, device='cuda:0', grad_fn=<DivBackward0>)
Memory status after this epoch: 
Memory allocated:  453.06396484375
Memory cached:  780.0
[I 2024-01-12 19:47:41,060] Trial 40 finished with value: 0.15741346776485443 and parameters: {'W_layers': 5, 'W_layer_units_exponent_0': 6, 'W_layer_units_exponent_1': 6, 'W_layer_units_exponent_2': 4, 'W_layer_units_exponent_3': 8, 'W_layer_units_exponent_4': 6, 'D_layers': 5, 'D_layer_units_exponent_0': 8, 'D_layer_units_exponent_1': 6, 'D_layer_units_exponent_2': 6, 'D_layer_units_exponent_3': 6, 'D_layer_units_exponent_4': 10, 'D_dagger_layers': 3, 'D_dagger_layer_units_exponent_0': 9, 'D_dagger_layer_units_exponent_1': 10, 'D_dagger_layer_units_exponent_2': 7, 'log_learning_rate': -4.810363364255112, 'log_learning_rate_D': -3.1046134610106337, 'log_learning_rate_D_dagger': -2.6337306953070456, 'training_batch_size': 6, 'training_p': 5}. Best is trial 40 with value: 0.15741346776485443.
res:  tensor(0.1574, device='cuda:0', grad_fn=<DivBackward0>)
self.bestValue:  tensor(0.1619, device='cuda:0', grad_fn=<DivBackward0>)
Save this model!
Time for this trial:  458.1159110069275
Memory status after this trial: 
Memory allocated:  371.0517578125
Memory cached:  678.0
--------------------  Trial  41   --------------------
Start timing: 
Parameters: 
{'W_layers': 5, 'W_layer_units_exponent_0': 6, 'W_layer_units_exponent_1': 6, 'W_layer_units_exponent_2': 4, 'W_layer_units_exponent_3': 8, 'W_layer_units_exponent_4': 5, 'D_layers': 5, 'D_layer_units_exponent_0': 8, 'D_layer_units_exponent_1': 6, 'D_layer_units_exponent_2': 6, 'D_layer_units_exponent_3': 6, 'D_layer_units_exponent_4': 10, 'D_dagger_layers': 3, 'D_dagger_layer_units_exponent_0': 9, 'D_dagger_layer_units_exponent_1': 10, 'D_dagger_layer_units_exponent_2': 7, 'log_learning_rate': -4.558576779812013, 'log_learning_rate_D': -3.151206276506344, 'log_learning_rate_D_dagger': -2.669238920435816, 'training_batch_size': 6, 'training_p': 6}
	 epoch  0 training error:  tensor(2.0008, device='cuda:0', grad_fn=<DivBackward0>)
Memory status after this epoch: 
Memory allocated:  382.8095703125
Memory cached:  676.0
	 epoch  10 training error:  tensor(0.5055, device='cuda:0', grad_fn=<DivBackward0>)
Memory status after this epoch: 
Memory allocated:  382.8095703125
Memory cached:  708.0
	 epoch  20 training error:  tensor(0.5094, device='cuda:0', grad_fn=<DivBackward0>)
Memory status after this epoch: 
Memory allocated:  382.8095703125
Memory cached:  708.0
	 epoch  30 training error:  tensor(0.4784, device='cuda:0', grad_fn=<DivBackward0>)
Memory status after this epoch: 
Memory allocated:  382.8095703125
Memory cached:  710.0
	 epoch  40 training error:  tensor(0.3908, device='cuda:0', grad_fn=<DivBackward0>)
Memory status after this epoch: 
Memory allocated:  382.8095703125
Memory cached:  702.0
	 epoch  50 training error:  tensor(0.2979, device='cuda:0', grad_fn=<DivBackward0>)
Memory status after this epoch: 
Memory allocated:  382.8095703125
Memory cached:  708.0
	 epoch  60 training error:  tensor(0.2705, device='cuda:0', grad_fn=<DivBackward0>)
Memory status after this epoch: 
Memory allocated:  382.8095703125
Memory cached:  706.0
	 epoch  70 training error:  tensor(0.2203, device='cuda:0', grad_fn=<DivBackward0>)
Memory status after this epoch: 
Memory allocated:  382.8095703125
Memory cached:  708.0
	 epoch  80 training error:  tensor(0.1836, device='cuda:0', grad_fn=<DivBackward0>)
Memory status after this epoch: 
Memory allocated:  382.8095703125
Memory cached:  718.0
	 epoch  90 training error:  tensor(0.1776, device='cuda:0', grad_fn=<DivBackward0>)
Memory status after this epoch: 
Memory allocated:  382.8095703125
Memory cached:  704.0
