[I 2024-01-12 18:59:49,137] Trial 29 finished with value: 0.24184095859527588 and parameters: {'W_layers': 4, 'W_layer_units_exponent_0': 8, 'W_layer_units_exponent_1': 10, 'W_layer_units_exponent_2': 6, 'W_layer_units_exponent_3': 5, 'D_layers': 7, 'D_layer_units_exponent_0': 8, 'D_layer_units_exponent_1': 7, 'D_layer_units_exponent_2': 8, 'D_layer_units_exponent_3': 4, 'D_layer_units_exponent_4': 9, 'D_layer_units_exponent_5': 6, 'D_layer_units_exponent_6': 8, 'D_dagger_layers': 4, 'D_dagger_layer_units_exponent_0': 7, 'D_dagger_layer_units_exponent_1': 9, 'D_dagger_layer_units_exponent_2': 7, 'D_dagger_layer_units_exponent_3': 5, 'log_learning_rate': -4.710048465241525, 'log_learning_rate_D': -3.7198599922273843, 'log_learning_rate_D_dagger': -2.9974604103984817, 'training_batch_size': 8, 'training_p': 2}. Best is trial 12 with value: 0.16188763082027435.
Time for this trial:  220.0403277873993
Memory status after this trial: 
Memory allocated:  830.9677734375
Memory cached:  836.0
--------------------  Trial  30   --------------------
Start timing: 
Parameters: 
{'W_layers': 3, 'W_layer_units_exponent_0': 7, 'W_layer_units_exponent_1': 7, 'W_layer_units_exponent_2': 7, 'D_layers': 3, 'D_layer_units_exponent_0': 9, 'D_layer_units_exponent_1': 6, 'D_layer_units_exponent_2': 5, 'D_dagger_layers': 5, 'D_dagger_layer_units_exponent_0': 9, 'D_dagger_layer_units_exponent_1': 10, 'D_dagger_layer_units_exponent_2': 8, 'D_dagger_layer_units_exponent_3': 8, 'D_dagger_layer_units_exponent_4': 9, 'log_learning_rate': -4.121343923633146, 'log_learning_rate_D': -3.544222603750575, 'log_learning_rate_D_dagger': -1.0158239518050505, 'training_batch_size': 10, 'training_p': 4}
	 epoch  0 training error:  tensor(1.1267, device='cuda:0', grad_fn=<DivBackward0>)
Memory status after this epoch: 
Memory allocated:  457.31884765625
Memory cached:  770.0
	 epoch  10 training error:  tensor(22507.5020, device='cuda:0', grad_fn=<DivBackward0>)
Memory status after this epoch: 
Memory allocated:  457.31884765625
Memory cached:  770.0
	 epoch  20 training error:  tensor(28008.2949, device='cuda:0', grad_fn=<DivBackward0>)
Memory status after this epoch: 
Memory allocated:  457.31884765625
Memory cached:  770.0
	 epoch  30 training error:  tensor(46455.4805, device='cuda:0', grad_fn=<DivBackward0>)
Memory status after this epoch: 
Memory allocated:  457.31884765625
Memory cached:  770.0
	 epoch  40 training error:  tensor(1398.3860, device='cuda:0', grad_fn=<DivBackward0>)
Memory status after this epoch: 
Memory allocated:  457.31884765625
Memory cached:  772.0
	 epoch  50 training error:  tensor(4491.9434, device='cuda:0', grad_fn=<DivBackward0>)
Memory status after this epoch: 
Memory allocated:  457.31884765625
Memory cached:  770.0
	 epoch  60 training error:  tensor(2363.8738, device='cuda:0', grad_fn=<DivBackward0>)
Memory status after this epoch: 
Memory allocated:  457.31884765625
Memory cached:  770.0
	 epoch  70 training error:  tensor(523.0203, device='cuda:0', grad_fn=<DivBackward0>)
Memory status after this epoch: 
Memory allocated:  457.31884765625
Memory cached:  770.0
	 epoch  80 training error:  tensor(522.5786, device='cuda:0', grad_fn=<DivBackward0>)
Memory status after this epoch: 
Memory allocated:  457.31884765625
Memory cached:  770.0
	 epoch  90 training error:  tensor(103.0587, device='cuda:0', grad_fn=<DivBackward0>)
Memory status after this epoch: 
Memory allocated:  457.31884765625
Memory cached:  772.0
[I 2024-01-12 19:02:55,497] Trial 30 finished with value: 45.961910247802734 and parameters: {'W_layers': 3, 'W_layer_units_exponent_0': 7, 'W_layer_units_exponent_1': 7, 'W_layer_units_exponent_2': 7, 'D_layers': 3, 'D_layer_units_exponent_0': 9, 'D_layer_units_exponent_1': 6, 'D_layer_units_exponent_2': 5, 'D_dagger_layers': 5, 'D_dagger_layer_units_exponent_0': 9, 'D_dagger_layer_units_exponent_1': 10, 'D_dagger_layer_units_exponent_2': 8, 'D_dagger_layer_units_exponent_3': 8, 'D_dagger_layer_units_exponent_4': 9, 'log_learning_rate': -4.121343923633146, 'log_learning_rate_D': -3.544222603750575, 'log_learning_rate_D_dagger': -1.0158239518050505, 'training_batch_size': 10, 'training_p': 4}. Best is trial 12 with value: 0.16188763082027435.
Time for this trial:  185.99653577804565
Memory status after this trial: 
Memory allocated:  818.04541015625
Memory cached:  840.0
--------------------  Trial  31   --------------------
Start timing: 
Parameters: 
{'W_layers': 4, 'W_layer_units_exponent_0': 9, 'W_layer_units_exponent_1': 9, 'W_layer_units_exponent_2': 9, 'W_layer_units_exponent_3': 8, 'D_layers': 4, 'D_layer_units_exponent_0': 8, 'D_layer_units_exponent_1': 7, 'D_layer_units_exponent_2': 6, 'D_layer_units_exponent_3': 5, 'D_dagger_layers': 3, 'D_dagger_layer_units_exponent_0': 8, 'D_dagger_layer_units_exponent_1': 9, 'D_dagger_layer_units_exponent_2': 5, 'log_learning_rate': -4.41782014388944, 'log_learning_rate_D': -4.0227038728577345, 'log_learning_rate_D_dagger': -2.8090389818575114, 'training_batch_size': 7, 'training_p': 4}
	 epoch  0 training error:  tensor(0.8729, device='cuda:0', grad_fn=<DivBackward0>)
Memory status after this epoch: 
Memory allocated:  454.12939453125
Memory cached:  748.0
	 epoch  10 training error:  tensor(0.5013, device='cuda:0', grad_fn=<DivBackward0>)
Memory status after this epoch: 
Memory allocated:  454.12939453125
Memory cached:  764.0
	 epoch  20 training error:  tensor(0.4348, device='cuda:0', grad_fn=<DivBackward0>)
Memory status after this epoch: 
Memory allocated:  454.12939453125
Memory cached:  768.0
	 epoch  30 training error:  tensor(0.4301, device='cuda:0', grad_fn=<DivBackward0>)
Memory status after this epoch: 
Memory allocated:  454.12939453125
Memory cached:  760.0
	 epoch  40 training error:  tensor(0.4279, device='cuda:0', grad_fn=<DivBackward0>)
Memory status after this epoch: 
Memory allocated:  454.12939453125
Memory cached:  766.0
	 epoch  50 training error:  tensor(0.4216, device='cuda:0', grad_fn=<DivBackward0>)
Memory status after this epoch: 
Memory allocated:  454.12939453125
Memory cached:  766.0
	 epoch  60 training error:  tensor(0.4156, device='cuda:0', grad_fn=<DivBackward0>)
Memory status after this epoch: 
Memory allocated:  454.12939453125
Memory cached:  756.0
	 epoch  70 training error:  tensor(0.4103, device='cuda:0', grad_fn=<DivBackward0>)
Memory status after this epoch: 
Memory allocated:  454.12939453125
Memory cached:  766.0
	 epoch  80 training error:  tensor(0.4158, device='cuda:0', grad_fn=<DivBackward0>)
Memory status after this epoch: 
Memory allocated:  454.12939453125
Memory cached:  758.0
	 epoch  90 training error:  tensor(0.3772, device='cuda:0', grad_fn=<DivBackward0>)
Memory status after this epoch: 
Memory allocated:  454.12939453125
Memory cached:  762.0
[I 2024-01-12 19:07:57,180] Trial 31 finished with value: 0.29344630241394043 and parameters: {'W_layers': 4, 'W_layer_units_exponent_0': 9, 'W_layer_units_exponent_1': 9, 'W_layer_units_exponent_2': 9, 'W_layer_units_exponent_3': 8, 'D_layers': 4, 'D_layer_units_exponent_0': 8, 'D_layer_units_exponent_1': 7, 'D_layer_units_exponent_2': 6, 'D_layer_units_exponent_3': 5, 'D_dagger_layers': 3, 'D_dagger_layer_units_exponent_0': 8, 'D_dagger_layer_units_exponent_1': 9, 'D_dagger_layer_units_exponent_2': 5, 'log_learning_rate': -4.41782014388944, 'log_learning_rate_D': -4.0227038728577345, 'log_learning_rate_D_dagger': -2.8090389818575114, 'training_batch_size': 7, 'training_p': 4}. Best is trial 12 with value: 0.16188763082027435.
Time for this trial:  301.29554057121277
Memory status after this trial: 
Memory allocated:  770.71337890625
Memory cached:  780.0
--------------------  Trial  32   --------------------
Start timing: 
Parameters: 
{'W_layers': 5, 'W_layer_units_exponent_0': 9, 'W_layer_units_exponent_1': 10, 'W_layer_units_exponent_2': 7, 'W_layer_units_exponent_3': 8, 'W_layer_units_exponent_4': 8, 'D_layers': 5, 'D_layer_units_exponent_0': 8, 'D_layer_units_exponent_1': 7, 'D_layer_units_exponent_2': 6, 'D_layer_units_exponent_3': 5, 'D_layer_units_exponent_4': 6, 'D_dagger_layers': 3, 'D_dagger_layer_units_exponent_0': 7, 'D_dagger_layer_units_exponent_1': 10, 'D_dagger_layer_units_exponent_2': 6, 'log_learning_rate': -4.4567837009063105, 'log_learning_rate_D': -3.2197782687255216, 'log_learning_rate_D_dagger': -3.0770381046065123, 'training_batch_size': 8, 'training_p': 5}
	 epoch  0 training error:  tensor(1.0225, device='cuda:0', grad_fn=<DivBackward0>)
Memory status after this epoch: 
Memory allocated:  456.46923828125
Memory cached:  770.0
	 epoch  10 training error:  tensor(0.4743, device='cuda:0', grad_fn=<DivBackward0>)
Memory status after this epoch: 
Memory allocated:  456.46923828125
Memory cached:  772.0
	 epoch  20 training error:  tensor(0.4752, device='cuda:0', grad_fn=<DivBackward0>)
Memory status after this epoch: 
Memory allocated:  456.46923828125
Memory cached:  772.0
	 epoch  30 training error:  tensor(0.4675, device='cuda:0', grad_fn=<DivBackward0>)
Memory status after this epoch: 
Memory allocated:  456.46923828125
Memory cached:  774.0
	 epoch  40 training error:  tensor(0.4683, device='cuda:0', grad_fn=<DivBackward0>)
Memory status after this epoch: 
Memory allocated:  456.46923828125
Memory cached:  774.0
	 epoch  50 training error:  tensor(0.4633, device='cuda:0', grad_fn=<DivBackward0>)
Memory status after this epoch: 
Memory allocated:  456.46923828125
Memory cached:  774.0
	 epoch  60 training error:  tensor(0.4608, device='cuda:0', grad_fn=<DivBackward0>)
Memory status after this epoch: 
Memory allocated:  456.46923828125
Memory cached:  774.0
	 epoch  70 training error:  tensor(0.4556, device='cuda:0', grad_fn=<DivBackward0>)
Memory status after this epoch: 
Memory allocated:  456.46923828125
Memory cached:  772.0
	 epoch  80 training error:  tensor(0.4564, device='cuda:0', grad_fn=<DivBackward0>)
Memory status after this epoch: 
Memory allocated:  456.46923828125
Memory cached:  774.0
	 epoch  90 training error:  tensor(0.3855, device='cuda:0', grad_fn=<DivBackward0>)
Memory status after this epoch: 
Memory allocated:  456.46923828125
Memory cached:  774.0
[I 2024-01-12 19:11:25,968] Trial 32 finished with value: 0.2676278054714203 and parameters: {'W_layers': 5, 'W_layer_units_exponent_0': 9, 'W_layer_units_exponent_1': 10, 'W_layer_units_exponent_2': 7, 'W_layer_units_exponent_3': 8, 'W_layer_units_exponent_4': 8, 'D_layers': 5, 'D_layer_units_exponent_0': 8, 'D_layer_units_exponent_1': 7, 'D_layer_units_exponent_2': 6, 'D_layer_units_exponent_3': 5, 'D_layer_units_exponent_4': 6, 'D_dagger_layers': 3, 'D_dagger_layer_units_exponent_0': 7, 'D_dagger_layer_units_exponent_1': 10, 'D_dagger_layer_units_exponent_2': 6, 'log_learning_rate': -4.4567837009063105, 'log_learning_rate_D': -3.2197782687255216, 'log_learning_rate_D_dagger': -3.0770381046065123, 'training_batch_size': 8, 'training_p': 5}. Best is trial 12 with value: 0.16188763082027435.
Time for this trial:  208.3661515712738
Memory status after this trial: 
Memory allocated:  863.10400390625
Memory cached:  884.0
--------------------  Trial  33   --------------------
Start timing: 
Parameters: 
{'W_layers': 3, 'W_layer_units_exponent_0': 8, 'W_layer_units_exponent_1': 9, 'W_layer_units_exponent_2': 5, 'D_layers': 3, 'D_layer_units_exponent_0': 7, 'D_layer_units_exponent_1': 6, 'D_layer_units_exponent_2': 7, 'D_dagger_layers': 4, 'D_dagger_layer_units_exponent_0': 8, 'D_dagger_layer_units_exponent_1': 9, 'D_dagger_layer_units_exponent_2': 4, 'D_dagger_layer_units_exponent_3': 5, 'log_learning_rate': -4.720498942438845, 'log_learning_rate_D': -4.02164941727075, 'log_learning_rate_D_dagger': -2.7101762946229546, 'training_batch_size': 7, 'training_p': 3}
	 epoch  0 training error:  tensor(0.8905, device='cuda:0', grad_fn=<DivBackward0>)
Memory status after this epoch: 
Memory allocated:  445.83251953125
Memory cached:  750.0
	 epoch  10 training error:  tensor(0.3904, device='cuda:0', grad_fn=<DivBackward0>)
Memory status after this epoch: 
Memory allocated:  445.83251953125
Memory cached:  764.0
	 epoch  20 training error:  tensor(0.3940, device='cuda:0', grad_fn=<DivBackward0>)
Memory status after this epoch: 
Memory allocated:  445.83251953125
Memory cached:  762.0
	 epoch  30 training error:  tensor(0.3667, device='cuda:0', grad_fn=<DivBackward0>)
Memory status after this epoch: 
Memory allocated:  445.83251953125
Memory cached:  768.0
	 epoch  40 training error:  tensor(0.3623, device='cuda:0', grad_fn=<DivBackward0>)
Memory status after this epoch: 
Memory allocated:  445.83251953125
Memory cached:  766.0
	 epoch  50 training error:  tensor(0.3524, device='cuda:0', grad_fn=<DivBackward0>)
Memory status after this epoch: 
Memory allocated:  445.83251953125
Memory cached:  764.0
	 epoch  60 training error:  tensor(0.3436, device='cuda:0', grad_fn=<DivBackward0>)
Memory status after this epoch: 
Memory allocated:  445.83251953125
Memory cached:  766.0
	 epoch  70 training error:  tensor(0.3194, device='cuda:0', grad_fn=<DivBackward0>)
Memory status after this epoch: 
Memory allocated:  445.83251953125
Memory cached:  762.0
	 epoch  80 training error:  tensor(0.3230, device='cuda:0', grad_fn=<DivBackward0>)
Memory status after this epoch: 
Memory allocated:  445.83251953125
Memory cached:  762.0
	 epoch  90 training error:  tensor(0.2651, device='cuda:0', grad_fn=<DivBackward0>)
Memory status after this epoch: 
Memory allocated:  445.83251953125
Memory cached:  768.0
[I 2024-01-12 19:15:57,866] Trial 33 finished with value: 0.2339773178100586 and parameters: {'W_layers': 3, 'W_layer_units_exponent_0': 8, 'W_layer_units_exponent_1': 9, 'W_layer_units_exponent_2': 5, 'D_layers': 3, 'D_layer_units_exponent_0': 7, 'D_layer_units_exponent_1': 6, 'D_layer_units_exponent_2': 7, 'D_dagger_layers': 4, 'D_dagger_layer_units_exponent_0': 8, 'D_dagger_layer_units_exponent_1': 9, 'D_dagger_layer_units_exponent_2': 4, 'D_dagger_layer_units_exponent_3': 5, 'log_learning_rate': -4.720498942438845, 'log_learning_rate_D': -4.02164941727075, 'log_learning_rate_D_dagger': -2.7101762946229546, 'training_batch_size': 7, 'training_p': 3}. Best is trial 12 with value: 0.16188763082027435.
Time for this trial:  271.5286169052124
Memory status after this trial: 
Memory allocated:  647.36572265625
Memory cached:  760.0
--------------------  Trial  34   --------------------
Start timing: 
Parameters: 
{'W_layers': 4, 'W_layer_units_exponent_0': 9, 'W_layer_units_exponent_1': 9, 'W_layer_units_exponent_2': 8, 'W_layer_units_exponent_3': 8, 'D_layers': 3, 'D_layer_units_exponent_0': 6, 'D_layer_units_exponent_1': 8, 'D_layer_units_exponent_2': 7, 'D_dagger_layers': 3, 'D_dagger_layer_units_exponent_0': 7, 'D_dagger_layer_units_exponent_1': 10, 'D_dagger_layer_units_exponent_2': 5, 'log_learning_rate': -4.348085371932287, 'log_learning_rate_D': -3.5215702415313226, 'log_learning_rate_D_dagger': -2.9846876904438053, 'training_batch_size': 7, 'training_p': 6}
	 epoch  0 training error:  tensor(0.9306, device='cuda:0', grad_fn=<DivBackward0>)
Memory status after this epoch: 
Memory allocated:  451.46728515625
Memory cached:  750.0
	 epoch  10 training error:  tensor(0.5665, device='cuda:0', grad_fn=<DivBackward0>)
Memory status after this epoch: 
Memory allocated:  451.46728515625
Memory cached:  762.0
	 epoch  20 training error:  tensor(0.5047, device='cuda:0', grad_fn=<DivBackward0>)
Memory status after this epoch: 
Memory allocated:  451.46728515625
Memory cached:  758.0
	 epoch  30 training error:  tensor(0.4980, device='cuda:0', grad_fn=<DivBackward0>)
Memory status after this epoch: 
Memory allocated:  451.46728515625
Memory cached:  762.0
	 epoch  40 training error:  tensor(0.5061, device='cuda:0', grad_fn=<DivBackward0>)
Memory status after this epoch: 
Memory allocated:  451.46728515625
Memory cached:  758.0
	 epoch  50 training error:  tensor(0.5029, device='cuda:0', grad_fn=<DivBackward0>)
Memory status after this epoch: 
Memory allocated:  451.46728515625
Memory cached:  762.0
	 epoch  60 training error:  tensor(0.5101, device='cuda:0', grad_fn=<DivBackward0>)
Memory status after this epoch: 
Memory allocated:  451.46728515625
Memory cached:  760.0
	 epoch  70 training error:  tensor(0.5057, device='cuda:0', grad_fn=<DivBackward0>)
Memory status after this epoch: 
Memory allocated:  451.46728515625
Memory cached:  756.0
	 epoch  80 training error:  tensor(0.4953, device='cuda:0', grad_fn=<DivBackward0>)
Memory status after this epoch: 
Memory allocated:  451.46728515625
Memory cached:  756.0
	 epoch  90 training error:  tensor(0.4838, device='cuda:0', grad_fn=<DivBackward0>)
Memory status after this epoch: 
Memory allocated:  451.46728515625
Memory cached:  760.0
[I 2024-01-12 19:20:45,311] Trial 34 finished with value: 0.3144916594028473 and parameters: {'W_layers': 4, 'W_layer_units_exponent_0': 9, 'W_layer_units_exponent_1': 9, 'W_layer_units_exponent_2': 8, 'W_layer_units_exponent_3': 8, 'D_layers': 3, 'D_layer_units_exponent_0': 6, 'D_layer_units_exponent_1': 8, 'D_layer_units_exponent_2': 7, 'D_dagger_layers': 3, 'D_dagger_layer_units_exponent_0': 7, 'D_dagger_layer_units_exponent_1': 10, 'D_dagger_layer_units_exponent_2': 5, 'log_learning_rate': -4.348085371932287, 'log_learning_rate_D': -3.5215702415313226, 'log_learning_rate_D_dagger': -2.9846876904438053, 'training_batch_size': 7, 'training_p': 6}. Best is trial 12 with value: 0.16188763082027435.
Time for this trial:  287.07726073265076
Memory status after this trial: 
Memory allocated:  778.22021484375
Memory cached:  786.0
--------------------  Trial  35   --------------------
Start timing: 
Parameters: 
{'W_layers': 6, 'W_layer_units_exponent_0': 9, 'W_layer_units_exponent_1': 10, 'W_layer_units_exponent_2': 6, 'W_layer_units_exponent_3': 10, 'W_layer_units_exponent_4': 6, 'W_layer_units_exponent_5': 7, 'D_layers': 4, 'D_layer_units_exponent_0': 9, 'D_layer_units_exponent_1': 7, 'D_layer_units_exponent_2': 10, 'D_layer_units_exponent_3': 6, 'D_dagger_layers': 2, 'D_dagger_layer_units_exponent_0': 9, 'D_dagger_layer_units_exponent_1': 9, 'log_learning_rate': -4.008352363140489, 'log_learning_rate_D': -4.714102518265551, 'log_learning_rate_D_dagger': -3.5823594113316046, 'training_batch_size': 9, 'training_p': 5}
	 epoch  0 training error:  tensor(0.7502, device='cuda:0', grad_fn=<DivBackward0>)
Memory status after this epoch: 
Memory allocated:  460.44970703125
Memory cached:  770.0
	 epoch  10 training error:  tensor(0.5217, device='cuda:0', grad_fn=<DivBackward0>)
Memory status after this epoch: 
Memory allocated:  460.44970703125
Memory cached:  776.0
	 epoch  20 training error:  tensor(0.4840, device='cuda:0', grad_fn=<DivBackward0>)
Memory status after this epoch: 
Memory allocated:  460.44970703125
Memory cached:  778.0
	 epoch  30 training error:  tensor(0.4716, device='cuda:0', grad_fn=<DivBackward0>)
Memory status after this epoch: 
Memory allocated:  460.44970703125
Memory cached:  778.0
	 epoch  40 training error:  tensor(0.4678, device='cuda:0', grad_fn=<DivBackward0>)
Memory status after this epoch: 
Memory allocated:  460.44970703125
Memory cached:  780.0
	 epoch  50 training error:  tensor(0.4664, device='cuda:0', grad_fn=<DivBackward0>)
Memory status after this epoch: 
Memory allocated:  460.44970703125
Memory cached:  780.0
	 epoch  60 training error:  tensor(0.4676, device='cuda:0', grad_fn=<DivBackward0>)
Memory status after this epoch: 
Memory allocated:  460.44970703125
Memory cached:  778.0
	 epoch  70 training error:  tensor(0.4638, device='cuda:0', grad_fn=<DivBackward0>)
Memory status after this epoch: 
Memory allocated:  460.44970703125
Memory cached:  780.0
	 epoch  80 training error:  tensor(0.4649, device='cuda:0', grad_fn=<DivBackward0>)
Memory status after this epoch: 
Memory allocated:  460.44970703125
Memory cached:  782.0
	 epoch  90 training error:  tensor(0.4619, device='cuda:0', grad_fn=<DivBackward0>)
Memory status after this epoch: 
Memory allocated:  460.44970703125
Memory cached:  778.0
