[I 2023-12-07 03:52:21,412] Trial 24 finished with value: 0.6082502007484436 and parameters: {'W_layers': 5, 'W_layer_units_exponent_0': 10, 'W_layer_units_exponent_1': 7, 'W_layer_units_exponent_2': 9, 'W_layer_units_exponent_3': 6, 'W_layer_units_exponent_4': 7, 'D_layers': 6, 'D_layer_units_exponent_0': 6, 'D_layer_units_exponent_1': 6, 'D_layer_units_exponent_2': 5, 'D_layer_units_exponent_3': 8, 'D_layer_units_exponent_4': 6, 'D_layer_units_exponent_5': 10, 'D_dagger_layers': 8, 'D_dagger_layer_units_exponent_0': 7, 'D_dagger_layer_units_exponent_1': 8, 'D_dagger_layer_units_exponent_2': 9, 'D_dagger_layer_units_exponent_3': 7, 'D_dagger_layer_units_exponent_4': 6, 'D_dagger_layer_units_exponent_5': 5, 'D_dagger_layer_units_exponent_6': 9, 'D_dagger_layer_units_exponent_7': 9, 'log_learning_rate': -2.507788815439584, 'log_learning_rate_D': -3.9391523850902592, 'log_learning_rate_D_dagger': -3.2515236799519607, 'training_batch_size': 9, 'training_p': 4}. Best is trial 16 with value: 0.533810019493103.
Time for this trial:  20.755428552627563
Memory status after this trial: 
Memory allocated:  523.88623046875
Memory cached:  540.0
--------------------  Trial  25   --------------------
Start timing: 
Parameters: 
{'W_layers': 7, 'W_layer_units_exponent_0': 8, 'W_layer_units_exponent_1': 5, 'W_layer_units_exponent_2': 8, 'W_layer_units_exponent_3': 9, 'W_layer_units_exponent_4': 9, 'W_layer_units_exponent_5': 7, 'W_layer_units_exponent_6': 4, 'D_layers': 4, 'D_layer_units_exponent_0': 5, 'D_layer_units_exponent_1': 4, 'D_layer_units_exponent_2': 9, 'D_layer_units_exponent_3': 9, 'D_dagger_layers': 6, 'D_dagger_layer_units_exponent_0': 6, 'D_dagger_layer_units_exponent_1': 9, 'D_dagger_layer_units_exponent_2': 7, 'D_dagger_layer_units_exponent_3': 8, 'D_dagger_layer_units_exponent_4': 4, 'D_dagger_layer_units_exponent_5': 6, 'log_learning_rate': -1.2610843306367823, 'log_learning_rate_D': -4.305151064609758, 'log_learning_rate_D_dagger': -3.900795497387506, 'training_batch_size': 11, 'training_p': 3}
	 epoch  0 training error:  tensor(0.9953, device='cuda:0', grad_fn=<DivBackward0>)
Memory status after this epoch: 
Memory allocated:  316.126953125
Memory cached:  456.0
	 epoch  10 training error:  tensor(0.9890, device='cuda:0', grad_fn=<DivBackward0>)
Memory status after this epoch: 
Memory allocated:  316.126953125
Memory cached:  460.0
	 epoch  20 training error:  tensor(0.9775, device='cuda:0', grad_fn=<DivBackward0>)
Memory status after this epoch: 
Memory allocated:  316.126953125
Memory cached:  460.0
	 epoch  30 training error:  tensor(0.9500, device='cuda:0', grad_fn=<DivBackward0>)
Memory status after this epoch: 
Memory allocated:  316.126953125
Memory cached:  460.0
	 epoch  40 training error:  tensor(0.9083, device='cuda:0', grad_fn=<DivBackward0>)
Memory status after this epoch: 
Memory allocated:  316.126953125
Memory cached:  458.0
	 epoch  50 training error:  tensor(0.8653, device='cuda:0', grad_fn=<DivBackward0>)
Memory status after this epoch: 
Memory allocated:  316.126953125
Memory cached:  460.0
	 epoch  60 training error:  tensor(0.8268, device='cuda:0', grad_fn=<DivBackward0>)
Memory status after this epoch: 
Memory allocated:  316.126953125
Memory cached:  458.0
	 epoch  70 training error:  tensor(0.8061, device='cuda:0', grad_fn=<DivBackward0>)
Memory status after this epoch: 
Memory allocated:  316.126953125
Memory cached:  460.0
	 epoch  80 training error:  tensor(0.8044, device='cuda:0', grad_fn=<DivBackward0>)
Memory status after this epoch: 
Memory allocated:  316.126953125
Memory cached:  460.0
	 epoch  90 training error:  tensor(0.7958, device='cuda:0', grad_fn=<DivBackward0>)
Memory status after this epoch: 
Memory allocated:  316.126953125
Memory cached:  458.0
[I 2023-12-07 03:52:41,162] Trial 25 finished with value: 0.6997330784797668 and parameters: {'W_layers': 7, 'W_layer_units_exponent_0': 8, 'W_layer_units_exponent_1': 5, 'W_layer_units_exponent_2': 8, 'W_layer_units_exponent_3': 9, 'W_layer_units_exponent_4': 9, 'W_layer_units_exponent_5': 7, 'W_layer_units_exponent_6': 4, 'D_layers': 4, 'D_layer_units_exponent_0': 5, 'D_layer_units_exponent_1': 4, 'D_layer_units_exponent_2': 9, 'D_layer_units_exponent_3': 9, 'D_dagger_layers': 6, 'D_dagger_layer_units_exponent_0': 6, 'D_dagger_layer_units_exponent_1': 9, 'D_dagger_layer_units_exponent_2': 7, 'D_dagger_layer_units_exponent_3': 8, 'D_dagger_layer_units_exponent_4': 4, 'D_dagger_layer_units_exponent_5': 6, 'log_learning_rate': -1.2610843306367823, 'log_learning_rate_D': -4.305151064609758, 'log_learning_rate_D_dagger': -3.900795497387506, 'training_batch_size': 11, 'training_p': 3}. Best is trial 16 with value: 0.533810019493103.
Time for this trial:  19.53809881210327
Memory status after this trial: 
Memory allocated:  459.56201171875
Memory cached:  470.0
--------------------  Trial  26   --------------------
Start timing: 
Parameters: 
{'W_layers': 5, 'W_layer_units_exponent_0': 7, 'W_layer_units_exponent_1': 9, 'W_layer_units_exponent_2': 10, 'W_layer_units_exponent_3': 7, 'W_layer_units_exponent_4': 9, 'D_layers': 3, 'D_layer_units_exponent_0': 4, 'D_layer_units_exponent_1': 5, 'D_layer_units_exponent_2': 6, 'D_dagger_layers': 7, 'D_dagger_layer_units_exponent_0': 5, 'D_dagger_layer_units_exponent_1': 10, 'D_dagger_layer_units_exponent_2': 8, 'D_dagger_layer_units_exponent_3': 10, 'D_dagger_layer_units_exponent_4': 5, 'D_dagger_layer_units_exponent_5': 8, 'D_dagger_layer_units_exponent_6': 9, 'log_learning_rate': -1.7811301629577259, 'log_learning_rate_D': -4.69351823642746, 'log_learning_rate_D_dagger': -4.556423444246626, 'training_batch_size': 10, 'training_p': 2}
	 epoch  0 training error:  tensor(1.0088, device='cuda:0', grad_fn=<DivBackward0>)
Memory status after this epoch: 
Memory allocated:  329.6611328125
Memory cached:  456.0
	 epoch  10 training error:  tensor(8.3961, device='cuda:0', grad_fn=<DivBackward0>)
Memory status after this epoch: 
Memory allocated:  329.6611328125
Memory cached:  460.0
	 epoch  20 training error:  tensor(21.6983, device='cuda:0', grad_fn=<DivBackward0>)
Memory status after this epoch: 
Memory allocated:  329.6611328125
Memory cached:  458.0
	 epoch  30 training error:  tensor(129.5369, device='cuda:0', grad_fn=<DivBackward0>)
Memory status after this epoch: 
Memory allocated:  329.6611328125
Memory cached:  458.0
	 epoch  40 training error:  tensor(0.9386, device='cuda:0', grad_fn=<DivBackward0>)
Memory status after this epoch: 
Memory allocated:  329.6611328125
Memory cached:  460.0
	 epoch  50 training error:  tensor(2.6615, device='cuda:0', grad_fn=<DivBackward0>)
Memory status after this epoch: 
Memory allocated:  329.6611328125
Memory cached:  458.0
	 epoch  60 training error:  tensor(101.6527, device='cuda:0', grad_fn=<DivBackward0>)
Memory status after this epoch: 
Memory allocated:  329.6611328125
Memory cached:  458.0
	 epoch  70 training error:  tensor(10.3857, device='cuda:0', grad_fn=<DivBackward0>)
Memory status after this epoch: 
Memory allocated:  329.6611328125
Memory cached:  460.0
	 epoch  80 training error:  tensor(2.2723, device='cuda:0', grad_fn=<DivBackward0>)
Memory status after this epoch: 
Memory allocated:  329.6611328125
Memory cached:  458.0
	 epoch  90 training error:  tensor(50.6373, device='cuda:0', grad_fn=<DivBackward0>)
Memory status after this epoch: 
Memory allocated:  329.6611328125
Memory cached:  458.0
[I 2023-12-07 03:53:02,587] Trial 26 finished with value: 28.25986671447754 and parameters: {'W_layers': 5, 'W_layer_units_exponent_0': 7, 'W_layer_units_exponent_1': 9, 'W_layer_units_exponent_2': 10, 'W_layer_units_exponent_3': 7, 'W_layer_units_exponent_4': 9, 'D_layers': 3, 'D_layer_units_exponent_0': 4, 'D_layer_units_exponent_1': 5, 'D_layer_units_exponent_2': 6, 'D_dagger_layers': 7, 'D_dagger_layer_units_exponent_0': 5, 'D_dagger_layer_units_exponent_1': 10, 'D_dagger_layer_units_exponent_2': 8, 'D_dagger_layer_units_exponent_3': 10, 'D_dagger_layer_units_exponent_4': 5, 'D_dagger_layer_units_exponent_5': 8, 'D_dagger_layer_units_exponent_6': 9, 'log_learning_rate': -1.7811301629577259, 'log_learning_rate_D': -4.69351823642746, 'log_learning_rate_D_dagger': -4.556423444246626, 'training_batch_size': 10, 'training_p': 2}. Best is trial 16 with value: 0.533810019493103.
Time for this trial:  21.223474264144897
Memory status after this trial: 
Memory allocated:  605.82080078125
Memory cached:  640.0
--------------------  Trial  27   --------------------
Start timing: 
Parameters: 
{'W_layers': 4, 'W_layer_units_exponent_0': 9, 'W_layer_units_exponent_1': 8, 'W_layer_units_exponent_2': 7, 'W_layer_units_exponent_3': 8, 'D_layers': 5, 'D_layer_units_exponent_0': 5, 'D_layer_units_exponent_1': 8, 'D_layer_units_exponent_2': 8, 'D_layer_units_exponent_3': 7, 'D_layer_units_exponent_4': 4, 'D_dagger_layers': 8, 'D_dagger_layer_units_exponent_0': 6, 'D_dagger_layer_units_exponent_1': 9, 'D_dagger_layer_units_exponent_2': 5, 'D_dagger_layer_units_exponent_3': 9, 'D_dagger_layer_units_exponent_4': 10, 'D_dagger_layer_units_exponent_5': 7, 'D_dagger_layer_units_exponent_6': 9, 'D_dagger_layer_units_exponent_7': 7, 'log_learning_rate': -2.1773325214655714, 'log_learning_rate_D': -4.132953362865687, 'log_learning_rate_D_dagger': -4.1429590432052, 'training_batch_size': 11, 'training_p': 4}
	 epoch  0 training error:  tensor(0.9880, device='cuda:0', grad_fn=<DivBackward0>)
Memory status after this epoch: 
Memory allocated:  322.9169921875
Memory cached:  476.0
	 epoch  10 training error:  tensor(1.0650, device='cuda:0', grad_fn=<DivBackward0>)
Memory status after this epoch: 
Memory allocated:  322.9169921875
Memory cached:  476.0
	 epoch  20 training error:  tensor(1.0110, device='cuda:0', grad_fn=<DivBackward0>)
Memory status after this epoch: 
Memory allocated:  322.9169921875
Memory cached:  476.0
	 epoch  30 training error:  tensor(0.9519, device='cuda:0', grad_fn=<DivBackward0>)
Memory status after this epoch: 
Memory allocated:  322.9169921875
Memory cached:  476.0
	 epoch  40 training error:  tensor(0.8591, device='cuda:0', grad_fn=<DivBackward0>)
Memory status after this epoch: 
Memory allocated:  322.9169921875
Memory cached:  476.0
	 epoch  50 training error:  tensor(0.8080, device='cuda:0', grad_fn=<DivBackward0>)
Memory status after this epoch: 
Memory allocated:  322.9169921875
Memory cached:  476.0
	 epoch  60 training error:  tensor(0.7900, device='cuda:0', grad_fn=<DivBackward0>)
Memory status after this epoch: 
Memory allocated:  322.9169921875
Memory cached:  476.0
	 epoch  70 training error:  tensor(0.7854, device='cuda:0', grad_fn=<DivBackward0>)
Memory status after this epoch: 
Memory allocated:  322.9169921875
Memory cached:  476.0
	 epoch  80 training error:  tensor(0.7806, device='cuda:0', grad_fn=<DivBackward0>)
Memory status after this epoch: 
Memory allocated:  322.9169921875
Memory cached:  476.0
	 epoch  90 training error:  tensor(0.7769, device='cuda:0', grad_fn=<DivBackward0>)
Memory status after this epoch: 
Memory allocated:  322.9169921875
Memory cached:  476.0
[I 2023-12-07 03:53:23,730] Trial 27 finished with value: 0.7492426633834839 and parameters: {'W_layers': 4, 'W_layer_units_exponent_0': 9, 'W_layer_units_exponent_1': 8, 'W_layer_units_exponent_2': 7, 'W_layer_units_exponent_3': 8, 'D_layers': 5, 'D_layer_units_exponent_0': 5, 'D_layer_units_exponent_1': 8, 'D_layer_units_exponent_2': 8, 'D_layer_units_exponent_3': 7, 'D_layer_units_exponent_4': 4, 'D_dagger_layers': 8, 'D_dagger_layer_units_exponent_0': 6, 'D_dagger_layer_units_exponent_1': 9, 'D_dagger_layer_units_exponent_2': 5, 'D_dagger_layer_units_exponent_3': 9, 'D_dagger_layer_units_exponent_4': 10, 'D_dagger_layer_units_exponent_5': 7, 'D_dagger_layer_units_exponent_6': 9, 'D_dagger_layer_units_exponent_7': 7, 'log_learning_rate': -2.1773325214655714, 'log_learning_rate_D': -4.132953362865687, 'log_learning_rate_D_dagger': -4.1429590432052, 'training_batch_size': 11, 'training_p': 4}. Best is trial 16 with value: 0.533810019493103.
Time for this trial:  20.92384433746338
Memory status after this trial: 
Memory allocated:  531.81396484375
Memory cached:  566.0
--------------------  Trial  28   --------------------
Start timing: 
Parameters: 
{'W_layers': 8, 'W_layer_units_exponent_0': 10, 'W_layer_units_exponent_1': 7, 'W_layer_units_exponent_2': 9, 'W_layer_units_exponent_3': 4, 'W_layer_units_exponent_4': 8, 'W_layer_units_exponent_5': 4, 'W_layer_units_exponent_6': 7, 'W_layer_units_exponent_7': 10, 'D_layers': 4, 'D_layer_units_exponent_0': 6, 'D_layer_units_exponent_1': 6, 'D_layer_units_exponent_2': 4, 'D_layer_units_exponent_3': 9, 'D_dagger_layers': 5, 'D_dagger_layer_units_exponent_0': 8, 'D_dagger_layer_units_exponent_1': 10, 'D_dagger_layer_units_exponent_2': 9, 'D_dagger_layer_units_exponent_3': 6, 'D_dagger_layer_units_exponent_4': 6, 'log_learning_rate': -1.4987123825802953, 'log_learning_rate_D': -3.6939237139388488, 'log_learning_rate_D_dagger': -3.7232211825696857, 'training_batch_size': 9, 'training_p': 3}
	 epoch  0 training error:  tensor(0.9927, device='cuda:0', grad_fn=<DivBackward0>)
Memory status after this epoch: 
Memory allocated:  324.06298828125
Memory cached:  456.0
	 epoch  10 training error:  tensor(1.5991, device='cuda:0', grad_fn=<DivBackward0>)
Memory status after this epoch: 
Memory allocated:  324.06298828125
Memory cached:  456.0
	 epoch  20 training error:  tensor(0.8792, device='cuda:0', grad_fn=<DivBackward0>)
Memory status after this epoch: 
Memory allocated:  324.06298828125
Memory cached:  456.0
	 epoch  30 training error:  tensor(0.9081, device='cuda:0', grad_fn=<DivBackward0>)
Memory status after this epoch: 
Memory allocated:  324.06298828125
Memory cached:  456.0
	 epoch  40 training error:  tensor(0.8323, device='cuda:0', grad_fn=<DivBackward0>)
Memory status after this epoch: 
Memory allocated:  324.06298828125
Memory cached:  456.0
	 epoch  50 training error:  tensor(0.7963, device='cuda:0', grad_fn=<DivBackward0>)
Memory status after this epoch: 
Memory allocated:  324.06298828125
Memory cached:  456.0
	 epoch  60 training error:  tensor(0.7918, device='cuda:0', grad_fn=<DivBackward0>)
Memory status after this epoch: 
Memory allocated:  324.06298828125
Memory cached:  456.0
	 epoch  70 training error:  tensor(0.7840, device='cuda:0', grad_fn=<DivBackward0>)
Memory status after this epoch: 
Memory allocated:  324.06298828125
Memory cached:  456.0
	 epoch  80 training error:  tensor(0.7688, device='cuda:0', grad_fn=<DivBackward0>)
Memory status after this epoch: 
Memory allocated:  324.06298828125
Memory cached:  456.0
	 epoch  90 training error:  tensor(0.7283, device='cuda:0', grad_fn=<DivBackward0>)
Memory status after this epoch: 
Memory allocated:  324.06298828125
Memory cached:  456.0
[I 2023-12-07 03:53:44,973] Trial 28 finished with value: 0.6039497256278992 and parameters: {'W_layers': 8, 'W_layer_units_exponent_0': 10, 'W_layer_units_exponent_1': 7, 'W_layer_units_exponent_2': 9, 'W_layer_units_exponent_3': 4, 'W_layer_units_exponent_4': 8, 'W_layer_units_exponent_5': 4, 'W_layer_units_exponent_6': 7, 'W_layer_units_exponent_7': 10, 'D_layers': 4, 'D_layer_units_exponent_0': 6, 'D_layer_units_exponent_1': 6, 'D_layer_units_exponent_2': 4, 'D_layer_units_exponent_3': 9, 'D_dagger_layers': 5, 'D_dagger_layer_units_exponent_0': 8, 'D_dagger_layer_units_exponent_1': 10, 'D_dagger_layer_units_exponent_2': 9, 'D_dagger_layer_units_exponent_3': 6, 'D_dagger_layer_units_exponent_4': 6, 'log_learning_rate': -1.4987123825802953, 'log_learning_rate_D': -3.6939237139388488, 'log_learning_rate_D_dagger': -3.7232211825696857, 'training_batch_size': 9, 'training_p': 3}. Best is trial 16 with value: 0.533810019493103.
Time for this trial:  21.032605409622192
Memory status after this trial: 
Memory allocated:  580.06005859375
Memory cached:  616.0
--------------------  Trial  29   --------------------
Start timing: 
Parameters: 
{'W_layers': 6, 'W_layer_units_exponent_0': 8, 'W_layer_units_exponent_1': 7, 'W_layer_units_exponent_2': 8, 'W_layer_units_exponent_3': 9, 'W_layer_units_exponent_4': 6, 'W_layer_units_exponent_5': 8, 'D_layers': 7, 'D_layer_units_exponent_0': 4, 'D_layer_units_exponent_1': 4, 'D_layer_units_exponent_2': 6, 'D_layer_units_exponent_3': 7, 'D_layer_units_exponent_4': 6, 'D_layer_units_exponent_5': 4, 'D_layer_units_exponent_6': 10, 'D_dagger_layers': 4, 'D_dagger_layer_units_exponent_0': 7, 'D_dagger_layer_units_exponent_1': 8, 'D_dagger_layer_units_exponent_2': 7, 'D_dagger_layer_units_exponent_3': 8, 'log_learning_rate': -2.5981677159330685, 'log_learning_rate_D': -3.5477460636331952, 'log_learning_rate_D_dagger': -4.574285532349251, 'training_batch_size': 10, 'training_p': 6}
	 epoch  0 training error:  tensor(1.0009, device='cuda:0', grad_fn=<DivBackward0>)
Memory status after this epoch: 
Memory allocated:  311.1123046875
Memory cached:  456.0
	 epoch  10 training error:  tensor(0.9843, device='cuda:0', grad_fn=<DivBackward0>)
Memory status after this epoch: 
Memory allocated:  311.1123046875
Memory cached:  456.0
	 epoch  20 training error:  tensor(0.9727, device='cuda:0', grad_fn=<DivBackward0>)
Memory status after this epoch: 
Memory allocated:  311.1123046875
Memory cached:  456.0
	 epoch  30 training error:  tensor(0.9635, device='cuda:0', grad_fn=<DivBackward0>)
Memory status after this epoch: 
Memory allocated:  311.1123046875
Memory cached:  456.0
	 epoch  40 training error:  tensor(0.9550, device='cuda:0', grad_fn=<DivBackward0>)
Memory status after this epoch: 
Memory allocated:  311.1123046875
Memory cached:  456.0
	 epoch  50 training error:  tensor(0.9454, device='cuda:0', grad_fn=<DivBackward0>)
Memory status after this epoch: 
Memory allocated:  311.1123046875
Memory cached:  456.0
	 epoch  60 training error:  tensor(0.9349, device='cuda:0', grad_fn=<DivBackward0>)
Memory status after this epoch: 
Memory allocated:  311.1123046875
Memory cached:  456.0
	 epoch  70 training error:  tensor(0.9234, device='cuda:0', grad_fn=<DivBackward0>)
Memory status after this epoch: 
Memory allocated:  311.1123046875
Memory cached:  456.0
	 epoch  80 training error:  tensor(0.9109, device='cuda:0', grad_fn=<DivBackward0>)
Memory status after this epoch: 
Memory allocated:  311.1123046875
Memory cached:  456.0
	 epoch  90 training error:  tensor(0.8970, device='cuda:0', grad_fn=<DivBackward0>)
Memory status after this epoch: 
Memory allocated:  311.1123046875
Memory cached:  456.0
