[I 2023-12-05 01:52:37,838] Trial 77 finished with value: 0.1218191385269165 and parameters: {'W_layers': 5, 'W_layer_units_exponent_0': 10, 'W_layer_units_exponent_1': 6, 'W_layer_units_exponent_2': 5, 'W_layer_units_exponent_3': 6, 'W_layer_units_exponent_4': 9, 'D_layers': 3, 'D_layer_units_exponent_0': 7, 'D_layer_units_exponent_1': 7, 'D_layer_units_exponent_2': 9, 'log_learning_rate': -2.9949926773875357, 'log_learning_rate_D': -2.9291321227453677, 'training_batch_size': 10, 'training_p': 2}. Best is trial 33 with value: 0.05789090320467949.
Time for this trial:  42.074315547943115
Memory status after this trial: 
Memory allocated:  116.1650390625
Memory cached:  118.0
--------------------  Trial  78   --------------------
Start timing: 
Parameters: 
{'W_layers': 4, 'W_layer_units_exponent_0': 10, 'W_layer_units_exponent_1': 5, 'W_layer_units_exponent_2': 5, 'W_layer_units_exponent_3': 5, 'D_layers': 4, 'D_layer_units_exponent_0': 8, 'D_layer_units_exponent_1': 8, 'D_layer_units_exponent_2': 10, 'D_layer_units_exponent_3': 5, 'log_learning_rate': -2.9016553278011767, 'log_learning_rate_D': -2.8086855089100236, 'training_batch_size': 11, 'training_p': 2}
	 epoch  0 training error:  tensor(0.9402, device='cuda:0', grad_fn=<DivBackward0>)
Memory status after this epoch: 
Memory allocated:  64.53466796875
Memory cached:  88.0
	 epoch  10 training error:  tensor(0.6770, device='cuda:0', grad_fn=<DivBackward0>)
Memory status after this epoch: 
Memory allocated:  64.53466796875
Memory cached:  90.0
	 epoch  20 training error:  tensor(0.5865, device='cuda:0', grad_fn=<DivBackward0>)
Memory status after this epoch: 
Memory allocated:  64.53466796875
Memory cached:  90.0
	 epoch  30 training error:  tensor(0.5460, device='cuda:0', grad_fn=<DivBackward0>)
Memory status after this epoch: 
Memory allocated:  64.53466796875
Memory cached:  90.0
	 epoch  40 training error:  tensor(0.4569, device='cuda:0', grad_fn=<DivBackward0>)
Memory status after this epoch: 
Memory allocated:  64.53466796875
Memory cached:  90.0
	 epoch  50 training error:  tensor(0.3915, device='cuda:0', grad_fn=<DivBackward0>)
Memory status after this epoch: 
Memory allocated:  64.53466796875
Memory cached:  90.0
	 epoch  60 training error:  tensor(0.3367, device='cuda:0', grad_fn=<DivBackward0>)
Memory status after this epoch: 
Memory allocated:  64.53466796875
Memory cached:  90.0
	 epoch  70 training error:  tensor(0.3505, device='cuda:0', grad_fn=<DivBackward0>)
Memory status after this epoch: 
Memory allocated:  64.53466796875
Memory cached:  90.0
	 epoch  80 training error:  tensor(0.2761, device='cuda:0', grad_fn=<DivBackward0>)
Memory status after this epoch: 
Memory allocated:  64.53466796875
Memory cached:  90.0
	 epoch  90 training error:  tensor(0.2054, device='cuda:0', grad_fn=<DivBackward0>)
Memory status after this epoch: 
Memory allocated:  64.53466796875
Memory cached:  90.0
[I 2023-12-05 01:53:20,413] Trial 78 finished with value: 0.11790471524000168 and parameters: {'W_layers': 4, 'W_layer_units_exponent_0': 10, 'W_layer_units_exponent_1': 5, 'W_layer_units_exponent_2': 5, 'W_layer_units_exponent_3': 5, 'D_layers': 4, 'D_layer_units_exponent_0': 8, 'D_layer_units_exponent_1': 8, 'D_layer_units_exponent_2': 10, 'D_layer_units_exponent_3': 5, 'log_learning_rate': -2.9016553278011767, 'log_learning_rate_D': -2.8086855089100236, 'training_batch_size': 11, 'training_p': 2}. Best is trial 33 with value: 0.05789090320467949.
Time for this trial:  42.38574814796448
Memory status after this trial: 
Memory allocated:  122.71826171875
Memory cached:  126.0
--------------------  Trial  79   --------------------
Start timing: 
Parameters: 
{'W_layers': 7, 'W_layer_units_exponent_0': 9, 'W_layer_units_exponent_1': 4, 'W_layer_units_exponent_2': 4, 'W_layer_units_exponent_3': 5, 'W_layer_units_exponent_4': 6, 'W_layer_units_exponent_5': 5, 'W_layer_units_exponent_6': 7, 'D_layers': 2, 'D_layer_units_exponent_0': 7, 'D_layer_units_exponent_1': 7, 'log_learning_rate': -3.1392421845287917, 'log_learning_rate_D': -2.9698588256753844, 'training_batch_size': 10, 'training_p': 2}
	 epoch  0 training error:  tensor(1.0258, device='cuda:0', grad_fn=<DivBackward0>)
Memory status after this epoch: 
Memory allocated:  58.96240234375
Memory cached:  88.0
	 epoch  10 training error:  tensor(0.9049, device='cuda:0', grad_fn=<DivBackward0>)
Memory status after this epoch: 
Memory allocated:  58.96240234375
Memory cached:  88.0
	 epoch  20 training error:  tensor(0.7385, device='cuda:0', grad_fn=<DivBackward0>)
Memory status after this epoch: 
Memory allocated:  58.96240234375
Memory cached:  88.0
	 epoch  30 training error:  tensor(0.7064, device='cuda:0', grad_fn=<DivBackward0>)
Memory status after this epoch: 
Memory allocated:  58.96240234375
Memory cached:  88.0
	 epoch  40 training error:  tensor(0.6183, device='cuda:0', grad_fn=<DivBackward0>)
Memory status after this epoch: 
Memory allocated:  58.96240234375
Memory cached:  88.0
	 epoch  50 training error:  tensor(0.5479, device='cuda:0', grad_fn=<DivBackward0>)
Memory status after this epoch: 
Memory allocated:  58.96240234375
Memory cached:  88.0
	 epoch  60 training error:  tensor(0.3844, device='cuda:0', grad_fn=<DivBackward0>)
Memory status after this epoch: 
Memory allocated:  58.96240234375
Memory cached:  88.0
	 epoch  70 training error:  tensor(0.2618, device='cuda:0', grad_fn=<DivBackward0>)
Memory status after this epoch: 
Memory allocated:  58.96240234375
Memory cached:  88.0
	 epoch  80 training error:  tensor(0.1428, device='cuda:0', grad_fn=<DivBackward0>)
Memory status after this epoch: 
Memory allocated:  58.96240234375
Memory cached:  88.0
	 epoch  90 training error:  tensor(0.1515, device='cuda:0', grad_fn=<DivBackward0>)
Memory status after this epoch: 
Memory allocated:  58.96240234375
Memory cached:  88.0
[I 2023-12-05 01:54:02,660] Trial 79 finished with value: 0.11353335529565811 and parameters: {'W_layers': 7, 'W_layer_units_exponent_0': 9, 'W_layer_units_exponent_1': 4, 'W_layer_units_exponent_2': 4, 'W_layer_units_exponent_3': 5, 'W_layer_units_exponent_4': 6, 'W_layer_units_exponent_5': 5, 'W_layer_units_exponent_6': 7, 'D_layers': 2, 'D_layer_units_exponent_0': 7, 'D_layer_units_exponent_1': 7, 'log_learning_rate': -3.1392421845287917, 'log_learning_rate_D': -2.9698588256753844, 'training_batch_size': 10, 'training_p': 2}. Best is trial 33 with value: 0.05789090320467949.
Time for this trial:  42.03670644760132
Memory status after this trial: 
Memory allocated:  83.025390625
Memory cached:  88.0
--------------------  Trial  80   --------------------
Start timing: 
Parameters: 
{'W_layers': 5, 'W_layer_units_exponent_0': 10, 'W_layer_units_exponent_1': 5, 'W_layer_units_exponent_2': 4, 'W_layer_units_exponent_3': 4, 'W_layer_units_exponent_4': 8, 'D_layers': 2, 'D_layer_units_exponent_0': 8, 'D_layer_units_exponent_1': 7, 'log_learning_rate': -2.507335862728847, 'log_learning_rate_D': -3.126315512512986, 'training_batch_size': 11, 'training_p': 2}
	 epoch  0 training error:  tensor(1.0733, device='cuda:0', grad_fn=<DivBackward0>)
Memory status after this epoch: 
Memory allocated:  59.56396484375
Memory cached:  90.0
	 epoch  10 training error:  tensor(0.7533, device='cuda:0', grad_fn=<DivBackward0>)
Memory status after this epoch: 
Memory allocated:  59.56396484375
Memory cached:  90.0
	 epoch  20 training error:  tensor(0.6925, device='cuda:0', grad_fn=<DivBackward0>)
Memory status after this epoch: 
Memory allocated:  59.56396484375
Memory cached:  90.0
	 epoch  30 training error:  tensor(0.5084, device='cuda:0', grad_fn=<DivBackward0>)
Memory status after this epoch: 
Memory allocated:  59.56396484375
Memory cached:  90.0
	 epoch  40 training error:  tensor(0.5014, device='cuda:0', grad_fn=<DivBackward0>)
Memory status after this epoch: 
Memory allocated:  59.56396484375
Memory cached:  90.0
	 epoch  50 training error:  tensor(0.3157, device='cuda:0', grad_fn=<DivBackward0>)
Memory status after this epoch: 
Memory allocated:  59.56396484375
Memory cached:  90.0
	 epoch  60 training error:  tensor(0.2425, device='cuda:0', grad_fn=<DivBackward0>)
Memory status after this epoch: 
Memory allocated:  59.56396484375
Memory cached:  90.0
	 epoch  70 training error:  tensor(0.1946, device='cuda:0', grad_fn=<DivBackward0>)
Memory status after this epoch: 
Memory allocated:  59.56396484375
Memory cached:  90.0
	 epoch  80 training error:  tensor(0.1750, device='cuda:0', grad_fn=<DivBackward0>)
Memory status after this epoch: 
Memory allocated:  59.56396484375
Memory cached:  90.0
	 epoch  90 training error:  tensor(0.1315, device='cuda:0', grad_fn=<DivBackward0>)
Memory status after this epoch: 
Memory allocated:  59.56396484375
Memory cached:  90.0
[I 2023-12-05 01:54:42,598] Trial 80 finished with value: 0.14090807735919952 and parameters: {'W_layers': 5, 'W_layer_units_exponent_0': 10, 'W_layer_units_exponent_1': 5, 'W_layer_units_exponent_2': 4, 'W_layer_units_exponent_3': 4, 'W_layer_units_exponent_4': 8, 'D_layers': 2, 'D_layer_units_exponent_0': 8, 'D_layer_units_exponent_1': 7, 'log_learning_rate': -2.507335862728847, 'log_learning_rate_D': -3.126315512512986, 'training_batch_size': 11, 'training_p': 2}. Best is trial 33 with value: 0.05789090320467949.
Time for this trial:  39.70088720321655
Memory status after this trial: 
Memory allocated:  98.677734375
Memory cached:  100.0
--------------------  Trial  81   --------------------
Start timing: 
Parameters: 
{'W_layers': 4, 'W_layer_units_exponent_0': 10, 'W_layer_units_exponent_1': 4, 'W_layer_units_exponent_2': 5, 'W_layer_units_exponent_3': 6, 'D_layers': 3, 'D_layer_units_exponent_0': 8, 'D_layer_units_exponent_1': 8, 'D_layer_units_exponent_2': 8, 'log_learning_rate': -2.4050564208284397, 'log_learning_rate_D': -2.654304223795918, 'training_batch_size': 10, 'training_p': 2}
	 epoch  0 training error:  tensor(0.9736, device='cuda:0', grad_fn=<DivBackward0>)
Memory status after this epoch: 
Memory allocated:  60.78076171875
Memory cached:  90.0
	 epoch  10 training error:  tensor(0.6878, device='cuda:0', grad_fn=<DivBackward0>)
Memory status after this epoch: 
Memory allocated:  60.78076171875
Memory cached:  90.0
	 epoch  20 training error:  tensor(0.5464, device='cuda:0', grad_fn=<DivBackward0>)
Memory status after this epoch: 
Memory allocated:  60.78076171875
Memory cached:  90.0
	 epoch  30 training error:  tensor(0.4491, device='cuda:0', grad_fn=<DivBackward0>)
Memory status after this epoch: 
Memory allocated:  60.78076171875
Memory cached:  90.0
	 epoch  40 training error:  tensor(0.5579, device='cuda:0', grad_fn=<DivBackward0>)
Memory status after this epoch: 
Memory allocated:  60.78076171875
Memory cached:  90.0
	 epoch  50 training error:  tensor(0.2941, device='cuda:0', grad_fn=<DivBackward0>)
Memory status after this epoch: 
Memory allocated:  60.78076171875
Memory cached:  90.0
	 epoch  60 training error:  tensor(0.2527, device='cuda:0', grad_fn=<DivBackward0>)
Memory status after this epoch: 
Memory allocated:  60.78076171875
Memory cached:  90.0
	 epoch  70 training error:  tensor(0.1836, device='cuda:0', grad_fn=<DivBackward0>)
Memory status after this epoch: 
Memory allocated:  60.78076171875
Memory cached:  90.0
	 epoch  80 training error:  tensor(0.0876, device='cuda:0', grad_fn=<DivBackward0>)
Memory status after this epoch: 
Memory allocated:  60.78076171875
Memory cached:  90.0
	 epoch  90 training error:  tensor(0.0727, device='cuda:0', grad_fn=<DivBackward0>)
Memory status after this epoch: 
Memory allocated:  60.78076171875
Memory cached:  90.0
[I 2023-12-05 01:55:21,676] Trial 81 finished with value: 0.09134682267904282 and parameters: {'W_layers': 4, 'W_layer_units_exponent_0': 10, 'W_layer_units_exponent_1': 4, 'W_layer_units_exponent_2': 5, 'W_layer_units_exponent_3': 6, 'D_layers': 3, 'D_layer_units_exponent_0': 8, 'D_layer_units_exponent_1': 8, 'D_layer_units_exponent_2': 8, 'log_learning_rate': -2.4050564208284397, 'log_learning_rate_D': -2.654304223795918, 'training_batch_size': 10, 'training_p': 2}. Best is trial 33 with value: 0.05789090320467949.
Time for this trial:  38.891077518463135
Memory status after this trial: 
Memory allocated:  103.1533203125
Memory cached:  106.0
--------------------  Trial  82   --------------------
Start timing: 
Parameters: 
{'W_layers': 4, 'W_layer_units_exponent_0': 10, 'W_layer_units_exponent_1': 4, 'W_layer_units_exponent_2': 5, 'W_layer_units_exponent_3': 6, 'D_layers': 3, 'D_layer_units_exponent_0': 8, 'D_layer_units_exponent_1': 8, 'D_layer_units_exponent_2': 8, 'log_learning_rate': -2.38664664239556, 'log_learning_rate_D': -2.6686684111118884, 'training_batch_size': 10, 'training_p': 2}
	 epoch  0 training error:  tensor(1.0035, device='cuda:0', grad_fn=<DivBackward0>)
Memory status after this epoch: 
Memory allocated:  60.78076171875
Memory cached:  90.0
	 epoch  10 training error:  tensor(0.7336, device='cuda:0', grad_fn=<DivBackward0>)
Memory status after this epoch: 
Memory allocated:  60.78076171875
Memory cached:  90.0
	 epoch  20 training error:  tensor(0.5986, device='cuda:0', grad_fn=<DivBackward0>)
Memory status after this epoch: 
Memory allocated:  60.78076171875
Memory cached:  90.0
	 epoch  30 training error:  tensor(0.6047, device='cuda:0', grad_fn=<DivBackward0>)
Memory status after this epoch: 
Memory allocated:  60.78076171875
Memory cached:  90.0
	 epoch  40 training error:  tensor(0.3392, device='cuda:0', grad_fn=<DivBackward0>)
Memory status after this epoch: 
Memory allocated:  60.78076171875
Memory cached:  90.0
	 epoch  50 training error:  tensor(0.3073, device='cuda:0', grad_fn=<DivBackward0>)
Memory status after this epoch: 
Memory allocated:  60.78076171875
Memory cached:  90.0
	 epoch  60 training error:  tensor(0.5377, device='cuda:0', grad_fn=<DivBackward0>)
Memory status after this epoch: 
Memory allocated:  60.78076171875
Memory cached:  90.0
	 epoch  70 training error:  tensor(0.4072, device='cuda:0', grad_fn=<DivBackward0>)
Memory status after this epoch: 
Memory allocated:  60.78076171875
Memory cached:  90.0
	 epoch  80 training error:  tensor(0.1896, device='cuda:0', grad_fn=<DivBackward0>)
Memory status after this epoch: 
Memory allocated:  60.78076171875
Memory cached:  90.0
	 epoch  90 training error:  tensor(0.1422, device='cuda:0', grad_fn=<DivBackward0>)
Memory status after this epoch: 
Memory allocated:  60.78076171875
Memory cached:  90.0
[I 2023-12-05 01:56:01,461] Trial 82 finished with value: 0.22057490050792694 and parameters: {'W_layers': 4, 'W_layer_units_exponent_0': 10, 'W_layer_units_exponent_1': 4, 'W_layer_units_exponent_2': 5, 'W_layer_units_exponent_3': 6, 'D_layers': 3, 'D_layer_units_exponent_0': 8, 'D_layer_units_exponent_1': 8, 'D_layer_units_exponent_2': 8, 'log_learning_rate': -2.38664664239556, 'log_learning_rate_D': -2.6686684111118884, 'training_batch_size': 10, 'training_p': 2}. Best is trial 33 with value: 0.05789090320467949.
Time for this trial:  39.60304379463196
Memory status after this trial: 
Memory allocated:  103.1533203125
Memory cached:  106.0
--------------------  Trial  83   --------------------
Start timing: 
Parameters: 
{'W_layers': 4, 'W_layer_units_exponent_0': 10, 'W_layer_units_exponent_1': 4, 'W_layer_units_exponent_2': 5, 'W_layer_units_exponent_3': 6, 'D_layers': 3, 'D_layer_units_exponent_0': 8, 'D_layer_units_exponent_1': 8, 'D_layer_units_exponent_2': 9, 'log_learning_rate': -2.780209173082357, 'log_learning_rate_D': -2.7626316350777613, 'training_batch_size': 10, 'training_p': 2}
	 epoch  0 training error:  tensor(1.0458, device='cuda:0', grad_fn=<DivBackward0>)
Memory status after this epoch: 
Memory allocated:  61.78857421875
Memory cached:  92.0
	 epoch  10 training error:  tensor(0.7035, device='cuda:0', grad_fn=<DivBackward0>)
Memory status after this epoch: 
Memory allocated:  61.78857421875
Memory cached:  94.0
	 epoch  20 training error:  tensor(0.6140, device='cuda:0', grad_fn=<DivBackward0>)
Memory status after this epoch: 
Memory allocated:  61.78857421875
Memory cached:  94.0
	 epoch  30 training error:  tensor(0.5746, device='cuda:0', grad_fn=<DivBackward0>)
Memory status after this epoch: 
Memory allocated:  61.78857421875
Memory cached:  94.0
	 epoch  40 training error:  tensor(0.4471, device='cuda:0', grad_fn=<DivBackward0>)
Memory status after this epoch: 
Memory allocated:  61.78857421875
Memory cached:  94.0
	 epoch  50 training error:  tensor(0.3560, device='cuda:0', grad_fn=<DivBackward0>)
Memory status after this epoch: 
Memory allocated:  61.78857421875
Memory cached:  94.0
	 epoch  60 training error:  tensor(0.2603, device='cuda:0', grad_fn=<DivBackward0>)
Memory status after this epoch: 
Memory allocated:  61.78857421875
Memory cached:  94.0
	 epoch  70 training error:  tensor(0.2341, device='cuda:0', grad_fn=<DivBackward0>)
Memory status after this epoch: 
Memory allocated:  61.78857421875
Memory cached:  94.0
	 epoch  80 training error:  tensor(0.2070, device='cuda:0', grad_fn=<DivBackward0>)
Memory status after this epoch: 
Memory allocated:  61.78857421875
Memory cached:  94.0
	 epoch  90 training error:  tensor(0.1207, device='cuda:0', grad_fn=<DivBackward0>)
Memory status after this epoch: 
Memory allocated:  61.78857421875
Memory cached:  94.0
[I 2023-12-05 01:56:41,471] Trial 83 finished with value: 0.13044734299182892 and parameters: {'W_layers': 4, 'W_layer_units_exponent_0': 10, 'W_layer_units_exponent_1': 4, 'W_layer_units_exponent_2': 5, 'W_layer_units_exponent_3': 6, 'D_layers': 3, 'D_layer_units_exponent_0': 8, 'D_layer_units_exponent_1': 8, 'D_layer_units_exponent_2': 9, 'log_learning_rate': -2.780209173082357, 'log_learning_rate_D': -2.7626316350777613, 'training_batch_size': 10, 'training_p': 2}. Best is trial 33 with value: 0.05789090320467949.
Time for this trial:  39.84173059463501
Memory status after this trial: 
Memory allocated:  109.4580078125
Memory cached:  112.0
--------------------  Trial  84   --------------------
Start timing: 
Parameters: 
{'W_layers': 4, 'W_layer_units_exponent_0': 10, 'W_layer_units_exponent_1': 4, 'W_layer_units_exponent_2': 4, 'W_layer_units_exponent_3': 6, 'D_layers': 4, 'D_layer_units_exponent_0': 7, 'D_layer_units_exponent_1': 7, 'D_layer_units_exponent_2': 9, 'D_layer_units_exponent_3': 10, 'log_learning_rate': -2.2064211911767226, 'log_learning_rate_D': -2.4839515296459624, 'training_batch_size': 10, 'training_p': 2}
	 epoch  0 training error:  tensor(0.9324, device='cuda:0', grad_fn=<DivBackward0>)
Memory status after this epoch: 
Memory allocated:  68.03271484375
Memory cached:  110.0
	 epoch  10 training error:  tensor(0.8175, device='cuda:0', grad_fn=<DivBackward0>)
Memory status after this epoch: 
Memory allocated:  68.03271484375
Memory cached:  110.0
	 epoch  20 training error:  tensor(0.6363, device='cuda:0', grad_fn=<DivBackward0>)
Memory status after this epoch: 
Memory allocated:  68.03271484375
Memory cached:  110.0
	 epoch  30 training error:  tensor(0.4898, device='cuda:0', grad_fn=<DivBackward0>)
Memory status after this epoch: 
Memory allocated:  68.03271484375
Memory cached:  110.0
	 epoch  40 training error:  tensor(0.5494, device='cuda:0', grad_fn=<DivBackward0>)
Memory status after this epoch: 
Memory allocated:  68.03271484375
Memory cached:  110.0
	 epoch  50 training error:  tensor(0.3833, device='cuda:0', grad_fn=<DivBackward0>)
Memory status after this epoch: 
Memory allocated:  68.03271484375
Memory cached:  110.0
	 epoch  60 training error:  tensor(0.1394, device='cuda:0', grad_fn=<DivBackward0>)
Memory status after this epoch: 
Memory allocated:  68.03271484375
Memory cached:  110.0
	 epoch  70 training error:  tensor(0.1168, device='cuda:0', grad_fn=<DivBackward0>)
Memory status after this epoch: 
Memory allocated:  68.03271484375
Memory cached:  110.0
	 epoch  80 training error:  tensor(0.1048, device='cuda:0', grad_fn=<DivBackward0>)
Memory status after this epoch: 
Memory allocated:  68.03271484375
Memory cached:  110.0
	 epoch  90 training error:  tensor(0.1758, device='cuda:0', grad_fn=<DivBackward0>)
Memory status after this epoch: 
Memory allocated:  68.03271484375
Memory cached:  110.0
