[I 2024-01-26 08:21:06,751] Trial 364 finished with value: 0.16741497814655304 and parameters: {'W_layers': 7, 'W_layer_units_exponent_0': 8, 'W_layer_units_exponent_1': 7, 'W_layer_units_exponent_2': 4, 'W_layer_units_exponent_3': 6, 'W_layer_units_exponent_4': 5, 'W_layer_units_exponent_5': 9, 'W_layer_units_exponent_6': 5, 'D_layers': 4, 'D_layer_units_exponent_0': 4, 'D_layer_units_exponent_1': 7, 'D_layer_units_exponent_2': 4, 'D_layer_units_exponent_3': 4, 'D_dagger_layers': 5, 'D_dagger_layer_units_exponent_0': 10, 'D_dagger_layer_units_exponent_1': 7, 'D_dagger_layer_units_exponent_2': 9, 'D_dagger_layer_units_exponent_3': 6, 'D_dagger_layer_units_exponent_4': 4, 'log_learning_rate': -3.9309588203028034, 'log_learning_rate_D': -4.842176432923815, 'log_learning_rate_D_dagger': -3.618064846666025, 'training_batch_size': 9, 'training_p': 2}. Best is trial 338 with value: 0.16543452441692352.
Time for this trial:  23.07845401763916
Memory status after this trial: 
Memory allocated:  795.80810546875
Memory cached:  810.0
--------------------  Trial  365   --------------------
Start timing: 
Parameters: 
{'W_layers': 7, 'W_layer_units_exponent_0': 8, 'W_layer_units_exponent_1': 6, 'W_layer_units_exponent_2': 4, 'W_layer_units_exponent_3': 6, 'W_layer_units_exponent_4': 5, 'W_layer_units_exponent_5': 9, 'W_layer_units_exponent_6': 5, 'D_layers': 4, 'D_layer_units_exponent_0': 4, 'D_layer_units_exponent_1': 7, 'D_layer_units_exponent_2': 4, 'D_layer_units_exponent_3': 4, 'D_dagger_layers': 2, 'D_dagger_layer_units_exponent_0': 10, 'D_dagger_layer_units_exponent_1': 7, 'log_learning_rate': -3.8463177254437704, 'log_learning_rate_D': -4.988187623070597, 'log_learning_rate_D_dagger': -3.571732341842455, 'training_batch_size': 9, 'training_p': 2}
	 epoch  0 training error:  tensor(1.3539, device='cuda:0', grad_fn=<DivBackward0>)
Memory status after this epoch: 
Memory allocated:  492.9697265625
Memory cached:  696.0
	 epoch  10 training error:  tensor(0.3156, device='cuda:0', grad_fn=<DivBackward0>)
Memory status after this epoch: 
Memory allocated:  492.9697265625
Memory cached:  696.0
	 epoch  20 training error:  tensor(0.2255, device='cuda:0', grad_fn=<DivBackward0>)
Memory status after this epoch: 
Memory allocated:  492.9697265625
Memory cached:  696.0
	 epoch  30 training error:  tensor(0.2364, device='cuda:0', grad_fn=<DivBackward0>)
Memory status after this epoch: 
Memory allocated:  492.9697265625
Memory cached:  696.0
	 epoch  40 training error:  tensor(0.2099, device='cuda:0', grad_fn=<DivBackward0>)
Memory status after this epoch: 
Memory allocated:  492.9697265625
Memory cached:  696.0
	 epoch  50 training error:  tensor(0.1985, device='cuda:0', grad_fn=<DivBackward0>)
Memory status after this epoch: 
Memory allocated:  492.9697265625
Memory cached:  696.0
	 epoch  60 training error:  tensor(0.1884, device='cuda:0', grad_fn=<DivBackward0>)
Memory status after this epoch: 
Memory allocated:  492.9697265625
Memory cached:  696.0
	 epoch  70 training error:  tensor(0.1893, device='cuda:0', grad_fn=<DivBackward0>)
Memory status after this epoch: 
Memory allocated:  492.9697265625
Memory cached:  696.0
	 epoch  80 training error:  tensor(0.1864, device='cuda:0', grad_fn=<DivBackward0>)
Memory status after this epoch: 
Memory allocated:  492.9697265625
Memory cached:  696.0
	 epoch  90 training error:  tensor(0.1892, device='cuda:0', grad_fn=<DivBackward0>)
Memory status after this epoch: 
Memory allocated:  492.9697265625
Memory cached:  696.0
[I 2024-01-26 08:21:28,615] Trial 365 finished with value: 0.16866908967494965 and parameters: {'W_layers': 7, 'W_layer_units_exponent_0': 8, 'W_layer_units_exponent_1': 6, 'W_layer_units_exponent_2': 4, 'W_layer_units_exponent_3': 6, 'W_layer_units_exponent_4': 5, 'W_layer_units_exponent_5': 9, 'W_layer_units_exponent_6': 5, 'D_layers': 4, 'D_layer_units_exponent_0': 4, 'D_layer_units_exponent_1': 7, 'D_layer_units_exponent_2': 4, 'D_layer_units_exponent_3': 4, 'D_dagger_layers': 2, 'D_dagger_layer_units_exponent_0': 10, 'D_dagger_layer_units_exponent_1': 7, 'log_learning_rate': -3.8463177254437704, 'log_learning_rate_D': -4.988187623070597, 'log_learning_rate_D_dagger': -3.571732341842455, 'training_batch_size': 9, 'training_p': 2}. Best is trial 338 with value: 0.16543452441692352.
Time for this trial:  21.444206476211548
Memory status after this trial: 
Memory allocated:  721.11865234375
Memory cached:  738.0
--------------------  Trial  366   --------------------
Start timing: 
Parameters: 
{'W_layers': 7, 'W_layer_units_exponent_0': 8, 'W_layer_units_exponent_1': 6, 'W_layer_units_exponent_2': 4, 'W_layer_units_exponent_3': 6, 'W_layer_units_exponent_4': 5, 'W_layer_units_exponent_5': 9, 'W_layer_units_exponent_6': 5, 'D_layers': 4, 'D_layer_units_exponent_0': 4, 'D_layer_units_exponent_1': 7, 'D_layer_units_exponent_2': 4, 'D_layer_units_exponent_3': 4, 'D_dagger_layers': 5, 'D_dagger_layer_units_exponent_0': 10, 'D_dagger_layer_units_exponent_1': 5, 'D_dagger_layer_units_exponent_2': 9, 'D_dagger_layer_units_exponent_3': 6, 'D_dagger_layer_units_exponent_4': 4, 'log_learning_rate': -3.863185235533011, 'log_learning_rate_D': -4.891285722214891, 'log_learning_rate_D_dagger': -3.685587900263966, 'training_batch_size': 9, 'training_p': 5}
	 epoch  0 training error:  tensor(1.0283, device='cuda:0', grad_fn=<DivBackward0>)
Memory status after this epoch: 
Memory allocated:  492.2470703125
Memory cached:  696.0
	 epoch  10 training error:  tensor(0.4577, device='cuda:0', grad_fn=<DivBackward0>)
Memory status after this epoch: 
Memory allocated:  492.2470703125
Memory cached:  696.0
	 epoch  20 training error:  tensor(0.4099, device='cuda:0', grad_fn=<DivBackward0>)
Memory status after this epoch: 
Memory allocated:  492.2470703125
Memory cached:  696.0
	 epoch  30 training error:  tensor(0.3657, device='cuda:0', grad_fn=<DivBackward0>)
Memory status after this epoch: 
Memory allocated:  492.2470703125
Memory cached:  696.0
	 epoch  40 training error:  tensor(0.3480, device='cuda:0', grad_fn=<DivBackward0>)
Memory status after this epoch: 
Memory allocated:  492.2470703125
Memory cached:  696.0
	 epoch  50 training error:  tensor(0.3340, device='cuda:0', grad_fn=<DivBackward0>)
Memory status after this epoch: 
Memory allocated:  492.2470703125
Memory cached:  696.0
	 epoch  60 training error:  tensor(0.3276, device='cuda:0', grad_fn=<DivBackward0>)
Memory status after this epoch: 
Memory allocated:  492.2470703125
Memory cached:  696.0
	 epoch  70 training error:  tensor(0.3229, device='cuda:0', grad_fn=<DivBackward0>)
Memory status after this epoch: 
Memory allocated:  492.2470703125
Memory cached:  696.0
	 epoch  80 training error:  tensor(0.3202, device='cuda:0', grad_fn=<DivBackward0>)
Memory status after this epoch: 
Memory allocated:  492.2470703125
Memory cached:  696.0
	 epoch  90 training error:  tensor(0.3202, device='cuda:0', grad_fn=<DivBackward0>)
Memory status after this epoch: 
Memory allocated:  492.2470703125
Memory cached:  696.0
[I 2024-01-26 08:21:52,049] Trial 366 finished with value: 0.18284058570861816 and parameters: {'W_layers': 7, 'W_layer_units_exponent_0': 8, 'W_layer_units_exponent_1': 6, 'W_layer_units_exponent_2': 4, 'W_layer_units_exponent_3': 6, 'W_layer_units_exponent_4': 5, 'W_layer_units_exponent_5': 9, 'W_layer_units_exponent_6': 5, 'D_layers': 4, 'D_layer_units_exponent_0': 4, 'D_layer_units_exponent_1': 7, 'D_layer_units_exponent_2': 4, 'D_layer_units_exponent_3': 4, 'D_dagger_layers': 5, 'D_dagger_layer_units_exponent_0': 10, 'D_dagger_layer_units_exponent_1': 5, 'D_dagger_layer_units_exponent_2': 9, 'D_dagger_layer_units_exponent_3': 6, 'D_dagger_layer_units_exponent_4': 4, 'log_learning_rate': -3.863185235533011, 'log_learning_rate_D': -4.891285722214891, 'log_learning_rate_D_dagger': -3.685587900263966, 'training_batch_size': 9, 'training_p': 5}. Best is trial 338 with value: 0.16543452441692352.
Time for this trial:  22.941855430603027
Memory status after this trial: 
Memory allocated:  775.77294921875
Memory cached:  818.0
--------------------  Trial  367   --------------------
Start timing: 
Parameters: 
{'W_layers': 8, 'W_layer_units_exponent_0': 8, 'W_layer_units_exponent_1': 6, 'W_layer_units_exponent_2': 4, 'W_layer_units_exponent_3': 6, 'W_layer_units_exponent_4': 5, 'W_layer_units_exponent_5': 9, 'W_layer_units_exponent_6': 5, 'W_layer_units_exponent_7': 9, 'D_layers': 4, 'D_layer_units_exponent_0': 4, 'D_layer_units_exponent_1': 7, 'D_layer_units_exponent_2': 4, 'D_layer_units_exponent_3': 4, 'D_dagger_layers': 5, 'D_dagger_layer_units_exponent_0': 10, 'D_dagger_layer_units_exponent_1': 6, 'D_dagger_layer_units_exponent_2': 9, 'D_dagger_layer_units_exponent_3': 6, 'D_dagger_layer_units_exponent_4': 4, 'log_learning_rate': -3.999356304062579, 'log_learning_rate_D': -4.832970001625166, 'log_learning_rate_D_dagger': -3.582724102073234, 'training_batch_size': 9, 'training_p': 2}
	 epoch  0 training error:  tensor(1.0288, device='cuda:0', grad_fn=<DivBackward0>)
Memory status after this epoch: 
Memory allocated:  493.2607421875
Memory cached:  696.0
	 epoch  10 training error:  tensor(0.4109, device='cuda:0', grad_fn=<DivBackward0>)
Memory status after this epoch: 
Memory allocated:  493.2607421875
Memory cached:  696.0
	 epoch  20 training error:  tensor(0.2720, device='cuda:0', grad_fn=<DivBackward0>)
Memory status after this epoch: 
Memory allocated:  493.2607421875
Memory cached:  696.0
	 epoch  30 training error:  tensor(0.2368, device='cuda:0', grad_fn=<DivBackward0>)
Memory status after this epoch: 
Memory allocated:  493.2607421875
Memory cached:  696.0
	 epoch  40 training error:  tensor(0.2084, device='cuda:0', grad_fn=<DivBackward0>)
Memory status after this epoch: 
Memory allocated:  493.2607421875
Memory cached:  696.0
	 epoch  50 training error:  tensor(0.1947, device='cuda:0', grad_fn=<DivBackward0>)
Memory status after this epoch: 
Memory allocated:  493.2607421875
Memory cached:  696.0
	 epoch  60 training error:  tensor(0.1876, device='cuda:0', grad_fn=<DivBackward0>)
Memory status after this epoch: 
Memory allocated:  493.2607421875
Memory cached:  696.0
	 epoch  70 training error:  tensor(0.1862, device='cuda:0', grad_fn=<DivBackward0>)
Memory status after this epoch: 
Memory allocated:  493.2607421875
Memory cached:  696.0
	 epoch  80 training error:  tensor(0.1872, device='cuda:0', grad_fn=<DivBackward0>)
Memory status after this epoch: 
Memory allocated:  493.2607421875
Memory cached:  696.0
	 epoch  90 training error:  tensor(0.1858, device='cuda:0', grad_fn=<DivBackward0>)
Memory status after this epoch: 
Memory allocated:  493.2607421875
Memory cached:  696.0
[I 2024-01-26 08:22:16,102] Trial 367 finished with value: 0.16613708436489105 and parameters: {'W_layers': 8, 'W_layer_units_exponent_0': 8, 'W_layer_units_exponent_1': 6, 'W_layer_units_exponent_2': 4, 'W_layer_units_exponent_3': 6, 'W_layer_units_exponent_4': 5, 'W_layer_units_exponent_5': 9, 'W_layer_units_exponent_6': 5, 'W_layer_units_exponent_7': 9, 'D_layers': 4, 'D_layer_units_exponent_0': 4, 'D_layer_units_exponent_1': 7, 'D_layer_units_exponent_2': 4, 'D_layer_units_exponent_3': 4, 'D_dagger_layers': 5, 'D_dagger_layer_units_exponent_0': 10, 'D_dagger_layer_units_exponent_1': 6, 'D_dagger_layer_units_exponent_2': 9, 'D_dagger_layer_units_exponent_3': 6, 'D_dagger_layer_units_exponent_4': 4, 'log_learning_rate': -3.999356304062579, 'log_learning_rate_D': -4.832970001625166, 'log_learning_rate_D_dagger': -3.582724102073234, 'training_batch_size': 9, 'training_p': 2}. Best is trial 338 with value: 0.16543452441692352.
Time for this trial:  23.46755814552307
Memory status after this trial: 
Memory allocated:  827.71728515625
Memory cached:  878.0
--------------------  Trial  368   --------------------
Start timing: 
Parameters: 
{'W_layers': 8, 'W_layer_units_exponent_0': 8, 'W_layer_units_exponent_1': 6, 'W_layer_units_exponent_2': 4, 'W_layer_units_exponent_3': 6, 'W_layer_units_exponent_4': 5, 'W_layer_units_exponent_5': 9, 'W_layer_units_exponent_6': 5, 'W_layer_units_exponent_7': 9, 'D_layers': 4, 'D_layer_units_exponent_0': 4, 'D_layer_units_exponent_1': 7, 'D_layer_units_exponent_2': 4, 'D_layer_units_exponent_3': 4, 'D_dagger_layers': 5, 'D_dagger_layer_units_exponent_0': 10, 'D_dagger_layer_units_exponent_1': 6, 'D_dagger_layer_units_exponent_2': 9, 'D_dagger_layer_units_exponent_3': 6, 'D_dagger_layer_units_exponent_4': 4, 'log_learning_rate': -3.9933660412688843, 'log_learning_rate_D': -4.899818330499205, 'log_learning_rate_D_dagger': -3.6625547325129317, 'training_batch_size': 9, 'training_p': 2}
	 epoch  0 training error:  tensor(0.9900, device='cuda:0', grad_fn=<DivBackward0>)
Memory status after this epoch: 
Memory allocated:  493.2607421875
Memory cached:  696.0
	 epoch  10 training error:  tensor(0.3255, device='cuda:0', grad_fn=<DivBackward0>)
Memory status after this epoch: 
Memory allocated:  493.2607421875
Memory cached:  696.0
	 epoch  20 training error:  tensor(0.2476, device='cuda:0', grad_fn=<DivBackward0>)
Memory status after this epoch: 
Memory allocated:  493.2607421875
Memory cached:  696.0
	 epoch  30 training error:  tensor(0.2278, device='cuda:0', grad_fn=<DivBackward0>)
Memory status after this epoch: 
Memory allocated:  493.2607421875
Memory cached:  696.0
	 epoch  40 training error:  tensor(0.2203, device='cuda:0', grad_fn=<DivBackward0>)
Memory status after this epoch: 
Memory allocated:  493.2607421875
Memory cached:  696.0
	 epoch  50 training error:  tensor(0.2082, device='cuda:0', grad_fn=<DivBackward0>)
Memory status after this epoch: 
Memory allocated:  493.2607421875
Memory cached:  696.0
	 epoch  60 training error:  tensor(0.1978, device='cuda:0', grad_fn=<DivBackward0>)
Memory status after this epoch: 
Memory allocated:  493.2607421875
Memory cached:  696.0
	 epoch  70 training error:  tensor(0.1908, device='cuda:0', grad_fn=<DivBackward0>)
Memory status after this epoch: 
Memory allocated:  493.2607421875
Memory cached:  696.0
	 epoch  80 training error:  tensor(0.1893, device='cuda:0', grad_fn=<DivBackward0>)
Memory status after this epoch: 
Memory allocated:  493.2607421875
Memory cached:  696.0
	 epoch  90 training error:  tensor(0.1876, device='cuda:0', grad_fn=<DivBackward0>)
Memory status after this epoch: 
Memory allocated:  493.2607421875
Memory cached:  696.0
[I 2024-01-26 08:22:40,172] Trial 368 finished with value: 0.1657882034778595 and parameters: {'W_layers': 8, 'W_layer_units_exponent_0': 8, 'W_layer_units_exponent_1': 6, 'W_layer_units_exponent_2': 4, 'W_layer_units_exponent_3': 6, 'W_layer_units_exponent_4': 5, 'W_layer_units_exponent_5': 9, 'W_layer_units_exponent_6': 5, 'W_layer_units_exponent_7': 9, 'D_layers': 4, 'D_layer_units_exponent_0': 4, 'D_layer_units_exponent_1': 7, 'D_layer_units_exponent_2': 4, 'D_layer_units_exponent_3': 4, 'D_dagger_layers': 5, 'D_dagger_layer_units_exponent_0': 10, 'D_dagger_layer_units_exponent_1': 6, 'D_dagger_layer_units_exponent_2': 9, 'D_dagger_layer_units_exponent_3': 6, 'D_dagger_layer_units_exponent_4': 4, 'log_learning_rate': -3.9933660412688843, 'log_learning_rate_D': -4.899818330499205, 'log_learning_rate_D_dagger': -3.6625547325129317, 'training_batch_size': 9, 'training_p': 2}. Best is trial 338 with value: 0.16543452441692352.
Time for this trial:  23.560463666915894
Memory status after this trial: 
Memory allocated:  827.71728515625
Memory cached:  878.0
--------------------  Trial  369   --------------------
Start timing: 
Parameters: 
{'W_layers': 8, 'W_layer_units_exponent_0': 8, 'W_layer_units_exponent_1': 6, 'W_layer_units_exponent_2': 4, 'W_layer_units_exponent_3': 6, 'W_layer_units_exponent_4': 5, 'W_layer_units_exponent_5': 9, 'W_layer_units_exponent_6': 5, 'W_layer_units_exponent_7': 9, 'D_layers': 4, 'D_layer_units_exponent_0': 4, 'D_layer_units_exponent_1': 7, 'D_layer_units_exponent_2': 4, 'D_layer_units_exponent_3': 4, 'D_dagger_layers': 5, 'D_dagger_layer_units_exponent_0': 10, 'D_dagger_layer_units_exponent_1': 6, 'D_dagger_layer_units_exponent_2': 9, 'D_dagger_layer_units_exponent_3': 6, 'D_dagger_layer_units_exponent_4': 4, 'log_learning_rate': -3.9648374367651864, 'log_learning_rate_D': -4.996470744222857, 'log_learning_rate_D_dagger': -3.681957192338035, 'training_batch_size': 9, 'training_p': 2}
	 epoch  0 training error:  tensor(0.9643, device='cuda:0', grad_fn=<DivBackward0>)
Memory status after this epoch: 
Memory allocated:  493.2607421875
Memory cached:  696.0
	 epoch  10 training error:  tensor(0.3455, device='cuda:0', grad_fn=<DivBackward0>)
Memory status after this epoch: 
Memory allocated:  493.2607421875
Memory cached:  696.0
	 epoch  20 training error:  tensor(0.2428, device='cuda:0', grad_fn=<DivBackward0>)
Memory status after this epoch: 
Memory allocated:  493.2607421875
Memory cached:  696.0
	 epoch  30 training error:  tensor(0.2376, device='cuda:0', grad_fn=<DivBackward0>)
Memory status after this epoch: 
Memory allocated:  493.2607421875
Memory cached:  696.0
	 epoch  40 training error:  tensor(0.2136, device='cuda:0', grad_fn=<DivBackward0>)
Memory status after this epoch: 
Memory allocated:  493.2607421875
Memory cached:  696.0
	 epoch  50 training error:  tensor(0.1955, device='cuda:0', grad_fn=<DivBackward0>)
Memory status after this epoch: 
Memory allocated:  493.2607421875
Memory cached:  696.0
	 epoch  60 training error:  tensor(0.1914, device='cuda:0', grad_fn=<DivBackward0>)
Memory status after this epoch: 
Memory allocated:  493.2607421875
Memory cached:  696.0
	 epoch  70 training error:  tensor(0.1886, device='cuda:0', grad_fn=<DivBackward0>)
Memory status after this epoch: 
Memory allocated:  493.2607421875
Memory cached:  696.0
	 epoch  80 training error:  tensor(0.1873, device='cuda:0', grad_fn=<DivBackward0>)
Memory status after this epoch: 
Memory allocated:  493.2607421875
Memory cached:  696.0
	 epoch  90 training error:  tensor(0.1859, device='cuda:0', grad_fn=<DivBackward0>)
Memory status after this epoch: 
Memory allocated:  493.2607421875
Memory cached:  696.0
[I 2024-01-26 08:23:04,287] Trial 369 finished with value: 0.165620356798172 and parameters: {'W_layers': 8, 'W_layer_units_exponent_0': 8, 'W_layer_units_exponent_1': 6, 'W_layer_units_exponent_2': 4, 'W_layer_units_exponent_3': 6, 'W_layer_units_exponent_4': 5, 'W_layer_units_exponent_5': 9, 'W_layer_units_exponent_6': 5, 'W_layer_units_exponent_7': 9, 'D_layers': 4, 'D_layer_units_exponent_0': 4, 'D_layer_units_exponent_1': 7, 'D_layer_units_exponent_2': 4, 'D_layer_units_exponent_3': 4, 'D_dagger_layers': 5, 'D_dagger_layer_units_exponent_0': 10, 'D_dagger_layer_units_exponent_1': 6, 'D_dagger_layer_units_exponent_2': 9, 'D_dagger_layer_units_exponent_3': 6, 'D_dagger_layer_units_exponent_4': 4, 'log_learning_rate': -3.9648374367651864, 'log_learning_rate_D': -4.996470744222857, 'log_learning_rate_D_dagger': -3.681957192338035, 'training_batch_size': 9, 'training_p': 2}. Best is trial 338 with value: 0.16543452441692352.
Time for this trial:  23.581182718276978
Memory status after this trial: 
Memory allocated:  827.71728515625
Memory cached:  878.0
--------------------  Trial  370   --------------------
Start timing: 
Parameters: 
{'W_layers': 8, 'W_layer_units_exponent_0': 8, 'W_layer_units_exponent_1': 6, 'W_layer_units_exponent_2': 4, 'W_layer_units_exponent_3': 6, 'W_layer_units_exponent_4': 5, 'W_layer_units_exponent_5': 9, 'W_layer_units_exponent_6': 5, 'W_layer_units_exponent_7': 9, 'D_layers': 4, 'D_layer_units_exponent_0': 4, 'D_layer_units_exponent_1': 7, 'D_layer_units_exponent_2': 4, 'D_layer_units_exponent_3': 4, 'D_dagger_layers': 5, 'D_dagger_layer_units_exponent_0': 10, 'D_dagger_layer_units_exponent_1': 6, 'D_dagger_layer_units_exponent_2': 9, 'D_dagger_layer_units_exponent_3': 9, 'D_dagger_layer_units_exponent_4': 4, 'log_learning_rate': -4.027082164203121, 'log_learning_rate_D': -4.993717056223927, 'log_learning_rate_D_dagger': -3.6858760118740586, 'training_batch_size': 10, 'training_p': 2}
	 epoch  0 training error:  tensor(0.9803, device='cuda:0', grad_fn=<DivBackward0>)
Memory status after this epoch: 
Memory allocated:  496.8759765625
Memory cached:  696.0
	 epoch  10 training error:  tensor(0.3176, device='cuda:0', grad_fn=<DivBackward0>)
Memory status after this epoch: 
Memory allocated:  496.8759765625
Memory cached:  696.0
	 epoch  20 training error:  tensor(0.2390, device='cuda:0', grad_fn=<DivBackward0>)
Memory status after this epoch: 
Memory allocated:  496.8759765625
Memory cached:  696.0
	 epoch  30 training error:  tensor(0.2129, device='cuda:0', grad_fn=<DivBackward0>)
Memory status after this epoch: 
Memory allocated:  496.8759765625
Memory cached:  696.0
	 epoch  40 training error:  tensor(0.2037, device='cuda:0', grad_fn=<DivBackward0>)
Memory status after this epoch: 
Memory allocated:  496.8759765625
Memory cached:  696.0
	 epoch  50 training error:  tensor(0.1956, device='cuda:0', grad_fn=<DivBackward0>)
Memory status after this epoch: 
Memory allocated:  496.8759765625
Memory cached:  696.0
	 epoch  60 training error:  tensor(0.1872, device='cuda:0', grad_fn=<DivBackward0>)
Memory status after this epoch: 
Memory allocated:  496.8759765625
Memory cached:  696.0
	 epoch  70 training error:  tensor(0.1867, device='cuda:0', grad_fn=<DivBackward0>)
Memory status after this epoch: 
Memory allocated:  496.8759765625
Memory cached:  696.0
	 epoch  80 training error:  tensor(0.1866, device='cuda:0', grad_fn=<DivBackward0>)
Memory status after this epoch: 
Memory allocated:  496.8759765625
Memory cached:  696.0
	 epoch  90 training error:  tensor(0.1869, device='cuda:0', grad_fn=<DivBackward0>)
Memory status after this epoch: 
Memory allocated:  496.8759765625
Memory cached:  696.0
