/home/shengduo/anaconda3/lib/python3.9/site-packages/scipy/__init__.py:146: UserWarning: A NumPy version >=1.16.5 and <1.23.0 is required for this version of SciPy (detected version 1.24.1
  warnings.warn(f"A NumPy version >={np_minversion} and <{np_maxversion}"
[I 2023-11-06 08:42:30,628] A new study created in memory with name: no-name-483da114-4945-424f-8a99-3e8be66b0634
Cuda is available:  True
Device is:  cuda:0
Memory allocated:  0.0
Memory cached:  0.0
Vs.shape:  torch.Size([100, 100])
thetas.shape:  torch.Size([100, 100])
fs.shape:  torch.Size([100, 100])
ts.shape:  torch.Size([100, 100])
Xs.shape:  torch.Size([100, 100])
--------------------  Trial  0   --------------------
Start timing: 
Parameters: 
{'W_layers': 8, 'W_layer_units_exponent_0': 9, 'W_layer_units_exponent_1': 9, 'W_layer_units_exponent_2': 9, 'W_layer_units_exponent_3': 7, 'W_layer_units_exponent_4': 10, 'W_layer_units_exponent_5': 10, 'W_layer_units_exponent_6': 4, 'W_layer_units_exponent_7': 4, 'D_layers': 7, 'D_layer_units_exponent_0': 9, 'D_layer_units_exponent_1': 10, 'D_layer_units_exponent_2': 7, 'D_layer_units_exponent_3': 7, 'D_layer_units_exponent_4': 5, 'D_layer_units_exponent_5': 4, 'D_layer_units_exponent_6': 8, 'D_dagger_layers': 6, 'D_dagger_layer_units_exponent_0': 8, 'D_dagger_layer_units_exponent_1': 7, 'D_dagger_layer_units_exponent_2': 8, 'D_dagger_layer_units_exponent_3': 9, 'D_dagger_layer_units_exponent_4': 9, 'D_dagger_layer_units_exponent_5': 5, 'log_learning_rate': -2.6126740502538577, 'log_learning_rate_D': -2.859409488910896, 'log_learning_rate_D_dagger': -2.8140801588505973, 'training_batch_size': 12, 'training_p': 3}
/home/shengduo/anaconda3/lib/python3.9/site-packages/torch/nn/init.py:405: UserWarning: Initializing zero-element tensors is a no-op
  warnings.warn("Initializing zero-element tensors is a no-op")
	 epoch  0 training error:  tensor(0.9889, device='cuda:0', grad_fn=<DivBackward0>)
Memory status after this epoch: 
Memory allocated:  37.37158203125
Memory cached:  60.0
	 epoch  10 training error:  tensor(0.3282, device='cuda:0', grad_fn=<DivBackward0>)
Memory status after this epoch: 
Memory allocated:  37.37158203125
Memory cached:  62.0
	 epoch  20 training error:  tensor(0.2466, device='cuda:0', grad_fn=<DivBackward0>)
Memory status after this epoch: 
Memory allocated:  37.37158203125
Memory cached:  62.0
	 epoch  30 training error:  tensor(0.0703, device='cuda:0', grad_fn=<DivBackward0>)
Memory status after this epoch: 
Memory allocated:  37.37158203125
Memory cached:  62.0
	 epoch  40 training error:  tensor(0.0637, device='cuda:0', grad_fn=<DivBackward0>)
Memory status after this epoch: 
Memory allocated:  37.37158203125
Memory cached:  62.0
	 epoch  50 training error:  tensor(0.0704, device='cuda:0', grad_fn=<DivBackward0>)
Memory status after this epoch: 
Memory allocated:  37.37158203125
Memory cached:  62.0
	 epoch  60 training error:  tensor(0.0574, device='cuda:0', grad_fn=<DivBackward0>)
Memory status after this epoch: 
Memory allocated:  37.37158203125
Memory cached:  62.0
	 epoch  70 training error:  tensor(0.0555, device='cuda:0', grad_fn=<DivBackward0>)
Memory status after this epoch: 
Memory allocated:  37.37158203125
Memory cached:  62.0
	 epoch  80 training error:  tensor(0.0538, device='cuda:0', grad_fn=<DivBackward0>)
Memory status after this epoch: 
Memory allocated:  37.37158203125
Memory cached:  62.0
	 epoch  90 training error:  tensor(0.0532, device='cuda:0', grad_fn=<DivBackward0>)
Memory status after this epoch: 
Memory allocated:  37.37158203125
Memory cached:  62.0
[I 2023-11-06 08:42:56,798] Trial 0 finished with value: 0.06062256917357445 and parameters: {'W_layers': 8, 'W_layer_units_exponent_0': 9, 'W_layer_units_exponent_1': 9, 'W_layer_units_exponent_2': 9, 'W_layer_units_exponent_3': 7, 'W_layer_units_exponent_4': 10, 'W_layer_units_exponent_5': 10, 'W_layer_units_exponent_6': 4, 'W_layer_units_exponent_7': 4, 'D_layers': 7, 'D_layer_units_exponent_0': 9, 'D_layer_units_exponent_1': 10, 'D_layer_units_exponent_2': 7, 'D_layer_units_exponent_3': 7, 'D_layer_units_exponent_4': 5, 'D_layer_units_exponent_5': 4, 'D_layer_units_exponent_6': 8, 'D_dagger_layers': 6, 'D_dagger_layer_units_exponent_0': 8, 'D_dagger_layer_units_exponent_1': 7, 'D_dagger_layer_units_exponent_2': 8, 'D_dagger_layer_units_exponent_3': 9, 'D_dagger_layer_units_exponent_4': 9, 'D_dagger_layer_units_exponent_5': 5, 'log_learning_rate': -2.6126740502538577, 'log_learning_rate_D': -2.859409488910896, 'log_learning_rate_D_dagger': -2.8140801588505973, 'training_batch_size': 12, 'training_p': 3}. Best is trial 0 with value: 0.06062256917357445.
Time for this trial:  26.065679788589478
Memory status after this trial: 
Memory allocated:  314.482421875
Memory cached:  346.0
--------------------  Trial  1   --------------------
Start timing: 
Parameters: 
{'W_layers': 2, 'W_layer_units_exponent_0': 10, 'W_layer_units_exponent_1': 4, 'D_layers': 2, 'D_layer_units_exponent_0': 7, 'D_layer_units_exponent_1': 10, 'D_dagger_layers': 8, 'D_dagger_layer_units_exponent_0': 6, 'D_dagger_layer_units_exponent_1': 9, 'D_dagger_layer_units_exponent_2': 9, 'D_dagger_layer_units_exponent_3': 9, 'D_dagger_layer_units_exponent_4': 5, 'D_dagger_layer_units_exponent_5': 10, 'D_dagger_layer_units_exponent_6': 9, 'D_dagger_layer_units_exponent_7': 10, 'log_learning_rate': -3.650429789871542, 'log_learning_rate_D': -4.757431023508477, 'log_learning_rate_D_dagger': -1.9981417723602934, 'training_batch_size': 12, 'training_p': 6}
	 epoch  0 training error:  tensor(0.9682, device='cuda:0', grad_fn=<DivBackward0>)
Memory status after this epoch: 
Memory allocated:  27.0361328125
Memory cached:  70.0
	 epoch  10 training error:  tensor(0.1242, device='cuda:0', grad_fn=<DivBackward0>)
Memory status after this epoch: 
Memory allocated:  27.0361328125
Memory cached:  72.0
	 epoch  20 training error:  tensor(0.1325, device='cuda:0', grad_fn=<DivBackward0>)
Memory status after this epoch: 
Memory allocated:  27.0361328125
Memory cached:  72.0
	 epoch  30 training error:  tensor(0.1069, device='cuda:0', grad_fn=<DivBackward0>)
Memory status after this epoch: 
Memory allocated:  27.0361328125
Memory cached:  72.0
	 epoch  40 training error:  tensor(0.1072, device='cuda:0', grad_fn=<DivBackward0>)
Memory status after this epoch: 
Memory allocated:  27.0361328125
Memory cached:  72.0
	 epoch  50 training error:  tensor(0.1069, device='cuda:0', grad_fn=<DivBackward0>)
Memory status after this epoch: 
Memory allocated:  27.0361328125
Memory cached:  72.0
	 epoch  60 training error:  tensor(0.1071, device='cuda:0', grad_fn=<DivBackward0>)
Memory status after this epoch: 
Memory allocated:  27.0361328125
Memory cached:  72.0
	 epoch  70 training error:  tensor(0.1069, device='cuda:0', grad_fn=<DivBackward0>)
Memory status after this epoch: 
Memory allocated:  27.0361328125
Memory cached:  72.0
	 epoch  80 training error:  tensor(0.1069, device='cuda:0', grad_fn=<DivBackward0>)
Memory status after this epoch: 
Memory allocated:  27.0361328125
Memory cached:  72.0
	 epoch  90 training error:  tensor(0.1069, device='cuda:0', grad_fn=<DivBackward0>)
Memory status after this epoch: 
Memory allocated:  27.0361328125
Memory cached:  72.0
[I 2023-11-06 08:43:19,608] Trial 1 finished with value: 0.08380881696939468 and parameters: {'W_layers': 2, 'W_layer_units_exponent_0': 10, 'W_layer_units_exponent_1': 4, 'D_layers': 2, 'D_layer_units_exponent_0': 7, 'D_layer_units_exponent_1': 10, 'D_dagger_layers': 8, 'D_dagger_layer_units_exponent_0': 6, 'D_dagger_layer_units_exponent_1': 9, 'D_dagger_layer_units_exponent_2': 9, 'D_dagger_layer_units_exponent_3': 9, 'D_dagger_layer_units_exponent_4': 5, 'D_dagger_layer_units_exponent_5': 10, 'D_dagger_layer_units_exponent_6': 9, 'D_dagger_layer_units_exponent_7': 10, 'log_learning_rate': -3.650429789871542, 'log_learning_rate_D': -4.757431023508477, 'log_learning_rate_D_dagger': -1.9981417723602934, 'training_batch_size': 12, 'training_p': 6}. Best is trial 0 with value: 0.06062256917357445.
Time for this trial:  22.710949182510376
Memory status after this trial: 
Memory allocated:  298.6455078125
Memory cached:  320.0
--------------------  Trial  2   --------------------
Start timing: 
Parameters: 
{'W_layers': 3, 'W_layer_units_exponent_0': 9, 'W_layer_units_exponent_1': 6, 'W_layer_units_exponent_2': 9, 'D_layers': 3, 'D_layer_units_exponent_0': 6, 'D_layer_units_exponent_1': 7, 'D_layer_units_exponent_2': 5, 'D_dagger_layers': 5, 'D_dagger_layer_units_exponent_0': 8, 'D_dagger_layer_units_exponent_1': 7, 'D_dagger_layer_units_exponent_2': 9, 'D_dagger_layer_units_exponent_3': 8, 'D_dagger_layer_units_exponent_4': 8, 'log_learning_rate': -3.017080721635068, 'log_learning_rate_D': -4.3570971756321235, 'log_learning_rate_D_dagger': -3.4255333287115435, 'training_batch_size': 12, 'training_p': 7}
	 epoch  0 training error:  tensor(0.8223, device='cuda:0', grad_fn=<DivBackward0>)
Memory status after this epoch: 
Memory allocated:  5.77001953125
Memory cached:  8.0
	 epoch  10 training error:  tensor(0.4350, device='cuda:0', grad_fn=<DivBackward0>)
Memory status after this epoch: 
Memory allocated:  5.77001953125
Memory cached:  8.0
	 epoch  20 training error:  tensor(0.1575, device='cuda:0', grad_fn=<DivBackward0>)
Memory status after this epoch: 
Memory allocated:  5.77001953125
Memory cached:  8.0
	 epoch  30 training error:  tensor(0.2024, device='cuda:0', grad_fn=<DivBackward0>)
Memory status after this epoch: 
Memory allocated:  5.77001953125
Memory cached:  8.0
	 epoch  40 training error:  tensor(0.1497, device='cuda:0', grad_fn=<DivBackward0>)
Memory status after this epoch: 
Memory allocated:  5.77001953125
Memory cached:  8.0
	 epoch  50 training error:  tensor(0.0930, device='cuda:0', grad_fn=<DivBackward0>)
Memory status after this epoch: 
Memory allocated:  5.77001953125
Memory cached:  8.0
	 epoch  60 training error:  tensor(0.1010, device='cuda:0', grad_fn=<DivBackward0>)
Memory status after this epoch: 
Memory allocated:  5.77001953125
Memory cached:  8.0
	 epoch  70 training error:  tensor(0.0783, device='cuda:0', grad_fn=<DivBackward0>)
Memory status after this epoch: 
Memory allocated:  5.77001953125
Memory cached:  8.0
	 epoch  80 training error:  tensor(0.0797, device='cuda:0', grad_fn=<DivBackward0>)
Memory status after this epoch: 
Memory allocated:  5.77001953125
Memory cached:  8.0
	 epoch  90 training error:  tensor(0.0763, device='cuda:0', grad_fn=<DivBackward0>)
Memory status after this epoch: 
Memory allocated:  5.77001953125
Memory cached:  8.0
[I 2023-11-06 08:43:39,212] Trial 2 finished with value: 0.06244242191314697 and parameters: {'W_layers': 3, 'W_layer_units_exponent_0': 9, 'W_layer_units_exponent_1': 6, 'W_layer_units_exponent_2': 9, 'D_layers': 3, 'D_layer_units_exponent_0': 6, 'D_layer_units_exponent_1': 7, 'D_layer_units_exponent_2': 5, 'D_dagger_layers': 5, 'D_dagger_layer_units_exponent_0': 8, 'D_dagger_layer_units_exponent_1': 7, 'D_dagger_layer_units_exponent_2': 9, 'D_dagger_layer_units_exponent_3': 8, 'D_dagger_layer_units_exponent_4': 8, 'log_learning_rate': -3.017080721635068, 'log_learning_rate_D': -4.3570971756321235, 'log_learning_rate_D_dagger': -3.4255333287115435, 'training_batch_size': 12, 'training_p': 7}. Best is trial 0 with value: 0.06062256917357445.
Time for this trial:  19.479238748550415
Memory status after this trial: 
Memory allocated:  139.1240234375
Memory cached:  158.0
--------------------  Trial  3   --------------------
Start timing: 
Parameters: 
{'W_layers': 7, 'W_layer_units_exponent_0': 4, 'W_layer_units_exponent_1': 8, 'W_layer_units_exponent_2': 8, 'W_layer_units_exponent_3': 7, 'W_layer_units_exponent_4': 4, 'W_layer_units_exponent_5': 4, 'W_layer_units_exponent_6': 5, 'D_layers': 7, 'D_layer_units_exponent_0': 8, 'D_layer_units_exponent_1': 6, 'D_layer_units_exponent_2': 4, 'D_layer_units_exponent_3': 6, 'D_layer_units_exponent_4': 4, 'D_layer_units_exponent_5': 8, 'D_layer_units_exponent_6': 7, 'D_dagger_layers': 6, 'D_dagger_layer_units_exponent_0': 4, 'D_dagger_layer_units_exponent_1': 10, 'D_dagger_layer_units_exponent_2': 9, 'D_dagger_layer_units_exponent_3': 4, 'D_dagger_layer_units_exponent_4': 9, 'D_dagger_layer_units_exponent_5': 4, 'log_learning_rate': -3.0339880600243583, 'log_learning_rate_D': -3.2425750934682154, 'log_learning_rate_D_dagger': -2.77857753302556, 'training_batch_size': 10, 'training_p': 3}
	 epoch  0 training error:  tensor(1.0046, device='cuda:0', grad_fn=<DivBackward0>)
Memory status after this epoch: 
Memory allocated:  10.67138671875
Memory cached:  50.0
	 epoch  10 training error:  tensor(0.2596, device='cuda:0', grad_fn=<DivBackward0>)
Memory status after this epoch: 
Memory allocated:  10.67138671875
Memory cached:  52.0
	 epoch  20 training error:  tensor(0.1257, device='cuda:0', grad_fn=<DivBackward0>)
Memory status after this epoch: 
Memory allocated:  10.67138671875
Memory cached:  52.0
	 epoch  30 training error:  tensor(0.0671, device='cuda:0', grad_fn=<DivBackward0>)
Memory status after this epoch: 
Memory allocated:  10.67138671875
Memory cached:  52.0
	 epoch  40 training error:  tensor(0.0726, device='cuda:0', grad_fn=<DivBackward0>)
Memory status after this epoch: 
Memory allocated:  10.67138671875
Memory cached:  52.0
	 epoch  50 training error:  tensor(0.0663, device='cuda:0', grad_fn=<DivBackward0>)
Memory status after this epoch: 
Memory allocated:  10.67138671875
Memory cached:  52.0
	 epoch  60 training error:  tensor(0.0649, device='cuda:0', grad_fn=<DivBackward0>)
Memory status after this epoch: 
Memory allocated:  10.67138671875
Memory cached:  52.0
	 epoch  70 training error:  tensor(0.0653, device='cuda:0', grad_fn=<DivBackward0>)
Memory status after this epoch: 
Memory allocated:  10.67138671875
Memory cached:  52.0
	 epoch  80 training error:  tensor(0.0647, device='cuda:0', grad_fn=<DivBackward0>)
Memory status after this epoch: 
Memory allocated:  10.67138671875
Memory cached:  52.0
	 epoch  90 training error:  tensor(0.0644, device='cuda:0', grad_fn=<DivBackward0>)
Memory status after this epoch: 
Memory allocated:  10.67138671875
Memory cached:  52.0
[I 2023-11-06 08:44:00,224] Trial 3 finished with value: 0.06814871728420258 and parameters: {'W_layers': 7, 'W_layer_units_exponent_0': 4, 'W_layer_units_exponent_1': 8, 'W_layer_units_exponent_2': 8, 'W_layer_units_exponent_3': 7, 'W_layer_units_exponent_4': 4, 'W_layer_units_exponent_5': 4, 'W_layer_units_exponent_6': 5, 'D_layers': 7, 'D_layer_units_exponent_0': 8, 'D_layer_units_exponent_1': 6, 'D_layer_units_exponent_2': 4, 'D_layer_units_exponent_3': 6, 'D_layer_units_exponent_4': 4, 'D_layer_units_exponent_5': 8, 'D_layer_units_exponent_6': 7, 'D_dagger_layers': 6, 'D_dagger_layer_units_exponent_0': 4, 'D_dagger_layer_units_exponent_1': 10, 'D_dagger_layer_units_exponent_2': 9, 'D_dagger_layer_units_exponent_3': 4, 'D_dagger_layer_units_exponent_4': 9, 'D_dagger_layer_units_exponent_5': 4, 'log_learning_rate': -3.0339880600243583, 'log_learning_rate_D': -3.2425750934682154, 'log_learning_rate_D_dagger': -2.77857753302556, 'training_batch_size': 10, 'training_p': 3}. Best is trial 0 with value: 0.06062256917357445.
Time for this trial:  20.89461064338684
Memory status after this trial: 
Memory allocated:  158.2978515625
Memory cached:  174.0
--------------------  Trial  4   --------------------
Start timing: 
Parameters: 
{'W_layers': 2, 'W_layer_units_exponent_0': 6, 'W_layer_units_exponent_1': 9, 'D_layers': 4, 'D_layer_units_exponent_0': 7, 'D_layer_units_exponent_1': 6, 'D_layer_units_exponent_2': 9, 'D_layer_units_exponent_3': 9, 'D_dagger_layers': 5, 'D_dagger_layer_units_exponent_0': 5, 'D_dagger_layer_units_exponent_1': 4, 'D_dagger_layer_units_exponent_2': 4, 'D_dagger_layer_units_exponent_3': 9, 'D_dagger_layer_units_exponent_4': 9, 'log_learning_rate': -1.9705593883011954, 'log_learning_rate_D': -2.3268891677953003, 'log_learning_rate_D_dagger': -1.8716540254762157, 'training_batch_size': 8, 'training_p': 3}
	 epoch  0 training error:  tensor(2.0659, device='cuda:0', grad_fn=<DivBackward0>)
Memory status after this epoch: 
Memory allocated:  6.00927734375
Memory cached:  12.0
	 epoch  10 training error:  tensor(1.0000, device='cuda:0', grad_fn=<DivBackward0>)
Memory status after this epoch: 
Memory allocated:  6.00927734375
Memory cached:  12.0
	 epoch  20 training error:  tensor(1., device='cuda:0', grad_fn=<DivBackward0>)
Memory status after this epoch: 
Memory allocated:  6.00927734375
Memory cached:  12.0
	 epoch  30 training error:  tensor(1., device='cuda:0', grad_fn=<DivBackward0>)
Memory status after this epoch: 
Memory allocated:  6.00927734375
Memory cached:  12.0
	 epoch  40 training error:  tensor(1., device='cuda:0', grad_fn=<DivBackward0>)
Memory status after this epoch: 
Memory allocated:  6.00927734375
Memory cached:  12.0
	 epoch  50 training error:  tensor(1., device='cuda:0', grad_fn=<DivBackward0>)
Memory status after this epoch: 
Memory allocated:  6.00927734375
Memory cached:  12.0
	 epoch  60 training error:  tensor(1., device='cuda:0', grad_fn=<DivBackward0>)
Memory status after this epoch: 
Memory allocated:  6.00927734375
Memory cached:  12.0
	 epoch  70 training error:  tensor(1., device='cuda:0', grad_fn=<DivBackward0>)
Memory status after this epoch: 
Memory allocated:  6.00927734375
Memory cached:  12.0
	 epoch  80 training error:  tensor(1., device='cuda:0', grad_fn=<DivBackward0>)
Memory status after this epoch: 
Memory allocated:  6.00927734375
Memory cached:  12.0
	 epoch  90 training error:  tensor(1., device='cuda:0', grad_fn=<DivBackward0>)
Memory status after this epoch: 
Memory allocated:  6.00927734375
Memory cached:  12.0
[I 2023-11-06 08:44:19,340] Trial 4 finished with value: 1.0 and parameters: {'W_layers': 2, 'W_layer_units_exponent_0': 6, 'W_layer_units_exponent_1': 9, 'D_layers': 4, 'D_layer_units_exponent_0': 7, 'D_layer_units_exponent_1': 6, 'D_layer_units_exponent_2': 9, 'D_layer_units_exponent_3': 9, 'D_dagger_layers': 5, 'D_dagger_layer_units_exponent_0': 5, 'D_dagger_layer_units_exponent_1': 4, 'D_dagger_layer_units_exponent_2': 4, 'D_dagger_layer_units_exponent_3': 9, 'D_dagger_layer_units_exponent_4': 9, 'log_learning_rate': -1.9705593883011954, 'log_learning_rate_D': -2.3268891677953003, 'log_learning_rate_D_dagger': -1.8716540254762157, 'training_batch_size': 8, 'training_p': 3}. Best is trial 0 with value: 0.06062256917357445.
Time for this trial:  18.999120712280273
Memory status after this trial: 
Memory allocated:  93.3154296875
Memory cached:  114.0
--------------------  Trial  5   --------------------
Start timing: 
Parameters: 
{'W_layers': 5, 'W_layer_units_exponent_0': 9, 'W_layer_units_exponent_1': 8, 'W_layer_units_exponent_2': 10, 'W_layer_units_exponent_3': 9, 'W_layer_units_exponent_4': 10, 'D_layers': 6, 'D_layer_units_exponent_0': 10, 'D_layer_units_exponent_1': 4, 'D_layer_units_exponent_2': 10, 'D_layer_units_exponent_3': 4, 'D_layer_units_exponent_4': 4, 'D_layer_units_exponent_5': 5, 'D_dagger_layers': 3, 'D_dagger_layer_units_exponent_0': 5, 'D_dagger_layer_units_exponent_1': 8, 'D_dagger_layer_units_exponent_2': 6, 'log_learning_rate': -1.9260682593788765, 'log_learning_rate_D': -1.6192311879617, 'log_learning_rate_D_dagger': -2.919987356905221, 'training_batch_size': 11, 'training_p': 2}
	 epoch  0 training error:  tensor(1.0952, device='cuda:0', grad_fn=<DivBackward0>)
Memory status after this epoch: 
Memory allocated:  23.5703125
Memory cached:  70.0
	 epoch  10 training error:  tensor(0.1458, device='cuda:0', grad_fn=<DivBackward0>)
Memory status after this epoch: 
Memory allocated:  23.5703125
Memory cached:  72.0
	 epoch  20 training error:  tensor(0.0583, device='cuda:0', grad_fn=<DivBackward0>)
Memory status after this epoch: 
Memory allocated:  23.5703125
Memory cached:  72.0
	 epoch  30 training error:  tensor(0.0568, device='cuda:0', grad_fn=<DivBackward0>)
Memory status after this epoch: 
Memory allocated:  23.5703125
Memory cached:  72.0
	 epoch  40 training error:  tensor(0.0533, device='cuda:0', grad_fn=<DivBackward0>)
Memory status after this epoch: 
Memory allocated:  23.5703125
Memory cached:  72.0
	 epoch  50 training error:  tensor(0.0502, device='cuda:0', grad_fn=<DivBackward0>)
Memory status after this epoch: 
Memory allocated:  23.5703125
Memory cached:  72.0
	 epoch  60 training error:  tensor(0.0497, device='cuda:0', grad_fn=<DivBackward0>)
Memory status after this epoch: 
Memory allocated:  23.5703125
Memory cached:  72.0
	 epoch  70 training error:  tensor(0.0488, device='cuda:0', grad_fn=<DivBackward0>)
Memory status after this epoch: 
Memory allocated:  23.5703125
Memory cached:  72.0
	 epoch  80 training error:  tensor(0.0529, device='cuda:0', grad_fn=<DivBackward0>)
Memory status after this epoch: 
Memory allocated:  23.5703125
Memory cached:  72.0
	 epoch  90 training error:  tensor(0.0501, device='cuda:0', grad_fn=<DivBackward0>)
Memory status after this epoch: 
Memory allocated:  23.5703125
Memory cached:  72.0
