[I 2023-11-04 05:20:54,697] Trial 9 finished with value: 0.10793789476156235 and parameters: {'W_layers': 5, 'W_layer_units_exponent_0': 6, 'W_layer_units_exponent_1': 6, 'W_layer_units_exponent_2': 5, 'W_layer_units_exponent_3': 5, 'W_layer_units_exponent_4': 5, 'D_layers': 2, 'D_layer_units_exponent_0': 6, 'D_layer_units_exponent_1': 9, 'log_learning_rate': -4.226367886439098, 'log_learning_rate_D': -3.276279216217243, 'training_batch_size': 8, 'training_p': 6}. Best is trial 5 with value: 0.04093475267291069.
Time for this trial:  109.73371171951294
Memory status after this trial: 
Memory allocated:  43.5146484375
Memory cached:  46.0
--------------------  Trial  10   --------------------
Start timing: 
Parameters: 
{'W_layers': 7, 'W_layer_units_exponent_0': 4, 'W_layer_units_exponent_1': 9, 'W_layer_units_exponent_2': 9, 'W_layer_units_exponent_3': 6, 'W_layer_units_exponent_4': 7, 'W_layer_units_exponent_5': 10, 'W_layer_units_exponent_6': 9, 'D_layers': 8, 'D_layer_units_exponent_0': 4, 'D_layer_units_exponent_1': 8, 'D_layer_units_exponent_2': 6, 'D_layer_units_exponent_3': 4, 'D_layer_units_exponent_4': 9, 'D_layer_units_exponent_5': 6, 'D_layer_units_exponent_6': 9, 'D_layer_units_exponent_7': 6, 'log_learning_rate': -3.418110587921708, 'log_learning_rate_D': -1.7641615879548094, 'training_batch_size': 6, 'training_p': 4}
	 epoch  0 training error:  tensor(0.9652, device='cuda:0', grad_fn=<DivBackward0>)
Memory status after this epoch: 
Memory allocated:  16.80859375
Memory cached:  42.0
	 epoch  10 training error:  tensor(0.1607, device='cuda:0', grad_fn=<DivBackward0>)
Memory status after this epoch: 
Memory allocated:  16.80859375
Memory cached:  42.0
	 epoch  20 training error:  tensor(0.0929, device='cuda:0', grad_fn=<DivBackward0>)
Memory status after this epoch: 
Memory allocated:  16.80859375
Memory cached:  44.0
	 epoch  30 training error:  tensor(0.0918, device='cuda:0', grad_fn=<DivBackward0>)
Memory status after this epoch: 
Memory allocated:  16.80859375
Memory cached:  42.0
	 epoch  40 training error:  tensor(0.1324, device='cuda:0', grad_fn=<DivBackward0>)
Memory status after this epoch: 
Memory allocated:  16.80859375
Memory cached:  44.0
	 epoch  50 training error:  tensor(0.1020, device='cuda:0', grad_fn=<DivBackward0>)
Memory status after this epoch: 
Memory allocated:  16.80859375
Memory cached:  42.0
	 epoch  60 training error:  tensor(0.0855, device='cuda:0', grad_fn=<DivBackward0>)
Memory status after this epoch: 
Memory allocated:  16.80859375
Memory cached:  44.0
	 epoch  70 training error:  tensor(0.0926, device='cuda:0', grad_fn=<DivBackward0>)
Memory status after this epoch: 
Memory allocated:  16.80859375
Memory cached:  42.0
	 epoch  80 training error:  tensor(0.1037, device='cuda:0', grad_fn=<DivBackward0>)
Memory status after this epoch: 
Memory allocated:  16.80859375
Memory cached:  44.0
	 epoch  90 training error:  tensor(0.0906, device='cuda:0', grad_fn=<DivBackward0>)
Memory status after this epoch: 
Memory allocated:  16.80859375
Memory cached:  42.0
[I 2023-11-04 05:26:36,905] Trial 10 finished with value: 0.07825833559036255 and parameters: {'W_layers': 7, 'W_layer_units_exponent_0': 4, 'W_layer_units_exponent_1': 9, 'W_layer_units_exponent_2': 9, 'W_layer_units_exponent_3': 6, 'W_layer_units_exponent_4': 7, 'W_layer_units_exponent_5': 10, 'W_layer_units_exponent_6': 9, 'D_layers': 8, 'D_layer_units_exponent_0': 4, 'D_layer_units_exponent_1': 8, 'D_layer_units_exponent_2': 6, 'D_layer_units_exponent_3': 4, 'D_layer_units_exponent_4': 9, 'D_layer_units_exponent_5': 6, 'D_layer_units_exponent_6': 9, 'D_layer_units_exponent_7': 6, 'log_learning_rate': -3.418110587921708, 'log_learning_rate_D': -1.7641615879548094, 'training_batch_size': 6, 'training_p': 4}. Best is trial 5 with value: 0.04093475267291069.
Time for this trial:  342.0400228500366
Memory status after this trial: 
Memory allocated:  237.013671875
Memory cached:  258.0
--------------------  Trial  11   --------------------
Start timing: 
Parameters: 
{'W_layers': 2, 'W_layer_units_exponent_0': 8, 'W_layer_units_exponent_1': 4, 'D_layers': 6, 'D_layer_units_exponent_0': 8, 'D_layer_units_exponent_1': 4, 'D_layer_units_exponent_2': 4, 'D_layer_units_exponent_3': 7, 'D_layer_units_exponent_4': 10, 'D_layer_units_exponent_5': 5, 'log_learning_rate': -4.993325959849496, 'log_learning_rate_D': -4.924674183080663, 'training_batch_size': 7, 'training_p': 2}
	 epoch  0 training error:  tensor(0.7942, device='cuda:0', grad_fn=<DivBackward0>)
Memory status after this epoch: 
Memory allocated:  2.8037109375
Memory cached:  12.0
	 epoch  10 training error:  tensor(0.7547, device='cuda:0', grad_fn=<DivBackward0>)
Memory status after this epoch: 
Memory allocated:  2.8037109375
Memory cached:  16.0
	 epoch  20 training error:  tensor(0.7151, device='cuda:0', grad_fn=<DivBackward0>)
Memory status after this epoch: 
Memory allocated:  2.8037109375
Memory cached:  16.0
	 epoch  30 training error:  tensor(0.6756, device='cuda:0', grad_fn=<DivBackward0>)
Memory status after this epoch: 
Memory allocated:  2.8037109375
Memory cached:  16.0
	 epoch  40 training error:  tensor(0.6361, device='cuda:0', grad_fn=<DivBackward0>)
Memory status after this epoch: 
Memory allocated:  2.8037109375
Memory cached:  16.0
	 epoch  50 training error:  tensor(0.5965, device='cuda:0', grad_fn=<DivBackward0>)
Memory status after this epoch: 
Memory allocated:  2.8037109375
Memory cached:  16.0
	 epoch  60 training error:  tensor(0.5568, device='cuda:0', grad_fn=<DivBackward0>)
Memory status after this epoch: 
Memory allocated:  2.8037109375
Memory cached:  16.0
	 epoch  70 training error:  tensor(0.5168, device='cuda:0', grad_fn=<DivBackward0>)
Memory status after this epoch: 
Memory allocated:  2.8037109375
Memory cached:  16.0
	 epoch  80 training error:  tensor(0.4767, device='cuda:0', grad_fn=<DivBackward0>)
Memory status after this epoch: 
Memory allocated:  2.8037109375
Memory cached:  16.0
	 epoch  90 training error:  tensor(0.4363, device='cuda:0', grad_fn=<DivBackward0>)
Memory status after this epoch: 
Memory allocated:  2.8037109375
Memory cached:  16.0
[I 2023-11-04 05:28:46,422] Trial 11 finished with value: 0.388278067111969 and parameters: {'W_layers': 2, 'W_layer_units_exponent_0': 8, 'W_layer_units_exponent_1': 4, 'D_layers': 6, 'D_layer_units_exponent_0': 8, 'D_layer_units_exponent_1': 4, 'D_layer_units_exponent_2': 4, 'D_layer_units_exponent_3': 7, 'D_layer_units_exponent_4': 10, 'D_layer_units_exponent_5': 5, 'log_learning_rate': -4.993325959849496, 'log_learning_rate_D': -4.924674183080663, 'training_batch_size': 7, 'training_p': 2}. Best is trial 5 with value: 0.04093475267291069.
Time for this trial:  129.31697750091553
Memory status after this trial: 
Memory allocated:  95.00634765625
Memory cached:  98.0
--------------------  Trial  12   --------------------
Start timing: 
Parameters: 
{'W_layers': 2, 'W_layer_units_exponent_0': 6, 'W_layer_units_exponent_1': 4, 'D_layers': 7, 'D_layer_units_exponent_0': 10, 'D_layer_units_exponent_1': 5, 'D_layer_units_exponent_2': 10, 'D_layer_units_exponent_3': 8, 'D_layer_units_exponent_4': 4, 'D_layer_units_exponent_5': 10, 'D_layer_units_exponent_6': 4, 'log_learning_rate': -3.0211398707677835, 'log_learning_rate_D': -4.990752519254603, 'training_batch_size': 7, 'training_p': 8}
	 epoch  0 training error:  tensor(1.0010, device='cuda:0', grad_fn=<DivBackward0>)
Memory status after this epoch: 
Memory allocated:  5.8173828125
Memory cached:  12.0
	 epoch  10 training error:  tensor(0.1579, device='cuda:0', grad_fn=<DivBackward0>)
Memory status after this epoch: 
Memory allocated:  5.8173828125
Memory cached:  16.0
	 epoch  20 training error:  tensor(0.1397, device='cuda:0', grad_fn=<DivBackward0>)
Memory status after this epoch: 
Memory allocated:  5.8173828125
Memory cached:  16.0
	 epoch  30 training error:  tensor(0.1295, device='cuda:0', grad_fn=<DivBackward0>)
Memory status after this epoch: 
Memory allocated:  5.8173828125
Memory cached:  16.0
	 epoch  40 training error:  tensor(0.1299, device='cuda:0', grad_fn=<DivBackward0>)
Memory status after this epoch: 
Memory allocated:  5.8173828125
Memory cached:  16.0
	 epoch  50 training error:  tensor(0.1137, device='cuda:0', grad_fn=<DivBackward0>)
Memory status after this epoch: 
Memory allocated:  5.8173828125
Memory cached:  16.0
	 epoch  60 training error:  tensor(0.1025, device='cuda:0', grad_fn=<DivBackward0>)
Memory status after this epoch: 
Memory allocated:  5.8173828125
Memory cached:  16.0
	 epoch  70 training error:  tensor(0.0900, device='cuda:0', grad_fn=<DivBackward0>)
Memory status after this epoch: 
Memory allocated:  5.8173828125
Memory cached:  16.0
	 epoch  80 training error:  tensor(0.0755, device='cuda:0', grad_fn=<DivBackward0>)
Memory status after this epoch: 
Memory allocated:  5.8173828125
Memory cached:  16.0
	 epoch  90 training error:  tensor(0.0610, device='cuda:0', grad_fn=<DivBackward0>)
Memory status after this epoch: 
Memory allocated:  5.8173828125
Memory cached:  16.0
[I 2023-11-04 05:31:13,030] Trial 12 finished with value: 0.04718679189682007 and parameters: {'W_layers': 2, 'W_layer_units_exponent_0': 6, 'W_layer_units_exponent_1': 4, 'D_layers': 7, 'D_layer_units_exponent_0': 10, 'D_layer_units_exponent_1': 5, 'D_layer_units_exponent_2': 10, 'D_layer_units_exponent_3': 8, 'D_layer_units_exponent_4': 4, 'D_layer_units_exponent_5': 10, 'D_layer_units_exponent_6': 4, 'log_learning_rate': -3.0211398707677835, 'log_learning_rate_D': -4.990752519254603, 'training_batch_size': 7, 'training_p': 8}. Best is trial 5 with value: 0.04093475267291069.
Time for this trial:  146.4015872478485
Memory status after this trial: 
Memory allocated:  187.77294921875
Memory cached:  192.0
--------------------  Trial  13   --------------------
Start timing: 
Parameters: 
{'W_layers': 3, 'W_layer_units_exponent_0': 8, 'W_layer_units_exponent_1': 5, 'W_layer_units_exponent_2': 7, 'D_layers': 7, 'D_layer_units_exponent_0': 8, 'D_layer_units_exponent_1': 5, 'D_layer_units_exponent_2': 4, 'D_layer_units_exponent_3': 4, 'D_layer_units_exponent_4': 4, 'D_layer_units_exponent_5': 10, 'D_layer_units_exponent_6': 7, 'log_learning_rate': -3.0800132083606133, 'log_learning_rate_D': -3.8115495074923613, 'training_batch_size': 6, 'training_p': 2}
	 epoch  0 training error:  tensor(0.9990, device='cuda:0', grad_fn=<DivBackward0>)
Memory status after this epoch: 
Memory allocated:  2.701171875
Memory cached:  14.0
	 epoch  10 training error:  tensor(0.0691, device='cuda:0', grad_fn=<DivBackward0>)
Memory status after this epoch: 
Memory allocated:  2.701171875
Memory cached:  14.0
	 epoch  20 training error:  tensor(0.0561, device='cuda:0', grad_fn=<DivBackward0>)
Memory status after this epoch: 
Memory allocated:  2.701171875
Memory cached:  14.0
	 epoch  30 training error:  tensor(0.0441, device='cuda:0', grad_fn=<DivBackward0>)
Memory status after this epoch: 
Memory allocated:  2.701171875
Memory cached:  14.0
	 epoch  40 training error:  tensor(0.0362, device='cuda:0', grad_fn=<DivBackward0>)
Memory status after this epoch: 
Memory allocated:  2.701171875
Memory cached:  14.0
	 epoch  50 training error:  tensor(0.0415, device='cuda:0', grad_fn=<DivBackward0>)
Memory status after this epoch: 
Memory allocated:  2.701171875
Memory cached:  16.0
	 epoch  60 training error:  tensor(0.0349, device='cuda:0', grad_fn=<DivBackward0>)
Memory status after this epoch: 
Memory allocated:  2.701171875
Memory cached:  16.0
	 epoch  70 training error:  tensor(0.0368, device='cuda:0', grad_fn=<DivBackward0>)
Memory status after this epoch: 
Memory allocated:  2.701171875
Memory cached:  16.0
	 epoch  80 training error:  tensor(0.0361, device='cuda:0', grad_fn=<DivBackward0>)
Memory status after this epoch: 
Memory allocated:  2.701171875
Memory cached:  16.0
	 epoch  90 training error:  tensor(0.0316, device='cuda:0', grad_fn=<DivBackward0>)
Memory status after this epoch: 
Memory allocated:  2.701171875
Memory cached:  16.0
[I 2023-11-04 05:35:29,034] Trial 13 finished with value: 0.043626900762319565 and parameters: {'W_layers': 3, 'W_layer_units_exponent_0': 8, 'W_layer_units_exponent_1': 5, 'W_layer_units_exponent_2': 7, 'D_layers': 7, 'D_layer_units_exponent_0': 8, 'D_layer_units_exponent_1': 5, 'D_layer_units_exponent_2': 4, 'D_layer_units_exponent_3': 4, 'D_layer_units_exponent_4': 4, 'D_layer_units_exponent_5': 10, 'D_layer_units_exponent_6': 7, 'log_learning_rate': -3.0800132083606133, 'log_learning_rate_D': -3.8115495074923613, 'training_batch_size': 6, 'training_p': 2}. Best is trial 5 with value: 0.04093475267291069.
Time for this trial:  255.77579760551453
Memory status after this trial: 
Memory allocated:  103.501953125
Memory cached:  106.0
--------------------  Trial  14   --------------------
Start timing: 
Parameters: 
{'W_layers': 3, 'W_layer_units_exponent_0': 6, 'W_layer_units_exponent_1': 10, 'W_layer_units_exponent_2': 10, 'D_layers': 7, 'D_layer_units_exponent_0': 9, 'D_layer_units_exponent_1': 6, 'D_layer_units_exponent_2': 6, 'D_layer_units_exponent_3': 10, 'D_layer_units_exponent_4': 5, 'D_layer_units_exponent_5': 8, 'D_layer_units_exponent_6': 6, 'log_learning_rate': -4.626246119061489, 'log_learning_rate_D': -4.510555270517628, 'training_batch_size': 12, 'training_p': 3}
	 epoch  0 training error:  tensor(1.1592, device='cuda:0', grad_fn=<DivBackward0>)
Memory status after this epoch: 
Memory allocated:  19.6357421875
Memory cached:  34.0
	 epoch  10 training error:  tensor(0.2950, device='cuda:0', grad_fn=<DivBackward0>)
Memory status after this epoch: 
Memory allocated:  19.6357421875
Memory cached:  36.0
	 epoch  20 training error:  tensor(0.1489, device='cuda:0', grad_fn=<DivBackward0>)
Memory status after this epoch: 
Memory allocated:  19.6357421875
Memory cached:  36.0
	 epoch  30 training error:  tensor(0.1059, device='cuda:0', grad_fn=<DivBackward0>)
Memory status after this epoch: 
Memory allocated:  19.6357421875
Memory cached:  38.0
	 epoch  40 training error:  tensor(0.0655, device='cuda:0', grad_fn=<DivBackward0>)
Memory status after this epoch: 
Memory allocated:  19.6357421875
Memory cached:  38.0
	 epoch  50 training error:  tensor(0.0614, device='cuda:0', grad_fn=<DivBackward0>)
Memory status after this epoch: 
Memory allocated:  19.6357421875
Memory cached:  38.0
	 epoch  60 training error:  tensor(0.0592, device='cuda:0', grad_fn=<DivBackward0>)
Memory status after this epoch: 
Memory allocated:  19.6357421875
Memory cached:  38.0
	 epoch  70 training error:  tensor(0.0569, device='cuda:0', grad_fn=<DivBackward0>)
Memory status after this epoch: 
Memory allocated:  19.6357421875
Memory cached:  38.0
	 epoch  80 training error:  tensor(0.0526, device='cuda:0', grad_fn=<DivBackward0>)
Memory status after this epoch: 
Memory allocated:  19.6357421875
Memory cached:  38.0
	 epoch  90 training error:  tensor(0.0473, device='cuda:0', grad_fn=<DivBackward0>)
Memory status after this epoch: 
Memory allocated:  19.6357421875
Memory cached:  38.0
[I 2023-11-04 05:38:09,987] Trial 14 finished with value: 0.04607469588518143 and parameters: {'W_layers': 3, 'W_layer_units_exponent_0': 6, 'W_layer_units_exponent_1': 10, 'W_layer_units_exponent_2': 10, 'D_layers': 7, 'D_layer_units_exponent_0': 9, 'D_layer_units_exponent_1': 6, 'D_layer_units_exponent_2': 6, 'D_layer_units_exponent_3': 10, 'D_layer_units_exponent_4': 5, 'D_layer_units_exponent_5': 8, 'D_layer_units_exponent_6': 6, 'log_learning_rate': -4.626246119061489, 'log_learning_rate_D': -4.510555270517628, 'training_batch_size': 12, 'training_p': 3}. Best is trial 5 with value: 0.04093475267291069.
Time for this trial:  160.73544001579285
Memory status after this trial: 
Memory allocated:  229.94189453125
Memory cached:  244.0
--------------------  Trial  15   --------------------
Start timing: 
Parameters: 
{'W_layers': 4, 'W_layer_units_exponent_0': 9, 'W_layer_units_exponent_1': 5, 'W_layer_units_exponent_2': 7, 'W_layer_units_exponent_3': 7, 'D_layers': 6, 'D_layer_units_exponent_0': 10, 'D_layer_units_exponent_1': 8, 'D_layer_units_exponent_2': 9, 'D_layer_units_exponent_3': 6, 'D_layer_units_exponent_4': 8, 'D_layer_units_exponent_5': 10, 'log_learning_rate': -3.5582687449846704, 'log_learning_rate_D': -3.6890215987082655, 'training_batch_size': 7, 'training_p': 7}
	 epoch  0 training error:  tensor(1.0034, device='cuda:0', grad_fn=<DivBackward0>)
Memory status after this epoch: 
Memory allocated:  11.6279296875
Memory cached:  18.0
	 epoch  10 training error:  tensor(0.2341, device='cuda:0', grad_fn=<DivBackward0>)
Memory status after this epoch: 
Memory allocated:  11.6279296875
Memory cached:  22.0
	 epoch  20 training error:  tensor(0.1375, device='cuda:0', grad_fn=<DivBackward0>)
Memory status after this epoch: 
Memory allocated:  11.6279296875
Memory cached:  22.0
	 epoch  30 training error:  tensor(0.0628, device='cuda:0', grad_fn=<DivBackward0>)
Memory status after this epoch: 
Memory allocated:  11.6279296875
Memory cached:  22.0
	 epoch  40 training error:  tensor(0.0551, device='cuda:0', grad_fn=<DivBackward0>)
Memory status after this epoch: 
Memory allocated:  11.6279296875
Memory cached:  22.0
	 epoch  50 training error:  tensor(0.0501, device='cuda:0', grad_fn=<DivBackward0>)
Memory status after this epoch: 
Memory allocated:  11.6279296875
Memory cached:  22.0
	 epoch  60 training error:  tensor(0.0472, device='cuda:0', grad_fn=<DivBackward0>)
Memory status after this epoch: 
Memory allocated:  11.6279296875
Memory cached:  22.0
	 epoch  70 training error:  tensor(0.0446, device='cuda:0', grad_fn=<DivBackward0>)
Memory status after this epoch: 
Memory allocated:  11.6279296875
Memory cached:  22.0
	 epoch  80 training error:  tensor(0.0441, device='cuda:0', grad_fn=<DivBackward0>)
Memory status after this epoch: 
Memory allocated:  11.6279296875
Memory cached:  22.0
	 epoch  90 training error:  tensor(0.0414, device='cuda:0', grad_fn=<DivBackward0>)
Memory status after this epoch: 
Memory allocated:  11.6279296875
Memory cached:  22.0
[I 2023-11-04 05:40:49,574] Trial 15 finished with value: 0.03537153825163841 and parameters: {'W_layers': 4, 'W_layer_units_exponent_0': 9, 'W_layer_units_exponent_1': 5, 'W_layer_units_exponent_2': 7, 'W_layer_units_exponent_3': 7, 'D_layers': 6, 'D_layer_units_exponent_0': 10, 'D_layer_units_exponent_1': 8, 'D_layer_units_exponent_2': 9, 'D_layer_units_exponent_3': 6, 'D_layer_units_exponent_4': 8, 'D_layer_units_exponent_5': 10, 'log_learning_rate': -3.5582687449846704, 'log_learning_rate_D': -3.6890215987082655, 'training_batch_size': 7, 'training_p': 7}. Best is trial 15 with value: 0.03537153825163841.
Time for this trial:  159.36996698379517
Memory status after this trial: 
Memory allocated:  215.0859375
Memory cached:  222.0
--------------------  Trial  16   --------------------
Start timing: 
Parameters: 
{'W_layers': 4, 'W_layer_units_exponent_0': 9, 'W_layer_units_exponent_1': 4, 'W_layer_units_exponent_2': 7, 'W_layer_units_exponent_3': 7, 'D_layers': 6, 'D_layer_units_exponent_0': 8, 'D_layer_units_exponent_1': 6, 'D_layer_units_exponent_2': 9, 'D_layer_units_exponent_3': 6, 'D_layer_units_exponent_4': 8, 'D_layer_units_exponent_5': 4, 'log_learning_rate': -3.6812991171256297, 'log_learning_rate_D': -3.6829964131362756, 'training_batch_size': 8, 'training_p': 6}
	 epoch  0 training error:  tensor(1.0207, device='cuda:0', grad_fn=<DivBackward0>)
Memory status after this epoch: 
Memory allocated:  2.1494140625
Memory cached:  10.0
	 epoch  10 training error:  tensor(0.1435, device='cuda:0', grad_fn=<DivBackward0>)
Memory status after this epoch: 
Memory allocated:  2.1494140625
Memory cached:  14.0
	 epoch  20 training error:  tensor(0.1213, device='cuda:0', grad_fn=<DivBackward0>)
Memory status after this epoch: 
Memory allocated:  2.1494140625
Memory cached:  14.0
	 epoch  30 training error:  tensor(0.1047, device='cuda:0', grad_fn=<DivBackward0>)
Memory status after this epoch: 
Memory allocated:  2.1494140625
Memory cached:  14.0
	 epoch  40 training error:  tensor(0.0754, device='cuda:0', grad_fn=<DivBackward0>)
Memory status after this epoch: 
Memory allocated:  2.1494140625
Memory cached:  14.0
	 epoch  50 training error:  tensor(0.0511, device='cuda:0', grad_fn=<DivBackward0>)
Memory status after this epoch: 
Memory allocated:  2.1494140625
Memory cached:  14.0
	 epoch  60 training error:  tensor(0.0474, device='cuda:0', grad_fn=<DivBackward0>)
Memory status after this epoch: 
Memory allocated:  2.1494140625
Memory cached:  14.0
	 epoch  70 training error:  tensor(0.0449, device='cuda:0', grad_fn=<DivBackward0>)
Memory status after this epoch: 
Memory allocated:  2.1494140625
Memory cached:  14.0
	 epoch  80 training error:  tensor(0.0430, device='cuda:0', grad_fn=<DivBackward0>)
Memory status after this epoch: 
Memory allocated:  2.1494140625
Memory cached:  14.0
	 epoch  90 training error:  tensor(0.0421, device='cuda:0', grad_fn=<DivBackward0>)
Memory status after this epoch: 
Memory allocated:  2.1494140625
Memory cached:  14.0
