[I 2023-11-03 21:59:19,631] Trial 13 finished with value: 0.02204369567334652 and parameters: {'W_layers': 2, 'W_layer_units_exponent_0': 6, 'W_layer_units_exponent_1': 6, 'D_layers': 8, 'D_layer_units_exponent_0': 10, 'D_layer_units_exponent_1': 10, 'D_layer_units_exponent_2': 10, 'D_layer_units_exponent_3': 4, 'D_layer_units_exponent_4': 8, 'D_layer_units_exponent_5': 4, 'D_layer_units_exponent_6': 5, 'D_layer_units_exponent_7': 9, 'log_learning_rate': -3.6399251460270747, 'log_learning_rate_D': -4.95463647551925, 'training_batch_size': 9, 'training_p': 2}. Best is trial 10 with value: 0.021226320415735245.
Time for this trial:  14.976233720779419
Memory status after this trial: 
Memory allocated:  6.99853515625
Memory cached:  8.0
--------------------  Trial  14   --------------------
Start timing: 
Parameters: 
{'W_layers': 2, 'W_layer_units_exponent_0': 7, 'W_layer_units_exponent_1': 6, 'D_layers': 8, 'D_layer_units_exponent_0': 9, 'D_layer_units_exponent_1': 7, 'D_layer_units_exponent_2': 9, 'D_layer_units_exponent_3': 5, 'D_layer_units_exponent_4': 8, 'D_layer_units_exponent_5': 5, 'D_layer_units_exponent_6': 4, 'D_layer_units_exponent_7': 4, 'log_learning_rate': -3.4978697302857733, 'log_learning_rate_D': -4.244198307292685, 'training_batch_size': 9, 'training_p': 2}
	 epoch  0 training error:  tensor(1.1428, device='cuda:0', grad_fn=<DivBackward0>)
Memory status after this epoch: 
Memory allocated:  0.86376953125
Memory cached:  2.0
	 epoch  10 training error:  tensor(0.0572, device='cuda:0', grad_fn=<DivBackward0>)
Memory status after this epoch: 
Memory allocated:  0.86376953125
Memory cached:  2.0
	 epoch  20 training error:  tensor(0.0690, device='cuda:0', grad_fn=<DivBackward0>)
Memory status after this epoch: 
Memory allocated:  0.86376953125
Memory cached:  2.0
	 epoch  30 training error:  tensor(0.0282, device='cuda:0', grad_fn=<DivBackward0>)
Memory status after this epoch: 
Memory allocated:  0.86376953125
Memory cached:  2.0
	 epoch  40 training error:  tensor(0.0337, device='cuda:0', grad_fn=<DivBackward0>)
Memory status after this epoch: 
Memory allocated:  0.86376953125
Memory cached:  2.0
	 epoch  50 training error:  tensor(0.0196, device='cuda:0', grad_fn=<DivBackward0>)
Memory status after this epoch: 
Memory allocated:  0.86376953125
Memory cached:  2.0
	 epoch  60 training error:  tensor(0.0208, device='cuda:0', grad_fn=<DivBackward0>)
Memory status after this epoch: 
Memory allocated:  0.86376953125
Memory cached:  2.0
	 epoch  70 training error:  tensor(0.0182, device='cuda:0', grad_fn=<DivBackward0>)
Memory status after this epoch: 
Memory allocated:  0.86376953125
Memory cached:  2.0
	 epoch  80 training error:  tensor(0.0173, device='cuda:0', grad_fn=<DivBackward0>)
Memory status after this epoch: 
Memory allocated:  0.86376953125
Memory cached:  2.0
	 epoch  90 training error:  tensor(0.0167, device='cuda:0', grad_fn=<DivBackward0>)
Memory status after this epoch: 
Memory allocated:  0.86376953125
Memory cached:  2.0
[I 2023-11-03 21:59:35,038] Trial 14 finished with value: 0.01958342455327511 and parameters: {'W_layers': 2, 'W_layer_units_exponent_0': 7, 'W_layer_units_exponent_1': 6, 'D_layers': 8, 'D_layer_units_exponent_0': 9, 'D_layer_units_exponent_1': 7, 'D_layer_units_exponent_2': 9, 'D_layer_units_exponent_3': 5, 'D_layer_units_exponent_4': 8, 'D_layer_units_exponent_5': 5, 'D_layer_units_exponent_6': 4, 'D_layer_units_exponent_7': 4, 'log_learning_rate': -3.4978697302857733, 'log_learning_rate_D': -4.244198307292685, 'training_batch_size': 9, 'training_p': 2}. Best is trial 14 with value: 0.01958342455327511.
Time for this trial:  15.220885038375854
Memory status after this trial: 
Memory allocated:  10.44775390625
Memory cached:  12.0
--------------------  Trial  15   --------------------
Start timing: 
Parameters: 
{'W_layers': 3, 'W_layer_units_exponent_0': 7, 'W_layer_units_exponent_1': 7, 'W_layer_units_exponent_2': 6, 'D_layers': 7, 'D_layer_units_exponent_0': 9, 'D_layer_units_exponent_1': 7, 'D_layer_units_exponent_2': 9, 'D_layer_units_exponent_3': 5, 'D_layer_units_exponent_4': 8, 'D_layer_units_exponent_5': 6, 'D_layer_units_exponent_6': 9, 'log_learning_rate': -4.989131659632626, 'log_learning_rate_D': -4.101480240740311, 'training_batch_size': 8, 'training_p': 4}
	 epoch  0 training error:  tensor(0.7432, device='cuda:0', grad_fn=<DivBackward0>)
Memory status after this epoch: 
Memory allocated:  1.271484375
Memory cached:  2.0
	 epoch  10 training error:  tensor(0.6957, device='cuda:0', grad_fn=<DivBackward0>)
Memory status after this epoch: 
Memory allocated:  1.271484375
Memory cached:  2.0
	 epoch  20 training error:  tensor(0.6482, device='cuda:0', grad_fn=<DivBackward0>)
Memory status after this epoch: 
Memory allocated:  1.271484375
Memory cached:  2.0
	 epoch  30 training error:  tensor(0.6009, device='cuda:0', grad_fn=<DivBackward0>)
Memory status after this epoch: 
Memory allocated:  1.271484375
Memory cached:  2.0
	 epoch  40 training error:  tensor(0.5535, device='cuda:0', grad_fn=<DivBackward0>)
Memory status after this epoch: 
Memory allocated:  1.271484375
Memory cached:  2.0
	 epoch  50 training error:  tensor(0.5061, device='cuda:0', grad_fn=<DivBackward0>)
Memory status after this epoch: 
Memory allocated:  1.271484375
Memory cached:  2.0
	 epoch  60 training error:  tensor(0.4590, device='cuda:0', grad_fn=<DivBackward0>)
Memory status after this epoch: 
Memory allocated:  1.271484375
Memory cached:  2.0
	 epoch  70 training error:  tensor(0.4122, device='cuda:0', grad_fn=<DivBackward0>)
Memory status after this epoch: 
Memory allocated:  1.271484375
Memory cached:  2.0
	 epoch  80 training error:  tensor(0.3660, device='cuda:0', grad_fn=<DivBackward0>)
Memory status after this epoch: 
Memory allocated:  1.271484375
Memory cached:  2.0
	 epoch  90 training error:  tensor(0.3208, device='cuda:0', grad_fn=<DivBackward0>)
Memory status after this epoch: 
Memory allocated:  1.271484375
Memory cached:  2.0
[I 2023-11-03 21:59:50,704] Trial 15 finished with value: 0.2568824887275696 and parameters: {'W_layers': 3, 'W_layer_units_exponent_0': 7, 'W_layer_units_exponent_1': 7, 'W_layer_units_exponent_2': 6, 'D_layers': 7, 'D_layer_units_exponent_0': 9, 'D_layer_units_exponent_1': 7, 'D_layer_units_exponent_2': 9, 'D_layer_units_exponent_3': 5, 'D_layer_units_exponent_4': 8, 'D_layer_units_exponent_5': 6, 'D_layer_units_exponent_6': 9, 'log_learning_rate': -4.989131659632626, 'log_learning_rate_D': -4.101480240740311, 'training_batch_size': 8, 'training_p': 4}. Best is trial 14 with value: 0.01958342455327511.
Time for this trial:  15.49324655532837
Memory status after this trial: 
Memory allocated:  17.40966796875
Memory cached:  20.0
--------------------  Trial  16   --------------------
Start timing: 
Parameters: 
{'W_layers': 3, 'W_layer_units_exponent_0': 8, 'W_layer_units_exponent_1': 5, 'W_layer_units_exponent_2': 6, 'D_layers': 7, 'D_layer_units_exponent_0': 8, 'D_layer_units_exponent_1': 6, 'D_layer_units_exponent_2': 9, 'D_layer_units_exponent_3': 5, 'D_layer_units_exponent_4': 6, 'D_layer_units_exponent_5': 5, 'D_layer_units_exponent_6': 4, 'log_learning_rate': -3.285074634372715, 'log_learning_rate_D': -2.5669810360014926, 'training_batch_size': 12, 'training_p': 3}
	 epoch  0 training error:  tensor(0.9662, device='cuda:0', grad_fn=<DivBackward0>)
Memory status after this epoch: 
Memory allocated:  0.53857421875
Memory cached:  6.0
	 epoch  10 training error:  tensor(0.2457, device='cuda:0', grad_fn=<DivBackward0>)
Memory status after this epoch: 
Memory allocated:  0.53857421875
Memory cached:  6.0
	 epoch  20 training error:  tensor(0.0394, device='cuda:0', grad_fn=<DivBackward0>)
Memory status after this epoch: 
Memory allocated:  0.53857421875
Memory cached:  6.0
	 epoch  30 training error:  tensor(0.0594, device='cuda:0', grad_fn=<DivBackward0>)
Memory status after this epoch: 
Memory allocated:  0.53857421875
Memory cached:  6.0
	 epoch  40 training error:  tensor(0.0264, device='cuda:0', grad_fn=<DivBackward0>)
Memory status after this epoch: 
Memory allocated:  0.53857421875
Memory cached:  6.0
	 epoch  50 training error:  tensor(0.0258, device='cuda:0', grad_fn=<DivBackward0>)
Memory status after this epoch: 
Memory allocated:  0.53857421875
Memory cached:  6.0
	 epoch  60 training error:  tensor(0.0191, device='cuda:0', grad_fn=<DivBackward0>)
Memory status after this epoch: 
Memory allocated:  0.53857421875
Memory cached:  6.0
	 epoch  70 training error:  tensor(0.0196, device='cuda:0', grad_fn=<DivBackward0>)
Memory status after this epoch: 
Memory allocated:  0.53857421875
Memory cached:  6.0
	 epoch  80 training error:  tensor(0.0186, device='cuda:0', grad_fn=<DivBackward0>)
Memory status after this epoch: 
Memory allocated:  0.53857421875
Memory cached:  6.0
	 epoch  90 training error:  tensor(0.0184, device='cuda:0', grad_fn=<DivBackward0>)
Memory status after this epoch: 
Memory allocated:  0.53857421875
Memory cached:  6.0
[I 2023-11-03 22:00:06,653] Trial 16 finished with value: 0.017751911655068398 and parameters: {'W_layers': 3, 'W_layer_units_exponent_0': 8, 'W_layer_units_exponent_1': 5, 'W_layer_units_exponent_2': 6, 'D_layers': 7, 'D_layer_units_exponent_0': 8, 'D_layer_units_exponent_1': 6, 'D_layer_units_exponent_2': 9, 'D_layer_units_exponent_3': 5, 'D_layer_units_exponent_4': 6, 'D_layer_units_exponent_5': 5, 'D_layer_units_exponent_6': 4, 'log_learning_rate': -3.285074634372715, 'log_learning_rate_D': -2.5669810360014926, 'training_batch_size': 12, 'training_p': 3}. Best is trial 16 with value: 0.017751911655068398.
Time for this trial:  15.788525104522705
Memory status after this trial: 
Memory allocated:  19.01123046875
Memory cached:  26.0
--------------------  Trial  17   --------------------
Start timing: 
Parameters: 
{'W_layers': 3, 'W_layer_units_exponent_0': 8, 'W_layer_units_exponent_1': 8, 'W_layer_units_exponent_2': 6, 'D_layers': 7, 'D_layer_units_exponent_0': 8, 'D_layer_units_exponent_1': 6, 'D_layer_units_exponent_2': 8, 'D_layer_units_exponent_3': 6, 'D_layer_units_exponent_4': 4, 'D_layer_units_exponent_5': 6, 'D_layer_units_exponent_6': 4, 'log_learning_rate': -3.159127786253971, 'log_learning_rate_D': -2.7169154898354133, 'training_batch_size': 12, 'training_p': 3}
	 epoch  0 training error:  tensor(0.9777, device='cuda:0', grad_fn=<DivBackward0>)
Memory status after this epoch: 
Memory allocated:  1.56494140625
Memory cached:  2.0
	 epoch  10 training error:  tensor(0.1040, device='cuda:0', grad_fn=<DivBackward0>)
Memory status after this epoch: 
Memory allocated:  1.56494140625
Memory cached:  2.0
	 epoch  20 training error:  tensor(0.0847, device='cuda:0', grad_fn=<DivBackward0>)
Memory status after this epoch: 
Memory allocated:  1.56494140625
Memory cached:  2.0
	 epoch  30 training error:  tensor(0.0331, device='cuda:0', grad_fn=<DivBackward0>)
Memory status after this epoch: 
Memory allocated:  1.56494140625
Memory cached:  2.0
	 epoch  40 training error:  tensor(0.0382, device='cuda:0', grad_fn=<DivBackward0>)
Memory status after this epoch: 
Memory allocated:  1.56494140625
Memory cached:  2.0
	 epoch  50 training error:  tensor(0.0250, device='cuda:0', grad_fn=<DivBackward0>)
Memory status after this epoch: 
Memory allocated:  1.56494140625
Memory cached:  2.0
	 epoch  60 training error:  tensor(0.0275, device='cuda:0', grad_fn=<DivBackward0>)
Memory status after this epoch: 
Memory allocated:  1.56494140625
Memory cached:  2.0
	 epoch  70 training error:  tensor(0.0184, device='cuda:0', grad_fn=<DivBackward0>)
Memory status after this epoch: 
Memory allocated:  1.56494140625
Memory cached:  2.0
	 epoch  80 training error:  tensor(0.0192, device='cuda:0', grad_fn=<DivBackward0>)
Memory status after this epoch: 
Memory allocated:  1.56494140625
Memory cached:  2.0
	 epoch  90 training error:  tensor(0.0185, device='cuda:0', grad_fn=<DivBackward0>)
Memory status after this epoch: 
Memory allocated:  1.56494140625
Memory cached:  2.0
[I 2023-11-03 22:00:22,557] Trial 17 finished with value: 0.01831597089767456 and parameters: {'W_layers': 3, 'W_layer_units_exponent_0': 8, 'W_layer_units_exponent_1': 8, 'W_layer_units_exponent_2': 6, 'D_layers': 7, 'D_layer_units_exponent_0': 8, 'D_layer_units_exponent_1': 6, 'D_layer_units_exponent_2': 8, 'D_layer_units_exponent_3': 6, 'D_layer_units_exponent_4': 4, 'D_layer_units_exponent_5': 6, 'D_layer_units_exponent_6': 4, 'log_learning_rate': -3.159127786253971, 'log_learning_rate_D': -2.7169154898354133, 'training_batch_size': 12, 'training_p': 3}. Best is trial 16 with value: 0.017751911655068398.
Time for this trial:  15.71966814994812
Memory status after this trial: 
Memory allocated:  31.99072265625
Memory cached:  46.0
--------------------  Trial  18   --------------------
Start timing: 
Parameters: 
{'W_layers': 3, 'W_layer_units_exponent_0': 9, 'W_layer_units_exponent_1': 8, 'W_layer_units_exponent_2': 6, 'D_layers': 7, 'D_layer_units_exponent_0': 8, 'D_layer_units_exponent_1': 6, 'D_layer_units_exponent_2': 8, 'D_layer_units_exponent_3': 6, 'D_layer_units_exponent_4': 4, 'D_layer_units_exponent_5': 9, 'D_layer_units_exponent_6': 4, 'log_learning_rate': -3.1840920929626337, 'log_learning_rate_D': -2.659588910586618, 'training_batch_size': 12, 'training_p': 3}
	 epoch  0 training error:  tensor(0.9683, device='cuda:0', grad_fn=<DivBackward0>)
Memory status after this epoch: 
Memory allocated:  2.62890625
Memory cached:  4.0
	 epoch  10 training error:  tensor(0.1665, device='cuda:0', grad_fn=<DivBackward0>)
Memory status after this epoch: 
Memory allocated:  2.62890625
Memory cached:  4.0
	 epoch  20 training error:  tensor(0.0446, device='cuda:0', grad_fn=<DivBackward0>)
Memory status after this epoch: 
Memory allocated:  2.62890625
Memory cached:  4.0
	 epoch  30 training error:  tensor(0.0863, device='cuda:0', grad_fn=<DivBackward0>)
Memory status after this epoch: 
Memory allocated:  2.62890625
Memory cached:  4.0
	 epoch  40 training error:  tensor(0.0363, device='cuda:0', grad_fn=<DivBackward0>)
Memory status after this epoch: 
Memory allocated:  2.62890625
Memory cached:  4.0
	 epoch  50 training error:  tensor(0.0489, device='cuda:0', grad_fn=<DivBackward0>)
Memory status after this epoch: 
Memory allocated:  2.62890625
Memory cached:  4.0
	 epoch  60 training error:  tensor(0.0635, device='cuda:0', grad_fn=<DivBackward0>)
Memory status after this epoch: 
Memory allocated:  2.62890625
Memory cached:  4.0
	 epoch  70 training error:  tensor(0.0308, device='cuda:0', grad_fn=<DivBackward0>)
Memory status after this epoch: 
Memory allocated:  2.62890625
Memory cached:  4.0
	 epoch  80 training error:  tensor(0.0408, device='cuda:0', grad_fn=<DivBackward0>)
Memory status after this epoch: 
Memory allocated:  2.62890625
Memory cached:  4.0
	 epoch  90 training error:  tensor(0.0593, device='cuda:0', grad_fn=<DivBackward0>)
Memory status after this epoch: 
Memory allocated:  2.62890625
Memory cached:  4.0
[I 2023-11-03 22:00:39,108] Trial 18 finished with value: 0.0258795116096735 and parameters: {'W_layers': 3, 'W_layer_units_exponent_0': 9, 'W_layer_units_exponent_1': 8, 'W_layer_units_exponent_2': 6, 'D_layers': 7, 'D_layer_units_exponent_0': 8, 'D_layer_units_exponent_1': 6, 'D_layer_units_exponent_2': 8, 'D_layer_units_exponent_3': 6, 'D_layer_units_exponent_4': 4, 'D_layer_units_exponent_5': 9, 'D_layer_units_exponent_6': 4, 'log_learning_rate': -3.1840920929626337, 'log_learning_rate_D': -2.659588910586618, 'training_batch_size': 12, 'training_p': 3}. Best is trial 16 with value: 0.017751911655068398.
Time for this trial:  16.364185094833374
Memory status after this trial: 
Memory allocated:  46.16650390625
Memory cached:  68.0
--------------------  Trial  19   --------------------
Start timing: 
Parameters: 
{'W_layers': 6, 'W_layer_units_exponent_0': 8, 'W_layer_units_exponent_1': 8, 'W_layer_units_exponent_2': 6, 'W_layer_units_exponent_3': 7, 'W_layer_units_exponent_4': 9, 'W_layer_units_exponent_5': 4, 'D_layers': 5, 'D_layer_units_exponent_0': 8, 'D_layer_units_exponent_1': 6, 'D_layer_units_exponent_2': 8, 'D_layer_units_exponent_3': 5, 'D_layer_units_exponent_4': 5, 'log_learning_rate': -3.175253750860288, 'log_learning_rate_D': -1.0050586693407735, 'training_batch_size': 12, 'training_p': 5}
	 epoch  0 training error:  tensor(1.0288, device='cuda:0', grad_fn=<DivBackward0>)
Memory status after this epoch: 
Memory allocated:  2.78662109375
Memory cached:  6.0
	 epoch  10 training error:  tensor(0.1239, device='cuda:0', grad_fn=<DivBackward0>)
Memory status after this epoch: 
Memory allocated:  2.78662109375
Memory cached:  6.0
	 epoch  20 training error:  tensor(0.0796, device='cuda:0', grad_fn=<DivBackward0>)
Memory status after this epoch: 
Memory allocated:  2.78662109375
Memory cached:  6.0
	 epoch  30 training error:  tensor(0.0415, device='cuda:0', grad_fn=<DivBackward0>)
Memory status after this epoch: 
Memory allocated:  2.78662109375
Memory cached:  6.0
	 epoch  40 training error:  tensor(0.0599, device='cuda:0', grad_fn=<DivBackward0>)
Memory status after this epoch: 
Memory allocated:  2.78662109375
Memory cached:  6.0
	 epoch  50 training error:  tensor(0.0708, device='cuda:0', grad_fn=<DivBackward0>)
Memory status after this epoch: 
Memory allocated:  2.78662109375
Memory cached:  6.0
	 epoch  60 training error:  tensor(0.0313, device='cuda:0', grad_fn=<DivBackward0>)
Memory status after this epoch: 
Memory allocated:  2.78662109375
Memory cached:  6.0
	 epoch  70 training error:  tensor(0.0447, device='cuda:0', grad_fn=<DivBackward0>)
Memory status after this epoch: 
Memory allocated:  2.78662109375
Memory cached:  6.0
	 epoch  80 training error:  tensor(0.0690, device='cuda:0', grad_fn=<DivBackward0>)
Memory status after this epoch: 
Memory allocated:  2.78662109375
Memory cached:  6.0
	 epoch  90 training error:  tensor(0.0367, device='cuda:0', grad_fn=<DivBackward0>)
Memory status after this epoch: 
Memory allocated:  2.78662109375
Memory cached:  6.0
[I 2023-11-03 22:00:56,515] Trial 19 finished with value: 0.038117703050374985 and parameters: {'W_layers': 6, 'W_layer_units_exponent_0': 8, 'W_layer_units_exponent_1': 8, 'W_layer_units_exponent_2': 6, 'W_layer_units_exponent_3': 7, 'W_layer_units_exponent_4': 9, 'W_layer_units_exponent_5': 4, 'D_layers': 5, 'D_layer_units_exponent_0': 8, 'D_layer_units_exponent_1': 6, 'D_layer_units_exponent_2': 8, 'D_layer_units_exponent_3': 5, 'D_layer_units_exponent_4': 5, 'log_learning_rate': -3.175253750860288, 'log_learning_rate_D': -1.0050586693407735, 'training_batch_size': 12, 'training_p': 5}. Best is trial 16 with value: 0.017751911655068398.
Time for this trial:  17.22661018371582
Memory status after this trial: 
Memory allocated:  68.12451171875
Memory cached:  76.0
--------------------  Trial  20   --------------------
Start timing: 
Parameters: 
{'W_layers': 3, 'W_layer_units_exponent_0': 9, 'W_layer_units_exponent_1': 9, 'W_layer_units_exponent_2': 5, 'D_layers': 7, 'D_layer_units_exponent_0': 8, 'D_layer_units_exponent_1': 6, 'D_layer_units_exponent_2': 6, 'D_layer_units_exponent_3': 7, 'D_layer_units_exponent_4': 5, 'D_layer_units_exponent_5': 6, 'D_layer_units_exponent_6': 8, 'log_learning_rate': -2.1716974059414746, 'log_learning_rate_D': -2.798732982770206, 'training_batch_size': 11, 'training_p': 5}
	 epoch  0 training error:  tensor(0.9920, device='cuda:0', grad_fn=<DivBackward0>)
Memory status after this epoch: 
Memory allocated:  4.5732421875
Memory cached:  6.0
	 epoch  10 training error:  tensor(1.0006, device='cuda:0', grad_fn=<DivBackward0>)
Memory status after this epoch: 
Memory allocated:  4.5732421875
Memory cached:  6.0
	 epoch  20 training error:  tensor(1.0000, device='cuda:0', grad_fn=<DivBackward0>)
Memory status after this epoch: 
Memory allocated:  4.5732421875
Memory cached:  6.0
	 epoch  30 training error:  tensor(1., device='cuda:0', grad_fn=<DivBackward0>)
Memory status after this epoch: 
Memory allocated:  4.5732421875
Memory cached:  6.0
	 epoch  40 training error:  tensor(1., device='cuda:0', grad_fn=<DivBackward0>)
Memory status after this epoch: 
Memory allocated:  4.5732421875
Memory cached:  6.0
	 epoch  50 training error:  tensor(1., device='cuda:0', grad_fn=<DivBackward0>)
Memory status after this epoch: 
Memory allocated:  4.5732421875
Memory cached:  6.0
	 epoch  60 training error:  tensor(1., device='cuda:0', grad_fn=<DivBackward0>)
Memory status after this epoch: 
Memory allocated:  4.5732421875
Memory cached:  6.0
	 epoch  70 training error:  tensor(1., device='cuda:0', grad_fn=<DivBackward0>)
Memory status after this epoch: 
Memory allocated:  4.5732421875
Memory cached:  6.0
	 epoch  80 training error:  tensor(1., device='cuda:0', grad_fn=<DivBackward0>)
Memory status after this epoch: 
Memory allocated:  4.5732421875
Memory cached:  6.0
	 epoch  90 training error:  tensor(1., device='cuda:0', grad_fn=<DivBackward0>)
Memory status after this epoch: 
Memory allocated:  4.5732421875
Memory cached:  6.0
