[I 2023-11-04 06:13:40,445] Trial 30 finished with value: 0.04105869680643082 and parameters: {'W_layers': 5, 'W_layer_units_exponent_0': 5, 'W_layer_units_exponent_1': 8, 'W_layer_units_exponent_2': 4, 'W_layer_units_exponent_3': 8, 'W_layer_units_exponent_4': 10, 'D_layers': 4, 'D_layer_units_exponent_0': 7, 'D_layer_units_exponent_1': 10, 'D_layer_units_exponent_2': 8, 'D_layer_units_exponent_3': 7, 'log_learning_rate': -3.8143656499041443, 'log_learning_rate_D': -4.149595730715958, 'training_batch_size': 7, 'training_p': 7}. Best is trial 23 with value: 0.03218543529510498.
Time for this trial:  146.5739266872406
Memory status after this trial: 
Memory allocated:  172.158203125
Memory cached:  178.0
--------------------  Trial  31   --------------------
Start timing: 
Parameters: 
{'W_layers': 4, 'W_layer_units_exponent_0': 8, 'W_layer_units_exponent_1': 4, 'W_layer_units_exponent_2': 7, 'W_layer_units_exponent_3': 7, 'D_layers': 6, 'D_layer_units_exponent_0': 9, 'D_layer_units_exponent_1': 8, 'D_layer_units_exponent_2': 10, 'D_layer_units_exponent_3': 5, 'D_layer_units_exponent_4': 8, 'D_layer_units_exponent_5': 7, 'log_learning_rate': -2.913096112678308, 'log_learning_rate_D': -3.9774923712351695, 'training_batch_size': 9, 'training_p': 8}
	 epoch  0 training error:  tensor(0.9729, device='cuda:0', grad_fn=<DivBackward0>)
Memory status after this epoch: 
Memory allocated:  7.6552734375
Memory cached:  16.0
	 epoch  10 training error:  tensor(0.1487, device='cuda:0', grad_fn=<DivBackward0>)
Memory status after this epoch: 
Memory allocated:  7.6552734375
Memory cached:  22.0
	 epoch  20 training error:  tensor(0.0705, device='cuda:0', grad_fn=<DivBackward0>)
Memory status after this epoch: 
Memory allocated:  7.6552734375
Memory cached:  22.0
	 epoch  30 training error:  tensor(0.0585, device='cuda:0', grad_fn=<DivBackward0>)
Memory status after this epoch: 
Memory allocated:  7.6552734375
Memory cached:  22.0
	 epoch  40 training error:  tensor(0.0675, device='cuda:0', grad_fn=<DivBackward0>)
Memory status after this epoch: 
Memory allocated:  7.6552734375
Memory cached:  22.0
	 epoch  50 training error:  tensor(0.0531, device='cuda:0', grad_fn=<DivBackward0>)
Memory status after this epoch: 
Memory allocated:  7.6552734375
Memory cached:  22.0
	 epoch  60 training error:  tensor(0.0548, device='cuda:0', grad_fn=<DivBackward0>)
Memory status after this epoch: 
Memory allocated:  7.6552734375
Memory cached:  22.0
	 epoch  70 training error:  tensor(0.0519, device='cuda:0', grad_fn=<DivBackward0>)
Memory status after this epoch: 
Memory allocated:  7.6552734375
Memory cached:  22.0
	 epoch  80 training error:  tensor(0.0526, device='cuda:0', grad_fn=<DivBackward0>)
Memory status after this epoch: 
Memory allocated:  7.6552734375
Memory cached:  22.0
	 epoch  90 training error:  tensor(0.0476, device='cuda:0', grad_fn=<DivBackward0>)
Memory status after this epoch: 
Memory allocated:  7.6552734375
Memory cached:  22.0
[I 2023-11-04 06:16:11,470] Trial 31 finished with value: 0.04188397154211998 and parameters: {'W_layers': 4, 'W_layer_units_exponent_0': 8, 'W_layer_units_exponent_1': 4, 'W_layer_units_exponent_2': 7, 'W_layer_units_exponent_3': 7, 'D_layers': 6, 'D_layer_units_exponent_0': 9, 'D_layer_units_exponent_1': 8, 'D_layer_units_exponent_2': 10, 'D_layer_units_exponent_3': 5, 'D_layer_units_exponent_4': 8, 'D_layer_units_exponent_5': 7, 'log_learning_rate': -2.913096112678308, 'log_learning_rate_D': -3.9774923712351695, 'training_batch_size': 9, 'training_p': 8}. Best is trial 23 with value: 0.03218543529510498.
Time for this trial:  150.79233026504517
Memory status after this trial: 
Memory allocated:  149.67919921875
Memory cached:  154.0
--------------------  Trial  32   --------------------
Start timing: 
Parameters: 
{'W_layers': 5, 'W_layer_units_exponent_0': 9, 'W_layer_units_exponent_1': 5, 'W_layer_units_exponent_2': 6, 'W_layer_units_exponent_3': 7, 'W_layer_units_exponent_4': 8, 'D_layers': 4, 'D_layer_units_exponent_0': 7, 'D_layer_units_exponent_1': 9, 'D_layer_units_exponent_2': 9, 'D_layer_units_exponent_3': 6, 'log_learning_rate': -3.5632706239892196, 'log_learning_rate_D': -3.12184170685392, 'training_batch_size': 10, 'training_p': 7}
	 epoch  0 training error:  tensor(1.0076, device='cuda:0', grad_fn=<DivBackward0>)
Memory status after this epoch: 
Memory allocated:  6.5751953125
Memory cached:  16.0
	 epoch  10 training error:  tensor(0.2460, device='cuda:0', grad_fn=<DivBackward0>)
Memory status after this epoch: 
Memory allocated:  6.5751953125
Memory cached:  20.0
	 epoch  20 training error:  tensor(0.0686, device='cuda:0', grad_fn=<DivBackward0>)
Memory status after this epoch: 
Memory allocated:  6.5751953125
Memory cached:  20.0
	 epoch  30 training error:  tensor(0.0541, device='cuda:0', grad_fn=<DivBackward0>)
Memory status after this epoch: 
Memory allocated:  6.5751953125
Memory cached:  20.0
	 epoch  40 training error:  tensor(0.0506, device='cuda:0', grad_fn=<DivBackward0>)
Memory status after this epoch: 
Memory allocated:  6.5751953125
Memory cached:  20.0
	 epoch  50 training error:  tensor(0.0470, device='cuda:0', grad_fn=<DivBackward0>)
Memory status after this epoch: 
Memory allocated:  6.5751953125
Memory cached:  20.0
	 epoch  60 training error:  tensor(0.0461, device='cuda:0', grad_fn=<DivBackward0>)
Memory status after this epoch: 
Memory allocated:  6.5751953125
Memory cached:  20.0
	 epoch  70 training error:  tensor(0.0455, device='cuda:0', grad_fn=<DivBackward0>)
Memory status after this epoch: 
Memory allocated:  6.5751953125
Memory cached:  20.0
	 epoch  80 training error:  tensor(0.0435, device='cuda:0', grad_fn=<DivBackward0>)
Memory status after this epoch: 
Memory allocated:  6.5751953125
Memory cached:  20.0
	 epoch  90 training error:  tensor(0.0467, device='cuda:0', grad_fn=<DivBackward0>)
Memory status after this epoch: 
Memory allocated:  6.5751953125
Memory cached:  20.0
[I 2023-11-04 06:18:32,390] Trial 32 finished with value: 0.0375799685716629 and parameters: {'W_layers': 5, 'W_layer_units_exponent_0': 9, 'W_layer_units_exponent_1': 5, 'W_layer_units_exponent_2': 6, 'W_layer_units_exponent_3': 7, 'W_layer_units_exponent_4': 8, 'D_layers': 4, 'D_layer_units_exponent_0': 7, 'D_layer_units_exponent_1': 9, 'D_layer_units_exponent_2': 9, 'D_layer_units_exponent_3': 6, 'log_learning_rate': -3.5632706239892196, 'log_learning_rate_D': -3.12184170685392, 'training_batch_size': 10, 'training_p': 7}. Best is trial 23 with value: 0.03218543529510498.
Time for this trial:  140.70356702804565
Memory status after this trial: 
Memory allocated:  121.2998046875
Memory cached:  126.0
--------------------  Trial  33   --------------------
Start timing: 
Parameters: 
{'W_layers': 5, 'W_layer_units_exponent_0': 9, 'W_layer_units_exponent_1': 5, 'W_layer_units_exponent_2': 6, 'W_layer_units_exponent_3': 7, 'W_layer_units_exponent_4': 9, 'D_layers': 3, 'D_layer_units_exponent_0': 6, 'D_layer_units_exponent_1': 9, 'D_layer_units_exponent_2': 9, 'log_learning_rate': -3.5044462848794993, 'log_learning_rate_D': -3.0537068762204336, 'training_batch_size': 11, 'training_p': 7}
	 epoch  0 training error:  tensor(0.8553, device='cuda:0', grad_fn=<DivBackward0>)
Memory status after this epoch: 
Memory allocated:  6.0791015625
Memory cached:  14.0
	 epoch  10 training error:  tensor(0.1407, device='cuda:0', grad_fn=<DivBackward0>)
Memory status after this epoch: 
Memory allocated:  6.0791015625
Memory cached:  18.0
	 epoch  20 training error:  tensor(0.0707, device='cuda:0', grad_fn=<DivBackward0>)
Memory status after this epoch: 
Memory allocated:  6.0791015625
Memory cached:  18.0
	 epoch  30 training error:  tensor(0.0691, device='cuda:0', grad_fn=<DivBackward0>)
Memory status after this epoch: 
Memory allocated:  6.0791015625
Memory cached:  18.0
	 epoch  40 training error:  tensor(0.0597, device='cuda:0', grad_fn=<DivBackward0>)
Memory status after this epoch: 
Memory allocated:  6.0791015625
Memory cached:  18.0
	 epoch  50 training error:  tensor(0.0535, device='cuda:0', grad_fn=<DivBackward0>)
Memory status after this epoch: 
Memory allocated:  6.0791015625
Memory cached:  18.0
	 epoch  60 training error:  tensor(0.0485, device='cuda:0', grad_fn=<DivBackward0>)
Memory status after this epoch: 
Memory allocated:  6.0791015625
Memory cached:  18.0
	 epoch  70 training error:  tensor(0.0460, device='cuda:0', grad_fn=<DivBackward0>)
Memory status after this epoch: 
Memory allocated:  6.0791015625
Memory cached:  18.0
	 epoch  80 training error:  tensor(0.0415, device='cuda:0', grad_fn=<DivBackward0>)
Memory status after this epoch: 
Memory allocated:  6.0791015625
Memory cached:  18.0
	 epoch  90 training error:  tensor(0.0519, device='cuda:0', grad_fn=<DivBackward0>)
Memory status after this epoch: 
Memory allocated:  6.0791015625
Memory cached:  18.0
[I 2023-11-04 06:20:46,116] Trial 33 finished with value: 0.0394580252468586 and parameters: {'W_layers': 5, 'W_layer_units_exponent_0': 9, 'W_layer_units_exponent_1': 5, 'W_layer_units_exponent_2': 6, 'W_layer_units_exponent_3': 7, 'W_layer_units_exponent_4': 9, 'D_layers': 3, 'D_layer_units_exponent_0': 6, 'D_layer_units_exponent_1': 9, 'D_layer_units_exponent_2': 9, 'log_learning_rate': -3.5044462848794993, 'log_learning_rate_D': -3.0537068762204336, 'training_batch_size': 11, 'training_p': 7}. Best is trial 23 with value: 0.03218543529510498.
Time for this trial:  133.5016167163849
Memory status after this trial: 
Memory allocated:  127.9560546875
Memory cached:  132.0
--------------------  Trial  34   --------------------
Start timing: 
Parameters: 
{'W_layers': 6, 'W_layer_units_exponent_0': 9, 'W_layer_units_exponent_1': 5, 'W_layer_units_exponent_2': 6, 'W_layer_units_exponent_3': 6, 'W_layer_units_exponent_4': 8, 'W_layer_units_exponent_5': 7, 'D_layers': 5, 'D_layer_units_exponent_0': 7, 'D_layer_units_exponent_1': 7, 'D_layer_units_exponent_2': 10, 'D_layer_units_exponent_3': 7, 'D_layer_units_exponent_4': 7, 'log_learning_rate': -3.2294505355067993, 'log_learning_rate_D': -3.529510203650834, 'training_batch_size': 10, 'training_p': 6}
	 epoch  0 training error:  tensor(0.9610, device='cuda:0', grad_fn=<DivBackward0>)
Memory status after this epoch: 
Memory allocated:  5.7666015625
Memory cached:  18.0
	 epoch  10 training error:  tensor(0.1609, device='cuda:0', grad_fn=<DivBackward0>)
Memory status after this epoch: 
Memory allocated:  5.7666015625
Memory cached:  18.0
	 epoch  20 training error:  tensor(0.0634, device='cuda:0', grad_fn=<DivBackward0>)
Memory status after this epoch: 
Memory allocated:  5.7666015625
Memory cached:  18.0
	 epoch  30 training error:  tensor(0.0513, device='cuda:0', grad_fn=<DivBackward0>)
Memory status after this epoch: 
Memory allocated:  5.7666015625
Memory cached:  18.0
	 epoch  40 training error:  tensor(0.0486, device='cuda:0', grad_fn=<DivBackward0>)
Memory status after this epoch: 
Memory allocated:  5.7666015625
Memory cached:  18.0
	 epoch  50 training error:  tensor(0.0512, device='cuda:0', grad_fn=<DivBackward0>)
Memory status after this epoch: 
Memory allocated:  5.7666015625
Memory cached:  18.0
	 epoch  60 training error:  tensor(0.0437, device='cuda:0', grad_fn=<DivBackward0>)
Memory status after this epoch: 
Memory allocated:  5.7666015625
Memory cached:  18.0
	 epoch  70 training error:  tensor(0.0427, device='cuda:0', grad_fn=<DivBackward0>)
Memory status after this epoch: 
Memory allocated:  5.7666015625
Memory cached:  18.0
	 epoch  80 training error:  tensor(0.0394, device='cuda:0', grad_fn=<DivBackward0>)
Memory status after this epoch: 
Memory allocated:  5.7666015625
Memory cached:  18.0
	 epoch  90 training error:  tensor(0.0370, device='cuda:0', grad_fn=<DivBackward0>)
Memory status after this epoch: 
Memory allocated:  5.7666015625
Memory cached:  18.0
[I 2023-11-04 06:23:22,962] Trial 34 finished with value: 0.03903067857027054 and parameters: {'W_layers': 6, 'W_layer_units_exponent_0': 9, 'W_layer_units_exponent_1': 5, 'W_layer_units_exponent_2': 6, 'W_layer_units_exponent_3': 6, 'W_layer_units_exponent_4': 8, 'W_layer_units_exponent_5': 7, 'D_layers': 5, 'D_layer_units_exponent_0': 7, 'D_layer_units_exponent_1': 7, 'D_layer_units_exponent_2': 10, 'D_layer_units_exponent_3': 7, 'D_layer_units_exponent_4': 7, 'log_learning_rate': -3.2294505355067993, 'log_learning_rate_D': -3.529510203650834, 'training_batch_size': 10, 'training_p': 6}. Best is trial 23 with value: 0.03218543529510498.
Time for this trial:  156.6088171005249
Memory status after this trial: 
Memory allocated:  141.232421875
Memory cached:  146.0
--------------------  Trial  35   --------------------
Start timing: 
Parameters: 
{'W_layers': 5, 'W_layer_units_exponent_0': 10, 'W_layer_units_exponent_1': 6, 'W_layer_units_exponent_2': 5, 'W_layer_units_exponent_3': 8, 'W_layer_units_exponent_4': 10, 'D_layers': 4, 'D_layer_units_exponent_0': 7, 'D_layer_units_exponent_1': 9, 'D_layer_units_exponent_2': 8, 'D_layer_units_exponent_3': 6, 'log_learning_rate': -3.8582723111335704, 'log_learning_rate_D': -3.2632107576587757, 'training_batch_size': 12, 'training_p': 5}
	 epoch  0 training error:  tensor(0.9419, device='cuda:0', grad_fn=<DivBackward0>)
Memory status after this epoch: 
Memory allocated:  8.6748046875
Memory cached:  14.0
	 epoch  10 training error:  tensor(0.2474, device='cuda:0', grad_fn=<DivBackward0>)
Memory status after this epoch: 
Memory allocated:  8.6748046875
Memory cached:  18.0
	 epoch  20 training error:  tensor(0.0964, device='cuda:0', grad_fn=<DivBackward0>)
Memory status after this epoch: 
Memory allocated:  8.6748046875
Memory cached:  16.0
	 epoch  30 training error:  tensor(0.0782, device='cuda:0', grad_fn=<DivBackward0>)
Memory status after this epoch: 
Memory allocated:  8.6748046875
Memory cached:  18.0
	 epoch  40 training error:  tensor(0.0488, device='cuda:0', grad_fn=<DivBackward0>)
Memory status after this epoch: 
Memory allocated:  8.6748046875
Memory cached:  16.0
	 epoch  50 training error:  tensor(0.0461, device='cuda:0', grad_fn=<DivBackward0>)
Memory status after this epoch: 
Memory allocated:  8.6748046875
Memory cached:  18.0
	 epoch  60 training error:  tensor(0.0459, device='cuda:0', grad_fn=<DivBackward0>)
Memory status after this epoch: 
Memory allocated:  8.6748046875
Memory cached:  16.0
	 epoch  70 training error:  tensor(0.0436, device='cuda:0', grad_fn=<DivBackward0>)
Memory status after this epoch: 
Memory allocated:  8.6748046875
Memory cached:  18.0
	 epoch  80 training error:  tensor(0.0421, device='cuda:0', grad_fn=<DivBackward0>)
Memory status after this epoch: 
Memory allocated:  8.6748046875
Memory cached:  16.0
	 epoch  90 training error:  tensor(0.0413, device='cuda:0', grad_fn=<DivBackward0>)
Memory status after this epoch: 
Memory allocated:  8.6748046875
Memory cached:  18.0
[I 2023-11-04 06:25:52,266] Trial 35 finished with value: 0.03645208105444908 and parameters: {'W_layers': 5, 'W_layer_units_exponent_0': 10, 'W_layer_units_exponent_1': 6, 'W_layer_units_exponent_2': 5, 'W_layer_units_exponent_3': 8, 'W_layer_units_exponent_4': 10, 'D_layers': 4, 'D_layer_units_exponent_0': 7, 'D_layer_units_exponent_1': 9, 'D_layer_units_exponent_2': 8, 'D_layer_units_exponent_3': 6, 'log_learning_rate': -3.8582723111335704, 'log_learning_rate_D': -3.2632107576587757, 'training_batch_size': 12, 'training_p': 5}. Best is trial 23 with value: 0.03218543529510498.
Time for this trial:  149.07458019256592
Memory status after this trial: 
Memory allocated:  184.009765625
Memory cached:  190.0
--------------------  Trial  36   --------------------
Start timing: 
Parameters: 
{'W_layers': 4, 'W_layer_units_exponent_0': 10, 'W_layer_units_exponent_1': 6, 'W_layer_units_exponent_2': 5, 'W_layer_units_exponent_3': 8, 'D_layers': 3, 'D_layer_units_exponent_0': 8, 'D_layer_units_exponent_1': 7, 'D_layer_units_exponent_2': 8, 'log_learning_rate': -3.892028318203156, 'log_learning_rate_D': -3.8626635488630447, 'training_batch_size': 12, 'training_p': 4}
	 epoch  0 training error:  tensor(0.8485, device='cuda:0', grad_fn=<DivBackward0>)
Memory status after this epoch: 
Memory allocated:  2.4091796875
Memory cached:  10.0
	 epoch  10 training error:  tensor(0.2538, device='cuda:0', grad_fn=<DivBackward0>)
Memory status after this epoch: 
Memory allocated:  2.4091796875
Memory cached:  18.0
	 epoch  20 training error:  tensor(0.0908, device='cuda:0', grad_fn=<DivBackward0>)
Memory status after this epoch: 
Memory allocated:  2.4091796875
Memory cached:  14.0
	 epoch  30 training error:  tensor(0.0913, device='cuda:0', grad_fn=<DivBackward0>)
Memory status after this epoch: 
Memory allocated:  2.4091796875
Memory cached:  14.0
	 epoch  40 training error:  tensor(0.0665, device='cuda:0', grad_fn=<DivBackward0>)
Memory status after this epoch: 
Memory allocated:  2.4091796875
Memory cached:  14.0
	 epoch  50 training error:  tensor(0.0534, device='cuda:0', grad_fn=<DivBackward0>)
Memory status after this epoch: 
Memory allocated:  2.4091796875
Memory cached:  14.0
	 epoch  60 training error:  tensor(0.0469, device='cuda:0', grad_fn=<DivBackward0>)
Memory status after this epoch: 
Memory allocated:  2.4091796875
Memory cached:  14.0
	 epoch  70 training error:  tensor(0.0414, device='cuda:0', grad_fn=<DivBackward0>)
Memory status after this epoch: 
Memory allocated:  2.4091796875
Memory cached:  14.0
	 epoch  80 training error:  tensor(0.0385, device='cuda:0', grad_fn=<DivBackward0>)
Memory status after this epoch: 
Memory allocated:  2.4091796875
Memory cached:  14.0
	 epoch  90 training error:  tensor(0.0368, device='cuda:0', grad_fn=<DivBackward0>)
Memory status after this epoch: 
Memory allocated:  2.4091796875
Memory cached:  14.0
[I 2023-11-04 06:27:56,698] Trial 36 finished with value: 0.03484192118048668 and parameters: {'W_layers': 4, 'W_layer_units_exponent_0': 10, 'W_layer_units_exponent_1': 6, 'W_layer_units_exponent_2': 5, 'W_layer_units_exponent_3': 8, 'D_layers': 3, 'D_layer_units_exponent_0': 8, 'D_layer_units_exponent_1': 7, 'D_layer_units_exponent_2': 8, 'log_learning_rate': -3.892028318203156, 'log_learning_rate_D': -3.8626635488630447, 'training_batch_size': 12, 'training_p': 4}. Best is trial 23 with value: 0.03218543529510498.
Time for this trial:  124.20563673973083
Memory status after this trial: 
Memory allocated:  109.2705078125
Memory cached:  112.0
--------------------  Trial  37   --------------------
Start timing: 
Parameters: 
{'W_layers': 3, 'W_layer_units_exponent_0': 10, 'W_layer_units_exponent_1': 6, 'W_layer_units_exponent_2': 4, 'D_layers': 3, 'D_layer_units_exponent_0': 10, 'D_layer_units_exponent_1': 7, 'D_layer_units_exponent_2': 7, 'log_learning_rate': -4.284814705070875, 'log_learning_rate_D': -3.9286316237469086, 'training_batch_size': 12, 'training_p': 4}
	 epoch  0 training error:  tensor(1.0803, device='cuda:0', grad_fn=<DivBackward0>)
Memory status after this epoch: 
Memory allocated:  3.6142578125
Memory cached:  10.0
	 epoch  10 training error:  tensor(0.3397, device='cuda:0', grad_fn=<DivBackward0>)
Memory status after this epoch: 
Memory allocated:  3.6142578125
Memory cached:  14.0
	 epoch  20 training error:  tensor(0.2093, device='cuda:0', grad_fn=<DivBackward0>)
Memory status after this epoch: 
Memory allocated:  3.6142578125
Memory cached:  16.0
	 epoch  30 training error:  tensor(0.1298, device='cuda:0', grad_fn=<DivBackward0>)
Memory status after this epoch: 
Memory allocated:  3.6142578125
Memory cached:  16.0
	 epoch  40 training error:  tensor(0.0718, device='cuda:0', grad_fn=<DivBackward0>)
Memory status after this epoch: 
Memory allocated:  3.6142578125
Memory cached:  16.0
	 epoch  50 training error:  tensor(0.0591, device='cuda:0', grad_fn=<DivBackward0>)
Memory status after this epoch: 
Memory allocated:  3.6142578125
Memory cached:  14.0
	 epoch  60 training error:  tensor(0.0521, device='cuda:0', grad_fn=<DivBackward0>)
Memory status after this epoch: 
Memory allocated:  3.6142578125
Memory cached:  16.0
	 epoch  70 training error:  tensor(0.0487, device='cuda:0', grad_fn=<DivBackward0>)
Memory status after this epoch: 
Memory allocated:  3.6142578125
Memory cached:  16.0
	 epoch  80 training error:  tensor(0.0474, device='cuda:0', grad_fn=<DivBackward0>)
Memory status after this epoch: 
Memory allocated:  3.6142578125
Memory cached:  14.0
	 epoch  90 training error:  tensor(0.0466, device='cuda:0', grad_fn=<DivBackward0>)
Memory status after this epoch: 
Memory allocated:  3.6142578125
Memory cached:  16.0
