[I 2023-10-30 12:00:39,547] Trial 34 finished with value: 0.23687076568603516 and parameters: {'W_layers': 3, 'W_layer_units_exponent_0': 7, 'W_layer_units_exponent_1': 5, 'W_layer_units_exponent_2': 9, 'D_layers': 5, 'D_layer_units_exponent_0': 7, 'D_layer_units_exponent_1': 7, 'D_layer_units_exponent_2': 9, 'D_layer_units_exponent_3': 5, 'D_layer_units_exponent_4': 9, 'log_learning_rate': -2.041843134730269, 'log_learning_rate_D': -2.4921279631730457, 'training_batch_size': 7, 'training_p': 7}. Best is trial 23 with value: 0.23587961494922638.
Time for this trial:  127.3162133693695
Memory status after this trial: 
Memory allocated:  106.97509765625
Memory cached:  110.0
--------------------  Trial  35   --------------------
Start timing: 
Parameters: 
{'W_layers': 3, 'W_layer_units_exponent_0': 7, 'W_layer_units_exponent_1': 5, 'W_layer_units_exponent_2': 9, 'D_layers': 5, 'D_layer_units_exponent_0': 7, 'D_layer_units_exponent_1': 7, 'D_layer_units_exponent_2': 9, 'D_layer_units_exponent_3': 4, 'D_layer_units_exponent_4': 9, 'log_learning_rate': -2.096768822776765, 'log_learning_rate_D': -2.4307107615551184, 'training_batch_size': 7, 'training_p': 7}
	 epoch  0 training error:  tensor(0.9999, device='cuda:0', grad_fn=<DivBackward0>)
Memory status after this epoch: 
Memory allocated:  1.9033203125
Memory cached:  10.0
	 epoch  10 training error:  tensor(0.3484, device='cuda:0', grad_fn=<DivBackward0>)
Memory status after this epoch: 
Memory allocated:  1.9033203125
Memory cached:  14.0
	 epoch  20 training error:  tensor(0.2678, device='cuda:0', grad_fn=<DivBackward0>)
Memory status after this epoch: 
Memory allocated:  1.9033203125
Memory cached:  14.0
	 epoch  30 training error:  tensor(0.2575, device='cuda:0', grad_fn=<DivBackward0>)
Memory status after this epoch: 
Memory allocated:  1.9033203125
Memory cached:  14.0
	 epoch  40 training error:  tensor(0.2565, device='cuda:0', grad_fn=<DivBackward0>)
Memory status after this epoch: 
Memory allocated:  1.9033203125
Memory cached:  14.0
	 epoch  50 training error:  tensor(0.2564, device='cuda:0', grad_fn=<DivBackward0>)
Memory status after this epoch: 
Memory allocated:  1.9033203125
Memory cached:  14.0
	 epoch  60 training error:  tensor(0.2562, device='cuda:0', grad_fn=<DivBackward0>)
Memory status after this epoch: 
Memory allocated:  1.9033203125
Memory cached:  14.0
	 epoch  70 training error:  tensor(0.2562, device='cuda:0', grad_fn=<DivBackward0>)
Memory status after this epoch: 
Memory allocated:  1.9033203125
Memory cached:  14.0
	 epoch  80 training error:  tensor(0.2561, device='cuda:0', grad_fn=<DivBackward0>)
Memory status after this epoch: 
Memory allocated:  1.9033203125
Memory cached:  14.0
	 epoch  90 training error:  tensor(0.2561, device='cuda:0', grad_fn=<DivBackward0>)
Memory status after this epoch: 
Memory allocated:  1.9033203125
Memory cached:  14.0
[I 2023-10-30 12:02:47,659] Trial 35 finished with value: 0.23796764016151428 and parameters: {'W_layers': 3, 'W_layer_units_exponent_0': 7, 'W_layer_units_exponent_1': 5, 'W_layer_units_exponent_2': 9, 'D_layers': 5, 'D_layer_units_exponent_0': 7, 'D_layer_units_exponent_1': 7, 'D_layer_units_exponent_2': 9, 'D_layer_units_exponent_3': 4, 'D_layer_units_exponent_4': 9, 'log_learning_rate': -2.096768822776765, 'log_learning_rate_D': -2.4307107615551184, 'training_batch_size': 7, 'training_p': 7}. Best is trial 23 with value: 0.23587961494922638.
Time for this trial:  127.90842914581299
Memory status after this trial: 
Memory allocated:  106.17333984375
Memory cached:  108.0
--------------------  Trial  36   --------------------
Start timing: 
Parameters: 
{'W_layers': 2, 'W_layer_units_exponent_0': 6, 'W_layer_units_exponent_1': 4, 'D_layers': 5, 'D_layer_units_exponent_0': 7, 'D_layer_units_exponent_1': 7, 'D_layer_units_exponent_2': 7, 'D_layer_units_exponent_3': 5, 'D_layer_units_exponent_4': 8, 'log_learning_rate': -2.844041288971457, 'log_learning_rate_D': -2.6566002553618158, 'training_batch_size': 6, 'training_p': 6}
	 epoch  0 training error:  tensor(0.9903, device='cuda:0', grad_fn=<DivBackward0>)
Memory status after this epoch: 
Memory allocated:  0.7412109375
Memory cached:  8.0
	 epoch  10 training error:  tensor(0.5332, device='cuda:0', grad_fn=<DivBackward0>)
Memory status after this epoch: 
Memory allocated:  0.7412109375
Memory cached:  8.0
	 epoch  20 training error:  tensor(0.2914, device='cuda:0', grad_fn=<DivBackward0>)
Memory status after this epoch: 
Memory allocated:  0.7412109375
Memory cached:  8.0
	 epoch  30 training error:  tensor(0.2568, device='cuda:0', grad_fn=<DivBackward0>)
Memory status after this epoch: 
Memory allocated:  0.7412109375
Memory cached:  8.0
	 epoch  40 training error:  tensor(0.2548, device='cuda:0', grad_fn=<DivBackward0>)
Memory status after this epoch: 
Memory allocated:  0.7412109375
Memory cached:  8.0
	 epoch  50 training error:  tensor(0.2552, device='cuda:0', grad_fn=<DivBackward0>)
Memory status after this epoch: 
Memory allocated:  0.7412109375
Memory cached:  8.0
	 epoch  60 training error:  tensor(0.2551, device='cuda:0', grad_fn=<DivBackward0>)
Memory status after this epoch: 
Memory allocated:  0.7412109375
Memory cached:  8.0
	 epoch  70 training error:  tensor(0.2568, device='cuda:0', grad_fn=<DivBackward0>)
Memory status after this epoch: 
Memory allocated:  0.7412109375
Memory cached:  8.0
	 epoch  80 training error:  tensor(0.2547, device='cuda:0', grad_fn=<DivBackward0>)
Memory status after this epoch: 
Memory allocated:  0.7412109375
Memory cached:  8.0
	 epoch  90 training error:  tensor(0.2559, device='cuda:0', grad_fn=<DivBackward0>)
Memory status after this epoch: 
Memory allocated:  0.7412109375
Memory cached:  8.0
[I 2023-10-30 12:06:10,956] Trial 36 finished with value: 0.23813901841640472 and parameters: {'W_layers': 2, 'W_layer_units_exponent_0': 6, 'W_layer_units_exponent_1': 4, 'D_layers': 5, 'D_layer_units_exponent_0': 7, 'D_layer_units_exponent_1': 7, 'D_layer_units_exponent_2': 7, 'D_layer_units_exponent_3': 5, 'D_layer_units_exponent_4': 8, 'log_learning_rate': -2.844041288971457, 'log_learning_rate_D': -2.6566002553618158, 'training_batch_size': 6, 'training_p': 6}. Best is trial 23 with value: 0.23587961494922638.
Time for this trial:  203.09575629234314
Memory status after this trial: 
Memory allocated:  40.99853515625
Memory cached:  42.0
--------------------  Trial  37   --------------------
Start timing: 
Parameters: 
{'W_layers': 3, 'W_layer_units_exponent_0': 8, 'W_layer_units_exponent_1': 5, 'W_layer_units_exponent_2': 9, 'D_layers': 4, 'D_layer_units_exponent_0': 8, 'D_layer_units_exponent_1': 8, 'D_layer_units_exponent_2': 8, 'D_layer_units_exponent_3': 8, 'log_learning_rate': -1.9322976471353435, 'log_learning_rate_D': -1.9065075226678045, 'training_batch_size': 7, 'training_p': 7}
	 epoch  0 training error:  tensor(0.9998, device='cuda:0', grad_fn=<DivBackward0>)
Memory status after this epoch: 
Memory allocated:  3.4638671875
Memory cached:  12.0
[W 2023-10-30 12:06:17,973] Trial 37 failed with parameters: {'W_layers': 3, 'W_layer_units_exponent_0': 8, 'W_layer_units_exponent_1': 5, 'W_layer_units_exponent_2': 9, 'D_layers': 4, 'D_layer_units_exponent_0': 8, 'D_layer_units_exponent_1': 8, 'D_layer_units_exponent_2': 8, 'D_layer_units_exponent_3': 8, 'log_learning_rate': -1.9322976471353435, 'log_learning_rate_D': -1.9065075226678045, 'training_batch_size': 7, 'training_p': 7} because of the following error: The value nan is not acceptable.
[W 2023-10-30 12:06:17,974] Trial 37 failed with value tensor(nan, device='cuda:0', grad_fn=<DivBackward0>).
Time for this trial:  6.827041149139404
Memory status after this trial: 
Memory allocated:  99.2392578125
Memory cached:  102.0
--------------------  Trial  38   --------------------
Start timing: 
Parameters: 
{'W_layers': 3, 'W_layer_units_exponent_0': 8, 'W_layer_units_exponent_1': 5, 'W_layer_units_exponent_2': 9, 'D_layers': 4, 'D_layer_units_exponent_0': 6, 'D_layer_units_exponent_1': 8, 'D_layer_units_exponent_2': 8, 'D_layer_units_exponent_3': 8, 'log_learning_rate': -2.0261275456220216, 'log_learning_rate_D': -1.872509569712352, 'training_batch_size': 7, 'training_p': 7}
	 epoch  0 training error:  tensor(1.0001, device='cuda:0', grad_fn=<DivBackward0>)
Memory status after this epoch: 
Memory allocated:  2.7099609375
Memory cached:  12.0
	 epoch  10 training error:  tensor(0.3093, device='cuda:0', grad_fn=<DivBackward0>)
Memory status after this epoch: 
Memory allocated:  2.7099609375
Memory cached:  16.0
	 epoch  20 training error:  tensor(0.2562, device='cuda:0', grad_fn=<DivBackward0>)
Memory status after this epoch: 
Memory allocated:  2.7099609375
Memory cached:  12.0
	 epoch  30 training error:  tensor(0.2563, device='cuda:0', grad_fn=<DivBackward0>)
Memory status after this epoch: 
Memory allocated:  2.7099609375
Memory cached:  14.0
	 epoch  40 training error:  tensor(0.2562, device='cuda:0', grad_fn=<DivBackward0>)
Memory status after this epoch: 
Memory allocated:  2.7099609375
Memory cached:  14.0
	 epoch  50 training error:  tensor(0.2571, device='cuda:0', grad_fn=<DivBackward0>)
Memory status after this epoch: 
Memory allocated:  2.7099609375
Memory cached:  14.0
	 epoch  60 training error:  tensor(0.2568, device='cuda:0', grad_fn=<DivBackward0>)
Memory status after this epoch: 
Memory allocated:  2.7099609375
Memory cached:  14.0
	 epoch  70 training error:  tensor(0.2563, device='cuda:0', grad_fn=<DivBackward0>)
Memory status after this epoch: 
Memory allocated:  2.7099609375
Memory cached:  14.0
	 epoch  80 training error:  tensor(0.2562, device='cuda:0', grad_fn=<DivBackward0>)
Memory status after this epoch: 
Memory allocated:  2.7099609375
Memory cached:  14.0
	 epoch  90 training error:  tensor(0.2563, device='cuda:0', grad_fn=<DivBackward0>)
Memory status after this epoch: 
Memory allocated:  2.7099609375
Memory cached:  14.0
[I 2023-10-30 12:08:19,952] Trial 38 finished with value: 0.237111434340477 and parameters: {'W_layers': 3, 'W_layer_units_exponent_0': 8, 'W_layer_units_exponent_1': 5, 'W_layer_units_exponent_2': 9, 'D_layers': 4, 'D_layer_units_exponent_0': 6, 'D_layer_units_exponent_1': 8, 'D_layer_units_exponent_2': 8, 'D_layer_units_exponent_3': 8, 'log_learning_rate': -2.0261275456220216, 'log_learning_rate_D': -1.872509569712352, 'training_batch_size': 7, 'training_p': 7}. Best is trial 23 with value: 0.23587961494922638.
Time for this trial:  121.77085757255554
Memory status after this trial: 
Memory allocated:  88.7109375
Memory cached:  92.0
--------------------  Trial  39   --------------------
Start timing: 
Parameters: 
{'W_layers': 2, 'W_layer_units_exponent_0': 7, 'W_layer_units_exponent_1': 7, 'D_layers': 4, 'D_layer_units_exponent_0': 8, 'D_layer_units_exponent_1': 6, 'D_layer_units_exponent_2': 9, 'D_layer_units_exponent_3': 6, 'log_learning_rate': -2.545481979266034, 'log_learning_rate_D': -2.6392331714804302, 'training_batch_size': 6, 'training_p': 5}
	 epoch  0 training error:  tensor(1.0010, device='cuda:0', grad_fn=<DivBackward0>)
Memory status after this epoch: 
Memory allocated:  1.5439453125
Memory cached:  8.0
	 epoch  10 training error:  tensor(0.3183, device='cuda:0', grad_fn=<DivBackward0>)
Memory status after this epoch: 
Memory allocated:  1.5439453125
Memory cached:  8.0
	 epoch  20 training error:  tensor(0.2584, device='cuda:0', grad_fn=<DivBackward0>)
Memory status after this epoch: 
Memory allocated:  1.5439453125
Memory cached:  8.0
	 epoch  30 training error:  tensor(0.2527, device='cuda:0', grad_fn=<DivBackward0>)
Memory status after this epoch: 
Memory allocated:  1.5439453125
Memory cached:  8.0
	 epoch  40 training error:  tensor(0.2527, device='cuda:0', grad_fn=<DivBackward0>)
Memory status after this epoch: 
Memory allocated:  1.5439453125
Memory cached:  8.0
	 epoch  50 training error:  tensor(0.2533, device='cuda:0', grad_fn=<DivBackward0>)
Memory status after this epoch: 
Memory allocated:  1.5439453125
Memory cached:  8.0
	 epoch  60 training error:  tensor(0.2529, device='cuda:0', grad_fn=<DivBackward0>)
Memory status after this epoch: 
Memory allocated:  1.5439453125
Memory cached:  8.0
	 epoch  70 training error:  tensor(0.2529, device='cuda:0', grad_fn=<DivBackward0>)
Memory status after this epoch: 
Memory allocated:  1.5439453125
Memory cached:  8.0
	 epoch  80 training error:  tensor(0.2527, device='cuda:0', grad_fn=<DivBackward0>)
Memory status after this epoch: 
Memory allocated:  1.5439453125
Memory cached:  8.0
	 epoch  90 training error:  tensor(0.2528, device='cuda:0', grad_fn=<DivBackward0>)
Memory status after this epoch: 
Memory allocated:  1.5439453125
Memory cached:  8.0
[I 2023-10-30 12:11:32,718] Trial 39 finished with value: 0.23634877800941467 and parameters: {'W_layers': 2, 'W_layer_units_exponent_0': 7, 'W_layer_units_exponent_1': 7, 'D_layers': 4, 'D_layer_units_exponent_0': 8, 'D_layer_units_exponent_1': 6, 'D_layer_units_exponent_2': 9, 'D_layer_units_exponent_3': 6, 'log_learning_rate': -2.545481979266034, 'log_learning_rate_D': -2.6392331714804302, 'training_batch_size': 6, 'training_p': 5}. Best is trial 23 with value: 0.23587961494922638.
Time for this trial:  192.54340481758118
Memory status after this trial: 
Memory allocated:  62.4716796875
Memory cached:  64.0
--------------------  Trial  40   --------------------
Start timing: 
Parameters: 
{'W_layers': 2, 'W_layer_units_exponent_0': 7, 'W_layer_units_exponent_1': 7, 'D_layers': 4, 'D_layer_units_exponent_0': 9, 'D_layer_units_exponent_1': 5, 'D_layer_units_exponent_2': 7, 'D_layer_units_exponent_3': 6, 'log_learning_rate': -3.202384887398434, 'log_learning_rate_D': -3.153759016201313, 'training_batch_size': 6, 'training_p': 4}
	 epoch  0 training error:  tensor(0.9998, device='cuda:0', grad_fn=<DivBackward0>)
Memory status after this epoch: 
Memory allocated:  0.7333984375
Memory cached:  6.0
	 epoch  10 training error:  tensor(0.4114, device='cuda:0', grad_fn=<DivBackward0>)
Memory status after this epoch: 
Memory allocated:  0.7333984375
Memory cached:  6.0
	 epoch  20 training error:  tensor(0.9986, device='cuda:0', grad_fn=<DivBackward0>)
Memory status after this epoch: 
Memory allocated:  0.7333984375
Memory cached:  6.0
	 epoch  30 training error:  tensor(0.9986, device='cuda:0', grad_fn=<DivBackward0>)
Memory status after this epoch: 
Memory allocated:  0.7333984375
Memory cached:  6.0
	 epoch  40 training error:  tensor(0.9985, device='cuda:0', grad_fn=<DivBackward0>)
Memory status after this epoch: 
Memory allocated:  0.7333984375
Memory cached:  6.0
	 epoch  50 training error:  tensor(0.9985, device='cuda:0', grad_fn=<DivBackward0>)
Memory status after this epoch: 
Memory allocated:  0.7333984375
Memory cached:  6.0
	 epoch  60 training error:  tensor(0.9985, device='cuda:0', grad_fn=<DivBackward0>)
Memory status after this epoch: 
Memory allocated:  0.7333984375
Memory cached:  6.0
	 epoch  70 training error:  tensor(0.9985, device='cuda:0', grad_fn=<DivBackward0>)
Memory status after this epoch: 
Memory allocated:  0.7333984375
Memory cached:  6.0
	 epoch  80 training error:  tensor(0.9985, device='cuda:0', grad_fn=<DivBackward0>)
Memory status after this epoch: 
Memory allocated:  0.7333984375
Memory cached:  6.0
	 epoch  90 training error:  tensor(0.9985, device='cuda:0', grad_fn=<DivBackward0>)
Memory status after this epoch: 
Memory allocated:  0.7333984375
Memory cached:  6.0
[I 2023-10-30 12:14:44,357] Trial 40 finished with value: 0.9976921081542969 and parameters: {'W_layers': 2, 'W_layer_units_exponent_0': 7, 'W_layer_units_exponent_1': 7, 'D_layers': 4, 'D_layer_units_exponent_0': 9, 'D_layer_units_exponent_1': 5, 'D_layer_units_exponent_2': 7, 'D_layer_units_exponent_3': 6, 'log_learning_rate': -3.202384887398434, 'log_learning_rate_D': -3.153759016201313, 'training_batch_size': 6, 'training_p': 4}. Best is trial 23 with value: 0.23587961494922638.
Time for this trial:  191.4321870803833
Memory status after this trial: 
Memory allocated:  53.60693359375
Memory cached:  56.0
--------------------  Trial  41   --------------------
Start timing: 
Parameters: 
{'W_layers': 2, 'W_layer_units_exponent_0': 9, 'W_layer_units_exponent_1': 9, 'D_layers': 4, 'D_layer_units_exponent_0': 8, 'D_layer_units_exponent_1': 6, 'D_layer_units_exponent_2': 8, 'D_layer_units_exponent_3': 9, 'log_learning_rate': -2.5007558893618382, 'log_learning_rate_D': -2.0455505133826324, 'training_batch_size': 6, 'training_p': 5}
	 epoch  0 training error:  tensor(0.9430, device='cuda:0', grad_fn=<DivBackward0>)
Memory status after this epoch: 
Memory allocated:  6.5810546875
Memory cached:  14.0
	 epoch  10 training error:  tensor(0.4174, device='cuda:0', grad_fn=<DivBackward0>)
Memory status after this epoch: 
Memory allocated:  6.5810546875
Memory cached:  16.0
	 epoch  20 training error:  tensor(0.2668, device='cuda:0', grad_fn=<DivBackward0>)
Memory status after this epoch: 
Memory allocated:  6.5810546875
Memory cached:  16.0
	 epoch  30 training error:  tensor(0.2560, device='cuda:0', grad_fn=<DivBackward0>)
Memory status after this epoch: 
Memory allocated:  6.5810546875
Memory cached:  16.0
	 epoch  40 training error:  tensor(0.2532, device='cuda:0', grad_fn=<DivBackward0>)
Memory status after this epoch: 
Memory allocated:  6.5810546875
Memory cached:  16.0
	 epoch  50 training error:  tensor(0.2533, device='cuda:0', grad_fn=<DivBackward0>)
Memory status after this epoch: 
Memory allocated:  6.5810546875
Memory cached:  16.0
	 epoch  60 training error:  tensor(0.2534, device='cuda:0', grad_fn=<DivBackward0>)
Memory status after this epoch: 
Memory allocated:  6.5810546875
Memory cached:  16.0
	 epoch  70 training error:  tensor(0.2574, device='cuda:0', grad_fn=<DivBackward0>)
Memory status after this epoch: 
Memory allocated:  6.5810546875
Memory cached:  16.0
	 epoch  80 training error:  tensor(0.2525, device='cuda:0', grad_fn=<DivBackward0>)
Memory status after this epoch: 
Memory allocated:  6.5810546875
Memory cached:  16.0
	 epoch  90 training error:  tensor(0.2596, device='cuda:0', grad_fn=<DivBackward0>)
Memory status after this epoch: 
Memory allocated:  6.5810546875
Memory cached:  16.0
[I 2023-10-30 12:18:03,523] Trial 41 finished with value: 0.23588335514068604 and parameters: {'W_layers': 2, 'W_layer_units_exponent_0': 9, 'W_layer_units_exponent_1': 9, 'D_layers': 4, 'D_layer_units_exponent_0': 8, 'D_layer_units_exponent_1': 6, 'D_layer_units_exponent_2': 8, 'D_layer_units_exponent_3': 9, 'log_learning_rate': -2.5007558893618382, 'log_learning_rate_D': -2.0455505133826324, 'training_batch_size': 6, 'training_p': 5}. Best is trial 23 with value: 0.23587961494922638.
Time for this trial:  198.9576120376587
Memory status after this trial: 
Memory allocated:  116.1572265625
Memory cached:  120.0
--------------------  Trial  42   --------------------
Start timing: 
Parameters: 
{'W_layers': 2, 'W_layer_units_exponent_0': 6, 'W_layer_units_exponent_1': 9, 'D_layers': 3, 'D_layer_units_exponent_0': 8, 'D_layer_units_exponent_1': 6, 'D_layer_units_exponent_2': 10, 'log_learning_rate': -2.5086600871071805, 'log_learning_rate_D': -2.7835321345806623, 'training_batch_size': 6, 'training_p': 5}
	 epoch  0 training error:  tensor(0.9953, device='cuda:0', grad_fn=<DivBackward0>)
Memory status after this epoch: 
Memory allocated:  1.8232421875
Memory cached:  14.0
	 epoch  10 training error:  tensor(0.2694, device='cuda:0', grad_fn=<DivBackward0>)
Memory status after this epoch: 
Memory allocated:  1.8232421875
Memory cached:  14.0
	 epoch  20 training error:  tensor(0.2582, device='cuda:0', grad_fn=<DivBackward0>)
Memory status after this epoch: 
Memory allocated:  1.8232421875
Memory cached:  14.0
	 epoch  30 training error:  tensor(0.2536, device='cuda:0', grad_fn=<DivBackward0>)
Memory status after this epoch: 
Memory allocated:  1.8232421875
Memory cached:  14.0
	 epoch  40 training error:  tensor(0.2526, device='cuda:0', grad_fn=<DivBackward0>)
Memory status after this epoch: 
Memory allocated:  1.8232421875
Memory cached:  14.0
	 epoch  50 training error:  tensor(0.2530, device='cuda:0', grad_fn=<DivBackward0>)
Memory status after this epoch: 
Memory allocated:  1.8232421875
Memory cached:  14.0
	 epoch  60 training error:  tensor(0.2528, device='cuda:0', grad_fn=<DivBackward0>)
Memory status after this epoch: 
Memory allocated:  1.8232421875
Memory cached:  14.0
	 epoch  70 training error:  tensor(0.2529, device='cuda:0', grad_fn=<DivBackward0>)
Memory status after this epoch: 
Memory allocated:  1.8232421875
Memory cached:  14.0
	 epoch  80 training error:  tensor(0.2650, device='cuda:0', grad_fn=<DivBackward0>)
Memory status after this epoch: 
Memory allocated:  1.8232421875
Memory cached:  14.0
	 epoch  90 training error:  tensor(0.2550, device='cuda:0', grad_fn=<DivBackward0>)
Memory status after this epoch: 
Memory allocated:  1.8232421875
Memory cached:  14.0
