[I 2023-11-02 16:43:42,142] Trial 6 finished with value: 0.24668271839618683 and parameters: {'W_layers': 8, 'W_layer_units_exponent_0': 5, 'W_layer_units_exponent_1': 6, 'W_layer_units_exponent_2': 7, 'W_layer_units_exponent_3': 7, 'W_layer_units_exponent_4': 10, 'W_layer_units_exponent_5': 6, 'W_layer_units_exponent_6': 9, 'W_layer_units_exponent_7': 5, 'D_layers': 3, 'D_layer_units_exponent_0': 9, 'D_layer_units_exponent_1': 8, 'D_layer_units_exponent_2': 6, 'log_learning_rate': -4.553267588823152, 'log_learning_rate_D': -4.576771400464104, 'training_batch_size': 6, 'training_p': 5}. Best is trial 2 with value: 0.2464831918478012.
Time for this trial:  278.8306043148041
Memory status after this trial: 
Memory allocated:  154.427734375
Memory cached:  160.0
--------------------  Trial  7   --------------------
Start timing: 
Parameters: 
{'W_layers': 6, 'W_layer_units_exponent_0': 7, 'W_layer_units_exponent_1': 8, 'W_layer_units_exponent_2': 8, 'W_layer_units_exponent_3': 4, 'W_layer_units_exponent_4': 6, 'W_layer_units_exponent_5': 5, 'D_layers': 6, 'D_layer_units_exponent_0': 5, 'D_layer_units_exponent_1': 6, 'D_layer_units_exponent_2': 6, 'D_layer_units_exponent_3': 9, 'D_layer_units_exponent_4': 8, 'D_layer_units_exponent_5': 5, 'log_learning_rate': -2.6201735024753114, 'log_learning_rate_D': -1.9483105285904867, 'training_batch_size': 11, 'training_p': 7}
	 epoch  0 training error:  tensor(0.9998, device='cuda:0', grad_fn=<DivBackward0>)
Memory status after this epoch: 
Memory allocated:  4.501953125
Memory cached:  20.0
	 epoch  10 training error:  tensor(0.2577, device='cuda:0', grad_fn=<DivBackward0>)
Memory status after this epoch: 
Memory allocated:  4.501953125
Memory cached:  24.0
	 epoch  20 training error:  tensor(0.2543, device='cuda:0', grad_fn=<DivBackward0>)
Memory status after this epoch: 
Memory allocated:  4.501953125
Memory cached:  24.0
	 epoch  30 training error:  tensor(0.2544, device='cuda:0', grad_fn=<DivBackward0>)
Memory status after this epoch: 
Memory allocated:  4.501953125
Memory cached:  26.0
	 epoch  40 training error:  tensor(0.2544, device='cuda:0', grad_fn=<DivBackward0>)
Memory status after this epoch: 
Memory allocated:  4.501953125
Memory cached:  24.0
	 epoch  50 training error:  tensor(0.2543, device='cuda:0', grad_fn=<DivBackward0>)
Memory status after this epoch: 
Memory allocated:  4.501953125
Memory cached:  24.0
	 epoch  60 training error:  tensor(0.2543, device='cuda:0', grad_fn=<DivBackward0>)
Memory status after this epoch: 
Memory allocated:  4.501953125
Memory cached:  26.0
	 epoch  70 training error:  tensor(0.2543, device='cuda:0', grad_fn=<DivBackward0>)
Memory status after this epoch: 
Memory allocated:  4.501953125
Memory cached:  24.0
	 epoch  80 training error:  tensor(0.2544, device='cuda:0', grad_fn=<DivBackward0>)
Memory status after this epoch: 
Memory allocated:  4.501953125
Memory cached:  24.0
	 epoch  90 training error:  tensor(0.2545, device='cuda:0', grad_fn=<DivBackward0>)
Memory status after this epoch: 
Memory allocated:  4.501953125
Memory cached:  26.0
[I 2023-11-02 16:46:21,204] Trial 7 finished with value: 0.24504585564136505 and parameters: {'W_layers': 6, 'W_layer_units_exponent_0': 7, 'W_layer_units_exponent_1': 8, 'W_layer_units_exponent_2': 8, 'W_layer_units_exponent_3': 4, 'W_layer_units_exponent_4': 6, 'W_layer_units_exponent_5': 5, 'D_layers': 6, 'D_layer_units_exponent_0': 5, 'D_layer_units_exponent_1': 6, 'D_layer_units_exponent_2': 6, 'D_layer_units_exponent_3': 9, 'D_layer_units_exponent_4': 8, 'D_layer_units_exponent_5': 5, 'log_learning_rate': -2.6201735024753114, 'log_learning_rate_D': -1.9483105285904867, 'training_batch_size': 11, 'training_p': 7}. Best is trial 7 with value: 0.24504585564136505.
Time for this trial:  158.92574334144592
Memory status after this trial: 
Memory allocated:  94.4306640625
Memory cached:  98.0
--------------------  Trial  8   --------------------
Start timing: 
Parameters: 
{'W_layers': 8, 'W_layer_units_exponent_0': 10, 'W_layer_units_exponent_1': 7, 'W_layer_units_exponent_2': 6, 'W_layer_units_exponent_3': 6, 'W_layer_units_exponent_4': 6, 'W_layer_units_exponent_5': 8, 'W_layer_units_exponent_6': 4, 'W_layer_units_exponent_7': 10, 'D_layers': 2, 'D_layer_units_exponent_0': 8, 'D_layer_units_exponent_1': 9, 'log_learning_rate': -3.3184580427587766, 'log_learning_rate_D': -1.3874513256838448, 'training_batch_size': 8, 'training_p': 8}
	 epoch  0 training error:  tensor(0.9985, device='cuda:0', grad_fn=<DivBackward0>)
Memory status after this epoch: 
Memory allocated:  5.587890625
Memory cached:  22.0
	 epoch  10 training error:  tensor(0.2740, device='cuda:0', grad_fn=<DivBackward0>)
Memory status after this epoch: 
Memory allocated:  5.587890625
Memory cached:  32.0
	 epoch  20 training error:  tensor(0.3669, device='cuda:0', grad_fn=<DivBackward0>)
Memory status after this epoch: 
Memory allocated:  5.587890625
Memory cached:  32.0
	 epoch  30 training error:  tensor(0.2954, device='cuda:0', grad_fn=<DivBackward0>)
Memory status after this epoch: 
Memory allocated:  5.587890625
Memory cached:  32.0
	 epoch  40 training error:  tensor(0.2559, device='cuda:0', grad_fn=<DivBackward0>)
Memory status after this epoch: 
Memory allocated:  5.587890625
Memory cached:  30.0
	 epoch  50 training error:  tensor(0.2614, device='cuda:0', grad_fn=<DivBackward0>)
Memory status after this epoch: 
Memory allocated:  5.587890625
Memory cached:  34.0
	 epoch  60 training error:  tensor(0.2554, device='cuda:0', grad_fn=<DivBackward0>)
Memory status after this epoch: 
Memory allocated:  5.587890625
Memory cached:  34.0
	 epoch  70 training error:  tensor(0.2554, device='cuda:0', grad_fn=<DivBackward0>)
Memory status after this epoch: 
Memory allocated:  5.587890625
Memory cached:  34.0
	 epoch  80 training error:  tensor(0.2554, device='cuda:0', grad_fn=<DivBackward0>)
Memory status after this epoch: 
Memory allocated:  5.587890625
Memory cached:  32.0
	 epoch  90 training error:  tensor(0.2553, device='cuda:0', grad_fn=<DivBackward0>)
Memory status after this epoch: 
Memory allocated:  5.587890625
Memory cached:  34.0
[I 2023-11-02 16:48:57,289] Trial 8 finished with value: 0.24613909423351288 and parameters: {'W_layers': 8, 'W_layer_units_exponent_0': 10, 'W_layer_units_exponent_1': 7, 'W_layer_units_exponent_2': 6, 'W_layer_units_exponent_3': 6, 'W_layer_units_exponent_4': 6, 'W_layer_units_exponent_5': 8, 'W_layer_units_exponent_6': 4, 'W_layer_units_exponent_7': 10, 'D_layers': 2, 'D_layer_units_exponent_0': 8, 'D_layer_units_exponent_1': 9, 'log_learning_rate': -3.3184580427587766, 'log_learning_rate_D': -1.3874513256838448, 'training_batch_size': 8, 'training_p': 8}. Best is trial 7 with value: 0.24504585564136505.
Time for this trial:  155.94412899017334
Memory status after this trial: 
Memory allocated:  185.65234375
Memory cached:  190.0
--------------------  Trial  9   --------------------
Start timing: 
Parameters: 
{'W_layers': 3, 'W_layer_units_exponent_0': 4, 'W_layer_units_exponent_1': 8, 'W_layer_units_exponent_2': 6, 'D_layers': 3, 'D_layer_units_exponent_0': 10, 'D_layer_units_exponent_1': 9, 'D_layer_units_exponent_2': 5, 'log_learning_rate': -4.331244241582642, 'log_learning_rate_D': -2.493581407443177, 'training_batch_size': 6, 'training_p': 4}
	 epoch  0 training error:  tensor(0.9420, device='cuda:0', grad_fn=<DivBackward0>)
Memory status after this epoch: 
Memory allocated:  9.1396484375
Memory cached:  30.0
	 epoch  10 training error:  tensor(0.8265, device='cuda:0', grad_fn=<DivBackward0>)
Memory status after this epoch: 
Memory allocated:  9.1396484375
Memory cached:  30.0
	 epoch  20 training error:  tensor(0.7183, device='cuda:0', grad_fn=<DivBackward0>)
Memory status after this epoch: 
Memory allocated:  9.1396484375
Memory cached:  30.0
	 epoch  30 training error:  tensor(0.5990, device='cuda:0', grad_fn=<DivBackward0>)
Memory status after this epoch: 
Memory allocated:  9.1396484375
Memory cached:  30.0
	 epoch  40 training error:  tensor(0.4748, device='cuda:0', grad_fn=<DivBackward0>)
Memory status after this epoch: 
Memory allocated:  9.1396484375
Memory cached:  30.0
	 epoch  50 training error:  tensor(0.3496, device='cuda:0', grad_fn=<DivBackward0>)
Memory status after this epoch: 
Memory allocated:  9.1396484375
Memory cached:  30.0
	 epoch  60 training error:  tensor(0.2630, device='cuda:0', grad_fn=<DivBackward0>)
Memory status after this epoch: 
Memory allocated:  9.1396484375
Memory cached:  30.0
	 epoch  70 training error:  tensor(0.2512, device='cuda:0', grad_fn=<DivBackward0>)
Memory status after this epoch: 
Memory allocated:  9.1396484375
Memory cached:  30.0
	 epoch  80 training error:  tensor(0.2506, device='cuda:0', grad_fn=<DivBackward0>)
Memory status after this epoch: 
Memory allocated:  9.1396484375
Memory cached:  30.0
	 epoch  90 training error:  tensor(0.2502, device='cuda:0', grad_fn=<DivBackward0>)
Memory status after this epoch: 
Memory allocated:  9.1396484375
Memory cached:  30.0
[I 2023-11-02 16:52:13,420] Trial 9 finished with value: 0.24603906273841858 and parameters: {'W_layers': 3, 'W_layer_units_exponent_0': 4, 'W_layer_units_exponent_1': 8, 'W_layer_units_exponent_2': 6, 'D_layers': 3, 'D_layer_units_exponent_0': 10, 'D_layer_units_exponent_1': 9, 'D_layer_units_exponent_2': 5, 'log_learning_rate': -4.331244241582642, 'log_learning_rate_D': -2.493581407443177, 'training_batch_size': 6, 'training_p': 4}. Best is trial 7 with value: 0.24504585564136505.
Time for this trial:  195.9632806777954
Memory status after this trial: 
Memory allocated:  106.69091796875
Memory cached:  124.0
--------------------  Trial  10   --------------------
Start timing: 
Parameters: 
{'W_layers': 6, 'W_layer_units_exponent_0': 9, 'W_layer_units_exponent_1': 10, 'W_layer_units_exponent_2': 9, 'W_layer_units_exponent_3': 4, 'W_layer_units_exponent_4': 8, 'W_layer_units_exponent_5': 10, 'D_layers': 8, 'D_layer_units_exponent_0': 4, 'D_layer_units_exponent_1': 4, 'D_layer_units_exponent_2': 8, 'D_layer_units_exponent_3': 10, 'D_layer_units_exponent_4': 7, 'D_layer_units_exponent_5': 4, 'D_layer_units_exponent_6': 7, 'D_layer_units_exponent_7': 7, 'log_learning_rate': -2.4449330591163987, 'log_learning_rate_D': -1.118312241464678, 'training_batch_size': 12, 'training_p': 7}
	 epoch  0 training error:  tensor(1.0007, device='cuda:0', grad_fn=<DivBackward0>)
Memory status after this epoch: 
Memory allocated:  26.98828125
Memory cached:  44.0
	 epoch  10 training error:  tensor(0.7986, device='cuda:0', grad_fn=<DivBackward0>)
Memory status after this epoch: 
Memory allocated:  26.98828125
Memory cached:  54.0
	 epoch  20 training error:  tensor(0.3536, device='cuda:0', grad_fn=<DivBackward0>)
Memory status after this epoch: 
Memory allocated:  26.98828125
Memory cached:  52.0
	 epoch  30 training error:  tensor(0.2936, device='cuda:0', grad_fn=<DivBackward0>)
Memory status after this epoch: 
Memory allocated:  26.98828125
Memory cached:  52.0
	 epoch  40 training error:  tensor(0.2569, device='cuda:0', grad_fn=<DivBackward0>)
Memory status after this epoch: 
Memory allocated:  26.98828125
Memory cached:  52.0
	 epoch  50 training error:  tensor(0.2580, device='cuda:0', grad_fn=<DivBackward0>)
Memory status after this epoch: 
Memory allocated:  26.98828125
Memory cached:  52.0
	 epoch  60 training error:  tensor(0.2543, device='cuda:0', grad_fn=<DivBackward0>)
Memory status after this epoch: 
Memory allocated:  26.98828125
Memory cached:  52.0
	 epoch  70 training error:  tensor(0.2543, device='cuda:0', grad_fn=<DivBackward0>)
Memory status after this epoch: 
Memory allocated:  26.98828125
Memory cached:  52.0
	 epoch  80 training error:  tensor(0.2543, device='cuda:0', grad_fn=<DivBackward0>)
Memory status after this epoch: 
Memory allocated:  26.98828125
Memory cached:  52.0
	 epoch  90 training error:  tensor(0.2543, device='cuda:0', grad_fn=<DivBackward0>)
Memory status after this epoch: 
Memory allocated:  26.98828125
Memory cached:  52.0
[I 2023-11-02 16:55:28,034] Trial 10 finished with value: 0.24606290459632874 and parameters: {'W_layers': 6, 'W_layer_units_exponent_0': 9, 'W_layer_units_exponent_1': 10, 'W_layer_units_exponent_2': 9, 'W_layer_units_exponent_3': 4, 'W_layer_units_exponent_4': 8, 'W_layer_units_exponent_5': 10, 'D_layers': 8, 'D_layer_units_exponent_0': 4, 'D_layer_units_exponent_1': 4, 'D_layer_units_exponent_2': 8, 'D_layer_units_exponent_3': 10, 'D_layer_units_exponent_4': 7, 'D_layer_units_exponent_5': 4, 'D_layer_units_exponent_6': 7, 'D_layer_units_exponent_7': 7, 'log_learning_rate': -2.4449330591163987, 'log_learning_rate_D': -1.118312241464678, 'training_batch_size': 12, 'training_p': 7}. Best is trial 7 with value: 0.24504585564136505.
Time for this trial:  194.4136254787445
Memory status after this trial: 
Memory allocated:  284.36865234375
Memory cached:  304.0
--------------------  Trial  11   --------------------
Start timing: 
Parameters: 
{'W_layers': 2, 'W_layer_units_exponent_0': 7, 'W_layer_units_exponent_1': 9, 'D_layers': 7, 'D_layer_units_exponent_0': 6, 'D_layer_units_exponent_1': 10, 'D_layer_units_exponent_2': 6, 'D_layer_units_exponent_3': 6, 'D_layer_units_exponent_4': 8, 'D_layer_units_exponent_5': 5, 'D_layer_units_exponent_6': 10, 'log_learning_rate': -2.3817235512388306, 'log_learning_rate_D': -1.9767352786410455, 'training_batch_size': 10, 'training_p': 2}
	 epoch  0 training error:  tensor(1.0022, device='cuda:0', grad_fn=<DivBackward0>)
Memory status after this epoch: 
Memory allocated:  4.1640625
Memory cached:  10.0
	 epoch  10 training error:  tensor(0.2352, device='cuda:0', grad_fn=<DivBackward0>)
Memory status after this epoch: 
Memory allocated:  4.1640625
Memory cached:  14.0
	 epoch  20 training error:  tensor(0.2401, device='cuda:0', grad_fn=<DivBackward0>)
Memory status after this epoch: 
Memory allocated:  4.1640625
Memory cached:  14.0
	 epoch  30 training error:  tensor(0.2347, device='cuda:0', grad_fn=<DivBackward0>)
Memory status after this epoch: 
Memory allocated:  4.1640625
Memory cached:  14.0
	 epoch  40 training error:  tensor(0.2341, device='cuda:0', grad_fn=<DivBackward0>)
Memory status after this epoch: 
Memory allocated:  4.1640625
Memory cached:  14.0
	 epoch  50 training error:  tensor(0.2339, device='cuda:0', grad_fn=<DivBackward0>)
Memory status after this epoch: 
Memory allocated:  4.1640625
Memory cached:  14.0
	 epoch  60 training error:  tensor(0.2339, device='cuda:0', grad_fn=<DivBackward0>)
Memory status after this epoch: 
Memory allocated:  4.1640625
Memory cached:  14.0
	 epoch  70 training error:  tensor(0.2338, device='cuda:0', grad_fn=<DivBackward0>)
Memory status after this epoch: 
Memory allocated:  4.1640625
Memory cached:  14.0
	 epoch  80 training error:  tensor(0.2338, device='cuda:0', grad_fn=<DivBackward0>)
Memory status after this epoch: 
Memory allocated:  4.1640625
Memory cached:  14.0
	 epoch  90 training error:  tensor(0.2338, device='cuda:0', grad_fn=<DivBackward0>)
Memory status after this epoch: 
Memory allocated:  4.1640625
Memory cached:  14.0
[I 2023-11-02 16:57:53,415] Trial 11 finished with value: 0.2461363822221756 and parameters: {'W_layers': 2, 'W_layer_units_exponent_0': 7, 'W_layer_units_exponent_1': 9, 'D_layers': 7, 'D_layer_units_exponent_0': 6, 'D_layer_units_exponent_1': 10, 'D_layer_units_exponent_2': 6, 'D_layer_units_exponent_3': 6, 'D_layer_units_exponent_4': 8, 'D_layer_units_exponent_5': 5, 'D_layer_units_exponent_6': 10, 'log_learning_rate': -2.3817235512388306, 'log_learning_rate_D': -1.9767352786410455, 'training_batch_size': 10, 'training_p': 2}. Best is trial 7 with value: 0.24504585564136505.
Time for this trial:  145.18791699409485
Memory status after this trial: 
Memory allocated:  171.01220703125
Memory cached:  174.0
--------------------  Trial  12   --------------------
Start timing: 
Parameters: 
{'W_layers': 4, 'W_layer_units_exponent_0': 6, 'W_layer_units_exponent_1': 9, 'W_layer_units_exponent_2': 8, 'W_layer_units_exponent_3': 5, 'D_layers': 3, 'D_layer_units_exponent_0': 4, 'D_layer_units_exponent_1': 5, 'D_layer_units_exponent_2': 5, 'log_learning_rate': -3.2340359787000574, 'log_learning_rate_D': -2.078733634171608, 'training_batch_size': 11, 'training_p': 6}
	 epoch  0 training error:  tensor(1.0228, device='cuda:0', grad_fn=<DivBackward0>)
Memory status after this epoch: 
Memory allocated:  2.76953125
Memory cached:  10.0
	 epoch  10 training error:  tensor(0.3339, device='cuda:0', grad_fn=<DivBackward0>)
Memory status after this epoch: 
Memory allocated:  2.76953125
Memory cached:  14.0
	 epoch  20 training error:  tensor(0.2688, device='cuda:0', grad_fn=<DivBackward0>)
Memory status after this epoch: 
Memory allocated:  2.76953125
Memory cached:  16.0
	 epoch  30 training error:  tensor(0.2582, device='cuda:0', grad_fn=<DivBackward0>)
Memory status after this epoch: 
Memory allocated:  2.76953125
Memory cached:  16.0
	 epoch  40 training error:  tensor(0.2533, device='cuda:0', grad_fn=<DivBackward0>)
Memory status after this epoch: 
Memory allocated:  2.76953125
Memory cached:  16.0
	 epoch  50 training error:  tensor(0.2530, device='cuda:0', grad_fn=<DivBackward0>)
Memory status after this epoch: 
Memory allocated:  2.76953125
Memory cached:  16.0
	 epoch  60 training error:  tensor(0.2529, device='cuda:0', grad_fn=<DivBackward0>)
Memory status after this epoch: 
Memory allocated:  2.76953125
Memory cached:  14.0
	 epoch  70 training error:  tensor(0.2527, device='cuda:0', grad_fn=<DivBackward0>)
Memory status after this epoch: 
Memory allocated:  2.76953125
Memory cached:  16.0
	 epoch  80 training error:  tensor(0.2526, device='cuda:0', grad_fn=<DivBackward0>)
Memory status after this epoch: 
Memory allocated:  2.76953125
Memory cached:  14.0
	 epoch  90 training error:  tensor(0.2526, device='cuda:0', grad_fn=<DivBackward0>)
Memory status after this epoch: 
Memory allocated:  2.76953125
Memory cached:  14.0
[I 2023-11-02 16:59:49,593] Trial 12 finished with value: 0.24635489284992218 and parameters: {'W_layers': 4, 'W_layer_units_exponent_0': 6, 'W_layer_units_exponent_1': 9, 'W_layer_units_exponent_2': 8, 'W_layer_units_exponent_3': 5, 'D_layers': 3, 'D_layer_units_exponent_0': 4, 'D_layer_units_exponent_1': 5, 'D_layer_units_exponent_2': 5, 'log_learning_rate': -3.2340359787000574, 'log_learning_rate_D': -2.078733634171608, 'training_batch_size': 11, 'training_p': 6}. Best is trial 7 with value: 0.24504585564136505.
Time for this trial:  115.9912223815918
Memory status after this trial: 
Memory allocated:  53.01708984375
Memory cached:  56.0
--------------------  Trial  13   --------------------
Start timing: 
Parameters: 
{'W_layers': 2, 'W_layer_units_exponent_0': 8, 'W_layer_units_exponent_1': 8, 'D_layers': 4, 'D_layer_units_exponent_0': 6, 'D_layer_units_exponent_1': 6, 'D_layer_units_exponent_2': 6, 'D_layer_units_exponent_3': 10, 'log_learning_rate': -3.8742826839261193, 'log_learning_rate_D': -3.147974505349912, 'training_batch_size': 9, 'training_p': 3}
	 epoch  0 training error:  tensor(1.0482, device='cuda:0', grad_fn=<DivBackward0>)
Memory status after this epoch: 
Memory allocated:  2.388671875
Memory cached:  10.0
	 epoch  10 training error:  tensor(0.4671, device='cuda:0', grad_fn=<DivBackward0>)
Memory status after this epoch: 
Memory allocated:  2.388671875
Memory cached:  14.0
	 epoch  20 training error:  tensor(0.2921, device='cuda:0', grad_fn=<DivBackward0>)
Memory status after this epoch: 
Memory allocated:  2.388671875
Memory cached:  12.0
	 epoch  30 training error:  tensor(0.2478, device='cuda:0', grad_fn=<DivBackward0>)
Memory status after this epoch: 
Memory allocated:  2.388671875
Memory cached:  12.0
	 epoch  40 training error:  tensor(0.2454, device='cuda:0', grad_fn=<DivBackward0>)
Memory status after this epoch: 
Memory allocated:  2.388671875
Memory cached:  14.0
	 epoch  50 training error:  tensor(0.2438, device='cuda:0', grad_fn=<DivBackward0>)
Memory status after this epoch: 
Memory allocated:  2.388671875
Memory cached:  12.0
	 epoch  60 training error:  tensor(0.2430, device='cuda:0', grad_fn=<DivBackward0>)
Memory status after this epoch: 
Memory allocated:  2.388671875
Memory cached:  12.0
	 epoch  70 training error:  tensor(0.2426, device='cuda:0', grad_fn=<DivBackward0>)
Memory status after this epoch: 
Memory allocated:  2.388671875
Memory cached:  14.0
	 epoch  80 training error:  tensor(0.2425, device='cuda:0', grad_fn=<DivBackward0>)
Memory status after this epoch: 
Memory allocated:  2.388671875
Memory cached:  12.0
	 epoch  90 training error:  tensor(0.2425, device='cuda:0', grad_fn=<DivBackward0>)
Memory status after this epoch: 
Memory allocated:  2.388671875
Memory cached:  12.0
