[I 2023-11-08 15:28:47,756] Trial 9 finished with value: 0.07049475610256195 and parameters: {'W_layers': 8, 'W_layer_units_exponent_0': 4, 'W_layer_units_exponent_1': 8, 'W_layer_units_exponent_2': 10, 'W_layer_units_exponent_3': 4, 'W_layer_units_exponent_4': 4, 'W_layer_units_exponent_5': 7, 'W_layer_units_exponent_6': 7, 'W_layer_units_exponent_7': 10, 'D_layers': 3, 'D_layer_units_exponent_0': 9, 'D_layer_units_exponent_1': 5, 'D_layer_units_exponent_2': 8, 'D_dagger_layers': 7, 'D_dagger_layer_units_exponent_0': 5, 'D_dagger_layer_units_exponent_1': 6, 'D_dagger_layer_units_exponent_2': 5, 'D_dagger_layer_units_exponent_3': 5, 'D_dagger_layer_units_exponent_4': 4, 'D_dagger_layer_units_exponent_5': 5, 'D_dagger_layer_units_exponent_6': 8, 'log_learning_rate': -1.206071228467056, 'log_learning_rate_D': -4.21218054327481, 'log_learning_rate_D_dagger': -3.270363626674759, 'training_batch_size': 10, 'training_p': 8}. Best is trial 3 with value: 0.04438633471727371.
Time for this trial:  222.94447588920593
Memory status after this trial: 
Memory allocated:  211.69140625
Memory cached:  216.0
--------------------  Trial  10   --------------------
Start timing: 
Parameters: 
{'W_layers': 3, 'W_layer_units_exponent_0': 8, 'W_layer_units_exponent_1': 10, 'W_layer_units_exponent_2': 10, 'D_layers': 8, 'D_layer_units_exponent_0': 10, 'D_layer_units_exponent_1': 8, 'D_layer_units_exponent_2': 10, 'D_layer_units_exponent_3': 10, 'D_layer_units_exponent_4': 4, 'D_layer_units_exponent_5': 4, 'D_layer_units_exponent_6': 6, 'D_layer_units_exponent_7': 4, 'D_dagger_layers': 5, 'D_dagger_layer_units_exponent_0': 4, 'D_dagger_layer_units_exponent_1': 7, 'D_dagger_layer_units_exponent_2': 8, 'D_dagger_layer_units_exponent_3': 4, 'D_dagger_layer_units_exponent_4': 7, 'log_learning_rate': -2.5816099828530117, 'log_learning_rate_D': -1.0185272204091622, 'log_learning_rate_D_dagger': -4.567305808119694, 'training_batch_size': 6, 'training_p': 6}
	 epoch  0 training error:  tensor(4.9419, device='cuda:0', grad_fn=<DivBackward0>)
Memory status after this epoch: 
Memory allocated:  45.22314453125
Memory cached:  218.0
	 epoch  10 training error:  tensor(1.1543, device='cuda:0', grad_fn=<DivBackward0>)
Memory status after this epoch: 
Memory allocated:  45.22314453125
Memory cached:  250.0
	 epoch  20 training error:  tensor(0.7387, device='cuda:0', grad_fn=<DivBackward0>)
Memory status after this epoch: 
Memory allocated:  45.22314453125
Memory cached:  224.0
	 epoch  30 training error:  tensor(0.3151, device='cuda:0', grad_fn=<DivBackward0>)
Memory status after this epoch: 
Memory allocated:  45.22314453125
Memory cached:  226.0
	 epoch  40 training error:  tensor(0.1378, device='cuda:0', grad_fn=<DivBackward0>)
Memory status after this epoch: 
Memory allocated:  45.22314453125
Memory cached:  244.0
	 epoch  50 training error:  tensor(0.0971, device='cuda:0', grad_fn=<DivBackward0>)
Memory status after this epoch: 
Memory allocated:  45.22314453125
Memory cached:  224.0
	 epoch  60 training error:  tensor(0.0966, device='cuda:0', grad_fn=<DivBackward0>)
Memory status after this epoch: 
Memory allocated:  45.22314453125
Memory cached:  230.0
	 epoch  70 training error:  tensor(0.0957, device='cuda:0', grad_fn=<DivBackward0>)
Memory status after this epoch: 
Memory allocated:  45.22314453125
Memory cached:  226.0
	 epoch  80 training error:  tensor(0.0954, device='cuda:0', grad_fn=<DivBackward0>)
Memory status after this epoch: 
Memory allocated:  45.22314453125
Memory cached:  238.0
	 epoch  90 training error:  tensor(0.0953, device='cuda:0', grad_fn=<DivBackward0>)
Memory status after this epoch: 
Memory allocated:  45.22314453125
Memory cached:  236.0
[I 2023-11-08 15:35:27,791] Trial 10 finished with value: 0.0688416063785553 and parameters: {'W_layers': 3, 'W_layer_units_exponent_0': 8, 'W_layer_units_exponent_1': 10, 'W_layer_units_exponent_2': 10, 'D_layers': 8, 'D_layer_units_exponent_0': 10, 'D_layer_units_exponent_1': 8, 'D_layer_units_exponent_2': 10, 'D_layer_units_exponent_3': 10, 'D_layer_units_exponent_4': 4, 'D_layer_units_exponent_5': 4, 'D_layer_units_exponent_6': 6, 'D_layer_units_exponent_7': 4, 'D_dagger_layers': 5, 'D_dagger_layer_units_exponent_0': 4, 'D_dagger_layer_units_exponent_1': 7, 'D_dagger_layer_units_exponent_2': 8, 'D_dagger_layer_units_exponent_3': 4, 'D_dagger_layer_units_exponent_4': 7, 'log_learning_rate': -2.5816099828530117, 'log_learning_rate_D': -1.0185272204091622, 'log_learning_rate_D_dagger': -4.567305808119694, 'training_batch_size': 6, 'training_p': 6}. Best is trial 3 with value: 0.04438633471727371.
Time for this trial:  399.7608485221863
Memory status after this trial: 
Memory allocated:  358.41015625
Memory cached:  370.0
--------------------  Trial  11   --------------------
Start timing: 
Parameters: 
{'W_layers': 5, 'W_layer_units_exponent_0': 8, 'W_layer_units_exponent_1': 4, 'W_layer_units_exponent_2': 8, 'W_layer_units_exponent_3': 8, 'W_layer_units_exponent_4': 9, 'D_layers': 5, 'D_layer_units_exponent_0': 10, 'D_layer_units_exponent_1': 7, 'D_layer_units_exponent_2': 7, 'D_layer_units_exponent_3': 8, 'D_layer_units_exponent_4': 10, 'D_dagger_layers': 5, 'D_dagger_layer_units_exponent_0': 7, 'D_dagger_layer_units_exponent_1': 5, 'D_dagger_layer_units_exponent_2': 8, 'D_dagger_layer_units_exponent_3': 7, 'D_dagger_layer_units_exponent_4': 7, 'log_learning_rate': -2.9979416318776244, 'log_learning_rate_D': -4.888307204190802, 'log_learning_rate_D_dagger': -3.775583281420664, 'training_batch_size': 12, 'training_p': 6}
	 epoch  0 training error:  tensor(1.0008, device='cuda:0', grad_fn=<DivBackward0>)
Memory status after this epoch: 
Memory allocated:  11.07373046875
Memory cached:  150.0
	 epoch  10 training error:  tensor(0.1083, device='cuda:0', grad_fn=<DivBackward0>)
Memory status after this epoch: 
Memory allocated:  11.07373046875
Memory cached:  284.0
	 epoch  20 training error:  tensor(0.1418, device='cuda:0', grad_fn=<DivBackward0>)
Memory status after this epoch: 
Memory allocated:  11.07373046875
Memory cached:  290.0
	 epoch  30 training error:  tensor(0.0980, device='cuda:0', grad_fn=<DivBackward0>)
Memory status after this epoch: 
Memory allocated:  11.07373046875
Memory cached:  272.0
	 epoch  40 training error:  tensor(0.0903, device='cuda:0', grad_fn=<DivBackward0>)
Memory status after this epoch: 
Memory allocated:  11.07373046875
Memory cached:  284.0
	 epoch  50 training error:  tensor(0.0770, device='cuda:0', grad_fn=<DivBackward0>)
Memory status after this epoch: 
Memory allocated:  11.07373046875
Memory cached:  274.0
	 epoch  60 training error:  tensor(0.0754, device='cuda:0', grad_fn=<DivBackward0>)
Memory status after this epoch: 
Memory allocated:  11.07373046875
Memory cached:  282.0
	 epoch  70 training error:  tensor(0.0721, device='cuda:0', grad_fn=<DivBackward0>)
Memory status after this epoch: 
Memory allocated:  11.07373046875
Memory cached:  278.0
	 epoch  80 training error:  tensor(0.0696, device='cuda:0', grad_fn=<DivBackward0>)
Memory status after this epoch: 
Memory allocated:  11.07373046875
Memory cached:  276.0
	 epoch  90 training error:  tensor(0.0673, device='cuda:0', grad_fn=<DivBackward0>)
Memory status after this epoch: 
Memory allocated:  11.07373046875
Memory cached:  278.0
[I 2023-11-08 15:38:54,874] Trial 11 finished with value: 0.054092761129140854 and parameters: {'W_layers': 5, 'W_layer_units_exponent_0': 8, 'W_layer_units_exponent_1': 4, 'W_layer_units_exponent_2': 8, 'W_layer_units_exponent_3': 8, 'W_layer_units_exponent_4': 9, 'D_layers': 5, 'D_layer_units_exponent_0': 10, 'D_layer_units_exponent_1': 7, 'D_layer_units_exponent_2': 7, 'D_layer_units_exponent_3': 8, 'D_layer_units_exponent_4': 10, 'D_dagger_layers': 5, 'D_dagger_layer_units_exponent_0': 7, 'D_dagger_layer_units_exponent_1': 5, 'D_dagger_layer_units_exponent_2': 8, 'D_dagger_layer_units_exponent_3': 7, 'D_dagger_layer_units_exponent_4': 7, 'log_learning_rate': -2.9979416318776244, 'log_learning_rate_D': -4.888307204190802, 'log_learning_rate_D_dagger': -3.775583281420664, 'training_batch_size': 12, 'training_p': 6}. Best is trial 3 with value: 0.04438633471727371.
Time for this trial:  206.81329798698425
Memory status after this trial: 
Memory allocated:  247.09619140625
Memory cached:  254.0
--------------------  Trial  12   --------------------
Start timing: 
Parameters: 
{'W_layers': 4, 'W_layer_units_exponent_0': 8, 'W_layer_units_exponent_1': 4, 'W_layer_units_exponent_2': 9, 'W_layer_units_exponent_3': 7, 'D_layers': 7, 'D_layer_units_exponent_0': 10, 'D_layer_units_exponent_1': 7, 'D_layer_units_exponent_2': 6, 'D_layer_units_exponent_3': 9, 'D_layer_units_exponent_4': 10, 'D_layer_units_exponent_5': 5, 'D_layer_units_exponent_6': 10, 'D_dagger_layers': 5, 'D_dagger_layer_units_exponent_0': 7, 'D_dagger_layer_units_exponent_1': 5, 'D_dagger_layer_units_exponent_2': 8, 'D_dagger_layer_units_exponent_3': 7, 'D_dagger_layer_units_exponent_4': 7, 'log_learning_rate': -2.8138011465878767, 'log_learning_rate_D': -4.757678404961588, 'log_learning_rate_D_dagger': -3.692293497979702, 'training_batch_size': 10, 'training_p': 6}
	 epoch  0 training error:  tensor(0.7374, device='cuda:0', grad_fn=<DivBackward0>)
Memory status after this epoch: 
Memory allocated:  14.02099609375
Memory cached:  172.0
	 epoch  10 training error:  tensor(0.4824, device='cuda:0', grad_fn=<DivBackward0>)
Memory status after this epoch: 
Memory allocated:  14.02099609375
Memory cached:  306.0
	 epoch  20 training error:  tensor(0.1353, device='cuda:0', grad_fn=<DivBackward0>)
Memory status after this epoch: 
Memory allocated:  14.02099609375
Memory cached:  288.0
	 epoch  30 training error:  tensor(0.1953, device='cuda:0', grad_fn=<DivBackward0>)
Memory status after this epoch: 
Memory allocated:  14.02099609375
Memory cached:  298.0
	 epoch  40 training error:  tensor(0.1043, device='cuda:0', grad_fn=<DivBackward0>)
Memory status after this epoch: 
Memory allocated:  14.02099609375
Memory cached:  296.0
	 epoch  50 training error:  tensor(0.1107, device='cuda:0', grad_fn=<DivBackward0>)
Memory status after this epoch: 
Memory allocated:  14.02099609375
Memory cached:  300.0
	 epoch  60 training error:  tensor(0.0959, device='cuda:0', grad_fn=<DivBackward0>)
Memory status after this epoch: 
Memory allocated:  14.02099609375
Memory cached:  288.0
	 epoch  70 training error:  tensor(0.0756, device='cuda:0', grad_fn=<DivBackward0>)
Memory status after this epoch: 
Memory allocated:  14.02099609375
Memory cached:  308.0
	 epoch  80 training error:  tensor(0.0672, device='cuda:0', grad_fn=<DivBackward0>)
Memory status after this epoch: 
Memory allocated:  14.02099609375
Memory cached:  306.0
	 epoch  90 training error:  tensor(0.0607, device='cuda:0', grad_fn=<DivBackward0>)
Memory status after this epoch: 
Memory allocated:  14.02099609375
Memory cached:  312.0
[I 2023-11-08 15:42:31,943] Trial 12 finished with value: 0.04775971174240112 and parameters: {'W_layers': 4, 'W_layer_units_exponent_0': 8, 'W_layer_units_exponent_1': 4, 'W_layer_units_exponent_2': 9, 'W_layer_units_exponent_3': 7, 'D_layers': 7, 'D_layer_units_exponent_0': 10, 'D_layer_units_exponent_1': 7, 'D_layer_units_exponent_2': 6, 'D_layer_units_exponent_3': 9, 'D_layer_units_exponent_4': 10, 'D_layer_units_exponent_5': 5, 'D_layer_units_exponent_6': 10, 'D_dagger_layers': 5, 'D_dagger_layer_units_exponent_0': 7, 'D_dagger_layer_units_exponent_1': 5, 'D_dagger_layer_units_exponent_2': 8, 'D_dagger_layer_units_exponent_3': 7, 'D_dagger_layer_units_exponent_4': 7, 'log_learning_rate': -2.8138011465878767, 'log_learning_rate_D': -4.757678404961588, 'log_learning_rate_D_dagger': -3.692293497979702, 'training_batch_size': 10, 'training_p': 6}. Best is trial 3 with value: 0.04438633471727371.
Time for this trial:  216.81504559516907
Memory status after this trial: 
Memory allocated:  294.0458984375
Memory cached:  314.0
--------------------  Trial  13   --------------------
Start timing: 
Parameters: 
{'W_layers': 4, 'W_layer_units_exponent_0': 9, 'W_layer_units_exponent_1': 10, 'W_layer_units_exponent_2': 9, 'W_layer_units_exponent_3': 6, 'D_layers': 8, 'D_layer_units_exponent_0': 8, 'D_layer_units_exponent_1': 8, 'D_layer_units_exponent_2': 5, 'D_layer_units_exponent_3': 9, 'D_layer_units_exponent_4': 8, 'D_layer_units_exponent_5': 5, 'D_layer_units_exponent_6': 10, 'D_layer_units_exponent_7': 10, 'D_dagger_layers': 5, 'D_dagger_layer_units_exponent_0': 5, 'D_dagger_layer_units_exponent_1': 5, 'D_dagger_layer_units_exponent_2': 8, 'D_dagger_layer_units_exponent_3': 6, 'D_dagger_layer_units_exponent_4': 5, 'log_learning_rate': -2.274563526761759, 'log_learning_rate_D': -4.3371707712830645, 'log_learning_rate_D_dagger': -4.852658729285212, 'training_batch_size': 10, 'training_p': 6}
	 epoch  0 training error:  tensor(0.9082, device='cuda:0', grad_fn=<DivBackward0>)
Memory status after this epoch: 
Memory allocated:  37.19287109375
Memory cached:  160.0
	 epoch  10 training error:  tensor(0.9867, device='cuda:0', grad_fn=<DivBackward0>)
Memory status after this epoch: 
Memory allocated:  37.19287109375
Memory cached:  218.0
	 epoch  20 training error:  tensor(0.9453, device='cuda:0', grad_fn=<DivBackward0>)
Memory status after this epoch: 
Memory allocated:  37.19287109375
Memory cached:  214.0
	 epoch  30 training error:  tensor(0.8862, device='cuda:0', grad_fn=<DivBackward0>)
Memory status after this epoch: 
Memory allocated:  37.19287109375
Memory cached:  218.0
	 epoch  40 training error:  tensor(0.8145, device='cuda:0', grad_fn=<DivBackward0>)
Memory status after this epoch: 
Memory allocated:  37.19287109375
Memory cached:  216.0
	 epoch  50 training error:  tensor(0.7370, device='cuda:0', grad_fn=<DivBackward0>)
Memory status after this epoch: 
Memory allocated:  37.19287109375
Memory cached:  214.0
	 epoch  60 training error:  tensor(0.6560, device='cuda:0', grad_fn=<DivBackward0>)
Memory status after this epoch: 
Memory allocated:  37.19287109375
Memory cached:  216.0
	 epoch  70 training error:  tensor(0.5717, device='cuda:0', grad_fn=<DivBackward0>)
Memory status after this epoch: 
Memory allocated:  37.19287109375
Memory cached:  220.0
	 epoch  80 training error:  tensor(0.4877, device='cuda:0', grad_fn=<DivBackward0>)
Memory status after this epoch: 
Memory allocated:  37.19287109375
Memory cached:  216.0
	 epoch  90 training error:  tensor(0.4039, device='cuda:0', grad_fn=<DivBackward0>)
Memory status after this epoch: 
Memory allocated:  37.19287109375
Memory cached:  216.0
[I 2023-11-08 15:46:25,940] Trial 13 finished with value: 0.2839606702327728 and parameters: {'W_layers': 4, 'W_layer_units_exponent_0': 9, 'W_layer_units_exponent_1': 10, 'W_layer_units_exponent_2': 9, 'W_layer_units_exponent_3': 6, 'D_layers': 8, 'D_layer_units_exponent_0': 8, 'D_layer_units_exponent_1': 8, 'D_layer_units_exponent_2': 5, 'D_layer_units_exponent_3': 9, 'D_layer_units_exponent_4': 8, 'D_layer_units_exponent_5': 5, 'D_layer_units_exponent_6': 10, 'D_layer_units_exponent_7': 10, 'D_dagger_layers': 5, 'D_dagger_layer_units_exponent_0': 5, 'D_dagger_layer_units_exponent_1': 5, 'D_dagger_layer_units_exponent_2': 8, 'D_dagger_layer_units_exponent_3': 6, 'D_dagger_layer_units_exponent_4': 5, 'log_learning_rate': -2.274563526761759, 'log_learning_rate_D': -4.3371707712830645, 'log_learning_rate_D_dagger': -4.852658729285212, 'training_batch_size': 10, 'training_p': 6}. Best is trial 3 with value: 0.04438633471727371.
Time for this trial:  233.7118377685547
Memory status after this trial: 
Memory allocated:  333.88134765625
Memory cached:  362.0
--------------------  Trial  14   --------------------
Start timing: 
Parameters: 
{'W_layers': 4, 'W_layer_units_exponent_0': 6, 'W_layer_units_exponent_1': 5, 'W_layer_units_exponent_2': 9, 'W_layer_units_exponent_3': 10, 'D_layers': 7, 'D_layer_units_exponent_0': 6, 'D_layer_units_exponent_1': 6, 'D_layer_units_exponent_2': 8, 'D_layer_units_exponent_3': 8, 'D_layer_units_exponent_4': 6, 'D_layer_units_exponent_5': 7, 'D_layer_units_exponent_6': 10, 'D_dagger_layers': 4, 'D_dagger_layer_units_exponent_0': 8, 'D_dagger_layer_units_exponent_1': 5, 'D_dagger_layer_units_exponent_2': 9, 'D_dagger_layer_units_exponent_3': 10, 'log_learning_rate': -3.228736273781753, 'log_learning_rate_D': -4.943361656586711, 'log_learning_rate_D_dagger': -3.795387606264202, 'training_batch_size': 9, 'training_p': 7}
	 epoch  0 training error:  tensor(1.1798, device='cuda:0', grad_fn=<DivBackward0>)
Memory status after this epoch: 
Memory allocated:  20.60693359375
Memory cached:  130.0
	 epoch  10 training error:  tensor(0.4541, device='cuda:0', grad_fn=<DivBackward0>)
Memory status after this epoch: 
Memory allocated:  20.60693359375
Memory cached:  184.0
	 epoch  20 training error:  tensor(0.2006, device='cuda:0', grad_fn=<DivBackward0>)
Memory status after this epoch: 
Memory allocated:  20.60693359375
Memory cached:  188.0
	 epoch  30 training error:  tensor(0.1660, device='cuda:0', grad_fn=<DivBackward0>)
Memory status after this epoch: 
Memory allocated:  20.60693359375
Memory cached:  188.0
	 epoch  40 training error:  tensor(0.1068, device='cuda:0', grad_fn=<DivBackward0>)
Memory status after this epoch: 
Memory allocated:  20.60693359375
Memory cached:  186.0
	 epoch  50 training error:  tensor(0.1165, device='cuda:0', grad_fn=<DivBackward0>)
Memory status after this epoch: 
Memory allocated:  20.60693359375
Memory cached:  184.0
	 epoch  60 training error:  tensor(0.1082, device='cuda:0', grad_fn=<DivBackward0>)
Memory status after this epoch: 
Memory allocated:  20.60693359375
Memory cached:  188.0
	 epoch  70 training error:  tensor(0.1045, device='cuda:0', grad_fn=<DivBackward0>)
Memory status after this epoch: 
Memory allocated:  20.60693359375
Memory cached:  186.0
	 epoch  80 training error:  tensor(0.1030, device='cuda:0', grad_fn=<DivBackward0>)
Memory status after this epoch: 
Memory allocated:  20.60693359375
Memory cached:  188.0
	 epoch  90 training error:  tensor(0.1006, device='cuda:0', grad_fn=<DivBackward0>)
Memory status after this epoch: 
Memory allocated:  20.60693359375
Memory cached:  190.0
[I 2023-11-08 15:50:05,230] Trial 14 finished with value: 0.06900590658187866 and parameters: {'W_layers': 4, 'W_layer_units_exponent_0': 6, 'W_layer_units_exponent_1': 5, 'W_layer_units_exponent_2': 9, 'W_layer_units_exponent_3': 10, 'D_layers': 7, 'D_layer_units_exponent_0': 6, 'D_layer_units_exponent_1': 6, 'D_layer_units_exponent_2': 8, 'D_layer_units_exponent_3': 8, 'D_layer_units_exponent_4': 6, 'D_layer_units_exponent_5': 7, 'D_layer_units_exponent_6': 10, 'D_dagger_layers': 4, 'D_dagger_layer_units_exponent_0': 8, 'D_dagger_layer_units_exponent_1': 5, 'D_dagger_layer_units_exponent_2': 9, 'D_dagger_layer_units_exponent_3': 10, 'log_learning_rate': -3.228736273781753, 'log_learning_rate_D': -4.943361656586711, 'log_learning_rate_D_dagger': -3.795387606264202, 'training_batch_size': 9, 'training_p': 7}. Best is trial 3 with value: 0.04438633471727371.
Time for this trial:  219.0144202709198
Memory status after this trial: 
Memory allocated:  293.93798828125
Memory cached:  310.0
--------------------  Trial  15   --------------------
Start timing: 
Parameters: 
{'W_layers': 2, 'W_layer_units_exponent_0': 6, 'W_layer_units_exponent_1': 8, 'D_layers': 6, 'D_layer_units_exponent_0': 10, 'D_layer_units_exponent_1': 8, 'D_layer_units_exponent_2': 6, 'D_layer_units_exponent_3': 10, 'D_layer_units_exponent_4': 10, 'D_layer_units_exponent_5': 6, 'D_dagger_layers': 6, 'D_dagger_layer_units_exponent_0': 6, 'D_dagger_layer_units_exponent_1': 7, 'D_dagger_layer_units_exponent_2': 9, 'D_dagger_layer_units_exponent_3': 4, 'D_dagger_layer_units_exponent_4': 8, 'D_dagger_layer_units_exponent_5': 10, 'log_learning_rate': -2.1395610793263815, 'log_learning_rate_D': -2.5615628514100255, 'log_learning_rate_D_dagger': -3.2496405208247148, 'training_batch_size': 9, 'training_p': 5}
	 epoch  0 training error:  tensor(1.8407, device='cuda:0', grad_fn=<DivBackward0>)
Memory status after this epoch: 
Memory allocated:  28.08349609375
Memory cached:  166.0
	 epoch  10 training error:  tensor(0.4248, device='cuda:0', grad_fn=<DivBackward0>)
Memory status after this epoch: 
Memory allocated:  28.08349609375
Memory cached:  290.0
	 epoch  20 training error:  tensor(0.2469, device='cuda:0', grad_fn=<DivBackward0>)
Memory status after this epoch: 
Memory allocated:  28.08349609375
Memory cached:  276.0
	 epoch  30 training error:  tensor(0.1564, device='cuda:0', grad_fn=<DivBackward0>)
Memory status after this epoch: 
Memory allocated:  28.08349609375
Memory cached:  292.0
	 epoch  40 training error:  tensor(0.1582, device='cuda:0', grad_fn=<DivBackward0>)
Memory status after this epoch: 
Memory allocated:  28.08349609375
Memory cached:  282.0
	 epoch  50 training error:  tensor(0.1578, device='cuda:0', grad_fn=<DivBackward0>)
Memory status after this epoch: 
Memory allocated:  28.08349609375
Memory cached:  292.0
	 epoch  60 training error:  tensor(0.1003, device='cuda:0', grad_fn=<DivBackward0>)
Memory status after this epoch: 
Memory allocated:  28.08349609375
Memory cached:  286.0
	 epoch  70 training error:  tensor(0.1509, device='cuda:0', grad_fn=<DivBackward0>)
Memory status after this epoch: 
Memory allocated:  28.08349609375
Memory cached:  292.0
	 epoch  80 training error:  tensor(0.1654, device='cuda:0', grad_fn=<DivBackward0>)
Memory status after this epoch: 
Memory allocated:  28.08349609375
Memory cached:  280.0
	 epoch  90 training error:  tensor(0.1188, device='cuda:0', grad_fn=<DivBackward0>)
Memory status after this epoch: 
Memory allocated:  28.08349609375
Memory cached:  280.0
