[I 2023-11-02 23:30:23,602] Trial 48 finished with value: 0.2459523230791092 and parameters: {'W_layers': 7, 'W_layer_units_exponent_0': 10, 'W_layer_units_exponent_1': 7, 'W_layer_units_exponent_2': 6, 'W_layer_units_exponent_3': 6, 'W_layer_units_exponent_4': 10, 'W_layer_units_exponent_5': 10, 'W_layer_units_exponent_6': 7, 'D_layers': 4, 'D_layer_units_exponent_0': 9, 'D_layer_units_exponent_1': 5, 'D_layer_units_exponent_2': 10, 'D_layer_units_exponent_3': 5, 'log_learning_rate': -2.790905952453284, 'log_learning_rate_D': -1.5106940695501567, 'training_batch_size': 10, 'training_p': 4}. Best is trial 10 with value: 0.2450779676437378.
Time for this trial:  172.96923351287842
Memory status after this trial: 
Memory allocated:  295.169921875
Memory cached:  338.0
--------------------  Trial  49   --------------------
Start timing: 
Parameters: 
{'W_layers': 7, 'W_layer_units_exponent_0': 9, 'W_layer_units_exponent_1': 6, 'W_layer_units_exponent_2': 8, 'W_layer_units_exponent_3': 6, 'W_layer_units_exponent_4': 9, 'W_layer_units_exponent_5': 9, 'W_layer_units_exponent_6': 4, 'D_layers': 3, 'D_layer_units_exponent_0': 10, 'D_layer_units_exponent_1': 7, 'D_layer_units_exponent_2': 9, 'log_learning_rate': -3.141573495857184, 'log_learning_rate_D': -1.161788437264819, 'training_batch_size': 11, 'training_p': 5}
	 epoch  0 training error:  tensor(1.0015, device='cuda:0', grad_fn=<DivBackward0>)
Memory status after this epoch: 
Memory allocated:  21.048828125
Memory cached:  40.0
	 epoch  10 training error:  tensor(0.2509, device='cuda:0', grad_fn=<DivBackward0>)
Memory status after this epoch: 
Memory allocated:  21.048828125
Memory cached:  46.0
	 epoch  20 training error:  tensor(0.3002, device='cuda:0', grad_fn=<DivBackward0>)
Memory status after this epoch: 
Memory allocated:  21.048828125
Memory cached:  46.0
	 epoch  30 training error:  tensor(0.2510, device='cuda:0', grad_fn=<DivBackward0>)
Memory status after this epoch: 
Memory allocated:  21.048828125
Memory cached:  46.0
	 epoch  40 training error:  tensor(0.2520, device='cuda:0', grad_fn=<DivBackward0>)
Memory status after this epoch: 
Memory allocated:  21.048828125
Memory cached:  46.0
	 epoch  50 training error:  tensor(0.2517, device='cuda:0', grad_fn=<DivBackward0>)
Memory status after this epoch: 
Memory allocated:  21.048828125
Memory cached:  46.0
	 epoch  60 training error:  tensor(0.2508, device='cuda:0', grad_fn=<DivBackward0>)
Memory status after this epoch: 
Memory allocated:  21.048828125
Memory cached:  46.0
	 epoch  70 training error:  tensor(0.2509, device='cuda:0', grad_fn=<DivBackward0>)
Memory status after this epoch: 
Memory allocated:  21.048828125
Memory cached:  46.0
	 epoch  80 training error:  tensor(0.2509, device='cuda:0', grad_fn=<DivBackward0>)
Memory status after this epoch: 
Memory allocated:  21.048828125
Memory cached:  46.0
	 epoch  90 training error:  tensor(0.2508, device='cuda:0', grad_fn=<DivBackward0>)
Memory status after this epoch: 
Memory allocated:  21.048828125
Memory cached:  46.0
[I 2023-11-02 23:32:59,953] Trial 49 finished with value: 0.24622300267219543 and parameters: {'W_layers': 7, 'W_layer_units_exponent_0': 9, 'W_layer_units_exponent_1': 6, 'W_layer_units_exponent_2': 8, 'W_layer_units_exponent_3': 6, 'W_layer_units_exponent_4': 9, 'W_layer_units_exponent_5': 9, 'W_layer_units_exponent_6': 4, 'D_layers': 3, 'D_layer_units_exponent_0': 10, 'D_layer_units_exponent_1': 7, 'D_layer_units_exponent_2': 9, 'log_learning_rate': -3.141573495857184, 'log_learning_rate_D': -1.161788437264819, 'training_batch_size': 11, 'training_p': 5}. Best is trial 10 with value: 0.2450779676437378.
Time for this trial:  156.11586332321167
Memory status after this trial: 
Memory allocated:  210.62890625
Memory cached:  238.0
