[I 2023-11-06 15:35:30,062] Trial 21 finished with value: 0.03863399848341942 and parameters: {'W_layers': 6, 'W_layer_units_exponent_0': 7, 'W_layer_units_exponent_1': 6, 'W_layer_units_exponent_2': 5, 'W_layer_units_exponent_3': 5, 'W_layer_units_exponent_4': 6, 'W_layer_units_exponent_5': 6, 'D_layers': 6, 'D_layer_units_exponent_0': 9, 'D_layer_units_exponent_1': 9, 'D_layer_units_exponent_2': 9, 'D_layer_units_exponent_3': 9, 'D_layer_units_exponent_4': 10, 'D_layer_units_exponent_5': 9, 'D_dagger_layers': 4, 'D_dagger_layer_units_exponent_0': 10, 'D_dagger_layer_units_exponent_1': 9, 'D_dagger_layer_units_exponent_2': 5, 'D_dagger_layer_units_exponent_3': 8, 'log_learning_rate': -3.7376886018046327, 'log_learning_rate_D': -3.740817713807565, 'log_learning_rate_D_dagger': -4.59575942248169, 'training_batch_size': 6, 'training_p': 3}. Best is trial 18 with value: 0.02755935862660408.
Time for this trial:  400.6881453990936
Memory status after this trial: 
Memory allocated:  326.84814453125
Memory cached:  342.0
--------------------  Trial  22   --------------------
Start timing: 
Parameters: 
{'W_layers': 7, 'W_layer_units_exponent_0': 6, 'W_layer_units_exponent_1': 5, 'W_layer_units_exponent_2': 4, 'W_layer_units_exponent_3': 4, 'W_layer_units_exponent_4': 6, 'W_layer_units_exponent_5': 7, 'W_layer_units_exponent_6': 6, 'D_layers': 7, 'D_layer_units_exponent_0': 7, 'D_layer_units_exponent_1': 8, 'D_layer_units_exponent_2': 6, 'D_layer_units_exponent_3': 6, 'D_layer_units_exponent_4': 9, 'D_layer_units_exponent_5': 5, 'D_layer_units_exponent_6': 6, 'D_dagger_layers': 3, 'D_dagger_layer_units_exponent_0': 7, 'D_dagger_layer_units_exponent_1': 10, 'D_dagger_layer_units_exponent_2': 5, 'log_learning_rate': -2.1686183807249404, 'log_learning_rate_D': -3.232303130405694, 'log_learning_rate_D_dagger': -4.524752618471394, 'training_batch_size': 7, 'training_p': 8}
	 epoch  0 training error:  tensor(0.3985, device='cuda:0', grad_fn=<DivBackward0>)
Memory status after this epoch: 
Memory allocated:  4.59130859375
Memory cached:  132.0
	 epoch  10 training error:  tensor(0.1325, device='cuda:0', grad_fn=<DivBackward0>)
Memory status after this epoch: 
Memory allocated:  4.59130859375
Memory cached:  228.0
	 epoch  20 training error:  tensor(0.0938, device='cuda:0', grad_fn=<DivBackward0>)
Memory status after this epoch: 
Memory allocated:  4.59130859375
Memory cached:  236.0
	 epoch  30 training error:  tensor(0.0649, device='cuda:0', grad_fn=<DivBackward0>)
Memory status after this epoch: 
Memory allocated:  4.59130859375
Memory cached:  238.0
	 epoch  40 training error:  tensor(0.0427, device='cuda:0', grad_fn=<DivBackward0>)
Memory status after this epoch: 
Memory allocated:  4.59130859375
Memory cached:  222.0
	 epoch  50 training error:  tensor(0.0413, device='cuda:0', grad_fn=<DivBackward0>)
Memory status after this epoch: 
Memory allocated:  4.59130859375
Memory cached:  244.0
	 epoch  60 training error:  tensor(0.0336, device='cuda:0', grad_fn=<DivBackward0>)
Memory status after this epoch: 
Memory allocated:  4.59130859375
Memory cached:  248.0
	 epoch  70 training error:  tensor(0.0339, device='cuda:0', grad_fn=<DivBackward0>)
Memory status after this epoch: 
Memory allocated:  4.59130859375
Memory cached:  216.0
	 epoch  80 training error:  tensor(0.0333, device='cuda:0', grad_fn=<DivBackward0>)
Memory status after this epoch: 
Memory allocated:  4.59130859375
Memory cached:  240.0
	 epoch  90 training error:  tensor(0.0315, device='cuda:0', grad_fn=<DivBackward0>)
Memory status after this epoch: 
Memory allocated:  4.59130859375
Memory cached:  244.0
[I 2023-11-06 15:39:04,531] Trial 22 finished with value: 0.028277495875954628 and parameters: {'W_layers': 7, 'W_layer_units_exponent_0': 6, 'W_layer_units_exponent_1': 5, 'W_layer_units_exponent_2': 4, 'W_layer_units_exponent_3': 4, 'W_layer_units_exponent_4': 6, 'W_layer_units_exponent_5': 7, 'W_layer_units_exponent_6': 6, 'D_layers': 7, 'D_layer_units_exponent_0': 7, 'D_layer_units_exponent_1': 8, 'D_layer_units_exponent_2': 6, 'D_layer_units_exponent_3': 6, 'D_layer_units_exponent_4': 9, 'D_layer_units_exponent_5': 5, 'D_layer_units_exponent_6': 6, 'D_dagger_layers': 3, 'D_dagger_layer_units_exponent_0': 7, 'D_dagger_layer_units_exponent_1': 10, 'D_dagger_layer_units_exponent_2': 5, 'log_learning_rate': -2.1686183807249404, 'log_learning_rate_D': -3.232303130405694, 'log_learning_rate_D_dagger': -4.524752618471394, 'training_batch_size': 7, 'training_p': 8}. Best is trial 18 with value: 0.02755935862660408.
Time for this trial:  214.17329931259155
Memory status after this trial: 
Memory allocated:  146.5283203125
Memory cached:  164.0
--------------------  Trial  23   --------------------
Start timing: 
Parameters: 
{'W_layers': 7, 'W_layer_units_exponent_0': 5, 'W_layer_units_exponent_1': 6, 'W_layer_units_exponent_2': 4, 'W_layer_units_exponent_3': 5, 'W_layer_units_exponent_4': 6, 'W_layer_units_exponent_5': 7, 'W_layer_units_exponent_6': 8, 'D_layers': 7, 'D_layer_units_exponent_0': 8, 'D_layer_units_exponent_1': 8, 'D_layer_units_exponent_2': 6, 'D_layer_units_exponent_3': 6, 'D_layer_units_exponent_4': 9, 'D_layer_units_exponent_5': 5, 'D_layer_units_exponent_6': 6, 'D_dagger_layers': 3, 'D_dagger_layer_units_exponent_0': 7, 'D_dagger_layer_units_exponent_1': 10, 'D_dagger_layer_units_exponent_2': 6, 'log_learning_rate': -2.169815883567106, 'log_learning_rate_D': -3.1092936581504036, 'log_learning_rate_D_dagger': -4.983085374695673, 'training_batch_size': 8, 'training_p': 8}
	 epoch  0 training error:  tensor(1.3446, device='cuda:0', grad_fn=<DivBackward0>)
Memory status after this epoch: 
Memory allocated:  6.00146484375
Memory cached:  144.0
	 epoch  10 training error:  tensor(0.4937, device='cuda:0', grad_fn=<DivBackward0>)
Memory status after this epoch: 
Memory allocated:  6.00146484375
Memory cached:  248.0
	 epoch  20 training error:  tensor(0.2380, device='cuda:0', grad_fn=<DivBackward0>)
Memory status after this epoch: 
Memory allocated:  6.00146484375
Memory cached:  248.0
	 epoch  30 training error:  tensor(0.1736, device='cuda:0', grad_fn=<DivBackward0>)
Memory status after this epoch: 
Memory allocated:  6.00146484375
Memory cached:  238.0
	 epoch  40 training error:  tensor(0.1322, device='cuda:0', grad_fn=<DivBackward0>)
Memory status after this epoch: 
Memory allocated:  6.00146484375
Memory cached:  244.0
	 epoch  50 training error:  tensor(0.0964, device='cuda:0', grad_fn=<DivBackward0>)
Memory status after this epoch: 
Memory allocated:  6.00146484375
Memory cached:  248.0
	 epoch  60 training error:  tensor(0.0575, device='cuda:0', grad_fn=<DivBackward0>)
Memory status after this epoch: 
Memory allocated:  6.00146484375
Memory cached:  246.0
	 epoch  70 training error:  tensor(0.0570, device='cuda:0', grad_fn=<DivBackward0>)
Memory status after this epoch: 
Memory allocated:  6.00146484375
Memory cached:  248.0
	 epoch  80 training error:  tensor(0.0494, device='cuda:0', grad_fn=<DivBackward0>)
Memory status after this epoch: 
Memory allocated:  6.00146484375
Memory cached:  246.0
	 epoch  90 training error:  tensor(0.0463, device='cuda:0', grad_fn=<DivBackward0>)
Memory status after this epoch: 
Memory allocated:  6.00146484375
Memory cached:  248.0
[I 2023-11-06 15:42:41,166] Trial 23 finished with value: 0.036460377275943756 and parameters: {'W_layers': 7, 'W_layer_units_exponent_0': 5, 'W_layer_units_exponent_1': 6, 'W_layer_units_exponent_2': 4, 'W_layer_units_exponent_3': 5, 'W_layer_units_exponent_4': 6, 'W_layer_units_exponent_5': 7, 'W_layer_units_exponent_6': 8, 'D_layers': 7, 'D_layer_units_exponent_0': 8, 'D_layer_units_exponent_1': 8, 'D_layer_units_exponent_2': 6, 'D_layer_units_exponent_3': 6, 'D_layer_units_exponent_4': 9, 'D_layer_units_exponent_5': 5, 'D_layer_units_exponent_6': 6, 'D_dagger_layers': 3, 'D_dagger_layer_units_exponent_0': 7, 'D_dagger_layer_units_exponent_1': 10, 'D_dagger_layer_units_exponent_2': 6, 'log_learning_rate': -2.169815883567106, 'log_learning_rate_D': -3.1092936581504036, 'log_learning_rate_D_dagger': -4.983085374695673, 'training_batch_size': 8, 'training_p': 8}. Best is trial 18 with value: 0.02755935862660408.
Time for this trial:  216.33959364891052
Memory status after this trial: 
Memory allocated:  166.6474609375
Memory cached:  182.0
--------------------  Trial  24   --------------------
Start timing: 
Parameters: 
{'W_layers': 5, 'W_layer_units_exponent_0': 7, 'W_layer_units_exponent_1': 4, 'W_layer_units_exponent_2': 4, 'W_layer_units_exponent_3': 6, 'W_layer_units_exponent_4': 4, 'D_layers': 8, 'D_layer_units_exponent_0': 6, 'D_layer_units_exponent_1': 7, 'D_layer_units_exponent_2': 6, 'D_layer_units_exponent_3': 5, 'D_layer_units_exponent_4': 8, 'D_layer_units_exponent_5': 5, 'D_layer_units_exponent_6': 5, 'D_layer_units_exponent_7': 9, 'D_dagger_layers': 3, 'D_dagger_layer_units_exponent_0': 5, 'D_dagger_layer_units_exponent_1': 10, 'D_dagger_layer_units_exponent_2': 4, 'log_learning_rate': -1.855848430528102, 'log_learning_rate_D': -2.6501507497374375, 'log_learning_rate_D_dagger': -3.978200324290717, 'training_batch_size': 7, 'training_p': 7}
	 epoch  0 training error:  tensor(1.0580, device='cuda:0', grad_fn=<DivBackward0>)
Memory status after this epoch: 
Memory allocated:  1.80615234375
Memory cached:  114.0
	 epoch  10 training error:  tensor(0.2645, device='cuda:0', grad_fn=<DivBackward0>)
Memory status after this epoch: 
Memory allocated:  1.80615234375
Memory cached:  198.0
	 epoch  20 training error:  tensor(0.1253, device='cuda:0', grad_fn=<DivBackward0>)
Memory status after this epoch: 
Memory allocated:  1.80615234375
Memory cached:  206.0
	 epoch  30 training error:  tensor(0.1045, device='cuda:0', grad_fn=<DivBackward0>)
Memory status after this epoch: 
Memory allocated:  1.80615234375
Memory cached:  210.0
	 epoch  40 training error:  tensor(0.0590, device='cuda:0', grad_fn=<DivBackward0>)
Memory status after this epoch: 
Memory allocated:  1.80615234375
Memory cached:  206.0
	 epoch  50 training error:  tensor(0.0526, device='cuda:0', grad_fn=<DivBackward0>)
Memory status after this epoch: 
Memory allocated:  1.80615234375
Memory cached:  208.0
	 epoch  60 training error:  tensor(0.0508, device='cuda:0', grad_fn=<DivBackward0>)
Memory status after this epoch: 
Memory allocated:  1.80615234375
Memory cached:  208.0
	 epoch  70 training error:  tensor(0.0487, device='cuda:0', grad_fn=<DivBackward0>)
Memory status after this epoch: 
Memory allocated:  1.80615234375
Memory cached:  212.0
	 epoch  80 training error:  tensor(0.0445, device='cuda:0', grad_fn=<DivBackward0>)
Memory status after this epoch: 
Memory allocated:  1.80615234375
Memory cached:  206.0
	 epoch  90 training error:  tensor(0.0433, device='cuda:0', grad_fn=<DivBackward0>)
Memory status after this epoch: 
Memory allocated:  1.80615234375
Memory cached:  208.0
[I 2023-11-06 15:46:00,445] Trial 24 finished with value: 0.03581491857767105 and parameters: {'W_layers': 5, 'W_layer_units_exponent_0': 7, 'W_layer_units_exponent_1': 4, 'W_layer_units_exponent_2': 4, 'W_layer_units_exponent_3': 6, 'W_layer_units_exponent_4': 4, 'D_layers': 8, 'D_layer_units_exponent_0': 6, 'D_layer_units_exponent_1': 7, 'D_layer_units_exponent_2': 6, 'D_layer_units_exponent_3': 5, 'D_layer_units_exponent_4': 8, 'D_layer_units_exponent_5': 5, 'D_layer_units_exponent_6': 5, 'D_layer_units_exponent_7': 9, 'D_dagger_layers': 3, 'D_dagger_layer_units_exponent_0': 5, 'D_dagger_layer_units_exponent_1': 10, 'D_dagger_layer_units_exponent_2': 4, 'log_learning_rate': -1.855848430528102, 'log_learning_rate_D': -2.6501507497374375, 'log_learning_rate_D_dagger': -3.978200324290717, 'training_batch_size': 7, 'training_p': 7}. Best is trial 18 with value: 0.02755935862660408.
Time for this trial:  198.95888495445251
Memory status after this trial: 
Memory allocated:  131.8056640625
Memory cached:  158.0
--------------------  Trial  25   --------------------
Start timing: 
Parameters: 
{'W_layers': 6, 'W_layer_units_exponent_0': 6, 'W_layer_units_exponent_1': 7, 'W_layer_units_exponent_2': 6, 'W_layer_units_exponent_3': 4, 'W_layer_units_exponent_4': 6, 'W_layer_units_exponent_5': 8, 'D_layers': 5, 'D_layer_units_exponent_0': 7, 'D_layer_units_exponent_1': 6, 'D_layer_units_exponent_2': 7, 'D_layer_units_exponent_3': 7, 'D_layer_units_exponent_4': 9, 'D_dagger_layers': 2, 'D_dagger_layer_units_exponent_0': 6, 'D_dagger_layer_units_exponent_1': 9, 'log_learning_rate': -2.8043553011718774, 'log_learning_rate_D': -2.362796007251994, 'log_learning_rate_D_dagger': -4.652978253615866, 'training_batch_size': 7, 'training_p': 8}
	 epoch  0 training error:  tensor(1.4013, device='cuda:0', grad_fn=<DivBackward0>)
Memory status after this epoch: 
Memory allocated:  2.71826171875
Memory cached:  126.0
	 epoch  10 training error:  tensor(0.3570, device='cuda:0', grad_fn=<DivBackward0>)
Memory status after this epoch: 
Memory allocated:  2.71826171875
Memory cached:  184.0
	 epoch  20 training error:  tensor(0.1833, device='cuda:0', grad_fn=<DivBackward0>)
Memory status after this epoch: 
Memory allocated:  2.71826171875
Memory cached:  186.0
	 epoch  30 training error:  tensor(0.1633, device='cuda:0', grad_fn=<DivBackward0>)
Memory status after this epoch: 
Memory allocated:  2.71826171875
Memory cached:  202.0
	 epoch  40 training error:  tensor(0.1466, device='cuda:0', grad_fn=<DivBackward0>)
Memory status after this epoch: 
Memory allocated:  2.71826171875
Memory cached:  184.0
	 epoch  50 training error:  tensor(0.1190, device='cuda:0', grad_fn=<DivBackward0>)
Memory status after this epoch: 
Memory allocated:  2.71826171875
Memory cached:  194.0
	 epoch  60 training error:  tensor(0.0989, device='cuda:0', grad_fn=<DivBackward0>)
Memory status after this epoch: 
Memory allocated:  2.71826171875
Memory cached:  194.0
	 epoch  70 training error:  tensor(0.0883, device='cuda:0', grad_fn=<DivBackward0>)
Memory status after this epoch: 
Memory allocated:  2.71826171875
Memory cached:  190.0
	 epoch  80 training error:  tensor(0.0827, device='cuda:0', grad_fn=<DivBackward0>)
Memory status after this epoch: 
Memory allocated:  2.71826171875
Memory cached:  188.0
	 epoch  90 training error:  tensor(0.0809, device='cuda:0', grad_fn=<DivBackward0>)
Memory status after this epoch: 
Memory allocated:  2.71826171875
Memory cached:  194.0
[I 2023-11-06 15:48:55,580] Trial 25 finished with value: 0.06169560179114342 and parameters: {'W_layers': 6, 'W_layer_units_exponent_0': 6, 'W_layer_units_exponent_1': 7, 'W_layer_units_exponent_2': 6, 'W_layer_units_exponent_3': 4, 'W_layer_units_exponent_4': 6, 'W_layer_units_exponent_5': 8, 'D_layers': 5, 'D_layer_units_exponent_0': 7, 'D_layer_units_exponent_1': 6, 'D_layer_units_exponent_2': 7, 'D_layer_units_exponent_3': 7, 'D_layer_units_exponent_4': 9, 'D_dagger_layers': 2, 'D_dagger_layer_units_exponent_0': 6, 'D_dagger_layer_units_exponent_1': 9, 'log_learning_rate': -2.8043553011718774, 'log_learning_rate_D': -2.362796007251994, 'log_learning_rate_D_dagger': -4.652978253615866, 'training_batch_size': 7, 'training_p': 8}. Best is trial 18 with value: 0.02755935862660408.
Time for this trial:  174.86100149154663
Memory status after this trial: 
Memory allocated:  115.59912109375
Memory cached:  146.0
--------------------  Trial  26   --------------------
Start timing: 
Parameters: 
{'W_layers': 7, 'W_layer_units_exponent_0': 5, 'W_layer_units_exponent_1': 5, 'W_layer_units_exponent_2': 7, 'W_layer_units_exponent_3': 5, 'W_layer_units_exponent_4': 5, 'W_layer_units_exponent_5': 5, 'W_layer_units_exponent_6': 6, 'D_layers': 7, 'D_layer_units_exponent_0': 9, 'D_layer_units_exponent_1': 8, 'D_layer_units_exponent_2': 8, 'D_layer_units_exponent_3': 5, 'D_layer_units_exponent_4': 10, 'D_layer_units_exponent_5': 5, 'D_layer_units_exponent_6': 8, 'D_dagger_layers': 4, 'D_dagger_layer_units_exponent_0': 7, 'D_dagger_layer_units_exponent_1': 8, 'D_dagger_layer_units_exponent_2': 5, 'D_dagger_layer_units_exponent_3': 7, 'log_learning_rate': -3.1332911708654456, 'log_learning_rate_D': -1.0227594111900444, 'log_learning_rate_D_dagger': -4.312956658739479, 'training_batch_size': 9, 'training_p': 6}
	 epoch  0 training error:  tensor(0.9314, device='cuda:0', grad_fn=<DivBackward0>)
Memory status after this epoch: 
Memory allocated:  5.34912109375
Memory cached:  112.0
	 epoch  10 training error:  tensor(0.1294, device='cuda:0', grad_fn=<DivBackward0>)
Memory status after this epoch: 
Memory allocated:  5.34912109375
Memory cached:  156.0
	 epoch  20 training error:  tensor(0.1472, device='cuda:0', grad_fn=<DivBackward0>)
Memory status after this epoch: 
Memory allocated:  5.34912109375
Memory cached:  160.0
	 epoch  30 training error:  tensor(0.0794, device='cuda:0', grad_fn=<DivBackward0>)
Memory status after this epoch: 
Memory allocated:  5.34912109375
Memory cached:  164.0
	 epoch  40 training error:  tensor(0.0734, device='cuda:0', grad_fn=<DivBackward0>)
Memory status after this epoch: 
Memory allocated:  5.34912109375
Memory cached:  162.0
	 epoch  50 training error:  tensor(0.0737, device='cuda:0', grad_fn=<DivBackward0>)
Memory status after this epoch: 
Memory allocated:  5.34912109375
Memory cached:  158.0
	 epoch  60 training error:  tensor(0.0729, device='cuda:0', grad_fn=<DivBackward0>)
Memory status after this epoch: 
Memory allocated:  5.34912109375
Memory cached:  164.0
	 epoch  70 training error:  tensor(0.0723, device='cuda:0', grad_fn=<DivBackward0>)
Memory status after this epoch: 
Memory allocated:  5.34912109375
Memory cached:  160.0
	 epoch  80 training error:  tensor(0.0716, device='cuda:0', grad_fn=<DivBackward0>)
Memory status after this epoch: 
Memory allocated:  5.34912109375
Memory cached:  166.0
	 epoch  90 training error:  tensor(0.0714, device='cuda:0', grad_fn=<DivBackward0>)
Memory status after this epoch: 
Memory allocated:  5.34912109375
Memory cached:  166.0
[I 2023-11-06 15:52:38,182] Trial 26 finished with value: 0.05942417308688164 and parameters: {'W_layers': 7, 'W_layer_units_exponent_0': 5, 'W_layer_units_exponent_1': 5, 'W_layer_units_exponent_2': 7, 'W_layer_units_exponent_3': 5, 'W_layer_units_exponent_4': 5, 'W_layer_units_exponent_5': 5, 'W_layer_units_exponent_6': 6, 'D_layers': 7, 'D_layer_units_exponent_0': 9, 'D_layer_units_exponent_1': 8, 'D_layer_units_exponent_2': 8, 'D_layer_units_exponent_3': 5, 'D_layer_units_exponent_4': 10, 'D_layer_units_exponent_5': 5, 'D_layer_units_exponent_6': 8, 'D_dagger_layers': 4, 'D_dagger_layer_units_exponent_0': 7, 'D_dagger_layer_units_exponent_1': 8, 'D_dagger_layer_units_exponent_2': 5, 'D_dagger_layer_units_exponent_3': 7, 'log_learning_rate': -3.1332911708654456, 'log_learning_rate_D': -1.0227594111900444, 'log_learning_rate_D_dagger': -4.312956658739479, 'training_batch_size': 9, 'training_p': 6}. Best is trial 18 with value: 0.02755935862660408.
Time for this trial:  222.31963109970093
Memory status after this trial: 
Memory allocated:  176.66064453125
Memory cached:  180.0
--------------------  Trial  27   --------------------
Start timing: 
Parameters: 
{'W_layers': 3, 'W_layer_units_exponent_0': 7, 'W_layer_units_exponent_1': 6, 'W_layer_units_exponent_2': 5, 'D_layers': 6, 'D_layer_units_exponent_0': 5, 'D_layer_units_exponent_1': 7, 'D_layer_units_exponent_2': 7, 'D_layer_units_exponent_3': 9, 'D_layer_units_exponent_4': 7, 'D_layer_units_exponent_5': 4, 'D_dagger_layers': 6, 'D_dagger_layer_units_exponent_0': 6, 'D_dagger_layer_units_exponent_1': 10, 'D_dagger_layer_units_exponent_2': 6, 'D_dagger_layer_units_exponent_3': 6, 'D_dagger_layer_units_exponent_4': 5, 'D_dagger_layer_units_exponent_5': 6, 'log_learning_rate': -2.7635799050035406, 'log_learning_rate_D': -3.41600654522581, 'log_learning_rate_D_dagger': -3.8067455371443706, 'training_batch_size': 8, 'training_p': 7}
	 epoch  0 training error:  tensor(0.9527, device='cuda:0', grad_fn=<DivBackward0>)
Memory status after this epoch: 
Memory allocated:  4.80810546875
Memory cached:  134.0
	 epoch  10 training error:  tensor(0.3931, device='cuda:0', grad_fn=<DivBackward0>)
Memory status after this epoch: 
Memory allocated:  4.80810546875
Memory cached:  202.0
	 epoch  20 training error:  tensor(0.1767, device='cuda:0', grad_fn=<DivBackward0>)
Memory status after this epoch: 
Memory allocated:  4.80810546875
Memory cached:  204.0
	 epoch  30 training error:  tensor(0.0746, device='cuda:0', grad_fn=<DivBackward0>)
Memory status after this epoch: 
Memory allocated:  4.80810546875
Memory cached:  194.0
	 epoch  40 training error:  tensor(0.0943, device='cuda:0', grad_fn=<DivBackward0>)
Memory status after this epoch: 
Memory allocated:  4.80810546875
Memory cached:  210.0
	 epoch  50 training error:  tensor(0.0723, device='cuda:0', grad_fn=<DivBackward0>)
Memory status after this epoch: 
Memory allocated:  4.80810546875
Memory cached:  188.0
	 epoch  60 training error:  tensor(0.0568, device='cuda:0', grad_fn=<DivBackward0>)
Memory status after this epoch: 
Memory allocated:  4.80810546875
Memory cached:  202.0
	 epoch  70 training error:  tensor(0.0565, device='cuda:0', grad_fn=<DivBackward0>)
Memory status after this epoch: 
Memory allocated:  4.80810546875
Memory cached:  204.0
	 epoch  80 training error:  tensor(0.0526, device='cuda:0', grad_fn=<DivBackward0>)
Memory status after this epoch: 
Memory allocated:  4.80810546875
Memory cached:  202.0
	 epoch  90 training error:  tensor(0.0497, device='cuda:0', grad_fn=<DivBackward0>)
Memory status after this epoch: 
Memory allocated:  4.80810546875
Memory cached:  204.0
