[I 2023-11-09 22:15:14,732] Trial 17 finished with value: 0.06342041492462158 and parameters: {'W_layers': 7, 'W_layer_units_exponent_0': 8, 'W_layer_units_exponent_1': 5, 'W_layer_units_exponent_2': 6, 'W_layer_units_exponent_3': 8, 'W_layer_units_exponent_4': 9, 'W_layer_units_exponent_5': 8, 'W_layer_units_exponent_6': 10, 'D_layers': 3, 'D_layer_units_exponent_0': 4, 'D_layer_units_exponent_1': 8, 'D_layer_units_exponent_2': 10, 'D_dagger_layers': 3, 'D_dagger_layer_units_exponent_0': 8, 'D_dagger_layer_units_exponent_1': 8, 'D_dagger_layer_units_exponent_2': 9, 'log_learning_rate': -3.4560032366104614, 'log_learning_rate_D': -3.7212970244364345, 'log_learning_rate_D_dagger': -4.011974835684027, 'training_batch_size': 12, 'training_p': 4}. Best is trial 11 with value: 0.06177457049489021.
Time for this trial:  18.131428718566895
Memory status after this trial: 
Memory allocated:  192.9619140625
Memory cached:  216.0
--------------------  Trial  18   --------------------
Start timing: 
Parameters: 
{'W_layers': 8, 'W_layer_units_exponent_0': 9, 'W_layer_units_exponent_1': 7, 'W_layer_units_exponent_2': 6, 'W_layer_units_exponent_3': 5, 'W_layer_units_exponent_4': 7, 'W_layer_units_exponent_5': 6, 'W_layer_units_exponent_6': 4, 'W_layer_units_exponent_7': 4, 'D_layers': 3, 'D_layer_units_exponent_0': 9, 'D_layer_units_exponent_1': 10, 'D_layer_units_exponent_2': 7, 'D_dagger_layers': 5, 'D_dagger_layer_units_exponent_0': 6, 'D_dagger_layer_units_exponent_1': 9, 'D_dagger_layer_units_exponent_2': 9, 'D_dagger_layer_units_exponent_3': 4, 'D_dagger_layer_units_exponent_4': 9, 'log_learning_rate': -2.8393274668370627, 'log_learning_rate_D': -2.6634026478110413, 'log_learning_rate_D_dagger': -4.956739130810606, 'training_batch_size': 11, 'training_p': 7}
	 epoch  0 training error:  tensor(0.9717, device='cuda:0', grad_fn=<DivBackward0>)
Memory status after this epoch: 
Memory allocated:  8.84716796875
Memory cached:  30.0
	 epoch  10 training error:  tensor(0.1975, device='cuda:0', grad_fn=<DivBackward0>)
Memory status after this epoch: 
Memory allocated:  8.84716796875
Memory cached:  32.0
	 epoch  20 training error:  tensor(0.1441, device='cuda:0', grad_fn=<DivBackward0>)
Memory status after this epoch: 
Memory allocated:  8.84716796875
Memory cached:  32.0
	 epoch  30 training error:  tensor(0.1037, device='cuda:0', grad_fn=<DivBackward0>)
Memory status after this epoch: 
Memory allocated:  8.84716796875
Memory cached:  32.0
	 epoch  40 training error:  tensor(0.1157, device='cuda:0', grad_fn=<DivBackward0>)
Memory status after this epoch: 
Memory allocated:  8.84716796875
Memory cached:  32.0
	 epoch  50 training error:  tensor(0.1014, device='cuda:0', grad_fn=<DivBackward0>)
Memory status after this epoch: 
Memory allocated:  8.84716796875
Memory cached:  32.0
	 epoch  60 training error:  tensor(0.1070, device='cuda:0', grad_fn=<DivBackward0>)
Memory status after this epoch: 
Memory allocated:  8.84716796875
Memory cached:  32.0
	 epoch  70 training error:  tensor(0.1013, device='cuda:0', grad_fn=<DivBackward0>)
Memory status after this epoch: 
Memory allocated:  8.84716796875
Memory cached:  32.0
	 epoch  80 training error:  tensor(0.1035, device='cuda:0', grad_fn=<DivBackward0>)
Memory status after this epoch: 
Memory allocated:  8.84716796875
Memory cached:  32.0
	 epoch  90 training error:  tensor(0.1016, device='cuda:0', grad_fn=<DivBackward0>)
Memory status after this epoch: 
Memory allocated:  8.84716796875
Memory cached:  32.0
[I 2023-11-09 22:15:32,466] Trial 18 finished with value: 0.079800546169281 and parameters: {'W_layers': 8, 'W_layer_units_exponent_0': 9, 'W_layer_units_exponent_1': 7, 'W_layer_units_exponent_2': 6, 'W_layer_units_exponent_3': 5, 'W_layer_units_exponent_4': 7, 'W_layer_units_exponent_5': 6, 'W_layer_units_exponent_6': 4, 'W_layer_units_exponent_7': 4, 'D_layers': 3, 'D_layer_units_exponent_0': 9, 'D_layer_units_exponent_1': 10, 'D_layer_units_exponent_2': 7, 'D_dagger_layers': 5, 'D_dagger_layer_units_exponent_0': 6, 'D_dagger_layer_units_exponent_1': 9, 'D_dagger_layer_units_exponent_2': 9, 'D_dagger_layer_units_exponent_3': 4, 'D_dagger_layer_units_exponent_4': 9, 'log_learning_rate': -2.8393274668370627, 'log_learning_rate_D': -2.6634026478110413, 'log_learning_rate_D_dagger': -4.956739130810606, 'training_batch_size': 11, 'training_p': 7}. Best is trial 11 with value: 0.06177457049489021.
Time for this trial:  17.517460107803345
Memory status after this trial: 
Memory allocated:  143.2373046875
Memory cached:  152.0
--------------------  Trial  19   --------------------
Start timing: 
Parameters: 
{'W_layers': 5, 'W_layer_units_exponent_0': 8, 'W_layer_units_exponent_1': 8, 'W_layer_units_exponent_2': 8, 'W_layer_units_exponent_3': 9, 'W_layer_units_exponent_4': 9, 'D_layers': 5, 'D_layer_units_exponent_0': 7, 'D_layer_units_exponent_1': 9, 'D_layer_units_exponent_2': 9, 'D_layer_units_exponent_3': 9, 'D_layer_units_exponent_4': 7, 'D_dagger_layers': 6, 'D_dagger_layer_units_exponent_0': 8, 'D_dagger_layer_units_exponent_1': 10, 'D_dagger_layer_units_exponent_2': 10, 'D_dagger_layer_units_exponent_3': 6, 'D_dagger_layer_units_exponent_4': 10, 'D_dagger_layer_units_exponent_5': 4, 'log_learning_rate': -2.4086560018132066, 'log_learning_rate_D': -3.436182590489052, 'log_learning_rate_D_dagger': -2.8515419518289966, 'training_batch_size': 8, 'training_p': 5}
	 epoch  0 training error:  tensor(1.2666, device='cuda:0', grad_fn=<DivBackward0>)
Memory status after this epoch: 
Memory allocated:  33.390625
Memory cached:  54.0
	 epoch  10 training error:  tensor(0.6638, device='cuda:0', grad_fn=<DivBackward0>)
Memory status after this epoch: 
Memory allocated:  33.390625
Memory cached:  56.0
	 epoch  20 training error:  tensor(0.2356, device='cuda:0', grad_fn=<DivBackward0>)
Memory status after this epoch: 
Memory allocated:  33.390625
Memory cached:  56.0
	 epoch  30 training error:  tensor(0.3181, device='cuda:0', grad_fn=<DivBackward0>)
Memory status after this epoch: 
Memory allocated:  33.390625
Memory cached:  56.0
	 epoch  40 training error:  tensor(0.2367, device='cuda:0', grad_fn=<DivBackward0>)
Memory status after this epoch: 
Memory allocated:  33.390625
Memory cached:  56.0
	 epoch  50 training error:  tensor(0.1628, device='cuda:0', grad_fn=<DivBackward0>)
Memory status after this epoch: 
Memory allocated:  33.390625
Memory cached:  56.0
	 epoch  60 training error:  tensor(0.1364, device='cuda:0', grad_fn=<DivBackward0>)
Memory status after this epoch: 
Memory allocated:  33.390625
Memory cached:  56.0
	 epoch  70 training error:  tensor(0.1331, device='cuda:0', grad_fn=<DivBackward0>)
Memory status after this epoch: 
Memory allocated:  33.390625
Memory cached:  56.0
	 epoch  80 training error:  tensor(0.1369, device='cuda:0', grad_fn=<DivBackward0>)
Memory status after this epoch: 
Memory allocated:  33.390625
Memory cached:  56.0
	 epoch  90 training error:  tensor(0.1196, device='cuda:0', grad_fn=<DivBackward0>)
Memory status after this epoch: 
Memory allocated:  33.390625
Memory cached:  56.0
[I 2023-11-09 22:15:51,843] Trial 19 finished with value: 0.09662884473800659 and parameters: {'W_layers': 5, 'W_layer_units_exponent_0': 8, 'W_layer_units_exponent_1': 8, 'W_layer_units_exponent_2': 8, 'W_layer_units_exponent_3': 9, 'W_layer_units_exponent_4': 9, 'D_layers': 5, 'D_layer_units_exponent_0': 7, 'D_layer_units_exponent_1': 9, 'D_layer_units_exponent_2': 9, 'D_layer_units_exponent_3': 9, 'D_layer_units_exponent_4': 7, 'D_dagger_layers': 6, 'D_dagger_layer_units_exponent_0': 8, 'D_dagger_layer_units_exponent_1': 10, 'D_dagger_layer_units_exponent_2': 10, 'D_dagger_layer_units_exponent_3': 6, 'D_dagger_layer_units_exponent_4': 10, 'D_dagger_layer_units_exponent_5': 4, 'log_learning_rate': -2.4086560018132066, 'log_learning_rate_D': -3.436182590489052, 'log_learning_rate_D_dagger': -2.8515419518289966, 'training_batch_size': 8, 'training_p': 5}. Best is trial 11 with value: 0.06177457049489021.
Time for this trial:  19.17143678665161
Memory status after this trial: 
Memory allocated:  298.5517578125
Memory cached:  328.0
--------------------  Trial  20   --------------------
Start timing: 
Parameters: 
{'W_layers': 5, 'W_layer_units_exponent_0': 10, 'W_layer_units_exponent_1': 5, 'W_layer_units_exponent_2': 5, 'W_layer_units_exponent_3': 6, 'W_layer_units_exponent_4': 7, 'D_layers': 8, 'D_layer_units_exponent_0': 10, 'D_layer_units_exponent_1': 8, 'D_layer_units_exponent_2': 7, 'D_layer_units_exponent_3': 7, 'D_layer_units_exponent_4': 6, 'D_layer_units_exponent_5': 4, 'D_layer_units_exponent_6': 4, 'D_layer_units_exponent_7': 4, 'D_dagger_layers': 2, 'D_dagger_layer_units_exponent_0': 6, 'D_dagger_layer_units_exponent_1': 8, 'log_learning_rate': -2.9506261053544014, 'log_learning_rate_D': -3.8872730206669672, 'log_learning_rate_D_dagger': -3.912084203377319, 'training_batch_size': 10, 'training_p': 5}
	 epoch  0 training error:  tensor(1.3324, device='cuda:0', grad_fn=<DivBackward0>)
Memory status after this epoch: 
Memory allocated:  2.3662109375
Memory cached:  12.0
	 epoch  10 training error:  tensor(0.1710, device='cuda:0', grad_fn=<DivBackward0>)
Memory status after this epoch: 
Memory allocated:  2.3662109375
Memory cached:  14.0
	 epoch  20 training error:  tensor(0.1261, device='cuda:0', grad_fn=<DivBackward0>)
Memory status after this epoch: 
Memory allocated:  2.3662109375
Memory cached:  14.0
	 epoch  30 training error:  tensor(0.0899, device='cuda:0', grad_fn=<DivBackward0>)
Memory status after this epoch: 
Memory allocated:  2.3662109375
Memory cached:  14.0
	 epoch  40 training error:  tensor(0.0886, device='cuda:0', grad_fn=<DivBackward0>)
Memory status after this epoch: 
Memory allocated:  2.3662109375
Memory cached:  14.0
	 epoch  50 training error:  tensor(0.0842, device='cuda:0', grad_fn=<DivBackward0>)
Memory status after this epoch: 
Memory allocated:  2.3662109375
Memory cached:  14.0
	 epoch  60 training error:  tensor(0.0843, device='cuda:0', grad_fn=<DivBackward0>)
Memory status after this epoch: 
Memory allocated:  2.3662109375
Memory cached:  14.0
	 epoch  70 training error:  tensor(0.0835, device='cuda:0', grad_fn=<DivBackward0>)
Memory status after this epoch: 
Memory allocated:  2.3662109375
Memory cached:  14.0
	 epoch  80 training error:  tensor(0.0830, device='cuda:0', grad_fn=<DivBackward0>)
Memory status after this epoch: 
Memory allocated:  2.3662109375
Memory cached:  14.0
	 epoch  90 training error:  tensor(0.0851, device='cuda:0', grad_fn=<DivBackward0>)
Memory status after this epoch: 
Memory allocated:  2.3662109375
Memory cached:  14.0
[I 2023-11-09 22:16:07,854] Trial 20 finished with value: 0.07366631925106049 and parameters: {'W_layers': 5, 'W_layer_units_exponent_0': 10, 'W_layer_units_exponent_1': 5, 'W_layer_units_exponent_2': 5, 'W_layer_units_exponent_3': 6, 'W_layer_units_exponent_4': 7, 'D_layers': 8, 'D_layer_units_exponent_0': 10, 'D_layer_units_exponent_1': 8, 'D_layer_units_exponent_2': 7, 'D_layer_units_exponent_3': 7, 'D_layer_units_exponent_4': 6, 'D_layer_units_exponent_5': 4, 'D_layer_units_exponent_6': 4, 'D_layer_units_exponent_7': 4, 'D_dagger_layers': 2, 'D_dagger_layer_units_exponent_0': 6, 'D_dagger_layer_units_exponent_1': 8, 'log_learning_rate': -2.9506261053544014, 'log_learning_rate_D': -3.8872730206669672, 'log_learning_rate_D_dagger': -3.912084203377319, 'training_batch_size': 10, 'training_p': 5}. Best is trial 11 with value: 0.06177457049489021.
Time for this trial:  15.803987741470337
Memory status after this trial: 
Memory allocated:  87.572265625
Memory cached:  102.0
--------------------  Trial  21   --------------------
Start timing: 
Parameters: 
{'W_layers': 7, 'W_layer_units_exponent_0': 8, 'W_layer_units_exponent_1': 5, 'W_layer_units_exponent_2': 6, 'W_layer_units_exponent_3': 8, 'W_layer_units_exponent_4': 9, 'W_layer_units_exponent_5': 9, 'W_layer_units_exponent_6': 10, 'D_layers': 3, 'D_layer_units_exponent_0': 4, 'D_layer_units_exponent_1': 8, 'D_layer_units_exponent_2': 10, 'D_dagger_layers': 3, 'D_dagger_layer_units_exponent_0': 8, 'D_dagger_layer_units_exponent_1': 8, 'D_dagger_layer_units_exponent_2': 9, 'log_learning_rate': -3.5487566444125465, 'log_learning_rate_D': -3.757807851118231, 'log_learning_rate_D_dagger': -4.144668145916817, 'training_batch_size': 12, 'training_p': 4}
	 epoch  0 training error:  tensor(0.3956, device='cuda:0', grad_fn=<DivBackward0>)
Memory status after this epoch: 
Memory allocated:  19.0546875
Memory cached:  52.0
	 epoch  10 training error:  tensor(0.2565, device='cuda:0', grad_fn=<DivBackward0>)
Memory status after this epoch: 
Memory allocated:  19.0546875
Memory cached:  54.0
	 epoch  20 training error:  tensor(0.1356, device='cuda:0', grad_fn=<DivBackward0>)
Memory status after this epoch: 
Memory allocated:  19.0546875
Memory cached:  54.0
	 epoch  30 training error:  tensor(0.1071, device='cuda:0', grad_fn=<DivBackward0>)
Memory status after this epoch: 
Memory allocated:  19.0546875
Memory cached:  54.0
	 epoch  40 training error:  tensor(0.0868, device='cuda:0', grad_fn=<DivBackward0>)
Memory status after this epoch: 
Memory allocated:  19.0546875
Memory cached:  54.0
	 epoch  50 training error:  tensor(0.0835, device='cuda:0', grad_fn=<DivBackward0>)
Memory status after this epoch: 
Memory allocated:  19.0546875
Memory cached:  54.0
	 epoch  60 training error:  tensor(0.0797, device='cuda:0', grad_fn=<DivBackward0>)
Memory status after this epoch: 
Memory allocated:  19.0546875
Memory cached:  54.0
	 epoch  70 training error:  tensor(0.0786, device='cuda:0', grad_fn=<DivBackward0>)
Memory status after this epoch: 
Memory allocated:  19.0546875
Memory cached:  54.0
	 epoch  80 training error:  tensor(0.0780, device='cuda:0', grad_fn=<DivBackward0>)
Memory status after this epoch: 
Memory allocated:  19.0546875
Memory cached:  54.0
	 epoch  90 training error:  tensor(0.0773, device='cuda:0', grad_fn=<DivBackward0>)
Memory status after this epoch: 
Memory allocated:  19.0546875
Memory cached:  54.0
[I 2023-11-09 22:16:26,345] Trial 21 finished with value: 0.0650692731142044 and parameters: {'W_layers': 7, 'W_layer_units_exponent_0': 8, 'W_layer_units_exponent_1': 5, 'W_layer_units_exponent_2': 6, 'W_layer_units_exponent_3': 8, 'W_layer_units_exponent_4': 9, 'W_layer_units_exponent_5': 9, 'W_layer_units_exponent_6': 10, 'D_layers': 3, 'D_layer_units_exponent_0': 4, 'D_layer_units_exponent_1': 8, 'D_layer_units_exponent_2': 10, 'D_dagger_layers': 3, 'D_dagger_layer_units_exponent_0': 8, 'D_dagger_layer_units_exponent_1': 8, 'D_dagger_layer_units_exponent_2': 9, 'log_learning_rate': -3.5487566444125465, 'log_learning_rate_D': -3.757807851118231, 'log_learning_rate_D_dagger': -4.144668145916817, 'training_batch_size': 12, 'training_p': 4}. Best is trial 11 with value: 0.06177457049489021.
Time for this trial:  18.26649808883667
Memory status after this trial: 
Memory allocated:  209.5888671875
Memory cached:  234.0
--------------------  Trial  22   --------------------
Start timing: 
Parameters: 
{'W_layers': 7, 'W_layer_units_exponent_0': 9, 'W_layer_units_exponent_1': 5, 'W_layer_units_exponent_2': 6, 'W_layer_units_exponent_3': 9, 'W_layer_units_exponent_4': 9, 'W_layer_units_exponent_5': 8, 'W_layer_units_exponent_6': 8, 'D_layers': 4, 'D_layer_units_exponent_0': 4, 'D_layer_units_exponent_1': 7, 'D_layer_units_exponent_2': 10, 'D_layer_units_exponent_3': 9, 'D_dagger_layers': 3, 'D_dagger_layer_units_exponent_0': 9, 'D_dagger_layer_units_exponent_1': 9, 'D_dagger_layer_units_exponent_2': 9, 'log_learning_rate': -3.3871966690969244, 'log_learning_rate_D': -3.2084502795703553, 'log_learning_rate_D_dagger': -4.595249091982331, 'training_batch_size': 12, 'training_p': 4}
	 epoch  0 training error:  tensor(1.2346, device='cuda:0', grad_fn=<DivBackward0>)
Memory status after this epoch: 
Memory allocated:  18.54248046875
Memory cached:  36.0
	 epoch  10 training error:  tensor(0.2767, device='cuda:0', grad_fn=<DivBackward0>)
Memory status after this epoch: 
Memory allocated:  18.54248046875
Memory cached:  38.0
	 epoch  20 training error:  tensor(0.1172, device='cuda:0', grad_fn=<DivBackward0>)
Memory status after this epoch: 
Memory allocated:  18.54248046875
Memory cached:  38.0
	 epoch  30 training error:  tensor(0.1236, device='cuda:0', grad_fn=<DivBackward0>)
Memory status after this epoch: 
Memory allocated:  18.54248046875
Memory cached:  38.0
	 epoch  40 training error:  tensor(0.0967, device='cuda:0', grad_fn=<DivBackward0>)
Memory status after this epoch: 
Memory allocated:  18.54248046875
Memory cached:  38.0
	 epoch  50 training error:  tensor(0.0796, device='cuda:0', grad_fn=<DivBackward0>)
Memory status after this epoch: 
Memory allocated:  18.54248046875
Memory cached:  38.0
	 epoch  60 training error:  tensor(0.0802, device='cuda:0', grad_fn=<DivBackward0>)
Memory status after this epoch: 
Memory allocated:  18.54248046875
Memory cached:  38.0
	 epoch  70 training error:  tensor(0.0785, device='cuda:0', grad_fn=<DivBackward0>)
Memory status after this epoch: 
Memory allocated:  18.54248046875
Memory cached:  38.0
	 epoch  80 training error:  tensor(0.0776, device='cuda:0', grad_fn=<DivBackward0>)
Memory status after this epoch: 
Memory allocated:  18.54248046875
Memory cached:  38.0
	 epoch  90 training error:  tensor(0.0773, device='cuda:0', grad_fn=<DivBackward0>)
Memory status after this epoch: 
Memory allocated:  18.54248046875
Memory cached:  38.0
[I 2023-11-09 22:16:44,720] Trial 22 finished with value: 0.06537005305290222 and parameters: {'W_layers': 7, 'W_layer_units_exponent_0': 9, 'W_layer_units_exponent_1': 5, 'W_layer_units_exponent_2': 6, 'W_layer_units_exponent_3': 9, 'W_layer_units_exponent_4': 9, 'W_layer_units_exponent_5': 8, 'W_layer_units_exponent_6': 8, 'D_layers': 4, 'D_layer_units_exponent_0': 4, 'D_layer_units_exponent_1': 7, 'D_layer_units_exponent_2': 10, 'D_layer_units_exponent_3': 9, 'D_dagger_layers': 3, 'D_dagger_layer_units_exponent_0': 9, 'D_dagger_layer_units_exponent_1': 9, 'D_dagger_layer_units_exponent_2': 9, 'log_learning_rate': -3.3871966690969244, 'log_learning_rate_D': -3.2084502795703553, 'log_learning_rate_D_dagger': -4.595249091982331, 'training_batch_size': 12, 'training_p': 4}. Best is trial 11 with value: 0.06177457049489021.
Time for this trial:  18.1684091091156
Memory status after this trial: 
Memory allocated:  208.7744140625
Memory cached:  238.0
--------------------  Trial  23   --------------------
Start timing: 
Parameters: 
{'W_layers': 6, 'W_layer_units_exponent_0': 8, 'W_layer_units_exponent_1': 6, 'W_layer_units_exponent_2': 4, 'W_layer_units_exponent_3': 8, 'W_layer_units_exponent_4': 10, 'W_layer_units_exponent_5': 8, 'D_layers': 3, 'D_layer_units_exponent_0': 5, 'D_layer_units_exponent_1': 8, 'D_layer_units_exponent_2': 9, 'D_dagger_layers': 2, 'D_dagger_layer_units_exponent_0': 7, 'D_dagger_layer_units_exponent_1': 10, 'log_learning_rate': -3.069037827321076, 'log_learning_rate_D': -3.5326395818464493, 'log_learning_rate_D_dagger': -3.7767036249065384, 'training_batch_size': 11, 'training_p': 6}
	 epoch  0 training error:  tensor(1.6558, device='cuda:0', grad_fn=<DivBackward0>)
Memory status after this epoch: 
Memory allocated:  11.09765625
Memory cached:  14.0
	 epoch  10 training error:  tensor(0.3349, device='cuda:0', grad_fn=<DivBackward0>)
Memory status after this epoch: 
Memory allocated:  11.09765625
Memory cached:  14.0
	 epoch  20 training error:  tensor(0.1079, device='cuda:0', grad_fn=<DivBackward0>)
Memory status after this epoch: 
Memory allocated:  11.09765625
Memory cached:  14.0
	 epoch  30 training error:  tensor(0.2162, device='cuda:0', grad_fn=<DivBackward0>)
Memory status after this epoch: 
Memory allocated:  11.09765625
Memory cached:  14.0
	 epoch  40 training error:  tensor(0.1289, device='cuda:0', grad_fn=<DivBackward0>)
Memory status after this epoch: 
Memory allocated:  11.09765625
Memory cached:  14.0
	 epoch  50 training error:  tensor(0.0921, device='cuda:0', grad_fn=<DivBackward0>)
Memory status after this epoch: 
Memory allocated:  11.09765625
Memory cached:  14.0
	 epoch  60 training error:  tensor(0.0970, device='cuda:0', grad_fn=<DivBackward0>)
Memory status after this epoch: 
Memory allocated:  11.09765625
Memory cached:  14.0
	 epoch  70 training error:  tensor(0.0878, device='cuda:0', grad_fn=<DivBackward0>)
Memory status after this epoch: 
Memory allocated:  11.09765625
Memory cached:  14.0
	 epoch  80 training error:  tensor(0.0853, device='cuda:0', grad_fn=<DivBackward0>)
Memory status after this epoch: 
Memory allocated:  11.09765625
Memory cached:  14.0
	 epoch  90 training error:  tensor(0.0869, device='cuda:0', grad_fn=<DivBackward0>)
Memory status after this epoch: 
Memory allocated:  11.09765625
Memory cached:  14.0
