[I 2023-10-30 12:42:55,740] Trial 12 finished with value: 0.23778486251831055 and parameters: {'W_layers': 2, 'W_layer_units_exponent_0': 6, 'W_layer_units_exponent_1': 9, 'D_layers': 2, 'D_layer_units_exponent_0': 9, 'D_layer_units_exponent_1': 6, 'log_learning_rate': -1.8985518421932417, 'log_learning_rate_D': -2.772217345733109, 'training_batch_size': 9, 'training_p': 3}. Best is trial 2 with value: 0.23701313138008118.
Time for this trial:  91.28124141693115
Memory status after this trial: 
Memory allocated:  62.4013671875
Memory cached:  64.0
--------------------  Trial  13   --------------------
Start timing: 
Parameters: 
{'W_layers': 2, 'W_layer_units_exponent_0': 5, 'W_layer_units_exponent_1': 4, 'D_layers': 2, 'D_layer_units_exponent_0': 10, 'D_layer_units_exponent_1': 6, 'log_learning_rate': -1.2657541302560662, 'log_learning_rate_D': -4.646431045752035, 'training_batch_size': 12, 'training_p': 3}
	 epoch  0 training error:  tensor(0.9997, device='cuda:0', grad_fn=<DivBackward0>)
Memory status after this epoch: 
Memory allocated:  1.103515625
Memory cached:  4.0
	 epoch  10 training error:  tensor(0.5504, device='cuda:0', grad_fn=<DivBackward0>)
Memory status after this epoch: 
Memory allocated:  1.103515625
Memory cached:  6.0
	 epoch  20 training error:  tensor(0.2843, device='cuda:0', grad_fn=<DivBackward0>)
Memory status after this epoch: 
Memory allocated:  1.103515625
Memory cached:  8.0
	 epoch  30 training error:  tensor(0.2526, device='cuda:0', grad_fn=<DivBackward0>)
Memory status after this epoch: 
Memory allocated:  1.103515625
Memory cached:  8.0
	 epoch  40 training error:  tensor(0.2453, device='cuda:0', grad_fn=<DivBackward0>)
Memory status after this epoch: 
Memory allocated:  1.103515625
Memory cached:  8.0
	 epoch  50 training error:  tensor(0.2445, device='cuda:0', grad_fn=<DivBackward0>)
Memory status after this epoch: 
Memory allocated:  1.103515625
Memory cached:  8.0
	 epoch  60 training error:  tensor(0.2452, device='cuda:0', grad_fn=<DivBackward0>)
Memory status after this epoch: 
Memory allocated:  1.103515625
Memory cached:  8.0
	 epoch  70 training error:  tensor(0.2450, device='cuda:0', grad_fn=<DivBackward0>)
Memory status after this epoch: 
Memory allocated:  1.103515625
Memory cached:  8.0
	 epoch  80 training error:  tensor(0.2445, device='cuda:0', grad_fn=<DivBackward0>)
Memory status after this epoch: 
Memory allocated:  1.103515625
Memory cached:  8.0
	 epoch  90 training error:  tensor(0.2445, device='cuda:0', grad_fn=<DivBackward0>)
Memory status after this epoch: 
Memory allocated:  1.103515625
Memory cached:  8.0
[I 2023-10-30 12:44:26,478] Trial 13 finished with value: 0.23724280297756195 and parameters: {'W_layers': 2, 'W_layer_units_exponent_0': 5, 'W_layer_units_exponent_1': 4, 'D_layers': 2, 'D_layer_units_exponent_0': 10, 'D_layer_units_exponent_1': 6, 'log_learning_rate': -1.2657541302560662, 'log_learning_rate_D': -4.646431045752035, 'training_batch_size': 12, 'training_p': 3}. Best is trial 2 with value: 0.23701313138008118.
Time for this trial:  90.60984778404236
Memory status after this trial: 
Memory allocated:  61.453125
Memory cached:  64.0
--------------------  Trial  14   --------------------
Start timing: 
Parameters: 
{'W_layers': 4, 'W_layer_units_exponent_0': 9, 'W_layer_units_exponent_1': 6, 'W_layer_units_exponent_2': 7, 'W_layer_units_exponent_3': 10, 'D_layers': 4, 'D_layer_units_exponent_0': 6, 'D_layer_units_exponent_1': 10, 'D_layer_units_exponent_2': 6, 'D_layer_units_exponent_3': 6, 'log_learning_rate': -3.557196458945236, 'log_learning_rate_D': -4.476766812220092, 'training_batch_size': 12, 'training_p': 6}
	 epoch  0 training error:  tensor(1.0000, device='cuda:0', grad_fn=<DivBackward0>)
Memory status after this epoch: 
Memory allocated:  4.81640625
Memory cached:  10.0
	 epoch  10 training error:  tensor(0.9997, device='cuda:0', grad_fn=<DivBackward0>)
Memory status after this epoch: 
Memory allocated:  4.81640625
Memory cached:  12.0
	 epoch  20 training error:  tensor(0.9969, device='cuda:0', grad_fn=<DivBackward0>)
Memory status after this epoch: 
Memory allocated:  4.81640625
Memory cached:  12.0
	 epoch  30 training error:  tensor(0.9771, device='cuda:0', grad_fn=<DivBackward0>)
Memory status after this epoch: 
Memory allocated:  4.81640625
Memory cached:  12.0
	 epoch  40 training error:  tensor(0.7781, device='cuda:0', grad_fn=<DivBackward0>)
Memory status after this epoch: 
Memory allocated:  4.81640625
Memory cached:  12.0
	 epoch  50 training error:  tensor(0.2683, device='cuda:0', grad_fn=<DivBackward0>)
Memory status after this epoch: 
Memory allocated:  4.81640625
Memory cached:  12.0
	 epoch  60 training error:  tensor(0.2794, device='cuda:0', grad_fn=<DivBackward0>)
Memory status after this epoch: 
Memory allocated:  4.81640625
Memory cached:  12.0
	 epoch  70 training error:  tensor(0.2709, device='cuda:0', grad_fn=<DivBackward0>)
Memory status after this epoch: 
Memory allocated:  4.81640625
Memory cached:  12.0
	 epoch  80 training error:  tensor(0.2609, device='cuda:0', grad_fn=<DivBackward0>)
Memory status after this epoch: 
Memory allocated:  4.81640625
Memory cached:  12.0
	 epoch  90 training error:  tensor(0.2569, device='cuda:0', grad_fn=<DivBackward0>)
Memory status after this epoch: 
Memory allocated:  4.81640625
Memory cached:  12.0
[I 2023-10-30 12:46:41,754] Trial 14 finished with value: 0.23854894936084747 and parameters: {'W_layers': 4, 'W_layer_units_exponent_0': 9, 'W_layer_units_exponent_1': 6, 'W_layer_units_exponent_2': 7, 'W_layer_units_exponent_3': 10, 'D_layers': 4, 'D_layer_units_exponent_0': 6, 'D_layer_units_exponent_1': 10, 'D_layer_units_exponent_2': 6, 'D_layer_units_exponent_3': 6, 'log_learning_rate': -3.557196458945236, 'log_learning_rate_D': -4.476766812220092, 'training_batch_size': 12, 'training_p': 6}. Best is trial 2 with value: 0.23701313138008118.
Time for this trial:  135.16471982002258
Memory status after this trial: 
Memory allocated:  159.6279296875
Memory cached:  164.0
--------------------  Trial  15   --------------------
Start timing: 
Parameters: 
{'W_layers': 5, 'W_layer_units_exponent_0': 4, 'W_layer_units_exponent_1': 5, 'W_layer_units_exponent_2': 5, 'W_layer_units_exponent_3': 6, 'W_layer_units_exponent_4': 8, 'D_layers': 4, 'D_layer_units_exponent_0': 8, 'D_layer_units_exponent_1': 7, 'D_layer_units_exponent_2': 4, 'D_layer_units_exponent_3': 4, 'log_learning_rate': -4.4750400687046765, 'log_learning_rate_D': -3.1864500931665765, 'training_batch_size': 9, 'training_p': 3}
	 epoch  0 training error:  tensor(1.0000, device='cuda:0', grad_fn=<DivBackward0>)
Memory status after this epoch: 
Memory allocated:  0.9140625
Memory cached:  8.0
	 epoch  10 training error:  tensor(1.0000, device='cuda:0', grad_fn=<DivBackward0>)
Memory status after this epoch: 
Memory allocated:  0.9140625
Memory cached:  8.0
	 epoch  20 training error:  tensor(1.0000, device='cuda:0', grad_fn=<DivBackward0>)
Memory status after this epoch: 
Memory allocated:  0.9140625
Memory cached:  8.0
	 epoch  30 training error:  tensor(1.0000, device='cuda:0', grad_fn=<DivBackward0>)
Memory status after this epoch: 
Memory allocated:  0.9140625
Memory cached:  8.0
	 epoch  40 training error:  tensor(1.0000, device='cuda:0', grad_fn=<DivBackward0>)
Memory status after this epoch: 
Memory allocated:  0.9140625
Memory cached:  8.0
	 epoch  50 training error:  tensor(1.0000, device='cuda:0', grad_fn=<DivBackward0>)
Memory status after this epoch: 
Memory allocated:  0.9140625
Memory cached:  8.0
[W 2023-10-30 12:47:53,308] Trial 15 failed with parameters: {'W_layers': 5, 'W_layer_units_exponent_0': 4, 'W_layer_units_exponent_1': 5, 'W_layer_units_exponent_2': 5, 'W_layer_units_exponent_3': 6, 'W_layer_units_exponent_4': 8, 'D_layers': 4, 'D_layer_units_exponent_0': 8, 'D_layer_units_exponent_1': 7, 'D_layer_units_exponent_2': 4, 'D_layer_units_exponent_3': 4, 'log_learning_rate': -4.4750400687046765, 'log_learning_rate_D': -3.1864500931665765, 'training_batch_size': 9, 'training_p': 3} because of the following error: The value nan is not acceptable.
[W 2023-10-30 12:47:53,310] Trial 15 failed with value tensor(nan, device='cuda:0', grad_fn=<DivBackward0>).
Time for this trial:  71.42060661315918
Memory status after this trial: 
Memory allocated:  44.9658203125
Memory cached:  46.0
--------------------  Trial  16   --------------------
Start timing: 
Parameters: 
{'W_layers': 4, 'W_layer_units_exponent_0': 4, 'W_layer_units_exponent_1': 4, 'W_layer_units_exponent_2': 10, 'W_layer_units_exponent_3': 7, 'D_layers': 3, 'D_layer_units_exponent_0': 8, 'D_layer_units_exponent_1': 6, 'D_layer_units_exponent_2': 8, 'log_learning_rate': -3.7794685417417653, 'log_learning_rate_D': -4.815612228367161, 'training_batch_size': 6, 'training_p': 6}
	 epoch  0 training error:  tensor(1.0000, device='cuda:0', grad_fn=<DivBackward0>)
Memory status after this epoch: 
Memory allocated:  2.8134765625
Memory cached:  12.0
	 epoch  10 training error:  tensor(0.9979, device='cuda:0', grad_fn=<DivBackward0>)
Memory status after this epoch: 
Memory allocated:  2.8134765625
Memory cached:  12.0
	 epoch  20 training error:  tensor(0.9874, device='cuda:0', grad_fn=<DivBackward0>)
Memory status after this epoch: 
Memory allocated:  2.8134765625
Memory cached:  12.0
	 epoch  30 training error:  tensor(0.9211, device='cuda:0', grad_fn=<DivBackward0>)
Memory status after this epoch: 
Memory allocated:  2.8134765625
Memory cached:  14.0
	 epoch  40 training error:  tensor(0.4952, device='cuda:0', grad_fn=<DivBackward0>)
Memory status after this epoch: 
Memory allocated:  2.8134765625
Memory cached:  12.0
	 epoch  50 training error:  tensor(0.2842, device='cuda:0', grad_fn=<DivBackward0>)
Memory status after this epoch: 
Memory allocated:  2.8134765625
Memory cached:  14.0
	 epoch  60 training error:  tensor(0.2574, device='cuda:0', grad_fn=<DivBackward0>)
Memory status after this epoch: 
Memory allocated:  2.8134765625
Memory cached:  14.0
	 epoch  70 training error:  tensor(0.2551, device='cuda:0', grad_fn=<DivBackward0>)
Memory status after this epoch: 
Memory allocated:  2.8134765625
Memory cached:  14.0
	 epoch  80 training error:  tensor(0.2548, device='cuda:0', grad_fn=<DivBackward0>)
Memory status after this epoch: 
Memory allocated:  2.8134765625
Memory cached:  14.0
	 epoch  90 training error:  tensor(0.2547, device='cuda:0', grad_fn=<DivBackward0>)
Memory status after this epoch: 
Memory allocated:  2.8134765625
Memory cached:  14.0
[I 2023-10-30 12:51:25,248] Trial 16 finished with value: 0.2370252162218094 and parameters: {'W_layers': 4, 'W_layer_units_exponent_0': 4, 'W_layer_units_exponent_1': 4, 'W_layer_units_exponent_2': 10, 'W_layer_units_exponent_3': 7, 'D_layers': 3, 'D_layer_units_exponent_0': 8, 'D_layer_units_exponent_1': 6, 'D_layer_units_exponent_2': 8, 'log_learning_rate': -3.7794685417417653, 'log_learning_rate_D': -4.815612228367161, 'training_batch_size': 6, 'training_p': 6}. Best is trial 2 with value: 0.23701313138008118.
Time for this trial:  211.78394985198975
Memory status after this trial: 
Memory allocated:  96.08984375
Memory cached:  98.0
--------------------  Trial  17   --------------------
Start timing: 
Parameters: 
{'W_layers': 4, 'W_layer_units_exponent_0': 5, 'W_layer_units_exponent_1': 10, 'W_layer_units_exponent_2': 6, 'W_layer_units_exponent_3': 10, 'D_layers': 3, 'D_layer_units_exponent_0': 8, 'D_layer_units_exponent_1': 7, 'D_layer_units_exponent_2': 6, 'log_learning_rate': -4.650208786578476, 'log_learning_rate_D': -1.4578154303883566, 'training_batch_size': 12, 'training_p': 3}
	 epoch  0 training error:  tensor(1.0000, device='cuda:0', grad_fn=<DivBackward0>)
Memory status after this epoch: 
Memory allocated:  3.232421875
Memory cached:  14.0
	 epoch  10 training error:  tensor(1.0000, device='cuda:0', grad_fn=<DivBackward0>)
Memory status after this epoch: 
Memory allocated:  3.232421875
Memory cached:  16.0
	 epoch  20 training error:  tensor(1.0000, device='cuda:0', grad_fn=<DivBackward0>)
Memory status after this epoch: 
Memory allocated:  3.232421875
Memory cached:  16.0
	 epoch  30 training error:  tensor(1.0000, device='cuda:0', grad_fn=<DivBackward0>)
Memory status after this epoch: 
Memory allocated:  3.232421875
Memory cached:  16.0
	 epoch  40 training error:  tensor(1.0000, device='cuda:0', grad_fn=<DivBackward0>)
Memory status after this epoch: 
Memory allocated:  3.232421875
Memory cached:  16.0
	 epoch  50 training error:  tensor(1.0000, device='cuda:0', grad_fn=<DivBackward0>)
Memory status after this epoch: 
Memory allocated:  3.232421875
Memory cached:  16.0
	 epoch  60 training error:  tensor(1.0000, device='cuda:0', grad_fn=<DivBackward0>)
Memory status after this epoch: 
Memory allocated:  3.232421875
Memory cached:  16.0
	 epoch  70 training error:  tensor(1.0000, device='cuda:0', grad_fn=<DivBackward0>)
Memory status after this epoch: 
Memory allocated:  3.232421875
Memory cached:  16.0
	 epoch  80 training error:  tensor(1.0000, device='cuda:0', grad_fn=<DivBackward0>)
Memory status after this epoch: 
Memory allocated:  3.232421875
Memory cached:  16.0
	 epoch  90 training error:  tensor(1.0000, device='cuda:0', grad_fn=<DivBackward0>)
Memory status after this epoch: 
Memory allocated:  3.232421875
Memory cached:  16.0
[I 2023-10-30 12:53:29,639] Trial 17 finished with value: 0.9999958276748657 and parameters: {'W_layers': 4, 'W_layer_units_exponent_0': 5, 'W_layer_units_exponent_1': 10, 'W_layer_units_exponent_2': 6, 'W_layer_units_exponent_3': 10, 'D_layers': 3, 'D_layer_units_exponent_0': 8, 'D_layer_units_exponent_1': 7, 'D_layer_units_exponent_2': 6, 'log_learning_rate': -4.650208786578476, 'log_learning_rate_D': -1.4578154303883566, 'training_batch_size': 12, 'training_p': 3}. Best is trial 2 with value: 0.23701313138008118.
Time for this trial:  124.2444441318512
Memory status after this trial: 
Memory allocated:  140.447265625
Memory cached:  144.0
--------------------  Trial  18   --------------------
Start timing: 
Parameters: 
{'W_layers': 5, 'W_layer_units_exponent_0': 10, 'W_layer_units_exponent_1': 9, 'W_layer_units_exponent_2': 4, 'W_layer_units_exponent_3': 4, 'W_layer_units_exponent_4': 9, 'D_layers': 3, 'D_layer_units_exponent_0': 6, 'D_layer_units_exponent_1': 8, 'D_layer_units_exponent_2': 4, 'log_learning_rate': -2.4403421552868165, 'log_learning_rate_D': -3.5367247165453835, 'training_batch_size': 10, 'training_p': 8}
	 epoch  0 training error:  tensor(1.0000, device='cuda:0', grad_fn=<DivBackward0>)
Memory status after this epoch: 
Memory allocated:  8.705078125
Memory cached:  32.0
[W 2023-10-30 12:53:38,434] Trial 18 failed with parameters: {'W_layers': 5, 'W_layer_units_exponent_0': 10, 'W_layer_units_exponent_1': 9, 'W_layer_units_exponent_2': 4, 'W_layer_units_exponent_3': 4, 'W_layer_units_exponent_4': 9, 'D_layers': 3, 'D_layer_units_exponent_0': 6, 'D_layer_units_exponent_1': 8, 'D_layer_units_exponent_2': 4, 'log_learning_rate': -2.4403421552868165, 'log_learning_rate_D': -3.5367247165453835, 'training_batch_size': 10, 'training_p': 8} because of the following error: The value nan is not acceptable.
[W 2023-10-30 12:53:38,435] Trial 18 failed with value tensor(nan, device='cuda:0', grad_fn=<DivBackward0>).
Time for this trial:  8.603105545043945
Memory status after this trial: 
Memory allocated:  134.35498046875
Memory cached:  152.0
--------------------  Trial  19   --------------------
Start timing: 
Parameters: 
{'W_layers': 5, 'W_layer_units_exponent_0': 10, 'W_layer_units_exponent_1': 9, 'W_layer_units_exponent_2': 4, 'W_layer_units_exponent_3': 4, 'W_layer_units_exponent_4': 9, 'D_layers': 3, 'D_layer_units_exponent_0': 6, 'D_layer_units_exponent_1': 4, 'D_layer_units_exponent_2': 4, 'log_learning_rate': -2.5209114372772374, 'log_learning_rate_D': -3.670269056519852, 'training_batch_size': 10, 'training_p': 8}
	 epoch  0 training error:  tensor(1.0000, device='cuda:0', grad_fn=<DivBackward0>)
Memory status after this epoch: 
Memory allocated:  8.41015625
Memory cached:  34.0
	 epoch  10 training error:  tensor(0.9622, device='cuda:0', grad_fn=<DivBackward0>)
Memory status after this epoch: 
Memory allocated:  8.41015625
Memory cached:  40.0
	 epoch  20 training error:  tensor(1.0146, device='cuda:0', grad_fn=<DivBackward0>)
Memory status after this epoch: 
Memory allocated:  8.41015625
Memory cached:  40.0
	 epoch  30 training error:  tensor(60.4502, device='cuda:0', grad_fn=<DivBackward0>)
Memory status after this epoch: 
Memory allocated:  8.41015625
Memory cached:  40.0
	 epoch  40 training error:  tensor(1.0176, device='cuda:0', grad_fn=<DivBackward0>)
Memory status after this epoch: 
Memory allocated:  8.41015625
Memory cached:  40.0
	 epoch  50 training error:  tensor(0.9859, device='cuda:0', grad_fn=<DivBackward0>)
Memory status after this epoch: 
Memory allocated:  8.41015625
Memory cached:  40.0
	 epoch  60 training error:  tensor(0.8556, device='cuda:0', grad_fn=<DivBackward0>)
Memory status after this epoch: 
Memory allocated:  8.41015625
Memory cached:  40.0
	 epoch  70 training error:  tensor(1.0170, device='cuda:0', grad_fn=<DivBackward0>)
Memory status after this epoch: 
Memory allocated:  8.41015625
Memory cached:  40.0
	 epoch  80 training error:  tensor(0.9979, device='cuda:0', grad_fn=<DivBackward0>)
Memory status after this epoch: 
Memory allocated:  8.41015625
Memory cached:  40.0
	 epoch  90 training error:  tensor(0.9947, device='cuda:0', grad_fn=<DivBackward0>)
Memory status after this epoch: 
Memory allocated:  8.41015625
Memory cached:  40.0
[I 2023-10-30 12:55:46,718] Trial 19 finished with value: 0.9754014015197754 and parameters: {'W_layers': 5, 'W_layer_units_exponent_0': 10, 'W_layer_units_exponent_1': 9, 'W_layer_units_exponent_2': 4, 'W_layer_units_exponent_3': 4, 'W_layer_units_exponent_4': 9, 'D_layers': 3, 'D_layer_units_exponent_0': 6, 'D_layer_units_exponent_1': 4, 'D_layer_units_exponent_2': 4, 'log_learning_rate': -2.5209114372772374, 'log_learning_rate_D': -3.670269056519852, 'training_batch_size': 10, 'training_p': 8}. Best is trial 2 with value: 0.23701313138008118.
Time for this trial:  128.0991826057434
Memory status after this trial: 
Memory allocated:  121.6875
Memory cached:  140.0
--------------------  Trial  20   --------------------
Start timing: 
Parameters: 
{'W_layers': 3, 'W_layer_units_exponent_0': 4, 'W_layer_units_exponent_1': 4, 'W_layer_units_exponent_2': 4, 'D_layers': 3, 'D_layer_units_exponent_0': 7, 'D_layer_units_exponent_1': 8, 'D_layer_units_exponent_2': 8, 'log_learning_rate': -4.0936411980165595, 'log_learning_rate_D': -4.886494141600042, 'training_batch_size': 6, 'training_p': 8}
	 epoch  0 training error:  tensor(1.0004, device='cuda:0', grad_fn=<DivBackward0>)
Memory status after this epoch: 
Memory allocated:  1.5478515625
Memory cached:  10.0
	 epoch  10 training error:  tensor(1.0001, device='cuda:0', grad_fn=<DivBackward0>)
Memory status after this epoch: 
Memory allocated:  1.5478515625
Memory cached:  10.0
	 epoch  20 training error:  tensor(0.9999, device='cuda:0', grad_fn=<DivBackward0>)
Memory status after this epoch: 
Memory allocated:  1.5478515625
Memory cached:  10.0
	 epoch  30 training error:  tensor(0.9997, device='cuda:0', grad_fn=<DivBackward0>)
Memory status after this epoch: 
Memory allocated:  1.5478515625
Memory cached:  10.0
	 epoch  40 training error:  tensor(0.9994, device='cuda:0', grad_fn=<DivBackward0>)
Memory status after this epoch: 
Memory allocated:  1.5478515625
Memory cached:  10.0
	 epoch  50 training error:  tensor(0.9990, device='cuda:0', grad_fn=<DivBackward0>)
Memory status after this epoch: 
Memory allocated:  1.5478515625
Memory cached:  10.0
	 epoch  60 training error:  tensor(0.9985, device='cuda:0', grad_fn=<DivBackward0>)
Memory status after this epoch: 
Memory allocated:  1.5478515625
Memory cached:  10.0
	 epoch  70 training error:  tensor(0.9979, device='cuda:0', grad_fn=<DivBackward0>)
Memory status after this epoch: 
Memory allocated:  1.5478515625
Memory cached:  10.0
	 epoch  80 training error:  tensor(0.9972, device='cuda:0', grad_fn=<DivBackward0>)
Memory status after this epoch: 
Memory allocated:  1.5478515625
Memory cached:  10.0
	 epoch  90 training error:  tensor(0.9962, device='cuda:0', grad_fn=<DivBackward0>)
Memory status after this epoch: 
Memory allocated:  1.5478515625
Memory cached:  10.0
