[I 2023-11-08 14:28:54,729] Trial 42 finished with value: 0.050180014222860336 and parameters: {'W_layers': 5, 'W_layer_units_exponent_0': 10, 'W_layer_units_exponent_1': 5, 'W_layer_units_exponent_2': 10, 'W_layer_units_exponent_3': 7, 'W_layer_units_exponent_4': 4, 'D_layers': 6, 'D_layer_units_exponent_0': 4, 'D_layer_units_exponent_1': 10, 'D_layer_units_exponent_2': 4, 'D_layer_units_exponent_3': 5, 'D_layer_units_exponent_4': 5, 'D_layer_units_exponent_5': 7, 'D_dagger_layers': 6, 'D_dagger_layer_units_exponent_0': 4, 'D_dagger_layer_units_exponent_1': 7, 'D_dagger_layer_units_exponent_2': 7, 'D_dagger_layer_units_exponent_3': 10, 'D_dagger_layer_units_exponent_4': 4, 'D_dagger_layer_units_exponent_5': 7, 'log_learning_rate': -4.976763459714998, 'log_learning_rate_D': -3.3720822684703515, 'log_learning_rate_D_dagger': -3.3215669026513024, 'training_batch_size': 9, 'training_p': 8}. Best is trial 24 with value: 0.044248249381780624.
Time for this trial:  227.46046543121338
Memory status after this trial: 
Memory allocated:  266.66064453125
Memory cached:  270.0
--------------------  Trial  43   --------------------
Start timing: 
Parameters: 
{'W_layers': 7, 'W_layer_units_exponent_0': 6, 'W_layer_units_exponent_1': 4, 'W_layer_units_exponent_2': 9, 'W_layer_units_exponent_3': 6, 'W_layer_units_exponent_4': 5, 'W_layer_units_exponent_5': 7, 'W_layer_units_exponent_6': 9, 'D_layers': 5, 'D_layer_units_exponent_0': 4, 'D_layer_units_exponent_1': 10, 'D_layer_units_exponent_2': 5, 'D_layer_units_exponent_3': 6, 'D_layer_units_exponent_4': 7, 'D_dagger_layers': 6, 'D_dagger_layer_units_exponent_0': 5, 'D_dagger_layer_units_exponent_1': 6, 'D_dagger_layer_units_exponent_2': 8, 'D_dagger_layer_units_exponent_3': 9, 'D_dagger_layer_units_exponent_4': 5, 'D_dagger_layer_units_exponent_5': 8, 'log_learning_rate': -4.591956856303425, 'log_learning_rate_D': -3.6451141980175157, 'log_learning_rate_D_dagger': -3.040085503453151, 'training_batch_size': 8, 'training_p': 8}
	 epoch  0 training error:  tensor(0.8667, device='cuda:0', grad_fn=<DivBackward0>)
Memory status after this epoch: 
Memory allocated:  5.50439453125
Memory cached:  142.0
	 epoch  10 training error:  tensor(0.2024, device='cuda:0', grad_fn=<DivBackward0>)
Memory status after this epoch: 
Memory allocated:  5.50439453125
Memory cached:  246.0
	 epoch  20 training error:  tensor(0.1072, device='cuda:0', grad_fn=<DivBackward0>)
Memory status after this epoch: 
Memory allocated:  5.50439453125
Memory cached:  230.0
	 epoch  30 training error:  tensor(0.1017, device='cuda:0', grad_fn=<DivBackward0>)
Memory status after this epoch: 
Memory allocated:  5.50439453125
Memory cached:  236.0
	 epoch  40 training error:  tensor(0.0983, device='cuda:0', grad_fn=<DivBackward0>)
Memory status after this epoch: 
Memory allocated:  5.50439453125
Memory cached:  240.0
	 epoch  50 training error:  tensor(0.0934, device='cuda:0', grad_fn=<DivBackward0>)
Memory status after this epoch: 
Memory allocated:  5.50439453125
Memory cached:  236.0
	 epoch  60 training error:  tensor(0.0909, device='cuda:0', grad_fn=<DivBackward0>)
Memory status after this epoch: 
Memory allocated:  5.50439453125
Memory cached:  240.0
	 epoch  70 training error:  tensor(0.0728, device='cuda:0', grad_fn=<DivBackward0>)
Memory status after this epoch: 
Memory allocated:  5.50439453125
Memory cached:  236.0
	 epoch  80 training error:  tensor(0.0656, device='cuda:0', grad_fn=<DivBackward0>)
Memory status after this epoch: 
Memory allocated:  5.50439453125
Memory cached:  240.0
	 epoch  90 training error:  tensor(0.0509, device='cuda:0', grad_fn=<DivBackward0>)
Memory status after this epoch: 
Memory allocated:  5.50439453125
Memory cached:  234.0
[I 2023-11-08 14:32:43,558] Trial 43 finished with value: 0.041482653468847275 and parameters: {'W_layers': 7, 'W_layer_units_exponent_0': 6, 'W_layer_units_exponent_1': 4, 'W_layer_units_exponent_2': 9, 'W_layer_units_exponent_3': 6, 'W_layer_units_exponent_4': 5, 'W_layer_units_exponent_5': 7, 'W_layer_units_exponent_6': 9, 'D_layers': 5, 'D_layer_units_exponent_0': 4, 'D_layer_units_exponent_1': 10, 'D_layer_units_exponent_2': 5, 'D_layer_units_exponent_3': 6, 'D_layer_units_exponent_4': 7, 'D_dagger_layers': 6, 'D_dagger_layer_units_exponent_0': 5, 'D_dagger_layer_units_exponent_1': 6, 'D_dagger_layer_units_exponent_2': 8, 'D_dagger_layer_units_exponent_3': 9, 'D_dagger_layer_units_exponent_4': 5, 'D_dagger_layer_units_exponent_5': 8, 'log_learning_rate': -4.591956856303425, 'log_learning_rate_D': -3.6451141980175157, 'log_learning_rate_D_dagger': -3.040085503453151, 'training_batch_size': 8, 'training_p': 8}. Best is trial 43 with value: 0.041482653468847275.
Time for this trial:  228.50355529785156
Memory status after this trial: 
Memory allocated:  203.30224609375
Memory cached:  208.0
--------------------  Trial  44   --------------------
Start timing: 
Parameters: 
{'W_layers': 7, 'W_layer_units_exponent_0': 6, 'W_layer_units_exponent_1': 4, 'W_layer_units_exponent_2': 9, 'W_layer_units_exponent_3': 5, 'W_layer_units_exponent_4': 7, 'W_layer_units_exponent_5': 7, 'W_layer_units_exponent_6': 9, 'D_layers': 4, 'D_layer_units_exponent_0': 5, 'D_layer_units_exponent_1': 9, 'D_layer_units_exponent_2': 5, 'D_layer_units_exponent_3': 5, 'D_dagger_layers': 7, 'D_dagger_layer_units_exponent_0': 5, 'D_dagger_layer_units_exponent_1': 6, 'D_dagger_layer_units_exponent_2': 6, 'D_dagger_layer_units_exponent_3': 9, 'D_dagger_layer_units_exponent_4': 6, 'D_dagger_layer_units_exponent_5': 6, 'D_dagger_layer_units_exponent_6': 5, 'log_learning_rate': -4.588208038674056, 'log_learning_rate_D': -4.225676348138097, 'log_learning_rate_D_dagger': -2.6781648783871574, 'training_batch_size': 7, 'training_p': 7}
	 epoch  0 training error:  tensor(0.9890, device='cuda:0', grad_fn=<DivBackward0>)
Memory status after this epoch: 
Memory allocated:  3.60009765625
Memory cached:  138.0
	 epoch  10 training error:  tensor(0.1341, device='cuda:0', grad_fn=<DivBackward0>)
Memory status after this epoch: 
Memory allocated:  3.60009765625
Memory cached:  204.0
	 epoch  20 training error:  tensor(0.1071, device='cuda:0', grad_fn=<DivBackward0>)
Memory status after this epoch: 
Memory allocated:  3.60009765625
Memory cached:  194.0
	 epoch  30 training error:  tensor(0.1151, device='cuda:0', grad_fn=<DivBackward0>)
Memory status after this epoch: 
Memory allocated:  3.60009765625
Memory cached:  196.0
	 epoch  40 training error:  tensor(0.1042, device='cuda:0', grad_fn=<DivBackward0>)
Memory status after this epoch: 
Memory allocated:  3.60009765625
Memory cached:  192.0
	 epoch  50 training error:  tensor(0.0978, device='cuda:0', grad_fn=<DivBackward0>)
Memory status after this epoch: 
Memory allocated:  3.60009765625
Memory cached:  202.0
	 epoch  60 training error:  tensor(0.0970, device='cuda:0', grad_fn=<DivBackward0>)
Memory status after this epoch: 
Memory allocated:  3.60009765625
Memory cached:  200.0
	 epoch  70 training error:  tensor(0.0940, device='cuda:0', grad_fn=<DivBackward0>)
Memory status after this epoch: 
Memory allocated:  3.60009765625
Memory cached:  196.0
	 epoch  80 training error:  tensor(0.0933, device='cuda:0', grad_fn=<DivBackward0>)
Memory status after this epoch: 
Memory allocated:  3.60009765625
Memory cached:  204.0
	 epoch  90 training error:  tensor(0.0901, device='cuda:0', grad_fn=<DivBackward0>)
Memory status after this epoch: 
Memory allocated:  3.60009765625
Memory cached:  206.0
[I 2023-11-08 14:36:20,885] Trial 44 finished with value: 0.0655595138669014 and parameters: {'W_layers': 7, 'W_layer_units_exponent_0': 6, 'W_layer_units_exponent_1': 4, 'W_layer_units_exponent_2': 9, 'W_layer_units_exponent_3': 5, 'W_layer_units_exponent_4': 7, 'W_layer_units_exponent_5': 7, 'W_layer_units_exponent_6': 9, 'D_layers': 4, 'D_layer_units_exponent_0': 5, 'D_layer_units_exponent_1': 9, 'D_layer_units_exponent_2': 5, 'D_layer_units_exponent_3': 5, 'D_dagger_layers': 7, 'D_dagger_layer_units_exponent_0': 5, 'D_dagger_layer_units_exponent_1': 6, 'D_dagger_layer_units_exponent_2': 6, 'D_dagger_layer_units_exponent_3': 9, 'D_dagger_layer_units_exponent_4': 6, 'D_dagger_layer_units_exponent_5': 6, 'D_dagger_layer_units_exponent_6': 5, 'log_learning_rate': -4.588208038674056, 'log_learning_rate_D': -4.225676348138097, 'log_learning_rate_D_dagger': -2.6781648783871574, 'training_batch_size': 7, 'training_p': 7}. Best is trial 43 with value: 0.041482653468847275.
Time for this trial:  217.00994563102722
Memory status after this trial: 
Memory allocated:  153.8251953125
Memory cached:  166.0
--------------------  Trial  45   --------------------
Start timing: 
Parameters: 
{'W_layers': 7, 'W_layer_units_exponent_0': 7, 'W_layer_units_exponent_1': 4, 'W_layer_units_exponent_2': 9, 'W_layer_units_exponent_3': 8, 'W_layer_units_exponent_4': 4, 'W_layer_units_exponent_5': 8, 'W_layer_units_exponent_6': 9, 'D_layers': 5, 'D_layer_units_exponent_0': 4, 'D_layer_units_exponent_1': 10, 'D_layer_units_exponent_2': 5, 'D_layer_units_exponent_3': 6, 'D_layer_units_exponent_4': 8, 'D_dagger_layers': 6, 'D_dagger_layer_units_exponent_0': 5, 'D_dagger_layer_units_exponent_1': 5, 'D_dagger_layer_units_exponent_2': 7, 'D_dagger_layer_units_exponent_3': 9, 'D_dagger_layer_units_exponent_4': 5, 'D_dagger_layer_units_exponent_5': 7, 'log_learning_rate': -4.756011135537822, 'log_learning_rate_D': -3.954192926859676, 'log_learning_rate_D_dagger': -2.938799002790131, 'training_batch_size': 8, 'training_p': 8}
	 epoch  0 training error:  tensor(1.0791, device='cuda:0', grad_fn=<DivBackward0>)
Memory status after this epoch: 
Memory allocated:  6.91455078125
Memory cached:  150.0
	 epoch  10 training error:  tensor(0.1752, device='cuda:0', grad_fn=<DivBackward0>)
Memory status after this epoch: 
Memory allocated:  6.91455078125
Memory cached:  252.0
	 epoch  20 training error:  tensor(0.1034, device='cuda:0', grad_fn=<DivBackward0>)
Memory status after this epoch: 
Memory allocated:  6.91455078125
Memory cached:  264.0
	 epoch  30 training error:  tensor(0.1011, device='cuda:0', grad_fn=<DivBackward0>)
Memory status after this epoch: 
Memory allocated:  6.91455078125
Memory cached:  254.0
	 epoch  40 training error:  tensor(0.1020, device='cuda:0', grad_fn=<DivBackward0>)
Memory status after this epoch: 
Memory allocated:  6.91455078125
Memory cached:  260.0
	 epoch  50 training error:  tensor(0.0923, device='cuda:0', grad_fn=<DivBackward0>)
Memory status after this epoch: 
Memory allocated:  6.91455078125
Memory cached:  250.0
	 epoch  60 training error:  tensor(0.0806, device='cuda:0', grad_fn=<DivBackward0>)
Memory status after this epoch: 
Memory allocated:  6.91455078125
Memory cached:  260.0
	 epoch  70 training error:  tensor(0.0593, device='cuda:0', grad_fn=<DivBackward0>)
Memory status after this epoch: 
Memory allocated:  6.91455078125
Memory cached:  244.0
	 epoch  80 training error:  tensor(0.0493, device='cuda:0', grad_fn=<DivBackward0>)
Memory status after this epoch: 
Memory allocated:  6.91455078125
Memory cached:  258.0
	 epoch  90 training error:  tensor(0.1501, device='cuda:0', grad_fn=<DivBackward0>)
Memory status after this epoch: 
Memory allocated:  6.91455078125
Memory cached:  260.0
[I 2023-11-08 14:40:05,622] Trial 45 finished with value: 0.06024296209216118 and parameters: {'W_layers': 7, 'W_layer_units_exponent_0': 7, 'W_layer_units_exponent_1': 4, 'W_layer_units_exponent_2': 9, 'W_layer_units_exponent_3': 8, 'W_layer_units_exponent_4': 4, 'W_layer_units_exponent_5': 8, 'W_layer_units_exponent_6': 9, 'D_layers': 5, 'D_layer_units_exponent_0': 4, 'D_layer_units_exponent_1': 10, 'D_layer_units_exponent_2': 5, 'D_layer_units_exponent_3': 6, 'D_layer_units_exponent_4': 8, 'D_dagger_layers': 6, 'D_dagger_layer_units_exponent_0': 5, 'D_dagger_layer_units_exponent_1': 5, 'D_dagger_layer_units_exponent_2': 7, 'D_dagger_layer_units_exponent_3': 9, 'D_dagger_layer_units_exponent_4': 5, 'D_dagger_layer_units_exponent_5': 7, 'log_learning_rate': -4.756011135537822, 'log_learning_rate_D': -3.954192926859676, 'log_learning_rate_D_dagger': -2.938799002790131, 'training_batch_size': 8, 'training_p': 8}. Best is trial 43 with value: 0.041482653468847275.
Time for this trial:  224.40671348571777
Memory status after this trial: 
Memory allocated:  215.21826171875
Memory cached:  220.0
--------------------  Trial  46   --------------------
Start timing: 
Parameters: 
{'W_layers': 8, 'W_layer_units_exponent_0': 6, 'W_layer_units_exponent_1': 4, 'W_layer_units_exponent_2': 8, 'W_layer_units_exponent_3': 6, 'W_layer_units_exponent_4': 6, 'W_layer_units_exponent_5': 7, 'W_layer_units_exponent_6': 10, 'W_layer_units_exponent_7': 6, 'D_layers': 6, 'D_layer_units_exponent_0': 5, 'D_layer_units_exponent_1': 9, 'D_layer_units_exponent_2': 7, 'D_layer_units_exponent_3': 7, 'D_layer_units_exponent_4': 9, 'D_layer_units_exponent_5': 5, 'D_dagger_layers': 5, 'D_dagger_layer_units_exponent_0': 7, 'D_dagger_layer_units_exponent_1': 6, 'D_dagger_layer_units_exponent_2': 9, 'D_dagger_layer_units_exponent_3': 7, 'D_dagger_layer_units_exponent_4': 6, 'log_learning_rate': -4.355233150986679, 'log_learning_rate_D': -3.6052988738446734, 'log_learning_rate_D_dagger': -3.021403540668756, 'training_batch_size': 9, 'training_p': 6}
	 epoch  0 training error:  tensor(0.9864, device='cuda:0', grad_fn=<DivBackward0>)
Memory status after this epoch: 
Memory allocated:  8.21533203125
Memory cached:  172.0
	 epoch  10 training error:  tensor(0.1091, device='cuda:0', grad_fn=<DivBackward0>)
Memory status after this epoch: 
Memory allocated:  8.21533203125
Memory cached:  250.0
	 epoch  20 training error:  tensor(0.1101, device='cuda:0', grad_fn=<DivBackward0>)
Memory status after this epoch: 
Memory allocated:  8.21533203125
Memory cached:  246.0
	 epoch  30 training error:  tensor(0.1089, device='cuda:0', grad_fn=<DivBackward0>)
Memory status after this epoch: 
Memory allocated:  8.21533203125
Memory cached:  254.0
	 epoch  40 training error:  tensor(0.0928, device='cuda:0', grad_fn=<DivBackward0>)
Memory status after this epoch: 
Memory allocated:  8.21533203125
Memory cached:  254.0
	 epoch  50 training error:  tensor(0.0831, device='cuda:0', grad_fn=<DivBackward0>)
Memory status after this epoch: 
Memory allocated:  8.21533203125
Memory cached:  256.0
	 epoch  60 training error:  tensor(0.0680, device='cuda:0', grad_fn=<DivBackward0>)
Memory status after this epoch: 
Memory allocated:  8.21533203125
Memory cached:  250.0
	 epoch  70 training error:  tensor(0.0680, device='cuda:0', grad_fn=<DivBackward0>)
Memory status after this epoch: 
Memory allocated:  8.21533203125
Memory cached:  250.0
	 epoch  80 training error:  tensor(0.0664, device='cuda:0', grad_fn=<DivBackward0>)
Memory status after this epoch: 
Memory allocated:  8.21533203125
Memory cached:  248.0
	 epoch  90 training error:  tensor(0.0744, device='cuda:0', grad_fn=<DivBackward0>)
Memory status after this epoch: 
Memory allocated:  8.21533203125
Memory cached:  248.0
[I 2023-11-08 14:43:56,706] Trial 46 finished with value: 0.042534489184617996 and parameters: {'W_layers': 8, 'W_layer_units_exponent_0': 6, 'W_layer_units_exponent_1': 4, 'W_layer_units_exponent_2': 8, 'W_layer_units_exponent_3': 6, 'W_layer_units_exponent_4': 6, 'W_layer_units_exponent_5': 7, 'W_layer_units_exponent_6': 10, 'W_layer_units_exponent_7': 6, 'D_layers': 6, 'D_layer_units_exponent_0': 5, 'D_layer_units_exponent_1': 9, 'D_layer_units_exponent_2': 7, 'D_layer_units_exponent_3': 7, 'D_layer_units_exponent_4': 9, 'D_layer_units_exponent_5': 5, 'D_dagger_layers': 5, 'D_dagger_layer_units_exponent_0': 7, 'D_dagger_layer_units_exponent_1': 6, 'D_dagger_layer_units_exponent_2': 9, 'D_dagger_layer_units_exponent_3': 7, 'D_dagger_layer_units_exponent_4': 6, 'log_learning_rate': -4.355233150986679, 'log_learning_rate_D': -3.6052988738446734, 'log_learning_rate_D_dagger': -3.021403540668756, 'training_batch_size': 9, 'training_p': 6}. Best is trial 43 with value: 0.041482653468847275.
Time for this trial:  230.73902130126953
Memory status after this trial: 
Memory allocated:  213.84521484375
Memory cached:  220.0
--------------------  Trial  47   --------------------
Start timing: 
Parameters: 
{'W_layers': 8, 'W_layer_units_exponent_0': 5, 'W_layer_units_exponent_1': 4, 'W_layer_units_exponent_2': 8, 'W_layer_units_exponent_3': 4, 'W_layer_units_exponent_4': 7, 'W_layer_units_exponent_5': 7, 'W_layer_units_exponent_6': 10, 'W_layer_units_exponent_7': 6, 'D_layers': 7, 'D_layer_units_exponent_0': 6, 'D_layer_units_exponent_1': 9, 'D_layer_units_exponent_2': 7, 'D_layer_units_exponent_3': 9, 'D_layer_units_exponent_4': 9, 'D_layer_units_exponent_5': 5, 'D_layer_units_exponent_6': 10, 'D_dagger_layers': 5, 'D_dagger_layer_units_exponent_0': 7, 'D_dagger_layer_units_exponent_1': 5, 'D_dagger_layer_units_exponent_2': 9, 'D_dagger_layer_units_exponent_3': 7, 'D_dagger_layer_units_exponent_4': 6, 'log_learning_rate': -4.284810064334627, 'log_learning_rate_D': -3.730042862817481, 'log_learning_rate_D_dagger': -2.129923473374167, 'training_batch_size': 10, 'training_p': 6}
	 epoch  0 training error:  tensor(1.1324, device='cuda:0', grad_fn=<DivBackward0>)
Memory status after this epoch: 
Memory allocated:  12.33642578125
Memory cached:  162.0
	 epoch  10 training error:  tensor(0.8336, device='cuda:0', grad_fn=<DivBackward0>)
Memory status after this epoch: 
Memory allocated:  12.33642578125
Memory cached:  292.0
	 epoch  20 training error:  tensor(0.1173, device='cuda:0', grad_fn=<DivBackward0>)
Memory status after this epoch: 
Memory allocated:  12.33642578125
Memory cached:  286.0
	 epoch  30 training error:  tensor(0.2125, device='cuda:0', grad_fn=<DivBackward0>)
Memory status after this epoch: 
Memory allocated:  12.33642578125
Memory cached:  288.0
	 epoch  40 training error:  tensor(0.1129, device='cuda:0', grad_fn=<DivBackward0>)
Memory status after this epoch: 
Memory allocated:  12.33642578125
Memory cached:  290.0
	 epoch  50 training error:  tensor(0.0883, device='cuda:0', grad_fn=<DivBackward0>)
Memory status after this epoch: 
Memory allocated:  12.33642578125
Memory cached:  294.0
	 epoch  60 training error:  tensor(0.0832, device='cuda:0', grad_fn=<DivBackward0>)
Memory status after this epoch: 
Memory allocated:  12.33642578125
Memory cached:  294.0
	 epoch  70 training error:  tensor(0.0668, device='cuda:0', grad_fn=<DivBackward0>)
Memory status after this epoch: 
Memory allocated:  12.33642578125
Memory cached:  296.0
	 epoch  80 training error:  tensor(0.0558, device='cuda:0', grad_fn=<DivBackward0>)
Memory status after this epoch: 
Memory allocated:  12.33642578125
Memory cached:  284.0
	 epoch  90 training error:  tensor(0.0531, device='cuda:0', grad_fn=<DivBackward0>)
Memory status after this epoch: 
Memory allocated:  12.33642578125
Memory cached:  296.0
