[I 2023-11-08 11:31:03,403] Trial 29 finished with value: 0.08381598442792892 and parameters: {'W_layers': 6, 'W_layer_units_exponent_0': 6, 'W_layer_units_exponent_1': 5, 'W_layer_units_exponent_2': 7, 'W_layer_units_exponent_3': 9, 'W_layer_units_exponent_4': 9, 'W_layer_units_exponent_5': 6, 'D_layers': 8, 'D_layer_units_exponent_0': 5, 'D_layer_units_exponent_1': 10, 'D_layer_units_exponent_2': 4, 'D_layer_units_exponent_3': 10, 'D_layer_units_exponent_4': 8, 'D_layer_units_exponent_5': 6, 'D_layer_units_exponent_6': 10, 'D_layer_units_exponent_7': 8, 'D_dagger_layers': 2, 'D_dagger_layer_units_exponent_0': 8, 'D_dagger_layer_units_exponent_1': 7, 'log_learning_rate': -2.076739690175644, 'log_learning_rate_D': -2.7764342223979397, 'log_learning_rate_D_dagger': -4.697811882257683, 'training_batch_size': 7, 'training_p': 6}. Best is trial 11 with value: 0.06560932844877243.
Time for this trial:  18.560325622558594
Memory status after this trial: 
Memory allocated:  95.2783203125
Memory cached:  110.0
--------------------  Trial  30   --------------------
Start timing: 
Parameters: 
{'W_layers': 4, 'W_layer_units_exponent_0': 10, 'W_layer_units_exponent_1': 4, 'W_layer_units_exponent_2': 10, 'W_layer_units_exponent_3': 6, 'D_layers': 5, 'D_layer_units_exponent_0': 7, 'D_layer_units_exponent_1': 6, 'D_layer_units_exponent_2': 6, 'D_layer_units_exponent_3': 6, 'D_layer_units_exponent_4': 9, 'D_dagger_layers': 6, 'D_dagger_layer_units_exponent_0': 9, 'D_dagger_layer_units_exponent_1': 8, 'D_dagger_layer_units_exponent_2': 6, 'D_dagger_layer_units_exponent_3': 5, 'D_dagger_layer_units_exponent_4': 6, 'D_dagger_layer_units_exponent_5': 4, 'log_learning_rate': -2.707924173703947, 'log_learning_rate_D': -2.9122595986122115, 'log_learning_rate_D_dagger': -4.4111132007362315, 'training_batch_size': 10, 'training_p': 3}
	 epoch  0 training error:  tensor(1.2477, device='cuda:0', grad_fn=<DivBackward0>)
Memory status after this epoch: 
Memory allocated:  4.26220703125
Memory cached:  10.0
	 epoch  10 training error:  tensor(0.8739, device='cuda:0', grad_fn=<DivBackward0>)
Memory status after this epoch: 
Memory allocated:  4.26220703125
Memory cached:  12.0
	 epoch  20 training error:  tensor(0.2133, device='cuda:0', grad_fn=<DivBackward0>)
Memory status after this epoch: 
Memory allocated:  4.26220703125
Memory cached:  12.0
	 epoch  30 training error:  tensor(0.1356, device='cuda:0', grad_fn=<DivBackward0>)
Memory status after this epoch: 
Memory allocated:  4.26220703125
Memory cached:  12.0
	 epoch  40 training error:  tensor(0.1469, device='cuda:0', grad_fn=<DivBackward0>)
Memory status after this epoch: 
Memory allocated:  4.26220703125
Memory cached:  12.0
	 epoch  50 training error:  tensor(0.1015, device='cuda:0', grad_fn=<DivBackward0>)
Memory status after this epoch: 
Memory allocated:  4.26220703125
Memory cached:  12.0
	 epoch  60 training error:  tensor(0.0925, device='cuda:0', grad_fn=<DivBackward0>)
Memory status after this epoch: 
Memory allocated:  4.26220703125
Memory cached:  12.0
	 epoch  70 training error:  tensor(0.0928, device='cuda:0', grad_fn=<DivBackward0>)
Memory status after this epoch: 
Memory allocated:  4.26220703125
Memory cached:  12.0
	 epoch  80 training error:  tensor(0.0902, device='cuda:0', grad_fn=<DivBackward0>)
Memory status after this epoch: 
Memory allocated:  4.26220703125
Memory cached:  12.0
	 epoch  90 training error:  tensor(0.0892, device='cuda:0', grad_fn=<DivBackward0>)
Memory status after this epoch: 
Memory allocated:  4.26220703125
Memory cached:  12.0
[I 2023-11-08 11:31:25,414] Trial 30 finished with value: 0.07553449273109436 and parameters: {'W_layers': 4, 'W_layer_units_exponent_0': 10, 'W_layer_units_exponent_1': 4, 'W_layer_units_exponent_2': 10, 'W_layer_units_exponent_3': 6, 'D_layers': 5, 'D_layer_units_exponent_0': 7, 'D_layer_units_exponent_1': 6, 'D_layer_units_exponent_2': 6, 'D_layer_units_exponent_3': 6, 'D_layer_units_exponent_4': 9, 'D_dagger_layers': 6, 'D_dagger_layer_units_exponent_0': 9, 'D_dagger_layer_units_exponent_1': 8, 'D_dagger_layer_units_exponent_2': 6, 'D_dagger_layer_units_exponent_3': 5, 'D_dagger_layer_units_exponent_4': 6, 'D_dagger_layer_units_exponent_5': 4, 'log_learning_rate': -2.707924173703947, 'log_learning_rate_D': -2.9122595986122115, 'log_learning_rate_D_dagger': -4.4111132007362315, 'training_batch_size': 10, 'training_p': 3}. Best is trial 11 with value: 0.06560932844877243.
Time for this trial:  21.764209032058716
Memory status after this trial: 
Memory allocated:  169.4345703125
Memory cached:  176.0
--------------------  Trial  31   --------------------
Start timing: 
Parameters: 
{'W_layers': 5, 'W_layer_units_exponent_0': 9, 'W_layer_units_exponent_1': 5, 'W_layer_units_exponent_2': 8, 'W_layer_units_exponent_3': 10, 'W_layer_units_exponent_4': 10, 'D_layers': 8, 'D_layer_units_exponent_0': 5, 'D_layer_units_exponent_1': 9, 'D_layer_units_exponent_2': 4, 'D_layer_units_exponent_3': 10, 'D_layer_units_exponent_4': 8, 'D_layer_units_exponent_5': 10, 'D_layer_units_exponent_6': 9, 'D_layer_units_exponent_7': 4, 'D_dagger_layers': 5, 'D_dagger_layer_units_exponent_0': 10, 'D_dagger_layer_units_exponent_1': 8, 'D_dagger_layer_units_exponent_2': 10, 'D_dagger_layer_units_exponent_3': 6, 'D_dagger_layer_units_exponent_4': 4, 'log_learning_rate': -2.933546977400013, 'log_learning_rate_D': -2.4360274614718187, 'log_learning_rate_D_dagger': -3.8638123711044576, 'training_batch_size': 10, 'training_p': 4}
	 epoch  0 training error:  tensor(1.1873, device='cuda:0', grad_fn=<DivBackward0>)
Memory status after this epoch: 
Memory allocated:  34.25146484375
Memory cached:  56.0
	 epoch  10 training error:  tensor(0.1041, device='cuda:0', grad_fn=<DivBackward0>)
Memory status after this epoch: 
Memory allocated:  34.25146484375
Memory cached:  58.0
	 epoch  20 training error:  tensor(0.1087, device='cuda:0', grad_fn=<DivBackward0>)
Memory status after this epoch: 
Memory allocated:  34.25146484375
Memory cached:  58.0
	 epoch  30 training error:  tensor(0.0937, device='cuda:0', grad_fn=<DivBackward0>)
Memory status after this epoch: 
Memory allocated:  34.25146484375
Memory cached:  58.0
	 epoch  40 training error:  tensor(0.0903, device='cuda:0', grad_fn=<DivBackward0>)
Memory status after this epoch: 
Memory allocated:  34.25146484375
Memory cached:  58.0
	 epoch  50 training error:  tensor(0.0877, device='cuda:0', grad_fn=<DivBackward0>)
Memory status after this epoch: 
Memory allocated:  34.25146484375
Memory cached:  58.0
	 epoch  60 training error:  tensor(0.0855, device='cuda:0', grad_fn=<DivBackward0>)
Memory status after this epoch: 
Memory allocated:  34.25146484375
Memory cached:  58.0
	 epoch  70 training error:  tensor(0.0839, device='cuda:0', grad_fn=<DivBackward0>)
Memory status after this epoch: 
Memory allocated:  34.25146484375
Memory cached:  58.0
	 epoch  80 training error:  tensor(0.0823, device='cuda:0', grad_fn=<DivBackward0>)
Memory status after this epoch: 
Memory allocated:  34.25146484375
Memory cached:  58.0
	 epoch  90 training error:  tensor(0.0828, device='cuda:0', grad_fn=<DivBackward0>)
Memory status after this epoch: 
Memory allocated:  34.25146484375
Memory cached:  58.0
[I 2023-11-08 11:31:46,903] Trial 31 finished with value: 0.06428854167461395 and parameters: {'W_layers': 5, 'W_layer_units_exponent_0': 9, 'W_layer_units_exponent_1': 5, 'W_layer_units_exponent_2': 8, 'W_layer_units_exponent_3': 10, 'W_layer_units_exponent_4': 10, 'D_layers': 8, 'D_layer_units_exponent_0': 5, 'D_layer_units_exponent_1': 9, 'D_layer_units_exponent_2': 4, 'D_layer_units_exponent_3': 10, 'D_layer_units_exponent_4': 8, 'D_layer_units_exponent_5': 10, 'D_layer_units_exponent_6': 9, 'D_layer_units_exponent_7': 4, 'D_dagger_layers': 5, 'D_dagger_layer_units_exponent_0': 10, 'D_dagger_layer_units_exponent_1': 8, 'D_dagger_layer_units_exponent_2': 10, 'D_dagger_layer_units_exponent_3': 6, 'D_dagger_layer_units_exponent_4': 4, 'log_learning_rate': -2.933546977400013, 'log_learning_rate_D': -2.4360274614718187, 'log_learning_rate_D_dagger': -3.8638123711044576, 'training_batch_size': 10, 'training_p': 4}. Best is trial 31 with value: 0.06428854167461395.
Time for this trial:  21.21353816986084
Memory status after this trial: 
Memory allocated:  300.171875
Memory cached:  322.0
--------------------  Trial  32   --------------------
Start timing: 
Parameters: 
{'W_layers': 5, 'W_layer_units_exponent_0': 8, 'W_layer_units_exponent_1': 6, 'W_layer_units_exponent_2': 8, 'W_layer_units_exponent_3': 10, 'W_layer_units_exponent_4': 10, 'D_layers': 8, 'D_layer_units_exponent_0': 5, 'D_layer_units_exponent_1': 9, 'D_layer_units_exponent_2': 4, 'D_layer_units_exponent_3': 10, 'D_layer_units_exponent_4': 8, 'D_layer_units_exponent_5': 9, 'D_layer_units_exponent_6': 9, 'D_layer_units_exponent_7': 4, 'D_dagger_layers': 5, 'D_dagger_layer_units_exponent_0': 10, 'D_dagger_layer_units_exponent_1': 7, 'D_dagger_layer_units_exponent_2': 10, 'D_dagger_layer_units_exponent_3': 6, 'D_dagger_layer_units_exponent_4': 4, 'log_learning_rate': -3.0214844715798224, 'log_learning_rate_D': -2.3197529633094356, 'log_learning_rate_D_dagger': -3.7882812213343535, 'training_batch_size': 10, 'training_p': 4}
	 epoch  0 training error:  tensor(0.9507, device='cuda:0', grad_fn=<DivBackward0>)
Memory status after this epoch: 
Memory allocated:  28.48974609375
Memory cached:  50.0
	 epoch  10 training error:  tensor(0.3307, device='cuda:0', grad_fn=<DivBackward0>)
Memory status after this epoch: 
Memory allocated:  28.48974609375
Memory cached:  52.0
	 epoch  20 training error:  tensor(0.1494, device='cuda:0', grad_fn=<DivBackward0>)
Memory status after this epoch: 
Memory allocated:  28.48974609375
Memory cached:  52.0
	 epoch  30 training error:  tensor(0.1262, device='cuda:0', grad_fn=<DivBackward0>)
Memory status after this epoch: 
Memory allocated:  28.48974609375
Memory cached:  52.0
	 epoch  40 training error:  tensor(0.0985, device='cuda:0', grad_fn=<DivBackward0>)
Memory status after this epoch: 
Memory allocated:  28.48974609375
Memory cached:  52.0
	 epoch  50 training error:  tensor(0.0944, device='cuda:0', grad_fn=<DivBackward0>)
Memory status after this epoch: 
Memory allocated:  28.48974609375
Memory cached:  52.0
	 epoch  60 training error:  tensor(0.0882, device='cuda:0', grad_fn=<DivBackward0>)
Memory status after this epoch: 
Memory allocated:  28.48974609375
Memory cached:  52.0
	 epoch  70 training error:  tensor(0.0872, device='cuda:0', grad_fn=<DivBackward0>)
Memory status after this epoch: 
Memory allocated:  28.48974609375
Memory cached:  52.0
	 epoch  80 training error:  tensor(0.0854, device='cuda:0', grad_fn=<DivBackward0>)
Memory status after this epoch: 
Memory allocated:  28.48974609375
Memory cached:  52.0
	 epoch  90 training error:  tensor(0.0840, device='cuda:0', grad_fn=<DivBackward0>)
Memory status after this epoch: 
Memory allocated:  28.48974609375
Memory cached:  52.0
[I 2023-11-08 11:32:08,813] Trial 32 finished with value: 0.06568949669599533 and parameters: {'W_layers': 5, 'W_layer_units_exponent_0': 8, 'W_layer_units_exponent_1': 6, 'W_layer_units_exponent_2': 8, 'W_layer_units_exponent_3': 10, 'W_layer_units_exponent_4': 10, 'D_layers': 8, 'D_layer_units_exponent_0': 5, 'D_layer_units_exponent_1': 9, 'D_layer_units_exponent_2': 4, 'D_layer_units_exponent_3': 10, 'D_layer_units_exponent_4': 8, 'D_layer_units_exponent_5': 9, 'D_layer_units_exponent_6': 9, 'D_layer_units_exponent_7': 4, 'D_dagger_layers': 5, 'D_dagger_layer_units_exponent_0': 10, 'D_dagger_layer_units_exponent_1': 7, 'D_dagger_layer_units_exponent_2': 10, 'D_dagger_layer_units_exponent_3': 6, 'D_dagger_layer_units_exponent_4': 4, 'log_learning_rate': -3.0214844715798224, 'log_learning_rate_D': -2.3197529633094356, 'log_learning_rate_D_dagger': -3.7882812213343535, 'training_batch_size': 10, 'training_p': 4}. Best is trial 31 with value: 0.06428854167461395.
Time for this trial:  21.66496992111206
Memory status after this trial: 
Memory allocated:  277.1337890625
Memory cached:  330.0
--------------------  Trial  33   --------------------
Start timing: 
Parameters: 
{'W_layers': 5, 'W_layer_units_exponent_0': 8, 'W_layer_units_exponent_1': 5, 'W_layer_units_exponent_2': 9, 'W_layer_units_exponent_3': 10, 'W_layer_units_exponent_4': 10, 'D_layers': 7, 'D_layer_units_exponent_0': 4, 'D_layer_units_exponent_1': 10, 'D_layer_units_exponent_2': 5, 'D_layer_units_exponent_3': 9, 'D_layer_units_exponent_4': 7, 'D_layer_units_exponent_5': 9, 'D_layer_units_exponent_6': 8, 'D_dagger_layers': 5, 'D_dagger_layer_units_exponent_0': 10, 'D_dagger_layer_units_exponent_1': 7, 'D_dagger_layer_units_exponent_2': 10, 'D_dagger_layer_units_exponent_3': 7, 'D_dagger_layer_units_exponent_4': 4, 'log_learning_rate': -3.056977562129948, 'log_learning_rate_D': -2.3577782651462087, 'log_learning_rate_D_dagger': -3.7566220618665143, 'training_batch_size': 10, 'training_p': 4}
	 epoch  0 training error:  tensor(0.9878, device='cuda:0', grad_fn=<DivBackward0>)
Memory status after this epoch: 
Memory allocated:  31.9453125
Memory cached:  50.0
	 epoch  10 training error:  tensor(0.2863, device='cuda:0', grad_fn=<DivBackward0>)
Memory status after this epoch: 
Memory allocated:  31.9453125
Memory cached:  52.0
	 epoch  20 training error:  tensor(0.1125, device='cuda:0', grad_fn=<DivBackward0>)
Memory status after this epoch: 
Memory allocated:  31.9453125
Memory cached:  52.0
	 epoch  30 training error:  tensor(0.1311, device='cuda:0', grad_fn=<DivBackward0>)
Memory status after this epoch: 
Memory allocated:  31.9453125
Memory cached:  52.0
	 epoch  40 training error:  tensor(0.1040, device='cuda:0', grad_fn=<DivBackward0>)
Memory status after this epoch: 
Memory allocated:  31.9453125
Memory cached:  52.0
	 epoch  50 training error:  tensor(0.1002, device='cuda:0', grad_fn=<DivBackward0>)
Memory status after this epoch: 
Memory allocated:  31.9453125
Memory cached:  52.0
	 epoch  60 training error:  tensor(0.0929, device='cuda:0', grad_fn=<DivBackward0>)
Memory status after this epoch: 
Memory allocated:  31.9453125
Memory cached:  52.0
	 epoch  70 training error:  tensor(0.0910, device='cuda:0', grad_fn=<DivBackward0>)
Memory status after this epoch: 
Memory allocated:  31.9453125
Memory cached:  52.0
	 epoch  80 training error:  tensor(0.0896, device='cuda:0', grad_fn=<DivBackward0>)
Memory status after this epoch: 
Memory allocated:  31.9453125
Memory cached:  52.0
	 epoch  90 training error:  tensor(0.0875, device='cuda:0', grad_fn=<DivBackward0>)
Memory status after this epoch: 
Memory allocated:  31.9453125
Memory cached:  52.0
[I 2023-11-08 11:32:31,424] Trial 33 finished with value: 0.06756146252155304 and parameters: {'W_layers': 5, 'W_layer_units_exponent_0': 8, 'W_layer_units_exponent_1': 5, 'W_layer_units_exponent_2': 9, 'W_layer_units_exponent_3': 10, 'W_layer_units_exponent_4': 10, 'D_layers': 7, 'D_layer_units_exponent_0': 4, 'D_layer_units_exponent_1': 10, 'D_layer_units_exponent_2': 5, 'D_layer_units_exponent_3': 9, 'D_layer_units_exponent_4': 7, 'D_layer_units_exponent_5': 9, 'D_layer_units_exponent_6': 8, 'D_dagger_layers': 5, 'D_dagger_layer_units_exponent_0': 10, 'D_dagger_layer_units_exponent_1': 7, 'D_dagger_layer_units_exponent_2': 10, 'D_dagger_layer_units_exponent_3': 7, 'D_dagger_layer_units_exponent_4': 4, 'log_learning_rate': -3.056977562129948, 'log_learning_rate_D': -2.3577782651462087, 'log_learning_rate_D_dagger': -3.7566220618665143, 'training_batch_size': 10, 'training_p': 4}. Best is trial 31 with value: 0.06428854167461395.
Time for this trial:  22.36552357673645
Memory status after this trial: 
Memory allocated:  295.8056640625
Memory cached:  350.0
--------------------  Trial  34   --------------------
Start timing: 
Parameters: 
{'W_layers': 7, 'W_layer_units_exponent_0': 8, 'W_layer_units_exponent_1': 4, 'W_layer_units_exponent_2': 8, 'W_layer_units_exponent_3': 9, 'W_layer_units_exponent_4': 10, 'W_layer_units_exponent_5': 8, 'W_layer_units_exponent_6': 4, 'D_layers': 6, 'D_layer_units_exponent_0': 7, 'D_layer_units_exponent_1': 8, 'D_layer_units_exponent_2': 4, 'D_layer_units_exponent_3': 10, 'D_layer_units_exponent_4': 8, 'D_layer_units_exponent_5': 10, 'D_dagger_layers': 5, 'D_dagger_layer_units_exponent_0': 4, 'D_dagger_layer_units_exponent_1': 7, 'D_dagger_layer_units_exponent_2': 9, 'D_dagger_layer_units_exponent_3': 6, 'D_dagger_layer_units_exponent_4': 5, 'log_learning_rate': -3.3162415600081023, 'log_learning_rate_D': -2.7439040840128146, 'log_learning_rate_D_dagger': -3.318572430078372, 'training_batch_size': 9, 'training_p': 4}
	 epoch  0 training error:  tensor(1.1778, device='cuda:0', grad_fn=<DivBackward0>)
Memory status after this epoch: 
Memory allocated:  18.56591796875
Memory cached:  56.0
	 epoch  10 training error:  tensor(0.1081, device='cuda:0', grad_fn=<DivBackward0>)
Memory status after this epoch: 
Memory allocated:  18.56591796875
Memory cached:  58.0
	 epoch  20 training error:  tensor(0.1087, device='cuda:0', grad_fn=<DivBackward0>)
Memory status after this epoch: 
Memory allocated:  18.56591796875
Memory cached:  58.0
	 epoch  30 training error:  tensor(0.1000, device='cuda:0', grad_fn=<DivBackward0>)
Memory status after this epoch: 
Memory allocated:  18.56591796875
Memory cached:  58.0
	 epoch  40 training error:  tensor(0.0924, device='cuda:0', grad_fn=<DivBackward0>)
Memory status after this epoch: 
Memory allocated:  18.56591796875
Memory cached:  58.0
	 epoch  50 training error:  tensor(0.0897, device='cuda:0', grad_fn=<DivBackward0>)
Memory status after this epoch: 
Memory allocated:  18.56591796875
Memory cached:  58.0
	 epoch  60 training error:  tensor(0.0880, device='cuda:0', grad_fn=<DivBackward0>)
Memory status after this epoch: 
Memory allocated:  18.56591796875
Memory cached:  58.0
	 epoch  70 training error:  tensor(0.0868, device='cuda:0', grad_fn=<DivBackward0>)
Memory status after this epoch: 
Memory allocated:  18.56591796875
Memory cached:  58.0
	 epoch  80 training error:  tensor(0.0854, device='cuda:0', grad_fn=<DivBackward0>)
Memory status after this epoch: 
Memory allocated:  18.56591796875
Memory cached:  58.0
	 epoch  90 training error:  tensor(0.0842, device='cuda:0', grad_fn=<DivBackward0>)
Memory status after this epoch: 
Memory allocated:  18.56591796875
Memory cached:  58.0
