[I 2023-11-06 13:30:41,454] Trial 41 finished with value: 0.04587889835238457 and parameters: {'W_layers': 3, 'W_layer_units_exponent_0': 7, 'W_layer_units_exponent_1': 9, 'W_layer_units_exponent_2': 7, 'D_layers': 2, 'D_layer_units_exponent_0': 4, 'D_layer_units_exponent_1': 7, 'D_dagger_layers': 6, 'D_dagger_layer_units_exponent_0': 9, 'D_dagger_layer_units_exponent_1': 8, 'D_dagger_layer_units_exponent_2': 8, 'D_dagger_layer_units_exponent_3': 4, 'D_dagger_layer_units_exponent_4': 9, 'D_dagger_layer_units_exponent_5': 9, 'log_learning_rate': -2.4776640840152933, 'log_learning_rate_D': -3.6617941169190544, 'log_learning_rate_D_dagger': -3.2516818300708508, 'training_batch_size': 12, 'training_p': 6}. Best is trial 31 with value: 0.024036098271608353.
Time for this trial:  174.18784642219543
Memory status after this trial: 
Memory allocated:  164.837890625
Memory cached:  170.0
--------------------  Trial  42   --------------------
Start timing: 
Parameters: 
{'W_layers': 2, 'W_layer_units_exponent_0': 7, 'W_layer_units_exponent_1': 10, 'D_layers': 2, 'D_layer_units_exponent_0': 4, 'D_layer_units_exponent_1': 6, 'D_dagger_layers': 6, 'D_dagger_layer_units_exponent_0': 8, 'D_dagger_layer_units_exponent_1': 6, 'D_dagger_layer_units_exponent_2': 5, 'D_dagger_layer_units_exponent_3': 4, 'D_dagger_layer_units_exponent_4': 9, 'D_dagger_layer_units_exponent_5': 7, 'log_learning_rate': -2.864238225221704, 'log_learning_rate_D': -3.942242466112734, 'log_learning_rate_D_dagger': -2.9982332414363797, 'training_batch_size': 12, 'training_p': 6}
	 epoch  0 training error:  tensor(1.2550, device='cuda:0', grad_fn=<DivBackward0>)
Memory status after this epoch: 
Memory allocated:  3.61767578125
Memory cached:  124.0
	 epoch  10 training error:  tensor(2.0181, device='cuda:0', grad_fn=<DivBackward0>)
Memory status after this epoch: 
Memory allocated:  3.61767578125
Memory cached:  162.0
	 epoch  20 training error:  tensor(0.6086, device='cuda:0', grad_fn=<DivBackward0>)
Memory status after this epoch: 
Memory allocated:  3.61767578125
Memory cached:  162.0
	 epoch  30 training error:  tensor(0.6090, device='cuda:0', grad_fn=<DivBackward0>)
Memory status after this epoch: 
Memory allocated:  3.61767578125
Memory cached:  162.0
	 epoch  40 training error:  tensor(0.4328, device='cuda:0', grad_fn=<DivBackward0>)
Memory status after this epoch: 
Memory allocated:  3.61767578125
Memory cached:  146.0
	 epoch  50 training error:  tensor(0.4617, device='cuda:0', grad_fn=<DivBackward0>)
Memory status after this epoch: 
Memory allocated:  3.61767578125
Memory cached:  156.0
	 epoch  60 training error:  tensor(0.2739, device='cuda:0', grad_fn=<DivBackward0>)
Memory status after this epoch: 
Memory allocated:  3.61767578125
Memory cached:  158.0
	 epoch  70 training error:  tensor(0.3873, device='cuda:0', grad_fn=<DivBackward0>)
Memory status after this epoch: 
Memory allocated:  3.61767578125
Memory cached:  160.0
	 epoch  80 training error:  tensor(0.2680, device='cuda:0', grad_fn=<DivBackward0>)
Memory status after this epoch: 
Memory allocated:  3.61767578125
Memory cached:  160.0
	 epoch  90 training error:  tensor(0.3590, device='cuda:0', grad_fn=<DivBackward0>)
Memory status after this epoch: 
Memory allocated:  3.61767578125
Memory cached:  156.0
[I 2023-11-06 13:33:23,774] Trial 42 finished with value: 0.2087821513414383 and parameters: {'W_layers': 2, 'W_layer_units_exponent_0': 7, 'W_layer_units_exponent_1': 10, 'D_layers': 2, 'D_layer_units_exponent_0': 4, 'D_layer_units_exponent_1': 6, 'D_dagger_layers': 6, 'D_dagger_layer_units_exponent_0': 8, 'D_dagger_layer_units_exponent_1': 6, 'D_dagger_layer_units_exponent_2': 5, 'D_dagger_layer_units_exponent_3': 4, 'D_dagger_layer_units_exponent_4': 9, 'D_dagger_layer_units_exponent_5': 7, 'log_learning_rate': -2.864238225221704, 'log_learning_rate_D': -3.942242466112734, 'log_learning_rate_D_dagger': -2.9982332414363797, 'training_batch_size': 12, 'training_p': 6}. Best is trial 31 with value: 0.024036098271608353.
Time for this trial:  162.05599188804626
Memory status after this trial: 
Memory allocated:  122.6689453125
Memory cached:  130.0
--------------------  Trial  43   --------------------
Start timing: 
Parameters: 
{'W_layers': 8, 'W_layer_units_exponent_0': 7, 'W_layer_units_exponent_1': 8, 'W_layer_units_exponent_2': 7, 'W_layer_units_exponent_3': 6, 'W_layer_units_exponent_4': 6, 'W_layer_units_exponent_5': 5, 'W_layer_units_exponent_6': 4, 'W_layer_units_exponent_7': 10, 'D_layers': 3, 'D_layer_units_exponent_0': 5, 'D_layer_units_exponent_1': 4, 'D_layer_units_exponent_2': 10, 'D_dagger_layers': 7, 'D_dagger_layer_units_exponent_0': 9, 'D_dagger_layer_units_exponent_1': 5, 'D_dagger_layer_units_exponent_2': 9, 'D_dagger_layer_units_exponent_3': 4, 'D_dagger_layer_units_exponent_4': 8, 'D_dagger_layer_units_exponent_5': 9, 'D_dagger_layer_units_exponent_6': 8, 'log_learning_rate': -2.7650914109111153, 'log_learning_rate_D': -3.246633351610566, 'log_learning_rate_D_dagger': -4.421826683255506, 'training_batch_size': 11, 'training_p': 5}
	 epoch  0 training error:  tensor(0.9706, device='cuda:0', grad_fn=<DivBackward0>)
Memory status after this epoch: 
Memory allocated:  6.67431640625
Memory cached:  172.0
	 epoch  10 training error:  tensor(0.2204, device='cuda:0', grad_fn=<DivBackward0>)
Memory status after this epoch: 
Memory allocated:  6.67431640625
Memory cached:  270.0
	 epoch  20 training error:  tensor(0.0917, device='cuda:0', grad_fn=<DivBackward0>)
Memory status after this epoch: 
Memory allocated:  6.67431640625
Memory cached:  276.0
	 epoch  30 training error:  tensor(0.0562, device='cuda:0', grad_fn=<DivBackward0>)
Memory status after this epoch: 
Memory allocated:  6.67431640625
Memory cached:  282.0
	 epoch  40 training error:  tensor(0.0579, device='cuda:0', grad_fn=<DivBackward0>)
Memory status after this epoch: 
Memory allocated:  6.67431640625
Memory cached:  268.0
	 epoch  50 training error:  tensor(0.0547, device='cuda:0', grad_fn=<DivBackward0>)
Memory status after this epoch: 
Memory allocated:  6.67431640625
Memory cached:  258.0
	 epoch  60 training error:  tensor(0.0520, device='cuda:0', grad_fn=<DivBackward0>)
Memory status after this epoch: 
Memory allocated:  6.67431640625
Memory cached:  266.0
	 epoch  70 training error:  tensor(0.0511, device='cuda:0', grad_fn=<DivBackward0>)
Memory status after this epoch: 
Memory allocated:  6.67431640625
Memory cached:  268.0
	 epoch  80 training error:  tensor(0.0495, device='cuda:0', grad_fn=<DivBackward0>)
Memory status after this epoch: 
Memory allocated:  6.67431640625
Memory cached:  270.0
	 epoch  90 training error:  tensor(0.0481, device='cuda:0', grad_fn=<DivBackward0>)
Memory status after this epoch: 
Memory allocated:  6.67431640625
Memory cached:  272.0
[I 2023-11-06 13:37:21,358] Trial 43 finished with value: 0.03934898599982262 and parameters: {'W_layers': 8, 'W_layer_units_exponent_0': 7, 'W_layer_units_exponent_1': 8, 'W_layer_units_exponent_2': 7, 'W_layer_units_exponent_3': 6, 'W_layer_units_exponent_4': 6, 'W_layer_units_exponent_5': 5, 'W_layer_units_exponent_6': 4, 'W_layer_units_exponent_7': 10, 'D_layers': 3, 'D_layer_units_exponent_0': 5, 'D_layer_units_exponent_1': 4, 'D_layer_units_exponent_2': 10, 'D_dagger_layers': 7, 'D_dagger_layer_units_exponent_0': 9, 'D_dagger_layer_units_exponent_1': 5, 'D_dagger_layer_units_exponent_2': 9, 'D_dagger_layer_units_exponent_3': 4, 'D_dagger_layer_units_exponent_4': 8, 'D_dagger_layer_units_exponent_5': 9, 'D_dagger_layer_units_exponent_6': 8, 'log_learning_rate': -2.7650914109111153, 'log_learning_rate_D': -3.246633351610566, 'log_learning_rate_D_dagger': -4.421826683255506, 'training_batch_size': 11, 'training_p': 5}. Best is trial 31 with value: 0.024036098271608353.
Time for this trial:  237.24641633033752
Memory status after this trial: 
Memory allocated:  264.82958984375
Memory cached:  270.0
--------------------  Trial  44   --------------------
Start timing: 
Parameters: 
{'W_layers': 5, 'W_layer_units_exponent_0': 8, 'W_layer_units_exponent_1': 9, 'W_layer_units_exponent_2': 8, 'W_layer_units_exponent_3': 4, 'W_layer_units_exponent_4': 5, 'D_layers': 2, 'D_layer_units_exponent_0': 4, 'D_layer_units_exponent_1': 6, 'D_dagger_layers': 5, 'D_dagger_layer_units_exponent_0': 8, 'D_dagger_layer_units_exponent_1': 9, 'D_dagger_layer_units_exponent_2': 6, 'D_dagger_layer_units_exponent_3': 4, 'D_dagger_layer_units_exponent_4': 9, 'log_learning_rate': -2.3855644595692005, 'log_learning_rate_D': -4.997762788366222, 'log_learning_rate_D_dagger': -3.710225156856319, 'training_batch_size': 12, 'training_p': 6}
	 epoch  0 training error:  tensor(0.8917, device='cuda:0', grad_fn=<DivBackward0>)
Memory status after this epoch: 
Memory allocated:  6.91650390625
Memory cached:  140.0
	 epoch  10 training error:  tensor(0.1177, device='cuda:0', grad_fn=<DivBackward0>)
Memory status after this epoch: 
Memory allocated:  6.91650390625
Memory cached:  168.0
	 epoch  20 training error:  tensor(0.1466, device='cuda:0', grad_fn=<DivBackward0>)
Memory status after this epoch: 
Memory allocated:  6.91650390625
Memory cached:  180.0
	 epoch  30 training error:  tensor(0.1020, device='cuda:0', grad_fn=<DivBackward0>)
Memory status after this epoch: 
Memory allocated:  6.91650390625
Memory cached:  170.0
	 epoch  40 training error:  tensor(0.0991, device='cuda:0', grad_fn=<DivBackward0>)
Memory status after this epoch: 
Memory allocated:  6.91650390625
Memory cached:  174.0
	 epoch  50 training error:  tensor(0.0804, device='cuda:0', grad_fn=<DivBackward0>)
Memory status after this epoch: 
Memory allocated:  6.91650390625
Memory cached:  180.0
	 epoch  60 training error:  tensor(0.0787, device='cuda:0', grad_fn=<DivBackward0>)
Memory status after this epoch: 
Memory allocated:  6.91650390625
Memory cached:  176.0
	 epoch  70 training error:  tensor(0.0804, device='cuda:0', grad_fn=<DivBackward0>)
Memory status after this epoch: 
Memory allocated:  6.91650390625
Memory cached:  176.0
	 epoch  80 training error:  tensor(0.0855, device='cuda:0', grad_fn=<DivBackward0>)
Memory status after this epoch: 
Memory allocated:  6.91650390625
Memory cached:  172.0
	 epoch  90 training error:  tensor(0.0451, device='cuda:0', grad_fn=<DivBackward0>)
Memory status after this epoch: 
Memory allocated:  6.91650390625
Memory cached:  188.0
[I 2023-11-06 13:40:20,988] Trial 44 finished with value: 0.08367609232664108 and parameters: {'W_layers': 5, 'W_layer_units_exponent_0': 8, 'W_layer_units_exponent_1': 9, 'W_layer_units_exponent_2': 8, 'W_layer_units_exponent_3': 4, 'W_layer_units_exponent_4': 5, 'D_layers': 2, 'D_layer_units_exponent_0': 4, 'D_layer_units_exponent_1': 6, 'D_dagger_layers': 5, 'D_dagger_layer_units_exponent_0': 8, 'D_dagger_layer_units_exponent_1': 9, 'D_dagger_layer_units_exponent_2': 6, 'D_dagger_layer_units_exponent_3': 4, 'D_dagger_layer_units_exponent_4': 9, 'log_learning_rate': -2.3855644595692005, 'log_learning_rate_D': -4.997762788366222, 'log_learning_rate_D_dagger': -3.710225156856319, 'training_batch_size': 12, 'training_p': 6}. Best is trial 31 with value: 0.024036098271608353.
Time for this trial:  179.33382368087769
Memory status after this trial: 
Memory allocated:  139.015625
Memory cached:  146.0
--------------------  Trial  45   --------------------
Start timing: 
Parameters: 
{'W_layers': 3, 'W_layer_units_exponent_0': 6, 'W_layer_units_exponent_1': 8, 'W_layer_units_exponent_2': 7, 'D_layers': 2, 'D_layer_units_exponent_0': 5, 'D_layer_units_exponent_1': 9, 'D_dagger_layers': 7, 'D_dagger_layer_units_exponent_0': 10, 'D_dagger_layer_units_exponent_1': 4, 'D_dagger_layer_units_exponent_2': 8, 'D_dagger_layer_units_exponent_3': 4, 'D_dagger_layer_units_exponent_4': 10, 'D_dagger_layer_units_exponent_5': 5, 'D_dagger_layer_units_exponent_6': 6, 'log_learning_rate': -3.028838129975453, 'log_learning_rate_D': -4.135522957681161, 'log_learning_rate_D_dagger': -3.2369997447777914, 'training_batch_size': 11, 'training_p': 4}
	 epoch  0 training error:  tensor(0.9921, device='cuda:0', grad_fn=<DivBackward0>)
Memory status after this epoch: 
Memory allocated:  2.36572265625
Memory cached:  156.0
	 epoch  10 training error:  tensor(0.2358, device='cuda:0', grad_fn=<DivBackward0>)
Memory status after this epoch: 
Memory allocated:  2.36572265625
Memory cached:  206.0
	 epoch  20 training error:  tensor(0.1461, device='cuda:0', grad_fn=<DivBackward0>)
Memory status after this epoch: 
Memory allocated:  2.36572265625
Memory cached:  216.0
	 epoch  30 training error:  tensor(0.1212, device='cuda:0', grad_fn=<DivBackward0>)
Memory status after this epoch: 
Memory allocated:  2.36572265625
Memory cached:  208.0
	 epoch  40 training error:  tensor(0.0836, device='cuda:0', grad_fn=<DivBackward0>)
Memory status after this epoch: 
Memory allocated:  2.36572265625
Memory cached:  200.0
	 epoch  50 training error:  tensor(0.0660, device='cuda:0', grad_fn=<DivBackward0>)
Memory status after this epoch: 
Memory allocated:  2.36572265625
Memory cached:  204.0
	 epoch  60 training error:  tensor(0.0521, device='cuda:0', grad_fn=<DivBackward0>)
Memory status after this epoch: 
Memory allocated:  2.36572265625
Memory cached:  214.0
	 epoch  70 training error:  tensor(0.0419, device='cuda:0', grad_fn=<DivBackward0>)
Memory status after this epoch: 
Memory allocated:  2.36572265625
Memory cached:  210.0
	 epoch  80 training error:  tensor(0.0372, device='cuda:0', grad_fn=<DivBackward0>)
Memory status after this epoch: 
Memory allocated:  2.36572265625
Memory cached:  216.0
	 epoch  90 training error:  tensor(0.0335, device='cuda:0', grad_fn=<DivBackward0>)
Memory status after this epoch: 
Memory allocated:  2.36572265625
Memory cached:  202.0
[I 2023-11-06 13:43:25,511] Trial 45 finished with value: 0.034576963633298874 and parameters: {'W_layers': 3, 'W_layer_units_exponent_0': 6, 'W_layer_units_exponent_1': 8, 'W_layer_units_exponent_2': 7, 'D_layers': 2, 'D_layer_units_exponent_0': 5, 'D_layer_units_exponent_1': 9, 'D_dagger_layers': 7, 'D_dagger_layer_units_exponent_0': 10, 'D_dagger_layer_units_exponent_1': 4, 'D_dagger_layer_units_exponent_2': 8, 'D_dagger_layer_units_exponent_3': 4, 'D_dagger_layer_units_exponent_4': 10, 'D_dagger_layer_units_exponent_5': 5, 'D_dagger_layer_units_exponent_6': 6, 'log_learning_rate': -3.028838129975453, 'log_learning_rate_D': -4.135522957681161, 'log_learning_rate_D_dagger': -3.2369997447777914, 'training_batch_size': 11, 'training_p': 4}. Best is trial 31 with value: 0.024036098271608353.
Time for this trial:  184.2483160495758
Memory status after this trial: 
Memory allocated:  185.029296875
Memory cached:  188.0
--------------------  Trial  46   --------------------
Start timing: 
Parameters: 
{'W_layers': 6, 'W_layer_units_exponent_0': 7, 'W_layer_units_exponent_1': 10, 'W_layer_units_exponent_2': 8, 'W_layer_units_exponent_3': 4, 'W_layer_units_exponent_4': 4, 'W_layer_units_exponent_5': 6, 'D_layers': 3, 'D_layer_units_exponent_0': 4, 'D_layer_units_exponent_1': 7, 'D_layer_units_exponent_2': 5, 'D_dagger_layers': 6, 'D_dagger_layer_units_exponent_0': 9, 'D_dagger_layer_units_exponent_1': 9, 'D_dagger_layer_units_exponent_2': 10, 'D_dagger_layer_units_exponent_3': 5, 'D_dagger_layer_units_exponent_4': 10, 'D_dagger_layer_units_exponent_5': 9, 'log_learning_rate': -3.72994405628088, 'log_learning_rate_D': -4.678465388527368, 'log_learning_rate_D_dagger': -3.49040992872805, 'training_batch_size': 12, 'training_p': 5}
	 epoch  0 training error:  tensor(0.9728, device='cuda:0', grad_fn=<DivBackward0>)
Memory status after this epoch: 
Memory allocated:  27.40869140625
Memory cached:  174.0
	 epoch  10 training error:  tensor(0.0779, device='cuda:0', grad_fn=<DivBackward0>)
Memory status after this epoch: 
Memory allocated:  27.40869140625
Memory cached:  292.0
	 epoch  20 training error:  tensor(0.1130, device='cuda:0', grad_fn=<DivBackward0>)
Memory status after this epoch: 
Memory allocated:  27.40869140625
Memory cached:  292.0
	 epoch  30 training error:  tensor(0.0870, device='cuda:0', grad_fn=<DivBackward0>)
Memory status after this epoch: 
Memory allocated:  27.40869140625
Memory cached:  290.0
	 epoch  40 training error:  tensor(0.0699, device='cuda:0', grad_fn=<DivBackward0>)
Memory status after this epoch: 
Memory allocated:  27.40869140625
Memory cached:  298.0
	 epoch  50 training error:  tensor(0.0681, device='cuda:0', grad_fn=<DivBackward0>)
Memory status after this epoch: 
Memory allocated:  27.40869140625
Memory cached:  290.0
	 epoch  60 training error:  tensor(0.0603, device='cuda:0', grad_fn=<DivBackward0>)
Memory status after this epoch: 
Memory allocated:  27.40869140625
Memory cached:  288.0
	 epoch  70 training error:  tensor(0.0582, device='cuda:0', grad_fn=<DivBackward0>)
Memory status after this epoch: 
Memory allocated:  27.40869140625
Memory cached:  296.0
	 epoch  80 training error:  tensor(0.0571, device='cuda:0', grad_fn=<DivBackward0>)
Memory status after this epoch: 
Memory allocated:  27.40869140625
Memory cached:  296.0
	 epoch  90 training error:  tensor(0.0563, device='cuda:0', grad_fn=<DivBackward0>)
Memory status after this epoch: 
Memory allocated:  27.40869140625
Memory cached:  302.0
[I 2023-11-06 13:47:02,446] Trial 46 finished with value: 0.04636748507618904 and parameters: {'W_layers': 6, 'W_layer_units_exponent_0': 7, 'W_layer_units_exponent_1': 10, 'W_layer_units_exponent_2': 8, 'W_layer_units_exponent_3': 4, 'W_layer_units_exponent_4': 4, 'W_layer_units_exponent_5': 6, 'D_layers': 3, 'D_layer_units_exponent_0': 4, 'D_layer_units_exponent_1': 7, 'D_layer_units_exponent_2': 5, 'D_dagger_layers': 6, 'D_dagger_layer_units_exponent_0': 9, 'D_dagger_layer_units_exponent_1': 9, 'D_dagger_layer_units_exponent_2': 10, 'D_dagger_layer_units_exponent_3': 5, 'D_dagger_layer_units_exponent_4': 10, 'D_dagger_layer_units_exponent_5': 9, 'log_learning_rate': -3.72994405628088, 'log_learning_rate_D': -4.678465388527368, 'log_learning_rate_D_dagger': -3.49040992872805, 'training_batch_size': 12, 'training_p': 5}. Best is trial 31 with value: 0.024036098271608353.
Time for this trial:  216.6338596343994
Memory status after this trial: 
Memory allocated:  297.89208984375
Memory cached:  316.0
--------------------  Trial  47   --------------------
Start timing: 
Parameters: 
{'W_layers': 7, 'W_layer_units_exponent_0': 6, 'W_layer_units_exponent_1': 8, 'W_layer_units_exponent_2': 6, 'W_layer_units_exponent_3': 5, 'W_layer_units_exponent_4': 5, 'W_layer_units_exponent_5': 4, 'W_layer_units_exponent_6': 6, 'D_layers': 2, 'D_layer_units_exponent_0': 5, 'D_layer_units_exponent_1': 8, 'D_dagger_layers': 8, 'D_dagger_layer_units_exponent_0': 8, 'D_dagger_layer_units_exponent_1': 7, 'D_dagger_layer_units_exponent_2': 7, 'D_dagger_layer_units_exponent_3': 4, 'D_dagger_layer_units_exponent_4': 9, 'D_dagger_layer_units_exponent_5': 7, 'D_dagger_layer_units_exponent_6': 10, 'D_dagger_layer_units_exponent_7': 4, 'log_learning_rate': -2.603188859176172, 'log_learning_rate_D': -3.792324243529485, 'log_learning_rate_D_dagger': -2.8990419510619327, 'training_batch_size': 11, 'training_p': 5}
	 epoch  0 training error:  tensor(0.9670, device='cuda:0', grad_fn=<DivBackward0>)
Memory status after this epoch: 
Memory allocated:  5.04345703125
Memory cached:  138.0
	 epoch  10 training error:  tensor(0.2769, device='cuda:0', grad_fn=<DivBackward0>)
Memory status after this epoch: 
Memory allocated:  5.04345703125
Memory cached:  180.0
	 epoch  20 training error:  tensor(0.1850, device='cuda:0', grad_fn=<DivBackward0>)
Memory status after this epoch: 
Memory allocated:  5.04345703125
Memory cached:  186.0
	 epoch  30 training error:  tensor(0.1169, device='cuda:0', grad_fn=<DivBackward0>)
Memory status after this epoch: 
Memory allocated:  5.04345703125
Memory cached:  186.0
	 epoch  40 training error:  tensor(0.0716, device='cuda:0', grad_fn=<DivBackward0>)
Memory status after this epoch: 
Memory allocated:  5.04345703125
Memory cached:  182.0
	 epoch  50 training error:  tensor(0.0944, device='cuda:0', grad_fn=<DivBackward0>)
Memory status after this epoch: 
Memory allocated:  5.04345703125
Memory cached:  182.0
	 epoch  60 training error:  tensor(0.0733, device='cuda:0', grad_fn=<DivBackward0>)
Memory status after this epoch: 
Memory allocated:  5.04345703125
Memory cached:  180.0
	 epoch  70 training error:  tensor(0.0738, device='cuda:0', grad_fn=<DivBackward0>)
Memory status after this epoch: 
Memory allocated:  5.04345703125
Memory cached:  184.0
	 epoch  80 training error:  tensor(0.0766, device='cuda:0', grad_fn=<DivBackward0>)
Memory status after this epoch: 
Memory allocated:  5.04345703125
Memory cached:  182.0
	 epoch  90 training error:  tensor(0.0792, device='cuda:0', grad_fn=<DivBackward0>)
Memory status after this epoch: 
Memory allocated:  5.04345703125
Memory cached:  178.0
