[I 2023-11-03 22:05:18,206] Trial 34 finished with value: 0.02037954330444336 and parameters: {'W_layers': 7, 'W_layer_units_exponent_0': 8, 'W_layer_units_exponent_1': 9, 'W_layer_units_exponent_2': 4, 'W_layer_units_exponent_3': 9, 'W_layer_units_exponent_4': 7, 'W_layer_units_exponent_5': 10, 'W_layer_units_exponent_6': 4, 'D_layers': 6, 'D_layer_units_exponent_0': 7, 'D_layer_units_exponent_1': 6, 'D_layer_units_exponent_2': 7, 'D_layer_units_exponent_3': 5, 'D_layer_units_exponent_4': 4, 'D_layer_units_exponent_5': 6, 'log_learning_rate': -3.773590441420896, 'log_learning_rate_D': -3.2038551487003133, 'training_batch_size': 10, 'training_p': 4}. Best is trial 27 with value: 0.017602866515517235.
Time for this trial:  19.09388542175293
Memory status after this trial: 
Memory allocated:  137.21142578125
Memory cached:  152.0
--------------------  Trial  35   --------------------
Start timing: 
Parameters: 
{'W_layers': 4, 'W_layer_units_exponent_0': 9, 'W_layer_units_exponent_1': 8, 'W_layer_units_exponent_2': 5, 'W_layer_units_exponent_3': 10, 'D_layers': 7, 'D_layer_units_exponent_0': 6, 'D_layer_units_exponent_1': 5, 'D_layer_units_exponent_2': 9, 'D_layer_units_exponent_3': 6, 'D_layer_units_exponent_4': 6, 'D_layer_units_exponent_5': 8, 'D_layer_units_exponent_6': 5, 'log_learning_rate': -4.311056420127902, 'log_learning_rate_D': -2.659858119407242, 'training_batch_size': 11, 'training_p': 5}
	 epoch  0 training error:  tensor(1.1077, device='cuda:0', grad_fn=<DivBackward0>)
Memory status after this epoch: 
Memory allocated:  3.08349609375
Memory cached:  6.0
	 epoch  10 training error:  tensor(0.6115, device='cuda:0', grad_fn=<DivBackward0>)
Memory status after this epoch: 
Memory allocated:  3.08349609375
Memory cached:  6.0
	 epoch  20 training error:  tensor(0.1201, device='cuda:0', grad_fn=<DivBackward0>)
Memory status after this epoch: 
Memory allocated:  3.08349609375
Memory cached:  6.0
	 epoch  30 training error:  tensor(0.0807, device='cuda:0', grad_fn=<DivBackward0>)
Memory status after this epoch: 
Memory allocated:  3.08349609375
Memory cached:  6.0
	 epoch  40 training error:  tensor(0.0595, device='cuda:0', grad_fn=<DivBackward0>)
Memory status after this epoch: 
Memory allocated:  3.08349609375
Memory cached:  6.0
	 epoch  50 training error:  tensor(0.0247, device='cuda:0', grad_fn=<DivBackward0>)
Memory status after this epoch: 
Memory allocated:  3.08349609375
Memory cached:  6.0
	 epoch  60 training error:  tensor(0.0243, device='cuda:0', grad_fn=<DivBackward0>)
Memory status after this epoch: 
Memory allocated:  3.08349609375
Memory cached:  6.0
	 epoch  70 training error:  tensor(0.0259, device='cuda:0', grad_fn=<DivBackward0>)
Memory status after this epoch: 
Memory allocated:  3.08349609375
Memory cached:  6.0
	 epoch  80 training error:  tensor(0.0233, device='cuda:0', grad_fn=<DivBackward0>)
Memory status after this epoch: 
Memory allocated:  3.08349609375
Memory cached:  6.0
	 epoch  90 training error:  tensor(0.0230, device='cuda:0', grad_fn=<DivBackward0>)
Memory status after this epoch: 
Memory allocated:  3.08349609375
Memory cached:  6.0
[I 2023-11-03 22:05:36,285] Trial 35 finished with value: 0.020625976845622063 and parameters: {'W_layers': 4, 'W_layer_units_exponent_0': 9, 'W_layer_units_exponent_1': 8, 'W_layer_units_exponent_2': 5, 'W_layer_units_exponent_3': 10, 'D_layers': 7, 'D_layer_units_exponent_0': 6, 'D_layer_units_exponent_1': 5, 'D_layer_units_exponent_2': 9, 'D_layer_units_exponent_3': 6, 'D_layer_units_exponent_4': 6, 'D_layer_units_exponent_5': 8, 'D_layer_units_exponent_6': 5, 'log_learning_rate': -4.311056420127902, 'log_learning_rate_D': -2.659858119407242, 'training_batch_size': 11, 'training_p': 5}. Best is trial 27 with value: 0.017602866515517235.
Time for this trial:  17.886051177978516
Memory status after this trial: 
Memory allocated:  100.75341796875
Memory cached:  106.0
--------------------  Trial  36   --------------------
Start timing: 
Parameters: 
{'W_layers': 5, 'W_layer_units_exponent_0': 7, 'W_layer_units_exponent_1': 10, 'W_layer_units_exponent_2': 7, 'W_layer_units_exponent_3': 8, 'W_layer_units_exponent_4': 9, 'D_layers': 4, 'D_layer_units_exponent_0': 4, 'D_layer_units_exponent_1': 6, 'D_layer_units_exponent_2': 8, 'D_layer_units_exponent_3': 10, 'log_learning_rate': -3.976837686890522, 'log_learning_rate_D': -2.985951691992805, 'training_batch_size': 12, 'training_p': 3}
	 epoch  0 training error:  tensor(0.9739, device='cuda:0', grad_fn=<DivBackward0>)
Memory status after this epoch: 
Memory allocated:  7.71240234375
Memory cached:  8.0
	 epoch  10 training error:  tensor(0.0952, device='cuda:0', grad_fn=<DivBackward0>)
Memory status after this epoch: 
Memory allocated:  7.71240234375
Memory cached:  8.0
	 epoch  20 training error:  tensor(0.0872, device='cuda:0', grad_fn=<DivBackward0>)
Memory status after this epoch: 
Memory allocated:  7.71240234375
Memory cached:  8.0
	 epoch  30 training error:  tensor(0.0551, device='cuda:0', grad_fn=<DivBackward0>)
Memory status after this epoch: 
Memory allocated:  7.71240234375
Memory cached:  8.0
	 epoch  40 training error:  tensor(0.0297, device='cuda:0', grad_fn=<DivBackward0>)
Memory status after this epoch: 
Memory allocated:  7.71240234375
Memory cached:  8.0
	 epoch  50 training error:  tensor(0.0263, device='cuda:0', grad_fn=<DivBackward0>)
Memory status after this epoch: 
Memory allocated:  7.71240234375
Memory cached:  8.0
	 epoch  60 training error:  tensor(0.0215, device='cuda:0', grad_fn=<DivBackward0>)
Memory status after this epoch: 
Memory allocated:  7.71240234375
Memory cached:  8.0
	 epoch  70 training error:  tensor(0.0207, device='cuda:0', grad_fn=<DivBackward0>)
Memory status after this epoch: 
Memory allocated:  7.71240234375
Memory cached:  8.0
	 epoch  80 training error:  tensor(0.0203, device='cuda:0', grad_fn=<DivBackward0>)
Memory status after this epoch: 
Memory allocated:  7.71240234375
Memory cached:  8.0
	 epoch  90 training error:  tensor(0.0199, device='cuda:0', grad_fn=<DivBackward0>)
Memory status after this epoch: 
Memory allocated:  7.71240234375
Memory cached:  8.0
[I 2023-11-03 22:05:54,291] Trial 36 finished with value: 0.020395314320921898 and parameters: {'W_layers': 5, 'W_layer_units_exponent_0': 7, 'W_layer_units_exponent_1': 10, 'W_layer_units_exponent_2': 7, 'W_layer_units_exponent_3': 8, 'W_layer_units_exponent_4': 9, 'D_layers': 4, 'D_layer_units_exponent_0': 4, 'D_layer_units_exponent_1': 6, 'D_layer_units_exponent_2': 8, 'D_layer_units_exponent_3': 10, 'log_learning_rate': -3.976837686890522, 'log_learning_rate_D': -2.985951691992805, 'training_batch_size': 12, 'training_p': 3}. Best is trial 27 with value: 0.017602866515517235.
Time for this trial:  17.823289155960083
Memory status after this trial: 
Memory allocated:  114.17919921875
Memory cached:  140.0
--------------------  Trial  37   --------------------
Start timing: 
Parameters: 
{'W_layers': 4, 'W_layer_units_exponent_0': 8, 'W_layer_units_exponent_1': 8, 'W_layer_units_exponent_2': 6, 'W_layer_units_exponent_3': 7, 'D_layers': 5, 'D_layer_units_exponent_0': 8, 'D_layer_units_exponent_1': 4, 'D_layer_units_exponent_2': 5, 'D_layer_units_exponent_3': 5, 'D_layer_units_exponent_4': 4, 'log_learning_rate': -2.763830747353296, 'log_learning_rate_D': -3.6225575896442175, 'training_batch_size': 11, 'training_p': 4}
	 epoch  0 training error:  tensor(0.9723, device='cuda:0', grad_fn=<DivBackward0>)
Memory status after this epoch: 
Memory allocated:  1.5146484375
Memory cached:  2.0
	 epoch  10 training error:  tensor(0.3049, device='cuda:0', grad_fn=<DivBackward0>)
Memory status after this epoch: 
Memory allocated:  1.5146484375
Memory cached:  2.0
	 epoch  20 training error:  tensor(0.1131, device='cuda:0', grad_fn=<DivBackward0>)
Memory status after this epoch: 
Memory allocated:  1.5146484375
Memory cached:  2.0
	 epoch  30 training error:  tensor(0.1127, device='cuda:0', grad_fn=<DivBackward0>)
Memory status after this epoch: 
Memory allocated:  1.5146484375
Memory cached:  2.0
	 epoch  40 training error:  tensor(0.0266, device='cuda:0', grad_fn=<DivBackward0>)
Memory status after this epoch: 
Memory allocated:  1.5146484375
Memory cached:  2.0
	 epoch  50 training error:  tensor(0.0799, device='cuda:0', grad_fn=<DivBackward0>)
Memory status after this epoch: 
Memory allocated:  1.5146484375
Memory cached:  2.0
	 epoch  60 training error:  tensor(0.0732, device='cuda:0', grad_fn=<DivBackward0>)
Memory status after this epoch: 
Memory allocated:  1.5146484375
Memory cached:  2.0
	 epoch  70 training error:  tensor(0.0458, device='cuda:0', grad_fn=<DivBackward0>)
Memory status after this epoch: 
Memory allocated:  1.5146484375
Memory cached:  2.0
	 epoch  80 training error:  tensor(0.0247, device='cuda:0', grad_fn=<DivBackward0>)
Memory status after this epoch: 
Memory allocated:  1.5146484375
Memory cached:  2.0
	 epoch  90 training error:  tensor(0.0560, device='cuda:0', grad_fn=<DivBackward0>)
Memory status after this epoch: 
Memory allocated:  1.5146484375
Memory cached:  2.0
[I 2023-11-03 22:06:10,787] Trial 37 finished with value: 0.039323996752500534 and parameters: {'W_layers': 4, 'W_layer_units_exponent_0': 8, 'W_layer_units_exponent_1': 8, 'W_layer_units_exponent_2': 6, 'W_layer_units_exponent_3': 7, 'D_layers': 5, 'D_layer_units_exponent_0': 8, 'D_layer_units_exponent_1': 4, 'D_layer_units_exponent_2': 5, 'D_layer_units_exponent_3': 5, 'D_layer_units_exponent_4': 4, 'log_learning_rate': -2.763830747353296, 'log_learning_rate_D': -3.6225575896442175, 'training_batch_size': 11, 'training_p': 4}. Best is trial 27 with value: 0.017602866515517235.
Time for this trial:  16.300721645355225
Memory status after this trial: 
Memory allocated:  38.89013671875
Memory cached:  54.0
--------------------  Trial  38   --------------------
Start timing: 
Parameters: 
{'W_layers': 3, 'W_layer_units_exponent_0': 9, 'W_layer_units_exponent_1': 4, 'W_layer_units_exponent_2': 7, 'D_layers': 7, 'D_layer_units_exponent_0': 6, 'D_layer_units_exponent_1': 5, 'D_layer_units_exponent_2': 9, 'D_layer_units_exponent_3': 9, 'D_layer_units_exponent_4': 5, 'D_layer_units_exponent_5': 10, 'D_layer_units_exponent_6': 7, 'log_learning_rate': -4.507772313908303, 'log_learning_rate_D': -2.651996740496402, 'training_batch_size': 10, 'training_p': 3}
	 epoch  0 training error:  tensor(0.8510, device='cuda:0', grad_fn=<DivBackward0>)
Memory status after this epoch: 
Memory allocated:  2.041015625
Memory cached:  6.0
	 epoch  10 training error:  tensor(0.7219, device='cuda:0', grad_fn=<DivBackward0>)
Memory status after this epoch: 
Memory allocated:  2.041015625
Memory cached:  6.0
	 epoch  20 training error:  tensor(0.5905, device='cuda:0', grad_fn=<DivBackward0>)
Memory status after this epoch: 
Memory allocated:  2.041015625
Memory cached:  6.0
	 epoch  30 training error:  tensor(0.4581, device='cuda:0', grad_fn=<DivBackward0>)
Memory status after this epoch: 
Memory allocated:  2.041015625
Memory cached:  6.0
	 epoch  40 training error:  tensor(0.3291, device='cuda:0', grad_fn=<DivBackward0>)
Memory status after this epoch: 
Memory allocated:  2.041015625
Memory cached:  6.0
	 epoch  50 training error:  tensor(0.2186, device='cuda:0', grad_fn=<DivBackward0>)
Memory status after this epoch: 
Memory allocated:  2.041015625
Memory cached:  6.0
	 epoch  60 training error:  tensor(0.1636, device='cuda:0', grad_fn=<DivBackward0>)
Memory status after this epoch: 
Memory allocated:  2.041015625
Memory cached:  6.0
	 epoch  70 training error:  tensor(0.1274, device='cuda:0', grad_fn=<DivBackward0>)
Memory status after this epoch: 
Memory allocated:  2.041015625
Memory cached:  6.0
	 epoch  80 training error:  tensor(0.0862, device='cuda:0', grad_fn=<DivBackward0>)
Memory status after this epoch: 
Memory allocated:  2.041015625
Memory cached:  6.0
	 epoch  90 training error:  tensor(0.0432, device='cuda:0', grad_fn=<DivBackward0>)
Memory status after this epoch: 
Memory allocated:  2.041015625
Memory cached:  6.0
[I 2023-11-03 22:06:27,233] Trial 38 finished with value: 0.032746974378824234 and parameters: {'W_layers': 3, 'W_layer_units_exponent_0': 9, 'W_layer_units_exponent_1': 4, 'W_layer_units_exponent_2': 7, 'D_layers': 7, 'D_layer_units_exponent_0': 6, 'D_layer_units_exponent_1': 5, 'D_layer_units_exponent_2': 9, 'D_layer_units_exponent_3': 9, 'D_layer_units_exponent_4': 5, 'D_layer_units_exponent_5': 10, 'D_layer_units_exponent_6': 7, 'log_learning_rate': -4.507772313908303, 'log_learning_rate_D': -2.651996740496402, 'training_batch_size': 10, 'training_p': 3}. Best is trial 27 with value: 0.017602866515517235.
Time for this trial:  16.249481916427612
Memory status after this trial: 
Memory allocated:  35.71923828125
Memory cached:  50.0
--------------------  Trial  39   --------------------
Start timing: 
Parameters: 
{'W_layers': 6, 'W_layer_units_exponent_0': 10, 'W_layer_units_exponent_1': 9, 'W_layer_units_exponent_2': 4, 'W_layer_units_exponent_3': 9, 'W_layer_units_exponent_4': 8, 'W_layer_units_exponent_5': 7, 'D_layers': 3, 'D_layer_units_exponent_0': 7, 'D_layer_units_exponent_1': 7, 'D_layer_units_exponent_2': 6, 'log_learning_rate': -2.737718753574625, 'log_learning_rate_D': -2.210508346048755, 'training_batch_size': 12, 'training_p': 4}
	 epoch  0 training error:  tensor(0.9877, device='cuda:0', grad_fn=<DivBackward0>)
Memory status after this epoch: 
Memory allocated:  10.99755859375
Memory cached:  44.0
	 epoch  10 training error:  tensor(0.9921, device='cuda:0', grad_fn=<DivBackward0>)
Memory status after this epoch: 
Memory allocated:  10.99755859375
Memory cached:  44.0
	 epoch  20 training error:  tensor(0.6161, device='cuda:0', grad_fn=<DivBackward0>)
Memory status after this epoch: 
Memory allocated:  10.99755859375
Memory cached:  44.0
	 epoch  30 training error:  tensor(0.0564, device='cuda:0', grad_fn=<DivBackward0>)
Memory status after this epoch: 
Memory allocated:  10.99755859375
Memory cached:  44.0
	 epoch  40 training error:  tensor(0.0467, device='cuda:0', grad_fn=<DivBackward0>)
Memory status after this epoch: 
Memory allocated:  10.99755859375
Memory cached:  44.0
	 epoch  50 training error:  tensor(0.0317, device='cuda:0', grad_fn=<DivBackward0>)
Memory status after this epoch: 
Memory allocated:  10.99755859375
Memory cached:  44.0
	 epoch  60 training error:  tensor(0.2560, device='cuda:0', grad_fn=<DivBackward0>)
Memory status after this epoch: 
Memory allocated:  10.99755859375
Memory cached:  44.0
	 epoch  70 training error:  tensor(0.0763, device='cuda:0', grad_fn=<DivBackward0>)
Memory status after this epoch: 
Memory allocated:  10.99755859375
Memory cached:  44.0
	 epoch  80 training error:  tensor(0.0668, device='cuda:0', grad_fn=<DivBackward0>)
Memory status after this epoch: 
Memory allocated:  10.99755859375
Memory cached:  44.0
	 epoch  90 training error:  tensor(0.0726, device='cuda:0', grad_fn=<DivBackward0>)
Memory status after this epoch: 
Memory allocated:  10.99755859375
Memory cached:  44.0
[I 2023-11-03 22:06:45,957] Trial 39 finished with value: 0.06498952955007553 and parameters: {'W_layers': 6, 'W_layer_units_exponent_0': 10, 'W_layer_units_exponent_1': 9, 'W_layer_units_exponent_2': 4, 'W_layer_units_exponent_3': 9, 'W_layer_units_exponent_4': 8, 'W_layer_units_exponent_5': 7, 'D_layers': 3, 'D_layer_units_exponent_0': 7, 'D_layer_units_exponent_1': 7, 'D_layer_units_exponent_2': 6, 'log_learning_rate': -2.737718753574625, 'log_learning_rate_D': -2.210508346048755, 'training_batch_size': 12, 'training_p': 4}. Best is trial 27 with value: 0.017602866515517235.
Time for this trial:  18.522356271743774
Memory status after this trial: 
Memory allocated:  137.86181640625
Memory cached:  168.0
--------------------  Trial  40   --------------------
Start timing: 
Parameters: 
{'W_layers': 7, 'W_layer_units_exponent_0': 7, 'W_layer_units_exponent_1': 10, 'W_layer_units_exponent_2': 5, 'W_layer_units_exponent_3': 6, 'W_layer_units_exponent_4': 7, 'W_layer_units_exponent_5': 8, 'W_layer_units_exponent_6': 10, 'D_layers': 6, 'D_layer_units_exponent_0': 7, 'D_layer_units_exponent_1': 8, 'D_layer_units_exponent_2': 7, 'D_layer_units_exponent_3': 6, 'D_layer_units_exponent_4': 4, 'D_layer_units_exponent_5': 5, 'log_learning_rate': -3.0736199480095423, 'log_learning_rate_D': -1.8265655106001883, 'training_batch_size': 11, 'training_p': 5}
	 epoch  0 training error:  tensor(1.0044, device='cuda:0', grad_fn=<DivBackward0>)
Memory status after this epoch: 
Memory allocated:  7.60302734375
Memory cached:  10.0
	 epoch  10 training error:  tensor(0.0534, device='cuda:0', grad_fn=<DivBackward0>)
Memory status after this epoch: 
Memory allocated:  7.60302734375
Memory cached:  10.0
	 epoch  20 training error:  tensor(0.2793, device='cuda:0', grad_fn=<DivBackward0>)
Memory status after this epoch: 
Memory allocated:  7.60302734375
Memory cached:  10.0
	 epoch  30 training error:  tensor(0.0930, device='cuda:0', grad_fn=<DivBackward0>)
Memory status after this epoch: 
Memory allocated:  7.60302734375
Memory cached:  10.0
	 epoch  40 training error:  tensor(0.0462, device='cuda:0', grad_fn=<DivBackward0>)
Memory status after this epoch: 
Memory allocated:  7.60302734375
Memory cached:  10.0
	 epoch  50 training error:  tensor(0.0355, device='cuda:0', grad_fn=<DivBackward0>)
Memory status after this epoch: 
Memory allocated:  7.60302734375
Memory cached:  10.0
	 epoch  60 training error:  tensor(0.0723, device='cuda:0', grad_fn=<DivBackward0>)
Memory status after this epoch: 
Memory allocated:  7.60302734375
Memory cached:  10.0
	 epoch  70 training error:  tensor(0.0401, device='cuda:0', grad_fn=<DivBackward0>)
Memory status after this epoch: 
Memory allocated:  7.60302734375
Memory cached:  10.0
	 epoch  80 training error:  tensor(0.0576, device='cuda:0', grad_fn=<DivBackward0>)
Memory status after this epoch: 
Memory allocated:  7.60302734375
Memory cached:  10.0
	 epoch  90 training error:  tensor(0.0483, device='cuda:0', grad_fn=<DivBackward0>)
Memory status after this epoch: 
Memory allocated:  7.60302734375
Memory cached:  10.0
[I 2023-11-03 22:07:05,000] Trial 40 finished with value: 0.04818775877356529 and parameters: {'W_layers': 7, 'W_layer_units_exponent_0': 7, 'W_layer_units_exponent_1': 10, 'W_layer_units_exponent_2': 5, 'W_layer_units_exponent_3': 6, 'W_layer_units_exponent_4': 7, 'W_layer_units_exponent_5': 8, 'W_layer_units_exponent_6': 10, 'D_layers': 6, 'D_layer_units_exponent_0': 7, 'D_layer_units_exponent_1': 8, 'D_layer_units_exponent_2': 7, 'D_layer_units_exponent_3': 6, 'D_layer_units_exponent_4': 4, 'D_layer_units_exponent_5': 5, 'log_learning_rate': -3.0736199480095423, 'log_learning_rate_D': -1.8265655106001883, 'training_batch_size': 11, 'training_p': 5}. Best is trial 27 with value: 0.017602866515517235.
Time for this trial:  18.809561729431152
Memory status after this trial: 
Memory allocated:  147.36279296875
Memory cached:  164.0
--------------------  Trial  41   --------------------
Start timing: 
Parameters: 
{'W_layers': 4, 'W_layer_units_exponent_0': 8, 'W_layer_units_exponent_1': 6, 'W_layer_units_exponent_2': 6, 'W_layer_units_exponent_3': 5, 'D_layers': 6, 'D_layer_units_exponent_0': 9, 'D_layer_units_exponent_1': 5, 'D_layer_units_exponent_2': 9, 'D_layer_units_exponent_3': 5, 'D_layer_units_exponent_4': 6, 'D_layer_units_exponent_5': 5, 'log_learning_rate': -2.9720942321497583, 'log_learning_rate_D': -3.0034874101711106, 'training_batch_size': 12, 'training_p': 3}
	 epoch  0 training error:  tensor(1.0084, device='cuda:0', grad_fn=<DivBackward0>)
Memory status after this epoch: 
Memory allocated:  0.6640625
Memory cached:  6.0
	 epoch  10 training error:  tensor(0.1177, device='cuda:0', grad_fn=<DivBackward0>)
Memory status after this epoch: 
Memory allocated:  0.6640625
Memory cached:  6.0
	 epoch  20 training error:  tensor(0.0270, device='cuda:0', grad_fn=<DivBackward0>)
Memory status after this epoch: 
Memory allocated:  0.6640625
Memory cached:  6.0
	 epoch  30 training error:  tensor(0.0451, device='cuda:0', grad_fn=<DivBackward0>)
Memory status after this epoch: 
Memory allocated:  0.6640625
Memory cached:  6.0
	 epoch  40 training error:  tensor(0.0227, device='cuda:0', grad_fn=<DivBackward0>)
Memory status after this epoch: 
Memory allocated:  0.6640625
Memory cached:  6.0
	 epoch  50 training error:  tensor(0.0192, device='cuda:0', grad_fn=<DivBackward0>)
Memory status after this epoch: 
Memory allocated:  0.6640625
Memory cached:  6.0
	 epoch  60 training error:  tensor(0.0182, device='cuda:0', grad_fn=<DivBackward0>)
Memory status after this epoch: 
Memory allocated:  0.6640625
Memory cached:  6.0
	 epoch  70 training error:  tensor(0.0182, device='cuda:0', grad_fn=<DivBackward0>)
Memory status after this epoch: 
Memory allocated:  0.6640625
Memory cached:  6.0
	 epoch  80 training error:  tensor(0.0182, device='cuda:0', grad_fn=<DivBackward0>)
Memory status after this epoch: 
Memory allocated:  0.6640625
Memory cached:  6.0
	 epoch  90 training error:  tensor(0.0181, device='cuda:0', grad_fn=<DivBackward0>)
Memory status after this epoch: 
Memory allocated:  0.6640625
Memory cached:  6.0
