[I 2023-11-03 22:32:05,579] Trial 44 finished with value: 0.052276380360126495 and parameters: {'W_layers': 7, 'W_layer_units_exponent_0': 10, 'W_layer_units_exponent_1': 6, 'W_layer_units_exponent_2': 9, 'W_layer_units_exponent_3': 6, 'W_layer_units_exponent_4': 5, 'W_layer_units_exponent_5': 8, 'W_layer_units_exponent_6': 7, 'D_layers': 6, 'D_layer_units_exponent_0': 4, 'D_layer_units_exponent_1': 4, 'D_layer_units_exponent_2': 6, 'D_layer_units_exponent_3': 4, 'D_layer_units_exponent_4': 7, 'D_layer_units_exponent_5': 6, 'log_learning_rate': -3.5206255810970406, 'log_learning_rate_D': -2.974624853327235, 'training_batch_size': 11, 'training_p': 5}. Best is trial 15 with value: 0.05133124813437462.
Time for this trial:  18.356264114379883
Memory status after this trial: 
Memory allocated:  113.50341796875
Memory cached:  140.0
--------------------  Trial  45   --------------------
Start timing: 
Parameters: 
{'W_layers': 8, 'W_layer_units_exponent_0': 6, 'W_layer_units_exponent_1': 7, 'W_layer_units_exponent_2': 10, 'W_layer_units_exponent_3': 7, 'W_layer_units_exponent_4': 4, 'W_layer_units_exponent_5': 4, 'W_layer_units_exponent_6': 6, 'W_layer_units_exponent_7': 8, 'D_layers': 5, 'D_layer_units_exponent_0': 7, 'D_layer_units_exponent_1': 6, 'D_layer_units_exponent_2': 4, 'D_layer_units_exponent_3': 5, 'D_layer_units_exponent_4': 6, 'log_learning_rate': -2.7412375130025968, 'log_learning_rate_D': -2.4491522329524393, 'training_batch_size': 6, 'training_p': 5}
	 epoch  0 training error:  tensor(0.8924, device='cuda:0', grad_fn=<DivBackward0>)
Memory status after this epoch: 
Memory allocated:  4.58154296875
Memory cached:  8.0
	 epoch  10 training error:  tensor(0.2686, device='cuda:0', grad_fn=<DivBackward0>)
Memory status after this epoch: 
Memory allocated:  4.58154296875
Memory cached:  8.0
	 epoch  20 training error:  tensor(0.2829, device='cuda:0', grad_fn=<DivBackward0>)
Memory status after this epoch: 
Memory allocated:  4.58154296875
Memory cached:  8.0
	 epoch  30 training error:  tensor(0.1212, device='cuda:0', grad_fn=<DivBackward0>)
Memory status after this epoch: 
Memory allocated:  4.58154296875
Memory cached:  8.0
	 epoch  40 training error:  tensor(0.0883, device='cuda:0', grad_fn=<DivBackward0>)
Memory status after this epoch: 
Memory allocated:  4.58154296875
Memory cached:  8.0
	 epoch  50 training error:  tensor(0.0735, device='cuda:0', grad_fn=<DivBackward0>)
Memory status after this epoch: 
Memory allocated:  4.58154296875
Memory cached:  8.0
	 epoch  60 training error:  tensor(0.0823, device='cuda:0', grad_fn=<DivBackward0>)
Memory status after this epoch: 
Memory allocated:  4.58154296875
Memory cached:  8.0
	 epoch  70 training error:  tensor(0.0816, device='cuda:0', grad_fn=<DivBackward0>)
Memory status after this epoch: 
Memory allocated:  4.58154296875
Memory cached:  8.0
	 epoch  80 training error:  tensor(0.0843, device='cuda:0', grad_fn=<DivBackward0>)
Memory status after this epoch: 
Memory allocated:  4.58154296875
Memory cached:  8.0
	 epoch  90 training error:  tensor(0.0731, device='cuda:0', grad_fn=<DivBackward0>)
Memory status after this epoch: 
Memory allocated:  4.58154296875
Memory cached:  8.0
[I 2023-11-03 22:32:26,136] Trial 45 finished with value: 0.06473927199840546 and parameters: {'W_layers': 8, 'W_layer_units_exponent_0': 6, 'W_layer_units_exponent_1': 7, 'W_layer_units_exponent_2': 10, 'W_layer_units_exponent_3': 7, 'W_layer_units_exponent_4': 4, 'W_layer_units_exponent_5': 4, 'W_layer_units_exponent_6': 6, 'W_layer_units_exponent_7': 8, 'D_layers': 5, 'D_layer_units_exponent_0': 7, 'D_layer_units_exponent_1': 6, 'D_layer_units_exponent_2': 4, 'D_layer_units_exponent_3': 5, 'D_layer_units_exponent_4': 6, 'log_learning_rate': -2.7412375130025968, 'log_learning_rate_D': -2.4491522329524393, 'training_batch_size': 6, 'training_p': 5}. Best is trial 15 with value: 0.05133124813437462.
Time for this trial:  20.332507848739624
Memory status after this trial: 
Memory allocated:  93.40380859375
Memory cached:  108.0
--------------------  Trial  46   --------------------
Start timing: 
Parameters: 
{'W_layers': 3, 'W_layer_units_exponent_0': 8, 'W_layer_units_exponent_1': 5, 'W_layer_units_exponent_2': 9, 'D_layers': 3, 'D_layer_units_exponent_0': 6, 'D_layer_units_exponent_1': 4, 'D_layer_units_exponent_2': 5, 'log_learning_rate': -3.1994658478892473, 'log_learning_rate_D': -2.288694171787358, 'training_batch_size': 12, 'training_p': 6}
	 epoch  0 training error:  tensor(0.5679, device='cuda:0', grad_fn=<DivBackward0>)
Memory status after this epoch: 
Memory allocated:  0.50341796875
Memory cached:  4.0
	 epoch  10 training error:  tensor(0.1701, device='cuda:0', grad_fn=<DivBackward0>)
Memory status after this epoch: 
Memory allocated:  0.50341796875
Memory cached:  6.0
	 epoch  20 training error:  tensor(0.0990, device='cuda:0', grad_fn=<DivBackward0>)
Memory status after this epoch: 
Memory allocated:  0.50341796875
Memory cached:  6.0
	 epoch  30 training error:  tensor(0.0705, device='cuda:0', grad_fn=<DivBackward0>)
Memory status after this epoch: 
Memory allocated:  0.50341796875
Memory cached:  6.0
	 epoch  40 training error:  tensor(0.0753, device='cuda:0', grad_fn=<DivBackward0>)
Memory status after this epoch: 
Memory allocated:  0.50341796875
Memory cached:  6.0
	 epoch  50 training error:  tensor(0.0869, device='cuda:0', grad_fn=<DivBackward0>)
Memory status after this epoch: 
Memory allocated:  0.50341796875
Memory cached:  6.0
	 epoch  60 training error:  tensor(0.0717, device='cuda:0', grad_fn=<DivBackward0>)
Memory status after this epoch: 
Memory allocated:  0.50341796875
Memory cached:  6.0
	 epoch  70 training error:  tensor(0.0685, device='cuda:0', grad_fn=<DivBackward0>)
Memory status after this epoch: 
Memory allocated:  0.50341796875
Memory cached:  6.0
	 epoch  80 training error:  tensor(0.0662, device='cuda:0', grad_fn=<DivBackward0>)
Memory status after this epoch: 
Memory allocated:  0.50341796875
Memory cached:  6.0
	 epoch  90 training error:  tensor(0.0656, device='cuda:0', grad_fn=<DivBackward0>)
Memory status after this epoch: 
Memory allocated:  0.50341796875
Memory cached:  6.0
[I 2023-11-03 22:32:42,821] Trial 46 finished with value: 0.053916484117507935 and parameters: {'W_layers': 3, 'W_layer_units_exponent_0': 8, 'W_layer_units_exponent_1': 5, 'W_layer_units_exponent_2': 9, 'D_layers': 3, 'D_layer_units_exponent_0': 6, 'D_layer_units_exponent_1': 4, 'D_layer_units_exponent_2': 5, 'log_learning_rate': -3.1994658478892473, 'log_learning_rate_D': -2.288694171787358, 'training_batch_size': 12, 'training_p': 6}. Best is trial 15 with value: 0.05133124813437462.
Time for this trial:  16.493632555007935
Memory status after this trial: 
Memory allocated:  43.98974609375
Memory cached:  66.0
--------------------  Trial  47   --------------------
Start timing: 
Parameters: 
{'W_layers': 7, 'W_layer_units_exponent_0': 9, 'W_layer_units_exponent_1': 9, 'W_layer_units_exponent_2': 10, 'W_layer_units_exponent_3': 5, 'W_layer_units_exponent_4': 5, 'W_layer_units_exponent_5': 9, 'W_layer_units_exponent_6': 6, 'D_layers': 7, 'D_layer_units_exponent_0': 9, 'D_layer_units_exponent_1': 5, 'D_layer_units_exponent_2': 7, 'D_layer_units_exponent_3': 8, 'D_layer_units_exponent_4': 5, 'D_layer_units_exponent_5': 10, 'D_layer_units_exponent_6': 10, 'log_learning_rate': -3.6734848705225374, 'log_learning_rate_D': -2.6847639132896086, 'training_batch_size': 10, 'training_p': 4}
	 epoch  0 training error:  tensor(0.9885, device='cuda:0', grad_fn=<DivBackward0>)
Memory status after this epoch: 
Memory allocated:  18.166015625
Memory cached:  48.0
	 epoch  10 training error:  tensor(0.0846, device='cuda:0', grad_fn=<DivBackward0>)
Memory status after this epoch: 
Memory allocated:  18.166015625
Memory cached:  48.0
	 epoch  20 training error:  tensor(0.0822, device='cuda:0', grad_fn=<DivBackward0>)
Memory status after this epoch: 
Memory allocated:  18.166015625
Memory cached:  48.0
	 epoch  30 training error:  tensor(0.0650, device='cuda:0', grad_fn=<DivBackward0>)
Memory status after this epoch: 
Memory allocated:  18.166015625
Memory cached:  48.0
	 epoch  40 training error:  tensor(0.0633, device='cuda:0', grad_fn=<DivBackward0>)
Memory status after this epoch: 
Memory allocated:  18.166015625
Memory cached:  48.0
	 epoch  50 training error:  tensor(0.0574, device='cuda:0', grad_fn=<DivBackward0>)
Memory status after this epoch: 
Memory allocated:  18.166015625
Memory cached:  48.0
	 epoch  60 training error:  tensor(0.0577, device='cuda:0', grad_fn=<DivBackward0>)
Memory status after this epoch: 
Memory allocated:  18.166015625
Memory cached:  48.0
	 epoch  70 training error:  tensor(0.0574, device='cuda:0', grad_fn=<DivBackward0>)
Memory status after this epoch: 
Memory allocated:  18.166015625
Memory cached:  48.0
	 epoch  80 training error:  tensor(0.0572, device='cuda:0', grad_fn=<DivBackward0>)
Memory status after this epoch: 
Memory allocated:  18.166015625
Memory cached:  48.0
	 epoch  90 training error:  tensor(0.0570, device='cuda:0', grad_fn=<DivBackward0>)
Memory status after this epoch: 
Memory allocated:  18.166015625
Memory cached:  48.0
[I 2023-11-03 22:33:02,433] Trial 47 finished with value: 0.05140829086303711 and parameters: {'W_layers': 7, 'W_layer_units_exponent_0': 9, 'W_layer_units_exponent_1': 9, 'W_layer_units_exponent_2': 10, 'W_layer_units_exponent_3': 5, 'W_layer_units_exponent_4': 5, 'W_layer_units_exponent_5': 9, 'W_layer_units_exponent_6': 6, 'D_layers': 7, 'D_layer_units_exponent_0': 9, 'D_layer_units_exponent_1': 5, 'D_layer_units_exponent_2': 7, 'D_layer_units_exponent_3': 8, 'D_layer_units_exponent_4': 5, 'D_layer_units_exponent_5': 10, 'D_layer_units_exponent_6': 10, 'log_learning_rate': -3.6734848705225374, 'log_learning_rate_D': -2.6847639132896086, 'training_batch_size': 10, 'training_p': 4}. Best is trial 15 with value: 0.05133124813437462.
Time for this trial:  19.374481439590454
Memory status after this trial: 
Memory allocated:  153.43603515625
Memory cached:  170.0
--------------------  Trial  48   --------------------
Start timing: 
Parameters: 
{'W_layers': 8, 'W_layer_units_exponent_0': 8, 'W_layer_units_exponent_1': 10, 'W_layer_units_exponent_2': 8, 'W_layer_units_exponent_3': 4, 'W_layer_units_exponent_4': 6, 'W_layer_units_exponent_5': 10, 'W_layer_units_exponent_6': 5, 'W_layer_units_exponent_7': 5, 'D_layers': 8, 'D_layer_units_exponent_0': 9, 'D_layer_units_exponent_1': 5, 'D_layer_units_exponent_2': 7, 'D_layer_units_exponent_3': 8, 'D_layer_units_exponent_4': 4, 'D_layer_units_exponent_5': 10, 'D_layer_units_exponent_6': 10, 'D_layer_units_exponent_7': 7, 'log_learning_rate': -3.8900834111869647, 'log_learning_rate_D': -2.6681376203906506, 'training_batch_size': 10, 'training_p': 3}
	 epoch  0 training error:  tensor(1.0180, device='cuda:0', grad_fn=<DivBackward0>)
Memory status after this epoch: 
Memory allocated:  14.5361328125
Memory cached:  30.0
	 epoch  10 training error:  tensor(0.0947, device='cuda:0', grad_fn=<DivBackward0>)
Memory status after this epoch: 
Memory allocated:  14.5361328125
Memory cached:  30.0
	 epoch  20 training error:  tensor(0.1064, device='cuda:0', grad_fn=<DivBackward0>)
Memory status after this epoch: 
Memory allocated:  14.5361328125
Memory cached:  30.0
	 epoch  30 training error:  tensor(0.0573, device='cuda:0', grad_fn=<DivBackward0>)
Memory status after this epoch: 
Memory allocated:  14.5361328125
Memory cached:  30.0
	 epoch  40 training error:  tensor(0.0583, device='cuda:0', grad_fn=<DivBackward0>)
Memory status after this epoch: 
Memory allocated:  14.5361328125
Memory cached:  30.0
	 epoch  50 training error:  tensor(0.0548, device='cuda:0', grad_fn=<DivBackward0>)
Memory status after this epoch: 
Memory allocated:  14.5361328125
Memory cached:  30.0
	 epoch  60 training error:  tensor(0.0526, device='cuda:0', grad_fn=<DivBackward0>)
Memory status after this epoch: 
Memory allocated:  14.5361328125
Memory cached:  30.0
	 epoch  70 training error:  tensor(0.0524, device='cuda:0', grad_fn=<DivBackward0>)
Memory status after this epoch: 
Memory allocated:  14.5361328125
Memory cached:  30.0
	 epoch  80 training error:  tensor(0.0521, device='cuda:0', grad_fn=<DivBackward0>)
Memory status after this epoch: 
Memory allocated:  14.5361328125
Memory cached:  30.0
	 epoch  90 training error:  tensor(0.0519, device='cuda:0', grad_fn=<DivBackward0>)
Memory status after this epoch: 
Memory allocated:  14.5361328125
Memory cached:  30.0
[I 2023-11-03 22:33:22,049] Trial 48 finished with value: 0.050749361515045166 and parameters: {'W_layers': 8, 'W_layer_units_exponent_0': 8, 'W_layer_units_exponent_1': 10, 'W_layer_units_exponent_2': 8, 'W_layer_units_exponent_3': 4, 'W_layer_units_exponent_4': 6, 'W_layer_units_exponent_5': 10, 'W_layer_units_exponent_6': 5, 'W_layer_units_exponent_7': 5, 'D_layers': 8, 'D_layer_units_exponent_0': 9, 'D_layer_units_exponent_1': 5, 'D_layer_units_exponent_2': 7, 'D_layer_units_exponent_3': 8, 'D_layer_units_exponent_4': 4, 'D_layer_units_exponent_5': 10, 'D_layer_units_exponent_6': 10, 'D_layer_units_exponent_7': 7, 'log_learning_rate': -3.8900834111869647, 'log_learning_rate_D': -2.6681376203906506, 'training_batch_size': 10, 'training_p': 3}. Best is trial 48 with value: 0.050749361515045166.
Time for this trial:  19.37203598022461
Memory status after this trial: 
Memory allocated:  151.89111328125
Memory cached:  172.0
--------------------  Trial  49   --------------------
Start timing: 
Parameters: 
{'W_layers': 7, 'W_layer_units_exponent_0': 8, 'W_layer_units_exponent_1': 10, 'W_layer_units_exponent_2': 10, 'W_layer_units_exponent_3': 4, 'W_layer_units_exponent_4': 6, 'W_layer_units_exponent_5': 10, 'W_layer_units_exponent_6': 4, 'D_layers': 8, 'D_layer_units_exponent_0': 9, 'D_layer_units_exponent_1': 5, 'D_layer_units_exponent_2': 7, 'D_layer_units_exponent_3': 8, 'D_layer_units_exponent_4': 4, 'D_layer_units_exponent_5': 10, 'D_layer_units_exponent_6': 9, 'D_layer_units_exponent_7': 7, 'log_learning_rate': -3.8908144923610144, 'log_learning_rate_D': -2.6750095617636824, 'training_batch_size': 10, 'training_p': 3}
	 epoch  0 training error:  tensor(0.9873, device='cuda:0', grad_fn=<DivBackward0>)
Memory status after this epoch: 
Memory allocated:  24.2158203125
Memory cached:  44.0
	 epoch  10 training error:  tensor(0.1243, device='cuda:0', grad_fn=<DivBackward0>)
Memory status after this epoch: 
Memory allocated:  24.2158203125
Memory cached:  44.0
	 epoch  20 training error:  tensor(0.0673, device='cuda:0', grad_fn=<DivBackward0>)
Memory status after this epoch: 
Memory allocated:  24.2158203125
Memory cached:  44.0
	 epoch  30 training error:  tensor(0.0665, device='cuda:0', grad_fn=<DivBackward0>)
Memory status after this epoch: 
Memory allocated:  24.2158203125
Memory cached:  44.0
	 epoch  40 training error:  tensor(0.0571, device='cuda:0', grad_fn=<DivBackward0>)
Memory status after this epoch: 
Memory allocated:  24.2158203125
Memory cached:  44.0
	 epoch  50 training error:  tensor(0.0557, device='cuda:0', grad_fn=<DivBackward0>)
Memory status after this epoch: 
Memory allocated:  24.2158203125
Memory cached:  44.0
	 epoch  60 training error:  tensor(0.0534, device='cuda:0', grad_fn=<DivBackward0>)
Memory status after this epoch: 
Memory allocated:  24.2158203125
Memory cached:  44.0
	 epoch  70 training error:  tensor(0.0529, device='cuda:0', grad_fn=<DivBackward0>)
Memory status after this epoch: 
Memory allocated:  24.2158203125
Memory cached:  44.0
	 epoch  80 training error:  tensor(0.0526, device='cuda:0', grad_fn=<DivBackward0>)
Memory status after this epoch: 
Memory allocated:  24.2158203125
Memory cached:  44.0
	 epoch  90 training error:  tensor(0.0523, device='cuda:0', grad_fn=<DivBackward0>)
Memory status after this epoch: 
Memory allocated:  24.2158203125
Memory cached:  44.0
[I 2023-11-03 22:33:41,862] Trial 49 finished with value: 0.05130655691027641 and parameters: {'W_layers': 7, 'W_layer_units_exponent_0': 8, 'W_layer_units_exponent_1': 10, 'W_layer_units_exponent_2': 10, 'W_layer_units_exponent_3': 4, 'W_layer_units_exponent_4': 6, 'W_layer_units_exponent_5': 10, 'W_layer_units_exponent_6': 4, 'D_layers': 8, 'D_layer_units_exponent_0': 9, 'D_layer_units_exponent_1': 5, 'D_layer_units_exponent_2': 7, 'D_layer_units_exponent_3': 8, 'D_layer_units_exponent_4': 4, 'D_layer_units_exponent_5': 10, 'D_layer_units_exponent_6': 9, 'D_layer_units_exponent_7': 7, 'log_learning_rate': -3.8908144923610144, 'log_learning_rate_D': -2.6750095617636824, 'training_batch_size': 10, 'training_p': 3}. Best is trial 48 with value: 0.050749361515045166.
[I 2023-11-03 22:33:41,862] A new study created in memory with name: no-name-1c8f5191-3436-4661-b11f-64695c4432ae
Time for this trial:  19.57826280593872
Memory status after this trial: 
Memory allocated:  195.51220703125
Memory cached:  240.0
--------------------  Trial  0   --------------------
Start timing: 
Parameters: 
{'W_layers': 6, 'W_layer_units_exponent_0': 8, 'W_layer_units_exponent_1': 9, 'W_layer_units_exponent_2': 4, 'W_layer_units_exponent_3': 6, 'W_layer_units_exponent_4': 4, 'W_layer_units_exponent_5': 5, 'D_layers': 5, 'D_layer_units_exponent_0': 9, 'D_layer_units_exponent_1': 7, 'D_layer_units_exponent_2': 9, 'D_layer_units_exponent_3': 4, 'D_layer_units_exponent_4': 4, 'log_learning_rate': -4.798964723847929, 'log_learning_rate_D': -2.2487447351511682, 'training_batch_size': 9, 'training_p': 6}
	 epoch  0 training error:  tensor(0.9860, device='cuda:0', grad_fn=<DivBackward0>)
Memory status after this epoch: 
Memory allocated:  4.3896484375
Memory cached:  14.0
	 epoch  10 training error:  tensor(0.9390, device='cuda:0', grad_fn=<DivBackward0>)
Memory status after this epoch: 
Memory allocated:  4.3896484375
Memory cached:  18.0
	 epoch  20 training error:  tensor(0.8906, device='cuda:0', grad_fn=<DivBackward0>)
Memory status after this epoch: 
Memory allocated:  4.3896484375
Memory cached:  18.0
	 epoch  30 training error:  tensor(0.8407, device='cuda:0', grad_fn=<DivBackward0>)
Memory status after this epoch: 
Memory allocated:  4.3896484375
Memory cached:  18.0
	 epoch  40 training error:  tensor(0.7895, device='cuda:0', grad_fn=<DivBackward0>)
Memory status after this epoch: 
Memory allocated:  4.3896484375
Memory cached:  18.0
	 epoch  50 training error:  tensor(0.7364, device='cuda:0', grad_fn=<DivBackward0>)
Memory status after this epoch: 
Memory allocated:  4.3896484375
Memory cached:  18.0
	 epoch  60 training error:  tensor(0.6809, device='cuda:0', grad_fn=<DivBackward0>)
Memory status after this epoch: 
Memory allocated:  4.3896484375
Memory cached:  18.0
	 epoch  70 training error:  tensor(0.6234, device='cuda:0', grad_fn=<DivBackward0>)
Memory status after this epoch: 
Memory allocated:  4.3896484375
Memory cached:  18.0
	 epoch  80 training error:  tensor(0.5642, device='cuda:0', grad_fn=<DivBackward0>)
Memory status after this epoch: 
Memory allocated:  4.3896484375
Memory cached:  18.0
	 epoch  90 training error:  tensor(0.5046, device='cuda:0', grad_fn=<DivBackward0>)
Memory status after this epoch: 
Memory allocated:  4.3896484375
Memory cached:  18.0
