[I 2023-11-02 17:20:45,827] Trial 20 finished with value: 0.8144745230674744 and parameters: {'W_layers': 5, 'W_layer_units_exponent_0': 6, 'W_layer_units_exponent_1': 9, 'W_layer_units_exponent_2': 7, 'W_layer_units_exponent_3': 4, 'W_layer_units_exponent_4': 4, 'D_layers': 8, 'D_layer_units_exponent_0': 4, 'D_layer_units_exponent_1': 5, 'D_layer_units_exponent_2': 6, 'D_layer_units_exponent_3': 7, 'D_layer_units_exponent_4': 6, 'D_layer_units_exponent_5': 8, 'D_layer_units_exponent_6': 4, 'D_layer_units_exponent_7': 10, 'log_learning_rate': -4.784160674846935, 'log_learning_rate_D': -2.094961226619262, 'training_batch_size': 12, 'training_p': 3}. Best is trial 7 with value: 0.24504585564136505.
Time for this trial:  167.09527277946472
Memory status after this trial: 
Memory allocated:  126.94580078125
Memory cached:  130.0
--------------------  Trial  21   --------------------
Start timing: 
Parameters: 
{'W_layers': 6, 'W_layer_units_exponent_0': 9, 'W_layer_units_exponent_1': 10, 'W_layer_units_exponent_2': 9, 'W_layer_units_exponent_3': 4, 'W_layer_units_exponent_4': 8, 'W_layer_units_exponent_5': 10, 'D_layers': 8, 'D_layer_units_exponent_0': 4, 'D_layer_units_exponent_1': 4, 'D_layer_units_exponent_2': 8, 'D_layer_units_exponent_3': 10, 'D_layer_units_exponent_4': 8, 'D_layer_units_exponent_5': 4, 'D_layer_units_exponent_6': 8, 'D_layer_units_exponent_7': 5, 'log_learning_rate': -2.3527984343568376, 'log_learning_rate_D': -1.073102812702762, 'training_batch_size': 12, 'training_p': 7}
	 epoch  0 training error:  tensor(0.9950, device='cuda:0', grad_fn=<DivBackward0>)
Memory status after this epoch: 
Memory allocated:  28.9296875
Memory cached:  44.0
	 epoch  10 training error:  tensor(0.9503, device='cuda:0', grad_fn=<DivBackward0>)
Memory status after this epoch: 
Memory allocated:  28.9296875
Memory cached:  52.0
	 epoch  20 training error:  tensor(0.3527, device='cuda:0', grad_fn=<DivBackward0>)
Memory status after this epoch: 
Memory allocated:  28.9296875
Memory cached:  52.0
	 epoch  30 training error:  tensor(0.3485, device='cuda:0', grad_fn=<DivBackward0>)
Memory status after this epoch: 
Memory allocated:  28.9296875
Memory cached:  52.0
	 epoch  40 training error:  tensor(0.4828, device='cuda:0', grad_fn=<DivBackward0>)
Memory status after this epoch: 
Memory allocated:  28.9296875
Memory cached:  52.0
	 epoch  50 training error:  tensor(0.3096, device='cuda:0', grad_fn=<DivBackward0>)
Memory status after this epoch: 
Memory allocated:  28.9296875
Memory cached:  52.0
	 epoch  60 training error:  tensor(0.2743, device='cuda:0', grad_fn=<DivBackward0>)
Memory status after this epoch: 
Memory allocated:  28.9296875
Memory cached:  52.0
	 epoch  70 training error:  tensor(0.2544, device='cuda:0', grad_fn=<DivBackward0>)
Memory status after this epoch: 
Memory allocated:  28.9296875
Memory cached:  52.0
	 epoch  80 training error:  tensor(0.2543, device='cuda:0', grad_fn=<DivBackward0>)
Memory status after this epoch: 
Memory allocated:  28.9296875
Memory cached:  52.0
	 epoch  90 training error:  tensor(0.2548, device='cuda:0', grad_fn=<DivBackward0>)
Memory status after this epoch: 
Memory allocated:  28.9296875
Memory cached:  52.0
[I 2023-11-02 17:24:00,103] Trial 21 finished with value: 0.2472655326128006 and parameters: {'W_layers': 6, 'W_layer_units_exponent_0': 9, 'W_layer_units_exponent_1': 10, 'W_layer_units_exponent_2': 9, 'W_layer_units_exponent_3': 4, 'W_layer_units_exponent_4': 8, 'W_layer_units_exponent_5': 10, 'D_layers': 8, 'D_layer_units_exponent_0': 4, 'D_layer_units_exponent_1': 4, 'D_layer_units_exponent_2': 8, 'D_layer_units_exponent_3': 10, 'D_layer_units_exponent_4': 8, 'D_layer_units_exponent_5': 4, 'D_layer_units_exponent_6': 8, 'D_layer_units_exponent_7': 5, 'log_learning_rate': -2.3527984343568376, 'log_learning_rate_D': -1.073102812702762, 'training_batch_size': 12, 'training_p': 7}. Best is trial 7 with value: 0.24504585564136505.
Time for this trial:  194.0396604537964
Memory status after this trial: 
Memory allocated:  293.798828125
Memory cached:  314.0
--------------------  Trial  22   --------------------
Start timing: 
Parameters: 
{'W_layers': 7, 'W_layer_units_exponent_0': 9, 'W_layer_units_exponent_1': 10, 'W_layer_units_exponent_2': 9, 'W_layer_units_exponent_3': 6, 'W_layer_units_exponent_4': 8, 'W_layer_units_exponent_5': 10, 'W_layer_units_exponent_6': 7, 'D_layers': 7, 'D_layer_units_exponent_0': 5, 'D_layer_units_exponent_1': 4, 'D_layer_units_exponent_2': 9, 'D_layer_units_exponent_3': 10, 'D_layer_units_exponent_4': 7, 'D_layer_units_exponent_5': 4, 'D_layer_units_exponent_6': 7, 'log_learning_rate': -2.525488921494311, 'log_learning_rate_D': -1.3783964457462092, 'training_batch_size': 11, 'training_p': 8}
	 epoch  0 training error:  tensor(1.0001, device='cuda:0', grad_fn=<DivBackward0>)
Memory status after this epoch: 
Memory allocated:  33.365234375
Memory cached:  60.0
	 epoch  10 training error:  tensor(0.9989, device='cuda:0', grad_fn=<DivBackward0>)
Memory status after this epoch: 
Memory allocated:  33.365234375
Memory cached:  64.0
	 epoch  20 training error:  tensor(0.9999, device='cuda:0', grad_fn=<DivBackward0>)
Memory status after this epoch: 
Memory allocated:  33.365234375
Memory cached:  64.0
	 epoch  30 training error:  tensor(0.9999, device='cuda:0', grad_fn=<DivBackward0>)
Memory status after this epoch: 
Memory allocated:  33.365234375
Memory cached:  64.0
	 epoch  40 training error:  tensor(0.9999, device='cuda:0', grad_fn=<DivBackward0>)
Memory status after this epoch: 
Memory allocated:  33.365234375
Memory cached:  64.0
	 epoch  50 training error:  tensor(0.9999, device='cuda:0', grad_fn=<DivBackward0>)
Memory status after this epoch: 
Memory allocated:  33.365234375
Memory cached:  64.0
	 epoch  60 training error:  tensor(0.9995, device='cuda:0', grad_fn=<DivBackward0>)
Memory status after this epoch: 
Memory allocated:  33.365234375
Memory cached:  64.0
	 epoch  70 training error:  tensor(1.5505, device='cuda:0', grad_fn=<DivBackward0>)
Memory status after this epoch: 
Memory allocated:  33.365234375
Memory cached:  64.0
	 epoch  80 training error:  tensor(0.4537, device='cuda:0', grad_fn=<DivBackward0>)
Memory status after this epoch: 
Memory allocated:  33.365234375
Memory cached:  64.0
	 epoch  90 training error:  tensor(0.3256, device='cuda:0', grad_fn=<DivBackward0>)
Memory status after this epoch: 
Memory allocated:  33.365234375
Memory cached:  64.0
[I 2023-11-02 17:27:14,748] Trial 22 finished with value: 0.255536824464798 and parameters: {'W_layers': 7, 'W_layer_units_exponent_0': 9, 'W_layer_units_exponent_1': 10, 'W_layer_units_exponent_2': 9, 'W_layer_units_exponent_3': 6, 'W_layer_units_exponent_4': 8, 'W_layer_units_exponent_5': 10, 'W_layer_units_exponent_6': 7, 'D_layers': 7, 'D_layer_units_exponent_0': 5, 'D_layer_units_exponent_1': 4, 'D_layer_units_exponent_2': 9, 'D_layer_units_exponent_3': 10, 'D_layer_units_exponent_4': 7, 'D_layer_units_exponent_5': 4, 'D_layer_units_exponent_6': 7, 'log_learning_rate': -2.525488921494311, 'log_learning_rate_D': -1.3783964457462092, 'training_batch_size': 11, 'training_p': 8}. Best is trial 7 with value: 0.24504585564136505.
Time for this trial:  194.38814568519592
Memory status after this trial: 
Memory allocated:  304.22998046875
Memory cached:  318.0
--------------------  Trial  23   --------------------
Start timing: 
Parameters: 
{'W_layers': 6, 'W_layer_units_exponent_0': 7, 'W_layer_units_exponent_1': 9, 'W_layer_units_exponent_2': 8, 'W_layer_units_exponent_3': 4, 'W_layer_units_exponent_4': 9, 'W_layer_units_exponent_5': 6, 'D_layers': 8, 'D_layer_units_exponent_0': 4, 'D_layer_units_exponent_1': 5, 'D_layer_units_exponent_2': 7, 'D_layer_units_exponent_3': 9, 'D_layer_units_exponent_4': 6, 'D_layer_units_exponent_5': 5, 'D_layer_units_exponent_6': 7, 'D_layer_units_exponent_7': 8, 'log_learning_rate': -1.989413030482892, 'log_learning_rate_D': -1.711335856547302, 'training_batch_size': 12, 'training_p': 7}
	 epoch  0 training error:  tensor(1.0038, device='cuda:0', grad_fn=<DivBackward0>)
Memory status after this epoch: 
Memory allocated:  6.033203125
Memory cached:  18.0
	 epoch  10 training error:  tensor(1., device='cuda:0', grad_fn=<DivBackward0>)
Memory status after this epoch: 
Memory allocated:  6.033203125
Memory cached:  24.0
	 epoch  20 training error:  tensor(1., device='cuda:0', grad_fn=<DivBackward0>)
Memory status after this epoch: 
Memory allocated:  6.033203125
Memory cached:  24.0
	 epoch  30 training error:  tensor(1., device='cuda:0', grad_fn=<DivBackward0>)
Memory status after this epoch: 
Memory allocated:  6.033203125
Memory cached:  24.0
	 epoch  40 training error:  tensor(1., device='cuda:0', grad_fn=<DivBackward0>)
Memory status after this epoch: 
Memory allocated:  6.033203125
Memory cached:  24.0
	 epoch  50 training error:  tensor(1., device='cuda:0', grad_fn=<DivBackward0>)
Memory status after this epoch: 
Memory allocated:  6.033203125
Memory cached:  24.0
	 epoch  60 training error:  tensor(1., device='cuda:0', grad_fn=<DivBackward0>)
Memory status after this epoch: 
Memory allocated:  6.033203125
Memory cached:  24.0
	 epoch  70 training error:  tensor(1., device='cuda:0', grad_fn=<DivBackward0>)
Memory status after this epoch: 
Memory allocated:  6.033203125
Memory cached:  24.0
	 epoch  80 training error:  tensor(1., device='cuda:0', grad_fn=<DivBackward0>)
Memory status after this epoch: 
Memory allocated:  6.033203125
Memory cached:  24.0
	 epoch  90 training error:  tensor(1., device='cuda:0', grad_fn=<DivBackward0>)
Memory status after this epoch: 
Memory allocated:  6.033203125
Memory cached:  24.0
[I 2023-11-02 17:30:12,398] Trial 23 finished with value: 1.0 and parameters: {'W_layers': 6, 'W_layer_units_exponent_0': 7, 'W_layer_units_exponent_1': 9, 'W_layer_units_exponent_2': 8, 'W_layer_units_exponent_3': 4, 'W_layer_units_exponent_4': 9, 'W_layer_units_exponent_5': 6, 'D_layers': 8, 'D_layer_units_exponent_0': 4, 'D_layer_units_exponent_1': 5, 'D_layer_units_exponent_2': 7, 'D_layer_units_exponent_3': 9, 'D_layer_units_exponent_4': 6, 'D_layer_units_exponent_5': 5, 'D_layer_units_exponent_6': 7, 'D_layer_units_exponent_7': 8, 'log_learning_rate': -1.989413030482892, 'log_learning_rate_D': -1.711335856547302, 'training_batch_size': 12, 'training_p': 7}. Best is trial 7 with value: 0.24504585564136505.
Time for this trial:  177.3854742050171
Memory status after this trial: 
Memory allocated:  145.66943359375
Memory cached:  150.0
--------------------  Trial  24   --------------------
Start timing: 
Parameters: 
{'W_layers': 5, 'W_layer_units_exponent_0': 8, 'W_layer_units_exponent_1': 10, 'W_layer_units_exponent_2': 9, 'W_layer_units_exponent_3': 5, 'W_layer_units_exponent_4': 6, 'D_layers': 7, 'D_layer_units_exponent_0': 7, 'D_layer_units_exponent_1': 6, 'D_layer_units_exponent_2': 9, 'D_layer_units_exponent_3': 10, 'D_layer_units_exponent_4': 9, 'D_layer_units_exponent_5': 5, 'D_layer_units_exponent_6': 6, 'log_learning_rate': -2.794106998289202, 'log_learning_rate_D': -2.2430367495959866, 'training_batch_size': 10, 'training_p': 6}
	 epoch  0 training error:  tensor(0.9966, device='cuda:0', grad_fn=<DivBackward0>)
Memory status after this epoch: 
Memory allocated:  29.5078125
Memory cached:  56.0
	 epoch  10 training error:  tensor(0.3055, device='cuda:0', grad_fn=<DivBackward0>)
Memory status after this epoch: 
Memory allocated:  29.5078125
Memory cached:  62.0
	 epoch  20 training error:  tensor(0.2528, device='cuda:0', grad_fn=<DivBackward0>)
Memory status after this epoch: 
Memory allocated:  29.5078125
Memory cached:  62.0
	 epoch  30 training error:  tensor(0.2554, device='cuda:0', grad_fn=<DivBackward0>)
Memory status after this epoch: 
Memory allocated:  29.5078125
Memory cached:  62.0
	 epoch  40 training error:  tensor(0.2549, device='cuda:0', grad_fn=<DivBackward0>)
Memory status after this epoch: 
Memory allocated:  29.5078125
Memory cached:  62.0
	 epoch  50 training error:  tensor(0.2528, device='cuda:0', grad_fn=<DivBackward0>)
Memory status after this epoch: 
Memory allocated:  29.5078125
Memory cached:  62.0
	 epoch  60 training error:  tensor(0.2531, device='cuda:0', grad_fn=<DivBackward0>)
Memory status after this epoch: 
Memory allocated:  29.5078125
Memory cached:  62.0
	 epoch  70 training error:  tensor(0.2529, device='cuda:0', grad_fn=<DivBackward0>)
Memory status after this epoch: 
Memory allocated:  29.5078125
Memory cached:  62.0
	 epoch  80 training error:  tensor(0.2528, device='cuda:0', grad_fn=<DivBackward0>)
Memory status after this epoch: 
Memory allocated:  29.5078125
Memory cached:  62.0
	 epoch  90 training error:  tensor(0.2528, device='cuda:0', grad_fn=<DivBackward0>)
Memory status after this epoch: 
Memory allocated:  29.5078125
Memory cached:  62.0
[I 2023-11-02 17:33:04,414] Trial 24 finished with value: 0.24624624848365784 and parameters: {'W_layers': 5, 'W_layer_units_exponent_0': 8, 'W_layer_units_exponent_1': 10, 'W_layer_units_exponent_2': 9, 'W_layer_units_exponent_3': 5, 'W_layer_units_exponent_4': 6, 'D_layers': 7, 'D_layer_units_exponent_0': 7, 'D_layer_units_exponent_1': 6, 'D_layer_units_exponent_2': 9, 'D_layer_units_exponent_3': 10, 'D_layer_units_exponent_4': 9, 'D_layer_units_exponent_5': 5, 'D_layer_units_exponent_6': 6, 'log_learning_rate': -2.794106998289202, 'log_learning_rate_D': -2.2430367495959866, 'training_batch_size': 10, 'training_p': 6}. Best is trial 7 with value: 0.24504585564136505.
Time for this trial:  171.77355980873108
Memory status after this trial: 
Memory allocated:  240.18310546875
Memory cached:  252.0
--------------------  Trial  25   --------------------
Start timing: 
Parameters: 
{'W_layers': 7, 'W_layer_units_exponent_0': 10, 'W_layer_units_exponent_1': 8, 'W_layer_units_exponent_2': 7, 'W_layer_units_exponent_3': 6, 'W_layer_units_exponent_4': 6, 'W_layer_units_exponent_5': 9, 'W_layer_units_exponent_6': 6, 'D_layers': 6, 'D_layer_units_exponent_0': 6, 'D_layer_units_exponent_1': 7, 'D_layer_units_exponent_2': 5, 'D_layer_units_exponent_3': 8, 'D_layer_units_exponent_4': 9, 'D_layer_units_exponent_5': 4, 'log_learning_rate': -2.960027131440936, 'log_learning_rate_D': -1.890468806465016, 'training_batch_size': 11, 'training_p': 7}
	 epoch  0 training error:  tensor(1.0030, device='cuda:0', grad_fn=<DivBackward0>)
Memory status after this epoch: 
Memory allocated:  8.78515625
Memory cached:  18.0
	 epoch  10 training error:  tensor(0.2638, device='cuda:0', grad_fn=<DivBackward0>)
Memory status after this epoch: 
Memory allocated:  8.78515625
Memory cached:  22.0
	 epoch  20 training error:  tensor(0.3764, device='cuda:0', grad_fn=<DivBackward0>)
Memory status after this epoch: 
Memory allocated:  8.78515625
Memory cached:  22.0
	 epoch  30 training error:  tensor(0.2571, device='cuda:0', grad_fn=<DivBackward0>)
Memory status after this epoch: 
Memory allocated:  8.78515625
Memory cached:  22.0
	 epoch  40 training error:  tensor(0.2637, device='cuda:0', grad_fn=<DivBackward0>)
Memory status after this epoch: 
Memory allocated:  8.78515625
Memory cached:  22.0
	 epoch  50 training error:  tensor(0.2592, device='cuda:0', grad_fn=<DivBackward0>)
Memory status after this epoch: 
Memory allocated:  8.78515625
Memory cached:  22.0
	 epoch  60 training error:  tensor(0.2558, device='cuda:0', grad_fn=<DivBackward0>)
Memory status after this epoch: 
Memory allocated:  8.78515625
Memory cached:  22.0
	 epoch  70 training error:  tensor(0.2544, device='cuda:0', grad_fn=<DivBackward0>)
Memory status after this epoch: 
Memory allocated:  8.78515625
Memory cached:  22.0
	 epoch  80 training error:  tensor(0.2544, device='cuda:0', grad_fn=<DivBackward0>)
Memory status after this epoch: 
Memory allocated:  8.78515625
Memory cached:  22.0
	 epoch  90 training error:  tensor(0.2543, device='cuda:0', grad_fn=<DivBackward0>)
Memory status after this epoch: 
Memory allocated:  8.78515625
Memory cached:  22.0
[I 2023-11-02 17:35:56,239] Trial 25 finished with value: 0.246003657579422 and parameters: {'W_layers': 7, 'W_layer_units_exponent_0': 10, 'W_layer_units_exponent_1': 8, 'W_layer_units_exponent_2': 7, 'W_layer_units_exponent_3': 6, 'W_layer_units_exponent_4': 6, 'W_layer_units_exponent_5': 9, 'W_layer_units_exponent_6': 6, 'D_layers': 6, 'D_layer_units_exponent_0': 6, 'D_layer_units_exponent_1': 7, 'D_layer_units_exponent_2': 5, 'D_layer_units_exponent_3': 8, 'D_layer_units_exponent_4': 9, 'D_layer_units_exponent_5': 4, 'log_learning_rate': -2.960027131440936, 'log_learning_rate_D': -1.890468806465016, 'training_batch_size': 11, 'training_p': 7}. Best is trial 7 with value: 0.24504585564136505.
Time for this trial:  171.5908546447754
Memory status after this trial: 
Memory allocated:  171.740234375
Memory cached:  178.0
--------------------  Trial  26   --------------------
Start timing: 
Parameters: 
{'W_layers': 7, 'W_layer_units_exponent_0': 10, 'W_layer_units_exponent_1': 8, 'W_layer_units_exponent_2': 6, 'W_layer_units_exponent_3': 6, 'W_layer_units_exponent_4': 6, 'W_layer_units_exponent_5': 8, 'W_layer_units_exponent_6': 6, 'D_layers': 6, 'D_layer_units_exponent_0': 6, 'D_layer_units_exponent_1': 7, 'D_layer_units_exponent_2': 5, 'D_layer_units_exponent_3': 8, 'D_layer_units_exponent_4': 9, 'D_layer_units_exponent_5': 6, 'log_learning_rate': -3.2179653109068296, 'log_learning_rate_D': -2.503915043910191, 'training_batch_size': 9, 'training_p': 4}
	 epoch  0 training error:  tensor(1.0007, device='cuda:0', grad_fn=<DivBackward0>)
Memory status after this epoch: 
Memory allocated:  8.34375
Memory cached:  18.0
	 epoch  10 training error:  tensor(0.3314, device='cuda:0', grad_fn=<DivBackward0>)
Memory status after this epoch: 
Memory allocated:  8.34375
Memory cached:  22.0
	 epoch  20 training error:  tensor(0.2586, device='cuda:0', grad_fn=<DivBackward0>)
Memory status after this epoch: 
Memory allocated:  8.34375
Memory cached:  22.0
	 epoch  30 training error:  tensor(0.2476, device='cuda:0', grad_fn=<DivBackward0>)
Memory status after this epoch: 
Memory allocated:  8.34375
Memory cached:  22.0
	 epoch  40 training error:  tensor(0.2477, device='cuda:0', grad_fn=<DivBackward0>)
Memory status after this epoch: 
Memory allocated:  8.34375
Memory cached:  22.0
	 epoch  50 training error:  tensor(0.2476, device='cuda:0', grad_fn=<DivBackward0>)
Memory status after this epoch: 
Memory allocated:  8.34375
Memory cached:  22.0
	 epoch  60 training error:  tensor(0.2475, device='cuda:0', grad_fn=<DivBackward0>)
Memory status after this epoch: 
Memory allocated:  8.34375
Memory cached:  22.0
	 epoch  70 training error:  tensor(0.2475, device='cuda:0', grad_fn=<DivBackward0>)
Memory status after this epoch: 
Memory allocated:  8.34375
Memory cached:  22.0
	 epoch  80 training error:  tensor(0.2475, device='cuda:0', grad_fn=<DivBackward0>)
Memory status after this epoch: 
Memory allocated:  8.34375
Memory cached:  22.0
	 epoch  90 training error:  tensor(0.2474, device='cuda:0', grad_fn=<DivBackward0>)
Memory status after this epoch: 
Memory allocated:  8.34375
Memory cached:  22.0
