[I 2023-11-08 16:18:19,004] Trial 21 finished with value: 0.04738099128007889 and parameters: {'W_layers': 6, 'W_layer_units_exponent_0': 5, 'W_layer_units_exponent_1': 5, 'W_layer_units_exponent_2': 10, 'W_layer_units_exponent_3': 8, 'W_layer_units_exponent_4': 8, 'W_layer_units_exponent_5': 5, 'D_layers': 6, 'D_layer_units_exponent_0': 6, 'D_layer_units_exponent_1': 7, 'D_layer_units_exponent_2': 5, 'D_layer_units_exponent_3': 9, 'D_layer_units_exponent_4': 9, 'D_layer_units_exponent_5': 8, 'D_dagger_layers': 7, 'D_dagger_layer_units_exponent_0': 10, 'D_dagger_layer_units_exponent_1': 4, 'D_dagger_layer_units_exponent_2': 10, 'D_dagger_layer_units_exponent_3': 5, 'D_dagger_layer_units_exponent_4': 9, 'D_dagger_layer_units_exponent_5': 7, 'D_dagger_layer_units_exponent_6': 10, 'log_learning_rate': -2.624035608723672, 'log_learning_rate_D': -4.535325701613227, 'log_learning_rate_D_dagger': -4.140368485913451, 'training_batch_size': 6, 'training_p': 3}. Best is trial 3 with value: 0.04438633471727371.
Time for this trial:  448.76560974121094
Memory status after this trial: 
Memory allocated:  376.9384765625
Memory cached:  386.0
--------------------  Trial  22   --------------------
Start timing: 
Parameters: 
{'W_layers': 6, 'W_layer_units_exponent_0': 6, 'W_layer_units_exponent_1': 4, 'W_layer_units_exponent_2': 10, 'W_layer_units_exponent_3': 7, 'W_layer_units_exponent_4': 8, 'W_layer_units_exponent_5': 6, 'D_layers': 7, 'D_layer_units_exponent_0': 6, 'D_layer_units_exponent_1': 7, 'D_layer_units_exponent_2': 5, 'D_layer_units_exponent_3': 10, 'D_layer_units_exponent_4': 10, 'D_layer_units_exponent_5': 7, 'D_layer_units_exponent_6': 8, 'D_dagger_layers': 8, 'D_dagger_layer_units_exponent_0': 7, 'D_dagger_layer_units_exponent_1': 5, 'D_dagger_layer_units_exponent_2': 9, 'D_dagger_layer_units_exponent_3': 5, 'D_dagger_layer_units_exponent_4': 9, 'D_dagger_layer_units_exponent_5': 8, 'D_dagger_layer_units_exponent_6': 10, 'D_dagger_layer_units_exponent_7': 10, 'log_learning_rate': -2.469955341057558, 'log_learning_rate_D': -4.06285754098286, 'log_learning_rate_D_dagger': -3.835044122902806, 'training_batch_size': 6, 'training_p': 3}
	 epoch  0 training error:  tensor(1.2728, device='cuda:0', grad_fn=<DivBackward0>)
Memory status after this epoch: 
Memory allocated:  45.31494140625
Memory cached:  232.0
	 epoch  10 training error:  tensor(0.1439, device='cuda:0', grad_fn=<DivBackward0>)
Memory status after this epoch: 
Memory allocated:  45.31494140625
Memory cached:  256.0
	 epoch  20 training error:  tensor(0.0869, device='cuda:0', grad_fn=<DivBackward0>)
Memory status after this epoch: 
Memory allocated:  45.31494140625
Memory cached:  240.0
	 epoch  30 training error:  tensor(0.0849, device='cuda:0', grad_fn=<DivBackward0>)
Memory status after this epoch: 
Memory allocated:  45.31494140625
Memory cached:  236.0
	 epoch  40 training error:  tensor(0.0877, device='cuda:0', grad_fn=<DivBackward0>)
Memory status after this epoch: 
Memory allocated:  45.31494140625
Memory cached:  250.0
	 epoch  50 training error:  tensor(0.0874, device='cuda:0', grad_fn=<DivBackward0>)
Memory status after this epoch: 
Memory allocated:  45.31494140625
Memory cached:  236.0
	 epoch  60 training error:  tensor(0.0908, device='cuda:0', grad_fn=<DivBackward0>)
Memory status after this epoch: 
Memory allocated:  45.31494140625
Memory cached:  236.0
	 epoch  70 training error:  tensor(0.0860, device='cuda:0', grad_fn=<DivBackward0>)
Memory status after this epoch: 
Memory allocated:  45.31494140625
Memory cached:  254.0
	 epoch  80 training error:  tensor(0.0841, device='cuda:0', grad_fn=<DivBackward0>)
Memory status after this epoch: 
Memory allocated:  45.31494140625
Memory cached:  236.0
	 epoch  90 training error:  tensor(0.0894, device='cuda:0', grad_fn=<DivBackward0>)
Memory status after this epoch: 
Memory allocated:  45.31494140625
Memory cached:  240.0
[I 2023-11-08 16:26:22,203] Trial 22 finished with value: 0.06740780174732208 and parameters: {'W_layers': 6, 'W_layer_units_exponent_0': 6, 'W_layer_units_exponent_1': 4, 'W_layer_units_exponent_2': 10, 'W_layer_units_exponent_3': 7, 'W_layer_units_exponent_4': 8, 'W_layer_units_exponent_5': 6, 'D_layers': 7, 'D_layer_units_exponent_0': 6, 'D_layer_units_exponent_1': 7, 'D_layer_units_exponent_2': 5, 'D_layer_units_exponent_3': 10, 'D_layer_units_exponent_4': 10, 'D_layer_units_exponent_5': 7, 'D_layer_units_exponent_6': 8, 'D_dagger_layers': 8, 'D_dagger_layer_units_exponent_0': 7, 'D_dagger_layer_units_exponent_1': 5, 'D_dagger_layer_units_exponent_2': 9, 'D_dagger_layer_units_exponent_3': 5, 'D_dagger_layer_units_exponent_4': 9, 'D_dagger_layer_units_exponent_5': 8, 'D_dagger_layer_units_exponent_6': 10, 'D_dagger_layer_units_exponent_7': 10, 'log_learning_rate': -2.469955341057558, 'log_learning_rate_D': -4.06285754098286, 'log_learning_rate_D_dagger': -3.835044122902806, 'training_batch_size': 6, 'training_p': 3}. Best is trial 3 with value: 0.04438633471727371.
Time for this trial:  482.85567903518677
Memory status after this trial: 
Memory allocated:  435.1005859375
Memory cached:  446.0
--------------------  Trial  23   --------------------
Start timing: 
Parameters: 
{'W_layers': 4, 'W_layer_units_exponent_0': 5, 'W_layer_units_exponent_1': 5, 'W_layer_units_exponent_2': 9, 'W_layer_units_exponent_3': 9, 'D_layers': 6, 'D_layer_units_exponent_0': 5, 'D_layer_units_exponent_1': 8, 'D_layer_units_exponent_2': 6, 'D_layer_units_exponent_3': 7, 'D_layer_units_exponent_4': 9, 'D_layer_units_exponent_5': 6, 'D_dagger_layers': 6, 'D_dagger_layer_units_exponent_0': 10, 'D_dagger_layer_units_exponent_1': 4, 'D_dagger_layer_units_exponent_2': 10, 'D_dagger_layer_units_exponent_3': 4, 'D_dagger_layer_units_exponent_4': 9, 'D_dagger_layer_units_exponent_5': 6, 'log_learning_rate': -1.8857305648736133, 'log_learning_rate_D': -4.588195351845292, 'log_learning_rate_D_dagger': -4.59114322521554, 'training_batch_size': 7, 'training_p': 5}
	 epoch  0 training error:  tensor(1.3136, device='cuda:0', grad_fn=<DivBackward0>)
Memory status after this epoch: 
Memory allocated:  7.87451171875
Memory cached:  146.0
	 epoch  10 training error:  tensor(0.8316, device='cuda:0', grad_fn=<DivBackward0>)
Memory status after this epoch: 
Memory allocated:  7.87451171875
Memory cached:  252.0
	 epoch  20 training error:  tensor(0.3981, device='cuda:0', grad_fn=<DivBackward0>)
Memory status after this epoch: 
Memory allocated:  7.87451171875
Memory cached:  280.0
	 epoch  30 training error:  tensor(0.2502, device='cuda:0', grad_fn=<DivBackward0>)
Memory status after this epoch: 
Memory allocated:  7.87451171875
Memory cached:  276.0
	 epoch  40 training error:  tensor(0.1516, device='cuda:0', grad_fn=<DivBackward0>)
Memory status after this epoch: 
Memory allocated:  7.87451171875
Memory cached:  268.0
	 epoch  50 training error:  tensor(0.1088, device='cuda:0', grad_fn=<DivBackward0>)
Memory status after this epoch: 
Memory allocated:  7.87451171875
Memory cached:  256.0
	 epoch  60 training error:  tensor(0.0978, device='cuda:0', grad_fn=<DivBackward0>)
Memory status after this epoch: 
Memory allocated:  7.87451171875
Memory cached:  268.0
	 epoch  70 training error:  tensor(0.0971, device='cuda:0', grad_fn=<DivBackward0>)
Memory status after this epoch: 
Memory allocated:  7.87451171875
Memory cached:  266.0
	 epoch  80 training error:  tensor(0.0954, device='cuda:0', grad_fn=<DivBackward0>)
Memory status after this epoch: 
Memory allocated:  7.87451171875
Memory cached:  264.0
	 epoch  90 training error:  tensor(0.0943, device='cuda:0', grad_fn=<DivBackward0>)
Memory status after this epoch: 
Memory allocated:  7.87451171875
Memory cached:  248.0
[I 2023-11-08 16:30:04,073] Trial 23 finished with value: 0.07045946270227432 and parameters: {'W_layers': 4, 'W_layer_units_exponent_0': 5, 'W_layer_units_exponent_1': 5, 'W_layer_units_exponent_2': 9, 'W_layer_units_exponent_3': 9, 'D_layers': 6, 'D_layer_units_exponent_0': 5, 'D_layer_units_exponent_1': 8, 'D_layer_units_exponent_2': 6, 'D_layer_units_exponent_3': 7, 'D_layer_units_exponent_4': 9, 'D_layer_units_exponent_5': 6, 'D_dagger_layers': 6, 'D_dagger_layer_units_exponent_0': 10, 'D_dagger_layer_units_exponent_1': 4, 'D_dagger_layer_units_exponent_2': 10, 'D_dagger_layer_units_exponent_3': 4, 'D_dagger_layer_units_exponent_4': 9, 'D_dagger_layer_units_exponent_5': 6, 'log_learning_rate': -1.8857305648736133, 'log_learning_rate_D': -4.588195351845292, 'log_learning_rate_D_dagger': -4.59114322521554, 'training_batch_size': 7, 'training_p': 5}. Best is trial 3 with value: 0.04438633471727371.
Time for this trial:  221.56778049468994
Memory status after this trial: 
Memory allocated:  260.9970703125
Memory cached:  266.0
--------------------  Trial  24   --------------------
Start timing: 
Parameters: 
{'W_layers': 7, 'W_layer_units_exponent_0': 7, 'W_layer_units_exponent_1': 4, 'W_layer_units_exponent_2': 8, 'W_layer_units_exponent_3': 6, 'W_layer_units_exponent_4': 9, 'W_layer_units_exponent_5': 4, 'W_layer_units_exponent_6': 10, 'D_layers': 4, 'D_layer_units_exponent_0': 7, 'D_layer_units_exponent_1': 6, 'D_layer_units_exponent_2': 4, 'D_layer_units_exponent_3': 9, 'D_dagger_layers': 5, 'D_dagger_layer_units_exponent_0': 6, 'D_dagger_layer_units_exponent_1': 5, 'D_dagger_layer_units_exponent_2': 9, 'D_dagger_layer_units_exponent_3': 5, 'D_dagger_layer_units_exponent_4': 10, 'log_learning_rate': -2.879039300955752, 'log_learning_rate_D': -3.977462374776139, 'log_learning_rate_D_dagger': -3.560452185346403, 'training_batch_size': 6, 'training_p': 2}
	 epoch  0 training error:  tensor(0.6652, device='cuda:0', grad_fn=<DivBackward0>)
Memory status after this epoch: 
Memory allocated:  2.78759765625
Memory cached:  136.0
	 epoch  10 training error:  tensor(0.0866, device='cuda:0', grad_fn=<DivBackward0>)
Memory status after this epoch: 
Memory allocated:  2.78759765625
Memory cached:  152.0
	 epoch  20 training error:  tensor(0.0827, device='cuda:0', grad_fn=<DivBackward0>)
Memory status after this epoch: 
Memory allocated:  2.78759765625
Memory cached:  154.0
	 epoch  30 training error:  tensor(0.0743, device='cuda:0', grad_fn=<DivBackward0>)
Memory status after this epoch: 
Memory allocated:  2.78759765625
Memory cached:  148.0
	 epoch  40 training error:  tensor(0.2079, device='cuda:0', grad_fn=<DivBackward0>)
Memory status after this epoch: 
Memory allocated:  2.78759765625
Memory cached:  156.0
	 epoch  50 training error:  tensor(0.0772, device='cuda:0', grad_fn=<DivBackward0>)
Memory status after this epoch: 
Memory allocated:  2.78759765625
Memory cached:  154.0
	 epoch  60 training error:  tensor(0.0799, device='cuda:0', grad_fn=<DivBackward0>)
Memory status after this epoch: 
Memory allocated:  2.78759765625
Memory cached:  162.0
	 epoch  70 training error:  tensor(0.0494, device='cuda:0', grad_fn=<DivBackward0>)
Memory status after this epoch: 
Memory allocated:  2.78759765625
Memory cached:  158.0
	 epoch  80 training error:  tensor(0.0470, device='cuda:0', grad_fn=<DivBackward0>)
Memory status after this epoch: 
Memory allocated:  2.78759765625
Memory cached:  166.0
	 epoch  90 training error:  tensor(0.0641, device='cuda:0', grad_fn=<DivBackward0>)
Memory status after this epoch: 
Memory allocated:  2.78759765625
Memory cached:  158.0
[I 2023-11-08 16:36:32,837] Trial 24 finished with value: 0.0597468726336956 and parameters: {'W_layers': 7, 'W_layer_units_exponent_0': 7, 'W_layer_units_exponent_1': 4, 'W_layer_units_exponent_2': 8, 'W_layer_units_exponent_3': 6, 'W_layer_units_exponent_4': 9, 'W_layer_units_exponent_5': 4, 'W_layer_units_exponent_6': 10, 'D_layers': 4, 'D_layer_units_exponent_0': 7, 'D_layer_units_exponent_1': 6, 'D_layer_units_exponent_2': 4, 'D_layer_units_exponent_3': 9, 'D_dagger_layers': 5, 'D_dagger_layer_units_exponent_0': 6, 'D_dagger_layer_units_exponent_1': 5, 'D_dagger_layer_units_exponent_2': 9, 'D_dagger_layer_units_exponent_3': 5, 'D_dagger_layer_units_exponent_4': 10, 'log_learning_rate': -2.879039300955752, 'log_learning_rate_D': -3.977462374776139, 'log_learning_rate_D_dagger': -3.560452185346403, 'training_batch_size': 6, 'training_p': 2}. Best is trial 3 with value: 0.04438633471727371.
Time for this trial:  388.44322752952576
Memory status after this trial: 
Memory allocated:  237.4765625
Memory cached:  240.0
--------------------  Trial  25   --------------------
Start timing: 
Parameters: 
{'W_layers': 5, 'W_layer_units_exponent_0': 4, 'W_layer_units_exponent_1': 5, 'W_layer_units_exponent_2': 10, 'W_layer_units_exponent_3': 9, 'W_layer_units_exponent_4': 9, 'D_layers': 8, 'D_layer_units_exponent_0': 8, 'D_layer_units_exponent_1': 7, 'D_layer_units_exponent_2': 7, 'D_layer_units_exponent_3': 8, 'D_layer_units_exponent_4': 8, 'D_layer_units_exponent_5': 8, 'D_layer_units_exponent_6': 6, 'D_layer_units_exponent_7': 7, 'D_dagger_layers': 4, 'D_dagger_layer_units_exponent_0': 8, 'D_dagger_layer_units_exponent_1': 6, 'D_dagger_layer_units_exponent_2': 8, 'D_dagger_layer_units_exponent_3': 6, 'log_learning_rate': -2.343516667306516, 'log_learning_rate_D': -4.633585847813633, 'log_learning_rate_D_dagger': -4.117621596555428, 'training_batch_size': 11, 'training_p': 7}
	 epoch  0 training error:  tensor(1.4906, device='cuda:0', grad_fn=<DivBackward0>)
Memory status after this epoch: 
Memory allocated:  17.09716796875
Memory cached:  174.0
	 epoch  10 training error:  tensor(0.5723, device='cuda:0', grad_fn=<DivBackward0>)
Memory status after this epoch: 
Memory allocated:  17.09716796875
Memory cached:  300.0
	 epoch  20 training error:  tensor(0.3596, device='cuda:0', grad_fn=<DivBackward0>)
Memory status after this epoch: 
Memory allocated:  17.09716796875
Memory cached:  278.0
	 epoch  30 training error:  tensor(0.1869, device='cuda:0', grad_fn=<DivBackward0>)
Memory status after this epoch: 
Memory allocated:  17.09716796875
Memory cached:  280.0
	 epoch  40 training error:  tensor(0.1140, device='cuda:0', grad_fn=<DivBackward0>)
Memory status after this epoch: 
Memory allocated:  17.09716796875
Memory cached:  282.0
	 epoch  50 training error:  tensor(0.1169, device='cuda:0', grad_fn=<DivBackward0>)
Memory status after this epoch: 
Memory allocated:  17.09716796875
Memory cached:  298.0
	 epoch  60 training error:  tensor(0.1082, device='cuda:0', grad_fn=<DivBackward0>)
Memory status after this epoch: 
Memory allocated:  17.09716796875
Memory cached:  292.0
	 epoch  70 training error:  tensor(0.1023, device='cuda:0', grad_fn=<DivBackward0>)
Memory status after this epoch: 
Memory allocated:  17.09716796875
Memory cached:  284.0
	 epoch  80 training error:  tensor(0.1000, device='cuda:0', grad_fn=<DivBackward0>)
Memory status after this epoch: 
Memory allocated:  17.09716796875
Memory cached:  290.0
	 epoch  90 training error:  tensor(0.0999, device='cuda:0', grad_fn=<DivBackward0>)
Memory status after this epoch: 
Memory allocated:  17.09716796875
Memory cached:  288.0
[I 2023-11-08 16:40:13,487] Trial 25 finished with value: 0.07012064754962921 and parameters: {'W_layers': 5, 'W_layer_units_exponent_0': 4, 'W_layer_units_exponent_1': 5, 'W_layer_units_exponent_2': 10, 'W_layer_units_exponent_3': 9, 'W_layer_units_exponent_4': 9, 'D_layers': 8, 'D_layer_units_exponent_0': 8, 'D_layer_units_exponent_1': 7, 'D_layer_units_exponent_2': 7, 'D_layer_units_exponent_3': 8, 'D_layer_units_exponent_4': 8, 'D_layer_units_exponent_5': 8, 'D_layer_units_exponent_6': 6, 'D_layer_units_exponent_7': 7, 'D_dagger_layers': 4, 'D_dagger_layer_units_exponent_0': 8, 'D_dagger_layer_units_exponent_1': 6, 'D_dagger_layer_units_exponent_2': 8, 'D_dagger_layer_units_exponent_3': 6, 'log_learning_rate': -2.343516667306516, 'log_learning_rate_D': -4.633585847813633, 'log_learning_rate_D_dagger': -4.117621596555428, 'training_batch_size': 11, 'training_p': 7}. Best is trial 3 with value: 0.04438633471727371.
Time for this trial:  220.35026121139526
Memory status after this trial: 
Memory allocated:  233.59912109375
Memory cached:  256.0
--------------------  Trial  26   --------------------
Start timing: 
Parameters: 
{'W_layers': 4, 'W_layer_units_exponent_0': 6, 'W_layer_units_exponent_1': 4, 'W_layer_units_exponent_2': 9, 'W_layer_units_exponent_3': 7, 'D_layers': 5, 'D_layer_units_exponent_0': 4, 'D_layer_units_exponent_1': 5, 'D_layer_units_exponent_2': 5, 'D_layer_units_exponent_3': 10, 'D_layer_units_exponent_4': 9, 'D_dagger_layers': 7, 'D_dagger_layer_units_exponent_0': 9, 'D_dagger_layer_units_exponent_1': 4, 'D_dagger_layer_units_exponent_2': 10, 'D_dagger_layer_units_exponent_3': 8, 'D_dagger_layer_units_exponent_4': 8, 'D_dagger_layer_units_exponent_5': 9, 'D_dagger_layer_units_exponent_6': 7, 'log_learning_rate': -2.7975841222084297, 'log_learning_rate_D': -4.062066094927781, 'log_learning_rate_D_dagger': -4.4086704142887765, 'training_batch_size': 8, 'training_p': 4}
	 epoch  0 training error:  tensor(1.0568, device='cuda:0', grad_fn=<DivBackward0>)
Memory status after this epoch: 
Memory allocated:  18.26904296875
Memory cached:  178.0
	 epoch  10 training error:  tensor(0.2419, device='cuda:0', grad_fn=<DivBackward0>)
Memory status after this epoch: 
Memory allocated:  18.26904296875
Memory cached:  284.0
	 epoch  20 training error:  tensor(0.0868, device='cuda:0', grad_fn=<DivBackward0>)
Memory status after this epoch: 
Memory allocated:  18.26904296875
Memory cached:  300.0
	 epoch  30 training error:  tensor(0.0685, device='cuda:0', grad_fn=<DivBackward0>)
Memory status after this epoch: 
Memory allocated:  18.26904296875
Memory cached:  290.0
	 epoch  40 training error:  tensor(0.0766, device='cuda:0', grad_fn=<DivBackward0>)
Memory status after this epoch: 
Memory allocated:  18.26904296875
Memory cached:  300.0
	 epoch  50 training error:  tensor(0.0677, device='cuda:0', grad_fn=<DivBackward0>)
Memory status after this epoch: 
Memory allocated:  18.26904296875
Memory cached:  288.0
	 epoch  60 training error:  tensor(0.0637, device='cuda:0', grad_fn=<DivBackward0>)
Memory status after this epoch: 
Memory allocated:  18.26904296875
Memory cached:  294.0
	 epoch  70 training error:  tensor(0.0619, device='cuda:0', grad_fn=<DivBackward0>)
Memory status after this epoch: 
Memory allocated:  18.26904296875
Memory cached:  296.0
	 epoch  80 training error:  tensor(0.0598, device='cuda:0', grad_fn=<DivBackward0>)
Memory status after this epoch: 
Memory allocated:  18.26904296875
Memory cached:  284.0
	 epoch  90 training error:  tensor(0.0569, device='cuda:0', grad_fn=<DivBackward0>)
Memory status after this epoch: 
Memory allocated:  18.26904296875
Memory cached:  292.0
