[I 2023-11-02 21:12:49,137] Trial 1 finished with value: 0.24635779857635498 and parameters: {'W_layers': 5, 'W_layer_units_exponent_0': 8, 'W_layer_units_exponent_1': 8, 'W_layer_units_exponent_2': 9, 'W_layer_units_exponent_3': 6, 'W_layer_units_exponent_4': 5, 'D_layers': 8, 'D_layer_units_exponent_0': 9, 'D_layer_units_exponent_1': 10, 'D_layer_units_exponent_2': 10, 'D_layer_units_exponent_3': 8, 'D_layer_units_exponent_4': 4, 'D_layer_units_exponent_5': 5, 'D_layer_units_exponent_6': 10, 'D_layer_units_exponent_7': 5, 'log_learning_rate': -3.5101075267247084, 'log_learning_rate_D': -4.569625149592623, 'training_batch_size': 12, 'training_p': 2}. Best is trial 1 with value: 0.24635779857635498.
Time for this trial:  191.64721751213074
Memory status after this trial: 
Memory allocated:  295.32275390625
Memory cached:  320.0
--------------------  Trial  2   --------------------
Start timing: 
Parameters: 
{'W_layers': 2, 'W_layer_units_exponent_0': 7, 'W_layer_units_exponent_1': 9, 'D_layers': 4, 'D_layer_units_exponent_0': 10, 'D_layer_units_exponent_1': 10, 'D_layer_units_exponent_2': 10, 'D_layer_units_exponent_3': 4, 'log_learning_rate': -4.479605696539315, 'log_learning_rate_D': -4.064678803241026, 'training_batch_size': 6, 'training_p': 8}
	 epoch  0 training error:  tensor(1.0167, device='cuda:0', grad_fn=<DivBackward0>)
Memory status after this epoch: 
Memory allocated:  42.6435546875
Memory cached:  56.0
	 epoch  10 training error:  tensor(0.9607, device='cuda:0', grad_fn=<DivBackward0>)
Memory status after this epoch: 
Memory allocated:  42.6435546875
Memory cached:  56.0
	 epoch  20 training error:  tensor(0.8997, device='cuda:0', grad_fn=<DivBackward0>)
Memory status after this epoch: 
Memory allocated:  42.6435546875
Memory cached:  54.0
	 epoch  30 training error:  tensor(0.8516, device='cuda:0', grad_fn=<DivBackward0>)
Memory status after this epoch: 
Memory allocated:  42.6435546875
Memory cached:  56.0
	 epoch  40 training error:  tensor(0.8043, device='cuda:0', grad_fn=<DivBackward0>)
Memory status after this epoch: 
Memory allocated:  42.6435546875
Memory cached:  56.0
	 epoch  50 training error:  tensor(0.7524, device='cuda:0', grad_fn=<DivBackward0>)
Memory status after this epoch: 
Memory allocated:  42.6435546875
Memory cached:  54.0
	 epoch  60 training error:  tensor(0.6949, device='cuda:0', grad_fn=<DivBackward0>)
Memory status after this epoch: 
Memory allocated:  42.6435546875
Memory cached:  54.0
	 epoch  70 training error:  tensor(0.6296, device='cuda:0', grad_fn=<DivBackward0>)
Memory status after this epoch: 
Memory allocated:  42.6435546875
Memory cached:  56.0
	 epoch  80 training error:  tensor(0.5574, device='cuda:0', grad_fn=<DivBackward0>)
Memory status after this epoch: 
Memory allocated:  42.6435546875
Memory cached:  56.0
	 epoch  90 training error:  tensor(0.4759, device='cuda:0', grad_fn=<DivBackward0>)
Memory status after this epoch: 
Memory allocated:  42.6435546875
Memory cached:  54.0
[I 2023-11-02 21:16:22,825] Trial 2 finished with value: 0.3131220042705536 and parameters: {'W_layers': 2, 'W_layer_units_exponent_0': 7, 'W_layer_units_exponent_1': 9, 'D_layers': 4, 'D_layer_units_exponent_0': 10, 'D_layer_units_exponent_1': 10, 'D_layer_units_exponent_2': 10, 'D_layer_units_exponent_3': 4, 'log_learning_rate': -4.479605696539315, 'log_learning_rate_D': -4.064678803241026, 'training_batch_size': 6, 'training_p': 8}. Best is trial 1 with value: 0.24635779857635498.
Time for this trial:  213.53940081596375
Memory status after this trial: 
Memory allocated:  227.51220703125
Memory cached:  258.0
--------------------  Trial  3   --------------------
Start timing: 
Parameters: 
{'W_layers': 3, 'W_layer_units_exponent_0': 5, 'W_layer_units_exponent_1': 5, 'W_layer_units_exponent_2': 5, 'D_layers': 7, 'D_layer_units_exponent_0': 7, 'D_layer_units_exponent_1': 7, 'D_layer_units_exponent_2': 4, 'D_layer_units_exponent_3': 4, 'D_layer_units_exponent_4': 4, 'D_layer_units_exponent_5': 4, 'D_layer_units_exponent_6': 10, 'log_learning_rate': -3.6797121087502984, 'log_learning_rate_D': -2.6414364218060156, 'training_batch_size': 11, 'training_p': 3}
	 epoch  0 training error:  tensor(0.9902, device='cuda:0', grad_fn=<DivBackward0>)
Memory status after this epoch: 
Memory allocated:  2.224609375
Memory cached:  12.0
	 epoch  10 training error:  tensor(0.9690, device='cuda:0', grad_fn=<DivBackward0>)
Memory status after this epoch: 
Memory allocated:  2.224609375
Memory cached:  16.0
	 epoch  20 training error:  tensor(0.9536, device='cuda:0', grad_fn=<DivBackward0>)
Memory status after this epoch: 
Memory allocated:  2.224609375
Memory cached:  16.0
	 epoch  30 training error:  tensor(0.9356, device='cuda:0', grad_fn=<DivBackward0>)
Memory status after this epoch: 
Memory allocated:  2.224609375
Memory cached:  16.0
	 epoch  40 training error:  tensor(0.9145, device='cuda:0', grad_fn=<DivBackward0>)
Memory status after this epoch: 
Memory allocated:  2.224609375
Memory cached:  16.0
	 epoch  50 training error:  tensor(0.8874, device='cuda:0', grad_fn=<DivBackward0>)
Memory status after this epoch: 
Memory allocated:  2.224609375
Memory cached:  16.0
	 epoch  60 training error:  tensor(0.8531, device='cuda:0', grad_fn=<DivBackward0>)
Memory status after this epoch: 
Memory allocated:  2.224609375
Memory cached:  16.0
	 epoch  70 training error:  tensor(0.8090, device='cuda:0', grad_fn=<DivBackward0>)
Memory status after this epoch: 
Memory allocated:  2.224609375
Memory cached:  16.0
	 epoch  80 training error:  tensor(0.7510, device='cuda:0', grad_fn=<DivBackward0>)
Memory status after this epoch: 
Memory allocated:  2.224609375
Memory cached:  16.0
	 epoch  90 training error:  tensor(0.6768, device='cuda:0', grad_fn=<DivBackward0>)
Memory status after this epoch: 
Memory allocated:  2.224609375
Memory cached:  16.0
[I 2023-11-02 21:18:47,782] Trial 3 finished with value: 0.5546011924743652 and parameters: {'W_layers': 3, 'W_layer_units_exponent_0': 5, 'W_layer_units_exponent_1': 5, 'W_layer_units_exponent_2': 5, 'D_layers': 7, 'D_layer_units_exponent_0': 7, 'D_layer_units_exponent_1': 7, 'D_layer_units_exponent_2': 4, 'D_layer_units_exponent_3': 4, 'D_layer_units_exponent_4': 4, 'D_layer_units_exponent_5': 4, 'D_layer_units_exponent_6': 10, 'log_learning_rate': -3.6797121087502984, 'log_learning_rate_D': -2.6414364218060156, 'training_batch_size': 11, 'training_p': 3}. Best is trial 1 with value: 0.24635779857635498.
Time for this trial:  144.82634735107422
Memory status after this trial: 
Memory allocated:  86.537109375
Memory cached:  96.0
--------------------  Trial  4   --------------------
Start timing: 
Parameters: 
{'W_layers': 3, 'W_layer_units_exponent_0': 8, 'W_layer_units_exponent_1': 9, 'W_layer_units_exponent_2': 8, 'D_layers': 5, 'D_layer_units_exponent_0': 10, 'D_layer_units_exponent_1': 6, 'D_layer_units_exponent_2': 8, 'D_layer_units_exponent_3': 7, 'D_layer_units_exponent_4': 10, 'log_learning_rate': -4.110803972962753, 'log_learning_rate_D': -1.164838698632375, 'training_batch_size': 12, 'training_p': 5}
	 epoch  0 training error:  tensor(0.9915, device='cuda:0', grad_fn=<DivBackward0>)
Memory status after this epoch: 
Memory allocated:  18.17578125
Memory cached:  34.0
	 epoch  10 training error:  tensor(0.8296, device='cuda:0', grad_fn=<DivBackward0>)
Memory status after this epoch: 
Memory allocated:  18.17578125
Memory cached:  38.0
	 epoch  20 training error:  tensor(0.6288, device='cuda:0', grad_fn=<DivBackward0>)
Memory status after this epoch: 
Memory allocated:  18.17578125
Memory cached:  40.0
	 epoch  30 training error:  tensor(0.3478, device='cuda:0', grad_fn=<DivBackward0>)
Memory status after this epoch: 
Memory allocated:  18.17578125
Memory cached:  40.0
	 epoch  40 training error:  tensor(0.2959, device='cuda:0', grad_fn=<DivBackward0>)
Memory status after this epoch: 
Memory allocated:  18.17578125
Memory cached:  40.0
	 epoch  50 training error:  tensor(0.2592, device='cuda:0', grad_fn=<DivBackward0>)
Memory status after this epoch: 
Memory allocated:  18.17578125
Memory cached:  40.0
	 epoch  60 training error:  tensor(0.2508, device='cuda:0', grad_fn=<DivBackward0>)
Memory status after this epoch: 
Memory allocated:  18.17578125
Memory cached:  40.0
	 epoch  70 training error:  tensor(0.2511, device='cuda:0', grad_fn=<DivBackward0>)
Memory status after this epoch: 
Memory allocated:  18.17578125
Memory cached:  40.0
	 epoch  80 training error:  tensor(0.2512, device='cuda:0', grad_fn=<DivBackward0>)
Memory status after this epoch: 
Memory allocated:  18.17578125
Memory cached:  40.0
	 epoch  90 training error:  tensor(0.2510, device='cuda:0', grad_fn=<DivBackward0>)
Memory status after this epoch: 
Memory allocated:  18.17578125
Memory cached:  38.0
[I 2023-11-02 21:21:09,590] Trial 4 finished with value: 0.2457078993320465 and parameters: {'W_layers': 3, 'W_layer_units_exponent_0': 8, 'W_layer_units_exponent_1': 9, 'W_layer_units_exponent_2': 8, 'D_layers': 5, 'D_layer_units_exponent_0': 10, 'D_layer_units_exponent_1': 6, 'D_layer_units_exponent_2': 8, 'D_layer_units_exponent_3': 7, 'D_layer_units_exponent_4': 10, 'log_learning_rate': -4.110803972962753, 'log_learning_rate_D': -1.164838698632375, 'training_batch_size': 12, 'training_p': 5}. Best is trial 4 with value: 0.2457078993320465.
Time for this trial:  141.65920686721802
Memory status after this trial: 
Memory allocated:  204.3046875
Memory cached:  234.0
--------------------  Trial  5   --------------------
Start timing: 
Parameters: 
{'W_layers': 2, 'W_layer_units_exponent_0': 5, 'W_layer_units_exponent_1': 7, 'D_layers': 2, 'D_layer_units_exponent_0': 6, 'D_layer_units_exponent_1': 4, 'log_learning_rate': -1.9676186730232192, 'log_learning_rate_D': -3.9676427251879836, 'training_batch_size': 9, 'training_p': 7}
	 epoch  0 training error:  tensor(1.0140, device='cuda:0', grad_fn=<DivBackward0>)
Memory status after this epoch: 
Memory allocated:  1.189453125
Memory cached:  8.0
	 epoch  10 training error:  tensor(0.3976, device='cuda:0', grad_fn=<DivBackward0>)
Memory status after this epoch: 
Memory allocated:  1.189453125
Memory cached:  12.0
	 epoch  20 training error:  tensor(0.2571, device='cuda:0', grad_fn=<DivBackward0>)
Memory status after this epoch: 
Memory allocated:  1.189453125
Memory cached:  14.0
	 epoch  30 training error:  tensor(0.2753, device='cuda:0', grad_fn=<DivBackward0>)
Memory status after this epoch: 
Memory allocated:  1.189453125
Memory cached:  12.0
	 epoch  40 training error:  tensor(0.2559, device='cuda:0', grad_fn=<DivBackward0>)
Memory status after this epoch: 
Memory allocated:  1.189453125
Memory cached:  12.0
	 epoch  50 training error:  tensor(0.2541, device='cuda:0', grad_fn=<DivBackward0>)
Memory status after this epoch: 
Memory allocated:  1.189453125
Memory cached:  14.0
	 epoch  60 training error:  tensor(0.2541, device='cuda:0', grad_fn=<DivBackward0>)
Memory status after this epoch: 
Memory allocated:  1.189453125
Memory cached:  12.0
	 epoch  70 training error:  tensor(0.2542, device='cuda:0', grad_fn=<DivBackward0>)
Memory status after this epoch: 
Memory allocated:  1.189453125
Memory cached:  12.0
	 epoch  80 training error:  tensor(0.2542, device='cuda:0', grad_fn=<DivBackward0>)
Memory status after this epoch: 
Memory allocated:  1.189453125
Memory cached:  12.0
	 epoch  90 training error:  tensor(0.2540, device='cuda:0', grad_fn=<DivBackward0>)
Memory status after this epoch: 
Memory allocated:  1.189453125
Memory cached:  12.0
[I 2023-11-02 21:22:37,594] Trial 5 finished with value: 0.2466028779745102 and parameters: {'W_layers': 2, 'W_layer_units_exponent_0': 5, 'W_layer_units_exponent_1': 7, 'D_layers': 2, 'D_layer_units_exponent_0': 6, 'D_layer_units_exponent_1': 4, 'log_learning_rate': -1.9676186730232192, 'log_learning_rate_D': -3.9676427251879836, 'training_batch_size': 9, 'training_p': 7}. Best is trial 4 with value: 0.2457078993320465.
Time for this trial:  87.886385679245
Memory status after this trial: 
Memory allocated:  22.10009765625
Memory cached:  32.0
--------------------  Trial  6   --------------------
Start timing: 
Parameters: 
{'W_layers': 3, 'W_layer_units_exponent_0': 9, 'W_layer_units_exponent_1': 10, 'W_layer_units_exponent_2': 7, 'D_layers': 3, 'D_layer_units_exponent_0': 10, 'D_layer_units_exponent_1': 7, 'D_layer_units_exponent_2': 5, 'log_learning_rate': -4.7075242003756355, 'log_learning_rate_D': -1.7588493406859902, 'training_batch_size': 11, 'training_p': 8}
	 epoch  0 training error:  tensor(1.0062, device='cuda:0', grad_fn=<DivBackward0>)
Memory status after this epoch: 
Memory allocated:  26.458984375
Memory cached:  54.0
	 epoch  10 training error:  tensor(0.9114, device='cuda:0', grad_fn=<DivBackward0>)
Memory status after this epoch: 
Memory allocated:  26.458984375
Memory cached:  60.0
	 epoch  20 training error:  tensor(0.8574, device='cuda:0', grad_fn=<DivBackward0>)
Memory status after this epoch: 
Memory allocated:  26.458984375
Memory cached:  58.0
	 epoch  30 training error:  tensor(0.8391, device='cuda:0', grad_fn=<DivBackward0>)
Memory status after this epoch: 
Memory allocated:  26.458984375
Memory cached:  60.0
	 epoch  40 training error:  tensor(0.7512, device='cuda:0', grad_fn=<DivBackward0>)
Memory status after this epoch: 
Memory allocated:  26.458984375
Memory cached:  58.0
	 epoch  50 training error:  tensor(0.6535, device='cuda:0', grad_fn=<DivBackward0>)
Memory status after this epoch: 
Memory allocated:  26.458984375
Memory cached:  60.0
	 epoch  60 training error:  tensor(0.5404, device='cuda:0', grad_fn=<DivBackward0>)
Memory status after this epoch: 
Memory allocated:  26.458984375
Memory cached:  58.0
	 epoch  70 training error:  tensor(0.4102, device='cuda:0', grad_fn=<DivBackward0>)
Memory status after this epoch: 
Memory allocated:  26.458984375
Memory cached:  60.0
	 epoch  80 training error:  tensor(0.2793, device='cuda:0', grad_fn=<DivBackward0>)
Memory status after this epoch: 
Memory allocated:  26.458984375
Memory cached:  58.0
	 epoch  90 training error:  tensor(0.2672, device='cuda:0', grad_fn=<DivBackward0>)
Memory status after this epoch: 
Memory allocated:  26.458984375
Memory cached:  60.0
[I 2023-11-02 21:24:38,186] Trial 6 finished with value: 0.2505098879337311 and parameters: {'W_layers': 3, 'W_layer_units_exponent_0': 9, 'W_layer_units_exponent_1': 10, 'W_layer_units_exponent_2': 7, 'D_layers': 3, 'D_layer_units_exponent_0': 10, 'D_layer_units_exponent_1': 7, 'D_layer_units_exponent_2': 5, 'log_learning_rate': -4.7075242003756355, 'log_learning_rate_D': -1.7588493406859902, 'training_batch_size': 11, 'training_p': 8}. Best is trial 4 with value: 0.2457078993320465.
Time for this trial:  120.45450973510742
Memory status after this trial: 
Memory allocated:  172.26220703125
Memory cached:  194.0
--------------------  Trial  7   --------------------
Start timing: 
Parameters: 
{'W_layers': 7, 'W_layer_units_exponent_0': 6, 'W_layer_units_exponent_1': 5, 'W_layer_units_exponent_2': 8, 'W_layer_units_exponent_3': 9, 'W_layer_units_exponent_4': 4, 'W_layer_units_exponent_5': 6, 'W_layer_units_exponent_6': 6, 'D_layers': 4, 'D_layer_units_exponent_0': 7, 'D_layer_units_exponent_1': 6, 'D_layer_units_exponent_2': 10, 'D_layer_units_exponent_3': 5, 'log_learning_rate': -4.691888402604842, 'log_learning_rate_D': -1.6200952916435596, 'training_batch_size': 6, 'training_p': 4}
	 epoch  0 training error:  tensor(1.0000, device='cuda:0', grad_fn=<DivBackward0>)
Memory status after this epoch: 
Memory allocated:  5.8564453125
Memory cached:  14.0
	 epoch  10 training error:  tensor(0.9961, device='cuda:0', grad_fn=<DivBackward0>)
Memory status after this epoch: 
Memory allocated:  5.8564453125
Memory cached:  16.0
	 epoch  20 training error:  tensor(0.9909, device='cuda:0', grad_fn=<DivBackward0>)
Memory status after this epoch: 
Memory allocated:  5.8564453125
Memory cached:  22.0
	 epoch  30 training error:  tensor(0.9833, device='cuda:0', grad_fn=<DivBackward0>)
Memory status after this epoch: 
Memory allocated:  5.8564453125
Memory cached:  20.0
	 epoch  40 training error:  tensor(0.9720, device='cuda:0', grad_fn=<DivBackward0>)
Memory status after this epoch: 
Memory allocated:  5.8564453125
Memory cached:  18.0
	 epoch  50 training error:  tensor(0.9549, device='cuda:0', grad_fn=<DivBackward0>)
Memory status after this epoch: 
Memory allocated:  5.8564453125
Memory cached:  20.0
	 epoch  60 training error:  tensor(0.9290, device='cuda:0', grad_fn=<DivBackward0>)
Memory status after this epoch: 
Memory allocated:  5.8564453125
Memory cached:  20.0
	 epoch  70 training error:  tensor(0.8901, device='cuda:0', grad_fn=<DivBackward0>)
Memory status after this epoch: 
Memory allocated:  5.8564453125
Memory cached:  20.0
	 epoch  80 training error:  tensor(0.8327, device='cuda:0', grad_fn=<DivBackward0>)
Memory status after this epoch: 
Memory allocated:  5.8564453125
Memory cached:  20.0
	 epoch  90 training error:  tensor(0.7493, device='cuda:0', grad_fn=<DivBackward0>)
Memory status after this epoch: 
Memory allocated:  5.8564453125
Memory cached:  20.0
[I 2023-11-02 21:29:14,236] Trial 7 finished with value: 0.5970156788825989 and parameters: {'W_layers': 7, 'W_layer_units_exponent_0': 6, 'W_layer_units_exponent_1': 5, 'W_layer_units_exponent_2': 8, 'W_layer_units_exponent_3': 9, 'W_layer_units_exponent_4': 4, 'W_layer_units_exponent_5': 6, 'W_layer_units_exponent_6': 6, 'D_layers': 4, 'D_layer_units_exponent_0': 7, 'D_layer_units_exponent_1': 6, 'D_layer_units_exponent_2': 10, 'D_layer_units_exponent_3': 5, 'log_learning_rate': -4.691888402604842, 'log_learning_rate_D': -1.6200952916435596, 'training_batch_size': 6, 'training_p': 4}. Best is trial 4 with value: 0.2457078993320465.
Time for this trial:  275.8928701877594
Memory status after this trial: 
Memory allocated:  131.48974609375
Memory cached:  144.0
--------------------  Trial  8   --------------------
Start timing: 
Parameters: 
{'W_layers': 4, 'W_layer_units_exponent_0': 7, 'W_layer_units_exponent_1': 10, 'W_layer_units_exponent_2': 8, 'W_layer_units_exponent_3': 5, 'D_layers': 2, 'D_layer_units_exponent_0': 4, 'D_layer_units_exponent_1': 8, 'log_learning_rate': -1.5915703719523293, 'log_learning_rate_D': -2.779717254733939, 'training_batch_size': 7, 'training_p': 6}
	 epoch  0 training error:  tensor(1.0050, device='cuda:0', grad_fn=<DivBackward0>)
Memory status after this epoch: 
Memory allocated:  7.697265625
Memory cached:  16.0
	 epoch  10 training error:  tensor(37.0292, device='cuda:0', grad_fn=<DivBackward0>)
Memory status after this epoch: 
Memory allocated:  7.697265625
Memory cached:  20.0
	 epoch  20 training error:  tensor(1.0000, device='cuda:0', grad_fn=<DivBackward0>)
Memory status after this epoch: 
Memory allocated:  7.697265625
Memory cached:  20.0
	 epoch  30 training error:  tensor(1., device='cuda:0', grad_fn=<DivBackward0>)
Memory status after this epoch: 
Memory allocated:  7.697265625
Memory cached:  20.0
	 epoch  40 training error:  tensor(1., device='cuda:0', grad_fn=<DivBackward0>)
Memory status after this epoch: 
Memory allocated:  7.697265625
Memory cached:  20.0
	 epoch  50 training error:  tensor(1., device='cuda:0', grad_fn=<DivBackward0>)
Memory status after this epoch: 
Memory allocated:  7.697265625
Memory cached:  20.0
	 epoch  60 training error:  tensor(1., device='cuda:0', grad_fn=<DivBackward0>)
Memory status after this epoch: 
Memory allocated:  7.697265625
Memory cached:  20.0
	 epoch  70 training error:  tensor(1., device='cuda:0', grad_fn=<DivBackward0>)
Memory status after this epoch: 
Memory allocated:  7.697265625
Memory cached:  20.0
	 epoch  80 training error:  tensor(1., device='cuda:0', grad_fn=<DivBackward0>)
Memory status after this epoch: 
Memory allocated:  7.697265625
Memory cached:  20.0
	 epoch  90 training error:  tensor(1., device='cuda:0', grad_fn=<DivBackward0>)
Memory status after this epoch: 
Memory allocated:  7.697265625
Memory cached:  20.0
