[I 2023-11-03 22:26:24,955] Trial 25 finished with value: 0.06216564401984215 and parameters: {'W_layers': 8, 'W_layer_units_exponent_0': 4, 'W_layer_units_exponent_1': 5, 'W_layer_units_exponent_2': 7, 'W_layer_units_exponent_3': 6, 'W_layer_units_exponent_4': 6, 'W_layer_units_exponent_5': 8, 'W_layer_units_exponent_6': 6, 'W_layer_units_exponent_7': 8, 'D_layers': 7, 'D_layer_units_exponent_0': 4, 'D_layer_units_exponent_1': 7, 'D_layer_units_exponent_2': 6, 'D_layer_units_exponent_3': 6, 'D_layer_units_exponent_4': 7, 'D_layer_units_exponent_5': 5, 'D_layer_units_exponent_6': 9, 'log_learning_rate': -4.227874801322171, 'log_learning_rate_D': -3.9987125400309136, 'training_batch_size': 12, 'training_p': 7}. Best is trial 15 with value: 0.05133124813437462.
Time for this trial:  17.091405868530273
Memory status after this trial: 
Memory allocated:  48.10986328125
Memory cached:  62.0
--------------------  Trial  26   --------------------
Start timing: 
Parameters: 
{'W_layers': 4, 'W_layer_units_exponent_0': 7, 'W_layer_units_exponent_1': 7, 'W_layer_units_exponent_2': 9, 'W_layer_units_exponent_3': 5, 'D_layers': 5, 'D_layer_units_exponent_0': 8, 'D_layer_units_exponent_1': 9, 'D_layer_units_exponent_2': 10, 'D_layer_units_exponent_3': 9, 'D_layer_units_exponent_4': 5, 'log_learning_rate': -3.5626417662171757, 'log_learning_rate_D': -3.1030761525664583, 'training_batch_size': 11, 'training_p': 4}
	 epoch  0 training error:  tensor(0.7934, device='cuda:0', grad_fn=<DivBackward0>)
Memory status after this epoch: 
Memory allocated:  6.18505859375
Memory cached:  24.0
	 epoch  10 training error:  tensor(0.1259, device='cuda:0', grad_fn=<DivBackward0>)
Memory status after this epoch: 
Memory allocated:  6.18505859375
Memory cached:  24.0
	 epoch  20 training error:  tensor(0.0936, device='cuda:0', grad_fn=<DivBackward0>)
Memory status after this epoch: 
Memory allocated:  6.18505859375
Memory cached:  24.0
	 epoch  30 training error:  tensor(0.0736, device='cuda:0', grad_fn=<DivBackward0>)
Memory status after this epoch: 
Memory allocated:  6.18505859375
Memory cached:  24.0
	 epoch  40 training error:  tensor(0.0673, device='cuda:0', grad_fn=<DivBackward0>)
Memory status after this epoch: 
Memory allocated:  6.18505859375
Memory cached:  24.0
	 epoch  50 training error:  tensor(0.0641, device='cuda:0', grad_fn=<DivBackward0>)
Memory status after this epoch: 
Memory allocated:  6.18505859375
Memory cached:  24.0
	 epoch  60 training error:  tensor(0.0628, device='cuda:0', grad_fn=<DivBackward0>)
Memory status after this epoch: 
Memory allocated:  6.18505859375
Memory cached:  24.0
	 epoch  70 training error:  tensor(0.0619, device='cuda:0', grad_fn=<DivBackward0>)
Memory status after this epoch: 
Memory allocated:  6.18505859375
Memory cached:  24.0
	 epoch  80 training error:  tensor(0.0611, device='cuda:0', grad_fn=<DivBackward0>)
Memory status after this epoch: 
Memory allocated:  6.18505859375
Memory cached:  24.0
	 epoch  90 training error:  tensor(0.0605, device='cuda:0', grad_fn=<DivBackward0>)
Memory status after this epoch: 
Memory allocated:  6.18505859375
Memory cached:  24.0
[I 2023-11-03 22:26:41,914] Trial 26 finished with value: 0.055040474981069565 and parameters: {'W_layers': 4, 'W_layer_units_exponent_0': 7, 'W_layer_units_exponent_1': 7, 'W_layer_units_exponent_2': 9, 'W_layer_units_exponent_3': 5, 'D_layers': 5, 'D_layer_units_exponent_0': 8, 'D_layer_units_exponent_1': 9, 'D_layer_units_exponent_2': 10, 'D_layer_units_exponent_3': 9, 'D_layer_units_exponent_4': 5, 'log_learning_rate': -3.5626417662171757, 'log_learning_rate_D': -3.1030761525664583, 'training_batch_size': 11, 'training_p': 4}. Best is trial 15 with value: 0.05133124813437462.
Time for this trial:  16.77441692352295
Memory status after this trial: 
Memory allocated:  43.98583984375
Memory cached:  60.0
--------------------  Trial  27   --------------------
Start timing: 
Parameters: 
{'W_layers': 7, 'W_layer_units_exponent_0': 7, 'W_layer_units_exponent_1': 6, 'W_layer_units_exponent_2': 10, 'W_layer_units_exponent_3': 9, 'W_layer_units_exponent_4': 7, 'W_layer_units_exponent_5': 7, 'W_layer_units_exponent_6': 8, 'D_layers': 6, 'D_layer_units_exponent_0': 10, 'D_layer_units_exponent_1': 6, 'D_layer_units_exponent_2': 4, 'D_layer_units_exponent_3': 7, 'D_layer_units_exponent_4': 6, 'D_layer_units_exponent_5': 8, 'log_learning_rate': -3.0944286735381623, 'log_learning_rate_D': -4.724716048763495, 'training_batch_size': 10, 'training_p': 3}
	 epoch  0 training error:  tensor(1.0258, device='cuda:0', grad_fn=<DivBackward0>)
Memory status after this epoch: 
Memory allocated:  11.37451171875
Memory cached:  44.0
	 epoch  10 training error:  tensor(0.1783, device='cuda:0', grad_fn=<DivBackward0>)
Memory status after this epoch: 
Memory allocated:  11.37451171875
Memory cached:  44.0
	 epoch  20 training error:  tensor(0.1910, device='cuda:0', grad_fn=<DivBackward0>)
Memory status after this epoch: 
Memory allocated:  11.37451171875
Memory cached:  44.0
	 epoch  30 training error:  tensor(0.1353, device='cuda:0', grad_fn=<DivBackward0>)
Memory status after this epoch: 
Memory allocated:  11.37451171875
Memory cached:  44.0
	 epoch  40 training error:  tensor(0.0688, device='cuda:0', grad_fn=<DivBackward0>)
Memory status after this epoch: 
Memory allocated:  11.37451171875
Memory cached:  44.0
	 epoch  50 training error:  tensor(0.0882, device='cuda:0', grad_fn=<DivBackward0>)
Memory status after this epoch: 
Memory allocated:  11.37451171875
Memory cached:  44.0
	 epoch  60 training error:  tensor(0.1140, device='cuda:0', grad_fn=<DivBackward0>)
Memory status after this epoch: 
Memory allocated:  11.37451171875
Memory cached:  44.0
	 epoch  70 training error:  tensor(0.0655, device='cuda:0', grad_fn=<DivBackward0>)
Memory status after this epoch: 
Memory allocated:  11.37451171875
Memory cached:  44.0
	 epoch  80 training error:  tensor(0.0857, device='cuda:0', grad_fn=<DivBackward0>)
Memory status after this epoch: 
Memory allocated:  11.37451171875
Memory cached:  44.0
	 epoch  90 training error:  tensor(0.1013, device='cuda:0', grad_fn=<DivBackward0>)
Memory status after this epoch: 
Memory allocated:  11.37451171875
Memory cached:  44.0
[I 2023-11-03 22:27:00,296] Trial 27 finished with value: 0.06361038982868195 and parameters: {'W_layers': 7, 'W_layer_units_exponent_0': 7, 'W_layer_units_exponent_1': 6, 'W_layer_units_exponent_2': 10, 'W_layer_units_exponent_3': 9, 'W_layer_units_exponent_4': 7, 'W_layer_units_exponent_5': 7, 'W_layer_units_exponent_6': 8, 'D_layers': 6, 'D_layer_units_exponent_0': 10, 'D_layer_units_exponent_1': 6, 'D_layer_units_exponent_2': 4, 'D_layer_units_exponent_3': 7, 'D_layer_units_exponent_4': 6, 'D_layer_units_exponent_5': 8, 'log_learning_rate': -3.0944286735381623, 'log_learning_rate_D': -4.724716048763495, 'training_batch_size': 10, 'training_p': 3}. Best is trial 15 with value: 0.05133124813437462.
Time for this trial:  18.17750597000122
Memory status after this trial: 
Memory allocated:  125.96435546875
Memory cached:  150.0
--------------------  Trial  28   --------------------
Start timing: 
Parameters: 
{'W_layers': 6, 'W_layer_units_exponent_0': 6, 'W_layer_units_exponent_1': 8, 'W_layer_units_exponent_2': 8, 'W_layer_units_exponent_3': 6, 'W_layer_units_exponent_4': 5, 'W_layer_units_exponent_5': 9, 'D_layers': 8, 'D_layer_units_exponent_0': 5, 'D_layer_units_exponent_1': 8, 'D_layer_units_exponent_2': 9, 'D_layer_units_exponent_3': 5, 'D_layer_units_exponent_4': 8, 'D_layer_units_exponent_5': 6, 'D_layer_units_exponent_6': 5, 'D_layer_units_exponent_7': 7, 'log_learning_rate': -3.556602700305519, 'log_learning_rate_D': -2.8190583501306214, 'training_batch_size': 12, 'training_p': 7}
	 epoch  0 training error:  tensor(1.0319, device='cuda:0', grad_fn=<DivBackward0>)
Memory status after this epoch: 
Memory allocated:  2.62548828125
Memory cached:  4.0
	 epoch  10 training error:  tensor(0.1415, device='cuda:0', grad_fn=<DivBackward0>)
Memory status after this epoch: 
Memory allocated:  2.62548828125
Memory cached:  4.0
	 epoch  20 training error:  tensor(0.1153, device='cuda:0', grad_fn=<DivBackward0>)
Memory status after this epoch: 
Memory allocated:  2.62548828125
Memory cached:  4.0
	 epoch  30 training error:  tensor(0.0877, device='cuda:0', grad_fn=<DivBackward0>)
Memory status after this epoch: 
Memory allocated:  2.62548828125
Memory cached:  6.0
	 epoch  40 training error:  tensor(0.0782, device='cuda:0', grad_fn=<DivBackward0>)
Memory status after this epoch: 
Memory allocated:  2.62548828125
Memory cached:  4.0
	 epoch  50 training error:  tensor(0.0754, device='cuda:0', grad_fn=<DivBackward0>)
Memory status after this epoch: 
Memory allocated:  2.62548828125
Memory cached:  4.0
	 epoch  60 training error:  tensor(0.0712, device='cuda:0', grad_fn=<DivBackward0>)
Memory status after this epoch: 
Memory allocated:  2.62548828125
Memory cached:  6.0
	 epoch  70 training error:  tensor(0.0709, device='cuda:0', grad_fn=<DivBackward0>)
Memory status after this epoch: 
Memory allocated:  2.62548828125
Memory cached:  4.0
	 epoch  80 training error:  tensor(0.0705, device='cuda:0', grad_fn=<DivBackward0>)
Memory status after this epoch: 
Memory allocated:  2.62548828125
Memory cached:  4.0
	 epoch  90 training error:  tensor(0.0699, device='cuda:0', grad_fn=<DivBackward0>)
Memory status after this epoch: 
Memory allocated:  2.62548828125
Memory cached:  6.0
[I 2023-11-03 22:27:17,866] Trial 28 finished with value: 0.055774081498384476 and parameters: {'W_layers': 6, 'W_layer_units_exponent_0': 6, 'W_layer_units_exponent_1': 8, 'W_layer_units_exponent_2': 8, 'W_layer_units_exponent_3': 6, 'W_layer_units_exponent_4': 5, 'W_layer_units_exponent_5': 9, 'D_layers': 8, 'D_layer_units_exponent_0': 5, 'D_layer_units_exponent_1': 8, 'D_layer_units_exponent_2': 9, 'D_layer_units_exponent_3': 5, 'D_layer_units_exponent_4': 8, 'D_layer_units_exponent_5': 6, 'D_layer_units_exponent_6': 5, 'D_layer_units_exponent_7': 7, 'log_learning_rate': -3.556602700305519, 'log_learning_rate_D': -2.8190583501306214, 'training_batch_size': 12, 'training_p': 7}. Best is trial 15 with value: 0.05133124813437462.
Time for this trial:  17.362431049346924
Memory status after this trial: 
Memory allocated:  65.20361328125
Memory cached:  72.0
--------------------  Trial  29   --------------------
Start timing: 
Parameters: 
{'W_layers': 6, 'W_layer_units_exponent_0': 9, 'W_layer_units_exponent_1': 5, 'W_layer_units_exponent_2': 10, 'W_layer_units_exponent_3': 7, 'W_layer_units_exponent_4': 4, 'W_layer_units_exponent_5': 8, 'D_layers': 4, 'D_layer_units_exponent_0': 9, 'D_layer_units_exponent_1': 10, 'D_layer_units_exponent_2': 7, 'D_layer_units_exponent_3': 10, 'log_learning_rate': -2.7510046240535564, 'log_learning_rate_D': -3.4219946907484555, 'training_batch_size': 8, 'training_p': 2}
	 epoch  0 training error:  tensor(1.0332, device='cuda:0', grad_fn=<DivBackward0>)
Memory status after this epoch: 
Memory allocated:  5.998046875
Memory cached:  32.0
	 epoch  10 training error:  tensor(0.8254, device='cuda:0', grad_fn=<DivBackward0>)
Memory status after this epoch: 
Memory allocated:  5.998046875
Memory cached:  32.0
	 epoch  20 training error:  tensor(0.4179, device='cuda:0', grad_fn=<DivBackward0>)
Memory status after this epoch: 
Memory allocated:  5.998046875
Memory cached:  32.0
	 epoch  30 training error:  tensor(0.2077, device='cuda:0', grad_fn=<DivBackward0>)
Memory status after this epoch: 
Memory allocated:  5.998046875
Memory cached:  32.0
	 epoch  40 training error:  tensor(0.0691, device='cuda:0', grad_fn=<DivBackward0>)
Memory status after this epoch: 
Memory allocated:  5.998046875
Memory cached:  32.0
	 epoch  50 training error:  tensor(0.0970, device='cuda:0', grad_fn=<DivBackward0>)
Memory status after this epoch: 
Memory allocated:  5.998046875
Memory cached:  32.0
	 epoch  60 training error:  tensor(0.0854, device='cuda:0', grad_fn=<DivBackward0>)
Memory status after this epoch: 
Memory allocated:  5.998046875
Memory cached:  32.0
	 epoch  70 training error:  tensor(0.0563, device='cuda:0', grad_fn=<DivBackward0>)
Memory status after this epoch: 
Memory allocated:  5.998046875
Memory cached:  32.0
	 epoch  80 training error:  tensor(0.0656, device='cuda:0', grad_fn=<DivBackward0>)
Memory status after this epoch: 
Memory allocated:  5.998046875
Memory cached:  32.0
	 epoch  90 training error:  tensor(0.0544, device='cuda:0', grad_fn=<DivBackward0>)
Memory status after this epoch: 
Memory allocated:  5.998046875
Memory cached:  32.0
[I 2023-11-03 22:27:36,370] Trial 29 finished with value: 0.05988456681370735 and parameters: {'W_layers': 6, 'W_layer_units_exponent_0': 9, 'W_layer_units_exponent_1': 5, 'W_layer_units_exponent_2': 10, 'W_layer_units_exponent_3': 7, 'W_layer_units_exponent_4': 4, 'W_layer_units_exponent_5': 8, 'D_layers': 4, 'D_layer_units_exponent_0': 9, 'D_layer_units_exponent_1': 10, 'D_layer_units_exponent_2': 7, 'D_layer_units_exponent_3': 10, 'log_learning_rate': -2.7510046240535564, 'log_learning_rate_D': -3.4219946907484555, 'training_batch_size': 8, 'training_p': 2}. Best is trial 15 with value: 0.05133124813437462.
Time for this trial:  18.286044120788574
Memory status after this trial: 
Memory allocated:  108.97119140625
Memory cached:  114.0
--------------------  Trial  30   --------------------
Start timing: 
Parameters: 
{'W_layers': 8, 'W_layer_units_exponent_0': 5, 'W_layer_units_exponent_1': 7, 'W_layer_units_exponent_2': 5, 'W_layer_units_exponent_3': 5, 'W_layer_units_exponent_4': 9, 'W_layer_units_exponent_5': 7, 'W_layer_units_exponent_6': 10, 'W_layer_units_exponent_7': 6, 'D_layers': 7, 'D_layer_units_exponent_0': 7, 'D_layer_units_exponent_1': 7, 'D_layer_units_exponent_2': 4, 'D_layer_units_exponent_3': 4, 'D_layer_units_exponent_4': 8, 'D_layer_units_exponent_5': 10, 'D_layer_units_exponent_6': 9, 'log_learning_rate': -3.1529281947615786, 'log_learning_rate_D': -3.187438127089112, 'training_batch_size': 9, 'training_p': 4}
	 epoch  0 training error:  tensor(0.9820, device='cuda:0', grad_fn=<DivBackward0>)
Memory status after this epoch: 
Memory allocated:  7.62255859375
Memory cached:  36.0
	 epoch  10 training error:  tensor(0.0750, device='cuda:0', grad_fn=<DivBackward0>)
Memory status after this epoch: 
Memory allocated:  7.62255859375
Memory cached:  36.0
	 epoch  20 training error:  tensor(0.0611, device='cuda:0', grad_fn=<DivBackward0>)
Memory status after this epoch: 
Memory allocated:  7.62255859375
Memory cached:  36.0
	 epoch  30 training error:  tensor(0.0660, device='cuda:0', grad_fn=<DivBackward0>)
Memory status after this epoch: 
Memory allocated:  7.62255859375
Memory cached:  36.0
	 epoch  40 training error:  tensor(0.0634, device='cuda:0', grad_fn=<DivBackward0>)
Memory status after this epoch: 
Memory allocated:  7.62255859375
Memory cached:  36.0
	 epoch  50 training error:  tensor(0.0778, device='cuda:0', grad_fn=<DivBackward0>)
Memory status after this epoch: 
Memory allocated:  7.62255859375
Memory cached:  36.0
	 epoch  60 training error:  tensor(0.0809, device='cuda:0', grad_fn=<DivBackward0>)
Memory status after this epoch: 
Memory allocated:  7.62255859375
Memory cached:  36.0
	 epoch  70 training error:  tensor(0.0700, device='cuda:0', grad_fn=<DivBackward0>)
Memory status after this epoch: 
Memory allocated:  7.62255859375
Memory cached:  36.0
	 epoch  80 training error:  tensor(0.0703, device='cuda:0', grad_fn=<DivBackward0>)
Memory status after this epoch: 
Memory allocated:  7.62255859375
Memory cached:  36.0
	 epoch  90 training error:  tensor(0.0679, device='cuda:0', grad_fn=<DivBackward0>)
Memory status after this epoch: 
Memory allocated:  7.62255859375
Memory cached:  36.0
[I 2023-11-03 22:27:55,350] Trial 30 finished with value: 0.06404506415128708 and parameters: {'W_layers': 8, 'W_layer_units_exponent_0': 5, 'W_layer_units_exponent_1': 7, 'W_layer_units_exponent_2': 5, 'W_layer_units_exponent_3': 5, 'W_layer_units_exponent_4': 9, 'W_layer_units_exponent_5': 7, 'W_layer_units_exponent_6': 10, 'W_layer_units_exponent_7': 6, 'D_layers': 7, 'D_layer_units_exponent_0': 7, 'D_layer_units_exponent_1': 7, 'D_layer_units_exponent_2': 4, 'D_layer_units_exponent_3': 4, 'D_layer_units_exponent_4': 8, 'D_layer_units_exponent_5': 10, 'D_layer_units_exponent_6': 9, 'log_learning_rate': -3.1529281947615786, 'log_learning_rate_D': -3.187438127089112, 'training_batch_size': 9, 'training_p': 4}. Best is trial 15 with value: 0.05133124813437462.
Time for this trial:  18.776705741882324
Memory status after this trial: 
Memory allocated:  107.99658203125
Memory cached:  130.0
--------------------  Trial  31   --------------------
Start timing: 
Parameters: 
{'W_layers': 7, 'W_layer_units_exponent_0': 10, 'W_layer_units_exponent_1': 4, 'W_layer_units_exponent_2': 10, 'W_layer_units_exponent_3': 4, 'W_layer_units_exponent_4': 6, 'W_layer_units_exponent_5': 5, 'W_layer_units_exponent_6': 5, 'D_layers': 5, 'D_layer_units_exponent_0': 6, 'D_layer_units_exponent_1': 5, 'D_layer_units_exponent_2': 5, 'D_layer_units_exponent_3': 5, 'D_layer_units_exponent_4': 10, 'log_learning_rate': -3.605285199635028, 'log_learning_rate_D': -1.4304625967386104, 'training_batch_size': 11, 'training_p': 5}
	 epoch  0 training error:  tensor(0.9679, device='cuda:0', grad_fn=<DivBackward0>)
Memory status after this epoch: 
Memory allocated:  1.11669921875
Memory cached:  8.0
	 epoch  10 training error:  tensor(0.1442, device='cuda:0', grad_fn=<DivBackward0>)
Memory status after this epoch: 
Memory allocated:  1.11669921875
Memory cached:  8.0
	 epoch  20 training error:  tensor(0.1376, device='cuda:0', grad_fn=<DivBackward0>)
Memory status after this epoch: 
Memory allocated:  1.11669921875
Memory cached:  8.0
	 epoch  30 training error:  tensor(0.0883, device='cuda:0', grad_fn=<DivBackward0>)
Memory status after this epoch: 
Memory allocated:  1.11669921875
Memory cached:  8.0
	 epoch  40 training error:  tensor(0.0751, device='cuda:0', grad_fn=<DivBackward0>)
Memory status after this epoch: 
Memory allocated:  1.11669921875
Memory cached:  8.0
	 epoch  50 training error:  tensor(0.0665, device='cuda:0', grad_fn=<DivBackward0>)
Memory status after this epoch: 
Memory allocated:  1.11669921875
Memory cached:  8.0
	 epoch  60 training error:  tensor(0.0634, device='cuda:0', grad_fn=<DivBackward0>)
Memory status after this epoch: 
Memory allocated:  1.11669921875
Memory cached:  8.0
	 epoch  70 training error:  tensor(0.0624, device='cuda:0', grad_fn=<DivBackward0>)
Memory status after this epoch: 
Memory allocated:  1.11669921875
Memory cached:  8.0
	 epoch  80 training error:  tensor(0.0618, device='cuda:0', grad_fn=<DivBackward0>)
Memory status after this epoch: 
Memory allocated:  1.11669921875
Memory cached:  8.0
	 epoch  90 training error:  tensor(0.0615, device='cuda:0', grad_fn=<DivBackward0>)
Memory status after this epoch: 
Memory allocated:  1.11669921875
Memory cached:  8.0
