[I 2023-11-09 17:00:45,459] Trial 23 finished with value: 0.04656374081969261 and parameters: {'W_layers': 5, 'W_layer_units_exponent_0': 7, 'W_layer_units_exponent_1': 4, 'W_layer_units_exponent_2': 5, 'W_layer_units_exponent_3': 8, 'W_layer_units_exponent_4': 5, 'D_layers': 4, 'D_layer_units_exponent_0': 6, 'D_layer_units_exponent_1': 9, 'D_layer_units_exponent_2': 10, 'D_layer_units_exponent_3': 8, 'D_dagger_layers': 4, 'D_dagger_layer_units_exponent_0': 6, 'D_dagger_layer_units_exponent_1': 8, 'D_dagger_layer_units_exponent_2': 5, 'D_dagger_layer_units_exponent_3': 7, 'log_learning_rate': -4.380010872226219, 'log_learning_rate_D': -4.952573404628283, 'log_learning_rate_D_dagger': -4.3022777095441604, 'training_batch_size': 11, 'training_p': 5}. Best is trial 14 with value: 0.026651233434677124.
Time for this trial:  181.14196705818176
Memory status after this trial: 
Memory allocated:  156.35498046875
Memory cached:  176.0
--------------------  Trial  24   --------------------
Start timing: 
Parameters: 
{'W_layers': 4, 'W_layer_units_exponent_0': 9, 'W_layer_units_exponent_1': 6, 'W_layer_units_exponent_2': 7, 'W_layer_units_exponent_3': 9, 'D_layers': 3, 'D_layer_units_exponent_0': 7, 'D_layer_units_exponent_1': 10, 'D_layer_units_exponent_2': 8, 'D_dagger_layers': 7, 'D_dagger_layer_units_exponent_0': 9, 'D_dagger_layer_units_exponent_1': 9, 'D_dagger_layer_units_exponent_2': 6, 'D_dagger_layer_units_exponent_3': 8, 'D_dagger_layer_units_exponent_4': 6, 'D_dagger_layer_units_exponent_5': 6, 'D_dagger_layer_units_exponent_6': 4, 'log_learning_rate': -4.056714108908158, 'log_learning_rate_D': -3.728195382188483, 'log_learning_rate_D_dagger': -3.766809835505433, 'training_batch_size': 8, 'training_p': 7}
	 epoch  0 training error:  tensor(1.0088, device='cuda:0', grad_fn=<DivBackward0>)
Memory status after this epoch: 
Memory allocated:  12.92822265625
Memory cached:  166.0
	 epoch  10 training error:  tensor(0.2786, device='cuda:0', grad_fn=<DivBackward0>)
Memory status after this epoch: 
Memory allocated:  12.92822265625
Memory cached:  270.0
	 epoch  20 training error:  tensor(0.1208, device='cuda:0', grad_fn=<DivBackward0>)
Memory status after this epoch: 
Memory allocated:  12.92822265625
Memory cached:  272.0
	 epoch  30 training error:  tensor(0.0915, device='cuda:0', grad_fn=<DivBackward0>)
Memory status after this epoch: 
Memory allocated:  12.92822265625
Memory cached:  272.0
	 epoch  40 training error:  tensor(0.0733, device='cuda:0', grad_fn=<DivBackward0>)
Memory status after this epoch: 
Memory allocated:  12.92822265625
Memory cached:  268.0
	 epoch  50 training error:  tensor(0.0588, device='cuda:0', grad_fn=<DivBackward0>)
Memory status after this epoch: 
Memory allocated:  12.92822265625
Memory cached:  276.0
	 epoch  60 training error:  tensor(0.0517, device='cuda:0', grad_fn=<DivBackward0>)
Memory status after this epoch: 
Memory allocated:  12.92822265625
Memory cached:  272.0
	 epoch  70 training error:  tensor(0.0458, device='cuda:0', grad_fn=<DivBackward0>)
Memory status after this epoch: 
Memory allocated:  12.92822265625
Memory cached:  264.0
	 epoch  80 training error:  tensor(0.0411, device='cuda:0', grad_fn=<DivBackward0>)
Memory status after this epoch: 
Memory allocated:  12.92822265625
Memory cached:  262.0
	 epoch  90 training error:  tensor(0.0368, device='cuda:0', grad_fn=<DivBackward0>)
Memory status after this epoch: 
Memory allocated:  12.92822265625
Memory cached:  266.0
[I 2023-11-09 17:04:01,722] Trial 24 finished with value: 0.0500926747918129 and parameters: {'W_layers': 4, 'W_layer_units_exponent_0': 9, 'W_layer_units_exponent_1': 6, 'W_layer_units_exponent_2': 7, 'W_layer_units_exponent_3': 9, 'D_layers': 3, 'D_layer_units_exponent_0': 7, 'D_layer_units_exponent_1': 10, 'D_layer_units_exponent_2': 8, 'D_dagger_layers': 7, 'D_dagger_layer_units_exponent_0': 9, 'D_dagger_layer_units_exponent_1': 9, 'D_dagger_layer_units_exponent_2': 6, 'D_dagger_layer_units_exponent_3': 8, 'D_dagger_layer_units_exponent_4': 6, 'D_dagger_layer_units_exponent_5': 6, 'D_dagger_layer_units_exponent_6': 4, 'log_learning_rate': -4.056714108908158, 'log_learning_rate_D': -3.728195382188483, 'log_learning_rate_D_dagger': -3.766809835505433, 'training_batch_size': 8, 'training_p': 7}. Best is trial 14 with value: 0.026651233434677124.
Time for this trial:  195.9886610507965
Memory status after this trial: 
Memory allocated:  226.42138671875
Memory cached:  234.0
--------------------  Trial  25   --------------------
Start timing: 
Parameters: 
{'W_layers': 6, 'W_layer_units_exponent_0': 8, 'W_layer_units_exponent_1': 5, 'W_layer_units_exponent_2': 6, 'W_layer_units_exponent_3': 8, 'W_layer_units_exponent_4': 7, 'W_layer_units_exponent_5': 6, 'D_layers': 4, 'D_layer_units_exponent_0': 4, 'D_layer_units_exponent_1': 8, 'D_layer_units_exponent_2': 8, 'D_layer_units_exponent_3': 7, 'D_dagger_layers': 3, 'D_dagger_layer_units_exponent_0': 8, 'D_dagger_layer_units_exponent_1': 8, 'D_dagger_layer_units_exponent_2': 5, 'log_learning_rate': -4.637130929081309, 'log_learning_rate_D': -4.519525147002695, 'log_learning_rate_D_dagger': -3.239341301695661, 'training_batch_size': 9, 'training_p': 4}
	 epoch  0 training error:  tensor(1.2057, device='cuda:0', grad_fn=<DivBackward0>)
Memory status after this epoch: 
Memory allocated:  3.89306640625
Memory cached:  108.0
	 epoch  10 training error:  tensor(0.1887, device='cuda:0', grad_fn=<DivBackward0>)
Memory status after this epoch: 
Memory allocated:  3.89306640625
Memory cached:  150.0
	 epoch  20 training error:  tensor(0.1436, device='cuda:0', grad_fn=<DivBackward0>)
Memory status after this epoch: 
Memory allocated:  3.89306640625
Memory cached:  140.0
	 epoch  30 training error:  tensor(0.1005, device='cuda:0', grad_fn=<DivBackward0>)
Memory status after this epoch: 
Memory allocated:  3.89306640625
Memory cached:  140.0
	 epoch  40 training error:  tensor(0.0817, device='cuda:0', grad_fn=<DivBackward0>)
Memory status after this epoch: 
Memory allocated:  3.89306640625
Memory cached:  148.0
	 epoch  50 training error:  tensor(0.0776, device='cuda:0', grad_fn=<DivBackward0>)
Memory status after this epoch: 
Memory allocated:  3.89306640625
Memory cached:  140.0
	 epoch  60 training error:  tensor(0.0731, device='cuda:0', grad_fn=<DivBackward0>)
Memory status after this epoch: 
Memory allocated:  3.89306640625
Memory cached:  134.0
	 epoch  70 training error:  tensor(0.0698, device='cuda:0', grad_fn=<DivBackward0>)
Memory status after this epoch: 
Memory allocated:  3.89306640625
Memory cached:  136.0
	 epoch  80 training error:  tensor(0.0660, device='cuda:0', grad_fn=<DivBackward0>)
Memory status after this epoch: 
Memory allocated:  3.89306640625
Memory cached:  134.0
	 epoch  90 training error:  tensor(0.0634, device='cuda:0', grad_fn=<DivBackward0>)
Memory status after this epoch: 
Memory allocated:  3.89306640625
Memory cached:  136.0
[I 2023-11-09 17:06:59,736] Trial 25 finished with value: 0.043379995971918106 and parameters: {'W_layers': 6, 'W_layer_units_exponent_0': 8, 'W_layer_units_exponent_1': 5, 'W_layer_units_exponent_2': 6, 'W_layer_units_exponent_3': 8, 'W_layer_units_exponent_4': 7, 'W_layer_units_exponent_5': 6, 'D_layers': 4, 'D_layer_units_exponent_0': 4, 'D_layer_units_exponent_1': 8, 'D_layer_units_exponent_2': 8, 'D_layer_units_exponent_3': 7, 'D_dagger_layers': 3, 'D_dagger_layer_units_exponent_0': 8, 'D_dagger_layer_units_exponent_1': 8, 'D_dagger_layer_units_exponent_2': 5, 'log_learning_rate': -4.637130929081309, 'log_learning_rate_D': -4.519525147002695, 'log_learning_rate_D_dagger': -3.239341301695661, 'training_batch_size': 9, 'training_p': 4}. Best is trial 14 with value: 0.026651233434677124.
Time for this trial:  177.73922276496887
Memory status after this trial: 
Memory allocated:  109.5107421875
Memory cached:  122.0
--------------------  Trial  26   --------------------
Start timing: 
Parameters: 
{'W_layers': 7, 'W_layer_units_exponent_0': 10, 'W_layer_units_exponent_1': 8, 'W_layer_units_exponent_2': 5, 'W_layer_units_exponent_3': 10, 'W_layer_units_exponent_4': 5, 'W_layer_units_exponent_5': 5, 'W_layer_units_exponent_6': 6, 'D_layers': 5, 'D_layer_units_exponent_0': 5, 'D_layer_units_exponent_1': 9, 'D_layer_units_exponent_2': 10, 'D_layer_units_exponent_3': 5, 'D_layer_units_exponent_4': 9, 'D_dagger_layers': 7, 'D_dagger_layer_units_exponent_0': 9, 'D_dagger_layer_units_exponent_1': 6, 'D_dagger_layer_units_exponent_2': 6, 'D_dagger_layer_units_exponent_3': 9, 'D_dagger_layer_units_exponent_4': 5, 'D_dagger_layer_units_exponent_5': 7, 'D_dagger_layer_units_exponent_6': 10, 'log_learning_rate': -3.835849554191613, 'log_learning_rate_D': -3.667982051696255, 'log_learning_rate_D_dagger': -4.34992269953025, 'training_batch_size': 7, 'training_p': 5}
	 epoch  0 training error:  tensor(1.0177, device='cuda:0', grad_fn=<DivBackward0>)
Memory status after this epoch: 
Memory allocated:  17.84814453125
Memory cached:  116.0
	 epoch  10 training error:  tensor(0.2913, device='cuda:0', grad_fn=<DivBackward0>)
Memory status after this epoch: 
Memory allocated:  17.84814453125
Memory cached:  156.0
	 epoch  20 training error:  tensor(0.1648, device='cuda:0', grad_fn=<DivBackward0>)
Memory status after this epoch: 
Memory allocated:  17.84814453125
Memory cached:  162.0
	 epoch  30 training error:  tensor(0.1315, device='cuda:0', grad_fn=<DivBackward0>)
Memory status after this epoch: 
Memory allocated:  17.84814453125
Memory cached:  162.0
	 epoch  40 training error:  tensor(0.1019, device='cuda:0', grad_fn=<DivBackward0>)
Memory status after this epoch: 
Memory allocated:  17.84814453125
Memory cached:  162.0
	 epoch  50 training error:  tensor(0.0962, device='cuda:0', grad_fn=<DivBackward0>)
Memory status after this epoch: 
Memory allocated:  17.84814453125
Memory cached:  158.0
	 epoch  60 training error:  tensor(0.0926, device='cuda:0', grad_fn=<DivBackward0>)
Memory status after this epoch: 
Memory allocated:  17.84814453125
Memory cached:  158.0
	 epoch  70 training error:  tensor(0.0729, device='cuda:0', grad_fn=<DivBackward0>)
Memory status after this epoch: 
Memory allocated:  17.84814453125
Memory cached:  162.0
	 epoch  80 training error:  tensor(0.0571, device='cuda:0', grad_fn=<DivBackward0>)
Memory status after this epoch: 
Memory allocated:  17.84814453125
Memory cached:  162.0
	 epoch  90 training error:  tensor(0.0493, device='cuda:0', grad_fn=<DivBackward0>)
Memory status after this epoch: 
Memory allocated:  17.84814453125
Memory cached:  158.0
[I 2023-11-09 17:11:17,910] Trial 26 finished with value: 0.03921350836753845 and parameters: {'W_layers': 7, 'W_layer_units_exponent_0': 10, 'W_layer_units_exponent_1': 8, 'W_layer_units_exponent_2': 5, 'W_layer_units_exponent_3': 10, 'W_layer_units_exponent_4': 5, 'W_layer_units_exponent_5': 5, 'W_layer_units_exponent_6': 6, 'D_layers': 5, 'D_layer_units_exponent_0': 5, 'D_layer_units_exponent_1': 9, 'D_layer_units_exponent_2': 10, 'D_layer_units_exponent_3': 5, 'D_layer_units_exponent_4': 9, 'D_dagger_layers': 7, 'D_dagger_layer_units_exponent_0': 9, 'D_dagger_layer_units_exponent_1': 6, 'D_dagger_layer_units_exponent_2': 6, 'D_dagger_layer_units_exponent_3': 9, 'D_dagger_layer_units_exponent_4': 5, 'D_dagger_layer_units_exponent_5': 7, 'D_dagger_layer_units_exponent_6': 10, 'log_learning_rate': -3.835849554191613, 'log_learning_rate_D': -3.667982051696255, 'log_learning_rate_D_dagger': -4.34992269953025, 'training_batch_size': 7, 'training_p': 5}. Best is trial 14 with value: 0.026651233434677124.
Time for this trial:  257.86626625061035
Memory status after this trial: 
Memory allocated:  377.87060546875
Memory cached:  400.0
--------------------  Trial  27   --------------------
Start timing: 
Parameters: 
{'W_layers': 5, 'W_layer_units_exponent_0': 7, 'W_layer_units_exponent_1': 6, 'W_layer_units_exponent_2': 6, 'W_layer_units_exponent_3': 7, 'W_layer_units_exponent_4': 6, 'D_layers': 3, 'D_layer_units_exponent_0': 7, 'D_layer_units_exponent_1': 10, 'D_layer_units_exponent_2': 9, 'D_dagger_layers': 5, 'D_dagger_layer_units_exponent_0': 5, 'D_dagger_layer_units_exponent_1': 7, 'D_dagger_layer_units_exponent_2': 5, 'D_dagger_layer_units_exponent_3': 8, 'D_dagger_layer_units_exponent_4': 4, 'log_learning_rate': -3.329391709620179, 'log_learning_rate_D': -3.154632705809765, 'log_learning_rate_D_dagger': -3.8894739885875853, 'training_batch_size': 10, 'training_p': 7}
	 epoch  0 training error:  tensor(0.8295, device='cuda:0', grad_fn=<DivBackward0>)
Memory status after this epoch: 
Memory allocated:  10.93408203125
Memory cached:  162.0
	 epoch  10 training error:  tensor(0.2298, device='cuda:0', grad_fn=<DivBackward0>)
Memory status after this epoch: 
Memory allocated:  10.93408203125
Memory cached:  202.0
	 epoch  20 training error:  tensor(0.1533, device='cuda:0', grad_fn=<DivBackward0>)
Memory status after this epoch: 
Memory allocated:  10.93408203125
Memory cached:  214.0
	 epoch  30 training error:  tensor(0.1046, device='cuda:0', grad_fn=<DivBackward0>)
Memory status after this epoch: 
Memory allocated:  10.93408203125
Memory cached:  206.0
	 epoch  40 training error:  tensor(0.1042, device='cuda:0', grad_fn=<DivBackward0>)
Memory status after this epoch: 
Memory allocated:  10.93408203125
Memory cached:  210.0
	 epoch  50 training error:  tensor(0.1042, device='cuda:0', grad_fn=<DivBackward0>)
Memory status after this epoch: 
Memory allocated:  10.93408203125
Memory cached:  204.0
	 epoch  60 training error:  tensor(0.1008, device='cuda:0', grad_fn=<DivBackward0>)
Memory status after this epoch: 
Memory allocated:  10.93408203125
Memory cached:  212.0
	 epoch  70 training error:  tensor(0.0995, device='cuda:0', grad_fn=<DivBackward0>)
Memory status after this epoch: 
Memory allocated:  10.93408203125
Memory cached:  208.0
	 epoch  80 training error:  tensor(0.0988, device='cuda:0', grad_fn=<DivBackward0>)
Memory status after this epoch: 
Memory allocated:  10.93408203125
Memory cached:  198.0
	 epoch  90 training error:  tensor(0.0981, device='cuda:0', grad_fn=<DivBackward0>)
Memory status after this epoch: 
Memory allocated:  10.93408203125
Memory cached:  212.0
[I 2023-11-09 17:14:15,775] Trial 27 finished with value: 0.06623735278844833 and parameters: {'W_layers': 5, 'W_layer_units_exponent_0': 7, 'W_layer_units_exponent_1': 6, 'W_layer_units_exponent_2': 6, 'W_layer_units_exponent_3': 7, 'W_layer_units_exponent_4': 6, 'D_layers': 3, 'D_layer_units_exponent_0': 7, 'D_layer_units_exponent_1': 10, 'D_layer_units_exponent_2': 9, 'D_dagger_layers': 5, 'D_dagger_layer_units_exponent_0': 5, 'D_dagger_layer_units_exponent_1': 7, 'D_dagger_layer_units_exponent_2': 5, 'D_dagger_layer_units_exponent_3': 8, 'D_dagger_layer_units_exponent_4': 4, 'log_learning_rate': -3.329391709620179, 'log_learning_rate_D': -3.154632705809765, 'log_learning_rate_D_dagger': -3.8894739885875853, 'training_batch_size': 10, 'training_p': 7}. Best is trial 14 with value: 0.026651233434677124.
Time for this trial:  177.57918429374695
Memory status after this trial: 
Memory allocated:  143.25634765625
Memory cached:  186.0
--------------------  Trial  28   --------------------
Start timing: 
Parameters: 
{'W_layers': 6, 'W_layer_units_exponent_0': 9, 'W_layer_units_exponent_1': 7, 'W_layer_units_exponent_2': 7, 'W_layer_units_exponent_3': 6, 'W_layer_units_exponent_4': 7, 'W_layer_units_exponent_5': 6, 'D_layers': 4, 'D_layer_units_exponent_0': 6, 'D_layer_units_exponent_1': 7, 'D_layer_units_exponent_2': 10, 'D_layer_units_exponent_3': 8, 'D_dagger_layers': 4, 'D_dagger_layer_units_exponent_0': 8, 'D_dagger_layer_units_exponent_1': 9, 'D_dagger_layer_units_exponent_2': 6, 'D_dagger_layer_units_exponent_3': 10, 'log_learning_rate': -4.345487109526413, 'log_learning_rate_D': -4.025102039722503, 'log_learning_rate_D_dagger': -4.325382986076031, 'training_batch_size': 11, 'training_p': 3}
	 epoch  0 training error:  tensor(1.1466, device='cuda:0', grad_fn=<DivBackward0>)
Memory status after this epoch: 
Memory allocated:  11.48095703125
Memory cached:  84.0
	 epoch  10 training error:  tensor(0.3096, device='cuda:0', grad_fn=<DivBackward0>)
Memory status after this epoch: 
Memory allocated:  11.48095703125
Memory cached:  128.0
	 epoch  20 training error:  tensor(0.1722, device='cuda:0', grad_fn=<DivBackward0>)
Memory status after this epoch: 
Memory allocated:  11.48095703125
Memory cached:  130.0
	 epoch  30 training error:  tensor(0.1110, device='cuda:0', grad_fn=<DivBackward0>)
Memory status after this epoch: 
Memory allocated:  11.48095703125
Memory cached:  128.0
	 epoch  40 training error:  tensor(0.0892, device='cuda:0', grad_fn=<DivBackward0>)
Memory status after this epoch: 
Memory allocated:  11.48095703125
Memory cached:  128.0
	 epoch  50 training error:  tensor(0.0674, device='cuda:0', grad_fn=<DivBackward0>)
Memory status after this epoch: 
Memory allocated:  11.48095703125
Memory cached:  126.0
	 epoch  60 training error:  tensor(0.0574, device='cuda:0', grad_fn=<DivBackward0>)
Memory status after this epoch: 
Memory allocated:  11.48095703125
Memory cached:  124.0
	 epoch  70 training error:  tensor(0.0447, device='cuda:0', grad_fn=<DivBackward0>)
Memory status after this epoch: 
Memory allocated:  11.48095703125
Memory cached:  126.0
	 epoch  80 training error:  tensor(0.0355, device='cuda:0', grad_fn=<DivBackward0>)
Memory status after this epoch: 
Memory allocated:  11.48095703125
Memory cached:  126.0
	 epoch  90 training error:  tensor(0.0319, device='cuda:0', grad_fn=<DivBackward0>)
Memory status after this epoch: 
Memory allocated:  11.48095703125
Memory cached:  126.0
[I 2023-11-09 17:17:37,698] Trial 28 finished with value: 0.030911970883607864 and parameters: {'W_layers': 6, 'W_layer_units_exponent_0': 9, 'W_layer_units_exponent_1': 7, 'W_layer_units_exponent_2': 7, 'W_layer_units_exponent_3': 6, 'W_layer_units_exponent_4': 7, 'W_layer_units_exponent_5': 6, 'D_layers': 4, 'D_layer_units_exponent_0': 6, 'D_layer_units_exponent_1': 7, 'D_layer_units_exponent_2': 10, 'D_layer_units_exponent_3': 8, 'D_dagger_layers': 4, 'D_dagger_layer_units_exponent_0': 8, 'D_dagger_layer_units_exponent_1': 9, 'D_dagger_layer_units_exponent_2': 6, 'D_dagger_layer_units_exponent_3': 10, 'log_learning_rate': -4.345487109526413, 'log_learning_rate_D': -4.025102039722503, 'log_learning_rate_D_dagger': -4.325382986076031, 'training_batch_size': 11, 'training_p': 3}. Best is trial 14 with value: 0.026651233434677124.
Time for this trial:  201.64286756515503
Memory status after this trial: 
Memory allocated:  238.31005859375
Memory cached:  246.0
--------------------  Trial  29   --------------------
Start timing: 
Parameters: 
{'W_layers': 4, 'W_layer_units_exponent_0': 5, 'W_layer_units_exponent_1': 5, 'W_layer_units_exponent_2': 4, 'W_layer_units_exponent_3': 9, 'D_layers': 2, 'D_layer_units_exponent_0': 8, 'D_layer_units_exponent_1': 7, 'D_dagger_layers': 6, 'D_dagger_layer_units_exponent_0': 4, 'D_dagger_layer_units_exponent_1': 10, 'D_dagger_layer_units_exponent_2': 5, 'D_dagger_layer_units_exponent_3': 7, 'D_dagger_layer_units_exponent_4': 7, 'D_dagger_layer_units_exponent_5': 4, 'log_learning_rate': -4.062835140123873, 'log_learning_rate_D': -2.3310211282465834, 'log_learning_rate_D_dagger': -3.9017631948866027, 'training_batch_size': 7, 'training_p': 4}
	 epoch  0 training error:  tensor(1.1496, device='cuda:0', grad_fn=<DivBackward0>)
Memory status after this epoch: 
Memory allocated:  1.92431640625
Memory cached:  134.0
	 epoch  10 training error:  tensor(0.3463, device='cuda:0', grad_fn=<DivBackward0>)
Memory status after this epoch: 
Memory allocated:  1.92431640625
Memory cached:  182.0
	 epoch  20 training error:  tensor(0.2573, device='cuda:0', grad_fn=<DivBackward0>)
Memory status after this epoch: 
Memory allocated:  1.92431640625
Memory cached:  176.0
	 epoch  30 training error:  tensor(0.2091, device='cuda:0', grad_fn=<DivBackward0>)
Memory status after this epoch: 
Memory allocated:  1.92431640625
Memory cached:  178.0
	 epoch  40 training error:  tensor(0.1507, device='cuda:0', grad_fn=<DivBackward0>)
Memory status after this epoch: 
Memory allocated:  1.92431640625
Memory cached:  178.0
	 epoch  50 training error:  tensor(0.1161, device='cuda:0', grad_fn=<DivBackward0>)
Memory status after this epoch: 
Memory allocated:  1.92431640625
Memory cached:  176.0
	 epoch  60 training error:  tensor(0.0939, device='cuda:0', grad_fn=<DivBackward0>)
Memory status after this epoch: 
Memory allocated:  1.92431640625
Memory cached:  174.0
	 epoch  70 training error:  tensor(0.0836, device='cuda:0', grad_fn=<DivBackward0>)
Memory status after this epoch: 
Memory allocated:  1.92431640625
Memory cached:  178.0
	 epoch  80 training error:  tensor(0.0777, device='cuda:0', grad_fn=<DivBackward0>)
Memory status after this epoch: 
Memory allocated:  1.92431640625
Memory cached:  178.0
	 epoch  90 training error:  tensor(0.0721, device='cuda:0', grad_fn=<DivBackward0>)
Memory status after this epoch: 
Memory allocated:  1.92431640625
Memory cached:  178.0
