[I 2023-11-01 14:39:25,132] Trial 31 finished with value: 0.2330065220594406 and parameters: {'W_layers': 4, 'W_layer_units_exponent_0': 5, 'W_layer_units_exponent_1': 5, 'W_layer_units_exponent_2': 5, 'W_layer_units_exponent_3': 6, 'D_layers': 7, 'D_layer_units_exponent_0': 7, 'D_layer_units_exponent_1': 9, 'D_layer_units_exponent_2': 4, 'D_layer_units_exponent_3': 6, 'D_layer_units_exponent_4': 10, 'D_layer_units_exponent_5': 9, 'D_layer_units_exponent_6': 9, 'log_learning_rate': -3.338212089300521, 'log_learning_rate_D': -1.8441150525570005, 'training_batch_size': 10, 'training_p': 8}. Best is trial 4 with value: 0.22876401245594025.
Time for this trial:  152.18158888816833
Memory status after this trial: 
Memory allocated:  162.85986328125
Memory cached:  184.0
--------------------  Trial  32   --------------------
Start timing: 
Parameters: 
{'W_layers': 4, 'W_layer_units_exponent_0': 4, 'W_layer_units_exponent_1': 6, 'W_layer_units_exponent_2': 6, 'W_layer_units_exponent_3': 7, 'D_layers': 8, 'D_layer_units_exponent_0': 8, 'D_layer_units_exponent_1': 10, 'D_layer_units_exponent_2': 5, 'D_layer_units_exponent_3': 5, 'D_layer_units_exponent_4': 9, 'D_layer_units_exponent_5': 10, 'D_layer_units_exponent_6': 10, 'D_layer_units_exponent_7': 4, 'log_learning_rate': -3.7567887786292946, 'log_learning_rate_D': -2.290870003831522, 'training_batch_size': 9, 'training_p': 7}
	 epoch  0 training error:  tensor(1.0584, device='cuda:0', grad_fn=<DivBackward0>)
Memory status after this epoch: 
Memory allocated:  29.341796875
Memory cached:  56.0
	 epoch  10 training error:  tensor(0.9295, device='cuda:0', grad_fn=<DivBackward0>)
Memory status after this epoch: 
Memory allocated:  29.341796875
Memory cached:  62.0
	 epoch  20 training error:  tensor(0.8900, device='cuda:0', grad_fn=<DivBackward0>)
Memory status after this epoch: 
Memory allocated:  29.341796875
Memory cached:  62.0
	 epoch  30 training error:  tensor(0.8962, device='cuda:0', grad_fn=<DivBackward0>)
Memory status after this epoch: 
Memory allocated:  29.341796875
Memory cached:  62.0
	 epoch  40 training error:  tensor(0.7615, device='cuda:0', grad_fn=<DivBackward0>)
Memory status after this epoch: 
Memory allocated:  29.341796875
Memory cached:  62.0
	 epoch  50 training error:  tensor(0.5800, device='cuda:0', grad_fn=<DivBackward0>)
Memory status after this epoch: 
Memory allocated:  29.341796875
Memory cached:  62.0
	 epoch  60 training error:  tensor(0.2761, device='cuda:0', grad_fn=<DivBackward0>)
Memory status after this epoch: 
Memory allocated:  29.341796875
Memory cached:  62.0
	 epoch  70 training error:  tensor(0.3011, device='cuda:0', grad_fn=<DivBackward0>)
Memory status after this epoch: 
Memory allocated:  29.341796875
Memory cached:  62.0
	 epoch  80 training error:  tensor(0.2697, device='cuda:0', grad_fn=<DivBackward0>)
Memory status after this epoch: 
Memory allocated:  29.341796875
Memory cached:  62.0
	 epoch  90 training error:  tensor(0.2592, device='cuda:0', grad_fn=<DivBackward0>)
Memory status after this epoch: 
Memory allocated:  29.341796875
Memory cached:  62.0
[I 2023-11-01 14:42:12,647] Trial 32 finished with value: 0.22594527900218964 and parameters: {'W_layers': 4, 'W_layer_units_exponent_0': 4, 'W_layer_units_exponent_1': 6, 'W_layer_units_exponent_2': 6, 'W_layer_units_exponent_3': 7, 'D_layers': 8, 'D_layer_units_exponent_0': 8, 'D_layer_units_exponent_1': 10, 'D_layer_units_exponent_2': 5, 'D_layer_units_exponent_3': 5, 'D_layer_units_exponent_4': 9, 'D_layer_units_exponent_5': 10, 'D_layer_units_exponent_6': 10, 'D_layer_units_exponent_7': 4, 'log_learning_rate': -3.7567887786292946, 'log_learning_rate_D': -2.290870003831522, 'training_batch_size': 9, 'training_p': 7}. Best is trial 32 with value: 0.22594527900218964.
Time for this trial:  167.27352499961853
Memory status after this trial: 
Memory allocated:  237.43701171875
Memory cached:  270.0
--------------------  Trial  33   --------------------
Start timing: 
Parameters: 
{'W_layers': 4, 'W_layer_units_exponent_0': 4, 'W_layer_units_exponent_1': 6, 'W_layer_units_exponent_2': 6, 'W_layer_units_exponent_3': 7, 'D_layers': 7, 'D_layer_units_exponent_0': 8, 'D_layer_units_exponent_1': 9, 'D_layer_units_exponent_2': 5, 'D_layer_units_exponent_3': 5, 'D_layer_units_exponent_4': 9, 'D_layer_units_exponent_5': 9, 'D_layer_units_exponent_6': 9, 'log_learning_rate': -3.8049427148331416, 'log_learning_rate_D': -2.4948900766615476, 'training_batch_size': 8, 'training_p': 7}
	 epoch  0 training error:  tensor(1.0305, device='cuda:0', grad_fn=<DivBackward0>)
Memory status after this epoch: 
Memory allocated:  10.822265625
Memory cached:  16.0
	 epoch  10 training error:  tensor(0.8734, device='cuda:0', grad_fn=<DivBackward0>)
Memory status after this epoch: 
Memory allocated:  10.822265625
Memory cached:  18.0
	 epoch  20 training error:  tensor(0.6885, device='cuda:0', grad_fn=<DivBackward0>)
Memory status after this epoch: 
Memory allocated:  10.822265625
Memory cached:  18.0
	 epoch  30 training error:  tensor(0.4665, device='cuda:0', grad_fn=<DivBackward0>)
Memory status after this epoch: 
Memory allocated:  10.822265625
Memory cached:  18.0
	 epoch  40 training error:  tensor(0.2615, device='cuda:0', grad_fn=<DivBackward0>)
Memory status after this epoch: 
Memory allocated:  10.822265625
Memory cached:  18.0
	 epoch  50 training error:  tensor(0.2819, device='cuda:0', grad_fn=<DivBackward0>)
Memory status after this epoch: 
Memory allocated:  10.822265625
Memory cached:  18.0
	 epoch  60 training error:  tensor(0.2596, device='cuda:0', grad_fn=<DivBackward0>)
Memory status after this epoch: 
Memory allocated:  10.822265625
Memory cached:  18.0
	 epoch  70 training error:  tensor(0.2600, device='cuda:0', grad_fn=<DivBackward0>)
Memory status after this epoch: 
Memory allocated:  10.822265625
Memory cached:  18.0
	 epoch  80 training error:  tensor(0.2589, device='cuda:0', grad_fn=<DivBackward0>)
Memory status after this epoch: 
Memory allocated:  10.822265625
Memory cached:  18.0
	 epoch  90 training error:  tensor(0.2590, device='cuda:0', grad_fn=<DivBackward0>)
Memory status after this epoch: 
Memory allocated:  10.822265625
Memory cached:  18.0
[I 2023-11-01 14:44:42,846] Trial 33 finished with value: 0.2323480099439621 and parameters: {'W_layers': 4, 'W_layer_units_exponent_0': 4, 'W_layer_units_exponent_1': 6, 'W_layer_units_exponent_2': 6, 'W_layer_units_exponent_3': 7, 'D_layers': 7, 'D_layer_units_exponent_0': 8, 'D_layer_units_exponent_1': 9, 'D_layer_units_exponent_2': 5, 'D_layer_units_exponent_3': 5, 'D_layer_units_exponent_4': 9, 'D_layer_units_exponent_5': 9, 'D_layer_units_exponent_6': 9, 'log_learning_rate': -3.8049427148331416, 'log_learning_rate_D': -2.4948900766615476, 'training_batch_size': 8, 'training_p': 7}. Best is trial 32 with value: 0.22594527900218964.
Time for this trial:  149.93827605247498
Memory status after this trial: 
Memory allocated:  145.951171875
Memory cached:  152.0
--------------------  Trial  34   --------------------
Start timing: 
Parameters: 
{'W_layers': 5, 'W_layer_units_exponent_0': 4, 'W_layer_units_exponent_1': 5, 'W_layer_units_exponent_2': 5, 'W_layer_units_exponent_3': 7, 'W_layer_units_exponent_4': 8, 'D_layers': 7, 'D_layer_units_exponent_0': 7, 'D_layer_units_exponent_1': 8, 'D_layer_units_exponent_2': 6, 'D_layer_units_exponent_3': 6, 'D_layer_units_exponent_4': 9, 'D_layer_units_exponent_5': 8, 'D_layer_units_exponent_6': 7, 'log_learning_rate': -4.274331954007665, 'log_learning_rate_D': -2.2768781362262445, 'training_batch_size': 9, 'training_p': 7}
	 epoch  0 training error:  tensor(1.0646, device='cuda:0', grad_fn=<DivBackward0>)
Memory status after this epoch: 
Memory allocated:  4.482421875
Memory cached:  10.0
	 epoch  10 training error:  tensor(0.9982, device='cuda:0', grad_fn=<DivBackward0>)
Memory status after this epoch: 
Memory allocated:  4.482421875
Memory cached:  12.0
	 epoch  20 training error:  tensor(0.9870, device='cuda:0', grad_fn=<DivBackward0>)
Memory status after this epoch: 
Memory allocated:  4.482421875
Memory cached:  12.0
	 epoch  30 training error:  tensor(0.9872, device='cuda:0', grad_fn=<DivBackward0>)
Memory status after this epoch: 
Memory allocated:  4.482421875
Memory cached:  12.0
	 epoch  40 training error:  tensor(0.9663, device='cuda:0', grad_fn=<DivBackward0>)
Memory status after this epoch: 
Memory allocated:  4.482421875
Memory cached:  12.0
	 epoch  50 training error:  tensor(0.9491, device='cuda:0', grad_fn=<DivBackward0>)
Memory status after this epoch: 
Memory allocated:  4.482421875
Memory cached:  12.0
	 epoch  60 training error:  tensor(0.9206, device='cuda:0', grad_fn=<DivBackward0>)
Memory status after this epoch: 
Memory allocated:  4.482421875
Memory cached:  12.0
	 epoch  70 training error:  tensor(0.8572, device='cuda:0', grad_fn=<DivBackward0>)
Memory status after this epoch: 
Memory allocated:  4.482421875
Memory cached:  12.0
	 epoch  80 training error:  tensor(0.7969, device='cuda:0', grad_fn=<DivBackward0>)
Memory status after this epoch: 
Memory allocated:  4.482421875
Memory cached:  12.0
	 epoch  90 training error:  tensor(0.6805, device='cuda:0', grad_fn=<DivBackward0>)
Memory status after this epoch: 
Memory allocated:  4.482421875
Memory cached:  12.0
[I 2023-11-01 14:47:15,954] Trial 34 finished with value: 0.4919848144054413 and parameters: {'W_layers': 5, 'W_layer_units_exponent_0': 4, 'W_layer_units_exponent_1': 5, 'W_layer_units_exponent_2': 5, 'W_layer_units_exponent_3': 7, 'W_layer_units_exponent_4': 8, 'D_layers': 7, 'D_layer_units_exponent_0': 7, 'D_layer_units_exponent_1': 8, 'D_layer_units_exponent_2': 6, 'D_layer_units_exponent_3': 6, 'D_layer_units_exponent_4': 9, 'D_layer_units_exponent_5': 8, 'D_layer_units_exponent_6': 7, 'log_learning_rate': -4.274331954007665, 'log_learning_rate_D': -2.2768781362262445, 'training_batch_size': 9, 'training_p': 7}. Best is trial 32 with value: 0.22594527900218964.
Time for this trial:  152.86045217514038
Memory status after this trial: 
Memory allocated:  102.2783203125
Memory cached:  106.0
--------------------  Trial  35   --------------------
Start timing: 
Parameters: 
{'W_layers': 3, 'W_layer_units_exponent_0': 4, 'W_layer_units_exponent_1': 6, 'W_layer_units_exponent_2': 6, 'D_layers': 8, 'D_layer_units_exponent_0': 8, 'D_layer_units_exponent_1': 10, 'D_layer_units_exponent_2': 4, 'D_layer_units_exponent_3': 7, 'D_layer_units_exponent_4': 9, 'D_layer_units_exponent_5': 10, 'D_layer_units_exponent_6': 10, 'D_layer_units_exponent_7': 6, 'log_learning_rate': -4.0550074068951, 'log_learning_rate_D': -3.1844765563835056, 'training_batch_size': 7, 'training_p': 8}
	 epoch  0 training error:  tensor(0.7956, device='cuda:0', grad_fn=<DivBackward0>)
Memory status after this epoch: 
Memory allocated:  30.48046875
Memory cached:  56.0
	 epoch  10 training error:  tensor(0.7038, device='cuda:0', grad_fn=<DivBackward0>)
Memory status after this epoch: 
Memory allocated:  30.48046875
Memory cached:  58.0
	 epoch  20 training error:  tensor(0.6094, device='cuda:0', grad_fn=<DivBackward0>)
Memory status after this epoch: 
Memory allocated:  30.48046875
Memory cached:  58.0
	 epoch  30 training error:  tensor(0.5097, device='cuda:0', grad_fn=<DivBackward0>)
Memory status after this epoch: 
Memory allocated:  30.48046875
Memory cached:  58.0
	 epoch  40 training error:  tensor(0.4038, device='cuda:0', grad_fn=<DivBackward0>)
Memory status after this epoch: 
Memory allocated:  30.48046875
Memory cached:  58.0
	 epoch  50 training error:  tensor(0.3035, device='cuda:0', grad_fn=<DivBackward0>)
Memory status after this epoch: 
Memory allocated:  30.48046875
Memory cached:  58.0
	 epoch  60 training error:  tensor(0.2618, device='cuda:0', grad_fn=<DivBackward0>)
Memory status after this epoch: 
Memory allocated:  30.48046875
Memory cached:  58.0
	 epoch  70 training error:  tensor(0.2661, device='cuda:0', grad_fn=<DivBackward0>)
Memory status after this epoch: 
Memory allocated:  30.48046875
Memory cached:  58.0
	 epoch  80 training error:  tensor(0.2714, device='cuda:0', grad_fn=<DivBackward0>)
Memory status after this epoch: 
Memory allocated:  30.48046875
Memory cached:  58.0
	 epoch  90 training error:  tensor(0.2608, device='cuda:0', grad_fn=<DivBackward0>)
Memory status after this epoch: 
Memory allocated:  30.48046875
Memory cached:  58.0
[I 2023-11-01 14:49:57,782] Trial 35 finished with value: 0.231746107339859 and parameters: {'W_layers': 3, 'W_layer_units_exponent_0': 4, 'W_layer_units_exponent_1': 6, 'W_layer_units_exponent_2': 6, 'D_layers': 8, 'D_layer_units_exponent_0': 8, 'D_layer_units_exponent_1': 10, 'D_layer_units_exponent_2': 4, 'D_layer_units_exponent_3': 7, 'D_layer_units_exponent_4': 9, 'D_layer_units_exponent_5': 10, 'D_layer_units_exponent_6': 10, 'D_layer_units_exponent_7': 6, 'log_learning_rate': -4.0550074068951, 'log_learning_rate_D': -3.1844765563835056, 'training_batch_size': 7, 'training_p': 8}. Best is trial 32 with value: 0.22594527900218964.
Time for this trial:  161.59013652801514
Memory status after this trial: 
Memory allocated:  237.93798828125
Memory cached:  250.0
--------------------  Trial  36   --------------------
Start timing: 
Parameters: 
{'W_layers': 7, 'W_layer_units_exponent_0': 5, 'W_layer_units_exponent_1': 5, 'W_layer_units_exponent_2': 5, 'W_layer_units_exponent_3': 8, 'W_layer_units_exponent_4': 5, 'W_layer_units_exponent_5': 7, 'W_layer_units_exponent_6': 5, 'D_layers': 7, 'D_layer_units_exponent_0': 9, 'D_layer_units_exponent_1': 9, 'D_layer_units_exponent_2': 5, 'D_layer_units_exponent_3': 5, 'D_layer_units_exponent_4': 7, 'D_layer_units_exponent_5': 9, 'D_layer_units_exponent_6': 8, 'log_learning_rate': -4.431674996732223, 'log_learning_rate_D': -2.8540020730434397, 'training_batch_size': 9, 'training_p': 7}
	 epoch  0 training error:  tensor(1.0036, device='cuda:0', grad_fn=<DivBackward0>)
Memory status after this epoch: 
Memory allocated:  7.84375
Memory cached:  18.0
	 epoch  10 training error:  tensor(0.9877, device='cuda:0', grad_fn=<DivBackward0>)
Memory status after this epoch: 
Memory allocated:  7.84375
Memory cached:  22.0
	 epoch  20 training error:  tensor(0.9766, device='cuda:0', grad_fn=<DivBackward0>)
Memory status after this epoch: 
Memory allocated:  7.84375
Memory cached:  20.0
	 epoch  30 training error:  tensor(0.9627, device='cuda:0', grad_fn=<DivBackward0>)
Memory status after this epoch: 
Memory allocated:  7.84375
Memory cached:  20.0
	 epoch  40 training error:  tensor(0.9455, device='cuda:0', grad_fn=<DivBackward0>)
Memory status after this epoch: 
Memory allocated:  7.84375
Memory cached:  20.0
	 epoch  50 training error:  tensor(0.9238, device='cuda:0', grad_fn=<DivBackward0>)
Memory status after this epoch: 
Memory allocated:  7.84375
Memory cached:  20.0
	 epoch  60 training error:  tensor(0.8964, device='cuda:0', grad_fn=<DivBackward0>)
Memory status after this epoch: 
Memory allocated:  7.84375
Memory cached:  20.0
	 epoch  70 training error:  tensor(0.8613, device='cuda:0', grad_fn=<DivBackward0>)
Memory status after this epoch: 
Memory allocated:  7.84375
Memory cached:  20.0
	 epoch  80 training error:  tensor(0.8165, device='cuda:0', grad_fn=<DivBackward0>)
Memory status after this epoch: 
Memory allocated:  7.84375
Memory cached:  20.0
	 epoch  90 training error:  tensor(0.7592, device='cuda:0', grad_fn=<DivBackward0>)
Memory status after this epoch: 
Memory allocated:  7.84375
Memory cached:  20.0
[I 2023-11-01 14:52:51,636] Trial 36 finished with value: 0.6569439768791199 and parameters: {'W_layers': 7, 'W_layer_units_exponent_0': 5, 'W_layer_units_exponent_1': 5, 'W_layer_units_exponent_2': 5, 'W_layer_units_exponent_3': 8, 'W_layer_units_exponent_4': 5, 'W_layer_units_exponent_5': 7, 'W_layer_units_exponent_6': 5, 'D_layers': 7, 'D_layer_units_exponent_0': 9, 'D_layer_units_exponent_1': 9, 'D_layer_units_exponent_2': 5, 'D_layer_units_exponent_3': 5, 'D_layer_units_exponent_4': 7, 'D_layer_units_exponent_5': 9, 'D_layer_units_exponent_6': 8, 'log_learning_rate': -4.431674996732223, 'log_learning_rate_D': -2.8540020730434397, 'training_batch_size': 9, 'training_p': 7}. Best is trial 32 with value: 0.22594527900218964.
Time for this trial:  173.5913336277008
Memory status after this trial: 
Memory allocated:  138.5146484375
Memory cached:  144.0
--------------------  Trial  37   --------------------
Start timing: 
Parameters: 
{'W_layers': 6, 'W_layer_units_exponent_0': 4, 'W_layer_units_exponent_1': 7, 'W_layer_units_exponent_2': 4, 'W_layer_units_exponent_3': 5, 'W_layer_units_exponent_4': 9, 'W_layer_units_exponent_5': 6, 'D_layers': 6, 'D_layer_units_exponent_0': 8, 'D_layer_units_exponent_1': 7, 'D_layer_units_exponent_2': 4, 'D_layer_units_exponent_3': 6, 'D_layer_units_exponent_4': 8, 'D_layer_units_exponent_5': 5, 'log_learning_rate': -3.7675838642893016, 'log_learning_rate_D': -2.57065578181262, 'training_batch_size': 12, 'training_p': 8}
	 epoch  0 training error:  tensor(1.0250, device='cuda:0', grad_fn=<DivBackward0>)
Memory status after this epoch: 
Memory allocated:  1.826171875
Memory cached:  10.0
	 epoch  10 training error:  tensor(0.8988, device='cuda:0', grad_fn=<DivBackward0>)
Memory status after this epoch: 
Memory allocated:  1.826171875
Memory cached:  16.0
	 epoch  20 training error:  tensor(0.6606, device='cuda:0', grad_fn=<DivBackward0>)
Memory status after this epoch: 
Memory allocated:  1.826171875
Memory cached:  16.0
	 epoch  30 training error:  tensor(0.2899, device='cuda:0', grad_fn=<DivBackward0>)
Memory status after this epoch: 
Memory allocated:  1.826171875
Memory cached:  18.0
	 epoch  40 training error:  tensor(0.2690, device='cuda:0', grad_fn=<DivBackward0>)
Memory status after this epoch: 
Memory allocated:  1.826171875
Memory cached:  18.0
	 epoch  50 training error:  tensor(0.2607, device='cuda:0', grad_fn=<DivBackward0>)
Memory status after this epoch: 
Memory allocated:  1.826171875
Memory cached:  18.0
	 epoch  60 training error:  tensor(0.2604, device='cuda:0', grad_fn=<DivBackward0>)
Memory status after this epoch: 
Memory allocated:  1.826171875
Memory cached:  18.0
	 epoch  70 training error:  tensor(0.2603, device='cuda:0', grad_fn=<DivBackward0>)
Memory status after this epoch: 
Memory allocated:  1.826171875
Memory cached:  18.0
	 epoch  80 training error:  tensor(0.2603, device='cuda:0', grad_fn=<DivBackward0>)
Memory status after this epoch: 
Memory allocated:  1.826171875
Memory cached:  18.0
	 epoch  90 training error:  tensor(0.2603, device='cuda:0', grad_fn=<DivBackward0>)
Memory status after this epoch: 
Memory allocated:  1.826171875
Memory cached:  16.0
[I 2023-11-01 14:55:22,827] Trial 37 finished with value: 0.22931699454784393 and parameters: {'W_layers': 6, 'W_layer_units_exponent_0': 4, 'W_layer_units_exponent_1': 7, 'W_layer_units_exponent_2': 4, 'W_layer_units_exponent_3': 5, 'W_layer_units_exponent_4': 9, 'W_layer_units_exponent_5': 6, 'D_layers': 6, 'D_layer_units_exponent_0': 8, 'D_layer_units_exponent_1': 7, 'D_layer_units_exponent_2': 4, 'D_layer_units_exponent_3': 6, 'D_layer_units_exponent_4': 8, 'D_layer_units_exponent_5': 5, 'log_learning_rate': -3.7675838642893016, 'log_learning_rate_D': -2.57065578181262, 'training_batch_size': 12, 'training_p': 8}. Best is trial 32 with value: 0.22594527900218964.
Time for this trial:  150.9340305328369
Memory status after this trial: 
Memory allocated:  82.841796875
Memory cached:  84.0
--------------------  Trial  38   --------------------
Start timing: 
Parameters: 
{'W_layers': 2, 'W_layer_units_exponent_0': 5, 'W_layer_units_exponent_1': 4, 'D_layers': 4, 'D_layer_units_exponent_0': 8, 'D_layer_units_exponent_1': 6, 'D_layer_units_exponent_2': 5, 'D_layer_units_exponent_3': 6, 'log_learning_rate': -3.6798130893054695, 'log_learning_rate_D': -2.1958137926508563, 'training_batch_size': 9, 'training_p': 7}
	 epoch  0 training error:  tensor(1.0650, device='cuda:0', grad_fn=<DivBackward0>)
Memory status after this epoch: 
Memory allocated:  0.384765625
Memory cached:  4.0
	 epoch  10 training error:  tensor(0.7885, device='cuda:0', grad_fn=<DivBackward0>)
Memory status after this epoch: 
Memory allocated:  0.384765625
Memory cached:  4.0
	 epoch  20 training error:  tensor(0.7564, device='cuda:0', grad_fn=<DivBackward0>)
Memory status after this epoch: 
Memory allocated:  0.384765625
Memory cached:  4.0
	 epoch  30 training error:  tensor(0.6955, device='cuda:0', grad_fn=<DivBackward0>)
Memory status after this epoch: 
Memory allocated:  0.384765625
Memory cached:  4.0
	 epoch  40 training error:  tensor(0.6604, device='cuda:0', grad_fn=<DivBackward0>)
Memory status after this epoch: 
Memory allocated:  0.384765625
Memory cached:  4.0
	 epoch  50 training error:  tensor(0.6114, device='cuda:0', grad_fn=<DivBackward0>)
Memory status after this epoch: 
Memory allocated:  0.384765625
Memory cached:  4.0
	 epoch  60 training error:  tensor(0.5413, device='cuda:0', grad_fn=<DivBackward0>)
Memory status after this epoch: 
Memory allocated:  0.384765625
Memory cached:  4.0
	 epoch  70 training error:  tensor(0.4153, device='cuda:0', grad_fn=<DivBackward0>)
Memory status after this epoch: 
Memory allocated:  0.384765625
Memory cached:  4.0
	 epoch  80 training error:  tensor(0.3595, device='cuda:0', grad_fn=<DivBackward0>)
Memory status after this epoch: 
Memory allocated:  0.384765625
Memory cached:  4.0
	 epoch  90 training error:  tensor(0.3186, device='cuda:0', grad_fn=<DivBackward0>)
Memory status after this epoch: 
Memory allocated:  0.384765625
Memory cached:  4.0
