/home/shengduo/anaconda3/lib/python3.9/site-packages/scipy/__init__.py:146: UserWarning: A NumPy version >=1.16.5 and <1.23.0 is required for this version of SciPy (detected version 1.24.1
  warnings.warn(f"A NumPy version >={np_minversion} and <{np_maxversion}"
[I 2023-11-06 11:06:55,519] A new study created in memory with name: no-name-2699ad0b-5177-4a7f-8a71-69f37cbef2c6
Cuda is available:  True
Device is:  cuda:0
Memory allocated:  0.0
Memory cached:  0.0
Vs.shape:  torch.Size([100, 100])
thetas.shape:  torch.Size([100, 100])
fs.shape:  torch.Size([100, 100])
ts.shape:  torch.Size([100, 100])
Xs.shape:  torch.Size([100, 100])
--------------------  Trial  0   --------------------
Start timing: 
Parameters: 
{'W_layers': 5, 'W_layer_units_exponent_0': 10, 'W_layer_units_exponent_1': 7, 'W_layer_units_exponent_2': 8, 'W_layer_units_exponent_3': 8, 'W_layer_units_exponent_4': 5, 'D_layers': 4, 'D_layer_units_exponent_0': 9, 'D_layer_units_exponent_1': 4, 'D_layer_units_exponent_2': 5, 'D_layer_units_exponent_3': 6, 'D_dagger_layers': 2, 'D_dagger_layer_units_exponent_0': 8, 'D_dagger_layer_units_exponent_1': 9, 'log_learning_rate': -1.1749276371474582, 'log_learning_rate_D': -1.9607505448746627, 'log_learning_rate_D_dagger': -3.7011121847160697, 'training_batch_size': 11, 'training_p': 2}
	 epoch  0 training error:  tensor(0.3073, device='cuda:0', grad_fn=<DivBackward0>)
Memory status after this epoch: 
Memory allocated:  6.01416015625
Memory cached:  120.0
	 epoch  10 training error:  tensor(0.5823, device='cuda:0', grad_fn=<DivBackward0>)
Memory status after this epoch: 
Memory allocated:  6.01416015625
Memory cached:  210.0
	 epoch  20 training error:  tensor(0.2527, device='cuda:0', grad_fn=<DivBackward0>)
Memory status after this epoch: 
Memory allocated:  6.01416015625
Memory cached:  206.0
	 epoch  30 training error:  tensor(0.0692, device='cuda:0', grad_fn=<DivBackward0>)
Memory status after this epoch: 
Memory allocated:  6.01416015625
Memory cached:  204.0
	 epoch  40 training error:  tensor(0.1058, device='cuda:0', grad_fn=<DivBackward0>)
Memory status after this epoch: 
Memory allocated:  6.01416015625
Memory cached:  202.0
	 epoch  50 training error:  tensor(0.0577, device='cuda:0', grad_fn=<DivBackward0>)
Memory status after this epoch: 
Memory allocated:  6.01416015625
Memory cached:  204.0
	 epoch  60 training error:  tensor(0.0532, device='cuda:0', grad_fn=<DivBackward0>)
Memory status after this epoch: 
Memory allocated:  6.01416015625
Memory cached:  206.0
	 epoch  70 training error:  tensor(0.0559, device='cuda:0', grad_fn=<DivBackward0>)
Memory status after this epoch: 
Memory allocated:  6.01416015625
Memory cached:  192.0
	 epoch  80 training error:  tensor(0.0519, device='cuda:0', grad_fn=<DivBackward0>)
Memory status after this epoch: 
Memory allocated:  6.01416015625
Memory cached:  206.0
	 epoch  90 training error:  tensor(0.0506, device='cuda:0', grad_fn=<DivBackward0>)
Memory status after this epoch: 
Memory allocated:  6.01416015625
Memory cached:  200.0
[I 2023-11-06 11:09:47,510] Trial 0 finished with value: 0.054237622767686844 and parameters: {'W_layers': 5, 'W_layer_units_exponent_0': 10, 'W_layer_units_exponent_1': 7, 'W_layer_units_exponent_2': 8, 'W_layer_units_exponent_3': 8, 'W_layer_units_exponent_4': 5, 'D_layers': 4, 'D_layer_units_exponent_0': 9, 'D_layer_units_exponent_1': 4, 'D_layer_units_exponent_2': 5, 'D_layer_units_exponent_3': 6, 'D_dagger_layers': 2, 'D_dagger_layer_units_exponent_0': 8, 'D_dagger_layer_units_exponent_1': 9, 'log_learning_rate': -1.1749276371474582, 'log_learning_rate_D': -1.9607505448746627, 'log_learning_rate_D_dagger': -3.7011121847160697, 'training_batch_size': 11, 'training_p': 2}. Best is trial 0 with value: 0.054237622767686844.
Time for this trial:  171.87463521957397
Memory status after this trial: 
Memory allocated:  168.69384765625
Memory cached:  172.0
--------------------  Trial  1   --------------------
Start timing: 
Parameters: 
{'W_layers': 5, 'W_layer_units_exponent_0': 10, 'W_layer_units_exponent_1': 10, 'W_layer_units_exponent_2': 10, 'W_layer_units_exponent_3': 5, 'W_layer_units_exponent_4': 5, 'D_layers': 3, 'D_layer_units_exponent_0': 5, 'D_layer_units_exponent_1': 9, 'D_layer_units_exponent_2': 7, 'D_dagger_layers': 4, 'D_dagger_layer_units_exponent_0': 5, 'D_dagger_layer_units_exponent_1': 9, 'D_dagger_layer_units_exponent_2': 5, 'D_dagger_layer_units_exponent_3': 5, 'log_learning_rate': -4.677090616546124, 'log_learning_rate_D': -4.870581820638659, 'log_learning_rate_D_dagger': -3.9533896730556712, 'training_batch_size': 11, 'training_p': 8}
	 epoch  0 training error:  tensor(0.9357, device='cuda:0', grad_fn=<DivBackward0>)
Memory status after this epoch: 
Memory allocated:  34.51611328125
Memory cached:  144.0
	 epoch  10 training error:  tensor(0.2155, device='cuda:0', grad_fn=<DivBackward0>)
Memory status after this epoch: 
Memory allocated:  34.51611328125
Memory cached:  204.0
	 epoch  20 training error:  tensor(0.1628, device='cuda:0', grad_fn=<DivBackward0>)
Memory status after this epoch: 
Memory allocated:  34.51611328125
Memory cached:  210.0
	 epoch  30 training error:  tensor(0.1011, device='cuda:0', grad_fn=<DivBackward0>)
Memory status after this epoch: 
Memory allocated:  34.51611328125
Memory cached:  210.0
	 epoch  40 training error:  tensor(0.0915, device='cuda:0', grad_fn=<DivBackward0>)
Memory status after this epoch: 
Memory allocated:  34.51611328125
Memory cached:  216.0
	 epoch  50 training error:  tensor(0.0832, device='cuda:0', grad_fn=<DivBackward0>)
Memory status after this epoch: 
Memory allocated:  34.51611328125
Memory cached:  202.0
	 epoch  60 training error:  tensor(0.0771, device='cuda:0', grad_fn=<DivBackward0>)
Memory status after this epoch: 
Memory allocated:  34.51611328125
Memory cached:  204.0
	 epoch  70 training error:  tensor(0.0691, device='cuda:0', grad_fn=<DivBackward0>)
Memory status after this epoch: 
Memory allocated:  34.51611328125
Memory cached:  212.0
	 epoch  80 training error:  tensor(0.0574, device='cuda:0', grad_fn=<DivBackward0>)
Memory status after this epoch: 
Memory allocated:  34.51611328125
Memory cached:  206.0
	 epoch  90 training error:  tensor(0.0522, device='cuda:0', grad_fn=<DivBackward0>)
Memory status after this epoch: 
Memory allocated:  34.51611328125
Memory cached:  210.0
[I 2023-11-06 11:12:55,226] Trial 1 finished with value: 0.03940999507904053 and parameters: {'W_layers': 5, 'W_layer_units_exponent_0': 10, 'W_layer_units_exponent_1': 10, 'W_layer_units_exponent_2': 10, 'W_layer_units_exponent_3': 5, 'W_layer_units_exponent_4': 5, 'D_layers': 3, 'D_layer_units_exponent_0': 5, 'D_layer_units_exponent_1': 9, 'D_layer_units_exponent_2': 7, 'D_dagger_layers': 4, 'D_dagger_layer_units_exponent_0': 5, 'D_dagger_layer_units_exponent_1': 9, 'D_dagger_layer_units_exponent_2': 5, 'D_dagger_layer_units_exponent_3': 5, 'log_learning_rate': -4.677090616546124, 'log_learning_rate_D': -4.870581820638659, 'log_learning_rate_D_dagger': -3.9533896730556712, 'training_batch_size': 11, 'training_p': 8}. Best is trial 1 with value: 0.03940999507904053.
Time for this trial:  187.56224727630615
Memory status after this trial: 
Memory allocated:  253.6728515625
Memory cached:  280.0
--------------------  Trial  2   --------------------
Start timing: 
Parameters: 
{'W_layers': 3, 'W_layer_units_exponent_0': 4, 'W_layer_units_exponent_1': 10, 'W_layer_units_exponent_2': 8, 'D_layers': 7, 'D_layer_units_exponent_0': 6, 'D_layer_units_exponent_1': 4, 'D_layer_units_exponent_2': 9, 'D_layer_units_exponent_3': 6, 'D_layer_units_exponent_4': 10, 'D_layer_units_exponent_5': 6, 'D_layer_units_exponent_6': 9, 'D_dagger_layers': 6, 'D_dagger_layer_units_exponent_0': 8, 'D_dagger_layer_units_exponent_1': 10, 'D_dagger_layer_units_exponent_2': 6, 'D_dagger_layer_units_exponent_3': 8, 'D_dagger_layer_units_exponent_4': 10, 'D_dagger_layer_units_exponent_5': 4, 'log_learning_rate': -3.094941985148592, 'log_learning_rate_D': -2.250354369625608, 'log_learning_rate_D_dagger': -1.60626805196382, 'training_batch_size': 8, 'training_p': 2}
	 epoch  0 training error:  tensor(1.2379, device='cuda:0', grad_fn=<DivBackward0>)
Memory status after this epoch: 
Memory allocated:  17.13330078125
Memory cached:  130.0
	 epoch  10 training error:  tensor(0.9961, device='cuda:0', grad_fn=<DivBackward0>)
Memory status after this epoch: 
Memory allocated:  17.13330078125
Memory cached:  292.0
	 epoch  20 training error:  tensor(1.0000, device='cuda:0', grad_fn=<DivBackward0>)
Memory status after this epoch: 
Memory allocated:  17.13330078125
Memory cached:  302.0
	 epoch  30 training error:  tensor(1.0000, device='cuda:0', grad_fn=<DivBackward0>)
Memory status after this epoch: 
Memory allocated:  17.13330078125
Memory cached:  306.0
	 epoch  40 training error:  tensor(1.0000, device='cuda:0', grad_fn=<DivBackward0>)
Memory status after this epoch: 
Memory allocated:  17.13330078125
Memory cached:  306.0
	 epoch  50 training error:  tensor(1.0000, device='cuda:0', grad_fn=<DivBackward0>)
Memory status after this epoch: 
Memory allocated:  17.13330078125
Memory cached:  304.0
	 epoch  60 training error:  tensor(1.0000, device='cuda:0', grad_fn=<DivBackward0>)
Memory status after this epoch: 
Memory allocated:  17.13330078125
Memory cached:  302.0
	 epoch  70 training error:  tensor(1.0000, device='cuda:0', grad_fn=<DivBackward0>)
Memory status after this epoch: 
Memory allocated:  17.13330078125
Memory cached:  300.0
	 epoch  80 training error:  tensor(1.0000, device='cuda:0', grad_fn=<DivBackward0>)
Memory status after this epoch: 
Memory allocated:  17.13330078125
Memory cached:  298.0
	 epoch  90 training error:  tensor(1.0000, device='cuda:0', grad_fn=<DivBackward0>)
Memory status after this epoch: 
Memory allocated:  17.13330078125
Memory cached:  304.0
[I 2023-11-06 11:16:42,857] Trial 2 finished with value: 0.9999971389770508 and parameters: {'W_layers': 3, 'W_layer_units_exponent_0': 4, 'W_layer_units_exponent_1': 10, 'W_layer_units_exponent_2': 8, 'D_layers': 7, 'D_layer_units_exponent_0': 6, 'D_layer_units_exponent_1': 4, 'D_layer_units_exponent_2': 9, 'D_layer_units_exponent_3': 6, 'D_layer_units_exponent_4': 10, 'D_layer_units_exponent_5': 6, 'D_layer_units_exponent_6': 9, 'D_dagger_layers': 6, 'D_dagger_layer_units_exponent_0': 8, 'D_dagger_layer_units_exponent_1': 10, 'D_dagger_layer_units_exponent_2': 6, 'D_dagger_layer_units_exponent_3': 8, 'D_dagger_layer_units_exponent_4': 10, 'D_dagger_layer_units_exponent_5': 4, 'log_learning_rate': -3.094941985148592, 'log_learning_rate_D': -2.250354369625608, 'log_learning_rate_D_dagger': -1.60626805196382, 'training_batch_size': 8, 'training_p': 2}. Best is trial 1 with value: 0.03940999507904053.
Time for this trial:  227.46803617477417
Memory status after this trial: 
Memory allocated:  339.4951171875
Memory cached:  350.0
--------------------  Trial  3   --------------------
Start timing: 
Parameters: 
{'W_layers': 3, 'W_layer_units_exponent_0': 6, 'W_layer_units_exponent_1': 7, 'W_layer_units_exponent_2': 10, 'D_layers': 6, 'D_layer_units_exponent_0': 7, 'D_layer_units_exponent_1': 7, 'D_layer_units_exponent_2': 9, 'D_layer_units_exponent_3': 7, 'D_layer_units_exponent_4': 9, 'D_layer_units_exponent_5': 8, 'D_dagger_layers': 5, 'D_dagger_layer_units_exponent_0': 5, 'D_dagger_layer_units_exponent_1': 8, 'D_dagger_layer_units_exponent_2': 5, 'D_dagger_layer_units_exponent_3': 4, 'D_dagger_layer_units_exponent_4': 10, 'log_learning_rate': -4.680131051288705, 'log_learning_rate_D': -1.917916336080192, 'log_learning_rate_D_dagger': -1.1002356951725534, 'training_batch_size': 9, 'training_p': 5}
	 epoch  0 training error:  tensor(1.1154, device='cuda:0', grad_fn=<DivBackward0>)
Memory status after this epoch: 
Memory allocated:  8.11181640625
Memory cached:  156.0
	 epoch  10 training error:  tensor(0.9759, device='cuda:0', grad_fn=<DivBackward0>)
Memory status after this epoch: 
Memory allocated:  8.11181640625
Memory cached:  248.0
	 epoch  20 training error:  tensor(0.5995, device='cuda:0', grad_fn=<DivBackward0>)
Memory status after this epoch: 
Memory allocated:  8.11181640625
Memory cached:  256.0
	 epoch  30 training error:  tensor(0.1984, device='cuda:0', grad_fn=<DivBackward0>)
Memory status after this epoch: 
Memory allocated:  8.11181640625
Memory cached:  246.0
	 epoch  40 training error:  tensor(0.1857, device='cuda:0', grad_fn=<DivBackward0>)
Memory status after this epoch: 
Memory allocated:  8.11181640625
Memory cached:  262.0
	 epoch  50 training error:  tensor(0.1034, device='cuda:0', grad_fn=<DivBackward0>)
Memory status after this epoch: 
Memory allocated:  8.11181640625
Memory cached:  268.0
	 epoch  60 training error:  tensor(0.1036, device='cuda:0', grad_fn=<DivBackward0>)
Memory status after this epoch: 
Memory allocated:  8.11181640625
Memory cached:  256.0
	 epoch  70 training error:  tensor(0.1035, device='cuda:0', grad_fn=<DivBackward0>)
Memory status after this epoch: 
Memory allocated:  8.11181640625
Memory cached:  268.0
	 epoch  80 training error:  tensor(0.1027, device='cuda:0', grad_fn=<DivBackward0>)
Memory status after this epoch: 
Memory allocated:  8.11181640625
Memory cached:  272.0
	 epoch  90 training error:  tensor(0.1023, device='cuda:0', grad_fn=<DivBackward0>)
Memory status after this epoch: 
Memory allocated:  8.11181640625
Memory cached:  264.0
[I 2023-11-06 11:20:03,771] Trial 3 finished with value: 0.08691179007291794 and parameters: {'W_layers': 3, 'W_layer_units_exponent_0': 6, 'W_layer_units_exponent_1': 7, 'W_layer_units_exponent_2': 10, 'D_layers': 6, 'D_layer_units_exponent_0': 7, 'D_layer_units_exponent_1': 7, 'D_layer_units_exponent_2': 9, 'D_layer_units_exponent_3': 7, 'D_layer_units_exponent_4': 9, 'D_layer_units_exponent_5': 8, 'D_dagger_layers': 5, 'D_dagger_layer_units_exponent_0': 5, 'D_dagger_layer_units_exponent_1': 8, 'D_dagger_layer_units_exponent_2': 5, 'D_dagger_layer_units_exponent_3': 4, 'D_dagger_layer_units_exponent_4': 10, 'log_learning_rate': -4.680131051288705, 'log_learning_rate_D': -1.917916336080192, 'log_learning_rate_D_dagger': -1.1002356951725534, 'training_batch_size': 9, 'training_p': 5}. Best is trial 1 with value: 0.03940999507904053.
Time for this trial:  200.74609851837158
Memory status after this trial: 
Memory allocated:  230.71240234375
Memory cached:  236.0
--------------------  Trial  4   --------------------
Start timing: 
Parameters: 
{'W_layers': 2, 'W_layer_units_exponent_0': 10, 'W_layer_units_exponent_1': 6, 'D_layers': 3, 'D_layer_units_exponent_0': 8, 'D_layer_units_exponent_1': 9, 'D_layer_units_exponent_2': 9, 'D_dagger_layers': 8, 'D_dagger_layer_units_exponent_0': 4, 'D_dagger_layer_units_exponent_1': 4, 'D_dagger_layer_units_exponent_2': 5, 'D_dagger_layer_units_exponent_3': 9, 'D_dagger_layer_units_exponent_4': 10, 'D_dagger_layer_units_exponent_5': 8, 'D_dagger_layer_units_exponent_6': 4, 'D_dagger_layer_units_exponent_7': 9, 'log_learning_rate': -1.4550264597366969, 'log_learning_rate_D': -3.6870513760497095, 'log_learning_rate_D_dagger': -1.0430854368212237, 'training_batch_size': 11, 'training_p': 4}
	 epoch  0 training error:  tensor(1.4637, device='cuda:0', grad_fn=<DivBackward0>)
Memory status after this epoch: 
Memory allocated:  19.70166015625
Memory cached:  188.0
	 epoch  10 training error:  tensor(1.0000, device='cuda:0', grad_fn=<DivBackward0>)
Memory status after this epoch: 
Memory allocated:  19.70166015625
Memory cached:  296.0
	 epoch  20 training error:  tensor(1., device='cuda:0', grad_fn=<DivBackward0>)
Memory status after this epoch: 
Memory allocated:  19.70166015625
Memory cached:  298.0
	 epoch  30 training error:  tensor(1., device='cuda:0', grad_fn=<DivBackward0>)
Memory status after this epoch: 
Memory allocated:  19.70166015625
Memory cached:  296.0
	 epoch  40 training error:  tensor(1., device='cuda:0', grad_fn=<DivBackward0>)
Memory status after this epoch: 
Memory allocated:  19.70166015625
Memory cached:  306.0
	 epoch  50 training error:  tensor(1., device='cuda:0', grad_fn=<DivBackward0>)
Memory status after this epoch: 
Memory allocated:  19.70166015625
Memory cached:  306.0
	 epoch  60 training error:  tensor(1., device='cuda:0', grad_fn=<DivBackward0>)
Memory status after this epoch: 
Memory allocated:  19.70166015625
Memory cached:  306.0
	 epoch  70 training error:  tensor(1., device='cuda:0', grad_fn=<DivBackward0>)
Memory status after this epoch: 
Memory allocated:  19.70166015625
Memory cached:  302.0
	 epoch  80 training error:  tensor(1., device='cuda:0', grad_fn=<DivBackward0>)
Memory status after this epoch: 
Memory allocated:  19.70166015625
Memory cached:  312.0
	 epoch  90 training error:  tensor(1., device='cuda:0', grad_fn=<DivBackward0>)
Memory status after this epoch: 
Memory allocated:  19.70166015625
Memory cached:  296.0
[I 2023-11-06 11:23:17,415] Trial 4 finished with value: 1.0 and parameters: {'W_layers': 2, 'W_layer_units_exponent_0': 10, 'W_layer_units_exponent_1': 6, 'D_layers': 3, 'D_layer_units_exponent_0': 8, 'D_layer_units_exponent_1': 9, 'D_layer_units_exponent_2': 9, 'D_dagger_layers': 8, 'D_dagger_layer_units_exponent_0': 4, 'D_dagger_layer_units_exponent_1': 4, 'D_dagger_layer_units_exponent_2': 5, 'D_dagger_layer_units_exponent_3': 9, 'D_dagger_layer_units_exponent_4': 10, 'D_dagger_layer_units_exponent_5': 8, 'D_dagger_layer_units_exponent_6': 4, 'D_dagger_layer_units_exponent_7': 9, 'log_learning_rate': -1.4550264597366969, 'log_learning_rate_D': -3.6870513760497095, 'log_learning_rate_D_dagger': -1.0430854368212237, 'training_batch_size': 11, 'training_p': 4}. Best is trial 1 with value: 0.03940999507904053.
Time for this trial:  193.4546504020691
Memory status after this trial: 
Memory allocated:  264.39794921875
Memory cached:  288.0
--------------------  Trial  5   --------------------
Start timing: 
Parameters: 
{'W_layers': 2, 'W_layer_units_exponent_0': 7, 'W_layer_units_exponent_1': 9, 'D_layers': 3, 'D_layer_units_exponent_0': 10, 'D_layer_units_exponent_1': 6, 'D_layer_units_exponent_2': 10, 'D_dagger_layers': 3, 'D_dagger_layer_units_exponent_0': 4, 'D_dagger_layer_units_exponent_1': 6, 'D_dagger_layer_units_exponent_2': 8, 'log_learning_rate': -3.4722945063283195, 'log_learning_rate_D': -3.314836892967941, 'log_learning_rate_D_dagger': -3.3921791120356786, 'training_batch_size': 8, 'training_p': 6}
	 epoch  0 training error:  tensor(1.7660, device='cuda:0', grad_fn=<DivBackward0>)
Memory status after this epoch: 
Memory allocated:  3.48291015625
Memory cached:  140.0
	 epoch  10 training error:  tensor(0.1841, device='cuda:0', grad_fn=<DivBackward0>)
Memory status after this epoch: 
Memory allocated:  3.48291015625
Memory cached:  204.0
	 epoch  20 training error:  tensor(0.1604, device='cuda:0', grad_fn=<DivBackward0>)
Memory status after this epoch: 
Memory allocated:  3.48291015625
Memory cached:  204.0
	 epoch  30 training error:  tensor(0.0653, device='cuda:0', grad_fn=<DivBackward0>)
Memory status after this epoch: 
Memory allocated:  3.48291015625
Memory cached:  204.0
	 epoch  40 training error:  tensor(0.1083, device='cuda:0', grad_fn=<DivBackward0>)
Memory status after this epoch: 
Memory allocated:  3.48291015625
Memory cached:  210.0
	 epoch  50 training error:  tensor(0.1132, device='cuda:0', grad_fn=<DivBackward0>)
Memory status after this epoch: 
Memory allocated:  3.48291015625
Memory cached:  202.0
	 epoch  60 training error:  tensor(0.0763, device='cuda:0', grad_fn=<DivBackward0>)
Memory status after this epoch: 
Memory allocated:  3.48291015625
Memory cached:  206.0
	 epoch  70 training error:  tensor(0.0936, device='cuda:0', grad_fn=<DivBackward0>)
Memory status after this epoch: 
Memory allocated:  3.48291015625
Memory cached:  196.0
	 epoch  80 training error:  tensor(0.1043, device='cuda:0', grad_fn=<DivBackward0>)
Memory status after this epoch: 
Memory allocated:  3.48291015625
Memory cached:  206.0
	 epoch  90 training error:  tensor(0.0770, device='cuda:0', grad_fn=<DivBackward0>)
Memory status after this epoch: 
Memory allocated:  3.48291015625
Memory cached:  208.0
