[I 2023-11-01 19:53:35,881] Trial 45 finished with value: 0.22886991500854492 and parameters: {'W_layers': 6, 'W_layer_units_exponent_0': 7, 'W_layer_units_exponent_1': 7, 'W_layer_units_exponent_2': 6, 'W_layer_units_exponent_3': 8, 'W_layer_units_exponent_4': 8, 'W_layer_units_exponent_5': 10, 'D_layers': 4, 'D_layer_units_exponent_0': 7, 'D_layer_units_exponent_1': 6, 'D_layer_units_exponent_2': 9, 'D_layer_units_exponent_3': 6, 'log_learning_rate': -4.276101780775491, 'log_learning_rate_D': -4.892779217042203, 'training_batch_size': 9, 'training_p': 7}. Best is trial 25 with value: 0.22056566178798676.
Time for this trial:  148.52248668670654
Memory status after this trial: 
Memory allocated:  143.91015625
Memory cached:  148.0
--------------------  Trial  46   --------------------
Start timing: 
Parameters: 
{'W_layers': 5, 'W_layer_units_exponent_0': 9, 'W_layer_units_exponent_1': 7, 'W_layer_units_exponent_2': 5, 'W_layer_units_exponent_3': 8, 'W_layer_units_exponent_4': 9, 'D_layers': 7, 'D_layer_units_exponent_0': 7, 'D_layer_units_exponent_1': 6, 'D_layer_units_exponent_2': 8, 'D_layer_units_exponent_3': 8, 'D_layer_units_exponent_4': 7, 'D_layer_units_exponent_5': 6, 'D_layer_units_exponent_6': 8, 'log_learning_rate': -4.783641924899334, 'log_learning_rate_D': -4.07929286713006, 'training_batch_size': 7, 'training_p': 8}
	 epoch  0 training error:  tensor(1.0307, device='cuda:0', grad_fn=<DivBackward0>)
Memory status after this epoch: 
Memory allocated:  5.6181640625
Memory cached:  14.0
	 epoch  10 training error:  tensor(0.9733, device='cuda:0', grad_fn=<DivBackward0>)
Memory status after this epoch: 
Memory allocated:  5.6181640625
Memory cached:  16.0
	 epoch  20 training error:  tensor(0.9173, device='cuda:0', grad_fn=<DivBackward0>)
Memory status after this epoch: 
Memory allocated:  5.6181640625
Memory cached:  16.0
	 epoch  30 training error:  tensor(0.8500, device='cuda:0', grad_fn=<DivBackward0>)
Memory status after this epoch: 
Memory allocated:  5.6181640625
Memory cached:  16.0
	 epoch  40 training error:  tensor(0.7605, device='cuda:0', grad_fn=<DivBackward0>)
Memory status after this epoch: 
Memory allocated:  5.6181640625
Memory cached:  16.0
	 epoch  50 training error:  tensor(0.6372, device='cuda:0', grad_fn=<DivBackward0>)
Memory status after this epoch: 
Memory allocated:  5.6181640625
Memory cached:  16.0
	 epoch  60 training error:  tensor(0.4802, device='cuda:0', grad_fn=<DivBackward0>)
Memory status after this epoch: 
Memory allocated:  5.6181640625
Memory cached:  16.0
	 epoch  70 training error:  tensor(0.2941, device='cuda:0', grad_fn=<DivBackward0>)
Memory status after this epoch: 
Memory allocated:  5.6181640625
Memory cached:  16.0
	 epoch  80 training error:  tensor(0.2867, device='cuda:0', grad_fn=<DivBackward0>)
Memory status after this epoch: 
Memory allocated:  5.6181640625
Memory cached:  16.0
	 epoch  90 training error:  tensor(0.2606, device='cuda:0', grad_fn=<DivBackward0>)
Memory status after this epoch: 
Memory allocated:  5.6181640625
Memory cached:  16.0
[I 2023-11-01 19:56:14,618] Trial 46 finished with value: 0.2380537986755371 and parameters: {'W_layers': 5, 'W_layer_units_exponent_0': 9, 'W_layer_units_exponent_1': 7, 'W_layer_units_exponent_2': 5, 'W_layer_units_exponent_3': 8, 'W_layer_units_exponent_4': 9, 'D_layers': 7, 'D_layer_units_exponent_0': 7, 'D_layer_units_exponent_1': 6, 'D_layer_units_exponent_2': 8, 'D_layer_units_exponent_3': 8, 'D_layer_units_exponent_4': 7, 'D_layer_units_exponent_5': 6, 'D_layer_units_exponent_6': 8, 'log_learning_rate': -4.783641924899334, 'log_learning_rate_D': -4.07929286713006, 'training_batch_size': 7, 'training_p': 8}. Best is trial 25 with value: 0.22056566178798676.
Time for this trial:  158.44833374023438
Memory status after this trial: 
Memory allocated:  141.36328125
Memory cached:  146.0
--------------------  Trial  47   --------------------
Start timing: 
Parameters: 
{'W_layers': 5, 'W_layer_units_exponent_0': 8, 'W_layer_units_exponent_1': 6, 'W_layer_units_exponent_2': 6, 'W_layer_units_exponent_3': 9, 'W_layer_units_exponent_4': 8, 'D_layers': 7, 'D_layer_units_exponent_0': 9, 'D_layer_units_exponent_1': 7, 'D_layer_units_exponent_2': 9, 'D_layer_units_exponent_3': 7, 'D_layer_units_exponent_4': 8, 'D_layer_units_exponent_5': 4, 'D_layer_units_exponent_6': 5, 'log_learning_rate': -4.53247576063509, 'log_learning_rate_D': -4.79995196514975, 'training_batch_size': 6, 'training_p': 7}
	 epoch  0 training error:  tensor(1.0151, device='cuda:0', grad_fn=<DivBackward0>)
Memory status after this epoch: 
Memory allocated:  6.548828125
Memory cached:  20.0
	 epoch  10 training error:  tensor(0.8308, device='cuda:0', grad_fn=<DivBackward0>)
Memory status after this epoch: 
Memory allocated:  6.548828125
Memory cached:  24.0
	 epoch  20 training error:  tensor(0.5625, device='cuda:0', grad_fn=<DivBackward0>)
Memory status after this epoch: 
Memory allocated:  6.548828125
Memory cached:  24.0
	 epoch  30 training error:  tensor(0.2735, device='cuda:0', grad_fn=<DivBackward0>)
Memory status after this epoch: 
Memory allocated:  6.548828125
Memory cached:  24.0
	 epoch  40 training error:  tensor(0.2652, device='cuda:0', grad_fn=<DivBackward0>)
Memory status after this epoch: 
Memory allocated:  6.548828125
Memory cached:  24.0
	 epoch  50 training error:  tensor(0.2600, device='cuda:0', grad_fn=<DivBackward0>)
Memory status after this epoch: 
Memory allocated:  6.548828125
Memory cached:  24.0
	 epoch  60 training error:  tensor(0.2593, device='cuda:0', grad_fn=<DivBackward0>)
Memory status after this epoch: 
Memory allocated:  6.548828125
Memory cached:  24.0
	 epoch  70 training error:  tensor(0.2593, device='cuda:0', grad_fn=<DivBackward0>)
Memory status after this epoch: 
Memory allocated:  6.548828125
Memory cached:  22.0
	 epoch  80 training error:  tensor(0.2593, device='cuda:0', grad_fn=<DivBackward0>)
Memory status after this epoch: 
Memory allocated:  6.548828125
Memory cached:  24.0
	 epoch  90 training error:  tensor(0.2593, device='cuda:0', grad_fn=<DivBackward0>)
Memory status after this epoch: 
Memory allocated:  6.548828125
Memory cached:  24.0
[I 2023-11-01 20:01:00,433] Trial 47 finished with value: 0.22913971543312073 and parameters: {'W_layers': 5, 'W_layer_units_exponent_0': 8, 'W_layer_units_exponent_1': 6, 'W_layer_units_exponent_2': 6, 'W_layer_units_exponent_3': 9, 'W_layer_units_exponent_4': 8, 'D_layers': 7, 'D_layer_units_exponent_0': 9, 'D_layer_units_exponent_1': 7, 'D_layer_units_exponent_2': 9, 'D_layer_units_exponent_3': 7, 'D_layer_units_exponent_4': 8, 'D_layer_units_exponent_5': 4, 'D_layer_units_exponent_6': 5, 'log_learning_rate': -4.53247576063509, 'log_learning_rate_D': -4.79995196514975, 'training_batch_size': 6, 'training_p': 7}. Best is trial 25 with value: 0.22056566178798676.
Time for this trial:  285.5417289733887
Memory status after this trial: 
Memory allocated:  149.4697265625
Memory cached:  154.0
--------------------  Trial  48   --------------------
Start timing: 
Parameters: 
{'W_layers': 6, 'W_layer_units_exponent_0': 7, 'W_layer_units_exponent_1': 5, 'W_layer_units_exponent_2': 10, 'W_layer_units_exponent_3': 10, 'W_layer_units_exponent_4': 10, 'W_layer_units_exponent_5': 10, 'D_layers': 5, 'D_layer_units_exponent_0': 7, 'D_layer_units_exponent_1': 8, 'D_layer_units_exponent_2': 9, 'D_layer_units_exponent_3': 9, 'D_layer_units_exponent_4': 9, 'log_learning_rate': -4.015959795381914, 'log_learning_rate_D': -4.231068300104549, 'training_batch_size': 8, 'training_p': 3}
	 epoch  0 training error:  tensor(1.0258, device='cuda:0', grad_fn=<DivBackward0>)
Memory status after this epoch: 
Memory allocated:  59.2548828125
Memory cached:  80.0
	 epoch  10 training error:  tensor(0.2476, device='cuda:0', grad_fn=<DivBackward0>)
Memory status after this epoch: 
Memory allocated:  59.2548828125
Memory cached:  86.0
	 epoch  20 training error:  tensor(0.2897, device='cuda:0', grad_fn=<DivBackward0>)
Memory status after this epoch: 
Memory allocated:  59.2548828125
Memory cached:  86.0
	 epoch  30 training error:  tensor(0.2481, device='cuda:0', grad_fn=<DivBackward0>)
Memory status after this epoch: 
Memory allocated:  59.2548828125
Memory cached:  86.0
	 epoch  40 training error:  tensor(0.2498, device='cuda:0', grad_fn=<DivBackward0>)
Memory status after this epoch: 
Memory allocated:  59.2548828125
Memory cached:  86.0
	 epoch  50 training error:  tensor(0.2486, device='cuda:0', grad_fn=<DivBackward0>)
Memory status after this epoch: 
Memory allocated:  59.2548828125
Memory cached:  86.0
	 epoch  60 training error:  tensor(0.2469, device='cuda:0', grad_fn=<DivBackward0>)
Memory status after this epoch: 
Memory allocated:  59.2548828125
Memory cached:  86.0
	 epoch  70 training error:  tensor(0.2465, device='cuda:0', grad_fn=<DivBackward0>)
Memory status after this epoch: 
Memory allocated:  59.2548828125
Memory cached:  86.0
	 epoch  80 training error:  tensor(0.2464, device='cuda:0', grad_fn=<DivBackward0>)
Memory status after this epoch: 
Memory allocated:  59.2548828125
Memory cached:  86.0
	 epoch  90 training error:  tensor(0.2463, device='cuda:0', grad_fn=<DivBackward0>)
Memory status after this epoch: 
Memory allocated:  59.2548828125
Memory cached:  86.0
[I 2023-11-01 20:03:59,697] Trial 48 finished with value: 0.23425479233264923 and parameters: {'W_layers': 6, 'W_layer_units_exponent_0': 7, 'W_layer_units_exponent_1': 5, 'W_layer_units_exponent_2': 10, 'W_layer_units_exponent_3': 10, 'W_layer_units_exponent_4': 10, 'W_layer_units_exponent_5': 10, 'D_layers': 5, 'D_layer_units_exponent_0': 7, 'D_layer_units_exponent_1': 8, 'D_layer_units_exponent_2': 9, 'D_layer_units_exponent_3': 9, 'D_layer_units_exponent_4': 9, 'log_learning_rate': -4.015959795381914, 'log_learning_rate_D': -4.231068300104549, 'training_batch_size': 8, 'training_p': 3}. Best is trial 25 with value: 0.22056566178798676.
Time for this trial:  179.00561499595642
Memory status after this trial: 
Memory allocated:  359.177734375
Memory cached:  382.0
--------------------  Trial  49   --------------------
Start timing: 
Parameters: 
{'W_layers': 3, 'W_layer_units_exponent_0': 6, 'W_layer_units_exponent_1': 6, 'W_layer_units_exponent_2': 6, 'D_layers': 6, 'D_layer_units_exponent_0': 5, 'D_layer_units_exponent_1': 6, 'D_layer_units_exponent_2': 8, 'D_layer_units_exponent_3': 7, 'D_layer_units_exponent_4': 7, 'D_layer_units_exponent_5': 9, 'log_learning_rate': -4.341973149840071, 'log_learning_rate_D': -4.661903811176887, 'training_batch_size': 9, 'training_p': 4}
	 epoch  0 training error:  tensor(1.0075, device='cuda:0', grad_fn=<DivBackward0>)
Memory status after this epoch: 
Memory allocated:  2.2451171875
Memory cached:  12.0
	 epoch  10 training error:  tensor(0.9673, device='cuda:0', grad_fn=<DivBackward0>)
Memory status after this epoch: 
Memory allocated:  2.2451171875
Memory cached:  14.0
	 epoch  20 training error:  tensor(0.9269, device='cuda:0', grad_fn=<DivBackward0>)
Memory status after this epoch: 
Memory allocated:  2.2451171875
Memory cached:  14.0
	 epoch  30 training error:  tensor(0.8853, device='cuda:0', grad_fn=<DivBackward0>)
Memory status after this epoch: 
Memory allocated:  2.2451171875
Memory cached:  14.0
	 epoch  40 training error:  tensor(0.8419, device='cuda:0', grad_fn=<DivBackward0>)
Memory status after this epoch: 
Memory allocated:  2.2451171875
Memory cached:  14.0
	 epoch  50 training error:  tensor(0.7959, device='cuda:0', grad_fn=<DivBackward0>)
Memory status after this epoch: 
Memory allocated:  2.2451171875
Memory cached:  14.0
	 epoch  60 training error:  tensor(0.7472, device='cuda:0', grad_fn=<DivBackward0>)
Memory status after this epoch: 
Memory allocated:  2.2451171875
Memory cached:  14.0
	 epoch  70 training error:  tensor(0.6972, device='cuda:0', grad_fn=<DivBackward0>)
Memory status after this epoch: 
Memory allocated:  2.2451171875
Memory cached:  14.0
	 epoch  80 training error:  tensor(0.6443, device='cuda:0', grad_fn=<DivBackward0>)
Memory status after this epoch: 
Memory allocated:  2.2451171875
Memory cached:  14.0
	 epoch  90 training error:  tensor(0.5879, device='cuda:0', grad_fn=<DivBackward0>)
Memory status after this epoch: 
Memory allocated:  2.2451171875
Memory cached:  14.0
[I 2023-11-01 20:06:10,747] Trial 49 finished with value: 0.5100451111793518 and parameters: {'W_layers': 3, 'W_layer_units_exponent_0': 6, 'W_layer_units_exponent_1': 6, 'W_layer_units_exponent_2': 6, 'D_layers': 6, 'D_layer_units_exponent_0': 5, 'D_layer_units_exponent_1': 6, 'D_layer_units_exponent_2': 8, 'D_layer_units_exponent_3': 7, 'D_layer_units_exponent_4': 7, 'D_layer_units_exponent_5': 9, 'log_learning_rate': -4.341973149840071, 'log_learning_rate_D': -4.661903811176887, 'training_batch_size': 9, 'training_p': 4}. Best is trial 25 with value: 0.22056566178798676.
Time for this trial:  130.80078649520874
Memory status after this trial: 
Memory allocated:  71.33447265625
Memory cached:  74.0
