[I 2023-11-04 02:02:40,584] Trial 34 finished with value: 0.06176944449543953 and parameters: {'W_layers': 8, 'W_layer_units_exponent_0': 4, 'W_layer_units_exponent_1': 10, 'W_layer_units_exponent_2': 6, 'W_layer_units_exponent_3': 5, 'W_layer_units_exponent_4': 4, 'W_layer_units_exponent_5': 9, 'W_layer_units_exponent_6': 6, 'W_layer_units_exponent_7': 10, 'D_layers': 2, 'D_layer_units_exponent_0': 8, 'D_layer_units_exponent_1': 6, 'log_learning_rate': -2.8972158509000523, 'log_learning_rate_D': -4.728017444712924, 'training_batch_size': 10, 'training_p': 3}. Best is trial 24 with value: 0.03180091083049774.
Time for this trial:  149.09207224845886
Memory status after this trial: 
Memory allocated:  166.517578125
Memory cached:  170.0
--------------------  Trial  35   --------------------
Start timing: 
Parameters: 
{'W_layers': 7, 'W_layer_units_exponent_0': 4, 'W_layer_units_exponent_1': 9, 'W_layer_units_exponent_2': 4, 'W_layer_units_exponent_3': 6, 'W_layer_units_exponent_4': 6, 'W_layer_units_exponent_5': 7, 'W_layer_units_exponent_6': 5, 'D_layers': 2, 'D_layer_units_exponent_0': 6, 'D_layer_units_exponent_1': 8, 'log_learning_rate': -2.4840243575555276, 'log_learning_rate_D': -3.923103221889343, 'training_batch_size': 9, 'training_p': 5}
	 epoch  0 training error:  tensor(1.0145, device='cuda:0', grad_fn=<DivBackward0>)
Memory status after this epoch: 
Memory allocated:  0.837890625
Memory cached:  10.0
	 epoch  10 training error:  tensor(0.4205, device='cuda:0', grad_fn=<DivBackward0>)
Memory status after this epoch: 
Memory allocated:  0.837890625
Memory cached:  10.0
	 epoch  20 training error:  tensor(0.0916, device='cuda:0', grad_fn=<DivBackward0>)
Memory status after this epoch: 
Memory allocated:  0.837890625
Memory cached:  10.0
	 epoch  30 training error:  tensor(0.0991, device='cuda:0', grad_fn=<DivBackward0>)
Memory status after this epoch: 
Memory allocated:  0.837890625
Memory cached:  10.0
	 epoch  40 training error:  tensor(0.0730, device='cuda:0', grad_fn=<DivBackward0>)
Memory status after this epoch: 
Memory allocated:  0.837890625
Memory cached:  10.0
	 epoch  50 training error:  tensor(0.0724, device='cuda:0', grad_fn=<DivBackward0>)
Memory status after this epoch: 
Memory allocated:  0.837890625
Memory cached:  10.0
	 epoch  60 training error:  tensor(0.0652, device='cuda:0', grad_fn=<DivBackward0>)
Memory status after this epoch: 
Memory allocated:  0.837890625
Memory cached:  10.0
	 epoch  70 training error:  tensor(0.0725, device='cuda:0', grad_fn=<DivBackward0>)
Memory status after this epoch: 
Memory allocated:  0.837890625
Memory cached:  10.0
	 epoch  80 training error:  tensor(0.0611, device='cuda:0', grad_fn=<DivBackward0>)
Memory status after this epoch: 
Memory allocated:  0.837890625
Memory cached:  10.0
	 epoch  90 training error:  tensor(0.0702, device='cuda:0', grad_fn=<DivBackward0>)
Memory status after this epoch: 
Memory allocated:  0.837890625
Memory cached:  10.0
[I 2023-11-04 02:04:49,137] Trial 35 finished with value: 0.047782059758901596 and parameters: {'W_layers': 7, 'W_layer_units_exponent_0': 4, 'W_layer_units_exponent_1': 9, 'W_layer_units_exponent_2': 4, 'W_layer_units_exponent_3': 6, 'W_layer_units_exponent_4': 6, 'W_layer_units_exponent_5': 7, 'W_layer_units_exponent_6': 5, 'D_layers': 2, 'D_layer_units_exponent_0': 6, 'D_layer_units_exponent_1': 8, 'log_learning_rate': -2.4840243575555276, 'log_learning_rate_D': -3.923103221889343, 'training_batch_size': 9, 'training_p': 5}. Best is trial 24 with value: 0.03180091083049774.
Time for this trial:  128.33169221878052
Memory status after this trial: 
Memory allocated:  62.755859375
Memory cached:  64.0
--------------------  Trial  36   --------------------
Start timing: 
Parameters: 
{'W_layers': 3, 'W_layer_units_exponent_0': 6, 'W_layer_units_exponent_1': 10, 'W_layer_units_exponent_2': 5, 'D_layers': 2, 'D_layer_units_exponent_0': 8, 'D_layer_units_exponent_1': 7, 'log_learning_rate': -2.1160759481727704, 'log_learning_rate_D': -3.340478203735846, 'training_batch_size': 10, 'training_p': 4}
	 epoch  0 training error:  tensor(0.7706, device='cuda:0', grad_fn=<DivBackward0>)
Memory status after this epoch: 
Memory allocated:  2.078125
Memory cached:  12.0
	 epoch  10 training error:  tensor(0.2386, device='cuda:0', grad_fn=<DivBackward0>)
Memory status after this epoch: 
Memory allocated:  2.078125
Memory cached:  12.0
	 epoch  20 training error:  tensor(0.1364, device='cuda:0', grad_fn=<DivBackward0>)
Memory status after this epoch: 
Memory allocated:  2.078125
Memory cached:  12.0
	 epoch  30 training error:  tensor(0.1478, device='cuda:0', grad_fn=<DivBackward0>)
Memory status after this epoch: 
Memory allocated:  2.078125
Memory cached:  12.0
	 epoch  40 training error:  tensor(0.1293, device='cuda:0', grad_fn=<DivBackward0>)
Memory status after this epoch: 
Memory allocated:  2.078125
Memory cached:  12.0
	 epoch  50 training error:  tensor(0.1858, device='cuda:0', grad_fn=<DivBackward0>)
Memory status after this epoch: 
Memory allocated:  2.078125
Memory cached:  12.0
	 epoch  60 training error:  tensor(0.0910, device='cuda:0', grad_fn=<DivBackward0>)
Memory status after this epoch: 
Memory allocated:  2.078125
Memory cached:  12.0
	 epoch  70 training error:  tensor(0.0548, device='cuda:0', grad_fn=<DivBackward0>)
Memory status after this epoch: 
Memory allocated:  2.078125
Memory cached:  12.0
	 epoch  80 training error:  tensor(0.0629, device='cuda:0', grad_fn=<DivBackward0>)
Memory status after this epoch: 
Memory allocated:  2.078125
Memory cached:  12.0
	 epoch  90 training error:  tensor(0.0461, device='cuda:0', grad_fn=<DivBackward0>)
Memory status after this epoch: 
Memory allocated:  2.078125
Memory cached:  12.0
[I 2023-11-04 02:06:32,359] Trial 36 finished with value: 0.042517438530921936 and parameters: {'W_layers': 3, 'W_layer_units_exponent_0': 6, 'W_layer_units_exponent_1': 10, 'W_layer_units_exponent_2': 5, 'D_layers': 2, 'D_layer_units_exponent_0': 8, 'D_layer_units_exponent_1': 7, 'log_learning_rate': -2.1160759481727704, 'log_learning_rate_D': -3.340478203735846, 'training_batch_size': 10, 'training_p': 4}. Best is trial 24 with value: 0.03180091083049774.
Time for this trial:  103.01214361190796
Memory status after this trial: 
Memory allocated:  81.798828125
Memory cached:  84.0
--------------------  Trial  37   --------------------
Start timing: 
Parameters: 
{'W_layers': 6, 'W_layer_units_exponent_0': 4, 'W_layer_units_exponent_1': 6, 'W_layer_units_exponent_2': 4, 'W_layer_units_exponent_3': 6, 'W_layer_units_exponent_4': 9, 'W_layer_units_exponent_5': 5, 'D_layers': 3, 'D_layer_units_exponent_0': 7, 'D_layer_units_exponent_1': 10, 'D_layer_units_exponent_2': 7, 'log_learning_rate': -3.1913976082964717, 'log_learning_rate_D': -4.400195818839278, 'training_batch_size': 10, 'training_p': 3}
	 epoch  0 training error:  tensor(1.0397, device='cuda:0', grad_fn=<DivBackward0>)
Memory status after this epoch: 
Memory allocated:  4.880859375
Memory cached:  16.0
	 epoch  10 training error:  tensor(0.0611, device='cuda:0', grad_fn=<DivBackward0>)
Memory status after this epoch: 
Memory allocated:  4.880859375
Memory cached:  16.0
	 epoch  20 training error:  tensor(0.0789, device='cuda:0', grad_fn=<DivBackward0>)
Memory status after this epoch: 
Memory allocated:  4.880859375
Memory cached:  16.0
	 epoch  30 training error:  tensor(0.0605, device='cuda:0', grad_fn=<DivBackward0>)
Memory status after this epoch: 
Memory allocated:  4.880859375
Memory cached:  16.0
	 epoch  40 training error:  tensor(0.0463, device='cuda:0', grad_fn=<DivBackward0>)
Memory status after this epoch: 
Memory allocated:  4.880859375
Memory cached:  16.0
	 epoch  50 training error:  tensor(0.0442, device='cuda:0', grad_fn=<DivBackward0>)
Memory status after this epoch: 
Memory allocated:  4.880859375
Memory cached:  16.0
	 epoch  60 training error:  tensor(0.0401, device='cuda:0', grad_fn=<DivBackward0>)
Memory status after this epoch: 
Memory allocated:  4.880859375
Memory cached:  16.0
	 epoch  70 training error:  tensor(0.0394, device='cuda:0', grad_fn=<DivBackward0>)
Memory status after this epoch: 
Memory allocated:  4.880859375
Memory cached:  16.0
	 epoch  80 training error:  tensor(0.0391, device='cuda:0', grad_fn=<DivBackward0>)
Memory status after this epoch: 
Memory allocated:  4.880859375
Memory cached:  16.0
	 epoch  90 training error:  tensor(0.0387, device='cuda:0', grad_fn=<DivBackward0>)
Memory status after this epoch: 
Memory allocated:  4.880859375
Memory cached:  16.0
[I 2023-11-04 02:08:47,161] Trial 37 finished with value: 0.040840741246938705 and parameters: {'W_layers': 6, 'W_layer_units_exponent_0': 4, 'W_layer_units_exponent_1': 6, 'W_layer_units_exponent_2': 4, 'W_layer_units_exponent_3': 6, 'W_layer_units_exponent_4': 9, 'W_layer_units_exponent_5': 5, 'D_layers': 3, 'D_layer_units_exponent_0': 7, 'D_layer_units_exponent_1': 10, 'D_layer_units_exponent_2': 7, 'log_learning_rate': -3.1913976082964717, 'log_learning_rate_D': -4.400195818839278, 'training_batch_size': 10, 'training_p': 3}. Best is trial 24 with value: 0.03180091083049774.
Time for this trial:  134.57971048355103
Memory status after this trial: 
Memory allocated:  108.6982421875
Memory cached:  112.0
--------------------  Trial  38   --------------------
Start timing: 
Parameters: 
{'W_layers': 7, 'W_layer_units_exponent_0': 7, 'W_layer_units_exponent_1': 9, 'W_layer_units_exponent_2': 5, 'W_layer_units_exponent_3': 5, 'W_layer_units_exponent_4': 4, 'W_layer_units_exponent_5': 9, 'W_layer_units_exponent_6': 7, 'D_layers': 5, 'D_layer_units_exponent_0': 7, 'D_layer_units_exponent_1': 6, 'D_layer_units_exponent_2': 10, 'D_layer_units_exponent_3': 7, 'D_layer_units_exponent_4': 10, 'log_learning_rate': -2.9163849608579007, 'log_learning_rate_D': -3.6903954247252, 'training_batch_size': 9, 'training_p': 6}
	 epoch  0 training error:  tensor(0.9674, device='cuda:0', grad_fn=<DivBackward0>)
Memory status after this epoch: 
Memory allocated:  7.650390625
Memory cached:  14.0
	 epoch  10 training error:  tensor(0.4864, device='cuda:0', grad_fn=<DivBackward0>)
Memory status after this epoch: 
Memory allocated:  7.650390625
Memory cached:  16.0
	 epoch  20 training error:  tensor(0.0880, device='cuda:0', grad_fn=<DivBackward0>)
Memory status after this epoch: 
Memory allocated:  7.650390625
Memory cached:  16.0
	 epoch  30 training error:  tensor(0.0605, device='cuda:0', grad_fn=<DivBackward0>)
Memory status after this epoch: 
Memory allocated:  7.650390625
Memory cached:  16.0
	 epoch  40 training error:  tensor(0.0719, device='cuda:0', grad_fn=<DivBackward0>)
Memory status after this epoch: 
Memory allocated:  7.650390625
Memory cached:  16.0
	 epoch  50 training error:  tensor(0.0784, device='cuda:0', grad_fn=<DivBackward0>)
Memory status after this epoch: 
Memory allocated:  7.650390625
Memory cached:  16.0
	 epoch  60 training error:  tensor(0.0736, device='cuda:0', grad_fn=<DivBackward0>)
Memory status after this epoch: 
Memory allocated:  7.650390625
Memory cached:  16.0
	 epoch  70 training error:  tensor(0.0617, device='cuda:0', grad_fn=<DivBackward0>)
Memory status after this epoch: 
Memory allocated:  7.650390625
Memory cached:  16.0
	 epoch  80 training error:  tensor(0.0784, device='cuda:0', grad_fn=<DivBackward0>)
Memory status after this epoch: 
Memory allocated:  7.650390625
Memory cached:  16.0
	 epoch  90 training error:  tensor(0.0545, device='cuda:0', grad_fn=<DivBackward0>)
Memory status after this epoch: 
Memory allocated:  7.650390625
Memory cached:  16.0
[I 2023-11-04 02:11:37,162] Trial 38 finished with value: 0.07472871989011765 and parameters: {'W_layers': 7, 'W_layer_units_exponent_0': 7, 'W_layer_units_exponent_1': 9, 'W_layer_units_exponent_2': 5, 'W_layer_units_exponent_3': 5, 'W_layer_units_exponent_4': 4, 'W_layer_units_exponent_5': 9, 'W_layer_units_exponent_6': 7, 'D_layers': 5, 'D_layer_units_exponent_0': 7, 'D_layer_units_exponent_1': 6, 'D_layer_units_exponent_2': 10, 'D_layer_units_exponent_3': 7, 'D_layer_units_exponent_4': 10, 'log_learning_rate': -2.9163849608579007, 'log_learning_rate_D': -3.6903954247252, 'training_batch_size': 9, 'training_p': 6}. Best is trial 24 with value: 0.03180091083049774.
Time for this trial:  169.75520396232605
Memory status after this trial: 
Memory allocated:  202.470703125
Memory cached:  208.0
--------------------  Trial  39   --------------------
Start timing: 
Parameters: 
{'W_layers': 4, 'W_layer_units_exponent_0': 6, 'W_layer_units_exponent_1': 10, 'W_layer_units_exponent_2': 5, 'W_layer_units_exponent_3': 7, 'D_layers': 4, 'D_layer_units_exponent_0': 8, 'D_layer_units_exponent_1': 5, 'D_layer_units_exponent_2': 9, 'D_layer_units_exponent_3': 9, 'log_learning_rate': -2.530563027156333, 'log_learning_rate_D': -4.134805328444596, 'training_batch_size': 11, 'training_p': 2}
	 epoch  0 training error:  tensor(0.9539, device='cuda:0', grad_fn=<DivBackward0>)
Memory status after this epoch: 
Memory allocated:  6.0390625
Memory cached:  14.0
	 epoch  10 training error:  tensor(0.3506, device='cuda:0', grad_fn=<DivBackward0>)
Memory status after this epoch: 
Memory allocated:  6.0390625
Memory cached:  20.0
	 epoch  20 training error:  tensor(0.3444, device='cuda:0', grad_fn=<DivBackward0>)
Memory status after this epoch: 
Memory allocated:  6.0390625
Memory cached:  20.0
	 epoch  30 training error:  tensor(0.0631, device='cuda:0', grad_fn=<DivBackward0>)
Memory status after this epoch: 
Memory allocated:  6.0390625
Memory cached:  20.0
	 epoch  40 training error:  tensor(0.0996, device='cuda:0', grad_fn=<DivBackward0>)
Memory status after this epoch: 
Memory allocated:  6.0390625
Memory cached:  22.0
	 epoch  50 training error:  tensor(0.0804, device='cuda:0', grad_fn=<DivBackward0>)
Memory status after this epoch: 
Memory allocated:  6.0390625
Memory cached:  20.0
	 epoch  60 training error:  tensor(0.0643, device='cuda:0', grad_fn=<DivBackward0>)
Memory status after this epoch: 
Memory allocated:  6.0390625
Memory cached:  18.0
	 epoch  70 training error:  tensor(0.0479, device='cuda:0', grad_fn=<DivBackward0>)
Memory status after this epoch: 
Memory allocated:  6.0390625
Memory cached:  20.0
	 epoch  80 training error:  tensor(0.0812, device='cuda:0', grad_fn=<DivBackward0>)
Memory status after this epoch: 
Memory allocated:  6.0390625
Memory cached:  20.0
	 epoch  90 training error:  tensor(0.0502, device='cuda:0', grad_fn=<DivBackward0>)
Memory status after this epoch: 
Memory allocated:  6.0390625
Memory cached:  22.0
[I 2023-11-04 02:13:51,453] Trial 39 finished with value: 0.04003920778632164 and parameters: {'W_layers': 4, 'W_layer_units_exponent_0': 6, 'W_layer_units_exponent_1': 10, 'W_layer_units_exponent_2': 5, 'W_layer_units_exponent_3': 7, 'D_layers': 4, 'D_layer_units_exponent_0': 8, 'D_layer_units_exponent_1': 5, 'D_layer_units_exponent_2': 9, 'D_layer_units_exponent_3': 9, 'log_learning_rate': -2.530563027156333, 'log_learning_rate_D': -4.134805328444596, 'training_batch_size': 11, 'training_p': 2}. Best is trial 24 with value: 0.03180091083049774.
Time for this trial:  134.0699188709259
Memory status after this trial: 
Memory allocated:  139.68017578125
Memory cached:  144.0
--------------------  Trial  40   --------------------
Start timing: 
Parameters: 
{'W_layers': 5, 'W_layer_units_exponent_0': 5, 'W_layer_units_exponent_1': 9, 'W_layer_units_exponent_2': 9, 'W_layer_units_exponent_3': 6, 'W_layer_units_exponent_4': 9, 'D_layers': 2, 'D_layer_units_exponent_0': 6, 'D_layer_units_exponent_1': 6, 'log_learning_rate': -2.2915987070169384, 'log_learning_rate_D': -4.581618375856356, 'training_batch_size': 6, 'training_p': 5}
	 epoch  0 training error:  tensor(1.8856, device='cuda:0', grad_fn=<DivBackward0>)
Memory status after this epoch: 
Memory allocated:  5.3701171875
Memory cached:  12.0
	 epoch  10 training error:  tensor(1., device='cuda:0', grad_fn=<DivBackward0>)
Memory status after this epoch: 
Memory allocated:  5.3701171875
Memory cached:  12.0
	 epoch  20 training error:  tensor(1., device='cuda:0', grad_fn=<DivBackward0>)
Memory status after this epoch: 
Memory allocated:  5.3701171875
Memory cached:  12.0
	 epoch  30 training error:  tensor(1.0000, device='cuda:0', grad_fn=<DivBackward0>)
Memory status after this epoch: 
Memory allocated:  5.3701171875
Memory cached:  12.0
	 epoch  40 training error:  tensor(1.0000, device='cuda:0', grad_fn=<DivBackward0>)
Memory status after this epoch: 
Memory allocated:  5.3701171875
Memory cached:  12.0
	 epoch  50 training error:  tensor(1.0000, device='cuda:0', grad_fn=<DivBackward0>)
Memory status after this epoch: 
Memory allocated:  5.3701171875
Memory cached:  12.0
	 epoch  60 training error:  tensor(1.0000, device='cuda:0', grad_fn=<DivBackward0>)
Memory status after this epoch: 
Memory allocated:  5.3701171875
Memory cached:  12.0
	 epoch  70 training error:  tensor(1.0000, device='cuda:0', grad_fn=<DivBackward0>)
Memory status after this epoch: 
Memory allocated:  5.3701171875
Memory cached:  12.0
	 epoch  80 training error:  tensor(1.0000, device='cuda:0', grad_fn=<DivBackward0>)
Memory status after this epoch: 
Memory allocated:  5.3701171875
Memory cached:  12.0
	 epoch  90 training error:  tensor(1.0000, device='cuda:0', grad_fn=<DivBackward0>)
Memory status after this epoch: 
Memory allocated:  5.3701171875
Memory cached:  12.0
[I 2023-11-04 02:17:22,439] Trial 40 finished with value: 0.9999998211860657 and parameters: {'W_layers': 5, 'W_layer_units_exponent_0': 5, 'W_layer_units_exponent_1': 9, 'W_layer_units_exponent_2': 9, 'W_layer_units_exponent_3': 6, 'W_layer_units_exponent_4': 9, 'D_layers': 2, 'D_layer_units_exponent_0': 6, 'D_layer_units_exponent_1': 6, 'log_learning_rate': -2.2915987070169384, 'log_learning_rate_D': -4.581618375856356, 'training_batch_size': 6, 'training_p': 5}. Best is trial 24 with value: 0.03180091083049774.
Time for this trial:  210.7665421962738
Memory status after this trial: 
Memory allocated:  97.265625
Memory cached:  102.0
--------------------  Trial  41   --------------------
Start timing: 
Parameters: 
{'W_layers': 5, 'W_layer_units_exponent_0': 5, 'W_layer_units_exponent_1': 8, 'W_layer_units_exponent_2': 4, 'W_layer_units_exponent_3': 7, 'W_layer_units_exponent_4': 5, 'D_layers': 3, 'D_layer_units_exponent_0': 7, 'D_layer_units_exponent_1': 7, 'D_layer_units_exponent_2': 8, 'log_learning_rate': -2.78069030649158, 'log_learning_rate_D': -4.245403162322453, 'training_batch_size': 11, 'training_p': 4}
	 epoch  0 training error:  tensor(1.0685, device='cuda:0', grad_fn=<DivBackward0>)
Memory status after this epoch: 
Memory allocated:  1.099609375
Memory cached:  8.0
	 epoch  10 training error:  tensor(0.2054, device='cuda:0', grad_fn=<DivBackward0>)
Memory status after this epoch: 
Memory allocated:  1.099609375
Memory cached:  10.0
	 epoch  20 training error:  tensor(0.1061, device='cuda:0', grad_fn=<DivBackward0>)
Memory status after this epoch: 
Memory allocated:  1.099609375
Memory cached:  10.0
	 epoch  30 training error:  tensor(0.0989, device='cuda:0', grad_fn=<DivBackward0>)
Memory status after this epoch: 
Memory allocated:  1.099609375
Memory cached:  10.0
	 epoch  40 training error:  tensor(0.0679, device='cuda:0', grad_fn=<DivBackward0>)
Memory status after this epoch: 
Memory allocated:  1.099609375
Memory cached:  10.0
	 epoch  50 training error:  tensor(0.0718, device='cuda:0', grad_fn=<DivBackward0>)
Memory status after this epoch: 
Memory allocated:  1.099609375
Memory cached:  10.0
	 epoch  60 training error:  tensor(0.0555, device='cuda:0', grad_fn=<DivBackward0>)
Memory status after this epoch: 
Memory allocated:  1.099609375
Memory cached:  10.0
	 epoch  70 training error:  tensor(0.0473, device='cuda:0', grad_fn=<DivBackward0>)
Memory status after this epoch: 
Memory allocated:  1.099609375
Memory cached:  10.0
	 epoch  80 training error:  tensor(0.0424, device='cuda:0', grad_fn=<DivBackward0>)
Memory status after this epoch: 
Memory allocated:  1.099609375
Memory cached:  10.0
	 epoch  90 training error:  tensor(0.0394, device='cuda:0', grad_fn=<DivBackward0>)
Memory status after this epoch: 
Memory allocated:  1.099609375
Memory cached:  10.0
