[I 2023-11-09 19:05:59,662] Trial 9 finished with value: 0.07043652981519699 and parameters: {'W_layers': 6, 'W_layer_units_exponent_0': 9, 'W_layer_units_exponent_1': 4, 'W_layer_units_exponent_2': 7, 'W_layer_units_exponent_3': 4, 'W_layer_units_exponent_4': 4, 'W_layer_units_exponent_5': 10, 'D_layers': 3, 'D_layer_units_exponent_0': 8, 'D_layer_units_exponent_1': 8, 'D_layer_units_exponent_2': 5, 'D_dagger_layers': 5, 'D_dagger_layer_units_exponent_0': 7, 'D_dagger_layer_units_exponent_1': 4, 'D_dagger_layer_units_exponent_2': 9, 'D_dagger_layer_units_exponent_3': 8, 'D_dagger_layer_units_exponent_4': 6, 'log_learning_rate': -2.2974108034085057, 'log_learning_rate_D': -2.0872450604288124, 'log_learning_rate_D_dagger': -3.4721671910457315, 'training_batch_size': 6, 'training_p': 2}. Best is trial 1 with value: 0.0411861352622509.
Time for this trial:  355.88817501068115
Memory status after this trial: 
Memory allocated:  176.0849609375
Memory cached:  180.0
--------------------  Trial  10   --------------------
Start timing: 
Parameters: 
{'W_layers': 8, 'W_layer_units_exponent_0': 6, 'W_layer_units_exponent_1': 6, 'W_layer_units_exponent_2': 9, 'W_layer_units_exponent_3': 9, 'W_layer_units_exponent_4': 10, 'W_layer_units_exponent_5': 4, 'W_layer_units_exponent_6': 10, 'W_layer_units_exponent_7': 8, 'D_layers': 6, 'D_layer_units_exponent_0': 10, 'D_layer_units_exponent_1': 10, 'D_layer_units_exponent_2': 9, 'D_layer_units_exponent_3': 10, 'D_layer_units_exponent_4': 4, 'D_layer_units_exponent_5': 10, 'D_dagger_layers': 8, 'D_dagger_layer_units_exponent_0': 4, 'D_dagger_layer_units_exponent_1': 10, 'D_dagger_layer_units_exponent_2': 4, 'D_dagger_layer_units_exponent_3': 10, 'D_dagger_layer_units_exponent_4': 10, 'D_dagger_layer_units_exponent_5': 10, 'D_dagger_layer_units_exponent_6': 4, 'D_dagger_layer_units_exponent_7': 4, 'log_learning_rate': -4.951221096237471, 'log_learning_rate_D': -1.1122964356141751, 'log_learning_rate_D_dagger': -4.994897805418651, 'training_batch_size': 12, 'training_p': 6}
	 epoch  0 training error:  tensor(1.0340, device='cuda:0', grad_fn=<DivBackward0>)
Memory status after this epoch: 
Memory allocated:  82.94287109375
Memory cached:  240.0
	 epoch  10 training error:  tensor(0.7789, device='cuda:0', grad_fn=<DivBackward0>)
Memory status after this epoch: 
Memory allocated:  82.94287109375
Memory cached:  404.0
	 epoch  20 training error:  tensor(0.4246, device='cuda:0', grad_fn=<DivBackward0>)
Memory status after this epoch: 
Memory allocated:  82.94287109375
Memory cached:  400.0
	 epoch  30 training error:  tensor(0.3424, device='cuda:0', grad_fn=<DivBackward0>)
Memory status after this epoch: 
Memory allocated:  82.94287109375
Memory cached:  408.0
	 epoch  40 training error:  tensor(0.2588, device='cuda:0', grad_fn=<DivBackward0>)
Memory status after this epoch: 
Memory allocated:  82.94287109375
Memory cached:  394.0
	 epoch  50 training error:  tensor(0.2058, device='cuda:0', grad_fn=<DivBackward0>)
Memory status after this epoch: 
Memory allocated:  82.94287109375
Memory cached:  394.0
	 epoch  60 training error:  tensor(0.1558, device='cuda:0', grad_fn=<DivBackward0>)
Memory status after this epoch: 
Memory allocated:  82.94287109375
Memory cached:  400.0
	 epoch  70 training error:  tensor(0.1169, device='cuda:0', grad_fn=<DivBackward0>)
Memory status after this epoch: 
Memory allocated:  82.94287109375
Memory cached:  404.0
	 epoch  80 training error:  tensor(0.1038, device='cuda:0', grad_fn=<DivBackward0>)
Memory status after this epoch: 
Memory allocated:  82.94287109375
Memory cached:  398.0
	 epoch  90 training error:  tensor(0.1028, device='cuda:0', grad_fn=<DivBackward0>)
Memory status after this epoch: 
Memory allocated:  82.94287109375
Memory cached:  388.0
[I 2023-11-09 19:11:11,314] Trial 10 finished with value: 0.06793535500764847 and parameters: {'W_layers': 8, 'W_layer_units_exponent_0': 6, 'W_layer_units_exponent_1': 6, 'W_layer_units_exponent_2': 9, 'W_layer_units_exponent_3': 9, 'W_layer_units_exponent_4': 10, 'W_layer_units_exponent_5': 4, 'W_layer_units_exponent_6': 10, 'W_layer_units_exponent_7': 8, 'D_layers': 6, 'D_layer_units_exponent_0': 10, 'D_layer_units_exponent_1': 10, 'D_layer_units_exponent_2': 9, 'D_layer_units_exponent_3': 10, 'D_layer_units_exponent_4': 4, 'D_layer_units_exponent_5': 10, 'D_dagger_layers': 8, 'D_dagger_layer_units_exponent_0': 4, 'D_dagger_layer_units_exponent_1': 10, 'D_dagger_layer_units_exponent_2': 4, 'D_dagger_layer_units_exponent_3': 10, 'D_dagger_layer_units_exponent_4': 10, 'D_dagger_layer_units_exponent_5': 10, 'D_dagger_layer_units_exponent_6': 4, 'D_dagger_layer_units_exponent_7': 4, 'log_learning_rate': -4.951221096237471, 'log_learning_rate_D': -1.1122964356141751, 'log_learning_rate_D_dagger': -4.994897805418651, 'training_batch_size': 12, 'training_p': 6}. Best is trial 1 with value: 0.0411861352622509.
Time for this trial:  311.33355236053467
Memory status after this trial: 
Memory allocated:  695.5009765625
Memory cached:  706.0
--------------------  Trial  11   --------------------
Start timing: 
Parameters: 
{'W_layers': 8, 'W_layer_units_exponent_0': 6, 'W_layer_units_exponent_1': 6, 'W_layer_units_exponent_2': 10, 'W_layer_units_exponent_3': 8, 'W_layer_units_exponent_4': 4, 'W_layer_units_exponent_5': 7, 'W_layer_units_exponent_6': 5, 'W_layer_units_exponent_7': 5, 'D_layers': 5, 'D_layer_units_exponent_0': 8, 'D_layer_units_exponent_1': 8, 'D_layer_units_exponent_2': 8, 'D_layer_units_exponent_3': 8, 'D_layer_units_exponent_4': 6, 'D_dagger_layers': 7, 'D_dagger_layer_units_exponent_0': 5, 'D_dagger_layer_units_exponent_1': 7, 'D_dagger_layer_units_exponent_2': 8, 'D_dagger_layer_units_exponent_3': 6, 'D_dagger_layer_units_exponent_4': 4, 'D_dagger_layer_units_exponent_5': 4, 'D_dagger_layer_units_exponent_6': 10, 'log_learning_rate': -4.328321374597517, 'log_learning_rate_D': -2.929884656385497, 'log_learning_rate_D_dagger': -4.104232545660818, 'training_batch_size': 8, 'training_p': 5}
	 epoch  0 training error:  tensor(0.9520, device='cuda:0', grad_fn=<DivBackward0>)
Memory status after this epoch: 
Memory allocated:  9.79638671875
Memory cached:  160.0
	 epoch  10 training error:  tensor(0.4823, device='cuda:0', grad_fn=<DivBackward0>)
Memory status after this epoch: 
Memory allocated:  9.79638671875
Memory cached:  278.0
	 epoch  20 training error:  tensor(0.3275, device='cuda:0', grad_fn=<DivBackward0>)
Memory status after this epoch: 
Memory allocated:  9.79638671875
Memory cached:  280.0
	 epoch  30 training error:  tensor(0.2068, device='cuda:0', grad_fn=<DivBackward0>)
Memory status after this epoch: 
Memory allocated:  9.79638671875
Memory cached:  262.0
	 epoch  40 training error:  tensor(0.1542, device='cuda:0', grad_fn=<DivBackward0>)
Memory status after this epoch: 
Memory allocated:  9.79638671875
Memory cached:  280.0
	 epoch  50 training error:  tensor(0.1093, device='cuda:0', grad_fn=<DivBackward0>)
Memory status after this epoch: 
Memory allocated:  9.79638671875
Memory cached:  266.0
	 epoch  60 training error:  tensor(0.0826, device='cuda:0', grad_fn=<DivBackward0>)
Memory status after this epoch: 
Memory allocated:  9.79638671875
Memory cached:  276.0
	 epoch  70 training error:  tensor(0.0723, device='cuda:0', grad_fn=<DivBackward0>)
Memory status after this epoch: 
Memory allocated:  9.79638671875
Memory cached:  266.0
	 epoch  80 training error:  tensor(0.0619, device='cuda:0', grad_fn=<DivBackward0>)
Memory status after this epoch: 
Memory allocated:  9.79638671875
Memory cached:  276.0
	 epoch  90 training error:  tensor(0.0547, device='cuda:0', grad_fn=<DivBackward0>)
Memory status after this epoch: 
Memory allocated:  9.79638671875
Memory cached:  284.0
[I 2023-11-09 19:15:13,358] Trial 11 finished with value: 0.04561188817024231 and parameters: {'W_layers': 8, 'W_layer_units_exponent_0': 6, 'W_layer_units_exponent_1': 6, 'W_layer_units_exponent_2': 10, 'W_layer_units_exponent_3': 8, 'W_layer_units_exponent_4': 4, 'W_layer_units_exponent_5': 7, 'W_layer_units_exponent_6': 5, 'W_layer_units_exponent_7': 5, 'D_layers': 5, 'D_layer_units_exponent_0': 8, 'D_layer_units_exponent_1': 8, 'D_layer_units_exponent_2': 8, 'D_layer_units_exponent_3': 8, 'D_layer_units_exponent_4': 6, 'D_dagger_layers': 7, 'D_dagger_layer_units_exponent_0': 5, 'D_dagger_layer_units_exponent_1': 7, 'D_dagger_layer_units_exponent_2': 8, 'D_dagger_layer_units_exponent_3': 6, 'D_dagger_layer_units_exponent_4': 4, 'D_dagger_layer_units_exponent_5': 4, 'D_dagger_layer_units_exponent_6': 10, 'log_learning_rate': -4.328321374597517, 'log_learning_rate_D': -2.929884656385497, 'log_learning_rate_D_dagger': -4.104232545660818, 'training_batch_size': 8, 'training_p': 5}. Best is trial 1 with value: 0.0411861352622509.
Time for this trial:  241.74432826042175
Memory status after this trial: 
Memory allocated:  232.20458984375
Memory cached:  238.0
--------------------  Trial  12   --------------------
Start timing: 
Parameters: 
{'W_layers': 5, 'W_layer_units_exponent_0': 5, 'W_layer_units_exponent_1': 5, 'W_layer_units_exponent_2': 9, 'W_layer_units_exponent_3': 7, 'W_layer_units_exponent_4': 10, 'D_layers': 6, 'D_layer_units_exponent_0': 9, 'D_layer_units_exponent_1': 8, 'D_layer_units_exponent_2': 10, 'D_layer_units_exponent_3': 4, 'D_layer_units_exponent_4': 10, 'D_layer_units_exponent_5': 8, 'D_dagger_layers': 7, 'D_dagger_layer_units_exponent_0': 9, 'D_dagger_layer_units_exponent_1': 9, 'D_dagger_layer_units_exponent_2': 7, 'D_dagger_layer_units_exponent_3': 8, 'D_dagger_layer_units_exponent_4': 8, 'D_dagger_layer_units_exponent_5': 5, 'D_dagger_layer_units_exponent_6': 7, 'log_learning_rate': -4.032919288348496, 'log_learning_rate_D': -3.828484677788087, 'log_learning_rate_D_dagger': -4.278015289425176, 'training_batch_size': 9, 'training_p': 4}
	 epoch  0 training error:  tensor(1.0284, device='cuda:0', grad_fn=<DivBackward0>)
Memory status after this epoch: 
Memory allocated:  20.72607421875
Memory cached:  158.0
	 epoch  10 training error:  tensor(0.2858, device='cuda:0', grad_fn=<DivBackward0>)
Memory status after this epoch: 
Memory allocated:  20.72607421875
Memory cached:  288.0
	 epoch  20 training error:  tensor(0.1336, device='cuda:0', grad_fn=<DivBackward0>)
Memory status after this epoch: 
Memory allocated:  20.72607421875
Memory cached:  292.0
	 epoch  30 training error:  tensor(0.1004, device='cuda:0', grad_fn=<DivBackward0>)
Memory status after this epoch: 
Memory allocated:  20.72607421875
Memory cached:  288.0
	 epoch  40 training error:  tensor(0.0871, device='cuda:0', grad_fn=<DivBackward0>)
Memory status after this epoch: 
Memory allocated:  20.72607421875
Memory cached:  284.0
	 epoch  50 training error:  tensor(0.0728, device='cuda:0', grad_fn=<DivBackward0>)
Memory status after this epoch: 
Memory allocated:  20.72607421875
Memory cached:  296.0
	 epoch  60 training error:  tensor(0.0594, device='cuda:0', grad_fn=<DivBackward0>)
Memory status after this epoch: 
Memory allocated:  20.72607421875
Memory cached:  292.0
	 epoch  70 training error:  tensor(0.0491, device='cuda:0', grad_fn=<DivBackward0>)
Memory status after this epoch: 
Memory allocated:  20.72607421875
Memory cached:  280.0
	 epoch  80 training error:  tensor(0.0461, device='cuda:0', grad_fn=<DivBackward0>)
Memory status after this epoch: 
Memory allocated:  20.72607421875
Memory cached:  286.0
	 epoch  90 training error:  tensor(0.0429, device='cuda:0', grad_fn=<DivBackward0>)
Memory status after this epoch: 
Memory allocated:  20.72607421875
Memory cached:  290.0
[I 2023-11-09 19:19:17,099] Trial 12 finished with value: 0.036128509789705276 and parameters: {'W_layers': 5, 'W_layer_units_exponent_0': 5, 'W_layer_units_exponent_1': 5, 'W_layer_units_exponent_2': 9, 'W_layer_units_exponent_3': 7, 'W_layer_units_exponent_4': 10, 'D_layers': 6, 'D_layer_units_exponent_0': 9, 'D_layer_units_exponent_1': 8, 'D_layer_units_exponent_2': 10, 'D_layer_units_exponent_3': 4, 'D_layer_units_exponent_4': 10, 'D_layer_units_exponent_5': 8, 'D_dagger_layers': 7, 'D_dagger_layer_units_exponent_0': 9, 'D_dagger_layer_units_exponent_1': 9, 'D_dagger_layer_units_exponent_2': 7, 'D_dagger_layer_units_exponent_3': 8, 'D_dagger_layer_units_exponent_4': 8, 'D_dagger_layer_units_exponent_5': 5, 'D_dagger_layer_units_exponent_6': 7, 'log_learning_rate': -4.032919288348496, 'log_learning_rate_D': -3.828484677788087, 'log_learning_rate_D_dagger': -4.278015289425176, 'training_batch_size': 9, 'training_p': 4}. Best is trial 12 with value: 0.036128509789705276.
Time for this trial:  243.44619822502136
Memory status after this trial: 
Memory allocated:  364.431640625
Memory cached:  376.0
--------------------  Trial  13   --------------------
Start timing: 
Parameters: 
{'W_layers': 6, 'W_layer_units_exponent_0': 5, 'W_layer_units_exponent_1': 5, 'W_layer_units_exponent_2': 8, 'W_layer_units_exponent_3': 7, 'W_layer_units_exponent_4': 10, 'W_layer_units_exponent_5': 7, 'D_layers': 6, 'D_layer_units_exponent_0': 9, 'D_layer_units_exponent_1': 9, 'D_layer_units_exponent_2': 10, 'D_layer_units_exponent_3': 4, 'D_layer_units_exponent_4': 10, 'D_layer_units_exponent_5': 8, 'D_dagger_layers': 6, 'D_dagger_layer_units_exponent_0': 10, 'D_dagger_layer_units_exponent_1': 10, 'D_dagger_layer_units_exponent_2': 4, 'D_dagger_layer_units_exponent_3': 9, 'D_dagger_layer_units_exponent_4': 10, 'D_dagger_layer_units_exponent_5': 6, 'log_learning_rate': -3.670340802178739, 'log_learning_rate_D': -3.940219205267291, 'log_learning_rate_D_dagger': -3.74197239453892, 'training_batch_size': 9, 'training_p': 2}
	 epoch  0 training error:  tensor(1.0660, device='cuda:0', grad_fn=<DivBackward0>)
Memory status after this epoch: 
Memory allocated:  46.81396484375
Memory cached:  202.0
	 epoch  10 training error:  tensor(0.1540, device='cuda:0', grad_fn=<DivBackward0>)
Memory status after this epoch: 
Memory allocated:  46.81396484375
Memory cached:  342.0
	 epoch  20 training error:  tensor(0.1352, device='cuda:0', grad_fn=<DivBackward0>)
Memory status after this epoch: 
Memory allocated:  46.81396484375
Memory cached:  332.0
	 epoch  30 training error:  tensor(0.0874, device='cuda:0', grad_fn=<DivBackward0>)
Memory status after this epoch: 
Memory allocated:  46.81396484375
Memory cached:  346.0
	 epoch  40 training error:  tensor(0.0543, device='cuda:0', grad_fn=<DivBackward0>)
Memory status after this epoch: 
Memory allocated:  46.81396484375
Memory cached:  340.0
	 epoch  50 training error:  tensor(0.0437, device='cuda:0', grad_fn=<DivBackward0>)
Memory status after this epoch: 
Memory allocated:  46.81396484375
Memory cached:  340.0
	 epoch  60 training error:  tensor(0.0383, device='cuda:0', grad_fn=<DivBackward0>)
Memory status after this epoch: 
Memory allocated:  46.81396484375
Memory cached:  338.0
	 epoch  70 training error:  tensor(0.0368, device='cuda:0', grad_fn=<DivBackward0>)
Memory status after this epoch: 
Memory allocated:  46.81396484375
Memory cached:  336.0
	 epoch  80 training error:  tensor(0.0337, device='cuda:0', grad_fn=<DivBackward0>)
Memory status after this epoch: 
Memory allocated:  46.81396484375
Memory cached:  332.0
	 epoch  90 training error:  tensor(0.0351, device='cuda:0', grad_fn=<DivBackward0>)
Memory status after this epoch: 
Memory allocated:  46.81396484375
Memory cached:  342.0
[I 2023-11-09 19:23:32,454] Trial 13 finished with value: 0.03611352667212486 and parameters: {'W_layers': 6, 'W_layer_units_exponent_0': 5, 'W_layer_units_exponent_1': 5, 'W_layer_units_exponent_2': 8, 'W_layer_units_exponent_3': 7, 'W_layer_units_exponent_4': 10, 'W_layer_units_exponent_5': 7, 'D_layers': 6, 'D_layer_units_exponent_0': 9, 'D_layer_units_exponent_1': 9, 'D_layer_units_exponent_2': 10, 'D_layer_units_exponent_3': 4, 'D_layer_units_exponent_4': 10, 'D_layer_units_exponent_5': 8, 'D_dagger_layers': 6, 'D_dagger_layer_units_exponent_0': 10, 'D_dagger_layer_units_exponent_1': 10, 'D_dagger_layer_units_exponent_2': 4, 'D_dagger_layer_units_exponent_3': 9, 'D_dagger_layer_units_exponent_4': 10, 'D_dagger_layer_units_exponent_5': 6, 'log_learning_rate': -3.670340802178739, 'log_learning_rate_D': -3.940219205267291, 'log_learning_rate_D_dagger': -3.74197239453892, 'training_batch_size': 9, 'training_p': 2}. Best is trial 13 with value: 0.03611352667212486.
Time for this trial:  255.06652069091797
Memory status after this trial: 
Memory allocated:  482.6123046875
Memory cached:  516.0
--------------------  Trial  14   --------------------
Start timing: 
Parameters: 
{'W_layers': 6, 'W_layer_units_exponent_0': 5, 'W_layer_units_exponent_1': 5, 'W_layer_units_exponent_2': 8, 'W_layer_units_exponent_3': 7, 'W_layer_units_exponent_4': 10, 'W_layer_units_exponent_5': 6, 'D_layers': 7, 'D_layer_units_exponent_0': 9, 'D_layer_units_exponent_1': 8, 'D_layer_units_exponent_2': 10, 'D_layer_units_exponent_3': 4, 'D_layer_units_exponent_4': 10, 'D_layer_units_exponent_5': 4, 'D_layer_units_exponent_6': 7, 'D_dagger_layers': 7, 'D_dagger_layer_units_exponent_0': 10, 'D_dagger_layer_units_exponent_1': 9, 'D_dagger_layer_units_exponent_2': 6, 'D_dagger_layer_units_exponent_3': 8, 'D_dagger_layer_units_exponent_4': 8, 'D_dagger_layer_units_exponent_5': 6, 'D_dagger_layer_units_exponent_6': 6, 'log_learning_rate': -3.5702356387049705, 'log_learning_rate_D': -3.778312534863557, 'log_learning_rate_D_dagger': -3.7046864971960507, 'training_batch_size': 12, 'training_p': 5}
	 epoch  0 training error:  tensor(0.9842, device='cuda:0', grad_fn=<DivBackward0>)
Memory status after this epoch: 
Memory allocated:  20.75537109375
Memory cached:  174.0
	 epoch  10 training error:  tensor(0.1938, device='cuda:0', grad_fn=<DivBackward0>)
Memory status after this epoch: 
Memory allocated:  20.75537109375
Memory cached:  298.0
	 epoch  20 training error:  tensor(0.0967, device='cuda:0', grad_fn=<DivBackward0>)
Memory status after this epoch: 
Memory allocated:  20.75537109375
Memory cached:  294.0
	 epoch  30 training error:  tensor(0.0650, device='cuda:0', grad_fn=<DivBackward0>)
Memory status after this epoch: 
Memory allocated:  20.75537109375
Memory cached:  306.0
	 epoch  40 training error:  tensor(0.0520, device='cuda:0', grad_fn=<DivBackward0>)
Memory status after this epoch: 
Memory allocated:  20.75537109375
Memory cached:  302.0
	 epoch  50 training error:  tensor(0.0623, device='cuda:0', grad_fn=<DivBackward0>)
Memory status after this epoch: 
Memory allocated:  20.75537109375
Memory cached:  304.0
	 epoch  60 training error:  tensor(0.0422, device='cuda:0', grad_fn=<DivBackward0>)
Memory status after this epoch: 
Memory allocated:  20.75537109375
Memory cached:  298.0
	 epoch  70 training error:  tensor(0.0363, device='cuda:0', grad_fn=<DivBackward0>)
Memory status after this epoch: 
Memory allocated:  20.75537109375
Memory cached:  304.0
	 epoch  80 training error:  tensor(0.0351, device='cuda:0', grad_fn=<DivBackward0>)
Memory status after this epoch: 
Memory allocated:  20.75537109375
Memory cached:  302.0
	 epoch  90 training error:  tensor(0.0372, device='cuda:0', grad_fn=<DivBackward0>)
Memory status after this epoch: 
Memory allocated:  20.75537109375
Memory cached:  308.0
