[I 2023-11-01 14:03:25,059] Trial 17 finished with value: 0.22907285392284393 and parameters: {'W_layers': 3, 'W_layer_units_exponent_0': 6, 'W_layer_units_exponent_1': 8, 'W_layer_units_exponent_2': 8, 'D_layers': 6, 'D_layer_units_exponent_0': 10, 'D_layer_units_exponent_1': 8, 'D_layer_units_exponent_2': 5, 'D_layer_units_exponent_3': 8, 'D_layer_units_exponent_4': 6, 'D_layer_units_exponent_5': 7, 'log_learning_rate': -3.8922536070422717, 'log_learning_rate_D': -1.6182190725515584, 'training_batch_size': 11, 'training_p': 6}. Best is trial 4 with value: 0.22876401245594025.
Time for this trial:  134.03203105926514
Memory status after this trial: 
Memory allocated:  127.45458984375
Memory cached:  132.0
--------------------  Trial  18   --------------------
Start timing: 
Parameters: 
{'W_layers': 7, 'W_layer_units_exponent_0': 9, 'W_layer_units_exponent_1': 6, 'W_layer_units_exponent_2': 6, 'W_layer_units_exponent_3': 5, 'W_layer_units_exponent_4': 4, 'W_layer_units_exponent_5': 8, 'W_layer_units_exponent_6': 7, 'D_layers': 8, 'D_layer_units_exponent_0': 9, 'D_layer_units_exponent_1': 4, 'D_layer_units_exponent_2': 8, 'D_layer_units_exponent_3': 6, 'D_layer_units_exponent_4': 8, 'D_layer_units_exponent_5': 9, 'D_layer_units_exponent_6': 10, 'D_layer_units_exponent_7': 5, 'log_learning_rate': -2.49291539931151, 'log_learning_rate_D': -1.501382436398622, 'training_batch_size': 11, 'training_p': 5}
	 epoch  0 training error:  tensor(0.9891, device='cuda:0', grad_fn=<DivBackward0>)
Memory status after this epoch: 
Memory allocated:  12.498046875
Memory cached:  36.0
	 epoch  10 training error:  tensor(0.8318, device='cuda:0', grad_fn=<DivBackward0>)
Memory status after this epoch: 
Memory allocated:  12.498046875
Memory cached:  38.0
	 epoch  20 training error:  tensor(0.2556, device='cuda:0', grad_fn=<DivBackward0>)
Memory status after this epoch: 
Memory allocated:  12.498046875
Memory cached:  38.0
	 epoch  30 training error:  tensor(0.3098, device='cuda:0', grad_fn=<DivBackward0>)
Memory status after this epoch: 
Memory allocated:  12.498046875
Memory cached:  38.0
	 epoch  40 training error:  tensor(0.2871, device='cuda:0', grad_fn=<DivBackward0>)
Memory status after this epoch: 
Memory allocated:  12.498046875
Memory cached:  38.0
	 epoch  50 training error:  tensor(0.2651, device='cuda:0', grad_fn=<DivBackward0>)
Memory status after this epoch: 
Memory allocated:  12.498046875
Memory cached:  38.0
	 epoch  60 training error:  tensor(0.2567, device='cuda:0', grad_fn=<DivBackward0>)
Memory status after this epoch: 
Memory allocated:  12.498046875
Memory cached:  38.0
	 epoch  70 training error:  tensor(0.2560, device='cuda:0', grad_fn=<DivBackward0>)
Memory status after this epoch: 
Memory allocated:  12.498046875
Memory cached:  38.0
	 epoch  80 training error:  tensor(0.2561, device='cuda:0', grad_fn=<DivBackward0>)
Memory status after this epoch: 
Memory allocated:  12.498046875
Memory cached:  38.0
	 epoch  90 training error:  tensor(0.2556, device='cuda:0', grad_fn=<DivBackward0>)
Memory status after this epoch: 
Memory allocated:  12.498046875
Memory cached:  38.0
[I 2023-11-01 14:06:36,401] Trial 18 finished with value: 0.2304675132036209 and parameters: {'W_layers': 7, 'W_layer_units_exponent_0': 9, 'W_layer_units_exponent_1': 6, 'W_layer_units_exponent_2': 6, 'W_layer_units_exponent_3': 5, 'W_layer_units_exponent_4': 4, 'W_layer_units_exponent_5': 8, 'W_layer_units_exponent_6': 7, 'D_layers': 8, 'D_layer_units_exponent_0': 9, 'D_layer_units_exponent_1': 4, 'D_layer_units_exponent_2': 8, 'D_layer_units_exponent_3': 6, 'D_layer_units_exponent_4': 8, 'D_layer_units_exponent_5': 9, 'D_layer_units_exponent_6': 10, 'D_layer_units_exponent_7': 5, 'log_learning_rate': -2.49291539931151, 'log_learning_rate_D': -1.501382436398622, 'training_batch_size': 11, 'training_p': 5}. Best is trial 4 with value: 0.22876401245594025.
Time for this trial:  191.104900598526
Memory status after this trial: 
Memory allocated:  205.755859375
Memory cached:  226.0
--------------------  Trial  19   --------------------
Start timing: 
Parameters: 
{'W_layers': 3, 'W_layer_units_exponent_0': 7, 'W_layer_units_exponent_1': 5, 'W_layer_units_exponent_2': 5, 'D_layers': 7, 'D_layer_units_exponent_0': 6, 'D_layer_units_exponent_1': 10, 'D_layer_units_exponent_2': 6, 'D_layer_units_exponent_3': 5, 'D_layer_units_exponent_4': 10, 'D_layer_units_exponent_5': 9, 'D_layer_units_exponent_6': 8, 'log_learning_rate': -3.1104949064221623, 'log_learning_rate_D': -2.054211323013951, 'training_batch_size': 8, 'training_p': 4}
	 epoch  0 training error:  tensor(0.9125, device='cuda:0', grad_fn=<DivBackward0>)
Memory status after this epoch: 
Memory allocated:  12.71484375
Memory cached:  32.0
	 epoch  10 training error:  tensor(0.2711, device='cuda:0', grad_fn=<DivBackward0>)
Memory status after this epoch: 
Memory allocated:  12.71484375
Memory cached:  36.0
	 epoch  20 training error:  tensor(0.2818, device='cuda:0', grad_fn=<DivBackward0>)
Memory status after this epoch: 
Memory allocated:  12.71484375
Memory cached:  36.0
	 epoch  30 training error:  tensor(0.2642, device='cuda:0', grad_fn=<DivBackward0>)
Memory status after this epoch: 
Memory allocated:  12.71484375
Memory cached:  36.0
	 epoch  40 training error:  tensor(0.2536, device='cuda:0', grad_fn=<DivBackward0>)
Memory status after this epoch: 
Memory allocated:  12.71484375
Memory cached:  36.0
	 epoch  50 training error:  tensor(0.2526, device='cuda:0', grad_fn=<DivBackward0>)
Memory status after this epoch: 
Memory allocated:  12.71484375
Memory cached:  34.0
	 epoch  60 training error:  tensor(0.2528, device='cuda:0', grad_fn=<DivBackward0>)
Memory status after this epoch: 
Memory allocated:  12.71484375
Memory cached:  38.0
	 epoch  70 training error:  tensor(0.2522, device='cuda:0', grad_fn=<DivBackward0>)
Memory status after this epoch: 
Memory allocated:  12.71484375
Memory cached:  36.0
	 epoch  80 training error:  tensor(0.2523, device='cuda:0', grad_fn=<DivBackward0>)
Memory status after this epoch: 
Memory allocated:  12.71484375
Memory cached:  34.0
	 epoch  90 training error:  tensor(0.2522, device='cuda:0', grad_fn=<DivBackward0>)
Memory status after this epoch: 
Memory allocated:  12.71484375
Memory cached:  36.0
[I 2023-11-01 14:09:02,529] Trial 19 finished with value: 0.2297016680240631 and parameters: {'W_layers': 3, 'W_layer_units_exponent_0': 7, 'W_layer_units_exponent_1': 5, 'W_layer_units_exponent_2': 5, 'D_layers': 7, 'D_layer_units_exponent_0': 6, 'D_layer_units_exponent_1': 10, 'D_layer_units_exponent_2': 6, 'D_layer_units_exponent_3': 5, 'D_layer_units_exponent_4': 10, 'D_layer_units_exponent_5': 9, 'D_layer_units_exponent_6': 8, 'log_learning_rate': -3.1104949064221623, 'log_learning_rate_D': -2.054211323013951, 'training_batch_size': 8, 'training_p': 4}. Best is trial 4 with value: 0.22876401245594025.
Time for this trial:  145.89567017555237
Memory status after this trial: 
Memory allocated:  174.60009765625
Memory cached:  194.0
--------------------  Trial  20   --------------------
Start timing: 
Parameters: 
{'W_layers': 5, 'W_layer_units_exponent_0': 8, 'W_layer_units_exponent_1': 10, 'W_layer_units_exponent_2': 7, 'W_layer_units_exponent_3': 7, 'W_layer_units_exponent_4': 5, 'D_layers': 5, 'D_layer_units_exponent_0': 7, 'D_layer_units_exponent_1': 9, 'D_layer_units_exponent_2': 9, 'D_layer_units_exponent_3': 9, 'D_layer_units_exponent_4': 5, 'log_learning_rate': -3.6142475580333184, 'log_learning_rate_D': -2.9125923041687436, 'training_batch_size': 10, 'training_p': 4}
	 epoch  0 training error:  tensor(0.9750, device='cuda:0', grad_fn=<DivBackward0>)
Memory status after this epoch: 
Memory allocated:  15.671875
Memory cached:  20.0
	 epoch  10 training error:  tensor(0.2682, device='cuda:0', grad_fn=<DivBackward0>)
Memory status after this epoch: 
Memory allocated:  15.671875
Memory cached:  26.0
	 epoch  20 training error:  tensor(0.2557, device='cuda:0', grad_fn=<DivBackward0>)
Memory status after this epoch: 
Memory allocated:  15.671875
Memory cached:  22.0
	 epoch  30 training error:  tensor(0.2528, device='cuda:0', grad_fn=<DivBackward0>)
Memory status after this epoch: 
Memory allocated:  15.671875
Memory cached:  22.0
	 epoch  40 training error:  tensor(0.2517, device='cuda:0', grad_fn=<DivBackward0>)
Memory status after this epoch: 
Memory allocated:  15.671875
Memory cached:  22.0
	 epoch  50 training error:  tensor(0.2518, device='cuda:0', grad_fn=<DivBackward0>)
Memory status after this epoch: 
Memory allocated:  15.671875
Memory cached:  24.0
	 epoch  60 training error:  tensor(0.2517, device='cuda:0', grad_fn=<DivBackward0>)
Memory status after this epoch: 
Memory allocated:  15.671875
Memory cached:  22.0
	 epoch  70 training error:  tensor(0.2516, device='cuda:0', grad_fn=<DivBackward0>)
Memory status after this epoch: 
Memory allocated:  15.671875
Memory cached:  22.0
	 epoch  80 training error:  tensor(0.2516, device='cuda:0', grad_fn=<DivBackward0>)
Memory status after this epoch: 
Memory allocated:  15.671875
Memory cached:  22.0
	 epoch  90 training error:  tensor(0.2516, device='cuda:0', grad_fn=<DivBackward0>)
Memory status after this epoch: 
Memory allocated:  15.671875
Memory cached:  28.0
[I 2023-11-01 14:11:31,039] Trial 20 finished with value: 0.23422765731811523 and parameters: {'W_layers': 5, 'W_layer_units_exponent_0': 8, 'W_layer_units_exponent_1': 10, 'W_layer_units_exponent_2': 7, 'W_layer_units_exponent_3': 7, 'W_layer_units_exponent_4': 5, 'D_layers': 5, 'D_layer_units_exponent_0': 7, 'D_layer_units_exponent_1': 9, 'D_layer_units_exponent_2': 9, 'D_layer_units_exponent_3': 9, 'D_layer_units_exponent_4': 5, 'log_learning_rate': -3.6142475580333184, 'log_learning_rate_D': -2.9125923041687436, 'training_batch_size': 10, 'training_p': 4}. Best is trial 4 with value: 0.22876401245594025.
Time for this trial:  148.297189950943
Memory status after this trial: 
Memory allocated:  181.88916015625
Memory cached:  190.0
--------------------  Trial  21   --------------------
Start timing: 
Parameters: 
{'W_layers': 3, 'W_layer_units_exponent_0': 6, 'W_layer_units_exponent_1': 8, 'W_layer_units_exponent_2': 8, 'D_layers': 6, 'D_layer_units_exponent_0': 10, 'D_layer_units_exponent_1': 8, 'D_layer_units_exponent_2': 5, 'D_layer_units_exponent_3': 8, 'D_layer_units_exponent_4': 6, 'D_layer_units_exponent_5': 6, 'log_learning_rate': -3.9268859909815665, 'log_learning_rate_D': -1.618495218727051, 'training_batch_size': 11, 'training_p': 6}
	 epoch  0 training error:  tensor(0.9866, device='cuda:0', grad_fn=<DivBackward0>)
Memory status after this epoch: 
Memory allocated:  5.9296875
Memory cached:  10.0
	 epoch  10 training error:  tensor(0.2577, device='cuda:0', grad_fn=<DivBackward0>)
Memory status after this epoch: 
Memory allocated:  5.9296875
Memory cached:  14.0
	 epoch  20 training error:  tensor(0.2639, device='cuda:0', grad_fn=<DivBackward0>)
Memory status after this epoch: 
Memory allocated:  5.9296875
Memory cached:  16.0
	 epoch  30 training error:  tensor(0.2693, device='cuda:0', grad_fn=<DivBackward0>)
Memory status after this epoch: 
Memory allocated:  5.9296875
Memory cached:  16.0
	 epoch  40 training error:  tensor(0.2631, device='cuda:0', grad_fn=<DivBackward0>)
Memory status after this epoch: 
Memory allocated:  5.9296875
Memory cached:  14.0
	 epoch  50 training error:  tensor(0.2600, device='cuda:0', grad_fn=<DivBackward0>)
Memory status after this epoch: 
Memory allocated:  5.9296875
Memory cached:  16.0
	 epoch  60 training error:  tensor(0.2585, device='cuda:0', grad_fn=<DivBackward0>)
Memory status after this epoch: 
Memory allocated:  5.9296875
Memory cached:  16.0
	 epoch  70 training error:  tensor(0.2579, device='cuda:0', grad_fn=<DivBackward0>)
Memory status after this epoch: 
Memory allocated:  5.9296875
Memory cached:  14.0
	 epoch  80 training error:  tensor(0.2577, device='cuda:0', grad_fn=<DivBackward0>)
Memory status after this epoch: 
Memory allocated:  5.9296875
Memory cached:  16.0
	 epoch  90 training error:  tensor(0.2577, device='cuda:0', grad_fn=<DivBackward0>)
Memory status after this epoch: 
Memory allocated:  5.9296875
Memory cached:  16.0
[I 2023-11-01 14:13:44,740] Trial 21 finished with value: 0.22974471747875214 and parameters: {'W_layers': 3, 'W_layer_units_exponent_0': 6, 'W_layer_units_exponent_1': 8, 'W_layer_units_exponent_2': 8, 'D_layers': 6, 'D_layer_units_exponent_0': 10, 'D_layer_units_exponent_1': 8, 'D_layer_units_exponent_2': 5, 'D_layer_units_exponent_3': 8, 'D_layer_units_exponent_4': 6, 'D_layer_units_exponent_5': 6, 'log_learning_rate': -3.9268859909815665, 'log_learning_rate_D': -1.618495218727051, 'training_batch_size': 11, 'training_p': 6}. Best is trial 4 with value: 0.22876401245594025.
Time for this trial:  133.49369359016418
Memory status after this trial: 
Memory allocated:  124.03955078125
Memory cached:  128.0
--------------------  Trial  22   --------------------
Start timing: 
Parameters: 
{'W_layers': 4, 'W_layer_units_exponent_0': 6, 'W_layer_units_exponent_1': 8, 'W_layer_units_exponent_2': 9, 'W_layer_units_exponent_3': 5, 'D_layers': 7, 'D_layer_units_exponent_0': 10, 'D_layer_units_exponent_1': 9, 'D_layer_units_exponent_2': 5, 'D_layer_units_exponent_3': 9, 'D_layer_units_exponent_4': 6, 'D_layer_units_exponent_5': 7, 'D_layer_units_exponent_6': 9, 'log_learning_rate': -4.961301053187617, 'log_learning_rate_D': -1.6484078447419384, 'training_batch_size': 11, 'training_p': 6}
	 epoch  0 training error:  tensor(1.0072, device='cuda:0', grad_fn=<DivBackward0>)
Memory status after this epoch: 
Memory allocated:  12.767578125
Memory cached:  32.0
	 epoch  10 training error:  tensor(0.9996, device='cuda:0', grad_fn=<DivBackward0>)
Memory status after this epoch: 
Memory allocated:  12.767578125
Memory cached:  36.0
	 epoch  20 training error:  tensor(0.9995, device='cuda:0', grad_fn=<DivBackward0>)
Memory status after this epoch: 
Memory allocated:  12.767578125
Memory cached:  36.0
	 epoch  30 training error:  tensor(0.9995, device='cuda:0', grad_fn=<DivBackward0>)
Memory status after this epoch: 
Memory allocated:  12.767578125
Memory cached:  36.0
	 epoch  40 training error:  tensor(0.9994, device='cuda:0', grad_fn=<DivBackward0>)
Memory status after this epoch: 
Memory allocated:  12.767578125
Memory cached:  36.0
	 epoch  50 training error:  tensor(0.9994, device='cuda:0', grad_fn=<DivBackward0>)
Memory status after this epoch: 
Memory allocated:  12.767578125
Memory cached:  36.0
	 epoch  60 training error:  tensor(0.9994, device='cuda:0', grad_fn=<DivBackward0>)
Memory status after this epoch: 
Memory allocated:  12.767578125
Memory cached:  36.0
	 epoch  70 training error:  tensor(0.9994, device='cuda:0', grad_fn=<DivBackward0>)
Memory status after this epoch: 
Memory allocated:  12.767578125
Memory cached:  36.0
	 epoch  80 training error:  tensor(0.9994, device='cuda:0', grad_fn=<DivBackward0>)
Memory status after this epoch: 
Memory allocated:  12.767578125
Memory cached:  36.0
	 epoch  90 training error:  tensor(0.9994, device='cuda:0', grad_fn=<DivBackward0>)
Memory status after this epoch: 
Memory allocated:  12.767578125
Memory cached:  36.0
[I 2023-11-01 14:16:23,162] Trial 22 finished with value: 0.9995579719543457 and parameters: {'W_layers': 4, 'W_layer_units_exponent_0': 6, 'W_layer_units_exponent_1': 8, 'W_layer_units_exponent_2': 9, 'W_layer_units_exponent_3': 5, 'D_layers': 7, 'D_layer_units_exponent_0': 10, 'D_layer_units_exponent_1': 9, 'D_layer_units_exponent_2': 5, 'D_layer_units_exponent_3': 9, 'D_layer_units_exponent_4': 6, 'D_layer_units_exponent_5': 7, 'D_layer_units_exponent_6': 9, 'log_learning_rate': -4.961301053187617, 'log_learning_rate_D': -1.6484078447419384, 'training_batch_size': 11, 'training_p': 6}. Best is trial 4 with value: 0.22876401245594025.
Time for this trial:  158.20203685760498
Memory status after this trial: 
Memory allocated:  200.36376953125
Memory cached:  220.0
--------------------  Trial  23   --------------------
Start timing: 
Parameters: 
{'W_layers': 3, 'W_layer_units_exponent_0': 7, 'W_layer_units_exponent_1': 9, 'W_layer_units_exponent_2': 8, 'D_layers': 8, 'D_layer_units_exponent_0': 9, 'D_layer_units_exponent_1': 8, 'D_layer_units_exponent_2': 4, 'D_layer_units_exponent_3': 7, 'D_layer_units_exponent_4': 8, 'D_layer_units_exponent_5': 7, 'D_layer_units_exponent_6': 4, 'D_layer_units_exponent_7': 6, 'log_learning_rate': -4.211386091804357, 'log_learning_rate_D': -1.0464882412545111, 'training_batch_size': 9, 'training_p': 7}
	 epoch  0 training error:  tensor(1.0328, device='cuda:0', grad_fn=<DivBackward0>)
Memory status after this epoch: 
Memory allocated:  6.244140625
Memory cached:  16.0
	 epoch  10 training error:  tensor(0.3162, device='cuda:0', grad_fn=<DivBackward0>)
Memory status after this epoch: 
Memory allocated:  6.244140625
Memory cached:  22.0
	 epoch  20 training error:  tensor(0.2596, device='cuda:0', grad_fn=<DivBackward0>)
Memory status after this epoch: 
Memory allocated:  6.244140625
Memory cached:  22.0
	 epoch  30 training error:  tensor(0.2592, device='cuda:0', grad_fn=<DivBackward0>)
Memory status after this epoch: 
Memory allocated:  6.244140625
Memory cached:  20.0
	 epoch  40 training error:  tensor(0.2606, device='cuda:0', grad_fn=<DivBackward0>)
Memory status after this epoch: 
Memory allocated:  6.244140625
Memory cached:  24.0
	 epoch  50 training error:  tensor(0.2614, device='cuda:0', grad_fn=<DivBackward0>)
Memory status after this epoch: 
Memory allocated:  6.244140625
Memory cached:  22.0
	 epoch  60 training error:  tensor(0.2606, device='cuda:0', grad_fn=<DivBackward0>)
Memory status after this epoch: 
Memory allocated:  6.244140625
Memory cached:  22.0
	 epoch  70 training error:  tensor(0.2594, device='cuda:0', grad_fn=<DivBackward0>)
Memory status after this epoch: 
Memory allocated:  6.244140625
Memory cached:  22.0
	 epoch  80 training error:  tensor(0.2592, device='cuda:0', grad_fn=<DivBackward0>)
Memory status after this epoch: 
Memory allocated:  6.244140625
Memory cached:  24.0
	 epoch  90 training error:  tensor(0.2593, device='cuda:0', grad_fn=<DivBackward0>)
Memory status after this epoch: 
Memory allocated:  6.244140625
Memory cached:  22.0
[I 2023-11-01 14:18:51,411] Trial 23 finished with value: 0.22917930781841278 and parameters: {'W_layers': 3, 'W_layer_units_exponent_0': 7, 'W_layer_units_exponent_1': 9, 'W_layer_units_exponent_2': 8, 'D_layers': 8, 'D_layer_units_exponent_0': 9, 'D_layer_units_exponent_1': 8, 'D_layer_units_exponent_2': 4, 'D_layer_units_exponent_3': 7, 'D_layer_units_exponent_4': 8, 'D_layer_units_exponent_5': 7, 'D_layer_units_exponent_6': 4, 'D_layer_units_exponent_7': 6, 'log_learning_rate': -4.211386091804357, 'log_learning_rate_D': -1.0464882412545111, 'training_batch_size': 9, 'training_p': 7}. Best is trial 4 with value: 0.22876401245594025.
Time for this trial:  148.0189425945282
Memory status after this trial: 
Memory allocated:  124.7060546875
Memory cached:  128.0
--------------------  Trial  24   --------------------
Start timing: 
Parameters: 
{'W_layers': 2, 'W_layer_units_exponent_0': 5, 'W_layer_units_exponent_1': 8, 'D_layers': 6, 'D_layer_units_exponent_0': 10, 'D_layer_units_exponent_1': 10, 'D_layer_units_exponent_2': 7, 'D_layer_units_exponent_3': 10, 'D_layer_units_exponent_4': 6, 'D_layer_units_exponent_5': 8, 'log_learning_rate': -3.2910666102681114, 'log_learning_rate_D': -2.3343291738401404, 'training_batch_size': 10, 'training_p': 5}
	 epoch  0 training error:  tensor(0.8177, device='cuda:0', grad_fn=<DivBackward0>)
Memory status after this epoch: 
Memory allocated:  21.513671875
Memory cached:  32.0
	 epoch  10 training error:  tensor(0.3741, device='cuda:0', grad_fn=<DivBackward0>)
Memory status after this epoch: 
Memory allocated:  21.513671875
Memory cached:  34.0
	 epoch  20 training error:  tensor(0.2940, device='cuda:0', grad_fn=<DivBackward0>)
Memory status after this epoch: 
Memory allocated:  21.513671875
Memory cached:  34.0
	 epoch  30 training error:  tensor(0.2638, device='cuda:0', grad_fn=<DivBackward0>)
Memory status after this epoch: 
Memory allocated:  21.513671875
Memory cached:  34.0
	 epoch  40 training error:  tensor(0.2560, device='cuda:0', grad_fn=<DivBackward0>)
Memory status after this epoch: 
Memory allocated:  21.513671875
Memory cached:  34.0
	 epoch  50 training error:  tensor(0.2561, device='cuda:0', grad_fn=<DivBackward0>)
Memory status after this epoch: 
Memory allocated:  21.513671875
Memory cached:  34.0
	 epoch  60 training error:  tensor(0.2563, device='cuda:0', grad_fn=<DivBackward0>)
Memory status after this epoch: 
Memory allocated:  21.513671875
Memory cached:  34.0
	 epoch  70 training error:  tensor(0.2556, device='cuda:0', grad_fn=<DivBackward0>)
Memory status after this epoch: 
Memory allocated:  21.513671875
Memory cached:  34.0
	 epoch  80 training error:  tensor(0.2556, device='cuda:0', grad_fn=<DivBackward0>)
Memory status after this epoch: 
Memory allocated:  21.513671875
Memory cached:  34.0
	 epoch  90 training error:  tensor(0.2556, device='cuda:0', grad_fn=<DivBackward0>)
Memory status after this epoch: 
Memory allocated:  21.513671875
Memory cached:  34.0
