[I 2023-11-02 20:15:18,799] Trial 30 finished with value: 0.2459723949432373 and parameters: {'W_layers': 4, 'W_layer_units_exponent_0': 8, 'W_layer_units_exponent_1': 6, 'W_layer_units_exponent_2': 7, 'W_layer_units_exponent_3': 8, 'D_layers': 6, 'D_layer_units_exponent_0': 8, 'D_layer_units_exponent_1': 8, 'D_layer_units_exponent_2': 5, 'D_layer_units_exponent_3': 8, 'D_layer_units_exponent_4': 7, 'D_layer_units_exponent_5': 10, 'log_learning_rate': -1.8532784183099353, 'log_learning_rate_D': -1.7179190435337481, 'training_batch_size': 9, 'training_p': 3}. Best is trial 12 with value: 0.24513185024261475.
Time for this trial:  153.86612963676453
Memory status after this trial: 
Memory allocated:  146.29052734375
Memory cached:  152.0
--------------------  Trial  31   --------------------
Start timing: 
Parameters: 
{'W_layers': 2, 'W_layer_units_exponent_0': 5, 'W_layer_units_exponent_1': 8, 'D_layers': 2, 'D_layer_units_exponent_0': 4, 'D_layer_units_exponent_1': 7, 'log_learning_rate': -3.320673434903414, 'log_learning_rate_D': -1.0084231943972077, 'training_batch_size': 8, 'training_p': 7}
	 epoch  0 training error:  tensor(0.9739, device='cuda:0', grad_fn=<DivBackward0>)
Memory status after this epoch: 
Memory allocated:  0.380859375
Memory cached:  6.0
	 epoch  10 training error:  tensor(0.7992, device='cuda:0', grad_fn=<DivBackward0>)
Memory status after this epoch: 
Memory allocated:  0.380859375
Memory cached:  8.0
	 epoch  20 training error:  tensor(0.5722, device='cuda:0', grad_fn=<DivBackward0>)
Memory status after this epoch: 
Memory allocated:  0.380859375
Memory cached:  8.0
	 epoch  30 training error:  tensor(0.2838, device='cuda:0', grad_fn=<DivBackward0>)
Memory status after this epoch: 
Memory allocated:  0.380859375
Memory cached:  8.0
	 epoch  40 training error:  tensor(0.2963, device='cuda:0', grad_fn=<DivBackward0>)
Memory status after this epoch: 
Memory allocated:  0.380859375
Memory cached:  8.0
	 epoch  50 training error:  tensor(0.2606, device='cuda:0', grad_fn=<DivBackward0>)
Memory status after this epoch: 
Memory allocated:  0.380859375
Memory cached:  8.0
	 epoch  60 training error:  tensor(0.2547, device='cuda:0', grad_fn=<DivBackward0>)
Memory status after this epoch: 
Memory allocated:  0.380859375
Memory cached:  8.0
	 epoch  70 training error:  tensor(0.2557, device='cuda:0', grad_fn=<DivBackward0>)
Memory status after this epoch: 
Memory allocated:  0.380859375
Memory cached:  8.0
	 epoch  80 training error:  tensor(0.2550, device='cuda:0', grad_fn=<DivBackward0>)
Memory status after this epoch: 
Memory allocated:  0.380859375
Memory cached:  8.0
	 epoch  90 training error:  tensor(0.2544, device='cuda:0', grad_fn=<DivBackward0>)
Memory status after this epoch: 
Memory allocated:  0.380859375
Memory cached:  8.0
[I 2023-11-02 20:16:50,974] Trial 31 finished with value: 0.24595613777637482 and parameters: {'W_layers': 2, 'W_layer_units_exponent_0': 5, 'W_layer_units_exponent_1': 8, 'D_layers': 2, 'D_layer_units_exponent_0': 4, 'D_layer_units_exponent_1': 7, 'log_learning_rate': -3.320673434903414, 'log_learning_rate_D': -1.0084231943972077, 'training_batch_size': 8, 'training_p': 7}. Best is trial 12 with value: 0.24513185024261475.
Time for this trial:  91.98265337944031
Memory status after this trial: 
Memory allocated:  25.93896484375
Memory cached:  30.0
--------------------  Trial  32   --------------------
Start timing: 
Parameters: 
{'W_layers': 3, 'W_layer_units_exponent_0': 4, 'W_layer_units_exponent_1': 9, 'W_layer_units_exponent_2': 5, 'D_layers': 3, 'D_layer_units_exponent_0': 6, 'D_layer_units_exponent_1': 6, 'D_layer_units_exponent_2': 4, 'log_learning_rate': -2.1623248321342636, 'log_learning_rate_D': -2.1427927290128275, 'training_batch_size': 7, 'training_p': 6}
	 epoch  0 training error:  tensor(0.9765, device='cuda:0', grad_fn=<DivBackward0>)
Memory status after this epoch: 
Memory allocated:  0.74609375
Memory cached:  6.0
	 epoch  10 training error:  tensor(0.2568, device='cuda:0', grad_fn=<DivBackward0>)
Memory status after this epoch: 
Memory allocated:  0.74609375
Memory cached:  12.0
	 epoch  20 training error:  tensor(0.2549, device='cuda:0', grad_fn=<DivBackward0>)
Memory status after this epoch: 
Memory allocated:  0.74609375
Memory cached:  12.0
	 epoch  30 training error:  tensor(0.2538, device='cuda:0', grad_fn=<DivBackward0>)
Memory status after this epoch: 
Memory allocated:  0.74609375
Memory cached:  14.0
	 epoch  40 training error:  tensor(0.2533, device='cuda:0', grad_fn=<DivBackward0>)
Memory status after this epoch: 
Memory allocated:  0.74609375
Memory cached:  12.0
	 epoch  50 training error:  tensor(0.2529, device='cuda:0', grad_fn=<DivBackward0>)
Memory status after this epoch: 
Memory allocated:  0.74609375
Memory cached:  12.0
	 epoch  60 training error:  tensor(0.2527, device='cuda:0', grad_fn=<DivBackward0>)
Memory status after this epoch: 
Memory allocated:  0.74609375
Memory cached:  12.0
	 epoch  70 training error:  tensor(0.2527, device='cuda:0', grad_fn=<DivBackward0>)
Memory status after this epoch: 
Memory allocated:  0.74609375
Memory cached:  12.0
	 epoch  80 training error:  tensor(0.2526, device='cuda:0', grad_fn=<DivBackward0>)
Memory status after this epoch: 
Memory allocated:  0.74609375
Memory cached:  12.0
	 epoch  90 training error:  tensor(0.2526, device='cuda:0', grad_fn=<DivBackward0>)
Memory status after this epoch: 
Memory allocated:  0.74609375
Memory cached:  14.0
[I 2023-11-02 20:18:40,242] Trial 32 finished with value: 0.24649940431118011 and parameters: {'W_layers': 3, 'W_layer_units_exponent_0': 4, 'W_layer_units_exponent_1': 9, 'W_layer_units_exponent_2': 5, 'D_layers': 3, 'D_layer_units_exponent_0': 6, 'D_layer_units_exponent_1': 6, 'D_layer_units_exponent_2': 4, 'log_learning_rate': -2.1623248321342636, 'log_learning_rate_D': -2.1427927290128275, 'training_batch_size': 7, 'training_p': 6}. Best is trial 12 with value: 0.24513185024261475.
Time for this trial:  109.08907699584961
Memory status after this trial: 
Memory allocated:  40.81884765625
Memory cached:  44.0
--------------------  Trial  33   --------------------
Start timing: 
Parameters: 
{'W_layers': 2, 'W_layer_units_exponent_0': 6, 'W_layer_units_exponent_1': 8, 'D_layers': 8, 'D_layer_units_exponent_0': 5, 'D_layer_units_exponent_1': 7, 'D_layer_units_exponent_2': 6, 'D_layer_units_exponent_3': 5, 'D_layer_units_exponent_4': 5, 'D_layer_units_exponent_5': 9, 'D_layer_units_exponent_6': 7, 'D_layer_units_exponent_7': 8, 'log_learning_rate': -1.2891217356929152, 'log_learning_rate_D': -2.645507476242854, 'training_batch_size': 11, 'training_p': 2}
	 epoch  0 training error:  tensor(0.9833, device='cuda:0', grad_fn=<DivBackward0>)
Memory status after this epoch: 
Memory allocated:  2.57421875
Memory cached:  12.0
	 epoch  10 training error:  tensor(1.0000, device='cuda:0', grad_fn=<DivBackward0>)
Memory status after this epoch: 
Memory allocated:  2.57421875
Memory cached:  16.0
	 epoch  20 training error:  tensor(0.9998, device='cuda:0', grad_fn=<DivBackward0>)
Memory status after this epoch: 
Memory allocated:  2.57421875
Memory cached:  16.0
	 epoch  30 training error:  tensor(0.9899, device='cuda:0', grad_fn=<DivBackward0>)
Memory status after this epoch: 
Memory allocated:  2.57421875
Memory cached:  16.0
	 epoch  40 training error:  tensor(1.0003, device='cuda:0', grad_fn=<DivBackward0>)
Memory status after this epoch: 
Memory allocated:  2.57421875
Memory cached:  16.0
	 epoch  50 training error:  tensor(1., device='cuda:0', grad_fn=<DivBackward0>)
Memory status after this epoch: 
Memory allocated:  2.57421875
Memory cached:  16.0
	 epoch  60 training error:  tensor(1., device='cuda:0', grad_fn=<DivBackward0>)
Memory status after this epoch: 
Memory allocated:  2.57421875
Memory cached:  16.0
	 epoch  70 training error:  tensor(1., device='cuda:0', grad_fn=<DivBackward0>)
Memory status after this epoch: 
Memory allocated:  2.57421875
Memory cached:  16.0
	 epoch  80 training error:  tensor(1., device='cuda:0', grad_fn=<DivBackward0>)
Memory status after this epoch: 
Memory allocated:  2.57421875
Memory cached:  16.0
	 epoch  90 training error:  tensor(1., device='cuda:0', grad_fn=<DivBackward0>)
Memory status after this epoch: 
Memory allocated:  2.57421875
Memory cached:  16.0
[I 2023-11-02 20:21:00,227] Trial 33 finished with value: 1.0 and parameters: {'W_layers': 2, 'W_layer_units_exponent_0': 6, 'W_layer_units_exponent_1': 8, 'D_layers': 8, 'D_layer_units_exponent_0': 5, 'D_layer_units_exponent_1': 7, 'D_layer_units_exponent_2': 6, 'D_layer_units_exponent_3': 5, 'D_layer_units_exponent_4': 5, 'D_layer_units_exponent_5': 9, 'D_layer_units_exponent_6': 7, 'D_layer_units_exponent_7': 8, 'log_learning_rate': -1.2891217356929152, 'log_learning_rate_D': -2.645507476242854, 'training_batch_size': 11, 'training_p': 2}. Best is trial 12 with value: 0.24513185024261475.
Time for this trial:  139.70166873931885
Memory status after this trial: 
Memory allocated:  83.56201171875
Memory cached:  88.0
--------------------  Trial  34   --------------------
Start timing: 
Parameters: 
{'W_layers': 3, 'W_layer_units_exponent_0': 5, 'W_layer_units_exponent_1': 7, 'W_layer_units_exponent_2': 5, 'D_layers': 2, 'D_layer_units_exponent_0': 5, 'D_layer_units_exponent_1': 6, 'log_learning_rate': -1.8019448255394062, 'log_learning_rate_D': -3.4196588203210205, 'training_batch_size': 8, 'training_p': 6}
	 epoch  0 training error:  tensor(0.9873, device='cuda:0', grad_fn=<DivBackward0>)
Memory status after this epoch: 
Memory allocated:  0.41015625
Memory cached:  6.0
	 epoch  10 training error:  tensor(0.4826, device='cuda:0', grad_fn=<DivBackward0>)
Memory status after this epoch: 
Memory allocated:  0.41015625
Memory cached:  14.0
	 epoch  20 training error:  tensor(0.3282, device='cuda:0', grad_fn=<DivBackward0>)
Memory status after this epoch: 
Memory allocated:  0.41015625
Memory cached:  10.0
	 epoch  30 training error:  tensor(0.2679, device='cuda:0', grad_fn=<DivBackward0>)
Memory status after this epoch: 
Memory allocated:  0.41015625
Memory cached:  14.0
	 epoch  40 training error:  tensor(0.2586, device='cuda:0', grad_fn=<DivBackward0>)
Memory status after this epoch: 
Memory allocated:  0.41015625
Memory cached:  12.0
	 epoch  50 training error:  tensor(0.2527, device='cuda:0', grad_fn=<DivBackward0>)
Memory status after this epoch: 
Memory allocated:  0.41015625
Memory cached:  14.0
	 epoch  60 training error:  tensor(0.2527, device='cuda:0', grad_fn=<DivBackward0>)
Memory status after this epoch: 
Memory allocated:  0.41015625
Memory cached:  12.0
	 epoch  70 training error:  tensor(0.2528, device='cuda:0', grad_fn=<DivBackward0>)
Memory status after this epoch: 
Memory allocated:  0.41015625
Memory cached:  14.0
	 epoch  80 training error:  tensor(0.2528, device='cuda:0', grad_fn=<DivBackward0>)
Memory status after this epoch: 
Memory allocated:  0.41015625
Memory cached:  12.0
	 epoch  90 training error:  tensor(0.2526, device='cuda:0', grad_fn=<DivBackward0>)
Memory status after this epoch: 
Memory allocated:  0.41015625
Memory cached:  14.0
[I 2023-11-02 20:22:34,661] Trial 34 finished with value: 0.24632059037685394 and parameters: {'W_layers': 3, 'W_layer_units_exponent_0': 5, 'W_layer_units_exponent_1': 7, 'W_layer_units_exponent_2': 5, 'D_layers': 2, 'D_layer_units_exponent_0': 5, 'D_layer_units_exponent_1': 6, 'log_learning_rate': -1.8019448255394062, 'log_learning_rate_D': -3.4196588203210205, 'training_batch_size': 8, 'training_p': 6}. Best is trial 12 with value: 0.24513185024261475.
Time for this trial:  94.24469232559204
Memory status after this trial: 
Memory allocated:  18.11962890625
Memory cached:  22.0
--------------------  Trial  35   --------------------
Start timing: 
Parameters: 
{'W_layers': 2, 'W_layer_units_exponent_0': 7, 'W_layer_units_exponent_1': 8, 'D_layers': 3, 'D_layer_units_exponent_0': 7, 'D_layer_units_exponent_1': 9, 'D_layer_units_exponent_2': 4, 'log_learning_rate': -1.2415339173449316, 'log_learning_rate_D': -2.0941988552912387, 'training_batch_size': 8, 'training_p': 4}
	 epoch  0 training error:  tensor(1.0017, device='cuda:0', grad_fn=<DivBackward0>)
Memory status after this epoch: 
Memory allocated:  2.263671875
Memory cached:  10.0
	 epoch  10 training error:  tensor(1., device='cuda:0', grad_fn=<DivBackward0>)
Memory status after this epoch: 
Memory allocated:  2.263671875
Memory cached:  14.0
	 epoch  20 training error:  tensor(1., device='cuda:0', grad_fn=<DivBackward0>)
Memory status after this epoch: 
Memory allocated:  2.263671875
Memory cached:  16.0
	 epoch  30 training error:  tensor(1., device='cuda:0', grad_fn=<DivBackward0>)
Memory status after this epoch: 
Memory allocated:  2.263671875
Memory cached:  14.0
	 epoch  40 training error:  tensor(1., device='cuda:0', grad_fn=<DivBackward0>)
Memory status after this epoch: 
Memory allocated:  2.263671875
Memory cached:  14.0
	 epoch  50 training error:  tensor(1., device='cuda:0', grad_fn=<DivBackward0>)
Memory status after this epoch: 
Memory allocated:  2.263671875
Memory cached:  14.0
	 epoch  60 training error:  tensor(1., device='cuda:0', grad_fn=<DivBackward0>)
Memory status after this epoch: 
Memory allocated:  2.263671875
Memory cached:  16.0
	 epoch  70 training error:  tensor(1., device='cuda:0', grad_fn=<DivBackward0>)
Memory status after this epoch: 
Memory allocated:  2.263671875
Memory cached:  16.0
	 epoch  80 training error:  tensor(1., device='cuda:0', grad_fn=<DivBackward0>)
Memory status after this epoch: 
Memory allocated:  2.263671875
Memory cached:  14.0
	 epoch  90 training error:  tensor(1., device='cuda:0', grad_fn=<DivBackward0>)
Memory status after this epoch: 
Memory allocated:  2.263671875
Memory cached:  14.0
[I 2023-11-02 20:24:15,584] Trial 35 finished with value: 1.0 and parameters: {'W_layers': 2, 'W_layer_units_exponent_0': 7, 'W_layer_units_exponent_1': 8, 'D_layers': 3, 'D_layer_units_exponent_0': 7, 'D_layer_units_exponent_1': 9, 'D_layer_units_exponent_2': 4, 'log_learning_rate': -1.2415339173449316, 'log_learning_rate_D': -2.0941988552912387, 'training_batch_size': 8, 'training_p': 4}. Best is trial 12 with value: 0.24513185024261475.
Time for this trial:  100.74225687980652
Memory status after this trial: 
Memory allocated:  59.07763671875
Memory cached:  64.0
--------------------  Trial  36   --------------------
Start timing: 
Parameters: 
{'W_layers': 3, 'W_layer_units_exponent_0': 8, 'W_layer_units_exponent_1': 9, 'W_layer_units_exponent_2': 6, 'D_layers': 4, 'D_layer_units_exponent_0': 10, 'D_layer_units_exponent_1': 6, 'D_layer_units_exponent_2': 7, 'D_layer_units_exponent_3': 9, 'log_learning_rate': -2.8334114105458257, 'log_learning_rate_D': -1.762952049691797, 'training_batch_size': 7, 'training_p': 7}
	 epoch  0 training error:  tensor(1.0095, device='cuda:0', grad_fn=<DivBackward0>)
Memory status after this epoch: 
Memory allocated:  7.29296875
Memory cached:  14.0
	 epoch  10 training error:  tensor(0.2958, device='cuda:0', grad_fn=<DivBackward0>)
Memory status after this epoch: 
Memory allocated:  7.29296875
Memory cached:  20.0
	 epoch  20 training error:  tensor(0.2699, device='cuda:0', grad_fn=<DivBackward0>)
Memory status after this epoch: 
Memory allocated:  7.29296875
Memory cached:  20.0
	 epoch  30 training error:  tensor(0.2544, device='cuda:0', grad_fn=<DivBackward0>)
Memory status after this epoch: 
Memory allocated:  7.29296875
Memory cached:  20.0
	 epoch  40 training error:  tensor(0.2553, device='cuda:0', grad_fn=<DivBackward0>)
Memory status after this epoch: 
Memory allocated:  7.29296875
Memory cached:  20.0
	 epoch  50 training error:  tensor(0.2550, device='cuda:0', grad_fn=<DivBackward0>)
Memory status after this epoch: 
Memory allocated:  7.29296875
Memory cached:  20.0
	 epoch  60 training error:  tensor(0.2545, device='cuda:0', grad_fn=<DivBackward0>)
Memory status after this epoch: 
Memory allocated:  7.29296875
Memory cached:  18.0
	 epoch  70 training error:  tensor(0.2543, device='cuda:0', grad_fn=<DivBackward0>)
Memory status after this epoch: 
Memory allocated:  7.29296875
Memory cached:  20.0
	 epoch  80 training error:  tensor(0.2543, device='cuda:0', grad_fn=<DivBackward0>)
Memory status after this epoch: 
Memory allocated:  7.29296875
Memory cached:  18.0
	 epoch  90 training error:  tensor(0.2543, device='cuda:0', grad_fn=<DivBackward0>)
Memory status after this epoch: 
Memory allocated:  7.29296875
Memory cached:  20.0
[I 2023-11-02 20:26:21,346] Trial 36 finished with value: 0.2462756633758545 and parameters: {'W_layers': 3, 'W_layer_units_exponent_0': 8, 'W_layer_units_exponent_1': 9, 'W_layer_units_exponent_2': 6, 'D_layers': 4, 'D_layer_units_exponent_0': 10, 'D_layer_units_exponent_1': 6, 'D_layer_units_exponent_2': 7, 'D_layer_units_exponent_3': 9, 'log_learning_rate': -2.8334114105458257, 'log_learning_rate_D': -1.762952049691797, 'training_batch_size': 7, 'training_p': 7}. Best is trial 12 with value: 0.24513185024261475.
Time for this trial:  125.55026435852051
Memory status after this trial: 
Memory allocated:  142.02734375
Memory cached:  148.0
--------------------  Trial  37   --------------------
Start timing: 
Parameters: 
{'W_layers': 4, 'W_layer_units_exponent_0': 6, 'W_layer_units_exponent_1': 8, 'W_layer_units_exponent_2': 4, 'W_layer_units_exponent_3': 6, 'D_layers': 8, 'D_layer_units_exponent_0': 6, 'D_layer_units_exponent_1': 9, 'D_layer_units_exponent_2': 8, 'D_layer_units_exponent_3': 6, 'D_layer_units_exponent_4': 9, 'D_layer_units_exponent_5': 7, 'D_layer_units_exponent_6': 8, 'D_layer_units_exponent_7': 6, 'log_learning_rate': -3.636641441078764, 'log_learning_rate_D': -2.458286876079206, 'training_batch_size': 9, 'training_p': 8}
	 epoch  0 training error:  tensor(0.9762, device='cuda:0', grad_fn=<DivBackward0>)
Memory status after this epoch: 
Memory allocated:  5.73828125
Memory cached:  14.0
	 epoch  10 training error:  tensor(0.8822, device='cuda:0', grad_fn=<DivBackward0>)
Memory status after this epoch: 
Memory allocated:  5.73828125
Memory cached:  18.0
	 epoch  20 training error:  tensor(0.7534, device='cuda:0', grad_fn=<DivBackward0>)
Memory status after this epoch: 
Memory allocated:  5.73828125
Memory cached:  18.0
	 epoch  30 training error:  tensor(0.5466, device='cuda:0', grad_fn=<DivBackward0>)
Memory status after this epoch: 
Memory allocated:  5.73828125
Memory cached:  18.0
	 epoch  40 training error:  tensor(0.2584, device='cuda:0', grad_fn=<DivBackward0>)
Memory status after this epoch: 
Memory allocated:  5.73828125
Memory cached:  18.0
	 epoch  50 training error:  tensor(0.2863, device='cuda:0', grad_fn=<DivBackward0>)
Memory status after this epoch: 
Memory allocated:  5.73828125
Memory cached:  18.0
	 epoch  60 training error:  tensor(0.2627, device='cuda:0', grad_fn=<DivBackward0>)
Memory status after this epoch: 
Memory allocated:  5.73828125
Memory cached:  18.0
	 epoch  70 training error:  tensor(0.2571, device='cuda:0', grad_fn=<DivBackward0>)
Memory status after this epoch: 
Memory allocated:  5.73828125
Memory cached:  18.0
	 epoch  80 training error:  tensor(0.2555, device='cuda:0', grad_fn=<DivBackward0>)
Memory status after this epoch: 
Memory allocated:  5.73828125
Memory cached:  18.0
	 epoch  90 training error:  tensor(0.2554, device='cuda:0', grad_fn=<DivBackward0>)
Memory status after this epoch: 
Memory allocated:  5.73828125
Memory cached:  18.0
