[I 2023-10-30 17:21:56,736] Trial 34 finished with value: 1.0 and parameters: {'W_layers': 4, 'W_layer_units_exponent_0': 6, 'W_layer_units_exponent_1': 5, 'W_layer_units_exponent_2': 8, 'W_layer_units_exponent_3': 6, 'D_layers': 4, 'D_layer_units_exponent_0': 6, 'D_layer_units_exponent_1': 5, 'D_layer_units_exponent_2': 5, 'D_layer_units_exponent_3': 9, 'log_learning_rate': -1.0060819352671597, 'log_learning_rate_D': -2.889217812826341, 'training_batch_size': 7, 'training_p': 5}. Best is trial 8 with value: 0.22491002082824707.
Time for this trial:  121.48862099647522
Memory status after this trial: 
Memory allocated:  57.193359375
Memory cached:  58.0
--------------------  Trial  35   --------------------
Start timing: 
Parameters: 
{'W_layers': 5, 'W_layer_units_exponent_0': 4, 'W_layer_units_exponent_1': 6, 'W_layer_units_exponent_2': 9, 'W_layer_units_exponent_3': 6, 'W_layer_units_exponent_4': 4, 'D_layers': 5, 'D_layer_units_exponent_0': 6, 'D_layer_units_exponent_1': 7, 'D_layer_units_exponent_2': 7, 'D_layer_units_exponent_3': 8, 'D_layer_units_exponent_4': 4, 'log_learning_rate': -4.329583226511549, 'log_learning_rate_D': -2.068454512175618, 'training_batch_size': 11, 'training_p': 5}
	 epoch  0 training error:  tensor(1.0000, device='cuda:0', grad_fn=<DivBackward0>)
Memory status after this epoch: 
Memory allocated:  2.0517578125
Memory cached:  12.0
	 epoch  10 training error:  tensor(1.0000, device='cuda:0', grad_fn=<DivBackward0>)
Memory status after this epoch: 
Memory allocated:  2.0517578125
Memory cached:  16.0
	 epoch  20 training error:  tensor(1.0000, device='cuda:0', grad_fn=<DivBackward0>)
Memory status after this epoch: 
Memory allocated:  2.0517578125
Memory cached:  16.0
	 epoch  30 training error:  tensor(1.0000, device='cuda:0', grad_fn=<DivBackward0>)
Memory status after this epoch: 
Memory allocated:  2.0517578125
Memory cached:  16.0
	 epoch  40 training error:  tensor(1.0000, device='cuda:0', grad_fn=<DivBackward0>)
Memory status after this epoch: 
Memory allocated:  2.0517578125
Memory cached:  16.0
	 epoch  50 training error:  tensor(1.0000, device='cuda:0', grad_fn=<DivBackward0>)
Memory status after this epoch: 
Memory allocated:  2.0517578125
Memory cached:  16.0
	 epoch  60 training error:  tensor(1.0000, device='cuda:0', grad_fn=<DivBackward0>)
Memory status after this epoch: 
Memory allocated:  2.0517578125
Memory cached:  16.0
	 epoch  70 training error:  tensor(1.0000, device='cuda:0', grad_fn=<DivBackward0>)
Memory status after this epoch: 
Memory allocated:  2.0517578125
Memory cached:  16.0
	 epoch  80 training error:  tensor(1.0000, device='cuda:0', grad_fn=<DivBackward0>)
Memory status after this epoch: 
Memory allocated:  2.0517578125
Memory cached:  16.0
	 epoch  90 training error:  tensor(1.0000, device='cuda:0', grad_fn=<DivBackward0>)
Memory status after this epoch: 
Memory allocated:  2.0517578125
Memory cached:  16.0
[I 2023-10-30 17:24:15,990] Trial 35 finished with value: 0.999943196773529 and parameters: {'W_layers': 5, 'W_layer_units_exponent_0': 4, 'W_layer_units_exponent_1': 6, 'W_layer_units_exponent_2': 9, 'W_layer_units_exponent_3': 6, 'W_layer_units_exponent_4': 4, 'D_layers': 5, 'D_layer_units_exponent_0': 6, 'D_layer_units_exponent_1': 7, 'D_layer_units_exponent_2': 7, 'D_layer_units_exponent_3': 8, 'D_layer_units_exponent_4': 4, 'log_learning_rate': -4.329583226511549, 'log_learning_rate_D': -2.068454512175618, 'training_batch_size': 11, 'training_p': 5}. Best is trial 8 with value: 0.22491002082824707.
Time for this trial:  139.04459309577942
Memory status after this trial: 
Memory allocated:  69.46728515625
Memory cached:  72.0
--------------------  Trial  36   --------------------
Start timing: 
Parameters: 
{'W_layers': 2, 'W_layer_units_exponent_0': 7, 'W_layer_units_exponent_1': 7, 'D_layers': 4, 'D_layer_units_exponent_0': 5, 'D_layer_units_exponent_1': 10, 'D_layer_units_exponent_2': 10, 'D_layer_units_exponent_3': 4, 'log_learning_rate': -4.379006071736606, 'log_learning_rate_D': -2.1988939331174473, 'training_batch_size': 8, 'training_p': 5}
	 epoch  0 training error:  tensor(0.9998, device='cuda:0', grad_fn=<DivBackward0>)
Memory status after this epoch: 
Memory allocated:  17.1044921875
Memory cached:  26.0
	 epoch  10 training error:  tensor(1.4094, device='cuda:0', grad_fn=<DivBackward0>)
Memory status after this epoch: 
Memory allocated:  17.1044921875
Memory cached:  32.0
	 epoch  20 training error:  tensor(0.9994, device='cuda:0', grad_fn=<DivBackward0>)
Memory status after this epoch: 
Memory allocated:  17.1044921875
Memory cached:  32.0
	 epoch  30 training error:  tensor(0.9993, device='cuda:0', grad_fn=<DivBackward0>)
Memory status after this epoch: 
Memory allocated:  17.1044921875
Memory cached:  30.0
	 epoch  40 training error:  tensor(0.9992, device='cuda:0', grad_fn=<DivBackward0>)
Memory status after this epoch: 
Memory allocated:  17.1044921875
Memory cached:  30.0
	 epoch  50 training error:  tensor(0.9991, device='cuda:0', grad_fn=<DivBackward0>)
Memory status after this epoch: 
Memory allocated:  17.1044921875
Memory cached:  30.0
	 epoch  60 training error:  tensor(0.9990, device='cuda:0', grad_fn=<DivBackward0>)
Memory status after this epoch: 
Memory allocated:  17.1044921875
Memory cached:  30.0
	 epoch  70 training error:  tensor(0.9989, device='cuda:0', grad_fn=<DivBackward0>)
Memory status after this epoch: 
Memory allocated:  17.1044921875
Memory cached:  30.0
	 epoch  80 training error:  tensor(0.9988, device='cuda:0', grad_fn=<DivBackward0>)
Memory status after this epoch: 
Memory allocated:  17.1044921875
Memory cached:  32.0
	 epoch  90 training error:  tensor(0.9986, device='cuda:0', grad_fn=<DivBackward0>)
Memory status after this epoch: 
Memory allocated:  17.1044921875
Memory cached:  34.0
[I 2023-10-30 17:26:12,046] Trial 36 finished with value: 0.9983011484146118 and parameters: {'W_layers': 2, 'W_layer_units_exponent_0': 7, 'W_layer_units_exponent_1': 7, 'D_layers': 4, 'D_layer_units_exponent_0': 5, 'D_layer_units_exponent_1': 10, 'D_layer_units_exponent_2': 10, 'D_layer_units_exponent_3': 4, 'log_learning_rate': -4.379006071736606, 'log_learning_rate_D': -2.1988939331174473, 'training_batch_size': 8, 'training_p': 5}. Best is trial 8 with value: 0.22491002082824707.
Time for this trial:  115.85394024848938
Memory status after this trial: 
Memory allocated:  133.9541015625
Memory cached:  148.0
--------------------  Trial  37   --------------------
Start timing: 
Parameters: 
{'W_layers': 2, 'W_layer_units_exponent_0': 5, 'W_layer_units_exponent_1': 5, 'D_layers': 2, 'D_layer_units_exponent_0': 4, 'D_layer_units_exponent_1': 8, 'log_learning_rate': -3.1485179886770087, 'log_learning_rate_D': -3.0721568312248984, 'training_batch_size': 9, 'training_p': 4}
	 epoch  0 training error:  tensor(1.0007, device='cuda:0', grad_fn=<DivBackward0>)
Memory status after this epoch: 
Memory allocated:  0.1416015625
Memory cached:  4.0
	 epoch  10 training error:  tensor(0.9984, device='cuda:0', grad_fn=<DivBackward0>)
Memory status after this epoch: 
Memory allocated:  0.1416015625
Memory cached:  8.0
	 epoch  20 training error:  tensor(0.9953, device='cuda:0', grad_fn=<DivBackward0>)
Memory status after this epoch: 
Memory allocated:  0.1416015625
Memory cached:  6.0
	 epoch  30 training error:  tensor(0.9894, device='cuda:0', grad_fn=<DivBackward0>)
Memory status after this epoch: 
Memory allocated:  0.1416015625
Memory cached:  6.0
	 epoch  40 training error:  tensor(0.9773, device='cuda:0', grad_fn=<DivBackward0>)
Memory status after this epoch: 
Memory allocated:  0.1416015625
Memory cached:  6.0
	 epoch  50 training error:  tensor(0.9484, device='cuda:0', grad_fn=<DivBackward0>)
Memory status after this epoch: 
Memory allocated:  0.1416015625
Memory cached:  6.0
	 epoch  60 training error:  tensor(0.8451, device='cuda:0', grad_fn=<DivBackward0>)
Memory status after this epoch: 
Memory allocated:  0.1416015625
Memory cached:  6.0
	 epoch  70 training error:  tensor(0.5957, device='cuda:0', grad_fn=<DivBackward0>)
Memory status after this epoch: 
Memory allocated:  0.1416015625
Memory cached:  6.0
	 epoch  80 training error:  tensor(0.4478, device='cuda:0', grad_fn=<DivBackward0>)
Memory status after this epoch: 
Memory allocated:  0.1416015625
Memory cached:  6.0
	 epoch  90 training error:  tensor(0.3228, device='cuda:0', grad_fn=<DivBackward0>)
Memory status after this epoch: 
Memory allocated:  0.1416015625
Memory cached:  6.0
[I 2023-10-30 17:27:40,902] Trial 37 finished with value: 0.23156578838825226 and parameters: {'W_layers': 2, 'W_layer_units_exponent_0': 5, 'W_layer_units_exponent_1': 5, 'D_layers': 2, 'D_layer_units_exponent_0': 4, 'D_layer_units_exponent_1': 8, 'log_learning_rate': -3.1485179886770087, 'log_learning_rate_D': -3.0721568312248984, 'training_batch_size': 9, 'training_p': 4}. Best is trial 8 with value: 0.22491002082824707.
Time for this trial:  88.66128969192505
Memory status after this trial: 
Memory allocated:  18.78076171875
Memory cached:  20.0
--------------------  Trial  38   --------------------
Start timing: 
Parameters: 
{'W_layers': 2, 'W_layer_units_exponent_0': 7, 'W_layer_units_exponent_1': 4, 'D_layers': 2, 'D_layer_units_exponent_0': 4, 'D_layer_units_exponent_1': 9, 'log_learning_rate': -2.9821594048294466, 'log_learning_rate_D': -2.601916600983908, 'training_batch_size': 10, 'training_p': 3}
	 epoch  0 training error:  tensor(0.9994, device='cuda:0', grad_fn=<DivBackward0>)
Memory status after this epoch: 
Memory allocated:  0.2392578125
Memory cached:  8.0
	 epoch  10 training error:  tensor(0.9716, device='cuda:0', grad_fn=<DivBackward0>)
Memory status after this epoch: 
Memory allocated:  0.2392578125
Memory cached:  10.0
	 epoch  20 training error:  tensor(0.8635, device='cuda:0', grad_fn=<DivBackward0>)
Memory status after this epoch: 
Memory allocated:  0.2392578125
Memory cached:  12.0
	 epoch  30 training error:  tensor(0.5332, device='cuda:0', grad_fn=<DivBackward0>)
Memory status after this epoch: 
Memory allocated:  0.2392578125
Memory cached:  10.0
	 epoch  40 training error:  tensor(0.3300, device='cuda:0', grad_fn=<DivBackward0>)
Memory status after this epoch: 
Memory allocated:  0.2392578125
Memory cached:  12.0
	 epoch  50 training error:  tensor(0.2769, device='cuda:0', grad_fn=<DivBackward0>)
Memory status after this epoch: 
Memory allocated:  0.2392578125
Memory cached:  10.0
	 epoch  60 training error:  tensor(0.2591, device='cuda:0', grad_fn=<DivBackward0>)
Memory status after this epoch: 
Memory allocated:  0.2392578125
Memory cached:  12.0
	 epoch  70 training error:  tensor(0.2549, device='cuda:0', grad_fn=<DivBackward0>)
Memory status after this epoch: 
Memory allocated:  0.2392578125
Memory cached:  10.0
	 epoch  80 training error:  tensor(0.2527, device='cuda:0', grad_fn=<DivBackward0>)
Memory status after this epoch: 
Memory allocated:  0.2392578125
Memory cached:  12.0
	 epoch  90 training error:  tensor(0.2518, device='cuda:0', grad_fn=<DivBackward0>)
Memory status after this epoch: 
Memory allocated:  0.2392578125
Memory cached:  10.0
[I 2023-10-30 17:29:11,457] Trial 38 finished with value: 0.22745537757873535 and parameters: {'W_layers': 2, 'W_layer_units_exponent_0': 7, 'W_layer_units_exponent_1': 4, 'D_layers': 2, 'D_layer_units_exponent_0': 4, 'D_layer_units_exponent_1': 9, 'log_learning_rate': -2.9821594048294466, 'log_learning_rate_D': -2.601916600983908, 'training_batch_size': 10, 'training_p': 3}. Best is trial 8 with value: 0.22491002082824707.
Time for this trial:  90.37324166297913
Memory status after this trial: 
Memory allocated:  36.80810546875
Memory cached:  38.0
--------------------  Trial  39   --------------------
Start timing: 
Parameters: 
{'W_layers': 2, 'W_layer_units_exponent_0': 10, 'W_layer_units_exponent_1': 6, 'D_layers': 2, 'D_layer_units_exponent_0': 4, 'D_layer_units_exponent_1': 9, 'log_learning_rate': -2.565524989371373, 'log_learning_rate_D': -3.557615654677381, 'training_batch_size': 8, 'training_p': 5}
	 epoch  0 training error:  tensor(0.9999, device='cuda:0', grad_fn=<DivBackward0>)
Memory status after this epoch: 
Memory allocated:  1.3447265625
Memory cached:  10.0
	 epoch  10 training error:  tensor(0.3555, device='cuda:0', grad_fn=<DivBackward0>)
Memory status after this epoch: 
Memory allocated:  1.3447265625
Memory cached:  18.0
	 epoch  20 training error:  tensor(0.2668, device='cuda:0', grad_fn=<DivBackward0>)
Memory status after this epoch: 
Memory allocated:  1.3447265625
Memory cached:  14.0
	 epoch  30 training error:  tensor(0.2675, device='cuda:0', grad_fn=<DivBackward0>)
Memory status after this epoch: 
Memory allocated:  1.3447265625
Memory cached:  16.0
	 epoch  40 training error:  tensor(0.2558, device='cuda:0', grad_fn=<DivBackward0>)
Memory status after this epoch: 
Memory allocated:  1.3447265625
Memory cached:  14.0
	 epoch  50 training error:  tensor(0.2556, device='cuda:0', grad_fn=<DivBackward0>)
Memory status after this epoch: 
Memory allocated:  1.3447265625
Memory cached:  16.0
	 epoch  60 training error:  tensor(0.2555, device='cuda:0', grad_fn=<DivBackward0>)
Memory status after this epoch: 
Memory allocated:  1.3447265625
Memory cached:  14.0
	 epoch  70 training error:  tensor(0.2553, device='cuda:0', grad_fn=<DivBackward0>)
Memory status after this epoch: 
Memory allocated:  1.3447265625
Memory cached:  16.0
	 epoch  80 training error:  tensor(0.2553, device='cuda:0', grad_fn=<DivBackward0>)
Memory status after this epoch: 
Memory allocated:  1.3447265625
Memory cached:  14.0
	 epoch  90 training error:  tensor(0.2553, device='cuda:0', grad_fn=<DivBackward0>)
Memory status after this epoch: 
Memory allocated:  1.3447265625
Memory cached:  16.0
[I 2023-10-30 17:30:48,043] Trial 39 finished with value: 0.2262851744890213 and parameters: {'W_layers': 2, 'W_layer_units_exponent_0': 10, 'W_layer_units_exponent_1': 6, 'D_layers': 2, 'D_layer_units_exponent_0': 4, 'D_layer_units_exponent_1': 9, 'log_learning_rate': -2.565524989371373, 'log_learning_rate_D': -3.557615654677381, 'training_batch_size': 8, 'training_p': 5}. Best is trial 8 with value: 0.22491002082824707.
Time for this trial:  96.41628980636597
Memory status after this trial: 
Memory allocated:  87.60498046875
Memory cached:  90.0
--------------------  Trial  40   --------------------
Start timing: 
Parameters: 
{'W_layers': 3, 'W_layer_units_exponent_0': 6, 'W_layer_units_exponent_1': 4, 'W_layer_units_exponent_2': 7, 'D_layers': 2, 'D_layer_units_exponent_0': 5, 'D_layer_units_exponent_1': 8, 'log_learning_rate': -2.710968915960586, 'log_learning_rate_D': -2.936154159014154, 'training_batch_size': 9, 'training_p': 6}
	 epoch  0 training error:  tensor(1.0000, device='cuda:0', grad_fn=<DivBackward0>)
Memory status after this epoch: 
Memory allocated:  0.2431640625
Memory cached:  6.0
	 epoch  10 training error:  tensor(0.9940, device='cuda:0', grad_fn=<DivBackward0>)
Memory status after this epoch: 
Memory allocated:  0.2431640625
Memory cached:  6.0
	 epoch  20 training error:  tensor(0.9404, device='cuda:0', grad_fn=<DivBackward0>)
Memory status after this epoch: 
Memory allocated:  0.2431640625
Memory cached:  6.0
	 epoch  30 training error:  tensor(0.5410, device='cuda:0', grad_fn=<DivBackward0>)
Memory status after this epoch: 
Memory allocated:  0.2431640625
Memory cached:  6.0
	 epoch  40 training error:  tensor(0.2904, device='cuda:0', grad_fn=<DivBackward0>)
Memory status after this epoch: 
Memory allocated:  0.2431640625
Memory cached:  6.0
	 epoch  50 training error:  tensor(0.2932, device='cuda:0', grad_fn=<DivBackward0>)
Memory status after this epoch: 
Memory allocated:  0.2431640625
Memory cached:  6.0
	 epoch  60 training error:  tensor(0.2588, device='cuda:0', grad_fn=<DivBackward0>)
Memory status after this epoch: 
Memory allocated:  0.2431640625
Memory cached:  6.0
	 epoch  70 training error:  tensor(0.2623, device='cuda:0', grad_fn=<DivBackward0>)
Memory status after this epoch: 
Memory allocated:  0.2431640625
Memory cached:  6.0
	 epoch  80 training error:  tensor(0.2580, device='cuda:0', grad_fn=<DivBackward0>)
Memory status after this epoch: 
Memory allocated:  0.2431640625
Memory cached:  6.0
	 epoch  90 training error:  tensor(0.2577, device='cuda:0', grad_fn=<DivBackward0>)
Memory status after this epoch: 
Memory allocated:  0.2431640625
Memory cached:  6.0
[I 2023-10-30 17:32:25,122] Trial 40 finished with value: 0.22768822312355042 and parameters: {'W_layers': 3, 'W_layer_units_exponent_0': 6, 'W_layer_units_exponent_1': 4, 'W_layer_units_exponent_2': 7, 'D_layers': 2, 'D_layer_units_exponent_0': 5, 'D_layer_units_exponent_1': 8, 'log_learning_rate': -2.710968915960586, 'log_learning_rate_D': -2.936154159014154, 'training_batch_size': 9, 'training_p': 6}. Best is trial 8 with value: 0.22491002082824707.
Time for this trial:  96.8879075050354
Memory status after this trial: 
Memory allocated:  27.36962890625
Memory cached:  28.0
--------------------  Trial  41   --------------------
Start timing: 
Parameters: 
{'W_layers': 2, 'W_layer_units_exponent_0': 9, 'W_layer_units_exponent_1': 4, 'D_layers': 2, 'D_layer_units_exponent_0': 4, 'D_layer_units_exponent_1': 9, 'log_learning_rate': -3.281668271179991, 'log_learning_rate_D': -2.3482470253343353, 'training_batch_size': 11, 'training_p': 4}
	 epoch  0 training error:  tensor(0.9991, device='cuda:0', grad_fn=<DivBackward0>)
Memory status after this epoch: 
Memory allocated:  0.3916015625
Memory cached:  6.0
	 epoch  10 training error:  tensor(0.9774, device='cuda:0', grad_fn=<DivBackward0>)
Memory status after this epoch: 
Memory allocated:  0.3916015625
Memory cached:  12.0
	 epoch  20 training error:  tensor(0.8056, device='cuda:0', grad_fn=<DivBackward0>)
Memory status after this epoch: 
Memory allocated:  0.3916015625
Memory cached:  14.0
	 epoch  30 training error:  tensor(0.4446, device='cuda:0', grad_fn=<DivBackward0>)
Memory status after this epoch: 
Memory allocated:  0.3916015625
Memory cached:  14.0
	 epoch  40 training error:  tensor(0.3175, device='cuda:0', grad_fn=<DivBackward0>)
Memory status after this epoch: 
Memory allocated:  0.3916015625
Memory cached:  14.0
	 epoch  50 training error:  tensor(0.2706, device='cuda:0', grad_fn=<DivBackward0>)
Memory status after this epoch: 
Memory allocated:  0.3916015625
Memory cached:  10.0
	 epoch  60 training error:  tensor(0.2561, device='cuda:0', grad_fn=<DivBackward0>)
Memory status after this epoch: 
Memory allocated:  0.3916015625
Memory cached:  14.0
	 epoch  70 training error:  tensor(0.2536, device='cuda:0', grad_fn=<DivBackward0>)
Memory status after this epoch: 
Memory allocated:  0.3916015625
Memory cached:  10.0
	 epoch  80 training error:  tensor(0.2528, device='cuda:0', grad_fn=<DivBackward0>)
Memory status after this epoch: 
Memory allocated:  0.3916015625
Memory cached:  14.0
	 epoch  90 training error:  tensor(0.2525, device='cuda:0', grad_fn=<DivBackward0>)
Memory status after this epoch: 
Memory allocated:  0.3916015625
Memory cached:  12.0
[I 2023-10-30 17:33:58,370] Trial 41 finished with value: 0.2261752337217331 and parameters: {'W_layers': 2, 'W_layer_units_exponent_0': 9, 'W_layer_units_exponent_1': 4, 'D_layers': 2, 'D_layer_units_exponent_0': 4, 'D_layer_units_exponent_1': 9, 'log_learning_rate': -3.281668271179991, 'log_learning_rate_D': -2.3482470253343353, 'training_batch_size': 11, 'training_p': 4}. Best is trial 8 with value: 0.22491002082824707.
Time for this trial:  93.07139134407043
Memory status after this trial: 
Memory allocated:  57.39208984375
Memory cached:  58.0
--------------------  Trial  42   --------------------
Start timing: 
Parameters: 
{'W_layers': 2, 'W_layer_units_exponent_0': 8, 'W_layer_units_exponent_1': 8, 'D_layers': 3, 'D_layer_units_exponent_0': 5, 'D_layer_units_exponent_1': 8, 'D_layer_units_exponent_2': 7, 'log_learning_rate': -3.032522805752993, 'log_learning_rate_D': -3.137057743561169, 'training_batch_size': 8, 'training_p': 6}
	 epoch  0 training error:  tensor(0.9999, device='cuda:0', grad_fn=<DivBackward0>)
Memory status after this epoch: 
Memory allocated:  1.7255859375
Memory cached:  10.0
	 epoch  10 training error:  tensor(0.9579, device='cuda:0', grad_fn=<DivBackward0>)
Memory status after this epoch: 
Memory allocated:  1.7255859375
Memory cached:  16.0
	 epoch  20 training error:  tensor(0.6040, device='cuda:0', grad_fn=<DivBackward0>)
Memory status after this epoch: 
Memory allocated:  1.7255859375
Memory cached:  16.0
	 epoch  30 training error:  tensor(0.2597, device='cuda:0', grad_fn=<DivBackward0>)
Memory status after this epoch: 
Memory allocated:  1.7255859375
Memory cached:  16.0
	 epoch  40 training error:  tensor(0.2905, device='cuda:0', grad_fn=<DivBackward0>)
Memory status after this epoch: 
Memory allocated:  1.7255859375
Memory cached:  16.0
	 epoch  50 training error:  tensor(0.2574, device='cuda:0', grad_fn=<DivBackward0>)
Memory status after this epoch: 
Memory allocated:  1.7255859375
Memory cached:  16.0
	 epoch  60 training error:  tensor(0.2598, device='cuda:0', grad_fn=<DivBackward0>)
Memory status after this epoch: 
Memory allocated:  1.7255859375
Memory cached:  16.0
	 epoch  70 training error:  tensor(0.2590, device='cuda:0', grad_fn=<DivBackward0>)
Memory status after this epoch: 
Memory allocated:  1.7255859375
Memory cached:  16.0
	 epoch  80 training error:  tensor(0.2576, device='cuda:0', grad_fn=<DivBackward0>)
Memory status after this epoch: 
Memory allocated:  1.7255859375
Memory cached:  16.0
	 epoch  90 training error:  tensor(0.2572, device='cuda:0', grad_fn=<DivBackward0>)
Memory status after this epoch: 
Memory allocated:  1.7255859375
Memory cached:  16.0
