[I 2023-11-06 08:59:45,618] Trial 49 finished with value: 0.1187148243188858 and parameters: {'W_layers': 7, 'W_layer_units_exponent_0': 9, 'W_layer_units_exponent_1': 9, 'W_layer_units_exponent_2': 4, 'W_layer_units_exponent_3': 7, 'W_layer_units_exponent_4': 7, 'W_layer_units_exponent_5': 7, 'W_layer_units_exponent_6': 9, 'D_layers': 7, 'D_layer_units_exponent_0': 6, 'D_layer_units_exponent_1': 9, 'D_layer_units_exponent_2': 6, 'D_layer_units_exponent_3': 6, 'D_layer_units_exponent_4': 7, 'D_layer_units_exponent_5': 9, 'D_layer_units_exponent_6': 5, 'D_dagger_layers': 7, 'D_dagger_layer_units_exponent_0': 5, 'D_dagger_layer_units_exponent_1': 8, 'D_dagger_layer_units_exponent_2': 7, 'D_dagger_layer_units_exponent_3': 6, 'D_dagger_layer_units_exponent_4': 4, 'D_dagger_layer_units_exponent_5': 6, 'D_dagger_layer_units_exponent_6': 7, 'log_learning_rate': -1.601721413265912, 'log_learning_rate_D': -2.6805669715813276, 'log_learning_rate_D_dagger': -1.9921616516761507, 'training_batch_size': 11, 'training_p': 4}. Best is trial 36 with value: 0.05145559832453728.
[I 2023-11-06 08:59:45,619] A new study created in memory with name: no-name-cfcc2ce6-c8e8-482d-8dc5-168afb59f830
Time for this trial:  20.617647171020508
Memory status after this trial: 
Memory allocated:  145.5556640625
Memory cached:  154.0
--------------------  Trial  0   --------------------
Start timing: 
Parameters: 
{'W_layers': 7, 'W_layer_units_exponent_0': 8, 'W_layer_units_exponent_1': 8, 'W_layer_units_exponent_2': 6, 'W_layer_units_exponent_3': 10, 'W_layer_units_exponent_4': 6, 'W_layer_units_exponent_5': 7, 'W_layer_units_exponent_6': 7, 'D_layers': 2, 'D_layer_units_exponent_0': 8, 'D_layer_units_exponent_1': 10, 'D_dagger_layers': 8, 'D_dagger_layer_units_exponent_0': 6, 'D_dagger_layer_units_exponent_1': 10, 'D_dagger_layer_units_exponent_2': 10, 'D_dagger_layer_units_exponent_3': 9, 'D_dagger_layer_units_exponent_4': 7, 'D_dagger_layer_units_exponent_5': 7, 'D_dagger_layer_units_exponent_6': 4, 'D_dagger_layer_units_exponent_7': 8, 'log_learning_rate': -1.8875781487143333, 'log_learning_rate_D': -2.320651407131807, 'log_learning_rate_D_dagger': -1.2901373917705623, 'training_batch_size': 12, 'training_p': 7}
[W 2023-11-06 08:59:45,799] Trial 0 failed with parameters: {'W_layers': 7, 'W_layer_units_exponent_0': 8, 'W_layer_units_exponent_1': 8, 'W_layer_units_exponent_2': 6, 'W_layer_units_exponent_3': 10, 'W_layer_units_exponent_4': 6, 'W_layer_units_exponent_5': 7, 'W_layer_units_exponent_6': 7, 'D_layers': 2, 'D_layer_units_exponent_0': 8, 'D_layer_units_exponent_1': 10, 'D_dagger_layers': 8, 'D_dagger_layer_units_exponent_0': 6, 'D_dagger_layer_units_exponent_1': 10, 'D_dagger_layer_units_exponent_2': 10, 'D_dagger_layer_units_exponent_3': 9, 'D_dagger_layer_units_exponent_4': 7, 'D_dagger_layer_units_exponent_5': 7, 'D_dagger_layer_units_exponent_6': 4, 'D_dagger_layer_units_exponent_7': 8, 'log_learning_rate': -1.8875781487143333, 'log_learning_rate_D': -2.320651407131807, 'log_learning_rate_D_dagger': -1.2901373917705623, 'training_batch_size': 12, 'training_p': 7} because of the following error: UnboundLocalError("local variable 'dDdDaggerdXDot' referenced before assignment").
Traceback (most recent call last):
  File "/home/shengduo/anaconda3/lib/python3.9/site-packages/optuna/study/_optimize.py", line 200, in _run_trial
    value_or_values = func(trial)
  File "/home/shengduo/RateAndStateWithPotential/TuneDimXi_logV_WDsep.py", line 373, in objective
    avg_training_loss = train1Epoch(trainDataLoader, Loss, myWD, params['training_p'])
  File "/home/shengduo/RateAndStateWithPotential/TuneDimXi_logV_WDsep.py", line 219, in train1Epoch
    myPot.calf(Xs, XDots, ts)
  File "/home/shengduo/RateAndStateWithPotential/TuneDimXi_logV_WDsep.py", line 170, in calf
    del this_input, W, dWdXi, X_W, D, this_piece, dDdDaggerdXDot, X_D_dagger, D_dagger
UnboundLocalError: local variable 'dDdDaggerdXDot' referenced before assignment
[W 2023-11-06 08:59:45,800] Trial 0 failed with value None.
Traceback (most recent call last):
  File "/home/shengduo/RateAndStateWithPotential/TuneDimXi_logV_WDsep.py", line 418, in <module>
    this_study.optimize(myOpt.objective, n_trials=50)
  File "/home/shengduo/anaconda3/lib/python3.9/site-packages/optuna/study/study.py", line 442, in optimize
    _optimize(
  File "/home/shengduo/anaconda3/lib/python3.9/site-packages/optuna/study/_optimize.py", line 66, in _optimize
    _optimize_sequential(
  File "/home/shengduo/anaconda3/lib/python3.9/site-packages/optuna/study/_optimize.py", line 163, in _optimize_sequential
    frozen_trial = _run_trial(study, func, catch)
  File "/home/shengduo/anaconda3/lib/python3.9/site-packages/optuna/study/_optimize.py", line 251, in _run_trial
    raise func_err
  File "/home/shengduo/anaconda3/lib/python3.9/site-packages/optuna/study/_optimize.py", line 200, in _run_trial
    value_or_values = func(trial)
  File "/home/shengduo/RateAndStateWithPotential/TuneDimXi_logV_WDsep.py", line 373, in objective
    avg_training_loss = train1Epoch(trainDataLoader, Loss, myWD, params['training_p'])
  File "/home/shengduo/RateAndStateWithPotential/TuneDimXi_logV_WDsep.py", line 219, in train1Epoch
    myPot.calf(Xs, XDots, ts)
  File "/home/shengduo/RateAndStateWithPotential/TuneDimXi_logV_WDsep.py", line 170, in calf
    del this_input, W, dWdXi, X_W, D, this_piece, dDdDaggerdXDot, X_D_dagger, D_dagger 
UnboundLocalError: local variable 'dDdDaggerdXDot' referenced before assignment
