[I 2023-11-08 14:48:04,841] Trial 47 finished with value: 0.03713202103972435 and parameters: {'W_layers': 8, 'W_layer_units_exponent_0': 5, 'W_layer_units_exponent_1': 4, 'W_layer_units_exponent_2': 8, 'W_layer_units_exponent_3': 4, 'W_layer_units_exponent_4': 7, 'W_layer_units_exponent_5': 7, 'W_layer_units_exponent_6': 10, 'W_layer_units_exponent_7': 6, 'D_layers': 7, 'D_layer_units_exponent_0': 6, 'D_layer_units_exponent_1': 9, 'D_layer_units_exponent_2': 7, 'D_layer_units_exponent_3': 9, 'D_layer_units_exponent_4': 9, 'D_layer_units_exponent_5': 5, 'D_layer_units_exponent_6': 10, 'D_dagger_layers': 5, 'D_dagger_layer_units_exponent_0': 7, 'D_dagger_layer_units_exponent_1': 5, 'D_dagger_layer_units_exponent_2': 9, 'D_dagger_layer_units_exponent_3': 7, 'D_dagger_layer_units_exponent_4': 6, 'log_learning_rate': -4.284810064334627, 'log_learning_rate_D': -3.730042862817481, 'log_learning_rate_D_dagger': -2.129923473374167, 'training_batch_size': 10, 'training_p': 6}. Best is trial 47 with value: 0.03713202103972435.
Time for this trial:  247.78388452529907
Memory status after this trial: 
Memory allocated:  289.6484375
Memory cached:  296.0
--------------------  Trial  48   --------------------
Start timing: 
Parameters: 
{'W_layers': 8, 'W_layer_units_exponent_0': 4, 'W_layer_units_exponent_1': 4, 'W_layer_units_exponent_2': 8, 'W_layer_units_exponent_3': 4, 'W_layer_units_exponent_4': 6, 'W_layer_units_exponent_5': 7, 'W_layer_units_exponent_6': 10, 'W_layer_units_exponent_7': 6, 'D_layers': 7, 'D_layer_units_exponent_0': 6, 'D_layer_units_exponent_1': 8, 'D_layer_units_exponent_2': 7, 'D_layer_units_exponent_3': 10, 'D_layer_units_exponent_4': 9, 'D_layer_units_exponent_5': 5, 'D_layer_units_exponent_6': 10, 'D_dagger_layers': 4, 'D_dagger_layer_units_exponent_0': 7, 'D_dagger_layer_units_exponent_1': 5, 'D_dagger_layer_units_exponent_2': 9, 'D_dagger_layer_units_exponent_3': 7, 'log_learning_rate': -4.244078097136885, 'log_learning_rate_D': -3.6489149504102385, 'log_learning_rate_D_dagger': -2.3041857249852256, 'training_batch_size': 11, 'training_p': 5}
	 epoch  0 training error:  tensor(0.5995, device='cuda:0', grad_fn=<DivBackward0>)
Memory status after this epoch: 
Memory allocated:  16.31884765625
Memory cached:  188.0
	 epoch  10 training error:  tensor(0.9166, device='cuda:0', grad_fn=<DivBackward0>)
Memory status after this epoch: 
Memory allocated:  16.31884765625
Memory cached:  312.0
	 epoch  20 training error:  tensor(0.3885, device='cuda:0', grad_fn=<DivBackward0>)
Memory status after this epoch: 
Memory allocated:  16.31884765625
Memory cached:  308.0
	 epoch  30 training error:  tensor(0.1144, device='cuda:0', grad_fn=<DivBackward0>)
Memory status after this epoch: 
Memory allocated:  16.31884765625
Memory cached:  314.0
	 epoch  40 training error:  tensor(0.0946, device='cuda:0', grad_fn=<DivBackward0>)
Memory status after this epoch: 
Memory allocated:  16.31884765625
Memory cached:  310.0
	 epoch  50 training error:  tensor(0.0941, device='cuda:0', grad_fn=<DivBackward0>)
Memory status after this epoch: 
Memory allocated:  16.31884765625
Memory cached:  312.0
	 epoch  60 training error:  tensor(0.0923, device='cuda:0', grad_fn=<DivBackward0>)
Memory status after this epoch: 
Memory allocated:  16.31884765625
Memory cached:  312.0
	 epoch  70 training error:  tensor(0.0888, device='cuda:0', grad_fn=<DivBackward0>)
Memory status after this epoch: 
Memory allocated:  16.31884765625
Memory cached:  322.0
	 epoch  80 training error:  tensor(0.0849, device='cuda:0', grad_fn=<DivBackward0>)
Memory status after this epoch: 
Memory allocated:  16.31884765625
Memory cached:  310.0
	 epoch  90 training error:  tensor(0.0816, device='cuda:0', grad_fn=<DivBackward0>)
Memory status after this epoch: 
Memory allocated:  16.31884765625
Memory cached:  308.0
[I 2023-11-08 14:52:05,507] Trial 48 finished with value: 0.06517884135246277 and parameters: {'W_layers': 8, 'W_layer_units_exponent_0': 4, 'W_layer_units_exponent_1': 4, 'W_layer_units_exponent_2': 8, 'W_layer_units_exponent_3': 4, 'W_layer_units_exponent_4': 6, 'W_layer_units_exponent_5': 7, 'W_layer_units_exponent_6': 10, 'W_layer_units_exponent_7': 6, 'D_layers': 7, 'D_layer_units_exponent_0': 6, 'D_layer_units_exponent_1': 8, 'D_layer_units_exponent_2': 7, 'D_layer_units_exponent_3': 10, 'D_layer_units_exponent_4': 9, 'D_layer_units_exponent_5': 5, 'D_layer_units_exponent_6': 10, 'D_dagger_layers': 4, 'D_dagger_layer_units_exponent_0': 7, 'D_dagger_layer_units_exponent_1': 5, 'D_dagger_layer_units_exponent_2': 9, 'D_dagger_layer_units_exponent_3': 7, 'log_learning_rate': -4.244078097136885, 'log_learning_rate_D': -3.6489149504102385, 'log_learning_rate_D_dagger': -2.3041857249852256, 'training_batch_size': 11, 'training_p': 5}. Best is trial 47 with value: 0.03713202103972435.
Time for this trial:  240.31961703300476
Memory status after this trial: 
Memory allocated:  297.6552734375
Memory cached:  318.0
--------------------  Trial  49   --------------------
Start timing: 
Parameters: 
{'W_layers': 8, 'W_layer_units_exponent_0': 5, 'W_layer_units_exponent_1': 4, 'W_layer_units_exponent_2': 8, 'W_layer_units_exponent_3': 4, 'W_layer_units_exponent_4': 6, 'W_layer_units_exponent_5': 7, 'W_layer_units_exponent_6': 10, 'W_layer_units_exponent_7': 6, 'D_layers': 7, 'D_layer_units_exponent_0': 6, 'D_layer_units_exponent_1': 9, 'D_layer_units_exponent_2': 7, 'D_layer_units_exponent_3': 9, 'D_layer_units_exponent_4': 10, 'D_layer_units_exponent_5': 5, 'D_layer_units_exponent_6': 9, 'D_dagger_layers': 5, 'D_dagger_layer_units_exponent_0': 7, 'D_dagger_layer_units_exponent_1': 5, 'D_dagger_layer_units_exponent_2': 9, 'D_dagger_layer_units_exponent_3': 6, 'D_dagger_layer_units_exponent_4': 6, 'log_learning_rate': -4.3061003075926525, 'log_learning_rate_D': -3.5487267221590746, 'log_learning_rate_D_dagger': -1.9623539126060123, 'training_batch_size': 10, 'training_p': 6}
	 epoch  0 training error:  tensor(1.0443, device='cuda:0', grad_fn=<DivBackward0>)
Memory status after this epoch: 
Memory allocated:  15.62548828125
Memory cached:  182.0
	 epoch  10 training error:  tensor(0.9252, device='cuda:0', grad_fn=<DivBackward0>)
Memory status after this epoch: 
Memory allocated:  15.62548828125
Memory cached:  322.0
	 epoch  20 training error:  tensor(0.7221, device='cuda:0', grad_fn=<DivBackward0>)
Memory status after this epoch: 
Memory allocated:  15.62548828125
Memory cached:  318.0
	 epoch  30 training error:  tensor(0.3600, device='cuda:0', grad_fn=<DivBackward0>)
Memory status after this epoch: 
Memory allocated:  15.62548828125
Memory cached:  324.0
	 epoch  40 training error:  tensor(0.2190, device='cuda:0', grad_fn=<DivBackward0>)
Memory status after this epoch: 
Memory allocated:  15.62548828125
Memory cached:  316.0
	 epoch  50 training error:  tensor(0.1551, device='cuda:0', grad_fn=<DivBackward0>)
Memory status after this epoch: 
Memory allocated:  15.62548828125
Memory cached:  322.0
	 epoch  60 training error:  tensor(0.1345, device='cuda:0', grad_fn=<DivBackward0>)
Memory status after this epoch: 
Memory allocated:  15.62548828125
Memory cached:  320.0
	 epoch  70 training error:  tensor(0.1285, device='cuda:0', grad_fn=<DivBackward0>)
Memory status after this epoch: 
Memory allocated:  15.62548828125
Memory cached:  312.0
	 epoch  80 training error:  tensor(0.1275, device='cuda:0', grad_fn=<DivBackward0>)
Memory status after this epoch: 
Memory allocated:  15.62548828125
Memory cached:  318.0
	 epoch  90 training error:  tensor(0.1266, device='cuda:0', grad_fn=<DivBackward0>)
Memory status after this epoch: 
Memory allocated:  15.62548828125
Memory cached:  316.0
[I 2023-11-08 14:56:11,210] Trial 49 finished with value: 0.10219331830739975 and parameters: {'W_layers': 8, 'W_layer_units_exponent_0': 5, 'W_layer_units_exponent_1': 4, 'W_layer_units_exponent_2': 8, 'W_layer_units_exponent_3': 4, 'W_layer_units_exponent_4': 6, 'W_layer_units_exponent_5': 7, 'W_layer_units_exponent_6': 10, 'W_layer_units_exponent_7': 6, 'D_layers': 7, 'D_layer_units_exponent_0': 6, 'D_layer_units_exponent_1': 9, 'D_layer_units_exponent_2': 7, 'D_layer_units_exponent_3': 9, 'D_layer_units_exponent_4': 10, 'D_layer_units_exponent_5': 5, 'D_layer_units_exponent_6': 9, 'D_dagger_layers': 5, 'D_dagger_layer_units_exponent_0': 7, 'D_dagger_layer_units_exponent_1': 5, 'D_dagger_layer_units_exponent_2': 9, 'D_dagger_layer_units_exponent_3': 6, 'D_dagger_layer_units_exponent_4': 6, 'log_learning_rate': -4.3061003075926525, 'log_learning_rate_D': -3.5487267221590746, 'log_learning_rate_D_dagger': -1.9623539126060123, 'training_batch_size': 10, 'training_p': 6}. Best is trial 47 with value: 0.03713202103972435.
[I 2023-11-08 14:56:11,261] A new study created in memory with name: no-name-e9c30879-26ac-4687-b54d-bbc4c5766c4f
Time for this trial:  245.3519537448883
Memory status after this trial: 
Memory allocated:  284.45703125
Memory cached:  306.0
--------------------  Trial  0   --------------------
Start timing: 
Parameters: 
{'W_layers': 2, 'W_layer_units_exponent_0': 7, 'W_layer_units_exponent_1': 9, 'D_layers': 3, 'D_layer_units_exponent_0': 9, 'D_layer_units_exponent_1': 4, 'D_layer_units_exponent_2': 6, 'D_dagger_layers': 3, 'D_dagger_layer_units_exponent_0': 6, 'D_dagger_layer_units_exponent_1': 6, 'D_dagger_layer_units_exponent_2': 9, 'log_learning_rate': -4.16623482903186, 'log_learning_rate_D': -3.690723855730427, 'log_learning_rate_D_dagger': -1.535619289890422, 'training_batch_size': 8, 'training_p': 4}
	 epoch  0 training error:  tensor(1.5339, device='cuda:0', grad_fn=<DivBackward0>)
Memory status after this epoch: 
Memory allocated:  1.89599609375
Memory cached:  108.0
	 epoch  10 training error:  tensor(47.4244, device='cuda:0', grad_fn=<DivBackward0>)
Memory status after this epoch: 
Memory allocated:  1.89599609375
Memory cached:  156.0
	 epoch  20 training error:  tensor(0.1911, device='cuda:0', grad_fn=<DivBackward0>)
Memory status after this epoch: 
Memory allocated:  1.89599609375
Memory cached:  154.0
	 epoch  30 training error:  tensor(0.1433, device='cuda:0', grad_fn=<DivBackward0>)
Memory status after this epoch: 
Memory allocated:  1.89599609375
Memory cached:  154.0
	 epoch  40 training error:  tensor(0.1448, device='cuda:0', grad_fn=<DivBackward0>)
Memory status after this epoch: 
Memory allocated:  1.89599609375
Memory cached:  146.0
	 epoch  50 training error:  tensor(0.1305, device='cuda:0', grad_fn=<DivBackward0>)
Memory status after this epoch: 
Memory allocated:  1.89599609375
Memory cached:  156.0
	 epoch  60 training error:  tensor(0.1254, device='cuda:0', grad_fn=<DivBackward0>)
Memory status after this epoch: 
Memory allocated:  1.89599609375
Memory cached:  154.0
	 epoch  70 training error:  tensor(0.1203, device='cuda:0', grad_fn=<DivBackward0>)
Memory status after this epoch: 
Memory allocated:  1.89599609375
Memory cached:  160.0
	 epoch  80 training error:  tensor(0.1187, device='cuda:0', grad_fn=<DivBackward0>)
Memory status after this epoch: 
Memory allocated:  1.89599609375
Memory cached:  168.0
	 epoch  90 training error:  tensor(0.1184, device='cuda:0', grad_fn=<DivBackward0>)
Memory status after this epoch: 
Memory allocated:  1.89599609375
Memory cached:  148.0
[I 2023-11-08 14:58:29,698] Trial 0 finished with value: 0.10401872545480728 and parameters: {'W_layers': 2, 'W_layer_units_exponent_0': 7, 'W_layer_units_exponent_1': 9, 'D_layers': 3, 'D_layer_units_exponent_0': 9, 'D_layer_units_exponent_1': 4, 'D_layer_units_exponent_2': 6, 'D_dagger_layers': 3, 'D_dagger_layer_units_exponent_0': 6, 'D_dagger_layer_units_exponent_1': 6, 'D_dagger_layer_units_exponent_2': 9, 'log_learning_rate': -4.16623482903186, 'log_learning_rate_D': -3.690723855730427, 'log_learning_rate_D_dagger': -1.535619289890422, 'training_batch_size': 8, 'training_p': 4}. Best is trial 0 with value: 0.10401872545480728.
Time for this trial:  138.33699226379395
Memory status after this trial: 
Memory allocated:  101.7109375
Memory cached:  122.0
--------------------  Trial  1   --------------------
Start timing: 
Parameters: 
{'W_layers': 6, 'W_layer_units_exponent_0': 7, 'W_layer_units_exponent_1': 7, 'W_layer_units_exponent_2': 4, 'W_layer_units_exponent_3': 4, 'W_layer_units_exponent_4': 8, 'W_layer_units_exponent_5': 4, 'D_layers': 3, 'D_layer_units_exponent_0': 5, 'D_layer_units_exponent_1': 5, 'D_layer_units_exponent_2': 4, 'D_dagger_layers': 3, 'D_dagger_layer_units_exponent_0': 6, 'D_dagger_layer_units_exponent_1': 10, 'D_dagger_layer_units_exponent_2': 10, 'log_learning_rate': -3.721689030563133, 'log_learning_rate_D': -2.455349665728345, 'log_learning_rate_D_dagger': -3.4400034948296327, 'training_batch_size': 7, 'training_p': 5}
	 epoch  0 training error:  tensor(1.1680, device='cuda:0', grad_fn=<DivBackward0>)
Memory status after this epoch: 
Memory allocated:  17.63427734375
Memory cached:  152.0
	 epoch  10 training error:  tensor(1.1840, device='cuda:0', grad_fn=<DivBackward0>)
Memory status after this epoch: 
Memory allocated:  17.63427734375
Memory cached:  268.0
	 epoch  20 training error:  tensor(0.6960, device='cuda:0', grad_fn=<DivBackward0>)
Memory status after this epoch: 
Memory allocated:  17.63427734375
Memory cached:  256.0
	 epoch  30 training error:  tensor(0.2679, device='cuda:0', grad_fn=<DivBackward0>)
Memory status after this epoch: 
Memory allocated:  17.63427734375
Memory cached:  260.0
	 epoch  40 training error:  tensor(0.1976, device='cuda:0', grad_fn=<DivBackward0>)
Memory status after this epoch: 
Memory allocated:  17.63427734375
Memory cached:  254.0
	 epoch  50 training error:  tensor(0.1423, device='cuda:0', grad_fn=<DivBackward0>)
Memory status after this epoch: 
Memory allocated:  17.63427734375
Memory cached:  238.0
	 epoch  60 training error:  tensor(0.1394, device='cuda:0', grad_fn=<DivBackward0>)
Memory status after this epoch: 
Memory allocated:  17.63427734375
Memory cached:  256.0
	 epoch  70 training error:  tensor(0.1300, device='cuda:0', grad_fn=<DivBackward0>)
Memory status after this epoch: 
Memory allocated:  17.63427734375
Memory cached:  254.0
	 epoch  80 training error:  tensor(0.1270, device='cuda:0', grad_fn=<DivBackward0>)
Memory status after this epoch: 
Memory allocated:  17.63427734375
Memory cached:  252.0
	 epoch  90 training error:  tensor(0.1241, device='cuda:0', grad_fn=<DivBackward0>)
Memory status after this epoch: 
Memory allocated:  17.63427734375
Memory cached:  256.0
[I 2023-11-08 15:01:26,670] Trial 1 finished with value: 0.10118009895086288 and parameters: {'W_layers': 6, 'W_layer_units_exponent_0': 7, 'W_layer_units_exponent_1': 7, 'W_layer_units_exponent_2': 4, 'W_layer_units_exponent_3': 4, 'W_layer_units_exponent_4': 8, 'W_layer_units_exponent_5': 4, 'D_layers': 3, 'D_layer_units_exponent_0': 5, 'D_layer_units_exponent_1': 5, 'D_layer_units_exponent_2': 4, 'D_dagger_layers': 3, 'D_dagger_layer_units_exponent_0': 6, 'D_dagger_layer_units_exponent_1': 10, 'D_dagger_layer_units_exponent_2': 10, 'log_learning_rate': -3.721689030563133, 'log_learning_rate_D': -2.455349665728345, 'log_learning_rate_D_dagger': -3.4400034948296327, 'training_batch_size': 7, 'training_p': 5}. Best is trial 1 with value: 0.10118009895086288.
Time for this trial:  176.84172558784485
Memory status after this trial: 
Memory allocated:  157.36328125
Memory cached:  194.0
--------------------  Trial  2   --------------------
Start timing: 
Parameters: 
{'W_layers': 8, 'W_layer_units_exponent_0': 5, 'W_layer_units_exponent_1': 6, 'W_layer_units_exponent_2': 5, 'W_layer_units_exponent_3': 4, 'W_layer_units_exponent_4': 7, 'W_layer_units_exponent_5': 5, 'W_layer_units_exponent_6': 5, 'W_layer_units_exponent_7': 8, 'D_layers': 2, 'D_layer_units_exponent_0': 9, 'D_layer_units_exponent_1': 4, 'D_dagger_layers': 6, 'D_dagger_layer_units_exponent_0': 4, 'D_dagger_layer_units_exponent_1': 4, 'D_dagger_layer_units_exponent_2': 7, 'D_dagger_layer_units_exponent_3': 9, 'D_dagger_layer_units_exponent_4': 10, 'D_dagger_layer_units_exponent_5': 4, 'log_learning_rate': -1.5296154581439048, 'log_learning_rate_D': -3.5848459583632777, 'log_learning_rate_D_dagger': -4.358076229859794, 'training_batch_size': 8, 'training_p': 3}
	 epoch  0 training error:  tensor(1.0061, device='cuda:0', grad_fn=<DivBackward0>)
Memory status after this epoch: 
Memory allocated:  9.91943359375
Memory cached:  148.0
	 epoch  10 training error:  tensor(0.4504, device='cuda:0', grad_fn=<DivBackward0>)
Memory status after this epoch: 
Memory allocated:  9.91943359375
Memory cached:  240.0
	 epoch  20 training error:  tensor(0.2265, device='cuda:0', grad_fn=<DivBackward0>)
Memory status after this epoch: 
Memory allocated:  9.91943359375
Memory cached:  238.0
	 epoch  30 training error:  tensor(0.1220, device='cuda:0', grad_fn=<DivBackward0>)
Memory status after this epoch: 
Memory allocated:  9.91943359375
Memory cached:  248.0
	 epoch  40 training error:  tensor(0.1041, device='cuda:0', grad_fn=<DivBackward0>)
Memory status after this epoch: 
Memory allocated:  9.91943359375
Memory cached:  246.0
	 epoch  50 training error:  tensor(0.0962, device='cuda:0', grad_fn=<DivBackward0>)
Memory status after this epoch: 
Memory allocated:  9.91943359375
Memory cached:  236.0
	 epoch  60 training error:  tensor(0.0903, device='cuda:0', grad_fn=<DivBackward0>)
Memory status after this epoch: 
Memory allocated:  9.91943359375
Memory cached:  242.0
	 epoch  70 training error:  tensor(0.0882, device='cuda:0', grad_fn=<DivBackward0>)
Memory status after this epoch: 
Memory allocated:  9.91943359375
Memory cached:  228.0
	 epoch  80 training error:  tensor(0.0884, device='cuda:0', grad_fn=<DivBackward0>)
Memory status after this epoch: 
Memory allocated:  9.91943359375
Memory cached:  248.0
	 epoch  90 training error:  tensor(0.0879, device='cuda:0', grad_fn=<DivBackward0>)
Memory status after this epoch: 
Memory allocated:  9.91943359375
Memory cached:  232.0
[I 2023-11-08 15:04:48,615] Trial 2 finished with value: 0.07416194677352905 and parameters: {'W_layers': 8, 'W_layer_units_exponent_0': 5, 'W_layer_units_exponent_1': 6, 'W_layer_units_exponent_2': 5, 'W_layer_units_exponent_3': 4, 'W_layer_units_exponent_4': 7, 'W_layer_units_exponent_5': 5, 'W_layer_units_exponent_6': 5, 'W_layer_units_exponent_7': 8, 'D_layers': 2, 'D_layer_units_exponent_0': 9, 'D_layer_units_exponent_1': 4, 'D_dagger_layers': 6, 'D_dagger_layer_units_exponent_0': 4, 'D_dagger_layer_units_exponent_1': 4, 'D_dagger_layer_units_exponent_2': 7, 'D_dagger_layer_units_exponent_3': 9, 'D_dagger_layer_units_exponent_4': 10, 'D_dagger_layer_units_exponent_5': 4, 'log_learning_rate': -1.5296154581439048, 'log_learning_rate_D': -3.5848459583632777, 'log_learning_rate_D_dagger': -4.358076229859794, 'training_batch_size': 8, 'training_p': 3}. Best is trial 2 with value: 0.07416194677352905.
Time for this trial:  201.7663435935974
Memory status after this trial: 
Memory allocated:  157.7099609375
Memory cached:  188.0
--------------------  Trial  3   --------------------
Start timing: 
Parameters: 
{'W_layers': 5, 'W_layer_units_exponent_0': 6, 'W_layer_units_exponent_1': 9, 'W_layer_units_exponent_2': 10, 'W_layer_units_exponent_3': 7, 'W_layer_units_exponent_4': 8, 'D_layers': 2, 'D_layer_units_exponent_0': 10, 'D_layer_units_exponent_1': 10, 'D_dagger_layers': 5, 'D_dagger_layer_units_exponent_0': 4, 'D_dagger_layer_units_exponent_1': 5, 'D_dagger_layer_units_exponent_2': 9, 'D_dagger_layer_units_exponent_3': 5, 'D_dagger_layer_units_exponent_4': 10, 'log_learning_rate': -2.6183842693475143, 'log_learning_rate_D': -3.341751888791733, 'log_learning_rate_D_dagger': -3.8583771215522136, 'training_batch_size': 9, 'training_p': 4}
	 epoch  0 training error:  tensor(0.8941, device='cuda:0', grad_fn=<DivBackward0>)
Memory status after this epoch: 
Memory allocated:  28.29052734375
Memory cached:  184.0
	 epoch  10 training error:  tensor(0.2083, device='cuda:0', grad_fn=<DivBackward0>)
Memory status after this epoch: 
Memory allocated:  28.29052734375
Memory cached:  326.0
	 epoch  20 training error:  tensor(0.1396, device='cuda:0', grad_fn=<DivBackward0>)
Memory status after this epoch: 
Memory allocated:  28.29052734375
Memory cached:  316.0
	 epoch  30 training error:  tensor(0.0949, device='cuda:0', grad_fn=<DivBackward0>)
Memory status after this epoch: 
Memory allocated:  28.29052734375
Memory cached:  324.0
	 epoch  40 training error:  tensor(0.0695, device='cuda:0', grad_fn=<DivBackward0>)
Memory status after this epoch: 
Memory allocated:  28.29052734375
Memory cached:  328.0
	 epoch  50 training error:  tensor(0.0590, device='cuda:0', grad_fn=<DivBackward0>)
Memory status after this epoch: 
Memory allocated:  28.29052734375
Memory cached:  324.0
	 epoch  60 training error:  tensor(0.0546, device='cuda:0', grad_fn=<DivBackward0>)
Memory status after this epoch: 
Memory allocated:  28.29052734375
Memory cached:  332.0
	 epoch  70 training error:  tensor(0.0529, device='cuda:0', grad_fn=<DivBackward0>)
Memory status after this epoch: 
Memory allocated:  28.29052734375
Memory cached:  332.0
	 epoch  80 training error:  tensor(0.0505, device='cuda:0', grad_fn=<DivBackward0>)
Memory status after this epoch: 
Memory allocated:  28.29052734375
Memory cached:  322.0
	 epoch  90 training error:  tensor(0.0483, device='cuda:0', grad_fn=<DivBackward0>)
Memory status after this epoch: 
Memory allocated:  28.29052734375
Memory cached:  318.0
