[I 2023-11-07 20:13:06,487] Trial 17 finished with value: 0.020323319360613823 and parameters: {'W_layers': 7, 'W_layer_units_exponent_0': 6, 'W_layer_units_exponent_1': 5, 'W_layer_units_exponent_2': 5, 'W_layer_units_exponent_3': 9, 'W_layer_units_exponent_4': 5, 'W_layer_units_exponent_5': 8, 'W_layer_units_exponent_6': 6, 'D_layers': 4, 'D_layer_units_exponent_0': 4, 'D_layer_units_exponent_1': 9, 'D_layer_units_exponent_2': 6, 'D_layer_units_exponent_3': 8, 'D_dagger_layers': 4, 'D_dagger_layer_units_exponent_0': 8, 'D_dagger_layer_units_exponent_1': 8, 'D_dagger_layer_units_exponent_2': 4, 'D_dagger_layer_units_exponent_3': 8, 'log_learning_rate': -4.430175881029446, 'log_learning_rate_D': -3.3852453429001557, 'log_learning_rate_D_dagger': -3.815047720078009, 'training_batch_size': 7, 'training_p': 3}. Best is trial 14 with value: 0.013745130971074104.
Time for this trial:  196.94348621368408
Memory status after this trial: 
Memory allocated:  142.513671875
Memory cached:  156.0
--------------------  Trial  18   --------------------
Start timing: 
Parameters: 
{'W_layers': 8, 'W_layer_units_exponent_0': 9, 'W_layer_units_exponent_1': 10, 'W_layer_units_exponent_2': 8, 'W_layer_units_exponent_3': 9, 'W_layer_units_exponent_4': 8, 'W_layer_units_exponent_5': 10, 'W_layer_units_exponent_6': 4, 'W_layer_units_exponent_7': 4, 'D_layers': 3, 'D_layer_units_exponent_0': 7, 'D_layer_units_exponent_1': 5, 'D_layer_units_exponent_2': 4, 'D_dagger_layers': 5, 'D_dagger_layer_units_exponent_0': 7, 'D_dagger_layer_units_exponent_1': 9, 'D_dagger_layer_units_exponent_2': 6, 'D_dagger_layer_units_exponent_3': 5, 'D_dagger_layer_units_exponent_4': 9, 'log_learning_rate': -3.871720686855234, 'log_learning_rate_D': -4.450368744419546, 'log_learning_rate_D_dagger': -4.386869641909369, 'training_batch_size': 6, 'training_p': 2}
	 epoch  0 training error:  tensor(0.9534, device='cuda:0', grad_fn=<DivBackward0>)
Memory status after this epoch: 
Memory allocated:  22.37548828125
Memory cached:  172.0
	 epoch  10 training error:  tensor(0.1208, device='cuda:0', grad_fn=<DivBackward0>)
Memory status after this epoch: 
Memory allocated:  22.37548828125
Memory cached:  200.0
	 epoch  20 training error:  tensor(0.0588, device='cuda:0', grad_fn=<DivBackward0>)
Memory status after this epoch: 
Memory allocated:  22.37548828125
Memory cached:  214.0
	 epoch  30 training error:  tensor(0.0525, device='cuda:0', grad_fn=<DivBackward0>)
Memory status after this epoch: 
Memory allocated:  22.37548828125
Memory cached:  200.0
	 epoch  40 training error:  tensor(0.0572, device='cuda:0', grad_fn=<DivBackward0>)
Memory status after this epoch: 
Memory allocated:  22.37548828125
Memory cached:  194.0
	 epoch  50 training error:  tensor(0.0418, device='cuda:0', grad_fn=<DivBackward0>)
Memory status after this epoch: 
Memory allocated:  22.37548828125
Memory cached:  210.0
	 epoch  60 training error:  tensor(0.0438, device='cuda:0', grad_fn=<DivBackward0>)
Memory status after this epoch: 
Memory allocated:  22.37548828125
Memory cached:  198.0
	 epoch  70 training error:  tensor(0.0387, device='cuda:0', grad_fn=<DivBackward0>)
Memory status after this epoch: 
Memory allocated:  22.37548828125
Memory cached:  206.0
	 epoch  80 training error:  tensor(0.0422, device='cuda:0', grad_fn=<DivBackward0>)
Memory status after this epoch: 
Memory allocated:  22.37548828125
Memory cached:  216.0
	 epoch  90 training error:  tensor(0.0427, device='cuda:0', grad_fn=<DivBackward0>)
Memory status after this epoch: 
Memory allocated:  22.37548828125
Memory cached:  208.0
[I 2023-11-07 20:19:43,274] Trial 18 finished with value: 0.040954019874334335 and parameters: {'W_layers': 8, 'W_layer_units_exponent_0': 9, 'W_layer_units_exponent_1': 10, 'W_layer_units_exponent_2': 8, 'W_layer_units_exponent_3': 9, 'W_layer_units_exponent_4': 8, 'W_layer_units_exponent_5': 10, 'W_layer_units_exponent_6': 4, 'W_layer_units_exponent_7': 4, 'D_layers': 3, 'D_layer_units_exponent_0': 7, 'D_layer_units_exponent_1': 5, 'D_layer_units_exponent_2': 4, 'D_dagger_layers': 5, 'D_dagger_layer_units_exponent_0': 7, 'D_dagger_layer_units_exponent_1': 9, 'D_dagger_layer_units_exponent_2': 6, 'D_dagger_layer_units_exponent_3': 5, 'D_dagger_layer_units_exponent_4': 9, 'log_learning_rate': -3.871720686855234, 'log_learning_rate_D': -4.450368744419546, 'log_learning_rate_D_dagger': -4.386869641909369, 'training_batch_size': 6, 'training_p': 2}. Best is trial 14 with value: 0.013745130971074104.
Time for this trial:  396.4803252220154
Memory status after this trial: 
Memory allocated:  281.74072265625
Memory cached:  306.0
--------------------  Trial  19   --------------------
Start timing: 
Parameters: 
{'W_layers': 6, 'W_layer_units_exponent_0': 7, 'W_layer_units_exponent_1': 5, 'W_layer_units_exponent_2': 6, 'W_layer_units_exponent_3': 10, 'W_layer_units_exponent_4': 8, 'W_layer_units_exponent_5': 5, 'D_layers': 4, 'D_layer_units_exponent_0': 8, 'D_layer_units_exponent_1': 7, 'D_layer_units_exponent_2': 5, 'D_layer_units_exponent_3': 7, 'D_dagger_layers': 5, 'D_dagger_layer_units_exponent_0': 6, 'D_dagger_layer_units_exponent_1': 10, 'D_dagger_layer_units_exponent_2': 10, 'D_dagger_layer_units_exponent_3': 9, 'D_dagger_layer_units_exponent_4': 5, 'log_learning_rate': -4.944762131021086, 'log_learning_rate_D': -4.996454187774292, 'log_learning_rate_D_dagger': -4.606693752342121, 'training_batch_size': 9, 'training_p': 3}
	 epoch  0 training error:  tensor(0.9572, device='cuda:0', grad_fn=<DivBackward0>)
Memory status after this epoch: 
Memory allocated:  31.31396484375
Memory cached:  152.0
	 epoch  10 training error:  tensor(0.1229, device='cuda:0', grad_fn=<DivBackward0>)
Memory status after this epoch: 
Memory allocated:  31.31396484375
Memory cached:  214.0
	 epoch  20 training error:  tensor(0.0698, device='cuda:0', grad_fn=<DivBackward0>)
Memory status after this epoch: 
Memory allocated:  31.31396484375
Memory cached:  212.0
	 epoch  30 training error:  tensor(0.0322, device='cuda:0', grad_fn=<DivBackward0>)
Memory status after this epoch: 
Memory allocated:  31.31396484375
Memory cached:  200.0
	 epoch  40 training error:  tensor(0.0494, device='cuda:0', grad_fn=<DivBackward0>)
Memory status after this epoch: 
Memory allocated:  31.31396484375
Memory cached:  206.0
	 epoch  50 training error:  tensor(0.0333, device='cuda:0', grad_fn=<DivBackward0>)
Memory status after this epoch: 
Memory allocated:  31.31396484375
Memory cached:  214.0
	 epoch  60 training error:  tensor(0.0285, device='cuda:0', grad_fn=<DivBackward0>)
Memory status after this epoch: 
Memory allocated:  31.31396484375
Memory cached:  202.0
	 epoch  70 training error:  tensor(0.0261, device='cuda:0', grad_fn=<DivBackward0>)
Memory status after this epoch: 
Memory allocated:  31.31396484375
Memory cached:  208.0
	 epoch  80 training error:  tensor(0.0246, device='cuda:0', grad_fn=<DivBackward0>)
Memory status after this epoch: 
Memory allocated:  31.31396484375
Memory cached:  206.0
	 epoch  90 training error:  tensor(0.0242, device='cuda:0', grad_fn=<DivBackward0>)
Memory status after this epoch: 
Memory allocated:  31.31396484375
Memory cached:  206.0
[I 2023-11-07 20:23:14,986] Trial 19 finished with value: 0.020702531561255455 and parameters: {'W_layers': 6, 'W_layer_units_exponent_0': 7, 'W_layer_units_exponent_1': 5, 'W_layer_units_exponent_2': 6, 'W_layer_units_exponent_3': 10, 'W_layer_units_exponent_4': 8, 'W_layer_units_exponent_5': 5, 'D_layers': 4, 'D_layer_units_exponent_0': 8, 'D_layer_units_exponent_1': 7, 'D_layer_units_exponent_2': 5, 'D_layer_units_exponent_3': 7, 'D_dagger_layers': 5, 'D_dagger_layer_units_exponent_0': 6, 'D_dagger_layer_units_exponent_1': 10, 'D_dagger_layer_units_exponent_2': 10, 'D_dagger_layer_units_exponent_3': 9, 'D_dagger_layer_units_exponent_4': 5, 'log_learning_rate': -4.944762131021086, 'log_learning_rate_D': -4.996454187774292, 'log_learning_rate_D_dagger': -4.606693752342121, 'training_batch_size': 9, 'training_p': 3}. Best is trial 14 with value: 0.013745130971074104.
Time for this trial:  211.4215772151947
Memory status after this trial: 
Memory allocated:  269.23046875
Memory cached:  282.0
--------------------  Trial  20   --------------------
Start timing: 
Parameters: 
{'W_layers': 8, 'W_layer_units_exponent_0': 9, 'W_layer_units_exponent_1': 7, 'W_layer_units_exponent_2': 7, 'W_layer_units_exponent_3': 8, 'W_layer_units_exponent_4': 6, 'W_layer_units_exponent_5': 8, 'W_layer_units_exponent_6': 8, 'W_layer_units_exponent_7': 4, 'D_layers': 6, 'D_layer_units_exponent_0': 9, 'D_layer_units_exponent_1': 4, 'D_layer_units_exponent_2': 8, 'D_layer_units_exponent_3': 8, 'D_layer_units_exponent_4': 4, 'D_layer_units_exponent_5': 4, 'D_dagger_layers': 3, 'D_dagger_layer_units_exponent_0': 8, 'D_dagger_layer_units_exponent_1': 8, 'D_dagger_layer_units_exponent_2': 5, 'log_learning_rate': -3.6122004720272365, 'log_learning_rate_D': -3.8915139479158483, 'log_learning_rate_D_dagger': -3.661117992161045, 'training_batch_size': 7, 'training_p': 2}
	 epoch  0 training error:  tensor(1.0585, device='cuda:0', grad_fn=<DivBackward0>)
Memory status after this epoch: 
Memory allocated:  5.91748046875
Memory cached:  136.0
	 epoch  10 training error:  tensor(0.1578, device='cuda:0', grad_fn=<DivBackward0>)
Memory status after this epoch: 
Memory allocated:  5.91748046875
Memory cached:  246.0
	 epoch  20 training error:  tensor(0.0882, device='cuda:0', grad_fn=<DivBackward0>)
Memory status after this epoch: 
Memory allocated:  5.91748046875
Memory cached:  236.0
	 epoch  30 training error:  tensor(0.0395, device='cuda:0', grad_fn=<DivBackward0>)
Memory status after this epoch: 
Memory allocated:  5.91748046875
Memory cached:  246.0
	 epoch  40 training error:  tensor(0.0243, device='cuda:0', grad_fn=<DivBackward0>)
Memory status after this epoch: 
Memory allocated:  5.91748046875
Memory cached:  254.0
	 epoch  50 training error:  tensor(0.0175, device='cuda:0', grad_fn=<DivBackward0>)
Memory status after this epoch: 
Memory allocated:  5.91748046875
Memory cached:  240.0
	 epoch  60 training error:  tensor(0.0175, device='cuda:0', grad_fn=<DivBackward0>)
Memory status after this epoch: 
Memory allocated:  5.91748046875
Memory cached:  230.0
	 epoch  70 training error:  tensor(0.0150, device='cuda:0', grad_fn=<DivBackward0>)
Memory status after this epoch: 
Memory allocated:  5.91748046875
Memory cached:  238.0
	 epoch  80 training error:  tensor(0.0146, device='cuda:0', grad_fn=<DivBackward0>)
Memory status after this epoch: 
Memory allocated:  5.91748046875
Memory cached:  240.0
	 epoch  90 training error:  tensor(0.0143, device='cuda:0', grad_fn=<DivBackward0>)
Memory status after this epoch: 
Memory allocated:  5.91748046875
Memory cached:  248.0
[I 2023-11-07 20:26:51,530] Trial 20 finished with value: 0.013515991158783436 and parameters: {'W_layers': 8, 'W_layer_units_exponent_0': 9, 'W_layer_units_exponent_1': 7, 'W_layer_units_exponent_2': 7, 'W_layer_units_exponent_3': 8, 'W_layer_units_exponent_4': 6, 'W_layer_units_exponent_5': 8, 'W_layer_units_exponent_6': 8, 'W_layer_units_exponent_7': 4, 'D_layers': 6, 'D_layer_units_exponent_0': 9, 'D_layer_units_exponent_1': 4, 'D_layer_units_exponent_2': 8, 'D_layer_units_exponent_3': 8, 'D_layer_units_exponent_4': 4, 'D_layer_units_exponent_5': 4, 'D_dagger_layers': 3, 'D_dagger_layer_units_exponent_0': 8, 'D_dagger_layer_units_exponent_1': 8, 'D_dagger_layer_units_exponent_2': 5, 'log_learning_rate': -3.6122004720272365, 'log_learning_rate_D': -3.8915139479158483, 'log_learning_rate_D_dagger': -3.661117992161045, 'training_batch_size': 7, 'training_p': 2}. Best is trial 20 with value: 0.013515991158783436.
Time for this trial:  216.28258109092712
Memory status after this trial: 
Memory allocated:  176.6064453125
Memory cached:  190.0
--------------------  Trial  21   --------------------
Start timing: 
Parameters: 
{'W_layers': 8, 'W_layer_units_exponent_0': 9, 'W_layer_units_exponent_1': 7, 'W_layer_units_exponent_2': 7, 'W_layer_units_exponent_3': 8, 'W_layer_units_exponent_4': 6, 'W_layer_units_exponent_5': 8, 'W_layer_units_exponent_6': 8, 'W_layer_units_exponent_7': 4, 'D_layers': 6, 'D_layer_units_exponent_0': 9, 'D_layer_units_exponent_1': 4, 'D_layer_units_exponent_2': 8, 'D_layer_units_exponent_3': 8, 'D_layer_units_exponent_4': 4, 'D_layer_units_exponent_5': 4, 'D_dagger_layers': 3, 'D_dagger_layer_units_exponent_0': 8, 'D_dagger_layer_units_exponent_1': 8, 'D_dagger_layer_units_exponent_2': 5, 'log_learning_rate': -3.644266607227277, 'log_learning_rate_D': -3.9426090688782693, 'log_learning_rate_D_dagger': -4.963512654902216, 'training_batch_size': 7, 'training_p': 2}
	 epoch  0 training error:  tensor(1.2543, device='cuda:0', grad_fn=<DivBackward0>)
Memory status after this epoch: 
Memory allocated:  5.91748046875
Memory cached:  144.0
	 epoch  10 training error:  tensor(0.3245, device='cuda:0', grad_fn=<DivBackward0>)
Memory status after this epoch: 
Memory allocated:  5.91748046875
Memory cached:  234.0
	 epoch  20 training error:  tensor(0.1700, device='cuda:0', grad_fn=<DivBackward0>)
Memory status after this epoch: 
Memory allocated:  5.91748046875
Memory cached:  248.0
	 epoch  30 training error:  tensor(0.0965, device='cuda:0', grad_fn=<DivBackward0>)
Memory status after this epoch: 
Memory allocated:  5.91748046875
Memory cached:  232.0
	 epoch  40 training error:  tensor(0.0349, device='cuda:0', grad_fn=<DivBackward0>)
Memory status after this epoch: 
Memory allocated:  5.91748046875
Memory cached:  230.0
	 epoch  50 training error:  tensor(0.0308, device='cuda:0', grad_fn=<DivBackward0>)
Memory status after this epoch: 
Memory allocated:  5.91748046875
Memory cached:  242.0
	 epoch  60 training error:  tensor(0.0287, device='cuda:0', grad_fn=<DivBackward0>)
Memory status after this epoch: 
Memory allocated:  5.91748046875
Memory cached:  238.0
	 epoch  70 training error:  tensor(0.0220, device='cuda:0', grad_fn=<DivBackward0>)
Memory status after this epoch: 
Memory allocated:  5.91748046875
Memory cached:  250.0
	 epoch  80 training error:  tensor(0.0174, device='cuda:0', grad_fn=<DivBackward0>)
Memory status after this epoch: 
Memory allocated:  5.91748046875
Memory cached:  232.0
	 epoch  90 training error:  tensor(0.0149, device='cuda:0', grad_fn=<DivBackward0>)
Memory status after this epoch: 
Memory allocated:  5.91748046875
Memory cached:  256.0
[I 2023-11-07 20:30:28,571] Trial 21 finished with value: 0.01373031735420227 and parameters: {'W_layers': 8, 'W_layer_units_exponent_0': 9, 'W_layer_units_exponent_1': 7, 'W_layer_units_exponent_2': 7, 'W_layer_units_exponent_3': 8, 'W_layer_units_exponent_4': 6, 'W_layer_units_exponent_5': 8, 'W_layer_units_exponent_6': 8, 'W_layer_units_exponent_7': 4, 'D_layers': 6, 'D_layer_units_exponent_0': 9, 'D_layer_units_exponent_1': 4, 'D_layer_units_exponent_2': 8, 'D_layer_units_exponent_3': 8, 'D_layer_units_exponent_4': 4, 'D_layer_units_exponent_5': 4, 'D_dagger_layers': 3, 'D_dagger_layer_units_exponent_0': 8, 'D_dagger_layer_units_exponent_1': 8, 'D_dagger_layer_units_exponent_2': 5, 'log_learning_rate': -3.644266607227277, 'log_learning_rate_D': -3.9426090688782693, 'log_learning_rate_D_dagger': -4.963512654902216, 'training_batch_size': 7, 'training_p': 2}. Best is trial 20 with value: 0.013515991158783436.
Time for this trial:  216.7564458847046
Memory status after this trial: 
Memory allocated:  176.6064453125
Memory cached:  186.0
--------------------  Trial  22   --------------------
Start timing: 
Parameters: 
{'W_layers': 7, 'W_layer_units_exponent_0': 9, 'W_layer_units_exponent_1': 7, 'W_layer_units_exponent_2': 8, 'W_layer_units_exponent_3': 8, 'W_layer_units_exponent_4': 6, 'W_layer_units_exponent_5': 8, 'W_layer_units_exponent_6': 8, 'D_layers': 6, 'D_layer_units_exponent_0': 9, 'D_layer_units_exponent_1': 4, 'D_layer_units_exponent_2': 8, 'D_layer_units_exponent_3': 8, 'D_layer_units_exponent_4': 4, 'D_layer_units_exponent_5': 4, 'D_dagger_layers': 3, 'D_dagger_layer_units_exponent_0': 8, 'D_dagger_layer_units_exponent_1': 7, 'D_dagger_layer_units_exponent_2': 6, 'log_learning_rate': -3.6832904455162105, 'log_learning_rate_D': -3.7768429083677897, 'log_learning_rate_D_dagger': -4.194553846190569, 'training_batch_size': 7, 'training_p': 2}
	 epoch  0 training error:  tensor(0.7611, device='cuda:0', grad_fn=<DivBackward0>)
Memory status after this epoch: 
Memory allocated:  6.10498046875
Memory cached:  142.0
	 epoch  10 training error:  tensor(0.0166, device='cuda:0', grad_fn=<DivBackward0>)
Memory status after this epoch: 
Memory allocated:  6.10498046875
Memory cached:  230.0
	 epoch  20 training error:  tensor(0.0189, device='cuda:0', grad_fn=<DivBackward0>)
Memory status after this epoch: 
Memory allocated:  6.10498046875
Memory cached:  222.0
	 epoch  30 training error:  tensor(0.0163, device='cuda:0', grad_fn=<DivBackward0>)
Memory status after this epoch: 
Memory allocated:  6.10498046875
Memory cached:  224.0
	 epoch  40 training error:  tensor(0.0230, device='cuda:0', grad_fn=<DivBackward0>)
Memory status after this epoch: 
Memory allocated:  6.10498046875
Memory cached:  206.0
	 epoch  50 training error:  tensor(0.0182, device='cuda:0', grad_fn=<DivBackward0>)
Memory status after this epoch: 
Memory allocated:  6.10498046875
Memory cached:  238.0
	 epoch  60 training error:  tensor(0.0151, device='cuda:0', grad_fn=<DivBackward0>)
Memory status after this epoch: 
Memory allocated:  6.10498046875
Memory cached:  226.0
	 epoch  70 training error:  tensor(0.0149, device='cuda:0', grad_fn=<DivBackward0>)
Memory status after this epoch: 
Memory allocated:  6.10498046875
Memory cached:  228.0
	 epoch  80 training error:  tensor(0.0145, device='cuda:0', grad_fn=<DivBackward0>)
Memory status after this epoch: 
Memory allocated:  6.10498046875
Memory cached:  228.0
	 epoch  90 training error:  tensor(0.0144, device='cuda:0', grad_fn=<DivBackward0>)
Memory status after this epoch: 
Memory allocated:  6.10498046875
Memory cached:  224.0
[I 2023-11-07 20:33:59,179] Trial 22 finished with value: 0.013696888461709023 and parameters: {'W_layers': 7, 'W_layer_units_exponent_0': 9, 'W_layer_units_exponent_1': 7, 'W_layer_units_exponent_2': 8, 'W_layer_units_exponent_3': 8, 'W_layer_units_exponent_4': 6, 'W_layer_units_exponent_5': 8, 'W_layer_units_exponent_6': 8, 'D_layers': 6, 'D_layer_units_exponent_0': 9, 'D_layer_units_exponent_1': 4, 'D_layer_units_exponent_2': 8, 'D_layer_units_exponent_3': 8, 'D_layer_units_exponent_4': 4, 'D_layer_units_exponent_5': 4, 'D_dagger_layers': 3, 'D_dagger_layer_units_exponent_0': 8, 'D_dagger_layer_units_exponent_1': 7, 'D_dagger_layer_units_exponent_2': 6, 'log_learning_rate': -3.6832904455162105, 'log_learning_rate_D': -3.7768429083677897, 'log_learning_rate_D_dagger': -4.194553846190569, 'training_batch_size': 7, 'training_p': 2}. Best is trial 20 with value: 0.013515991158783436.
Time for this trial:  210.33020281791687
Memory status after this trial: 
Memory allocated:  177.3837890625
Memory cached:  182.0
--------------------  Trial  23   --------------------
Start timing: 
Parameters: 
{'W_layers': 7, 'W_layer_units_exponent_0': 9, 'W_layer_units_exponent_1': 8, 'W_layer_units_exponent_2': 8, 'W_layer_units_exponent_3': 8, 'W_layer_units_exponent_4': 5, 'W_layer_units_exponent_5': 8, 'W_layer_units_exponent_6': 9, 'D_layers': 6, 'D_layer_units_exponent_0': 10, 'D_layer_units_exponent_1': 4, 'D_layer_units_exponent_2': 8, 'D_layer_units_exponent_3': 8, 'D_layer_units_exponent_4': 4, 'D_layer_units_exponent_5': 4, 'D_dagger_layers': 3, 'D_dagger_layer_units_exponent_0': 8, 'D_dagger_layer_units_exponent_1': 7, 'D_dagger_layer_units_exponent_2': 6, 'log_learning_rate': -3.547017120386943, 'log_learning_rate_D': -3.725971761548434, 'log_learning_rate_D_dagger': -3.6094430228728003, 'training_batch_size': 6, 'training_p': 2}
	 epoch  0 training error:  tensor(0.8946, device='cuda:0', grad_fn=<DivBackward0>)
Memory status after this epoch: 
Memory allocated:  8.53759765625
Memory cached:  126.0
	 epoch  10 training error:  tensor(0.0533, device='cuda:0', grad_fn=<DivBackward0>)
Memory status after this epoch: 
Memory allocated:  8.53759765625
Memory cached:  148.0
	 epoch  20 training error:  tensor(0.0308, device='cuda:0', grad_fn=<DivBackward0>)
Memory status after this epoch: 
Memory allocated:  8.53759765625
Memory cached:  150.0
	 epoch  30 training error:  tensor(0.0291, device='cuda:0', grad_fn=<DivBackward0>)
Memory status after this epoch: 
Memory allocated:  8.53759765625
Memory cached:  146.0
	 epoch  40 training error:  tensor(0.0261, device='cuda:0', grad_fn=<DivBackward0>)
Memory status after this epoch: 
Memory allocated:  8.53759765625
Memory cached:  152.0
	 epoch  50 training error:  tensor(0.0261, device='cuda:0', grad_fn=<DivBackward0>)
Memory status after this epoch: 
Memory allocated:  8.53759765625
Memory cached:  146.0
	 epoch  60 training error:  tensor(0.0247, device='cuda:0', grad_fn=<DivBackward0>)
Memory status after this epoch: 
Memory allocated:  8.53759765625
Memory cached:  148.0
	 epoch  70 training error:  tensor(0.0213, device='cuda:0', grad_fn=<DivBackward0>)
Memory status after this epoch: 
Memory allocated:  8.53759765625
Memory cached:  152.0
	 epoch  80 training error:  tensor(0.0205, device='cuda:0', grad_fn=<DivBackward0>)
Memory status after this epoch: 
Memory allocated:  8.53759765625
Memory cached:  146.0
	 epoch  90 training error:  tensor(0.0203, device='cuda:0', grad_fn=<DivBackward0>)
Memory status after this epoch: 
Memory allocated:  8.53759765625
Memory cached:  144.0
