[I 2023-11-07 23:42:18,042] Trial 19 finished with value: 0.030186830088496208 and parameters: {'W_layers': 7, 'W_layer_units_exponent_0': 6, 'W_layer_units_exponent_1': 7, 'W_layer_units_exponent_2': 4, 'W_layer_units_exponent_3': 7, 'W_layer_units_exponent_4': 5, 'W_layer_units_exponent_5': 6, 'W_layer_units_exponent_6': 8, 'D_layers': 3, 'D_layer_units_exponent_0': 9, 'D_layer_units_exponent_1': 10, 'D_layer_units_exponent_2': 7, 'D_dagger_layers': 2, 'D_dagger_layer_units_exponent_0': 9, 'D_dagger_layer_units_exponent_1': 9, 'log_learning_rate': -2.728555114795977, 'log_learning_rate_D': -1.594572198399009, 'log_learning_rate_D_dagger': -3.9455139864873807, 'training_batch_size': 6, 'training_p': 2}. Best is trial 14 with value: 0.014096192084252834.
Time for this trial:  326.18046855926514
Memory status after this trial: 
Memory allocated:  187.94677734375
Memory cached:  208.0
--------------------  Trial  20   --------------------
Start timing: 
Parameters: 
{'W_layers': 6, 'W_layer_units_exponent_0': 8, 'W_layer_units_exponent_1': 6, 'W_layer_units_exponent_2': 5, 'W_layer_units_exponent_3': 5, 'W_layer_units_exponent_4': 10, 'W_layer_units_exponent_5': 6, 'D_layers': 3, 'D_layer_units_exponent_0': 9, 'D_layer_units_exponent_1': 10, 'D_layer_units_exponent_2': 9, 'D_dagger_layers': 2, 'D_dagger_layer_units_exponent_0': 9, 'D_dagger_layer_units_exponent_1': 8, 'log_learning_rate': -3.410585393072373, 'log_learning_rate_D': -2.2220116350340806, 'log_learning_rate_D_dagger': -4.508572081751542, 'training_batch_size': 6, 'training_p': 3}
	 epoch  0 training error:  tensor(1.4224, device='cuda:0', grad_fn=<DivBackward0>)
Memory status after this epoch: 
Memory allocated:  20.08349609375
Memory cached:  134.0
	 epoch  10 training error:  tensor(0.0679, device='cuda:0', grad_fn=<DivBackward0>)
Memory status after this epoch: 
Memory allocated:  20.08349609375
Memory cached:  140.0
	 epoch  20 training error:  tensor(0.0303, device='cuda:0', grad_fn=<DivBackward0>)
Memory status after this epoch: 
Memory allocated:  20.08349609375
Memory cached:  136.0
	 epoch  30 training error:  tensor(0.0395, device='cuda:0', grad_fn=<DivBackward0>)
Memory status after this epoch: 
Memory allocated:  20.08349609375
Memory cached:  144.0
	 epoch  40 training error:  tensor(0.0300, device='cuda:0', grad_fn=<DivBackward0>)
Memory status after this epoch: 
Memory allocated:  20.08349609375
Memory cached:  142.0
	 epoch  50 training error:  tensor(0.0339, device='cuda:0', grad_fn=<DivBackward0>)
Memory status after this epoch: 
Memory allocated:  20.08349609375
Memory cached:  132.0
	 epoch  60 training error:  tensor(0.0325, device='cuda:0', grad_fn=<DivBackward0>)
Memory status after this epoch: 
Memory allocated:  20.08349609375
Memory cached:  148.0
	 epoch  70 training error:  tensor(0.0313, device='cuda:0', grad_fn=<DivBackward0>)
Memory status after this epoch: 
Memory allocated:  20.08349609375
Memory cached:  140.0
	 epoch  80 training error:  tensor(0.0269, device='cuda:0', grad_fn=<DivBackward0>)
Memory status after this epoch: 
Memory allocated:  20.08349609375
Memory cached:  136.0
	 epoch  90 training error:  tensor(0.0301, device='cuda:0', grad_fn=<DivBackward0>)
Memory status after this epoch: 
Memory allocated:  20.08349609375
Memory cached:  144.0
[I 2023-11-07 23:47:34,634] Trial 20 finished with value: 0.027541285380721092 and parameters: {'W_layers': 6, 'W_layer_units_exponent_0': 8, 'W_layer_units_exponent_1': 6, 'W_layer_units_exponent_2': 5, 'W_layer_units_exponent_3': 5, 'W_layer_units_exponent_4': 10, 'W_layer_units_exponent_5': 6, 'D_layers': 3, 'D_layer_units_exponent_0': 9, 'D_layer_units_exponent_1': 10, 'D_layer_units_exponent_2': 9, 'D_dagger_layers': 2, 'D_dagger_layer_units_exponent_0': 9, 'D_dagger_layer_units_exponent_1': 8, 'log_learning_rate': -3.410585393072373, 'log_learning_rate_D': -2.2220116350340806, 'log_learning_rate_D_dagger': -4.508572081751542, 'training_batch_size': 6, 'training_p': 3}. Best is trial 14 with value: 0.014096192084252834.
Time for this trial:  316.3346493244171
Memory status after this trial: 
Memory allocated:  238.92333984375
Memory cached:  254.0
--------------------  Trial  21   --------------------
Start timing: 
Parameters: 
{'W_layers': 6, 'W_layer_units_exponent_0': 5, 'W_layer_units_exponent_1': 8, 'W_layer_units_exponent_2': 5, 'W_layer_units_exponent_3': 5, 'W_layer_units_exponent_4': 5, 'W_layer_units_exponent_5': 4, 'D_layers': 4, 'D_layer_units_exponent_0': 8, 'D_layer_units_exponent_1': 9, 'D_layer_units_exponent_2': 9, 'D_layer_units_exponent_3': 9, 'D_dagger_layers': 7, 'D_dagger_layer_units_exponent_0': 9, 'D_dagger_layer_units_exponent_1': 9, 'D_dagger_layer_units_exponent_2': 8, 'D_dagger_layer_units_exponent_3': 8, 'D_dagger_layer_units_exponent_4': 7, 'D_dagger_layer_units_exponent_5': 8, 'D_dagger_layer_units_exponent_6': 8, 'log_learning_rate': -3.6804883093340646, 'log_learning_rate_D': -1.516907086833291, 'log_learning_rate_D_dagger': -4.973397722590194, 'training_batch_size': 7, 'training_p': 4}
	 epoch  0 training error:  tensor(0.9909, device='cuda:0', grad_fn=<DivBackward0>)
Memory status after this epoch: 
Memory allocated:  19.52392578125
Memory cached:  126.0
	 epoch  10 training error:  tensor(0.8855, device='cuda:0', grad_fn=<DivBackward0>)
Memory status after this epoch: 
Memory allocated:  19.52392578125
Memory cached:  264.0
	 epoch  20 training error:  tensor(0.7242, device='cuda:0', grad_fn=<DivBackward0>)
Memory status after this epoch: 
Memory allocated:  19.52392578125
Memory cached:  254.0
	 epoch  30 training error:  tensor(0.4500, device='cuda:0', grad_fn=<DivBackward0>)
Memory status after this epoch: 
Memory allocated:  19.52392578125
Memory cached:  256.0
	 epoch  40 training error:  tensor(0.0626, device='cuda:0', grad_fn=<DivBackward0>)
Memory status after this epoch: 
Memory allocated:  19.52392578125
Memory cached:  270.0
	 epoch  50 training error:  tensor(0.0316, device='cuda:0', grad_fn=<DivBackward0>)
Memory status after this epoch: 
Memory allocated:  19.52392578125
Memory cached:  266.0
	 epoch  60 training error:  tensor(0.0266, device='cuda:0', grad_fn=<DivBackward0>)
Memory status after this epoch: 
Memory allocated:  19.52392578125
Memory cached:  270.0
	 epoch  70 training error:  tensor(0.0368, device='cuda:0', grad_fn=<DivBackward0>)
Memory status after this epoch: 
Memory allocated:  19.52392578125
Memory cached:  262.0
	 epoch  80 training error:  tensor(0.0230, device='cuda:0', grad_fn=<DivBackward0>)
Memory status after this epoch: 
Memory allocated:  19.52392578125
Memory cached:  276.0
	 epoch  90 training error:  tensor(0.0210, device='cuda:0', grad_fn=<DivBackward0>)
Memory status after this epoch: 
Memory allocated:  19.52392578125
Memory cached:  270.0
[I 2023-11-07 23:51:19,170] Trial 21 finished with value: 0.014532165601849556 and parameters: {'W_layers': 6, 'W_layer_units_exponent_0': 5, 'W_layer_units_exponent_1': 8, 'W_layer_units_exponent_2': 5, 'W_layer_units_exponent_3': 5, 'W_layer_units_exponent_4': 5, 'W_layer_units_exponent_5': 4, 'D_layers': 4, 'D_layer_units_exponent_0': 8, 'D_layer_units_exponent_1': 9, 'D_layer_units_exponent_2': 9, 'D_layer_units_exponent_3': 9, 'D_dagger_layers': 7, 'D_dagger_layer_units_exponent_0': 9, 'D_dagger_layer_units_exponent_1': 9, 'D_dagger_layer_units_exponent_2': 8, 'D_dagger_layer_units_exponent_3': 8, 'D_dagger_layer_units_exponent_4': 7, 'D_dagger_layer_units_exponent_5': 8, 'D_dagger_layer_units_exponent_6': 8, 'log_learning_rate': -3.6804883093340646, 'log_learning_rate_D': -1.516907086833291, 'log_learning_rate_D_dagger': -4.973397722590194, 'training_batch_size': 7, 'training_p': 4}. Best is trial 14 with value: 0.014096192084252834.
Time for this trial:  224.27665615081787
Memory status after this trial: 
Memory allocated:  243.18701171875
Memory cached:  254.0
--------------------  Trial  22   --------------------
Start timing: 
Parameters: 
{'W_layers': 6, 'W_layer_units_exponent_0': 5, 'W_layer_units_exponent_1': 9, 'W_layer_units_exponent_2': 5, 'W_layer_units_exponent_3': 5, 'W_layer_units_exponent_4': 5, 'W_layer_units_exponent_5': 5, 'D_layers': 5, 'D_layer_units_exponent_0': 9, 'D_layer_units_exponent_1': 9, 'D_layer_units_exponent_2': 9, 'D_layer_units_exponent_3': 9, 'D_layer_units_exponent_4': 7, 'D_dagger_layers': 7, 'D_dagger_layer_units_exponent_0': 8, 'D_dagger_layer_units_exponent_1': 9, 'D_dagger_layer_units_exponent_2': 8, 'D_dagger_layer_units_exponent_3': 8, 'D_dagger_layer_units_exponent_4': 4, 'D_dagger_layer_units_exponent_5': 6, 'D_dagger_layer_units_exponent_6': 7, 'log_learning_rate': -3.0705689011810473, 'log_learning_rate_D': -1.3662904590415132, 'log_learning_rate_D_dagger': -4.893264545121094, 'training_batch_size': 7, 'training_p': 4}
	 epoch  0 training error:  tensor(0.9817, device='cuda:0', grad_fn=<DivBackward0>)
Memory status after this epoch: 
Memory allocated:  18.99072265625
Memory cached:  142.0
	 epoch  10 training error:  tensor(0.2423, device='cuda:0', grad_fn=<DivBackward0>)
Memory status after this epoch: 
Memory allocated:  18.99072265625
Memory cached:  282.0
	 epoch  20 training error:  tensor(0.0245, device='cuda:0', grad_fn=<DivBackward0>)
Memory status after this epoch: 
Memory allocated:  18.99072265625
Memory cached:  280.0
	 epoch  30 training error:  tensor(0.0304, device='cuda:0', grad_fn=<DivBackward0>)
Memory status after this epoch: 
Memory allocated:  18.99072265625
Memory cached:  284.0
	 epoch  40 training error:  tensor(0.0222, device='cuda:0', grad_fn=<DivBackward0>)
Memory status after this epoch: 
Memory allocated:  18.99072265625
Memory cached:  274.0
	 epoch  50 training error:  tensor(0.0211, device='cuda:0', grad_fn=<DivBackward0>)
Memory status after this epoch: 
Memory allocated:  18.99072265625
Memory cached:  270.0
	 epoch  60 training error:  tensor(0.0224, device='cuda:0', grad_fn=<DivBackward0>)
Memory status after this epoch: 
Memory allocated:  18.99072265625
Memory cached:  280.0
	 epoch  70 training error:  tensor(0.0210, device='cuda:0', grad_fn=<DivBackward0>)
Memory status after this epoch: 
Memory allocated:  18.99072265625
Memory cached:  264.0
	 epoch  80 training error:  tensor(0.0210, device='cuda:0', grad_fn=<DivBackward0>)
Memory status after this epoch: 
Memory allocated:  18.99072265625
Memory cached:  266.0
	 epoch  90 training error:  tensor(0.0209, device='cuda:0', grad_fn=<DivBackward0>)
Memory status after this epoch: 
Memory allocated:  18.99072265625
Memory cached:  276.0
[I 2023-11-07 23:55:10,030] Trial 22 finished with value: 0.014373700134456158 and parameters: {'W_layers': 6, 'W_layer_units_exponent_0': 5, 'W_layer_units_exponent_1': 9, 'W_layer_units_exponent_2': 5, 'W_layer_units_exponent_3': 5, 'W_layer_units_exponent_4': 5, 'W_layer_units_exponent_5': 5, 'D_layers': 5, 'D_layer_units_exponent_0': 9, 'D_layer_units_exponent_1': 9, 'D_layer_units_exponent_2': 9, 'D_layer_units_exponent_3': 9, 'D_layer_units_exponent_4': 7, 'D_dagger_layers': 7, 'D_dagger_layer_units_exponent_0': 8, 'D_dagger_layer_units_exponent_1': 9, 'D_dagger_layer_units_exponent_2': 8, 'D_dagger_layer_units_exponent_3': 8, 'D_dagger_layer_units_exponent_4': 4, 'D_dagger_layer_units_exponent_5': 6, 'D_dagger_layer_units_exponent_6': 7, 'log_learning_rate': -3.0705689011810473, 'log_learning_rate_D': -1.3662904590415132, 'log_learning_rate_D_dagger': -4.893264545121094, 'training_batch_size': 7, 'training_p': 4}. Best is trial 14 with value: 0.014096192084252834.
Time for this trial:  230.58022141456604
Memory status after this trial: 
Memory allocated:  241.00634765625
Memory cached:  252.0
--------------------  Trial  23   --------------------
Start timing: 
Parameters: 
{'W_layers': 8, 'W_layer_units_exponent_0': 6, 'W_layer_units_exponent_1': 9, 'W_layer_units_exponent_2': 5, 'W_layer_units_exponent_3': 5, 'W_layer_units_exponent_4': 5, 'W_layer_units_exponent_5': 6, 'W_layer_units_exponent_6': 8, 'W_layer_units_exponent_7': 5, 'D_layers': 5, 'D_layer_units_exponent_0': 9, 'D_layer_units_exponent_1': 10, 'D_layer_units_exponent_2': 7, 'D_layer_units_exponent_3': 9, 'D_layer_units_exponent_4': 7, 'D_dagger_layers': 5, 'D_dagger_layer_units_exponent_0': 8, 'D_dagger_layer_units_exponent_1': 8, 'D_dagger_layer_units_exponent_2': 8, 'D_dagger_layer_units_exponent_3': 10, 'D_dagger_layer_units_exponent_4': 4, 'log_learning_rate': -3.1263758173255796, 'log_learning_rate_D': -1.9158260130991571, 'log_learning_rate_D_dagger': -4.501148519423071, 'training_batch_size': 6, 'training_p': 3}
	 epoch  0 training error:  tensor(0.9520, device='cuda:0', grad_fn=<DivBackward0>)
Memory status after this epoch: 
Memory allocated:  19.71630859375
Memory cached:  154.0
	 epoch  10 training error:  tensor(0.0814, device='cuda:0', grad_fn=<DivBackward0>)
Memory status after this epoch: 
Memory allocated:  19.71630859375
Memory cached:  228.0
	 epoch  20 training error:  tensor(0.0369, device='cuda:0', grad_fn=<DivBackward0>)
Memory status after this epoch: 
Memory allocated:  19.71630859375
Memory cached:  234.0
	 epoch  30 training error:  tensor(0.0449, device='cuda:0', grad_fn=<DivBackward0>)
Memory status after this epoch: 
Memory allocated:  19.71630859375
Memory cached:  222.0
	 epoch  40 training error:  tensor(0.0427, device='cuda:0', grad_fn=<DivBackward0>)
Memory status after this epoch: 
Memory allocated:  19.71630859375
Memory cached:  238.0
	 epoch  50 training error:  tensor(0.0452, device='cuda:0', grad_fn=<DivBackward0>)
Memory status after this epoch: 
Memory allocated:  19.71630859375
Memory cached:  242.0
	 epoch  60 training error:  tensor(0.0433, device='cuda:0', grad_fn=<DivBackward0>)
Memory status after this epoch: 
Memory allocated:  19.71630859375
Memory cached:  234.0
	 epoch  70 training error:  tensor(0.0412, device='cuda:0', grad_fn=<DivBackward0>)
Memory status after this epoch: 
Memory allocated:  19.71630859375
Memory cached:  234.0
	 epoch  80 training error:  tensor(0.0363, device='cuda:0', grad_fn=<DivBackward0>)
Memory status after this epoch: 
Memory allocated:  19.71630859375
Memory cached:  230.0
	 epoch  90 training error:  tensor(0.0374, device='cuda:0', grad_fn=<DivBackward0>)
Memory status after this epoch: 
Memory allocated:  19.71630859375
Memory cached:  228.0
[I 2023-11-08 00:02:17,204] Trial 23 finished with value: 0.03508671000599861 and parameters: {'W_layers': 8, 'W_layer_units_exponent_0': 6, 'W_layer_units_exponent_1': 9, 'W_layer_units_exponent_2': 5, 'W_layer_units_exponent_3': 5, 'W_layer_units_exponent_4': 5, 'W_layer_units_exponent_5': 6, 'W_layer_units_exponent_6': 8, 'W_layer_units_exponent_7': 5, 'D_layers': 5, 'D_layer_units_exponent_0': 9, 'D_layer_units_exponent_1': 10, 'D_layer_units_exponent_2': 7, 'D_layer_units_exponent_3': 9, 'D_layer_units_exponent_4': 7, 'D_dagger_layers': 5, 'D_dagger_layer_units_exponent_0': 8, 'D_dagger_layer_units_exponent_1': 8, 'D_dagger_layer_units_exponent_2': 8, 'D_dagger_layer_units_exponent_3': 10, 'D_dagger_layer_units_exponent_4': 4, 'log_learning_rate': -3.1263758173255796, 'log_learning_rate_D': -1.9158260130991571, 'log_learning_rate_D_dagger': -4.501148519423071, 'training_batch_size': 6, 'training_p': 3}. Best is trial 14 with value: 0.014096192084252834.
Time for this trial:  426.8750743865967
Memory status after this trial: 
Memory allocated:  284.06201171875
Memory cached:  306.0
--------------------  Trial  24   --------------------
Start timing: 
Parameters: 
{'W_layers': 7, 'W_layer_units_exponent_0': 5, 'W_layer_units_exponent_1': 9, 'W_layer_units_exponent_2': 4, 'W_layer_units_exponent_3': 6, 'W_layer_units_exponent_4': 7, 'W_layer_units_exponent_5': 5, 'W_layer_units_exponent_6': 6, 'D_layers': 6, 'D_layer_units_exponent_0': 9, 'D_layer_units_exponent_1': 9, 'D_layer_units_exponent_2': 9, 'D_layer_units_exponent_3': 9, 'D_layer_units_exponent_4': 6, 'D_layer_units_exponent_5': 8, 'D_dagger_layers': 6, 'D_dagger_layer_units_exponent_0': 8, 'D_dagger_layer_units_exponent_1': 9, 'D_dagger_layer_units_exponent_2': 9, 'D_dagger_layer_units_exponent_3': 9, 'D_dagger_layer_units_exponent_4': 4, 'D_dagger_layer_units_exponent_5': 5, 'log_learning_rate': -2.994707964086455, 'log_learning_rate_D': -1.3157468159902415, 'log_learning_rate_D_dagger': -4.583877384819511, 'training_batch_size': 7, 'training_p': 4}
	 epoch  0 training error:  tensor(1.0088, device='cuda:0', grad_fn=<DivBackward0>)
Memory status after this epoch: 
Memory allocated:  23.74658203125
Memory cached:  166.0
	 epoch  10 training error:  tensor(0.0412, device='cuda:0', grad_fn=<DivBackward0>)
Memory status after this epoch: 
Memory allocated:  23.74658203125
Memory cached:  292.0
	 epoch  20 training error:  tensor(0.7554, device='cuda:0', grad_fn=<DivBackward0>)
Memory status after this epoch: 
Memory allocated:  23.74658203125
Memory cached:  288.0
	 epoch  30 training error:  tensor(0.5474, device='cuda:0', grad_fn=<DivBackward0>)
Memory status after this epoch: 
Memory allocated:  23.74658203125
Memory cached:  292.0
	 epoch  40 training error:  tensor(0.3252, device='cuda:0', grad_fn=<DivBackward0>)
Memory status after this epoch: 
Memory allocated:  23.74658203125
Memory cached:  288.0
	 epoch  50 training error:  tensor(0.1870, device='cuda:0', grad_fn=<DivBackward0>)
Memory status after this epoch: 
Memory allocated:  23.74658203125
Memory cached:  290.0
	 epoch  60 training error:  tensor(0.0795, device='cuda:0', grad_fn=<DivBackward0>)
Memory status after this epoch: 
Memory allocated:  23.74658203125
Memory cached:  296.0
	 epoch  70 training error:  tensor(0.0686, device='cuda:0', grad_fn=<DivBackward0>)
Memory status after this epoch: 
Memory allocated:  23.74658203125
Memory cached:  292.0
	 epoch  80 training error:  tensor(0.0557, device='cuda:0', grad_fn=<DivBackward0>)
Memory status after this epoch: 
Memory allocated:  23.74658203125
Memory cached:  296.0
	 epoch  90 training error:  tensor(0.0526, device='cuda:0', grad_fn=<DivBackward0>)
Memory status after this epoch: 
Memory allocated:  23.74658203125
Memory cached:  302.0
[I 2023-11-08 00:06:19,754] Trial 24 finished with value: 0.04369496554136276 and parameters: {'W_layers': 7, 'W_layer_units_exponent_0': 5, 'W_layer_units_exponent_1': 9, 'W_layer_units_exponent_2': 4, 'W_layer_units_exponent_3': 6, 'W_layer_units_exponent_4': 7, 'W_layer_units_exponent_5': 5, 'W_layer_units_exponent_6': 6, 'D_layers': 6, 'D_layer_units_exponent_0': 9, 'D_layer_units_exponent_1': 9, 'D_layer_units_exponent_2': 9, 'D_layer_units_exponent_3': 9, 'D_layer_units_exponent_4': 6, 'D_layer_units_exponent_5': 8, 'D_dagger_layers': 6, 'D_dagger_layer_units_exponent_0': 8, 'D_dagger_layer_units_exponent_1': 9, 'D_dagger_layer_units_exponent_2': 9, 'D_dagger_layer_units_exponent_3': 9, 'D_dagger_layer_units_exponent_4': 4, 'D_dagger_layer_units_exponent_5': 5, 'log_learning_rate': -2.994707964086455, 'log_learning_rate_D': -1.3157468159902415, 'log_learning_rate_D_dagger': -4.583877384819511, 'training_batch_size': 7, 'training_p': 4}. Best is trial 14 with value: 0.014096192084252834.
Time for this trial:  242.21007347106934
Memory status after this trial: 
Memory allocated:  281.90478515625
Memory cached:  294.0
--------------------  Trial  25   --------------------
Start timing: 
Parameters: 
{'W_layers': 4, 'W_layer_units_exponent_0': 4, 'W_layer_units_exponent_1': 7, 'W_layer_units_exponent_2': 6, 'W_layer_units_exponent_3': 5, 'D_layers': 5, 'D_layer_units_exponent_0': 7, 'D_layer_units_exponent_1': 10, 'D_layer_units_exponent_2': 8, 'D_layer_units_exponent_3': 4, 'D_layer_units_exponent_4': 8, 'D_dagger_layers': 7, 'D_dagger_layer_units_exponent_0': 7, 'D_dagger_layer_units_exponent_1': 10, 'D_dagger_layer_units_exponent_2': 10, 'D_dagger_layer_units_exponent_3': 8, 'D_dagger_layer_units_exponent_4': 6, 'D_dagger_layer_units_exponent_5': 6, 'D_dagger_layer_units_exponent_6': 6, 'log_learning_rate': -2.4187732674078166, 'log_learning_rate_D': -1.2811177893825878, 'log_learning_rate_D_dagger': -4.968964010582519, 'training_batch_size': 8, 'training_p': 5}
	 epoch  0 training error:  tensor(1.0553, device='cuda:0', grad_fn=<DivBackward0>)
Memory status after this epoch: 
Memory allocated:  28.90478515625
Memory cached:  156.0
	 epoch  10 training error:  tensor(0.2192, device='cuda:0', grad_fn=<DivBackward0>)
Memory status after this epoch: 
Memory allocated:  28.90478515625
Memory cached:  280.0
	 epoch  20 training error:  tensor(0.1239, device='cuda:0', grad_fn=<DivBackward0>)
Memory status after this epoch: 
Memory allocated:  28.90478515625
Memory cached:  306.0
	 epoch  30 training error:  tensor(0.0745, device='cuda:0', grad_fn=<DivBackward0>)
Memory status after this epoch: 
Memory allocated:  28.90478515625
Memory cached:  298.0
	 epoch  40 training error:  tensor(0.0506, device='cuda:0', grad_fn=<DivBackward0>)
Memory status after this epoch: 
Memory allocated:  28.90478515625
Memory cached:  294.0
	 epoch  50 training error:  tensor(0.0272, device='cuda:0', grad_fn=<DivBackward0>)
Memory status after this epoch: 
Memory allocated:  28.90478515625
Memory cached:  292.0
	 epoch  60 training error:  tensor(0.0435, device='cuda:0', grad_fn=<DivBackward0>)
Memory status after this epoch: 
Memory allocated:  28.90478515625
Memory cached:  294.0
	 epoch  70 training error:  tensor(0.0505, device='cuda:0', grad_fn=<DivBackward0>)
Memory status after this epoch: 
Memory allocated:  28.90478515625
Memory cached:  284.0
	 epoch  80 training error:  tensor(0.0320, device='cuda:0', grad_fn=<DivBackward0>)
Memory status after this epoch: 
Memory allocated:  28.90478515625
Memory cached:  294.0
	 epoch  90 training error:  tensor(0.0426, device='cuda:0', grad_fn=<DivBackward0>)
Memory status after this epoch: 
Memory allocated:  28.90478515625
Memory cached:  294.0
