[I 2023-11-09 17:58:56,200] Trial 41 finished with value: 0.025887642055749893 and parameters: {'W_layers': 5, 'W_layer_units_exponent_0': 9, 'W_layer_units_exponent_1': 5, 'W_layer_units_exponent_2': 6, 'W_layer_units_exponent_3': 8, 'W_layer_units_exponent_4': 6, 'D_layers': 3, 'D_layer_units_exponent_0': 5, 'D_layer_units_exponent_1': 9, 'D_layer_units_exponent_2': 9, 'D_dagger_layers': 5, 'D_dagger_layer_units_exponent_0': 8, 'D_dagger_layer_units_exponent_1': 8, 'D_dagger_layer_units_exponent_2': 6, 'D_dagger_layer_units_exponent_3': 9, 'D_dagger_layer_units_exponent_4': 6, 'log_learning_rate': -4.103338641844125, 'log_learning_rate_D': -4.834368800937576, 'log_learning_rate_D_dagger': -3.6568138809252053, 'training_batch_size': 9, 'training_p': 5}. Best is trial 41 with value: 0.025887642055749893.
Time for this trial:  186.35018396377563
Memory status after this trial: 
Memory allocated:  171.59375
Memory cached:  176.0
--------------------  Trial  42   --------------------
Start timing: 
Parameters: 
{'W_layers': 5, 'W_layer_units_exponent_0': 9, 'W_layer_units_exponent_1': 6, 'W_layer_units_exponent_2': 6, 'W_layer_units_exponent_3': 8, 'W_layer_units_exponent_4': 6, 'D_layers': 3, 'D_layer_units_exponent_0': 5, 'D_layer_units_exponent_1': 8, 'D_layer_units_exponent_2': 9, 'D_dagger_layers': 5, 'D_dagger_layer_units_exponent_0': 8, 'D_dagger_layer_units_exponent_1': 8, 'D_dagger_layer_units_exponent_2': 6, 'D_dagger_layer_units_exponent_3': 8, 'D_dagger_layer_units_exponent_4': 6, 'log_learning_rate': -4.1964694733703585, 'log_learning_rate_D': -4.5331298034166245, 'log_learning_rate_D_dagger': -4.183290602246222, 'training_batch_size': 9, 'training_p': 6}
	 epoch  0 training error:  tensor(0.8564, device='cuda:0', grad_fn=<DivBackward0>)
Memory status after this epoch: 
Memory allocated:  5.13525390625
Memory cached:  90.0
	 epoch  10 training error:  tensor(0.3749, device='cuda:0', grad_fn=<DivBackward0>)
Memory status after this epoch: 
Memory allocated:  5.13525390625
Memory cached:  120.0
	 epoch  20 training error:  tensor(0.2056, device='cuda:0', grad_fn=<DivBackward0>)
Memory status after this epoch: 
Memory allocated:  5.13525390625
Memory cached:  118.0
	 epoch  30 training error:  tensor(0.1263, device='cuda:0', grad_fn=<DivBackward0>)
Memory status after this epoch: 
Memory allocated:  5.13525390625
Memory cached:  122.0
	 epoch  40 training error:  tensor(0.1144, device='cuda:0', grad_fn=<DivBackward0>)
Memory status after this epoch: 
Memory allocated:  5.13525390625
Memory cached:  122.0
	 epoch  50 training error:  tensor(0.0987, device='cuda:0', grad_fn=<DivBackward0>)
Memory status after this epoch: 
Memory allocated:  5.13525390625
Memory cached:  120.0
	 epoch  60 training error:  tensor(0.0952, device='cuda:0', grad_fn=<DivBackward0>)
Memory status after this epoch: 
Memory allocated:  5.13525390625
Memory cached:  120.0
	 epoch  70 training error:  tensor(0.0907, device='cuda:0', grad_fn=<DivBackward0>)
Memory status after this epoch: 
Memory allocated:  5.13525390625
Memory cached:  120.0
	 epoch  80 training error:  tensor(0.0820, device='cuda:0', grad_fn=<DivBackward0>)
Memory status after this epoch: 
Memory allocated:  5.13525390625
Memory cached:  118.0
	 epoch  90 training error:  tensor(0.0664, device='cuda:0', grad_fn=<DivBackward0>)
Memory status after this epoch: 
Memory allocated:  5.13525390625
Memory cached:  118.0
[I 2023-11-09 18:02:01,003] Trial 42 finished with value: 0.03814863786101341 and parameters: {'W_layers': 5, 'W_layer_units_exponent_0': 9, 'W_layer_units_exponent_1': 6, 'W_layer_units_exponent_2': 6, 'W_layer_units_exponent_3': 8, 'W_layer_units_exponent_4': 6, 'D_layers': 3, 'D_layer_units_exponent_0': 5, 'D_layer_units_exponent_1': 8, 'D_layer_units_exponent_2': 9, 'D_dagger_layers': 5, 'D_dagger_layer_units_exponent_0': 8, 'D_dagger_layer_units_exponent_1': 8, 'D_dagger_layer_units_exponent_2': 6, 'D_dagger_layer_units_exponent_3': 8, 'D_dagger_layer_units_exponent_4': 6, 'log_learning_rate': -4.1964694733703585, 'log_learning_rate_D': -4.5331298034166245, 'log_learning_rate_D_dagger': -4.183290602246222, 'training_batch_size': 9, 'training_p': 6}. Best is trial 41 with value: 0.025887642055749893.
Time for this trial:  184.5116217136383
Memory status after this trial: 
Memory allocated:  144.919921875
Memory cached:  148.0
--------------------  Trial  43   --------------------
Start timing: 
Parameters: 
{'W_layers': 6, 'W_layer_units_exponent_0': 10, 'W_layer_units_exponent_1': 5, 'W_layer_units_exponent_2': 7, 'W_layer_units_exponent_3': 9, 'W_layer_units_exponent_4': 6, 'W_layer_units_exponent_5': 5, 'D_layers': 2, 'D_layer_units_exponent_0': 6, 'D_layer_units_exponent_1': 10, 'D_dagger_layers': 4, 'D_dagger_layer_units_exponent_0': 9, 'D_dagger_layer_units_exponent_1': 9, 'D_dagger_layer_units_exponent_2': 5, 'D_dagger_layer_units_exponent_3': 9, 'log_learning_rate': -4.424232527256903, 'log_learning_rate_D': -4.705284413397216, 'log_learning_rate_D_dagger': -3.8419606384194207, 'training_batch_size': 10, 'training_p': 5}
	 epoch  0 training error:  tensor(1.3546, device='cuda:0', grad_fn=<DivBackward0>)
Memory status after this epoch: 
Memory allocated:  7.85205078125
Memory cached:  94.0
	 epoch  10 training error:  tensor(0.2240, device='cuda:0', grad_fn=<DivBackward0>)
Memory status after this epoch: 
Memory allocated:  7.85205078125
Memory cached:  120.0
	 epoch  20 training error:  tensor(0.1401, device='cuda:0', grad_fn=<DivBackward0>)
Memory status after this epoch: 
Memory allocated:  7.85205078125
Memory cached:  120.0
	 epoch  30 training error:  tensor(0.1070, device='cuda:0', grad_fn=<DivBackward0>)
Memory status after this epoch: 
Memory allocated:  7.85205078125
Memory cached:  122.0
	 epoch  40 training error:  tensor(0.0884, device='cuda:0', grad_fn=<DivBackward0>)
Memory status after this epoch: 
Memory allocated:  7.85205078125
Memory cached:  122.0
	 epoch  50 training error:  tensor(0.0872, device='cuda:0', grad_fn=<DivBackward0>)
Memory status after this epoch: 
Memory allocated:  7.85205078125
Memory cached:  120.0
	 epoch  60 training error:  tensor(0.0808, device='cuda:0', grad_fn=<DivBackward0>)
Memory status after this epoch: 
Memory allocated:  7.85205078125
Memory cached:  120.0
	 epoch  70 training error:  tensor(0.0723, device='cuda:0', grad_fn=<DivBackward0>)
Memory status after this epoch: 
Memory allocated:  7.85205078125
Memory cached:  124.0
	 epoch  80 training error:  tensor(0.0603, device='cuda:0', grad_fn=<DivBackward0>)
Memory status after this epoch: 
Memory allocated:  7.85205078125
Memory cached:  122.0
	 epoch  90 training error:  tensor(0.0468, device='cuda:0', grad_fn=<DivBackward0>)
Memory status after this epoch: 
Memory allocated:  7.85205078125
Memory cached:  122.0
[I 2023-11-09 18:05:09,728] Trial 43 finished with value: 0.028507202863693237 and parameters: {'W_layers': 6, 'W_layer_units_exponent_0': 10, 'W_layer_units_exponent_1': 5, 'W_layer_units_exponent_2': 7, 'W_layer_units_exponent_3': 9, 'W_layer_units_exponent_4': 6, 'W_layer_units_exponent_5': 5, 'D_layers': 2, 'D_layer_units_exponent_0': 6, 'D_layer_units_exponent_1': 10, 'D_dagger_layers': 4, 'D_dagger_layer_units_exponent_0': 9, 'D_dagger_layer_units_exponent_1': 9, 'D_dagger_layer_units_exponent_2': 5, 'D_dagger_layer_units_exponent_3': 9, 'log_learning_rate': -4.424232527256903, 'log_learning_rate_D': -4.705284413397216, 'log_learning_rate_D_dagger': -3.8419606384194207, 'training_batch_size': 10, 'training_p': 5}. Best is trial 41 with value: 0.025887642055749893.
Time for this trial:  188.43021631240845
Memory status after this trial: 
Memory allocated:  241.82763671875
Memory cached:  246.0
--------------------  Trial  44   --------------------
Start timing: 
Parameters: 
{'W_layers': 5, 'W_layer_units_exponent_0': 10, 'W_layer_units_exponent_1': 5, 'W_layer_units_exponent_2': 6, 'W_layer_units_exponent_3': 9, 'W_layer_units_exponent_4': 6, 'D_layers': 2, 'D_layer_units_exponent_0': 6, 'D_layer_units_exponent_1': 10, 'D_dagger_layers': 6, 'D_dagger_layer_units_exponent_0': 9, 'D_dagger_layer_units_exponent_1': 8, 'D_dagger_layer_units_exponent_2': 5, 'D_dagger_layer_units_exponent_3': 9, 'D_dagger_layer_units_exponent_4': 5, 'D_dagger_layer_units_exponent_5': 6, 'log_learning_rate': -4.807503103377683, 'log_learning_rate_D': -4.8289736426892835, 'log_learning_rate_D_dagger': -3.7123672614545837, 'training_batch_size': 10, 'training_p': 5}
	 epoch  0 training error:  tensor(1.1211, device='cuda:0', grad_fn=<DivBackward0>)
Memory status after this epoch: 
Memory allocated:  5.43798828125
Memory cached:  92.0
	 epoch  10 training error:  tensor(0.3234, device='cuda:0', grad_fn=<DivBackward0>)
Memory status after this epoch: 
Memory allocated:  5.43798828125
Memory cached:  124.0
	 epoch  20 training error:  tensor(0.1761, device='cuda:0', grad_fn=<DivBackward0>)
Memory status after this epoch: 
Memory allocated:  5.43798828125
Memory cached:  122.0
	 epoch  30 training error:  tensor(0.1151, device='cuda:0', grad_fn=<DivBackward0>)
Memory status after this epoch: 
Memory allocated:  5.43798828125
Memory cached:  124.0
	 epoch  40 training error:  tensor(0.0971, device='cuda:0', grad_fn=<DivBackward0>)
Memory status after this epoch: 
Memory allocated:  5.43798828125
Memory cached:  124.0
	 epoch  50 training error:  tensor(0.0912, device='cuda:0', grad_fn=<DivBackward0>)
Memory status after this epoch: 
Memory allocated:  5.43798828125
Memory cached:  130.0
	 epoch  60 training error:  tensor(0.0871, device='cuda:0', grad_fn=<DivBackward0>)
Memory status after this epoch: 
Memory allocated:  5.43798828125
Memory cached:  124.0
	 epoch  70 training error:  tensor(0.0835, device='cuda:0', grad_fn=<DivBackward0>)
Memory status after this epoch: 
Memory allocated:  5.43798828125
Memory cached:  124.0
	 epoch  80 training error:  tensor(0.0797, device='cuda:0', grad_fn=<DivBackward0>)
Memory status after this epoch: 
Memory allocated:  5.43798828125
Memory cached:  126.0
	 epoch  90 training error:  tensor(0.0746, device='cuda:0', grad_fn=<DivBackward0>)
Memory status after this epoch: 
Memory allocated:  5.43798828125
Memory cached:  124.0
[I 2023-11-09 18:08:23,469] Trial 44 finished with value: 0.048670362681150436 and parameters: {'W_layers': 5, 'W_layer_units_exponent_0': 10, 'W_layer_units_exponent_1': 5, 'W_layer_units_exponent_2': 6, 'W_layer_units_exponent_3': 9, 'W_layer_units_exponent_4': 6, 'D_layers': 2, 'D_layer_units_exponent_0': 6, 'D_layer_units_exponent_1': 10, 'D_dagger_layers': 6, 'D_dagger_layer_units_exponent_0': 9, 'D_dagger_layer_units_exponent_1': 8, 'D_dagger_layer_units_exponent_2': 5, 'D_dagger_layer_units_exponent_3': 9, 'D_dagger_layer_units_exponent_4': 5, 'D_dagger_layer_units_exponent_5': 6, 'log_learning_rate': -4.807503103377683, 'log_learning_rate_D': -4.8289736426892835, 'log_learning_rate_D_dagger': -3.7123672614545837, 'training_batch_size': 10, 'training_p': 5}. Best is trial 41 with value: 0.025887642055749893.
Time for this trial:  193.42602801322937
Memory status after this trial: 
Memory allocated:  226.94873046875
Memory cached:  230.0
--------------------  Trial  45   --------------------
Start timing: 
Parameters: 
{'W_layers': 4, 'W_layer_units_exponent_0': 10, 'W_layer_units_exponent_1': 4, 'W_layer_units_exponent_2': 7, 'W_layer_units_exponent_3': 10, 'D_layers': 2, 'D_layer_units_exponent_0': 5, 'D_layer_units_exponent_1': 10, 'D_dagger_layers': 5, 'D_dagger_layer_units_exponent_0': 9, 'D_dagger_layer_units_exponent_1': 8, 'D_dagger_layer_units_exponent_2': 5, 'D_dagger_layer_units_exponent_3': 8, 'D_dagger_layer_units_exponent_4': 7, 'log_learning_rate': -4.495830340727562, 'log_learning_rate_D': -4.988934062589784, 'log_learning_rate_D_dagger': -3.753572994983115, 'training_batch_size': 9, 'training_p': 5}
	 epoch  0 training error:  tensor(1.4239, device='cuda:0', grad_fn=<DivBackward0>)
Memory status after this epoch: 
Memory allocated:  5.79541015625
Memory cached:  162.0
	 epoch  10 training error:  tensor(0.3515, device='cuda:0', grad_fn=<DivBackward0>)
Memory status after this epoch: 
Memory allocated:  5.79541015625
Memory cached:  248.0
	 epoch  20 training error:  tensor(0.1595, device='cuda:0', grad_fn=<DivBackward0>)
Memory status after this epoch: 
Memory allocated:  5.79541015625
Memory cached:  256.0
	 epoch  30 training error:  tensor(0.1119, device='cuda:0', grad_fn=<DivBackward0>)
Memory status after this epoch: 
Memory allocated:  5.79541015625
Memory cached:  242.0
	 epoch  40 training error:  tensor(0.0923, device='cuda:0', grad_fn=<DivBackward0>)
Memory status after this epoch: 
Memory allocated:  5.79541015625
Memory cached:  244.0
	 epoch  50 training error:  tensor(0.0788, device='cuda:0', grad_fn=<DivBackward0>)
Memory status after this epoch: 
Memory allocated:  5.79541015625
Memory cached:  242.0
	 epoch  60 training error:  tensor(0.0687, device='cuda:0', grad_fn=<DivBackward0>)
Memory status after this epoch: 
Memory allocated:  5.79541015625
Memory cached:  250.0
	 epoch  70 training error:  tensor(0.0578, device='cuda:0', grad_fn=<DivBackward0>)
Memory status after this epoch: 
Memory allocated:  5.79541015625
Memory cached:  248.0
	 epoch  80 training error:  tensor(0.0486, device='cuda:0', grad_fn=<DivBackward0>)
Memory status after this epoch: 
Memory allocated:  5.79541015625
Memory cached:  250.0
	 epoch  90 training error:  tensor(0.0419, device='cuda:0', grad_fn=<DivBackward0>)
Memory status after this epoch: 
Memory allocated:  5.79541015625
Memory cached:  248.0
[I 2023-11-09 18:11:20,400] Trial 45 finished with value: 0.03272981569170952 and parameters: {'W_layers': 4, 'W_layer_units_exponent_0': 10, 'W_layer_units_exponent_1': 4, 'W_layer_units_exponent_2': 7, 'W_layer_units_exponent_3': 10, 'D_layers': 2, 'D_layer_units_exponent_0': 5, 'D_layer_units_exponent_1': 10, 'D_dagger_layers': 5, 'D_dagger_layer_units_exponent_0': 9, 'D_dagger_layer_units_exponent_1': 8, 'D_dagger_layer_units_exponent_2': 5, 'D_dagger_layer_units_exponent_3': 8, 'D_dagger_layer_units_exponent_4': 7, 'log_learning_rate': -4.495830340727562, 'log_learning_rate_D': -4.988934062589784, 'log_learning_rate_D_dagger': -3.753572994983115, 'training_batch_size': 9, 'training_p': 5}. Best is trial 41 with value: 0.025887642055749893.
Time for this trial:  176.63733053207397
Memory status after this trial: 
Memory allocated:  240.1328125
Memory cached:  244.0
--------------------  Trial  46   --------------------
Start timing: 
Parameters: 
{'W_layers': 6, 'W_layer_units_exponent_0': 10, 'W_layer_units_exponent_1': 5, 'W_layer_units_exponent_2': 5, 'W_layer_units_exponent_3': 8, 'W_layer_units_exponent_4': 5, 'W_layer_units_exponent_5': 5, 'D_layers': 2, 'D_layer_units_exponent_0': 6, 'D_layer_units_exponent_1': 10, 'D_dagger_layers': 5, 'D_dagger_layer_units_exponent_0': 10, 'D_dagger_layer_units_exponent_1': 9, 'D_dagger_layer_units_exponent_2': 4, 'D_dagger_layer_units_exponent_3': 9, 'D_dagger_layer_units_exponent_4': 6, 'log_learning_rate': -3.659396719792215, 'log_learning_rate_D': -4.727314424357304, 'log_learning_rate_D_dagger': -4.015920857834452, 'training_batch_size': 10, 'training_p': 6}
	 epoch  0 training error:  tensor(0.9912, device='cuda:0', grad_fn=<DivBackward0>)
Memory status after this epoch: 
Memory allocated:  10.79736328125
Memory cached:  184.0
	 epoch  10 training error:  tensor(0.1621, device='cuda:0', grad_fn=<DivBackward0>)
Memory status after this epoch: 
Memory allocated:  10.79736328125
Memory cached:  270.0
	 epoch  20 training error:  tensor(0.1142, device='cuda:0', grad_fn=<DivBackward0>)
Memory status after this epoch: 
Memory allocated:  10.79736328125
Memory cached:  260.0
	 epoch  30 training error:  tensor(0.0815, device='cuda:0', grad_fn=<DivBackward0>)
Memory status after this epoch: 
Memory allocated:  10.79736328125
Memory cached:  270.0
	 epoch  40 training error:  tensor(0.0654, device='cuda:0', grad_fn=<DivBackward0>)
Memory status after this epoch: 
Memory allocated:  10.79736328125
Memory cached:  270.0
	 epoch  50 training error:  tensor(0.0502, device='cuda:0', grad_fn=<DivBackward0>)
Memory status after this epoch: 
Memory allocated:  10.79736328125
Memory cached:  268.0
	 epoch  60 training error:  tensor(0.0476, device='cuda:0', grad_fn=<DivBackward0>)
Memory status after this epoch: 
Memory allocated:  10.79736328125
Memory cached:  272.0
	 epoch  70 training error:  tensor(0.0396, device='cuda:0', grad_fn=<DivBackward0>)
Memory status after this epoch: 
Memory allocated:  10.79736328125
Memory cached:  260.0
	 epoch  80 training error:  tensor(0.0558, device='cuda:0', grad_fn=<DivBackward0>)
Memory status after this epoch: 
Memory allocated:  10.79736328125
Memory cached:  266.0
	 epoch  90 training error:  tensor(0.0455, device='cuda:0', grad_fn=<DivBackward0>)
Memory status after this epoch: 
Memory allocated:  10.79736328125
Memory cached:  260.0
[I 2023-11-09 18:14:33,836] Trial 46 finished with value: 0.10046489536762238 and parameters: {'W_layers': 6, 'W_layer_units_exponent_0': 10, 'W_layer_units_exponent_1': 5, 'W_layer_units_exponent_2': 5, 'W_layer_units_exponent_3': 8, 'W_layer_units_exponent_4': 5, 'W_layer_units_exponent_5': 5, 'D_layers': 2, 'D_layer_units_exponent_0': 6, 'D_layer_units_exponent_1': 10, 'D_dagger_layers': 5, 'D_dagger_layer_units_exponent_0': 10, 'D_dagger_layer_units_exponent_1': 9, 'D_dagger_layer_units_exponent_2': 4, 'D_dagger_layer_units_exponent_3': 9, 'D_dagger_layer_units_exponent_4': 6, 'log_learning_rate': -3.659396719792215, 'log_learning_rate_D': -4.727314424357304, 'log_learning_rate_D_dagger': -4.015920857834452, 'training_batch_size': 10, 'training_p': 6}. Best is trial 41 with value: 0.025887642055749893.
Time for this trial:  193.14451694488525
Memory status after this trial: 
Memory allocated:  252.87060546875
Memory cached:  272.0
--------------------  Trial  47   --------------------
Start timing: 
Parameters: 
{'W_layers': 7, 'W_layer_units_exponent_0': 6, 'W_layer_units_exponent_1': 4, 'W_layer_units_exponent_2': 6, 'W_layer_units_exponent_3': 9, 'W_layer_units_exponent_4': 6, 'W_layer_units_exponent_5': 4, 'W_layer_units_exponent_6': 7, 'D_layers': 2, 'D_layer_units_exponent_0': 4, 'D_layer_units_exponent_1': 9, 'D_dagger_layers': 6, 'D_dagger_layer_units_exponent_0': 9, 'D_dagger_layer_units_exponent_1': 10, 'D_dagger_layer_units_exponent_2': 4, 'D_dagger_layer_units_exponent_3': 8, 'D_dagger_layer_units_exponent_4': 5, 'D_dagger_layer_units_exponent_5': 5, 'log_learning_rate': -4.820505242887244, 'log_learning_rate_D': -4.404805259226545, 'log_learning_rate_D_dagger': -3.340272840946427, 'training_batch_size': 10, 'training_p': 5}
	 epoch  0 training error:  tensor(1.0549, device='cuda:0', grad_fn=<DivBackward0>)
Memory status after this epoch: 
Memory allocated:  9.85986328125
Memory cached:  160.0
	 epoch  10 training error:  tensor(0.2632, device='cuda:0', grad_fn=<DivBackward0>)
Memory status after this epoch: 
Memory allocated:  9.85986328125
Memory cached:  230.0
	 epoch  20 training error:  tensor(0.1313, device='cuda:0', grad_fn=<DivBackward0>)
Memory status after this epoch: 
Memory allocated:  9.85986328125
Memory cached:  224.0
	 epoch  30 training error:  tensor(0.1202, device='cuda:0', grad_fn=<DivBackward0>)
Memory status after this epoch: 
Memory allocated:  9.85986328125
Memory cached:  228.0
	 epoch  40 training error:  tensor(0.0871, device='cuda:0', grad_fn=<DivBackward0>)
Memory status after this epoch: 
Memory allocated:  9.85986328125
Memory cached:  216.0
	 epoch  50 training error:  tensor(0.1288, device='cuda:0', grad_fn=<DivBackward0>)
Memory status after this epoch: 
Memory allocated:  9.85986328125
Memory cached:  224.0
	 epoch  60 training error:  tensor(0.0985, device='cuda:0', grad_fn=<DivBackward0>)
Memory status after this epoch: 
Memory allocated:  9.85986328125
Memory cached:  222.0
	 epoch  70 training error:  tensor(0.1089, device='cuda:0', grad_fn=<DivBackward0>)
Memory status after this epoch: 
Memory allocated:  9.85986328125
Memory cached:  208.0
	 epoch  80 training error:  tensor(0.0924, device='cuda:0', grad_fn=<DivBackward0>)
Memory status after this epoch: 
Memory allocated:  9.85986328125
Memory cached:  220.0
	 epoch  90 training error:  tensor(0.0991, device='cuda:0', grad_fn=<DivBackward0>)
Memory status after this epoch: 
Memory allocated:  9.85986328125
Memory cached:  222.0
