[I 2023-11-04 01:30:49,207] Trial 20 finished with value: 1.0 and parameters: {'W_layers': 8, 'W_layer_units_exponent_0': 6, 'W_layer_units_exponent_1': 7, 'W_layer_units_exponent_2': 5, 'W_layer_units_exponent_3': 4, 'W_layer_units_exponent_4': 9, 'W_layer_units_exponent_5': 9, 'W_layer_units_exponent_6': 10, 'W_layer_units_exponent_7': 10, 'D_layers': 4, 'D_layer_units_exponent_0': 10, 'D_layer_units_exponent_1': 9, 'D_layer_units_exponent_2': 9, 'D_layer_units_exponent_3': 9, 'log_learning_rate': -1.6859273362790654, 'log_learning_rate_D': -4.049553947916975, 'training_batch_size': 12, 'training_p': 3}. Best is trial 16 with value: 0.032101381570100784.
Time for this trial:  182.56570506095886
Memory status after this trial: 
Memory allocated:  335.2998046875
Memory cached:  366.0
--------------------  Trial  21   --------------------
Start timing: 
Parameters: 
{'W_layers': 4, 'W_layer_units_exponent_0': 5, 'W_layer_units_exponent_1': 9, 'W_layer_units_exponent_2': 5, 'W_layer_units_exponent_3': 6, 'D_layers': 5, 'D_layer_units_exponent_0': 9, 'D_layer_units_exponent_1': 7, 'D_layer_units_exponent_2': 8, 'D_layer_units_exponent_3': 6, 'D_layer_units_exponent_4': 8, 'log_learning_rate': -2.7118996627424723, 'log_learning_rate_D': -4.968596242676057, 'training_batch_size': 11, 'training_p': 3}
	 epoch  0 training error:  tensor(0.8452, device='cuda:0', grad_fn=<DivBackward0>)
Memory status after this epoch: 
Memory allocated:  2.625
Memory cached:  12.0
	 epoch  10 training error:  tensor(0.1742, device='cuda:0', grad_fn=<DivBackward0>)
Memory status after this epoch: 
Memory allocated:  2.625
Memory cached:  14.0
	 epoch  20 training error:  tensor(0.1126, device='cuda:0', grad_fn=<DivBackward0>)
Memory status after this epoch: 
Memory allocated:  2.625
Memory cached:  14.0
	 epoch  30 training error:  tensor(0.0697, device='cuda:0', grad_fn=<DivBackward0>)
Memory status after this epoch: 
Memory allocated:  2.625
Memory cached:  14.0
	 epoch  40 training error:  tensor(0.0700, device='cuda:0', grad_fn=<DivBackward0>)
Memory status after this epoch: 
Memory allocated:  2.625
Memory cached:  14.0
	 epoch  50 training error:  tensor(0.0645, device='cuda:0', grad_fn=<DivBackward0>)
Memory status after this epoch: 
Memory allocated:  2.625
Memory cached:  14.0
	 epoch  60 training error:  tensor(0.0740, device='cuda:0', grad_fn=<DivBackward0>)
Memory status after this epoch: 
Memory allocated:  2.625
Memory cached:  14.0
	 epoch  70 training error:  tensor(0.0696, device='cuda:0', grad_fn=<DivBackward0>)
Memory status after this epoch: 
Memory allocated:  2.625
Memory cached:  14.0
	 epoch  80 training error:  tensor(0.0585, device='cuda:0', grad_fn=<DivBackward0>)
Memory status after this epoch: 
Memory allocated:  2.625
Memory cached:  14.0
	 epoch  90 training error:  tensor(0.0591, device='cuda:0', grad_fn=<DivBackward0>)
Memory status after this epoch: 
Memory allocated:  2.625
Memory cached:  14.0
[I 2023-11-04 01:33:01,650] Trial 21 finished with value: 0.05121207982301712 and parameters: {'W_layers': 4, 'W_layer_units_exponent_0': 5, 'W_layer_units_exponent_1': 9, 'W_layer_units_exponent_2': 5, 'W_layer_units_exponent_3': 6, 'D_layers': 5, 'D_layer_units_exponent_0': 9, 'D_layer_units_exponent_1': 7, 'D_layer_units_exponent_2': 8, 'D_layer_units_exponent_3': 6, 'D_layer_units_exponent_4': 8, 'log_learning_rate': -2.7118996627424723, 'log_learning_rate_D': -4.968596242676057, 'training_batch_size': 11, 'training_p': 3}. Best is trial 16 with value: 0.032101381570100784.
Time for this trial:  132.2180211544037
Memory status after this trial: 
Memory allocated:  100.4267578125
Memory cached:  102.0
--------------------  Trial  22   --------------------
Start timing: 
Parameters: 
{'W_layers': 5, 'W_layer_units_exponent_0': 5, 'W_layer_units_exponent_1': 8, 'W_layer_units_exponent_2': 4, 'W_layer_units_exponent_3': 7, 'W_layer_units_exponent_4': 5, 'D_layers': 3, 'D_layer_units_exponent_0': 7, 'D_layer_units_exponent_1': 7, 'D_layer_units_exponent_2': 8, 'log_learning_rate': -2.728651037459997, 'log_learning_rate_D': -4.244518556693344, 'training_batch_size': 11, 'training_p': 4}
	 epoch  0 training error:  tensor(1.0065, device='cuda:0', grad_fn=<DivBackward0>)
Memory status after this epoch: 
Memory allocated:  1.099609375
Memory cached:  8.0
	 epoch  10 training error:  tensor(0.0780, device='cuda:0', grad_fn=<DivBackward0>)
Memory status after this epoch: 
Memory allocated:  1.099609375
Memory cached:  10.0
	 epoch  20 training error:  tensor(0.0904, device='cuda:0', grad_fn=<DivBackward0>)
Memory status after this epoch: 
Memory allocated:  1.099609375
Memory cached:  10.0
	 epoch  30 training error:  tensor(0.0983, device='cuda:0', grad_fn=<DivBackward0>)
Memory status after this epoch: 
Memory allocated:  1.099609375
Memory cached:  10.0
	 epoch  40 training error:  tensor(0.0649, device='cuda:0', grad_fn=<DivBackward0>)
Memory status after this epoch: 
Memory allocated:  1.099609375
Memory cached:  10.0
	 epoch  50 training error:  tensor(0.0618, device='cuda:0', grad_fn=<DivBackward0>)
Memory status after this epoch: 
Memory allocated:  1.099609375
Memory cached:  10.0
	 epoch  60 training error:  tensor(0.0490, device='cuda:0', grad_fn=<DivBackward0>)
Memory status after this epoch: 
Memory allocated:  1.099609375
Memory cached:  10.0
	 epoch  70 training error:  tensor(0.0442, device='cuda:0', grad_fn=<DivBackward0>)
Memory status after this epoch: 
Memory allocated:  1.099609375
Memory cached:  10.0
	 epoch  80 training error:  tensor(0.0395, device='cuda:0', grad_fn=<DivBackward0>)
Memory status after this epoch: 
Memory allocated:  1.099609375
Memory cached:  10.0
	 epoch  90 training error:  tensor(0.0383, device='cuda:0', grad_fn=<DivBackward0>)
Memory status after this epoch: 
Memory allocated:  1.099609375
Memory cached:  10.0
[I 2023-11-04 01:35:00,567] Trial 22 finished with value: 0.03697347268462181 and parameters: {'W_layers': 5, 'W_layer_units_exponent_0': 5, 'W_layer_units_exponent_1': 8, 'W_layer_units_exponent_2': 4, 'W_layer_units_exponent_3': 7, 'W_layer_units_exponent_4': 5, 'D_layers': 3, 'D_layer_units_exponent_0': 7, 'D_layer_units_exponent_1': 7, 'D_layer_units_exponent_2': 8, 'log_learning_rate': -2.728651037459997, 'log_learning_rate_D': -4.244518556693344, 'training_batch_size': 11, 'training_p': 4}. Best is trial 16 with value: 0.032101381570100784.
Time for this trial:  118.72077226638794
Memory status after this trial: 
Memory allocated:  53.2138671875
Memory cached:  54.0
--------------------  Trial  23   --------------------
Start timing: 
Parameters: 
{'W_layers': 5, 'W_layer_units_exponent_0': 5, 'W_layer_units_exponent_1': 7, 'W_layer_units_exponent_2': 4, 'W_layer_units_exponent_3': 5, 'W_layer_units_exponent_4': 5, 'D_layers': 3, 'D_layer_units_exponent_0': 8, 'D_layer_units_exponent_1': 7, 'D_layer_units_exponent_2': 8, 'log_learning_rate': -2.335055512148831, 'log_learning_rate_D': -4.412817558539733, 'training_batch_size': 10, 'training_p': 2}
	 epoch  0 training error:  tensor(0.9734, device='cuda:0', grad_fn=<DivBackward0>)
Memory status after this epoch: 
Memory allocated:  1.189453125
Memory cached:  6.0
	 epoch  10 training error:  tensor(0.1542, device='cuda:0', grad_fn=<DivBackward0>)
Memory status after this epoch: 
Memory allocated:  1.189453125
Memory cached:  8.0
	 epoch  20 training error:  tensor(0.1259, device='cuda:0', grad_fn=<DivBackward0>)
Memory status after this epoch: 
Memory allocated:  1.189453125
Memory cached:  8.0
	 epoch  30 training error:  tensor(0.0558, device='cuda:0', grad_fn=<DivBackward0>)
Memory status after this epoch: 
Memory allocated:  1.189453125
Memory cached:  8.0
	 epoch  40 training error:  tensor(0.0550, device='cuda:0', grad_fn=<DivBackward0>)
Memory status after this epoch: 
Memory allocated:  1.189453125
Memory cached:  8.0
	 epoch  50 training error:  tensor(0.0380, device='cuda:0', grad_fn=<DivBackward0>)
Memory status after this epoch: 
Memory allocated:  1.189453125
Memory cached:  8.0
	 epoch  60 training error:  tensor(0.0358, device='cuda:0', grad_fn=<DivBackward0>)
Memory status after this epoch: 
Memory allocated:  1.189453125
Memory cached:  8.0
	 epoch  70 training error:  tensor(0.0317, device='cuda:0', grad_fn=<DivBackward0>)
Memory status after this epoch: 
Memory allocated:  1.189453125
Memory cached:  8.0
	 epoch  80 training error:  tensor(0.0356, device='cuda:0', grad_fn=<DivBackward0>)
Memory status after this epoch: 
Memory allocated:  1.189453125
Memory cached:  8.0
	 epoch  90 training error:  tensor(0.0356, device='cuda:0', grad_fn=<DivBackward0>)
Memory status after this epoch: 
Memory allocated:  1.189453125
Memory cached:  8.0
[I 2023-11-04 01:36:53,304] Trial 23 finished with value: 0.03796403110027313 and parameters: {'W_layers': 5, 'W_layer_units_exponent_0': 5, 'W_layer_units_exponent_1': 7, 'W_layer_units_exponent_2': 4, 'W_layer_units_exponent_3': 5, 'W_layer_units_exponent_4': 5, 'D_layers': 3, 'D_layer_units_exponent_0': 8, 'D_layer_units_exponent_1': 7, 'D_layer_units_exponent_2': 8, 'log_learning_rate': -2.335055512148831, 'log_learning_rate_D': -4.412817558539733, 'training_batch_size': 10, 'training_p': 2}. Best is trial 16 with value: 0.032101381570100784.
Time for this trial:  112.53424429893494
Memory status after this trial: 
Memory allocated:  48.0634765625
Memory cached:  50.0
--------------------  Trial  24   --------------------
Start timing: 
Parameters: 
{'W_layers': 7, 'W_layer_units_exponent_0': 6, 'W_layer_units_exponent_1': 10, 'W_layer_units_exponent_2': 4, 'W_layer_units_exponent_3': 7, 'W_layer_units_exponent_4': 4, 'W_layer_units_exponent_5': 5, 'W_layer_units_exponent_6': 4, 'D_layers': 3, 'D_layer_units_exponent_0': 7, 'D_layer_units_exponent_1': 7, 'D_layer_units_exponent_2': 9, 'log_learning_rate': -2.7151128134031404, 'log_learning_rate_D': -4.565633827749277, 'training_batch_size': 11, 'training_p': 3}
	 epoch  0 training error:  tensor(1.0153, device='cuda:0', grad_fn=<DivBackward0>)
Memory status after this epoch: 
Memory allocated:  2.671875
Memory cached:  10.0
	 epoch  10 training error:  tensor(0.1015, device='cuda:0', grad_fn=<DivBackward0>)
Memory status after this epoch: 
Memory allocated:  2.671875
Memory cached:  16.0
	 epoch  20 training error:  tensor(0.0686, device='cuda:0', grad_fn=<DivBackward0>)
Memory status after this epoch: 
Memory allocated:  2.671875
Memory cached:  16.0
	 epoch  30 training error:  tensor(0.0538, device='cuda:0', grad_fn=<DivBackward0>)
Memory status after this epoch: 
Memory allocated:  2.671875
Memory cached:  16.0
	 epoch  40 training error:  tensor(0.0551, device='cuda:0', grad_fn=<DivBackward0>)
Memory status after this epoch: 
Memory allocated:  2.671875
Memory cached:  16.0
	 epoch  50 training error:  tensor(0.0451, device='cuda:0', grad_fn=<DivBackward0>)
Memory status after this epoch: 
Memory allocated:  2.671875
Memory cached:  16.0
	 epoch  60 training error:  tensor(0.0492, device='cuda:0', grad_fn=<DivBackward0>)
Memory status after this epoch: 
Memory allocated:  2.671875
Memory cached:  16.0
	 epoch  70 training error:  tensor(0.0416, device='cuda:0', grad_fn=<DivBackward0>)
Memory status after this epoch: 
Memory allocated:  2.671875
Memory cached:  16.0
	 epoch  80 training error:  tensor(0.0396, device='cuda:0', grad_fn=<DivBackward0>)
Memory status after this epoch: 
Memory allocated:  2.671875
Memory cached:  16.0
	 epoch  90 training error:  tensor(0.0560, device='cuda:0', grad_fn=<DivBackward0>)
Memory status after this epoch: 
Memory allocated:  2.671875
Memory cached:  16.0
[I 2023-11-04 01:39:06,748] Trial 24 finished with value: 0.03180091083049774 and parameters: {'W_layers': 7, 'W_layer_units_exponent_0': 6, 'W_layer_units_exponent_1': 10, 'W_layer_units_exponent_2': 4, 'W_layer_units_exponent_3': 7, 'W_layer_units_exponent_4': 4, 'W_layer_units_exponent_5': 5, 'W_layer_units_exponent_6': 4, 'D_layers': 3, 'D_layer_units_exponent_0': 7, 'D_layer_units_exponent_1': 7, 'D_layer_units_exponent_2': 9, 'log_learning_rate': -2.7151128134031404, 'log_learning_rate_D': -4.565633827749277, 'training_batch_size': 11, 'training_p': 3}. Best is trial 24 with value: 0.03180091083049774.
Time for this trial:  133.222722530365
Memory status after this trial: 
Memory allocated:  112.310546875
Memory cached:  114.0
--------------------  Trial  25   --------------------
Start timing: 
Parameters: 
{'W_layers': 7, 'W_layer_units_exponent_0': 7, 'W_layer_units_exponent_1': 10, 'W_layer_units_exponent_2': 7, 'W_layer_units_exponent_3': 7, 'W_layer_units_exponent_4': 4, 'W_layer_units_exponent_5': 5, 'W_layer_units_exponent_6': 4, 'D_layers': 4, 'D_layer_units_exponent_0': 8, 'D_layer_units_exponent_1': 9, 'D_layer_units_exponent_2': 10, 'D_layer_units_exponent_3': 4, 'log_learning_rate': -2.1920659342056963, 'log_learning_rate_D': -4.751335897918741, 'training_batch_size': 12, 'training_p': 3}
	 epoch  0 training error:  tensor(1.0189, device='cuda:0', grad_fn=<DivBackward0>)
Memory status after this epoch: 
Memory allocated:  14.658203125
Memory cached:  36.0
	 epoch  10 training error:  tensor(0.4786, device='cuda:0', grad_fn=<DivBackward0>)
Memory status after this epoch: 
Memory allocated:  14.658203125
Memory cached:  38.0
	 epoch  20 training error:  tensor(0.2262, device='cuda:0', grad_fn=<DivBackward0>)
Memory status after this epoch: 
Memory allocated:  14.658203125
Memory cached:  38.0
	 epoch  30 training error:  tensor(0.1209, device='cuda:0', grad_fn=<DivBackward0>)
Memory status after this epoch: 
Memory allocated:  14.658203125
Memory cached:  38.0
	 epoch  40 training error:  tensor(0.1058, device='cuda:0', grad_fn=<DivBackward0>)
Memory status after this epoch: 
Memory allocated:  14.658203125
Memory cached:  38.0
	 epoch  50 training error:  tensor(0.1244, device='cuda:0', grad_fn=<DivBackward0>)
Memory status after this epoch: 
Memory allocated:  14.658203125
Memory cached:  38.0
	 epoch  60 training error:  tensor(0.1472, device='cuda:0', grad_fn=<DivBackward0>)
Memory status after this epoch: 
Memory allocated:  14.658203125
Memory cached:  38.0
	 epoch  70 training error:  tensor(0.1984, device='cuda:0', grad_fn=<DivBackward0>)
Memory status after this epoch: 
Memory allocated:  14.658203125
Memory cached:  38.0
	 epoch  80 training error:  tensor(0.0576, device='cuda:0', grad_fn=<DivBackward0>)
Memory status after this epoch: 
Memory allocated:  14.658203125
Memory cached:  38.0
	 epoch  90 training error:  tensor(0.0559, device='cuda:0', grad_fn=<DivBackward0>)
Memory status after this epoch: 
Memory allocated:  14.658203125
Memory cached:  38.0
[I 2023-11-04 01:41:39,355] Trial 25 finished with value: 0.115012027323246 and parameters: {'W_layers': 7, 'W_layer_units_exponent_0': 7, 'W_layer_units_exponent_1': 10, 'W_layer_units_exponent_2': 7, 'W_layer_units_exponent_3': 7, 'W_layer_units_exponent_4': 4, 'W_layer_units_exponent_5': 5, 'W_layer_units_exponent_6': 4, 'D_layers': 4, 'D_layer_units_exponent_0': 8, 'D_layer_units_exponent_1': 9, 'D_layer_units_exponent_2': 10, 'D_layer_units_exponent_3': 4, 'log_learning_rate': -2.1920659342056963, 'log_learning_rate_D': -4.751335897918741, 'training_batch_size': 12, 'training_p': 3}. Best is trial 24 with value: 0.03180091083049774.
Time for this trial:  152.37563753128052
Memory status after this trial: 
Memory allocated:  182.68798828125
Memory cached:  204.0
--------------------  Trial  26   --------------------
Start timing: 
Parameters: 
{'W_layers': 6, 'W_layer_units_exponent_0': 6, 'W_layer_units_exponent_1': 10, 'W_layer_units_exponent_2': 6, 'W_layer_units_exponent_3': 6, 'W_layer_units_exponent_4': 6, 'W_layer_units_exponent_5': 6, 'D_layers': 2, 'D_layer_units_exponent_0': 9, 'D_layer_units_exponent_1': 8, 'log_learning_rate': -2.6037845514847797, 'log_learning_rate_D': -4.558082214369229, 'training_batch_size': 10, 'training_p': 2}
	 epoch  0 training error:  tensor(1.0499, device='cuda:0', grad_fn=<DivBackward0>)
Memory status after this epoch: 
Memory allocated:  4.287109375
Memory cached:  10.0
	 epoch  10 training error:  tensor(0.1991, device='cuda:0', grad_fn=<DivBackward0>)
Memory status after this epoch: 
Memory allocated:  4.287109375
Memory cached:  18.0
	 epoch  20 training error:  tensor(0.1168, device='cuda:0', grad_fn=<DivBackward0>)
Memory status after this epoch: 
Memory allocated:  4.287109375
Memory cached:  14.0
	 epoch  30 training error:  tensor(0.1337, device='cuda:0', grad_fn=<DivBackward0>)
Memory status after this epoch: 
Memory allocated:  4.287109375
Memory cached:  16.0
	 epoch  40 training error:  tensor(0.0826, device='cuda:0', grad_fn=<DivBackward0>)
Memory status after this epoch: 
Memory allocated:  4.287109375
Memory cached:  16.0
	 epoch  50 training error:  tensor(0.0558, device='cuda:0', grad_fn=<DivBackward0>)
Memory status after this epoch: 
Memory allocated:  4.287109375
Memory cached:  16.0
	 epoch  60 training error:  tensor(0.0541, device='cuda:0', grad_fn=<DivBackward0>)
Memory status after this epoch: 
Memory allocated:  4.287109375
Memory cached:  16.0
	 epoch  70 training error:  tensor(0.0489, device='cuda:0', grad_fn=<DivBackward0>)
Memory status after this epoch: 
Memory allocated:  4.287109375
Memory cached:  16.0
	 epoch  80 training error:  tensor(0.0407, device='cuda:0', grad_fn=<DivBackward0>)
Memory status after this epoch: 
Memory allocated:  4.287109375
Memory cached:  16.0
	 epoch  90 training error:  tensor(0.0749, device='cuda:0', grad_fn=<DivBackward0>)
Memory status after this epoch: 
Memory allocated:  4.287109375
Memory cached:  14.0
[I 2023-11-04 01:43:46,154] Trial 26 finished with value: 0.09118875116109848 and parameters: {'W_layers': 6, 'W_layer_units_exponent_0': 6, 'W_layer_units_exponent_1': 10, 'W_layer_units_exponent_2': 6, 'W_layer_units_exponent_3': 6, 'W_layer_units_exponent_4': 6, 'W_layer_units_exponent_5': 6, 'D_layers': 2, 'D_layer_units_exponent_0': 9, 'D_layer_units_exponent_1': 8, 'log_learning_rate': -2.6037845514847797, 'log_learning_rate_D': -4.558082214369229, 'training_batch_size': 10, 'training_p': 2}. Best is trial 24 with value: 0.03180091083049774.
Time for this trial:  126.59602642059326
Memory status after this trial: 
Memory allocated:  115.1689453125
Memory cached:  118.0
--------------------  Trial  27   --------------------
Start timing: 
Parameters: 
{'W_layers': 7, 'W_layer_units_exponent_0': 7, 'W_layer_units_exponent_1': 9, 'W_layer_units_exponent_2': 9, 'W_layer_units_exponent_3': 5, 'W_layer_units_exponent_4': 6, 'W_layer_units_exponent_5': 4, 'W_layer_units_exponent_6': 6, 'D_layers': 4, 'D_layer_units_exponent_0': 7, 'D_layer_units_exponent_1': 10, 'D_layer_units_exponent_2': 9, 'D_layer_units_exponent_3': 9, 'log_learning_rate': -2.188336612917309, 'log_learning_rate_D': -3.8601599467383996, 'training_batch_size': 9, 'training_p': 3}
	 epoch  0 training error:  tensor(0.9946, device='cuda:0', grad_fn=<DivBackward0>)
Memory status after this epoch: 
Memory allocated:  19.427734375
Memory cached:  40.0
	 epoch  10 training error:  tensor(0.2980, device='cuda:0', grad_fn=<DivBackward0>)
Memory status after this epoch: 
Memory allocated:  19.427734375
Memory cached:  48.0
	 epoch  20 training error:  tensor(0.6132, device='cuda:0', grad_fn=<DivBackward0>)
Memory status after this epoch: 
Memory allocated:  19.427734375
Memory cached:  46.0
	 epoch  30 training error:  tensor(0.3283, device='cuda:0', grad_fn=<DivBackward0>)
Memory status after this epoch: 
Memory allocated:  19.427734375
Memory cached:  46.0
	 epoch  40 training error:  tensor(0.5774, device='cuda:0', grad_fn=<DivBackward0>)
Memory status after this epoch: 
Memory allocated:  19.427734375
Memory cached:  46.0
	 epoch  50 training error:  tensor(0.3060, device='cuda:0', grad_fn=<DivBackward0>)
Memory status after this epoch: 
Memory allocated:  19.427734375
Memory cached:  46.0
	 epoch  60 training error:  tensor(0.1645, device='cuda:0', grad_fn=<DivBackward0>)
Memory status after this epoch: 
Memory allocated:  19.427734375
Memory cached:  46.0
	 epoch  70 training error:  tensor(0.1161, device='cuda:0', grad_fn=<DivBackward0>)
Memory status after this epoch: 
Memory allocated:  19.427734375
Memory cached:  46.0
	 epoch  80 training error:  tensor(0.1529, device='cuda:0', grad_fn=<DivBackward0>)
Memory status after this epoch: 
Memory allocated:  19.427734375
Memory cached:  46.0
	 epoch  90 training error:  tensor(0.1269, device='cuda:0', grad_fn=<DivBackward0>)
Memory status after this epoch: 
Memory allocated:  19.427734375
Memory cached:  46.0
