[I 2023-10-30 17:35:38,963] Trial 42 finished with value: 0.22624240815639496 and parameters: {'W_layers': 2, 'W_layer_units_exponent_0': 8, 'W_layer_units_exponent_1': 8, 'D_layers': 3, 'D_layer_units_exponent_0': 5, 'D_layer_units_exponent_1': 8, 'D_layer_units_exponent_2': 7, 'log_learning_rate': -3.032522805752993, 'log_learning_rate_D': -3.137057743561169, 'training_batch_size': 8, 'training_p': 6}. Best is trial 8 with value: 0.22491002082824707.
Time for this trial:  100.41375374794006
Memory status after this trial: 
Memory allocated:  50.94287109375
Memory cached:  54.0
--------------------  Trial  43   --------------------
Start timing: 
Parameters: 
{'W_layers': 3, 'W_layer_units_exponent_0': 4, 'W_layer_units_exponent_1': 5, 'W_layer_units_exponent_2': 10, 'D_layers': 5, 'D_layer_units_exponent_0': 4, 'D_layer_units_exponent_1': 8, 'D_layer_units_exponent_2': 6, 'D_layer_units_exponent_3': 8, 'D_layer_units_exponent_4': 10, 'log_learning_rate': -3.495659416967814, 'log_learning_rate_D': -2.674394837802933, 'training_batch_size': 7, 'training_p': 3}
	 epoch  0 training error:  tensor(1.0000, device='cuda:0', grad_fn=<DivBackward0>)
Memory status after this epoch: 
Memory allocated:  5.1943359375
Memory cached:  10.0
	 epoch  10 training error:  tensor(0.9998, device='cuda:0', grad_fn=<DivBackward0>)
Memory status after this epoch: 
Memory allocated:  5.1943359375
Memory cached:  16.0
	 epoch  20 training error:  tensor(0.9983, device='cuda:0', grad_fn=<DivBackward0>)
Memory status after this epoch: 
Memory allocated:  5.1943359375
Memory cached:  16.0
	 epoch  30 training error:  tensor(0.9934, device='cuda:0', grad_fn=<DivBackward0>)
Memory status after this epoch: 
Memory allocated:  5.1943359375
Memory cached:  16.0
	 epoch  40 training error:  tensor(0.9780, device='cuda:0', grad_fn=<DivBackward0>)
Memory status after this epoch: 
Memory allocated:  5.1943359375
Memory cached:  16.0
	 epoch  50 training error:  tensor(0.7797, device='cuda:0', grad_fn=<DivBackward0>)
Memory status after this epoch: 
Memory allocated:  5.1943359375
Memory cached:  16.0
	 epoch  60 training error:  tensor(0.5608, device='cuda:0', grad_fn=<DivBackward0>)
Memory status after this epoch: 
Memory allocated:  5.1943359375
Memory cached:  16.0
	 epoch  70 training error:  tensor(0.3840, device='cuda:0', grad_fn=<DivBackward0>)
Memory status after this epoch: 
Memory allocated:  5.1943359375
Memory cached:  16.0
	 epoch  80 training error:  tensor(0.3341, device='cuda:0', grad_fn=<DivBackward0>)
Memory status after this epoch: 
Memory allocated:  5.1943359375
Memory cached:  16.0
	 epoch  90 training error:  tensor(0.2992, device='cuda:0', grad_fn=<DivBackward0>)
Memory status after this epoch: 
Memory allocated:  5.1943359375
Memory cached:  16.0
[I 2023-10-30 17:37:53,918] Trial 43 finished with value: 0.24328532814979553 and parameters: {'W_layers': 3, 'W_layer_units_exponent_0': 4, 'W_layer_units_exponent_1': 5, 'W_layer_units_exponent_2': 10, 'D_layers': 5, 'D_layer_units_exponent_0': 4, 'D_layer_units_exponent_1': 8, 'D_layer_units_exponent_2': 6, 'D_layer_units_exponent_3': 8, 'D_layer_units_exponent_4': 10, 'log_learning_rate': -3.495659416967814, 'log_learning_rate_D': -2.674394837802933, 'training_batch_size': 7, 'training_p': 3}. Best is trial 8 with value: 0.22491002082824707.
Time for this trial:  134.74755954742432
Memory status after this trial: 
Memory allocated:  146.37060546875
Memory cached:  150.0
--------------------  Trial  44   --------------------
Start timing: 
Parameters: 
{'W_layers': 2, 'W_layer_units_exponent_0': 7, 'W_layer_units_exponent_1': 6, 'D_layers': 2, 'D_layer_units_exponent_0': 9, 'D_layer_units_exponent_1': 6, 'log_learning_rate': -3.7947197167276365, 'log_learning_rate_D': -3.23652668890861, 'training_batch_size': 9, 'training_p': 4}
	 epoch  0 training error:  tensor(1.0003, device='cuda:0', grad_fn=<DivBackward0>)
Memory status after this epoch: 
Memory allocated:  0.7626953125
Memory cached:  4.0
	 epoch  10 training error:  tensor(0.9979, device='cuda:0', grad_fn=<DivBackward0>)
Memory status after this epoch: 
Memory allocated:  0.7626953125
Memory cached:  10.0
	 epoch  20 training error:  tensor(0.9949, device='cuda:0', grad_fn=<DivBackward0>)
Memory status after this epoch: 
Memory allocated:  0.7626953125
Memory cached:  8.0
	 epoch  30 training error:  tensor(0.9902, device='cuda:0', grad_fn=<DivBackward0>)
Memory status after this epoch: 
Memory allocated:  0.7626953125
Memory cached:  8.0
	 epoch  40 training error:  tensor(0.9744, device='cuda:0', grad_fn=<DivBackward0>)
Memory status after this epoch: 
Memory allocated:  0.7626953125
Memory cached:  10.0
	 epoch  50 training error:  tensor(0.8469, device='cuda:0', grad_fn=<DivBackward0>)
Memory status after this epoch: 
Memory allocated:  0.7626953125
Memory cached:  8.0
	 epoch  60 training error:  tensor(0.7026, device='cuda:0', grad_fn=<DivBackward0>)
Memory status after this epoch: 
Memory allocated:  0.7626953125
Memory cached:  8.0
	 epoch  70 training error:  tensor(0.5882, device='cuda:0', grad_fn=<DivBackward0>)
Memory status after this epoch: 
Memory allocated:  0.7626953125
Memory cached:  10.0
	 epoch  80 training error:  tensor(0.5417, device='cuda:0', grad_fn=<DivBackward0>)
Memory status after this epoch: 
Memory allocated:  0.7626953125
Memory cached:  8.0
	 epoch  90 training error:  tensor(0.5138, device='cuda:0', grad_fn=<DivBackward0>)
Memory status after this epoch: 
Memory allocated:  0.7626953125
Memory cached:  8.0
[I 2023-10-30 17:39:25,181] Trial 44 finished with value: 0.3496299684047699 and parameters: {'W_layers': 2, 'W_layer_units_exponent_0': 7, 'W_layer_units_exponent_1': 6, 'D_layers': 2, 'D_layer_units_exponent_0': 9, 'D_layer_units_exponent_1': 6, 'log_learning_rate': -3.7947197167276365, 'log_learning_rate_D': -3.23652668890861, 'training_batch_size': 9, 'training_p': 4}. Best is trial 8 with value: 0.22491002082824707.
Time for this trial:  91.07958483695984
Memory status after this trial: 
Memory allocated:  41.8310546875
Memory cached:  44.0
--------------------  Trial  45   --------------------
Start timing: 
Parameters: 
{'W_layers': 2, 'W_layer_units_exponent_0': 5, 'W_layer_units_exponent_1': 7, 'D_layers': 3, 'D_layer_units_exponent_0': 6, 'D_layer_units_exponent_1': 10, 'D_layer_units_exponent_2': 8, 'log_learning_rate': -2.158301898204466, 'log_learning_rate_D': -2.3160289773851535, 'training_batch_size': 12, 'training_p': 5}
	 epoch  0 training error:  tensor(1.0006, device='cuda:0', grad_fn=<DivBackward0>)
Memory status after this epoch: 
Memory allocated:  5.1474609375
Memory cached:  8.0
	 epoch  10 training error:  tensor(0.3604, device='cuda:0', grad_fn=<DivBackward0>)
Memory status after this epoch: 
Memory allocated:  5.1474609375
Memory cached:  12.0
	 epoch  20 training error:  tensor(0.3450, device='cuda:0', grad_fn=<DivBackward0>)
Memory status after this epoch: 
Memory allocated:  5.1474609375
Memory cached:  12.0
[W 2023-10-30 17:39:48,522] Trial 45 failed with parameters: {'W_layers': 2, 'W_layer_units_exponent_0': 5, 'W_layer_units_exponent_1': 7, 'D_layers': 3, 'D_layer_units_exponent_0': 6, 'D_layer_units_exponent_1': 10, 'D_layer_units_exponent_2': 8, 'log_learning_rate': -2.158301898204466, 'log_learning_rate_D': -2.3160289773851535, 'training_batch_size': 12, 'training_p': 5} because of the following error: The value nan is not acceptable.
[W 2023-10-30 17:39:48,523] Trial 45 failed with value tensor(nan, device='cuda:0', grad_fn=<DivBackward0>).
Time for this trial:  23.163008213043213
Memory status after this trial: 
Memory allocated:  82.919921875
Memory cached:  86.0
--------------------  Trial  46   --------------------
Start timing: 
Parameters: 
{'W_layers': 2, 'W_layer_units_exponent_0': 5, 'W_layer_units_exponent_1': 7, 'D_layers': 3, 'D_layer_units_exponent_0': 6, 'D_layer_units_exponent_1': 10, 'D_layer_units_exponent_2': 8, 'log_learning_rate': -3.2708817888221535, 'log_learning_rate_D': -2.429966160662259, 'training_batch_size': 6, 'training_p': 5}
	 epoch  0 training error:  tensor(0.9999, device='cuda:0', grad_fn=<DivBackward0>)
Memory status after this epoch: 
Memory allocated:  5.123046875
Memory cached:  10.0
[W 2023-10-30 17:40:08,933] Trial 46 failed with parameters: {'W_layers': 2, 'W_layer_units_exponent_0': 5, 'W_layer_units_exponent_1': 7, 'D_layers': 3, 'D_layer_units_exponent_0': 6, 'D_layer_units_exponent_1': 10, 'D_layer_units_exponent_2': 8, 'log_learning_rate': -3.2708817888221535, 'log_learning_rate_D': -2.429966160662259, 'training_batch_size': 6, 'training_p': 5} because of the following error: The value nan is not acceptable.
[W 2023-10-30 17:40:08,934] Trial 46 failed with value tensor(nan, device='cuda:0', grad_fn=<DivBackward0>).
Time for this trial:  20.22117805480957
Memory status after this trial: 
Memory allocated:  82.919921875
Memory cached:  86.0
--------------------  Trial  47   --------------------
Start timing: 
Parameters: 
{'W_layers': 2, 'W_layer_units_exponent_0': 5, 'W_layer_units_exponent_1': 7, 'D_layers': 3, 'D_layer_units_exponent_0': 6, 'D_layer_units_exponent_1': 10, 'D_layer_units_exponent_2': 8, 'log_learning_rate': -2.2369705665656983, 'log_learning_rate_D': -2.357662079260159, 'training_batch_size': 6, 'training_p': 5}
	 epoch  0 training error:  tensor(0.9985, device='cuda:0', grad_fn=<DivBackward0>)
Memory status after this epoch: 
Memory allocated:  5.123046875
Memory cached:  12.0
	 epoch  10 training error:  tensor(0.3010, device='cuda:0', grad_fn=<DivBackward0>)
Memory status after this epoch: 
Memory allocated:  5.123046875
Memory cached:  12.0
	 epoch  20 training error:  tensor(0.2623, device='cuda:0', grad_fn=<DivBackward0>)
Memory status after this epoch: 
Memory allocated:  5.123046875
Memory cached:  12.0
	 epoch  30 training error:  tensor(0.2582, device='cuda:0', grad_fn=<DivBackward0>)
Memory status after this epoch: 
Memory allocated:  5.123046875
Memory cached:  12.0
	 epoch  40 training error:  tensor(0.2547, device='cuda:0', grad_fn=<DivBackward0>)
Memory status after this epoch: 
Memory allocated:  5.123046875
Memory cached:  12.0
	 epoch  50 training error:  tensor(0.2570, device='cuda:0', grad_fn=<DivBackward0>)
Memory status after this epoch: 
Memory allocated:  5.123046875
Memory cached:  12.0
	 epoch  60 training error:  tensor(0.2574, device='cuda:0', grad_fn=<DivBackward0>)
Memory status after this epoch: 
Memory allocated:  5.123046875
Memory cached:  12.0
	 epoch  70 training error:  tensor(0.2548, device='cuda:0', grad_fn=<DivBackward0>)
Memory status after this epoch: 
Memory allocated:  5.123046875
Memory cached:  12.0
	 epoch  80 training error:  tensor(0.2547, device='cuda:0', grad_fn=<DivBackward0>)
Memory status after this epoch: 
Memory allocated:  5.123046875
Memory cached:  12.0
	 epoch  90 training error:  tensor(0.2558, device='cuda:0', grad_fn=<DivBackward0>)
Memory status after this epoch: 
Memory allocated:  5.123046875
Memory cached:  12.0
[I 2023-10-30 17:43:07,756] Trial 47 finished with value: 0.2283337116241455 and parameters: {'W_layers': 2, 'W_layer_units_exponent_0': 5, 'W_layer_units_exponent_1': 7, 'D_layers': 3, 'D_layer_units_exponent_0': 6, 'D_layer_units_exponent_1': 10, 'D_layer_units_exponent_2': 8, 'log_learning_rate': -2.2369705665656983, 'log_learning_rate_D': -2.357662079260159, 'training_batch_size': 6, 'training_p': 5}. Best is trial 8 with value: 0.22491002082824707.
Time for this trial:  178.61925172805786
Memory status after this trial: 
Memory allocated:  82.919921875
Memory cached:  86.0
--------------------  Trial  48   --------------------
Start timing: 
Parameters: 
{'W_layers': 3, 'W_layer_units_exponent_0': 7, 'W_layer_units_exponent_1': 4, 'W_layer_units_exponent_2': 5, 'D_layers': 3, 'D_layer_units_exponent_0': 4, 'D_layer_units_exponent_1': 5, 'D_layer_units_exponent_2': 9, 'log_learning_rate': -2.7026559132385777, 'log_learning_rate_D': -2.8904329112436837, 'training_batch_size': 10, 'training_p': 4}
	 epoch  0 training error:  tensor(1., device='cuda:0', grad_fn=<DivBackward0>)
Memory status after this epoch: 
Memory allocated:  0.3837890625
Memory cached:  6.0
	 epoch  10 training error:  tensor(0.9988, device='cuda:0', grad_fn=<DivBackward0>)
Memory status after this epoch: 
Memory allocated:  0.3837890625
Memory cached:  10.0
	 epoch  20 training error:  tensor(0.9842, device='cuda:0', grad_fn=<DivBackward0>)
Memory status after this epoch: 
Memory allocated:  0.3837890625
Memory cached:  10.0
	 epoch  30 training error:  tensor(0.8613, device='cuda:0', grad_fn=<DivBackward0>)
Memory status after this epoch: 
Memory allocated:  0.3837890625
Memory cached:  10.0
	 epoch  40 training error:  tensor(0.3953, device='cuda:0', grad_fn=<DivBackward0>)
Memory status after this epoch: 
Memory allocated:  0.3837890625
Memory cached:  10.0
	 epoch  50 training error:  tensor(0.2808, device='cuda:0', grad_fn=<DivBackward0>)
Memory status after this epoch: 
Memory allocated:  0.3837890625
Memory cached:  10.0
	 epoch  60 training error:  tensor(0.2556, device='cuda:0', grad_fn=<DivBackward0>)
Memory status after this epoch: 
Memory allocated:  0.3837890625
Memory cached:  10.0
	 epoch  70 training error:  tensor(0.2581, device='cuda:0', grad_fn=<DivBackward0>)
Memory status after this epoch: 
Memory allocated:  0.3837890625
Memory cached:  10.0
	 epoch  80 training error:  tensor(0.2547, device='cuda:0', grad_fn=<DivBackward0>)
Memory status after this epoch: 
Memory allocated:  0.3837890625
Memory cached:  10.0
	 epoch  90 training error:  tensor(0.2532, device='cuda:0', grad_fn=<DivBackward0>)
Memory status after this epoch: 
Memory allocated:  0.3837890625
Memory cached:  10.0
[I 2023-10-30 17:44:52,843] Trial 48 finished with value: 0.22701476514339447 and parameters: {'W_layers': 3, 'W_layer_units_exponent_0': 7, 'W_layer_units_exponent_1': 4, 'W_layer_units_exponent_2': 5, 'D_layers': 3, 'D_layer_units_exponent_0': 4, 'D_layer_units_exponent_1': 5, 'D_layer_units_exponent_2': 9, 'log_learning_rate': -2.7026559132385777, 'log_learning_rate_D': -2.8904329112436837, 'training_batch_size': 10, 'training_p': 4}. Best is trial 8 with value: 0.22491002082824707.
Time for this trial:  104.88719916343689
Memory status after this trial: 
Memory allocated:  40.28125
Memory cached:  42.0
--------------------  Trial  49   --------------------
Start timing: 
Parameters: 
{'W_layers': 4, 'W_layer_units_exponent_0': 9, 'W_layer_units_exponent_1': 7, 'W_layer_units_exponent_2': 6, 'W_layer_units_exponent_3': 10, 'D_layers': 2, 'D_layer_units_exponent_0': 5, 'D_layer_units_exponent_1': 7, 'log_learning_rate': -1.757781327252354, 'log_learning_rate_D': -1.9180223933587217, 'training_batch_size': 8, 'training_p': 3}
	 epoch  0 training error:  tensor(1.0000, device='cuda:0', grad_fn=<DivBackward0>)
Memory status after this epoch: 
Memory allocated:  2.3505859375
Memory cached:  8.0
	 epoch  10 training error:  tensor(1., device='cuda:0', grad_fn=<DivBackward0>)
Memory status after this epoch: 
Memory allocated:  2.3505859375
Memory cached:  18.0
	 epoch  20 training error:  tensor(1., device='cuda:0', grad_fn=<DivBackward0>)
Memory status after this epoch: 
Memory allocated:  2.3505859375
Memory cached:  16.0
	 epoch  30 training error:  tensor(1., device='cuda:0', grad_fn=<DivBackward0>)
Memory status after this epoch: 
Memory allocated:  2.3505859375
Memory cached:  16.0
	 epoch  40 training error:  tensor(1., device='cuda:0', grad_fn=<DivBackward0>)
Memory status after this epoch: 
Memory allocated:  2.3505859375
Memory cached:  16.0
	 epoch  50 training error:  tensor(1., device='cuda:0', grad_fn=<DivBackward0>)
Memory status after this epoch: 
Memory allocated:  2.3505859375
Memory cached:  14.0
	 epoch  60 training error:  tensor(1., device='cuda:0', grad_fn=<DivBackward0>)
Memory status after this epoch: 
Memory allocated:  2.3505859375
Memory cached:  14.0
	 epoch  70 training error:  tensor(1., device='cuda:0', grad_fn=<DivBackward0>)
Memory status after this epoch: 
Memory allocated:  2.3505859375
Memory cached:  12.0
	 epoch  80 training error:  tensor(1., device='cuda:0', grad_fn=<DivBackward0>)
Memory status after this epoch: 
Memory allocated:  2.3505859375
Memory cached:  18.0
	 epoch  90 training error:  tensor(1., device='cuda:0', grad_fn=<DivBackward0>)
Memory status after this epoch: 
Memory allocated:  2.3505859375
Memory cached:  18.0
[I 2023-10-30 17:46:47,518] Trial 49 finished with value: 1.0 and parameters: {'W_layers': 4, 'W_layer_units_exponent_0': 9, 'W_layer_units_exponent_1': 7, 'W_layer_units_exponent_2': 6, 'W_layer_units_exponent_3': 10, 'D_layers': 2, 'D_layer_units_exponent_0': 5, 'D_layer_units_exponent_1': 7, 'log_learning_rate': -1.757781327252354, 'log_learning_rate_D': -1.9180223933587217, 'training_batch_size': 8, 'training_p': 3}. Best is trial 8 with value: 0.22491002082824707.
Time for this trial:  114.4622323513031
Memory status after this trial: 
Memory allocated:  102.66162109375
Memory cached:  106.0
