[I 2023-11-09 14:59:32,630] Trial 9 finished with value: 0.07514186948537827 and parameters: {'W_layers': 4, 'W_layer_units_exponent_0': 10, 'W_layer_units_exponent_1': 4, 'W_layer_units_exponent_2': 10, 'W_layer_units_exponent_3': 6, 'D_layers': 4, 'D_layer_units_exponent_0': 5, 'D_layer_units_exponent_1': 7, 'D_layer_units_exponent_2': 7, 'D_layer_units_exponent_3': 10, 'D_dagger_layers': 3, 'D_dagger_layer_units_exponent_0': 7, 'D_dagger_layer_units_exponent_1': 7, 'D_dagger_layer_units_exponent_2': 6, 'log_learning_rate': -1.3647939661480049, 'log_learning_rate_D': -2.290398905920639, 'log_learning_rate_D_dagger': -4.537210070550979, 'training_batch_size': 7, 'training_p': 2}. Best is trial 5 with value: 0.037029363214969635.
Time for this trial:  180.88680791854858
Memory status after this trial: 
Memory allocated:  203.4208984375
Memory cached:  206.0
--------------------  Trial  10   --------------------
Start timing: 
Parameters: 
{'W_layers': 2, 'W_layer_units_exponent_0': 5, 'W_layer_units_exponent_1': 10, 'D_layers': 7, 'D_layer_units_exponent_0': 4, 'D_layer_units_exponent_1': 6, 'D_layer_units_exponent_2': 4, 'D_layer_units_exponent_3': 4, 'D_layer_units_exponent_4': 4, 'D_layer_units_exponent_5': 10, 'D_layer_units_exponent_6': 10, 'D_dagger_layers': 5, 'D_dagger_layer_units_exponent_0': 8, 'D_dagger_layer_units_exponent_1': 4, 'D_dagger_layer_units_exponent_2': 10, 'D_dagger_layer_units_exponent_3': 7, 'D_dagger_layer_units_exponent_4': 10, 'log_learning_rate': -2.4733116861227633, 'log_learning_rate_D': -4.940686383614828, 'log_learning_rate_D_dagger': -4.991692656176166, 'training_batch_size': 8, 'training_p': 8}
	 epoch  0 training error:  tensor(0.5225, device='cuda:0', grad_fn=<DivBackward0>)
Memory status after this epoch: 
Memory allocated:  21.37158203125
Memory cached:  170.0
	 epoch  10 training error:  tensor(0.8243, device='cuda:0', grad_fn=<DivBackward0>)
Memory status after this epoch: 
Memory allocated:  21.37158203125
Memory cached:  288.0
	 epoch  20 training error:  tensor(0.6137, device='cuda:0', grad_fn=<DivBackward0>)
Memory status after this epoch: 
Memory allocated:  21.37158203125
Memory cached:  284.0
	 epoch  30 training error:  tensor(0.3851, device='cuda:0', grad_fn=<DivBackward0>)
Memory status after this epoch: 
Memory allocated:  21.37158203125
Memory cached:  276.0
	 epoch  40 training error:  tensor(0.3831, device='cuda:0', grad_fn=<DivBackward0>)
Memory status after this epoch: 
Memory allocated:  21.37158203125
Memory cached:  284.0
	 epoch  50 training error:  tensor(0.3123, device='cuda:0', grad_fn=<DivBackward0>)
Memory status after this epoch: 
Memory allocated:  21.37158203125
Memory cached:  282.0
	 epoch  60 training error:  tensor(0.2729, device='cuda:0', grad_fn=<DivBackward0>)
Memory status after this epoch: 
Memory allocated:  21.37158203125
Memory cached:  272.0
	 epoch  70 training error:  tensor(0.2311, device='cuda:0', grad_fn=<DivBackward0>)
Memory status after this epoch: 
Memory allocated:  21.37158203125
Memory cached:  280.0
	 epoch  80 training error:  tensor(0.1812, device='cuda:0', grad_fn=<DivBackward0>)
Memory status after this epoch: 
Memory allocated:  21.37158203125
Memory cached:  286.0
	 epoch  90 training error:  tensor(0.1204, device='cuda:0', grad_fn=<DivBackward0>)
Memory status after this epoch: 
Memory allocated:  21.37158203125
Memory cached:  284.0
[I 2023-11-09 15:03:08,411] Trial 10 finished with value: 0.07698658853769302 and parameters: {'W_layers': 2, 'W_layer_units_exponent_0': 5, 'W_layer_units_exponent_1': 10, 'D_layers': 7, 'D_layer_units_exponent_0': 4, 'D_layer_units_exponent_1': 6, 'D_layer_units_exponent_2': 4, 'D_layer_units_exponent_3': 4, 'D_layer_units_exponent_4': 4, 'D_layer_units_exponent_5': 10, 'D_layer_units_exponent_6': 10, 'D_dagger_layers': 5, 'D_dagger_layer_units_exponent_0': 8, 'D_dagger_layer_units_exponent_1': 4, 'D_dagger_layer_units_exponent_2': 10, 'D_dagger_layer_units_exponent_3': 7, 'D_dagger_layer_units_exponent_4': 10, 'log_learning_rate': -2.4733116861227633, 'log_learning_rate_D': -4.940686383614828, 'log_learning_rate_D_dagger': -4.991692656176166, 'training_batch_size': 8, 'training_p': 8}. Best is trial 5 with value: 0.037029363214969635.
Time for this trial:  215.5212686061859
Memory status after this trial: 
Memory allocated:  314.64990234375
Memory cached:  330.0
--------------------  Trial  11   --------------------
Start timing: 
Parameters: 
{'W_layers': 5, 'W_layer_units_exponent_0': 7, 'W_layer_units_exponent_1': 8, 'W_layer_units_exponent_2': 4, 'W_layer_units_exponent_3': 4, 'W_layer_units_exponent_4': 4, 'D_layers': 6, 'D_layer_units_exponent_0': 4, 'D_layer_units_exponent_1': 6, 'D_layer_units_exponent_2': 4, 'D_layer_units_exponent_3': 8, 'D_layer_units_exponent_4': 5, 'D_layer_units_exponent_5': 8, 'D_dagger_layers': 6, 'D_dagger_layer_units_exponent_0': 6, 'D_dagger_layer_units_exponent_1': 6, 'D_dagger_layer_units_exponent_2': 8, 'D_dagger_layer_units_exponent_3': 10, 'D_dagger_layer_units_exponent_4': 4, 'D_dagger_layer_units_exponent_5': 4, 'log_learning_rate': -2.961304789441886, 'log_learning_rate_D': -4.208608753798666, 'log_learning_rate_D_dagger': -3.6802916790112863, 'training_batch_size': 6, 'training_p': 7}
	 epoch  0 training error:  tensor(0.7927, device='cuda:0', grad_fn=<DivBackward0>)
Memory status after this epoch: 
Memory allocated:  5.69384765625
Memory cached:  118.0
	 epoch  10 training error:  tensor(0.1454, device='cuda:0', grad_fn=<DivBackward0>)
Memory status after this epoch: 
Memory allocated:  5.69384765625
Memory cached:  126.0
[W 2023-11-09 15:04:21,551] Trial 11 failed with parameters: {'W_layers': 5, 'W_layer_units_exponent_0': 7, 'W_layer_units_exponent_1': 8, 'W_layer_units_exponent_2': 4, 'W_layer_units_exponent_3': 4, 'W_layer_units_exponent_4': 4, 'D_layers': 6, 'D_layer_units_exponent_0': 4, 'D_layer_units_exponent_1': 6, 'D_layer_units_exponent_2': 4, 'D_layer_units_exponent_3': 8, 'D_layer_units_exponent_4': 5, 'D_layer_units_exponent_5': 8, 'D_dagger_layers': 6, 'D_dagger_layer_units_exponent_0': 6, 'D_dagger_layer_units_exponent_1': 6, 'D_dagger_layer_units_exponent_2': 8, 'D_dagger_layer_units_exponent_3': 10, 'D_dagger_layer_units_exponent_4': 4, 'D_dagger_layer_units_exponent_5': 4, 'log_learning_rate': -2.961304789441886, 'log_learning_rate_D': -4.208608753798666, 'log_learning_rate_D_dagger': -3.6802916790112863, 'training_batch_size': 6, 'training_p': 7} because of the following error: KeyboardInterrupt().
Traceback (most recent call last):
  File "/home/shengduo/anaconda3/lib/python3.9/site-packages/optuna/study/_optimize.py", line 200, in _run_trial
    value_or_values = func(trial)
  File "/home/shengduo/RateAndStateWithPotential/TuneDimXi_logV_WDsep.py", line 386, in objective
    avg_training_loss = train1Epoch(trainDataLoader, Loss, myWD, params['training_p'])
  File "/home/shengduo/RateAndStateWithPotential/TuneDimXi_logV_WDsep.py", line 232, in train1Epoch
    myPot.calf(Xs, XDots, ts)
  File "/home/shengduo/RateAndStateWithPotential/TuneDimXi_logV_WDsep.py", line 163, in calf
    W = torch.sum(self.W(X_W))
  File "/home/shengduo/anaconda3/lib/python3.9/site-packages/torch/nn/modules/module.py", line 1130, in _call_impl
    return forward_call(*input, **kwargs)
  File "/home/shengduo/RateAndStateWithPotential/TuneDimXi_logV_WDsep.py", line 59, in forward
    return self.fc(x)
  File "/home/shengduo/anaconda3/lib/python3.9/site-packages/torch/nn/modules/module.py", line 1130, in _call_impl
    return forward_call(*input, **kwargs)
  File "/home/shengduo/anaconda3/lib/python3.9/site-packages/torch/nn/modules/container.py", line 139, in forward
    input = module(input)
KeyboardInterrupt
[W 2023-11-09 15:04:21,554] Trial 11 failed with value None.
Traceback (most recent call last):
  File "/home/shengduo/RateAndStateWithPotential/TuneDimXi_logV_WDsep.py", line 431, in <module>
    this_study.optimize(myOpt.objective, n_trials=50)
  File "/home/shengduo/anaconda3/lib/python3.9/site-packages/optuna/study/study.py", line 442, in optimize
    _optimize(
  File "/home/shengduo/anaconda3/lib/python3.9/site-packages/optuna/study/_optimize.py", line 66, in _optimize
    _optimize_sequential(
  File "/home/shengduo/anaconda3/lib/python3.9/site-packages/optuna/study/_optimize.py", line 163, in _optimize_sequential
    frozen_trial = _run_trial(study, func, catch)
  File "/home/shengduo/anaconda3/lib/python3.9/site-packages/optuna/study/_optimize.py", line 251, in _run_trial
    raise func_err
  File "/home/shengduo/anaconda3/lib/python3.9/site-packages/optuna/study/_optimize.py", line 200, in _run_trial
    value_or_values = func(trial)
  File "/home/shengduo/RateAndStateWithPotential/TuneDimXi_logV_WDsep.py", line 386, in objective
    avg_training_loss = train1Epoch(trainDataLoader, Loss, myWD, params['training_p'])
  File "/home/shengduo/RateAndStateWithPotential/TuneDimXi_logV_WDsep.py", line 232, in train1Epoch
    myPot.calf(Xs, XDots, ts)
  File "/home/shengduo/RateAndStateWithPotential/TuneDimXi_logV_WDsep.py", line 163, in calf
    W = torch.sum(self.W(X_W))
  File "/home/shengduo/anaconda3/lib/python3.9/site-packages/torch/nn/modules/module.py", line 1130, in _call_impl
    return forward_call(*input, **kwargs)
  File "/home/shengduo/RateAndStateWithPotential/TuneDimXi_logV_WDsep.py", line 59, in forward
    return self.fc(x)
  File "/home/shengduo/anaconda3/lib/python3.9/site-packages/torch/nn/modules/module.py", line 1130, in _call_impl
    return forward_call(*input, **kwargs)
  File "/home/shengduo/anaconda3/lib/python3.9/site-packages/torch/nn/modules/container.py", line 139, in forward
    input = module(input)
KeyboardInterrupt
