[I 2023-11-01 18:48:41,507] Trial 17 finished with value: 0.22198548913002014 and parameters: {'W_layers': 4, 'W_layer_units_exponent_0': 8, 'W_layer_units_exponent_1': 8, 'W_layer_units_exponent_2': 7, 'W_layer_units_exponent_3': 9, 'D_layers': 6, 'D_layer_units_exponent_0': 6, 'D_layer_units_exponent_1': 5, 'D_layer_units_exponent_2': 10, 'D_layer_units_exponent_3': 8, 'D_layer_units_exponent_4': 6, 'D_layer_units_exponent_5': 7, 'log_learning_rate': -4.837691340710527, 'log_learning_rate_D': -4.4194922065401965, 'training_batch_size': 10, 'training_p': 6}. Best is trial 17 with value: 0.22198548913002014.
Time for this trial:  144.31748843193054
Memory status after this trial: 
Memory allocated:  148.93994140625
Memory cached:  154.0
--------------------  Trial  18   --------------------
Start timing: 
Parameters: 
{'W_layers': 4, 'W_layer_units_exponent_0': 8, 'W_layer_units_exponent_1': 8, 'W_layer_units_exponent_2': 7, 'W_layer_units_exponent_3': 4, 'D_layers': 6, 'D_layer_units_exponent_0': 6, 'D_layer_units_exponent_1': 7, 'D_layer_units_exponent_2': 10, 'D_layer_units_exponent_3': 9, 'D_layer_units_exponent_4': 6, 'D_layer_units_exponent_5': 6, 'log_learning_rate': -4.91183835882498, 'log_learning_rate_D': -3.4253873988416013, 'training_batch_size': 8, 'training_p': 6}
	 epoch  0 training error:  tensor(1.0657, device='cuda:0', grad_fn=<DivBackward0>)
Memory status after this epoch: 
Memory allocated:  12.3486328125
Memory cached:  34.0
	 epoch  10 training error:  tensor(1.0014, device='cuda:0', grad_fn=<DivBackward0>)
Memory status after this epoch: 
Memory allocated:  12.3486328125
Memory cached:  40.0
	 epoch  20 training error:  tensor(0.9527, device='cuda:0', grad_fn=<DivBackward0>)
Memory status after this epoch: 
Memory allocated:  12.3486328125
Memory cached:  40.0
	 epoch  30 training error:  tensor(0.9229, device='cuda:0', grad_fn=<DivBackward0>)
Memory status after this epoch: 
Memory allocated:  12.3486328125
Memory cached:  40.0
	 epoch  40 training error:  tensor(0.8899, device='cuda:0', grad_fn=<DivBackward0>)
Memory status after this epoch: 
Memory allocated:  12.3486328125
Memory cached:  40.0
	 epoch  50 training error:  tensor(0.8513, device='cuda:0', grad_fn=<DivBackward0>)
Memory status after this epoch: 
Memory allocated:  12.3486328125
Memory cached:  40.0
	 epoch  60 training error:  tensor(0.8035, device='cuda:0', grad_fn=<DivBackward0>)
Memory status after this epoch: 
Memory allocated:  12.3486328125
Memory cached:  40.0
	 epoch  70 training error:  tensor(0.7490, device='cuda:0', grad_fn=<DivBackward0>)
Memory status after this epoch: 
Memory allocated:  12.3486328125
Memory cached:  40.0
	 epoch  80 training error:  tensor(0.6902, device='cuda:0', grad_fn=<DivBackward0>)
Memory status after this epoch: 
Memory allocated:  12.3486328125
Memory cached:  40.0
	 epoch  90 training error:  tensor(0.6290, device='cuda:0', grad_fn=<DivBackward0>)
Memory status after this epoch: 
Memory allocated:  12.3486328125
Memory cached:  40.0
[I 2023-11-01 18:51:04,272] Trial 18 finished with value: 0.5319718718528748 and parameters: {'W_layers': 4, 'W_layer_units_exponent_0': 8, 'W_layer_units_exponent_1': 8, 'W_layer_units_exponent_2': 7, 'W_layer_units_exponent_3': 4, 'D_layers': 6, 'D_layer_units_exponent_0': 6, 'D_layer_units_exponent_1': 7, 'D_layer_units_exponent_2': 10, 'D_layer_units_exponent_3': 9, 'D_layer_units_exponent_4': 6, 'D_layer_units_exponent_5': 6, 'log_learning_rate': -4.91183835882498, 'log_learning_rate_D': -3.4253873988416013, 'training_batch_size': 8, 'training_p': 6}. Best is trial 17 with value: 0.22198548913002014.
Time for this trial:  142.54649138450623
Memory status after this trial: 
Memory allocated:  140.2509765625
Memory cached:  160.0
--------------------  Trial  19   --------------------
Start timing: 
Parameters: 
{'W_layers': 3, 'W_layer_units_exponent_0': 7, 'W_layer_units_exponent_1': 6, 'W_layer_units_exponent_2': 7, 'D_layers': 6, 'D_layer_units_exponent_0': 5, 'D_layer_units_exponent_1': 5, 'D_layer_units_exponent_2': 10, 'D_layer_units_exponent_3': 8, 'D_layer_units_exponent_4': 7, 'D_layer_units_exponent_5': 4, 'log_learning_rate': -4.376501178492908, 'log_learning_rate_D': -4.408136423076013, 'training_batch_size': 8, 'training_p': 7}
	 epoch  0 training error:  tensor(0.9609, device='cuda:0', grad_fn=<DivBackward0>)
Memory status after this epoch: 
Memory allocated:  5.3955078125
Memory cached:  14.0
	 epoch  10 training error:  tensor(0.8992, device='cuda:0', grad_fn=<DivBackward0>)
Memory status after this epoch: 
Memory allocated:  5.3955078125
Memory cached:  16.0
	 epoch  20 training error:  tensor(0.8351, device='cuda:0', grad_fn=<DivBackward0>)
Memory status after this epoch: 
Memory allocated:  5.3955078125
Memory cached:  16.0
	 epoch  30 training error:  tensor(0.7675, device='cuda:0', grad_fn=<DivBackward0>)
Memory status after this epoch: 
Memory allocated:  5.3955078125
Memory cached:  16.0
	 epoch  40 training error:  tensor(0.6948, device='cuda:0', grad_fn=<DivBackward0>)
Memory status after this epoch: 
Memory allocated:  5.3955078125
Memory cached:  16.0
	 epoch  50 training error:  tensor(0.6143, device='cuda:0', grad_fn=<DivBackward0>)
Memory status after this epoch: 
Memory allocated:  5.3955078125
Memory cached:  16.0
	 epoch  60 training error:  tensor(0.5227, device='cuda:0', grad_fn=<DivBackward0>)
Memory status after this epoch: 
Memory allocated:  5.3955078125
Memory cached:  16.0
	 epoch  70 training error:  tensor(0.4206, device='cuda:0', grad_fn=<DivBackward0>)
Memory status after this epoch: 
Memory allocated:  5.3955078125
Memory cached:  16.0
	 epoch  80 training error:  tensor(0.3173, device='cuda:0', grad_fn=<DivBackward0>)
Memory status after this epoch: 
Memory allocated:  5.3955078125
Memory cached:  16.0
	 epoch  90 training error:  tensor(0.2638, device='cuda:0', grad_fn=<DivBackward0>)
Memory status after this epoch: 
Memory allocated:  5.3955078125
Memory cached:  16.0
[I 2023-11-01 18:53:14,212] Trial 19 finished with value: 0.2219141572713852 and parameters: {'W_layers': 3, 'W_layer_units_exponent_0': 7, 'W_layer_units_exponent_1': 6, 'W_layer_units_exponent_2': 7, 'D_layers': 6, 'D_layer_units_exponent_0': 5, 'D_layer_units_exponent_1': 5, 'D_layer_units_exponent_2': 10, 'D_layer_units_exponent_3': 8, 'D_layer_units_exponent_4': 7, 'D_layer_units_exponent_5': 4, 'log_learning_rate': -4.376501178492908, 'log_learning_rate_D': -4.408136423076013, 'training_batch_size': 8, 'training_p': 7}. Best is trial 19 with value: 0.2219141572713852.
Time for this trial:  129.73033809661865
Memory status after this trial: 
Memory allocated:  99.37158203125
Memory cached:  104.0
--------------------  Trial  20   --------------------
Start timing: 
Parameters: 
{'W_layers': 2, 'W_layer_units_exponent_0': 6, 'W_layer_units_exponent_1': 6, 'D_layers': 6, 'D_layer_units_exponent_0': 5, 'D_layer_units_exponent_1': 7, 'D_layer_units_exponent_2': 8, 'D_layer_units_exponent_3': 9, 'D_layer_units_exponent_4': 8, 'D_layer_units_exponent_5': 4, 'log_learning_rate': -4.395652326858753, 'log_learning_rate_D': -4.997231610711841, 'training_batch_size': 8, 'training_p': 8}
	 epoch  0 training error:  tensor(0.6866, device='cuda:0', grad_fn=<DivBackward0>)
Memory status after this epoch: 
Memory allocated:  4.7705078125
Memory cached:  12.0
	 epoch  10 training error:  tensor(0.6431, device='cuda:0', grad_fn=<DivBackward0>)
Memory status after this epoch: 
Memory allocated:  4.7705078125
Memory cached:  14.0
	 epoch  20 training error:  tensor(0.5999, device='cuda:0', grad_fn=<DivBackward0>)
Memory status after this epoch: 
Memory allocated:  4.7705078125
Memory cached:  14.0
	 epoch  30 training error:  tensor(0.5577, device='cuda:0', grad_fn=<DivBackward0>)
Memory status after this epoch: 
Memory allocated:  4.7705078125
Memory cached:  14.0
	 epoch  40 training error:  tensor(0.5154, device='cuda:0', grad_fn=<DivBackward0>)
Memory status after this epoch: 
Memory allocated:  4.7705078125
Memory cached:  14.0
	 epoch  50 training error:  tensor(0.4730, device='cuda:0', grad_fn=<DivBackward0>)
Memory status after this epoch: 
Memory allocated:  4.7705078125
Memory cached:  14.0
	 epoch  60 training error:  tensor(0.4302, device='cuda:0', grad_fn=<DivBackward0>)
Memory status after this epoch: 
Memory allocated:  4.7705078125
Memory cached:  14.0
	 epoch  70 training error:  tensor(0.3873, device='cuda:0', grad_fn=<DivBackward0>)
Memory status after this epoch: 
Memory allocated:  4.7705078125
Memory cached:  14.0
	 epoch  80 training error:  tensor(0.3455, device='cuda:0', grad_fn=<DivBackward0>)
Memory status after this epoch: 
Memory allocated:  4.7705078125
Memory cached:  14.0
	 epoch  90 training error:  tensor(0.3086, device='cuda:0', grad_fn=<DivBackward0>)
Memory status after this epoch: 
Memory allocated:  4.7705078125
Memory cached:  14.0
[I 2023-11-01 18:55:14,768] Trial 20 finished with value: 0.253100723028183 and parameters: {'W_layers': 2, 'W_layer_units_exponent_0': 6, 'W_layer_units_exponent_1': 6, 'D_layers': 6, 'D_layer_units_exponent_0': 5, 'D_layer_units_exponent_1': 7, 'D_layer_units_exponent_2': 8, 'D_layer_units_exponent_3': 9, 'D_layer_units_exponent_4': 8, 'D_layer_units_exponent_5': 4, 'log_learning_rate': -4.395652326858753, 'log_learning_rate_D': -4.997231610711841, 'training_batch_size': 8, 'training_p': 8}. Best is trial 19 with value: 0.2219141572713852.
Time for this trial:  120.35015058517456
Memory status after this trial: 
Memory allocated:  73.578125
Memory cached:  78.0
--------------------  Trial  21   --------------------
Start timing: 
Parameters: 
{'W_layers': 3, 'W_layer_units_exponent_0': 8, 'W_layer_units_exponent_1': 7, 'W_layer_units_exponent_2': 7, 'D_layers': 6, 'D_layer_units_exponent_0': 5, 'D_layer_units_exponent_1': 5, 'D_layer_units_exponent_2': 10, 'D_layer_units_exponent_3': 8, 'D_layer_units_exponent_4': 6, 'D_layer_units_exponent_5': 7, 'log_learning_rate': -4.988753335430025, 'log_learning_rate_D': -4.392153392908036, 'training_batch_size': 9, 'training_p': 7}
	 epoch  0 training error:  tensor(0.9993, device='cuda:0', grad_fn=<DivBackward0>)
Memory status after this epoch: 
Memory allocated:  5.7587890625
Memory cached:  16.0
	 epoch  10 training error:  tensor(0.9628, device='cuda:0', grad_fn=<DivBackward0>)
Memory status after this epoch: 
Memory allocated:  5.7587890625
Memory cached:  26.0
	 epoch  20 training error:  tensor(0.9260, device='cuda:0', grad_fn=<DivBackward0>)
Memory status after this epoch: 
Memory allocated:  5.7587890625
Memory cached:  26.0
	 epoch  30 training error:  tensor(0.8889, device='cuda:0', grad_fn=<DivBackward0>)
Memory status after this epoch: 
Memory allocated:  5.7587890625
Memory cached:  22.0
	 epoch  40 training error:  tensor(0.8514, device='cuda:0', grad_fn=<DivBackward0>)
Memory status after this epoch: 
Memory allocated:  5.7587890625
Memory cached:  24.0
	 epoch  50 training error:  tensor(0.8133, device='cuda:0', grad_fn=<DivBackward0>)
Memory status after this epoch: 
Memory allocated:  5.7587890625
Memory cached:  22.0
	 epoch  60 training error:  tensor(0.7741, device='cuda:0', grad_fn=<DivBackward0>)
Memory status after this epoch: 
Memory allocated:  5.7587890625
Memory cached:  24.0
	 epoch  70 training error:  tensor(0.7332, device='cuda:0', grad_fn=<DivBackward0>)
Memory status after this epoch: 
Memory allocated:  5.7587890625
Memory cached:  22.0
	 epoch  80 training error:  tensor(0.6921, device='cuda:0', grad_fn=<DivBackward0>)
Memory status after this epoch: 
Memory allocated:  5.7587890625
Memory cached:  24.0
	 epoch  90 training error:  tensor(0.6499, device='cuda:0', grad_fn=<DivBackward0>)
Memory status after this epoch: 
Memory allocated:  5.7587890625
Memory cached:  22.0
[I 2023-11-01 18:57:26,925] Trial 21 finished with value: 0.5713903903961182 and parameters: {'W_layers': 3, 'W_layer_units_exponent_0': 8, 'W_layer_units_exponent_1': 7, 'W_layer_units_exponent_2': 7, 'D_layers': 6, 'D_layer_units_exponent_0': 5, 'D_layer_units_exponent_1': 5, 'D_layer_units_exponent_2': 10, 'D_layer_units_exponent_3': 8, 'D_layer_units_exponent_4': 6, 'D_layer_units_exponent_5': 7, 'log_learning_rate': -4.988753335430025, 'log_learning_rate_D': -4.392153392908036, 'training_batch_size': 9, 'training_p': 7}. Best is trial 19 with value: 0.2219141572713852.
Time for this trial:  131.94770097732544
Memory status after this trial: 
Memory allocated:  112.17578125
Memory cached:  116.0
--------------------  Trial  22   --------------------
Start timing: 
Parameters: 
{'W_layers': 4, 'W_layer_units_exponent_0': 6, 'W_layer_units_exponent_1': 6, 'W_layer_units_exponent_2': 7, 'W_layer_units_exponent_3': 10, 'D_layers': 6, 'D_layer_units_exponent_0': 6, 'D_layer_units_exponent_1': 5, 'D_layer_units_exponent_2': 10, 'D_layer_units_exponent_3': 9, 'D_layer_units_exponent_4': 7, 'D_layer_units_exponent_5': 6, 'log_learning_rate': -4.406864691086702, 'log_learning_rate_D': -4.512995701594125, 'training_batch_size': 10, 'training_p': 6}
	 epoch  0 training error:  tensor(1.0323, device='cuda:0', grad_fn=<DivBackward0>)
Memory status after this epoch: 
Memory allocated:  11.9716796875
Memory cached:  30.0
	 epoch  10 training error:  tensor(0.9224, device='cuda:0', grad_fn=<DivBackward0>)
Memory status after this epoch: 
Memory allocated:  11.9716796875
Memory cached:  32.0
	 epoch  20 training error:  tensor(0.8066, device='cuda:0', grad_fn=<DivBackward0>)
Memory status after this epoch: 
Memory allocated:  11.9716796875
Memory cached:  34.0
	 epoch  30 training error:  tensor(0.6694, device='cuda:0', grad_fn=<DivBackward0>)
Memory status after this epoch: 
Memory allocated:  11.9716796875
Memory cached:  34.0
	 epoch  40 training error:  tensor(0.5010, device='cuda:0', grad_fn=<DivBackward0>)
Memory status after this epoch: 
Memory allocated:  11.9716796875
Memory cached:  32.0
	 epoch  50 training error:  tensor(0.3235, device='cuda:0', grad_fn=<DivBackward0>)
Memory status after this epoch: 
Memory allocated:  11.9716796875
Memory cached:  34.0
	 epoch  60 training error:  tensor(0.2698, device='cuda:0', grad_fn=<DivBackward0>)
Memory status after this epoch: 
Memory allocated:  11.9716796875
Memory cached:  34.0
	 epoch  70 training error:  tensor(0.2669, device='cuda:0', grad_fn=<DivBackward0>)
Memory status after this epoch: 
Memory allocated:  11.9716796875
Memory cached:  32.0
	 epoch  80 training error:  tensor(0.2611, device='cuda:0', grad_fn=<DivBackward0>)
Memory status after this epoch: 
Memory allocated:  11.9716796875
Memory cached:  34.0
	 epoch  90 training error:  tensor(0.2594, device='cuda:0', grad_fn=<DivBackward0>)
Memory status after this epoch: 
Memory allocated:  11.9716796875
Memory cached:  34.0
[I 2023-11-01 18:59:54,292] Trial 22 finished with value: 0.22661252319812775 and parameters: {'W_layers': 4, 'W_layer_units_exponent_0': 6, 'W_layer_units_exponent_1': 6, 'W_layer_units_exponent_2': 7, 'W_layer_units_exponent_3': 10, 'D_layers': 6, 'D_layer_units_exponent_0': 6, 'D_layer_units_exponent_1': 5, 'D_layer_units_exponent_2': 10, 'D_layer_units_exponent_3': 9, 'D_layer_units_exponent_4': 7, 'D_layer_units_exponent_5': 6, 'log_learning_rate': -4.406864691086702, 'log_learning_rate_D': -4.512995701594125, 'training_batch_size': 10, 'training_p': 6}. Best is trial 19 with value: 0.2219141572713852.
Time for this trial:  147.1516625881195
Memory status after this trial: 
Memory allocated:  171.52490234375
Memory cached:  190.0
--------------------  Trial  23   --------------------
Start timing: 
Parameters: 
{'W_layers': 3, 'W_layer_units_exponent_0': 7, 'W_layer_units_exponent_1': 7, 'W_layer_units_exponent_2': 6, 'D_layers': 7, 'D_layer_units_exponent_0': 5, 'D_layer_units_exponent_1': 5, 'D_layer_units_exponent_2': 9, 'D_layer_units_exponent_3': 8, 'D_layer_units_exponent_4': 6, 'D_layer_units_exponent_5': 4, 'D_layer_units_exponent_6': 4, 'log_learning_rate': -4.568908902036496, 'log_learning_rate_D': -3.703229922133864, 'training_batch_size': 9, 'training_p': 7}
	 epoch  0 training error:  tensor(0.9975, device='cuda:0', grad_fn=<DivBackward0>)
Memory status after this epoch: 
Memory allocated:  3.0029296875
Memory cached:  12.0
	 epoch  10 training error:  tensor(0.9438, device='cuda:0', grad_fn=<DivBackward0>)
Memory status after this epoch: 
Memory allocated:  3.0029296875
Memory cached:  14.0
	 epoch  20 training error:  tensor(0.8912, device='cuda:0', grad_fn=<DivBackward0>)
Memory status after this epoch: 
Memory allocated:  3.0029296875
Memory cached:  14.0
	 epoch  30 training error:  tensor(0.8409, device='cuda:0', grad_fn=<DivBackward0>)
Memory status after this epoch: 
Memory allocated:  3.0029296875
Memory cached:  14.0
	 epoch  40 training error:  tensor(0.7863, device='cuda:0', grad_fn=<DivBackward0>)
Memory status after this epoch: 
Memory allocated:  3.0029296875
Memory cached:  14.0
	 epoch  50 training error:  tensor(0.7246, device='cuda:0', grad_fn=<DivBackward0>)
Memory status after this epoch: 
Memory allocated:  3.0029296875
Memory cached:  14.0
	 epoch  60 training error:  tensor(0.6587, device='cuda:0', grad_fn=<DivBackward0>)
Memory status after this epoch: 
Memory allocated:  3.0029296875
Memory cached:  14.0
	 epoch  70 training error:  tensor(0.5902, device='cuda:0', grad_fn=<DivBackward0>)
Memory status after this epoch: 
Memory allocated:  3.0029296875
Memory cached:  14.0
	 epoch  80 training error:  tensor(0.5197, device='cuda:0', grad_fn=<DivBackward0>)
Memory status after this epoch: 
Memory allocated:  3.0029296875
Memory cached:  14.0
	 epoch  90 training error:  tensor(0.4473, device='cuda:0', grad_fn=<DivBackward0>)
Memory status after this epoch: 
Memory allocated:  3.0029296875
Memory cached:  14.0
[I 2023-11-01 19:02:07,799] Trial 23 finished with value: 0.326033353805542 and parameters: {'W_layers': 3, 'W_layer_units_exponent_0': 7, 'W_layer_units_exponent_1': 7, 'W_layer_units_exponent_2': 6, 'D_layers': 7, 'D_layer_units_exponent_0': 5, 'D_layer_units_exponent_1': 5, 'D_layer_units_exponent_2': 9, 'D_layer_units_exponent_3': 8, 'D_layer_units_exponent_4': 6, 'D_layer_units_exponent_5': 4, 'D_layer_units_exponent_6': 4, 'log_learning_rate': -4.568908902036496, 'log_learning_rate_D': -3.703229922133864, 'training_batch_size': 9, 'training_p': 7}. Best is trial 19 with value: 0.2219141572713852.
Time for this trial:  133.2855966091156
Memory status after this trial: 
Memory allocated:  68.736328125
Memory cached:  72.0
--------------------  Trial  24   --------------------
Start timing: 
Parameters: 
{'W_layers': 4, 'W_layer_units_exponent_0': 8, 'W_layer_units_exponent_1': 5, 'W_layer_units_exponent_2': 9, 'W_layer_units_exponent_3': 9, 'D_layers': 5, 'D_layer_units_exponent_0': 6, 'D_layer_units_exponent_1': 4, 'D_layer_units_exponent_2': 8, 'D_layer_units_exponent_3': 7, 'D_layer_units_exponent_4': 5, 'log_learning_rate': -4.942509467824215, 'log_learning_rate_D': -4.4674467836038785, 'training_batch_size': 7, 'training_p': 6}
	 epoch  0 training error:  tensor(1.0213, device='cuda:0', grad_fn=<DivBackward0>)
Memory status after this epoch: 
Memory allocated:  5.1416015625
Memory cached:  14.0
	 epoch  10 training error:  tensor(0.9507, device='cuda:0', grad_fn=<DivBackward0>)
Memory status after this epoch: 
Memory allocated:  5.1416015625
Memory cached:  18.0
	 epoch  20 training error:  tensor(0.8779, device='cuda:0', grad_fn=<DivBackward0>)
Memory status after this epoch: 
Memory allocated:  5.1416015625
Memory cached:  16.0
	 epoch  30 training error:  tensor(0.7992, device='cuda:0', grad_fn=<DivBackward0>)
Memory status after this epoch: 
Memory allocated:  5.1416015625
Memory cached:  18.0
	 epoch  40 training error:  tensor(0.7153, device='cuda:0', grad_fn=<DivBackward0>)
Memory status after this epoch: 
Memory allocated:  5.1416015625
Memory cached:  16.0
	 epoch  50 training error:  tensor(0.6249, device='cuda:0', grad_fn=<DivBackward0>)
Memory status after this epoch: 
Memory allocated:  5.1416015625
Memory cached:  16.0
	 epoch  60 training error:  tensor(0.5263, device='cuda:0', grad_fn=<DivBackward0>)
Memory status after this epoch: 
Memory allocated:  5.1416015625
Memory cached:  16.0
	 epoch  70 training error:  tensor(0.4189, device='cuda:0', grad_fn=<DivBackward0>)
Memory status after this epoch: 
Memory allocated:  5.1416015625
Memory cached:  16.0
	 epoch  80 training error:  tensor(0.3096, device='cuda:0', grad_fn=<DivBackward0>)
Memory status after this epoch: 
Memory allocated:  5.1416015625
Memory cached:  16.0
	 epoch  90 training error:  tensor(0.2586, device='cuda:0', grad_fn=<DivBackward0>)
Memory status after this epoch: 
Memory allocated:  5.1416015625
Memory cached:  16.0
