[I 2023-11-06 19:29:28,715] Trial 27 finished with value: 0.12055020779371262 and parameters: {'W_layers': 7, 'W_layer_units_exponent_0': 6, 'W_layer_units_exponent_1': 8, 'W_layer_units_exponent_2': 5, 'W_layer_units_exponent_3': 5, 'W_layer_units_exponent_4': 6, 'W_layer_units_exponent_5': 8, 'W_layer_units_exponent_6': 8, 'D_layers': 8, 'D_layer_units_exponent_0': 8, 'D_layer_units_exponent_1': 6, 'D_layer_units_exponent_2': 8, 'D_layer_units_exponent_3': 8, 'D_layer_units_exponent_4': 8, 'D_layer_units_exponent_5': 4, 'D_layer_units_exponent_6': 10, 'D_layer_units_exponent_7': 5, 'D_dagger_layers': 7, 'D_dagger_layer_units_exponent_0': 8, 'D_dagger_layer_units_exponent_1': 8, 'D_dagger_layer_units_exponent_2': 6, 'D_dagger_layer_units_exponent_3': 6, 'D_dagger_layer_units_exponent_4': 9, 'D_dagger_layer_units_exponent_5': 6, 'D_dagger_layer_units_exponent_6': 9, 'log_learning_rate': -4.529112431586573, 'log_learning_rate_D': -3.894083894577051, 'log_learning_rate_D_dagger': -2.8344500376203072, 'training_batch_size': 12, 'training_p': 3}. Best is trial 19 with value: 0.023920094594359398.
Time for this trial:  261.1878023147583
Memory status after this trial: 
Memory allocated:  262.88232421875
Memory cached:  268.0
--------------------  Trial  28   --------------------
Start timing: 
Parameters: 
{'W_layers': 8, 'W_layer_units_exponent_0': 7, 'W_layer_units_exponent_1': 5, 'W_layer_units_exponent_2': 7, 'W_layer_units_exponent_3': 6, 'W_layer_units_exponent_4': 9, 'W_layer_units_exponent_5': 9, 'W_layer_units_exponent_6': 8, 'W_layer_units_exponent_7': 10, 'D_layers': 7, 'D_layer_units_exponent_0': 10, 'D_layer_units_exponent_1': 4, 'D_layer_units_exponent_2': 6, 'D_layer_units_exponent_3': 10, 'D_layer_units_exponent_4': 10, 'D_layer_units_exponent_5': 6, 'D_layer_units_exponent_6': 4, 'D_dagger_layers': 6, 'D_dagger_layer_units_exponent_0': 7, 'D_dagger_layer_units_exponent_1': 8, 'D_dagger_layer_units_exponent_2': 7, 'D_dagger_layer_units_exponent_3': 5, 'D_dagger_layer_units_exponent_4': 9, 'D_dagger_layer_units_exponent_5': 5, 'log_learning_rate': -4.943208716075126, 'log_learning_rate_D': -3.3254687056088006, 'log_learning_rate_D_dagger': -2.2013525587029985, 'training_batch_size': 12, 'training_p': 5}
	 epoch  0 training error:  tensor(0.9659, device='cuda:0', grad_fn=<DivBackward0>)
Memory status after this epoch: 
Memory allocated:  30.92431640625
Memory cached:  174.0
	 epoch  10 training error:  tensor(1.0008, device='cuda:0', grad_fn=<DivBackward0>)
Memory status after this epoch: 
Memory allocated:  30.92431640625
Memory cached:  336.0
	 epoch  20 training error:  tensor(0.9665, device='cuda:0', grad_fn=<DivBackward0>)
Memory status after this epoch: 
Memory allocated:  30.92431640625
Memory cached:  326.0
	 epoch  30 training error:  tensor(0.9262, device='cuda:0', grad_fn=<DivBackward0>)
Memory status after this epoch: 
Memory allocated:  30.92431640625
Memory cached:  352.0
	 epoch  40 training error:  tensor(0.8702, device='cuda:0', grad_fn=<DivBackward0>)
Memory status after this epoch: 
Memory allocated:  30.92431640625
Memory cached:  360.0
	 epoch  50 training error:  tensor(0.7926, device='cuda:0', grad_fn=<DivBackward0>)
Memory status after this epoch: 
Memory allocated:  30.92431640625
Memory cached:  348.0
	 epoch  60 training error:  tensor(0.6823, device='cuda:0', grad_fn=<DivBackward0>)
Memory status after this epoch: 
Memory allocated:  30.92431640625
Memory cached:  344.0
	 epoch  70 training error:  tensor(0.5245, device='cuda:0', grad_fn=<DivBackward0>)
Memory status after this epoch: 
Memory allocated:  30.92431640625
Memory cached:  332.0
	 epoch  80 training error:  tensor(0.3035, device='cuda:0', grad_fn=<DivBackward0>)
Memory status after this epoch: 
Memory allocated:  30.92431640625
Memory cached:  328.0
	 epoch  90 training error:  tensor(0.1061, device='cuda:0', grad_fn=<DivBackward0>)
Memory status after this epoch: 
Memory allocated:  30.92431640625
Memory cached:  340.0
[I 2023-11-06 19:33:58,970] Trial 28 finished with value: 0.08841230720281601 and parameters: {'W_layers': 8, 'W_layer_units_exponent_0': 7, 'W_layer_units_exponent_1': 5, 'W_layer_units_exponent_2': 7, 'W_layer_units_exponent_3': 6, 'W_layer_units_exponent_4': 9, 'W_layer_units_exponent_5': 9, 'W_layer_units_exponent_6': 8, 'W_layer_units_exponent_7': 10, 'D_layers': 7, 'D_layer_units_exponent_0': 10, 'D_layer_units_exponent_1': 4, 'D_layer_units_exponent_2': 6, 'D_layer_units_exponent_3': 10, 'D_layer_units_exponent_4': 10, 'D_layer_units_exponent_5': 6, 'D_layer_units_exponent_6': 4, 'D_dagger_layers': 6, 'D_dagger_layer_units_exponent_0': 7, 'D_dagger_layer_units_exponent_1': 8, 'D_dagger_layer_units_exponent_2': 7, 'D_dagger_layer_units_exponent_3': 5, 'D_dagger_layer_units_exponent_4': 9, 'D_dagger_layer_units_exponent_5': 5, 'log_learning_rate': -4.943208716075126, 'log_learning_rate_D': -3.3254687056088006, 'log_learning_rate_D_dagger': -2.2013525587029985, 'training_batch_size': 12, 'training_p': 5}. Best is trial 19 with value: 0.023920094594359398.
Time for this trial:  269.8819944858551
Memory status after this trial: 
Memory allocated:  387.56787109375
Memory cached:  408.0
--------------------  Trial  29   --------------------
Start timing: 
Parameters: 
{'W_layers': 7, 'W_layer_units_exponent_0': 5, 'W_layer_units_exponent_1': 6, 'W_layer_units_exponent_2': 6, 'W_layer_units_exponent_3': 7, 'W_layer_units_exponent_4': 9, 'W_layer_units_exponent_5': 6, 'W_layer_units_exponent_6': 10, 'D_layers': 6, 'D_layer_units_exponent_0': 8, 'D_layer_units_exponent_1': 7, 'D_layer_units_exponent_2': 8, 'D_layer_units_exponent_3': 8, 'D_layer_units_exponent_4': 9, 'D_layer_units_exponent_5': 5, 'D_dagger_layers': 6, 'D_dagger_layer_units_exponent_0': 8, 'D_dagger_layer_units_exponent_1': 6, 'D_dagger_layer_units_exponent_2': 6, 'D_dagger_layer_units_exponent_3': 6, 'D_dagger_layer_units_exponent_4': 8, 'D_dagger_layer_units_exponent_5': 6, 'log_learning_rate': -4.27400819862826, 'log_learning_rate_D': -4.326964837097286, 'log_learning_rate_D_dagger': -2.141443925318492, 'training_batch_size': 11, 'training_p': 4}
	 epoch  0 training error:  tensor(0.9847, device='cuda:0', grad_fn=<DivBackward0>)
Memory status after this epoch: 
Memory allocated:  8.07861328125
Memory cached:  110.0
	 epoch  10 training error:  tensor(0.8241, device='cuda:0', grad_fn=<DivBackward0>)
Memory status after this epoch: 
Memory allocated:  8.07861328125
Memory cached:  160.0
	 epoch  20 training error:  tensor(0.2984, device='cuda:0', grad_fn=<DivBackward0>)
Memory status after this epoch: 
Memory allocated:  8.07861328125
Memory cached:  166.0
	 epoch  30 training error:  tensor(0.1428, device='cuda:0', grad_fn=<DivBackward0>)
Memory status after this epoch: 
Memory allocated:  8.07861328125
Memory cached:  160.0
	 epoch  40 training error:  tensor(0.1109, device='cuda:0', grad_fn=<DivBackward0>)
Memory status after this epoch: 
Memory allocated:  8.07861328125
Memory cached:  164.0
	 epoch  50 training error:  tensor(0.0667, device='cuda:0', grad_fn=<DivBackward0>)
Memory status after this epoch: 
Memory allocated:  8.07861328125
Memory cached:  168.0
	 epoch  60 training error:  tensor(0.0708, device='cuda:0', grad_fn=<DivBackward0>)
Memory status after this epoch: 
Memory allocated:  8.07861328125
Memory cached:  166.0
	 epoch  70 training error:  tensor(0.0642, device='cuda:0', grad_fn=<DivBackward0>)
Memory status after this epoch: 
Memory allocated:  8.07861328125
Memory cached:  158.0
	 epoch  80 training error:  tensor(0.0622, device='cuda:0', grad_fn=<DivBackward0>)
Memory status after this epoch: 
Memory allocated:  8.07861328125
Memory cached:  160.0
	 epoch  90 training error:  tensor(0.0582, device='cuda:0', grad_fn=<DivBackward0>)
Memory status after this epoch: 
Memory allocated:  8.07861328125
Memory cached:  166.0
[I 2023-11-06 19:38:01,434] Trial 29 finished with value: 0.04819145426154137 and parameters: {'W_layers': 7, 'W_layer_units_exponent_0': 5, 'W_layer_units_exponent_1': 6, 'W_layer_units_exponent_2': 6, 'W_layer_units_exponent_3': 7, 'W_layer_units_exponent_4': 9, 'W_layer_units_exponent_5': 6, 'W_layer_units_exponent_6': 10, 'D_layers': 6, 'D_layer_units_exponent_0': 8, 'D_layer_units_exponent_1': 7, 'D_layer_units_exponent_2': 8, 'D_layer_units_exponent_3': 8, 'D_layer_units_exponent_4': 9, 'D_layer_units_exponent_5': 5, 'D_dagger_layers': 6, 'D_dagger_layer_units_exponent_0': 8, 'D_dagger_layer_units_exponent_1': 6, 'D_dagger_layer_units_exponent_2': 6, 'D_dagger_layer_units_exponent_3': 6, 'D_dagger_layer_units_exponent_4': 8, 'D_dagger_layer_units_exponent_5': 6, 'log_learning_rate': -4.27400819862826, 'log_learning_rate_D': -4.326964837097286, 'log_learning_rate_D_dagger': -2.141443925318492, 'training_batch_size': 11, 'training_p': 4}. Best is trial 19 with value: 0.023920094594359398.
Time for this trial:  242.13764715194702
Memory status after this trial: 
Memory allocated:  222.955078125
Memory cached:  228.0
--------------------  Trial  30   --------------------
Start timing: 
Parameters: 
{'W_layers': 6, 'W_layer_units_exponent_0': 4, 'W_layer_units_exponent_1': 4, 'W_layer_units_exponent_2': 5, 'W_layer_units_exponent_3': 5, 'W_layer_units_exponent_4': 9, 'W_layer_units_exponent_5': 9, 'D_layers': 7, 'D_layer_units_exponent_0': 9, 'D_layer_units_exponent_1': 8, 'D_layer_units_exponent_2': 7, 'D_layer_units_exponent_3': 10, 'D_layer_units_exponent_4': 10, 'D_layer_units_exponent_5': 6, 'D_layer_units_exponent_6': 6, 'D_dagger_layers': 8, 'D_dagger_layer_units_exponent_0': 6, 'D_dagger_layer_units_exponent_1': 7, 'D_dagger_layer_units_exponent_2': 5, 'D_dagger_layer_units_exponent_3': 7, 'D_dagger_layer_units_exponent_4': 7, 'D_dagger_layer_units_exponent_5': 8, 'D_dagger_layer_units_exponent_6': 6, 'D_dagger_layer_units_exponent_7': 5, 'log_learning_rate': -4.726489038603498, 'log_learning_rate_D': -4.630588751609747, 'log_learning_rate_D_dagger': -3.0616062900348298, 'training_batch_size': 12, 'training_p': 2}
	 epoch  0 training error:  tensor(0.9750, device='cuda:0', grad_fn=<DivBackward0>)
Memory status after this epoch: 
Memory allocated:  27.37744140625
Memory cached:  158.0
	 epoch  10 training error:  tensor(0.0580, device='cuda:0', grad_fn=<DivBackward0>)
Memory status after this epoch: 
Memory allocated:  27.37744140625
Memory cached:  310.0
	 epoch  20 training error:  tensor(0.0564, device='cuda:0', grad_fn=<DivBackward0>)
Memory status after this epoch: 
Memory allocated:  27.37744140625
Memory cached:  302.0
	 epoch  30 training error:  tensor(0.0519, device='cuda:0', grad_fn=<DivBackward0>)
Memory status after this epoch: 
Memory allocated:  27.37744140625
Memory cached:  300.0
	 epoch  40 training error:  tensor(0.0478, device='cuda:0', grad_fn=<DivBackward0>)
Memory status after this epoch: 
Memory allocated:  27.37744140625
Memory cached:  284.0
	 epoch  50 training error:  tensor(0.0474, device='cuda:0', grad_fn=<DivBackward0>)
Memory status after this epoch: 
Memory allocated:  27.37744140625
Memory cached:  302.0
	 epoch  60 training error:  tensor(0.0457, device='cuda:0', grad_fn=<DivBackward0>)
Memory status after this epoch: 
Memory allocated:  27.37744140625
Memory cached:  312.0
	 epoch  70 training error:  tensor(0.0446, device='cuda:0', grad_fn=<DivBackward0>)
Memory status after this epoch: 
Memory allocated:  27.37744140625
Memory cached:  308.0
	 epoch  80 training error:  tensor(0.0428, device='cuda:0', grad_fn=<DivBackward0>)
Memory status after this epoch: 
Memory allocated:  27.37744140625
Memory cached:  300.0
	 epoch  90 training error:  tensor(0.0403, device='cuda:0', grad_fn=<DivBackward0>)
Memory status after this epoch: 
Memory allocated:  27.37744140625
Memory cached:  300.0
[I 2023-11-06 19:42:19,299] Trial 30 finished with value: 0.042017724364995956 and parameters: {'W_layers': 6, 'W_layer_units_exponent_0': 4, 'W_layer_units_exponent_1': 4, 'W_layer_units_exponent_2': 5, 'W_layer_units_exponent_3': 5, 'W_layer_units_exponent_4': 9, 'W_layer_units_exponent_5': 9, 'D_layers': 7, 'D_layer_units_exponent_0': 9, 'D_layer_units_exponent_1': 8, 'D_layer_units_exponent_2': 7, 'D_layer_units_exponent_3': 10, 'D_layer_units_exponent_4': 10, 'D_layer_units_exponent_5': 6, 'D_layer_units_exponent_6': 6, 'D_dagger_layers': 8, 'D_dagger_layer_units_exponent_0': 6, 'D_dagger_layer_units_exponent_1': 7, 'D_dagger_layer_units_exponent_2': 5, 'D_dagger_layer_units_exponent_3': 7, 'D_dagger_layer_units_exponent_4': 7, 'D_dagger_layer_units_exponent_5': 8, 'D_dagger_layer_units_exponent_6': 6, 'D_dagger_layer_units_exponent_7': 5, 'log_learning_rate': -4.726489038603498, 'log_learning_rate_D': -4.630588751609747, 'log_learning_rate_D_dagger': -3.0616062900348298, 'training_batch_size': 12, 'training_p': 2}. Best is trial 19 with value: 0.023920094594359398.
Time for this trial:  257.5278203487396
Memory status after this trial: 
Memory allocated:  281.63525390625
Memory cached:  300.0
--------------------  Trial  31   --------------------
Start timing: 
Parameters: 
{'W_layers': 6, 'W_layer_units_exponent_0': 7, 'W_layer_units_exponent_1': 4, 'W_layer_units_exponent_2': 7, 'W_layer_units_exponent_3': 5, 'W_layer_units_exponent_4': 10, 'W_layer_units_exponent_5': 8, 'D_layers': 6, 'D_layer_units_exponent_0': 10, 'D_layer_units_exponent_1': 7, 'D_layer_units_exponent_2': 9, 'D_layer_units_exponent_3': 9, 'D_layer_units_exponent_4': 10, 'D_layer_units_exponent_5': 5, 'D_dagger_layers': 8, 'D_dagger_layer_units_exponent_0': 5, 'D_dagger_layer_units_exponent_1': 9, 'D_dagger_layer_units_exponent_2': 7, 'D_dagger_layer_units_exponent_3': 7, 'D_dagger_layer_units_exponent_4': 7, 'D_dagger_layer_units_exponent_5': 4, 'D_dagger_layer_units_exponent_6': 7, 'D_dagger_layer_units_exponent_7': 8, 'log_learning_rate': -4.5158297188192495, 'log_learning_rate_D': -4.480818102526204, 'log_learning_rate_D_dagger': -3.2667394179602156, 'training_batch_size': 11, 'training_p': 4}
	 epoch  0 training error:  tensor(0.9608, device='cuda:0', grad_fn=<DivBackward0>)
Memory status after this epoch: 
Memory allocated:  22.74267578125
Memory cached:  162.0
	 epoch  10 training error:  tensor(0.0997, device='cuda:0', grad_fn=<DivBackward0>)
Memory status after this epoch: 
Memory allocated:  22.74267578125
Memory cached:  306.0
	 epoch  20 training error:  tensor(0.0937, device='cuda:0', grad_fn=<DivBackward0>)
Memory status after this epoch: 
Memory allocated:  22.74267578125
Memory cached:  308.0
	 epoch  30 training error:  tensor(0.0906, device='cuda:0', grad_fn=<DivBackward0>)
Memory status after this epoch: 
Memory allocated:  22.74267578125
Memory cached:  312.0
	 epoch  40 training error:  tensor(0.0586, device='cuda:0', grad_fn=<DivBackward0>)
Memory status after this epoch: 
Memory allocated:  22.74267578125
Memory cached:  308.0
	 epoch  50 training error:  tensor(0.0564, device='cuda:0', grad_fn=<DivBackward0>)
Memory status after this epoch: 
Memory allocated:  22.74267578125
Memory cached:  332.0
	 epoch  60 training error:  tensor(0.0489, device='cuda:0', grad_fn=<DivBackward0>)
Memory status after this epoch: 
Memory allocated:  22.74267578125
Memory cached:  314.0
	 epoch  70 training error:  tensor(0.0434, device='cuda:0', grad_fn=<DivBackward0>)
Memory status after this epoch: 
Memory allocated:  22.74267578125
Memory cached:  308.0
	 epoch  80 training error:  tensor(0.0381, device='cuda:0', grad_fn=<DivBackward0>)
Memory status after this epoch: 
Memory allocated:  22.74267578125
Memory cached:  322.0
	 epoch  90 training error:  tensor(0.0375, device='cuda:0', grad_fn=<DivBackward0>)
Memory status after this epoch: 
Memory allocated:  22.74267578125
Memory cached:  310.0
[I 2023-11-06 19:46:37,555] Trial 31 finished with value: 0.028038350865244865 and parameters: {'W_layers': 6, 'W_layer_units_exponent_0': 7, 'W_layer_units_exponent_1': 4, 'W_layer_units_exponent_2': 7, 'W_layer_units_exponent_3': 5, 'W_layer_units_exponent_4': 10, 'W_layer_units_exponent_5': 8, 'D_layers': 6, 'D_layer_units_exponent_0': 10, 'D_layer_units_exponent_1': 7, 'D_layer_units_exponent_2': 9, 'D_layer_units_exponent_3': 9, 'D_layer_units_exponent_4': 10, 'D_layer_units_exponent_5': 5, 'D_dagger_layers': 8, 'D_dagger_layer_units_exponent_0': 5, 'D_dagger_layer_units_exponent_1': 9, 'D_dagger_layer_units_exponent_2': 7, 'D_dagger_layer_units_exponent_3': 7, 'D_dagger_layer_units_exponent_4': 7, 'D_dagger_layer_units_exponent_5': 4, 'D_dagger_layer_units_exponent_6': 7, 'D_dagger_layer_units_exponent_7': 8, 'log_learning_rate': -4.5158297188192495, 'log_learning_rate_D': -4.480818102526204, 'log_learning_rate_D_dagger': -3.2667394179602156, 'training_batch_size': 11, 'training_p': 4}. Best is trial 19 with value: 0.023920094594359398.
Time for this trial:  257.9149820804596
Memory status after this trial: 
Memory allocated:  339.046875
Memory cached:  364.0
--------------------  Trial  32   --------------------
Start timing: 
Parameters: 
{'W_layers': 5, 'W_layer_units_exponent_0': 6, 'W_layer_units_exponent_1': 4, 'W_layer_units_exponent_2': 7, 'W_layer_units_exponent_3': 5, 'W_layer_units_exponent_4': 10, 'D_layers': 6, 'D_layer_units_exponent_0': 10, 'D_layer_units_exponent_1': 6, 'D_layer_units_exponent_2': 9, 'D_layer_units_exponent_3': 9, 'D_layer_units_exponent_4': 10, 'D_layer_units_exponent_5': 4, 'D_dagger_layers': 8, 'D_dagger_layer_units_exponent_0': 5, 'D_dagger_layer_units_exponent_1': 9, 'D_dagger_layer_units_exponent_2': 7, 'D_dagger_layer_units_exponent_3': 7, 'D_dagger_layer_units_exponent_4': 7, 'D_dagger_layer_units_exponent_5': 5, 'D_dagger_layer_units_exponent_6': 7, 'D_dagger_layer_units_exponent_7': 8, 'log_learning_rate': -4.662662746111576, 'log_learning_rate_D': -4.228783926153725, 'log_learning_rate_D_dagger': -3.273734709614026, 'training_batch_size': 11, 'training_p': 3}
	 epoch  0 training error:  tensor(0.9756, device='cuda:0', grad_fn=<DivBackward0>)
Memory status after this epoch: 
Memory allocated:  17.04345703125
Memory cached:  172.0
	 epoch  10 training error:  tensor(0.1546, device='cuda:0', grad_fn=<DivBackward0>)
Memory status after this epoch: 
Memory allocated:  17.04345703125
Memory cached:  302.0
	 epoch  20 training error:  tensor(0.1083, device='cuda:0', grad_fn=<DivBackward0>)
Memory status after this epoch: 
Memory allocated:  17.04345703125
Memory cached:  298.0
	 epoch  30 training error:  tensor(0.0631, device='cuda:0', grad_fn=<DivBackward0>)
Memory status after this epoch: 
Memory allocated:  17.04345703125
Memory cached:  300.0
	 epoch  40 training error:  tensor(0.0572, device='cuda:0', grad_fn=<DivBackward0>)
Memory status after this epoch: 
Memory allocated:  17.04345703125
Memory cached:  292.0
	 epoch  50 training error:  tensor(0.0428, device='cuda:0', grad_fn=<DivBackward0>)
Memory status after this epoch: 
Memory allocated:  17.04345703125
Memory cached:  300.0
	 epoch  60 training error:  tensor(0.0406, device='cuda:0', grad_fn=<DivBackward0>)
Memory status after this epoch: 
Memory allocated:  17.04345703125
Memory cached:  300.0
	 epoch  70 training error:  tensor(0.0366, device='cuda:0', grad_fn=<DivBackward0>)
Memory status after this epoch: 
Memory allocated:  17.04345703125
Memory cached:  308.0
	 epoch  80 training error:  tensor(0.0333, device='cuda:0', grad_fn=<DivBackward0>)
Memory status after this epoch: 
Memory allocated:  17.04345703125
Memory cached:  294.0
	 epoch  90 training error:  tensor(0.0297, device='cuda:0', grad_fn=<DivBackward0>)
Memory status after this epoch: 
Memory allocated:  17.04345703125
Memory cached:  308.0
