[I 2023-11-01 12:39:19,892] Trial 39 finished with value: 0.23126116394996643 and parameters: {'W_layers': 6, 'W_layer_units_exponent_0': 9, 'W_layer_units_exponent_1': 5, 'W_layer_units_exponent_2': 9, 'W_layer_units_exponent_3': 7, 'W_layer_units_exponent_4': 9, 'W_layer_units_exponent_5': 6, 'D_layers': 3, 'D_layer_units_exponent_0': 10, 'D_layer_units_exponent_1': 4, 'D_layer_units_exponent_2': 8, 'log_learning_rate': -4.045503508857432, 'log_learning_rate_D': -2.2991741717370617, 'training_batch_size': 6, 'training_p': 8}. Best is trial 38 with value: 0.22650623321533203.
Time for this trial:  244.57718062400818
Memory status after this trial: 
Memory allocated:  165.04638671875
Memory cached:  168.0
--------------------  Trial  40   --------------------
Start timing: 
Parameters: 
{'W_layers': 5, 'W_layer_units_exponent_0': 7, 'W_layer_units_exponent_1': 4, 'W_layer_units_exponent_2': 8, 'W_layer_units_exponent_3': 7, 'W_layer_units_exponent_4': 8, 'D_layers': 8, 'D_layer_units_exponent_0': 9, 'D_layer_units_exponent_1': 7, 'D_layer_units_exponent_2': 9, 'D_layer_units_exponent_3': 5, 'D_layer_units_exponent_4': 5, 'D_layer_units_exponent_5': 6, 'D_layer_units_exponent_6': 7, 'D_layer_units_exponent_7': 4, 'log_learning_rate': -4.36036650786345, 'log_learning_rate_D': -1.5295784036847329, 'training_batch_size': 7, 'training_p': 8}
	 epoch  0 training error:  tensor(1.0016, device='cuda:0', grad_fn=<DivBackward0>)
Memory status after this epoch: 
Memory allocated:  3.6416015625
Memory cached:  12.0
	 epoch  10 training error:  tensor(0.9128, device='cuda:0', grad_fn=<DivBackward0>)
Memory status after this epoch: 
Memory allocated:  3.6416015625
Memory cached:  16.0
	 epoch  20 training error:  tensor(0.8083, device='cuda:0', grad_fn=<DivBackward0>)
Memory status after this epoch: 
Memory allocated:  3.6416015625
Memory cached:  16.0
	 epoch  30 training error:  tensor(0.6807, device='cuda:0', grad_fn=<DivBackward0>)
Memory status after this epoch: 
Memory allocated:  3.6416015625
Memory cached:  16.0
	 epoch  40 training error:  tensor(0.5129, device='cuda:0', grad_fn=<DivBackward0>)
Memory status after this epoch: 
Memory allocated:  3.6416015625
Memory cached:  20.0
	 epoch  50 training error:  tensor(0.2977, device='cuda:0', grad_fn=<DivBackward0>)
Memory status after this epoch: 
Memory allocated:  3.6416015625
Memory cached:  18.0
	 epoch  60 training error:  tensor(0.2935, device='cuda:0', grad_fn=<DivBackward0>)
Memory status after this epoch: 
Memory allocated:  3.6416015625
Memory cached:  14.0
	 epoch  70 training error:  tensor(0.2611, device='cuda:0', grad_fn=<DivBackward0>)
Memory status after this epoch: 
Memory allocated:  3.6416015625
Memory cached:  18.0
	 epoch  80 training error:  tensor(0.2630, device='cuda:0', grad_fn=<DivBackward0>)
Memory status after this epoch: 
Memory allocated:  3.6416015625
Memory cached:  18.0
	 epoch  90 training error:  tensor(0.2617, device='cuda:0', grad_fn=<DivBackward0>)
Memory status after this epoch: 
Memory allocated:  3.6416015625
Memory cached:  18.0
[I 2023-11-01 12:42:05,143] Trial 40 finished with value: 0.23039817810058594 and parameters: {'W_layers': 5, 'W_layer_units_exponent_0': 7, 'W_layer_units_exponent_1': 4, 'W_layer_units_exponent_2': 8, 'W_layer_units_exponent_3': 7, 'W_layer_units_exponent_4': 8, 'D_layers': 8, 'D_layer_units_exponent_0': 9, 'D_layer_units_exponent_1': 7, 'D_layer_units_exponent_2': 9, 'D_layer_units_exponent_3': 5, 'D_layer_units_exponent_4': 5, 'D_layer_units_exponent_5': 6, 'D_layer_units_exponent_6': 7, 'D_layer_units_exponent_7': 4, 'log_learning_rate': -4.36036650786345, 'log_learning_rate_D': -1.5295784036847329, 'training_batch_size': 7, 'training_p': 8}. Best is trial 38 with value: 0.22650623321533203.
Time for this trial:  164.9991044998169
Memory status after this trial: 
Memory allocated:  119.96240234375
Memory cached:  122.0
--------------------  Trial  41   --------------------
Start timing: 
Parameters: 
{'W_layers': 4, 'W_layer_units_exponent_0': 8, 'W_layer_units_exponent_1': 5, 'W_layer_units_exponent_2': 7, 'W_layer_units_exponent_3': 6, 'D_layers': 7, 'D_layer_units_exponent_0': 10, 'D_layer_units_exponent_1': 5, 'D_layer_units_exponent_2': 9, 'D_layer_units_exponent_3': 8, 'D_layer_units_exponent_4': 4, 'D_layer_units_exponent_5': 7, 'D_layer_units_exponent_6': 7, 'log_learning_rate': -3.894150948137643, 'log_learning_rate_D': -1.17075346067279, 'training_batch_size': 7, 'training_p': 8}
	 epoch  0 training error:  tensor(1.0169, device='cuda:0', grad_fn=<DivBackward0>)
Memory status after this epoch: 
Memory allocated:  3.5146484375
Memory cached:  16.0
	 epoch  10 training error:  tensor(0.7360, device='cuda:0', grad_fn=<DivBackward0>)
Memory status after this epoch: 
Memory allocated:  3.5146484375
Memory cached:  20.0
	 epoch  20 training error:  tensor(0.3116, device='cuda:0', grad_fn=<DivBackward0>)
Memory status after this epoch: 
Memory allocated:  3.5146484375
Memory cached:  22.0
	 epoch  30 training error:  tensor(0.3046, device='cuda:0', grad_fn=<DivBackward0>)
Memory status after this epoch: 
Memory allocated:  3.5146484375
Memory cached:  20.0
	 epoch  40 training error:  tensor(0.2840, device='cuda:0', grad_fn=<DivBackward0>)
Memory status after this epoch: 
Memory allocated:  3.5146484375
Memory cached:  20.0
	 epoch  50 training error:  tensor(0.2690, device='cuda:0', grad_fn=<DivBackward0>)
Memory status after this epoch: 
Memory allocated:  3.5146484375
Memory cached:  20.0
	 epoch  60 training error:  tensor(0.2634, device='cuda:0', grad_fn=<DivBackward0>)
Memory status after this epoch: 
Memory allocated:  3.5146484375
Memory cached:  20.0
	 epoch  70 training error:  tensor(0.2614, device='cuda:0', grad_fn=<DivBackward0>)
Memory status after this epoch: 
Memory allocated:  3.5146484375
Memory cached:  20.0
	 epoch  80 training error:  tensor(0.2607, device='cuda:0', grad_fn=<DivBackward0>)
Memory status after this epoch: 
Memory allocated:  3.5146484375
Memory cached:  20.0
	 epoch  90 training error:  tensor(0.2604, device='cuda:0', grad_fn=<DivBackward0>)
Memory status after this epoch: 
Memory allocated:  3.5146484375
Memory cached:  20.0
[I 2023-11-01 12:44:39,309] Trial 41 finished with value: 0.2301541417837143 and parameters: {'W_layers': 4, 'W_layer_units_exponent_0': 8, 'W_layer_units_exponent_1': 5, 'W_layer_units_exponent_2': 7, 'W_layer_units_exponent_3': 6, 'D_layers': 7, 'D_layer_units_exponent_0': 10, 'D_layer_units_exponent_1': 5, 'D_layer_units_exponent_2': 9, 'D_layer_units_exponent_3': 8, 'D_layer_units_exponent_4': 4, 'D_layer_units_exponent_5': 7, 'D_layer_units_exponent_6': 7, 'log_learning_rate': -3.894150948137643, 'log_learning_rate_D': -1.17075346067279, 'training_batch_size': 7, 'training_p': 8}. Best is trial 38 with value: 0.22650623321533203.
Time for this trial:  153.91698384284973
Memory status after this trial: 
Memory allocated:  139.0224609375
Memory cached:  142.0
--------------------  Trial  42   --------------------
Start timing: 
Parameters: 
{'W_layers': 4, 'W_layer_units_exponent_0': 8, 'W_layer_units_exponent_1': 5, 'W_layer_units_exponent_2': 7, 'W_layer_units_exponent_3': 7, 'D_layers': 7, 'D_layer_units_exponent_0': 9, 'D_layer_units_exponent_1': 5, 'D_layer_units_exponent_2': 9, 'D_layer_units_exponent_3': 8, 'D_layer_units_exponent_4': 6, 'D_layer_units_exponent_5': 6, 'D_layer_units_exponent_6': 6, 'log_learning_rate': -4.45266921893699, 'log_learning_rate_D': -1.047808810815497, 'training_batch_size': 8, 'training_p': 4}
	 epoch  0 training error:  tensor(0.9756, device='cuda:0', grad_fn=<DivBackward0>)
Memory status after this epoch: 
Memory allocated:  3.4052734375
Memory cached:  12.0
	 epoch  10 training error:  tensor(1.0011, device='cuda:0', grad_fn=<DivBackward0>)
Memory status after this epoch: 
Memory allocated:  3.4052734375
Memory cached:  16.0
	 epoch  20 training error:  tensor(0.9847, device='cuda:0', grad_fn=<DivBackward0>)
Memory status after this epoch: 
Memory allocated:  3.4052734375
Memory cached:  18.0
	 epoch  30 training error:  tensor(0.9657, device='cuda:0', grad_fn=<DivBackward0>)
Memory status after this epoch: 
Memory allocated:  3.4052734375
Memory cached:  14.0
	 epoch  40 training error:  tensor(0.9553, device='cuda:0', grad_fn=<DivBackward0>)
Memory status after this epoch: 
Memory allocated:  3.4052734375
Memory cached:  14.0
	 epoch  50 training error:  tensor(0.9411, device='cuda:0', grad_fn=<DivBackward0>)
Memory status after this epoch: 
Memory allocated:  3.4052734375
Memory cached:  14.0
	 epoch  60 training error:  tensor(0.9991, device='cuda:0', grad_fn=<DivBackward0>)
Memory status after this epoch: 
Memory allocated:  3.4052734375
Memory cached:  14.0
	 epoch  70 training error:  tensor(0.9991, device='cuda:0', grad_fn=<DivBackward0>)
Memory status after this epoch: 
Memory allocated:  3.4052734375
Memory cached:  14.0
	 epoch  80 training error:  tensor(0.9990, device='cuda:0', grad_fn=<DivBackward0>)
Memory status after this epoch: 
Memory allocated:  3.4052734375
Memory cached:  14.0
	 epoch  90 training error:  tensor(0.9990, device='cuda:0', grad_fn=<DivBackward0>)
Memory status after this epoch: 
Memory allocated:  3.4052734375
Memory cached:  14.0
[I 2023-11-01 12:47:09,782] Trial 42 finished with value: 0.9992431998252869 and parameters: {'W_layers': 4, 'W_layer_units_exponent_0': 8, 'W_layer_units_exponent_1': 5, 'W_layer_units_exponent_2': 7, 'W_layer_units_exponent_3': 7, 'D_layers': 7, 'D_layer_units_exponent_0': 9, 'D_layer_units_exponent_1': 5, 'D_layer_units_exponent_2': 9, 'D_layer_units_exponent_3': 8, 'D_layer_units_exponent_4': 6, 'D_layer_units_exponent_5': 6, 'D_layer_units_exponent_6': 6, 'log_learning_rate': -4.45266921893699, 'log_learning_rate_D': -1.047808810815497, 'training_batch_size': 8, 'training_p': 4}. Best is trial 38 with value: 0.22650623321533203.
Time for this trial:  150.22649240493774
Memory status after this trial: 
Memory allocated:  110.91650390625
Memory cached:  114.0
--------------------  Trial  43   --------------------
Start timing: 
Parameters: 
{'W_layers': 5, 'W_layer_units_exponent_0': 8, 'W_layer_units_exponent_1': 4, 'W_layer_units_exponent_2': 8, 'W_layer_units_exponent_3': 8, 'W_layer_units_exponent_4': 9, 'D_layers': 7, 'D_layer_units_exponent_0': 10, 'D_layer_units_exponent_1': 4, 'D_layer_units_exponent_2': 8, 'D_layer_units_exponent_3': 9, 'D_layer_units_exponent_4': 5, 'D_layer_units_exponent_5': 7, 'D_layer_units_exponent_6': 6, 'log_learning_rate': -4.9761860750429845, 'log_learning_rate_D': -1.4190106680044419, 'training_batch_size': 9, 'training_p': 8}
	 epoch  0 training error:  tensor(0.9577, device='cuda:0', grad_fn=<DivBackward0>)
Memory status after this epoch: 
Memory allocated:  6.0009765625
Memory cached:  16.0
	 epoch  10 training error:  tensor(0.8955, device='cuda:0', grad_fn=<DivBackward0>)
Memory status after this epoch: 
Memory allocated:  6.0009765625
Memory cached:  18.0
	 epoch  20 training error:  tensor(0.8272, device='cuda:0', grad_fn=<DivBackward0>)
Memory status after this epoch: 
Memory allocated:  6.0009765625
Memory cached:  18.0
	 epoch  30 training error:  tensor(0.7530, device='cuda:0', grad_fn=<DivBackward0>)
Memory status after this epoch: 
Memory allocated:  6.0009765625
Memory cached:  18.0
	 epoch  40 training error:  tensor(0.6710, device='cuda:0', grad_fn=<DivBackward0>)
Memory status after this epoch: 
Memory allocated:  6.0009765625
Memory cached:  18.0
	 epoch  50 training error:  tensor(0.5790, device='cuda:0', grad_fn=<DivBackward0>)
Memory status after this epoch: 
Memory allocated:  6.0009765625
Memory cached:  18.0
	 epoch  60 training error:  tensor(0.4741, device='cuda:0', grad_fn=<DivBackward0>)
Memory status after this epoch: 
Memory allocated:  6.0009765625
Memory cached:  18.0
	 epoch  70 training error:  tensor(0.3555, device='cuda:0', grad_fn=<DivBackward0>)
Memory status after this epoch: 
Memory allocated:  6.0009765625
Memory cached:  18.0
	 epoch  80 training error:  tensor(0.2633, device='cuda:0', grad_fn=<DivBackward0>)
Memory status after this epoch: 
Memory allocated:  6.0009765625
Memory cached:  18.0
	 epoch  90 training error:  tensor(0.2716, device='cuda:0', grad_fn=<DivBackward0>)
Memory status after this epoch: 
Memory allocated:  6.0009765625
Memory cached:  18.0
[I 2023-11-01 12:49:57,427] Trial 43 finished with value: 0.22582463920116425 and parameters: {'W_layers': 5, 'W_layer_units_exponent_0': 8, 'W_layer_units_exponent_1': 4, 'W_layer_units_exponent_2': 8, 'W_layer_units_exponent_3': 8, 'W_layer_units_exponent_4': 9, 'D_layers': 7, 'D_layer_units_exponent_0': 10, 'D_layer_units_exponent_1': 4, 'D_layer_units_exponent_2': 8, 'D_layer_units_exponent_3': 9, 'D_layer_units_exponent_4': 5, 'D_layer_units_exponent_5': 7, 'D_layer_units_exponent_6': 6, 'log_learning_rate': -4.9761860750429845, 'log_learning_rate_D': -1.4190106680044419, 'training_batch_size': 9, 'training_p': 8}. Best is trial 43 with value: 0.22582463920116425.
Time for this trial:  167.39102411270142
Memory status after this trial: 
Memory allocated:  180.6318359375
Memory cached:  184.0
--------------------  Trial  44   --------------------
Start timing: 
Parameters: 
{'W_layers': 6, 'W_layer_units_exponent_0': 7, 'W_layer_units_exponent_1': 4, 'W_layer_units_exponent_2': 9, 'W_layer_units_exponent_3': 10, 'W_layer_units_exponent_4': 9, 'W_layer_units_exponent_5': 9, 'D_layers': 8, 'D_layer_units_exponent_0': 10, 'D_layer_units_exponent_1': 4, 'D_layer_units_exponent_2': 8, 'D_layer_units_exponent_3': 9, 'D_layer_units_exponent_4': 5, 'D_layer_units_exponent_5': 7, 'D_layer_units_exponent_6': 6, 'D_layer_units_exponent_7': 7, 'log_learning_rate': -4.911304799974725, 'log_learning_rate_D': -1.6437276283512703, 'training_batch_size': 9, 'training_p': 8}
	 epoch  0 training error:  tensor(0.9709, device='cuda:0', grad_fn=<DivBackward0>)
Memory status after this epoch: 
Memory allocated:  23.1767578125
Memory cached:  40.0
	 epoch  10 training error:  tensor(0.8513, device='cuda:0', grad_fn=<DivBackward0>)
Memory status after this epoch: 
Memory allocated:  23.1767578125
Memory cached:  46.0
	 epoch  20 training error:  tensor(0.7094, device='cuda:0', grad_fn=<DivBackward0>)
Memory status after this epoch: 
Memory allocated:  23.1767578125
Memory cached:  46.0
	 epoch  30 training error:  tensor(0.5281, device='cuda:0', grad_fn=<DivBackward0>)
Memory status after this epoch: 
Memory allocated:  23.1767578125
Memory cached:  46.0
	 epoch  40 training error:  tensor(0.3059, device='cuda:0', grad_fn=<DivBackward0>)
Memory status after this epoch: 
Memory allocated:  23.1767578125
Memory cached:  46.0
	 epoch  50 training error:  tensor(0.2980, device='cuda:0', grad_fn=<DivBackward0>)
Memory status after this epoch: 
Memory allocated:  23.1767578125
Memory cached:  46.0
	 epoch  60 training error:  tensor(0.2609, device='cuda:0', grad_fn=<DivBackward0>)
Memory status after this epoch: 
Memory allocated:  23.1767578125
Memory cached:  46.0
	 epoch  70 training error:  tensor(0.2637, device='cuda:0', grad_fn=<DivBackward0>)
Memory status after this epoch: 
Memory allocated:  23.1767578125
Memory cached:  46.0
	 epoch  80 training error:  tensor(0.2620, device='cuda:0', grad_fn=<DivBackward0>)
Memory status after this epoch: 
Memory allocated:  23.1767578125
Memory cached:  46.0
	 epoch  90 training error:  tensor(0.2604, device='cuda:0', grad_fn=<DivBackward0>)
Memory status after this epoch: 
Memory allocated:  23.1767578125
Memory cached:  46.0
[I 2023-11-01 12:53:09,091] Trial 44 finished with value: 0.2303217500448227 and parameters: {'W_layers': 6, 'W_layer_units_exponent_0': 7, 'W_layer_units_exponent_1': 4, 'W_layer_units_exponent_2': 9, 'W_layer_units_exponent_3': 10, 'W_layer_units_exponent_4': 9, 'W_layer_units_exponent_5': 9, 'D_layers': 8, 'D_layer_units_exponent_0': 10, 'D_layer_units_exponent_1': 4, 'D_layer_units_exponent_2': 8, 'D_layer_units_exponent_3': 9, 'D_layer_units_exponent_4': 5, 'D_layer_units_exponent_5': 7, 'D_layer_units_exponent_6': 6, 'D_layer_units_exponent_7': 7, 'log_learning_rate': -4.911304799974725, 'log_learning_rate_D': -1.6437276283512703, 'training_batch_size': 9, 'training_p': 8}. Best is trial 43 with value: 0.22582463920116425.
Time for this trial:  191.39768648147583
Memory status after this trial: 
Memory allocated:  271.1826171875
Memory cached:  288.0
--------------------  Trial  45   --------------------
Start timing: 
Parameters: 
{'W_layers': 5, 'W_layer_units_exponent_0': 9, 'W_layer_units_exponent_1': 4, 'W_layer_units_exponent_2': 8, 'W_layer_units_exponent_3': 9, 'W_layer_units_exponent_4': 10, 'D_layers': 7, 'D_layer_units_exponent_0': 9, 'D_layer_units_exponent_1': 4, 'D_layer_units_exponent_2': 8, 'D_layer_units_exponent_3': 8, 'D_layer_units_exponent_4': 5, 'D_layer_units_exponent_5': 7, 'D_layer_units_exponent_6': 6, 'log_learning_rate': -4.698398847599918, 'log_learning_rate_D': -1.3905713468580665, 'training_batch_size': 6, 'training_p': 8}
	 epoch  0 training error:  tensor(0.9766, device='cuda:0', grad_fn=<DivBackward0>)
Memory status after this epoch: 
Memory allocated:  11.8017578125
Memory cached:  38.0
	 epoch  10 training error:  tensor(0.4867, device='cuda:0', grad_fn=<DivBackward0>)
Memory status after this epoch: 
Memory allocated:  11.8017578125
Memory cached:  36.0
	 epoch  20 training error:  tensor(0.2640, device='cuda:0', grad_fn=<DivBackward0>)
Memory status after this epoch: 
Memory allocated:  11.8017578125
Memory cached:  36.0
	 epoch  30 training error:  tensor(0.2630, device='cuda:0', grad_fn=<DivBackward0>)
Memory status after this epoch: 
Memory allocated:  11.8017578125
Memory cached:  36.0
	 epoch  40 training error:  tensor(0.2605, device='cuda:0', grad_fn=<DivBackward0>)
Memory status after this epoch: 
Memory allocated:  11.8017578125
Memory cached:  36.0
	 epoch  50 training error:  tensor(0.2603, device='cuda:0', grad_fn=<DivBackward0>)
Memory status after this epoch: 
Memory allocated:  11.8017578125
Memory cached:  36.0
	 epoch  60 training error:  tensor(0.2603, device='cuda:0', grad_fn=<DivBackward0>)
Memory status after this epoch: 
Memory allocated:  11.8017578125
Memory cached:  36.0
	 epoch  70 training error:  tensor(0.2603, device='cuda:0', grad_fn=<DivBackward0>)
Memory status after this epoch: 
Memory allocated:  11.8017578125
Memory cached:  36.0
	 epoch  80 training error:  tensor(0.2604, device='cuda:0', grad_fn=<DivBackward0>)
Memory status after this epoch: 
Memory allocated:  11.8017578125
Memory cached:  36.0
	 epoch  90 training error:  tensor(0.2603, device='cuda:0', grad_fn=<DivBackward0>)
Memory status after this epoch: 
Memory allocated:  11.8017578125
Memory cached:  36.0
[I 2023-11-01 12:58:01,133] Trial 45 finished with value: 0.22920647263526917 and parameters: {'W_layers': 5, 'W_layer_units_exponent_0': 9, 'W_layer_units_exponent_1': 4, 'W_layer_units_exponent_2': 8, 'W_layer_units_exponent_3': 9, 'W_layer_units_exponent_4': 10, 'D_layers': 7, 'D_layer_units_exponent_0': 9, 'D_layer_units_exponent_1': 4, 'D_layer_units_exponent_2': 8, 'D_layer_units_exponent_3': 8, 'D_layer_units_exponent_4': 5, 'D_layer_units_exponent_5': 7, 'D_layer_units_exponent_6': 6, 'log_learning_rate': -4.698398847599918, 'log_learning_rate_D': -1.3905713468580665, 'training_batch_size': 6, 'training_p': 8}. Best is trial 43 with value: 0.22582463920116425.
Time for this trial:  291.7685627937317
Memory status after this trial: 
Memory allocated:  197.626953125
Memory cached:  216.0
--------------------  Trial  46   --------------------
Start timing: 
Parameters: 
{'W_layers': 7, 'W_layer_units_exponent_0': 10, 'W_layer_units_exponent_1': 4, 'W_layer_units_exponent_2': 8, 'W_layer_units_exponent_3': 8, 'W_layer_units_exponent_4': 9, 'W_layer_units_exponent_5': 7, 'W_layer_units_exponent_6': 4, 'D_layers': 6, 'D_layer_units_exponent_0': 10, 'D_layer_units_exponent_1': 4, 'D_layer_units_exponent_2': 7, 'D_layer_units_exponent_3': 9, 'D_layer_units_exponent_4': 4, 'D_layer_units_exponent_5': 8, 'log_learning_rate': -4.716818279741299, 'log_learning_rate_D': -1.7361677911553102, 'training_batch_size': 9, 'training_p': 7}
	 epoch  0 training error:  tensor(1.0080, device='cuda:0', grad_fn=<DivBackward0>)
Memory status after this epoch: 
Memory allocated:  5.9716796875
Memory cached:  18.0
	 epoch  10 training error:  tensor(0.9851, device='cuda:0', grad_fn=<DivBackward0>)
Memory status after this epoch: 
Memory allocated:  5.9716796875
Memory cached:  24.0
	 epoch  20 training error:  tensor(0.9499, device='cuda:0', grad_fn=<DivBackward0>)
Memory status after this epoch: 
Memory allocated:  5.9716796875
Memory cached:  24.0
	 epoch  30 training error:  tensor(0.8851, device='cuda:0', grad_fn=<DivBackward0>)
Memory status after this epoch: 
Memory allocated:  5.9716796875
Memory cached:  24.0
	 epoch  40 training error:  tensor(0.7737, device='cuda:0', grad_fn=<DivBackward0>)
Memory status after this epoch: 
Memory allocated:  5.9716796875
Memory cached:  24.0
	 epoch  50 training error:  tensor(0.5893, device='cuda:0', grad_fn=<DivBackward0>)
Memory status after this epoch: 
Memory allocated:  5.9716796875
Memory cached:  24.0
	 epoch  60 training error:  tensor(0.3011, device='cuda:0', grad_fn=<DivBackward0>)
Memory status after this epoch: 
Memory allocated:  5.9716796875
Memory cached:  24.0
	 epoch  70 training error:  tensor(0.3041, device='cuda:0', grad_fn=<DivBackward0>)
Memory status after this epoch: 
Memory allocated:  5.9716796875
Memory cached:  24.0
	 epoch  80 training error:  tensor(0.2720, device='cuda:0', grad_fn=<DivBackward0>)
Memory status after this epoch: 
Memory allocated:  5.9716796875
Memory cached:  24.0
	 epoch  90 training error:  tensor(0.2594, device='cuda:0', grad_fn=<DivBackward0>)
Memory status after this epoch: 
Memory allocated:  5.9716796875
Memory cached:  24.0
