[I 2023-11-08 02:49:02,356] Trial 23 finished with value: 0.028069937601685524 and parameters: {'W_layers': 4, 'W_layer_units_exponent_0': 10, 'W_layer_units_exponent_1': 6, 'W_layer_units_exponent_2': 5, 'W_layer_units_exponent_3': 8, 'D_layers': 6, 'D_layer_units_exponent_0': 5, 'D_layer_units_exponent_1': 7, 'D_layer_units_exponent_2': 8, 'D_layer_units_exponent_3': 8, 'D_layer_units_exponent_4': 8, 'D_layer_units_exponent_5': 4, 'D_dagger_layers': 4, 'D_dagger_layer_units_exponent_0': 10, 'D_dagger_layer_units_exponent_1': 7, 'D_dagger_layer_units_exponent_2': 7, 'D_dagger_layer_units_exponent_3': 9, 'log_learning_rate': -1.7310351419985195, 'log_learning_rate_D': -2.9085044643460627, 'log_learning_rate_D_dagger': -4.663535450764129, 'training_batch_size': 12, 'training_p': 2}. Best is trial 15 with value: 0.013434025458991528.
Time for this trial:  197.67918610572815
Memory status after this trial: 
Memory allocated:  224.00048828125
Memory cached:  228.0
--------------------  Trial  24   --------------------
Start timing: 
Parameters: 
{'W_layers': 3, 'W_layer_units_exponent_0': 8, 'W_layer_units_exponent_1': 4, 'W_layer_units_exponent_2': 5, 'D_layers': 4, 'D_layer_units_exponent_0': 9, 'D_layer_units_exponent_1': 6, 'D_layer_units_exponent_2': 6, 'D_layer_units_exponent_3': 7, 'D_dagger_layers': 2, 'D_dagger_layer_units_exponent_0': 9, 'D_dagger_layer_units_exponent_1': 10, 'log_learning_rate': -2.7579404102260163, 'log_learning_rate_D': -2.447429774417229, 'log_learning_rate_D_dagger': -4.979197565306088, 'training_batch_size': 11, 'training_p': 3}
	 epoch  0 training error:  tensor(0.6942, device='cuda:0', grad_fn=<DivBackward0>)
Memory status after this epoch: 
Memory allocated:  9.04931640625
Memory cached:  142.0
	 epoch  10 training error:  tensor(0.0357, device='cuda:0', grad_fn=<DivBackward0>)
Memory status after this epoch: 
Memory allocated:  9.04931640625
Memory cached:  218.0
	 epoch  20 training error:  tensor(0.0221, device='cuda:0', grad_fn=<DivBackward0>)
Memory status after this epoch: 
Memory allocated:  9.04931640625
Memory cached:  214.0
	 epoch  30 training error:  tensor(0.0200, device='cuda:0', grad_fn=<DivBackward0>)
Memory status after this epoch: 
Memory allocated:  9.04931640625
Memory cached:  216.0
	 epoch  40 training error:  tensor(0.0183, device='cuda:0', grad_fn=<DivBackward0>)
Memory status after this epoch: 
Memory allocated:  9.04931640625
Memory cached:  218.0
	 epoch  50 training error:  tensor(0.0179, device='cuda:0', grad_fn=<DivBackward0>)
Memory status after this epoch: 
Memory allocated:  9.04931640625
Memory cached:  224.0
	 epoch  60 training error:  tensor(0.0175, device='cuda:0', grad_fn=<DivBackward0>)
Memory status after this epoch: 
Memory allocated:  9.04931640625
Memory cached:  220.0
	 epoch  70 training error:  tensor(0.0176, device='cuda:0', grad_fn=<DivBackward0>)
Memory status after this epoch: 
Memory allocated:  9.04931640625
Memory cached:  216.0
	 epoch  80 training error:  tensor(0.0175, device='cuda:0', grad_fn=<DivBackward0>)
Memory status after this epoch: 
Memory allocated:  9.04931640625
Memory cached:  220.0
	 epoch  90 training error:  tensor(0.0175, device='cuda:0', grad_fn=<DivBackward0>)
Memory status after this epoch: 
Memory allocated:  9.04931640625
Memory cached:  222.0
[I 2023-11-08 02:51:33,805] Trial 24 finished with value: 0.013563835993409157 and parameters: {'W_layers': 3, 'W_layer_units_exponent_0': 8, 'W_layer_units_exponent_1': 4, 'W_layer_units_exponent_2': 5, 'D_layers': 4, 'D_layer_units_exponent_0': 9, 'D_layer_units_exponent_1': 6, 'D_layer_units_exponent_2': 6, 'D_layer_units_exponent_3': 7, 'D_dagger_layers': 2, 'D_dagger_layer_units_exponent_0': 9, 'D_dagger_layer_units_exponent_1': 10, 'log_learning_rate': -2.7579404102260163, 'log_learning_rate_D': -2.447429774417229, 'log_learning_rate_D_dagger': -4.979197565306088, 'training_batch_size': 11, 'training_p': 3}. Best is trial 15 with value: 0.013434025458991528.
Time for this trial:  151.22381258010864
Memory status after this trial: 
Memory allocated:  144.60107421875
Memory cached:  164.0
--------------------  Trial  25   --------------------
Start timing: 
Parameters: 
{'W_layers': 4, 'W_layer_units_exponent_0': 9, 'W_layer_units_exponent_1': 5, 'W_layer_units_exponent_2': 6, 'W_layer_units_exponent_3': 9, 'D_layers': 5, 'D_layer_units_exponent_0': 7, 'D_layer_units_exponent_1': 5, 'D_layer_units_exponent_2': 4, 'D_layer_units_exponent_3': 4, 'D_layer_units_exponent_4': 6, 'D_dagger_layers': 3, 'D_dagger_layer_units_exponent_0': 10, 'D_dagger_layer_units_exponent_1': 8, 'D_dagger_layer_units_exponent_2': 9, 'log_learning_rate': -2.3263083939224662, 'log_learning_rate_D': -3.2724131530568514, 'log_learning_rate_D_dagger': -3.86001735868349, 'training_batch_size': 10, 'training_p': 2}
	 epoch  0 training error:  tensor(0.8856, device='cuda:0', grad_fn=<DivBackward0>)
Memory status after this epoch: 
Memory allocated:  7.16845703125
Memory cached:  106.0
	 epoch  10 training error:  tensor(0.2457, device='cuda:0', grad_fn=<DivBackward0>)
Memory status after this epoch: 
Memory allocated:  7.16845703125
Memory cached:  190.0
	 epoch  20 training error:  tensor(0.0560, device='cuda:0', grad_fn=<DivBackward0>)
Memory status after this epoch: 
Memory allocated:  7.16845703125
Memory cached:  192.0
	 epoch  30 training error:  tensor(0.0315, device='cuda:0', grad_fn=<DivBackward0>)
Memory status after this epoch: 
Memory allocated:  7.16845703125
Memory cached:  194.0
	 epoch  40 training error:  tensor(0.0151, device='cuda:0', grad_fn=<DivBackward0>)
Memory status after this epoch: 
Memory allocated:  7.16845703125
Memory cached:  198.0
	 epoch  50 training error:  tensor(0.0149, device='cuda:0', grad_fn=<DivBackward0>)
Memory status after this epoch: 
Memory allocated:  7.16845703125
Memory cached:  200.0
	 epoch  60 training error:  tensor(0.0152, device='cuda:0', grad_fn=<DivBackward0>)
Memory status after this epoch: 
Memory allocated:  7.16845703125
Memory cached:  184.0
	 epoch  70 training error:  tensor(0.0144, device='cuda:0', grad_fn=<DivBackward0>)
Memory status after this epoch: 
Memory allocated:  7.16845703125
Memory cached:  186.0
	 epoch  80 training error:  tensor(0.0153, device='cuda:0', grad_fn=<DivBackward0>)
Memory status after this epoch: 
Memory allocated:  7.16845703125
Memory cached:  190.0
	 epoch  90 training error:  tensor(0.0163, device='cuda:0', grad_fn=<DivBackward0>)
Memory status after this epoch: 
Memory allocated:  7.16845703125
Memory cached:  200.0
[I 2023-11-08 02:54:32,189] Trial 25 finished with value: 0.015697529539465904 and parameters: {'W_layers': 4, 'W_layer_units_exponent_0': 9, 'W_layer_units_exponent_1': 5, 'W_layer_units_exponent_2': 6, 'W_layer_units_exponent_3': 9, 'D_layers': 5, 'D_layer_units_exponent_0': 7, 'D_layer_units_exponent_1': 5, 'D_layer_units_exponent_2': 4, 'D_layer_units_exponent_3': 4, 'D_layer_units_exponent_4': 6, 'D_dagger_layers': 3, 'D_dagger_layer_units_exponent_0': 10, 'D_dagger_layer_units_exponent_1': 8, 'D_dagger_layer_units_exponent_2': 9, 'log_learning_rate': -2.3263083939224662, 'log_learning_rate_D': -3.2724131530568514, 'log_learning_rate_D_dagger': -3.86001735868349, 'training_batch_size': 10, 'training_p': 2}. Best is trial 15 with value: 0.013434025458991528.
Time for this trial:  178.14846801757812
Memory status after this trial: 
Memory allocated:  174.0087890625
Memory cached:  178.0
--------------------  Trial  26   --------------------
Start timing: 
Parameters: 
{'W_layers': 2, 'W_layer_units_exponent_0': 10, 'W_layer_units_exponent_1': 5, 'D_layers': 4, 'D_layer_units_exponent_0': 4, 'D_layer_units_exponent_1': 6, 'D_layer_units_exponent_2': 7, 'D_layer_units_exponent_3': 9, 'D_dagger_layers': 5, 'D_dagger_layer_units_exponent_0': 9, 'D_dagger_layer_units_exponent_1': 6, 'D_dagger_layer_units_exponent_2': 6, 'D_dagger_layer_units_exponent_3': 6, 'D_dagger_layer_units_exponent_4': 7, 'log_learning_rate': -1.8564689652750666, 'log_learning_rate_D': -2.7631112867678294, 'log_learning_rate_D_dagger': -4.309025033797559, 'training_batch_size': 11, 'training_p': 4}
	 epoch  0 training error:  tensor(0.9363, device='cuda:0', grad_fn=<DivBackward0>)
Memory status after this epoch: 
Memory allocated:  2.72119140625
Memory cached:  118.0
	 epoch  10 training error:  tensor(0.9098, device='cuda:0', grad_fn=<DivBackward0>)
Memory status after this epoch: 
Memory allocated:  2.72119140625
Memory cached:  196.0
	 epoch  20 training error:  tensor(0.5003, device='cuda:0', grad_fn=<DivBackward0>)
Memory status after this epoch: 
Memory allocated:  2.72119140625
Memory cached:  192.0
	 epoch  30 training error:  tensor(0.2163, device='cuda:0', grad_fn=<DivBackward0>)
Memory status after this epoch: 
Memory allocated:  2.72119140625
Memory cached:  200.0
	 epoch  40 training error:  tensor(0.1990, device='cuda:0', grad_fn=<DivBackward0>)
Memory status after this epoch: 
Memory allocated:  2.72119140625
Memory cached:  206.0
	 epoch  50 training error:  tensor(0.5964, device='cuda:0', grad_fn=<DivBackward0>)
Memory status after this epoch: 
Memory allocated:  2.72119140625
Memory cached:  216.0
	 epoch  60 training error:  tensor(0.3535, device='cuda:0', grad_fn=<DivBackward0>)
Memory status after this epoch: 
Memory allocated:  2.72119140625
Memory cached:  206.0
	 epoch  70 training error:  tensor(0.1586, device='cuda:0', grad_fn=<DivBackward0>)
Memory status after this epoch: 
Memory allocated:  2.72119140625
Memory cached:  202.0
	 epoch  80 training error:  tensor(0.0705, device='cuda:0', grad_fn=<DivBackward0>)
Memory status after this epoch: 
Memory allocated:  2.72119140625
Memory cached:  202.0
	 epoch  90 training error:  tensor(0.0608, device='cuda:0', grad_fn=<DivBackward0>)
Memory status after this epoch: 
Memory allocated:  2.72119140625
Memory cached:  204.0
[I 2023-11-08 02:57:17,225] Trial 26 finished with value: 0.046747539192438126 and parameters: {'W_layers': 2, 'W_layer_units_exponent_0': 10, 'W_layer_units_exponent_1': 5, 'D_layers': 4, 'D_layer_units_exponent_0': 4, 'D_layer_units_exponent_1': 6, 'D_layer_units_exponent_2': 7, 'D_layer_units_exponent_3': 9, 'D_dagger_layers': 5, 'D_dagger_layer_units_exponent_0': 9, 'D_dagger_layer_units_exponent_1': 6, 'D_dagger_layer_units_exponent_2': 6, 'D_dagger_layer_units_exponent_3': 6, 'D_dagger_layer_units_exponent_4': 7, 'log_learning_rate': -1.8564689652750666, 'log_learning_rate_D': -2.7631112867678294, 'log_learning_rate_D_dagger': -4.309025033797559, 'training_batch_size': 11, 'training_p': 4}. Best is trial 15 with value: 0.013434025458991528.
Time for this trial:  164.80036640167236
Memory status after this trial: 
Memory allocated:  141.4609375
Memory cached:  150.0
--------------------  Trial  27   --------------------
Start timing: 
Parameters: 
{'W_layers': 5, 'W_layer_units_exponent_0': 8, 'W_layer_units_exponent_1': 8, 'W_layer_units_exponent_2': 7, 'W_layer_units_exponent_3': 9, 'W_layer_units_exponent_4': 6, 'D_layers': 6, 'D_layer_units_exponent_0': 7, 'D_layer_units_exponent_1': 5, 'D_layer_units_exponent_2': 5, 'D_layer_units_exponent_3': 5, 'D_layer_units_exponent_4': 8, 'D_layer_units_exponent_5': 7, 'D_dagger_layers': 3, 'D_dagger_layer_units_exponent_0': 8, 'D_dagger_layer_units_exponent_1': 9, 'D_dagger_layer_units_exponent_2': 8, 'log_learning_rate': -2.965721371583852, 'log_learning_rate_D': -3.7903259085562793, 'log_learning_rate_D_dagger': -4.490405409984043, 'training_batch_size': 8, 'training_p': 3}
	 epoch  0 training error:  tensor(0.9754, device='cuda:0', grad_fn=<DivBackward0>)
Memory status after this epoch: 
Memory allocated:  7.95166015625
Memory cached:  120.0
	 epoch  10 training error:  tensor(0.0420, device='cuda:0', grad_fn=<DivBackward0>)
Memory status after this epoch: 
Memory allocated:  7.95166015625
Memory cached:  186.0
	 epoch  20 training error:  tensor(0.0618, device='cuda:0', grad_fn=<DivBackward0>)
Memory status after this epoch: 
Memory allocated:  7.95166015625
Memory cached:  192.0
	 epoch  30 training error:  tensor(0.0591, device='cuda:0', grad_fn=<DivBackward0>)
Memory status after this epoch: 
Memory allocated:  7.95166015625
Memory cached:  190.0
	 epoch  40 training error:  tensor(0.0483, device='cuda:0', grad_fn=<DivBackward0>)
Memory status after this epoch: 
Memory allocated:  7.95166015625
Memory cached:  196.0
	 epoch  50 training error:  tensor(0.0364, device='cuda:0', grad_fn=<DivBackward0>)
Memory status after this epoch: 
Memory allocated:  7.95166015625
Memory cached:  194.0
	 epoch  60 training error:  tensor(0.0340, device='cuda:0', grad_fn=<DivBackward0>)
Memory status after this epoch: 
Memory allocated:  7.95166015625
Memory cached:  194.0
	 epoch  70 training error:  tensor(0.0295, device='cuda:0', grad_fn=<DivBackward0>)
Memory status after this epoch: 
Memory allocated:  7.95166015625
Memory cached:  200.0
	 epoch  80 training error:  tensor(0.0308, device='cuda:0', grad_fn=<DivBackward0>)
Memory status after this epoch: 
Memory allocated:  7.95166015625
Memory cached:  194.0
	 epoch  90 training error:  tensor(0.0278, device='cuda:0', grad_fn=<DivBackward0>)
Memory status after this epoch: 
Memory allocated:  7.95166015625
Memory cached:  194.0
[I 2023-11-08 03:00:29,803] Trial 27 finished with value: 0.02453404664993286 and parameters: {'W_layers': 5, 'W_layer_units_exponent_0': 8, 'W_layer_units_exponent_1': 8, 'W_layer_units_exponent_2': 7, 'W_layer_units_exponent_3': 9, 'W_layer_units_exponent_4': 6, 'D_layers': 6, 'D_layer_units_exponent_0': 7, 'D_layer_units_exponent_1': 5, 'D_layer_units_exponent_2': 5, 'D_layer_units_exponent_3': 5, 'D_layer_units_exponent_4': 8, 'D_layer_units_exponent_5': 7, 'D_dagger_layers': 3, 'D_dagger_layer_units_exponent_0': 8, 'D_dagger_layer_units_exponent_1': 9, 'D_dagger_layer_units_exponent_2': 8, 'log_learning_rate': -2.965721371583852, 'log_learning_rate_D': -3.7903259085562793, 'log_learning_rate_D_dagger': -4.490405409984043, 'training_batch_size': 8, 'training_p': 3}. Best is trial 15 with value: 0.013434025458991528.
Time for this trial:  192.3162558078766
Memory status after this trial: 
Memory allocated:  156.7841796875
Memory cached:  162.0
--------------------  Trial  28   --------------------
Start timing: 
Parameters: 
{'W_layers': 3, 'W_layer_units_exponent_0': 10, 'W_layer_units_exponent_1': 4, 'W_layer_units_exponent_2': 4, 'D_layers': 7, 'D_layer_units_exponent_0': 9, 'D_layer_units_exponent_1': 4, 'D_layer_units_exponent_2': 7, 'D_layer_units_exponent_3': 7, 'D_layer_units_exponent_4': 5, 'D_layer_units_exponent_5': 10, 'D_layer_units_exponent_6': 10, 'D_dagger_layers': 2, 'D_dagger_layer_units_exponent_0': 10, 'D_dagger_layer_units_exponent_1': 7, 'log_learning_rate': -2.458457760332683, 'log_learning_rate_D': -3.0675530914384743, 'log_learning_rate_D_dagger': -3.7266866579175155, 'training_batch_size': 12, 'training_p': 2}
	 epoch  0 training error:  tensor(1.1888, device='cuda:0', grad_fn=<DivBackward0>)
Memory status after this epoch: 
Memory allocated:  19.66650390625
Memory cached:  148.0
	 epoch  10 training error:  tensor(0.0201, device='cuda:0', grad_fn=<DivBackward0>)
Memory status after this epoch: 
Memory allocated:  19.66650390625
Memory cached:  282.0
	 epoch  20 training error:  tensor(0.1018, device='cuda:0', grad_fn=<DivBackward0>)
Memory status after this epoch: 
Memory allocated:  19.66650390625
Memory cached:  286.0
	 epoch  30 training error:  tensor(0.0199, device='cuda:0', grad_fn=<DivBackward0>)
Memory status after this epoch: 
Memory allocated:  19.66650390625
Memory cached:  288.0
	 epoch  40 training error:  tensor(0.0278, device='cuda:0', grad_fn=<DivBackward0>)
Memory status after this epoch: 
Memory allocated:  19.66650390625
Memory cached:  286.0
	 epoch  50 training error:  tensor(0.0401, device='cuda:0', grad_fn=<DivBackward0>)
Memory status after this epoch: 
Memory allocated:  19.66650390625
Memory cached:  280.0
	 epoch  60 training error:  tensor(0.0287, device='cuda:0', grad_fn=<DivBackward0>)
Memory status after this epoch: 
Memory allocated:  19.66650390625
Memory cached:  272.0
	 epoch  70 training error:  tensor(0.0551, device='cuda:0', grad_fn=<DivBackward0>)
Memory status after this epoch: 
Memory allocated:  19.66650390625
Memory cached:  278.0
	 epoch  80 training error:  tensor(0.0371, device='cuda:0', grad_fn=<DivBackward0>)
Memory status after this epoch: 
Memory allocated:  19.66650390625
Memory cached:  278.0
	 epoch  90 training error:  tensor(0.0293, device='cuda:0', grad_fn=<DivBackward0>)
Memory status after this epoch: 
Memory allocated:  19.66650390625
Memory cached:  274.0
[I 2023-11-08 03:03:38,726] Trial 28 finished with value: 0.026700640097260475 and parameters: {'W_layers': 3, 'W_layer_units_exponent_0': 10, 'W_layer_units_exponent_1': 4, 'W_layer_units_exponent_2': 4, 'D_layers': 7, 'D_layer_units_exponent_0': 9, 'D_layer_units_exponent_1': 4, 'D_layer_units_exponent_2': 7, 'D_layer_units_exponent_3': 7, 'D_layer_units_exponent_4': 5, 'D_layer_units_exponent_5': 10, 'D_layer_units_exponent_6': 10, 'D_dagger_layers': 2, 'D_dagger_layer_units_exponent_0': 10, 'D_dagger_layer_units_exponent_1': 7, 'log_learning_rate': -2.458457760332683, 'log_learning_rate_D': -3.0675530914384743, 'log_learning_rate_D_dagger': -3.7266866579175155, 'training_batch_size': 12, 'training_p': 2}. Best is trial 15 with value: 0.013434025458991528.
Time for this trial:  188.6618938446045
Memory status after this trial: 
Memory allocated:  280.72216796875
Memory cached:  296.0
--------------------  Trial  29   --------------------
Start timing: 
Parameters: 
{'W_layers': 4, 'W_layer_units_exponent_0': 6, 'W_layer_units_exponent_1': 6, 'W_layer_units_exponent_2': 5, 'W_layer_units_exponent_3': 6, 'D_layers': 8, 'D_layer_units_exponent_0': 6, 'D_layer_units_exponent_1': 4, 'D_layer_units_exponent_2': 6, 'D_layer_units_exponent_3': 8, 'D_layer_units_exponent_4': 10, 'D_layer_units_exponent_5': 5, 'D_layer_units_exponent_6': 8, 'D_layer_units_exponent_7': 10, 'D_dagger_layers': 4, 'D_dagger_layer_units_exponent_0': 8, 'D_dagger_layer_units_exponent_1': 8, 'D_dagger_layer_units_exponent_2': 10, 'D_dagger_layer_units_exponent_3': 10, 'log_learning_rate': -2.219246814436341, 'log_learning_rate_D': -2.274424371200907, 'log_learning_rate_D_dagger': -4.148845445736919, 'training_batch_size': 10, 'training_p': 6}
	 epoch  0 training error:  tensor(0.9487, device='cuda:0', grad_fn=<DivBackward0>)
Memory status after this epoch: 
Memory allocated:  30.30126953125
Memory cached:  164.0
	 epoch  10 training error:  tensor(0.1710, device='cuda:0', grad_fn=<DivBackward0>)
Memory status after this epoch: 
Memory allocated:  30.30126953125
Memory cached:  286.0
	 epoch  20 training error:  tensor(0.0621, device='cuda:0', grad_fn=<DivBackward0>)
Memory status after this epoch: 
Memory allocated:  30.30126953125
Memory cached:  304.0
	 epoch  30 training error:  tensor(0.0405, device='cuda:0', grad_fn=<DivBackward0>)
Memory status after this epoch: 
Memory allocated:  30.30126953125
Memory cached:  290.0
	 epoch  40 training error:  tensor(0.0273, device='cuda:0', grad_fn=<DivBackward0>)
Memory status after this epoch: 
Memory allocated:  30.30126953125
Memory cached:  286.0
	 epoch  50 training error:  tensor(0.0250, device='cuda:0', grad_fn=<DivBackward0>)
Memory status after this epoch: 
Memory allocated:  30.30126953125
Memory cached:  290.0
	 epoch  60 training error:  tensor(0.0254, device='cuda:0', grad_fn=<DivBackward0>)
Memory status after this epoch: 
Memory allocated:  30.30126953125
Memory cached:  298.0
	 epoch  70 training error:  tensor(0.0252, device='cuda:0', grad_fn=<DivBackward0>)
Memory status after this epoch: 
Memory allocated:  30.30126953125
Memory cached:  294.0
	 epoch  80 training error:  tensor(0.0250, device='cuda:0', grad_fn=<DivBackward0>)
Memory status after this epoch: 
Memory allocated:  30.30126953125
Memory cached:  300.0
	 epoch  90 training error:  tensor(0.0250, device='cuda:0', grad_fn=<DivBackward0>)
Memory status after this epoch: 
Memory allocated:  30.30126953125
Memory cached:  292.0
