[I 2023-10-30 13:13:55,493] Trial 27 finished with value: 0.23689618706703186 and parameters: {'W_layers': 3, 'W_layer_units_exponent_0': 8, 'W_layer_units_exponent_1': 8, 'W_layer_units_exponent_2': 8, 'D_layers': 3, 'D_layer_units_exponent_0': 5, 'D_layer_units_exponent_1': 9, 'D_layer_units_exponent_2': 9, 'log_learning_rate': -2.1966162029638054, 'log_learning_rate_D': -3.1858912976219114, 'training_batch_size': 10, 'training_p': 8}. Best is trial 26 with value: 0.2366243451833725.
Time for this trial:  115.04925203323364
Memory status after this trial: 
Memory allocated:  100.66162109375
Memory cached:  104.0
--------------------  Trial  28   --------------------
Start timing: 
Parameters: 
{'W_layers': 2, 'W_layer_units_exponent_0': 10, 'W_layer_units_exponent_1': 6, 'D_layers': 4, 'D_layer_units_exponent_0': 5, 'D_layer_units_exponent_1': 5, 'D_layer_units_exponent_2': 7, 'D_layer_units_exponent_3': 4, 'log_learning_rate': -2.614618037226916, 'log_learning_rate_D': -4.352562219860923, 'training_batch_size': 11, 'training_p': 2}
	 epoch  0 training error:  tensor(0.9993, device='cuda:0', grad_fn=<DivBackward0>)
Memory status after this epoch: 
Memory allocated:  1.224609375
Memory cached:  8.0
	 epoch  10 training error:  tensor(0.2374, device='cuda:0', grad_fn=<DivBackward0>)
Memory status after this epoch: 
Memory allocated:  1.224609375
Memory cached:  10.0
	 epoch  20 training error:  tensor(0.2372, device='cuda:0', grad_fn=<DivBackward0>)
Memory status after this epoch: 
Memory allocated:  1.224609375
Memory cached:  10.0
	 epoch  30 training error:  tensor(0.2429, device='cuda:0', grad_fn=<DivBackward0>)
Memory status after this epoch: 
Memory allocated:  1.224609375
Memory cached:  10.0
	 epoch  40 training error:  tensor(0.2398, device='cuda:0', grad_fn=<DivBackward0>)
Memory status after this epoch: 
Memory allocated:  1.224609375
Memory cached:  10.0
	 epoch  50 training error:  tensor(0.2362, device='cuda:0', grad_fn=<DivBackward0>)
Memory status after this epoch: 
Memory allocated:  1.224609375
Memory cached:  10.0
	 epoch  60 training error:  tensor(0.2359, device='cuda:0', grad_fn=<DivBackward0>)
Memory status after this epoch: 
Memory allocated:  1.224609375
Memory cached:  10.0
	 epoch  70 training error:  tensor(0.2360, device='cuda:0', grad_fn=<DivBackward0>)
Memory status after this epoch: 
Memory allocated:  1.224609375
Memory cached:  10.0
	 epoch  80 training error:  tensor(0.2359, device='cuda:0', grad_fn=<DivBackward0>)
Memory status after this epoch: 
Memory allocated:  1.224609375
Memory cached:  10.0
	 epoch  90 training error:  tensor(0.2359, device='cuda:0', grad_fn=<DivBackward0>)
Memory status after this epoch: 
Memory allocated:  1.224609375
Memory cached:  10.0
[I 2023-10-30 13:15:45,312] Trial 28 finished with value: 0.23767609894275665 and parameters: {'W_layers': 2, 'W_layer_units_exponent_0': 10, 'W_layer_units_exponent_1': 6, 'D_layers': 4, 'D_layer_units_exponent_0': 5, 'D_layer_units_exponent_1': 5, 'D_layer_units_exponent_2': 7, 'D_layer_units_exponent_3': 4, 'log_learning_rate': -2.614618037226916, 'log_learning_rate_D': -4.352562219860923, 'training_batch_size': 11, 'training_p': 2}. Best is trial 26 with value: 0.2366243451833725.
Time for this trial:  109.62768220901489
Memory status after this trial: 
Memory allocated:  70.52685546875
Memory cached:  72.0
--------------------  Trial  29   --------------------
Start timing: 
Parameters: 
{'W_layers': 3, 'W_layer_units_exponent_0': 9, 'W_layer_units_exponent_1': 8, 'W_layer_units_exponent_2': 7, 'D_layers': 2, 'D_layer_units_exponent_0': 5, 'D_layer_units_exponent_1': 7, 'log_learning_rate': -1.5832741369056704, 'log_learning_rate_D': -3.455478488827314, 'training_batch_size': 11, 'training_p': 8}
	 epoch  0 training error:  tensor(1.0000, device='cuda:0', grad_fn=<DivBackward0>)
Memory status after this epoch: 
Memory allocated:  2.646484375
Memory cached:  8.0
[W 2023-10-30 13:15:54,954] Trial 29 failed with parameters: {'W_layers': 3, 'W_layer_units_exponent_0': 9, 'W_layer_units_exponent_1': 8, 'W_layer_units_exponent_2': 7, 'D_layers': 2, 'D_layer_units_exponent_0': 5, 'D_layer_units_exponent_1': 7, 'log_learning_rate': -1.5832741369056704, 'log_learning_rate_D': -3.455478488827314, 'training_batch_size': 11, 'training_p': 8} because of the following error: The value nan is not acceptable.
[W 2023-10-30 13:15:54,955] Trial 29 failed with value tensor(nan, device='cuda:0', grad_fn=<DivBackward0>).
Time for this trial:  9.431675910949707
Memory status after this trial: 
Memory allocated:  58.27685546875
Memory cached:  60.0
--------------------  Trial  30   --------------------
Start timing: 
Parameters: 
{'W_layers': 3, 'W_layer_units_exponent_0': 9, 'W_layer_units_exponent_1': 8, 'W_layer_units_exponent_2': 7, 'D_layers': 2, 'D_layer_units_exponent_0': 5, 'D_layer_units_exponent_1': 7, 'log_learning_rate': -1.6953054483995165, 'log_learning_rate_D': -3.4654056547280514, 'training_batch_size': 11, 'training_p': 8}
	 epoch  0 training error:  tensor(1.0000, device='cuda:0', grad_fn=<DivBackward0>)
Memory status after this epoch: 
Memory allocated:  2.646484375
Memory cached:  8.0
	 epoch  10 training error:  tensor(1., device='cuda:0', grad_fn=<DivBackward0>)
Memory status after this epoch: 
Memory allocated:  2.646484375
Memory cached:  14.0
	 epoch  20 training error:  tensor(1., device='cuda:0', grad_fn=<DivBackward0>)
Memory status after this epoch: 
Memory allocated:  2.646484375
Memory cached:  14.0
	 epoch  30 training error:  tensor(1., device='cuda:0', grad_fn=<DivBackward0>)
Memory status after this epoch: 
Memory allocated:  2.646484375
Memory cached:  14.0
	 epoch  40 training error:  tensor(1., device='cuda:0', grad_fn=<DivBackward0>)
Memory status after this epoch: 
Memory allocated:  2.646484375
Memory cached:  14.0
	 epoch  50 training error:  tensor(1., device='cuda:0', grad_fn=<DivBackward0>)
Memory status after this epoch: 
Memory allocated:  2.646484375
Memory cached:  14.0
	 epoch  60 training error:  tensor(1., device='cuda:0', grad_fn=<DivBackward0>)
Memory status after this epoch: 
Memory allocated:  2.646484375
Memory cached:  14.0
	 epoch  70 training error:  tensor(1., device='cuda:0', grad_fn=<DivBackward0>)
Memory status after this epoch: 
Memory allocated:  2.646484375
Memory cached:  14.0
	 epoch  80 training error:  tensor(1., device='cuda:0', grad_fn=<DivBackward0>)
Memory status after this epoch: 
Memory allocated:  2.646484375
Memory cached:  14.0
	 epoch  90 training error:  tensor(1., device='cuda:0', grad_fn=<DivBackward0>)
Memory status after this epoch: 
Memory allocated:  2.646484375
Memory cached:  14.0
[I 2023-10-30 13:17:34,138] Trial 30 finished with value: 1.0 and parameters: {'W_layers': 3, 'W_layer_units_exponent_0': 9, 'W_layer_units_exponent_1': 8, 'W_layer_units_exponent_2': 7, 'D_layers': 2, 'D_layer_units_exponent_0': 5, 'D_layer_units_exponent_1': 7, 'log_learning_rate': -1.6953054483995165, 'log_learning_rate_D': -3.4654056547280514, 'training_batch_size': 11, 'training_p': 8}. Best is trial 26 with value: 0.2366243451833725.
Time for this trial:  98.9989881515503
Memory status after this trial: 
Memory allocated:  58.27685546875
Memory cached:  60.0
--------------------  Trial  31   --------------------
Start timing: 
Parameters: 
{'W_layers': 3, 'W_layer_units_exponent_0': 8, 'W_layer_units_exponent_1': 8, 'W_layer_units_exponent_2': 8, 'D_layers': 3, 'D_layer_units_exponent_0': 5, 'D_layer_units_exponent_1': 9, 'D_layer_units_exponent_2': 9, 'log_learning_rate': -2.2398472564498326, 'log_learning_rate_D': -3.1571816674374547, 'training_batch_size': 10, 'training_p': 8}
	 epoch  0 training error:  tensor(1.0000, device='cuda:0', grad_fn=<DivBackward0>)
Memory status after this epoch: 
Memory allocated:  6.341796875
Memory cached:  14.0
	 epoch  10 training error:  tensor(0.9992, device='cuda:0', grad_fn=<DivBackward0>)
Memory status after this epoch: 
Memory allocated:  6.341796875
Memory cached:  18.0
	 epoch  20 training error:  tensor(0.7433, device='cuda:0', grad_fn=<DivBackward0>)
Memory status after this epoch: 
Memory allocated:  6.341796875
Memory cached:  20.0
	 epoch  30 training error:  tensor(0.9533, device='cuda:0', grad_fn=<DivBackward0>)
Memory status after this epoch: 
Memory allocated:  6.341796875
Memory cached:  18.0
	 epoch  40 training error:  tensor(0.3042, device='cuda:0', grad_fn=<DivBackward0>)
Memory status after this epoch: 
Memory allocated:  6.341796875
Memory cached:  20.0
	 epoch  50 training error:  tensor(0.3988, device='cuda:0', grad_fn=<DivBackward0>)
Memory status after this epoch: 
Memory allocated:  6.341796875
Memory cached:  18.0
	 epoch  60 training error:  tensor(0.2817, device='cuda:0', grad_fn=<DivBackward0>)
Memory status after this epoch: 
Memory allocated:  6.341796875
Memory cached:  16.0
	 epoch  70 training error:  tensor(0.2581, device='cuda:0', grad_fn=<DivBackward0>)
Memory status after this epoch: 
Memory allocated:  6.341796875
Memory cached:  18.0
	 epoch  80 training error:  tensor(0.2603, device='cuda:0', grad_fn=<DivBackward0>)
Memory status after this epoch: 
Memory allocated:  6.341796875
Memory cached:  20.0
	 epoch  90 training error:  tensor(0.2589, device='cuda:0', grad_fn=<DivBackward0>)
Memory status after this epoch: 
Memory allocated:  6.341796875
Memory cached:  18.0
[I 2023-10-30 13:19:27,202] Trial 31 finished with value: 0.23619285225868225 and parameters: {'W_layers': 3, 'W_layer_units_exponent_0': 8, 'W_layer_units_exponent_1': 8, 'W_layer_units_exponent_2': 8, 'D_layers': 3, 'D_layer_units_exponent_0': 5, 'D_layer_units_exponent_1': 9, 'D_layer_units_exponent_2': 9, 'log_learning_rate': -2.2398472564498326, 'log_learning_rate_D': -3.1571816674374547, 'training_batch_size': 10, 'training_p': 8}. Best is trial 31 with value: 0.23619285225868225.
Time for this trial:  112.87394952774048
Memory status after this trial: 
Memory allocated:  100.66162109375
Memory cached:  104.0
--------------------  Trial  32   --------------------
Start timing: 
Parameters: 
{'W_layers': 3, 'W_layer_units_exponent_0': 8, 'W_layer_units_exponent_1': 7, 'W_layer_units_exponent_2': 8, 'D_layers': 3, 'D_layer_units_exponent_0': 5, 'D_layer_units_exponent_1': 9, 'D_layer_units_exponent_2': 9, 'log_learning_rate': -2.297103153785849, 'log_learning_rate_D': -3.0773340839821683, 'training_batch_size': 10, 'training_p': 8}
	 epoch  0 training error:  tensor(1.0001, device='cuda:0', grad_fn=<DivBackward0>)
Memory status after this epoch: 
Memory allocated:  5.33984375
Memory cached:  8.0
	 epoch  10 training error:  tensor(0.9412, device='cuda:0', grad_fn=<DivBackward0>)
Memory status after this epoch: 
Memory allocated:  5.33984375
Memory cached:  10.0
	 epoch  20 training error:  tensor(0.9965, device='cuda:0', grad_fn=<DivBackward0>)
Memory status after this epoch: 
Memory allocated:  5.33984375
Memory cached:  10.0
	 epoch  30 training error:  tensor(0.9548, device='cuda:0', grad_fn=<DivBackward0>)
Memory status after this epoch: 
Memory allocated:  5.33984375
Memory cached:  10.0
	 epoch  40 training error:  tensor(0.7904, device='cuda:0', grad_fn=<DivBackward0>)
Memory status after this epoch: 
Memory allocated:  5.33984375
Memory cached:  10.0
	 epoch  50 training error:  tensor(0.3909, device='cuda:0', grad_fn=<DivBackward0>)
Memory status after this epoch: 
Memory allocated:  5.33984375
Memory cached:  10.0
	 epoch  60 training error:  tensor(0.3504, device='cuda:0', grad_fn=<DivBackward0>)
Memory status after this epoch: 
Memory allocated:  5.33984375
Memory cached:  10.0
	 epoch  70 training error:  tensor(0.2962, device='cuda:0', grad_fn=<DivBackward0>)
Memory status after this epoch: 
Memory allocated:  5.33984375
Memory cached:  10.0
	 epoch  80 training error:  tensor(0.2592, device='cuda:0', grad_fn=<DivBackward0>)
Memory status after this epoch: 
Memory allocated:  5.33984375
Memory cached:  10.0
	 epoch  90 training error:  tensor(0.2612, device='cuda:0', grad_fn=<DivBackward0>)
Memory status after this epoch: 
Memory allocated:  5.33984375
Memory cached:  12.0
[I 2023-10-30 13:21:19,153] Trial 32 finished with value: 0.23615007102489471 and parameters: {'W_layers': 3, 'W_layer_units_exponent_0': 8, 'W_layer_units_exponent_1': 7, 'W_layer_units_exponent_2': 8, 'D_layers': 3, 'D_layer_units_exponent_0': 5, 'D_layer_units_exponent_1': 9, 'D_layer_units_exponent_2': 9, 'log_learning_rate': -2.297103153785849, 'log_learning_rate_D': -3.0773340839821683, 'training_batch_size': 10, 'training_p': 8}. Best is trial 32 with value: 0.23615007102489471.
Time for this trial:  111.75705194473267
Memory status after this trial: 
Memory allocated:  93.32470703125
Memory cached:  98.0
--------------------  Trial  33   --------------------
Start timing: 
Parameters: 
{'W_layers': 3, 'W_layer_units_exponent_0': 8, 'W_layer_units_exponent_1': 7, 'W_layer_units_exponent_2': 8, 'D_layers': 3, 'D_layer_units_exponent_0': 4, 'D_layer_units_exponent_1': 9, 'D_layer_units_exponent_2': 9, 'log_learning_rate': -2.1606359922079985, 'log_learning_rate_D': -3.021024191624501, 'training_batch_size': 11, 'training_p': 8}
	 epoch  0 training error:  tensor(1.0002, device='cuda:0', grad_fn=<DivBackward0>)
Memory status after this epoch: 
Memory allocated:  5.21484375
Memory cached:  14.0
	 epoch  10 training error:  tensor(0.9803, device='cuda:0', grad_fn=<DivBackward0>)
Memory status after this epoch: 
Memory allocated:  5.21484375
Memory cached:  18.0
	 epoch  20 training error:  tensor(0.6415, device='cuda:0', grad_fn=<DivBackward0>)
Memory status after this epoch: 
Memory allocated:  5.21484375
Memory cached:  18.0
	 epoch  30 training error:  tensor(0.8795, device='cuda:0', grad_fn=<DivBackward0>)
Memory status after this epoch: 
Memory allocated:  5.21484375
Memory cached:  18.0
	 epoch  40 training error:  tensor(0.5520, device='cuda:0', grad_fn=<DivBackward0>)
Memory status after this epoch: 
Memory allocated:  5.21484375
Memory cached:  18.0
	 epoch  50 training error:  tensor(0.3282, device='cuda:0', grad_fn=<DivBackward0>)
Memory status after this epoch: 
Memory allocated:  5.21484375
Memory cached:  18.0
	 epoch  60 training error:  tensor(0.2742, device='cuda:0', grad_fn=<DivBackward0>)
Memory status after this epoch: 
Memory allocated:  5.21484375
Memory cached:  18.0
	 epoch  70 training error:  tensor(0.2733, device='cuda:0', grad_fn=<DivBackward0>)
Memory status after this epoch: 
Memory allocated:  5.21484375
Memory cached:  18.0
	 epoch  80 training error:  tensor(0.2628, device='cuda:0', grad_fn=<DivBackward0>)
Memory status after this epoch: 
Memory allocated:  5.21484375
Memory cached:  18.0
	 epoch  90 training error:  tensor(0.2584, device='cuda:0', grad_fn=<DivBackward0>)
Memory status after this epoch: 
Memory allocated:  5.21484375
Memory cached:  18.0
[I 2023-10-30 13:23:10,190] Trial 33 finished with value: 0.23691172897815704 and parameters: {'W_layers': 3, 'W_layer_units_exponent_0': 8, 'W_layer_units_exponent_1': 7, 'W_layer_units_exponent_2': 8, 'D_layers': 3, 'D_layer_units_exponent_0': 4, 'D_layer_units_exponent_1': 9, 'D_layer_units_exponent_2': 9, 'log_learning_rate': -2.1606359922079985, 'log_learning_rate_D': -3.021024191624501, 'training_batch_size': 11, 'training_p': 8}. Best is trial 32 with value: 0.23615007102489471.
Time for this trial:  110.85341000556946
Memory status after this trial: 
Memory allocated:  92.58544921875
Memory cached:  96.0
--------------------  Trial  34   --------------------
Start timing: 
Parameters: 
{'W_layers': 4, 'W_layer_units_exponent_0': 7, 'W_layer_units_exponent_1': 7, 'W_layer_units_exponent_2': 9, 'W_layer_units_exponent_3': 9, 'D_layers': 4, 'D_layer_units_exponent_0': 6, 'D_layer_units_exponent_1': 9, 'D_layer_units_exponent_2': 9, 'D_layer_units_exponent_3': 10, 'log_learning_rate': -1.5779166042476993, 'log_learning_rate_D': -2.984291616799853, 'training_batch_size': 9, 'training_p': 8}
	 epoch  0 training error:  tensor(1., device='cuda:0', grad_fn=<DivBackward0>)
Memory status after this epoch: 
Memory allocated:  17.87109375
Memory cached:  36.0
	 epoch  10 training error:  tensor(1., device='cuda:0', grad_fn=<DivBackward0>)
Memory status after this epoch: 
Memory allocated:  17.87109375
Memory cached:  38.0
	 epoch  20 training error:  tensor(1., device='cuda:0', grad_fn=<DivBackward0>)
Memory status after this epoch: 
Memory allocated:  17.87109375
Memory cached:  38.0
	 epoch  30 training error:  tensor(1., device='cuda:0', grad_fn=<DivBackward0>)
Memory status after this epoch: 
Memory allocated:  17.87109375
Memory cached:  38.0
	 epoch  40 training error:  tensor(1., device='cuda:0', grad_fn=<DivBackward0>)
Memory status after this epoch: 
Memory allocated:  17.87109375
Memory cached:  38.0
	 epoch  50 training error:  tensor(1., device='cuda:0', grad_fn=<DivBackward0>)
Memory status after this epoch: 
Memory allocated:  17.87109375
Memory cached:  38.0
	 epoch  60 training error:  tensor(1., device='cuda:0', grad_fn=<DivBackward0>)
Memory status after this epoch: 
Memory allocated:  17.87109375
Memory cached:  38.0
	 epoch  70 training error:  tensor(1., device='cuda:0', grad_fn=<DivBackward0>)
Memory status after this epoch: 
Memory allocated:  17.87109375
Memory cached:  38.0
	 epoch  80 training error:  tensor(1., device='cuda:0', grad_fn=<DivBackward0>)
Memory status after this epoch: 
Memory allocated:  17.87109375
Memory cached:  38.0
	 epoch  90 training error:  tensor(1., device='cuda:0', grad_fn=<DivBackward0>)
Memory status after this epoch: 
Memory allocated:  17.87109375
Memory cached:  38.0
[I 2023-10-30 13:25:25,659] Trial 34 finished with value: 1.0 and parameters: {'W_layers': 4, 'W_layer_units_exponent_0': 7, 'W_layer_units_exponent_1': 7, 'W_layer_units_exponent_2': 9, 'W_layer_units_exponent_3': 9, 'D_layers': 4, 'D_layer_units_exponent_0': 6, 'D_layer_units_exponent_1': 9, 'D_layer_units_exponent_2': 9, 'D_layer_units_exponent_3': 10, 'log_learning_rate': -1.5779166042476993, 'log_learning_rate_D': -2.984291616799853, 'training_batch_size': 9, 'training_p': 8}. Best is trial 32 with value: 0.23615007102489471.
Time for this trial:  135.249445438385
Memory status after this trial: 
Memory allocated:  189.6025390625
Memory cached:  212.0
--------------------  Trial  35   --------------------
Start timing: 
Parameters: 
{'W_layers': 3, 'W_layer_units_exponent_0': 8, 'W_layer_units_exponent_1': 7, 'W_layer_units_exponent_2': 7, 'D_layers': 3, 'D_layer_units_exponent_0': 5, 'D_layer_units_exponent_1': 10, 'D_layer_units_exponent_2': 10, 'log_learning_rate': -2.460321978673896, 'log_learning_rate_D': -2.392171303005923, 'training_batch_size': 10, 'training_p': 7}
	 epoch  0 training error:  tensor(1.0000, device='cuda:0', grad_fn=<DivBackward0>)
Memory status after this epoch: 
Memory allocated:  17.359375
Memory cached:  24.0
	 epoch  10 training error:  tensor(0.4211, device='cuda:0', grad_fn=<DivBackward0>)
Memory status after this epoch: 
Memory allocated:  17.359375
Memory cached:  26.0
	 epoch  20 training error:  tensor(0.2794, device='cuda:0', grad_fn=<DivBackward0>)
Memory status after this epoch: 
Memory allocated:  17.359375
Memory cached:  26.0
	 epoch  30 training error:  tensor(0.2725, device='cuda:0', grad_fn=<DivBackward0>)
Memory status after this epoch: 
Memory allocated:  17.359375
Memory cached:  26.0
	 epoch  40 training error:  tensor(0.2623, device='cuda:0', grad_fn=<DivBackward0>)
Memory status after this epoch: 
Memory allocated:  17.359375
Memory cached:  26.0
	 epoch  50 training error:  tensor(0.2578, device='cuda:0', grad_fn=<DivBackward0>)
Memory status after this epoch: 
Memory allocated:  17.359375
Memory cached:  26.0
	 epoch  60 training error:  tensor(0.2562, device='cuda:0', grad_fn=<DivBackward0>)
Memory status after this epoch: 
Memory allocated:  17.359375
Memory cached:  26.0
	 epoch  70 training error:  tensor(0.2563, device='cuda:0', grad_fn=<DivBackward0>)
Memory status after this epoch: 
Memory allocated:  17.359375
Memory cached:  26.0
	 epoch  80 training error:  tensor(0.2563, device='cuda:0', grad_fn=<DivBackward0>)
Memory status after this epoch: 
Memory allocated:  17.359375
Memory cached:  26.0
	 epoch  90 training error:  tensor(0.2562, device='cuda:0', grad_fn=<DivBackward0>)
Memory status after this epoch: 
Memory allocated:  17.359375
Memory cached:  26.0
