[I 2023-11-01 19:37:04,281] Trial 38 finished with value: 0.23248468339443207 and parameters: {'W_layers': 5, 'W_layer_units_exponent_0': 8, 'W_layer_units_exponent_1': 4, 'W_layer_units_exponent_2': 5, 'W_layer_units_exponent_3': 7, 'W_layer_units_exponent_4': 5, 'D_layers': 5, 'D_layer_units_exponent_0': 7, 'D_layer_units_exponent_1': 5, 'D_layer_units_exponent_2': 10, 'D_layer_units_exponent_3': 7, 'D_layer_units_exponent_4': 6, 'log_learning_rate': -4.033372084391187, 'log_learning_rate_D': -4.004279969023091, 'training_batch_size': 6, 'training_p': 5}. Best is trial 25 with value: 0.22056566178798676.
Time for this trial:  249.9513623714447
Memory status after this trial: 
Memory allocated:  99.95068359375
Memory cached:  102.0
--------------------  Trial  39   --------------------
Start timing: 
Parameters: 
{'W_layers': 3, 'W_layer_units_exponent_0': 7, 'W_layer_units_exponent_1': 5, 'W_layer_units_exponent_2': 6, 'D_layers': 4, 'D_layer_units_exponent_0': 5, 'D_layer_units_exponent_1': 6, 'D_layer_units_exponent_2': 7, 'D_layer_units_exponent_3': 10, 'log_learning_rate': -4.797634016415264, 'log_learning_rate_D': -4.507226272908664, 'training_batch_size': 9, 'training_p': 8}
	 epoch  0 training error:  tensor(0.9019, device='cuda:0', grad_fn=<DivBackward0>)
Memory status after this epoch: 
Memory allocated:  2.3564453125
Memory cached:  12.0
	 epoch  10 training error:  tensor(0.8853, device='cuda:0', grad_fn=<DivBackward0>)
Memory status after this epoch: 
Memory allocated:  2.3564453125
Memory cached:  14.0
	 epoch  20 training error:  tensor(0.8684, device='cuda:0', grad_fn=<DivBackward0>)
Memory status after this epoch: 
Memory allocated:  2.3564453125
Memory cached:  14.0
	 epoch  30 training error:  tensor(0.8514, device='cuda:0', grad_fn=<DivBackward0>)
Memory status after this epoch: 
Memory allocated:  2.3564453125
Memory cached:  14.0
	 epoch  40 training error:  tensor(0.8342, device='cuda:0', grad_fn=<DivBackward0>)
Memory status after this epoch: 
Memory allocated:  2.3564453125
Memory cached:  14.0
	 epoch  50 training error:  tensor(0.8168, device='cuda:0', grad_fn=<DivBackward0>)
Memory status after this epoch: 
Memory allocated:  2.3564453125
Memory cached:  14.0
	 epoch  60 training error:  tensor(0.7993, device='cuda:0', grad_fn=<DivBackward0>)
Memory status after this epoch: 
Memory allocated:  2.3564453125
Memory cached:  14.0
	 epoch  70 training error:  tensor(0.7817, device='cuda:0', grad_fn=<DivBackward0>)
Memory status after this epoch: 
Memory allocated:  2.3564453125
Memory cached:  14.0
	 epoch  80 training error:  tensor(0.7639, device='cuda:0', grad_fn=<DivBackward0>)
Memory status after this epoch: 
Memory allocated:  2.3564453125
Memory cached:  14.0
	 epoch  90 training error:  tensor(0.7462, device='cuda:0', grad_fn=<DivBackward0>)
Memory status after this epoch: 
Memory allocated:  2.3564453125
Memory cached:  14.0
[I 2023-11-01 19:38:57,824] Trial 39 finished with value: 0.699500560760498 and parameters: {'W_layers': 3, 'W_layer_units_exponent_0': 7, 'W_layer_units_exponent_1': 5, 'W_layer_units_exponent_2': 6, 'D_layers': 4, 'D_layer_units_exponent_0': 5, 'D_layer_units_exponent_1': 6, 'D_layer_units_exponent_2': 7, 'D_layer_units_exponent_3': 10, 'log_learning_rate': -4.797634016415264, 'log_learning_rate_D': -4.507226272908664, 'training_batch_size': 9, 'training_p': 8}. Best is trial 25 with value: 0.22056566178798676.
Time for this trial:  113.2785153388977
Memory status after this trial: 
Memory allocated:  79.86669921875
Memory cached:  82.0
--------------------  Trial  40   --------------------
Start timing: 
Parameters: 
{'W_layers': 4, 'W_layer_units_exponent_0': 5, 'W_layer_units_exponent_1': 6, 'W_layer_units_exponent_2': 9, 'W_layer_units_exponent_3': 10, 'D_layers': 7, 'D_layer_units_exponent_0': 4, 'D_layer_units_exponent_1': 4, 'D_layer_units_exponent_2': 9, 'D_layer_units_exponent_3': 5, 'D_layer_units_exponent_4': 4, 'D_layer_units_exponent_5': 9, 'D_layer_units_exponent_6': 6, 'log_learning_rate': -4.4513073709413415, 'log_learning_rate_D': -4.803023286897313, 'training_batch_size': 8, 'training_p': 6}
	 epoch  0 training error:  tensor(0.9729, device='cuda:0', grad_fn=<DivBackward0>)
Memory status after this epoch: 
Memory allocated:  9.6611328125
Memory cached:  34.0
	 epoch  10 training error:  tensor(0.6146, device='cuda:0', grad_fn=<DivBackward0>)
Memory status after this epoch: 
Memory allocated:  9.6611328125
Memory cached:  38.0
	 epoch  20 training error:  tensor(0.2800, device='cuda:0', grad_fn=<DivBackward0>)
Memory status after this epoch: 
Memory allocated:  9.6611328125
Memory cached:  38.0
	 epoch  30 training error:  tensor(0.3082, device='cuda:0', grad_fn=<DivBackward0>)
Memory status after this epoch: 
Memory allocated:  9.6611328125
Memory cached:  40.0
	 epoch  40 training error:  tensor(0.2610, device='cuda:0', grad_fn=<DivBackward0>)
Memory status after this epoch: 
Memory allocated:  9.6611328125
Memory cached:  42.0
	 epoch  50 training error:  tensor(0.2602, device='cuda:0', grad_fn=<DivBackward0>)
Memory status after this epoch: 
Memory allocated:  9.6611328125
Memory cached:  40.0
	 epoch  60 training error:  tensor(0.2602, device='cuda:0', grad_fn=<DivBackward0>)
Memory status after this epoch: 
Memory allocated:  9.6611328125
Memory cached:  42.0
	 epoch  70 training error:  tensor(0.2583, device='cuda:0', grad_fn=<DivBackward0>)
Memory status after this epoch: 
Memory allocated:  9.6611328125
Memory cached:  40.0
	 epoch  80 training error:  tensor(0.2577, device='cuda:0', grad_fn=<DivBackward0>)
Memory status after this epoch: 
Memory allocated:  9.6611328125
Memory cached:  38.0
	 epoch  90 training error:  tensor(0.2578, device='cuda:0', grad_fn=<DivBackward0>)
Memory status after this epoch: 
Memory allocated:  9.6611328125
Memory cached:  38.0
[I 2023-11-01 19:41:30,350] Trial 40 finished with value: 0.2302011102437973 and parameters: {'W_layers': 4, 'W_layer_units_exponent_0': 5, 'W_layer_units_exponent_1': 6, 'W_layer_units_exponent_2': 9, 'W_layer_units_exponent_3': 10, 'D_layers': 7, 'D_layer_units_exponent_0': 4, 'D_layer_units_exponent_1': 4, 'D_layer_units_exponent_2': 9, 'D_layer_units_exponent_3': 5, 'D_layer_units_exponent_4': 4, 'D_layer_units_exponent_5': 9, 'D_layer_units_exponent_6': 6, 'log_learning_rate': -4.4513073709413415, 'log_learning_rate_D': -4.803023286897313, 'training_batch_size': 8, 'training_p': 6}. Best is trial 25 with value: 0.22056566178798676.
Time for this trial:  152.2916910648346
Memory status after this trial: 
Memory allocated:  154.9921875
Memory cached:  174.0
--------------------  Trial  41   --------------------
Start timing: 
Parameters: 
{'W_layers': 4, 'W_layer_units_exponent_0': 8, 'W_layer_units_exponent_1': 8, 'W_layer_units_exponent_2': 7, 'W_layer_units_exponent_3': 9, 'D_layers': 6, 'D_layer_units_exponent_0': 6, 'D_layer_units_exponent_1': 5, 'D_layer_units_exponent_2': 10, 'D_layer_units_exponent_3': 8, 'D_layer_units_exponent_4': 6, 'D_layer_units_exponent_5': 7, 'log_learning_rate': -4.983483546353277, 'log_learning_rate_D': -4.529136108818472, 'training_batch_size': 10, 'training_p': 6}
	 epoch  0 training error:  tensor(1.0116, device='cuda:0', grad_fn=<DivBackward0>)
Memory status after this epoch: 
Memory allocated:  7.5439453125
Memory cached:  18.0
	 epoch  10 training error:  tensor(0.9615, device='cuda:0', grad_fn=<DivBackward0>)
Memory status after this epoch: 
Memory allocated:  7.5439453125
Memory cached:  22.0
	 epoch  20 training error:  tensor(0.9112, device='cuda:0', grad_fn=<DivBackward0>)
Memory status after this epoch: 
Memory allocated:  7.5439453125
Memory cached:  22.0
	 epoch  30 training error:  tensor(0.8596, device='cuda:0', grad_fn=<DivBackward0>)
Memory status after this epoch: 
Memory allocated:  7.5439453125
Memory cached:  22.0
	 epoch  40 training error:  tensor(0.8059, device='cuda:0', grad_fn=<DivBackward0>)
Memory status after this epoch: 
Memory allocated:  7.5439453125
Memory cached:  22.0
	 epoch  50 training error:  tensor(0.7490, device='cuda:0', grad_fn=<DivBackward0>)
Memory status after this epoch: 
Memory allocated:  7.5439453125
Memory cached:  22.0
	 epoch  60 training error:  tensor(0.6880, device='cuda:0', grad_fn=<DivBackward0>)
Memory status after this epoch: 
Memory allocated:  7.5439453125
Memory cached:  22.0
	 epoch  70 training error:  tensor(0.6222, device='cuda:0', grad_fn=<DivBackward0>)
Memory status after this epoch: 
Memory allocated:  7.5439453125
Memory cached:  22.0
	 epoch  80 training error:  tensor(0.5510, device='cuda:0', grad_fn=<DivBackward0>)
Memory status after this epoch: 
Memory allocated:  7.5439453125
Memory cached:  22.0
	 epoch  90 training error:  tensor(0.4739, device='cuda:0', grad_fn=<DivBackward0>)
Memory status after this epoch: 
Memory allocated:  7.5439453125
Memory cached:  22.0
[I 2023-11-01 19:43:54,844] Trial 41 finished with value: 0.3550693392753601 and parameters: {'W_layers': 4, 'W_layer_units_exponent_0': 8, 'W_layer_units_exponent_1': 8, 'W_layer_units_exponent_2': 7, 'W_layer_units_exponent_3': 9, 'D_layers': 6, 'D_layer_units_exponent_0': 6, 'D_layer_units_exponent_1': 5, 'D_layer_units_exponent_2': 10, 'D_layer_units_exponent_3': 8, 'D_layer_units_exponent_4': 6, 'D_layer_units_exponent_5': 7, 'log_learning_rate': -4.983483546353277, 'log_learning_rate_D': -4.529136108818472, 'training_batch_size': 10, 'training_p': 6}. Best is trial 25 with value: 0.22056566178798676.
Time for this trial:  144.2529056072235
Memory status after this trial: 
Memory allocated:  148.93994140625
Memory cached:  154.0
--------------------  Trial  42   --------------------
Start timing: 
Parameters: 
{'W_layers': 3, 'W_layer_units_exponent_0': 8, 'W_layer_units_exponent_1': 9, 'W_layer_units_exponent_2': 7, 'D_layers': 6, 'D_layer_units_exponent_0': 6, 'D_layer_units_exponent_1': 5, 'D_layer_units_exponent_2': 10, 'D_layer_units_exponent_3': 8, 'D_layer_units_exponent_4': 5, 'D_layer_units_exponent_5': 8, 'log_learning_rate': -4.796220451442901, 'log_learning_rate_D': -4.243450042943541, 'training_batch_size': 10, 'training_p': 7}
	 epoch  0 training error:  tensor(1.1055, device='cuda:0', grad_fn=<DivBackward0>)
Memory status after this epoch: 
Memory allocated:  7.9130859375
Memory cached:  14.0
	 epoch  10 training error:  tensor(0.9426, device='cuda:0', grad_fn=<DivBackward0>)
Memory status after this epoch: 
Memory allocated:  7.9130859375
Memory cached:  18.0
	 epoch  20 training error:  tensor(0.7815, device='cuda:0', grad_fn=<DivBackward0>)
Memory status after this epoch: 
Memory allocated:  7.9130859375
Memory cached:  18.0
	 epoch  30 training error:  tensor(0.6156, device='cuda:0', grad_fn=<DivBackward0>)
Memory status after this epoch: 
Memory allocated:  7.9130859375
Memory cached:  18.0
	 epoch  40 training error:  tensor(0.4399, device='cuda:0', grad_fn=<DivBackward0>)
Memory status after this epoch: 
Memory allocated:  7.9130859375
Memory cached:  18.0
	 epoch  50 training error:  tensor(0.2805, device='cuda:0', grad_fn=<DivBackward0>)
Memory status after this epoch: 
Memory allocated:  7.9130859375
Memory cached:  18.0
	 epoch  60 training error:  tensor(0.2749, device='cuda:0', grad_fn=<DivBackward0>)
Memory status after this epoch: 
Memory allocated:  7.9130859375
Memory cached:  18.0
	 epoch  70 training error:  tensor(0.2626, device='cuda:0', grad_fn=<DivBackward0>)
Memory status after this epoch: 
Memory allocated:  7.9130859375
Memory cached:  18.0
	 epoch  80 training error:  tensor(0.2612, device='cuda:0', grad_fn=<DivBackward0>)
Memory status after this epoch: 
Memory allocated:  7.9130859375
Memory cached:  18.0
	 epoch  90 training error:  tensor(0.2594, device='cuda:0', grad_fn=<DivBackward0>)
Memory status after this epoch: 
Memory allocated:  7.9130859375
Memory cached:  18.0
[I 2023-11-01 19:46:11,552] Trial 42 finished with value: 0.22876472771167755 and parameters: {'W_layers': 3, 'W_layer_units_exponent_0': 8, 'W_layer_units_exponent_1': 9, 'W_layer_units_exponent_2': 7, 'D_layers': 6, 'D_layer_units_exponent_0': 6, 'D_layer_units_exponent_1': 5, 'D_layer_units_exponent_2': 10, 'D_layer_units_exponent_3': 8, 'D_layer_units_exponent_4': 5, 'D_layer_units_exponent_5': 8, 'log_learning_rate': -4.796220451442901, 'log_learning_rate_D': -4.243450042943541, 'training_batch_size': 10, 'training_p': 7}. Best is trial 25 with value: 0.22056566178798676.
Time for this trial:  136.49636149406433
Memory status after this trial: 
Memory allocated:  140.5283203125
Memory cached:  146.0
--------------------  Trial  43   --------------------
Start timing: 
Parameters: 
{'W_layers': 4, 'W_layer_units_exponent_0': 9, 'W_layer_units_exponent_1': 8, 'W_layer_units_exponent_2': 8, 'W_layer_units_exponent_3': 9, 'D_layers': 5, 'D_layer_units_exponent_0': 7, 'D_layer_units_exponent_1': 5, 'D_layer_units_exponent_2': 10, 'D_layer_units_exponent_3': 9, 'D_layer_units_exponent_4': 6, 'log_learning_rate': -4.564745241514911, 'log_learning_rate_D': -4.466846871887139, 'training_batch_size': 11, 'training_p': 6}
	 epoch  0 training error:  tensor(0.9460, device='cuda:0', grad_fn=<DivBackward0>)
Memory status after this epoch: 
Memory allocated:  14.2509765625
Memory cached:  34.0
	 epoch  10 training error:  tensor(0.6993, device='cuda:0', grad_fn=<DivBackward0>)
Memory status after this epoch: 
Memory allocated:  14.2509765625
Memory cached:  38.0
	 epoch  20 training error:  tensor(0.4195, device='cuda:0', grad_fn=<DivBackward0>)
Memory status after this epoch: 
Memory allocated:  14.2509765625
Memory cached:  38.0
	 epoch  30 training error:  tensor(0.2888, device='cuda:0', grad_fn=<DivBackward0>)
Memory status after this epoch: 
Memory allocated:  14.2509765625
Memory cached:  40.0
	 epoch  40 training error:  tensor(0.2610, device='cuda:0', grad_fn=<DivBackward0>)
Memory status after this epoch: 
Memory allocated:  14.2509765625
Memory cached:  36.0
	 epoch  50 training error:  tensor(0.2671, device='cuda:0', grad_fn=<DivBackward0>)
Memory status after this epoch: 
Memory allocated:  14.2509765625
Memory cached:  38.0
	 epoch  60 training error:  tensor(0.2602, device='cuda:0', grad_fn=<DivBackward0>)
Memory status after this epoch: 
Memory allocated:  14.2509765625
Memory cached:  38.0
	 epoch  70 training error:  tensor(0.2581, device='cuda:0', grad_fn=<DivBackward0>)
Memory status after this epoch: 
Memory allocated:  14.2509765625
Memory cached:  36.0
	 epoch  80 training error:  tensor(0.2581, device='cuda:0', grad_fn=<DivBackward0>)
Memory status after this epoch: 
Memory allocated:  14.2509765625
Memory cached:  38.0
	 epoch  90 training error:  tensor(0.2581, device='cuda:0', grad_fn=<DivBackward0>)
Memory status after this epoch: 
Memory allocated:  14.2509765625
Memory cached:  38.0
[I 2023-11-01 19:48:33,592] Trial 43 finished with value: 0.23070628941059113 and parameters: {'W_layers': 4, 'W_layer_units_exponent_0': 9, 'W_layer_units_exponent_1': 8, 'W_layer_units_exponent_2': 8, 'W_layer_units_exponent_3': 9, 'D_layers': 5, 'D_layer_units_exponent_0': 7, 'D_layer_units_exponent_1': 5, 'D_layer_units_exponent_2': 10, 'D_layer_units_exponent_3': 9, 'D_layer_units_exponent_4': 6, 'log_learning_rate': -4.564745241514911, 'log_learning_rate_D': -4.466846871887139, 'training_batch_size': 11, 'training_p': 6}. Best is trial 25 with value: 0.22056566178798676.
Time for this trial:  141.8194181919098
Memory status after this trial: 
Memory allocated:  182.95263671875
Memory cached:  204.0
--------------------  Trial  44   --------------------
Start timing: 
Parameters: 
{'W_layers': 5, 'W_layer_units_exponent_0': 8, 'W_layer_units_exponent_1': 7, 'W_layer_units_exponent_2': 6, 'W_layer_units_exponent_3': 9, 'W_layer_units_exponent_4': 8, 'D_layers': 6, 'D_layer_units_exponent_0': 7, 'D_layer_units_exponent_1': 6, 'D_layer_units_exponent_2': 9, 'D_layer_units_exponent_3': 8, 'D_layer_units_exponent_4': 7, 'D_layer_units_exponent_5': 7, 'log_learning_rate': -4.820562882160788, 'log_learning_rate_D': -4.828356290867778, 'training_batch_size': 9, 'training_p': 7}
	 epoch  0 training error:  tensor(1.0199, device='cuda:0', grad_fn=<DivBackward0>)
Memory status after this epoch: 
Memory allocated:  6.6357421875
Memory cached:  14.0
	 epoch  10 training error:  tensor(0.9607, device='cuda:0', grad_fn=<DivBackward0>)
Memory status after this epoch: 
Memory allocated:  6.6357421875
Memory cached:  20.0
	 epoch  20 training error:  tensor(0.9006, device='cuda:0', grad_fn=<DivBackward0>)
Memory status after this epoch: 
Memory allocated:  6.6357421875
Memory cached:  20.0
	 epoch  30 training error:  tensor(0.8347, device='cuda:0', grad_fn=<DivBackward0>)
Memory status after this epoch: 
Memory allocated:  6.6357421875
Memory cached:  20.0
	 epoch  40 training error:  tensor(0.7582, device='cuda:0', grad_fn=<DivBackward0>)
Memory status after this epoch: 
Memory allocated:  6.6357421875
Memory cached:  20.0
	 epoch  50 training error:  tensor(0.6668, device='cuda:0', grad_fn=<DivBackward0>)
Memory status after this epoch: 
Memory allocated:  6.6357421875
Memory cached:  20.0
	 epoch  60 training error:  tensor(0.5564, device='cuda:0', grad_fn=<DivBackward0>)
Memory status after this epoch: 
Memory allocated:  6.6357421875
Memory cached:  20.0
	 epoch  70 training error:  tensor(0.4236, device='cuda:0', grad_fn=<DivBackward0>)
Memory status after this epoch: 
Memory allocated:  6.6357421875
Memory cached:  20.0
	 epoch  80 training error:  tensor(0.2835, device='cuda:0', grad_fn=<DivBackward0>)
Memory status after this epoch: 
Memory allocated:  6.6357421875
Memory cached:  22.0
	 epoch  90 training error:  tensor(0.2734, device='cuda:0', grad_fn=<DivBackward0>)
Memory status after this epoch: 
Memory allocated:  6.6357421875
Memory cached:  20.0
[I 2023-11-01 19:51:07,116] Trial 44 finished with value: 0.22321239113807678 and parameters: {'W_layers': 5, 'W_layer_units_exponent_0': 8, 'W_layer_units_exponent_1': 7, 'W_layer_units_exponent_2': 6, 'W_layer_units_exponent_3': 9, 'W_layer_units_exponent_4': 8, 'D_layers': 6, 'D_layer_units_exponent_0': 7, 'D_layer_units_exponent_1': 6, 'D_layer_units_exponent_2': 9, 'D_layer_units_exponent_3': 8, 'D_layer_units_exponent_4': 7, 'D_layer_units_exponent_5': 7, 'log_learning_rate': -4.820562882160788, 'log_learning_rate_D': -4.828356290867778, 'training_batch_size': 9, 'training_p': 7}. Best is trial 25 with value: 0.22056566178798676.
Time for this trial:  153.29282426834106
Memory status after this trial: 
Memory allocated:  133.29296875
Memory cached:  138.0
--------------------  Trial  45   --------------------
Start timing: 
Parameters: 
{'W_layers': 6, 'W_layer_units_exponent_0': 7, 'W_layer_units_exponent_1': 7, 'W_layer_units_exponent_2': 6, 'W_layer_units_exponent_3': 8, 'W_layer_units_exponent_4': 8, 'W_layer_units_exponent_5': 10, 'D_layers': 4, 'D_layer_units_exponent_0': 7, 'D_layer_units_exponent_1': 6, 'D_layer_units_exponent_2': 9, 'D_layer_units_exponent_3': 6, 'log_learning_rate': -4.276101780775491, 'log_learning_rate_D': -4.892779217042203, 'training_batch_size': 9, 'training_p': 7}
	 epoch  0 training error:  tensor(1.0126, device='cuda:0', grad_fn=<DivBackward0>)
Memory status after this epoch: 
Memory allocated:  6.8837890625
Memory cached:  14.0
	 epoch  10 training error:  tensor(0.8520, device='cuda:0', grad_fn=<DivBackward0>)
Memory status after this epoch: 
Memory allocated:  6.8837890625
Memory cached:  18.0
	 epoch  20 training error:  tensor(0.5988, device='cuda:0', grad_fn=<DivBackward0>)
Memory status after this epoch: 
Memory allocated:  6.8837890625
Memory cached:  18.0
	 epoch  30 training error:  tensor(0.2708, device='cuda:0', grad_fn=<DivBackward0>)
Memory status after this epoch: 
Memory allocated:  6.8837890625
Memory cached:  18.0
	 epoch  40 training error:  tensor(0.2602, device='cuda:0', grad_fn=<DivBackward0>)
Memory status after this epoch: 
Memory allocated:  6.8837890625
Memory cached:  18.0
	 epoch  50 training error:  tensor(0.2665, device='cuda:0', grad_fn=<DivBackward0>)
Memory status after this epoch: 
Memory allocated:  6.8837890625
Memory cached:  18.0
	 epoch  60 training error:  tensor(0.2628, device='cuda:0', grad_fn=<DivBackward0>)
Memory status after this epoch: 
Memory allocated:  6.8837890625
Memory cached:  18.0
	 epoch  70 training error:  tensor(0.2608, device='cuda:0', grad_fn=<DivBackward0>)
Memory status after this epoch: 
Memory allocated:  6.8837890625
Memory cached:  18.0
	 epoch  80 training error:  tensor(0.2597, device='cuda:0', grad_fn=<DivBackward0>)
Memory status after this epoch: 
Memory allocated:  6.8837890625
Memory cached:  18.0
	 epoch  90 training error:  tensor(0.2593, device='cuda:0', grad_fn=<DivBackward0>)
Memory status after this epoch: 
Memory allocated:  6.8837890625
Memory cached:  18.0
