[I 2023-10-30 14:23:47,620] Trial 17 finished with value: 0.9990933537483215 and parameters: {'W_layers': 4, 'W_layer_units_exponent_0': 5, 'W_layer_units_exponent_1': 6, 'W_layer_units_exponent_2': 7, 'W_layer_units_exponent_3': 5, 'D_layers': 2, 'D_layer_units_exponent_0': 6, 'D_layer_units_exponent_1': 7, 'log_learning_rate': -4.163146179807503, 'log_learning_rate_D': -4.965494108050999, 'training_batch_size': 8, 'training_p': 6}. Best is trial 8 with value: 0.23668821156024933.
Time for this trial:  101.5485155582428
Memory status after this trial: 
Memory allocated:  24.6689453125
Memory cached:  26.0
--------------------  Trial  18   --------------------
Start timing: 
Parameters: 
{'W_layers': 2, 'W_layer_units_exponent_0': 8, 'W_layer_units_exponent_1': 7, 'D_layers': 3, 'D_layer_units_exponent_0': 5, 'D_layer_units_exponent_1': 10, 'D_layer_units_exponent_2': 10, 'log_learning_rate': -4.980205121835364, 'log_learning_rate_D': -3.6727523766717116, 'training_batch_size': 10, 'training_p': 5}
	 epoch  0 training error:  tensor(0.9987, device='cuda:0', grad_fn=<DivBackward0>)
Memory status after this epoch: 
Memory allocated:  17.1162109375
Memory cached:  30.0
	 epoch  10 training error:  tensor(0.9981, device='cuda:0', grad_fn=<DivBackward0>)
Memory status after this epoch: 
Memory allocated:  17.1162109375
Memory cached:  34.0
	 epoch  20 training error:  tensor(0.9976, device='cuda:0', grad_fn=<DivBackward0>)
Memory status after this epoch: 
Memory allocated:  17.1162109375
Memory cached:  34.0
	 epoch  30 training error:  tensor(0.9970, device='cuda:0', grad_fn=<DivBackward0>)
Memory status after this epoch: 
Memory allocated:  17.1162109375
Memory cached:  34.0
	 epoch  40 training error:  tensor(0.9956, device='cuda:0', grad_fn=<DivBackward0>)
Memory status after this epoch: 
Memory allocated:  17.1162109375
Memory cached:  34.0
	 epoch  50 training error:  tensor(0.9837, device='cuda:0', grad_fn=<DivBackward0>)
Memory status after this epoch: 
Memory allocated:  17.1162109375
Memory cached:  34.0
	 epoch  60 training error:  tensor(0.8009, device='cuda:0', grad_fn=<DivBackward0>)
Memory status after this epoch: 
Memory allocated:  17.1162109375
Memory cached:  34.0
	 epoch  70 training error:  tensor(0.5801, device='cuda:0', grad_fn=<DivBackward0>)
Memory status after this epoch: 
Memory allocated:  17.1162109375
Memory cached:  34.0
	 epoch  80 training error:  tensor(0.4659, device='cuda:0', grad_fn=<DivBackward0>)
Memory status after this epoch: 
Memory allocated:  17.1162109375
Memory cached:  34.0
	 epoch  90 training error:  tensor(0.4114, device='cuda:0', grad_fn=<DivBackward0>)
Memory status after this epoch: 
Memory allocated:  17.1162109375
Memory cached:  34.0
[I 2023-10-30 14:25:36,902] Trial 18 finished with value: 0.26869019865989685 and parameters: {'W_layers': 2, 'W_layer_units_exponent_0': 8, 'W_layer_units_exponent_1': 7, 'D_layers': 3, 'D_layer_units_exponent_0': 5, 'D_layer_units_exponent_1': 10, 'D_layer_units_exponent_2': 10, 'log_learning_rate': -4.980205121835364, 'log_learning_rate_D': -3.6727523766717116, 'training_batch_size': 10, 'training_p': 5}. Best is trial 8 with value: 0.23668821156024933.
Time for this trial:  109.1147575378418
Memory status after this trial: 
Memory allocated:  139.68212890625
Memory cached:  154.0
--------------------  Trial  19   --------------------
Start timing: 
Parameters: 
{'W_layers': 5, 'W_layer_units_exponent_0': 8, 'W_layer_units_exponent_1': 5, 'W_layer_units_exponent_2': 4, 'W_layer_units_exponent_3': 10, 'W_layer_units_exponent_4': 7, 'D_layers': 4, 'D_layer_units_exponent_0': 8, 'D_layer_units_exponent_1': 9, 'D_layer_units_exponent_2': 6, 'D_layer_units_exponent_3': 9, 'log_learning_rate': -3.2848107855755986, 'log_learning_rate_D': -4.269953436070267, 'training_batch_size': 11, 'training_p': 7}
	 epoch  0 training error:  tensor(1., device='cuda:0', grad_fn=<DivBackward0>)
Memory status after this epoch: 
Memory allocated:  5.5126953125
Memory cached:  12.0
	 epoch  10 training error:  tensor(0.9999, device='cuda:0', grad_fn=<DivBackward0>)
Memory status after this epoch: 
Memory allocated:  5.5126953125
Memory cached:  18.0
	 epoch  20 training error:  tensor(0.9941, device='cuda:0', grad_fn=<DivBackward0>)
Memory status after this epoch: 
Memory allocated:  5.5126953125
Memory cached:  16.0
	 epoch  30 training error:  tensor(0.8715, device='cuda:0', grad_fn=<DivBackward0>)
Memory status after this epoch: 
Memory allocated:  5.5126953125
Memory cached:  14.0
	 epoch  40 training error:  tensor(0.3942, device='cuda:0', grad_fn=<DivBackward0>)
Memory status after this epoch: 
Memory allocated:  5.5126953125
Memory cached:  14.0
	 epoch  50 training error:  tensor(0.2797, device='cuda:0', grad_fn=<DivBackward0>)
Memory status after this epoch: 
Memory allocated:  5.5126953125
Memory cached:  14.0
	 epoch  60 training error:  tensor(0.2580, device='cuda:0', grad_fn=<DivBackward0>)
Memory status after this epoch: 
Memory allocated:  5.5126953125
Memory cached:  14.0
	 epoch  70 training error:  tensor(0.2564, device='cuda:0', grad_fn=<DivBackward0>)
Memory status after this epoch: 
Memory allocated:  5.5126953125
Memory cached:  14.0
	 epoch  80 training error:  tensor(0.2563, device='cuda:0', grad_fn=<DivBackward0>)
Memory status after this epoch: 
Memory allocated:  5.5126953125
Memory cached:  14.0
	 epoch  90 training error:  tensor(0.2565, device='cuda:0', grad_fn=<DivBackward0>)
Memory status after this epoch: 
Memory allocated:  5.5126953125
Memory cached:  14.0
[I 2023-10-30 14:27:58,354] Trial 19 finished with value: 0.2378859519958496 and parameters: {'W_layers': 5, 'W_layer_units_exponent_0': 8, 'W_layer_units_exponent_1': 5, 'W_layer_units_exponent_2': 4, 'W_layer_units_exponent_3': 10, 'W_layer_units_exponent_4': 7, 'D_layers': 4, 'D_layer_units_exponent_0': 8, 'D_layer_units_exponent_1': 9, 'D_layer_units_exponent_2': 6, 'D_layer_units_exponent_3': 9, 'log_learning_rate': -3.2848107855755986, 'log_learning_rate_D': -4.269953436070267, 'training_batch_size': 11, 'training_p': 7}. Best is trial 8 with value: 0.23668821156024933.
Time for this trial:  141.26710510253906
Memory status after this trial: 
Memory allocated:  152.388671875
Memory cached:  156.0
--------------------  Trial  20   --------------------
Start timing: 
Parameters: 
{'W_layers': 4, 'W_layer_units_exponent_0': 6, 'W_layer_units_exponent_1': 8, 'W_layer_units_exponent_2': 7, 'W_layer_units_exponent_3': 5, 'D_layers': 2, 'D_layer_units_exponent_0': 6, 'D_layer_units_exponent_1': 7, 'log_learning_rate': -3.929438929563123, 'log_learning_rate_D': -2.477678023689121, 'training_batch_size': 8, 'training_p': 8}
	 epoch  0 training error:  tensor(1.0000, device='cuda:0', grad_fn=<DivBackward0>)
Memory status after this epoch: 
Memory allocated:  1.0029296875
Memory cached:  8.0
	 epoch  10 training error:  tensor(1.0000, device='cuda:0', grad_fn=<DivBackward0>)
Memory status after this epoch: 
Memory allocated:  1.0029296875
Memory cached:  10.0
	 epoch  20 training error:  tensor(0.9999, device='cuda:0', grad_fn=<DivBackward0>)
Memory status after this epoch: 
Memory allocated:  1.0029296875
Memory cached:  10.0
	 epoch  30 training error:  tensor(0.9958, device='cuda:0', grad_fn=<DivBackward0>)
Memory status after this epoch: 
Memory allocated:  1.0029296875
Memory cached:  8.0
	 epoch  40 training error:  tensor(0.9516, device='cuda:0', grad_fn=<DivBackward0>)
Memory status after this epoch: 
Memory allocated:  1.0029296875
Memory cached:  10.0
	 epoch  50 training error:  tensor(0.9954, device='cuda:0', grad_fn=<DivBackward0>)
Memory status after this epoch: 
Memory allocated:  1.0029296875
Memory cached:  10.0
	 epoch  60 training error:  tensor(0.9993, device='cuda:0', grad_fn=<DivBackward0>)
Memory status after this epoch: 
Memory allocated:  1.0029296875
Memory cached:  8.0
	 epoch  70 training error:  tensor(0.9995, device='cuda:0', grad_fn=<DivBackward0>)
Memory status after this epoch: 
Memory allocated:  1.0029296875
Memory cached:  10.0
	 epoch  80 training error:  tensor(0.9996, device='cuda:0', grad_fn=<DivBackward0>)
Memory status after this epoch: 
Memory allocated:  1.0029296875
Memory cached:  10.0
	 epoch  90 training error:  tensor(0.9996, device='cuda:0', grad_fn=<DivBackward0>)
Memory status after this epoch: 
Memory allocated:  1.0029296875
Memory cached:  8.0
[I 2023-10-30 14:29:43,519] Trial 20 finished with value: 0.9994975924491882 and parameters: {'W_layers': 4, 'W_layer_units_exponent_0': 6, 'W_layer_units_exponent_1': 8, 'W_layer_units_exponent_2': 7, 'W_layer_units_exponent_3': 5, 'D_layers': 2, 'D_layer_units_exponent_0': 6, 'D_layer_units_exponent_1': 7, 'log_learning_rate': -3.929438929563123, 'log_learning_rate_D': -2.477678023689121, 'training_batch_size': 8, 'training_p': 8}. Best is trial 8 with value: 0.23668821156024933.
Time for this trial:  104.97201490402222
Memory status after this trial: 
Memory allocated:  36.9306640625
Memory cached:  38.0
--------------------  Trial  21   --------------------
Start timing: 
Parameters: 
{'W_layers': 3, 'W_layer_units_exponent_0': 8, 'W_layer_units_exponent_1': 5, 'W_layer_units_exponent_2': 5, 'D_layers': 3, 'D_layer_units_exponent_0': 9, 'D_layer_units_exponent_1': 7, 'D_layer_units_exponent_2': 6, 'log_learning_rate': -3.1270892330061173, 'log_learning_rate_D': -3.407113062949155, 'training_batch_size': 6, 'training_p': 5}
	 epoch  0 training error:  tensor(0.9998, device='cuda:0', grad_fn=<DivBackward0>)
Memory status after this epoch: 
Memory allocated:  1.353515625
Memory cached:  10.0
	 epoch  10 training error:  tensor(0.9798, device='cuda:0', grad_fn=<DivBackward0>)
Memory status after this epoch: 
Memory allocated:  1.353515625
Memory cached:  12.0
	 epoch  20 training error:  tensor(0.7469, device='cuda:0', grad_fn=<DivBackward0>)
Memory status after this epoch: 
Memory allocated:  1.353515625
Memory cached:  12.0
	 epoch  30 training error:  tensor(0.2530, device='cuda:0', grad_fn=<DivBackward0>)
Memory status after this epoch: 
Memory allocated:  1.353515625
Memory cached:  12.0
	 epoch  40 training error:  tensor(0.2532, device='cuda:0', grad_fn=<DivBackward0>)
Memory status after this epoch: 
Memory allocated:  1.353515625
Memory cached:  12.0
	 epoch  50 training error:  tensor(0.2528, device='cuda:0', grad_fn=<DivBackward0>)
Memory status after this epoch: 
Memory allocated:  1.353515625
Memory cached:  14.0
	 epoch  60 training error:  tensor(0.2532, device='cuda:0', grad_fn=<DivBackward0>)
Memory status after this epoch: 
Memory allocated:  1.353515625
Memory cached:  12.0
	 epoch  70 training error:  tensor(0.2526, device='cuda:0', grad_fn=<DivBackward0>)
Memory status after this epoch: 
Memory allocated:  1.353515625
Memory cached:  12.0
	 epoch  80 training error:  tensor(0.2533, device='cuda:0', grad_fn=<DivBackward0>)
Memory status after this epoch: 
Memory allocated:  1.353515625
Memory cached:  14.0
	 epoch  90 training error:  tensor(0.2532, device='cuda:0', grad_fn=<DivBackward0>)
Memory status after this epoch: 
Memory allocated:  1.353515625
Memory cached:  12.0
[I 2023-10-30 14:32:55,641] Trial 21 finished with value: 0.236930713057518 and parameters: {'W_layers': 3, 'W_layer_units_exponent_0': 8, 'W_layer_units_exponent_1': 5, 'W_layer_units_exponent_2': 5, 'D_layers': 3, 'D_layer_units_exponent_0': 9, 'D_layer_units_exponent_1': 7, 'D_layer_units_exponent_2': 6, 'log_learning_rate': -3.1270892330061173, 'log_learning_rate_D': -3.407113062949155, 'training_batch_size': 6, 'training_p': 5}. Best is trial 8 with value: 0.23668821156024933.
Time for this trial:  191.90318822860718
Memory status after this trial: 
Memory allocated:  55.6435546875
Memory cached:  58.0
--------------------  Trial  22   --------------------
Start timing: 
Parameters: 
{'W_layers': 2, 'W_layer_units_exponent_0': 9, 'W_layer_units_exponent_1': 5, 'D_layers': 2, 'D_layer_units_exponent_0': 9, 'D_layer_units_exponent_1': 9, 'log_learning_rate': -2.437900564558637, 'log_learning_rate_D': -4.977993054376509, 'training_batch_size': 6, 'training_p': 4}
	 epoch  0 training error:  tensor(0.9988, device='cuda:0', grad_fn=<DivBackward0>)
Memory status after this epoch: 
Memory allocated:  4.369140625
Memory cached:  10.0
	 epoch  10 training error:  tensor(0.5476, device='cuda:0', grad_fn=<DivBackward0>)
Memory status after this epoch: 
Memory allocated:  4.369140625
Memory cached:  10.0
	 epoch  20 training error:  tensor(0.2794, device='cuda:0', grad_fn=<DivBackward0>)
Memory status after this epoch: 
Memory allocated:  4.369140625
Memory cached:  10.0
	 epoch  30 training error:  tensor(0.2490, device='cuda:0', grad_fn=<DivBackward0>)
Memory status after this epoch: 
Memory allocated:  4.369140625
Memory cached:  10.0
	 epoch  40 training error:  tensor(0.2497, device='cuda:0', grad_fn=<DivBackward0>)
Memory status after this epoch: 
Memory allocated:  4.369140625
Memory cached:  10.0
	 epoch  50 training error:  tensor(0.2498, device='cuda:0', grad_fn=<DivBackward0>)
Memory status after this epoch: 
Memory allocated:  4.369140625
Memory cached:  10.0
	 epoch  60 training error:  tensor(0.2498, device='cuda:0', grad_fn=<DivBackward0>)
Memory status after this epoch: 
Memory allocated:  4.369140625
Memory cached:  10.0
	 epoch  70 training error:  tensor(0.2495, device='cuda:0', grad_fn=<DivBackward0>)
Memory status after this epoch: 
Memory allocated:  4.369140625
Memory cached:  10.0
	 epoch  80 training error:  tensor(0.2501, device='cuda:0', grad_fn=<DivBackward0>)
Memory status after this epoch: 
Memory allocated:  4.369140625
Memory cached:  10.0
	 epoch  90 training error:  tensor(0.2510, device='cuda:0', grad_fn=<DivBackward0>)
Memory status after this epoch: 
Memory allocated:  4.369140625
Memory cached:  10.0
[I 2023-10-30 14:35:40,755] Trial 22 finished with value: 0.23656503856182098 and parameters: {'W_layers': 2, 'W_layer_units_exponent_0': 9, 'W_layer_units_exponent_1': 5, 'D_layers': 2, 'D_layer_units_exponent_0': 9, 'D_layer_units_exponent_1': 9, 'log_learning_rate': -2.437900564558637, 'log_learning_rate_D': -4.977993054376509, 'training_batch_size': 6, 'training_p': 4}. Best is trial 22 with value: 0.23656503856182098.
Time for this trial:  164.9253807067871
Memory status after this trial: 
Memory allocated:  86.033203125
Memory cached:  90.0
--------------------  Trial  23   --------------------
Start timing: 
Parameters: 
{'W_layers': 2, 'W_layer_units_exponent_0': 9, 'W_layer_units_exponent_1': 5, 'D_layers': 2, 'D_layer_units_exponent_0': 7, 'D_layer_units_exponent_1': 9, 'log_learning_rate': -1.871787313870748, 'log_learning_rate_D': -4.620159275804732, 'training_batch_size': 11, 'training_p': 3}
	 epoch  0 training error:  tensor(1.0008, device='cuda:0', grad_fn=<DivBackward0>)
Memory status after this epoch: 
Memory allocated:  1.3642578125
Memory cached:  8.0
	 epoch  10 training error:  tensor(0.3123, device='cuda:0', grad_fn=<DivBackward0>)
Memory status after this epoch: 
Memory allocated:  1.3642578125
Memory cached:  12.0
	 epoch  20 training error:  tensor(0.3370, device='cuda:0', grad_fn=<DivBackward0>)
Memory status after this epoch: 
Memory allocated:  1.3642578125
Memory cached:  12.0
	 epoch  30 training error:  tensor(0.2911, device='cuda:0', grad_fn=<DivBackward0>)
Memory status after this epoch: 
Memory allocated:  1.3642578125
Memory cached:  12.0
	 epoch  40 training error:  tensor(0.2615, device='cuda:0', grad_fn=<DivBackward0>)
Memory status after this epoch: 
Memory allocated:  1.3642578125
Memory cached:  12.0
	 epoch  50 training error:  tensor(0.2501, device='cuda:0', grad_fn=<DivBackward0>)
Memory status after this epoch: 
Memory allocated:  1.3642578125
Memory cached:  12.0
	 epoch  60 training error:  tensor(0.2467, device='cuda:0', grad_fn=<DivBackward0>)
Memory status after this epoch: 
Memory allocated:  1.3642578125
Memory cached:  12.0
	 epoch  70 training error:  tensor(0.2452, device='cuda:0', grad_fn=<DivBackward0>)
Memory status after this epoch: 
Memory allocated:  1.3642578125
Memory cached:  12.0
	 epoch  80 training error:  tensor(0.2445, device='cuda:0', grad_fn=<DivBackward0>)
Memory status after this epoch: 
Memory allocated:  1.3642578125
Memory cached:  12.0
	 epoch  90 training error:  tensor(0.2446, device='cuda:0', grad_fn=<DivBackward0>)
Memory status after this epoch: 
Memory allocated:  1.3642578125
Memory cached:  12.0
[I 2023-10-30 14:37:12,653] Trial 23 finished with value: 0.23685626685619354 and parameters: {'W_layers': 2, 'W_layer_units_exponent_0': 9, 'W_layer_units_exponent_1': 5, 'D_layers': 2, 'D_layer_units_exponent_0': 7, 'D_layer_units_exponent_1': 9, 'log_learning_rate': -1.871787313870748, 'log_learning_rate_D': -4.620159275804732, 'training_batch_size': 11, 'training_p': 3}. Best is trial 22 with value: 0.23656503856182098.
Time for this trial:  91.72322988510132
Memory status after this trial: 
Memory allocated:  64.2158203125
Memory cached:  66.0
--------------------  Trial  24   --------------------
Start timing: 
Parameters: 
{'W_layers': 2, 'W_layer_units_exponent_0': 9, 'W_layer_units_exponent_1': 5, 'D_layers': 2, 'D_layer_units_exponent_0': 7, 'D_layer_units_exponent_1': 9, 'log_learning_rate': -1.9508036586545343, 'log_learning_rate_D': -4.974349447561925, 'training_batch_size': 11, 'training_p': 3}
	 epoch  0 training error:  tensor(1.0004, device='cuda:0', grad_fn=<DivBackward0>)
Memory status after this epoch: 
Memory allocated:  1.3642578125
Memory cached:  8.0
	 epoch  10 training error:  tensor(0.2446, device='cuda:0', grad_fn=<DivBackward0>)
Memory status after this epoch: 
Memory allocated:  1.3642578125
Memory cached:  10.0
	 epoch  20 training error:  tensor(0.2478, device='cuda:0', grad_fn=<DivBackward0>)
Memory status after this epoch: 
Memory allocated:  1.3642578125
Memory cached:  10.0
	 epoch  30 training error:  tensor(0.2455, device='cuda:0', grad_fn=<DivBackward0>)
Memory status after this epoch: 
Memory allocated:  1.3642578125
Memory cached:  10.0
	 epoch  40 training error:  tensor(0.2462, device='cuda:0', grad_fn=<DivBackward0>)
Memory status after this epoch: 
Memory allocated:  1.3642578125
Memory cached:  10.0
	 epoch  50 training error:  tensor(0.2448, device='cuda:0', grad_fn=<DivBackward0>)
Memory status after this epoch: 
Memory allocated:  1.3642578125
Memory cached:  10.0
	 epoch  60 training error:  tensor(0.2445, device='cuda:0', grad_fn=<DivBackward0>)
Memory status after this epoch: 
Memory allocated:  1.3642578125
Memory cached:  10.0
	 epoch  70 training error:  tensor(0.2445, device='cuda:0', grad_fn=<DivBackward0>)
Memory status after this epoch: 
Memory allocated:  1.3642578125
Memory cached:  10.0
	 epoch  80 training error:  tensor(0.2445, device='cuda:0', grad_fn=<DivBackward0>)
Memory status after this epoch: 
Memory allocated:  1.3642578125
Memory cached:  10.0
	 epoch  90 training error:  tensor(0.2444, device='cuda:0', grad_fn=<DivBackward0>)
Memory status after this epoch: 
Memory allocated:  1.3642578125
Memory cached:  10.0
[I 2023-10-30 14:38:45,361] Trial 24 finished with value: 0.2373708337545395 and parameters: {'W_layers': 2, 'W_layer_units_exponent_0': 9, 'W_layer_units_exponent_1': 5, 'D_layers': 2, 'D_layer_units_exponent_0': 7, 'D_layer_units_exponent_1': 9, 'log_learning_rate': -1.9508036586545343, 'log_learning_rate_D': -4.974349447561925, 'training_batch_size': 11, 'training_p': 3}. Best is trial 22 with value: 0.23656503856182098.
Time for this trial:  92.53397250175476
Memory status after this trial: 
Memory allocated:  64.2158203125
Memory cached:  66.0
--------------------  Trial  25   --------------------
Start timing: 
Parameters: 
{'W_layers': 2, 'W_layer_units_exponent_0': 9, 'W_layer_units_exponent_1': 5, 'D_layers': 2, 'D_layer_units_exponent_0': 5, 'D_layer_units_exponent_1': 10, 'log_learning_rate': -2.4336319254673686, 'log_learning_rate_D': -4.537938539986805, 'training_batch_size': 12, 'training_p': 3}
	 epoch  0 training error:  tensor(1.0004, device='cuda:0', grad_fn=<DivBackward0>)
Memory status after this epoch: 
Memory allocated:  0.8740234375
Memory cached:  10.0
	 epoch  10 training error:  tensor(0.3151, device='cuda:0', grad_fn=<DivBackward0>)
Memory status after this epoch: 
Memory allocated:  0.8740234375
Memory cached:  12.0
	 epoch  20 training error:  tensor(0.2519, device='cuda:0', grad_fn=<DivBackward0>)
Memory status after this epoch: 
Memory allocated:  0.8740234375
Memory cached:  12.0
	 epoch  30 training error:  tensor(0.2449, device='cuda:0', grad_fn=<DivBackward0>)
Memory status after this epoch: 
Memory allocated:  0.8740234375
Memory cached:  12.0
	 epoch  40 training error:  tensor(0.2451, device='cuda:0', grad_fn=<DivBackward0>)
Memory status after this epoch: 
Memory allocated:  0.8740234375
Memory cached:  12.0
	 epoch  50 training error:  tensor(0.2457, device='cuda:0', grad_fn=<DivBackward0>)
Memory status after this epoch: 
Memory allocated:  0.8740234375
Memory cached:  12.0
	 epoch  60 training error:  tensor(0.2444, device='cuda:0', grad_fn=<DivBackward0>)
Memory status after this epoch: 
Memory allocated:  0.8740234375
Memory cached:  12.0
	 epoch  70 training error:  tensor(0.2446, device='cuda:0', grad_fn=<DivBackward0>)
Memory status after this epoch: 
Memory allocated:  0.8740234375
Memory cached:  12.0
	 epoch  80 training error:  tensor(0.2445, device='cuda:0', grad_fn=<DivBackward0>)
Memory status after this epoch: 
Memory allocated:  0.8740234375
Memory cached:  12.0
	 epoch  90 training error:  tensor(0.2445, device='cuda:0', grad_fn=<DivBackward0>)
Memory status after this epoch: 
Memory allocated:  0.8740234375
Memory cached:  12.0
