[I 2023-11-08 15:53:32,741] Trial 15 finished with value: 0.11881627142429352 and parameters: {'W_layers': 2, 'W_layer_units_exponent_0': 6, 'W_layer_units_exponent_1': 8, 'D_layers': 6, 'D_layer_units_exponent_0': 10, 'D_layer_units_exponent_1': 8, 'D_layer_units_exponent_2': 6, 'D_layer_units_exponent_3': 10, 'D_layer_units_exponent_4': 10, 'D_layer_units_exponent_5': 6, 'D_dagger_layers': 6, 'D_dagger_layer_units_exponent_0': 6, 'D_dagger_layer_units_exponent_1': 7, 'D_dagger_layer_units_exponent_2': 9, 'D_dagger_layer_units_exponent_3': 4, 'D_dagger_layer_units_exponent_4': 8, 'D_dagger_layer_units_exponent_5': 10, 'log_learning_rate': -2.1395610793263815, 'log_learning_rate_D': -2.5615628514100255, 'log_learning_rate_D_dagger': -3.2496405208247148, 'training_batch_size': 9, 'training_p': 5}. Best is trial 3 with value: 0.04438633471727371.
Time for this trial:  207.2445387840271
Memory status after this trial: 
Memory allocated:  321.77294921875
Memory cached:  340.0
--------------------  Trial  16   --------------------
Start timing: 
Parameters: 
{'W_layers': 6, 'W_layer_units_exponent_0': 9, 'W_layer_units_exponent_1': 9, 'W_layer_units_exponent_2': 9, 'W_layer_units_exponent_3': 6, 'W_layer_units_exponent_4': 10, 'W_layer_units_exponent_5': 8, 'D_layers': 4, 'D_layer_units_exponent_0': 4, 'D_layer_units_exponent_1': 9, 'D_layer_units_exponent_2': 9, 'D_layer_units_exponent_3': 4, 'D_dagger_layers': 4, 'D_dagger_layer_units_exponent_0': 5, 'D_dagger_layer_units_exponent_1': 4, 'D_dagger_layer_units_exponent_2': 6, 'D_dagger_layer_units_exponent_3': 7, 'log_learning_rate': -3.211203300366254, 'log_learning_rate_D': -4.368773068059909, 'log_learning_rate_D_dagger': -3.987541722751668, 'training_batch_size': 11, 'training_p': 2}
	 epoch  0 training error:  tensor(1.4044, device='cuda:0', grad_fn=<DivBackward0>)
Memory status after this epoch: 
Memory allocated:  18.12451171875
Memory cached:  148.0
	 epoch  10 training error:  tensor(0.6039, device='cuda:0', grad_fn=<DivBackward0>)
Memory status after this epoch: 
Memory allocated:  18.12451171875
Memory cached:  286.0
	 epoch  20 training error:  tensor(0.1040, device='cuda:0', grad_fn=<DivBackward0>)
Memory status after this epoch: 
Memory allocated:  18.12451171875
Memory cached:  282.0
	 epoch  30 training error:  tensor(0.1704, device='cuda:0', grad_fn=<DivBackward0>)
Memory status after this epoch: 
Memory allocated:  18.12451171875
Memory cached:  294.0
	 epoch  40 training error:  tensor(0.1466, device='cuda:0', grad_fn=<DivBackward0>)
Memory status after this epoch: 
Memory allocated:  18.12451171875
Memory cached:  288.0
	 epoch  50 training error:  tensor(0.1181, device='cuda:0', grad_fn=<DivBackward0>)
Memory status after this epoch: 
Memory allocated:  18.12451171875
Memory cached:  282.0
	 epoch  60 training error:  tensor(0.0579, device='cuda:0', grad_fn=<DivBackward0>)
Memory status after this epoch: 
Memory allocated:  18.12451171875
Memory cached:  292.0
	 epoch  70 training error:  tensor(0.0582, device='cuda:0', grad_fn=<DivBackward0>)
Memory status after this epoch: 
Memory allocated:  18.12451171875
Memory cached:  296.0
	 epoch  80 training error:  tensor(0.0517, device='cuda:0', grad_fn=<DivBackward0>)
Memory status after this epoch: 
Memory allocated:  18.12451171875
Memory cached:  292.0
	 epoch  90 training error:  tensor(0.0642, device='cuda:0', grad_fn=<DivBackward0>)
Memory status after this epoch: 
Memory allocated:  18.12451171875
Memory cached:  288.0
[I 2023-11-08 15:56:47,825] Trial 16 finished with value: 0.056268252432346344 and parameters: {'W_layers': 6, 'W_layer_units_exponent_0': 9, 'W_layer_units_exponent_1': 9, 'W_layer_units_exponent_2': 9, 'W_layer_units_exponent_3': 6, 'W_layer_units_exponent_4': 10, 'W_layer_units_exponent_5': 8, 'D_layers': 4, 'D_layer_units_exponent_0': 4, 'D_layer_units_exponent_1': 9, 'D_layer_units_exponent_2': 9, 'D_layer_units_exponent_3': 4, 'D_dagger_layers': 4, 'D_dagger_layer_units_exponent_0': 5, 'D_dagger_layer_units_exponent_1': 4, 'D_dagger_layer_units_exponent_2': 6, 'D_dagger_layer_units_exponent_3': 7, 'log_learning_rate': -3.211203300366254, 'log_learning_rate_D': -4.368773068059909, 'log_learning_rate_D_dagger': -3.987541722751668, 'training_batch_size': 11, 'training_p': 2}. Best is trial 3 with value: 0.04438633471727371.
Time for this trial:  194.8191101551056
Memory status after this trial: 
Memory allocated:  232.96435546875
Memory cached:  244.0
--------------------  Trial  17   --------------------
Start timing: 
Parameters: 
{'W_layers': 3, 'W_layer_units_exponent_0': 4, 'W_layer_units_exponent_1': 5, 'W_layer_units_exponent_2': 10, 'D_layers': 7, 'D_layer_units_exponent_0': 8, 'D_layer_units_exponent_1': 6, 'D_layer_units_exponent_2': 5, 'D_layer_units_exponent_3': 8, 'D_layer_units_exponent_4': 8, 'D_layer_units_exponent_5': 10, 'D_layer_units_exponent_6': 4, 'D_dagger_layers': 2, 'D_dagger_layer_units_exponent_0': 8, 'D_dagger_layer_units_exponent_1': 8, 'log_learning_rate': -2.709777967135887, 'log_learning_rate_D': -4.268200890121347, 'log_learning_rate_D_dagger': -2.9460684441048985, 'training_batch_size': 10, 'training_p': 7}
	 epoch  0 training error:  tensor(0.5820, device='cuda:0', grad_fn=<DivBackward0>)
Memory status after this epoch: 
Memory allocated:  7.37841796875
Memory cached:  142.0
	 epoch  10 training error:  tensor(1.4765, device='cuda:0', grad_fn=<DivBackward0>)
Memory status after this epoch: 
Memory allocated:  7.37841796875
Memory cached:  222.0
	 epoch  20 training error:  tensor(0.1947, device='cuda:0', grad_fn=<DivBackward0>)
Memory status after this epoch: 
Memory allocated:  7.37841796875
Memory cached:  246.0
	 epoch  30 training error:  tensor(0.1650, device='cuda:0', grad_fn=<DivBackward0>)
Memory status after this epoch: 
Memory allocated:  7.37841796875
Memory cached:  234.0
	 epoch  40 training error:  tensor(0.1200, device='cuda:0', grad_fn=<DivBackward0>)
Memory status after this epoch: 
Memory allocated:  7.37841796875
Memory cached:  240.0
	 epoch  50 training error:  tensor(0.1185, device='cuda:0', grad_fn=<DivBackward0>)
Memory status after this epoch: 
Memory allocated:  7.37841796875
Memory cached:  234.0
	 epoch  60 training error:  tensor(0.0939, device='cuda:0', grad_fn=<DivBackward0>)
Memory status after this epoch: 
Memory allocated:  7.37841796875
Memory cached:  242.0
	 epoch  70 training error:  tensor(0.0817, device='cuda:0', grad_fn=<DivBackward0>)
Memory status after this epoch: 
Memory allocated:  7.37841796875
Memory cached:  234.0
	 epoch  80 training error:  tensor(0.0779, device='cuda:0', grad_fn=<DivBackward0>)
Memory status after this epoch: 
Memory allocated:  7.37841796875
Memory cached:  228.0
	 epoch  90 training error:  tensor(0.0758, device='cuda:0', grad_fn=<DivBackward0>)
Memory status after this epoch: 
Memory allocated:  7.37841796875
Memory cached:  252.0
[I 2023-11-08 15:59:45,946] Trial 17 finished with value: 0.06551533192396164 and parameters: {'W_layers': 3, 'W_layer_units_exponent_0': 4, 'W_layer_units_exponent_1': 5, 'W_layer_units_exponent_2': 10, 'D_layers': 7, 'D_layer_units_exponent_0': 8, 'D_layer_units_exponent_1': 6, 'D_layer_units_exponent_2': 5, 'D_layer_units_exponent_3': 8, 'D_layer_units_exponent_4': 8, 'D_layer_units_exponent_5': 10, 'D_layer_units_exponent_6': 4, 'D_dagger_layers': 2, 'D_dagger_layer_units_exponent_0': 8, 'D_dagger_layer_units_exponent_1': 8, 'log_learning_rate': -2.709777967135887, 'log_learning_rate_D': -4.268200890121347, 'log_learning_rate_D_dagger': -2.9460684441048985, 'training_batch_size': 10, 'training_p': 7}. Best is trial 3 with value: 0.04438633471727371.
Time for this trial:  177.87285494804382
Memory status after this trial: 
Memory allocated:  190.22607421875
Memory cached:  194.0
--------------------  Trial  18   --------------------
Start timing: 
Parameters: 
{'W_layers': 5, 'W_layer_units_exponent_0': 7, 'W_layer_units_exponent_1': 9, 'W_layer_units_exponent_2': 8, 'W_layer_units_exponent_3': 7, 'W_layer_units_exponent_4': 10, 'D_layers': 4, 'D_layer_units_exponent_0': 8, 'D_layer_units_exponent_1': 9, 'D_layer_units_exponent_2': 6, 'D_layer_units_exponent_3': 7, 'D_dagger_layers': 7, 'D_dagger_layer_units_exponent_0': 4, 'D_dagger_layer_units_exponent_1': 5, 'D_dagger_layer_units_exponent_2': 8, 'D_dagger_layer_units_exponent_3': 6, 'D_dagger_layer_units_exponent_4': 6, 'D_dagger_layer_units_exponent_5': 10, 'D_dagger_layer_units_exponent_6': 4, 'log_learning_rate': -1.989805581383615, 'log_learning_rate_D': -2.9986573327015917, 'log_learning_rate_D_dagger': -4.904835872603259, 'training_batch_size': 9, 'training_p': 5}
	 epoch  0 training error:  tensor(0.9245, device='cuda:0', grad_fn=<DivBackward0>)
Memory status after this epoch: 
Memory allocated:  10.05029296875
Memory cached:  154.0
	 epoch  10 training error:  tensor(0.9879, device='cuda:0', grad_fn=<DivBackward0>)
Memory status after this epoch: 
Memory allocated:  10.05029296875
Memory cached:  296.0
	 epoch  20 training error:  tensor(0.9509, device='cuda:0', grad_fn=<DivBackward0>)
Memory status after this epoch: 
Memory allocated:  10.05029296875
Memory cached:  278.0
	 epoch  30 training error:  tensor(0.9080, device='cuda:0', grad_fn=<DivBackward0>)
Memory status after this epoch: 
Memory allocated:  10.05029296875
Memory cached:  286.0
	 epoch  40 training error:  tensor(0.8595, device='cuda:0', grad_fn=<DivBackward0>)
Memory status after this epoch: 
Memory allocated:  10.05029296875
Memory cached:  280.0
	 epoch  50 training error:  tensor(0.8040, device='cuda:0', grad_fn=<DivBackward0>)
Memory status after this epoch: 
Memory allocated:  10.05029296875
Memory cached:  278.0
	 epoch  60 training error:  tensor(0.7394, device='cuda:0', grad_fn=<DivBackward0>)
Memory status after this epoch: 
Memory allocated:  10.05029296875
Memory cached:  278.0
	 epoch  70 training error:  tensor(0.6635, device='cuda:0', grad_fn=<DivBackward0>)
Memory status after this epoch: 
Memory allocated:  10.05029296875
Memory cached:  280.0
	 epoch  80 training error:  tensor(0.5746, device='cuda:0', grad_fn=<DivBackward0>)
Memory status after this epoch: 
Memory allocated:  10.05029296875
Memory cached:  284.0
	 epoch  90 training error:  tensor(0.4706, device='cuda:0', grad_fn=<DivBackward0>)
Memory status after this epoch: 
Memory allocated:  10.05029296875
Memory cached:  282.0
[I 2023-11-08 16:03:22,298] Trial 18 finished with value: 0.32839450240135193 and parameters: {'W_layers': 5, 'W_layer_units_exponent_0': 7, 'W_layer_units_exponent_1': 9, 'W_layer_units_exponent_2': 8, 'W_layer_units_exponent_3': 7, 'W_layer_units_exponent_4': 10, 'D_layers': 4, 'D_layer_units_exponent_0': 8, 'D_layer_units_exponent_1': 9, 'D_layer_units_exponent_2': 6, 'D_layer_units_exponent_3': 7, 'D_dagger_layers': 7, 'D_dagger_layer_units_exponent_0': 4, 'D_dagger_layer_units_exponent_1': 5, 'D_dagger_layer_units_exponent_2': 8, 'D_dagger_layer_units_exponent_3': 6, 'D_dagger_layer_units_exponent_4': 6, 'D_dagger_layer_units_exponent_5': 10, 'D_dagger_layer_units_exponent_6': 4, 'log_learning_rate': -1.989805581383615, 'log_learning_rate_D': -2.9986573327015917, 'log_learning_rate_D_dagger': -4.904835872603259, 'training_batch_size': 9, 'training_p': 5}. Best is trial 3 with value: 0.04438633471727371.
Time for this trial:  216.08897256851196
Memory status after this trial: 
Memory allocated:  245.04638671875
Memory cached:  252.0
--------------------  Trial  19   --------------------
Start timing: 
Parameters: 
{'W_layers': 3, 'W_layer_units_exponent_0': 9, 'W_layer_units_exponent_1': 7, 'W_layer_units_exponent_2': 9, 'D_layers': 7, 'D_layer_units_exponent_0': 10, 'D_layer_units_exponent_1': 6, 'D_layer_units_exponent_2': 8, 'D_layer_units_exponent_3': 9, 'D_layer_units_exponent_4': 6, 'D_layer_units_exponent_5': 4, 'D_layer_units_exponent_6': 8, 'D_dagger_layers': 4, 'D_dagger_layer_units_exponent_0': 8, 'D_dagger_layer_units_exponent_1': 6, 'D_dagger_layer_units_exponent_2': 6, 'D_dagger_layer_units_exponent_3': 8, 'log_learning_rate': -3.587373351160522, 'log_learning_rate_D': -4.994688196049152, 'log_learning_rate_D_dagger': -3.6418538719859708, 'training_batch_size': 11, 'training_p': 3}
	 epoch  0 training error:  tensor(0.8779, device='cuda:0', grad_fn=<DivBackward0>)
Memory status after this epoch: 
Memory allocated:  6.64990234375
Memory cached:  144.0
	 epoch  10 training error:  tensor(0.1106, device='cuda:0', grad_fn=<DivBackward0>)
Memory status after this epoch: 
Memory allocated:  6.64990234375
Memory cached:  248.0
	 epoch  20 training error:  tensor(0.0969, device='cuda:0', grad_fn=<DivBackward0>)
Memory status after this epoch: 
Memory allocated:  6.64990234375
Memory cached:  260.0
	 epoch  30 training error:  tensor(0.0858, device='cuda:0', grad_fn=<DivBackward0>)
Memory status after this epoch: 
Memory allocated:  6.64990234375
Memory cached:  256.0
	 epoch  40 training error:  tensor(0.0837, device='cuda:0', grad_fn=<DivBackward0>)
Memory status after this epoch: 
Memory allocated:  6.64990234375
Memory cached:  262.0
	 epoch  50 training error:  tensor(0.0805, device='cuda:0', grad_fn=<DivBackward0>)
Memory status after this epoch: 
Memory allocated:  6.64990234375
Memory cached:  254.0
	 epoch  60 training error:  tensor(0.0745, device='cuda:0', grad_fn=<DivBackward0>)
Memory status after this epoch: 
Memory allocated:  6.64990234375
Memory cached:  260.0
	 epoch  70 training error:  tensor(0.0705, device='cuda:0', grad_fn=<DivBackward0>)
Memory status after this epoch: 
Memory allocated:  6.64990234375
Memory cached:  266.0
	 epoch  80 training error:  tensor(0.0664, device='cuda:0', grad_fn=<DivBackward0>)
Memory status after this epoch: 
Memory allocated:  6.64990234375
Memory cached:  252.0
	 epoch  90 training error:  tensor(0.0635, device='cuda:0', grad_fn=<DivBackward0>)
Memory status after this epoch: 
Memory allocated:  6.64990234375
Memory cached:  266.0
[I 2023-11-08 16:06:36,943] Trial 19 finished with value: 0.05838285759091377 and parameters: {'W_layers': 3, 'W_layer_units_exponent_0': 9, 'W_layer_units_exponent_1': 7, 'W_layer_units_exponent_2': 9, 'D_layers': 7, 'D_layer_units_exponent_0': 10, 'D_layer_units_exponent_1': 6, 'D_layer_units_exponent_2': 8, 'D_layer_units_exponent_3': 9, 'D_layer_units_exponent_4': 6, 'D_layer_units_exponent_5': 4, 'D_layer_units_exponent_6': 8, 'D_dagger_layers': 4, 'D_dagger_layer_units_exponent_0': 8, 'D_dagger_layer_units_exponent_1': 6, 'D_dagger_layer_units_exponent_2': 6, 'D_dagger_layer_units_exponent_3': 8, 'log_learning_rate': -3.587373351160522, 'log_learning_rate_D': -4.994688196049152, 'log_learning_rate_D_dagger': -3.6418538719859708, 'training_batch_size': 11, 'training_p': 3}. Best is trial 3 with value: 0.04438633471727371.
Time for this trial:  194.36061429977417
Memory status after this trial: 
Memory allocated:  216.0263671875
Memory cached:  220.0
--------------------  Trial  20   --------------------
Start timing: 
Parameters: 
{'W_layers': 6, 'W_layer_units_exponent_0': 5, 'W_layer_units_exponent_1': 5, 'W_layer_units_exponent_2': 10, 'W_layer_units_exponent_3': 8, 'W_layer_units_exponent_4': 8, 'W_layer_units_exponent_5': 5, 'D_layers': 6, 'D_layer_units_exponent_0': 6, 'D_layer_units_exponent_1': 7, 'D_layer_units_exponent_2': 5, 'D_layer_units_exponent_3': 9, 'D_layer_units_exponent_4': 9, 'D_layer_units_exponent_5': 8, 'D_dagger_layers': 7, 'D_dagger_layer_units_exponent_0': 10, 'D_dagger_layer_units_exponent_1': 4, 'D_dagger_layer_units_exponent_2': 10, 'D_dagger_layer_units_exponent_3': 5, 'D_dagger_layer_units_exponent_4': 9, 'D_dagger_layer_units_exponent_5': 7, 'D_dagger_layer_units_exponent_6': 10, 'log_learning_rate': -2.6511466210958052, 'log_learning_rate_D': -4.578145813202894, 'log_learning_rate_D_dagger': -4.195554739083783, 'training_batch_size': 7, 'training_p': 3}
	 epoch  0 training error:  tensor(1.0352, device='cuda:0', grad_fn=<DivBackward0>)
Memory status after this epoch: 
Memory allocated:  16.60302734375
Memory cached:  154.0
	 epoch  10 training error:  tensor(0.2084, device='cuda:0', grad_fn=<DivBackward0>)
Memory status after this epoch: 
Memory allocated:  16.60302734375
Memory cached:  304.0
	 epoch  20 training error:  tensor(0.1064, device='cuda:0', grad_fn=<DivBackward0>)
Memory status after this epoch: 
Memory allocated:  16.60302734375
Memory cached:  292.0
	 epoch  30 training error:  tensor(0.0908, device='cuda:0', grad_fn=<DivBackward0>)
Memory status after this epoch: 
Memory allocated:  16.60302734375
Memory cached:  294.0
	 epoch  40 training error:  tensor(0.0856, device='cuda:0', grad_fn=<DivBackward0>)
Memory status after this epoch: 
Memory allocated:  16.60302734375
Memory cached:  302.0
	 epoch  50 training error:  tensor(0.0676, device='cuda:0', grad_fn=<DivBackward0>)
Memory status after this epoch: 
Memory allocated:  16.60302734375
Memory cached:  294.0
	 epoch  60 training error:  tensor(0.0644, device='cuda:0', grad_fn=<DivBackward0>)
Memory status after this epoch: 
Memory allocated:  16.60302734375
Memory cached:  306.0
	 epoch  70 training error:  tensor(0.0616, device='cuda:0', grad_fn=<DivBackward0>)
Memory status after this epoch: 
Memory allocated:  16.60302734375
Memory cached:  300.0
	 epoch  80 training error:  tensor(0.0592, device='cuda:0', grad_fn=<DivBackward0>)
Memory status after this epoch: 
Memory allocated:  16.60302734375
Memory cached:  298.0
	 epoch  90 training error:  tensor(0.0570, device='cuda:0', grad_fn=<DivBackward0>)
Memory status after this epoch: 
Memory allocated:  16.60302734375
Memory cached:  288.0
[I 2023-11-08 16:10:49,901] Trial 20 finished with value: 0.05247659608721733 and parameters: {'W_layers': 6, 'W_layer_units_exponent_0': 5, 'W_layer_units_exponent_1': 5, 'W_layer_units_exponent_2': 10, 'W_layer_units_exponent_3': 8, 'W_layer_units_exponent_4': 8, 'W_layer_units_exponent_5': 5, 'D_layers': 6, 'D_layer_units_exponent_0': 6, 'D_layer_units_exponent_1': 7, 'D_layer_units_exponent_2': 5, 'D_layer_units_exponent_3': 9, 'D_layer_units_exponent_4': 9, 'D_layer_units_exponent_5': 8, 'D_dagger_layers': 7, 'D_dagger_layer_units_exponent_0': 10, 'D_dagger_layer_units_exponent_1': 4, 'D_dagger_layer_units_exponent_2': 10, 'D_dagger_layer_units_exponent_3': 5, 'D_dagger_layer_units_exponent_4': 9, 'D_dagger_layer_units_exponent_5': 7, 'D_dagger_layer_units_exponent_6': 10, 'log_learning_rate': -2.6511466210958052, 'log_learning_rate_D': -4.578145813202894, 'log_learning_rate_D_dagger': -4.195554739083783, 'training_batch_size': 7, 'training_p': 3}. Best is trial 3 with value: 0.04438633471727371.
Time for this trial:  252.66812205314636
Memory status after this trial: 
Memory allocated:  376.8896484375
Memory cached:  386.0
--------------------  Trial  21   --------------------
Start timing: 
Parameters: 
{'W_layers': 6, 'W_layer_units_exponent_0': 5, 'W_layer_units_exponent_1': 5, 'W_layer_units_exponent_2': 10, 'W_layer_units_exponent_3': 8, 'W_layer_units_exponent_4': 8, 'W_layer_units_exponent_5': 5, 'D_layers': 6, 'D_layer_units_exponent_0': 6, 'D_layer_units_exponent_1': 7, 'D_layer_units_exponent_2': 5, 'D_layer_units_exponent_3': 9, 'D_layer_units_exponent_4': 9, 'D_layer_units_exponent_5': 8, 'D_dagger_layers': 7, 'D_dagger_layer_units_exponent_0': 10, 'D_dagger_layer_units_exponent_1': 4, 'D_dagger_layer_units_exponent_2': 10, 'D_dagger_layer_units_exponent_3': 5, 'D_dagger_layer_units_exponent_4': 9, 'D_dagger_layer_units_exponent_5': 7, 'D_dagger_layer_units_exponent_6': 10, 'log_learning_rate': -2.624035608723672, 'log_learning_rate_D': -4.535325701613227, 'log_learning_rate_D_dagger': -4.140368485913451, 'training_batch_size': 6, 'training_p': 3}
	 epoch  0 training error:  tensor(1.3104, device='cuda:0', grad_fn=<DivBackward0>)
Memory status after this epoch: 
Memory allocated:  16.62744140625
Memory cached:  176.0
	 epoch  10 training error:  tensor(0.1047, device='cuda:0', grad_fn=<DivBackward0>)
Memory status after this epoch: 
Memory allocated:  16.62744140625
Memory cached:  190.0
	 epoch  20 training error:  tensor(0.0881, device='cuda:0', grad_fn=<DivBackward0>)
Memory status after this epoch: 
Memory allocated:  16.62744140625
Memory cached:  174.0
	 epoch  30 training error:  tensor(0.0875, device='cuda:0', grad_fn=<DivBackward0>)
Memory status after this epoch: 
Memory allocated:  16.62744140625
Memory cached:  186.0
	 epoch  40 training error:  tensor(0.0702, device='cuda:0', grad_fn=<DivBackward0>)
Memory status after this epoch: 
Memory allocated:  16.62744140625
Memory cached:  176.0
	 epoch  50 training error:  tensor(0.0709, device='cuda:0', grad_fn=<DivBackward0>)
Memory status after this epoch: 
Memory allocated:  16.62744140625
Memory cached:  178.0
	 epoch  60 training error:  tensor(0.0886, device='cuda:0', grad_fn=<DivBackward0>)
Memory status after this epoch: 
Memory allocated:  16.62744140625
Memory cached:  180.0
	 epoch  70 training error:  tensor(0.0615, device='cuda:0', grad_fn=<DivBackward0>)
Memory status after this epoch: 
Memory allocated:  16.62744140625
Memory cached:  176.0
	 epoch  80 training error:  tensor(0.0611, device='cuda:0', grad_fn=<DivBackward0>)
Memory status after this epoch: 
Memory allocated:  16.62744140625
Memory cached:  176.0
	 epoch  90 training error:  tensor(0.0576, device='cuda:0', grad_fn=<DivBackward0>)
Memory status after this epoch: 
Memory allocated:  16.62744140625
Memory cached:  182.0
