[I 2023-11-09 20:06:59,738] Trial 26 finished with value: 0.038079049438238144 and parameters: {'W_layers': 4, 'W_layer_units_exponent_0': 8, 'W_layer_units_exponent_1': 7, 'W_layer_units_exponent_2': 8, 'W_layer_units_exponent_3': 8, 'D_layers': 3, 'D_layer_units_exponent_0': 7, 'D_layer_units_exponent_1': 9, 'D_layer_units_exponent_2': 8, 'D_dagger_layers': 5, 'D_dagger_layer_units_exponent_0': 9, 'D_dagger_layer_units_exponent_1': 5, 'D_dagger_layer_units_exponent_2': 9, 'D_dagger_layer_units_exponent_3': 8, 'D_dagger_layer_units_exponent_4': 6, 'log_learning_rate': -3.419198467587543, 'log_learning_rate_D': -4.95802101314279, 'log_learning_rate_D_dagger': -3.5971401850633478, 'training_batch_size': 10, 'training_p': 3}. Best is trial 17 with value: 0.029176300391554832.
Time for this trial:  179.21976518630981
Memory status after this trial: 
Memory allocated:  173.62158203125
Memory cached:  178.0
--------------------  Trial  27   --------------------
Start timing: 
Parameters: 
{'W_layers': 3, 'W_layer_units_exponent_0': 7, 'W_layer_units_exponent_1': 4, 'W_layer_units_exponent_2': 9, 'D_layers': 6, 'D_layer_units_exponent_0': 6, 'D_layer_units_exponent_1': 4, 'D_layer_units_exponent_2': 10, 'D_layer_units_exponent_3': 7, 'D_layer_units_exponent_4': 6, 'D_layer_units_exponent_5': 10, 'D_dagger_layers': 3, 'D_dagger_layer_units_exponent_0': 10, 'D_dagger_layer_units_exponent_1': 7, 'D_dagger_layer_units_exponent_2': 6, 'log_learning_rate': -2.547104722672395, 'log_learning_rate_D': -4.167345091125901, 'log_learning_rate_D_dagger': -3.134940020451168, 'training_batch_size': 11, 'training_p': 6}
	 epoch  0 training error:  tensor(0.4571, device='cuda:0', grad_fn=<DivBackward0>)
Memory status after this epoch: 
Memory allocated:  5.90966796875
Memory cached:  150.0
	 epoch  10 training error:  tensor(0.2714, device='cuda:0', grad_fn=<DivBackward0>)
Memory status after this epoch: 
Memory allocated:  5.90966796875
Memory cached:  252.0
	 epoch  20 training error:  tensor(0.2212, device='cuda:0', grad_fn=<DivBackward0>)
Memory status after this epoch: 
Memory allocated:  5.90966796875
Memory cached:  244.0
	 epoch  30 training error:  tensor(0.0935, device='cuda:0', grad_fn=<DivBackward0>)
Memory status after this epoch: 
Memory allocated:  5.90966796875
Memory cached:  250.0
	 epoch  40 training error:  tensor(0.1114, device='cuda:0', grad_fn=<DivBackward0>)
Memory status after this epoch: 
Memory allocated:  5.90966796875
Memory cached:  254.0
	 epoch  50 training error:  tensor(0.0953, device='cuda:0', grad_fn=<DivBackward0>)
Memory status after this epoch: 
Memory allocated:  5.90966796875
Memory cached:  244.0
	 epoch  60 training error:  tensor(0.0738, device='cuda:0', grad_fn=<DivBackward0>)
Memory status after this epoch: 
Memory allocated:  5.90966796875
Memory cached:  242.0
	 epoch  70 training error:  tensor(0.0554, device='cuda:0', grad_fn=<DivBackward0>)
Memory status after this epoch: 
Memory allocated:  5.90966796875
Memory cached:  250.0
	 epoch  80 training error:  tensor(0.0622, device='cuda:0', grad_fn=<DivBackward0>)
Memory status after this epoch: 
Memory allocated:  5.90966796875
Memory cached:  250.0
	 epoch  90 training error:  tensor(0.0609, device='cuda:0', grad_fn=<DivBackward0>)
Memory status after this epoch: 
Memory allocated:  5.90966796875
Memory cached:  248.0
[I 2023-11-09 20:10:01,176] Trial 27 finished with value: 0.051809221506118774 and parameters: {'W_layers': 3, 'W_layer_units_exponent_0': 7, 'W_layer_units_exponent_1': 4, 'W_layer_units_exponent_2': 9, 'D_layers': 6, 'D_layer_units_exponent_0': 6, 'D_layer_units_exponent_1': 4, 'D_layer_units_exponent_2': 10, 'D_layer_units_exponent_3': 7, 'D_layer_units_exponent_4': 6, 'D_layer_units_exponent_5': 10, 'D_dagger_layers': 3, 'D_dagger_layer_units_exponent_0': 10, 'D_dagger_layer_units_exponent_1': 7, 'D_dagger_layer_units_exponent_2': 6, 'log_learning_rate': -2.547104722672395, 'log_learning_rate_D': -4.167345091125901, 'log_learning_rate_D_dagger': -3.134940020451168, 'training_batch_size': 11, 'training_p': 6}. Best is trial 17 with value: 0.029176300391554832.
Time for this trial:  181.17466974258423
Memory status after this trial: 
Memory allocated:  226.8671875
Memory cached:  230.0
--------------------  Trial  28   --------------------
Start timing: 
Parameters: 
{'W_layers': 7, 'W_layer_units_exponent_0': 5, 'W_layer_units_exponent_1': 6, 'W_layer_units_exponent_2': 7, 'W_layer_units_exponent_3': 10, 'W_layer_units_exponent_4': 9, 'W_layer_units_exponent_5': 4, 'W_layer_units_exponent_6': 4, 'D_layers': 4, 'D_layer_units_exponent_0': 4, 'D_layer_units_exponent_1': 8, 'D_layer_units_exponent_2': 9, 'D_layer_units_exponent_3': 5, 'D_dagger_layers': 5, 'D_dagger_layer_units_exponent_0': 9, 'D_dagger_layer_units_exponent_1': 6, 'D_dagger_layer_units_exponent_2': 7, 'D_dagger_layer_units_exponent_3': 5, 'D_dagger_layer_units_exponent_4': 7, 'log_learning_rate': -3.2022096186851354, 'log_learning_rate_D': -4.590240542170792, 'log_learning_rate_D_dagger': -4.215576760974676, 'training_batch_size': 12, 'training_p': 4}
	 epoch  0 training error:  tensor(0.7471, device='cuda:0', grad_fn=<DivBackward0>)
Memory status after this epoch: 
Memory allocated:  13.54833984375
Memory cached:  170.0
	 epoch  10 training error:  tensor(0.2720, device='cuda:0', grad_fn=<DivBackward0>)
Memory status after this epoch: 
Memory allocated:  13.54833984375
Memory cached:  268.0
	 epoch  20 training error:  tensor(0.1756, device='cuda:0', grad_fn=<DivBackward0>)
Memory status after this epoch: 
Memory allocated:  13.54833984375
Memory cached:  276.0
	 epoch  30 training error:  tensor(0.1057, device='cuda:0', grad_fn=<DivBackward0>)
Memory status after this epoch: 
Memory allocated:  13.54833984375
Memory cached:  270.0
	 epoch  40 training error:  tensor(0.0799, device='cuda:0', grad_fn=<DivBackward0>)
Memory status after this epoch: 
Memory allocated:  13.54833984375
Memory cached:  276.0
	 epoch  50 training error:  tensor(0.0624, device='cuda:0', grad_fn=<DivBackward0>)
Memory status after this epoch: 
Memory allocated:  13.54833984375
Memory cached:  290.0
	 epoch  60 training error:  tensor(0.0647, device='cuda:0', grad_fn=<DivBackward0>)
Memory status after this epoch: 
Memory allocated:  13.54833984375
Memory cached:  282.0
	 epoch  70 training error:  tensor(0.0573, device='cuda:0', grad_fn=<DivBackward0>)
Memory status after this epoch: 
Memory allocated:  13.54833984375
Memory cached:  266.0
	 epoch  80 training error:  tensor(0.0624, device='cuda:0', grad_fn=<DivBackward0>)
Memory status after this epoch: 
Memory allocated:  13.54833984375
Memory cached:  280.0
	 epoch  90 training error:  tensor(0.0531, device='cuda:0', grad_fn=<DivBackward0>)
Memory status after this epoch: 
Memory allocated:  13.54833984375
Memory cached:  278.0
[I 2023-11-09 20:13:27,635] Trial 28 finished with value: 0.037172116339206696 and parameters: {'W_layers': 7, 'W_layer_units_exponent_0': 5, 'W_layer_units_exponent_1': 6, 'W_layer_units_exponent_2': 7, 'W_layer_units_exponent_3': 10, 'W_layer_units_exponent_4': 9, 'W_layer_units_exponent_5': 4, 'W_layer_units_exponent_6': 4, 'D_layers': 4, 'D_layer_units_exponent_0': 4, 'D_layer_units_exponent_1': 8, 'D_layer_units_exponent_2': 9, 'D_layer_units_exponent_3': 5, 'D_dagger_layers': 5, 'D_dagger_layer_units_exponent_0': 9, 'D_dagger_layer_units_exponent_1': 6, 'D_dagger_layer_units_exponent_2': 7, 'D_dagger_layer_units_exponent_3': 5, 'D_dagger_layer_units_exponent_4': 7, 'log_learning_rate': -3.2022096186851354, 'log_learning_rate_D': -4.590240542170792, 'log_learning_rate_D_dagger': -4.215576760974676, 'training_batch_size': 12, 'training_p': 4}. Best is trial 17 with value: 0.029176300391554832.
Time for this trial:  206.1615104675293
Memory status after this trial: 
Memory allocated:  193.20849609375
Memory cached:  216.0
--------------------  Trial  29   --------------------
Start timing: 
Parameters: 
{'W_layers': 2, 'W_layer_units_exponent_0': 10, 'W_layer_units_exponent_1': 9, 'D_layers': 5, 'D_layer_units_exponent_0': 8, 'D_layer_units_exponent_1': 6, 'D_layer_units_exponent_2': 7, 'D_layer_units_exponent_3': 7, 'D_layer_units_exponent_4': 5, 'D_dagger_layers': 2, 'D_dagger_layer_units_exponent_0': 8, 'D_dagger_layer_units_exponent_1': 8, 'log_learning_rate': -2.9350074233766423, 'log_learning_rate_D': -3.633396435462659, 'log_learning_rate_D_dagger': -2.933294689379284, 'training_batch_size': 10, 'training_p': 4}
	 epoch  0 training error:  tensor(0.7891, device='cuda:0', grad_fn=<DivBackward0>)
Memory status after this epoch: 
Memory allocated:  9.92138671875
Memory cached:  130.0
	 epoch  10 training error:  tensor(1.0760, device='cuda:0', grad_fn=<DivBackward0>)
Memory status after this epoch: 
Memory allocated:  9.92138671875
Memory cached:  172.0
	 epoch  20 training error:  tensor(1.0047, device='cuda:0', grad_fn=<DivBackward0>)
Memory status after this epoch: 
Memory allocated:  9.92138671875
Memory cached:  170.0
	 epoch  30 training error:  tensor(1.0008, device='cuda:0', grad_fn=<DivBackward0>)
Memory status after this epoch: 
Memory allocated:  9.92138671875
Memory cached:  176.0
	 epoch  40 training error:  tensor(1.0000, device='cuda:0', grad_fn=<DivBackward0>)
Memory status after this epoch: 
Memory allocated:  9.92138671875
Memory cached:  172.0
	 epoch  50 training error:  tensor(0.9994, device='cuda:0', grad_fn=<DivBackward0>)
Memory status after this epoch: 
Memory allocated:  9.92138671875
Memory cached:  176.0
	 epoch  60 training error:  tensor(0.9988, device='cuda:0', grad_fn=<DivBackward0>)
Memory status after this epoch: 
Memory allocated:  9.92138671875
Memory cached:  176.0
	 epoch  70 training error:  tensor(0.9973, device='cuda:0', grad_fn=<DivBackward0>)
Memory status after this epoch: 
Memory allocated:  9.92138671875
Memory cached:  174.0
	 epoch  80 training error:  tensor(0.9910, device='cuda:0', grad_fn=<DivBackward0>)
Memory status after this epoch: 
Memory allocated:  9.92138671875
Memory cached:  176.0
	 epoch  90 training error:  tensor(0.9643, device='cuda:0', grad_fn=<DivBackward0>)
Memory status after this epoch: 
Memory allocated:  9.92138671875
Memory cached:  176.0
[I 2023-11-09 20:15:59,849] Trial 29 finished with value: 0.9041817784309387 and parameters: {'W_layers': 2, 'W_layer_units_exponent_0': 10, 'W_layer_units_exponent_1': 9, 'D_layers': 5, 'D_layer_units_exponent_0': 8, 'D_layer_units_exponent_1': 6, 'D_layer_units_exponent_2': 7, 'D_layer_units_exponent_3': 7, 'D_layer_units_exponent_4': 5, 'D_dagger_layers': 2, 'D_dagger_layer_units_exponent_0': 8, 'D_dagger_layer_units_exponent_1': 8, 'log_learning_rate': -2.9350074233766423, 'log_learning_rate_D': -3.633396435462659, 'log_learning_rate_D_dagger': -2.933294689379284, 'training_batch_size': 10, 'training_p': 4}. Best is trial 17 with value: 0.029176300391554832.
Time for this trial:  151.95442914962769
Memory status after this trial: 
Memory allocated:  147.416015625
Memory cached:  166.0
--------------------  Trial  30   --------------------
Start timing: 
Parameters: 
{'W_layers': 5, 'W_layer_units_exponent_0': 6, 'W_layer_units_exponent_1': 5, 'W_layer_units_exponent_2': 6, 'W_layer_units_exponent_3': 9, 'W_layer_units_exponent_4': 7, 'D_layers': 7, 'D_layer_units_exponent_0': 5, 'D_layer_units_exponent_1': 7, 'D_layer_units_exponent_2': 9, 'D_layer_units_exponent_3': 6, 'D_layer_units_exponent_4': 8, 'D_layer_units_exponent_5': 4, 'D_layer_units_exponent_6': 7, 'D_dagger_layers': 4, 'D_dagger_layer_units_exponent_0': 10, 'D_dagger_layer_units_exponent_1': 7, 'D_dagger_layer_units_exponent_2': 8, 'D_dagger_layer_units_exponent_3': 9, 'log_learning_rate': -3.7720393514354327, 'log_learning_rate_D': -3.129783912348027, 'log_learning_rate_D_dagger': -3.8810828028473146, 'training_batch_size': 10, 'training_p': 5}
	 epoch  0 training error:  tensor(1.5297, device='cuda:0', grad_fn=<DivBackward0>)
Memory status after this epoch: 
Memory allocated:  8.18701171875
Memory cached:  144.0
	 epoch  10 training error:  tensor(0.1241, device='cuda:0', grad_fn=<DivBackward0>)
Memory status after this epoch: 
Memory allocated:  8.18701171875
Memory cached:  268.0
	 epoch  20 training error:  tensor(0.1013, device='cuda:0', grad_fn=<DivBackward0>)
Memory status after this epoch: 
Memory allocated:  8.18701171875
Memory cached:  262.0
	 epoch  30 training error:  tensor(0.0854, device='cuda:0', grad_fn=<DivBackward0>)
Memory status after this epoch: 
Memory allocated:  8.18701171875
Memory cached:  254.0
	 epoch  40 training error:  tensor(0.0611, device='cuda:0', grad_fn=<DivBackward0>)
Memory status after this epoch: 
Memory allocated:  8.18701171875
Memory cached:  262.0
	 epoch  50 training error:  tensor(0.0480, device='cuda:0', grad_fn=<DivBackward0>)
Memory status after this epoch: 
Memory allocated:  8.18701171875
Memory cached:  264.0
	 epoch  60 training error:  tensor(0.0444, device='cuda:0', grad_fn=<DivBackward0>)
Memory status after this epoch: 
Memory allocated:  8.18701171875
Memory cached:  260.0
	 epoch  70 training error:  tensor(0.0397, device='cuda:0', grad_fn=<DivBackward0>)
Memory status after this epoch: 
Memory allocated:  8.18701171875
Memory cached:  254.0
	 epoch  80 training error:  tensor(0.0477, device='cuda:0', grad_fn=<DivBackward0>)
Memory status after this epoch: 
Memory allocated:  8.18701171875
Memory cached:  268.0
	 epoch  90 training error:  tensor(0.0390, device='cuda:0', grad_fn=<DivBackward0>)
Memory status after this epoch: 
Memory allocated:  8.18701171875
Memory cached:  264.0
[I 2023-11-09 20:19:30,565] Trial 30 finished with value: 0.028251364827156067 and parameters: {'W_layers': 5, 'W_layer_units_exponent_0': 6, 'W_layer_units_exponent_1': 5, 'W_layer_units_exponent_2': 6, 'W_layer_units_exponent_3': 9, 'W_layer_units_exponent_4': 7, 'D_layers': 7, 'D_layer_units_exponent_0': 5, 'D_layer_units_exponent_1': 7, 'D_layer_units_exponent_2': 9, 'D_layer_units_exponent_3': 6, 'D_layer_units_exponent_4': 8, 'D_layer_units_exponent_5': 4, 'D_layer_units_exponent_6': 7, 'D_dagger_layers': 4, 'D_dagger_layer_units_exponent_0': 10, 'D_dagger_layer_units_exponent_1': 7, 'D_dagger_layer_units_exponent_2': 8, 'D_dagger_layer_units_exponent_3': 9, 'log_learning_rate': -3.7720393514354327, 'log_learning_rate_D': -3.129783912348027, 'log_learning_rate_D_dagger': -3.8810828028473146, 'training_batch_size': 10, 'training_p': 5}. Best is trial 30 with value: 0.028251364827156067.
Time for this trial:  210.42594480514526
Memory status after this trial: 
Memory allocated:  210.52294921875
Memory cached:  216.0
--------------------  Trial  31   --------------------
Start timing: 
Parameters: 
{'W_layers': 5, 'W_layer_units_exponent_0': 6, 'W_layer_units_exponent_1': 5, 'W_layer_units_exponent_2': 5, 'W_layer_units_exponent_3': 9, 'W_layer_units_exponent_4': 7, 'D_layers': 8, 'D_layer_units_exponent_0': 5, 'D_layer_units_exponent_1': 7, 'D_layer_units_exponent_2': 9, 'D_layer_units_exponent_3': 6, 'D_layer_units_exponent_4': 8, 'D_layer_units_exponent_5': 4, 'D_layer_units_exponent_6': 7, 'D_layer_units_exponent_7': 7, 'D_dagger_layers': 4, 'D_dagger_layer_units_exponent_0': 10, 'D_dagger_layer_units_exponent_1': 7, 'D_dagger_layer_units_exponent_2': 8, 'D_dagger_layer_units_exponent_3': 9, 'log_learning_rate': -3.847881264352295, 'log_learning_rate_D': -3.248108711351347, 'log_learning_rate_D_dagger': -3.833062032870877, 'training_batch_size': 10, 'training_p': 5}
	 epoch  0 training error:  tensor(0.8051, device='cuda:0', grad_fn=<DivBackward0>)
Memory status after this epoch: 
Memory allocated:  8.17333984375
Memory cached:  148.0
	 epoch  10 training error:  tensor(0.1597, device='cuda:0', grad_fn=<DivBackward0>)
Memory status after this epoch: 
Memory allocated:  8.17333984375
Memory cached:  226.0
	 epoch  20 training error:  tensor(0.1230, device='cuda:0', grad_fn=<DivBackward0>)
Memory status after this epoch: 
Memory allocated:  8.17333984375
Memory cached:  244.0
	 epoch  30 training error:  tensor(0.0901, device='cuda:0', grad_fn=<DivBackward0>)
Memory status after this epoch: 
Memory allocated:  8.17333984375
Memory cached:  246.0
	 epoch  40 training error:  tensor(0.0759, device='cuda:0', grad_fn=<DivBackward0>)
Memory status after this epoch: 
Memory allocated:  8.17333984375
Memory cached:  232.0
	 epoch  50 training error:  tensor(0.0628, device='cuda:0', grad_fn=<DivBackward0>)
Memory status after this epoch: 
Memory allocated:  8.17333984375
Memory cached:  240.0
	 epoch  60 training error:  tensor(0.0466, device='cuda:0', grad_fn=<DivBackward0>)
Memory status after this epoch: 
Memory allocated:  8.17333984375
Memory cached:  236.0
	 epoch  70 training error:  tensor(0.0484, device='cuda:0', grad_fn=<DivBackward0>)
Memory status after this epoch: 
Memory allocated:  8.17333984375
Memory cached:  238.0
	 epoch  80 training error:  tensor(0.0488, device='cuda:0', grad_fn=<DivBackward0>)
Memory status after this epoch: 
Memory allocated:  8.17333984375
Memory cached:  242.0
	 epoch  90 training error:  tensor(0.0412, device='cuda:0', grad_fn=<DivBackward0>)
Memory status after this epoch: 
Memory allocated:  8.17333984375
Memory cached:  226.0
[I 2023-11-09 20:23:09,772] Trial 31 finished with value: 0.031592100858688354 and parameters: {'W_layers': 5, 'W_layer_units_exponent_0': 6, 'W_layer_units_exponent_1': 5, 'W_layer_units_exponent_2': 5, 'W_layer_units_exponent_3': 9, 'W_layer_units_exponent_4': 7, 'D_layers': 8, 'D_layer_units_exponent_0': 5, 'D_layer_units_exponent_1': 7, 'D_layer_units_exponent_2': 9, 'D_layer_units_exponent_3': 6, 'D_layer_units_exponent_4': 8, 'D_layer_units_exponent_5': 4, 'D_layer_units_exponent_6': 7, 'D_layer_units_exponent_7': 7, 'D_dagger_layers': 4, 'D_dagger_layer_units_exponent_0': 10, 'D_dagger_layer_units_exponent_1': 7, 'D_dagger_layer_units_exponent_2': 8, 'D_dagger_layer_units_exponent_3': 9, 'log_learning_rate': -3.847881264352295, 'log_learning_rate_D': -3.248108711351347, 'log_learning_rate_D_dagger': -3.833062032870877, 'training_batch_size': 10, 'training_p': 5}. Best is trial 30 with value: 0.028251364827156067.
Time for this trial:  218.91267943382263
Memory status after this trial: 
Memory allocated:  215.57470703125
Memory cached:  220.0
--------------------  Trial  32   --------------------
Start timing: 
Parameters: 
{'W_layers': 4, 'W_layer_units_exponent_0': 6, 'W_layer_units_exponent_1': 4, 'W_layer_units_exponent_2': 6, 'W_layer_units_exponent_3': 10, 'D_layers': 7, 'D_layer_units_exponent_0': 5, 'D_layer_units_exponent_1': 6, 'D_layer_units_exponent_2': 10, 'D_layer_units_exponent_3': 5, 'D_layer_units_exponent_4': 9, 'D_layer_units_exponent_5': 6, 'D_layer_units_exponent_6': 8, 'D_dagger_layers': 4, 'D_dagger_layer_units_exponent_0': 10, 'D_dagger_layer_units_exponent_1': 7, 'D_dagger_layer_units_exponent_2': 8, 'D_dagger_layer_units_exponent_3': 9, 'log_learning_rate': -3.5152461336739806, 'log_learning_rate_D': -4.280003782908641, 'log_learning_rate_D_dagger': -3.6536977471089274, 'training_batch_size': 11, 'training_p': 6}
	 epoch  0 training error:  tensor(0.4750, device='cuda:0', grad_fn=<DivBackward0>)
Memory status after this epoch: 
Memory allocated:  8.31591796875
Memory cached:  150.0
	 epoch  10 training error:  tensor(0.4117, device='cuda:0', grad_fn=<DivBackward0>)
Memory status after this epoch: 
Memory allocated:  8.31591796875
Memory cached:  276.0
	 epoch  20 training error:  tensor(0.1410, device='cuda:0', grad_fn=<DivBackward0>)
Memory status after this epoch: 
Memory allocated:  8.31591796875
Memory cached:  278.0
	 epoch  30 training error:  tensor(0.1050, device='cuda:0', grad_fn=<DivBackward0>)
Memory status after this epoch: 
Memory allocated:  8.31591796875
Memory cached:  274.0
	 epoch  40 training error:  tensor(0.1015, device='cuda:0', grad_fn=<DivBackward0>)
Memory status after this epoch: 
Memory allocated:  8.31591796875
Memory cached:  284.0
	 epoch  50 training error:  tensor(0.0810, device='cuda:0', grad_fn=<DivBackward0>)
Memory status after this epoch: 
Memory allocated:  8.31591796875
Memory cached:  280.0
	 epoch  60 training error:  tensor(0.0607, device='cuda:0', grad_fn=<DivBackward0>)
Memory status after this epoch: 
Memory allocated:  8.31591796875
Memory cached:  276.0
	 epoch  70 training error:  tensor(0.0540, device='cuda:0', grad_fn=<DivBackward0>)
Memory status after this epoch: 
Memory allocated:  8.31591796875
Memory cached:  274.0
	 epoch  80 training error:  tensor(0.0441, device='cuda:0', grad_fn=<DivBackward0>)
Memory status after this epoch: 
Memory allocated:  8.31591796875
Memory cached:  264.0
	 epoch  90 training error:  tensor(0.0571, device='cuda:0', grad_fn=<DivBackward0>)
Memory status after this epoch: 
Memory allocated:  8.31591796875
Memory cached:  260.0
