[I 2023-10-30 13:40:05,363] Trial 43 finished with value: 1.0 and parameters: {'W_layers': 3, 'W_layer_units_exponent_0': 10, 'W_layer_units_exponent_1': 9, 'W_layer_units_exponent_2': 9, 'D_layers': 2, 'D_layer_units_exponent_0': 9, 'D_layer_units_exponent_1': 8, 'log_learning_rate': -2.2989077063938828, 'log_learning_rate_D': -3.660344914983244, 'training_batch_size': 9, 'training_p': 8}. Best is trial 32 with value: 0.23615007102489471.
Time for this trial:  113.89061307907104
Memory status after this trial: 
Memory allocated:  157.7001953125
Memory cached:  178.0
--------------------  Trial  44   --------------------
Start timing: 
Parameters: 
{'W_layers': 3, 'W_layer_units_exponent_0': 9, 'W_layer_units_exponent_1': 9, 'W_layer_units_exponent_2': 7, 'D_layers': 2, 'D_layer_units_exponent_0': 4, 'D_layer_units_exponent_1': 7, 'log_learning_rate': -2.709810964532414, 'log_learning_rate_D': -2.951963474076272, 'training_batch_size': 10, 'training_p': 7}
	 epoch  0 training error:  tensor(1.0000, device='cuda:0', grad_fn=<DivBackward0>)
Memory status after this epoch: 
Memory allocated:  5.119140625
Memory cached:  12.0
	 epoch  10 training error:  tensor(0.9575, device='cuda:0', grad_fn=<DivBackward0>)
Memory status after this epoch: 
Memory allocated:  5.119140625
Memory cached:  18.0
	 epoch  20 training error:  tensor(0.9689, device='cuda:0', grad_fn=<DivBackward0>)
Memory status after this epoch: 
Memory allocated:  5.119140625
Memory cached:  18.0
	 epoch  30 training error:  tensor(0.6934, device='cuda:0', grad_fn=<DivBackward0>)
Memory status after this epoch: 
Memory allocated:  5.119140625
Memory cached:  20.0
	 epoch  40 training error:  tensor(0.3678, device='cuda:0', grad_fn=<DivBackward0>)
Memory status after this epoch: 
Memory allocated:  5.119140625
Memory cached:  18.0
	 epoch  50 training error:  tensor(0.2564, device='cuda:0', grad_fn=<DivBackward0>)
Memory status after this epoch: 
Memory allocated:  5.119140625
Memory cached:  18.0
	 epoch  60 training error:  tensor(0.2688, device='cuda:0', grad_fn=<DivBackward0>)
Memory status after this epoch: 
Memory allocated:  5.119140625
Memory cached:  20.0
	 epoch  70 training error:  tensor(0.2615, device='cuda:0', grad_fn=<DivBackward0>)
Memory status after this epoch: 
Memory allocated:  5.119140625
Memory cached:  18.0
	 epoch  80 training error:  tensor(0.2571, device='cuda:0', grad_fn=<DivBackward0>)
Memory status after this epoch: 
Memory allocated:  5.119140625
Memory cached:  18.0
	 epoch  90 training error:  tensor(0.2563, device='cuda:0', grad_fn=<DivBackward0>)
Memory status after this epoch: 
Memory allocated:  5.119140625
Memory cached:  18.0
[I 2023-10-30 13:41:48,809] Trial 44 finished with value: 0.23614917695522308 and parameters: {'W_layers': 3, 'W_layer_units_exponent_0': 9, 'W_layer_units_exponent_1': 9, 'W_layer_units_exponent_2': 7, 'D_layers': 2, 'D_layer_units_exponent_0': 4, 'D_layer_units_exponent_1': 7, 'log_learning_rate': -2.709810964532414, 'log_learning_rate_D': -2.951963474076272, 'training_batch_size': 10, 'training_p': 7}. Best is trial 44 with value: 0.23614917695522308.
Time for this trial:  103.25203943252563
Memory status after this trial: 
Memory allocated:  72.50830078125
Memory cached:  76.0
--------------------  Trial  45   --------------------
Start timing: 
Parameters: 
{'W_layers': 3, 'W_layer_units_exponent_0': 9, 'W_layer_units_exponent_1': 10, 'W_layer_units_exponent_2': 8, 'D_layers': 2, 'D_layer_units_exponent_0': 4, 'D_layer_units_exponent_1': 9, 'log_learning_rate': -2.7939364917684433, 'log_learning_rate_D': -2.8205844576771697, 'training_batch_size': 8, 'training_p': 7}
	 epoch  0 training error:  tensor(1.0000, device='cuda:0', grad_fn=<DivBackward0>)
Memory status after this epoch: 
Memory allocated:  12.236328125
Memory cached:  30.0
	 epoch  10 training error:  tensor(0.7140, device='cuda:0', grad_fn=<DivBackward0>)
Memory status after this epoch: 
Memory allocated:  12.236328125
Memory cached:  34.0
	 epoch  20 training error:  tensor(0.2988, device='cuda:0', grad_fn=<DivBackward0>)
Memory status after this epoch: 
Memory allocated:  12.236328125
Memory cached:  34.0
	 epoch  30 training error:  tensor(0.3709, device='cuda:0', grad_fn=<DivBackward0>)
Memory status after this epoch: 
Memory allocated:  12.236328125
Memory cached:  34.0
	 epoch  40 training error:  tensor(0.2871, device='cuda:0', grad_fn=<DivBackward0>)
Memory status after this epoch: 
Memory allocated:  12.236328125
Memory cached:  34.0
	 epoch  50 training error:  tensor(0.2711, device='cuda:0', grad_fn=<DivBackward0>)
Memory status after this epoch: 
Memory allocated:  12.236328125
Memory cached:  34.0
	 epoch  60 training error:  tensor(0.2573, device='cuda:0', grad_fn=<DivBackward0>)
Memory status after this epoch: 
Memory allocated:  12.236328125
Memory cached:  34.0
	 epoch  70 training error:  tensor(0.2579, device='cuda:0', grad_fn=<DivBackward0>)
Memory status after this epoch: 
Memory allocated:  12.236328125
Memory cached:  34.0
	 epoch  80 training error:  tensor(0.2561, device='cuda:0', grad_fn=<DivBackward0>)
Memory status after this epoch: 
Memory allocated:  12.236328125
Memory cached:  34.0
	 epoch  90 training error:  tensor(0.2562, device='cuda:0', grad_fn=<DivBackward0>)
Memory status after this epoch: 
Memory allocated:  12.236328125
Memory cached:  34.0
[I 2023-10-30 13:43:39,166] Trial 45 finished with value: 0.23759575188159943 and parameters: {'W_layers': 3, 'W_layer_units_exponent_0': 9, 'W_layer_units_exponent_1': 10, 'W_layer_units_exponent_2': 8, 'D_layers': 2, 'D_layer_units_exponent_0': 4, 'D_layer_units_exponent_1': 9, 'log_learning_rate': -2.7939364917684433, 'log_learning_rate_D': -2.8205844576771697, 'training_batch_size': 8, 'training_p': 7}. Best is trial 44 with value: 0.23614917695522308.
Time for this trial:  110.16203832626343
Memory status after this trial: 
Memory allocated:  130.54931640625
Memory cached:  150.0
--------------------  Trial  46   --------------------
Start timing: 
Parameters: 
{'W_layers': 2, 'W_layer_units_exponent_0': 8, 'W_layer_units_exponent_1': 9, 'D_layers': 3, 'D_layer_units_exponent_0': 4, 'D_layer_units_exponent_1': 5, 'D_layer_units_exponent_2': 10, 'log_learning_rate': -2.711764158091451, 'log_learning_rate_D': -2.468631151870943, 'training_batch_size': 10, 'training_p': 5}
	 epoch  0 training error:  tensor(1.0000, device='cuda:0', grad_fn=<DivBackward0>)
Memory status after this epoch: 
Memory allocated:  2.61328125
Memory cached:  10.0
	 epoch  10 training error:  tensor(0.5228, device='cuda:0', grad_fn=<DivBackward0>)
Memory status after this epoch: 
Memory allocated:  2.61328125
Memory cached:  12.0
	 epoch  20 training error:  tensor(0.3243, device='cuda:0', grad_fn=<DivBackward0>)
Memory status after this epoch: 
Memory allocated:  2.61328125
Memory cached:  12.0
	 epoch  30 training error:  tensor(0.2941, device='cuda:0', grad_fn=<DivBackward0>)
Memory status after this epoch: 
Memory allocated:  2.61328125
Memory cached:  12.0
	 epoch  40 training error:  tensor(0.2677, device='cuda:0', grad_fn=<DivBackward0>)
Memory status after this epoch: 
Memory allocated:  2.61328125
Memory cached:  12.0
	 epoch  50 training error:  tensor(0.2565, device='cuda:0', grad_fn=<DivBackward0>)
Memory status after this epoch: 
Memory allocated:  2.61328125
Memory cached:  12.0
	 epoch  60 training error:  tensor(0.2544, device='cuda:0', grad_fn=<DivBackward0>)
Memory status after this epoch: 
Memory allocated:  2.61328125
Memory cached:  12.0
	 epoch  70 training error:  tensor(0.2535, device='cuda:0', grad_fn=<DivBackward0>)
Memory status after this epoch: 
Memory allocated:  2.61328125
Memory cached:  12.0
	 epoch  80 training error:  tensor(0.2526, device='cuda:0', grad_fn=<DivBackward0>)
Memory status after this epoch: 
Memory allocated:  2.61328125
Memory cached:  12.0
	 epoch  90 training error:  tensor(0.2527, device='cuda:0', grad_fn=<DivBackward0>)
Memory status after this epoch: 
Memory allocated:  2.61328125
Memory cached:  12.0
[I 2023-10-30 13:45:26,925] Trial 46 finished with value: 0.23704476654529572 and parameters: {'W_layers': 2, 'W_layer_units_exponent_0': 8, 'W_layer_units_exponent_1': 9, 'D_layers': 3, 'D_layer_units_exponent_0': 4, 'D_layer_units_exponent_1': 5, 'D_layer_units_exponent_2': 10, 'log_learning_rate': -2.711764158091451, 'log_learning_rate_D': -2.468631151870943, 'training_batch_size': 10, 'training_p': 5}. Best is trial 44 with value: 0.23614917695522308.
Time for this trial:  107.5618314743042
Memory status after this trial: 
Memory allocated:  99.8125
Memory cached:  102.0
--------------------  Trial  47   --------------------
Start timing: 
Parameters: 
{'W_layers': 3, 'W_layer_units_exponent_0': 7, 'W_layer_units_exponent_1': 10, 'W_layer_units_exponent_2': 9, 'D_layers': 2, 'D_layer_units_exponent_0': 4, 'D_layer_units_exponent_1': 7, 'log_learning_rate': -3.2956233244775914, 'log_learning_rate_D': -2.593840765453205, 'training_batch_size': 11, 'training_p': 7}
	 epoch  0 training error:  tensor(1.0000, device='cuda:0', grad_fn=<DivBackward0>)
Memory status after this epoch: 
Memory allocated:  10.115234375
Memory cached:  30.0
	 epoch  10 training error:  tensor(0.9910, device='cuda:0', grad_fn=<DivBackward0>)
Memory status after this epoch: 
Memory allocated:  10.115234375
Memory cached:  32.0
	 epoch  20 training error:  tensor(0.5306, device='cuda:0', grad_fn=<DivBackward0>)
Memory status after this epoch: 
Memory allocated:  10.115234375
Memory cached:  32.0
	 epoch  30 training error:  tensor(0.2770, device='cuda:0', grad_fn=<DivBackward0>)
Memory status after this epoch: 
Memory allocated:  10.115234375
Memory cached:  32.0
	 epoch  40 training error:  tensor(0.2649, device='cuda:0', grad_fn=<DivBackward0>)
Memory status after this epoch: 
Memory allocated:  10.115234375
Memory cached:  32.0
	 epoch  50 training error:  tensor(0.2593, device='cuda:0', grad_fn=<DivBackward0>)
Memory status after this epoch: 
Memory allocated:  10.115234375
Memory cached:  32.0
	 epoch  60 training error:  tensor(0.2570, device='cuda:0', grad_fn=<DivBackward0>)
Memory status after this epoch: 
Memory allocated:  10.115234375
Memory cached:  32.0
	 epoch  70 training error:  tensor(0.2562, device='cuda:0', grad_fn=<DivBackward0>)
Memory status after this epoch: 
Memory allocated:  10.115234375
Memory cached:  32.0
	 epoch  80 training error:  tensor(0.2563, device='cuda:0', grad_fn=<DivBackward0>)
Memory status after this epoch: 
Memory allocated:  10.115234375
Memory cached:  32.0
	 epoch  90 training error:  tensor(0.2561, device='cuda:0', grad_fn=<DivBackward0>)
Memory status after this epoch: 
Memory allocated:  10.115234375
Memory cached:  32.0
[I 2023-10-30 13:47:13,409] Trial 47 finished with value: 0.2374637871980667 and parameters: {'W_layers': 3, 'W_layer_units_exponent_0': 7, 'W_layer_units_exponent_1': 10, 'W_layer_units_exponent_2': 9, 'D_layers': 2, 'D_layer_units_exponent_0': 4, 'D_layer_units_exponent_1': 7, 'log_learning_rate': -3.2956233244775914, 'log_learning_rate_D': -2.593840765453205, 'training_batch_size': 11, 'training_p': 7}. Best is trial 44 with value: 0.23614917695522308.
Time for this trial:  106.29401755332947
Memory status after this trial: 
Memory allocated:  102.35009765625
Memory cached:  120.0
--------------------  Trial  48   --------------------
Start timing: 
Parameters: 
{'W_layers': 2, 'W_layer_units_exponent_0': 10, 'W_layer_units_exponent_1': 9, 'D_layers': 5, 'D_layer_units_exponent_0': 6, 'D_layer_units_exponent_1': 6, 'D_layer_units_exponent_2': 5, 'D_layer_units_exponent_3': 8, 'D_layer_units_exponent_4': 4, 'log_learning_rate': -2.8814133962251436, 'log_learning_rate_D': -3.5628032026666667, 'training_batch_size': 9, 'training_p': 6}
	 epoch  0 training error:  tensor(1.0004, device='cuda:0', grad_fn=<DivBackward0>)
Memory status after this epoch: 
Memory allocated:  8.412109375
Memory cached:  28.0
	 epoch  10 training error:  tensor(0.6482, device='cuda:0', grad_fn=<DivBackward0>)
Memory status after this epoch: 
Memory allocated:  8.412109375
Memory cached:  30.0
	 epoch  20 training error:  tensor(0.4239, device='cuda:0', grad_fn=<DivBackward0>)
Memory status after this epoch: 
Memory allocated:  8.412109375
Memory cached:  30.0
	 epoch  30 training error:  tensor(0.2826, device='cuda:0', grad_fn=<DivBackward0>)
Memory status after this epoch: 
Memory allocated:  8.412109375
Memory cached:  30.0
	 epoch  40 training error:  tensor(0.2778, device='cuda:0', grad_fn=<DivBackward0>)
Memory status after this epoch: 
Memory allocated:  8.412109375
Memory cached:  30.0
	 epoch  50 training error:  tensor(0.2560, device='cuda:0', grad_fn=<DivBackward0>)
Memory status after this epoch: 
Memory allocated:  8.412109375
Memory cached:  30.0
	 epoch  60 training error:  tensor(0.2547, device='cuda:0', grad_fn=<DivBackward0>)
Memory status after this epoch: 
Memory allocated:  8.412109375
Memory cached:  30.0
	 epoch  70 training error:  tensor(0.2547, device='cuda:0', grad_fn=<DivBackward0>)
Memory status after this epoch: 
Memory allocated:  8.412109375
Memory cached:  30.0
	 epoch  80 training error:  tensor(0.2549, device='cuda:0', grad_fn=<DivBackward0>)
Memory status after this epoch: 
Memory allocated:  8.412109375
Memory cached:  30.0
	 epoch  90 training error:  tensor(0.2548, device='cuda:0', grad_fn=<DivBackward0>)
Memory status after this epoch: 
Memory allocated:  8.412109375
Memory cached:  30.0
[I 2023-10-30 13:49:15,918] Trial 48 finished with value: 0.2372291088104248 and parameters: {'W_layers': 2, 'W_layer_units_exponent_0': 10, 'W_layer_units_exponent_1': 9, 'D_layers': 5, 'D_layer_units_exponent_0': 6, 'D_layer_units_exponent_1': 6, 'D_layer_units_exponent_2': 5, 'D_layer_units_exponent_3': 8, 'D_layer_units_exponent_4': 4, 'log_learning_rate': -2.8814133962251436, 'log_learning_rate_D': -3.5628032026666667, 'training_batch_size': 9, 'training_p': 6}. Best is trial 44 with value: 0.23614917695522308.
Time for this trial:  122.29903101921082
Memory status after this trial: 
Memory allocated:  109.8896484375
Memory cached:  128.0
--------------------  Trial  49   --------------------
Start timing: 
Parameters: 
{'W_layers': 3, 'W_layer_units_exponent_0': 7, 'W_layer_units_exponent_1': 7, 'W_layer_units_exponent_2': 7, 'D_layers': 4, 'D_layer_units_exponent_0': 4, 'D_layer_units_exponent_1': 8, 'D_layer_units_exponent_2': 9, 'D_layer_units_exponent_3': 8, 'log_learning_rate': -2.29171389845251, 'log_learning_rate_D': -2.917837827682739, 'training_batch_size': 8, 'training_p': 4}
	 epoch  0 training error:  tensor(1.0001, device='cuda:0', grad_fn=<DivBackward0>)
Memory status after this epoch: 
Memory allocated:  4.63671875
Memory cached:  6.0
	 epoch  10 training error:  tensor(0.2956, device='cuda:0', grad_fn=<DivBackward0>)
Memory status after this epoch: 
Memory allocated:  4.63671875
Memory cached:  10.0
	 epoch  20 training error:  tensor(0.2951, device='cuda:0', grad_fn=<DivBackward0>)
Memory status after this epoch: 
Memory allocated:  4.63671875
Memory cached:  10.0
	 epoch  30 training error:  tensor(0.2507, device='cuda:0', grad_fn=<DivBackward0>)
Memory status after this epoch: 
Memory allocated:  4.63671875
Memory cached:  10.0
	 epoch  40 training error:  tensor(0.2524, device='cuda:0', grad_fn=<DivBackward0>)
Memory status after this epoch: 
Memory allocated:  4.63671875
Memory cached:  10.0
	 epoch  50 training error:  tensor(0.2500, device='cuda:0', grad_fn=<DivBackward0>)
Memory status after this epoch: 
Memory allocated:  4.63671875
Memory cached:  10.0
	 epoch  60 training error:  tensor(0.2501, device='cuda:0', grad_fn=<DivBackward0>)
Memory status after this epoch: 
Memory allocated:  4.63671875
Memory cached:  10.0
	 epoch  70 training error:  tensor(0.2497, device='cuda:0', grad_fn=<DivBackward0>)
Memory status after this epoch: 
Memory allocated:  4.63671875
Memory cached:  10.0
	 epoch  80 training error:  tensor(0.2495, device='cuda:0', grad_fn=<DivBackward0>)
Memory status after this epoch: 
Memory allocated:  4.63671875
Memory cached:  10.0
	 epoch  90 training error:  tensor(0.2494, device='cuda:0', grad_fn=<DivBackward0>)
Memory status after this epoch: 
Memory allocated:  4.63671875
Memory cached:  10.0
[I 2023-10-30 13:51:15,204] Trial 49 finished with value: 0.23693092167377472 and parameters: {'W_layers': 3, 'W_layer_units_exponent_0': 7, 'W_layer_units_exponent_1': 7, 'W_layer_units_exponent_2': 7, 'D_layers': 4, 'D_layer_units_exponent_0': 4, 'D_layer_units_exponent_1': 8, 'D_layer_units_exponent_2': 9, 'D_layer_units_exponent_3': 8, 'log_learning_rate': -2.29171389845251, 'log_learning_rate_D': -2.917837827682739, 'training_batch_size': 8, 'training_p': 4}. Best is trial 44 with value: 0.23614917695522308.
[I 2023-10-30 13:51:15,222] A new study created in memory with name: no-name-4fc22ec4-8a77-4e31-9f3c-707927d3294f
Time for this trial:  119.06924152374268
Memory status after this trial: 
Memory allocated:  78.62451171875
Memory cached:  82.0
--------------------  Trial  0   --------------------
Start timing: 
Parameters: 
{'W_layers': 4, 'W_layer_units_exponent_0': 7, 'W_layer_units_exponent_1': 10, 'W_layer_units_exponent_2': 10, 'W_layer_units_exponent_3': 7, 'D_layers': 2, 'D_layer_units_exponent_0': 10, 'D_layer_units_exponent_1': 5, 'log_learning_rate': -1.6309413656919243, 'log_learning_rate_D': -2.431402822255161, 'training_batch_size': 12, 'training_p': 6}
	 epoch  0 training error:  tensor(1.0000, device='cuda:0', grad_fn=<DivBackward0>)
Memory status after this epoch: 
Memory allocated:  20.6669921875
Memory cached:  30.0
	 epoch  10 training error:  tensor(1., device='cuda:0', grad_fn=<DivBackward0>)
Memory status after this epoch: 
Memory allocated:  20.6669921875
Memory cached:  36.0
	 epoch  20 training error:  tensor(1., device='cuda:0', grad_fn=<DivBackward0>)
Memory status after this epoch: 
Memory allocated:  20.6669921875
Memory cached:  36.0
	 epoch  30 training error:  tensor(1., device='cuda:0', grad_fn=<DivBackward0>)
Memory status after this epoch: 
Memory allocated:  20.6669921875
Memory cached:  36.0
	 epoch  40 training error:  tensor(1., device='cuda:0', grad_fn=<DivBackward0>)
Memory status after this epoch: 
Memory allocated:  20.6669921875
Memory cached:  36.0
	 epoch  50 training error:  tensor(1., device='cuda:0', grad_fn=<DivBackward0>)
Memory status after this epoch: 
Memory allocated:  20.6669921875
Memory cached:  36.0
	 epoch  60 training error:  tensor(1., device='cuda:0', grad_fn=<DivBackward0>)
Memory status after this epoch: 
Memory allocated:  20.6669921875
Memory cached:  36.0
	 epoch  70 training error:  tensor(1., device='cuda:0', grad_fn=<DivBackward0>)
Memory status after this epoch: 
Memory allocated:  20.6669921875
Memory cached:  36.0
	 epoch  80 training error:  tensor(1., device='cuda:0', grad_fn=<DivBackward0>)
Memory status after this epoch: 
Memory allocated:  20.6669921875
Memory cached:  36.0
	 epoch  90 training error:  tensor(1., device='cuda:0', grad_fn=<DivBackward0>)
Memory status after this epoch: 
Memory allocated:  20.6669921875
Memory cached:  36.0
[I 2023-10-30 13:53:19,157] Trial 0 finished with value: 1.0 and parameters: {'W_layers': 4, 'W_layer_units_exponent_0': 7, 'W_layer_units_exponent_1': 10, 'W_layer_units_exponent_2': 10, 'W_layer_units_exponent_3': 7, 'D_layers': 2, 'D_layer_units_exponent_0': 10, 'D_layer_units_exponent_1': 5, 'log_learning_rate': -1.6309413656919243, 'log_learning_rate_D': -2.431402822255161, 'training_batch_size': 12, 'training_p': 6}. Best is trial 0 with value: 1.0.
Time for this trial:  123.82337212562561
Memory status after this trial: 
Memory allocated:  189.85595703125
Memory cached:  206.0
--------------------  Trial  1   --------------------
Start timing: 
Parameters: 
{'W_layers': 3, 'W_layer_units_exponent_0': 7, 'W_layer_units_exponent_1': 4, 'W_layer_units_exponent_2': 8, 'D_layers': 5, 'D_layer_units_exponent_0': 8, 'D_layer_units_exponent_1': 6, 'D_layer_units_exponent_2': 9, 'D_layer_units_exponent_3': 4, 'D_layer_units_exponent_4': 6, 'log_learning_rate': -4.569209084493309, 'log_learning_rate_D': -3.0383055002823816, 'training_batch_size': 10, 'training_p': 6}
	 epoch  0 training error:  tensor(1.0000, device='cuda:0', grad_fn=<DivBackward0>)
Memory status after this epoch: 
Memory allocated:  1.0791015625
Memory cached:  12.0
	 epoch  10 training error:  tensor(0.9999, device='cuda:0', grad_fn=<DivBackward0>)
Memory status after this epoch: 
Memory allocated:  1.0791015625
Memory cached:  16.0
	 epoch  20 training error:  tensor(0.9999, device='cuda:0', grad_fn=<DivBackward0>)
Memory status after this epoch: 
Memory allocated:  1.0791015625
Memory cached:  16.0
	 epoch  30 training error:  tensor(0.9998, device='cuda:0', grad_fn=<DivBackward0>)
Memory status after this epoch: 
Memory allocated:  1.0791015625
Memory cached:  16.0
	 epoch  40 training error:  tensor(0.9998, device='cuda:0', grad_fn=<DivBackward0>)
Memory status after this epoch: 
Memory allocated:  1.0791015625
Memory cached:  16.0
	 epoch  50 training error:  tensor(0.9996, device='cuda:0', grad_fn=<DivBackward0>)
Memory status after this epoch: 
Memory allocated:  1.0791015625
Memory cached:  16.0
	 epoch  60 training error:  tensor(0.9919, device='cuda:0', grad_fn=<DivBackward0>)
Memory status after this epoch: 
Memory allocated:  1.0791015625
Memory cached:  16.0
	 epoch  70 training error:  tensor(0.9996, device='cuda:0', grad_fn=<DivBackward0>)
Memory status after this epoch: 
Memory allocated:  1.0791015625
Memory cached:  16.0
	 epoch  80 training error:  tensor(0.9996, device='cuda:0', grad_fn=<DivBackward0>)
Memory status after this epoch: 
Memory allocated:  1.0791015625
Memory cached:  16.0
	 epoch  90 training error:  tensor(0.9996, device='cuda:0', grad_fn=<DivBackward0>)
Memory status after this epoch: 
Memory allocated:  1.0791015625
Memory cached:  16.0
