[I 2023-10-30 11:39:32,442] Trial 14 finished with value: 0.9967118501663208 and parameters: {'W_layers': 2, 'W_layer_units_exponent_0': 7, 'W_layer_units_exponent_1': 4, 'D_layers': 4, 'D_layer_units_exponent_0': 4, 'D_layer_units_exponent_1': 4, 'D_layer_units_exponent_2': 10, 'D_layer_units_exponent_3': 10, 'log_learning_rate': -4.802897719564425, 'log_learning_rate_D': -4.976147610766253, 'training_batch_size': 10, 'training_p': 2}. Best is trial 4 with value: 0.23676200211048126.
Time for this trial:  115.79367232322693
Memory status after this trial: 
Memory allocated:  127.0068359375
Memory cached:  140.0
--------------------  Trial  15   --------------------
Start timing: 
Parameters: 
{'W_layers': 2, 'W_layer_units_exponent_0': 7, 'W_layer_units_exponent_1': 9, 'D_layers': 5, 'D_layer_units_exponent_0': 4, 'D_layer_units_exponent_1': 4, 'D_layer_units_exponent_2': 10, 'D_layer_units_exponent_3': 7, 'D_layer_units_exponent_4': 4, 'log_learning_rate': -3.567038877405748, 'log_learning_rate_D': -1.335991070122561, 'training_batch_size': 6, 'training_p': 6}
	 epoch  0 training error:  tensor(0.9996, device='cuda:0', grad_fn=<DivBackward0>)
Memory status after this epoch: 
Memory allocated:  3.3466796875
Memory cached:  18.0
[W 2023-10-30 11:39:39,754] Trial 15 failed with parameters: {'W_layers': 2, 'W_layer_units_exponent_0': 7, 'W_layer_units_exponent_1': 9, 'D_layers': 5, 'D_layer_units_exponent_0': 4, 'D_layer_units_exponent_1': 4, 'D_layer_units_exponent_2': 10, 'D_layer_units_exponent_3': 7, 'D_layer_units_exponent_4': 4, 'log_learning_rate': -3.567038877405748, 'log_learning_rate_D': -1.335991070122561, 'training_batch_size': 6, 'training_p': 6} because of the following error: The value nan is not acceptable.
[W 2023-10-30 11:39:39,755] Trial 15 failed with value tensor(nan, device='cuda:0', grad_fn=<DivBackward0>).
Time for this trial:  7.119872808456421
Memory status after this trial: 
Memory allocated:  100.46142578125
Memory cached:  104.0
--------------------  Trial  16   --------------------
Start timing: 
Parameters: 
{'W_layers': 2, 'W_layer_units_exponent_0': 7, 'W_layer_units_exponent_1': 9, 'D_layers': 5, 'D_layer_units_exponent_0': 4, 'D_layer_units_exponent_1': 4, 'D_layer_units_exponent_2': 10, 'D_layer_units_exponent_3': 7, 'D_layer_units_exponent_4': 4, 'log_learning_rate': -3.55085731010885, 'log_learning_rate_D': -1.0505657308390064, 'training_batch_size': 6, 'training_p': 6}
	 epoch  0 training error:  tensor(0.9959, device='cuda:0', grad_fn=<DivBackward0>)
Memory status after this epoch: 
Memory allocated:  3.3466796875
Memory cached:  10.0
[W 2023-10-30 11:39:44,983] Trial 16 failed with parameters: {'W_layers': 2, 'W_layer_units_exponent_0': 7, 'W_layer_units_exponent_1': 9, 'D_layers': 5, 'D_layer_units_exponent_0': 4, 'D_layer_units_exponent_1': 4, 'D_layer_units_exponent_2': 10, 'D_layer_units_exponent_3': 7, 'D_layer_units_exponent_4': 4, 'log_learning_rate': -3.55085731010885, 'log_learning_rate_D': -1.0505657308390064, 'training_batch_size': 6, 'training_p': 6} because of the following error: The value nan is not acceptable.
[W 2023-10-30 11:39:44,984] Trial 16 failed with value tensor(nan, device='cuda:0', grad_fn=<DivBackward0>).
Time for this trial:  5.016676187515259
Memory status after this trial: 
Memory allocated:  100.46142578125
Memory cached:  104.0
--------------------  Trial  17   --------------------
Start timing: 
Parameters: 
{'W_layers': 2, 'W_layer_units_exponent_0': 7, 'W_layer_units_exponent_1': 9, 'D_layers': 5, 'D_layer_units_exponent_0': 4, 'D_layer_units_exponent_1': 4, 'D_layer_units_exponent_2': 10, 'D_layer_units_exponent_3': 7, 'D_layer_units_exponent_4': 4, 'log_learning_rate': -3.5824139540198208, 'log_learning_rate_D': -1.3391837649612115, 'training_batch_size': 6, 'training_p': 6}
	 epoch  0 training error:  tensor(1.0044, device='cuda:0', grad_fn=<DivBackward0>)
Memory status after this epoch: 
Memory allocated:  3.3466796875
Memory cached:  14.0
[W 2023-10-30 11:39:52,245] Trial 17 failed with parameters: {'W_layers': 2, 'W_layer_units_exponent_0': 7, 'W_layer_units_exponent_1': 9, 'D_layers': 5, 'D_layer_units_exponent_0': 4, 'D_layer_units_exponent_1': 4, 'D_layer_units_exponent_2': 10, 'D_layer_units_exponent_3': 7, 'D_layer_units_exponent_4': 4, 'log_learning_rate': -3.5824139540198208, 'log_learning_rate_D': -1.3391837649612115, 'training_batch_size': 6, 'training_p': 6} because of the following error: The value nan is not acceptable.
[W 2023-10-30 11:39:52,246] Trial 17 failed with value tensor(nan, device='cuda:0', grad_fn=<DivBackward0>).
Time for this trial:  7.054548501968384
Memory status after this trial: 
Memory allocated:  100.46142578125
Memory cached:  104.0
--------------------  Trial  18   --------------------
Start timing: 
Parameters: 
{'W_layers': 2, 'W_layer_units_exponent_0': 7, 'W_layer_units_exponent_1': 10, 'D_layers': 5, 'D_layer_units_exponent_0': 4, 'D_layer_units_exponent_1': 4, 'D_layer_units_exponent_2': 10, 'D_layer_units_exponent_3': 7, 'D_layer_units_exponent_4': 4, 'log_learning_rate': -3.5584965346093815, 'log_learning_rate_D': -1.0538887514615034, 'training_batch_size': 6, 'training_p': 6}
	 epoch  0 training error:  tensor(0.9998, device='cuda:0', grad_fn=<DivBackward0>)
Memory status after this epoch: 
Memory allocated:  4.3623046875
Memory cached:  16.0
[W 2023-10-30 11:39:57,501] Trial 18 failed with parameters: {'W_layers': 2, 'W_layer_units_exponent_0': 7, 'W_layer_units_exponent_1': 10, 'D_layers': 5, 'D_layer_units_exponent_0': 4, 'D_layer_units_exponent_1': 4, 'D_layer_units_exponent_2': 10, 'D_layer_units_exponent_3': 7, 'D_layer_units_exponent_4': 4, 'log_learning_rate': -3.5584965346093815, 'log_learning_rate_D': -1.0538887514615034, 'training_batch_size': 6, 'training_p': 6} because of the following error: The value nan is not acceptable.
[W 2023-10-30 11:39:57,502] Trial 18 failed with value tensor(nan, device='cuda:0', grad_fn=<DivBackward0>).
Time for this trial:  5.04845929145813
Memory status after this trial: 
Memory allocated:  128.31298828125
Memory cached:  132.0
--------------------  Trial  19   --------------------
Start timing: 
Parameters: 
{'W_layers': 2, 'W_layer_units_exponent_0': 7, 'W_layer_units_exponent_1': 9, 'D_layers': 5, 'D_layer_units_exponent_0': 4, 'D_layer_units_exponent_1': 4, 'D_layer_units_exponent_2': 9, 'D_layer_units_exponent_3': 7, 'D_layer_units_exponent_4': 4, 'log_learning_rate': -3.6007234218806996, 'log_learning_rate_D': -1.0235567491698836, 'training_batch_size': 6, 'training_p': 6}
	 epoch  0 training error:  tensor(1.0020, device='cuda:0', grad_fn=<DivBackward0>)
Memory status after this epoch: 
Memory allocated:  2.2138671875
Memory cached:  10.0
[W 2023-10-30 11:40:02,631] Trial 19 failed with parameters: {'W_layers': 2, 'W_layer_units_exponent_0': 7, 'W_layer_units_exponent_1': 9, 'D_layers': 5, 'D_layer_units_exponent_0': 4, 'D_layer_units_exponent_1': 4, 'D_layer_units_exponent_2': 9, 'D_layer_units_exponent_3': 7, 'D_layer_units_exponent_4': 4, 'log_learning_rate': -3.6007234218806996, 'log_learning_rate_D': -1.0235567491698836, 'training_batch_size': 6, 'training_p': 6} because of the following error: The value nan is not acceptable.
[W 2023-10-30 11:40:02,632] Trial 19 failed with value tensor(nan, device='cuda:0', grad_fn=<DivBackward0>).
Time for this trial:  4.919927597045898
Memory status after this trial: 
Memory allocated:  72.82470703125
Memory cached:  76.0
--------------------  Trial  20   --------------------
Start timing: 
Parameters: 
{'W_layers': 2, 'W_layer_units_exponent_0': 7, 'W_layer_units_exponent_1': 9, 'D_layers': 5, 'D_layer_units_exponent_0': 4, 'D_layer_units_exponent_1': 4, 'D_layer_units_exponent_2': 10, 'D_layer_units_exponent_3': 7, 'D_layer_units_exponent_4': 4, 'log_learning_rate': -3.5378161085047606, 'log_learning_rate_D': -1.374060918433734, 'training_batch_size': 6, 'training_p': 6}
	 epoch  0 training error:  tensor(0.9987, device='cuda:0', grad_fn=<DivBackward0>)
Memory status after this epoch: 
Memory allocated:  3.3466796875
Memory cached:  12.0
[W 2023-10-30 11:40:07,776] Trial 20 failed with parameters: {'W_layers': 2, 'W_layer_units_exponent_0': 7, 'W_layer_units_exponent_1': 9, 'D_layers': 5, 'D_layer_units_exponent_0': 4, 'D_layer_units_exponent_1': 4, 'D_layer_units_exponent_2': 10, 'D_layer_units_exponent_3': 7, 'D_layer_units_exponent_4': 4, 'log_learning_rate': -3.5378161085047606, 'log_learning_rate_D': -1.374060918433734, 'training_batch_size': 6, 'training_p': 6} because of the following error: The value nan is not acceptable.
[W 2023-10-30 11:40:07,776] Trial 20 failed with value tensor(nan, device='cuda:0', grad_fn=<DivBackward0>).
Time for this trial:  4.9438886642456055
Memory status after this trial: 
Memory allocated:  100.46142578125
Memory cached:  104.0
--------------------  Trial  21   --------------------
Start timing: 
Parameters: 
{'W_layers': 2, 'W_layer_units_exponent_0': 7, 'W_layer_units_exponent_1': 9, 'D_layers': 5, 'D_layer_units_exponent_0': 4, 'D_layer_units_exponent_1': 4, 'D_layer_units_exponent_2': 10, 'D_layer_units_exponent_3': 7, 'D_layer_units_exponent_4': 4, 'log_learning_rate': -3.559435884159847, 'log_learning_rate_D': -1.1580488839457388, 'training_batch_size': 6, 'training_p': 6}
	 epoch  0 training error:  tensor(1.0016, device='cuda:0', grad_fn=<DivBackward0>)
Memory status after this epoch: 
Memory allocated:  3.3466796875
Memory cached:  10.0
[W 2023-10-30 11:40:12,955] Trial 21 failed with parameters: {'W_layers': 2, 'W_layer_units_exponent_0': 7, 'W_layer_units_exponent_1': 9, 'D_layers': 5, 'D_layer_units_exponent_0': 4, 'D_layer_units_exponent_1': 4, 'D_layer_units_exponent_2': 10, 'D_layer_units_exponent_3': 7, 'D_layer_units_exponent_4': 4, 'log_learning_rate': -3.559435884159847, 'log_learning_rate_D': -1.1580488839457388, 'training_batch_size': 6, 'training_p': 6} because of the following error: The value nan is not acceptable.
[W 2023-10-30 11:40:12,956] Trial 21 failed with value tensor(nan, device='cuda:0', grad_fn=<DivBackward0>).
Time for this trial:  4.968547821044922
Memory status after this trial: 
Memory allocated:  100.46142578125
Memory cached:  104.0
--------------------  Trial  22   --------------------
Start timing: 
Parameters: 
{'W_layers': 2, 'W_layer_units_exponent_0': 7, 'W_layer_units_exponent_1': 10, 'D_layers': 5, 'D_layer_units_exponent_0': 4, 'D_layer_units_exponent_1': 4, 'D_layer_units_exponent_2': 10, 'D_layer_units_exponent_3': 7, 'D_layer_units_exponent_4': 4, 'log_learning_rate': -3.4642621603136483, 'log_learning_rate_D': -1.2771771350711836, 'training_batch_size': 8, 'training_p': 6}
	 epoch  0 training error:  tensor(0.9989, device='cuda:0', grad_fn=<DivBackward0>)
Memory status after this epoch: 
Memory allocated:  4.3857421875
Memory cached:  12.0
	 epoch  10 training error:  tensor(0.7304, device='cuda:0', grad_fn=<DivBackward0>)
Memory status after this epoch: 
Memory allocated:  4.3857421875
Memory cached:  18.0
	 epoch  20 training error:  tensor(0.3891, device='cuda:0', grad_fn=<DivBackward0>)
Memory status after this epoch: 
Memory allocated:  4.3857421875
Memory cached:  18.0
	 epoch  30 training error:  tensor(0.2853, device='cuda:0', grad_fn=<DivBackward0>)
Memory status after this epoch: 
Memory allocated:  4.3857421875
Memory cached:  14.0
	 epoch  40 training error:  tensor(0.2587, device='cuda:0', grad_fn=<DivBackward0>)
Memory status after this epoch: 
Memory allocated:  4.3857421875
Memory cached:  16.0
	 epoch  50 training error:  tensor(0.2617, device='cuda:0', grad_fn=<DivBackward0>)
Memory status after this epoch: 
Memory allocated:  4.3857421875
Memory cached:  16.0
	 epoch  60 training error:  tensor(0.2548, device='cuda:0', grad_fn=<DivBackward0>)
Memory status after this epoch: 
Memory allocated:  4.3857421875
Memory cached:  18.0
	 epoch  70 training error:  tensor(0.2553, device='cuda:0', grad_fn=<DivBackward0>)
Memory status after this epoch: 
Memory allocated:  4.3857421875
Memory cached:  18.0
	 epoch  80 training error:  tensor(0.2550, device='cuda:0', grad_fn=<DivBackward0>)
Memory status after this epoch: 
Memory allocated:  4.3857421875
Memory cached:  16.0
	 epoch  90 training error:  tensor(0.2547, device='cuda:0', grad_fn=<DivBackward0>)
Memory status after this epoch: 
Memory allocated:  4.3857421875
Memory cached:  18.0
[I 2023-10-30 11:42:17,466] Trial 22 finished with value: 0.23717021942138672 and parameters: {'W_layers': 2, 'W_layer_units_exponent_0': 7, 'W_layer_units_exponent_1': 10, 'D_layers': 5, 'D_layer_units_exponent_0': 4, 'D_layer_units_exponent_1': 4, 'D_layer_units_exponent_2': 10, 'D_layer_units_exponent_3': 7, 'D_layer_units_exponent_4': 4, 'log_learning_rate': -3.4642621603136483, 'log_learning_rate_D': -1.2771771350711836, 'training_batch_size': 8, 'training_p': 6}. Best is trial 4 with value: 0.23676200211048126.
Time for this trial:  124.31325554847717
Memory status after this trial: 
Memory allocated:  128.31201171875
Memory cached:  132.0
--------------------  Trial  23   --------------------
Start timing: 
Parameters: 
{'W_layers': 2, 'W_layer_units_exponent_0': 6, 'W_layer_units_exponent_1': 8, 'D_layers': 4, 'D_layer_units_exponent_0': 5, 'D_layer_units_exponent_1': 6, 'D_layer_units_exponent_2': 8, 'D_layer_units_exponent_3': 7, 'log_learning_rate': -2.3496045949355104, 'log_learning_rate_D': -2.604975043305969, 'training_batch_size': 6, 'training_p': 4}
	 epoch  0 training error:  tensor(1.0009, device='cuda:0', grad_fn=<DivBackward0>)
Memory status after this epoch: 
Memory allocated:  1.0693359375
Memory cached:  8.0
	 epoch  10 training error:  tensor(0.3238, device='cuda:0', grad_fn=<DivBackward0>)
Memory status after this epoch: 
Memory allocated:  1.0693359375
Memory cached:  8.0
	 epoch  20 training error:  tensor(0.2595, device='cuda:0', grad_fn=<DivBackward0>)
Memory status after this epoch: 
Memory allocated:  1.0693359375
Memory cached:  8.0
	 epoch  30 training error:  tensor(0.2498, device='cuda:0', grad_fn=<DivBackward0>)
Memory status after this epoch: 
Memory allocated:  1.0693359375
Memory cached:  8.0
	 epoch  40 training error:  tensor(0.2497, device='cuda:0', grad_fn=<DivBackward0>)
Memory status after this epoch: 
Memory allocated:  1.0693359375
Memory cached:  8.0
	 epoch  50 training error:  tensor(0.2503, device='cuda:0', grad_fn=<DivBackward0>)
Memory status after this epoch: 
Memory allocated:  1.0693359375
Memory cached:  8.0
	 epoch  60 training error:  tensor(0.2508, device='cuda:0', grad_fn=<DivBackward0>)
Memory status after this epoch: 
Memory allocated:  1.0693359375
Memory cached:  8.0
	 epoch  70 training error:  tensor(0.2493, device='cuda:0', grad_fn=<DivBackward0>)
Memory status after this epoch: 
Memory allocated:  1.0693359375
Memory cached:  8.0
	 epoch  80 training error:  tensor(0.2495, device='cuda:0', grad_fn=<DivBackward0>)
Memory status after this epoch: 
Memory allocated:  1.0693359375
Memory cached:  8.0
	 epoch  90 training error:  tensor(0.2500, device='cuda:0', grad_fn=<DivBackward0>)
Memory status after this epoch: 
Memory allocated:  1.0693359375
Memory cached:  8.0
[I 2023-10-30 11:45:29,833] Trial 23 finished with value: 0.23587961494922638 and parameters: {'W_layers': 2, 'W_layer_units_exponent_0': 6, 'W_layer_units_exponent_1': 8, 'D_layers': 4, 'D_layer_units_exponent_0': 5, 'D_layer_units_exponent_1': 6, 'D_layer_units_exponent_2': 8, 'D_layer_units_exponent_3': 7, 'log_learning_rate': -2.3496045949355104, 'log_learning_rate_D': -2.604975043305969, 'training_batch_size': 6, 'training_p': 4}. Best is trial 23 with value: 0.23587961494922638.
Time for this trial:  192.16214418411255
Memory status after this trial: 
Memory allocated:  43.65771484375
Memory cached:  46.0
--------------------  Trial  24   --------------------
Start timing: 
Parameters: 
{'W_layers': 2, 'W_layer_units_exponent_0': 8, 'W_layer_units_exponent_1': 8, 'D_layers': 4, 'D_layer_units_exponent_0': 6, 'D_layer_units_exponent_1': 8, 'D_layer_units_exponent_2': 8, 'D_layer_units_exponent_3': 6, 'log_learning_rate': -2.443205605776629, 'log_learning_rate_D': -2.215732198915403, 'training_batch_size': 10, 'training_p': 4}
	 epoch  0 training error:  tensor(1.0014, device='cuda:0', grad_fn=<DivBackward0>)
Memory status after this epoch: 
Memory allocated:  2.5712890625
Memory cached:  8.0
	 epoch  10 training error:  tensor(0.2749, device='cuda:0', grad_fn=<DivBackward0>)
Memory status after this epoch: 
Memory allocated:  2.5712890625
Memory cached:  10.0
	 epoch  20 training error:  tensor(0.2498, device='cuda:0', grad_fn=<DivBackward0>)
Memory status after this epoch: 
Memory allocated:  2.5712890625
Memory cached:  10.0
	 epoch  30 training error:  tensor(0.2495, device='cuda:0', grad_fn=<DivBackward0>)
Memory status after this epoch: 
Memory allocated:  2.5712890625
Memory cached:  10.0
	 epoch  40 training error:  tensor(0.2500, device='cuda:0', grad_fn=<DivBackward0>)
Memory status after this epoch: 
Memory allocated:  2.5712890625
Memory cached:  10.0
	 epoch  50 training error:  tensor(0.2507, device='cuda:0', grad_fn=<DivBackward0>)
Memory status after this epoch: 
Memory allocated:  2.5712890625
Memory cached:  10.0
	 epoch  60 training error:  tensor(0.2495, device='cuda:0', grad_fn=<DivBackward0>)
Memory status after this epoch: 
Memory allocated:  2.5712890625
Memory cached:  10.0
	 epoch  70 training error:  tensor(0.2495, device='cuda:0', grad_fn=<DivBackward0>)
Memory status after this epoch: 
Memory allocated:  2.5712890625
Memory cached:  10.0
	 epoch  80 training error:  tensor(0.2494, device='cuda:0', grad_fn=<DivBackward0>)
Memory status after this epoch: 
Memory allocated:  2.5712890625
Memory cached:  10.0
	 epoch  90 training error:  tensor(0.2495, device='cuda:0', grad_fn=<DivBackward0>)
Memory status after this epoch: 
Memory allocated:  2.5712890625
Memory cached:  10.0
[I 2023-10-30 11:47:19,323] Trial 24 finished with value: 0.5111364722251892 and parameters: {'W_layers': 2, 'W_layer_units_exponent_0': 8, 'W_layer_units_exponent_1': 8, 'D_layers': 4, 'D_layer_units_exponent_0': 6, 'D_layer_units_exponent_1': 8, 'D_layer_units_exponent_2': 8, 'D_layer_units_exponent_3': 6, 'log_learning_rate': -2.443205605776629, 'log_learning_rate_D': -2.215732198915403, 'training_batch_size': 10, 'training_p': 4}. Best is trial 23 with value: 0.23587961494922638.
Time for this trial:  109.3019380569458
Memory status after this trial: 
Memory allocated:  63.109375
Memory cached:  66.0
--------------------  Trial  25   --------------------
Start timing: 
Parameters: 
{'W_layers': 2, 'W_layer_units_exponent_0': 6, 'W_layer_units_exponent_1': 8, 'D_layers': 3, 'D_layer_units_exponent_0': 8, 'D_layer_units_exponent_1': 6, 'D_layer_units_exponent_2': 8, 'log_learning_rate': -1.0151372583598959, 'log_learning_rate_D': -2.6267622960215165, 'training_batch_size': 8, 'training_p': 4}
	 epoch  0 training error:  tensor(1.0018, device='cuda:0', grad_fn=<DivBackward0>)
Memory status after this epoch: 
Memory allocated:  0.8154296875
Memory cached:  10.0
	 epoch  10 training error:  tensor(1., device='cuda:0', grad_fn=<DivBackward0>)
Memory status after this epoch: 
Memory allocated:  0.8154296875
Memory cached:  12.0
	 epoch  20 training error:  tensor(1., device='cuda:0', grad_fn=<DivBackward0>)
Memory status after this epoch: 
Memory allocated:  0.8154296875
Memory cached:  12.0
	 epoch  30 training error:  tensor(1., device='cuda:0', grad_fn=<DivBackward0>)
Memory status after this epoch: 
Memory allocated:  0.8154296875
Memory cached:  12.0
	 epoch  40 training error:  tensor(1., device='cuda:0', grad_fn=<DivBackward0>)
Memory status after this epoch: 
Memory allocated:  0.8154296875
Memory cached:  14.0
	 epoch  50 training error:  tensor(1., device='cuda:0', grad_fn=<DivBackward0>)
Memory status after this epoch: 
Memory allocated:  0.8154296875
Memory cached:  12.0
	 epoch  60 training error:  tensor(1., device='cuda:0', grad_fn=<DivBackward0>)
Memory status after this epoch: 
Memory allocated:  0.8154296875
Memory cached:  12.0
	 epoch  70 training error:  tensor(1., device='cuda:0', grad_fn=<DivBackward0>)
Memory status after this epoch: 
Memory allocated:  0.8154296875
Memory cached:  14.0
	 epoch  80 training error:  tensor(1., device='cuda:0', grad_fn=<DivBackward0>)
Memory status after this epoch: 
Memory allocated:  0.8154296875
Memory cached:  14.0
	 epoch  90 training error:  tensor(1., device='cuda:0', grad_fn=<DivBackward0>)
Memory status after this epoch: 
Memory allocated:  0.8154296875
Memory cached:  14.0
