[I 2023-11-06 23:11:32,045] Trial 37 finished with value: 0.057359546422958374 and parameters: {'W_layers': 2, 'W_layer_units_exponent_0': 8, 'W_layer_units_exponent_1': 10, 'D_layers': 5, 'D_layer_units_exponent_0': 6, 'D_layer_units_exponent_1': 9, 'D_layer_units_exponent_2': 9, 'D_layer_units_exponent_3': 9, 'D_layer_units_exponent_4': 9, 'D_dagger_layers': 2, 'D_dagger_layer_units_exponent_0': 8, 'D_dagger_layer_units_exponent_1': 6, 'log_learning_rate': -4.752736772217045, 'log_learning_rate_D': -2.617491909832048, 'log_learning_rate_D_dagger': -3.7962701560891814, 'training_batch_size': 11, 'training_p': 7}. Best is trial 29 with value: 0.02630939893424511.
Time for this trial:  160.46435856819153
Memory status after this trial: 
Memory allocated:  206.64892578125
Memory cached:  216.0
--------------------  Trial  38   --------------------
Start timing: 
Parameters: 
{'W_layers': 2, 'W_layer_units_exponent_0': 8, 'W_layer_units_exponent_1': 10, 'D_layers': 4, 'D_layer_units_exponent_0': 10, 'D_layer_units_exponent_1': 10, 'D_layer_units_exponent_2': 10, 'D_layer_units_exponent_3': 8, 'D_dagger_layers': 3, 'D_dagger_layer_units_exponent_0': 8, 'D_dagger_layer_units_exponent_1': 4, 'D_dagger_layer_units_exponent_2': 5, 'log_learning_rate': -4.715478995313193, 'log_learning_rate_D': -3.7564021545703667, 'log_learning_rate_D_dagger': -3.4680990701812338, 'training_batch_size': 12, 'training_p': 6}
	 epoch  0 training error:  tensor(0.6129, device='cuda:0', grad_fn=<DivBackward0>)
Memory status after this epoch: 
Memory allocated:  40.45556640625
Memory cached:  162.0
	 epoch  10 training error:  tensor(0.1623, device='cuda:0', grad_fn=<DivBackward0>)
Memory status after this epoch: 
Memory allocated:  40.45556640625
Memory cached:  250.0
	 epoch  20 training error:  tensor(0.0525, device='cuda:0', grad_fn=<DivBackward0>)
Memory status after this epoch: 
Memory allocated:  40.45556640625
Memory cached:  262.0
	 epoch  30 training error:  tensor(0.0692, device='cuda:0', grad_fn=<DivBackward0>)
Memory status after this epoch: 
Memory allocated:  40.45556640625
Memory cached:  250.0
	 epoch  40 training error:  tensor(0.0533, device='cuda:0', grad_fn=<DivBackward0>)
Memory status after this epoch: 
Memory allocated:  40.45556640625
Memory cached:  250.0
	 epoch  50 training error:  tensor(0.0445, device='cuda:0', grad_fn=<DivBackward0>)
Memory status after this epoch: 
Memory allocated:  40.45556640625
Memory cached:  256.0
	 epoch  60 training error:  tensor(0.0424, device='cuda:0', grad_fn=<DivBackward0>)
Memory status after this epoch: 
Memory allocated:  40.45556640625
Memory cached:  252.0
	 epoch  70 training error:  tensor(0.0401, device='cuda:0', grad_fn=<DivBackward0>)
Memory status after this epoch: 
Memory allocated:  40.45556640625
Memory cached:  250.0
	 epoch  80 training error:  tensor(0.0383, device='cuda:0', grad_fn=<DivBackward0>)
Memory status after this epoch: 
Memory allocated:  40.45556640625
Memory cached:  240.0
	 epoch  90 training error:  tensor(0.0362, device='cuda:0', grad_fn=<DivBackward0>)
Memory status after this epoch: 
Memory allocated:  40.45556640625
Memory cached:  256.0
[I 2023-11-06 23:14:19,266] Trial 38 finished with value: 0.03206957131624222 and parameters: {'W_layers': 2, 'W_layer_units_exponent_0': 8, 'W_layer_units_exponent_1': 10, 'D_layers': 4, 'D_layer_units_exponent_0': 10, 'D_layer_units_exponent_1': 10, 'D_layer_units_exponent_2': 10, 'D_layer_units_exponent_3': 8, 'D_dagger_layers': 3, 'D_dagger_layer_units_exponent_0': 8, 'D_dagger_layer_units_exponent_1': 4, 'D_dagger_layer_units_exponent_2': 5, 'log_learning_rate': -4.715478995313193, 'log_learning_rate_D': -3.7564021545703667, 'log_learning_rate_D_dagger': -3.4680990701812338, 'training_batch_size': 12, 'training_p': 6}. Best is trial 29 with value: 0.02630939893424511.
Time for this trial:  166.96107721328735
Memory status after this trial: 
Memory allocated:  281.98388671875
Memory cached:  312.0
--------------------  Trial  39   --------------------
Start timing: 
Parameters: 
{'W_layers': 2, 'W_layer_units_exponent_0': 8, 'W_layer_units_exponent_1': 10, 'D_layers': 4, 'D_layer_units_exponent_0': 10, 'D_layer_units_exponent_1': 10, 'D_layer_units_exponent_2': 10, 'D_layer_units_exponent_3': 8, 'D_dagger_layers': 3, 'D_dagger_layer_units_exponent_0': 8, 'D_dagger_layer_units_exponent_1': 4, 'D_dagger_layer_units_exponent_2': 5, 'log_learning_rate': -4.601663184318781, 'log_learning_rate_D': -3.760700987613581, 'log_learning_rate_D_dagger': -3.817356812255299, 'training_batch_size': 12, 'training_p': 6}
	 epoch  0 training error:  tensor(0.7834, device='cuda:0', grad_fn=<DivBackward0>)
Memory status after this epoch: 
Memory allocated:  40.45556640625
Memory cached:  162.0
	 epoch  10 training error:  tensor(0.2394, device='cuda:0', grad_fn=<DivBackward0>)
Memory status after this epoch: 
Memory allocated:  40.45556640625
Memory cached:  236.0
	 epoch  20 training error:  tensor(0.1846, device='cuda:0', grad_fn=<DivBackward0>)
Memory status after this epoch: 
Memory allocated:  40.45556640625
Memory cached:  248.0
	 epoch  30 training error:  tensor(0.1330, device='cuda:0', grad_fn=<DivBackward0>)
Memory status after this epoch: 
Memory allocated:  40.45556640625
Memory cached:  250.0
	 epoch  40 training error:  tensor(0.0800, device='cuda:0', grad_fn=<DivBackward0>)
Memory status after this epoch: 
Memory allocated:  40.45556640625
Memory cached:  254.0
	 epoch  50 training error:  tensor(0.0515, device='cuda:0', grad_fn=<DivBackward0>)
Memory status after this epoch: 
Memory allocated:  40.45556640625
Memory cached:  260.0
	 epoch  60 training error:  tensor(0.0490, device='cuda:0', grad_fn=<DivBackward0>)
Memory status after this epoch: 
Memory allocated:  40.45556640625
Memory cached:  262.0
	 epoch  70 training error:  tensor(0.0443, device='cuda:0', grad_fn=<DivBackward0>)
Memory status after this epoch: 
Memory allocated:  40.45556640625
Memory cached:  250.0
	 epoch  80 training error:  tensor(0.0418, device='cuda:0', grad_fn=<DivBackward0>)
Memory status after this epoch: 
Memory allocated:  40.45556640625
Memory cached:  248.0
	 epoch  90 training error:  tensor(0.0392, device='cuda:0', grad_fn=<DivBackward0>)
Memory status after this epoch: 
Memory allocated:  40.45556640625
Memory cached:  238.0
[I 2023-11-06 23:17:06,765] Trial 39 finished with value: 0.034572094678878784 and parameters: {'W_layers': 2, 'W_layer_units_exponent_0': 8, 'W_layer_units_exponent_1': 10, 'D_layers': 4, 'D_layer_units_exponent_0': 10, 'D_layer_units_exponent_1': 10, 'D_layer_units_exponent_2': 10, 'D_layer_units_exponent_3': 8, 'D_dagger_layers': 3, 'D_dagger_layer_units_exponent_0': 8, 'D_dagger_layer_units_exponent_1': 4, 'D_dagger_layer_units_exponent_2': 5, 'log_learning_rate': -4.601663184318781, 'log_learning_rate_D': -3.760700987613581, 'log_learning_rate_D_dagger': -3.817356812255299, 'training_batch_size': 12, 'training_p': 6}. Best is trial 29 with value: 0.02630939893424511.
Time for this trial:  167.2326226234436
Memory status after this trial: 
Memory allocated:  281.98388671875
Memory cached:  312.0
--------------------  Trial  40   --------------------
Start timing: 
Parameters: 
{'W_layers': 2, 'W_layer_units_exponent_0': 9, 'W_layer_units_exponent_1': 10, 'D_layers': 4, 'D_layer_units_exponent_0': 10, 'D_layer_units_exponent_1': 10, 'D_layer_units_exponent_2': 10, 'D_layer_units_exponent_3': 8, 'D_dagger_layers': 3, 'D_dagger_layer_units_exponent_0': 9, 'D_dagger_layer_units_exponent_1': 4, 'D_dagger_layer_units_exponent_2': 5, 'log_learning_rate': -4.977950558647974, 'log_learning_rate_D': -4.094281564961404, 'log_learning_rate_D_dagger': -3.391673244375256, 'training_batch_size': 12, 'training_p': 6}
	 epoch  0 training error:  tensor(1.0321, device='cuda:0', grad_fn=<DivBackward0>)
Memory status after this epoch: 
Memory allocated:  44.56494140625
Memory cached:  164.0
	 epoch  10 training error:  tensor(0.2039, device='cuda:0', grad_fn=<DivBackward0>)
Memory status after this epoch: 
Memory allocated:  44.56494140625
Memory cached:  256.0
	 epoch  20 training error:  tensor(0.1296, device='cuda:0', grad_fn=<DivBackward0>)
Memory status after this epoch: 
Memory allocated:  44.56494140625
Memory cached:  238.0
	 epoch  30 training error:  tensor(0.0524, device='cuda:0', grad_fn=<DivBackward0>)
Memory status after this epoch: 
Memory allocated:  44.56494140625
Memory cached:  250.0
	 epoch  40 training error:  tensor(0.0522, device='cuda:0', grad_fn=<DivBackward0>)
Memory status after this epoch: 
Memory allocated:  44.56494140625
Memory cached:  266.0
	 epoch  50 training error:  tensor(0.0517, device='cuda:0', grad_fn=<DivBackward0>)
Memory status after this epoch: 
Memory allocated:  44.56494140625
Memory cached:  256.0
	 epoch  60 training error:  tensor(0.0478, device='cuda:0', grad_fn=<DivBackward0>)
Memory status after this epoch: 
Memory allocated:  44.56494140625
Memory cached:  250.0
	 epoch  70 training error:  tensor(0.0448, device='cuda:0', grad_fn=<DivBackward0>)
Memory status after this epoch: 
Memory allocated:  44.56494140625
Memory cached:  244.0
	 epoch  80 training error:  tensor(0.0427, device='cuda:0', grad_fn=<DivBackward0>)
Memory status after this epoch: 
Memory allocated:  44.56494140625
Memory cached:  244.0
	 epoch  90 training error:  tensor(0.0406, device='cuda:0', grad_fn=<DivBackward0>)
Memory status after this epoch: 
Memory allocated:  44.56494140625
Memory cached:  244.0
[I 2023-11-06 23:19:56,898] Trial 40 finished with value: 0.03540046885609627 and parameters: {'W_layers': 2, 'W_layer_units_exponent_0': 9, 'W_layer_units_exponent_1': 10, 'D_layers': 4, 'D_layer_units_exponent_0': 10, 'D_layer_units_exponent_1': 10, 'D_layer_units_exponent_2': 10, 'D_layer_units_exponent_3': 8, 'D_dagger_layers': 3, 'D_dagger_layer_units_exponent_0': 9, 'D_dagger_layer_units_exponent_1': 4, 'D_dagger_layer_units_exponent_2': 5, 'log_learning_rate': -4.977950558647974, 'log_learning_rate_D': -4.094281564961404, 'log_learning_rate_D_dagger': -3.391673244375256, 'training_batch_size': 12, 'training_p': 6}. Best is trial 29 with value: 0.02630939893424511.
Time for this trial:  169.88376832008362
Memory status after this trial: 
Memory allocated:  311.38232421875
Memory cached:  334.0
--------------------  Trial  41   --------------------
Start timing: 
Parameters: 
{'W_layers': 2, 'W_layer_units_exponent_0': 7, 'W_layer_units_exponent_1': 10, 'D_layers': 4, 'D_layer_units_exponent_0': 9, 'D_layer_units_exponent_1': 9, 'D_layer_units_exponent_2': 9, 'D_layer_units_exponent_3': 9, 'D_dagger_layers': 2, 'D_dagger_layer_units_exponent_0': 8, 'D_dagger_layer_units_exponent_1': 6, 'log_learning_rate': -4.414104435260213, 'log_learning_rate_D': -3.790476796545983, 'log_learning_rate_D_dagger': -3.658992206006611, 'training_batch_size': 11, 'training_p': 7}
	 epoch  0 training error:  tensor(1.8832, device='cuda:0', grad_fn=<DivBackward0>)
Memory status after this epoch: 
Memory allocated:  14.53564453125
Memory cached:  122.0
	 epoch  10 training error:  tensor(0.0935, device='cuda:0', grad_fn=<DivBackward0>)
Memory status after this epoch: 
Memory allocated:  14.53564453125
Memory cached:  202.0
	 epoch  20 training error:  tensor(0.1136, device='cuda:0', grad_fn=<DivBackward0>)
Memory status after this epoch: 
Memory allocated:  14.53564453125
Memory cached:  194.0
	 epoch  30 training error:  tensor(0.0808, device='cuda:0', grad_fn=<DivBackward0>)
Memory status after this epoch: 
Memory allocated:  14.53564453125
Memory cached:  198.0
	 epoch  40 training error:  tensor(0.0489, device='cuda:0', grad_fn=<DivBackward0>)
Memory status after this epoch: 
Memory allocated:  14.53564453125
Memory cached:  198.0
	 epoch  50 training error:  tensor(0.0366, device='cuda:0', grad_fn=<DivBackward0>)
Memory status after this epoch: 
Memory allocated:  14.53564453125
Memory cached:  202.0
	 epoch  60 training error:  tensor(0.0449, device='cuda:0', grad_fn=<DivBackward0>)
Memory status after this epoch: 
Memory allocated:  14.53564453125
Memory cached:  204.0
	 epoch  70 training error:  tensor(0.0359, device='cuda:0', grad_fn=<DivBackward0>)
Memory status after this epoch: 
Memory allocated:  14.53564453125
Memory cached:  198.0
	 epoch  80 training error:  tensor(0.0460, device='cuda:0', grad_fn=<DivBackward0>)
Memory status after this epoch: 
Memory allocated:  14.53564453125
Memory cached:  204.0
	 epoch  90 training error:  tensor(0.0293, device='cuda:0', grad_fn=<DivBackward0>)
Memory status after this epoch: 
Memory allocated:  14.53564453125
Memory cached:  200.0
[I 2023-11-06 23:22:26,904] Trial 41 finished with value: 0.025320781394839287 and parameters: {'W_layers': 2, 'W_layer_units_exponent_0': 7, 'W_layer_units_exponent_1': 10, 'D_layers': 4, 'D_layer_units_exponent_0': 9, 'D_layer_units_exponent_1': 9, 'D_layer_units_exponent_2': 9, 'D_layer_units_exponent_3': 9, 'D_dagger_layers': 2, 'D_dagger_layer_units_exponent_0': 8, 'D_dagger_layer_units_exponent_1': 6, 'log_learning_rate': -4.414104435260213, 'log_learning_rate_D': -3.790476796545983, 'log_learning_rate_D_dagger': -3.658992206006611, 'training_batch_size': 11, 'training_p': 7}. Best is trial 41 with value: 0.025320781394839287.
Time for this trial:  149.76534724235535
Memory status after this trial: 
Memory allocated:  195.19580078125
Memory cached:  204.0
--------------------  Trial  42   --------------------
Start timing: 
Parameters: 
{'W_layers': 2, 'W_layer_units_exponent_0': 7, 'W_layer_units_exponent_1': 10, 'D_layers': 4, 'D_layer_units_exponent_0': 10, 'D_layer_units_exponent_1': 9, 'D_layer_units_exponent_2': 8, 'D_layer_units_exponent_3': 9, 'D_dagger_layers': 2, 'D_dagger_layer_units_exponent_0': 8, 'D_dagger_layer_units_exponent_1': 6, 'log_learning_rate': -4.788439864780032, 'log_learning_rate_D': -3.778092423064121, 'log_learning_rate_D_dagger': -3.859231900555239, 'training_batch_size': 12, 'training_p': 7}
	 epoch  0 training error:  tensor(1.6394, device='cuda:0', grad_fn=<DivBackward0>)
Memory status after this epoch: 
Memory allocated:  14.60205078125
Memory cached:  140.0
	 epoch  10 training error:  tensor(0.5187, device='cuda:0', grad_fn=<DivBackward0>)
Memory status after this epoch: 
Memory allocated:  14.60205078125
Memory cached:  206.0
	 epoch  20 training error:  tensor(0.2400, device='cuda:0', grad_fn=<DivBackward0>)
Memory status after this epoch: 
Memory allocated:  14.60205078125
Memory cached:  218.0
	 epoch  30 training error:  tensor(0.0770, device='cuda:0', grad_fn=<DivBackward0>)
Memory status after this epoch: 
Memory allocated:  14.60205078125
Memory cached:  204.0
	 epoch  40 training error:  tensor(0.0737, device='cuda:0', grad_fn=<DivBackward0>)
Memory status after this epoch: 
Memory allocated:  14.60205078125
Memory cached:  216.0
	 epoch  50 training error:  tensor(0.0587, device='cuda:0', grad_fn=<DivBackward0>)
Memory status after this epoch: 
Memory allocated:  14.60205078125
Memory cached:  208.0
	 epoch  60 training error:  tensor(0.0596, device='cuda:0', grad_fn=<DivBackward0>)
Memory status after this epoch: 
Memory allocated:  14.60205078125
Memory cached:  214.0
	 epoch  70 training error:  tensor(0.0546, device='cuda:0', grad_fn=<DivBackward0>)
Memory status after this epoch: 
Memory allocated:  14.60205078125
Memory cached:  210.0
	 epoch  80 training error:  tensor(0.0526, device='cuda:0', grad_fn=<DivBackward0>)
Memory status after this epoch: 
Memory allocated:  14.60205078125
Memory cached:  204.0
	 epoch  90 training error:  tensor(0.0510, device='cuda:0', grad_fn=<DivBackward0>)
Memory status after this epoch: 
Memory allocated:  14.60205078125
Memory cached:  214.0
[I 2023-11-06 23:24:58,677] Trial 42 finished with value: 0.04168109968304634 and parameters: {'W_layers': 2, 'W_layer_units_exponent_0': 7, 'W_layer_units_exponent_1': 10, 'D_layers': 4, 'D_layer_units_exponent_0': 10, 'D_layer_units_exponent_1': 9, 'D_layer_units_exponent_2': 8, 'D_layer_units_exponent_3': 9, 'D_dagger_layers': 2, 'D_dagger_layer_units_exponent_0': 8, 'D_dagger_layer_units_exponent_1': 6, 'log_learning_rate': -4.788439864780032, 'log_learning_rate_D': -3.778092423064121, 'log_learning_rate_D_dagger': -3.859231900555239, 'training_batch_size': 12, 'training_p': 7}. Best is trial 41 with value: 0.025320781394839287.
Time for this trial:  151.52170729637146
Memory status after this trial: 
Memory allocated:  208.76416015625
Memory cached:  230.0
--------------------  Trial  43   --------------------
Start timing: 
Parameters: 
{'W_layers': 2, 'W_layer_units_exponent_0': 8, 'W_layer_units_exponent_1': 10, 'D_layers': 3, 'D_layer_units_exponent_0': 9, 'D_layer_units_exponent_1': 9, 'D_layer_units_exponent_2': 10, 'D_dagger_layers': 2, 'D_dagger_layer_units_exponent_0': 10, 'D_dagger_layer_units_exponent_1': 5, 'log_learning_rate': -4.4581590761150744, 'log_learning_rate_D': -3.434649796339153, 'log_learning_rate_D_dagger': -3.5350187667274944, 'training_batch_size': 11, 'training_p': 7}
	 epoch  0 training error:  tensor(1.7261, device='cuda:0', grad_fn=<DivBackward0>)
Memory status after this epoch: 
Memory allocated:  16.83642578125
Memory cached:  130.0
	 epoch  10 training error:  tensor(0.4087, device='cuda:0', grad_fn=<DivBackward0>)
Memory status after this epoch: 
Memory allocated:  16.83642578125
Memory cached:  198.0
	 epoch  20 training error:  tensor(0.0780, device='cuda:0', grad_fn=<DivBackward0>)
Memory status after this epoch: 
Memory allocated:  16.83642578125
Memory cached:  194.0
	 epoch  30 training error:  tensor(0.1084, device='cuda:0', grad_fn=<DivBackward0>)
Memory status after this epoch: 
Memory allocated:  16.83642578125
Memory cached:  198.0
	 epoch  40 training error:  tensor(0.0831, device='cuda:0', grad_fn=<DivBackward0>)
Memory status after this epoch: 
Memory allocated:  16.83642578125
Memory cached:  198.0
	 epoch  50 training error:  tensor(0.0589, device='cuda:0', grad_fn=<DivBackward0>)
Memory status after this epoch: 
Memory allocated:  16.83642578125
Memory cached:  202.0
	 epoch  60 training error:  tensor(0.0580, device='cuda:0', grad_fn=<DivBackward0>)
Memory status after this epoch: 
Memory allocated:  16.83642578125
Memory cached:  206.0
	 epoch  70 training error:  tensor(0.0540, device='cuda:0', grad_fn=<DivBackward0>)
Memory status after this epoch: 
Memory allocated:  16.83642578125
Memory cached:  196.0
	 epoch  80 training error:  tensor(0.0529, device='cuda:0', grad_fn=<DivBackward0>)
Memory status after this epoch: 
Memory allocated:  16.83642578125
Memory cached:  198.0
	 epoch  90 training error:  tensor(0.0500, device='cuda:0', grad_fn=<DivBackward0>)
Memory status after this epoch: 
Memory allocated:  16.83642578125
Memory cached:  196.0
[I 2023-11-06 23:27:29,085] Trial 43 finished with value: 0.04114352539181709 and parameters: {'W_layers': 2, 'W_layer_units_exponent_0': 8, 'W_layer_units_exponent_1': 10, 'D_layers': 3, 'D_layer_units_exponent_0': 9, 'D_layer_units_exponent_1': 9, 'D_layer_units_exponent_2': 10, 'D_dagger_layers': 2, 'D_dagger_layer_units_exponent_0': 10, 'D_dagger_layer_units_exponent_1': 5, 'log_learning_rate': -4.4581590761150744, 'log_learning_rate_D': -3.434649796339153, 'log_learning_rate_D_dagger': -3.5350187667274944, 'training_batch_size': 11, 'training_p': 7}. Best is trial 41 with value: 0.025320781394839287.
Time for this trial:  150.1484124660492
Memory status after this trial: 
Memory allocated:  242.48876953125
Memory cached:  264.0
--------------------  Trial  44   --------------------
Start timing: 
Parameters: 
{'W_layers': 2, 'W_layer_units_exponent_0': 9, 'W_layer_units_exponent_1': 9, 'D_layers': 3, 'D_layer_units_exponent_0': 4, 'D_layer_units_exponent_1': 10, 'D_layer_units_exponent_2': 9, 'D_dagger_layers': 4, 'D_dagger_layer_units_exponent_0': 8, 'D_dagger_layer_units_exponent_1': 6, 'D_dagger_layer_units_exponent_2': 5, 'D_dagger_layer_units_exponent_3': 5, 'log_learning_rate': -4.602002976746104, 'log_learning_rate_D': -4.1809491643859005, 'log_learning_rate_D_dagger': -4.08224319725365, 'training_batch_size': 12, 'training_p': 5}
	 epoch  0 training error:  tensor(0.5566, device='cuda:0', grad_fn=<DivBackward0>)
Memory status after this epoch: 
Memory allocated:  12.81298828125
Memory cached:  136.0
	 epoch  10 training error:  tensor(0.1393, device='cuda:0', grad_fn=<DivBackward0>)
Memory status after this epoch: 
Memory allocated:  12.81298828125
Memory cached:  218.0
	 epoch  20 training error:  tensor(0.1096, device='cuda:0', grad_fn=<DivBackward0>)
Memory status after this epoch: 
Memory allocated:  12.81298828125
Memory cached:  212.0
	 epoch  30 training error:  tensor(0.0765, device='cuda:0', grad_fn=<DivBackward0>)
Memory status after this epoch: 
Memory allocated:  12.81298828125
Memory cached:  220.0
	 epoch  40 training error:  tensor(0.0730, device='cuda:0', grad_fn=<DivBackward0>)
Memory status after this epoch: 
Memory allocated:  12.81298828125
Memory cached:  210.0
	 epoch  50 training error:  tensor(0.0652, device='cuda:0', grad_fn=<DivBackward0>)
Memory status after this epoch: 
Memory allocated:  12.81298828125
Memory cached:  220.0
	 epoch  60 training error:  tensor(0.0613, device='cuda:0', grad_fn=<DivBackward0>)
Memory status after this epoch: 
Memory allocated:  12.81298828125
Memory cached:  204.0
	 epoch  70 training error:  tensor(0.0586, device='cuda:0', grad_fn=<DivBackward0>)
Memory status after this epoch: 
Memory allocated:  12.81298828125
Memory cached:  216.0
	 epoch  80 training error:  tensor(0.0569, device='cuda:0', grad_fn=<DivBackward0>)
Memory status after this epoch: 
Memory allocated:  12.81298828125
Memory cached:  220.0
	 epoch  90 training error:  tensor(0.0556, device='cuda:0', grad_fn=<DivBackward0>)
Memory status after this epoch: 
Memory allocated:  12.81298828125
Memory cached:  208.0
