[I 2023-11-08 02:11:09,360] Trial 11 finished with value: 0.02675238810479641 and parameters: {'W_layers': 7, 'W_layer_units_exponent_0': 7, 'W_layer_units_exponent_1': 7, 'W_layer_units_exponent_2': 4, 'W_layer_units_exponent_3': 10, 'W_layer_units_exponent_4': 4, 'W_layer_units_exponent_5': 10, 'W_layer_units_exponent_6': 9, 'D_layers': 6, 'D_layer_units_exponent_0': 10, 'D_layer_units_exponent_1': 10, 'D_layer_units_exponent_2': 6, 'D_layer_units_exponent_3': 10, 'D_layer_units_exponent_4': 5, 'D_layer_units_exponent_5': 6, 'D_dagger_layers': 4, 'D_dagger_layer_units_exponent_0': 8, 'D_dagger_layer_units_exponent_1': 6, 'D_dagger_layer_units_exponent_2': 7, 'D_dagger_layer_units_exponent_3': 4, 'log_learning_rate': -3.1720166809989863, 'log_learning_rate_D': -3.0952879261897097, 'log_learning_rate_D_dagger': -3.989974336595487, 'training_batch_size': 8, 'training_p': 6}. Best is trial 0 with value: 0.013535897247493267.
Time for this trial:  234.9062032699585
Memory status after this trial: 
Memory allocated:  363.486328125
Memory cached:  374.0
--------------------  Trial  12   --------------------
Start timing: 
Parameters: 
{'W_layers': 8, 'W_layer_units_exponent_0': 7, 'W_layer_units_exponent_1': 5, 'W_layer_units_exponent_2': 6, 'W_layer_units_exponent_3': 7, 'W_layer_units_exponent_4': 9, 'W_layer_units_exponent_5': 4, 'W_layer_units_exponent_6': 5, 'W_layer_units_exponent_7': 9, 'D_layers': 7, 'D_layer_units_exponent_0': 6, 'D_layer_units_exponent_1': 6, 'D_layer_units_exponent_2': 6, 'D_layer_units_exponent_3': 9, 'D_layer_units_exponent_4': 7, 'D_layer_units_exponent_5': 7, 'D_layer_units_exponent_6': 4, 'D_dagger_layers': 4, 'D_dagger_layer_units_exponent_0': 8, 'D_dagger_layer_units_exponent_1': 5, 'D_dagger_layer_units_exponent_2': 8, 'D_dagger_layer_units_exponent_3': 10, 'log_learning_rate': -3.3062638528608725, 'log_learning_rate_D': -2.0350047995823717, 'log_learning_rate_D_dagger': -4.0161559471306845, 'training_batch_size': 10, 'training_p': 5}
	 epoch  0 training error:  tensor(0.8856, device='cuda:0', grad_fn=<DivBackward0>)
Memory status after this epoch: 
Memory allocated:  8.00634765625
Memory cached:  116.0
	 epoch  10 training error:  tensor(0.1245, device='cuda:0', grad_fn=<DivBackward0>)
Memory status after this epoch: 
Memory allocated:  8.00634765625
Memory cached:  234.0
	 epoch  20 training error:  tensor(0.0576, device='cuda:0', grad_fn=<DivBackward0>)
Memory status after this epoch: 
Memory allocated:  8.00634765625
Memory cached:  224.0
	 epoch  30 training error:  tensor(0.0295, device='cuda:0', grad_fn=<DivBackward0>)
Memory status after this epoch: 
Memory allocated:  8.00634765625
Memory cached:  234.0
	 epoch  40 training error:  tensor(0.0235, device='cuda:0', grad_fn=<DivBackward0>)
Memory status after this epoch: 
Memory allocated:  8.00634765625
Memory cached:  228.0
	 epoch  50 training error:  tensor(0.0244, device='cuda:0', grad_fn=<DivBackward0>)
Memory status after this epoch: 
Memory allocated:  8.00634765625
Memory cached:  236.0
	 epoch  60 training error:  tensor(0.0229, device='cuda:0', grad_fn=<DivBackward0>)
Memory status after this epoch: 
Memory allocated:  8.00634765625
Memory cached:  226.0
	 epoch  70 training error:  tensor(0.0230, device='cuda:0', grad_fn=<DivBackward0>)
Memory status after this epoch: 
Memory allocated:  8.00634765625
Memory cached:  246.0
	 epoch  80 training error:  tensor(0.0228, device='cuda:0', grad_fn=<DivBackward0>)
Memory status after this epoch: 
Memory allocated:  8.00634765625
Memory cached:  230.0
	 epoch  90 training error:  tensor(0.0228, device='cuda:0', grad_fn=<DivBackward0>)
Memory status after this epoch: 
Memory allocated:  8.00634765625
Memory cached:  238.0
[I 2023-11-08 02:15:03,558] Trial 12 finished with value: 0.01531869638711214 and parameters: {'W_layers': 8, 'W_layer_units_exponent_0': 7, 'W_layer_units_exponent_1': 5, 'W_layer_units_exponent_2': 6, 'W_layer_units_exponent_3': 7, 'W_layer_units_exponent_4': 9, 'W_layer_units_exponent_5': 4, 'W_layer_units_exponent_6': 5, 'W_layer_units_exponent_7': 9, 'D_layers': 7, 'D_layer_units_exponent_0': 6, 'D_layer_units_exponent_1': 6, 'D_layer_units_exponent_2': 6, 'D_layer_units_exponent_3': 9, 'D_layer_units_exponent_4': 7, 'D_layer_units_exponent_5': 7, 'D_layer_units_exponent_6': 4, 'D_dagger_layers': 4, 'D_dagger_layer_units_exponent_0': 8, 'D_dagger_layer_units_exponent_1': 5, 'D_dagger_layer_units_exponent_2': 8, 'D_dagger_layer_units_exponent_3': 10, 'log_learning_rate': -3.3062638528608725, 'log_learning_rate_D': -2.0350047995823717, 'log_learning_rate_D_dagger': -4.0161559471306845, 'training_batch_size': 10, 'training_p': 5}. Best is trial 0 with value: 0.013535897247493267.
Time for this trial:  233.9360032081604
Memory status after this trial: 
Memory allocated:  216.76953125
Memory cached:  222.0
--------------------  Trial  13   --------------------
Start timing: 
Parameters: 
{'W_layers': 8, 'W_layer_units_exponent_0': 8, 'W_layer_units_exponent_1': 5, 'W_layer_units_exponent_2': 8, 'W_layer_units_exponent_3': 8, 'W_layer_units_exponent_4': 10, 'W_layer_units_exponent_5': 9, 'W_layer_units_exponent_6': 4, 'W_layer_units_exponent_7': 9, 'D_layers': 6, 'D_layer_units_exponent_0': 6, 'D_layer_units_exponent_1': 6, 'D_layer_units_exponent_2': 7, 'D_layer_units_exponent_3': 8, 'D_layer_units_exponent_4': 7, 'D_layer_units_exponent_5': 4, 'D_dagger_layers': 3, 'D_dagger_layer_units_exponent_0': 9, 'D_dagger_layer_units_exponent_1': 5, 'D_dagger_layer_units_exponent_2': 8, 'log_learning_rate': -3.0099718489966083, 'log_learning_rate_D': -2.0850982788952215, 'log_learning_rate_D_dagger': -3.8150654619486484, 'training_batch_size': 10, 'training_p': 5}
	 epoch  0 training error:  tensor(0.9642, device='cuda:0', grad_fn=<DivBackward0>)
Memory status after this epoch: 
Memory allocated:  15.35400390625
Memory cached:  156.0
	 epoch  10 training error:  tensor(0.2766, device='cuda:0', grad_fn=<DivBackward0>)
Memory status after this epoch: 
Memory allocated:  15.35400390625
Memory cached:  272.0
	 epoch  20 training error:  tensor(0.0687, device='cuda:0', grad_fn=<DivBackward0>)
Memory status after this epoch: 
Memory allocated:  15.35400390625
Memory cached:  282.0
	 epoch  30 training error:  tensor(0.0529, device='cuda:0', grad_fn=<DivBackward0>)
Memory status after this epoch: 
Memory allocated:  15.35400390625
Memory cached:  278.0
	 epoch  40 training error:  tensor(0.0413, device='cuda:0', grad_fn=<DivBackward0>)
Memory status after this epoch: 
Memory allocated:  15.35400390625
Memory cached:  266.0
	 epoch  50 training error:  tensor(0.0328, device='cuda:0', grad_fn=<DivBackward0>)
Memory status after this epoch: 
Memory allocated:  15.35400390625
Memory cached:  288.0
	 epoch  60 training error:  tensor(0.0269, device='cuda:0', grad_fn=<DivBackward0>)
Memory status after this epoch: 
Memory allocated:  15.35400390625
Memory cached:  278.0
	 epoch  70 training error:  tensor(0.0259, device='cuda:0', grad_fn=<DivBackward0>)
Memory status after this epoch: 
Memory allocated:  15.35400390625
Memory cached:  280.0
	 epoch  80 training error:  tensor(0.0254, device='cuda:0', grad_fn=<DivBackward0>)
Memory status after this epoch: 
Memory allocated:  15.35400390625
Memory cached:  288.0
	 epoch  90 training error:  tensor(0.0247, device='cuda:0', grad_fn=<DivBackward0>)
Memory status after this epoch: 
Memory allocated:  15.35400390625
Memory cached:  274.0
[I 2023-11-08 02:18:46,375] Trial 13 finished with value: 0.01839110068976879 and parameters: {'W_layers': 8, 'W_layer_units_exponent_0': 8, 'W_layer_units_exponent_1': 5, 'W_layer_units_exponent_2': 8, 'W_layer_units_exponent_3': 8, 'W_layer_units_exponent_4': 10, 'W_layer_units_exponent_5': 9, 'W_layer_units_exponent_6': 4, 'W_layer_units_exponent_7': 9, 'D_layers': 6, 'D_layer_units_exponent_0': 6, 'D_layer_units_exponent_1': 6, 'D_layer_units_exponent_2': 7, 'D_layer_units_exponent_3': 8, 'D_layer_units_exponent_4': 7, 'D_layer_units_exponent_5': 4, 'D_dagger_layers': 3, 'D_dagger_layer_units_exponent_0': 9, 'D_dagger_layer_units_exponent_1': 5, 'D_dagger_layer_units_exponent_2': 8, 'log_learning_rate': -3.0099718489966083, 'log_learning_rate_D': -2.0850982788952215, 'log_learning_rate_D_dagger': -3.8150654619486484, 'training_batch_size': 10, 'training_p': 5}. Best is trial 0 with value: 0.013535897247493267.
Time for this trial:  222.5404531955719
Memory status after this trial: 
Memory allocated:  239.4130859375
Memory cached:  260.0
--------------------  Trial  14   --------------------
Start timing: 
Parameters: 
{'W_layers': 8, 'W_layer_units_exponent_0': 6, 'W_layer_units_exponent_1': 7, 'W_layer_units_exponent_2': 7, 'W_layer_units_exponent_3': 7, 'W_layer_units_exponent_4': 8, 'W_layer_units_exponent_5': 8, 'W_layer_units_exponent_6': 5, 'W_layer_units_exponent_7': 10, 'D_layers': 7, 'D_layer_units_exponent_0': 6, 'D_layer_units_exponent_1': 6, 'D_layer_units_exponent_2': 4, 'D_layer_units_exponent_3': 8, 'D_layer_units_exponent_4': 9, 'D_layer_units_exponent_5': 6, 'D_layer_units_exponent_6': 4, 'D_dagger_layers': 3, 'D_dagger_layer_units_exponent_0': 9, 'D_dagger_layer_units_exponent_1': 5, 'D_dagger_layer_units_exponent_2': 8, 'log_learning_rate': -2.0896854307173296, 'log_learning_rate_D': -2.9649998704867153, 'log_learning_rate_D_dagger': -3.5812750633759496, 'training_batch_size': 11, 'training_p': 4}
	 epoch  0 training error:  tensor(1.1371, device='cuda:0', grad_fn=<DivBackward0>)
Memory status after this epoch: 
Memory allocated:  6.01806640625
Memory cached:  130.0
	 epoch  10 training error:  tensor(0.2081, device='cuda:0', grad_fn=<DivBackward0>)
Memory status after this epoch: 
Memory allocated:  6.01806640625
Memory cached:  250.0
	 epoch  20 training error:  tensor(0.0756, device='cuda:0', grad_fn=<DivBackward0>)
Memory status after this epoch: 
Memory allocated:  6.01806640625
Memory cached:  244.0
	 epoch  30 training error:  tensor(0.1326, device='cuda:0', grad_fn=<DivBackward0>)
Memory status after this epoch: 
Memory allocated:  6.01806640625
Memory cached:  244.0
	 epoch  40 training error:  tensor(0.0562, device='cuda:0', grad_fn=<DivBackward0>)
Memory status after this epoch: 
Memory allocated:  6.01806640625
Memory cached:  228.0
	 epoch  50 training error:  tensor(0.0444, device='cuda:0', grad_fn=<DivBackward0>)
Memory status after this epoch: 
Memory allocated:  6.01806640625
Memory cached:  238.0
	 epoch  60 training error:  tensor(0.0338, device='cuda:0', grad_fn=<DivBackward0>)
Memory status after this epoch: 
Memory allocated:  6.01806640625
Memory cached:  226.0
	 epoch  70 training error:  tensor(0.0286, device='cuda:0', grad_fn=<DivBackward0>)
Memory status after this epoch: 
Memory allocated:  6.01806640625
Memory cached:  234.0
	 epoch  80 training error:  tensor(0.0262, device='cuda:0', grad_fn=<DivBackward0>)
Memory status after this epoch: 
Memory allocated:  6.01806640625
Memory cached:  236.0
	 epoch  90 training error:  tensor(0.0248, device='cuda:0', grad_fn=<DivBackward0>)
Memory status after this epoch: 
Memory allocated:  6.01806640625
Memory cached:  246.0
[I 2023-11-08 02:22:32,889] Trial 14 finished with value: 0.019968992099165916 and parameters: {'W_layers': 8, 'W_layer_units_exponent_0': 6, 'W_layer_units_exponent_1': 7, 'W_layer_units_exponent_2': 7, 'W_layer_units_exponent_3': 7, 'W_layer_units_exponent_4': 8, 'W_layer_units_exponent_5': 8, 'W_layer_units_exponent_6': 5, 'W_layer_units_exponent_7': 10, 'D_layers': 7, 'D_layer_units_exponent_0': 6, 'D_layer_units_exponent_1': 6, 'D_layer_units_exponent_2': 4, 'D_layer_units_exponent_3': 8, 'D_layer_units_exponent_4': 9, 'D_layer_units_exponent_5': 6, 'D_layer_units_exponent_6': 4, 'D_dagger_layers': 3, 'D_dagger_layer_units_exponent_0': 9, 'D_dagger_layer_units_exponent_1': 5, 'D_dagger_layer_units_exponent_2': 8, 'log_learning_rate': -2.0896854307173296, 'log_learning_rate_D': -2.9649998704867153, 'log_learning_rate_D_dagger': -3.5812750633759496, 'training_batch_size': 11, 'training_p': 4}. Best is trial 0 with value: 0.013535897247493267.
Time for this trial:  226.2249026298523
Memory status after this trial: 
Memory allocated:  207.22021484375
Memory cached:  212.0
--------------------  Trial  15   --------------------
Start timing: 
Parameters: 
{'W_layers': 4, 'W_layer_units_exponent_0': 10, 'W_layer_units_exponent_1': 4, 'W_layer_units_exponent_2': 6, 'W_layer_units_exponent_3': 10, 'D_layers': 5, 'D_layer_units_exponent_0': 6, 'D_layer_units_exponent_1': 5, 'D_layer_units_exponent_2': 7, 'D_layer_units_exponent_3': 9, 'D_layer_units_exponent_4': 6, 'D_dagger_layers': 4, 'D_dagger_layer_units_exponent_0': 9, 'D_dagger_layer_units_exponent_1': 7, 'D_dagger_layer_units_exponent_2': 9, 'D_dagger_layer_units_exponent_3': 10, 'log_learning_rate': -3.3578388717498315, 'log_learning_rate_D': -2.304623425694864, 'log_learning_rate_D_dagger': -4.155835086247771, 'training_batch_size': 10, 'training_p': 2}
	 epoch  0 training error:  tensor(0.9861, device='cuda:0', grad_fn=<DivBackward0>)
Memory status after this epoch: 
Memory allocated:  13.25439453125
Memory cached:  140.0
	 epoch  10 training error:  tensor(0.1549, device='cuda:0', grad_fn=<DivBackward0>)
Memory status after this epoch: 
Memory allocated:  13.25439453125
Memory cached:  276.0
	 epoch  20 training error:  tensor(0.0547, device='cuda:0', grad_fn=<DivBackward0>)
Memory status after this epoch: 
Memory allocated:  13.25439453125
Memory cached:  278.0
	 epoch  30 training error:  tensor(0.0156, device='cuda:0', grad_fn=<DivBackward0>)
Memory status after this epoch: 
Memory allocated:  13.25439453125
Memory cached:  272.0
	 epoch  40 training error:  tensor(0.0171, device='cuda:0', grad_fn=<DivBackward0>)
Memory status after this epoch: 
Memory allocated:  13.25439453125
Memory cached:  270.0
	 epoch  50 training error:  tensor(0.0161, device='cuda:0', grad_fn=<DivBackward0>)
Memory status after this epoch: 
Memory allocated:  13.25439453125
Memory cached:  276.0
	 epoch  60 training error:  tensor(0.0145, device='cuda:0', grad_fn=<DivBackward0>)
Memory status after this epoch: 
Memory allocated:  13.25439453125
Memory cached:  270.0
	 epoch  70 training error:  tensor(0.0147, device='cuda:0', grad_fn=<DivBackward0>)
Memory status after this epoch: 
Memory allocated:  13.25439453125
Memory cached:  260.0
	 epoch  80 training error:  tensor(0.0143, device='cuda:0', grad_fn=<DivBackward0>)
Memory status after this epoch: 
Memory allocated:  13.25439453125
Memory cached:  266.0
	 epoch  90 training error:  tensor(0.0141, device='cuda:0', grad_fn=<DivBackward0>)
Memory status after this epoch: 
Memory allocated:  13.25439453125
Memory cached:  274.0
[I 2023-11-08 02:25:50,678] Trial 15 finished with value: 0.013434025458991528 and parameters: {'W_layers': 4, 'W_layer_units_exponent_0': 10, 'W_layer_units_exponent_1': 4, 'W_layer_units_exponent_2': 6, 'W_layer_units_exponent_3': 10, 'D_layers': 5, 'D_layer_units_exponent_0': 6, 'D_layer_units_exponent_1': 5, 'D_layer_units_exponent_2': 7, 'D_layer_units_exponent_3': 9, 'D_layer_units_exponent_4': 6, 'D_dagger_layers': 4, 'D_dagger_layer_units_exponent_0': 9, 'D_dagger_layer_units_exponent_1': 7, 'D_dagger_layer_units_exponent_2': 9, 'D_dagger_layer_units_exponent_3': 10, 'log_learning_rate': -3.3578388717498315, 'log_learning_rate_D': -2.304623425694864, 'log_learning_rate_D_dagger': -4.155835086247771, 'training_batch_size': 10, 'training_p': 2}. Best is trial 15 with value: 0.013434025458991528.
Time for this trial:  197.54327940940857
Memory status after this trial: 
Memory allocated:  279.9873046875
Memory cached:  300.0
--------------------  Trial  16   --------------------
Start timing: 
Parameters: 
{'W_layers': 3, 'W_layer_units_exponent_0': 10, 'W_layer_units_exponent_1': 4, 'W_layer_units_exponent_2': 8, 'D_layers': 5, 'D_layer_units_exponent_0': 9, 'D_layer_units_exponent_1': 5, 'D_layer_units_exponent_2': 7, 'D_layer_units_exponent_3': 6, 'D_layer_units_exponent_4': 6, 'D_dagger_layers': 4, 'D_dagger_layer_units_exponent_0': 9, 'D_dagger_layer_units_exponent_1': 8, 'D_dagger_layer_units_exponent_2': 9, 'D_dagger_layer_units_exponent_3': 10, 'log_learning_rate': -2.660205648620312, 'log_learning_rate_D': -3.2252158448974275, 'log_learning_rate_D_dagger': -3.1300584838956422, 'training_batch_size': 8, 'training_p': 2}
	 epoch  0 training error:  tensor(1.0236, device='cuda:0', grad_fn=<DivBackward0>)
Memory status after this epoch: 
Memory allocated:  13.23876953125
Memory cached:  152.0
	 epoch  10 training error:  tensor(0.2667, device='cuda:0', grad_fn=<DivBackward0>)
Memory status after this epoch: 
Memory allocated:  13.23876953125
Memory cached:  256.0
	 epoch  20 training error:  tensor(0.1113, device='cuda:0', grad_fn=<DivBackward0>)
Memory status after this epoch: 
Memory allocated:  13.23876953125
Memory cached:  268.0
	 epoch  30 training error:  tensor(0.0917, device='cuda:0', grad_fn=<DivBackward0>)
Memory status after this epoch: 
Memory allocated:  13.23876953125
Memory cached:  258.0
	 epoch  40 training error:  tensor(0.0413, device='cuda:0', grad_fn=<DivBackward0>)
Memory status after this epoch: 
Memory allocated:  13.23876953125
Memory cached:  248.0
	 epoch  50 training error:  tensor(0.0407, device='cuda:0', grad_fn=<DivBackward0>)
Memory status after this epoch: 
Memory allocated:  13.23876953125
Memory cached:  256.0
	 epoch  60 training error:  tensor(0.0195, device='cuda:0', grad_fn=<DivBackward0>)
Memory status after this epoch: 
Memory allocated:  13.23876953125
Memory cached:  258.0
	 epoch  70 training error:  tensor(0.0235, device='cuda:0', grad_fn=<DivBackward0>)
Memory status after this epoch: 
Memory allocated:  13.23876953125
Memory cached:  260.0
	 epoch  80 training error:  tensor(0.0208, device='cuda:0', grad_fn=<DivBackward0>)
Memory status after this epoch: 
Memory allocated:  13.23876953125
Memory cached:  246.0
	 epoch  90 training error:  tensor(0.0201, device='cuda:0', grad_fn=<DivBackward0>)
Memory status after this epoch: 
Memory allocated:  13.23876953125
Memory cached:  274.0
[I 2023-11-08 02:28:56,417] Trial 16 finished with value: 0.019716601818799973 and parameters: {'W_layers': 3, 'W_layer_units_exponent_0': 10, 'W_layer_units_exponent_1': 4, 'W_layer_units_exponent_2': 8, 'D_layers': 5, 'D_layer_units_exponent_0': 9, 'D_layer_units_exponent_1': 5, 'D_layer_units_exponent_2': 7, 'D_layer_units_exponent_3': 6, 'D_layer_units_exponent_4': 6, 'D_dagger_layers': 4, 'D_dagger_layer_units_exponent_0': 9, 'D_dagger_layer_units_exponent_1': 8, 'D_dagger_layer_units_exponent_2': 9, 'D_dagger_layer_units_exponent_3': 10, 'log_learning_rate': -2.660205648620312, 'log_learning_rate_D': -3.2252158448974275, 'log_learning_rate_D_dagger': -3.1300584838956422, 'training_batch_size': 8, 'training_p': 2}. Best is trial 15 with value: 0.013434025458991528.
Time for this trial:  185.49464535713196
Memory status after this trial: 
Memory allocated:  242.3818359375
Memory cached:  262.0
--------------------  Trial  17   --------------------
Start timing: 
Parameters: 
{'W_layers': 4, 'W_layer_units_exponent_0': 9, 'W_layer_units_exponent_1': 4, 'W_layer_units_exponent_2': 6, 'W_layer_units_exponent_3': 10, 'D_layers': 4, 'D_layer_units_exponent_0': 4, 'D_layer_units_exponent_1': 5, 'D_layer_units_exponent_2': 10, 'D_layer_units_exponent_3': 9, 'D_dagger_layers': 2, 'D_dagger_layer_units_exponent_0': 9, 'D_dagger_layer_units_exponent_1': 7, 'log_learning_rate': -1.8072115408893068, 'log_learning_rate_D': -2.645887497377619, 'log_learning_rate_D_dagger': -4.379162397601672, 'training_batch_size': 11, 'training_p': 3}
	 epoch  0 training error:  tensor(1.1263, device='cuda:0', grad_fn=<DivBackward0>)
Memory status after this epoch: 
Memory allocated:  10.93994140625
Memory cached:  160.0
	 epoch  10 training error:  tensor(0.6001, device='cuda:0', grad_fn=<DivBackward0>)
Memory status after this epoch: 
Memory allocated:  10.93994140625
Memory cached:  280.0
	 epoch  20 training error:  tensor(0.0327, device='cuda:0', grad_fn=<DivBackward0>)
Memory status after this epoch: 
Memory allocated:  10.93994140625
Memory cached:  272.0
	 epoch  30 training error:  tensor(0.0476, device='cuda:0', grad_fn=<DivBackward0>)
Memory status after this epoch: 
Memory allocated:  10.93994140625
Memory cached:  274.0
	 epoch  40 training error:  tensor(0.0479, device='cuda:0', grad_fn=<DivBackward0>)
Memory status after this epoch: 
Memory allocated:  10.93994140625
Memory cached:  278.0
	 epoch  50 training error:  tensor(0.0299, device='cuda:0', grad_fn=<DivBackward0>)
Memory status after this epoch: 
Memory allocated:  10.93994140625
Memory cached:  272.0
	 epoch  60 training error:  tensor(0.0273, device='cuda:0', grad_fn=<DivBackward0>)
Memory status after this epoch: 
Memory allocated:  10.93994140625
Memory cached:  252.0
	 epoch  70 training error:  tensor(0.0255, device='cuda:0', grad_fn=<DivBackward0>)
Memory status after this epoch: 
Memory allocated:  10.93994140625
Memory cached:  276.0
	 epoch  80 training error:  tensor(0.0258, device='cuda:0', grad_fn=<DivBackward0>)
Memory status after this epoch: 
Memory allocated:  10.93994140625
Memory cached:  288.0
	 epoch  90 training error:  tensor(0.0249, device='cuda:0', grad_fn=<DivBackward0>)
Memory status after this epoch: 
Memory allocated:  10.93994140625
Memory cached:  276.0
