[I 2023-11-07 15:10:09,312] Trial 29 finished with value: 0.038732994347810745 and parameters: {'W_layers': 4, 'W_layer_units_exponent_0': 9, 'W_layer_units_exponent_1': 8, 'W_layer_units_exponent_2': 7, 'W_layer_units_exponent_3': 6, 'D_layers': 7, 'D_layer_units_exponent_0': 8, 'D_layer_units_exponent_1': 10, 'D_layer_units_exponent_2': 7, 'D_layer_units_exponent_3': 7, 'D_layer_units_exponent_4': 5, 'D_layer_units_exponent_5': 9, 'D_layer_units_exponent_6': 8, 'D_dagger_layers': 4, 'D_dagger_layer_units_exponent_0': 6, 'D_dagger_layer_units_exponent_1': 5, 'D_dagger_layer_units_exponent_2': 10, 'D_dagger_layer_units_exponent_3': 9, 'log_learning_rate': -3.1049319190998697, 'log_learning_rate_D': -2.6518952197503745, 'log_learning_rate_D_dagger': -2.601860093442249, 'training_batch_size': 9, 'training_p': 7}. Best is trial 22 with value: 0.013349753804504871.
Time for this trial:  19.50123143196106
Memory status after this trial: 
Memory allocated:  145.6259765625
Memory cached:  178.0
--------------------  Trial  30   --------------------
Start timing: 
Parameters: 
{'W_layers': 6, 'W_layer_units_exponent_0': 5, 'W_layer_units_exponent_1': 10, 'W_layer_units_exponent_2': 5, 'W_layer_units_exponent_3': 9, 'W_layer_units_exponent_4': 6, 'W_layer_units_exponent_5': 7, 'D_layers': 4, 'D_layer_units_exponent_0': 6, 'D_layer_units_exponent_1': 4, 'D_layer_units_exponent_2': 10, 'D_layer_units_exponent_3': 6, 'D_dagger_layers': 3, 'D_dagger_layer_units_exponent_0': 4, 'D_dagger_layer_units_exponent_1': 6, 'D_dagger_layer_units_exponent_2': 9, 'log_learning_rate': -3.7870699600256374, 'log_learning_rate_D': -2.723071842408159, 'log_learning_rate_D_dagger': -3.9661179451224133, 'training_batch_size': 10, 'training_p': 2}
	 epoch  0 training error:  tensor(1.0841, device='cuda:0', grad_fn=<DivBackward0>)
Memory status after this epoch: 
Memory allocated:  2.92822265625
Memory cached:  14.0
	 epoch  10 training error:  tensor(0.2480, device='cuda:0', grad_fn=<DivBackward0>)
Memory status after this epoch: 
Memory allocated:  2.92822265625
Memory cached:  16.0
	 epoch  20 training error:  tensor(0.1231, device='cuda:0', grad_fn=<DivBackward0>)
Memory status after this epoch: 
Memory allocated:  2.92822265625
Memory cached:  16.0
	 epoch  30 training error:  tensor(0.0564, device='cuda:0', grad_fn=<DivBackward0>)
Memory status after this epoch: 
Memory allocated:  2.92822265625
Memory cached:  16.0
	 epoch  40 training error:  tensor(0.0352, device='cuda:0', grad_fn=<DivBackward0>)
Memory status after this epoch: 
Memory allocated:  2.92822265625
Memory cached:  16.0
	 epoch  50 training error:  tensor(0.0223, device='cuda:0', grad_fn=<DivBackward0>)
Memory status after this epoch: 
Memory allocated:  2.92822265625
Memory cached:  16.0
	 epoch  60 training error:  tensor(0.0171, device='cuda:0', grad_fn=<DivBackward0>)
Memory status after this epoch: 
Memory allocated:  2.92822265625
Memory cached:  16.0
	 epoch  70 training error:  tensor(0.0155, device='cuda:0', grad_fn=<DivBackward0>)
Memory status after this epoch: 
Memory allocated:  2.92822265625
Memory cached:  16.0
	 epoch  80 training error:  tensor(0.0148, device='cuda:0', grad_fn=<DivBackward0>)
Memory status after this epoch: 
Memory allocated:  2.92822265625
Memory cached:  16.0
	 epoch  90 training error:  tensor(0.0147, device='cuda:0', grad_fn=<DivBackward0>)
Memory status after this epoch: 
Memory allocated:  2.92822265625
Memory cached:  16.0
[I 2023-11-07 15:10:30,370] Trial 30 finished with value: 0.01389386411756277 and parameters: {'W_layers': 6, 'W_layer_units_exponent_0': 5, 'W_layer_units_exponent_1': 10, 'W_layer_units_exponent_2': 5, 'W_layer_units_exponent_3': 9, 'W_layer_units_exponent_4': 6, 'W_layer_units_exponent_5': 7, 'D_layers': 4, 'D_layer_units_exponent_0': 6, 'D_layer_units_exponent_1': 4, 'D_layer_units_exponent_2': 10, 'D_layer_units_exponent_3': 6, 'D_dagger_layers': 3, 'D_dagger_layer_units_exponent_0': 4, 'D_dagger_layer_units_exponent_1': 6, 'D_dagger_layer_units_exponent_2': 9, 'log_learning_rate': -3.7870699600256374, 'log_learning_rate_D': -2.723071842408159, 'log_learning_rate_D_dagger': -3.9661179451224133, 'training_batch_size': 10, 'training_p': 2}. Best is trial 22 with value: 0.013349753804504871.
Time for this trial:  20.838548183441162
Memory status after this trial: 
Memory allocated:  131.1162109375
Memory cached:  138.0
--------------------  Trial  31   --------------------
Start timing: 
Parameters: 
{'W_layers': 2, 'W_layer_units_exponent_0': 5, 'W_layer_units_exponent_1': 9, 'D_layers': 6, 'D_layer_units_exponent_0': 8, 'D_layer_units_exponent_1': 10, 'D_layer_units_exponent_2': 8, 'D_layer_units_exponent_3': 7, 'D_layer_units_exponent_4': 5, 'D_layer_units_exponent_5': 6, 'D_dagger_layers': 4, 'D_dagger_layer_units_exponent_0': 4, 'D_dagger_layer_units_exponent_1': 4, 'D_dagger_layer_units_exponent_2': 9, 'D_dagger_layer_units_exponent_3': 6, 'log_learning_rate': -4.247330169265609, 'log_learning_rate_D': -2.0484101426144896, 'log_learning_rate_D_dagger': -3.154758773433935, 'training_batch_size': 9, 'training_p': 2}
	 epoch  0 training error:  tensor(0.9219, device='cuda:0', grad_fn=<DivBackward0>)
Memory status after this epoch: 
Memory allocated:  3.23095703125
Memory cached:  10.0
	 epoch  10 training error:  tensor(0.0304, device='cuda:0', grad_fn=<DivBackward0>)
Memory status after this epoch: 
Memory allocated:  3.23095703125
Memory cached:  12.0
	 epoch  20 training error:  tensor(0.1464, device='cuda:0', grad_fn=<DivBackward0>)
Memory status after this epoch: 
Memory allocated:  3.23095703125
Memory cached:  12.0
	 epoch  30 training error:  tensor(0.0463, device='cuda:0', grad_fn=<DivBackward0>)
Memory status after this epoch: 
Memory allocated:  3.23095703125
Memory cached:  12.0
	 epoch  40 training error:  tensor(0.0328, device='cuda:0', grad_fn=<DivBackward0>)
Memory status after this epoch: 
Memory allocated:  3.23095703125
Memory cached:  12.0
	 epoch  50 training error:  tensor(0.0173, device='cuda:0', grad_fn=<DivBackward0>)
Memory status after this epoch: 
Memory allocated:  3.23095703125
Memory cached:  12.0
	 epoch  60 training error:  tensor(0.0172, device='cuda:0', grad_fn=<DivBackward0>)
Memory status after this epoch: 
Memory allocated:  3.23095703125
Memory cached:  12.0
	 epoch  70 training error:  tensor(0.0151, device='cuda:0', grad_fn=<DivBackward0>)
Memory status after this epoch: 
Memory allocated:  3.23095703125
Memory cached:  12.0
	 epoch  80 training error:  tensor(0.0144, device='cuda:0', grad_fn=<DivBackward0>)
Memory status after this epoch: 
Memory allocated:  3.23095703125
Memory cached:  12.0
	 epoch  90 training error:  tensor(0.0142, device='cuda:0', grad_fn=<DivBackward0>)
Memory status after this epoch: 
Memory allocated:  3.23095703125
Memory cached:  12.0
[I 2023-11-07 15:10:48,784] Trial 31 finished with value: 0.013444376178085804 and parameters: {'W_layers': 2, 'W_layer_units_exponent_0': 5, 'W_layer_units_exponent_1': 9, 'D_layers': 6, 'D_layer_units_exponent_0': 8, 'D_layer_units_exponent_1': 10, 'D_layer_units_exponent_2': 8, 'D_layer_units_exponent_3': 7, 'D_layer_units_exponent_4': 5, 'D_layer_units_exponent_5': 6, 'D_dagger_layers': 4, 'D_dagger_layer_units_exponent_0': 4, 'D_dagger_layer_units_exponent_1': 4, 'D_dagger_layer_units_exponent_2': 9, 'D_dagger_layer_units_exponent_3': 6, 'log_learning_rate': -4.247330169265609, 'log_learning_rate_D': -2.0484101426144896, 'log_learning_rate_D_dagger': -3.154758773433935, 'training_batch_size': 9, 'training_p': 2}. Best is trial 22 with value: 0.013349753804504871.
Time for this trial:  18.187394857406616
Memory status after this trial: 
Memory allocated:  63.1484375
Memory cached:  72.0
--------------------  Trial  32   --------------------
Start timing: 
Parameters: 
{'W_layers': 2, 'W_layer_units_exponent_0': 4, 'W_layer_units_exponent_1': 9, 'D_layers': 6, 'D_layer_units_exponent_0': 9, 'D_layer_units_exponent_1': 10, 'D_layer_units_exponent_2': 8, 'D_layer_units_exponent_3': 7, 'D_layer_units_exponent_4': 5, 'D_layer_units_exponent_5': 6, 'D_dagger_layers': 5, 'D_dagger_layer_units_exponent_0': 4, 'D_dagger_layer_units_exponent_1': 4, 'D_dagger_layer_units_exponent_2': 9, 'D_dagger_layer_units_exponent_3': 6, 'D_dagger_layer_units_exponent_4': 4, 'log_learning_rate': -4.222979282235506, 'log_learning_rate_D': -2.376555549384844, 'log_learning_rate_D_dagger': -2.9991361232524447, 'training_batch_size': 8, 'training_p': 3}
	 epoch  0 training error:  tensor(1.0361, device='cuda:0', grad_fn=<DivBackward0>)
Memory status after this epoch: 
Memory allocated:  4.12451171875
Memory cached:  30.0
	 epoch  10 training error:  tensor(0.1765, device='cuda:0', grad_fn=<DivBackward0>)
Memory status after this epoch: 
Memory allocated:  4.12451171875
Memory cached:  32.0
	 epoch  20 training error:  tensor(0.0550, device='cuda:0', grad_fn=<DivBackward0>)
Memory status after this epoch: 
Memory allocated:  4.12451171875
Memory cached:  32.0
	 epoch  30 training error:  tensor(0.0285, device='cuda:0', grad_fn=<DivBackward0>)
Memory status after this epoch: 
Memory allocated:  4.12451171875
Memory cached:  32.0
	 epoch  40 training error:  tensor(0.0287, device='cuda:0', grad_fn=<DivBackward0>)
Memory status after this epoch: 
Memory allocated:  4.12451171875
Memory cached:  32.0
	 epoch  50 training error:  tensor(0.0251, device='cuda:0', grad_fn=<DivBackward0>)
Memory status after this epoch: 
Memory allocated:  4.12451171875
Memory cached:  32.0
	 epoch  60 training error:  tensor(0.0226, device='cuda:0', grad_fn=<DivBackward0>)
Memory status after this epoch: 
Memory allocated:  4.12451171875
Memory cached:  32.0
	 epoch  70 training error:  tensor(0.0206, device='cuda:0', grad_fn=<DivBackward0>)
Memory status after this epoch: 
Memory allocated:  4.12451171875
Memory cached:  32.0
	 epoch  80 training error:  tensor(0.0193, device='cuda:0', grad_fn=<DivBackward0>)
Memory status after this epoch: 
Memory allocated:  4.12451171875
Memory cached:  32.0
	 epoch  90 training error:  tensor(0.0185, device='cuda:0', grad_fn=<DivBackward0>)
Memory status after this epoch: 
Memory allocated:  4.12451171875
Memory cached:  32.0
[I 2023-11-07 15:11:06,908] Trial 32 finished with value: 0.014559939503669739 and parameters: {'W_layers': 2, 'W_layer_units_exponent_0': 4, 'W_layer_units_exponent_1': 9, 'D_layers': 6, 'D_layer_units_exponent_0': 9, 'D_layer_units_exponent_1': 10, 'D_layer_units_exponent_2': 8, 'D_layer_units_exponent_3': 7, 'D_layer_units_exponent_4': 5, 'D_layer_units_exponent_5': 6, 'D_dagger_layers': 5, 'D_dagger_layer_units_exponent_0': 4, 'D_dagger_layer_units_exponent_1': 4, 'D_dagger_layer_units_exponent_2': 9, 'D_dagger_layer_units_exponent_3': 6, 'D_dagger_layer_units_exponent_4': 4, 'log_learning_rate': -4.222979282235506, 'log_learning_rate_D': -2.376555549384844, 'log_learning_rate_D_dagger': -2.9991361232524447, 'training_batch_size': 8, 'training_p': 3}. Best is trial 22 with value: 0.013349753804504871.
Time for this trial:  17.909595012664795
Memory status after this trial: 
Memory allocated:  63.0947265625
Memory cached:  72.0
--------------------  Trial  33   --------------------
Start timing: 
Parameters: 
{'W_layers': 3, 'W_layer_units_exponent_0': 6, 'W_layer_units_exponent_1': 8, 'W_layer_units_exponent_2': 7, 'D_layers': 5, 'D_layer_units_exponent_0': 8, 'D_layer_units_exponent_1': 9, 'D_layer_units_exponent_2': 7, 'D_layer_units_exponent_3': 8, 'D_layer_units_exponent_4': 6, 'D_dagger_layers': 3, 'D_dagger_layer_units_exponent_0': 5, 'D_dagger_layer_units_exponent_1': 4, 'D_dagger_layer_units_exponent_2': 8, 'log_learning_rate': -4.288150589594404, 'log_learning_rate_D': -1.497027830346235, 'log_learning_rate_D_dagger': -3.28729096566764, 'training_batch_size': 9, 'training_p': 2}
	 epoch  0 training error:  tensor(1.3026, device='cuda:0', grad_fn=<DivBackward0>)
Memory status after this epoch: 
Memory allocated:  1.947265625
Memory cached:  8.0
	 epoch  10 training error:  tensor(0.3616, device='cuda:0', grad_fn=<DivBackward0>)
Memory status after this epoch: 
Memory allocated:  1.947265625
Memory cached:  8.0
	 epoch  20 training error:  tensor(0.1860, device='cuda:0', grad_fn=<DivBackward0>)
Memory status after this epoch: 
Memory allocated:  1.947265625
Memory cached:  8.0
	 epoch  30 training error:  tensor(0.0849, device='cuda:0', grad_fn=<DivBackward0>)
Memory status after this epoch: 
Memory allocated:  1.947265625
Memory cached:  8.0
	 epoch  40 training error:  tensor(0.0265, device='cuda:0', grad_fn=<DivBackward0>)
Memory status after this epoch: 
Memory allocated:  1.947265625
Memory cached:  8.0
	 epoch  50 training error:  tensor(0.0247, device='cuda:0', grad_fn=<DivBackward0>)
Memory status after this epoch: 
Memory allocated:  1.947265625
Memory cached:  8.0
	 epoch  60 training error:  tensor(0.0196, device='cuda:0', grad_fn=<DivBackward0>)
Memory status after this epoch: 
Memory allocated:  1.947265625
Memory cached:  8.0
	 epoch  70 training error:  tensor(0.0196, device='cuda:0', grad_fn=<DivBackward0>)
Memory status after this epoch: 
Memory allocated:  1.947265625
Memory cached:  8.0
	 epoch  80 training error:  tensor(0.0187, device='cuda:0', grad_fn=<DivBackward0>)
Memory status after this epoch: 
Memory allocated:  1.947265625
Memory cached:  8.0
	 epoch  90 training error:  tensor(0.0180, device='cuda:0', grad_fn=<DivBackward0>)
Memory status after this epoch: 
Memory allocated:  1.947265625
Memory cached:  8.0
[I 2023-11-07 15:11:23,907] Trial 33 finished with value: 0.01657247729599476 and parameters: {'W_layers': 3, 'W_layer_units_exponent_0': 6, 'W_layer_units_exponent_1': 8, 'W_layer_units_exponent_2': 7, 'D_layers': 5, 'D_layer_units_exponent_0': 8, 'D_layer_units_exponent_1': 9, 'D_layer_units_exponent_2': 7, 'D_layer_units_exponent_3': 8, 'D_layer_units_exponent_4': 6, 'D_dagger_layers': 3, 'D_dagger_layer_units_exponent_0': 5, 'D_dagger_layer_units_exponent_1': 4, 'D_dagger_layer_units_exponent_2': 8, 'log_learning_rate': -4.288150589594404, 'log_learning_rate_D': -1.497027830346235, 'log_learning_rate_D_dagger': -3.28729096566764, 'training_batch_size': 9, 'training_p': 2}. Best is trial 22 with value: 0.013349753804504871.
Time for this trial:  16.79169511795044
Memory status after this trial: 
Memory allocated:  41.2822265625
Memory cached:  56.0
--------------------  Trial  34   --------------------
Start timing: 
Parameters: 
{'W_layers': 3, 'W_layer_units_exponent_0': 7, 'W_layer_units_exponent_1': 8, 'W_layer_units_exponent_2': 6, 'D_layers': 6, 'D_layer_units_exponent_0': 7, 'D_layer_units_exponent_1': 10, 'D_layer_units_exponent_2': 8, 'D_layer_units_exponent_3': 7, 'D_layer_units_exponent_4': 4, 'D_layer_units_exponent_5': 7, 'D_dagger_layers': 4, 'D_dagger_layer_units_exponent_0': 4, 'D_dagger_layer_units_exponent_1': 5, 'D_dagger_layer_units_exponent_2': 10, 'D_dagger_layer_units_exponent_3': 7, 'log_learning_rate': -2.881607884863627, 'log_learning_rate_D': -1.9847233903666872, 'log_learning_rate_D_dagger': -4.996427815737711, 'training_batch_size': 11, 'training_p': 3}
	 epoch  0 training error:  tensor(0.8775, device='cuda:0', grad_fn=<DivBackward0>)
Memory status after this epoch: 
Memory allocated:  5.1015625
Memory cached:  10.0
	 epoch  10 training error:  tensor(0.2748, device='cuda:0', grad_fn=<DivBackward0>)
Memory status after this epoch: 
Memory allocated:  5.1015625
Memory cached:  12.0
	 epoch  20 training error:  tensor(0.1725, device='cuda:0', grad_fn=<DivBackward0>)
Memory status after this epoch: 
Memory allocated:  5.1015625
Memory cached:  12.0
	 epoch  30 training error:  tensor(0.0423, device='cuda:0', grad_fn=<DivBackward0>)
Memory status after this epoch: 
Memory allocated:  5.1015625
Memory cached:  12.0
	 epoch  40 training error:  tensor(0.0302, device='cuda:0', grad_fn=<DivBackward0>)
Memory status after this epoch: 
Memory allocated:  5.1015625
Memory cached:  12.0
	 epoch  50 training error:  tensor(0.0178, device='cuda:0', grad_fn=<DivBackward0>)
Memory status after this epoch: 
Memory allocated:  5.1015625
Memory cached:  12.0
	 epoch  60 training error:  tensor(0.0183, device='cuda:0', grad_fn=<DivBackward0>)
Memory status after this epoch: 
Memory allocated:  5.1015625
Memory cached:  12.0
	 epoch  70 training error:  tensor(0.0181, device='cuda:0', grad_fn=<DivBackward0>)
Memory status after this epoch: 
Memory allocated:  5.1015625
Memory cached:  12.0
	 epoch  80 training error:  tensor(0.0179, device='cuda:0', grad_fn=<DivBackward0>)
Memory status after this epoch: 
Memory allocated:  5.1015625
Memory cached:  12.0
	 epoch  90 training error:  tensor(0.0178, device='cuda:0', grad_fn=<DivBackward0>)
Memory status after this epoch: 
Memory allocated:  5.1015625
Memory cached:  12.0
[I 2023-11-07 15:11:42,357] Trial 34 finished with value: 0.013605773448944092 and parameters: {'W_layers': 3, 'W_layer_units_exponent_0': 7, 'W_layer_units_exponent_1': 8, 'W_layer_units_exponent_2': 6, 'D_layers': 6, 'D_layer_units_exponent_0': 7, 'D_layer_units_exponent_1': 10, 'D_layer_units_exponent_2': 8, 'D_layer_units_exponent_3': 7, 'D_layer_units_exponent_4': 4, 'D_layer_units_exponent_5': 7, 'D_dagger_layers': 4, 'D_dagger_layer_units_exponent_0': 4, 'D_dagger_layer_units_exponent_1': 5, 'D_dagger_layer_units_exponent_2': 10, 'D_dagger_layer_units_exponent_3': 7, 'log_learning_rate': -2.881607884863627, 'log_learning_rate_D': -1.9847233903666872, 'log_learning_rate_D_dagger': -4.996427815737711, 'training_batch_size': 11, 'training_p': 3}. Best is trial 22 with value: 0.013349753804504871.
Time for this trial:  18.23184585571289
Memory status after this trial: 
Memory allocated:  90.3583984375
Memory cached:  106.0
--------------------  Trial  35   --------------------
Start timing: 
Parameters: 
{'W_layers': 2, 'W_layer_units_exponent_0': 5, 'W_layer_units_exponent_1': 9, 'D_layers': 8, 'D_layer_units_exponent_0': 7, 'D_layer_units_exponent_1': 8, 'D_layer_units_exponent_2': 9, 'D_layer_units_exponent_3': 6, 'D_layer_units_exponent_4': 5, 'D_layer_units_exponent_5': 7, 'D_layer_units_exponent_6': 6, 'D_layer_units_exponent_7': 10, 'D_dagger_layers': 4, 'D_dagger_layer_units_exponent_0': 7, 'D_dagger_layer_units_exponent_1': 4, 'D_dagger_layer_units_exponent_2': 7, 'D_dagger_layer_units_exponent_3': 7, 'log_learning_rate': -4.699543947127371, 'log_learning_rate_D': -2.3914426107461564, 'log_learning_rate_D_dagger': -2.8618926208021573, 'training_batch_size': 8, 'training_p': 2}
	 epoch  0 training error:  tensor(0.5706, device='cuda:0', grad_fn=<DivBackward0>)
Memory status after this epoch: 
Memory allocated:  1.8203125
Memory cached:  8.0
	 epoch  10 training error:  tensor(0.0807, device='cuda:0', grad_fn=<DivBackward0>)
Memory status after this epoch: 
Memory allocated:  1.8203125
Memory cached:  10.0
	 epoch  20 training error:  tensor(0.0577, device='cuda:0', grad_fn=<DivBackward0>)
Memory status after this epoch: 
Memory allocated:  1.8203125
Memory cached:  10.0
	 epoch  30 training error:  tensor(0.0177, device='cuda:0', grad_fn=<DivBackward0>)
Memory status after this epoch: 
Memory allocated:  1.8203125
Memory cached:  10.0
	 epoch  40 training error:  tensor(0.0162, device='cuda:0', grad_fn=<DivBackward0>)
Memory status after this epoch: 
Memory allocated:  1.8203125
Memory cached:  10.0
	 epoch  50 training error:  tensor(0.0197, device='cuda:0', grad_fn=<DivBackward0>)
Memory status after this epoch: 
Memory allocated:  1.8203125
Memory cached:  10.0
	 epoch  60 training error:  tensor(0.0187, device='cuda:0', grad_fn=<DivBackward0>)
Memory status after this epoch: 
Memory allocated:  1.8203125
Memory cached:  10.0
	 epoch  70 training error:  tensor(0.0196, device='cuda:0', grad_fn=<DivBackward0>)
Memory status after this epoch: 
Memory allocated:  1.8203125
Memory cached:  10.0
	 epoch  80 training error:  tensor(0.0204, device='cuda:0', grad_fn=<DivBackward0>)
Memory status after this epoch: 
Memory allocated:  1.8203125
Memory cached:  10.0
	 epoch  90 training error:  tensor(0.0201, device='cuda:0', grad_fn=<DivBackward0>)
Memory status after this epoch: 
Memory allocated:  1.8203125
Memory cached:  10.0
