[I 2023-11-09 17:40:28,350] Trial 35 finished with value: 0.036890674382448196 and parameters: {'W_layers': 7, 'W_layer_units_exponent_0': 8, 'W_layer_units_exponent_1': 8, 'W_layer_units_exponent_2': 10, 'W_layer_units_exponent_3': 6, 'W_layer_units_exponent_4': 6, 'W_layer_units_exponent_5': 7, 'W_layer_units_exponent_6': 6, 'D_layers': 4, 'D_layer_units_exponent_0': 7, 'D_layer_units_exponent_1': 7, 'D_layer_units_exponent_2': 8, 'D_layer_units_exponent_3': 6, 'D_dagger_layers': 5, 'D_dagger_layer_units_exponent_0': 7, 'D_dagger_layer_units_exponent_1': 10, 'D_dagger_layer_units_exponent_2': 7, 'D_dagger_layer_units_exponent_3': 9, 'D_dagger_layer_units_exponent_4': 7, 'log_learning_rate': -3.8112439454013165, 'log_learning_rate_D': -4.220993276791643, 'log_learning_rate_D_dagger': -3.1595234948713107, 'training_batch_size': 10, 'training_p': 5}. Best is trial 14 with value: 0.026651233434677124.
Time for this trial:  217.85904908180237
Memory status after this trial: 
Memory allocated:  239.80712890625
Memory cached:  248.0
--------------------  Trial  36   --------------------
Start timing: 
Parameters: 
{'W_layers': 5, 'W_layer_units_exponent_0': 4, 'W_layer_units_exponent_1': 7, 'W_layer_units_exponent_2': 6, 'W_layer_units_exponent_3': 9, 'W_layer_units_exponent_4': 7, 'D_layers': 4, 'D_layer_units_exponent_0': 4, 'D_layer_units_exponent_1': 7, 'D_layer_units_exponent_2': 10, 'D_layer_units_exponent_3': 8, 'D_dagger_layers': 4, 'D_dagger_layer_units_exponent_0': 9, 'D_dagger_layer_units_exponent_1': 8, 'D_dagger_layer_units_exponent_2': 5, 'D_dagger_layer_units_exponent_3': 10, 'log_learning_rate': -4.222131405508405, 'log_learning_rate_D': -4.569010322888925, 'log_learning_rate_D_dagger': -4.74443694835264, 'training_batch_size': 8, 'training_p': 3}
	 epoch  0 training error:  tensor(1.2710, device='cuda:0', grad_fn=<DivBackward0>)
Memory status after this epoch: 
Memory allocated:  10.53173828125
Memory cached:  154.0
	 epoch  10 training error:  tensor(0.2161, device='cuda:0', grad_fn=<DivBackward0>)
Memory status after this epoch: 
Memory allocated:  10.53173828125
Memory cached:  250.0
	 epoch  20 training error:  tensor(0.1737, device='cuda:0', grad_fn=<DivBackward0>)
Memory status after this epoch: 
Memory allocated:  10.53173828125
Memory cached:  238.0
	 epoch  30 training error:  tensor(0.1168, device='cuda:0', grad_fn=<DivBackward0>)
Memory status after this epoch: 
Memory allocated:  10.53173828125
Memory cached:  244.0
	 epoch  40 training error:  tensor(0.0948, device='cuda:0', grad_fn=<DivBackward0>)
Memory status after this epoch: 
Memory allocated:  10.53173828125
Memory cached:  244.0
	 epoch  50 training error:  tensor(0.0841, device='cuda:0', grad_fn=<DivBackward0>)
Memory status after this epoch: 
Memory allocated:  10.53173828125
Memory cached:  224.0
	 epoch  60 training error:  tensor(0.0773, device='cuda:0', grad_fn=<DivBackward0>)
Memory status after this epoch: 
Memory allocated:  10.53173828125
Memory cached:  242.0
	 epoch  70 training error:  tensor(0.0660, device='cuda:0', grad_fn=<DivBackward0>)
Memory status after this epoch: 
Memory allocated:  10.53173828125
Memory cached:  242.0
	 epoch  80 training error:  tensor(0.0559, device='cuda:0', grad_fn=<DivBackward0>)
Memory status after this epoch: 
Memory allocated:  10.53173828125
Memory cached:  248.0
	 epoch  90 training error:  tensor(0.0483, device='cuda:0', grad_fn=<DivBackward0>)
Memory status after this epoch: 
Memory allocated:  10.53173828125
Memory cached:  246.0
[I 2023-11-09 17:43:38,602] Trial 36 finished with value: 0.040960412472486496 and parameters: {'W_layers': 5, 'W_layer_units_exponent_0': 4, 'W_layer_units_exponent_1': 7, 'W_layer_units_exponent_2': 6, 'W_layer_units_exponent_3': 9, 'W_layer_units_exponent_4': 7, 'D_layers': 4, 'D_layer_units_exponent_0': 4, 'D_layer_units_exponent_1': 7, 'D_layer_units_exponent_2': 10, 'D_layer_units_exponent_3': 8, 'D_dagger_layers': 4, 'D_dagger_layer_units_exponent_0': 9, 'D_dagger_layer_units_exponent_1': 8, 'D_dagger_layer_units_exponent_2': 5, 'D_dagger_layer_units_exponent_3': 10, 'log_learning_rate': -4.222131405508405, 'log_learning_rate_D': -4.569010322888925, 'log_learning_rate_D_dagger': -4.74443694835264, 'training_batch_size': 8, 'training_p': 3}. Best is trial 14 with value: 0.026651233434677124.
Time for this trial:  189.95852327346802
Memory status after this trial: 
Memory allocated:  224.529296875
Memory cached:  230.0
--------------------  Trial  37   --------------------
Start timing: 
Parameters: 
{'W_layers': 3, 'W_layer_units_exponent_0': 9, 'W_layer_units_exponent_1': 5, 'W_layer_units_exponent_2': 5, 'D_layers': 3, 'D_layer_units_exponent_0': 6, 'D_layer_units_exponent_1': 8, 'D_layer_units_exponent_2': 9, 'D_dagger_layers': 6, 'D_dagger_layer_units_exponent_0': 7, 'D_dagger_layer_units_exponent_1': 7, 'D_dagger_layer_units_exponent_2': 6, 'D_dagger_layer_units_exponent_3': 8, 'D_dagger_layer_units_exponent_4': 5, 'D_dagger_layer_units_exponent_5': 8, 'log_learning_rate': -3.535173833467972, 'log_learning_rate_D': -3.954883844479614, 'log_learning_rate_D_dagger': -3.4407104450082953, 'training_batch_size': 9, 'training_p': 2}
	 epoch  0 training error:  tensor(1.9259, device='cuda:0', grad_fn=<DivBackward0>)
Memory status after this epoch: 
Memory allocated:  3.58251953125
Memory cached:  90.0
	 epoch  10 training error:  tensor(0.1476, device='cuda:0', grad_fn=<DivBackward0>)
Memory status after this epoch: 
Memory allocated:  3.58251953125
Memory cached:  124.0
	 epoch  20 training error:  tensor(0.2013, device='cuda:0', grad_fn=<DivBackward0>)
Memory status after this epoch: 
Memory allocated:  3.58251953125
Memory cached:  126.0
	 epoch  30 training error:  tensor(0.0848, device='cuda:0', grad_fn=<DivBackward0>)
Memory status after this epoch: 
Memory allocated:  3.58251953125
Memory cached:  124.0
	 epoch  40 training error:  tensor(0.0685, device='cuda:0', grad_fn=<DivBackward0>)
Memory status after this epoch: 
Memory allocated:  3.58251953125
Memory cached:  126.0
	 epoch  50 training error:  tensor(0.0492, device='cuda:0', grad_fn=<DivBackward0>)
Memory status after this epoch: 
Memory allocated:  3.58251953125
Memory cached:  124.0
	 epoch  60 training error:  tensor(0.0441, device='cuda:0', grad_fn=<DivBackward0>)
Memory status after this epoch: 
Memory allocated:  3.58251953125
Memory cached:  120.0
	 epoch  70 training error:  tensor(0.0416, device='cuda:0', grad_fn=<DivBackward0>)
Memory status after this epoch: 
Memory allocated:  3.58251953125
Memory cached:  120.0
	 epoch  80 training error:  tensor(0.0372, device='cuda:0', grad_fn=<DivBackward0>)
Memory status after this epoch: 
Memory allocated:  3.58251953125
Memory cached:  124.0
	 epoch  90 training error:  tensor(0.0337, device='cuda:0', grad_fn=<DivBackward0>)
Memory status after this epoch: 
Memory allocated:  3.58251953125
Memory cached:  120.0
[I 2023-11-09 17:46:30,830] Trial 37 finished with value: 0.03307565674185753 and parameters: {'W_layers': 3, 'W_layer_units_exponent_0': 9, 'W_layer_units_exponent_1': 5, 'W_layer_units_exponent_2': 5, 'D_layers': 3, 'D_layer_units_exponent_0': 6, 'D_layer_units_exponent_1': 8, 'D_layer_units_exponent_2': 9, 'D_dagger_layers': 6, 'D_dagger_layer_units_exponent_0': 7, 'D_dagger_layer_units_exponent_1': 7, 'D_dagger_layer_units_exponent_2': 6, 'D_dagger_layer_units_exponent_3': 8, 'D_dagger_layer_units_exponent_4': 5, 'D_dagger_layer_units_exponent_5': 8, 'log_learning_rate': -3.535173833467972, 'log_learning_rate_D': -3.954883844479614, 'log_learning_rate_D_dagger': -3.4407104450082953, 'training_batch_size': 9, 'training_p': 2}. Best is trial 14 with value: 0.026651233434677124.
Time for this trial:  171.9498212337494
Memory status after this trial: 
Memory allocated:  123.61865234375
Memory cached:  126.0
--------------------  Trial  38   --------------------
Start timing: 
Parameters: 
{'W_layers': 6, 'W_layer_units_exponent_0': 5, 'W_layer_units_exponent_1': 8, 'W_layer_units_exponent_2': 8, 'W_layer_units_exponent_3': 8, 'W_layer_units_exponent_4': 5, 'W_layer_units_exponent_5': 4, 'D_layers': 5, 'D_layer_units_exponent_0': 7, 'D_layer_units_exponent_1': 9, 'D_layer_units_exponent_2': 8, 'D_layer_units_exponent_3': 7, 'D_layer_units_exponent_4': 6, 'D_dagger_layers': 2, 'D_dagger_layer_units_exponent_0': 6, 'D_dagger_layer_units_exponent_1': 7, 'log_learning_rate': -4.661403721962511, 'log_learning_rate_D': -4.338862061876265, 'log_learning_rate_D_dagger': -4.176160997564828, 'training_batch_size': 12, 'training_p': 5}
	 epoch  0 training error:  tensor(1.0848, device='cuda:0', grad_fn=<DivBackward0>)
Memory status after this epoch: 
Memory allocated:  6.17626953125
Memory cached:  106.0
	 epoch  10 training error:  tensor(0.2641, device='cuda:0', grad_fn=<DivBackward0>)
Memory status after this epoch: 
Memory allocated:  6.17626953125
Memory cached:  166.0
	 epoch  20 training error:  tensor(0.2983, device='cuda:0', grad_fn=<DivBackward0>)
Memory status after this epoch: 
Memory allocated:  6.17626953125
Memory cached:  166.0
	 epoch  30 training error:  tensor(0.1860, device='cuda:0', grad_fn=<DivBackward0>)
Memory status after this epoch: 
Memory allocated:  6.17626953125
Memory cached:  168.0
	 epoch  40 training error:  tensor(0.1207, device='cuda:0', grad_fn=<DivBackward0>)
Memory status after this epoch: 
Memory allocated:  6.17626953125
Memory cached:  150.0
	 epoch  50 training error:  tensor(0.0971, device='cuda:0', grad_fn=<DivBackward0>)
Memory status after this epoch: 
Memory allocated:  6.17626953125
Memory cached:  160.0
	 epoch  60 training error:  tensor(0.0940, device='cuda:0', grad_fn=<DivBackward0>)
Memory status after this epoch: 
Memory allocated:  6.17626953125
Memory cached:  166.0
	 epoch  70 training error:  tensor(0.0900, device='cuda:0', grad_fn=<DivBackward0>)
Memory status after this epoch: 
Memory allocated:  6.17626953125
Memory cached:  160.0
	 epoch  80 training error:  tensor(0.0885, device='cuda:0', grad_fn=<DivBackward0>)
Memory status after this epoch: 
Memory allocated:  6.17626953125
Memory cached:  172.0
	 epoch  90 training error:  tensor(0.0853, device='cuda:0', grad_fn=<DivBackward0>)
Memory status after this epoch: 
Memory allocated:  6.17626953125
Memory cached:  160.0
[I 2023-11-09 17:49:29,144] Trial 38 finished with value: 0.04880097135901451 and parameters: {'W_layers': 6, 'W_layer_units_exponent_0': 5, 'W_layer_units_exponent_1': 8, 'W_layer_units_exponent_2': 8, 'W_layer_units_exponent_3': 8, 'W_layer_units_exponent_4': 5, 'W_layer_units_exponent_5': 4, 'D_layers': 5, 'D_layer_units_exponent_0': 7, 'D_layer_units_exponent_1': 9, 'D_layer_units_exponent_2': 8, 'D_layer_units_exponent_3': 7, 'D_layer_units_exponent_4': 6, 'D_dagger_layers': 2, 'D_dagger_layer_units_exponent_0': 6, 'D_dagger_layer_units_exponent_1': 7, 'log_learning_rate': -4.661403721962511, 'log_learning_rate_D': -4.338862061876265, 'log_learning_rate_D_dagger': -4.176160997564828, 'training_batch_size': 12, 'training_p': 5}. Best is trial 14 with value: 0.026651233434677124.
Time for this trial:  178.02780032157898
Memory status after this trial: 
Memory allocated:  117.25927734375
Memory cached:  140.0
--------------------  Trial  39   --------------------
Start timing: 
Parameters: 
{'W_layers': 8, 'W_layer_units_exponent_0': 10, 'W_layer_units_exponent_1': 4, 'W_layer_units_exponent_2': 5, 'W_layer_units_exponent_3': 7, 'W_layer_units_exponent_4': 9, 'W_layer_units_exponent_5': 6, 'W_layer_units_exponent_6': 10, 'W_layer_units_exponent_7': 5, 'D_layers': 2, 'D_layer_units_exponent_0': 5, 'D_layer_units_exponent_1': 6, 'D_dagger_layers': 3, 'D_dagger_layer_units_exponent_0': 10, 'D_dagger_layer_units_exponent_1': 10, 'D_dagger_layer_units_exponent_2': 8, 'log_learning_rate': -3.897333747020226, 'log_learning_rate_D': -4.759637820012768, 'log_learning_rate_D_dagger': -3.9658157553059405, 'training_batch_size': 11, 'training_p': 6}
	 epoch  0 training error:  tensor(0.7386, device='cuda:0', grad_fn=<DivBackward0>)
Memory status after this epoch: 
Memory allocated:  23.61376953125
Memory cached:  178.0
	 epoch  10 training error:  tensor(1.1789, device='cuda:0', grad_fn=<DivBackward0>)
Memory status after this epoch: 
Memory allocated:  23.61376953125
Memory cached:  284.0
	 epoch  20 training error:  tensor(0.2035, device='cuda:0', grad_fn=<DivBackward0>)
Memory status after this epoch: 
Memory allocated:  23.61376953125
Memory cached:  288.0
	 epoch  30 training error:  tensor(0.1341, device='cuda:0', grad_fn=<DivBackward0>)
Memory status after this epoch: 
Memory allocated:  23.61376953125
Memory cached:  284.0
	 epoch  40 training error:  tensor(0.1298, device='cuda:0', grad_fn=<DivBackward0>)
Memory status after this epoch: 
Memory allocated:  23.61376953125
Memory cached:  280.0
	 epoch  50 training error:  tensor(0.1213, device='cuda:0', grad_fn=<DivBackward0>)
Memory status after this epoch: 
Memory allocated:  23.61376953125
Memory cached:  286.0
	 epoch  60 training error:  tensor(0.1014, device='cuda:0', grad_fn=<DivBackward0>)
Memory status after this epoch: 
Memory allocated:  23.61376953125
Memory cached:  284.0
	 epoch  70 training error:  tensor(0.0891, device='cuda:0', grad_fn=<DivBackward0>)
Memory status after this epoch: 
Memory allocated:  23.61376953125
Memory cached:  284.0
	 epoch  80 training error:  tensor(0.0863, device='cuda:0', grad_fn=<DivBackward0>)
Memory status after this epoch: 
Memory allocated:  23.61376953125
Memory cached:  288.0
	 epoch  90 training error:  tensor(0.0944, device='cuda:0', grad_fn=<DivBackward0>)
Memory status after this epoch: 
Memory allocated:  23.61376953125
Memory cached:  290.0
[I 2023-11-09 17:52:45,048] Trial 39 finished with value: 0.05470988154411316 and parameters: {'W_layers': 8, 'W_layer_units_exponent_0': 10, 'W_layer_units_exponent_1': 4, 'W_layer_units_exponent_2': 5, 'W_layer_units_exponent_3': 7, 'W_layer_units_exponent_4': 9, 'W_layer_units_exponent_5': 6, 'W_layer_units_exponent_6': 10, 'W_layer_units_exponent_7': 5, 'D_layers': 2, 'D_layer_units_exponent_0': 5, 'D_layer_units_exponent_1': 6, 'D_dagger_layers': 3, 'D_dagger_layer_units_exponent_0': 10, 'D_dagger_layer_units_exponent_1': 10, 'D_dagger_layer_units_exponent_2': 8, 'log_learning_rate': -3.897333747020226, 'log_learning_rate_D': -4.759637820012768, 'log_learning_rate_D_dagger': -3.9658157553059405, 'training_batch_size': 11, 'training_p': 6}. Best is trial 14 with value: 0.026651233434677124.
Time for this trial:  195.6142454147339
Memory status after this trial: 
Memory allocated:  292.279296875
Memory cached:  310.0
--------------------  Trial  40   --------------------
Start timing: 
Parameters: 
{'W_layers': 4, 'W_layer_units_exponent_0': 8, 'W_layer_units_exponent_1': 7, 'W_layer_units_exponent_2': 8, 'W_layer_units_exponent_3': 5, 'D_layers': 4, 'D_layer_units_exponent_0': 4, 'D_layer_units_exponent_1': 5, 'D_layer_units_exponent_2': 10, 'D_layer_units_exponent_3': 5, 'D_dagger_layers': 5, 'D_dagger_layer_units_exponent_0': 7, 'D_dagger_layer_units_exponent_1': 9, 'D_dagger_layer_units_exponent_2': 7, 'D_dagger_layer_units_exponent_3': 9, 'D_dagger_layer_units_exponent_4': 4, 'log_learning_rate': -4.515961589206997, 'log_learning_rate_D': -3.5340787479558546, 'log_learning_rate_D_dagger': -4.462927147960124, 'training_batch_size': 8, 'training_p': 4}
	 epoch  0 training error:  tensor(0.6284, device='cuda:0', grad_fn=<DivBackward0>)
Memory status after this epoch: 
Memory allocated:  5.44775390625
Memory cached:  140.0
	 epoch  10 training error:  tensor(0.3021, device='cuda:0', grad_fn=<DivBackward0>)
Memory status after this epoch: 
Memory allocated:  5.44775390625
Memory cached:  206.0
	 epoch  20 training error:  tensor(0.1582, device='cuda:0', grad_fn=<DivBackward0>)
Memory status after this epoch: 
Memory allocated:  5.44775390625
Memory cached:  206.0
	 epoch  30 training error:  tensor(0.1099, device='cuda:0', grad_fn=<DivBackward0>)
Memory status after this epoch: 
Memory allocated:  5.44775390625
Memory cached:  202.0
	 epoch  40 training error:  tensor(0.0871, device='cuda:0', grad_fn=<DivBackward0>)
Memory status after this epoch: 
Memory allocated:  5.44775390625
Memory cached:  202.0
	 epoch  50 training error:  tensor(0.0671, device='cuda:0', grad_fn=<DivBackward0>)
Memory status after this epoch: 
Memory allocated:  5.44775390625
Memory cached:  190.0
	 epoch  60 training error:  tensor(0.0554, device='cuda:0', grad_fn=<DivBackward0>)
Memory status after this epoch: 
Memory allocated:  5.44775390625
Memory cached:  208.0
	 epoch  70 training error:  tensor(0.0485, device='cuda:0', grad_fn=<DivBackward0>)
Memory status after this epoch: 
Memory allocated:  5.44775390625
Memory cached:  204.0
	 epoch  80 training error:  tensor(0.0444, device='cuda:0', grad_fn=<DivBackward0>)
Memory status after this epoch: 
Memory allocated:  5.44775390625
Memory cached:  204.0
	 epoch  90 training error:  tensor(0.0419, device='cuda:0', grad_fn=<DivBackward0>)
Memory status after this epoch: 
Memory allocated:  5.44775390625
Memory cached:  198.0
[I 2023-11-09 17:55:49,555] Trial 40 finished with value: 0.03657890483736992 and parameters: {'W_layers': 4, 'W_layer_units_exponent_0': 8, 'W_layer_units_exponent_1': 7, 'W_layer_units_exponent_2': 8, 'W_layer_units_exponent_3': 5, 'D_layers': 4, 'D_layer_units_exponent_0': 4, 'D_layer_units_exponent_1': 5, 'D_layer_units_exponent_2': 10, 'D_layer_units_exponent_3': 5, 'D_dagger_layers': 5, 'D_dagger_layer_units_exponent_0': 7, 'D_dagger_layer_units_exponent_1': 9, 'D_dagger_layer_units_exponent_2': 7, 'D_dagger_layer_units_exponent_3': 9, 'D_dagger_layer_units_exponent_4': 4, 'log_learning_rate': -4.515961589206997, 'log_learning_rate_D': -3.5340787479558546, 'log_learning_rate_D_dagger': -4.462927147960124, 'training_batch_size': 8, 'training_p': 4}. Best is trial 14 with value: 0.026651233434677124.
Time for this trial:  184.21843433380127
Memory status after this trial: 
Memory allocated:  167.470703125
Memory cached:  172.0
--------------------  Trial  41   --------------------
Start timing: 
Parameters: 
{'W_layers': 5, 'W_layer_units_exponent_0': 9, 'W_layer_units_exponent_1': 5, 'W_layer_units_exponent_2': 6, 'W_layer_units_exponent_3': 8, 'W_layer_units_exponent_4': 6, 'D_layers': 3, 'D_layer_units_exponent_0': 5, 'D_layer_units_exponent_1': 9, 'D_layer_units_exponent_2': 9, 'D_dagger_layers': 5, 'D_dagger_layer_units_exponent_0': 8, 'D_dagger_layer_units_exponent_1': 8, 'D_dagger_layer_units_exponent_2': 6, 'D_dagger_layer_units_exponent_3': 9, 'D_dagger_layer_units_exponent_4': 6, 'log_learning_rate': -4.103338641844125, 'log_learning_rate_D': -4.834368800937576, 'log_learning_rate_D_dagger': -3.6568138809252053, 'training_batch_size': 9, 'training_p': 5}
	 epoch  0 training error:  tensor(0.8170, device='cuda:0', grad_fn=<DivBackward0>)
Memory status after this epoch: 
Memory allocated:  7.48681640625
Memory cached:  96.0
	 epoch  10 training error:  tensor(0.1947, device='cuda:0', grad_fn=<DivBackward0>)
Memory status after this epoch: 
Memory allocated:  7.48681640625
Memory cached:  130.0
	 epoch  20 training error:  tensor(0.1039, device='cuda:0', grad_fn=<DivBackward0>)
Memory status after this epoch: 
Memory allocated:  7.48681640625
Memory cached:  132.0
	 epoch  30 training error:  tensor(0.0965, device='cuda:0', grad_fn=<DivBackward0>)
Memory status after this epoch: 
Memory allocated:  7.48681640625
Memory cached:  130.0
	 epoch  40 training error:  tensor(0.0806, device='cuda:0', grad_fn=<DivBackward0>)
Memory status after this epoch: 
Memory allocated:  7.48681640625
Memory cached:  130.0
	 epoch  50 training error:  tensor(0.0606, device='cuda:0', grad_fn=<DivBackward0>)
Memory status after this epoch: 
Memory allocated:  7.48681640625
Memory cached:  130.0
	 epoch  60 training error:  tensor(0.0429, device='cuda:0', grad_fn=<DivBackward0>)
Memory status after this epoch: 
Memory allocated:  7.48681640625
Memory cached:  130.0
	 epoch  70 training error:  tensor(0.0401, device='cuda:0', grad_fn=<DivBackward0>)
Memory status after this epoch: 
Memory allocated:  7.48681640625
Memory cached:  132.0
	 epoch  80 training error:  tensor(0.0372, device='cuda:0', grad_fn=<DivBackward0>)
Memory status after this epoch: 
Memory allocated:  7.48681640625
Memory cached:  132.0
	 epoch  90 training error:  tensor(0.0325, device='cuda:0', grad_fn=<DivBackward0>)
Memory status after this epoch: 
Memory allocated:  7.48681640625
Memory cached:  128.0
