[I 2023-10-30 14:52:47,428] Trial 34 finished with value: 0.23726136982440948 and parameters: {'W_layers': 4, 'W_layer_units_exponent_0': 7, 'W_layer_units_exponent_1': 5, 'W_layer_units_exponent_2': 5, 'W_layer_units_exponent_3': 6, 'D_layers': 2, 'D_layer_units_exponent_0': 10, 'D_layer_units_exponent_1': 10, 'log_learning_rate': -1.629027496813411, 'log_learning_rate_D': -4.343134898962962, 'training_batch_size': 12, 'training_p': 4}. Best is trial 22 with value: 0.23656503856182098.
Time for this trial:  113.81682419776917
Memory status after this trial: 
Memory allocated:  130.734375
Memory cached:  144.0
--------------------  Trial  35   --------------------
Start timing: 
Parameters: 
{'W_layers': 3, 'W_layer_units_exponent_0': 9, 'W_layer_units_exponent_1': 7, 'W_layer_units_exponent_2': 9, 'D_layers': 2, 'D_layer_units_exponent_0': 8, 'D_layer_units_exponent_1': 8, 'log_learning_rate': -2.0773003855690644, 'log_learning_rate_D': -4.630595226549396, 'training_batch_size': 6, 'training_p': 3}
	 epoch  0 training error:  tensor(1.0006, device='cuda:0', grad_fn=<DivBackward0>)
Memory status after this epoch: 
Memory allocated:  3.10546875
Memory cached:  10.0
	 epoch  10 training error:  tensor(0.9748, device='cuda:0', grad_fn=<DivBackward0>)
Memory status after this epoch: 
Memory allocated:  3.10546875
Memory cached:  14.0
	 epoch  20 training error:  tensor(0.2469, device='cuda:0', grad_fn=<DivBackward0>)
Memory status after this epoch: 
Memory allocated:  3.10546875
Memory cached:  14.0
	 epoch  30 training error:  tensor(0.2504, device='cuda:0', grad_fn=<DivBackward0>)
Memory status after this epoch: 
Memory allocated:  3.10546875
Memory cached:  12.0
	 epoch  40 training error:  tensor(0.2472, device='cuda:0', grad_fn=<DivBackward0>)
Memory status after this epoch: 
Memory allocated:  3.10546875
Memory cached:  12.0
	 epoch  50 training error:  tensor(0.2525, device='cuda:0', grad_fn=<DivBackward0>)
Memory status after this epoch: 
Memory allocated:  3.10546875
Memory cached:  12.0
	 epoch  60 training error:  tensor(0.2548, device='cuda:0', grad_fn=<DivBackward0>)
Memory status after this epoch: 
Memory allocated:  3.10546875
Memory cached:  12.0
	 epoch  70 training error:  tensor(0.2485, device='cuda:0', grad_fn=<DivBackward0>)
Memory status after this epoch: 
Memory allocated:  3.10546875
Memory cached:  12.0
	 epoch  80 training error:  tensor(0.2571, device='cuda:0', grad_fn=<DivBackward0>)
Memory status after this epoch: 
Memory allocated:  3.10546875
Memory cached:  12.0
	 epoch  90 training error:  tensor(0.2509, device='cuda:0', grad_fn=<DivBackward0>)
Memory status after this epoch: 
Memory allocated:  3.10546875
Memory cached:  12.0
[I 2023-10-30 14:55:49,612] Trial 35 finished with value: 0.23473091423511505 and parameters: {'W_layers': 3, 'W_layer_units_exponent_0': 9, 'W_layer_units_exponent_1': 7, 'W_layer_units_exponent_2': 9, 'D_layers': 2, 'D_layer_units_exponent_0': 8, 'D_layer_units_exponent_1': 8, 'log_learning_rate': -2.0773003855690644, 'log_learning_rate_D': -4.630595226549396, 'training_batch_size': 6, 'training_p': 3}. Best is trial 35 with value: 0.23473091423511505.
Time for this trial:  181.9827651977539
Memory status after this trial: 
Memory allocated:  90.8017578125
Memory cached:  94.0
--------------------  Trial  36   --------------------
Start timing: 
Parameters: 
{'W_layers': 3, 'W_layer_units_exponent_0': 9, 'W_layer_units_exponent_1': 8, 'W_layer_units_exponent_2': 9, 'D_layers': 2, 'D_layer_units_exponent_0': 8, 'D_layer_units_exponent_1': 8, 'log_learning_rate': -2.0581737797322694, 'log_learning_rate_D': -4.682732035136235, 'training_batch_size': 6, 'training_p': 3}
	 epoch  0 training error:  tensor(1.0000, device='cuda:0', grad_fn=<DivBackward0>)
Memory status after this epoch: 
Memory allocated:  5.107421875
Memory cached:  16.0
	 epoch  10 training error:  tensor(1.6888, device='cuda:0', grad_fn=<DivBackward0>)
Memory status after this epoch: 
Memory allocated:  5.107421875
Memory cached:  16.0
	 epoch  20 training error:  tensor(0.2617, device='cuda:0', grad_fn=<DivBackward0>)
Memory status after this epoch: 
Memory allocated:  5.107421875
Memory cached:  14.0
	 epoch  30 training error:  tensor(0.2516, device='cuda:0', grad_fn=<DivBackward0>)
Memory status after this epoch: 
Memory allocated:  5.107421875
Memory cached:  14.0
	 epoch  40 training error:  tensor(0.2449, device='cuda:0', grad_fn=<DivBackward0>)
Memory status after this epoch: 
Memory allocated:  5.107421875
Memory cached:  14.0
	 epoch  50 training error:  tensor(0.2445, device='cuda:0', grad_fn=<DivBackward0>)
Memory status after this epoch: 
Memory allocated:  5.107421875
Memory cached:  14.0
	 epoch  60 training error:  tensor(0.2449, device='cuda:0', grad_fn=<DivBackward0>)
Memory status after this epoch: 
Memory allocated:  5.107421875
Memory cached:  14.0
	 epoch  70 training error:  tensor(0.2462, device='cuda:0', grad_fn=<DivBackward0>)
Memory status after this epoch: 
Memory allocated:  5.107421875
Memory cached:  14.0
	 epoch  80 training error:  tensor(0.2445, device='cuda:0', grad_fn=<DivBackward0>)
Memory status after this epoch: 
Memory allocated:  5.107421875
Memory cached:  14.0
	 epoch  90 training error:  tensor(0.2445, device='cuda:0', grad_fn=<DivBackward0>)
Memory status after this epoch: 
Memory allocated:  5.107421875
Memory cached:  14.0
[I 2023-10-30 14:58:53,054] Trial 36 finished with value: 0.23583582043647766 and parameters: {'W_layers': 3, 'W_layer_units_exponent_0': 9, 'W_layer_units_exponent_1': 8, 'W_layer_units_exponent_2': 9, 'D_layers': 2, 'D_layer_units_exponent_0': 8, 'D_layer_units_exponent_1': 8, 'log_learning_rate': -2.0581737797322694, 'log_learning_rate_D': -4.682732035136235, 'training_batch_size': 6, 'training_p': 3}. Best is trial 35 with value: 0.23473091423511505.
Time for this trial:  183.24188137054443
Memory status after this trial: 
Memory allocated:  98.638671875
Memory cached:  102.0
--------------------  Trial  37   --------------------
Start timing: 
Parameters: 
{'W_layers': 3, 'W_layer_units_exponent_0': 10, 'W_layer_units_exponent_1': 8, 'W_layer_units_exponent_2': 9, 'D_layers': 2, 'D_layer_units_exponent_0': 8, 'D_layer_units_exponent_1': 8, 'log_learning_rate': -2.1478390194568124, 'log_learning_rate_D': -4.788674094689798, 'training_batch_size': 6, 'training_p': 5}
	 epoch  0 training error:  tensor(0.9956, device='cuda:0', grad_fn=<DivBackward0>)
Memory status after this epoch: 
Memory allocated:  7.154296875
Memory cached:  14.0
[W 2023-10-30 14:58:59,479] Trial 37 failed with parameters: {'W_layers': 3, 'W_layer_units_exponent_0': 10, 'W_layer_units_exponent_1': 8, 'W_layer_units_exponent_2': 9, 'D_layers': 2, 'D_layer_units_exponent_0': 8, 'D_layer_units_exponent_1': 8, 'log_learning_rate': -2.1478390194568124, 'log_learning_rate_D': -4.788674094689798, 'training_batch_size': 6, 'training_p': 5} because of the following error: The value nan is not acceptable.
[W 2023-10-30 14:58:59,480] Trial 37 failed with value tensor(nan, device='cuda:0', grad_fn=<DivBackward0>).
Time for this trial:  6.224699258804321
Memory status after this trial: 
Memory allocated:  127.005859375
Memory cached:  132.0
--------------------  Trial  38   --------------------
Start timing: 
Parameters: 
{'W_layers': 3, 'W_layer_units_exponent_0': 10, 'W_layer_units_exponent_1': 8, 'W_layer_units_exponent_2': 9, 'D_layers': 2, 'D_layer_units_exponent_0': 8, 'D_layer_units_exponent_1': 8, 'log_learning_rate': -2.200357116026917, 'log_learning_rate_D': -4.812623081428421, 'training_batch_size': 6, 'training_p': 5}
	 epoch  0 training error:  tensor(0.9990, device='cuda:0', grad_fn=<DivBackward0>)
Memory status after this epoch: 
Memory allocated:  7.154296875
Memory cached:  12.0
	 epoch  10 training error:  tensor(1., device='cuda:0', grad_fn=<DivBackward0>)
Memory status after this epoch: 
Memory allocated:  7.154296875
Memory cached:  16.0
	 epoch  20 training error:  tensor(1., device='cuda:0', grad_fn=<DivBackward0>)
Memory status after this epoch: 
Memory allocated:  7.154296875
Memory cached:  12.0
	 epoch  30 training error:  tensor(1., device='cuda:0', grad_fn=<DivBackward0>)
Memory status after this epoch: 
Memory allocated:  7.154296875
Memory cached:  16.0
	 epoch  40 training error:  tensor(1., device='cuda:0', grad_fn=<DivBackward0>)
Memory status after this epoch: 
Memory allocated:  7.154296875
Memory cached:  14.0
	 epoch  50 training error:  tensor(1., device='cuda:0', grad_fn=<DivBackward0>)
Memory status after this epoch: 
Memory allocated:  7.154296875
Memory cached:  14.0
	 epoch  60 training error:  tensor(1., device='cuda:0', grad_fn=<DivBackward0>)
Memory status after this epoch: 
Memory allocated:  7.154296875
Memory cached:  14.0
	 epoch  70 training error:  tensor(1., device='cuda:0', grad_fn=<DivBackward0>)
Memory status after this epoch: 
Memory allocated:  7.154296875
Memory cached:  12.0
	 epoch  80 training error:  tensor(1., device='cuda:0', grad_fn=<DivBackward0>)
Memory status after this epoch: 
Memory allocated:  7.154296875
Memory cached:  14.0
	 epoch  90 training error:  tensor(1., device='cuda:0', grad_fn=<DivBackward0>)
Memory status after this epoch: 
Memory allocated:  7.154296875
Memory cached:  14.0
[I 2023-10-30 15:02:06,270] Trial 38 finished with value: 1.0 and parameters: {'W_layers': 3, 'W_layer_units_exponent_0': 10, 'W_layer_units_exponent_1': 8, 'W_layer_units_exponent_2': 9, 'D_layers': 2, 'D_layer_units_exponent_0': 8, 'D_layer_units_exponent_1': 8, 'log_learning_rate': -2.200357116026917, 'log_learning_rate_D': -4.812623081428421, 'training_batch_size': 6, 'training_p': 5}. Best is trial 35 with value: 0.23473091423511505.
Time for this trial:  186.58978629112244
Memory status after this trial: 
Memory allocated:  127.005859375
Memory cached:  132.0
--------------------  Trial  39   --------------------
Start timing: 
Parameters: 
{'W_layers': 3, 'W_layer_units_exponent_0': 8, 'W_layer_units_exponent_1': 7, 'W_layer_units_exponent_2': 9, 'D_layers': 2, 'D_layer_units_exponent_0': 9, 'D_layer_units_exponent_1': 8, 'log_learning_rate': -2.213457357455276, 'log_learning_rate_D': -4.503639928210525, 'training_batch_size': 6, 'training_p': 3}
	 epoch  0 training error:  tensor(0.9996, device='cuda:0', grad_fn=<DivBackward0>)
Memory status after this epoch: 
Memory allocated:  3.6015625
Memory cached:  12.0
	 epoch  10 training error:  tensor(0.4867, device='cuda:0', grad_fn=<DivBackward0>)
Memory status after this epoch: 
Memory allocated:  3.6015625
Memory cached:  12.0
	 epoch  20 training error:  tensor(0.3125, device='cuda:0', grad_fn=<DivBackward0>)
Memory status after this epoch: 
Memory allocated:  3.6015625
Memory cached:  12.0
	 epoch  30 training error:  tensor(0.2515, device='cuda:0', grad_fn=<DivBackward0>)
Memory status after this epoch: 
Memory allocated:  3.6015625
Memory cached:  12.0
	 epoch  40 training error:  tensor(0.2451, device='cuda:0', grad_fn=<DivBackward0>)
Memory status after this epoch: 
Memory allocated:  3.6015625
Memory cached:  12.0
	 epoch  50 training error:  tensor(0.2457, device='cuda:0', grad_fn=<DivBackward0>)
Memory status after this epoch: 
Memory allocated:  3.6015625
Memory cached:  12.0
	 epoch  60 training error:  tensor(0.2445, device='cuda:0', grad_fn=<DivBackward0>)
Memory status after this epoch: 
Memory allocated:  3.6015625
Memory cached:  12.0
	 epoch  70 training error:  tensor(0.2465, device='cuda:0', grad_fn=<DivBackward0>)
Memory status after this epoch: 
Memory allocated:  3.6015625
Memory cached:  12.0
	 epoch  80 training error:  tensor(0.2450, device='cuda:0', grad_fn=<DivBackward0>)
Memory status after this epoch: 
Memory allocated:  3.6015625
Memory cached:  12.0
	 epoch  90 training error:  tensor(0.2459, device='cuda:0', grad_fn=<DivBackward0>)
Memory status after this epoch: 
Memory allocated:  3.6015625
Memory cached:  12.0
[I 2023-10-30 15:05:08,892] Trial 39 finished with value: 0.24455229938030243 and parameters: {'W_layers': 3, 'W_layer_units_exponent_0': 8, 'W_layer_units_exponent_1': 7, 'W_layer_units_exponent_2': 9, 'D_layers': 2, 'D_layer_units_exponent_0': 9, 'D_layer_units_exponent_1': 8, 'log_learning_rate': -2.213457357455276, 'log_learning_rate_D': -4.503639928210525, 'training_batch_size': 6, 'training_p': 3}. Best is trial 35 with value: 0.23473091423511505.
Time for this trial:  182.42205119132996
Memory status after this trial: 
Memory allocated:  90.9130859375
Memory cached:  94.0
--------------------  Trial  40   --------------------
Start timing: 
Parameters: 
{'W_layers': 4, 'W_layer_units_exponent_0': 9, 'W_layer_units_exponent_1': 9, 'W_layer_units_exponent_2': 10, 'W_layer_units_exponent_3': 8, 'D_layers': 2, 'D_layer_units_exponent_0': 8, 'D_layer_units_exponent_1': 7, 'log_learning_rate': -2.584776532498583, 'log_learning_rate_D': -4.722926529798219, 'training_batch_size': 7, 'training_p': 4}
	 epoch  0 training error:  tensor(1.0000, device='cuda:0', grad_fn=<DivBackward0>)
Memory status after this epoch: 
Memory allocated:  16.6396484375
Memory cached:  36.0
	 epoch  10 training error:  tensor(0.9785, device='cuda:0', grad_fn=<DivBackward0>)
Memory status after this epoch: 
Memory allocated:  16.6396484375
Memory cached:  40.0
	 epoch  20 training error:  tensor(0.9997, device='cuda:0', grad_fn=<DivBackward0>)
Memory status after this epoch: 
Memory allocated:  16.6396484375
Memory cached:  38.0
	 epoch  30 training error:  tensor(1.0001, device='cuda:0', grad_fn=<DivBackward0>)
Memory status after this epoch: 
Memory allocated:  16.6396484375
Memory cached:  40.0
	 epoch  40 training error:  tensor(0.9989, device='cuda:0', grad_fn=<DivBackward0>)
Memory status after this epoch: 
Memory allocated:  16.6396484375
Memory cached:  40.0
	 epoch  50 training error:  tensor(0.9938, device='cuda:0', grad_fn=<DivBackward0>)
Memory status after this epoch: 
Memory allocated:  16.6396484375
Memory cached:  42.0
	 epoch  60 training error:  tensor(1.0663, device='cuda:0', grad_fn=<DivBackward0>)
Memory status after this epoch: 
Memory allocated:  16.6396484375
Memory cached:  38.0
	 epoch  70 training error:  tensor(0.6720, device='cuda:0', grad_fn=<DivBackward0>)
Memory status after this epoch: 
Memory allocated:  16.6396484375
Memory cached:  38.0
	 epoch  80 training error:  tensor(0.2653, device='cuda:0', grad_fn=<DivBackward0>)
Memory status after this epoch: 
Memory allocated:  16.6396484375
Memory cached:  40.0
	 epoch  90 training error:  tensor(0.3851, device='cuda:0', grad_fn=<DivBackward0>)
Memory status after this epoch: 
Memory allocated:  16.6396484375
Memory cached:  38.0
[I 2023-10-30 15:07:10,120] Trial 40 finished with value: 0.26231756806373596 and parameters: {'W_layers': 4, 'W_layer_units_exponent_0': 9, 'W_layer_units_exponent_1': 9, 'W_layer_units_exponent_2': 10, 'W_layer_units_exponent_3': 8, 'D_layers': 2, 'D_layer_units_exponent_0': 8, 'D_layer_units_exponent_1': 7, 'log_learning_rate': -2.584776532498583, 'log_learning_rate_D': -4.722926529798219, 'training_batch_size': 7, 'training_p': 4}. Best is trial 35 with value: 0.23473091423511505.
Time for this trial:  121.03770279884338
Memory status after this trial: 
Memory allocated:  152.3125
Memory cached:  174.0
--------------------  Trial  41   --------------------
Start timing: 
Parameters: 
{'W_layers': 3, 'W_layer_units_exponent_0': 7, 'W_layer_units_exponent_1': 8, 'W_layer_units_exponent_2': 7, 'D_layers': 2, 'D_layer_units_exponent_0': 9, 'D_layer_units_exponent_1': 9, 'log_learning_rate': -1.7968587459174175, 'log_learning_rate_D': -4.083424247919161, 'training_batch_size': 7, 'training_p': 2}
	 epoch  0 training error:  tensor(0.9999, device='cuda:0', grad_fn=<DivBackward0>)
Memory status after this epoch: 
Memory allocated:  5.1123046875
Memory cached:  10.0
	 epoch  10 training error:  tensor(0.9570, device='cuda:0', grad_fn=<DivBackward0>)
Memory status after this epoch: 
Memory allocated:  5.1123046875
Memory cached:  12.0
	 epoch  20 training error:  tensor(0.4650, device='cuda:0', grad_fn=<DivBackward0>)
Memory status after this epoch: 
Memory allocated:  5.1123046875
Memory cached:  12.0
	 epoch  30 training error:  tensor(0.2407, device='cuda:0', grad_fn=<DivBackward0>)
Memory status after this epoch: 
Memory allocated:  5.1123046875
Memory cached:  12.0
	 epoch  40 training error:  tensor(0.2531, device='cuda:0', grad_fn=<DivBackward0>)
Memory status after this epoch: 
Memory allocated:  5.1123046875
Memory cached:  12.0
	 epoch  50 training error:  tensor(0.2401, device='cuda:0', grad_fn=<DivBackward0>)
Memory status after this epoch: 
Memory allocated:  5.1123046875
Memory cached:  12.0
	 epoch  60 training error:  tensor(0.2369, device='cuda:0', grad_fn=<DivBackward0>)
Memory status after this epoch: 
Memory allocated:  5.1123046875
Memory cached:  12.0
	 epoch  70 training error:  tensor(0.2366, device='cuda:0', grad_fn=<DivBackward0>)
Memory status after this epoch: 
Memory allocated:  5.1123046875
Memory cached:  12.0
	 epoch  80 training error:  tensor(0.2362, device='cuda:0', grad_fn=<DivBackward0>)
Memory status after this epoch: 
Memory allocated:  5.1123046875
Memory cached:  12.0
	 epoch  90 training error:  tensor(0.2359, device='cuda:0', grad_fn=<DivBackward0>)
Memory status after this epoch: 
Memory allocated:  5.1123046875
Memory cached:  12.0
[I 2023-10-30 15:08:52,327] Trial 41 finished with value: 0.23729191720485687 and parameters: {'W_layers': 3, 'W_layer_units_exponent_0': 7, 'W_layer_units_exponent_1': 8, 'W_layer_units_exponent_2': 7, 'D_layers': 2, 'D_layer_units_exponent_0': 9, 'D_layer_units_exponent_1': 9, 'log_learning_rate': -1.7968587459174175, 'log_learning_rate_D': -4.083424247919161, 'training_batch_size': 7, 'training_p': 2}. Best is trial 35 with value: 0.23473091423511505.
Time for this trial:  102.0072968006134
Memory status after this trial: 
Memory allocated:  84.68359375
Memory cached:  88.0
--------------------  Trial  42   --------------------
Start timing: 
Parameters: 
{'W_layers': 3, 'W_layer_units_exponent_0': 10, 'W_layer_units_exponent_1': 9, 'W_layer_units_exponent_2': 8, 'D_layers': 3, 'D_layer_units_exponent_0': 8, 'D_layer_units_exponent_1': 8, 'D_layer_units_exponent_2': 5, 'log_learning_rate': -2.2354661996253644, 'log_learning_rate_D': -4.997292479991814, 'training_batch_size': 6, 'training_p': 4}
	 epoch  0 training error:  tensor(0.9999, device='cuda:0', grad_fn=<DivBackward0>)
Memory status after this epoch: 
Memory allocated:  11.275390625
Memory cached:  32.0
	 epoch  10 training error:  tensor(0.6175, device='cuda:0', grad_fn=<DivBackward0>)
Memory status after this epoch: 
Memory allocated:  11.275390625
Memory cached:  36.0
	 epoch  20 training error:  tensor(0.2693, device='cuda:0', grad_fn=<DivBackward0>)
Memory status after this epoch: 
Memory allocated:  11.275390625
Memory cached:  36.0
	 epoch  30 training error:  tensor(0.2490, device='cuda:0', grad_fn=<DivBackward0>)
Memory status after this epoch: 
Memory allocated:  11.275390625
Memory cached:  36.0
	 epoch  40 training error:  tensor(0.2498, device='cuda:0', grad_fn=<DivBackward0>)
Memory status after this epoch: 
Memory allocated:  11.275390625
Memory cached:  36.0
	 epoch  50 training error:  tensor(0.2491, device='cuda:0', grad_fn=<DivBackward0>)
Memory status after this epoch: 
Memory allocated:  11.275390625
Memory cached:  36.0
	 epoch  60 training error:  tensor(0.2495, device='cuda:0', grad_fn=<DivBackward0>)
Memory status after this epoch: 
Memory allocated:  11.275390625
Memory cached:  36.0
	 epoch  70 training error:  tensor(0.2556, device='cuda:0', grad_fn=<DivBackward0>)
Memory status after this epoch: 
Memory allocated:  11.275390625
Memory cached:  36.0
	 epoch  80 training error:  tensor(0.2526, device='cuda:0', grad_fn=<DivBackward0>)
Memory status after this epoch: 
Memory allocated:  11.275390625
Memory cached:  36.0
	 epoch  90 training error:  tensor(0.2545, device='cuda:0', grad_fn=<DivBackward0>)
Memory status after this epoch: 
Memory allocated:  11.275390625
Memory cached:  36.0
