[I 2023-11-04 05:58:22,269] Trial 23 finished with value: 0.03218543529510498 and parameters: {'W_layers': 4, 'W_layer_units_exponent_0': 9, 'W_layer_units_exponent_1': 5, 'W_layer_units_exponent_2': 5, 'W_layer_units_exponent_3': 7, 'D_layers': 3, 'D_layer_units_exponent_0': 7, 'D_layer_units_exponent_1': 9, 'D_layer_units_exponent_2': 8, 'log_learning_rate': -3.4788232256758804, 'log_learning_rate_D': -3.0346566890701165, 'training_batch_size': 11, 'training_p': 7}. Best is trial 23 with value: 0.03218543529510498.
Time for this trial:  116.3180480003357
Memory status after this trial: 
Memory allocated:  87.4560546875
Memory cached:  90.0
--------------------  Trial  24   --------------------
Start timing: 
Parameters: 
{'W_layers': 4, 'W_layer_units_exponent_0': 9, 'W_layer_units_exponent_1': 4, 'W_layer_units_exponent_2': 5, 'W_layer_units_exponent_3': 6, 'D_layers': 3, 'D_layer_units_exponent_0': 9, 'D_layer_units_exponent_1': 10, 'D_layer_units_exponent_2': 8, 'log_learning_rate': -2.835344332190096, 'log_learning_rate_D': -3.4281539137416046, 'training_batch_size': 12, 'training_p': 7}
	 epoch  0 training error:  tensor(1.1325, device='cuda:0', grad_fn=<DivBackward0>)
Memory status after this epoch: 
Memory allocated:  12.3837890625
Memory cached:  32.0
	 epoch  10 training error:  tensor(0.0981, device='cuda:0', grad_fn=<DivBackward0>)
Memory status after this epoch: 
Memory allocated:  12.3837890625
Memory cached:  36.0
	 epoch  20 training error:  tensor(0.0527, device='cuda:0', grad_fn=<DivBackward0>)
Memory status after this epoch: 
Memory allocated:  12.3837890625
Memory cached:  42.0
	 epoch  30 training error:  tensor(0.0451, device='cuda:0', grad_fn=<DivBackward0>)
Memory status after this epoch: 
Memory allocated:  12.3837890625
Memory cached:  42.0
	 epoch  40 training error:  tensor(0.0407, device='cuda:0', grad_fn=<DivBackward0>)
Memory status after this epoch: 
Memory allocated:  12.3837890625
Memory cached:  42.0
	 epoch  50 training error:  tensor(0.0847, device='cuda:0', grad_fn=<DivBackward0>)
Memory status after this epoch: 
Memory allocated:  12.3837890625
Memory cached:  40.0
	 epoch  60 training error:  tensor(0.0606, device='cuda:0', grad_fn=<DivBackward0>)
Memory status after this epoch: 
Memory allocated:  12.3837890625
Memory cached:  40.0
	 epoch  70 training error:  tensor(0.0341, device='cuda:0', grad_fn=<DivBackward0>)
Memory status after this epoch: 
Memory allocated:  12.3837890625
Memory cached:  42.0
	 epoch  80 training error:  tensor(0.0425, device='cuda:0', grad_fn=<DivBackward0>)
Memory status after this epoch: 
Memory allocated:  12.3837890625
Memory cached:  42.0
	 epoch  90 training error:  tensor(0.0924, device='cuda:0', grad_fn=<DivBackward0>)
Memory status after this epoch: 
Memory allocated:  12.3837890625
Memory cached:  44.0
[I 2023-11-04 06:00:23,744] Trial 24 finished with value: 0.07525382190942764 and parameters: {'W_layers': 4, 'W_layer_units_exponent_0': 9, 'W_layer_units_exponent_1': 4, 'W_layer_units_exponent_2': 5, 'W_layer_units_exponent_3': 6, 'D_layers': 3, 'D_layer_units_exponent_0': 9, 'D_layer_units_exponent_1': 10, 'D_layer_units_exponent_2': 8, 'log_learning_rate': -2.835344332190096, 'log_learning_rate_D': -3.4281539137416046, 'training_batch_size': 12, 'training_p': 7}. Best is trial 23 with value: 0.03218543529510498.
Time for this trial:  121.28307747840881
Memory status after this trial: 
Memory allocated:  135.17578125
Memory cached:  154.0
--------------------  Trial  25   --------------------
Start timing: 
Parameters: 
{'W_layers': 3, 'W_layer_units_exponent_0': 10, 'W_layer_units_exponent_1': 7, 'W_layer_units_exponent_2': 5, 'D_layers': 3, 'D_layer_units_exponent_0': 8, 'D_layer_units_exponent_1': 8, 'D_layer_units_exponent_2': 8, 'log_learning_rate': -4.051644851135038, 'log_learning_rate_D': -4.019221682386526, 'training_batch_size': 11, 'training_p': 6}
	 epoch  0 training error:  tensor(0.9778, device='cuda:0', grad_fn=<DivBackward0>)
Memory status after this epoch: 
Memory allocated:  4.3115234375
Memory cached:  12.0
	 epoch  10 training error:  tensor(0.3062, device='cuda:0', grad_fn=<DivBackward0>)
Memory status after this epoch: 
Memory allocated:  4.3115234375
Memory cached:  18.0
	 epoch  20 training error:  tensor(0.1444, device='cuda:0', grad_fn=<DivBackward0>)
Memory status after this epoch: 
Memory allocated:  4.3115234375
Memory cached:  20.0
	 epoch  30 training error:  tensor(0.0742, device='cuda:0', grad_fn=<DivBackward0>)
Memory status after this epoch: 
Memory allocated:  4.3115234375
Memory cached:  18.0
	 epoch  40 training error:  tensor(0.0559, device='cuda:0', grad_fn=<DivBackward0>)
Memory status after this epoch: 
Memory allocated:  4.3115234375
Memory cached:  18.0
	 epoch  50 training error:  tensor(0.0572, device='cuda:0', grad_fn=<DivBackward0>)
Memory status after this epoch: 
Memory allocated:  4.3115234375
Memory cached:  18.0
	 epoch  60 training error:  tensor(0.0516, device='cuda:0', grad_fn=<DivBackward0>)
Memory status after this epoch: 
Memory allocated:  4.3115234375
Memory cached:  18.0
	 epoch  70 training error:  tensor(0.0478, device='cuda:0', grad_fn=<DivBackward0>)
Memory status after this epoch: 
Memory allocated:  4.3115234375
Memory cached:  18.0
	 epoch  80 training error:  tensor(0.0455, device='cuda:0', grad_fn=<DivBackward0>)
Memory status after this epoch: 
Memory allocated:  4.3115234375
Memory cached:  18.0
	 epoch  90 training error:  tensor(0.0437, device='cuda:0', grad_fn=<DivBackward0>)
Memory status after this epoch: 
Memory allocated:  4.3115234375
Memory cached:  18.0
[I 2023-11-04 06:02:15,113] Trial 25 finished with value: 0.03819950297474861 and parameters: {'W_layers': 3, 'W_layer_units_exponent_0': 10, 'W_layer_units_exponent_1': 7, 'W_layer_units_exponent_2': 5, 'D_layers': 3, 'D_layer_units_exponent_0': 8, 'D_layer_units_exponent_1': 8, 'D_layer_units_exponent_2': 8, 'log_learning_rate': -4.051644851135038, 'log_learning_rate_D': -4.019221682386526, 'training_batch_size': 11, 'training_p': 6}. Best is trial 23 with value: 0.03218543529510498.
Time for this trial:  111.17814135551453
Memory status after this trial: 
Memory allocated:  106.7353515625
Memory cached:  110.0
--------------------  Trial  26   --------------------
Start timing: 
Parameters: 
{'W_layers': 4, 'W_layer_units_exponent_0': 8, 'W_layer_units_exponent_1': 5, 'W_layer_units_exponent_2': 7, 'W_layer_units_exponent_3': 8, 'D_layers': 6, 'D_layer_units_exponent_0': 6, 'D_layer_units_exponent_1': 9, 'D_layer_units_exponent_2': 10, 'D_layer_units_exponent_3': 5, 'D_layer_units_exponent_4': 8, 'D_layer_units_exponent_5': 7, 'log_learning_rate': -3.388653017591011, 'log_learning_rate_D': -3.64922483679333, 'training_batch_size': 9, 'training_p': 8}
	 epoch  0 training error:  tensor(0.9219, device='cuda:0', grad_fn=<DivBackward0>)
Memory status after this epoch: 
Memory allocated:  10.4462890625
Memory cached:  36.0
	 epoch  10 training error:  tensor(0.1350, device='cuda:0', grad_fn=<DivBackward0>)
Memory status after this epoch: 
Memory allocated:  10.4462890625
Memory cached:  38.0
	 epoch  20 training error:  tensor(0.0988, device='cuda:0', grad_fn=<DivBackward0>)
Memory status after this epoch: 
Memory allocated:  10.4462890625
Memory cached:  38.0
	 epoch  30 training error:  tensor(0.0930, device='cuda:0', grad_fn=<DivBackward0>)
Memory status after this epoch: 
Memory allocated:  10.4462890625
Memory cached:  38.0
	 epoch  40 training error:  tensor(0.0750, device='cuda:0', grad_fn=<DivBackward0>)
Memory status after this epoch: 
Memory allocated:  10.4462890625
Memory cached:  38.0
	 epoch  50 training error:  tensor(0.0575, device='cuda:0', grad_fn=<DivBackward0>)
Memory status after this epoch: 
Memory allocated:  10.4462890625
Memory cached:  38.0
	 epoch  60 training error:  tensor(0.0566, device='cuda:0', grad_fn=<DivBackward0>)
Memory status after this epoch: 
Memory allocated:  10.4462890625
Memory cached:  38.0
	 epoch  70 training error:  tensor(0.0535, device='cuda:0', grad_fn=<DivBackward0>)
Memory status after this epoch: 
Memory allocated:  10.4462890625
Memory cached:  38.0
	 epoch  80 training error:  tensor(0.0510, device='cuda:0', grad_fn=<DivBackward0>)
Memory status after this epoch: 
Memory allocated:  10.4462890625
Memory cached:  38.0
	 epoch  90 training error:  tensor(0.0503, device='cuda:0', grad_fn=<DivBackward0>)
Memory status after this epoch: 
Memory allocated:  10.4462890625
Memory cached:  38.0
[I 2023-11-04 06:04:43,377] Trial 26 finished with value: 0.043180499225854874 and parameters: {'W_layers': 4, 'W_layer_units_exponent_0': 8, 'W_layer_units_exponent_1': 5, 'W_layer_units_exponent_2': 7, 'W_layer_units_exponent_3': 8, 'D_layers': 6, 'D_layer_units_exponent_0': 6, 'D_layer_units_exponent_1': 9, 'D_layer_units_exponent_2': 10, 'D_layer_units_exponent_3': 5, 'D_layer_units_exponent_4': 8, 'D_layer_units_exponent_5': 7, 'log_learning_rate': -3.388653017591011, 'log_learning_rate_D': -3.64922483679333, 'training_batch_size': 9, 'training_p': 8}. Best is trial 23 with value: 0.03218543529510498.
Time for this trial:  148.0365447998047
Memory status after this trial: 
Memory allocated:  148.44287109375
Memory cached:  166.0
--------------------  Trial  27   --------------------
Start timing: 
Parameters: 
{'W_layers': 6, 'W_layer_units_exponent_0': 10, 'W_layer_units_exponent_1': 4, 'W_layer_units_exponent_2': 5, 'W_layer_units_exponent_3': 6, 'W_layer_units_exponent_4': 8, 'W_layer_units_exponent_5': 7, 'D_layers': 3, 'D_layer_units_exponent_0': 7, 'D_layer_units_exponent_1': 8, 'D_layer_units_exponent_2': 8, 'log_learning_rate': -3.709760450267324, 'log_learning_rate_D': -2.9757310343344194, 'training_batch_size': 11, 'training_p': 7}
	 epoch  0 training error:  tensor(0.9810, device='cuda:0', grad_fn=<DivBackward0>)
Memory status after this epoch: 
Memory allocated:  2.7783203125
Memory cached:  16.0
	 epoch  10 training error:  tensor(0.2622, device='cuda:0', grad_fn=<DivBackward0>)
Memory status after this epoch: 
Memory allocated:  2.7783203125
Memory cached:  20.0
	 epoch  20 training error:  tensor(0.0668, device='cuda:0', grad_fn=<DivBackward0>)
Memory status after this epoch: 
Memory allocated:  2.7783203125
Memory cached:  20.0
	 epoch  30 training error:  tensor(0.0677, device='cuda:0', grad_fn=<DivBackward0>)
Memory status after this epoch: 
Memory allocated:  2.7783203125
Memory cached:  20.0
	 epoch  40 training error:  tensor(0.0643, device='cuda:0', grad_fn=<DivBackward0>)
Memory status after this epoch: 
Memory allocated:  2.7783203125
Memory cached:  20.0
	 epoch  50 training error:  tensor(0.0514, device='cuda:0', grad_fn=<DivBackward0>)
Memory status after this epoch: 
Memory allocated:  2.7783203125
Memory cached:  20.0
	 epoch  60 training error:  tensor(0.0466, device='cuda:0', grad_fn=<DivBackward0>)
Memory status after this epoch: 
Memory allocated:  2.7783203125
Memory cached:  20.0
	 epoch  70 training error:  tensor(0.0515, device='cuda:0', grad_fn=<DivBackward0>)
Memory status after this epoch: 
Memory allocated:  2.7783203125
Memory cached:  20.0
	 epoch  80 training error:  tensor(0.0395, device='cuda:0', grad_fn=<DivBackward0>)
Memory status after this epoch: 
Memory allocated:  2.7783203125
Memory cached:  20.0
	 epoch  90 training error:  tensor(0.0756, device='cuda:0', grad_fn=<DivBackward0>)
Memory status after this epoch: 
Memory allocated:  2.7783203125
Memory cached:  20.0
[I 2023-11-04 06:07:02,821] Trial 27 finished with value: 0.041409172117710114 and parameters: {'W_layers': 6, 'W_layer_units_exponent_0': 10, 'W_layer_units_exponent_1': 4, 'W_layer_units_exponent_2': 5, 'W_layer_units_exponent_3': 6, 'W_layer_units_exponent_4': 8, 'W_layer_units_exponent_5': 7, 'D_layers': 3, 'D_layer_units_exponent_0': 7, 'D_layer_units_exponent_1': 8, 'D_layer_units_exponent_2': 8, 'log_learning_rate': -3.709760450267324, 'log_learning_rate_D': -2.9757310343344194, 'training_batch_size': 11, 'training_p': 7}. Best is trial 23 with value: 0.03218543529510498.
Time for this trial:  139.21388053894043
Memory status after this trial: 
Memory allocated:  117.31640625
Memory cached:  120.0
--------------------  Trial  28   --------------------
Start timing: 
Parameters: 
{'W_layers': 3, 'W_layer_units_exponent_0': 7, 'W_layer_units_exponent_1': 8, 'W_layer_units_exponent_2': 7, 'D_layers': 5, 'D_layer_units_exponent_0': 5, 'D_layer_units_exponent_1': 9, 'D_layer_units_exponent_2': 9, 'D_layer_units_exponent_3': 8, 'D_layer_units_exponent_4': 7, 'log_learning_rate': -2.7485778098077516, 'log_learning_rate_D': -2.4857784056108847, 'training_batch_size': 9, 'training_p': 6}
	 epoch  0 training error:  tensor(1.0196, device='cuda:0', grad_fn=<DivBackward0>)
Memory status after this epoch: 
Memory allocated:  7.8466796875
Memory cached:  14.0
	 epoch  10 training error:  tensor(0.1160, device='cuda:0', grad_fn=<DivBackward0>)
Memory status after this epoch: 
Memory allocated:  7.8466796875
Memory cached:  20.0
	 epoch  20 training error:  tensor(0.1852, device='cuda:0', grad_fn=<DivBackward0>)
Memory status after this epoch: 
Memory allocated:  7.8466796875
Memory cached:  22.0
	 epoch  30 training error:  tensor(0.1245, device='cuda:0', grad_fn=<DivBackward0>)
Memory status after this epoch: 
Memory allocated:  7.8466796875
Memory cached:  20.0
	 epoch  40 training error:  tensor(0.1257, device='cuda:0', grad_fn=<DivBackward0>)
Memory status after this epoch: 
Memory allocated:  7.8466796875
Memory cached:  22.0
	 epoch  50 training error:  tensor(0.0555, device='cuda:0', grad_fn=<DivBackward0>)
Memory status after this epoch: 
Memory allocated:  7.8466796875
Memory cached:  20.0
	 epoch  60 training error:  tensor(0.0638, device='cuda:0', grad_fn=<DivBackward0>)
Memory status after this epoch: 
Memory allocated:  7.8466796875
Memory cached:  22.0
	 epoch  70 training error:  tensor(0.0571, device='cuda:0', grad_fn=<DivBackward0>)
Memory status after this epoch: 
Memory allocated:  7.8466796875
Memory cached:  20.0
	 epoch  80 training error:  tensor(0.0534, device='cuda:0', grad_fn=<DivBackward0>)
Memory status after this epoch: 
Memory allocated:  7.8466796875
Memory cached:  22.0
	 epoch  90 training error:  tensor(0.0521, device='cuda:0', grad_fn=<DivBackward0>)
Memory status after this epoch: 
Memory allocated:  7.8466796875
Memory cached:  20.0
[I 2023-11-04 06:09:14,657] Trial 28 finished with value: 0.06246845796704292 and parameters: {'W_layers': 3, 'W_layer_units_exponent_0': 7, 'W_layer_units_exponent_1': 8, 'W_layer_units_exponent_2': 7, 'D_layers': 5, 'D_layer_units_exponent_0': 5, 'D_layer_units_exponent_1': 9, 'D_layer_units_exponent_2': 9, 'D_layer_units_exponent_3': 8, 'D_layer_units_exponent_4': 7, 'log_learning_rate': -2.7485778098077516, 'log_learning_rate_D': -2.4857784056108847, 'training_batch_size': 9, 'training_p': 6}. Best is trial 23 with value: 0.03218543529510498.
Time for this trial:  131.617746591568
Memory status after this trial: 
Memory allocated:  108.14404296875
Memory cached:  114.0
--------------------  Trial  29   --------------------
Start timing: 
Parameters: 
{'W_layers': 4, 'W_layer_units_exponent_0': 9, 'W_layer_units_exponent_1': 5, 'W_layer_units_exponent_2': 8, 'W_layer_units_exponent_3': 7, 'D_layers': 2, 'D_layer_units_exponent_0': 8, 'D_layer_units_exponent_1': 10, 'log_learning_rate': -3.222485081475202, 'log_learning_rate_D': -3.425772559123803, 'training_batch_size': 8, 'training_p': 4}
	 epoch  0 training error:  tensor(0.8877, device='cuda:0', grad_fn=<DivBackward0>)
Memory status after this epoch: 
Memory allocated:  5.0693359375
Memory cached:  14.0
	 epoch  10 training error:  tensor(0.1787, device='cuda:0', grad_fn=<DivBackward0>)
Memory status after this epoch: 
Memory allocated:  5.0693359375
Memory cached:  20.0
	 epoch  20 training error:  tensor(0.0529, device='cuda:0', grad_fn=<DivBackward0>)
Memory status after this epoch: 
Memory allocated:  5.0693359375
Memory cached:  20.0
	 epoch  30 training error:  tensor(0.0738, device='cuda:0', grad_fn=<DivBackward0>)
Memory status after this epoch: 
Memory allocated:  5.0693359375
Memory cached:  20.0
	 epoch  40 training error:  tensor(0.0728, device='cuda:0', grad_fn=<DivBackward0>)
Memory status after this epoch: 
Memory allocated:  5.0693359375
Memory cached:  18.0
	 epoch  50 training error:  tensor(0.0523, device='cuda:0', grad_fn=<DivBackward0>)
Memory status after this epoch: 
Memory allocated:  5.0693359375
Memory cached:  20.0
	 epoch  60 training error:  tensor(0.0447, device='cuda:0', grad_fn=<DivBackward0>)
Memory status after this epoch: 
Memory allocated:  5.0693359375
Memory cached:  18.0
	 epoch  70 training error:  tensor(0.0423, device='cuda:0', grad_fn=<DivBackward0>)
Memory status after this epoch: 
Memory allocated:  5.0693359375
Memory cached:  20.0
	 epoch  80 training error:  tensor(0.0421, device='cuda:0', grad_fn=<DivBackward0>)
Memory status after this epoch: 
Memory allocated:  5.0693359375
Memory cached:  20.0
	 epoch  90 training error:  tensor(0.0412, device='cuda:0', grad_fn=<DivBackward0>)
Memory status after this epoch: 
Memory allocated:  5.0693359375
Memory cached:  20.0
[I 2023-11-04 06:11:13,666] Trial 29 finished with value: 0.03847121074795723 and parameters: {'W_layers': 4, 'W_layer_units_exponent_0': 9, 'W_layer_units_exponent_1': 5, 'W_layer_units_exponent_2': 8, 'W_layer_units_exponent_3': 7, 'D_layers': 2, 'D_layer_units_exponent_0': 8, 'D_layer_units_exponent_1': 10, 'log_learning_rate': -3.222485081475202, 'log_learning_rate_D': -3.425772559123803, 'training_batch_size': 8, 'training_p': 4}. Best is trial 23 with value: 0.03218543529510498.
Time for this trial:  118.81647896766663
Memory status after this trial: 
Memory allocated:  120.5126953125
Memory cached:  124.0
--------------------  Trial  30   --------------------
Start timing: 
Parameters: 
{'W_layers': 5, 'W_layer_units_exponent_0': 5, 'W_layer_units_exponent_1': 8, 'W_layer_units_exponent_2': 4, 'W_layer_units_exponent_3': 8, 'W_layer_units_exponent_4': 10, 'D_layers': 4, 'D_layer_units_exponent_0': 7, 'D_layer_units_exponent_1': 10, 'D_layer_units_exponent_2': 8, 'D_layer_units_exponent_3': 7, 'log_learning_rate': -3.8143656499041443, 'log_learning_rate_D': -4.149595730715958, 'training_batch_size': 7, 'training_p': 7}
	 epoch  0 training error:  tensor(1.0524, device='cuda:0', grad_fn=<DivBackward0>)
Memory status after this epoch: 
Memory allocated:  10.8798828125
Memory cached:  16.0
	 epoch  10 training error:  tensor(0.2520, device='cuda:0', grad_fn=<DivBackward0>)
Memory status after this epoch: 
Memory allocated:  10.8798828125
Memory cached:  22.0
	 epoch  20 training error:  tensor(0.2240, device='cuda:0', grad_fn=<DivBackward0>)
Memory status after this epoch: 
Memory allocated:  10.8798828125
Memory cached:  22.0
	 epoch  30 training error:  tensor(0.1410, device='cuda:0', grad_fn=<DivBackward0>)
Memory status after this epoch: 
Memory allocated:  10.8798828125
Memory cached:  22.0
	 epoch  40 training error:  tensor(0.1162, device='cuda:0', grad_fn=<DivBackward0>)
Memory status after this epoch: 
Memory allocated:  10.8798828125
Memory cached:  22.0
	 epoch  50 training error:  tensor(0.0812, device='cuda:0', grad_fn=<DivBackward0>)
Memory status after this epoch: 
Memory allocated:  10.8798828125
Memory cached:  22.0
	 epoch  60 training error:  tensor(0.0599, device='cuda:0', grad_fn=<DivBackward0>)
Memory status after this epoch: 
Memory allocated:  10.8798828125
Memory cached:  22.0
	 epoch  70 training error:  tensor(0.0552, device='cuda:0', grad_fn=<DivBackward0>)
Memory status after this epoch: 
Memory allocated:  10.8798828125
Memory cached:  22.0
	 epoch  80 training error:  tensor(0.0524, device='cuda:0', grad_fn=<DivBackward0>)
Memory status after this epoch: 
Memory allocated:  10.8798828125
Memory cached:  22.0
	 epoch  90 training error:  tensor(0.0461, device='cuda:0', grad_fn=<DivBackward0>)
Memory status after this epoch: 
Memory allocated:  10.8798828125
Memory cached:  22.0
