[I 2023-11-07 16:14:25,463] Trial 15 finished with value: 0.016377249732613564 and parameters: {'W_layers': 4, 'W_layer_units_exponent_0': 7, 'W_layer_units_exponent_1': 10, 'W_layer_units_exponent_2': 5, 'W_layer_units_exponent_3': 10, 'D_layers': 8, 'D_layer_units_exponent_0': 8, 'D_layer_units_exponent_1': 6, 'D_layer_units_exponent_2': 6, 'D_layer_units_exponent_3': 8, 'D_layer_units_exponent_4': 10, 'D_layer_units_exponent_5': 8, 'D_layer_units_exponent_6': 10, 'D_layer_units_exponent_7': 4, 'D_dagger_layers': 3, 'D_dagger_layer_units_exponent_0': 6, 'D_dagger_layer_units_exponent_1': 6, 'D_dagger_layer_units_exponent_2': 8, 'log_learning_rate': -3.7204331551810386, 'log_learning_rate_D': -1.1456242626844637, 'log_learning_rate_D_dagger': -3.001628441098471, 'training_batch_size': 7, 'training_p': 4}. Best is trial 15 with value: 0.016377249732613564.
Time for this trial:  213.19667649269104
Memory status after this trial: 
Memory allocated:  304.2138671875
Memory cached:  314.0
--------------------  Trial  16   --------------------
Start timing: 
Parameters: 
{'W_layers': 6, 'W_layer_units_exponent_0': 9, 'W_layer_units_exponent_1': 10, 'W_layer_units_exponent_2': 5, 'W_layer_units_exponent_3': 10, 'W_layer_units_exponent_4': 10, 'W_layer_units_exponent_5': 10, 'D_layers': 8, 'D_layer_units_exponent_0': 6, 'D_layer_units_exponent_1': 6, 'D_layer_units_exponent_2': 6, 'D_layer_units_exponent_3': 8, 'D_layer_units_exponent_4': 10, 'D_layer_units_exponent_5': 8, 'D_layer_units_exponent_6': 10, 'D_layer_units_exponent_7': 4, 'D_dagger_layers': 4, 'D_dagger_layer_units_exponent_0': 5, 'D_dagger_layer_units_exponent_1': 9, 'D_dagger_layer_units_exponent_2': 7, 'D_dagger_layer_units_exponent_3': 10, 'log_learning_rate': -3.6430970244758045, 'log_learning_rate_D': -1.022030386602457, 'log_learning_rate_D_dagger': -2.972847240388634, 'training_batch_size': 9, 'training_p': 4}
	 epoch  0 training error:  tensor(1.0045, device='cuda:0', grad_fn=<DivBackward0>)
Memory status after this epoch: 
Memory allocated:  57.19189453125
Memory cached:  194.0
	 epoch  10 training error:  tensor(0.0854, device='cuda:0', grad_fn=<DivBackward0>)
Memory status after this epoch: 
Memory allocated:  57.19189453125
Memory cached:  330.0
	 epoch  20 training error:  tensor(0.1047, device='cuda:0', grad_fn=<DivBackward0>)
Memory status after this epoch: 
Memory allocated:  57.19189453125
Memory cached:  346.0
	 epoch  30 training error:  tensor(0.0672, device='cuda:0', grad_fn=<DivBackward0>)
Memory status after this epoch: 
Memory allocated:  57.19189453125
Memory cached:  332.0
	 epoch  40 training error:  tensor(0.0734, device='cuda:0', grad_fn=<DivBackward0>)
Memory status after this epoch: 
Memory allocated:  57.19189453125
Memory cached:  336.0
	 epoch  50 training error:  tensor(0.0667, device='cuda:0', grad_fn=<DivBackward0>)
Memory status after this epoch: 
Memory allocated:  57.19189453125
Memory cached:  334.0
	 epoch  60 training error:  tensor(0.0280, device='cuda:0', grad_fn=<DivBackward0>)
Memory status after this epoch: 
Memory allocated:  57.19189453125
Memory cached:  342.0
	 epoch  70 training error:  tensor(0.0334, device='cuda:0', grad_fn=<DivBackward0>)
Memory status after this epoch: 
Memory allocated:  57.19189453125
Memory cached:  336.0
	 epoch  80 training error:  tensor(0.0280, device='cuda:0', grad_fn=<DivBackward0>)
Memory status after this epoch: 
Memory allocated:  57.19189453125
Memory cached:  332.0
	 epoch  90 training error:  tensor(0.0627, device='cuda:0', grad_fn=<DivBackward0>)
Memory status after this epoch: 
Memory allocated:  57.19189453125
Memory cached:  338.0
[I 2023-11-07 16:18:47,261] Trial 16 finished with value: 0.051803626120090485 and parameters: {'W_layers': 6, 'W_layer_units_exponent_0': 9, 'W_layer_units_exponent_1': 10, 'W_layer_units_exponent_2': 5, 'W_layer_units_exponent_3': 10, 'W_layer_units_exponent_4': 10, 'W_layer_units_exponent_5': 10, 'D_layers': 8, 'D_layer_units_exponent_0': 6, 'D_layer_units_exponent_1': 6, 'D_layer_units_exponent_2': 6, 'D_layer_units_exponent_3': 8, 'D_layer_units_exponent_4': 10, 'D_layer_units_exponent_5': 8, 'D_layer_units_exponent_6': 10, 'D_layer_units_exponent_7': 4, 'D_dagger_layers': 4, 'D_dagger_layer_units_exponent_0': 5, 'D_dagger_layer_units_exponent_1': 9, 'D_dagger_layer_units_exponent_2': 7, 'D_dagger_layer_units_exponent_3': 10, 'log_learning_rate': -3.6430970244758045, 'log_learning_rate_D': -1.022030386602457, 'log_learning_rate_D_dagger': -2.972847240388634, 'training_batch_size': 9, 'training_p': 4}. Best is trial 15 with value: 0.016377249732613564.
Time for this trial:  261.5243408679962
Memory status after this trial: 
Memory allocated:  514.4267578125
Memory cached:  544.0
--------------------  Trial  17   --------------------
Start timing: 
Parameters: 
{'W_layers': 2, 'W_layer_units_exponent_0': 5, 'W_layer_units_exponent_1': 10, 'D_layers': 8, 'D_layer_units_exponent_0': 8, 'D_layer_units_exponent_1': 6, 'D_layer_units_exponent_2': 6, 'D_layer_units_exponent_3': 8, 'D_layer_units_exponent_4': 8, 'D_layer_units_exponent_5': 7, 'D_layer_units_exponent_6': 10, 'D_layer_units_exponent_7': 5, 'D_dagger_layers': 2, 'D_dagger_layer_units_exponent_0': 6, 'D_dagger_layer_units_exponent_1': 6, 'log_learning_rate': -2.568821809853295, 'log_learning_rate_D': -1.507581915715857, 'log_learning_rate_D_dagger': -2.845406797818251, 'training_batch_size': 7, 'training_p': 4}
	 epoch  0 training error:  tensor(0.8032, device='cuda:0', grad_fn=<DivBackward0>)
Memory status after this epoch: 
Memory allocated:  5.32666015625
Memory cached:  94.0
	 epoch  10 training error:  tensor(0.0547, device='cuda:0', grad_fn=<DivBackward0>)
Memory status after this epoch: 
Memory allocated:  5.32666015625
Memory cached:  130.0
	 epoch  20 training error:  tensor(0.0322, device='cuda:0', grad_fn=<DivBackward0>)
Memory status after this epoch: 
Memory allocated:  5.32666015625
Memory cached:  132.0
	 epoch  30 training error:  tensor(0.0345, device='cuda:0', grad_fn=<DivBackward0>)
Memory status after this epoch: 
Memory allocated:  5.32666015625
Memory cached:  130.0
	 epoch  40 training error:  tensor(0.0312, device='cuda:0', grad_fn=<DivBackward0>)
Memory status after this epoch: 
Memory allocated:  5.32666015625
Memory cached:  128.0
	 epoch  50 training error:  tensor(0.0303, device='cuda:0', grad_fn=<DivBackward0>)
Memory status after this epoch: 
Memory allocated:  5.32666015625
Memory cached:  128.0
	 epoch  60 training error:  tensor(0.0286, device='cuda:0', grad_fn=<DivBackward0>)
Memory status after this epoch: 
Memory allocated:  5.32666015625
Memory cached:  130.0
	 epoch  70 training error:  tensor(0.0278, device='cuda:0', grad_fn=<DivBackward0>)
Memory status after this epoch: 
Memory allocated:  5.32666015625
Memory cached:  132.0
	 epoch  80 training error:  tensor(0.0268, device='cuda:0', grad_fn=<DivBackward0>)
Memory status after this epoch: 
Memory allocated:  5.32666015625
Memory cached:  130.0
	 epoch  90 training error:  tensor(0.0259, device='cuda:0', grad_fn=<DivBackward0>)
Memory status after this epoch: 
Memory allocated:  5.32666015625
Memory cached:  130.0
[I 2023-11-07 16:21:47,427] Trial 17 finished with value: 0.020643753930926323 and parameters: {'W_layers': 2, 'W_layer_units_exponent_0': 5, 'W_layer_units_exponent_1': 10, 'D_layers': 8, 'D_layer_units_exponent_0': 8, 'D_layer_units_exponent_1': 6, 'D_layer_units_exponent_2': 6, 'D_layer_units_exponent_3': 8, 'D_layer_units_exponent_4': 8, 'D_layer_units_exponent_5': 7, 'D_layer_units_exponent_6': 10, 'D_layer_units_exponent_7': 5, 'D_dagger_layers': 2, 'D_dagger_layer_units_exponent_0': 6, 'D_dagger_layer_units_exponent_1': 6, 'log_learning_rate': -2.568821809853295, 'log_learning_rate_D': -1.507581915715857, 'log_learning_rate_D_dagger': -2.845406797818251, 'training_batch_size': 7, 'training_p': 4}. Best is trial 15 with value: 0.016377249732613564.
Time for this trial:  179.9139633178711
Memory status after this trial: 
Memory allocated:  176.802734375
Memory cached:  180.0
--------------------  Trial  18   --------------------
Start timing: 
Parameters: 
{'W_layers': 4, 'W_layer_units_exponent_0': 6, 'W_layer_units_exponent_1': 5, 'W_layer_units_exponent_2': 5, 'W_layer_units_exponent_3': 9, 'D_layers': 4, 'D_layer_units_exponent_0': 7, 'D_layer_units_exponent_1': 8, 'D_layer_units_exponent_2': 8, 'D_layer_units_exponent_3': 7, 'D_dagger_layers': 5, 'D_dagger_layer_units_exponent_0': 5, 'D_dagger_layer_units_exponent_1': 9, 'D_dagger_layer_units_exponent_2': 7, 'D_dagger_layer_units_exponent_3': 4, 'D_dagger_layer_units_exponent_4': 6, 'log_learning_rate': -3.642992553345198, 'log_learning_rate_D': -2.303007260039061, 'log_learning_rate_D_dagger': -4.284503093112141, 'training_batch_size': 7, 'training_p': 4}
	 epoch  0 training error:  tensor(1.0431, device='cuda:0', grad_fn=<DivBackward0>)
Memory status after this epoch: 
Memory allocated:  3.77001953125
Memory cached:  134.0
	 epoch  10 training error:  tensor(0.4917, device='cuda:0', grad_fn=<DivBackward0>)
Memory status after this epoch: 
Memory allocated:  3.77001953125
Memory cached:  166.0
	 epoch  20 training error:  tensor(0.1311, device='cuda:0', grad_fn=<DivBackward0>)
Memory status after this epoch: 
Memory allocated:  3.77001953125
Memory cached:  172.0
	 epoch  30 training error:  tensor(0.0824, device='cuda:0', grad_fn=<DivBackward0>)
Memory status after this epoch: 
Memory allocated:  3.77001953125
Memory cached:  170.0
	 epoch  40 training error:  tensor(0.0335, device='cuda:0', grad_fn=<DivBackward0>)
Memory status after this epoch: 
Memory allocated:  3.77001953125
Memory cached:  168.0
	 epoch  50 training error:  tensor(0.0226, device='cuda:0', grad_fn=<DivBackward0>)
Memory status after this epoch: 
Memory allocated:  3.77001953125
Memory cached:  166.0
	 epoch  60 training error:  tensor(0.0218, device='cuda:0', grad_fn=<DivBackward0>)
Memory status after this epoch: 
Memory allocated:  3.77001953125
Memory cached:  168.0
	 epoch  70 training error:  tensor(0.0207, device='cuda:0', grad_fn=<DivBackward0>)
Memory status after this epoch: 
Memory allocated:  3.77001953125
Memory cached:  170.0
	 epoch  80 training error:  tensor(0.0206, device='cuda:0', grad_fn=<DivBackward0>)
Memory status after this epoch: 
Memory allocated:  3.77001953125
Memory cached:  168.0
	 epoch  90 training error:  tensor(0.0206, device='cuda:0', grad_fn=<DivBackward0>)
Memory status after this epoch: 
Memory allocated:  3.77001953125
Memory cached:  168.0
[I 2023-11-07 16:24:46,746] Trial 18 finished with value: 0.014977291226387024 and parameters: {'W_layers': 4, 'W_layer_units_exponent_0': 6, 'W_layer_units_exponent_1': 5, 'W_layer_units_exponent_2': 5, 'W_layer_units_exponent_3': 9, 'D_layers': 4, 'D_layer_units_exponent_0': 7, 'D_layer_units_exponent_1': 8, 'D_layer_units_exponent_2': 8, 'D_layer_units_exponent_3': 7, 'D_dagger_layers': 5, 'D_dagger_layer_units_exponent_0': 5, 'D_dagger_layer_units_exponent_1': 9, 'D_dagger_layer_units_exponent_2': 7, 'D_dagger_layer_units_exponent_3': 4, 'D_dagger_layer_units_exponent_4': 6, 'log_learning_rate': -3.642992553345198, 'log_learning_rate_D': -2.303007260039061, 'log_learning_rate_D_dagger': -4.284503093112141, 'training_batch_size': 7, 'training_p': 4}. Best is trial 18 with value: 0.014977291226387024.
Time for this trial:  179.06579518318176
Memory status after this trial: 
Memory allocated:  117.93603515625
Memory cached:  148.0
--------------------  Trial  19   --------------------
Start timing: 
Parameters: 
{'W_layers': 4, 'W_layer_units_exponent_0': 7, 'W_layer_units_exponent_1': 5, 'W_layer_units_exponent_2': 5, 'W_layer_units_exponent_3': 9, 'D_layers': 4, 'D_layer_units_exponent_0': 6, 'D_layer_units_exponent_1': 8, 'D_layer_units_exponent_2': 8, 'D_layer_units_exponent_3': 7, 'D_dagger_layers': 5, 'D_dagger_layer_units_exponent_0': 6, 'D_dagger_layer_units_exponent_1': 5, 'D_dagger_layer_units_exponent_2': 7, 'D_dagger_layer_units_exponent_3': 4, 'D_dagger_layer_units_exponent_4': 6, 'log_learning_rate': -3.6540774182747255, 'log_learning_rate_D': -2.2975694071248287, 'log_learning_rate_D_dagger': -4.422551019373773, 'training_batch_size': 7, 'training_p': 3}
	 epoch  0 training error:  tensor(1.0715, device='cuda:0', grad_fn=<DivBackward0>)
Memory status after this epoch: 
Memory allocated:  2.39111328125
Memory cached:  102.0
	 epoch  10 training error:  tensor(0.6130, device='cuda:0', grad_fn=<DivBackward0>)
Memory status after this epoch: 
Memory allocated:  2.39111328125
Memory cached:  132.0
	 epoch  20 training error:  tensor(0.0926, device='cuda:0', grad_fn=<DivBackward0>)
Memory status after this epoch: 
Memory allocated:  2.39111328125
Memory cached:  136.0
	 epoch  30 training error:  tensor(0.0288, device='cuda:0', grad_fn=<DivBackward0>)
Memory status after this epoch: 
Memory allocated:  2.39111328125
Memory cached:  136.0
	 epoch  40 training error:  tensor(0.0440, device='cuda:0', grad_fn=<DivBackward0>)
Memory status after this epoch: 
Memory allocated:  2.39111328125
Memory cached:  140.0
	 epoch  50 training error:  tensor(0.0221, device='cuda:0', grad_fn=<DivBackward0>)
Memory status after this epoch: 
Memory allocated:  2.39111328125
Memory cached:  134.0
	 epoch  60 training error:  tensor(0.0213, device='cuda:0', grad_fn=<DivBackward0>)
Memory status after this epoch: 
Memory allocated:  2.39111328125
Memory cached:  140.0
	 epoch  70 training error:  tensor(0.0195, device='cuda:0', grad_fn=<DivBackward0>)
Memory status after this epoch: 
Memory allocated:  2.39111328125
Memory cached:  132.0
	 epoch  80 training error:  tensor(0.0189, device='cuda:0', grad_fn=<DivBackward0>)
Memory status after this epoch: 
Memory allocated:  2.39111328125
Memory cached:  132.0
	 epoch  90 training error:  tensor(0.0184, device='cuda:0', grad_fn=<DivBackward0>)
Memory status after this epoch: 
Memory allocated:  2.39111328125
Memory cached:  134.0
[I 2023-11-07 16:27:42,913] Trial 19 finished with value: 0.014825522899627686 and parameters: {'W_layers': 4, 'W_layer_units_exponent_0': 7, 'W_layer_units_exponent_1': 5, 'W_layer_units_exponent_2': 5, 'W_layer_units_exponent_3': 9, 'D_layers': 4, 'D_layer_units_exponent_0': 6, 'D_layer_units_exponent_1': 8, 'D_layer_units_exponent_2': 8, 'D_layer_units_exponent_3': 7, 'D_dagger_layers': 5, 'D_dagger_layer_units_exponent_0': 6, 'D_dagger_layer_units_exponent_1': 5, 'D_dagger_layer_units_exponent_2': 7, 'D_dagger_layer_units_exponent_3': 4, 'D_dagger_layer_units_exponent_4': 6, 'log_learning_rate': -3.6540774182747255, 'log_learning_rate_D': -2.2975694071248287, 'log_learning_rate_D_dagger': -4.422551019373773, 'training_batch_size': 7, 'training_p': 3}. Best is trial 19 with value: 0.014825522899627686.
Time for this trial:  175.9244201183319
Memory status after this trial: 
Memory allocated:  93.35498046875
Memory cached:  110.0
--------------------  Trial  20   --------------------
Start timing: 
Parameters: 
{'W_layers': 6, 'W_layer_units_exponent_0': 6, 'W_layer_units_exponent_1': 5, 'W_layer_units_exponent_2': 6, 'W_layer_units_exponent_3': 9, 'W_layer_units_exponent_4': 7, 'W_layer_units_exponent_5': 4, 'D_layers': 4, 'D_layer_units_exponent_0': 6, 'D_layer_units_exponent_1': 8, 'D_layer_units_exponent_2': 9, 'D_layer_units_exponent_3': 7, 'D_dagger_layers': 5, 'D_dagger_layer_units_exponent_0': 4, 'D_dagger_layer_units_exponent_1': 5, 'D_dagger_layer_units_exponent_2': 7, 'D_dagger_layer_units_exponent_3': 4, 'D_dagger_layer_units_exponent_4': 6, 'log_learning_rate': -2.489164686407069, 'log_learning_rate_D': -2.35366932498704, 'log_learning_rate_D_dagger': -4.384017196271966, 'training_batch_size': 9, 'training_p': 3}
	 epoch  0 training error:  tensor(1.0077, device='cuda:0', grad_fn=<DivBackward0>)
Memory status after this epoch: 
Memory allocated:  5.13330078125
Memory cached:  122.0
	 epoch  10 training error:  tensor(0.0256, device='cuda:0', grad_fn=<DivBackward0>)
Memory status after this epoch: 
Memory allocated:  5.13330078125
Memory cached:  166.0
	 epoch  20 training error:  tensor(0.1148, device='cuda:0', grad_fn=<DivBackward0>)
Memory status after this epoch: 
Memory allocated:  5.13330078125
Memory cached:  164.0
	 epoch  30 training error:  tensor(0.0411, device='cuda:0', grad_fn=<DivBackward0>)
Memory status after this epoch: 
Memory allocated:  5.13330078125
Memory cached:  152.0
	 epoch  40 training error:  tensor(0.0456, device='cuda:0', grad_fn=<DivBackward0>)
Memory status after this epoch: 
Memory allocated:  5.13330078125
Memory cached:  160.0
	 epoch  50 training error:  tensor(0.0372, device='cuda:0', grad_fn=<DivBackward0>)
Memory status after this epoch: 
Memory allocated:  5.13330078125
Memory cached:  164.0
	 epoch  60 training error:  tensor(0.0277, device='cuda:0', grad_fn=<DivBackward0>)
Memory status after this epoch: 
Memory allocated:  5.13330078125
Memory cached:  162.0
	 epoch  70 training error:  tensor(0.0356, device='cuda:0', grad_fn=<DivBackward0>)
Memory status after this epoch: 
Memory allocated:  5.13330078125
Memory cached:  158.0
	 epoch  80 training error:  tensor(0.0372, device='cuda:0', grad_fn=<DivBackward0>)
Memory status after this epoch: 
Memory allocated:  5.13330078125
Memory cached:  162.0
	 epoch  90 training error:  tensor(0.0349, device='cuda:0', grad_fn=<DivBackward0>)
Memory status after this epoch: 
Memory allocated:  5.13330078125
Memory cached:  160.0
[I 2023-11-07 16:30:56,731] Trial 20 finished with value: 0.027595264837145805 and parameters: {'W_layers': 6, 'W_layer_units_exponent_0': 6, 'W_layer_units_exponent_1': 5, 'W_layer_units_exponent_2': 6, 'W_layer_units_exponent_3': 9, 'W_layer_units_exponent_4': 7, 'W_layer_units_exponent_5': 4, 'D_layers': 4, 'D_layer_units_exponent_0': 6, 'D_layer_units_exponent_1': 8, 'D_layer_units_exponent_2': 9, 'D_layer_units_exponent_3': 7, 'D_dagger_layers': 5, 'D_dagger_layer_units_exponent_0': 4, 'D_dagger_layer_units_exponent_1': 5, 'D_dagger_layer_units_exponent_2': 7, 'D_dagger_layer_units_exponent_3': 4, 'D_dagger_layer_units_exponent_4': 6, 'log_learning_rate': -2.489164686407069, 'log_learning_rate_D': -2.35366932498704, 'log_learning_rate_D_dagger': -4.384017196271966, 'training_batch_size': 9, 'training_p': 3}. Best is trial 19 with value: 0.014825522899627686.
Time for this trial:  193.53266835212708
Memory status after this trial: 
Memory allocated:  112.02099609375
Memory cached:  138.0
--------------------  Trial  21   --------------------
Start timing: 
Parameters: 
{'W_layers': 4, 'W_layer_units_exponent_0': 7, 'W_layer_units_exponent_1': 5, 'W_layer_units_exponent_2': 5, 'W_layer_units_exponent_3': 9, 'D_layers': 4, 'D_layer_units_exponent_0': 6, 'D_layer_units_exponent_1': 8, 'D_layer_units_exponent_2': 8, 'D_layer_units_exponent_3': 7, 'D_dagger_layers': 5, 'D_dagger_layer_units_exponent_0': 6, 'D_dagger_layer_units_exponent_1': 6, 'D_dagger_layer_units_exponent_2': 8, 'D_dagger_layer_units_exponent_3': 5, 'D_dagger_layer_units_exponent_4': 6, 'log_learning_rate': -3.675298873951569, 'log_learning_rate_D': -2.7371732788243484, 'log_learning_rate_D_dagger': -4.358592408958906, 'training_batch_size': 7, 'training_p': 4}
	 epoch  0 training error:  tensor(1.0157, device='cuda:0', grad_fn=<DivBackward0>)
Memory status after this epoch: 
Memory allocated:  2.72119140625
Memory cached:  96.0
	 epoch  10 training error:  tensor(0.5072, device='cuda:0', grad_fn=<DivBackward0>)
Memory status after this epoch: 
Memory allocated:  2.72119140625
Memory cached:  110.0
	 epoch  20 training error:  tensor(0.1573, device='cuda:0', grad_fn=<DivBackward0>)
Memory status after this epoch: 
Memory allocated:  2.72119140625
Memory cached:  120.0
	 epoch  30 training error:  tensor(0.0526, device='cuda:0', grad_fn=<DivBackward0>)
Memory status after this epoch: 
Memory allocated:  2.72119140625
Memory cached:  112.0
	 epoch  40 training error:  tensor(0.0232, device='cuda:0', grad_fn=<DivBackward0>)
Memory status after this epoch: 
Memory allocated:  2.72119140625
Memory cached:  110.0
	 epoch  50 training error:  tensor(0.0208, device='cuda:0', grad_fn=<DivBackward0>)
Memory status after this epoch: 
Memory allocated:  2.72119140625
Memory cached:  116.0
	 epoch  60 training error:  tensor(0.0217, device='cuda:0', grad_fn=<DivBackward0>)
Memory status after this epoch: 
Memory allocated:  2.72119140625
Memory cached:  122.0
	 epoch  70 training error:  tensor(0.0215, device='cuda:0', grad_fn=<DivBackward0>)
Memory status after this epoch: 
Memory allocated:  2.72119140625
Memory cached:  114.0
	 epoch  80 training error:  tensor(0.0206, device='cuda:0', grad_fn=<DivBackward0>)
Memory status after this epoch: 
Memory allocated:  2.72119140625
Memory cached:  118.0
	 epoch  90 training error:  tensor(0.0206, device='cuda:0', grad_fn=<DivBackward0>)
Memory status after this epoch: 
Memory allocated:  2.72119140625
Memory cached:  110.0
