[I 2023-11-06 20:49:43,688] Trial 47 finished with value: 0.050259292125701904 and parameters: {'W_layers': 6, 'W_layer_units_exponent_0': 7, 'W_layer_units_exponent_1': 4, 'W_layer_units_exponent_2': 6, 'W_layer_units_exponent_3': 4, 'W_layer_units_exponent_4': 7, 'W_layer_units_exponent_5': 6, 'D_layers': 5, 'D_layer_units_exponent_0': 10, 'D_layer_units_exponent_1': 5, 'D_layer_units_exponent_2': 10, 'D_layer_units_exponent_3': 8, 'D_layer_units_exponent_4': 10, 'D_dagger_layers': 4, 'D_dagger_layer_units_exponent_0': 5, 'D_dagger_layer_units_exponent_1': 8, 'D_dagger_layer_units_exponent_2': 9, 'D_dagger_layer_units_exponent_3': 8, 'log_learning_rate': -4.551110816193434, 'log_learning_rate_D': -4.943264695645863, 'log_learning_rate_D_dagger': -3.541184651005324, 'training_batch_size': 10, 'training_p': 2}. Best is trial 33 with value: 0.023379547521471977.
Time for this trial:  207.08360862731934
Memory status after this trial: 
Memory allocated:  264.359375
Memory cached:  272.0
--------------------  Trial  48   --------------------
Start timing: 
Parameters: 
{'W_layers': 4, 'W_layer_units_exponent_0': 6, 'W_layer_units_exponent_1': 5, 'W_layer_units_exponent_2': 9, 'W_layer_units_exponent_3': 5, 'D_layers': 6, 'D_layer_units_exponent_0': 9, 'D_layer_units_exponent_1': 8, 'D_layer_units_exponent_2': 10, 'D_layer_units_exponent_3': 7, 'D_layer_units_exponent_4': 9, 'D_layer_units_exponent_5': 5, 'D_dagger_layers': 6, 'D_dagger_layer_units_exponent_0': 4, 'D_dagger_layer_units_exponent_1': 5, 'D_dagger_layer_units_exponent_2': 8, 'D_dagger_layer_units_exponent_3': 7, 'D_dagger_layer_units_exponent_4': 7, 'D_dagger_layer_units_exponent_5': 4, 'log_learning_rate': -3.6383797775163575, 'log_learning_rate_D': -4.331257439137037, 'log_learning_rate_D_dagger': -3.75969863513219, 'training_batch_size': 9, 'training_p': 4}
	 epoch  0 training error:  tensor(1.0797, device='cuda:0', grad_fn=<DivBackward0>)
Memory status after this epoch: 
Memory allocated:  10.92626953125
Memory cached:  136.0
	 epoch  10 training error:  tensor(0.3324, device='cuda:0', grad_fn=<DivBackward0>)
Memory status after this epoch: 
Memory allocated:  10.92626953125
Memory cached:  244.0
	 epoch  20 training error:  tensor(0.1454, device='cuda:0', grad_fn=<DivBackward0>)
Memory status after this epoch: 
Memory allocated:  10.92626953125
Memory cached:  242.0
	 epoch  30 training error:  tensor(0.1006, device='cuda:0', grad_fn=<DivBackward0>)
Memory status after this epoch: 
Memory allocated:  10.92626953125
Memory cached:  262.0
	 epoch  40 training error:  tensor(0.0804, device='cuda:0', grad_fn=<DivBackward0>)
Memory status after this epoch: 
Memory allocated:  10.92626953125
Memory cached:  258.0
	 epoch  50 training error:  tensor(0.0691, device='cuda:0', grad_fn=<DivBackward0>)
Memory status after this epoch: 
Memory allocated:  10.92626953125
Memory cached:  262.0
	 epoch  60 training error:  tensor(0.0603, device='cuda:0', grad_fn=<DivBackward0>)
Memory status after this epoch: 
Memory allocated:  10.92626953125
Memory cached:  256.0
	 epoch  70 training error:  tensor(0.0525, device='cuda:0', grad_fn=<DivBackward0>)
Memory status after this epoch: 
Memory allocated:  10.92626953125
Memory cached:  254.0
	 epoch  80 training error:  tensor(0.0492, device='cuda:0', grad_fn=<DivBackward0>)
Memory status after this epoch: 
Memory allocated:  10.92626953125
Memory cached:  258.0
	 epoch  90 training error:  tensor(0.0483, device='cuda:0', grad_fn=<DivBackward0>)
Memory status after this epoch: 
Memory allocated:  10.92626953125
Memory cached:  248.0
[I 2023-11-06 20:53:11,631] Trial 48 finished with value: 0.04187678545713425 and parameters: {'W_layers': 4, 'W_layer_units_exponent_0': 6, 'W_layer_units_exponent_1': 5, 'W_layer_units_exponent_2': 9, 'W_layer_units_exponent_3': 5, 'D_layers': 6, 'D_layer_units_exponent_0': 9, 'D_layer_units_exponent_1': 8, 'D_layer_units_exponent_2': 10, 'D_layer_units_exponent_3': 7, 'D_layer_units_exponent_4': 9, 'D_layer_units_exponent_5': 5, 'D_dagger_layers': 6, 'D_dagger_layer_units_exponent_0': 4, 'D_dagger_layer_units_exponent_1': 5, 'D_dagger_layer_units_exponent_2': 8, 'D_dagger_layer_units_exponent_3': 7, 'D_dagger_layer_units_exponent_4': 7, 'D_dagger_layer_units_exponent_5': 4, 'log_learning_rate': -3.6383797775163575, 'log_learning_rate_D': -4.331257439137037, 'log_learning_rate_D_dagger': -3.75969863513219, 'training_batch_size': 9, 'training_p': 4}. Best is trial 33 with value: 0.023379547521471977.
Time for this trial:  207.61943078041077
Memory status after this trial: 
Memory allocated:  201.95703125
Memory cached:  208.0
--------------------  Trial  49   --------------------
Start timing: 
Parameters: 
{'W_layers': 5, 'W_layer_units_exponent_0': 8, 'W_layer_units_exponent_1': 4, 'W_layer_units_exponent_2': 7, 'W_layer_units_exponent_3': 10, 'W_layer_units_exponent_4': 10, 'D_layers': 7, 'D_layer_units_exponent_0': 5, 'D_layer_units_exponent_1': 6, 'D_layer_units_exponent_2': 5, 'D_layer_units_exponent_3': 9, 'D_layer_units_exponent_4': 7, 'D_layer_units_exponent_5': 7, 'D_layer_units_exponent_6': 9, 'D_dagger_layers': 8, 'D_dagger_layer_units_exponent_0': 5, 'D_dagger_layer_units_exponent_1': 9, 'D_dagger_layer_units_exponent_2': 4, 'D_dagger_layer_units_exponent_3': 9, 'D_dagger_layer_units_exponent_4': 6, 'D_dagger_layer_units_exponent_5': 5, 'D_dagger_layer_units_exponent_6': 6, 'D_dagger_layer_units_exponent_7': 9, 'log_learning_rate': -4.10608983881587, 'log_learning_rate_D': -4.719706343381811, 'log_learning_rate_D_dagger': -3.4307338599156485, 'training_batch_size': 11, 'training_p': 7}
	 epoch  0 training error:  tensor(0.9762, device='cuda:0', grad_fn=<DivBackward0>)
Memory status after this epoch: 
Memory allocated:  22.49072265625
Memory cached:  168.0
	 epoch  10 training error:  tensor(0.1139, device='cuda:0', grad_fn=<DivBackward0>)
Memory status after this epoch: 
Memory allocated:  22.49072265625
Memory cached:  300.0
	 epoch  20 training error:  tensor(0.0796, device='cuda:0', grad_fn=<DivBackward0>)
Memory status after this epoch: 
Memory allocated:  22.49072265625
Memory cached:  308.0
	 epoch  30 training error:  tensor(0.0842, device='cuda:0', grad_fn=<DivBackward0>)
Memory status after this epoch: 
Memory allocated:  22.49072265625
Memory cached:  304.0
	 epoch  40 training error:  tensor(0.0787, device='cuda:0', grad_fn=<DivBackward0>)
Memory status after this epoch: 
Memory allocated:  22.49072265625
Memory cached:  304.0
	 epoch  50 training error:  tensor(0.0756, device='cuda:0', grad_fn=<DivBackward0>)
Memory status after this epoch: 
Memory allocated:  22.49072265625
Memory cached:  310.0
	 epoch  60 training error:  tensor(0.0719, device='cuda:0', grad_fn=<DivBackward0>)
Memory status after this epoch: 
Memory allocated:  22.49072265625
Memory cached:  296.0
	 epoch  70 training error:  tensor(0.0671, device='cuda:0', grad_fn=<DivBackward0>)
Memory status after this epoch: 
Memory allocated:  22.49072265625
Memory cached:  310.0
	 epoch  80 training error:  tensor(0.0600, device='cuda:0', grad_fn=<DivBackward0>)
Memory status after this epoch: 
Memory allocated:  22.49072265625
Memory cached:  316.0
	 epoch  90 training error:  tensor(0.0535, device='cuda:0', grad_fn=<DivBackward0>)
Memory status after this epoch: 
Memory allocated:  22.49072265625
Memory cached:  312.0
[I 2023-11-06 20:57:22,354] Trial 49 finished with value: 0.03990762308239937 and parameters: {'W_layers': 5, 'W_layer_units_exponent_0': 8, 'W_layer_units_exponent_1': 4, 'W_layer_units_exponent_2': 7, 'W_layer_units_exponent_3': 10, 'W_layer_units_exponent_4': 10, 'D_layers': 7, 'D_layer_units_exponent_0': 5, 'D_layer_units_exponent_1': 6, 'D_layer_units_exponent_2': 5, 'D_layer_units_exponent_3': 9, 'D_layer_units_exponent_4': 7, 'D_layer_units_exponent_5': 7, 'D_layer_units_exponent_6': 9, 'D_dagger_layers': 8, 'D_dagger_layer_units_exponent_0': 5, 'D_dagger_layer_units_exponent_1': 9, 'D_dagger_layer_units_exponent_2': 4, 'D_dagger_layer_units_exponent_3': 9, 'D_dagger_layer_units_exponent_4': 6, 'D_dagger_layer_units_exponent_5': 5, 'D_dagger_layer_units_exponent_6': 6, 'D_dagger_layer_units_exponent_7': 9, 'log_learning_rate': -4.10608983881587, 'log_learning_rate_D': -4.719706343381811, 'log_learning_rate_D_dagger': -3.4307338599156485, 'training_batch_size': 11, 'training_p': 7}. Best is trial 33 with value: 0.023379547521471977.
[I 2023-11-06 20:57:22,433] A new study created in memory with name: no-name-2f5ec2e0-023d-4bf7-a6b1-fb129dd2b130
Time for this trial:  250.35732173919678
Memory status after this trial: 
Memory allocated:  310.84228515625
Memory cached:  328.0
--------------------  Trial  0   --------------------
Start timing: 
Parameters: 
{'W_layers': 3, 'W_layer_units_exponent_0': 5, 'W_layer_units_exponent_1': 8, 'W_layer_units_exponent_2': 8, 'D_layers': 4, 'D_layer_units_exponent_0': 9, 'D_layer_units_exponent_1': 7, 'D_layer_units_exponent_2': 5, 'D_layer_units_exponent_3': 5, 'D_dagger_layers': 4, 'D_dagger_layer_units_exponent_0': 8, 'D_dagger_layer_units_exponent_1': 4, 'D_dagger_layer_units_exponent_2': 6, 'D_dagger_layer_units_exponent_3': 6, 'log_learning_rate': -3.1351821336727044, 'log_learning_rate_D': -3.24637945367582, 'log_learning_rate_D_dagger': -1.10873877039145, 'training_batch_size': 12, 'training_p': 4}
	 epoch  0 training error:  tensor(0.5914, device='cuda:0', grad_fn=<DivBackward0>)
Memory status after this epoch: 
Memory allocated:  2.57861328125
Memory cached:  100.0
	 epoch  10 training error:  tensor(0.1572, device='cuda:0', grad_fn=<DivBackward0>)
Memory status after this epoch: 
Memory allocated:  2.57861328125
Memory cached:  162.0
	 epoch  20 training error:  tensor(0.1027, device='cuda:0', grad_fn=<DivBackward0>)
Memory status after this epoch: 
Memory allocated:  2.57861328125
Memory cached:  156.0
	 epoch  30 training error:  tensor(0.0931, device='cuda:0', grad_fn=<DivBackward0>)
Memory status after this epoch: 
Memory allocated:  2.57861328125
Memory cached:  160.0
	 epoch  40 training error:  tensor(0.0876, device='cuda:0', grad_fn=<DivBackward0>)
Memory status after this epoch: 
Memory allocated:  2.57861328125
Memory cached:  148.0
	 epoch  50 training error:  tensor(0.0851, device='cuda:0', grad_fn=<DivBackward0>)
Memory status after this epoch: 
Memory allocated:  2.57861328125
Memory cached:  164.0
	 epoch  60 training error:  tensor(0.0844, device='cuda:0', grad_fn=<DivBackward0>)
Memory status after this epoch: 
Memory allocated:  2.57861328125
Memory cached:  152.0
	 epoch  70 training error:  tensor(0.0843, device='cuda:0', grad_fn=<DivBackward0>)
Memory status after this epoch: 
Memory allocated:  2.57861328125
Memory cached:  158.0
	 epoch  80 training error:  tensor(0.0842, device='cuda:0', grad_fn=<DivBackward0>)
Memory status after this epoch: 
Memory allocated:  2.57861328125
Memory cached:  148.0
	 epoch  90 training error:  tensor(0.0842, device='cuda:0', grad_fn=<DivBackward0>)
Memory status after this epoch: 
Memory allocated:  2.57861328125
Memory cached:  160.0
[I 2023-11-06 20:59:59,067] Trial 0 finished with value: 0.07240653783082962 and parameters: {'W_layers': 3, 'W_layer_units_exponent_0': 5, 'W_layer_units_exponent_1': 8, 'W_layer_units_exponent_2': 8, 'D_layers': 4, 'D_layer_units_exponent_0': 9, 'D_layer_units_exponent_1': 7, 'D_layer_units_exponent_2': 5, 'D_layer_units_exponent_3': 5, 'D_dagger_layers': 4, 'D_dagger_layer_units_exponent_0': 8, 'D_dagger_layer_units_exponent_1': 4, 'D_dagger_layer_units_exponent_2': 6, 'D_dagger_layer_units_exponent_3': 6, 'log_learning_rate': -3.1351821336727044, 'log_learning_rate_D': -3.24637945367582, 'log_learning_rate_D_dagger': -1.10873877039145, 'training_batch_size': 12, 'training_p': 4}. Best is trial 0 with value: 0.07240653783082962.
Time for this trial:  156.50736141204834
Memory status after this trial: 
Memory allocated:  90.13037109375
Memory cached:  122.0
--------------------  Trial  1   --------------------
Start timing: 
Parameters: 
{'W_layers': 3, 'W_layer_units_exponent_0': 7, 'W_layer_units_exponent_1': 7, 'W_layer_units_exponent_2': 7, 'D_layers': 4, 'D_layer_units_exponent_0': 8, 'D_layer_units_exponent_1': 6, 'D_layer_units_exponent_2': 8, 'D_layer_units_exponent_3': 10, 'D_dagger_layers': 2, 'D_dagger_layer_units_exponent_0': 7, 'D_dagger_layer_units_exponent_1': 8, 'log_learning_rate': -1.949316338334809, 'log_learning_rate_D': -1.8999585207494145, 'log_learning_rate_D_dagger': -1.2911434963487367, 'training_batch_size': 7, 'training_p': 7}
	 epoch  0 training error:  tensor(0.6637, device='cuda:0', grad_fn=<DivBackward0>)
Memory status after this epoch: 
Memory allocated:  5.73095703125
Memory cached:  112.0
	 epoch  10 training error:  tensor(0.1959, device='cuda:0', grad_fn=<DivBackward0>)
Memory status after this epoch: 
Memory allocated:  5.73095703125
Memory cached:  194.0
	 epoch  20 training error:  tensor(0.9441, device='cuda:0', grad_fn=<DivBackward0>)
Memory status after this epoch: 
Memory allocated:  5.73095703125
Memory cached:  186.0
	 epoch  30 training error:  tensor(0.1607, device='cuda:0', grad_fn=<DivBackward0>)
Memory status after this epoch: 
Memory allocated:  5.73095703125
Memory cached:  198.0
	 epoch  40 training error:  tensor(0.2091, device='cuda:0', grad_fn=<DivBackward0>)
Memory status after this epoch: 
Memory allocated:  5.73095703125
Memory cached:  196.0
	 epoch  50 training error:  tensor(0.1480, device='cuda:0', grad_fn=<DivBackward0>)
Memory status after this epoch: 
Memory allocated:  5.73095703125
Memory cached:  182.0
	 epoch  60 training error:  tensor(0.1123, device='cuda:0', grad_fn=<DivBackward0>)
Memory status after this epoch: 
Memory allocated:  5.73095703125
Memory cached:  186.0
	 epoch  70 training error:  tensor(0.1964, device='cuda:0', grad_fn=<DivBackward0>)
Memory status after this epoch: 
Memory allocated:  5.73095703125
Memory cached:  196.0
	 epoch  80 training error:  tensor(0.1087, device='cuda:0', grad_fn=<DivBackward0>)
Memory status after this epoch: 
Memory allocated:  5.73095703125
Memory cached:  190.0
	 epoch  90 training error:  tensor(0.1134, device='cuda:0', grad_fn=<DivBackward0>)
Memory status after this epoch: 
Memory allocated:  5.73095703125
Memory cached:  186.0
[I 2023-11-06 21:02:27,737] Trial 1 finished with value: 0.09254245460033417 and parameters: {'W_layers': 3, 'W_layer_units_exponent_0': 7, 'W_layer_units_exponent_1': 7, 'W_layer_units_exponent_2': 7, 'D_layers': 4, 'D_layer_units_exponent_0': 8, 'D_layer_units_exponent_1': 6, 'D_layer_units_exponent_2': 8, 'D_layer_units_exponent_3': 10, 'D_dagger_layers': 2, 'D_dagger_layer_units_exponent_0': 7, 'D_dagger_layer_units_exponent_1': 8, 'log_learning_rate': -1.949316338334809, 'log_learning_rate_D': -1.8999585207494145, 'log_learning_rate_D_dagger': -1.2911434963487367, 'training_batch_size': 7, 'training_p': 7}. Best is trial 0 with value: 0.07240653783082962.
Time for this trial:  148.52087020874023
Memory status after this trial: 
Memory allocated:  129.50927734375
Memory cached:  146.0
--------------------  Trial  2   --------------------
Start timing: 
Parameters: 
{'W_layers': 7, 'W_layer_units_exponent_0': 9, 'W_layer_units_exponent_1': 10, 'W_layer_units_exponent_2': 6, 'W_layer_units_exponent_3': 7, 'W_layer_units_exponent_4': 9, 'W_layer_units_exponent_5': 7, 'W_layer_units_exponent_6': 10, 'D_layers': 3, 'D_layer_units_exponent_0': 4, 'D_layer_units_exponent_1': 4, 'D_layer_units_exponent_2': 8, 'D_dagger_layers': 8, 'D_dagger_layer_units_exponent_0': 6, 'D_dagger_layer_units_exponent_1': 4, 'D_dagger_layer_units_exponent_2': 4, 'D_dagger_layer_units_exponent_3': 5, 'D_dagger_layer_units_exponent_4': 5, 'D_dagger_layer_units_exponent_5': 5, 'D_dagger_layer_units_exponent_6': 6, 'D_dagger_layer_units_exponent_7': 6, 'log_learning_rate': -1.8543428112391669, 'log_learning_rate_D': -1.6980449444923718, 'log_learning_rate_D_dagger': -4.430167751988005, 'training_batch_size': 9, 'training_p': 2}
	 epoch  0 training error:  tensor(1.0057, device='cuda:0', grad_fn=<DivBackward0>)
Memory status after this epoch: 
Memory allocated:  13.63720703125
Memory cached:  148.0
	 epoch  10 training error:  tensor(0.9917, device='cuda:0', grad_fn=<DivBackward0>)
Memory status after this epoch: 
Memory allocated:  13.63720703125
Memory cached:  274.0
	 epoch  20 training error:  tensor(0.9820, device='cuda:0', grad_fn=<DivBackward0>)
Memory status after this epoch: 
Memory allocated:  13.63720703125
Memory cached:  282.0
	 epoch  30 training error:  tensor(0.9707, device='cuda:0', grad_fn=<DivBackward0>)
Memory status after this epoch: 
Memory allocated:  13.63720703125
Memory cached:  282.0
	 epoch  40 training error:  tensor(0.9573, device='cuda:0', grad_fn=<DivBackward0>)
Memory status after this epoch: 
Memory allocated:  13.63720703125
Memory cached:  272.0
	 epoch  50 training error:  tensor(0.9413, device='cuda:0', grad_fn=<DivBackward0>)
Memory status after this epoch: 
Memory allocated:  13.63720703125
Memory cached:  290.0
	 epoch  60 training error:  tensor(0.9216, device='cuda:0', grad_fn=<DivBackward0>)
Memory status after this epoch: 
Memory allocated:  13.63720703125
Memory cached:  274.0
	 epoch  70 training error:  tensor(0.8970, device='cuda:0', grad_fn=<DivBackward0>)
Memory status after this epoch: 
Memory allocated:  13.63720703125
Memory cached:  276.0
	 epoch  80 training error:  tensor(0.8664, device='cuda:0', grad_fn=<DivBackward0>)
Memory status after this epoch: 
Memory allocated:  13.63720703125
Memory cached:  282.0
	 epoch  90 training error:  tensor(0.8284, device='cuda:0', grad_fn=<DivBackward0>)
Memory status after this epoch: 
Memory allocated:  13.63720703125
Memory cached:  288.0
[I 2023-11-06 21:06:12,943] Trial 2 finished with value: 0.7662292718887329 and parameters: {'W_layers': 7, 'W_layer_units_exponent_0': 9, 'W_layer_units_exponent_1': 10, 'W_layer_units_exponent_2': 6, 'W_layer_units_exponent_3': 7, 'W_layer_units_exponent_4': 9, 'W_layer_units_exponent_5': 7, 'W_layer_units_exponent_6': 10, 'D_layers': 3, 'D_layer_units_exponent_0': 4, 'D_layer_units_exponent_1': 4, 'D_layer_units_exponent_2': 8, 'D_dagger_layers': 8, 'D_dagger_layer_units_exponent_0': 6, 'D_dagger_layer_units_exponent_1': 4, 'D_dagger_layer_units_exponent_2': 4, 'D_dagger_layer_units_exponent_3': 5, 'D_dagger_layer_units_exponent_4': 5, 'D_dagger_layer_units_exponent_5': 5, 'D_dagger_layer_units_exponent_6': 6, 'D_dagger_layer_units_exponent_7': 6, 'log_learning_rate': -1.8543428112391669, 'log_learning_rate_D': -1.6980449444923718, 'log_learning_rate_D_dagger': -4.430167751988005, 'training_batch_size': 9, 'training_p': 2}. Best is trial 0 with value: 0.07240653783082962.
Time for this trial:  225.0503625869751
Memory status after this trial: 
Memory allocated:  222.00146484375
Memory cached:  242.0
--------------------  Trial  3   --------------------
Start timing: 
Parameters: 
{'W_layers': 2, 'W_layer_units_exponent_0': 7, 'W_layer_units_exponent_1': 4, 'D_layers': 6, 'D_layer_units_exponent_0': 8, 'D_layer_units_exponent_1': 9, 'D_layer_units_exponent_2': 4, 'D_layer_units_exponent_3': 8, 'D_layer_units_exponent_4': 7, 'D_layer_units_exponent_5': 5, 'D_dagger_layers': 8, 'D_dagger_layer_units_exponent_0': 5, 'D_dagger_layer_units_exponent_1': 7, 'D_dagger_layer_units_exponent_2': 8, 'D_dagger_layer_units_exponent_3': 7, 'D_dagger_layer_units_exponent_4': 7, 'D_dagger_layer_units_exponent_5': 8, 'D_dagger_layer_units_exponent_6': 7, 'D_dagger_layer_units_exponent_7': 7, 'log_learning_rate': -2.2065914959054274, 'log_learning_rate_D': -2.4450567740701, 'log_learning_rate_D_dagger': -4.718372176037811, 'training_batch_size': 9, 'training_p': 4}
	 epoch  0 training error:  tensor(0.6147, device='cuda:0', grad_fn=<DivBackward0>)
Memory status after this epoch: 
Memory allocated:  5.56689453125
Memory cached:  110.0
	 epoch  10 training error:  tensor(0.1579, device='cuda:0', grad_fn=<DivBackward0>)
Memory status after this epoch: 
Memory allocated:  5.56689453125
Memory cached:  208.0
	 epoch  20 training error:  tensor(0.1175, device='cuda:0', grad_fn=<DivBackward0>)
Memory status after this epoch: 
Memory allocated:  5.56689453125
Memory cached:  216.0
	 epoch  30 training error:  tensor(0.1173, device='cuda:0', grad_fn=<DivBackward0>)
Memory status after this epoch: 
Memory allocated:  5.56689453125
Memory cached:  214.0
	 epoch  40 training error:  tensor(0.1021, device='cuda:0', grad_fn=<DivBackward0>)
Memory status after this epoch: 
Memory allocated:  5.56689453125
Memory cached:  200.0
	 epoch  50 training error:  tensor(0.0929, device='cuda:0', grad_fn=<DivBackward0>)
Memory status after this epoch: 
Memory allocated:  5.56689453125
Memory cached:  206.0
	 epoch  60 training error:  tensor(0.0853, device='cuda:0', grad_fn=<DivBackward0>)
Memory status after this epoch: 
Memory allocated:  5.56689453125
Memory cached:  196.0
	 epoch  70 training error:  tensor(0.0697, device='cuda:0', grad_fn=<DivBackward0>)
Memory status after this epoch: 
Memory allocated:  5.56689453125
Memory cached:  212.0
	 epoch  80 training error:  tensor(0.0710, device='cuda:0', grad_fn=<DivBackward0>)
Memory status after this epoch: 
Memory allocated:  5.56689453125
Memory cached:  190.0
	 epoch  90 training error:  tensor(0.0606, device='cuda:0', grad_fn=<DivBackward0>)
Memory status after this epoch: 
Memory allocated:  5.56689453125
Memory cached:  216.0
