[I 2023-11-02 17:38:46,248] Trial 26 finished with value: 0.24647365510463715 and parameters: {'W_layers': 7, 'W_layer_units_exponent_0': 10, 'W_layer_units_exponent_1': 8, 'W_layer_units_exponent_2': 6, 'W_layer_units_exponent_3': 6, 'W_layer_units_exponent_4': 6, 'W_layer_units_exponent_5': 8, 'W_layer_units_exponent_6': 6, 'D_layers': 6, 'D_layer_units_exponent_0': 6, 'D_layer_units_exponent_1': 7, 'D_layer_units_exponent_2': 5, 'D_layer_units_exponent_3': 8, 'D_layer_units_exponent_4': 9, 'D_layer_units_exponent_5': 6, 'log_learning_rate': -3.2179653109068296, 'log_learning_rate_D': -2.503915043910191, 'training_batch_size': 9, 'training_p': 4}. Best is trial 7 with value: 0.24504585564136505.
Time for this trial:  169.76972436904907
Memory status after this trial: 
Memory allocated:  156.79833984375
Memory cached:  162.0
--------------------  Trial  27   --------------------
Start timing: 
Parameters: 
{'W_layers': 7, 'W_layer_units_exponent_0': 7, 'W_layer_units_exponent_1': 7, 'W_layer_units_exponent_2': 7, 'W_layer_units_exponent_3': 8, 'W_layer_units_exponent_4': 5, 'W_layer_units_exponent_5': 6, 'W_layer_units_exponent_6': 5, 'D_layers': 6, 'D_layer_units_exponent_0': 6, 'D_layer_units_exponent_1': 7, 'D_layer_units_exponent_2': 5, 'D_layer_units_exponent_3': 6, 'D_layer_units_exponent_4': 10, 'D_layer_units_exponent_5': 8, 'log_learning_rate': -3.097139119097653, 'log_learning_rate_D': -1.9710732452441875, 'training_batch_size': 11, 'training_p': 6}
	 epoch  0 training error:  tensor(1.0037, device='cuda:0', grad_fn=<DivBackward0>)
Memory status after this epoch: 
Memory allocated:  6.60546875
Memory cached:  12.0
	 epoch  10 training error:  tensor(0.4970, device='cuda:0', grad_fn=<DivBackward0>)
Memory status after this epoch: 
Memory allocated:  6.60546875
Memory cached:  18.0
	 epoch  20 training error:  tensor(0.4901, device='cuda:0', grad_fn=<DivBackward0>)
Memory status after this epoch: 
Memory allocated:  6.60546875
Memory cached:  18.0
	 epoch  30 training error:  tensor(0.2547, device='cuda:0', grad_fn=<DivBackward0>)
Memory status after this epoch: 
Memory allocated:  6.60546875
Memory cached:  18.0
	 epoch  40 training error:  tensor(0.2811, device='cuda:0', grad_fn=<DivBackward0>)
Memory status after this epoch: 
Memory allocated:  6.60546875
Memory cached:  20.0
	 epoch  50 training error:  tensor(0.2651, device='cuda:0', grad_fn=<DivBackward0>)
Memory status after this epoch: 
Memory allocated:  6.60546875
Memory cached:  16.0
	 epoch  60 training error:  tensor(0.2566, device='cuda:0', grad_fn=<DivBackward0>)
Memory status after this epoch: 
Memory allocated:  6.60546875
Memory cached:  18.0
	 epoch  70 training error:  tensor(0.2533, device='cuda:0', grad_fn=<DivBackward0>)
Memory status after this epoch: 
Memory allocated:  6.60546875
Memory cached:  18.0
	 epoch  80 training error:  tensor(0.2529, device='cuda:0', grad_fn=<DivBackward0>)
Memory status after this epoch: 
Memory allocated:  6.60546875
Memory cached:  20.0
	 epoch  90 training error:  tensor(0.2531, device='cuda:0', grad_fn=<DivBackward0>)
Memory status after this epoch: 
Memory allocated:  6.60546875
Memory cached:  18.0
[I 2023-11-02 17:41:33,590] Trial 27 finished with value: 0.2460279017686844 and parameters: {'W_layers': 7, 'W_layer_units_exponent_0': 7, 'W_layer_units_exponent_1': 7, 'W_layer_units_exponent_2': 7, 'W_layer_units_exponent_3': 8, 'W_layer_units_exponent_4': 5, 'W_layer_units_exponent_5': 6, 'W_layer_units_exponent_6': 5, 'D_layers': 6, 'D_layer_units_exponent_0': 6, 'D_layer_units_exponent_1': 7, 'D_layer_units_exponent_2': 5, 'D_layer_units_exponent_3': 6, 'D_layer_units_exponent_4': 10, 'D_layer_units_exponent_5': 8, 'log_learning_rate': -3.097139119097653, 'log_learning_rate_D': -1.9710732452441875, 'training_batch_size': 11, 'training_p': 6}. Best is trial 7 with value: 0.24504585564136505.
Time for this trial:  167.08041191101074
Memory status after this trial: 
Memory allocated:  128.31201171875
Memory cached:  134.0
--------------------  Trial  28   --------------------
Start timing: 
Parameters: 
{'W_layers': 7, 'W_layer_units_exponent_0': 7, 'W_layer_units_exponent_1': 7, 'W_layer_units_exponent_2': 7, 'W_layer_units_exponent_3': 8, 'W_layer_units_exponent_4': 5, 'W_layer_units_exponent_5': 6, 'W_layer_units_exponent_6': 5, 'D_layers': 6, 'D_layer_units_exponent_0': 6, 'D_layer_units_exponent_1': 7, 'D_layer_units_exponent_2': 6, 'D_layer_units_exponent_3': 6, 'D_layer_units_exponent_4': 10, 'D_layer_units_exponent_5': 8, 'log_learning_rate': -3.0568231113134874, 'log_learning_rate_D': -1.8785547584989855, 'training_batch_size': 11, 'training_p': 6}
	 epoch  0 training error:  tensor(1.0003, device='cuda:0', grad_fn=<DivBackward0>)
Memory status after this epoch: 
Memory allocated:  6.69921875
Memory cached:  14.0
	 epoch  10 training error:  tensor(0.6292, device='cuda:0', grad_fn=<DivBackward0>)
Memory status after this epoch: 
Memory allocated:  6.69921875
Memory cached:  18.0
	 epoch  20 training error:  tensor(0.3664, device='cuda:0', grad_fn=<DivBackward0>)
Memory status after this epoch: 
Memory allocated:  6.69921875
Memory cached:  18.0
	 epoch  30 training error:  tensor(0.2630, device='cuda:0', grad_fn=<DivBackward0>)
Memory status after this epoch: 
Memory allocated:  6.69921875
Memory cached:  18.0
	 epoch  40 training error:  tensor(0.2528, device='cuda:0', grad_fn=<DivBackward0>)
Memory status after this epoch: 
Memory allocated:  6.69921875
Memory cached:  18.0
	 epoch  50 training error:  tensor(0.2540, device='cuda:0', grad_fn=<DivBackward0>)
Memory status after this epoch: 
Memory allocated:  6.69921875
Memory cached:  18.0
	 epoch  60 training error:  tensor(0.2532, device='cuda:0', grad_fn=<DivBackward0>)
Memory status after this epoch: 
Memory allocated:  6.69921875
Memory cached:  18.0
	 epoch  70 training error:  tensor(0.2528, device='cuda:0', grad_fn=<DivBackward0>)
Memory status after this epoch: 
Memory allocated:  6.69921875
Memory cached:  18.0
	 epoch  80 training error:  tensor(0.2527, device='cuda:0', grad_fn=<DivBackward0>)
Memory status after this epoch: 
Memory allocated:  6.69921875
Memory cached:  18.0
	 epoch  90 training error:  tensor(0.2527, device='cuda:0', grad_fn=<DivBackward0>)
Memory status after this epoch: 
Memory allocated:  6.69921875
Memory cached:  18.0
[I 2023-11-02 17:44:21,818] Trial 28 finished with value: 0.24630723893642426 and parameters: {'W_layers': 7, 'W_layer_units_exponent_0': 7, 'W_layer_units_exponent_1': 7, 'W_layer_units_exponent_2': 7, 'W_layer_units_exponent_3': 8, 'W_layer_units_exponent_4': 5, 'W_layer_units_exponent_5': 6, 'W_layer_units_exponent_6': 5, 'D_layers': 6, 'D_layer_units_exponent_0': 6, 'D_layer_units_exponent_1': 7, 'D_layer_units_exponent_2': 6, 'D_layer_units_exponent_3': 6, 'D_layer_units_exponent_4': 10, 'D_layer_units_exponent_5': 8, 'log_learning_rate': -3.0568231113134874, 'log_learning_rate_D': -1.8785547584989855, 'training_batch_size': 11, 'training_p': 6}. Best is trial 7 with value: 0.24504585564136505.
Time for this trial:  167.98523545265198
Memory status after this trial: 
Memory allocated:  130.05078125
Memory cached:  134.0
--------------------  Trial  29   --------------------
Start timing: 
Parameters: 
{'W_layers': 8, 'W_layer_units_exponent_0': 7, 'W_layer_units_exponent_1': 6, 'W_layer_units_exponent_2': 7, 'W_layer_units_exponent_3': 9, 'W_layer_units_exponent_4': 6, 'W_layer_units_exponent_5': 5, 'W_layer_units_exponent_6': 6, 'W_layer_units_exponent_7': 10, 'D_layers': 6, 'D_layer_units_exponent_0': 5, 'D_layer_units_exponent_1': 7, 'D_layer_units_exponent_2': 4, 'D_layer_units_exponent_3': 7, 'D_layer_units_exponent_4': 9, 'D_layer_units_exponent_5': 8, 'log_learning_rate': -2.9079101073560145, 'log_learning_rate_D': -1.8985631061196078, 'training_batch_size': 10, 'training_p': 8}
	 epoch  0 training error:  tensor(0.9957, device='cuda:0', grad_fn=<DivBackward0>)
Memory status after this epoch: 
Memory allocated:  6.146484375
Memory cached:  18.0
	 epoch  10 training error:  tensor(0.5704, device='cuda:0', grad_fn=<DivBackward0>)
Memory status after this epoch: 
Memory allocated:  6.146484375
Memory cached:  22.0
	 epoch  20 training error:  tensor(0.2817, device='cuda:0', grad_fn=<DivBackward0>)
Memory status after this epoch: 
Memory allocated:  6.146484375
Memory cached:  22.0
	 epoch  30 training error:  tensor(0.2846, device='cuda:0', grad_fn=<DivBackward0>)
Memory status after this epoch: 
Memory allocated:  6.146484375
Memory cached:  22.0
	 epoch  40 training error:  tensor(0.2601, device='cuda:0', grad_fn=<DivBackward0>)
Memory status after this epoch: 
Memory allocated:  6.146484375
Memory cached:  22.0
	 epoch  50 training error:  tensor(0.2554, device='cuda:0', grad_fn=<DivBackward0>)
Memory status after this epoch: 
Memory allocated:  6.146484375
Memory cached:  22.0
	 epoch  60 training error:  tensor(0.2553, device='cuda:0', grad_fn=<DivBackward0>)
Memory status after this epoch: 
Memory allocated:  6.146484375
Memory cached:  22.0
	 epoch  70 training error:  tensor(0.2554, device='cuda:0', grad_fn=<DivBackward0>)
Memory status after this epoch: 
Memory allocated:  6.146484375
Memory cached:  22.0
	 epoch  80 training error:  tensor(0.2555, device='cuda:0', grad_fn=<DivBackward0>)
Memory status after this epoch: 
Memory allocated:  6.146484375
Memory cached:  22.0
	 epoch  90 training error:  tensor(0.2553, device='cuda:0', grad_fn=<DivBackward0>)
Memory status after this epoch: 
Memory allocated:  6.146484375
Memory cached:  22.0
[I 2023-11-02 17:47:23,132] Trial 29 finished with value: 0.24630723893642426 and parameters: {'W_layers': 8, 'W_layer_units_exponent_0': 7, 'W_layer_units_exponent_1': 6, 'W_layer_units_exponent_2': 7, 'W_layer_units_exponent_3': 9, 'W_layer_units_exponent_4': 6, 'W_layer_units_exponent_5': 5, 'W_layer_units_exponent_6': 6, 'W_layer_units_exponent_7': 10, 'D_layers': 6, 'D_layer_units_exponent_0': 5, 'D_layer_units_exponent_1': 7, 'D_layer_units_exponent_2': 4, 'D_layer_units_exponent_3': 7, 'D_layer_units_exponent_4': 9, 'D_layer_units_exponent_5': 8, 'log_learning_rate': -2.9079101073560145, 'log_learning_rate_D': -1.8985631061196078, 'training_batch_size': 10, 'training_p': 8}. Best is trial 7 with value: 0.24504585564136505.
Time for this trial:  181.06550931930542
Memory status after this trial: 
Memory allocated:  168.677734375
Memory cached:  174.0
--------------------  Trial  30   --------------------
Start timing: 
Parameters: 
{'W_layers': 8, 'W_layer_units_exponent_0': 8, 'W_layer_units_exponent_1': 5, 'W_layer_units_exponent_2': 8, 'W_layer_units_exponent_3': 7, 'W_layer_units_exponent_4': 5, 'W_layer_units_exponent_5': 7, 'W_layer_units_exponent_6': 5, 'W_layer_units_exponent_7': 4, 'D_layers': 7, 'D_layer_units_exponent_0': 7, 'D_layer_units_exponent_1': 6, 'D_layer_units_exponent_2': 5, 'D_layer_units_exponent_3': 5, 'D_layer_units_exponent_4': 10, 'D_layer_units_exponent_5': 9, 'D_layer_units_exponent_6': 10, 'log_learning_rate': -2.63438819457701, 'log_learning_rate_D': -2.189705403620144, 'training_batch_size': 11, 'training_p': 7}
	 epoch  0 training error:  tensor(0.9989, device='cuda:0', grad_fn=<DivBackward0>)
Memory status after this epoch: 
Memory allocated:  17.947265625
Memory cached:  34.0
	 epoch  10 training error:  tensor(0.3592, device='cuda:0', grad_fn=<DivBackward0>)
Memory status after this epoch: 
Memory allocated:  17.947265625
Memory cached:  42.0
	 epoch  20 training error:  tensor(0.2845, device='cuda:0', grad_fn=<DivBackward0>)
Memory status after this epoch: 
Memory allocated:  17.947265625
Memory cached:  40.0
	 epoch  30 training error:  tensor(0.2679, device='cuda:0', grad_fn=<DivBackward0>)
Memory status after this epoch: 
Memory allocated:  17.947265625
Memory cached:  40.0
	 epoch  40 training error:  tensor(0.2573, device='cuda:0', grad_fn=<DivBackward0>)
Memory status after this epoch: 
Memory allocated:  17.947265625
Memory cached:  42.0
	 epoch  50 training error:  tensor(0.2543, device='cuda:0', grad_fn=<DivBackward0>)
Memory status after this epoch: 
Memory allocated:  17.947265625
Memory cached:  40.0
	 epoch  60 training error:  tensor(0.2550, device='cuda:0', grad_fn=<DivBackward0>)
Memory status after this epoch: 
Memory allocated:  17.947265625
Memory cached:  40.0
	 epoch  70 training error:  tensor(0.2543, device='cuda:0', grad_fn=<DivBackward0>)
Memory status after this epoch: 
Memory allocated:  17.947265625
Memory cached:  40.0
	 epoch  80 training error:  tensor(0.2544, device='cuda:0', grad_fn=<DivBackward0>)
Memory status after this epoch: 
Memory allocated:  17.947265625
Memory cached:  40.0
	 epoch  90 training error:  tensor(0.2543, device='cuda:0', grad_fn=<DivBackward0>)
Memory status after this epoch: 
Memory allocated:  17.947265625
Memory cached:  40.0
[I 2023-11-02 17:50:35,847] Trial 30 finished with value: 0.2462967485189438 and parameters: {'W_layers': 8, 'W_layer_units_exponent_0': 8, 'W_layer_units_exponent_1': 5, 'W_layer_units_exponent_2': 8, 'W_layer_units_exponent_3': 7, 'W_layer_units_exponent_4': 5, 'W_layer_units_exponent_5': 7, 'W_layer_units_exponent_6': 5, 'W_layer_units_exponent_7': 4, 'D_layers': 7, 'D_layer_units_exponent_0': 7, 'D_layer_units_exponent_1': 6, 'D_layer_units_exponent_2': 5, 'D_layer_units_exponent_3': 5, 'D_layer_units_exponent_4': 10, 'D_layer_units_exponent_5': 9, 'D_layer_units_exponent_6': 10, 'log_learning_rate': -2.63438819457701, 'log_learning_rate_D': -2.189705403620144, 'training_batch_size': 11, 'training_p': 7}. Best is trial 7 with value: 0.24504585564136505.
Time for this trial:  192.45984649658203
Memory status after this trial: 
Memory allocated:  206.119140625
Memory cached:  220.0
--------------------  Trial  31   --------------------
Start timing: 
Parameters: 
{'W_layers': 7, 'W_layer_units_exponent_0': 5, 'W_layer_units_exponent_1': 8, 'W_layer_units_exponent_2': 6, 'W_layer_units_exponent_3': 9, 'W_layer_units_exponent_4': 7, 'W_layer_units_exponent_5': 5, 'W_layer_units_exponent_6': 8, 'D_layers': 6, 'D_layer_units_exponent_0': 6, 'D_layer_units_exponent_1': 8, 'D_layer_units_exponent_2': 5, 'D_layer_units_exponent_3': 5, 'D_layer_units_exponent_4': 8, 'D_layer_units_exponent_5': 6, 'log_learning_rate': -3.4497699795588863, 'log_learning_rate_D': -2.7699531649930327, 'training_batch_size': 9, 'training_p': 7}
	 epoch  0 training error:  tensor(1.0001, device='cuda:0', grad_fn=<DivBackward0>)
Memory status after this epoch: 
Memory allocated:  2.9765625
Memory cached:  12.0
	 epoch  10 training error:  tensor(0.5595, device='cuda:0', grad_fn=<DivBackward0>)
Memory status after this epoch: 
Memory allocated:  2.9765625
Memory cached:  20.0
	 epoch  20 training error:  tensor(0.2632, device='cuda:0', grad_fn=<DivBackward0>)
Memory status after this epoch: 
Memory allocated:  2.9765625
Memory cached:  16.0
	 epoch  30 training error:  tensor(0.2584, device='cuda:0', grad_fn=<DivBackward0>)
Memory status after this epoch: 
Memory allocated:  2.9765625
Memory cached:  18.0
	 epoch  40 training error:  tensor(0.2551, device='cuda:0', grad_fn=<DivBackward0>)
Memory status after this epoch: 
Memory allocated:  2.9765625
Memory cached:  16.0
	 epoch  50 training error:  tensor(0.2549, device='cuda:0', grad_fn=<DivBackward0>)
Memory status after this epoch: 
Memory allocated:  2.9765625
Memory cached:  20.0
	 epoch  60 training error:  tensor(0.2542, device='cuda:0', grad_fn=<DivBackward0>)
Memory status after this epoch: 
Memory allocated:  2.9765625
Memory cached:  16.0
	 epoch  70 training error:  tensor(0.2541, device='cuda:0', grad_fn=<DivBackward0>)
Memory status after this epoch: 
Memory allocated:  2.9765625
Memory cached:  18.0
	 epoch  80 training error:  tensor(0.2541, device='cuda:0', grad_fn=<DivBackward0>)
Memory status after this epoch: 
Memory allocated:  2.9765625
Memory cached:  16.0
	 epoch  90 training error:  tensor(0.2541, device='cuda:0', grad_fn=<DivBackward0>)
Memory status after this epoch: 
Memory allocated:  2.9765625
Memory cached:  20.0
[I 2023-11-02 17:53:23,087] Trial 31 finished with value: 0.24631844460964203 and parameters: {'W_layers': 7, 'W_layer_units_exponent_0': 5, 'W_layer_units_exponent_1': 8, 'W_layer_units_exponent_2': 6, 'W_layer_units_exponent_3': 9, 'W_layer_units_exponent_4': 7, 'W_layer_units_exponent_5': 5, 'W_layer_units_exponent_6': 8, 'D_layers': 6, 'D_layer_units_exponent_0': 6, 'D_layer_units_exponent_1': 8, 'D_layer_units_exponent_2': 5, 'D_layer_units_exponent_3': 5, 'D_layer_units_exponent_4': 8, 'D_layer_units_exponent_5': 6, 'log_learning_rate': -3.4497699795588863, 'log_learning_rate_D': -2.7699531649930327, 'training_batch_size': 9, 'training_p': 7}. Best is trial 7 with value: 0.24504585564136505.
Time for this trial:  166.99012756347656
Memory status after this trial: 
Memory allocated:  108.16015625
Memory cached:  112.0
--------------------  Trial  32   --------------------
Start timing: 
Parameters: 
{'W_layers': 6, 'W_layer_units_exponent_0': 6, 'W_layer_units_exponent_1': 7, 'W_layer_units_exponent_2': 7, 'W_layer_units_exponent_3': 8, 'W_layer_units_exponent_4': 4, 'W_layer_units_exponent_5': 9, 'D_layers': 5, 'D_layer_units_exponent_0': 7, 'D_layer_units_exponent_1': 7, 'D_layer_units_exponent_2': 4, 'D_layer_units_exponent_3': 8, 'D_layer_units_exponent_4': 9, 'log_learning_rate': -3.8578898302303557, 'log_learning_rate_D': -2.3986197872525836, 'training_batch_size': 11, 'training_p': 6}
	 epoch  0 training error:  tensor(1.0029, device='cuda:0', grad_fn=<DivBackward0>)
Memory status after this epoch: 
Memory allocated:  3.609375
Memory cached:  10.0
	 epoch  10 training error:  tensor(0.9408, device='cuda:0', grad_fn=<DivBackward0>)
Memory status after this epoch: 
Memory allocated:  3.609375
Memory cached:  18.0
	 epoch  20 training error:  tensor(0.7823, device='cuda:0', grad_fn=<DivBackward0>)
Memory status after this epoch: 
Memory allocated:  3.609375
Memory cached:  20.0
	 epoch  30 training error:  tensor(0.3878, device='cuda:0', grad_fn=<DivBackward0>)
Memory status after this epoch: 
Memory allocated:  3.609375
Memory cached:  20.0
	 epoch  40 training error:  tensor(0.3122, device='cuda:0', grad_fn=<DivBackward0>)
Memory status after this epoch: 
Memory allocated:  3.609375
Memory cached:  20.0
	 epoch  50 training error:  tensor(0.2538, device='cuda:0', grad_fn=<DivBackward0>)
Memory status after this epoch: 
Memory allocated:  3.609375
Memory cached:  20.0
	 epoch  60 training error:  tensor(0.2544, device='cuda:0', grad_fn=<DivBackward0>)
Memory status after this epoch: 
Memory allocated:  3.609375
Memory cached:  20.0
	 epoch  70 training error:  tensor(0.2528, device='cuda:0', grad_fn=<DivBackward0>)
Memory status after this epoch: 
Memory allocated:  3.609375
Memory cached:  20.0
	 epoch  80 training error:  tensor(0.2528, device='cuda:0', grad_fn=<DivBackward0>)
Memory status after this epoch: 
Memory allocated:  3.609375
Memory cached:  20.0
	 epoch  90 training error:  tensor(0.2528, device='cuda:0', grad_fn=<DivBackward0>)
Memory status after this epoch: 
Memory allocated:  3.609375
Memory cached:  20.0
