[I 2023-11-09 22:13:27,657] Trial 11 finished with value: 0.06177457049489021 and parameters: {'W_layers': 6, 'W_layer_units_exponent_0': 9, 'W_layer_units_exponent_1': 9, 'W_layer_units_exponent_2': 4, 'W_layer_units_exponent_3': 4, 'W_layer_units_exponent_4': 10, 'W_layer_units_exponent_5': 4, 'D_layers': 4, 'D_layer_units_exponent_0': 10, 'D_layer_units_exponent_1': 10, 'D_layer_units_exponent_2': 9, 'D_layer_units_exponent_3': 8, 'D_dagger_layers': 5, 'D_dagger_layer_units_exponent_0': 4, 'D_dagger_layer_units_exponent_1': 9, 'D_dagger_layer_units_exponent_2': 10, 'D_dagger_layer_units_exponent_3': 5, 'D_dagger_layer_units_exponent_4': 10, 'log_learning_rate': -2.821585954470225, 'log_learning_rate_D': -3.3669591500119633, 'log_learning_rate_D_dagger': -3.807919669584557, 'training_batch_size': 12, 'training_p': 5}. Best is trial 11 with value: 0.06177457049489021.
Time for this trial:  18.79275631904602
Memory status after this trial: 
Memory allocated:  263.818359375
Memory cached:  282.0
--------------------  Trial  12   --------------------
Start timing: 
Parameters: 
{'W_layers': 6, 'W_layer_units_exponent_0': 10, 'W_layer_units_exponent_1': 9, 'W_layer_units_exponent_2': 4, 'W_layer_units_exponent_3': 4, 'W_layer_units_exponent_4': 10, 'W_layer_units_exponent_5': 4, 'D_layers': 4, 'D_layer_units_exponent_0': 10, 'D_layer_units_exponent_1': 10, 'D_layer_units_exponent_2': 10, 'D_layer_units_exponent_3': 8, 'D_dagger_layers': 4, 'D_dagger_layer_units_exponent_0': 4, 'D_dagger_layer_units_exponent_1': 8, 'D_dagger_layer_units_exponent_2': 10, 'D_dagger_layer_units_exponent_3': 4, 'log_learning_rate': -2.5008491705483977, 'log_learning_rate_D': -2.220811833366097, 'log_learning_rate_D_dagger': -3.959557045447793, 'training_batch_size': 12, 'training_p': 6}
	 epoch  0 training error:  tensor(1.0590, device='cuda:0', grad_fn=<DivBackward0>)
Memory status after this epoch: 
Memory allocated:  22.20361328125
Memory cached:  32.0
	 epoch  10 training error:  tensor(0.2122, device='cuda:0', grad_fn=<DivBackward0>)
Memory status after this epoch: 
Memory allocated:  22.20361328125
Memory cached:  34.0
	 epoch  20 training error:  tensor(0.1701, device='cuda:0', grad_fn=<DivBackward0>)
Memory status after this epoch: 
Memory allocated:  22.20361328125
Memory cached:  34.0
	 epoch  30 training error:  tensor(0.1130, device='cuda:0', grad_fn=<DivBackward0>)
Memory status after this epoch: 
Memory allocated:  22.20361328125
Memory cached:  34.0
	 epoch  40 training error:  tensor(0.1033, device='cuda:0', grad_fn=<DivBackward0>)
Memory status after this epoch: 
Memory allocated:  22.20361328125
Memory cached:  34.0
	 epoch  50 training error:  tensor(0.0980, device='cuda:0', grad_fn=<DivBackward0>)
Memory status after this epoch: 
Memory allocated:  22.20361328125
Memory cached:  34.0
	 epoch  60 training error:  tensor(0.0938, device='cuda:0', grad_fn=<DivBackward0>)
Memory status after this epoch: 
Memory allocated:  22.20361328125
Memory cached:  34.0
	 epoch  70 training error:  tensor(0.0924, device='cuda:0', grad_fn=<DivBackward0>)
Memory status after this epoch: 
Memory allocated:  22.20361328125
Memory cached:  34.0
	 epoch  80 training error:  tensor(0.0917, device='cuda:0', grad_fn=<DivBackward0>)
Memory status after this epoch: 
Memory allocated:  22.20361328125
Memory cached:  34.0
	 epoch  90 training error:  tensor(0.0912, device='cuda:0', grad_fn=<DivBackward0>)
Memory status after this epoch: 
Memory allocated:  22.20361328125
Memory cached:  34.0
[I 2023-11-09 22:13:45,512] Trial 12 finished with value: 0.06982497125864029 and parameters: {'W_layers': 6, 'W_layer_units_exponent_0': 10, 'W_layer_units_exponent_1': 9, 'W_layer_units_exponent_2': 4, 'W_layer_units_exponent_3': 4, 'W_layer_units_exponent_4': 10, 'W_layer_units_exponent_5': 4, 'D_layers': 4, 'D_layer_units_exponent_0': 10, 'D_layer_units_exponent_1': 10, 'D_layer_units_exponent_2': 10, 'D_layer_units_exponent_3': 8, 'D_dagger_layers': 4, 'D_dagger_layer_units_exponent_0': 4, 'D_dagger_layer_units_exponent_1': 8, 'D_dagger_layer_units_exponent_2': 10, 'D_dagger_layer_units_exponent_3': 4, 'log_learning_rate': -2.5008491705483977, 'log_learning_rate_D': -2.220811833366097, 'log_learning_rate_D_dagger': -3.959557045447793, 'training_batch_size': 12, 'training_p': 6}. Best is trial 11 with value: 0.06177457049489021.
Time for this trial:  17.672765493392944
Memory status after this trial: 
Memory allocated:  220.595703125
Memory cached:  246.0
--------------------  Trial  13   --------------------
Start timing: 
Parameters: 
{'W_layers': 6, 'W_layer_units_exponent_0': 9, 'W_layer_units_exponent_1': 7, 'W_layer_units_exponent_2': 5, 'W_layer_units_exponent_3': 10, 'W_layer_units_exponent_4': 9, 'W_layer_units_exponent_5': 4, 'D_layers': 5, 'D_layer_units_exponent_0': 9, 'D_layer_units_exponent_1': 8, 'D_layer_units_exponent_2': 9, 'D_layer_units_exponent_3': 9, 'D_layer_units_exponent_4': 7, 'D_dagger_layers': 2, 'D_dagger_layer_units_exponent_0': 7, 'D_dagger_layer_units_exponent_1': 10, 'log_learning_rate': -2.626196850696113, 'log_learning_rate_D': -3.3121653978174392, 'log_learning_rate_D_dagger': -3.991842409869136, 'training_batch_size': 12, 'training_p': 5}
	 epoch  0 training error:  tensor(1.8913, device='cuda:0', grad_fn=<DivBackward0>)
Memory status after this epoch: 
Memory allocated:  14.37353515625
Memory cached:  26.0
	 epoch  10 training error:  tensor(0.5099, device='cuda:0', grad_fn=<DivBackward0>)
Memory status after this epoch: 
Memory allocated:  14.37353515625
Memory cached:  26.0
	 epoch  20 training error:  tensor(0.2286, device='cuda:0', grad_fn=<DivBackward0>)
Memory status after this epoch: 
Memory allocated:  14.37353515625
Memory cached:  26.0
	 epoch  30 training error:  tensor(0.1327, device='cuda:0', grad_fn=<DivBackward0>)
Memory status after this epoch: 
Memory allocated:  14.37353515625
Memory cached:  26.0
	 epoch  40 training error:  tensor(0.1008, device='cuda:0', grad_fn=<DivBackward0>)
Memory status after this epoch: 
Memory allocated:  14.37353515625
Memory cached:  26.0
	 epoch  50 training error:  tensor(0.0846, device='cuda:0', grad_fn=<DivBackward0>)
Memory status after this epoch: 
Memory allocated:  14.37353515625
Memory cached:  26.0
	 epoch  60 training error:  tensor(0.0878, device='cuda:0', grad_fn=<DivBackward0>)
Memory status after this epoch: 
Memory allocated:  14.37353515625
Memory cached:  26.0
	 epoch  70 training error:  tensor(0.0824, device='cuda:0', grad_fn=<DivBackward0>)
Memory status after this epoch: 
Memory allocated:  14.37353515625
Memory cached:  26.0
	 epoch  80 training error:  tensor(0.0813, device='cuda:0', grad_fn=<DivBackward0>)
Memory status after this epoch: 
Memory allocated:  14.37353515625
Memory cached:  26.0
	 epoch  90 training error:  tensor(0.0811, device='cuda:0', grad_fn=<DivBackward0>)
Memory status after this epoch: 
Memory allocated:  14.37353515625
Memory cached:  26.0
[I 2023-11-09 22:14:02,706] Trial 13 finished with value: 0.06287385523319244 and parameters: {'W_layers': 6, 'W_layer_units_exponent_0': 9, 'W_layer_units_exponent_1': 7, 'W_layer_units_exponent_2': 5, 'W_layer_units_exponent_3': 10, 'W_layer_units_exponent_4': 9, 'W_layer_units_exponent_5': 4, 'D_layers': 5, 'D_layer_units_exponent_0': 9, 'D_layer_units_exponent_1': 8, 'D_layer_units_exponent_2': 9, 'D_layer_units_exponent_3': 9, 'D_layer_units_exponent_4': 7, 'D_dagger_layers': 2, 'D_dagger_layer_units_exponent_0': 7, 'D_dagger_layer_units_exponent_1': 10, 'log_learning_rate': -2.626196850696113, 'log_learning_rate_D': -3.3121653978174392, 'log_learning_rate_D_dagger': -3.991842409869136, 'training_batch_size': 12, 'training_p': 5}. Best is trial 11 with value: 0.06177457049489021.
Time for this trial:  16.990829467773438
Memory status after this trial: 
Memory allocated:  189.599609375
Memory cached:  216.0
--------------------  Trial  14   --------------------
Start timing: 
Parameters: 
{'W_layers': 8, 'W_layer_units_exponent_0': 8, 'W_layer_units_exponent_1': 6, 'W_layer_units_exponent_2': 5, 'W_layer_units_exponent_3': 4, 'W_layer_units_exponent_4': 10, 'W_layer_units_exponent_5': 4, 'W_layer_units_exponent_6': 7, 'W_layer_units_exponent_7': 8, 'D_layers': 5, 'D_layer_units_exponent_0': 8, 'D_layer_units_exponent_1': 10, 'D_layer_units_exponent_2': 9, 'D_layer_units_exponent_3': 8, 'D_layer_units_exponent_4': 7, 'D_dagger_layers': 2, 'D_dagger_layer_units_exponent_0': 7, 'D_dagger_layer_units_exponent_1': 10, 'log_learning_rate': -2.7990935549252915, 'log_learning_rate_D': -3.3871501092384606, 'log_learning_rate_D_dagger': -4.915940676387226, 'training_batch_size': 10, 'training_p': 5}
	 epoch  0 training error:  tensor(0.8216, device='cuda:0', grad_fn=<DivBackward0>)
Memory status after this epoch: 
Memory allocated:  7.18896484375
Memory cached:  28.0
	 epoch  10 training error:  tensor(0.1713, device='cuda:0', grad_fn=<DivBackward0>)
Memory status after this epoch: 
Memory allocated:  7.18896484375
Memory cached:  30.0
	 epoch  20 training error:  tensor(0.1637, device='cuda:0', grad_fn=<DivBackward0>)
Memory status after this epoch: 
Memory allocated:  7.18896484375
Memory cached:  30.0
	 epoch  30 training error:  tensor(0.1239, device='cuda:0', grad_fn=<DivBackward0>)
Memory status after this epoch: 
Memory allocated:  7.18896484375
Memory cached:  30.0
	 epoch  40 training error:  tensor(0.1109, device='cuda:0', grad_fn=<DivBackward0>)
Memory status after this epoch: 
Memory allocated:  7.18896484375
Memory cached:  30.0
	 epoch  50 training error:  tensor(0.1060, device='cuda:0', grad_fn=<DivBackward0>)
Memory status after this epoch: 
Memory allocated:  7.18896484375
Memory cached:  30.0
	 epoch  60 training error:  tensor(0.1006, device='cuda:0', grad_fn=<DivBackward0>)
Memory status after this epoch: 
Memory allocated:  7.18896484375
Memory cached:  30.0
	 epoch  70 training error:  tensor(0.0983, device='cuda:0', grad_fn=<DivBackward0>)
Memory status after this epoch: 
Memory allocated:  7.18896484375
Memory cached:  30.0
	 epoch  80 training error:  tensor(0.0959, device='cuda:0', grad_fn=<DivBackward0>)
Memory status after this epoch: 
Memory allocated:  7.18896484375
Memory cached:  30.0
	 epoch  90 training error:  tensor(0.0937, device='cuda:0', grad_fn=<DivBackward0>)
Memory status after this epoch: 
Memory allocated:  7.18896484375
Memory cached:  30.0
[I 2023-11-09 22:14:20,170] Trial 14 finished with value: 0.07203618437051773 and parameters: {'W_layers': 8, 'W_layer_units_exponent_0': 8, 'W_layer_units_exponent_1': 6, 'W_layer_units_exponent_2': 5, 'W_layer_units_exponent_3': 4, 'W_layer_units_exponent_4': 10, 'W_layer_units_exponent_5': 4, 'W_layer_units_exponent_6': 7, 'W_layer_units_exponent_7': 8, 'D_layers': 5, 'D_layer_units_exponent_0': 8, 'D_layer_units_exponent_1': 10, 'D_layer_units_exponent_2': 9, 'D_layer_units_exponent_3': 8, 'D_layer_units_exponent_4': 7, 'D_dagger_layers': 2, 'D_dagger_layer_units_exponent_0': 7, 'D_dagger_layer_units_exponent_1': 10, 'log_learning_rate': -2.7990935549252915, 'log_learning_rate_D': -3.3871501092384606, 'log_learning_rate_D_dagger': -4.915940676387226, 'training_batch_size': 10, 'training_p': 5}. Best is trial 11 with value: 0.06177457049489021.
Time for this trial:  17.223384857177734
Memory status after this trial: 
Memory allocated:  161.732421875
Memory cached:  180.0
--------------------  Trial  15   --------------------
Start timing: 
Parameters: 
{'W_layers': 6, 'W_layer_units_exponent_0': 9, 'W_layer_units_exponent_1': 7, 'W_layer_units_exponent_2': 5, 'W_layer_units_exponent_3': 9, 'W_layer_units_exponent_4': 8, 'W_layer_units_exponent_5': 6, 'D_layers': 2, 'D_layer_units_exponent_0': 9, 'D_layer_units_exponent_1': 8, 'D_dagger_layers': 5, 'D_dagger_layer_units_exponent_0': 7, 'D_dagger_layer_units_exponent_1': 9, 'D_dagger_layer_units_exponent_2': 10, 'D_dagger_layer_units_exponent_3': 5, 'D_dagger_layer_units_exponent_4': 10, 'log_learning_rate': -3.3698438619284143, 'log_learning_rate_D': -3.2274014433724965, 'log_learning_rate_D_dagger': -3.8750411141543912, 'training_batch_size': 10, 'training_p': 6}
	 epoch  0 training error:  tensor(1.0999, device='cuda:0', grad_fn=<DivBackward0>)
Memory status after this epoch: 
Memory allocated:  14.32080078125
Memory cached:  48.0
	 epoch  10 training error:  tensor(0.2483, device='cuda:0', grad_fn=<DivBackward0>)
Memory status after this epoch: 
Memory allocated:  14.32080078125
Memory cached:  50.0
	 epoch  20 training error:  tensor(0.1030, device='cuda:0', grad_fn=<DivBackward0>)
Memory status after this epoch: 
Memory allocated:  14.32080078125
Memory cached:  50.0
	 epoch  30 training error:  tensor(0.1137, device='cuda:0', grad_fn=<DivBackward0>)
Memory status after this epoch: 
Memory allocated:  14.32080078125
Memory cached:  50.0
	 epoch  40 training error:  tensor(0.1276, device='cuda:0', grad_fn=<DivBackward0>)
Memory status after this epoch: 
Memory allocated:  14.32080078125
Memory cached:  50.0
	 epoch  50 training error:  tensor(0.1278, device='cuda:0', grad_fn=<DivBackward0>)
Memory status after this epoch: 
Memory allocated:  14.32080078125
Memory cached:  50.0
	 epoch  60 training error:  tensor(0.1045, device='cuda:0', grad_fn=<DivBackward0>)
Memory status after this epoch: 
Memory allocated:  14.32080078125
Memory cached:  50.0
	 epoch  70 training error:  tensor(0.0926, device='cuda:0', grad_fn=<DivBackward0>)
Memory status after this epoch: 
Memory allocated:  14.32080078125
Memory cached:  50.0
	 epoch  80 training error:  tensor(0.0931, device='cuda:0', grad_fn=<DivBackward0>)
Memory status after this epoch: 
Memory allocated:  14.32080078125
Memory cached:  50.0
	 epoch  90 training error:  tensor(0.0893, device='cuda:0', grad_fn=<DivBackward0>)
Memory status after this epoch: 
Memory allocated:  14.32080078125
Memory cached:  50.0
[I 2023-11-09 22:14:39,012] Trial 15 finished with value: 0.06654142588376999 and parameters: {'W_layers': 6, 'W_layer_units_exponent_0': 9, 'W_layer_units_exponent_1': 7, 'W_layer_units_exponent_2': 5, 'W_layer_units_exponent_3': 9, 'W_layer_units_exponent_4': 8, 'W_layer_units_exponent_5': 6, 'D_layers': 2, 'D_layer_units_exponent_0': 9, 'D_layer_units_exponent_1': 8, 'D_dagger_layers': 5, 'D_dagger_layer_units_exponent_0': 7, 'D_dagger_layer_units_exponent_1': 9, 'D_dagger_layer_units_exponent_2': 10, 'D_dagger_layer_units_exponent_3': 5, 'D_dagger_layer_units_exponent_4': 10, 'log_learning_rate': -3.3698438619284143, 'log_learning_rate_D': -3.2274014433724965, 'log_learning_rate_D_dagger': -3.8750411141543912, 'training_batch_size': 10, 'training_p': 6}. Best is trial 11 with value: 0.06177457049489021.
Time for this trial:  18.63634467124939
Memory status after this trial: 
Memory allocated:  237.47265625
Memory cached:  256.0
--------------------  Trial  16   --------------------
Start timing: 
Parameters: 
{'W_layers': 6, 'W_layer_units_exponent_0': 8, 'W_layer_units_exponent_1': 7, 'W_layer_units_exponent_2': 9, 'W_layer_units_exponent_3': 5, 'W_layer_units_exponent_4': 8, 'W_layer_units_exponent_5': 4, 'D_layers': 5, 'D_layer_units_exponent_0': 9, 'D_layer_units_exponent_1': 8, 'D_layer_units_exponent_2': 8, 'D_layer_units_exponent_3': 9, 'D_layer_units_exponent_4': 6, 'D_dagger_layers': 4, 'D_dagger_layer_units_exponent_0': 6, 'D_dagger_layer_units_exponent_1': 10, 'D_dagger_layer_units_exponent_2': 9, 'D_dagger_layer_units_exponent_3': 6, 'log_learning_rate': -2.54721881666151, 'log_learning_rate_D': -2.846278329641831, 'log_learning_rate_D_dagger': -4.316900872384581, 'training_batch_size': 9, 'training_p': 4}
	 epoch  0 training error:  tensor(1.0191, device='cuda:0', grad_fn=<DivBackward0>)
Memory status after this epoch: 
Memory allocated:  13.41162109375
Memory cached:  50.0
	 epoch  10 training error:  tensor(0.3192, device='cuda:0', grad_fn=<DivBackward0>)
Memory status after this epoch: 
Memory allocated:  13.41162109375
Memory cached:  50.0
	 epoch  20 training error:  tensor(0.1527, device='cuda:0', grad_fn=<DivBackward0>)
Memory status after this epoch: 
Memory allocated:  13.41162109375
Memory cached:  50.0
	 epoch  30 training error:  tensor(0.0904, device='cuda:0', grad_fn=<DivBackward0>)
Memory status after this epoch: 
Memory allocated:  13.41162109375
Memory cached:  50.0
	 epoch  40 training error:  tensor(0.0888, device='cuda:0', grad_fn=<DivBackward0>)
Memory status after this epoch: 
Memory allocated:  13.41162109375
Memory cached:  50.0
	 epoch  50 training error:  tensor(0.0782, device='cuda:0', grad_fn=<DivBackward0>)
Memory status after this epoch: 
Memory allocated:  13.41162109375
Memory cached:  50.0
	 epoch  60 training error:  tensor(0.0780, device='cuda:0', grad_fn=<DivBackward0>)
Memory status after this epoch: 
Memory allocated:  13.41162109375
Memory cached:  50.0
	 epoch  70 training error:  tensor(0.0768, device='cuda:0', grad_fn=<DivBackward0>)
Memory status after this epoch: 
Memory allocated:  13.41162109375
Memory cached:  50.0
	 epoch  80 training error:  tensor(0.0762, device='cuda:0', grad_fn=<DivBackward0>)
Memory status after this epoch: 
Memory allocated:  13.41162109375
Memory cached:  50.0
	 epoch  90 training error:  tensor(0.0759, device='cuda:0', grad_fn=<DivBackward0>)
Memory status after this epoch: 
Memory allocated:  13.41162109375
Memory cached:  50.0
[I 2023-11-09 22:14:56,402] Trial 16 finished with value: 0.06426064670085907 and parameters: {'W_layers': 6, 'W_layer_units_exponent_0': 8, 'W_layer_units_exponent_1': 7, 'W_layer_units_exponent_2': 9, 'W_layer_units_exponent_3': 5, 'W_layer_units_exponent_4': 8, 'W_layer_units_exponent_5': 4, 'D_layers': 5, 'D_layer_units_exponent_0': 9, 'D_layer_units_exponent_1': 8, 'D_layer_units_exponent_2': 8, 'D_layer_units_exponent_3': 9, 'D_layer_units_exponent_4': 6, 'D_dagger_layers': 4, 'D_dagger_layer_units_exponent_0': 6, 'D_dagger_layer_units_exponent_1': 10, 'D_dagger_layer_units_exponent_2': 9, 'D_dagger_layer_units_exponent_3': 6, 'log_learning_rate': -2.54721881666151, 'log_learning_rate_D': -2.846278329641831, 'log_learning_rate_D_dagger': -4.316900872384581, 'training_batch_size': 9, 'training_p': 4}. Best is trial 11 with value: 0.06177457049489021.
Time for this trial:  17.137288808822632
Memory status after this trial: 
Memory allocated:  161.462890625
Memory cached:  178.0
--------------------  Trial  17   --------------------
Start timing: 
Parameters: 
{'W_layers': 7, 'W_layer_units_exponent_0': 8, 'W_layer_units_exponent_1': 5, 'W_layer_units_exponent_2': 6, 'W_layer_units_exponent_3': 8, 'W_layer_units_exponent_4': 9, 'W_layer_units_exponent_5': 8, 'W_layer_units_exponent_6': 10, 'D_layers': 3, 'D_layer_units_exponent_0': 4, 'D_layer_units_exponent_1': 8, 'D_layer_units_exponent_2': 10, 'D_dagger_layers': 3, 'D_dagger_layer_units_exponent_0': 8, 'D_dagger_layer_units_exponent_1': 8, 'D_dagger_layer_units_exponent_2': 9, 'log_learning_rate': -3.4560032366104614, 'log_learning_rate_D': -3.7212970244364345, 'log_learning_rate_D_dagger': -4.011974835684027, 'training_batch_size': 12, 'training_p': 4}
	 epoch  0 training error:  tensor(0.9160, device='cuda:0', grad_fn=<DivBackward0>)
Memory status after this epoch: 
Memory allocated:  12.67578125
Memory cached:  16.0
	 epoch  10 training error:  tensor(0.2140, device='cuda:0', grad_fn=<DivBackward0>)
Memory status after this epoch: 
Memory allocated:  12.67578125
Memory cached:  18.0
	 epoch  20 training error:  tensor(0.0948, device='cuda:0', grad_fn=<DivBackward0>)
Memory status after this epoch: 
Memory allocated:  12.67578125
Memory cached:  18.0
	 epoch  30 training error:  tensor(0.1013, device='cuda:0', grad_fn=<DivBackward0>)
Memory status after this epoch: 
Memory allocated:  12.67578125
Memory cached:  18.0
	 epoch  40 training error:  tensor(0.0848, device='cuda:0', grad_fn=<DivBackward0>)
Memory status after this epoch: 
Memory allocated:  12.67578125
Memory cached:  18.0
	 epoch  50 training error:  tensor(0.0836, device='cuda:0', grad_fn=<DivBackward0>)
Memory status after this epoch: 
Memory allocated:  12.67578125
Memory cached:  18.0
	 epoch  60 training error:  tensor(0.0773, device='cuda:0', grad_fn=<DivBackward0>)
Memory status after this epoch: 
Memory allocated:  12.67578125
Memory cached:  18.0
	 epoch  70 training error:  tensor(0.0772, device='cuda:0', grad_fn=<DivBackward0>)
Memory status after this epoch: 
Memory allocated:  12.67578125
Memory cached:  18.0
	 epoch  80 training error:  tensor(0.0762, device='cuda:0', grad_fn=<DivBackward0>)
Memory status after this epoch: 
Memory allocated:  12.67578125
Memory cached:  18.0
	 epoch  90 training error:  tensor(0.0757, device='cuda:0', grad_fn=<DivBackward0>)
Memory status after this epoch: 
Memory allocated:  12.67578125
Memory cached:  18.0
