[I 2023-10-30 16:09:25,034] Trial 7 finished with value: 0.22719846665859222 and parameters: {'W_layers': 5, 'W_layer_units_exponent_0': 4, 'W_layer_units_exponent_1': 6, 'W_layer_units_exponent_2': 4, 'W_layer_units_exponent_3': 6, 'W_layer_units_exponent_4': 8, 'D_layers': 4, 'D_layer_units_exponent_0': 4, 'D_layer_units_exponent_1': 7, 'D_layer_units_exponent_2': 9, 'D_layer_units_exponent_3': 4, 'log_learning_rate': -2.8186683610699315, 'log_learning_rate_D': -3.068524399971629, 'training_batch_size': 8, 'training_p': 5}. Best is trial 1 with value: 0.22552898526191711.
Time for this trial:  15.229364395141602
Memory status after this trial: 
Memory allocated:  22.50146484375
Memory cached:  30.0
--------------------  Trial  8   --------------------
Start timing: 
Parameters: 
{'W_layers': 5, 'W_layer_units_exponent_0': 7, 'W_layer_units_exponent_1': 10, 'W_layer_units_exponent_2': 8, 'W_layer_units_exponent_3': 5, 'W_layer_units_exponent_4': 5, 'D_layers': 5, 'D_layer_units_exponent_0': 10, 'D_layer_units_exponent_1': 8, 'D_layer_units_exponent_2': 9, 'D_layer_units_exponent_3': 6, 'D_layer_units_exponent_4': 6, 'log_learning_rate': -1.4252418402438565, 'log_learning_rate_D': -1.7949178157697063, 'training_batch_size': 11, 'training_p': 5}
	 epoch  0 training error:  tensor(1.0000, device='cuda:0', grad_fn=<DivBackward0>)
Memory status after this epoch: 
Memory allocated:  7.9140625
Memory cached:  10.0
[W 2023-10-30 16:09:25,797] Trial 8 failed with parameters: {'W_layers': 5, 'W_layer_units_exponent_0': 7, 'W_layer_units_exponent_1': 10, 'W_layer_units_exponent_2': 8, 'W_layer_units_exponent_3': 5, 'W_layer_units_exponent_4': 5, 'D_layers': 5, 'D_layer_units_exponent_0': 10, 'D_layer_units_exponent_1': 8, 'D_layer_units_exponent_2': 9, 'D_layer_units_exponent_3': 6, 'D_layer_units_exponent_4': 6, 'log_learning_rate': -1.4252418402438565, 'log_learning_rate_D': -1.7949178157697063, 'training_batch_size': 11, 'training_p': 5} because of the following error: The value nan is not acceptable.
[W 2023-10-30 16:09:25,798] Trial 8 failed with value tensor(nan, device='cuda:0', grad_fn=<DivBackward0>).
Time for this trial:  0.6445720195770264
Memory status after this trial: 
Memory allocated:  82.29443359375
Memory cached:  98.0
--------------------  Trial  9   --------------------
Start timing: 
Parameters: 
{'W_layers': 4, 'W_layer_units_exponent_0': 4, 'W_layer_units_exponent_1': 10, 'W_layer_units_exponent_2': 8, 'W_layer_units_exponent_3': 8, 'D_layers': 5, 'D_layer_units_exponent_0': 7, 'D_layer_units_exponent_1': 5, 'D_layer_units_exponent_2': 8, 'D_layer_units_exponent_3': 6, 'D_layer_units_exponent_4': 8, 'log_learning_rate': -2.315677155659855, 'log_learning_rate_D': -3.8320956443806495, 'training_batch_size': 8, 'training_p': 4}
	 epoch  0 training error:  tensor(1.0000, device='cuda:0', grad_fn=<DivBackward0>)
Memory status after this epoch: 
Memory allocated:  5.552734375
Memory cached:  6.0
	 epoch  10 training error:  tensor(0.7064, device='cuda:0', grad_fn=<DivBackward0>)
Memory status after this epoch: 
Memory allocated:  5.552734375
Memory cached:  8.0
	 epoch  20 training error:  tensor(0.4560, device='cuda:0', grad_fn=<DivBackward0>)
Memory status after this epoch: 
Memory allocated:  5.552734375
Memory cached:  8.0
	 epoch  30 training error:  tensor(0.2616, device='cuda:0', grad_fn=<DivBackward0>)
Memory status after this epoch: 
Memory allocated:  5.552734375
Memory cached:  8.0
	 epoch  40 training error:  tensor(0.2678, device='cuda:0', grad_fn=<DivBackward0>)
Memory status after this epoch: 
Memory allocated:  5.552734375
Memory cached:  8.0
	 epoch  50 training error:  tensor(0.2571, device='cuda:0', grad_fn=<DivBackward0>)
Memory status after this epoch: 
Memory allocated:  5.552734375
Memory cached:  8.0
	 epoch  60 training error:  tensor(0.2543, device='cuda:0', grad_fn=<DivBackward0>)
Memory status after this epoch: 
Memory allocated:  5.552734375
Memory cached:  8.0
	 epoch  70 training error:  tensor(0.2523, device='cuda:0', grad_fn=<DivBackward0>)
Memory status after this epoch: 
Memory allocated:  5.552734375
Memory cached:  8.0
	 epoch  80 training error:  tensor(0.2525, device='cuda:0', grad_fn=<DivBackward0>)
Memory status after this epoch: 
Memory allocated:  5.552734375
Memory cached:  8.0
	 epoch  90 training error:  tensor(0.2524, device='cuda:0', grad_fn=<DivBackward0>)
Memory status after this epoch: 
Memory allocated:  5.552734375
Memory cached:  8.0
[I 2023-10-30 16:09:42,361] Trial 9 finished with value: 0.22679825127124786 and parameters: {'W_layers': 4, 'W_layer_units_exponent_0': 4, 'W_layer_units_exponent_1': 10, 'W_layer_units_exponent_2': 8, 'W_layer_units_exponent_3': 8, 'D_layers': 5, 'D_layer_units_exponent_0': 7, 'D_layer_units_exponent_1': 5, 'D_layer_units_exponent_2': 8, 'D_layer_units_exponent_3': 6, 'D_layer_units_exponent_4': 8, 'log_learning_rate': -2.315677155659855, 'log_learning_rate_D': -3.8320956443806495, 'training_batch_size': 8, 'training_p': 4}. Best is trial 1 with value: 0.22552898526191711.
Time for this trial:  16.46036195755005
Memory status after this trial: 
Memory allocated:  87.06005859375
Memory cached:  108.0
--------------------  Trial  10   --------------------
Start timing: 
Parameters: 
{'W_layers': 5, 'W_layer_units_exponent_0': 7, 'W_layer_units_exponent_1': 9, 'W_layer_units_exponent_2': 4, 'W_layer_units_exponent_3': 10, 'W_layer_units_exponent_4': 8, 'D_layers': 2, 'D_layer_units_exponent_0': 7, 'D_layer_units_exponent_1': 9, 'log_learning_rate': -4.609900381266771, 'log_learning_rate_D': -1.2669336663748627, 'training_batch_size': 10, 'training_p': 8}
	 epoch  0 training error:  tensor(1.0000, device='cuda:0', grad_fn=<DivBackward0>)
Memory status after this epoch: 
Memory allocated:  5.76171875
Memory cached:  8.0
	 epoch  10 training error:  tensor(1.0000, device='cuda:0', grad_fn=<DivBackward0>)
Memory status after this epoch: 
Memory allocated:  5.76171875
Memory cached:  8.0
	 epoch  20 training error:  tensor(1.0000, device='cuda:0', grad_fn=<DivBackward0>)
Memory status after this epoch: 
Memory allocated:  5.76171875
Memory cached:  8.0
	 epoch  30 training error:  tensor(0.9999, device='cuda:0', grad_fn=<DivBackward0>)
Memory status after this epoch: 
Memory allocated:  5.76171875
Memory cached:  8.0
	 epoch  40 training error:  tensor(0.9998, device='cuda:0', grad_fn=<DivBackward0>)
Memory status after this epoch: 
Memory allocated:  5.76171875
Memory cached:  8.0
	 epoch  50 training error:  tensor(0.9996, device='cuda:0', grad_fn=<DivBackward0>)
Memory status after this epoch: 
Memory allocated:  5.76171875
Memory cached:  8.0
	 epoch  60 training error:  tensor(0.9993, device='cuda:0', grad_fn=<DivBackward0>)
Memory status after this epoch: 
Memory allocated:  5.76171875
Memory cached:  8.0
	 epoch  70 training error:  tensor(0.9986, device='cuda:0', grad_fn=<DivBackward0>)
Memory status after this epoch: 
Memory allocated:  5.76171875
Memory cached:  8.0
	 epoch  80 training error:  tensor(0.9974, device='cuda:0', grad_fn=<DivBackward0>)
Memory status after this epoch: 
Memory allocated:  5.76171875
Memory cached:  8.0
	 epoch  90 training error:  tensor(0.9953, device='cuda:0', grad_fn=<DivBackward0>)
Memory status after this epoch: 
Memory allocated:  5.76171875
Memory cached:  8.0
[I 2023-10-30 16:09:59,856] Trial 10 finished with value: 0.9901200532913208 and parameters: {'W_layers': 5, 'W_layer_units_exponent_0': 7, 'W_layer_units_exponent_1': 9, 'W_layer_units_exponent_2': 4, 'W_layer_units_exponent_3': 10, 'W_layer_units_exponent_4': 8, 'D_layers': 2, 'D_layer_units_exponent_0': 7, 'D_layer_units_exponent_1': 9, 'log_learning_rate': -4.609900381266771, 'log_learning_rate_D': -1.2669336663748627, 'training_batch_size': 10, 'training_p': 8}. Best is trial 1 with value: 0.22552898526191711.
Time for this trial:  17.392242908477783
Memory status after this trial: 
Memory allocated:  108.10205078125
Memory cached:  114.0
--------------------  Trial  11   --------------------
Start timing: 
Parameters: 
{'W_layers': 4, 'W_layer_units_exponent_0': 8, 'W_layer_units_exponent_1': 8, 'W_layer_units_exponent_2': 6, 'W_layer_units_exponent_3': 9, 'D_layers': 4, 'D_layer_units_exponent_0': 8, 'D_layer_units_exponent_1': 10, 'D_layer_units_exponent_2': 4, 'D_layer_units_exponent_3': 10, 'log_learning_rate': -2.3428476585758897, 'log_learning_rate_D': -1.7322574366982293, 'training_batch_size': 6, 'training_p': 6}
	 epoch  0 training error:  tensor(1.0001, device='cuda:0', grad_fn=<DivBackward0>)
Memory status after this epoch: 
Memory allocated:  2.98828125
Memory cached:  4.0
	 epoch  10 training error:  tensor(0.3871, device='cuda:0', grad_fn=<DivBackward0>)
Memory status after this epoch: 
Memory allocated:  2.98828125
Memory cached:  4.0
	 epoch  20 training error:  tensor(0.2730, device='cuda:0', grad_fn=<DivBackward0>)
Memory status after this epoch: 
Memory allocated:  2.98828125
Memory cached:  4.0
	 epoch  30 training error:  tensor(0.2580, device='cuda:0', grad_fn=<DivBackward0>)
Memory status after this epoch: 
Memory allocated:  2.98828125
Memory cached:  4.0
	 epoch  40 training error:  tensor(0.2596, device='cuda:0', grad_fn=<DivBackward0>)
Memory status after this epoch: 
Memory allocated:  2.98828125
Memory cached:  4.0
	 epoch  50 training error:  tensor(0.2584, device='cuda:0', grad_fn=<DivBackward0>)
Memory status after this epoch: 
Memory allocated:  2.98828125
Memory cached:  4.0
	 epoch  60 training error:  tensor(0.2578, device='cuda:0', grad_fn=<DivBackward0>)
Memory status after this epoch: 
Memory allocated:  2.98828125
Memory cached:  4.0
	 epoch  70 training error:  tensor(0.2612, device='cuda:0', grad_fn=<DivBackward0>)
Memory status after this epoch: 
Memory allocated:  2.98828125
Memory cached:  4.0
	 epoch  80 training error:  tensor(0.2632, device='cuda:0', grad_fn=<DivBackward0>)
Memory status after this epoch: 
Memory allocated:  2.98828125
Memory cached:  4.0
	 epoch  90 training error:  tensor(0.2700, device='cuda:0', grad_fn=<DivBackward0>)
Memory status after this epoch: 
Memory allocated:  2.98828125
Memory cached:  4.0
[I 2023-10-30 16:10:17,071] Trial 11 finished with value: 0.22993002831935883 and parameters: {'W_layers': 4, 'W_layer_units_exponent_0': 8, 'W_layer_units_exponent_1': 8, 'W_layer_units_exponent_2': 6, 'W_layer_units_exponent_3': 9, 'D_layers': 4, 'D_layer_units_exponent_0': 8, 'D_layer_units_exponent_1': 10, 'D_layer_units_exponent_2': 4, 'D_layer_units_exponent_3': 10, 'log_learning_rate': -2.3428476585758897, 'log_learning_rate_D': -1.7322574366982293, 'training_batch_size': 6, 'training_p': 6}. Best is trial 1 with value: 0.22552898526191711.
Time for this trial:  17.105911254882812
Memory status after this trial: 
Memory allocated:  60.06005859375
Memory cached:  68.0
--------------------  Trial  12   --------------------
Start timing: 
Parameters: 
{'W_layers': 2, 'W_layer_units_exponent_0': 6, 'W_layer_units_exponent_1': 4, 'D_layers': 2, 'D_layer_units_exponent_0': 10, 'D_layer_units_exponent_1': 7, 'log_learning_rate': -1.0720634649848149, 'log_learning_rate_D': -3.783655993619188, 'training_batch_size': 6, 'training_p': 2}
	 epoch  0 training error:  tensor(19.4458, device='cuda:0', grad_fn=<DivBackward0>)
Memory status after this epoch: 
Memory allocated:  0.59912109375
Memory cached:  2.0
	 epoch  10 training error:  tensor(1., device='cuda:0', grad_fn=<DivBackward0>)
Memory status after this epoch: 
Memory allocated:  0.59912109375
Memory cached:  2.0
	 epoch  20 training error:  tensor(1., device='cuda:0', grad_fn=<DivBackward0>)
Memory status after this epoch: 
Memory allocated:  0.59912109375
Memory cached:  2.0
	 epoch  30 training error:  tensor(1., device='cuda:0', grad_fn=<DivBackward0>)
Memory status after this epoch: 
Memory allocated:  0.59912109375
Memory cached:  2.0
	 epoch  40 training error:  tensor(1., device='cuda:0', grad_fn=<DivBackward0>)
Memory status after this epoch: 
Memory allocated:  0.59912109375
Memory cached:  4.0
	 epoch  50 training error:  tensor(1., device='cuda:0', grad_fn=<DivBackward0>)
Memory status after this epoch: 
Memory allocated:  0.59912109375
Memory cached:  2.0
	 epoch  60 training error:  tensor(1., device='cuda:0', grad_fn=<DivBackward0>)
Memory status after this epoch: 
Memory allocated:  0.59912109375
Memory cached:  2.0
	 epoch  70 training error:  tensor(1., device='cuda:0', grad_fn=<DivBackward0>)
Memory status after this epoch: 
Memory allocated:  0.59912109375
Memory cached:  2.0
	 epoch  80 training error:  tensor(1., device='cuda:0', grad_fn=<DivBackward0>)
Memory status after this epoch: 
Memory allocated:  0.59912109375
Memory cached:  2.0
	 epoch  90 training error:  tensor(1., device='cuda:0', grad_fn=<DivBackward0>)
Memory status after this epoch: 
Memory allocated:  0.59912109375
Memory cached:  2.0
[I 2023-10-30 16:10:32,575] Trial 12 finished with value: 1.0 and parameters: {'W_layers': 2, 'W_layer_units_exponent_0': 6, 'W_layer_units_exponent_1': 4, 'D_layers': 2, 'D_layer_units_exponent_0': 10, 'D_layer_units_exponent_1': 7, 'log_learning_rate': -1.0720634649848149, 'log_learning_rate_D': -3.783655993619188, 'training_batch_size': 6, 'training_p': 2}. Best is trial 1 with value: 0.22552898526191711.
Time for this trial:  15.357929229736328
Memory status after this trial: 
Memory allocated:  4.41162109375
Memory cached:  6.0
--------------------  Trial  13   --------------------
Start timing: 
Parameters: 
{'W_layers': 3, 'W_layer_units_exponent_0': 10, 'W_layer_units_exponent_1': 6, 'W_layer_units_exponent_2': 6, 'D_layers': 5, 'D_layer_units_exponent_0': 5, 'D_layer_units_exponent_1': 8, 'D_layer_units_exponent_2': 6, 'D_layer_units_exponent_3': 8, 'D_layer_units_exponent_4': 4, 'log_learning_rate': -3.8745379048954733, 'log_learning_rate_D': -4.864696685080601, 'training_batch_size': 8, 'training_p': 8}
	 epoch  0 training error:  tensor(0.9989, device='cuda:0', grad_fn=<DivBackward0>)
Memory status after this epoch: 
Memory allocated:  1.37060546875
Memory cached:  2.0
	 epoch  10 training error:  tensor(0.9568, device='cuda:0', grad_fn=<DivBackward0>)
Memory status after this epoch: 
Memory allocated:  1.37060546875
Memory cached:  2.0
	 epoch  20 training error:  tensor(0.6480, device='cuda:0', grad_fn=<DivBackward0>)
Memory status after this epoch: 
Memory allocated:  1.37060546875
Memory cached:  2.0
	 epoch  30 training error:  tensor(0.3283, device='cuda:0', grad_fn=<DivBackward0>)
Memory status after this epoch: 
Memory allocated:  1.37060546875
Memory cached:  2.0
	 epoch  40 training error:  tensor(0.2599, device='cuda:0', grad_fn=<DivBackward0>)
Memory status after this epoch: 
Memory allocated:  1.37060546875
Memory cached:  2.0
	 epoch  50 training error:  tensor(0.2724, device='cuda:0', grad_fn=<DivBackward0>)
Memory status after this epoch: 
Memory allocated:  1.37060546875
Memory cached:  2.0
	 epoch  60 training error:  tensor(0.2593, device='cuda:0', grad_fn=<DivBackward0>)
Memory status after this epoch: 
Memory allocated:  1.37060546875
Memory cached:  2.0
	 epoch  70 training error:  tensor(0.2609, device='cuda:0', grad_fn=<DivBackward0>)
Memory status after this epoch: 
Memory allocated:  1.37060546875
Memory cached:  2.0
	 epoch  80 training error:  tensor(0.2595, device='cuda:0', grad_fn=<DivBackward0>)
Memory status after this epoch: 
Memory allocated:  1.37060546875
Memory cached:  2.0
	 epoch  90 training error:  tensor(0.2593, device='cuda:0', grad_fn=<DivBackward0>)
Memory status after this epoch: 
Memory allocated:  1.37060546875
Memory cached:  2.0
[I 2023-10-30 16:10:48,843] Trial 13 finished with value: 0.22601643204689026 and parameters: {'W_layers': 3, 'W_layer_units_exponent_0': 10, 'W_layer_units_exponent_1': 6, 'W_layer_units_exponent_2': 6, 'D_layers': 5, 'D_layer_units_exponent_0': 5, 'D_layer_units_exponent_1': 8, 'D_layer_units_exponent_2': 6, 'D_layer_units_exponent_3': 8, 'D_layer_units_exponent_4': 4, 'log_learning_rate': -3.8745379048954733, 'log_learning_rate_D': -4.864696685080601, 'training_batch_size': 8, 'training_p': 8}. Best is trial 1 with value: 0.22552898526191711.
Time for this trial:  16.114344596862793
Memory status after this trial: 
Memory allocated:  62.20068359375
Memory cached:  90.0
--------------------  Trial  14   --------------------
Start timing: 
Parameters: 
{'W_layers': 3, 'W_layer_units_exponent_0': 8, 'W_layer_units_exponent_1': 7, 'W_layer_units_exponent_2': 6, 'D_layers': 3, 'D_layer_units_exponent_0': 10, 'D_layer_units_exponent_1': 8, 'D_layer_units_exponent_2': 6, 'log_learning_rate': -3.7373646787745445, 'log_learning_rate_D': -4.573064215129868, 'training_batch_size': 12, 'training_p': 3}
	 epoch  0 training error:  tensor(0.9998, device='cuda:0', grad_fn=<DivBackward0>)
Memory status after this epoch: 
Memory allocated:  1.80224609375
Memory cached:  2.0
	 epoch  10 training error:  tensor(0.9873, device='cuda:0', grad_fn=<DivBackward0>)
Memory status after this epoch: 
Memory allocated:  1.80224609375
Memory cached:  4.0
	 epoch  20 training error:  tensor(0.9296, device='cuda:0', grad_fn=<DivBackward0>)
Memory status after this epoch: 
Memory allocated:  1.80224609375
Memory cached:  4.0
	 epoch  30 training error:  tensor(0.5672, device='cuda:0', grad_fn=<DivBackward0>)
Memory status after this epoch: 
Memory allocated:  1.80224609375
Memory cached:  4.0
	 epoch  40 training error:  tensor(0.2533, device='cuda:0', grad_fn=<DivBackward0>)
Memory status after this epoch: 
Memory allocated:  1.80224609375
Memory cached:  4.0
	 epoch  50 training error:  tensor(0.2475, device='cuda:0', grad_fn=<DivBackward0>)
Memory status after this epoch: 
Memory allocated:  1.80224609375
Memory cached:  4.0
	 epoch  60 training error:  tensor(0.2588, device='cuda:0', grad_fn=<DivBackward0>)
Memory status after this epoch: 
Memory allocated:  1.80224609375
Memory cached:  4.0
	 epoch  70 training error:  tensor(0.2510, device='cuda:0', grad_fn=<DivBackward0>)
Memory status after this epoch: 
Memory allocated:  1.80224609375
Memory cached:  4.0
	 epoch  80 training error:  tensor(0.2474, device='cuda:0', grad_fn=<DivBackward0>)
Memory status after this epoch: 
Memory allocated:  1.80224609375
Memory cached:  4.0
	 epoch  90 training error:  tensor(0.2481, device='cuda:0', grad_fn=<DivBackward0>)
Memory status after this epoch: 
Memory allocated:  1.80224609375
Memory cached:  4.0
[I 2023-10-30 16:11:03,978] Trial 14 finished with value: 0.22661414742469788 and parameters: {'W_layers': 3, 'W_layer_units_exponent_0': 8, 'W_layer_units_exponent_1': 7, 'W_layer_units_exponent_2': 6, 'D_layers': 3, 'D_layer_units_exponent_0': 10, 'D_layer_units_exponent_1': 8, 'D_layer_units_exponent_2': 6, 'log_learning_rate': -3.7373646787745445, 'log_learning_rate_D': -4.573064215129868, 'training_batch_size': 12, 'training_p': 3}. Best is trial 1 with value: 0.22552898526191711.
Time for this trial:  14.982601404190063
Memory status after this trial: 
Memory allocated:  24.37255859375
Memory cached:  34.0
--------------------  Trial  15   --------------------
Start timing: 
Parameters: 
{'W_layers': 2, 'W_layer_units_exponent_0': 6, 'W_layer_units_exponent_1': 6, 'D_layers': 5, 'D_layer_units_exponent_0': 5, 'D_layer_units_exponent_1': 8, 'D_layer_units_exponent_2': 6, 'D_layer_units_exponent_3': 10, 'D_layer_units_exponent_4': 4, 'log_learning_rate': -4.921018703359006, 'log_learning_rate_D': -4.927290530443205, 'training_batch_size': 7, 'training_p': 7}
	 epoch  0 training error:  tensor(1.0090, device='cuda:0', grad_fn=<DivBackward0>)
Memory status after this epoch: 
Memory allocated:  0.57861328125
Memory cached:  2.0
	 epoch  10 training error:  tensor(1.0073, device='cuda:0', grad_fn=<DivBackward0>)
Memory status after this epoch: 
Memory allocated:  0.57861328125
Memory cached:  2.0
	 epoch  20 training error:  tensor(1.0056, device='cuda:0', grad_fn=<DivBackward0>)
Memory status after this epoch: 
Memory allocated:  0.57861328125
Memory cached:  2.0
	 epoch  30 training error:  tensor(1.0040, device='cuda:0', grad_fn=<DivBackward0>)
Memory status after this epoch: 
Memory allocated:  0.57861328125
Memory cached:  2.0
	 epoch  40 training error:  tensor(1.0023, device='cuda:0', grad_fn=<DivBackward0>)
Memory status after this epoch: 
Memory allocated:  0.57861328125
Memory cached:  2.0
	 epoch  50 training error:  tensor(1.0007, device='cuda:0', grad_fn=<DivBackward0>)
Memory status after this epoch: 
Memory allocated:  0.57861328125
Memory cached:  2.0
	 epoch  60 training error:  tensor(0.9990, device='cuda:0', grad_fn=<DivBackward0>)
Memory status after this epoch: 
Memory allocated:  0.57861328125
Memory cached:  2.0
	 epoch  70 training error:  tensor(0.9974, device='cuda:0', grad_fn=<DivBackward0>)
Memory status after this epoch: 
Memory allocated:  0.57861328125
Memory cached:  2.0
	 epoch  80 training error:  tensor(0.9958, device='cuda:0', grad_fn=<DivBackward0>)
Memory status after this epoch: 
Memory allocated:  0.57861328125
Memory cached:  2.0
	 epoch  90 training error:  tensor(0.9941, device='cuda:0', grad_fn=<DivBackward0>)
Memory status after this epoch: 
Memory allocated:  0.57861328125
Memory cached:  2.0
