[I 2023-11-08 19:46:53,096] Trial 21 finished with value: 0.04923374578356743 and parameters: {'W_layers': 4, 'W_layer_units_exponent_0': 8, 'W_layer_units_exponent_1': 5, 'W_layer_units_exponent_2': 4, 'W_layer_units_exponent_3': 5, 'D_layers': 2, 'D_layer_units_exponent_0': 7, 'D_layer_units_exponent_1': 10, 'D_dagger_layers': 7, 'D_dagger_layer_units_exponent_0': 7, 'D_dagger_layer_units_exponent_1': 9, 'D_dagger_layer_units_exponent_2': 9, 'D_dagger_layer_units_exponent_3': 9, 'D_dagger_layer_units_exponent_4': 5, 'D_dagger_layer_units_exponent_5': 6, 'D_dagger_layer_units_exponent_6': 10, 'log_learning_rate': -4.651463773801939, 'log_learning_rate_D': -3.6818475378772124, 'log_learning_rate_D_dagger': -4.452568775381483, 'training_batch_size': 10, 'training_p': 5}. Best is trial 18 with value: 0.04660462960600853.
Time for this trial:  190.3341314792633
Memory status after this trial: 
Memory allocated:  234.97802734375
Memory cached:  242.0
--------------------  Trial  22   --------------------
Start timing: 
Parameters: 
{'W_layers': 5, 'W_layer_units_exponent_0': 8, 'W_layer_units_exponent_1': 6, 'W_layer_units_exponent_2': 4, 'W_layer_units_exponent_3': 6, 'W_layer_units_exponent_4': 6, 'D_layers': 2, 'D_layer_units_exponent_0': 7, 'D_layer_units_exponent_1': 9, 'D_dagger_layers': 7, 'D_dagger_layer_units_exponent_0': 7, 'D_dagger_layer_units_exponent_1': 9, 'D_dagger_layer_units_exponent_2': 9, 'D_dagger_layer_units_exponent_3': 9, 'D_dagger_layer_units_exponent_4': 5, 'D_dagger_layer_units_exponent_5': 6, 'D_dagger_layer_units_exponent_6': 10, 'log_learning_rate': -4.48836662477735, 'log_learning_rate_D': -3.8451544951364096, 'log_learning_rate_D_dagger': -4.4439589642770185, 'training_batch_size': 11, 'training_p': 5}
	 epoch  0 training error:  tensor(0.7824, device='cuda:0', grad_fn=<DivBackward0>)
Memory status after this epoch: 
Memory allocated:  11.86572265625
Memory cached:  144.0
	 epoch  10 training error:  tensor(0.2420, device='cuda:0', grad_fn=<DivBackward0>)
Memory status after this epoch: 
Memory allocated:  11.86572265625
Memory cached:  268.0
	 epoch  20 training error:  tensor(0.1636, device='cuda:0', grad_fn=<DivBackward0>)
Memory status after this epoch: 
Memory allocated:  11.86572265625
Memory cached:  272.0
	 epoch  30 training error:  tensor(0.1141, device='cuda:0', grad_fn=<DivBackward0>)
Memory status after this epoch: 
Memory allocated:  11.86572265625
Memory cached:  242.0
	 epoch  40 training error:  tensor(0.0965, device='cuda:0', grad_fn=<DivBackward0>)
Memory status after this epoch: 
Memory allocated:  11.86572265625
Memory cached:  262.0
	 epoch  50 training error:  tensor(0.0905, device='cuda:0', grad_fn=<DivBackward0>)
Memory status after this epoch: 
Memory allocated:  11.86572265625
Memory cached:  270.0
	 epoch  60 training error:  tensor(0.0879, device='cuda:0', grad_fn=<DivBackward0>)
Memory status after this epoch: 
Memory allocated:  11.86572265625
Memory cached:  270.0
	 epoch  70 training error:  tensor(0.0840, device='cuda:0', grad_fn=<DivBackward0>)
Memory status after this epoch: 
Memory allocated:  11.86572265625
Memory cached:  248.0
	 epoch  80 training error:  tensor(0.0804, device='cuda:0', grad_fn=<DivBackward0>)
Memory status after this epoch: 
Memory allocated:  11.86572265625
Memory cached:  270.0
	 epoch  90 training error:  tensor(0.0769, device='cuda:0', grad_fn=<DivBackward0>)
Memory status after this epoch: 
Memory allocated:  11.86572265625
Memory cached:  256.0
[I 2023-11-08 19:50:08,511] Trial 22 finished with value: 0.058628082275390625 and parameters: {'W_layers': 5, 'W_layer_units_exponent_0': 8, 'W_layer_units_exponent_1': 6, 'W_layer_units_exponent_2': 4, 'W_layer_units_exponent_3': 6, 'W_layer_units_exponent_4': 6, 'D_layers': 2, 'D_layer_units_exponent_0': 7, 'D_layer_units_exponent_1': 9, 'D_dagger_layers': 7, 'D_dagger_layer_units_exponent_0': 7, 'D_dagger_layer_units_exponent_1': 9, 'D_dagger_layer_units_exponent_2': 9, 'D_dagger_layer_units_exponent_3': 9, 'D_dagger_layer_units_exponent_4': 5, 'D_dagger_layer_units_exponent_5': 6, 'D_dagger_layer_units_exponent_6': 10, 'log_learning_rate': -4.48836662477735, 'log_learning_rate_D': -3.8451544951364096, 'log_learning_rate_D_dagger': -4.4439589642770185, 'training_batch_size': 11, 'training_p': 5}. Best is trial 18 with value: 0.04660462960600853.
Time for this trial:  195.1446189880371
Memory status after this trial: 
Memory allocated:  214.33837890625
Memory cached:  222.0
--------------------  Trial  23   --------------------
Start timing: 
Parameters: 
{'W_layers': 4, 'W_layer_units_exponent_0': 7, 'W_layer_units_exponent_1': 5, 'W_layer_units_exponent_2': 5, 'W_layer_units_exponent_3': 6, 'D_layers': 3, 'D_layer_units_exponent_0': 5, 'D_layer_units_exponent_1': 10, 'D_layer_units_exponent_2': 7, 'D_dagger_layers': 8, 'D_dagger_layer_units_exponent_0': 8, 'D_dagger_layer_units_exponent_1': 10, 'D_dagger_layer_units_exponent_2': 7, 'D_dagger_layer_units_exponent_3': 10, 'D_dagger_layer_units_exponent_4': 5, 'D_dagger_layer_units_exponent_5': 6, 'D_dagger_layer_units_exponent_6': 10, 'D_dagger_layer_units_exponent_7': 9, 'log_learning_rate': -4.616570930271934, 'log_learning_rate_D': -4.176334541402434, 'log_learning_rate_D_dagger': -3.997209294784505, 'training_batch_size': 9, 'training_p': 4}
	 epoch  0 training error:  tensor(0.8220, device='cuda:0', grad_fn=<DivBackward0>)
Memory status after this epoch: 
Memory allocated:  20.37939453125
Memory cached:  142.0
	 epoch  10 training error:  tensor(0.1703, device='cuda:0', grad_fn=<DivBackward0>)
Memory status after this epoch: 
Memory allocated:  20.37939453125
Memory cached:  216.0
	 epoch  20 training error:  tensor(0.1101, device='cuda:0', grad_fn=<DivBackward0>)
Memory status after this epoch: 
Memory allocated:  20.37939453125
Memory cached:  208.0
	 epoch  30 training error:  tensor(0.0895, device='cuda:0', grad_fn=<DivBackward0>)
Memory status after this epoch: 
Memory allocated:  20.37939453125
Memory cached:  198.0
	 epoch  40 training error:  tensor(0.0837, device='cuda:0', grad_fn=<DivBackward0>)
Memory status after this epoch: 
Memory allocated:  20.37939453125
Memory cached:  202.0
	 epoch  50 training error:  tensor(0.0789, device='cuda:0', grad_fn=<DivBackward0>)
Memory status after this epoch: 
Memory allocated:  20.37939453125
Memory cached:  202.0
	 epoch  60 training error:  tensor(0.0745, device='cuda:0', grad_fn=<DivBackward0>)
Memory status after this epoch: 
Memory allocated:  20.37939453125
Memory cached:  202.0
	 epoch  70 training error:  tensor(0.0712, device='cuda:0', grad_fn=<DivBackward0>)
Memory status after this epoch: 
Memory allocated:  20.37939453125
Memory cached:  196.0
	 epoch  80 training error:  tensor(0.0676, device='cuda:0', grad_fn=<DivBackward0>)
Memory status after this epoch: 
Memory allocated:  20.37939453125
Memory cached:  198.0
	 epoch  90 training error:  tensor(0.0634, device='cuda:0', grad_fn=<DivBackward0>)
Memory status after this epoch: 
Memory allocated:  20.37939453125
Memory cached:  200.0
[I 2023-11-08 19:53:41,981] Trial 23 finished with value: 0.050447434186935425 and parameters: {'W_layers': 4, 'W_layer_units_exponent_0': 7, 'W_layer_units_exponent_1': 5, 'W_layer_units_exponent_2': 5, 'W_layer_units_exponent_3': 6, 'D_layers': 3, 'D_layer_units_exponent_0': 5, 'D_layer_units_exponent_1': 10, 'D_layer_units_exponent_2': 7, 'D_dagger_layers': 8, 'D_dagger_layer_units_exponent_0': 8, 'D_dagger_layer_units_exponent_1': 10, 'D_dagger_layer_units_exponent_2': 7, 'D_dagger_layer_units_exponent_3': 10, 'D_dagger_layer_units_exponent_4': 5, 'D_dagger_layer_units_exponent_5': 6, 'D_dagger_layer_units_exponent_6': 10, 'D_dagger_layer_units_exponent_7': 9, 'log_learning_rate': -4.616570930271934, 'log_learning_rate_D': -4.176334541402434, 'log_learning_rate_D_dagger': -3.997209294784505, 'training_batch_size': 9, 'training_p': 4}. Best is trial 18 with value: 0.04660462960600853.
Time for this trial:  213.2114770412445
Memory status after this trial: 
Memory allocated:  304.4375
Memory cached:  328.0
--------------------  Trial  24   --------------------
Start timing: 
Parameters: 
{'W_layers': 3, 'W_layer_units_exponent_0': 6, 'W_layer_units_exponent_1': 6, 'W_layer_units_exponent_2': 4, 'D_layers': 8, 'D_layer_units_exponent_0': 8, 'D_layer_units_exponent_1': 8, 'D_layer_units_exponent_2': 10, 'D_layer_units_exponent_3': 7, 'D_layer_units_exponent_4': 10, 'D_layer_units_exponent_5': 9, 'D_layer_units_exponent_6': 4, 'D_layer_units_exponent_7': 8, 'D_dagger_layers': 6, 'D_dagger_layer_units_exponent_0': 7, 'D_dagger_layer_units_exponent_1': 8, 'D_dagger_layer_units_exponent_2': 8, 'D_dagger_layer_units_exponent_3': 8, 'D_dagger_layer_units_exponent_4': 7, 'D_dagger_layer_units_exponent_5': 6, 'log_learning_rate': -4.107626839153519, 'log_learning_rate_D': -4.584542306826294, 'log_learning_rate_D_dagger': -4.5153912051943355, 'training_batch_size': 10, 'training_p': 3}
	 epoch  0 training error:  tensor(1.2624, device='cuda:0', grad_fn=<DivBackward0>)
Memory status after this epoch: 
Memory allocated:  20.61962890625
Memory cached:  176.0
	 epoch  10 training error:  tensor(0.6656, device='cuda:0', grad_fn=<DivBackward0>)
Memory status after this epoch: 
Memory allocated:  20.61962890625
Memory cached:  312.0
	 epoch  20 training error:  tensor(0.1416, device='cuda:0', grad_fn=<DivBackward0>)
Memory status after this epoch: 
Memory allocated:  20.61962890625
Memory cached:  300.0
	 epoch  30 training error:  tensor(0.1744, device='cuda:0', grad_fn=<DivBackward0>)
Memory status after this epoch: 
Memory allocated:  20.61962890625
Memory cached:  304.0
	 epoch  40 training error:  tensor(0.1256, device='cuda:0', grad_fn=<DivBackward0>)
Memory status after this epoch: 
Memory allocated:  20.61962890625
Memory cached:  306.0
	 epoch  50 training error:  tensor(0.0927, device='cuda:0', grad_fn=<DivBackward0>)
Memory status after this epoch: 
Memory allocated:  20.61962890625
Memory cached:  286.0
	 epoch  60 training error:  tensor(0.0774, device='cuda:0', grad_fn=<DivBackward0>)
Memory status after this epoch: 
Memory allocated:  20.61962890625
Memory cached:  288.0
	 epoch  70 training error:  tensor(0.0723, device='cuda:0', grad_fn=<DivBackward0>)
Memory status after this epoch: 
Memory allocated:  20.61962890625
Memory cached:  292.0
	 epoch  80 training error:  tensor(0.0698, device='cuda:0', grad_fn=<DivBackward0>)
Memory status after this epoch: 
Memory allocated:  20.61962890625
Memory cached:  294.0
	 epoch  90 training error:  tensor(0.0658, device='cuda:0', grad_fn=<DivBackward0>)
Memory status after this epoch: 
Memory allocated:  20.61962890625
Memory cached:  294.0
[I 2023-11-08 19:57:24,497] Trial 24 finished with value: 0.05830749496817589 and parameters: {'W_layers': 3, 'W_layer_units_exponent_0': 6, 'W_layer_units_exponent_1': 6, 'W_layer_units_exponent_2': 4, 'D_layers': 8, 'D_layer_units_exponent_0': 8, 'D_layer_units_exponent_1': 8, 'D_layer_units_exponent_2': 10, 'D_layer_units_exponent_3': 7, 'D_layer_units_exponent_4': 10, 'D_layer_units_exponent_5': 9, 'D_layer_units_exponent_6': 4, 'D_layer_units_exponent_7': 8, 'D_dagger_layers': 6, 'D_dagger_layer_units_exponent_0': 7, 'D_dagger_layer_units_exponent_1': 8, 'D_dagger_layer_units_exponent_2': 8, 'D_dagger_layer_units_exponent_3': 8, 'D_dagger_layer_units_exponent_4': 7, 'D_dagger_layer_units_exponent_5': 6, 'log_learning_rate': -4.107626839153519, 'log_learning_rate_D': -4.584542306826294, 'log_learning_rate_D_dagger': -4.5153912051943355, 'training_batch_size': 10, 'training_p': 3}. Best is trial 18 with value: 0.04660462960600853.
Time for this trial:  222.2324550151825
Memory status after this trial: 
Memory allocated:  260.951171875
Memory cached:  284.0
--------------------  Trial  25   --------------------
Start timing: 
Parameters: 
{'W_layers': 5, 'W_layer_units_exponent_0': 8, 'W_layer_units_exponent_1': 4, 'W_layer_units_exponent_2': 5, 'W_layer_units_exponent_3': 5, 'W_layer_units_exponent_4': 10, 'D_layers': 2, 'D_layer_units_exponent_0': 7, 'D_layer_units_exponent_1': 9, 'D_dagger_layers': 7, 'D_dagger_layer_units_exponent_0': 9, 'D_dagger_layer_units_exponent_1': 9, 'D_dagger_layer_units_exponent_2': 9, 'D_dagger_layer_units_exponent_3': 7, 'D_dagger_layer_units_exponent_4': 5, 'D_dagger_layer_units_exponent_5': 5, 'D_dagger_layer_units_exponent_6': 9, 'log_learning_rate': -4.702006806960824, 'log_learning_rate_D': -3.2567677735212808, 'log_learning_rate_D_dagger': -3.6966243721331518, 'training_batch_size': 11, 'training_p': 5}
	 epoch  0 training error:  tensor(1.0866, device='cuda:0', grad_fn=<DivBackward0>)
Memory status after this epoch: 
Memory allocated:  11.17236328125
Memory cached:  140.0
	 epoch  10 training error:  tensor(0.1446, device='cuda:0', grad_fn=<DivBackward0>)
Memory status after this epoch: 
Memory allocated:  11.17236328125
Memory cached:  274.0
	 epoch  20 training error:  tensor(0.1059, device='cuda:0', grad_fn=<DivBackward0>)
Memory status after this epoch: 
Memory allocated:  11.17236328125
Memory cached:  258.0
	 epoch  30 training error:  tensor(0.0875, device='cuda:0', grad_fn=<DivBackward0>)
Memory status after this epoch: 
Memory allocated:  11.17236328125
Memory cached:  260.0
	 epoch  40 training error:  tensor(0.0713, device='cuda:0', grad_fn=<DivBackward0>)
Memory status after this epoch: 
Memory allocated:  11.17236328125
Memory cached:  244.0
	 epoch  50 training error:  tensor(0.0597, device='cuda:0', grad_fn=<DivBackward0>)
Memory status after this epoch: 
Memory allocated:  11.17236328125
Memory cached:  252.0
	 epoch  60 training error:  tensor(0.0603, device='cuda:0', grad_fn=<DivBackward0>)
Memory status after this epoch: 
Memory allocated:  11.17236328125
Memory cached:  272.0
	 epoch  70 training error:  tensor(0.0573, device='cuda:0', grad_fn=<DivBackward0>)
Memory status after this epoch: 
Memory allocated:  11.17236328125
Memory cached:  264.0
	 epoch  80 training error:  tensor(0.0502, device='cuda:0', grad_fn=<DivBackward0>)
Memory status after this epoch: 
Memory allocated:  11.17236328125
Memory cached:  276.0
	 epoch  90 training error:  tensor(0.0500, device='cuda:0', grad_fn=<DivBackward0>)
Memory status after this epoch: 
Memory allocated:  11.17236328125
Memory cached:  268.0
[I 2023-11-08 20:00:41,541] Trial 25 finished with value: 0.042353443801403046 and parameters: {'W_layers': 5, 'W_layer_units_exponent_0': 8, 'W_layer_units_exponent_1': 4, 'W_layer_units_exponent_2': 5, 'W_layer_units_exponent_3': 5, 'W_layer_units_exponent_4': 10, 'D_layers': 2, 'D_layer_units_exponent_0': 7, 'D_layer_units_exponent_1': 9, 'D_dagger_layers': 7, 'D_dagger_layer_units_exponent_0': 9, 'D_dagger_layer_units_exponent_1': 9, 'D_dagger_layer_units_exponent_2': 9, 'D_dagger_layer_units_exponent_3': 7, 'D_dagger_layer_units_exponent_4': 5, 'D_dagger_layer_units_exponent_5': 5, 'D_dagger_layer_units_exponent_6': 9, 'log_learning_rate': -4.702006806960824, 'log_learning_rate_D': -3.2567677735212808, 'log_learning_rate_D_dagger': -3.6966243721331518, 'training_batch_size': 11, 'training_p': 5}. Best is trial 25 with value: 0.042353443801403046.
Time for this trial:  196.71836733818054
Memory status after this trial: 
Memory allocated:  232.79052734375
Memory cached:  240.0
--------------------  Trial  26   --------------------
Start timing: 
Parameters: 
{'W_layers': 5, 'W_layer_units_exponent_0': 9, 'W_layer_units_exponent_1': 4, 'W_layer_units_exponent_2': 5, 'W_layer_units_exponent_3': 4, 'W_layer_units_exponent_4': 10, 'D_layers': 4, 'D_layer_units_exponent_0': 9, 'D_layer_units_exponent_1': 9, 'D_layer_units_exponent_2': 9, 'D_layer_units_exponent_3': 4, 'D_dagger_layers': 8, 'D_dagger_layer_units_exponent_0': 9, 'D_dagger_layer_units_exponent_1': 7, 'D_dagger_layer_units_exponent_2': 7, 'D_dagger_layer_units_exponent_3': 7, 'D_dagger_layer_units_exponent_4': 6, 'D_dagger_layer_units_exponent_5': 5, 'D_dagger_layer_units_exponent_6': 9, 'D_dagger_layer_units_exponent_7': 7, 'log_learning_rate': -4.207243519830011, 'log_learning_rate_D': -3.176517788199958, 'log_learning_rate_D_dagger': -3.5245875431312697, 'training_batch_size': 11, 'training_p': 5}
	 epoch  0 training error:  tensor(0.8284, device='cuda:0', grad_fn=<DivBackward0>)
Memory status after this epoch: 
Memory allocated:  11.72119140625
Memory cached:  132.0
	 epoch  10 training error:  tensor(0.1773, device='cuda:0', grad_fn=<DivBackward0>)
Memory status after this epoch: 
Memory allocated:  11.72119140625
Memory cached:  272.0
	 epoch  20 training error:  tensor(0.1217, device='cuda:0', grad_fn=<DivBackward0>)
Memory status after this epoch: 
Memory allocated:  11.72119140625
Memory cached:  276.0
	 epoch  30 training error:  tensor(0.0949, device='cuda:0', grad_fn=<DivBackward0>)
Memory status after this epoch: 
Memory allocated:  11.72119140625
Memory cached:  278.0
	 epoch  40 training error:  tensor(0.0905, device='cuda:0', grad_fn=<DivBackward0>)
Memory status after this epoch: 
Memory allocated:  11.72119140625
Memory cached:  264.0
	 epoch  50 training error:  tensor(0.0806, device='cuda:0', grad_fn=<DivBackward0>)
Memory status after this epoch: 
Memory allocated:  11.72119140625
Memory cached:  270.0
	 epoch  60 training error:  tensor(0.0725, device='cuda:0', grad_fn=<DivBackward0>)
Memory status after this epoch: 
Memory allocated:  11.72119140625
Memory cached:  274.0
	 epoch  70 training error:  tensor(0.0635, device='cuda:0', grad_fn=<DivBackward0>)
Memory status after this epoch: 
Memory allocated:  11.72119140625
Memory cached:  264.0
	 epoch  80 training error:  tensor(0.0574, device='cuda:0', grad_fn=<DivBackward0>)
Memory status after this epoch: 
Memory allocated:  11.72119140625
Memory cached:  250.0
	 epoch  90 training error:  tensor(0.0460, device='cuda:0', grad_fn=<DivBackward0>)
Memory status after this epoch: 
Memory allocated:  11.72119140625
Memory cached:  276.0
[I 2023-11-08 20:04:24,411] Trial 26 finished with value: 0.03981129452586174 and parameters: {'W_layers': 5, 'W_layer_units_exponent_0': 9, 'W_layer_units_exponent_1': 4, 'W_layer_units_exponent_2': 5, 'W_layer_units_exponent_3': 4, 'W_layer_units_exponent_4': 10, 'D_layers': 4, 'D_layer_units_exponent_0': 9, 'D_layer_units_exponent_1': 9, 'D_layer_units_exponent_2': 9, 'D_layer_units_exponent_3': 4, 'D_dagger_layers': 8, 'D_dagger_layer_units_exponent_0': 9, 'D_dagger_layer_units_exponent_1': 7, 'D_dagger_layer_units_exponent_2': 7, 'D_dagger_layer_units_exponent_3': 7, 'D_dagger_layer_units_exponent_4': 6, 'D_dagger_layer_units_exponent_5': 5, 'D_dagger_layer_units_exponent_6': 9, 'D_dagger_layer_units_exponent_7': 7, 'log_learning_rate': -4.207243519830011, 'log_learning_rate_D': -3.176517788199958, 'log_learning_rate_D_dagger': -3.5245875431312697, 'training_batch_size': 11, 'training_p': 5}. Best is trial 26 with value: 0.03981129452586174.
Time for this trial:  222.57950448989868
Memory status after this trial: 
Memory allocated:  261.970703125
Memory cached:  268.0
--------------------  Trial  27   --------------------
Start timing: 
Parameters: 
{'W_layers': 7, 'W_layer_units_exponent_0': 9, 'W_layer_units_exponent_1': 4, 'W_layer_units_exponent_2': 5, 'W_layer_units_exponent_3': 6, 'W_layer_units_exponent_4': 10, 'W_layer_units_exponent_5': 4, 'W_layer_units_exponent_6': 10, 'D_layers': 4, 'D_layer_units_exponent_0': 9, 'D_layer_units_exponent_1': 8, 'D_layer_units_exponent_2': 9, 'D_layer_units_exponent_3': 4, 'D_dagger_layers': 8, 'D_dagger_layer_units_exponent_0': 9, 'D_dagger_layer_units_exponent_1': 5, 'D_dagger_layer_units_exponent_2': 7, 'D_dagger_layer_units_exponent_3': 7, 'D_dagger_layer_units_exponent_4': 6, 'D_dagger_layer_units_exponent_5': 5, 'D_dagger_layer_units_exponent_6': 9, 'D_dagger_layer_units_exponent_7': 7, 'log_learning_rate': -4.265517837796799, 'log_learning_rate_D': -2.8248215259783387, 'log_learning_rate_D_dagger': -3.5132428120765105, 'training_batch_size': 11, 'training_p': 5}
	 epoch  0 training error:  tensor(1.0289, device='cuda:0', grad_fn=<DivBackward0>)
Memory status after this epoch: 
Memory allocated:  8.07080078125
Memory cached:  144.0
	 epoch  10 training error:  tensor(0.2673, device='cuda:0', grad_fn=<DivBackward0>)
Memory status after this epoch: 
Memory allocated:  8.07080078125
Memory cached:  288.0
	 epoch  20 training error:  tensor(0.1028, device='cuda:0', grad_fn=<DivBackward0>)
Memory status after this epoch: 
Memory allocated:  8.07080078125
Memory cached:  290.0
	 epoch  30 training error:  tensor(0.0933, device='cuda:0', grad_fn=<DivBackward0>)
Memory status after this epoch: 
Memory allocated:  8.07080078125
Memory cached:  294.0
	 epoch  40 training error:  tensor(0.0948, device='cuda:0', grad_fn=<DivBackward0>)
Memory status after this epoch: 
Memory allocated:  8.07080078125
Memory cached:  286.0
	 epoch  50 training error:  tensor(0.0814, device='cuda:0', grad_fn=<DivBackward0>)
Memory status after this epoch: 
Memory allocated:  8.07080078125
Memory cached:  298.0
	 epoch  60 training error:  tensor(0.0637, device='cuda:0', grad_fn=<DivBackward0>)
Memory status after this epoch: 
Memory allocated:  8.07080078125
Memory cached:  288.0
	 epoch  70 training error:  tensor(0.0545, device='cuda:0', grad_fn=<DivBackward0>)
Memory status after this epoch: 
Memory allocated:  8.07080078125
Memory cached:  276.0
	 epoch  80 training error:  tensor(0.0482, device='cuda:0', grad_fn=<DivBackward0>)
Memory status after this epoch: 
Memory allocated:  8.07080078125
Memory cached:  286.0
	 epoch  90 training error:  tensor(0.0478, device='cuda:0', grad_fn=<DivBackward0>)
Memory status after this epoch: 
Memory allocated:  8.07080078125
Memory cached:  300.0
