[I 2023-11-09 18:39:04,907] Trial 3 finished with value: 0.06548232585191727 and parameters: {'W_layers': 5, 'W_layer_units_exponent_0': 4, 'W_layer_units_exponent_1': 8, 'W_layer_units_exponent_2': 8, 'W_layer_units_exponent_3': 5, 'W_layer_units_exponent_4': 7, 'D_layers': 2, 'D_layer_units_exponent_0': 7, 'D_layer_units_exponent_1': 4, 'D_dagger_layers': 5, 'D_dagger_layer_units_exponent_0': 7, 'D_dagger_layer_units_exponent_1': 9, 'D_dagger_layer_units_exponent_2': 7, 'D_dagger_layer_units_exponent_3': 10, 'D_dagger_layer_units_exponent_4': 6, 'log_learning_rate': -1.464999578024445, 'log_learning_rate_D': -4.775336408267423, 'log_learning_rate_D_dagger': -2.9588612867118056, 'training_batch_size': 7, 'training_p': 3}. Best is trial 1 with value: 0.0411861352622509.
Time for this trial:  182.36565899848938
Memory status after this trial: 
Memory allocated:  147.982421875
Memory cached:  162.0
--------------------  Trial  4   --------------------
Start timing: 
Parameters: 
{'W_layers': 3, 'W_layer_units_exponent_0': 8, 'W_layer_units_exponent_1': 4, 'W_layer_units_exponent_2': 7, 'D_layers': 2, 'D_layer_units_exponent_0': 9, 'D_layer_units_exponent_1': 6, 'D_dagger_layers': 6, 'D_dagger_layer_units_exponent_0': 4, 'D_dagger_layer_units_exponent_1': 8, 'D_dagger_layer_units_exponent_2': 6, 'D_dagger_layer_units_exponent_3': 7, 'D_dagger_layer_units_exponent_4': 5, 'D_dagger_layer_units_exponent_5': 9, 'log_learning_rate': -1.9807676278680288, 'log_learning_rate_D': -3.524591788097787, 'log_learning_rate_D_dagger': -2.500881841190638, 'training_batch_size': 7, 'training_p': 4}
	 epoch  0 training error:  tensor(1.1486, device='cuda:0', grad_fn=<DivBackward0>)
Memory status after this epoch: 
Memory allocated:  1.54052734375
Memory cached:  120.0
	 epoch  10 training error:  tensor(0.3153, device='cuda:0', grad_fn=<DivBackward0>)
Memory status after this epoch: 
Memory allocated:  1.54052734375
Memory cached:  176.0
	 epoch  20 training error:  tensor(0.1373, device='cuda:0', grad_fn=<DivBackward0>)
Memory status after this epoch: 
Memory allocated:  1.54052734375
Memory cached:  178.0
	 epoch  30 training error:  tensor(0.2127, device='cuda:0', grad_fn=<DivBackward0>)
Memory status after this epoch: 
Memory allocated:  1.54052734375
Memory cached:  184.0
	 epoch  40 training error:  tensor(0.0896, device='cuda:0', grad_fn=<DivBackward0>)
Memory status after this epoch: 
Memory allocated:  1.54052734375
Memory cached:  180.0
	 epoch  50 training error:  tensor(0.0994, device='cuda:0', grad_fn=<DivBackward0>)
Memory status after this epoch: 
Memory allocated:  1.54052734375
Memory cached:  170.0
	 epoch  60 training error:  tensor(0.1204, device='cuda:0', grad_fn=<DivBackward0>)
Memory status after this epoch: 
Memory allocated:  1.54052734375
Memory cached:  172.0
	 epoch  70 training error:  tensor(0.1052, device='cuda:0', grad_fn=<DivBackward0>)
Memory status after this epoch: 
Memory allocated:  1.54052734375
Memory cached:  172.0
	 epoch  80 training error:  tensor(0.0880, device='cuda:0', grad_fn=<DivBackward0>)
Memory status after this epoch: 
Memory allocated:  1.54052734375
Memory cached:  174.0
	 epoch  90 training error:  tensor(0.0791, device='cuda:0', grad_fn=<DivBackward0>)
Memory status after this epoch: 
Memory allocated:  1.54052734375
Memory cached:  172.0
[I 2023-11-09 18:41:48,091] Trial 4 finished with value: 0.06298188120126724 and parameters: {'W_layers': 3, 'W_layer_units_exponent_0': 8, 'W_layer_units_exponent_1': 4, 'W_layer_units_exponent_2': 7, 'D_layers': 2, 'D_layer_units_exponent_0': 9, 'D_layer_units_exponent_1': 6, 'D_dagger_layers': 6, 'D_dagger_layer_units_exponent_0': 4, 'D_dagger_layer_units_exponent_1': 8, 'D_dagger_layer_units_exponent_2': 6, 'D_dagger_layer_units_exponent_3': 7, 'D_dagger_layer_units_exponent_4': 5, 'D_dagger_layer_units_exponent_5': 9, 'log_learning_rate': -1.9807676278680288, 'log_learning_rate_D': -3.524591788097787, 'log_learning_rate_D_dagger': -2.500881841190638, 'training_batch_size': 7, 'training_p': 4}. Best is trial 1 with value: 0.0411861352622509.
Time for this trial:  162.96804881095886
Memory status after this trial: 
Memory allocated:  107.69580078125
Memory cached:  130.0
--------------------  Trial  5   --------------------
Start timing: 
Parameters: 
{'W_layers': 3, 'W_layer_units_exponent_0': 9, 'W_layer_units_exponent_1': 10, 'W_layer_units_exponent_2': 6, 'D_layers': 2, 'D_layer_units_exponent_0': 6, 'D_layer_units_exponent_1': 9, 'D_dagger_layers': 4, 'D_dagger_layer_units_exponent_0': 9, 'D_dagger_layer_units_exponent_1': 5, 'D_dagger_layer_units_exponent_2': 10, 'D_dagger_layer_units_exponent_3': 9, 'log_learning_rate': -2.874973854178889, 'log_learning_rate_D': -4.5612376208975896, 'log_learning_rate_D_dagger': -4.531650955197504, 'training_batch_size': 6, 'training_p': 8}
	 epoch  0 training error:  tensor(3.3385, device='cuda:0', grad_fn=<DivBackward0>)
Memory status after this epoch: 
Memory allocated:  18.51220703125
Memory cached:  130.0
	 epoch  10 training error:  tensor(0.6116, device='cuda:0', grad_fn=<DivBackward0>)
Memory status after this epoch: 
Memory allocated:  18.51220703125
Memory cached:  112.0
	 epoch  20 training error:  tensor(0.2259, device='cuda:0', grad_fn=<DivBackward0>)
Memory status after this epoch: 
Memory allocated:  18.51220703125
Memory cached:  112.0
	 epoch  30 training error:  tensor(0.1425, device='cuda:0', grad_fn=<DivBackward0>)
Memory status after this epoch: 
Memory allocated:  18.51220703125
Memory cached:  112.0
	 epoch  40 training error:  tensor(0.1224, device='cuda:0', grad_fn=<DivBackward0>)
Memory status after this epoch: 
Memory allocated:  18.51220703125
Memory cached:  112.0
	 epoch  50 training error:  tensor(0.1483, device='cuda:0', grad_fn=<DivBackward0>)
Memory status after this epoch: 
Memory allocated:  18.51220703125
Memory cached:  112.0
	 epoch  60 training error:  tensor(0.1227, device='cuda:0', grad_fn=<DivBackward0>)
Memory status after this epoch: 
Memory allocated:  18.51220703125
Memory cached:  112.0
	 epoch  70 training error:  tensor(0.1029, device='cuda:0', grad_fn=<DivBackward0>)
Memory status after this epoch: 
Memory allocated:  18.51220703125
Memory cached:  114.0
	 epoch  80 training error:  tensor(0.1074, device='cuda:0', grad_fn=<DivBackward0>)
Memory status after this epoch: 
Memory allocated:  18.51220703125
Memory cached:  112.0
	 epoch  90 training error:  tensor(0.1027, device='cuda:0', grad_fn=<DivBackward0>)
Memory status after this epoch: 
Memory allocated:  18.51220703125
Memory cached:  112.0
[I 2023-11-09 18:46:34,762] Trial 5 finished with value: 0.08320080488920212 and parameters: {'W_layers': 3, 'W_layer_units_exponent_0': 9, 'W_layer_units_exponent_1': 10, 'W_layer_units_exponent_2': 6, 'D_layers': 2, 'D_layer_units_exponent_0': 6, 'D_layer_units_exponent_1': 9, 'D_dagger_layers': 4, 'D_dagger_layer_units_exponent_0': 9, 'D_dagger_layer_units_exponent_1': 5, 'D_dagger_layer_units_exponent_2': 10, 'D_dagger_layer_units_exponent_3': 9, 'log_learning_rate': -2.874973854178889, 'log_learning_rate_D': -4.5612376208975896, 'log_learning_rate_D_dagger': -4.531650955197504, 'training_batch_size': 6, 'training_p': 8}. Best is trial 1 with value: 0.0411861352622509.
Time for this trial:  286.48942589759827
Memory status after this trial: 
Memory allocated:  237.21435546875
Memory cached:  252.0
--------------------  Trial  6   --------------------
Start timing: 
Parameters: 
{'W_layers': 3, 'W_layer_units_exponent_0': 5, 'W_layer_units_exponent_1': 7, 'W_layer_units_exponent_2': 10, 'D_layers': 2, 'D_layer_units_exponent_0': 8, 'D_layer_units_exponent_1': 7, 'D_dagger_layers': 7, 'D_dagger_layer_units_exponent_0': 8, 'D_dagger_layer_units_exponent_1': 8, 'D_dagger_layer_units_exponent_2': 7, 'D_dagger_layer_units_exponent_3': 7, 'D_dagger_layer_units_exponent_4': 4, 'D_dagger_layer_units_exponent_5': 4, 'D_dagger_layer_units_exponent_6': 9, 'log_learning_rate': -4.283130526034109, 'log_learning_rate_D': -2.590021748428773, 'log_learning_rate_D_dagger': -4.492594535190783, 'training_batch_size': 9, 'training_p': 4}
	 epoch  0 training error:  tensor(0.7585, device='cuda:0', grad_fn=<DivBackward0>)
Memory status after this epoch: 
Memory allocated:  4.67919921875
Memory cached:  140.0
	 epoch  10 training error:  tensor(0.2306, device='cuda:0', grad_fn=<DivBackward0>)
Memory status after this epoch: 
Memory allocated:  4.67919921875
Memory cached:  226.0
	 epoch  20 training error:  tensor(0.1304, device='cuda:0', grad_fn=<DivBackward0>)
Memory status after this epoch: 
Memory allocated:  4.67919921875
Memory cached:  226.0
	 epoch  30 training error:  tensor(0.1050, device='cuda:0', grad_fn=<DivBackward0>)
Memory status after this epoch: 
Memory allocated:  4.67919921875
Memory cached:  230.0
	 epoch  40 training error:  tensor(0.0757, device='cuda:0', grad_fn=<DivBackward0>)
Memory status after this epoch: 
Memory allocated:  4.67919921875
Memory cached:  224.0
	 epoch  50 training error:  tensor(0.0561, device='cuda:0', grad_fn=<DivBackward0>)
Memory status after this epoch: 
Memory allocated:  4.67919921875
Memory cached:  234.0
	 epoch  60 training error:  tensor(0.0563, device='cuda:0', grad_fn=<DivBackward0>)
Memory status after this epoch: 
Memory allocated:  4.67919921875
Memory cached:  224.0
	 epoch  70 training error:  tensor(0.0519, device='cuda:0', grad_fn=<DivBackward0>)
Memory status after this epoch: 
Memory allocated:  4.67919921875
Memory cached:  216.0
	 epoch  80 training error:  tensor(0.0503, device='cuda:0', grad_fn=<DivBackward0>)
Memory status after this epoch: 
Memory allocated:  4.67919921875
Memory cached:  226.0
	 epoch  90 training error:  tensor(0.0485, device='cuda:0', grad_fn=<DivBackward0>)
Memory status after this epoch: 
Memory allocated:  4.67919921875
Memory cached:  234.0
[I 2023-11-09 18:49:27,269] Trial 6 finished with value: 0.04241674020886421 and parameters: {'W_layers': 3, 'W_layer_units_exponent_0': 5, 'W_layer_units_exponent_1': 7, 'W_layer_units_exponent_2': 10, 'D_layers': 2, 'D_layer_units_exponent_0': 8, 'D_layer_units_exponent_1': 7, 'D_dagger_layers': 7, 'D_dagger_layer_units_exponent_0': 8, 'D_dagger_layer_units_exponent_1': 8, 'D_dagger_layer_units_exponent_2': 7, 'D_dagger_layer_units_exponent_3': 7, 'D_dagger_layer_units_exponent_4': 4, 'D_dagger_layer_units_exponent_5': 4, 'D_dagger_layer_units_exponent_6': 9, 'log_learning_rate': -4.283130526034109, 'log_learning_rate_D': -2.590021748428773, 'log_learning_rate_D_dagger': -4.492594535190783, 'training_batch_size': 9, 'training_p': 4}. Best is trial 1 with value: 0.0411861352622509.
Time for this trial:  172.36006784439087
Memory status after this trial: 
Memory allocated:  157.21923828125
Memory cached:  178.0
--------------------  Trial  7   --------------------
Start timing: 
Parameters: 
{'W_layers': 7, 'W_layer_units_exponent_0': 8, 'W_layer_units_exponent_1': 10, 'W_layer_units_exponent_2': 10, 'W_layer_units_exponent_3': 5, 'W_layer_units_exponent_4': 6, 'W_layer_units_exponent_5': 9, 'W_layer_units_exponent_6': 7, 'D_layers': 7, 'D_layer_units_exponent_0': 5, 'D_layer_units_exponent_1': 10, 'D_layer_units_exponent_2': 6, 'D_layer_units_exponent_3': 7, 'D_layer_units_exponent_4': 9, 'D_layer_units_exponent_5': 6, 'D_layer_units_exponent_6': 4, 'D_dagger_layers': 2, 'D_dagger_layer_units_exponent_0': 10, 'D_dagger_layer_units_exponent_1': 8, 'log_learning_rate': -2.2088655300183286, 'log_learning_rate_D': -1.903619106844562, 'log_learning_rate_D_dagger': -3.9789064181511007, 'training_batch_size': 10, 'training_p': 7}
	 epoch  0 training error:  tensor(2.6086, device='cuda:0', grad_fn=<DivBackward0>)
Memory status after this epoch: 
Memory allocated:  29.42919921875
Memory cached:  154.0
	 epoch  10 training error:  tensor(0.8362, device='cuda:0', grad_fn=<DivBackward0>)
Memory status after this epoch: 
Memory allocated:  29.42919921875
Memory cached:  288.0
	 epoch  20 training error:  tensor(1.0510, device='cuda:0', grad_fn=<DivBackward0>)
Memory status after this epoch: 
Memory allocated:  29.42919921875
Memory cached:  288.0
	 epoch  30 training error:  tensor(0.4686, device='cuda:0', grad_fn=<DivBackward0>)
Memory status after this epoch: 
Memory allocated:  29.42919921875
Memory cached:  282.0
	 epoch  40 training error:  tensor(0.3213, device='cuda:0', grad_fn=<DivBackward0>)
Memory status after this epoch: 
Memory allocated:  29.42919921875
Memory cached:  292.0
	 epoch  50 training error:  tensor(0.2181, device='cuda:0', grad_fn=<DivBackward0>)
Memory status after this epoch: 
Memory allocated:  29.42919921875
Memory cached:  292.0
	 epoch  60 training error:  tensor(0.1285, device='cuda:0', grad_fn=<DivBackward0>)
Memory status after this epoch: 
Memory allocated:  29.42919921875
Memory cached:  280.0
	 epoch  70 training error:  tensor(0.1305, device='cuda:0', grad_fn=<DivBackward0>)
Memory status after this epoch: 
Memory allocated:  29.42919921875
Memory cached:  288.0
	 epoch  80 training error:  tensor(0.1156, device='cuda:0', grad_fn=<DivBackward0>)
Memory status after this epoch: 
Memory allocated:  29.42919921875
Memory cached:  284.0
	 epoch  90 training error:  tensor(0.1010, device='cuda:0', grad_fn=<DivBackward0>)
Memory status after this epoch: 
Memory allocated:  29.42919921875
Memory cached:  276.0
[I 2023-11-09 18:53:15,200] Trial 7 finished with value: 0.0626620352268219 and parameters: {'W_layers': 7, 'W_layer_units_exponent_0': 8, 'W_layer_units_exponent_1': 10, 'W_layer_units_exponent_2': 10, 'W_layer_units_exponent_3': 5, 'W_layer_units_exponent_4': 6, 'W_layer_units_exponent_5': 9, 'W_layer_units_exponent_6': 7, 'D_layers': 7, 'D_layer_units_exponent_0': 5, 'D_layer_units_exponent_1': 10, 'D_layer_units_exponent_2': 6, 'D_layer_units_exponent_3': 7, 'D_layer_units_exponent_4': 9, 'D_layer_units_exponent_5': 6, 'D_layer_units_exponent_6': 4, 'D_dagger_layers': 2, 'D_dagger_layer_units_exponent_0': 10, 'D_dagger_layer_units_exponent_1': 8, 'log_learning_rate': -2.2088655300183286, 'log_learning_rate_D': -1.903619106844562, 'log_learning_rate_D_dagger': -3.9789064181511007, 'training_batch_size': 10, 'training_p': 7}. Best is trial 1 with value: 0.0411861352622509.
Time for this trial:  227.75621247291565
Memory status after this trial: 
Memory allocated:  343.81494140625
Memory cached:  364.0
--------------------  Trial  8   --------------------
Start timing: 
Parameters: 
{'W_layers': 4, 'W_layer_units_exponent_0': 6, 'W_layer_units_exponent_1': 10, 'W_layer_units_exponent_2': 5, 'W_layer_units_exponent_3': 4, 'D_layers': 5, 'D_layer_units_exponent_0': 10, 'D_layer_units_exponent_1': 6, 'D_layer_units_exponent_2': 9, 'D_layer_units_exponent_3': 5, 'D_layer_units_exponent_4': 8, 'D_dagger_layers': 8, 'D_dagger_layer_units_exponent_0': 8, 'D_dagger_layer_units_exponent_1': 5, 'D_dagger_layer_units_exponent_2': 5, 'D_dagger_layer_units_exponent_3': 6, 'D_dagger_layer_units_exponent_4': 8, 'D_dagger_layer_units_exponent_5': 8, 'D_dagger_layer_units_exponent_6': 9, 'D_dagger_layer_units_exponent_7': 7, 'log_learning_rate': -2.855603932561522, 'log_learning_rate_D': -3.899155283592799, 'log_learning_rate_D_dagger': -4.99056045730327, 'training_batch_size': 6, 'training_p': 2}
	 epoch  0 training error:  tensor(1.0598, device='cuda:0', grad_fn=<DivBackward0>)
Memory status after this epoch: 
Memory allocated:  8.07470703125
Memory cached:  128.0
	 epoch  10 training error:  tensor(0.1614, device='cuda:0', grad_fn=<DivBackward0>)
Memory status after this epoch: 
Memory allocated:  8.07470703125
Memory cached:  138.0
	 epoch  20 training error:  tensor(0.1235, device='cuda:0', grad_fn=<DivBackward0>)
Memory status after this epoch: 
Memory allocated:  8.07470703125
Memory cached:  156.0
	 epoch  30 training error:  tensor(0.0917, device='cuda:0', grad_fn=<DivBackward0>)
Memory status after this epoch: 
Memory allocated:  8.07470703125
Memory cached:  140.0
	 epoch  40 training error:  tensor(0.0777, device='cuda:0', grad_fn=<DivBackward0>)
Memory status after this epoch: 
Memory allocated:  8.07470703125
Memory cached:  154.0
	 epoch  50 training error:  tensor(0.0631, device='cuda:0', grad_fn=<DivBackward0>)
Memory status after this epoch: 
Memory allocated:  8.07470703125
Memory cached:  148.0
	 epoch  60 training error:  tensor(0.0560, device='cuda:0', grad_fn=<DivBackward0>)
Memory status after this epoch: 
Memory allocated:  8.07470703125
Memory cached:  150.0
	 epoch  70 training error:  tensor(0.0612, device='cuda:0', grad_fn=<DivBackward0>)
Memory status after this epoch: 
Memory allocated:  8.07470703125
Memory cached:  146.0
	 epoch  80 training error:  tensor(0.0574, device='cuda:0', grad_fn=<DivBackward0>)
Memory status after this epoch: 
Memory allocated:  8.07470703125
Memory cached:  142.0
	 epoch  90 training error:  tensor(0.0480, device='cuda:0', grad_fn=<DivBackward0>)
Memory status after this epoch: 
Memory allocated:  8.07470703125
Memory cached:  142.0
[I 2023-11-09 19:00:03,557] Trial 8 finished with value: 0.06464670598506927 and parameters: {'W_layers': 4, 'W_layer_units_exponent_0': 6, 'W_layer_units_exponent_1': 10, 'W_layer_units_exponent_2': 5, 'W_layer_units_exponent_3': 4, 'D_layers': 5, 'D_layer_units_exponent_0': 10, 'D_layer_units_exponent_1': 6, 'D_layer_units_exponent_2': 9, 'D_layer_units_exponent_3': 5, 'D_layer_units_exponent_4': 8, 'D_dagger_layers': 8, 'D_dagger_layer_units_exponent_0': 8, 'D_dagger_layer_units_exponent_1': 5, 'D_dagger_layer_units_exponent_2': 5, 'D_dagger_layer_units_exponent_3': 6, 'D_dagger_layer_units_exponent_4': 8, 'D_dagger_layer_units_exponent_5': 8, 'D_dagger_layer_units_exponent_6': 9, 'D_dagger_layer_units_exponent_7': 7, 'log_learning_rate': -2.855603932561522, 'log_learning_rate_D': -3.899155283592799, 'log_learning_rate_D_dagger': -4.99056045730327, 'training_batch_size': 6, 'training_p': 2}. Best is trial 1 with value: 0.0411861352622509.
Time for this trial:  408.1586723327637
Memory status after this trial: 
Memory allocated:  247.701171875
Memory cached:  252.0
--------------------  Trial  9   --------------------
Start timing: 
Parameters: 
{'W_layers': 6, 'W_layer_units_exponent_0': 9, 'W_layer_units_exponent_1': 4, 'W_layer_units_exponent_2': 7, 'W_layer_units_exponent_3': 4, 'W_layer_units_exponent_4': 4, 'W_layer_units_exponent_5': 10, 'D_layers': 3, 'D_layer_units_exponent_0': 8, 'D_layer_units_exponent_1': 8, 'D_layer_units_exponent_2': 5, 'D_dagger_layers': 5, 'D_dagger_layer_units_exponent_0': 7, 'D_dagger_layer_units_exponent_1': 4, 'D_dagger_layer_units_exponent_2': 9, 'D_dagger_layer_units_exponent_3': 8, 'D_dagger_layer_units_exponent_4': 6, 'log_learning_rate': -2.2974108034085057, 'log_learning_rate_D': -2.0872450604288124, 'log_learning_rate_D_dagger': -3.4721671910457315, 'training_batch_size': 6, 'training_p': 2}
	 epoch  0 training error:  tensor(0.9940, device='cuda:0', grad_fn=<DivBackward0>)
Memory status after this epoch: 
Memory allocated:  4.22705078125
Memory cached:  124.0
	 epoch  10 training error:  tensor(0.1763, device='cuda:0', grad_fn=<DivBackward0>)
Memory status after this epoch: 
Memory allocated:  4.22705078125
Memory cached:  146.0
	 epoch  20 training error:  tensor(0.0780, device='cuda:0', grad_fn=<DivBackward0>)
Memory status after this epoch: 
Memory allocated:  4.22705078125
Memory cached:  148.0
	 epoch  30 training error:  tensor(0.0816, device='cuda:0', grad_fn=<DivBackward0>)
Memory status after this epoch: 
Memory allocated:  4.22705078125
Memory cached:  152.0
	 epoch  40 training error:  tensor(0.0517, device='cuda:0', grad_fn=<DivBackward0>)
Memory status after this epoch: 
Memory allocated:  4.22705078125
Memory cached:  144.0
	 epoch  50 training error:  tensor(0.0882, device='cuda:0', grad_fn=<DivBackward0>)
Memory status after this epoch: 
Memory allocated:  4.22705078125
Memory cached:  134.0
	 epoch  60 training error:  tensor(0.0514, device='cuda:0', grad_fn=<DivBackward0>)
Memory status after this epoch: 
Memory allocated:  4.22705078125
Memory cached:  144.0
	 epoch  70 training error:  tensor(0.0398, device='cuda:0', grad_fn=<DivBackward0>)
Memory status after this epoch: 
Memory allocated:  4.22705078125
Memory cached:  142.0
	 epoch  80 training error:  tensor(0.0522, device='cuda:0', grad_fn=<DivBackward0>)
Memory status after this epoch: 
Memory allocated:  4.22705078125
Memory cached:  144.0
	 epoch  90 training error:  tensor(0.0435, device='cuda:0', grad_fn=<DivBackward0>)
Memory status after this epoch: 
Memory allocated:  4.22705078125
Memory cached:  150.0
