[I 2023-11-08 22:49:40,478] Trial 20 finished with value: 0.06880910694599152 and parameters: {'W_layers': 5, 'W_layer_units_exponent_0': 5, 'W_layer_units_exponent_1': 9, 'W_layer_units_exponent_2': 5, 'W_layer_units_exponent_3': 9, 'W_layer_units_exponent_4': 9, 'D_layers': 5, 'D_layer_units_exponent_0': 7, 'D_layer_units_exponent_1': 7, 'D_layer_units_exponent_2': 6, 'D_layer_units_exponent_3': 8, 'D_layer_units_exponent_4': 9, 'D_dagger_layers': 4, 'D_dagger_layer_units_exponent_0': 10, 'D_dagger_layer_units_exponent_1': 8, 'D_dagger_layer_units_exponent_2': 6, 'D_dagger_layer_units_exponent_3': 7, 'log_learning_rate': -3.6611772828879943, 'log_learning_rate_D': -1.1162223745634998, 'log_learning_rate_D_dagger': -3.7959165001265314, 'training_batch_size': 8, 'training_p': 7}. Best is trial 11 with value: 0.03467920050024986.
Time for this trial:  199.84249711036682
Memory status after this trial: 
Memory allocated:  228.61767578125
Memory cached:  236.0
--------------------  Trial  21   --------------------
Start timing: 
Parameters: 
{'W_layers': 2, 'W_layer_units_exponent_0': 5, 'W_layer_units_exponent_1': 6, 'D_layers': 6, 'D_layer_units_exponent_0': 6, 'D_layer_units_exponent_1': 6, 'D_layer_units_exponent_2': 8, 'D_layer_units_exponent_3': 5, 'D_layer_units_exponent_4': 8, 'D_layer_units_exponent_5': 7, 'D_dagger_layers': 3, 'D_dagger_layer_units_exponent_0': 8, 'D_dagger_layer_units_exponent_1': 5, 'D_dagger_layer_units_exponent_2': 5, 'log_learning_rate': -2.272477256896407, 'log_learning_rate_D': -2.9090760372169644, 'log_learning_rate_D_dagger': -3.6246167259886124, 'training_batch_size': 8, 'training_p': 8}
	 epoch  0 training error:  tensor(1.8919, device='cuda:0', grad_fn=<DivBackward0>)
Memory status after this epoch: 
Memory allocated:  1.40673828125
Memory cached:  92.0
	 epoch  10 training error:  tensor(0.1394, device='cuda:0', grad_fn=<DivBackward0>)
Memory status after this epoch: 
Memory allocated:  1.40673828125
Memory cached:  108.0
	 epoch  20 training error:  tensor(0.1351, device='cuda:0', grad_fn=<DivBackward0>)
Memory status after this epoch: 
Memory allocated:  1.40673828125
Memory cached:  120.0
	 epoch  30 training error:  tensor(0.1224, device='cuda:0', grad_fn=<DivBackward0>)
Memory status after this epoch: 
Memory allocated:  1.40673828125
Memory cached:  114.0
	 epoch  40 training error:  tensor(0.1087, device='cuda:0', grad_fn=<DivBackward0>)
Memory status after this epoch: 
Memory allocated:  1.40673828125
Memory cached:  110.0
	 epoch  50 training error:  tensor(0.0788, device='cuda:0', grad_fn=<DivBackward0>)
Memory status after this epoch: 
Memory allocated:  1.40673828125
Memory cached:  118.0
	 epoch  60 training error:  tensor(0.0780, device='cuda:0', grad_fn=<DivBackward0>)
Memory status after this epoch: 
Memory allocated:  1.40673828125
Memory cached:  124.0
	 epoch  70 training error:  tensor(0.0758, device='cuda:0', grad_fn=<DivBackward0>)
Memory status after this epoch: 
Memory allocated:  1.40673828125
Memory cached:  118.0
	 epoch  80 training error:  tensor(0.0786, device='cuda:0', grad_fn=<DivBackward0>)
Memory status after this epoch: 
Memory allocated:  1.40673828125
Memory cached:  126.0
	 epoch  90 training error:  tensor(0.0735, device='cuda:0', grad_fn=<DivBackward0>)
Memory status after this epoch: 
Memory allocated:  1.40673828125
Memory cached:  120.0
[I 2023-11-08 22:52:17,914] Trial 21 finished with value: 0.060418665409088135 and parameters: {'W_layers': 2, 'W_layer_units_exponent_0': 5, 'W_layer_units_exponent_1': 6, 'D_layers': 6, 'D_layer_units_exponent_0': 6, 'D_layer_units_exponent_1': 6, 'D_layer_units_exponent_2': 8, 'D_layer_units_exponent_3': 5, 'D_layer_units_exponent_4': 8, 'D_layer_units_exponent_5': 7, 'D_dagger_layers': 3, 'D_dagger_layer_units_exponent_0': 8, 'D_dagger_layer_units_exponent_1': 5, 'D_dagger_layer_units_exponent_2': 5, 'log_learning_rate': -2.272477256896407, 'log_learning_rate_D': -2.9090760372169644, 'log_learning_rate_D_dagger': -3.6246167259886124, 'training_batch_size': 8, 'training_p': 8}. Best is trial 11 with value: 0.03467920050024986.
Time for this trial:  157.19554257392883
Memory status after this trial: 
Memory allocated:  66.2509765625
Memory cached:  98.0
--------------------  Trial  22   --------------------
Start timing: 
Parameters: 
{'W_layers': 3, 'W_layer_units_exponent_0': 4, 'W_layer_units_exponent_1': 6, 'W_layer_units_exponent_2': 6, 'D_layers': 5, 'D_layer_units_exponent_0': 5, 'D_layer_units_exponent_1': 5, 'D_layer_units_exponent_2': 4, 'D_layer_units_exponent_3': 4, 'D_layer_units_exponent_4': 5, 'D_dagger_layers': 2, 'D_dagger_layer_units_exponent_0': 9, 'D_dagger_layer_units_exponent_1': 4, 'log_learning_rate': -3.042761846119725, 'log_learning_rate_D': -3.2980187182193372, 'log_learning_rate_D_dagger': -3.2403254007004163, 'training_batch_size': 8, 'training_p': 7}
	 epoch  0 training error:  tensor(1.2868, device='cuda:0', grad_fn=<DivBackward0>)
Memory status after this epoch: 
Memory allocated:  0.40673828125
Memory cached:  80.0
	 epoch  10 training error:  tensor(0.1071, device='cuda:0', grad_fn=<DivBackward0>)
Memory status after this epoch: 
Memory allocated:  0.40673828125
Memory cached:  86.0
	 epoch  20 training error:  tensor(0.3665, device='cuda:0', grad_fn=<DivBackward0>)
Memory status after this epoch: 
Memory allocated:  0.40673828125
Memory cached:  84.0
	 epoch  30 training error:  tensor(0.1714, device='cuda:0', grad_fn=<DivBackward0>)
Memory status after this epoch: 
Memory allocated:  0.40673828125
Memory cached:  90.0
	 epoch  40 training error:  tensor(0.2216, device='cuda:0', grad_fn=<DivBackward0>)
Memory status after this epoch: 
Memory allocated:  0.40673828125
Memory cached:  82.0
	 epoch  50 training error:  tensor(0.1977, device='cuda:0', grad_fn=<DivBackward0>)
Memory status after this epoch: 
Memory allocated:  0.40673828125
Memory cached:  86.0
	 epoch  60 training error:  tensor(0.1473, device='cuda:0', grad_fn=<DivBackward0>)
Memory status after this epoch: 
Memory allocated:  0.40673828125
Memory cached:  86.0
	 epoch  70 training error:  tensor(0.1623, device='cuda:0', grad_fn=<DivBackward0>)
Memory status after this epoch: 
Memory allocated:  0.40673828125
Memory cached:  82.0
	 epoch  80 training error:  tensor(0.1616, device='cuda:0', grad_fn=<DivBackward0>)
Memory status after this epoch: 
Memory allocated:  0.40673828125
Memory cached:  86.0
	 epoch  90 training error:  tensor(0.0767, device='cuda:0', grad_fn=<DivBackward0>)
Memory status after this epoch: 
Memory allocated:  0.40673828125
Memory cached:  88.0
[I 2023-11-08 22:54:45,357] Trial 22 finished with value: 0.1311679184436798 and parameters: {'W_layers': 3, 'W_layer_units_exponent_0': 4, 'W_layer_units_exponent_1': 6, 'W_layer_units_exponent_2': 6, 'D_layers': 5, 'D_layer_units_exponent_0': 5, 'D_layer_units_exponent_1': 5, 'D_layer_units_exponent_2': 4, 'D_layer_units_exponent_3': 4, 'D_layer_units_exponent_4': 5, 'D_dagger_layers': 2, 'D_dagger_layer_units_exponent_0': 9, 'D_dagger_layer_units_exponent_1': 4, 'log_learning_rate': -3.042761846119725, 'log_learning_rate_D': -3.2980187182193372, 'log_learning_rate_D_dagger': -3.2403254007004163, 'training_batch_size': 8, 'training_p': 7}. Best is trial 11 with value: 0.03467920050024986.
Time for this trial:  147.18129301071167
Memory status after this trial: 
Memory allocated:  44.5732421875
Memory cached:  78.0
--------------------  Trial  23   --------------------
Start timing: 
Parameters: 
{'W_layers': 2, 'W_layer_units_exponent_0': 5, 'W_layer_units_exponent_1': 5, 'D_layers': 5, 'D_layer_units_exponent_0': 7, 'D_layer_units_exponent_1': 6, 'D_layer_units_exponent_2': 5, 'D_layer_units_exponent_3': 5, 'D_layer_units_exponent_4': 4, 'D_dagger_layers': 3, 'D_dagger_layer_units_exponent_0': 8, 'D_dagger_layer_units_exponent_1': 5, 'D_dagger_layer_units_exponent_2': 4, 'log_learning_rate': -3.3972957547823897, 'log_learning_rate_D': -2.8267725578077965, 'log_learning_rate_D_dagger': -3.529853255728408, 'training_batch_size': 10, 'training_p': 8}
	 epoch  0 training error:  tensor(0.3730, device='cuda:0', grad_fn=<DivBackward0>)
Memory status after this epoch: 
Memory allocated:  0.50244140625
Memory cached:  62.0
	 epoch  10 training error:  tensor(0.1216, device='cuda:0', grad_fn=<DivBackward0>)
Memory status after this epoch: 
Memory allocated:  0.50244140625
Memory cached:  72.0
	 epoch  20 training error:  tensor(0.0662, device='cuda:0', grad_fn=<DivBackward0>)
Memory status after this epoch: 
Memory allocated:  0.50244140625
Memory cached:  70.0
	 epoch  30 training error:  tensor(0.0692, device='cuda:0', grad_fn=<DivBackward0>)
Memory status after this epoch: 
Memory allocated:  0.50244140625
Memory cached:  68.0
	 epoch  40 training error:  tensor(0.0826, device='cuda:0', grad_fn=<DivBackward0>)
Memory status after this epoch: 
Memory allocated:  0.50244140625
Memory cached:  68.0
	 epoch  50 training error:  tensor(0.0490, device='cuda:0', grad_fn=<DivBackward0>)
Memory status after this epoch: 
Memory allocated:  0.50244140625
Memory cached:  64.0
	 epoch  60 training error:  tensor(0.0632, device='cuda:0', grad_fn=<DivBackward0>)
Memory status after this epoch: 
Memory allocated:  0.50244140625
Memory cached:  70.0
	 epoch  70 training error:  tensor(0.0464, device='cuda:0', grad_fn=<DivBackward0>)
Memory status after this epoch: 
Memory allocated:  0.50244140625
Memory cached:  68.0
	 epoch  80 training error:  tensor(0.0439, device='cuda:0', grad_fn=<DivBackward0>)
Memory status after this epoch: 
Memory allocated:  0.50244140625
Memory cached:  68.0
	 epoch  90 training error:  tensor(0.1056, device='cuda:0', grad_fn=<DivBackward0>)
Memory status after this epoch: 
Memory allocated:  0.50244140625
Memory cached:  74.0
[I 2023-11-08 22:57:11,735] Trial 23 finished with value: 0.041044000536203384 and parameters: {'W_layers': 2, 'W_layer_units_exponent_0': 5, 'W_layer_units_exponent_1': 5, 'D_layers': 5, 'D_layer_units_exponent_0': 7, 'D_layer_units_exponent_1': 6, 'D_layer_units_exponent_2': 5, 'D_layer_units_exponent_3': 5, 'D_layer_units_exponent_4': 4, 'D_dagger_layers': 3, 'D_dagger_layer_units_exponent_0': 8, 'D_dagger_layer_units_exponent_1': 5, 'D_dagger_layer_units_exponent_2': 4, 'log_learning_rate': -3.3972957547823897, 'log_learning_rate_D': -2.8267725578077965, 'log_learning_rate_D_dagger': -3.529853255728408, 'training_batch_size': 10, 'training_p': 8}. Best is trial 11 with value: 0.03467920050024986.
Time for this trial:  146.15337657928467
Memory status after this trial: 
Memory allocated:  35.6591796875
Memory cached:  66.0
--------------------  Trial  24   --------------------
Start timing: 
Parameters: 
{'W_layers': 4, 'W_layer_units_exponent_0': 6, 'W_layer_units_exponent_1': 5, 'W_layer_units_exponent_2': 4, 'W_layer_units_exponent_3': 9, 'D_layers': 4, 'D_layer_units_exponent_0': 7, 'D_layer_units_exponent_1': 7, 'D_layer_units_exponent_2': 5, 'D_layer_units_exponent_3': 7, 'D_dagger_layers': 3, 'D_dagger_layer_units_exponent_0': 9, 'D_dagger_layer_units_exponent_1': 7, 'D_dagger_layer_units_exponent_2': 4, 'log_learning_rate': -3.3981527386538515, 'log_learning_rate_D': -2.7787978716128805, 'log_learning_rate_D_dagger': -3.68420861009311, 'training_batch_size': 10, 'training_p': 6}
	 epoch  0 training error:  tensor(2.4334, device='cuda:0', grad_fn=<DivBackward0>)
Memory status after this epoch: 
Memory allocated:  1.77001953125
Memory cached:  116.0
	 epoch  10 training error:  tensor(0.5365, device='cuda:0', grad_fn=<DivBackward0>)
Memory status after this epoch: 
Memory allocated:  1.77001953125
Memory cached:  180.0
	 epoch  20 training error:  tensor(0.2449, device='cuda:0', grad_fn=<DivBackward0>)
Memory status after this epoch: 
Memory allocated:  1.77001953125
Memory cached:  180.0
	 epoch  30 training error:  tensor(0.1654, device='cuda:0', grad_fn=<DivBackward0>)
Memory status after this epoch: 
Memory allocated:  1.77001953125
Memory cached:  178.0
	 epoch  40 training error:  tensor(0.1058, device='cuda:0', grad_fn=<DivBackward0>)
Memory status after this epoch: 
Memory allocated:  1.77001953125
Memory cached:  170.0
	 epoch  50 training error:  tensor(0.0836, device='cuda:0', grad_fn=<DivBackward0>)
Memory status after this epoch: 
Memory allocated:  1.77001953125
Memory cached:  176.0
	 epoch  60 training error:  tensor(0.0716, device='cuda:0', grad_fn=<DivBackward0>)
Memory status after this epoch: 
Memory allocated:  1.77001953125
Memory cached:  172.0
	 epoch  70 training error:  tensor(0.0684, device='cuda:0', grad_fn=<DivBackward0>)
Memory status after this epoch: 
Memory allocated:  1.77001953125
Memory cached:  174.0
	 epoch  80 training error:  tensor(0.0685, device='cuda:0', grad_fn=<DivBackward0>)
Memory status after this epoch: 
Memory allocated:  1.77001953125
Memory cached:  176.0
	 epoch  90 training error:  tensor(0.0612, device='cuda:0', grad_fn=<DivBackward0>)
Memory status after this epoch: 
Memory allocated:  1.77001953125
Memory cached:  168.0
[I 2023-11-08 22:59:49,538] Trial 24 finished with value: 0.05144690349698067 and parameters: {'W_layers': 4, 'W_layer_units_exponent_0': 6, 'W_layer_units_exponent_1': 5, 'W_layer_units_exponent_2': 4, 'W_layer_units_exponent_3': 9, 'D_layers': 4, 'D_layer_units_exponent_0': 7, 'D_layer_units_exponent_1': 7, 'D_layer_units_exponent_2': 5, 'D_layer_units_exponent_3': 7, 'D_dagger_layers': 3, 'D_dagger_layer_units_exponent_0': 9, 'D_dagger_layer_units_exponent_1': 7, 'D_dagger_layer_units_exponent_2': 4, 'log_learning_rate': -3.3981527386538515, 'log_learning_rate_D': -2.7787978716128805, 'log_learning_rate_D_dagger': -3.68420861009311, 'training_batch_size': 10, 'training_p': 6}. Best is trial 11 with value: 0.03467920050024986.
Time for this trial:  157.56242108345032
Memory status after this trial: 
Memory allocated:  92.6142578125
Memory cached:  134.0
--------------------  Trial  25   --------------------
Start timing: 
Parameters: 
{'W_layers': 7, 'W_layer_units_exponent_0': 4, 'W_layer_units_exponent_1': 4, 'W_layer_units_exponent_2': 7, 'W_layer_units_exponent_3': 8, 'W_layer_units_exponent_4': 6, 'W_layer_units_exponent_5': 4, 'W_layer_units_exponent_6': 7, 'D_layers': 6, 'D_layer_units_exponent_0': 8, 'D_layer_units_exponent_1': 5, 'D_layer_units_exponent_2': 4, 'D_layer_units_exponent_3': 5, 'D_layer_units_exponent_4': 8, 'D_layer_units_exponent_5': 4, 'D_dagger_layers': 4, 'D_dagger_layer_units_exponent_0': 8, 'D_dagger_layer_units_exponent_1': 5, 'D_dagger_layer_units_exponent_2': 4, 'D_dagger_layer_units_exponent_3': 9, 'log_learning_rate': -4.171943152554991, 'log_learning_rate_D': -2.8329778301321946, 'log_learning_rate_D_dagger': -3.118844463134888, 'training_batch_size': 11, 'training_p': 5}
	 epoch  0 training error:  tensor(1.3759, device='cuda:0', grad_fn=<DivBackward0>)
Memory status after this epoch: 
Memory allocated:  1.63720703125
Memory cached:  100.0
	 epoch  10 training error:  tensor(0.2314, device='cuda:0', grad_fn=<DivBackward0>)
Memory status after this epoch: 
Memory allocated:  1.63720703125
Memory cached:  166.0
	 epoch  20 training error:  tensor(0.1683, device='cuda:0', grad_fn=<DivBackward0>)
Memory status after this epoch: 
Memory allocated:  1.63720703125
Memory cached:  184.0
	 epoch  30 training error:  tensor(0.1151, device='cuda:0', grad_fn=<DivBackward0>)
Memory status after this epoch: 
Memory allocated:  1.63720703125
Memory cached:  168.0
	 epoch  40 training error:  tensor(0.0924, device='cuda:0', grad_fn=<DivBackward0>)
Memory status after this epoch: 
Memory allocated:  1.63720703125
Memory cached:  166.0
	 epoch  50 training error:  tensor(0.0831, device='cuda:0', grad_fn=<DivBackward0>)
Memory status after this epoch: 
Memory allocated:  1.63720703125
Memory cached:  172.0
	 epoch  60 training error:  tensor(0.0724, device='cuda:0', grad_fn=<DivBackward0>)
Memory status after this epoch: 
Memory allocated:  1.63720703125
Memory cached:  184.0
	 epoch  70 training error:  tensor(0.0619, device='cuda:0', grad_fn=<DivBackward0>)
Memory status after this epoch: 
Memory allocated:  1.63720703125
Memory cached:  166.0
	 epoch  80 training error:  tensor(0.0499, device='cuda:0', grad_fn=<DivBackward0>)
Memory status after this epoch: 
Memory allocated:  1.63720703125
Memory cached:  168.0
	 epoch  90 training error:  tensor(0.0487, device='cuda:0', grad_fn=<DivBackward0>)
Memory status after this epoch: 
Memory allocated:  1.63720703125
Memory cached:  168.0
[I 2023-11-08 23:03:16,544] Trial 25 finished with value: 0.03582331910729408 and parameters: {'W_layers': 7, 'W_layer_units_exponent_0': 4, 'W_layer_units_exponent_1': 4, 'W_layer_units_exponent_2': 7, 'W_layer_units_exponent_3': 8, 'W_layer_units_exponent_4': 6, 'W_layer_units_exponent_5': 4, 'W_layer_units_exponent_6': 7, 'D_layers': 6, 'D_layer_units_exponent_0': 8, 'D_layer_units_exponent_1': 5, 'D_layer_units_exponent_2': 4, 'D_layer_units_exponent_3': 5, 'D_layer_units_exponent_4': 8, 'D_layer_units_exponent_5': 4, 'D_dagger_layers': 4, 'D_dagger_layer_units_exponent_0': 8, 'D_dagger_layer_units_exponent_1': 5, 'D_dagger_layer_units_exponent_2': 4, 'D_dagger_layer_units_exponent_3': 9, 'log_learning_rate': -4.171943152554991, 'log_learning_rate_D': -2.8329778301321946, 'log_learning_rate_D_dagger': -3.118844463134888, 'training_batch_size': 11, 'training_p': 5}. Best is trial 11 with value: 0.03467920050024986.
Time for this trial:  206.72612309455872
Memory status after this trial: 
Memory allocated:  111.92431640625
Memory cached:  134.0
--------------------  Trial  26   --------------------
Start timing: 
Parameters: 
{'W_layers': 7, 'W_layer_units_exponent_0': 4, 'W_layer_units_exponent_1': 4, 'W_layer_units_exponent_2': 7, 'W_layer_units_exponent_3': 8, 'W_layer_units_exponent_4': 6, 'W_layer_units_exponent_5': 4, 'W_layer_units_exponent_6': 7, 'D_layers': 8, 'D_layer_units_exponent_0': 9, 'D_layer_units_exponent_1': 5, 'D_layer_units_exponent_2': 5, 'D_layer_units_exponent_3': 6, 'D_layer_units_exponent_4': 6, 'D_layer_units_exponent_5': 4, 'D_layer_units_exponent_6': 7, 'D_layer_units_exponent_7': 4, 'D_dagger_layers': 5, 'D_dagger_layer_units_exponent_0': 8, 'D_dagger_layer_units_exponent_1': 6, 'D_dagger_layer_units_exponent_2': 4, 'D_dagger_layer_units_exponent_3': 8, 'D_dagger_layer_units_exponent_4': 10, 'log_learning_rate': -4.081147502592418, 'log_learning_rate_D': -2.286076635054197, 'log_learning_rate_D_dagger': -3.0447272925019657, 'training_batch_size': 11, 'training_p': 5}
	 epoch  0 training error:  tensor(0.9046, device='cuda:0', grad_fn=<DivBackward0>)
Memory status after this epoch: 
Memory allocated:  5.87353515625
Memory cached:  108.0
	 epoch  10 training error:  tensor(0.3275, device='cuda:0', grad_fn=<DivBackward0>)
Memory status after this epoch: 
Memory allocated:  5.87353515625
Memory cached:  232.0
	 epoch  20 training error:  tensor(0.1056, device='cuda:0', grad_fn=<DivBackward0>)
Memory status after this epoch: 
Memory allocated:  5.87353515625
Memory cached:  232.0
	 epoch  30 training error:  tensor(0.1786, device='cuda:0', grad_fn=<DivBackward0>)
Memory status after this epoch: 
Memory allocated:  5.87353515625
Memory cached:  234.0
	 epoch  40 training error:  tensor(0.1206, device='cuda:0', grad_fn=<DivBackward0>)
Memory status after this epoch: 
Memory allocated:  5.87353515625
Memory cached:  240.0
	 epoch  50 training error:  tensor(0.0897, device='cuda:0', grad_fn=<DivBackward0>)
Memory status after this epoch: 
Memory allocated:  5.87353515625
Memory cached:  222.0
	 epoch  60 training error:  tensor(0.0888, device='cuda:0', grad_fn=<DivBackward0>)
Memory status after this epoch: 
Memory allocated:  5.87353515625
Memory cached:  238.0
	 epoch  70 training error:  tensor(0.0831, device='cuda:0', grad_fn=<DivBackward0>)
Memory status after this epoch: 
Memory allocated:  5.87353515625
Memory cached:  236.0
	 epoch  80 training error:  tensor(0.0778, device='cuda:0', grad_fn=<DivBackward0>)
Memory status after this epoch: 
Memory allocated:  5.87353515625
Memory cached:  228.0
	 epoch  90 training error:  tensor(0.0726, device='cuda:0', grad_fn=<DivBackward0>)
Memory status after this epoch: 
Memory allocated:  5.87353515625
Memory cached:  252.0
