[I 2023-11-07 22:15:19,670] Trial 47 finished with value: 0.013379240408539772 and parameters: {'W_layers': 7, 'W_layer_units_exponent_0': 8, 'W_layer_units_exponent_1': 7, 'W_layer_units_exponent_2': 9, 'W_layer_units_exponent_3': 6, 'W_layer_units_exponent_4': 4, 'W_layer_units_exponent_5': 8, 'W_layer_units_exponent_6': 9, 'D_layers': 6, 'D_layer_units_exponent_0': 9, 'D_layer_units_exponent_1': 5, 'D_layer_units_exponent_2': 10, 'D_layer_units_exponent_3': 9, 'D_layer_units_exponent_4': 5, 'D_layer_units_exponent_5': 5, 'D_dagger_layers': 7, 'D_dagger_layer_units_exponent_0': 8, 'D_dagger_layer_units_exponent_1': 9, 'D_dagger_layer_units_exponent_2': 7, 'D_dagger_layer_units_exponent_3': 6, 'D_dagger_layer_units_exponent_4': 5, 'D_dagger_layer_units_exponent_5': 7, 'D_dagger_layer_units_exponent_6': 4, 'log_learning_rate': -3.7974414541902464, 'log_learning_rate_D': -3.863758607566369, 'log_learning_rate_D_dagger': -4.4809152434712045, 'training_batch_size': 8, 'training_p': 2}. Best is trial 35 with value: 0.013065703213214874.
Time for this trial:  255.1951379776001
Memory status after this trial: 
Memory allocated:  276.73828125
Memory cached:  298.0
--------------------  Trial  48   --------------------
Start timing: 
Parameters: 
{'W_layers': 6, 'W_layer_units_exponent_0': 8, 'W_layer_units_exponent_1': 8, 'W_layer_units_exponent_2': 10, 'W_layer_units_exponent_3': 5, 'W_layer_units_exponent_4': 4, 'W_layer_units_exponent_5': 7, 'D_layers': 7, 'D_layer_units_exponent_0': 8, 'D_layer_units_exponent_1': 6, 'D_layer_units_exponent_2': 10, 'D_layer_units_exponent_3': 9, 'D_layer_units_exponent_4': 5, 'D_layer_units_exponent_5': 6, 'D_layer_units_exponent_6': 8, 'D_dagger_layers': 7, 'D_dagger_layer_units_exponent_0': 7, 'D_dagger_layer_units_exponent_1': 9, 'D_dagger_layer_units_exponent_2': 7, 'D_dagger_layer_units_exponent_3': 6, 'D_dagger_layer_units_exponent_4': 5, 'D_dagger_layer_units_exponent_5': 7, 'D_dagger_layer_units_exponent_6': 4, 'log_learning_rate': -3.807782867616822, 'log_learning_rate_D': -3.8061284478481037, 'log_learning_rate_D_dagger': -4.397742509633074, 'training_batch_size': 8, 'training_p': 3}
	 epoch  0 training error:  tensor(1.0023, device='cuda:0', grad_fn=<DivBackward0>)
Memory status after this epoch: 
Memory allocated:  17.80419921875
Memory cached:  178.0
	 epoch  10 training error:  tensor(0.0735, device='cuda:0', grad_fn=<DivBackward0>)
Memory status after this epoch: 
Memory allocated:  17.80419921875
Memory cached:  308.0
	 epoch  20 training error:  tensor(0.1041, device='cuda:0', grad_fn=<DivBackward0>)
Memory status after this epoch: 
Memory allocated:  17.80419921875
Memory cached:  310.0
	 epoch  30 training error:  tensor(0.0417, device='cuda:0', grad_fn=<DivBackward0>)
Memory status after this epoch: 
Memory allocated:  17.80419921875
Memory cached:  304.0
	 epoch  40 training error:  tensor(0.0306, device='cuda:0', grad_fn=<DivBackward0>)
Memory status after this epoch: 
Memory allocated:  17.80419921875
Memory cached:  294.0
	 epoch  50 training error:  tensor(0.0223, device='cuda:0', grad_fn=<DivBackward0>)
Memory status after this epoch: 
Memory allocated:  17.80419921875
Memory cached:  320.0
	 epoch  60 training error:  tensor(0.0197, device='cuda:0', grad_fn=<DivBackward0>)
Memory status after this epoch: 
Memory allocated:  17.80419921875
Memory cached:  320.0
	 epoch  70 training error:  tensor(0.0178, device='cuda:0', grad_fn=<DivBackward0>)
Memory status after this epoch: 
Memory allocated:  17.80419921875
Memory cached:  302.0
	 epoch  80 training error:  tensor(0.0180, device='cuda:0', grad_fn=<DivBackward0>)
Memory status after this epoch: 
Memory allocated:  17.80419921875
Memory cached:  308.0
	 epoch  90 training error:  tensor(0.0177, device='cuda:0', grad_fn=<DivBackward0>)
Memory status after this epoch: 
Memory allocated:  17.80419921875
Memory cached:  308.0
[I 2023-11-07 22:19:28,030] Trial 48 finished with value: 0.013598096556961536 and parameters: {'W_layers': 6, 'W_layer_units_exponent_0': 8, 'W_layer_units_exponent_1': 8, 'W_layer_units_exponent_2': 10, 'W_layer_units_exponent_3': 5, 'W_layer_units_exponent_4': 4, 'W_layer_units_exponent_5': 7, 'D_layers': 7, 'D_layer_units_exponent_0': 8, 'D_layer_units_exponent_1': 6, 'D_layer_units_exponent_2': 10, 'D_layer_units_exponent_3': 9, 'D_layer_units_exponent_4': 5, 'D_layer_units_exponent_5': 6, 'D_layer_units_exponent_6': 8, 'D_dagger_layers': 7, 'D_dagger_layer_units_exponent_0': 7, 'D_dagger_layer_units_exponent_1': 9, 'D_dagger_layer_units_exponent_2': 7, 'D_dagger_layer_units_exponent_3': 6, 'D_dagger_layer_units_exponent_4': 5, 'D_dagger_layer_units_exponent_5': 7, 'D_dagger_layer_units_exponent_6': 4, 'log_learning_rate': -3.807782867616822, 'log_learning_rate_D': -3.8061284478481037, 'log_learning_rate_D_dagger': -4.397742509633074, 'training_batch_size': 8, 'training_p': 3}. Best is trial 35 with value: 0.013065703213214874.
Time for this trial:  247.9785499572754
Memory status after this trial: 
Memory allocated:  272.1826171875
Memory cached:  294.0
--------------------  Trial  49   --------------------
Start timing: 
Parameters: 
{'W_layers': 8, 'W_layer_units_exponent_0': 7, 'W_layer_units_exponent_1': 6, 'W_layer_units_exponent_2': 9, 'W_layer_units_exponent_3': 6, 'W_layer_units_exponent_4': 4, 'W_layer_units_exponent_5': 9, 'W_layer_units_exponent_6': 10, 'W_layer_units_exponent_7': 5, 'D_layers': 4, 'D_layer_units_exponent_0': 8, 'D_layer_units_exponent_1': 5, 'D_layer_units_exponent_2': 10, 'D_layer_units_exponent_3': 10, 'D_dagger_layers': 8, 'D_dagger_layer_units_exponent_0': 9, 'D_dagger_layer_units_exponent_1': 9, 'D_dagger_layer_units_exponent_2': 8, 'D_dagger_layer_units_exponent_3': 5, 'D_dagger_layer_units_exponent_4': 5, 'D_dagger_layer_units_exponent_5': 7, 'D_dagger_layer_units_exponent_6': 6, 'D_dagger_layer_units_exponent_7': 4, 'log_learning_rate': -4.150675395162908, 'log_learning_rate_D': -4.329321332607464, 'log_learning_rate_D_dagger': -4.841182998169172, 'training_batch_size': 10, 'training_p': 2}
	 epoch  0 training error:  tensor(0.9828, device='cuda:0', grad_fn=<DivBackward0>)
Memory status after this epoch: 
Memory allocated:  33.00146484375
Memory cached:  192.0
	 epoch  10 training error:  tensor(0.6791, device='cuda:0', grad_fn=<DivBackward0>)
Memory status after this epoch: 
Memory allocated:  33.00146484375
Memory cached:  334.0
	 epoch  20 training error:  tensor(0.1691, device='cuda:0', grad_fn=<DivBackward0>)
Memory status after this epoch: 
Memory allocated:  33.00146484375
Memory cached:  328.0
	 epoch  30 training error:  tensor(0.0933, device='cuda:0', grad_fn=<DivBackward0>)
Memory status after this epoch: 
Memory allocated:  33.00146484375
Memory cached:  334.0
	 epoch  40 training error:  tensor(0.0392, device='cuda:0', grad_fn=<DivBackward0>)
Memory status after this epoch: 
Memory allocated:  33.00146484375
Memory cached:  330.0
	 epoch  50 training error:  tensor(0.0157, device='cuda:0', grad_fn=<DivBackward0>)
Memory status after this epoch: 
Memory allocated:  33.00146484375
Memory cached:  332.0
	 epoch  60 training error:  tensor(0.0164, device='cuda:0', grad_fn=<DivBackward0>)
Memory status after this epoch: 
Memory allocated:  33.00146484375
Memory cached:  334.0
	 epoch  70 training error:  tensor(0.0139, device='cuda:0', grad_fn=<DivBackward0>)
Memory status after this epoch: 
Memory allocated:  33.00146484375
Memory cached:  324.0
	 epoch  80 training error:  tensor(0.0145, device='cuda:0', grad_fn=<DivBackward0>)
Memory status after this epoch: 
Memory allocated:  33.00146484375
Memory cached:  336.0
	 epoch  90 training error:  tensor(0.0139, device='cuda:0', grad_fn=<DivBackward0>)
Memory status after this epoch: 
Memory allocated:  33.00146484375
Memory cached:  340.0
[I 2023-11-07 22:23:45,655] Trial 49 finished with value: 0.013250392861664295 and parameters: {'W_layers': 8, 'W_layer_units_exponent_0': 7, 'W_layer_units_exponent_1': 6, 'W_layer_units_exponent_2': 9, 'W_layer_units_exponent_3': 6, 'W_layer_units_exponent_4': 4, 'W_layer_units_exponent_5': 9, 'W_layer_units_exponent_6': 10, 'W_layer_units_exponent_7': 5, 'D_layers': 4, 'D_layer_units_exponent_0': 8, 'D_layer_units_exponent_1': 5, 'D_layer_units_exponent_2': 10, 'D_layer_units_exponent_3': 10, 'D_dagger_layers': 8, 'D_dagger_layer_units_exponent_0': 9, 'D_dagger_layer_units_exponent_1': 9, 'D_dagger_layer_units_exponent_2': 8, 'D_dagger_layer_units_exponent_3': 5, 'D_dagger_layer_units_exponent_4': 5, 'D_dagger_layer_units_exponent_5': 7, 'D_dagger_layer_units_exponent_6': 6, 'D_dagger_layer_units_exponent_7': 4, 'log_learning_rate': -4.150675395162908, 'log_learning_rate_D': -4.329321332607464, 'log_learning_rate_D_dagger': -4.841182998169172, 'training_batch_size': 10, 'training_p': 2}. Best is trial 35 with value: 0.013065703213214874.
[I 2023-11-07 22:23:45,704] A new study created in memory with name: no-name-a469c680-4586-4e07-a983-9ac31c2d6591
Time for this trial:  257.2791404724121
Memory status after this trial: 
Memory allocated:  349.78125
Memory cached:  364.0
--------------------  Trial  0   --------------------
Start timing: 
Parameters: 
{'W_layers': 3, 'W_layer_units_exponent_0': 4, 'W_layer_units_exponent_1': 10, 'W_layer_units_exponent_2': 6, 'D_layers': 8, 'D_layer_units_exponent_0': 8, 'D_layer_units_exponent_1': 9, 'D_layer_units_exponent_2': 8, 'D_layer_units_exponent_3': 8, 'D_layer_units_exponent_4': 5, 'D_layer_units_exponent_5': 6, 'D_layer_units_exponent_6': 7, 'D_layer_units_exponent_7': 4, 'D_dagger_layers': 3, 'D_dagger_layer_units_exponent_0': 5, 'D_dagger_layer_units_exponent_1': 9, 'D_dagger_layer_units_exponent_2': 9, 'log_learning_rate': -4.887920719719633, 'log_learning_rate_D': -2.3691005910984098, 'log_learning_rate_D_dagger': -2.0012158125641633, 'training_batch_size': 7, 'training_p': 3}
	 epoch  0 training error:  tensor(1.1499, device='cuda:0', grad_fn=<DivBackward0>)
Memory status after this epoch: 
Memory allocated:  11.02783203125
Memory cached:  138.0
	 epoch  10 training error:  tensor(2.9790, device='cuda:0', grad_fn=<DivBackward0>)
Memory status after this epoch: 
Memory allocated:  11.02783203125
Memory cached:  260.0
	 epoch  20 training error:  tensor(1.0990, device='cuda:0', grad_fn=<DivBackward0>)
Memory status after this epoch: 
Memory allocated:  11.02783203125
Memory cached:  254.0
	 epoch  30 training error:  tensor(0.9598, device='cuda:0', grad_fn=<DivBackward0>)
Memory status after this epoch: 
Memory allocated:  11.02783203125
Memory cached:  258.0
	 epoch  40 training error:  tensor(0.8867, device='cuda:0', grad_fn=<DivBackward0>)
Memory status after this epoch: 
Memory allocated:  11.02783203125
Memory cached:  270.0
	 epoch  50 training error:  tensor(0.8863, device='cuda:0', grad_fn=<DivBackward0>)
Memory status after this epoch: 
Memory allocated:  11.02783203125
Memory cached:  248.0
	 epoch  60 training error:  tensor(0.8376, device='cuda:0', grad_fn=<DivBackward0>)
Memory status after this epoch: 
Memory allocated:  11.02783203125
Memory cached:  260.0
	 epoch  70 training error:  tensor(0.7987, device='cuda:0', grad_fn=<DivBackward0>)
Memory status after this epoch: 
Memory allocated:  11.02783203125
Memory cached:  242.0
	 epoch  80 training error:  tensor(0.7633, device='cuda:0', grad_fn=<DivBackward0>)
Memory status after this epoch: 
Memory allocated:  11.02783203125
Memory cached:  256.0
	 epoch  90 training error:  tensor(0.7256, device='cuda:0', grad_fn=<DivBackward0>)
Memory status after this epoch: 
Memory allocated:  11.02783203125
Memory cached:  252.0
[I 2023-11-07 22:27:01,233] Trial 0 finished with value: 0.6877713203430176 and parameters: {'W_layers': 3, 'W_layer_units_exponent_0': 4, 'W_layer_units_exponent_1': 10, 'W_layer_units_exponent_2': 6, 'D_layers': 8, 'D_layer_units_exponent_0': 8, 'D_layer_units_exponent_1': 9, 'D_layer_units_exponent_2': 8, 'D_layer_units_exponent_3': 8, 'D_layer_units_exponent_4': 5, 'D_layer_units_exponent_5': 6, 'D_layer_units_exponent_6': 7, 'D_layer_units_exponent_7': 4, 'D_dagger_layers': 3, 'D_dagger_layer_units_exponent_0': 5, 'D_dagger_layer_units_exponent_1': 9, 'D_dagger_layer_units_exponent_2': 9, 'log_learning_rate': -4.887920719719633, 'log_learning_rate_D': -2.3691005910984098, 'log_learning_rate_D_dagger': -2.0012158125641633, 'training_batch_size': 7, 'training_p': 3}. Best is trial 0 with value: 0.6877713203430176.
Time for this trial:  195.41111302375793
Memory status after this trial: 
Memory allocated:  202.51025390625
Memory cached:  210.0
--------------------  Trial  1   --------------------
Start timing: 
Parameters: 
{'W_layers': 8, 'W_layer_units_exponent_0': 8, 'W_layer_units_exponent_1': 10, 'W_layer_units_exponent_2': 9, 'W_layer_units_exponent_3': 10, 'W_layer_units_exponent_4': 8, 'W_layer_units_exponent_5': 7, 'W_layer_units_exponent_6': 4, 'W_layer_units_exponent_7': 9, 'D_layers': 6, 'D_layer_units_exponent_0': 4, 'D_layer_units_exponent_1': 7, 'D_layer_units_exponent_2': 6, 'D_layer_units_exponent_3': 7, 'D_layer_units_exponent_4': 10, 'D_layer_units_exponent_5': 5, 'D_dagger_layers': 6, 'D_dagger_layer_units_exponent_0': 7, 'D_dagger_layer_units_exponent_1': 7, 'D_dagger_layer_units_exponent_2': 8, 'D_dagger_layer_units_exponent_3': 5, 'D_dagger_layer_units_exponent_4': 10, 'D_dagger_layer_units_exponent_5': 9, 'log_learning_rate': -2.5025150806407335, 'log_learning_rate_D': -2.0544941300535706, 'log_learning_rate_D_dagger': -3.4043155757530124, 'training_batch_size': 12, 'training_p': 5}
	 epoch  0 training error:  tensor(1.0014, device='cuda:0', grad_fn=<DivBackward0>)
Memory status after this epoch: 
Memory allocated:  37.09033203125
Memory cached:  206.0
	 epoch  10 training error:  tensor(0.3179, device='cuda:0', grad_fn=<DivBackward0>)
Memory status after this epoch: 
Memory allocated:  37.09033203125
Memory cached:  352.0
	 epoch  20 training error:  tensor(0.1447, device='cuda:0', grad_fn=<DivBackward0>)
Memory status after this epoch: 
Memory allocated:  37.09033203125
Memory cached:  356.0
	 epoch  30 training error:  tensor(0.0270, device='cuda:0', grad_fn=<DivBackward0>)
Memory status after this epoch: 
Memory allocated:  37.09033203125
Memory cached:  352.0
	 epoch  40 training error:  tensor(0.0246, device='cuda:0', grad_fn=<DivBackward0>)
Memory status after this epoch: 
Memory allocated:  37.09033203125
Memory cached:  342.0
	 epoch  50 training error:  tensor(0.0238, device='cuda:0', grad_fn=<DivBackward0>)
Memory status after this epoch: 
Memory allocated:  37.09033203125
Memory cached:  366.0
	 epoch  60 training error:  tensor(0.0235, device='cuda:0', grad_fn=<DivBackward0>)
Memory status after this epoch: 
Memory allocated:  37.09033203125
Memory cached:  350.0
	 epoch  70 training error:  tensor(0.0297, device='cuda:0', grad_fn=<DivBackward0>)
Memory status after this epoch: 
Memory allocated:  37.09033203125
Memory cached:  360.0
	 epoch  80 training error:  tensor(0.0460, device='cuda:0', grad_fn=<DivBackward0>)
Memory status after this epoch: 
Memory allocated:  37.09033203125
Memory cached:  334.0
	 epoch  90 training error:  tensor(0.0417, device='cuda:0', grad_fn=<DivBackward0>)
Memory status after this epoch: 
Memory allocated:  37.09033203125
Memory cached:  354.0
[I 2023-11-07 22:31:22,557] Trial 1 finished with value: 0.02546669915318489 and parameters: {'W_layers': 8, 'W_layer_units_exponent_0': 8, 'W_layer_units_exponent_1': 10, 'W_layer_units_exponent_2': 9, 'W_layer_units_exponent_3': 10, 'W_layer_units_exponent_4': 8, 'W_layer_units_exponent_5': 7, 'W_layer_units_exponent_6': 4, 'W_layer_units_exponent_7': 9, 'D_layers': 6, 'D_layer_units_exponent_0': 4, 'D_layer_units_exponent_1': 7, 'D_layer_units_exponent_2': 6, 'D_layer_units_exponent_3': 7, 'D_layer_units_exponent_4': 10, 'D_layer_units_exponent_5': 5, 'D_dagger_layers': 6, 'D_dagger_layer_units_exponent_0': 7, 'D_dagger_layer_units_exponent_1': 7, 'D_dagger_layer_units_exponent_2': 8, 'D_dagger_layer_units_exponent_3': 5, 'D_dagger_layer_units_exponent_4': 10, 'D_dagger_layer_units_exponent_5': 9, 'log_learning_rate': -2.5025150806407335, 'log_learning_rate_D': -2.0544941300535706, 'log_learning_rate_D_dagger': -3.4043155757530124, 'training_batch_size': 12, 'training_p': 5}. Best is trial 1 with value: 0.02546669915318489.
Time for this trial:  261.1841673851013
Memory status after this trial: 
Memory allocated:  403.59814453125
Memory cached:  420.0
--------------------  Trial  2   --------------------
Start timing: 
Parameters: 
{'W_layers': 4, 'W_layer_units_exponent_0': 6, 'W_layer_units_exponent_1': 6, 'W_layer_units_exponent_2': 6, 'W_layer_units_exponent_3': 8, 'D_layers': 5, 'D_layer_units_exponent_0': 5, 'D_layer_units_exponent_1': 10, 'D_layer_units_exponent_2': 4, 'D_layer_units_exponent_3': 7, 'D_layer_units_exponent_4': 10, 'D_dagger_layers': 7, 'D_dagger_layer_units_exponent_0': 8, 'D_dagger_layer_units_exponent_1': 5, 'D_dagger_layer_units_exponent_2': 7, 'D_dagger_layer_units_exponent_3': 9, 'D_dagger_layer_units_exponent_4': 6, 'D_dagger_layer_units_exponent_5': 7, 'D_dagger_layer_units_exponent_6': 4, 'log_learning_rate': -1.6473846095009876, 'log_learning_rate_D': -3.542356641635861, 'log_learning_rate_D_dagger': -3.9657887489814416, 'training_batch_size': 11, 'training_p': 7}
	 epoch  0 training error:  tensor(1.0402, device='cuda:0', grad_fn=<DivBackward0>)
Memory status after this epoch: 
Memory allocated:  5.22119140625
Memory cached:  138.0
	 epoch  10 training error:  tensor(0.9346, device='cuda:0', grad_fn=<DivBackward0>)
Memory status after this epoch: 
Memory allocated:  5.22119140625
Memory cached:  250.0
	 epoch  20 training error:  tensor(0.7162, device='cuda:0', grad_fn=<DivBackward0>)
Memory status after this epoch: 
Memory allocated:  5.22119140625
Memory cached:  246.0
	 epoch  30 training error:  tensor(0.2665, device='cuda:0', grad_fn=<DivBackward0>)
Memory status after this epoch: 
Memory allocated:  5.22119140625
Memory cached:  254.0
	 epoch  40 training error:  tensor(0.1160, device='cuda:0', grad_fn=<DivBackward0>)
Memory status after this epoch: 
Memory allocated:  5.22119140625
Memory cached:  260.0
	 epoch  50 training error:  tensor(0.1270, device='cuda:0', grad_fn=<DivBackward0>)
Memory status after this epoch: 
Memory allocated:  5.22119140625
Memory cached:  258.0
	 epoch  60 training error:  tensor(0.0865, device='cuda:0', grad_fn=<DivBackward0>)
Memory status after this epoch: 
Memory allocated:  5.22119140625
Memory cached:  234.0
	 epoch  70 training error:  tensor(0.0773, device='cuda:0', grad_fn=<DivBackward0>)
Memory status after this epoch: 
Memory allocated:  5.22119140625
Memory cached:  248.0
	 epoch  80 training error:  tensor(0.0683, device='cuda:0', grad_fn=<DivBackward0>)
Memory status after this epoch: 
Memory allocated:  5.22119140625
Memory cached:  250.0
	 epoch  90 training error:  tensor(0.0672, device='cuda:0', grad_fn=<DivBackward0>)
Memory status after this epoch: 
Memory allocated:  5.22119140625
Memory cached:  246.0
