[I 2023-11-02 21:31:07,835] Trial 8 finished with value: 1.0 and parameters: {'W_layers': 4, 'W_layer_units_exponent_0': 7, 'W_layer_units_exponent_1': 10, 'W_layer_units_exponent_2': 8, 'W_layer_units_exponent_3': 5, 'D_layers': 2, 'D_layer_units_exponent_0': 4, 'D_layer_units_exponent_1': 8, 'log_learning_rate': -1.5915703719523293, 'log_learning_rate_D': -2.779717254733939, 'training_batch_size': 7, 'training_p': 6}. Best is trial 4 with value: 0.2457078993320465.
Time for this trial:  113.46058106422424
Memory status after this trial: 
Memory allocated:  103.86474609375
Memory cached:  116.0
--------------------  Trial  9   --------------------
Start timing: 
Parameters: 
{'W_layers': 4, 'W_layer_units_exponent_0': 5, 'W_layer_units_exponent_1': 5, 'W_layer_units_exponent_2': 4, 'W_layer_units_exponent_3': 8, 'D_layers': 8, 'D_layer_units_exponent_0': 7, 'D_layer_units_exponent_1': 10, 'D_layer_units_exponent_2': 4, 'D_layer_units_exponent_3': 9, 'D_layer_units_exponent_4': 6, 'D_layer_units_exponent_5': 9, 'D_layer_units_exponent_6': 4, 'D_layer_units_exponent_7': 10, 'log_learning_rate': -1.3795767733654416, 'log_learning_rate_D': -3.6148787392535526, 'training_batch_size': 8, 'training_p': 2}
	 epoch  0 training error:  tensor(1.0058, device='cuda:0', grad_fn=<DivBackward0>)
Memory status after this epoch: 
Memory allocated:  5.51953125
Memory cached:  18.0
	 epoch  10 training error:  tensor(0.9948, device='cuda:0', grad_fn=<DivBackward0>)
Memory status after this epoch: 
Memory allocated:  5.51953125
Memory cached:  26.0
	 epoch  20 training error:  tensor(1.1695, device='cuda:0', grad_fn=<DivBackward0>)
Memory status after this epoch: 
Memory allocated:  5.51953125
Memory cached:  26.0
	 epoch  30 training error:  tensor(0.4371, device='cuda:0', grad_fn=<DivBackward0>)
Memory status after this epoch: 
Memory allocated:  5.51953125
Memory cached:  24.0
	 epoch  40 training error:  tensor(0.2929, device='cuda:0', grad_fn=<DivBackward0>)
Memory status after this epoch: 
Memory allocated:  5.51953125
Memory cached:  22.0
	 epoch  50 training error:  tensor(0.2376, device='cuda:0', grad_fn=<DivBackward0>)
Memory status after this epoch: 
Memory allocated:  5.51953125
Memory cached:  26.0
	 epoch  60 training error:  tensor(0.2459, device='cuda:0', grad_fn=<DivBackward0>)
Memory status after this epoch: 
Memory allocated:  5.51953125
Memory cached:  22.0
	 epoch  70 training error:  tensor(0.2343, device='cuda:0', grad_fn=<DivBackward0>)
Memory status after this epoch: 
Memory allocated:  5.51953125
Memory cached:  22.0
	 epoch  80 training error:  tensor(0.2340, device='cuda:0', grad_fn=<DivBackward0>)
Memory status after this epoch: 
Memory allocated:  5.51953125
Memory cached:  24.0
	 epoch  90 training error:  tensor(0.2340, device='cuda:0', grad_fn=<DivBackward0>)
Memory status after this epoch: 
Memory allocated:  5.51953125
Memory cached:  22.0
[I 2023-11-02 21:33:59,203] Trial 9 finished with value: 0.24588385224342346 and parameters: {'W_layers': 4, 'W_layer_units_exponent_0': 5, 'W_layer_units_exponent_1': 5, 'W_layer_units_exponent_2': 4, 'W_layer_units_exponent_3': 8, 'D_layers': 8, 'D_layer_units_exponent_0': 7, 'D_layer_units_exponent_1': 10, 'D_layer_units_exponent_2': 4, 'D_layer_units_exponent_3': 9, 'D_layer_units_exponent_4': 6, 'D_layer_units_exponent_5': 9, 'D_layer_units_exponent_6': 4, 'D_layer_units_exponent_7': 10, 'log_learning_rate': -1.3795767733654416, 'log_learning_rate_D': -3.6148787392535526, 'training_batch_size': 8, 'training_p': 2}. Best is trial 4 with value: 0.2457078993320465.
Time for this trial:  171.2293689250946
Memory status after this trial: 
Memory allocated:  204.0400390625
Memory cached:  216.0
--------------------  Trial  10   --------------------
Start timing: 
Parameters: 
{'W_layers': 8, 'W_layer_units_exponent_0': 10, 'W_layer_units_exponent_1': 7, 'W_layer_units_exponent_2': 10, 'W_layer_units_exponent_3': 10, 'W_layer_units_exponent_4': 9, 'W_layer_units_exponent_5': 10, 'W_layer_units_exponent_6': 10, 'W_layer_units_exponent_7': 4, 'D_layers': 6, 'D_layer_units_exponent_0': 9, 'D_layer_units_exponent_1': 4, 'D_layer_units_exponent_2': 7, 'D_layer_units_exponent_3': 7, 'D_layer_units_exponent_4': 9, 'D_layer_units_exponent_5': 10, 'log_learning_rate': -2.6437095865792726, 'log_learning_rate_D': -1.0774732198942174, 'training_batch_size': 10, 'training_p': 5}
	 epoch  0 training error:  tensor(0.9995, device='cuda:0', grad_fn=<DivBackward0>)
Memory status after this epoch: 
Memory allocated:  74.1640625
Memory cached:  98.0
	 epoch  10 training error:  tensor(0.4590, device='cuda:0', grad_fn=<DivBackward0>)
Memory status after this epoch: 
Memory allocated:  74.1640625
Memory cached:  102.0
	 epoch  20 training error:  tensor(0.6016, device='cuda:0', grad_fn=<DivBackward0>)
Memory status after this epoch: 
Memory allocated:  74.1640625
Memory cached:  102.0
	 epoch  30 training error:  tensor(0.2634, device='cuda:0', grad_fn=<DivBackward0>)
Memory status after this epoch: 
Memory allocated:  74.1640625
Memory cached:  102.0
	 epoch  40 training error:  tensor(0.4903, device='cuda:0', grad_fn=<DivBackward0>)
Memory status after this epoch: 
Memory allocated:  74.1640625
Memory cached:  102.0
	 epoch  50 training error:  tensor(0.3327, device='cuda:0', grad_fn=<DivBackward0>)
Memory status after this epoch: 
Memory allocated:  74.1640625
Memory cached:  102.0
	 epoch  60 training error:  tensor(0.3165, device='cuda:0', grad_fn=<DivBackward0>)
Memory status after this epoch: 
Memory allocated:  74.1640625
Memory cached:  102.0
	 epoch  70 training error:  tensor(0.2824, device='cuda:0', grad_fn=<DivBackward0>)
Memory status after this epoch: 
Memory allocated:  74.1640625
Memory cached:  102.0
	 epoch  80 training error:  tensor(0.2529, device='cuda:0', grad_fn=<DivBackward0>)
Memory status after this epoch: 
Memory allocated:  74.1640625
Memory cached:  102.0
	 epoch  90 training error:  tensor(0.2560, device='cuda:0', grad_fn=<DivBackward0>)
Memory status after this epoch: 
Memory allocated:  74.1640625
Memory cached:  102.0
[I 2023-11-02 21:37:35,616] Trial 10 finished with value: 0.2450779676437378 and parameters: {'W_layers': 8, 'W_layer_units_exponent_0': 10, 'W_layer_units_exponent_1': 7, 'W_layer_units_exponent_2': 10, 'W_layer_units_exponent_3': 10, 'W_layer_units_exponent_4': 9, 'W_layer_units_exponent_5': 10, 'W_layer_units_exponent_6': 10, 'W_layer_units_exponent_7': 4, 'D_layers': 6, 'D_layer_units_exponent_0': 9, 'D_layer_units_exponent_1': 4, 'D_layer_units_exponent_2': 7, 'D_layer_units_exponent_3': 7, 'D_layer_units_exponent_4': 9, 'D_layer_units_exponent_5': 10, 'log_learning_rate': -2.6437095865792726, 'log_learning_rate_D': -1.0774732198942174, 'training_batch_size': 10, 'training_p': 5}. Best is trial 10 with value: 0.2450779676437378.
Time for this trial:  216.1870152950287
Memory status after this trial: 
Memory allocated:  477.11767578125
Memory cached:  518.0
--------------------  Trial  11   --------------------
Start timing: 
Parameters: 
{'W_layers': 7, 'W_layer_units_exponent_0': 10, 'W_layer_units_exponent_1': 7, 'W_layer_units_exponent_2': 10, 'W_layer_units_exponent_3': 10, 'W_layer_units_exponent_4': 9, 'W_layer_units_exponent_5': 10, 'W_layer_units_exponent_6': 10, 'D_layers': 6, 'D_layer_units_exponent_0': 9, 'D_layer_units_exponent_1': 4, 'D_layer_units_exponent_2': 7, 'D_layer_units_exponent_3': 7, 'D_layer_units_exponent_4': 10, 'D_layer_units_exponent_5': 10, 'log_learning_rate': -2.6255787724269073, 'log_learning_rate_D': -1.1528907490248135, 'training_batch_size': 10, 'training_p': 5}
	 epoch  0 training error:  tensor(0.9994, device='cuda:0', grad_fn=<DivBackward0>)
Memory status after this epoch: 
Memory allocated:  82.94140625
Memory cached:  106.0
	 epoch  10 training error:  tensor(1., device='cuda:0', grad_fn=<DivBackward0>)
Memory status after this epoch: 
Memory allocated:  82.94140625
Memory cached:  110.0
	 epoch  20 training error:  tensor(1., device='cuda:0', grad_fn=<DivBackward0>)
Memory status after this epoch: 
Memory allocated:  82.94140625
Memory cached:  110.0
	 epoch  30 training error:  tensor(1., device='cuda:0', grad_fn=<DivBackward0>)
Memory status after this epoch: 
Memory allocated:  82.94140625
Memory cached:  110.0
	 epoch  40 training error:  tensor(1., device='cuda:0', grad_fn=<DivBackward0>)
Memory status after this epoch: 
Memory allocated:  82.94140625
Memory cached:  110.0
	 epoch  50 training error:  tensor(1., device='cuda:0', grad_fn=<DivBackward0>)
Memory status after this epoch: 
Memory allocated:  82.94140625
Memory cached:  110.0
	 epoch  60 training error:  tensor(1., device='cuda:0', grad_fn=<DivBackward0>)
Memory status after this epoch: 
Memory allocated:  82.94140625
Memory cached:  110.0
	 epoch  70 training error:  tensor(1., device='cuda:0', grad_fn=<DivBackward0>)
Memory status after this epoch: 
Memory allocated:  82.94140625
Memory cached:  110.0
	 epoch  80 training error:  tensor(1., device='cuda:0', grad_fn=<DivBackward0>)
Memory status after this epoch: 
Memory allocated:  82.94140625
Memory cached:  110.0
	 epoch  90 training error:  tensor(1., device='cuda:0', grad_fn=<DivBackward0>)
Memory status after this epoch: 
Memory allocated:  82.94140625
Memory cached:  110.0
[I 2023-11-02 21:41:08,812] Trial 11 finished with value: 1.0 and parameters: {'W_layers': 7, 'W_layer_units_exponent_0': 10, 'W_layer_units_exponent_1': 7, 'W_layer_units_exponent_2': 10, 'W_layer_units_exponent_3': 10, 'W_layer_units_exponent_4': 9, 'W_layer_units_exponent_5': 10, 'W_layer_units_exponent_6': 10, 'D_layers': 6, 'D_layer_units_exponent_0': 9, 'D_layer_units_exponent_1': 4, 'D_layer_units_exponent_2': 7, 'D_layer_units_exponent_3': 7, 'D_layer_units_exponent_4': 10, 'D_layer_units_exponent_5': 10, 'log_learning_rate': -2.6255787724269073, 'log_learning_rate_D': -1.1528907490248135, 'training_batch_size': 10, 'training_p': 5}. Best is trial 10 with value: 0.2450779676437378.
Time for this trial:  212.97062277793884
Memory status after this trial: 
Memory allocated:  507.54736328125
Memory cached:  546.0
--------------------  Trial  12   --------------------
Start timing: 
Parameters: 
{'W_layers': 8, 'W_layer_units_exponent_0': 10, 'W_layer_units_exponent_1': 8, 'W_layer_units_exponent_2': 10, 'W_layer_units_exponent_3': 10, 'W_layer_units_exponent_4': 8, 'W_layer_units_exponent_5': 10, 'W_layer_units_exponent_6': 10, 'W_layer_units_exponent_7': 4, 'D_layers': 6, 'D_layer_units_exponent_0': 9, 'D_layer_units_exponent_1': 5, 'D_layer_units_exponent_2': 7, 'D_layer_units_exponent_3': 7, 'D_layer_units_exponent_4': 8, 'D_layer_units_exponent_5': 7, 'log_learning_rate': -2.7407300288671244, 'log_learning_rate_D': -1.0247490107022985, 'training_batch_size': 12, 'training_p': 5}
	 epoch  0 training error:  tensor(1.0002, device='cuda:0', grad_fn=<DivBackward0>)
Memory status after this epoch: 
Memory allocated:  62.287109375
Memory cached:  94.0
	 epoch  10 training error:  tensor(1.0107, device='cuda:0', grad_fn=<DivBackward0>)
Memory status after this epoch: 
Memory allocated:  62.287109375
Memory cached:  100.0
	 epoch  20 training error:  tensor(0.3543, device='cuda:0', grad_fn=<DivBackward0>)
Memory status after this epoch: 
Memory allocated:  62.287109375
Memory cached:  100.0
	 epoch  30 training error:  tensor(0.3086, device='cuda:0', grad_fn=<DivBackward0>)
Memory status after this epoch: 
Memory allocated:  62.287109375
Memory cached:  100.0
	 epoch  40 training error:  tensor(0.2545, device='cuda:0', grad_fn=<DivBackward0>)
Memory status after this epoch: 
Memory allocated:  62.287109375
Memory cached:  100.0
	 epoch  50 training error:  tensor(0.3195, device='cuda:0', grad_fn=<DivBackward0>)
Memory status after this epoch: 
Memory allocated:  62.287109375
Memory cached:  100.0
	 epoch  60 training error:  tensor(0.2777, device='cuda:0', grad_fn=<DivBackward0>)
Memory status after this epoch: 
Memory allocated:  62.287109375
Memory cached:  100.0
	 epoch  70 training error:  tensor(0.2511, device='cuda:0', grad_fn=<DivBackward0>)
Memory status after this epoch: 
Memory allocated:  62.287109375
Memory cached:  100.0
	 epoch  80 training error:  tensor(0.2508, device='cuda:0', grad_fn=<DivBackward0>)
Memory status after this epoch: 
Memory allocated:  62.287109375
Memory cached:  100.0
	 epoch  90 training error:  tensor(0.2510, device='cuda:0', grad_fn=<DivBackward0>)
Memory status after this epoch: 
Memory allocated:  62.287109375
Memory cached:  100.0
[I 2023-11-02 21:44:33,863] Trial 12 finished with value: 0.2451932430267334 and parameters: {'W_layers': 8, 'W_layer_units_exponent_0': 10, 'W_layer_units_exponent_1': 8, 'W_layer_units_exponent_2': 10, 'W_layer_units_exponent_3': 10, 'W_layer_units_exponent_4': 8, 'W_layer_units_exponent_5': 10, 'W_layer_units_exponent_6': 10, 'W_layer_units_exponent_7': 4, 'D_layers': 6, 'D_layer_units_exponent_0': 9, 'D_layer_units_exponent_1': 5, 'D_layer_units_exponent_2': 7, 'D_layer_units_exponent_3': 7, 'D_layer_units_exponent_4': 8, 'D_layer_units_exponent_5': 7, 'log_learning_rate': -2.7407300288671244, 'log_learning_rate_D': -1.0247490107022985, 'training_batch_size': 12, 'training_p': 5}. Best is trial 10 with value: 0.2450779676437378.
Time for this trial:  204.81294107437134
Memory status after this trial: 
Memory allocated:  404.11181640625
Memory cached:  444.0
--------------------  Trial  13   --------------------
Start timing: 
Parameters: 
{'W_layers': 8, 'W_layer_units_exponent_0': 10, 'W_layer_units_exponent_1': 7, 'W_layer_units_exponent_2': 10, 'W_layer_units_exponent_3': 10, 'W_layer_units_exponent_4': 8, 'W_layer_units_exponent_5': 10, 'W_layer_units_exponent_6': 10, 'W_layer_units_exponent_7': 4, 'D_layers': 6, 'D_layer_units_exponent_0': 8, 'D_layer_units_exponent_1': 5, 'D_layer_units_exponent_2': 7, 'D_layer_units_exponent_3': 10, 'D_layer_units_exponent_4': 8, 'D_layer_units_exponent_5': 7, 'log_learning_rate': -2.6862252454171704, 'log_learning_rate_D': -2.2573118395922456, 'training_batch_size': 9, 'training_p': 6}
	 epoch  0 training error:  tensor(1.0001, device='cuda:0', grad_fn=<DivBackward0>)
Memory status after this epoch: 
Memory allocated:  61.419921875
Memory cached:  86.0
	 epoch  10 training error:  tensor(0.9841, device='cuda:0', grad_fn=<DivBackward0>)
Memory status after this epoch: 
Memory allocated:  61.419921875
Memory cached:  90.0
	 epoch  20 training error:  tensor(0.8042, device='cuda:0', grad_fn=<DivBackward0>)
Memory status after this epoch: 
Memory allocated:  61.419921875
Memory cached:  90.0
	 epoch  30 training error:  tensor(0.2910, device='cuda:0', grad_fn=<DivBackward0>)
Memory status after this epoch: 
Memory allocated:  61.419921875
Memory cached:  90.0
	 epoch  40 training error:  tensor(1., device='cuda:0', grad_fn=<DivBackward0>)
Memory status after this epoch: 
Memory allocated:  61.419921875
Memory cached:  90.0
	 epoch  50 training error:  tensor(1., device='cuda:0', grad_fn=<DivBackward0>)
Memory status after this epoch: 
Memory allocated:  61.419921875
Memory cached:  90.0
	 epoch  60 training error:  tensor(1., device='cuda:0', grad_fn=<DivBackward0>)
Memory status after this epoch: 
Memory allocated:  61.419921875
Memory cached:  90.0
	 epoch  70 training error:  tensor(1., device='cuda:0', grad_fn=<DivBackward0>)
Memory status after this epoch: 
Memory allocated:  61.419921875
Memory cached:  90.0
	 epoch  80 training error:  tensor(1., device='cuda:0', grad_fn=<DivBackward0>)
Memory status after this epoch: 
Memory allocated:  61.419921875
Memory cached:  90.0
	 epoch  90 training error:  tensor(1., device='cuda:0', grad_fn=<DivBackward0>)
Memory status after this epoch: 
Memory allocated:  61.419921875
Memory cached:  90.0
[I 2023-11-02 21:48:03,954] Trial 13 finished with value: 1.0 and parameters: {'W_layers': 8, 'W_layer_units_exponent_0': 10, 'W_layer_units_exponent_1': 7, 'W_layer_units_exponent_2': 10, 'W_layer_units_exponent_3': 10, 'W_layer_units_exponent_4': 8, 'W_layer_units_exponent_5': 10, 'W_layer_units_exponent_6': 10, 'W_layer_units_exponent_7': 4, 'D_layers': 6, 'D_layer_units_exponent_0': 8, 'D_layer_units_exponent_1': 5, 'D_layer_units_exponent_2': 7, 'D_layer_units_exponent_3': 10, 'D_layer_units_exponent_4': 8, 'D_layer_units_exponent_5': 7, 'log_learning_rate': -2.6862252454171704, 'log_learning_rate_D': -2.2573118395922456, 'training_batch_size': 9, 'training_p': 6}. Best is trial 10 with value: 0.2450779676437378.
Time for this trial:  209.8097791671753
Memory status after this trial: 
Memory allocated:  430.68017578125
Memory cached:  470.0
--------------------  Trial  14   --------------------
Start timing: 
Parameters: 
{'W_layers': 8, 'W_layer_units_exponent_0': 9, 'W_layer_units_exponent_1': 8, 'W_layer_units_exponent_2': 10, 'W_layer_units_exponent_3': 9, 'W_layer_units_exponent_4': 7, 'W_layer_units_exponent_5': 9, 'W_layer_units_exponent_6': 9, 'W_layer_units_exponent_7': 4, 'D_layers': 6, 'D_layer_units_exponent_0': 9, 'D_layer_units_exponent_1': 5, 'D_layer_units_exponent_2': 6, 'D_layer_units_exponent_3': 6, 'D_layer_units_exponent_4': 8, 'D_layer_units_exponent_5': 7, 'log_learning_rate': -2.388871329459752, 'log_learning_rate_D': -1.0777914419731895, 'training_batch_size': 10, 'training_p': 4}
	 epoch  0 training error:  tensor(1.0001, device='cuda:0', grad_fn=<DivBackward0>)
Memory status after this epoch: 
Memory allocated:  30.650390625
Memory cached:  44.0
	 epoch  10 training error:  tensor(0.3191, device='cuda:0', grad_fn=<DivBackward0>)
Memory status after this epoch: 
Memory allocated:  30.650390625
Memory cached:  48.0
	 epoch  20 training error:  tensor(0.4204, device='cuda:0', grad_fn=<DivBackward0>)
Memory status after this epoch: 
Memory allocated:  30.650390625
Memory cached:  48.0
	 epoch  30 training error:  tensor(0.3095, device='cuda:0', grad_fn=<DivBackward0>)
Memory status after this epoch: 
Memory allocated:  30.650390625
Memory cached:  48.0
	 epoch  40 training error:  tensor(0.2490, device='cuda:0', grad_fn=<DivBackward0>)
Memory status after this epoch: 
Memory allocated:  30.650390625
Memory cached:  48.0
	 epoch  50 training error:  tensor(0.2594, device='cuda:0', grad_fn=<DivBackward0>)
Memory status after this epoch: 
Memory allocated:  30.650390625
Memory cached:  48.0
	 epoch  60 training error:  tensor(0.2549, device='cuda:0', grad_fn=<DivBackward0>)
Memory status after this epoch: 
Memory allocated:  30.650390625
Memory cached:  48.0
	 epoch  70 training error:  tensor(0.2490, device='cuda:0', grad_fn=<DivBackward0>)
Memory status after this epoch: 
Memory allocated:  30.650390625
Memory cached:  48.0
	 epoch  80 training error:  tensor(0.2481, device='cuda:0', grad_fn=<DivBackward0>)
Memory status after this epoch: 
Memory allocated:  30.650390625
Memory cached:  48.0
	 epoch  90 training error:  tensor(0.2477, device='cuda:0', grad_fn=<DivBackward0>)
Memory status after this epoch: 
Memory allocated:  30.650390625
Memory cached:  48.0
