[I 2023-11-07 22:34:52,864] Trial 2 finished with value: 0.058123987168073654 and parameters: {'W_layers': 4, 'W_layer_units_exponent_0': 6, 'W_layer_units_exponent_1': 6, 'W_layer_units_exponent_2': 6, 'W_layer_units_exponent_3': 8, 'D_layers': 5, 'D_layer_units_exponent_0': 5, 'D_layer_units_exponent_1': 10, 'D_layer_units_exponent_2': 4, 'D_layer_units_exponent_3': 7, 'D_layer_units_exponent_4': 10, 'D_dagger_layers': 7, 'D_dagger_layer_units_exponent_0': 8, 'D_dagger_layer_units_exponent_1': 5, 'D_dagger_layer_units_exponent_2': 7, 'D_dagger_layer_units_exponent_3': 9, 'D_dagger_layer_units_exponent_4': 6, 'D_dagger_layer_units_exponent_5': 7, 'D_dagger_layer_units_exponent_6': 4, 'log_learning_rate': -1.6473846095009876, 'log_learning_rate_D': -3.542356641635861, 'log_learning_rate_D_dagger': -3.9657887489814416, 'training_batch_size': 11, 'training_p': 7}. Best is trial 1 with value: 0.02546669915318489.
Time for this trial:  210.14722442626953
Memory status after this trial: 
Memory allocated:  206.06689453125
Memory cached:  210.0
--------------------  Trial  3   --------------------
Start timing: 
Parameters: 
{'W_layers': 6, 'W_layer_units_exponent_0': 9, 'W_layer_units_exponent_1': 6, 'W_layer_units_exponent_2': 7, 'W_layer_units_exponent_3': 8, 'W_layer_units_exponent_4': 8, 'W_layer_units_exponent_5': 10, 'D_layers': 8, 'D_layer_units_exponent_0': 10, 'D_layer_units_exponent_1': 6, 'D_layer_units_exponent_2': 4, 'D_layer_units_exponent_3': 6, 'D_layer_units_exponent_4': 4, 'D_layer_units_exponent_5': 5, 'D_layer_units_exponent_6': 10, 'D_layer_units_exponent_7': 7, 'D_dagger_layers': 3, 'D_dagger_layer_units_exponent_0': 5, 'D_dagger_layer_units_exponent_1': 7, 'D_dagger_layer_units_exponent_2': 7, 'log_learning_rate': -1.5309908913284644, 'log_learning_rate_D': -1.593403839421268, 'log_learning_rate_D_dagger': -3.7035707189616023, 'training_batch_size': 11, 'training_p': 2}
	 epoch  0 training error:  tensor(1.1050, device='cuda:0', grad_fn=<DivBackward0>)
Memory status after this epoch: 
Memory allocated:  10.31884765625
Memory cached:  154.0
	 epoch  10 training error:  tensor(0.8695, device='cuda:0', grad_fn=<DivBackward0>)
Memory status after this epoch: 
Memory allocated:  10.31884765625
Memory cached:  278.0
	 epoch  20 training error:  tensor(0.3323, device='cuda:0', grad_fn=<DivBackward0>)
Memory status after this epoch: 
Memory allocated:  10.31884765625
Memory cached:  286.0
	 epoch  30 training error:  tensor(0.1757, device='cuda:0', grad_fn=<DivBackward0>)
Memory status after this epoch: 
Memory allocated:  10.31884765625
Memory cached:  294.0
	 epoch  40 training error:  tensor(0.0790, device='cuda:0', grad_fn=<DivBackward0>)
Memory status after this epoch: 
Memory allocated:  10.31884765625
Memory cached:  282.0
	 epoch  50 training error:  tensor(0.0538, device='cuda:0', grad_fn=<DivBackward0>)
Memory status after this epoch: 
Memory allocated:  10.31884765625
Memory cached:  302.0
	 epoch  60 training error:  tensor(0.0436, device='cuda:0', grad_fn=<DivBackward0>)
Memory status after this epoch: 
Memory allocated:  10.31884765625
Memory cached:  298.0
	 epoch  70 training error:  tensor(0.0359, device='cuda:0', grad_fn=<DivBackward0>)
Memory status after this epoch: 
Memory allocated:  10.31884765625
Memory cached:  302.0
	 epoch  80 training error:  tensor(0.0354, device='cuda:0', grad_fn=<DivBackward0>)
Memory status after this epoch: 
Memory allocated:  10.31884765625
Memory cached:  284.0
	 epoch  90 training error:  tensor(0.0353, device='cuda:0', grad_fn=<DivBackward0>)
Memory status after this epoch: 
Memory allocated:  10.31884765625
Memory cached:  284.0
[I 2023-11-07 22:38:37,131] Trial 3 finished with value: 0.03503331542015076 and parameters: {'W_layers': 6, 'W_layer_units_exponent_0': 9, 'W_layer_units_exponent_1': 6, 'W_layer_units_exponent_2': 7, 'W_layer_units_exponent_3': 8, 'W_layer_units_exponent_4': 8, 'W_layer_units_exponent_5': 10, 'D_layers': 8, 'D_layer_units_exponent_0': 10, 'D_layer_units_exponent_1': 6, 'D_layer_units_exponent_2': 4, 'D_layer_units_exponent_3': 6, 'D_layer_units_exponent_4': 4, 'D_layer_units_exponent_5': 5, 'D_layer_units_exponent_6': 10, 'D_layer_units_exponent_7': 7, 'D_dagger_layers': 3, 'D_dagger_layer_units_exponent_0': 5, 'D_dagger_layer_units_exponent_1': 7, 'D_dagger_layer_units_exponent_2': 7, 'log_learning_rate': -1.5309908913284644, 'log_learning_rate_D': -1.593403839421268, 'log_learning_rate_D_dagger': -3.7035707189616023, 'training_batch_size': 11, 'training_p': 2}. Best is trial 1 with value: 0.02546669915318489.
Time for this trial:  224.10350394248962
Memory status after this trial: 
Memory allocated:  266.642578125
Memory cached:  272.0
--------------------  Trial  4   --------------------
Start timing: 
Parameters: 
{'W_layers': 6, 'W_layer_units_exponent_0': 5, 'W_layer_units_exponent_1': 10, 'W_layer_units_exponent_2': 8, 'W_layer_units_exponent_3': 5, 'W_layer_units_exponent_4': 6, 'W_layer_units_exponent_5': 10, 'D_layers': 6, 'D_layer_units_exponent_0': 5, 'D_layer_units_exponent_1': 8, 'D_layer_units_exponent_2': 10, 'D_layer_units_exponent_3': 5, 'D_layer_units_exponent_4': 4, 'D_layer_units_exponent_5': 10, 'D_dagger_layers': 4, 'D_dagger_layer_units_exponent_0': 7, 'D_dagger_layer_units_exponent_1': 8, 'D_dagger_layer_units_exponent_2': 5, 'D_dagger_layer_units_exponent_3': 8, 'log_learning_rate': -4.4991255728193975, 'log_learning_rate_D': -3.1825447261800894, 'log_learning_rate_D_dagger': -2.643108278971144, 'training_batch_size': 8, 'training_p': 5}
	 epoch  0 training error:  tensor(1.0151, device='cuda:0', grad_fn=<DivBackward0>)
Memory status after this epoch: 
Memory allocated:  11.54541015625
Memory cached:  134.0
	 epoch  10 training error:  tensor(0.1752, device='cuda:0', grad_fn=<DivBackward0>)
Memory status after this epoch: 
Memory allocated:  11.54541015625
Memory cached:  266.0
	 epoch  20 training error:  tensor(0.0810, device='cuda:0', grad_fn=<DivBackward0>)
Memory status after this epoch: 
Memory allocated:  11.54541015625
Memory cached:  254.0
	 epoch  30 training error:  tensor(0.0757, device='cuda:0', grad_fn=<DivBackward0>)
Memory status after this epoch: 
Memory allocated:  11.54541015625
Memory cached:  252.0
	 epoch  40 training error:  tensor(0.0374, device='cuda:0', grad_fn=<DivBackward0>)
Memory status after this epoch: 
Memory allocated:  11.54541015625
Memory cached:  254.0
	 epoch  50 training error:  tensor(0.0483, device='cuda:0', grad_fn=<DivBackward0>)
Memory status after this epoch: 
Memory allocated:  11.54541015625
Memory cached:  256.0
	 epoch  60 training error:  tensor(0.0421, device='cuda:0', grad_fn=<DivBackward0>)
Memory status after this epoch: 
Memory allocated:  11.54541015625
Memory cached:  260.0
	 epoch  70 training error:  tensor(0.0511, device='cuda:0', grad_fn=<DivBackward0>)
Memory status after this epoch: 
Memory allocated:  11.54541015625
Memory cached:  272.0
	 epoch  80 training error:  tensor(0.0506, device='cuda:0', grad_fn=<DivBackward0>)
Memory status after this epoch: 
Memory allocated:  11.54541015625
Memory cached:  264.0
	 epoch  90 training error:  tensor(0.0746, device='cuda:0', grad_fn=<DivBackward0>)
Memory status after this epoch: 
Memory allocated:  11.54541015625
Memory cached:  268.0
[I 2023-11-07 22:42:25,777] Trial 4 finished with value: 0.026208192110061646 and parameters: {'W_layers': 6, 'W_layer_units_exponent_0': 5, 'W_layer_units_exponent_1': 10, 'W_layer_units_exponent_2': 8, 'W_layer_units_exponent_3': 5, 'W_layer_units_exponent_4': 6, 'W_layer_units_exponent_5': 10, 'D_layers': 6, 'D_layer_units_exponent_0': 5, 'D_layer_units_exponent_1': 8, 'D_layer_units_exponent_2': 10, 'D_layer_units_exponent_3': 5, 'D_layer_units_exponent_4': 4, 'D_layer_units_exponent_5': 10, 'D_dagger_layers': 4, 'D_dagger_layer_units_exponent_0': 7, 'D_dagger_layer_units_exponent_1': 8, 'D_dagger_layer_units_exponent_2': 5, 'D_dagger_layer_units_exponent_3': 8, 'log_learning_rate': -4.4991255728193975, 'log_learning_rate_D': -3.1825447261800894, 'log_learning_rate_D_dagger': -2.643108278971144, 'training_batch_size': 8, 'training_p': 5}. Best is trial 1 with value: 0.02546669915318489.
Time for this trial:  228.47807002067566
Memory status after this trial: 
Memory allocated:  298.6943359375
Memory cached:  306.0
--------------------  Trial  5   --------------------
Start timing: 
Parameters: 
{'W_layers': 3, 'W_layer_units_exponent_0': 4, 'W_layer_units_exponent_1': 7, 'W_layer_units_exponent_2': 10, 'D_layers': 2, 'D_layer_units_exponent_0': 10, 'D_layer_units_exponent_1': 6, 'D_dagger_layers': 4, 'D_dagger_layer_units_exponent_0': 6, 'D_dagger_layer_units_exponent_1': 10, 'D_dagger_layer_units_exponent_2': 4, 'D_dagger_layer_units_exponent_3': 5, 'log_learning_rate': -4.815079616867257, 'log_learning_rate_D': -3.7103851894353563, 'log_learning_rate_D_dagger': -2.4062046117190548, 'training_batch_size': 10, 'training_p': 6}
	 epoch  0 training error:  tensor(1.0669, device='cuda:0', grad_fn=<DivBackward0>)
Memory status after this epoch: 
Memory allocated:  4.55322265625
Memory cached:  134.0
	 epoch  10 training error:  tensor(0.1943, device='cuda:0', grad_fn=<DivBackward0>)
Memory status after this epoch: 
Memory allocated:  4.55322265625
Memory cached:  236.0
	 epoch  20 training error:  tensor(0.2280, device='cuda:0', grad_fn=<DivBackward0>)
Memory status after this epoch: 
Memory allocated:  4.55322265625
Memory cached:  250.0
	 epoch  30 training error:  tensor(0.1263, device='cuda:0', grad_fn=<DivBackward0>)
Memory status after this epoch: 
Memory allocated:  4.55322265625
Memory cached:  254.0
	 epoch  40 training error:  tensor(0.0613, device='cuda:0', grad_fn=<DivBackward0>)
Memory status after this epoch: 
Memory allocated:  4.55322265625
Memory cached:  238.0
	 epoch  50 training error:  tensor(0.0754, device='cuda:0', grad_fn=<DivBackward0>)
Memory status after this epoch: 
Memory allocated:  4.55322265625
Memory cached:  252.0
	 epoch  60 training error:  tensor(0.0548, device='cuda:0', grad_fn=<DivBackward0>)
Memory status after this epoch: 
Memory allocated:  4.55322265625
Memory cached:  254.0
	 epoch  70 training error:  tensor(0.0280, device='cuda:0', grad_fn=<DivBackward0>)
Memory status after this epoch: 
Memory allocated:  4.55322265625
Memory cached:  246.0
	 epoch  80 training error:  tensor(0.0471, device='cuda:0', grad_fn=<DivBackward0>)
Memory status after this epoch: 
Memory allocated:  4.55322265625
Memory cached:  238.0
	 epoch  90 training error:  tensor(0.0307, device='cuda:0', grad_fn=<DivBackward0>)
Memory status after this epoch: 
Memory allocated:  4.55322265625
Memory cached:  244.0
[I 2023-11-07 22:45:00,989] Trial 5 finished with value: 0.021051554009318352 and parameters: {'W_layers': 3, 'W_layer_units_exponent_0': 4, 'W_layer_units_exponent_1': 7, 'W_layer_units_exponent_2': 10, 'D_layers': 2, 'D_layer_units_exponent_0': 10, 'D_layer_units_exponent_1': 6, 'D_dagger_layers': 4, 'D_dagger_layer_units_exponent_0': 6, 'D_dagger_layer_units_exponent_1': 10, 'D_dagger_layer_units_exponent_2': 4, 'D_dagger_layer_units_exponent_3': 5, 'log_learning_rate': -4.815079616867257, 'log_learning_rate_D': -3.7103851894353563, 'log_learning_rate_D_dagger': -2.4062046117190548, 'training_batch_size': 10, 'training_p': 6}. Best is trial 5 with value: 0.021051554009318352.
Time for this trial:  155.0072238445282
Memory status after this trial: 
Memory allocated:  184.12451171875
Memory cached:  188.0
--------------------  Trial  6   --------------------
Start timing: 
Parameters: 
{'W_layers': 3, 'W_layer_units_exponent_0': 7, 'W_layer_units_exponent_1': 5, 'W_layer_units_exponent_2': 7, 'D_layers': 2, 'D_layer_units_exponent_0': 5, 'D_layer_units_exponent_1': 5, 'D_dagger_layers': 3, 'D_dagger_layer_units_exponent_0': 4, 'D_dagger_layer_units_exponent_1': 5, 'D_dagger_layer_units_exponent_2': 7, 'log_learning_rate': -1.5874900755848786, 'log_learning_rate_D': -4.557594067968549, 'log_learning_rate_D_dagger': -2.994361647620841, 'training_batch_size': 7, 'training_p': 8}
	 epoch  0 training error:  tensor(0.9881, device='cuda:0', grad_fn=<DivBackward0>)
Memory status after this epoch: 
Memory allocated:  0.36572265625
Memory cached:  60.0
	 epoch  10 training error:  tensor(0.4744, device='cuda:0', grad_fn=<DivBackward0>)
Memory status after this epoch: 
Memory allocated:  0.36572265625
Memory cached:  66.0
	 epoch  20 training error:  tensor(0.1755, device='cuda:0', grad_fn=<DivBackward0>)
Memory status after this epoch: 
Memory allocated:  0.36572265625
Memory cached:  66.0
	 epoch  30 training error:  tensor(0.0794, device='cuda:0', grad_fn=<DivBackward0>)
Memory status after this epoch: 
Memory allocated:  0.36572265625
Memory cached:  66.0
	 epoch  40 training error:  tensor(0.0729, device='cuda:0', grad_fn=<DivBackward0>)
Memory status after this epoch: 
Memory allocated:  0.36572265625
Memory cached:  66.0
	 epoch  50 training error:  tensor(0.0529, device='cuda:0', grad_fn=<DivBackward0>)
Memory status after this epoch: 
Memory allocated:  0.36572265625
Memory cached:  66.0
	 epoch  60 training error:  tensor(0.0529, device='cuda:0', grad_fn=<DivBackward0>)
Memory status after this epoch: 
Memory allocated:  0.36572265625
Memory cached:  66.0
	 epoch  70 training error:  tensor(0.0492, device='cuda:0', grad_fn=<DivBackward0>)
Memory status after this epoch: 
Memory allocated:  0.36572265625
Memory cached:  66.0
	 epoch  80 training error:  tensor(0.0489, device='cuda:0', grad_fn=<DivBackward0>)
Memory status after this epoch: 
Memory allocated:  0.36572265625
Memory cached:  66.0
	 epoch  90 training error:  tensor(0.0483, device='cuda:0', grad_fn=<DivBackward0>)
Memory status after this epoch: 
Memory allocated:  0.36572265625
Memory cached:  66.0
[I 2023-11-07 22:47:13,243] Trial 6 finished with value: 0.03810156509280205 and parameters: {'W_layers': 3, 'W_layer_units_exponent_0': 7, 'W_layer_units_exponent_1': 5, 'W_layer_units_exponent_2': 7, 'D_layers': 2, 'D_layer_units_exponent_0': 5, 'D_layer_units_exponent_1': 5, 'D_dagger_layers': 3, 'D_dagger_layer_units_exponent_0': 4, 'D_dagger_layer_units_exponent_1': 5, 'D_dagger_layer_units_exponent_2': 7, 'log_learning_rate': -1.5874900755848786, 'log_learning_rate_D': -4.557594067968549, 'log_learning_rate_D_dagger': -2.994361647620841, 'training_batch_size': 7, 'training_p': 8}. Best is trial 5 with value: 0.021051554009318352.
Time for this trial:  132.12052583694458
Memory status after this trial: 
Memory allocated:  29.45263671875
Memory cached:  60.0
--------------------  Trial  7   --------------------
Start timing: 
Parameters: 
{'W_layers': 2, 'W_layer_units_exponent_0': 10, 'W_layer_units_exponent_1': 4, 'D_layers': 3, 'D_layer_units_exponent_0': 4, 'D_layer_units_exponent_1': 5, 'D_layer_units_exponent_2': 4, 'D_dagger_layers': 6, 'D_dagger_layer_units_exponent_0': 8, 'D_dagger_layer_units_exponent_1': 4, 'D_dagger_layer_units_exponent_2': 10, 'D_dagger_layer_units_exponent_3': 9, 'D_dagger_layer_units_exponent_4': 6, 'D_dagger_layer_units_exponent_5': 4, 'log_learning_rate': -1.6675389719893525, 'log_learning_rate_D': -4.101657708811018, 'log_learning_rate_D_dagger': -1.1992015163922196, 'training_batch_size': 11, 'training_p': 8}
	 epoch  0 training error:  tensor(1.0957, device='cuda:0', grad_fn=<DivBackward0>)
Memory status after this epoch: 
Memory allocated:  9.35986328125
Memory cached:  154.0
	 epoch  10 training error:  tensor(0.9918, device='cuda:0', grad_fn=<DivBackward0>)
Memory status after this epoch: 
Memory allocated:  9.35986328125
Memory cached:  262.0
	 epoch  20 training error:  tensor(0.9517, device='cuda:0', grad_fn=<DivBackward0>)
Memory status after this epoch: 
Memory allocated:  9.35986328125
Memory cached:  266.0
	 epoch  30 training error:  tensor(0.4582, device='cuda:0', grad_fn=<DivBackward0>)
Memory status after this epoch: 
Memory allocated:  9.35986328125
Memory cached:  246.0
	 epoch  40 training error:  tensor(0.0602, device='cuda:0', grad_fn=<DivBackward0>)
Memory status after this epoch: 
Memory allocated:  9.35986328125
Memory cached:  256.0
	 epoch  50 training error:  tensor(0.4002, device='cuda:0', grad_fn=<DivBackward0>)
Memory status after this epoch: 
Memory allocated:  9.35986328125
Memory cached:  242.0
	 epoch  60 training error:  tensor(0.2498, device='cuda:0', grad_fn=<DivBackward0>)
Memory status after this epoch: 
Memory allocated:  9.35986328125
Memory cached:  252.0
	 epoch  70 training error:  tensor(0.1174, device='cuda:0', grad_fn=<DivBackward0>)
Memory status after this epoch: 
Memory allocated:  9.35986328125
Memory cached:  262.0
	 epoch  80 training error:  tensor(0.1343, device='cuda:0', grad_fn=<DivBackward0>)
Memory status after this epoch: 
Memory allocated:  9.35986328125
Memory cached:  254.0
	 epoch  90 training error:  tensor(0.0312, device='cuda:0', grad_fn=<DivBackward0>)
Memory status after this epoch: 
Memory allocated:  9.35986328125
Memory cached:  246.0
[I 2023-11-07 22:50:00,819] Trial 7 finished with value: 0.033993300050497055 and parameters: {'W_layers': 2, 'W_layer_units_exponent_0': 10, 'W_layer_units_exponent_1': 4, 'D_layers': 3, 'D_layer_units_exponent_0': 4, 'D_layer_units_exponent_1': 5, 'D_layer_units_exponent_2': 4, 'D_dagger_layers': 6, 'D_dagger_layer_units_exponent_0': 8, 'D_dagger_layer_units_exponent_1': 4, 'D_dagger_layer_units_exponent_2': 10, 'D_dagger_layer_units_exponent_3': 9, 'D_dagger_layer_units_exponent_4': 6, 'D_dagger_layer_units_exponent_5': 4, 'log_learning_rate': -1.6675389719893525, 'log_learning_rate_D': -4.101657708811018, 'log_learning_rate_D_dagger': -1.1992015163922196, 'training_batch_size': 11, 'training_p': 8}. Best is trial 5 with value: 0.021051554009318352.
Time for this trial:  167.4462878704071
Memory status after this trial: 
Memory allocated:  166.2216796875
Memory cached:  190.0
--------------------  Trial  8   --------------------
Start timing: 
Parameters: 
{'W_layers': 3, 'W_layer_units_exponent_0': 7, 'W_layer_units_exponent_1': 5, 'W_layer_units_exponent_2': 9, 'D_layers': 4, 'D_layer_units_exponent_0': 8, 'D_layer_units_exponent_1': 6, 'D_layer_units_exponent_2': 6, 'D_layer_units_exponent_3': 8, 'D_dagger_layers': 6, 'D_dagger_layer_units_exponent_0': 8, 'D_dagger_layer_units_exponent_1': 6, 'D_dagger_layer_units_exponent_2': 5, 'D_dagger_layer_units_exponent_3': 4, 'D_dagger_layer_units_exponent_4': 5, 'D_dagger_layer_units_exponent_5': 6, 'log_learning_rate': -1.9920467520187732, 'log_learning_rate_D': -4.733171155045671, 'log_learning_rate_D_dagger': -2.112018937295203, 'training_batch_size': 6, 'training_p': 5}
	 epoch  0 training error:  tensor(1.0472, device='cuda:0', grad_fn=<DivBackward0>)
Memory status after this epoch: 
Memory allocated:  1.42724609375
Memory cached:  92.0
	 epoch  10 training error:  tensor(0.4460, device='cuda:0', grad_fn=<DivBackward0>)
Memory status after this epoch: 
Memory allocated:  1.42724609375
Memory cached:  136.0
	 epoch  20 training error:  tensor(0.1262, device='cuda:0', grad_fn=<DivBackward0>)
Memory status after this epoch: 
Memory allocated:  1.42724609375
Memory cached:  144.0
	 epoch  30 training error:  tensor(0.1217, device='cuda:0', grad_fn=<DivBackward0>)
Memory status after this epoch: 
Memory allocated:  1.42724609375
Memory cached:  142.0
	 epoch  40 training error:  tensor(0.0728, device='cuda:0', grad_fn=<DivBackward0>)
Memory status after this epoch: 
Memory allocated:  1.42724609375
Memory cached:  140.0
	 epoch  50 training error:  tensor(0.0569, device='cuda:0', grad_fn=<DivBackward0>)
Memory status after this epoch: 
Memory allocated:  1.42724609375
Memory cached:  148.0
	 epoch  60 training error:  tensor(0.1467, device='cuda:0', grad_fn=<DivBackward0>)
Memory status after this epoch: 
Memory allocated:  1.42724609375
Memory cached:  142.0
	 epoch  70 training error:  tensor(0.2225, device='cuda:0', grad_fn=<DivBackward0>)
Memory status after this epoch: 
Memory allocated:  1.42724609375
Memory cached:  144.0
	 epoch  80 training error:  tensor(0.0359, device='cuda:0', grad_fn=<DivBackward0>)
Memory status after this epoch: 
Memory allocated:  1.42724609375
Memory cached:  134.0
	 epoch  90 training error:  tensor(0.0613, device='cuda:0', grad_fn=<DivBackward0>)
Memory status after this epoch: 
Memory allocated:  1.42724609375
Memory cached:  136.0
