[I 2023-11-04 04:44:52,443] Trial 46 finished with value: 0.0700766071677208 and parameters: {'W_layers': 6, 'W_layer_units_exponent_0': 10, 'W_layer_units_exponent_1': 10, 'W_layer_units_exponent_2': 6, 'W_layer_units_exponent_3': 8, 'W_layer_units_exponent_4': 5, 'W_layer_units_exponent_5': 4, 'D_layers': 4, 'D_layer_units_exponent_0': 8, 'D_layer_units_exponent_1': 4, 'D_layer_units_exponent_2': 10, 'D_layer_units_exponent_3': 10, 'log_learning_rate': -2.575337311559256, 'log_learning_rate_D': -4.59209068919027, 'training_batch_size': 11, 'training_p': 3}. Best is trial 44 with value: 0.028253687545657158.
Time for this trial:  159.73730874061584
Memory status after this trial: 
Memory allocated:  269.63525390625
Memory cached:  276.0
--------------------  Trial  47   --------------------
Start timing: 
Parameters: 
{'W_layers': 7, 'W_layer_units_exponent_0': 9, 'W_layer_units_exponent_1': 8, 'W_layer_units_exponent_2': 5, 'W_layer_units_exponent_3': 8, 'W_layer_units_exponent_4': 9, 'W_layer_units_exponent_5': 4, 'W_layer_units_exponent_6': 6, 'D_layers': 4, 'D_layer_units_exponent_0': 9, 'D_layer_units_exponent_1': 4, 'D_layer_units_exponent_2': 10, 'D_layer_units_exponent_3': 10, 'log_learning_rate': -3.0402205341456683, 'log_learning_rate_D': -3.724113015089277, 'training_batch_size': 11, 'training_p': 4}
	 epoch  0 training error:  tensor(1.0120, device='cuda:0', grad_fn=<DivBackward0>)
Memory status after this epoch: 
Memory allocated:  20.9619140625
Memory cached:  34.0
	 epoch  10 training error:  tensor(0.0818, device='cuda:0', grad_fn=<DivBackward0>)
Memory status after this epoch: 
Memory allocated:  20.9619140625
Memory cached:  38.0
	 epoch  20 training error:  tensor(0.0742, device='cuda:0', grad_fn=<DivBackward0>)
Memory status after this epoch: 
Memory allocated:  20.9619140625
Memory cached:  38.0
	 epoch  30 training error:  tensor(0.0765, device='cuda:0', grad_fn=<DivBackward0>)
Memory status after this epoch: 
Memory allocated:  20.9619140625
Memory cached:  38.0
	 epoch  40 training error:  tensor(0.0688, device='cuda:0', grad_fn=<DivBackward0>)
Memory status after this epoch: 
Memory allocated:  20.9619140625
Memory cached:  38.0
	 epoch  50 training error:  tensor(0.0480, device='cuda:0', grad_fn=<DivBackward0>)
Memory status after this epoch: 
Memory allocated:  20.9619140625
Memory cached:  38.0
	 epoch  60 training error:  tensor(0.0526, device='cuda:0', grad_fn=<DivBackward0>)
Memory status after this epoch: 
Memory allocated:  20.9619140625
Memory cached:  38.0
	 epoch  70 training error:  tensor(0.0565, device='cuda:0', grad_fn=<DivBackward0>)
Memory status after this epoch: 
Memory allocated:  20.9619140625
Memory cached:  38.0
	 epoch  80 training error:  tensor(0.0795, device='cuda:0', grad_fn=<DivBackward0>)
Memory status after this epoch: 
Memory allocated:  20.9619140625
Memory cached:  38.0
	 epoch  90 training error:  tensor(0.0535, device='cuda:0', grad_fn=<DivBackward0>)
Memory status after this epoch: 
Memory allocated:  20.9619140625
Memory cached:  38.0
[I 2023-11-04 04:47:37,666] Trial 47 finished with value: 0.07002395391464233 and parameters: {'W_layers': 7, 'W_layer_units_exponent_0': 9, 'W_layer_units_exponent_1': 8, 'W_layer_units_exponent_2': 5, 'W_layer_units_exponent_3': 8, 'W_layer_units_exponent_4': 9, 'W_layer_units_exponent_5': 4, 'W_layer_units_exponent_6': 6, 'D_layers': 4, 'D_layer_units_exponent_0': 9, 'D_layer_units_exponent_1': 4, 'D_layer_units_exponent_2': 10, 'D_layer_units_exponent_3': 10, 'log_learning_rate': -3.0402205341456683, 'log_learning_rate_D': -3.724113015089277, 'training_batch_size': 11, 'training_p': 4}. Best is trial 44 with value: 0.028253687545657158.
Time for this trial:  164.96422457695007
Memory status after this trial: 
Memory allocated:  235.67431640625
Memory cached:  252.0
--------------------  Trial  48   --------------------
Start timing: 
Parameters: 
{'W_layers': 8, 'W_layer_units_exponent_0': 5, 'W_layer_units_exponent_1': 10, 'W_layer_units_exponent_2': 6, 'W_layer_units_exponent_3': 9, 'W_layer_units_exponent_4': 7, 'W_layer_units_exponent_5': 4, 'W_layer_units_exponent_6': 9, 'W_layer_units_exponent_7': 7, 'D_layers': 4, 'D_layer_units_exponent_0': 8, 'D_layer_units_exponent_1': 5, 'D_layer_units_exponent_2': 9, 'D_layer_units_exponent_3': 10, 'log_learning_rate': -2.7665790370249117, 'log_learning_rate_D': -3.9499792715136284, 'training_batch_size': 12, 'training_p': 2}
	 epoch  0 training error:  tensor(0.9823, device='cuda:0', grad_fn=<DivBackward0>)
Memory status after this epoch: 
Memory allocated:  12.6767578125
Memory cached:  36.0
	 epoch  10 training error:  tensor(0.2535, device='cuda:0', grad_fn=<DivBackward0>)
Memory status after this epoch: 
Memory allocated:  12.6767578125
Memory cached:  40.0
	 epoch  20 training error:  tensor(0.2085, device='cuda:0', grad_fn=<DivBackward0>)
Memory status after this epoch: 
Memory allocated:  12.6767578125
Memory cached:  40.0
	 epoch  30 training error:  tensor(0.1280, device='cuda:0', grad_fn=<DivBackward0>)
Memory status after this epoch: 
Memory allocated:  12.6767578125
Memory cached:  40.0
	 epoch  40 training error:  tensor(0.0570, device='cuda:0', grad_fn=<DivBackward0>)
Memory status after this epoch: 
Memory allocated:  12.6767578125
Memory cached:  40.0
	 epoch  50 training error:  tensor(0.1110, device='cuda:0', grad_fn=<DivBackward0>)
Memory status after this epoch: 
Memory allocated:  12.6767578125
Memory cached:  40.0
	 epoch  60 training error:  tensor(0.1053, device='cuda:0', grad_fn=<DivBackward0>)
Memory status after this epoch: 
Memory allocated:  12.6767578125
Memory cached:  40.0
	 epoch  70 training error:  tensor(0.0792, device='cuda:0', grad_fn=<DivBackward0>)
Memory status after this epoch: 
Memory allocated:  12.6767578125
Memory cached:  40.0
	 epoch  80 training error:  tensor(0.0652, device='cuda:0', grad_fn=<DivBackward0>)
Memory status after this epoch: 
Memory allocated:  12.6767578125
Memory cached:  40.0
	 epoch  90 training error:  tensor(0.0636, device='cuda:0', grad_fn=<DivBackward0>)
Memory status after this epoch: 
Memory allocated:  12.6767578125
Memory cached:  40.0
[I 2023-11-04 04:50:27,543] Trial 48 finished with value: 0.05585174635052681 and parameters: {'W_layers': 8, 'W_layer_units_exponent_0': 5, 'W_layer_units_exponent_1': 10, 'W_layer_units_exponent_2': 6, 'W_layer_units_exponent_3': 9, 'W_layer_units_exponent_4': 7, 'W_layer_units_exponent_5': 4, 'W_layer_units_exponent_6': 9, 'W_layer_units_exponent_7': 7, 'D_layers': 4, 'D_layer_units_exponent_0': 8, 'D_layer_units_exponent_1': 5, 'D_layer_units_exponent_2': 9, 'D_layer_units_exponent_3': 10, 'log_learning_rate': -2.7665790370249117, 'log_learning_rate_D': -3.9499792715136284, 'training_batch_size': 12, 'training_p': 2}. Best is trial 44 with value: 0.028253687545657158.
Time for this trial:  169.62400722503662
Memory status after this trial: 
Memory allocated:  232.61865234375
Memory cached:  252.0
--------------------  Trial  49   --------------------
Start timing: 
Parameters: 
{'W_layers': 5, 'W_layer_units_exponent_0': 6, 'W_layer_units_exponent_1': 9, 'W_layer_units_exponent_2': 4, 'W_layer_units_exponent_3': 8, 'W_layer_units_exponent_4': 6, 'D_layers': 2, 'D_layer_units_exponent_0': 6, 'D_layer_units_exponent_1': 5, 'log_learning_rate': -2.3567567251705377, 'log_learning_rate_D': -3.4034575071897084, 'training_batch_size': 7, 'training_p': 3}
	 epoch  0 training error:  tensor(0.9326, device='cuda:0', grad_fn=<DivBackward0>)
Memory status after this epoch: 
Memory allocated:  1.0419921875
Memory cached:  8.0
	 epoch  10 training error:  tensor(0.6242, device='cuda:0', grad_fn=<DivBackward0>)
Memory status after this epoch: 
Memory allocated:  1.0419921875
Memory cached:  12.0
	 epoch  20 training error:  tensor(0.1254, device='cuda:0', grad_fn=<DivBackward0>)
Memory status after this epoch: 
Memory allocated:  1.0419921875
Memory cached:  12.0
	 epoch  30 training error:  tensor(0.1369, device='cuda:0', grad_fn=<DivBackward0>)
Memory status after this epoch: 
Memory allocated:  1.0419921875
Memory cached:  12.0
	 epoch  40 training error:  tensor(0.0955, device='cuda:0', grad_fn=<DivBackward0>)
Memory status after this epoch: 
Memory allocated:  1.0419921875
Memory cached:  12.0
	 epoch  50 training error:  tensor(0.1593, device='cuda:0', grad_fn=<DivBackward0>)
Memory status after this epoch: 
Memory allocated:  1.0419921875
Memory cached:  12.0
	 epoch  60 training error:  tensor(0.2504, device='cuda:0', grad_fn=<DivBackward0>)
Memory status after this epoch: 
Memory allocated:  1.0419921875
Memory cached:  12.0
	 epoch  70 training error:  tensor(0.0492, device='cuda:0', grad_fn=<DivBackward0>)
Memory status after this epoch: 
Memory allocated:  1.0419921875
Memory cached:  12.0
	 epoch  80 training error:  tensor(0.0590, device='cuda:0', grad_fn=<DivBackward0>)
Memory status after this epoch: 
Memory allocated:  1.0419921875
Memory cached:  12.0
	 epoch  90 training error:  tensor(0.0612, device='cuda:0', grad_fn=<DivBackward0>)
Memory status after this epoch: 
Memory allocated:  1.0419921875
Memory cached:  12.0
[I 2023-11-04 04:52:19,612] Trial 49 finished with value: 0.06642834842205048 and parameters: {'W_layers': 5, 'W_layer_units_exponent_0': 6, 'W_layer_units_exponent_1': 9, 'W_layer_units_exponent_2': 4, 'W_layer_units_exponent_3': 8, 'W_layer_units_exponent_4': 6, 'D_layers': 2, 'D_layer_units_exponent_0': 6, 'D_layer_units_exponent_1': 5, 'log_learning_rate': -2.3567567251705377, 'log_learning_rate_D': -3.4034575071897084, 'training_batch_size': 7, 'training_p': 3}. Best is trial 44 with value: 0.028253687545657158.
[I 2023-11-04 04:52:19,632] A new study created in memory with name: no-name-96d80d30-ff88-40db-a1d8-479ccb652565
Time for this trial:  111.81244969367981
Memory status after this trial: 
Memory allocated:  55.11669921875
Memory cached:  56.0
--------------------  Trial  0   --------------------
Start timing: 
Parameters: 
{'W_layers': 5, 'W_layer_units_exponent_0': 4, 'W_layer_units_exponent_1': 8, 'W_layer_units_exponent_2': 9, 'W_layer_units_exponent_3': 8, 'W_layer_units_exponent_4': 7, 'D_layers': 5, 'D_layer_units_exponent_0': 10, 'D_layer_units_exponent_1': 10, 'D_layer_units_exponent_2': 10, 'D_layer_units_exponent_3': 10, 'D_layer_units_exponent_4': 6, 'log_learning_rate': -3.7868208483605885, 'log_learning_rate_D': -4.1931050240293155, 'training_batch_size': 10, 'training_p': 7}
	 epoch  0 training error:  tensor(1.0176, device='cuda:0', grad_fn=<DivBackward0>)
Memory status after this epoch: 
Memory allocated:  53.8193359375
Memory cached:  78.0
	 epoch  10 training error:  tensor(0.2432, device='cuda:0', grad_fn=<DivBackward0>)
Memory status after this epoch: 
Memory allocated:  53.8193359375
Memory cached:  80.0
	 epoch  20 training error:  tensor(0.0954, device='cuda:0', grad_fn=<DivBackward0>)
Memory status after this epoch: 
Memory allocated:  53.8193359375
Memory cached:  82.0
	 epoch  30 training error:  tensor(0.0719, device='cuda:0', grad_fn=<DivBackward0>)
Memory status after this epoch: 
Memory allocated:  53.8193359375
Memory cached:  82.0
	 epoch  40 training error:  tensor(0.0650, device='cuda:0', grad_fn=<DivBackward0>)
Memory status after this epoch: 
Memory allocated:  53.8193359375
Memory cached:  80.0
	 epoch  50 training error:  tensor(0.0581, device='cuda:0', grad_fn=<DivBackward0>)
Memory status after this epoch: 
Memory allocated:  53.8193359375
Memory cached:  80.0
	 epoch  60 training error:  tensor(0.0554, device='cuda:0', grad_fn=<DivBackward0>)
Memory status after this epoch: 
Memory allocated:  53.8193359375
Memory cached:  82.0
	 epoch  70 training error:  tensor(0.0530, device='cuda:0', grad_fn=<DivBackward0>)
Memory status after this epoch: 
Memory allocated:  53.8193359375
Memory cached:  80.0
	 epoch  80 training error:  tensor(0.0518, device='cuda:0', grad_fn=<DivBackward0>)
Memory status after this epoch: 
Memory allocated:  53.8193359375
Memory cached:  80.0
	 epoch  90 training error:  tensor(0.0512, device='cuda:0', grad_fn=<DivBackward0>)
Memory status after this epoch: 
Memory allocated:  53.8193359375
Memory cached:  82.0
[I 2023-11-04 04:55:02,359] Trial 0 finished with value: 0.04425015673041344 and parameters: {'W_layers': 5, 'W_layer_units_exponent_0': 4, 'W_layer_units_exponent_1': 8, 'W_layer_units_exponent_2': 9, 'W_layer_units_exponent_3': 8, 'W_layer_units_exponent_4': 7, 'D_layers': 5, 'D_layer_units_exponent_0': 10, 'D_layer_units_exponent_1': 10, 'D_layer_units_exponent_2': 10, 'D_layer_units_exponent_3': 10, 'D_layer_units_exponent_4': 6, 'log_learning_rate': -3.7868208483605885, 'log_learning_rate_D': -4.1931050240293155, 'training_batch_size': 10, 'training_p': 7}. Best is trial 0 with value: 0.04425015673041344.
Time for this trial:  162.60679054260254
Memory status after this trial: 
Memory allocated:  310.146484375
Memory cached:  330.0
--------------------  Trial  1   --------------------
Start timing: 
Parameters: 
{'W_layers': 7, 'W_layer_units_exponent_0': 8, 'W_layer_units_exponent_1': 6, 'W_layer_units_exponent_2': 9, 'W_layer_units_exponent_3': 4, 'W_layer_units_exponent_4': 10, 'W_layer_units_exponent_5': 9, 'W_layer_units_exponent_6': 9, 'D_layers': 3, 'D_layer_units_exponent_0': 4, 'D_layer_units_exponent_1': 7, 'D_layer_units_exponent_2': 7, 'log_learning_rate': -2.419406774008527, 'log_learning_rate_D': -4.4501169968847964, 'training_batch_size': 9, 'training_p': 5}
	 epoch  0 training error:  tensor(1.0255, device='cuda:0', grad_fn=<DivBackward0>)
Memory status after this epoch: 
Memory allocated:  13.5458984375
Memory cached:  36.0
	 epoch  10 training error:  tensor(0.7671, device='cuda:0', grad_fn=<DivBackward0>)
Memory status after this epoch: 
Memory allocated:  13.5458984375
Memory cached:  44.0
	 epoch  20 training error:  tensor(1.0000, device='cuda:0', grad_fn=<DivBackward0>)
Memory status after this epoch: 
Memory allocated:  13.5458984375
Memory cached:  44.0
	 epoch  30 training error:  tensor(1., device='cuda:0', grad_fn=<DivBackward0>)
Memory status after this epoch: 
Memory allocated:  13.5458984375
Memory cached:  40.0
	 epoch  40 training error:  tensor(1., device='cuda:0', grad_fn=<DivBackward0>)
Memory status after this epoch: 
Memory allocated:  13.5458984375
Memory cached:  40.0
	 epoch  50 training error:  tensor(1., device='cuda:0', grad_fn=<DivBackward0>)
Memory status after this epoch: 
Memory allocated:  13.5458984375
Memory cached:  40.0
	 epoch  60 training error:  tensor(1., device='cuda:0', grad_fn=<DivBackward0>)
Memory status after this epoch: 
Memory allocated:  13.5458984375
Memory cached:  40.0
	 epoch  70 training error:  tensor(1., device='cuda:0', grad_fn=<DivBackward0>)
Memory status after this epoch: 
Memory allocated:  13.5458984375
Memory cached:  40.0
	 epoch  80 training error:  tensor(1., device='cuda:0', grad_fn=<DivBackward0>)
Memory status after this epoch: 
Memory allocated:  13.5458984375
Memory cached:  40.0
	 epoch  90 training error:  tensor(1., device='cuda:0', grad_fn=<DivBackward0>)
Memory status after this epoch: 
Memory allocated:  13.5458984375
Memory cached:  40.0
[I 2023-11-04 04:57:30,317] Trial 1 finished with value: 1.0 and parameters: {'W_layers': 7, 'W_layer_units_exponent_0': 8, 'W_layer_units_exponent_1': 6, 'W_layer_units_exponent_2': 9, 'W_layer_units_exponent_3': 4, 'W_layer_units_exponent_4': 10, 'W_layer_units_exponent_5': 9, 'W_layer_units_exponent_6': 9, 'D_layers': 3, 'D_layer_units_exponent_0': 4, 'D_layer_units_exponent_1': 7, 'D_layer_units_exponent_2': 7, 'log_learning_rate': -2.419406774008527, 'log_learning_rate_D': -4.4501169968847964, 'training_batch_size': 9, 'training_p': 5}. Best is trial 0 with value: 0.04425015673041344.
Time for this trial:  147.8117916584015
Memory status after this trial: 
Memory allocated:  176.89892578125
Memory cached:  196.0
--------------------  Trial  2   --------------------
Start timing: 
Parameters: 
{'W_layers': 7, 'W_layer_units_exponent_0': 7, 'W_layer_units_exponent_1': 6, 'W_layer_units_exponent_2': 4, 'W_layer_units_exponent_3': 9, 'W_layer_units_exponent_4': 5, 'W_layer_units_exponent_5': 10, 'W_layer_units_exponent_6': 6, 'D_layers': 8, 'D_layer_units_exponent_0': 4, 'D_layer_units_exponent_1': 7, 'D_layer_units_exponent_2': 5, 'D_layer_units_exponent_3': 6, 'D_layer_units_exponent_4': 10, 'D_layer_units_exponent_5': 8, 'D_layer_units_exponent_6': 9, 'D_layer_units_exponent_7': 10, 'log_learning_rate': -2.013011690617631, 'log_learning_rate_D': -2.2871623102135246, 'training_batch_size': 9, 'training_p': 8}
	 epoch  0 training error:  tensor(1.0044, device='cuda:0', grad_fn=<DivBackward0>)
Memory status after this epoch: 
Memory allocated:  17.3017578125
Memory cached:  34.0
	 epoch  10 training error:  tensor(0.6054, device='cuda:0', grad_fn=<DivBackward0>)
Memory status after this epoch: 
Memory allocated:  17.3017578125
Memory cached:  38.0
	 epoch  20 training error:  tensor(0.5965, device='cuda:0', grad_fn=<DivBackward0>)
Memory status after this epoch: 
Memory allocated:  17.3017578125
Memory cached:  38.0
	 epoch  30 training error:  tensor(0.2950, device='cuda:0', grad_fn=<DivBackward0>)
Memory status after this epoch: 
Memory allocated:  17.3017578125
Memory cached:  38.0
	 epoch  40 training error:  tensor(0.5371, device='cuda:0', grad_fn=<DivBackward0>)
Memory status after this epoch: 
Memory allocated:  17.3017578125
Memory cached:  38.0
	 epoch  50 training error:  tensor(0.1524, device='cuda:0', grad_fn=<DivBackward0>)
Memory status after this epoch: 
Memory allocated:  17.3017578125
Memory cached:  38.0
	 epoch  60 training error:  tensor(0.1416, device='cuda:0', grad_fn=<DivBackward0>)
Memory status after this epoch: 
Memory allocated:  17.3017578125
Memory cached:  38.0
	 epoch  70 training error:  tensor(0.2769, device='cuda:0', grad_fn=<DivBackward0>)
Memory status after this epoch: 
Memory allocated:  17.3017578125
Memory cached:  38.0
	 epoch  80 training error:  tensor(0.3188, device='cuda:0', grad_fn=<DivBackward0>)
Memory status after this epoch: 
Memory allocated:  17.3017578125
Memory cached:  38.0
	 epoch  90 training error:  tensor(0.1731, device='cuda:0', grad_fn=<DivBackward0>)
Memory status after this epoch: 
Memory allocated:  17.3017578125
Memory cached:  38.0
