[I 2023-11-01 17:44:57,060] Trial 46 finished with value: 0.2308100014925003 and parameters: {'W_layers': 6, 'W_layer_units_exponent_0': 7, 'W_layer_units_exponent_1': 10, 'W_layer_units_exponent_2': 5, 'W_layer_units_exponent_3': 10, 'W_layer_units_exponent_4': 7, 'W_layer_units_exponent_5': 6, 'D_layers': 7, 'D_layer_units_exponent_0': 4, 'D_layer_units_exponent_1': 4, 'D_layer_units_exponent_2': 5, 'D_layer_units_exponent_3': 8, 'D_layer_units_exponent_4': 8, 'D_layer_units_exponent_5': 4, 'D_layer_units_exponent_6': 9, 'log_learning_rate': -4.771799490670178, 'log_learning_rate_D': -2.101671212963087, 'training_batch_size': 11, 'training_p': 8}. Best is trial 12 with value: 0.22162218391895294.
Time for this trial:  174.26703190803528
Memory status after this trial: 
Memory allocated:  190.98046875
Memory cached:  196.0
--------------------  Trial  47   --------------------
Start timing: 
Parameters: 
{'W_layers': 8, 'W_layer_units_exponent_0': 10, 'W_layer_units_exponent_1': 6, 'W_layer_units_exponent_2': 6, 'W_layer_units_exponent_3': 8, 'W_layer_units_exponent_4': 4, 'W_layer_units_exponent_5': 4, 'W_layer_units_exponent_6': 9, 'W_layer_units_exponent_7': 10, 'D_layers': 4, 'D_layer_units_exponent_0': 4, 'D_layer_units_exponent_1': 7, 'D_layer_units_exponent_2': 9, 'D_layer_units_exponent_3': 8, 'log_learning_rate': -4.556905363415185, 'log_learning_rate_D': -1.3077017097989505, 'training_batch_size': 10, 'training_p': 5}
	 epoch  0 training error:  tensor(0.9970, device='cuda:0', grad_fn=<DivBackward0>)
Memory status after this epoch: 
Memory allocated:  12.7392578125
Memory cached:  38.0
	 epoch  10 training error:  tensor(0.9307, device='cuda:0', grad_fn=<DivBackward0>)
Memory status after this epoch: 
Memory allocated:  12.7392578125
Memory cached:  42.0
	 epoch  20 training error:  tensor(0.7493, device='cuda:0', grad_fn=<DivBackward0>)
Memory status after this epoch: 
Memory allocated:  12.7392578125
Memory cached:  44.0
	 epoch  30 training error:  tensor(0.3787, device='cuda:0', grad_fn=<DivBackward0>)
Memory status after this epoch: 
Memory allocated:  12.7392578125
Memory cached:  44.0
	 epoch  40 training error:  tensor(0.3274, device='cuda:0', grad_fn=<DivBackward0>)
Memory status after this epoch: 
Memory allocated:  12.7392578125
Memory cached:  42.0
	 epoch  50 training error:  tensor(0.2797, device='cuda:0', grad_fn=<DivBackward0>)
Memory status after this epoch: 
Memory allocated:  12.7392578125
Memory cached:  44.0
	 epoch  60 training error:  tensor(0.2600, device='cuda:0', grad_fn=<DivBackward0>)
Memory status after this epoch: 
Memory allocated:  12.7392578125
Memory cached:  42.0
	 epoch  70 training error:  tensor(0.2565, device='cuda:0', grad_fn=<DivBackward0>)
Memory status after this epoch: 
Memory allocated:  12.7392578125
Memory cached:  44.0
	 epoch  80 training error:  tensor(0.2557, device='cuda:0', grad_fn=<DivBackward0>)
Memory status after this epoch: 
Memory allocated:  12.7392578125
Memory cached:  42.0
	 epoch  90 training error:  tensor(0.2556, device='cuda:0', grad_fn=<DivBackward0>)
Memory status after this epoch: 
Memory allocated:  12.7392578125
Memory cached:  44.0
[I 2023-11-01 17:47:48,377] Trial 47 finished with value: 0.2293126881122589 and parameters: {'W_layers': 8, 'W_layer_units_exponent_0': 10, 'W_layer_units_exponent_1': 6, 'W_layer_units_exponent_2': 6, 'W_layer_units_exponent_3': 8, 'W_layer_units_exponent_4': 4, 'W_layer_units_exponent_5': 4, 'W_layer_units_exponent_6': 9, 'W_layer_units_exponent_7': 10, 'D_layers': 4, 'D_layer_units_exponent_0': 4, 'D_layer_units_exponent_1': 7, 'D_layer_units_exponent_2': 9, 'D_layer_units_exponent_3': 8, 'log_learning_rate': -4.556905363415185, 'log_learning_rate_D': -1.3077017097989505, 'training_batch_size': 10, 'training_p': 5}. Best is trial 12 with value: 0.22162218391895294.
Time for this trial:  171.04772806167603
Memory status after this trial: 
Memory allocated:  214.67822265625
Memory cached:  234.0
--------------------  Trial  48   --------------------
Start timing: 
Parameters: 
{'W_layers': 7, 'W_layer_units_exponent_0': 8, 'W_layer_units_exponent_1': 9, 'W_layer_units_exponent_2': 8, 'W_layer_units_exponent_3': 10, 'W_layer_units_exponent_4': 6, 'W_layer_units_exponent_5': 5, 'W_layer_units_exponent_6': 6, 'D_layers': 7, 'D_layer_units_exponent_0': 6, 'D_layer_units_exponent_1': 5, 'D_layer_units_exponent_2': 4, 'D_layer_units_exponent_3': 10, 'D_layer_units_exponent_4': 10, 'D_layer_units_exponent_5': 5, 'D_layer_units_exponent_6': 7, 'log_learning_rate': -4.14941314682628, 'log_learning_rate_D': -1.8441392629259523, 'training_batch_size': 11, 'training_p': 6}
	 epoch  0 training error:  tensor(1.0035, device='cuda:0', grad_fn=<DivBackward0>)
Memory status after this epoch: 
Memory allocated:  26.0576171875
Memory cached:  40.0
	 epoch  10 training error:  tensor(0.7743, device='cuda:0', grad_fn=<DivBackward0>)
Memory status after this epoch: 
Memory allocated:  26.0576171875
Memory cached:  42.0
	 epoch  20 training error:  tensor(0.2603, device='cuda:0', grad_fn=<DivBackward0>)
Memory status after this epoch: 
Memory allocated:  26.0576171875
Memory cached:  42.0
	 epoch  30 training error:  tensor(0.2675, device='cuda:0', grad_fn=<DivBackward0>)
Memory status after this epoch: 
Memory allocated:  26.0576171875
Memory cached:  42.0
	 epoch  40 training error:  tensor(0.2609, device='cuda:0', grad_fn=<DivBackward0>)
Memory status after this epoch: 
Memory allocated:  26.0576171875
Memory cached:  44.0
	 epoch  50 training error:  tensor(0.2632, device='cuda:0', grad_fn=<DivBackward0>)
Memory status after this epoch: 
Memory allocated:  26.0576171875
Memory cached:  42.0
	 epoch  60 training error:  tensor(0.2605, device='cuda:0', grad_fn=<DivBackward0>)
Memory status after this epoch: 
Memory allocated:  26.0576171875
Memory cached:  46.0
	 epoch  70 training error:  tensor(0.2582, device='cuda:0', grad_fn=<DivBackward0>)
Memory status after this epoch: 
Memory allocated:  26.0576171875
Memory cached:  42.0
	 epoch  80 training error:  tensor(0.2577, device='cuda:0', grad_fn=<DivBackward0>)
Memory status after this epoch: 
Memory allocated:  26.0576171875
Memory cached:  42.0
	 epoch  90 training error:  tensor(0.2578, device='cuda:0', grad_fn=<DivBackward0>)
Memory status after this epoch: 
Memory allocated:  26.0576171875
Memory cached:  46.0
[I 2023-11-01 17:50:57,751] Trial 48 finished with value: 0.23012547194957733 and parameters: {'W_layers': 7, 'W_layer_units_exponent_0': 8, 'W_layer_units_exponent_1': 9, 'W_layer_units_exponent_2': 8, 'W_layer_units_exponent_3': 10, 'W_layer_units_exponent_4': 6, 'W_layer_units_exponent_5': 5, 'W_layer_units_exponent_6': 6, 'D_layers': 7, 'D_layer_units_exponent_0': 6, 'D_layer_units_exponent_1': 5, 'D_layer_units_exponent_2': 4, 'D_layer_units_exponent_3': 10, 'D_layer_units_exponent_4': 10, 'D_layer_units_exponent_5': 5, 'D_layer_units_exponent_6': 7, 'log_learning_rate': -4.14941314682628, 'log_learning_rate_D': -1.8441392629259523, 'training_batch_size': 11, 'training_p': 6}. Best is trial 12 with value: 0.22162218391895294.
Time for this trial:  189.0963101387024
Memory status after this trial: 
Memory allocated:  254.42333984375
Memory cached:  272.0
--------------------  Trial  49   --------------------
Start timing: 
Parameters: 
{'W_layers': 6, 'W_layer_units_exponent_0': 9, 'W_layer_units_exponent_1': 9, 'W_layer_units_exponent_2': 5, 'W_layer_units_exponent_3': 9, 'W_layer_units_exponent_4': 7, 'W_layer_units_exponent_5': 6, 'D_layers': 6, 'D_layer_units_exponent_0': 9, 'D_layer_units_exponent_1': 6, 'D_layer_units_exponent_2': 4, 'D_layer_units_exponent_3': 9, 'D_layer_units_exponent_4': 9, 'D_layer_units_exponent_5': 6, 'log_learning_rate': -3.8650245042719273, 'log_learning_rate_D': -2.098377090885905, 'training_batch_size': 9, 'training_p': 7}
	 epoch  0 training error:  tensor(0.9878, device='cuda:0', grad_fn=<DivBackward0>)
Memory status after this epoch: 
Memory allocated:  10.9365234375
Memory cached:  22.0
	 epoch  10 training error:  tensor(0.4170, device='cuda:0', grad_fn=<DivBackward0>)
Memory status after this epoch: 
Memory allocated:  10.9365234375
Memory cached:  24.0
	 epoch  20 training error:  tensor(0.2607, device='cuda:0', grad_fn=<DivBackward0>)
Memory status after this epoch: 
Memory allocated:  10.9365234375
Memory cached:  24.0
	 epoch  30 training error:  tensor(0.2597, device='cuda:0', grad_fn=<DivBackward0>)
Memory status after this epoch: 
Memory allocated:  10.9365234375
Memory cached:  24.0
	 epoch  40 training error:  tensor(0.2595, device='cuda:0', grad_fn=<DivBackward0>)
Memory status after this epoch: 
Memory allocated:  10.9365234375
Memory cached:  24.0
	 epoch  50 training error:  tensor(0.2594, device='cuda:0', grad_fn=<DivBackward0>)
Memory status after this epoch: 
Memory allocated:  10.9365234375
Memory cached:  24.0
	 epoch  60 training error:  tensor(0.2592, device='cuda:0', grad_fn=<DivBackward0>)
Memory status after this epoch: 
Memory allocated:  10.9365234375
Memory cached:  24.0
	 epoch  70 training error:  tensor(0.2592, device='cuda:0', grad_fn=<DivBackward0>)
Memory status after this epoch: 
Memory allocated:  10.9365234375
Memory cached:  24.0
	 epoch  80 training error:  tensor(0.2592, device='cuda:0', grad_fn=<DivBackward0>)
Memory status after this epoch: 
Memory allocated:  10.9365234375
Memory cached:  24.0
	 epoch  90 training error:  tensor(0.2592, device='cuda:0', grad_fn=<DivBackward0>)
Memory status after this epoch: 
Memory allocated:  10.9365234375
Memory cached:  24.0
[I 2023-11-01 17:53:46,241] Trial 49 finished with value: 0.22933761775493622 and parameters: {'W_layers': 6, 'W_layer_units_exponent_0': 9, 'W_layer_units_exponent_1': 9, 'W_layer_units_exponent_2': 5, 'W_layer_units_exponent_3': 9, 'W_layer_units_exponent_4': 7, 'W_layer_units_exponent_5': 6, 'D_layers': 6, 'D_layer_units_exponent_0': 9, 'D_layer_units_exponent_1': 6, 'D_layer_units_exponent_2': 4, 'D_layer_units_exponent_3': 9, 'D_layer_units_exponent_4': 9, 'D_layer_units_exponent_5': 6, 'log_learning_rate': -3.8650245042719273, 'log_learning_rate_D': -2.098377090885905, 'training_batch_size': 9, 'training_p': 7}. Best is trial 12 with value: 0.22162218391895294.
[I 2023-11-01 17:53:46,270] A new study created in memory with name: no-name-02e402fa-aafd-4c34-aee3-50e5a983ae57
Time for this trial:  168.2198691368103
Memory status after this trial: 
Memory allocated:  189.09912109375
Memory cached:  196.0
--------------------  Trial  0   --------------------
Start timing: 
Parameters: 
{'W_layers': 6, 'W_layer_units_exponent_0': 7, 'W_layer_units_exponent_1': 7, 'W_layer_units_exponent_2': 4, 'W_layer_units_exponent_3': 8, 'W_layer_units_exponent_4': 6, 'W_layer_units_exponent_5': 7, 'D_layers': 7, 'D_layer_units_exponent_0': 4, 'D_layer_units_exponent_1': 9, 'D_layer_units_exponent_2': 6, 'D_layer_units_exponent_3': 5, 'D_layer_units_exponent_4': 6, 'D_layer_units_exponent_5': 9, 'D_layer_units_exponent_6': 6, 'log_learning_rate': -2.081440298506403, 'log_learning_rate_D': -2.8422790607480253, 'training_batch_size': 8, 'training_p': 2}
	 epoch  0 training error:  tensor(1.0132, device='cuda:0', grad_fn=<DivBackward0>)
Memory status after this epoch: 
Memory allocated:  2.5087890625
Memory cached:  12.0
	 epoch  10 training error:  tensor(0.4999, device='cuda:0', grad_fn=<DivBackward0>)
Memory status after this epoch: 
Memory allocated:  2.5087890625
Memory cached:  16.0
	 epoch  20 training error:  tensor(0.2873, device='cuda:0', grad_fn=<DivBackward0>)
Memory status after this epoch: 
Memory allocated:  2.5087890625
Memory cached:  16.0
	 epoch  30 training error:  tensor(0.2639, device='cuda:0', grad_fn=<DivBackward0>)
Memory status after this epoch: 
Memory allocated:  2.5087890625
Memory cached:  16.0
	 epoch  40 training error:  tensor(0.2474, device='cuda:0', grad_fn=<DivBackward0>)
Memory status after this epoch: 
Memory allocated:  2.5087890625
Memory cached:  16.0
	 epoch  50 training error:  tensor(0.2420, device='cuda:0', grad_fn=<DivBackward0>)
Memory status after this epoch: 
Memory allocated:  2.5087890625
Memory cached:  16.0
	 epoch  60 training error:  tensor(0.2381, device='cuda:0', grad_fn=<DivBackward0>)
Memory status after this epoch: 
Memory allocated:  2.5087890625
Memory cached:  16.0
	 epoch  70 training error:  tensor(0.2376, device='cuda:0', grad_fn=<DivBackward0>)
Memory status after this epoch: 
Memory allocated:  2.5087890625
Memory cached:  16.0
	 epoch  80 training error:  tensor(0.2373, device='cuda:0', grad_fn=<DivBackward0>)
Memory status after this epoch: 
Memory allocated:  2.5087890625
Memory cached:  16.0
	 epoch  90 training error:  tensor(0.2372, device='cuda:0', grad_fn=<DivBackward0>)
Memory status after this epoch: 
Memory allocated:  2.5087890625
Memory cached:  16.0
[I 2023-11-01 17:56:30,796] Trial 0 finished with value: 0.23650221526622772 and parameters: {'W_layers': 6, 'W_layer_units_exponent_0': 7, 'W_layer_units_exponent_1': 7, 'W_layer_units_exponent_2': 4, 'W_layer_units_exponent_3': 8, 'W_layer_units_exponent_4': 6, 'W_layer_units_exponent_5': 7, 'D_layers': 7, 'D_layer_units_exponent_0': 4, 'D_layer_units_exponent_1': 9, 'D_layer_units_exponent_2': 6, 'D_layer_units_exponent_3': 5, 'D_layer_units_exponent_4': 6, 'D_layer_units_exponent_5': 9, 'D_layer_units_exponent_6': 6, 'log_learning_rate': -2.081440298506403, 'log_learning_rate_D': -2.8422790607480253, 'training_batch_size': 8, 'training_p': 2}. Best is trial 0 with value: 0.23650221526622772.
Time for this trial:  164.409672498703
Memory status after this trial: 
Memory allocated:  107.6181640625
Memory cached:  110.0
--------------------  Trial  1   --------------------
Start timing: 
Parameters: 
{'W_layers': 3, 'W_layer_units_exponent_0': 7, 'W_layer_units_exponent_1': 5, 'W_layer_units_exponent_2': 5, 'D_layers': 4, 'D_layer_units_exponent_0': 5, 'D_layer_units_exponent_1': 10, 'D_layer_units_exponent_2': 5, 'D_layer_units_exponent_3': 10, 'log_learning_rate': -4.620839691945051, 'log_learning_rate_D': -4.8393133859478645, 'training_batch_size': 6, 'training_p': 6}
	 epoch  0 training error:  tensor(1.0522, device='cuda:0', grad_fn=<DivBackward0>)
Memory status after this epoch: 
Memory allocated:  1.673828125
Memory cached:  12.0
	 epoch  10 training error:  tensor(1.0230, device='cuda:0', grad_fn=<DivBackward0>)
Memory status after this epoch: 
Memory allocated:  1.673828125
Memory cached:  12.0
	 epoch  20 training error:  tensor(0.9942, device='cuda:0', grad_fn=<DivBackward0>)
Memory status after this epoch: 
Memory allocated:  1.673828125
Memory cached:  12.0
	 epoch  30 training error:  tensor(0.9651, device='cuda:0', grad_fn=<DivBackward0>)
Memory status after this epoch: 
Memory allocated:  1.673828125
Memory cached:  12.0
	 epoch  40 training error:  tensor(0.9347, device='cuda:0', grad_fn=<DivBackward0>)
Memory status after this epoch: 
Memory allocated:  1.673828125
Memory cached:  12.0
	 epoch  50 training error:  tensor(0.9022, device='cuda:0', grad_fn=<DivBackward0>)
Memory status after this epoch: 
Memory allocated:  1.673828125
Memory cached:  12.0
	 epoch  60 training error:  tensor(0.8669, device='cuda:0', grad_fn=<DivBackward0>)
Memory status after this epoch: 
Memory allocated:  1.673828125
Memory cached:  12.0
	 epoch  70 training error:  tensor(0.8287, device='cuda:0', grad_fn=<DivBackward0>)
Memory status after this epoch: 
Memory allocated:  1.673828125
Memory cached:  12.0
	 epoch  80 training error:  tensor(0.7877, device='cuda:0', grad_fn=<DivBackward0>)
Memory status after this epoch: 
Memory allocated:  1.673828125
Memory cached:  12.0
	 epoch  90 training error:  tensor(0.7433, device='cuda:0', grad_fn=<DivBackward0>)
Memory status after this epoch: 
Memory allocated:  1.673828125
Memory cached:  12.0
[I 2023-11-01 18:00:02,628] Trial 1 finished with value: 0.6713571548461914 and parameters: {'W_layers': 3, 'W_layer_units_exponent_0': 7, 'W_layer_units_exponent_1': 5, 'W_layer_units_exponent_2': 5, 'D_layers': 4, 'D_layer_units_exponent_0': 5, 'D_layer_units_exponent_1': 10, 'D_layer_units_exponent_2': 5, 'D_layer_units_exponent_3': 10, 'log_learning_rate': -4.620839691945051, 'log_learning_rate_D': -4.8393133859478645, 'training_batch_size': 6, 'training_p': 6}. Best is trial 0 with value: 0.23650221526622772.
Time for this trial:  211.68171977996826
Memory status after this trial: 
Memory allocated:  123.509765625
Memory cached:  126.0
--------------------  Trial  2   --------------------
Start timing: 
Parameters: 
{'W_layers': 2, 'W_layer_units_exponent_0': 6, 'W_layer_units_exponent_1': 10, 'D_layers': 5, 'D_layer_units_exponent_0': 10, 'D_layer_units_exponent_1': 9, 'D_layer_units_exponent_2': 6, 'D_layer_units_exponent_3': 4, 'D_layer_units_exponent_4': 10, 'log_learning_rate': -2.8418623062801336, 'log_learning_rate_D': -2.835812329235789, 'training_batch_size': 9, 'training_p': 5}
	 epoch  0 training error:  tensor(1.0161, device='cuda:0', grad_fn=<DivBackward0>)
Memory status after this epoch: 
Memory allocated:  10.0322265625
Memory cached:  32.0
	 epoch  10 training error:  tensor(0.3127, device='cuda:0', grad_fn=<DivBackward0>)
Memory status after this epoch: 
Memory allocated:  10.0322265625
Memory cached:  40.0
	 epoch  20 training error:  tensor(0.2766, device='cuda:0', grad_fn=<DivBackward0>)
Memory status after this epoch: 
Memory allocated:  10.0322265625
Memory cached:  40.0
	 epoch  30 training error:  tensor(0.2629, device='cuda:0', grad_fn=<DivBackward0>)
Memory status after this epoch: 
Memory allocated:  10.0322265625
Memory cached:  40.0
	 epoch  40 training error:  tensor(0.2567, device='cuda:0', grad_fn=<DivBackward0>)
Memory status after this epoch: 
Memory allocated:  10.0322265625
Memory cached:  40.0
	 epoch  50 training error:  tensor(0.2552, device='cuda:0', grad_fn=<DivBackward0>)
Memory status after this epoch: 
Memory allocated:  10.0322265625
Memory cached:  40.0
	 epoch  60 training error:  tensor(0.2554, device='cuda:0', grad_fn=<DivBackward0>)
Memory status after this epoch: 
Memory allocated:  10.0322265625
Memory cached:  40.0
	 epoch  70 training error:  tensor(0.2551, device='cuda:0', grad_fn=<DivBackward0>)
Memory status after this epoch: 
Memory allocated:  10.0322265625
Memory cached:  40.0
	 epoch  80 training error:  tensor(0.2550, device='cuda:0', grad_fn=<DivBackward0>)
Memory status after this epoch: 
Memory allocated:  10.0322265625
Memory cached:  40.0
	 epoch  90 training error:  tensor(0.2550, device='cuda:0', grad_fn=<DivBackward0>)
Memory status after this epoch: 
Memory allocated:  10.0322265625
Memory cached:  40.0
[I 2023-11-01 18:02:16,169] Trial 2 finished with value: 0.23269176483154297 and parameters: {'W_layers': 2, 'W_layer_units_exponent_0': 6, 'W_layer_units_exponent_1': 10, 'D_layers': 5, 'D_layer_units_exponent_0': 10, 'D_layer_units_exponent_1': 9, 'D_layer_units_exponent_2': 6, 'D_layer_units_exponent_3': 4, 'D_layer_units_exponent_4': 10, 'log_learning_rate': -2.8418623062801336, 'log_learning_rate_D': -2.835812329235789, 'training_batch_size': 9, 'training_p': 5}. Best is trial 2 with value: 0.23269176483154297.
Time for this trial:  133.41100215911865
Memory status after this trial: 
Memory allocated:  203.61376953125
Memory cached:  222.0
--------------------  Trial  3   --------------------
Start timing: 
Parameters: 
{'W_layers': 7, 'W_layer_units_exponent_0': 7, 'W_layer_units_exponent_1': 6, 'W_layer_units_exponent_2': 6, 'W_layer_units_exponent_3': 9, 'W_layer_units_exponent_4': 4, 'W_layer_units_exponent_5': 7, 'W_layer_units_exponent_6': 8, 'D_layers': 5, 'D_layer_units_exponent_0': 8, 'D_layer_units_exponent_1': 4, 'D_layer_units_exponent_2': 4, 'D_layer_units_exponent_3': 6, 'D_layer_units_exponent_4': 5, 'log_learning_rate': -4.162281598360618, 'log_learning_rate_D': -4.832236394138642, 'training_batch_size': 10, 'training_p': 2}
	 epoch  0 training error:  tensor(1.0072, device='cuda:0', grad_fn=<DivBackward0>)
Memory status after this epoch: 
Memory allocated:  1.5849609375
Memory cached:  14.0
	 epoch  10 training error:  tensor(0.9648, device='cuda:0', grad_fn=<DivBackward0>)
Memory status after this epoch: 
Memory allocated:  1.5849609375
Memory cached:  22.0
	 epoch  20 training error:  tensor(0.8858, device='cuda:0', grad_fn=<DivBackward0>)
Memory status after this epoch: 
Memory allocated:  1.5849609375
Memory cached:  20.0
	 epoch  30 training error:  tensor(0.7054, device='cuda:0', grad_fn=<DivBackward0>)
Memory status after this epoch: 
Memory allocated:  1.5849609375
Memory cached:  20.0
	 epoch  40 training error:  tensor(0.3613, device='cuda:0', grad_fn=<DivBackward0>)
Memory status after this epoch: 
Memory allocated:  1.5849609375
Memory cached:  18.0
	 epoch  50 training error:  tensor(0.2998, device='cuda:0', grad_fn=<DivBackward0>)
Memory status after this epoch: 
Memory allocated:  1.5849609375
Memory cached:  22.0
	 epoch  60 training error:  tensor(0.2406, device='cuda:0', grad_fn=<DivBackward0>)
Memory status after this epoch: 
Memory allocated:  1.5849609375
Memory cached:  22.0
	 epoch  70 training error:  tensor(0.2426, device='cuda:0', grad_fn=<DivBackward0>)
Memory status after this epoch: 
Memory allocated:  1.5849609375
Memory cached:  22.0
	 epoch  80 training error:  tensor(0.2411, device='cuda:0', grad_fn=<DivBackward0>)
Memory status after this epoch: 
Memory allocated:  1.5849609375
Memory cached:  20.0
	 epoch  90 training error:  tensor(0.2384, device='cuda:0', grad_fn=<DivBackward0>)
Memory status after this epoch: 
Memory allocated:  1.5849609375
Memory cached:  20.0
