[I 2023-10-30 13:55:24,639] Trial 1 finished with value: 0.9995625615119934 and parameters: {'W_layers': 3, 'W_layer_units_exponent_0': 7, 'W_layer_units_exponent_1': 4, 'W_layer_units_exponent_2': 8, 'D_layers': 5, 'D_layer_units_exponent_0': 8, 'D_layer_units_exponent_1': 6, 'D_layer_units_exponent_2': 9, 'D_layer_units_exponent_3': 4, 'D_layer_units_exponent_4': 6, 'log_learning_rate': -4.569209084493309, 'log_learning_rate_D': -3.0383055002823816, 'training_batch_size': 10, 'training_p': 6}. Best is trial 1 with value: 0.9995625615119934.
Time for this trial:  125.34812378883362
Memory status after this trial: 
Memory allocated:  71.10400390625
Memory cached:  72.0
--------------------  Trial  2   --------------------
Start timing: 
Parameters: 
{'W_layers': 3, 'W_layer_units_exponent_0': 6, 'W_layer_units_exponent_1': 4, 'W_layer_units_exponent_2': 6, 'D_layers': 5, 'D_layer_units_exponent_0': 7, 'D_layer_units_exponent_1': 10, 'D_layer_units_exponent_2': 5, 'D_layer_units_exponent_3': 4, 'D_layer_units_exponent_4': 6, 'log_learning_rate': -2.063374332237624, 'log_learning_rate_D': -3.6894996467429335, 'training_batch_size': 9, 'training_p': 4}
	 epoch  0 training error:  tensor(1.0001, device='cuda:0', grad_fn=<DivBackward0>)
Memory status after this epoch: 
Memory allocated:  2.6396484375
Memory cached:  10.0
	 epoch  10 training error:  tensor(0.5492, device='cuda:0', grad_fn=<DivBackward0>)
Memory status after this epoch: 
Memory allocated:  2.6396484375
Memory cached:  12.0
	 epoch  20 training error:  tensor(0.2576, device='cuda:0', grad_fn=<DivBackward0>)
Memory status after this epoch: 
Memory allocated:  2.6396484375
Memory cached:  14.0
	 epoch  30 training error:  tensor(0.2587, device='cuda:0', grad_fn=<DivBackward0>)
Memory status after this epoch: 
Memory allocated:  2.6396484375
Memory cached:  14.0
	 epoch  40 training error:  tensor(0.2518, device='cuda:0', grad_fn=<DivBackward0>)
Memory status after this epoch: 
Memory allocated:  2.6396484375
Memory cached:  12.0
	 epoch  50 training error:  tensor(0.2494, device='cuda:0', grad_fn=<DivBackward0>)
Memory status after this epoch: 
Memory allocated:  2.6396484375
Memory cached:  12.0
	 epoch  60 training error:  tensor(0.2500, device='cuda:0', grad_fn=<DivBackward0>)
Memory status after this epoch: 
Memory allocated:  2.6396484375
Memory cached:  12.0
	 epoch  70 training error:  tensor(0.2499, device='cuda:0', grad_fn=<DivBackward0>)
Memory status after this epoch: 
Memory allocated:  2.6396484375
Memory cached:  12.0
	 epoch  80 training error:  tensor(0.2494, device='cuda:0', grad_fn=<DivBackward0>)
Memory status after this epoch: 
Memory allocated:  2.6396484375
Memory cached:  12.0
	 epoch  90 training error:  tensor(0.2495, device='cuda:0', grad_fn=<DivBackward0>)
Memory status after this epoch: 
Memory allocated:  2.6396484375
Memory cached:  12.0
[I 2023-10-30 13:57:30,003] Trial 2 finished with value: 0.23729009926319122 and parameters: {'W_layers': 3, 'W_layer_units_exponent_0': 6, 'W_layer_units_exponent_1': 4, 'W_layer_units_exponent_2': 6, 'D_layers': 5, 'D_layer_units_exponent_0': 7, 'D_layer_units_exponent_1': 10, 'D_layer_units_exponent_2': 5, 'D_layer_units_exponent_3': 4, 'D_layer_units_exponent_4': 6, 'log_learning_rate': -2.063374332237624, 'log_learning_rate_D': -3.6894996467429335, 'training_batch_size': 9, 'training_p': 4}. Best is trial 2 with value: 0.23729009926319122.
Time for this trial:  125.22082877159119
Memory status after this trial: 
Memory allocated:  76.8232421875
Memory cached:  80.0
--------------------  Trial  3   --------------------
Start timing: 
Parameters: 
{'W_layers': 2, 'W_layer_units_exponent_0': 6, 'W_layer_units_exponent_1': 10, 'D_layers': 3, 'D_layer_units_exponent_0': 9, 'D_layer_units_exponent_1': 6, 'D_layer_units_exponent_2': 9, 'log_learning_rate': -4.449624438627724, 'log_learning_rate_D': -1.2877852027704302, 'training_batch_size': 11, 'training_p': 5}
	 epoch  0 training error:  tensor(0.9989, device='cuda:0', grad_fn=<DivBackward0>)
Memory status after this epoch: 
Memory allocated:  2.1337890625
Memory cached:  12.0
[W 2023-10-30 13:57:37,370] Trial 3 failed with parameters: {'W_layers': 2, 'W_layer_units_exponent_0': 6, 'W_layer_units_exponent_1': 10, 'D_layers': 3, 'D_layer_units_exponent_0': 9, 'D_layer_units_exponent_1': 6, 'D_layer_units_exponent_2': 9, 'log_learning_rate': -4.449624438627724, 'log_learning_rate_D': -1.2877852027704302, 'training_batch_size': 11, 'training_p': 5} because of the following error: The value nan is not acceptable.
[W 2023-10-30 13:57:37,371] Trial 3 failed with value tensor(nan, device='cuda:0', grad_fn=<DivBackward0>).
Time for this trial:  7.234133243560791
Memory status after this trial: 
Memory allocated:  117.33984375
Memory cached:  120.0
--------------------  Trial  4   --------------------
Start timing: 
Parameters: 
{'W_layers': 2, 'W_layer_units_exponent_0': 7, 'W_layer_units_exponent_1': 10, 'D_layers': 5, 'D_layer_units_exponent_0': 4, 'D_layer_units_exponent_1': 9, 'D_layer_units_exponent_2': 8, 'D_layer_units_exponent_3': 6, 'D_layer_units_exponent_4': 5, 'log_learning_rate': -1.658570392930891, 'log_learning_rate_D': -1.3666188903143857, 'training_batch_size': 8, 'training_p': 2}
	 epoch  0 training error:  tensor(0.9984, device='cuda:0', grad_fn=<DivBackward0>)
Memory status after this epoch: 
Memory allocated:  4.5087890625
Memory cached:  10.0
[W 2023-10-30 13:57:42,987] Trial 4 failed with parameters: {'W_layers': 2, 'W_layer_units_exponent_0': 7, 'W_layer_units_exponent_1': 10, 'D_layers': 5, 'D_layer_units_exponent_0': 4, 'D_layer_units_exponent_1': 9, 'D_layer_units_exponent_2': 8, 'D_layer_units_exponent_3': 6, 'D_layer_units_exponent_4': 5, 'log_learning_rate': -1.658570392930891, 'log_learning_rate_D': -1.3666188903143857, 'training_batch_size': 8, 'training_p': 2} because of the following error: The value nan is not acceptable.
[W 2023-10-30 13:57:42,988] Trial 4 failed with value tensor(nan, device='cuda:0', grad_fn=<DivBackward0>).
Time for this trial:  5.46303653717041
Memory status after this trial: 
Memory allocated:  111.1171875
Memory cached:  114.0
--------------------  Trial  5   --------------------
Start timing: 
Parameters: 
{'W_layers': 5, 'W_layer_units_exponent_0': 10, 'W_layer_units_exponent_1': 9, 'W_layer_units_exponent_2': 8, 'W_layer_units_exponent_3': 7, 'W_layer_units_exponent_4': 9, 'D_layers': 4, 'D_layer_units_exponent_0': 9, 'D_layer_units_exponent_1': 6, 'D_layer_units_exponent_2': 7, 'D_layer_units_exponent_3': 10, 'log_learning_rate': -2.8964665312770532, 'log_learning_rate_D': -4.67826293491176, 'training_batch_size': 7, 'training_p': 5}
	 epoch  0 training error:  tensor(1., device='cuda:0', grad_fn=<DivBackward0>)
Memory status after this epoch: 
Memory allocated:  14.3603515625
Memory cached:  34.0
	 epoch  10 training error:  tensor(0.9132, device='cuda:0', grad_fn=<DivBackward0>)
Memory status after this epoch: 
Memory allocated:  14.3603515625
Memory cached:  34.0
	 epoch  20 training error:  tensor(0.9126, device='cuda:0', grad_fn=<DivBackward0>)
Memory status after this epoch: 
Memory allocated:  14.3603515625
Memory cached:  34.0
	 epoch  30 training error:  tensor(2.2426, device='cuda:0', grad_fn=<DivBackward0>)
Memory status after this epoch: 
Memory allocated:  14.3603515625
Memory cached:  34.0
	 epoch  40 training error:  tensor(0.9238, device='cuda:0', grad_fn=<DivBackward0>)
Memory status after this epoch: 
Memory allocated:  14.3603515625
Memory cached:  34.0
	 epoch  50 training error:  tensor(0.8899, device='cuda:0', grad_fn=<DivBackward0>)
Memory status after this epoch: 
Memory allocated:  14.3603515625
Memory cached:  34.0
	 epoch  60 training error:  tensor(0.3606, device='cuda:0', grad_fn=<DivBackward0>)
Memory status after this epoch: 
Memory allocated:  14.3603515625
Memory cached:  34.0
	 epoch  70 training error:  tensor(0.4454, device='cuda:0', grad_fn=<DivBackward0>)
Memory status after this epoch: 
Memory allocated:  14.3603515625
Memory cached:  34.0
	 epoch  80 training error:  tensor(0.2542, device='cuda:0', grad_fn=<DivBackward0>)
Memory status after this epoch: 
Memory allocated:  14.3603515625
Memory cached:  34.0
	 epoch  90 training error:  tensor(0.2725, device='cuda:0', grad_fn=<DivBackward0>)
Memory status after this epoch: 
Memory allocated:  14.3603515625
Memory cached:  34.0
[I 2023-10-30 14:00:11,283] Trial 5 finished with value: 0.24602921307086945 and parameters: {'W_layers': 5, 'W_layer_units_exponent_0': 10, 'W_layer_units_exponent_1': 9, 'W_layer_units_exponent_2': 8, 'W_layer_units_exponent_3': 7, 'W_layer_units_exponent_4': 9, 'D_layers': 4, 'D_layer_units_exponent_0': 9, 'D_layer_units_exponent_1': 6, 'D_layer_units_exponent_2': 7, 'D_layer_units_exponent_3': 10, 'log_learning_rate': -2.8964665312770532, 'log_learning_rate_D': -4.67826293491176, 'training_batch_size': 7, 'training_p': 5}. Best is trial 2 with value: 0.23729009926319122.
Time for this trial:  148.16885590553284
Memory status after this trial: 
Memory allocated:  229.068359375
Memory cached:  250.0
--------------------  Trial  6   --------------------
Start timing: 
Parameters: 
{'W_layers': 3, 'W_layer_units_exponent_0': 6, 'W_layer_units_exponent_1': 10, 'W_layer_units_exponent_2': 8, 'D_layers': 3, 'D_layer_units_exponent_0': 10, 'D_layer_units_exponent_1': 6, 'D_layer_units_exponent_2': 6, 'log_learning_rate': -3.036229806300982, 'log_learning_rate_D': -2.9160579789754615, 'training_batch_size': 8, 'training_p': 7}
	 epoch  0 training error:  tensor(1.0000, device='cuda:0', grad_fn=<DivBackward0>)
Memory status after this epoch: 
Memory allocated:  6.2158203125
Memory cached:  10.0
	 epoch  10 training error:  tensor(0.9804, device='cuda:0', grad_fn=<DivBackward0>)
Memory status after this epoch: 
Memory allocated:  6.2158203125
Memory cached:  12.0
	 epoch  20 training error:  tensor(0.3025, device='cuda:0', grad_fn=<DivBackward0>)
Memory status after this epoch: 
Memory allocated:  6.2158203125
Memory cached:  14.0
	 epoch  30 training error:  tensor(0.2606, device='cuda:0', grad_fn=<DivBackward0>)
Memory status after this epoch: 
Memory allocated:  6.2158203125
Memory cached:  14.0
	 epoch  40 training error:  tensor(0.2635, device='cuda:0', grad_fn=<DivBackward0>)
Memory status after this epoch: 
Memory allocated:  6.2158203125
Memory cached:  12.0
	 epoch  50 training error:  tensor(0.2564, device='cuda:0', grad_fn=<DivBackward0>)
Memory status after this epoch: 
Memory allocated:  6.2158203125
Memory cached:  14.0
	 epoch  60 training error:  tensor(0.2569, device='cuda:0', grad_fn=<DivBackward0>)
Memory status after this epoch: 
Memory allocated:  6.2158203125
Memory cached:  14.0
	 epoch  70 training error:  tensor(0.2566, device='cuda:0', grad_fn=<DivBackward0>)
Memory status after this epoch: 
Memory allocated:  6.2158203125
Memory cached:  14.0
	 epoch  80 training error:  tensor(0.2563, device='cuda:0', grad_fn=<DivBackward0>)
Memory status after this epoch: 
Memory allocated:  6.2158203125
Memory cached:  14.0
	 epoch  90 training error:  tensor(0.2562, device='cuda:0', grad_fn=<DivBackward0>)
Memory status after this epoch: 
Memory allocated:  6.2158203125
Memory cached:  14.0
[I 2023-10-30 14:02:05,704] Trial 6 finished with value: 0.23697319626808167 and parameters: {'W_layers': 3, 'W_layer_units_exponent_0': 6, 'W_layer_units_exponent_1': 10, 'W_layer_units_exponent_2': 8, 'D_layers': 3, 'D_layer_units_exponent_0': 10, 'D_layer_units_exponent_1': 6, 'D_layer_units_exponent_2': 6, 'log_learning_rate': -3.036229806300982, 'log_learning_rate_D': -2.9160579789754615, 'training_batch_size': 8, 'training_p': 7}. Best is trial 6 with value: 0.23697319626808167.
Time for this trial:  114.28476643562317
Memory status after this trial: 
Memory allocated:  136.4365234375
Memory cached:  140.0
--------------------  Trial  7   --------------------
Start timing: 
Parameters: 
{'W_layers': 4, 'W_layer_units_exponent_0': 10, 'W_layer_units_exponent_1': 9, 'W_layer_units_exponent_2': 10, 'W_layer_units_exponent_3': 7, 'D_layers': 5, 'D_layer_units_exponent_0': 10, 'D_layer_units_exponent_1': 5, 'D_layer_units_exponent_2': 8, 'D_layer_units_exponent_3': 5, 'D_layer_units_exponent_4': 7, 'log_learning_rate': -2.819658461404664, 'log_learning_rate_D': -3.642611739376823, 'training_batch_size': 9, 'training_p': 3}
	 epoch  0 training error:  tensor(1., device='cuda:0', grad_fn=<DivBackward0>)
Memory status after this epoch: 
Memory allocated:  19.0615234375
Memory cached:  36.0
	 epoch  10 training error:  tensor(0.9213, device='cuda:0', grad_fn=<DivBackward0>)
Memory status after this epoch: 
Memory allocated:  19.0615234375
Memory cached:  40.0
	 epoch  20 training error:  tensor(0.9988, device='cuda:0', grad_fn=<DivBackward0>)
Memory status after this epoch: 
Memory allocated:  19.0615234375
Memory cached:  40.0
	 epoch  30 training error:  tensor(0.9996, device='cuda:0', grad_fn=<DivBackward0>)
Memory status after this epoch: 
Memory allocated:  19.0615234375
Memory cached:  40.0
	 epoch  40 training error:  tensor(0.9997, device='cuda:0', grad_fn=<DivBackward0>)
Memory status after this epoch: 
Memory allocated:  19.0615234375
Memory cached:  40.0
	 epoch  50 training error:  tensor(0.9995, device='cuda:0', grad_fn=<DivBackward0>)
Memory status after this epoch: 
Memory allocated:  19.0615234375
Memory cached:  40.0
	 epoch  60 training error:  tensor(0.9989, device='cuda:0', grad_fn=<DivBackward0>)
Memory status after this epoch: 
Memory allocated:  19.0615234375
Memory cached:  40.0
	 epoch  70 training error:  tensor(0.9968, device='cuda:0', grad_fn=<DivBackward0>)
Memory status after this epoch: 
Memory allocated:  19.0615234375
Memory cached:  40.0
	 epoch  80 training error:  tensor(0.9445, device='cuda:0', grad_fn=<DivBackward0>)
Memory status after this epoch: 
Memory allocated:  19.0615234375
Memory cached:  40.0
	 epoch  90 training error:  tensor(0.3846, device='cuda:0', grad_fn=<DivBackward0>)
Memory status after this epoch: 
Memory allocated:  19.0615234375
Memory cached:  40.0
[I 2023-10-30 14:04:35,409] Trial 7 finished with value: 0.286481112241745 and parameters: {'W_layers': 4, 'W_layer_units_exponent_0': 10, 'W_layer_units_exponent_1': 9, 'W_layer_units_exponent_2': 10, 'W_layer_units_exponent_3': 7, 'D_layers': 5, 'D_layer_units_exponent_0': 10, 'D_layer_units_exponent_1': 5, 'D_layer_units_exponent_2': 8, 'D_layer_units_exponent_3': 5, 'D_layer_units_exponent_4': 7, 'log_learning_rate': -2.819658461404664, 'log_learning_rate_D': -3.642611739376823, 'training_batch_size': 9, 'training_p': 3}. Best is trial 6 with value: 0.23697319626808167.
Time for this trial:  149.59226775169373
Memory status after this trial: 
Memory allocated:  231.5556640625
Memory cached:  246.0
--------------------  Trial  8   --------------------
Start timing: 
Parameters: 
{'W_layers': 5, 'W_layer_units_exponent_0': 5, 'W_layer_units_exponent_1': 4, 'W_layer_units_exponent_2': 7, 'W_layer_units_exponent_3': 4, 'W_layer_units_exponent_4': 10, 'D_layers': 2, 'D_layer_units_exponent_0': 4, 'D_layer_units_exponent_1': 9, 'log_learning_rate': -2.883897158404116, 'log_learning_rate_D': -4.575499465765928, 'training_batch_size': 12, 'training_p': 8}
	 epoch  0 training error:  tensor(1.0000, device='cuda:0', grad_fn=<DivBackward0>)
Memory status after this epoch: 
Memory allocated:  0.5458984375
Memory cached:  12.0
	 epoch  10 training error:  tensor(0.9991, device='cuda:0', grad_fn=<DivBackward0>)
Memory status after this epoch: 
Memory allocated:  0.5458984375
Memory cached:  18.0
	 epoch  20 training error:  tensor(0.9825, device='cuda:0', grad_fn=<DivBackward0>)
Memory status after this epoch: 
Memory allocated:  0.5458984375
Memory cached:  18.0
	 epoch  30 training error:  tensor(0.8153, device='cuda:0', grad_fn=<DivBackward0>)
Memory status after this epoch: 
Memory allocated:  0.5458984375
Memory cached:  16.0
	 epoch  40 training error:  tensor(0.3828, device='cuda:0', grad_fn=<DivBackward0>)
Memory status after this epoch: 
Memory allocated:  0.5458984375
Memory cached:  18.0
	 epoch  50 training error:  tensor(0.2765, device='cuda:0', grad_fn=<DivBackward0>)
Memory status after this epoch: 
Memory allocated:  0.5458984375
Memory cached:  18.0
	 epoch  60 training error:  tensor(0.2712, device='cuda:0', grad_fn=<DivBackward0>)
Memory status after this epoch: 
Memory allocated:  0.5458984375
Memory cached:  18.0
	 epoch  70 training error:  tensor(0.2582, device='cuda:0', grad_fn=<DivBackward0>)
Memory status after this epoch: 
Memory allocated:  0.5458984375
Memory cached:  20.0
	 epoch  80 training error:  tensor(0.2596, device='cuda:0', grad_fn=<DivBackward0>)
Memory status after this epoch: 
Memory allocated:  0.5458984375
Memory cached:  18.0
	 epoch  90 training error:  tensor(0.2574, device='cuda:0', grad_fn=<DivBackward0>)
Memory status after this epoch: 
Memory allocated:  0.5458984375
Memory cached:  18.0
[I 2023-10-30 14:06:34,312] Trial 8 finished with value: 0.23668821156024933 and parameters: {'W_layers': 5, 'W_layer_units_exponent_0': 5, 'W_layer_units_exponent_1': 4, 'W_layer_units_exponent_2': 7, 'W_layer_units_exponent_3': 4, 'W_layer_units_exponent_4': 10, 'D_layers': 2, 'D_layer_units_exponent_0': 4, 'D_layer_units_exponent_1': 9, 'log_learning_rate': -2.883897158404116, 'log_learning_rate_D': -4.575499465765928, 'training_batch_size': 12, 'training_p': 8}. Best is trial 8 with value: 0.23668821156024933.
Time for this trial:  118.76438283920288
Memory status after this trial: 
Memory allocated:  94.28466796875
Memory cached:  96.0
--------------------  Trial  9   --------------------
Start timing: 
Parameters: 
{'W_layers': 3, 'W_layer_units_exponent_0': 7, 'W_layer_units_exponent_1': 10, 'W_layer_units_exponent_2': 8, 'D_layers': 5, 'D_layer_units_exponent_0': 8, 'D_layer_units_exponent_1': 4, 'D_layer_units_exponent_2': 4, 'D_layer_units_exponent_3': 6, 'D_layer_units_exponent_4': 4, 'log_learning_rate': -2.4481873083726624, 'log_learning_rate_D': -2.2684477462683548, 'training_batch_size': 9, 'training_p': 8}
	 epoch  0 training error:  tensor(1.0000, device='cuda:0', grad_fn=<DivBackward0>)
Memory status after this epoch: 
Memory allocated:  6.2001953125
Memory cached:  14.0
	 epoch  10 training error:  tensor(0.6561, device='cuda:0', grad_fn=<DivBackward0>)
Memory status after this epoch: 
Memory allocated:  6.2001953125
Memory cached:  22.0
	 epoch  20 training error:  tensor(0.2750, device='cuda:0', grad_fn=<DivBackward0>)
Memory status after this epoch: 
Memory allocated:  6.2001953125
Memory cached:  18.0
	 epoch  30 training error:  tensor(0.2663, device='cuda:0', grad_fn=<DivBackward0>)
Memory status after this epoch: 
Memory allocated:  6.2001953125
Memory cached:  18.0
	 epoch  40 training error:  tensor(0.2574, device='cuda:0', grad_fn=<DivBackward0>)
Memory status after this epoch: 
Memory allocated:  6.2001953125
Memory cached:  18.0
	 epoch  50 training error:  tensor(0.2605, device='cuda:0', grad_fn=<DivBackward0>)
Memory status after this epoch: 
Memory allocated:  6.2001953125
Memory cached:  18.0
	 epoch  60 training error:  tensor(0.2586, device='cuda:0', grad_fn=<DivBackward0>)
Memory status after this epoch: 
Memory allocated:  6.2001953125
Memory cached:  18.0
	 epoch  70 training error:  tensor(0.2573, device='cuda:0', grad_fn=<DivBackward0>)
Memory status after this epoch: 
Memory allocated:  6.2001953125
Memory cached:  18.0
	 epoch  80 training error:  tensor(0.2574, device='cuda:0', grad_fn=<DivBackward0>)
Memory status after this epoch: 
Memory allocated:  6.2001953125
Memory cached:  18.0
	 epoch  90 training error:  tensor(0.2573, device='cuda:0', grad_fn=<DivBackward0>)
Memory status after this epoch: 
Memory allocated:  6.2001953125
Memory cached:  18.0
