[I 2023-11-08 19:28:27,927] Trial 15 finished with value: 0.05684427171945572 and parameters: {'W_layers': 2, 'W_layer_units_exponent_0': 9, 'W_layer_units_exponent_1': 6, 'D_layers': 3, 'D_layer_units_exponent_0': 7, 'D_layer_units_exponent_1': 9, 'D_layer_units_exponent_2': 10, 'D_dagger_layers': 7, 'D_dagger_layer_units_exponent_0': 5, 'D_dagger_layer_units_exponent_1': 9, 'D_dagger_layer_units_exponent_2': 9, 'D_dagger_layer_units_exponent_3': 8, 'D_dagger_layer_units_exponent_4': 8, 'D_dagger_layer_units_exponent_5': 10, 'D_dagger_layer_units_exponent_6': 4, 'log_learning_rate': -4.991395752667762, 'log_learning_rate_D': -4.6246274470803215, 'log_learning_rate_D_dagger': -4.884033561502855, 'training_batch_size': 10, 'training_p': 7}. Best is trial 11 with value: 0.04804108664393425.
Time for this trial:  186.67395424842834
Memory status after this trial: 
Memory allocated:  269.76123046875
Memory cached:  294.0
--------------------  Trial  16   --------------------
Start timing: 
Parameters: 
{'W_layers': 5, 'W_layer_units_exponent_0': 9, 'W_layer_units_exponent_1': 6, 'W_layer_units_exponent_2': 6, 'W_layer_units_exponent_3': 5, 'W_layer_units_exponent_4': 7, 'D_layers': 2, 'D_layer_units_exponent_0': 5, 'D_layer_units_exponent_1': 8, 'D_dagger_layers': 7, 'D_dagger_layer_units_exponent_0': 8, 'D_dagger_layer_units_exponent_1': 7, 'D_dagger_layer_units_exponent_2': 9, 'D_dagger_layer_units_exponent_3': 10, 'D_dagger_layer_units_exponent_4': 5, 'D_dagger_layer_units_exponent_5': 9, 'D_dagger_layer_units_exponent_6': 6, 'log_learning_rate': -4.4255637946107615, 'log_learning_rate_D': -3.621609613177126, 'log_learning_rate_D_dagger': -4.946044468172721, 'training_batch_size': 9, 'training_p': 7}
	 epoch  0 training error:  tensor(1.0930, device='cuda:0', grad_fn=<DivBackward0>)
Memory status after this epoch: 
Memory allocated:  11.76611328125
Memory cached:  134.0
	 epoch  10 training error:  tensor(0.7386, device='cuda:0', grad_fn=<DivBackward0>)
Memory status after this epoch: 
Memory allocated:  11.76611328125
Memory cached:  186.0
	 epoch  20 training error:  tensor(0.3666, device='cuda:0', grad_fn=<DivBackward0>)
Memory status after this epoch: 
Memory allocated:  11.76611328125
Memory cached:  178.0
	 epoch  30 training error:  tensor(0.2504, device='cuda:0', grad_fn=<DivBackward0>)
Memory status after this epoch: 
Memory allocated:  11.76611328125
Memory cached:  190.0
	 epoch  40 training error:  tensor(0.1685, device='cuda:0', grad_fn=<DivBackward0>)
Memory status after this epoch: 
Memory allocated:  11.76611328125
Memory cached:  190.0
	 epoch  50 training error:  tensor(0.1428, device='cuda:0', grad_fn=<DivBackward0>)
Memory status after this epoch: 
Memory allocated:  11.76611328125
Memory cached:  182.0
	 epoch  60 training error:  tensor(0.1185, device='cuda:0', grad_fn=<DivBackward0>)
Memory status after this epoch: 
Memory allocated:  11.76611328125
Memory cached:  186.0
	 epoch  70 training error:  tensor(0.1056, device='cuda:0', grad_fn=<DivBackward0>)
Memory status after this epoch: 
Memory allocated:  11.76611328125
Memory cached:  200.0
	 epoch  80 training error:  tensor(0.0994, device='cuda:0', grad_fn=<DivBackward0>)
Memory status after this epoch: 
Memory allocated:  11.76611328125
Memory cached:  190.0
	 epoch  90 training error:  tensor(0.0968, device='cuda:0', grad_fn=<DivBackward0>)
Memory status after this epoch: 
Memory allocated:  11.76611328125
Memory cached:  196.0
[I 2023-11-08 19:31:43,207] Trial 16 finished with value: 0.06686148792505264 and parameters: {'W_layers': 5, 'W_layer_units_exponent_0': 9, 'W_layer_units_exponent_1': 6, 'W_layer_units_exponent_2': 6, 'W_layer_units_exponent_3': 5, 'W_layer_units_exponent_4': 7, 'D_layers': 2, 'D_layer_units_exponent_0': 5, 'D_layer_units_exponent_1': 8, 'D_dagger_layers': 7, 'D_dagger_layer_units_exponent_0': 8, 'D_dagger_layer_units_exponent_1': 7, 'D_dagger_layer_units_exponent_2': 9, 'D_dagger_layer_units_exponent_3': 10, 'D_dagger_layer_units_exponent_4': 5, 'D_dagger_layer_units_exponent_5': 9, 'D_dagger_layer_units_exponent_6': 6, 'log_learning_rate': -4.4255637946107615, 'log_learning_rate_D': -3.621609613177126, 'log_learning_rate_D_dagger': -4.946044468172721, 'training_batch_size': 9, 'training_p': 7}. Best is trial 11 with value: 0.04804108664393425.
Time for this trial:  195.03788352012634
Memory status after this trial: 
Memory allocated:  199.779296875
Memory cached:  218.0
--------------------  Trial  17   --------------------
Start timing: 
Parameters: 
{'W_layers': 3, 'W_layer_units_exponent_0': 10, 'W_layer_units_exponent_1': 4, 'W_layer_units_exponent_2': 6, 'D_layers': 4, 'D_layer_units_exponent_0': 9, 'D_layer_units_exponent_1': 10, 'D_layer_units_exponent_2': 7, 'D_layer_units_exponent_3': 7, 'D_dagger_layers': 5, 'D_dagger_layer_units_exponent_0': 5, 'D_dagger_layer_units_exponent_1': 6, 'D_dagger_layer_units_exponent_2': 10, 'D_dagger_layer_units_exponent_3': 8, 'D_dagger_layer_units_exponent_4': 7, 'log_learning_rate': -3.811694400929711, 'log_learning_rate_D': -3.1839272179350453, 'log_learning_rate_D_dagger': -4.195371643179232, 'training_batch_size': 9, 'training_p': 7}
	 epoch  0 training error:  tensor(0.6978, device='cuda:0', grad_fn=<DivBackward0>)
Memory status after this epoch: 
Memory allocated:  16.35595703125
Memory cached:  154.0
	 epoch  10 training error:  tensor(0.1214, device='cuda:0', grad_fn=<DivBackward0>)
Memory status after this epoch: 
Memory allocated:  16.35595703125
Memory cached:  290.0
	 epoch  20 training error:  tensor(0.0826, device='cuda:0', grad_fn=<DivBackward0>)
Memory status after this epoch: 
Memory allocated:  16.35595703125
Memory cached:  284.0
	 epoch  30 training error:  tensor(0.0841, device='cuda:0', grad_fn=<DivBackward0>)
Memory status after this epoch: 
Memory allocated:  16.35595703125
Memory cached:  308.0
	 epoch  40 training error:  tensor(0.0723, device='cuda:0', grad_fn=<DivBackward0>)
Memory status after this epoch: 
Memory allocated:  16.35595703125
Memory cached:  288.0
	 epoch  50 training error:  tensor(0.0674, device='cuda:0', grad_fn=<DivBackward0>)
Memory status after this epoch: 
Memory allocated:  16.35595703125
Memory cached:  298.0
	 epoch  60 training error:  tensor(0.0637, device='cuda:0', grad_fn=<DivBackward0>)
Memory status after this epoch: 
Memory allocated:  16.35595703125
Memory cached:  292.0
	 epoch  70 training error:  tensor(0.0619, device='cuda:0', grad_fn=<DivBackward0>)
Memory status after this epoch: 
Memory allocated:  16.35595703125
Memory cached:  282.0
	 epoch  80 training error:  tensor(0.0599, device='cuda:0', grad_fn=<DivBackward0>)
Memory status after this epoch: 
Memory allocated:  16.35595703125
Memory cached:  290.0
	 epoch  90 training error:  tensor(0.0578, device='cuda:0', grad_fn=<DivBackward0>)
Memory status after this epoch: 
Memory allocated:  16.35595703125
Memory cached:  280.0
[I 2023-11-08 19:34:47,280] Trial 17 finished with value: 0.052003711462020874 and parameters: {'W_layers': 3, 'W_layer_units_exponent_0': 10, 'W_layer_units_exponent_1': 4, 'W_layer_units_exponent_2': 6, 'D_layers': 4, 'D_layer_units_exponent_0': 9, 'D_layer_units_exponent_1': 10, 'D_layer_units_exponent_2': 7, 'D_layer_units_exponent_3': 7, 'D_dagger_layers': 5, 'D_dagger_layer_units_exponent_0': 5, 'D_dagger_layer_units_exponent_1': 6, 'D_dagger_layer_units_exponent_2': 10, 'D_dagger_layer_units_exponent_3': 8, 'D_dagger_layer_units_exponent_4': 7, 'log_learning_rate': -3.811694400929711, 'log_learning_rate_D': -3.1839272179350453, 'log_learning_rate_D_dagger': -4.195371643179232, 'training_batch_size': 9, 'training_p': 7}. Best is trial 11 with value: 0.04804108664393425.
Time for this trial:  183.8234419822693
Memory status after this trial: 
Memory allocated:  243.31201171875
Memory cached:  264.0
--------------------  Trial  18   --------------------
Start timing: 
Parameters: 
{'W_layers': 4, 'W_layer_units_exponent_0': 7, 'W_layer_units_exponent_1': 6, 'W_layer_units_exponent_2': 4, 'W_layer_units_exponent_3': 5, 'D_layers': 3, 'D_layer_units_exponent_0': 7, 'D_layer_units_exponent_1': 9, 'D_layer_units_exponent_2': 9, 'D_dagger_layers': 7, 'D_dagger_layer_units_exponent_0': 7, 'D_dagger_layer_units_exponent_1': 10, 'D_dagger_layer_units_exponent_2': 8, 'D_dagger_layer_units_exponent_3': 9, 'D_dagger_layer_units_exponent_4': 5, 'D_dagger_layer_units_exponent_5': 6, 'D_dagger_layer_units_exponent_6': 10, 'log_learning_rate': -4.539312564529239, 'log_learning_rate_D': -3.8827297510876986, 'log_learning_rate_D_dagger': -3.424309065304846, 'training_batch_size': 11, 'training_p': 4}
	 epoch  0 training error:  tensor(0.9327, device='cuda:0', grad_fn=<DivBackward0>)
Memory status after this epoch: 
Memory allocated:  14.66845703125
Memory cached:  152.0
	 epoch  10 training error:  tensor(0.1958, device='cuda:0', grad_fn=<DivBackward0>)
Memory status after this epoch: 
Memory allocated:  14.66845703125
Memory cached:  280.0
	 epoch  20 training error:  tensor(0.1031, device='cuda:0', grad_fn=<DivBackward0>)
Memory status after this epoch: 
Memory allocated:  14.66845703125
Memory cached:  284.0
	 epoch  30 training error:  tensor(0.0940, device='cuda:0', grad_fn=<DivBackward0>)
Memory status after this epoch: 
Memory allocated:  14.66845703125
Memory cached:  278.0
	 epoch  40 training error:  tensor(0.0687, device='cuda:0', grad_fn=<DivBackward0>)
Memory status after this epoch: 
Memory allocated:  14.66845703125
Memory cached:  286.0
	 epoch  50 training error:  tensor(0.0648, device='cuda:0', grad_fn=<DivBackward0>)
Memory status after this epoch: 
Memory allocated:  14.66845703125
Memory cached:  292.0
	 epoch  60 training error:  tensor(0.0596, device='cuda:0', grad_fn=<DivBackward0>)
Memory status after this epoch: 
Memory allocated:  14.66845703125
Memory cached:  290.0
	 epoch  70 training error:  tensor(0.0563, device='cuda:0', grad_fn=<DivBackward0>)
Memory status after this epoch: 
Memory allocated:  14.66845703125
Memory cached:  280.0
	 epoch  80 training error:  tensor(0.0526, device='cuda:0', grad_fn=<DivBackward0>)
Memory status after this epoch: 
Memory allocated:  14.66845703125
Memory cached:  286.0
	 epoch  90 training error:  tensor(0.0550, device='cuda:0', grad_fn=<DivBackward0>)
Memory status after this epoch: 
Memory allocated:  14.66845703125
Memory cached:  288.0
[I 2023-11-08 19:38:04,722] Trial 18 finished with value: 0.04660462960600853 and parameters: {'W_layers': 4, 'W_layer_units_exponent_0': 7, 'W_layer_units_exponent_1': 6, 'W_layer_units_exponent_2': 4, 'W_layer_units_exponent_3': 5, 'D_layers': 3, 'D_layer_units_exponent_0': 7, 'D_layer_units_exponent_1': 9, 'D_layer_units_exponent_2': 9, 'D_dagger_layers': 7, 'D_dagger_layer_units_exponent_0': 7, 'D_dagger_layer_units_exponent_1': 10, 'D_dagger_layer_units_exponent_2': 8, 'D_dagger_layer_units_exponent_3': 9, 'D_dagger_layer_units_exponent_4': 5, 'D_dagger_layer_units_exponent_5': 6, 'D_dagger_layer_units_exponent_6': 10, 'log_learning_rate': -4.539312564529239, 'log_learning_rate_D': -3.8827297510876986, 'log_learning_rate_D_dagger': -3.424309065304846, 'training_batch_size': 11, 'training_p': 4}. Best is trial 18 with value: 0.04660462960600853.
Time for this trial:  197.05767130851746
Memory status after this trial: 
Memory allocated:  244.51904296875
Memory cached:  252.0
--------------------  Trial  19   --------------------
Start timing: 
Parameters: 
{'W_layers': 5, 'W_layer_units_exponent_0': 7, 'W_layer_units_exponent_1': 8, 'W_layer_units_exponent_2': 4, 'W_layer_units_exponent_3': 4, 'W_layer_units_exponent_4': 8, 'D_layers': 4, 'D_layer_units_exponent_0': 8, 'D_layer_units_exponent_1': 9, 'D_layer_units_exponent_2': 9, 'D_layer_units_exponent_3': 8, 'D_dagger_layers': 4, 'D_dagger_layer_units_exponent_0': 7, 'D_dagger_layer_units_exponent_1': 10, 'D_dagger_layer_units_exponent_2': 8, 'D_dagger_layer_units_exponent_3': 7, 'log_learning_rate': -4.503178730528266, 'log_learning_rate_D': -4.446324943807984, 'log_learning_rate_D_dagger': -2.4463615578203237, 'training_batch_size': 11, 'training_p': 4}
	 epoch  0 training error:  tensor(1.0475, device='cuda:0', grad_fn=<DivBackward0>)
Memory status after this epoch: 
Memory allocated:  15.34619140625
Memory cached:  140.0
	 epoch  10 training error:  tensor(0.9463, device='cuda:0', grad_fn=<DivBackward0>)
Memory status after this epoch: 
Memory allocated:  15.34619140625
Memory cached:  258.0
	 epoch  20 training error:  tensor(0.8734, device='cuda:0', grad_fn=<DivBackward0>)
Memory status after this epoch: 
Memory allocated:  15.34619140625
Memory cached:  268.0
	 epoch  30 training error:  tensor(0.7817, device='cuda:0', grad_fn=<DivBackward0>)
Memory status after this epoch: 
Memory allocated:  15.34619140625
Memory cached:  268.0
	 epoch  40 training error:  tensor(0.6622, device='cuda:0', grad_fn=<DivBackward0>)
Memory status after this epoch: 
Memory allocated:  15.34619140625
Memory cached:  282.0
	 epoch  50 training error:  tensor(0.5038, device='cuda:0', grad_fn=<DivBackward0>)
Memory status after this epoch: 
Memory allocated:  15.34619140625
Memory cached:  264.0
	 epoch  60 training error:  tensor(0.3030, device='cuda:0', grad_fn=<DivBackward0>)
Memory status after this epoch: 
Memory allocated:  15.34619140625
Memory cached:  284.0
	 epoch  70 training error:  tensor(0.1285, device='cuda:0', grad_fn=<DivBackward0>)
Memory status after this epoch: 
Memory allocated:  15.34619140625
Memory cached:  272.0
	 epoch  80 training error:  tensor(0.1471, device='cuda:0', grad_fn=<DivBackward0>)
Memory status after this epoch: 
Memory allocated:  15.34619140625
Memory cached:  244.0
	 epoch  90 training error:  tensor(0.1346, device='cuda:0', grad_fn=<DivBackward0>)
Memory status after this epoch: 
Memory allocated:  15.34619140625
Memory cached:  272.0
[I 2023-11-08 19:41:11,763] Trial 19 finished with value: 0.10365360975265503 and parameters: {'W_layers': 5, 'W_layer_units_exponent_0': 7, 'W_layer_units_exponent_1': 8, 'W_layer_units_exponent_2': 4, 'W_layer_units_exponent_3': 4, 'W_layer_units_exponent_4': 8, 'D_layers': 4, 'D_layer_units_exponent_0': 8, 'D_layer_units_exponent_1': 9, 'D_layer_units_exponent_2': 9, 'D_layer_units_exponent_3': 8, 'D_dagger_layers': 4, 'D_dagger_layer_units_exponent_0': 7, 'D_dagger_layer_units_exponent_1': 10, 'D_dagger_layer_units_exponent_2': 8, 'D_dagger_layer_units_exponent_3': 7, 'log_learning_rate': -4.503178730528266, 'log_learning_rate_D': -4.446324943807984, 'log_learning_rate_D_dagger': -2.4463615578203237, 'training_batch_size': 11, 'training_p': 4}. Best is trial 18 with value: 0.04660462960600853.
Time for this trial:  186.78451466560364
Memory status after this trial: 
Memory allocated:  208.08056640625
Memory cached:  216.0
--------------------  Trial  20   --------------------
Start timing: 
Parameters: 
{'W_layers': 3, 'W_layer_units_exponent_0': 7, 'W_layer_units_exponent_1': 6, 'W_layer_units_exponent_2': 5, 'D_layers': 3, 'D_layer_units_exponent_0': 6, 'D_layer_units_exponent_1': 7, 'D_layer_units_exponent_2': 9, 'D_dagger_layers': 3, 'D_dagger_layer_units_exponent_0': 9, 'D_dagger_layer_units_exponent_1': 10, 'D_dagger_layer_units_exponent_2': 8, 'log_learning_rate': -3.865718485706384, 'log_learning_rate_D': -3.8713791638965356, 'log_learning_rate_D_dagger': -3.500633135086579, 'training_batch_size': 11, 'training_p': 3}
	 epoch  0 training error:  tensor(1.4082, device='cuda:0', grad_fn=<DivBackward0>)
Memory status after this epoch: 
Memory allocated:  13.48095703125
Memory cached:  136.0
	 epoch  10 training error:  tensor(1.1439, device='cuda:0', grad_fn=<DivBackward0>)
Memory status after this epoch: 
Memory allocated:  13.48095703125
Memory cached:  190.0
	 epoch  20 training error:  tensor(0.2803, device='cuda:0', grad_fn=<DivBackward0>)
Memory status after this epoch: 
Memory allocated:  13.48095703125
Memory cached:  200.0
	 epoch  30 training error:  tensor(0.1152, device='cuda:0', grad_fn=<DivBackward0>)
Memory status after this epoch: 
Memory allocated:  13.48095703125
Memory cached:  190.0
	 epoch  40 training error:  tensor(0.1138, device='cuda:0', grad_fn=<DivBackward0>)
Memory status after this epoch: 
Memory allocated:  13.48095703125
Memory cached:  198.0
	 epoch  50 training error:  tensor(0.1047, device='cuda:0', grad_fn=<DivBackward0>)
Memory status after this epoch: 
Memory allocated:  13.48095703125
Memory cached:  188.0
	 epoch  60 training error:  tensor(0.0903, device='cuda:0', grad_fn=<DivBackward0>)
Memory status after this epoch: 
Memory allocated:  13.48095703125
Memory cached:  186.0
	 epoch  70 training error:  tensor(0.0744, device='cuda:0', grad_fn=<DivBackward0>)
Memory status after this epoch: 
Memory allocated:  13.48095703125
Memory cached:  184.0
	 epoch  80 training error:  tensor(0.0742, device='cuda:0', grad_fn=<DivBackward0>)
Memory status after this epoch: 
Memory allocated:  13.48095703125
Memory cached:  192.0
	 epoch  90 training error:  tensor(0.0715, device='cuda:0', grad_fn=<DivBackward0>)
Memory status after this epoch: 
Memory allocated:  13.48095703125
Memory cached:  188.0
[I 2023-11-08 19:43:42,514] Trial 20 finished with value: 0.06430815905332565 and parameters: {'W_layers': 3, 'W_layer_units_exponent_0': 7, 'W_layer_units_exponent_1': 6, 'W_layer_units_exponent_2': 5, 'D_layers': 3, 'D_layer_units_exponent_0': 6, 'D_layer_units_exponent_1': 7, 'D_layer_units_exponent_2': 9, 'D_dagger_layers': 3, 'D_dagger_layer_units_exponent_0': 9, 'D_dagger_layer_units_exponent_1': 10, 'D_dagger_layer_units_exponent_2': 8, 'log_learning_rate': -3.865718485706384, 'log_learning_rate_D': -3.8713791638965356, 'log_learning_rate_D_dagger': -3.500633135086579, 'training_batch_size': 11, 'training_p': 3}. Best is trial 18 with value: 0.04660462960600853.
Time for this trial:  150.52848553657532
Memory status after this trial: 
Memory allocated:  152.56298828125
Memory cached:  172.0
--------------------  Trial  21   --------------------
Start timing: 
Parameters: 
{'W_layers': 4, 'W_layer_units_exponent_0': 8, 'W_layer_units_exponent_1': 5, 'W_layer_units_exponent_2': 4, 'W_layer_units_exponent_3': 5, 'D_layers': 2, 'D_layer_units_exponent_0': 7, 'D_layer_units_exponent_1': 10, 'D_dagger_layers': 7, 'D_dagger_layer_units_exponent_0': 7, 'D_dagger_layer_units_exponent_1': 9, 'D_dagger_layer_units_exponent_2': 9, 'D_dagger_layer_units_exponent_3': 9, 'D_dagger_layer_units_exponent_4': 5, 'D_dagger_layer_units_exponent_5': 6, 'D_dagger_layer_units_exponent_6': 10, 'log_learning_rate': -4.651463773801939, 'log_learning_rate_D': -3.6818475378772124, 'log_learning_rate_D_dagger': -4.452568775381483, 'training_batch_size': 10, 'training_p': 5}
	 epoch  0 training error:  tensor(1.0680, device='cuda:0', grad_fn=<DivBackward0>)
Memory status after this epoch: 
Memory allocated:  12.67626953125
Memory cached:  146.0
	 epoch  10 training error:  tensor(0.2877, device='cuda:0', grad_fn=<DivBackward0>)
Memory status after this epoch: 
Memory allocated:  12.67626953125
Memory cached:  282.0
	 epoch  20 training error:  tensor(0.1262, device='cuda:0', grad_fn=<DivBackward0>)
Memory status after this epoch: 
Memory allocated:  12.67626953125
Memory cached:  290.0
	 epoch  30 training error:  tensor(0.0839, device='cuda:0', grad_fn=<DivBackward0>)
Memory status after this epoch: 
Memory allocated:  12.67626953125
Memory cached:  284.0
	 epoch  40 training error:  tensor(0.0854, device='cuda:0', grad_fn=<DivBackward0>)
Memory status after this epoch: 
Memory allocated:  12.67626953125
Memory cached:  286.0
	 epoch  50 training error:  tensor(0.0725, device='cuda:0', grad_fn=<DivBackward0>)
Memory status after this epoch: 
Memory allocated:  12.67626953125
Memory cached:  296.0
	 epoch  60 training error:  tensor(0.0657, device='cuda:0', grad_fn=<DivBackward0>)
Memory status after this epoch: 
Memory allocated:  12.67626953125
Memory cached:  288.0
	 epoch  70 training error:  tensor(0.0616, device='cuda:0', grad_fn=<DivBackward0>)
Memory status after this epoch: 
Memory allocated:  12.67626953125
Memory cached:  264.0
	 epoch  80 training error:  tensor(0.0589, device='cuda:0', grad_fn=<DivBackward0>)
Memory status after this epoch: 
Memory allocated:  12.67626953125
Memory cached:  286.0
	 epoch  90 training error:  tensor(0.0573, device='cuda:0', grad_fn=<DivBackward0>)
Memory status after this epoch: 
Memory allocated:  12.67626953125
Memory cached:  284.0
