[I 2023-11-04 03:10:58,180] Trial 12 finished with value: 0.059801001101732254 and parameters: {'W_layers': 3, 'W_layer_units_exponent_0': 6, 'W_layer_units_exponent_1': 6, 'W_layer_units_exponent_2': 9, 'D_layers': 4, 'D_layer_units_exponent_0': 10, 'D_layer_units_exponent_1': 10, 'D_layer_units_exponent_2': 5, 'D_layer_units_exponent_3': 6, 'log_learning_rate': -4.111576989296956, 'log_learning_rate_D': -4.279928844647055, 'training_batch_size': 8, 'training_p': 7}. Best is trial 7 with value: 0.03833633288741112.
Time for this trial:  122.55896139144897
Memory status after this trial: 
Memory allocated:  156.80810546875
Memory cached:  170.0
--------------------  Trial  13   --------------------
Start timing: 
Parameters: 
{'W_layers': 5, 'W_layer_units_exponent_0': 6, 'W_layer_units_exponent_1': 7, 'W_layer_units_exponent_2': 9, 'W_layer_units_exponent_3': 6, 'W_layer_units_exponent_4': 10, 'D_layers': 8, 'D_layer_units_exponent_0': 5, 'D_layer_units_exponent_1': 8, 'D_layer_units_exponent_2': 4, 'D_layer_units_exponent_3': 4, 'D_layer_units_exponent_4': 7, 'D_layer_units_exponent_5': 10, 'D_layer_units_exponent_6': 5, 'D_layer_units_exponent_7': 10, 'log_learning_rate': -3.4642655730956293, 'log_learning_rate_D': -3.303011734863227, 'training_batch_size': 10, 'training_p': 7}
	 epoch  0 training error:  tensor(1.0723, device='cuda:0', grad_fn=<DivBackward0>)
Memory status after this epoch: 
Memory allocated:  5.9990234375
Memory cached:  10.0
	 epoch  10 training error:  tensor(0.2528, device='cuda:0', grad_fn=<DivBackward0>)
Memory status after this epoch: 
Memory allocated:  5.9990234375
Memory cached:  16.0
	 epoch  20 training error:  tensor(0.1162, device='cuda:0', grad_fn=<DivBackward0>)
Memory status after this epoch: 
Memory allocated:  5.9990234375
Memory cached:  16.0
	 epoch  30 training error:  tensor(0.0895, device='cuda:0', grad_fn=<DivBackward0>)
Memory status after this epoch: 
Memory allocated:  5.9990234375
Memory cached:  16.0
	 epoch  40 training error:  tensor(0.0677, device='cuda:0', grad_fn=<DivBackward0>)
Memory status after this epoch: 
Memory allocated:  5.9990234375
Memory cached:  16.0
	 epoch  50 training error:  tensor(0.0564, device='cuda:0', grad_fn=<DivBackward0>)
Memory status after this epoch: 
Memory allocated:  5.9990234375
Memory cached:  16.0
	 epoch  60 training error:  tensor(0.0534, device='cuda:0', grad_fn=<DivBackward0>)
Memory status after this epoch: 
Memory allocated:  5.9990234375
Memory cached:  16.0
	 epoch  70 training error:  tensor(0.0504, device='cuda:0', grad_fn=<DivBackward0>)
Memory status after this epoch: 
Memory allocated:  5.9990234375
Memory cached:  16.0
	 epoch  80 training error:  tensor(0.0463, device='cuda:0', grad_fn=<DivBackward0>)
Memory status after this epoch: 
Memory allocated:  5.9990234375
Memory cached:  16.0
	 epoch  90 training error:  tensor(0.0437, device='cuda:0', grad_fn=<DivBackward0>)
Memory status after this epoch: 
Memory allocated:  5.9990234375
Memory cached:  16.0
[I 2023-11-04 03:13:59,209] Trial 13 finished with value: 0.03723619505763054 and parameters: {'W_layers': 5, 'W_layer_units_exponent_0': 6, 'W_layer_units_exponent_1': 7, 'W_layer_units_exponent_2': 9, 'W_layer_units_exponent_3': 6, 'W_layer_units_exponent_4': 10, 'D_layers': 8, 'D_layer_units_exponent_0': 5, 'D_layer_units_exponent_1': 8, 'D_layer_units_exponent_2': 4, 'D_layer_units_exponent_3': 4, 'D_layer_units_exponent_4': 7, 'D_layer_units_exponent_5': 10, 'D_layer_units_exponent_6': 5, 'D_layer_units_exponent_7': 10, 'log_learning_rate': -3.4642655730956293, 'log_learning_rate_D': -3.303011734863227, 'training_batch_size': 10, 'training_p': 7}. Best is trial 13 with value: 0.03723619505763054.
Time for this trial:  180.8057222366333
Memory status after this trial: 
Memory allocated:  233.34375
Memory cached:  238.0
--------------------  Trial  14   --------------------
Start timing: 
Parameters: 
{'W_layers': 2, 'W_layer_units_exponent_0': 5, 'W_layer_units_exponent_1': 8, 'D_layers': 8, 'D_layer_units_exponent_0': 5, 'D_layer_units_exponent_1': 8, 'D_layer_units_exponent_2': 4, 'D_layer_units_exponent_3': 7, 'D_layer_units_exponent_4': 7, 'D_layer_units_exponent_5': 10, 'D_layer_units_exponent_6': 5, 'D_layer_units_exponent_7': 10, 'log_learning_rate': -3.4706183422225703, 'log_learning_rate_D': -3.197687258766439, 'training_batch_size': 11, 'training_p': 6}
	 epoch  0 training error:  tensor(1.1064, device='cuda:0', grad_fn=<DivBackward0>)
Memory status after this epoch: 
Memory allocated:  3.7080078125
Memory cached:  12.0
	 epoch  10 training error:  tensor(0.2100, device='cuda:0', grad_fn=<DivBackward0>)
Memory status after this epoch: 
Memory allocated:  3.7080078125
Memory cached:  14.0
	 epoch  20 training error:  tensor(0.1029, device='cuda:0', grad_fn=<DivBackward0>)
Memory status after this epoch: 
Memory allocated:  3.7080078125
Memory cached:  14.0
	 epoch  30 training error:  tensor(0.0767, device='cuda:0', grad_fn=<DivBackward0>)
Memory status after this epoch: 
Memory allocated:  3.7080078125
Memory cached:  14.0
	 epoch  40 training error:  tensor(0.0624, device='cuda:0', grad_fn=<DivBackward0>)
Memory status after this epoch: 
Memory allocated:  3.7080078125
Memory cached:  14.0
	 epoch  50 training error:  tensor(0.0589, device='cuda:0', grad_fn=<DivBackward0>)
Memory status after this epoch: 
Memory allocated:  3.7080078125
Memory cached:  14.0
	 epoch  60 training error:  tensor(0.0558, device='cuda:0', grad_fn=<DivBackward0>)
Memory status after this epoch: 
Memory allocated:  3.7080078125
Memory cached:  14.0
	 epoch  70 training error:  tensor(0.0546, device='cuda:0', grad_fn=<DivBackward0>)
Memory status after this epoch: 
Memory allocated:  3.7080078125
Memory cached:  14.0
	 epoch  80 training error:  tensor(0.0537, device='cuda:0', grad_fn=<DivBackward0>)
Memory status after this epoch: 
Memory allocated:  3.7080078125
Memory cached:  14.0
	 epoch  90 training error:  tensor(0.0528, device='cuda:0', grad_fn=<DivBackward0>)
Memory status after this epoch: 
Memory allocated:  3.7080078125
Memory cached:  14.0
[I 2023-11-04 03:16:26,154] Trial 14 finished with value: 0.046055857092142105 and parameters: {'W_layers': 2, 'W_layer_units_exponent_0': 5, 'W_layer_units_exponent_1': 8, 'D_layers': 8, 'D_layer_units_exponent_0': 5, 'D_layer_units_exponent_1': 8, 'D_layer_units_exponent_2': 4, 'D_layer_units_exponent_3': 7, 'D_layer_units_exponent_4': 7, 'D_layer_units_exponent_5': 10, 'D_layer_units_exponent_6': 5, 'D_layer_units_exponent_7': 10, 'log_learning_rate': -3.4706183422225703, 'log_learning_rate_D': -3.197687258766439, 'training_batch_size': 11, 'training_p': 6}. Best is trial 13 with value: 0.03723619505763054.
Time for this trial:  146.73430228233337
Memory status after this trial: 
Memory allocated:  157.62841796875
Memory cached:  160.0
--------------------  Trial  15   --------------------
Start timing: 
Parameters: 
{'W_layers': 4, 'W_layer_units_exponent_0': 5, 'W_layer_units_exponent_1': 9, 'W_layer_units_exponent_2': 8, 'W_layer_units_exponent_3': 6, 'D_layers': 7, 'D_layer_units_exponent_0': 5, 'D_layer_units_exponent_1': 7, 'D_layer_units_exponent_2': 9, 'D_layer_units_exponent_3': 10, 'D_layer_units_exponent_4': 6, 'D_layer_units_exponent_5': 9, 'D_layer_units_exponent_6': 6, 'log_learning_rate': -3.1840518997664122, 'log_learning_rate_D': -3.3711154173283764, 'training_batch_size': 11, 'training_p': 6}
	 epoch  0 training error:  tensor(0.8470, device='cuda:0', grad_fn=<DivBackward0>)
Memory status after this epoch: 
Memory allocated:  13.6650390625
Memory cached:  36.0
	 epoch  10 training error:  tensor(0.1122, device='cuda:0', grad_fn=<DivBackward0>)
Memory status after this epoch: 
Memory allocated:  13.6650390625
Memory cached:  40.0
	 epoch  20 training error:  tensor(0.0842, device='cuda:0', grad_fn=<DivBackward0>)
Memory status after this epoch: 
Memory allocated:  13.6650390625
Memory cached:  40.0
	 epoch  30 training error:  tensor(0.0626, device='cuda:0', grad_fn=<DivBackward0>)
Memory status after this epoch: 
Memory allocated:  13.6650390625
Memory cached:  40.0
	 epoch  40 training error:  tensor(0.0571, device='cuda:0', grad_fn=<DivBackward0>)
Memory status after this epoch: 
Memory allocated:  13.6650390625
Memory cached:  40.0
	 epoch  50 training error:  tensor(0.0487, device='cuda:0', grad_fn=<DivBackward0>)
Memory status after this epoch: 
Memory allocated:  13.6650390625
Memory cached:  40.0
	 epoch  60 training error:  tensor(0.0461, device='cuda:0', grad_fn=<DivBackward0>)
Memory status after this epoch: 
Memory allocated:  13.6650390625
Memory cached:  40.0
	 epoch  70 training error:  tensor(0.0456, device='cuda:0', grad_fn=<DivBackward0>)
Memory status after this epoch: 
Memory allocated:  13.6650390625
Memory cached:  40.0
	 epoch  80 training error:  tensor(0.0436, device='cuda:0', grad_fn=<DivBackward0>)
Memory status after this epoch: 
Memory allocated:  13.6650390625
Memory cached:  40.0
	 epoch  90 training error:  tensor(0.0519, device='cuda:0', grad_fn=<DivBackward0>)
Memory status after this epoch: 
Memory allocated:  13.6650390625
Memory cached:  40.0
[I 2023-11-04 03:19:03,587] Trial 15 finished with value: 0.039356451481580734 and parameters: {'W_layers': 4, 'W_layer_units_exponent_0': 5, 'W_layer_units_exponent_1': 9, 'W_layer_units_exponent_2': 8, 'W_layer_units_exponent_3': 6, 'D_layers': 7, 'D_layer_units_exponent_0': 5, 'D_layer_units_exponent_1': 7, 'D_layer_units_exponent_2': 9, 'D_layer_units_exponent_3': 10, 'D_layer_units_exponent_4': 6, 'D_layer_units_exponent_5': 9, 'D_layer_units_exponent_6': 6, 'log_learning_rate': -3.1840518997664122, 'log_learning_rate_D': -3.3711154173283764, 'training_batch_size': 11, 'training_p': 6}. Best is trial 13 with value: 0.03723619505763054.
Time for this trial:  157.22414207458496
Memory status after this trial: 
Memory allocated:  177.12646484375
Memory cached:  198.0
--------------------  Trial  16   --------------------
Start timing: 
Parameters: 
{'W_layers': 5, 'W_layer_units_exponent_0': 6, 'W_layer_units_exponent_1': 7, 'W_layer_units_exponent_2': 9, 'W_layer_units_exponent_3': 10, 'W_layer_units_exponent_4': 10, 'D_layers': 8, 'D_layer_units_exponent_0': 5, 'D_layer_units_exponent_1': 6, 'D_layer_units_exponent_2': 7, 'D_layer_units_exponent_3': 7, 'D_layer_units_exponent_4': 9, 'D_layer_units_exponent_5': 7, 'D_layer_units_exponent_6': 10, 'D_layer_units_exponent_7': 4, 'log_learning_rate': -3.966065200701613, 'log_learning_rate_D': -2.6805814496580593, 'training_batch_size': 10, 'training_p': 7}
	 epoch  0 training error:  tensor(0.9447, device='cuda:0', grad_fn=<DivBackward0>)
Memory status after this epoch: 
Memory allocated:  29.9228515625
Memory cached:  52.0
	 epoch  10 training error:  tensor(0.2704, device='cuda:0', grad_fn=<DivBackward0>)
Memory status after this epoch: 
Memory allocated:  29.9228515625
Memory cached:  56.0
	 epoch  20 training error:  tensor(0.0959, device='cuda:0', grad_fn=<DivBackward0>)
Memory status after this epoch: 
Memory allocated:  29.9228515625
Memory cached:  56.0
	 epoch  30 training error:  tensor(0.0712, device='cuda:0', grad_fn=<DivBackward0>)
Memory status after this epoch: 
Memory allocated:  29.9228515625
Memory cached:  56.0
	 epoch  40 training error:  tensor(0.0531, device='cuda:0', grad_fn=<DivBackward0>)
Memory status after this epoch: 
Memory allocated:  29.9228515625
Memory cached:  56.0
	 epoch  50 training error:  tensor(0.0539, device='cuda:0', grad_fn=<DivBackward0>)
Memory status after this epoch: 
Memory allocated:  29.9228515625
Memory cached:  56.0
	 epoch  60 training error:  tensor(0.0534, device='cuda:0', grad_fn=<DivBackward0>)
Memory status after this epoch: 
Memory allocated:  29.9228515625
Memory cached:  56.0
	 epoch  70 training error:  tensor(0.0514, device='cuda:0', grad_fn=<DivBackward0>)
Memory status after this epoch: 
Memory allocated:  29.9228515625
Memory cached:  56.0
	 epoch  80 training error:  tensor(0.0489, device='cuda:0', grad_fn=<DivBackward0>)
Memory status after this epoch: 
Memory allocated:  29.9228515625
Memory cached:  56.0
	 epoch  90 training error:  tensor(0.0487, device='cuda:0', grad_fn=<DivBackward0>)
Memory status after this epoch: 
Memory allocated:  29.9228515625
Memory cached:  56.0
[I 2023-11-04 03:22:05,903] Trial 16 finished with value: 0.040753480046987534 and parameters: {'W_layers': 5, 'W_layer_units_exponent_0': 6, 'W_layer_units_exponent_1': 7, 'W_layer_units_exponent_2': 9, 'W_layer_units_exponent_3': 10, 'W_layer_units_exponent_4': 10, 'D_layers': 8, 'D_layer_units_exponent_0': 5, 'D_layer_units_exponent_1': 6, 'D_layer_units_exponent_2': 7, 'D_layer_units_exponent_3': 7, 'D_layer_units_exponent_4': 9, 'D_layer_units_exponent_5': 7, 'D_layer_units_exponent_6': 10, 'D_layer_units_exponent_7': 4, 'log_learning_rate': -3.966065200701613, 'log_learning_rate_D': -2.6805814496580593, 'training_batch_size': 10, 'training_p': 7}. Best is trial 13 with value: 0.03723619505763054.
Time for this trial:  182.07725834846497
Memory status after this trial: 
Memory allocated:  270.181640625
Memory cached:  302.0
--------------------  Trial  17   --------------------
Start timing: 
Parameters: 
{'W_layers': 3, 'W_layer_units_exponent_0': 4, 'W_layer_units_exponent_1': 9, 'W_layer_units_exponent_2': 9, 'D_layers': 6, 'D_layer_units_exponent_0': 7, 'D_layer_units_exponent_1': 9, 'D_layer_units_exponent_2': 6, 'D_layer_units_exponent_3': 5, 'D_layer_units_exponent_4': 6, 'D_layer_units_exponent_5': 10, 'log_learning_rate': -3.054950376510859, 'log_learning_rate_D': -3.49053832352617, 'training_batch_size': 11, 'training_p': 6}
	 epoch  0 training error:  tensor(0.7701, device='cuda:0', grad_fn=<DivBackward0>)
Memory status after this epoch: 
Memory allocated:  6.8076171875
Memory cached:  16.0
	 epoch  10 training error:  tensor(0.9318, device='cuda:0', grad_fn=<DivBackward0>)
Memory status after this epoch: 
Memory allocated:  6.8076171875
Memory cached:  18.0
	 epoch  20 training error:  tensor(0.4814, device='cuda:0', grad_fn=<DivBackward0>)
Memory status after this epoch: 
Memory allocated:  6.8076171875
Memory cached:  18.0
	 epoch  30 training error:  tensor(0.2985, device='cuda:0', grad_fn=<DivBackward0>)
Memory status after this epoch: 
Memory allocated:  6.8076171875
Memory cached:  18.0
	 epoch  40 training error:  tensor(0.1929, device='cuda:0', grad_fn=<DivBackward0>)
Memory status after this epoch: 
Memory allocated:  6.8076171875
Memory cached:  18.0
	 epoch  50 training error:  tensor(0.1261, device='cuda:0', grad_fn=<DivBackward0>)
Memory status after this epoch: 
Memory allocated:  6.8076171875
Memory cached:  18.0
	 epoch  60 training error:  tensor(0.0796, device='cuda:0', grad_fn=<DivBackward0>)
Memory status after this epoch: 
Memory allocated:  6.8076171875
Memory cached:  18.0
	 epoch  70 training error:  tensor(0.0856, device='cuda:0', grad_fn=<DivBackward0>)
Memory status after this epoch: 
Memory allocated:  6.8076171875
Memory cached:  18.0
	 epoch  80 training error:  tensor(0.0728, device='cuda:0', grad_fn=<DivBackward0>)
Memory status after this epoch: 
Memory allocated:  6.8076171875
Memory cached:  18.0
	 epoch  90 training error:  tensor(0.0550, device='cuda:0', grad_fn=<DivBackward0>)
Memory status after this epoch: 
Memory allocated:  6.8076171875
Memory cached:  18.0
[I 2023-11-04 03:24:25,063] Trial 17 finished with value: 0.04640977829694748 and parameters: {'W_layers': 3, 'W_layer_units_exponent_0': 4, 'W_layer_units_exponent_1': 9, 'W_layer_units_exponent_2': 9, 'D_layers': 6, 'D_layer_units_exponent_0': 7, 'D_layer_units_exponent_1': 9, 'D_layer_units_exponent_2': 6, 'D_layer_units_exponent_3': 5, 'D_layer_units_exponent_4': 6, 'D_layer_units_exponent_5': 10, 'log_learning_rate': -3.054950376510859, 'log_learning_rate_D': -3.49053832352617, 'training_batch_size': 11, 'training_p': 6}. Best is trial 13 with value: 0.03723619505763054.
Time for this trial:  138.92103362083435
Memory status after this trial: 
Memory allocated:  156.19775390625
Memory cached:  160.0
--------------------  Trial  18   --------------------
Start timing: 
Parameters: 
{'W_layers': 5, 'W_layer_units_exponent_0': 8, 'W_layer_units_exponent_1': 7, 'W_layer_units_exponent_2': 7, 'W_layer_units_exponent_3': 6, 'W_layer_units_exponent_4': 6, 'D_layers': 6, 'D_layer_units_exponent_0': 4, 'D_layer_units_exponent_1': 6, 'D_layer_units_exponent_2': 9, 'D_layer_units_exponent_3': 6, 'D_layer_units_exponent_4': 4, 'D_layer_units_exponent_5': 5, 'log_learning_rate': -4.181174998596086, 'log_learning_rate_D': -2.8418662540752484, 'training_batch_size': 12, 'training_p': 5}
	 epoch  0 training error:  tensor(1.0246, device='cuda:0', grad_fn=<DivBackward0>)
Memory status after this epoch: 
Memory allocated:  2.0693359375
Memory cached:  10.0
	 epoch  10 training error:  tensor(0.7689, device='cuda:0', grad_fn=<DivBackward0>)
Memory status after this epoch: 
Memory allocated:  2.0693359375
Memory cached:  12.0
	 epoch  20 training error:  tensor(0.4681, device='cuda:0', grad_fn=<DivBackward0>)
Memory status after this epoch: 
Memory allocated:  2.0693359375
Memory cached:  12.0
	 epoch  30 training error:  tensor(0.1502, device='cuda:0', grad_fn=<DivBackward0>)
Memory status after this epoch: 
Memory allocated:  2.0693359375
Memory cached:  12.0
	 epoch  40 training error:  tensor(0.1487, device='cuda:0', grad_fn=<DivBackward0>)
Memory status after this epoch: 
Memory allocated:  2.0693359375
Memory cached:  12.0
	 epoch  50 training error:  tensor(0.0969, device='cuda:0', grad_fn=<DivBackward0>)
Memory status after this epoch: 
Memory allocated:  2.0693359375
Memory cached:  12.0
	 epoch  60 training error:  tensor(0.0678, device='cuda:0', grad_fn=<DivBackward0>)
Memory status after this epoch: 
Memory allocated:  2.0693359375
Memory cached:  12.0
	 epoch  70 training error:  tensor(0.0691, device='cuda:0', grad_fn=<DivBackward0>)
Memory status after this epoch: 
Memory allocated:  2.0693359375
Memory cached:  12.0
	 epoch  80 training error:  tensor(0.0628, device='cuda:0', grad_fn=<DivBackward0>)
Memory status after this epoch: 
Memory allocated:  2.0693359375
Memory cached:  12.0
	 epoch  90 training error:  tensor(0.0578, device='cuda:0', grad_fn=<DivBackward0>)
Memory status after this epoch: 
Memory allocated:  2.0693359375
Memory cached:  12.0
[I 2023-11-04 03:26:48,570] Trial 18 finished with value: 0.049107298254966736 and parameters: {'W_layers': 5, 'W_layer_units_exponent_0': 8, 'W_layer_units_exponent_1': 7, 'W_layer_units_exponent_2': 7, 'W_layer_units_exponent_3': 6, 'W_layer_units_exponent_4': 6, 'D_layers': 6, 'D_layer_units_exponent_0': 4, 'D_layer_units_exponent_1': 6, 'D_layer_units_exponent_2': 9, 'D_layer_units_exponent_3': 6, 'D_layer_units_exponent_4': 4, 'D_layer_units_exponent_5': 5, 'log_learning_rate': -4.181174998596086, 'log_learning_rate_D': -2.8418662540752484, 'training_batch_size': 12, 'training_p': 5}. Best is trial 13 with value: 0.03723619505763054.
Time for this trial:  143.28371739387512
Memory status after this trial: 
Memory allocated:  73.41748046875
Memory cached:  76.0
--------------------  Trial  19   --------------------
Start timing: 
Parameters: 
{'W_layers': 3, 'W_layer_units_exponent_0': 6, 'W_layer_units_exponent_1': 8, 'W_layer_units_exponent_2': 5, 'D_layers': 8, 'D_layer_units_exponent_0': 7, 'D_layer_units_exponent_1': 9, 'D_layer_units_exponent_2': 5, 'D_layer_units_exponent_3': 8, 'D_layer_units_exponent_4': 8, 'D_layer_units_exponent_5': 8, 'D_layer_units_exponent_6': 5, 'D_layer_units_exponent_7': 10, 'log_learning_rate': -3.643682710395147, 'log_learning_rate_D': -2.405176946066391, 'training_batch_size': 9, 'training_p': 7}
	 epoch  0 training error:  tensor(1.3185, device='cuda:0', grad_fn=<DivBackward0>)
Memory status after this epoch: 
Memory allocated:  4.4931640625
Memory cached:  14.0
	 epoch  10 training error:  tensor(0.5125, device='cuda:0', grad_fn=<DivBackward0>)
Memory status after this epoch: 
Memory allocated:  4.4931640625
Memory cached:  16.0
	 epoch  20 training error:  tensor(0.2539, device='cuda:0', grad_fn=<DivBackward0>)
Memory status after this epoch: 
Memory allocated:  4.4931640625
Memory cached:  16.0
	 epoch  30 training error:  tensor(0.0704, device='cuda:0', grad_fn=<DivBackward0>)
Memory status after this epoch: 
Memory allocated:  4.4931640625
Memory cached:  18.0
	 epoch  40 training error:  tensor(0.0842, device='cuda:0', grad_fn=<DivBackward0>)
Memory status after this epoch: 
Memory allocated:  4.4931640625
Memory cached:  16.0
	 epoch  50 training error:  tensor(0.0798, device='cuda:0', grad_fn=<DivBackward0>)
Memory status after this epoch: 
Memory allocated:  4.4931640625
Memory cached:  16.0
	 epoch  60 training error:  tensor(0.0766, device='cuda:0', grad_fn=<DivBackward0>)
Memory status after this epoch: 
Memory allocated:  4.4931640625
Memory cached:  16.0
	 epoch  70 training error:  tensor(0.0761, device='cuda:0', grad_fn=<DivBackward0>)
Memory status after this epoch: 
Memory allocated:  4.4931640625
Memory cached:  16.0
	 epoch  80 training error:  tensor(0.0758, device='cuda:0', grad_fn=<DivBackward0>)
Memory status after this epoch: 
Memory allocated:  4.4931640625
Memory cached:  16.0
	 epoch  90 training error:  tensor(0.0755, device='cuda:0', grad_fn=<DivBackward0>)
Memory status after this epoch: 
Memory allocated:  4.4931640625
Memory cached:  16.0
