[I 2023-11-06 23:30:01,327] Trial 44 finished with value: 0.04521169885993004 and parameters: {'W_layers': 2, 'W_layer_units_exponent_0': 9, 'W_layer_units_exponent_1': 9, 'D_layers': 3, 'D_layer_units_exponent_0': 4, 'D_layer_units_exponent_1': 10, 'D_layer_units_exponent_2': 9, 'D_dagger_layers': 4, 'D_dagger_layer_units_exponent_0': 8, 'D_dagger_layer_units_exponent_1': 6, 'D_dagger_layer_units_exponent_2': 5, 'D_dagger_layer_units_exponent_3': 5, 'log_learning_rate': -4.602002976746104, 'log_learning_rate_D': -4.1809491643859005, 'log_learning_rate_D_dagger': -4.08224319725365, 'training_batch_size': 12, 'training_p': 5}. Best is trial 41 with value: 0.025320781394839287.
Time for this trial:  151.980473279953
Memory status after this trial: 
Memory allocated:  164.861328125
Memory cached:  184.0
--------------------  Trial  45   --------------------
Start timing: 
Parameters: 
{'W_layers': 2, 'W_layer_units_exponent_0': 7, 'W_layer_units_exponent_1': 10, 'D_layers': 4, 'D_layer_units_exponent_0': 10, 'D_layer_units_exponent_1': 9, 'D_layer_units_exponent_2': 8, 'D_layer_units_exponent_3': 8, 'D_dagger_layers': 3, 'D_dagger_layer_units_exponent_0': 9, 'D_dagger_layer_units_exponent_1': 5, 'D_dagger_layer_units_exponent_2': 4, 'log_learning_rate': -4.785136041648714, 'log_learning_rate_D': -3.153762392419247, 'log_learning_rate_D_dagger': -4.498882475012231, 'training_batch_size': 11, 'training_p': 6}
	 epoch  0 training error:  tensor(0.4955, device='cuda:0', grad_fn=<DivBackward0>)
Memory status after this epoch: 
Memory allocated:  13.61181640625
Memory cached:  162.0
	 epoch  10 training error:  tensor(0.1122, device='cuda:0', grad_fn=<DivBackward0>)
Memory status after this epoch: 
Memory allocated:  13.61181640625
Memory cached:  266.0
	 epoch  20 training error:  tensor(0.0678, device='cuda:0', grad_fn=<DivBackward0>)
Memory status after this epoch: 
Memory allocated:  13.61181640625
Memory cached:  258.0
	 epoch  30 training error:  tensor(0.0582, device='cuda:0', grad_fn=<DivBackward0>)
Memory status after this epoch: 
Memory allocated:  13.61181640625
Memory cached:  254.0
	 epoch  40 training error:  tensor(0.0539, device='cuda:0', grad_fn=<DivBackward0>)
Memory status after this epoch: 
Memory allocated:  13.61181640625
Memory cached:  260.0
	 epoch  50 training error:  tensor(0.0530, device='cuda:0', grad_fn=<DivBackward0>)
Memory status after this epoch: 
Memory allocated:  13.61181640625
Memory cached:  260.0
	 epoch  60 training error:  tensor(0.0523, device='cuda:0', grad_fn=<DivBackward0>)
Memory status after this epoch: 
Memory allocated:  13.61181640625
Memory cached:  266.0
	 epoch  70 training error:  tensor(0.0518, device='cuda:0', grad_fn=<DivBackward0>)
Memory status after this epoch: 
Memory allocated:  13.61181640625
Memory cached:  258.0
	 epoch  80 training error:  tensor(0.0513, device='cuda:0', grad_fn=<DivBackward0>)
Memory status after this epoch: 
Memory allocated:  13.61181640625
Memory cached:  278.0
	 epoch  90 training error:  tensor(0.0509, device='cuda:0', grad_fn=<DivBackward0>)
Memory status after this epoch: 
Memory allocated:  13.61181640625
Memory cached:  268.0
[I 2023-11-06 23:32:38,436] Trial 45 finished with value: 0.042932406067848206 and parameters: {'W_layers': 2, 'W_layer_units_exponent_0': 7, 'W_layer_units_exponent_1': 10, 'D_layers': 4, 'D_layer_units_exponent_0': 10, 'D_layer_units_exponent_1': 9, 'D_layer_units_exponent_2': 8, 'D_layer_units_exponent_3': 8, 'D_dagger_layers': 3, 'D_dagger_layer_units_exponent_0': 9, 'D_dagger_layer_units_exponent_1': 5, 'D_dagger_layer_units_exponent_2': 4, 'log_learning_rate': -4.785136041648714, 'log_learning_rate_D': -3.153762392419247, 'log_learning_rate_D_dagger': -4.498882475012231, 'training_batch_size': 11, 'training_p': 6}. Best is trial 41 with value: 0.025320781394839287.
Time for this trial:  156.84070467948914
Memory status after this trial: 
Memory allocated:  207.72216796875
Memory cached:  228.0
--------------------  Trial  46   --------------------
Start timing: 
Parameters: 
{'W_layers': 3, 'W_layer_units_exponent_0': 7, 'W_layer_units_exponent_1': 10, 'W_layer_units_exponent_2': 5, 'D_layers': 4, 'D_layer_units_exponent_0': 9, 'D_layer_units_exponent_1': 10, 'D_layer_units_exponent_2': 10, 'D_layer_units_exponent_3': 10, 'D_dagger_layers': 2, 'D_dagger_layer_units_exponent_0': 8, 'D_dagger_layer_units_exponent_1': 5, 'log_learning_rate': -4.427794271795717, 'log_learning_rate_D': -3.7846973493968097, 'log_learning_rate_D_dagger': -3.878566087185028, 'training_batch_size': 12, 'training_p': 7}
	 epoch  0 training error:  tensor(1.3297, device='cuda:0', grad_fn=<DivBackward0>)
Memory status after this epoch: 
Memory allocated:  42.93017578125
Memory cached:  152.0
	 epoch  10 training error:  tensor(0.4100, device='cuda:0', grad_fn=<DivBackward0>)
Memory status after this epoch: 
Memory allocated:  42.93017578125
Memory cached:  228.0
	 epoch  20 training error:  tensor(0.1646, device='cuda:0', grad_fn=<DivBackward0>)
Memory status after this epoch: 
Memory allocated:  42.93017578125
Memory cached:  242.0
	 epoch  30 training error:  tensor(0.0749, device='cuda:0', grad_fn=<DivBackward0>)
Memory status after this epoch: 
Memory allocated:  42.93017578125
Memory cached:  232.0
	 epoch  40 training error:  tensor(0.0424, device='cuda:0', grad_fn=<DivBackward0>)
Memory status after this epoch: 
Memory allocated:  42.93017578125
Memory cached:  242.0
	 epoch  50 training error:  tensor(0.0418, device='cuda:0', grad_fn=<DivBackward0>)
Memory status after this epoch: 
Memory allocated:  42.93017578125
Memory cached:  234.0
	 epoch  60 training error:  tensor(0.0400, device='cuda:0', grad_fn=<DivBackward0>)
Memory status after this epoch: 
Memory allocated:  42.93017578125
Memory cached:  234.0
	 epoch  70 training error:  tensor(0.0387, device='cuda:0', grad_fn=<DivBackward0>)
Memory status after this epoch: 
Memory allocated:  42.93017578125
Memory cached:  234.0
	 epoch  80 training error:  tensor(0.0359, device='cuda:0', grad_fn=<DivBackward0>)
Memory status after this epoch: 
Memory allocated:  42.93017578125
Memory cached:  234.0
	 epoch  90 training error:  tensor(0.0345, device='cuda:0', grad_fn=<DivBackward0>)
Memory status after this epoch: 
Memory allocated:  42.93017578125
Memory cached:  230.0
[I 2023-11-06 23:35:25,516] Trial 46 finished with value: 0.03187578544020653 and parameters: {'W_layers': 3, 'W_layer_units_exponent_0': 7, 'W_layer_units_exponent_1': 10, 'W_layer_units_exponent_2': 5, 'D_layers': 4, 'D_layer_units_exponent_0': 9, 'D_layer_units_exponent_1': 10, 'D_layer_units_exponent_2': 10, 'D_layer_units_exponent_3': 10, 'D_dagger_layers': 2, 'D_dagger_layer_units_exponent_0': 8, 'D_dagger_layer_units_exponent_1': 5, 'log_learning_rate': -4.427794271795717, 'log_learning_rate_D': -3.7846973493968097, 'log_learning_rate_D_dagger': -3.878566087185028, 'training_batch_size': 12, 'training_p': 7}. Best is trial 41 with value: 0.025320781394839287.
Time for this trial:  166.81708097457886
Memory status after this trial: 
Memory allocated:  290.60400390625
Memory cached:  314.0
--------------------  Trial  47   --------------------
Start timing: 
Parameters: 
{'W_layers': 2, 'W_layer_units_exponent_0': 8, 'W_layer_units_exponent_1': 9, 'D_layers': 4, 'D_layer_units_exponent_0': 9, 'D_layer_units_exponent_1': 10, 'D_layer_units_exponent_2': 10, 'D_layer_units_exponent_3': 10, 'D_dagger_layers': 2, 'D_dagger_layer_units_exponent_0': 8, 'D_dagger_layer_units_exponent_1': 4, 'log_learning_rate': -4.003254442042685, 'log_learning_rate_D': -3.8722783366772298, 'log_learning_rate_D_dagger': -4.217117620966097, 'training_batch_size': 11, 'training_p': 6}
	 epoch  0 training error:  tensor(0.4784, device='cuda:0', grad_fn=<DivBackward0>)
Memory status after this epoch: 
Memory allocated:  42.38330078125
Memory cached:  132.0
	 epoch  10 training error:  tensor(0.1800, device='cuda:0', grad_fn=<DivBackward0>)
Memory status after this epoch: 
Memory allocated:  42.38330078125
Memory cached:  158.0
	 epoch  20 training error:  tensor(0.1430, device='cuda:0', grad_fn=<DivBackward0>)
Memory status after this epoch: 
Memory allocated:  42.38330078125
Memory cached:  156.0
	 epoch  30 training error:  tensor(0.0784, device='cuda:0', grad_fn=<DivBackward0>)
Memory status after this epoch: 
Memory allocated:  42.38330078125
Memory cached:  158.0
	 epoch  40 training error:  tensor(0.0505, device='cuda:0', grad_fn=<DivBackward0>)
Memory status after this epoch: 
Memory allocated:  42.38330078125
Memory cached:  158.0
	 epoch  50 training error:  tensor(0.0493, device='cuda:0', grad_fn=<DivBackward0>)
Memory status after this epoch: 
Memory allocated:  42.38330078125
Memory cached:  158.0
	 epoch  60 training error:  tensor(0.0478, device='cuda:0', grad_fn=<DivBackward0>)
Memory status after this epoch: 
Memory allocated:  42.38330078125
Memory cached:  156.0
	 epoch  70 training error:  tensor(0.0463, device='cuda:0', grad_fn=<DivBackward0>)
Memory status after this epoch: 
Memory allocated:  42.38330078125
Memory cached:  160.0
	 epoch  80 training error:  tensor(0.0448, device='cuda:0', grad_fn=<DivBackward0>)
Memory status after this epoch: 
Memory allocated:  42.38330078125
Memory cached:  162.0
	 epoch  90 training error:  tensor(0.0439, device='cuda:0', grad_fn=<DivBackward0>)
Memory status after this epoch: 
Memory allocated:  42.38330078125
Memory cached:  158.0
[I 2023-11-06 23:38:04,683] Trial 47 finished with value: 0.03808365389704704 and parameters: {'W_layers': 2, 'W_layer_units_exponent_0': 8, 'W_layer_units_exponent_1': 9, 'D_layers': 4, 'D_layer_units_exponent_0': 9, 'D_layer_units_exponent_1': 10, 'D_layer_units_exponent_2': 10, 'D_layer_units_exponent_3': 10, 'D_dagger_layers': 2, 'D_dagger_layer_units_exponent_0': 8, 'D_dagger_layer_units_exponent_1': 4, 'log_learning_rate': -4.003254442042685, 'log_learning_rate_D': -3.8722783366772298, 'log_learning_rate_D_dagger': -4.217117620966097, 'training_batch_size': 11, 'training_p': 6}. Best is trial 41 with value: 0.025320781394839287.
Time for this trial:  158.90632820129395
Memory status after this trial: 
Memory allocated:  267.43017578125
Memory cached:  290.0
--------------------  Trial  48   --------------------
Start timing: 
Parameters: 
{'W_layers': 3, 'W_layer_units_exponent_0': 9, 'W_layer_units_exponent_1': 10, 'W_layer_units_exponent_2': 5, 'D_layers': 4, 'D_layer_units_exponent_0': 9, 'D_layer_units_exponent_1': 10, 'D_layer_units_exponent_2': 10, 'D_layer_units_exponent_3': 10, 'D_dagger_layers': 2, 'D_dagger_layer_units_exponent_0': 7, 'D_dagger_layer_units_exponent_1': 5, 'log_learning_rate': -3.6329284198798604, 'log_learning_rate_D': -4.093485178745642, 'log_learning_rate_D_dagger': -3.4149915312266383, 'training_batch_size': 12, 'training_p': 3}
	 epoch  0 training error:  tensor(0.6043, device='cuda:0', grad_fn=<DivBackward0>)
Memory status after this epoch: 
Memory allocated:  48.92236328125
Memory cached:  178.0
	 epoch  10 training error:  tensor(0.3742, device='cuda:0', grad_fn=<DivBackward0>)
Memory status after this epoch: 
Memory allocated:  48.92236328125
Memory cached:  270.0
	 epoch  20 training error:  tensor(0.1582, device='cuda:0', grad_fn=<DivBackward0>)
Memory status after this epoch: 
Memory allocated:  48.92236328125
Memory cached:  290.0
	 epoch  30 training error:  tensor(0.0987, device='cuda:0', grad_fn=<DivBackward0>)
Memory status after this epoch: 
Memory allocated:  48.92236328125
Memory cached:  278.0
	 epoch  40 training error:  tensor(0.0467, device='cuda:0', grad_fn=<DivBackward0>)
Memory status after this epoch: 
Memory allocated:  48.92236328125
Memory cached:  278.0
	 epoch  50 training error:  tensor(0.0453, device='cuda:0', grad_fn=<DivBackward0>)
Memory status after this epoch: 
Memory allocated:  48.92236328125
Memory cached:  278.0
	 epoch  60 training error:  tensor(0.0410, device='cuda:0', grad_fn=<DivBackward0>)
Memory status after this epoch: 
Memory allocated:  48.92236328125
Memory cached:  286.0
	 epoch  70 training error:  tensor(0.0396, device='cuda:0', grad_fn=<DivBackward0>)
Memory status after this epoch: 
Memory allocated:  48.92236328125
Memory cached:  282.0
	 epoch  80 training error:  tensor(0.0387, device='cuda:0', grad_fn=<DivBackward0>)
Memory status after this epoch: 
Memory allocated:  48.92236328125
Memory cached:  288.0
	 epoch  90 training error:  tensor(0.0374, device='cuda:0', grad_fn=<DivBackward0>)
Memory status after this epoch: 
Memory allocated:  48.92236328125
Memory cached:  282.0
[I 2023-11-06 23:40:52,787] Trial 48 finished with value: 0.03483472391963005 and parameters: {'W_layers': 3, 'W_layer_units_exponent_0': 9, 'W_layer_units_exponent_1': 10, 'W_layer_units_exponent_2': 5, 'D_layers': 4, 'D_layer_units_exponent_0': 9, 'D_layer_units_exponent_1': 10, 'D_layer_units_exponent_2': 10, 'D_layer_units_exponent_3': 10, 'D_dagger_layers': 2, 'D_dagger_layer_units_exponent_0': 7, 'D_dagger_layer_units_exponent_1': 5, 'log_learning_rate': -3.6329284198798604, 'log_learning_rate_D': -4.093485178745642, 'log_learning_rate_D_dagger': -3.4149915312266383, 'training_batch_size': 12, 'training_p': 3}. Best is trial 41 with value: 0.025320781394839287.
Time for this trial:  167.8445827960968
Memory status after this trial: 
Memory allocated:  307.27197265625
Memory cached:  324.0
--------------------  Trial  49   --------------------
Start timing: 
Parameters: 
{'W_layers': 7, 'W_layer_units_exponent_0': 7, 'W_layer_units_exponent_1': 9, 'W_layer_units_exponent_2': 4, 'W_layer_units_exponent_3': 10, 'W_layer_units_exponent_4': 5, 'W_layer_units_exponent_5': 8, 'W_layer_units_exponent_6': 4, 'D_layers': 5, 'D_layer_units_exponent_0': 10, 'D_layer_units_exponent_1': 10, 'D_layer_units_exponent_2': 9, 'D_layer_units_exponent_3': 9, 'D_layer_units_exponent_4': 9, 'D_dagger_layers': 3, 'D_dagger_layer_units_exponent_0': 8, 'D_dagger_layer_units_exponent_1': 5, 'D_dagger_layer_units_exponent_2': 8, 'log_learning_rate': -4.702058341870992, 'log_learning_rate_D': -3.4299759823922735, 'log_learning_rate_D_dagger': -3.967944160325395, 'training_batch_size': 11, 'training_p': 7}
	 epoch  0 training error:  tensor(0.1456, device='cuda:0', grad_fn=<DivBackward0>)
Memory status after this epoch: 
Memory allocated:  34.69384765625
Memory cached:  170.0
	 epoch  10 training error:  tensor(0.0827, device='cuda:0', grad_fn=<DivBackward0>)
Memory status after this epoch: 
Memory allocated:  34.69384765625
Memory cached:  304.0
	 epoch  20 training error:  tensor(0.0787, device='cuda:0', grad_fn=<DivBackward0>)
Memory status after this epoch: 
Memory allocated:  34.69384765625
Memory cached:  322.0
	 epoch  30 training error:  tensor(0.0681, device='cuda:0', grad_fn=<DivBackward0>)
Memory status after this epoch: 
Memory allocated:  34.69384765625
Memory cached:  312.0
	 epoch  40 training error:  tensor(0.0604, device='cuda:0', grad_fn=<DivBackward0>)
Memory status after this epoch: 
Memory allocated:  34.69384765625
Memory cached:  308.0
	 epoch  50 training error:  tensor(0.0555, device='cuda:0', grad_fn=<DivBackward0>)
Memory status after this epoch: 
Memory allocated:  34.69384765625
Memory cached:  304.0
	 epoch  60 training error:  tensor(0.0528, device='cuda:0', grad_fn=<DivBackward0>)
Memory status after this epoch: 
Memory allocated:  34.69384765625
Memory cached:  322.0
	 epoch  70 training error:  tensor(0.0510, device='cuda:0', grad_fn=<DivBackward0>)
Memory status after this epoch: 
Memory allocated:  34.69384765625
Memory cached:  324.0
	 epoch  80 training error:  tensor(0.0491, device='cuda:0', grad_fn=<DivBackward0>)
Memory status after this epoch: 
Memory allocated:  34.69384765625
Memory cached:  326.0
	 epoch  90 training error:  tensor(0.0471, device='cuda:0', grad_fn=<DivBackward0>)
Memory status after this epoch: 
Memory allocated:  34.69384765625
Memory cached:  320.0
[I 2023-11-06 23:44:31,068] Trial 49 finished with value: 0.038950540125370026 and parameters: {'W_layers': 7, 'W_layer_units_exponent_0': 7, 'W_layer_units_exponent_1': 9, 'W_layer_units_exponent_2': 4, 'W_layer_units_exponent_3': 10, 'W_layer_units_exponent_4': 5, 'W_layer_units_exponent_5': 8, 'W_layer_units_exponent_6': 4, 'D_layers': 5, 'D_layer_units_exponent_0': 10, 'D_layer_units_exponent_1': 10, 'D_layer_units_exponent_2': 9, 'D_layer_units_exponent_3': 9, 'D_layer_units_exponent_4': 9, 'D_dagger_layers': 3, 'D_dagger_layer_units_exponent_0': 8, 'D_dagger_layer_units_exponent_1': 5, 'D_dagger_layer_units_exponent_2': 8, 'log_learning_rate': -4.702058341870992, 'log_learning_rate_D': -3.4299759823922735, 'log_learning_rate_D_dagger': -3.967944160325395, 'training_batch_size': 11, 'training_p': 7}. Best is trial 41 with value: 0.025320781394839287.
Time for this trial:  217.98869800567627
Memory status after this trial: 
Memory allocated:  343.22412109375
Memory cached:  378.0
