[I 2023-11-06 08:50:48,659] Trial 23 finished with value: 0.05759786441922188 and parameters: {'W_layers': 4, 'W_layer_units_exponent_0': 7, 'W_layer_units_exponent_1': 6, 'W_layer_units_exponent_2': 5, 'W_layer_units_exponent_3': 10, 'D_layers': 4, 'D_layer_units_exponent_0': 8, 'D_layer_units_exponent_1': 9, 'D_layer_units_exponent_2': 7, 'D_layer_units_exponent_3': 10, 'D_dagger_layers': 4, 'D_dagger_layer_units_exponent_0': 10, 'D_dagger_layer_units_exponent_1': 7, 'D_dagger_layer_units_exponent_2': 5, 'D_dagger_layer_units_exponent_3': 4, 'log_learning_rate': -1.3633695935027854, 'log_learning_rate_D': -1.0733910873878023, 'log_learning_rate_D_dagger': -3.2077809327021884, 'training_batch_size': 9, 'training_p': 5}. Best is trial 22 with value: 0.053857650607824326.
Time for this trial:  19.456346035003662
Memory status after this trial: 
Memory allocated:  132.744140625
Memory cached:  164.0
--------------------  Trial  24   --------------------
Start timing: 
Parameters: 
{'W_layers': 3, 'W_layer_units_exponent_0': 5, 'W_layer_units_exponent_1': 5, 'W_layer_units_exponent_2': 5, 'D_layers': 5, 'D_layer_units_exponent_0': 6, 'D_layer_units_exponent_1': 9, 'D_layer_units_exponent_2': 6, 'D_layer_units_exponent_3': 9, 'D_layer_units_exponent_4': 10, 'D_dagger_layers': 4, 'D_dagger_layer_units_exponent_0': 10, 'D_dagger_layer_units_exponent_1': 5, 'D_dagger_layer_units_exponent_2': 6, 'D_dagger_layer_units_exponent_3': 5, 'log_learning_rate': -2.219557244838197, 'log_learning_rate_D': -1.469025258311815, 'log_learning_rate_D_dagger': -2.618261572475691, 'training_batch_size': 7, 'training_p': 5}
	 epoch  0 training error:  tensor(0.4518, device='cuda:0', grad_fn=<DivBackward0>)
Memory status after this epoch: 
Memory allocated:  3.18896484375
Memory cached:  28.0
	 epoch  10 training error:  tensor(0.4272, device='cuda:0', grad_fn=<DivBackward0>)
Memory status after this epoch: 
Memory allocated:  3.18896484375
Memory cached:  32.0
	 epoch  20 training error:  tensor(0.1706, device='cuda:0', grad_fn=<DivBackward0>)
Memory status after this epoch: 
Memory allocated:  3.18896484375
Memory cached:  32.0
	 epoch  30 training error:  tensor(0.1213, device='cuda:0', grad_fn=<DivBackward0>)
Memory status after this epoch: 
Memory allocated:  3.18896484375
Memory cached:  32.0
	 epoch  40 training error:  tensor(0.0891, device='cuda:0', grad_fn=<DivBackward0>)
Memory status after this epoch: 
Memory allocated:  3.18896484375
Memory cached:  32.0
	 epoch  50 training error:  tensor(0.0736, device='cuda:0', grad_fn=<DivBackward0>)
Memory status after this epoch: 
Memory allocated:  3.18896484375
Memory cached:  32.0
	 epoch  60 training error:  tensor(0.0746, device='cuda:0', grad_fn=<DivBackward0>)
Memory status after this epoch: 
Memory allocated:  3.18896484375
Memory cached:  32.0
	 epoch  70 training error:  tensor(0.0745, device='cuda:0', grad_fn=<DivBackward0>)
Memory status after this epoch: 
Memory allocated:  3.18896484375
Memory cached:  32.0
	 epoch  80 training error:  tensor(0.0723, device='cuda:0', grad_fn=<DivBackward0>)
Memory status after this epoch: 
Memory allocated:  3.18896484375
Memory cached:  32.0
	 epoch  90 training error:  tensor(0.0715, device='cuda:0', grad_fn=<DivBackward0>)
Memory status after this epoch: 
Memory allocated:  3.18896484375
Memory cached:  32.0
[I 2023-11-06 08:51:07,391] Trial 24 finished with value: 0.06494348496198654 and parameters: {'W_layers': 3, 'W_layer_units_exponent_0': 5, 'W_layer_units_exponent_1': 5, 'W_layer_units_exponent_2': 5, 'D_layers': 5, 'D_layer_units_exponent_0': 6, 'D_layer_units_exponent_1': 9, 'D_layer_units_exponent_2': 6, 'D_layer_units_exponent_3': 9, 'D_layer_units_exponent_4': 10, 'D_dagger_layers': 4, 'D_dagger_layer_units_exponent_0': 10, 'D_dagger_layer_units_exponent_1': 5, 'D_dagger_layer_units_exponent_2': 6, 'D_dagger_layer_units_exponent_3': 5, 'log_learning_rate': -2.219557244838197, 'log_learning_rate_D': -1.469025258311815, 'log_learning_rate_D_dagger': -2.618261572475691, 'training_batch_size': 7, 'training_p': 5}. Best is trial 22 with value: 0.053857650607824326.
Time for this trial:  18.529396057128906
Memory status after this trial: 
Memory allocated:  67.201171875
Memory cached:  90.0
--------------------  Trial  25   --------------------
Start timing: 
Parameters: 
{'W_layers': 4, 'W_layer_units_exponent_0': 8, 'W_layer_units_exponent_1': 7, 'W_layer_units_exponent_2': 4, 'W_layer_units_exponent_3': 10, 'D_layers': 4, 'D_layer_units_exponent_0': 8, 'D_layer_units_exponent_1': 6, 'D_layer_units_exponent_2': 8, 'D_layer_units_exponent_3': 10, 'D_dagger_layers': 5, 'D_dagger_layer_units_exponent_0': 9, 'D_dagger_layer_units_exponent_1': 6, 'D_dagger_layer_units_exponent_2': 8, 'D_dagger_layer_units_exponent_3': 5, 'D_dagger_layer_units_exponent_4': 6, 'log_learning_rate': -1.7027736773806619, 'log_learning_rate_D': -2.501797673987129, 'log_learning_rate_D_dagger': -3.1553770213595698, 'training_batch_size': 8, 'training_p': 7}
	 epoch  0 training error:  tensor(1.0060, device='cuda:0', grad_fn=<DivBackward0>)
Memory status after this epoch: 
Memory allocated:  3.0517578125
Memory cached:  12.0
	 epoch  10 training error:  tensor(0.0734, device='cuda:0', grad_fn=<DivBackward0>)
Memory status after this epoch: 
Memory allocated:  3.0517578125
Memory cached:  12.0
	 epoch  20 training error:  tensor(0.1526, device='cuda:0', grad_fn=<DivBackward0>)
Memory status after this epoch: 
Memory allocated:  3.0517578125
Memory cached:  12.0
	 epoch  30 training error:  tensor(0.1164, device='cuda:0', grad_fn=<DivBackward0>)
Memory status after this epoch: 
Memory allocated:  3.0517578125
Memory cached:  12.0
	 epoch  40 training error:  tensor(0.0745, device='cuda:0', grad_fn=<DivBackward0>)
Memory status after this epoch: 
Memory allocated:  3.0517578125
Memory cached:  12.0
	 epoch  50 training error:  tensor(0.0698, device='cuda:0', grad_fn=<DivBackward0>)
Memory status after this epoch: 
Memory allocated:  3.0517578125
Memory cached:  12.0
	 epoch  60 training error:  tensor(0.0684, device='cuda:0', grad_fn=<DivBackward0>)
Memory status after this epoch: 
Memory allocated:  3.0517578125
Memory cached:  12.0
	 epoch  70 training error:  tensor(0.0690, device='cuda:0', grad_fn=<DivBackward0>)
Memory status after this epoch: 
Memory allocated:  3.0517578125
Memory cached:  12.0
	 epoch  80 training error:  tensor(0.0670, device='cuda:0', grad_fn=<DivBackward0>)
Memory status after this epoch: 
Memory allocated:  3.0517578125
Memory cached:  12.0
	 epoch  90 training error:  tensor(0.0666, device='cuda:0', grad_fn=<DivBackward0>)
Memory status after this epoch: 
Memory allocated:  3.0517578125
Memory cached:  12.0
[I 2023-11-06 08:51:27,798] Trial 25 finished with value: 0.055492203682661057 and parameters: {'W_layers': 4, 'W_layer_units_exponent_0': 8, 'W_layer_units_exponent_1': 7, 'W_layer_units_exponent_2': 4, 'W_layer_units_exponent_3': 10, 'D_layers': 4, 'D_layer_units_exponent_0': 8, 'D_layer_units_exponent_1': 6, 'D_layer_units_exponent_2': 8, 'D_layer_units_exponent_3': 10, 'D_dagger_layers': 5, 'D_dagger_layer_units_exponent_0': 9, 'D_dagger_layer_units_exponent_1': 6, 'D_dagger_layer_units_exponent_2': 8, 'D_dagger_layer_units_exponent_3': 5, 'D_dagger_layer_units_exponent_4': 6, 'log_learning_rate': -1.7027736773806619, 'log_learning_rate_D': -2.501797673987129, 'log_learning_rate_D_dagger': -3.1553770213595698, 'training_batch_size': 8, 'training_p': 7}. Best is trial 22 with value: 0.053857650607824326.
Time for this trial:  20.198823928833008
Memory status after this trial: 
Memory allocated:  129.0625
Memory cached:  136.0
--------------------  Trial  26   --------------------
Start timing: 
Parameters: 
{'W_layers': 5, 'W_layer_units_exponent_0': 7, 'W_layer_units_exponent_1': 8, 'W_layer_units_exponent_2': 4, 'W_layer_units_exponent_3': 8, 'W_layer_units_exponent_4': 6, 'D_layers': 5, 'D_layer_units_exponent_0': 8, 'D_layer_units_exponent_1': 5, 'D_layer_units_exponent_2': 6, 'D_layer_units_exponent_3': 9, 'D_layer_units_exponent_4': 9, 'D_dagger_layers': 7, 'D_dagger_layer_units_exponent_0': 10, 'D_dagger_layer_units_exponent_1': 4, 'D_dagger_layer_units_exponent_2': 8, 'D_dagger_layer_units_exponent_3': 4, 'D_dagger_layer_units_exponent_4': 6, 'D_dagger_layer_units_exponent_5': 7, 'D_dagger_layer_units_exponent_6': 4, 'log_learning_rate': -1.7289497333759503, 'log_learning_rate_D': -2.4087579859371977, 'log_learning_rate_D_dagger': -3.038885828431246, 'training_batch_size': 7, 'training_p': 7}
	 epoch  0 training error:  tensor(0.7826, device='cuda:0', grad_fn=<DivBackward0>)
Memory status after this epoch: 
Memory allocated:  2.81689453125
Memory cached:  8.0
	 epoch  10 training error:  tensor(0.8259, device='cuda:0', grad_fn=<DivBackward0>)
Memory status after this epoch: 
Memory allocated:  2.81689453125
Memory cached:  10.0
	 epoch  20 training error:  tensor(0.2346, device='cuda:0', grad_fn=<DivBackward0>)
Memory status after this epoch: 
Memory allocated:  2.81689453125
Memory cached:  10.0
	 epoch  30 training error:  tensor(0.1340, device='cuda:0', grad_fn=<DivBackward0>)
Memory status after this epoch: 
Memory allocated:  2.81689453125
Memory cached:  10.0
	 epoch  40 training error:  tensor(0.0980, device='cuda:0', grad_fn=<DivBackward0>)
Memory status after this epoch: 
Memory allocated:  2.81689453125
Memory cached:  10.0
	 epoch  50 training error:  tensor(0.0865, device='cuda:0', grad_fn=<DivBackward0>)
Memory status after this epoch: 
Memory allocated:  2.81689453125
Memory cached:  10.0
	 epoch  60 training error:  tensor(0.0735, device='cuda:0', grad_fn=<DivBackward0>)
Memory status after this epoch: 
Memory allocated:  2.81689453125
Memory cached:  10.0
	 epoch  70 training error:  tensor(0.0699, device='cuda:0', grad_fn=<DivBackward0>)
Memory status after this epoch: 
Memory allocated:  2.81689453125
Memory cached:  10.0
	 epoch  80 training error:  tensor(0.0759, device='cuda:0', grad_fn=<DivBackward0>)
Memory status after this epoch: 
Memory allocated:  2.81689453125
Memory cached:  10.0
	 epoch  90 training error:  tensor(0.0669, device='cuda:0', grad_fn=<DivBackward0>)
Memory status after this epoch: 
Memory allocated:  2.81689453125
Memory cached:  10.0
[I 2023-11-06 08:51:48,307] Trial 26 finished with value: 0.05820610746741295 and parameters: {'W_layers': 5, 'W_layer_units_exponent_0': 7, 'W_layer_units_exponent_1': 8, 'W_layer_units_exponent_2': 4, 'W_layer_units_exponent_3': 8, 'W_layer_units_exponent_4': 6, 'D_layers': 5, 'D_layer_units_exponent_0': 8, 'D_layer_units_exponent_1': 5, 'D_layer_units_exponent_2': 6, 'D_layer_units_exponent_3': 9, 'D_layer_units_exponent_4': 9, 'D_dagger_layers': 7, 'D_dagger_layer_units_exponent_0': 10, 'D_dagger_layer_units_exponent_1': 4, 'D_dagger_layer_units_exponent_2': 8, 'D_dagger_layer_units_exponent_3': 4, 'D_dagger_layer_units_exponent_4': 6, 'D_dagger_layer_units_exponent_5': 7, 'D_dagger_layer_units_exponent_6': 4, 'log_learning_rate': -1.7289497333759503, 'log_learning_rate_D': -2.4087579859371977, 'log_learning_rate_D_dagger': -3.038885828431246, 'training_batch_size': 7, 'training_p': 7}. Best is trial 22 with value: 0.053857650607824326.
Time for this trial:  20.288917779922485
Memory status after this trial: 
Memory allocated:  122.0078125
Memory cached:  148.0
--------------------  Trial  27   --------------------
Start timing: 
Parameters: 
{'W_layers': 3, 'W_layer_units_exponent_0': 6, 'W_layer_units_exponent_1': 5, 'W_layer_units_exponent_2': 4, 'D_layers': 3, 'D_layer_units_exponent_0': 9, 'D_layer_units_exponent_1': 6, 'D_layer_units_exponent_2': 8, 'D_dagger_layers': 5, 'D_dagger_layer_units_exponent_0': 9, 'D_dagger_layer_units_exponent_1': 7, 'D_dagger_layer_units_exponent_2': 8, 'D_dagger_layer_units_exponent_3': 5, 'D_dagger_layer_units_exponent_4': 6, 'log_learning_rate': -2.5405839332783753, 'log_learning_rate_D': -2.0049549853845154, 'log_learning_rate_D_dagger': -3.6241331054563877, 'training_batch_size': 8, 'training_p': 8}
	 epoch  0 training error:  tensor(1.0414, device='cuda:0', grad_fn=<DivBackward0>)
Memory status after this epoch: 
Memory allocated:  2.0830078125
Memory cached:  12.0
	 epoch  10 training error:  tensor(0.2208, device='cuda:0', grad_fn=<DivBackward0>)
Memory status after this epoch: 
Memory allocated:  2.0830078125
Memory cached:  14.0
	 epoch  20 training error:  tensor(0.1582, device='cuda:0', grad_fn=<DivBackward0>)
Memory status after this epoch: 
Memory allocated:  2.0830078125
Memory cached:  14.0
	 epoch  30 training error:  tensor(0.0811, device='cuda:0', grad_fn=<DivBackward0>)
Memory status after this epoch: 
Memory allocated:  2.0830078125
Memory cached:  14.0
	 epoch  40 training error:  tensor(0.0933, device='cuda:0', grad_fn=<DivBackward0>)
Memory status after this epoch: 
Memory allocated:  2.0830078125
Memory cached:  14.0
	 epoch  50 training error:  tensor(0.0798, device='cuda:0', grad_fn=<DivBackward0>)
Memory status after this epoch: 
Memory allocated:  2.0830078125
Memory cached:  14.0
	 epoch  60 training error:  tensor(0.0805, device='cuda:0', grad_fn=<DivBackward0>)
Memory status after this epoch: 
Memory allocated:  2.0830078125
Memory cached:  14.0
	 epoch  70 training error:  tensor(0.0778, device='cuda:0', grad_fn=<DivBackward0>)
Memory status after this epoch: 
Memory allocated:  2.0830078125
Memory cached:  14.0
	 epoch  80 training error:  tensor(0.0755, device='cuda:0', grad_fn=<DivBackward0>)
Memory status after this epoch: 
Memory allocated:  2.0830078125
Memory cached:  14.0
	 epoch  90 training error:  tensor(0.0742, device='cuda:0', grad_fn=<DivBackward0>)
Memory status after this epoch: 
Memory allocated:  2.0830078125
Memory cached:  14.0
[I 2023-11-06 08:52:06,532] Trial 27 finished with value: 0.05886392667889595 and parameters: {'W_layers': 3, 'W_layer_units_exponent_0': 6, 'W_layer_units_exponent_1': 5, 'W_layer_units_exponent_2': 4, 'D_layers': 3, 'D_layer_units_exponent_0': 9, 'D_layer_units_exponent_1': 6, 'D_layer_units_exponent_2': 8, 'D_dagger_layers': 5, 'D_dagger_layer_units_exponent_0': 9, 'D_dagger_layer_units_exponent_1': 7, 'D_dagger_layer_units_exponent_2': 8, 'D_dagger_layer_units_exponent_3': 5, 'D_dagger_layer_units_exponent_4': 6, 'log_learning_rate': -2.5405839332783753, 'log_learning_rate_D': -2.0049549853845154, 'log_learning_rate_D_dagger': -3.6241331054563877, 'training_batch_size': 8, 'training_p': 8}. Best is trial 22 with value: 0.053857650607824326.
Time for this trial:  18.02693009376526
Memory status after this trial: 
Memory allocated:  60.5244140625
Memory cached:  82.0
--------------------  Trial  28   --------------------
Start timing: 
Parameters: 
{'W_layers': 4, 'W_layer_units_exponent_0': 5, 'W_layer_units_exponent_1': 8, 'W_layer_units_exponent_2': 5, 'W_layer_units_exponent_3': 9, 'D_layers': 5, 'D_layer_units_exponent_0': 6, 'D_layer_units_exponent_1': 6, 'D_layer_units_exponent_2': 7, 'D_layer_units_exponent_3': 7, 'D_layer_units_exponent_4': 8, 'D_dagger_layers': 6, 'D_dagger_layer_units_exponent_0': 8, 'D_dagger_layer_units_exponent_1': 6, 'D_dagger_layer_units_exponent_2': 7, 'D_dagger_layer_units_exponent_3': 5, 'D_dagger_layer_units_exponent_4': 4, 'D_dagger_layer_units_exponent_5': 8, 'log_learning_rate': -1.1886466808591494, 'log_learning_rate_D': -2.571679432568271, 'log_learning_rate_D_dagger': -3.90479451278271, 'training_batch_size': 8, 'training_p': 6}
	 epoch  0 training error:  tensor(1.0071, device='cuda:0', grad_fn=<DivBackward0>)
Memory status after this epoch: 
Memory allocated:  1.45361328125
Memory cached:  14.0
	 epoch  10 training error:  tensor(0.8397, device='cuda:0', grad_fn=<DivBackward0>)
Memory status after this epoch: 
Memory allocated:  1.45361328125
Memory cached:  16.0
	 epoch  20 training error:  tensor(0.4727, device='cuda:0', grad_fn=<DivBackward0>)
Memory status after this epoch: 
Memory allocated:  1.45361328125
Memory cached:  16.0
	 epoch  30 training error:  tensor(0.2494, device='cuda:0', grad_fn=<DivBackward0>)
Memory status after this epoch: 
Memory allocated:  1.45361328125
Memory cached:  16.0
	 epoch  40 training error:  tensor(0.1062, device='cuda:0', grad_fn=<DivBackward0>)
Memory status after this epoch: 
Memory allocated:  1.45361328125
Memory cached:  16.0
	 epoch  50 training error:  tensor(0.0743, device='cuda:0', grad_fn=<DivBackward0>)
Memory status after this epoch: 
Memory allocated:  1.45361328125
Memory cached:  16.0
	 epoch  60 training error:  tensor(0.0709, device='cuda:0', grad_fn=<DivBackward0>)
Memory status after this epoch: 
Memory allocated:  1.45361328125
Memory cached:  16.0
	 epoch  70 training error:  tensor(0.0675, device='cuda:0', grad_fn=<DivBackward0>)
Memory status after this epoch: 
Memory allocated:  1.45361328125
Memory cached:  16.0
	 epoch  80 training error:  tensor(0.0657, device='cuda:0', grad_fn=<DivBackward0>)
Memory status after this epoch: 
Memory allocated:  1.45361328125
Memory cached:  16.0
	 epoch  90 training error:  tensor(0.0646, device='cuda:0', grad_fn=<DivBackward0>)
Memory status after this epoch: 
Memory allocated:  1.45361328125
Memory cached:  16.0
[I 2023-11-06 08:52:25,679] Trial 28 finished with value: 0.053819041699171066 and parameters: {'W_layers': 4, 'W_layer_units_exponent_0': 5, 'W_layer_units_exponent_1': 8, 'W_layer_units_exponent_2': 5, 'W_layer_units_exponent_3': 9, 'D_layers': 5, 'D_layer_units_exponent_0': 6, 'D_layer_units_exponent_1': 6, 'D_layer_units_exponent_2': 7, 'D_layer_units_exponent_3': 7, 'D_layer_units_exponent_4': 8, 'D_dagger_layers': 6, 'D_dagger_layer_units_exponent_0': 8, 'D_dagger_layer_units_exponent_1': 6, 'D_dagger_layer_units_exponent_2': 7, 'D_dagger_layer_units_exponent_3': 5, 'D_dagger_layer_units_exponent_4': 4, 'D_dagger_layer_units_exponent_5': 8, 'log_learning_rate': -1.1886466808591494, 'log_learning_rate_D': -2.571679432568271, 'log_learning_rate_D_dagger': -3.90479451278271, 'training_batch_size': 8, 'training_p': 6}. Best is trial 28 with value: 0.053819041699171066.
Time for this trial:  18.91210126876831
Memory status after this trial: 
Memory allocated:  86.7587890625
Memory cached:  98.0
--------------------  Trial  29   --------------------
Start timing: 
Parameters: 
{'W_layers': 2, 'W_layer_units_exponent_0': 5, 'W_layer_units_exponent_1': 8, 'D_layers': 7, 'D_layer_units_exponent_0': 5, 'D_layer_units_exponent_1': 9, 'D_layer_units_exponent_2': 7, 'D_layer_units_exponent_3': 7, 'D_layer_units_exponent_4': 8, 'D_layer_units_exponent_5': 10, 'D_layer_units_exponent_6': 10, 'D_dagger_layers': 7, 'D_dagger_layer_units_exponent_0': 8, 'D_dagger_layer_units_exponent_1': 7, 'D_dagger_layer_units_exponent_2': 7, 'D_dagger_layer_units_exponent_3': 4, 'D_dagger_layer_units_exponent_4': 4, 'D_dagger_layer_units_exponent_5': 8, 'D_dagger_layer_units_exponent_6': 4, 'log_learning_rate': -1.0051519627605794, 'log_learning_rate_D': -2.7488201178064706, 'log_learning_rate_D_dagger': -3.8668131456096204, 'training_batch_size': 7, 'training_p': 6}
	 epoch  0 training error:  tensor(0.5691, device='cuda:0', grad_fn=<DivBackward0>)
Memory status after this epoch: 
Memory allocated:  6.7451171875
Memory cached:  34.0
	 epoch  10 training error:  tensor(0.7617, device='cuda:0', grad_fn=<DivBackward0>)
Memory status after this epoch: 
Memory allocated:  6.7451171875
Memory cached:  36.0
	 epoch  20 training error:  tensor(0.2968, device='cuda:0', grad_fn=<DivBackward0>)
Memory status after this epoch: 
Memory allocated:  6.7451171875
Memory cached:  36.0
	 epoch  30 training error:  tensor(0.1487, device='cuda:0', grad_fn=<DivBackward0>)
Memory status after this epoch: 
Memory allocated:  6.7451171875
Memory cached:  36.0
	 epoch  40 training error:  tensor(0.0948, device='cuda:0', grad_fn=<DivBackward0>)
Memory status after this epoch: 
Memory allocated:  6.7451171875
Memory cached:  36.0
	 epoch  50 training error:  tensor(0.0736, device='cuda:0', grad_fn=<DivBackward0>)
Memory status after this epoch: 
Memory allocated:  6.7451171875
Memory cached:  36.0
	 epoch  60 training error:  tensor(0.0692, device='cuda:0', grad_fn=<DivBackward0>)
Memory status after this epoch: 
Memory allocated:  6.7451171875
Memory cached:  36.0
	 epoch  70 training error:  tensor(0.0681, device='cuda:0', grad_fn=<DivBackward0>)
Memory status after this epoch: 
Memory allocated:  6.7451171875
Memory cached:  36.0
	 epoch  80 training error:  tensor(0.0666, device='cuda:0', grad_fn=<DivBackward0>)
Memory status after this epoch: 
Memory allocated:  6.7451171875
Memory cached:  36.0
	 epoch  90 training error:  tensor(0.0659, device='cuda:0', grad_fn=<DivBackward0>)
Memory status after this epoch: 
Memory allocated:  6.7451171875
Memory cached:  36.0
