[I 2023-10-30 14:40:21,034] Trial 25 finished with value: 0.23701556026935577 and parameters: {'W_layers': 2, 'W_layer_units_exponent_0': 9, 'W_layer_units_exponent_1': 5, 'D_layers': 2, 'D_layer_units_exponent_0': 5, 'D_layer_units_exponent_1': 10, 'log_learning_rate': -2.4336319254673686, 'log_learning_rate_D': -4.537938539986805, 'training_batch_size': 12, 'training_p': 3}. Best is trial 22 with value: 0.23656503856182098.
Time for this trial:  95.48668932914734
Memory status after this trial: 
Memory allocated:  85.96533203125
Memory cached:  88.0
--------------------  Trial  26   --------------------
Start timing: 
Parameters: 
{'W_layers': 2, 'W_layer_units_exponent_0': 9, 'W_layer_units_exponent_1': 5, 'D_layers': 2, 'D_layer_units_exponent_0': 4, 'D_layer_units_exponent_1': 9, 'log_learning_rate': -1.6240739852695083, 'log_learning_rate_D': -4.454715174659062, 'training_batch_size': 11, 'training_p': 4}
	 epoch  0 training error:  tensor(1.0001, device='cuda:0', grad_fn=<DivBackward0>)
Memory status after this epoch: 
Memory allocated:  0.4833984375
Memory cached:  8.0
	 epoch  10 training error:  tensor(0.3810, device='cuda:0', grad_fn=<DivBackward0>)
Memory status after this epoch: 
Memory allocated:  0.4833984375
Memory cached:  10.0
	 epoch  20 training error:  tensor(0.2515, device='cuda:0', grad_fn=<DivBackward0>)
Memory status after this epoch: 
Memory allocated:  0.4833984375
Memory cached:  10.0
	 epoch  30 training error:  tensor(0.2499, device='cuda:0', grad_fn=<DivBackward0>)
Memory status after this epoch: 
Memory allocated:  0.4833984375
Memory cached:  10.0
	 epoch  40 training error:  tensor(0.2495, device='cuda:0', grad_fn=<DivBackward0>)
Memory status after this epoch: 
Memory allocated:  0.4833984375
Memory cached:  10.0
	 epoch  50 training error:  tensor(0.2495, device='cuda:0', grad_fn=<DivBackward0>)
Memory status after this epoch: 
Memory allocated:  0.4833984375
Memory cached:  10.0
	 epoch  60 training error:  tensor(0.2497, device='cuda:0', grad_fn=<DivBackward0>)
Memory status after this epoch: 
Memory allocated:  0.4833984375
Memory cached:  10.0
	 epoch  70 training error:  tensor(0.2495, device='cuda:0', grad_fn=<DivBackward0>)
Memory status after this epoch: 
Memory allocated:  0.4833984375
Memory cached:  10.0
	 epoch  80 training error:  tensor(0.2495, device='cuda:0', grad_fn=<DivBackward0>)
Memory status after this epoch: 
Memory allocated:  0.4833984375
Memory cached:  10.0
	 epoch  90 training error:  tensor(0.2494, device='cuda:0', grad_fn=<DivBackward0>)
Memory status after this epoch: 
Memory allocated:  0.4833984375
Memory cached:  10.0
[I 2023-10-30 14:41:52,804] Trial 26 finished with value: 0.23735962808132172 and parameters: {'W_layers': 2, 'W_layer_units_exponent_0': 9, 'W_layer_units_exponent_1': 5, 'D_layers': 2, 'D_layer_units_exponent_0': 4, 'D_layer_units_exponent_1': 9, 'log_learning_rate': -1.6240739852695083, 'log_learning_rate_D': -4.454715174659062, 'training_batch_size': 11, 'training_p': 4}. Best is trial 22 with value: 0.23656503856182098.
Time for this trial:  91.59618520736694
Memory status after this trial: 
Memory allocated:  58.02294921875
Memory cached:  60.0
--------------------  Trial  27   --------------------
Start timing: 
Parameters: 
{'W_layers': 2, 'W_layer_units_exponent_0': 9, 'W_layer_units_exponent_1': 6, 'D_layers': 2, 'D_layer_units_exponent_0': 8, 'D_layer_units_exponent_1': 8, 'log_learning_rate': -2.68864533728245, 'log_learning_rate_D': -4.679133012318895, 'training_batch_size': 12, 'training_p': 4}
	 epoch  0 training error:  tensor(0.9999, device='cuda:0', grad_fn=<DivBackward0>)
Memory status after this epoch: 
Memory allocated:  1.6162109375
Memory cached:  4.0
	 epoch  10 training error:  tensor(0.4669, device='cuda:0', grad_fn=<DivBackward0>)
Memory status after this epoch: 
Memory allocated:  1.6162109375
Memory cached:  6.0
	 epoch  20 training error:  tensor(0.2752, device='cuda:0', grad_fn=<DivBackward0>)
Memory status after this epoch: 
Memory allocated:  1.6162109375
Memory cached:  6.0
	 epoch  30 training error:  tensor(0.2505, device='cuda:0', grad_fn=<DivBackward0>)
Memory status after this epoch: 
Memory allocated:  1.6162109375
Memory cached:  6.0
	 epoch  40 training error:  tensor(0.2509, device='cuda:0', grad_fn=<DivBackward0>)
Memory status after this epoch: 
Memory allocated:  1.6162109375
Memory cached:  6.0
	 epoch  50 training error:  tensor(0.2520, device='cuda:0', grad_fn=<DivBackward0>)
Memory status after this epoch: 
Memory allocated:  1.6162109375
Memory cached:  6.0
	 epoch  60 training error:  tensor(0.2498, device='cuda:0', grad_fn=<DivBackward0>)
Memory status after this epoch: 
Memory allocated:  1.6162109375
Memory cached:  6.0
	 epoch  70 training error:  tensor(0.2496, device='cuda:0', grad_fn=<DivBackward0>)
Memory status after this epoch: 
Memory allocated:  1.6162109375
Memory cached:  6.0
	 epoch  80 training error:  tensor(0.2495, device='cuda:0', grad_fn=<DivBackward0>)
Memory status after this epoch: 
Memory allocated:  1.6162109375
Memory cached:  6.0
	 epoch  90 training error:  tensor(0.2495, device='cuda:0', grad_fn=<DivBackward0>)
Memory status after this epoch: 
Memory allocated:  1.6162109375
Memory cached:  6.0
[I 2023-10-30 14:43:25,654] Trial 27 finished with value: 0.23725949227809906 and parameters: {'W_layers': 2, 'W_layer_units_exponent_0': 9, 'W_layer_units_exponent_1': 6, 'D_layers': 2, 'D_layer_units_exponent_0': 8, 'D_layer_units_exponent_1': 8, 'log_learning_rate': -2.68864533728245, 'log_learning_rate_D': -4.679133012318895, 'training_batch_size': 12, 'training_p': 4}. Best is trial 22 with value: 0.23656503856182098.
Time for this trial:  92.66605591773987
Memory status after this trial: 
Memory allocated:  59.283203125
Memory cached:  62.0
--------------------  Trial  28   --------------------
Start timing: 
Parameters: 
{'W_layers': 2, 'W_layer_units_exponent_0': 8, 'W_layer_units_exponent_1': 4, 'D_layers': 2, 'D_layer_units_exponent_0': 9, 'D_layer_units_exponent_1': 9, 'log_learning_rate': -2.338343559779413, 'log_learning_rate_D': -3.993559810497353, 'training_batch_size': 10, 'training_p': 2}
	 epoch  0 training error:  tensor(1.0015, device='cuda:0', grad_fn=<DivBackward0>)
Memory status after this epoch: 
Memory allocated:  4.1826171875
Memory cached:  8.0
	 epoch  10 training error:  tensor(0.3924, device='cuda:0', grad_fn=<DivBackward0>)
Memory status after this epoch: 
Memory allocated:  4.1826171875
Memory cached:  12.0
	 epoch  20 training error:  tensor(0.2409, device='cuda:0', grad_fn=<DivBackward0>)
Memory status after this epoch: 
Memory allocated:  4.1826171875
Memory cached:  12.0
	 epoch  30 training error:  tensor(0.2367, device='cuda:0', grad_fn=<DivBackward0>)
Memory status after this epoch: 
Memory allocated:  4.1826171875
Memory cached:  10.0
	 epoch  40 training error:  tensor(0.2365, device='cuda:0', grad_fn=<DivBackward0>)
Memory status after this epoch: 
Memory allocated:  4.1826171875
Memory cached:  10.0
	 epoch  50 training error:  tensor(0.2360, device='cuda:0', grad_fn=<DivBackward0>)
Memory status after this epoch: 
Memory allocated:  4.1826171875
Memory cached:  10.0
	 epoch  60 training error:  tensor(0.2359, device='cuda:0', grad_fn=<DivBackward0>)
Memory status after this epoch: 
Memory allocated:  4.1826171875
Memory cached:  12.0
	 epoch  70 training error:  tensor(0.2360, device='cuda:0', grad_fn=<DivBackward0>)
Memory status after this epoch: 
Memory allocated:  4.1826171875
Memory cached:  12.0
	 epoch  80 training error:  tensor(0.2360, device='cuda:0', grad_fn=<DivBackward0>)
Memory status after this epoch: 
Memory allocated:  4.1826171875
Memory cached:  12.0
	 epoch  90 training error:  tensor(0.2359, device='cuda:0', grad_fn=<DivBackward0>)
Memory status after this epoch: 
Memory allocated:  4.1826171875
Memory cached:  12.0
[I 2023-10-30 14:45:02,336] Trial 28 finished with value: 0.2376023828983307 and parameters: {'W_layers': 2, 'W_layer_units_exponent_0': 8, 'W_layer_units_exponent_1': 4, 'D_layers': 2, 'D_layer_units_exponent_0': 9, 'D_layer_units_exponent_1': 9, 'log_learning_rate': -2.338343559779413, 'log_learning_rate_D': -3.993559810497353, 'training_batch_size': 10, 'training_p': 2}. Best is trial 22 with value: 0.23656503856182098.
Time for this trial:  96.50413036346436
Memory status after this trial: 
Memory allocated:  71.572265625
Memory cached:  74.0
--------------------  Trial  29   --------------------
Start timing: 
Parameters: 
{'W_layers': 3, 'W_layer_units_exponent_0': 9, 'W_layer_units_exponent_1': 5, 'W_layer_units_exponent_2': 5, 'D_layers': 3, 'D_layer_units_exponent_0': 7, 'D_layer_units_exponent_1': 10, 'D_layer_units_exponent_2': 10, 'log_learning_rate': -2.003029504472518, 'log_learning_rate_D': -4.965332341866529, 'training_batch_size': 7, 'training_p': 4}
	 epoch  0 training error:  tensor(1.0000, device='cuda:0', grad_fn=<DivBackward0>)
Memory status after this epoch: 
Memory allocated:  18.4130859375
Memory cached:  30.0
	 epoch  10 training error:  tensor(0.4864, device='cuda:0', grad_fn=<DivBackward0>)
Memory status after this epoch: 
Memory allocated:  18.4130859375
Memory cached:  34.0
	 epoch  20 training error:  tensor(0.2652, device='cuda:0', grad_fn=<DivBackward0>)
Memory status after this epoch: 
Memory allocated:  18.4130859375
Memory cached:  34.0
	 epoch  30 training error:  tensor(0.2561, device='cuda:0', grad_fn=<DivBackward0>)
Memory status after this epoch: 
Memory allocated:  18.4130859375
Memory cached:  34.0
	 epoch  40 training error:  tensor(0.2501, device='cuda:0', grad_fn=<DivBackward0>)
Memory status after this epoch: 
Memory allocated:  18.4130859375
Memory cached:  34.0
	 epoch  50 training error:  tensor(0.2506, device='cuda:0', grad_fn=<DivBackward0>)
Memory status after this epoch: 
Memory allocated:  18.4130859375
Memory cached:  34.0
	 epoch  60 training error:  tensor(0.2499, device='cuda:0', grad_fn=<DivBackward0>)
Memory status after this epoch: 
Memory allocated:  18.4130859375
Memory cached:  34.0
	 epoch  70 training error:  tensor(0.2496, device='cuda:0', grad_fn=<DivBackward0>)
Memory status after this epoch: 
Memory allocated:  18.4130859375
Memory cached:  34.0
	 epoch  80 training error:  tensor(0.2495, device='cuda:0', grad_fn=<DivBackward0>)
Memory status after this epoch: 
Memory allocated:  18.4130859375
Memory cached:  34.0
	 epoch  90 training error:  tensor(0.2495, device='cuda:0', grad_fn=<DivBackward0>)
Memory status after this epoch: 
Memory allocated:  18.4130859375
Memory cached:  34.0
[I 2023-10-30 14:47:03,156] Trial 29 finished with value: 0.23703978955745697 and parameters: {'W_layers': 3, 'W_layer_units_exponent_0': 9, 'W_layer_units_exponent_1': 5, 'W_layer_units_exponent_2': 5, 'D_layers': 3, 'D_layer_units_exponent_0': 7, 'D_layer_units_exponent_1': 10, 'D_layer_units_exponent_2': 10, 'log_learning_rate': -2.003029504472518, 'log_learning_rate_D': -4.965332341866529, 'training_batch_size': 7, 'training_p': 4}. Best is trial 22 with value: 0.23656503856182098.
Time for this trial:  120.63580584526062
Memory status after this trial: 
Memory allocated:  155.66015625
Memory cached:  170.0
--------------------  Trial  30   --------------------
Start timing: 
Parameters: 
{'W_layers': 2, 'W_layer_units_exponent_0': 10, 'W_layer_units_exponent_1': 6, 'D_layers': 2, 'D_layer_units_exponent_0': 6, 'D_layer_units_exponent_1': 8, 'log_learning_rate': -2.6492200692456223, 'log_learning_rate_D': -4.471889007481656, 'training_batch_size': 11, 'training_p': 3}
	 epoch  0 training error:  tensor(1.0001, device='cuda:0', grad_fn=<DivBackward0>)
Memory status after this epoch: 
Memory allocated:  1.3994140625
Memory cached:  6.0
	 epoch  10 training error:  tensor(0.2725, device='cuda:0', grad_fn=<DivBackward0>)
Memory status after this epoch: 
Memory allocated:  1.3994140625
Memory cached:  12.0
	 epoch  20 training error:  tensor(0.2480, device='cuda:0', grad_fn=<DivBackward0>)
Memory status after this epoch: 
Memory allocated:  1.3994140625
Memory cached:  8.0
	 epoch  30 training error:  tensor(0.2473, device='cuda:0', grad_fn=<DivBackward0>)
Memory status after this epoch: 
Memory allocated:  1.3994140625
Memory cached:  8.0
	 epoch  40 training error:  tensor(0.2471, device='cuda:0', grad_fn=<DivBackward0>)
Memory status after this epoch: 
Memory allocated:  1.3994140625
Memory cached:  8.0
	 epoch  50 training error:  tensor(0.2445, device='cuda:0', grad_fn=<DivBackward0>)
Memory status after this epoch: 
Memory allocated:  1.3994140625
Memory cached:  8.0
	 epoch  60 training error:  tensor(0.2445, device='cuda:0', grad_fn=<DivBackward0>)
Memory status after this epoch: 
Memory allocated:  1.3994140625
Memory cached:  8.0
	 epoch  70 training error:  tensor(0.2444, device='cuda:0', grad_fn=<DivBackward0>)
Memory status after this epoch: 
Memory allocated:  1.3994140625
Memory cached:  8.0
	 epoch  80 training error:  tensor(0.2445, device='cuda:0', grad_fn=<DivBackward0>)
Memory status after this epoch: 
Memory allocated:  1.3994140625
Memory cached:  8.0
	 epoch  90 training error:  tensor(0.2445, device='cuda:0', grad_fn=<DivBackward0>)
Memory status after this epoch: 
Memory allocated:  1.3994140625
Memory cached:  8.0
[I 2023-10-30 14:48:35,901] Trial 30 finished with value: 0.23717883229255676 and parameters: {'W_layers': 2, 'W_layer_units_exponent_0': 10, 'W_layer_units_exponent_1': 6, 'D_layers': 2, 'D_layer_units_exponent_0': 6, 'D_layer_units_exponent_1': 8, 'log_learning_rate': -2.6492200692456223, 'log_learning_rate_D': -4.471889007481656, 'training_batch_size': 11, 'training_p': 3}. Best is trial 22 with value: 0.23656503856182098.
Time for this trial:  92.53754687309265
Memory status after this trial: 
Memory allocated:  76.3671875
Memory cached:  78.0
--------------------  Trial  31   --------------------
Start timing: 
Parameters: 
{'W_layers': 5, 'W_layer_units_exponent_0': 8, 'W_layer_units_exponent_1': 4, 'W_layer_units_exponent_2': 9, 'W_layer_units_exponent_3': 9, 'W_layer_units_exponent_4': 8, 'D_layers': 3, 'D_layer_units_exponent_0': 5, 'D_layer_units_exponent_1': 9, 'D_layer_units_exponent_2': 8, 'log_learning_rate': -1.1668654438363943, 'log_learning_rate_D': -3.9512006698746207, 'training_batch_size': 12, 'training_p': 2}
	 epoch  0 training error:  tensor(1., device='cuda:0', grad_fn=<DivBackward0>)
Memory status after this epoch: 
Memory allocated:  8.5439453125
Memory cached:  12.0
[W 2023-10-30 14:48:39,483] Trial 31 failed with parameters: {'W_layers': 5, 'W_layer_units_exponent_0': 8, 'W_layer_units_exponent_1': 4, 'W_layer_units_exponent_2': 9, 'W_layer_units_exponent_3': 9, 'W_layer_units_exponent_4': 8, 'D_layers': 3, 'D_layer_units_exponent_0': 5, 'D_layer_units_exponent_1': 9, 'D_layer_units_exponent_2': 8, 'log_learning_rate': -1.1668654438363943, 'log_learning_rate_D': -3.9512006698746207, 'training_batch_size': 12, 'training_p': 2} because of the following error: The value nan is not acceptable.
[W 2023-10-30 14:48:39,484] Trial 31 failed with value tensor(nan, device='cuda:0', grad_fn=<DivBackward0>).
Time for this trial:  3.38338565826416
Memory status after this trial: 
Memory allocated:  130.26904296875
Memory cached:  136.0
--------------------  Trial  32   --------------------
Start timing: 
Parameters: 
{'W_layers': 5, 'W_layer_units_exponent_0': 8, 'W_layer_units_exponent_1': 4, 'W_layer_units_exponent_2': 9, 'W_layer_units_exponent_3': 9, 'W_layer_units_exponent_4': 7, 'D_layers': 3, 'D_layer_units_exponent_0': 5, 'D_layer_units_exponent_1': 9, 'D_layer_units_exponent_2': 8, 'log_learning_rate': -1.0753246236403253, 'log_learning_rate_D': -4.019063083634777, 'training_batch_size': 12, 'training_p': 2}
	 epoch  0 training error:  tensor(1., device='cuda:0', grad_fn=<DivBackward0>)
Memory status after this epoch: 
Memory allocated:  7.5400390625
Memory cached:  16.0
[W 2023-10-30 14:48:42,986] Trial 32 failed with parameters: {'W_layers': 5, 'W_layer_units_exponent_0': 8, 'W_layer_units_exponent_1': 4, 'W_layer_units_exponent_2': 9, 'W_layer_units_exponent_3': 9, 'W_layer_units_exponent_4': 7, 'D_layers': 3, 'D_layer_units_exponent_0': 5, 'D_layer_units_exponent_1': 9, 'D_layer_units_exponent_2': 8, 'log_learning_rate': -1.0753246236403253, 'log_learning_rate_D': -4.019063083634777, 'training_batch_size': 12, 'training_p': 2} because of the following error: The value nan is not acceptable.
[W 2023-10-30 14:48:42,986] Trial 32 failed with value tensor(nan, device='cuda:0', grad_fn=<DivBackward0>).
Time for this trial:  3.293731451034546
Memory status after this trial: 
Memory allocated:  122.93115234375
Memory cached:  128.0
--------------------  Trial  33   --------------------
Start timing: 
Parameters: 
{'W_layers': 5, 'W_layer_units_exponent_0': 8, 'W_layer_units_exponent_1': 4, 'W_layer_units_exponent_2': 9, 'W_layer_units_exponent_3': 9, 'W_layer_units_exponent_4': 7, 'D_layers': 3, 'D_layer_units_exponent_0': 5, 'D_layer_units_exponent_1': 9, 'D_layer_units_exponent_2': 8, 'log_learning_rate': -1.2463335439305259, 'log_learning_rate_D': -3.9701397918998396, 'training_batch_size': 12, 'training_p': 2}
	 epoch  0 training error:  tensor(1.0000, device='cuda:0', grad_fn=<DivBackward0>)
Memory status after this epoch: 
Memory allocated:  7.5400390625
Memory cached:  12.0
	 epoch  10 training error:  tensor(1., device='cuda:0', grad_fn=<DivBackward0>)
Memory status after this epoch: 
Memory allocated:  7.5400390625
Memory cached:  18.0
	 epoch  20 training error:  tensor(1., device='cuda:0', grad_fn=<DivBackward0>)
Memory status after this epoch: 
Memory allocated:  7.5400390625
Memory cached:  18.0
	 epoch  30 training error:  tensor(1., device='cuda:0', grad_fn=<DivBackward0>)
Memory status after this epoch: 
Memory allocated:  7.5400390625
Memory cached:  16.0
	 epoch  40 training error:  tensor(1., device='cuda:0', grad_fn=<DivBackward0>)
Memory status after this epoch: 
Memory allocated:  7.5400390625
Memory cached:  18.0
	 epoch  50 training error:  tensor(1., device='cuda:0', grad_fn=<DivBackward0>)
Memory status after this epoch: 
Memory allocated:  7.5400390625
Memory cached:  16.0
	 epoch  60 training error:  tensor(1., device='cuda:0', grad_fn=<DivBackward0>)
Memory status after this epoch: 
Memory allocated:  7.5400390625
Memory cached:  18.0
	 epoch  70 training error:  tensor(1., device='cuda:0', grad_fn=<DivBackward0>)
Memory status after this epoch: 
Memory allocated:  7.5400390625
Memory cached:  16.0
	 epoch  80 training error:  tensor(1., device='cuda:0', grad_fn=<DivBackward0>)
Memory status after this epoch: 
Memory allocated:  7.5400390625
Memory cached:  18.0
	 epoch  90 training error:  tensor(1., device='cuda:0', grad_fn=<DivBackward0>)
Memory status after this epoch: 
Memory allocated:  7.5400390625
Memory cached:  18.0
[I 2023-10-30 14:50:53,409] Trial 33 finished with value: 1.0 and parameters: {'W_layers': 5, 'W_layer_units_exponent_0': 8, 'W_layer_units_exponent_1': 4, 'W_layer_units_exponent_2': 9, 'W_layer_units_exponent_3': 9, 'W_layer_units_exponent_4': 7, 'D_layers': 3, 'D_layer_units_exponent_0': 5, 'D_layer_units_exponent_1': 9, 'D_layer_units_exponent_2': 8, 'log_learning_rate': -1.2463335439305259, 'log_learning_rate_D': -3.9701397918998396, 'training_batch_size': 12, 'training_p': 2}. Best is trial 22 with value: 0.23656503856182098.
Time for this trial:  130.18029594421387
Memory status after this trial: 
Memory allocated:  122.93115234375
Memory cached:  128.0
--------------------  Trial  34   --------------------
Start timing: 
Parameters: 
{'W_layers': 4, 'W_layer_units_exponent_0': 7, 'W_layer_units_exponent_1': 5, 'W_layer_units_exponent_2': 5, 'W_layer_units_exponent_3': 6, 'D_layers': 2, 'D_layer_units_exponent_0': 10, 'D_layer_units_exponent_1': 10, 'log_learning_rate': -1.629027496813411, 'log_learning_rate_D': -4.343134898962962, 'training_batch_size': 12, 'training_p': 4}
	 epoch  0 training error:  tensor(1.0000, device='cuda:0', grad_fn=<DivBackward0>)
Memory status after this epoch: 
Memory allocated:  16.2763671875
Memory cached:  28.0
	 epoch  10 training error:  tensor(0.9116, device='cuda:0', grad_fn=<DivBackward0>)
Memory status after this epoch: 
Memory allocated:  16.2763671875
Memory cached:  32.0
	 epoch  20 training error:  tensor(1.4726, device='cuda:0', grad_fn=<DivBackward0>)
Memory status after this epoch: 
Memory allocated:  16.2763671875
Memory cached:  30.0
	 epoch  30 training error:  tensor(0.2697, device='cuda:0', grad_fn=<DivBackward0>)
Memory status after this epoch: 
Memory allocated:  16.2763671875
Memory cached:  32.0
	 epoch  40 training error:  tensor(0.2573, device='cuda:0', grad_fn=<DivBackward0>)
Memory status after this epoch: 
Memory allocated:  16.2763671875
Memory cached:  34.0
	 epoch  50 training error:  tensor(0.2507, device='cuda:0', grad_fn=<DivBackward0>)
Memory status after this epoch: 
Memory allocated:  16.2763671875
Memory cached:  32.0
	 epoch  60 training error:  tensor(0.2504, device='cuda:0', grad_fn=<DivBackward0>)
Memory status after this epoch: 
Memory allocated:  16.2763671875
Memory cached:  32.0
	 epoch  70 training error:  tensor(0.2504, device='cuda:0', grad_fn=<DivBackward0>)
Memory status after this epoch: 
Memory allocated:  16.2763671875
Memory cached:  32.0
	 epoch  80 training error:  tensor(0.2494, device='cuda:0', grad_fn=<DivBackward0>)
Memory status after this epoch: 
Memory allocated:  16.2763671875
Memory cached:  32.0
	 epoch  90 training error:  tensor(0.2496, device='cuda:0', grad_fn=<DivBackward0>)
Memory status after this epoch: 
Memory allocated:  16.2763671875
Memory cached:  32.0
