[I 2023-10-30 16:15:13,046] Trial 30 finished with value: 0.2268085926771164 and parameters: {'W_layers': 2, 'W_layer_units_exponent_0': 10, 'W_layer_units_exponent_1': 7, 'D_layers': 2, 'D_layer_units_exponent_0': 7, 'D_layer_units_exponent_1': 7, 'log_learning_rate': -3.0509000227331153, 'log_learning_rate_D': -3.7065635635931873, 'training_batch_size': 11, 'training_p': 3}. Best is trial 1 with value: 0.22552898526191711.
Time for this trial:  15.89584469795227
Memory status after this trial: 
Memory allocated:  62.66845703125
Memory cached:  90.0
--------------------  Trial  31   --------------------
Start timing: 
Parameters: 
{'W_layers': 3, 'W_layer_units_exponent_0': 6, 'W_layer_units_exponent_1': 6, 'W_layer_units_exponent_2': 7, 'D_layers': 4, 'D_layer_units_exponent_0': 6, 'D_layer_units_exponent_1': 8, 'D_layer_units_exponent_2': 8, 'D_layer_units_exponent_3': 9, 'log_learning_rate': -3.072617832811175, 'log_learning_rate_D': -4.522348101598137, 'training_batch_size': 9, 'training_p': 4}
	 epoch  0 training error:  tensor(1.0004, device='cuda:0', grad_fn=<DivBackward0>)
Memory status after this epoch: 
Memory allocated:  1.111328125
Memory cached:  2.0
	 epoch  10 training error:  tensor(0.9815, device='cuda:0', grad_fn=<DivBackward0>)
Memory status after this epoch: 
Memory allocated:  1.111328125
Memory cached:  2.0
	 epoch  20 training error:  tensor(0.8508, device='cuda:0', grad_fn=<DivBackward0>)
Memory status after this epoch: 
Memory allocated:  1.111328125
Memory cached:  2.0
	 epoch  30 training error:  tensor(0.4257, device='cuda:0', grad_fn=<DivBackward0>)
Memory status after this epoch: 
Memory allocated:  1.111328125
Memory cached:  2.0
	 epoch  40 training error:  tensor(0.2749, device='cuda:0', grad_fn=<DivBackward0>)
Memory status after this epoch: 
Memory allocated:  1.111328125
Memory cached:  2.0
	 epoch  50 training error:  tensor(0.2701, device='cuda:0', grad_fn=<DivBackward0>)
Memory status after this epoch: 
Memory allocated:  1.111328125
Memory cached:  2.0
	 epoch  60 training error:  tensor(0.2523, device='cuda:0', grad_fn=<DivBackward0>)
Memory status after this epoch: 
Memory allocated:  1.111328125
Memory cached:  2.0
	 epoch  70 training error:  tensor(0.2544, device='cuda:0', grad_fn=<DivBackward0>)
Memory status after this epoch: 
Memory allocated:  1.111328125
Memory cached:  2.0
	 epoch  80 training error:  tensor(0.2531, device='cuda:0', grad_fn=<DivBackward0>)
Memory status after this epoch: 
Memory allocated:  1.111328125
Memory cached:  2.0
	 epoch  90 training error:  tensor(0.2524, device='cuda:0', grad_fn=<DivBackward0>)
Memory status after this epoch: 
Memory allocated:  1.111328125
Memory cached:  2.0
[I 2023-10-30 16:15:27,572] Trial 31 finished with value: 0.22617533802986145 and parameters: {'W_layers': 3, 'W_layer_units_exponent_0': 6, 'W_layer_units_exponent_1': 6, 'W_layer_units_exponent_2': 7, 'D_layers': 4, 'D_layer_units_exponent_0': 6, 'D_layer_units_exponent_1': 8, 'D_layer_units_exponent_2': 8, 'D_layer_units_exponent_3': 9, 'log_learning_rate': -3.072617832811175, 'log_learning_rate_D': -4.522348101598137, 'training_batch_size': 9, 'training_p': 4}. Best is trial 1 with value: 0.22552898526191711.
Time for this trial:  14.356728076934814
Memory status after this trial: 
Memory allocated:  13.89794921875
Memory cached:  16.0
--------------------  Trial  32   --------------------
Start timing: 
Parameters: 
{'W_layers': 4, 'W_layer_units_exponent_0': 8, 'W_layer_units_exponent_1': 4, 'W_layer_units_exponent_2': 9, 'W_layer_units_exponent_3': 6, 'D_layers': 3, 'D_layer_units_exponent_0': 6, 'D_layer_units_exponent_1': 10, 'D_layer_units_exponent_2': 7, 'log_learning_rate': -3.5799356807345846, 'log_learning_rate_D': -3.9830167191447576, 'training_batch_size': 7, 'training_p': 8}
	 epoch  0 training error:  tensor(1.0006, device='cuda:0', grad_fn=<DivBackward0>)
Memory status after this epoch: 
Memory allocated:  1.5595703125
Memory cached:  6.0
	 epoch  10 training error:  tensor(0.9958, device='cuda:0', grad_fn=<DivBackward0>)
Memory status after this epoch: 
Memory allocated:  1.5595703125
Memory cached:  6.0
	 epoch  20 training error:  tensor(0.9738, device='cuda:0', grad_fn=<DivBackward0>)
Memory status after this epoch: 
Memory allocated:  1.5595703125
Memory cached:  6.0
	 epoch  30 training error:  tensor(0.8134, device='cuda:0', grad_fn=<DivBackward0>)
Memory status after this epoch: 
Memory allocated:  1.5595703125
Memory cached:  6.0
	 epoch  40 training error:  tensor(0.3830, device='cuda:0', grad_fn=<DivBackward0>)
Memory status after this epoch: 
Memory allocated:  1.5595703125
Memory cached:  6.0
	 epoch  50 training error:  tensor(0.2655, device='cuda:0', grad_fn=<DivBackward0>)
Memory status after this epoch: 
Memory allocated:  1.5595703125
Memory cached:  6.0
	 epoch  60 training error:  tensor(0.2664, device='cuda:0', grad_fn=<DivBackward0>)
Memory status after this epoch: 
Memory allocated:  1.5595703125
Memory cached:  6.0
	 epoch  70 training error:  tensor(0.2660, device='cuda:0', grad_fn=<DivBackward0>)
Memory status after this epoch: 
Memory allocated:  1.5595703125
Memory cached:  6.0
	 epoch  80 training error:  tensor(0.2619, device='cuda:0', grad_fn=<DivBackward0>)
Memory status after this epoch: 
Memory allocated:  1.5595703125
Memory cached:  6.0
	 epoch  90 training error:  tensor(0.2601, device='cuda:0', grad_fn=<DivBackward0>)
Memory status after this epoch: 
Memory allocated:  1.5595703125
Memory cached:  6.0
[I 2023-10-30 16:15:43,118] Trial 32 finished with value: 0.22561870515346527 and parameters: {'W_layers': 4, 'W_layer_units_exponent_0': 8, 'W_layer_units_exponent_1': 4, 'W_layer_units_exponent_2': 9, 'W_layer_units_exponent_3': 6, 'D_layers': 3, 'D_layer_units_exponent_0': 6, 'D_layer_units_exponent_1': 10, 'D_layer_units_exponent_2': 7, 'log_learning_rate': -3.5799356807345846, 'log_learning_rate_D': -3.9830167191447576, 'training_batch_size': 7, 'training_p': 8}. Best is trial 1 with value: 0.22552898526191711.
Time for this trial:  15.377307176589966
Memory status after this trial: 
Memory allocated:  46.70751953125
Memory cached:  68.0
--------------------  Trial  33   --------------------
Start timing: 
Parameters: 
{'W_layers': 4, 'W_layer_units_exponent_0': 8, 'W_layer_units_exponent_1': 4, 'W_layer_units_exponent_2': 9, 'W_layer_units_exponent_3': 6, 'D_layers': 3, 'D_layer_units_exponent_0': 6, 'D_layer_units_exponent_1': 10, 'D_layer_units_exponent_2': 7, 'log_learning_rate': -3.595052240925248, 'log_learning_rate_D': -3.97233031050268, 'training_batch_size': 7, 'training_p': 8}
	 epoch  0 training error:  tensor(1.0000, device='cuda:0', grad_fn=<DivBackward0>)
Memory status after this epoch: 
Memory allocated:  1.5595703125
Memory cached:  6.0
	 epoch  10 training error:  tensor(0.9986, device='cuda:0', grad_fn=<DivBackward0>)
Memory status after this epoch: 
Memory allocated:  1.5595703125
Memory cached:  6.0
	 epoch  20 training error:  tensor(0.9907, device='cuda:0', grad_fn=<DivBackward0>)
Memory status after this epoch: 
Memory allocated:  1.5595703125
Memory cached:  6.0
	 epoch  30 training error:  tensor(0.9268, device='cuda:0', grad_fn=<DivBackward0>)
Memory status after this epoch: 
Memory allocated:  1.5595703125
Memory cached:  6.0
	 epoch  40 training error:  tensor(0.4112, device='cuda:0', grad_fn=<DivBackward0>)
Memory status after this epoch: 
Memory allocated:  1.5595703125
Memory cached:  6.0
	 epoch  50 training error:  tensor(0.2612, device='cuda:0', grad_fn=<DivBackward0>)
Memory status after this epoch: 
Memory allocated:  1.5595703125
Memory cached:  6.0
	 epoch  60 training error:  tensor(0.2682, device='cuda:0', grad_fn=<DivBackward0>)
Memory status after this epoch: 
Memory allocated:  1.5595703125
Memory cached:  6.0
	 epoch  70 training error:  tensor(0.2640, device='cuda:0', grad_fn=<DivBackward0>)
Memory status after this epoch: 
Memory allocated:  1.5595703125
Memory cached:  6.0
	 epoch  80 training error:  tensor(0.2606, device='cuda:0', grad_fn=<DivBackward0>)
Memory status after this epoch: 
Memory allocated:  1.5595703125
Memory cached:  6.0
	 epoch  90 training error:  tensor(0.2594, device='cuda:0', grad_fn=<DivBackward0>)
Memory status after this epoch: 
Memory allocated:  1.5595703125
Memory cached:  6.0
[I 2023-10-30 16:15:58,854] Trial 33 finished with value: 0.22685082256793976 and parameters: {'W_layers': 4, 'W_layer_units_exponent_0': 8, 'W_layer_units_exponent_1': 4, 'W_layer_units_exponent_2': 9, 'W_layer_units_exponent_3': 6, 'D_layers': 3, 'D_layer_units_exponent_0': 6, 'D_layer_units_exponent_1': 10, 'D_layer_units_exponent_2': 7, 'log_learning_rate': -3.595052240925248, 'log_learning_rate_D': -3.97233031050268, 'training_batch_size': 7, 'training_p': 8}. Best is trial 1 with value: 0.22552898526191711.
Time for this trial:  15.565111637115479
Memory status after this trial: 
Memory allocated:  46.70751953125
Memory cached:  68.0
--------------------  Trial  34   --------------------
Start timing: 
Parameters: 
{'W_layers': 4, 'W_layer_units_exponent_0': 10, 'W_layer_units_exponent_1': 4, 'W_layer_units_exponent_2': 10, 'W_layer_units_exponent_3': 5, 'D_layers': 3, 'D_layer_units_exponent_0': 6, 'D_layer_units_exponent_1': 9, 'D_layer_units_exponent_2': 5, 'log_learning_rate': -3.972948555987423, 'log_learning_rate_D': -4.789500928350539, 'training_batch_size': 8, 'training_p': 8}
	 epoch  0 training error:  tensor(1.0000, device='cuda:0', grad_fn=<DivBackward0>)
Memory status after this epoch: 
Memory allocated:  1.3388671875
Memory cached:  6.0
	 epoch  10 training error:  tensor(0.9999, device='cuda:0', grad_fn=<DivBackward0>)
Memory status after this epoch: 
Memory allocated:  1.3388671875
Memory cached:  6.0
	 epoch  20 training error:  tensor(0.9975, device='cuda:0', grad_fn=<DivBackward0>)
Memory status after this epoch: 
Memory allocated:  1.3388671875
Memory cached:  6.0
	 epoch  30 training error:  tensor(0.8924, device='cuda:0', grad_fn=<DivBackward0>)
Memory status after this epoch: 
Memory allocated:  1.3388671875
Memory cached:  6.0
	 epoch  40 training error:  tensor(0.3191, device='cuda:0', grad_fn=<DivBackward0>)
Memory status after this epoch: 
Memory allocated:  1.3388671875
Memory cached:  6.0
	 epoch  50 training error:  tensor(0.3144, device='cuda:0', grad_fn=<DivBackward0>)
Memory status after this epoch: 
Memory allocated:  1.3388671875
Memory cached:  6.0
	 epoch  60 training error:  tensor(0.2788, device='cuda:0', grad_fn=<DivBackward0>)
Memory status after this epoch: 
Memory allocated:  1.3388671875
Memory cached:  6.0
	 epoch  70 training error:  tensor(0.2663, device='cuda:0', grad_fn=<DivBackward0>)
Memory status after this epoch: 
Memory allocated:  1.3388671875
Memory cached:  6.0
	 epoch  80 training error:  tensor(0.2619, device='cuda:0', grad_fn=<DivBackward0>)
Memory status after this epoch: 
Memory allocated:  1.3388671875
Memory cached:  6.0
	 epoch  90 training error:  tensor(0.2599, device='cuda:0', grad_fn=<DivBackward0>)
Memory status after this epoch: 
Memory allocated:  1.3388671875
Memory cached:  6.0
[I 2023-10-30 16:16:15,691] Trial 34 finished with value: 0.22673813998699188 and parameters: {'W_layers': 4, 'W_layer_units_exponent_0': 10, 'W_layer_units_exponent_1': 4, 'W_layer_units_exponent_2': 10, 'W_layer_units_exponent_3': 5, 'D_layers': 3, 'D_layer_units_exponent_0': 6, 'D_layer_units_exponent_1': 9, 'D_layer_units_exponent_2': 5, 'log_learning_rate': -3.972948555987423, 'log_learning_rate_D': -4.789500928350539, 'training_batch_size': 8, 'training_p': 8}. Best is trial 1 with value: 0.22552898526191711.
Time for this trial:  16.665062189102173
Memory status after this trial: 
Memory allocated:  112.96728515625
Memory cached:  142.0
--------------------  Trial  35   --------------------
Start timing: 
Parameters: 
{'W_layers': 4, 'W_layer_units_exponent_0': 9, 'W_layer_units_exponent_1': 5, 'W_layer_units_exponent_2': 9, 'W_layer_units_exponent_3': 7, 'D_layers': 2, 'D_layer_units_exponent_0': 5, 'D_layer_units_exponent_1': 10, 'log_learning_rate': -2.9608869673733507, 'log_learning_rate_D': -4.718851924559138, 'training_batch_size': 6, 'training_p': 7}
	 epoch  0 training error:  tensor(0.9997, device='cuda:0', grad_fn=<DivBackward0>)
Memory status after this epoch: 
Memory allocated:  1.7333984375
Memory cached:  4.0
	 epoch  10 training error:  tensor(0.2786, device='cuda:0', grad_fn=<DivBackward0>)
Memory status after this epoch: 
Memory allocated:  1.7333984375
Memory cached:  4.0
	 epoch  20 training error:  tensor(0.2869, device='cuda:0', grad_fn=<DivBackward0>)
Memory status after this epoch: 
Memory allocated:  1.7333984375
Memory cached:  4.0
	 epoch  30 training error:  tensor(0.2697, device='cuda:0', grad_fn=<DivBackward0>)
Memory status after this epoch: 
Memory allocated:  1.7333984375
Memory cached:  4.0
	 epoch  40 training error:  tensor(0.2656, device='cuda:0', grad_fn=<DivBackward0>)
Memory status after this epoch: 
Memory allocated:  1.7333984375
Memory cached:  4.0
	 epoch  50 training error:  tensor(0.2614, device='cuda:0', grad_fn=<DivBackward0>)
Memory status after this epoch: 
Memory allocated:  1.7333984375
Memory cached:  4.0
	 epoch  60 training error:  tensor(0.2602, device='cuda:0', grad_fn=<DivBackward0>)
Memory status after this epoch: 
Memory allocated:  1.7333984375
Memory cached:  4.0
	 epoch  70 training error:  tensor(0.2586, device='cuda:0', grad_fn=<DivBackward0>)
Memory status after this epoch: 
Memory allocated:  1.7333984375
Memory cached:  4.0
	 epoch  80 training error:  tensor(0.2610, device='cuda:0', grad_fn=<DivBackward0>)
Memory status after this epoch: 
Memory allocated:  1.7333984375
Memory cached:  4.0
	 epoch  90 training error:  tensor(0.2667, device='cuda:0', grad_fn=<DivBackward0>)
Memory status after this epoch: 
Memory allocated:  1.7333984375
Memory cached:  4.0
[I 2023-10-30 16:16:33,106] Trial 35 finished with value: 0.23585939407348633 and parameters: {'W_layers': 4, 'W_layer_units_exponent_0': 9, 'W_layer_units_exponent_1': 5, 'W_layer_units_exponent_2': 9, 'W_layer_units_exponent_3': 7, 'D_layers': 2, 'D_layer_units_exponent_0': 5, 'D_layer_units_exponent_1': 10, 'log_learning_rate': -2.9608869673733507, 'log_learning_rate_D': -4.718851924559138, 'training_batch_size': 6, 'training_p': 7}. Best is trial 1 with value: 0.22552898526191711.
Time for this trial:  17.256542682647705
Memory status after this trial: 
Memory allocated:  65.06201171875
Memory cached:  72.0
--------------------  Trial  36   --------------------
Start timing: 
Parameters: 
{'W_layers': 3, 'W_layer_units_exponent_0': 10, 'W_layer_units_exponent_1': 7, 'W_layer_units_exponent_2': 10, 'D_layers': 2, 'D_layer_units_exponent_0': 7, 'D_layer_units_exponent_1': 9, 'log_learning_rate': -3.806975888240766, 'log_learning_rate_D': -4.181444055824888, 'training_batch_size': 6, 'training_p': 8}
	 epoch  0 training error:  tensor(0.9998, device='cuda:0', grad_fn=<DivBackward0>)
Memory status after this epoch: 
Memory allocated:  4.3896484375
Memory cached:  6.0
	 epoch  10 training error:  tensor(0.3898, device='cuda:0', grad_fn=<DivBackward0>)
Memory status after this epoch: 
Memory allocated:  4.3896484375
Memory cached:  6.0
	 epoch  20 training error:  tensor(0.2604, device='cuda:0', grad_fn=<DivBackward0>)
Memory status after this epoch: 
Memory allocated:  4.3896484375
Memory cached:  6.0
	 epoch  30 training error:  tensor(0.2590, device='cuda:0', grad_fn=<DivBackward0>)
Memory status after this epoch: 
Memory allocated:  4.3896484375
Memory cached:  6.0
	 epoch  40 training error:  tensor(0.2598, device='cuda:0', grad_fn=<DivBackward0>)
Memory status after this epoch: 
Memory allocated:  4.3896484375
Memory cached:  6.0
	 epoch  50 training error:  tensor(0.2600, device='cuda:0', grad_fn=<DivBackward0>)
Memory status after this epoch: 
Memory allocated:  4.3896484375
Memory cached:  6.0
	 epoch  60 training error:  tensor(0.2594, device='cuda:0', grad_fn=<DivBackward0>)
Memory status after this epoch: 
Memory allocated:  4.3896484375
Memory cached:  6.0
	 epoch  70 training error:  tensor(0.2592, device='cuda:0', grad_fn=<DivBackward0>)
Memory status after this epoch: 
Memory allocated:  4.3896484375
Memory cached:  6.0
	 epoch  80 training error:  tensor(0.2594, device='cuda:0', grad_fn=<DivBackward0>)
Memory status after this epoch: 
Memory allocated:  4.3896484375
Memory cached:  6.0
	 epoch  90 training error:  tensor(0.2592, device='cuda:0', grad_fn=<DivBackward0>)
Memory status after this epoch: 
Memory allocated:  4.3896484375
Memory cached:  6.0
[I 2023-10-30 16:16:51,207] Trial 36 finished with value: 0.22598977386951447 and parameters: {'W_layers': 3, 'W_layer_units_exponent_0': 10, 'W_layer_units_exponent_1': 7, 'W_layer_units_exponent_2': 10, 'D_layers': 2, 'D_layer_units_exponent_0': 7, 'D_layer_units_exponent_1': 9, 'log_learning_rate': -3.806975888240766, 'log_learning_rate_D': -4.181444055824888, 'training_batch_size': 6, 'training_p': 8}. Best is trial 1 with value: 0.22552898526191711.
Time for this trial:  17.928980112075806
Memory status after this trial: 
Memory allocated:  118.74560546875
Memory cached:  148.0
--------------------  Trial  37   --------------------
Start timing: 
Parameters: 
{'W_layers': 4, 'W_layer_units_exponent_0': 8, 'W_layer_units_exponent_1': 8, 'W_layer_units_exponent_2': 5, 'W_layer_units_exponent_3': 5, 'D_layers': 3, 'D_layer_units_exponent_0': 6, 'D_layer_units_exponent_1': 10, 'D_layer_units_exponent_2': 9, 'log_learning_rate': -3.814898863329644, 'log_learning_rate_D': -4.273875485757116, 'training_batch_size': 6, 'training_p': 8}
	 epoch  0 training error:  tensor(0.9999, device='cuda:0', grad_fn=<DivBackward0>)
Memory status after this epoch: 
Memory allocated:  3.4873046875
Memory cached:  22.0
	 epoch  10 training error:  tensor(0.9887, device='cuda:0', grad_fn=<DivBackward0>)
Memory status after this epoch: 
Memory allocated:  3.4873046875
Memory cached:  22.0
	 epoch  20 training error:  tensor(0.8987, device='cuda:0', grad_fn=<DivBackward0>)
Memory status after this epoch: 
Memory allocated:  3.4873046875
Memory cached:  22.0
	 epoch  30 training error:  tensor(0.2768, device='cuda:0', grad_fn=<DivBackward0>)
Memory status after this epoch: 
Memory allocated:  3.4873046875
Memory cached:  22.0
	 epoch  40 training error:  tensor(0.2800, device='cuda:0', grad_fn=<DivBackward0>)
Memory status after this epoch: 
Memory allocated:  3.4873046875
Memory cached:  22.0
	 epoch  50 training error:  tensor(0.2613, device='cuda:0', grad_fn=<DivBackward0>)
Memory status after this epoch: 
Memory allocated:  3.4873046875
Memory cached:  22.0
	 epoch  60 training error:  tensor(0.2599, device='cuda:0', grad_fn=<DivBackward0>)
Memory status after this epoch: 
Memory allocated:  3.4873046875
Memory cached:  22.0
	 epoch  70 training error:  tensor(0.2593, device='cuda:0', grad_fn=<DivBackward0>)
Memory status after this epoch: 
Memory allocated:  3.4873046875
Memory cached:  22.0
	 epoch  80 training error:  tensor(0.2593, device='cuda:0', grad_fn=<DivBackward0>)
Memory status after this epoch: 
Memory allocated:  3.4873046875
Memory cached:  22.0
	 epoch  90 training error:  tensor(0.2595, device='cuda:0', grad_fn=<DivBackward0>)
Memory status after this epoch: 
Memory allocated:  3.4873046875
Memory cached:  22.0
