[I 2023-11-07 15:11:59,534] Trial 35 finished with value: 0.020050158724188805 and parameters: {'W_layers': 2, 'W_layer_units_exponent_0': 5, 'W_layer_units_exponent_1': 9, 'D_layers': 8, 'D_layer_units_exponent_0': 7, 'D_layer_units_exponent_1': 8, 'D_layer_units_exponent_2': 9, 'D_layer_units_exponent_3': 6, 'D_layer_units_exponent_4': 5, 'D_layer_units_exponent_5': 7, 'D_layer_units_exponent_6': 6, 'D_layer_units_exponent_7': 10, 'D_dagger_layers': 4, 'D_dagger_layer_units_exponent_0': 7, 'D_dagger_layer_units_exponent_1': 4, 'D_dagger_layer_units_exponent_2': 7, 'D_dagger_layer_units_exponent_3': 7, 'log_learning_rate': -4.699543947127371, 'log_learning_rate_D': -2.3914426107461564, 'log_learning_rate_D_dagger': -2.8618926208021573, 'training_batch_size': 8, 'training_p': 2}. Best is trial 22 with value: 0.013349753804504871.
Time for this trial:  16.95611023902893
Memory status after this trial: 
Memory allocated:  51.41015625
Memory cached:  66.0
--------------------  Trial  36   --------------------
Start timing: 
Parameters: 
{'W_layers': 3, 'W_layer_units_exponent_0': 6, 'W_layer_units_exponent_1': 7, 'W_layer_units_exponent_2': 4, 'D_layers': 7, 'D_layer_units_exponent_0': 9, 'D_layer_units_exponent_1': 7, 'D_layer_units_exponent_2': 7, 'D_layer_units_exponent_3': 8, 'D_layer_units_exponent_4': 6, 'D_layer_units_exponent_5': 8, 'D_layer_units_exponent_6': 8, 'D_dagger_layers': 3, 'D_dagger_layer_units_exponent_0': 5, 'D_dagger_layer_units_exponent_1': 5, 'D_dagger_layer_units_exponent_2': 9, 'log_learning_rate': -3.388471166797842, 'log_learning_rate_D': -1.3132367351223762, 'log_learning_rate_D_dagger': -3.70479067670723, 'training_batch_size': 10, 'training_p': 4}
	 epoch  0 training error:  tensor(0.8379, device='cuda:0', grad_fn=<DivBackward0>)
Memory status after this epoch: 
Memory allocated:  1.431640625
Memory cached:  8.0
	 epoch  10 training error:  tensor(0.2431, device='cuda:0', grad_fn=<DivBackward0>)
Memory status after this epoch: 
Memory allocated:  1.431640625
Memory cached:  10.0
	 epoch  20 training error:  tensor(0.1134, device='cuda:0', grad_fn=<DivBackward0>)
Memory status after this epoch: 
Memory allocated:  1.431640625
Memory cached:  10.0
	 epoch  30 training error:  tensor(0.0397, device='cuda:0', grad_fn=<DivBackward0>)
Memory status after this epoch: 
Memory allocated:  1.431640625
Memory cached:  10.0
	 epoch  40 training error:  tensor(0.0207, device='cuda:0', grad_fn=<DivBackward0>)
Memory status after this epoch: 
Memory allocated:  1.431640625
Memory cached:  10.0
	 epoch  50 training error:  tensor(0.0286, device='cuda:0', grad_fn=<DivBackward0>)
Memory status after this epoch: 
Memory allocated:  1.431640625
Memory cached:  10.0
	 epoch  60 training error:  tensor(0.0210, device='cuda:0', grad_fn=<DivBackward0>)
Memory status after this epoch: 
Memory allocated:  1.431640625
Memory cached:  10.0
	 epoch  70 training error:  tensor(0.0210, device='cuda:0', grad_fn=<DivBackward0>)
Memory status after this epoch: 
Memory allocated:  1.431640625
Memory cached:  10.0
	 epoch  80 training error:  tensor(0.0211, device='cuda:0', grad_fn=<DivBackward0>)
Memory status after this epoch: 
Memory allocated:  1.431640625
Memory cached:  10.0
	 epoch  90 training error:  tensor(0.0207, device='cuda:0', grad_fn=<DivBackward0>)
Memory status after this epoch: 
Memory allocated:  1.431640625
Memory cached:  10.0
[I 2023-11-07 15:12:16,719] Trial 36 finished with value: 0.014146881178021431 and parameters: {'W_layers': 3, 'W_layer_units_exponent_0': 6, 'W_layer_units_exponent_1': 7, 'W_layer_units_exponent_2': 4, 'D_layers': 7, 'D_layer_units_exponent_0': 9, 'D_layer_units_exponent_1': 7, 'D_layer_units_exponent_2': 7, 'D_layer_units_exponent_3': 8, 'D_layer_units_exponent_4': 6, 'D_layer_units_exponent_5': 8, 'D_layer_units_exponent_6': 8, 'D_dagger_layers': 3, 'D_dagger_layer_units_exponent_0': 5, 'D_dagger_layer_units_exponent_1': 5, 'D_dagger_layer_units_exponent_2': 9, 'log_learning_rate': -3.388471166797842, 'log_learning_rate_D': -1.3132367351223762, 'log_learning_rate_D_dagger': -3.70479067670723, 'training_batch_size': 10, 'training_p': 4}. Best is trial 22 with value: 0.013349753804504871.
Time for this trial:  16.89447784423828
Memory status after this trial: 
Memory allocated:  42.794921875
Memory cached:  58.0
--------------------  Trial  37   --------------------
Start timing: 
Parameters: 
{'W_layers': 2, 'W_layer_units_exponent_0': 5, 'W_layer_units_exponent_1': 10, 'D_layers': 6, 'D_layer_units_exponent_0': 6, 'D_layer_units_exponent_1': 7, 'D_layer_units_exponent_2': 9, 'D_layer_units_exponent_3': 5, 'D_layer_units_exponent_4': 7, 'D_layer_units_exponent_5': 6, 'D_dagger_layers': 4, 'D_dagger_layer_units_exponent_0': 10, 'D_dagger_layer_units_exponent_1': 4, 'D_dagger_layer_units_exponent_2': 8, 'D_dagger_layer_units_exponent_3': 4, 'log_learning_rate': -3.931202173020168, 'log_learning_rate_D': -1.9474324029061831, 'log_learning_rate_D_dagger': -4.611824833049203, 'training_batch_size': 10, 'training_p': 3}
	 epoch  0 training error:  tensor(0.9592, device='cuda:0', grad_fn=<DivBackward0>)
Memory status after this epoch: 
Memory allocated:  1.50537109375
Memory cached:  8.0
	 epoch  10 training error:  tensor(0.1466, device='cuda:0', grad_fn=<DivBackward0>)
Memory status after this epoch: 
Memory allocated:  1.50537109375
Memory cached:  10.0
	 epoch  20 training error:  tensor(0.0448, device='cuda:0', grad_fn=<DivBackward0>)
Memory status after this epoch: 
Memory allocated:  1.50537109375
Memory cached:  10.0
	 epoch  30 training error:  tensor(0.0641, device='cuda:0', grad_fn=<DivBackward0>)
Memory status after this epoch: 
Memory allocated:  1.50537109375
Memory cached:  10.0
	 epoch  40 training error:  tensor(0.0217, device='cuda:0', grad_fn=<DivBackward0>)
Memory status after this epoch: 
Memory allocated:  1.50537109375
Memory cached:  10.0
	 epoch  50 training error:  tensor(0.0181, device='cuda:0', grad_fn=<DivBackward0>)
Memory status after this epoch: 
Memory allocated:  1.50537109375
Memory cached:  10.0
	 epoch  60 training error:  tensor(0.0217, device='cuda:0', grad_fn=<DivBackward0>)
Memory status after this epoch: 
Memory allocated:  1.50537109375
Memory cached:  10.0
	 epoch  70 training error:  tensor(0.0190, device='cuda:0', grad_fn=<DivBackward0>)
Memory status after this epoch: 
Memory allocated:  1.50537109375
Memory cached:  10.0
	 epoch  80 training error:  tensor(0.0180, device='cuda:0', grad_fn=<DivBackward0>)
Memory status after this epoch: 
Memory allocated:  1.50537109375
Memory cached:  10.0
	 epoch  90 training error:  tensor(0.0180, device='cuda:0', grad_fn=<DivBackward0>)
Memory status after this epoch: 
Memory allocated:  1.50537109375
Memory cached:  10.0
[I 2023-11-07 15:12:35,134] Trial 37 finished with value: 0.01379627175629139 and parameters: {'W_layers': 2, 'W_layer_units_exponent_0': 5, 'W_layer_units_exponent_1': 10, 'D_layers': 6, 'D_layer_units_exponent_0': 6, 'D_layer_units_exponent_1': 7, 'D_layer_units_exponent_2': 9, 'D_layer_units_exponent_3': 5, 'D_layer_units_exponent_4': 7, 'D_layer_units_exponent_5': 6, 'D_dagger_layers': 4, 'D_dagger_layer_units_exponent_0': 10, 'D_dagger_layer_units_exponent_1': 4, 'D_dagger_layer_units_exponent_2': 8, 'D_dagger_layer_units_exponent_3': 4, 'log_learning_rate': -3.931202173020168, 'log_learning_rate_D': -1.9474324029061831, 'log_learning_rate_D_dagger': -4.611824833049203, 'training_batch_size': 10, 'training_p': 3}. Best is trial 22 with value: 0.013349753804504871.
Time for this trial:  18.215914726257324
Memory status after this trial: 
Memory allocated:  128.951171875
Memory cached:  144.0
--------------------  Trial  38   --------------------
Start timing: 
Parameters: 
{'W_layers': 4, 'W_layer_units_exponent_0': 7, 'W_layer_units_exponent_1': 9, 'W_layer_units_exponent_2': 9, 'W_layer_units_exponent_3': 4, 'D_layers': 6, 'D_layer_units_exponent_0': 4, 'D_layer_units_exponent_1': 9, 'D_layer_units_exponent_2': 6, 'D_layer_units_exponent_3': 9, 'D_layer_units_exponent_4': 8, 'D_layer_units_exponent_5': 9, 'D_dagger_layers': 2, 'D_dagger_layer_units_exponent_0': 4, 'D_dagger_layer_units_exponent_1': 4, 'log_learning_rate': -4.431376348737402, 'log_learning_rate_D': -2.7096264182049348, 'log_learning_rate_D_dagger': -2.643863364822903, 'training_batch_size': 9, 'training_p': 5}
	 epoch  0 training error:  tensor(1.1719, device='cuda:0', grad_fn=<DivBackward0>)
Memory status after this epoch: 
Memory allocated:  6.60986328125
Memory cached:  12.0
	 epoch  10 training error:  tensor(0.2467, device='cuda:0', grad_fn=<DivBackward0>)
Memory status after this epoch: 
Memory allocated:  6.60986328125
Memory cached:  14.0
	 epoch  20 training error:  tensor(0.1240, device='cuda:0', grad_fn=<DivBackward0>)
Memory status after this epoch: 
Memory allocated:  6.60986328125
Memory cached:  14.0
	 epoch  30 training error:  tensor(0.0697, device='cuda:0', grad_fn=<DivBackward0>)
Memory status after this epoch: 
Memory allocated:  6.60986328125
Memory cached:  14.0
	 epoch  40 training error:  tensor(0.0378, device='cuda:0', grad_fn=<DivBackward0>)
Memory status after this epoch: 
Memory allocated:  6.60986328125
Memory cached:  14.0
	 epoch  50 training error:  tensor(0.0303, device='cuda:0', grad_fn=<DivBackward0>)
Memory status after this epoch: 
Memory allocated:  6.60986328125
Memory cached:  14.0
	 epoch  60 training error:  tensor(0.0269, device='cuda:0', grad_fn=<DivBackward0>)
Memory status after this epoch: 
Memory allocated:  6.60986328125
Memory cached:  14.0
	 epoch  70 training error:  tensor(0.0249, device='cuda:0', grad_fn=<DivBackward0>)
Memory status after this epoch: 
Memory allocated:  6.60986328125
Memory cached:  14.0
	 epoch  80 training error:  tensor(0.0245, device='cuda:0', grad_fn=<DivBackward0>)
Memory status after this epoch: 
Memory allocated:  6.60986328125
Memory cached:  14.0
	 epoch  90 training error:  tensor(0.0240, device='cuda:0', grad_fn=<DivBackward0>)
Memory status after this epoch: 
Memory allocated:  6.60986328125
Memory cached:  14.0
[I 2023-11-07 15:12:52,728] Trial 38 finished with value: 0.017403271049261093 and parameters: {'W_layers': 4, 'W_layer_units_exponent_0': 7, 'W_layer_units_exponent_1': 9, 'W_layer_units_exponent_2': 9, 'W_layer_units_exponent_3': 4, 'D_layers': 6, 'D_layer_units_exponent_0': 4, 'D_layer_units_exponent_1': 9, 'D_layer_units_exponent_2': 6, 'D_layer_units_exponent_3': 9, 'D_layer_units_exponent_4': 8, 'D_layer_units_exponent_5': 9, 'D_dagger_layers': 2, 'D_dagger_layer_units_exponent_0': 4, 'D_dagger_layer_units_exponent_1': 4, 'log_learning_rate': -4.431376348737402, 'log_learning_rate_D': -2.7096264182049348, 'log_learning_rate_D_dagger': -2.643863364822903, 'training_batch_size': 9, 'training_p': 5}. Best is trial 22 with value: 0.013349753804504871.
Time for this trial:  17.376240730285645
Memory status after this trial: 
Memory allocated:  67.833984375
Memory cached:  78.0
--------------------  Trial  39   --------------------
Start timing: 
Parameters: 
{'W_layers': 4, 'W_layer_units_exponent_0': 7, 'W_layer_units_exponent_1': 8, 'W_layer_units_exponent_2': 7, 'W_layer_units_exponent_3': 8, 'D_layers': 7, 'D_layer_units_exponent_0': 8, 'D_layer_units_exponent_1': 10, 'D_layer_units_exponent_2': 8, 'D_layer_units_exponent_3': 4, 'D_layer_units_exponent_4': 5, 'D_layer_units_exponent_5': 5, 'D_layer_units_exponent_6': 9, 'D_dagger_layers': 5, 'D_dagger_layer_units_exponent_0': 9, 'D_dagger_layer_units_exponent_1': 7, 'D_dagger_layer_units_exponent_2': 9, 'D_dagger_layer_units_exponent_3': 6, 'D_dagger_layer_units_exponent_4': 5, 'log_learning_rate': -3.6255239916696165, 'log_learning_rate_D': -2.9726135647573897, 'log_learning_rate_D_dagger': -3.453236859584177, 'training_batch_size': 11, 'training_p': 2}
	 epoch  0 training error:  tensor(0.9203, device='cuda:0', grad_fn=<DivBackward0>)
Memory status after this epoch: 
Memory allocated:  6.333984375
Memory cached:  8.0
	 epoch  10 training error:  tensor(0.0428, device='cuda:0', grad_fn=<DivBackward0>)
Memory status after this epoch: 
Memory allocated:  6.333984375
Memory cached:  10.0
	 epoch  20 training error:  tensor(0.0240, device='cuda:0', grad_fn=<DivBackward0>)
Memory status after this epoch: 
Memory allocated:  6.333984375
Memory cached:  10.0
	 epoch  30 training error:  tensor(0.0195, device='cuda:0', grad_fn=<DivBackward0>)
Memory status after this epoch: 
Memory allocated:  6.333984375
Memory cached:  10.0
	 epoch  40 training error:  tensor(0.0194, device='cuda:0', grad_fn=<DivBackward0>)
Memory status after this epoch: 
Memory allocated:  6.333984375
Memory cached:  10.0
	 epoch  50 training error:  tensor(0.0190, device='cuda:0', grad_fn=<DivBackward0>)
Memory status after this epoch: 
Memory allocated:  6.333984375
Memory cached:  10.0
	 epoch  60 training error:  tensor(0.0209, device='cuda:0', grad_fn=<DivBackward0>)
Memory status after this epoch: 
Memory allocated:  6.333984375
Memory cached:  10.0
	 epoch  70 training error:  tensor(0.0209, device='cuda:0', grad_fn=<DivBackward0>)
Memory status after this epoch: 
Memory allocated:  6.333984375
Memory cached:  10.0
	 epoch  80 training error:  tensor(0.0215, device='cuda:0', grad_fn=<DivBackward0>)
Memory status after this epoch: 
Memory allocated:  6.333984375
Memory cached:  10.0
	 epoch  90 training error:  tensor(0.0205, device='cuda:0', grad_fn=<DivBackward0>)
Memory status after this epoch: 
Memory allocated:  6.333984375
Memory cached:  10.0
[I 2023-11-07 15:13:11,585] Trial 39 finished with value: 0.019357288256287575 and parameters: {'W_layers': 4, 'W_layer_units_exponent_0': 7, 'W_layer_units_exponent_1': 8, 'W_layer_units_exponent_2': 7, 'W_layer_units_exponent_3': 8, 'D_layers': 7, 'D_layer_units_exponent_0': 8, 'D_layer_units_exponent_1': 10, 'D_layer_units_exponent_2': 8, 'D_layer_units_exponent_3': 4, 'D_layer_units_exponent_4': 5, 'D_layer_units_exponent_5': 5, 'D_layer_units_exponent_6': 9, 'D_dagger_layers': 5, 'D_dagger_layer_units_exponent_0': 9, 'D_dagger_layer_units_exponent_1': 7, 'D_dagger_layer_units_exponent_2': 9, 'D_dagger_layer_units_exponent_3': 6, 'D_dagger_layer_units_exponent_4': 5, 'log_learning_rate': -3.6255239916696165, 'log_learning_rate_D': -2.9726135647573897, 'log_learning_rate_D_dagger': -3.453236859584177, 'training_batch_size': 11, 'training_p': 2}. Best is trial 22 with value: 0.013349753804504871.
Time for this trial:  18.620609998703003
Memory status after this trial: 
Memory allocated:  111.810546875
Memory cached:  134.0
--------------------  Trial  40   --------------------
Start timing: 
Parameters: 
{'W_layers': 3, 'W_layer_units_exponent_0': 9, 'W_layer_units_exponent_1': 7, 'W_layer_units_exponent_2': 5, 'D_layers': 5, 'D_layer_units_exponent_0': 5, 'D_layer_units_exponent_1': 8, 'D_layer_units_exponent_2': 7, 'D_layer_units_exponent_3': 7, 'D_layer_units_exponent_4': 7, 'D_dagger_layers': 4, 'D_dagger_layer_units_exponent_0': 6, 'D_dagger_layer_units_exponent_1': 6, 'D_dagger_layer_units_exponent_2': 10, 'D_dagger_layer_units_exponent_3': 9, 'log_learning_rate': -4.30040966292925, 'log_learning_rate_D': -2.346612958179981, 'log_learning_rate_D_dagger': -2.2844719121639936, 'training_batch_size': 7, 'training_p': 2}
	 epoch  0 training error:  tensor(1.0978, device='cuda:0', grad_fn=<DivBackward0>)
Memory status after this epoch: 
Memory allocated:  10.955078125
Memory cached:  48.0
	 epoch  10 training error:  tensor(1.1205, device='cuda:0', grad_fn=<DivBackward0>)
Memory status after this epoch: 
Memory allocated:  10.955078125
Memory cached:  48.0
	 epoch  20 training error:  tensor(0.2264, device='cuda:0', grad_fn=<DivBackward0>)
Memory status after this epoch: 
Memory allocated:  10.955078125
Memory cached:  50.0
	 epoch  30 training error:  tensor(0.1199, device='cuda:0', grad_fn=<DivBackward0>)
Memory status after this epoch: 
Memory allocated:  10.955078125
Memory cached:  48.0
	 epoch  40 training error:  tensor(0.0644, device='cuda:0', grad_fn=<DivBackward0>)
Memory status after this epoch: 
Memory allocated:  10.955078125
Memory cached:  50.0
	 epoch  50 training error:  tensor(0.0726, device='cuda:0', grad_fn=<DivBackward0>)
Memory status after this epoch: 
Memory allocated:  10.955078125
Memory cached:  50.0
	 epoch  60 training error:  tensor(0.0322, device='cuda:0', grad_fn=<DivBackward0>)
Memory status after this epoch: 
Memory allocated:  10.955078125
Memory cached:  48.0
	 epoch  70 training error:  tensor(0.0291, device='cuda:0', grad_fn=<DivBackward0>)
Memory status after this epoch: 
Memory allocated:  10.955078125
Memory cached:  50.0
	 epoch  80 training error:  tensor(0.0142, device='cuda:0', grad_fn=<DivBackward0>)
Memory status after this epoch: 
Memory allocated:  10.955078125
Memory cached:  50.0
	 epoch  90 training error:  tensor(0.0141, device='cuda:0', grad_fn=<DivBackward0>)
Memory status after this epoch: 
Memory allocated:  10.955078125
Memory cached:  48.0
[I 2023-11-07 15:13:30,456] Trial 40 finished with value: 0.015056796371936798 and parameters: {'W_layers': 3, 'W_layer_units_exponent_0': 9, 'W_layer_units_exponent_1': 7, 'W_layer_units_exponent_2': 5, 'D_layers': 5, 'D_layer_units_exponent_0': 5, 'D_layer_units_exponent_1': 8, 'D_layer_units_exponent_2': 7, 'D_layer_units_exponent_3': 7, 'D_layer_units_exponent_4': 7, 'D_dagger_layers': 4, 'D_dagger_layer_units_exponent_0': 6, 'D_dagger_layer_units_exponent_1': 6, 'D_dagger_layer_units_exponent_2': 10, 'D_dagger_layer_units_exponent_3': 9, 'log_learning_rate': -4.30040966292925, 'log_learning_rate_D': -2.346612958179981, 'log_learning_rate_D_dagger': -2.2844719121639936, 'training_batch_size': 7, 'training_p': 2}. Best is trial 22 with value: 0.013349753804504871.
Time for this trial:  18.65503454208374
Memory status after this trial: 
Memory allocated:  131.4833984375
Memory cached:  160.0
--------------------  Trial  41   --------------------
Start timing: 
Parameters: 
{'W_layers': 3, 'W_layer_units_exponent_0': 7, 'W_layer_units_exponent_1': 8, 'W_layer_units_exponent_2': 6, 'D_layers': 6, 'D_layer_units_exponent_0': 7, 'D_layer_units_exponent_1': 10, 'D_layer_units_exponent_2': 8, 'D_layer_units_exponent_3': 7, 'D_layer_units_exponent_4': 4, 'D_layer_units_exponent_5': 7, 'D_dagger_layers': 4, 'D_dagger_layer_units_exponent_0': 4, 'D_dagger_layer_units_exponent_1': 5, 'D_dagger_layer_units_exponent_2': 10, 'D_dagger_layer_units_exponent_3': 7, 'log_learning_rate': -2.778843554011805, 'log_learning_rate_D': -1.9661091201263199, 'log_learning_rate_D_dagger': -4.933833374631721, 'training_batch_size': 11, 'training_p': 3}
	 epoch  0 training error:  tensor(1.0955, device='cuda:0', grad_fn=<DivBackward0>)
Memory status after this epoch: 
Memory allocated:  5.1015625
Memory cached:  10.0
	 epoch  10 training error:  tensor(0.1454, device='cuda:0', grad_fn=<DivBackward0>)
Memory status after this epoch: 
Memory allocated:  5.1015625
Memory cached:  10.0
	 epoch  20 training error:  tensor(0.0277, device='cuda:0', grad_fn=<DivBackward0>)
Memory status after this epoch: 
Memory allocated:  5.1015625
Memory cached:  10.0
	 epoch  30 training error:  tensor(0.0334, device='cuda:0', grad_fn=<DivBackward0>)
Memory status after this epoch: 
Memory allocated:  5.1015625
Memory cached:  10.0
	 epoch  40 training error:  tensor(0.1082, device='cuda:0', grad_fn=<DivBackward0>)
Memory status after this epoch: 
Memory allocated:  5.1015625
Memory cached:  10.0
	 epoch  50 training error:  tensor(0.0214, device='cuda:0', grad_fn=<DivBackward0>)
Memory status after this epoch: 
Memory allocated:  5.1015625
Memory cached:  10.0
	 epoch  60 training error:  tensor(0.0246, device='cuda:0', grad_fn=<DivBackward0>)
Memory status after this epoch: 
Memory allocated:  5.1015625
Memory cached:  10.0
	 epoch  70 training error:  tensor(0.0204, device='cuda:0', grad_fn=<DivBackward0>)
Memory status after this epoch: 
Memory allocated:  5.1015625
Memory cached:  10.0
	 epoch  80 training error:  tensor(0.0234, device='cuda:0', grad_fn=<DivBackward0>)
Memory status after this epoch: 
Memory allocated:  5.1015625
Memory cached:  10.0
	 epoch  90 training error:  tensor(0.0244, device='cuda:0', grad_fn=<DivBackward0>)
Memory status after this epoch: 
Memory allocated:  5.1015625
Memory cached:  10.0
