[I 2023-11-04 02:53:20,814] Trial 5 finished with value: 0.04727889224886894 and parameters: {'W_layers': 6, 'W_layer_units_exponent_0': 7, 'W_layer_units_exponent_1': 6, 'W_layer_units_exponent_2': 10, 'W_layer_units_exponent_3': 5, 'W_layer_units_exponent_4': 9, 'W_layer_units_exponent_5': 8, 'D_layers': 4, 'D_layer_units_exponent_0': 9, 'D_layer_units_exponent_1': 10, 'D_layer_units_exponent_2': 5, 'D_layer_units_exponent_3': 4, 'log_learning_rate': -4.58979195038192, 'log_learning_rate_D': -4.007383554004042, 'training_batch_size': 8, 'training_p': 8}. Best is trial 5 with value: 0.04727889224886894.
Time for this trial:  151.44948840141296
Memory status after this trial: 
Memory allocated:  198.4912109375
Memory cached:  218.0
--------------------  Trial  6   --------------------
Start timing: 
Parameters: 
{'W_layers': 8, 'W_layer_units_exponent_0': 9, 'W_layer_units_exponent_1': 4, 'W_layer_units_exponent_2': 8, 'W_layer_units_exponent_3': 8, 'W_layer_units_exponent_4': 6, 'W_layer_units_exponent_5': 9, 'W_layer_units_exponent_6': 5, 'W_layer_units_exponent_7': 4, 'D_layers': 3, 'D_layer_units_exponent_0': 10, 'D_layer_units_exponent_1': 5, 'D_layer_units_exponent_2': 10, 'log_learning_rate': -2.0661257934859028, 'log_learning_rate_D': -3.111749503233449, 'training_batch_size': 9, 'training_p': 8}
	 epoch  0 training error:  tensor(0.9988, device='cuda:0', grad_fn=<DivBackward0>)
Memory status after this epoch: 
Memory allocated:  3.4169921875
Memory cached:  16.0
	 epoch  10 training error:  tensor(0.4802, device='cuda:0', grad_fn=<DivBackward0>)
Memory status after this epoch: 
Memory allocated:  3.4169921875
Memory cached:  20.0
	 epoch  20 training error:  tensor(0.7889, device='cuda:0', grad_fn=<DivBackward0>)
Memory status after this epoch: 
Memory allocated:  3.4169921875
Memory cached:  20.0
	 epoch  30 training error:  tensor(0.1626, device='cuda:0', grad_fn=<DivBackward0>)
Memory status after this epoch: 
Memory allocated:  3.4169921875
Memory cached:  20.0
	 epoch  40 training error:  tensor(0.4353, device='cuda:0', grad_fn=<DivBackward0>)
Memory status after this epoch: 
Memory allocated:  3.4169921875
Memory cached:  20.0
	 epoch  50 training error:  tensor(0.4864, device='cuda:0', grad_fn=<DivBackward0>)
Memory status after this epoch: 
Memory allocated:  3.4169921875
Memory cached:  20.0
	 epoch  60 training error:  tensor(0.1419, device='cuda:0', grad_fn=<DivBackward0>)
Memory status after this epoch: 
Memory allocated:  3.4169921875
Memory cached:  20.0
	 epoch  70 training error:  tensor(0.1077, device='cuda:0', grad_fn=<DivBackward0>)
Memory status after this epoch: 
Memory allocated:  3.4169921875
Memory cached:  20.0
	 epoch  80 training error:  tensor(0.0918, device='cuda:0', grad_fn=<DivBackward0>)
Memory status after this epoch: 
Memory allocated:  3.4169921875
Memory cached:  20.0
	 epoch  90 training error:  tensor(0.1285, device='cuda:0', grad_fn=<DivBackward0>)
Memory status after this epoch: 
Memory allocated:  3.4169921875
Memory cached:  20.0
[I 2023-11-04 02:56:03,508] Trial 6 finished with value: 0.1283046454191208 and parameters: {'W_layers': 8, 'W_layer_units_exponent_0': 9, 'W_layer_units_exponent_1': 4, 'W_layer_units_exponent_2': 8, 'W_layer_units_exponent_3': 8, 'W_layer_units_exponent_4': 6, 'W_layer_units_exponent_5': 9, 'W_layer_units_exponent_6': 5, 'W_layer_units_exponent_7': 4, 'D_layers': 3, 'D_layer_units_exponent_0': 10, 'D_layer_units_exponent_1': 5, 'D_layer_units_exponent_2': 10, 'log_learning_rate': -2.0661257934859028, 'log_learning_rate_D': -3.111749503233449, 'training_batch_size': 9, 'training_p': 8}. Best is trial 5 with value: 0.04727889224886894.
Time for this trial:  162.54447221755981
Memory status after this trial: 
Memory allocated:  201.53369140625
Memory cached:  204.0
--------------------  Trial  7   --------------------
Start timing: 
Parameters: 
{'W_layers': 3, 'W_layer_units_exponent_0': 6, 'W_layer_units_exponent_1': 9, 'W_layer_units_exponent_2': 8, 'D_layers': 8, 'D_layer_units_exponent_0': 5, 'D_layer_units_exponent_1': 7, 'D_layer_units_exponent_2': 10, 'D_layer_units_exponent_3': 7, 'D_layer_units_exponent_4': 5, 'D_layer_units_exponent_5': 10, 'D_layer_units_exponent_6': 6, 'D_layer_units_exponent_7': 4, 'log_learning_rate': -4.343156672553318, 'log_learning_rate_D': -3.041237935081657, 'training_batch_size': 11, 'training_p': 6}
	 epoch  0 training error:  tensor(0.8585, device='cuda:0', grad_fn=<DivBackward0>)
Memory status after this epoch: 
Memory allocated:  8.2490234375
Memory cached:  16.0
	 epoch  10 training error:  tensor(0.2049, device='cuda:0', grad_fn=<DivBackward0>)
Memory status after this epoch: 
Memory allocated:  8.2490234375
Memory cached:  22.0
	 epoch  20 training error:  tensor(0.1023, device='cuda:0', grad_fn=<DivBackward0>)
Memory status after this epoch: 
Memory allocated:  8.2490234375
Memory cached:  24.0
	 epoch  30 training error:  tensor(0.0713, device='cuda:0', grad_fn=<DivBackward0>)
Memory status after this epoch: 
Memory allocated:  8.2490234375
Memory cached:  22.0
	 epoch  40 training error:  tensor(0.0529, device='cuda:0', grad_fn=<DivBackward0>)
Memory status after this epoch: 
Memory allocated:  8.2490234375
Memory cached:  24.0
	 epoch  50 training error:  tensor(0.0483, device='cuda:0', grad_fn=<DivBackward0>)
Memory status after this epoch: 
Memory allocated:  8.2490234375
Memory cached:  22.0
	 epoch  60 training error:  tensor(0.0468, device='cuda:0', grad_fn=<DivBackward0>)
Memory status after this epoch: 
Memory allocated:  8.2490234375
Memory cached:  24.0
	 epoch  70 training error:  tensor(0.0464, device='cuda:0', grad_fn=<DivBackward0>)
Memory status after this epoch: 
Memory allocated:  8.2490234375
Memory cached:  22.0
	 epoch  80 training error:  tensor(0.0458, device='cuda:0', grad_fn=<DivBackward0>)
Memory status after this epoch: 
Memory allocated:  8.2490234375
Memory cached:  24.0
	 epoch  90 training error:  tensor(0.0453, device='cuda:0', grad_fn=<DivBackward0>)
Memory status after this epoch: 
Memory allocated:  8.2490234375
Memory cached:  22.0
[I 2023-11-04 02:58:43,004] Trial 7 finished with value: 0.03833633288741112 and parameters: {'W_layers': 3, 'W_layer_units_exponent_0': 6, 'W_layer_units_exponent_1': 9, 'W_layer_units_exponent_2': 8, 'D_layers': 8, 'D_layer_units_exponent_0': 5, 'D_layer_units_exponent_1': 7, 'D_layer_units_exponent_2': 10, 'D_layer_units_exponent_3': 7, 'D_layer_units_exponent_4': 5, 'D_layer_units_exponent_5': 10, 'D_layer_units_exponent_6': 6, 'D_layer_units_exponent_7': 4, 'log_learning_rate': -4.343156672553318, 'log_learning_rate_D': -3.041237935081657, 'training_batch_size': 11, 'training_p': 6}. Best is trial 7 with value: 0.03833633288741112.
Time for this trial:  159.35790061950684
Memory status after this trial: 
Memory allocated:  178.80029296875
Memory cached:  184.0
--------------------  Trial  8   --------------------
Start timing: 
Parameters: 
{'W_layers': 7, 'W_layer_units_exponent_0': 8, 'W_layer_units_exponent_1': 5, 'W_layer_units_exponent_2': 7, 'W_layer_units_exponent_3': 5, 'W_layer_units_exponent_4': 8, 'W_layer_units_exponent_5': 9, 'W_layer_units_exponent_6': 5, 'D_layers': 6, 'D_layer_units_exponent_0': 8, 'D_layer_units_exponent_1': 5, 'D_layer_units_exponent_2': 6, 'D_layer_units_exponent_3': 9, 'D_layer_units_exponent_4': 4, 'D_layer_units_exponent_5': 8, 'log_learning_rate': -2.582762954476778, 'log_learning_rate_D': -2.7201160133880005, 'training_batch_size': 8, 'training_p': 5}
	 epoch  0 training error:  tensor(1.0109, device='cuda:0', grad_fn=<DivBackward0>)
Memory status after this epoch: 
Memory allocated:  3.5927734375
Memory cached:  14.0
	 epoch  10 training error:  tensor(1.0114, device='cuda:0', grad_fn=<DivBackward0>)
Memory status after this epoch: 
Memory allocated:  3.5927734375
Memory cached:  18.0
	 epoch  20 training error:  tensor(0.3274, device='cuda:0', grad_fn=<DivBackward0>)
Memory status after this epoch: 
Memory allocated:  3.5927734375
Memory cached:  14.0
	 epoch  30 training error:  tensor(0.1880, device='cuda:0', grad_fn=<DivBackward0>)
Memory status after this epoch: 
Memory allocated:  3.5927734375
Memory cached:  14.0
	 epoch  40 training error:  tensor(0.1555, device='cuda:0', grad_fn=<DivBackward0>)
Memory status after this epoch: 
Memory allocated:  3.5927734375
Memory cached:  14.0
	 epoch  50 training error:  tensor(0.1541, device='cuda:0', grad_fn=<DivBackward0>)
Memory status after this epoch: 
Memory allocated:  3.5927734375
Memory cached:  14.0
	 epoch  60 training error:  tensor(0.1759, device='cuda:0', grad_fn=<DivBackward0>)
Memory status after this epoch: 
Memory allocated:  3.5927734375
Memory cached:  14.0
	 epoch  70 training error:  tensor(0.1594, device='cuda:0', grad_fn=<DivBackward0>)
Memory status after this epoch: 
Memory allocated:  3.5927734375
Memory cached:  14.0
	 epoch  80 training error:  tensor(0.0456, device='cuda:0', grad_fn=<DivBackward0>)
Memory status after this epoch: 
Memory allocated:  3.5927734375
Memory cached:  14.0
	 epoch  90 training error:  tensor(0.0919, device='cuda:0', grad_fn=<DivBackward0>)
Memory status after this epoch: 
Memory allocated:  3.5927734375
Memory cached:  14.0
[I 2023-11-04 03:01:33,214] Trial 8 finished with value: 0.07910274714231491 and parameters: {'W_layers': 7, 'W_layer_units_exponent_0': 8, 'W_layer_units_exponent_1': 5, 'W_layer_units_exponent_2': 7, 'W_layer_units_exponent_3': 5, 'W_layer_units_exponent_4': 8, 'W_layer_units_exponent_5': 9, 'W_layer_units_exponent_6': 5, 'D_layers': 6, 'D_layer_units_exponent_0': 8, 'D_layer_units_exponent_1': 5, 'D_layer_units_exponent_2': 6, 'D_layer_units_exponent_3': 9, 'D_layer_units_exponent_4': 4, 'D_layer_units_exponent_5': 8, 'log_learning_rate': -2.582762954476778, 'log_learning_rate_D': -2.7201160133880005, 'training_batch_size': 8, 'training_p': 5}. Best is trial 7 with value: 0.03833633288741112.
Time for this trial:  170.0548620223999
Memory status after this trial: 
Memory allocated:  129.3212890625
Memory cached:  132.0
--------------------  Trial  9   --------------------
Start timing: 
Parameters: 
{'W_layers': 7, 'W_layer_units_exponent_0': 10, 'W_layer_units_exponent_1': 4, 'W_layer_units_exponent_2': 10, 'W_layer_units_exponent_3': 9, 'W_layer_units_exponent_4': 4, 'W_layer_units_exponent_5': 9, 'W_layer_units_exponent_6': 10, 'D_layers': 3, 'D_layer_units_exponent_0': 6, 'D_layer_units_exponent_1': 7, 'D_layer_units_exponent_2': 9, 'log_learning_rate': -2.07767523451797, 'log_learning_rate_D': -1.3706771126871966, 'training_batch_size': 12, 'training_p': 7}
	 epoch  0 training error:  tensor(1.0254, device='cuda:0', grad_fn=<DivBackward0>)
Memory status after this epoch: 
Memory allocated:  18.0966796875
Memory cached:  36.0
	 epoch  10 training error:  tensor(1., device='cuda:0', grad_fn=<DivBackward0>)
Memory status after this epoch: 
Memory allocated:  18.0966796875
Memory cached:  40.0
	 epoch  20 training error:  tensor(1., device='cuda:0', grad_fn=<DivBackward0>)
Memory status after this epoch: 
Memory allocated:  18.0966796875
Memory cached:  40.0
	 epoch  30 training error:  tensor(1., device='cuda:0', grad_fn=<DivBackward0>)
Memory status after this epoch: 
Memory allocated:  18.0966796875
Memory cached:  40.0
	 epoch  40 training error:  tensor(1., device='cuda:0', grad_fn=<DivBackward0>)
Memory status after this epoch: 
Memory allocated:  18.0966796875
Memory cached:  40.0
	 epoch  50 training error:  tensor(1., device='cuda:0', grad_fn=<DivBackward0>)
Memory status after this epoch: 
Memory allocated:  18.0966796875
Memory cached:  40.0
	 epoch  60 training error:  tensor(1., device='cuda:0', grad_fn=<DivBackward0>)
Memory status after this epoch: 
Memory allocated:  18.0966796875
Memory cached:  40.0
	 epoch  70 training error:  tensor(1., device='cuda:0', grad_fn=<DivBackward0>)
Memory status after this epoch: 
Memory allocated:  18.0966796875
Memory cached:  40.0
	 epoch  80 training error:  tensor(1., device='cuda:0', grad_fn=<DivBackward0>)
Memory status after this epoch: 
Memory allocated:  18.0966796875
Memory cached:  40.0
	 epoch  90 training error:  tensor(1., device='cuda:0', grad_fn=<DivBackward0>)
Memory status after this epoch: 
Memory allocated:  18.0966796875
Memory cached:  40.0
[I 2023-11-04 03:04:16,947] Trial 9 finished with value: 1.0 and parameters: {'W_layers': 7, 'W_layer_units_exponent_0': 10, 'W_layer_units_exponent_1': 4, 'W_layer_units_exponent_2': 10, 'W_layer_units_exponent_3': 9, 'W_layer_units_exponent_4': 4, 'W_layer_units_exponent_5': 9, 'W_layer_units_exponent_6': 10, 'D_layers': 3, 'D_layer_units_exponent_0': 6, 'D_layer_units_exponent_1': 7, 'D_layer_units_exponent_2': 9, 'log_learning_rate': -2.07767523451797, 'log_learning_rate_D': -1.3706771126871966, 'training_batch_size': 12, 'training_p': 7}. Best is trial 7 with value: 0.03833633288741112.
Time for this trial:  163.58825516700745
Memory status after this trial: 
Memory allocated:  267.7138671875
Memory cached:  282.0
--------------------  Trial  10   --------------------
Start timing: 
Parameters: 
{'W_layers': 2, 'W_layer_units_exponent_0': 4, 'W_layer_units_exponent_1': 8, 'D_layers': 8, 'D_layer_units_exponent_0': 6, 'D_layer_units_exponent_1': 7, 'D_layer_units_exponent_2': 10, 'D_layer_units_exponent_3': 6, 'D_layer_units_exponent_4': 10, 'D_layer_units_exponent_5': 4, 'D_layer_units_exponent_6': 4, 'D_layer_units_exponent_7': 4, 'log_learning_rate': -3.712062246284027, 'log_learning_rate_D': -4.826752923307424, 'training_batch_size': 12, 'training_p': 6}
	 epoch  0 training error:  tensor(1.1653, device='cuda:0', grad_fn=<DivBackward0>)
Memory status after this epoch: 
Memory allocated:  4.5439453125
Memory cached:  12.0
	 epoch  10 training error:  tensor(0.6392, device='cuda:0', grad_fn=<DivBackward0>)
Memory status after this epoch: 
Memory allocated:  4.5439453125
Memory cached:  18.0
	 epoch  20 training error:  tensor(0.1519, device='cuda:0', grad_fn=<DivBackward0>)
Memory status after this epoch: 
Memory allocated:  4.5439453125
Memory cached:  18.0
	 epoch  30 training error:  tensor(0.2057, device='cuda:0', grad_fn=<DivBackward0>)
Memory status after this epoch: 
Memory allocated:  4.5439453125
Memory cached:  20.0
	 epoch  40 training error:  tensor(0.1424, device='cuda:0', grad_fn=<DivBackward0>)
Memory status after this epoch: 
Memory allocated:  4.5439453125
Memory cached:  20.0
	 epoch  50 training error:  tensor(0.1123, device='cuda:0', grad_fn=<DivBackward0>)
Memory status after this epoch: 
Memory allocated:  4.5439453125
Memory cached:  20.0
	 epoch  60 training error:  tensor(0.0871, device='cuda:0', grad_fn=<DivBackward0>)
Memory status after this epoch: 
Memory allocated:  4.5439453125
Memory cached:  20.0
	 epoch  70 training error:  tensor(0.0700, device='cuda:0', grad_fn=<DivBackward0>)
Memory status after this epoch: 
Memory allocated:  4.5439453125
Memory cached:  20.0
	 epoch  80 training error:  tensor(0.0704, device='cuda:0', grad_fn=<DivBackward0>)
Memory status after this epoch: 
Memory allocated:  4.5439453125
Memory cached:  20.0
	 epoch  90 training error:  tensor(0.0681, device='cuda:0', grad_fn=<DivBackward0>)
Memory status after this epoch: 
Memory allocated:  4.5439453125
Memory cached:  20.0
[I 2023-11-04 03:06:40,581] Trial 10 finished with value: 0.055563002824783325 and parameters: {'W_layers': 2, 'W_layer_units_exponent_0': 4, 'W_layer_units_exponent_1': 8, 'D_layers': 8, 'D_layer_units_exponent_0': 6, 'D_layer_units_exponent_1': 7, 'D_layer_units_exponent_2': 10, 'D_layer_units_exponent_3': 6, 'D_layer_units_exponent_4': 10, 'D_layer_units_exponent_5': 4, 'D_layer_units_exponent_6': 4, 'D_layer_units_exponent_7': 4, 'log_learning_rate': -3.712062246284027, 'log_learning_rate_D': -4.826752923307424, 'training_batch_size': 12, 'training_p': 6}. Best is trial 7 with value: 0.03833633288741112.
Time for this trial:  143.4042694568634
Memory status after this trial: 
Memory allocated:  142.47412109375
Memory cached:  146.0
--------------------  Trial  11   --------------------
Start timing: 
Parameters: 
{'W_layers': 4, 'W_layer_units_exponent_0': 5, 'W_layer_units_exponent_1': 6, 'W_layer_units_exponent_2': 10, 'W_layer_units_exponent_3': 4, 'D_layers': 5, 'D_layer_units_exponent_0': 6, 'D_layer_units_exponent_1': 10, 'D_layer_units_exponent_2': 4, 'D_layer_units_exponent_3': 4, 'D_layer_units_exponent_4': 7, 'log_learning_rate': -4.718530886947827, 'log_learning_rate_D': -3.635313580140885, 'training_batch_size': 10, 'training_p': 8}
	 epoch  0 training error:  tensor(1.0944, device='cuda:0', grad_fn=<DivBackward0>)
Memory status after this epoch: 
Memory allocated:  2.6611328125
Memory cached:  10.0
	 epoch  10 training error:  tensor(0.9687, device='cuda:0', grad_fn=<DivBackward0>)
Memory status after this epoch: 
Memory allocated:  2.6611328125
Memory cached:  14.0
	 epoch  20 training error:  tensor(0.8509, device='cuda:0', grad_fn=<DivBackward0>)
Memory status after this epoch: 
Memory allocated:  2.6611328125
Memory cached:  16.0
	 epoch  30 training error:  tensor(0.7288, device='cuda:0', grad_fn=<DivBackward0>)
Memory status after this epoch: 
Memory allocated:  2.6611328125
Memory cached:  14.0
	 epoch  40 training error:  tensor(0.6058, device='cuda:0', grad_fn=<DivBackward0>)
Memory status after this epoch: 
Memory allocated:  2.6611328125
Memory cached:  14.0
	 epoch  50 training error:  tensor(0.4807, device='cuda:0', grad_fn=<DivBackward0>)
Memory status after this epoch: 
Memory allocated:  2.6611328125
Memory cached:  14.0
	 epoch  60 training error:  tensor(0.3542, device='cuda:0', grad_fn=<DivBackward0>)
Memory status after this epoch: 
Memory allocated:  2.6611328125
Memory cached:  16.0
	 epoch  70 training error:  tensor(0.2291, device='cuda:0', grad_fn=<DivBackward0>)
Memory status after this epoch: 
Memory allocated:  2.6611328125
Memory cached:  14.0
	 epoch  80 training error:  tensor(0.1147, device='cuda:0', grad_fn=<DivBackward0>)
Memory status after this epoch: 
Memory allocated:  2.6611328125
Memory cached:  14.0
	 epoch  90 training error:  tensor(0.1149, device='cuda:0', grad_fn=<DivBackward0>)
Memory status after this epoch: 
Memory allocated:  2.6611328125
Memory cached:  14.0
[I 2023-11-04 03:08:55,436] Trial 11 finished with value: 0.07907042652368546 and parameters: {'W_layers': 4, 'W_layer_units_exponent_0': 5, 'W_layer_units_exponent_1': 6, 'W_layer_units_exponent_2': 10, 'W_layer_units_exponent_3': 4, 'D_layers': 5, 'D_layer_units_exponent_0': 6, 'D_layer_units_exponent_1': 10, 'D_layer_units_exponent_2': 4, 'D_layer_units_exponent_3': 4, 'D_layer_units_exponent_4': 7, 'log_learning_rate': -4.718530886947827, 'log_learning_rate_D': -3.635313580140885, 'training_batch_size': 10, 'training_p': 8}. Best is trial 7 with value: 0.03833633288741112.
Time for this trial:  134.6496148109436
Memory status after this trial: 
Memory allocated:  129.1357421875
Memory cached:  132.0
--------------------  Trial  12   --------------------
Start timing: 
Parameters: 
{'W_layers': 3, 'W_layer_units_exponent_0': 6, 'W_layer_units_exponent_1': 6, 'W_layer_units_exponent_2': 9, 'D_layers': 4, 'D_layer_units_exponent_0': 10, 'D_layer_units_exponent_1': 10, 'D_layer_units_exponent_2': 5, 'D_layer_units_exponent_3': 6, 'log_learning_rate': -4.111576989296956, 'log_learning_rate_D': -4.279928844647055, 'training_batch_size': 8, 'training_p': 7}
	 epoch  0 training error:  tensor(1.0599, device='cuda:0', grad_fn=<DivBackward0>)
Memory status after this epoch: 
Memory allocated:  17.2568359375
Memory cached:  28.0
	 epoch  10 training error:  tensor(0.6254, device='cuda:0', grad_fn=<DivBackward0>)
Memory status after this epoch: 
Memory allocated:  17.2568359375
Memory cached:  30.0
	 epoch  20 training error:  tensor(0.2336, device='cuda:0', grad_fn=<DivBackward0>)
Memory status after this epoch: 
Memory allocated:  17.2568359375
Memory cached:  30.0
	 epoch  30 training error:  tensor(0.2146, device='cuda:0', grad_fn=<DivBackward0>)
Memory status after this epoch: 
Memory allocated:  17.2568359375
Memory cached:  30.0
	 epoch  40 training error:  tensor(0.1525, device='cuda:0', grad_fn=<DivBackward0>)
Memory status after this epoch: 
Memory allocated:  17.2568359375
Memory cached:  30.0
	 epoch  50 training error:  tensor(0.1304, device='cuda:0', grad_fn=<DivBackward0>)
Memory status after this epoch: 
Memory allocated:  17.2568359375
Memory cached:  30.0
	 epoch  60 training error:  tensor(0.1181, device='cuda:0', grad_fn=<DivBackward0>)
Memory status after this epoch: 
Memory allocated:  17.2568359375
Memory cached:  30.0
	 epoch  70 training error:  tensor(0.1050, device='cuda:0', grad_fn=<DivBackward0>)
Memory status after this epoch: 
Memory allocated:  17.2568359375
Memory cached:  30.0
	 epoch  80 training error:  tensor(0.0933, device='cuda:0', grad_fn=<DivBackward0>)
Memory status after this epoch: 
Memory allocated:  17.2568359375
Memory cached:  30.0
	 epoch  90 training error:  tensor(0.0804, device='cuda:0', grad_fn=<DivBackward0>)
Memory status after this epoch: 
Memory allocated:  17.2568359375
Memory cached:  30.0
