[I 2023-11-07 18:34:08,533] Trial 44 finished with value: 0.014018620364367962 and parameters: {'W_layers': 6, 'W_layer_units_exponent_0': 9, 'W_layer_units_exponent_1': 4, 'W_layer_units_exponent_2': 9, 'W_layer_units_exponent_3': 5, 'W_layer_units_exponent_4': 7, 'W_layer_units_exponent_5': 8, 'D_layers': 7, 'D_layer_units_exponent_0': 4, 'D_layer_units_exponent_1': 10, 'D_layer_units_exponent_2': 7, 'D_layer_units_exponent_3': 10, 'D_layer_units_exponent_4': 4, 'D_layer_units_exponent_5': 8, 'D_layer_units_exponent_6': 8, 'D_dagger_layers': 7, 'D_dagger_layer_units_exponent_0': 8, 'D_dagger_layer_units_exponent_1': 4, 'D_dagger_layer_units_exponent_2': 5, 'D_dagger_layer_units_exponent_3': 7, 'D_dagger_layer_units_exponent_4': 7, 'D_dagger_layer_units_exponent_5': 6, 'D_dagger_layer_units_exponent_6': 10, 'log_learning_rate': -4.75648855323157, 'log_learning_rate_D': -2.074146621425963, 'log_learning_rate_D_dagger': -4.984895975744833, 'training_batch_size': 6, 'training_p': 2}. Best is trial 38 with value: 0.013442969880998135.
Time for this trial:  461.5784661769867
Memory status after this trial: 
Memory allocated:  315.44384765625
Memory cached:  320.0
--------------------  Trial  45   --------------------
Start timing: 
Parameters: 
{'W_layers': 8, 'W_layer_units_exponent_0': 10, 'W_layer_units_exponent_1': 4, 'W_layer_units_exponent_2': 9, 'W_layer_units_exponent_3': 5, 'W_layer_units_exponent_4': 7, 'W_layer_units_exponent_5': 8, 'W_layer_units_exponent_6': 6, 'W_layer_units_exponent_7': 4, 'D_layers': 6, 'D_layer_units_exponent_0': 4, 'D_layer_units_exponent_1': 10, 'D_layer_units_exponent_2': 8, 'D_layer_units_exponent_3': 9, 'D_layer_units_exponent_4': 5, 'D_layer_units_exponent_5': 9, 'D_dagger_layers': 6, 'D_dagger_layer_units_exponent_0': 7, 'D_dagger_layer_units_exponent_1': 5, 'D_dagger_layer_units_exponent_2': 6, 'D_dagger_layer_units_exponent_3': 8, 'D_dagger_layer_units_exponent_4': 9, 'D_dagger_layer_units_exponent_5': 8, 'log_learning_rate': -4.664951148207817, 'log_learning_rate_D': -2.9281846666711453, 'log_learning_rate_D_dagger': -4.7621569997424125, 'training_batch_size': 6, 'training_p': 3}
	 epoch  0 training error:  tensor(1.0124, device='cuda:0', grad_fn=<DivBackward0>)
Memory status after this epoch: 
Memory allocated:  12.83642578125
Memory cached:  164.0
	 epoch  10 training error:  tensor(0.8493, device='cuda:0', grad_fn=<DivBackward0>)
Memory status after this epoch: 
Memory allocated:  12.83642578125
Memory cached:  190.0
	 epoch  20 training error:  tensor(0.6254, device='cuda:0', grad_fn=<DivBackward0>)
Memory status after this epoch: 
Memory allocated:  12.83642578125
Memory cached:  184.0
	 epoch  30 training error:  tensor(0.2440, device='cuda:0', grad_fn=<DivBackward0>)
Memory status after this epoch: 
Memory allocated:  12.83642578125
Memory cached:  190.0
	 epoch  40 training error:  tensor(0.0611, device='cuda:0', grad_fn=<DivBackward0>)
Memory status after this epoch: 
Memory allocated:  12.83642578125
Memory cached:  186.0
	 epoch  50 training error:  tensor(0.0247, device='cuda:0', grad_fn=<DivBackward0>)
Memory status after this epoch: 
Memory allocated:  12.83642578125
Memory cached:  188.0
	 epoch  60 training error:  tensor(0.0194, device='cuda:0', grad_fn=<DivBackward0>)
Memory status after this epoch: 
Memory allocated:  12.83642578125
Memory cached:  186.0
	 epoch  70 training error:  tensor(0.0190, device='cuda:0', grad_fn=<DivBackward0>)
Memory status after this epoch: 
Memory allocated:  12.83642578125
Memory cached:  182.0
	 epoch  80 training error:  tensor(0.0187, device='cuda:0', grad_fn=<DivBackward0>)
Memory status after this epoch: 
Memory allocated:  12.83642578125
Memory cached:  182.0
	 epoch  90 training error:  tensor(0.0186, device='cuda:0', grad_fn=<DivBackward0>)
Memory status after this epoch: 
Memory allocated:  12.83642578125
Memory cached:  186.0
[I 2023-11-07 18:41:50,248] Trial 45 finished with value: 0.015223043970763683 and parameters: {'W_layers': 8, 'W_layer_units_exponent_0': 10, 'W_layer_units_exponent_1': 4, 'W_layer_units_exponent_2': 9, 'W_layer_units_exponent_3': 5, 'W_layer_units_exponent_4': 7, 'W_layer_units_exponent_5': 8, 'W_layer_units_exponent_6': 6, 'W_layer_units_exponent_7': 4, 'D_layers': 6, 'D_layer_units_exponent_0': 4, 'D_layer_units_exponent_1': 10, 'D_layer_units_exponent_2': 8, 'D_layer_units_exponent_3': 9, 'D_layer_units_exponent_4': 5, 'D_layer_units_exponent_5': 9, 'D_dagger_layers': 6, 'D_dagger_layer_units_exponent_0': 7, 'D_dagger_layer_units_exponent_1': 5, 'D_dagger_layer_units_exponent_2': 6, 'D_dagger_layer_units_exponent_3': 8, 'D_dagger_layer_units_exponent_4': 9, 'D_dagger_layer_units_exponent_5': 8, 'log_learning_rate': -4.664951148207817, 'log_learning_rate_D': -2.9281846666711453, 'log_learning_rate_D_dagger': -4.7621569997424125, 'training_batch_size': 6, 'training_p': 3}. Best is trial 38 with value: 0.013442969880998135.
Time for this trial:  461.37007546424866
Memory status after this trial: 
Memory allocated:  308.27978515625
Memory cached:  316.0
--------------------  Trial  46   --------------------
Start timing: 
Parameters: 
{'W_layers': 6, 'W_layer_units_exponent_0': 9, 'W_layer_units_exponent_1': 4, 'W_layer_units_exponent_2': 9, 'W_layer_units_exponent_3': 7, 'W_layer_units_exponent_4': 6, 'W_layer_units_exponent_5': 8, 'D_layers': 6, 'D_layer_units_exponent_0': 5, 'D_layer_units_exponent_1': 10, 'D_layer_units_exponent_2': 6, 'D_layer_units_exponent_3': 8, 'D_layer_units_exponent_4': 4, 'D_layer_units_exponent_5': 7, 'D_dagger_layers': 4, 'D_dagger_layer_units_exponent_0': 7, 'D_dagger_layer_units_exponent_1': 4, 'D_dagger_layer_units_exponent_2': 4, 'D_dagger_layer_units_exponent_3': 8, 'log_learning_rate': -4.552063662984783, 'log_learning_rate_D': -3.379002135602951, 'log_learning_rate_D_dagger': -4.568098813147823, 'training_batch_size': 6, 'training_p': 2}
	 epoch  0 training error:  tensor(0.9820, device='cuda:0', grad_fn=<DivBackward0>)
Memory status after this epoch: 
Memory allocated:  3.80126953125
Memory cached:  132.0
	 epoch  10 training error:  tensor(0.8411, device='cuda:0', grad_fn=<DivBackward0>)
Memory status after this epoch: 
Memory allocated:  3.80126953125
Memory cached:  140.0
	 epoch  20 training error:  tensor(0.5899, device='cuda:0', grad_fn=<DivBackward0>)
Memory status after this epoch: 
Memory allocated:  3.80126953125
Memory cached:  146.0
	 epoch  30 training error:  tensor(0.0558, device='cuda:0', grad_fn=<DivBackward0>)
Memory status after this epoch: 
Memory allocated:  3.80126953125
Memory cached:  150.0
	 epoch  40 training error:  tensor(0.0386, device='cuda:0', grad_fn=<DivBackward0>)
Memory status after this epoch: 
Memory allocated:  3.80126953125
Memory cached:  152.0
	 epoch  50 training error:  tensor(0.0194, device='cuda:0', grad_fn=<DivBackward0>)
Memory status after this epoch: 
Memory allocated:  3.80126953125
Memory cached:  146.0
	 epoch  60 training error:  tensor(0.0165, device='cuda:0', grad_fn=<DivBackward0>)
Memory status after this epoch: 
Memory allocated:  3.80126953125
Memory cached:  150.0
	 epoch  70 training error:  tensor(0.0153, device='cuda:0', grad_fn=<DivBackward0>)
Memory status after this epoch: 
Memory allocated:  3.80126953125
Memory cached:  144.0
	 epoch  80 training error:  tensor(0.0147, device='cuda:0', grad_fn=<DivBackward0>)
Memory status after this epoch: 
Memory allocated:  3.80126953125
Memory cached:  140.0
	 epoch  90 training error:  tensor(0.0144, device='cuda:0', grad_fn=<DivBackward0>)
Memory status after this epoch: 
Memory allocated:  3.80126953125
Memory cached:  146.0
[I 2023-11-07 18:48:19,128] Trial 46 finished with value: 0.01353833544999361 and parameters: {'W_layers': 6, 'W_layer_units_exponent_0': 9, 'W_layer_units_exponent_1': 4, 'W_layer_units_exponent_2': 9, 'W_layer_units_exponent_3': 7, 'W_layer_units_exponent_4': 6, 'W_layer_units_exponent_5': 8, 'D_layers': 6, 'D_layer_units_exponent_0': 5, 'D_layer_units_exponent_1': 10, 'D_layer_units_exponent_2': 6, 'D_layer_units_exponent_3': 8, 'D_layer_units_exponent_4': 4, 'D_layer_units_exponent_5': 7, 'D_dagger_layers': 4, 'D_dagger_layer_units_exponent_0': 7, 'D_dagger_layer_units_exponent_1': 4, 'D_dagger_layer_units_exponent_2': 4, 'D_dagger_layer_units_exponent_3': 8, 'log_learning_rate': -4.552063662984783, 'log_learning_rate_D': -3.379002135602951, 'log_learning_rate_D_dagger': -4.568098813147823, 'training_batch_size': 6, 'training_p': 2}. Best is trial 38 with value: 0.013442969880998135.
Time for this trial:  388.5603334903717
Memory status after this trial: 
Memory allocated:  185.60302734375
Memory cached:  188.0
--------------------  Trial  47   --------------------
Start timing: 
Parameters: 
{'W_layers': 6, 'W_layer_units_exponent_0': 9, 'W_layer_units_exponent_1': 4, 'W_layer_units_exponent_2': 9, 'W_layer_units_exponent_3': 6, 'W_layer_units_exponent_4': 4, 'W_layer_units_exponent_5': 8, 'D_layers': 6, 'D_layer_units_exponent_0': 4, 'D_layer_units_exponent_1': 10, 'D_layer_units_exponent_2': 5, 'D_layer_units_exponent_3': 8, 'D_layer_units_exponent_4': 4, 'D_layer_units_exponent_5': 7, 'D_dagger_layers': 4, 'D_dagger_layer_units_exponent_0': 8, 'D_dagger_layer_units_exponent_1': 4, 'D_dagger_layer_units_exponent_2': 4, 'D_dagger_layer_units_exponent_3': 8, 'log_learning_rate': -4.842909028730172, 'log_learning_rate_D': -2.156781043251538, 'log_learning_rate_D_dagger': -4.54167061191706, 'training_batch_size': 11, 'training_p': 2}
	 epoch  0 training error:  tensor(0.9358, device='cuda:0', grad_fn=<DivBackward0>)
Memory status after this epoch: 
Memory allocated:  2.13916015625
Memory cached:  150.0
	 epoch  10 training error:  tensor(0.8811, device='cuda:0', grad_fn=<DivBackward0>)
Memory status after this epoch: 
Memory allocated:  2.13916015625
Memory cached:  216.0
	 epoch  20 training error:  tensor(0.8276, device='cuda:0', grad_fn=<DivBackward0>)
Memory status after this epoch: 
Memory allocated:  2.13916015625
Memory cached:  210.0
	 epoch  30 training error:  tensor(0.7662, device='cuda:0', grad_fn=<DivBackward0>)
Memory status after this epoch: 
Memory allocated:  2.13916015625
Memory cached:  218.0
	 epoch  40 training error:  tensor(0.6954, device='cuda:0', grad_fn=<DivBackward0>)
Memory status after this epoch: 
Memory allocated:  2.13916015625
Memory cached:  222.0
	 epoch  50 training error:  tensor(0.6117, device='cuda:0', grad_fn=<DivBackward0>)
Memory status after this epoch: 
Memory allocated:  2.13916015625
Memory cached:  206.0
	 epoch  60 training error:  tensor(0.5123, device='cuda:0', grad_fn=<DivBackward0>)
Memory status after this epoch: 
Memory allocated:  2.13916015625
Memory cached:  212.0
	 epoch  70 training error:  tensor(0.3931, device='cuda:0', grad_fn=<DivBackward0>)
Memory status after this epoch: 
Memory allocated:  2.13916015625
Memory cached:  210.0
	 epoch  80 training error:  tensor(0.2505, device='cuda:0', grad_fn=<DivBackward0>)
Memory status after this epoch: 
Memory allocated:  2.13916015625
Memory cached:  218.0
	 epoch  90 training error:  tensor(0.0892, device='cuda:0', grad_fn=<DivBackward0>)
Memory status after this epoch: 
Memory allocated:  2.13916015625
Memory cached:  220.0
[I 2023-11-07 18:51:54,772] Trial 47 finished with value: 0.064139224588871 and parameters: {'W_layers': 6, 'W_layer_units_exponent_0': 9, 'W_layer_units_exponent_1': 4, 'W_layer_units_exponent_2': 9, 'W_layer_units_exponent_3': 6, 'W_layer_units_exponent_4': 4, 'W_layer_units_exponent_5': 8, 'D_layers': 6, 'D_layer_units_exponent_0': 4, 'D_layer_units_exponent_1': 10, 'D_layer_units_exponent_2': 5, 'D_layer_units_exponent_3': 8, 'D_layer_units_exponent_4': 4, 'D_layer_units_exponent_5': 7, 'D_dagger_layers': 4, 'D_dagger_layer_units_exponent_0': 8, 'D_dagger_layer_units_exponent_1': 4, 'D_dagger_layer_units_exponent_2': 4, 'D_dagger_layer_units_exponent_3': 8, 'log_learning_rate': -4.842909028730172, 'log_learning_rate_D': -2.156781043251538, 'log_learning_rate_D_dagger': -4.54167061191706, 'training_batch_size': 11, 'training_p': 2}. Best is trial 38 with value: 0.013442969880998135.
Time for this trial:  215.34059476852417
Memory status after this trial: 
Memory allocated:  183.3916015625
Memory cached:  186.0
--------------------  Trial  48   --------------------
Start timing: 
Parameters: 
{'W_layers': 7, 'W_layer_units_exponent_0': 10, 'W_layer_units_exponent_1': 5, 'W_layer_units_exponent_2': 10, 'W_layer_units_exponent_3': 7, 'W_layer_units_exponent_4': 5, 'W_layer_units_exponent_5': 9, 'W_layer_units_exponent_6': 7, 'D_layers': 7, 'D_layer_units_exponent_0': 4, 'D_layer_units_exponent_1': 10, 'D_layer_units_exponent_2': 6, 'D_layer_units_exponent_3': 9, 'D_layer_units_exponent_4': 4, 'D_layer_units_exponent_5': 8, 'D_layer_units_exponent_6': 8, 'D_dagger_layers': 4, 'D_dagger_layer_units_exponent_0': 9, 'D_dagger_layer_units_exponent_1': 4, 'D_dagger_layer_units_exponent_2': 4, 'D_dagger_layer_units_exponent_3': 9, 'log_learning_rate': -4.549812670399338, 'log_learning_rate_D': -2.4390938026719544, 'log_learning_rate_D_dagger': -4.156368124080204, 'training_batch_size': 6, 'training_p': 2}
	 epoch  0 training error:  tensor(1.0178, device='cuda:0', grad_fn=<DivBackward0>)
Memory status after this epoch: 
Memory allocated:  7.80517578125
Memory cached:  164.0
	 epoch  10 training error:  tensor(0.2705, device='cuda:0', grad_fn=<DivBackward0>)
Memory status after this epoch: 
Memory allocated:  7.80517578125
Memory cached:  154.0
	 epoch  20 training error:  tensor(0.0815, device='cuda:0', grad_fn=<DivBackward0>)
Memory status after this epoch: 
Memory allocated:  7.80517578125
Memory cached:  154.0
	 epoch  30 training error:  tensor(0.0251, device='cuda:0', grad_fn=<DivBackward0>)
Memory status after this epoch: 
Memory allocated:  7.80517578125
Memory cached:  154.0
	 epoch  40 training error:  tensor(0.0155, device='cuda:0', grad_fn=<DivBackward0>)
Memory status after this epoch: 
Memory allocated:  7.80517578125
Memory cached:  150.0
	 epoch  50 training error:  tensor(0.0145, device='cuda:0', grad_fn=<DivBackward0>)
Memory status after this epoch: 
Memory allocated:  7.80517578125
Memory cached:  150.0
	 epoch  60 training error:  tensor(0.0144, device='cuda:0', grad_fn=<DivBackward0>)
Memory status after this epoch: 
Memory allocated:  7.80517578125
Memory cached:  160.0
	 epoch  70 training error:  tensor(0.0144, device='cuda:0', grad_fn=<DivBackward0>)
Memory status after this epoch: 
Memory allocated:  7.80517578125
Memory cached:  160.0
	 epoch  80 training error:  tensor(0.0143, device='cuda:0', grad_fn=<DivBackward0>)
Memory status after this epoch: 
Memory allocated:  7.80517578125
Memory cached:  158.0
	 epoch  90 training error:  tensor(0.0142, device='cuda:0', grad_fn=<DivBackward0>)
Memory status after this epoch: 
Memory allocated:  7.80517578125
Memory cached:  154.0
[I 2023-11-07 18:59:10,329] Trial 48 finished with value: 0.013436863198876381 and parameters: {'W_layers': 7, 'W_layer_units_exponent_0': 10, 'W_layer_units_exponent_1': 5, 'W_layer_units_exponent_2': 10, 'W_layer_units_exponent_3': 7, 'W_layer_units_exponent_4': 5, 'W_layer_units_exponent_5': 9, 'W_layer_units_exponent_6': 7, 'D_layers': 7, 'D_layer_units_exponent_0': 4, 'D_layer_units_exponent_1': 10, 'D_layer_units_exponent_2': 6, 'D_layer_units_exponent_3': 9, 'D_layer_units_exponent_4': 4, 'D_layer_units_exponent_5': 8, 'D_layer_units_exponent_6': 8, 'D_dagger_layers': 4, 'D_dagger_layer_units_exponent_0': 9, 'D_dagger_layer_units_exponent_1': 4, 'D_dagger_layer_units_exponent_2': 4, 'D_dagger_layer_units_exponent_3': 9, 'log_learning_rate': -4.549812670399338, 'log_learning_rate_D': -2.4390938026719544, 'log_learning_rate_D_dagger': -4.156368124080204, 'training_batch_size': 6, 'training_p': 2}. Best is trial 48 with value: 0.013436863198876381.
Time for this trial:  435.2068259716034
Memory status after this trial: 
Memory allocated:  329.11572265625
Memory cached:  334.0
--------------------  Trial  49   --------------------
Start timing: 
Parameters: 
{'W_layers': 7, 'W_layer_units_exponent_0': 10, 'W_layer_units_exponent_1': 4, 'W_layer_units_exponent_2': 10, 'W_layer_units_exponent_3': 7, 'W_layer_units_exponent_4': 5, 'W_layer_units_exponent_5': 9, 'W_layer_units_exponent_6': 7, 'D_layers': 7, 'D_layer_units_exponent_0': 5, 'D_layer_units_exponent_1': 10, 'D_layer_units_exponent_2': 6, 'D_layer_units_exponent_3': 9, 'D_layer_units_exponent_4': 4, 'D_layer_units_exponent_5': 8, 'D_layer_units_exponent_6': 8, 'D_dagger_layers': 3, 'D_dagger_layer_units_exponent_0': 10, 'D_dagger_layer_units_exponent_1': 4, 'D_dagger_layer_units_exponent_2': 4, 'log_learning_rate': -4.582980189578985, 'log_learning_rate_D': -2.4521112839935646, 'log_learning_rate_D_dagger': -4.19013575913004, 'training_batch_size': 6, 'training_p': 2}
	 epoch  0 training error:  tensor(1.0686, device='cuda:0', grad_fn=<DivBackward0>)
Memory status after this epoch: 
Memory allocated:  7.55712890625
Memory cached:  150.0
	 epoch  10 training error:  tensor(0.1000, device='cuda:0', grad_fn=<DivBackward0>)
Memory status after this epoch: 
Memory allocated:  7.55712890625
Memory cached:  148.0
	 epoch  20 training error:  tensor(0.0585, device='cuda:0', grad_fn=<DivBackward0>)
Memory status after this epoch: 
Memory allocated:  7.55712890625
Memory cached:  148.0
	 epoch  30 training error:  tensor(0.0258, device='cuda:0', grad_fn=<DivBackward0>)
Memory status after this epoch: 
Memory allocated:  7.55712890625
Memory cached:  140.0
	 epoch  40 training error:  tensor(0.0203, device='cuda:0', grad_fn=<DivBackward0>)
Memory status after this epoch: 
Memory allocated:  7.55712890625
Memory cached:  160.0
	 epoch  50 training error:  tensor(0.0196, device='cuda:0', grad_fn=<DivBackward0>)
Memory status after this epoch: 
Memory allocated:  7.55712890625
Memory cached:  150.0
	 epoch  60 training error:  tensor(0.0188, device='cuda:0', grad_fn=<DivBackward0>)
Memory status after this epoch: 
Memory allocated:  7.55712890625
Memory cached:  152.0
	 epoch  70 training error:  tensor(0.0182, device='cuda:0', grad_fn=<DivBackward0>)
Memory status after this epoch: 
Memory allocated:  7.55712890625
Memory cached:  142.0
	 epoch  80 training error:  tensor(0.0176, device='cuda:0', grad_fn=<DivBackward0>)
Memory status after this epoch: 
Memory allocated:  7.55712890625
Memory cached:  146.0
	 epoch  90 training error:  tensor(0.0169, device='cuda:0', grad_fn=<DivBackward0>)
Memory status after this epoch: 
Memory allocated:  7.55712890625
Memory cached:  142.0
