[I 2023-11-07 15:13:48,902] Trial 41 finished with value: 0.023935452103614807 and parameters: {'W_layers': 3, 'W_layer_units_exponent_0': 7, 'W_layer_units_exponent_1': 8, 'W_layer_units_exponent_2': 6, 'D_layers': 6, 'D_layer_units_exponent_0': 7, 'D_layer_units_exponent_1': 10, 'D_layer_units_exponent_2': 8, 'D_layer_units_exponent_3': 7, 'D_layer_units_exponent_4': 4, 'D_layer_units_exponent_5': 7, 'D_dagger_layers': 4, 'D_dagger_layer_units_exponent_0': 4, 'D_dagger_layer_units_exponent_1': 5, 'D_dagger_layer_units_exponent_2': 10, 'D_dagger_layer_units_exponent_3': 7, 'log_learning_rate': -2.778843554011805, 'log_learning_rate_D': -1.9661091201263199, 'log_learning_rate_D_dagger': -4.933833374631721, 'training_batch_size': 11, 'training_p': 3}. Best is trial 22 with value: 0.013349753804504871.
Time for this trial:  18.216048002243042
Memory status after this trial: 
Memory allocated:  90.3583984375
Memory cached:  106.0
--------------------  Trial  42   --------------------
Start timing: 
Parameters: 
{'W_layers': 3, 'W_layer_units_exponent_0': 7, 'W_layer_units_exponent_1': 9, 'W_layer_units_exponent_2': 6, 'D_layers': 6, 'D_layer_units_exponent_0': 7, 'D_layer_units_exponent_1': 10, 'D_layer_units_exponent_2': 8, 'D_layer_units_exponent_3': 6, 'D_layer_units_exponent_4': 4, 'D_layer_units_exponent_5': 6, 'D_dagger_layers': 4, 'D_dagger_layer_units_exponent_0': 4, 'D_dagger_layer_units_exponent_1': 5, 'D_dagger_layer_units_exponent_2': 10, 'D_dagger_layer_units_exponent_3': 7, 'log_learning_rate': -2.8828823526692395, 'log_learning_rate_D': -2.1113586818924444, 'log_learning_rate_D_dagger': -4.727604553897953, 'training_batch_size': 12, 'training_p': 4}
	 epoch  0 training error:  tensor(0.7667, device='cuda:0', grad_fn=<DivBackward0>)
Memory status after this epoch: 
Memory allocated:  5.78515625
Memory cached:  12.0
	 epoch  10 training error:  tensor(0.2826, device='cuda:0', grad_fn=<DivBackward0>)
Memory status after this epoch: 
Memory allocated:  5.78515625
Memory cached:  12.0
	 epoch  20 training error:  tensor(0.0650, device='cuda:0', grad_fn=<DivBackward0>)
Memory status after this epoch: 
Memory allocated:  5.78515625
Memory cached:  12.0
	 epoch  30 training error:  tensor(0.0301, device='cuda:0', grad_fn=<DivBackward0>)
Memory status after this epoch: 
Memory allocated:  5.78515625
Memory cached:  12.0
	 epoch  40 training error:  tensor(0.0440, device='cuda:0', grad_fn=<DivBackward0>)
Memory status after this epoch: 
Memory allocated:  5.78515625
Memory cached:  12.0
	 epoch  50 training error:  tensor(0.0504, device='cuda:0', grad_fn=<DivBackward0>)
Memory status after this epoch: 
Memory allocated:  5.78515625
Memory cached:  12.0
	 epoch  60 training error:  tensor(0.0273, device='cuda:0', grad_fn=<DivBackward0>)
Memory status after this epoch: 
Memory allocated:  5.78515625
Memory cached:  12.0
	 epoch  70 training error:  tensor(0.0388, device='cuda:0', grad_fn=<DivBackward0>)
Memory status after this epoch: 
Memory allocated:  5.78515625
Memory cached:  12.0
	 epoch  80 training error:  tensor(0.0448, device='cuda:0', grad_fn=<DivBackward0>)
Memory status after this epoch: 
Memory allocated:  5.78515625
Memory cached:  12.0
	 epoch  90 training error:  tensor(0.0275, device='cuda:0', grad_fn=<DivBackward0>)
Memory status after this epoch: 
Memory allocated:  5.78515625
Memory cached:  12.0
[I 2023-11-07 15:14:07,310] Trial 42 finished with value: 0.0329623781144619 and parameters: {'W_layers': 3, 'W_layer_units_exponent_0': 7, 'W_layer_units_exponent_1': 9, 'W_layer_units_exponent_2': 6, 'D_layers': 6, 'D_layer_units_exponent_0': 7, 'D_layer_units_exponent_1': 10, 'D_layer_units_exponent_2': 8, 'D_layer_units_exponent_3': 6, 'D_layer_units_exponent_4': 4, 'D_layer_units_exponent_5': 6, 'D_dagger_layers': 4, 'D_dagger_layer_units_exponent_0': 4, 'D_dagger_layer_units_exponent_1': 5, 'D_dagger_layer_units_exponent_2': 10, 'D_dagger_layer_units_exponent_3': 7, 'log_learning_rate': -2.8828823526692395, 'log_learning_rate_D': -2.1113586818924444, 'log_learning_rate_D_dagger': -4.727604553897953, 'training_batch_size': 12, 'training_p': 4}. Best is trial 22 with value: 0.013349753804504871.
Time for this trial:  18.17327070236206
Memory status after this trial: 
Memory allocated:  105.3447265625
Memory cached:  126.0
--------------------  Trial  43   --------------------
Start timing: 
Parameters: 
{'W_layers': 2, 'W_layer_units_exponent_0': 6, 'W_layer_units_exponent_1': 8, 'D_layers': 6, 'D_layer_units_exponent_0': 8, 'D_layer_units_exponent_1': 9, 'D_layer_units_exponent_2': 9, 'D_layer_units_exponent_3': 7, 'D_layer_units_exponent_4': 4, 'D_layer_units_exponent_5': 8, 'D_dagger_layers': 3, 'D_dagger_layer_units_exponent_0': 7, 'D_dagger_layer_units_exponent_1': 4, 'D_dagger_layer_units_exponent_2': 9, 'log_learning_rate': -3.247324374927008, 'log_learning_rate_D': -1.8887230929360899, 'log_learning_rate_D_dagger': -4.959670537820527, 'training_batch_size': 11, 'training_p': 3}
	 epoch  0 training error:  tensor(1.4921, device='cuda:0', grad_fn=<DivBackward0>)
Memory status after this epoch: 
Memory allocated:  2.37939453125
Memory cached:  6.0
	 epoch  10 training error:  tensor(0.3036, device='cuda:0', grad_fn=<DivBackward0>)
Memory status after this epoch: 
Memory allocated:  2.37939453125
Memory cached:  6.0
	 epoch  20 training error:  tensor(0.1233, device='cuda:0', grad_fn=<DivBackward0>)
Memory status after this epoch: 
Memory allocated:  2.37939453125
Memory cached:  6.0
	 epoch  30 training error:  tensor(0.0622, device='cuda:0', grad_fn=<DivBackward0>)
Memory status after this epoch: 
Memory allocated:  2.37939453125
Memory cached:  6.0
	 epoch  40 training error:  tensor(0.0353, device='cuda:0', grad_fn=<DivBackward0>)
Memory status after this epoch: 
Memory allocated:  2.37939453125
Memory cached:  6.0
	 epoch  50 training error:  tensor(0.0352, device='cuda:0', grad_fn=<DivBackward0>)
Memory status after this epoch: 
Memory allocated:  2.37939453125
Memory cached:  6.0
	 epoch  60 training error:  tensor(0.0341, device='cuda:0', grad_fn=<DivBackward0>)
Memory status after this epoch: 
Memory allocated:  2.37939453125
Memory cached:  6.0
	 epoch  70 training error:  tensor(0.0302, device='cuda:0', grad_fn=<DivBackward0>)
Memory status after this epoch: 
Memory allocated:  2.37939453125
Memory cached:  6.0
	 epoch  80 training error:  tensor(0.0277, device='cuda:0', grad_fn=<DivBackward0>)
Memory status after this epoch: 
Memory allocated:  2.37939453125
Memory cached:  6.0
	 epoch  90 training error:  tensor(0.0253, device='cuda:0', grad_fn=<DivBackward0>)
Memory status after this epoch: 
Memory allocated:  2.37939453125
Memory cached:  6.0
[I 2023-11-07 15:14:24,200] Trial 43 finished with value: 0.02071528695523739 and parameters: {'W_layers': 2, 'W_layer_units_exponent_0': 6, 'W_layer_units_exponent_1': 8, 'D_layers': 6, 'D_layer_units_exponent_0': 8, 'D_layer_units_exponent_1': 9, 'D_layer_units_exponent_2': 9, 'D_layer_units_exponent_3': 7, 'D_layer_units_exponent_4': 4, 'D_layer_units_exponent_5': 8, 'D_dagger_layers': 3, 'D_dagger_layer_units_exponent_0': 7, 'D_dagger_layer_units_exponent_1': 4, 'D_dagger_layer_units_exponent_2': 9, 'log_learning_rate': -3.247324374927008, 'log_learning_rate_D': -1.8887230929360899, 'log_learning_rate_D_dagger': -4.959670537820527, 'training_batch_size': 11, 'training_p': 3}. Best is trial 22 with value: 0.013349753804504871.
Time for this trial:  16.6898033618927
Memory status after this trial: 
Memory allocated:  53.0419921875
Memory cached:  74.0
--------------------  Trial  44   --------------------
Start timing: 
Parameters: 
{'W_layers': 2, 'W_layer_units_exponent_0': 6, 'W_layer_units_exponent_1': 9, 'D_layers': 7, 'D_layer_units_exponent_0': 6, 'D_layer_units_exponent_1': 10, 'D_layer_units_exponent_2': 7, 'D_layer_units_exponent_3': 8, 'D_layer_units_exponent_4': 5, 'D_layer_units_exponent_5': 7, 'D_layer_units_exponent_6': 6, 'D_dagger_layers': 4, 'D_dagger_layer_units_exponent_0': 5, 'D_dagger_layer_units_exponent_1': 5, 'D_dagger_layer_units_exponent_2': 10, 'D_dagger_layer_units_exponent_3': 5, 'log_learning_rate': -3.0129527126090268, 'log_learning_rate_D': -1.6551248817254987, 'log_learning_rate_D_dagger': -3.076196214877, 'training_batch_size': 10, 'training_p': 2}
	 epoch  0 training error:  tensor(0.9899, device='cuda:0', grad_fn=<DivBackward0>)
Memory status after this epoch: 
Memory allocated:  2.68017578125
Memory cached:  8.0
	 epoch  10 training error:  tensor(0.1429, device='cuda:0', grad_fn=<DivBackward0>)
Memory status after this epoch: 
Memory allocated:  2.68017578125
Memory cached:  10.0
	 epoch  20 training error:  tensor(0.0612, device='cuda:0', grad_fn=<DivBackward0>)
Memory status after this epoch: 
Memory allocated:  2.68017578125
Memory cached:  10.0
	 epoch  30 training error:  tensor(0.0720, device='cuda:0', grad_fn=<DivBackward0>)
Memory status after this epoch: 
Memory allocated:  2.68017578125
Memory cached:  10.0
	 epoch  40 training error:  tensor(0.0422, device='cuda:0', grad_fn=<DivBackward0>)
Memory status after this epoch: 
Memory allocated:  2.68017578125
Memory cached:  10.0
	 epoch  50 training error:  tensor(0.0479, device='cuda:0', grad_fn=<DivBackward0>)
Memory status after this epoch: 
Memory allocated:  2.68017578125
Memory cached:  10.0
	 epoch  60 training error:  tensor(0.0335, device='cuda:0', grad_fn=<DivBackward0>)
Memory status after this epoch: 
Memory allocated:  2.68017578125
Memory cached:  10.0
	 epoch  70 training error:  tensor(0.0236, device='cuda:0', grad_fn=<DivBackward0>)
Memory status after this epoch: 
Memory allocated:  2.68017578125
Memory cached:  10.0
	 epoch  80 training error:  tensor(0.0321, device='cuda:0', grad_fn=<DivBackward0>)
Memory status after this epoch: 
Memory allocated:  2.68017578125
Memory cached:  10.0
	 epoch  90 training error:  tensor(0.0284, device='cuda:0', grad_fn=<DivBackward0>)
Memory status after this epoch: 
Memory allocated:  2.68017578125
Memory cached:  10.0
[I 2023-11-07 15:14:42,321] Trial 44 finished with value: 0.02921159937977791 and parameters: {'W_layers': 2, 'W_layer_units_exponent_0': 6, 'W_layer_units_exponent_1': 9, 'D_layers': 7, 'D_layer_units_exponent_0': 6, 'D_layer_units_exponent_1': 10, 'D_layer_units_exponent_2': 7, 'D_layer_units_exponent_3': 8, 'D_layer_units_exponent_4': 5, 'D_layer_units_exponent_5': 7, 'D_layer_units_exponent_6': 6, 'D_dagger_layers': 4, 'D_dagger_layer_units_exponent_0': 5, 'D_dagger_layer_units_exponent_1': 5, 'D_dagger_layer_units_exponent_2': 10, 'D_dagger_layer_units_exponent_3': 5, 'log_learning_rate': -3.0129527126090268, 'log_learning_rate_D': -1.6551248817254987, 'log_learning_rate_D_dagger': -3.076196214877, 'training_batch_size': 10, 'training_p': 2}. Best is trial 22 with value: 0.013349753804504871.
Time for this trial:  17.894404411315918
Memory status after this trial: 
Memory allocated:  92.9921875
Memory cached:  112.0
--------------------  Trial  45   --------------------
Start timing: 
Parameters: 
{'W_layers': 8, 'W_layer_units_exponent_0': 7, 'W_layer_units_exponent_1': 10, 'W_layer_units_exponent_2': 5, 'W_layer_units_exponent_3': 6, 'W_layer_units_exponent_4': 10, 'W_layer_units_exponent_5': 4, 'W_layer_units_exponent_6': 9, 'W_layer_units_exponent_7': 4, 'D_layers': 7, 'D_layer_units_exponent_0': 7, 'D_layer_units_exponent_1': 10, 'D_layer_units_exponent_2': 9, 'D_layer_units_exponent_3': 6, 'D_layer_units_exponent_4': 6, 'D_layer_units_exponent_5': 6, 'D_layer_units_exponent_6': 4, 'D_dagger_layers': 5, 'D_dagger_layer_units_exponent_0': 4, 'D_dagger_layer_units_exponent_1': 4, 'D_dagger_layer_units_exponent_2': 8, 'D_dagger_layer_units_exponent_3': 6, 'D_dagger_layer_units_exponent_4': 6, 'log_learning_rate': -3.469328468208688, 'log_learning_rate_D': -2.8128895987878333, 'log_learning_rate_D_dagger': -4.808242457751334, 'training_batch_size': 11, 'training_p': 3}
	 epoch  0 training error:  tensor(0.9160, device='cuda:0', grad_fn=<DivBackward0>)
Memory status after this epoch: 
Memory allocated:  7.30615234375
Memory cached:  38.0
	 epoch  10 training error:  tensor(0.1181, device='cuda:0', grad_fn=<DivBackward0>)
Memory status after this epoch: 
Memory allocated:  7.30615234375
Memory cached:  40.0
	 epoch  20 training error:  tensor(0.0781, device='cuda:0', grad_fn=<DivBackward0>)
Memory status after this epoch: 
Memory allocated:  7.30615234375
Memory cached:  40.0
	 epoch  30 training error:  tensor(0.0599, device='cuda:0', grad_fn=<DivBackward0>)
Memory status after this epoch: 
Memory allocated:  7.30615234375
Memory cached:  40.0
	 epoch  40 training error:  tensor(0.0453, device='cuda:0', grad_fn=<DivBackward0>)
Memory status after this epoch: 
Memory allocated:  7.30615234375
Memory cached:  40.0
	 epoch  50 training error:  tensor(0.0406, device='cuda:0', grad_fn=<DivBackward0>)
Memory status after this epoch: 
Memory allocated:  7.30615234375
Memory cached:  40.0
	 epoch  60 training error:  tensor(0.0275, device='cuda:0', grad_fn=<DivBackward0>)
Memory status after this epoch: 
Memory allocated:  7.30615234375
Memory cached:  40.0
	 epoch  70 training error:  tensor(0.0197, device='cuda:0', grad_fn=<DivBackward0>)
Memory status after this epoch: 
Memory allocated:  7.30615234375
Memory cached:  40.0
	 epoch  80 training error:  tensor(0.0199, device='cuda:0', grad_fn=<DivBackward0>)
Memory status after this epoch: 
Memory allocated:  7.30615234375
Memory cached:  40.0
	 epoch  90 training error:  tensor(0.0185, device='cuda:0', grad_fn=<DivBackward0>)
Memory status after this epoch: 
Memory allocated:  7.30615234375
Memory cached:  40.0
[I 2023-11-07 15:15:03,849] Trial 45 finished with value: 0.015039860270917416 and parameters: {'W_layers': 8, 'W_layer_units_exponent_0': 7, 'W_layer_units_exponent_1': 10, 'W_layer_units_exponent_2': 5, 'W_layer_units_exponent_3': 6, 'W_layer_units_exponent_4': 10, 'W_layer_units_exponent_5': 4, 'W_layer_units_exponent_6': 9, 'W_layer_units_exponent_7': 4, 'D_layers': 7, 'D_layer_units_exponent_0': 7, 'D_layer_units_exponent_1': 10, 'D_layer_units_exponent_2': 9, 'D_layer_units_exponent_3': 6, 'D_layer_units_exponent_4': 6, 'D_layer_units_exponent_5': 6, 'D_layer_units_exponent_6': 4, 'D_dagger_layers': 5, 'D_dagger_layer_units_exponent_0': 4, 'D_dagger_layer_units_exponent_1': 4, 'D_dagger_layer_units_exponent_2': 8, 'D_dagger_layer_units_exponent_3': 6, 'D_dagger_layer_units_exponent_4': 6, 'log_learning_rate': -3.469328468208688, 'log_learning_rate_D': -2.8128895987878333, 'log_learning_rate_D_dagger': -4.808242457751334, 'training_batch_size': 11, 'training_p': 3}. Best is trial 22 with value: 0.013349753804504871.
Time for this trial:  21.289630889892578
Memory status after this trial: 
Memory allocated:  178.685546875
Memory cached:  186.0
--------------------  Trial  46   --------------------
Start timing: 
Parameters: 
{'W_layers': 3, 'W_layer_units_exponent_0': 4, 'W_layer_units_exponent_1': 7, 'W_layer_units_exponent_2': 7, 'D_layers': 8, 'D_layer_units_exponent_0': 6, 'D_layer_units_exponent_1': 9, 'D_layer_units_exponent_2': 8, 'D_layer_units_exponent_3': 8, 'D_layer_units_exponent_4': 5, 'D_layer_units_exponent_5': 7, 'D_layer_units_exponent_6': 6, 'D_layer_units_exponent_7': 4, 'D_dagger_layers': 3, 'D_dagger_layer_units_exponent_0': 5, 'D_dagger_layer_units_exponent_1': 7, 'D_dagger_layer_units_exponent_2': 10, 'log_learning_rate': -2.543198528792889, 'log_learning_rate_D': -2.469024816986169, 'log_learning_rate_D_dagger': -4.589782492328265, 'training_batch_size': 10, 'training_p': 2}
	 epoch  0 training error:  tensor(1.3369, device='cuda:0', grad_fn=<DivBackward0>)
Memory status after this epoch: 
Memory allocated:  3.51318359375
Memory cached:  8.0
	 epoch  10 training error:  tensor(0.2943, device='cuda:0', grad_fn=<DivBackward0>)
Memory status after this epoch: 
Memory allocated:  3.51318359375
Memory cached:  10.0
	 epoch  20 training error:  tensor(0.1902, device='cuda:0', grad_fn=<DivBackward0>)
Memory status after this epoch: 
Memory allocated:  3.51318359375
Memory cached:  10.0
	 epoch  30 training error:  tensor(0.0992, device='cuda:0', grad_fn=<DivBackward0>)
Memory status after this epoch: 
Memory allocated:  3.51318359375
Memory cached:  10.0
	 epoch  40 training error:  tensor(0.0594, device='cuda:0', grad_fn=<DivBackward0>)
Memory status after this epoch: 
Memory allocated:  3.51318359375
Memory cached:  10.0
	 epoch  50 training error:  tensor(0.0378, device='cuda:0', grad_fn=<DivBackward0>)
Memory status after this epoch: 
Memory allocated:  3.51318359375
Memory cached:  10.0
	 epoch  60 training error:  tensor(0.0247, device='cuda:0', grad_fn=<DivBackward0>)
Memory status after this epoch: 
Memory allocated:  3.51318359375
Memory cached:  10.0
	 epoch  70 training error:  tensor(0.0156, device='cuda:0', grad_fn=<DivBackward0>)
Memory status after this epoch: 
Memory allocated:  3.51318359375
Memory cached:  10.0
	 epoch  80 training error:  tensor(0.0146, device='cuda:0', grad_fn=<DivBackward0>)
Memory status after this epoch: 
Memory allocated:  3.51318359375
Memory cached:  10.0
	 epoch  90 training error:  tensor(0.0148, device='cuda:0', grad_fn=<DivBackward0>)
Memory status after this epoch: 
Memory allocated:  3.51318359375
Memory cached:  10.0
[I 2023-11-07 15:15:22,551] Trial 46 finished with value: 0.01430821605026722 and parameters: {'W_layers': 3, 'W_layer_units_exponent_0': 4, 'W_layer_units_exponent_1': 7, 'W_layer_units_exponent_2': 7, 'D_layers': 8, 'D_layer_units_exponent_0': 6, 'D_layer_units_exponent_1': 9, 'D_layer_units_exponent_2': 8, 'D_layer_units_exponent_3': 8, 'D_layer_units_exponent_4': 5, 'D_layer_units_exponent_5': 7, 'D_layer_units_exponent_6': 6, 'D_layer_units_exponent_7': 4, 'D_dagger_layers': 3, 'D_dagger_layer_units_exponent_0': 5, 'D_dagger_layer_units_exponent_1': 7, 'D_dagger_layer_units_exponent_2': 10, 'log_learning_rate': -2.543198528792889, 'log_learning_rate_D': -2.469024816986169, 'log_learning_rate_D_dagger': -4.589782492328265, 'training_batch_size': 10, 'training_p': 2}. Best is trial 22 with value: 0.013349753804504871.
Time for this trial:  18.46047043800354
Memory status after this trial: 
Memory allocated:  79.18359375
Memory cached:  108.0
--------------------  Trial  47   --------------------
Start timing: 
Parameters: 
{'W_layers': 2, 'W_layer_units_exponent_0': 8, 'W_layer_units_exponent_1': 8, 'D_layers': 6, 'D_layer_units_exponent_0': 8, 'D_layer_units_exponent_1': 10, 'D_layer_units_exponent_2': 7, 'D_layer_units_exponent_3': 7, 'D_layer_units_exponent_4': 4, 'D_layer_units_exponent_5': 5, 'D_dagger_layers': 8, 'D_dagger_layer_units_exponent_0': 4, 'D_dagger_layer_units_exponent_1': 4, 'D_dagger_layer_units_exponent_2': 9, 'D_dagger_layer_units_exponent_3': 7, 'D_dagger_layer_units_exponent_4': 4, 'D_dagger_layer_units_exponent_5': 4, 'D_dagger_layer_units_exponent_6': 4, 'D_dagger_layer_units_exponent_7': 10, 'log_learning_rate': -3.994806766532518, 'log_learning_rate_D': -2.2009622606569312, 'log_learning_rate_D_dagger': -4.960062283475247, 'training_batch_size': 12, 'training_p': 3}
	 epoch  0 training error:  tensor(0.8983, device='cuda:0', grad_fn=<DivBackward0>)
Memory status after this epoch: 
Memory allocated:  4.224609375
Memory cached:  14.0
	 epoch  10 training error:  tensor(0.2128, device='cuda:0', grad_fn=<DivBackward0>)
Memory status after this epoch: 
Memory allocated:  4.224609375
Memory cached:  14.0
	 epoch  20 training error:  tensor(0.0587, device='cuda:0', grad_fn=<DivBackward0>)
Memory status after this epoch: 
Memory allocated:  4.224609375
Memory cached:  14.0
	 epoch  30 training error:  tensor(0.0576, device='cuda:0', grad_fn=<DivBackward0>)
Memory status after this epoch: 
Memory allocated:  4.224609375
Memory cached:  14.0
	 epoch  40 training error:  tensor(0.0262, device='cuda:0', grad_fn=<DivBackward0>)
Memory status after this epoch: 
Memory allocated:  4.224609375
Memory cached:  14.0
	 epoch  50 training error:  tensor(0.0268, device='cuda:0', grad_fn=<DivBackward0>)
Memory status after this epoch: 
Memory allocated:  4.224609375
Memory cached:  14.0
	 epoch  60 training error:  tensor(0.0233, device='cuda:0', grad_fn=<DivBackward0>)
Memory status after this epoch: 
Memory allocated:  4.224609375
Memory cached:  14.0
	 epoch  70 training error:  tensor(0.0217, device='cuda:0', grad_fn=<DivBackward0>)
Memory status after this epoch: 
Memory allocated:  4.224609375
Memory cached:  14.0
	 epoch  80 training error:  tensor(0.0209, device='cuda:0', grad_fn=<DivBackward0>)
Memory status after this epoch: 
Memory allocated:  4.224609375
Memory cached:  14.0
	 epoch  90 training error:  tensor(0.0207, device='cuda:0', grad_fn=<DivBackward0>)
Memory status after this epoch: 
Memory allocated:  4.224609375
Memory cached:  14.0
