[I 2023-11-04 02:19:24,950] Trial 41 finished with value: 0.03784606605768204 and parameters: {'W_layers': 5, 'W_layer_units_exponent_0': 5, 'W_layer_units_exponent_1': 8, 'W_layer_units_exponent_2': 4, 'W_layer_units_exponent_3': 7, 'W_layer_units_exponent_4': 5, 'D_layers': 3, 'D_layer_units_exponent_0': 7, 'D_layer_units_exponent_1': 7, 'D_layer_units_exponent_2': 8, 'log_learning_rate': -2.78069030649158, 'log_learning_rate_D': -4.245403162322453, 'training_batch_size': 11, 'training_p': 4}. Best is trial 24 with value: 0.03180091083049774.
Time for this trial:  122.29598045349121
Memory status after this trial: 
Memory allocated:  53.2138671875
Memory cached:  54.0
--------------------  Trial  42   --------------------
Start timing: 
Parameters: 
{'W_layers': 4, 'W_layer_units_exponent_0': 5, 'W_layer_units_exponent_1': 8, 'W_layer_units_exponent_2': 4, 'W_layer_units_exponent_3': 7, 'D_layers': 3, 'D_layer_units_exponent_0': 7, 'D_layer_units_exponent_1': 7, 'D_layer_units_exponent_2': 9, 'log_learning_rate': -2.6365707259892583, 'log_learning_rate_D': -4.173129616256336, 'training_batch_size': 11, 'training_p': 4}
	 epoch  0 training error:  tensor(0.8939, device='cuda:0', grad_fn=<DivBackward0>)
Memory status after this epoch: 
Memory allocated:  1.54296875
Memory cached:  8.0
	 epoch  10 training error:  tensor(0.1083, device='cuda:0', grad_fn=<DivBackward0>)
Memory status after this epoch: 
Memory allocated:  1.54296875
Memory cached:  8.0
	 epoch  20 training error:  tensor(0.0610, device='cuda:0', grad_fn=<DivBackward0>)
Memory status after this epoch: 
Memory allocated:  1.54296875
Memory cached:  8.0
	 epoch  30 training error:  tensor(0.0570, device='cuda:0', grad_fn=<DivBackward0>)
Memory status after this epoch: 
Memory allocated:  1.54296875
Memory cached:  8.0
	 epoch  40 training error:  tensor(0.0475, device='cuda:0', grad_fn=<DivBackward0>)
Memory status after this epoch: 
Memory allocated:  1.54296875
Memory cached:  8.0
	 epoch  50 training error:  tensor(0.0462, device='cuda:0', grad_fn=<DivBackward0>)
Memory status after this epoch: 
Memory allocated:  1.54296875
Memory cached:  8.0
	 epoch  60 training error:  tensor(0.0581, device='cuda:0', grad_fn=<DivBackward0>)
Memory status after this epoch: 
Memory allocated:  1.54296875
Memory cached:  8.0
	 epoch  70 training error:  tensor(0.0433, device='cuda:0', grad_fn=<DivBackward0>)
Memory status after this epoch: 
Memory allocated:  1.54296875
Memory cached:  8.0
	 epoch  80 training error:  tensor(0.0425, device='cuda:0', grad_fn=<DivBackward0>)
Memory status after this epoch: 
Memory allocated:  1.54296875
Memory cached:  8.0
	 epoch  90 training error:  tensor(0.0550, device='cuda:0', grad_fn=<DivBackward0>)
Memory status after this epoch: 
Memory allocated:  1.54296875
Memory cached:  8.0
[I 2023-11-04 02:21:22,110] Trial 42 finished with value: 0.04094376415014267 and parameters: {'W_layers': 4, 'W_layer_units_exponent_0': 5, 'W_layer_units_exponent_1': 8, 'W_layer_units_exponent_2': 4, 'W_layer_units_exponent_3': 7, 'D_layers': 3, 'D_layer_units_exponent_0': 7, 'D_layer_units_exponent_1': 7, 'D_layer_units_exponent_2': 9, 'log_learning_rate': -2.6365707259892583, 'log_learning_rate_D': -4.173129616256336, 'training_batch_size': 11, 'training_p': 4}. Best is trial 24 with value: 0.03180091083049774.
Time for this trial:  116.93800449371338
Memory status after this trial: 
Memory allocated:  65.26171875
Memory cached:  68.0
--------------------  Trial  43   --------------------
Start timing: 
Parameters: 
{'W_layers': 5, 'W_layer_units_exponent_0': 6, 'W_layer_units_exponent_1': 8, 'W_layer_units_exponent_2': 5, 'W_layer_units_exponent_3': 6, 'W_layer_units_exponent_4': 4, 'D_layers': 4, 'D_layer_units_exponent_0': 7, 'D_layer_units_exponent_1': 7, 'D_layer_units_exponent_2': 7, 'D_layer_units_exponent_3': 5, 'log_learning_rate': -3.033113850984796, 'log_learning_rate_D': -4.776628919176001, 'training_batch_size': 12, 'training_p': 5}
	 epoch  0 training error:  tensor(1.0694, device='cuda:0', grad_fn=<DivBackward0>)
Memory status after this epoch: 
Memory allocated:  1.052734375
Memory cached:  6.0
	 epoch  10 training error:  tensor(0.2433, device='cuda:0', grad_fn=<DivBackward0>)
Memory status after this epoch: 
Memory allocated:  1.052734375
Memory cached:  8.0
	 epoch  20 training error:  tensor(0.1102, device='cuda:0', grad_fn=<DivBackward0>)
Memory status after this epoch: 
Memory allocated:  1.052734375
Memory cached:  8.0
	 epoch  30 training error:  tensor(0.1094, device='cuda:0', grad_fn=<DivBackward0>)
Memory status after this epoch: 
Memory allocated:  1.052734375
Memory cached:  8.0
	 epoch  40 training error:  tensor(0.0792, device='cuda:0', grad_fn=<DivBackward0>)
Memory status after this epoch: 
Memory allocated:  1.052734375
Memory cached:  8.0
	 epoch  50 training error:  tensor(0.0621, device='cuda:0', grad_fn=<DivBackward0>)
Memory status after this epoch: 
Memory allocated:  1.052734375
Memory cached:  8.0
	 epoch  60 training error:  tensor(0.0584, device='cuda:0', grad_fn=<DivBackward0>)
Memory status after this epoch: 
Memory allocated:  1.052734375
Memory cached:  8.0
	 epoch  70 training error:  tensor(0.0502, device='cuda:0', grad_fn=<DivBackward0>)
Memory status after this epoch: 
Memory allocated:  1.052734375
Memory cached:  8.0
	 epoch  80 training error:  tensor(0.0436, device='cuda:0', grad_fn=<DivBackward0>)
Memory status after this epoch: 
Memory allocated:  1.052734375
Memory cached:  8.0
	 epoch  90 training error:  tensor(0.0419, device='cuda:0', grad_fn=<DivBackward0>)
Memory status after this epoch: 
Memory allocated:  1.052734375
Memory cached:  8.0
[I 2023-11-04 02:23:30,910] Trial 43 finished with value: 0.03756610304117203 and parameters: {'W_layers': 5, 'W_layer_units_exponent_0': 6, 'W_layer_units_exponent_1': 8, 'W_layer_units_exponent_2': 5, 'W_layer_units_exponent_3': 6, 'W_layer_units_exponent_4': 4, 'D_layers': 4, 'D_layer_units_exponent_0': 7, 'D_layer_units_exponent_1': 7, 'D_layer_units_exponent_2': 7, 'D_layer_units_exponent_3': 5, 'log_learning_rate': -3.033113850984796, 'log_learning_rate_D': -4.776628919176001, 'training_batch_size': 12, 'training_p': 5}. Best is trial 24 with value: 0.03180091083049774.
Time for this trial:  128.58511996269226
Memory status after this trial: 
Memory allocated:  46.40576171875
Memory cached:  48.0
--------------------  Trial  44   --------------------
Start timing: 
Parameters: 
{'W_layers': 3, 'W_layer_units_exponent_0': 4, 'W_layer_units_exponent_1': 8, 'W_layer_units_exponent_2': 4, 'D_layers': 3, 'D_layer_units_exponent_0': 6, 'D_layer_units_exponent_1': 8, 'D_layer_units_exponent_2': 10, 'log_learning_rate': -1.9997008321401655, 'log_learning_rate_D': -3.988398722971767, 'training_batch_size': 10, 'training_p': 3}
	 epoch  0 training error:  tensor(1.5210, device='cuda:0', grad_fn=<DivBackward0>)
Memory status after this epoch: 
Memory allocated:  4.462890625
Memory cached:  8.0
	 epoch  10 training error:  tensor(0.1277, device='cuda:0', grad_fn=<DivBackward0>)
Memory status after this epoch: 
Memory allocated:  4.462890625
Memory cached:  10.0
	 epoch  20 training error:  tensor(0.1100, device='cuda:0', grad_fn=<DivBackward0>)
Memory status after this epoch: 
Memory allocated:  4.462890625
Memory cached:  10.0
	 epoch  30 training error:  tensor(0.0492, device='cuda:0', grad_fn=<DivBackward0>)
Memory status after this epoch: 
Memory allocated:  4.462890625
Memory cached:  10.0
	 epoch  40 training error:  tensor(0.0603, device='cuda:0', grad_fn=<DivBackward0>)
Memory status after this epoch: 
Memory allocated:  4.462890625
Memory cached:  10.0
	 epoch  50 training error:  tensor(0.0477, device='cuda:0', grad_fn=<DivBackward0>)
Memory status after this epoch: 
Memory allocated:  4.462890625
Memory cached:  10.0
	 epoch  60 training error:  tensor(0.0488, device='cuda:0', grad_fn=<DivBackward0>)
Memory status after this epoch: 
Memory allocated:  4.462890625
Memory cached:  10.0
	 epoch  70 training error:  tensor(0.0464, device='cuda:0', grad_fn=<DivBackward0>)
Memory status after this epoch: 
Memory allocated:  4.462890625
Memory cached:  10.0
	 epoch  80 training error:  tensor(0.0460, device='cuda:0', grad_fn=<DivBackward0>)
Memory status after this epoch: 
Memory allocated:  4.462890625
Memory cached:  10.0
	 epoch  90 training error:  tensor(0.0453, device='cuda:0', grad_fn=<DivBackward0>)
Memory status after this epoch: 
Memory allocated:  4.462890625
Memory cached:  10.0
[I 2023-11-04 02:25:24,244] Trial 44 finished with value: 0.04433591291308403 and parameters: {'W_layers': 3, 'W_layer_units_exponent_0': 4, 'W_layer_units_exponent_1': 8, 'W_layer_units_exponent_2': 4, 'D_layers': 3, 'D_layer_units_exponent_0': 6, 'D_layer_units_exponent_1': 8, 'D_layer_units_exponent_2': 10, 'log_learning_rate': -1.9997008321401655, 'log_learning_rate_D': -3.988398722971767, 'training_batch_size': 10, 'training_p': 3}. Best is trial 24 with value: 0.03180091083049774.
Time for this trial:  113.12817287445068
Memory status after this trial: 
Memory allocated:  89.65625
Memory cached:  94.0
--------------------  Trial  45   --------------------
Start timing: 
Parameters: 
{'W_layers': 6, 'W_layer_units_exponent_0': 5, 'W_layer_units_exponent_1': 9, 'W_layer_units_exponent_2': 4, 'W_layer_units_exponent_3': 9, 'W_layer_units_exponent_4': 5, 'W_layer_units_exponent_5': 10, 'D_layers': 2, 'D_layer_units_exponent_0': 8, 'D_layer_units_exponent_1': 5, 'log_learning_rate': -2.320252492753123, 'log_learning_rate_D': -4.424518262958828, 'training_batch_size': 11, 'training_p': 4}
	 epoch  0 training error:  tensor(0.9993, device='cuda:0', grad_fn=<DivBackward0>)
Memory status after this epoch: 
Memory allocated:  1.482421875
Memory cached:  12.0
	 epoch  10 training error:  tensor(0.7601, device='cuda:0', grad_fn=<DivBackward0>)
Memory status after this epoch: 
Memory allocated:  1.482421875
Memory cached:  16.0
	 epoch  20 training error:  tensor(0.4483, device='cuda:0', grad_fn=<DivBackward0>)
Memory status after this epoch: 
Memory allocated:  1.482421875
Memory cached:  16.0
	 epoch  30 training error:  tensor(0.5586, device='cuda:0', grad_fn=<DivBackward0>)
Memory status after this epoch: 
Memory allocated:  1.482421875
Memory cached:  16.0
	 epoch  40 training error:  tensor(0.2250, device='cuda:0', grad_fn=<DivBackward0>)
Memory status after this epoch: 
Memory allocated:  1.482421875
Memory cached:  16.0
	 epoch  50 training error:  tensor(0.1872, device='cuda:0', grad_fn=<DivBackward0>)
Memory status after this epoch: 
Memory allocated:  1.482421875
Memory cached:  18.0
	 epoch  60 training error:  tensor(0.2027, device='cuda:0', grad_fn=<DivBackward0>)
Memory status after this epoch: 
Memory allocated:  1.482421875
Memory cached:  16.0
	 epoch  70 training error:  tensor(0.1108, device='cuda:0', grad_fn=<DivBackward0>)
Memory status after this epoch: 
Memory allocated:  1.482421875
Memory cached:  16.0
	 epoch  80 training error:  tensor(0.1063, device='cuda:0', grad_fn=<DivBackward0>)
Memory status after this epoch: 
Memory allocated:  1.482421875
Memory cached:  16.0
	 epoch  90 training error:  tensor(0.1169, device='cuda:0', grad_fn=<DivBackward0>)
Memory status after this epoch: 
Memory allocated:  1.482421875
Memory cached:  16.0
[I 2023-11-04 02:27:38,071] Trial 45 finished with value: 0.06930070370435715 and parameters: {'W_layers': 6, 'W_layer_units_exponent_0': 5, 'W_layer_units_exponent_1': 9, 'W_layer_units_exponent_2': 4, 'W_layer_units_exponent_3': 9, 'W_layer_units_exponent_4': 5, 'W_layer_units_exponent_5': 10, 'D_layers': 2, 'D_layer_units_exponent_0': 8, 'D_layer_units_exponent_1': 5, 'log_learning_rate': -2.320252492753123, 'log_learning_rate_D': -4.424518262958828, 'training_batch_size': 11, 'training_p': 4}. Best is trial 24 with value: 0.03180091083049774.
Time for this trial:  133.56542706489563
Memory status after this trial: 
Memory allocated:  130.42919921875
Memory cached:  132.0
--------------------  Trial  46   --------------------
Start timing: 
Parameters: 
{'W_layers': 2, 'W_layer_units_exponent_0': 4, 'W_layer_units_exponent_1': 7, 'D_layers': 3, 'D_layer_units_exponent_0': 9, 'D_layer_units_exponent_1': 6, 'D_layer_units_exponent_2': 8, 'log_learning_rate': -3.407843058018398, 'log_learning_rate_D': -3.581322747696746, 'training_batch_size': 10, 'training_p': 4}
	 epoch  0 training error:  tensor(1.0050, device='cuda:0', grad_fn=<DivBackward0>)
Memory status after this epoch: 
Memory allocated:  0.859375
Memory cached:  6.0
	 epoch  10 training error:  tensor(0.2566, device='cuda:0', grad_fn=<DivBackward0>)
Memory status after this epoch: 
Memory allocated:  0.859375
Memory cached:  6.0
	 epoch  20 training error:  tensor(0.2146, device='cuda:0', grad_fn=<DivBackward0>)
Memory status after this epoch: 
Memory allocated:  0.859375
Memory cached:  6.0
	 epoch  30 training error:  tensor(0.1247, device='cuda:0', grad_fn=<DivBackward0>)
Memory status after this epoch: 
Memory allocated:  0.859375
Memory cached:  6.0
	 epoch  40 training error:  tensor(0.0674, device='cuda:0', grad_fn=<DivBackward0>)
Memory status after this epoch: 
Memory allocated:  0.859375
Memory cached:  6.0
	 epoch  50 training error:  tensor(0.0571, device='cuda:0', grad_fn=<DivBackward0>)
Memory status after this epoch: 
Memory allocated:  0.859375
Memory cached:  6.0
	 epoch  60 training error:  tensor(0.0511, device='cuda:0', grad_fn=<DivBackward0>)
Memory status after this epoch: 
Memory allocated:  0.859375
Memory cached:  6.0
	 epoch  70 training error:  tensor(0.0481, device='cuda:0', grad_fn=<DivBackward0>)
Memory status after this epoch: 
Memory allocated:  0.859375
Memory cached:  6.0
	 epoch  80 training error:  tensor(0.0457, device='cuda:0', grad_fn=<DivBackward0>)
Memory status after this epoch: 
Memory allocated:  0.859375
Memory cached:  6.0
	 epoch  90 training error:  tensor(0.0453, device='cuda:0', grad_fn=<DivBackward0>)
Memory status after this epoch: 
Memory allocated:  0.859375
Memory cached:  6.0
[I 2023-11-04 02:29:19,011] Trial 46 finished with value: 0.042627330869436264 and parameters: {'W_layers': 2, 'W_layer_units_exponent_0': 4, 'W_layer_units_exponent_1': 7, 'D_layers': 3, 'D_layer_units_exponent_0': 9, 'D_layer_units_exponent_1': 6, 'D_layer_units_exponent_2': 8, 'log_learning_rate': -3.407843058018398, 'log_learning_rate_D': -3.581322747696746, 'training_batch_size': 10, 'training_p': 4}. Best is trial 24 with value: 0.03180091083049774.
Time for this trial:  100.70310306549072
Memory status after this trial: 
Memory allocated:  52.9228515625
Memory cached:  54.0
--------------------  Trial  47   --------------------
Start timing: 
Parameters: 
{'W_layers': 5, 'W_layer_units_exponent_0': 6, 'W_layer_units_exponent_1': 9, 'W_layer_units_exponent_2': 5, 'W_layer_units_exponent_3': 7, 'W_layer_units_exponent_4': 4, 'D_layers': 5, 'D_layer_units_exponent_0': 8, 'D_layer_units_exponent_1': 8, 'D_layer_units_exponent_2': 9, 'D_layer_units_exponent_3': 8, 'D_layer_units_exponent_4': 8, 'log_learning_rate': -2.8232435460223524, 'log_learning_rate_D': -4.615329746049366, 'training_batch_size': 11, 'training_p': 2}
	 epoch  0 training error:  tensor(0.8230, device='cuda:0', grad_fn=<DivBackward0>)
Memory status after this epoch: 
Memory allocated:  6.9375
Memory cached:  14.0
	 epoch  10 training error:  tensor(0.0858, device='cuda:0', grad_fn=<DivBackward0>)
Memory status after this epoch: 
Memory allocated:  6.9375
Memory cached:  16.0
	 epoch  20 training error:  tensor(0.0689, device='cuda:0', grad_fn=<DivBackward0>)
Memory status after this epoch: 
Memory allocated:  6.9375
Memory cached:  18.0
	 epoch  30 training error:  tensor(0.0565, device='cuda:0', grad_fn=<DivBackward0>)
Memory status after this epoch: 
Memory allocated:  6.9375
Memory cached:  16.0
	 epoch  40 training error:  tensor(0.0450, device='cuda:0', grad_fn=<DivBackward0>)
Memory status after this epoch: 
Memory allocated:  6.9375
Memory cached:  18.0
	 epoch  50 training error:  tensor(0.0365, device='cuda:0', grad_fn=<DivBackward0>)
Memory status after this epoch: 
Memory allocated:  6.9375
Memory cached:  16.0
	 epoch  60 training error:  tensor(0.0338, device='cuda:0', grad_fn=<DivBackward0>)
Memory status after this epoch: 
Memory allocated:  6.9375
Memory cached:  18.0
	 epoch  70 training error:  tensor(0.0376, device='cuda:0', grad_fn=<DivBackward0>)
Memory status after this epoch: 
Memory allocated:  6.9375
Memory cached:  16.0
	 epoch  80 training error:  tensor(0.0359, device='cuda:0', grad_fn=<DivBackward0>)
Memory status after this epoch: 
Memory allocated:  6.9375
Memory cached:  18.0
	 epoch  90 training error:  tensor(0.0336, device='cuda:0', grad_fn=<DivBackward0>)
Memory status after this epoch: 
Memory allocated:  6.9375
Memory cached:  16.0
[I 2023-11-04 02:31:46,515] Trial 47 finished with value: 0.04086823761463165 and parameters: {'W_layers': 5, 'W_layer_units_exponent_0': 6, 'W_layer_units_exponent_1': 9, 'W_layer_units_exponent_2': 5, 'W_layer_units_exponent_3': 7, 'W_layer_units_exponent_4': 4, 'D_layers': 5, 'D_layer_units_exponent_0': 8, 'D_layer_units_exponent_1': 8, 'D_layer_units_exponent_2': 9, 'D_layer_units_exponent_3': 8, 'D_layer_units_exponent_4': 8, 'log_learning_rate': -2.8232435460223524, 'log_learning_rate_D': -4.615329746049366, 'training_batch_size': 11, 'training_p': 2}. Best is trial 24 with value: 0.03180091083049774.
Time for this trial:  147.24741911888123
Memory status after this trial: 
Memory allocated:  125.654296875
Memory cached:  130.0
--------------------  Trial  48   --------------------
Start timing: 
Parameters: 
{'W_layers': 3, 'W_layer_units_exponent_0': 5, 'W_layer_units_exponent_1': 8, 'W_layer_units_exponent_2': 6, 'D_layers': 4, 'D_layer_units_exponent_0': 6, 'D_layer_units_exponent_1': 4, 'D_layer_units_exponent_2': 8, 'D_layer_units_exponent_3': 10, 'log_learning_rate': -2.9957847316102697, 'log_learning_rate_D': -4.27647420609638, 'training_batch_size': 12, 'training_p': 3}
	 epoch  0 training error:  tensor(0.5541, device='cuda:0', grad_fn=<DivBackward0>)
Memory status after this epoch: 
Memory allocated:  4.54296875
Memory cached:  10.0
	 epoch  10 training error:  tensor(0.0672, device='cuda:0', grad_fn=<DivBackward0>)
Memory status after this epoch: 
Memory allocated:  4.54296875
Memory cached:  12.0
	 epoch  20 training error:  tensor(0.0763, device='cuda:0', grad_fn=<DivBackward0>)
Memory status after this epoch: 
Memory allocated:  4.54296875
Memory cached:  12.0
	 epoch  30 training error:  tensor(0.0566, device='cuda:0', grad_fn=<DivBackward0>)
Memory status after this epoch: 
Memory allocated:  4.54296875
Memory cached:  12.0
	 epoch  40 training error:  tensor(0.0569, device='cuda:0', grad_fn=<DivBackward0>)
Memory status after this epoch: 
Memory allocated:  4.54296875
Memory cached:  12.0
	 epoch  50 training error:  tensor(0.0544, device='cuda:0', grad_fn=<DivBackward0>)
Memory status after this epoch: 
Memory allocated:  4.54296875
Memory cached:  12.0
	 epoch  60 training error:  tensor(0.0421, device='cuda:0', grad_fn=<DivBackward0>)
Memory status after this epoch: 
Memory allocated:  4.54296875
Memory cached:  12.0
	 epoch  70 training error:  tensor(0.0405, device='cuda:0', grad_fn=<DivBackward0>)
Memory status after this epoch: 
Memory allocated:  4.54296875
Memory cached:  12.0
	 epoch  80 training error:  tensor(0.0386, device='cuda:0', grad_fn=<DivBackward0>)
Memory status after this epoch: 
Memory allocated:  4.54296875
Memory cached:  12.0
	 epoch  90 training error:  tensor(0.0371, device='cuda:0', grad_fn=<DivBackward0>)
Memory status after this epoch: 
Memory allocated:  4.54296875
Memory cached:  12.0
