/home/shengduo/anaconda3/lib/python3.9/site-packages/scipy/__init__.py:146: UserWarning: A NumPy version >=1.16.5 and <1.23.0 is required for this version of SciPy (detected version 1.24.1
  warnings.warn(f"A NumPy version >={np_minversion} and <{np_maxversion}"
[I 2023-11-03 21:55:19,643] A new study created in memory with name: no-name-c3052cbc-1f16-4b95-a536-08008aeb68a9
Cuda is available:  True
Device is:  cuda:0
Memory allocated:  0.0
Memory cached:  0.0
Vs.shape:  torch.Size([100, 100])
thetas.shape:  torch.Size([100, 100])
fs.shape:  torch.Size([100, 100])
ts.shape:  torch.Size([100, 100])
Xs.shape:  torch.Size([100, 100])
--------------------  Trial  0   --------------------
Start timing: 
Parameters: 
{'W_layers': 3, 'W_layer_units_exponent_0': 8, 'W_layer_units_exponent_1': 8, 'W_layer_units_exponent_2': 7, 'D_layers': 4, 'D_layer_units_exponent_0': 4, 'D_layer_units_exponent_1': 8, 'D_layer_units_exponent_2': 6, 'D_layer_units_exponent_3': 8, 'log_learning_rate': -2.602758599374746, 'log_learning_rate_D': -2.2586165970865193, 'training_batch_size': 6, 'training_p': 7}
/home/shengduo/anaconda3/lib/python3.9/site-packages/torch/nn/init.py:405: UserWarning: Initializing zero-element tensors is a no-op
  warnings.warn("Initializing zero-element tensors is a no-op")
	 epoch  0 training error:  tensor(1.0824, device='cuda:0', grad_fn=<DivBackward0>)
Memory status after this epoch: 
Memory allocated:  1.73095703125
Memory cached:  2.0
	 epoch  10 training error:  tensor(0.8957, device='cuda:0', grad_fn=<DivBackward0>)
Memory status after this epoch: 
Memory allocated:  1.73095703125
Memory cached:  2.0
	 epoch  20 training error:  tensor(0.2556, device='cuda:0', grad_fn=<DivBackward0>)
Memory status after this epoch: 
Memory allocated:  1.73095703125
Memory cached:  2.0
	 epoch  30 training error:  tensor(0.1469, device='cuda:0', grad_fn=<DivBackward0>)
Memory status after this epoch: 
Memory allocated:  1.73095703125
Memory cached:  2.0
	 epoch  40 training error:  tensor(0.1406, device='cuda:0', grad_fn=<DivBackward0>)
Memory status after this epoch: 
Memory allocated:  1.73095703125
Memory cached:  2.0
	 epoch  50 training error:  tensor(0.0497, device='cuda:0', grad_fn=<DivBackward0>)
Memory status after this epoch: 
Memory allocated:  1.73095703125
Memory cached:  2.0
	 epoch  60 training error:  tensor(0.1269, device='cuda:0', grad_fn=<DivBackward0>)
Memory status after this epoch: 
Memory allocated:  1.73095703125
Memory cached:  2.0
	 epoch  70 training error:  tensor(0.1266, device='cuda:0', grad_fn=<DivBackward0>)
Memory status after this epoch: 
Memory allocated:  1.73095703125
Memory cached:  2.0
	 epoch  80 training error:  tensor(0.1397, device='cuda:0', grad_fn=<DivBackward0>)
Memory status after this epoch: 
Memory allocated:  1.73095703125
Memory cached:  2.0
	 epoch  90 training error:  tensor(0.1723, device='cuda:0', grad_fn=<DivBackward0>)
Memory status after this epoch: 
Memory allocated:  1.73095703125
Memory cached:  2.0
[I 2023-11-03 21:55:39,328] Trial 0 finished with value: 0.08878528326749802 and parameters: {'W_layers': 3, 'W_layer_units_exponent_0': 8, 'W_layer_units_exponent_1': 8, 'W_layer_units_exponent_2': 7, 'D_layers': 4, 'D_layer_units_exponent_0': 4, 'D_layer_units_exponent_1': 8, 'D_layer_units_exponent_2': 6, 'D_layer_units_exponent_3': 8, 'log_learning_rate': -2.602758599374746, 'log_learning_rate_D': -2.2586165970865193, 'training_batch_size': 6, 'training_p': 7}. Best is trial 0 with value: 0.08878528326749802.
Time for this trial:  19.564164638519287
Memory status after this trial: 
Memory allocated:  35.53369140625
Memory cached:  50.0
--------------------  Trial  1   --------------------
Start timing: 
Parameters: 
{'W_layers': 8, 'W_layer_units_exponent_0': 10, 'W_layer_units_exponent_1': 9, 'W_layer_units_exponent_2': 8, 'W_layer_units_exponent_3': 5, 'W_layer_units_exponent_4': 4, 'W_layer_units_exponent_5': 9, 'W_layer_units_exponent_6': 8, 'W_layer_units_exponent_7': 5, 'D_layers': 6, 'D_layer_units_exponent_0': 6, 'D_layer_units_exponent_1': 5, 'D_layer_units_exponent_2': 5, 'D_layer_units_exponent_3': 10, 'D_layer_units_exponent_4': 4, 'D_layer_units_exponent_5': 9, 'log_learning_rate': -4.461297747725036, 'log_learning_rate_D': -3.355563459825692, 'training_batch_size': 7, 'training_p': 3}
	 epoch  0 training error:  tensor(0.9941, device='cuda:0', grad_fn=<DivBackward0>)
Memory status after this epoch: 
Memory allocated:  12.78076171875
Memory cached:  46.0
	 epoch  10 training error:  tensor(0.7233, device='cuda:0', grad_fn=<DivBackward0>)
Memory status after this epoch: 
Memory allocated:  12.78076171875
Memory cached:  48.0
	 epoch  20 training error:  tensor(0.3030, device='cuda:0', grad_fn=<DivBackward0>)
Memory status after this epoch: 
Memory allocated:  12.78076171875
Memory cached:  48.0
	 epoch  30 training error:  tensor(0.1511, device='cuda:0', grad_fn=<DivBackward0>)
Memory status after this epoch: 
Memory allocated:  12.78076171875
Memory cached:  48.0
	 epoch  40 training error:  tensor(0.0924, device='cuda:0', grad_fn=<DivBackward0>)
Memory status after this epoch: 
Memory allocated:  12.78076171875
Memory cached:  48.0
	 epoch  50 training error:  tensor(0.0635, device='cuda:0', grad_fn=<DivBackward0>)
Memory status after this epoch: 
Memory allocated:  12.78076171875
Memory cached:  48.0
	 epoch  60 training error:  tensor(0.0519, device='cuda:0', grad_fn=<DivBackward0>)
Memory status after this epoch: 
Memory allocated:  12.78076171875
Memory cached:  48.0
	 epoch  70 training error:  tensor(0.0433, device='cuda:0', grad_fn=<DivBackward0>)
Memory status after this epoch: 
Memory allocated:  12.78076171875
Memory cached:  48.0
	 epoch  80 training error:  tensor(0.0385, device='cuda:0', grad_fn=<DivBackward0>)
Memory status after this epoch: 
Memory allocated:  12.78076171875
Memory cached:  48.0
	 epoch  90 training error:  tensor(0.0336, device='cuda:0', grad_fn=<DivBackward0>)
Memory status after this epoch: 
Memory allocated:  12.78076171875
Memory cached:  48.0
[I 2023-11-03 21:55:58,667] Trial 1 finished with value: 0.031066138297319412 and parameters: {'W_layers': 8, 'W_layer_units_exponent_0': 10, 'W_layer_units_exponent_1': 9, 'W_layer_units_exponent_2': 8, 'W_layer_units_exponent_3': 5, 'W_layer_units_exponent_4': 4, 'W_layer_units_exponent_5': 9, 'W_layer_units_exponent_6': 8, 'W_layer_units_exponent_7': 5, 'D_layers': 6, 'D_layer_units_exponent_0': 6, 'D_layer_units_exponent_1': 5, 'D_layer_units_exponent_2': 5, 'D_layer_units_exponent_3': 10, 'D_layer_units_exponent_4': 4, 'D_layer_units_exponent_5': 9, 'log_learning_rate': -4.461297747725036, 'log_learning_rate_D': -3.355563459825692, 'training_batch_size': 7, 'training_p': 3}. Best is trial 1 with value: 0.031066138297319412.
Time for this trial:  19.234654426574707
Memory status after this trial: 
Memory allocated:  149.87255859375
Memory cached:  168.0
--------------------  Trial  2   --------------------
Start timing: 
Parameters: 
{'W_layers': 4, 'W_layer_units_exponent_0': 6, 'W_layer_units_exponent_1': 4, 'W_layer_units_exponent_2': 7, 'W_layer_units_exponent_3': 9, 'D_layers': 7, 'D_layer_units_exponent_0': 7, 'D_layer_units_exponent_1': 9, 'D_layer_units_exponent_2': 7, 'D_layer_units_exponent_3': 9, 'D_layer_units_exponent_4': 6, 'D_layer_units_exponent_5': 5, 'D_layer_units_exponent_6': 6, 'log_learning_rate': -4.460067459923868, 'log_learning_rate_D': -4.138804231797724, 'training_batch_size': 10, 'training_p': 3}
	 epoch  0 training error:  tensor(1.0271, device='cuda:0', grad_fn=<DivBackward0>)
Memory status after this epoch: 
Memory allocated:  2.06298828125
Memory cached:  4.0
	 epoch  10 training error:  tensor(0.8984, device='cuda:0', grad_fn=<DivBackward0>)
Memory status after this epoch: 
Memory allocated:  2.06298828125
Memory cached:  6.0
	 epoch  20 training error:  tensor(0.7681, device='cuda:0', grad_fn=<DivBackward0>)
Memory status after this epoch: 
Memory allocated:  2.06298828125
Memory cached:  6.0
	 epoch  30 training error:  tensor(0.6306, device='cuda:0', grad_fn=<DivBackward0>)
Memory status after this epoch: 
Memory allocated:  2.06298828125
Memory cached:  6.0
	 epoch  40 training error:  tensor(0.4818, device='cuda:0', grad_fn=<DivBackward0>)
Memory status after this epoch: 
Memory allocated:  2.06298828125
Memory cached:  6.0
	 epoch  50 training error:  tensor(0.3183, device='cuda:0', grad_fn=<DivBackward0>)
Memory status after this epoch: 
Memory allocated:  2.06298828125
Memory cached:  6.0
	 epoch  60 training error:  tensor(0.1422, device='cuda:0', grad_fn=<DivBackward0>)
Memory status after this epoch: 
Memory allocated:  2.06298828125
Memory cached:  6.0
	 epoch  70 training error:  tensor(0.0555, device='cuda:0', grad_fn=<DivBackward0>)
Memory status after this epoch: 
Memory allocated:  2.06298828125
Memory cached:  6.0
	 epoch  80 training error:  tensor(0.0249, device='cuda:0', grad_fn=<DivBackward0>)
Memory status after this epoch: 
Memory allocated:  2.06298828125
Memory cached:  6.0
	 epoch  90 training error:  tensor(0.0245, device='cuda:0', grad_fn=<DivBackward0>)
Memory status after this epoch: 
Memory allocated:  2.06298828125
Memory cached:  6.0
[I 2023-11-03 21:56:15,251] Trial 2 finished with value: 0.025889886543154716 and parameters: {'W_layers': 4, 'W_layer_units_exponent_0': 6, 'W_layer_units_exponent_1': 4, 'W_layer_units_exponent_2': 7, 'W_layer_units_exponent_3': 9, 'D_layers': 7, 'D_layer_units_exponent_0': 7, 'D_layer_units_exponent_1': 9, 'D_layer_units_exponent_2': 7, 'D_layer_units_exponent_3': 9, 'D_layer_units_exponent_4': 6, 'D_layer_units_exponent_5': 5, 'D_layer_units_exponent_6': 6, 'log_learning_rate': -4.460067459923868, 'log_learning_rate_D': -4.138804231797724, 'training_batch_size': 10, 'training_p': 3}. Best is trial 2 with value: 0.025889886543154716.
Time for this trial:  16.48262858390808
Memory status after this trial: 
Memory allocated:  39.58349609375
Memory cached:  54.0
--------------------  Trial  3   --------------------
Start timing: 
Parameters: 
{'W_layers': 4, 'W_layer_units_exponent_0': 9, 'W_layer_units_exponent_1': 4, 'W_layer_units_exponent_2': 4, 'W_layer_units_exponent_3': 4, 'D_layers': 3, 'D_layer_units_exponent_0': 6, 'D_layer_units_exponent_1': 10, 'D_layer_units_exponent_2': 9, 'log_learning_rate': -4.214197743685158, 'log_learning_rate_D': -4.575900277100249, 'training_batch_size': 11, 'training_p': 6}
	 epoch  0 training error:  tensor(1.0098, device='cuda:0', grad_fn=<DivBackward0>)
Memory status after this epoch: 
Memory allocated:  2.509765625
Memory cached:  26.0
	 epoch  10 training error:  tensor(0.8257, device='cuda:0', grad_fn=<DivBackward0>)
Memory status after this epoch: 
Memory allocated:  2.509765625
Memory cached:  26.0
	 epoch  20 training error:  tensor(0.6414, device='cuda:0', grad_fn=<DivBackward0>)
Memory status after this epoch: 
Memory allocated:  2.509765625
Memory cached:  26.0
	 epoch  30 training error:  tensor(0.4662, device='cuda:0', grad_fn=<DivBackward0>)
Memory status after this epoch: 
Memory allocated:  2.509765625
Memory cached:  26.0
	 epoch  40 training error:  tensor(0.3152, device='cuda:0', grad_fn=<DivBackward0>)
Memory status after this epoch: 
Memory allocated:  2.509765625
Memory cached:  26.0
	 epoch  50 training error:  tensor(0.1943, device='cuda:0', grad_fn=<DivBackward0>)
Memory status after this epoch: 
Memory allocated:  2.509765625
Memory cached:  26.0
	 epoch  60 training error:  tensor(0.1057, device='cuda:0', grad_fn=<DivBackward0>)
Memory status after this epoch: 
Memory allocated:  2.509765625
Memory cached:  26.0
	 epoch  70 training error:  tensor(0.0564, device='cuda:0', grad_fn=<DivBackward0>)
Memory status after this epoch: 
Memory allocated:  2.509765625
Memory cached:  26.0
	 epoch  80 training error:  tensor(0.0493, device='cuda:0', grad_fn=<DivBackward0>)
Memory status after this epoch: 
Memory allocated:  2.509765625
Memory cached:  26.0
	 epoch  90 training error:  tensor(0.0402, device='cuda:0', grad_fn=<DivBackward0>)
Memory status after this epoch: 
Memory allocated:  2.509765625
Memory cached:  26.0
[I 2023-11-03 21:56:31,491] Trial 3 finished with value: 0.035370808094739914 and parameters: {'W_layers': 4, 'W_layer_units_exponent_0': 9, 'W_layer_units_exponent_1': 4, 'W_layer_units_exponent_2': 4, 'W_layer_units_exponent_3': 4, 'D_layers': 3, 'D_layer_units_exponent_0': 6, 'D_layer_units_exponent_1': 10, 'D_layer_units_exponent_2': 9, 'log_learning_rate': -4.214197743685158, 'log_learning_rate_D': -4.575900277100249, 'training_batch_size': 11, 'training_p': 6}. Best is trial 2 with value: 0.025889886543154716.
Time for this trial:  16.133728504180908
Memory status after this trial: 
Memory allocated:  30.11279296875
Memory cached:  46.0
--------------------  Trial  4   --------------------
Start timing: 
Parameters: 
{'W_layers': 5, 'W_layer_units_exponent_0': 10, 'W_layer_units_exponent_1': 7, 'W_layer_units_exponent_2': 4, 'W_layer_units_exponent_3': 5, 'W_layer_units_exponent_4': 10, 'D_layers': 4, 'D_layer_units_exponent_0': 6, 'D_layer_units_exponent_1': 5, 'D_layer_units_exponent_2': 7, 'D_layer_units_exponent_3': 6, 'log_learning_rate': -2.4581485973640196, 'log_learning_rate_D': -3.5952797034664914, 'training_batch_size': 10, 'training_p': 7}
	 epoch  0 training error:  tensor(1.1095, device='cuda:0', grad_fn=<DivBackward0>)
Memory status after this epoch: 
Memory allocated:  2.759765625
Memory cached:  6.0
	 epoch  10 training error:  tensor(0.7508, device='cuda:0', grad_fn=<DivBackward0>)
Memory status after this epoch: 
Memory allocated:  2.759765625
Memory cached:  8.0
	 epoch  20 training error:  tensor(0.6937, device='cuda:0', grad_fn=<DivBackward0>)
Memory status after this epoch: 
Memory allocated:  2.759765625
Memory cached:  8.0
	 epoch  30 training error:  tensor(0.6682, device='cuda:0', grad_fn=<DivBackward0>)
Memory status after this epoch: 
Memory allocated:  2.759765625
Memory cached:  8.0
	 epoch  40 training error:  tensor(0.2523, device='cuda:0', grad_fn=<DivBackward0>)
Memory status after this epoch: 
Memory allocated:  2.759765625
Memory cached:  8.0
	 epoch  50 training error:  tensor(0.4665, device='cuda:0', grad_fn=<DivBackward0>)
Memory status after this epoch: 
Memory allocated:  2.759765625
Memory cached:  8.0
	 epoch  60 training error:  tensor(0.1089, device='cuda:0', grad_fn=<DivBackward0>)
Memory status after this epoch: 
Memory allocated:  2.759765625
Memory cached:  8.0
	 epoch  70 training error:  tensor(0.1996, device='cuda:0', grad_fn=<DivBackward0>)
Memory status after this epoch: 
Memory allocated:  2.759765625
Memory cached:  8.0
	 epoch  80 training error:  tensor(0.3346, device='cuda:0', grad_fn=<DivBackward0>)
Memory status after this epoch: 
Memory allocated:  2.759765625
Memory cached:  8.0
	 epoch  90 training error:  tensor(0.0508, device='cuda:0', grad_fn=<DivBackward0>)
Memory status after this epoch: 
Memory allocated:  2.759765625
Memory cached:  8.0
[I 2023-11-03 21:56:49,484] Trial 4 finished with value: 0.11306082457304001 and parameters: {'W_layers': 5, 'W_layer_units_exponent_0': 10, 'W_layer_units_exponent_1': 7, 'W_layer_units_exponent_2': 4, 'W_layer_units_exponent_3': 5, 'W_layer_units_exponent_4': 10, 'D_layers': 4, 'D_layer_units_exponent_0': 6, 'D_layer_units_exponent_1': 5, 'D_layer_units_exponent_2': 7, 'D_layer_units_exponent_3': 6, 'log_learning_rate': -2.4581485973640196, 'log_learning_rate_D': -3.5952797034664914, 'training_batch_size': 10, 'training_p': 7}. Best is trial 2 with value: 0.025889886543154716.
Time for this trial:  17.884363412857056
Memory status after this trial: 
Memory allocated:  120.58056640625
Memory cached:  150.0
--------------------  Trial  5   --------------------
Start timing: 
Parameters: 
{'W_layers': 5, 'W_layer_units_exponent_0': 4, 'W_layer_units_exponent_1': 4, 'W_layer_units_exponent_2': 10, 'W_layer_units_exponent_3': 10, 'W_layer_units_exponent_4': 6, 'D_layers': 5, 'D_layer_units_exponent_0': 9, 'D_layer_units_exponent_1': 8, 'D_layer_units_exponent_2': 4, 'D_layer_units_exponent_3': 8, 'D_layer_units_exponent_4': 10, 'log_learning_rate': -2.9176079535938566, 'log_learning_rate_D': -1.9726738390147753, 'training_batch_size': 8, 'training_p': 6}
	 epoch  0 training error:  tensor(1.0413, device='cuda:0', grad_fn=<DivBackward0>)
Memory status after this epoch: 
Memory allocated:  18.93359375
Memory cached:  22.0
	 epoch  10 training error:  tensor(0.1970, device='cuda:0', grad_fn=<DivBackward0>)
Memory status after this epoch: 
Memory allocated:  18.93359375
Memory cached:  24.0
	 epoch  20 training error:  tensor(0.0347, device='cuda:0', grad_fn=<DivBackward0>)
Memory status after this epoch: 
Memory allocated:  18.93359375
Memory cached:  24.0
	 epoch  30 training error:  tensor(0.0929, device='cuda:0', grad_fn=<DivBackward0>)
Memory status after this epoch: 
Memory allocated:  18.93359375
Memory cached:  24.0
	 epoch  40 training error:  tensor(0.0815, device='cuda:0', grad_fn=<DivBackward0>)
Memory status after this epoch: 
Memory allocated:  18.93359375
Memory cached:  24.0
	 epoch  50 training error:  tensor(0.0255, device='cuda:0', grad_fn=<DivBackward0>)
Memory status after this epoch: 
Memory allocated:  18.93359375
Memory cached:  24.0
	 epoch  60 training error:  tensor(0.0537, device='cuda:0', grad_fn=<DivBackward0>)
Memory status after this epoch: 
Memory allocated:  18.93359375
Memory cached:  24.0
	 epoch  70 training error:  tensor(0.0373, device='cuda:0', grad_fn=<DivBackward0>)
Memory status after this epoch: 
Memory allocated:  18.93359375
Memory cached:  24.0
	 epoch  80 training error:  tensor(0.0421, device='cuda:0', grad_fn=<DivBackward0>)
Memory status after this epoch: 
Memory allocated:  18.93359375
Memory cached:  24.0
	 epoch  90 training error:  tensor(0.0380, device='cuda:0', grad_fn=<DivBackward0>)
Memory status after this epoch: 
Memory allocated:  18.93359375
Memory cached:  24.0
[I 2023-11-03 21:57:07,181] Trial 5 finished with value: 0.03448861837387085 and parameters: {'W_layers': 5, 'W_layer_units_exponent_0': 4, 'W_layer_units_exponent_1': 4, 'W_layer_units_exponent_2': 10, 'W_layer_units_exponent_3': 10, 'W_layer_units_exponent_4': 6, 'D_layers': 5, 'D_layer_units_exponent_0': 9, 'D_layer_units_exponent_1': 8, 'D_layer_units_exponent_2': 4, 'D_layer_units_exponent_3': 8, 'D_layer_units_exponent_4': 10, 'log_learning_rate': -2.9176079535938566, 'log_learning_rate_D': -1.9726738390147753, 'training_batch_size': 8, 'training_p': 6}. Best is trial 2 with value: 0.025889886543154716.
Time for this trial:  17.58568549156189
Memory status after this trial: 
Memory allocated:  123.65185546875
Memory cached:  162.0
--------------------  Trial  6   --------------------
Start timing: 
Parameters: 
{'W_layers': 4, 'W_layer_units_exponent_0': 7, 'W_layer_units_exponent_1': 6, 'W_layer_units_exponent_2': 9, 'W_layer_units_exponent_3': 7, 'D_layers': 6, 'D_layer_units_exponent_0': 5, 'D_layer_units_exponent_1': 4, 'D_layer_units_exponent_2': 4, 'D_layer_units_exponent_3': 8, 'D_layer_units_exponent_4': 10, 'D_layer_units_exponent_5': 7, 'log_learning_rate': -1.194082272716996, 'log_learning_rate_D': -4.112024832933255, 'training_batch_size': 11, 'training_p': 6}
	 epoch  0 training error:  tensor(0.9818, device='cuda:0', grad_fn=<DivBackward0>)
Memory status after this epoch: 
Memory allocated:  3.263671875
Memory cached:  4.0
	 epoch  10 training error:  tensor(1., device='cuda:0', grad_fn=<DivBackward0>)
Memory status after this epoch: 
Memory allocated:  3.263671875
Memory cached:  4.0
	 epoch  20 training error:  tensor(1., device='cuda:0', grad_fn=<DivBackward0>)
Memory status after this epoch: 
Memory allocated:  3.263671875
Memory cached:  4.0
	 epoch  30 training error:  tensor(1., device='cuda:0', grad_fn=<DivBackward0>)
Memory status after this epoch: 
Memory allocated:  3.263671875
Memory cached:  4.0
	 epoch  40 training error:  tensor(1., device='cuda:0', grad_fn=<DivBackward0>)
Memory status after this epoch: 
Memory allocated:  3.263671875
Memory cached:  4.0
	 epoch  50 training error:  tensor(1., device='cuda:0', grad_fn=<DivBackward0>)
Memory status after this epoch: 
Memory allocated:  3.263671875
Memory cached:  4.0
	 epoch  60 training error:  tensor(1., device='cuda:0', grad_fn=<DivBackward0>)
Memory status after this epoch: 
Memory allocated:  3.263671875
Memory cached:  4.0
	 epoch  70 training error:  tensor(1., device='cuda:0', grad_fn=<DivBackward0>)
Memory status after this epoch: 
Memory allocated:  3.263671875
Memory cached:  4.0
	 epoch  80 training error:  tensor(1., device='cuda:0', grad_fn=<DivBackward0>)
Memory status after this epoch: 
Memory allocated:  3.263671875
Memory cached:  4.0
	 epoch  90 training error:  tensor(1., device='cuda:0', grad_fn=<DivBackward0>)
Memory status after this epoch: 
Memory allocated:  3.263671875
Memory cached:  4.0
