[I 2023-11-04 00:55:44,038] Trial 6 finished with value: 1.0 and parameters: {'W_layers': 7, 'W_layer_units_exponent_0': 8, 'W_layer_units_exponent_1': 8, 'W_layer_units_exponent_2': 8, 'W_layer_units_exponent_3': 10, 'W_layer_units_exponent_4': 4, 'W_layer_units_exponent_5': 6, 'W_layer_units_exponent_6': 9, 'D_layers': 5, 'D_layer_units_exponent_0': 9, 'D_layer_units_exponent_1': 10, 'D_layer_units_exponent_2': 8, 'D_layer_units_exponent_3': 4, 'D_layer_units_exponent_4': 4, 'log_learning_rate': -1.3523315523171986, 'log_learning_rate_D': -3.4877473048815655, 'training_batch_size': 12, 'training_p': 5}. Best is trial 1 with value: 0.03905489668250084.
Time for this trial:  171.1391785144806
Memory status after this trial: 
Memory allocated:  234.3974609375
Memory cached:  258.0
--------------------  Trial  7   --------------------
Start timing: 
Parameters: 
{'W_layers': 3, 'W_layer_units_exponent_0': 10, 'W_layer_units_exponent_1': 8, 'W_layer_units_exponent_2': 8, 'D_layers': 2, 'D_layer_units_exponent_0': 4, 'D_layer_units_exponent_1': 4, 'log_learning_rate': -2.3617993105194794, 'log_learning_rate_D': -2.598470914135056, 'training_batch_size': 7, 'training_p': 2}
	 epoch  0 training error:  tensor(1.0174, device='cuda:0', grad_fn=<DivBackward0>)
Memory status after this epoch: 
Memory allocated:  5.123046875
Memory cached:  10.0
	 epoch  10 training error:  tensor(1.6362, device='cuda:0', grad_fn=<DivBackward0>)
Memory status after this epoch: 
Memory allocated:  5.123046875
Memory cached:  18.0
	 epoch  20 training error:  tensor(0.9526, device='cuda:0', grad_fn=<DivBackward0>)
Memory status after this epoch: 
Memory allocated:  5.123046875
Memory cached:  18.0
	 epoch  30 training error:  tensor(0.9945, device='cuda:0', grad_fn=<DivBackward0>)
Memory status after this epoch: 
Memory allocated:  5.123046875
Memory cached:  18.0
	 epoch  40 training error:  tensor(0.9960, device='cuda:0', grad_fn=<DivBackward0>)
Memory status after this epoch: 
Memory allocated:  5.123046875
Memory cached:  18.0
	 epoch  50 training error:  tensor(0.9955, device='cuda:0', grad_fn=<DivBackward0>)
Memory status after this epoch: 
Memory allocated:  5.123046875
Memory cached:  18.0
	 epoch  60 training error:  tensor(0.9938, device='cuda:0', grad_fn=<DivBackward0>)
Memory status after this epoch: 
Memory allocated:  5.123046875
Memory cached:  18.0
	 epoch  70 training error:  tensor(0.9898, device='cuda:0', grad_fn=<DivBackward0>)
Memory status after this epoch: 
Memory allocated:  5.123046875
Memory cached:  18.0
	 epoch  80 training error:  tensor(0.9779, device='cuda:0', grad_fn=<DivBackward0>)
Memory status after this epoch: 
Memory allocated:  5.123046875
Memory cached:  18.0
	 epoch  90 training error:  tensor(0.8971, device='cuda:0', grad_fn=<DivBackward0>)
Memory status after this epoch: 
Memory allocated:  5.123046875
Memory cached:  18.0
[I 2023-11-04 00:57:24,822] Trial 7 finished with value: 0.2709251344203949 and parameters: {'W_layers': 3, 'W_layer_units_exponent_0': 10, 'W_layer_units_exponent_1': 8, 'W_layer_units_exponent_2': 8, 'D_layers': 2, 'D_layer_units_exponent_0': 4, 'D_layer_units_exponent_1': 4, 'log_learning_rate': -2.3617993105194794, 'log_learning_rate_D': -2.598470914135056, 'training_batch_size': 7, 'training_p': 2}. Best is trial 1 with value: 0.03905489668250084.
Time for this trial:  100.63764357566833
Memory status after this trial: 
Memory allocated:  87.265625
Memory cached:  90.0
--------------------  Trial  8   --------------------
Start timing: 
Parameters: 
{'W_layers': 4, 'W_layer_units_exponent_0': 5, 'W_layer_units_exponent_1': 8, 'W_layer_units_exponent_2': 5, 'W_layer_units_exponent_3': 8, 'D_layers': 7, 'D_layer_units_exponent_0': 6, 'D_layer_units_exponent_1': 6, 'D_layer_units_exponent_2': 6, 'D_layer_units_exponent_3': 8, 'D_layer_units_exponent_4': 5, 'D_layer_units_exponent_5': 7, 'D_layer_units_exponent_6': 9, 'log_learning_rate': -2.9317400302273002, 'log_learning_rate_D': -4.128896766706889, 'training_batch_size': 11, 'training_p': 4}
	 epoch  0 training error:  tensor(1.0460, device='cuda:0', grad_fn=<DivBackward0>)
Memory status after this epoch: 
Memory allocated:  2.0234375
Memory cached:  10.0
	 epoch  10 training error:  tensor(0.1757, device='cuda:0', grad_fn=<DivBackward0>)
Memory status after this epoch: 
Memory allocated:  2.0234375
Memory cached:  12.0
	 epoch  20 training error:  tensor(0.1109, device='cuda:0', grad_fn=<DivBackward0>)
Memory status after this epoch: 
Memory allocated:  2.0234375
Memory cached:  12.0
	 epoch  30 training error:  tensor(0.0868, device='cuda:0', grad_fn=<DivBackward0>)
Memory status after this epoch: 
Memory allocated:  2.0234375
Memory cached:  12.0
	 epoch  40 training error:  tensor(0.0604, device='cuda:0', grad_fn=<DivBackward0>)
Memory status after this epoch: 
Memory allocated:  2.0234375
Memory cached:  12.0
	 epoch  50 training error:  tensor(0.0559, device='cuda:0', grad_fn=<DivBackward0>)
Memory status after this epoch: 
Memory allocated:  2.0234375
Memory cached:  12.0
	 epoch  60 training error:  tensor(0.0497, device='cuda:0', grad_fn=<DivBackward0>)
Memory status after this epoch: 
Memory allocated:  2.0234375
Memory cached:  12.0
	 epoch  70 training error:  tensor(0.0464, device='cuda:0', grad_fn=<DivBackward0>)
Memory status after this epoch: 
Memory allocated:  2.0234375
Memory cached:  12.0
	 epoch  80 training error:  tensor(0.0424, device='cuda:0', grad_fn=<DivBackward0>)
Memory status after this epoch: 
Memory allocated:  2.0234375
Memory cached:  12.0
	 epoch  90 training error:  tensor(0.0386, device='cuda:0', grad_fn=<DivBackward0>)
Memory status after this epoch: 
Memory allocated:  2.0234375
Memory cached:  12.0
[I 2023-11-04 00:59:51,121] Trial 8 finished with value: 0.038074325770139694 and parameters: {'W_layers': 4, 'W_layer_units_exponent_0': 5, 'W_layer_units_exponent_1': 8, 'W_layer_units_exponent_2': 5, 'W_layer_units_exponent_3': 8, 'D_layers': 7, 'D_layer_units_exponent_0': 6, 'D_layer_units_exponent_1': 6, 'D_layer_units_exponent_2': 6, 'D_layer_units_exponent_3': 8, 'D_layer_units_exponent_4': 5, 'D_layer_units_exponent_5': 7, 'D_layer_units_exponent_6': 9, 'log_learning_rate': -2.9317400302273002, 'log_learning_rate_D': -4.128896766706889, 'training_batch_size': 11, 'training_p': 4}. Best is trial 8 with value: 0.038074325770139694.
Time for this trial:  146.17382717132568
Memory status after this trial: 
Memory allocated:  91.63232421875
Memory cached:  94.0
--------------------  Trial  9   --------------------
Start timing: 
Parameters: 
{'W_layers': 5, 'W_layer_units_exponent_0': 10, 'W_layer_units_exponent_1': 8, 'W_layer_units_exponent_2': 10, 'W_layer_units_exponent_3': 8, 'W_layer_units_exponent_4': 5, 'D_layers': 6, 'D_layer_units_exponent_0': 6, 'D_layer_units_exponent_1': 6, 'D_layer_units_exponent_2': 4, 'D_layer_units_exponent_3': 7, 'D_layer_units_exponent_4': 6, 'D_layer_units_exponent_5': 9, 'log_learning_rate': -1.9972952731025018, 'log_learning_rate_D': -3.7571559779123684, 'training_batch_size': 9, 'training_p': 2}
	 epoch  0 training error:  tensor(1.0520, device='cuda:0', grad_fn=<DivBackward0>)
Memory status after this epoch: 
Memory allocated:  13.013671875
Memory cached:  22.0
	 epoch  10 training error:  tensor(1., device='cuda:0', grad_fn=<DivBackward0>)
Memory status after this epoch: 
Memory allocated:  13.013671875
Memory cached:  28.0
	 epoch  20 training error:  tensor(1., device='cuda:0', grad_fn=<DivBackward0>)
Memory status after this epoch: 
Memory allocated:  13.013671875
Memory cached:  26.0
	 epoch  30 training error:  tensor(1., device='cuda:0', grad_fn=<DivBackward0>)
Memory status after this epoch: 
Memory allocated:  13.013671875
Memory cached:  26.0
	 epoch  40 training error:  tensor(1., device='cuda:0', grad_fn=<DivBackward0>)
Memory status after this epoch: 
Memory allocated:  13.013671875
Memory cached:  26.0
	 epoch  50 training error:  tensor(1., device='cuda:0', grad_fn=<DivBackward0>)
Memory status after this epoch: 
Memory allocated:  13.013671875
Memory cached:  26.0
	 epoch  60 training error:  tensor(1., device='cuda:0', grad_fn=<DivBackward0>)
Memory status after this epoch: 
Memory allocated:  13.013671875
Memory cached:  26.0
	 epoch  70 training error:  tensor(1., device='cuda:0', grad_fn=<DivBackward0>)
Memory status after this epoch: 
Memory allocated:  13.013671875
Memory cached:  26.0
	 epoch  80 training error:  tensor(1., device='cuda:0', grad_fn=<DivBackward0>)
Memory status after this epoch: 
Memory allocated:  13.013671875
Memory cached:  26.0
	 epoch  90 training error:  tensor(1., device='cuda:0', grad_fn=<DivBackward0>)
Memory status after this epoch: 
Memory allocated:  13.013671875
Memory cached:  26.0
[I 2023-11-04 01:02:27,081] Trial 9 finished with value: 1.0 and parameters: {'W_layers': 5, 'W_layer_units_exponent_0': 10, 'W_layer_units_exponent_1': 8, 'W_layer_units_exponent_2': 10, 'W_layer_units_exponent_3': 8, 'W_layer_units_exponent_4': 5, 'D_layers': 6, 'D_layer_units_exponent_0': 6, 'D_layer_units_exponent_1': 6, 'D_layer_units_exponent_2': 4, 'D_layer_units_exponent_3': 7, 'D_layer_units_exponent_4': 6, 'D_layer_units_exponent_5': 9, 'log_learning_rate': -1.9972952731025018, 'log_learning_rate_D': -3.7571559779123684, 'training_batch_size': 9, 'training_p': 2}. Best is trial 8 with value: 0.038074325770139694.
Time for this trial:  155.79802441596985
Memory status after this trial: 
Memory allocated:  190.58154296875
Memory cached:  198.0
--------------------  Trial  10   --------------------
Start timing: 
Parameters: 
{'W_layers': 5, 'W_layer_units_exponent_0': 5, 'W_layer_units_exponent_1': 4, 'W_layer_units_exponent_2': 6, 'W_layer_units_exponent_3': 4, 'W_layer_units_exponent_4': 10, 'D_layers': 8, 'D_layer_units_exponent_0': 10, 'D_layer_units_exponent_1': 8, 'D_layer_units_exponent_2': 7, 'D_layer_units_exponent_3': 10, 'D_layer_units_exponent_4': 6, 'D_layer_units_exponent_5': 4, 'D_layer_units_exponent_6': 10, 'D_layer_units_exponent_7': 10, 'log_learning_rate': -1.0964326481119104, 'log_learning_rate_D': -4.642913891071147, 'training_batch_size': 12, 'training_p': 8}
	 epoch  0 training error:  tensor(0.9773, device='cuda:0', grad_fn=<DivBackward0>)
Memory status after this epoch: 
Memory allocated:  24.251953125
Memory cached:  40.0
	 epoch  10 training error:  tensor(1., device='cuda:0', grad_fn=<DivBackward0>)
Memory status after this epoch: 
Memory allocated:  24.251953125
Memory cached:  44.0
	 epoch  20 training error:  tensor(1., device='cuda:0', grad_fn=<DivBackward0>)
Memory status after this epoch: 
Memory allocated:  24.251953125
Memory cached:  44.0
	 epoch  30 training error:  tensor(1., device='cuda:0', grad_fn=<DivBackward0>)
Memory status after this epoch: 
Memory allocated:  24.251953125
Memory cached:  44.0
	 epoch  40 training error:  tensor(1., device='cuda:0', grad_fn=<DivBackward0>)
Memory status after this epoch: 
Memory allocated:  24.251953125
Memory cached:  44.0
	 epoch  50 training error:  tensor(1., device='cuda:0', grad_fn=<DivBackward0>)
Memory status after this epoch: 
Memory allocated:  24.251953125
Memory cached:  44.0
	 epoch  60 training error:  tensor(1., device='cuda:0', grad_fn=<DivBackward0>)
Memory status after this epoch: 
Memory allocated:  24.251953125
Memory cached:  44.0
	 epoch  70 training error:  tensor(1., device='cuda:0', grad_fn=<DivBackward0>)
Memory status after this epoch: 
Memory allocated:  24.251953125
Memory cached:  44.0
	 epoch  80 training error:  tensor(1., device='cuda:0', grad_fn=<DivBackward0>)
Memory status after this epoch: 
Memory allocated:  24.251953125
Memory cached:  44.0
	 epoch  90 training error:  tensor(1., device='cuda:0', grad_fn=<DivBackward0>)
Memory status after this epoch: 
Memory allocated:  24.251953125
Memory cached:  44.0
[I 2023-11-04 01:05:35,160] Trial 10 finished with value: 1.0 and parameters: {'W_layers': 5, 'W_layer_units_exponent_0': 5, 'W_layer_units_exponent_1': 4, 'W_layer_units_exponent_2': 6, 'W_layer_units_exponent_3': 4, 'W_layer_units_exponent_4': 10, 'D_layers': 8, 'D_layer_units_exponent_0': 10, 'D_layer_units_exponent_1': 8, 'D_layer_units_exponent_2': 7, 'D_layer_units_exponent_3': 10, 'D_layer_units_exponent_4': 6, 'D_layer_units_exponent_5': 4, 'D_layer_units_exponent_6': 10, 'D_layer_units_exponent_7': 10, 'log_learning_rate': -1.0964326481119104, 'log_learning_rate_D': -4.642913891071147, 'training_batch_size': 12, 'training_p': 8}. Best is trial 8 with value: 0.038074325770139694.
Time for this trial:  187.8317894935608
Memory status after this trial: 
Memory allocated:  315.89794921875
Memory cached:  334.0
--------------------  Trial  11   --------------------
Start timing: 
Parameters: 
{'W_layers': 2, 'W_layer_units_exponent_0': 4, 'W_layer_units_exponent_1': 10, 'D_layers': 8, 'D_layer_units_exponent_0': 6, 'D_layer_units_exponent_1': 10, 'D_layer_units_exponent_2': 6, 'D_layer_units_exponent_3': 6, 'D_layer_units_exponent_4': 4, 'D_layer_units_exponent_5': 6, 'D_layer_units_exponent_6': 9, 'D_layer_units_exponent_7': 4, 'log_learning_rate': -3.5919705156455537, 'log_learning_rate_D': -4.490913626347899, 'training_batch_size': 10, 'training_p': 4}
	 epoch  0 training error:  tensor(0.8936, device='cuda:0', grad_fn=<DivBackward0>)
Memory status after this epoch: 
Memory allocated:  3.080078125
Memory cached:  10.0
	 epoch  10 training error:  tensor(0.0706, device='cuda:0', grad_fn=<DivBackward0>)
Memory status after this epoch: 
Memory allocated:  3.080078125
Memory cached:  14.0
	 epoch  20 training error:  tensor(0.1431, device='cuda:0', grad_fn=<DivBackward0>)
Memory status after this epoch: 
Memory allocated:  3.080078125
Memory cached:  14.0
	 epoch  30 training error:  tensor(0.0884, device='cuda:0', grad_fn=<DivBackward0>)
Memory status after this epoch: 
Memory allocated:  3.080078125
Memory cached:  14.0
	 epoch  40 training error:  tensor(0.0735, device='cuda:0', grad_fn=<DivBackward0>)
Memory status after this epoch: 
Memory allocated:  3.080078125
Memory cached:  14.0
	 epoch  50 training error:  tensor(0.0660, device='cuda:0', grad_fn=<DivBackward0>)
Memory status after this epoch: 
Memory allocated:  3.080078125
Memory cached:  14.0
	 epoch  60 training error:  tensor(0.0579, device='cuda:0', grad_fn=<DivBackward0>)
Memory status after this epoch: 
Memory allocated:  3.080078125
Memory cached:  14.0
	 epoch  70 training error:  tensor(0.0519, device='cuda:0', grad_fn=<DivBackward0>)
Memory status after this epoch: 
Memory allocated:  3.080078125
Memory cached:  14.0
	 epoch  80 training error:  tensor(0.0491, device='cuda:0', grad_fn=<DivBackward0>)
Memory status after this epoch: 
Memory allocated:  3.080078125
Memory cached:  14.0
	 epoch  90 training error:  tensor(0.0484, device='cuda:0', grad_fn=<DivBackward0>)
Memory status after this epoch: 
Memory allocated:  3.080078125
Memory cached:  14.0
[I 2023-11-04 01:08:01,364] Trial 11 finished with value: 0.04536014422774315 and parameters: {'W_layers': 2, 'W_layer_units_exponent_0': 4, 'W_layer_units_exponent_1': 10, 'D_layers': 8, 'D_layer_units_exponent_0': 6, 'D_layer_units_exponent_1': 10, 'D_layer_units_exponent_2': 6, 'D_layer_units_exponent_3': 6, 'D_layer_units_exponent_4': 4, 'D_layer_units_exponent_5': 6, 'D_layer_units_exponent_6': 9, 'D_layer_units_exponent_7': 4, 'log_learning_rate': -3.5919705156455537, 'log_learning_rate_D': -4.490913626347899, 'training_batch_size': 10, 'training_p': 4}. Best is trial 8 with value: 0.038074325770139694.
Time for this trial:  145.98437595367432
Memory status after this trial: 
Memory allocated:  154.671875
Memory cached:  158.0
--------------------  Trial  12   --------------------
Start timing: 
Parameters: 
{'W_layers': 4, 'W_layer_units_exponent_0': 4, 'W_layer_units_exponent_1': 9, 'W_layer_units_exponent_2': 4, 'W_layer_units_exponent_3': 8, 'D_layers': 7, 'D_layer_units_exponent_0': 5, 'D_layer_units_exponent_1': 8, 'D_layer_units_exponent_2': 6, 'D_layer_units_exponent_3': 8, 'D_layer_units_exponent_4': 5, 'D_layer_units_exponent_5': 10, 'D_layer_units_exponent_6': 4, 'log_learning_rate': -3.637404530064744, 'log_learning_rate_D': -3.083210165099825, 'training_batch_size': 10, 'training_p': 4}
	 epoch  0 training error:  tensor(0.8687, device='cuda:0', grad_fn=<DivBackward0>)
Memory status after this epoch: 
Memory allocated:  1.90625
Memory cached:  14.0
	 epoch  10 training error:  tensor(0.2502, device='cuda:0', grad_fn=<DivBackward0>)
Memory status after this epoch: 
Memory allocated:  1.90625
Memory cached:  20.0
	 epoch  20 training error:  tensor(0.0857, device='cuda:0', grad_fn=<DivBackward0>)
Memory status after this epoch: 
Memory allocated:  1.90625
Memory cached:  16.0
	 epoch  30 training error:  tensor(0.0835, device='cuda:0', grad_fn=<DivBackward0>)
Memory status after this epoch: 
Memory allocated:  1.90625
Memory cached:  16.0
	 epoch  40 training error:  tensor(0.0660, device='cuda:0', grad_fn=<DivBackward0>)
Memory status after this epoch: 
Memory allocated:  1.90625
Memory cached:  16.0
	 epoch  50 training error:  tensor(0.0649, device='cuda:0', grad_fn=<DivBackward0>)
Memory status after this epoch: 
Memory allocated:  1.90625
Memory cached:  16.0
	 epoch  60 training error:  tensor(0.0620, device='cuda:0', grad_fn=<DivBackward0>)
Memory status after this epoch: 
Memory allocated:  1.90625
Memory cached:  16.0
	 epoch  70 training error:  tensor(0.0492, device='cuda:0', grad_fn=<DivBackward0>)
Memory status after this epoch: 
Memory allocated:  1.90625
Memory cached:  16.0
	 epoch  80 training error:  tensor(0.0460, device='cuda:0', grad_fn=<DivBackward0>)
Memory status after this epoch: 
Memory allocated:  1.90625
Memory cached:  16.0
	 epoch  90 training error:  tensor(0.0420, device='cuda:0', grad_fn=<DivBackward0>)
Memory status after this epoch: 
Memory allocated:  1.90625
Memory cached:  16.0
[I 2023-11-04 01:10:32,973] Trial 12 finished with value: 0.0384892113506794 and parameters: {'W_layers': 4, 'W_layer_units_exponent_0': 4, 'W_layer_units_exponent_1': 9, 'W_layer_units_exponent_2': 4, 'W_layer_units_exponent_3': 8, 'D_layers': 7, 'D_layer_units_exponent_0': 5, 'D_layer_units_exponent_1': 8, 'D_layer_units_exponent_2': 6, 'D_layer_units_exponent_3': 8, 'D_layer_units_exponent_4': 5, 'D_layer_units_exponent_5': 10, 'D_layer_units_exponent_6': 4, 'log_learning_rate': -3.637404530064744, 'log_learning_rate_D': -3.083210165099825, 'training_batch_size': 10, 'training_p': 4}. Best is trial 8 with value: 0.038074325770139694.
Time for this trial:  151.40209031105042
Memory status after this trial: 
Memory allocated:  133.65576171875
Memory cached:  136.0
--------------------  Trial  13   --------------------
Start timing: 
Parameters: 
{'W_layers': 4, 'W_layer_units_exponent_0': 6, 'W_layer_units_exponent_1': 9, 'W_layer_units_exponent_2': 4, 'W_layer_units_exponent_3': 8, 'D_layers': 6, 'D_layer_units_exponent_0': 6, 'D_layer_units_exponent_1': 8, 'D_layer_units_exponent_2': 7, 'D_layer_units_exponent_3': 9, 'D_layer_units_exponent_4': 6, 'D_layer_units_exponent_5': 10, 'log_learning_rate': -4.966747504735354, 'log_learning_rate_D': -2.855783033654443, 'training_batch_size': 11, 'training_p': 4}
	 epoch  0 training error:  tensor(1.0282, device='cuda:0', grad_fn=<DivBackward0>)
Memory status after this epoch: 
Memory allocated:  4.048828125
Memory cached:  14.0
	 epoch  10 training error:  tensor(0.9033, device='cuda:0', grad_fn=<DivBackward0>)
Memory status after this epoch: 
Memory allocated:  4.048828125
Memory cached:  18.0
	 epoch  20 training error:  tensor(0.8377, device='cuda:0', grad_fn=<DivBackward0>)
Memory status after this epoch: 
Memory allocated:  4.048828125
Memory cached:  18.0
	 epoch  30 training error:  tensor(0.7611, device='cuda:0', grad_fn=<DivBackward0>)
Memory status after this epoch: 
Memory allocated:  4.048828125
Memory cached:  18.0
	 epoch  40 training error:  tensor(0.6767, device='cuda:0', grad_fn=<DivBackward0>)
Memory status after this epoch: 
Memory allocated:  4.048828125
Memory cached:  18.0
	 epoch  50 training error:  tensor(0.5898, device='cuda:0', grad_fn=<DivBackward0>)
Memory status after this epoch: 
Memory allocated:  4.048828125
Memory cached:  18.0
	 epoch  60 training error:  tensor(0.5004, device='cuda:0', grad_fn=<DivBackward0>)
Memory status after this epoch: 
Memory allocated:  4.048828125
Memory cached:  18.0
	 epoch  70 training error:  tensor(0.4106, device='cuda:0', grad_fn=<DivBackward0>)
Memory status after this epoch: 
Memory allocated:  4.048828125
Memory cached:  18.0
	 epoch  80 training error:  tensor(0.3235, device='cuda:0', grad_fn=<DivBackward0>)
Memory status after this epoch: 
Memory allocated:  4.048828125
Memory cached:  18.0
	 epoch  90 training error:  tensor(0.2426, device='cuda:0', grad_fn=<DivBackward0>)
Memory status after this epoch: 
Memory allocated:  4.048828125
Memory cached:  18.0
