[I 2023-11-07 17:02:58,242] Trial 27 finished with value: 0.01483157742768526 and parameters: {'W_layers': 3, 'W_layer_units_exponent_0': 7, 'W_layer_units_exponent_1': 5, 'W_layer_units_exponent_2': 8, 'D_layers': 5, 'D_layer_units_exponent_0': 5, 'D_layer_units_exponent_1': 9, 'D_layer_units_exponent_2': 9, 'D_layer_units_exponent_3': 5, 'D_layer_units_exponent_4': 8, 'D_dagger_layers': 4, 'D_dagger_layer_units_exponent_0': 8, 'D_dagger_layer_units_exponent_1': 7, 'D_dagger_layer_units_exponent_2': 8, 'D_dagger_layer_units_exponent_3': 5, 'log_learning_rate': -3.959730905029638, 'log_learning_rate_D': -2.809365962070585, 'log_learning_rate_D_dagger': -4.6923075155597935, 'training_batch_size': 6, 'training_p': 4}. Best is trial 24 with value: 0.013668633066117764.
Time for this trial:  325.140989780426
Memory status after this trial: 
Memory allocated:  133.20751953125
Memory cached:  138.0
--------------------  Trial  28   --------------------
Start timing: 
Parameters: 
{'W_layers': 3, 'W_layer_units_exponent_0': 9, 'W_layer_units_exponent_1': 6, 'W_layer_units_exponent_2': 4, 'D_layers': 7, 'D_layer_units_exponent_0': 5, 'D_layer_units_exponent_1': 9, 'D_layer_units_exponent_2': 8, 'D_layer_units_exponent_3': 6, 'D_layer_units_exponent_4': 6, 'D_layer_units_exponent_5': 6, 'D_layer_units_exponent_6': 4, 'D_dagger_layers': 7, 'D_dagger_layer_units_exponent_0': 9, 'D_dagger_layer_units_exponent_1': 8, 'D_dagger_layer_units_exponent_2': 9, 'D_dagger_layer_units_exponent_3': 5, 'D_dagger_layer_units_exponent_4': 5, 'D_dagger_layer_units_exponent_5': 5, 'D_dagger_layer_units_exponent_6': 10, 'log_learning_rate': -4.457930964559169, 'log_learning_rate_D': -3.1433372746139576, 'log_learning_rate_D_dagger': -4.646191371799212, 'training_batch_size': 8, 'training_p': 3}
	 epoch  0 training error:  tensor(1.0234, device='cuda:0', grad_fn=<DivBackward0>)
Memory status after this epoch: 
Memory allocated:  8.17431640625
Memory cached:  152.0
	 epoch  10 training error:  tensor(0.7593, device='cuda:0', grad_fn=<DivBackward0>)
Memory status after this epoch: 
Memory allocated:  8.17431640625
Memory cached:  248.0
	 epoch  20 training error:  tensor(0.5016, device='cuda:0', grad_fn=<DivBackward0>)
Memory status after this epoch: 
Memory allocated:  8.17431640625
Memory cached:  250.0
	 epoch  30 training error:  tensor(0.1807, device='cuda:0', grad_fn=<DivBackward0>)
Memory status after this epoch: 
Memory allocated:  8.17431640625
Memory cached:  248.0
	 epoch  40 training error:  tensor(0.1135, device='cuda:0', grad_fn=<DivBackward0>)
Memory status after this epoch: 
Memory allocated:  8.17431640625
Memory cached:  252.0
	 epoch  50 training error:  tensor(0.0514, device='cuda:0', grad_fn=<DivBackward0>)
Memory status after this epoch: 
Memory allocated:  8.17431640625
Memory cached:  248.0
	 epoch  60 training error:  tensor(0.0261, device='cuda:0', grad_fn=<DivBackward0>)
Memory status after this epoch: 
Memory allocated:  8.17431640625
Memory cached:  244.0
	 epoch  70 training error:  tensor(0.0222, device='cuda:0', grad_fn=<DivBackward0>)
Memory status after this epoch: 
Memory allocated:  8.17431640625
Memory cached:  248.0
	 epoch  80 training error:  tensor(0.0195, device='cuda:0', grad_fn=<DivBackward0>)
Memory status after this epoch: 
Memory allocated:  8.17431640625
Memory cached:  242.0
	 epoch  90 training error:  tensor(0.0196, device='cuda:0', grad_fn=<DivBackward0>)
Memory status after this epoch: 
Memory allocated:  8.17431640625
Memory cached:  254.0
[I 2023-11-07 17:06:43,473] Trial 28 finished with value: 0.015620159916579723 and parameters: {'W_layers': 3, 'W_layer_units_exponent_0': 9, 'W_layer_units_exponent_1': 6, 'W_layer_units_exponent_2': 4, 'D_layers': 7, 'D_layer_units_exponent_0': 5, 'D_layer_units_exponent_1': 9, 'D_layer_units_exponent_2': 8, 'D_layer_units_exponent_3': 6, 'D_layer_units_exponent_4': 6, 'D_layer_units_exponent_5': 6, 'D_layer_units_exponent_6': 4, 'D_dagger_layers': 7, 'D_dagger_layer_units_exponent_0': 9, 'D_dagger_layer_units_exponent_1': 8, 'D_dagger_layer_units_exponent_2': 9, 'D_dagger_layer_units_exponent_3': 5, 'D_dagger_layer_units_exponent_4': 5, 'D_dagger_layer_units_exponent_5': 5, 'D_dagger_layer_units_exponent_6': 10, 'log_learning_rate': -4.457930964559169, 'log_learning_rate_D': -3.1433372746139576, 'log_learning_rate_D_dagger': -4.646191371799212, 'training_batch_size': 8, 'training_p': 3}. Best is trial 24 with value: 0.013668633066117764.
Time for this trial:  224.94840717315674
Memory status after this trial: 
Memory allocated:  218.44580078125
Memory cached:  224.0
--------------------  Trial  29   --------------------
Start timing: 
Parameters: 
{'W_layers': 6, 'W_layer_units_exponent_0': 8, 'W_layer_units_exponent_1': 4, 'W_layer_units_exponent_2': 5, 'W_layer_units_exponent_3': 6, 'W_layer_units_exponent_4': 4, 'W_layer_units_exponent_5': 10, 'D_layers': 5, 'D_layer_units_exponent_0': 4, 'D_layer_units_exponent_1': 10, 'D_layer_units_exponent_2': 10, 'D_layer_units_exponent_3': 4, 'D_layer_units_exponent_4': 4, 'D_dagger_layers': 6, 'D_dagger_layer_units_exponent_0': 7, 'D_dagger_layer_units_exponent_1': 6, 'D_dagger_layer_units_exponent_2': 8, 'D_dagger_layer_units_exponent_3': 6, 'D_dagger_layer_units_exponent_4': 7, 'D_dagger_layer_units_exponent_5': 9, 'log_learning_rate': -3.397221363503595, 'log_learning_rate_D': -3.7101213621819302, 'log_learning_rate_D_dagger': -4.102520270374214, 'training_batch_size': 7, 'training_p': 6}
	 epoch  0 training error:  tensor(0.9691, device='cuda:0', grad_fn=<DivBackward0>)
Memory status after this epoch: 
Memory allocated:  18.85986328125
Memory cached:  184.0
	 epoch  10 training error:  tensor(0.1933, device='cuda:0', grad_fn=<DivBackward0>)
Memory status after this epoch: 
Memory allocated:  18.85986328125
Memory cached:  286.0
	 epoch  20 training error:  tensor(0.0807, device='cuda:0', grad_fn=<DivBackward0>)
Memory status after this epoch: 
Memory allocated:  18.85986328125
Memory cached:  276.0
	 epoch  30 training error:  tensor(0.0350, device='cuda:0', grad_fn=<DivBackward0>)
Memory status after this epoch: 
Memory allocated:  18.85986328125
Memory cached:  288.0
	 epoch  40 training error:  tensor(0.0273, device='cuda:0', grad_fn=<DivBackward0>)
Memory status after this epoch: 
Memory allocated:  18.85986328125
Memory cached:  286.0
	 epoch  50 training error:  tensor(0.0282, device='cuda:0', grad_fn=<DivBackward0>)
Memory status after this epoch: 
Memory allocated:  18.85986328125
Memory cached:  276.0
	 epoch  60 training error:  tensor(0.0248, device='cuda:0', grad_fn=<DivBackward0>)
Memory status after this epoch: 
Memory allocated:  18.85986328125
Memory cached:  290.0
	 epoch  70 training error:  tensor(0.0248, device='cuda:0', grad_fn=<DivBackward0>)
Memory status after this epoch: 
Memory allocated:  18.85986328125
Memory cached:  288.0
	 epoch  80 training error:  tensor(0.0248, device='cuda:0', grad_fn=<DivBackward0>)
Memory status after this epoch: 
Memory allocated:  18.85986328125
Memory cached:  286.0
	 epoch  90 training error:  tensor(0.0248, device='cuda:0', grad_fn=<DivBackward0>)
Memory status after this epoch: 
Memory allocated:  18.85986328125
Memory cached:  282.0
[I 2023-11-07 17:10:32,451] Trial 29 finished with value: 0.016153981909155846 and parameters: {'W_layers': 6, 'W_layer_units_exponent_0': 8, 'W_layer_units_exponent_1': 4, 'W_layer_units_exponent_2': 5, 'W_layer_units_exponent_3': 6, 'W_layer_units_exponent_4': 4, 'W_layer_units_exponent_5': 10, 'D_layers': 5, 'D_layer_units_exponent_0': 4, 'D_layer_units_exponent_1': 10, 'D_layer_units_exponent_2': 10, 'D_layer_units_exponent_3': 4, 'D_layer_units_exponent_4': 4, 'D_dagger_layers': 6, 'D_dagger_layer_units_exponent_0': 7, 'D_dagger_layer_units_exponent_1': 6, 'D_dagger_layer_units_exponent_2': 8, 'D_dagger_layer_units_exponent_3': 6, 'D_dagger_layer_units_exponent_4': 7, 'D_dagger_layer_units_exponent_5': 9, 'log_learning_rate': -3.397221363503595, 'log_learning_rate_D': -3.7101213621819302, 'log_learning_rate_D_dagger': -4.102520270374214, 'training_batch_size': 7, 'training_p': 6}. Best is trial 24 with value: 0.013668633066117764.
Time for this trial:  228.6887993812561
Memory status after this trial: 
Memory allocated:  258.7509765625
Memory cached:  274.0
--------------------  Trial  30   --------------------
Start timing: 
Parameters: 
{'W_layers': 2, 'W_layer_units_exponent_0': 7, 'W_layer_units_exponent_1': 7, 'D_layers': 3, 'D_layer_units_exponent_0': 6, 'D_layer_units_exponent_1': 7, 'D_layer_units_exponent_2': 7, 'D_dagger_layers': 5, 'D_dagger_layer_units_exponent_0': 8, 'D_dagger_layer_units_exponent_1': 7, 'D_dagger_layer_units_exponent_2': 10, 'D_dagger_layer_units_exponent_3': 5, 'D_dagger_layer_units_exponent_4': 5, 'log_learning_rate': -3.0728580511550287, 'log_learning_rate_D': -2.908025651014774, 'log_learning_rate_D_dagger': -3.777451020685507, 'training_batch_size': 9, 'training_p': 4}
	 epoch  0 training error:  tensor(1.3214, device='cuda:0', grad_fn=<DivBackward0>)
Memory status after this epoch: 
Memory allocated:  3.80908203125
Memory cached:  84.0
	 epoch  10 training error:  tensor(0.2412, device='cuda:0', grad_fn=<DivBackward0>)
Memory status after this epoch: 
Memory allocated:  3.80908203125
Memory cached:  112.0
	 epoch  20 training error:  tensor(0.1766, device='cuda:0', grad_fn=<DivBackward0>)
Memory status after this epoch: 
Memory allocated:  3.80908203125
Memory cached:  110.0
	 epoch  30 training error:  tensor(0.1606, device='cuda:0', grad_fn=<DivBackward0>)
Memory status after this epoch: 
Memory allocated:  3.80908203125
Memory cached:  110.0
	 epoch  40 training error:  tensor(0.1205, device='cuda:0', grad_fn=<DivBackward0>)
Memory status after this epoch: 
Memory allocated:  3.80908203125
Memory cached:  108.0
	 epoch  50 training error:  tensor(0.0215, device='cuda:0', grad_fn=<DivBackward0>)
Memory status after this epoch: 
Memory allocated:  3.80908203125
Memory cached:  110.0
	 epoch  60 training error:  tensor(0.0361, device='cuda:0', grad_fn=<DivBackward0>)
Memory status after this epoch: 
Memory allocated:  3.80908203125
Memory cached:  110.0
	 epoch  70 training error:  tensor(0.0249, device='cuda:0', grad_fn=<DivBackward0>)
Memory status after this epoch: 
Memory allocated:  3.80908203125
Memory cached:  114.0
	 epoch  80 training error:  tensor(0.0251, device='cuda:0', grad_fn=<DivBackward0>)
Memory status after this epoch: 
Memory allocated:  3.80908203125
Memory cached:  110.0
	 epoch  90 training error:  tensor(0.0210, device='cuda:0', grad_fn=<DivBackward0>)
Memory status after this epoch: 
Memory allocated:  3.80908203125
Memory cached:  112.0
[I 2023-11-07 17:13:13,692] Trial 30 finished with value: 0.01647055335342884 and parameters: {'W_layers': 2, 'W_layer_units_exponent_0': 7, 'W_layer_units_exponent_1': 7, 'D_layers': 3, 'D_layer_units_exponent_0': 6, 'D_layer_units_exponent_1': 7, 'D_layer_units_exponent_2': 7, 'D_dagger_layers': 5, 'D_dagger_layer_units_exponent_0': 8, 'D_dagger_layer_units_exponent_1': 7, 'D_dagger_layer_units_exponent_2': 10, 'D_dagger_layer_units_exponent_3': 5, 'D_dagger_layer_units_exponent_4': 5, 'log_learning_rate': -3.0728580511550287, 'log_learning_rate_D': -2.908025651014774, 'log_learning_rate_D_dagger': -3.777451020685507, 'training_batch_size': 9, 'training_p': 4}. Best is trial 24 with value: 0.013668633066117764.
Time for this trial:  160.9965479373932
Memory status after this trial: 
Memory allocated:  112.04248046875
Memory cached:  116.0
--------------------  Trial  31   --------------------
Start timing: 
Parameters: 
{'W_layers': 4, 'W_layer_units_exponent_0': 7, 'W_layer_units_exponent_1': 5, 'W_layer_units_exponent_2': 5, 'W_layer_units_exponent_3': 8, 'D_layers': 4, 'D_layer_units_exponent_0': 6, 'D_layer_units_exponent_1': 8, 'D_layer_units_exponent_2': 8, 'D_layer_units_exponent_3': 7, 'D_dagger_layers': 5, 'D_dagger_layer_units_exponent_0': 6, 'D_dagger_layer_units_exponent_1': 6, 'D_dagger_layer_units_exponent_2': 7, 'D_dagger_layer_units_exponent_3': 4, 'D_dagger_layer_units_exponent_4': 6, 'log_learning_rate': -3.908883704156488, 'log_learning_rate_D': -2.648579025233191, 'log_learning_rate_D_dagger': -4.390010756231554, 'training_batch_size': 7, 'training_p': 3}
	 epoch  0 training error:  tensor(1.0512, device='cuda:0', grad_fn=<DivBackward0>)
Memory status after this epoch: 
Memory allocated:  2.35205078125
Memory cached:  94.0
	 epoch  10 training error:  tensor(0.9201, device='cuda:0', grad_fn=<DivBackward0>)
Memory status after this epoch: 
Memory allocated:  2.35205078125
Memory cached:  122.0
	 epoch  20 training error:  tensor(0.8322, device='cuda:0', grad_fn=<DivBackward0>)
Memory status after this epoch: 
Memory allocated:  2.35205078125
Memory cached:  124.0
	 epoch  30 training error:  tensor(0.6845, device='cuda:0', grad_fn=<DivBackward0>)
Memory status after this epoch: 
Memory allocated:  2.35205078125
Memory cached:  122.0
	 epoch  40 training error:  tensor(0.4523, device='cuda:0', grad_fn=<DivBackward0>)
Memory status after this epoch: 
Memory allocated:  2.35205078125
Memory cached:  122.0
	 epoch  50 training error:  tensor(0.1057, device='cuda:0', grad_fn=<DivBackward0>)
Memory status after this epoch: 
Memory allocated:  2.35205078125
Memory cached:  122.0
	 epoch  60 training error:  tensor(0.0334, device='cuda:0', grad_fn=<DivBackward0>)
Memory status after this epoch: 
Memory allocated:  2.35205078125
Memory cached:  122.0
	 epoch  70 training error:  tensor(0.0264, device='cuda:0', grad_fn=<DivBackward0>)
Memory status after this epoch: 
Memory allocated:  2.35205078125
Memory cached:  124.0
	 epoch  80 training error:  tensor(0.0175, device='cuda:0', grad_fn=<DivBackward0>)
Memory status after this epoch: 
Memory allocated:  2.35205078125
Memory cached:  120.0
	 epoch  90 training error:  tensor(0.0178, device='cuda:0', grad_fn=<DivBackward0>)
Memory status after this epoch: 
Memory allocated:  2.35205078125
Memory cached:  116.0
[I 2023-11-07 17:16:13,645] Trial 31 finished with value: 0.013952881097793579 and parameters: {'W_layers': 4, 'W_layer_units_exponent_0': 7, 'W_layer_units_exponent_1': 5, 'W_layer_units_exponent_2': 5, 'W_layer_units_exponent_3': 8, 'D_layers': 4, 'D_layer_units_exponent_0': 6, 'D_layer_units_exponent_1': 8, 'D_layer_units_exponent_2': 8, 'D_layer_units_exponent_3': 7, 'D_dagger_layers': 5, 'D_dagger_layer_units_exponent_0': 6, 'D_dagger_layer_units_exponent_1': 6, 'D_dagger_layer_units_exponent_2': 7, 'D_dagger_layer_units_exponent_3': 4, 'D_dagger_layer_units_exponent_4': 6, 'log_learning_rate': -3.908883704156488, 'log_learning_rate_D': -2.648579025233191, 'log_learning_rate_D_dagger': -4.390010756231554, 'training_batch_size': 7, 'training_p': 3}. Best is trial 24 with value: 0.013668633066117764.
Time for this trial:  179.68893885612488
Memory status after this trial: 
Memory allocated:  81.37255859375
Memory cached:  110.0
--------------------  Trial  32   --------------------
Start timing: 
Parameters: 
{'W_layers': 4, 'W_layer_units_exponent_0': 7, 'W_layer_units_exponent_1': 5, 'W_layer_units_exponent_2': 6, 'W_layer_units_exponent_3': 8, 'D_layers': 5, 'D_layer_units_exponent_0': 6, 'D_layer_units_exponent_1': 9, 'D_layer_units_exponent_2': 9, 'D_layer_units_exponent_3': 7, 'D_layer_units_exponent_4': 8, 'D_dagger_layers': 5, 'D_dagger_layer_units_exponent_0': 7, 'D_dagger_layer_units_exponent_1': 6, 'D_dagger_layer_units_exponent_2': 8, 'D_dagger_layer_units_exponent_3': 5, 'D_dagger_layer_units_exponent_4': 5, 'log_learning_rate': -3.85976112859108, 'log_learning_rate_D': -2.6479873246821564, 'log_learning_rate_D_dagger': -4.785640433236561, 'training_batch_size': 7, 'training_p': 3}
	 epoch  0 training error:  tensor(0.9834, device='cuda:0', grad_fn=<DivBackward0>)
Memory status after this epoch: 
Memory allocated:  7.03955078125
Memory cached:  88.0
	 epoch  10 training error:  tensor(0.7050, device='cuda:0', grad_fn=<DivBackward0>)
Memory status after this epoch: 
Memory allocated:  7.03955078125
Memory cached:  130.0
	 epoch  20 training error:  tensor(0.3553, device='cuda:0', grad_fn=<DivBackward0>)
Memory status after this epoch: 
Memory allocated:  7.03955078125
Memory cached:  126.0
	 epoch  30 training error:  tensor(0.1146, device='cuda:0', grad_fn=<DivBackward0>)
Memory status after this epoch: 
Memory allocated:  7.03955078125
Memory cached:  128.0
	 epoch  40 training error:  tensor(0.0459, device='cuda:0', grad_fn=<DivBackward0>)
Memory status after this epoch: 
Memory allocated:  7.03955078125
Memory cached:  128.0
	 epoch  50 training error:  tensor(0.0239, device='cuda:0', grad_fn=<DivBackward0>)
Memory status after this epoch: 
Memory allocated:  7.03955078125
Memory cached:  128.0
	 epoch  60 training error:  tensor(0.0214, device='cuda:0', grad_fn=<DivBackward0>)
Memory status after this epoch: 
Memory allocated:  7.03955078125
Memory cached:  128.0
	 epoch  70 training error:  tensor(0.0190, device='cuda:0', grad_fn=<DivBackward0>)
Memory status after this epoch: 
Memory allocated:  7.03955078125
Memory cached:  124.0
	 epoch  80 training error:  tensor(0.0180, device='cuda:0', grad_fn=<DivBackward0>)
Memory status after this epoch: 
Memory allocated:  7.03955078125
Memory cached:  130.0
	 epoch  90 training error:  tensor(0.0178, device='cuda:0', grad_fn=<DivBackward0>)
Memory status after this epoch: 
Memory allocated:  7.03955078125
Memory cached:  126.0
[I 2023-11-07 17:19:27,951] Trial 32 finished with value: 0.014033034443855286 and parameters: {'W_layers': 4, 'W_layer_units_exponent_0': 7, 'W_layer_units_exponent_1': 5, 'W_layer_units_exponent_2': 6, 'W_layer_units_exponent_3': 8, 'D_layers': 5, 'D_layer_units_exponent_0': 6, 'D_layer_units_exponent_1': 9, 'D_layer_units_exponent_2': 9, 'D_layer_units_exponent_3': 7, 'D_layer_units_exponent_4': 8, 'D_dagger_layers': 5, 'D_dagger_layer_units_exponent_0': 7, 'D_dagger_layer_units_exponent_1': 6, 'D_dagger_layer_units_exponent_2': 8, 'D_dagger_layer_units_exponent_3': 5, 'D_dagger_layer_units_exponent_4': 5, 'log_learning_rate': -3.85976112859108, 'log_learning_rate_D': -2.6479873246821564, 'log_learning_rate_D_dagger': -4.785640433236561, 'training_batch_size': 7, 'training_p': 3}. Best is trial 24 with value: 0.013668633066117764.
Time for this trial:  194.0344042778015
Memory status after this trial: 
Memory allocated:  135.25927734375
Memory cached:  140.0
--------------------  Trial  33   --------------------
Start timing: 
Parameters: 
{'W_layers': 4, 'W_layer_units_exponent_0': 8, 'W_layer_units_exponent_1': 4, 'W_layer_units_exponent_2': 6, 'W_layer_units_exponent_3': 8, 'D_layers': 4, 'D_layer_units_exponent_0': 5, 'D_layer_units_exponent_1': 8, 'D_layer_units_exponent_2': 9, 'D_layer_units_exponent_3': 9, 'D_dagger_layers': 4, 'D_dagger_layer_units_exponent_0': 7, 'D_dagger_layer_units_exponent_1': 6, 'D_dagger_layer_units_exponent_2': 6, 'D_dagger_layer_units_exponent_3': 6, 'log_learning_rate': -3.876900376012876, 'log_learning_rate_D': -2.6969492697934467, 'log_learning_rate_D_dagger': -4.968520027979246, 'training_batch_size': 6, 'training_p': 3}
	 epoch  0 training error:  tensor(1.0440, device='cuda:0', grad_fn=<DivBackward0>)
Memory status after this epoch: 
Memory allocated:  6.91259765625
Memory cached:  100.0
	 epoch  10 training error:  tensor(0.5249, device='cuda:0', grad_fn=<DivBackward0>)
Memory status after this epoch: 
Memory allocated:  6.91259765625
Memory cached:  108.0
	 epoch  20 training error:  tensor(0.0877, device='cuda:0', grad_fn=<DivBackward0>)
Memory status after this epoch: 
Memory allocated:  6.91259765625
Memory cached:  120.0
	 epoch  30 training error:  tensor(0.0356, device='cuda:0', grad_fn=<DivBackward0>)
Memory status after this epoch: 
Memory allocated:  6.91259765625
Memory cached:  104.0
	 epoch  40 training error:  tensor(0.0335, device='cuda:0', grad_fn=<DivBackward0>)
Memory status after this epoch: 
Memory allocated:  6.91259765625
Memory cached:  106.0
	 epoch  50 training error:  tensor(0.0300, device='cuda:0', grad_fn=<DivBackward0>)
Memory status after this epoch: 
Memory allocated:  6.91259765625
Memory cached:  108.0
	 epoch  60 training error:  tensor(0.0273, device='cuda:0', grad_fn=<DivBackward0>)
Memory status after this epoch: 
Memory allocated:  6.91259765625
Memory cached:  116.0
	 epoch  70 training error:  tensor(0.0248, device='cuda:0', grad_fn=<DivBackward0>)
Memory status after this epoch: 
Memory allocated:  6.91259765625
Memory cached:  114.0
	 epoch  80 training error:  tensor(0.0225, device='cuda:0', grad_fn=<DivBackward0>)
Memory status after this epoch: 
Memory allocated:  6.91259765625
Memory cached:  116.0
	 epoch  90 training error:  tensor(0.0207, device='cuda:0', grad_fn=<DivBackward0>)
Memory status after this epoch: 
Memory allocated:  6.91259765625
Memory cached:  112.0
