[I 2023-10-30 17:07:12,786] Trial 26 finished with value: 36.983436584472656 and parameters: {'W_layers': 4, 'W_layer_units_exponent_0': 4, 'W_layer_units_exponent_1': 7, 'W_layer_units_exponent_2': 9, 'W_layer_units_exponent_3': 10, 'D_layers': 4, 'D_layer_units_exponent_0': 6, 'D_layer_units_exponent_1': 6, 'D_layer_units_exponent_2': 8, 'D_layer_units_exponent_3': 4, 'log_learning_rate': -3.68493499651609, 'log_learning_rate_D': -2.738539595710193, 'training_batch_size': 7, 'training_p': 2}. Best is trial 8 with value: 0.22491002082824707.
Time for this trial:  128.39370226860046
Memory status after this trial: 
Memory allocated:  116.70849609375
Memory cached:  134.0
--------------------  Trial  27   --------------------
Start timing: 
Parameters: 
{'W_layers': 2, 'W_layer_units_exponent_0': 10, 'W_layer_units_exponent_1': 5, 'D_layers': 2, 'D_layer_units_exponent_0': 4, 'D_layer_units_exponent_1': 7, 'log_learning_rate': -3.104148924346222, 'log_learning_rate_D': -3.042912135103127, 'training_batch_size': 9, 'training_p': 4}
	 epoch  0 training error:  tensor(0.9999, device='cuda:0', grad_fn=<DivBackward0>)
Memory status after this epoch: 
Memory allocated:  0.7392578125
Memory cached:  6.0
	 epoch  10 training error:  tensor(0.9220, device='cuda:0', grad_fn=<DivBackward0>)
Memory status after this epoch: 
Memory allocated:  0.7392578125
Memory cached:  10.0
	 epoch  20 training error:  tensor(0.2917, device='cuda:0', grad_fn=<DivBackward0>)
Memory status after this epoch: 
Memory allocated:  0.7392578125
Memory cached:  10.0
	 epoch  30 training error:  tensor(0.3213, device='cuda:0', grad_fn=<DivBackward0>)
Memory status after this epoch: 
Memory allocated:  0.7392578125
Memory cached:  10.0
	 epoch  40 training error:  tensor(0.2575, device='cuda:0', grad_fn=<DivBackward0>)
Memory status after this epoch: 
Memory allocated:  0.7392578125
Memory cached:  10.0
	 epoch  50 training error:  tensor(0.2585, device='cuda:0', grad_fn=<DivBackward0>)
Memory status after this epoch: 
Memory allocated:  0.7392578125
Memory cached:  10.0
	 epoch  60 training error:  tensor(0.2548, device='cuda:0', grad_fn=<DivBackward0>)
Memory status after this epoch: 
Memory allocated:  0.7392578125
Memory cached:  10.0
	 epoch  70 training error:  tensor(0.2532, device='cuda:0', grad_fn=<DivBackward0>)
Memory status after this epoch: 
Memory allocated:  0.7392578125
Memory cached:  10.0
	 epoch  80 training error:  tensor(0.2526, device='cuda:0', grad_fn=<DivBackward0>)
Memory status after this epoch: 
Memory allocated:  0.7392578125
Memory cached:  10.0
	 epoch  90 training error:  tensor(0.2524, device='cuda:0', grad_fn=<DivBackward0>)
Memory status after this epoch: 
Memory allocated:  0.7392578125
Memory cached:  10.0
[I 2023-10-30 17:08:43,518] Trial 27 finished with value: 0.2266579419374466 and parameters: {'W_layers': 2, 'W_layer_units_exponent_0': 10, 'W_layer_units_exponent_1': 5, 'D_layers': 2, 'D_layer_units_exponent_0': 4, 'D_layer_units_exponent_1': 7, 'log_learning_rate': -3.104148924346222, 'log_learning_rate_D': -3.042912135103127, 'training_batch_size': 9, 'training_p': 4}. Best is trial 8 with value: 0.22491002082824707.
Time for this trial:  90.54115390777588
Memory status after this trial: 
Memory allocated:  65.29052734375
Memory cached:  66.0
--------------------  Trial  28   --------------------
Start timing: 
Parameters: 
{'W_layers': 3, 'W_layer_units_exponent_0': 8, 'W_layer_units_exponent_1': 5, 'W_layer_units_exponent_2': 6, 'D_layers': 3, 'D_layer_units_exponent_0': 4, 'D_layer_units_exponent_1': 7, 'D_layer_units_exponent_2': 7, 'log_learning_rate': -2.858820350167502, 'log_learning_rate_D': -2.561096140753734, 'training_batch_size': 8, 'training_p': 3}
	 epoch  0 training error:  tensor(1., device='cuda:0', grad_fn=<DivBackward0>)
Memory status after this epoch: 
Memory allocated:  0.5322265625
Memory cached:  6.0
	 epoch  10 training error:  tensor(0.9989, device='cuda:0', grad_fn=<DivBackward0>)
Memory status after this epoch: 
Memory allocated:  0.5322265625
Memory cached:  8.0
	 epoch  20 training error:  tensor(0.9755, device='cuda:0', grad_fn=<DivBackward0>)
Memory status after this epoch: 
Memory allocated:  0.5322265625
Memory cached:  8.0
	 epoch  30 training error:  tensor(0.4828, device='cuda:0', grad_fn=<DivBackward0>)
Memory status after this epoch: 
Memory allocated:  0.5322265625
Memory cached:  8.0
	 epoch  40 training error:  tensor(0.2833, device='cuda:0', grad_fn=<DivBackward0>)
Memory status after this epoch: 
Memory allocated:  0.5322265625
Memory cached:  8.0
	 epoch  50 training error:  tensor(0.2599, device='cuda:0', grad_fn=<DivBackward0>)
Memory status after this epoch: 
Memory allocated:  0.5322265625
Memory cached:  8.0
	 epoch  60 training error:  tensor(0.2494, device='cuda:0', grad_fn=<DivBackward0>)
Memory status after this epoch: 
Memory allocated:  0.5322265625
Memory cached:  8.0
	 epoch  70 training error:  tensor(0.2492, device='cuda:0', grad_fn=<DivBackward0>)
Memory status after this epoch: 
Memory allocated:  0.5322265625
Memory cached:  8.0
	 epoch  80 training error:  tensor(0.2478, device='cuda:0', grad_fn=<DivBackward0>)
Memory status after this epoch: 
Memory allocated:  0.5322265625
Memory cached:  8.0
	 epoch  90 training error:  tensor(0.2474, device='cuda:0', grad_fn=<DivBackward0>)
Memory status after this epoch: 
Memory allocated:  0.5322265625
Memory cached:  8.0
[I 2023-10-30 17:10:26,105] Trial 28 finished with value: 0.22650885581970215 and parameters: {'W_layers': 3, 'W_layer_units_exponent_0': 8, 'W_layer_units_exponent_1': 5, 'W_layer_units_exponent_2': 6, 'D_layers': 3, 'D_layer_units_exponent_0': 4, 'D_layer_units_exponent_1': 7, 'D_layer_units_exponent_2': 7, 'log_learning_rate': -2.858820350167502, 'log_learning_rate_D': -2.561096140753734, 'training_batch_size': 8, 'training_p': 3}. Best is trial 8 with value: 0.22491002082824707.
Time for this trial:  102.40165567398071
Memory status after this trial: 
Memory allocated:  34.35693359375
Memory cached:  36.0
--------------------  Trial  29   --------------------
Start timing: 
Parameters: 
{'W_layers': 3, 'W_layer_units_exponent_0': 9, 'W_layer_units_exponent_1': 9, 'W_layer_units_exponent_2': 9, 'D_layers': 3, 'D_layer_units_exponent_0': 5, 'D_layer_units_exponent_1': 4, 'D_layer_units_exponent_2': 5, 'log_learning_rate': -3.421675183852381, 'log_learning_rate_D': -1.9457484665517444, 'training_batch_size': 9, 'training_p': 4}
	 epoch  0 training error:  tensor(1.0000, device='cuda:0', grad_fn=<DivBackward0>)
Memory status after this epoch: 
Memory allocated:  8.1689453125
Memory cached:  14.0
	 epoch  10 training error:  tensor(0.9976, device='cuda:0', grad_fn=<DivBackward0>)
Memory status after this epoch: 
Memory allocated:  8.1689453125
Memory cached:  24.0
	 epoch  20 training error:  tensor(0.4928, device='cuda:0', grad_fn=<DivBackward0>)
Memory status after this epoch: 
Memory allocated:  8.1689453125
Memory cached:  26.0
	 epoch  30 training error:  tensor(0.9998, device='cuda:0', grad_fn=<DivBackward0>)
Memory status after this epoch: 
Memory allocated:  8.1689453125
Memory cached:  24.0
	 epoch  40 training error:  tensor(0.9997, device='cuda:0', grad_fn=<DivBackward0>)
Memory status after this epoch: 
Memory allocated:  8.1689453125
Memory cached:  22.0
	 epoch  50 training error:  tensor(0.9996, device='cuda:0', grad_fn=<DivBackward0>)
Memory status after this epoch: 
Memory allocated:  8.1689453125
Memory cached:  24.0
	 epoch  60 training error:  tensor(0.9996, device='cuda:0', grad_fn=<DivBackward0>)
Memory status after this epoch: 
Memory allocated:  8.1689453125
Memory cached:  22.0
	 epoch  70 training error:  tensor(0.9995, device='cuda:0', grad_fn=<DivBackward0>)
Memory status after this epoch: 
Memory allocated:  8.1689453125
Memory cached:  22.0
	 epoch  80 training error:  tensor(0.9995, device='cuda:0', grad_fn=<DivBackward0>)
Memory status after this epoch: 
Memory allocated:  8.1689453125
Memory cached:  24.0
	 epoch  90 training error:  tensor(0.9995, device='cuda:0', grad_fn=<DivBackward0>)
Memory status after this epoch: 
Memory allocated:  8.1689453125
Memory cached:  24.0
[I 2023-10-30 17:12:15,691] Trial 29 finished with value: 0.9994478225708008 and parameters: {'W_layers': 3, 'W_layer_units_exponent_0': 9, 'W_layer_units_exponent_1': 9, 'W_layer_units_exponent_2': 9, 'D_layers': 3, 'D_layer_units_exponent_0': 5, 'D_layer_units_exponent_1': 4, 'D_layer_units_exponent_2': 5, 'log_learning_rate': -3.421675183852381, 'log_learning_rate_D': -1.9457484665517444, 'training_batch_size': 9, 'training_p': 4}. Best is trial 8 with value: 0.22491002082824707.
Time for this trial:  109.39262557029724
Memory status after this trial: 
Memory allocated:  91.25634765625
Memory cached:  96.0
--------------------  Trial  30   --------------------
Start timing: 
Parameters: 
{'W_layers': 2, 'W_layer_units_exponent_0': 5, 'W_layer_units_exponent_1': 6, 'D_layers': 2, 'D_layer_units_exponent_0': 4, 'D_layer_units_exponent_1': 9, 'log_learning_rate': -1.0056157670474475, 'log_learning_rate_D': -2.9907646413637052, 'training_batch_size': 8, 'training_p': 5}
	 epoch  0 training error:  tensor(0.9997, device='cuda:0', grad_fn=<DivBackward0>)
Memory status after this epoch: 
Memory allocated:  0.2275390625
Memory cached:  6.0
	 epoch  10 training error:  tensor(0.8308, device='cuda:0', grad_fn=<DivBackward0>)
Memory status after this epoch: 
Memory allocated:  0.2275390625
Memory cached:  10.0
	 epoch  20 training error:  tensor(0.2576, device='cuda:0', grad_fn=<DivBackward0>)
Memory status after this epoch: 
Memory allocated:  0.2275390625
Memory cached:  10.0
	 epoch  30 training error:  tensor(0.2930, device='cuda:0', grad_fn=<DivBackward0>)
Memory status after this epoch: 
Memory allocated:  0.2275390625
Memory cached:  10.0
	 epoch  40 training error:  tensor(0.3401, device='cuda:0', grad_fn=<DivBackward0>)
Memory status after this epoch: 
Memory allocated:  0.2275390625
Memory cached:  10.0
	 epoch  50 training error:  tensor(0.2627, device='cuda:0', grad_fn=<DivBackward0>)
Memory status after this epoch: 
Memory allocated:  0.2275390625
Memory cached:  10.0
	 epoch  60 training error:  tensor(0.2559, device='cuda:0', grad_fn=<DivBackward0>)
Memory status after this epoch: 
Memory allocated:  0.2275390625
Memory cached:  10.0
	 epoch  70 training error:  tensor(0.2561, device='cuda:0', grad_fn=<DivBackward0>)
Memory status after this epoch: 
Memory allocated:  0.2275390625
Memory cached:  10.0
	 epoch  80 training error:  tensor(0.2558, device='cuda:0', grad_fn=<DivBackward0>)
Memory status after this epoch: 
Memory allocated:  0.2275390625
Memory cached:  10.0
	 epoch  90 training error:  tensor(0.2548, device='cuda:0', grad_fn=<DivBackward0>)
Memory status after this epoch: 
Memory allocated:  0.2275390625
Memory cached:  10.0
[I 2023-10-30 17:13:42,122] Trial 30 finished with value: 0.22610770165920258 and parameters: {'W_layers': 2, 'W_layer_units_exponent_0': 5, 'W_layer_units_exponent_1': 6, 'D_layers': 2, 'D_layer_units_exponent_0': 4, 'D_layer_units_exponent_1': 9, 'log_learning_rate': -1.0056157670474475, 'log_learning_rate_D': -2.9907646413637052, 'training_batch_size': 8, 'training_p': 5}. Best is trial 8 with value: 0.22491002082824707.
Time for this trial:  86.23622226715088
Memory status after this trial: 
Memory allocated:  34.06787109375
Memory cached:  36.0
--------------------  Trial  31   --------------------
Start timing: 
Parameters: 
{'W_layers': 3, 'W_layer_units_exponent_0': 5, 'W_layer_units_exponent_1': 6, 'W_layer_units_exponent_2': 5, 'D_layers': 3, 'D_layer_units_exponent_0': 5, 'D_layer_units_exponent_1': 10, 'D_layer_units_exponent_2': 8, 'log_learning_rate': -1.0552346753155615, 'log_learning_rate_D': -1.4687181578444668, 'training_batch_size': 7, 'training_p': 7}
	 epoch  0 training error:  tensor(1.0000, device='cuda:0', grad_fn=<DivBackward0>)
Memory status after this epoch: 
Memory allocated:  4.6455078125
Memory cached:  10.0
	 epoch  10 training error:  tensor(0.9560, device='cuda:0', grad_fn=<DivBackward0>)
Memory status after this epoch: 
Memory allocated:  4.6455078125
Memory cached:  14.0
	 epoch  20 training error:  tensor(1., device='cuda:0', grad_fn=<DivBackward0>)
Memory status after this epoch: 
Memory allocated:  4.6455078125
Memory cached:  14.0
	 epoch  30 training error:  tensor(1., device='cuda:0', grad_fn=<DivBackward0>)
Memory status after this epoch: 
Memory allocated:  4.6455078125
Memory cached:  14.0
	 epoch  40 training error:  tensor(1., device='cuda:0', grad_fn=<DivBackward0>)
Memory status after this epoch: 
Memory allocated:  4.6455078125
Memory cached:  14.0
	 epoch  50 training error:  tensor(1., device='cuda:0', grad_fn=<DivBackward0>)
Memory status after this epoch: 
Memory allocated:  4.6455078125
Memory cached:  14.0
	 epoch  60 training error:  tensor(1., device='cuda:0', grad_fn=<DivBackward0>)
Memory status after this epoch: 
Memory allocated:  4.6455078125
Memory cached:  14.0
	 epoch  70 training error:  tensor(1., device='cuda:0', grad_fn=<DivBackward0>)
Memory status after this epoch: 
Memory allocated:  4.6455078125
Memory cached:  14.0
	 epoch  80 training error:  tensor(1., device='cuda:0', grad_fn=<DivBackward0>)
Memory status after this epoch: 
Memory allocated:  4.6455078125
Memory cached:  14.0
	 epoch  90 training error:  tensor(1., device='cuda:0', grad_fn=<DivBackward0>)
Memory status after this epoch: 
Memory allocated:  4.6455078125
Memory cached:  14.0
[I 2023-10-30 17:15:30,438] Trial 31 finished with value: 1.0 and parameters: {'W_layers': 3, 'W_layer_units_exponent_0': 5, 'W_layer_units_exponent_1': 6, 'W_layer_units_exponent_2': 5, 'D_layers': 3, 'D_layer_units_exponent_0': 5, 'D_layer_units_exponent_1': 10, 'D_layer_units_exponent_2': 8, 'log_learning_rate': -1.0552346753155615, 'log_learning_rate_D': -1.4687181578444668, 'training_batch_size': 7, 'training_p': 7}. Best is trial 8 with value: 0.22491002082824707.
Time for this trial:  108.12818479537964
Memory status after this trial: 
Memory allocated:  79.26806640625
Memory cached:  82.0
--------------------  Trial  32   --------------------
Start timing: 
Parameters: 
{'W_layers': 2, 'W_layer_units_exponent_0': 6, 'W_layer_units_exponent_1': 8, 'D_layers': 2, 'D_layer_units_exponent_0': 4, 'D_layer_units_exponent_1': 9, 'log_learning_rate': -2.5337152775494802, 'log_learning_rate_D': -2.1176151102645284, 'training_batch_size': 6, 'training_p': 6}
	 epoch  0 training error:  tensor(0.9985, device='cuda:0', grad_fn=<DivBackward0>)
Memory status after this epoch: 
Memory allocated:  0.4296875
Memory cached:  6.0
	 epoch  10 training error:  tensor(0.3004, device='cuda:0', grad_fn=<DivBackward0>)
Memory status after this epoch: 
Memory allocated:  0.4296875
Memory cached:  6.0
	 epoch  20 training error:  tensor(0.2577, device='cuda:0', grad_fn=<DivBackward0>)
Memory status after this epoch: 
Memory allocated:  0.4296875
Memory cached:  6.0
	 epoch  30 training error:  tensor(0.2576, device='cuda:0', grad_fn=<DivBackward0>)
Memory status after this epoch: 
Memory allocated:  0.4296875
Memory cached:  6.0
	 epoch  40 training error:  tensor(0.2574, device='cuda:0', grad_fn=<DivBackward0>)
Memory status after this epoch: 
Memory allocated:  0.4296875
Memory cached:  6.0
	 epoch  50 training error:  tensor(0.2582, device='cuda:0', grad_fn=<DivBackward0>)
Memory status after this epoch: 
Memory allocated:  0.4296875
Memory cached:  6.0
	 epoch  60 training error:  tensor(0.2577, device='cuda:0', grad_fn=<DivBackward0>)
Memory status after this epoch: 
Memory allocated:  0.4296875
Memory cached:  6.0
	 epoch  70 training error:  tensor(0.2577, device='cuda:0', grad_fn=<DivBackward0>)
Memory status after this epoch: 
Memory allocated:  0.4296875
Memory cached:  6.0
	 epoch  80 training error:  tensor(0.2574, device='cuda:0', grad_fn=<DivBackward0>)
Memory status after this epoch: 
Memory allocated:  0.4296875
Memory cached:  6.0
	 epoch  90 training error:  tensor(0.2572, device='cuda:0', grad_fn=<DivBackward0>)
Memory status after this epoch: 
Memory allocated:  0.4296875
Memory cached:  6.0
[I 2023-10-30 17:18:08,987] Trial 32 finished with value: 0.2265760451555252 and parameters: {'W_layers': 2, 'W_layer_units_exponent_0': 6, 'W_layer_units_exponent_1': 8, 'D_layers': 2, 'D_layer_units_exponent_0': 4, 'D_layer_units_exponent_1': 9, 'log_learning_rate': -2.5337152775494802, 'log_learning_rate_D': -2.1176151102645284, 'training_batch_size': 6, 'training_p': 6}. Best is trial 8 with value: 0.22491002082824707.
Time for this trial:  158.34850788116455
Memory status after this trial: 
Memory allocated:  46.14404296875
Memory cached:  48.0
--------------------  Trial  33   --------------------
Start timing: 
Parameters: 
{'W_layers': 3, 'W_layer_units_exponent_0': 5, 'W_layer_units_exponent_1': 7, 'W_layer_units_exponent_2': 7, 'D_layers': 3, 'D_layer_units_exponent_0': 8, 'D_layer_units_exponent_1': 6, 'D_layer_units_exponent_2': 9, 'log_learning_rate': -2.059200783713753, 'log_learning_rate_D': -2.4644190859033053, 'training_batch_size': 8, 'training_p': 7}
	 epoch  0 training error:  tensor(1.0000, device='cuda:0', grad_fn=<DivBackward0>)
Memory status after this epoch: 
Memory allocated:  1.1689453125
Memory cached:  6.0
	 epoch  10 training error:  tensor(0.2726, device='cuda:0', grad_fn=<DivBackward0>)
Memory status after this epoch: 
Memory allocated:  1.1689453125
Memory cached:  6.0
	 epoch  20 training error:  tensor(0.2725, device='cuda:0', grad_fn=<DivBackward0>)
Memory status after this epoch: 
Memory allocated:  1.1689453125
Memory cached:  6.0
	 epoch  30 training error:  tensor(0.2958, device='cuda:0', grad_fn=<DivBackward0>)
Memory status after this epoch: 
Memory allocated:  1.1689453125
Memory cached:  6.0
	 epoch  40 training error:  tensor(0.2635, device='cuda:0', grad_fn=<DivBackward0>)
Memory status after this epoch: 
Memory allocated:  1.1689453125
Memory cached:  6.0
	 epoch  50 training error:  tensor(0.2591, device='cuda:0', grad_fn=<DivBackward0>)
Memory status after this epoch: 
Memory allocated:  1.1689453125
Memory cached:  6.0
	 epoch  60 training error:  tensor(0.2593, device='cuda:0', grad_fn=<DivBackward0>)
Memory status after this epoch: 
Memory allocated:  1.1689453125
Memory cached:  6.0
	 epoch  70 training error:  tensor(0.2590, device='cuda:0', grad_fn=<DivBackward0>)
Memory status after this epoch: 
Memory allocated:  1.1689453125
Memory cached:  6.0
	 epoch  80 training error:  tensor(0.2584, device='cuda:0', grad_fn=<DivBackward0>)
Memory status after this epoch: 
Memory allocated:  1.1689453125
Memory cached:  6.0
	 epoch  90 training error:  tensor(0.2583, device='cuda:0', grad_fn=<DivBackward0>)
Memory status after this epoch: 
Memory allocated:  1.1689453125
Memory cached:  6.0
[I 2023-10-30 17:19:55,055] Trial 33 finished with value: 0.2264637053012848 and parameters: {'W_layers': 3, 'W_layer_units_exponent_0': 5, 'W_layer_units_exponent_1': 7, 'W_layer_units_exponent_2': 7, 'D_layers': 3, 'D_layer_units_exponent_0': 8, 'D_layer_units_exponent_1': 6, 'D_layer_units_exponent_2': 9, 'log_learning_rate': -2.059200783713753, 'log_learning_rate_D': -2.4644190859033053, 'training_batch_size': 8, 'training_p': 7}. Best is trial 8 with value: 0.22491002082824707.
Time for this trial:  105.87858963012695
Memory status after this trial: 
Memory allocated:  60.6962890625
Memory cached:  62.0
--------------------  Trial  34   --------------------
Start timing: 
Parameters: 
{'W_layers': 4, 'W_layer_units_exponent_0': 6, 'W_layer_units_exponent_1': 5, 'W_layer_units_exponent_2': 8, 'W_layer_units_exponent_3': 6, 'D_layers': 4, 'D_layer_units_exponent_0': 6, 'D_layer_units_exponent_1': 5, 'D_layer_units_exponent_2': 5, 'D_layer_units_exponent_3': 9, 'log_learning_rate': -1.0060819352671597, 'log_learning_rate_D': -2.889217812826341, 'training_batch_size': 7, 'training_p': 5}
	 epoch  0 training error:  tensor(1.0000, device='cuda:0', grad_fn=<DivBackward0>)
Memory status after this epoch: 
Memory allocated:  0.7939453125
Memory cached:  10.0
	 epoch  10 training error:  tensor(1., device='cuda:0', grad_fn=<DivBackward0>)
Memory status after this epoch: 
Memory allocated:  0.7939453125
Memory cached:  12.0
	 epoch  20 training error:  tensor(1., device='cuda:0', grad_fn=<DivBackward0>)
Memory status after this epoch: 
Memory allocated:  0.7939453125
Memory cached:  12.0
	 epoch  30 training error:  tensor(1., device='cuda:0', grad_fn=<DivBackward0>)
Memory status after this epoch: 
Memory allocated:  0.7939453125
Memory cached:  12.0
	 epoch  40 training error:  tensor(1., device='cuda:0', grad_fn=<DivBackward0>)
Memory status after this epoch: 
Memory allocated:  0.7939453125
Memory cached:  12.0
	 epoch  50 training error:  tensor(1., device='cuda:0', grad_fn=<DivBackward0>)
Memory status after this epoch: 
Memory allocated:  0.7939453125
Memory cached:  12.0
	 epoch  60 training error:  tensor(1., device='cuda:0', grad_fn=<DivBackward0>)
Memory status after this epoch: 
Memory allocated:  0.7939453125
Memory cached:  12.0
	 epoch  70 training error:  tensor(1., device='cuda:0', grad_fn=<DivBackward0>)
Memory status after this epoch: 
Memory allocated:  0.7939453125
Memory cached:  12.0
	 epoch  80 training error:  tensor(1., device='cuda:0', grad_fn=<DivBackward0>)
Memory status after this epoch: 
Memory allocated:  0.7939453125
Memory cached:  12.0
	 epoch  90 training error:  tensor(1., device='cuda:0', grad_fn=<DivBackward0>)
Memory status after this epoch: 
Memory allocated:  0.7939453125
Memory cached:  12.0
