/home/shengduo/anaconda3/lib/python3.9/site-packages/scipy/__init__.py:146: UserWarning: A NumPy version >=1.16.5 and <1.23.0 is required for this version of SciPy (detected version 1.24.1
  warnings.warn(f"A NumPy version >={np_minversion} and <{np_maxversion}"
[I 2023-10-30 16:07:29,919] A new study created in memory with name: no-name-a7918d43-2214-42f6-ae1a-a9a78380f195
Cuda is available:  True
Device is:  cuda:0
Memory allocated:  0.0
Memory cached:  0.0
Vs.shape:  torch.Size([100, 100])
thetas.shape:  torch.Size([100, 100])
fs.shape:  torch.Size([100, 100])
ts.shape:  torch.Size([100, 100])
Xs.shape:  torch.Size([100, 100])
--------------------  Trial  0   --------------------
Start timing: 
Parameters: 
{'W_layers': 3, 'W_layer_units_exponent_0': 6, 'W_layer_units_exponent_1': 5, 'W_layer_units_exponent_2': 10, 'D_layers': 3, 'D_layer_units_exponent_0': 6, 'D_layer_units_exponent_1': 5, 'D_layer_units_exponent_2': 4, 'log_learning_rate': -2.978268693908947, 'log_learning_rate_D': -2.1549582192602923, 'training_batch_size': 7, 'training_p': 5}
/home/shengduo/anaconda3/lib/python3.9/site-packages/torch/nn/init.py:405: UserWarning: Initializing zero-element tensors is a no-op
  warnings.warn("Initializing zero-element tensors is a no-op")
	 epoch  0 training error:  tensor(0.9997, device='cuda:0', grad_fn=<DivBackward0>)
Memory status after this epoch: 
Memory allocated:  0.67529296875
Memory cached:  4.0
	 epoch  10 training error:  tensor(0.8106, device='cuda:0', grad_fn=<DivBackward0>)
Memory status after this epoch: 
Memory allocated:  0.67529296875
Memory cached:  4.0
	 epoch  20 training error:  tensor(0.2627, device='cuda:0', grad_fn=<DivBackward0>)
Memory status after this epoch: 
Memory allocated:  0.67529296875
Memory cached:  4.0
	 epoch  30 training error:  tensor(0.2974, device='cuda:0', grad_fn=<DivBackward0>)
Memory status after this epoch: 
Memory allocated:  0.67529296875
Memory cached:  6.0
	 epoch  40 training error:  tensor(0.2709, device='cuda:0', grad_fn=<DivBackward0>)
Memory status after this epoch: 
Memory allocated:  0.67529296875
Memory cached:  4.0
	 epoch  50 training error:  tensor(0.2584, device='cuda:0', grad_fn=<DivBackward0>)
Memory status after this epoch: 
Memory allocated:  0.67529296875
Memory cached:  4.0
	 epoch  60 training error:  tensor(0.2561, device='cuda:0', grad_fn=<DivBackward0>)
Memory status after this epoch: 
Memory allocated:  0.67529296875
Memory cached:  4.0
	 epoch  70 training error:  tensor(0.2557, device='cuda:0', grad_fn=<DivBackward0>)
Memory status after this epoch: 
Memory allocated:  0.67529296875
Memory cached:  6.0
	 epoch  80 training error:  tensor(0.2555, device='cuda:0', grad_fn=<DivBackward0>)
Memory status after this epoch: 
Memory allocated:  0.67529296875
Memory cached:  4.0
	 epoch  90 training error:  tensor(0.2554, device='cuda:0', grad_fn=<DivBackward0>)
Memory status after this epoch: 
Memory allocated:  0.67529296875
Memory cached:  4.0
[I 2023-10-30 16:07:47,969] Trial 0 finished with value: 0.22657151520252228 and parameters: {'W_layers': 3, 'W_layer_units_exponent_0': 6, 'W_layer_units_exponent_1': 5, 'W_layer_units_exponent_2': 10, 'D_layers': 3, 'D_layer_units_exponent_0': 6, 'D_layer_units_exponent_1': 5, 'D_layer_units_exponent_2': 4, 'log_learning_rate': -2.978268693908947, 'log_learning_rate_D': -2.1549582192602923, 'training_batch_size': 7, 'training_p': 5}. Best is trial 0 with value: 0.22657151520252228.
Time for this trial:  17.955779790878296
Memory status after this trial: 
Memory allocated:  60.22607421875
Memory cached:  88.0
--------------------  Trial  1   --------------------
Start timing: 
Parameters: 
{'W_layers': 2, 'W_layer_units_exponent_0': 7, 'W_layer_units_exponent_1': 7, 'D_layers': 2, 'D_layer_units_exponent_0': 7, 'D_layer_units_exponent_1': 9, 'log_learning_rate': -2.535715755013258, 'log_learning_rate_D': -3.727136111609687, 'training_batch_size': 6, 'training_p': 4}
	 epoch  0 training error:  tensor(1.0278, device='cuda:0', grad_fn=<DivBackward0>)
Memory status after this epoch: 
Memory allocated:  0.5830078125
Memory cached:  2.0
	 epoch  10 training error:  tensor(0.2538, device='cuda:0', grad_fn=<DivBackward0>)
Memory status after this epoch: 
Memory allocated:  0.5830078125
Memory cached:  2.0
	 epoch  20 training error:  tensor(0.2571, device='cuda:0', grad_fn=<DivBackward0>)
Memory status after this epoch: 
Memory allocated:  0.5830078125
Memory cached:  2.0
	 epoch  30 training error:  tensor(0.2534, device='cuda:0', grad_fn=<DivBackward0>)
Memory status after this epoch: 
Memory allocated:  0.5830078125
Memory cached:  2.0
	 epoch  40 training error:  tensor(0.2527, device='cuda:0', grad_fn=<DivBackward0>)
Memory status after this epoch: 
Memory allocated:  0.5830078125
Memory cached:  2.0
	 epoch  50 training error:  tensor(0.2534, device='cuda:0', grad_fn=<DivBackward0>)
Memory status after this epoch: 
Memory allocated:  0.5830078125
Memory cached:  2.0
	 epoch  60 training error:  tensor(0.2610, device='cuda:0', grad_fn=<DivBackward0>)
Memory status after this epoch: 
Memory allocated:  0.5830078125
Memory cached:  2.0
	 epoch  70 training error:  tensor(0.2523, device='cuda:0', grad_fn=<DivBackward0>)
Memory status after this epoch: 
Memory allocated:  0.5830078125
Memory cached:  2.0
	 epoch  80 training error:  tensor(0.2551, device='cuda:0', grad_fn=<DivBackward0>)
Memory status after this epoch: 
Memory allocated:  0.5830078125
Memory cached:  2.0
	 epoch  90 training error:  tensor(0.2545, device='cuda:0', grad_fn=<DivBackward0>)
Memory status after this epoch: 
Memory allocated:  0.5830078125
Memory cached:  2.0
[I 2023-10-30 16:08:03,576] Trial 1 finished with value: 0.22552898526191711 and parameters: {'W_layers': 2, 'W_layer_units_exponent_0': 7, 'W_layer_units_exponent_1': 7, 'D_layers': 2, 'D_layer_units_exponent_0': 7, 'D_layer_units_exponent_1': 9, 'log_learning_rate': -2.535715755013258, 'log_learning_rate_D': -3.727136111609687, 'training_batch_size': 6, 'training_p': 4}. Best is trial 1 with value: 0.22552898526191711.
Time for this trial:  15.504514694213867
Memory status after this trial: 
Memory allocated:  13.92822265625
Memory cached:  16.0
--------------------  Trial  2   --------------------
Start timing: 
Parameters: 
{'W_layers': 4, 'W_layer_units_exponent_0': 10, 'W_layer_units_exponent_1': 6, 'W_layer_units_exponent_2': 7, 'W_layer_units_exponent_3': 8, 'D_layers': 5, 'D_layer_units_exponent_0': 5, 'D_layer_units_exponent_1': 9, 'D_layer_units_exponent_2': 4, 'D_layer_units_exponent_3': 8, 'D_layer_units_exponent_4': 5, 'log_learning_rate': -3.979261630805434, 'log_learning_rate_D': -4.740105003355571, 'training_batch_size': 8, 'training_p': 8}
	 epoch  0 training error:  tensor(1.0000, device='cuda:0', grad_fn=<DivBackward0>)
Memory status after this epoch: 
Memory allocated:  1.90869140625
Memory cached:  4.0
	 epoch  10 training error:  tensor(0.9988, device='cuda:0', grad_fn=<DivBackward0>)
Memory status after this epoch: 
Memory allocated:  1.90869140625
Memory cached:  4.0
	 epoch  20 training error:  tensor(0.9927, device='cuda:0', grad_fn=<DivBackward0>)
Memory status after this epoch: 
Memory allocated:  1.90869140625
Memory cached:  4.0
	 epoch  30 training error:  tensor(0.9412, device='cuda:0', grad_fn=<DivBackward0>)
Memory status after this epoch: 
Memory allocated:  1.90869140625
Memory cached:  4.0
	 epoch  40 training error:  tensor(0.4176, device='cuda:0', grad_fn=<DivBackward0>)
Memory status after this epoch: 
Memory allocated:  1.90869140625
Memory cached:  4.0
	 epoch  50 training error:  tensor(0.2746, device='cuda:0', grad_fn=<DivBackward0>)
Memory status after this epoch: 
Memory allocated:  1.90869140625
Memory cached:  4.0
	 epoch  60 training error:  tensor(0.2634, device='cuda:0', grad_fn=<DivBackward0>)
Memory status after this epoch: 
Memory allocated:  1.90869140625
Memory cached:  4.0
	 epoch  70 training error:  tensor(0.2633, device='cuda:0', grad_fn=<DivBackward0>)
Memory status after this epoch: 
Memory allocated:  1.90869140625
Memory cached:  4.0
	 epoch  80 training error:  tensor(0.2625, device='cuda:0', grad_fn=<DivBackward0>)
Memory status after this epoch: 
Memory allocated:  1.90869140625
Memory cached:  4.0
	 epoch  90 training error:  tensor(0.2600, device='cuda:0', grad_fn=<DivBackward0>)
Memory status after this epoch: 
Memory allocated:  1.90869140625
Memory cached:  4.0
[I 2023-10-30 16:08:19,775] Trial 2 finished with value: 0.22615042328834534 and parameters: {'W_layers': 4, 'W_layer_units_exponent_0': 10, 'W_layer_units_exponent_1': 6, 'W_layer_units_exponent_2': 7, 'W_layer_units_exponent_3': 8, 'D_layers': 5, 'D_layer_units_exponent_0': 5, 'D_layer_units_exponent_1': 9, 'D_layer_units_exponent_2': 4, 'D_layer_units_exponent_3': 8, 'D_layer_units_exponent_4': 5, 'log_learning_rate': -3.979261630805434, 'log_learning_rate_D': -4.740105003355571, 'training_batch_size': 8, 'training_p': 8}. Best is trial 1 with value: 0.22552898526191711.
Time for this trial:  16.108612537384033
Memory status after this trial: 
Memory allocated:  80.04345703125
Memory cached:  94.0
--------------------  Trial  3   --------------------
Start timing: 
Parameters: 
{'W_layers': 2, 'W_layer_units_exponent_0': 10, 'W_layer_units_exponent_1': 8, 'D_layers': 4, 'D_layer_units_exponent_0': 8, 'D_layer_units_exponent_1': 10, 'D_layer_units_exponent_2': 4, 'D_layer_units_exponent_3': 8, 'log_learning_rate': -2.177862426336531, 'log_learning_rate_D': -2.481912523264523, 'training_batch_size': 6, 'training_p': 5}
	 epoch  0 training error:  tensor(20.0913, device='cuda:0', grad_fn=<DivBackward0>)
Memory status after this epoch: 
Memory allocated:  5.1953125
Memory cached:  6.0
	 epoch  10 training error:  tensor(1., device='cuda:0', grad_fn=<DivBackward0>)
Memory status after this epoch: 
Memory allocated:  5.1953125
Memory cached:  6.0
	 epoch  20 training error:  tensor(1., device='cuda:0', grad_fn=<DivBackward0>)
Memory status after this epoch: 
Memory allocated:  5.1953125
Memory cached:  6.0
	 epoch  30 training error:  tensor(1., device='cuda:0', grad_fn=<DivBackward0>)
Memory status after this epoch: 
Memory allocated:  5.1953125
Memory cached:  6.0
	 epoch  40 training error:  tensor(1., device='cuda:0', grad_fn=<DivBackward0>)
Memory status after this epoch: 
Memory allocated:  5.1953125
Memory cached:  6.0
	 epoch  50 training error:  tensor(1., device='cuda:0', grad_fn=<DivBackward0>)
Memory status after this epoch: 
Memory allocated:  5.1953125
Memory cached:  6.0
	 epoch  60 training error:  tensor(1., device='cuda:0', grad_fn=<DivBackward0>)
Memory status after this epoch: 
Memory allocated:  5.1953125
Memory cached:  6.0
	 epoch  70 training error:  tensor(1., device='cuda:0', grad_fn=<DivBackward0>)
Memory status after this epoch: 
Memory allocated:  5.1953125
Memory cached:  6.0
	 epoch  80 training error:  tensor(1., device='cuda:0', grad_fn=<DivBackward0>)
Memory status after this epoch: 
Memory allocated:  5.1953125
Memory cached:  6.0
	 epoch  90 training error:  tensor(1., device='cuda:0', grad_fn=<DivBackward0>)
Memory status after this epoch: 
Memory allocated:  5.1953125
Memory cached:  6.0
[I 2023-10-30 16:08:36,278] Trial 3 finished with value: 1.0 and parameters: {'W_layers': 2, 'W_layer_units_exponent_0': 10, 'W_layer_units_exponent_1': 8, 'D_layers': 4, 'D_layer_units_exponent_0': 8, 'D_layer_units_exponent_1': 10, 'D_layer_units_exponent_2': 4, 'D_layer_units_exponent_3': 8, 'log_learning_rate': -2.177862426336531, 'log_learning_rate_D': -2.481912523264523, 'training_batch_size': 6, 'training_p': 5}. Best is trial 1 with value: 0.22552898526191711.
Time for this trial:  16.406697273254395
Memory status after this trial: 
Memory allocated:  70.97509765625
Memory cached:  84.0
--------------------  Trial  4   --------------------
Start timing: 
Parameters: 
{'W_layers': 5, 'W_layer_units_exponent_0': 10, 'W_layer_units_exponent_1': 4, 'W_layer_units_exponent_2': 8, 'W_layer_units_exponent_3': 7, 'W_layer_units_exponent_4': 10, 'D_layers': 4, 'D_layer_units_exponent_0': 6, 'D_layer_units_exponent_1': 9, 'D_layer_units_exponent_2': 7, 'D_layer_units_exponent_3': 8, 'log_learning_rate': -1.2339081682717792, 'log_learning_rate_D': -1.1396130131036415, 'training_batch_size': 10, 'training_p': 2}
	 epoch  0 training error:  tensor(1.0000, device='cuda:0', grad_fn=<DivBackward0>)
Memory status after this epoch: 
Memory allocated:  3.48291015625
Memory cached:  6.0
[W 2023-10-30 16:08:36,998] Trial 4 failed with parameters: {'W_layers': 5, 'W_layer_units_exponent_0': 10, 'W_layer_units_exponent_1': 4, 'W_layer_units_exponent_2': 8, 'W_layer_units_exponent_3': 7, 'W_layer_units_exponent_4': 10, 'D_layers': 4, 'D_layer_units_exponent_0': 6, 'D_layer_units_exponent_1': 9, 'D_layer_units_exponent_2': 7, 'D_layer_units_exponent_3': 8, 'log_learning_rate': -1.2339081682717792, 'log_learning_rate_D': -1.1396130131036415, 'training_batch_size': 10, 'training_p': 2} because of the following error: The value nan is not acceptable.
[W 2023-10-30 16:08:36,999] Trial 4 failed with value tensor(nan, device='cuda:0', grad_fn=<DivBackward0>).
Time for this trial:  0.6312742233276367
Memory status after this trial: 
Memory allocated:  134.08740234375
Memory cached:  148.0
--------------------  Trial  5   --------------------
Start timing: 
Parameters: 
{'W_layers': 5, 'W_layer_units_exponent_0': 4, 'W_layer_units_exponent_1': 9, 'W_layer_units_exponent_2': 9, 'W_layer_units_exponent_3': 6, 'W_layer_units_exponent_4': 5, 'D_layers': 2, 'D_layer_units_exponent_0': 6, 'D_layer_units_exponent_1': 10, 'log_learning_rate': -1.6983274779667004, 'log_learning_rate_D': -2.7394310537193727, 'training_batch_size': 11, 'training_p': 6}
	 epoch  0 training error:  tensor(1.0000, device='cuda:0', grad_fn=<DivBackward0>)
Memory status after this epoch: 
Memory allocated:  5.03515625
Memory cached:  8.0
	 epoch  10 training error:  tensor(1.0467, device='cuda:0', grad_fn=<DivBackward0>)
Memory status after this epoch: 
Memory allocated:  5.03515625
Memory cached:  10.0
	 epoch  20 training error:  tensor(2.6637, device='cuda:0', grad_fn=<DivBackward0>)
Memory status after this epoch: 
Memory allocated:  5.03515625
Memory cached:  10.0
	 epoch  30 training error:  tensor(1., device='cuda:0', grad_fn=<DivBackward0>)
Memory status after this epoch: 
Memory allocated:  5.03515625
Memory cached:  10.0
	 epoch  40 training error:  tensor(1., device='cuda:0', grad_fn=<DivBackward0>)
Memory status after this epoch: 
Memory allocated:  5.03515625
Memory cached:  10.0
	 epoch  50 training error:  tensor(1., device='cuda:0', grad_fn=<DivBackward0>)
Memory status after this epoch: 
Memory allocated:  5.03515625
Memory cached:  10.0
	 epoch  60 training error:  tensor(1., device='cuda:0', grad_fn=<DivBackward0>)
Memory status after this epoch: 
Memory allocated:  5.03515625
Memory cached:  10.0
	 epoch  70 training error:  tensor(1., device='cuda:0', grad_fn=<DivBackward0>)
Memory status after this epoch: 
Memory allocated:  5.03515625
Memory cached:  10.0
	 epoch  80 training error:  tensor(1., device='cuda:0', grad_fn=<DivBackward0>)
Memory status after this epoch: 
Memory allocated:  5.03515625
Memory cached:  10.0
	 epoch  90 training error:  tensor(1., device='cuda:0', grad_fn=<DivBackward0>)
Memory status after this epoch: 
Memory allocated:  5.03515625
Memory cached:  10.0
[I 2023-10-30 16:08:53,321] Trial 5 finished with value: 1.0 and parameters: {'W_layers': 5, 'W_layer_units_exponent_0': 4, 'W_layer_units_exponent_1': 9, 'W_layer_units_exponent_2': 9, 'W_layer_units_exponent_3': 6, 'W_layer_units_exponent_4': 5, 'D_layers': 2, 'D_layer_units_exponent_0': 6, 'D_layer_units_exponent_1': 10, 'log_learning_rate': -1.6983274779667004, 'log_learning_rate_D': -2.7394310537193727, 'training_batch_size': 11, 'training_p': 6}. Best is trial 1 with value: 0.22552898526191711.
Time for this trial:  16.224691152572632
Memory status after this trial: 
Memory allocated:  64.07470703125
Memory cached:  72.0
--------------------  Trial  6   --------------------
Start timing: 
Parameters: 
{'W_layers': 5, 'W_layer_units_exponent_0': 9, 'W_layer_units_exponent_1': 9, 'W_layer_units_exponent_2': 4, 'W_layer_units_exponent_3': 8, 'W_layer_units_exponent_4': 4, 'D_layers': 3, 'D_layer_units_exponent_0': 4, 'D_layer_units_exponent_1': 10, 'D_layer_units_exponent_2': 4, 'log_learning_rate': -3.261646773311522, 'log_learning_rate_D': -4.3594941993907135, 'training_batch_size': 10, 'training_p': 5}
	 epoch  0 training error:  tensor(1.0000, device='cuda:0', grad_fn=<DivBackward0>)
Memory status after this epoch: 
Memory allocated:  4.5087890625
Memory cached:  8.0
	 epoch  10 training error:  tensor(0.5885, device='cuda:0', grad_fn=<DivBackward0>)
Memory status after this epoch: 
Memory allocated:  4.5087890625
Memory cached:  8.0
	 epoch  20 training error:  tensor(0.3753, device='cuda:0', grad_fn=<DivBackward0>)
Memory status after this epoch: 
Memory allocated:  4.5087890625
Memory cached:  8.0
	 epoch  30 training error:  tensor(0.2784, device='cuda:0', grad_fn=<DivBackward0>)
Memory status after this epoch: 
Memory allocated:  4.5087890625
Memory cached:  8.0
	 epoch  40 training error:  tensor(0.2698, device='cuda:0', grad_fn=<DivBackward0>)
Memory status after this epoch: 
Memory allocated:  4.5087890625
Memory cached:  8.0
	 epoch  50 training error:  tensor(0.2562, device='cuda:0', grad_fn=<DivBackward0>)
Memory status after this epoch: 
Memory allocated:  4.5087890625
Memory cached:  8.0
	 epoch  60 training error:  tensor(0.2576, device='cuda:0', grad_fn=<DivBackward0>)
Memory status after this epoch: 
Memory allocated:  4.5087890625
Memory cached:  8.0
	 epoch  70 training error:  tensor(0.2556, device='cuda:0', grad_fn=<DivBackward0>)
Memory status after this epoch: 
Memory allocated:  4.5087890625
Memory cached:  8.0
	 epoch  80 training error:  tensor(0.2553, device='cuda:0', grad_fn=<DivBackward0>)
Memory status after this epoch: 
Memory allocated:  4.5087890625
Memory cached:  8.0
	 epoch  90 training error:  tensor(0.2553, device='cuda:0', grad_fn=<DivBackward0>)
Memory status after this epoch: 
Memory allocated:  4.5087890625
Memory cached:  8.0
[I 2023-10-30 16:09:09,694] Trial 6 finished with value: 0.2267376184463501 and parameters: {'W_layers': 5, 'W_layer_units_exponent_0': 9, 'W_layer_units_exponent_1': 9, 'W_layer_units_exponent_2': 4, 'W_layer_units_exponent_3': 8, 'W_layer_units_exponent_4': 4, 'D_layers': 3, 'D_layer_units_exponent_0': 4, 'D_layer_units_exponent_1': 10, 'D_layer_units_exponent_2': 4, 'log_learning_rate': -3.261646773311522, 'log_learning_rate_D': -4.3594941993907135, 'training_batch_size': 10, 'training_p': 5}. Best is trial 1 with value: 0.22552898526191711.
Time for this trial:  16.283564805984497
Memory status after this trial: 
Memory allocated:  73.27490234375
Memory cached:  86.0
--------------------  Trial  7   --------------------
Start timing: 
Parameters: 
{'W_layers': 5, 'W_layer_units_exponent_0': 4, 'W_layer_units_exponent_1': 6, 'W_layer_units_exponent_2': 4, 'W_layer_units_exponent_3': 6, 'W_layer_units_exponent_4': 8, 'D_layers': 4, 'D_layer_units_exponent_0': 4, 'D_layer_units_exponent_1': 7, 'D_layer_units_exponent_2': 9, 'D_layer_units_exponent_3': 4, 'log_learning_rate': -2.8186683610699315, 'log_learning_rate_D': -3.068524399971629, 'training_batch_size': 8, 'training_p': 5}
	 epoch  0 training error:  tensor(1.0000, device='cuda:0', grad_fn=<DivBackward0>)
Memory status after this epoch: 
Memory allocated:  0.70263671875
Memory cached:  4.0
	 epoch  10 training error:  tensor(0.9936, device='cuda:0', grad_fn=<DivBackward0>)
Memory status after this epoch: 
Memory allocated:  0.70263671875
Memory cached:  4.0
	 epoch  20 training error:  tensor(0.8644, device='cuda:0', grad_fn=<DivBackward0>)
Memory status after this epoch: 
Memory allocated:  0.70263671875
Memory cached:  4.0
	 epoch  30 training error:  tensor(0.2663, device='cuda:0', grad_fn=<DivBackward0>)
Memory status after this epoch: 
Memory allocated:  0.70263671875
Memory cached:  4.0
	 epoch  40 training error:  tensor(0.3096, device='cuda:0', grad_fn=<DivBackward0>)
Memory status after this epoch: 
Memory allocated:  0.70263671875
Memory cached:  4.0
	 epoch  50 training error:  tensor(0.2709, device='cuda:0', grad_fn=<DivBackward0>)
Memory status after this epoch: 
Memory allocated:  0.70263671875
Memory cached:  4.0
	 epoch  60 training error:  tensor(0.2583, device='cuda:0', grad_fn=<DivBackward0>)
Memory status after this epoch: 
Memory allocated:  0.70263671875
Memory cached:  4.0
	 epoch  70 training error:  tensor(0.2561, device='cuda:0', grad_fn=<DivBackward0>)
Memory status after this epoch: 
Memory allocated:  0.70263671875
Memory cached:  4.0
	 epoch  80 training error:  tensor(0.2557, device='cuda:0', grad_fn=<DivBackward0>)
Memory status after this epoch: 
Memory allocated:  0.70263671875
Memory cached:  4.0
	 epoch  90 training error:  tensor(0.2555, device='cuda:0', grad_fn=<DivBackward0>)
Memory status after this epoch: 
Memory allocated:  0.70263671875
Memory cached:  4.0
