[I 2023-11-03 23:28:26,398] Trial 21 finished with value: 0.043804898858070374 and parameters: {'W_layers': 2, 'W_layer_units_exponent_0': 8, 'W_layer_units_exponent_1': 5, 'D_layers': 3, 'D_layer_units_exponent_0': 8, 'D_layer_units_exponent_1': 9, 'D_layer_units_exponent_2': 6, 'log_learning_rate': -3.4363459863364962, 'log_learning_rate_D': -3.3907438860978343, 'training_batch_size': 7, 'training_p': 5}. Best is trial 17 with value: 0.028869470581412315.
Time for this trial:  99.03635549545288
Memory status after this trial: 
Memory allocated:  61.3603515625
Memory cached:  64.0
--------------------  Trial  22   --------------------
Start timing: 
Parameters: 
{'W_layers': 3, 'W_layer_units_exponent_0': 8, 'W_layer_units_exponent_1': 5, 'W_layer_units_exponent_2': 9, 'D_layers': 2, 'D_layer_units_exponent_0': 8, 'D_layer_units_exponent_1': 8, 'log_learning_rate': -3.117221767165154, 'log_learning_rate_D': -3.3147214067102007, 'training_batch_size': 9, 'training_p': 5}
	 epoch  0 training error:  tensor(0.9033, device='cuda:0', grad_fn=<DivBackward0>)
Memory status after this epoch: 
Memory allocated:  1.4560546875
Memory cached:  8.0
	 epoch  10 training error:  tensor(0.3394, device='cuda:0', grad_fn=<DivBackward0>)
Memory status after this epoch: 
Memory allocated:  1.4560546875
Memory cached:  12.0
	 epoch  20 training error:  tensor(0.0882, device='cuda:0', grad_fn=<DivBackward0>)
Memory status after this epoch: 
Memory allocated:  1.4560546875
Memory cached:  14.0
	 epoch  30 training error:  tensor(0.0684, device='cuda:0', grad_fn=<DivBackward0>)
Memory status after this epoch: 
Memory allocated:  1.4560546875
Memory cached:  12.0
	 epoch  40 training error:  tensor(0.0529, device='cuda:0', grad_fn=<DivBackward0>)
Memory status after this epoch: 
Memory allocated:  1.4560546875
Memory cached:  14.0
	 epoch  50 training error:  tensor(0.0474, device='cuda:0', grad_fn=<DivBackward0>)
Memory status after this epoch: 
Memory allocated:  1.4560546875
Memory cached:  12.0
	 epoch  60 training error:  tensor(0.0429, device='cuda:0', grad_fn=<DivBackward0>)
Memory status after this epoch: 
Memory allocated:  1.4560546875
Memory cached:  14.0
	 epoch  70 training error:  tensor(0.0394, device='cuda:0', grad_fn=<DivBackward0>)
Memory status after this epoch: 
Memory allocated:  1.4560546875
Memory cached:  14.0
	 epoch  80 training error:  tensor(0.0427, device='cuda:0', grad_fn=<DivBackward0>)
Memory status after this epoch: 
Memory allocated:  1.4560546875
Memory cached:  14.0
	 epoch  90 training error:  tensor(0.0436, device='cuda:0', grad_fn=<DivBackward0>)
Memory status after this epoch: 
Memory allocated:  1.4560546875
Memory cached:  14.0
[I 2023-11-03 23:30:06,132] Trial 22 finished with value: 0.03688892349600792 and parameters: {'W_layers': 3, 'W_layer_units_exponent_0': 8, 'W_layer_units_exponent_1': 5, 'W_layer_units_exponent_2': 9, 'D_layers': 2, 'D_layer_units_exponent_0': 8, 'D_layer_units_exponent_1': 8, 'log_learning_rate': -3.117221767165154, 'log_learning_rate_D': -3.3147214067102007, 'training_batch_size': 9, 'training_p': 5}. Best is trial 17 with value: 0.028869470581412315.
Time for this trial:  99.53838872909546
Memory status after this trial: 
Memory allocated:  71.1650390625
Memory cached:  74.0
--------------------  Trial  23   --------------------
Start timing: 
Parameters: 
{'W_layers': 2, 'W_layer_units_exponent_0': 6, 'W_layer_units_exponent_1': 6, 'D_layers': 4, 'D_layer_units_exponent_0': 9, 'D_layer_units_exponent_1': 9, 'D_layer_units_exponent_2': 6, 'D_layer_units_exponent_3': 7, 'log_learning_rate': -4.292245195539472, 'log_learning_rate_D': -4.532077392312562, 'training_batch_size': 8, 'training_p': 6}
	 epoch  0 training error:  tensor(0.7838, device='cuda:0', grad_fn=<DivBackward0>)
Memory status after this epoch: 
Memory allocated:  4.7607421875
Memory cached:  10.0
	 epoch  10 training error:  tensor(0.5654, device='cuda:0', grad_fn=<DivBackward0>)
Memory status after this epoch: 
Memory allocated:  4.7607421875
Memory cached:  14.0
	 epoch  20 training error:  tensor(0.3533, device='cuda:0', grad_fn=<DivBackward0>)
Memory status after this epoch: 
Memory allocated:  4.7607421875
Memory cached:  16.0
	 epoch  30 training error:  tensor(0.2111, device='cuda:0', grad_fn=<DivBackward0>)
Memory status after this epoch: 
Memory allocated:  4.7607421875
Memory cached:  14.0
	 epoch  40 training error:  tensor(0.2208, device='cuda:0', grad_fn=<DivBackward0>)
Memory status after this epoch: 
Memory allocated:  4.7607421875
Memory cached:  14.0
	 epoch  50 training error:  tensor(0.1996, device='cuda:0', grad_fn=<DivBackward0>)
Memory status after this epoch: 
Memory allocated:  4.7607421875
Memory cached:  16.0
	 epoch  60 training error:  tensor(0.1898, device='cuda:0', grad_fn=<DivBackward0>)
Memory status after this epoch: 
Memory allocated:  4.7607421875
Memory cached:  14.0
	 epoch  70 training error:  tensor(0.1797, device='cuda:0', grad_fn=<DivBackward0>)
Memory status after this epoch: 
Memory allocated:  4.7607421875
Memory cached:  14.0
	 epoch  80 training error:  tensor(0.1702, device='cuda:0', grad_fn=<DivBackward0>)
Memory status after this epoch: 
Memory allocated:  4.7607421875
Memory cached:  14.0
	 epoch  90 training error:  tensor(0.1603, device='cuda:0', grad_fn=<DivBackward0>)
Memory status after this epoch: 
Memory allocated:  4.7607421875
Memory cached:  16.0
[I 2023-11-03 23:31:53,407] Trial 23 finished with value: 0.12567733228206635 and parameters: {'W_layers': 2, 'W_layer_units_exponent_0': 6, 'W_layer_units_exponent_1': 6, 'D_layers': 4, 'D_layer_units_exponent_0': 9, 'D_layer_units_exponent_1': 9, 'D_layer_units_exponent_2': 6, 'D_layer_units_exponent_3': 7, 'log_learning_rate': -4.292245195539472, 'log_learning_rate_D': -4.532077392312562, 'training_batch_size': 8, 'training_p': 6}. Best is trial 17 with value: 0.028869470581412315.
Time for this trial:  107.08009910583496
Memory status after this trial: 
Memory allocated:  74.150390625
Memory cached:  78.0
--------------------  Trial  24   --------------------
Start timing: 
Parameters: 
{'W_layers': 5, 'W_layer_units_exponent_0': 7, 'W_layer_units_exponent_1': 5, 'W_layer_units_exponent_2': 8, 'W_layer_units_exponent_3': 8, 'W_layer_units_exponent_4': 8, 'D_layers': 3, 'D_layer_units_exponent_0': 8, 'D_layer_units_exponent_1': 10, 'D_layer_units_exponent_2': 5, 'log_learning_rate': -3.6865913086604576, 'log_learning_rate_D': -4.091555273082912, 'training_batch_size': 11, 'training_p': 7}
	 epoch  0 training error:  tensor(1.1592, device='cuda:0', grad_fn=<DivBackward0>)
Memory status after this epoch: 
Memory allocated:  6.7744140625
Memory cached:  10.0
	 epoch  10 training error:  tensor(0.2015, device='cuda:0', grad_fn=<DivBackward0>)
Memory status after this epoch: 
Memory allocated:  6.7744140625
Memory cached:  14.0
	 epoch  20 training error:  tensor(0.1450, device='cuda:0', grad_fn=<DivBackward0>)
Memory status after this epoch: 
Memory allocated:  6.7744140625
Memory cached:  14.0
	 epoch  30 training error:  tensor(0.0910, device='cuda:0', grad_fn=<DivBackward0>)
Memory status after this epoch: 
Memory allocated:  6.7744140625
Memory cached:  16.0
	 epoch  40 training error:  tensor(0.0746, device='cuda:0', grad_fn=<DivBackward0>)
Memory status after this epoch: 
Memory allocated:  6.7744140625
Memory cached:  14.0
	 epoch  50 training error:  tensor(0.0510, device='cuda:0', grad_fn=<DivBackward0>)
Memory status after this epoch: 
Memory allocated:  6.7744140625
Memory cached:  14.0
	 epoch  60 training error:  tensor(0.0516, device='cuda:0', grad_fn=<DivBackward0>)
Memory status after this epoch: 
Memory allocated:  6.7744140625
Memory cached:  16.0
	 epoch  70 training error:  tensor(0.0477, device='cuda:0', grad_fn=<DivBackward0>)
Memory status after this epoch: 
Memory allocated:  6.7744140625
Memory cached:  14.0
	 epoch  80 training error:  tensor(0.0467, device='cuda:0', grad_fn=<DivBackward0>)
Memory status after this epoch: 
Memory allocated:  6.7744140625
Memory cached:  16.0
	 epoch  90 training error:  tensor(0.0450, device='cuda:0', grad_fn=<DivBackward0>)
Memory status after this epoch: 
Memory allocated:  6.7744140625
Memory cached:  14.0
[I 2023-11-03 23:34:01,133] Trial 24 finished with value: 0.0378258153796196 and parameters: {'W_layers': 5, 'W_layer_units_exponent_0': 7, 'W_layer_units_exponent_1': 5, 'W_layer_units_exponent_2': 8, 'W_layer_units_exponent_3': 8, 'W_layer_units_exponent_4': 8, 'D_layers': 3, 'D_layer_units_exponent_0': 8, 'D_layer_units_exponent_1': 10, 'D_layer_units_exponent_2': 5, 'log_learning_rate': -3.6865913086604576, 'log_learning_rate_D': -4.091555273082912, 'training_batch_size': 11, 'training_p': 7}. Best is trial 17 with value: 0.028869470581412315.
Time for this trial:  127.54328942298889
Memory status after this trial: 
Memory allocated:  122.95751953125
Memory cached:  128.0
--------------------  Trial  25   --------------------
Start timing: 
Parameters: 
{'W_layers': 3, 'W_layer_units_exponent_0': 9, 'W_layer_units_exponent_1': 8, 'W_layer_units_exponent_2': 6, 'D_layers': 2, 'D_layer_units_exponent_0': 7, 'D_layer_units_exponent_1': 9, 'log_learning_rate': -4.068183703023128, 'log_learning_rate_D': -3.701059050357963, 'training_batch_size': 7, 'training_p': 4}
	 epoch  0 training error:  tensor(0.9450, device='cuda:0', grad_fn=<DivBackward0>)
Memory status after this epoch: 
Memory allocated:  3.3369140625
Memory cached:  10.0
	 epoch  10 training error:  tensor(0.1970, device='cuda:0', grad_fn=<DivBackward0>)
Memory status after this epoch: 
Memory allocated:  3.3369140625
Memory cached:  14.0
	 epoch  20 training error:  tensor(0.0895, device='cuda:0', grad_fn=<DivBackward0>)
Memory status after this epoch: 
Memory allocated:  3.3369140625
Memory cached:  14.0
	 epoch  30 training error:  tensor(0.0963, device='cuda:0', grad_fn=<DivBackward0>)
Memory status after this epoch: 
Memory allocated:  3.3369140625
Memory cached:  14.0
	 epoch  40 training error:  tensor(0.0737, device='cuda:0', grad_fn=<DivBackward0>)
Memory status after this epoch: 
Memory allocated:  3.3369140625
Memory cached:  14.0
	 epoch  50 training error:  tensor(0.0676, device='cuda:0', grad_fn=<DivBackward0>)
Memory status after this epoch: 
Memory allocated:  3.3369140625
Memory cached:  14.0
	 epoch  60 training error:  tensor(0.0609, device='cuda:0', grad_fn=<DivBackward0>)
Memory status after this epoch: 
Memory allocated:  3.3369140625
Memory cached:  14.0
	 epoch  70 training error:  tensor(0.0504, device='cuda:0', grad_fn=<DivBackward0>)
Memory status after this epoch: 
Memory allocated:  3.3369140625
Memory cached:  14.0
	 epoch  80 training error:  tensor(0.0411, device='cuda:0', grad_fn=<DivBackward0>)
Memory status after this epoch: 
Memory allocated:  3.3369140625
Memory cached:  14.0
	 epoch  90 training error:  tensor(0.0361, device='cuda:0', grad_fn=<DivBackward0>)
Memory status after this epoch: 
Memory allocated:  3.3369140625
Memory cached:  14.0
[I 2023-11-03 23:35:41,838] Trial 25 finished with value: 0.032502274960279465 and parameters: {'W_layers': 3, 'W_layer_units_exponent_0': 9, 'W_layer_units_exponent_1': 8, 'W_layer_units_exponent_2': 6, 'D_layers': 2, 'D_layer_units_exponent_0': 7, 'D_layer_units_exponent_1': 9, 'log_learning_rate': -4.068183703023128, 'log_learning_rate_D': -3.701059050357963, 'training_batch_size': 7, 'training_p': 4}. Best is trial 17 with value: 0.028869470581412315.
Time for this trial:  100.51249027252197
Memory status after this trial: 
Memory allocated:  80.58203125
Memory cached:  84.0
--------------------  Trial  26   --------------------
Start timing: 
Parameters: 
{'W_layers': 4, 'W_layer_units_exponent_0': 9, 'W_layer_units_exponent_1': 8, 'W_layer_units_exponent_2': 6, 'W_layer_units_exponent_3': 6, 'D_layers': 2, 'D_layer_units_exponent_0': 6, 'D_layer_units_exponent_1': 8, 'log_learning_rate': -4.173039066987985, 'log_learning_rate_D': -3.6939345983338883, 'training_batch_size': 6, 'training_p': 3}
	 epoch  0 training error:  tensor(0.7743, device='cuda:0', grad_fn=<DivBackward0>)
Memory status after this epoch: 
Memory allocated:  2.6201171875
Memory cached:  10.0
	 epoch  10 training error:  tensor(0.1563, device='cuda:0', grad_fn=<DivBackward0>)
Memory status after this epoch: 
Memory allocated:  2.6201171875
Memory cached:  10.0
	 epoch  20 training error:  tensor(0.0491, device='cuda:0', grad_fn=<DivBackward0>)
Memory status after this epoch: 
Memory allocated:  2.6201171875
Memory cached:  10.0
	 epoch  30 training error:  tensor(0.0415, device='cuda:0', grad_fn=<DivBackward0>)
Memory status after this epoch: 
Memory allocated:  2.6201171875
Memory cached:  10.0
	 epoch  40 training error:  tensor(0.0375, device='cuda:0', grad_fn=<DivBackward0>)
Memory status after this epoch: 
Memory allocated:  2.6201171875
Memory cached:  10.0
	 epoch  50 training error:  tensor(0.0354, device='cuda:0', grad_fn=<DivBackward0>)
Memory status after this epoch: 
Memory allocated:  2.6201171875
Memory cached:  10.0
	 epoch  60 training error:  tensor(0.0329, device='cuda:0', grad_fn=<DivBackward0>)
Memory status after this epoch: 
Memory allocated:  2.6201171875
Memory cached:  10.0
	 epoch  70 training error:  tensor(0.0304, device='cuda:0', grad_fn=<DivBackward0>)
Memory status after this epoch: 
Memory allocated:  2.6201171875
Memory cached:  10.0
	 epoch  80 training error:  tensor(0.0264, device='cuda:0', grad_fn=<DivBackward0>)
Memory status after this epoch: 
Memory allocated:  2.6201171875
Memory cached:  10.0
	 epoch  90 training error:  tensor(0.0261, device='cuda:0', grad_fn=<DivBackward0>)
Memory status after this epoch: 
Memory allocated:  2.6201171875
Memory cached:  10.0
[I 2023-11-03 23:38:53,256] Trial 26 finished with value: 0.027899861335754395 and parameters: {'W_layers': 4, 'W_layer_units_exponent_0': 9, 'W_layer_units_exponent_1': 8, 'W_layer_units_exponent_2': 6, 'W_layer_units_exponent_3': 6, 'D_layers': 2, 'D_layer_units_exponent_0': 6, 'D_layer_units_exponent_1': 8, 'log_learning_rate': -4.173039066987985, 'log_learning_rate_D': -3.6939345983338883, 'training_batch_size': 6, 'training_p': 3}. Best is trial 26 with value: 0.027899861335754395.
Time for this trial:  191.2187271118164
Memory status after this trial: 
Memory allocated:  66.7353515625
Memory cached:  70.0
--------------------  Trial  27   --------------------
Start timing: 
Parameters: 
{'W_layers': 4, 'W_layer_units_exponent_0': 10, 'W_layer_units_exponent_1': 7, 'W_layer_units_exponent_2': 7, 'W_layer_units_exponent_3': 5, 'D_layers': 2, 'D_layer_units_exponent_0': 5, 'D_layer_units_exponent_1': 8, 'log_learning_rate': -4.309511840282455, 'log_learning_rate_D': -4.596270991745944, 'training_batch_size': 6, 'training_p': 3}
	 epoch  0 training error:  tensor(0.7844, device='cuda:0', grad_fn=<DivBackward0>)
Memory status after this epoch: 
Memory allocated:  2.5166015625
Memory cached:  12.0
	 epoch  10 training error:  tensor(0.1515, device='cuda:0', grad_fn=<DivBackward0>)
Memory status after this epoch: 
Memory allocated:  2.5166015625
Memory cached:  12.0
	 epoch  20 training error:  tensor(0.0657, device='cuda:0', grad_fn=<DivBackward0>)
Memory status after this epoch: 
Memory allocated:  2.5166015625
Memory cached:  12.0
	 epoch  30 training error:  tensor(0.0587, device='cuda:0', grad_fn=<DivBackward0>)
Memory status after this epoch: 
Memory allocated:  2.5166015625
Memory cached:  12.0
	 epoch  40 training error:  tensor(0.0543, device='cuda:0', grad_fn=<DivBackward0>)
Memory status after this epoch: 
Memory allocated:  2.5166015625
Memory cached:  12.0
	 epoch  50 training error:  tensor(0.0472, device='cuda:0', grad_fn=<DivBackward0>)
Memory status after this epoch: 
Memory allocated:  2.5166015625
Memory cached:  12.0
	 epoch  60 training error:  tensor(0.0410, device='cuda:0', grad_fn=<DivBackward0>)
Memory status after this epoch: 
Memory allocated:  2.5166015625
Memory cached:  12.0
	 epoch  70 training error:  tensor(0.0374, device='cuda:0', grad_fn=<DivBackward0>)
Memory status after this epoch: 
Memory allocated:  2.5166015625
Memory cached:  12.0
	 epoch  80 training error:  tensor(0.0366, device='cuda:0', grad_fn=<DivBackward0>)
Memory status after this epoch: 
Memory allocated:  2.5166015625
Memory cached:  12.0
	 epoch  90 training error:  tensor(0.0330, device='cuda:0', grad_fn=<DivBackward0>)
Memory status after this epoch: 
Memory allocated:  2.5166015625
Memory cached:  12.0
[I 2023-11-03 23:42:04,389] Trial 27 finished with value: 0.03729453682899475 and parameters: {'W_layers': 4, 'W_layer_units_exponent_0': 10, 'W_layer_units_exponent_1': 7, 'W_layer_units_exponent_2': 7, 'W_layer_units_exponent_3': 5, 'D_layers': 2, 'D_layer_units_exponent_0': 5, 'D_layer_units_exponent_1': 8, 'log_learning_rate': -4.309511840282455, 'log_learning_rate_D': -4.596270991745944, 'training_batch_size': 6, 'training_p': 3}. Best is trial 26 with value: 0.027899861335754395.
Time for this trial:  190.91293096542358
Memory status after this trial: 
Memory allocated:  87.20849609375
Memory cached:  90.0
--------------------  Trial  28   --------------------
Start timing: 
Parameters: 
{'W_layers': 5, 'W_layer_units_exponent_0': 5, 'W_layer_units_exponent_1': 8, 'W_layer_units_exponent_2': 7, 'W_layer_units_exponent_3': 6, 'W_layer_units_exponent_4': 10, 'D_layers': 4, 'D_layer_units_exponent_0': 5, 'D_layer_units_exponent_1': 7, 'D_layer_units_exponent_2': 8, 'D_layer_units_exponent_3': 10, 'log_learning_rate': -4.934865180465888, 'log_learning_rate_D': -4.180403462813774, 'training_batch_size': 9, 'training_p': 2}
	 epoch  0 training error:  tensor(0.8350, device='cuda:0', grad_fn=<DivBackward0>)
Memory status after this epoch: 
Memory allocated:  6.4326171875
Memory cached:  14.0
	 epoch  10 training error:  tensor(0.7386, device='cuda:0', grad_fn=<DivBackward0>)
Memory status after this epoch: 
Memory allocated:  6.4326171875
Memory cached:  18.0
	 epoch  20 training error:  tensor(0.6400, device='cuda:0', grad_fn=<DivBackward0>)
Memory status after this epoch: 
Memory allocated:  6.4326171875
Memory cached:  18.0
	 epoch  30 training error:  tensor(0.5361, device='cuda:0', grad_fn=<DivBackward0>)
Memory status after this epoch: 
Memory allocated:  6.4326171875
Memory cached:  18.0
	 epoch  40 training error:  tensor(0.4257, device='cuda:0', grad_fn=<DivBackward0>)
Memory status after this epoch: 
Memory allocated:  6.4326171875
Memory cached:  18.0
	 epoch  50 training error:  tensor(0.3089, device='cuda:0', grad_fn=<DivBackward0>)
Memory status after this epoch: 
Memory allocated:  6.4326171875
Memory cached:  18.0
	 epoch  60 training error:  tensor(0.1979, device='cuda:0', grad_fn=<DivBackward0>)
Memory status after this epoch: 
Memory allocated:  6.4326171875
Memory cached:  18.0
	 epoch  70 training error:  tensor(0.1446, device='cuda:0', grad_fn=<DivBackward0>)
Memory status after this epoch: 
Memory allocated:  6.4326171875
Memory cached:  18.0
	 epoch  80 training error:  tensor(0.1374, device='cuda:0', grad_fn=<DivBackward0>)
Memory status after this epoch: 
Memory allocated:  6.4326171875
Memory cached:  18.0
	 epoch  90 training error:  tensor(0.1286, device='cuda:0', grad_fn=<DivBackward0>)
Memory status after this epoch: 
Memory allocated:  6.4326171875
Memory cached:  18.0
