[I 2023-11-04 06:29:54,753] Trial 37 finished with value: 0.04281625151634216 and parameters: {'W_layers': 3, 'W_layer_units_exponent_0': 10, 'W_layer_units_exponent_1': 6, 'W_layer_units_exponent_2': 4, 'D_layers': 3, 'D_layer_units_exponent_0': 10, 'D_layer_units_exponent_1': 7, 'D_layer_units_exponent_2': 7, 'log_learning_rate': -4.284814705070875, 'log_learning_rate_D': -3.9286316237469086, 'training_batch_size': 12, 'training_p': 4}. Best is trial 23 with value: 0.03218543529510498.
Time for this trial:  117.85071349143982
Memory status after this trial: 
Memory allocated:  129.35546875
Memory cached:  132.0
--------------------  Trial  38   --------------------
Start timing: 
Parameters: 
{'W_layers': 4, 'W_layer_units_exponent_0': 8, 'W_layer_units_exponent_1': 6, 'W_layer_units_exponent_2': 10, 'W_layer_units_exponent_3': 8, 'D_layers': 2, 'D_layer_units_exponent_0': 9, 'D_layer_units_exponent_1': 6, 'log_learning_rate': -3.988367371132676, 'log_learning_rate_D': -4.308715579398214, 'training_batch_size': 11, 'training_p': 5}
	 epoch  0 training error:  tensor(1.0681, device='cuda:0', grad_fn=<DivBackward0>)
Memory status after this epoch: 
Memory allocated:  5.9287109375
Memory cached:  16.0
	 epoch  10 training error:  tensor(0.2249, device='cuda:0', grad_fn=<DivBackward0>)
Memory status after this epoch: 
Memory allocated:  5.9287109375
Memory cached:  22.0
	 epoch  20 training error:  tensor(0.0822, device='cuda:0', grad_fn=<DivBackward0>)
Memory status after this epoch: 
Memory allocated:  5.9287109375
Memory cached:  18.0
	 epoch  30 training error:  tensor(0.0799, device='cuda:0', grad_fn=<DivBackward0>)
Memory status after this epoch: 
Memory allocated:  5.9287109375
Memory cached:  20.0
	 epoch  40 training error:  tensor(0.0604, device='cuda:0', grad_fn=<DivBackward0>)
Memory status after this epoch: 
Memory allocated:  5.9287109375
Memory cached:  18.0
	 epoch  50 training error:  tensor(0.0588, device='cuda:0', grad_fn=<DivBackward0>)
Memory status after this epoch: 
Memory allocated:  5.9287109375
Memory cached:  18.0
	 epoch  60 training error:  tensor(0.0530, device='cuda:0', grad_fn=<DivBackward0>)
Memory status after this epoch: 
Memory allocated:  5.9287109375
Memory cached:  20.0
	 epoch  70 training error:  tensor(0.0504, device='cuda:0', grad_fn=<DivBackward0>)
Memory status after this epoch: 
Memory allocated:  5.9287109375
Memory cached:  18.0
	 epoch  80 training error:  tensor(0.0499, device='cuda:0', grad_fn=<DivBackward0>)
Memory status after this epoch: 
Memory allocated:  5.9287109375
Memory cached:  18.0
	 epoch  90 training error:  tensor(0.0491, device='cuda:0', grad_fn=<DivBackward0>)
Memory status after this epoch: 
Memory allocated:  5.9287109375
Memory cached:  20.0
[I 2023-11-04 06:31:47,829] Trial 38 finished with value: 0.04441085085272789 and parameters: {'W_layers': 4, 'W_layer_units_exponent_0': 8, 'W_layer_units_exponent_1': 6, 'W_layer_units_exponent_2': 10, 'W_layer_units_exponent_3': 8, 'D_layers': 2, 'D_layer_units_exponent_0': 9, 'D_layer_units_exponent_1': 6, 'log_learning_rate': -3.988367371132676, 'log_learning_rate_D': -4.308715579398214, 'training_batch_size': 11, 'training_p': 5}. Best is trial 23 with value: 0.03218543529510498.
Time for this trial:  112.85909295082092
Memory status after this trial: 
Memory allocated:  119.609375
Memory cached:  124.0
--------------------  Trial  39   --------------------
Start timing: 
Parameters: 
{'W_layers': 4, 'W_layer_units_exponent_0': 10, 'W_layer_units_exponent_1': 7, 'W_layer_units_exponent_2': 4, 'W_layer_units_exponent_3': 9, 'D_layers': 3, 'D_layer_units_exponent_0': 8, 'D_layer_units_exponent_1': 7, 'D_layer_units_exponent_2': 8, 'log_learning_rate': -3.677211707126687, 'log_learning_rate_D': -3.7840955563471974, 'training_batch_size': 12, 'training_p': 3}
	 epoch  0 training error:  tensor(0.9532, device='cuda:0', grad_fn=<DivBackward0>)
Memory status after this epoch: 
Memory allocated:  3.4169921875
Memory cached:  12.0
	 epoch  10 training error:  tensor(0.1876, device='cuda:0', grad_fn=<DivBackward0>)
Memory status after this epoch: 
Memory allocated:  3.4169921875
Memory cached:  18.0
	 epoch  20 training error:  tensor(0.0832, device='cuda:0', grad_fn=<DivBackward0>)
Memory status after this epoch: 
Memory allocated:  3.4169921875
Memory cached:  18.0
	 epoch  30 training error:  tensor(0.0479, device='cuda:0', grad_fn=<DivBackward0>)
Memory status after this epoch: 
Memory allocated:  3.4169921875
Memory cached:  18.0
	 epoch  40 training error:  tensor(0.0450, device='cuda:0', grad_fn=<DivBackward0>)
Memory status after this epoch: 
Memory allocated:  3.4169921875
Memory cached:  18.0
	 epoch  50 training error:  tensor(0.0401, device='cuda:0', grad_fn=<DivBackward0>)
Memory status after this epoch: 
Memory allocated:  3.4169921875
Memory cached:  18.0
	 epoch  60 training error:  tensor(0.0367, device='cuda:0', grad_fn=<DivBackward0>)
Memory status after this epoch: 
Memory allocated:  3.4169921875
Memory cached:  18.0
	 epoch  70 training error:  tensor(0.0339, device='cuda:0', grad_fn=<DivBackward0>)
Memory status after this epoch: 
Memory allocated:  3.4169921875
Memory cached:  18.0
	 epoch  80 training error:  tensor(0.0312, device='cuda:0', grad_fn=<DivBackward0>)
Memory status after this epoch: 
Memory allocated:  3.4169921875
Memory cached:  18.0
	 epoch  90 training error:  tensor(0.0290, device='cuda:0', grad_fn=<DivBackward0>)
Memory status after this epoch: 
Memory allocated:  3.4169921875
Memory cached:  18.0
[I 2023-11-04 06:33:48,794] Trial 39 finished with value: 0.02909674122929573 and parameters: {'W_layers': 4, 'W_layer_units_exponent_0': 10, 'W_layer_units_exponent_1': 7, 'W_layer_units_exponent_2': 4, 'W_layer_units_exponent_3': 9, 'D_layers': 3, 'D_layer_units_exponent_0': 8, 'D_layer_units_exponent_1': 7, 'D_layer_units_exponent_2': 8, 'log_learning_rate': -3.677211707126687, 'log_learning_rate_D': -3.7840955563471974, 'training_batch_size': 12, 'training_p': 3}. Best is trial 39 with value: 0.02909674122929573.
Time for this trial:  120.76133608818054
Memory status after this trial: 
Memory allocated:  126.1806640625
Memory cached:  130.0
--------------------  Trial  40   --------------------
Start timing: 
Parameters: 
{'W_layers': 3, 'W_layer_units_exponent_0': 10, 'W_layer_units_exponent_1': 7, 'W_layer_units_exponent_2': 4, 'D_layers': 3, 'D_layer_units_exponent_0': 8, 'D_layer_units_exponent_1': 7, 'D_layer_units_exponent_2': 7, 'log_learning_rate': -4.349015564499413, 'log_learning_rate_D': -4.204692020764513, 'training_batch_size': 12, 'training_p': 3}
	 epoch  0 training error:  tensor(1.0657, device='cuda:0', grad_fn=<DivBackward0>)
Memory status after this epoch: 
Memory allocated:  3.0244140625
Memory cached:  12.0
	 epoch  10 training error:  tensor(0.1095, device='cuda:0', grad_fn=<DivBackward0>)
Memory status after this epoch: 
Memory allocated:  3.0244140625
Memory cached:  16.0
	 epoch  20 training error:  tensor(0.1159, device='cuda:0', grad_fn=<DivBackward0>)
Memory status after this epoch: 
Memory allocated:  3.0244140625
Memory cached:  16.0
	 epoch  30 training error:  tensor(0.0736, device='cuda:0', grad_fn=<DivBackward0>)
Memory status after this epoch: 
Memory allocated:  3.0244140625
Memory cached:  16.0
	 epoch  40 training error:  tensor(0.0728, device='cuda:0', grad_fn=<DivBackward0>)
Memory status after this epoch: 
Memory allocated:  3.0244140625
Memory cached:  16.0
	 epoch  50 training error:  tensor(0.0523, device='cuda:0', grad_fn=<DivBackward0>)
Memory status after this epoch: 
Memory allocated:  3.0244140625
Memory cached:  16.0
	 epoch  60 training error:  tensor(0.0459, device='cuda:0', grad_fn=<DivBackward0>)
Memory status after this epoch: 
Memory allocated:  3.0244140625
Memory cached:  16.0
	 epoch  70 training error:  tensor(0.0437, device='cuda:0', grad_fn=<DivBackward0>)
Memory status after this epoch: 
Memory allocated:  3.0244140625
Memory cached:  16.0
	 epoch  80 training error:  tensor(0.0416, device='cuda:0', grad_fn=<DivBackward0>)
Memory status after this epoch: 
Memory allocated:  3.0244140625
Memory cached:  16.0
	 epoch  90 training error:  tensor(0.0408, device='cuda:0', grad_fn=<DivBackward0>)
Memory status after this epoch: 
Memory allocated:  3.0244140625
Memory cached:  16.0
[I 2023-11-04 06:35:38,037] Trial 40 finished with value: 0.042069368064403534 and parameters: {'W_layers': 3, 'W_layer_units_exponent_0': 10, 'W_layer_units_exponent_1': 7, 'W_layer_units_exponent_2': 4, 'D_layers': 3, 'D_layer_units_exponent_0': 8, 'D_layer_units_exponent_1': 7, 'D_layer_units_exponent_2': 7, 'log_learning_rate': -4.349015564499413, 'log_learning_rate_D': -4.204692020764513, 'training_batch_size': 12, 'training_p': 3}. Best is trial 39 with value: 0.02909674122929573.
Time for this trial:  109.02881050109863
Memory status after this trial: 
Memory allocated:  91.873046875
Memory cached:  94.0
--------------------  Trial  41   --------------------
Start timing: 
Parameters: 
{'W_layers': 4, 'W_layer_units_exponent_0': 10, 'W_layer_units_exponent_1': 7, 'W_layer_units_exponent_2': 4, 'W_layer_units_exponent_3': 10, 'D_layers': 2, 'D_layer_units_exponent_0': 8, 'D_layer_units_exponent_1': 7, 'log_learning_rate': -3.8919133366681287, 'log_learning_rate_D': -3.5195914112421525, 'training_batch_size': 11, 'training_p': 4}
	 epoch  0 training error:  tensor(1.0145, device='cuda:0', grad_fn=<DivBackward0>)
Memory status after this epoch: 
Memory allocated:  3.0517578125
Memory cached:  12.0
	 epoch  10 training error:  tensor(0.1810, device='cuda:0', grad_fn=<DivBackward0>)
Memory status after this epoch: 
Memory allocated:  3.0517578125
Memory cached:  14.0
	 epoch  20 training error:  tensor(0.1235, device='cuda:0', grad_fn=<DivBackward0>)
Memory status after this epoch: 
Memory allocated:  3.0517578125
Memory cached:  14.0
	 epoch  30 training error:  tensor(0.0728, device='cuda:0', grad_fn=<DivBackward0>)
Memory status after this epoch: 
Memory allocated:  3.0517578125
Memory cached:  14.0
	 epoch  40 training error:  tensor(0.0511, device='cuda:0', grad_fn=<DivBackward0>)
Memory status after this epoch: 
Memory allocated:  3.0517578125
Memory cached:  14.0
	 epoch  50 training error:  tensor(0.0465, device='cuda:0', grad_fn=<DivBackward0>)
Memory status after this epoch: 
Memory allocated:  3.0517578125
Memory cached:  14.0
	 epoch  60 training error:  tensor(0.0435, device='cuda:0', grad_fn=<DivBackward0>)
Memory status after this epoch: 
Memory allocated:  3.0517578125
Memory cached:  14.0
	 epoch  70 training error:  tensor(0.0407, device='cuda:0', grad_fn=<DivBackward0>)
Memory status after this epoch: 
Memory allocated:  3.0517578125
Memory cached:  14.0
	 epoch  80 training error:  tensor(0.0390, device='cuda:0', grad_fn=<DivBackward0>)
Memory status after this epoch: 
Memory allocated:  3.0517578125
Memory cached:  14.0
	 epoch  90 training error:  tensor(0.0371, device='cuda:0', grad_fn=<DivBackward0>)
Memory status after this epoch: 
Memory allocated:  3.0517578125
Memory cached:  14.0
[I 2023-11-04 06:37:34,214] Trial 41 finished with value: 0.03548501804471016 and parameters: {'W_layers': 4, 'W_layer_units_exponent_0': 10, 'W_layer_units_exponent_1': 7, 'W_layer_units_exponent_2': 4, 'W_layer_units_exponent_3': 10, 'D_layers': 2, 'D_layer_units_exponent_0': 8, 'D_layer_units_exponent_1': 7, 'log_learning_rate': -3.8919133366681287, 'log_learning_rate_D': -3.5195914112421525, 'training_batch_size': 11, 'training_p': 4}. Best is trial 39 with value: 0.02909674122929573.
Time for this trial:  115.97578477859497
Memory status after this trial: 
Memory allocated:  139.806640625
Memory cached:  142.0
--------------------  Trial  42   --------------------
Start timing: 
Parameters: 
{'W_layers': 4, 'W_layer_units_exponent_0': 10, 'W_layer_units_exponent_1': 6, 'W_layer_units_exponent_2': 5, 'W_layer_units_exponent_3': 9, 'D_layers': 3, 'D_layer_units_exponent_0': 9, 'D_layer_units_exponent_1': 8, 'D_layer_units_exponent_2': 8, 'log_learning_rate': -3.689050496772772, 'log_learning_rate_D': -3.8612962380393623, 'training_batch_size': 12, 'training_p': 3}
	 epoch  0 training error:  tensor(0.9793, device='cuda:0', grad_fn=<DivBackward0>)
Memory status after this epoch: 
Memory allocated:  4.5791015625
Memory cached:  12.0
	 epoch  10 training error:  tensor(0.0808, device='cuda:0', grad_fn=<DivBackward0>)
Memory status after this epoch: 
Memory allocated:  4.5791015625
Memory cached:  14.0
	 epoch  20 training error:  tensor(0.1226, device='cuda:0', grad_fn=<DivBackward0>)
Memory status after this epoch: 
Memory allocated:  4.5791015625
Memory cached:  16.0
	 epoch  30 training error:  tensor(0.0794, device='cuda:0', grad_fn=<DivBackward0>)
Memory status after this epoch: 
Memory allocated:  4.5791015625
Memory cached:  14.0
	 epoch  40 training error:  tensor(0.0505, device='cuda:0', grad_fn=<DivBackward0>)
Memory status after this epoch: 
Memory allocated:  4.5791015625
Memory cached:  16.0
	 epoch  50 training error:  tensor(0.0449, device='cuda:0', grad_fn=<DivBackward0>)
Memory status after this epoch: 
Memory allocated:  4.5791015625
Memory cached:  14.0
	 epoch  60 training error:  tensor(0.0420, device='cuda:0', grad_fn=<DivBackward0>)
Memory status after this epoch: 
Memory allocated:  4.5791015625
Memory cached:  16.0
	 epoch  70 training error:  tensor(0.0392, device='cuda:0', grad_fn=<DivBackward0>)
Memory status after this epoch: 
Memory allocated:  4.5791015625
Memory cached:  14.0
	 epoch  80 training error:  tensor(0.0371, device='cuda:0', grad_fn=<DivBackward0>)
Memory status after this epoch: 
Memory allocated:  4.5791015625
Memory cached:  16.0
	 epoch  90 training error:  tensor(0.0358, device='cuda:0', grad_fn=<DivBackward0>)
Memory status after this epoch: 
Memory allocated:  4.5791015625
Memory cached:  14.0
[I 2023-11-04 06:39:38,532] Trial 42 finished with value: 0.037473227828741074 and parameters: {'W_layers': 4, 'W_layer_units_exponent_0': 10, 'W_layer_units_exponent_1': 6, 'W_layer_units_exponent_2': 5, 'W_layer_units_exponent_3': 9, 'D_layers': 3, 'D_layer_units_exponent_0': 9, 'D_layer_units_exponent_1': 8, 'D_layer_units_exponent_2': 8, 'log_learning_rate': -3.689050496772772, 'log_learning_rate_D': -3.8612962380393623, 'training_batch_size': 12, 'training_p': 3}. Best is trial 39 with value: 0.02909674122929573.
Time for this trial:  124.1015112400055
Memory status after this trial: 
Memory allocated:  144.330078125
Memory cached:  148.0
--------------------  Trial  43   --------------------
Start timing: 
Parameters: 
{'W_layers': 4, 'W_layer_units_exponent_0': 9, 'W_layer_units_exponent_1': 6, 'W_layer_units_exponent_2': 4, 'W_layer_units_exponent_3': 8, 'D_layers': 5, 'D_layer_units_exponent_0': 8, 'D_layer_units_exponent_1': 6, 'D_layer_units_exponent_2': 8, 'D_layer_units_exponent_3': 5, 'D_layer_units_exponent_4': 9, 'log_learning_rate': -3.3949640123069345, 'log_learning_rate_D': -3.676867023834446, 'training_batch_size': 12, 'training_p': 5}
	 epoch  0 training error:  tensor(0.9905, device='cuda:0', grad_fn=<DivBackward0>)
Memory status after this epoch: 
Memory allocated:  1.6416015625
Memory cached:  12.0
	 epoch  10 training error:  tensor(0.1499, device='cuda:0', grad_fn=<DivBackward0>)
Memory status after this epoch: 
Memory allocated:  1.6416015625
Memory cached:  14.0
	 epoch  20 training error:  tensor(0.1192, device='cuda:0', grad_fn=<DivBackward0>)
Memory status after this epoch: 
Memory allocated:  1.6416015625
Memory cached:  14.0
	 epoch  30 training error:  tensor(0.0908, device='cuda:0', grad_fn=<DivBackward0>)
Memory status after this epoch: 
Memory allocated:  1.6416015625
Memory cached:  14.0
	 epoch  40 training error:  tensor(0.0678, device='cuda:0', grad_fn=<DivBackward0>)
Memory status after this epoch: 
Memory allocated:  1.6416015625
Memory cached:  14.0
	 epoch  50 training error:  tensor(0.0540, device='cuda:0', grad_fn=<DivBackward0>)
Memory status after this epoch: 
Memory allocated:  1.6416015625
Memory cached:  14.0
	 epoch  60 training error:  tensor(0.0477, device='cuda:0', grad_fn=<DivBackward0>)
Memory status after this epoch: 
Memory allocated:  1.6416015625
Memory cached:  14.0
	 epoch  70 training error:  tensor(0.0448, device='cuda:0', grad_fn=<DivBackward0>)
Memory status after this epoch: 
Memory allocated:  1.6416015625
Memory cached:  14.0
	 epoch  80 training error:  tensor(0.0432, device='cuda:0', grad_fn=<DivBackward0>)
Memory status after this epoch: 
Memory allocated:  1.6416015625
Memory cached:  14.0
	 epoch  90 training error:  tensor(0.0410, device='cuda:0', grad_fn=<DivBackward0>)
Memory status after this epoch: 
Memory allocated:  1.6416015625
Memory cached:  16.0
[I 2023-11-04 06:41:53,094] Trial 43 finished with value: 0.03660530969500542 and parameters: {'W_layers': 4, 'W_layer_units_exponent_0': 9, 'W_layer_units_exponent_1': 6, 'W_layer_units_exponent_2': 4, 'W_layer_units_exponent_3': 8, 'D_layers': 5, 'D_layer_units_exponent_0': 8, 'D_layer_units_exponent_1': 6, 'D_layer_units_exponent_2': 8, 'D_layer_units_exponent_3': 5, 'D_layer_units_exponent_4': 9, 'log_learning_rate': -3.3949640123069345, 'log_learning_rate_D': -3.676867023834446, 'training_batch_size': 12, 'training_p': 5}. Best is trial 39 with value: 0.02909674122929573.
Time for this trial:  134.34355115890503
Memory status after this trial: 
Memory allocated:  106.23779296875
Memory cached:  108.0
--------------------  Trial  44   --------------------
Start timing: 
Parameters: 
{'W_layers': 4, 'W_layer_units_exponent_0': 10, 'W_layer_units_exponent_1': 7, 'W_layer_units_exponent_2': 5, 'W_layer_units_exponent_3': 9, 'D_layers': 3, 'D_layer_units_exponent_0': 10, 'D_layer_units_exponent_1': 7, 'D_layer_units_exponent_2': 9, 'log_learning_rate': -3.097798957149503, 'log_learning_rate_D': -4.156023293878876, 'training_batch_size': 8, 'training_p': 3}
	 epoch  0 training error:  tensor(1.1699, device='cuda:0', grad_fn=<DivBackward0>)
Memory status after this epoch: 
Memory allocated:  5.6865234375
Memory cached:  16.0
	 epoch  10 training error:  tensor(0.2016, device='cuda:0', grad_fn=<DivBackward0>)
Memory status after this epoch: 
Memory allocated:  5.6865234375
Memory cached:  24.0
	 epoch  20 training error:  tensor(0.1635, device='cuda:0', grad_fn=<DivBackward0>)
Memory status after this epoch: 
Memory allocated:  5.6865234375
Memory cached:  24.0
	 epoch  30 training error:  tensor(0.1358, device='cuda:0', grad_fn=<DivBackward0>)
Memory status after this epoch: 
Memory allocated:  5.6865234375
Memory cached:  24.0
	 epoch  40 training error:  tensor(0.1347, device='cuda:0', grad_fn=<DivBackward0>)
Memory status after this epoch: 
Memory allocated:  5.6865234375
Memory cached:  24.0
	 epoch  50 training error:  tensor(0.0857, device='cuda:0', grad_fn=<DivBackward0>)
Memory status after this epoch: 
Memory allocated:  5.6865234375
Memory cached:  24.0
	 epoch  60 training error:  tensor(0.0506, device='cuda:0', grad_fn=<DivBackward0>)
Memory status after this epoch: 
Memory allocated:  5.6865234375
Memory cached:  24.0
	 epoch  70 training error:  tensor(0.0402, device='cuda:0', grad_fn=<DivBackward0>)
Memory status after this epoch: 
Memory allocated:  5.6865234375
Memory cached:  24.0
	 epoch  80 training error:  tensor(0.0454, device='cuda:0', grad_fn=<DivBackward0>)
Memory status after this epoch: 
Memory allocated:  5.6865234375
Memory cached:  24.0
	 epoch  90 training error:  tensor(0.0497, device='cuda:0', grad_fn=<DivBackward0>)
Memory status after this epoch: 
Memory allocated:  5.6865234375
Memory cached:  24.0
