[I 2023-11-06 11:49:34,346] Trial 11 finished with value: 0.06736546009778976 and parameters: {'W_layers': 5, 'W_layer_units_exponent_0': 8, 'W_layer_units_exponent_1': 10, 'W_layer_units_exponent_2': 6, 'W_layer_units_exponent_3': 4, 'W_layer_units_exponent_4': 4, 'D_layers': 2, 'D_layer_units_exponent_0': 4, 'D_layer_units_exponent_1': 10, 'D_dagger_layers': 4, 'D_dagger_layer_units_exponent_0': 6, 'D_dagger_layer_units_exponent_1': 7, 'D_dagger_layer_units_exponent_2': 4, 'D_dagger_layer_units_exponent_3': 4, 'log_learning_rate': -4.798318888182768, 'log_learning_rate_D': -4.7772544563660215, 'log_learning_rate_D_dagger': -2.575981011503362, 'training_batch_size': 12, 'training_p': 8}. Best is trial 6 with value: 0.032972272485494614.
Time for this trial:  171.5172734260559
Memory status after this trial: 
Memory allocated:  145.037109375
Memory cached:  148.0
--------------------  Trial  12   --------------------
Start timing: 
Parameters: 
{'W_layers': 6, 'W_layer_units_exponent_0': 6, 'W_layer_units_exponent_1': 8, 'W_layer_units_exponent_2': 6, 'W_layer_units_exponent_3': 6, 'W_layer_units_exponent_4': 7, 'W_layer_units_exponent_5': 7, 'D_layers': 2, 'D_layer_units_exponent_0': 5, 'D_layer_units_exponent_1': 10, 'D_dagger_layers': 4, 'D_dagger_layer_units_exponent_0': 6, 'D_dagger_layer_units_exponent_1': 10, 'D_dagger_layer_units_exponent_2': 7, 'D_dagger_layer_units_exponent_3': 5, 'log_learning_rate': -2.664755257818432, 'log_learning_rate_D': -3.985676107522118, 'log_learning_rate_D_dagger': -3.704172675376554, 'training_batch_size': 12, 'training_p': 7}
	 epoch  0 training error:  tensor(0.8777, device='cuda:0', grad_fn=<DivBackward0>)
Memory status after this epoch: 
Memory allocated:  4.69580078125
Memory cached:  104.0
	 epoch  10 training error:  tensor(0.1633, device='cuda:0', grad_fn=<DivBackward0>)
Memory status after this epoch: 
Memory allocated:  4.69580078125
Memory cached:  132.0
	 epoch  20 training error:  tensor(0.1061, device='cuda:0', grad_fn=<DivBackward0>)
Memory status after this epoch: 
Memory allocated:  4.69580078125
Memory cached:  130.0
	 epoch  30 training error:  tensor(0.0944, device='cuda:0', grad_fn=<DivBackward0>)
Memory status after this epoch: 
Memory allocated:  4.69580078125
Memory cached:  126.0
	 epoch  40 training error:  tensor(0.0849, device='cuda:0', grad_fn=<DivBackward0>)
Memory status after this epoch: 
Memory allocated:  4.69580078125
Memory cached:  132.0
	 epoch  50 training error:  tensor(0.0402, device='cuda:0', grad_fn=<DivBackward0>)
Memory status after this epoch: 
Memory allocated:  4.69580078125
Memory cached:  132.0
	 epoch  60 training error:  tensor(0.0470, device='cuda:0', grad_fn=<DivBackward0>)
Memory status after this epoch: 
Memory allocated:  4.69580078125
Memory cached:  128.0
	 epoch  70 training error:  tensor(0.0468, device='cuda:0', grad_fn=<DivBackward0>)
Memory status after this epoch: 
Memory allocated:  4.69580078125
Memory cached:  134.0
	 epoch  80 training error:  tensor(0.0321, device='cuda:0', grad_fn=<DivBackward0>)
Memory status after this epoch: 
Memory allocated:  4.69580078125
Memory cached:  132.0
	 epoch  90 training error:  tensor(0.0305, device='cuda:0', grad_fn=<DivBackward0>)
Memory status after this epoch: 
Memory allocated:  4.69580078125
Memory cached:  130.0
[I 2023-11-06 11:52:31,750] Trial 12 finished with value: 0.03504408895969391 and parameters: {'W_layers': 6, 'W_layer_units_exponent_0': 6, 'W_layer_units_exponent_1': 8, 'W_layer_units_exponent_2': 6, 'W_layer_units_exponent_3': 6, 'W_layer_units_exponent_4': 7, 'W_layer_units_exponent_5': 7, 'D_layers': 2, 'D_layer_units_exponent_0': 5, 'D_layer_units_exponent_1': 10, 'D_dagger_layers': 4, 'D_dagger_layer_units_exponent_0': 6, 'D_dagger_layer_units_exponent_1': 10, 'D_dagger_layer_units_exponent_2': 7, 'D_dagger_layer_units_exponent_3': 5, 'log_learning_rate': -2.664755257818432, 'log_learning_rate_D': -3.985676107522118, 'log_learning_rate_D_dagger': -3.704172675376554, 'training_batch_size': 12, 'training_p': 7}. Best is trial 6 with value: 0.032972272485494614.
Time for this trial:  177.15255784988403
Memory status after this trial: 
Memory allocated:  163.3623046875
Memory cached:  166.0
--------------------  Trial  13   --------------------
Start timing: 
Parameters: 
{'W_layers': 6, 'W_layer_units_exponent_0': 6, 'W_layer_units_exponent_1': 8, 'W_layer_units_exponent_2': 6, 'W_layer_units_exponent_3': 7, 'W_layer_units_exponent_4': 7, 'W_layer_units_exponent_5': 7, 'D_layers': 2, 'D_layer_units_exponent_0': 5, 'D_layer_units_exponent_1': 10, 'D_dagger_layers': 5, 'D_dagger_layer_units_exponent_0': 7, 'D_dagger_layer_units_exponent_1': 5, 'D_dagger_layer_units_exponent_2': 8, 'D_dagger_layer_units_exponent_3': 5, 'D_dagger_layer_units_exponent_4': 4, 'log_learning_rate': -2.427080060770821, 'log_learning_rate_D': -3.8682969092369373, 'log_learning_rate_D_dagger': -3.2462633098325067, 'training_batch_size': 12, 'training_p': 6}
	 epoch  0 training error:  tensor(1.0296, device='cuda:0', grad_fn=<DivBackward0>)
Memory status after this epoch: 
Memory allocated:  2.13134765625
Memory cached:  124.0
	 epoch  10 training error:  tensor(0.3581, device='cuda:0', grad_fn=<DivBackward0>)
Memory status after this epoch: 
Memory allocated:  2.13134765625
Memory cached:  172.0
	 epoch  20 training error:  tensor(0.1105, device='cuda:0', grad_fn=<DivBackward0>)
Memory status after this epoch: 
Memory allocated:  2.13134765625
Memory cached:  170.0
	 epoch  30 training error:  tensor(0.0841, device='cuda:0', grad_fn=<DivBackward0>)
Memory status after this epoch: 
Memory allocated:  2.13134765625
Memory cached:  170.0
	 epoch  40 training error:  tensor(0.0732, device='cuda:0', grad_fn=<DivBackward0>)
Memory status after this epoch: 
Memory allocated:  2.13134765625
Memory cached:  174.0
	 epoch  50 training error:  tensor(0.0687, device='cuda:0', grad_fn=<DivBackward0>)
Memory status after this epoch: 
Memory allocated:  2.13134765625
Memory cached:  170.0
	 epoch  60 training error:  tensor(0.0667, device='cuda:0', grad_fn=<DivBackward0>)
Memory status after this epoch: 
Memory allocated:  2.13134765625
Memory cached:  174.0
	 epoch  70 training error:  tensor(0.0656, device='cuda:0', grad_fn=<DivBackward0>)
Memory status after this epoch: 
Memory allocated:  2.13134765625
Memory cached:  172.0
	 epoch  80 training error:  tensor(0.0654, device='cuda:0', grad_fn=<DivBackward0>)
Memory status after this epoch: 
Memory allocated:  2.13134765625
Memory cached:  176.0
	 epoch  90 training error:  tensor(0.0651, device='cuda:0', grad_fn=<DivBackward0>)
Memory status after this epoch: 
Memory allocated:  2.13134765625
Memory cached:  176.0
[I 2023-11-06 11:55:30,406] Trial 13 finished with value: 0.05341094732284546 and parameters: {'W_layers': 6, 'W_layer_units_exponent_0': 6, 'W_layer_units_exponent_1': 8, 'W_layer_units_exponent_2': 6, 'W_layer_units_exponent_3': 7, 'W_layer_units_exponent_4': 7, 'W_layer_units_exponent_5': 7, 'D_layers': 2, 'D_layer_units_exponent_0': 5, 'D_layer_units_exponent_1': 10, 'D_dagger_layers': 5, 'D_dagger_layer_units_exponent_0': 7, 'D_dagger_layer_units_exponent_1': 5, 'D_dagger_layer_units_exponent_2': 8, 'D_dagger_layer_units_exponent_3': 5, 'D_dagger_layer_units_exponent_4': 4, 'log_learning_rate': -2.427080060770821, 'log_learning_rate_D': -3.8682969092369373, 'log_learning_rate_D_dagger': -3.2462633098325067, 'training_batch_size': 12, 'training_p': 6}. Best is trial 6 with value: 0.032972272485494614.
Time for this trial:  178.39120841026306
Memory status after this trial: 
Memory allocated:  123.798828125
Memory cached:  150.0
--------------------  Trial  14   --------------------
Start timing: 
Parameters: 
{'W_layers': 6, 'W_layer_units_exponent_0': 6, 'W_layer_units_exponent_1': 6, 'W_layer_units_exponent_2': 6, 'W_layer_units_exponent_3': 7, 'W_layer_units_exponent_4': 8, 'W_layer_units_exponent_5': 8, 'D_layers': 4, 'D_layer_units_exponent_0': 5, 'D_layer_units_exponent_1': 7, 'D_layer_units_exponent_2': 7, 'D_layer_units_exponent_3': 10, 'D_dagger_layers': 4, 'D_dagger_layer_units_exponent_0': 6, 'D_dagger_layer_units_exponent_1': 10, 'D_dagger_layer_units_exponent_2': 7, 'D_dagger_layer_units_exponent_3': 6, 'log_learning_rate': -2.5971820955974803, 'log_learning_rate_D': -2.646988641505989, 'log_learning_rate_D_dagger': -2.2787244801225572, 'training_batch_size': 10, 'training_p': 7}
	 epoch  0 training error:  tensor(1.0913, device='cuda:0', grad_fn=<DivBackward0>)
Memory status after this epoch: 
Memory allocated:  7.39111328125
Memory cached:  88.0
	 epoch  10 training error:  tensor(0.6424, device='cuda:0', grad_fn=<DivBackward0>)
Memory status after this epoch: 
Memory allocated:  7.39111328125
Memory cached:  124.0
	 epoch  20 training error:  tensor(0.3279, device='cuda:0', grad_fn=<DivBackward0>)
Memory status after this epoch: 
Memory allocated:  7.39111328125
Memory cached:  124.0
	 epoch  30 training error:  tensor(0.1632, device='cuda:0', grad_fn=<DivBackward0>)
Memory status after this epoch: 
Memory allocated:  7.39111328125
Memory cached:  122.0
	 epoch  40 training error:  tensor(0.0757, device='cuda:0', grad_fn=<DivBackward0>)
Memory status after this epoch: 
Memory allocated:  7.39111328125
Memory cached:  126.0
	 epoch  50 training error:  tensor(0.0575, device='cuda:0', grad_fn=<DivBackward0>)
Memory status after this epoch: 
Memory allocated:  7.39111328125
Memory cached:  122.0
	 epoch  60 training error:  tensor(0.0766, device='cuda:0', grad_fn=<DivBackward0>)
Memory status after this epoch: 
Memory allocated:  7.39111328125
Memory cached:  130.0
	 epoch  70 training error:  tensor(0.1715, device='cuda:0', grad_fn=<DivBackward0>)
Memory status after this epoch: 
Memory allocated:  7.39111328125
Memory cached:  128.0
	 epoch  80 training error:  tensor(0.1259, device='cuda:0', grad_fn=<DivBackward0>)
Memory status after this epoch: 
Memory allocated:  7.39111328125
Memory cached:  120.0
	 epoch  90 training error:  tensor(0.0473, device='cuda:0', grad_fn=<DivBackward0>)
Memory status after this epoch: 
Memory allocated:  7.39111328125
Memory cached:  130.0
[I 2023-11-06 11:58:47,007] Trial 14 finished with value: 0.16661733388900757 and parameters: {'W_layers': 6, 'W_layer_units_exponent_0': 6, 'W_layer_units_exponent_1': 6, 'W_layer_units_exponent_2': 6, 'W_layer_units_exponent_3': 7, 'W_layer_units_exponent_4': 8, 'W_layer_units_exponent_5': 8, 'D_layers': 4, 'D_layer_units_exponent_0': 5, 'D_layer_units_exponent_1': 7, 'D_layer_units_exponent_2': 7, 'D_layer_units_exponent_3': 10, 'D_dagger_layers': 4, 'D_dagger_layer_units_exponent_0': 6, 'D_dagger_layer_units_exponent_1': 10, 'D_dagger_layer_units_exponent_2': 7, 'D_dagger_layer_units_exponent_3': 6, 'log_learning_rate': -2.5971820955974803, 'log_learning_rate_D': -2.646988641505989, 'log_learning_rate_D_dagger': -2.2787244801225572, 'training_batch_size': 10, 'training_p': 7}. Best is trial 6 with value: 0.032972272485494614.
Time for this trial:  196.3461742401123
Memory status after this trial: 
Memory allocated:  186.7900390625
Memory cached:  192.0
--------------------  Trial  15   --------------------
Start timing: 
Parameters: 
{'W_layers': 4, 'W_layer_units_exponent_0': 4, 'W_layer_units_exponent_1': 8, 'W_layer_units_exponent_2': 4, 'W_layer_units_exponent_3': 6, 'D_layers': 5, 'D_layer_units_exponent_0': 4, 'D_layer_units_exponent_1': 8, 'D_layer_units_exponent_2': 4, 'D_layer_units_exponent_3': 4, 'D_layer_units_exponent_4': 5, 'D_dagger_layers': 6, 'D_dagger_layer_units_exponent_0': 10, 'D_dagger_layer_units_exponent_1': 7, 'D_dagger_layer_units_exponent_2': 8, 'D_dagger_layer_units_exponent_3': 4, 'D_dagger_layer_units_exponent_4': 7, 'D_dagger_layer_units_exponent_5': 10, 'log_learning_rate': -1.7375911546744143, 'log_learning_rate_D': -2.6433098675910944, 'log_learning_rate_D_dagger': -2.817900153031683, 'training_batch_size': 10, 'training_p': 6}
	 epoch  0 training error:  tensor(0.9781, device='cuda:0', grad_fn=<DivBackward0>)
Memory status after this epoch: 
Memory allocated:  5.09033203125
Memory cached:  140.0
	 epoch  10 training error:  tensor(0.4527, device='cuda:0', grad_fn=<DivBackward0>)
Memory status after this epoch: 
Memory allocated:  5.09033203125
Memory cached:  212.0
	 epoch  20 training error:  tensor(0.3110, device='cuda:0', grad_fn=<DivBackward0>)
Memory status after this epoch: 
Memory allocated:  5.09033203125
Memory cached:  216.0
	 epoch  30 training error:  tensor(0.2228, device='cuda:0', grad_fn=<DivBackward0>)
Memory status after this epoch: 
Memory allocated:  5.09033203125
Memory cached:  204.0
	 epoch  40 training error:  tensor(0.4837, device='cuda:0', grad_fn=<DivBackward0>)
Memory status after this epoch: 
Memory allocated:  5.09033203125
Memory cached:  204.0
	 epoch  50 training error:  tensor(0.4190, device='cuda:0', grad_fn=<DivBackward0>)
Memory status after this epoch: 
Memory allocated:  5.09033203125
Memory cached:  214.0
	 epoch  60 training error:  tensor(0.1536, device='cuda:0', grad_fn=<DivBackward0>)
Memory status after this epoch: 
Memory allocated:  5.09033203125
Memory cached:  204.0
	 epoch  70 training error:  tensor(0.0839, device='cuda:0', grad_fn=<DivBackward0>)
Memory status after this epoch: 
Memory allocated:  5.09033203125
Memory cached:  212.0
	 epoch  80 training error:  tensor(0.1309, device='cuda:0', grad_fn=<DivBackward0>)
Memory status after this epoch: 
Memory allocated:  5.09033203125
Memory cached:  214.0
	 epoch  90 training error:  tensor(0.1258, device='cuda:0', grad_fn=<DivBackward0>)
Memory status after this epoch: 
Memory allocated:  5.09033203125
Memory cached:  218.0
[I 2023-11-06 12:02:07,285] Trial 15 finished with value: 0.0762832760810852 and parameters: {'W_layers': 4, 'W_layer_units_exponent_0': 4, 'W_layer_units_exponent_1': 8, 'W_layer_units_exponent_2': 4, 'W_layer_units_exponent_3': 6, 'D_layers': 5, 'D_layer_units_exponent_0': 4, 'D_layer_units_exponent_1': 8, 'D_layer_units_exponent_2': 4, 'D_layer_units_exponent_3': 4, 'D_layer_units_exponent_4': 5, 'D_dagger_layers': 6, 'D_dagger_layer_units_exponent_0': 10, 'D_dagger_layer_units_exponent_1': 7, 'D_dagger_layer_units_exponent_2': 8, 'D_dagger_layer_units_exponent_3': 4, 'D_dagger_layer_units_exponent_4': 7, 'D_dagger_layer_units_exponent_5': 10, 'log_learning_rate': -1.7375911546744143, 'log_learning_rate_D': -2.6433098675910944, 'log_learning_rate_D_dagger': -2.817900153031683, 'training_batch_size': 10, 'training_p': 6}. Best is trial 6 with value: 0.032972272485494614.
Time for this trial:  200.01021695137024
Memory status after this trial: 
Memory allocated:  178.63623046875
Memory cached:  182.0
--------------------  Trial  16   --------------------
Start timing: 
Parameters: 
{'W_layers': 7, 'W_layer_units_exponent_0': 5, 'W_layer_units_exponent_1': 6, 'W_layer_units_exponent_2': 5, 'W_layer_units_exponent_3': 9, 'W_layer_units_exponent_4': 7, 'W_layer_units_exponent_5': 6, 'W_layer_units_exponent_6': 7, 'D_layers': 2, 'D_layer_units_exponent_0': 6, 'D_layer_units_exponent_1': 6, 'D_dagger_layers': 3, 'D_dagger_layer_units_exponent_0': 7, 'D_dagger_layer_units_exponent_1': 8, 'D_dagger_layer_units_exponent_2': 7, 'log_learning_rate': -2.730951432039275, 'log_learning_rate_D': -3.4721579019120052, 'log_learning_rate_D_dagger': -3.354823649162504, 'training_batch_size': 7, 'training_p': 4}
	 epoch  0 training error:  tensor(0.5770, device='cuda:0', grad_fn=<DivBackward0>)
Memory status after this epoch: 
Memory allocated:  2.78564453125
Memory cached:  92.0
	 epoch  10 training error:  tensor(0.0960, device='cuda:0', grad_fn=<DivBackward0>)
Memory status after this epoch: 
Memory allocated:  2.78564453125
Memory cached:  118.0
	 epoch  20 training error:  tensor(0.0651, device='cuda:0', grad_fn=<DivBackward0>)
Memory status after this epoch: 
Memory allocated:  2.78564453125
Memory cached:  106.0
	 epoch  30 training error:  tensor(0.0760, device='cuda:0', grad_fn=<DivBackward0>)
Memory status after this epoch: 
Memory allocated:  2.78564453125
Memory cached:  110.0
	 epoch  40 training error:  tensor(0.0622, device='cuda:0', grad_fn=<DivBackward0>)
Memory status after this epoch: 
Memory allocated:  2.78564453125
Memory cached:  100.0
	 epoch  50 training error:  tensor(0.0455, device='cuda:0', grad_fn=<DivBackward0>)
Memory status after this epoch: 
Memory allocated:  2.78564453125
Memory cached:  104.0
	 epoch  60 training error:  tensor(0.0664, device='cuda:0', grad_fn=<DivBackward0>)
Memory status after this epoch: 
Memory allocated:  2.78564453125
Memory cached:  108.0
	 epoch  70 training error:  tensor(0.0943, device='cuda:0', grad_fn=<DivBackward0>)
Memory status after this epoch: 
Memory allocated:  2.78564453125
Memory cached:  112.0
	 epoch  80 training error:  tensor(0.0570, device='cuda:0', grad_fn=<DivBackward0>)
Memory status after this epoch: 
Memory allocated:  2.78564453125
Memory cached:  116.0
	 epoch  90 training error:  tensor(0.0325, device='cuda:0', grad_fn=<DivBackward0>)
Memory status after this epoch: 
Memory allocated:  2.78564453125
Memory cached:  102.0
[I 2023-11-06 12:04:54,607] Trial 16 finished with value: 0.03387187793850899 and parameters: {'W_layers': 7, 'W_layer_units_exponent_0': 5, 'W_layer_units_exponent_1': 6, 'W_layer_units_exponent_2': 5, 'W_layer_units_exponent_3': 9, 'W_layer_units_exponent_4': 7, 'W_layer_units_exponent_5': 6, 'W_layer_units_exponent_6': 7, 'D_layers': 2, 'D_layer_units_exponent_0': 6, 'D_layer_units_exponent_1': 6, 'D_dagger_layers': 3, 'D_dagger_layer_units_exponent_0': 7, 'D_dagger_layer_units_exponent_1': 8, 'D_dagger_layer_units_exponent_2': 7, 'log_learning_rate': -2.730951432039275, 'log_learning_rate_D': -3.4721579019120052, 'log_learning_rate_D_dagger': -3.354823649162504, 'training_batch_size': 7, 'training_p': 4}. Best is trial 6 with value: 0.032972272485494614.
Time for this trial:  167.05472016334534
Memory status after this trial: 
Memory allocated:  87.70751953125
Memory cached:  96.0
--------------------  Trial  17   --------------------
Start timing: 
Parameters: 
{'W_layers': 8, 'W_layer_units_exponent_0': 5, 'W_layer_units_exponent_1': 6, 'W_layer_units_exponent_2': 5, 'W_layer_units_exponent_3': 10, 'W_layer_units_exponent_4': 8, 'W_layer_units_exponent_5': 4, 'W_layer_units_exponent_6': 7, 'W_layer_units_exponent_7': 4, 'D_layers': 3, 'D_layer_units_exponent_0': 6, 'D_layer_units_exponent_1': 5, 'D_layer_units_exponent_2': 10, 'D_dagger_layers': 3, 'D_dagger_layer_units_exponent_0': 7, 'D_dagger_layer_units_exponent_1': 8, 'D_dagger_layer_units_exponent_2': 9, 'log_learning_rate': -1.8994628882389812, 'log_learning_rate_D': -3.441158935028039, 'log_learning_rate_D_dagger': -2.04126177912262, 'training_batch_size': 6, 'training_p': 3}
	 epoch  0 training error:  tensor(7.0111, device='cuda:0', grad_fn=<DivBackward0>)
Memory status after this epoch: 
Memory allocated:  7.95751953125
Memory cached:  128.0
	 epoch  10 training error:  tensor(0.6491, device='cuda:0', grad_fn=<DivBackward0>)
Memory status after this epoch: 
Memory allocated:  7.95751953125
Memory cached:  132.0
	 epoch  20 training error:  tensor(0.2776, device='cuda:0', grad_fn=<DivBackward0>)
Memory status after this epoch: 
Memory allocated:  7.95751953125
Memory cached:  116.0
	 epoch  30 training error:  tensor(0.2520, device='cuda:0', grad_fn=<DivBackward0>)
Memory status after this epoch: 
Memory allocated:  7.95751953125
Memory cached:  120.0
	 epoch  40 training error:  tensor(0.1458, device='cuda:0', grad_fn=<DivBackward0>)
Memory status after this epoch: 
Memory allocated:  7.95751953125
Memory cached:  140.0
	 epoch  50 training error:  tensor(0.0938, device='cuda:0', grad_fn=<DivBackward0>)
Memory status after this epoch: 
Memory allocated:  7.95751953125
Memory cached:  128.0
	 epoch  60 training error:  tensor(0.1598, device='cuda:0', grad_fn=<DivBackward0>)
Memory status after this epoch: 
Memory allocated:  7.95751953125
Memory cached:  128.0
	 epoch  70 training error:  tensor(0.2427, device='cuda:0', grad_fn=<DivBackward0>)
Memory status after this epoch: 
Memory allocated:  7.95751953125
Memory cached:  138.0
	 epoch  80 training error:  tensor(0.1207, device='cuda:0', grad_fn=<DivBackward0>)
Memory status after this epoch: 
Memory allocated:  7.95751953125
Memory cached:  136.0
	 epoch  90 training error:  tensor(0.0971, device='cuda:0', grad_fn=<DivBackward0>)
Memory status after this epoch: 
Memory allocated:  7.95751953125
Memory cached:  128.0
