[I 2023-11-01 19:04:18,421] Trial 24 finished with value: 0.22081008553504944 and parameters: {'W_layers': 4, 'W_layer_units_exponent_0': 8, 'W_layer_units_exponent_1': 5, 'W_layer_units_exponent_2': 9, 'W_layer_units_exponent_3': 9, 'D_layers': 5, 'D_layer_units_exponent_0': 6, 'D_layer_units_exponent_1': 4, 'D_layer_units_exponent_2': 8, 'D_layer_units_exponent_3': 7, 'D_layer_units_exponent_4': 5, 'log_learning_rate': -4.942509467824215, 'log_learning_rate_D': -4.4674467836038785, 'training_batch_size': 7, 'training_p': 6}. Best is trial 24 with value: 0.22081008553504944.
Time for this trial:  130.38466954231262
Memory status after this trial: 
Memory allocated:  99.7744140625
Memory cached:  104.0
--------------------  Trial  25   --------------------
Start timing: 
Parameters: 
{'W_layers': 3, 'W_layer_units_exponent_0': 6, 'W_layer_units_exponent_1': 4, 'W_layer_units_exponent_2': 9, 'D_layers': 5, 'D_layer_units_exponent_0': 4, 'D_layer_units_exponent_1': 6, 'D_layer_units_exponent_2': 8, 'D_layer_units_exponent_3': 6, 'D_layer_units_exponent_4': 5, 'log_learning_rate': -4.18958261566001, 'log_learning_rate_D': -4.181893045210429, 'training_batch_size': 7, 'training_p': 5}
	 epoch  0 training error:  tensor(1.0066, device='cuda:0', grad_fn=<DivBackward0>)
Memory status after this epoch: 
Memory allocated:  0.7724609375
Memory cached:  10.0
	 epoch  10 training error:  tensor(0.9440, device='cuda:0', grad_fn=<DivBackward0>)
Memory status after this epoch: 
Memory allocated:  0.7724609375
Memory cached:  12.0
	 epoch  20 training error:  tensor(0.8797, device='cuda:0', grad_fn=<DivBackward0>)
Memory status after this epoch: 
Memory allocated:  0.7724609375
Memory cached:  12.0
	 epoch  30 training error:  tensor(0.8090, device='cuda:0', grad_fn=<DivBackward0>)
Memory status after this epoch: 
Memory allocated:  0.7724609375
Memory cached:  12.0
	 epoch  40 training error:  tensor(0.7328, device='cuda:0', grad_fn=<DivBackward0>)
Memory status after this epoch: 
Memory allocated:  0.7724609375
Memory cached:  12.0
	 epoch  50 training error:  tensor(0.6490, device='cuda:0', grad_fn=<DivBackward0>)
Memory status after this epoch: 
Memory allocated:  0.7724609375
Memory cached:  12.0
	 epoch  60 training error:  tensor(0.5554, device='cuda:0', grad_fn=<DivBackward0>)
Memory status after this epoch: 
Memory allocated:  0.7724609375
Memory cached:  12.0
	 epoch  70 training error:  tensor(0.4517, device='cuda:0', grad_fn=<DivBackward0>)
Memory status after this epoch: 
Memory allocated:  0.7724609375
Memory cached:  12.0
	 epoch  80 training error:  tensor(0.3401, device='cuda:0', grad_fn=<DivBackward0>)
Memory status after this epoch: 
Memory allocated:  0.7724609375
Memory cached:  12.0
	 epoch  90 training error:  tensor(0.2620, device='cuda:0', grad_fn=<DivBackward0>)
Memory status after this epoch: 
Memory allocated:  0.7724609375
Memory cached:  12.0
[I 2023-11-01 19:06:16,178] Trial 25 finished with value: 0.22056566178798676 and parameters: {'W_layers': 3, 'W_layer_units_exponent_0': 6, 'W_layer_units_exponent_1': 4, 'W_layer_units_exponent_2': 9, 'D_layers': 5, 'D_layer_units_exponent_0': 4, 'D_layer_units_exponent_1': 6, 'D_layer_units_exponent_2': 8, 'D_layer_units_exponent_3': 6, 'D_layer_units_exponent_4': 5, 'log_learning_rate': -4.18958261566001, 'log_learning_rate_D': -4.181893045210429, 'training_batch_size': 7, 'training_p': 5}. Best is trial 25 with value: 0.22056566178798676.
Time for this trial:  117.54412746429443
Memory status after this trial: 
Memory allocated:  55.9248046875
Memory cached:  58.0
--------------------  Trial  26   --------------------
Start timing: 
Parameters: 
{'W_layers': 3, 'W_layer_units_exponent_0': 5, 'W_layer_units_exponent_1': 4, 'W_layer_units_exponent_2': 9, 'D_layers': 5, 'D_layer_units_exponent_0': 4, 'D_layer_units_exponent_1': 4, 'D_layer_units_exponent_2': 8, 'D_layer_units_exponent_3': 6, 'D_layer_units_exponent_4': 5, 'log_learning_rate': -4.177446956103629, 'log_learning_rate_D': -3.2951129542876405, 'training_batch_size': 7, 'training_p': 5}
	 epoch  0 training error:  tensor(0.9811, device='cuda:0', grad_fn=<DivBackward0>)
Memory status after this epoch: 
Memory allocated:  0.5615234375
Memory cached:  8.0
	 epoch  10 training error:  tensor(0.9160, device='cuda:0', grad_fn=<DivBackward0>)
Memory status after this epoch: 
Memory allocated:  0.5615234375
Memory cached:  12.0
	 epoch  20 training error:  tensor(0.8439, device='cuda:0', grad_fn=<DivBackward0>)
Memory status after this epoch: 
Memory allocated:  0.5615234375
Memory cached:  12.0
	 epoch  30 training error:  tensor(0.7735, device='cuda:0', grad_fn=<DivBackward0>)
Memory status after this epoch: 
Memory allocated:  0.5615234375
Memory cached:  12.0
	 epoch  40 training error:  tensor(0.6998, device='cuda:0', grad_fn=<DivBackward0>)
Memory status after this epoch: 
Memory allocated:  0.5615234375
Memory cached:  12.0
	 epoch  50 training error:  tensor(0.6217, device='cuda:0', grad_fn=<DivBackward0>)
Memory status after this epoch: 
Memory allocated:  0.5615234375
Memory cached:  12.0
	 epoch  60 training error:  tensor(0.5393, device='cuda:0', grad_fn=<DivBackward0>)
Memory status after this epoch: 
Memory allocated:  0.5615234375
Memory cached:  12.0
	 epoch  70 training error:  tensor(0.4527, device='cuda:0', grad_fn=<DivBackward0>)
Memory status after this epoch: 
Memory allocated:  0.5615234375
Memory cached:  12.0
	 epoch  80 training error:  tensor(0.3637, device='cuda:0', grad_fn=<DivBackward0>)
Memory status after this epoch: 
Memory allocated:  0.5615234375
Memory cached:  12.0
	 epoch  90 training error:  tensor(0.2870, device='cuda:0', grad_fn=<DivBackward0>)
Memory status after this epoch: 
Memory allocated:  0.5615234375
Memory cached:  12.0
[I 2023-11-01 19:08:13,880] Trial 26 finished with value: 0.22769370675086975 and parameters: {'W_layers': 3, 'W_layer_units_exponent_0': 5, 'W_layer_units_exponent_1': 4, 'W_layer_units_exponent_2': 9, 'D_layers': 5, 'D_layer_units_exponent_0': 4, 'D_layer_units_exponent_1': 4, 'D_layer_units_exponent_2': 8, 'D_layer_units_exponent_3': 6, 'D_layer_units_exponent_4': 5, 'log_learning_rate': -4.177446956103629, 'log_learning_rate_D': -3.2951129542876405, 'training_batch_size': 7, 'training_p': 5}. Best is trial 25 with value: 0.22056566178798676.
Time for this trial:  117.49303221702576
Memory status after this trial: 
Memory allocated:  51.74169921875
Memory cached:  54.0
--------------------  Trial  27   --------------------
Start timing: 
Parameters: 
{'W_layers': 2, 'W_layer_units_exponent_0': 5, 'W_layer_units_exponent_1': 5, 'D_layers': 4, 'D_layer_units_exponent_0': 4, 'D_layer_units_exponent_1': 6, 'D_layer_units_exponent_2': 7, 'D_layer_units_exponent_3': 7, 'log_learning_rate': -4.167367423946836, 'log_learning_rate_D': -3.8307349981444174, 'training_batch_size': 7, 'training_p': 7}
	 epoch  0 training error:  tensor(0.9606, device='cuda:0', grad_fn=<DivBackward0>)
Memory status after this epoch: 
Memory allocated:  0.4697265625
Memory cached:  8.0
	 epoch  10 training error:  tensor(0.9328, device='cuda:0', grad_fn=<DivBackward0>)
Memory status after this epoch: 
Memory allocated:  0.4697265625
Memory cached:  10.0
	 epoch  20 training error:  tensor(0.9041, device='cuda:0', grad_fn=<DivBackward0>)
Memory status after this epoch: 
Memory allocated:  0.4697265625
Memory cached:  10.0
	 epoch  30 training error:  tensor(0.8748, device='cuda:0', grad_fn=<DivBackward0>)
Memory status after this epoch: 
Memory allocated:  0.4697265625
Memory cached:  10.0
	 epoch  40 training error:  tensor(0.8457, device='cuda:0', grad_fn=<DivBackward0>)
Memory status after this epoch: 
Memory allocated:  0.4697265625
Memory cached:  10.0
	 epoch  50 training error:  tensor(0.8161, device='cuda:0', grad_fn=<DivBackward0>)
Memory status after this epoch: 
Memory allocated:  0.4697265625
Memory cached:  10.0
	 epoch  60 training error:  tensor(0.7851, device='cuda:0', grad_fn=<DivBackward0>)
Memory status after this epoch: 
Memory allocated:  0.4697265625
Memory cached:  10.0
	 epoch  70 training error:  tensor(0.7541, device='cuda:0', grad_fn=<DivBackward0>)
Memory status after this epoch: 
Memory allocated:  0.4697265625
Memory cached:  10.0
	 epoch  80 training error:  tensor(0.7237, device='cuda:0', grad_fn=<DivBackward0>)
Memory status after this epoch: 
Memory allocated:  0.4697265625
Memory cached:  10.0
	 epoch  90 training error:  tensor(0.6940, device='cuda:0', grad_fn=<DivBackward0>)
Memory status after this epoch: 
Memory allocated:  0.4697265625
Memory cached:  10.0
[I 2023-11-01 19:09:56,122] Trial 27 finished with value: 0.6234685778617859 and parameters: {'W_layers': 2, 'W_layer_units_exponent_0': 5, 'W_layer_units_exponent_1': 5, 'D_layers': 4, 'D_layer_units_exponent_0': 4, 'D_layer_units_exponent_1': 6, 'D_layer_units_exponent_2': 7, 'D_layer_units_exponent_3': 7, 'log_learning_rate': -4.167367423946836, 'log_learning_rate_D': -3.8307349981444174, 'training_batch_size': 7, 'training_p': 7}. Best is trial 25 with value: 0.22056566178798676.
Time for this trial:  102.05230355262756
Memory status after this trial: 
Memory allocated:  22.32861328125
Memory cached:  24.0
--------------------  Trial  28   --------------------
Start timing: 
Parameters: 
{'W_layers': 3, 'W_layer_units_exponent_0': 6, 'W_layer_units_exponent_1': 4, 'W_layer_units_exponent_2': 9, 'D_layers': 3, 'D_layer_units_exponent_0': 5, 'D_layer_units_exponent_1': 4, 'D_layer_units_exponent_2': 7, 'log_learning_rate': -4.583590420815288, 'log_learning_rate_D': -4.0963842047900645, 'training_batch_size': 7, 'training_p': 8}
	 epoch  0 training error:  tensor(1.0576, device='cuda:0', grad_fn=<DivBackward0>)
Memory status after this epoch: 
Memory allocated:  0.2607421875
Memory cached:  6.0
	 epoch  10 training error:  tensor(1.0249, device='cuda:0', grad_fn=<DivBackward0>)
Memory status after this epoch: 
Memory allocated:  0.2607421875
Memory cached:  10.0
	 epoch  20 training error:  tensor(0.9923, device='cuda:0', grad_fn=<DivBackward0>)
Memory status after this epoch: 
Memory allocated:  0.2607421875
Memory cached:  8.0
	 epoch  30 training error:  tensor(0.9595, device='cuda:0', grad_fn=<DivBackward0>)
Memory status after this epoch: 
Memory allocated:  0.2607421875
Memory cached:  8.0
	 epoch  40 training error:  tensor(0.9264, device='cuda:0', grad_fn=<DivBackward0>)
Memory status after this epoch: 
Memory allocated:  0.2607421875
Memory cached:  8.0
	 epoch  50 training error:  tensor(0.8927, device='cuda:0', grad_fn=<DivBackward0>)
Memory status after this epoch: 
Memory allocated:  0.2607421875
Memory cached:  10.0
	 epoch  60 training error:  tensor(0.8580, device='cuda:0', grad_fn=<DivBackward0>)
Memory status after this epoch: 
Memory allocated:  0.2607421875
Memory cached:  8.0
	 epoch  70 training error:  tensor(0.8222, device='cuda:0', grad_fn=<DivBackward0>)
Memory status after this epoch: 
Memory allocated:  0.2607421875
Memory cached:  8.0
	 epoch  80 training error:  tensor(0.7850, device='cuda:0', grad_fn=<DivBackward0>)
Memory status after this epoch: 
Memory allocated:  0.2607421875
Memory cached:  8.0
	 epoch  90 training error:  tensor(0.7460, device='cuda:0', grad_fn=<DivBackward0>)
Memory status after this epoch: 
Memory allocated:  0.2607421875
Memory cached:  8.0
[I 2023-11-01 19:11:41,655] Trial 28 finished with value: 0.6755580902099609 and parameters: {'W_layers': 3, 'W_layer_units_exponent_0': 6, 'W_layer_units_exponent_1': 4, 'W_layer_units_exponent_2': 9, 'D_layers': 3, 'D_layer_units_exponent_0': 5, 'D_layer_units_exponent_1': 4, 'D_layer_units_exponent_2': 7, 'log_learning_rate': -4.583590420815288, 'log_learning_rate_D': -4.0963842047900645, 'training_batch_size': 7, 'training_p': 8}. Best is trial 25 with value: 0.22056566178798676.
Time for this trial:  105.33770871162415
Memory status after this trial: 
Memory allocated:  42.1337890625
Memory cached:  44.0
--------------------  Trial  29   --------------------
Start timing: 
Parameters: 
{'W_layers': 5, 'W_layer_units_exponent_0': 7, 'W_layer_units_exponent_1': 5, 'W_layer_units_exponent_2': 9, 'W_layer_units_exponent_3': 6, 'W_layer_units_exponent_4': 10, 'D_layers': 5, 'D_layer_units_exponent_0': 4, 'D_layer_units_exponent_1': 7, 'D_layer_units_exponent_2': 8, 'D_layer_units_exponent_3': 6, 'D_layer_units_exponent_4': 5, 'log_learning_rate': -4.001119841564416, 'log_learning_rate_D': -3.6628444046851714, 'training_batch_size': 8, 'training_p': 7}
	 epoch  0 training error:  tensor(1.0209, device='cuda:0', grad_fn=<DivBackward0>)
Memory status after this epoch: 
Memory allocated:  2.7431640625
Memory cached:  12.0
	 epoch  10 training error:  tensor(0.7624, device='cuda:0', grad_fn=<DivBackward0>)
Memory status after this epoch: 
Memory allocated:  2.7431640625
Memory cached:  18.0
	 epoch  20 training error:  tensor(0.2960, device='cuda:0', grad_fn=<DivBackward0>)
Memory status after this epoch: 
Memory allocated:  2.7431640625
Memory cached:  16.0
	 epoch  30 training error:  tensor(0.2632, device='cuda:0', grad_fn=<DivBackward0>)
Memory status after this epoch: 
Memory allocated:  2.7431640625
Memory cached:  16.0
	 epoch  40 training error:  tensor(0.2605, device='cuda:0', grad_fn=<DivBackward0>)
Memory status after this epoch: 
Memory allocated:  2.7431640625
Memory cached:  16.0
	 epoch  50 training error:  tensor(0.2629, device='cuda:0', grad_fn=<DivBackward0>)
Memory status after this epoch: 
Memory allocated:  2.7431640625
Memory cached:  16.0
	 epoch  60 training error:  tensor(0.2621, device='cuda:0', grad_fn=<DivBackward0>)
Memory status after this epoch: 
Memory allocated:  2.7431640625
Memory cached:  16.0
	 epoch  70 training error:  tensor(0.2599, device='cuda:0', grad_fn=<DivBackward0>)
Memory status after this epoch: 
Memory allocated:  2.7431640625
Memory cached:  16.0
	 epoch  80 training error:  tensor(0.2591, device='cuda:0', grad_fn=<DivBackward0>)
Memory status after this epoch: 
Memory allocated:  2.7431640625
Memory cached:  16.0
	 epoch  90 training error:  tensor(0.2592, device='cuda:0', grad_fn=<DivBackward0>)
Memory status after this epoch: 
Memory allocated:  2.7431640625
Memory cached:  16.0
[I 2023-11-01 19:14:05,967] Trial 29 finished with value: 0.2322356253862381 and parameters: {'W_layers': 5, 'W_layer_units_exponent_0': 7, 'W_layer_units_exponent_1': 5, 'W_layer_units_exponent_2': 9, 'W_layer_units_exponent_3': 6, 'W_layer_units_exponent_4': 10, 'D_layers': 5, 'D_layer_units_exponent_0': 4, 'D_layer_units_exponent_1': 7, 'D_layer_units_exponent_2': 8, 'D_layer_units_exponent_3': 6, 'D_layer_units_exponent_4': 5, 'log_learning_rate': -4.001119841564416, 'log_learning_rate_D': -3.6628444046851714, 'training_batch_size': 8, 'training_p': 7}. Best is trial 25 with value: 0.22056566178798676.
Time for this trial:  144.09386563301086
Memory status after this trial: 
Memory allocated:  122.5009765625
Memory cached:  126.0
--------------------  Trial  30   --------------------
Start timing: 
Parameters: 
{'W_layers': 2, 'W_layer_units_exponent_0': 4, 'W_layer_units_exponent_1': 4, 'D_layers': 7, 'D_layer_units_exponent_0': 4, 'D_layer_units_exponent_1': 8, 'D_layer_units_exponent_2': 7, 'D_layer_units_exponent_3': 6, 'D_layer_units_exponent_4': 5, 'D_layer_units_exponent_5': 5, 'D_layer_units_exponent_6': 7, 'log_learning_rate': -4.328687237950612, 'log_learning_rate_D': -4.229302868272455, 'training_batch_size': 7, 'training_p': 5}
	 epoch  0 training error:  tensor(1.2455, device='cuda:0', grad_fn=<DivBackward0>)
Memory status after this epoch: 
Memory allocated:  0.8701171875
Memory cached:  8.0
	 epoch  10 training error:  tensor(1.2346, device='cuda:0', grad_fn=<DivBackward0>)
Memory status after this epoch: 
Memory allocated:  0.8701171875
Memory cached:  10.0
	 epoch  20 training error:  tensor(1.2232, device='cuda:0', grad_fn=<DivBackward0>)
Memory status after this epoch: 
Memory allocated:  0.8701171875
Memory cached:  10.0
	 epoch  30 training error:  tensor(1.2111, device='cuda:0', grad_fn=<DivBackward0>)
Memory status after this epoch: 
Memory allocated:  0.8701171875
Memory cached:  10.0
	 epoch  40 training error:  tensor(1.1976, device='cuda:0', grad_fn=<DivBackward0>)
Memory status after this epoch: 
Memory allocated:  0.8701171875
Memory cached:  10.0
	 epoch  50 training error:  tensor(1.1822, device='cuda:0', grad_fn=<DivBackward0>)
Memory status after this epoch: 
Memory allocated:  0.8701171875
Memory cached:  10.0
	 epoch  60 training error:  tensor(1.1640, device='cuda:0', grad_fn=<DivBackward0>)
Memory status after this epoch: 
Memory allocated:  0.8701171875
Memory cached:  10.0
	 epoch  70 training error:  tensor(1.1428, device='cuda:0', grad_fn=<DivBackward0>)
Memory status after this epoch: 
Memory allocated:  0.8701171875
Memory cached:  10.0
	 epoch  80 training error:  tensor(1.1197, device='cuda:0', grad_fn=<DivBackward0>)
Memory status after this epoch: 
Memory allocated:  0.8701171875
Memory cached:  10.0
	 epoch  90 training error:  tensor(1.0959, device='cuda:0', grad_fn=<DivBackward0>)
Memory status after this epoch: 
Memory allocated:  0.8701171875
Memory cached:  10.0
[I 2023-11-01 19:16:08,149] Trial 30 finished with value: 1.0624802112579346 and parameters: {'W_layers': 2, 'W_layer_units_exponent_0': 4, 'W_layer_units_exponent_1': 4, 'D_layers': 7, 'D_layer_units_exponent_0': 4, 'D_layer_units_exponent_1': 8, 'D_layer_units_exponent_2': 7, 'D_layer_units_exponent_3': 6, 'D_layer_units_exponent_4': 5, 'D_layer_units_exponent_5': 5, 'D_layer_units_exponent_6': 7, 'log_learning_rate': -4.328687237950612, 'log_learning_rate_D': -4.229302868272455, 'training_batch_size': 7, 'training_p': 5}. Best is trial 25 with value: 0.22056566178798676.
Time for this trial:  121.93859004974365
Memory status after this trial: 
Memory allocated:  38.08056640625
Memory cached:  40.0
--------------------  Trial  31   --------------------
Start timing: 
Parameters: 
{'W_layers': 4, 'W_layer_units_exponent_0': 7, 'W_layer_units_exponent_1': 5, 'W_layer_units_exponent_2': 10, 'W_layer_units_exponent_3': 10, 'D_layers': 6, 'D_layer_units_exponent_0': 5, 'D_layer_units_exponent_1': 5, 'D_layer_units_exponent_2': 9, 'D_layer_units_exponent_3': 7, 'D_layer_units_exponent_4': 7, 'D_layer_units_exponent_5': 8, 'log_learning_rate': -4.755156917458568, 'log_learning_rate_D': -4.613859542050874, 'training_batch_size': 8, 'training_p': 6}
	 epoch  0 training error:  tensor(1.0225, device='cuda:0', grad_fn=<DivBackward0>)
Memory status after this epoch: 
Memory allocated:  18.7138671875
Memory cached:  32.0
	 epoch  10 training error:  tensor(0.7311, device='cuda:0', grad_fn=<DivBackward0>)
Memory status after this epoch: 
Memory allocated:  18.7138671875
Memory cached:  36.0
	 epoch  20 training error:  tensor(0.4211, device='cuda:0', grad_fn=<DivBackward0>)
Memory status after this epoch: 
Memory allocated:  18.7138671875
Memory cached:  36.0
	 epoch  30 training error:  tensor(0.2733, device='cuda:0', grad_fn=<DivBackward0>)
Memory status after this epoch: 
Memory allocated:  18.7138671875
Memory cached:  36.0
	 epoch  40 training error:  tensor(0.2731, device='cuda:0', grad_fn=<DivBackward0>)
Memory status after this epoch: 
Memory allocated:  18.7138671875
Memory cached:  36.0
	 epoch  50 training error:  tensor(0.2661, device='cuda:0', grad_fn=<DivBackward0>)
Memory status after this epoch: 
Memory allocated:  18.7138671875
Memory cached:  36.0
	 epoch  60 training error:  tensor(0.2577, device='cuda:0', grad_fn=<DivBackward0>)
Memory status after this epoch: 
Memory allocated:  18.7138671875
Memory cached:  36.0
	 epoch  70 training error:  tensor(0.2585, device='cuda:0', grad_fn=<DivBackward0>)
Memory status after this epoch: 
Memory allocated:  18.7138671875
Memory cached:  36.0
	 epoch  80 training error:  tensor(0.2582, device='cuda:0', grad_fn=<DivBackward0>)
Memory status after this epoch: 
Memory allocated:  18.7138671875
Memory cached:  36.0
	 epoch  90 training error:  tensor(0.2578, device='cuda:0', grad_fn=<DivBackward0>)
Memory status after this epoch: 
Memory allocated:  18.7138671875
Memory cached:  36.0
