[I 2023-11-01 18:28:54,845] Trial 10 finished with value: 1.0 and parameters: {'W_layers': 5, 'W_layer_units_exponent_0': 10, 'W_layer_units_exponent_1': 8, 'W_layer_units_exponent_2': 4, 'W_layer_units_exponent_3': 5, 'W_layer_units_exponent_4': 6, 'D_layers': 2, 'D_layer_units_exponent_0': 7, 'D_layer_units_exponent_1': 6, 'log_learning_rate': -1.337906598148967, 'log_learning_rate_D': -3.973110431002034, 'training_batch_size': 12, 'training_p': 7}. Best is trial 8 with value: 0.23014603555202484.
Time for this trial:  114.01057171821594
Memory status after this trial: 
Memory allocated:  87.6328125
Memory cached:  92.0
--------------------  Trial  11   --------------------
Start timing: 
Parameters: 
{'W_layers': 7, 'W_layer_units_exponent_0': 5, 'W_layer_units_exponent_1': 7, 'W_layer_units_exponent_2': 6, 'W_layer_units_exponent_3': 10, 'W_layer_units_exponent_4': 4, 'W_layer_units_exponent_5': 5, 'W_layer_units_exponent_6': 10, 'D_layers': 2, 'D_layer_units_exponent_0': 8, 'D_layer_units_exponent_1': 4, 'log_learning_rate': -3.760788076309639, 'log_learning_rate_D': -4.160079349205068, 'training_batch_size': 11, 'training_p': 2}
	 epoch  0 training error:  tensor(0.9971, device='cuda:0', grad_fn=<DivBackward0>)
Memory status after this epoch: 
Memory allocated:  2.1494140625
Memory cached:  14.0
	 epoch  10 training error:  tensor(0.6727, device='cuda:0', grad_fn=<DivBackward0>)
Memory status after this epoch: 
Memory allocated:  2.1494140625
Memory cached:  16.0
	 epoch  20 training error:  tensor(0.3701, device='cuda:0', grad_fn=<DivBackward0>)
Memory status after this epoch: 
Memory allocated:  2.1494140625
Memory cached:  16.0
	 epoch  30 training error:  tensor(0.2834, device='cuda:0', grad_fn=<DivBackward0>)
Memory status after this epoch: 
Memory allocated:  2.1494140625
Memory cached:  16.0
	 epoch  40 training error:  tensor(0.2541, device='cuda:0', grad_fn=<DivBackward0>)
Memory status after this epoch: 
Memory allocated:  2.1494140625
Memory cached:  16.0
	 epoch  50 training error:  tensor(0.2442, device='cuda:0', grad_fn=<DivBackward0>)
Memory status after this epoch: 
Memory allocated:  2.1494140625
Memory cached:  16.0
	 epoch  60 training error:  tensor(0.2402, device='cuda:0', grad_fn=<DivBackward0>)
Memory status after this epoch: 
Memory allocated:  2.1494140625
Memory cached:  16.0
	 epoch  70 training error:  tensor(0.2386, device='cuda:0', grad_fn=<DivBackward0>)
Memory status after this epoch: 
Memory allocated:  2.1494140625
Memory cached:  16.0
	 epoch  80 training error:  tensor(0.2381, device='cuda:0', grad_fn=<DivBackward0>)
Memory status after this epoch: 
Memory allocated:  2.1494140625
Memory cached:  16.0
	 epoch  90 training error:  tensor(0.2380, device='cuda:0', grad_fn=<DivBackward0>)
Memory status after this epoch: 
Memory allocated:  2.1494140625
Memory cached:  16.0
[I 2023-11-01 18:31:13,329] Trial 11 finished with value: 0.23183004558086395 and parameters: {'W_layers': 7, 'W_layer_units_exponent_0': 5, 'W_layer_units_exponent_1': 7, 'W_layer_units_exponent_2': 6, 'W_layer_units_exponent_3': 10, 'W_layer_units_exponent_4': 4, 'W_layer_units_exponent_5': 5, 'W_layer_units_exponent_6': 10, 'D_layers': 2, 'D_layer_units_exponent_0': 8, 'D_layer_units_exponent_1': 4, 'log_learning_rate': -3.760788076309639, 'log_learning_rate_D': -4.160079349205068, 'training_batch_size': 11, 'training_p': 2}. Best is trial 8 with value: 0.23014603555202484.
Time for this trial:  138.27849054336548
Memory status after this trial: 
Memory allocated:  140.43896484375
Memory cached:  142.0
--------------------  Trial  12   --------------------
Start timing: 
Parameters: 
{'W_layers': 7, 'W_layer_units_exponent_0': 10, 'W_layer_units_exponent_1': 8, 'W_layer_units_exponent_2': 8, 'W_layer_units_exponent_3': 9, 'W_layer_units_exponent_4': 4, 'W_layer_units_exponent_5': 6, 'W_layer_units_exponent_6': 6, 'D_layers': 8, 'D_layer_units_exponent_0': 8, 'D_layer_units_exponent_1': 6, 'D_layer_units_exponent_2': 9, 'D_layer_units_exponent_3': 7, 'D_layer_units_exponent_4': 4, 'D_layer_units_exponent_5': 10, 'D_layer_units_exponent_6': 10, 'D_layer_units_exponent_7': 7, 'log_learning_rate': -3.815296873906375, 'log_learning_rate_D': -4.126673359898739, 'training_batch_size': 11, 'training_p': 4}
	 epoch  0 training error:  tensor(0.9979, device='cuda:0', grad_fn=<DivBackward0>)
Memory status after this epoch: 
Memory allocated:  27.5380859375
Memory cached:  42.0
	 epoch  10 training error:  tensor(0.2988, device='cuda:0', grad_fn=<DivBackward0>)
Memory status after this epoch: 
Memory allocated:  27.5380859375
Memory cached:  46.0
	 epoch  20 training error:  tensor(0.3219, device='cuda:0', grad_fn=<DivBackward0>)
Memory status after this epoch: 
Memory allocated:  27.5380859375
Memory cached:  46.0
	 epoch  30 training error:  tensor(0.2522, device='cuda:0', grad_fn=<DivBackward0>)
Memory status after this epoch: 
Memory allocated:  27.5380859375
Memory cached:  46.0
	 epoch  40 training error:  tensor(0.2597, device='cuda:0', grad_fn=<DivBackward0>)
Memory status after this epoch: 
Memory allocated:  27.5380859375
Memory cached:  46.0
	 epoch  50 training error:  tensor(0.2524, device='cuda:0', grad_fn=<DivBackward0>)
Memory status after this epoch: 
Memory allocated:  27.5380859375
Memory cached:  46.0
	 epoch  60 training error:  tensor(0.2526, device='cuda:0', grad_fn=<DivBackward0>)
Memory status after this epoch: 
Memory allocated:  27.5380859375
Memory cached:  46.0
	 epoch  70 training error:  tensor(0.2525, device='cuda:0', grad_fn=<DivBackward0>)
Memory status after this epoch: 
Memory allocated:  27.5380859375
Memory cached:  46.0
	 epoch  80 training error:  tensor(0.2523, device='cuda:0', grad_fn=<DivBackward0>)
Memory status after this epoch: 
Memory allocated:  27.5380859375
Memory cached:  46.0
	 epoch  90 training error:  tensor(0.2521, device='cuda:0', grad_fn=<DivBackward0>)
Memory status after this epoch: 
Memory allocated:  27.5380859375
Memory cached:  46.0
[I 2023-11-01 18:34:37,470] Trial 12 finished with value: 0.23105894029140472 and parameters: {'W_layers': 7, 'W_layer_units_exponent_0': 10, 'W_layer_units_exponent_1': 8, 'W_layer_units_exponent_2': 8, 'W_layer_units_exponent_3': 9, 'W_layer_units_exponent_4': 4, 'W_layer_units_exponent_5': 6, 'W_layer_units_exponent_6': 6, 'D_layers': 8, 'D_layer_units_exponent_0': 8, 'D_layer_units_exponent_1': 6, 'D_layer_units_exponent_2': 9, 'D_layer_units_exponent_3': 7, 'D_layer_units_exponent_4': 4, 'D_layer_units_exponent_5': 10, 'D_layer_units_exponent_6': 10, 'D_layer_units_exponent_7': 7, 'log_learning_rate': -3.815296873906375, 'log_learning_rate_D': -4.126673359898739, 'training_batch_size': 11, 'training_p': 4}. Best is trial 8 with value: 0.23014603555202484.
Time for this trial:  203.90164756774902
Memory status after this trial: 
Memory allocated:  298.56787109375
Memory cached:  318.0
--------------------  Trial  13   --------------------
Start timing: 
Parameters: 
{'W_layers': 7, 'W_layer_units_exponent_0': 10, 'W_layer_units_exponent_1': 9, 'W_layer_units_exponent_2': 8, 'W_layer_units_exponent_3': 7, 'W_layer_units_exponent_4': 6, 'W_layer_units_exponent_5': 4, 'W_layer_units_exponent_6': 5, 'D_layers': 8, 'D_layer_units_exponent_0': 6, 'D_layer_units_exponent_1': 6, 'D_layer_units_exponent_2': 9, 'D_layer_units_exponent_3': 8, 'D_layer_units_exponent_4': 4, 'D_layer_units_exponent_5': 10, 'D_layer_units_exponent_6': 10, 'D_layer_units_exponent_7': 7, 'log_learning_rate': -3.469187603155839, 'log_learning_rate_D': -3.9098128320689067, 'training_batch_size': 11, 'training_p': 4}
	 epoch  0 training error:  tensor(0.9969, device='cuda:0', grad_fn=<DivBackward0>)
Memory status after this epoch: 
Memory allocated:  31.8017578125
Memory cached:  60.0
	 epoch  10 training error:  tensor(0.3242, device='cuda:0', grad_fn=<DivBackward0>)
Memory status after this epoch: 
Memory allocated:  31.8017578125
Memory cached:  66.0
	 epoch  20 training error:  tensor(0.2538, device='cuda:0', grad_fn=<DivBackward0>)
Memory status after this epoch: 
Memory allocated:  31.8017578125
Memory cached:  66.0
	 epoch  30 training error:  tensor(0.2526, device='cuda:0', grad_fn=<DivBackward0>)
Memory status after this epoch: 
Memory allocated:  31.8017578125
Memory cached:  66.0
	 epoch  40 training error:  tensor(0.2524, device='cuda:0', grad_fn=<DivBackward0>)
Memory status after this epoch: 
Memory allocated:  31.8017578125
Memory cached:  66.0
	 epoch  50 training error:  tensor(0.2522, device='cuda:0', grad_fn=<DivBackward0>)
Memory status after this epoch: 
Memory allocated:  31.8017578125
Memory cached:  66.0
	 epoch  60 training error:  tensor(0.2524, device='cuda:0', grad_fn=<DivBackward0>)
Memory status after this epoch: 
Memory allocated:  31.8017578125
Memory cached:  66.0
	 epoch  70 training error:  tensor(0.2523, device='cuda:0', grad_fn=<DivBackward0>)
Memory status after this epoch: 
Memory allocated:  31.8017578125
Memory cached:  66.0
	 epoch  80 training error:  tensor(0.2518, device='cuda:0', grad_fn=<DivBackward0>)
Memory status after this epoch: 
Memory allocated:  31.8017578125
Memory cached:  66.0
	 epoch  90 training error:  tensor(0.2518, device='cuda:0', grad_fn=<DivBackward0>)
Memory status after this epoch: 
Memory allocated:  31.8017578125
Memory cached:  66.0
[I 2023-11-01 18:37:58,466] Trial 13 finished with value: 0.23405984044075012 and parameters: {'W_layers': 7, 'W_layer_units_exponent_0': 10, 'W_layer_units_exponent_1': 9, 'W_layer_units_exponent_2': 8, 'W_layer_units_exponent_3': 7, 'W_layer_units_exponent_4': 6, 'W_layer_units_exponent_5': 4, 'W_layer_units_exponent_6': 5, 'D_layers': 8, 'D_layer_units_exponent_0': 6, 'D_layer_units_exponent_1': 6, 'D_layer_units_exponent_2': 9, 'D_layer_units_exponent_3': 8, 'D_layer_units_exponent_4': 4, 'D_layer_units_exponent_5': 10, 'D_layer_units_exponent_6': 10, 'D_layer_units_exponent_7': 7, 'log_learning_rate': -3.469187603155839, 'log_learning_rate_D': -3.9098128320689067, 'training_batch_size': 11, 'training_p': 4}. Best is trial 8 with value: 0.23014603555202484.
Time for this trial:  200.7463014125824
Memory status after this trial: 
Memory allocated:  288.77099609375
Memory cached:  302.0
--------------------  Trial  14   --------------------
Start timing: 
Parameters: 
{'W_layers': 6, 'W_layer_units_exponent_0': 9, 'W_layer_units_exponent_1': 9, 'W_layer_units_exponent_2': 8, 'W_layer_units_exponent_3': 6, 'W_layer_units_exponent_4': 5, 'W_layer_units_exponent_5': 6, 'D_layers': 7, 'D_layer_units_exponent_0': 8, 'D_layer_units_exponent_1': 6, 'D_layer_units_exponent_2': 8, 'D_layer_units_exponent_3': 10, 'D_layer_units_exponent_4': 7, 'D_layer_units_exponent_5': 7, 'D_layer_units_exponent_6': 10, 'log_learning_rate': -3.4454225670214207, 'log_learning_rate_D': -3.527048252172163, 'training_batch_size': 12, 'training_p': 4}
	 epoch  0 training error:  tensor(0.9800, device='cuda:0', grad_fn=<DivBackward0>)
Memory status after this epoch: 
Memory allocated:  15.2919921875
Memory cached:  20.0
	 epoch  10 training error:  tensor(0.3251, device='cuda:0', grad_fn=<DivBackward0>)
Memory status after this epoch: 
Memory allocated:  15.2919921875
Memory cached:  22.0
	 epoch  20 training error:  tensor(0.2679, device='cuda:0', grad_fn=<DivBackward0>)
Memory status after this epoch: 
Memory allocated:  15.2919921875
Memory cached:  22.0
	 epoch  30 training error:  tensor(0.2563, device='cuda:0', grad_fn=<DivBackward0>)
Memory status after this epoch: 
Memory allocated:  15.2919921875
Memory cached:  22.0
	 epoch  40 training error:  tensor(0.2525, device='cuda:0', grad_fn=<DivBackward0>)
Memory status after this epoch: 
Memory allocated:  15.2919921875
Memory cached:  22.0
	 epoch  50 training error:  tensor(0.2518, device='cuda:0', grad_fn=<DivBackward0>)
Memory status after this epoch: 
Memory allocated:  15.2919921875
Memory cached:  22.0
	 epoch  60 training error:  tensor(0.2519, device='cuda:0', grad_fn=<DivBackward0>)
Memory status after this epoch: 
Memory allocated:  15.2919921875
Memory cached:  22.0
	 epoch  70 training error:  tensor(0.2516, device='cuda:0', grad_fn=<DivBackward0>)
Memory status after this epoch: 
Memory allocated:  15.2919921875
Memory cached:  22.0
	 epoch  80 training error:  tensor(0.2516, device='cuda:0', grad_fn=<DivBackward0>)
Memory status after this epoch: 
Memory allocated:  15.2919921875
Memory cached:  22.0
	 epoch  90 training error:  tensor(0.2516, device='cuda:0', grad_fn=<DivBackward0>)
Memory status after this epoch: 
Memory allocated:  15.2919921875
Memory cached:  22.0
[I 2023-11-01 18:40:57,335] Trial 14 finished with value: 0.23442088067531586 and parameters: {'W_layers': 6, 'W_layer_units_exponent_0': 9, 'W_layer_units_exponent_1': 9, 'W_layer_units_exponent_2': 8, 'W_layer_units_exponent_3': 6, 'W_layer_units_exponent_4': 5, 'W_layer_units_exponent_5': 6, 'D_layers': 7, 'D_layer_units_exponent_0': 8, 'D_layer_units_exponent_1': 6, 'D_layer_units_exponent_2': 8, 'D_layer_units_exponent_3': 10, 'D_layer_units_exponent_4': 7, 'D_layer_units_exponent_5': 7, 'D_layer_units_exponent_6': 10, 'log_learning_rate': -3.4454225670214207, 'log_learning_rate_D': -3.527048252172163, 'training_batch_size': 12, 'training_p': 4}. Best is trial 8 with value: 0.23014603555202484.
Time for this trial:  178.59100341796875
Memory status after this trial: 
Memory allocated:  237.5625
Memory cached:  246.0
--------------------  Trial  15   --------------------
Start timing: 
Parameters: 
{'W_layers': 5, 'W_layer_units_exponent_0': 10, 'W_layer_units_exponent_1': 8, 'W_layer_units_exponent_2': 8, 'W_layer_units_exponent_3': 9, 'W_layer_units_exponent_4': 7, 'D_layers': 8, 'D_layer_units_exponent_0': 6, 'D_layer_units_exponent_1': 5, 'D_layer_units_exponent_2': 10, 'D_layer_units_exponent_3': 7, 'D_layer_units_exponent_4': 4, 'D_layer_units_exponent_5': 8, 'D_layer_units_exponent_6': 8, 'D_layer_units_exponent_7': 5, 'log_learning_rate': -4.767432275110002, 'log_learning_rate_D': -4.377852732804672, 'training_batch_size': 10, 'training_p': 5}
	 epoch  0 training error:  tensor(1.0110, device='cuda:0', grad_fn=<DivBackward0>)
Memory status after this epoch: 
Memory allocated:  12.0087890625
Memory cached:  22.0
	 epoch  10 training error:  tensor(0.8458, device='cuda:0', grad_fn=<DivBackward0>)
Memory status after this epoch: 
Memory allocated:  12.0087890625
Memory cached:  24.0
	 epoch  20 training error:  tensor(0.6509, device='cuda:0', grad_fn=<DivBackward0>)
Memory status after this epoch: 
Memory allocated:  12.0087890625
Memory cached:  24.0
	 epoch  30 training error:  tensor(0.4072, device='cuda:0', grad_fn=<DivBackward0>)
Memory status after this epoch: 
Memory allocated:  12.0087890625
Memory cached:  24.0
	 epoch  40 training error:  tensor(0.2755, device='cuda:0', grad_fn=<DivBackward0>)
Memory status after this epoch: 
Memory allocated:  12.0087890625
Memory cached:  24.0
	 epoch  50 training error:  tensor(0.2620, device='cuda:0', grad_fn=<DivBackward0>)
Memory status after this epoch: 
Memory allocated:  12.0087890625
Memory cached:  24.0
	 epoch  60 training error:  tensor(0.2642, device='cuda:0', grad_fn=<DivBackward0>)
Memory status after this epoch: 
Memory allocated:  12.0087890625
Memory cached:  24.0
	 epoch  70 training error:  tensor(0.2561, device='cuda:0', grad_fn=<DivBackward0>)
Memory status after this epoch: 
Memory allocated:  12.0087890625
Memory cached:  24.0
	 epoch  80 training error:  tensor(0.2557, device='cuda:0', grad_fn=<DivBackward0>)
Memory status after this epoch: 
Memory allocated:  12.0087890625
Memory cached:  24.0
	 epoch  90 training error:  tensor(0.2559, device='cuda:0', grad_fn=<DivBackward0>)
Memory status after this epoch: 
Memory allocated:  12.0087890625
Memory cached:  24.0
[I 2023-11-01 18:43:52,723] Trial 15 finished with value: 0.228799968957901 and parameters: {'W_layers': 5, 'W_layer_units_exponent_0': 10, 'W_layer_units_exponent_1': 8, 'W_layer_units_exponent_2': 8, 'W_layer_units_exponent_3': 9, 'W_layer_units_exponent_4': 7, 'D_layers': 8, 'D_layer_units_exponent_0': 6, 'D_layer_units_exponent_1': 5, 'D_layer_units_exponent_2': 10, 'D_layer_units_exponent_3': 7, 'D_layer_units_exponent_4': 4, 'D_layer_units_exponent_5': 8, 'D_layer_units_exponent_6': 8, 'D_layer_units_exponent_7': 5, 'log_learning_rate': -4.767432275110002, 'log_learning_rate_D': -4.377852732804672, 'training_batch_size': 10, 'training_p': 5}. Best is trial 15 with value: 0.228799968957901.
Time for this trial:  175.15426898002625
Memory status after this trial: 
Memory allocated:  218.71826171875
Memory cached:  226.0
--------------------  Trial  16   --------------------
Start timing: 
Parameters: 
{'W_layers': 4, 'W_layer_units_exponent_0': 8, 'W_layer_units_exponent_1': 8, 'W_layer_units_exponent_2': 7, 'W_layer_units_exponent_3': 9, 'D_layers': 6, 'D_layer_units_exponent_0': 6, 'D_layer_units_exponent_1': 5, 'D_layer_units_exponent_2': 10, 'D_layer_units_exponent_3': 8, 'D_layer_units_exponent_4': 6, 'D_layer_units_exponent_5': 7, 'log_learning_rate': -4.963473288334879, 'log_learning_rate_D': -4.500862217318455, 'training_batch_size': 10, 'training_p': 6}
	 epoch  0 training error:  tensor(0.9514, device='cuda:0', grad_fn=<DivBackward0>)
Memory status after this epoch: 
Memory allocated:  7.5439453125
Memory cached:  16.0
	 epoch  10 training error:  tensor(0.8845, device='cuda:0', grad_fn=<DivBackward0>)
Memory status after this epoch: 
Memory allocated:  7.5439453125
Memory cached:  18.0
	 epoch  20 training error:  tensor(0.8171, device='cuda:0', grad_fn=<DivBackward0>)
Memory status after this epoch: 
Memory allocated:  7.5439453125
Memory cached:  18.0
	 epoch  30 training error:  tensor(0.7482, device='cuda:0', grad_fn=<DivBackward0>)
Memory status after this epoch: 
Memory allocated:  7.5439453125
Memory cached:  18.0
	 epoch  40 training error:  tensor(0.6768, device='cuda:0', grad_fn=<DivBackward0>)
Memory status after this epoch: 
Memory allocated:  7.5439453125
Memory cached:  18.0
	 epoch  50 training error:  tensor(0.6019, device='cuda:0', grad_fn=<DivBackward0>)
Memory status after this epoch: 
Memory allocated:  7.5439453125
Memory cached:  16.0
	 epoch  60 training error:  tensor(0.5225, device='cuda:0', grad_fn=<DivBackward0>)
Memory status after this epoch: 
Memory allocated:  7.5439453125
Memory cached:  18.0
	 epoch  70 training error:  tensor(0.4371, device='cuda:0', grad_fn=<DivBackward0>)
Memory status after this epoch: 
Memory allocated:  7.5439453125
Memory cached:  16.0
	 epoch  80 training error:  tensor(0.3469, device='cuda:0', grad_fn=<DivBackward0>)
Memory status after this epoch: 
Memory allocated:  7.5439453125
Memory cached:  16.0
	 epoch  90 training error:  tensor(0.2739, device='cuda:0', grad_fn=<DivBackward0>)
Memory status after this epoch: 
Memory allocated:  7.5439453125
Memory cached:  18.0
[I 2023-11-01 18:46:16,974] Trial 16 finished with value: 0.22553257644176483 and parameters: {'W_layers': 4, 'W_layer_units_exponent_0': 8, 'W_layer_units_exponent_1': 8, 'W_layer_units_exponent_2': 7, 'W_layer_units_exponent_3': 9, 'D_layers': 6, 'D_layer_units_exponent_0': 6, 'D_layer_units_exponent_1': 5, 'D_layer_units_exponent_2': 10, 'D_layer_units_exponent_3': 8, 'D_layer_units_exponent_4': 6, 'D_layer_units_exponent_5': 7, 'log_learning_rate': -4.963473288334879, 'log_learning_rate_D': -4.500862217318455, 'training_batch_size': 10, 'training_p': 6}. Best is trial 16 with value: 0.22553257644176483.
Time for this trial:  144.03251838684082
Memory status after this trial: 
Memory allocated:  148.93994140625
Memory cached:  154.0
--------------------  Trial  17   --------------------
Start timing: 
Parameters: 
{'W_layers': 4, 'W_layer_units_exponent_0': 8, 'W_layer_units_exponent_1': 8, 'W_layer_units_exponent_2': 7, 'W_layer_units_exponent_3': 9, 'D_layers': 6, 'D_layer_units_exponent_0': 6, 'D_layer_units_exponent_1': 5, 'D_layer_units_exponent_2': 10, 'D_layer_units_exponent_3': 8, 'D_layer_units_exponent_4': 6, 'D_layer_units_exponent_5': 7, 'log_learning_rate': -4.837691340710527, 'log_learning_rate_D': -4.4194922065401965, 'training_batch_size': 10, 'training_p': 6}
	 epoch  0 training error:  tensor(1.0198, device='cuda:0', grad_fn=<DivBackward0>)
Memory status after this epoch: 
Memory allocated:  7.5439453125
Memory cached:  14.0
	 epoch  10 training error:  tensor(0.9420, device='cuda:0', grad_fn=<DivBackward0>)
Memory status after this epoch: 
Memory allocated:  7.5439453125
Memory cached:  14.0
	 epoch  20 training error:  tensor(0.8639, device='cuda:0', grad_fn=<DivBackward0>)
Memory status after this epoch: 
Memory allocated:  7.5439453125
Memory cached:  14.0
	 epoch  30 training error:  tensor(0.7831, device='cuda:0', grad_fn=<DivBackward0>)
Memory status after this epoch: 
Memory allocated:  7.5439453125
Memory cached:  14.0
	 epoch  40 training error:  tensor(0.6973, device='cuda:0', grad_fn=<DivBackward0>)
Memory status after this epoch: 
Memory allocated:  7.5439453125
Memory cached:  14.0
	 epoch  50 training error:  tensor(0.6045, device='cuda:0', grad_fn=<DivBackward0>)
Memory status after this epoch: 
Memory allocated:  7.5439453125
Memory cached:  14.0
	 epoch  60 training error:  tensor(0.5029, device='cuda:0', grad_fn=<DivBackward0>)
Memory status after this epoch: 
Memory allocated:  7.5439453125
Memory cached:  14.0
	 epoch  70 training error:  tensor(0.3905, device='cuda:0', grad_fn=<DivBackward0>)
Memory status after this epoch: 
Memory allocated:  7.5439453125
Memory cached:  14.0
	 epoch  80 training error:  tensor(0.2837, device='cuda:0', grad_fn=<DivBackward0>)
Memory status after this epoch: 
Memory allocated:  7.5439453125
Memory cached:  14.0
	 epoch  90 training error:  tensor(0.2620, device='cuda:0', grad_fn=<DivBackward0>)
Memory status after this epoch: 
Memory allocated:  7.5439453125
Memory cached:  14.0
