[I 2023-11-02 21:51:19,180] Trial 14 finished with value: 0.24633391201496124 and parameters: {'W_layers': 8, 'W_layer_units_exponent_0': 9, 'W_layer_units_exponent_1': 8, 'W_layer_units_exponent_2': 10, 'W_layer_units_exponent_3': 9, 'W_layer_units_exponent_4': 7, 'W_layer_units_exponent_5': 9, 'W_layer_units_exponent_6': 9, 'W_layer_units_exponent_7': 4, 'D_layers': 6, 'D_layer_units_exponent_0': 9, 'D_layer_units_exponent_1': 5, 'D_layer_units_exponent_2': 6, 'D_layer_units_exponent_3': 6, 'D_layer_units_exponent_4': 8, 'D_layer_units_exponent_5': 7, 'log_learning_rate': -2.388871329459752, 'log_learning_rate_D': -1.0777914419731895, 'training_batch_size': 10, 'training_p': 4}. Best is trial 10 with value: 0.2450779676437378.
Time for this trial:  194.998064994812
Memory status after this trial: 
Memory allocated:  264.81591796875
Memory cached:  296.0
--------------------  Trial  15   --------------------
Start timing: 
Parameters: 
{'W_layers': 7, 'W_layer_units_exponent_0': 10, 'W_layer_units_exponent_1': 6, 'W_layer_units_exponent_2': 6, 'W_layer_units_exponent_3': 10, 'W_layer_units_exponent_4': 7, 'W_layer_units_exponent_5': 8, 'W_layer_units_exponent_6': 8, 'D_layers': 7, 'D_layer_units_exponent_0': 8, 'D_layer_units_exponent_1': 5, 'D_layer_units_exponent_2': 8, 'D_layer_units_exponent_3': 8, 'D_layer_units_exponent_4': 8, 'D_layer_units_exponent_5': 8, 'D_layer_units_exponent_6': 4, 'log_learning_rate': -3.129673528938236, 'log_learning_rate_D': -2.155894552990339, 'training_batch_size': 10, 'training_p': 6}
	 epoch  0 training error:  tensor(0.9999, device='cuda:0', grad_fn=<DivBackward0>)
Memory status after this epoch: 
Memory allocated:  19.3125
Memory cached:  44.0
	 epoch  10 training error:  tensor(0.5679, device='cuda:0', grad_fn=<DivBackward0>)
Memory status after this epoch: 
Memory allocated:  19.3125
Memory cached:  48.0
	 epoch  20 training error:  tensor(0.2938, device='cuda:0', grad_fn=<DivBackward0>)
Memory status after this epoch: 
Memory allocated:  19.3125
Memory cached:  48.0
	 epoch  30 training error:  tensor(0.2586, device='cuda:0', grad_fn=<DivBackward0>)
Memory status after this epoch: 
Memory allocated:  19.3125
Memory cached:  48.0
	 epoch  40 training error:  tensor(0.2568, device='cuda:0', grad_fn=<DivBackward0>)
Memory status after this epoch: 
Memory allocated:  19.3125
Memory cached:  48.0
	 epoch  50 training error:  tensor(0.2543, device='cuda:0', grad_fn=<DivBackward0>)
Memory status after this epoch: 
Memory allocated:  19.3125
Memory cached:  48.0
	 epoch  60 training error:  tensor(0.2536, device='cuda:0', grad_fn=<DivBackward0>)
Memory status after this epoch: 
Memory allocated:  19.3125
Memory cached:  48.0
	 epoch  70 training error:  tensor(0.2529, device='cuda:0', grad_fn=<DivBackward0>)
Memory status after this epoch: 
Memory allocated:  19.3125
Memory cached:  48.0
	 epoch  80 training error:  tensor(0.2529, device='cuda:0', grad_fn=<DivBackward0>)
Memory status after this epoch: 
Memory allocated:  19.3125
Memory cached:  48.0
	 epoch  90 training error:  tensor(0.2529, device='cuda:0', grad_fn=<DivBackward0>)
Memory status after this epoch: 
Memory allocated:  19.3125
Memory cached:  48.0
[I 2023-11-02 21:54:33,412] Trial 15 finished with value: 0.24635742604732513 and parameters: {'W_layers': 7, 'W_layer_units_exponent_0': 10, 'W_layer_units_exponent_1': 6, 'W_layer_units_exponent_2': 6, 'W_layer_units_exponent_3': 10, 'W_layer_units_exponent_4': 7, 'W_layer_units_exponent_5': 8, 'W_layer_units_exponent_6': 8, 'D_layers': 7, 'D_layer_units_exponent_0': 8, 'D_layer_units_exponent_1': 5, 'D_layer_units_exponent_2': 8, 'D_layer_units_exponent_3': 8, 'D_layer_units_exponent_4': 8, 'D_layer_units_exponent_5': 8, 'D_layer_units_exponent_6': 4, 'log_learning_rate': -3.129673528938236, 'log_learning_rate_D': -2.155894552990339, 'training_batch_size': 10, 'training_p': 6}. Best is trial 10 with value: 0.2450779676437378.
Time for this trial:  193.99624586105347
Memory status after this trial: 
Memory allocated:  238.9912109375
Memory cached:  270.0
--------------------  Trial  16   --------------------
Start timing: 
Parameters: 
{'W_layers': 8, 'W_layer_units_exponent_0': 9, 'W_layer_units_exponent_1': 8, 'W_layer_units_exponent_2': 9, 'W_layer_units_exponent_3': 4, 'W_layer_units_exponent_4': 9, 'W_layer_units_exponent_5': 4, 'W_layer_units_exponent_6': 4, 'W_layer_units_exponent_7': 8, 'D_layers': 7, 'D_layer_units_exponent_0': 8, 'D_layer_units_exponent_1': 4, 'D_layer_units_exponent_2': 8, 'D_layer_units_exponent_3': 6, 'D_layer_units_exponent_4': 7, 'D_layer_units_exponent_5': 6, 'D_layer_units_exponent_6': 7, 'log_learning_rate': -2.1294242857514853, 'log_learning_rate_D': -3.2289968633382484, 'training_batch_size': 12, 'training_p': 4}
	 epoch  0 training error:  tensor(1.0003, device='cuda:0', grad_fn=<DivBackward0>)
Memory status after this epoch: 
Memory allocated:  11.607421875
Memory cached:  36.0
	 epoch  10 training error:  tensor(0.9534, device='cuda:0', grad_fn=<DivBackward0>)
Memory status after this epoch: 
Memory allocated:  11.607421875
Memory cached:  42.0
	 epoch  20 training error:  tensor(0.7302, device='cuda:0', grad_fn=<DivBackward0>)
Memory status after this epoch: 
Memory allocated:  11.607421875
Memory cached:  42.0
	 epoch  30 training error:  tensor(0.2720, device='cuda:0', grad_fn=<DivBackward0>)
Memory status after this epoch: 
Memory allocated:  11.607421875
Memory cached:  42.0
	 epoch  40 training error:  tensor(0.2597, device='cuda:0', grad_fn=<DivBackward0>)
Memory status after this epoch: 
Memory allocated:  11.607421875
Memory cached:  42.0
	 epoch  50 training error:  tensor(0.2527, device='cuda:0', grad_fn=<DivBackward0>)
Memory status after this epoch: 
Memory allocated:  11.607421875
Memory cached:  42.0
	 epoch  60 training error:  tensor(0.2525, device='cuda:0', grad_fn=<DivBackward0>)
Memory status after this epoch: 
Memory allocated:  11.607421875
Memory cached:  42.0
	 epoch  70 training error:  tensor(0.2492, device='cuda:0', grad_fn=<DivBackward0>)
Memory status after this epoch: 
Memory allocated:  11.607421875
Memory cached:  42.0
	 epoch  80 training error:  tensor(0.2477, device='cuda:0', grad_fn=<DivBackward0>)
Memory status after this epoch: 
Memory allocated:  11.607421875
Memory cached:  42.0
	 epoch  90 training error:  tensor(0.2475, device='cuda:0', grad_fn=<DivBackward0>)
Memory status after this epoch: 
Memory allocated:  11.607421875
Memory cached:  42.0
[I 2023-11-02 21:57:47,047] Trial 16 finished with value: 0.24678276479244232 and parameters: {'W_layers': 8, 'W_layer_units_exponent_0': 9, 'W_layer_units_exponent_1': 8, 'W_layer_units_exponent_2': 9, 'W_layer_units_exponent_3': 4, 'W_layer_units_exponent_4': 9, 'W_layer_units_exponent_5': 4, 'W_layer_units_exponent_6': 4, 'W_layer_units_exponent_7': 8, 'D_layers': 7, 'D_layer_units_exponent_0': 8, 'D_layer_units_exponent_1': 4, 'D_layer_units_exponent_2': 8, 'D_layer_units_exponent_3': 6, 'D_layer_units_exponent_4': 7, 'D_layer_units_exponent_5': 6, 'D_layer_units_exponent_6': 7, 'log_learning_rate': -2.1294242857514853, 'log_learning_rate_D': -3.2289968633382484, 'training_batch_size': 12, 'training_p': 4}. Best is trial 10 with value: 0.2450779676437378.
Time for this trial:  193.3904480934143
Memory status after this trial: 
Memory allocated:  175.20458984375
Memory cached:  206.0
--------------------  Trial  17   --------------------
Start timing: 
Parameters: 
{'W_layers': 6, 'W_layer_units_exponent_0': 8, 'W_layer_units_exponent_1': 6, 'W_layer_units_exponent_2': 9, 'W_layer_units_exponent_3': 8, 'W_layer_units_exponent_4': 8, 'W_layer_units_exponent_5': 8, 'D_layers': 4, 'D_layer_units_exponent_0': 4, 'D_layer_units_exponent_1': 5, 'D_layer_units_exponent_2': 6, 'D_layer_units_exponent_3': 8, 'log_learning_rate': -3.0147186589073156, 'log_learning_rate_D': -1.0735845731497835, 'training_batch_size': 8, 'training_p': 5}
	 epoch  0 training error:  tensor(0.9982, device='cuda:0', grad_fn=<DivBackward0>)
Memory status after this epoch: 
Memory allocated:  7.55859375
Memory cached:  20.0
	 epoch  10 training error:  tensor(0.9157, device='cuda:0', grad_fn=<DivBackward0>)
Memory status after this epoch: 
Memory allocated:  7.55859375
Memory cached:  26.0
	 epoch  20 training error:  tensor(0.6047, device='cuda:0', grad_fn=<DivBackward0>)
Memory status after this epoch: 
Memory allocated:  7.55859375
Memory cached:  24.0
	 epoch  30 training error:  tensor(0.3131, device='cuda:0', grad_fn=<DivBackward0>)
Memory status after this epoch: 
Memory allocated:  7.55859375
Memory cached:  26.0
	 epoch  40 training error:  tensor(0.2943, device='cuda:0', grad_fn=<DivBackward0>)
Memory status after this epoch: 
Memory allocated:  7.55859375
Memory cached:  26.0
	 epoch  50 training error:  tensor(0.2627, device='cuda:0', grad_fn=<DivBackward0>)
Memory status after this epoch: 
Memory allocated:  7.55859375
Memory cached:  26.0
	 epoch  60 training error:  tensor(0.2566, device='cuda:0', grad_fn=<DivBackward0>)
Memory status after this epoch: 
Memory allocated:  7.55859375
Memory cached:  24.0
	 epoch  70 training error:  tensor(0.2508, device='cuda:0', grad_fn=<DivBackward0>)
Memory status after this epoch: 
Memory allocated:  7.55859375
Memory cached:  26.0
	 epoch  80 training error:  tensor(0.2509, device='cuda:0', grad_fn=<DivBackward0>)
Memory status after this epoch: 
Memory allocated:  7.55859375
Memory cached:  26.0
	 epoch  90 training error:  tensor(0.2509, device='cuda:0', grad_fn=<DivBackward0>)
Memory status after this epoch: 
Memory allocated:  7.55859375
Memory cached:  26.0
[I 2023-11-02 22:00:12,914] Trial 17 finished with value: 0.24632802605628967 and parameters: {'W_layers': 6, 'W_layer_units_exponent_0': 8, 'W_layer_units_exponent_1': 6, 'W_layer_units_exponent_2': 9, 'W_layer_units_exponent_3': 8, 'W_layer_units_exponent_4': 8, 'W_layer_units_exponent_5': 8, 'D_layers': 4, 'D_layer_units_exponent_0': 4, 'D_layer_units_exponent_1': 5, 'D_layer_units_exponent_2': 6, 'D_layer_units_exponent_3': 8, 'log_learning_rate': -3.0147186589073156, 'log_learning_rate_D': -1.0735845731497835, 'training_batch_size': 8, 'training_p': 5}. Best is trial 10 with value: 0.2450779676437378.
Time for this trial:  145.6195890903473
Memory status after this trial: 
Memory allocated:  117.416015625
Memory cached:  130.0
--------------------  Trial  18   --------------------
Start timing: 
Parameters: 
{'W_layers': 6, 'W_layer_units_exponent_0': 10, 'W_layer_units_exponent_1': 4, 'W_layer_units_exponent_2': 7, 'W_layer_units_exponent_3': 9, 'W_layer_units_exponent_4': 10, 'W_layer_units_exponent_5': 10, 'D_layers': 6, 'D_layer_units_exponent_0': 9, 'D_layer_units_exponent_1': 6, 'D_layer_units_exponent_2': 6, 'D_layer_units_exponent_3': 6, 'D_layer_units_exponent_4': 9, 'D_layer_units_exponent_5': 10, 'log_learning_rate': -3.329239204903801, 'log_learning_rate_D': -2.172909126687638, 'training_batch_size': 9, 'training_p': 7}
	 epoch  0 training error:  tensor(1.0006, device='cuda:0', grad_fn=<DivBackward0>)
Memory status after this epoch: 
Memory allocated:  46.900390625
Memory cached:  78.0
	 epoch  10 training error:  tensor(0.3023, device='cuda:0', grad_fn=<DivBackward0>)
Memory status after this epoch: 
Memory allocated:  46.900390625
Memory cached:  82.0
	 epoch  20 training error:  tensor(0.2673, device='cuda:0', grad_fn=<DivBackward0>)
Memory status after this epoch: 
Memory allocated:  46.900390625
Memory cached:  82.0
	 epoch  30 training error:  tensor(0.2548, device='cuda:0', grad_fn=<DivBackward0>)
Memory status after this epoch: 
Memory allocated:  46.900390625
Memory cached:  82.0
	 epoch  40 training error:  tensor(0.2544, device='cuda:0', grad_fn=<DivBackward0>)
Memory status after this epoch: 
Memory allocated:  46.900390625
Memory cached:  82.0
	 epoch  50 training error:  tensor(0.2549, device='cuda:0', grad_fn=<DivBackward0>)
Memory status after this epoch: 
Memory allocated:  46.900390625
Memory cached:  82.0
	 epoch  60 training error:  tensor(0.2544, device='cuda:0', grad_fn=<DivBackward0>)
Memory status after this epoch: 
Memory allocated:  46.900390625
Memory cached:  82.0
	 epoch  70 training error:  tensor(0.2544, device='cuda:0', grad_fn=<DivBackward0>)
Memory status after this epoch: 
Memory allocated:  46.900390625
Memory cached:  82.0
	 epoch  80 training error:  tensor(0.2543, device='cuda:0', grad_fn=<DivBackward0>)
Memory status after this epoch: 
Memory allocated:  46.900390625
Memory cached:  82.0
	 epoch  90 training error:  tensor(0.2543, device='cuda:0', grad_fn=<DivBackward0>)
Memory status after this epoch: 
Memory allocated:  46.900390625
Memory cached:  82.0
[I 2023-11-02 22:03:20,789] Trial 18 finished with value: 0.2462301254272461 and parameters: {'W_layers': 6, 'W_layer_units_exponent_0': 10, 'W_layer_units_exponent_1': 4, 'W_layer_units_exponent_2': 7, 'W_layer_units_exponent_3': 9, 'W_layer_units_exponent_4': 10, 'W_layer_units_exponent_5': 10, 'D_layers': 6, 'D_layer_units_exponent_0': 9, 'D_layer_units_exponent_1': 6, 'D_layer_units_exponent_2': 6, 'D_layer_units_exponent_3': 6, 'D_layer_units_exponent_4': 9, 'D_layer_units_exponent_5': 10, 'log_learning_rate': -3.329239204903801, 'log_learning_rate_D': -2.172909126687638, 'training_batch_size': 9, 'training_p': 7}. Best is trial 10 with value: 0.2450779676437378.
Time for this trial:  187.6519069671631
Memory status after this trial: 
Memory allocated:  349.7099609375
Memory cached:  382.0
--------------------  Trial  19   --------------------
Start timing: 
Parameters: 
{'W_layers': 8, 'W_layer_units_exponent_0': 9, 'W_layer_units_exponent_1': 9, 'W_layer_units_exponent_2': 10, 'W_layer_units_exponent_3': 8, 'W_layer_units_exponent_4': 6, 'W_layer_units_exponent_5': 8, 'W_layer_units_exponent_6': 7, 'W_layer_units_exponent_7': 5, 'D_layers': 5, 'D_layer_units_exponent_0': 6, 'D_layer_units_exponent_1': 4, 'D_layer_units_exponent_2': 9, 'D_layer_units_exponent_3': 9, 'D_layer_units_exponent_4': 6, 'log_learning_rate': -2.769839119513283, 'log_learning_rate_D': -1.6240694999463374, 'training_batch_size': 11, 'training_p': 3}
	 epoch  0 training error:  tensor(1.0005, device='cuda:0', grad_fn=<DivBackward0>)
Memory status after this epoch: 
Memory allocated:  27.626953125
Memory cached:  40.0
	 epoch  10 training error:  tensor(0.8311, device='cuda:0', grad_fn=<DivBackward0>)
Memory status after this epoch: 
Memory allocated:  27.626953125
Memory cached:  44.0
	 epoch  20 training error:  tensor(0.3112, device='cuda:0', grad_fn=<DivBackward0>)
Memory status after this epoch: 
Memory allocated:  27.626953125
Memory cached:  44.0
	 epoch  30 training error:  tensor(0.2863, device='cuda:0', grad_fn=<DivBackward0>)
Memory status after this epoch: 
Memory allocated:  27.626953125
Memory cached:  44.0
	 epoch  40 training error:  tensor(0.2602, device='cuda:0', grad_fn=<DivBackward0>)
Memory status after this epoch: 
Memory allocated:  27.626953125
Memory cached:  44.0
	 epoch  50 training error:  tensor(0.2487, device='cuda:0', grad_fn=<DivBackward0>)
Memory status after this epoch: 
Memory allocated:  27.626953125
Memory cached:  44.0
	 epoch  60 training error:  tensor(0.2449, device='cuda:0', grad_fn=<DivBackward0>)
Memory status after this epoch: 
Memory allocated:  27.626953125
Memory cached:  44.0
	 epoch  70 training error:  tensor(0.2432, device='cuda:0', grad_fn=<DivBackward0>)
Memory status after this epoch: 
Memory allocated:  27.626953125
Memory cached:  44.0
	 epoch  80 training error:  tensor(0.2426, device='cuda:0', grad_fn=<DivBackward0>)
Memory status after this epoch: 
Memory allocated:  27.626953125
Memory cached:  44.0
	 epoch  90 training error:  tensor(0.2427, device='cuda:0', grad_fn=<DivBackward0>)
Memory status after this epoch: 
Memory allocated:  27.626953125
Memory cached:  44.0
[I 2023-11-02 22:06:22,378] Trial 19 finished with value: 0.24611806869506836 and parameters: {'W_layers': 8, 'W_layer_units_exponent_0': 9, 'W_layer_units_exponent_1': 9, 'W_layer_units_exponent_2': 10, 'W_layer_units_exponent_3': 8, 'W_layer_units_exponent_4': 6, 'W_layer_units_exponent_5': 8, 'W_layer_units_exponent_6': 7, 'W_layer_units_exponent_7': 5, 'D_layers': 5, 'D_layer_units_exponent_0': 6, 'D_layer_units_exponent_1': 4, 'D_layer_units_exponent_2': 9, 'D_layer_units_exponent_3': 9, 'D_layer_units_exponent_4': 6, 'log_learning_rate': -2.769839119513283, 'log_learning_rate_D': -1.6240694999463374, 'training_batch_size': 11, 'training_p': 3}. Best is trial 10 with value: 0.2450779676437378.
Time for this trial:  181.35327458381653
Memory status after this trial: 
Memory allocated:  232.48095703125
Memory cached:  262.0
--------------------  Trial  20   --------------------
Start timing: 
Parameters: 
{'W_layers': 7, 'W_layer_units_exponent_0': 8, 'W_layer_units_exponent_1': 6, 'W_layer_units_exponent_2': 9, 'W_layer_units_exponent_3': 7, 'W_layer_units_exponent_4': 8, 'W_layer_units_exponent_5': 9, 'W_layer_units_exponent_6': 10, 'D_layers': 7, 'D_layer_units_exponent_0': 8, 'D_layer_units_exponent_1': 8, 'D_layer_units_exponent_2': 5, 'D_layer_units_exponent_3': 7, 'D_layer_units_exponent_4': 9, 'D_layer_units_exponent_5': 8, 'D_layer_units_exponent_6': 7, 'log_learning_rate': -2.2830317615548674, 'log_learning_rate_D': -1.5225870693872192, 'training_batch_size': 12, 'training_p': 5}
	 epoch  0 training error:  tensor(1.0013, device='cuda:0', grad_fn=<DivBackward0>)
Memory status after this epoch: 
Memory allocated:  21.375
Memory cached:  40.0
	 epoch  10 training error:  tensor(0.7368, device='cuda:0', grad_fn=<DivBackward0>)
Memory status after this epoch: 
Memory allocated:  21.375
Memory cached:  44.0
	 epoch  20 training error:  tensor(0.6881, device='cuda:0', grad_fn=<DivBackward0>)
Memory status after this epoch: 
Memory allocated:  21.375
Memory cached:  44.0
	 epoch  30 training error:  tensor(0.3709, device='cuda:0', grad_fn=<DivBackward0>)
Memory status after this epoch: 
Memory allocated:  21.375
Memory cached:  44.0
	 epoch  40 training error:  tensor(0.3154, device='cuda:0', grad_fn=<DivBackward0>)
Memory status after this epoch: 
Memory allocated:  21.375
Memory cached:  44.0
	 epoch  50 training error:  tensor(0.2731, device='cuda:0', grad_fn=<DivBackward0>)
Memory status after this epoch: 
Memory allocated:  21.375
Memory cached:  44.0
	 epoch  60 training error:  tensor(0.2508, device='cuda:0', grad_fn=<DivBackward0>)
Memory status after this epoch: 
Memory allocated:  21.375
Memory cached:  44.0
	 epoch  70 training error:  tensor(0.2516, device='cuda:0', grad_fn=<DivBackward0>)
Memory status after this epoch: 
Memory allocated:  21.375
Memory cached:  44.0
	 epoch  80 training error:  tensor(0.2522, device='cuda:0', grad_fn=<DivBackward0>)
Memory status after this epoch: 
Memory allocated:  21.375
Memory cached:  44.0
	 epoch  90 training error:  tensor(0.2509, device='cuda:0', grad_fn=<DivBackward0>)
Memory status after this epoch: 
Memory allocated:  21.375
Memory cached:  44.0
