[I 2023-11-03 23:15:02,010] Trial 14 finished with value: 0.03472403064370155 and parameters: {'W_layers': 2, 'W_layer_units_exponent_0': 7, 'W_layer_units_exponent_1': 6, 'D_layers': 2, 'D_layer_units_exponent_0': 8, 'D_layer_units_exponent_1': 9, 'log_learning_rate': -3.4005350390144464, 'log_learning_rate_D': -3.352840356278734, 'training_batch_size': 7, 'training_p': 4}. Best is trial 11 with value: 0.03036658838391304.
Time for this trial:  88.88823103904724
Memory status after this trial: 
Memory allocated:  52.5986328125
Memory cached:  54.0
--------------------  Trial  15   --------------------
Start timing: 
Parameters: 
{'W_layers': 2, 'W_layer_units_exponent_0': 8, 'W_layer_units_exponent_1': 5, 'D_layers': 3, 'D_layer_units_exponent_0': 8, 'D_layer_units_exponent_1': 9, 'D_layer_units_exponent_2': 6, 'log_learning_rate': -3.1656670214432587, 'log_learning_rate_D': -3.2687421380311767, 'training_batch_size': 7, 'training_p': 5}
	 epoch  0 training error:  tensor(1.4144, device='cuda:0', grad_fn=<DivBackward0>)
Memory status after this epoch: 
Memory allocated:  2.6962890625
Memory cached:  8.0
	 epoch  10 training error:  tensor(0.2258, device='cuda:0', grad_fn=<DivBackward0>)
Memory status after this epoch: 
Memory allocated:  2.6962890625
Memory cached:  12.0
	 epoch  20 training error:  tensor(0.1479, device='cuda:0', grad_fn=<DivBackward0>)
Memory status after this epoch: 
Memory allocated:  2.6962890625
Memory cached:  12.0
	 epoch  30 training error:  tensor(0.1388, device='cuda:0', grad_fn=<DivBackward0>)
Memory status after this epoch: 
Memory allocated:  2.6962890625
Memory cached:  12.0
	 epoch  40 training error:  tensor(0.0601, device='cuda:0', grad_fn=<DivBackward0>)
Memory status after this epoch: 
Memory allocated:  2.6962890625
Memory cached:  12.0
	 epoch  50 training error:  tensor(0.0510, device='cuda:0', grad_fn=<DivBackward0>)
Memory status after this epoch: 
Memory allocated:  2.6962890625
Memory cached:  12.0
	 epoch  60 training error:  tensor(0.0546, device='cuda:0', grad_fn=<DivBackward0>)
Memory status after this epoch: 
Memory allocated:  2.6962890625
Memory cached:  12.0
	 epoch  70 training error:  tensor(0.0462, device='cuda:0', grad_fn=<DivBackward0>)
Memory status after this epoch: 
Memory allocated:  2.6962890625
Memory cached:  12.0
	 epoch  80 training error:  tensor(0.0696, device='cuda:0', grad_fn=<DivBackward0>)
Memory status after this epoch: 
Memory allocated:  2.6962890625
Memory cached:  12.0
	 epoch  90 training error:  tensor(0.0433, device='cuda:0', grad_fn=<DivBackward0>)
Memory status after this epoch: 
Memory allocated:  2.6962890625
Memory cached:  12.0
[I 2023-11-03 23:16:40,774] Trial 15 finished with value: 0.03398986533284187 and parameters: {'W_layers': 2, 'W_layer_units_exponent_0': 8, 'W_layer_units_exponent_1': 5, 'D_layers': 3, 'D_layer_units_exponent_0': 8, 'D_layer_units_exponent_1': 9, 'D_layer_units_exponent_2': 6, 'log_learning_rate': -3.1656670214432587, 'log_learning_rate_D': -3.2687421380311767, 'training_batch_size': 7, 'training_p': 5}. Best is trial 11 with value: 0.03036658838391304.
Time for this trial:  98.56966543197632
Memory status after this trial: 
Memory allocated:  61.3603515625
Memory cached:  64.0
--------------------  Trial  16   --------------------
Start timing: 
Parameters: 
{'W_layers': 3, 'W_layer_units_exponent_0': 9, 'W_layer_units_exponent_1': 4, 'W_layer_units_exponent_2': 8, 'D_layers': 3, 'D_layer_units_exponent_0': 6, 'D_layer_units_exponent_1': 9, 'D_layer_units_exponent_2': 6, 'log_learning_rate': -2.853048910375032, 'log_learning_rate_D': -2.984354170831681, 'training_batch_size': 7, 'training_p': 5}
	 epoch  0 training error:  tensor(0.8094, device='cuda:0', grad_fn=<DivBackward0>)
Memory status after this epoch: 
Memory allocated:  1.2724609375
Memory cached:  10.0
	 epoch  10 training error:  tensor(0.1789, device='cuda:0', grad_fn=<DivBackward0>)
Memory status after this epoch: 
Memory allocated:  1.2724609375
Memory cached:  14.0
	 epoch  20 training error:  tensor(0.1515, device='cuda:0', grad_fn=<DivBackward0>)
Memory status after this epoch: 
Memory allocated:  1.2724609375
Memory cached:  14.0
	 epoch  30 training error:  tensor(0.0803, device='cuda:0', grad_fn=<DivBackward0>)
Memory status after this epoch: 
Memory allocated:  1.2724609375
Memory cached:  14.0
	 epoch  40 training error:  tensor(0.1134, device='cuda:0', grad_fn=<DivBackward0>)
Memory status after this epoch: 
Memory allocated:  1.2724609375
Memory cached:  14.0
	 epoch  50 training error:  tensor(0.1307, device='cuda:0', grad_fn=<DivBackward0>)
Memory status after this epoch: 
Memory allocated:  1.2724609375
Memory cached:  14.0
	 epoch  60 training error:  tensor(0.0566, device='cuda:0', grad_fn=<DivBackward0>)
Memory status after this epoch: 
Memory allocated:  1.2724609375
Memory cached:  14.0
	 epoch  70 training error:  tensor(0.0500, device='cuda:0', grad_fn=<DivBackward0>)
Memory status after this epoch: 
Memory allocated:  1.2724609375
Memory cached:  14.0
	 epoch  80 training error:  tensor(0.0633, device='cuda:0', grad_fn=<DivBackward0>)
Memory status after this epoch: 
Memory allocated:  1.2724609375
Memory cached:  14.0
	 epoch  90 training error:  tensor(0.0769, device='cuda:0', grad_fn=<DivBackward0>)
Memory status after this epoch: 
Memory allocated:  1.2724609375
Memory cached:  14.0
[I 2023-11-03 23:18:29,020] Trial 16 finished with value: 0.05543239042162895 and parameters: {'W_layers': 3, 'W_layer_units_exponent_0': 9, 'W_layer_units_exponent_1': 4, 'W_layer_units_exponent_2': 8, 'D_layers': 3, 'D_layer_units_exponent_0': 6, 'D_layer_units_exponent_1': 9, 'D_layer_units_exponent_2': 6, 'log_learning_rate': -2.853048910375032, 'log_learning_rate_D': -2.984354170831681, 'training_batch_size': 7, 'training_p': 5}. Best is trial 11 with value: 0.03036658838391304.
Time for this trial:  108.05813074111938
Memory status after this trial: 
Memory allocated:  77.1572265625
Memory cached:  78.0
--------------------  Trial  17   --------------------
Start timing: 
Parameters: 
{'W_layers': 3, 'W_layer_units_exponent_0': 8, 'W_layer_units_exponent_1': 5, 'W_layer_units_exponent_2': 8, 'D_layers': 3, 'D_layer_units_exponent_0': 8, 'D_layer_units_exponent_1': 9, 'D_layer_units_exponent_2': 7, 'log_learning_rate': -3.2432915050024813, 'log_learning_rate_D': -4.243789401504126, 'training_batch_size': 12, 'training_p': 5}
	 epoch  0 training error:  tensor(0.5329, device='cuda:0', grad_fn=<DivBackward0>)
Memory status after this epoch: 
Memory allocated:  3.3271484375
Memory cached:  12.0
	 epoch  10 training error:  tensor(0.2152, device='cuda:0', grad_fn=<DivBackward0>)
Memory status after this epoch: 
Memory allocated:  3.3271484375
Memory cached:  12.0
	 epoch  20 training error:  tensor(0.0790, device='cuda:0', grad_fn=<DivBackward0>)
Memory status after this epoch: 
Memory allocated:  3.3271484375
Memory cached:  12.0
	 epoch  30 training error:  tensor(0.0570, device='cuda:0', grad_fn=<DivBackward0>)
Memory status after this epoch: 
Memory allocated:  3.3271484375
Memory cached:  12.0
	 epoch  40 training error:  tensor(0.0468, device='cuda:0', grad_fn=<DivBackward0>)
Memory status after this epoch: 
Memory allocated:  3.3271484375
Memory cached:  12.0
	 epoch  50 training error:  tensor(0.0422, device='cuda:0', grad_fn=<DivBackward0>)
Memory status after this epoch: 
Memory allocated:  3.3271484375
Memory cached:  12.0
	 epoch  60 training error:  tensor(0.0388, device='cuda:0', grad_fn=<DivBackward0>)
Memory status after this epoch: 
Memory allocated:  3.3271484375
Memory cached:  12.0
	 epoch  70 training error:  tensor(0.0360, device='cuda:0', grad_fn=<DivBackward0>)
Memory status after this epoch: 
Memory allocated:  3.3271484375
Memory cached:  12.0
	 epoch  80 training error:  tensor(0.0339, device='cuda:0', grad_fn=<DivBackward0>)
Memory status after this epoch: 
Memory allocated:  3.3271484375
Memory cached:  12.0
	 epoch  90 training error:  tensor(0.0320, device='cuda:0', grad_fn=<DivBackward0>)
Memory status after this epoch: 
Memory allocated:  3.3271484375
Memory cached:  12.0
[I 2023-11-03 23:20:17,233] Trial 17 finished with value: 0.028869470581412315 and parameters: {'W_layers': 3, 'W_layer_units_exponent_0': 8, 'W_layer_units_exponent_1': 5, 'W_layer_units_exponent_2': 8, 'D_layers': 3, 'D_layer_units_exponent_0': 8, 'D_layer_units_exponent_1': 9, 'D_layer_units_exponent_2': 7, 'log_learning_rate': -3.2432915050024813, 'log_learning_rate_D': -4.243789401504126, 'training_batch_size': 12, 'training_p': 5}. Best is trial 17 with value: 0.028869470581412315.
Time for this trial:  108.01952648162842
Memory status after this trial: 
Memory allocated:  78.7314453125
Memory cached:  82.0
--------------------  Trial  18   --------------------
Start timing: 
Parameters: 
{'W_layers': 5, 'W_layer_units_exponent_0': 9, 'W_layer_units_exponent_1': 5, 'W_layer_units_exponent_2': 8, 'W_layer_units_exponent_3': 8, 'W_layer_units_exponent_4': 10, 'D_layers': 3, 'D_layer_units_exponent_0': 8, 'D_layer_units_exponent_1': 8, 'D_layer_units_exponent_2': 7, 'log_learning_rate': -4.124264658907423, 'log_learning_rate_D': -4.23220356128561, 'training_batch_size': 12, 'training_p': 3}
	 epoch  0 training error:  tensor(1.0545, device='cuda:0', grad_fn=<DivBackward0>)
Memory status after this epoch: 
Memory allocated:  6.9912109375
Memory cached:  14.0
	 epoch  10 training error:  tensor(0.2973, device='cuda:0', grad_fn=<DivBackward0>)
Memory status after this epoch: 
Memory allocated:  6.9912109375
Memory cached:  18.0
	 epoch  20 training error:  tensor(0.1099, device='cuda:0', grad_fn=<DivBackward0>)
Memory status after this epoch: 
Memory allocated:  6.9912109375
Memory cached:  18.0
	 epoch  30 training error:  tensor(0.0857, device='cuda:0', grad_fn=<DivBackward0>)
Memory status after this epoch: 
Memory allocated:  6.9912109375
Memory cached:  18.0
	 epoch  40 training error:  tensor(0.0634, device='cuda:0', grad_fn=<DivBackward0>)
Memory status after this epoch: 
Memory allocated:  6.9912109375
Memory cached:  18.0
	 epoch  50 training error:  tensor(0.0505, device='cuda:0', grad_fn=<DivBackward0>)
Memory status after this epoch: 
Memory allocated:  6.9912109375
Memory cached:  18.0
	 epoch  60 training error:  tensor(0.0440, device='cuda:0', grad_fn=<DivBackward0>)
Memory status after this epoch: 
Memory allocated:  6.9912109375
Memory cached:  18.0
	 epoch  70 training error:  tensor(0.0412, device='cuda:0', grad_fn=<DivBackward0>)
Memory status after this epoch: 
Memory allocated:  6.9912109375
Memory cached:  18.0
	 epoch  80 training error:  tensor(0.0396, device='cuda:0', grad_fn=<DivBackward0>)
Memory status after this epoch: 
Memory allocated:  6.9912109375
Memory cached:  18.0
	 epoch  90 training error:  tensor(0.0381, device='cuda:0', grad_fn=<DivBackward0>)
Memory status after this epoch: 
Memory allocated:  6.9912109375
Memory cached:  18.0
[I 2023-11-03 23:22:30,982] Trial 18 finished with value: 0.03894932195544243 and parameters: {'W_layers': 5, 'W_layer_units_exponent_0': 9, 'W_layer_units_exponent_1': 5, 'W_layer_units_exponent_2': 8, 'W_layer_units_exponent_3': 8, 'W_layer_units_exponent_4': 10, 'D_layers': 3, 'D_layer_units_exponent_0': 8, 'D_layer_units_exponent_1': 8, 'D_layer_units_exponent_2': 7, 'log_learning_rate': -4.124264658907423, 'log_learning_rate_D': -4.23220356128561, 'training_batch_size': 12, 'training_p': 3}. Best is trial 17 with value: 0.028869470581412315.
Time for this trial:  133.56615352630615
Memory status after this trial: 
Memory allocated:  149.0595703125
Memory cached:  154.0
--------------------  Trial  19   --------------------
Start timing: 
Parameters: 
{'W_layers': 3, 'W_layer_units_exponent_0': 7, 'W_layer_units_exponent_1': 8, 'W_layer_units_exponent_2': 8, 'D_layers': 6, 'D_layer_units_exponent_0': 6, 'D_layer_units_exponent_1': 9, 'D_layer_units_exponent_2': 7, 'D_layer_units_exponent_3': 10, 'D_layer_units_exponent_4': 6, 'D_layer_units_exponent_5': 7, 'log_learning_rate': -3.3294446997302005, 'log_learning_rate_D': -4.359062971729726, 'training_batch_size': 11, 'training_p': 3}
	 epoch  0 training error:  tensor(0.3075, device='cuda:0', grad_fn=<DivBackward0>)
Memory status after this epoch: 
Memory allocated:  6.2138671875
Memory cached:  14.0
	 epoch  10 training error:  tensor(0.3404, device='cuda:0', grad_fn=<DivBackward0>)
Memory status after this epoch: 
Memory allocated:  6.2138671875
Memory cached:  20.0
	 epoch  20 training error:  tensor(0.1808, device='cuda:0', grad_fn=<DivBackward0>)
Memory status after this epoch: 
Memory allocated:  6.2138671875
Memory cached:  20.0
	 epoch  30 training error:  tensor(0.1116, device='cuda:0', grad_fn=<DivBackward0>)
Memory status after this epoch: 
Memory allocated:  6.2138671875
Memory cached:  20.0
	 epoch  40 training error:  tensor(0.0751, device='cuda:0', grad_fn=<DivBackward0>)
Memory status after this epoch: 
Memory allocated:  6.2138671875
Memory cached:  20.0
	 epoch  50 training error:  tensor(0.0673, device='cuda:0', grad_fn=<DivBackward0>)
Memory status after this epoch: 
Memory allocated:  6.2138671875
Memory cached:  20.0
	 epoch  60 training error:  tensor(0.0570, device='cuda:0', grad_fn=<DivBackward0>)
Memory status after this epoch: 
Memory allocated:  6.2138671875
Memory cached:  20.0
	 epoch  70 training error:  tensor(0.0496, device='cuda:0', grad_fn=<DivBackward0>)
Memory status after this epoch: 
Memory allocated:  6.2138671875
Memory cached:  20.0
	 epoch  80 training error:  tensor(0.0400, device='cuda:0', grad_fn=<DivBackward0>)
Memory status after this epoch: 
Memory allocated:  6.2138671875
Memory cached:  20.0
	 epoch  90 training error:  tensor(0.0372, device='cuda:0', grad_fn=<DivBackward0>)
Memory status after this epoch: 
Memory allocated:  6.2138671875
Memory cached:  20.0
[I 2023-11-03 23:24:48,664] Trial 19 finished with value: 0.038208525627851486 and parameters: {'W_layers': 3, 'W_layer_units_exponent_0': 7, 'W_layer_units_exponent_1': 8, 'W_layer_units_exponent_2': 8, 'D_layers': 6, 'D_layer_units_exponent_0': 6, 'D_layer_units_exponent_1': 9, 'D_layer_units_exponent_2': 7, 'D_layer_units_exponent_3': 10, 'D_layer_units_exponent_4': 6, 'D_layer_units_exponent_5': 7, 'log_learning_rate': -3.3294446997302005, 'log_learning_rate_D': -4.359062971729726, 'training_batch_size': 11, 'training_p': 3}. Best is trial 17 with value: 0.028869470581412315.
Time for this trial:  137.48530983924866
Memory status after this trial: 
Memory allocated:  139.4423828125
Memory cached:  144.0
--------------------  Trial  20   --------------------
Start timing: 
Parameters: 
{'W_layers': 4, 'W_layer_units_exponent_0': 9, 'W_layer_units_exponent_1': 4, 'W_layer_units_exponent_2': 7, 'W_layer_units_exponent_3': 6, 'D_layers': 3, 'D_layer_units_exponent_0': 7, 'D_layer_units_exponent_1': 7, 'D_layer_units_exponent_2': 10, 'log_learning_rate': -2.9238389705191827, 'log_learning_rate_D': -4.031811973167672, 'training_batch_size': 11, 'training_p': 5}
	 epoch  0 training error:  tensor(1.1672, device='cuda:0', grad_fn=<DivBackward0>)
Memory status after this epoch: 
Memory allocated:  2.6357421875
Memory cached:  14.0
	 epoch  10 training error:  tensor(0.1914, device='cuda:0', grad_fn=<DivBackward0>)
Memory status after this epoch: 
Memory allocated:  2.6357421875
Memory cached:  18.0
	 epoch  20 training error:  tensor(0.1433, device='cuda:0', grad_fn=<DivBackward0>)
Memory status after this epoch: 
Memory allocated:  2.6357421875
Memory cached:  18.0
	 epoch  30 training error:  tensor(0.0685, device='cuda:0', grad_fn=<DivBackward0>)
Memory status after this epoch: 
Memory allocated:  2.6357421875
Memory cached:  18.0
	 epoch  40 training error:  tensor(0.0879, device='cuda:0', grad_fn=<DivBackward0>)
Memory status after this epoch: 
Memory allocated:  2.6357421875
Memory cached:  18.0
	 epoch  50 training error:  tensor(0.1010, device='cuda:0', grad_fn=<DivBackward0>)
Memory status after this epoch: 
Memory allocated:  2.6357421875
Memory cached:  18.0
	 epoch  60 training error:  tensor(0.0510, device='cuda:0', grad_fn=<DivBackward0>)
Memory status after this epoch: 
Memory allocated:  2.6357421875
Memory cached:  18.0
	 epoch  70 training error:  tensor(0.0589, device='cuda:0', grad_fn=<DivBackward0>)
Memory status after this epoch: 
Memory allocated:  2.6357421875
Memory cached:  18.0
	 epoch  80 training error:  tensor(0.1104, device='cuda:0', grad_fn=<DivBackward0>)
Memory status after this epoch: 
Memory allocated:  2.6357421875
Memory cached:  18.0
	 epoch  90 training error:  tensor(0.0686, device='cuda:0', grad_fn=<DivBackward0>)
Memory status after this epoch: 
Memory allocated:  2.6357421875
Memory cached:  18.0
[I 2023-11-03 23:26:47,176] Trial 20 finished with value: 0.03899344429373741 and parameters: {'W_layers': 4, 'W_layer_units_exponent_0': 9, 'W_layer_units_exponent_1': 4, 'W_layer_units_exponent_2': 7, 'W_layer_units_exponent_3': 6, 'D_layers': 3, 'D_layer_units_exponent_0': 7, 'D_layer_units_exponent_1': 7, 'D_layer_units_exponent_2': 10, 'log_learning_rate': -2.9238389705191827, 'log_learning_rate_D': -4.031811973167672, 'training_batch_size': 11, 'training_p': 5}. Best is trial 17 with value: 0.028869470581412315.
Time for this trial:  118.31031823158264
Memory status after this trial: 
Memory allocated:  108.2587890625
Memory cached:  110.0
--------------------  Trial  21   --------------------
Start timing: 
Parameters: 
{'W_layers': 2, 'W_layer_units_exponent_0': 8, 'W_layer_units_exponent_1': 5, 'D_layers': 3, 'D_layer_units_exponent_0': 8, 'D_layer_units_exponent_1': 9, 'D_layer_units_exponent_2': 6, 'log_learning_rate': -3.4363459863364962, 'log_learning_rate_D': -3.3907438860978343, 'training_batch_size': 7, 'training_p': 5}
	 epoch  0 training error:  tensor(1.7039, device='cuda:0', grad_fn=<DivBackward0>)
Memory status after this epoch: 
Memory allocated:  2.6962890625
Memory cached:  10.0
	 epoch  10 training error:  tensor(0.4973, device='cuda:0', grad_fn=<DivBackward0>)
Memory status after this epoch: 
Memory allocated:  2.6962890625
Memory cached:  14.0
	 epoch  20 training error:  tensor(0.1528, device='cuda:0', grad_fn=<DivBackward0>)
Memory status after this epoch: 
Memory allocated:  2.6962890625
Memory cached:  12.0
	 epoch  30 training error:  tensor(0.1445, device='cuda:0', grad_fn=<DivBackward0>)
Memory status after this epoch: 
Memory allocated:  2.6962890625
Memory cached:  12.0
	 epoch  40 training error:  tensor(0.0787, device='cuda:0', grad_fn=<DivBackward0>)
Memory status after this epoch: 
Memory allocated:  2.6962890625
Memory cached:  14.0
	 epoch  50 training error:  tensor(0.0649, device='cuda:0', grad_fn=<DivBackward0>)
Memory status after this epoch: 
Memory allocated:  2.6962890625
Memory cached:  14.0
	 epoch  60 training error:  tensor(0.0583, device='cuda:0', grad_fn=<DivBackward0>)
Memory status after this epoch: 
Memory allocated:  2.6962890625
Memory cached:  14.0
	 epoch  70 training error:  tensor(0.0549, device='cuda:0', grad_fn=<DivBackward0>)
Memory status after this epoch: 
Memory allocated:  2.6962890625
Memory cached:  14.0
	 epoch  80 training error:  tensor(0.0533, device='cuda:0', grad_fn=<DivBackward0>)
Memory status after this epoch: 
Memory allocated:  2.6962890625
Memory cached:  12.0
	 epoch  90 training error:  tensor(0.0519, device='cuda:0', grad_fn=<DivBackward0>)
Memory status after this epoch: 
Memory allocated:  2.6962890625
Memory cached:  12.0
