[I 2023-11-09 14:15:44,180] Trial 23 finished with value: 0.2408367395401001 and parameters: {'W_layers': 2, 'W_layer_units_exponent_0': 8, 'W_layer_units_exponent_1': 7, 'D_layers': 5, 'D_layer_units_exponent_0': 4, 'D_layer_units_exponent_1': 6, 'D_layer_units_exponent_2': 7, 'D_layer_units_exponent_3': 6, 'D_layer_units_exponent_4': 8, 'D_dagger_layers': 4, 'D_dagger_layer_units_exponent_0': 6, 'D_dagger_layer_units_exponent_1': 10, 'D_dagger_layer_units_exponent_2': 6, 'D_dagger_layer_units_exponent_3': 8, 'log_learning_rate': -2.9113772491502674, 'log_learning_rate_D': -3.964011992967063, 'log_learning_rate_D_dagger': -3.742815537764219, 'training_batch_size': 10, 'training_p': 3}. Best is trial 3 with value: 0.05958547815680504.
Time for this trial:  19.7563054561615
Memory status after this trial: 
Memory allocated:  98.734375
Memory cached:  118.0
--------------------  Trial  24   --------------------
Start timing: 
Parameters: 
{'W_layers': 4, 'W_layer_units_exponent_0': 5, 'W_layer_units_exponent_1': 9, 'W_layer_units_exponent_2': 8, 'W_layer_units_exponent_3': 8, 'D_layers': 3, 'D_layer_units_exponent_0': 4, 'D_layer_units_exponent_1': 7, 'D_layer_units_exponent_2': 10, 'D_dagger_layers': 3, 'D_dagger_layer_units_exponent_0': 7, 'D_dagger_layer_units_exponent_1': 7, 'D_dagger_layer_units_exponent_2': 4, 'log_learning_rate': -1.807351422943015, 'log_learning_rate_D': -3.476009746094651, 'log_learning_rate_D_dagger': -4.140098174168894, 'training_batch_size': 11, 'training_p': 4}
	 epoch  0 training error:  tensor(1.2552, device='cuda:0', grad_fn=<DivBackward0>)
Memory status after this epoch: 
Memory allocated:  4.23974609375
Memory cached:  10.0
	 epoch  10 training error:  tensor(0.7515, device='cuda:0', grad_fn=<DivBackward0>)
Memory status after this epoch: 
Memory allocated:  4.23974609375
Memory cached:  12.0
	 epoch  20 training error:  tensor(0.4302, device='cuda:0', grad_fn=<DivBackward0>)
Memory status after this epoch: 
Memory allocated:  4.23974609375
Memory cached:  12.0
	 epoch  30 training error:  tensor(0.3237, device='cuda:0', grad_fn=<DivBackward0>)
Memory status after this epoch: 
Memory allocated:  4.23974609375
Memory cached:  12.0
	 epoch  40 training error:  tensor(0.2037, device='cuda:0', grad_fn=<DivBackward0>)
Memory status after this epoch: 
Memory allocated:  4.23974609375
Memory cached:  12.0
	 epoch  50 training error:  tensor(0.1137, device='cuda:0', grad_fn=<DivBackward0>)
Memory status after this epoch: 
Memory allocated:  4.23974609375
Memory cached:  12.0
	 epoch  60 training error:  tensor(0.0930, device='cuda:0', grad_fn=<DivBackward0>)
Memory status after this epoch: 
Memory allocated:  4.23974609375
Memory cached:  12.0
	 epoch  70 training error:  tensor(0.0905, device='cuda:0', grad_fn=<DivBackward0>)
Memory status after this epoch: 
Memory allocated:  4.23974609375
Memory cached:  12.0
	 epoch  80 training error:  tensor(0.0857, device='cuda:0', grad_fn=<DivBackward0>)
Memory status after this epoch: 
Memory allocated:  4.23974609375
Memory cached:  12.0
	 epoch  90 training error:  tensor(0.0850, device='cuda:0', grad_fn=<DivBackward0>)
Memory status after this epoch: 
Memory allocated:  4.23974609375
Memory cached:  12.0
[I 2023-11-09 14:16:03,839] Trial 24 finished with value: 0.06833180040121078 and parameters: {'W_layers': 4, 'W_layer_units_exponent_0': 5, 'W_layer_units_exponent_1': 9, 'W_layer_units_exponent_2': 8, 'W_layer_units_exponent_3': 8, 'D_layers': 3, 'D_layer_units_exponent_0': 4, 'D_layer_units_exponent_1': 7, 'D_layer_units_exponent_2': 10, 'D_dagger_layers': 3, 'D_dagger_layer_units_exponent_0': 7, 'D_dagger_layer_units_exponent_1': 7, 'D_dagger_layer_units_exponent_2': 4, 'log_learning_rate': -1.807351422943015, 'log_learning_rate_D': -3.476009746094651, 'log_learning_rate_D_dagger': -4.140098174168894, 'training_batch_size': 11, 'training_p': 4}. Best is trial 3 with value: 0.05958547815680504.
Time for this trial:  19.419042587280273
Memory status after this trial: 
Memory allocated:  73.8720703125
Memory cached:  82.0
--------------------  Trial  25   --------------------
Start timing: 
Parameters: 
{'W_layers': 3, 'W_layer_units_exponent_0': 7, 'W_layer_units_exponent_1': 8, 'W_layer_units_exponent_2': 7, 'D_layers': 6, 'D_layer_units_exponent_0': 5, 'D_layer_units_exponent_1': 9, 'D_layer_units_exponent_2': 8, 'D_layer_units_exponent_3': 9, 'D_layer_units_exponent_4': 6, 'D_layer_units_exponent_5': 8, 'D_dagger_layers': 4, 'D_dagger_layer_units_exponent_0': 5, 'D_dagger_layer_units_exponent_1': 9, 'D_dagger_layer_units_exponent_2': 7, 'D_dagger_layer_units_exponent_3': 10, 'log_learning_rate': -2.4958740584179178, 'log_learning_rate_D': -4.466114608611468, 'log_learning_rate_D_dagger': -3.512091792946495, 'training_batch_size': 12, 'training_p': 6}
	 epoch  0 training error:  tensor(0.4630, device='cuda:0', grad_fn=<DivBackward0>)
Memory status after this epoch: 
Memory allocated:  5.72314453125
Memory cached:  8.0
	 epoch  10 training error:  tensor(0.5546, device='cuda:0', grad_fn=<DivBackward0>)
Memory status after this epoch: 
Memory allocated:  5.72314453125
Memory cached:  10.0
	 epoch  20 training error:  tensor(0.1365, device='cuda:0', grad_fn=<DivBackward0>)
Memory status after this epoch: 
Memory allocated:  5.72314453125
Memory cached:  10.0
	 epoch  30 training error:  tensor(0.2112, device='cuda:0', grad_fn=<DivBackward0>)
Memory status after this epoch: 
Memory allocated:  5.72314453125
Memory cached:  10.0
	 epoch  40 training error:  tensor(0.0975, device='cuda:0', grad_fn=<DivBackward0>)
Memory status after this epoch: 
Memory allocated:  5.72314453125
Memory cached:  10.0
	 epoch  50 training error:  tensor(0.1045, device='cuda:0', grad_fn=<DivBackward0>)
Memory status after this epoch: 
Memory allocated:  5.72314453125
Memory cached:  10.0
	 epoch  60 training error:  tensor(0.0990, device='cuda:0', grad_fn=<DivBackward0>)
Memory status after this epoch: 
Memory allocated:  5.72314453125
Memory cached:  10.0
	 epoch  70 training error:  tensor(0.0936, device='cuda:0', grad_fn=<DivBackward0>)
Memory status after this epoch: 
Memory allocated:  5.72314453125
Memory cached:  10.0
	 epoch  80 training error:  tensor(0.0913, device='cuda:0', grad_fn=<DivBackward0>)
Memory status after this epoch: 
Memory allocated:  5.72314453125
Memory cached:  10.0
	 epoch  90 training error:  tensor(0.0906, device='cuda:0', grad_fn=<DivBackward0>)
Memory status after this epoch: 
Memory allocated:  5.72314453125
Memory cached:  10.0
[I 2023-11-09 14:16:24,636] Trial 25 finished with value: 0.06750442832708359 and parameters: {'W_layers': 3, 'W_layer_units_exponent_0': 7, 'W_layer_units_exponent_1': 8, 'W_layer_units_exponent_2': 7, 'D_layers': 6, 'D_layer_units_exponent_0': 5, 'D_layer_units_exponent_1': 9, 'D_layer_units_exponent_2': 8, 'D_layer_units_exponent_3': 9, 'D_layer_units_exponent_4': 6, 'D_layer_units_exponent_5': 8, 'D_dagger_layers': 4, 'D_dagger_layer_units_exponent_0': 5, 'D_dagger_layer_units_exponent_1': 9, 'D_dagger_layer_units_exponent_2': 7, 'D_dagger_layer_units_exponent_3': 10, 'log_learning_rate': -2.4958740584179178, 'log_learning_rate_D': -4.466114608611468, 'log_learning_rate_D_dagger': -3.512091792946495, 'training_batch_size': 12, 'training_p': 6}. Best is trial 3 with value: 0.05958547815680504.
Time for this trial:  20.59564518928528
Memory status after this trial: 
Memory allocated:  122.177734375
Memory cached:  130.0
--------------------  Trial  26   --------------------
Start timing: 
Parameters: 
{'W_layers': 5, 'W_layer_units_exponent_0': 7, 'W_layer_units_exponent_1': 5, 'W_layer_units_exponent_2': 9, 'W_layer_units_exponent_3': 6, 'W_layer_units_exponent_4': 10, 'D_layers': 7, 'D_layer_units_exponent_0': 9, 'D_layer_units_exponent_1': 8, 'D_layer_units_exponent_2': 9, 'D_layer_units_exponent_3': 7, 'D_layer_units_exponent_4': 9, 'D_layer_units_exponent_5': 6, 'D_layer_units_exponent_6': 8, 'D_dagger_layers': 5, 'D_dagger_layer_units_exponent_0': 8, 'D_dagger_layer_units_exponent_1': 6, 'D_dagger_layer_units_exponent_2': 5, 'D_dagger_layer_units_exponent_3': 9, 'D_dagger_layer_units_exponent_4': 6, 'log_learning_rate': -2.8375511701847094, 'log_learning_rate_D': -3.9082381973567837, 'log_learning_rate_D_dagger': -2.8592374553747097, 'training_batch_size': 9, 'training_p': 5}
	 epoch  0 training error:  tensor(1.0329, device='cuda:0', grad_fn=<DivBackward0>)
Memory status after this epoch: 
Memory allocated:  4.77001953125
Memory cached:  10.0
	 epoch  10 training error:  tensor(0.5359, device='cuda:0', grad_fn=<DivBackward0>)
Memory status after this epoch: 
Memory allocated:  4.77001953125
Memory cached:  12.0
	 epoch  20 training error:  tensor(0.2041, device='cuda:0', grad_fn=<DivBackward0>)
Memory status after this epoch: 
Memory allocated:  4.77001953125
Memory cached:  12.0
	 epoch  30 training error:  tensor(0.1077, device='cuda:0', grad_fn=<DivBackward0>)
Memory status after this epoch: 
Memory allocated:  4.77001953125
Memory cached:  12.0
	 epoch  40 training error:  tensor(0.1288, device='cuda:0', grad_fn=<DivBackward0>)
Memory status after this epoch: 
Memory allocated:  4.77001953125
Memory cached:  12.0
	 epoch  50 training error:  tensor(0.0975, device='cuda:0', grad_fn=<DivBackward0>)
Memory status after this epoch: 
Memory allocated:  4.77001953125
Memory cached:  12.0
	 epoch  60 training error:  tensor(0.0981, device='cuda:0', grad_fn=<DivBackward0>)
Memory status after this epoch: 
Memory allocated:  4.77001953125
Memory cached:  12.0
	 epoch  70 training error:  tensor(0.0959, device='cuda:0', grad_fn=<DivBackward0>)
Memory status after this epoch: 
Memory allocated:  4.77001953125
Memory cached:  12.0
	 epoch  80 training error:  tensor(0.0957, device='cuda:0', grad_fn=<DivBackward0>)
Memory status after this epoch: 
Memory allocated:  4.77001953125
Memory cached:  12.0
	 epoch  90 training error:  tensor(0.0924, device='cuda:0', grad_fn=<DivBackward0>)
Memory status after this epoch: 
Memory allocated:  4.77001953125
Memory cached:  12.0
[I 2023-11-09 14:16:46,664] Trial 26 finished with value: 0.07473977655172348 and parameters: {'W_layers': 5, 'W_layer_units_exponent_0': 7, 'W_layer_units_exponent_1': 5, 'W_layer_units_exponent_2': 9, 'W_layer_units_exponent_3': 6, 'W_layer_units_exponent_4': 10, 'D_layers': 7, 'D_layer_units_exponent_0': 9, 'D_layer_units_exponent_1': 8, 'D_layer_units_exponent_2': 9, 'D_layer_units_exponent_3': 7, 'D_layer_units_exponent_4': 9, 'D_layer_units_exponent_5': 6, 'D_layer_units_exponent_6': 8, 'D_dagger_layers': 5, 'D_dagger_layer_units_exponent_0': 8, 'D_dagger_layer_units_exponent_1': 6, 'D_dagger_layer_units_exponent_2': 5, 'D_dagger_layer_units_exponent_3': 9, 'D_dagger_layer_units_exponent_4': 6, 'log_learning_rate': -2.8375511701847094, 'log_learning_rate_D': -3.9082381973567837, 'log_learning_rate_D_dagger': -2.8592374553747097, 'training_batch_size': 9, 'training_p': 5}. Best is trial 3 with value: 0.05958547815680504.
Time for this trial:  21.79727578163147
Memory status after this trial: 
Memory allocated:  147.9599609375
Memory cached:  162.0
--------------------  Trial  27   --------------------
Start timing: 
Parameters: 
{'W_layers': 4, 'W_layer_units_exponent_0': 6, 'W_layer_units_exponent_1': 6, 'W_layer_units_exponent_2': 6, 'W_layer_units_exponent_3': 8, 'D_layers': 5, 'D_layer_units_exponent_0': 6, 'D_layer_units_exponent_1': 10, 'D_layer_units_exponent_2': 7, 'D_layer_units_exponent_3': 9, 'D_layer_units_exponent_4': 10, 'D_dagger_layers': 2, 'D_dagger_layer_units_exponent_0': 9, 'D_dagger_layer_units_exponent_1': 8, 'log_learning_rate': -2.0746547803513926, 'log_learning_rate_D': -4.3486026062318315, 'log_learning_rate_D_dagger': -3.3352773954831108, 'training_batch_size': 7, 'training_p': 2}
	 epoch  0 training error:  tensor(2.4398, device='cuda:0', grad_fn=<DivBackward0>)
Memory status after this epoch: 
Memory allocated:  5.58740234375
Memory cached:  20.0
	 epoch  10 training error:  tensor(0.4139, device='cuda:0', grad_fn=<DivBackward0>)
Memory status after this epoch: 
Memory allocated:  5.58740234375
Memory cached:  22.0
	 epoch  20 training error:  tensor(0.4257, device='cuda:0', grad_fn=<DivBackward0>)
Memory status after this epoch: 
Memory allocated:  5.58740234375
Memory cached:  22.0
	 epoch  30 training error:  tensor(0.4135, device='cuda:0', grad_fn=<DivBackward0>)
Memory status after this epoch: 
Memory allocated:  5.58740234375
Memory cached:  22.0
	 epoch  40 training error:  tensor(0.5664, device='cuda:0', grad_fn=<DivBackward0>)
Memory status after this epoch: 
Memory allocated:  5.58740234375
Memory cached:  22.0
	 epoch  50 training error:  tensor(0.3190, device='cuda:0', grad_fn=<DivBackward0>)
Memory status after this epoch: 
Memory allocated:  5.58740234375
Memory cached:  22.0
	 epoch  60 training error:  tensor(0.2190, device='cuda:0', grad_fn=<DivBackward0>)
Memory status after this epoch: 
Memory allocated:  5.58740234375
Memory cached:  22.0
	 epoch  70 training error:  tensor(0.1900, device='cuda:0', grad_fn=<DivBackward0>)
Memory status after this epoch: 
Memory allocated:  5.58740234375
Memory cached:  22.0
	 epoch  80 training error:  tensor(0.2112, device='cuda:0', grad_fn=<DivBackward0>)
Memory status after this epoch: 
Memory allocated:  5.58740234375
Memory cached:  22.0
	 epoch  90 training error:  tensor(0.2187, device='cuda:0', grad_fn=<DivBackward0>)
Memory status after this epoch: 
Memory allocated:  5.58740234375
Memory cached:  22.0
[I 2023-11-09 14:17:05,703] Trial 27 finished with value: 0.2018267661333084 and parameters: {'W_layers': 4, 'W_layer_units_exponent_0': 6, 'W_layer_units_exponent_1': 6, 'W_layer_units_exponent_2': 6, 'W_layer_units_exponent_3': 8, 'D_layers': 5, 'D_layer_units_exponent_0': 6, 'D_layer_units_exponent_1': 10, 'D_layer_units_exponent_2': 7, 'D_layer_units_exponent_3': 9, 'D_layer_units_exponent_4': 10, 'D_dagger_layers': 2, 'D_dagger_layer_units_exponent_0': 9, 'D_dagger_layer_units_exponent_1': 8, 'log_learning_rate': -2.0746547803513926, 'log_learning_rate_D': -4.3486026062318315, 'log_learning_rate_D_dagger': -3.3352773954831108, 'training_batch_size': 7, 'training_p': 2}. Best is trial 3 with value: 0.05958547815680504.
Time for this trial:  18.79811978340149
Memory status after this trial: 
Memory allocated:  67.1748046875
Memory cached:  92.0
--------------------  Trial  28   --------------------
Start timing: 
Parameters: 
{'W_layers': 3, 'W_layer_units_exponent_0': 5, 'W_layer_units_exponent_1': 10, 'W_layer_units_exponent_2': 7, 'D_layers': 4, 'D_layer_units_exponent_0': 4, 'D_layer_units_exponent_1': 9, 'D_layer_units_exponent_2': 5, 'D_layer_units_exponent_3': 6, 'D_dagger_layers': 4, 'D_dagger_layer_units_exponent_0': 7, 'D_dagger_layer_units_exponent_1': 5, 'D_dagger_layer_units_exponent_2': 8, 'D_dagger_layer_units_exponent_3': 6, 'log_learning_rate': -3.238961618087263, 'log_learning_rate_D': -4.002447204142028, 'log_learning_rate_D_dagger': -2.9655291878862795, 'training_batch_size': 10, 'training_p': 6}
	 epoch  0 training error:  tensor(2.0885, device='cuda:0', grad_fn=<DivBackward0>)
Memory status after this epoch: 
Memory allocated:  3.23876953125
Memory cached:  8.0
	 epoch  10 training error:  tensor(0.9149, device='cuda:0', grad_fn=<DivBackward0>)
Memory status after this epoch: 
Memory allocated:  3.23876953125
Memory cached:  10.0
	 epoch  20 training error:  tensor(0.1371, device='cuda:0', grad_fn=<DivBackward0>)
Memory status after this epoch: 
Memory allocated:  3.23876953125
Memory cached:  10.0
	 epoch  30 training error:  tensor(0.1917, device='cuda:0', grad_fn=<DivBackward0>)
Memory status after this epoch: 
Memory allocated:  3.23876953125
Memory cached:  10.0
	 epoch  40 training error:  tensor(0.1308, device='cuda:0', grad_fn=<DivBackward0>)
Memory status after this epoch: 
Memory allocated:  3.23876953125
Memory cached:  10.0
	 epoch  50 training error:  tensor(0.1041, device='cuda:0', grad_fn=<DivBackward0>)
Memory status after this epoch: 
Memory allocated:  3.23876953125
Memory cached:  10.0
	 epoch  60 training error:  tensor(0.0985, device='cuda:0', grad_fn=<DivBackward0>)
Memory status after this epoch: 
Memory allocated:  3.23876953125
Memory cached:  10.0
	 epoch  70 training error:  tensor(0.0903, device='cuda:0', grad_fn=<DivBackward0>)
Memory status after this epoch: 
Memory allocated:  3.23876953125
Memory cached:  10.0
	 epoch  80 training error:  tensor(0.0900, device='cuda:0', grad_fn=<DivBackward0>)
Memory status after this epoch: 
Memory allocated:  3.23876953125
Memory cached:  10.0
	 epoch  90 training error:  tensor(0.0889, device='cuda:0', grad_fn=<DivBackward0>)
Memory status after this epoch: 
Memory allocated:  3.23876953125
Memory cached:  10.0
[I 2023-11-09 14:17:25,833] Trial 28 finished with value: 0.07365838438272476 and parameters: {'W_layers': 3, 'W_layer_units_exponent_0': 5, 'W_layer_units_exponent_1': 10, 'W_layer_units_exponent_2': 7, 'D_layers': 4, 'D_layer_units_exponent_0': 4, 'D_layer_units_exponent_1': 9, 'D_layer_units_exponent_2': 5, 'D_layer_units_exponent_3': 6, 'D_dagger_layers': 4, 'D_dagger_layer_units_exponent_0': 7, 'D_dagger_layer_units_exponent_1': 5, 'D_dagger_layer_units_exponent_2': 8, 'D_dagger_layer_units_exponent_3': 6, 'log_learning_rate': -3.238961618087263, 'log_learning_rate_D': -4.002447204142028, 'log_learning_rate_D_dagger': -2.9655291878862795, 'training_batch_size': 10, 'training_p': 6}. Best is trial 3 with value: 0.05958547815680504.
Time for this trial:  19.92255449295044
Memory status after this trial: 
Memory allocated:  91.990234375
Memory cached:  106.0
--------------------  Trial  29   --------------------
Start timing: 
Parameters: 
{'W_layers': 6, 'W_layer_units_exponent_0': 8, 'W_layer_units_exponent_1': 6, 'W_layer_units_exponent_2': 5, 'W_layer_units_exponent_3': 4, 'W_layer_units_exponent_4': 5, 'W_layer_units_exponent_5': 6, 'D_layers': 5, 'D_layer_units_exponent_0': 5, 'D_layer_units_exponent_1': 7, 'D_layer_units_exponent_2': 10, 'D_layer_units_exponent_3': 8, 'D_layer_units_exponent_4': 8, 'D_dagger_layers': 3, 'D_dagger_layer_units_exponent_0': 4, 'D_dagger_layer_units_exponent_1': 7, 'D_dagger_layer_units_exponent_2': 9, 'log_learning_rate': -1.5646417027925972, 'log_learning_rate_D': -4.698834346593349, 'log_learning_rate_D_dagger': -2.1977299345640837, 'training_batch_size': 11, 'training_p': 5}
	 epoch  0 training error:  tensor(1.9270, device='cuda:0', grad_fn=<DivBackward0>)
Memory status after this epoch: 
Memory allocated:  3.33251953125
Memory cached:  14.0
	 epoch  10 training error:  tensor(0.9642, device='cuda:0', grad_fn=<DivBackward0>)
Memory status after this epoch: 
Memory allocated:  3.33251953125
Memory cached:  18.0
	 epoch  20 training error:  tensor(0.1973, device='cuda:0', grad_fn=<DivBackward0>)
Memory status after this epoch: 
Memory allocated:  3.33251953125
Memory cached:  18.0
	 epoch  30 training error:  tensor(0.1672, device='cuda:0', grad_fn=<DivBackward0>)
Memory status after this epoch: 
Memory allocated:  3.33251953125
Memory cached:  18.0
	 epoch  40 training error:  tensor(0.1428, device='cuda:0', grad_fn=<DivBackward0>)
Memory status after this epoch: 
Memory allocated:  3.33251953125
Memory cached:  18.0
	 epoch  50 training error:  tensor(0.1100, device='cuda:0', grad_fn=<DivBackward0>)
Memory status after this epoch: 
Memory allocated:  3.33251953125
Memory cached:  18.0
	 epoch  60 training error:  tensor(0.0967, device='cuda:0', grad_fn=<DivBackward0>)
Memory status after this epoch: 
Memory allocated:  3.33251953125
Memory cached:  18.0
	 epoch  70 training error:  tensor(0.0876, device='cuda:0', grad_fn=<DivBackward0>)
Memory status after this epoch: 
Memory allocated:  3.33251953125
Memory cached:  18.0
	 epoch  80 training error:  tensor(0.0869, device='cuda:0', grad_fn=<DivBackward0>)
Memory status after this epoch: 
Memory allocated:  3.33251953125
Memory cached:  18.0
	 epoch  90 training error:  tensor(0.0864, device='cuda:0', grad_fn=<DivBackward0>)
Memory status after this epoch: 
Memory allocated:  3.33251953125
Memory cached:  18.0
