[I 2023-11-02 19:30:12,515] Trial 16 finished with value: 1.0 and parameters: {'W_layers': 8, 'W_layer_units_exponent_0': 9, 'W_layer_units_exponent_1': 8, 'W_layer_units_exponent_2': 8, 'W_layer_units_exponent_3': 9, 'W_layer_units_exponent_4': 10, 'W_layer_units_exponent_5': 7, 'W_layer_units_exponent_6': 4, 'W_layer_units_exponent_7': 10, 'D_layers': 6, 'D_layer_units_exponent_0': 10, 'D_layer_units_exponent_1': 8, 'D_layer_units_exponent_2': 5, 'D_layer_units_exponent_3': 8, 'D_layer_units_exponent_4': 8, 'D_layer_units_exponent_5': 10, 'log_learning_rate': -1.9038536030209254, 'log_learning_rate_D': -1.5704138742746225, 'training_batch_size': 7, 'training_p': 5}. Best is trial 12 with value: 0.24513185024261475.
Time for this trial:  205.02458882331848
Memory status after this trial: 
Memory allocated:  366.32470703125
Memory cached:  396.0
--------------------  Trial  17   --------------------
Start timing: 
Parameters: 
{'W_layers': 2, 'W_layer_units_exponent_0': 4, 'W_layer_units_exponent_1': 5, 'D_layers': 8, 'D_layer_units_exponent_0': 8, 'D_layer_units_exponent_1': 10, 'D_layer_units_exponent_2': 8, 'D_layer_units_exponent_3': 9, 'D_layer_units_exponent_4': 5, 'D_layer_units_exponent_5': 8, 'D_layer_units_exponent_6': 6, 'D_layer_units_exponent_7': 9, 'log_learning_rate': -1.021163841153987, 'log_learning_rate_D': -2.248645315218268, 'training_batch_size': 6, 'training_p': 3}
	 epoch  0 training error:  tensor(0.8440, device='cuda:0', grad_fn=<DivBackward0>)
Memory status after this epoch: 
Memory allocated:  11.8154296875
Memory cached:  20.0
	 epoch  10 training error:  tensor(1., device='cuda:0', grad_fn=<DivBackward0>)
Memory status after this epoch: 
Memory allocated:  11.8154296875
Memory cached:  26.0
	 epoch  20 training error:  tensor(1., device='cuda:0', grad_fn=<DivBackward0>)
Memory status after this epoch: 
Memory allocated:  11.8154296875
Memory cached:  20.0
	 epoch  30 training error:  tensor(1., device='cuda:0', grad_fn=<DivBackward0>)
Memory status after this epoch: 
Memory allocated:  11.8154296875
Memory cached:  20.0
	 epoch  40 training error:  tensor(1., device='cuda:0', grad_fn=<DivBackward0>)
Memory status after this epoch: 
Memory allocated:  11.8154296875
Memory cached:  20.0
	 epoch  50 training error:  tensor(1., device='cuda:0', grad_fn=<DivBackward0>)
Memory status after this epoch: 
Memory allocated:  11.8154296875
Memory cached:  20.0
	 epoch  60 training error:  tensor(1., device='cuda:0', grad_fn=<DivBackward0>)
Memory status after this epoch: 
Memory allocated:  11.8154296875
Memory cached:  20.0
	 epoch  70 training error:  tensor(1., device='cuda:0', grad_fn=<DivBackward0>)
Memory status after this epoch: 
Memory allocated:  11.8154296875
Memory cached:  20.0
	 epoch  80 training error:  tensor(1., device='cuda:0', grad_fn=<DivBackward0>)
Memory status after this epoch: 
Memory allocated:  11.8154296875
Memory cached:  20.0
	 epoch  90 training error:  tensor(1., device='cuda:0', grad_fn=<DivBackward0>)
Memory status after this epoch: 
Memory allocated:  11.8154296875
Memory cached:  20.0
[I 2023-11-02 19:34:34,483] Trial 17 finished with value: 1.0 and parameters: {'W_layers': 2, 'W_layer_units_exponent_0': 4, 'W_layer_units_exponent_1': 5, 'D_layers': 8, 'D_layer_units_exponent_0': 8, 'D_layer_units_exponent_1': 10, 'D_layer_units_exponent_2': 8, 'D_layer_units_exponent_3': 9, 'D_layer_units_exponent_4': 5, 'D_layer_units_exponent_5': 8, 'D_layer_units_exponent_6': 6, 'D_layer_units_exponent_7': 9, 'log_learning_rate': -1.021163841153987, 'log_learning_rate_D': -2.248645315218268, 'training_batch_size': 6, 'training_p': 3}. Best is trial 12 with value: 0.24513185024261475.
Time for this trial:  261.7513048648834
Memory status after this trial: 
Memory allocated:  165.20166015625
Memory cached:  174.0
--------------------  Trial  18   --------------------
Start timing: 
Parameters: 
{'W_layers': 3, 'W_layer_units_exponent_0': 7, 'W_layer_units_exponent_1': 10, 'W_layer_units_exponent_2': 6, 'D_layers': 7, 'D_layer_units_exponent_0': 9, 'D_layer_units_exponent_1': 7, 'D_layer_units_exponent_2': 5, 'D_layer_units_exponent_3': 9, 'D_layer_units_exponent_4': 8, 'D_layer_units_exponent_5': 9, 'D_layer_units_exponent_6': 10, 'log_learning_rate': -2.623130026178505, 'log_learning_rate_D': -2.882670787643888, 'training_batch_size': 12, 'training_p': 3}
	 epoch  0 training error:  tensor(1.0142, device='cuda:0', grad_fn=<DivBackward0>)
Memory status after this epoch: 
Memory allocated:  17.76171875
Memory cached:  42.0
	 epoch  10 training error:  tensor(0.2824, device='cuda:0', grad_fn=<DivBackward0>)
Memory status after this epoch: 
Memory allocated:  17.76171875
Memory cached:  46.0
	 epoch  20 training error:  tensor(0.2494, device='cuda:0', grad_fn=<DivBackward0>)
Memory status after this epoch: 
Memory allocated:  17.76171875
Memory cached:  48.0
	 epoch  30 training error:  tensor(0.2426, device='cuda:0', grad_fn=<DivBackward0>)
Memory status after this epoch: 
Memory allocated:  17.76171875
Memory cached:  46.0
	 epoch  40 training error:  tensor(0.2430, device='cuda:0', grad_fn=<DivBackward0>)
Memory status after this epoch: 
Memory allocated:  17.76171875
Memory cached:  46.0
	 epoch  50 training error:  tensor(0.2425, device='cuda:0', grad_fn=<DivBackward0>)
Memory status after this epoch: 
Memory allocated:  17.76171875
Memory cached:  48.0
	 epoch  60 training error:  tensor(0.2423, device='cuda:0', grad_fn=<DivBackward0>)
Memory status after this epoch: 
Memory allocated:  17.76171875
Memory cached:  46.0
	 epoch  70 training error:  tensor(0.2424, device='cuda:0', grad_fn=<DivBackward0>)
Memory status after this epoch: 
Memory allocated:  17.76171875
Memory cached:  46.0
	 epoch  80 training error:  tensor(0.2423, device='cuda:0', grad_fn=<DivBackward0>)
Memory status after this epoch: 
Memory allocated:  17.76171875
Memory cached:  48.0
	 epoch  90 training error:  tensor(0.2423, device='cuda:0', grad_fn=<DivBackward0>)
Memory status after this epoch: 
Memory allocated:  17.76171875
Memory cached:  46.0
[I 2023-11-02 19:37:12,382] Trial 18 finished with value: 0.2465250939130783 and parameters: {'W_layers': 3, 'W_layer_units_exponent_0': 7, 'W_layer_units_exponent_1': 10, 'W_layer_units_exponent_2': 6, 'D_layers': 7, 'D_layer_units_exponent_0': 9, 'D_layer_units_exponent_1': 7, 'D_layer_units_exponent_2': 5, 'D_layer_units_exponent_3': 9, 'D_layer_units_exponent_4': 8, 'D_layer_units_exponent_5': 9, 'D_layer_units_exponent_6': 10, 'log_learning_rate': -2.623130026178505, 'log_learning_rate_D': -2.882670787643888, 'training_batch_size': 12, 'training_p': 3}. Best is trial 12 with value: 0.24513185024261475.
Time for this trial:  157.7046241760254
Memory status after this trial: 
Memory allocated:  233.75341796875
Memory cached:  258.0
--------------------  Trial  19   --------------------
Start timing: 
Parameters: 
{'W_layers': 5, 'W_layer_units_exponent_0': 9, 'W_layer_units_exponent_1': 7, 'W_layer_units_exponent_2': 9, 'W_layer_units_exponent_3': 5, 'W_layer_units_exponent_4': 4, 'D_layers': 4, 'D_layer_units_exponent_0': 10, 'D_layer_units_exponent_1': 9, 'D_layer_units_exponent_2': 10, 'D_layer_units_exponent_3': 7, 'log_learning_rate': -1.9021560547428948, 'log_learning_rate_D': -1.3364285718253563, 'training_batch_size': 8, 'training_p': 6}
	 epoch  0 training error:  tensor(0.9951, device='cuda:0', grad_fn=<DivBackward0>)
Memory status after this epoch: 
Memory allocated:  23.4453125
Memory cached:  36.0
	 epoch  10 training error:  tensor(1.0000, device='cuda:0', grad_fn=<DivBackward0>)
Memory status after this epoch: 
Memory allocated:  23.4453125
Memory cached:  42.0
	 epoch  20 training error:  tensor(1., device='cuda:0', grad_fn=<DivBackward0>)
Memory status after this epoch: 
Memory allocated:  23.4453125
Memory cached:  42.0
	 epoch  30 training error:  tensor(1., device='cuda:0', grad_fn=<DivBackward0>)
Memory status after this epoch: 
Memory allocated:  23.4453125
Memory cached:  42.0
	 epoch  40 training error:  tensor(1., device='cuda:0', grad_fn=<DivBackward0>)
Memory status after this epoch: 
Memory allocated:  23.4453125
Memory cached:  42.0
	 epoch  50 training error:  tensor(1., device='cuda:0', grad_fn=<DivBackward0>)
Memory status after this epoch: 
Memory allocated:  23.4453125
Memory cached:  42.0
	 epoch  60 training error:  tensor(1., device='cuda:0', grad_fn=<DivBackward0>)
Memory status after this epoch: 
Memory allocated:  23.4453125
Memory cached:  42.0
	 epoch  70 training error:  tensor(1., device='cuda:0', grad_fn=<DivBackward0>)
Memory status after this epoch: 
Memory allocated:  23.4453125
Memory cached:  42.0
	 epoch  80 training error:  tensor(1., device='cuda:0', grad_fn=<DivBackward0>)
Memory status after this epoch: 
Memory allocated:  23.4453125
Memory cached:  42.0
	 epoch  90 training error:  tensor(1., device='cuda:0', grad_fn=<DivBackward0>)
Memory status after this epoch: 
Memory allocated:  23.4453125
Memory cached:  42.0
[I 2023-11-02 19:39:43,127] Trial 19 finished with value: 1.0 and parameters: {'W_layers': 5, 'W_layer_units_exponent_0': 9, 'W_layer_units_exponent_1': 7, 'W_layer_units_exponent_2': 9, 'W_layer_units_exponent_3': 5, 'W_layer_units_exponent_4': 4, 'D_layers': 4, 'D_layer_units_exponent_0': 10, 'D_layer_units_exponent_1': 9, 'D_layer_units_exponent_2': 10, 'D_layer_units_exponent_3': 7, 'log_learning_rate': -1.9021560547428948, 'log_learning_rate_D': -1.3364285718253563, 'training_batch_size': 8, 'training_p': 6}. Best is trial 12 with value: 0.24513185024261475.
Time for this trial:  150.50546598434448
Memory status after this trial: 
Memory allocated:  220.6845703125
Memory cached:  240.0
--------------------  Trial  20   --------------------
Start timing: 
Parameters: 
{'W_layers': 7, 'W_layer_units_exponent_0': 8, 'W_layer_units_exponent_1': 9, 'W_layer_units_exponent_2': 6, 'W_layer_units_exponent_3': 9, 'W_layer_units_exponent_4': 7, 'W_layer_units_exponent_5': 10, 'W_layer_units_exponent_6': 7, 'D_layers': 6, 'D_layer_units_exponent_0': 7, 'D_layer_units_exponent_1': 8, 'D_layer_units_exponent_2': 5, 'D_layer_units_exponent_3': 4, 'D_layer_units_exponent_4': 10, 'D_layer_units_exponent_5': 6, 'log_learning_rate': -4.923033944706221, 'log_learning_rate_D': -1.98249603311493, 'training_batch_size': 9, 'training_p': 5}
	 epoch  0 training error:  tensor(1.0009, device='cuda:0', grad_fn=<DivBackward0>)
Memory status after this epoch: 
Memory allocated:  10.822265625
Memory cached:  18.0
	 epoch  10 training error:  tensor(0.9890, device='cuda:0', grad_fn=<DivBackward0>)
Memory status after this epoch: 
Memory allocated:  10.822265625
Memory cached:  22.0
	 epoch  20 training error:  tensor(0.9771, device='cuda:0', grad_fn=<DivBackward0>)
Memory status after this epoch: 
Memory allocated:  10.822265625
Memory cached:  22.0
	 epoch  30 training error:  tensor(0.9607, device='cuda:0', grad_fn=<DivBackward0>)
Memory status after this epoch: 
Memory allocated:  10.822265625
Memory cached:  22.0
	 epoch  40 training error:  tensor(0.9372, device='cuda:0', grad_fn=<DivBackward0>)
Memory status after this epoch: 
Memory allocated:  10.822265625
Memory cached:  22.0
	 epoch  50 training error:  tensor(0.9035, device='cuda:0', grad_fn=<DivBackward0>)
Memory status after this epoch: 
Memory allocated:  10.822265625
Memory cached:  22.0
	 epoch  60 training error:  tensor(0.8544, device='cuda:0', grad_fn=<DivBackward0>)
Memory status after this epoch: 
Memory allocated:  10.822265625
Memory cached:  22.0
	 epoch  70 training error:  tensor(0.7884, device='cuda:0', grad_fn=<DivBackward0>)
Memory status after this epoch: 
Memory allocated:  10.822265625
Memory cached:  22.0
	 epoch  80 training error:  tensor(0.6936, device='cuda:0', grad_fn=<DivBackward0>)
Memory status after this epoch: 
Memory allocated:  10.822265625
Memory cached:  22.0
	 epoch  90 training error:  tensor(0.5693, device='cuda:0', grad_fn=<DivBackward0>)
Memory status after this epoch: 
Memory allocated:  10.822265625
Memory cached:  22.0
[I 2023-11-02 19:42:48,771] Trial 20 finished with value: 0.330751895904541 and parameters: {'W_layers': 7, 'W_layer_units_exponent_0': 8, 'W_layer_units_exponent_1': 9, 'W_layer_units_exponent_2': 6, 'W_layer_units_exponent_3': 9, 'W_layer_units_exponent_4': 7, 'W_layer_units_exponent_5': 10, 'W_layer_units_exponent_6': 7, 'D_layers': 6, 'D_layer_units_exponent_0': 7, 'D_layer_units_exponent_1': 8, 'D_layer_units_exponent_2': 5, 'D_layer_units_exponent_3': 4, 'D_layer_units_exponent_4': 10, 'D_layer_units_exponent_5': 6, 'log_learning_rate': -4.923033944706221, 'log_learning_rate_D': -1.98249603311493, 'training_batch_size': 9, 'training_p': 5}. Best is trial 12 with value: 0.24513185024261475.
Time for this trial:  185.41661643981934
Memory status after this trial: 
Memory allocated:  228.6669921875
Memory cached:  238.0
--------------------  Trial  21   --------------------
Start timing: 
Parameters: 
{'W_layers': 2, 'W_layer_units_exponent_0': 10, 'W_layer_units_exponent_1': 6, 'D_layers': 5, 'D_layer_units_exponent_0': 10, 'D_layer_units_exponent_1': 10, 'D_layer_units_exponent_2': 6, 'D_layer_units_exponent_3': 10, 'D_layer_units_exponent_4': 4, 'log_learning_rate': -2.2244847239252135, 'log_learning_rate_D': -1.011290209674437, 'training_batch_size': 6, 'training_p': 4}
	 epoch  0 training error:  tensor(1.0291, device='cuda:0', grad_fn=<DivBackward0>)
Memory status after this epoch: 
Memory allocated:  23.4267578125
Memory cached:  38.0
	 epoch  10 training error:  tensor(0.3622, device='cuda:0', grad_fn=<DivBackward0>)
Memory status after this epoch: 
Memory allocated:  23.4267578125
Memory cached:  42.0
	 epoch  20 training error:  tensor(0.2653, device='cuda:0', grad_fn=<DivBackward0>)
Memory status after this epoch: 
Memory allocated:  23.4267578125
Memory cached:  42.0
	 epoch  30 training error:  tensor(0.2501, device='cuda:0', grad_fn=<DivBackward0>)
Memory status after this epoch: 
Memory allocated:  23.4267578125
Memory cached:  44.0
	 epoch  40 training error:  tensor(0.2499, device='cuda:0', grad_fn=<DivBackward0>)
Memory status after this epoch: 
Memory allocated:  23.4267578125
Memory cached:  42.0
	 epoch  50 training error:  tensor(0.2477, device='cuda:0', grad_fn=<DivBackward0>)
Memory status after this epoch: 
Memory allocated:  23.4267578125
Memory cached:  42.0
	 epoch  60 training error:  tensor(0.2479, device='cuda:0', grad_fn=<DivBackward0>)
Memory status after this epoch: 
Memory allocated:  23.4267578125
Memory cached:  40.0
	 epoch  70 training error:  tensor(0.2502, device='cuda:0', grad_fn=<DivBackward0>)
Memory status after this epoch: 
Memory allocated:  23.4267578125
Memory cached:  42.0
	 epoch  80 training error:  tensor(0.2558, device='cuda:0', grad_fn=<DivBackward0>)
Memory status after this epoch: 
Memory allocated:  23.4267578125
Memory cached:  42.0
	 epoch  90 training error:  tensor(0.2497, device='cuda:0', grad_fn=<DivBackward0>)
Memory status after this epoch: 
Memory allocated:  23.4267578125
Memory cached:  42.0
[I 2023-11-02 19:46:38,266] Trial 21 finished with value: 0.2511661946773529 and parameters: {'W_layers': 2, 'W_layer_units_exponent_0': 10, 'W_layer_units_exponent_1': 6, 'D_layers': 5, 'D_layer_units_exponent_0': 10, 'D_layer_units_exponent_1': 10, 'D_layer_units_exponent_2': 6, 'D_layer_units_exponent_3': 10, 'D_layer_units_exponent_4': 4, 'log_learning_rate': -2.2244847239252135, 'log_learning_rate_D': -1.011290209674437, 'training_batch_size': 6, 'training_p': 4}. Best is trial 12 with value: 0.24513185024261475.
Time for this trial:  229.27310276031494
Memory status after this trial: 
Memory allocated:  239.23681640625
Memory cached:  258.0
--------------------  Trial  22   --------------------
Start timing: 
Parameters: 
{'W_layers': 2, 'W_layer_units_exponent_0': 10, 'W_layer_units_exponent_1': 5, 'D_layers': 4, 'D_layer_units_exponent_0': 10, 'D_layer_units_exponent_1': 10, 'D_layer_units_exponent_2': 6, 'D_layer_units_exponent_3': 9, 'log_learning_rate': -2.2789194015817538, 'log_learning_rate_D': -1.4117364025936798, 'training_batch_size': 6, 'training_p': 4}
	 epoch  0 training error:  tensor(0.9309, device='cuda:0', grad_fn=<DivBackward0>)
Memory status after this epoch: 
Memory allocated:  22.1728515625
Memory cached:  34.0
	 epoch  10 training error:  tensor(0.2961, device='cuda:0', grad_fn=<DivBackward0>)
Memory status after this epoch: 
Memory allocated:  22.1728515625
Memory cached:  38.0
	 epoch  20 training error:  tensor(0.2489, device='cuda:0', grad_fn=<DivBackward0>)
Memory status after this epoch: 
Memory allocated:  22.1728515625
Memory cached:  34.0
	 epoch  30 training error:  tensor(0.2491, device='cuda:0', grad_fn=<DivBackward0>)
Memory status after this epoch: 
Memory allocated:  22.1728515625
Memory cached:  38.0
	 epoch  40 training error:  tensor(0.2484, device='cuda:0', grad_fn=<DivBackward0>)
Memory status after this epoch: 
Memory allocated:  22.1728515625
Memory cached:  34.0
	 epoch  50 training error:  tensor(0.2478, device='cuda:0', grad_fn=<DivBackward0>)
Memory status after this epoch: 
Memory allocated:  22.1728515625
Memory cached:  34.0
	 epoch  60 training error:  tensor(0.2476, device='cuda:0', grad_fn=<DivBackward0>)
Memory status after this epoch: 
Memory allocated:  22.1728515625
Memory cached:  34.0
	 epoch  70 training error:  tensor(0.2482, device='cuda:0', grad_fn=<DivBackward0>)
Memory status after this epoch: 
Memory allocated:  22.1728515625
Memory cached:  36.0
	 epoch  80 training error:  tensor(0.2477, device='cuda:0', grad_fn=<DivBackward0>)
Memory status after this epoch: 
Memory allocated:  22.1728515625
Memory cached:  34.0
	 epoch  90 training error:  tensor(0.2478, device='cuda:0', grad_fn=<DivBackward0>)
Memory status after this epoch: 
Memory allocated:  22.1728515625
Memory cached:  38.0
[I 2023-11-02 19:50:09,683] Trial 22 finished with value: 0.24619869887828827 and parameters: {'W_layers': 2, 'W_layer_units_exponent_0': 10, 'W_layer_units_exponent_1': 5, 'D_layers': 4, 'D_layer_units_exponent_0': 10, 'D_layer_units_exponent_1': 10, 'D_layer_units_exponent_2': 6, 'D_layer_units_exponent_3': 9, 'log_learning_rate': -2.2789194015817538, 'log_learning_rate_D': -1.4117364025936798, 'training_batch_size': 6, 'training_p': 4}. Best is trial 12 with value: 0.24513185024261475.
Time for this trial:  211.220627784729
Memory status after this trial: 
Memory allocated:  208.8154296875
Memory cached:  226.0
--------------------  Trial  23   --------------------
Start timing: 
Parameters: 
{'W_layers': 3, 'W_layer_units_exponent_0': 9, 'W_layer_units_exponent_1': 6, 'W_layer_units_exponent_2': 8, 'D_layers': 5, 'D_layer_units_exponent_0': 9, 'D_layer_units_exponent_1': 9, 'D_layer_units_exponent_2': 7, 'D_layer_units_exponent_3': 10, 'D_layer_units_exponent_4': 4, 'log_learning_rate': -1.6350054533981528, 'log_learning_rate_D': -1.2342085218974512, 'training_batch_size': 7, 'training_p': 5}
	 epoch  0 training error:  tensor(1.0308, device='cuda:0', grad_fn=<DivBackward0>)
Memory status after this epoch: 
Memory allocated:  10.17578125
Memory cached:  16.0
	 epoch  10 training error:  tensor(1., device='cuda:0', grad_fn=<DivBackward0>)
Memory status after this epoch: 
Memory allocated:  10.17578125
Memory cached:  22.0
	 epoch  20 training error:  tensor(1., device='cuda:0', grad_fn=<DivBackward0>)
Memory status after this epoch: 
Memory allocated:  10.17578125
Memory cached:  22.0
	 epoch  30 training error:  tensor(1., device='cuda:0', grad_fn=<DivBackward0>)
Memory status after this epoch: 
Memory allocated:  10.17578125
Memory cached:  22.0
	 epoch  40 training error:  tensor(1., device='cuda:0', grad_fn=<DivBackward0>)
Memory status after this epoch: 
Memory allocated:  10.17578125
Memory cached:  22.0
	 epoch  50 training error:  tensor(1., device='cuda:0', grad_fn=<DivBackward0>)
Memory status after this epoch: 
Memory allocated:  10.17578125
Memory cached:  22.0
	 epoch  60 training error:  tensor(1., device='cuda:0', grad_fn=<DivBackward0>)
Memory status after this epoch: 
Memory allocated:  10.17578125
Memory cached:  22.0
	 epoch  70 training error:  tensor(1., device='cuda:0', grad_fn=<DivBackward0>)
Memory status after this epoch: 
Memory allocated:  10.17578125
Memory cached:  22.0
	 epoch  80 training error:  tensor(1., device='cuda:0', grad_fn=<DivBackward0>)
Memory status after this epoch: 
Memory allocated:  10.17578125
Memory cached:  22.0
	 epoch  90 training error:  tensor(1., device='cuda:0', grad_fn=<DivBackward0>)
Memory status after this epoch: 
Memory allocated:  10.17578125
Memory cached:  22.0
