[I 2023-10-30 11:48:57,660] Trial 25 finished with value: 1.0 and parameters: {'W_layers': 2, 'W_layer_units_exponent_0': 6, 'W_layer_units_exponent_1': 8, 'D_layers': 3, 'D_layer_units_exponent_0': 8, 'D_layer_units_exponent_1': 6, 'D_layer_units_exponent_2': 8, 'log_learning_rate': -1.0151372583598959, 'log_learning_rate_D': -2.6267622960215165, 'training_batch_size': 8, 'training_p': 4}. Best is trial 23 with value: 0.23587961494922638.
Time for this trial:  98.16859173774719
Memory status after this trial: 
Memory allocated:  48.59375
Memory cached:  50.0
--------------------  Trial  26   --------------------
Start timing: 
Parameters: 
{'W_layers': 3, 'W_layer_units_exponent_0': 8, 'W_layer_units_exponent_1': 5, 'W_layer_units_exponent_2': 8, 'D_layers': 4, 'D_layer_units_exponent_0': 5, 'D_layer_units_exponent_1': 8, 'D_layer_units_exponent_2': 6, 'D_layer_units_exponent_3': 6, 'log_learning_rate': -3.5233041658565565, 'log_learning_rate_D': -1.9449097185301722, 'training_batch_size': 11, 'training_p': 6}
	 epoch  0 training error:  tensor(1.0002, device='cuda:0', grad_fn=<DivBackward0>)
Memory status after this epoch: 
Memory allocated:  0.7587890625
Memory cached:  8.0
	 epoch  10 training error:  tensor(0.9967, device='cuda:0', grad_fn=<DivBackward0>)
Memory status after this epoch: 
Memory allocated:  0.7587890625
Memory cached:  10.0
	 epoch  20 training error:  tensor(0.9787, device='cuda:0', grad_fn=<DivBackward0>)
Memory status after this epoch: 
Memory allocated:  0.7587890625
Memory cached:  12.0
	 epoch  30 training error:  tensor(0.9763, device='cuda:0', grad_fn=<DivBackward0>)
Memory status after this epoch: 
Memory allocated:  0.7587890625
Memory cached:  12.0
	 epoch  40 training error:  tensor(0.9619, device='cuda:0', grad_fn=<DivBackward0>)
Memory status after this epoch: 
Memory allocated:  0.7587890625
Memory cached:  12.0
	 epoch  50 training error:  tensor(0.9318, device='cuda:0', grad_fn=<DivBackward0>)
Memory status after this epoch: 
Memory allocated:  0.7587890625
Memory cached:  12.0
	 epoch  60 training error:  tensor(0.8566, device='cuda:0', grad_fn=<DivBackward0>)
Memory status after this epoch: 
Memory allocated:  0.7587890625
Memory cached:  12.0
	 epoch  70 training error:  tensor(0.6261, device='cuda:0', grad_fn=<DivBackward0>)
Memory status after this epoch: 
Memory allocated:  0.7587890625
Memory cached:  10.0
	 epoch  80 training error:  tensor(0.3699, device='cuda:0', grad_fn=<DivBackward0>)
Memory status after this epoch: 
Memory allocated:  0.7587890625
Memory cached:  12.0
	 epoch  90 training error:  tensor(0.2980, device='cuda:0', grad_fn=<DivBackward0>)
Memory status after this epoch: 
Memory allocated:  0.7587890625
Memory cached:  10.0
[I 2023-10-30 11:50:52,551] Trial 26 finished with value: 0.2508906424045563 and parameters: {'W_layers': 3, 'W_layer_units_exponent_0': 8, 'W_layer_units_exponent_1': 5, 'W_layer_units_exponent_2': 8, 'D_layers': 4, 'D_layer_units_exponent_0': 5, 'D_layer_units_exponent_1': 8, 'D_layer_units_exponent_2': 6, 'D_layer_units_exponent_3': 6, 'log_learning_rate': -3.5233041658565565, 'log_learning_rate_D': -1.9449097185301722, 'training_batch_size': 11, 'training_p': 6}. Best is trial 23 with value: 0.23587961494922638.
Time for this trial:  114.70858693122864
Memory status after this trial: 
Memory allocated:  52.06884765625
Memory cached:  54.0
--------------------  Trial  27   --------------------
Start timing: 
Parameters: 
{'W_layers': 2, 'W_layer_units_exponent_0': 10, 'W_layer_units_exponent_1': 8, 'D_layers': 4, 'D_layer_units_exponent_0': 6, 'D_layer_units_exponent_1': 5, 'D_layer_units_exponent_2': 8, 'D_layer_units_exponent_3': 10, 'log_learning_rate': -2.4168657366560087, 'log_learning_rate_D': -1.594590253275734, 'training_batch_size': 7, 'training_p': 4}
	 epoch  0 training error:  tensor(1.0001, device='cuda:0', grad_fn=<DivBackward0>)
Memory status after this epoch: 
Memory allocated:  8.2880859375
Memory cached:  12.0
	 epoch  10 training error:  tensor(0.9118, device='cuda:0', grad_fn=<DivBackward0>)
Memory status after this epoch: 
Memory allocated:  8.2880859375
Memory cached:  18.0
	 epoch  20 training error:  tensor(0.9745, device='cuda:0', grad_fn=<DivBackward0>)
Memory status after this epoch: 
Memory allocated:  8.2880859375
Memory cached:  18.0
	 epoch  30 training error:  tensor(0.9997, device='cuda:0', grad_fn=<DivBackward0>)
Memory status after this epoch: 
Memory allocated:  8.2880859375
Memory cached:  18.0
	 epoch  40 training error:  tensor(0.9999, device='cuda:0', grad_fn=<DivBackward0>)
Memory status after this epoch: 
Memory allocated:  8.2880859375
Memory cached:  20.0
	 epoch  50 training error:  tensor(1.0000, device='cuda:0', grad_fn=<DivBackward0>)
Memory status after this epoch: 
Memory allocated:  8.2880859375
Memory cached:  18.0
	 epoch  60 training error:  tensor(1.0000, device='cuda:0', grad_fn=<DivBackward0>)
Memory status after this epoch: 
Memory allocated:  8.2880859375
Memory cached:  20.0
	 epoch  70 training error:  tensor(1.0000, device='cuda:0', grad_fn=<DivBackward0>)
Memory status after this epoch: 
Memory allocated:  8.2880859375
Memory cached:  18.0
	 epoch  80 training error:  tensor(1.0000, device='cuda:0', grad_fn=<DivBackward0>)
Memory status after this epoch: 
Memory allocated:  8.2880859375
Memory cached:  20.0
	 epoch  90 training error:  tensor(1.0000, device='cuda:0', grad_fn=<DivBackward0>)
Memory status after this epoch: 
Memory allocated:  8.2880859375
Memory cached:  18.0
[I 2023-10-30 11:52:49,733] Trial 27 finished with value: 0.9999775886535645 and parameters: {'W_layers': 2, 'W_layer_units_exponent_0': 10, 'W_layer_units_exponent_1': 8, 'D_layers': 4, 'D_layer_units_exponent_0': 6, 'D_layer_units_exponent_1': 5, 'D_layer_units_exponent_2': 8, 'D_layer_units_exponent_3': 10, 'log_learning_rate': -2.4168657366560087, 'log_learning_rate_D': -1.594590253275734, 'training_batch_size': 7, 'training_p': 4}. Best is trial 23 with value: 0.23587961494922638.
Time for this trial:  116.963223695755
Memory status after this trial: 
Memory allocated:  145.89697265625
Memory cached:  152.0
--------------------  Trial  28   --------------------
Start timing: 
Parameters: 
{'W_layers': 2, 'W_layer_units_exponent_0': 6, 'W_layer_units_exponent_1': 10, 'D_layers': 3, 'D_layer_units_exponent_0': 8, 'D_layer_units_exponent_1': 7, 'D_layer_units_exponent_2': 6, 'log_learning_rate': -4.034393510865348, 'log_learning_rate_D': -1.0658247484344505, 'training_batch_size': 9, 'training_p': 7}
	 epoch  0 training error:  tensor(1.0005, device='cuda:0', grad_fn=<DivBackward0>)
Memory status after this epoch: 
Memory allocated:  1.7099609375
Memory cached:  8.0
[W 2023-10-30 11:52:55,732] Trial 28 failed with parameters: {'W_layers': 2, 'W_layer_units_exponent_0': 6, 'W_layer_units_exponent_1': 10, 'D_layers': 3, 'D_layer_units_exponent_0': 8, 'D_layer_units_exponent_1': 7, 'D_layer_units_exponent_2': 6, 'log_learning_rate': -4.034393510865348, 'log_learning_rate_D': -1.0658247484344505, 'training_batch_size': 9, 'training_p': 7} because of the following error: The value nan is not acceptable.
[W 2023-10-30 11:52:55,733] Trial 28 failed with value tensor(nan, device='cuda:0', grad_fn=<DivBackward0>).
Time for this trial:  5.780667781829834
Memory status after this trial: 
Memory allocated:  83.2890625
Memory cached:  86.0
--------------------  Trial  29   --------------------
Start timing: 
Parameters: 
{'W_layers': 2, 'W_layer_units_exponent_0': 6, 'W_layer_units_exponent_1': 10, 'D_layers': 3, 'D_layer_units_exponent_0': 8, 'D_layer_units_exponent_1': 7, 'D_layer_units_exponent_2': 6, 'log_learning_rate': -4.027814727696956, 'log_learning_rate_D': -2.846353782488873, 'training_batch_size': 9, 'training_p': 7}
	 epoch  0 training error:  tensor(1.0023, device='cuda:0', grad_fn=<DivBackward0>)
Memory status after this epoch: 
Memory allocated:  1.7099609375
Memory cached:  8.0
	 epoch  10 training error:  tensor(0.9989, device='cuda:0', grad_fn=<DivBackward0>)
Memory status after this epoch: 
Memory allocated:  1.7099609375
Memory cached:  14.0
	 epoch  20 training error:  tensor(0.9864, device='cuda:0', grad_fn=<DivBackward0>)
Memory status after this epoch: 
Memory allocated:  1.7099609375
Memory cached:  14.0
	 epoch  30 training error:  tensor(0.6387, device='cuda:0', grad_fn=<DivBackward0>)
Memory status after this epoch: 
Memory allocated:  1.7099609375
Memory cached:  14.0
	 epoch  40 training error:  tensor(0.7457, device='cuda:0', grad_fn=<DivBackward0>)
Memory status after this epoch: 
Memory allocated:  1.7099609375
Memory cached:  14.0
	 epoch  50 training error:  tensor(0.6019, device='cuda:0', grad_fn=<DivBackward0>)
Memory status after this epoch: 
Memory allocated:  1.7099609375
Memory cached:  14.0
	 epoch  60 training error:  tensor(0.7140, device='cuda:0', grad_fn=<DivBackward0>)
Memory status after this epoch: 
Memory allocated:  1.7099609375
Memory cached:  14.0
	 epoch  70 training error:  tensor(0.6865, device='cuda:0', grad_fn=<DivBackward0>)
Memory status after this epoch: 
Memory allocated:  1.7099609375
Memory cached:  14.0
	 epoch  80 training error:  tensor(0.9363, device='cuda:0', grad_fn=<DivBackward0>)
Memory status after this epoch: 
Memory allocated:  1.7099609375
Memory cached:  14.0
	 epoch  90 training error:  tensor(0.9451, device='cuda:0', grad_fn=<DivBackward0>)
Memory status after this epoch: 
Memory allocated:  1.7099609375
Memory cached:  14.0
[I 2023-10-30 11:54:37,977] Trial 29 finished with value: 0.9328266382217407 and parameters: {'W_layers': 2, 'W_layer_units_exponent_0': 6, 'W_layer_units_exponent_1': 10, 'D_layers': 3, 'D_layer_units_exponent_0': 8, 'D_layer_units_exponent_1': 7, 'D_layer_units_exponent_2': 6, 'log_learning_rate': -4.027814727696956, 'log_learning_rate_D': -2.846353782488873, 'training_batch_size': 9, 'training_p': 7}. Best is trial 23 with value: 0.23587961494922638.
Time for this trial:  102.06981086730957
Memory status after this trial: 
Memory allocated:  83.2890625
Memory cached:  86.0
--------------------  Trial  30   --------------------
Start timing: 
Parameters: 
{'W_layers': 3, 'W_layer_units_exponent_0': 8, 'W_layer_units_exponent_1': 5, 'W_layer_units_exponent_2': 8, 'D_layers': 4, 'D_layer_units_exponent_0': 9, 'D_layer_units_exponent_1': 9, 'D_layer_units_exponent_2': 9, 'D_layer_units_exponent_3': 7, 'log_learning_rate': -2.724857774367313, 'log_learning_rate_D': -1.0422327592459104, 'training_batch_size': 11, 'training_p': 2}
	 epoch  0 training error:  tensor(1.0001, device='cuda:0', grad_fn=<DivBackward0>)
Memory status after this epoch: 
Memory allocated:  9.3427734375
Memory cached:  12.0
[W 2023-10-30 11:54:41,310] Trial 30 failed with parameters: {'W_layers': 3, 'W_layer_units_exponent_0': 8, 'W_layer_units_exponent_1': 5, 'W_layer_units_exponent_2': 8, 'D_layers': 4, 'D_layer_units_exponent_0': 9, 'D_layer_units_exponent_1': 9, 'D_layer_units_exponent_2': 9, 'D_layer_units_exponent_3': 7, 'log_learning_rate': -2.724857774367313, 'log_learning_rate_D': -1.0422327592459104, 'training_batch_size': 11, 'training_p': 2} because of the following error: The value nan is not acceptable.
[W 2023-10-30 11:54:41,310] Trial 30 failed with value tensor(nan, device='cuda:0', grad_fn=<DivBackward0>).
Time for this trial:  3.1286838054656982
Memory status after this trial: 
Memory allocated:  122.3447265625
Memory cached:  128.0
--------------------  Trial  31   --------------------
Start timing: 
Parameters: 
{'W_layers': 3, 'W_layer_units_exponent_0': 8, 'W_layer_units_exponent_1': 5, 'W_layer_units_exponent_2': 8, 'D_layers': 4, 'D_layer_units_exponent_0': 9, 'D_layer_units_exponent_1': 9, 'D_layer_units_exponent_2': 9, 'D_layer_units_exponent_3': 7, 'log_learning_rate': -3.33981768874313, 'log_learning_rate_D': -1.1206343825426819, 'training_batch_size': 11, 'training_p': 2}
	 epoch  0 training error:  tensor(0.9998, device='cuda:0', grad_fn=<DivBackward0>)
Memory status after this epoch: 
Memory allocated:  9.3427734375
Memory cached:  14.0
	 epoch  10 training error:  tensor(0.9927, device='cuda:0', grad_fn=<DivBackward0>)
Memory status after this epoch: 
Memory allocated:  9.3427734375
Memory cached:  18.0
	 epoch  20 training error:  tensor(0.9581, device='cuda:0', grad_fn=<DivBackward0>)
Memory status after this epoch: 
Memory allocated:  9.3427734375
Memory cached:  18.0
	 epoch  30 training error:  tensor(0.7987, device='cuda:0', grad_fn=<DivBackward0>)
Memory status after this epoch: 
Memory allocated:  9.3427734375
Memory cached:  16.0
	 epoch  40 training error:  tensor(0.2379, device='cuda:0', grad_fn=<DivBackward0>)
Memory status after this epoch: 
Memory allocated:  9.3427734375
Memory cached:  20.0
	 epoch  50 training error:  tensor(0.2623, device='cuda:0', grad_fn=<DivBackward0>)
Memory status after this epoch: 
Memory allocated:  9.3427734375
Memory cached:  18.0
	 epoch  60 training error:  tensor(0.2403, device='cuda:0', grad_fn=<DivBackward0>)
Memory status after this epoch: 
Memory allocated:  9.3427734375
Memory cached:  16.0
	 epoch  70 training error:  tensor(0.2401, device='cuda:0', grad_fn=<DivBackward0>)
Memory status after this epoch: 
Memory allocated:  9.3427734375
Memory cached:  18.0
	 epoch  80 training error:  tensor(0.2381, device='cuda:0', grad_fn=<DivBackward0>)
Memory status after this epoch: 
Memory allocated:  9.3427734375
Memory cached:  16.0
	 epoch  90 training error:  tensor(0.2368, device='cuda:0', grad_fn=<DivBackward0>)
Memory status after this epoch: 
Memory allocated:  9.3427734375
Memory cached:  18.0
[I 2023-10-30 11:56:43,900] Trial 31 finished with value: 0.23874841630458832 and parameters: {'W_layers': 3, 'W_layer_units_exponent_0': 8, 'W_layer_units_exponent_1': 5, 'W_layer_units_exponent_2': 8, 'D_layers': 4, 'D_layer_units_exponent_0': 9, 'D_layer_units_exponent_1': 9, 'D_layer_units_exponent_2': 9, 'D_layer_units_exponent_3': 7, 'log_learning_rate': -3.33981768874313, 'log_learning_rate_D': -1.1206343825426819, 'training_batch_size': 11, 'training_p': 2}. Best is trial 23 with value: 0.23587961494922638.
Time for this trial:  122.40077614784241
Memory status after this trial: 
Memory allocated:  122.3447265625
Memory cached:  126.0
--------------------  Trial  32   --------------------
Start timing: 
Parameters: 
{'W_layers': 2, 'W_layer_units_exponent_0': 5, 'W_layer_units_exponent_1': 9, 'D_layers': 3, 'D_layer_units_exponent_0': 5, 'D_layer_units_exponent_1': 6, 'D_layer_units_exponent_2': 6, 'log_learning_rate': -2.691153892558907, 'log_learning_rate_D': -1.7627699392956118, 'training_batch_size': 9, 'training_p': 3}
	 epoch  0 training error:  tensor(1.0000, device='cuda:0', grad_fn=<DivBackward0>)
Memory status after this epoch: 
Memory allocated:  0.4091796875
Memory cached:  8.0
	 epoch  10 training error:  tensor(0.2779, device='cuda:0', grad_fn=<DivBackward0>)
Memory status after this epoch: 
Memory allocated:  0.4091796875
Memory cached:  10.0
	 epoch  20 training error:  tensor(0.2513, device='cuda:0', grad_fn=<DivBackward0>)
Memory status after this epoch: 
Memory allocated:  0.4091796875
Memory cached:  10.0
	 epoch  30 training error:  tensor(0.2532, device='cuda:0', grad_fn=<DivBackward0>)
Memory status after this epoch: 
Memory allocated:  0.4091796875
Memory cached:  10.0
	 epoch  40 training error:  tensor(0.2454, device='cuda:0', grad_fn=<DivBackward0>)
Memory status after this epoch: 
Memory allocated:  0.4091796875
Memory cached:  10.0
	 epoch  50 training error:  tensor(0.2450, device='cuda:0', grad_fn=<DivBackward0>)
Memory status after this epoch: 
Memory allocated:  0.4091796875
Memory cached:  10.0
	 epoch  60 training error:  tensor(0.2450, device='cuda:0', grad_fn=<DivBackward0>)
Memory status after this epoch: 
Memory allocated:  0.4091796875
Memory cached:  10.0
	 epoch  70 training error:  tensor(0.2445, device='cuda:0', grad_fn=<DivBackward0>)
Memory status after this epoch: 
Memory allocated:  0.4091796875
Memory cached:  10.0
	 epoch  80 training error:  tensor(0.2445, device='cuda:0', grad_fn=<DivBackward0>)
Memory status after this epoch: 
Memory allocated:  0.4091796875
Memory cached:  10.0
	 epoch  90 training error:  tensor(0.2444, device='cuda:0', grad_fn=<DivBackward0>)
Memory status after this epoch: 
Memory allocated:  0.4091796875
Memory cached:  10.0
[I 2023-10-30 11:58:22,227] Trial 32 finished with value: 0.23718658089637756 and parameters: {'W_layers': 2, 'W_layer_units_exponent_0': 5, 'W_layer_units_exponent_1': 9, 'D_layers': 3, 'D_layer_units_exponent_0': 5, 'D_layer_units_exponent_1': 6, 'D_layer_units_exponent_2': 6, 'log_learning_rate': -2.691153892558907, 'log_learning_rate_D': -1.7627699392956118, 'training_batch_size': 9, 'training_p': 3}. Best is trial 23 with value: 0.23587961494922638.
Time for this trial:  98.14797782897949
Memory status after this trial: 
Memory allocated:  38.35888671875
Memory cached:  40.0
--------------------  Trial  33   --------------------
Start timing: 
Parameters: 
{'W_layers': 3, 'W_layer_units_exponent_0': 7, 'W_layer_units_exponent_1': 5, 'W_layer_units_exponent_2': 9, 'D_layers': 5, 'D_layer_units_exponent_0': 7, 'D_layer_units_exponent_1': 7, 'D_layer_units_exponent_2': 9, 'D_layer_units_exponent_3': 5, 'D_layer_units_exponent_4': 9, 'log_learning_rate': -4.438574597045833, 'log_learning_rate_D': -1.766747108119937, 'training_batch_size': 7, 'training_p': 7}
	 epoch  0 training error:  tensor(1.0000, device='cuda:0', grad_fn=<DivBackward0>)
Memory status after this epoch: 
Memory allocated:  2.1533203125
Memory cached:  12.0
[W 2023-10-30 11:58:32,021] Trial 33 failed with parameters: {'W_layers': 3, 'W_layer_units_exponent_0': 7, 'W_layer_units_exponent_1': 5, 'W_layer_units_exponent_2': 9, 'D_layers': 5, 'D_layer_units_exponent_0': 7, 'D_layer_units_exponent_1': 7, 'D_layer_units_exponent_2': 9, 'D_layer_units_exponent_3': 5, 'D_layer_units_exponent_4': 9, 'log_learning_rate': -4.438574597045833, 'log_learning_rate_D': -1.766747108119937, 'training_batch_size': 7, 'training_p': 7} because of the following error: The value nan is not acceptable.
[W 2023-10-30 11:58:32,022] Trial 33 failed with value tensor(nan, device='cuda:0', grad_fn=<DivBackward0>).
Time for this trial:  9.582477807998657
Memory status after this trial: 
Memory allocated:  106.97509765625
Memory cached:  110.0
--------------------  Trial  34   --------------------
Start timing: 
Parameters: 
{'W_layers': 3, 'W_layer_units_exponent_0': 7, 'W_layer_units_exponent_1': 5, 'W_layer_units_exponent_2': 9, 'D_layers': 5, 'D_layer_units_exponent_0': 7, 'D_layer_units_exponent_1': 7, 'D_layer_units_exponent_2': 9, 'D_layer_units_exponent_3': 5, 'D_layer_units_exponent_4': 9, 'log_learning_rate': -2.041843134730269, 'log_learning_rate_D': -2.4921279631730457, 'training_batch_size': 7, 'training_p': 7}
	 epoch  0 training error:  tensor(1.0001, device='cuda:0', grad_fn=<DivBackward0>)
Memory status after this epoch: 
Memory allocated:  2.1533203125
Memory cached:  10.0
	 epoch  10 training error:  tensor(0.5422, device='cuda:0', grad_fn=<DivBackward0>)
Memory status after this epoch: 
Memory allocated:  2.1533203125
Memory cached:  14.0
	 epoch  20 training error:  tensor(0.2624, device='cuda:0', grad_fn=<DivBackward0>)
Memory status after this epoch: 
Memory allocated:  2.1533203125
Memory cached:  16.0
	 epoch  30 training error:  tensor(0.2824, device='cuda:0', grad_fn=<DivBackward0>)
Memory status after this epoch: 
Memory allocated:  2.1533203125
Memory cached:  16.0
	 epoch  40 training error:  tensor(0.2672, device='cuda:0', grad_fn=<DivBackward0>)
Memory status after this epoch: 
Memory allocated:  2.1533203125
Memory cached:  16.0
	 epoch  50 training error:  tensor(0.2562, device='cuda:0', grad_fn=<DivBackward0>)
Memory status after this epoch: 
Memory allocated:  2.1533203125
Memory cached:  16.0
	 epoch  60 training error:  tensor(0.2578, device='cuda:0', grad_fn=<DivBackward0>)
Memory status after this epoch: 
Memory allocated:  2.1533203125
Memory cached:  16.0
	 epoch  70 training error:  tensor(0.2565, device='cuda:0', grad_fn=<DivBackward0>)
Memory status after this epoch: 
Memory allocated:  2.1533203125
Memory cached:  16.0
	 epoch  80 training error:  tensor(0.2562, device='cuda:0', grad_fn=<DivBackward0>)
Memory status after this epoch: 
Memory allocated:  2.1533203125
Memory cached:  16.0
	 epoch  90 training error:  tensor(0.2562, device='cuda:0', grad_fn=<DivBackward0>)
Memory status after this epoch: 
Memory allocated:  2.1533203125
Memory cached:  16.0
