[I 2023-11-02 18:48:04,636] Trial 2 finished with value: 0.2457425445318222 and parameters: {'W_layers': 3, 'W_layer_units_exponent_0': 5, 'W_layer_units_exponent_1': 8, 'W_layer_units_exponent_2': 5, 'D_layers': 2, 'D_layer_units_exponent_0': 5, 'D_layer_units_exponent_1': 7, 'log_learning_rate': -3.44784538316285, 'log_learning_rate_D': -4.269817653437018, 'training_batch_size': 8, 'training_p': 7}. Best is trial 2 with value: 0.2457425445318222.
Time for this trial:  94.94436979293823
Memory status after this trial: 
Memory allocated:  28.41845703125
Memory cached:  32.0
--------------------  Trial  3   --------------------
Start timing: 
Parameters: 
{'W_layers': 4, 'W_layer_units_exponent_0': 10, 'W_layer_units_exponent_1': 4, 'W_layer_units_exponent_2': 4, 'W_layer_units_exponent_3': 7, 'D_layers': 8, 'D_layer_units_exponent_0': 5, 'D_layer_units_exponent_1': 9, 'D_layer_units_exponent_2': 9, 'D_layer_units_exponent_3': 10, 'D_layer_units_exponent_4': 7, 'D_layer_units_exponent_5': 6, 'D_layer_units_exponent_6': 8, 'D_layer_units_exponent_7': 5, 'log_learning_rate': -3.039853827299224, 'log_learning_rate_D': -3.136893573243261, 'training_batch_size': 10, 'training_p': 6}
	 epoch  0 training error:  tensor(1.0059, device='cuda:0', grad_fn=<DivBackward0>)
Memory status after this epoch: 
Memory allocated:  17.294921875
Memory cached:  42.0
	 epoch  10 training error:  tensor(0.4272, device='cuda:0', grad_fn=<DivBackward0>)
Memory status after this epoch: 
Memory allocated:  17.294921875
Memory cached:  46.0
	 epoch  20 training error:  tensor(0.2574, device='cuda:0', grad_fn=<DivBackward0>)
Memory status after this epoch: 
Memory allocated:  17.294921875
Memory cached:  46.0
	 epoch  30 training error:  tensor(0.2668, device='cuda:0', grad_fn=<DivBackward0>)
Memory status after this epoch: 
Memory allocated:  17.294921875
Memory cached:  46.0
	 epoch  40 training error:  tensor(0.2549, device='cuda:0', grad_fn=<DivBackward0>)
Memory status after this epoch: 
Memory allocated:  17.294921875
Memory cached:  46.0
	 epoch  50 training error:  tensor(0.2528, device='cuda:0', grad_fn=<DivBackward0>)
Memory status after this epoch: 
Memory allocated:  17.294921875
Memory cached:  46.0
	 epoch  60 training error:  tensor(0.2529, device='cuda:0', grad_fn=<DivBackward0>)
Memory status after this epoch: 
Memory allocated:  17.294921875
Memory cached:  46.0
	 epoch  70 training error:  tensor(0.2529, device='cuda:0', grad_fn=<DivBackward0>)
Memory status after this epoch: 
Memory allocated:  17.294921875
Memory cached:  46.0
	 epoch  80 training error:  tensor(0.2528, device='cuda:0', grad_fn=<DivBackward0>)
Memory status after this epoch: 
Memory allocated:  17.294921875
Memory cached:  46.0
	 epoch  90 training error:  tensor(0.2528, device='cuda:0', grad_fn=<DivBackward0>)
Memory status after this epoch: 
Memory allocated:  17.294921875
Memory cached:  46.0
[I 2023-11-02 18:50:54,350] Trial 3 finished with value: 0.2461303472518921 and parameters: {'W_layers': 4, 'W_layer_units_exponent_0': 10, 'W_layer_units_exponent_1': 4, 'W_layer_units_exponent_2': 4, 'W_layer_units_exponent_3': 7, 'D_layers': 8, 'D_layer_units_exponent_0': 5, 'D_layer_units_exponent_1': 9, 'D_layer_units_exponent_2': 9, 'D_layer_units_exponent_3': 10, 'D_layer_units_exponent_4': 7, 'D_layer_units_exponent_5': 6, 'D_layer_units_exponent_6': 8, 'D_layer_units_exponent_7': 5, 'log_learning_rate': -3.039853827299224, 'log_learning_rate_D': -3.136893573243261, 'training_batch_size': 10, 'training_p': 6}. Best is trial 2 with value: 0.2457425445318222.
Time for this trial:  169.58597445487976
Memory status after this trial: 
Memory allocated:  210.158203125
Memory cached:  234.0
--------------------  Trial  4   --------------------
Start timing: 
Parameters: 
{'W_layers': 3, 'W_layer_units_exponent_0': 8, 'W_layer_units_exponent_1': 8, 'W_layer_units_exponent_2': 10, 'D_layers': 4, 'D_layer_units_exponent_0': 7, 'D_layer_units_exponent_1': 5, 'D_layer_units_exponent_2': 9, 'D_layer_units_exponent_3': 7, 'log_learning_rate': -4.2998336368506695, 'log_learning_rate_D': -4.9466117554394415, 'training_batch_size': 8, 'training_p': 4}
	 epoch  0 training error:  tensor(0.9821, device='cuda:0', grad_fn=<DivBackward0>)
Memory status after this epoch: 
Memory allocated:  7.234375
Memory cached:  12.0
	 epoch  10 training error:  tensor(0.7903, device='cuda:0', grad_fn=<DivBackward0>)
Memory status after this epoch: 
Memory allocated:  7.234375
Memory cached:  16.0
	 epoch  20 training error:  tensor(0.5654, device='cuda:0', grad_fn=<DivBackward0>)
Memory status after this epoch: 
Memory allocated:  7.234375
Memory cached:  18.0
	 epoch  30 training error:  tensor(0.3122, device='cuda:0', grad_fn=<DivBackward0>)
Memory status after this epoch: 
Memory allocated:  7.234375
Memory cached:  20.0
	 epoch  40 training error:  tensor(0.2825, device='cuda:0', grad_fn=<DivBackward0>)
Memory status after this epoch: 
Memory allocated:  7.234375
Memory cached:  16.0
	 epoch  50 training error:  tensor(0.2483, device='cuda:0', grad_fn=<DivBackward0>)
Memory status after this epoch: 
Memory allocated:  7.234375
Memory cached:  16.0
	 epoch  60 training error:  tensor(0.2537, device='cuda:0', grad_fn=<DivBackward0>)
Memory status after this epoch: 
Memory allocated:  7.234375
Memory cached:  18.0
	 epoch  70 training error:  tensor(0.2483, device='cuda:0', grad_fn=<DivBackward0>)
Memory status after this epoch: 
Memory allocated:  7.234375
Memory cached:  16.0
	 epoch  80 training error:  tensor(0.2478, device='cuda:0', grad_fn=<DivBackward0>)
Memory status after this epoch: 
Memory allocated:  7.234375
Memory cached:  20.0
	 epoch  90 training error:  tensor(0.2479, device='cuda:0', grad_fn=<DivBackward0>)
Memory status after this epoch: 
Memory allocated:  7.234375
Memory cached:  16.0
[I 2023-11-02 18:52:57,860] Trial 4 finished with value: 0.24651284515857697 and parameters: {'W_layers': 3, 'W_layer_units_exponent_0': 8, 'W_layer_units_exponent_1': 8, 'W_layer_units_exponent_2': 10, 'D_layers': 4, 'D_layer_units_exponent_0': 7, 'D_layer_units_exponent_1': 5, 'D_layer_units_exponent_2': 9, 'D_layer_units_exponent_3': 7, 'log_learning_rate': -4.2998336368506695, 'log_learning_rate_D': -4.9466117554394415, 'training_batch_size': 8, 'training_p': 4}. Best is trial 2 with value: 0.2457425445318222.
Time for this trial:  123.3509292602539
Memory status after this trial: 
Memory allocated:  130.53076171875
Memory cached:  138.0
--------------------  Trial  5   --------------------
Start timing: 
Parameters: 
{'W_layers': 2, 'W_layer_units_exponent_0': 8, 'W_layer_units_exponent_1': 8, 'D_layers': 8, 'D_layer_units_exponent_0': 9, 'D_layer_units_exponent_1': 10, 'D_layer_units_exponent_2': 4, 'D_layer_units_exponent_3': 9, 'D_layer_units_exponent_4': 8, 'D_layer_units_exponent_5': 10, 'D_layer_units_exponent_6': 6, 'D_layer_units_exponent_7': 4, 'log_learning_rate': -1.7897845450635526, 'log_learning_rate_D': -1.9465598214291777, 'training_batch_size': 7, 'training_p': 5}
	 epoch  0 training error:  tensor(1.0533, device='cuda:0', grad_fn=<DivBackward0>)
Memory status after this epoch: 
Memory allocated:  18.078125
Memory cached:  36.0
	 epoch  10 training error:  tensor(2.4824, device='cuda:0', grad_fn=<DivBackward0>)
Memory status after this epoch: 
Memory allocated:  18.078125
Memory cached:  42.0
	 epoch  20 training error:  tensor(0.3779, device='cuda:0', grad_fn=<DivBackward0>)
Memory status after this epoch: 
Memory allocated:  18.078125
Memory cached:  42.0
	 epoch  30 training error:  tensor(0.4000, device='cuda:0', grad_fn=<DivBackward0>)
Memory status after this epoch: 
Memory allocated:  18.078125
Memory cached:  44.0
	 epoch  40 training error:  tensor(0.2519, device='cuda:0', grad_fn=<DivBackward0>)
Memory status after this epoch: 
Memory allocated:  18.078125
Memory cached:  42.0
	 epoch  50 training error:  tensor(0.2511, device='cuda:0', grad_fn=<DivBackward0>)
Memory status after this epoch: 
Memory allocated:  18.078125
Memory cached:  42.0
	 epoch  60 training error:  tensor(0.2556, device='cuda:0', grad_fn=<DivBackward0>)
Memory status after this epoch: 
Memory allocated:  18.078125
Memory cached:  42.0
	 epoch  70 training error:  tensor(0.2535, device='cuda:0', grad_fn=<DivBackward0>)
Memory status after this epoch: 
Memory allocated:  18.078125
Memory cached:  44.0
	 epoch  80 training error:  tensor(0.2573, device='cuda:0', grad_fn=<DivBackward0>)
Memory status after this epoch: 
Memory allocated:  18.078125
Memory cached:  42.0
	 epoch  90 training error:  tensor(0.2578, device='cuda:0', grad_fn=<DivBackward0>)
Memory status after this epoch: 
Memory allocated:  18.078125
Memory cached:  42.0
[I 2023-11-02 18:55:33,283] Trial 5 finished with value: 0.24518337845802307 and parameters: {'W_layers': 2, 'W_layer_units_exponent_0': 8, 'W_layer_units_exponent_1': 8, 'D_layers': 8, 'D_layer_units_exponent_0': 9, 'D_layer_units_exponent_1': 10, 'D_layer_units_exponent_2': 4, 'D_layer_units_exponent_3': 9, 'D_layer_units_exponent_4': 8, 'D_layer_units_exponent_5': 10, 'D_layer_units_exponent_6': 6, 'D_layer_units_exponent_7': 4, 'log_learning_rate': -1.7897845450635526, 'log_learning_rate_D': -1.9465598214291777, 'training_batch_size': 7, 'training_p': 5}. Best is trial 5 with value: 0.24518337845802307.
Time for this trial:  155.30335783958435
Memory status after this trial: 
Memory allocated:  220.3388671875
Memory cached:  244.0
--------------------  Trial  6   --------------------
Start timing: 
Parameters: 
{'W_layers': 6, 'W_layer_units_exponent_0': 9, 'W_layer_units_exponent_1': 4, 'W_layer_units_exponent_2': 10, 'W_layer_units_exponent_3': 9, 'W_layer_units_exponent_4': 6, 'W_layer_units_exponent_5': 5, 'D_layers': 6, 'D_layer_units_exponent_0': 8, 'D_layer_units_exponent_1': 6, 'D_layer_units_exponent_2': 4, 'D_layer_units_exponent_3': 8, 'D_layer_units_exponent_4': 6, 'D_layer_units_exponent_5': 4, 'log_learning_rate': -2.8442245208317853, 'log_learning_rate_D': -4.5381291726203, 'training_batch_size': 7, 'training_p': 7}
	 epoch  0 training error:  tensor(0.9983, device='cuda:0', grad_fn=<DivBackward0>)
Memory status after this epoch: 
Memory allocated:  11.177734375
Memory cached:  34.0
	 epoch  10 training error:  tensor(0.2963, device='cuda:0', grad_fn=<DivBackward0>)
Memory status after this epoch: 
Memory allocated:  11.177734375
Memory cached:  40.0
	 epoch  20 training error:  tensor(0.2804, device='cuda:0', grad_fn=<DivBackward0>)
Memory status after this epoch: 
Memory allocated:  11.177734375
Memory cached:  42.0
	 epoch  30 training error:  tensor(0.2553, device='cuda:0', grad_fn=<DivBackward0>)
Memory status after this epoch: 
Memory allocated:  11.177734375
Memory cached:  38.0
	 epoch  40 training error:  tensor(0.2575, device='cuda:0', grad_fn=<DivBackward0>)
Memory status after this epoch: 
Memory allocated:  11.177734375
Memory cached:  42.0
	 epoch  50 training error:  tensor(0.2556, device='cuda:0', grad_fn=<DivBackward0>)
Memory status after this epoch: 
Memory allocated:  11.177734375
Memory cached:  42.0
	 epoch  60 training error:  tensor(0.2544, device='cuda:0', grad_fn=<DivBackward0>)
Memory status after this epoch: 
Memory allocated:  11.177734375
Memory cached:  40.0
	 epoch  70 training error:  tensor(0.2542, device='cuda:0', grad_fn=<DivBackward0>)
Memory status after this epoch: 
Memory allocated:  11.177734375
Memory cached:  40.0
	 epoch  80 training error:  tensor(0.2541, device='cuda:0', grad_fn=<DivBackward0>)
Memory status after this epoch: 
Memory allocated:  11.177734375
Memory cached:  40.0
	 epoch  90 training error:  tensor(0.2541, device='cuda:0', grad_fn=<DivBackward0>)
Memory status after this epoch: 
Memory allocated:  11.177734375
Memory cached:  38.0
[I 2023-11-02 18:58:17,242] Trial 6 finished with value: 0.24652066826820374 and parameters: {'W_layers': 6, 'W_layer_units_exponent_0': 9, 'W_layer_units_exponent_1': 4, 'W_layer_units_exponent_2': 10, 'W_layer_units_exponent_3': 9, 'W_layer_units_exponent_4': 6, 'W_layer_units_exponent_5': 5, 'D_layers': 6, 'D_layer_units_exponent_0': 8, 'D_layer_units_exponent_1': 6, 'D_layer_units_exponent_2': 4, 'D_layer_units_exponent_3': 8, 'D_layer_units_exponent_4': 6, 'D_layer_units_exponent_5': 4, 'log_learning_rate': -2.8442245208317853, 'log_learning_rate_D': -4.5381291726203, 'training_batch_size': 7, 'training_p': 7}. Best is trial 5 with value: 0.24518337845802307.
Time for this trial:  163.82164311408997
Memory status after this trial: 
Memory allocated:  159.5693359375
Memory cached:  180.0
--------------------  Trial  7   --------------------
Start timing: 
Parameters: 
{'W_layers': 2, 'W_layer_units_exponent_0': 6, 'W_layer_units_exponent_1': 9, 'D_layers': 2, 'D_layer_units_exponent_0': 7, 'D_layer_units_exponent_1': 4, 'log_learning_rate': -3.6445055380250433, 'log_learning_rate_D': -1.6948388874069558, 'training_batch_size': 12, 'training_p': 8}
	 epoch  0 training error:  tensor(0.9824, device='cuda:0', grad_fn=<DivBackward0>)
Memory status after this epoch: 
Memory allocated:  1.044921875
Memory cached:  8.0
	 epoch  10 training error:  tensor(0.7663, device='cuda:0', grad_fn=<DivBackward0>)
Memory status after this epoch: 
Memory allocated:  1.044921875
Memory cached:  14.0
	 epoch  20 training error:  tensor(0.5874, device='cuda:0', grad_fn=<DivBackward0>)
Memory status after this epoch: 
Memory allocated:  1.044921875
Memory cached:  12.0
	 epoch  30 training error:  tensor(0.3401, device='cuda:0', grad_fn=<DivBackward0>)
Memory status after this epoch: 
Memory allocated:  1.044921875
Memory cached:  10.0
	 epoch  40 training error:  tensor(0.3047, device='cuda:0', grad_fn=<DivBackward0>)
Memory status after this epoch: 
Memory allocated:  1.044921875
Memory cached:  10.0
	 epoch  50 training error:  tensor(0.2596, device='cuda:0', grad_fn=<DivBackward0>)
Memory status after this epoch: 
Memory allocated:  1.044921875
Memory cached:  10.0
	 epoch  60 training error:  tensor(0.2571, device='cuda:0', grad_fn=<DivBackward0>)
Memory status after this epoch: 
Memory allocated:  1.044921875
Memory cached:  10.0
	 epoch  70 training error:  tensor(0.2554, device='cuda:0', grad_fn=<DivBackward0>)
Memory status after this epoch: 
Memory allocated:  1.044921875
Memory cached:  10.0
	 epoch  80 training error:  tensor(0.2553, device='cuda:0', grad_fn=<DivBackward0>)
Memory status after this epoch: 
Memory allocated:  1.044921875
Memory cached:  10.0
	 epoch  90 training error:  tensor(0.2553, device='cuda:0', grad_fn=<DivBackward0>)
Memory status after this epoch: 
Memory allocated:  1.044921875
Memory cached:  10.0
[I 2023-11-02 18:59:48,702] Trial 7 finished with value: 0.24640481173992157 and parameters: {'W_layers': 2, 'W_layer_units_exponent_0': 6, 'W_layer_units_exponent_1': 9, 'D_layers': 2, 'D_layer_units_exponent_0': 7, 'D_layer_units_exponent_1': 4, 'log_learning_rate': -3.6445055380250433, 'log_learning_rate_D': -1.6948388874069558, 'training_batch_size': 12, 'training_p': 8}. Best is trial 5 with value: 0.24518337845802307.
Time for this trial:  91.32879114151001
Memory status after this trial: 
Memory allocated:  41.65185546875
Memory cached:  46.0
--------------------  Trial  8   --------------------
Start timing: 
Parameters: 
{'W_layers': 8, 'W_layer_units_exponent_0': 6, 'W_layer_units_exponent_1': 4, 'W_layer_units_exponent_2': 9, 'W_layer_units_exponent_3': 7, 'W_layer_units_exponent_4': 6, 'W_layer_units_exponent_5': 4, 'W_layer_units_exponent_6': 10, 'W_layer_units_exponent_7': 7, 'D_layers': 3, 'D_layer_units_exponent_0': 6, 'D_layer_units_exponent_1': 5, 'D_layer_units_exponent_2': 9, 'log_learning_rate': -1.6263052298535219, 'log_learning_rate_D': -4.963801859006381, 'training_batch_size': 9, 'training_p': 7}
	 epoch  0 training error:  tensor(0.9994, device='cuda:0', grad_fn=<DivBackward0>)
Memory status after this epoch: 
Memory allocated:  4.234375
Memory cached:  12.0
	 epoch  10 training error:  tensor(1., device='cuda:0', grad_fn=<DivBackward0>)
Memory status after this epoch: 
Memory allocated:  4.234375
Memory cached:  16.0
	 epoch  20 training error:  tensor(1., device='cuda:0', grad_fn=<DivBackward0>)
Memory status after this epoch: 
Memory allocated:  4.234375
Memory cached:  16.0
	 epoch  30 training error:  tensor(1., device='cuda:0', grad_fn=<DivBackward0>)
Memory status after this epoch: 
Memory allocated:  4.234375
Memory cached:  16.0
	 epoch  40 training error:  tensor(1., device='cuda:0', grad_fn=<DivBackward0>)
Memory status after this epoch: 
Memory allocated:  4.234375
Memory cached:  16.0
	 epoch  50 training error:  tensor(1., device='cuda:0', grad_fn=<DivBackward0>)
Memory status after this epoch: 
Memory allocated:  4.234375
Memory cached:  16.0
	 epoch  60 training error:  tensor(1., device='cuda:0', grad_fn=<DivBackward0>)
Memory status after this epoch: 
Memory allocated:  4.234375
Memory cached:  16.0
	 epoch  70 training error:  tensor(1., device='cuda:0', grad_fn=<DivBackward0>)
Memory status after this epoch: 
Memory allocated:  4.234375
Memory cached:  16.0
	 epoch  80 training error:  tensor(1., device='cuda:0', grad_fn=<DivBackward0>)
Memory status after this epoch: 
Memory allocated:  4.234375
Memory cached:  16.0
	 epoch  90 training error:  tensor(1., device='cuda:0', grad_fn=<DivBackward0>)
Memory status after this epoch: 
Memory allocated:  4.234375
Memory cached:  16.0
[I 2023-11-02 19:02:24,162] Trial 8 finished with value: 1.0 and parameters: {'W_layers': 8, 'W_layer_units_exponent_0': 6, 'W_layer_units_exponent_1': 4, 'W_layer_units_exponent_2': 9, 'W_layer_units_exponent_3': 7, 'W_layer_units_exponent_4': 6, 'W_layer_units_exponent_5': 4, 'W_layer_units_exponent_6': 10, 'W_layer_units_exponent_7': 7, 'D_layers': 3, 'D_layer_units_exponent_0': 6, 'D_layer_units_exponent_1': 5, 'D_layer_units_exponent_2': 9, 'log_learning_rate': -1.6263052298535219, 'log_learning_rate_D': -4.963801859006381, 'training_batch_size': 9, 'training_p': 7}. Best is trial 5 with value: 0.24518337845802307.
Time for this trial:  155.33410000801086
Memory status after this trial: 
Memory allocated:  141.43798828125
Memory cached:  146.0
--------------------  Trial  9   --------------------
Start timing: 
Parameters: 
{'W_layers': 6, 'W_layer_units_exponent_0': 5, 'W_layer_units_exponent_1': 7, 'W_layer_units_exponent_2': 7, 'W_layer_units_exponent_3': 4, 'W_layer_units_exponent_4': 8, 'W_layer_units_exponent_5': 10, 'D_layers': 7, 'D_layer_units_exponent_0': 8, 'D_layer_units_exponent_1': 5, 'D_layer_units_exponent_2': 6, 'D_layer_units_exponent_3': 6, 'D_layer_units_exponent_4': 9, 'D_layer_units_exponent_5': 8, 'D_layer_units_exponent_6': 9, 'log_learning_rate': -3.2495356804030244, 'log_learning_rate_D': -3.893411513603362, 'training_batch_size': 10, 'training_p': 8}
	 epoch  0 training error:  tensor(1.0069, device='cuda:0', grad_fn=<DivBackward0>)
Memory status after this epoch: 
Memory allocated:  9.8828125
Memory cached:  18.0
	 epoch  10 training error:  tensor(0.4259, device='cuda:0', grad_fn=<DivBackward0>)
Memory status after this epoch: 
Memory allocated:  9.8828125
Memory cached:  24.0
	 epoch  20 training error:  tensor(0.2816, device='cuda:0', grad_fn=<DivBackward0>)
Memory status after this epoch: 
Memory allocated:  9.8828125
Memory cached:  22.0
	 epoch  30 training error:  tensor(0.2572, device='cuda:0', grad_fn=<DivBackward0>)
Memory status after this epoch: 
Memory allocated:  9.8828125
Memory cached:  22.0
	 epoch  40 training error:  tensor(0.2563, device='cuda:0', grad_fn=<DivBackward0>)
Memory status after this epoch: 
Memory allocated:  9.8828125
Memory cached:  22.0
	 epoch  50 training error:  tensor(0.2568, device='cuda:0', grad_fn=<DivBackward0>)
Memory status after this epoch: 
Memory allocated:  9.8828125
Memory cached:  22.0
	 epoch  60 training error:  tensor(0.2564, device='cuda:0', grad_fn=<DivBackward0>)
Memory status after this epoch: 
Memory allocated:  9.8828125
Memory cached:  22.0
	 epoch  70 training error:  tensor(0.2554, device='cuda:0', grad_fn=<DivBackward0>)
Memory status after this epoch: 
Memory allocated:  9.8828125
Memory cached:  22.0
	 epoch  80 training error:  tensor(0.2554, device='cuda:0', grad_fn=<DivBackward0>)
Memory status after this epoch: 
Memory allocated:  9.8828125
Memory cached:  22.0
	 epoch  90 training error:  tensor(0.2553, device='cuda:0', grad_fn=<DivBackward0>)
Memory status after this epoch: 
Memory allocated:  9.8828125
Memory cached:  22.0
