[I 2023-11-01 11:24:47,624] Trial 11 finished with value: 0.23104505240917206 and parameters: {'W_layers': 5, 'W_layer_units_exponent_0': 10, 'W_layer_units_exponent_1': 4, 'W_layer_units_exponent_2': 4, 'W_layer_units_exponent_3': 10, 'W_layer_units_exponent_4': 10, 'D_layers': 6, 'D_layer_units_exponent_0': 8, 'D_layer_units_exponent_1': 4, 'D_layer_units_exponent_2': 10, 'D_layer_units_exponent_3': 4, 'D_layer_units_exponent_4': 7, 'D_layer_units_exponent_5': 10, 'log_learning_rate': -4.731497218721476, 'log_learning_rate_D': -1.2267972466103756, 'training_batch_size': 12, 'training_p': 5}. Best is trial 5 with value: 0.22946058213710785.
Time for this trial:  171.45809960365295
Memory status after this trial: 
Memory allocated:  307.015625
Memory cached:  322.0
--------------------  Trial  12   --------------------
Start timing: 
Parameters: 
{'W_layers': 5, 'W_layer_units_exponent_0': 9, 'W_layer_units_exponent_1': 4, 'W_layer_units_exponent_2': 4, 'W_layer_units_exponent_3': 10, 'W_layer_units_exponent_4': 8, 'D_layers': 6, 'D_layer_units_exponent_0': 8, 'D_layer_units_exponent_1': 4, 'D_layer_units_exponent_2': 10, 'D_layer_units_exponent_3': 6, 'D_layer_units_exponent_4': 7, 'D_layer_units_exponent_5': 10, 'log_learning_rate': -4.9019846891312895, 'log_learning_rate_D': -1.0130347644650621, 'training_batch_size': 11, 'training_p': 4}
	 epoch  0 training error:  tensor(0.9331, device='cuda:0', grad_fn=<DivBackward0>)
Memory status after this epoch: 
Memory allocated:  7.9638671875
Memory cached:  18.0
	 epoch  10 training error:  tensor(0.8140, device='cuda:0', grad_fn=<DivBackward0>)
Memory status after this epoch: 
Memory allocated:  7.9638671875
Memory cached:  24.0
	 epoch  20 training error:  tensor(0.6771, device='cuda:0', grad_fn=<DivBackward0>)
Memory status after this epoch: 
Memory allocated:  7.9638671875
Memory cached:  24.0
	 epoch  30 training error:  tensor(0.5178, device='cuda:0', grad_fn=<DivBackward0>)
Memory status after this epoch: 
Memory allocated:  7.9638671875
Memory cached:  24.0
	 epoch  40 training error:  tensor(0.3370, device='cuda:0', grad_fn=<DivBackward0>)
Memory status after this epoch: 
Memory allocated:  7.9638671875
Memory cached:  24.0
	 epoch  50 training error:  tensor(0.2557, device='cuda:0', grad_fn=<DivBackward0>)
Memory status after this epoch: 
Memory allocated:  7.9638671875
Memory cached:  24.0
	 epoch  60 training error:  tensor(0.2657, device='cuda:0', grad_fn=<DivBackward0>)
Memory status after this epoch: 
Memory allocated:  7.9638671875
Memory cached:  24.0
	 epoch  70 training error:  tensor(0.2527, device='cuda:0', grad_fn=<DivBackward0>)
Memory status after this epoch: 
Memory allocated:  7.9638671875
Memory cached:  24.0
	 epoch  80 training error:  tensor(0.2540, device='cuda:0', grad_fn=<DivBackward0>)
Memory status after this epoch: 
Memory allocated:  7.9638671875
Memory cached:  24.0
	 epoch  90 training error:  tensor(0.2524, device='cuda:0', grad_fn=<DivBackward0>)
Memory status after this epoch: 
Memory allocated:  7.9638671875
Memory cached:  24.0
[I 2023-11-01 11:27:33,308] Trial 12 finished with value: 0.22837500274181366 and parameters: {'W_layers': 5, 'W_layer_units_exponent_0': 9, 'W_layer_units_exponent_1': 4, 'W_layer_units_exponent_2': 4, 'W_layer_units_exponent_3': 10, 'W_layer_units_exponent_4': 8, 'D_layers': 6, 'D_layer_units_exponent_0': 8, 'D_layer_units_exponent_1': 4, 'D_layer_units_exponent_2': 10, 'D_layer_units_exponent_3': 6, 'D_layer_units_exponent_4': 7, 'D_layer_units_exponent_5': 10, 'log_learning_rate': -4.9019846891312895, 'log_learning_rate_D': -1.0130347644650621, 'training_batch_size': 11, 'training_p': 4}. Best is trial 12 with value: 0.22837500274181366.
Time for this trial:  165.48107838630676
Memory status after this trial: 
Memory allocated:  235.36083984375
Memory cached:  240.0
--------------------  Trial  13   --------------------
Start timing: 
Parameters: 
{'W_layers': 6, 'W_layer_units_exponent_0': 9, 'W_layer_units_exponent_1': 6, 'W_layer_units_exponent_2': 5, 'W_layer_units_exponent_3': 7, 'W_layer_units_exponent_4': 8, 'W_layer_units_exponent_5': 10, 'D_layers': 5, 'D_layer_units_exponent_0': 10, 'D_layer_units_exponent_1': 5, 'D_layer_units_exponent_2': 10, 'D_layer_units_exponent_3': 6, 'D_layer_units_exponent_4': 6, 'log_learning_rate': -2.850132583516188, 'log_learning_rate_D': -1.814933355764214, 'training_batch_size': 11, 'training_p': 4}
	 epoch  0 training error:  tensor(0.9347, device='cuda:0', grad_fn=<DivBackward0>)
Memory status after this epoch: 
Memory allocated:  7.3115234375
Memory cached:  14.0
	 epoch  10 training error:  tensor(0.3210, device='cuda:0', grad_fn=<DivBackward0>)
Memory status after this epoch: 
Memory allocated:  7.3115234375
Memory cached:  18.0
	 epoch  20 training error:  tensor(0.2842, device='cuda:0', grad_fn=<DivBackward0>)
Memory status after this epoch: 
Memory allocated:  7.3115234375
Memory cached:  20.0
	 epoch  30 training error:  tensor(0.2589, device='cuda:0', grad_fn=<DivBackward0>)
Memory status after this epoch: 
Memory allocated:  7.3115234375
Memory cached:  24.0
	 epoch  40 training error:  tensor(0.2529, device='cuda:0', grad_fn=<DivBackward0>)
Memory status after this epoch: 
Memory allocated:  7.3115234375
Memory cached:  20.0
	 epoch  50 training error:  tensor(0.2536, device='cuda:0', grad_fn=<DivBackward0>)
Memory status after this epoch: 
Memory allocated:  7.3115234375
Memory cached:  20.0
	 epoch  60 training error:  tensor(0.2528, device='cuda:0', grad_fn=<DivBackward0>)
Memory status after this epoch: 
Memory allocated:  7.3115234375
Memory cached:  20.0
	 epoch  70 training error:  tensor(0.2523, device='cuda:0', grad_fn=<DivBackward0>)
Memory status after this epoch: 
Memory allocated:  7.3115234375
Memory cached:  20.0
	 epoch  80 training error:  tensor(0.2523, device='cuda:0', grad_fn=<DivBackward0>)
Memory status after this epoch: 
Memory allocated:  7.3115234375
Memory cached:  18.0
	 epoch  90 training error:  tensor(0.2523, device='cuda:0', grad_fn=<DivBackward0>)
Memory status after this epoch: 
Memory allocated:  7.3115234375
Memory cached:  20.0
[I 2023-11-01 11:30:20,004] Trial 13 finished with value: 0.23067200183868408 and parameters: {'W_layers': 6, 'W_layer_units_exponent_0': 9, 'W_layer_units_exponent_1': 6, 'W_layer_units_exponent_2': 5, 'W_layer_units_exponent_3': 7, 'W_layer_units_exponent_4': 8, 'W_layer_units_exponent_5': 10, 'D_layers': 5, 'D_layer_units_exponent_0': 10, 'D_layer_units_exponent_1': 5, 'D_layer_units_exponent_2': 10, 'D_layer_units_exponent_3': 6, 'D_layer_units_exponent_4': 6, 'log_learning_rate': -2.850132583516188, 'log_learning_rate_D': -1.814933355764214, 'training_batch_size': 11, 'training_p': 4}. Best is trial 12 with value: 0.22837500274181366.
Time for this trial:  166.48835039138794
Memory status after this trial: 
Memory allocated:  228.70458984375
Memory cached:  234.0
--------------------  Trial  14   --------------------
Start timing: 
Parameters: 
{'W_layers': 4, 'W_layer_units_exponent_0': 8, 'W_layer_units_exponent_1': 5, 'W_layer_units_exponent_2': 5, 'W_layer_units_exponent_3': 6, 'D_layers': 7, 'D_layer_units_exponent_0': 7, 'D_layer_units_exponent_1': 5, 'D_layer_units_exponent_2': 9, 'D_layer_units_exponent_3': 10, 'D_layer_units_exponent_4': 8, 'D_layer_units_exponent_5': 9, 'D_layer_units_exponent_6': 9, 'log_learning_rate': -2.312442010172206, 'log_learning_rate_D': -1.1829777322508654, 'training_batch_size': 11, 'training_p': 4}
	 epoch  0 training error:  tensor(0.8915, device='cuda:0', grad_fn=<DivBackward0>)
Memory status after this epoch: 
Memory allocated:  18.5966796875
Memory cached:  36.0
	 epoch  10 training error:  tensor(0.2554, device='cuda:0', grad_fn=<DivBackward0>)
Memory status after this epoch: 
Memory allocated:  18.5966796875
Memory cached:  42.0
	 epoch  20 training error:  tensor(0.3818, device='cuda:0', grad_fn=<DivBackward0>)
Memory status after this epoch: 
Memory allocated:  18.5966796875
Memory cached:  42.0
	 epoch  30 training error:  tensor(0.3513, device='cuda:0', grad_fn=<DivBackward0>)
Memory status after this epoch: 
Memory allocated:  18.5966796875
Memory cached:  42.0
	 epoch  40 training error:  tensor(0.2828, device='cuda:0', grad_fn=<DivBackward0>)
Memory status after this epoch: 
Memory allocated:  18.5966796875
Memory cached:  40.0
	 epoch  50 training error:  tensor(0.2523, device='cuda:0', grad_fn=<DivBackward0>)
Memory status after this epoch: 
Memory allocated:  18.5966796875
Memory cached:  42.0
	 epoch  60 training error:  tensor(0.2566, device='cuda:0', grad_fn=<DivBackward0>)
Memory status after this epoch: 
Memory allocated:  18.5966796875
Memory cached:  42.0
	 epoch  70 training error:  tensor(0.2532, device='cuda:0', grad_fn=<DivBackward0>)
Memory status after this epoch: 
Memory allocated:  18.5966796875
Memory cached:  40.0
	 epoch  80 training error:  tensor(0.2531, device='cuda:0', grad_fn=<DivBackward0>)
Memory status after this epoch: 
Memory allocated:  18.5966796875
Memory cached:  42.0
	 epoch  90 training error:  tensor(0.2569, device='cuda:0', grad_fn=<DivBackward0>)
Memory status after this epoch: 
Memory allocated:  18.5966796875
Memory cached:  42.0
[I 2023-11-01 11:32:55,037] Trial 14 finished with value: 0.22897830605506897 and parameters: {'W_layers': 4, 'W_layer_units_exponent_0': 8, 'W_layer_units_exponent_1': 5, 'W_layer_units_exponent_2': 5, 'W_layer_units_exponent_3': 6, 'D_layers': 7, 'D_layer_units_exponent_0': 7, 'D_layer_units_exponent_1': 5, 'D_layer_units_exponent_2': 9, 'D_layer_units_exponent_3': 10, 'D_layer_units_exponent_4': 8, 'D_layer_units_exponent_5': 9, 'D_layer_units_exponent_6': 9, 'log_learning_rate': -2.312442010172206, 'log_learning_rate_D': -1.1829777322508654, 'training_batch_size': 11, 'training_p': 4}. Best is trial 12 with value: 0.22837500274181366.
Time for this trial:  154.7954421043396
Memory status after this trial: 
Memory allocated:  187.79443359375
Memory cached:  210.0
--------------------  Trial  15   --------------------
Start timing: 
Parameters: 
{'W_layers': 4, 'W_layer_units_exponent_0': 8, 'W_layer_units_exponent_1': 4, 'W_layer_units_exponent_2': 6, 'W_layer_units_exponent_3': 6, 'D_layers': 5, 'D_layer_units_exponent_0': 7, 'D_layer_units_exponent_1': 4, 'D_layer_units_exponent_2': 8, 'D_layer_units_exponent_3': 10, 'D_layer_units_exponent_4': 9, 'log_learning_rate': -3.3209886315557857, 'log_learning_rate_D': -1.1774684601491452, 'training_batch_size': 11, 'training_p': 4}
	 epoch  0 training error:  tensor(0.9868, device='cuda:0', grad_fn=<DivBackward0>)
Memory status after this epoch: 
Memory allocated:  12.3310546875
Memory cached:  36.0
	 epoch  10 training error:  tensor(0.2869, device='cuda:0', grad_fn=<DivBackward0>)
Memory status after this epoch: 
Memory allocated:  12.3310546875
Memory cached:  38.0
	 epoch  20 training error:  tensor(0.2918, device='cuda:0', grad_fn=<DivBackward0>)
Memory status after this epoch: 
Memory allocated:  12.3310546875
Memory cached:  40.0
	 epoch  30 training error:  tensor(0.2720, device='cuda:0', grad_fn=<DivBackward0>)
Memory status after this epoch: 
Memory allocated:  12.3310546875
Memory cached:  38.0
	 epoch  40 training error:  tensor(0.2593, device='cuda:0', grad_fn=<DivBackward0>)
Memory status after this epoch: 
Memory allocated:  12.3310546875
Memory cached:  38.0
	 epoch  50 training error:  tensor(0.2526, device='cuda:0', grad_fn=<DivBackward0>)
Memory status after this epoch: 
Memory allocated:  12.3310546875
Memory cached:  40.0
	 epoch  60 training error:  tensor(0.2526, device='cuda:0', grad_fn=<DivBackward0>)
Memory status after this epoch: 
Memory allocated:  12.3310546875
Memory cached:  40.0
	 epoch  70 training error:  tensor(0.2526, device='cuda:0', grad_fn=<DivBackward0>)
Memory status after this epoch: 
Memory allocated:  12.3310546875
Memory cached:  40.0
	 epoch  80 training error:  tensor(0.2522, device='cuda:0', grad_fn=<DivBackward0>)
Memory status after this epoch: 
Memory allocated:  12.3310546875
Memory cached:  40.0
	 epoch  90 training error:  tensor(0.2523, device='cuda:0', grad_fn=<DivBackward0>)
Memory status after this epoch: 
Memory allocated:  12.3310546875
Memory cached:  38.0
[I 2023-11-01 11:35:08,128] Trial 15 finished with value: 0.23017287254333496 and parameters: {'W_layers': 4, 'W_layer_units_exponent_0': 8, 'W_layer_units_exponent_1': 4, 'W_layer_units_exponent_2': 6, 'W_layer_units_exponent_3': 6, 'D_layers': 5, 'D_layer_units_exponent_0': 7, 'D_layer_units_exponent_1': 4, 'D_layer_units_exponent_2': 8, 'D_layer_units_exponent_3': 10, 'D_layer_units_exponent_4': 9, 'log_learning_rate': -3.3209886315557857, 'log_learning_rate_D': -1.1774684601491452, 'training_batch_size': 11, 'training_p': 4}. Best is trial 12 with value: 0.22837500274181366.
Time for this trial:  132.90441799163818
Memory status after this trial: 
Memory allocated:  130.86962890625
Memory cached:  150.0
--------------------  Trial  16   --------------------
Start timing: 
Parameters: 
{'W_layers': 4, 'W_layer_units_exponent_0': 9, 'W_layer_units_exponent_1': 6, 'W_layer_units_exponent_2': 5, 'W_layer_units_exponent_3': 9, 'D_layers': 7, 'D_layer_units_exponent_0': 7, 'D_layer_units_exponent_1': 6, 'D_layer_units_exponent_2': 9, 'D_layer_units_exponent_3': 6, 'D_layer_units_exponent_4': 8, 'D_layer_units_exponent_5': 9, 'D_layer_units_exponent_6': 10, 'log_learning_rate': -2.0908264062055126, 'log_learning_rate_D': -1.0141816668631372, 'training_batch_size': 11, 'training_p': 3}
	 epoch  0 training error:  tensor(0.9890, device='cuda:0', grad_fn=<DivBackward0>)
Memory status after this epoch: 
Memory allocated:  12.2939453125
Memory cached:  34.0
	 epoch  10 training error:  tensor(1.0000, device='cuda:0', grad_fn=<DivBackward0>)
Memory status after this epoch: 
Memory allocated:  12.2939453125
Memory cached:  36.0
	 epoch  20 training error:  tensor(1., device='cuda:0', grad_fn=<DivBackward0>)
Memory status after this epoch: 
Memory allocated:  12.2939453125
Memory cached:  36.0
	 epoch  30 training error:  tensor(1., device='cuda:0', grad_fn=<DivBackward0>)
Memory status after this epoch: 
Memory allocated:  12.2939453125
Memory cached:  36.0
	 epoch  40 training error:  tensor(1., device='cuda:0', grad_fn=<DivBackward0>)
Memory status after this epoch: 
Memory allocated:  12.2939453125
Memory cached:  36.0
	 epoch  50 training error:  tensor(1., device='cuda:0', grad_fn=<DivBackward0>)
Memory status after this epoch: 
Memory allocated:  12.2939453125
Memory cached:  36.0
	 epoch  60 training error:  tensor(1., device='cuda:0', grad_fn=<DivBackward0>)
Memory status after this epoch: 
Memory allocated:  12.2939453125
Memory cached:  36.0
	 epoch  70 training error:  tensor(1., device='cuda:0', grad_fn=<DivBackward0>)
Memory status after this epoch: 
Memory allocated:  12.2939453125
Memory cached:  36.0
	 epoch  80 training error:  tensor(1., device='cuda:0', grad_fn=<DivBackward0>)
Memory status after this epoch: 
Memory allocated:  12.2939453125
Memory cached:  36.0
	 epoch  90 training error:  tensor(1., device='cuda:0', grad_fn=<DivBackward0>)
Memory status after this epoch: 
Memory allocated:  12.2939453125
Memory cached:  36.0
[I 2023-11-01 11:37:47,566] Trial 16 finished with value: 1.0 and parameters: {'W_layers': 4, 'W_layer_units_exponent_0': 9, 'W_layer_units_exponent_1': 6, 'W_layer_units_exponent_2': 5, 'W_layer_units_exponent_3': 9, 'D_layers': 7, 'D_layer_units_exponent_0': 7, 'D_layer_units_exponent_1': 6, 'D_layer_units_exponent_2': 9, 'D_layer_units_exponent_3': 6, 'D_layer_units_exponent_4': 8, 'D_layer_units_exponent_5': 9, 'D_layer_units_exponent_6': 10, 'log_learning_rate': -2.0908264062055126, 'log_learning_rate_D': -1.0141816668631372, 'training_batch_size': 11, 'training_p': 3}. Best is trial 12 with value: 0.22837500274181366.
Time for this trial:  159.2246458530426
Memory status after this trial: 
Memory allocated:  201.955078125
Memory cached:  222.0
--------------------  Trial  17   --------------------
Start timing: 
Parameters: 
{'W_layers': 4, 'W_layer_units_exponent_0': 8, 'W_layer_units_exponent_1': 7, 'W_layer_units_exponent_2': 5, 'W_layer_units_exponent_3': 6, 'D_layers': 6, 'D_layer_units_exponent_0': 6, 'D_layer_units_exponent_1': 5, 'D_layer_units_exponent_2': 4, 'D_layer_units_exponent_3': 10, 'D_layer_units_exponent_4': 4, 'D_layer_units_exponent_5': 9, 'log_learning_rate': -3.1295345402078105, 'log_learning_rate_D': -1.5667428784246398, 'training_batch_size': 8, 'training_p': 3}
	 epoch  0 training error:  tensor(1.0931, device='cuda:0', grad_fn=<DivBackward0>)
Memory status after this epoch: 
Memory allocated:  1.3544921875
Memory cached:  10.0
	 epoch  10 training error:  tensor(0.2668, device='cuda:0', grad_fn=<DivBackward0>)
Memory status after this epoch: 
Memory allocated:  1.3544921875
Memory cached:  12.0
	 epoch  20 training error:  tensor(0.2769, device='cuda:0', grad_fn=<DivBackward0>)
Memory status after this epoch: 
Memory allocated:  1.3544921875
Memory cached:  12.0
	 epoch  30 training error:  tensor(0.2486, device='cuda:0', grad_fn=<DivBackward0>)
Memory status after this epoch: 
Memory allocated:  1.3544921875
Memory cached:  12.0
	 epoch  40 training error:  tensor(0.2502, device='cuda:0', grad_fn=<DivBackward0>)
Memory status after this epoch: 
Memory allocated:  1.3544921875
Memory cached:  12.0
	 epoch  50 training error:  tensor(0.2481, device='cuda:0', grad_fn=<DivBackward0>)
Memory status after this epoch: 
Memory allocated:  1.3544921875
Memory cached:  12.0
	 epoch  60 training error:  tensor(0.2469, device='cuda:0', grad_fn=<DivBackward0>)
Memory status after this epoch: 
Memory allocated:  1.3544921875
Memory cached:  12.0
	 epoch  70 training error:  tensor(0.2470, device='cuda:0', grad_fn=<DivBackward0>)
Memory status after this epoch: 
Memory allocated:  1.3544921875
Memory cached:  12.0
	 epoch  80 training error:  tensor(0.2470, device='cuda:0', grad_fn=<DivBackward0>)
Memory status after this epoch: 
Memory allocated:  1.3544921875
Memory cached:  12.0
	 epoch  90 training error:  tensor(0.2470, device='cuda:0', grad_fn=<DivBackward0>)
Memory status after this epoch: 
Memory allocated:  1.3544921875
Memory cached:  12.0
[I 2023-11-01 11:40:07,406] Trial 17 finished with value: 0.23012962937355042 and parameters: {'W_layers': 4, 'W_layer_units_exponent_0': 8, 'W_layer_units_exponent_1': 7, 'W_layer_units_exponent_2': 5, 'W_layer_units_exponent_3': 6, 'D_layers': 6, 'D_layer_units_exponent_0': 6, 'D_layer_units_exponent_1': 5, 'D_layer_units_exponent_2': 4, 'D_layer_units_exponent_3': 10, 'D_layer_units_exponent_4': 4, 'D_layer_units_exponent_5': 9, 'log_learning_rate': -3.1295345402078105, 'log_learning_rate_D': -1.5667428784246398, 'training_batch_size': 8, 'training_p': 3}. Best is trial 12 with value: 0.22837500274181366.
Time for this trial:  139.62730169296265
Memory status after this trial: 
Memory allocated:  115.27099609375
Memory cached:  118.0
--------------------  Trial  18   --------------------
Start timing: 
Parameters: 
{'W_layers': 6, 'W_layer_units_exponent_0': 9, 'W_layer_units_exponent_1': 5, 'W_layer_units_exponent_2': 6, 'W_layer_units_exponent_3': 8, 'W_layer_units_exponent_4': 6, 'W_layer_units_exponent_5': 6, 'D_layers': 7, 'D_layer_units_exponent_0': 8, 'D_layer_units_exponent_1': 4, 'D_layer_units_exponent_2': 7, 'D_layer_units_exponent_3': 6, 'D_layer_units_exponent_4': 8, 'D_layer_units_exponent_5': 8, 'D_layer_units_exponent_6': 10, 'log_learning_rate': -3.6190197852054715, 'log_learning_rate_D': -2.0267680537230683, 'training_batch_size': 11, 'training_p': 5}
	 epoch  0 training error:  tensor(1.0037, device='cuda:0', grad_fn=<DivBackward0>)
Memory status after this epoch: 
Memory allocated:  6.4384765625
Memory cached:  16.0
	 epoch  10 training error:  tensor(0.3490, device='cuda:0', grad_fn=<DivBackward0>)
Memory status after this epoch: 
Memory allocated:  6.4384765625
Memory cached:  18.0
	 epoch  20 training error:  tensor(0.8657, device='cuda:0', grad_fn=<DivBackward0>)
Memory status after this epoch: 
Memory allocated:  6.4384765625
Memory cached:  18.0
	 epoch  30 training error:  tensor(0.3224, device='cuda:0', grad_fn=<DivBackward0>)
Memory status after this epoch: 
Memory allocated:  6.4384765625
Memory cached:  18.0
	 epoch  40 training error:  tensor(0.2609, device='cuda:0', grad_fn=<DivBackward0>)
Memory status after this epoch: 
Memory allocated:  6.4384765625
Memory cached:  18.0
	 epoch  50 training error:  tensor(0.2616, device='cuda:0', grad_fn=<DivBackward0>)
Memory status after this epoch: 
Memory allocated:  6.4384765625
Memory cached:  18.0
	 epoch  60 training error:  tensor(0.2570, device='cuda:0', grad_fn=<DivBackward0>)
Memory status after this epoch: 
Memory allocated:  6.4384765625
Memory cached:  18.0
	 epoch  70 training error:  tensor(0.2563, device='cuda:0', grad_fn=<DivBackward0>)
Memory status after this epoch: 
Memory allocated:  6.4384765625
Memory cached:  18.0
	 epoch  80 training error:  tensor(0.2556, device='cuda:0', grad_fn=<DivBackward0>)
Memory status after this epoch: 
Memory allocated:  6.4384765625
Memory cached:  18.0
	 epoch  90 training error:  tensor(0.2557, device='cuda:0', grad_fn=<DivBackward0>)
Memory status after this epoch: 
Memory allocated:  6.4384765625
Memory cached:  18.0
