[I 2023-11-08 04:02:26,549] Trial 47 finished with value: 0.03240305930376053 and parameters: {'W_layers': 5, 'W_layer_units_exponent_0': 7, 'W_layer_units_exponent_1': 9, 'W_layer_units_exponent_2': 6, 'W_layer_units_exponent_3': 4, 'W_layer_units_exponent_4': 9, 'D_layers': 6, 'D_layer_units_exponent_0': 8, 'D_layer_units_exponent_1': 5, 'D_layer_units_exponent_2': 7, 'D_layer_units_exponent_3': 8, 'D_layer_units_exponent_4': 6, 'D_layer_units_exponent_5': 5, 'D_dagger_layers': 6, 'D_dagger_layer_units_exponent_0': 8, 'D_dagger_layer_units_exponent_1': 8, 'D_dagger_layer_units_exponent_2': 8, 'D_dagger_layer_units_exponent_3': 5, 'D_dagger_layer_units_exponent_4': 4, 'D_dagger_layer_units_exponent_5': 4, 'log_learning_rate': -3.1303749500645854, 'log_learning_rate_D': -1.911736560938783, 'log_learning_rate_D_dagger': -4.7532494548984285, 'training_batch_size': 6, 'training_p': 2}. Best is trial 31 with value: 0.013405325822532177.
Time for this trial:  397.6203935146332
Memory status after this trial: 
Memory allocated:  154.92333984375
Memory cached:  166.0
--------------------  Trial  48   --------------------
Start timing: 
Parameters: 
{'W_layers': 2, 'W_layer_units_exponent_0': 4, 'W_layer_units_exponent_1': 4, 'D_layers': 5, 'D_layer_units_exponent_0': 10, 'D_layer_units_exponent_1': 6, 'D_layer_units_exponent_2': 5, 'D_layer_units_exponent_3': 7, 'D_layer_units_exponent_4': 5, 'D_dagger_layers': 2, 'D_dagger_layer_units_exponent_0': 6, 'D_dagger_layer_units_exponent_1': 9, 'log_learning_rate': -3.8392963006049525, 'log_learning_rate_D': -2.191850394919552, 'log_learning_rate_D_dagger': -4.31257516825222, 'training_batch_size': 12, 'training_p': 6}
	 epoch  0 training error:  tensor(1.3836, device='cuda:0', grad_fn=<DivBackward0>)
Memory status after this epoch: 
Memory allocated:  1.96142578125
Memory cached:  110.0
	 epoch  10 training error:  tensor(0.9931, device='cuda:0', grad_fn=<DivBackward0>)
Memory status after this epoch: 
Memory allocated:  1.96142578125
Memory cached:  174.0
	 epoch  20 training error:  tensor(0.6331, device='cuda:0', grad_fn=<DivBackward0>)
Memory status after this epoch: 
Memory allocated:  1.96142578125
Memory cached:  176.0
	 epoch  30 training error:  tensor(0.2867, device='cuda:0', grad_fn=<DivBackward0>)
Memory status after this epoch: 
Memory allocated:  1.96142578125
Memory cached:  180.0
	 epoch  40 training error:  tensor(0.0905, device='cuda:0', grad_fn=<DivBackward0>)
Memory status after this epoch: 
Memory allocated:  1.96142578125
Memory cached:  168.0
	 epoch  50 training error:  tensor(0.0875, device='cuda:0', grad_fn=<DivBackward0>)
Memory status after this epoch: 
Memory allocated:  1.96142578125
Memory cached:  180.0
	 epoch  60 training error:  tensor(0.0465, device='cuda:0', grad_fn=<DivBackward0>)
Memory status after this epoch: 
Memory allocated:  1.96142578125
Memory cached:  168.0
	 epoch  70 training error:  tensor(0.0259, device='cuda:0', grad_fn=<DivBackward0>)
Memory status after this epoch: 
Memory allocated:  1.96142578125
Memory cached:  178.0
	 epoch  80 training error:  tensor(0.0266, device='cuda:0', grad_fn=<DivBackward0>)
Memory status after this epoch: 
Memory allocated:  1.96142578125
Memory cached:  178.0
	 epoch  90 training error:  tensor(0.0255, device='cuda:0', grad_fn=<DivBackward0>)
Memory status after this epoch: 
Memory allocated:  1.96142578125
Memory cached:  174.0
[I 2023-11-08 04:04:58,832] Trial 48 finished with value: 0.016764147207140923 and parameters: {'W_layers': 2, 'W_layer_units_exponent_0': 4, 'W_layer_units_exponent_1': 4, 'D_layers': 5, 'D_layer_units_exponent_0': 10, 'D_layer_units_exponent_1': 6, 'D_layer_units_exponent_2': 5, 'D_layer_units_exponent_3': 7, 'D_layer_units_exponent_4': 5, 'D_dagger_layers': 2, 'D_dagger_layer_units_exponent_0': 6, 'D_dagger_layer_units_exponent_1': 9, 'log_learning_rate': -3.8392963006049525, 'log_learning_rate_D': -2.191850394919552, 'log_learning_rate_D_dagger': -4.31257516825222, 'training_batch_size': 12, 'training_p': 6}. Best is trial 31 with value: 0.013405325822532177.
Time for this trial:  152.02516841888428
Memory status after this trial: 
Memory allocated:  102.50244140625
Memory cached:  130.0
--------------------  Trial  49   --------------------
Start timing: 
Parameters: 
{'W_layers': 3, 'W_layer_units_exponent_0': 8, 'W_layer_units_exponent_1': 5, 'W_layer_units_exponent_2': 5, 'D_layers': 4, 'D_layer_units_exponent_0': 6, 'D_layer_units_exponent_1': 5, 'D_layer_units_exponent_2': 6, 'D_layer_units_exponent_3': 6, 'D_dagger_layers': 3, 'D_dagger_layer_units_exponent_0': 9, 'D_dagger_layer_units_exponent_1': 7, 'D_dagger_layer_units_exponent_2': 10, 'log_learning_rate': -2.868291480370253, 'log_learning_rate_D': -1.29905639533705, 'log_learning_rate_D_dagger': -4.782468865846318, 'training_batch_size': 11, 'training_p': 3}
	 epoch  0 training error:  tensor(0.9614, device='cuda:0', grad_fn=<DivBackward0>)
Memory status after this epoch: 
Memory allocated:  3.49853515625
Memory cached:  118.0
	 epoch  10 training error:  tensor(0.0612, device='cuda:0', grad_fn=<DivBackward0>)
Memory status after this epoch: 
Memory allocated:  3.49853515625
Memory cached:  192.0
	 epoch  20 training error:  tensor(0.0320, device='cuda:0', grad_fn=<DivBackward0>)
Memory status after this epoch: 
Memory allocated:  3.49853515625
Memory cached:  184.0
	 epoch  30 training error:  tensor(0.0185, device='cuda:0', grad_fn=<DivBackward0>)
Memory status after this epoch: 
Memory allocated:  3.49853515625
Memory cached:  186.0
	 epoch  40 training error:  tensor(0.0245, device='cuda:0', grad_fn=<DivBackward0>)
Memory status after this epoch: 
Memory allocated:  3.49853515625
Memory cached:  190.0
	 epoch  50 training error:  tensor(0.0187, device='cuda:0', grad_fn=<DivBackward0>)
Memory status after this epoch: 
Memory allocated:  3.49853515625
Memory cached:  194.0
	 epoch  60 training error:  tensor(0.0189, device='cuda:0', grad_fn=<DivBackward0>)
Memory status after this epoch: 
Memory allocated:  3.49853515625
Memory cached:  190.0
	 epoch  70 training error:  tensor(0.0178, device='cuda:0', grad_fn=<DivBackward0>)
Memory status after this epoch: 
Memory allocated:  3.49853515625
Memory cached:  180.0
	 epoch  80 training error:  tensor(0.0178, device='cuda:0', grad_fn=<DivBackward0>)
Memory status after this epoch: 
Memory allocated:  3.49853515625
Memory cached:  182.0
	 epoch  90 training error:  tensor(0.0178, device='cuda:0', grad_fn=<DivBackward0>)
Memory status after this epoch: 
Memory allocated:  3.49853515625
Memory cached:  184.0
[I 2023-11-08 04:07:41,877] Trial 49 finished with value: 0.014102965593338013 and parameters: {'W_layers': 3, 'W_layer_units_exponent_0': 8, 'W_layer_units_exponent_1': 5, 'W_layer_units_exponent_2': 5, 'D_layers': 4, 'D_layer_units_exponent_0': 6, 'D_layer_units_exponent_1': 5, 'D_layer_units_exponent_2': 6, 'D_layer_units_exponent_3': 6, 'D_dagger_layers': 3, 'D_dagger_layer_units_exponent_0': 9, 'D_dagger_layer_units_exponent_1': 7, 'D_dagger_layer_units_exponent_2': 10, 'log_learning_rate': -2.868291480370253, 'log_learning_rate_D': -1.29905639533705, 'log_learning_rate_D_dagger': -4.782468865846318, 'training_batch_size': 11, 'training_p': 3}. Best is trial 31 with value: 0.013405325822532177.
Time for this trial:  162.78619623184204
Memory status after this trial: 
Memory allocated:  120.5830078125
Memory cached:  136.0
