[I 2023-11-06 22:56:05,552] Trial 31 finished with value: 0.035807814449071884 and parameters: {'W_layers': 3, 'W_layer_units_exponent_0': 5, 'W_layer_units_exponent_1': 9, 'W_layer_units_exponent_2': 7, 'D_layers': 2, 'D_layer_units_exponent_0': 5, 'D_layer_units_exponent_1': 8, 'D_dagger_layers': 4, 'D_dagger_layer_units_exponent_0': 9, 'D_dagger_layer_units_exponent_1': 7, 'D_dagger_layer_units_exponent_2': 7, 'D_dagger_layer_units_exponent_3': 7, 'log_learning_rate': -4.384796366897196, 'log_learning_rate_D': -3.247775467703724, 'log_learning_rate_D_dagger': -4.174122134925419, 'training_batch_size': 12, 'training_p': 8}. Best is trial 29 with value: 0.02630939893424511.
Time for this trial:  145.92031288146973
Memory status after this trial: 
Memory allocated:  101.52734375
Memory cached:  122.0
--------------------  Trial  32   --------------------
Start timing: 
Parameters: 
{'W_layers': 2, 'W_layer_units_exponent_0': 6, 'W_layer_units_exponent_1': 9, 'D_layers': 3, 'D_layer_units_exponent_0': 5, 'D_layer_units_exponent_1': 7, 'D_layer_units_exponent_2': 10, 'D_dagger_layers': 3, 'D_dagger_layer_units_exponent_0': 9, 'D_dagger_layer_units_exponent_1': 6, 'D_dagger_layer_units_exponent_2': 6, 'log_learning_rate': -4.766017242253726, 'log_learning_rate_D': -3.3793413135875663, 'log_learning_rate_D_dagger': -4.538583766180173, 'training_batch_size': 12, 'training_p': 7}
	 epoch  0 training error:  tensor(1.3949, device='cuda:0', grad_fn=<DivBackward0>)
Memory status after this epoch: 
Memory allocated:  3.33447265625
Memory cached:  110.0
	 epoch  10 training error:  tensor(0.6419, device='cuda:0', grad_fn=<DivBackward0>)
Memory status after this epoch: 
Memory allocated:  3.33447265625
Memory cached:  182.0
	 epoch  20 training error:  tensor(0.1285, device='cuda:0', grad_fn=<DivBackward0>)
Memory status after this epoch: 
Memory allocated:  3.33447265625
Memory cached:  184.0
	 epoch  30 training error:  tensor(0.1075, device='cuda:0', grad_fn=<DivBackward0>)
Memory status after this epoch: 
Memory allocated:  3.33447265625
Memory cached:  188.0
	 epoch  40 training error:  tensor(0.0783, device='cuda:0', grad_fn=<DivBackward0>)
Memory status after this epoch: 
Memory allocated:  3.33447265625
Memory cached:  180.0
	 epoch  50 training error:  tensor(0.0484, device='cuda:0', grad_fn=<DivBackward0>)
Memory status after this epoch: 
Memory allocated:  3.33447265625
Memory cached:  188.0
	 epoch  60 training error:  tensor(0.0510, device='cuda:0', grad_fn=<DivBackward0>)
Memory status after this epoch: 
Memory allocated:  3.33447265625
Memory cached:  188.0
	 epoch  70 training error:  tensor(0.0471, device='cuda:0', grad_fn=<DivBackward0>)
Memory status after this epoch: 
Memory allocated:  3.33447265625
Memory cached:  192.0
	 epoch  80 training error:  tensor(0.0447, device='cuda:0', grad_fn=<DivBackward0>)
Memory status after this epoch: 
Memory allocated:  3.33447265625
Memory cached:  192.0
	 epoch  90 training error:  tensor(0.0430, device='cuda:0', grad_fn=<DivBackward0>)
Memory status after this epoch: 
Memory allocated:  3.33447265625
Memory cached:  188.0
[I 2023-11-06 22:58:26,881] Trial 32 finished with value: 0.036247774958610535 and parameters: {'W_layers': 2, 'W_layer_units_exponent_0': 6, 'W_layer_units_exponent_1': 9, 'D_layers': 3, 'D_layer_units_exponent_0': 5, 'D_layer_units_exponent_1': 7, 'D_layer_units_exponent_2': 10, 'D_dagger_layers': 3, 'D_dagger_layer_units_exponent_0': 9, 'D_dagger_layer_units_exponent_1': 6, 'D_dagger_layer_units_exponent_2': 6, 'log_learning_rate': -4.766017242253726, 'log_learning_rate_D': -3.3793413135875663, 'log_learning_rate_D_dagger': -4.538583766180173, 'training_batch_size': 12, 'training_p': 7}. Best is trial 29 with value: 0.02630939893424511.
Time for this trial:  141.10682082176208
Memory status after this trial: 
Memory allocated:  130.2421875
Memory cached:  136.0
--------------------  Trial  33   --------------------
Start timing: 
Parameters: 
{'W_layers': 3, 'W_layer_units_exponent_0': 5, 'W_layer_units_exponent_1': 10, 'W_layer_units_exponent_2': 8, 'D_layers': 2, 'D_layer_units_exponent_0': 5, 'D_layer_units_exponent_1': 9, 'D_dagger_layers': 4, 'D_dagger_layer_units_exponent_0': 8, 'D_dagger_layer_units_exponent_1': 7, 'D_dagger_layer_units_exponent_2': 7, 'D_dagger_layer_units_exponent_3': 7, 'log_learning_rate': -4.287640017396845, 'log_learning_rate_D': -3.093563021091206, 'log_learning_rate_D_dagger': -4.323503189580485, 'training_batch_size': 12, 'training_p': 8}
	 epoch  0 training error:  tensor(1.0885, device='cuda:0', grad_fn=<DivBackward0>)
Memory status after this epoch: 
Memory allocated:  5.93994140625
Memory cached:  108.0
	 epoch  10 training error:  tensor(0.3204, device='cuda:0', grad_fn=<DivBackward0>)
Memory status after this epoch: 
Memory allocated:  5.93994140625
Memory cached:  194.0
	 epoch  20 training error:  tensor(0.0848, device='cuda:0', grad_fn=<DivBackward0>)
Memory status after this epoch: 
Memory allocated:  5.93994140625
Memory cached:  186.0
	 epoch  30 training error:  tensor(0.0702, device='cuda:0', grad_fn=<DivBackward0>)
Memory status after this epoch: 
Memory allocated:  5.93994140625
Memory cached:  194.0
	 epoch  40 training error:  tensor(0.0791, device='cuda:0', grad_fn=<DivBackward0>)
Memory status after this epoch: 
Memory allocated:  5.93994140625
Memory cached:  198.0
	 epoch  50 training error:  tensor(0.0635, device='cuda:0', grad_fn=<DivBackward0>)
Memory status after this epoch: 
Memory allocated:  5.93994140625
Memory cached:  190.0
	 epoch  60 training error:  tensor(0.0541, device='cuda:0', grad_fn=<DivBackward0>)
Memory status after this epoch: 
Memory allocated:  5.93994140625
Memory cached:  178.0
	 epoch  70 training error:  tensor(0.0521, device='cuda:0', grad_fn=<DivBackward0>)
Memory status after this epoch: 
Memory allocated:  5.93994140625
Memory cached:  184.0
	 epoch  80 training error:  tensor(0.0497, device='cuda:0', grad_fn=<DivBackward0>)
Memory status after this epoch: 
Memory allocated:  5.93994140625
Memory cached:  190.0
	 epoch  90 training error:  tensor(0.0485, device='cuda:0', grad_fn=<DivBackward0>)
Memory status after this epoch: 
Memory allocated:  5.93994140625
Memory cached:  182.0
[I 2023-11-06 23:00:56,178] Trial 33 finished with value: 0.04094327986240387 and parameters: {'W_layers': 3, 'W_layer_units_exponent_0': 5, 'W_layer_units_exponent_1': 10, 'W_layer_units_exponent_2': 8, 'D_layers': 2, 'D_layer_units_exponent_0': 5, 'D_layer_units_exponent_1': 9, 'D_dagger_layers': 4, 'D_dagger_layer_units_exponent_0': 8, 'D_dagger_layer_units_exponent_1': 7, 'D_dagger_layer_units_exponent_2': 7, 'D_dagger_layer_units_exponent_3': 7, 'log_learning_rate': -4.287640017396845, 'log_learning_rate_D': -3.093563021091206, 'log_learning_rate_D_dagger': -4.323503189580485, 'training_batch_size': 12, 'training_p': 8}. Best is trial 29 with value: 0.02630939893424511.
Time for this trial:  149.04464983940125
Memory status after this trial: 
Memory allocated:  137.013671875
Memory cached:  142.0
--------------------  Trial  34   --------------------
Start timing: 
Parameters: 
{'W_layers': 4, 'W_layer_units_exponent_0': 4, 'W_layer_units_exponent_1': 8, 'W_layer_units_exponent_2': 9, 'W_layer_units_exponent_3': 9, 'D_layers': 3, 'D_layer_units_exponent_0': 4, 'D_layer_units_exponent_1': 8, 'D_layer_units_exponent_2': 10, 'D_dagger_layers': 3, 'D_dagger_layer_units_exponent_0': 10, 'D_dagger_layer_units_exponent_1': 8, 'D_dagger_layer_units_exponent_2': 4, 'log_learning_rate': -4.024011082896084, 'log_learning_rate_D': -2.898488556948055, 'log_learning_rate_D_dagger': -4.715800979501743, 'training_batch_size': 11, 'training_p': 7}
	 epoch  0 training error:  tensor(0.9882, device='cuda:0', grad_fn=<DivBackward0>)
Memory status after this epoch: 
Memory allocated:  14.42041015625
Memory cached:  120.0
	 epoch  10 training error:  tensor(0.2138, device='cuda:0', grad_fn=<DivBackward0>)
Memory status after this epoch: 
Memory allocated:  14.42041015625
Memory cached:  226.0
	 epoch  20 training error:  tensor(0.0958, device='cuda:0', grad_fn=<DivBackward0>)
Memory status after this epoch: 
Memory allocated:  14.42041015625
Memory cached:  246.0
	 epoch  30 training error:  tensor(0.0891, device='cuda:0', grad_fn=<DivBackward0>)
Memory status after this epoch: 
Memory allocated:  14.42041015625
Memory cached:  232.0
	 epoch  40 training error:  tensor(0.0789, device='cuda:0', grad_fn=<DivBackward0>)
Memory status after this epoch: 
Memory allocated:  14.42041015625
Memory cached:  244.0
	 epoch  50 training error:  tensor(0.0757, device='cuda:0', grad_fn=<DivBackward0>)
Memory status after this epoch: 
Memory allocated:  14.42041015625
Memory cached:  230.0
	 epoch  60 training error:  tensor(0.0586, device='cuda:0', grad_fn=<DivBackward0>)
Memory status after this epoch: 
Memory allocated:  14.42041015625
Memory cached:  226.0
	 epoch  70 training error:  tensor(0.0455, device='cuda:0', grad_fn=<DivBackward0>)
Memory status after this epoch: 
Memory allocated:  14.42041015625
Memory cached:  230.0
	 epoch  80 training error:  tensor(0.0460, device='cuda:0', grad_fn=<DivBackward0>)
Memory status after this epoch: 
Memory allocated:  14.42041015625
Memory cached:  244.0
	 epoch  90 training error:  tensor(0.0492, device='cuda:0', grad_fn=<DivBackward0>)
Memory status after this epoch: 
Memory allocated:  14.42041015625
Memory cached:  236.0
[I 2023-11-06 23:03:43,625] Trial 34 finished with value: 0.034931015223264694 and parameters: {'W_layers': 4, 'W_layer_units_exponent_0': 4, 'W_layer_units_exponent_1': 8, 'W_layer_units_exponent_2': 9, 'W_layer_units_exponent_3': 9, 'D_layers': 3, 'D_layer_units_exponent_0': 4, 'D_layer_units_exponent_1': 8, 'D_layer_units_exponent_2': 10, 'D_dagger_layers': 3, 'D_dagger_layer_units_exponent_0': 10, 'D_dagger_layer_units_exponent_1': 8, 'D_dagger_layer_units_exponent_2': 4, 'log_learning_rate': -4.024011082896084, 'log_learning_rate_D': -2.898488556948055, 'log_learning_rate_D_dagger': -4.715800979501743, 'training_batch_size': 11, 'training_p': 7}. Best is trial 29 with value: 0.02630939893424511.
Time for this trial:  167.18507933616638
Memory status after this trial: 
Memory allocated:  215.7041015625
Memory cached:  224.0
--------------------  Trial  35   --------------------
Start timing: 
Parameters: 
{'W_layers': 3, 'W_layer_units_exponent_0': 7, 'W_layer_units_exponent_1': 10, 'W_layer_units_exponent_2': 7, 'D_layers': 2, 'D_layer_units_exponent_0': 5, 'D_layer_units_exponent_1': 9, 'D_dagger_layers': 4, 'D_dagger_layer_units_exponent_0': 9, 'D_dagger_layer_units_exponent_1': 6, 'D_dagger_layer_units_exponent_2': 5, 'D_dagger_layer_units_exponent_3': 6, 'log_learning_rate': -4.42632033553327, 'log_learning_rate_D': -3.703322744094064, 'log_learning_rate_D_dagger': -3.826840547674897, 'training_batch_size': 12, 'training_p': 8}
	 epoch  0 training error:  tensor(1.0687, device='cuda:0', grad_fn=<DivBackward0>)
Memory status after this epoch: 
Memory allocated:  5.01806640625
Memory cached:  122.0
	 epoch  10 training error:  tensor(0.0982, device='cuda:0', grad_fn=<DivBackward0>)
Memory status after this epoch: 
Memory allocated:  5.01806640625
Memory cached:  214.0
	 epoch  20 training error:  tensor(0.1611, device='cuda:0', grad_fn=<DivBackward0>)
Memory status after this epoch: 
Memory allocated:  5.01806640625
Memory cached:  192.0
	 epoch  30 training error:  tensor(0.1017, device='cuda:0', grad_fn=<DivBackward0>)
Memory status after this epoch: 
Memory allocated:  5.01806640625
Memory cached:  196.0
	 epoch  40 training error:  tensor(0.0726, device='cuda:0', grad_fn=<DivBackward0>)
Memory status after this epoch: 
Memory allocated:  5.01806640625
Memory cached:  184.0
	 epoch  50 training error:  tensor(0.0586, device='cuda:0', grad_fn=<DivBackward0>)
Memory status after this epoch: 
Memory allocated:  5.01806640625
Memory cached:  188.0
	 epoch  60 training error:  tensor(0.0523, device='cuda:0', grad_fn=<DivBackward0>)
Memory status after this epoch: 
Memory allocated:  5.01806640625
Memory cached:  198.0
	 epoch  70 training error:  tensor(0.0493, device='cuda:0', grad_fn=<DivBackward0>)
Memory status after this epoch: 
Memory allocated:  5.01806640625
Memory cached:  200.0
	 epoch  80 training error:  tensor(0.0459, device='cuda:0', grad_fn=<DivBackward0>)
Memory status after this epoch: 
Memory allocated:  5.01806640625
Memory cached:  194.0
	 epoch  90 training error:  tensor(0.0422, device='cuda:0', grad_fn=<DivBackward0>)
Memory status after this epoch: 
Memory allocated:  5.01806640625
Memory cached:  204.0
[I 2023-11-06 23:06:12,418] Trial 35 finished with value: 0.032641541212797165 and parameters: {'W_layers': 3, 'W_layer_units_exponent_0': 7, 'W_layer_units_exponent_1': 10, 'W_layer_units_exponent_2': 7, 'D_layers': 2, 'D_layer_units_exponent_0': 5, 'D_layer_units_exponent_1': 9, 'D_dagger_layers': 4, 'D_dagger_layer_units_exponent_0': 9, 'D_dagger_layer_units_exponent_1': 6, 'D_dagger_layer_units_exponent_2': 5, 'D_dagger_layer_units_exponent_3': 6, 'log_learning_rate': -4.42632033553327, 'log_learning_rate_D': -3.703322744094064, 'log_learning_rate_D_dagger': -3.826840547674897, 'training_batch_size': 12, 'training_p': 8}. Best is trial 29 with value: 0.02630939893424511.
Time for this trial:  148.53857254981995
Memory status after this trial: 
Memory allocated:  136.552734375
Memory cached:  154.0
--------------------  Trial  36   --------------------
Start timing: 
Parameters: 
{'W_layers': 2, 'W_layer_units_exponent_0': 8, 'W_layer_units_exponent_1': 10, 'D_layers': 4, 'D_layer_units_exponent_0': 9, 'D_layer_units_exponent_1': 9, 'D_layer_units_exponent_2': 9, 'D_layer_units_exponent_3': 9, 'D_dagger_layers': 3, 'D_dagger_layer_units_exponent_0': 8, 'D_dagger_layer_units_exponent_1': 6, 'D_dagger_layer_units_exponent_2': 5, 'log_learning_rate': -4.635703260341103, 'log_learning_rate_D': -3.713234571903552, 'log_learning_rate_D_dagger': -3.7758623193316305, 'training_batch_size': 11, 'training_p': 7}
	 epoch  0 training error:  tensor(0.4956, device='cuda:0', grad_fn=<DivBackward0>)
Memory status after this epoch: 
Memory allocated:  16.58837890625
Memory cached:  118.0
	 epoch  10 training error:  tensor(0.0710, device='cuda:0', grad_fn=<DivBackward0>)
Memory status after this epoch: 
Memory allocated:  16.58837890625
Memory cached:  222.0
	 epoch  20 training error:  tensor(0.0506, device='cuda:0', grad_fn=<DivBackward0>)
Memory status after this epoch: 
Memory allocated:  16.58837890625
Memory cached:  214.0
	 epoch  30 training error:  tensor(0.0539, device='cuda:0', grad_fn=<DivBackward0>)
Memory status after this epoch: 
Memory allocated:  16.58837890625
Memory cached:  212.0
	 epoch  40 training error:  tensor(0.0468, device='cuda:0', grad_fn=<DivBackward0>)
Memory status after this epoch: 
Memory allocated:  16.58837890625
Memory cached:  202.0
	 epoch  50 training error:  tensor(0.0429, device='cuda:0', grad_fn=<DivBackward0>)
Memory status after this epoch: 
Memory allocated:  16.58837890625
Memory cached:  202.0
	 epoch  60 training error:  tensor(0.0402, device='cuda:0', grad_fn=<DivBackward0>)
Memory status after this epoch: 
Memory allocated:  16.58837890625
Memory cached:  206.0
	 epoch  70 training error:  tensor(0.0378, device='cuda:0', grad_fn=<DivBackward0>)
Memory status after this epoch: 
Memory allocated:  16.58837890625
Memory cached:  194.0
	 epoch  80 training error:  tensor(0.0371, device='cuda:0', grad_fn=<DivBackward0>)
Memory status after this epoch: 
Memory allocated:  16.58837890625
Memory cached:  210.0
	 epoch  90 training error:  tensor(0.0335, device='cuda:0', grad_fn=<DivBackward0>)
Memory status after this epoch: 
Memory allocated:  16.58837890625
Memory cached:  198.0
[I 2023-11-06 23:08:51,331] Trial 36 finished with value: 0.029469644650816917 and parameters: {'W_layers': 2, 'W_layer_units_exponent_0': 8, 'W_layer_units_exponent_1': 10, 'D_layers': 4, 'D_layer_units_exponent_0': 9, 'D_layer_units_exponent_1': 9, 'D_layer_units_exponent_2': 9, 'D_layer_units_exponent_3': 9, 'D_dagger_layers': 3, 'D_dagger_layer_units_exponent_0': 8, 'D_dagger_layer_units_exponent_1': 6, 'D_dagger_layer_units_exponent_2': 5, 'log_learning_rate': -4.635703260341103, 'log_learning_rate_D': -3.713234571903552, 'log_learning_rate_D_dagger': -3.7758623193316305, 'training_batch_size': 11, 'training_p': 7}. Best is trial 29 with value: 0.02630939893424511.
Time for this trial:  158.67396354675293
Memory status after this trial: 
Memory allocated:  204.76708984375
Memory cached:  214.0
--------------------  Trial  37   --------------------
Start timing: 
Parameters: 
{'W_layers': 2, 'W_layer_units_exponent_0': 8, 'W_layer_units_exponent_1': 10, 'D_layers': 5, 'D_layer_units_exponent_0': 6, 'D_layer_units_exponent_1': 9, 'D_layer_units_exponent_2': 9, 'D_layer_units_exponent_3': 9, 'D_layer_units_exponent_4': 9, 'D_dagger_layers': 2, 'D_dagger_layer_units_exponent_0': 8, 'D_dagger_layer_units_exponent_1': 6, 'log_learning_rate': -4.752736772217045, 'log_learning_rate_D': -2.617491909832048, 'log_learning_rate_D_dagger': -3.7962701560891814, 'training_batch_size': 11, 'training_p': 7}
	 epoch  0 training error:  tensor(0.1439, device='cuda:0', grad_fn=<DivBackward0>)
Memory status after this epoch: 
Memory allocated:  17.00244140625
Memory cached:  112.0
	 epoch  10 training error:  tensor(0.1615, device='cuda:0', grad_fn=<DivBackward0>)
Memory status after this epoch: 
Memory allocated:  17.00244140625
Memory cached:  184.0
	 epoch  20 training error:  tensor(0.0830, device='cuda:0', grad_fn=<DivBackward0>)
Memory status after this epoch: 
Memory allocated:  17.00244140625
Memory cached:  194.0
	 epoch  30 training error:  tensor(0.0784, device='cuda:0', grad_fn=<DivBackward0>)
Memory status after this epoch: 
Memory allocated:  17.00244140625
Memory cached:  198.0
	 epoch  40 training error:  tensor(0.0786, device='cuda:0', grad_fn=<DivBackward0>)
Memory status after this epoch: 
Memory allocated:  17.00244140625
Memory cached:  192.0
	 epoch  50 training error:  tensor(0.0743, device='cuda:0', grad_fn=<DivBackward0>)
Memory status after this epoch: 
Memory allocated:  17.00244140625
Memory cached:  200.0
	 epoch  60 training error:  tensor(0.0742, device='cuda:0', grad_fn=<DivBackward0>)
Memory status after this epoch: 
Memory allocated:  17.00244140625
Memory cached:  192.0
	 epoch  70 training error:  tensor(0.0730, device='cuda:0', grad_fn=<DivBackward0>)
Memory status after this epoch: 
Memory allocated:  17.00244140625
Memory cached:  194.0
	 epoch  80 training error:  tensor(0.0721, device='cuda:0', grad_fn=<DivBackward0>)
Memory status after this epoch: 
Memory allocated:  17.00244140625
Memory cached:  192.0
	 epoch  90 training error:  tensor(0.0714, device='cuda:0', grad_fn=<DivBackward0>)
Memory status after this epoch: 
Memory allocated:  17.00244140625
Memory cached:  190.0
