[I 2023-11-08 00:33:07,725] Trial 31 finished with value: 0.016380496323108673 and parameters: {'W_layers': 5, 'W_layer_units_exponent_0': 4, 'W_layer_units_exponent_1': 6, 'W_layer_units_exponent_2': 6, 'W_layer_units_exponent_3': 9, 'W_layer_units_exponent_4': 7, 'D_layers': 7, 'D_layer_units_exponent_0': 8, 'D_layer_units_exponent_1': 10, 'D_layer_units_exponent_2': 6, 'D_layer_units_exponent_3': 6, 'D_layer_units_exponent_4': 6, 'D_layer_units_exponent_5': 8, 'D_layer_units_exponent_6': 4, 'D_dagger_layers': 2, 'D_dagger_layer_units_exponent_0': 6, 'D_dagger_layer_units_exponent_1': 9, 'log_learning_rate': -3.7438979617142403, 'log_learning_rate_D': -2.1578969718514136, 'log_learning_rate_D_dagger': -3.6791561501805097, 'training_batch_size': 10, 'training_p': 2}. Best is trial 29 with value: 0.013727500103414059.
Time for this trial:  189.89772486686707
Memory status after this trial: 
Memory allocated:  169.9765625
Memory cached:  182.0
--------------------  Trial  32   --------------------
Start timing: 
Parameters: 
{'W_layers': 4, 'W_layer_units_exponent_0': 5, 'W_layer_units_exponent_1': 6, 'W_layer_units_exponent_2': 7, 'W_layer_units_exponent_3': 7, 'D_layers': 7, 'D_layer_units_exponent_0': 7, 'D_layer_units_exponent_1': 9, 'D_layer_units_exponent_2': 5, 'D_layer_units_exponent_3': 5, 'D_layer_units_exponent_4': 5, 'D_layer_units_exponent_5': 7, 'D_layer_units_exponent_6': 6, 'D_dagger_layers': 2, 'D_dagger_layer_units_exponent_0': 5, 'D_dagger_layer_units_exponent_1': 8, 'log_learning_rate': -3.3700414345637997, 'log_learning_rate_D': -1.939126810672976, 'log_learning_rate_D_dagger': -3.9430379042650467, 'training_batch_size': 10, 'training_p': 3}
	 epoch  0 training error:  tensor(0.8466, device='cuda:0', grad_fn=<DivBackward0>)
Memory status after this epoch: 
Memory allocated:  2.17431640625
Memory cached:  112.0
	 epoch  10 training error:  tensor(0.1299, device='cuda:0', grad_fn=<DivBackward0>)
Memory status after this epoch: 
Memory allocated:  2.17431640625
Memory cached:  168.0
	 epoch  20 training error:  tensor(0.0517, device='cuda:0', grad_fn=<DivBackward0>)
Memory status after this epoch: 
Memory allocated:  2.17431640625
Memory cached:  168.0
	 epoch  30 training error:  tensor(0.0243, device='cuda:0', grad_fn=<DivBackward0>)
Memory status after this epoch: 
Memory allocated:  2.17431640625
Memory cached:  172.0
	 epoch  40 training error:  tensor(0.0182, device='cuda:0', grad_fn=<DivBackward0>)
Memory status after this epoch: 
Memory allocated:  2.17431640625
Memory cached:  158.0
	 epoch  50 training error:  tensor(0.0182, device='cuda:0', grad_fn=<DivBackward0>)
Memory status after this epoch: 
Memory allocated:  2.17431640625
Memory cached:  162.0
	 epoch  60 training error:  tensor(0.0178, device='cuda:0', grad_fn=<DivBackward0>)
Memory status after this epoch: 
Memory allocated:  2.17431640625
Memory cached:  162.0
	 epoch  70 training error:  tensor(0.0176, device='cuda:0', grad_fn=<DivBackward0>)
Memory status after this epoch: 
Memory allocated:  2.17431640625
Memory cached:  164.0
	 epoch  80 training error:  tensor(0.0174, device='cuda:0', grad_fn=<DivBackward0>)
Memory status after this epoch: 
Memory allocated:  2.17431640625
Memory cached:  162.0
	 epoch  90 training error:  tensor(0.0174, device='cuda:0', grad_fn=<DivBackward0>)
Memory status after this epoch: 
Memory allocated:  2.17431640625
Memory cached:  160.0
[I 2023-11-08 00:36:00,712] Trial 32 finished with value: 0.0136556476354599 and parameters: {'W_layers': 4, 'W_layer_units_exponent_0': 5, 'W_layer_units_exponent_1': 6, 'W_layer_units_exponent_2': 7, 'W_layer_units_exponent_3': 7, 'D_layers': 7, 'D_layer_units_exponent_0': 7, 'D_layer_units_exponent_1': 9, 'D_layer_units_exponent_2': 5, 'D_layer_units_exponent_3': 5, 'D_layer_units_exponent_4': 5, 'D_layer_units_exponent_5': 7, 'D_layer_units_exponent_6': 6, 'D_dagger_layers': 2, 'D_dagger_layer_units_exponent_0': 5, 'D_dagger_layer_units_exponent_1': 8, 'log_learning_rate': -3.3700414345637997, 'log_learning_rate_D': -1.939126810672976, 'log_learning_rate_D_dagger': -3.9430379042650467, 'training_batch_size': 10, 'training_p': 3}. Best is trial 32 with value: 0.0136556476354599.
Time for this trial:  172.7153594493866
Memory status after this trial: 
Memory allocated:  85.2666015625
Memory cached:  124.0
--------------------  Trial  33   --------------------
Start timing: 
Parameters: 
{'W_layers': 4, 'W_layer_units_exponent_0': 4, 'W_layer_units_exponent_1': 5, 'W_layer_units_exponent_2': 7, 'W_layer_units_exponent_3': 9, 'D_layers': 7, 'D_layer_units_exponent_0': 7, 'D_layer_units_exponent_1': 9, 'D_layer_units_exponent_2': 5, 'D_layer_units_exponent_3': 5, 'D_layer_units_exponent_4': 5, 'D_layer_units_exponent_5': 7, 'D_layer_units_exponent_6': 6, 'D_dagger_layers': 2, 'D_dagger_layer_units_exponent_0': 5, 'D_dagger_layer_units_exponent_1': 8, 'log_learning_rate': -4.266337195321195, 'log_learning_rate_D': -1.9914444540129175, 'log_learning_rate_D_dagger': -4.017787312407868, 'training_batch_size': 12, 'training_p': 3}
	 epoch  0 training error:  tensor(1.0107, device='cuda:0', grad_fn=<DivBackward0>)
Memory status after this epoch: 
Memory allocated:  2.84814453125
Memory cached:  102.0
	 epoch  10 training error:  tensor(0.6441, device='cuda:0', grad_fn=<DivBackward0>)
Memory status after this epoch: 
Memory allocated:  2.84814453125
Memory cached:  170.0
	 epoch  20 training error:  tensor(0.2496, device='cuda:0', grad_fn=<DivBackward0>)
Memory status after this epoch: 
Memory allocated:  2.84814453125
Memory cached:  186.0
	 epoch  30 training error:  tensor(0.0869, device='cuda:0', grad_fn=<DivBackward0>)
Memory status after this epoch: 
Memory allocated:  2.84814453125
Memory cached:  186.0
	 epoch  40 training error:  tensor(0.0824, device='cuda:0', grad_fn=<DivBackward0>)
Memory status after this epoch: 
Memory allocated:  2.84814453125
Memory cached:  186.0
	 epoch  50 training error:  tensor(0.0282, device='cuda:0', grad_fn=<DivBackward0>)
Memory status after this epoch: 
Memory allocated:  2.84814453125
Memory cached:  186.0
	 epoch  60 training error:  tensor(0.0197, device='cuda:0', grad_fn=<DivBackward0>)
Memory status after this epoch: 
Memory allocated:  2.84814453125
Memory cached:  184.0
	 epoch  70 training error:  tensor(0.0192, device='cuda:0', grad_fn=<DivBackward0>)
Memory status after this epoch: 
Memory allocated:  2.84814453125
Memory cached:  180.0
	 epoch  80 training error:  tensor(0.0186, device='cuda:0', grad_fn=<DivBackward0>)
Memory status after this epoch: 
Memory allocated:  2.84814453125
Memory cached:  182.0
	 epoch  90 training error:  tensor(0.0186, device='cuda:0', grad_fn=<DivBackward0>)
Memory status after this epoch: 
Memory allocated:  2.84814453125
Memory cached:  176.0
[I 2023-11-08 00:38:57,164] Trial 33 finished with value: 0.01519860327243805 and parameters: {'W_layers': 4, 'W_layer_units_exponent_0': 4, 'W_layer_units_exponent_1': 5, 'W_layer_units_exponent_2': 7, 'W_layer_units_exponent_3': 9, 'D_layers': 7, 'D_layer_units_exponent_0': 7, 'D_layer_units_exponent_1': 9, 'D_layer_units_exponent_2': 5, 'D_layer_units_exponent_3': 5, 'D_layer_units_exponent_4': 5, 'D_layer_units_exponent_5': 7, 'D_layer_units_exponent_6': 6, 'D_dagger_layers': 2, 'D_dagger_layer_units_exponent_0': 5, 'D_dagger_layer_units_exponent_1': 8, 'log_learning_rate': -4.266337195321195, 'log_learning_rate_D': -1.9914444540129175, 'log_learning_rate_D_dagger': -4.017787312407868, 'training_batch_size': 12, 'training_p': 3}. Best is trial 32 with value: 0.0136556476354599.
Time for this trial:  176.17095828056335
Memory status after this trial: 
Memory allocated:  103.71875
Memory cached:  148.0
--------------------  Trial  34   --------------------
Start timing: 
Parameters: 
{'W_layers': 4, 'W_layer_units_exponent_0': 5, 'W_layer_units_exponent_1': 7, 'W_layer_units_exponent_2': 8, 'W_layer_units_exponent_3': 7, 'D_layers': 8, 'D_layer_units_exponent_0': 8, 'D_layer_units_exponent_1': 9, 'D_layer_units_exponent_2': 5, 'D_layer_units_exponent_3': 4, 'D_layer_units_exponent_4': 4, 'D_layer_units_exponent_5': 7, 'D_layer_units_exponent_6': 6, 'D_layer_units_exponent_7': 10, 'D_dagger_layers': 3, 'D_dagger_layer_units_exponent_0': 5, 'D_dagger_layer_units_exponent_1': 7, 'D_dagger_layer_units_exponent_2': 7, 'log_learning_rate': -3.5869042973485707, 'log_learning_rate_D': -1.7907956430567677, 'log_learning_rate_D_dagger': -4.345090801290493, 'training_batch_size': 11, 'training_p': 2}
	 epoch  0 training error:  tensor(1.2734, device='cuda:0', grad_fn=<DivBackward0>)
Memory status after this epoch: 
Memory allocated:  5.00634765625
Memory cached:  128.0
	 epoch  10 training error:  tensor(0.6431, device='cuda:0', grad_fn=<DivBackward0>)
Memory status after this epoch: 
Memory allocated:  5.00634765625
Memory cached:  228.0
	 epoch  20 training error:  tensor(0.0244, device='cuda:0', grad_fn=<DivBackward0>)
Memory status after this epoch: 
Memory allocated:  5.00634765625
Memory cached:  222.0
	 epoch  30 training error:  tensor(0.0633, device='cuda:0', grad_fn=<DivBackward0>)
Memory status after this epoch: 
Memory allocated:  5.00634765625
Memory cached:  218.0
	 epoch  40 training error:  tensor(0.0341, device='cuda:0', grad_fn=<DivBackward0>)
Memory status after this epoch: 
Memory allocated:  5.00634765625
Memory cached:  232.0
	 epoch  50 training error:  tensor(0.0216, device='cuda:0', grad_fn=<DivBackward0>)
Memory status after this epoch: 
Memory allocated:  5.00634765625
Memory cached:  224.0
	 epoch  60 training error:  tensor(0.0179, device='cuda:0', grad_fn=<DivBackward0>)
Memory status after this epoch: 
Memory allocated:  5.00634765625
Memory cached:  238.0
	 epoch  70 training error:  tensor(0.0146, device='cuda:0', grad_fn=<DivBackward0>)
Memory status after this epoch: 
Memory allocated:  5.00634765625
Memory cached:  232.0
	 epoch  80 training error:  tensor(0.0151, device='cuda:0', grad_fn=<DivBackward0>)
Memory status after this epoch: 
Memory allocated:  5.00634765625
Memory cached:  232.0
	 epoch  90 training error:  tensor(0.0146, device='cuda:0', grad_fn=<DivBackward0>)
Memory status after this epoch: 
Memory allocated:  5.00634765625
Memory cached:  224.0
[I 2023-11-08 00:42:14,102] Trial 34 finished with value: 0.013943813741207123 and parameters: {'W_layers': 4, 'W_layer_units_exponent_0': 5, 'W_layer_units_exponent_1': 7, 'W_layer_units_exponent_2': 8, 'W_layer_units_exponent_3': 7, 'D_layers': 8, 'D_layer_units_exponent_0': 8, 'D_layer_units_exponent_1': 9, 'D_layer_units_exponent_2': 5, 'D_layer_units_exponent_3': 4, 'D_layer_units_exponent_4': 4, 'D_layer_units_exponent_5': 7, 'D_layer_units_exponent_6': 6, 'D_layer_units_exponent_7': 10, 'D_dagger_layers': 3, 'D_dagger_layer_units_exponent_0': 5, 'D_dagger_layer_units_exponent_1': 7, 'D_dagger_layer_units_exponent_2': 7, 'log_learning_rate': -3.5869042973485707, 'log_learning_rate_D': -1.7907956430567677, 'log_learning_rate_D_dagger': -4.345090801290493, 'training_batch_size': 11, 'training_p': 2}. Best is trial 32 with value: 0.0136556476354599.
Time for this trial:  196.64988446235657
Memory status after this trial: 
Memory allocated:  156.4912109375
Memory cached:  166.0
--------------------  Trial  35   --------------------
Start timing: 
Parameters: 
{'W_layers': 4, 'W_layer_units_exponent_0': 4, 'W_layer_units_exponent_1': 6, 'W_layer_units_exponent_2': 8, 'W_layer_units_exponent_3': 7, 'D_layers': 8, 'D_layer_units_exponent_0': 7, 'D_layer_units_exponent_1': 9, 'D_layer_units_exponent_2': 5, 'D_layer_units_exponent_3': 4, 'D_layer_units_exponent_4': 4, 'D_layer_units_exponent_5': 7, 'D_layer_units_exponent_6': 6, 'D_layer_units_exponent_7': 10, 'D_dagger_layers': 3, 'D_dagger_layer_units_exponent_0': 5, 'D_dagger_layer_units_exponent_1': 7, 'D_dagger_layer_units_exponent_2': 7, 'log_learning_rate': -3.7725563643242, 'log_learning_rate_D': -2.301712072238795, 'log_learning_rate_D_dagger': -4.051728672545774, 'training_batch_size': 11, 'training_p': 2}
	 epoch  0 training error:  tensor(1.0369, device='cuda:0', grad_fn=<DivBackward0>)
Memory status after this epoch: 
Memory allocated:  3.69775390625
Memory cached:  118.0
	 epoch  10 training error:  tensor(0.3406, device='cuda:0', grad_fn=<DivBackward0>)
Memory status after this epoch: 
Memory allocated:  3.69775390625
Memory cached:  222.0
	 epoch  20 training error:  tensor(0.1808, device='cuda:0', grad_fn=<DivBackward0>)
Memory status after this epoch: 
Memory allocated:  3.69775390625
Memory cached:  226.0
	 epoch  30 training error:  tensor(0.0639, device='cuda:0', grad_fn=<DivBackward0>)
Memory status after this epoch: 
Memory allocated:  3.69775390625
Memory cached:  220.0
	 epoch  40 training error:  tensor(0.0254, device='cuda:0', grad_fn=<DivBackward0>)
Memory status after this epoch: 
Memory allocated:  3.69775390625
Memory cached:  234.0
	 epoch  50 training error:  tensor(0.0149, device='cuda:0', grad_fn=<DivBackward0>)
Memory status after this epoch: 
Memory allocated:  3.69775390625
Memory cached:  242.0
	 epoch  60 training error:  tensor(0.0154, device='cuda:0', grad_fn=<DivBackward0>)
Memory status after this epoch: 
Memory allocated:  3.69775390625
Memory cached:  226.0
	 epoch  70 training error:  tensor(0.0145, device='cuda:0', grad_fn=<DivBackward0>)
Memory status after this epoch: 
Memory allocated:  3.69775390625
Memory cached:  230.0
	 epoch  80 training error:  tensor(0.0141, device='cuda:0', grad_fn=<DivBackward0>)
Memory status after this epoch: 
Memory allocated:  3.69775390625
Memory cached:  228.0
	 epoch  90 training error:  tensor(0.0138, device='cuda:0', grad_fn=<DivBackward0>)
Memory status after this epoch: 
Memory allocated:  3.69775390625
Memory cached:  226.0
[I 2023-11-08 00:45:31,058] Trial 35 finished with value: 0.013339980505406857 and parameters: {'W_layers': 4, 'W_layer_units_exponent_0': 4, 'W_layer_units_exponent_1': 6, 'W_layer_units_exponent_2': 8, 'W_layer_units_exponent_3': 7, 'D_layers': 8, 'D_layer_units_exponent_0': 7, 'D_layer_units_exponent_1': 9, 'D_layer_units_exponent_2': 5, 'D_layer_units_exponent_3': 4, 'D_layer_units_exponent_4': 4, 'D_layer_units_exponent_5': 7, 'D_layer_units_exponent_6': 6, 'D_layer_units_exponent_7': 10, 'D_dagger_layers': 3, 'D_dagger_layer_units_exponent_0': 5, 'D_dagger_layer_units_exponent_1': 7, 'D_dagger_layer_units_exponent_2': 7, 'log_learning_rate': -3.7725563643242, 'log_learning_rate_D': -2.301712072238795, 'log_learning_rate_D_dagger': -4.051728672545774, 'training_batch_size': 11, 'training_p': 2}. Best is trial 35 with value: 0.013339980505406857.
Time for this trial:  196.66823959350586
Memory status after this trial: 
Memory allocated:  144.9677734375
Memory cached:  172.0
--------------------  Trial  36   --------------------
Start timing: 
Parameters: 
{'W_layers': 4, 'W_layer_units_exponent_0': 4, 'W_layer_units_exponent_1': 6, 'W_layer_units_exponent_2': 8, 'W_layer_units_exponent_3': 7, 'D_layers': 8, 'D_layer_units_exponent_0': 6, 'D_layer_units_exponent_1': 8, 'D_layer_units_exponent_2': 5, 'D_layer_units_exponent_3': 4, 'D_layer_units_exponent_4': 4, 'D_layer_units_exponent_5': 7, 'D_layer_units_exponent_6': 6, 'D_layer_units_exponent_7': 10, 'D_dagger_layers': 3, 'D_dagger_layer_units_exponent_0': 5, 'D_dagger_layer_units_exponent_1': 7, 'D_dagger_layer_units_exponent_2': 7, 'log_learning_rate': -4.669600511196388, 'log_learning_rate_D': -2.308708091133676, 'log_learning_rate_D_dagger': -3.870650666341376, 'training_batch_size': 11, 'training_p': 2}
	 epoch  0 training error:  tensor(0.9598, device='cuda:0', grad_fn=<DivBackward0>)
Memory status after this epoch: 
Memory allocated:  2.81494140625
Memory cached:  128.0
	 epoch  10 training error:  tensor(0.4935, device='cuda:0', grad_fn=<DivBackward0>)
Memory status after this epoch: 
Memory allocated:  2.81494140625
Memory cached:  208.0
	 epoch  20 training error:  tensor(0.0494, device='cuda:0', grad_fn=<DivBackward0>)
Memory status after this epoch: 
Memory allocated:  2.81494140625
Memory cached:  194.0
	 epoch  30 training error:  tensor(0.0572, device='cuda:0', grad_fn=<DivBackward0>)
Memory status after this epoch: 
Memory allocated:  2.81494140625
Memory cached:  210.0
	 epoch  40 training error:  tensor(0.0336, device='cuda:0', grad_fn=<DivBackward0>)
Memory status after this epoch: 
Memory allocated:  2.81494140625
Memory cached:  196.0
	 epoch  50 training error:  tensor(0.0218, device='cuda:0', grad_fn=<DivBackward0>)
Memory status after this epoch: 
Memory allocated:  2.81494140625
Memory cached:  198.0
	 epoch  60 training error:  tensor(0.0190, device='cuda:0', grad_fn=<DivBackward0>)
Memory status after this epoch: 
Memory allocated:  2.81494140625
Memory cached:  202.0
	 epoch  70 training error:  tensor(0.0185, device='cuda:0', grad_fn=<DivBackward0>)
Memory status after this epoch: 
Memory allocated:  2.81494140625
Memory cached:  206.0
	 epoch  80 training error:  tensor(0.0181, device='cuda:0', grad_fn=<DivBackward0>)
Memory status after this epoch: 
Memory allocated:  2.81494140625
Memory cached:  196.0
	 epoch  90 training error:  tensor(0.0178, device='cuda:0', grad_fn=<DivBackward0>)
Memory status after this epoch: 
Memory allocated:  2.81494140625
Memory cached:  198.0
[I 2023-11-08 00:48:45,365] Trial 36 finished with value: 0.01699700765311718 and parameters: {'W_layers': 4, 'W_layer_units_exponent_0': 4, 'W_layer_units_exponent_1': 6, 'W_layer_units_exponent_2': 8, 'W_layer_units_exponent_3': 7, 'D_layers': 8, 'D_layer_units_exponent_0': 6, 'D_layer_units_exponent_1': 8, 'D_layer_units_exponent_2': 5, 'D_layer_units_exponent_3': 4, 'D_layer_units_exponent_4': 4, 'D_layer_units_exponent_5': 7, 'D_layer_units_exponent_6': 6, 'D_layer_units_exponent_7': 10, 'D_dagger_layers': 3, 'D_dagger_layer_units_exponent_0': 5, 'D_dagger_layer_units_exponent_1': 7, 'D_dagger_layer_units_exponent_2': 7, 'log_learning_rate': -4.669600511196388, 'log_learning_rate_D': -2.308708091133676, 'log_learning_rate_D_dagger': -3.870650666341376, 'training_batch_size': 11, 'training_p': 2}. Best is trial 35 with value: 0.013339980505406857.
Time for this trial:  193.9980926513672
Memory status after this trial: 
Memory allocated:  127.607421875
Memory cached:  140.0
--------------------  Trial  37   --------------------
Start timing: 
Parameters: 
{'W_layers': 2, 'W_layer_units_exponent_0': 4, 'W_layer_units_exponent_1': 4, 'D_layers': 8, 'D_layer_units_exponent_0': 7, 'D_layer_units_exponent_1': 9, 'D_layer_units_exponent_2': 5, 'D_layer_units_exponent_3': 5, 'D_layer_units_exponent_4': 4, 'D_layer_units_exponent_5': 7, 'D_layer_units_exponent_6': 6, 'D_layer_units_exponent_7': 9, 'D_dagger_layers': 3, 'D_dagger_layer_units_exponent_0': 4, 'D_dagger_layer_units_exponent_1': 6, 'D_dagger_layer_units_exponent_2': 9, 'log_learning_rate': -4.427654722113276, 'log_learning_rate_D': -2.09705886625692, 'log_learning_rate_D_dagger': -3.4410159548588735, 'training_batch_size': 11, 'training_p': 2}
	 epoch  0 training error:  tensor(1.1184, device='cuda:0', grad_fn=<DivBackward0>)
Memory status after this epoch: 
Memory allocated:  2.64111328125
Memory cached:  142.0
	 epoch  10 training error:  tensor(0.2516, device='cuda:0', grad_fn=<DivBackward0>)
Memory status after this epoch: 
Memory allocated:  2.64111328125
Memory cached:  204.0
	 epoch  20 training error:  tensor(0.1563, device='cuda:0', grad_fn=<DivBackward0>)
Memory status after this epoch: 
Memory allocated:  2.64111328125
Memory cached:  196.0
	 epoch  30 training error:  tensor(0.0735, device='cuda:0', grad_fn=<DivBackward0>)
Memory status after this epoch: 
Memory allocated:  2.64111328125
Memory cached:  210.0
	 epoch  40 training error:  tensor(0.0293, device='cuda:0', grad_fn=<DivBackward0>)
Memory status after this epoch: 
Memory allocated:  2.64111328125
Memory cached:  200.0
	 epoch  50 training error:  tensor(0.0284, device='cuda:0', grad_fn=<DivBackward0>)
Memory status after this epoch: 
Memory allocated:  2.64111328125
Memory cached:  206.0
	 epoch  60 training error:  tensor(0.0199, device='cuda:0', grad_fn=<DivBackward0>)
Memory status after this epoch: 
Memory allocated:  2.64111328125
Memory cached:  210.0
	 epoch  70 training error:  tensor(0.0180, device='cuda:0', grad_fn=<DivBackward0>)
Memory status after this epoch: 
Memory allocated:  2.64111328125
Memory cached:  212.0
	 epoch  80 training error:  tensor(0.0170, device='cuda:0', grad_fn=<DivBackward0>)
Memory status after this epoch: 
Memory allocated:  2.64111328125
Memory cached:  212.0
	 epoch  90 training error:  tensor(0.0168, device='cuda:0', grad_fn=<DivBackward0>)
Memory status after this epoch: 
Memory allocated:  2.64111328125
Memory cached:  206.0
