[I 2023-11-08 01:49:49,276] Trial 5 finished with value: 0.03625071048736572 and parameters: {'W_layers': 6, 'W_layer_units_exponent_0': 9, 'W_layer_units_exponent_1': 10, 'W_layer_units_exponent_2': 5, 'W_layer_units_exponent_3': 5, 'W_layer_units_exponent_4': 6, 'W_layer_units_exponent_5': 6, 'D_layers': 2, 'D_layer_units_exponent_0': 4, 'D_layer_units_exponent_1': 4, 'D_dagger_layers': 8, 'D_dagger_layer_units_exponent_0': 5, 'D_dagger_layer_units_exponent_1': 6, 'D_dagger_layer_units_exponent_2': 5, 'D_dagger_layer_units_exponent_3': 9, 'D_dagger_layer_units_exponent_4': 10, 'D_dagger_layer_units_exponent_5': 7, 'D_dagger_layer_units_exponent_6': 4, 'D_dagger_layer_units_exponent_7': 7, 'log_learning_rate': -4.794798986061264, 'log_learning_rate_D': -3.7344354887777857, 'log_learning_rate_D_dagger': -2.582547024012358, 'training_batch_size': 10, 'training_p': 8}. Best is trial 0 with value: 0.013535897247493267.
Time for this trial:  208.79433155059814
Memory status after this trial: 
Memory allocated:  208.54345703125
Memory cached:  224.0
--------------------  Trial  6   --------------------
Start timing: 
Parameters: 
{'W_layers': 5, 'W_layer_units_exponent_0': 6, 'W_layer_units_exponent_1': 4, 'W_layer_units_exponent_2': 10, 'W_layer_units_exponent_3': 5, 'W_layer_units_exponent_4': 4, 'D_layers': 3, 'D_layer_units_exponent_0': 7, 'D_layer_units_exponent_1': 7, 'D_layer_units_exponent_2': 5, 'D_dagger_layers': 6, 'D_dagger_layer_units_exponent_0': 7, 'D_dagger_layer_units_exponent_1': 6, 'D_dagger_layer_units_exponent_2': 4, 'D_dagger_layer_units_exponent_3': 6, 'D_dagger_layer_units_exponent_4': 5, 'D_dagger_layer_units_exponent_5': 8, 'log_learning_rate': -1.2512811944993887, 'log_learning_rate_D': -1.1715900049262942, 'log_learning_rate_D_dagger': -4.532424329300824, 'training_batch_size': 6, 'training_p': 3}
	 epoch  0 training error:  tensor(1.2147, device='cuda:0', grad_fn=<DivBackward0>)
Memory status after this epoch: 
Memory allocated:  1.62255859375
Memory cached:  118.0
	 epoch  10 training error:  tensor(0.9640, device='cuda:0', grad_fn=<DivBackward0>)
Memory status after this epoch: 
Memory allocated:  1.62255859375
Memory cached:  158.0
	 epoch  20 training error:  tensor(0.9275, device='cuda:0', grad_fn=<DivBackward0>)
Memory status after this epoch: 
Memory allocated:  1.62255859375
Memory cached:  158.0
	 epoch  30 training error:  tensor(0.8729, device='cuda:0', grad_fn=<DivBackward0>)
Memory status after this epoch: 
Memory allocated:  1.62255859375
Memory cached:  166.0
	 epoch  40 training error:  tensor(0.7940, device='cuda:0', grad_fn=<DivBackward0>)
Memory status after this epoch: 
Memory allocated:  1.62255859375
Memory cached:  172.0
	 epoch  50 training error:  tensor(0.6824, device='cuda:0', grad_fn=<DivBackward0>)
Memory status after this epoch: 
Memory allocated:  1.62255859375
Memory cached:  160.0
	 epoch  60 training error:  tensor(0.5307, device='cuda:0', grad_fn=<DivBackward0>)
Memory status after this epoch: 
Memory allocated:  1.62255859375
Memory cached:  168.0
	 epoch  70 training error:  tensor(0.3483, device='cuda:0', grad_fn=<DivBackward0>)
Memory status after this epoch: 
Memory allocated:  1.62255859375
Memory cached:  166.0
	 epoch  80 training error:  tensor(0.2182, device='cuda:0', grad_fn=<DivBackward0>)
Memory status after this epoch: 
Memory allocated:  1.62255859375
Memory cached:  176.0
	 epoch  90 training error:  tensor(0.1891, device='cuda:0', grad_fn=<DivBackward0>)
Memory status after this epoch: 
Memory allocated:  1.62255859375
Memory cached:  176.0
[I 2023-11-08 01:55:35,486] Trial 6 finished with value: 0.14512526988983154 and parameters: {'W_layers': 5, 'W_layer_units_exponent_0': 6, 'W_layer_units_exponent_1': 4, 'W_layer_units_exponent_2': 10, 'W_layer_units_exponent_3': 5, 'W_layer_units_exponent_4': 4, 'D_layers': 3, 'D_layer_units_exponent_0': 7, 'D_layer_units_exponent_1': 7, 'D_layer_units_exponent_2': 5, 'D_dagger_layers': 6, 'D_dagger_layer_units_exponent_0': 7, 'D_dagger_layer_units_exponent_1': 6, 'D_dagger_layer_units_exponent_2': 4, 'D_dagger_layer_units_exponent_3': 6, 'D_dagger_layer_units_exponent_4': 5, 'D_dagger_layer_units_exponent_5': 8, 'log_learning_rate': -1.2512811944993887, 'log_learning_rate_D': -1.1715900049262942, 'log_learning_rate_D_dagger': -4.532424329300824, 'training_batch_size': 6, 'training_p': 3}. Best is trial 0 with value: 0.013535897247493267.
Time for this trial:  346.0289237499237
Memory status after this trial: 
Memory allocated:  109.0517578125
Memory cached:  122.0
--------------------  Trial  7   --------------------
Start timing: 
Parameters: 
{'W_layers': 3, 'W_layer_units_exponent_0': 9, 'W_layer_units_exponent_1': 5, 'W_layer_units_exponent_2': 6, 'D_layers': 2, 'D_layer_units_exponent_0': 8, 'D_layer_units_exponent_1': 8, 'D_dagger_layers': 2, 'D_dagger_layer_units_exponent_0': 6, 'D_dagger_layer_units_exponent_1': 10, 'log_learning_rate': -2.661578234493924, 'log_learning_rate_D': -2.745638290751274, 'log_learning_rate_D_dagger': -3.3619230948830245, 'training_batch_size': 11, 'training_p': 4}
	 epoch  0 training error:  tensor(1.0844, device='cuda:0', grad_fn=<DivBackward0>)
Memory status after this epoch: 
Memory allocated:  2.56494140625
Memory cached:  112.0
	 epoch  10 training error:  tensor(0.3419, device='cuda:0', grad_fn=<DivBackward0>)
Memory status after this epoch: 
Memory allocated:  2.56494140625
Memory cached:  186.0
	 epoch  20 training error:  tensor(0.1819, device='cuda:0', grad_fn=<DivBackward0>)
Memory status after this epoch: 
Memory allocated:  2.56494140625
Memory cached:  176.0
	 epoch  30 training error:  tensor(0.0751, device='cuda:0', grad_fn=<DivBackward0>)
Memory status after this epoch: 
Memory allocated:  2.56494140625
Memory cached:  188.0
	 epoch  40 training error:  tensor(0.0401, device='cuda:0', grad_fn=<DivBackward0>)
Memory status after this epoch: 
Memory allocated:  2.56494140625
Memory cached:  178.0
	 epoch  50 training error:  tensor(0.0283, device='cuda:0', grad_fn=<DivBackward0>)
Memory status after this epoch: 
Memory allocated:  2.56494140625
Memory cached:  180.0
	 epoch  60 training error:  tensor(0.0344, device='cuda:0', grad_fn=<DivBackward0>)
Memory status after this epoch: 
Memory allocated:  2.56494140625
Memory cached:  182.0
	 epoch  70 training error:  tensor(0.0336, device='cuda:0', grad_fn=<DivBackward0>)
Memory status after this epoch: 
Memory allocated:  2.56494140625
Memory cached:  190.0
	 epoch  80 training error:  tensor(0.0352, device='cuda:0', grad_fn=<DivBackward0>)
Memory status after this epoch: 
Memory allocated:  2.56494140625
Memory cached:  182.0
	 epoch  90 training error:  tensor(0.0334, device='cuda:0', grad_fn=<DivBackward0>)
Memory status after this epoch: 
Memory allocated:  2.56494140625
Memory cached:  184.0
[I 2023-11-08 01:57:51,043] Trial 7 finished with value: 0.028826192021369934 and parameters: {'W_layers': 3, 'W_layer_units_exponent_0': 9, 'W_layer_units_exponent_1': 5, 'W_layer_units_exponent_2': 6, 'D_layers': 2, 'D_layer_units_exponent_0': 8, 'D_layer_units_exponent_1': 8, 'D_dagger_layers': 2, 'D_dagger_layer_units_exponent_0': 6, 'D_dagger_layer_units_exponent_1': 10, 'log_learning_rate': -2.661578234493924, 'log_learning_rate_D': -2.745638290751274, 'log_learning_rate_D_dagger': -3.3619230948830245, 'training_batch_size': 11, 'training_p': 4}. Best is trial 0 with value: 0.013535897247493267.
Time for this trial:  135.34788298606873
Memory status after this trial: 
Memory allocated:  119.96240234375
Memory cached:  134.0
--------------------  Trial  8   --------------------
Start timing: 
Parameters: 
{'W_layers': 4, 'W_layer_units_exponent_0': 5, 'W_layer_units_exponent_1': 4, 'W_layer_units_exponent_2': 5, 'W_layer_units_exponent_3': 5, 'D_layers': 4, 'D_layer_units_exponent_0': 10, 'D_layer_units_exponent_1': 4, 'D_layer_units_exponent_2': 8, 'D_layer_units_exponent_3': 6, 'D_dagger_layers': 6, 'D_dagger_layer_units_exponent_0': 7, 'D_dagger_layer_units_exponent_1': 4, 'D_dagger_layer_units_exponent_2': 5, 'D_dagger_layer_units_exponent_3': 7, 'D_dagger_layer_units_exponent_4': 9, 'D_dagger_layer_units_exponent_5': 10, 'log_learning_rate': -2.3780245528773154, 'log_learning_rate_D': -3.917836340618063, 'log_learning_rate_D_dagger': -2.9187037296021803, 'training_batch_size': 11, 'training_p': 7}
	 epoch  0 training error:  tensor(1.0161, device='cuda:0', grad_fn=<DivBackward0>)
Memory status after this epoch: 
Memory allocated:  10.03173828125
Memory cached:  152.0
	 epoch  10 training error:  tensor(0.2097, device='cuda:0', grad_fn=<DivBackward0>)
Memory status after this epoch: 
Memory allocated:  10.03173828125
Memory cached:  256.0
	 epoch  20 training error:  tensor(0.0765, device='cuda:0', grad_fn=<DivBackward0>)
Memory status after this epoch: 
Memory allocated:  10.03173828125
Memory cached:  254.0
	 epoch  30 training error:  tensor(0.1017, device='cuda:0', grad_fn=<DivBackward0>)
Memory status after this epoch: 
Memory allocated:  10.03173828125
Memory cached:  266.0
	 epoch  40 training error:  tensor(0.0852, device='cuda:0', grad_fn=<DivBackward0>)
Memory status after this epoch: 
Memory allocated:  10.03173828125
Memory cached:  252.0
	 epoch  50 training error:  tensor(0.0797, device='cuda:0', grad_fn=<DivBackward0>)
Memory status after this epoch: 
Memory allocated:  10.03173828125
Memory cached:  262.0
	 epoch  60 training error:  tensor(0.0737, device='cuda:0', grad_fn=<DivBackward0>)
Memory status after this epoch: 
Memory allocated:  10.03173828125
Memory cached:  244.0
	 epoch  70 training error:  tensor(0.0465, device='cuda:0', grad_fn=<DivBackward0>)
Memory status after this epoch: 
Memory allocated:  10.03173828125
Memory cached:  250.0
	 epoch  80 training error:  tensor(0.0577, device='cuda:0', grad_fn=<DivBackward0>)
Memory status after this epoch: 
Memory allocated:  10.03173828125
Memory cached:  262.0
	 epoch  90 training error:  tensor(0.0503, device='cuda:0', grad_fn=<DivBackward0>)
Memory status after this epoch: 
Memory allocated:  10.03173828125
Memory cached:  266.0
[I 2023-11-08 02:01:03,267] Trial 8 finished with value: 0.04283151030540466 and parameters: {'W_layers': 4, 'W_layer_units_exponent_0': 5, 'W_layer_units_exponent_1': 4, 'W_layer_units_exponent_2': 5, 'W_layer_units_exponent_3': 5, 'D_layers': 4, 'D_layer_units_exponent_0': 10, 'D_layer_units_exponent_1': 4, 'D_layer_units_exponent_2': 8, 'D_layer_units_exponent_3': 6, 'D_dagger_layers': 6, 'D_dagger_layer_units_exponent_0': 7, 'D_dagger_layer_units_exponent_1': 4, 'D_dagger_layer_units_exponent_2': 5, 'D_dagger_layer_units_exponent_3': 7, 'D_dagger_layer_units_exponent_4': 9, 'D_dagger_layer_units_exponent_5': 10, 'log_learning_rate': -2.3780245528773154, 'log_learning_rate_D': -3.917836340618063, 'log_learning_rate_D_dagger': -2.9187037296021803, 'training_batch_size': 11, 'training_p': 7}. Best is trial 0 with value: 0.013535897247493267.
Time for this trial:  192.07852721214294
Memory status after this trial: 
Memory allocated:  182.7138671875
Memory cached:  206.0
--------------------  Trial  9   --------------------
Start timing: 
Parameters: 
{'W_layers': 2, 'W_layer_units_exponent_0': 8, 'W_layer_units_exponent_1': 9, 'D_layers': 8, 'D_layer_units_exponent_0': 8, 'D_layer_units_exponent_1': 8, 'D_layer_units_exponent_2': 8, 'D_layer_units_exponent_3': 7, 'D_layer_units_exponent_4': 4, 'D_layer_units_exponent_5': 10, 'D_layer_units_exponent_6': 6, 'D_layer_units_exponent_7': 5, 'D_dagger_layers': 5, 'D_dagger_layer_units_exponent_0': 10, 'D_dagger_layer_units_exponent_1': 4, 'D_dagger_layer_units_exponent_2': 7, 'D_dagger_layer_units_exponent_3': 5, 'D_dagger_layer_units_exponent_4': 6, 'log_learning_rate': -1.4846773172835612, 'log_learning_rate_D': -1.264820554637772, 'log_learning_rate_D_dagger': -4.580273013207029, 'training_batch_size': 9, 'training_p': 3}
	 epoch  0 training error:  tensor(0.9331, device='cuda:0', grad_fn=<DivBackward0>)
Memory status after this epoch: 
Memory allocated:  6.47314453125
Memory cached:  112.0
	 epoch  10 training error:  tensor(0.9195, device='cuda:0', grad_fn=<DivBackward0>)
Memory status after this epoch: 
Memory allocated:  6.47314453125
Memory cached:  250.0
	 epoch  20 training error:  tensor(0.8466, device='cuda:0', grad_fn=<DivBackward0>)
Memory status after this epoch: 
Memory allocated:  6.47314453125
Memory cached:  246.0
	 epoch  30 training error:  tensor(0.7516, device='cuda:0', grad_fn=<DivBackward0>)
Memory status after this epoch: 
Memory allocated:  6.47314453125
Memory cached:  234.0
	 epoch  40 training error:  tensor(0.6367, device='cuda:0', grad_fn=<DivBackward0>)
Memory status after this epoch: 
Memory allocated:  6.47314453125
Memory cached:  248.0
	 epoch  50 training error:  tensor(0.4960, device='cuda:0', grad_fn=<DivBackward0>)
Memory status after this epoch: 
Memory allocated:  6.47314453125
Memory cached:  226.0
	 epoch  60 training error:  tensor(0.3331, device='cuda:0', grad_fn=<DivBackward0>)
Memory status after this epoch: 
Memory allocated:  6.47314453125
Memory cached:  228.0
	 epoch  70 training error:  tensor(0.1809, device='cuda:0', grad_fn=<DivBackward0>)
Memory status after this epoch: 
Memory allocated:  6.47314453125
Memory cached:  246.0
	 epoch  80 training error:  tensor(0.1733, device='cuda:0', grad_fn=<DivBackward0>)
Memory status after this epoch: 
Memory allocated:  6.47314453125
Memory cached:  246.0
	 epoch  90 training error:  tensor(0.1433, device='cuda:0', grad_fn=<DivBackward0>)
Memory status after this epoch: 
Memory allocated:  6.47314453125
Memory cached:  236.0
[I 2023-11-08 02:04:29,048] Trial 9 finished with value: 0.11209005117416382 and parameters: {'W_layers': 2, 'W_layer_units_exponent_0': 8, 'W_layer_units_exponent_1': 9, 'D_layers': 8, 'D_layer_units_exponent_0': 8, 'D_layer_units_exponent_1': 8, 'D_layer_units_exponent_2': 8, 'D_layer_units_exponent_3': 7, 'D_layer_units_exponent_4': 4, 'D_layer_units_exponent_5': 10, 'D_layer_units_exponent_6': 6, 'D_layer_units_exponent_7': 5, 'D_dagger_layers': 5, 'D_dagger_layer_units_exponent_0': 10, 'D_dagger_layer_units_exponent_1': 4, 'D_dagger_layer_units_exponent_2': 7, 'D_dagger_layer_units_exponent_3': 5, 'D_dagger_layer_units_exponent_4': 6, 'log_learning_rate': -1.4846773172835612, 'log_learning_rate_D': -1.264820554637772, 'log_learning_rate_D_dagger': -4.580273013207029, 'training_batch_size': 9, 'training_p': 3}. Best is trial 0 with value: 0.013535897247493267.
Time for this trial:  205.61648416519165
Memory status after this trial: 
Memory allocated:  220.56591796875
Memory cached:  224.0
--------------------  Trial  10   --------------------
Start timing: 
Parameters: 
{'W_layers': 2, 'W_layer_units_exponent_0': 4, 'W_layer_units_exponent_1': 8, 'D_layers': 5, 'D_layer_units_exponent_0': 10, 'D_layer_units_exponent_1': 6, 'D_layer_units_exponent_2': 6, 'D_layer_units_exponent_3': 4, 'D_layer_units_exponent_4': 10, 'D_dagger_layers': 3, 'D_dagger_layer_units_exponent_0': 4, 'D_dagger_layer_units_exponent_1': 7, 'D_dagger_layer_units_exponent_2': 10, 'log_learning_rate': -2.0620807895944466, 'log_learning_rate_D': -4.971556816267924, 'log_learning_rate_D_dagger': -4.956779797351839, 'training_batch_size': 7, 'training_p': 2}
	 epoch  0 training error:  tensor(1.1567, device='cuda:0', grad_fn=<DivBackward0>)
Memory status after this epoch: 
Memory allocated:  3.77197265625
Memory cached:  132.0
	 epoch  10 training error:  tensor(0.1576, device='cuda:0', grad_fn=<DivBackward0>)
Memory status after this epoch: 
Memory allocated:  3.77197265625
Memory cached:  228.0
	 epoch  20 training error:  tensor(0.0666, device='cuda:0', grad_fn=<DivBackward0>)
Memory status after this epoch: 
Memory allocated:  3.77197265625
Memory cached:  238.0
	 epoch  30 training error:  tensor(0.0591, device='cuda:0', grad_fn=<DivBackward0>)
Memory status after this epoch: 
Memory allocated:  3.77197265625
Memory cached:  248.0
	 epoch  40 training error:  tensor(0.0556, device='cuda:0', grad_fn=<DivBackward0>)
Memory status after this epoch: 
Memory allocated:  3.77197265625
Memory cached:  236.0
	 epoch  50 training error:  tensor(0.0306, device='cuda:0', grad_fn=<DivBackward0>)
Memory status after this epoch: 
Memory allocated:  3.77197265625
Memory cached:  236.0
	 epoch  60 training error:  tensor(0.0250, device='cuda:0', grad_fn=<DivBackward0>)
Memory status after this epoch: 
Memory allocated:  3.77197265625
Memory cached:  242.0
	 epoch  70 training error:  tensor(0.0243, device='cuda:0', grad_fn=<DivBackward0>)
Memory status after this epoch: 
Memory allocated:  3.77197265625
Memory cached:  242.0
	 epoch  80 training error:  tensor(0.0267, device='cuda:0', grad_fn=<DivBackward0>)
Memory status after this epoch: 
Memory allocated:  3.77197265625
Memory cached:  220.0
	 epoch  90 training error:  tensor(0.0243, device='cuda:0', grad_fn=<DivBackward0>)
Memory status after this epoch: 
Memory allocated:  3.77197265625
Memory cached:  240.0
[I 2023-11-08 02:07:14,198] Trial 10 finished with value: 0.02568851225078106 and parameters: {'W_layers': 2, 'W_layer_units_exponent_0': 4, 'W_layer_units_exponent_1': 8, 'D_layers': 5, 'D_layer_units_exponent_0': 10, 'D_layer_units_exponent_1': 6, 'D_layer_units_exponent_2': 6, 'D_layer_units_exponent_3': 4, 'D_layer_units_exponent_4': 10, 'D_dagger_layers': 3, 'D_dagger_layer_units_exponent_0': 4, 'D_dagger_layer_units_exponent_1': 7, 'D_dagger_layer_units_exponent_2': 10, 'log_learning_rate': -2.0620807895944466, 'log_learning_rate_D': -4.971556816267924, 'log_learning_rate_D_dagger': -4.956779797351839, 'training_batch_size': 7, 'training_p': 2}. Best is trial 0 with value: 0.013535897247493267.
Time for this trial:  164.92300081253052
Memory status after this trial: 
Memory allocated:  196.2294921875
Memory cached:  200.0
--------------------  Trial  11   --------------------
Start timing: 
Parameters: 
{'W_layers': 7, 'W_layer_units_exponent_0': 7, 'W_layer_units_exponent_1': 7, 'W_layer_units_exponent_2': 4, 'W_layer_units_exponent_3': 10, 'W_layer_units_exponent_4': 4, 'W_layer_units_exponent_5': 10, 'W_layer_units_exponent_6': 9, 'D_layers': 6, 'D_layer_units_exponent_0': 10, 'D_layer_units_exponent_1': 10, 'D_layer_units_exponent_2': 6, 'D_layer_units_exponent_3': 10, 'D_layer_units_exponent_4': 5, 'D_layer_units_exponent_5': 6, 'D_dagger_layers': 4, 'D_dagger_layer_units_exponent_0': 8, 'D_dagger_layer_units_exponent_1': 6, 'D_dagger_layer_units_exponent_2': 7, 'D_dagger_layer_units_exponent_3': 4, 'log_learning_rate': -3.1720166809989863, 'log_learning_rate_D': -3.0952879261897097, 'log_learning_rate_D_dagger': -3.989974336595487, 'training_batch_size': 8, 'training_p': 6}
	 epoch  0 training error:  tensor(1.0330, device='cuda:0', grad_fn=<DivBackward0>)
Memory status after this epoch: 
Memory allocated:  28.35791015625
Memory cached:  186.0
	 epoch  10 training error:  tensor(0.1409, device='cuda:0', grad_fn=<DivBackward0>)
Memory status after this epoch: 
Memory allocated:  28.35791015625
Memory cached:  318.0
	 epoch  20 training error:  tensor(0.1195, device='cuda:0', grad_fn=<DivBackward0>)
Memory status after this epoch: 
Memory allocated:  28.35791015625
Memory cached:  312.0
	 epoch  30 training error:  tensor(0.0978, device='cuda:0', grad_fn=<DivBackward0>)
Memory status after this epoch: 
Memory allocated:  28.35791015625
Memory cached:  312.0
	 epoch  40 training error:  tensor(0.0258, device='cuda:0', grad_fn=<DivBackward0>)
Memory status after this epoch: 
Memory allocated:  28.35791015625
Memory cached:  318.0
	 epoch  50 training error:  tensor(0.0256, device='cuda:0', grad_fn=<DivBackward0>)
Memory status after this epoch: 
Memory allocated:  28.35791015625
Memory cached:  298.0
	 epoch  60 training error:  tensor(0.0291, device='cuda:0', grad_fn=<DivBackward0>)
Memory status after this epoch: 
Memory allocated:  28.35791015625
Memory cached:  314.0
	 epoch  70 training error:  tensor(0.0313, device='cuda:0', grad_fn=<DivBackward0>)
Memory status after this epoch: 
Memory allocated:  28.35791015625
Memory cached:  306.0
	 epoch  80 training error:  tensor(0.0339, device='cuda:0', grad_fn=<DivBackward0>)
Memory status after this epoch: 
Memory allocated:  28.35791015625
Memory cached:  316.0
	 epoch  90 training error:  tensor(0.0489, device='cuda:0', grad_fn=<DivBackward0>)
Memory status after this epoch: 
Memory allocated:  28.35791015625
Memory cached:  308.0
