[I 2023-11-08 01:28:21,856] Trial 49 finished with value: 0.016918644309043884 and parameters: {'W_layers': 4, 'W_layer_units_exponent_0': 10, 'W_layer_units_exponent_1': 5, 'W_layer_units_exponent_2': 7, 'W_layer_units_exponent_3': 8, 'D_layers': 6, 'D_layer_units_exponent_0': 6, 'D_layer_units_exponent_1': 6, 'D_layer_units_exponent_2': 6, 'D_layer_units_exponent_3': 6, 'D_layer_units_exponent_4': 4, 'D_layer_units_exponent_5': 10, 'D_dagger_layers': 4, 'D_dagger_layer_units_exponent_0': 6, 'D_dagger_layer_units_exponent_1': 4, 'D_dagger_layer_units_exponent_2': 10, 'D_dagger_layer_units_exponent_3': 6, 'log_learning_rate': -4.704775800660139, 'log_learning_rate_D': -2.340373179611036, 'log_learning_rate_D_dagger': -3.4407409758882066, 'training_batch_size': 11, 'training_p': 2}. Best is trial 35 with value: 0.013339980505406857.
[I 2023-11-08 01:28:21,895] A new study created in memory with name: no-name-da273269-ae96-4ef3-bd90-024aeb24e846
Time for this trial:  201.6689531803131
Memory status after this trial: 
Memory allocated:  210.6171875
Memory cached:  214.0
--------------------  Trial  0   --------------------
Start timing: 
Parameters: 
{'W_layers': 3, 'W_layer_units_exponent_0': 8, 'W_layer_units_exponent_1': 5, 'W_layer_units_exponent_2': 5, 'D_layers': 6, 'D_layer_units_exponent_0': 10, 'D_layer_units_exponent_1': 6, 'D_layer_units_exponent_2': 6, 'D_layer_units_exponent_3': 8, 'D_layer_units_exponent_4': 8, 'D_layer_units_exponent_5': 8, 'D_dagger_layers': 2, 'D_dagger_layer_units_exponent_0': 10, 'D_dagger_layer_units_exponent_1': 5, 'log_learning_rate': -2.311306400934939, 'log_learning_rate_D': -3.6403055635630706, 'log_learning_rate_D_dagger': -4.084257055042718, 'training_batch_size': 11, 'training_p': 3}
	 epoch  0 training error:  tensor(0.8732, device='cuda:0', grad_fn=<DivBackward0>)
Memory status after this epoch: 
Memory allocated:  4.31494140625
Memory cached:  116.0
	 epoch  10 training error:  tensor(0.1381, device='cuda:0', grad_fn=<DivBackward0>)
Memory status after this epoch: 
Memory allocated:  4.31494140625
Memory cached:  208.0
	 epoch  20 training error:  tensor(0.1062, device='cuda:0', grad_fn=<DivBackward0>)
Memory status after this epoch: 
Memory allocated:  4.31494140625
Memory cached:  200.0
	 epoch  30 training error:  tensor(0.0654, device='cuda:0', grad_fn=<DivBackward0>)
Memory status after this epoch: 
Memory allocated:  4.31494140625
Memory cached:  206.0
	 epoch  40 training error:  tensor(0.0249, device='cuda:0', grad_fn=<DivBackward0>)
Memory status after this epoch: 
Memory allocated:  4.31494140625
Memory cached:  206.0
	 epoch  50 training error:  tensor(0.0240, device='cuda:0', grad_fn=<DivBackward0>)
Memory status after this epoch: 
Memory allocated:  4.31494140625
Memory cached:  196.0
	 epoch  60 training error:  tensor(0.0185, device='cuda:0', grad_fn=<DivBackward0>)
Memory status after this epoch: 
Memory allocated:  4.31494140625
Memory cached:  206.0
	 epoch  70 training error:  tensor(0.0182, device='cuda:0', grad_fn=<DivBackward0>)
Memory status after this epoch: 
Memory allocated:  4.31494140625
Memory cached:  204.0
	 epoch  80 training error:  tensor(0.0180, device='cuda:0', grad_fn=<DivBackward0>)
Memory status after this epoch: 
Memory allocated:  4.31494140625
Memory cached:  206.0
	 epoch  90 training error:  tensor(0.0175, device='cuda:0', grad_fn=<DivBackward0>)
Memory status after this epoch: 
Memory allocated:  4.31494140625
Memory cached:  212.0
[I 2023-11-08 01:31:20,303] Trial 0 finished with value: 0.013535897247493267 and parameters: {'W_layers': 3, 'W_layer_units_exponent_0': 8, 'W_layer_units_exponent_1': 5, 'W_layer_units_exponent_2': 5, 'D_layers': 6, 'D_layer_units_exponent_0': 10, 'D_layer_units_exponent_1': 6, 'D_layer_units_exponent_2': 6, 'D_layer_units_exponent_3': 8, 'D_layer_units_exponent_4': 8, 'D_layer_units_exponent_5': 8, 'D_dagger_layers': 2, 'D_dagger_layer_units_exponent_0': 10, 'D_dagger_layer_units_exponent_1': 5, 'log_learning_rate': -2.311306400934939, 'log_learning_rate_D': -3.6403055635630706, 'log_learning_rate_D_dagger': -4.084257055042718, 'training_batch_size': 11, 'training_p': 3}. Best is trial 0 with value: 0.013535897247493267.
Time for this trial:  178.2945420742035
Memory status after this trial: 
Memory allocated:  178.19091796875
Memory cached:  182.0
--------------------  Trial  1   --------------------
Start timing: 
Parameters: 
{'W_layers': 6, 'W_layer_units_exponent_0': 5, 'W_layer_units_exponent_1': 6, 'W_layer_units_exponent_2': 7, 'W_layer_units_exponent_3': 4, 'W_layer_units_exponent_4': 6, 'W_layer_units_exponent_5': 6, 'D_layers': 8, 'D_layer_units_exponent_0': 8, 'D_layer_units_exponent_1': 4, 'D_layer_units_exponent_2': 4, 'D_layer_units_exponent_3': 10, 'D_layer_units_exponent_4': 8, 'D_layer_units_exponent_5': 8, 'D_layer_units_exponent_6': 9, 'D_layer_units_exponent_7': 4, 'D_dagger_layers': 2, 'D_dagger_layer_units_exponent_0': 8, 'D_dagger_layer_units_exponent_1': 8, 'log_learning_rate': -1.3844131473604895, 'log_learning_rate_D': -2.281327907346037, 'log_learning_rate_D_dagger': -3.5409028176694397, 'training_batch_size': 12, 'training_p': 7}
	 epoch  0 training error:  tensor(0.4611, device='cuda:0', grad_fn=<DivBackward0>)
Memory status after this epoch: 
Memory allocated:  8.93798828125
Memory cached:  118.0
	 epoch  10 training error:  tensor(0.1719, device='cuda:0', grad_fn=<DivBackward0>)
Memory status after this epoch: 
Memory allocated:  8.93798828125
Memory cached:  218.0
	 epoch  20 training error:  tensor(0.1157, device='cuda:0', grad_fn=<DivBackward0>)
Memory status after this epoch: 
Memory allocated:  8.93798828125
Memory cached:  226.0
	 epoch  30 training error:  tensor(0.0389, device='cuda:0', grad_fn=<DivBackward0>)
Memory status after this epoch: 
Memory allocated:  8.93798828125
Memory cached:  220.0
	 epoch  40 training error:  tensor(0.0723, device='cuda:0', grad_fn=<DivBackward0>)
Memory status after this epoch: 
Memory allocated:  8.93798828125
Memory cached:  228.0
	 epoch  50 training error:  tensor(0.0328, device='cuda:0', grad_fn=<DivBackward0>)
Memory status after this epoch: 
Memory allocated:  8.93798828125
Memory cached:  234.0
	 epoch  60 training error:  tensor(0.0339, device='cuda:0', grad_fn=<DivBackward0>)
Memory status after this epoch: 
Memory allocated:  8.93798828125
Memory cached:  238.0
	 epoch  70 training error:  tensor(0.0814, device='cuda:0', grad_fn=<DivBackward0>)
Memory status after this epoch: 
Memory allocated:  8.93798828125
Memory cached:  232.0
	 epoch  80 training error:  tensor(0.0372, device='cuda:0', grad_fn=<DivBackward0>)
Memory status after this epoch: 
Memory allocated:  8.93798828125
Memory cached:  226.0
	 epoch  90 training error:  tensor(0.0589, device='cuda:0', grad_fn=<DivBackward0>)
Memory status after this epoch: 
Memory allocated:  8.93798828125
Memory cached:  236.0
[I 2023-11-08 01:34:53,617] Trial 1 finished with value: 0.041385747492313385 and parameters: {'W_layers': 6, 'W_layer_units_exponent_0': 5, 'W_layer_units_exponent_1': 6, 'W_layer_units_exponent_2': 7, 'W_layer_units_exponent_3': 4, 'W_layer_units_exponent_4': 6, 'W_layer_units_exponent_5': 6, 'D_layers': 8, 'D_layer_units_exponent_0': 8, 'D_layer_units_exponent_1': 4, 'D_layer_units_exponent_2': 4, 'D_layer_units_exponent_3': 10, 'D_layer_units_exponent_4': 8, 'D_layer_units_exponent_5': 8, 'D_layer_units_exponent_6': 9, 'D_layer_units_exponent_7': 4, 'D_dagger_layers': 2, 'D_dagger_layer_units_exponent_0': 8, 'D_dagger_layer_units_exponent_1': 8, 'log_learning_rate': -1.3844131473604895, 'log_learning_rate_D': -2.281327907346037, 'log_learning_rate_D_dagger': -3.5409028176694397, 'training_batch_size': 12, 'training_p': 7}. Best is trial 0 with value: 0.013535897247493267.
Time for this trial:  213.1654818058014
Memory status after this trial: 
Memory allocated:  177.5322265625
Memory cached:  184.0
--------------------  Trial  2   --------------------
Start timing: 
Parameters: 
{'W_layers': 6, 'W_layer_units_exponent_0': 8, 'W_layer_units_exponent_1': 6, 'W_layer_units_exponent_2': 10, 'W_layer_units_exponent_3': 8, 'W_layer_units_exponent_4': 10, 'W_layer_units_exponent_5': 5, 'D_layers': 3, 'D_layer_units_exponent_0': 5, 'D_layer_units_exponent_1': 4, 'D_layer_units_exponent_2': 9, 'D_dagger_layers': 6, 'D_dagger_layer_units_exponent_0': 10, 'D_dagger_layer_units_exponent_1': 4, 'D_dagger_layer_units_exponent_2': 10, 'D_dagger_layer_units_exponent_3': 8, 'D_dagger_layer_units_exponent_4': 9, 'D_dagger_layer_units_exponent_5': 6, 'log_learning_rate': -3.8347838127936753, 'log_learning_rate_D': -1.6732184226813294, 'log_learning_rate_D_dagger': -1.9455221587962885, 'training_batch_size': 9, 'training_p': 8}
	 epoch  0 training error:  tensor(1.0138, device='cuda:0', grad_fn=<DivBackward0>)
Memory status after this epoch: 
Memory allocated:  17.17236328125
Memory cached:  144.0
	 epoch  10 training error:  tensor(0.1138, device='cuda:0', grad_fn=<DivBackward0>)
Memory status after this epoch: 
Memory allocated:  17.17236328125
Memory cached:  302.0
	 epoch  20 training error:  tensor(0.1506, device='cuda:0', grad_fn=<DivBackward0>)
Memory status after this epoch: 
Memory allocated:  17.17236328125
Memory cached:  298.0
	 epoch  30 training error:  tensor(0.0997, device='cuda:0', grad_fn=<DivBackward0>)
Memory status after this epoch: 
Memory allocated:  17.17236328125
Memory cached:  302.0
	 epoch  40 training error:  tensor(0.0625, device='cuda:0', grad_fn=<DivBackward0>)
Memory status after this epoch: 
Memory allocated:  17.17236328125
Memory cached:  300.0
	 epoch  50 training error:  tensor(0.0302, device='cuda:0', grad_fn=<DivBackward0>)
Memory status after this epoch: 
Memory allocated:  17.17236328125
Memory cached:  294.0
	 epoch  60 training error:  tensor(0.0344, device='cuda:0', grad_fn=<DivBackward0>)
Memory status after this epoch: 
Memory allocated:  17.17236328125
Memory cached:  298.0
	 epoch  70 training error:  tensor(0.0310, device='cuda:0', grad_fn=<DivBackward0>)
Memory status after this epoch: 
Memory allocated:  17.17236328125
Memory cached:  312.0
	 epoch  80 training error:  tensor(0.0305, device='cuda:0', grad_fn=<DivBackward0>)
Memory status after this epoch: 
Memory allocated:  17.17236328125
Memory cached:  292.0
	 epoch  90 training error:  tensor(0.0296, device='cuda:0', grad_fn=<DivBackward0>)
Memory status after this epoch: 
Memory allocated:  17.17236328125
Memory cached:  294.0
[I 2023-11-08 01:38:32,681] Trial 2 finished with value: 0.01916852965950966 and parameters: {'W_layers': 6, 'W_layer_units_exponent_0': 8, 'W_layer_units_exponent_1': 6, 'W_layer_units_exponent_2': 10, 'W_layer_units_exponent_3': 8, 'W_layer_units_exponent_4': 10, 'W_layer_units_exponent_5': 5, 'D_layers': 3, 'D_layer_units_exponent_0': 5, 'D_layer_units_exponent_1': 4, 'D_layer_units_exponent_2': 9, 'D_dagger_layers': 6, 'D_dagger_layer_units_exponent_0': 10, 'D_dagger_layer_units_exponent_1': 4, 'D_dagger_layer_units_exponent_2': 10, 'D_dagger_layer_units_exponent_3': 8, 'D_dagger_layer_units_exponent_4': 9, 'D_dagger_layer_units_exponent_5': 6, 'log_learning_rate': -3.8347838127936753, 'log_learning_rate_D': -1.6732184226813294, 'log_learning_rate_D_dagger': -1.9455221587962885, 'training_batch_size': 9, 'training_p': 8}. Best is trial 0 with value: 0.013535897247493267.
Time for this trial:  218.85496258735657
Memory status after this trial: 
Memory allocated:  336.07666015625
Memory cached:  346.0
--------------------  Trial  3   --------------------
Start timing: 
Parameters: 
{'W_layers': 4, 'W_layer_units_exponent_0': 10, 'W_layer_units_exponent_1': 6, 'W_layer_units_exponent_2': 4, 'W_layer_units_exponent_3': 5, 'D_layers': 6, 'D_layer_units_exponent_0': 8, 'D_layer_units_exponent_1': 9, 'D_layer_units_exponent_2': 9, 'D_layer_units_exponent_3': 8, 'D_layer_units_exponent_4': 7, 'D_layer_units_exponent_5': 9, 'D_dagger_layers': 7, 'D_dagger_layer_units_exponent_0': 10, 'D_dagger_layer_units_exponent_1': 9, 'D_dagger_layer_units_exponent_2': 4, 'D_dagger_layer_units_exponent_3': 8, 'D_dagger_layer_units_exponent_4': 9, 'D_dagger_layer_units_exponent_5': 9, 'D_dagger_layer_units_exponent_6': 8, 'log_learning_rate': -3.857577532899079, 'log_learning_rate_D': -4.319874093977963, 'log_learning_rate_D_dagger': -1.3348363727655066, 'training_batch_size': 12, 'training_p': 5}
	 epoch  0 training error:  tensor(0.9369, device='cuda:0', grad_fn=<DivBackward0>)
Memory status after this epoch: 
Memory allocated:  27.13720703125
Memory cached:  162.0
	 epoch  10 training error:  tensor(0.4449, device='cuda:0', grad_fn=<DivBackward0>)
Memory status after this epoch: 
Memory allocated:  27.13720703125
Memory cached:  290.0
	 epoch  20 training error:  tensor(0.1659, device='cuda:0', grad_fn=<DivBackward0>)
Memory status after this epoch: 
Memory allocated:  27.13720703125
Memory cached:  292.0
	 epoch  30 training error:  tensor(0.0664, device='cuda:0', grad_fn=<DivBackward0>)
Memory status after this epoch: 
Memory allocated:  27.13720703125
Memory cached:  286.0
	 epoch  40 training error:  tensor(0.0411, device='cuda:0', grad_fn=<DivBackward0>)
Memory status after this epoch: 
Memory allocated:  27.13720703125
Memory cached:  288.0
	 epoch  50 training error:  tensor(0.0310, device='cuda:0', grad_fn=<DivBackward0>)
Memory status after this epoch: 
Memory allocated:  27.13720703125
Memory cached:  302.0
	 epoch  60 training error:  tensor(0.0262, device='cuda:0', grad_fn=<DivBackward0>)
Memory status after this epoch: 
Memory allocated:  27.13720703125
Memory cached:  296.0
	 epoch  70 training error:  tensor(0.0253, device='cuda:0', grad_fn=<DivBackward0>)
Memory status after this epoch: 
Memory allocated:  27.13720703125
Memory cached:  286.0
	 epoch  80 training error:  tensor(0.0255, device='cuda:0', grad_fn=<DivBackward0>)
Memory status after this epoch: 
Memory allocated:  27.13720703125
Memory cached:  310.0
	 epoch  90 training error:  tensor(0.0252, device='cuda:0', grad_fn=<DivBackward0>)
Memory status after this epoch: 
Memory allocated:  27.13720703125
Memory cached:  292.0
[I 2023-11-08 01:42:30,576] Trial 3 finished with value: 0.019066084176301956 and parameters: {'W_layers': 4, 'W_layer_units_exponent_0': 10, 'W_layer_units_exponent_1': 6, 'W_layer_units_exponent_2': 4, 'W_layer_units_exponent_3': 5, 'D_layers': 6, 'D_layer_units_exponent_0': 8, 'D_layer_units_exponent_1': 9, 'D_layer_units_exponent_2': 9, 'D_layer_units_exponent_3': 8, 'D_layer_units_exponent_4': 7, 'D_layer_units_exponent_5': 9, 'D_dagger_layers': 7, 'D_dagger_layer_units_exponent_0': 10, 'D_dagger_layer_units_exponent_1': 9, 'D_dagger_layer_units_exponent_2': 4, 'D_dagger_layer_units_exponent_3': 8, 'D_dagger_layer_units_exponent_4': 9, 'D_dagger_layer_units_exponent_5': 9, 'D_dagger_layer_units_exponent_6': 8, 'log_learning_rate': -3.857577532899079, 'log_learning_rate_D': -4.319874093977963, 'log_learning_rate_D_dagger': -1.3348363727655066, 'training_batch_size': 12, 'training_p': 5}. Best is trial 0 with value: 0.013535897247493267.
Time for this trial:  237.73176646232605
Memory status after this trial: 
Memory allocated:  355.57861328125
Memory cached:  382.0
--------------------  Trial  4   --------------------
Start timing: 
Parameters: 
{'W_layers': 7, 'W_layer_units_exponent_0': 7, 'W_layer_units_exponent_1': 5, 'W_layer_units_exponent_2': 4, 'W_layer_units_exponent_3': 5, 'W_layer_units_exponent_4': 4, 'W_layer_units_exponent_5': 4, 'W_layer_units_exponent_6': 9, 'D_layers': 7, 'D_layer_units_exponent_0': 8, 'D_layer_units_exponent_1': 9, 'D_layer_units_exponent_2': 6, 'D_layer_units_exponent_3': 10, 'D_layer_units_exponent_4': 4, 'D_layer_units_exponent_5': 9, 'D_layer_units_exponent_6': 7, 'D_dagger_layers': 5, 'D_dagger_layer_units_exponent_0': 6, 'D_dagger_layer_units_exponent_1': 5, 'D_dagger_layer_units_exponent_2': 5, 'D_dagger_layer_units_exponent_3': 7, 'D_dagger_layer_units_exponent_4': 5, 'log_learning_rate': -3.856888591185184, 'log_learning_rate_D': -1.4255790797579433, 'log_learning_rate_D_dagger': -4.188810328375483, 'training_batch_size': 9, 'training_p': 7}
	 epoch  0 training error:  tensor(1.0817, device='cuda:0', grad_fn=<DivBackward0>)
Memory status after this epoch: 
Memory allocated:  5.51611328125
Memory cached:  132.0
	 epoch  10 training error:  tensor(1.0058, device='cuda:0', grad_fn=<DivBackward0>)
Memory status after this epoch: 
Memory allocated:  5.51611328125
Memory cached:  230.0
	 epoch  20 training error:  tensor(0.9196, device='cuda:0', grad_fn=<DivBackward0>)
Memory status after this epoch: 
Memory allocated:  5.51611328125
Memory cached:  252.0
	 epoch  30 training error:  tensor(0.7980, device='cuda:0', grad_fn=<DivBackward0>)
Memory status after this epoch: 
Memory allocated:  5.51611328125
Memory cached:  246.0
	 epoch  40 training error:  tensor(0.6078, device='cuda:0', grad_fn=<DivBackward0>)
Memory status after this epoch: 
Memory allocated:  5.51611328125
Memory cached:  244.0
	 epoch  50 training error:  tensor(0.2986, device='cuda:0', grad_fn=<DivBackward0>)
Memory status after this epoch: 
Memory allocated:  5.51611328125
Memory cached:  248.0
	 epoch  60 training error:  tensor(0.1247, device='cuda:0', grad_fn=<DivBackward0>)
Memory status after this epoch: 
Memory allocated:  5.51611328125
Memory cached:  262.0
	 epoch  70 training error:  tensor(0.0747, device='cuda:0', grad_fn=<DivBackward0>)
Memory status after this epoch: 
Memory allocated:  5.51611328125
Memory cached:  244.0
	 epoch  80 training error:  tensor(0.0386, device='cuda:0', grad_fn=<DivBackward0>)
Memory status after this epoch: 
Memory allocated:  5.51611328125
Memory cached:  254.0
	 epoch  90 training error:  tensor(0.0351, device='cuda:0', grad_fn=<DivBackward0>)
Memory status after this epoch: 
Memory allocated:  5.51611328125
Memory cached:  250.0
[I 2023-11-08 01:46:20,311] Trial 4 finished with value: 0.016807937994599342 and parameters: {'W_layers': 7, 'W_layer_units_exponent_0': 7, 'W_layer_units_exponent_1': 5, 'W_layer_units_exponent_2': 4, 'W_layer_units_exponent_3': 5, 'W_layer_units_exponent_4': 4, 'W_layer_units_exponent_5': 4, 'W_layer_units_exponent_6': 9, 'D_layers': 7, 'D_layer_units_exponent_0': 8, 'D_layer_units_exponent_1': 9, 'D_layer_units_exponent_2': 6, 'D_layer_units_exponent_3': 10, 'D_layer_units_exponent_4': 4, 'D_layer_units_exponent_5': 9, 'D_layer_units_exponent_6': 7, 'D_dagger_layers': 5, 'D_dagger_layer_units_exponent_0': 6, 'D_dagger_layer_units_exponent_1': 5, 'D_dagger_layer_units_exponent_2': 5, 'D_dagger_layer_units_exponent_3': 7, 'D_dagger_layer_units_exponent_4': 5, 'log_learning_rate': -3.856888591185184, 'log_learning_rate_D': -1.4255790797579433, 'log_learning_rate_D_dagger': -4.188810328375483, 'training_batch_size': 9, 'training_p': 7}. Best is trial 0 with value: 0.013535897247493267.
Time for this trial:  229.57635045051575
Memory status after this trial: 
Memory allocated:  192.8291015625
Memory cached:  196.0
--------------------  Trial  5   --------------------
Start timing: 
Parameters: 
{'W_layers': 6, 'W_layer_units_exponent_0': 9, 'W_layer_units_exponent_1': 10, 'W_layer_units_exponent_2': 5, 'W_layer_units_exponent_3': 5, 'W_layer_units_exponent_4': 6, 'W_layer_units_exponent_5': 6, 'D_layers': 2, 'D_layer_units_exponent_0': 4, 'D_layer_units_exponent_1': 4, 'D_dagger_layers': 8, 'D_dagger_layer_units_exponent_0': 5, 'D_dagger_layer_units_exponent_1': 6, 'D_dagger_layer_units_exponent_2': 5, 'D_dagger_layer_units_exponent_3': 9, 'D_dagger_layer_units_exponent_4': 10, 'D_dagger_layer_units_exponent_5': 7, 'D_dagger_layer_units_exponent_6': 4, 'D_dagger_layer_units_exponent_7': 7, 'log_learning_rate': -4.794798986061264, 'log_learning_rate_D': -3.7344354887777857, 'log_learning_rate_D_dagger': -2.582547024012358, 'training_batch_size': 10, 'training_p': 8}
	 epoch  0 training error:  tensor(1.0162, device='cuda:0', grad_fn=<DivBackward0>)
Memory status after this epoch: 
Memory allocated:  19.26025390625
Memory cached:  146.0
	 epoch  10 training error:  tensor(0.2503, device='cuda:0', grad_fn=<DivBackward0>)
Memory status after this epoch: 
Memory allocated:  19.26025390625
Memory cached:  266.0
	 epoch  20 training error:  tensor(0.1951, device='cuda:0', grad_fn=<DivBackward0>)
Memory status after this epoch: 
Memory allocated:  19.26025390625
Memory cached:  274.0
	 epoch  30 training error:  tensor(0.1425, device='cuda:0', grad_fn=<DivBackward0>)
Memory status after this epoch: 
Memory allocated:  19.26025390625
Memory cached:  262.0
	 epoch  40 training error:  tensor(0.1212, device='cuda:0', grad_fn=<DivBackward0>)
Memory status after this epoch: 
Memory allocated:  19.26025390625
Memory cached:  256.0
	 epoch  50 training error:  tensor(0.0807, device='cuda:0', grad_fn=<DivBackward0>)
Memory status after this epoch: 
Memory allocated:  19.26025390625
Memory cached:  264.0
	 epoch  60 training error:  tensor(0.0354, device='cuda:0', grad_fn=<DivBackward0>)
Memory status after this epoch: 
Memory allocated:  19.26025390625
Memory cached:  272.0
	 epoch  70 training error:  tensor(0.0585, device='cuda:0', grad_fn=<DivBackward0>)
Memory status after this epoch: 
Memory allocated:  19.26025390625
Memory cached:  264.0
	 epoch  80 training error:  tensor(0.0488, device='cuda:0', grad_fn=<DivBackward0>)
Memory status after this epoch: 
Memory allocated:  19.26025390625
Memory cached:  260.0
	 epoch  90 training error:  tensor(0.0600, device='cuda:0', grad_fn=<DivBackward0>)
Memory status after this epoch: 
Memory allocated:  19.26025390625
Memory cached:  252.0
