[I 2023-11-04 05:00:48,134] Trial 2 finished with value: 0.12157022953033447 and parameters: {'W_layers': 7, 'W_layer_units_exponent_0': 7, 'W_layer_units_exponent_1': 6, 'W_layer_units_exponent_2': 4, 'W_layer_units_exponent_3': 9, 'W_layer_units_exponent_4': 5, 'W_layer_units_exponent_5': 10, 'W_layer_units_exponent_6': 6, 'D_layers': 8, 'D_layer_units_exponent_0': 4, 'D_layer_units_exponent_1': 7, 'D_layer_units_exponent_2': 5, 'D_layer_units_exponent_3': 6, 'D_layer_units_exponent_4': 10, 'D_layer_units_exponent_5': 8, 'D_layer_units_exponent_6': 9, 'D_layer_units_exponent_7': 10, 'log_learning_rate': -2.013011690617631, 'log_learning_rate_D': -2.2871623102135246, 'training_batch_size': 9, 'training_p': 8}. Best is trial 0 with value: 0.04425015673041344.
Time for this trial:  197.66440320014954
Memory status after this trial: 
Memory allocated:  269.5751953125
Memory cached:  292.0
--------------------  Trial  3   --------------------
Start timing: 
Parameters: 
{'W_layers': 5, 'W_layer_units_exponent_0': 8, 'W_layer_units_exponent_1': 8, 'W_layer_units_exponent_2': 8, 'W_layer_units_exponent_3': 7, 'W_layer_units_exponent_4': 8, 'D_layers': 2, 'D_layer_units_exponent_0': 7, 'D_layer_units_exponent_1': 5, 'log_learning_rate': -1.1933812256358944, 'log_learning_rate_D': -2.0683313221379054, 'training_batch_size': 11, 'training_p': 8}
	 epoch  0 training error:  tensor(1.0397, device='cuda:0', grad_fn=<DivBackward0>)
Memory status after this epoch: 
Memory allocated:  3.1806640625
Memory cached:  8.0
	 epoch  10 training error:  tensor(1., device='cuda:0', grad_fn=<DivBackward0>)
Memory status after this epoch: 
Memory allocated:  3.1806640625
Memory cached:  10.0
	 epoch  20 training error:  tensor(inf, device='cuda:0', grad_fn=<DivBackward0>)
Memory status after this epoch: 
Memory allocated:  3.1806640625
Memory cached:  10.0
[W 2023-11-04 05:01:14,751] Trial 3 failed with parameters: {'W_layers': 5, 'W_layer_units_exponent_0': 8, 'W_layer_units_exponent_1': 8, 'W_layer_units_exponent_2': 8, 'W_layer_units_exponent_3': 7, 'W_layer_units_exponent_4': 8, 'D_layers': 2, 'D_layer_units_exponent_0': 7, 'D_layer_units_exponent_1': 5, 'log_learning_rate': -1.1933812256358944, 'log_learning_rate_D': -2.0683313221379054, 'training_batch_size': 11, 'training_p': 8} because of the following error: The value nan is not acceptable.
[W 2023-11-04 05:01:14,753] Trial 3 failed with value tensor(nan, device='cuda:0', grad_fn=<DivBackward0>).
Time for this trial:  26.46748661994934
Memory status after this trial: 
Memory allocated:  72.31494140625
Memory cached:  76.0
--------------------  Trial  4   --------------------
Start timing: 
Parameters: 
{'W_layers': 8, 'W_layer_units_exponent_0': 10, 'W_layer_units_exponent_1': 6, 'W_layer_units_exponent_2': 4, 'W_layer_units_exponent_3': 9, 'W_layer_units_exponent_4': 6, 'W_layer_units_exponent_5': 10, 'W_layer_units_exponent_6': 5, 'W_layer_units_exponent_7': 5, 'D_layers': 5, 'D_layer_units_exponent_0': 9, 'D_layer_units_exponent_1': 7, 'D_layer_units_exponent_2': 7, 'D_layer_units_exponent_3': 8, 'D_layer_units_exponent_4': 6, 'log_learning_rate': -1.8658181096596813, 'log_learning_rate_D': -3.46084927052981, 'training_batch_size': 8, 'training_p': 5}
	 epoch  0 training error:  tensor(0.9986, device='cuda:0', grad_fn=<DivBackward0>)
Memory status after this epoch: 
Memory allocated:  5.4697265625
Memory cached:  18.0
	 epoch  10 training error:  tensor(1.0001, device='cuda:0', grad_fn=<DivBackward0>)
Memory status after this epoch: 
Memory allocated:  5.4697265625
Memory cached:  22.0
	 epoch  20 training error:  tensor(1., device='cuda:0', grad_fn=<DivBackward0>)
Memory status after this epoch: 
Memory allocated:  5.4697265625
Memory cached:  22.0
	 epoch  30 training error:  tensor(1., device='cuda:0', grad_fn=<DivBackward0>)
Memory status after this epoch: 
Memory allocated:  5.4697265625
Memory cached:  24.0
	 epoch  40 training error:  tensor(1., device='cuda:0', grad_fn=<DivBackward0>)
Memory status after this epoch: 
Memory allocated:  5.4697265625
Memory cached:  24.0
	 epoch  50 training error:  tensor(1., device='cuda:0', grad_fn=<DivBackward0>)
Memory status after this epoch: 
Memory allocated:  5.4697265625
Memory cached:  24.0
	 epoch  60 training error:  tensor(1., device='cuda:0', grad_fn=<DivBackward0>)
Memory status after this epoch: 
Memory allocated:  5.4697265625
Memory cached:  24.0
	 epoch  70 training error:  tensor(1., device='cuda:0', grad_fn=<DivBackward0>)
Memory status after this epoch: 
Memory allocated:  5.4697265625
Memory cached:  24.0
	 epoch  80 training error:  tensor(1., device='cuda:0', grad_fn=<DivBackward0>)
Memory status after this epoch: 
Memory allocated:  5.4697265625
Memory cached:  24.0
	 epoch  90 training error:  tensor(1., device='cuda:0', grad_fn=<DivBackward0>)
Memory status after this epoch: 
Memory allocated:  5.4697265625
Memory cached:  24.0
[I 2023-11-04 05:04:09,767] Trial 4 finished with value: 1.0 and parameters: {'W_layers': 8, 'W_layer_units_exponent_0': 10, 'W_layer_units_exponent_1': 6, 'W_layer_units_exponent_2': 4, 'W_layer_units_exponent_3': 9, 'W_layer_units_exponent_4': 6, 'W_layer_units_exponent_5': 10, 'W_layer_units_exponent_6': 5, 'W_layer_units_exponent_7': 5, 'D_layers': 5, 'D_layer_units_exponent_0': 9, 'D_layer_units_exponent_1': 7, 'D_layer_units_exponent_2': 7, 'D_layer_units_exponent_3': 8, 'D_layer_units_exponent_4': 6, 'log_learning_rate': -1.8658181096596813, 'log_learning_rate_D': -3.46084927052981, 'training_batch_size': 8, 'training_p': 5}. Best is trial 0 with value: 0.04425015673041344.
Time for this trial:  174.81648087501526
Memory status after this trial: 
Memory allocated:  208.9990234375
Memory cached:  212.0
--------------------  Trial  5   --------------------
Start timing: 
Parameters: 
{'W_layers': 4, 'W_layer_units_exponent_0': 8, 'W_layer_units_exponent_1': 5, 'W_layer_units_exponent_2': 9, 'W_layer_units_exponent_3': 8, 'D_layers': 7, 'D_layer_units_exponent_0': 10, 'D_layer_units_exponent_1': 6, 'D_layer_units_exponent_2': 5, 'D_layer_units_exponent_3': 9, 'D_layer_units_exponent_4': 10, 'D_layer_units_exponent_5': 10, 'D_layer_units_exponent_6': 10, 'log_learning_rate': -4.225071222754838, 'log_learning_rate_D': -4.6491405833785935, 'training_batch_size': 7, 'training_p': 2}
	 epoch  0 training error:  tensor(0.9766, device='cuda:0', grad_fn=<DivBackward0>)
Memory status after this epoch: 
Memory allocated:  43.9677734375
Memory cached:  58.0
	 epoch  10 training error:  tensor(0.3175, device='cuda:0', grad_fn=<DivBackward0>)
Memory status after this epoch: 
Memory allocated:  43.9677734375
Memory cached:  68.0
	 epoch  20 training error:  tensor(0.1526, device='cuda:0', grad_fn=<DivBackward0>)
Memory status after this epoch: 
Memory allocated:  43.9677734375
Memory cached:  66.0
	 epoch  30 training error:  tensor(0.0837, device='cuda:0', grad_fn=<DivBackward0>)
Memory status after this epoch: 
Memory allocated:  43.9677734375
Memory cached:  66.0
	 epoch  40 training error:  tensor(0.0570, device='cuda:0', grad_fn=<DivBackward0>)
Memory status after this epoch: 
Memory allocated:  43.9677734375
Memory cached:  66.0
	 epoch  50 training error:  tensor(0.0520, device='cuda:0', grad_fn=<DivBackward0>)
Memory status after this epoch: 
Memory allocated:  43.9677734375
Memory cached:  66.0
	 epoch  60 training error:  tensor(0.0479, device='cuda:0', grad_fn=<DivBackward0>)
Memory status after this epoch: 
Memory allocated:  43.9677734375
Memory cached:  66.0
	 epoch  70 training error:  tensor(0.0433, device='cuda:0', grad_fn=<DivBackward0>)
Memory status after this epoch: 
Memory allocated:  43.9677734375
Memory cached:  66.0
	 epoch  80 training error:  tensor(0.0392, device='cuda:0', grad_fn=<DivBackward0>)
Memory status after this epoch: 
Memory allocated:  43.9677734375
Memory cached:  68.0
	 epoch  90 training error:  tensor(0.0377, device='cuda:0', grad_fn=<DivBackward0>)
Memory status after this epoch: 
Memory allocated:  43.9677734375
Memory cached:  66.0
[I 2023-11-04 05:07:03,789] Trial 5 finished with value: 0.04093475267291069 and parameters: {'W_layers': 4, 'W_layer_units_exponent_0': 8, 'W_layer_units_exponent_1': 5, 'W_layer_units_exponent_2': 9, 'W_layer_units_exponent_3': 8, 'D_layers': 7, 'D_layer_units_exponent_0': 10, 'D_layer_units_exponent_1': 6, 'D_layer_units_exponent_2': 5, 'D_layer_units_exponent_3': 9, 'D_layer_units_exponent_4': 10, 'D_layer_units_exponent_5': 10, 'D_layer_units_exponent_6': 10, 'log_learning_rate': -4.225071222754838, 'log_learning_rate_D': -4.6491405833785935, 'training_batch_size': 7, 'training_p': 2}. Best is trial 5 with value: 0.04093475267291069.
Time for this trial:  173.86517930030823
Memory status after this trial: 
Memory allocated:  327.83056640625
Memory cached:  352.0
--------------------  Trial  6   --------------------
Start timing: 
Parameters: 
{'W_layers': 8, 'W_layer_units_exponent_0': 10, 'W_layer_units_exponent_1': 6, 'W_layer_units_exponent_2': 8, 'W_layer_units_exponent_3': 9, 'W_layer_units_exponent_4': 6, 'W_layer_units_exponent_5': 10, 'W_layer_units_exponent_6': 10, 'W_layer_units_exponent_7': 4, 'D_layers': 5, 'D_layer_units_exponent_0': 5, 'D_layer_units_exponent_1': 10, 'D_layer_units_exponent_2': 5, 'D_layer_units_exponent_3': 9, 'D_layer_units_exponent_4': 7, 'log_learning_rate': -1.204308115640072, 'log_learning_rate_D': -2.7155834573503186, 'training_batch_size': 11, 'training_p': 5}
	 epoch  0 training error:  tensor(0.9925, device='cuda:0', grad_fn=<DivBackward0>)
Memory status after this epoch: 
Memory allocated:  23.5322265625
Memory cached:  40.0
	 epoch  10 training error:  tensor(1., device='cuda:0', grad_fn=<DivBackward0>)
Memory status after this epoch: 
Memory allocated:  23.5322265625
Memory cached:  44.0
	 epoch  20 training error:  tensor(1., device='cuda:0', grad_fn=<DivBackward0>)
Memory status after this epoch: 
Memory allocated:  23.5322265625
Memory cached:  44.0
	 epoch  30 training error:  tensor(1., device='cuda:0', grad_fn=<DivBackward0>)
Memory status after this epoch: 
Memory allocated:  23.5322265625
Memory cached:  44.0
	 epoch  40 training error:  tensor(1., device='cuda:0', grad_fn=<DivBackward0>)
Memory status after this epoch: 
Memory allocated:  23.5322265625
Memory cached:  44.0
	 epoch  50 training error:  tensor(1., device='cuda:0', grad_fn=<DivBackward0>)
Memory status after this epoch: 
Memory allocated:  23.5322265625
Memory cached:  44.0
	 epoch  60 training error:  tensor(1., device='cuda:0', grad_fn=<DivBackward0>)
Memory status after this epoch: 
Memory allocated:  23.5322265625
Memory cached:  44.0
	 epoch  70 training error:  tensor(1., device='cuda:0', grad_fn=<DivBackward0>)
Memory status after this epoch: 
Memory allocated:  23.5322265625
Memory cached:  44.0
	 epoch  80 training error:  tensor(1., device='cuda:0', grad_fn=<DivBackward0>)
Memory status after this epoch: 
Memory allocated:  23.5322265625
Memory cached:  44.0
	 epoch  90 training error:  tensor(1., device='cuda:0', grad_fn=<DivBackward0>)
Memory status after this epoch: 
Memory allocated:  23.5322265625
Memory cached:  44.0
[I 2023-11-04 05:10:11,669] Trial 6 finished with value: 1.0 and parameters: {'W_layers': 8, 'W_layer_units_exponent_0': 10, 'W_layer_units_exponent_1': 6, 'W_layer_units_exponent_2': 8, 'W_layer_units_exponent_3': 9, 'W_layer_units_exponent_4': 6, 'W_layer_units_exponent_5': 10, 'W_layer_units_exponent_6': 10, 'W_layer_units_exponent_7': 4, 'D_layers': 5, 'D_layer_units_exponent_0': 5, 'D_layer_units_exponent_1': 10, 'D_layer_units_exponent_2': 5, 'D_layer_units_exponent_3': 9, 'D_layer_units_exponent_4': 7, 'log_learning_rate': -1.204308115640072, 'log_learning_rate_D': -2.7155834573503186, 'training_batch_size': 11, 'training_p': 5}. Best is trial 5 with value: 0.04093475267291069.
Time for this trial:  187.72551202774048
Memory status after this trial: 
Memory allocated:  316.8095703125
Memory cached:  334.0
--------------------  Trial  7   --------------------
Start timing: 
Parameters: 
{'W_layers': 4, 'W_layer_units_exponent_0': 4, 'W_layer_units_exponent_1': 7, 'W_layer_units_exponent_2': 6, 'W_layer_units_exponent_3': 5, 'D_layers': 8, 'D_layer_units_exponent_0': 5, 'D_layer_units_exponent_1': 7, 'D_layer_units_exponent_2': 7, 'D_layer_units_exponent_3': 5, 'D_layer_units_exponent_4': 9, 'D_layer_units_exponent_5': 9, 'D_layer_units_exponent_6': 4, 'D_layer_units_exponent_7': 4, 'log_learning_rate': -4.061216540737338, 'log_learning_rate_D': -4.102742643207239, 'training_batch_size': 6, 'training_p': 3}
	 epoch  0 training error:  tensor(0.9694, device='cuda:0', grad_fn=<DivBackward0>)
Memory status after this epoch: 
Memory allocated:  5.00390625
Memory cached:  14.0
	 epoch  10 training error:  tensor(0.7154, device='cuda:0', grad_fn=<DivBackward0>)
Memory status after this epoch: 
Memory allocated:  5.00390625
Memory cached:  12.0
	 epoch  20 training error:  tensor(0.4057, device='cuda:0', grad_fn=<DivBackward0>)
Memory status after this epoch: 
Memory allocated:  5.00390625
Memory cached:  12.0
	 epoch  30 training error:  tensor(0.1332, device='cuda:0', grad_fn=<DivBackward0>)
Memory status after this epoch: 
Memory allocated:  5.00390625
Memory cached:  12.0
	 epoch  40 training error:  tensor(0.1231, device='cuda:0', grad_fn=<DivBackward0>)
Memory status after this epoch: 
Memory allocated:  5.00390625
Memory cached:  12.0
	 epoch  50 training error:  tensor(0.1171, device='cuda:0', grad_fn=<DivBackward0>)
Memory status after this epoch: 
Memory allocated:  5.00390625
Memory cached:  12.0
	 epoch  60 training error:  tensor(0.1122, device='cuda:0', grad_fn=<DivBackward0>)
Memory status after this epoch: 
Memory allocated:  5.00390625
Memory cached:  12.0
	 epoch  70 training error:  tensor(0.1080, device='cuda:0', grad_fn=<DivBackward0>)
Memory status after this epoch: 
Memory allocated:  5.00390625
Memory cached:  12.0
	 epoch  80 training error:  tensor(0.1037, device='cuda:0', grad_fn=<DivBackward0>)
Memory status after this epoch: 
Memory allocated:  5.00390625
Memory cached:  12.0
	 epoch  90 training error:  tensor(0.0990, device='cuda:0', grad_fn=<DivBackward0>)
Memory status after this epoch: 
Memory allocated:  5.00390625
Memory cached:  12.0
[I 2023-11-04 05:14:51,833] Trial 7 finished with value: 0.09307752549648285 and parameters: {'W_layers': 4, 'W_layer_units_exponent_0': 4, 'W_layer_units_exponent_1': 7, 'W_layer_units_exponent_2': 6, 'W_layer_units_exponent_3': 5, 'D_layers': 8, 'D_layer_units_exponent_0': 5, 'D_layer_units_exponent_1': 7, 'D_layer_units_exponent_2': 7, 'D_layer_units_exponent_3': 5, 'D_layer_units_exponent_4': 9, 'D_layer_units_exponent_5': 9, 'D_layer_units_exponent_6': 4, 'D_layer_units_exponent_7': 4, 'log_learning_rate': -4.061216540737338, 'log_learning_rate_D': -4.102742643207239, 'training_batch_size': 6, 'training_p': 3}. Best is trial 5 with value: 0.04093475267291069.
Time for this trial:  279.998859167099
Memory status after this trial: 
Memory allocated:  89.333984375
Memory cached:  94.0
--------------------  Trial  8   --------------------
Start timing: 
Parameters: 
{'W_layers': 2, 'W_layer_units_exponent_0': 4, 'W_layer_units_exponent_1': 6, 'D_layers': 8, 'D_layer_units_exponent_0': 10, 'D_layer_units_exponent_1': 8, 'D_layer_units_exponent_2': 6, 'D_layer_units_exponent_3': 4, 'D_layer_units_exponent_4': 5, 'D_layer_units_exponent_5': 9, 'D_layer_units_exponent_6': 4, 'D_layer_units_exponent_7': 6, 'log_learning_rate': -3.1926197172836455, 'log_learning_rate_D': -4.370307814942956, 'training_batch_size': 6, 'training_p': 8}
	 epoch  0 training error:  tensor(0.2187, device='cuda:0', grad_fn=<DivBackward0>)
Memory status after this epoch: 
Memory allocated:  4.869140625
Memory cached:  16.0
	 epoch  10 training error:  tensor(0.1074, device='cuda:0', grad_fn=<DivBackward0>)
Memory status after this epoch: 
Memory allocated:  4.869140625
Memory cached:  16.0
	 epoch  20 training error:  tensor(0.0761, device='cuda:0', grad_fn=<DivBackward0>)
Memory status after this epoch: 
Memory allocated:  4.869140625
Memory cached:  16.0
	 epoch  30 training error:  tensor(0.0598, device='cuda:0', grad_fn=<DivBackward0>)
Memory status after this epoch: 
Memory allocated:  4.869140625
Memory cached:  16.0
	 epoch  40 training error:  tensor(0.0566, device='cuda:0', grad_fn=<DivBackward0>)
Memory status after this epoch: 
Memory allocated:  4.869140625
Memory cached:  16.0
	 epoch  50 training error:  tensor(0.0553, device='cuda:0', grad_fn=<DivBackward0>)
Memory status after this epoch: 
Memory allocated:  4.869140625
Memory cached:  16.0
	 epoch  60 training error:  tensor(0.0529, device='cuda:0', grad_fn=<DivBackward0>)
Memory status after this epoch: 
Memory allocated:  4.869140625
Memory cached:  16.0
	 epoch  70 training error:  tensor(0.0523, device='cuda:0', grad_fn=<DivBackward0>)
Memory status after this epoch: 
Memory allocated:  4.869140625
Memory cached:  16.0
	 epoch  80 training error:  tensor(0.0507, device='cuda:0', grad_fn=<DivBackward0>)
Memory status after this epoch: 
Memory allocated:  4.869140625
Memory cached:  16.0
	 epoch  90 training error:  tensor(0.0492, device='cuda:0', grad_fn=<DivBackward0>)
Memory status after this epoch: 
Memory allocated:  4.869140625
Memory cached:  16.0
[I 2023-11-04 05:19:04,830] Trial 8 finished with value: 0.04275559261441231 and parameters: {'W_layers': 2, 'W_layer_units_exponent_0': 4, 'W_layer_units_exponent_1': 6, 'D_layers': 8, 'D_layer_units_exponent_0': 10, 'D_layer_units_exponent_1': 8, 'D_layer_units_exponent_2': 6, 'D_layer_units_exponent_3': 4, 'D_layer_units_exponent_4': 5, 'D_layer_units_exponent_5': 9, 'D_layer_units_exponent_6': 4, 'D_layer_units_exponent_7': 6, 'log_learning_rate': -3.1926197172836455, 'log_learning_rate_D': -4.370307814942956, 'training_batch_size': 6, 'training_p': 8}. Best is trial 5 with value: 0.04093475267291069.
Time for this trial:  252.82649540901184
Memory status after this trial: 
Memory allocated:  112.86767578125
Memory cached:  116.0
--------------------  Trial  9   --------------------
Start timing: 
Parameters: 
{'W_layers': 5, 'W_layer_units_exponent_0': 6, 'W_layer_units_exponent_1': 6, 'W_layer_units_exponent_2': 5, 'W_layer_units_exponent_3': 5, 'W_layer_units_exponent_4': 5, 'D_layers': 2, 'D_layer_units_exponent_0': 6, 'D_layer_units_exponent_1': 9, 'log_learning_rate': -4.226367886439098, 'log_learning_rate_D': -3.276279216217243, 'training_batch_size': 8, 'training_p': 6}
	 epoch  0 training error:  tensor(0.9340, device='cuda:0', grad_fn=<DivBackward0>)
Memory status after this epoch: 
Memory allocated:  0.7119140625
Memory cached:  6.0
	 epoch  10 training error:  tensor(0.8748, device='cuda:0', grad_fn=<DivBackward0>)
Memory status after this epoch: 
Memory allocated:  0.7119140625
Memory cached:  6.0
	 epoch  20 training error:  tensor(0.8183, device='cuda:0', grad_fn=<DivBackward0>)
Memory status after this epoch: 
Memory allocated:  0.7119140625
Memory cached:  6.0
	 epoch  30 training error:  tensor(0.7569, device='cuda:0', grad_fn=<DivBackward0>)
Memory status after this epoch: 
Memory allocated:  0.7119140625
Memory cached:  6.0
	 epoch  40 training error:  tensor(0.6889, device='cuda:0', grad_fn=<DivBackward0>)
Memory status after this epoch: 
Memory allocated:  0.7119140625
Memory cached:  6.0
	 epoch  50 training error:  tensor(0.6114, device='cuda:0', grad_fn=<DivBackward0>)
Memory status after this epoch: 
Memory allocated:  0.7119140625
Memory cached:  6.0
	 epoch  60 training error:  tensor(0.5219, device='cuda:0', grad_fn=<DivBackward0>)
Memory status after this epoch: 
Memory allocated:  0.7119140625
Memory cached:  6.0
	 epoch  70 training error:  tensor(0.4194, device='cuda:0', grad_fn=<DivBackward0>)
Memory status after this epoch: 
Memory allocated:  0.7119140625
Memory cached:  6.0
	 epoch  80 training error:  tensor(0.3052, device='cuda:0', grad_fn=<DivBackward0>)
Memory status after this epoch: 
Memory allocated:  0.7119140625
Memory cached:  6.0
	 epoch  90 training error:  tensor(0.1818, device='cuda:0', grad_fn=<DivBackward0>)
Memory status after this epoch: 
Memory allocated:  0.7119140625
Memory cached:  6.0
