[I 2023-10-30 16:19:12,343] Trial 44 finished with value: 0.2261027842760086 and parameters: {'W_layers': 4, 'W_layer_units_exponent_0': 10, 'W_layer_units_exponent_1': 8, 'W_layer_units_exponent_2': 9, 'W_layer_units_exponent_3': 7, 'D_layers': 4, 'D_layer_units_exponent_0': 6, 'D_layer_units_exponent_1': 8, 'D_layer_units_exponent_2': 8, 'D_layer_units_exponent_3': 9, 'log_learning_rate': -3.629630532039353, 'log_learning_rate_D': -2.955715038232653, 'training_batch_size': 8, 'training_p': 8}. Best is trial 1 with value: 0.22552898526191711.
Time for this trial:  17.14599061012268
Memory status after this trial: 
Memory allocated:  107.59619140625
Memory cached:  136.0
--------------------  Trial  45   --------------------
Start timing: 
Parameters: 
{'W_layers': 4, 'W_layer_units_exponent_0': 10, 'W_layer_units_exponent_1': 7, 'W_layer_units_exponent_2': 10, 'W_layer_units_exponent_3': 7, 'D_layers': 3, 'D_layer_units_exponent_0': 5, 'D_layer_units_exponent_1': 9, 'D_layer_units_exponent_2': 7, 'log_learning_rate': -3.881608354274132, 'log_learning_rate_D': -3.6664648678509404, 'training_batch_size': 6, 'training_p': 8}
	 epoch  0 training error:  tensor(1.0000, device='cuda:0', grad_fn=<DivBackward0>)
Memory status after this epoch: 
Memory allocated:  6.439453125
Memory cached:  8.0
	 epoch  10 training error:  tensor(0.9549, device='cuda:0', grad_fn=<DivBackward0>)
Memory status after this epoch: 
Memory allocated:  6.439453125
Memory cached:  8.0
	 epoch  20 training error:  tensor(0.2665, device='cuda:0', grad_fn=<DivBackward0>)
Memory status after this epoch: 
Memory allocated:  6.439453125
Memory cached:  8.0
	 epoch  30 training error:  tensor(0.2595, device='cuda:0', grad_fn=<DivBackward0>)
Memory status after this epoch: 
Memory allocated:  6.439453125
Memory cached:  8.0
	 epoch  40 training error:  tensor(0.2605, device='cuda:0', grad_fn=<DivBackward0>)
Memory status after this epoch: 
Memory allocated:  6.439453125
Memory cached:  8.0
	 epoch  50 training error:  tensor(0.2826, device='cuda:0', grad_fn=<DivBackward0>)
Memory status after this epoch: 
Memory allocated:  6.439453125
Memory cached:  8.0
	 epoch  60 training error:  tensor(0.2621, device='cuda:0', grad_fn=<DivBackward0>)
Memory status after this epoch: 
Memory allocated:  6.439453125
Memory cached:  8.0
	 epoch  70 training error:  tensor(0.2593, device='cuda:0', grad_fn=<DivBackward0>)
Memory status after this epoch: 
Memory allocated:  6.439453125
Memory cached:  8.0
	 epoch  80 training error:  tensor(0.2688, device='cuda:0', grad_fn=<DivBackward0>)
Memory status after this epoch: 
Memory allocated:  6.439453125
Memory cached:  8.0
	 epoch  90 training error:  tensor(0.2643, device='cuda:0', grad_fn=<DivBackward0>)
Memory status after this epoch: 
Memory allocated:  6.439453125
Memory cached:  8.0
[I 2023-10-30 16:19:31,707] Trial 45 finished with value: 0.2278430461883545 and parameters: {'W_layers': 4, 'W_layer_units_exponent_0': 10, 'W_layer_units_exponent_1': 7, 'W_layer_units_exponent_2': 10, 'W_layer_units_exponent_3': 7, 'D_layers': 3, 'D_layer_units_exponent_0': 5, 'D_layer_units_exponent_1': 9, 'D_layer_units_exponent_2': 7, 'log_learning_rate': -3.881608354274132, 'log_learning_rate_D': -3.6664648678509404, 'training_batch_size': 6, 'training_p': 8}. Best is trial 1 with value: 0.22552898526191711.
Time for this trial:  19.147323846817017
Memory status after this trial: 
Memory allocated:  126.57568359375
Memory cached:  158.0
--------------------  Trial  46   --------------------
Start timing: 
Parameters: 
{'W_layers': 4, 'W_layer_units_exponent_0': 10, 'W_layer_units_exponent_1': 9, 'W_layer_units_exponent_2': 6, 'W_layer_units_exponent_3': 9, 'D_layers': 2, 'D_layer_units_exponent_0': 7, 'D_layer_units_exponent_1': 7, 'log_learning_rate': -3.1679346885904653, 'log_learning_rate_D': -4.45229419055712, 'training_batch_size': 8, 'training_p': 7}
	 epoch  0 training error:  tensor(1.0000, device='cuda:0', grad_fn=<DivBackward0>)
Memory status after this epoch: 
Memory allocated:  9.2158203125
Memory cached:  18.0
	 epoch  10 training error:  tensor(0.2998, device='cuda:0', grad_fn=<DivBackward0>)
Memory status after this epoch: 
Memory allocated:  9.2158203125
Memory cached:  18.0
	 epoch  20 training error:  tensor(0.3147, device='cuda:0', grad_fn=<DivBackward0>)
Memory status after this epoch: 
Memory allocated:  9.2158203125
Memory cached:  18.0
	 epoch  30 training error:  tensor(0.2675, device='cuda:0', grad_fn=<DivBackward0>)
Memory status after this epoch: 
Memory allocated:  9.2158203125
Memory cached:  18.0
	 epoch  40 training error:  tensor(0.2584, device='cuda:0', grad_fn=<DivBackward0>)
Memory status after this epoch: 
Memory allocated:  9.2158203125
Memory cached:  18.0
	 epoch  50 training error:  tensor(0.2606, device='cuda:0', grad_fn=<DivBackward0>)
Memory status after this epoch: 
Memory allocated:  9.2158203125
Memory cached:  18.0
	 epoch  60 training error:  tensor(0.2589, device='cuda:0', grad_fn=<DivBackward0>)
Memory status after this epoch: 
Memory allocated:  9.2158203125
Memory cached:  18.0
	 epoch  70 training error:  tensor(0.2587, device='cuda:0', grad_fn=<DivBackward0>)
Memory status after this epoch: 
Memory allocated:  9.2158203125
Memory cached:  18.0
	 epoch  80 training error:  tensor(0.2584, device='cuda:0', grad_fn=<DivBackward0>)
Memory status after this epoch: 
Memory allocated:  9.2158203125
Memory cached:  18.0
	 epoch  90 training error:  tensor(0.2584, device='cuda:0', grad_fn=<DivBackward0>)
Memory status after this epoch: 
Memory allocated:  9.2158203125
Memory cached:  18.0
[I 2023-10-30 16:19:49,222] Trial 46 finished with value: 0.22642123699188232 and parameters: {'W_layers': 4, 'W_layer_units_exponent_0': 10, 'W_layer_units_exponent_1': 9, 'W_layer_units_exponent_2': 6, 'W_layer_units_exponent_3': 9, 'D_layers': 2, 'D_layer_units_exponent_0': 7, 'D_layer_units_exponent_1': 7, 'log_learning_rate': -3.1679346885904653, 'log_learning_rate_D': -4.45229419055712, 'training_batch_size': 8, 'training_p': 7}. Best is trial 1 with value: 0.22552898526191711.
Time for this trial:  17.334801197052002
Memory status after this trial: 
Memory allocated:  119.51123046875
Memory cached:  142.0
--------------------  Trial  47   --------------------
Start timing: 
Parameters: 
{'W_layers': 4, 'W_layer_units_exponent_0': 9, 'W_layer_units_exponent_1': 8, 'W_layer_units_exponent_2': 9, 'W_layer_units_exponent_3': 6, 'D_layers': 4, 'D_layer_units_exponent_0': 6, 'D_layer_units_exponent_1': 8, 'D_layer_units_exponent_2': 6, 'D_layer_units_exponent_3': 7, 'log_learning_rate': -4.474464859509574, 'log_learning_rate_D': -3.3084668919954496, 'training_batch_size': 6, 'training_p': 6}
	 epoch  0 training error:  tensor(1.0000, device='cuda:0', grad_fn=<DivBackward0>)
Memory status after this epoch: 
Memory allocated:  4.76123046875
Memory cached:  8.0
	 epoch  10 training error:  tensor(0.9994, device='cuda:0', grad_fn=<DivBackward0>)
Memory status after this epoch: 
Memory allocated:  4.76123046875
Memory cached:  8.0
	 epoch  20 training error:  tensor(0.9976, device='cuda:0', grad_fn=<DivBackward0>)
Memory status after this epoch: 
Memory allocated:  4.76123046875
Memory cached:  6.0
	 epoch  30 training error:  tensor(0.9902, device='cuda:0', grad_fn=<DivBackward0>)
Memory status after this epoch: 
Memory allocated:  4.76123046875
Memory cached:  6.0
	 epoch  40 training error:  tensor(0.9501, device='cuda:0', grad_fn=<DivBackward0>)
Memory status after this epoch: 
Memory allocated:  4.76123046875
Memory cached:  6.0
	 epoch  50 training error:  tensor(0.7705, device='cuda:0', grad_fn=<DivBackward0>)
Memory status after this epoch: 
Memory allocated:  4.76123046875
Memory cached:  6.0
	 epoch  60 training error:  tensor(0.3029, device='cuda:0', grad_fn=<DivBackward0>)
Memory status after this epoch: 
Memory allocated:  4.76123046875
Memory cached:  8.0
	 epoch  70 training error:  tensor(0.2580, device='cuda:0', grad_fn=<DivBackward0>)
Memory status after this epoch: 
Memory allocated:  4.76123046875
Memory cached:  6.0
	 epoch  80 training error:  tensor(0.2579, device='cuda:0', grad_fn=<DivBackward0>)
Memory status after this epoch: 
Memory allocated:  4.76123046875
Memory cached:  6.0
	 epoch  90 training error:  tensor(0.2573, device='cuda:0', grad_fn=<DivBackward0>)
Memory status after this epoch: 
Memory allocated:  4.76123046875
Memory cached:  6.0
[I 2023-10-30 16:20:07,504] Trial 47 finished with value: 0.22626729309558868 and parameters: {'W_layers': 4, 'W_layer_units_exponent_0': 9, 'W_layer_units_exponent_1': 8, 'W_layer_units_exponent_2': 9, 'W_layer_units_exponent_3': 6, 'D_layers': 4, 'D_layer_units_exponent_0': 6, 'D_layer_units_exponent_1': 8, 'D_layer_units_exponent_2': 6, 'D_layer_units_exponent_3': 7, 'log_learning_rate': -4.474464859509574, 'log_learning_rate_D': -3.3084668919954496, 'training_batch_size': 6, 'training_p': 6}. Best is trial 1 with value: 0.22552898526191711.
Time for this trial:  18.06452751159668
Memory status after this trial: 
Memory allocated:  75.10791015625
Memory cached:  90.0
--------------------  Trial  48   --------------------
Start timing: 
Parameters: 
{'W_layers': 3, 'W_layer_units_exponent_0': 7, 'W_layer_units_exponent_1': 7, 'W_layer_units_exponent_2': 7, 'D_layers': 3, 'D_layer_units_exponent_0': 4, 'D_layer_units_exponent_1': 6, 'D_layer_units_exponent_2': 9, 'log_learning_rate': -4.02048161469989, 'log_learning_rate_D': -3.880065475063778, 'training_batch_size': 7, 'training_p': 8}
	 epoch  0 training error:  tensor(0.9995, device='cuda:0', grad_fn=<DivBackward0>)
Memory status after this epoch: 
Memory allocated:  0.73876953125
Memory cached:  2.0
	 epoch  10 training error:  tensor(0.9974, device='cuda:0', grad_fn=<DivBackward0>)
Memory status after this epoch: 
Memory allocated:  0.73876953125
Memory cached:  2.0
	 epoch  20 training error:  tensor(0.9946, device='cuda:0', grad_fn=<DivBackward0>)
Memory status after this epoch: 
Memory allocated:  0.73876953125
Memory cached:  2.0
	 epoch  30 training error:  tensor(0.9900, device='cuda:0', grad_fn=<DivBackward0>)
Memory status after this epoch: 
Memory allocated:  0.73876953125
Memory cached:  2.0
	 epoch  40 training error:  tensor(0.9815, device='cuda:0', grad_fn=<DivBackward0>)
Memory status after this epoch: 
Memory allocated:  0.73876953125
Memory cached:  2.0
	 epoch  50 training error:  tensor(0.9634, device='cuda:0', grad_fn=<DivBackward0>)
Memory status after this epoch: 
Memory allocated:  0.73876953125
Memory cached:  2.0
	 epoch  60 training error:  tensor(0.9207, device='cuda:0', grad_fn=<DivBackward0>)
Memory status after this epoch: 
Memory allocated:  0.73876953125
Memory cached:  2.0
	 epoch  70 training error:  tensor(0.8160, device='cuda:0', grad_fn=<DivBackward0>)
Memory status after this epoch: 
Memory allocated:  0.73876953125
Memory cached:  2.0
	 epoch  80 training error:  tensor(0.5645, device='cuda:0', grad_fn=<DivBackward0>)
Memory status after this epoch: 
Memory allocated:  0.73876953125
Memory cached:  2.0
	 epoch  90 training error:  tensor(0.3259, device='cuda:0', grad_fn=<DivBackward0>)
Memory status after this epoch: 
Memory allocated:  0.73876953125
Memory cached:  2.0
[I 2023-10-30 16:20:23,088] Trial 48 finished with value: 0.22643354535102844 and parameters: {'W_layers': 3, 'W_layer_units_exponent_0': 7, 'W_layer_units_exponent_1': 7, 'W_layer_units_exponent_2': 7, 'D_layers': 3, 'D_layer_units_exponent_0': 4, 'D_layer_units_exponent_1': 6, 'D_layer_units_exponent_2': 9, 'log_learning_rate': -4.02048161469989, 'log_learning_rate_D': -3.880065475063778, 'training_batch_size': 7, 'training_p': 8}. Best is trial 1 with value: 0.22552898526191711.
Time for this trial:  15.395511388778687
Memory status after this trial: 
Memory allocated:  20.89013671875
Memory cached:  22.0
--------------------  Trial  49   --------------------
Start timing: 
Parameters: 
{'W_layers': 5, 'W_layer_units_exponent_0': 8, 'W_layer_units_exponent_1': 8, 'W_layer_units_exponent_2': 8, 'W_layer_units_exponent_3': 5, 'W_layer_units_exponent_4': 10, 'D_layers': 2, 'D_layer_units_exponent_0': 8, 'D_layer_units_exponent_1': 10, 'log_learning_rate': -2.7561394849372034, 'log_learning_rate_D': -4.133165514069198, 'training_batch_size': 6, 'training_p': 5}
	 epoch  0 training error:  tensor(1.0000, device='cuda:0', grad_fn=<DivBackward0>)
Memory status after this epoch: 
Memory allocated:  3.75341796875
Memory cached:  4.0
	 epoch  10 training error:  tensor(0.8963, device='cuda:0', grad_fn=<DivBackward0>)
Memory status after this epoch: 
Memory allocated:  3.75341796875
Memory cached:  4.0
	 epoch  20 training error:  tensor(0.5660, device='cuda:0', grad_fn=<DivBackward0>)
Memory status after this epoch: 
Memory allocated:  3.75341796875
Memory cached:  4.0
	 epoch  30 training error:  tensor(0.4202, device='cuda:0', grad_fn=<DivBackward0>)
Memory status after this epoch: 
Memory allocated:  3.75341796875
Memory cached:  4.0
	 epoch  40 training error:  tensor(0.2541, device='cuda:0', grad_fn=<DivBackward0>)
Memory status after this epoch: 
Memory allocated:  3.75341796875
Memory cached:  4.0
	 epoch  50 training error:  tensor(0.2554, device='cuda:0', grad_fn=<DivBackward0>)
Memory status after this epoch: 
Memory allocated:  3.75341796875
Memory cached:  4.0
	 epoch  60 training error:  tensor(0.2553, device='cuda:0', grad_fn=<DivBackward0>)
Memory status after this epoch: 
Memory allocated:  3.75341796875
Memory cached:  4.0
	 epoch  70 training error:  tensor(0.2554, device='cuda:0', grad_fn=<DivBackward0>)
Memory status after this epoch: 
Memory allocated:  3.75341796875
Memory cached:  4.0
	 epoch  80 training error:  tensor(0.2557, device='cuda:0', grad_fn=<DivBackward0>)
Memory status after this epoch: 
Memory allocated:  3.75341796875
Memory cached:  4.0
	 epoch  90 training error:  tensor(0.2553, device='cuda:0', grad_fn=<DivBackward0>)
Memory status after this epoch: 
Memory allocated:  3.75341796875
Memory cached:  4.0
[I 2023-10-30 16:20:42,501] Trial 49 finished with value: 0.22700409591197968 and parameters: {'W_layers': 5, 'W_layer_units_exponent_0': 8, 'W_layer_units_exponent_1': 8, 'W_layer_units_exponent_2': 8, 'W_layer_units_exponent_3': 5, 'W_layer_units_exponent_4': 10, 'D_layers': 2, 'D_layer_units_exponent_0': 8, 'D_layer_units_exponent_1': 10, 'log_learning_rate': -2.7561394849372034, 'log_learning_rate_D': -4.133165514069198, 'training_batch_size': 6, 'training_p': 5}. Best is trial 1 with value: 0.22552898526191711.
[I 2023-10-30 16:20:42,501] A new study created in memory with name: no-name-16e296f3-6f16-4c62-8ff3-3217e1c07727
Time for this trial:  19.226654767990112
Memory status after this trial: 
Memory allocated:  100.75146484375
Memory cached:  106.0
--------------------  Trial  0   --------------------
Start timing: 
Parameters: 
{'W_layers': 5, 'W_layer_units_exponent_0': 9, 'W_layer_units_exponent_1': 4, 'W_layer_units_exponent_2': 4, 'W_layer_units_exponent_3': 8, 'W_layer_units_exponent_4': 9, 'D_layers': 4, 'D_layer_units_exponent_0': 6, 'D_layer_units_exponent_1': 8, 'D_layer_units_exponent_2': 9, 'D_layer_units_exponent_3': 7, 'log_learning_rate': -4.687651977883706, 'log_learning_rate_D': -2.2349200599896575, 'training_batch_size': 12, 'training_p': 5}
	 epoch  0 training error:  tensor(1., device='cuda:0', grad_fn=<DivBackward0>)
Memory status after this epoch: 
Memory allocated:  5.6083984375
Memory cached:  16.0
	 epoch  10 training error:  tensor(1., device='cuda:0', grad_fn=<DivBackward0>)
Memory status after this epoch: 
Memory allocated:  5.6083984375
Memory cached:  20.0
	 epoch  20 training error:  tensor(1., device='cuda:0', grad_fn=<DivBackward0>)
Memory status after this epoch: 
Memory allocated:  5.6083984375
Memory cached:  20.0
	 epoch  30 training error:  tensor(1.0000, device='cuda:0', grad_fn=<DivBackward0>)
Memory status after this epoch: 
Memory allocated:  5.6083984375
Memory cached:  20.0
	 epoch  40 training error:  tensor(1.0000, device='cuda:0', grad_fn=<DivBackward0>)
Memory status after this epoch: 
Memory allocated:  5.6083984375
Memory cached:  20.0
	 epoch  50 training error:  tensor(1.0000, device='cuda:0', grad_fn=<DivBackward0>)
Memory status after this epoch: 
Memory allocated:  5.6083984375
Memory cached:  20.0
	 epoch  60 training error:  tensor(1.0000, device='cuda:0', grad_fn=<DivBackward0>)
Memory status after this epoch: 
Memory allocated:  5.6083984375
Memory cached:  20.0
	 epoch  70 training error:  tensor(1.0000, device='cuda:0', grad_fn=<DivBackward0>)
Memory status after this epoch: 
Memory allocated:  5.6083984375
Memory cached:  20.0
	 epoch  80 training error:  tensor(1.0000, device='cuda:0', grad_fn=<DivBackward0>)
Memory status after this epoch: 
Memory allocated:  5.6083984375
Memory cached:  20.0
	 epoch  90 training error:  tensor(1.0000, device='cuda:0', grad_fn=<DivBackward0>)
Memory status after this epoch: 
Memory allocated:  5.6083984375
Memory cached:  20.0
[I 2023-10-30 16:23:00,753] Trial 0 finished with value: 0.999991238117218 and parameters: {'W_layers': 5, 'W_layer_units_exponent_0': 9, 'W_layer_units_exponent_1': 4, 'W_layer_units_exponent_2': 4, 'W_layer_units_exponent_3': 8, 'W_layer_units_exponent_4': 9, 'D_layers': 4, 'D_layer_units_exponent_0': 6, 'D_layer_units_exponent_1': 8, 'D_layer_units_exponent_2': 9, 'D_layer_units_exponent_3': 7, 'log_learning_rate': -4.687651977883706, 'log_learning_rate_D': -2.2349200599896575, 'training_batch_size': 12, 'training_p': 5}. Best is trial 0 with value: 0.999991238117218.
Time for this trial:  138.1433482170105
Memory status after this trial: 
Memory allocated:  124.712890625
Memory cached:  128.0
--------------------  Trial  1   --------------------
Start timing: 
Parameters: 
{'W_layers': 3, 'W_layer_units_exponent_0': 7, 'W_layer_units_exponent_1': 4, 'W_layer_units_exponent_2': 10, 'D_layers': 5, 'D_layer_units_exponent_0': 9, 'D_layer_units_exponent_1': 9, 'D_layer_units_exponent_2': 4, 'D_layer_units_exponent_3': 5, 'D_layer_units_exponent_4': 10, 'log_learning_rate': -2.8006463654869314, 'log_learning_rate_D': -4.672358903198418, 'training_batch_size': 8, 'training_p': 6}
	 epoch  0 training error:  tensor(1.0000, device='cuda:0', grad_fn=<DivBackward0>)
Memory status after this epoch: 
Memory allocated:  5.1201171875
Memory cached:  14.0
	 epoch  10 training error:  tensor(0.9528, device='cuda:0', grad_fn=<DivBackward0>)
Memory status after this epoch: 
Memory allocated:  5.1201171875
Memory cached:  22.0
	 epoch  20 training error:  tensor(0.2571, device='cuda:0', grad_fn=<DivBackward0>)
Memory status after this epoch: 
Memory allocated:  5.1201171875
Memory cached:  20.0
	 epoch  30 training error:  tensor(0.3509, device='cuda:0', grad_fn=<DivBackward0>)
Memory status after this epoch: 
Memory allocated:  5.1201171875
Memory cached:  20.0
	 epoch  40 training error:  tensor(0.2683, device='cuda:0', grad_fn=<DivBackward0>)
Memory status after this epoch: 
Memory allocated:  5.1201171875
Memory cached:  20.0
	 epoch  50 training error:  tensor(0.2589, device='cuda:0', grad_fn=<DivBackward0>)
Memory status after this epoch: 
Memory allocated:  5.1201171875
Memory cached:  20.0
	 epoch  60 training error:  tensor(0.2602, device='cuda:0', grad_fn=<DivBackward0>)
Memory status after this epoch: 
Memory allocated:  5.1201171875
Memory cached:  18.0
	 epoch  70 training error:  tensor(0.2586, device='cuda:0', grad_fn=<DivBackward0>)
Memory status after this epoch: 
Memory allocated:  5.1201171875
Memory cached:  20.0
	 epoch  80 training error:  tensor(0.2576, device='cuda:0', grad_fn=<DivBackward0>)
Memory status after this epoch: 
Memory allocated:  5.1201171875
Memory cached:  20.0
	 epoch  90 training error:  tensor(0.2572, device='cuda:0', grad_fn=<DivBackward0>)
Memory status after this epoch: 
Memory allocated:  5.1201171875
Memory cached:  20.0
