/home/shengduo/anaconda3/lib/python3.9/site-packages/scipy/__init__.py:146: UserWarning: A NumPy version >=1.16.5 and <1.23.0 is required for this version of SciPy (detected version 1.24.1
  warnings.warn(f"A NumPy version >={np_minversion} and <{np_maxversion}"
[I 2023-11-02 16:24:04,103] A new study created in memory with name: no-name-0ce23966-6a5c-44b5-abc0-7af99330e18a
Cuda is available:  True
Device is:  cuda:0
Memory allocated:  0.0
Memory cached:  0.0
Vs.shape:  torch.Size([100, 100])
thetas.shape:  torch.Size([100, 100])
fs.shape:  torch.Size([100, 100])
ts.shape:  torch.Size([100, 100])
Xs.shape:  torch.Size([100, 100])
--------------------  Trial  0   --------------------
Start timing: 
Parameters: 
{'W_layers': 8, 'W_layer_units_exponent_0': 6, 'W_layer_units_exponent_1': 7, 'W_layer_units_exponent_2': 10, 'W_layer_units_exponent_3': 6, 'W_layer_units_exponent_4': 10, 'W_layer_units_exponent_5': 4, 'W_layer_units_exponent_6': 10, 'W_layer_units_exponent_7': 7, 'D_layers': 6, 'D_layer_units_exponent_0': 8, 'D_layer_units_exponent_1': 8, 'D_layer_units_exponent_2': 4, 'D_layer_units_exponent_3': 8, 'D_layer_units_exponent_4': 4, 'D_layer_units_exponent_5': 10, 'log_learning_rate': -2.82096493749795, 'log_learning_rate_D': -3.686126472740602, 'training_batch_size': 9, 'training_p': 7}
	 epoch  0 training error:  tensor(0.9961, device='cuda:0', grad_fn=<DivBackward0>)
Memory status after this epoch: 
Memory allocated:  8.380859375
Memory cached:  22.0
	 epoch  10 training error:  tensor(0.9983, device='cuda:0', grad_fn=<DivBackward0>)
Memory status after this epoch: 
Memory allocated:  8.380859375
Memory cached:  26.0
	 epoch  20 training error:  tensor(0.6693, device='cuda:0', grad_fn=<DivBackward0>)
Memory status after this epoch: 
Memory allocated:  8.380859375
Memory cached:  26.0
	 epoch  30 training error:  tensor(0.3941, device='cuda:0', grad_fn=<DivBackward0>)
Memory status after this epoch: 
Memory allocated:  8.380859375
Memory cached:  26.0
	 epoch  40 training error:  tensor(0.3328, device='cuda:0', grad_fn=<DivBackward0>)
Memory status after this epoch: 
Memory allocated:  8.380859375
Memory cached:  26.0
	 epoch  50 training error:  tensor(0.2846, device='cuda:0', grad_fn=<DivBackward0>)
Memory status after this epoch: 
Memory allocated:  8.380859375
Memory cached:  26.0
	 epoch  60 training error:  tensor(0.2543, device='cuda:0', grad_fn=<DivBackward0>)
Memory status after this epoch: 
Memory allocated:  8.380859375
Memory cached:  26.0
	 epoch  70 training error:  tensor(0.2587, device='cuda:0', grad_fn=<DivBackward0>)
Memory status after this epoch: 
Memory allocated:  8.380859375
Memory cached:  26.0
	 epoch  80 training error:  tensor(0.2550, device='cuda:0', grad_fn=<DivBackward0>)
Memory status after this epoch: 
Memory allocated:  8.380859375
Memory cached:  26.0
	 epoch  90 training error:  tensor(0.2543, device='cuda:0', grad_fn=<DivBackward0>)
Memory status after this epoch: 
Memory allocated:  8.380859375
Memory cached:  26.0
[I 2023-11-02 16:27:23,085] Trial 0 finished with value: 0.2468709945678711 and parameters: {'W_layers': 8, 'W_layer_units_exponent_0': 6, 'W_layer_units_exponent_1': 7, 'W_layer_units_exponent_2': 10, 'W_layer_units_exponent_3': 6, 'W_layer_units_exponent_4': 10, 'W_layer_units_exponent_5': 4, 'W_layer_units_exponent_6': 10, 'W_layer_units_exponent_7': 7, 'D_layers': 6, 'D_layer_units_exponent_0': 8, 'D_layer_units_exponent_1': 8, 'D_layer_units_exponent_2': 4, 'D_layer_units_exponent_3': 8, 'D_layer_units_exponent_4': 4, 'D_layer_units_exponent_5': 10, 'log_learning_rate': -2.82096493749795, 'log_learning_rate_D': -3.686126472740602, 'training_batch_size': 9, 'training_p': 7}. Best is trial 0 with value: 0.2468709945678711.
Time for this trial:  198.86719799041748
Memory status after this trial: 
Memory allocated:  287.6533203125
Memory cached:  294.0
--------------------  Trial  1   --------------------
Start timing: 
Parameters: 
{'W_layers': 6, 'W_layer_units_exponent_0': 7, 'W_layer_units_exponent_1': 4, 'W_layer_units_exponent_2': 5, 'W_layer_units_exponent_3': 7, 'W_layer_units_exponent_4': 7, 'W_layer_units_exponent_5': 5, 'D_layers': 5, 'D_layer_units_exponent_0': 9, 'D_layer_units_exponent_1': 8, 'D_layer_units_exponent_2': 10, 'D_layer_units_exponent_3': 9, 'D_layer_units_exponent_4': 5, 'log_learning_rate': -3.709644331208496, 'log_learning_rate_D': -2.8788571778182477, 'training_batch_size': 7, 'training_p': 3}
	 epoch  0 training error:  tensor(1.0128, device='cuda:0', grad_fn=<DivBackward0>)
Memory status after this epoch: 
Memory allocated:  15.0859375
Memory cached:  34.0
	 epoch  10 training error:  tensor(0.9519, device='cuda:0', grad_fn=<DivBackward0>)
Memory status after this epoch: 
Memory allocated:  15.0859375
Memory cached:  42.0
	 epoch  20 training error:  tensor(0.8464, device='cuda:0', grad_fn=<DivBackward0>)
Memory status after this epoch: 
Memory allocated:  15.0859375
Memory cached:  40.0
	 epoch  30 training error:  tensor(0.6173, device='cuda:0', grad_fn=<DivBackward0>)
Memory status after this epoch: 
Memory allocated:  15.0859375
Memory cached:  42.0
	 epoch  40 training error:  tensor(0.2492, device='cuda:0', grad_fn=<DivBackward0>)
Memory status after this epoch: 
Memory allocated:  15.0859375
Memory cached:  42.0
	 epoch  50 training error:  tensor(0.2501, device='cuda:0', grad_fn=<DivBackward0>)
Memory status after this epoch: 
Memory allocated:  15.0859375
Memory cached:  40.0
	 epoch  60 training error:  tensor(0.2433, device='cuda:0', grad_fn=<DivBackward0>)
Memory status after this epoch: 
Memory allocated:  15.0859375
Memory cached:  42.0
	 epoch  70 training error:  tensor(0.2428, device='cuda:0', grad_fn=<DivBackward0>)
Memory status after this epoch: 
Memory allocated:  15.0859375
Memory cached:  42.0
	 epoch  80 training error:  tensor(0.2424, device='cuda:0', grad_fn=<DivBackward0>)
Memory status after this epoch: 
Memory allocated:  15.0859375
Memory cached:  40.0
	 epoch  90 training error:  tensor(0.2424, device='cuda:0', grad_fn=<DivBackward0>)
Memory status after this epoch: 
Memory allocated:  15.0859375
Memory cached:  42.0
[I 2023-11-02 16:29:59,223] Trial 1 finished with value: 0.2465296983718872 and parameters: {'W_layers': 6, 'W_layer_units_exponent_0': 7, 'W_layer_units_exponent_1': 4, 'W_layer_units_exponent_2': 5, 'W_layer_units_exponent_3': 7, 'W_layer_units_exponent_4': 7, 'W_layer_units_exponent_5': 5, 'D_layers': 5, 'D_layer_units_exponent_0': 9, 'D_layer_units_exponent_1': 8, 'D_layer_units_exponent_2': 10, 'D_layer_units_exponent_3': 9, 'D_layer_units_exponent_4': 5, 'log_learning_rate': -3.709644331208496, 'log_learning_rate_D': -2.8788571778182477, 'training_batch_size': 7, 'training_p': 3}. Best is trial 1 with value: 0.2465296983718872.
Time for this trial:  156.00028228759766
Memory status after this trial: 
Memory allocated:  157.09326171875
Memory cached:  178.0
--------------------  Trial  2   --------------------
Start timing: 
Parameters: 
{'W_layers': 3, 'W_layer_units_exponent_0': 8, 'W_layer_units_exponent_1': 7, 'W_layer_units_exponent_2': 5, 'D_layers': 2, 'D_layer_units_exponent_0': 5, 'D_layer_units_exponent_1': 6, 'log_learning_rate': -4.200842150044968, 'log_learning_rate_D': -4.966933869431607, 'training_batch_size': 10, 'training_p': 7}
	 epoch  0 training error:  tensor(1.0933, device='cuda:0', grad_fn=<DivBackward0>)
Memory status after this epoch: 
Memory allocated:  0.80859375
Memory cached:  8.0
	 epoch  10 training error:  tensor(0.9636, device='cuda:0', grad_fn=<DivBackward0>)
Memory status after this epoch: 
Memory allocated:  0.80859375
Memory cached:  12.0
	 epoch  20 training error:  tensor(0.8351, device='cuda:0', grad_fn=<DivBackward0>)
Memory status after this epoch: 
Memory allocated:  0.80859375
Memory cached:  12.0
	 epoch  30 training error:  tensor(0.7007, device='cuda:0', grad_fn=<DivBackward0>)
Memory status after this epoch: 
Memory allocated:  0.80859375
Memory cached:  12.0
	 epoch  40 training error:  tensor(0.5538, device='cuda:0', grad_fn=<DivBackward0>)
Memory status after this epoch: 
Memory allocated:  0.80859375
Memory cached:  12.0
	 epoch  50 training error:  tensor(0.3889, device='cuda:0', grad_fn=<DivBackward0>)
Memory status after this epoch: 
Memory allocated:  0.80859375
Memory cached:  12.0
	 epoch  60 training error:  tensor(0.2561, device='cuda:0', grad_fn=<DivBackward0>)
Memory status after this epoch: 
Memory allocated:  0.80859375
Memory cached:  12.0
	 epoch  70 training error:  tensor(0.2741, device='cuda:0', grad_fn=<DivBackward0>)
Memory status after this epoch: 
Memory allocated:  0.80859375
Memory cached:  12.0
	 epoch  80 training error:  tensor(0.2544, device='cuda:0', grad_fn=<DivBackward0>)
Memory status after this epoch: 
Memory allocated:  0.80859375
Memory cached:  12.0
	 epoch  90 training error:  tensor(0.2570, device='cuda:0', grad_fn=<DivBackward0>)
Memory status after this epoch: 
Memory allocated:  0.80859375
Memory cached:  12.0
[I 2023-11-02 16:31:36,486] Trial 2 finished with value: 0.2464831918478012 and parameters: {'W_layers': 3, 'W_layer_units_exponent_0': 8, 'W_layer_units_exponent_1': 7, 'W_layer_units_exponent_2': 5, 'D_layers': 2, 'D_layer_units_exponent_0': 5, 'D_layer_units_exponent_1': 6, 'log_learning_rate': -4.200842150044968, 'log_learning_rate_D': -4.966933869431607, 'training_batch_size': 10, 'training_p': 7}. Best is trial 2 with value: 0.2464831918478012.
Time for this trial:  97.13293409347534
Memory status after this trial: 
Memory allocated:  28.78759765625
Memory cached:  30.0
--------------------  Trial  3   --------------------
Start timing: 
Parameters: 
{'W_layers': 4, 'W_layer_units_exponent_0': 5, 'W_layer_units_exponent_1': 9, 'W_layer_units_exponent_2': 6, 'W_layer_units_exponent_3': 9, 'D_layers': 5, 'D_layer_units_exponent_0': 8, 'D_layer_units_exponent_1': 9, 'D_layer_units_exponent_2': 4, 'D_layer_units_exponent_3': 8, 'D_layer_units_exponent_4': 10, 'log_learning_rate': -1.4047088714764753, 'log_learning_rate_D': -4.752035694789211, 'training_batch_size': 7, 'training_p': 5}
	 epoch  0 training error:  tensor(1.0083, device='cuda:0', grad_fn=<DivBackward0>)
Memory status after this epoch: 
Memory allocated:  7.7109375
Memory cached:  16.0
	 epoch  10 training error:  tensor(1., device='cuda:0', grad_fn=<DivBackward0>)
Memory status after this epoch: 
Memory allocated:  7.7109375
Memory cached:  22.0
	 epoch  20 training error:  tensor(1., device='cuda:0', grad_fn=<DivBackward0>)
Memory status after this epoch: 
Memory allocated:  7.7109375
Memory cached:  22.0
	 epoch  30 training error:  tensor(1., device='cuda:0', grad_fn=<DivBackward0>)
Memory status after this epoch: 
Memory allocated:  7.7109375
Memory cached:  24.0
	 epoch  40 training error:  tensor(1., device='cuda:0', grad_fn=<DivBackward0>)
Memory status after this epoch: 
Memory allocated:  7.7109375
Memory cached:  22.0
	 epoch  50 training error:  tensor(1., device='cuda:0', grad_fn=<DivBackward0>)
Memory status after this epoch: 
Memory allocated:  7.7109375
Memory cached:  24.0
	 epoch  60 training error:  tensor(1., device='cuda:0', grad_fn=<DivBackward0>)
Memory status after this epoch: 
Memory allocated:  7.7109375
Memory cached:  22.0
	 epoch  70 training error:  tensor(1., device='cuda:0', grad_fn=<DivBackward0>)
Memory status after this epoch: 
Memory allocated:  7.7109375
Memory cached:  24.0
	 epoch  80 training error:  tensor(1., device='cuda:0', grad_fn=<DivBackward0>)
Memory status after this epoch: 
Memory allocated:  7.7109375
Memory cached:  22.0
	 epoch  90 training error:  tensor(1., device='cuda:0', grad_fn=<DivBackward0>)
Memory status after this epoch: 
Memory allocated:  7.7109375
Memory cached:  24.0
[I 2023-11-02 16:34:02,941] Trial 3 finished with value: 1.0 and parameters: {'W_layers': 4, 'W_layer_units_exponent_0': 5, 'W_layer_units_exponent_1': 9, 'W_layer_units_exponent_2': 6, 'W_layer_units_exponent_3': 9, 'D_layers': 5, 'D_layer_units_exponent_0': 8, 'D_layer_units_exponent_1': 9, 'D_layer_units_exponent_2': 4, 'D_layer_units_exponent_3': 8, 'D_layer_units_exponent_4': 10, 'log_learning_rate': -1.4047088714764753, 'log_learning_rate_D': -4.752035694789211, 'training_batch_size': 7, 'training_p': 5}. Best is trial 2 with value: 0.2464831918478012.
Time for this trial:  146.3531379699707
Memory status after this trial: 
Memory allocated:  174.05712890625
Memory cached:  180.0
--------------------  Trial  4   --------------------
Start timing: 
Parameters: 
{'W_layers': 5, 'W_layer_units_exponent_0': 4, 'W_layer_units_exponent_1': 7, 'W_layer_units_exponent_2': 7, 'W_layer_units_exponent_3': 5, 'W_layer_units_exponent_4': 5, 'D_layers': 5, 'D_layer_units_exponent_0': 10, 'D_layer_units_exponent_1': 6, 'D_layer_units_exponent_2': 7, 'D_layer_units_exponent_3': 4, 'D_layer_units_exponent_4': 7, 'log_learning_rate': -4.366604941690795, 'log_learning_rate_D': -4.679080212396928, 'training_batch_size': 12, 'training_p': 5}
	 epoch  0 training error:  tensor(0.9951, device='cuda:0', grad_fn=<DivBackward0>)
Memory status after this epoch: 
Memory allocated:  2.1484375
Memory cached:  8.0
	 epoch  10 training error:  tensor(0.9813, device='cuda:0', grad_fn=<DivBackward0>)
Memory status after this epoch: 
Memory allocated:  2.1484375
Memory cached:  12.0
	 epoch  20 training error:  tensor(0.9671, device='cuda:0', grad_fn=<DivBackward0>)
Memory status after this epoch: 
Memory allocated:  2.1484375
Memory cached:  12.0
	 epoch  30 training error:  tensor(0.9519, device='cuda:0', grad_fn=<DivBackward0>)
Memory status after this epoch: 
Memory allocated:  2.1484375
Memory cached:  14.0
	 epoch  40 training error:  tensor(0.9350, device='cuda:0', grad_fn=<DivBackward0>)
Memory status after this epoch: 
Memory allocated:  2.1484375
Memory cached:  12.0
	 epoch  50 training error:  tensor(0.9158, device='cuda:0', grad_fn=<DivBackward0>)
Memory status after this epoch: 
Memory allocated:  2.1484375
Memory cached:  12.0
	 epoch  60 training error:  tensor(0.8934, device='cuda:0', grad_fn=<DivBackward0>)
Memory status after this epoch: 
Memory allocated:  2.1484375
Memory cached:  14.0
	 epoch  70 training error:  tensor(0.8666, device='cuda:0', grad_fn=<DivBackward0>)
Memory status after this epoch: 
Memory allocated:  2.1484375
Memory cached:  12.0
	 epoch  80 training error:  tensor(0.8347, device='cuda:0', grad_fn=<DivBackward0>)
Memory status after this epoch: 
Memory allocated:  2.1484375
Memory cached:  12.0
	 epoch  90 training error:  tensor(0.7981, device='cuda:0', grad_fn=<DivBackward0>)
Memory status after this epoch: 
Memory allocated:  2.1484375
Memory cached:  14.0
[I 2023-11-02 16:36:21,159] Trial 4 finished with value: 0.7253829836845398 and parameters: {'W_layers': 5, 'W_layer_units_exponent_0': 4, 'W_layer_units_exponent_1': 7, 'W_layer_units_exponent_2': 7, 'W_layer_units_exponent_3': 5, 'W_layer_units_exponent_4': 5, 'D_layers': 5, 'D_layer_units_exponent_0': 10, 'D_layer_units_exponent_1': 6, 'D_layer_units_exponent_2': 7, 'D_layer_units_exponent_3': 4, 'D_layer_units_exponent_4': 7, 'log_learning_rate': -4.366604941690795, 'log_learning_rate_D': -4.679080212396928, 'training_batch_size': 12, 'training_p': 5}. Best is trial 2 with value: 0.2464831918478012.
Time for this trial:  138.06203317642212
Memory status after this trial: 
Memory allocated:  92.35498046875
Memory cached:  94.0
--------------------  Trial  5   --------------------
Start timing: 
Parameters: 
{'W_layers': 7, 'W_layer_units_exponent_0': 4, 'W_layer_units_exponent_1': 5, 'W_layer_units_exponent_2': 5, 'W_layer_units_exponent_3': 8, 'W_layer_units_exponent_4': 5, 'W_layer_units_exponent_5': 7, 'W_layer_units_exponent_6': 7, 'D_layers': 5, 'D_layer_units_exponent_0': 6, 'D_layer_units_exponent_1': 8, 'D_layer_units_exponent_2': 10, 'D_layer_units_exponent_3': 7, 'D_layer_units_exponent_4': 9, 'log_learning_rate': -4.950291726412788, 'log_learning_rate_D': -2.4676427786281367, 'training_batch_size': 7, 'training_p': 4}
	 epoch  0 training error:  tensor(1.0041, device='cuda:0', grad_fn=<DivBackward0>)
Memory status after this epoch: 
Memory allocated:  7.98828125
Memory cached:  16.0
	 epoch  10 training error:  tensor(0.9978, device='cuda:0', grad_fn=<DivBackward0>)
Memory status after this epoch: 
Memory allocated:  7.98828125
Memory cached:  18.0
	 epoch  20 training error:  tensor(0.9960, device='cuda:0', grad_fn=<DivBackward0>)
Memory status after this epoch: 
Memory allocated:  7.98828125
Memory cached:  18.0
	 epoch  30 training error:  tensor(0.9954, device='cuda:0', grad_fn=<DivBackward0>)
Memory status after this epoch: 
Memory allocated:  7.98828125
Memory cached:  18.0
	 epoch  40 training error:  tensor(0.9938, device='cuda:0', grad_fn=<DivBackward0>)
Memory status after this epoch: 
Memory allocated:  7.98828125
Memory cached:  18.0
	 epoch  50 training error:  tensor(0.9925, device='cuda:0', grad_fn=<DivBackward0>)
Memory status after this epoch: 
Memory allocated:  7.98828125
Memory cached:  18.0
	 epoch  60 training error:  tensor(0.9908, device='cuda:0', grad_fn=<DivBackward0>)
Memory status after this epoch: 
Memory allocated:  7.98828125
Memory cached:  18.0
	 epoch  70 training error:  tensor(0.9891, device='cuda:0', grad_fn=<DivBackward0>)
Memory status after this epoch: 
Memory allocated:  7.98828125
Memory cached:  18.0
	 epoch  80 training error:  tensor(0.9875, device='cuda:0', grad_fn=<DivBackward0>)
Memory status after this epoch: 
Memory allocated:  7.98828125
Memory cached:  18.0
	 epoch  90 training error:  tensor(0.9853, device='cuda:0', grad_fn=<DivBackward0>)
Memory status after this epoch: 
Memory allocated:  7.98828125
Memory cached:  18.0
[I 2023-11-02 16:39:03,168] Trial 5 finished with value: 0.9799526333808899 and parameters: {'W_layers': 7, 'W_layer_units_exponent_0': 4, 'W_layer_units_exponent_1': 5, 'W_layer_units_exponent_2': 5, 'W_layer_units_exponent_3': 8, 'W_layer_units_exponent_4': 5, 'W_layer_units_exponent_5': 7, 'W_layer_units_exponent_6': 7, 'D_layers': 5, 'D_layer_units_exponent_0': 6, 'D_layer_units_exponent_1': 8, 'D_layer_units_exponent_2': 10, 'D_layer_units_exponent_3': 7, 'D_layer_units_exponent_4': 9, 'log_learning_rate': -4.950291726412788, 'log_learning_rate_D': -2.4676427786281367, 'training_batch_size': 7, 'training_p': 4}. Best is trial 2 with value: 0.2464831918478012.
Time for this trial:  161.85455560684204
Memory status after this trial: 
Memory allocated:  143.478515625
Memory cached:  150.0
--------------------  Trial  6   --------------------
Start timing: 
Parameters: 
{'W_layers': 8, 'W_layer_units_exponent_0': 5, 'W_layer_units_exponent_1': 6, 'W_layer_units_exponent_2': 7, 'W_layer_units_exponent_3': 7, 'W_layer_units_exponent_4': 10, 'W_layer_units_exponent_5': 6, 'W_layer_units_exponent_6': 9, 'W_layer_units_exponent_7': 5, 'D_layers': 3, 'D_layer_units_exponent_0': 9, 'D_layer_units_exponent_1': 8, 'D_layer_units_exponent_2': 6, 'log_learning_rate': -4.553267588823152, 'log_learning_rate_D': -4.576771400464104, 'training_batch_size': 6, 'training_p': 5}
	 epoch  0 training error:  tensor(0.9978, device='cuda:0', grad_fn=<DivBackward0>)
Memory status after this epoch: 
Memory allocated:  6.7568359375
Memory cached:  18.0
	 epoch  10 training error:  tensor(0.9778, device='cuda:0', grad_fn=<DivBackward0>)
Memory status after this epoch: 
Memory allocated:  6.7568359375
Memory cached:  20.0
	 epoch  20 training error:  tensor(0.9369, device='cuda:0', grad_fn=<DivBackward0>)
Memory status after this epoch: 
Memory allocated:  6.7568359375
Memory cached:  20.0
	 epoch  30 training error:  tensor(0.8408, device='cuda:0', grad_fn=<DivBackward0>)
Memory status after this epoch: 
Memory allocated:  6.7568359375
Memory cached:  20.0
	 epoch  40 training error:  tensor(0.6219, device='cuda:0', grad_fn=<DivBackward0>)
Memory status after this epoch: 
Memory allocated:  6.7568359375
Memory cached:  20.0
	 epoch  50 training error:  tensor(0.2551, device='cuda:0', grad_fn=<DivBackward0>)
Memory status after this epoch: 
Memory allocated:  6.7568359375
Memory cached:  20.0
	 epoch  60 training error:  tensor(0.2602, device='cuda:0', grad_fn=<DivBackward0>)
Memory status after this epoch: 
Memory allocated:  6.7568359375
Memory cached:  20.0
	 epoch  70 training error:  tensor(0.2528, device='cuda:0', grad_fn=<DivBackward0>)
Memory status after this epoch: 
Memory allocated:  6.7568359375
Memory cached:  20.0
	 epoch  80 training error:  tensor(0.2523, device='cuda:0', grad_fn=<DivBackward0>)
Memory status after this epoch: 
Memory allocated:  6.7568359375
Memory cached:  20.0
	 epoch  90 training error:  tensor(0.2522, device='cuda:0', grad_fn=<DivBackward0>)
Memory status after this epoch: 
Memory allocated:  6.7568359375
Memory cached:  20.0
