[I 2023-11-01 19:18:36,109] Trial 31 finished with value: 0.22941775619983673 and parameters: {'W_layers': 4, 'W_layer_units_exponent_0': 7, 'W_layer_units_exponent_1': 5, 'W_layer_units_exponent_2': 10, 'W_layer_units_exponent_3': 10, 'D_layers': 6, 'D_layer_units_exponent_0': 5, 'D_layer_units_exponent_1': 5, 'D_layer_units_exponent_2': 9, 'D_layer_units_exponent_3': 7, 'D_layer_units_exponent_4': 7, 'D_layer_units_exponent_5': 8, 'log_learning_rate': -4.755156917458568, 'log_learning_rate_D': -4.613859542050874, 'training_batch_size': 8, 'training_p': 6}. Best is trial 25 with value: 0.22056566178798676.
Time for this trial:  147.74456334114075
Memory status after this trial: 
Memory allocated:  185.54296875
Memory cached:  200.0
--------------------  Trial  32   --------------------
Start timing: 
Parameters: 
{'W_layers': 3, 'W_layer_units_exponent_0': 8, 'W_layer_units_exponent_1': 6, 'W_layer_units_exponent_2': 8, 'D_layers': 5, 'D_layer_units_exponent_0': 7, 'D_layer_units_exponent_1': 4, 'D_layer_units_exponent_2': 8, 'D_layer_units_exponent_3': 7, 'D_layer_units_exponent_4': 5, 'log_learning_rate': -4.635154699953305, 'log_learning_rate_D': -4.719526715341367, 'training_batch_size': 7, 'training_p': 6}
	 epoch  0 training error:  tensor(1.0206, device='cuda:0', grad_fn=<DivBackward0>)
Memory status after this epoch: 
Memory allocated:  1.2744140625
Memory cached:  8.0
	 epoch  10 training error:  tensor(0.9586, device='cuda:0', grad_fn=<DivBackward0>)
Memory status after this epoch: 
Memory allocated:  1.2744140625
Memory cached:  10.0
	 epoch  20 training error:  tensor(0.8960, device='cuda:0', grad_fn=<DivBackward0>)
Memory status after this epoch: 
Memory allocated:  1.2744140625
Memory cached:  10.0
	 epoch  30 training error:  tensor(0.8311, device='cuda:0', grad_fn=<DivBackward0>)
Memory status after this epoch: 
Memory allocated:  1.2744140625
Memory cached:  10.0
	 epoch  40 training error:  tensor(0.7624, device='cuda:0', grad_fn=<DivBackward0>)
Memory status after this epoch: 
Memory allocated:  1.2744140625
Memory cached:  10.0
	 epoch  50 training error:  tensor(0.6883, device='cuda:0', grad_fn=<DivBackward0>)
Memory status after this epoch: 
Memory allocated:  1.2744140625
Memory cached:  10.0
	 epoch  60 training error:  tensor(0.6071, device='cuda:0', grad_fn=<DivBackward0>)
Memory status after this epoch: 
Memory allocated:  1.2744140625
Memory cached:  10.0
	 epoch  70 training error:  tensor(0.5175, device='cuda:0', grad_fn=<DivBackward0>)
Memory status after this epoch: 
Memory allocated:  1.2744140625
Memory cached:  10.0
	 epoch  80 training error:  tensor(0.4181, device='cuda:0', grad_fn=<DivBackward0>)
Memory status after this epoch: 
Memory allocated:  1.2744140625
Memory cached:  10.0
	 epoch  90 training error:  tensor(0.3135, device='cuda:0', grad_fn=<DivBackward0>)
Memory status after this epoch: 
Memory allocated:  1.2744140625
Memory cached:  10.0
[I 2023-11-01 19:20:33,979] Trial 32 finished with value: 0.22981201112270355 and parameters: {'W_layers': 3, 'W_layer_units_exponent_0': 8, 'W_layer_units_exponent_1': 6, 'W_layer_units_exponent_2': 8, 'D_layers': 5, 'D_layer_units_exponent_0': 7, 'D_layer_units_exponent_1': 4, 'D_layer_units_exponent_2': 8, 'D_layer_units_exponent_3': 7, 'D_layer_units_exponent_4': 5, 'log_learning_rate': -4.635154699953305, 'log_learning_rate_D': -4.719526715341367, 'training_batch_size': 7, 'training_p': 6}. Best is trial 25 with value: 0.22056566178798676.
Time for this trial:  117.63260817527771
Memory status after this trial: 
Memory allocated:  61.91796875
Memory cached:  64.0
--------------------  Trial  33   --------------------
Start timing: 
Parameters: 
{'W_layers': 4, 'W_layer_units_exponent_0': 6, 'W_layer_units_exponent_1': 5, 'W_layer_units_exponent_2': 9, 'W_layer_units_exponent_3': 9, 'D_layers': 5, 'D_layer_units_exponent_0': 5, 'D_layer_units_exponent_1': 6, 'D_layer_units_exponent_2': 9, 'D_layer_units_exponent_3': 5, 'D_layer_units_exponent_4': 8, 'log_learning_rate': -4.726334573629002, 'log_learning_rate_D': -4.316455554967086, 'training_batch_size': 8, 'training_p': 6}
	 epoch  0 training error:  tensor(0.9456, device='cuda:0', grad_fn=<DivBackward0>)
Memory status after this epoch: 
Memory allocated:  5.2900390625
Memory cached:  12.0
	 epoch  10 training error:  tensor(0.8186, device='cuda:0', grad_fn=<DivBackward0>)
Memory status after this epoch: 
Memory allocated:  5.2900390625
Memory cached:  14.0
	 epoch  20 training error:  tensor(0.6907, device='cuda:0', grad_fn=<DivBackward0>)
Memory status after this epoch: 
Memory allocated:  5.2900390625
Memory cached:  14.0
	 epoch  30 training error:  tensor(0.5599, device='cuda:0', grad_fn=<DivBackward0>)
Memory status after this epoch: 
Memory allocated:  5.2900390625
Memory cached:  14.0
	 epoch  40 training error:  tensor(0.4248, device='cuda:0', grad_fn=<DivBackward0>)
Memory status after this epoch: 
Memory allocated:  5.2900390625
Memory cached:  14.0
	 epoch  50 training error:  tensor(0.2958, device='cuda:0', grad_fn=<DivBackward0>)
Memory status after this epoch: 
Memory allocated:  5.2900390625
Memory cached:  14.0
	 epoch  60 training error:  tensor(0.2614, device='cuda:0', grad_fn=<DivBackward0>)
Memory status after this epoch: 
Memory allocated:  5.2900390625
Memory cached:  14.0
	 epoch  70 training error:  tensor(0.2666, device='cuda:0', grad_fn=<DivBackward0>)
Memory status after this epoch: 
Memory allocated:  5.2900390625
Memory cached:  14.0
	 epoch  80 training error:  tensor(0.2581, device='cuda:0', grad_fn=<DivBackward0>)
Memory status after this epoch: 
Memory allocated:  5.2900390625
Memory cached:  14.0
	 epoch  90 training error:  tensor(0.2591, device='cuda:0', grad_fn=<DivBackward0>)
Memory status after this epoch: 
Memory allocated:  5.2900390625
Memory cached:  14.0
[I 2023-11-01 19:22:46,021] Trial 33 finished with value: 0.22975365817546844 and parameters: {'W_layers': 4, 'W_layer_units_exponent_0': 6, 'W_layer_units_exponent_1': 5, 'W_layer_units_exponent_2': 9, 'W_layer_units_exponent_3': 9, 'D_layers': 5, 'D_layer_units_exponent_0': 5, 'D_layer_units_exponent_1': 6, 'D_layer_units_exponent_2': 9, 'D_layer_units_exponent_3': 5, 'D_layer_units_exponent_4': 8, 'log_learning_rate': -4.726334573629002, 'log_learning_rate_D': -4.316455554967086, 'training_batch_size': 8, 'training_p': 6}. Best is trial 25 with value: 0.22056566178798676.
Time for this trial:  131.8335382938385
Memory status after this trial: 
Memory allocated:  110.57421875
Memory cached:  114.0
--------------------  Trial  34   --------------------
Start timing: 
Parameters: 
{'W_layers': 5, 'W_layer_units_exponent_0': 7, 'W_layer_units_exponent_1': 4, 'W_layer_units_exponent_2': 8, 'W_layer_units_exponent_3': 7, 'W_layer_units_exponent_4': 8, 'D_layers': 4, 'D_layer_units_exponent_0': 6, 'D_layer_units_exponent_1': 5, 'D_layer_units_exponent_2': 10, 'D_layer_units_exponent_3': 9, 'log_learning_rate': -4.455648733571346, 'log_learning_rate_D': -4.716948070734064, 'training_batch_size': 9, 'training_p': 5}
	 epoch  0 training error:  tensor(0.9843, device='cuda:0', grad_fn=<DivBackward0>)
Memory status after this epoch: 
Memory allocated:  9.7431640625
Memory cached:  30.0
	 epoch  10 training error:  tensor(0.9170, device='cuda:0', grad_fn=<DivBackward0>)
Memory status after this epoch: 
Memory allocated:  9.7431640625
Memory cached:  40.0
	 epoch  20 training error:  tensor(0.8423, device='cuda:0', grad_fn=<DivBackward0>)
Memory status after this epoch: 
Memory allocated:  9.7431640625
Memory cached:  36.0
	 epoch  30 training error:  tensor(0.7544, device='cuda:0', grad_fn=<DivBackward0>)
Memory status after this epoch: 
Memory allocated:  9.7431640625
Memory cached:  40.0
	 epoch  40 training error:  tensor(0.6467, device='cuda:0', grad_fn=<DivBackward0>)
Memory status after this epoch: 
Memory allocated:  9.7431640625
Memory cached:  36.0
	 epoch  50 training error:  tensor(0.5127, device='cuda:0', grad_fn=<DivBackward0>)
Memory status after this epoch: 
Memory allocated:  9.7431640625
Memory cached:  40.0
	 epoch  60 training error:  tensor(0.3490, device='cuda:0', grad_fn=<DivBackward0>)
Memory status after this epoch: 
Memory allocated:  9.7431640625
Memory cached:  36.0
	 epoch  70 training error:  tensor(0.2603, device='cuda:0', grad_fn=<DivBackward0>)
Memory status after this epoch: 
Memory allocated:  9.7431640625
Memory cached:  40.0
	 epoch  80 training error:  tensor(0.2684, device='cuda:0', grad_fn=<DivBackward0>)
Memory status after this epoch: 
Memory allocated:  9.7431640625
Memory cached:  36.0
	 epoch  90 training error:  tensor(0.2583, device='cuda:0', grad_fn=<DivBackward0>)
Memory status after this epoch: 
Memory allocated:  9.7431640625
Memory cached:  40.0
[I 2023-11-01 19:25:00,201] Trial 34 finished with value: 0.2353595793247223 and parameters: {'W_layers': 5, 'W_layer_units_exponent_0': 7, 'W_layer_units_exponent_1': 4, 'W_layer_units_exponent_2': 8, 'W_layer_units_exponent_3': 7, 'W_layer_units_exponent_4': 8, 'D_layers': 4, 'D_layer_units_exponent_0': 6, 'D_layer_units_exponent_1': 5, 'D_layer_units_exponent_2': 10, 'D_layer_units_exponent_3': 9, 'log_learning_rate': -4.455648733571346, 'log_learning_rate_D': -4.716948070734064, 'training_batch_size': 9, 'training_p': 5}. Best is trial 25 with value: 0.22056566178798676.
Time for this trial:  133.96707201004028
Memory status after this trial: 
Memory allocated:  133.94091796875
Memory cached:  152.0
--------------------  Trial  35   --------------------
Start timing: 
Parameters: 
{'W_layers': 3, 'W_layer_units_exponent_0': 6, 'W_layer_units_exponent_1': 7, 'W_layer_units_exponent_2': 7, 'D_layers': 5, 'D_layer_units_exponent_0': 4, 'D_layer_units_exponent_1': 4, 'D_layer_units_exponent_2': 9, 'D_layer_units_exponent_3': 7, 'D_layer_units_exponent_4': 6, 'log_learning_rate': -4.964033090414494, 'log_learning_rate_D': -4.982501433489313, 'training_batch_size': 6, 'training_p': 7}
	 epoch  0 training error:  tensor(0.8982, device='cuda:0', grad_fn=<DivBackward0>)
Memory status after this epoch: 
Memory allocated:  1.681640625
Memory cached:  10.0
	 epoch  10 training error:  tensor(0.8494, device='cuda:0', grad_fn=<DivBackward0>)
Memory status after this epoch: 
Memory allocated:  1.681640625
Memory cached:  10.0
	 epoch  20 training error:  tensor(0.8005, device='cuda:0', grad_fn=<DivBackward0>)
Memory status after this epoch: 
Memory allocated:  1.681640625
Memory cached:  10.0
	 epoch  30 training error:  tensor(0.7504, device='cuda:0', grad_fn=<DivBackward0>)
Memory status after this epoch: 
Memory allocated:  1.681640625
Memory cached:  10.0
	 epoch  40 training error:  tensor(0.6989, device='cuda:0', grad_fn=<DivBackward0>)
Memory status after this epoch: 
Memory allocated:  1.681640625
Memory cached:  10.0
	 epoch  50 training error:  tensor(0.6457, device='cuda:0', grad_fn=<DivBackward0>)
Memory status after this epoch: 
Memory allocated:  1.681640625
Memory cached:  10.0
	 epoch  60 training error:  tensor(0.5904, device='cuda:0', grad_fn=<DivBackward0>)
Memory status after this epoch: 
Memory allocated:  1.681640625
Memory cached:  10.0
	 epoch  70 training error:  tensor(0.5328, device='cuda:0', grad_fn=<DivBackward0>)
Memory status after this epoch: 
Memory allocated:  1.681640625
Memory cached:  10.0
	 epoch  80 training error:  tensor(0.4738, device='cuda:0', grad_fn=<DivBackward0>)
Memory status after this epoch: 
Memory allocated:  1.681640625
Memory cached:  10.0
	 epoch  90 training error:  tensor(0.4149, device='cuda:0', grad_fn=<DivBackward0>)
Memory status after this epoch: 
Memory allocated:  1.681640625
Memory cached:  10.0
[I 2023-11-01 19:28:36,168] Trial 35 finished with value: 0.3200790584087372 and parameters: {'W_layers': 3, 'W_layer_units_exponent_0': 6, 'W_layer_units_exponent_1': 7, 'W_layer_units_exponent_2': 7, 'D_layers': 5, 'D_layer_units_exponent_0': 4, 'D_layer_units_exponent_1': 4, 'D_layer_units_exponent_2': 9, 'D_layer_units_exponent_3': 7, 'D_layer_units_exponent_4': 6, 'log_learning_rate': -4.964033090414494, 'log_learning_rate_D': -4.982501433489313, 'training_batch_size': 6, 'training_p': 7}. Best is trial 25 with value: 0.22056566178798676.
Time for this trial:  215.73743200302124
Memory status after this trial: 
Memory allocated:  57.9365234375
Memory cached:  60.0
--------------------  Trial  36   --------------------
Start timing: 
Parameters: 
{'W_layers': 2, 'W_layer_units_exponent_0': 7, 'W_layer_units_exponent_1': 5, 'D_layers': 6, 'D_layer_units_exponent_0': 5, 'D_layer_units_exponent_1': 7, 'D_layer_units_exponent_2': 8, 'D_layer_units_exponent_3': 6, 'D_layer_units_exponent_4': 7, 'D_layer_units_exponent_5': 5, 'log_learning_rate': -4.272500584254429, 'log_learning_rate_D': -4.35080541892381, 'training_batch_size': 7, 'training_p': 6}
	 epoch  0 training error:  tensor(0.9858, device='cuda:0', grad_fn=<DivBackward0>)
Memory status after this epoch: 
Memory allocated:  1.1455078125
Memory cached:  10.0
	 epoch  10 training error:  tensor(0.9089, device='cuda:0', grad_fn=<DivBackward0>)
Memory status after this epoch: 
Memory allocated:  1.1455078125
Memory cached:  16.0
	 epoch  20 training error:  tensor(0.8325, device='cuda:0', grad_fn=<DivBackward0>)
Memory status after this epoch: 
Memory allocated:  1.1455078125
Memory cached:  16.0
	 epoch  30 training error:  tensor(0.7563, device='cuda:0', grad_fn=<DivBackward0>)
Memory status after this epoch: 
Memory allocated:  1.1455078125
Memory cached:  16.0
	 epoch  40 training error:  tensor(0.6801, device='cuda:0', grad_fn=<DivBackward0>)
Memory status after this epoch: 
Memory allocated:  1.1455078125
Memory cached:  16.0
	 epoch  50 training error:  tensor(0.6034, device='cuda:0', grad_fn=<DivBackward0>)
Memory status after this epoch: 
Memory allocated:  1.1455078125
Memory cached:  16.0
	 epoch  60 training error:  tensor(0.5261, device='cuda:0', grad_fn=<DivBackward0>)
Memory status after this epoch: 
Memory allocated:  1.1455078125
Memory cached:  16.0
	 epoch  70 training error:  tensor(0.4484, device='cuda:0', grad_fn=<DivBackward0>)
Memory status after this epoch: 
Memory allocated:  1.1455078125
Memory cached:  16.0
	 epoch  80 training error:  tensor(0.3721, device='cuda:0', grad_fn=<DivBackward0>)
Memory status after this epoch: 
Memory allocated:  1.1455078125
Memory cached:  16.0
	 epoch  90 training error:  tensor(0.3060, device='cuda:0', grad_fn=<DivBackward0>)
Memory status after this epoch: 
Memory allocated:  1.1455078125
Memory cached:  16.0
[I 2023-11-01 19:30:31,861] Trial 36 finished with value: 0.24168388545513153 and parameters: {'W_layers': 2, 'W_layer_units_exponent_0': 7, 'W_layer_units_exponent_1': 5, 'D_layers': 6, 'D_layer_units_exponent_0': 5, 'D_layer_units_exponent_1': 7, 'D_layer_units_exponent_2': 8, 'D_layer_units_exponent_3': 6, 'D_layer_units_exponent_4': 7, 'D_layer_units_exponent_5': 5, 'log_learning_rate': -4.272500584254429, 'log_learning_rate_D': -4.35080541892381, 'training_batch_size': 7, 'training_p': 6}. Best is trial 25 with value: 0.22056566178798676.
Time for this trial:  115.47238874435425
Memory status after this trial: 
Memory allocated:  43.697265625
Memory cached:  46.0
--------------------  Trial  37   --------------------
Start timing: 
Parameters: 
{'W_layers': 4, 'W_layer_units_exponent_0': 9, 'W_layer_units_exponent_1': 6, 'W_layer_units_exponent_2': 10, 'W_layer_units_exponent_3': 8, 'D_layers': 6, 'D_layer_units_exponent_0': 6, 'D_layer_units_exponent_1': 4, 'D_layer_units_exponent_2': 6, 'D_layer_units_exponent_3': 8, 'D_layer_units_exponent_4': 5, 'D_layer_units_exponent_5': 6, 'log_learning_rate': -4.60680013711862, 'log_learning_rate_D': -4.736861298835962, 'training_batch_size': 8, 'training_p': 5}
	 epoch  0 training error:  tensor(0.9617, device='cuda:0', grad_fn=<DivBackward0>)
Memory status after this epoch: 
Memory allocated:  6.1044921875
Memory cached:  14.0
	 epoch  10 training error:  tensor(0.6894, device='cuda:0', grad_fn=<DivBackward0>)
Memory status after this epoch: 
Memory allocated:  6.1044921875
Memory cached:  20.0
	 epoch  20 training error:  tensor(0.3728, device='cuda:0', grad_fn=<DivBackward0>)
Memory status after this epoch: 
Memory allocated:  6.1044921875
Memory cached:  20.0
	 epoch  30 training error:  tensor(0.3068, device='cuda:0', grad_fn=<DivBackward0>)
Memory status after this epoch: 
Memory allocated:  6.1044921875
Memory cached:  20.0
	 epoch  40 training error:  tensor(0.2556, device='cuda:0', grad_fn=<DivBackward0>)
Memory status after this epoch: 
Memory allocated:  6.1044921875
Memory cached:  20.0
	 epoch  50 training error:  tensor(0.2617, device='cuda:0', grad_fn=<DivBackward0>)
Memory status after this epoch: 
Memory allocated:  6.1044921875
Memory cached:  20.0
	 epoch  60 training error:  tensor(0.2586, device='cuda:0', grad_fn=<DivBackward0>)
Memory status after this epoch: 
Memory allocated:  6.1044921875
Memory cached:  20.0
	 epoch  70 training error:  tensor(0.2560, device='cuda:0', grad_fn=<DivBackward0>)
Memory status after this epoch: 
Memory allocated:  6.1044921875
Memory cached:  20.0
	 epoch  80 training error:  tensor(0.2556, device='cuda:0', grad_fn=<DivBackward0>)
Memory status after this epoch: 
Memory allocated:  6.1044921875
Memory cached:  20.0
	 epoch  90 training error:  tensor(0.2556, device='cuda:0', grad_fn=<DivBackward0>)
Memory status after this epoch: 
Memory allocated:  6.1044921875
Memory cached:  20.0
[I 2023-11-01 19:32:54,093] Trial 37 finished with value: 0.2306644767522812 and parameters: {'W_layers': 4, 'W_layer_units_exponent_0': 9, 'W_layer_units_exponent_1': 6, 'W_layer_units_exponent_2': 10, 'W_layer_units_exponent_3': 8, 'D_layers': 6, 'D_layer_units_exponent_0': 6, 'D_layer_units_exponent_1': 4, 'D_layer_units_exponent_2': 6, 'D_layer_units_exponent_3': 8, 'D_layer_units_exponent_4': 5, 'D_layer_units_exponent_5': 6, 'log_learning_rate': -4.60680013711862, 'log_learning_rate_D': -4.736861298835962, 'training_batch_size': 8, 'training_p': 5}. Best is trial 25 with value: 0.22056566178798676.
Time for this trial:  142.0030665397644
Memory status after this trial: 
Memory allocated:  129.30859375
Memory cached:  134.0
--------------------  Trial  38   --------------------
Start timing: 
Parameters: 
{'W_layers': 5, 'W_layer_units_exponent_0': 8, 'W_layer_units_exponent_1': 4, 'W_layer_units_exponent_2': 5, 'W_layer_units_exponent_3': 7, 'W_layer_units_exponent_4': 5, 'D_layers': 5, 'D_layer_units_exponent_0': 7, 'D_layer_units_exponent_1': 5, 'D_layer_units_exponent_2': 10, 'D_layer_units_exponent_3': 7, 'D_layer_units_exponent_4': 6, 'log_learning_rate': -4.033372084391187, 'log_learning_rate_D': -4.004279969023091, 'training_batch_size': 6, 'training_p': 5}
	 epoch  0 training error:  tensor(1.0464, device='cuda:0', grad_fn=<DivBackward0>)
Memory status after this epoch: 
Memory allocated:  2.98828125
Memory cached:  14.0
	 epoch  10 training error:  tensor(0.9440, device='cuda:0', grad_fn=<DivBackward0>)
Memory status after this epoch: 
Memory allocated:  2.98828125
Memory cached:  12.0
	 epoch  20 training error:  tensor(0.7835, device='cuda:0', grad_fn=<DivBackward0>)
Memory status after this epoch: 
Memory allocated:  2.98828125
Memory cached:  12.0
	 epoch  30 training error:  tensor(0.4543, device='cuda:0', grad_fn=<DivBackward0>)
Memory status after this epoch: 
Memory allocated:  2.98828125
Memory cached:  12.0
	 epoch  40 training error:  tensor(0.2778, device='cuda:0', grad_fn=<DivBackward0>)
Memory status after this epoch: 
Memory allocated:  2.98828125
Memory cached:  12.0
	 epoch  50 training error:  tensor(0.2554, device='cuda:0', grad_fn=<DivBackward0>)
Memory status after this epoch: 
Memory allocated:  2.98828125
Memory cached:  12.0
	 epoch  60 training error:  tensor(0.2556, device='cuda:0', grad_fn=<DivBackward0>)
Memory status after this epoch: 
Memory allocated:  2.98828125
Memory cached:  12.0
	 epoch  70 training error:  tensor(0.2554, device='cuda:0', grad_fn=<DivBackward0>)
Memory status after this epoch: 
Memory allocated:  2.98828125
Memory cached:  12.0
	 epoch  80 training error:  tensor(0.2553, device='cuda:0', grad_fn=<DivBackward0>)
Memory status after this epoch: 
Memory allocated:  2.98828125
Memory cached:  12.0
	 epoch  90 training error:  tensor(0.2552, device='cuda:0', grad_fn=<DivBackward0>)
Memory status after this epoch: 
Memory allocated:  2.98828125
Memory cached:  12.0
