[I 2023-11-09 16:20:26,258] Trial 11 finished with value: 0.06073245406150818 and parameters: {'W_layers': 7, 'W_layer_units_exponent_0': 8, 'W_layer_units_exponent_1': 10, 'W_layer_units_exponent_2': 7, 'W_layer_units_exponent_3': 10, 'W_layer_units_exponent_4': 8, 'W_layer_units_exponent_5': 10, 'W_layer_units_exponent_6': 8, 'D_layers': 2, 'D_layer_units_exponent_0': 6, 'D_layer_units_exponent_1': 10, 'D_dagger_layers': 6, 'D_dagger_layer_units_exponent_0': 9, 'D_dagger_layer_units_exponent_1': 9, 'D_dagger_layer_units_exponent_2': 4, 'D_dagger_layer_units_exponent_3': 10, 'D_dagger_layer_units_exponent_4': 10, 'D_dagger_layer_units_exponent_5': 10, 'log_learning_rate': -4.958663496311377, 'log_learning_rate_D': -2.7334590937954184, 'log_learning_rate_D_dagger': -4.975809068757944, 'training_batch_size': 10, 'training_p': 4}. Best is trial 10 with value: 0.03419778123497963.
Time for this trial:  237.16479420661926
Memory status after this trial: 
Memory allocated:  518.99169921875
Memory cached:  536.0
--------------------  Trial  12   --------------------
Start timing: 
Parameters: 
{'W_layers': 7, 'W_layer_units_exponent_0': 9, 'W_layer_units_exponent_1': 7, 'W_layer_units_exponent_2': 7, 'W_layer_units_exponent_3': 10, 'W_layer_units_exponent_4': 8, 'W_layer_units_exponent_5': 10, 'W_layer_units_exponent_6': 7, 'D_layers': 2, 'D_layer_units_exponent_0': 6, 'D_layer_units_exponent_1': 10, 'D_dagger_layers': 6, 'D_dagger_layer_units_exponent_0': 9, 'D_dagger_layer_units_exponent_1': 9, 'D_dagger_layer_units_exponent_2': 4, 'D_dagger_layer_units_exponent_3': 10, 'D_dagger_layer_units_exponent_4': 10, 'D_dagger_layer_units_exponent_5': 9, 'log_learning_rate': -4.7705678031189995, 'log_learning_rate_D': -1.0043242068182514, 'log_learning_rate_D_dagger': -4.088989701662667, 'training_batch_size': 11, 'training_p': 4}
	 epoch  0 training error:  tensor(1.1694, device='cuda:0', grad_fn=<DivBackward0>)
Memory status after this epoch: 
Memory allocated:  42.91650390625
Memory cached:  218.0
	 epoch  10 training error:  tensor(0.1963, device='cuda:0', grad_fn=<DivBackward0>)
Memory status after this epoch: 
Memory allocated:  42.91650390625
Memory cached:  320.0
	 epoch  20 training error:  tensor(0.2443, device='cuda:0', grad_fn=<DivBackward0>)
Memory status after this epoch: 
Memory allocated:  42.91650390625
Memory cached:  322.0
	 epoch  30 training error:  tensor(0.1030, device='cuda:0', grad_fn=<DivBackward0>)
Memory status after this epoch: 
Memory allocated:  42.91650390625
Memory cached:  324.0
	 epoch  40 training error:  tensor(0.0971, device='cuda:0', grad_fn=<DivBackward0>)
Memory status after this epoch: 
Memory allocated:  42.91650390625
Memory cached:  314.0
	 epoch  50 training error:  tensor(0.0841, device='cuda:0', grad_fn=<DivBackward0>)
Memory status after this epoch: 
Memory allocated:  42.91650390625
Memory cached:  324.0
	 epoch  60 training error:  tensor(0.0855, device='cuda:0', grad_fn=<DivBackward0>)
Memory status after this epoch: 
Memory allocated:  42.91650390625
Memory cached:  316.0
	 epoch  70 training error:  tensor(0.0825, device='cuda:0', grad_fn=<DivBackward0>)
Memory status after this epoch: 
Memory allocated:  42.91650390625
Memory cached:  324.0
	 epoch  80 training error:  tensor(0.0795, device='cuda:0', grad_fn=<DivBackward0>)
Memory status after this epoch: 
Memory allocated:  42.91650390625
Memory cached:  330.0
	 epoch  90 training error:  tensor(0.0786, device='cuda:0', grad_fn=<DivBackward0>)
Memory status after this epoch: 
Memory allocated:  42.91650390625
Memory cached:  320.0
[I 2023-11-09 16:24:14,552] Trial 12 finished with value: 0.06069828197360039 and parameters: {'W_layers': 7, 'W_layer_units_exponent_0': 9, 'W_layer_units_exponent_1': 7, 'W_layer_units_exponent_2': 7, 'W_layer_units_exponent_3': 10, 'W_layer_units_exponent_4': 8, 'W_layer_units_exponent_5': 10, 'W_layer_units_exponent_6': 7, 'D_layers': 2, 'D_layer_units_exponent_0': 6, 'D_layer_units_exponent_1': 10, 'D_dagger_layers': 6, 'D_dagger_layer_units_exponent_0': 9, 'D_dagger_layer_units_exponent_1': 9, 'D_dagger_layer_units_exponent_2': 4, 'D_dagger_layer_units_exponent_3': 10, 'D_dagger_layer_units_exponent_4': 10, 'D_dagger_layer_units_exponent_5': 9, 'log_learning_rate': -4.7705678031189995, 'log_learning_rate_D': -1.0043242068182514, 'log_learning_rate_D_dagger': -4.088989701662667, 'training_batch_size': 11, 'training_p': 4}. Best is trial 10 with value: 0.03419778123497963.
Time for this trial:  228.02355909347534
Memory status after this trial: 
Memory allocated:  443.24658203125
Memory cached:  462.0
--------------------  Trial  13   --------------------
Start timing: 
Parameters: 
{'W_layers': 8, 'W_layer_units_exponent_0': 8, 'W_layer_units_exponent_1': 10, 'W_layer_units_exponent_2': 8, 'W_layer_units_exponent_3': 9, 'W_layer_units_exponent_4': 8, 'W_layer_units_exponent_5': 8, 'W_layer_units_exponent_6': 10, 'W_layer_units_exponent_7': 4, 'D_layers': 3, 'D_layer_units_exponent_0': 8, 'D_layer_units_exponent_1': 6, 'D_layer_units_exponent_2': 4, 'D_dagger_layers': 7, 'D_dagger_layer_units_exponent_0': 9, 'D_dagger_layer_units_exponent_1': 8, 'D_dagger_layer_units_exponent_2': 5, 'D_dagger_layer_units_exponent_3': 6, 'D_dagger_layer_units_exponent_4': 9, 'D_dagger_layer_units_exponent_5': 10, 'D_dagger_layer_units_exponent_6': 6, 'log_learning_rate': -4.976802852494318, 'log_learning_rate_D': -3.231609894066689, 'log_learning_rate_D_dagger': -4.99392813760325, 'training_batch_size': 10, 'training_p': 5}
	 epoch  0 training error:  tensor(0.9972, device='cuda:0', grad_fn=<DivBackward0>)
Memory status after this epoch: 
Memory allocated:  29.42041015625
Memory cached:  190.0
	 epoch  10 training error:  tensor(0.6730, device='cuda:0', grad_fn=<DivBackward0>)
Memory status after this epoch: 
Memory allocated:  29.42041015625
Memory cached:  316.0
	 epoch  20 training error:  tensor(0.3098, device='cuda:0', grad_fn=<DivBackward0>)
Memory status after this epoch: 
Memory allocated:  29.42041015625
Memory cached:  306.0
	 epoch  30 training error:  tensor(0.3012, device='cuda:0', grad_fn=<DivBackward0>)
Memory status after this epoch: 
Memory allocated:  29.42041015625
Memory cached:  308.0
	 epoch  40 training error:  tensor(0.2176, device='cuda:0', grad_fn=<DivBackward0>)
Memory status after this epoch: 
Memory allocated:  29.42041015625
Memory cached:  312.0
	 epoch  50 training error:  tensor(0.1837, device='cuda:0', grad_fn=<DivBackward0>)
Memory status after this epoch: 
Memory allocated:  29.42041015625
Memory cached:  304.0
	 epoch  60 training error:  tensor(0.1554, device='cuda:0', grad_fn=<DivBackward0>)
Memory status after this epoch: 
Memory allocated:  29.42041015625
Memory cached:  310.0
	 epoch  70 training error:  tensor(0.1305, device='cuda:0', grad_fn=<DivBackward0>)
Memory status after this epoch: 
Memory allocated:  29.42041015625
Memory cached:  308.0
	 epoch  80 training error:  tensor(0.1087, device='cuda:0', grad_fn=<DivBackward0>)
Memory status after this epoch: 
Memory allocated:  29.42041015625
Memory cached:  308.0
	 epoch  90 training error:  tensor(0.0990, device='cuda:0', grad_fn=<DivBackward0>)
Memory status after this epoch: 
Memory allocated:  29.42041015625
Memory cached:  314.0
[I 2023-11-09 16:28:16,438] Trial 13 finished with value: 0.0655214786529541 and parameters: {'W_layers': 8, 'W_layer_units_exponent_0': 8, 'W_layer_units_exponent_1': 10, 'W_layer_units_exponent_2': 8, 'W_layer_units_exponent_3': 9, 'W_layer_units_exponent_4': 8, 'W_layer_units_exponent_5': 8, 'W_layer_units_exponent_6': 10, 'W_layer_units_exponent_7': 4, 'D_layers': 3, 'D_layer_units_exponent_0': 8, 'D_layer_units_exponent_1': 6, 'D_layer_units_exponent_2': 4, 'D_dagger_layers': 7, 'D_dagger_layer_units_exponent_0': 9, 'D_dagger_layer_units_exponent_1': 8, 'D_dagger_layer_units_exponent_2': 5, 'D_dagger_layer_units_exponent_3': 6, 'D_dagger_layer_units_exponent_4': 9, 'D_dagger_layer_units_exponent_5': 10, 'D_dagger_layer_units_exponent_6': 6, 'log_learning_rate': -4.976802852494318, 'log_learning_rate_D': -3.231609894066689, 'log_learning_rate_D_dagger': -4.99392813760325, 'training_batch_size': 10, 'training_p': 5}. Best is trial 10 with value: 0.03419778123497963.
Time for this trial:  241.60244870185852
Memory status after this trial: 
Memory allocated:  357.6015625
Memory cached:  386.0
--------------------  Trial  14   --------------------
Start timing: 
Parameters: 
{'W_layers': 7, 'W_layer_units_exponent_0': 7, 'W_layer_units_exponent_1': 6, 'W_layer_units_exponent_2': 6, 'W_layer_units_exponent_3': 9, 'W_layer_units_exponent_4': 6, 'W_layer_units_exponent_5': 6, 'W_layer_units_exponent_6': 7, 'D_layers': 3, 'D_layer_units_exponent_0': 6, 'D_layer_units_exponent_1': 9, 'D_layer_units_exponent_2': 10, 'D_dagger_layers': 5, 'D_dagger_layer_units_exponent_0': 10, 'D_dagger_layer_units_exponent_1': 9, 'D_dagger_layer_units_exponent_2': 5, 'D_dagger_layer_units_exponent_3': 8, 'D_dagger_layer_units_exponent_4': 6, 'log_learning_rate': -4.370684283235987, 'log_learning_rate_D': -2.7810512903320657, 'log_learning_rate_D_dagger': -4.30668290409585, 'training_batch_size': 11, 'training_p': 4}
	 epoch  0 training error:  tensor(0.8237, device='cuda:0', grad_fn=<DivBackward0>)
Memory status after this epoch: 
Memory allocated:  18.73486328125
Memory cached:  114.0
	 epoch  10 training error:  tensor(0.2990, device='cuda:0', grad_fn=<DivBackward0>)
Memory status after this epoch: 
Memory allocated:  18.73486328125
Memory cached:  150.0
	 epoch  20 training error:  tensor(0.1974, device='cuda:0', grad_fn=<DivBackward0>)
Memory status after this epoch: 
Memory allocated:  18.73486328125
Memory cached:  150.0
	 epoch  30 training error:  tensor(0.1254, device='cuda:0', grad_fn=<DivBackward0>)
Memory status after this epoch: 
Memory allocated:  18.73486328125
Memory cached:  156.0
	 epoch  40 training error:  tensor(0.0691, device='cuda:0', grad_fn=<DivBackward0>)
Memory status after this epoch: 
Memory allocated:  18.73486328125
Memory cached:  154.0
	 epoch  50 training error:  tensor(0.0444, device='cuda:0', grad_fn=<DivBackward0>)
Memory status after this epoch: 
Memory allocated:  18.73486328125
Memory cached:  156.0
	 epoch  60 training error:  tensor(0.0397, device='cuda:0', grad_fn=<DivBackward0>)
Memory status after this epoch: 
Memory allocated:  18.73486328125
Memory cached:  150.0
	 epoch  70 training error:  tensor(0.0351, device='cuda:0', grad_fn=<DivBackward0>)
Memory status after this epoch: 
Memory allocated:  18.73486328125
Memory cached:  150.0
	 epoch  80 training error:  tensor(0.0337, device='cuda:0', grad_fn=<DivBackward0>)
Memory status after this epoch: 
Memory allocated:  18.73486328125
Memory cached:  158.0
	 epoch  90 training error:  tensor(0.0304, device='cuda:0', grad_fn=<DivBackward0>)
Memory status after this epoch: 
Memory allocated:  18.73486328125
Memory cached:  154.0
[I 2023-11-09 16:31:46,438] Trial 14 finished with value: 0.026651233434677124 and parameters: {'W_layers': 7, 'W_layer_units_exponent_0': 7, 'W_layer_units_exponent_1': 6, 'W_layer_units_exponent_2': 6, 'W_layer_units_exponent_3': 9, 'W_layer_units_exponent_4': 6, 'W_layer_units_exponent_5': 6, 'W_layer_units_exponent_6': 7, 'D_layers': 3, 'D_layer_units_exponent_0': 6, 'D_layer_units_exponent_1': 9, 'D_layer_units_exponent_2': 10, 'D_dagger_layers': 5, 'D_dagger_layer_units_exponent_0': 10, 'D_dagger_layer_units_exponent_1': 9, 'D_dagger_layer_units_exponent_2': 5, 'D_dagger_layer_units_exponent_3': 8, 'D_dagger_layer_units_exponent_4': 6, 'log_learning_rate': -4.370684283235987, 'log_learning_rate_D': -2.7810512903320657, 'log_learning_rate_D_dagger': -4.30668290409585, 'training_batch_size': 11, 'training_p': 4}. Best is trial 14 with value: 0.026651233434677124.
Time for this trial:  209.69896483421326
Memory status after this trial: 
Memory allocated:  250.41357421875
Memory cached:  264.0
--------------------  Trial  15   --------------------
Start timing: 
Parameters: 
{'W_layers': 6, 'W_layer_units_exponent_0': 9, 'W_layer_units_exponent_1': 6, 'W_layer_units_exponent_2': 6, 'W_layer_units_exponent_3': 9, 'W_layer_units_exponent_4': 6, 'W_layer_units_exponent_5': 5, 'D_layers': 3, 'D_layer_units_exponent_0': 5, 'D_layer_units_exponent_1': 9, 'D_layer_units_exponent_2': 10, 'D_dagger_layers': 5, 'D_dagger_layer_units_exponent_0': 8, 'D_dagger_layer_units_exponent_1': 8, 'D_dagger_layer_units_exponent_2': 5, 'D_dagger_layer_units_exponent_3': 9, 'D_dagger_layer_units_exponent_4': 5, 'log_learning_rate': -4.232156129942208, 'log_learning_rate_D': -4.984342757740794, 'log_learning_rate_D_dagger': -3.6171021235932077, 'training_batch_size': 9, 'training_p': 5}
	 epoch  0 training error:  tensor(0.9909, device='cuda:0', grad_fn=<DivBackward0>)
Memory status after this epoch: 
Memory allocated:  11.69580078125
Memory cached:  114.0
	 epoch  10 training error:  tensor(0.2286, device='cuda:0', grad_fn=<DivBackward0>)
Memory status after this epoch: 
Memory allocated:  11.69580078125
Memory cached:  148.0
	 epoch  20 training error:  tensor(0.1449, device='cuda:0', grad_fn=<DivBackward0>)
Memory status after this epoch: 
Memory allocated:  11.69580078125
Memory cached:  148.0
	 epoch  30 training error:  tensor(0.1039, device='cuda:0', grad_fn=<DivBackward0>)
Memory status after this epoch: 
Memory allocated:  11.69580078125
Memory cached:  148.0
	 epoch  40 training error:  tensor(0.0876, device='cuda:0', grad_fn=<DivBackward0>)
Memory status after this epoch: 
Memory allocated:  11.69580078125
Memory cached:  152.0
	 epoch  50 training error:  tensor(0.0804, device='cuda:0', grad_fn=<DivBackward0>)
Memory status after this epoch: 
Memory allocated:  11.69580078125
Memory cached:  148.0
	 epoch  60 training error:  tensor(0.0684, device='cuda:0', grad_fn=<DivBackward0>)
Memory status after this epoch: 
Memory allocated:  11.69580078125
Memory cached:  148.0
	 epoch  70 training error:  tensor(0.0526, device='cuda:0', grad_fn=<DivBackward0>)
Memory status after this epoch: 
Memory allocated:  11.69580078125
Memory cached:  148.0
	 epoch  80 training error:  tensor(0.0419, device='cuda:0', grad_fn=<DivBackward0>)
Memory status after this epoch: 
Memory allocated:  11.69580078125
Memory cached:  150.0
	 epoch  90 training error:  tensor(0.0427, device='cuda:0', grad_fn=<DivBackward0>)
Memory status after this epoch: 
Memory allocated:  11.69580078125
Memory cached:  148.0
[I 2023-11-09 16:35:05,311] Trial 15 finished with value: 0.030081063508987427 and parameters: {'W_layers': 6, 'W_layer_units_exponent_0': 9, 'W_layer_units_exponent_1': 6, 'W_layer_units_exponent_2': 6, 'W_layer_units_exponent_3': 9, 'W_layer_units_exponent_4': 6, 'W_layer_units_exponent_5': 5, 'D_layers': 3, 'D_layer_units_exponent_0': 5, 'D_layer_units_exponent_1': 9, 'D_layer_units_exponent_2': 10, 'D_dagger_layers': 5, 'D_dagger_layer_units_exponent_0': 8, 'D_dagger_layer_units_exponent_1': 8, 'D_dagger_layer_units_exponent_2': 5, 'D_dagger_layer_units_exponent_3': 9, 'D_dagger_layer_units_exponent_4': 5, 'log_learning_rate': -4.232156129942208, 'log_learning_rate_D': -4.984342757740794, 'log_learning_rate_D_dagger': -3.6171021235932077, 'training_batch_size': 9, 'training_p': 5}. Best is trial 14 with value: 0.026651233434677124.
Time for this trial:  198.61769700050354
Memory status after this trial: 
Memory allocated:  214.4404296875
Memory cached:  234.0
--------------------  Trial  16   --------------------
Start timing: 
Parameters: 
{'W_layers': 6, 'W_layer_units_exponent_0': 7, 'W_layer_units_exponent_1': 6, 'W_layer_units_exponent_2': 6, 'W_layer_units_exponent_3': 9, 'W_layer_units_exponent_4': 5, 'W_layer_units_exponent_5': 5, 'D_layers': 6, 'D_layer_units_exponent_0': 5, 'D_layer_units_exponent_1': 9, 'D_layer_units_exponent_2': 10, 'D_layer_units_exponent_3': 4, 'D_layer_units_exponent_4': 4, 'D_layer_units_exponent_5': 10, 'D_dagger_layers': 5, 'D_dagger_layer_units_exponent_0': 6, 'D_dagger_layer_units_exponent_1': 7, 'D_dagger_layer_units_exponent_2': 6, 'D_dagger_layer_units_exponent_3': 8, 'D_dagger_layer_units_exponent_4': 5, 'log_learning_rate': -4.240676771755902, 'log_learning_rate_D': -4.684197335757711, 'log_learning_rate_D_dagger': -3.372877415104421, 'training_batch_size': 8, 'training_p': 8}
	 epoch  0 training error:  tensor(1.1273, device='cuda:0', grad_fn=<DivBackward0>)
Memory status after this epoch: 
Memory allocated:  10.55126953125
Memory cached:  178.0
	 epoch  10 training error:  tensor(0.2819, device='cuda:0', grad_fn=<DivBackward0>)
Memory status after this epoch: 
Memory allocated:  10.55126953125
Memory cached:  274.0
	 epoch  20 training error:  tensor(0.1831, device='cuda:0', grad_fn=<DivBackward0>)
Memory status after this epoch: 
Memory allocated:  10.55126953125
Memory cached:  274.0
	 epoch  30 training error:  tensor(0.1107, device='cuda:0', grad_fn=<DivBackward0>)
Memory status after this epoch: 
Memory allocated:  10.55126953125
Memory cached:  268.0
	 epoch  40 training error:  tensor(0.1023, device='cuda:0', grad_fn=<DivBackward0>)
Memory status after this epoch: 
Memory allocated:  10.55126953125
Memory cached:  286.0
	 epoch  50 training error:  tensor(0.0949, device='cuda:0', grad_fn=<DivBackward0>)
Memory status after this epoch: 
Memory allocated:  10.55126953125
Memory cached:  278.0
	 epoch  60 training error:  tensor(0.0818, device='cuda:0', grad_fn=<DivBackward0>)
Memory status after this epoch: 
Memory allocated:  10.55126953125
Memory cached:  274.0
	 epoch  70 training error:  tensor(0.0682, device='cuda:0', grad_fn=<DivBackward0>)
Memory status after this epoch: 
Memory allocated:  10.55126953125
Memory cached:  282.0
	 epoch  80 training error:  tensor(0.0530, device='cuda:0', grad_fn=<DivBackward0>)
Memory status after this epoch: 
Memory allocated:  10.55126953125
Memory cached:  270.0
	 epoch  90 training error:  tensor(0.0444, device='cuda:0', grad_fn=<DivBackward0>)
Memory status after this epoch: 
Memory allocated:  10.55126953125
Memory cached:  268.0
[I 2023-11-09 16:38:42,647] Trial 16 finished with value: 0.03546171262860298 and parameters: {'W_layers': 6, 'W_layer_units_exponent_0': 7, 'W_layer_units_exponent_1': 6, 'W_layer_units_exponent_2': 6, 'W_layer_units_exponent_3': 9, 'W_layer_units_exponent_4': 5, 'W_layer_units_exponent_5': 5, 'D_layers': 6, 'D_layer_units_exponent_0': 5, 'D_layer_units_exponent_1': 9, 'D_layer_units_exponent_2': 10, 'D_layer_units_exponent_3': 4, 'D_layer_units_exponent_4': 4, 'D_layer_units_exponent_5': 10, 'D_dagger_layers': 5, 'D_dagger_layer_units_exponent_0': 6, 'D_dagger_layer_units_exponent_1': 7, 'D_dagger_layer_units_exponent_2': 6, 'D_dagger_layer_units_exponent_3': 8, 'D_dagger_layer_units_exponent_4': 5, 'log_learning_rate': -4.240676771755902, 'log_learning_rate_D': -4.684197335757711, 'log_learning_rate_D_dagger': -3.372877415104421, 'training_batch_size': 8, 'training_p': 8}. Best is trial 14 with value: 0.026651233434677124.
Time for this trial:  217.05831956863403
Memory status after this trial: 
Memory allocated:  218.76953125
Memory cached:  238.0
--------------------  Trial  17   --------------------
Start timing: 
Parameters: 
{'W_layers': 5, 'W_layer_units_exponent_0': 9, 'W_layer_units_exponent_1': 5, 'W_layer_units_exponent_2': 6, 'W_layer_units_exponent_3': 8, 'W_layer_units_exponent_4': 6, 'D_layers': 3, 'D_layer_units_exponent_0': 5, 'D_layer_units_exponent_1': 9, 'D_layer_units_exponent_2': 9, 'D_dagger_layers': 5, 'D_dagger_layer_units_exponent_0': 8, 'D_dagger_layer_units_exponent_1': 8, 'D_dagger_layer_units_exponent_2': 6, 'D_dagger_layer_units_exponent_3': 9, 'D_dagger_layer_units_exponent_4': 6, 'log_learning_rate': -4.045981354335275, 'log_learning_rate_D': -4.895575132972716, 'log_learning_rate_D_dagger': -3.56990781334784, 'training_batch_size': 9, 'training_p': 5}
	 epoch  0 training error:  tensor(1.0534, device='cuda:0', grad_fn=<DivBackward0>)
Memory status after this epoch: 
Memory allocated:  7.48681640625
Memory cached:  84.0
	 epoch  10 training error:  tensor(0.1556, device='cuda:0', grad_fn=<DivBackward0>)
Memory status after this epoch: 
Memory allocated:  7.48681640625
Memory cached:  128.0
	 epoch  20 training error:  tensor(0.1321, device='cuda:0', grad_fn=<DivBackward0>)
Memory status after this epoch: 
Memory allocated:  7.48681640625
Memory cached:  128.0
	 epoch  30 training error:  tensor(0.0975, device='cuda:0', grad_fn=<DivBackward0>)
Memory status after this epoch: 
Memory allocated:  7.48681640625
Memory cached:  126.0
	 epoch  40 training error:  tensor(0.0736, device='cuda:0', grad_fn=<DivBackward0>)
Memory status after this epoch: 
Memory allocated:  7.48681640625
Memory cached:  126.0
	 epoch  50 training error:  tensor(0.0547, device='cuda:0', grad_fn=<DivBackward0>)
Memory status after this epoch: 
Memory allocated:  7.48681640625
Memory cached:  126.0
	 epoch  60 training error:  tensor(0.0459, device='cuda:0', grad_fn=<DivBackward0>)
Memory status after this epoch: 
Memory allocated:  7.48681640625
Memory cached:  128.0
	 epoch  70 training error:  tensor(0.0457, device='cuda:0', grad_fn=<DivBackward0>)
Memory status after this epoch: 
Memory allocated:  7.48681640625
Memory cached:  128.0
	 epoch  80 training error:  tensor(0.0424, device='cuda:0', grad_fn=<DivBackward0>)
Memory status after this epoch: 
Memory allocated:  7.48681640625
Memory cached:  130.0
	 epoch  90 training error:  tensor(0.0461, device='cuda:0', grad_fn=<DivBackward0>)
Memory status after this epoch: 
Memory allocated:  7.48681640625
Memory cached:  132.0
