[I 2023-11-03 22:01:13,686] Trial 20 finished with value: 1.0 and parameters: {'W_layers': 3, 'W_layer_units_exponent_0': 9, 'W_layer_units_exponent_1': 9, 'W_layer_units_exponent_2': 5, 'D_layers': 7, 'D_layer_units_exponent_0': 8, 'D_layer_units_exponent_1': 6, 'D_layer_units_exponent_2': 6, 'D_layer_units_exponent_3': 7, 'D_layer_units_exponent_4': 5, 'D_layer_units_exponent_5': 6, 'D_layer_units_exponent_6': 8, 'log_learning_rate': -2.1716974059414746, 'log_learning_rate_D': -2.798732982770206, 'training_batch_size': 11, 'training_p': 5}. Best is trial 16 with value: 0.017751911655068398.
Time for this trial:  16.981566905975342
Memory status after this trial: 
Memory allocated:  59.60009765625
Memory cached:  68.0
--------------------  Trial  21   --------------------
Start timing: 
Parameters: 
{'W_layers': 3, 'W_layer_units_exponent_0': 7, 'W_layer_units_exponent_1': 7, 'W_layer_units_exponent_2': 5, 'D_layers': 7, 'D_layer_units_exponent_0': 8, 'D_layer_units_exponent_1': 7, 'D_layer_units_exponent_2': 9, 'D_layer_units_exponent_3': 5, 'D_layer_units_exponent_4': 9, 'D_layer_units_exponent_5': 6, 'D_layer_units_exponent_6': 4, 'log_learning_rate': -3.3916365808075173, 'log_learning_rate_D': -2.4735422902007373, 'training_batch_size': 11, 'training_p': 3}
	 epoch  0 training error:  tensor(1.0919, device='cuda:0', grad_fn=<DivBackward0>)
Memory status after this epoch: 
Memory allocated:  1.0537109375
Memory cached:  8.0
	 epoch  10 training error:  tensor(0.2891, device='cuda:0', grad_fn=<DivBackward0>)
Memory status after this epoch: 
Memory allocated:  1.0537109375
Memory cached:  8.0
	 epoch  20 training error:  tensor(0.1531, device='cuda:0', grad_fn=<DivBackward0>)
Memory status after this epoch: 
Memory allocated:  1.0537109375
Memory cached:  8.0
	 epoch  30 training error:  tensor(0.0372, device='cuda:0', grad_fn=<DivBackward0>)
Memory status after this epoch: 
Memory allocated:  1.0537109375
Memory cached:  8.0
	 epoch  40 training error:  tensor(0.0325, device='cuda:0', grad_fn=<DivBackward0>)
Memory status after this epoch: 
Memory allocated:  1.0537109375
Memory cached:  8.0
	 epoch  50 training error:  tensor(0.0250, device='cuda:0', grad_fn=<DivBackward0>)
Memory status after this epoch: 
Memory allocated:  1.0537109375
Memory cached:  8.0
	 epoch  60 training error:  tensor(0.0204, device='cuda:0', grad_fn=<DivBackward0>)
Memory status after this epoch: 
Memory allocated:  1.0537109375
Memory cached:  8.0
	 epoch  70 training error:  tensor(0.0200, device='cuda:0', grad_fn=<DivBackward0>)
Memory status after this epoch: 
Memory allocated:  1.0537109375
Memory cached:  8.0
	 epoch  80 training error:  tensor(0.0199, device='cuda:0', grad_fn=<DivBackward0>)
Memory status after this epoch: 
Memory allocated:  1.0537109375
Memory cached:  8.0
	 epoch  90 training error:  tensor(0.0192, device='cuda:0', grad_fn=<DivBackward0>)
Memory status after this epoch: 
Memory allocated:  1.0537109375
Memory cached:  8.0
[I 2023-11-03 22:01:29,942] Trial 21 finished with value: 0.01986106112599373 and parameters: {'W_layers': 3, 'W_layer_units_exponent_0': 7, 'W_layer_units_exponent_1': 7, 'W_layer_units_exponent_2': 5, 'D_layers': 7, 'D_layer_units_exponent_0': 8, 'D_layer_units_exponent_1': 7, 'D_layer_units_exponent_2': 9, 'D_layer_units_exponent_3': 5, 'D_layer_units_exponent_4': 9, 'D_layer_units_exponent_5': 6, 'D_layer_units_exponent_6': 4, 'log_learning_rate': -3.3916365808075173, 'log_learning_rate_D': -2.4735422902007373, 'training_batch_size': 11, 'training_p': 3}. Best is trial 16 with value: 0.017751911655068398.
Time for this trial:  16.02476215362549
Memory status after this trial: 
Memory allocated:  15.66943359375
Memory cached:  18.0
--------------------  Trial  22   --------------------
Start timing: 
Parameters: 
{'W_layers': 4, 'W_layer_units_exponent_0': 8, 'W_layer_units_exponent_1': 6, 'W_layer_units_exponent_2': 6, 'W_layer_units_exponent_3': 6, 'D_layers': 6, 'D_layer_units_exponent_0': 9, 'D_layer_units_exponent_1': 5, 'D_layer_units_exponent_2': 9, 'D_layer_units_exponent_3': 5, 'D_layer_units_exponent_4': 6, 'D_layer_units_exponent_5': 5, 'log_learning_rate': -2.94188393807893, 'log_learning_rate_D': -3.0244732667414485, 'training_batch_size': 12, 'training_p': 3}
	 epoch  0 training error:  tensor(1.0240, device='cuda:0', grad_fn=<DivBackward0>)
Memory status after this epoch: 
Memory allocated:  0.6953125
Memory cached:  2.0
	 epoch  10 training error:  tensor(0.0952, device='cuda:0', grad_fn=<DivBackward0>)
Memory status after this epoch: 
Memory allocated:  0.6953125
Memory cached:  2.0
	 epoch  20 training error:  tensor(0.0878, device='cuda:0', grad_fn=<DivBackward0>)
Memory status after this epoch: 
Memory allocated:  0.6953125
Memory cached:  2.0
	 epoch  30 training error:  tensor(0.0410, device='cuda:0', grad_fn=<DivBackward0>)
Memory status after this epoch: 
Memory allocated:  0.6953125
Memory cached:  2.0
	 epoch  40 training error:  tensor(0.0322, device='cuda:0', grad_fn=<DivBackward0>)
Memory status after this epoch: 
Memory allocated:  0.6953125
Memory cached:  2.0
	 epoch  50 training error:  tensor(0.0241, device='cuda:0', grad_fn=<DivBackward0>)
Memory status after this epoch: 
Memory allocated:  0.6953125
Memory cached:  2.0
	 epoch  60 training error:  tensor(0.0209, device='cuda:0', grad_fn=<DivBackward0>)
Memory status after this epoch: 
Memory allocated:  0.6953125
Memory cached:  2.0
	 epoch  70 training error:  tensor(0.0190, device='cuda:0', grad_fn=<DivBackward0>)
Memory status after this epoch: 
Memory allocated:  0.6953125
Memory cached:  2.0
	 epoch  80 training error:  tensor(0.0182, device='cuda:0', grad_fn=<DivBackward0>)
Memory status after this epoch: 
Memory allocated:  0.6953125
Memory cached:  2.0
	 epoch  90 training error:  tensor(0.0188, device='cuda:0', grad_fn=<DivBackward0>)
Memory status after this epoch: 
Memory allocated:  0.6953125
Memory cached:  2.0
[I 2023-11-03 22:01:46,106] Trial 22 finished with value: 0.019367678090929985 and parameters: {'W_layers': 4, 'W_layer_units_exponent_0': 8, 'W_layer_units_exponent_1': 6, 'W_layer_units_exponent_2': 6, 'W_layer_units_exponent_3': 6, 'D_layers': 6, 'D_layer_units_exponent_0': 9, 'D_layer_units_exponent_1': 5, 'D_layer_units_exponent_2': 9, 'D_layer_units_exponent_3': 5, 'D_layer_units_exponent_4': 6, 'D_layer_units_exponent_5': 5, 'log_learning_rate': -2.94188393807893, 'log_learning_rate_D': -3.0244732667414485, 'training_batch_size': 12, 'training_p': 3}. Best is trial 16 with value: 0.017751911655068398.
Time for this trial:  15.970647811889648
Memory status after this trial: 
Memory allocated:  24.24853515625
Memory cached:  32.0
--------------------  Trial  23   --------------------
Start timing: 
Parameters: 
{'W_layers': 4, 'W_layer_units_exponent_0': 8, 'W_layer_units_exponent_1': 5, 'W_layer_units_exponent_2': 6, 'W_layer_units_exponent_3': 6, 'D_layers': 6, 'D_layer_units_exponent_0': 8, 'D_layer_units_exponent_1': 5, 'D_layer_units_exponent_2': 8, 'D_layer_units_exponent_3': 6, 'D_layer_units_exponent_4': 6, 'D_layer_units_exponent_5': 5, 'log_learning_rate': -2.9447996588514638, 'log_learning_rate_D': -2.7544402383307975, 'training_batch_size': 12, 'training_p': 4}
	 epoch  0 training error:  tensor(1.1807, device='cuda:0', grad_fn=<DivBackward0>)
Memory status after this epoch: 
Memory allocated:  0.482421875
Memory cached:  4.0
	 epoch  10 training error:  tensor(0.2279, device='cuda:0', grad_fn=<DivBackward0>)
Memory status after this epoch: 
Memory allocated:  0.482421875
Memory cached:  6.0
	 epoch  20 training error:  tensor(0.1001, device='cuda:0', grad_fn=<DivBackward0>)
Memory status after this epoch: 
Memory allocated:  0.482421875
Memory cached:  6.0
	 epoch  30 training error:  tensor(0.0475, device='cuda:0', grad_fn=<DivBackward0>)
Memory status after this epoch: 
Memory allocated:  0.482421875
Memory cached:  6.0
	 epoch  40 training error:  tensor(0.0419, device='cuda:0', grad_fn=<DivBackward0>)
Memory status after this epoch: 
Memory allocated:  0.482421875
Memory cached:  6.0
	 epoch  50 training error:  tensor(0.0375, device='cuda:0', grad_fn=<DivBackward0>)
Memory status after this epoch: 
Memory allocated:  0.482421875
Memory cached:  6.0
	 epoch  60 training error:  tensor(0.0266, device='cuda:0', grad_fn=<DivBackward0>)
Memory status after this epoch: 
Memory allocated:  0.482421875
Memory cached:  6.0
	 epoch  70 training error:  tensor(0.0247, device='cuda:0', grad_fn=<DivBackward0>)
Memory status after this epoch: 
Memory allocated:  0.482421875
Memory cached:  6.0
	 epoch  80 training error:  tensor(0.0215, device='cuda:0', grad_fn=<DivBackward0>)
Memory status after this epoch: 
Memory allocated:  0.482421875
Memory cached:  6.0
	 epoch  90 training error:  tensor(0.0253, device='cuda:0', grad_fn=<DivBackward0>)
Memory status after this epoch: 
Memory allocated:  0.482421875
Memory cached:  6.0
[I 2023-11-03 22:02:02,334] Trial 23 finished with value: 0.022548530250787735 and parameters: {'W_layers': 4, 'W_layer_units_exponent_0': 8, 'W_layer_units_exponent_1': 5, 'W_layer_units_exponent_2': 6, 'W_layer_units_exponent_3': 6, 'D_layers': 6, 'D_layer_units_exponent_0': 8, 'D_layer_units_exponent_1': 5, 'D_layer_units_exponent_2': 8, 'D_layer_units_exponent_3': 6, 'D_layer_units_exponent_4': 6, 'D_layer_units_exponent_5': 5, 'log_learning_rate': -2.9447996588514638, 'log_learning_rate_D': -2.7544402383307975, 'training_batch_size': 12, 'training_p': 4}. Best is trial 16 with value: 0.017751911655068398.
Time for this trial:  16.020289659500122
Memory status after this trial: 
Memory allocated:  22.46142578125
Memory cached:  30.0
--------------------  Trial  24   --------------------
Start timing: 
Parameters: 
{'W_layers': 4, 'W_layer_units_exponent_0': 9, 'W_layer_units_exponent_1': 7, 'W_layer_units_exponent_2': 7, 'W_layer_units_exponent_3': 6, 'D_layers': 5, 'D_layer_units_exponent_0': 9, 'D_layer_units_exponent_1': 6, 'D_layer_units_exponent_2': 9, 'D_layer_units_exponent_3': 7, 'D_layer_units_exponent_4': 5, 'log_learning_rate': -4.017437980544984, 'log_learning_rate_D': -3.0504487644653513, 'training_batch_size': 12, 'training_p': 3}
	 epoch  0 training error:  tensor(1.1007, device='cuda:0', grad_fn=<DivBackward0>)
Memory status after this epoch: 
Memory allocated:  2.01513671875
Memory cached:  4.0
	 epoch  10 training error:  tensor(0.2715, device='cuda:0', grad_fn=<DivBackward0>)
Memory status after this epoch: 
Memory allocated:  2.01513671875
Memory cached:  4.0
	 epoch  20 training error:  tensor(0.0395, device='cuda:0', grad_fn=<DivBackward0>)
Memory status after this epoch: 
Memory allocated:  2.01513671875
Memory cached:  4.0
	 epoch  30 training error:  tensor(0.0496, device='cuda:0', grad_fn=<DivBackward0>)
Memory status after this epoch: 
Memory allocated:  2.01513671875
Memory cached:  4.0
	 epoch  40 training error:  tensor(0.0468, device='cuda:0', grad_fn=<DivBackward0>)
Memory status after this epoch: 
Memory allocated:  2.01513671875
Memory cached:  4.0
	 epoch  50 training error:  tensor(0.0317, device='cuda:0', grad_fn=<DivBackward0>)
Memory status after this epoch: 
Memory allocated:  2.01513671875
Memory cached:  4.0
	 epoch  60 training error:  tensor(0.0263, device='cuda:0', grad_fn=<DivBackward0>)
Memory status after this epoch: 
Memory allocated:  2.01513671875
Memory cached:  4.0
	 epoch  70 training error:  tensor(0.0246, device='cuda:0', grad_fn=<DivBackward0>)
Memory status after this epoch: 
Memory allocated:  2.01513671875
Memory cached:  4.0
	 epoch  80 training error:  tensor(0.0240, device='cuda:0', grad_fn=<DivBackward0>)
Memory status after this epoch: 
Memory allocated:  2.01513671875
Memory cached:  4.0
	 epoch  90 training error:  tensor(0.0231, device='cuda:0', grad_fn=<DivBackward0>)
Memory status after this epoch: 
Memory allocated:  2.01513671875
Memory cached:  4.0
[I 2023-11-03 22:02:18,815] Trial 24 finished with value: 0.023759637027978897 and parameters: {'W_layers': 4, 'W_layer_units_exponent_0': 9, 'W_layer_units_exponent_1': 7, 'W_layer_units_exponent_2': 7, 'W_layer_units_exponent_3': 6, 'D_layers': 5, 'D_layer_units_exponent_0': 9, 'D_layer_units_exponent_1': 6, 'D_layer_units_exponent_2': 9, 'D_layer_units_exponent_3': 7, 'D_layer_units_exponent_4': 5, 'log_learning_rate': -4.017437980544984, 'log_learning_rate_D': -3.0504487644653513, 'training_batch_size': 12, 'training_p': 3}. Best is trial 16 with value: 0.017751911655068398.
Time for this trial:  16.301984310150146
Memory status after this trial: 
Memory allocated:  45.72900390625
Memory cached:  60.0
--------------------  Trial  25   --------------------
Start timing: 
Parameters: 
{'W_layers': 5, 'W_layer_units_exponent_0': 8, 'W_layer_units_exponent_1': 9, 'W_layer_units_exponent_2': 5, 'W_layer_units_exponent_3': 8, 'W_layer_units_exponent_4': 8, 'D_layers': 6, 'D_layer_units_exponent_0': 7, 'D_layer_units_exponent_1': 5, 'D_layer_units_exponent_2': 8, 'D_layer_units_exponent_3': 5, 'D_layer_units_exponent_4': 4, 'D_layer_units_exponent_5': 6, 'log_learning_rate': -3.2846202788150496, 'log_learning_rate_D': -3.0429677071716696, 'training_batch_size': 11, 'training_p': 4}
	 epoch  0 training error:  tensor(0.9816, device='cuda:0', grad_fn=<DivBackward0>)
Memory status after this epoch: 
Memory allocated:  3.58740234375
Memory cached:  8.0
	 epoch  10 training error:  tensor(0.1329, device='cuda:0', grad_fn=<DivBackward0>)
Memory status after this epoch: 
Memory allocated:  3.58740234375
Memory cached:  8.0
	 epoch  20 training error:  tensor(0.0592, device='cuda:0', grad_fn=<DivBackward0>)
Memory status after this epoch: 
Memory allocated:  3.58740234375
Memory cached:  8.0
	 epoch  30 training error:  tensor(0.1045, device='cuda:0', grad_fn=<DivBackward0>)
Memory status after this epoch: 
Memory allocated:  3.58740234375
Memory cached:  8.0
	 epoch  40 training error:  tensor(0.0765, device='cuda:0', grad_fn=<DivBackward0>)
Memory status after this epoch: 
Memory allocated:  3.58740234375
Memory cached:  8.0
	 epoch  50 training error:  tensor(0.0295, device='cuda:0', grad_fn=<DivBackward0>)
Memory status after this epoch: 
Memory allocated:  3.58740234375
Memory cached:  8.0
	 epoch  60 training error:  tensor(0.0298, device='cuda:0', grad_fn=<DivBackward0>)
Memory status after this epoch: 
Memory allocated:  3.58740234375
Memory cached:  8.0
	 epoch  70 training error:  tensor(0.0213, device='cuda:0', grad_fn=<DivBackward0>)
Memory status after this epoch: 
Memory allocated:  3.58740234375
Memory cached:  8.0
	 epoch  80 training error:  tensor(0.0215, device='cuda:0', grad_fn=<DivBackward0>)
Memory status after this epoch: 
Memory allocated:  3.58740234375
Memory cached:  8.0
	 epoch  90 training error:  tensor(0.0210, device='cuda:0', grad_fn=<DivBackward0>)
Memory status after this epoch: 
Memory allocated:  3.58740234375
Memory cached:  8.0
[I 2023-11-03 22:02:36,281] Trial 25 finished with value: 0.019006038084626198 and parameters: {'W_layers': 5, 'W_layer_units_exponent_0': 8, 'W_layer_units_exponent_1': 9, 'W_layer_units_exponent_2': 5, 'W_layer_units_exponent_3': 8, 'W_layer_units_exponent_4': 8, 'D_layers': 6, 'D_layer_units_exponent_0': 7, 'D_layer_units_exponent_1': 5, 'D_layer_units_exponent_2': 8, 'D_layer_units_exponent_3': 5, 'D_layer_units_exponent_4': 4, 'D_layer_units_exponent_5': 6, 'log_learning_rate': -3.2846202788150496, 'log_learning_rate_D': -3.0429677071716696, 'training_batch_size': 11, 'training_p': 4}. Best is trial 16 with value: 0.017751911655068398.
Time for this trial:  17.29027271270752
Memory status after this trial: 
Memory allocated:  73.30419921875
Memory cached:  88.0
--------------------  Trial  26   --------------------
Start timing: 
Parameters: 
{'W_layers': 6, 'W_layer_units_exponent_0': 9, 'W_layer_units_exponent_1': 9, 'W_layer_units_exponent_2': 5, 'W_layer_units_exponent_3': 8, 'W_layer_units_exponent_4': 8, 'W_layer_units_exponent_5': 6, 'D_layers': 7, 'D_layer_units_exponent_0': 7, 'D_layer_units_exponent_1': 4, 'D_layer_units_exponent_2': 7, 'D_layer_units_exponent_3': 6, 'D_layer_units_exponent_4': 4, 'D_layer_units_exponent_5': 8, 'D_layer_units_exponent_6': 10, 'log_learning_rate': -3.3883722247840735, 'log_learning_rate_D': -2.0913488437827508, 'training_batch_size': 11, 'training_p': 8}
	 epoch  0 training error:  tensor(0.9689, device='cuda:0', grad_fn=<DivBackward0>)
Memory status after this epoch: 
Memory allocated:  6.8349609375
Memory cached:  8.0
	 epoch  10 training error:  tensor(0.2438, device='cuda:0', grad_fn=<DivBackward0>)
Memory status after this epoch: 
Memory allocated:  6.8349609375
Memory cached:  12.0
	 epoch  20 training error:  tensor(0.0674, device='cuda:0', grad_fn=<DivBackward0>)
Memory status after this epoch: 
Memory allocated:  6.8349609375
Memory cached:  12.0
	 epoch  30 training error:  tensor(0.0564, device='cuda:0', grad_fn=<DivBackward0>)
Memory status after this epoch: 
Memory allocated:  6.8349609375
Memory cached:  12.0
	 epoch  40 training error:  tensor(0.0385, device='cuda:0', grad_fn=<DivBackward0>)
Memory status after this epoch: 
Memory allocated:  6.8349609375
Memory cached:  12.0
	 epoch  50 training error:  tensor(0.0420, device='cuda:0', grad_fn=<DivBackward0>)
Memory status after this epoch: 
Memory allocated:  6.8349609375
Memory cached:  12.0
	 epoch  60 training error:  tensor(0.0310, device='cuda:0', grad_fn=<DivBackward0>)
Memory status after this epoch: 
Memory allocated:  6.8349609375
Memory cached:  12.0
	 epoch  70 training error:  tensor(0.0279, device='cuda:0', grad_fn=<DivBackward0>)
Memory status after this epoch: 
Memory allocated:  6.8349609375
Memory cached:  12.0
	 epoch  80 training error:  tensor(0.0277, device='cuda:0', grad_fn=<DivBackward0>)
Memory status after this epoch: 
Memory allocated:  6.8349609375
Memory cached:  12.0
	 epoch  90 training error:  tensor(0.0306, device='cuda:0', grad_fn=<DivBackward0>)
Memory status after this epoch: 
Memory allocated:  6.8349609375
Memory cached:  12.0
[I 2023-11-03 22:02:54,434] Trial 26 finished with value: 0.023892974480986595 and parameters: {'W_layers': 6, 'W_layer_units_exponent_0': 9, 'W_layer_units_exponent_1': 9, 'W_layer_units_exponent_2': 5, 'W_layer_units_exponent_3': 8, 'W_layer_units_exponent_4': 8, 'W_layer_units_exponent_5': 6, 'D_layers': 7, 'D_layer_units_exponent_0': 7, 'D_layer_units_exponent_1': 4, 'D_layer_units_exponent_2': 7, 'D_layer_units_exponent_3': 6, 'D_layer_units_exponent_4': 4, 'D_layer_units_exponent_5': 8, 'D_layer_units_exponent_6': 10, 'log_learning_rate': -3.3883722247840735, 'log_learning_rate_D': -2.0913488437827508, 'training_batch_size': 11, 'training_p': 8}. Best is trial 16 with value: 0.017751911655068398.
Time for this trial:  17.965667247772217
Memory status after this trial: 
Memory allocated:  91.99169921875
Memory cached:  112.0
--------------------  Trial  27   --------------------
Start timing: 
Parameters: 
{'W_layers': 5, 'W_layer_units_exponent_0': 7, 'W_layer_units_exponent_1': 9, 'W_layer_units_exponent_2': 4, 'W_layer_units_exponent_3': 8, 'W_layer_units_exponent_4': 8, 'D_layers': 5, 'D_layer_units_exponent_0': 7, 'D_layer_units_exponent_1': 6, 'D_layer_units_exponent_2': 8, 'D_layer_units_exponent_3': 5, 'D_layer_units_exponent_4': 5, 'log_learning_rate': -3.897319959403934, 'log_learning_rate_D': -2.409193166397104, 'training_batch_size': 11, 'training_p': 4}
	 epoch  0 training error:  tensor(1.0050, device='cuda:0', grad_fn=<DivBackward0>)
Memory status after this epoch: 
Memory allocated:  2.4404296875
Memory cached:  8.0
	 epoch  10 training error:  tensor(0.1645, device='cuda:0', grad_fn=<DivBackward0>)
Memory status after this epoch: 
Memory allocated:  2.4404296875
Memory cached:  8.0
	 epoch  20 training error:  tensor(0.1504, device='cuda:0', grad_fn=<DivBackward0>)
Memory status after this epoch: 
Memory allocated:  2.4404296875
Memory cached:  8.0
	 epoch  30 training error:  tensor(0.0573, device='cuda:0', grad_fn=<DivBackward0>)
Memory status after this epoch: 
Memory allocated:  2.4404296875
Memory cached:  8.0
	 epoch  40 training error:  tensor(0.0429, device='cuda:0', grad_fn=<DivBackward0>)
Memory status after this epoch: 
Memory allocated:  2.4404296875
Memory cached:  8.0
	 epoch  50 training error:  tensor(0.0230, device='cuda:0', grad_fn=<DivBackward0>)
Memory status after this epoch: 
Memory allocated:  2.4404296875
Memory cached:  8.0
	 epoch  60 training error:  tensor(0.0215, device='cuda:0', grad_fn=<DivBackward0>)
Memory status after this epoch: 
Memory allocated:  2.4404296875
Memory cached:  8.0
	 epoch  70 training error:  tensor(0.0204, device='cuda:0', grad_fn=<DivBackward0>)
Memory status after this epoch: 
Memory allocated:  2.4404296875
Memory cached:  8.0
	 epoch  80 training error:  tensor(0.0199, device='cuda:0', grad_fn=<DivBackward0>)
Memory status after this epoch: 
Memory allocated:  2.4404296875
Memory cached:  8.0
	 epoch  90 training error:  tensor(0.0199, device='cuda:0', grad_fn=<DivBackward0>)
Memory status after this epoch: 
Memory allocated:  2.4404296875
Memory cached:  8.0
