[I 2023-11-07 22:55:33,390] Trial 8 finished with value: 0.1157776266336441 and parameters: {'W_layers': 3, 'W_layer_units_exponent_0': 7, 'W_layer_units_exponent_1': 5, 'W_layer_units_exponent_2': 9, 'D_layers': 4, 'D_layer_units_exponent_0': 8, 'D_layer_units_exponent_1': 6, 'D_layer_units_exponent_2': 6, 'D_layer_units_exponent_3': 8, 'D_dagger_layers': 6, 'D_dagger_layer_units_exponent_0': 8, 'D_dagger_layer_units_exponent_1': 6, 'D_dagger_layer_units_exponent_2': 5, 'D_dagger_layer_units_exponent_3': 4, 'D_dagger_layer_units_exponent_4': 5, 'D_dagger_layer_units_exponent_5': 6, 'log_learning_rate': -1.9920467520187732, 'log_learning_rate_D': -4.733171155045671, 'log_learning_rate_D_dagger': -2.112018937295203, 'training_batch_size': 6, 'training_p': 5}. Best is trial 5 with value: 0.021051554009318352.
Time for this trial:  332.4157347679138
Memory status after this trial: 
Memory allocated:  96.36279296875
Memory cached:  114.0
--------------------  Trial  9   --------------------
Start timing: 
Parameters: 
{'W_layers': 8, 'W_layer_units_exponent_0': 8, 'W_layer_units_exponent_1': 10, 'W_layer_units_exponent_2': 4, 'W_layer_units_exponent_3': 6, 'W_layer_units_exponent_4': 9, 'W_layer_units_exponent_5': 8, 'W_layer_units_exponent_6': 4, 'W_layer_units_exponent_7': 4, 'D_layers': 7, 'D_layer_units_exponent_0': 6, 'D_layer_units_exponent_1': 4, 'D_layer_units_exponent_2': 4, 'D_layer_units_exponent_3': 8, 'D_layer_units_exponent_4': 8, 'D_layer_units_exponent_5': 10, 'D_layer_units_exponent_6': 9, 'D_dagger_layers': 4, 'D_dagger_layer_units_exponent_0': 4, 'D_dagger_layer_units_exponent_1': 6, 'D_dagger_layer_units_exponent_2': 4, 'D_dagger_layer_units_exponent_3': 8, 'log_learning_rate': -3.184144068353373, 'log_learning_rate_D': -3.8810044793555867, 'log_learning_rate_D_dagger': -2.179519772375071, 'training_batch_size': 9, 'training_p': 8}
	 epoch  0 training error:  tensor(0.9721, device='cuda:0', grad_fn=<DivBackward0>)
Memory status after this epoch: 
Memory allocated:  20.25244140625
Memory cached:  168.0
	 epoch  10 training error:  tensor(0.1719, device='cuda:0', grad_fn=<DivBackward0>)
Memory status after this epoch: 
Memory allocated:  20.25244140625
Memory cached:  324.0
	 epoch  20 training error:  tensor(0.1411, device='cuda:0', grad_fn=<DivBackward0>)
Memory status after this epoch: 
Memory allocated:  20.25244140625
Memory cached:  308.0
	 epoch  30 training error:  tensor(0.0581, device='cuda:0', grad_fn=<DivBackward0>)
Memory status after this epoch: 
Memory allocated:  20.25244140625
Memory cached:  332.0
	 epoch  40 training error:  tensor(0.0313, device='cuda:0', grad_fn=<DivBackward0>)
Memory status after this epoch: 
Memory allocated:  20.25244140625
Memory cached:  318.0
	 epoch  50 training error:  tensor(0.0291, device='cuda:0', grad_fn=<DivBackward0>)
Memory status after this epoch: 
Memory allocated:  20.25244140625
Memory cached:  328.0
	 epoch  60 training error:  tensor(0.0594, device='cuda:0', grad_fn=<DivBackward0>)
Memory status after this epoch: 
Memory allocated:  20.25244140625
Memory cached:  316.0
	 epoch  70 training error:  tensor(0.0724, device='cuda:0', grad_fn=<DivBackward0>)
Memory status after this epoch: 
Memory allocated:  20.25244140625
Memory cached:  316.0
	 epoch  80 training error:  tensor(0.0420, device='cuda:0', grad_fn=<DivBackward0>)
Memory status after this epoch: 
Memory allocated:  20.25244140625
Memory cached:  316.0
	 epoch  90 training error:  tensor(0.0369, device='cuda:0', grad_fn=<DivBackward0>)
Memory status after this epoch: 
Memory allocated:  20.25244140625
Memory cached:  318.0
[I 2023-11-07 22:59:31,149] Trial 9 finished with value: 0.13818994164466858 and parameters: {'W_layers': 8, 'W_layer_units_exponent_0': 8, 'W_layer_units_exponent_1': 10, 'W_layer_units_exponent_2': 4, 'W_layer_units_exponent_3': 6, 'W_layer_units_exponent_4': 9, 'W_layer_units_exponent_5': 8, 'W_layer_units_exponent_6': 4, 'W_layer_units_exponent_7': 4, 'D_layers': 7, 'D_layer_units_exponent_0': 6, 'D_layer_units_exponent_1': 4, 'D_layer_units_exponent_2': 4, 'D_layer_units_exponent_3': 8, 'D_layer_units_exponent_4': 8, 'D_layer_units_exponent_5': 10, 'D_layer_units_exponent_6': 9, 'D_dagger_layers': 4, 'D_dagger_layer_units_exponent_0': 4, 'D_dagger_layer_units_exponent_1': 6, 'D_dagger_layer_units_exponent_2': 4, 'D_dagger_layer_units_exponent_3': 8, 'log_learning_rate': -3.184144068353373, 'log_learning_rate_D': -3.8810044793555867, 'log_learning_rate_D_dagger': -2.179519772375071, 'training_batch_size': 9, 'training_p': 8}. Best is trial 5 with value: 0.021051554009318352.
Time for this trial:  237.5652630329132
Memory status after this trial: 
Memory allocated:  259.76611328125
Memory cached:  282.0
--------------------  Trial  10   --------------------
Start timing: 
Parameters: 
{'W_layers': 5, 'W_layer_units_exponent_0': 4, 'W_layer_units_exponent_1': 8, 'W_layer_units_exponent_2': 10, 'W_layer_units_exponent_3': 4, 'W_layer_units_exponent_4': 4, 'D_layers': 2, 'D_layer_units_exponent_0': 10, 'D_layer_units_exponent_1': 8, 'D_dagger_layers': 8, 'D_dagger_layer_units_exponent_0': 10, 'D_dagger_layer_units_exponent_1': 10, 'D_dagger_layer_units_exponent_2': 4, 'D_dagger_layer_units_exponent_3': 6, 'D_dagger_layer_units_exponent_4': 10, 'D_dagger_layer_units_exponent_5': 9, 'D_dagger_layer_units_exponent_6': 10, 'D_dagger_layer_units_exponent_7': 6, 'log_learning_rate': -4.074522058061378, 'log_learning_rate_D': -2.7993898807545285, 'log_learning_rate_D_dagger': -4.793123939694754, 'training_batch_size': 9, 'training_p': 6}
	 epoch  0 training error:  tensor(1.0007, device='cuda:0', grad_fn=<DivBackward0>)
Memory status after this epoch: 
Memory allocated:  42.91064453125
Memory cached:  172.0
	 epoch  10 training error:  tensor(0.5105, device='cuda:0', grad_fn=<DivBackward0>)
Memory status after this epoch: 
Memory allocated:  42.91064453125
Memory cached:  320.0
	 epoch  20 training error:  tensor(0.1845, device='cuda:0', grad_fn=<DivBackward0>)
Memory status after this epoch: 
Memory allocated:  42.91064453125
Memory cached:  310.0
	 epoch  30 training error:  tensor(0.0447, device='cuda:0', grad_fn=<DivBackward0>)
Memory status after this epoch: 
Memory allocated:  42.91064453125
Memory cached:  336.0
	 epoch  40 training error:  tensor(0.0314, device='cuda:0', grad_fn=<DivBackward0>)
Memory status after this epoch: 
Memory allocated:  42.91064453125
Memory cached:  330.0
	 epoch  50 training error:  tensor(0.0281, device='cuda:0', grad_fn=<DivBackward0>)
Memory status after this epoch: 
Memory allocated:  42.91064453125
Memory cached:  336.0
	 epoch  60 training error:  tensor(0.0250, device='cuda:0', grad_fn=<DivBackward0>)
Memory status after this epoch: 
Memory allocated:  42.91064453125
Memory cached:  322.0
	 epoch  70 training error:  tensor(0.0252, device='cuda:0', grad_fn=<DivBackward0>)
Memory status after this epoch: 
Memory allocated:  42.91064453125
Memory cached:  314.0
	 epoch  80 training error:  tensor(0.0249, device='cuda:0', grad_fn=<DivBackward0>)
Memory status after this epoch: 
Memory allocated:  42.91064453125
Memory cached:  318.0
	 epoch  90 training error:  tensor(0.0248, device='cuda:0', grad_fn=<DivBackward0>)
Memory status after this epoch: 
Memory allocated:  42.91064453125
Memory cached:  338.0
[I 2023-11-07 23:03:16,732] Trial 10 finished with value: 0.016754433512687683 and parameters: {'W_layers': 5, 'W_layer_units_exponent_0': 4, 'W_layer_units_exponent_1': 8, 'W_layer_units_exponent_2': 10, 'W_layer_units_exponent_3': 4, 'W_layer_units_exponent_4': 4, 'D_layers': 2, 'D_layer_units_exponent_0': 10, 'D_layer_units_exponent_1': 8, 'D_dagger_layers': 8, 'D_dagger_layer_units_exponent_0': 10, 'D_dagger_layer_units_exponent_1': 10, 'D_dagger_layer_units_exponent_2': 4, 'D_dagger_layer_units_exponent_3': 6, 'D_dagger_layer_units_exponent_4': 10, 'D_dagger_layer_units_exponent_5': 9, 'D_dagger_layer_units_exponent_6': 10, 'D_dagger_layer_units_exponent_7': 6, 'log_learning_rate': -4.074522058061378, 'log_learning_rate_D': -2.7993898807545285, 'log_learning_rate_D_dagger': -4.793123939694754, 'training_batch_size': 9, 'training_p': 6}. Best is trial 10 with value: 0.016754433512687683.
Time for this trial:  225.31888222694397
Memory status after this trial: 
Memory allocated:  415.45654296875
Memory cached:  446.0
--------------------  Trial  11   --------------------
Start timing: 
Parameters: 
{'W_layers': 5, 'W_layer_units_exponent_0': 4, 'W_layer_units_exponent_1': 8, 'W_layer_units_exponent_2': 10, 'W_layer_units_exponent_3': 4, 'W_layer_units_exponent_4': 5, 'D_layers': 2, 'D_layer_units_exponent_0': 10, 'D_layer_units_exponent_1': 8, 'D_dagger_layers': 8, 'D_dagger_layer_units_exponent_0': 10, 'D_dagger_layer_units_exponent_1': 10, 'D_dagger_layer_units_exponent_2': 4, 'D_dagger_layer_units_exponent_3': 6, 'D_dagger_layer_units_exponent_4': 10, 'D_dagger_layer_units_exponent_5': 10, 'D_dagger_layer_units_exponent_6': 10, 'D_dagger_layer_units_exponent_7': 6, 'log_learning_rate': -3.9949481216335183, 'log_learning_rate_D': -2.8647558626835727, 'log_learning_rate_D_dagger': -4.869589789062084, 'training_batch_size': 9, 'training_p': 6}
	 epoch  0 training error:  tensor(0.9807, device='cuda:0', grad_fn=<DivBackward0>)
Memory status after this epoch: 
Memory allocated:  58.92236328125
Memory cached:  204.0
	 epoch  10 training error:  tensor(0.4675, device='cuda:0', grad_fn=<DivBackward0>)
Memory status after this epoch: 
Memory allocated:  58.92236328125
Memory cached:  358.0
	 epoch  20 training error:  tensor(0.1846, device='cuda:0', grad_fn=<DivBackward0>)
Memory status after this epoch: 
Memory allocated:  58.92236328125
Memory cached:  350.0
	 epoch  30 training error:  tensor(0.0768, device='cuda:0', grad_fn=<DivBackward0>)
Memory status after this epoch: 
Memory allocated:  58.92236328125
Memory cached:  366.0
	 epoch  40 training error:  tensor(0.0398, device='cuda:0', grad_fn=<DivBackward0>)
Memory status after this epoch: 
Memory allocated:  58.92236328125
Memory cached:  358.0
	 epoch  50 training error:  tensor(0.0302, device='cuda:0', grad_fn=<DivBackward0>)
Memory status after this epoch: 
Memory allocated:  58.92236328125
Memory cached:  350.0
	 epoch  60 training error:  tensor(0.0289, device='cuda:0', grad_fn=<DivBackward0>)
Memory status after this epoch: 
Memory allocated:  58.92236328125
Memory cached:  346.0
	 epoch  70 training error:  tensor(0.0271, device='cuda:0', grad_fn=<DivBackward0>)
Memory status after this epoch: 
Memory allocated:  58.92236328125
Memory cached:  344.0
	 epoch  80 training error:  tensor(0.0264, device='cuda:0', grad_fn=<DivBackward0>)
Memory status after this epoch: 
Memory allocated:  58.92236328125
Memory cached:  360.0
	 epoch  90 training error:  tensor(0.0260, device='cuda:0', grad_fn=<DivBackward0>)
Memory status after this epoch: 
Memory allocated:  58.92236328125
Memory cached:  354.0
[I 2023-11-07 23:07:07,327] Trial 11 finished with value: 0.01880599372088909 and parameters: {'W_layers': 5, 'W_layer_units_exponent_0': 4, 'W_layer_units_exponent_1': 8, 'W_layer_units_exponent_2': 10, 'W_layer_units_exponent_3': 4, 'W_layer_units_exponent_4': 5, 'D_layers': 2, 'D_layer_units_exponent_0': 10, 'D_layer_units_exponent_1': 8, 'D_dagger_layers': 8, 'D_dagger_layer_units_exponent_0': 10, 'D_dagger_layer_units_exponent_1': 10, 'D_dagger_layer_units_exponent_2': 4, 'D_dagger_layer_units_exponent_3': 6, 'D_dagger_layer_units_exponent_4': 10, 'D_dagger_layer_units_exponent_5': 10, 'D_dagger_layer_units_exponent_6': 10, 'D_dagger_layer_units_exponent_7': 6, 'log_learning_rate': -3.9949481216335183, 'log_learning_rate_D': -2.8647558626835727, 'log_learning_rate_D_dagger': -4.869589789062084, 'training_batch_size': 9, 'training_p': 6}. Best is trial 10 with value: 0.016754433512687683.
Time for this trial:  230.35106825828552
Memory status after this trial: 
Memory allocated:  451.48974609375
Memory cached:  474.0
--------------------  Trial  12   --------------------
Start timing: 
Parameters: 
{'W_layers': 5, 'W_layer_units_exponent_0': 5, 'W_layer_units_exponent_1': 8, 'W_layer_units_exponent_2': 10, 'W_layer_units_exponent_3': 4, 'W_layer_units_exponent_4': 4, 'D_layers': 3, 'D_layer_units_exponent_0': 9, 'D_layer_units_exponent_1': 8, 'D_layer_units_exponent_2': 10, 'D_dagger_layers': 8, 'D_dagger_layer_units_exponent_0': 10, 'D_dagger_layer_units_exponent_1': 10, 'D_dagger_layer_units_exponent_2': 5, 'D_dagger_layer_units_exponent_3': 6, 'D_dagger_layer_units_exponent_4': 10, 'D_dagger_layer_units_exponent_5': 10, 'D_dagger_layer_units_exponent_6': 10, 'D_dagger_layer_units_exponent_7': 6, 'log_learning_rate': -3.918133190093677, 'log_learning_rate_D': -2.8277873494225956, 'log_learning_rate_D_dagger': -4.706940472064517, 'training_batch_size': 9, 'training_p': 6}
	 epoch  0 training error:  tensor(0.9809, device='cuda:0', grad_fn=<DivBackward0>)
Memory status after this epoch: 
Memory allocated:  61.23681640625
Memory cached:  220.0
	 epoch  10 training error:  tensor(0.2968, device='cuda:0', grad_fn=<DivBackward0>)
Memory status after this epoch: 
Memory allocated:  61.23681640625
Memory cached:  338.0
	 epoch  20 training error:  tensor(0.0912, device='cuda:0', grad_fn=<DivBackward0>)
Memory status after this epoch: 
Memory allocated:  61.23681640625
Memory cached:  342.0
	 epoch  30 training error:  tensor(0.0381, device='cuda:0', grad_fn=<DivBackward0>)
Memory status after this epoch: 
Memory allocated:  61.23681640625
Memory cached:  342.0
	 epoch  40 training error:  tensor(0.0320, device='cuda:0', grad_fn=<DivBackward0>)
Memory status after this epoch: 
Memory allocated:  61.23681640625
Memory cached:  358.0
	 epoch  50 training error:  tensor(0.0274, device='cuda:0', grad_fn=<DivBackward0>)
Memory status after this epoch: 
Memory allocated:  61.23681640625
Memory cached:  346.0
	 epoch  60 training error:  tensor(0.0262, device='cuda:0', grad_fn=<DivBackward0>)
Memory status after this epoch: 
Memory allocated:  61.23681640625
Memory cached:  348.0
	 epoch  70 training error:  tensor(0.0258, device='cuda:0', grad_fn=<DivBackward0>)
Memory status after this epoch: 
Memory allocated:  61.23681640625
Memory cached:  360.0
	 epoch  80 training error:  tensor(0.0253, device='cuda:0', grad_fn=<DivBackward0>)
Memory status after this epoch: 
Memory allocated:  61.23681640625
Memory cached:  360.0
	 epoch  90 training error:  tensor(0.0251, device='cuda:0', grad_fn=<DivBackward0>)
Memory status after this epoch: 
Memory allocated:  61.23681640625
Memory cached:  340.0
[I 2023-11-07 23:11:10,178] Trial 12 finished with value: 0.017767418175935745 and parameters: {'W_layers': 5, 'W_layer_units_exponent_0': 5, 'W_layer_units_exponent_1': 8, 'W_layer_units_exponent_2': 10, 'W_layer_units_exponent_3': 4, 'W_layer_units_exponent_4': 4, 'D_layers': 3, 'D_layer_units_exponent_0': 9, 'D_layer_units_exponent_1': 8, 'D_layer_units_exponent_2': 10, 'D_dagger_layers': 8, 'D_dagger_layer_units_exponent_0': 10, 'D_dagger_layer_units_exponent_1': 10, 'D_dagger_layer_units_exponent_2': 5, 'D_dagger_layer_units_exponent_3': 6, 'D_dagger_layer_units_exponent_4': 10, 'D_dagger_layer_units_exponent_5': 10, 'D_dagger_layer_units_exponent_6': 10, 'D_dagger_layer_units_exponent_7': 6, 'log_learning_rate': -3.918133190093677, 'log_learning_rate_D': -2.8277873494225956, 'log_learning_rate_D_dagger': -4.706940472064517, 'training_batch_size': 9, 'training_p': 6}. Best is trial 10 with value: 0.016754433512687683.
Time for this trial:  242.58016848564148
Memory status after this trial: 
Memory allocated:  480.40087890625
Memory cached:  504.0
--------------------  Trial  13   --------------------
Start timing: 
Parameters: 
{'W_layers': 6, 'W_layer_units_exponent_0': 5, 'W_layer_units_exponent_1': 8, 'W_layer_units_exponent_2': 10, 'W_layer_units_exponent_3': 4, 'W_layer_units_exponent_4': 4, 'W_layer_units_exponent_5': 4, 'D_layers': 4, 'D_layer_units_exponent_0': 8, 'D_layer_units_exponent_1': 8, 'D_layer_units_exponent_2': 10, 'D_layer_units_exponent_3': 10, 'D_dagger_layers': 8, 'D_dagger_layer_units_exponent_0': 10, 'D_dagger_layer_units_exponent_1': 9, 'D_dagger_layer_units_exponent_2': 6, 'D_dagger_layer_units_exponent_3': 7, 'D_dagger_layer_units_exponent_4': 8, 'D_dagger_layer_units_exponent_5': 9, 'D_dagger_layer_units_exponent_6': 10, 'D_dagger_layer_units_exponent_7': 6, 'log_learning_rate': -3.7405270698640343, 'log_learning_rate_D': -2.568667509010907, 'log_learning_rate_D_dagger': -4.93168696301281, 'training_batch_size': 8, 'training_p': 4}
	 epoch  0 training error:  tensor(1.0121, device='cuda:0', grad_fn=<DivBackward0>)
Memory status after this epoch: 
Memory allocated:  45.80517578125
Memory cached:  182.0
	 epoch  10 training error:  tensor(0.5427, device='cuda:0', grad_fn=<DivBackward0>)
Memory status after this epoch: 
Memory allocated:  45.80517578125
Memory cached:  308.0
	 epoch  20 training error:  tensor(0.1533, device='cuda:0', grad_fn=<DivBackward0>)
Memory status after this epoch: 
Memory allocated:  45.80517578125
Memory cached:  312.0
	 epoch  30 training error:  tensor(0.0736, device='cuda:0', grad_fn=<DivBackward0>)
Memory status after this epoch: 
Memory allocated:  45.80517578125
Memory cached:  312.0
	 epoch  40 training error:  tensor(0.0367, device='cuda:0', grad_fn=<DivBackward0>)
Memory status after this epoch: 
Memory allocated:  45.80517578125
Memory cached:  310.0
	 epoch  50 training error:  tensor(0.0267, device='cuda:0', grad_fn=<DivBackward0>)
Memory status after this epoch: 
Memory allocated:  45.80517578125
Memory cached:  328.0
	 epoch  60 training error:  tensor(0.0243, device='cuda:0', grad_fn=<DivBackward0>)
Memory status after this epoch: 
Memory allocated:  45.80517578125
Memory cached:  322.0
	 epoch  70 training error:  tensor(0.0208, device='cuda:0', grad_fn=<DivBackward0>)
Memory status after this epoch: 
Memory allocated:  45.80517578125
Memory cached:  320.0
	 epoch  80 training error:  tensor(0.0209, device='cuda:0', grad_fn=<DivBackward0>)
Memory status after this epoch: 
Memory allocated:  45.80517578125
Memory cached:  316.0
	 epoch  90 training error:  tensor(0.0209, device='cuda:0', grad_fn=<DivBackward0>)
Memory status after this epoch: 
Memory allocated:  45.80517578125
Memory cached:  308.0
