[I 2023-11-07 15:02:20,788] Trial 5 finished with value: 1.000000238418579 and parameters: {'W_layers': 4, 'W_layer_units_exponent_0': 7, 'W_layer_units_exponent_1': 6, 'W_layer_units_exponent_2': 10, 'W_layer_units_exponent_3': 8, 'D_layers': 6, 'D_layer_units_exponent_0': 10, 'D_layer_units_exponent_1': 10, 'D_layer_units_exponent_2': 9, 'D_layer_units_exponent_3': 9, 'D_layer_units_exponent_4': 9, 'D_layer_units_exponent_5': 5, 'D_dagger_layers': 6, 'D_dagger_layer_units_exponent_0': 8, 'D_dagger_layer_units_exponent_1': 6, 'D_dagger_layer_units_exponent_2': 6, 'D_dagger_layer_units_exponent_3': 5, 'D_dagger_layer_units_exponent_4': 8, 'D_dagger_layer_units_exponent_5': 8, 'log_learning_rate': -1.2748958871202873, 'log_learning_rate_D': -4.364484039680203, 'log_learning_rate_D_dagger': -2.2119824053266464, 'training_batch_size': 6, 'training_p': 6}. Best is trial 2 with value: 0.014129730872809887.
Time for this trial:  22.934383869171143
Memory status after this trial: 
Memory allocated:  134.3056640625
Memory cached:  160.0
--------------------  Trial  6   --------------------
Start timing: 
Parameters: 
{'W_layers': 3, 'W_layer_units_exponent_0': 7, 'W_layer_units_exponent_1': 4, 'W_layer_units_exponent_2': 9, 'D_layers': 7, 'D_layer_units_exponent_0': 6, 'D_layer_units_exponent_1': 8, 'D_layer_units_exponent_2': 9, 'D_layer_units_exponent_3': 4, 'D_layer_units_exponent_4': 6, 'D_layer_units_exponent_5': 8, 'D_layer_units_exponent_6': 10, 'D_dagger_layers': 6, 'D_dagger_layer_units_exponent_0': 6, 'D_dagger_layer_units_exponent_1': 4, 'D_dagger_layer_units_exponent_2': 7, 'D_dagger_layer_units_exponent_3': 5, 'D_dagger_layer_units_exponent_4': 10, 'D_dagger_layer_units_exponent_5': 6, 'log_learning_rate': -3.5647606203444093, 'log_learning_rate_D': -2.894064460405276, 'log_learning_rate_D_dagger': -2.6205862131439663, 'training_batch_size': 10, 'training_p': 2}
	 epoch  0 training error:  tensor(1.1074, device='cuda:0', grad_fn=<DivBackward0>)
Memory status after this epoch: 
Memory allocated:  3.6484375
Memory cached:  12.0
	 epoch  10 training error:  tensor(0.1900, device='cuda:0', grad_fn=<DivBackward0>)
Memory status after this epoch: 
Memory allocated:  3.6484375
Memory cached:  12.0
	 epoch  20 training error:  tensor(0.0181, device='cuda:0', grad_fn=<DivBackward0>)
Memory status after this epoch: 
Memory allocated:  3.6484375
Memory cached:  12.0
	 epoch  30 training error:  tensor(0.0176, device='cuda:0', grad_fn=<DivBackward0>)
Memory status after this epoch: 
Memory allocated:  3.6484375
Memory cached:  12.0
	 epoch  40 training error:  tensor(0.0155, device='cuda:0', grad_fn=<DivBackward0>)
Memory status after this epoch: 
Memory allocated:  3.6484375
Memory cached:  12.0
	 epoch  50 training error:  tensor(0.0163, device='cuda:0', grad_fn=<DivBackward0>)
Memory status after this epoch: 
Memory allocated:  3.6484375
Memory cached:  12.0
	 epoch  60 training error:  tensor(0.0149, device='cuda:0', grad_fn=<DivBackward0>)
Memory status after this epoch: 
Memory allocated:  3.6484375
Memory cached:  12.0
	 epoch  70 training error:  tensor(0.0147, device='cuda:0', grad_fn=<DivBackward0>)
Memory status after this epoch: 
Memory allocated:  3.6484375
Memory cached:  12.0
	 epoch  80 training error:  tensor(0.0156, device='cuda:0', grad_fn=<DivBackward0>)
Memory status after this epoch: 
Memory allocated:  3.6484375
Memory cached:  12.0
	 epoch  90 training error:  tensor(0.0158, device='cuda:0', grad_fn=<DivBackward0>)
Memory status after this epoch: 
Memory allocated:  3.6484375
Memory cached:  12.0
[I 2023-11-07 15:02:40,861] Trial 6 finished with value: 0.015310987830162048 and parameters: {'W_layers': 3, 'W_layer_units_exponent_0': 7, 'W_layer_units_exponent_1': 4, 'W_layer_units_exponent_2': 9, 'D_layers': 7, 'D_layer_units_exponent_0': 6, 'D_layer_units_exponent_1': 8, 'D_layer_units_exponent_2': 9, 'D_layer_units_exponent_3': 4, 'D_layer_units_exponent_4': 6, 'D_layer_units_exponent_5': 8, 'D_layer_units_exponent_6': 10, 'D_dagger_layers': 6, 'D_dagger_layer_units_exponent_0': 6, 'D_dagger_layer_units_exponent_1': 4, 'D_dagger_layer_units_exponent_2': 7, 'D_dagger_layer_units_exponent_3': 5, 'D_dagger_layer_units_exponent_4': 10, 'D_dagger_layer_units_exponent_5': 6, 'log_learning_rate': -3.5647606203444093, 'log_learning_rate_D': -2.894064460405276, 'log_learning_rate_D_dagger': -2.6205862131439663, 'training_batch_size': 10, 'training_p': 2}. Best is trial 2 with value: 0.014129730872809887.
Time for this trial:  19.966130256652832
Memory status after this trial: 
Memory allocated:  108.5009765625
Memory cached:  130.0
--------------------  Trial  7   --------------------
Start timing: 
Parameters: 
{'W_layers': 4, 'W_layer_units_exponent_0': 5, 'W_layer_units_exponent_1': 6, 'W_layer_units_exponent_2': 6, 'W_layer_units_exponent_3': 10, 'D_layers': 2, 'D_layer_units_exponent_0': 4, 'D_layer_units_exponent_1': 6, 'D_dagger_layers': 4, 'D_dagger_layer_units_exponent_0': 5, 'D_dagger_layer_units_exponent_1': 10, 'D_dagger_layer_units_exponent_2': 10, 'D_dagger_layer_units_exponent_3': 4, 'log_learning_rate': -3.3366257278620455, 'log_learning_rate_D': -1.027286804979298, 'log_learning_rate_D_dagger': -2.8304281512950715, 'training_batch_size': 6, 'training_p': 8}
	 epoch  0 training error:  tensor(1.4973, device='cuda:0', grad_fn=<DivBackward0>)
Memory status after this epoch: 
Memory allocated:  18.0615234375
Memory cached:  50.0
	 epoch  10 training error:  tensor(0.1440, device='cuda:0', grad_fn=<DivBackward0>)
Memory status after this epoch: 
Memory allocated:  18.0615234375
Memory cached:  50.0
	 epoch  20 training error:  tensor(0.0833, device='cuda:0', grad_fn=<DivBackward0>)
Memory status after this epoch: 
Memory allocated:  18.0615234375
Memory cached:  50.0
	 epoch  30 training error:  tensor(0.0719, device='cuda:0', grad_fn=<DivBackward0>)
Memory status after this epoch: 
Memory allocated:  18.0615234375
Memory cached:  50.0
	 epoch  40 training error:  tensor(0.0690, device='cuda:0', grad_fn=<DivBackward0>)
Memory status after this epoch: 
Memory allocated:  18.0615234375
Memory cached:  50.0
	 epoch  50 training error:  tensor(0.0795, device='cuda:0', grad_fn=<DivBackward0>)
Memory status after this epoch: 
Memory allocated:  18.0615234375
Memory cached:  50.0
	 epoch  60 training error:  tensor(0.0629, device='cuda:0', grad_fn=<DivBackward0>)
Memory status after this epoch: 
Memory allocated:  18.0615234375
Memory cached:  50.0
	 epoch  70 training error:  tensor(0.0613, device='cuda:0', grad_fn=<DivBackward0>)
Memory status after this epoch: 
Memory allocated:  18.0615234375
Memory cached:  50.0
	 epoch  80 training error:  tensor(0.0585, device='cuda:0', grad_fn=<DivBackward0>)
Memory status after this epoch: 
Memory allocated:  18.0615234375
Memory cached:  50.0
	 epoch  90 training error:  tensor(0.0631, device='cuda:0', grad_fn=<DivBackward0>)
Memory status after this epoch: 
Memory allocated:  18.0615234375
Memory cached:  50.0
[I 2023-11-07 15:03:04,161] Trial 7 finished with value: 0.04684867337346077 and parameters: {'W_layers': 4, 'W_layer_units_exponent_0': 5, 'W_layer_units_exponent_1': 6, 'W_layer_units_exponent_2': 6, 'W_layer_units_exponent_3': 10, 'D_layers': 2, 'D_layer_units_exponent_0': 4, 'D_layer_units_exponent_1': 6, 'D_dagger_layers': 4, 'D_dagger_layer_units_exponent_0': 5, 'D_dagger_layer_units_exponent_1': 10, 'D_dagger_layer_units_exponent_2': 10, 'D_dagger_layer_units_exponent_3': 4, 'log_learning_rate': -3.3366257278620455, 'log_learning_rate_D': -1.027286804979298, 'log_learning_rate_D_dagger': -2.8304281512950715, 'training_batch_size': 6, 'training_p': 8}. Best is trial 2 with value: 0.014129730872809887.
Time for this trial:  23.188376903533936
Memory status after this trial: 
Memory allocated:  185.673828125
Memory cached:  226.0
--------------------  Trial  8   --------------------
Start timing: 
Parameters: 
{'W_layers': 7, 'W_layer_units_exponent_0': 6, 'W_layer_units_exponent_1': 10, 'W_layer_units_exponent_2': 8, 'W_layer_units_exponent_3': 7, 'W_layer_units_exponent_4': 8, 'W_layer_units_exponent_5': 9, 'W_layer_units_exponent_6': 5, 'D_layers': 2, 'D_layer_units_exponent_0': 6, 'D_layer_units_exponent_1': 6, 'D_dagger_layers': 7, 'D_dagger_layer_units_exponent_0': 8, 'D_dagger_layer_units_exponent_1': 7, 'D_dagger_layer_units_exponent_2': 10, 'D_dagger_layer_units_exponent_3': 7, 'D_dagger_layer_units_exponent_4': 10, 'D_dagger_layer_units_exponent_5': 8, 'D_dagger_layer_units_exponent_6': 10, 'log_learning_rate': -4.760545243546249, 'log_learning_rate_D': -3.172956804712303, 'log_learning_rate_D_dagger': -1.2407962738966614, 'training_batch_size': 6, 'training_p': 3}
	 epoch  0 training error:  tensor(28.7263, device='cuda:0', grad_fn=<DivBackward0>)
Memory status after this epoch: 
Memory allocated:  23.0205078125
Memory cached:  28.0
	 epoch  10 training error:  tensor(0.7801, device='cuda:0', grad_fn=<DivBackward0>)
Memory status after this epoch: 
Memory allocated:  23.0205078125
Memory cached:  24.0
	 epoch  20 training error:  tensor(0.3826, device='cuda:0', grad_fn=<DivBackward0>)
Memory status after this epoch: 
Memory allocated:  23.0205078125
Memory cached:  26.0
	 epoch  30 training error:  tensor(0.0689, device='cuda:0', grad_fn=<DivBackward0>)
Memory status after this epoch: 
Memory allocated:  23.0205078125
Memory cached:  28.0
	 epoch  40 training error:  tensor(0.0239, device='cuda:0', grad_fn=<DivBackward0>)
Memory status after this epoch: 
Memory allocated:  23.0205078125
Memory cached:  24.0
	 epoch  50 training error:  tensor(0.0225, device='cuda:0', grad_fn=<DivBackward0>)
Memory status after this epoch: 
Memory allocated:  23.0205078125
Memory cached:  26.0
	 epoch  60 training error:  tensor(0.0218, device='cuda:0', grad_fn=<DivBackward0>)
Memory status after this epoch: 
Memory allocated:  23.0205078125
Memory cached:  24.0
	 epoch  70 training error:  tensor(0.0216, device='cuda:0', grad_fn=<DivBackward0>)
Memory status after this epoch: 
Memory allocated:  23.0205078125
Memory cached:  26.0
	 epoch  80 training error:  tensor(0.0216, device='cuda:0', grad_fn=<DivBackward0>)
Memory status after this epoch: 
Memory allocated:  23.0205078125
Memory cached:  24.0
	 epoch  90 training error:  tensor(0.0216, device='cuda:0', grad_fn=<DivBackward0>)
Memory status after this epoch: 
Memory allocated:  23.0205078125
Memory cached:  24.0
[I 2023-11-07 15:03:32,298] Trial 8 finished with value: 0.019014088436961174 and parameters: {'W_layers': 7, 'W_layer_units_exponent_0': 6, 'W_layer_units_exponent_1': 10, 'W_layer_units_exponent_2': 8, 'W_layer_units_exponent_3': 7, 'W_layer_units_exponent_4': 8, 'W_layer_units_exponent_5': 9, 'W_layer_units_exponent_6': 5, 'D_layers': 2, 'D_layer_units_exponent_0': 6, 'D_layer_units_exponent_1': 6, 'D_dagger_layers': 7, 'D_dagger_layer_units_exponent_0': 8, 'D_dagger_layer_units_exponent_1': 7, 'D_dagger_layer_units_exponent_2': 10, 'D_dagger_layer_units_exponent_3': 7, 'D_dagger_layer_units_exponent_4': 10, 'D_dagger_layer_units_exponent_5': 8, 'D_dagger_layer_units_exponent_6': 10, 'log_learning_rate': -4.760545243546249, 'log_learning_rate_D': -3.172956804712303, 'log_learning_rate_D_dagger': -1.2407962738966614, 'training_batch_size': 6, 'training_p': 3}. Best is trial 2 with value: 0.014129730872809887.
Time for this trial:  28.03794765472412
Memory status after this trial: 
Memory allocated:  345.298828125
Memory cached:  354.0
--------------------  Trial  9   --------------------
Start timing: 
Parameters: 
{'W_layers': 6, 'W_layer_units_exponent_0': 10, 'W_layer_units_exponent_1': 6, 'W_layer_units_exponent_2': 4, 'W_layer_units_exponent_3': 5, 'W_layer_units_exponent_4': 10, 'W_layer_units_exponent_5': 10, 'D_layers': 2, 'D_layer_units_exponent_0': 4, 'D_layer_units_exponent_1': 6, 'D_dagger_layers': 8, 'D_dagger_layer_units_exponent_0': 9, 'D_dagger_layer_units_exponent_1': 10, 'D_dagger_layer_units_exponent_2': 4, 'D_dagger_layer_units_exponent_3': 10, 'D_dagger_layer_units_exponent_4': 5, 'D_dagger_layer_units_exponent_5': 4, 'D_dagger_layer_units_exponent_6': 9, 'D_dagger_layer_units_exponent_7': 4, 'log_learning_rate': -1.9705230162714806, 'log_learning_rate_D': -1.6484641369086295, 'log_learning_rate_D_dagger': -4.818131843596923, 'training_batch_size': 7, 'training_p': 3}
	 epoch  0 training error:  tensor(0.9989, device='cuda:0', grad_fn=<DivBackward0>)
Memory status after this epoch: 
Memory allocated:  27.09375
Memory cached:  50.0
	 epoch  10 training error:  tensor(0.9580, device='cuda:0', grad_fn=<DivBackward0>)
Memory status after this epoch: 
Memory allocated:  27.09375
Memory cached:  52.0
	 epoch  20 training error:  tensor(0.8892, device='cuda:0', grad_fn=<DivBackward0>)
Memory status after this epoch: 
Memory allocated:  27.09375
Memory cached:  52.0
	 epoch  30 training error:  tensor(0.7674, device='cuda:0', grad_fn=<DivBackward0>)
Memory status after this epoch: 
Memory allocated:  27.09375
Memory cached:  52.0
	 epoch  40 training error:  tensor(0.5746, device='cuda:0', grad_fn=<DivBackward0>)
Memory status after this epoch: 
Memory allocated:  27.09375
Memory cached:  52.0
	 epoch  50 training error:  tensor(0.3360, device='cuda:0', grad_fn=<DivBackward0>)
Memory status after this epoch: 
Memory allocated:  27.09375
Memory cached:  52.0
	 epoch  60 training error:  tensor(0.2841, device='cuda:0', grad_fn=<DivBackward0>)
Memory status after this epoch: 
Memory allocated:  27.09375
Memory cached:  52.0
	 epoch  70 training error:  tensor(0.2466, device='cuda:0', grad_fn=<DivBackward0>)
Memory status after this epoch: 
Memory allocated:  27.09375
Memory cached:  52.0
	 epoch  80 training error:  tensor(0.2067, device='cuda:0', grad_fn=<DivBackward0>)
Memory status after this epoch: 
Memory allocated:  27.09375
Memory cached:  52.0
	 epoch  90 training error:  tensor(0.1741, device='cuda:0', grad_fn=<DivBackward0>)
Memory status after this epoch: 
Memory allocated:  27.09375
Memory cached:  52.0
[I 2023-11-07 15:03:56,728] Trial 9 finished with value: 0.13859772682189941 and parameters: {'W_layers': 6, 'W_layer_units_exponent_0': 10, 'W_layer_units_exponent_1': 6, 'W_layer_units_exponent_2': 4, 'W_layer_units_exponent_3': 5, 'W_layer_units_exponent_4': 10, 'W_layer_units_exponent_5': 10, 'D_layers': 2, 'D_layer_units_exponent_0': 4, 'D_layer_units_exponent_1': 6, 'D_dagger_layers': 8, 'D_dagger_layer_units_exponent_0': 9, 'D_dagger_layer_units_exponent_1': 10, 'D_dagger_layer_units_exponent_2': 4, 'D_dagger_layer_units_exponent_3': 10, 'D_dagger_layer_units_exponent_4': 5, 'D_dagger_layer_units_exponent_5': 4, 'D_dagger_layer_units_exponent_6': 9, 'D_dagger_layer_units_exponent_7': 4, 'log_learning_rate': -1.9705230162714806, 'log_learning_rate_D': -1.6484641369086295, 'log_learning_rate_D_dagger': -4.818131843596923, 'training_batch_size': 7, 'training_p': 3}. Best is trial 2 with value: 0.014129730872809887.
Time for this trial:  24.318553924560547
Memory status after this trial: 
Memory allocated:  359.6669921875
Memory cached:  390.0
--------------------  Trial  10   --------------------
Start timing: 
Parameters: 
{'W_layers': 8, 'W_layer_units_exponent_0': 4, 'W_layer_units_exponent_1': 4, 'W_layer_units_exponent_2': 5, 'W_layer_units_exponent_3': 5, 'W_layer_units_exponent_4': 4, 'W_layer_units_exponent_5': 4, 'W_layer_units_exponent_6': 10, 'W_layer_units_exponent_7': 8, 'D_layers': 8, 'D_layer_units_exponent_0': 9, 'D_layer_units_exponent_1': 4, 'D_layer_units_exponent_2': 4, 'D_layer_units_exponent_3': 10, 'D_layer_units_exponent_4': 4, 'D_layer_units_exponent_5': 10, 'D_layer_units_exponent_6': 4, 'D_layer_units_exponent_7': 9, 'D_dagger_layers': 2, 'D_dagger_layer_units_exponent_0': 4, 'D_dagger_layer_units_exponent_1': 8, 'log_learning_rate': -4.043694111939196, 'log_learning_rate_D': -3.9160776671279858, 'log_learning_rate_D_dagger': -3.9467818971160753, 'training_batch_size': 12, 'training_p': 6}
	 epoch  0 training error:  tensor(1.2162, device='cuda:0', grad_fn=<DivBackward0>)
Memory status after this epoch: 
Memory allocated:  4.88818359375
Memory cached:  10.0
	 epoch  10 training error:  tensor(0.8780, device='cuda:0', grad_fn=<DivBackward0>)
Memory status after this epoch: 
Memory allocated:  4.88818359375
Memory cached:  16.0
	 epoch  20 training error:  tensor(0.4578, device='cuda:0', grad_fn=<DivBackward0>)
Memory status after this epoch: 
Memory allocated:  4.88818359375
Memory cached:  16.0
	 epoch  30 training error:  tensor(0.1046, device='cuda:0', grad_fn=<DivBackward0>)
Memory status after this epoch: 
Memory allocated:  4.88818359375
Memory cached:  16.0
	 epoch  40 training error:  tensor(0.0305, device='cuda:0', grad_fn=<DivBackward0>)
Memory status after this epoch: 
Memory allocated:  4.88818359375
Memory cached:  16.0
	 epoch  50 training error:  tensor(0.0254, device='cuda:0', grad_fn=<DivBackward0>)
Memory status after this epoch: 
Memory allocated:  4.88818359375
Memory cached:  16.0
	 epoch  60 training error:  tensor(0.0371, device='cuda:0', grad_fn=<DivBackward0>)
Memory status after this epoch: 
Memory allocated:  4.88818359375
Memory cached:  16.0
	 epoch  70 training error:  tensor(0.0257, device='cuda:0', grad_fn=<DivBackward0>)
Memory status after this epoch: 
Memory allocated:  4.88818359375
Memory cached:  16.0
	 epoch  80 training error:  tensor(0.0256, device='cuda:0', grad_fn=<DivBackward0>)
Memory status after this epoch: 
Memory allocated:  4.88818359375
Memory cached:  16.0
	 epoch  90 training error:  tensor(0.0254, device='cuda:0', grad_fn=<DivBackward0>)
Memory status after this epoch: 
Memory allocated:  4.88818359375
Memory cached:  16.0
[I 2023-11-07 15:04:17,075] Trial 10 finished with value: 0.016290467232465744 and parameters: {'W_layers': 8, 'W_layer_units_exponent_0': 4, 'W_layer_units_exponent_1': 4, 'W_layer_units_exponent_2': 5, 'W_layer_units_exponent_3': 5, 'W_layer_units_exponent_4': 4, 'W_layer_units_exponent_5': 4, 'W_layer_units_exponent_6': 10, 'W_layer_units_exponent_7': 8, 'D_layers': 8, 'D_layer_units_exponent_0': 9, 'D_layer_units_exponent_1': 4, 'D_layer_units_exponent_2': 4, 'D_layer_units_exponent_3': 10, 'D_layer_units_exponent_4': 4, 'D_layer_units_exponent_5': 10, 'D_layer_units_exponent_6': 4, 'D_layer_units_exponent_7': 9, 'D_dagger_layers': 2, 'D_dagger_layer_units_exponent_0': 4, 'D_dagger_layer_units_exponent_1': 8, 'log_learning_rate': -4.043694111939196, 'log_learning_rate_D': -3.9160776671279858, 'log_learning_rate_D_dagger': -3.9467818971160753, 'training_batch_size': 12, 'training_p': 6}. Best is trial 2 with value: 0.014129730872809887.
Time for this trial:  20.1310932636261
Memory status after this trial: 
Memory allocated:  94.0263671875
Memory cached:  110.0
--------------------  Trial  11   --------------------
Start timing: 
Parameters: 
{'W_layers': 2, 'W_layer_units_exponent_0': 8, 'W_layer_units_exponent_1': 4, 'D_layers': 7, 'D_layer_units_exponent_0': 6, 'D_layer_units_exponent_1': 8, 'D_layer_units_exponent_2': 7, 'D_layer_units_exponent_3': 6, 'D_layer_units_exponent_4': 6, 'D_layer_units_exponent_5': 8, 'D_layer_units_exponent_6': 10, 'D_dagger_layers': 5, 'D_dagger_layer_units_exponent_0': 5, 'D_dagger_layer_units_exponent_1': 4, 'D_dagger_layer_units_exponent_2': 8, 'D_dagger_layer_units_exponent_3': 8, 'D_dagger_layer_units_exponent_4': 7, 'log_learning_rate': -3.7638383771477115, 'log_learning_rate_D': -3.2885818459302563, 'log_learning_rate_D_dagger': -3.7204408030808382, 'training_batch_size': 10, 'training_p': 2}
	 epoch  0 training error:  tensor(1.3090, device='cuda:0', grad_fn=<DivBackward0>)
Memory status after this epoch: 
Memory allocated:  3.12939453125
Memory cached:  12.0
	 epoch  10 training error:  tensor(0.1854, device='cuda:0', grad_fn=<DivBackward0>)
Memory status after this epoch: 
Memory allocated:  3.12939453125
Memory cached:  14.0
	 epoch  20 training error:  tensor(0.1287, device='cuda:0', grad_fn=<DivBackward0>)
Memory status after this epoch: 
Memory allocated:  3.12939453125
Memory cached:  14.0
	 epoch  30 training error:  tensor(0.0861, device='cuda:0', grad_fn=<DivBackward0>)
Memory status after this epoch: 
Memory allocated:  3.12939453125
Memory cached:  14.0
	 epoch  40 training error:  tensor(0.0428, device='cuda:0', grad_fn=<DivBackward0>)
Memory status after this epoch: 
Memory allocated:  3.12939453125
Memory cached:  14.0
	 epoch  50 training error:  tensor(0.0197, device='cuda:0', grad_fn=<DivBackward0>)
Memory status after this epoch: 
Memory allocated:  3.12939453125
Memory cached:  14.0
	 epoch  60 training error:  tensor(0.0180, device='cuda:0', grad_fn=<DivBackward0>)
Memory status after this epoch: 
Memory allocated:  3.12939453125
Memory cached:  14.0
	 epoch  70 training error:  tensor(0.0150, device='cuda:0', grad_fn=<DivBackward0>)
Memory status after this epoch: 
Memory allocated:  3.12939453125
Memory cached:  14.0
	 epoch  80 training error:  tensor(0.0155, device='cuda:0', grad_fn=<DivBackward0>)
Memory status after this epoch: 
Memory allocated:  3.12939453125
Memory cached:  14.0
	 epoch  90 training error:  tensor(0.0149, device='cuda:0', grad_fn=<DivBackward0>)
Memory status after this epoch: 
Memory allocated:  3.12939453125
Memory cached:  14.0
